{"uid":"420792edd507883d","name":"Авторизация с помощью формы авторизации","fullName":"tests.test_sign_in.test_sign_in_page.TestSignInPage#test_positive_login_with_correct_email_and_password_smoke","historyId":"a273ddf50e4fb1739e30fefb7e3443ae","time":{"start":1717031853871,"stop":1717031854017,"duration":146},"status":"skipped","statusMessage":"XFAIL\n\nselenium.common.exceptions.NoSuchElementException: Message: no such element: Unable to locate element: {\"method\":\"css selector\",\"selector\":\"input[value='Войти']\"}\n  (Session info: chrome-headless-shell=125.0.6422.78); For documentation on this error, please visit: https://www.selenium.dev/documentation/webdriver/troubleshooting/errors#no-such-element-exception\nStacktrace:\n#0 0x55572515ee8a <unknown>\n#1 0x555724e4845c <unknown>\n#2 0x555724e945b5 <unknown>\n#3 0x555724e94671 <unknown>\n#4 0x555724ed8f14 <unknown>\n#5 0x555724eb74dd <unknown>\n#6 0x555724ed62cc <unknown>\n#7 0x555724eb7253 <unknown>\n#8 0x555724e871c7 <unknown>\n#9 0x555724e87b3e <unknown>\n#10 0x5557251252cb <unknown>\n#11 0x555725129377 <unknown>\n#12 0x555725111dfe <unknown>\n#13 0x555725129e42 <unknown>\n#14 0x5557250f679f <unknown>\n#15 0x55572514e178 <unknown>\n#16 0x55572514e34b <unknown>\n#17 0x55572515dfbc <unknown>\n#18 0x7fdb9cd08134 <unknown>","statusTrace":"self = <tests.test_sign_in.test_sign_in_page.TestSignInPage object at 0x7f032ac5a450>\ndriver = <selenium.webdriver.chrome.webdriver.WebDriver (session=\"d1e27bdc34590be08489bcae3b17ce7e\")>\nsign_in_page = <pages.sign_in_page.SignInPage object at 0x7f032a5e8dd0>\nopen_sign_in_window = None\n\n    @allure.title(\"Авторизация с помощью формы авторизации\")\n    @pytest.mark.smoke_test\n    @pytest.mark.xfail\n    def test_positive_login_with_correct_email_and_password_smoke(self, driver, sign_in_page, open_sign_in_window):\n        sign_in_page.get_email_field().send_keys(credentials['email'])\n        sign_in_page.get_password_field().send_keys(credentials['password'])\n>       sign_in_page.get_sign_in_button().click()\n\ntests/test_sign_in/test_sign_in_page.py:237: \n_ _ _ _ _ _ _ _ _ _ _ _ _ _ _ _ _ _ _ _ _ _ _ _ _ _ _ _ _ _ _ _ _ _ _ _ _ _ _ _ \npages/sign_in_page.py:99: in get_sign_in_button\n    return self.find_element(self._sign_in_button)\nbase/seleniumbase.py:17: in find_element\n    return self.driver.find_element(*locator)\n/usr/local/lib/python3.11/site-packages/selenium/webdriver/remote/webdriver.py:739: in find_element\n    return self.execute(Command.FIND_ELEMENT, {\"using\": by, \"value\": value})[\"value\"]\n/usr/local/lib/python3.11/site-packages/selenium/webdriver/remote/webdriver.py:345: in execute\n    self.error_handler.check_response(response)\n_ _ _ _ _ _ _ _ _ _ _ _ _ _ _ _ _ _ _ _ _ _ _ _ _ _ _ _ _ _ _ _ _ _ _ _ _ _ _ _ \n\nself = <selenium.webdriver.remote.errorhandler.ErrorHandler object at 0x7f032ac357d0>\nresponse = {'status': 404, 'value': '{\"value\":{\"error\":\"no such element\",\"message\":\"no such element: Unable to locate element: {\\...\\\\n#16 0x55572514e34b \\\\u003Cunknown>\\\\n#17 0x55572515dfbc \\\\u003Cunknown>\\\\n#18 0x7fdb9cd08134 \\\\u003Cunknown>\\\\n\"}}'}\n\n    def check_response(self, response: Dict[str, Any]) -> None:\n        \"\"\"Checks that a JSON response from the WebDriver does not have an\n        error.\n    \n        :Args:\n         - response - The JSON response from the WebDriver server as a dictionary\n           object.\n    \n        :Raises: If the response contains an error message.\n        \"\"\"\n        status = response.get(\"status\", None)\n        if not status or status == ErrorCode.SUCCESS:\n            return\n        value = None\n        message = response.get(\"message\", \"\")\n        screen: str = response.get(\"screen\", \"\")\n        stacktrace = None\n        if isinstance(status, int):\n            value_json = response.get(\"value\", None)\n            if value_json and isinstance(value_json, str):\n                import json\n    \n                try:\n                    value = json.loads(value_json)\n                    if len(value) == 1:\n                        value = value[\"value\"]\n                    status = value.get(\"error\", None)\n                    if not status:\n                        status = value.get(\"status\", ErrorCode.UNKNOWN_ERROR)\n                        message = value.get(\"value\") or value.get(\"message\")\n                        if not isinstance(message, str):\n                            value = message\n                            message = message.get(\"message\")\n                    else:\n                        message = value.get(\"message\", None)\n                except ValueError:\n                    pass\n    \n        exception_class: Type[WebDriverException]\n        e = ErrorCode()\n        error_codes = [item for item in dir(e) if not item.startswith(\"__\")]\n        for error_code in error_codes:\n            error_info = getattr(ErrorCode, error_code)\n            if isinstance(error_info, list) and status in error_info:\n                exception_class = getattr(ExceptionMapping, error_code, WebDriverException)\n                break\n        else:\n            exception_class = WebDriverException\n    \n        if not value:\n            value = response[\"value\"]\n        if isinstance(value, str):\n            raise exception_class(value)\n        if message == \"\" and \"message\" in value:\n            message = value[\"message\"]\n    \n        screen = None  # type: ignore[assignment]\n        if \"screen\" in value:\n            screen = value[\"screen\"]\n    \n        stacktrace = None\n        st_value = value.get(\"stackTrace\") or value.get(\"stacktrace\")\n        if st_value:\n            if isinstance(st_value, str):\n                stacktrace = st_value.split(\"\\n\")\n            else:\n                stacktrace = []\n                try:\n                    for frame in st_value:\n                        line = frame.get(\"lineNumber\", \"\")\n                        file = frame.get(\"fileName\", \"<anonymous>\")\n                        if line:\n                            file = f\"{file}:{line}\"\n                        meth = frame.get(\"methodName\", \"<anonymous>\")\n                        if \"className\" in frame:\n                            meth = f\"{frame['className']}.{meth}\"\n                        msg = \"    at %s (%s)\"\n                        msg = msg % (meth, file)\n                        stacktrace.append(msg)\n                except TypeError:\n                    pass\n        if exception_class == UnexpectedAlertPresentException:\n            alert_text = None\n            if \"data\" in value:\n                alert_text = value[\"data\"].get(\"text\")\n            elif \"alert\" in value:\n                alert_text = value[\"alert\"].get(\"text\")\n            raise exception_class(message, screen, stacktrace, alert_text)  # type: ignore[call-arg]  # mypy is not smart enough here\n>       raise exception_class(message, screen, stacktrace)\nE       selenium.common.exceptions.NoSuchElementException: Message: no such element: Unable to locate element: {\"method\":\"css selector\",\"selector\":\"input[value='Войти']\"}\nE         (Session info: chrome-headless-shell=125.0.6422.78); For documentation on this error, please visit: https://www.selenium.dev/documentation/webdriver/troubleshooting/errors#no-such-element-exception\nE       Stacktrace:\nE       #0 0x55572515ee8a <unknown>\nE       #1 0x555724e4845c <unknown>\nE       #2 0x555724e945b5 <unknown>\nE       #3 0x555724e94671 <unknown>\nE       #4 0x555724ed8f14 <unknown>\nE       #5 0x555724eb74dd <unknown>\nE       #6 0x555724ed62cc <unknown>\nE       #7 0x555724eb7253 <unknown>\nE       #8 0x555724e871c7 <unknown>\nE       #9 0x555724e87b3e <unknown>\nE       #10 0x5557251252cb <unknown>\nE       #11 0x555725129377 <unknown>\nE       #12 0x555725111dfe <unknown>\nE       #13 0x555725129e42 <unknown>\nE       #14 0x5557250f679f <unknown>\nE       #15 0x55572514e178 <unknown>\nE       #16 0x55572514e34b <unknown>\nE       #17 0x55572515dfbc <unknown>\nE       #18 0x7fdb9cd08134 <unknown>\n\n/usr/local/lib/python3.11/site-packages/selenium/webdriver/remote/errorhandler.py:229: NoSuchElementException","flaky":false,"newFailed":false,"newBroken":false,"newPassed":false,"retriesCount":0,"retriesStatusChange":false,"beforeStages":[{"name":"_session_faker","time":{"start":1717030374207,"stop":1717030374275,"duration":68},"status":"passed","steps":[],"attachments":[],"parameters":[],"shouldDisplayMessage":false,"stepsCount":0,"attachmentsCount":0,"hasContent":false,"attachmentStep":false},{"name":"clear_allure_results_folder","time":{"start":1717030374276,"stop":1717030374276,"duration":0},"status":"passed","steps":[],"attachments":[],"parameters":[],"shouldDisplayMessage":false,"stepsCount":0,"attachmentsCount":0,"hasContent":false,"attachmentStep":false},{"name":"driver","time":{"start":1717031845988,"stop":1717031846677,"duration":689},"status":"passed","steps":[],"attachments":[],"parameters":[],"shouldDisplayMessage":false,"stepsCount":0,"attachmentsCount":0,"hasContent":false,"attachmentStep":false},{"name":"setup","time":{"start":1717031846678,"stop":1717031846678,"duration":0},"status":"passed","steps":[],"attachments":[],"parameters":[],"shouldDisplayMessage":false,"stepsCount":0,"attachmentsCount":0,"hasContent":false,"attachmentStep":false},{"name":"sign_in_page","time":{"start":1717031846678,"stop":1717031853532,"duration":6854},"status":"passed","steps":[],"attachments":[],"parameters":[],"shouldDisplayMessage":false,"stepsCount":0,"attachmentsCount":0,"hasContent":false,"attachmentStep":false},{"name":"open_sign_in_window","time":{"start":1717031853532,"stop":1717031853870,"duration":338},"status":"passed","steps":[{"name":"Нахождение элемента: иконка профиля в хедере","time":{"start":1717031853532,"stop":1717031853542,"duration":10},"status":"passed","steps":[],"attachments":[],"parameters":[],"shouldDisplayMessage":false,"stepsCount":0,"attachmentsCount":0,"hasContent":false,"attachmentStep":false}],"attachments":[],"parameters":[],"shouldDisplayMessage":false,"stepsCount":1,"attachmentsCount":0,"hasContent":true,"attachmentStep":false}],"testStage":{"status":"skipped","statusMessage":"XFAIL\n\nselenium.common.exceptions.NoSuchElementException: Message: no such element: Unable to locate element: {\"method\":\"css selector\",\"selector\":\"input[value='Войти']\"}\n  (Session info: chrome-headless-shell=125.0.6422.78); For documentation on this error, please visit: https://www.selenium.dev/documentation/webdriver/troubleshooting/errors#no-such-element-exception\nStacktrace:\n#0 0x55572515ee8a <unknown>\n#1 0x555724e4845c <unknown>\n#2 0x555724e945b5 <unknown>\n#3 0x555724e94671 <unknown>\n#4 0x555724ed8f14 <unknown>\n#5 0x555724eb74dd <unknown>\n#6 0x555724ed62cc <unknown>\n#7 0x555724eb7253 <unknown>\n#8 0x555724e871c7 <unknown>\n#9 0x555724e87b3e <unknown>\n#10 0x5557251252cb <unknown>\n#11 0x555725129377 <unknown>\n#12 0x555725111dfe <unknown>\n#13 0x555725129e42 <unknown>\n#14 0x5557250f679f <unknown>\n#15 0x55572514e178 <unknown>\n#16 0x55572514e34b <unknown>\n#17 0x55572515dfbc <unknown>\n#18 0x7fdb9cd08134 <unknown>","statusTrace":"self = <tests.test_sign_in.test_sign_in_page.TestSignInPage object at 0x7f032ac5a450>\ndriver = <selenium.webdriver.chrome.webdriver.WebDriver (session=\"d1e27bdc34590be08489bcae3b17ce7e\")>\nsign_in_page = <pages.sign_in_page.SignInPage object at 0x7f032a5e8dd0>\nopen_sign_in_window = None\n\n    @allure.title(\"Авторизация с помощью формы авторизации\")\n    @pytest.mark.smoke_test\n    @pytest.mark.xfail\n    def test_positive_login_with_correct_email_and_password_smoke(self, driver, sign_in_page, open_sign_in_window):\n        sign_in_page.get_email_field().send_keys(credentials['email'])\n        sign_in_page.get_password_field().send_keys(credentials['password'])\n>       sign_in_page.get_sign_in_button().click()\n\ntests/test_sign_in/test_sign_in_page.py:237: \n_ _ _ _ _ _ _ _ _ _ _ _ _ _ _ _ _ _ _ _ _ _ _ _ _ _ _ _ _ _ _ _ _ _ _ _ _ _ _ _ \npages/sign_in_page.py:99: in get_sign_in_button\n    return self.find_element(self._sign_in_button)\nbase/seleniumbase.py:17: in find_element\n    return self.driver.find_element(*locator)\n/usr/local/lib/python3.11/site-packages/selenium/webdriver/remote/webdriver.py:739: in find_element\n    return self.execute(Command.FIND_ELEMENT, {\"using\": by, \"value\": value})[\"value\"]\n/usr/local/lib/python3.11/site-packages/selenium/webdriver/remote/webdriver.py:345: in execute\n    self.error_handler.check_response(response)\n_ _ _ _ _ _ _ _ _ _ _ _ _ _ _ _ _ _ _ _ _ _ _ _ _ _ _ _ _ _ _ _ _ _ _ _ _ _ _ _ \n\nself = <selenium.webdriver.remote.errorhandler.ErrorHandler object at 0x7f032ac357d0>\nresponse = {'status': 404, 'value': '{\"value\":{\"error\":\"no such element\",\"message\":\"no such element: Unable to locate element: {\\...\\\\n#16 0x55572514e34b \\\\u003Cunknown>\\\\n#17 0x55572515dfbc \\\\u003Cunknown>\\\\n#18 0x7fdb9cd08134 \\\\u003Cunknown>\\\\n\"}}'}\n\n    def check_response(self, response: Dict[str, Any]) -> None:\n        \"\"\"Checks that a JSON response from the WebDriver does not have an\n        error.\n    \n        :Args:\n         - response - The JSON response from the WebDriver server as a dictionary\n           object.\n    \n        :Raises: If the response contains an error message.\n        \"\"\"\n        status = response.get(\"status\", None)\n        if not status or status == ErrorCode.SUCCESS:\n            return\n        value = None\n        message = response.get(\"message\", \"\")\n        screen: str = response.get(\"screen\", \"\")\n        stacktrace = None\n        if isinstance(status, int):\n            value_json = response.get(\"value\", None)\n            if value_json and isinstance(value_json, str):\n                import json\n    \n                try:\n                    value = json.loads(value_json)\n                    if len(value) == 1:\n                        value = value[\"value\"]\n                    status = value.get(\"error\", None)\n                    if not status:\n                        status = value.get(\"status\", ErrorCode.UNKNOWN_ERROR)\n                        message = value.get(\"value\") or value.get(\"message\")\n                        if not isinstance(message, str):\n                            value = message\n                            message = message.get(\"message\")\n                    else:\n                        message = value.get(\"message\", None)\n                except ValueError:\n                    pass\n    \n        exception_class: Type[WebDriverException]\n        e = ErrorCode()\n        error_codes = [item for item in dir(e) if not item.startswith(\"__\")]\n        for error_code in error_codes:\n            error_info = getattr(ErrorCode, error_code)\n            if isinstance(error_info, list) and status in error_info:\n                exception_class = getattr(ExceptionMapping, error_code, WebDriverException)\n                break\n        else:\n            exception_class = WebDriverException\n    \n        if not value:\n            value = response[\"value\"]\n        if isinstance(value, str):\n            raise exception_class(value)\n        if message == \"\" and \"message\" in value:\n            message = value[\"message\"]\n    \n        screen = None  # type: ignore[assignment]\n        if \"screen\" in value:\n            screen = value[\"screen\"]\n    \n        stacktrace = None\n        st_value = value.get(\"stackTrace\") or value.get(\"stacktrace\")\n        if st_value:\n            if isinstance(st_value, str):\n                stacktrace = st_value.split(\"\\n\")\n            else:\n                stacktrace = []\n                try:\n                    for frame in st_value:\n                        line = frame.get(\"lineNumber\", \"\")\n                        file = frame.get(\"fileName\", \"<anonymous>\")\n                        if line:\n                            file = f\"{file}:{line}\"\n                        meth = frame.get(\"methodName\", \"<anonymous>\")\n                        if \"className\" in frame:\n                            meth = f\"{frame['className']}.{meth}\"\n                        msg = \"    at %s (%s)\"\n                        msg = msg % (meth, file)\n                        stacktrace.append(msg)\n                except TypeError:\n                    pass\n        if exception_class == UnexpectedAlertPresentException:\n            alert_text = None\n            if \"data\" in value:\n                alert_text = value[\"data\"].get(\"text\")\n            elif \"alert\" in value:\n                alert_text = value[\"alert\"].get(\"text\")\n            raise exception_class(message, screen, stacktrace, alert_text)  # type: ignore[call-arg]  # mypy is not smart enough here\n>       raise exception_class(message, screen, stacktrace)\nE       selenium.common.exceptions.NoSuchElementException: Message: no such element: Unable to locate element: {\"method\":\"css selector\",\"selector\":\"input[value='Войти']\"}\nE         (Session info: chrome-headless-shell=125.0.6422.78); For documentation on this error, please visit: https://www.selenium.dev/documentation/webdriver/troubleshooting/errors#no-such-element-exception\nE       Stacktrace:\nE       #0 0x55572515ee8a <unknown>\nE       #1 0x555724e4845c <unknown>\nE       #2 0x555724e945b5 <unknown>\nE       #3 0x555724e94671 <unknown>\nE       #4 0x555724ed8f14 <unknown>\nE       #5 0x555724eb74dd <unknown>\nE       #6 0x555724ed62cc <unknown>\nE       #7 0x555724eb7253 <unknown>\nE       #8 0x555724e871c7 <unknown>\nE       #9 0x555724e87b3e <unknown>\nE       #10 0x5557251252cb <unknown>\nE       #11 0x555725129377 <unknown>\nE       #12 0x555725111dfe <unknown>\nE       #13 0x555725129e42 <unknown>\nE       #14 0x5557250f679f <unknown>\nE       #15 0x55572514e178 <unknown>\nE       #16 0x55572514e34b <unknown>\nE       #17 0x55572515dfbc <unknown>\nE       #18 0x7fdb9cd08134 <unknown>\n\n/usr/local/lib/python3.11/site-packages/selenium/webdriver/remote/errorhandler.py:229: NoSuchElementException","steps":[{"name":"Нахождение элемента: поле ввода Email окна авторизации","time":{"start":1717031853871,"stop":1717031853884,"duration":13},"status":"passed","steps":[],"attachments":[],"parameters":[],"shouldDisplayMessage":false,"stepsCount":0,"attachmentsCount":0,"hasContent":false,"attachmentStep":false},{"name":"Нахождение элемента: поле ввода пароля окна авторизации","time":{"start":1717031853944,"stop":1717031853952,"duration":8},"status":"passed","steps":[],"attachments":[],"parameters":[],"shouldDisplayMessage":false,"stepsCount":0,"attachmentsCount":0,"hasContent":false,"attachmentStep":false},{"name":"Нахождение элемента: кнопка 'Войти' окна авторизации","time":{"start":1717031853997,"stop":1717031854016,"duration":19},"status":"broken","statusMessage":"selenium.common.exceptions.NoSuchElementException: Message: no such element: Unable to locate element: {\"method\":\"css selector\",\"selector\":\"input[value='Войти']\"}\n  (Session info: chrome-headless-shell=125.0.6422.78); For documentation on this error, please visit: https://www.selenium.dev/documentation/webdriver/troubleshooting/errors#no-such-element-exception\nStacktrace:\n#0 0x55572515ee8a <unknown>\n#1 0x555724e4845c <unknown>\n#2 0x555724e945b5 <unknown>\n#3 0x555724e94671 <unknown>\n#4 0x555724ed8f14 <unknown>\n#5 0x555724eb74dd <unknown>\n#6 0x555724ed62cc <unknown>\n#7 0x555724eb7253 <unknown>\n#8 0x555724e871c7 <unknown>\n#9 0x555724e87b3e <unknown>\n#10 0x5557251252cb <unknown>\n#11 0x555725129377 <unknown>\n#12 0x555725111dfe <unknown>\n#13 0x555725129e42 <unknown>\n#14 0x5557250f679f <unknown>\n#15 0x55572514e178 <unknown>\n#16 0x55572514e34b <unknown>\n#17 0x55572515dfbc <unknown>\n#18 0x7fdb9cd08134 <unknown>\n\n","statusTrace":"  File \"/usr/local/lib/python3.11/site-packages/allure_commons/_allure.py\", line 192, in impl\n    return func(*a, **kw)\n           ^^^^^^^^^^^^^^\n  File \"/app/pages/sign_in_page.py\", line 99, in get_sign_in_button\n    return self.find_element(self._sign_in_button)\n           ^^^^^^^^^^^^^^^^^^^^^^^^^^^^^^^^^^^^^^^\n  File \"/app/base/seleniumbase.py\", line 17, in find_element\n    return self.driver.find_element(*locator)\n           ^^^^^^^^^^^^^^^^^^^^^^^^^^^^^^^^^^\n  File \"/usr/local/lib/python3.11/site-packages/selenium/webdriver/remote/webdriver.py\", line 739, in find_element\n    return self.execute(Command.FIND_ELEMENT, {\"using\": by, \"value\": value})[\"value\"]\n           ^^^^^^^^^^^^^^^^^^^^^^^^^^^^^^^^^^^^^^^^^^^^^^^^^^^^^^^^^^^^^^^^^\n  File \"/usr/local/lib/python3.11/site-packages/selenium/webdriver/remote/webdriver.py\", line 345, in execute\n    self.error_handler.check_response(response)\n  File \"/usr/local/lib/python3.11/site-packages/selenium/webdriver/remote/errorhandler.py\", line 229, in check_response\n    raise exception_class(message, screen, stacktrace)\n","steps":[],"attachments":[],"parameters":[],"shouldDisplayMessage":true,"stepsCount":0,"attachmentsCount":0,"hasContent":true,"attachmentStep":false}],"attachments":[{"uid":"77b71be3d85045a8","name":"Screenshot","source":"77b71be3d85045a8.png","type":"image/png","size":34460},{"uid":"4ba7d8119e2f7dd0","name":"HTML source","source":"4ba7d8119e2f7dd0.html","type":"text/html","size":410905}],"parameters":[],"shouldDisplayMessage":true,"stepsCount":3,"attachmentsCount":2,"hasContent":true,"attachmentStep":false},"afterStages":[{"name":"driver::0","time":{"start":1717031854168,"stop":1717031854240,"duration":72},"status":"passed","steps":[],"attachments":[],"parameters":[],"shouldDisplayMessage":false,"stepsCount":0,"attachmentsCount":0,"hasContent":false,"attachmentStep":false},{"name":"setup::0","time":{"start":1717031854168,"stop":1717031854168,"duration":0},"status":"passed","steps":[],"attachments":[],"parameters":[],"shouldDisplayMessage":false,"stepsCount":0,"attachmentsCount":0,"hasContent":false,"attachmentStep":false}],"labels":[{"name":"epic","value":"Sign In Page"},{"name":"tag","value":"@pytest.mark.xfail"},{"name":"tag","value":"smoke_test"},{"name":"parentSuite","value":"tests.test_sign_in"},{"name":"suite","value":"test_sign_in_page"},{"name":"subSuite","value":"TestSignInPage"},{"name":"host","value":"c061f6b176fc"},{"name":"thread","value":"1-MainThread"},{"name":"framework","value":"pytest"},{"name":"language","value":"cpython3"},{"name":"package","value":"tests.test_sign_in.test_sign_in_page"},{"name":"resultFormat","value":"allure2"}],"parameters":[],"links":[],"hidden":false,"retry":false,"extra":{"severity":"normal","retries":[],"categories":[],"tags":["@pytest.mark.xfail","smoke_test"]},"source":"420792edd507883d.json","parameterValues":[]}