{"uid":"2576302254fe4178","name":"test_positive_delivery_green_zone_smoke[TD 010-products/shtukaturka-gipsovaya-aksolit-m50-30-kg-mashinnogo-naneseniya-206-6200-2900-5570-6120-https://sandboxtest.stroyrem-nn.ru/]","fullName":"tests.delivery.test_delivery_calculation.TestDeliveryPageCalculation#test_positive_delivery_green_zone_smoke","historyId":"ece4a4b7d2c766759dd3e80afc1ed9c3","time":{"start":1696035327150,"stop":1696035327694,"duration":544},"status":"skipped","statusMessage":"XFAIL\n\nselenium.common.exceptions.NoSuchElementException: Message: no such element: Unable to locate element: {\"method\":\"xpath\",\"selector\":\"(//a[@class='add-to-cart yellow-btn'])[1]\"}\n  (Session info: headless chrome=117.0.5938.92); For documentation on this error, please visit: https://www.selenium.dev/documentation/webdriver/troubleshooting/errors#no-such-element-exception\nStacktrace:\n#0 0x558fc14e56b3 <unknown>\n#1 0x558fc11bb1e7 <unknown>\n#2 0x558fc1202566 <unknown>\n#3 0x558fc1202651 <unknown>\n#4 0x558fc123fa74 <unknown>\n#5 0x558fc12240ed <unknown>\n#6 0x558fc123d322 <unknown>\n#7 0x558fc1223e93 <unknown>\n#8 0x558fc11f6934 <unknown>\n#9 0x558fc11f771e <unknown>\n#10 0x558fc14aacb8 <unknown>\n#11 0x558fc14aebf0 <unknown>\n#12 0x558fc14b919c <unknown>\n#13 0x558fc14af808 <unknown>\n#14 0x558fc147c27f <unknown>\n#15 0x558fc14d3e88 <unknown>\n#16 0x558fc14d4059 <unknown>\n#17 0x558fc14e4843 <unknown>\n#18 0x7f6ab4368044 <unknown>","statusTrace":"self = <tests.delivery.test_delivery_calculation.TestDeliveryPageCalculation object at 0x7f0ebaf6f2d0>\ndriver = <selenium.webdriver.chrome.webdriver.WebDriver (session=\"946673d05fdefbf25b3efab810c12dbd\")>\nurl = 'https://sandboxtest.stroyrem-nn.ru/', case_id = 'TD 010'\nlink_item = 'products/shtukaturka-gipsovaya-aksolit-m50-30-kg-mashinnogo-naneseniya'\namount = 206, weight = 6200, standard = 2900, in_time = 5570, all_time = 6120\n\n    @pytest.mark.parametrize('case_id, link_item, amount, weight, standard, in_time, all_time', [\n        (\"TD 001\", uroven_3000, 1, 30, 0, 1590, 2190),\n        (\"TD 002\", bundeks_25, 1, 30, 400, 1590, 2190),\n        (\"TD 003\", aksolit_30, 8, 300, 400, 1590, 2190),\n        (\"TD 004\", aksolit_30, 13, 400, 450, 1590, 2190),\n        (\"TD 005\", aksolit_30, 16, 500, 600, 1590, 2190),\n        (\"TD 006\", aksolit_30, 25, 1700, 990, 1990, 2480),\n        (\"TD 007\", aksolit_30, 66, 2000, 1300, 2490, 2980),\n        (\"TD 008\", aksolit_30, 149, 4500, 2300, 3980, 4490),\n        (\"TD 009\", aksolit_30, 166, 5000, 2500, 4990, 5480),\n        pytest.param(\n            \"TD 010\", aksolit_30, 206, 6200, 2900, 5570, 6120,\n            marks=pytest.mark.xfail(reson=\"Цена доставки 3600 7960 8980\")\n        ),\n        (\"TD 011\", aksolit_30, 299, 9000, 3600, 7960, 8980),\n        (\"TD 012\", aksolit_30, 333, 10000, 4450, 11990, 12500),\n        pytest.param(\n            \"TD 013\", aksolit_30, 366, 11000, 4800, 12450, 13480,\n            marks=pytest.mark.xfail(reason=\"Цена стандартной доставки 4450\")\n        ),\n        pytest.param(\n            \"TD 014\", aksolit_30, 666, 20000, 5400, 15600, 17490,\n            marks=pytest.mark.xfail(reason=\"Цена стандартной доставки 4450\")\n        )\n    ])\n    @pytest.mark.xfail\n    @pytest.mark.smoke_test\n    def test_positive_delivery_green_zone_smoke(\n            self, driver, url, case_id, link_item, amount, weight, standard, in_time, all_time\n    ):\n    \n        driver.get(f'{url}{link_item}')\n        item_page = ItemPage(driver)\n>       item_page.add_item_to_cart(amount).click_on_cart()\n\ntests/delivery/test_delivery_calculation.py:50: \n_ _ _ _ _ _ _ _ _ _ _ _ _ _ _ _ _ _ _ _ _ _ _ _ _ _ _ _ _ _ _ _ _ _ _ _ _ _ _ _ \npages/item_page.py:40: in add_item_to_cart\n    self.find_element(self._add_item).click()\nbase/seleniumbase.py:17: in find_element\n    return self.driver.find_element(*locator)\n/usr/local/lib/python3.11/site-packages/selenium/webdriver/remote/webdriver.py:739: in find_element\n    return self.execute(Command.FIND_ELEMENT, {\"using\": by, \"value\": value})[\"value\"]\n/usr/local/lib/python3.11/site-packages/selenium/webdriver/remote/webdriver.py:345: in execute\n    self.error_handler.check_response(response)\n_ _ _ _ _ _ _ _ _ _ _ _ _ _ _ _ _ _ _ _ _ _ _ _ _ _ _ _ _ _ _ _ _ _ _ _ _ _ _ _ \n\nself = <selenium.webdriver.remote.errorhandler.ErrorHandler object at 0x7f0ebaa84cd0>\nresponse = {'status': 404, 'value': '{\"value\":{\"error\":\"no such element\",\"message\":\"no such element: Unable to locate element: {\\...\\\\n#16 0x558fc14d4059 \\\\u003Cunknown>\\\\n#17 0x558fc14e4843 \\\\u003Cunknown>\\\\n#18 0x7f6ab4368044 \\\\u003Cunknown>\\\\n\"}}'}\n\n    def check_response(self, response: Dict[str, Any]) -> None:\n        \"\"\"Checks that a JSON response from the WebDriver does not have an\n        error.\n    \n        :Args:\n         - response - The JSON response from the WebDriver server as a dictionary\n           object.\n    \n        :Raises: If the response contains an error message.\n        \"\"\"\n        status = response.get(\"status\", None)\n        if not status or status == ErrorCode.SUCCESS:\n            return\n        value = None\n        message = response.get(\"message\", \"\")\n        screen: str = response.get(\"screen\", \"\")\n        stacktrace = None\n        if isinstance(status, int):\n            value_json = response.get(\"value\", None)\n            if value_json and isinstance(value_json, str):\n                import json\n    \n                try:\n                    value = json.loads(value_json)\n                    if len(value) == 1:\n                        value = value[\"value\"]\n                    status = value.get(\"error\", None)\n                    if not status:\n                        status = value.get(\"status\", ErrorCode.UNKNOWN_ERROR)\n                        message = value.get(\"value\") or value.get(\"message\")\n                        if not isinstance(message, str):\n                            value = message\n                            message = message.get(\"message\")\n                    else:\n                        message = value.get(\"message\", None)\n                except ValueError:\n                    pass\n    \n        exception_class: Type[WebDriverException]\n        e = ErrorCode()\n        error_codes = [item for item in dir(e) if not item.startswith(\"__\")]\n        for error_code in error_codes:\n            error_info = getattr(ErrorCode, error_code)\n            if isinstance(error_info, list) and status in error_info:\n                exception_class = getattr(ExceptionMapping, error_code, WebDriverException)\n                break\n        else:\n            exception_class = WebDriverException\n    \n        if not value:\n            value = response[\"value\"]\n        if isinstance(value, str):\n            raise exception_class(value)\n        if message == \"\" and \"message\" in value:\n            message = value[\"message\"]\n    \n        screen = None  # type: ignore[assignment]\n        if \"screen\" in value:\n            screen = value[\"screen\"]\n    \n        stacktrace = None\n        st_value = value.get(\"stackTrace\") or value.get(\"stacktrace\")\n        if st_value:\n            if isinstance(st_value, str):\n                stacktrace = st_value.split(\"\\n\")\n            else:\n                stacktrace = []\n                try:\n                    for frame in st_value:\n                        line = frame.get(\"lineNumber\", \"\")\n                        file = frame.get(\"fileName\", \"<anonymous>\")\n                        if line:\n                            file = f\"{file}:{line}\"\n                        meth = frame.get(\"methodName\", \"<anonymous>\")\n                        if \"className\" in frame:\n                            meth = f\"{frame['className']}.{meth}\"\n                        msg = \"    at %s (%s)\"\n                        msg = msg % (meth, file)\n                        stacktrace.append(msg)\n                except TypeError:\n                    pass\n        if exception_class == UnexpectedAlertPresentException:\n            alert_text = None\n            if \"data\" in value:\n                alert_text = value[\"data\"].get(\"text\")\n            elif \"alert\" in value:\n                alert_text = value[\"alert\"].get(\"text\")\n            raise exception_class(message, screen, stacktrace, alert_text)  # type: ignore[call-arg]  # mypy is not smart enough here\n>       raise exception_class(message, screen, stacktrace)\nE       selenium.common.exceptions.NoSuchElementException: Message: no such element: Unable to locate element: {\"method\":\"xpath\",\"selector\":\"(//a[@class='add-to-cart yellow-btn'])[1]\"}\nE         (Session info: headless chrome=117.0.5938.92); For documentation on this error, please visit: https://www.selenium.dev/documentation/webdriver/troubleshooting/errors#no-such-element-exception\nE       Stacktrace:\nE       #0 0x558fc14e56b3 <unknown>\nE       #1 0x558fc11bb1e7 <unknown>\nE       #2 0x558fc1202566 <unknown>\nE       #3 0x558fc1202651 <unknown>\nE       #4 0x558fc123fa74 <unknown>\nE       #5 0x558fc12240ed <unknown>\nE       #6 0x558fc123d322 <unknown>\nE       #7 0x558fc1223e93 <unknown>\nE       #8 0x558fc11f6934 <unknown>\nE       #9 0x558fc11f771e <unknown>\nE       #10 0x558fc14aacb8 <unknown>\nE       #11 0x558fc14aebf0 <unknown>\nE       #12 0x558fc14b919c <unknown>\nE       #13 0x558fc14af808 <unknown>\nE       #14 0x558fc147c27f <unknown>\nE       #15 0x558fc14d3e88 <unknown>\nE       #16 0x558fc14d4059 <unknown>\nE       #17 0x558fc14e4843 <unknown>\nE       #18 0x7f6ab4368044 <unknown>\n\n/usr/local/lib/python3.11/site-packages/selenium/webdriver/remote/errorhandler.py:229: NoSuchElementException","flaky":false,"newFailed":false,"newBroken":false,"newPassed":false,"retriesCount":0,"retriesStatusChange":false,"beforeStages":[{"name":"_session_faker","time":{"start":1696034764611,"stop":1696034764698,"duration":87},"status":"passed","steps":[],"attachments":[],"parameters":[],"shouldDisplayMessage":false,"stepsCount":0,"attachmentsCount":0,"hasContent":false},{"name":"clear_allure_results_folder","time":{"start":1696034764698,"stop":1696034764698,"duration":0},"status":"passed","steps":[],"attachments":[],"parameters":[],"shouldDisplayMessage":false,"stepsCount":0,"attachmentsCount":0,"hasContent":false},{"name":"driver","time":{"start":1696035326321,"stop":1696035327149,"duration":828},"status":"passed","steps":[],"attachments":[],"parameters":[],"shouldDisplayMessage":false,"stepsCount":0,"attachmentsCount":0,"hasContent":false},{"name":"setup","time":{"start":1696035327149,"stop":1696035327149,"duration":0},"status":"passed","steps":[],"attachments":[],"parameters":[],"shouldDisplayMessage":false,"stepsCount":0,"attachmentsCount":0,"hasContent":false}],"testStage":{"status":"skipped","statusMessage":"XFAIL\n\nselenium.common.exceptions.NoSuchElementException: Message: no such element: Unable to locate element: {\"method\":\"xpath\",\"selector\":\"(//a[@class='add-to-cart yellow-btn'])[1]\"}\n  (Session info: headless chrome=117.0.5938.92); For documentation on this error, please visit: https://www.selenium.dev/documentation/webdriver/troubleshooting/errors#no-such-element-exception\nStacktrace:\n#0 0x558fc14e56b3 <unknown>\n#1 0x558fc11bb1e7 <unknown>\n#2 0x558fc1202566 <unknown>\n#3 0x558fc1202651 <unknown>\n#4 0x558fc123fa74 <unknown>\n#5 0x558fc12240ed <unknown>\n#6 0x558fc123d322 <unknown>\n#7 0x558fc1223e93 <unknown>\n#8 0x558fc11f6934 <unknown>\n#9 0x558fc11f771e <unknown>\n#10 0x558fc14aacb8 <unknown>\n#11 0x558fc14aebf0 <unknown>\n#12 0x558fc14b919c <unknown>\n#13 0x558fc14af808 <unknown>\n#14 0x558fc147c27f <unknown>\n#15 0x558fc14d3e88 <unknown>\n#16 0x558fc14d4059 <unknown>\n#17 0x558fc14e4843 <unknown>\n#18 0x7f6ab4368044 <unknown>","statusTrace":"self = <tests.delivery.test_delivery_calculation.TestDeliveryPageCalculation object at 0x7f0ebaf6f2d0>\ndriver = <selenium.webdriver.chrome.webdriver.WebDriver (session=\"946673d05fdefbf25b3efab810c12dbd\")>\nurl = 'https://sandboxtest.stroyrem-nn.ru/', case_id = 'TD 010'\nlink_item = 'products/shtukaturka-gipsovaya-aksolit-m50-30-kg-mashinnogo-naneseniya'\namount = 206, weight = 6200, standard = 2900, in_time = 5570, all_time = 6120\n\n    @pytest.mark.parametrize('case_id, link_item, amount, weight, standard, in_time, all_time', [\n        (\"TD 001\", uroven_3000, 1, 30, 0, 1590, 2190),\n        (\"TD 002\", bundeks_25, 1, 30, 400, 1590, 2190),\n        (\"TD 003\", aksolit_30, 8, 300, 400, 1590, 2190),\n        (\"TD 004\", aksolit_30, 13, 400, 450, 1590, 2190),\n        (\"TD 005\", aksolit_30, 16, 500, 600, 1590, 2190),\n        (\"TD 006\", aksolit_30, 25, 1700, 990, 1990, 2480),\n        (\"TD 007\", aksolit_30, 66, 2000, 1300, 2490, 2980),\n        (\"TD 008\", aksolit_30, 149, 4500, 2300, 3980, 4490),\n        (\"TD 009\", aksolit_30, 166, 5000, 2500, 4990, 5480),\n        pytest.param(\n            \"TD 010\", aksolit_30, 206, 6200, 2900, 5570, 6120,\n            marks=pytest.mark.xfail(reson=\"Цена доставки 3600 7960 8980\")\n        ),\n        (\"TD 011\", aksolit_30, 299, 9000, 3600, 7960, 8980),\n        (\"TD 012\", aksolit_30, 333, 10000, 4450, 11990, 12500),\n        pytest.param(\n            \"TD 013\", aksolit_30, 366, 11000, 4800, 12450, 13480,\n            marks=pytest.mark.xfail(reason=\"Цена стандартной доставки 4450\")\n        ),\n        pytest.param(\n            \"TD 014\", aksolit_30, 666, 20000, 5400, 15600, 17490,\n            marks=pytest.mark.xfail(reason=\"Цена стандартной доставки 4450\")\n        )\n    ])\n    @pytest.mark.xfail\n    @pytest.mark.smoke_test\n    def test_positive_delivery_green_zone_smoke(\n            self, driver, url, case_id, link_item, amount, weight, standard, in_time, all_time\n    ):\n    \n        driver.get(f'{url}{link_item}')\n        item_page = ItemPage(driver)\n>       item_page.add_item_to_cart(amount).click_on_cart()\n\ntests/delivery/test_delivery_calculation.py:50: \n_ _ _ _ _ _ _ _ _ _ _ _ _ _ _ _ _ _ _ _ _ _ _ _ _ _ _ _ _ _ _ _ _ _ _ _ _ _ _ _ \npages/item_page.py:40: in add_item_to_cart\n    self.find_element(self._add_item).click()\nbase/seleniumbase.py:17: in find_element\n    return self.driver.find_element(*locator)\n/usr/local/lib/python3.11/site-packages/selenium/webdriver/remote/webdriver.py:739: in find_element\n    return self.execute(Command.FIND_ELEMENT, {\"using\": by, \"value\": value})[\"value\"]\n/usr/local/lib/python3.11/site-packages/selenium/webdriver/remote/webdriver.py:345: in execute\n    self.error_handler.check_response(response)\n_ _ _ _ _ _ _ _ _ _ _ _ _ _ _ _ _ _ _ _ _ _ _ _ _ _ _ _ _ _ _ _ _ _ _ _ _ _ _ _ \n\nself = <selenium.webdriver.remote.errorhandler.ErrorHandler object at 0x7f0ebaa84cd0>\nresponse = {'status': 404, 'value': '{\"value\":{\"error\":\"no such element\",\"message\":\"no such element: Unable to locate element: {\\...\\\\n#16 0x558fc14d4059 \\\\u003Cunknown>\\\\n#17 0x558fc14e4843 \\\\u003Cunknown>\\\\n#18 0x7f6ab4368044 \\\\u003Cunknown>\\\\n\"}}'}\n\n    def check_response(self, response: Dict[str, Any]) -> None:\n        \"\"\"Checks that a JSON response from the WebDriver does not have an\n        error.\n    \n        :Args:\n         - response - The JSON response from the WebDriver server as a dictionary\n           object.\n    \n        :Raises: If the response contains an error message.\n        \"\"\"\n        status = response.get(\"status\", None)\n        if not status or status == ErrorCode.SUCCESS:\n            return\n        value = None\n        message = response.get(\"message\", \"\")\n        screen: str = response.get(\"screen\", \"\")\n        stacktrace = None\n        if isinstance(status, int):\n            value_json = response.get(\"value\", None)\n            if value_json and isinstance(value_json, str):\n                import json\n    \n                try:\n                    value = json.loads(value_json)\n                    if len(value) == 1:\n                        value = value[\"value\"]\n                    status = value.get(\"error\", None)\n                    if not status:\n                        status = value.get(\"status\", ErrorCode.UNKNOWN_ERROR)\n                        message = value.get(\"value\") or value.get(\"message\")\n                        if not isinstance(message, str):\n                            value = message\n                            message = message.get(\"message\")\n                    else:\n                        message = value.get(\"message\", None)\n                except ValueError:\n                    pass\n    \n        exception_class: Type[WebDriverException]\n        e = ErrorCode()\n        error_codes = [item for item in dir(e) if not item.startswith(\"__\")]\n        for error_code in error_codes:\n            error_info = getattr(ErrorCode, error_code)\n            if isinstance(error_info, list) and status in error_info:\n                exception_class = getattr(ExceptionMapping, error_code, WebDriverException)\n                break\n        else:\n            exception_class = WebDriverException\n    \n        if not value:\n            value = response[\"value\"]\n        if isinstance(value, str):\n            raise exception_class(value)\n        if message == \"\" and \"message\" in value:\n            message = value[\"message\"]\n    \n        screen = None  # type: ignore[assignment]\n        if \"screen\" in value:\n            screen = value[\"screen\"]\n    \n        stacktrace = None\n        st_value = value.get(\"stackTrace\") or value.get(\"stacktrace\")\n        if st_value:\n            if isinstance(st_value, str):\n                stacktrace = st_value.split(\"\\n\")\n            else:\n                stacktrace = []\n                try:\n                    for frame in st_value:\n                        line = frame.get(\"lineNumber\", \"\")\n                        file = frame.get(\"fileName\", \"<anonymous>\")\n                        if line:\n                            file = f\"{file}:{line}\"\n                        meth = frame.get(\"methodName\", \"<anonymous>\")\n                        if \"className\" in frame:\n                            meth = f\"{frame['className']}.{meth}\"\n                        msg = \"    at %s (%s)\"\n                        msg = msg % (meth, file)\n                        stacktrace.append(msg)\n                except TypeError:\n                    pass\n        if exception_class == UnexpectedAlertPresentException:\n            alert_text = None\n            if \"data\" in value:\n                alert_text = value[\"data\"].get(\"text\")\n            elif \"alert\" in value:\n                alert_text = value[\"alert\"].get(\"text\")\n            raise exception_class(message, screen, stacktrace, alert_text)  # type: ignore[call-arg]  # mypy is not smart enough here\n>       raise exception_class(message, screen, stacktrace)\nE       selenium.common.exceptions.NoSuchElementException: Message: no such element: Unable to locate element: {\"method\":\"xpath\",\"selector\":\"(//a[@class='add-to-cart yellow-btn'])[1]\"}\nE         (Session info: headless chrome=117.0.5938.92); For documentation on this error, please visit: https://www.selenium.dev/documentation/webdriver/troubleshooting/errors#no-such-element-exception\nE       Stacktrace:\nE       #0 0x558fc14e56b3 <unknown>\nE       #1 0x558fc11bb1e7 <unknown>\nE       #2 0x558fc1202566 <unknown>\nE       #3 0x558fc1202651 <unknown>\nE       #4 0x558fc123fa74 <unknown>\nE       #5 0x558fc12240ed <unknown>\nE       #6 0x558fc123d322 <unknown>\nE       #7 0x558fc1223e93 <unknown>\nE       #8 0x558fc11f6934 <unknown>\nE       #9 0x558fc11f771e <unknown>\nE       #10 0x558fc14aacb8 <unknown>\nE       #11 0x558fc14aebf0 <unknown>\nE       #12 0x558fc14b919c <unknown>\nE       #13 0x558fc14af808 <unknown>\nE       #14 0x558fc147c27f <unknown>\nE       #15 0x558fc14d3e88 <unknown>\nE       #16 0x558fc14d4059 <unknown>\nE       #17 0x558fc14e4843 <unknown>\nE       #18 0x7f6ab4368044 <unknown>\n\n/usr/local/lib/python3.11/site-packages/selenium/webdriver/remote/errorhandler.py:229: NoSuchElementException","steps":[{"name":"Добавляем товар в корзину в количестве 206","time":{"start":1696035327678,"stop":1696035327693,"duration":15},"status":"broken","statusMessage":"selenium.common.exceptions.NoSuchElementException: Message: no such element: Unable to locate element: {\"method\":\"xpath\",\"selector\":\"(//a[@class='add-to-cart yellow-btn'])[1]\"}\n  (Session info: headless chrome=117.0.5938.92); For documentation on this error, please visit: https://www.selenium.dev/documentation/webdriver/troubleshooting/errors#no-such-element-exception\nStacktrace:\n#0 0x558fc14e56b3 <unknown>\n#1 0x558fc11bb1e7 <unknown>\n#2 0x558fc1202566 <unknown>\n#3 0x558fc1202651 <unknown>\n#4 0x558fc123fa74 <unknown>\n#5 0x558fc12240ed <unknown>\n#6 0x558fc123d322 <unknown>\n#7 0x558fc1223e93 <unknown>\n#8 0x558fc11f6934 <unknown>\n#9 0x558fc11f771e <unknown>\n#10 0x558fc14aacb8 <unknown>\n#11 0x558fc14aebf0 <unknown>\n#12 0x558fc14b919c <unknown>\n#13 0x558fc14af808 <unknown>\n#14 0x558fc147c27f <unknown>\n#15 0x558fc14d3e88 <unknown>\n#16 0x558fc14d4059 <unknown>\n#17 0x558fc14e4843 <unknown>\n#18 0x7f6ab4368044 <unknown>\n\n","statusTrace":"  File \"/usr/local/lib/python3.11/site-packages/allure_commons/_allure.py\", line 192, in impl\n    return func(*a, **kw)\n           ^^^^^^^^^^^^^^\n  File \"/app/pages/item_page.py\", line 40, in add_item_to_cart\n    self.find_element(self._add_item).click()\n    ^^^^^^^^^^^^^^^^^^^^^^^^^^^^^^^^^\n  File \"/app/base/seleniumbase.py\", line 17, in find_element\n    return self.driver.find_element(*locator)\n           ^^^^^^^^^^^^^^^^^^^^^^^^^^^^^^^^^^\n  File \"/usr/local/lib/python3.11/site-packages/selenium/webdriver/remote/webdriver.py\", line 739, in find_element\n    return self.execute(Command.FIND_ELEMENT, {\"using\": by, \"value\": value})[\"value\"]\n           ^^^^^^^^^^^^^^^^^^^^^^^^^^^^^^^^^^^^^^^^^^^^^^^^^^^^^^^^^^^^^^^^^\n  File \"/usr/local/lib/python3.11/site-packages/selenium/webdriver/remote/webdriver.py\", line 345, in execute\n    self.error_handler.check_response(response)\n  File \"/usr/local/lib/python3.11/site-packages/selenium/webdriver/remote/errorhandler.py\", line 229, in check_response\n    raise exception_class(message, screen, stacktrace)\n","steps":[],"attachments":[],"parameters":[{"name":"amount","value":"206"}],"shouldDisplayMessage":true,"stepsCount":0,"attachmentsCount":0,"hasContent":true}],"attachments":[{"uid":"43266f941118e55b","name":"Screenshot","source":"43266f941118e55b.png","type":"image/png","size":39917},{"uid":"39b5c004263658a3","name":"HTML source","source":"39b5c004263658a3.html","type":"text/html","size":544}],"parameters":[],"shouldDisplayMessage":true,"stepsCount":1,"attachmentsCount":2,"hasContent":true},"afterStages":[{"name":"setup::0","time":{"start":1696035327826,"stop":1696035327826,"duration":0},"status":"passed","steps":[],"attachments":[],"parameters":[],"shouldDisplayMessage":false,"stepsCount":0,"attachmentsCount":0,"hasContent":false},{"name":"driver::0","time":{"start":1696035327827,"stop":1696035327882,"duration":55},"status":"passed","steps":[],"attachments":[],"parameters":[],"shouldDisplayMessage":false,"stepsCount":0,"attachmentsCount":0,"hasContent":false}],"labels":[{"name":"epic","value":"Delivery Page - calculation"},{"name":"tag","value":"smoke_test"},{"name":"tag","value":"@pytest.mark.xfail"},{"name":"parentSuite","value":"tests.delivery"},{"name":"suite","value":"test_delivery_calculation"},{"name":"subSuite","value":"TestDeliveryPageCalculation"},{"name":"host","value":"d2ce5e6e65a7"},{"name":"thread","value":"1-MainThread"},{"name":"framework","value":"pytest"},{"name":"language","value":"cpython3"},{"name":"package","value":"tests.delivery.test_delivery_calculation"},{"name":"resultFormat","value":"allure2"}],"parameters":[{"name":"all_time","value":"6120"},{"name":"amount","value":"206"},{"name":"case_id","value":"'TD 010'"},{"name":"in_time","value":"5570"},{"name":"link_item","value":"'products/shtukaturka-gipsovaya-aksolit-m50-30-kg-mashinnogo-naneseniya'"},{"name":"standard","value":"2900"},{"name":"url","value":"'https://sandboxtest.stroyrem-nn.ru/'"},{"name":"weight","value":"6200"}],"links":[],"hidden":false,"retry":false,"extra":{"severity":"normal","retries":[],"categories":[],"history":{"statistic":{"failed":0,"broken":0,"skipped":50,"passed":0,"unknown":0,"total":50},"items":[{"uid":"ee3e9b15c5c62899","reportUrl":"https://Nat754.github.io/StroyremAutomation/78//#testresult/ee3e9b15c5c62899","status":"skipped","statusDetails":"XFAIL\n\nselenium.common.exceptions.NoSuchElementException: Message: no such element: Unable to locate element: {\"method\":\"xpath\",\"selector\":\"(//a[@class='add-to-cart yellow-btn'])[1]\"}\n  (Session info: headless chrome=117.0.5938.92); For documentation on this error, please visit: https://www.selenium.dev/documentation/webdriver/troubleshooting/errors#no-such-element-exception\nStacktrace:\n#0 0x555acba1e6b3 <unknown>\n#1 0x555acb6f41e7 <unknown>\n#2 0x555acb73b566 <unknown>\n#3 0x555acb73b651 <unknown>\n#4 0x555acb778a74 <unknown>\n#5 0x555acb75d0ed <unknown>\n#6 0x555acb776322 <unknown>\n#7 0x555acb75ce93 <unknown>\n#8 0x555acb72f934 <unknown>\n#9 0x555acb73071e <unknown>\n#10 0x555acb9e3cb8 <unknown>\n#11 0x555acb9e7bf0 <unknown>\n#12 0x555acb9f219c <unknown>\n#13 0x555acb9e8808 <unknown>\n#14 0x555acb9b527f <unknown>\n#15 0x555acba0ce88 <unknown>\n#16 0x555acba0d059 <unknown>\n#17 0x555acba1d843 <unknown>\n#18 0x7fd22cf6d044 <unknown>","time":{"start":1695949056581,"stop":1695949057008,"duration":427}},{"uid":"30a681085e6b5bbd","reportUrl":"https://Nat754.github.io/StroyremAutomation/77//#testresult/30a681085e6b5bbd","status":"skipped","statusDetails":"XFAIL\n\nselenium.common.exceptions.NoSuchElementException: Message: no such element: Unable to locate element: {\"method\":\"xpath\",\"selector\":\"(//a[@class='add-to-cart yellow-btn'])[1]\"}\n  (Session info: headless chrome=117.0.5938.92); For documentation on this error, please visit: https://www.selenium.dev/documentation/webdriver/troubleshooting/errors#no-such-element-exception\nStacktrace:\n#0 0x55803f6296b3 <unknown>\n#1 0x55803f2ff1e7 <unknown>\n#2 0x55803f346566 <unknown>\n#3 0x55803f346651 <unknown>\n#4 0x55803f383a74 <unknown>\n#5 0x55803f3680ed <unknown>\n#6 0x55803f381322 <unknown>\n#7 0x55803f367e93 <unknown>\n#8 0x55803f33a934 <unknown>\n#9 0x55803f33b71e <unknown>\n#10 0x55803f5eecb8 <unknown>\n#11 0x55803f5f2bf0 <unknown>\n#12 0x55803f5fd19c <unknown>\n#13 0x55803f5f3808 <unknown>\n#14 0x55803f5c027f <unknown>\n#15 0x55803f617e88 <unknown>\n#16 0x55803f618059 <unknown>\n#17 0x55803f628843 <unknown>\n#18 0x7f29a326f044 <unknown>","time":{"start":1695862817318,"stop":1695862818123,"duration":805}},{"uid":"a958966296f3496a","reportUrl":"https://Nat754.github.io/StroyremAutomation/76//#testresult/a958966296f3496a","status":"skipped","statusDetails":"XFAIL\n\nselenium.common.exceptions.ElementNotInteractableException: Message: element not interactable\n  (Session info: headless chrome=117.0.5938.92)\nStacktrace:\n#0 0x563fc32796b3 <unknown>\n#1 0x563fc2f4f036 <unknown>\n#2 0x563fc2f8dc1d <unknown>\n#3 0x563fc2fb80c2 <unknown>\n#4 0x563fc2f8bf16 <unknown>\n#5 0x563fc2fb828e <unknown>\n#6 0x563fc2fd1322 <unknown>\n#7 0x563fc2fb7e93 <unknown>\n#8 0x563fc2f8a934 <unknown>\n#9 0x563fc2f8b71e <unknown>\n#10 0x563fc323ecb8 <unknown>\n#11 0x563fc3242bf0 <unknown>\n#12 0x563fc324d19c <unknown>\n#13 0x563fc3243808 <unknown>\n#14 0x563fc321027f <unknown>\n#15 0x563fc3267e88 <unknown>\n#16 0x563fc3268059 <unknown>\n#17 0x563fc3278843 <unknown>\n#18 0x7f2eb388b044 <unknown>","time":{"start":1695776515644,"stop":1695776523230,"duration":7586}},{"uid":"fe0b763738a30699","reportUrl":"https://Nat754.github.io/StroyremAutomation/75//#testresult/fe0b763738a30699","status":"skipped","statusDetails":"XFAIL\n\nselenium.common.exceptions.NoSuchElementException: Message: no such element: Unable to locate element: {\"method\":\"xpath\",\"selector\":\"(//a[@class='add-to-cart yellow-btn'])[1]\"}\n  (Session info: headless chrome=117.0.5938.92); For documentation on this error, please visit: https://www.selenium.dev/documentation/webdriver/troubleshooting/errors#no-such-element-exception\nStacktrace:\n#0 0x559aff85b6b3 <unknown>\n#1 0x559aff5311e7 <unknown>\n#2 0x559aff578566 <unknown>\n#3 0x559aff578651 <unknown>\n#4 0x559aff5b5a74 <unknown>\n#5 0x559aff59a0ed <unknown>\n#6 0x559aff5b3322 <unknown>\n#7 0x559aff599e93 <unknown>\n#8 0x559aff56c934 <unknown>\n#9 0x559aff56d71e <unknown>\n#10 0x559aff820cb8 <unknown>\n#11 0x559aff824bf0 <unknown>\n#12 0x559aff82f19c <unknown>\n#13 0x559aff825808 <unknown>\n#14 0x559aff7f227f <unknown>\n#15 0x559aff849e88 <unknown>\n#16 0x559aff84a059 <unknown>\n#17 0x559aff85a843 <unknown>\n#18 0x7fbe9f663044 <unknown>","time":{"start":1695690089765,"stop":1695690090486,"duration":721}},{"uid":"f76cc373da002895","reportUrl":"https://Nat754.github.io/StroyremAutomation/74//#testresult/f76cc373da002895","status":"skipped","statusDetails":"XFAIL\n\nselenium.common.exceptions.NoSuchElementException: Message: no such element: Unable to locate element: {\"method\":\"xpath\",\"selector\":\"(//a[@class='add-to-cart yellow-btn'])[1]\"}\n  (Session info: headless chrome=117.0.5938.92); For documentation on this error, please visit: https://www.selenium.dev/documentation/webdriver/troubleshooting/errors#no-such-element-exception\nStacktrace:\n#0 0x561f637706b3 <unknown>\n#1 0x561f634461e7 <unknown>\n#2 0x561f6348d566 <unknown>\n#3 0x561f6348d651 <unknown>\n#4 0x561f634caa74 <unknown>\n#5 0x561f634af0ed <unknown>\n#6 0x561f634c8322 <unknown>\n#7 0x561f634aee93 <unknown>\n#8 0x561f63481934 <unknown>\n#9 0x561f6348271e <unknown>\n#10 0x561f63735cb8 <unknown>\n#11 0x561f63739bf0 <unknown>\n#12 0x561f6374419c <unknown>\n#13 0x561f6373a808 <unknown>\n#14 0x561f6370727f <unknown>\n#15 0x561f6375ee88 <unknown>\n#16 0x561f6375f059 <unknown>\n#17 0x561f6376f843 <unknown>\n#18 0x7fa8e8a7d044 <unknown>","time":{"start":1695603672285,"stop":1695603673113,"duration":828}},{"uid":"f432a9af1c0572ce","reportUrl":"https://Nat754.github.io/StroyremAutomation/73//#testresult/f432a9af1c0572ce","status":"skipped","statusDetails":"XFAIL\n\nselenium.common.exceptions.NoSuchElementException: Message: no such element: Unable to locate element: {\"method\":\"xpath\",\"selector\":\"(//a[@class='add-to-cart yellow-btn'])[1]\"}\n  (Session info: headless chrome=117.0.5938.92); For documentation on this error, please visit: https://www.selenium.dev/documentation/webdriver/troubleshooting/errors#no-such-element-exception\nStacktrace:\n#0 0x559ed89d66b3 <unknown>\n#1 0x559ed86ac1e7 <unknown>\n#2 0x559ed86f3566 <unknown>\n#3 0x559ed86f3651 <unknown>\n#4 0x559ed8730a74 <unknown>\n#5 0x559ed87150ed <unknown>\n#6 0x559ed872e322 <unknown>\n#7 0x559ed8714e93 <unknown>\n#8 0x559ed86e7934 <unknown>\n#9 0x559ed86e871e <unknown>\n#10 0x559ed899bcb8 <unknown>\n#11 0x559ed899fbf0 <unknown>\n#12 0x559ed89aa19c <unknown>\n#13 0x559ed89a0808 <unknown>\n#14 0x559ed896d27f <unknown>\n#15 0x559ed89c4e88 <unknown>\n#16 0x559ed89c5059 <unknown>\n#17 0x559ed89d5843 <unknown>\n#18 0x7f7b3949d044 <unknown>","time":{"start":1695517182658,"stop":1695517183053,"duration":395}},{"uid":"3a643962e218d3b6","reportUrl":"https://Nat754.github.io/StroyremAutomation/72//#testresult/3a643962e218d3b6","status":"skipped","statusDetails":"XFAIL\n\nselenium.common.exceptions.NoSuchElementException: Message: no such element: Unable to locate element: {\"method\":\"xpath\",\"selector\":\"(//a[@class='add-to-cart yellow-btn'])[1]\"}\n  (Session info: headless chrome=117.0.5938.92); For documentation on this error, please visit: https://www.selenium.dev/documentation/webdriver/troubleshooting/errors#no-such-element-exception\nStacktrace:\n#0 0x55b9f8a526b3 <unknown>\n#1 0x55b9f87281e7 <unknown>\n#2 0x55b9f876f566 <unknown>\n#3 0x55b9f876f651 <unknown>\n#4 0x55b9f87aca74 <unknown>\n#5 0x55b9f87910ed <unknown>\n#6 0x55b9f87aa322 <unknown>\n#7 0x55b9f8790e93 <unknown>\n#8 0x55b9f8763934 <unknown>\n#9 0x55b9f876471e <unknown>\n#10 0x55b9f8a17cb8 <unknown>\n#11 0x55b9f8a1bbf0 <unknown>\n#12 0x55b9f8a2619c <unknown>\n#13 0x55b9f8a1c808 <unknown>\n#14 0x55b9f89e927f <unknown>\n#15 0x55b9f8a40e88 <unknown>\n#16 0x55b9f8a41059 <unknown>\n#17 0x55b9f8a51843 <unknown>\n#18 0x7f8bee2db044 <unknown>","time":{"start":1695430698088,"stop":1695430698740,"duration":652}},{"uid":"38123df97e437e88","reportUrl":"https://Nat754.github.io/StroyremAutomation/71//#testresult/38123df97e437e88","status":"skipped","statusDetails":"XFAIL\n\nselenium.common.exceptions.NoSuchElementException: Message: no such element: Unable to locate element: {\"method\":\"xpath\",\"selector\":\"(//a[@class='add-to-cart yellow-btn'])[1]\"}\n  (Session info: headless chrome=117.0.5938.92); For documentation on this error, please visit: https://www.selenium.dev/documentation/webdriver/troubleshooting/errors#no-such-element-exception\nStacktrace:\n#0 0x5589384766b3 <unknown>\n#1 0x55893814c1e7 <unknown>\n#2 0x558938193566 <unknown>\n#3 0x558938193651 <unknown>\n#4 0x5589381d0a74 <unknown>\n#5 0x5589381b50ed <unknown>\n#6 0x5589381ce322 <unknown>\n#7 0x5589381b4e93 <unknown>\n#8 0x558938187934 <unknown>\n#9 0x55893818871e <unknown>\n#10 0x55893843bcb8 <unknown>\n#11 0x55893843fbf0 <unknown>\n#12 0x55893844a19c <unknown>\n#13 0x558938440808 <unknown>\n#14 0x55893840d27f <unknown>\n#15 0x558938464e88 <unknown>\n#16 0x558938465059 <unknown>\n#17 0x558938475843 <unknown>\n#18 0x7ff0558d8044 <unknown>","time":{"start":1695406007394,"stop":1695406008027,"duration":633}},{"uid":"ed28da631237d5f2","reportUrl":"https://Nat754.github.io/StroyremAutomation/71//#testresult/ed28da631237d5f2","status":"skipped","statusDetails":"XFAIL\n\nselenium.common.exceptions.NoSuchElementException: Message: no such element: Unable to locate element: {\"method\":\"xpath\",\"selector\":\"(//a[@class='add-to-cart yellow-btn'])[1]\"}\n  (Session info: headless chrome=117.0.5938.92); For documentation on this error, please visit: https://www.selenium.dev/documentation/webdriver/troubleshooting/errors#no-such-element-exception\nStacktrace:\n#0 0x5559664dd6b3 <unknown>\n#1 0x5559661b31e7 <unknown>\n#2 0x5559661fa566 <unknown>\n#3 0x5559661fa651 <unknown>\n#4 0x555966237a74 <unknown>\n#5 0x55596621c0ed <unknown>\n#6 0x555966235322 <unknown>\n#7 0x55596621be93 <unknown>\n#8 0x5559661ee934 <unknown>\n#9 0x5559661ef71e <unknown>\n#10 0x5559664a2cb8 <unknown>\n#11 0x5559664a6bf0 <unknown>\n#12 0x5559664b119c <unknown>\n#13 0x5559664a7808 <unknown>\n#14 0x55596647427f <unknown>\n#15 0x5559664cbe88 <unknown>\n#16 0x5559664cc059 <unknown>\n#17 0x5559664dc843 <unknown>\n#18 0x7f944b7d7044 <unknown>","time":{"start":1695344238649,"stop":1695344239066,"duration":417}},{"uid":"74a9f26a5190d6e1","reportUrl":"https://Nat754.github.io/StroyremAutomation/70//#testresult/74a9f26a5190d6e1","status":"skipped","statusDetails":"XFAIL\n\nselenium.common.exceptions.NoSuchElementException: Message: no such element: Unable to locate element: {\"method\":\"xpath\",\"selector\":\"(//a[@class='add-to-cart yellow-btn'])[1]\"}\n  (Session info: headless chrome=117.0.5938.88); For documentation on this error, please visit: https://www.selenium.dev/documentation/webdriver/troubleshooting/errors#no-such-element-exception\nStacktrace:\n#0 0x562799a156c3 <unknown>\n#1 0x5627996eb1e7 <unknown>\n#2 0x562799732566 <unknown>\n#3 0x562799732651 <unknown>\n#4 0x56279976fa74 <unknown>\n#5 0x5627997540ed <unknown>\n#6 0x56279976d322 <unknown>\n#7 0x562799753e93 <unknown>\n#8 0x562799726934 <unknown>\n#9 0x56279972771e <unknown>\n#10 0x5627999dacc8 <unknown>\n#11 0x5627999dec00 <unknown>\n#12 0x5627999e91ac <unknown>\n#13 0x5627999df818 <unknown>\n#14 0x5627999ac28f <unknown>\n#15 0x562799a03e98 <unknown>\n#16 0x562799a04069 <unknown>\n#17 0x562799a14853 <unknown>\n#18 0x7ff60a1ed044 <unknown>","time":{"start":1695257818147,"stop":1695257818738,"duration":591}},{"uid":"2922f8ee919d702c","reportUrl":"https://Nat754.github.io/StroyremAutomation/69//#testresult/2922f8ee919d702c","status":"skipped","statusDetails":"XFAIL\n\nselenium.common.exceptions.ElementNotInteractableException: Message: element not interactable\n  (Session info: headless chrome=117.0.5938.88)\nStacktrace:\n#0 0x562587e2c6c3 <unknown>\n#1 0x562587b02036 <unknown>\n#2 0x562587b40c1d <unknown>\n#3 0x562587b6b0c2 <unknown>\n#4 0x562587b3ef16 <unknown>\n#5 0x562587b6b28e <unknown>\n#6 0x562587b84322 <unknown>\n#7 0x562587b6ae93 <unknown>\n#8 0x562587b3d934 <unknown>\n#9 0x562587b3e71e <unknown>\n#10 0x562587df1cc8 <unknown>\n#11 0x562587df5c00 <unknown>\n#12 0x562587e001ac <unknown>\n#13 0x562587df6818 <unknown>\n#14 0x562587dc328f <unknown>\n#15 0x562587e1ae98 <unknown>\n#16 0x562587e1b069 <unknown>\n#17 0x562587e2b853 <unknown>\n#18 0x7f89a771b044 <unknown>","time":{"start":1695171678654,"stop":1695171684543,"duration":5889}},{"uid":"1fb9c34b44cb4d19","reportUrl":"https://Nat754.github.io/StroyremAutomation/68//#testresult/1fb9c34b44cb4d19","status":"skipped","statusDetails":"XFAIL\n\nselenium.common.exceptions.NoSuchElementException: Message: no such element: Unable to locate element: {\"method\":\"xpath\",\"selector\":\"(//a[@class='add-to-cart yellow-btn'])[1]\"}\n  (Session info: headless chrome=117.0.5938.88); For documentation on this error, please visit: https://www.selenium.dev/documentation/webdriver/troubleshooting/errors#no-such-element-exception\nStacktrace:\n#0 0x555e761cc6c3 <unknown>\n#1 0x555e75ea21e7 <unknown>\n#2 0x555e75ee9566 <unknown>\n#3 0x555e75ee9651 <unknown>\n#4 0x555e75f26a74 <unknown>\n#5 0x555e75f0b0ed <unknown>\n#6 0x555e75f24322 <unknown>\n#7 0x555e75f0ae93 <unknown>\n#8 0x555e75edd934 <unknown>\n#9 0x555e75ede71e <unknown>\n#10 0x555e76191cc8 <unknown>\n#11 0x555e76195c00 <unknown>\n#12 0x555e761a01ac <unknown>\n#13 0x555e76196818 <unknown>\n#14 0x555e7616328f <unknown>\n#15 0x555e761bae98 <unknown>\n#16 0x555e761bb069 <unknown>\n#17 0x555e761cb853 <unknown>\n#18 0x7f049afaf044 <unknown>","time":{"start":1695085139836,"stop":1695085140503,"duration":667}},{"uid":"cda085a79dc5bd15","reportUrl":"https://Nat754.github.io/StroyremAutomation/67//#testresult/cda085a79dc5bd15","status":"skipped","statusDetails":"XFAIL\n\nselenium.common.exceptions.NoSuchElementException: Message: no such element: Unable to locate element: {\"method\":\"xpath\",\"selector\":\"(//a[@class='add-to-cart yellow-btn'])[1]\"}\n  (Session info: headless chrome=117.0.5938.88); For documentation on this error, please visit: https://www.selenium.dev/documentation/webdriver/troubleshooting/errors#no-such-element-exception\nStacktrace:\n#0 0x55ba11ec46c3 <unknown>\n#1 0x55ba11b9a1e7 <unknown>\n#2 0x55ba11be1566 <unknown>\n#3 0x55ba11be1651 <unknown>\n#4 0x55ba11c1ea74 <unknown>\n#5 0x55ba11c030ed <unknown>\n#6 0x55ba11c1c322 <unknown>\n#7 0x55ba11c02e93 <unknown>\n#8 0x55ba11bd5934 <unknown>\n#9 0x55ba11bd671e <unknown>\n#10 0x55ba11e89cc8 <unknown>\n#11 0x55ba11e8dc00 <unknown>\n#12 0x55ba11e981ac <unknown>\n#13 0x55ba11e8e818 <unknown>\n#14 0x55ba11e5b28f <unknown>\n#15 0x55ba11eb2e98 <unknown>\n#16 0x55ba11eb3069 <unknown>\n#17 0x55ba11ec3853 <unknown>\n#18 0x7f8fef114044 <unknown>","time":{"start":1695063651834,"stop":1695063652540,"duration":706}},{"uid":"c2604521dd546cb4","reportUrl":"https://Nat754.github.io/StroyremAutomation/66//#testresult/c2604521dd546cb4","status":"skipped","statusDetails":"XFAIL\n\nselenium.common.exceptions.NoSuchElementException: Message: no such element: Unable to locate element: {\"method\":\"xpath\",\"selector\":\"(//a[@class='add-to-cart yellow-btn'])[1]\"}\n  (Session info: headless chrome=117.0.5938.88); For documentation on this error, please visit: https://www.selenium.dev/documentation/webdriver/troubleshooting/errors#no-such-element-exception\nStacktrace:\n#0 0x56194ed716c3 <unknown>\n#1 0x56194ea471e7 <unknown>\n#2 0x56194ea8e566 <unknown>\n#3 0x56194ea8e651 <unknown>\n#4 0x56194eacba74 <unknown>\n#5 0x56194eab00ed <unknown>\n#6 0x56194eac9322 <unknown>\n#7 0x56194eaafe93 <unknown>\n#8 0x56194ea82934 <unknown>\n#9 0x56194ea8371e <unknown>\n#10 0x56194ed36cc8 <unknown>\n#11 0x56194ed3ac00 <unknown>\n#12 0x56194ed451ac <unknown>\n#13 0x56194ed3b818 <unknown>\n#14 0x56194ed0828f <unknown>\n#15 0x56194ed5fe98 <unknown>\n#16 0x56194ed60069 <unknown>\n#17 0x56194ed70853 <unknown>\n#18 0x7efde01a2044 <unknown>","time":{"start":1695060465220,"stop":1695060465783,"duration":563}},{"uid":"e1477a4038a78c2c","reportUrl":"https://Nat754.github.io/StroyremAutomation/66//#testresult/e1477a4038a78c2c","status":"skipped","statusDetails":"XFAIL\n\nselenium.common.exceptions.NoSuchElementException: Message: no such element: Unable to locate element: {\"method\":\"xpath\",\"selector\":\"(//a[@class='add-to-cart yellow-btn'])[1]\"}\n  (Session info: headless chrome=117.0.5938.88); For documentation on this error, please visit: https://www.selenium.dev/documentation/webdriver/troubleshooting/errors#no-such-element-exception\nStacktrace:\n#0 0x5566841de6c3 <unknown>\n#1 0x556683eb41e7 <unknown>\n#2 0x556683efb566 <unknown>\n#3 0x556683efb651 <unknown>\n#4 0x556683f38a74 <unknown>\n#5 0x556683f1d0ed <unknown>\n#6 0x556683f36322 <unknown>\n#7 0x556683f1ce93 <unknown>\n#8 0x556683eef934 <unknown>\n#9 0x556683ef071e <unknown>\n#10 0x5566841a3cc8 <unknown>\n#11 0x5566841a7c00 <unknown>\n#12 0x5566841b21ac <unknown>\n#13 0x5566841a8818 <unknown>\n#14 0x55668417528f <unknown>\n#15 0x5566841cce98 <unknown>\n#16 0x5566841cd069 <unknown>\n#17 0x5566841dd853 <unknown>\n#18 0x7f868557a044 <unknown>","time":{"start":1694998499840,"stop":1694998500252,"duration":412}},{"uid":"c2a1a25de2c491be","reportUrl":"https://Nat754.github.io/StroyremAutomation/65//#testresult/c2a1a25de2c491be","status":"skipped","statusDetails":"XFAIL\n\nselenium.common.exceptions.NoSuchElementException: Message: no such element: Unable to locate element: {\"method\":\"xpath\",\"selector\":\"(//a[@class='add-to-cart yellow-btn'])[1]\"}\n  (Session info: headless chrome=117.0.5938.88); For documentation on this error, please visit: https://www.selenium.dev/documentation/webdriver/troubleshooting/errors#no-such-element-exception\nStacktrace:\n#0 0x55eedf29b6c3 <unknown>\n#1 0x55eedef711e7 <unknown>\n#2 0x55eedefb8566 <unknown>\n#3 0x55eedefb8651 <unknown>\n#4 0x55eedeff5a74 <unknown>\n#5 0x55eedefda0ed <unknown>\n#6 0x55eedeff3322 <unknown>\n#7 0x55eedefd9e93 <unknown>\n#8 0x55eedefac934 <unknown>\n#9 0x55eedefad71e <unknown>\n#10 0x55eedf260cc8 <unknown>\n#11 0x55eedf264c00 <unknown>\n#12 0x55eedf26f1ac <unknown>\n#13 0x55eedf265818 <unknown>\n#14 0x55eedf23228f <unknown>\n#15 0x55eedf289e98 <unknown>\n#16 0x55eedf28a069 <unknown>\n#17 0x55eedf29a853 <unknown>\n#18 0x7f92b55a6044 <unknown>","time":{"start":1694929449283,"stop":1694929449837,"duration":554}},{"uid":"78f3d76d59b20607","reportUrl":"https://Nat754.github.io/StroyremAutomation/65//#testresult/78f3d76d59b20607","status":"skipped","statusDetails":"XFAIL\n\nselenium.common.exceptions.NoSuchElementException: Message: no such element: Unable to locate element: {\"method\":\"xpath\",\"selector\":\"(//a[@class='add-to-cart yellow-btn'])[1]\"}\n  (Session info: headless chrome=117.0.5938.88); For documentation on this error, please visit: https://www.selenium.dev/documentation/webdriver/troubleshooting/errors#no-such-element-exception\nStacktrace:\n#0 0x55842bfb06c3 <unknown>\n#1 0x55842bc861e7 <unknown>\n#2 0x55842bccd566 <unknown>\n#3 0x55842bccd651 <unknown>\n#4 0x55842bd0aa74 <unknown>\n#5 0x55842bcef0ed <unknown>\n#6 0x55842bd08322 <unknown>\n#7 0x55842bceee93 <unknown>\n#8 0x55842bcc1934 <unknown>\n#9 0x55842bcc271e <unknown>\n#10 0x55842bf75cc8 <unknown>\n#11 0x55842bf79c00 <unknown>\n#12 0x55842bf841ac <unknown>\n#13 0x55842bf7a818 <unknown>\n#14 0x55842bf4728f <unknown>\n#15 0x55842bf9ee98 <unknown>\n#16 0x55842bf9f069 <unknown>\n#17 0x55842bfaf853 <unknown>\n#18 0x7fc098e18044 <unknown>","time":{"start":1694912345910,"stop":1694912346603,"duration":693}},{"uid":"1937edecee4d5812","reportUrl":"https://Nat754.github.io/StroyremAutomation/64//#testresult/1937edecee4d5812","status":"skipped","statusDetails":"XFAIL\n\nselenium.common.exceptions.NoSuchElementException: Message: no such element: Unable to locate element: {\"method\":\"xpath\",\"selector\":\"(//a[@class='add-to-cart yellow-btn'])[1]\"}\n  (Session info: headless chrome=117.0.5938.88); For documentation on this error, please visit: https://www.selenium.dev/documentation/webdriver/troubleshooting/errors#no-such-element-exception\nStacktrace:\n#0 0x5621ccd696c3 <unknown>\n#1 0x5621cca3f1e7 <unknown>\n#2 0x5621cca86566 <unknown>\n#3 0x5621cca86651 <unknown>\n#4 0x5621ccac3a74 <unknown>\n#5 0x5621ccaa80ed <unknown>\n#6 0x5621ccac1322 <unknown>\n#7 0x5621ccaa7e93 <unknown>\n#8 0x5621cca7a934 <unknown>\n#9 0x5621cca7b71e <unknown>\n#10 0x5621ccd2ecc8 <unknown>\n#11 0x5621ccd32c00 <unknown>\n#12 0x5621ccd3d1ac <unknown>\n#13 0x5621ccd33818 <unknown>\n#14 0x5621ccd0028f <unknown>\n#15 0x5621ccd57e98 <unknown>\n#16 0x5621ccd58069 <unknown>\n#17 0x5621ccd68853 <unknown>\n#18 0x7fd650325044 <unknown>","time":{"start":1694825647465,"stop":1694825648125,"duration":660}},{"uid":"d8d7cb666321fa86","reportUrl":"https://Nat754.github.io/StroyremAutomation/63//#testresult/d8d7cb666321fa86","status":"skipped","statusDetails":"XFAIL\n\nselenium.common.exceptions.NoSuchElementException: Message: no such element: Unable to locate element: {\"method\":\"xpath\",\"selector\":\"(//a[@class='add-to-cart yellow-btn'])[1]\"}\n  (Session info: headless chrome=117.0.5938.62); For documentation on this error, please visit: https://www.selenium.dev/documentation/webdriver/troubleshooting/errors#no-such-element-exception\nStacktrace:\n#0 0x55b733427693 <unknown>\n#1 0x55b7330fd1e7 <unknown>\n#2 0x55b733144566 <unknown>\n#3 0x55b733144651 <unknown>\n#4 0x55b733181a74 <unknown>\n#5 0x55b7331660ed <unknown>\n#6 0x55b73317f322 <unknown>\n#7 0x55b733165e93 <unknown>\n#8 0x55b733138934 <unknown>\n#9 0x55b73313971e <unknown>\n#10 0x55b7333ecc98 <unknown>\n#11 0x55b7333f0bd0 <unknown>\n#12 0x55b7333fb17c <unknown>\n#13 0x55b7333f17e8 <unknown>\n#14 0x55b7333be25f <unknown>\n#15 0x55b733415e68 <unknown>\n#16 0x55b733416039 <unknown>\n#17 0x55b733426823 <unknown>\n#18 0x7f8571ac2044 <unknown>","time":{"start":1694739392104,"stop":1694739392628,"duration":524}},{"uid":"9af77d5d50c4680a","reportUrl":"https://Nat754.github.io/StroyremAutomation/62//#testresult/9af77d5d50c4680a","status":"skipped","statusDetails":"XFAIL\n\nselenium.common.exceptions.NoSuchElementException: Message: no such element: Unable to locate element: {\"method\":\"xpath\",\"selector\":\"(//a[@class='add-to-cart yellow-btn'])[1]\"}\n  (Session info: headless chrome=117.0.5938.62); For documentation on this error, please visit: https://www.selenium.dev/documentation/webdriver/troubleshooting/errors#no-such-element-exception\nStacktrace:\n#0 0x55ea6c7f6693 <unknown>\n#1 0x55ea6c4cc1e7 <unknown>\n#2 0x55ea6c513566 <unknown>\n#3 0x55ea6c513651 <unknown>\n#4 0x55ea6c550a74 <unknown>\n#5 0x55ea6c5350ed <unknown>\n#6 0x55ea6c54e322 <unknown>\n#7 0x55ea6c534e93 <unknown>\n#8 0x55ea6c507934 <unknown>\n#9 0x55ea6c50871e <unknown>\n#10 0x55ea6c7bbc98 <unknown>\n#11 0x55ea6c7bfbd0 <unknown>\n#12 0x55ea6c7ca17c <unknown>\n#13 0x55ea6c7c07e8 <unknown>\n#14 0x55ea6c78d25f <unknown>\n#15 0x55ea6c7e4e68 <unknown>\n#16 0x55ea6c7e5039 <unknown>\n#17 0x55ea6c7f5823 <unknown>\n#18 0x7f78f76ac044 <unknown>","time":{"start":1694652933632,"stop":1694652934191,"duration":559}}]},"tags":["@pytest.mark.xfail","smoke_test"]},"source":"2576302254fe4178.json","parameterValues":["6120","206","'TD 010'","5570","'products/shtukaturka-gipsovaya-aksolit-m50-30-kg-mashinnogo-naneseniya'","2900","'https://sandboxtest.stroyrem-nn.ru/'","6200"]}