{"uid":"29d3828dc7b90f5f","name":"TD 019 Доставка товара весом до 1700кг. в синей зоне","fullName":"tests.delivery.test_delivery_calculation.TestDeliveryPageCalculation#test_positive_delivery_blue_zone_smoke","historyId":"7de17ed6f423399e8e6f079409b2bd41","time":{"start":1696035340481,"stop":1696035340918,"duration":437},"status":"skipped","statusMessage":"XFAIL\n\nselenium.common.exceptions.NoSuchElementException: Message: no such element: Unable to locate element: {\"method\":\"xpath\",\"selector\":\"(//a[@class='add-to-cart yellow-btn'])[1]\"}\n  (Session info: headless chrome=117.0.5938.92); For documentation on this error, please visit: https://www.selenium.dev/documentation/webdriver/troubleshooting/errors#no-such-element-exception\nStacktrace:\n#0 0x55bf7b6706b3 <unknown>\n#1 0x55bf7b3461e7 <unknown>\n#2 0x55bf7b38d566 <unknown>\n#3 0x55bf7b38d651 <unknown>\n#4 0x55bf7b3caa74 <unknown>\n#5 0x55bf7b3af0ed <unknown>\n#6 0x55bf7b3c8322 <unknown>\n#7 0x55bf7b3aee93 <unknown>\n#8 0x55bf7b381934 <unknown>\n#9 0x55bf7b38271e <unknown>\n#10 0x55bf7b635cb8 <unknown>\n#11 0x55bf7b639bf0 <unknown>\n#12 0x55bf7b64419c <unknown>\n#13 0x55bf7b63a808 <unknown>\n#14 0x55bf7b60727f <unknown>\n#15 0x55bf7b65ee88 <unknown>\n#16 0x55bf7b65f059 <unknown>\n#17 0x55bf7b66f843 <unknown>\n#18 0x7efe8b3a4044 <unknown>","statusTrace":"self = <tests.delivery.test_delivery_calculation.TestDeliveryPageCalculation object at 0x7f0ebab26010>\ndriver = <selenium.webdriver.chrome.webdriver.WebDriver (session=\"4cfa9301a25b5fc2c972daae0e3c0564\")>\nurl = 'https://sandboxtest.stroyrem-nn.ru/', case_id = 'TD 019'\nlink_item = 'products/shtukaturka-gipsovaya-aksolit-m50-30-kg-mashinnogo-naneseniya'\namount = 25, weight = 1700, standard = 1150, in_time = 2490, all_time = 3320\n\n    @pytest.mark.parametrize('case_id, link_item, amount, weight, standard, in_time, all_time', [\n        (\"TD 015\", bundeks_25, 1, 30, 650, 2390, 3320),\n        pytest.param(\n            \"TD 016\", aksolit_30, 8, 300, 650, 2390, 3320,\n            marks=pytest.mark.xfail(reson=\"Цена доставки: - - -\")\n        ),\n        (\"TD 017\", aksolit_30, 13, 400, 650, 2390, 3320),\n        (\"TD 018\", aksolit_30, 16, 500, 850, 2490, 3320),\n        (\"TD 019\", aksolit_30, 25, 1700, 1150, 2490, 3320),\n        (\"TD 020\", aksolit_30, 66, 2000, 1500, 2990, 3650),\n        (\"TD 021\", aksolit_30, 149, 4500, 2600, 4380, 4890),\n        (\"TD 022\", aksolit_30, 166, 5000, 2800, 5490, 5980),\n        pytest.param(\n            \"TD 023\", aksolit_30, 206, 6200, 3300, 7500, 8000,\n            marks=pytest.mark.xfail(reson=\"Цена доставки: 4300 9900 11440\")\n        ),\n        (\"TD 024\", aksolit_30, 299, 9000, 4300, 9900, 11440),\n        (\"TD 025\", aksolit_30, 333, 10000, 7000, 13900, 15900),\n        pytest.param(\n            \"TD 026\", aksolit_30, 366, 11000, 8000, 14900, 19900,\n            marks=pytest.mark.xfail(reson=\"Цена доставки: 7000 13900 15900\")\n        ),\n        pytest.param(\n            \"TD 027\", aksolit_30, 666, 20000, 14000, 16900, 23900,\n            marks=pytest.mark.xfail(reson=\"Цена доставки: 7000 13900 15900\")\n        )\n    ])\n    @pytest.mark.xfail\n    @pytest.mark.smoke_test\n    def test_positive_delivery_blue_zone_smoke(\n            self, driver, url, case_id, link_item, amount, weight, standard, in_time, all_time\n    ):\n        allure.dynamic.title(f\"{case_id} Доставка товара весом до {weight}кг. в синей зоне\")\n    \n        driver.get(f'{url}{link_item}')\n        item_page = ItemPage(driver)\n>       item_page.add_item_to_cart(amount).click_on_cart()\n\ntests/delivery/test_delivery_calculation.py:132: \n_ _ _ _ _ _ _ _ _ _ _ _ _ _ _ _ _ _ _ _ _ _ _ _ _ _ _ _ _ _ _ _ _ _ _ _ _ _ _ _ \npages/item_page.py:40: in add_item_to_cart\n    self.find_element(self._add_item).click()\nbase/seleniumbase.py:17: in find_element\n    return self.driver.find_element(*locator)\n/usr/local/lib/python3.11/site-packages/selenium/webdriver/remote/webdriver.py:739: in find_element\n    return self.execute(Command.FIND_ELEMENT, {\"using\": by, \"value\": value})[\"value\"]\n/usr/local/lib/python3.11/site-packages/selenium/webdriver/remote/webdriver.py:345: in execute\n    self.error_handler.check_response(response)\n_ _ _ _ _ _ _ _ _ _ _ _ _ _ _ _ _ _ _ _ _ _ _ _ _ _ _ _ _ _ _ _ _ _ _ _ _ _ _ _ \n\nself = <selenium.webdriver.remote.errorhandler.ErrorHandler object at 0x7f0ebba0c9d0>\nresponse = {'status': 404, 'value': '{\"value\":{\"error\":\"no such element\",\"message\":\"no such element: Unable to locate element: {\\...\\\\n#16 0x55bf7b65f059 \\\\u003Cunknown>\\\\n#17 0x55bf7b66f843 \\\\u003Cunknown>\\\\n#18 0x7efe8b3a4044 \\\\u003Cunknown>\\\\n\"}}'}\n\n    def check_response(self, response: Dict[str, Any]) -> None:\n        \"\"\"Checks that a JSON response from the WebDriver does not have an\n        error.\n    \n        :Args:\n         - response - The JSON response from the WebDriver server as a dictionary\n           object.\n    \n        :Raises: If the response contains an error message.\n        \"\"\"\n        status = response.get(\"status\", None)\n        if not status or status == ErrorCode.SUCCESS:\n            return\n        value = None\n        message = response.get(\"message\", \"\")\n        screen: str = response.get(\"screen\", \"\")\n        stacktrace = None\n        if isinstance(status, int):\n            value_json = response.get(\"value\", None)\n            if value_json and isinstance(value_json, str):\n                import json\n    \n                try:\n                    value = json.loads(value_json)\n                    if len(value) == 1:\n                        value = value[\"value\"]\n                    status = value.get(\"error\", None)\n                    if not status:\n                        status = value.get(\"status\", ErrorCode.UNKNOWN_ERROR)\n                        message = value.get(\"value\") or value.get(\"message\")\n                        if not isinstance(message, str):\n                            value = message\n                            message = message.get(\"message\")\n                    else:\n                        message = value.get(\"message\", None)\n                except ValueError:\n                    pass\n    \n        exception_class: Type[WebDriverException]\n        e = ErrorCode()\n        error_codes = [item for item in dir(e) if not item.startswith(\"__\")]\n        for error_code in error_codes:\n            error_info = getattr(ErrorCode, error_code)\n            if isinstance(error_info, list) and status in error_info:\n                exception_class = getattr(ExceptionMapping, error_code, WebDriverException)\n                break\n        else:\n            exception_class = WebDriverException\n    \n        if not value:\n            value = response[\"value\"]\n        if isinstance(value, str):\n            raise exception_class(value)\n        if message == \"\" and \"message\" in value:\n            message = value[\"message\"]\n    \n        screen = None  # type: ignore[assignment]\n        if \"screen\" in value:\n            screen = value[\"screen\"]\n    \n        stacktrace = None\n        st_value = value.get(\"stackTrace\") or value.get(\"stacktrace\")\n        if st_value:\n            if isinstance(st_value, str):\n                stacktrace = st_value.split(\"\\n\")\n            else:\n                stacktrace = []\n                try:\n                    for frame in st_value:\n                        line = frame.get(\"lineNumber\", \"\")\n                        file = frame.get(\"fileName\", \"<anonymous>\")\n                        if line:\n                            file = f\"{file}:{line}\"\n                        meth = frame.get(\"methodName\", \"<anonymous>\")\n                        if \"className\" in frame:\n                            meth = f\"{frame['className']}.{meth}\"\n                        msg = \"    at %s (%s)\"\n                        msg = msg % (meth, file)\n                        stacktrace.append(msg)\n                except TypeError:\n                    pass\n        if exception_class == UnexpectedAlertPresentException:\n            alert_text = None\n            if \"data\" in value:\n                alert_text = value[\"data\"].get(\"text\")\n            elif \"alert\" in value:\n                alert_text = value[\"alert\"].get(\"text\")\n            raise exception_class(message, screen, stacktrace, alert_text)  # type: ignore[call-arg]  # mypy is not smart enough here\n>       raise exception_class(message, screen, stacktrace)\nE       selenium.common.exceptions.NoSuchElementException: Message: no such element: Unable to locate element: {\"method\":\"xpath\",\"selector\":\"(//a[@class='add-to-cart yellow-btn'])[1]\"}\nE         (Session info: headless chrome=117.0.5938.92); For documentation on this error, please visit: https://www.selenium.dev/documentation/webdriver/troubleshooting/errors#no-such-element-exception\nE       Stacktrace:\nE       #0 0x55bf7b6706b3 <unknown>\nE       #1 0x55bf7b3461e7 <unknown>\nE       #2 0x55bf7b38d566 <unknown>\nE       #3 0x55bf7b38d651 <unknown>\nE       #4 0x55bf7b3caa74 <unknown>\nE       #5 0x55bf7b3af0ed <unknown>\nE       #6 0x55bf7b3c8322 <unknown>\nE       #7 0x55bf7b3aee93 <unknown>\nE       #8 0x55bf7b381934 <unknown>\nE       #9 0x55bf7b38271e <unknown>\nE       #10 0x55bf7b635cb8 <unknown>\nE       #11 0x55bf7b639bf0 <unknown>\nE       #12 0x55bf7b64419c <unknown>\nE       #13 0x55bf7b63a808 <unknown>\nE       #14 0x55bf7b60727f <unknown>\nE       #15 0x55bf7b65ee88 <unknown>\nE       #16 0x55bf7b65f059 <unknown>\nE       #17 0x55bf7b66f843 <unknown>\nE       #18 0x7efe8b3a4044 <unknown>\n\n/usr/local/lib/python3.11/site-packages/selenium/webdriver/remote/errorhandler.py:229: NoSuchElementException","flaky":false,"newFailed":false,"newBroken":false,"newPassed":false,"retriesCount":0,"retriesStatusChange":false,"beforeStages":[{"name":"_session_faker","time":{"start":1696034764611,"stop":1696034764698,"duration":87},"status":"passed","steps":[],"attachments":[],"parameters":[],"shouldDisplayMessage":false,"stepsCount":0,"attachmentsCount":0,"hasContent":false},{"name":"clear_allure_results_folder","time":{"start":1696034764698,"stop":1696034764698,"duration":0},"status":"passed","steps":[],"attachments":[],"parameters":[],"shouldDisplayMessage":false,"stepsCount":0,"attachmentsCount":0,"hasContent":false},{"name":"driver","time":{"start":1696035339651,"stop":1696035340479,"duration":828},"status":"passed","steps":[],"attachments":[],"parameters":[],"shouldDisplayMessage":false,"stepsCount":0,"attachmentsCount":0,"hasContent":false},{"name":"setup","time":{"start":1696035340479,"stop":1696035340480,"duration":1},"status":"passed","steps":[],"attachments":[],"parameters":[],"shouldDisplayMessage":false,"stepsCount":0,"attachmentsCount":0,"hasContent":false}],"testStage":{"status":"skipped","statusMessage":"XFAIL\n\nselenium.common.exceptions.NoSuchElementException: Message: no such element: Unable to locate element: {\"method\":\"xpath\",\"selector\":\"(//a[@class='add-to-cart yellow-btn'])[1]\"}\n  (Session info: headless chrome=117.0.5938.92); For documentation on this error, please visit: https://www.selenium.dev/documentation/webdriver/troubleshooting/errors#no-such-element-exception\nStacktrace:\n#0 0x55bf7b6706b3 <unknown>\n#1 0x55bf7b3461e7 <unknown>\n#2 0x55bf7b38d566 <unknown>\n#3 0x55bf7b38d651 <unknown>\n#4 0x55bf7b3caa74 <unknown>\n#5 0x55bf7b3af0ed <unknown>\n#6 0x55bf7b3c8322 <unknown>\n#7 0x55bf7b3aee93 <unknown>\n#8 0x55bf7b381934 <unknown>\n#9 0x55bf7b38271e <unknown>\n#10 0x55bf7b635cb8 <unknown>\n#11 0x55bf7b639bf0 <unknown>\n#12 0x55bf7b64419c <unknown>\n#13 0x55bf7b63a808 <unknown>\n#14 0x55bf7b60727f <unknown>\n#15 0x55bf7b65ee88 <unknown>\n#16 0x55bf7b65f059 <unknown>\n#17 0x55bf7b66f843 <unknown>\n#18 0x7efe8b3a4044 <unknown>","statusTrace":"self = <tests.delivery.test_delivery_calculation.TestDeliveryPageCalculation object at 0x7f0ebab26010>\ndriver = <selenium.webdriver.chrome.webdriver.WebDriver (session=\"4cfa9301a25b5fc2c972daae0e3c0564\")>\nurl = 'https://sandboxtest.stroyrem-nn.ru/', case_id = 'TD 019'\nlink_item = 'products/shtukaturka-gipsovaya-aksolit-m50-30-kg-mashinnogo-naneseniya'\namount = 25, weight = 1700, standard = 1150, in_time = 2490, all_time = 3320\n\n    @pytest.mark.parametrize('case_id, link_item, amount, weight, standard, in_time, all_time', [\n        (\"TD 015\", bundeks_25, 1, 30, 650, 2390, 3320),\n        pytest.param(\n            \"TD 016\", aksolit_30, 8, 300, 650, 2390, 3320,\n            marks=pytest.mark.xfail(reson=\"Цена доставки: - - -\")\n        ),\n        (\"TD 017\", aksolit_30, 13, 400, 650, 2390, 3320),\n        (\"TD 018\", aksolit_30, 16, 500, 850, 2490, 3320),\n        (\"TD 019\", aksolit_30, 25, 1700, 1150, 2490, 3320),\n        (\"TD 020\", aksolit_30, 66, 2000, 1500, 2990, 3650),\n        (\"TD 021\", aksolit_30, 149, 4500, 2600, 4380, 4890),\n        (\"TD 022\", aksolit_30, 166, 5000, 2800, 5490, 5980),\n        pytest.param(\n            \"TD 023\", aksolit_30, 206, 6200, 3300, 7500, 8000,\n            marks=pytest.mark.xfail(reson=\"Цена доставки: 4300 9900 11440\")\n        ),\n        (\"TD 024\", aksolit_30, 299, 9000, 4300, 9900, 11440),\n        (\"TD 025\", aksolit_30, 333, 10000, 7000, 13900, 15900),\n        pytest.param(\n            \"TD 026\", aksolit_30, 366, 11000, 8000, 14900, 19900,\n            marks=pytest.mark.xfail(reson=\"Цена доставки: 7000 13900 15900\")\n        ),\n        pytest.param(\n            \"TD 027\", aksolit_30, 666, 20000, 14000, 16900, 23900,\n            marks=pytest.mark.xfail(reson=\"Цена доставки: 7000 13900 15900\")\n        )\n    ])\n    @pytest.mark.xfail\n    @pytest.mark.smoke_test\n    def test_positive_delivery_blue_zone_smoke(\n            self, driver, url, case_id, link_item, amount, weight, standard, in_time, all_time\n    ):\n        allure.dynamic.title(f\"{case_id} Доставка товара весом до {weight}кг. в синей зоне\")\n    \n        driver.get(f'{url}{link_item}')\n        item_page = ItemPage(driver)\n>       item_page.add_item_to_cart(amount).click_on_cart()\n\ntests/delivery/test_delivery_calculation.py:132: \n_ _ _ _ _ _ _ _ _ _ _ _ _ _ _ _ _ _ _ _ _ _ _ _ _ _ _ _ _ _ _ _ _ _ _ _ _ _ _ _ \npages/item_page.py:40: in add_item_to_cart\n    self.find_element(self._add_item).click()\nbase/seleniumbase.py:17: in find_element\n    return self.driver.find_element(*locator)\n/usr/local/lib/python3.11/site-packages/selenium/webdriver/remote/webdriver.py:739: in find_element\n    return self.execute(Command.FIND_ELEMENT, {\"using\": by, \"value\": value})[\"value\"]\n/usr/local/lib/python3.11/site-packages/selenium/webdriver/remote/webdriver.py:345: in execute\n    self.error_handler.check_response(response)\n_ _ _ _ _ _ _ _ _ _ _ _ _ _ _ _ _ _ _ _ _ _ _ _ _ _ _ _ _ _ _ _ _ _ _ _ _ _ _ _ \n\nself = <selenium.webdriver.remote.errorhandler.ErrorHandler object at 0x7f0ebba0c9d0>\nresponse = {'status': 404, 'value': '{\"value\":{\"error\":\"no such element\",\"message\":\"no such element: Unable to locate element: {\\...\\\\n#16 0x55bf7b65f059 \\\\u003Cunknown>\\\\n#17 0x55bf7b66f843 \\\\u003Cunknown>\\\\n#18 0x7efe8b3a4044 \\\\u003Cunknown>\\\\n\"}}'}\n\n    def check_response(self, response: Dict[str, Any]) -> None:\n        \"\"\"Checks that a JSON response from the WebDriver does not have an\n        error.\n    \n        :Args:\n         - response - The JSON response from the WebDriver server as a dictionary\n           object.\n    \n        :Raises: If the response contains an error message.\n        \"\"\"\n        status = response.get(\"status\", None)\n        if not status or status == ErrorCode.SUCCESS:\n            return\n        value = None\n        message = response.get(\"message\", \"\")\n        screen: str = response.get(\"screen\", \"\")\n        stacktrace = None\n        if isinstance(status, int):\n            value_json = response.get(\"value\", None)\n            if value_json and isinstance(value_json, str):\n                import json\n    \n                try:\n                    value = json.loads(value_json)\n                    if len(value) == 1:\n                        value = value[\"value\"]\n                    status = value.get(\"error\", None)\n                    if not status:\n                        status = value.get(\"status\", ErrorCode.UNKNOWN_ERROR)\n                        message = value.get(\"value\") or value.get(\"message\")\n                        if not isinstance(message, str):\n                            value = message\n                            message = message.get(\"message\")\n                    else:\n                        message = value.get(\"message\", None)\n                except ValueError:\n                    pass\n    \n        exception_class: Type[WebDriverException]\n        e = ErrorCode()\n        error_codes = [item for item in dir(e) if not item.startswith(\"__\")]\n        for error_code in error_codes:\n            error_info = getattr(ErrorCode, error_code)\n            if isinstance(error_info, list) and status in error_info:\n                exception_class = getattr(ExceptionMapping, error_code, WebDriverException)\n                break\n        else:\n            exception_class = WebDriverException\n    \n        if not value:\n            value = response[\"value\"]\n        if isinstance(value, str):\n            raise exception_class(value)\n        if message == \"\" and \"message\" in value:\n            message = value[\"message\"]\n    \n        screen = None  # type: ignore[assignment]\n        if \"screen\" in value:\n            screen = value[\"screen\"]\n    \n        stacktrace = None\n        st_value = value.get(\"stackTrace\") or value.get(\"stacktrace\")\n        if st_value:\n            if isinstance(st_value, str):\n                stacktrace = st_value.split(\"\\n\")\n            else:\n                stacktrace = []\n                try:\n                    for frame in st_value:\n                        line = frame.get(\"lineNumber\", \"\")\n                        file = frame.get(\"fileName\", \"<anonymous>\")\n                        if line:\n                            file = f\"{file}:{line}\"\n                        meth = frame.get(\"methodName\", \"<anonymous>\")\n                        if \"className\" in frame:\n                            meth = f\"{frame['className']}.{meth}\"\n                        msg = \"    at %s (%s)\"\n                        msg = msg % (meth, file)\n                        stacktrace.append(msg)\n                except TypeError:\n                    pass\n        if exception_class == UnexpectedAlertPresentException:\n            alert_text = None\n            if \"data\" in value:\n                alert_text = value[\"data\"].get(\"text\")\n            elif \"alert\" in value:\n                alert_text = value[\"alert\"].get(\"text\")\n            raise exception_class(message, screen, stacktrace, alert_text)  # type: ignore[call-arg]  # mypy is not smart enough here\n>       raise exception_class(message, screen, stacktrace)\nE       selenium.common.exceptions.NoSuchElementException: Message: no such element: Unable to locate element: {\"method\":\"xpath\",\"selector\":\"(//a[@class='add-to-cart yellow-btn'])[1]\"}\nE         (Session info: headless chrome=117.0.5938.92); For documentation on this error, please visit: https://www.selenium.dev/documentation/webdriver/troubleshooting/errors#no-such-element-exception\nE       Stacktrace:\nE       #0 0x55bf7b6706b3 <unknown>\nE       #1 0x55bf7b3461e7 <unknown>\nE       #2 0x55bf7b38d566 <unknown>\nE       #3 0x55bf7b38d651 <unknown>\nE       #4 0x55bf7b3caa74 <unknown>\nE       #5 0x55bf7b3af0ed <unknown>\nE       #6 0x55bf7b3c8322 <unknown>\nE       #7 0x55bf7b3aee93 <unknown>\nE       #8 0x55bf7b381934 <unknown>\nE       #9 0x55bf7b38271e <unknown>\nE       #10 0x55bf7b635cb8 <unknown>\nE       #11 0x55bf7b639bf0 <unknown>\nE       #12 0x55bf7b64419c <unknown>\nE       #13 0x55bf7b63a808 <unknown>\nE       #14 0x55bf7b60727f <unknown>\nE       #15 0x55bf7b65ee88 <unknown>\nE       #16 0x55bf7b65f059 <unknown>\nE       #17 0x55bf7b66f843 <unknown>\nE       #18 0x7efe8b3a4044 <unknown>\n\n/usr/local/lib/python3.11/site-packages/selenium/webdriver/remote/errorhandler.py:229: NoSuchElementException","steps":[{"name":"Добавляем товар в корзину в количестве 25","time":{"start":1696035340903,"stop":1696035340918,"duration":15},"status":"broken","statusMessage":"selenium.common.exceptions.NoSuchElementException: Message: no such element: Unable to locate element: {\"method\":\"xpath\",\"selector\":\"(//a[@class='add-to-cart yellow-btn'])[1]\"}\n  (Session info: headless chrome=117.0.5938.92); For documentation on this error, please visit: https://www.selenium.dev/documentation/webdriver/troubleshooting/errors#no-such-element-exception\nStacktrace:\n#0 0x55bf7b6706b3 <unknown>\n#1 0x55bf7b3461e7 <unknown>\n#2 0x55bf7b38d566 <unknown>\n#3 0x55bf7b38d651 <unknown>\n#4 0x55bf7b3caa74 <unknown>\n#5 0x55bf7b3af0ed <unknown>\n#6 0x55bf7b3c8322 <unknown>\n#7 0x55bf7b3aee93 <unknown>\n#8 0x55bf7b381934 <unknown>\n#9 0x55bf7b38271e <unknown>\n#10 0x55bf7b635cb8 <unknown>\n#11 0x55bf7b639bf0 <unknown>\n#12 0x55bf7b64419c <unknown>\n#13 0x55bf7b63a808 <unknown>\n#14 0x55bf7b60727f <unknown>\n#15 0x55bf7b65ee88 <unknown>\n#16 0x55bf7b65f059 <unknown>\n#17 0x55bf7b66f843 <unknown>\n#18 0x7efe8b3a4044 <unknown>\n\n","statusTrace":"  File \"/usr/local/lib/python3.11/site-packages/allure_commons/_allure.py\", line 192, in impl\n    return func(*a, **kw)\n           ^^^^^^^^^^^^^^\n  File \"/app/pages/item_page.py\", line 40, in add_item_to_cart\n    self.find_element(self._add_item).click()\n    ^^^^^^^^^^^^^^^^^^^^^^^^^^^^^^^^^\n  File \"/app/base/seleniumbase.py\", line 17, in find_element\n    return self.driver.find_element(*locator)\n           ^^^^^^^^^^^^^^^^^^^^^^^^^^^^^^^^^^\n  File \"/usr/local/lib/python3.11/site-packages/selenium/webdriver/remote/webdriver.py\", line 739, in find_element\n    return self.execute(Command.FIND_ELEMENT, {\"using\": by, \"value\": value})[\"value\"]\n           ^^^^^^^^^^^^^^^^^^^^^^^^^^^^^^^^^^^^^^^^^^^^^^^^^^^^^^^^^^^^^^^^^\n  File \"/usr/local/lib/python3.11/site-packages/selenium/webdriver/remote/webdriver.py\", line 345, in execute\n    self.error_handler.check_response(response)\n  File \"/usr/local/lib/python3.11/site-packages/selenium/webdriver/remote/errorhandler.py\", line 229, in check_response\n    raise exception_class(message, screen, stacktrace)\n","steps":[],"attachments":[],"parameters":[{"name":"amount","value":"25"}],"shouldDisplayMessage":true,"stepsCount":0,"attachmentsCount":0,"hasContent":true}],"attachments":[{"uid":"dcc7c46e2a60f9c6","name":"Screenshot","source":"dcc7c46e2a60f9c6.png","type":"image/png","size":39917},{"uid":"f2369c1a10e8960a","name":"HTML source","source":"f2369c1a10e8960a.html","type":"text/html","size":544}],"parameters":[],"shouldDisplayMessage":true,"stepsCount":1,"attachmentsCount":2,"hasContent":true},"afterStages":[{"name":"setup::0","time":{"start":1696035341045,"stop":1696035341045,"duration":0},"status":"passed","steps":[],"attachments":[],"parameters":[],"shouldDisplayMessage":false,"stepsCount":0,"attachmentsCount":0,"hasContent":false},{"name":"driver::0","time":{"start":1696035341046,"stop":1696035341102,"duration":56},"status":"passed","steps":[],"attachments":[],"parameters":[],"shouldDisplayMessage":false,"stepsCount":0,"attachmentsCount":0,"hasContent":false}],"labels":[{"name":"epic","value":"Delivery Page - calculation"},{"name":"tag","value":"smoke_test"},{"name":"tag","value":"@pytest.mark.xfail"},{"name":"parentSuite","value":"tests.delivery"},{"name":"suite","value":"test_delivery_calculation"},{"name":"subSuite","value":"TestDeliveryPageCalculation"},{"name":"host","value":"d2ce5e6e65a7"},{"name":"thread","value":"1-MainThread"},{"name":"framework","value":"pytest"},{"name":"language","value":"cpython3"},{"name":"package","value":"tests.delivery.test_delivery_calculation"},{"name":"resultFormat","value":"allure2"}],"parameters":[{"name":"all_time","value":"3320"},{"name":"amount","value":"25"},{"name":"case_id","value":"'TD 019'"},{"name":"in_time","value":"2490"},{"name":"link_item","value":"'products/shtukaturka-gipsovaya-aksolit-m50-30-kg-mashinnogo-naneseniya'"},{"name":"standard","value":"1150"},{"name":"url","value":"'https://sandboxtest.stroyrem-nn.ru/'"},{"name":"weight","value":"1700"}],"links":[],"hidden":false,"retry":false,"extra":{"severity":"normal","retries":[],"categories":[],"history":{"statistic":{"failed":0,"broken":13,"skipped":37,"passed":0,"unknown":0,"total":50},"items":[{"uid":"bf5b5429fbb82707","reportUrl":"https://Nat754.github.io/StroyremAutomation/78//#testresult/bf5b5429fbb82707","status":"skipped","statusDetails":"XFAIL\n\nselenium.common.exceptions.NoSuchElementException: Message: no such element: Unable to locate element: {\"method\":\"xpath\",\"selector\":\"(//a[@class='add-to-cart yellow-btn'])[1]\"}\n  (Session info: headless chrome=117.0.5938.92); For documentation on this error, please visit: https://www.selenium.dev/documentation/webdriver/troubleshooting/errors#no-such-element-exception\nStacktrace:\n#0 0x55d7cb7ab6b3 <unknown>\n#1 0x55d7cb4811e7 <unknown>\n#2 0x55d7cb4c8566 <unknown>\n#3 0x55d7cb4c8651 <unknown>\n#4 0x55d7cb505a74 <unknown>\n#5 0x55d7cb4ea0ed <unknown>\n#6 0x55d7cb503322 <unknown>\n#7 0x55d7cb4e9e93 <unknown>\n#8 0x55d7cb4bc934 <unknown>\n#9 0x55d7cb4bd71e <unknown>\n#10 0x55d7cb770cb8 <unknown>\n#11 0x55d7cb774bf0 <unknown>\n#12 0x55d7cb77f19c <unknown>\n#13 0x55d7cb775808 <unknown>\n#14 0x55d7cb74227f <unknown>\n#15 0x55d7cb799e88 <unknown>\n#16 0x55d7cb79a059 <unknown>\n#17 0x55d7cb7aa843 <unknown>\n#18 0x7fdeb7c2c044 <unknown>","time":{"start":1695949069785,"stop":1695949070186,"duration":401}},{"uid":"6188130b567b2715","reportUrl":"https://Nat754.github.io/StroyremAutomation/77//#testresult/6188130b567b2715","status":"skipped","statusDetails":"XFAIL\n\nselenium.common.exceptions.NoSuchElementException: Message: no such element: Unable to locate element: {\"method\":\"xpath\",\"selector\":\"(//a[@class='add-to-cart yellow-btn'])[1]\"}\n  (Session info: headless chrome=117.0.5938.92); For documentation on this error, please visit: https://www.selenium.dev/documentation/webdriver/troubleshooting/errors#no-such-element-exception\nStacktrace:\n#0 0x560813bd96b3 <unknown>\n#1 0x5608138af1e7 <unknown>\n#2 0x5608138f6566 <unknown>\n#3 0x5608138f6651 <unknown>\n#4 0x560813933a74 <unknown>\n#5 0x5608139180ed <unknown>\n#6 0x560813931322 <unknown>\n#7 0x560813917e93 <unknown>\n#8 0x5608138ea934 <unknown>\n#9 0x5608138eb71e <unknown>\n#10 0x560813b9ecb8 <unknown>\n#11 0x560813ba2bf0 <unknown>\n#12 0x560813bad19c <unknown>\n#13 0x560813ba3808 <unknown>\n#14 0x560813b7027f <unknown>\n#15 0x560813bc7e88 <unknown>\n#16 0x560813bc8059 <unknown>\n#17 0x560813bd8843 <unknown>\n#18 0x7f1748a60044 <unknown>","time":{"start":1695862833486,"stop":1695862834112,"duration":626}},{"uid":"ae4a8c6cca03d5b0","reportUrl":"https://Nat754.github.io/StroyremAutomation/76//#testresult/ae4a8c6cca03d5b0","status":"skipped","statusDetails":"XFAIL\n\nselenium.common.exceptions.ElementNotInteractableException: Message: element not interactable\n  (Session info: headless chrome=117.0.5938.92)\nStacktrace:\n#0 0x55f2e43346b3 <unknown>\n#1 0x55f2e400a036 <unknown>\n#2 0x55f2e4048c1d <unknown>\n#3 0x55f2e40730c2 <unknown>\n#4 0x55f2e4046f16 <unknown>\n#5 0x55f2e407328e <unknown>\n#6 0x55f2e408c322 <unknown>\n#7 0x55f2e4072e93 <unknown>\n#8 0x55f2e4045934 <unknown>\n#9 0x55f2e404671e <unknown>\n#10 0x55f2e42f9cb8 <unknown>\n#11 0x55f2e42fdbf0 <unknown>\n#12 0x55f2e430819c <unknown>\n#13 0x55f2e42fe808 <unknown>\n#14 0x55f2e42cb27f <unknown>\n#15 0x55f2e4322e88 <unknown>\n#16 0x55f2e4323059 <unknown>\n#17 0x55f2e4333843 <unknown>\n#18 0x7f1d46625044 <unknown>","time":{"start":1695776592366,"stop":1695776599166,"duration":6800}},{"uid":"5615f7927fa3e840","reportUrl":"https://Nat754.github.io/StroyremAutomation/75//#testresult/5615f7927fa3e840","status":"skipped","statusDetails":"XFAIL\n\nselenium.common.exceptions.NoSuchElementException: Message: no such element: Unable to locate element: {\"method\":\"xpath\",\"selector\":\"(//a[@class='add-to-cart yellow-btn'])[1]\"}\n  (Session info: headless chrome=117.0.5938.92); For documentation on this error, please visit: https://www.selenium.dev/documentation/webdriver/troubleshooting/errors#no-such-element-exception\nStacktrace:\n#0 0x55fcf51f46b3 <unknown>\n#1 0x55fcf4eca1e7 <unknown>\n#2 0x55fcf4f11566 <unknown>\n#3 0x55fcf4f11651 <unknown>\n#4 0x55fcf4f4ea74 <unknown>\n#5 0x55fcf4f330ed <unknown>\n#6 0x55fcf4f4c322 <unknown>\n#7 0x55fcf4f32e93 <unknown>\n#8 0x55fcf4f05934 <unknown>\n#9 0x55fcf4f0671e <unknown>\n#10 0x55fcf51b9cb8 <unknown>\n#11 0x55fcf51bdbf0 <unknown>\n#12 0x55fcf51c819c <unknown>\n#13 0x55fcf51be808 <unknown>\n#14 0x55fcf518b27f <unknown>\n#15 0x55fcf51e2e88 <unknown>\n#16 0x55fcf51e3059 <unknown>\n#17 0x55fcf51f3843 <unknown>\n#18 0x7f03e4e28044 <unknown>","time":{"start":1695690109424,"stop":1695690109959,"duration":535}},{"uid":"8a4a51b2ae3da902","reportUrl":"https://Nat754.github.io/StroyremAutomation/74//#testresult/8a4a51b2ae3da902","status":"skipped","statusDetails":"XFAIL\n\nselenium.common.exceptions.NoSuchElementException: Message: no such element: Unable to locate element: {\"method\":\"xpath\",\"selector\":\"(//a[@class='add-to-cart yellow-btn'])[1]\"}\n  (Session info: headless chrome=117.0.5938.92); For documentation on this error, please visit: https://www.selenium.dev/documentation/webdriver/troubleshooting/errors#no-such-element-exception\nStacktrace:\n#0 0x55950b91a6b3 <unknown>\n#1 0x55950b5f01e7 <unknown>\n#2 0x55950b637566 <unknown>\n#3 0x55950b637651 <unknown>\n#4 0x55950b674a74 <unknown>\n#5 0x55950b6590ed <unknown>\n#6 0x55950b672322 <unknown>\n#7 0x55950b658e93 <unknown>\n#8 0x55950b62b934 <unknown>\n#9 0x55950b62c71e <unknown>\n#10 0x55950b8dfcb8 <unknown>\n#11 0x55950b8e3bf0 <unknown>\n#12 0x55950b8ee19c <unknown>\n#13 0x55950b8e4808 <unknown>\n#14 0x55950b8b127f <unknown>\n#15 0x55950b908e88 <unknown>\n#16 0x55950b909059 <unknown>\n#17 0x55950b919843 <unknown>\n#18 0x7feb1e66c044 <unknown>","time":{"start":1695603688032,"stop":1695603688685,"duration":653}},{"uid":"4754571d35e1429f","reportUrl":"https://Nat754.github.io/StroyremAutomation/73//#testresult/4754571d35e1429f","status":"skipped","statusDetails":"XFAIL\n\nselenium.common.exceptions.NoSuchElementException: Message: no such element: Unable to locate element: {\"method\":\"xpath\",\"selector\":\"(//a[@class='add-to-cart yellow-btn'])[1]\"}\n  (Session info: headless chrome=117.0.5938.92); For documentation on this error, please visit: https://www.selenium.dev/documentation/webdriver/troubleshooting/errors#no-such-element-exception\nStacktrace:\n#0 0x565053e886b3 <unknown>\n#1 0x565053b5e1e7 <unknown>\n#2 0x565053ba5566 <unknown>\n#3 0x565053ba5651 <unknown>\n#4 0x565053be2a74 <unknown>\n#5 0x565053bc70ed <unknown>\n#6 0x565053be0322 <unknown>\n#7 0x565053bc6e93 <unknown>\n#8 0x565053b99934 <unknown>\n#9 0x565053b9a71e <unknown>\n#10 0x565053e4dcb8 <unknown>\n#11 0x565053e51bf0 <unknown>\n#12 0x565053e5c19c <unknown>\n#13 0x565053e52808 <unknown>\n#14 0x565053e1f27f <unknown>\n#15 0x565053e76e88 <unknown>\n#16 0x565053e77059 <unknown>\n#17 0x565053e87843 <unknown>\n#18 0x7f6c7bb0b044 <unknown>","time":{"start":1695517195959,"stop":1695517196463,"duration":504}},{"uid":"bb0b5d81ce26a79b","reportUrl":"https://Nat754.github.io/StroyremAutomation/72//#testresult/bb0b5d81ce26a79b","status":"skipped","statusDetails":"XFAIL\n\nselenium.common.exceptions.NoSuchElementException: Message: no such element: Unable to locate element: {\"method\":\"xpath\",\"selector\":\"(//a[@class='add-to-cart yellow-btn'])[1]\"}\n  (Session info: headless chrome=117.0.5938.92); For documentation on this error, please visit: https://www.selenium.dev/documentation/webdriver/troubleshooting/errors#no-such-element-exception\nStacktrace:\n#0 0x55e56f50f6b3 <unknown>\n#1 0x55e56f1e51e7 <unknown>\n#2 0x55e56f22c566 <unknown>\n#3 0x55e56f22c651 <unknown>\n#4 0x55e56f269a74 <unknown>\n#5 0x55e56f24e0ed <unknown>\n#6 0x55e56f267322 <unknown>\n#7 0x55e56f24de93 <unknown>\n#8 0x55e56f220934 <unknown>\n#9 0x55e56f22171e <unknown>\n#10 0x55e56f4d4cb8 <unknown>\n#11 0x55e56f4d8bf0 <unknown>\n#12 0x55e56f4e319c <unknown>\n#13 0x55e56f4d9808 <unknown>\n#14 0x55e56f4a627f <unknown>\n#15 0x55e56f4fde88 <unknown>\n#16 0x55e56f4fe059 <unknown>\n#17 0x55e56f50e843 <unknown>\n#18 0x7f554eee3044 <unknown>","time":{"start":1695430713962,"stop":1695430714631,"duration":669}},{"uid":"7fa3491c6489d670","reportUrl":"https://Nat754.github.io/StroyremAutomation/71//#testresult/7fa3491c6489d670","status":"skipped","statusDetails":"XFAIL\n\nselenium.common.exceptions.NoSuchElementException: Message: no such element: Unable to locate element: {\"method\":\"xpath\",\"selector\":\"(//a[@class='add-to-cart yellow-btn'])[1]\"}\n  (Session info: headless chrome=117.0.5938.92); For documentation on this error, please visit: https://www.selenium.dev/documentation/webdriver/troubleshooting/errors#no-such-element-exception\nStacktrace:\n#0 0x55b2c106c6b3 <unknown>\n#1 0x55b2c0d421e7 <unknown>\n#2 0x55b2c0d89566 <unknown>\n#3 0x55b2c0d89651 <unknown>\n#4 0x55b2c0dc6a74 <unknown>\n#5 0x55b2c0dab0ed <unknown>\n#6 0x55b2c0dc4322 <unknown>\n#7 0x55b2c0daae93 <unknown>\n#8 0x55b2c0d7d934 <unknown>\n#9 0x55b2c0d7e71e <unknown>\n#10 0x55b2c1031cb8 <unknown>\n#11 0x55b2c1035bf0 <unknown>\n#12 0x55b2c104019c <unknown>\n#13 0x55b2c1036808 <unknown>\n#14 0x55b2c100327f <unknown>\n#15 0x55b2c105ae88 <unknown>\n#16 0x55b2c105b059 <unknown>\n#17 0x55b2c106b843 <unknown>\n#18 0x7fbc82c76044 <unknown>","time":{"start":1695406023890,"stop":1695406024528,"duration":638}},{"uid":"76a1dbfd1f349652","reportUrl":"https://Nat754.github.io/StroyremAutomation/71//#testresult/76a1dbfd1f349652","status":"skipped","statusDetails":"XFAIL\n\nselenium.common.exceptions.NoSuchElementException: Message: no such element: Unable to locate element: {\"method\":\"xpath\",\"selector\":\"(//a[@class='add-to-cart yellow-btn'])[1]\"}\n  (Session info: headless chrome=117.0.5938.92); For documentation on this error, please visit: https://www.selenium.dev/documentation/webdriver/troubleshooting/errors#no-such-element-exception\nStacktrace:\n#0 0x55c9617516b3 <unknown>\n#1 0x55c9614271e7 <unknown>\n#2 0x55c96146e566 <unknown>\n#3 0x55c96146e651 <unknown>\n#4 0x55c9614aba74 <unknown>\n#5 0x55c9614900ed <unknown>\n#6 0x55c9614a9322 <unknown>\n#7 0x55c96148fe93 <unknown>\n#8 0x55c961462934 <unknown>\n#9 0x55c96146371e <unknown>\n#10 0x55c961716cb8 <unknown>\n#11 0x55c96171abf0 <unknown>\n#12 0x55c96172519c <unknown>\n#13 0x55c96171b808 <unknown>\n#14 0x55c9616e827f <unknown>\n#15 0x55c96173fe88 <unknown>\n#16 0x55c961740059 <unknown>\n#17 0x55c961750843 <unknown>\n#18 0x7f3f0de76044 <unknown>","time":{"start":1695344252209,"stop":1695344252759,"duration":550}},{"uid":"62ee0dd125d1f493","reportUrl":"https://Nat754.github.io/StroyremAutomation/70//#testresult/62ee0dd125d1f493","status":"skipped","statusDetails":"XFAIL\n\nselenium.common.exceptions.NoSuchElementException: Message: no such element: Unable to locate element: {\"method\":\"xpath\",\"selector\":\"(//a[@class='add-to-cart yellow-btn'])[1]\"}\n  (Session info: headless chrome=117.0.5938.88); For documentation on this error, please visit: https://www.selenium.dev/documentation/webdriver/troubleshooting/errors#no-such-element-exception\nStacktrace:\n#0 0x56516d6226c3 <unknown>\n#1 0x56516d2f81e7 <unknown>\n#2 0x56516d33f566 <unknown>\n#3 0x56516d33f651 <unknown>\n#4 0x56516d37ca74 <unknown>\n#5 0x56516d3610ed <unknown>\n#6 0x56516d37a322 <unknown>\n#7 0x56516d360e93 <unknown>\n#8 0x56516d333934 <unknown>\n#9 0x56516d33471e <unknown>\n#10 0x56516d5e7cc8 <unknown>\n#11 0x56516d5ebc00 <unknown>\n#12 0x56516d5f61ac <unknown>\n#13 0x56516d5ec818 <unknown>\n#14 0x56516d5b928f <unknown>\n#15 0x56516d610e98 <unknown>\n#16 0x56516d611069 <unknown>\n#17 0x56516d621853 <unknown>\n#18 0x7f714da19044 <unknown>","time":{"start":1695257831705,"stop":1695257832146,"duration":441}},{"uid":"6fa4d4a1b375078a","reportUrl":"https://Nat754.github.io/StroyremAutomation/69//#testresult/6fa4d4a1b375078a","status":"skipped","statusDetails":"XFAIL\n\nselenium.common.exceptions.ElementNotInteractableException: Message: element not interactable\n  (Session info: headless chrome=117.0.5938.88)\nStacktrace:\n#0 0x55e42b1a26c3 <unknown>\n#1 0x55e42ae78036 <unknown>\n#2 0x55e42aeb6c1d <unknown>\n#3 0x55e42aee10c2 <unknown>\n#4 0x55e42aeb4f16 <unknown>\n#5 0x55e42aee128e <unknown>\n#6 0x55e42aefa322 <unknown>\n#7 0x55e42aee0e93 <unknown>\n#8 0x55e42aeb3934 <unknown>\n#9 0x55e42aeb471e <unknown>\n#10 0x55e42b167cc8 <unknown>\n#11 0x55e42b16bc00 <unknown>\n#12 0x55e42b1761ac <unknown>\n#13 0x55e42b16c818 <unknown>\n#14 0x55e42b13928f <unknown>\n#15 0x55e42b190e98 <unknown>\n#16 0x55e42b191069 <unknown>\n#17 0x55e42b1a1853 <unknown>\n#18 0x7f560e925044 <unknown>","time":{"start":1695171743707,"stop":1695171749501,"duration":5794}},{"uid":"aa4381cfa7df66fe","reportUrl":"https://Nat754.github.io/StroyremAutomation/68//#testresult/aa4381cfa7df66fe","status":"skipped","statusDetails":"XFAIL\n\nselenium.common.exceptions.NoSuchElementException: Message: no such element: Unable to locate element: {\"method\":\"xpath\",\"selector\":\"(//a[@class='add-to-cart yellow-btn'])[1]\"}\n  (Session info: headless chrome=117.0.5938.88); For documentation on this error, please visit: https://www.selenium.dev/documentation/webdriver/troubleshooting/errors#no-such-element-exception\nStacktrace:\n#0 0x55f0217f46c3 <unknown>\n#1 0x55f0214ca1e7 <unknown>\n#2 0x55f021511566 <unknown>\n#3 0x55f021511651 <unknown>\n#4 0x55f02154ea74 <unknown>\n#5 0x55f0215330ed <unknown>\n#6 0x55f02154c322 <unknown>\n#7 0x55f021532e93 <unknown>\n#8 0x55f021505934 <unknown>\n#9 0x55f02150671e <unknown>\n#10 0x55f0217b9cc8 <unknown>\n#11 0x55f0217bdc00 <unknown>\n#12 0x55f0217c81ac <unknown>\n#13 0x55f0217be818 <unknown>\n#14 0x55f02178b28f <unknown>\n#15 0x55f0217e2e98 <unknown>\n#16 0x55f0217e3069 <unknown>\n#17 0x55f0217f3853 <unknown>\n#18 0x7fad8e1bc044 <unknown>","time":{"start":1695085154314,"stop":1695085154836,"duration":522}},{"uid":"5a298ca99fb82f2","reportUrl":"https://Nat754.github.io/StroyremAutomation/67//#testresult/5a298ca99fb82f2","status":"skipped","statusDetails":"XFAIL\n\nselenium.common.exceptions.NoSuchElementException: Message: no such element: Unable to locate element: {\"method\":\"xpath\",\"selector\":\"(//a[@class='add-to-cart yellow-btn'])[1]\"}\n  (Session info: headless chrome=117.0.5938.88); For documentation on this error, please visit: https://www.selenium.dev/documentation/webdriver/troubleshooting/errors#no-such-element-exception\nStacktrace:\n#0 0x55f94c6816c3 <unknown>\n#1 0x55f94c3571e7 <unknown>\n#2 0x55f94c39e566 <unknown>\n#3 0x55f94c39e651 <unknown>\n#4 0x55f94c3dba74 <unknown>\n#5 0x55f94c3c00ed <unknown>\n#6 0x55f94c3d9322 <unknown>\n#7 0x55f94c3bfe93 <unknown>\n#8 0x55f94c392934 <unknown>\n#9 0x55f94c39371e <unknown>\n#10 0x55f94c646cc8 <unknown>\n#11 0x55f94c64ac00 <unknown>\n#12 0x55f94c6551ac <unknown>\n#13 0x55f94c64b818 <unknown>\n#14 0x55f94c61828f <unknown>\n#15 0x55f94c66fe98 <unknown>\n#16 0x55f94c670069 <unknown>\n#17 0x55f94c680853 <unknown>\n#18 0x7f532ce22044 <unknown>","time":{"start":1695063667453,"stop":1695063668020,"duration":567}},{"uid":"a6914013c211bf04","reportUrl":"https://Nat754.github.io/StroyremAutomation/66//#testresult/a6914013c211bf04","status":"skipped","statusDetails":"XFAIL\n\nselenium.common.exceptions.NoSuchElementException: Message: no such element: Unable to locate element: {\"method\":\"xpath\",\"selector\":\"(//a[@class='add-to-cart yellow-btn'])[1]\"}\n  (Session info: headless chrome=117.0.5938.88); For documentation on this error, please visit: https://www.selenium.dev/documentation/webdriver/troubleshooting/errors#no-such-element-exception\nStacktrace:\n#0 0x557abe8496c3 <unknown>\n#1 0x557abe51f1e7 <unknown>\n#2 0x557abe566566 <unknown>\n#3 0x557abe566651 <unknown>\n#4 0x557abe5a3a74 <unknown>\n#5 0x557abe5880ed <unknown>\n#6 0x557abe5a1322 <unknown>\n#7 0x557abe587e93 <unknown>\n#8 0x557abe55a934 <unknown>\n#9 0x557abe55b71e <unknown>\n#10 0x557abe80ecc8 <unknown>\n#11 0x557abe812c00 <unknown>\n#12 0x557abe81d1ac <unknown>\n#13 0x557abe813818 <unknown>\n#14 0x557abe7e028f <unknown>\n#15 0x557abe837e98 <unknown>\n#16 0x557abe838069 <unknown>\n#17 0x557abe848853 <unknown>\n#18 0x7f10c99c2044 <unknown>","time":{"start":1695060478934,"stop":1695060479373,"duration":439}},{"uid":"bd00e120c3137c1f","reportUrl":"https://Nat754.github.io/StroyremAutomation/66//#testresult/bd00e120c3137c1f","status":"skipped","statusDetails":"XFAIL\n\nselenium.common.exceptions.NoSuchElementException: Message: no such element: Unable to locate element: {\"method\":\"xpath\",\"selector\":\"(//a[@class='add-to-cart yellow-btn'])[1]\"}\n  (Session info: headless chrome=117.0.5938.88); For documentation on this error, please visit: https://www.selenium.dev/documentation/webdriver/troubleshooting/errors#no-such-element-exception\nStacktrace:\n#0 0x5603b06006c3 <unknown>\n#1 0x5603b02d61e7 <unknown>\n#2 0x5603b031d566 <unknown>\n#3 0x5603b031d651 <unknown>\n#4 0x5603b035aa74 <unknown>\n#5 0x5603b033f0ed <unknown>\n#6 0x5603b0358322 <unknown>\n#7 0x5603b033ee93 <unknown>\n#8 0x5603b0311934 <unknown>\n#9 0x5603b031271e <unknown>\n#10 0x5603b05c5cc8 <unknown>\n#11 0x5603b05c9c00 <unknown>\n#12 0x5603b05d41ac <unknown>\n#13 0x5603b05ca818 <unknown>\n#14 0x5603b059728f <unknown>\n#15 0x5603b05eee98 <unknown>\n#16 0x5603b05ef069 <unknown>\n#17 0x5603b05ff853 <unknown>\n#18 0x7f8e32e39044 <unknown>","time":{"start":1694998513581,"stop":1694998514097,"duration":516}},{"uid":"2f599880809d1936","reportUrl":"https://Nat754.github.io/StroyremAutomation/65//#testresult/2f599880809d1936","status":"skipped","statusDetails":"XFAIL\n\nselenium.common.exceptions.NoSuchElementException: Message: no such element: Unable to locate element: {\"method\":\"xpath\",\"selector\":\"(//a[@class='add-to-cart yellow-btn'])[1]\"}\n  (Session info: headless chrome=117.0.5938.88); For documentation on this error, please visit: https://www.selenium.dev/documentation/webdriver/troubleshooting/errors#no-such-element-exception\nStacktrace:\n#0 0x555f299cb6c3 <unknown>\n#1 0x555f296a11e7 <unknown>\n#2 0x555f296e8566 <unknown>\n#3 0x555f296e8651 <unknown>\n#4 0x555f29725a74 <unknown>\n#5 0x555f2970a0ed <unknown>\n#6 0x555f29723322 <unknown>\n#7 0x555f29709e93 <unknown>\n#8 0x555f296dc934 <unknown>\n#9 0x555f296dd71e <unknown>\n#10 0x555f29990cc8 <unknown>\n#11 0x555f29994c00 <unknown>\n#12 0x555f2999f1ac <unknown>\n#13 0x555f29995818 <unknown>\n#14 0x555f2996228f <unknown>\n#15 0x555f299b9e98 <unknown>\n#16 0x555f299ba069 <unknown>\n#17 0x555f299ca853 <unknown>\n#18 0x7f82fa905044 <unknown>","time":{"start":1694929463253,"stop":1694929463809,"duration":556}},{"uid":"cb892c96752c5c90","reportUrl":"https://Nat754.github.io/StroyremAutomation/65//#testresult/cb892c96752c5c90","status":"skipped","statusDetails":"XFAIL\n\nselenium.common.exceptions.NoSuchElementException: Message: no such element: Unable to locate element: {\"method\":\"xpath\",\"selector\":\"(//a[@class='add-to-cart yellow-btn'])[1]\"}\n  (Session info: headless chrome=117.0.5938.88); For documentation on this error, please visit: https://www.selenium.dev/documentation/webdriver/troubleshooting/errors#no-such-element-exception\nStacktrace:\n#0 0x5637235046c3 <unknown>\n#1 0x5637231da1e7 <unknown>\n#2 0x563723221566 <unknown>\n#3 0x563723221651 <unknown>\n#4 0x56372325ea74 <unknown>\n#5 0x5637232430ed <unknown>\n#6 0x56372325c322 <unknown>\n#7 0x563723242e93 <unknown>\n#8 0x563723215934 <unknown>\n#9 0x56372321671e <unknown>\n#10 0x5637234c9cc8 <unknown>\n#11 0x5637234cdc00 <unknown>\n#12 0x5637234d81ac <unknown>\n#13 0x5637234ce818 <unknown>\n#14 0x56372349b28f <unknown>\n#15 0x5637234f2e98 <unknown>\n#16 0x5637234f3069 <unknown>\n#17 0x563723503853 <unknown>\n#18 0x7f38a4d2c044 <unknown>","time":{"start":1694912361685,"stop":1694912362265,"duration":580}},{"uid":"c49bfd3edd1174e6","reportUrl":"https://Nat754.github.io/StroyremAutomation/64//#testresult/c49bfd3edd1174e6","status":"skipped","statusDetails":"XFAIL\n\nselenium.common.exceptions.NoSuchElementException: Message: no such element: Unable to locate element: {\"method\":\"xpath\",\"selector\":\"(//a[@class='add-to-cart yellow-btn'])[1]\"}\n  (Session info: headless chrome=117.0.5938.88); For documentation on this error, please visit: https://www.selenium.dev/documentation/webdriver/troubleshooting/errors#no-such-element-exception\nStacktrace:\n#0 0x55cf053546c3 <unknown>\n#1 0x55cf0502a1e7 <unknown>\n#2 0x55cf05071566 <unknown>\n#3 0x55cf05071651 <unknown>\n#4 0x55cf050aea74 <unknown>\n#5 0x55cf050930ed <unknown>\n#6 0x55cf050ac322 <unknown>\n#7 0x55cf05092e93 <unknown>\n#8 0x55cf05065934 <unknown>\n#9 0x55cf0506671e <unknown>\n#10 0x55cf05319cc8 <unknown>\n#11 0x55cf0531dc00 <unknown>\n#12 0x55cf053281ac <unknown>\n#13 0x55cf0531e818 <unknown>\n#14 0x55cf052eb28f <unknown>\n#15 0x55cf05342e98 <unknown>\n#16 0x55cf05343069 <unknown>\n#17 0x55cf05353853 <unknown>\n#18 0x7f233a58a044 <unknown>","time":{"start":1694825662730,"stop":1694825663250,"duration":520}},{"uid":"2d6ca9b3505a55ae","reportUrl":"https://Nat754.github.io/StroyremAutomation/63//#testresult/2d6ca9b3505a55ae","status":"skipped","statusDetails":"XFAIL\n\nselenium.common.exceptions.NoSuchElementException: Message: no such element: Unable to locate element: {\"method\":\"xpath\",\"selector\":\"(//a[@class='add-to-cart yellow-btn'])[1]\"}\n  (Session info: headless chrome=117.0.5938.62); For documentation on this error, please visit: https://www.selenium.dev/documentation/webdriver/troubleshooting/errors#no-such-element-exception\nStacktrace:\n#0 0x5584e20a0693 <unknown>\n#1 0x5584e1d761e7 <unknown>\n#2 0x5584e1dbd566 <unknown>\n#3 0x5584e1dbd651 <unknown>\n#4 0x5584e1dfaa74 <unknown>\n#5 0x5584e1ddf0ed <unknown>\n#6 0x5584e1df8322 <unknown>\n#7 0x5584e1ddee93 <unknown>\n#8 0x5584e1db1934 <unknown>\n#9 0x5584e1db271e <unknown>\n#10 0x5584e2065c98 <unknown>\n#11 0x5584e2069bd0 <unknown>\n#12 0x5584e207417c <unknown>\n#13 0x5584e206a7e8 <unknown>\n#14 0x5584e203725f <unknown>\n#15 0x5584e208ee68 <unknown>\n#16 0x5584e208f039 <unknown>\n#17 0x5584e209f823 <unknown>\n#18 0x7f5b8f299044 <unknown>","time":{"start":1694739406973,"stop":1694739407505,"duration":532}},{"uid":"7a9ed62137987c45","reportUrl":"https://Nat754.github.io/StroyremAutomation/62//#testresult/7a9ed62137987c45","status":"skipped","statusDetails":"XFAIL\n\nselenium.common.exceptions.NoSuchElementException: Message: no such element: Unable to locate element: {\"method\":\"xpath\",\"selector\":\"(//a[@class='add-to-cart yellow-btn'])[1]\"}\n  (Session info: headless chrome=117.0.5938.62); For documentation on this error, please visit: https://www.selenium.dev/documentation/webdriver/troubleshooting/errors#no-such-element-exception\nStacktrace:\n#0 0x558ba11a0693 <unknown>\n#1 0x558ba0e761e7 <unknown>\n#2 0x558ba0ebd566 <unknown>\n#3 0x558ba0ebd651 <unknown>\n#4 0x558ba0efaa74 <unknown>\n#5 0x558ba0edf0ed <unknown>\n#6 0x558ba0ef8322 <unknown>\n#7 0x558ba0edee93 <unknown>\n#8 0x558ba0eb1934 <unknown>\n#9 0x558ba0eb271e <unknown>\n#10 0x558ba1165c98 <unknown>\n#11 0x558ba1169bd0 <unknown>\n#12 0x558ba117417c <unknown>\n#13 0x558ba116a7e8 <unknown>\n#14 0x558ba113725f <unknown>\n#15 0x558ba118ee68 <unknown>\n#16 0x558ba118f039 <unknown>\n#17 0x558ba119f823 <unknown>\n#18 0x7f86bcd4f044 <unknown>","time":{"start":1694652946905,"stop":1694652947363,"duration":458}}]},"tags":["@pytest.mark.xfail","smoke_test"]},"source":"29d3828dc7b90f5f.json","parameterValues":["3320","25","'TD 019'","2490","'products/shtukaturka-gipsovaya-aksolit-m50-30-kg-mashinnogo-naneseniya'","1150","'https://sandboxtest.stroyrem-nn.ru/'","1700"]}