{"uid":"9a7e5e5c5dea3353","name":"TD 015 Доставка товара весом до 30кг. в синей зоне","fullName":"tests.delivery.test_delivery_calculation.TestDeliveryPageCalculation#test_positive_delivery_blue_zone_smoke","historyId":"ae12a59ab9fb9a38e23182dccc7cf409","time":{"start":1696035334552,"stop":1696035335089,"duration":537},"status":"skipped","statusMessage":"XFAIL\n\nselenium.common.exceptions.NoSuchElementException: Message: no such element: Unable to locate element: {\"method\":\"xpath\",\"selector\":\"(//a[@class='add-to-cart yellow-btn'])[1]\"}\n  (Session info: headless chrome=117.0.5938.92); For documentation on this error, please visit: https://www.selenium.dev/documentation/webdriver/troubleshooting/errors#no-such-element-exception\nStacktrace:\n#0 0x55ef1e9c36b3 <unknown>\n#1 0x55ef1e6991e7 <unknown>\n#2 0x55ef1e6e0566 <unknown>\n#3 0x55ef1e6e0651 <unknown>\n#4 0x55ef1e71da74 <unknown>\n#5 0x55ef1e7020ed <unknown>\n#6 0x55ef1e71b322 <unknown>\n#7 0x55ef1e701e93 <unknown>\n#8 0x55ef1e6d4934 <unknown>\n#9 0x55ef1e6d571e <unknown>\n#10 0x55ef1e988cb8 <unknown>\n#11 0x55ef1e98cbf0 <unknown>\n#12 0x55ef1e99719c <unknown>\n#13 0x55ef1e98d808 <unknown>\n#14 0x55ef1e95a27f <unknown>\n#15 0x55ef1e9b1e88 <unknown>\n#16 0x55ef1e9b2059 <unknown>\n#17 0x55ef1e9c2843 <unknown>\n#18 0x7fbcd3fa2044 <unknown>","statusTrace":"self = <tests.delivery.test_delivery_calculation.TestDeliveryPageCalculation object at 0x7f0ebab25510>\ndriver = <selenium.webdriver.chrome.webdriver.WebDriver (session=\"4e227ba4b0f65de0f7b6e1066441689c\")>\nurl = 'https://sandboxtest.stroyrem-nn.ru/', case_id = 'TD 015'\nlink_item = 'products/shtukaturka-tsementnaya-bergauf-bau-putts-tsement-25kg-56sht'\namount = 1, weight = 30, standard = 650, in_time = 2390, all_time = 3320\n\n    @pytest.mark.parametrize('case_id, link_item, amount, weight, standard, in_time, all_time', [\n        (\"TD 015\", bundeks_25, 1, 30, 650, 2390, 3320),\n        pytest.param(\n            \"TD 016\", aksolit_30, 8, 300, 650, 2390, 3320,\n            marks=pytest.mark.xfail(reson=\"Цена доставки: - - -\")\n        ),\n        (\"TD 017\", aksolit_30, 13, 400, 650, 2390, 3320),\n        (\"TD 018\", aksolit_30, 16, 500, 850, 2490, 3320),\n        (\"TD 019\", aksolit_30, 25, 1700, 1150, 2490, 3320),\n        (\"TD 020\", aksolit_30, 66, 2000, 1500, 2990, 3650),\n        (\"TD 021\", aksolit_30, 149, 4500, 2600, 4380, 4890),\n        (\"TD 022\", aksolit_30, 166, 5000, 2800, 5490, 5980),\n        pytest.param(\n            \"TD 023\", aksolit_30, 206, 6200, 3300, 7500, 8000,\n            marks=pytest.mark.xfail(reson=\"Цена доставки: 4300 9900 11440\")\n        ),\n        (\"TD 024\", aksolit_30, 299, 9000, 4300, 9900, 11440),\n        (\"TD 025\", aksolit_30, 333, 10000, 7000, 13900, 15900),\n        pytest.param(\n            \"TD 026\", aksolit_30, 366, 11000, 8000, 14900, 19900,\n            marks=pytest.mark.xfail(reson=\"Цена доставки: 7000 13900 15900\")\n        ),\n        pytest.param(\n            \"TD 027\", aksolit_30, 666, 20000, 14000, 16900, 23900,\n            marks=pytest.mark.xfail(reson=\"Цена доставки: 7000 13900 15900\")\n        )\n    ])\n    @pytest.mark.xfail\n    @pytest.mark.smoke_test\n    def test_positive_delivery_blue_zone_smoke(\n            self, driver, url, case_id, link_item, amount, weight, standard, in_time, all_time\n    ):\n        allure.dynamic.title(f\"{case_id} Доставка товара весом до {weight}кг. в синей зоне\")\n    \n        driver.get(f'{url}{link_item}')\n        item_page = ItemPage(driver)\n>       item_page.add_item_to_cart(amount).click_on_cart()\n\ntests/delivery/test_delivery_calculation.py:132: \n_ _ _ _ _ _ _ _ _ _ _ _ _ _ _ _ _ _ _ _ _ _ _ _ _ _ _ _ _ _ _ _ _ _ _ _ _ _ _ _ \npages/item_page.py:40: in add_item_to_cart\n    self.find_element(self._add_item).click()\nbase/seleniumbase.py:17: in find_element\n    return self.driver.find_element(*locator)\n/usr/local/lib/python3.11/site-packages/selenium/webdriver/remote/webdriver.py:739: in find_element\n    return self.execute(Command.FIND_ELEMENT, {\"using\": by, \"value\": value})[\"value\"]\n/usr/local/lib/python3.11/site-packages/selenium/webdriver/remote/webdriver.py:345: in execute\n    self.error_handler.check_response(response)\n_ _ _ _ _ _ _ _ _ _ _ _ _ _ _ _ _ _ _ _ _ _ _ _ _ _ _ _ _ _ _ _ _ _ _ _ _ _ _ _ \n\nself = <selenium.webdriver.remote.errorhandler.ErrorHandler object at 0x7f0ebb1f7a90>\nresponse = {'status': 404, 'value': '{\"value\":{\"error\":\"no such element\",\"message\":\"no such element: Unable to locate element: {\\...\\\\n#16 0x55ef1e9b2059 \\\\u003Cunknown>\\\\n#17 0x55ef1e9c2843 \\\\u003Cunknown>\\\\n#18 0x7fbcd3fa2044 \\\\u003Cunknown>\\\\n\"}}'}\n\n    def check_response(self, response: Dict[str, Any]) -> None:\n        \"\"\"Checks that a JSON response from the WebDriver does not have an\n        error.\n    \n        :Args:\n         - response - The JSON response from the WebDriver server as a dictionary\n           object.\n    \n        :Raises: If the response contains an error message.\n        \"\"\"\n        status = response.get(\"status\", None)\n        if not status or status == ErrorCode.SUCCESS:\n            return\n        value = None\n        message = response.get(\"message\", \"\")\n        screen: str = response.get(\"screen\", \"\")\n        stacktrace = None\n        if isinstance(status, int):\n            value_json = response.get(\"value\", None)\n            if value_json and isinstance(value_json, str):\n                import json\n    \n                try:\n                    value = json.loads(value_json)\n                    if len(value) == 1:\n                        value = value[\"value\"]\n                    status = value.get(\"error\", None)\n                    if not status:\n                        status = value.get(\"status\", ErrorCode.UNKNOWN_ERROR)\n                        message = value.get(\"value\") or value.get(\"message\")\n                        if not isinstance(message, str):\n                            value = message\n                            message = message.get(\"message\")\n                    else:\n                        message = value.get(\"message\", None)\n                except ValueError:\n                    pass\n    \n        exception_class: Type[WebDriverException]\n        e = ErrorCode()\n        error_codes = [item for item in dir(e) if not item.startswith(\"__\")]\n        for error_code in error_codes:\n            error_info = getattr(ErrorCode, error_code)\n            if isinstance(error_info, list) and status in error_info:\n                exception_class = getattr(ExceptionMapping, error_code, WebDriverException)\n                break\n        else:\n            exception_class = WebDriverException\n    \n        if not value:\n            value = response[\"value\"]\n        if isinstance(value, str):\n            raise exception_class(value)\n        if message == \"\" and \"message\" in value:\n            message = value[\"message\"]\n    \n        screen = None  # type: ignore[assignment]\n        if \"screen\" in value:\n            screen = value[\"screen\"]\n    \n        stacktrace = None\n        st_value = value.get(\"stackTrace\") or value.get(\"stacktrace\")\n        if st_value:\n            if isinstance(st_value, str):\n                stacktrace = st_value.split(\"\\n\")\n            else:\n                stacktrace = []\n                try:\n                    for frame in st_value:\n                        line = frame.get(\"lineNumber\", \"\")\n                        file = frame.get(\"fileName\", \"<anonymous>\")\n                        if line:\n                            file = f\"{file}:{line}\"\n                        meth = frame.get(\"methodName\", \"<anonymous>\")\n                        if \"className\" in frame:\n                            meth = f\"{frame['className']}.{meth}\"\n                        msg = \"    at %s (%s)\"\n                        msg = msg % (meth, file)\n                        stacktrace.append(msg)\n                except TypeError:\n                    pass\n        if exception_class == UnexpectedAlertPresentException:\n            alert_text = None\n            if \"data\" in value:\n                alert_text = value[\"data\"].get(\"text\")\n            elif \"alert\" in value:\n                alert_text = value[\"alert\"].get(\"text\")\n            raise exception_class(message, screen, stacktrace, alert_text)  # type: ignore[call-arg]  # mypy is not smart enough here\n>       raise exception_class(message, screen, stacktrace)\nE       selenium.common.exceptions.NoSuchElementException: Message: no such element: Unable to locate element: {\"method\":\"xpath\",\"selector\":\"(//a[@class='add-to-cart yellow-btn'])[1]\"}\nE         (Session info: headless chrome=117.0.5938.92); For documentation on this error, please visit: https://www.selenium.dev/documentation/webdriver/troubleshooting/errors#no-such-element-exception\nE       Stacktrace:\nE       #0 0x55ef1e9c36b3 <unknown>\nE       #1 0x55ef1e6991e7 <unknown>\nE       #2 0x55ef1e6e0566 <unknown>\nE       #3 0x55ef1e6e0651 <unknown>\nE       #4 0x55ef1e71da74 <unknown>\nE       #5 0x55ef1e7020ed <unknown>\nE       #6 0x55ef1e71b322 <unknown>\nE       #7 0x55ef1e701e93 <unknown>\nE       #8 0x55ef1e6d4934 <unknown>\nE       #9 0x55ef1e6d571e <unknown>\nE       #10 0x55ef1e988cb8 <unknown>\nE       #11 0x55ef1e98cbf0 <unknown>\nE       #12 0x55ef1e99719c <unknown>\nE       #13 0x55ef1e98d808 <unknown>\nE       #14 0x55ef1e95a27f <unknown>\nE       #15 0x55ef1e9b1e88 <unknown>\nE       #16 0x55ef1e9b2059 <unknown>\nE       #17 0x55ef1e9c2843 <unknown>\nE       #18 0x7fbcd3fa2044 <unknown>\n\n/usr/local/lib/python3.11/site-packages/selenium/webdriver/remote/errorhandler.py:229: NoSuchElementException","flaky":false,"newFailed":false,"newBroken":false,"newPassed":false,"retriesCount":0,"retriesStatusChange":false,"beforeStages":[{"name":"_session_faker","time":{"start":1696034764611,"stop":1696034764698,"duration":87},"status":"passed","steps":[],"attachments":[],"parameters":[],"shouldDisplayMessage":false,"stepsCount":0,"attachmentsCount":0,"hasContent":false},{"name":"clear_allure_results_folder","time":{"start":1696034764698,"stop":1696034764698,"duration":0},"status":"passed","steps":[],"attachments":[],"parameters":[],"shouldDisplayMessage":false,"stepsCount":0,"attachmentsCount":0,"hasContent":false},{"name":"driver","time":{"start":1696035333720,"stop":1696035334551,"duration":831},"status":"passed","steps":[],"attachments":[],"parameters":[],"shouldDisplayMessage":false,"stepsCount":0,"attachmentsCount":0,"hasContent":false},{"name":"setup","time":{"start":1696035334551,"stop":1696035334551,"duration":0},"status":"passed","steps":[],"attachments":[],"parameters":[],"shouldDisplayMessage":false,"stepsCount":0,"attachmentsCount":0,"hasContent":false}],"testStage":{"status":"skipped","statusMessage":"XFAIL\n\nselenium.common.exceptions.NoSuchElementException: Message: no such element: Unable to locate element: {\"method\":\"xpath\",\"selector\":\"(//a[@class='add-to-cart yellow-btn'])[1]\"}\n  (Session info: headless chrome=117.0.5938.92); For documentation on this error, please visit: https://www.selenium.dev/documentation/webdriver/troubleshooting/errors#no-such-element-exception\nStacktrace:\n#0 0x55ef1e9c36b3 <unknown>\n#1 0x55ef1e6991e7 <unknown>\n#2 0x55ef1e6e0566 <unknown>\n#3 0x55ef1e6e0651 <unknown>\n#4 0x55ef1e71da74 <unknown>\n#5 0x55ef1e7020ed <unknown>\n#6 0x55ef1e71b322 <unknown>\n#7 0x55ef1e701e93 <unknown>\n#8 0x55ef1e6d4934 <unknown>\n#9 0x55ef1e6d571e <unknown>\n#10 0x55ef1e988cb8 <unknown>\n#11 0x55ef1e98cbf0 <unknown>\n#12 0x55ef1e99719c <unknown>\n#13 0x55ef1e98d808 <unknown>\n#14 0x55ef1e95a27f <unknown>\n#15 0x55ef1e9b1e88 <unknown>\n#16 0x55ef1e9b2059 <unknown>\n#17 0x55ef1e9c2843 <unknown>\n#18 0x7fbcd3fa2044 <unknown>","statusTrace":"self = <tests.delivery.test_delivery_calculation.TestDeliveryPageCalculation object at 0x7f0ebab25510>\ndriver = <selenium.webdriver.chrome.webdriver.WebDriver (session=\"4e227ba4b0f65de0f7b6e1066441689c\")>\nurl = 'https://sandboxtest.stroyrem-nn.ru/', case_id = 'TD 015'\nlink_item = 'products/shtukaturka-tsementnaya-bergauf-bau-putts-tsement-25kg-56sht'\namount = 1, weight = 30, standard = 650, in_time = 2390, all_time = 3320\n\n    @pytest.mark.parametrize('case_id, link_item, amount, weight, standard, in_time, all_time', [\n        (\"TD 015\", bundeks_25, 1, 30, 650, 2390, 3320),\n        pytest.param(\n            \"TD 016\", aksolit_30, 8, 300, 650, 2390, 3320,\n            marks=pytest.mark.xfail(reson=\"Цена доставки: - - -\")\n        ),\n        (\"TD 017\", aksolit_30, 13, 400, 650, 2390, 3320),\n        (\"TD 018\", aksolit_30, 16, 500, 850, 2490, 3320),\n        (\"TD 019\", aksolit_30, 25, 1700, 1150, 2490, 3320),\n        (\"TD 020\", aksolit_30, 66, 2000, 1500, 2990, 3650),\n        (\"TD 021\", aksolit_30, 149, 4500, 2600, 4380, 4890),\n        (\"TD 022\", aksolit_30, 166, 5000, 2800, 5490, 5980),\n        pytest.param(\n            \"TD 023\", aksolit_30, 206, 6200, 3300, 7500, 8000,\n            marks=pytest.mark.xfail(reson=\"Цена доставки: 4300 9900 11440\")\n        ),\n        (\"TD 024\", aksolit_30, 299, 9000, 4300, 9900, 11440),\n        (\"TD 025\", aksolit_30, 333, 10000, 7000, 13900, 15900),\n        pytest.param(\n            \"TD 026\", aksolit_30, 366, 11000, 8000, 14900, 19900,\n            marks=pytest.mark.xfail(reson=\"Цена доставки: 7000 13900 15900\")\n        ),\n        pytest.param(\n            \"TD 027\", aksolit_30, 666, 20000, 14000, 16900, 23900,\n            marks=pytest.mark.xfail(reson=\"Цена доставки: 7000 13900 15900\")\n        )\n    ])\n    @pytest.mark.xfail\n    @pytest.mark.smoke_test\n    def test_positive_delivery_blue_zone_smoke(\n            self, driver, url, case_id, link_item, amount, weight, standard, in_time, all_time\n    ):\n        allure.dynamic.title(f\"{case_id} Доставка товара весом до {weight}кг. в синей зоне\")\n    \n        driver.get(f'{url}{link_item}')\n        item_page = ItemPage(driver)\n>       item_page.add_item_to_cart(amount).click_on_cart()\n\ntests/delivery/test_delivery_calculation.py:132: \n_ _ _ _ _ _ _ _ _ _ _ _ _ _ _ _ _ _ _ _ _ _ _ _ _ _ _ _ _ _ _ _ _ _ _ _ _ _ _ _ \npages/item_page.py:40: in add_item_to_cart\n    self.find_element(self._add_item).click()\nbase/seleniumbase.py:17: in find_element\n    return self.driver.find_element(*locator)\n/usr/local/lib/python3.11/site-packages/selenium/webdriver/remote/webdriver.py:739: in find_element\n    return self.execute(Command.FIND_ELEMENT, {\"using\": by, \"value\": value})[\"value\"]\n/usr/local/lib/python3.11/site-packages/selenium/webdriver/remote/webdriver.py:345: in execute\n    self.error_handler.check_response(response)\n_ _ _ _ _ _ _ _ _ _ _ _ _ _ _ _ _ _ _ _ _ _ _ _ _ _ _ _ _ _ _ _ _ _ _ _ _ _ _ _ \n\nself = <selenium.webdriver.remote.errorhandler.ErrorHandler object at 0x7f0ebb1f7a90>\nresponse = {'status': 404, 'value': '{\"value\":{\"error\":\"no such element\",\"message\":\"no such element: Unable to locate element: {\\...\\\\n#16 0x55ef1e9b2059 \\\\u003Cunknown>\\\\n#17 0x55ef1e9c2843 \\\\u003Cunknown>\\\\n#18 0x7fbcd3fa2044 \\\\u003Cunknown>\\\\n\"}}'}\n\n    def check_response(self, response: Dict[str, Any]) -> None:\n        \"\"\"Checks that a JSON response from the WebDriver does not have an\n        error.\n    \n        :Args:\n         - response - The JSON response from the WebDriver server as a dictionary\n           object.\n    \n        :Raises: If the response contains an error message.\n        \"\"\"\n        status = response.get(\"status\", None)\n        if not status or status == ErrorCode.SUCCESS:\n            return\n        value = None\n        message = response.get(\"message\", \"\")\n        screen: str = response.get(\"screen\", \"\")\n        stacktrace = None\n        if isinstance(status, int):\n            value_json = response.get(\"value\", None)\n            if value_json and isinstance(value_json, str):\n                import json\n    \n                try:\n                    value = json.loads(value_json)\n                    if len(value) == 1:\n                        value = value[\"value\"]\n                    status = value.get(\"error\", None)\n                    if not status:\n                        status = value.get(\"status\", ErrorCode.UNKNOWN_ERROR)\n                        message = value.get(\"value\") or value.get(\"message\")\n                        if not isinstance(message, str):\n                            value = message\n                            message = message.get(\"message\")\n                    else:\n                        message = value.get(\"message\", None)\n                except ValueError:\n                    pass\n    \n        exception_class: Type[WebDriverException]\n        e = ErrorCode()\n        error_codes = [item for item in dir(e) if not item.startswith(\"__\")]\n        for error_code in error_codes:\n            error_info = getattr(ErrorCode, error_code)\n            if isinstance(error_info, list) and status in error_info:\n                exception_class = getattr(ExceptionMapping, error_code, WebDriverException)\n                break\n        else:\n            exception_class = WebDriverException\n    \n        if not value:\n            value = response[\"value\"]\n        if isinstance(value, str):\n            raise exception_class(value)\n        if message == \"\" and \"message\" in value:\n            message = value[\"message\"]\n    \n        screen = None  # type: ignore[assignment]\n        if \"screen\" in value:\n            screen = value[\"screen\"]\n    \n        stacktrace = None\n        st_value = value.get(\"stackTrace\") or value.get(\"stacktrace\")\n        if st_value:\n            if isinstance(st_value, str):\n                stacktrace = st_value.split(\"\\n\")\n            else:\n                stacktrace = []\n                try:\n                    for frame in st_value:\n                        line = frame.get(\"lineNumber\", \"\")\n                        file = frame.get(\"fileName\", \"<anonymous>\")\n                        if line:\n                            file = f\"{file}:{line}\"\n                        meth = frame.get(\"methodName\", \"<anonymous>\")\n                        if \"className\" in frame:\n                            meth = f\"{frame['className']}.{meth}\"\n                        msg = \"    at %s (%s)\"\n                        msg = msg % (meth, file)\n                        stacktrace.append(msg)\n                except TypeError:\n                    pass\n        if exception_class == UnexpectedAlertPresentException:\n            alert_text = None\n            if \"data\" in value:\n                alert_text = value[\"data\"].get(\"text\")\n            elif \"alert\" in value:\n                alert_text = value[\"alert\"].get(\"text\")\n            raise exception_class(message, screen, stacktrace, alert_text)  # type: ignore[call-arg]  # mypy is not smart enough here\n>       raise exception_class(message, screen, stacktrace)\nE       selenium.common.exceptions.NoSuchElementException: Message: no such element: Unable to locate element: {\"method\":\"xpath\",\"selector\":\"(//a[@class='add-to-cart yellow-btn'])[1]\"}\nE         (Session info: headless chrome=117.0.5938.92); For documentation on this error, please visit: https://www.selenium.dev/documentation/webdriver/troubleshooting/errors#no-such-element-exception\nE       Stacktrace:\nE       #0 0x55ef1e9c36b3 <unknown>\nE       #1 0x55ef1e6991e7 <unknown>\nE       #2 0x55ef1e6e0566 <unknown>\nE       #3 0x55ef1e6e0651 <unknown>\nE       #4 0x55ef1e71da74 <unknown>\nE       #5 0x55ef1e7020ed <unknown>\nE       #6 0x55ef1e71b322 <unknown>\nE       #7 0x55ef1e701e93 <unknown>\nE       #8 0x55ef1e6d4934 <unknown>\nE       #9 0x55ef1e6d571e <unknown>\nE       #10 0x55ef1e988cb8 <unknown>\nE       #11 0x55ef1e98cbf0 <unknown>\nE       #12 0x55ef1e99719c <unknown>\nE       #13 0x55ef1e98d808 <unknown>\nE       #14 0x55ef1e95a27f <unknown>\nE       #15 0x55ef1e9b1e88 <unknown>\nE       #16 0x55ef1e9b2059 <unknown>\nE       #17 0x55ef1e9c2843 <unknown>\nE       #18 0x7fbcd3fa2044 <unknown>\n\n/usr/local/lib/python3.11/site-packages/selenium/webdriver/remote/errorhandler.py:229: NoSuchElementException","steps":[{"name":"Добавляем товар в корзину в количестве 1","time":{"start":1696035335073,"stop":1696035335089,"duration":16},"status":"broken","statusMessage":"selenium.common.exceptions.NoSuchElementException: Message: no such element: Unable to locate element: {\"method\":\"xpath\",\"selector\":\"(//a[@class='add-to-cart yellow-btn'])[1]\"}\n  (Session info: headless chrome=117.0.5938.92); For documentation on this error, please visit: https://www.selenium.dev/documentation/webdriver/troubleshooting/errors#no-such-element-exception\nStacktrace:\n#0 0x55ef1e9c36b3 <unknown>\n#1 0x55ef1e6991e7 <unknown>\n#2 0x55ef1e6e0566 <unknown>\n#3 0x55ef1e6e0651 <unknown>\n#4 0x55ef1e71da74 <unknown>\n#5 0x55ef1e7020ed <unknown>\n#6 0x55ef1e71b322 <unknown>\n#7 0x55ef1e701e93 <unknown>\n#8 0x55ef1e6d4934 <unknown>\n#9 0x55ef1e6d571e <unknown>\n#10 0x55ef1e988cb8 <unknown>\n#11 0x55ef1e98cbf0 <unknown>\n#12 0x55ef1e99719c <unknown>\n#13 0x55ef1e98d808 <unknown>\n#14 0x55ef1e95a27f <unknown>\n#15 0x55ef1e9b1e88 <unknown>\n#16 0x55ef1e9b2059 <unknown>\n#17 0x55ef1e9c2843 <unknown>\n#18 0x7fbcd3fa2044 <unknown>\n\n","statusTrace":"  File \"/usr/local/lib/python3.11/site-packages/allure_commons/_allure.py\", line 192, in impl\n    return func(*a, **kw)\n           ^^^^^^^^^^^^^^\n  File \"/app/pages/item_page.py\", line 40, in add_item_to_cart\n    self.find_element(self._add_item).click()\n    ^^^^^^^^^^^^^^^^^^^^^^^^^^^^^^^^^\n  File \"/app/base/seleniumbase.py\", line 17, in find_element\n    return self.driver.find_element(*locator)\n           ^^^^^^^^^^^^^^^^^^^^^^^^^^^^^^^^^^\n  File \"/usr/local/lib/python3.11/site-packages/selenium/webdriver/remote/webdriver.py\", line 739, in find_element\n    return self.execute(Command.FIND_ELEMENT, {\"using\": by, \"value\": value})[\"value\"]\n           ^^^^^^^^^^^^^^^^^^^^^^^^^^^^^^^^^^^^^^^^^^^^^^^^^^^^^^^^^^^^^^^^^\n  File \"/usr/local/lib/python3.11/site-packages/selenium/webdriver/remote/webdriver.py\", line 345, in execute\n    self.error_handler.check_response(response)\n  File \"/usr/local/lib/python3.11/site-packages/selenium/webdriver/remote/errorhandler.py\", line 229, in check_response\n    raise exception_class(message, screen, stacktrace)\n","steps":[],"attachments":[],"parameters":[{"name":"amount","value":"1"}],"shouldDisplayMessage":true,"stepsCount":0,"attachmentsCount":0,"hasContent":true}],"attachments":[{"uid":"8d53031a4f293b73","name":"Screenshot","source":"8d53031a4f293b73.png","type":"image/png","size":39917},{"uid":"112581316aa39f20","name":"HTML source","source":"112581316aa39f20.html","type":"text/html","size":544}],"parameters":[],"shouldDisplayMessage":true,"stepsCount":1,"attachmentsCount":2,"hasContent":true},"afterStages":[{"name":"setup::0","time":{"start":1696035335254,"stop":1696035335254,"duration":0},"status":"passed","steps":[],"attachments":[],"parameters":[],"shouldDisplayMessage":false,"stepsCount":0,"attachmentsCount":0,"hasContent":false},{"name":"driver::0","time":{"start":1696035335254,"stop":1696035335311,"duration":57},"status":"passed","steps":[],"attachments":[],"parameters":[],"shouldDisplayMessage":false,"stepsCount":0,"attachmentsCount":0,"hasContent":false}],"labels":[{"name":"epic","value":"Delivery Page - calculation"},{"name":"tag","value":"smoke_test"},{"name":"tag","value":"@pytest.mark.xfail"},{"name":"parentSuite","value":"tests.delivery"},{"name":"suite","value":"test_delivery_calculation"},{"name":"subSuite","value":"TestDeliveryPageCalculation"},{"name":"host","value":"d2ce5e6e65a7"},{"name":"thread","value":"1-MainThread"},{"name":"framework","value":"pytest"},{"name":"language","value":"cpython3"},{"name":"package","value":"tests.delivery.test_delivery_calculation"},{"name":"resultFormat","value":"allure2"}],"parameters":[{"name":"all_time","value":"3320"},{"name":"amount","value":"1"},{"name":"case_id","value":"'TD 015'"},{"name":"in_time","value":"2390"},{"name":"link_item","value":"'products/shtukaturka-tsementnaya-bergauf-bau-putts-tsement-25kg-56sht'"},{"name":"standard","value":"650"},{"name":"url","value":"'https://sandboxtest.stroyrem-nn.ru/'"},{"name":"weight","value":"30"}],"links":[],"hidden":false,"retry":false,"extra":{"severity":"normal","retries":[],"categories":[],"history":{"statistic":{"failed":0,"broken":13,"skipped":37,"passed":0,"unknown":0,"total":50},"items":[{"uid":"99b877d6c9a35a7","reportUrl":"https://Nat754.github.io/StroyremAutomation/78//#testresult/99b877d6c9a35a7","status":"skipped","statusDetails":"XFAIL\n\nselenium.common.exceptions.NoSuchElementException: Message: no such element: Unable to locate element: {\"method\":\"xpath\",\"selector\":\"(//a[@class='add-to-cart yellow-btn'])[1]\"}\n  (Session info: headless chrome=117.0.5938.92); For documentation on this error, please visit: https://www.selenium.dev/documentation/webdriver/troubleshooting/errors#no-such-element-exception\nStacktrace:\n#0 0x5620606b36b3 <unknown>\n#1 0x5620603891e7 <unknown>\n#2 0x5620603d0566 <unknown>\n#3 0x5620603d0651 <unknown>\n#4 0x56206040da74 <unknown>\n#5 0x5620603f20ed <unknown>\n#6 0x56206040b322 <unknown>\n#7 0x5620603f1e93 <unknown>\n#8 0x5620603c4934 <unknown>\n#9 0x5620603c571e <unknown>\n#10 0x562060678cb8 <unknown>\n#11 0x56206067cbf0 <unknown>\n#12 0x56206068719c <unknown>\n#13 0x56206067d808 <unknown>\n#14 0x56206064a27f <unknown>\n#15 0x5620606a1e88 <unknown>\n#16 0x5620606a2059 <unknown>\n#17 0x5620606b2843 <unknown>\n#18 0x7fed06b28044 <unknown>","time":{"start":1695949063974,"stop":1695949064386,"duration":412}},{"uid":"2ac94197e31e49b0","reportUrl":"https://Nat754.github.io/StroyremAutomation/77//#testresult/2ac94197e31e49b0","status":"skipped","statusDetails":"XFAIL\n\nselenium.common.exceptions.NoSuchElementException: Message: no such element: Unable to locate element: {\"method\":\"xpath\",\"selector\":\"(//a[@class='add-to-cart yellow-btn'])[1]\"}\n  (Session info: headless chrome=117.0.5938.92); For documentation on this error, please visit: https://www.selenium.dev/documentation/webdriver/troubleshooting/errors#no-such-element-exception\nStacktrace:\n#0 0x55b8ea6736b3 <unknown>\n#1 0x55b8ea3491e7 <unknown>\n#2 0x55b8ea390566 <unknown>\n#3 0x55b8ea390651 <unknown>\n#4 0x55b8ea3cda74 <unknown>\n#5 0x55b8ea3b20ed <unknown>\n#6 0x55b8ea3cb322 <unknown>\n#7 0x55b8ea3b1e93 <unknown>\n#8 0x55b8ea384934 <unknown>\n#9 0x55b8ea38571e <unknown>\n#10 0x55b8ea638cb8 <unknown>\n#11 0x55b8ea63cbf0 <unknown>\n#12 0x55b8ea64719c <unknown>\n#13 0x55b8ea63d808 <unknown>\n#14 0x55b8ea60a27f <unknown>\n#15 0x55b8ea661e88 <unknown>\n#16 0x55b8ea662059 <unknown>\n#17 0x55b8ea672843 <unknown>\n#18 0x7fe3eed8c044 <unknown>","time":{"start":1695862826460,"stop":1695862827095,"duration":635}},{"uid":"155c25b542030f4","reportUrl":"https://Nat754.github.io/StroyremAutomation/76//#testresult/155c25b542030f4","status":"skipped","statusDetails":"XFAIL\n\nselenium.common.exceptions.ElementNotInteractableException: Message: element not interactable\n  (Session info: headless chrome=117.0.5938.92)\nStacktrace:\n#0 0x5580de2146b3 <unknown>\n#1 0x5580ddeea036 <unknown>\n#2 0x5580ddf28c1d <unknown>\n#3 0x5580ddf530c2 <unknown>\n#4 0x5580ddf26f16 <unknown>\n#5 0x5580ddf5328e <unknown>\n#6 0x5580ddf6c322 <unknown>\n#7 0x5580ddf52e93 <unknown>\n#8 0x5580ddf25934 <unknown>\n#9 0x5580ddf2671e <unknown>\n#10 0x5580de1d9cb8 <unknown>\n#11 0x5580de1ddbf0 <unknown>\n#12 0x5580de1e819c <unknown>\n#13 0x5580de1de808 <unknown>\n#14 0x5580de1ab27f <unknown>\n#15 0x5580de202e88 <unknown>\n#16 0x5580de203059 <unknown>\n#17 0x5580de213843 <unknown>\n#18 0x7fad69b26044 <unknown>","time":{"start":1695776558637,"stop":1695776566864,"duration":8227}},{"uid":"fd3980b3e18c3788","reportUrl":"https://Nat754.github.io/StroyremAutomation/75//#testresult/fd3980b3e18c3788","status":"skipped","statusDetails":"XFAIL\n\nselenium.common.exceptions.NoSuchElementException: Message: no such element: Unable to locate element: {\"method\":\"xpath\",\"selector\":\"(//a[@class='add-to-cart yellow-btn'])[1]\"}\n  (Session info: headless chrome=117.0.5938.92); For documentation on this error, please visit: https://www.selenium.dev/documentation/webdriver/troubleshooting/errors#no-such-element-exception\nStacktrace:\n#0 0x5605990526b3 <unknown>\n#1 0x560598d281e7 <unknown>\n#2 0x560598d6f566 <unknown>\n#3 0x560598d6f651 <unknown>\n#4 0x560598daca74 <unknown>\n#5 0x560598d910ed <unknown>\n#6 0x560598daa322 <unknown>\n#7 0x560598d90e93 <unknown>\n#8 0x560598d63934 <unknown>\n#9 0x560598d6471e <unknown>\n#10 0x560599017cb8 <unknown>\n#11 0x56059901bbf0 <unknown>\n#12 0x56059902619c <unknown>\n#13 0x56059901c808 <unknown>\n#14 0x560598fe927f <unknown>\n#15 0x560599040e88 <unknown>\n#16 0x560599041059 <unknown>\n#17 0x560599051843 <unknown>\n#18 0x7f00af388044 <unknown>","time":{"start":1695690103064,"stop":1695690103761,"duration":697}},{"uid":"e9c5106165afe3b6","reportUrl":"https://Nat754.github.io/StroyremAutomation/74//#testresult/e9c5106165afe3b6","status":"skipped","statusDetails":"XFAIL\n\nselenium.common.exceptions.NoSuchElementException: Message: no such element: Unable to locate element: {\"method\":\"xpath\",\"selector\":\"(//a[@class='add-to-cart yellow-btn'])[1]\"}\n  (Session info: headless chrome=117.0.5938.92); For documentation on this error, please visit: https://www.selenium.dev/documentation/webdriver/troubleshooting/errors#no-such-element-exception\nStacktrace:\n#0 0x5618d61796b3 <unknown>\n#1 0x5618d5e4f1e7 <unknown>\n#2 0x5618d5e96566 <unknown>\n#3 0x5618d5e96651 <unknown>\n#4 0x5618d5ed3a74 <unknown>\n#5 0x5618d5eb80ed <unknown>\n#6 0x5618d5ed1322 <unknown>\n#7 0x5618d5eb7e93 <unknown>\n#8 0x5618d5e8a934 <unknown>\n#9 0x5618d5e8b71e <unknown>\n#10 0x5618d613ecb8 <unknown>\n#11 0x5618d6142bf0 <unknown>\n#12 0x5618d614d19c <unknown>\n#13 0x5618d6143808 <unknown>\n#14 0x5618d611027f <unknown>\n#15 0x5618d6167e88 <unknown>\n#16 0x5618d6168059 <unknown>\n#17 0x5618d6178843 <unknown>\n#18 0x7fbdeb971044 <unknown>","time":{"start":1695603681252,"stop":1695603681903,"duration":651}},{"uid":"7a7c0984bdcd2d8e","reportUrl":"https://Nat754.github.io/StroyremAutomation/73//#testresult/7a7c0984bdcd2d8e","status":"skipped","statusDetails":"XFAIL\n\nselenium.common.exceptions.NoSuchElementException: Message: no such element: Unable to locate element: {\"method\":\"xpath\",\"selector\":\"(//a[@class='add-to-cart yellow-btn'])[1]\"}\n  (Session info: headless chrome=117.0.5938.92); For documentation on this error, please visit: https://www.selenium.dev/documentation/webdriver/troubleshooting/errors#no-such-element-exception\nStacktrace:\n#0 0x5577871016b3 <unknown>\n#1 0x557786dd71e7 <unknown>\n#2 0x557786e1e566 <unknown>\n#3 0x557786e1e651 <unknown>\n#4 0x557786e5ba74 <unknown>\n#5 0x557786e400ed <unknown>\n#6 0x557786e59322 <unknown>\n#7 0x557786e3fe93 <unknown>\n#8 0x557786e12934 <unknown>\n#9 0x557786e1371e <unknown>\n#10 0x5577870c6cb8 <unknown>\n#11 0x5577870cabf0 <unknown>\n#12 0x5577870d519c <unknown>\n#13 0x5577870cb808 <unknown>\n#14 0x55778709827f <unknown>\n#15 0x5577870efe88 <unknown>\n#16 0x5577870f0059 <unknown>\n#17 0x557787100843 <unknown>\n#18 0x7fef65019044 <unknown>","time":{"start":1695517189991,"stop":1695517190535,"duration":544}},{"uid":"db74353f5af317","reportUrl":"https://Nat754.github.io/StroyremAutomation/72//#testresult/db74353f5af317","status":"skipped","statusDetails":"XFAIL\n\nselenium.common.exceptions.NoSuchElementException: Message: no such element: Unable to locate element: {\"method\":\"xpath\",\"selector\":\"(//a[@class='add-to-cart yellow-btn'])[1]\"}\n  (Session info: headless chrome=117.0.5938.92); For documentation on this error, please visit: https://www.selenium.dev/documentation/webdriver/troubleshooting/errors#no-such-element-exception\nStacktrace:\n#0 0x559a04f7d6b3 <unknown>\n#1 0x559a04c531e7 <unknown>\n#2 0x559a04c9a566 <unknown>\n#3 0x559a04c9a651 <unknown>\n#4 0x559a04cd7a74 <unknown>\n#5 0x559a04cbc0ed <unknown>\n#6 0x559a04cd5322 <unknown>\n#7 0x559a04cbbe93 <unknown>\n#8 0x559a04c8e934 <unknown>\n#9 0x559a04c8f71e <unknown>\n#10 0x559a04f42cb8 <unknown>\n#11 0x559a04f46bf0 <unknown>\n#12 0x559a04f5119c <unknown>\n#13 0x559a04f47808 <unknown>\n#14 0x559a04f1427f <unknown>\n#15 0x559a04f6be88 <unknown>\n#16 0x559a04f6c059 <unknown>\n#17 0x559a04f7c843 <unknown>\n#18 0x7f01f6704044 <unknown>","time":{"start":1695430706930,"stop":1695430707596,"duration":666}},{"uid":"880c2e8adc4bb1d5","reportUrl":"https://Nat754.github.io/StroyremAutomation/71//#testresult/880c2e8adc4bb1d5","status":"skipped","statusDetails":"XFAIL\n\nselenium.common.exceptions.NoSuchElementException: Message: no such element: Unable to locate element: {\"method\":\"xpath\",\"selector\":\"(//a[@class='add-to-cart yellow-btn'])[1]\"}\n  (Session info: headless chrome=117.0.5938.92); For documentation on this error, please visit: https://www.selenium.dev/documentation/webdriver/troubleshooting/errors#no-such-element-exception\nStacktrace:\n#0 0x55ea8ad096b3 <unknown>\n#1 0x55ea8a9df1e7 <unknown>\n#2 0x55ea8aa26566 <unknown>\n#3 0x55ea8aa26651 <unknown>\n#4 0x55ea8aa63a74 <unknown>\n#5 0x55ea8aa480ed <unknown>\n#6 0x55ea8aa61322 <unknown>\n#7 0x55ea8aa47e93 <unknown>\n#8 0x55ea8aa1a934 <unknown>\n#9 0x55ea8aa1b71e <unknown>\n#10 0x55ea8accecb8 <unknown>\n#11 0x55ea8acd2bf0 <unknown>\n#12 0x55ea8acdd19c <unknown>\n#13 0x55ea8acd3808 <unknown>\n#14 0x55ea8aca027f <unknown>\n#15 0x55ea8acf7e88 <unknown>\n#16 0x55ea8acf8059 <unknown>\n#17 0x55ea8ad08843 <unknown>\n#18 0x7f6afedf8044 <unknown>","time":{"start":1695406016659,"stop":1695406017309,"duration":650}},{"uid":"bbca4e143bea0c1d","reportUrl":"https://Nat754.github.io/StroyremAutomation/71//#testresult/bbca4e143bea0c1d","status":"skipped","statusDetails":"XFAIL\n\nselenium.common.exceptions.NoSuchElementException: Message: no such element: Unable to locate element: {\"method\":\"xpath\",\"selector\":\"(//a[@class='add-to-cart yellow-btn'])[1]\"}\n  (Session info: headless chrome=117.0.5938.92); For documentation on this error, please visit: https://www.selenium.dev/documentation/webdriver/troubleshooting/errors#no-such-element-exception\nStacktrace:\n#0 0x559312bec6b3 <unknown>\n#1 0x5593128c21e7 <unknown>\n#2 0x559312909566 <unknown>\n#3 0x559312909651 <unknown>\n#4 0x559312946a74 <unknown>\n#5 0x55931292b0ed <unknown>\n#6 0x559312944322 <unknown>\n#7 0x55931292ae93 <unknown>\n#8 0x5593128fd934 <unknown>\n#9 0x5593128fe71e <unknown>\n#10 0x559312bb1cb8 <unknown>\n#11 0x559312bb5bf0 <unknown>\n#12 0x559312bc019c <unknown>\n#13 0x559312bb6808 <unknown>\n#14 0x559312b8327f <unknown>\n#15 0x559312bdae88 <unknown>\n#16 0x559312bdb059 <unknown>\n#17 0x559312beb843 <unknown>\n#18 0x7fe552ba6044 <unknown>","time":{"start":1695344246169,"stop":1695344246695,"duration":526}},{"uid":"f926ffd69efa96bd","reportUrl":"https://Nat754.github.io/StroyremAutomation/70//#testresult/f926ffd69efa96bd","status":"skipped","statusDetails":"XFAIL\n\nselenium.common.exceptions.NoSuchElementException: Message: no such element: Unable to locate element: {\"method\":\"xpath\",\"selector\":\"(//a[@class='add-to-cart yellow-btn'])[1]\"}\n  (Session info: headless chrome=117.0.5938.88); For documentation on this error, please visit: https://www.selenium.dev/documentation/webdriver/troubleshooting/errors#no-such-element-exception\nStacktrace:\n#0 0x55c5200fe6c3 <unknown>\n#1 0x55c51fdd41e7 <unknown>\n#2 0x55c51fe1b566 <unknown>\n#3 0x55c51fe1b651 <unknown>\n#4 0x55c51fe58a74 <unknown>\n#5 0x55c51fe3d0ed <unknown>\n#6 0x55c51fe56322 <unknown>\n#7 0x55c51fe3ce93 <unknown>\n#8 0x55c51fe0f934 <unknown>\n#9 0x55c51fe1071e <unknown>\n#10 0x55c5200c3cc8 <unknown>\n#11 0x55c5200c7c00 <unknown>\n#12 0x55c5200d21ac <unknown>\n#13 0x55c5200c8818 <unknown>\n#14 0x55c52009528f <unknown>\n#15 0x55c5200ece98 <unknown>\n#16 0x55c5200ed069 <unknown>\n#17 0x55c5200fd853 <unknown>\n#18 0x7f72d81bd044 <unknown>","time":{"start":1695257825644,"stop":1695257826231,"duration":587}},{"uid":"38b406d72b4619c6","reportUrl":"https://Nat754.github.io/StroyremAutomation/69//#testresult/38b406d72b4619c6","status":"skipped","statusDetails":"XFAIL\n\nselenium.common.exceptions.ElementNotInteractableException: Message: element not interactable\n  (Session info: headless chrome=117.0.5938.88)\nStacktrace:\n#0 0x561eae27b6c3 <unknown>\n#1 0x561eadf51036 <unknown>\n#2 0x561eadf8fc1d <unknown>\n#3 0x561eadfba0c2 <unknown>\n#4 0x561eadf8df16 <unknown>\n#5 0x561eadfba28e <unknown>\n#6 0x561eadfd3322 <unknown>\n#7 0x561eadfb9e93 <unknown>\n#8 0x561eadf8c934 <unknown>\n#9 0x561eadf8d71e <unknown>\n#10 0x561eae240cc8 <unknown>\n#11 0x561eae244c00 <unknown>\n#12 0x561eae24f1ac <unknown>\n#13 0x561eae245818 <unknown>\n#14 0x561eae21228f <unknown>\n#15 0x561eae269e98 <unknown>\n#16 0x561eae26a069 <unknown>\n#17 0x561eae27a853 <unknown>\n#18 0x7f7bf9d93044 <unknown>","time":{"start":1695171715013,"stop":1695171721126,"duration":6113}},{"uid":"d35c5514521818e7","reportUrl":"https://Nat754.github.io/StroyremAutomation/68//#testresult/d35c5514521818e7","status":"skipped","statusDetails":"XFAIL\n\nselenium.common.exceptions.NoSuchElementException: Message: no such element: Unable to locate element: {\"method\":\"xpath\",\"selector\":\"(//a[@class='add-to-cart yellow-btn'])[1]\"}\n  (Session info: headless chrome=117.0.5938.88); For documentation on this error, please visit: https://www.selenium.dev/documentation/webdriver/troubleshooting/errors#no-such-element-exception\nStacktrace:\n#0 0x5579580a26c3 <unknown>\n#1 0x557957d781e7 <unknown>\n#2 0x557957dbf566 <unknown>\n#3 0x557957dbf651 <unknown>\n#4 0x557957dfca74 <unknown>\n#5 0x557957de10ed <unknown>\n#6 0x557957dfa322 <unknown>\n#7 0x557957de0e93 <unknown>\n#8 0x557957db3934 <unknown>\n#9 0x557957db471e <unknown>\n#10 0x557958067cc8 <unknown>\n#11 0x55795806bc00 <unknown>\n#12 0x5579580761ac <unknown>\n#13 0x55795806c818 <unknown>\n#14 0x55795803928f <unknown>\n#15 0x557958090e98 <unknown>\n#16 0x557958091069 <unknown>\n#17 0x5579580a1853 <unknown>\n#18 0x7faa6101e044 <unknown>","time":{"start":1695085148122,"stop":1695085148615,"duration":493}},{"uid":"dcc3080a9d867805","reportUrl":"https://Nat754.github.io/StroyremAutomation/67//#testresult/dcc3080a9d867805","status":"skipped","statusDetails":"XFAIL\n\nselenium.common.exceptions.NoSuchElementException: Message: no such element: Unable to locate element: {\"method\":\"xpath\",\"selector\":\"(//a[@class='add-to-cart yellow-btn'])[1]\"}\n  (Session info: headless chrome=117.0.5938.88); For documentation on this error, please visit: https://www.selenium.dev/documentation/webdriver/troubleshooting/errors#no-such-element-exception\nStacktrace:\n#0 0x5635f96346c3 <unknown>\n#1 0x5635f930a1e7 <unknown>\n#2 0x5635f9351566 <unknown>\n#3 0x5635f9351651 <unknown>\n#4 0x5635f938ea74 <unknown>\n#5 0x5635f93730ed <unknown>\n#6 0x5635f938c322 <unknown>\n#7 0x5635f9372e93 <unknown>\n#8 0x5635f9345934 <unknown>\n#9 0x5635f934671e <unknown>\n#10 0x5635f95f9cc8 <unknown>\n#11 0x5635f95fdc00 <unknown>\n#12 0x5635f96081ac <unknown>\n#13 0x5635f95fe818 <unknown>\n#14 0x5635f95cb28f <unknown>\n#15 0x5635f9622e98 <unknown>\n#16 0x5635f9623069 <unknown>\n#17 0x5635f9633853 <unknown>\n#18 0x7f3d25893044 <unknown>","time":{"start":1695063660606,"stop":1695063661125,"duration":519}},{"uid":"1ff964694f2f9060","reportUrl":"https://Nat754.github.io/StroyremAutomation/66//#testresult/1ff964694f2f9060","status":"skipped","statusDetails":"XFAIL\n\nselenium.common.exceptions.NoSuchElementException: Message: no such element: Unable to locate element: {\"method\":\"xpath\",\"selector\":\"(//a[@class='add-to-cart yellow-btn'])[1]\"}\n  (Session info: headless chrome=117.0.5938.88); For documentation on this error, please visit: https://www.selenium.dev/documentation/webdriver/troubleshooting/errors#no-such-element-exception\nStacktrace:\n#0 0x5606e99d36c3 <unknown>\n#1 0x5606e96a91e7 <unknown>\n#2 0x5606e96f0566 <unknown>\n#3 0x5606e96f0651 <unknown>\n#4 0x5606e972da74 <unknown>\n#5 0x5606e97120ed <unknown>\n#6 0x5606e972b322 <unknown>\n#7 0x5606e9711e93 <unknown>\n#8 0x5606e96e4934 <unknown>\n#9 0x5606e96e571e <unknown>\n#10 0x5606e9998cc8 <unknown>\n#11 0x5606e999cc00 <unknown>\n#12 0x5606e99a71ac <unknown>\n#13 0x5606e999d818 <unknown>\n#14 0x5606e996a28f <unknown>\n#15 0x5606e99c1e98 <unknown>\n#16 0x5606e99c2069 <unknown>\n#17 0x5606e99d2853 <unknown>\n#18 0x7f9ee23ff044 <unknown>","time":{"start":1695060472791,"stop":1695060473364,"duration":573}},{"uid":"855837e2f660c0fc","reportUrl":"https://Nat754.github.io/StroyremAutomation/66//#testresult/855837e2f660c0fc","status":"skipped","statusDetails":"XFAIL\n\nselenium.common.exceptions.NoSuchElementException: Message: no such element: Unable to locate element: {\"method\":\"xpath\",\"selector\":\"(//a[@class='add-to-cart yellow-btn'])[1]\"}\n  (Session info: headless chrome=117.0.5938.88); For documentation on this error, please visit: https://www.selenium.dev/documentation/webdriver/troubleshooting/errors#no-such-element-exception\nStacktrace:\n#0 0x55ae93bbd6c3 <unknown>\n#1 0x55ae938931e7 <unknown>\n#2 0x55ae938da566 <unknown>\n#3 0x55ae938da651 <unknown>\n#4 0x55ae93917a74 <unknown>\n#5 0x55ae938fc0ed <unknown>\n#6 0x55ae93915322 <unknown>\n#7 0x55ae938fbe93 <unknown>\n#8 0x55ae938ce934 <unknown>\n#9 0x55ae938cf71e <unknown>\n#10 0x55ae93b82cc8 <unknown>\n#11 0x55ae93b86c00 <unknown>\n#12 0x55ae93b911ac <unknown>\n#13 0x55ae93b87818 <unknown>\n#14 0x55ae93b5428f <unknown>\n#15 0x55ae93babe98 <unknown>\n#16 0x55ae93bac069 <unknown>\n#17 0x55ae93bbc853 <unknown>\n#18 0x7f70f2541044 <unknown>","time":{"start":1694998507653,"stop":1694998508091,"duration":438}},{"uid":"27df732d5d68caea","reportUrl":"https://Nat754.github.io/StroyremAutomation/65//#testresult/27df732d5d68caea","status":"skipped","statusDetails":"XFAIL\n\nselenium.common.exceptions.NoSuchElementException: Message: no such element: Unable to locate element: {\"method\":\"xpath\",\"selector\":\"(//a[@class='add-to-cart yellow-btn'])[1]\"}\n  (Session info: headless chrome=117.0.5938.88); For documentation on this error, please visit: https://www.selenium.dev/documentation/webdriver/troubleshooting/errors#no-such-element-exception\nStacktrace:\n#0 0x55ae16c346c3 <unknown>\n#1 0x55ae1690a1e7 <unknown>\n#2 0x55ae16951566 <unknown>\n#3 0x55ae16951651 <unknown>\n#4 0x55ae1698ea74 <unknown>\n#5 0x55ae169730ed <unknown>\n#6 0x55ae1698c322 <unknown>\n#7 0x55ae16972e93 <unknown>\n#8 0x55ae16945934 <unknown>\n#9 0x55ae1694671e <unknown>\n#10 0x55ae16bf9cc8 <unknown>\n#11 0x55ae16bfdc00 <unknown>\n#12 0x55ae16c081ac <unknown>\n#13 0x55ae16bfe818 <unknown>\n#14 0x55ae16bcb28f <unknown>\n#15 0x55ae16c22e98 <unknown>\n#16 0x55ae16c23069 <unknown>\n#17 0x55ae16c33853 <unknown>\n#18 0x7fa84eec0044 <unknown>","time":{"start":1694929457037,"stop":1694929457602,"duration":565}},{"uid":"563e97530b379634","reportUrl":"https://Nat754.github.io/StroyremAutomation/65//#testresult/563e97530b379634","status":"skipped","statusDetails":"XFAIL\n\nselenium.common.exceptions.NoSuchElementException: Message: no such element: Unable to locate element: {\"method\":\"xpath\",\"selector\":\"(//a[@class='add-to-cart yellow-btn'])[1]\"}\n  (Session info: headless chrome=117.0.5938.88); For documentation on this error, please visit: https://www.selenium.dev/documentation/webdriver/troubleshooting/errors#no-such-element-exception\nStacktrace:\n#0 0x5570c3bf36c3 <unknown>\n#1 0x5570c38c91e7 <unknown>\n#2 0x5570c3910566 <unknown>\n#3 0x5570c3910651 <unknown>\n#4 0x5570c394da74 <unknown>\n#5 0x5570c39320ed <unknown>\n#6 0x5570c394b322 <unknown>\n#7 0x5570c3931e93 <unknown>\n#8 0x5570c3904934 <unknown>\n#9 0x5570c390571e <unknown>\n#10 0x5570c3bb8cc8 <unknown>\n#11 0x5570c3bbcc00 <unknown>\n#12 0x5570c3bc71ac <unknown>\n#13 0x5570c3bbd818 <unknown>\n#14 0x5570c3b8a28f <unknown>\n#15 0x5570c3be1e98 <unknown>\n#16 0x5570c3be2069 <unknown>\n#17 0x5570c3bf2853 <unknown>\n#18 0x7f8985c43044 <unknown>","time":{"start":1694912354960,"stop":1694912355547,"duration":587}},{"uid":"671ab21de1ce132c","reportUrl":"https://Nat754.github.io/StroyremAutomation/64//#testresult/671ab21de1ce132c","status":"skipped","statusDetails":"XFAIL\n\nselenium.common.exceptions.NoSuchElementException: Message: no such element: Unable to locate element: {\"method\":\"xpath\",\"selector\":\"(//a[@class='add-to-cart yellow-btn'])[1]\"}\n  (Session info: headless chrome=117.0.5938.88); For documentation on this error, please visit: https://www.selenium.dev/documentation/webdriver/troubleshooting/errors#no-such-element-exception\nStacktrace:\n#0 0x55c9c5c7f6c3 <unknown>\n#1 0x55c9c59551e7 <unknown>\n#2 0x55c9c599c566 <unknown>\n#3 0x55c9c599c651 <unknown>\n#4 0x55c9c59d9a74 <unknown>\n#5 0x55c9c59be0ed <unknown>\n#6 0x55c9c59d7322 <unknown>\n#7 0x55c9c59bde93 <unknown>\n#8 0x55c9c5990934 <unknown>\n#9 0x55c9c599171e <unknown>\n#10 0x55c9c5c44cc8 <unknown>\n#11 0x55c9c5c48c00 <unknown>\n#12 0x55c9c5c531ac <unknown>\n#13 0x55c9c5c49818 <unknown>\n#14 0x55c9c5c1628f <unknown>\n#15 0x55c9c5c6de98 <unknown>\n#16 0x55c9c5c6e069 <unknown>\n#17 0x55c9c5c7e853 <unknown>\n#18 0x7f2687454044 <unknown>","time":{"start":1694825656109,"stop":1694825656676,"duration":567}},{"uid":"1afa4bcee1e05e28","reportUrl":"https://Nat754.github.io/StroyremAutomation/63//#testresult/1afa4bcee1e05e28","status":"skipped","statusDetails":"XFAIL\n\nselenium.common.exceptions.NoSuchElementException: Message: no such element: Unable to locate element: {\"method\":\"xpath\",\"selector\":\"(//a[@class='add-to-cart yellow-btn'])[1]\"}\n  (Session info: headless chrome=117.0.5938.62); For documentation on this error, please visit: https://www.selenium.dev/documentation/webdriver/troubleshooting/errors#no-such-element-exception\nStacktrace:\n#0 0x55a524fde693 <unknown>\n#1 0x55a524cb41e7 <unknown>\n#2 0x55a524cfb566 <unknown>\n#3 0x55a524cfb651 <unknown>\n#4 0x55a524d38a74 <unknown>\n#5 0x55a524d1d0ed <unknown>\n#6 0x55a524d36322 <unknown>\n#7 0x55a524d1ce93 <unknown>\n#8 0x55a524cef934 <unknown>\n#9 0x55a524cf071e <unknown>\n#10 0x55a524fa3c98 <unknown>\n#11 0x55a524fa7bd0 <unknown>\n#12 0x55a524fb217c <unknown>\n#13 0x55a524fa87e8 <unknown>\n#14 0x55a524f7525f <unknown>\n#15 0x55a524fcce68 <unknown>\n#16 0x55a524fcd039 <unknown>\n#17 0x55a524fdd823 <unknown>\n#18 0x7f4c90f56044 <unknown>","time":{"start":1694739400327,"stop":1694739400856,"duration":529}},{"uid":"ecea7df3f5e64bdc","reportUrl":"https://Nat754.github.io/StroyremAutomation/62//#testresult/ecea7df3f5e64bdc","status":"skipped","statusDetails":"XFAIL\n\nselenium.common.exceptions.NoSuchElementException: Message: no such element: Unable to locate element: {\"method\":\"xpath\",\"selector\":\"(//a[@class='add-to-cart yellow-btn'])[1]\"}\n  (Session info: headless chrome=117.0.5938.62); For documentation on this error, please visit: https://www.selenium.dev/documentation/webdriver/troubleshooting/errors#no-such-element-exception\nStacktrace:\n#0 0x55674acd3693 <unknown>\n#1 0x55674a9a91e7 <unknown>\n#2 0x55674a9f0566 <unknown>\n#3 0x55674a9f0651 <unknown>\n#4 0x55674aa2da74 <unknown>\n#5 0x55674aa120ed <unknown>\n#6 0x55674aa2b322 <unknown>\n#7 0x55674aa11e93 <unknown>\n#8 0x55674a9e4934 <unknown>\n#9 0x55674a9e571e <unknown>\n#10 0x55674ac98c98 <unknown>\n#11 0x55674ac9cbd0 <unknown>\n#12 0x55674aca717c <unknown>\n#13 0x55674ac9d7e8 <unknown>\n#14 0x55674ac6a25f <unknown>\n#15 0x55674acc1e68 <unknown>\n#16 0x55674acc2039 <unknown>\n#17 0x55674acd2823 <unknown>\n#18 0x7f157fc4c044 <unknown>","time":{"start":1694652940926,"stop":1694652941372,"duration":446}}]},"tags":["@pytest.mark.xfail","smoke_test"]},"source":"9a7e5e5c5dea3353.json","parameterValues":["3320","1","'TD 015'","2390","'products/shtukaturka-tsementnaya-bergauf-bau-putts-tsement-25kg-56sht'","650","'https://sandboxtest.stroyrem-nn.ru/'","30"]}