{"uid":"8a043a38cdcd7c07","name":"test_positive_delivery_green_zone_smoke[TD 013-products/shtukaturka-gipsovaya-aksolit-m50-30-kg-mashinnogo-naneseniya-366-11000-4800-12450-13480-https://sandboxtest.stroyrem-nn.ru/]","fullName":"tests.delivery.test_delivery_calculation.TestDeliveryPageCalculation#test_positive_delivery_green_zone_smoke","historyId":"138a96f7f81216afdff8252a6c5795ca","time":{"start":1696258205309,"stop":1696258205856,"duration":547},"status":"skipped","statusMessage":"XFAIL\n\nselenium.common.exceptions.NoSuchElementException: Message: no such element: Unable to locate element: {\"method\":\"xpath\",\"selector\":\"(//a[@class='add-to-cart yellow-btn'])[1]\"}\n  (Session info: headless chrome=117.0.5938.92); For documentation on this error, please visit: https://www.selenium.dev/documentation/webdriver/troubleshooting/errors#no-such-element-exception\nStacktrace:\n#0 0x55e47848f6b3 <unknown>\n#1 0x55e4781651e7 <unknown>\n#2 0x55e4781ac566 <unknown>\n#3 0x55e4781ac651 <unknown>\n#4 0x55e4781e9a74 <unknown>\n#5 0x55e4781ce0ed <unknown>\n#6 0x55e4781e7322 <unknown>\n#7 0x55e4781cde93 <unknown>\n#8 0x55e4781a0934 <unknown>\n#9 0x55e4781a171e <unknown>\n#10 0x55e478454cb8 <unknown>\n#11 0x55e478458bf0 <unknown>\n#12 0x55e47846319c <unknown>\n#13 0x55e478459808 <unknown>\n#14 0x55e47842627f <unknown>\n#15 0x55e47847de88 <unknown>\n#16 0x55e47847e059 <unknown>\n#17 0x55e47848e843 <unknown>\n#18 0x7f9b693d2044 <unknown>","statusTrace":"self = <tests.delivery.test_delivery_calculation.TestDeliveryPageCalculation object at 0x7f3043a48150>\ndriver = <selenium.webdriver.chrome.webdriver.WebDriver (session=\"fbb98d91c8711a1062fbbfabedf06131\")>\nurl = 'https://sandboxtest.stroyrem-nn.ru/', case_id = 'TD 013'\nlink_item = 'products/shtukaturka-gipsovaya-aksolit-m50-30-kg-mashinnogo-naneseniya'\namount = 366, weight = 11000, standard = 4800, in_time = 12450, all_time = 13480\n\n    @pytest.mark.parametrize('case_id, link_item, amount, weight, standard, in_time, all_time', [\n        (\"TD 001\", uroven_3000, 1, 30, 0, 1590, 2190),\n        (\"TD 002\", bundeks_25, 1, 30, 400, 1590, 2190),\n        (\"TD 003\", aksolit_30, 8, 300, 400, 1590, 2190),\n        (\"TD 004\", aksolit_30, 13, 400, 450, 1590, 2190),\n        (\"TD 005\", aksolit_30, 16, 500, 600, 1590, 2190),\n        (\"TD 006\", aksolit_30, 25, 1700, 990, 1990, 2480),\n        (\"TD 007\", aksolit_30, 66, 2000, 1300, 2490, 2980),\n        (\"TD 008\", aksolit_30, 149, 4500, 2300, 3980, 4490),\n        (\"TD 009\", aksolit_30, 166, 5000, 2500, 4990, 5480),\n        pytest.param(\n            \"TD 010\", aksolit_30, 206, 6200, 2900, 5570, 6120,\n            marks=pytest.mark.xfail(reson=\"Цена доставки 3600 7960 8980\")\n        ),\n        (\"TD 011\", aksolit_30, 299, 9000, 3600, 7960, 8980),\n        (\"TD 012\", aksolit_30, 333, 10000, 4450, 11990, 12500),\n        pytest.param(\n            \"TD 013\", aksolit_30, 366, 11000, 4800, 12450, 13480,\n            marks=pytest.mark.xfail(reason=\"Цена стандартной доставки 4450\")\n        ),\n        pytest.param(\n            \"TD 014\", aksolit_30, 666, 20000, 5400, 15600, 17490,\n            marks=pytest.mark.xfail(reason=\"Цена стандартной доставки 4450\")\n        )\n    ])\n    @pytest.mark.xfail\n    @pytest.mark.smoke_test\n    def test_positive_delivery_green_zone_smoke(\n            self, driver, url, case_id, link_item, amount, weight, standard, in_time, all_time\n    ):\n    \n        driver.get(f'{url}{link_item}')\n        item_page = ItemPage(driver)\n>       item_page.add_item_to_cart(amount).click_on_cart()\n\ntests/delivery/test_delivery_calculation.py:50: \n_ _ _ _ _ _ _ _ _ _ _ _ _ _ _ _ _ _ _ _ _ _ _ _ _ _ _ _ _ _ _ _ _ _ _ _ _ _ _ _ \npages/item_page.py:40: in add_item_to_cart\n    self.find_element(self._add_item).click()\nbase/seleniumbase.py:17: in find_element\n    return self.driver.find_element(*locator)\n/usr/local/lib/python3.11/site-packages/selenium/webdriver/remote/webdriver.py:739: in find_element\n    return self.execute(Command.FIND_ELEMENT, {\"using\": by, \"value\": value})[\"value\"]\n/usr/local/lib/python3.11/site-packages/selenium/webdriver/remote/webdriver.py:345: in execute\n    self.error_handler.check_response(response)\n_ _ _ _ _ _ _ _ _ _ _ _ _ _ _ _ _ _ _ _ _ _ _ _ _ _ _ _ _ _ _ _ _ _ _ _ _ _ _ _ \n\nself = <selenium.webdriver.remote.errorhandler.ErrorHandler object at 0x7f304297f190>\nresponse = {'status': 404, 'value': '{\"value\":{\"error\":\"no such element\",\"message\":\"no such element: Unable to locate element: {\\...\\\\n#16 0x55e47847e059 \\\\u003Cunknown>\\\\n#17 0x55e47848e843 \\\\u003Cunknown>\\\\n#18 0x7f9b693d2044 \\\\u003Cunknown>\\\\n\"}}'}\n\n    def check_response(self, response: Dict[str, Any]) -> None:\n        \"\"\"Checks that a JSON response from the WebDriver does not have an\n        error.\n    \n        :Args:\n         - response - The JSON response from the WebDriver server as a dictionary\n           object.\n    \n        :Raises: If the response contains an error message.\n        \"\"\"\n        status = response.get(\"status\", None)\n        if not status or status == ErrorCode.SUCCESS:\n            return\n        value = None\n        message = response.get(\"message\", \"\")\n        screen: str = response.get(\"screen\", \"\")\n        stacktrace = None\n        if isinstance(status, int):\n            value_json = response.get(\"value\", None)\n            if value_json and isinstance(value_json, str):\n                import json\n    \n                try:\n                    value = json.loads(value_json)\n                    if len(value) == 1:\n                        value = value[\"value\"]\n                    status = value.get(\"error\", None)\n                    if not status:\n                        status = value.get(\"status\", ErrorCode.UNKNOWN_ERROR)\n                        message = value.get(\"value\") or value.get(\"message\")\n                        if not isinstance(message, str):\n                            value = message\n                            message = message.get(\"message\")\n                    else:\n                        message = value.get(\"message\", None)\n                except ValueError:\n                    pass\n    \n        exception_class: Type[WebDriverException]\n        e = ErrorCode()\n        error_codes = [item for item in dir(e) if not item.startswith(\"__\")]\n        for error_code in error_codes:\n            error_info = getattr(ErrorCode, error_code)\n            if isinstance(error_info, list) and status in error_info:\n                exception_class = getattr(ExceptionMapping, error_code, WebDriverException)\n                break\n        else:\n            exception_class = WebDriverException\n    \n        if not value:\n            value = response[\"value\"]\n        if isinstance(value, str):\n            raise exception_class(value)\n        if message == \"\" and \"message\" in value:\n            message = value[\"message\"]\n    \n        screen = None  # type: ignore[assignment]\n        if \"screen\" in value:\n            screen = value[\"screen\"]\n    \n        stacktrace = None\n        st_value = value.get(\"stackTrace\") or value.get(\"stacktrace\")\n        if st_value:\n            if isinstance(st_value, str):\n                stacktrace = st_value.split(\"\\n\")\n            else:\n                stacktrace = []\n                try:\n                    for frame in st_value:\n                        line = frame.get(\"lineNumber\", \"\")\n                        file = frame.get(\"fileName\", \"<anonymous>\")\n                        if line:\n                            file = f\"{file}:{line}\"\n                        meth = frame.get(\"methodName\", \"<anonymous>\")\n                        if \"className\" in frame:\n                            meth = f\"{frame['className']}.{meth}\"\n                        msg = \"    at %s (%s)\"\n                        msg = msg % (meth, file)\n                        stacktrace.append(msg)\n                except TypeError:\n                    pass\n        if exception_class == UnexpectedAlertPresentException:\n            alert_text = None\n            if \"data\" in value:\n                alert_text = value[\"data\"].get(\"text\")\n            elif \"alert\" in value:\n                alert_text = value[\"alert\"].get(\"text\")\n            raise exception_class(message, screen, stacktrace, alert_text)  # type: ignore[call-arg]  # mypy is not smart enough here\n>       raise exception_class(message, screen, stacktrace)\nE       selenium.common.exceptions.NoSuchElementException: Message: no such element: Unable to locate element: {\"method\":\"xpath\",\"selector\":\"(//a[@class='add-to-cart yellow-btn'])[1]\"}\nE         (Session info: headless chrome=117.0.5938.92); For documentation on this error, please visit: https://www.selenium.dev/documentation/webdriver/troubleshooting/errors#no-such-element-exception\nE       Stacktrace:\nE       #0 0x55e47848f6b3 <unknown>\nE       #1 0x55e4781651e7 <unknown>\nE       #2 0x55e4781ac566 <unknown>\nE       #3 0x55e4781ac651 <unknown>\nE       #4 0x55e4781e9a74 <unknown>\nE       #5 0x55e4781ce0ed <unknown>\nE       #6 0x55e4781e7322 <unknown>\nE       #7 0x55e4781cde93 <unknown>\nE       #8 0x55e4781a0934 <unknown>\nE       #9 0x55e4781a171e <unknown>\nE       #10 0x55e478454cb8 <unknown>\nE       #11 0x55e478458bf0 <unknown>\nE       #12 0x55e47846319c <unknown>\nE       #13 0x55e478459808 <unknown>\nE       #14 0x55e47842627f <unknown>\nE       #15 0x55e47847de88 <unknown>\nE       #16 0x55e47847e059 <unknown>\nE       #17 0x55e47848e843 <unknown>\nE       #18 0x7f9b693d2044 <unknown>\n\n/usr/local/lib/python3.11/site-packages/selenium/webdriver/remote/errorhandler.py:229: NoSuchElementException","flaky":false,"newFailed":false,"newBroken":false,"newPassed":false,"retriesCount":0,"retriesStatusChange":false,"beforeStages":[{"name":"_session_faker","time":{"start":1696257407183,"stop":1696257407286,"duration":103},"status":"passed","steps":[],"attachments":[],"parameters":[],"shouldDisplayMessage":false,"stepsCount":0,"attachmentsCount":0,"hasContent":false},{"name":"clear_allure_results_folder","time":{"start":1696257407286,"stop":1696257407286,"duration":0},"status":"passed","steps":[],"attachments":[],"parameters":[],"shouldDisplayMessage":false,"stepsCount":0,"attachmentsCount":0,"hasContent":false},{"name":"driver","time":{"start":1696258204455,"stop":1696258205306,"duration":851},"status":"passed","steps":[],"attachments":[],"parameters":[],"shouldDisplayMessage":false,"stepsCount":0,"attachmentsCount":0,"hasContent":false},{"name":"setup","time":{"start":1696258205306,"stop":1696258205306,"duration":0},"status":"passed","steps":[],"attachments":[],"parameters":[],"shouldDisplayMessage":false,"stepsCount":0,"attachmentsCount":0,"hasContent":false}],"testStage":{"status":"skipped","statusMessage":"XFAIL\n\nselenium.common.exceptions.NoSuchElementException: Message: no such element: Unable to locate element: {\"method\":\"xpath\",\"selector\":\"(//a[@class='add-to-cart yellow-btn'])[1]\"}\n  (Session info: headless chrome=117.0.5938.92); For documentation on this error, please visit: https://www.selenium.dev/documentation/webdriver/troubleshooting/errors#no-such-element-exception\nStacktrace:\n#0 0x55e47848f6b3 <unknown>\n#1 0x55e4781651e7 <unknown>\n#2 0x55e4781ac566 <unknown>\n#3 0x55e4781ac651 <unknown>\n#4 0x55e4781e9a74 <unknown>\n#5 0x55e4781ce0ed <unknown>\n#6 0x55e4781e7322 <unknown>\n#7 0x55e4781cde93 <unknown>\n#8 0x55e4781a0934 <unknown>\n#9 0x55e4781a171e <unknown>\n#10 0x55e478454cb8 <unknown>\n#11 0x55e478458bf0 <unknown>\n#12 0x55e47846319c <unknown>\n#13 0x55e478459808 <unknown>\n#14 0x55e47842627f <unknown>\n#15 0x55e47847de88 <unknown>\n#16 0x55e47847e059 <unknown>\n#17 0x55e47848e843 <unknown>\n#18 0x7f9b693d2044 <unknown>","statusTrace":"self = <tests.delivery.test_delivery_calculation.TestDeliveryPageCalculation object at 0x7f3043a48150>\ndriver = <selenium.webdriver.chrome.webdriver.WebDriver (session=\"fbb98d91c8711a1062fbbfabedf06131\")>\nurl = 'https://sandboxtest.stroyrem-nn.ru/', case_id = 'TD 013'\nlink_item = 'products/shtukaturka-gipsovaya-aksolit-m50-30-kg-mashinnogo-naneseniya'\namount = 366, weight = 11000, standard = 4800, in_time = 12450, all_time = 13480\n\n    @pytest.mark.parametrize('case_id, link_item, amount, weight, standard, in_time, all_time', [\n        (\"TD 001\", uroven_3000, 1, 30, 0, 1590, 2190),\n        (\"TD 002\", bundeks_25, 1, 30, 400, 1590, 2190),\n        (\"TD 003\", aksolit_30, 8, 300, 400, 1590, 2190),\n        (\"TD 004\", aksolit_30, 13, 400, 450, 1590, 2190),\n        (\"TD 005\", aksolit_30, 16, 500, 600, 1590, 2190),\n        (\"TD 006\", aksolit_30, 25, 1700, 990, 1990, 2480),\n        (\"TD 007\", aksolit_30, 66, 2000, 1300, 2490, 2980),\n        (\"TD 008\", aksolit_30, 149, 4500, 2300, 3980, 4490),\n        (\"TD 009\", aksolit_30, 166, 5000, 2500, 4990, 5480),\n        pytest.param(\n            \"TD 010\", aksolit_30, 206, 6200, 2900, 5570, 6120,\n            marks=pytest.mark.xfail(reson=\"Цена доставки 3600 7960 8980\")\n        ),\n        (\"TD 011\", aksolit_30, 299, 9000, 3600, 7960, 8980),\n        (\"TD 012\", aksolit_30, 333, 10000, 4450, 11990, 12500),\n        pytest.param(\n            \"TD 013\", aksolit_30, 366, 11000, 4800, 12450, 13480,\n            marks=pytest.mark.xfail(reason=\"Цена стандартной доставки 4450\")\n        ),\n        pytest.param(\n            \"TD 014\", aksolit_30, 666, 20000, 5400, 15600, 17490,\n            marks=pytest.mark.xfail(reason=\"Цена стандартной доставки 4450\")\n        )\n    ])\n    @pytest.mark.xfail\n    @pytest.mark.smoke_test\n    def test_positive_delivery_green_zone_smoke(\n            self, driver, url, case_id, link_item, amount, weight, standard, in_time, all_time\n    ):\n    \n        driver.get(f'{url}{link_item}')\n        item_page = ItemPage(driver)\n>       item_page.add_item_to_cart(amount).click_on_cart()\n\ntests/delivery/test_delivery_calculation.py:50: \n_ _ _ _ _ _ _ _ _ _ _ _ _ _ _ _ _ _ _ _ _ _ _ _ _ _ _ _ _ _ _ _ _ _ _ _ _ _ _ _ \npages/item_page.py:40: in add_item_to_cart\n    self.find_element(self._add_item).click()\nbase/seleniumbase.py:17: in find_element\n    return self.driver.find_element(*locator)\n/usr/local/lib/python3.11/site-packages/selenium/webdriver/remote/webdriver.py:739: in find_element\n    return self.execute(Command.FIND_ELEMENT, {\"using\": by, \"value\": value})[\"value\"]\n/usr/local/lib/python3.11/site-packages/selenium/webdriver/remote/webdriver.py:345: in execute\n    self.error_handler.check_response(response)\n_ _ _ _ _ _ _ _ _ _ _ _ _ _ _ _ _ _ _ _ _ _ _ _ _ _ _ _ _ _ _ _ _ _ _ _ _ _ _ _ \n\nself = <selenium.webdriver.remote.errorhandler.ErrorHandler object at 0x7f304297f190>\nresponse = {'status': 404, 'value': '{\"value\":{\"error\":\"no such element\",\"message\":\"no such element: Unable to locate element: {\\...\\\\n#16 0x55e47847e059 \\\\u003Cunknown>\\\\n#17 0x55e47848e843 \\\\u003Cunknown>\\\\n#18 0x7f9b693d2044 \\\\u003Cunknown>\\\\n\"}}'}\n\n    def check_response(self, response: Dict[str, Any]) -> None:\n        \"\"\"Checks that a JSON response from the WebDriver does not have an\n        error.\n    \n        :Args:\n         - response - The JSON response from the WebDriver server as a dictionary\n           object.\n    \n        :Raises: If the response contains an error message.\n        \"\"\"\n        status = response.get(\"status\", None)\n        if not status or status == ErrorCode.SUCCESS:\n            return\n        value = None\n        message = response.get(\"message\", \"\")\n        screen: str = response.get(\"screen\", \"\")\n        stacktrace = None\n        if isinstance(status, int):\n            value_json = response.get(\"value\", None)\n            if value_json and isinstance(value_json, str):\n                import json\n    \n                try:\n                    value = json.loads(value_json)\n                    if len(value) == 1:\n                        value = value[\"value\"]\n                    status = value.get(\"error\", None)\n                    if not status:\n                        status = value.get(\"status\", ErrorCode.UNKNOWN_ERROR)\n                        message = value.get(\"value\") or value.get(\"message\")\n                        if not isinstance(message, str):\n                            value = message\n                            message = message.get(\"message\")\n                    else:\n                        message = value.get(\"message\", None)\n                except ValueError:\n                    pass\n    \n        exception_class: Type[WebDriverException]\n        e = ErrorCode()\n        error_codes = [item for item in dir(e) if not item.startswith(\"__\")]\n        for error_code in error_codes:\n            error_info = getattr(ErrorCode, error_code)\n            if isinstance(error_info, list) and status in error_info:\n                exception_class = getattr(ExceptionMapping, error_code, WebDriverException)\n                break\n        else:\n            exception_class = WebDriverException\n    \n        if not value:\n            value = response[\"value\"]\n        if isinstance(value, str):\n            raise exception_class(value)\n        if message == \"\" and \"message\" in value:\n            message = value[\"message\"]\n    \n        screen = None  # type: ignore[assignment]\n        if \"screen\" in value:\n            screen = value[\"screen\"]\n    \n        stacktrace = None\n        st_value = value.get(\"stackTrace\") or value.get(\"stacktrace\")\n        if st_value:\n            if isinstance(st_value, str):\n                stacktrace = st_value.split(\"\\n\")\n            else:\n                stacktrace = []\n                try:\n                    for frame in st_value:\n                        line = frame.get(\"lineNumber\", \"\")\n                        file = frame.get(\"fileName\", \"<anonymous>\")\n                        if line:\n                            file = f\"{file}:{line}\"\n                        meth = frame.get(\"methodName\", \"<anonymous>\")\n                        if \"className\" in frame:\n                            meth = f\"{frame['className']}.{meth}\"\n                        msg = \"    at %s (%s)\"\n                        msg = msg % (meth, file)\n                        stacktrace.append(msg)\n                except TypeError:\n                    pass\n        if exception_class == UnexpectedAlertPresentException:\n            alert_text = None\n            if \"data\" in value:\n                alert_text = value[\"data\"].get(\"text\")\n            elif \"alert\" in value:\n                alert_text = value[\"alert\"].get(\"text\")\n            raise exception_class(message, screen, stacktrace, alert_text)  # type: ignore[call-arg]  # mypy is not smart enough here\n>       raise exception_class(message, screen, stacktrace)\nE       selenium.common.exceptions.NoSuchElementException: Message: no such element: Unable to locate element: {\"method\":\"xpath\",\"selector\":\"(//a[@class='add-to-cart yellow-btn'])[1]\"}\nE         (Session info: headless chrome=117.0.5938.92); For documentation on this error, please visit: https://www.selenium.dev/documentation/webdriver/troubleshooting/errors#no-such-element-exception\nE       Stacktrace:\nE       #0 0x55e47848f6b3 <unknown>\nE       #1 0x55e4781651e7 <unknown>\nE       #2 0x55e4781ac566 <unknown>\nE       #3 0x55e4781ac651 <unknown>\nE       #4 0x55e4781e9a74 <unknown>\nE       #5 0x55e4781ce0ed <unknown>\nE       #6 0x55e4781e7322 <unknown>\nE       #7 0x55e4781cde93 <unknown>\nE       #8 0x55e4781a0934 <unknown>\nE       #9 0x55e4781a171e <unknown>\nE       #10 0x55e478454cb8 <unknown>\nE       #11 0x55e478458bf0 <unknown>\nE       #12 0x55e47846319c <unknown>\nE       #13 0x55e478459808 <unknown>\nE       #14 0x55e47842627f <unknown>\nE       #15 0x55e47847de88 <unknown>\nE       #16 0x55e47847e059 <unknown>\nE       #17 0x55e47848e843 <unknown>\nE       #18 0x7f9b693d2044 <unknown>\n\n/usr/local/lib/python3.11/site-packages/selenium/webdriver/remote/errorhandler.py:229: NoSuchElementException","steps":[{"name":"Добавляем товар в корзину в количестве 366","time":{"start":1696258205834,"stop":1696258205855,"duration":21},"status":"broken","statusMessage":"selenium.common.exceptions.NoSuchElementException: Message: no such element: Unable to locate element: {\"method\":\"xpath\",\"selector\":\"(//a[@class='add-to-cart yellow-btn'])[1]\"}\n  (Session info: headless chrome=117.0.5938.92); For documentation on this error, please visit: https://www.selenium.dev/documentation/webdriver/troubleshooting/errors#no-such-element-exception\nStacktrace:\n#0 0x55e47848f6b3 <unknown>\n#1 0x55e4781651e7 <unknown>\n#2 0x55e4781ac566 <unknown>\n#3 0x55e4781ac651 <unknown>\n#4 0x55e4781e9a74 <unknown>\n#5 0x55e4781ce0ed <unknown>\n#6 0x55e4781e7322 <unknown>\n#7 0x55e4781cde93 <unknown>\n#8 0x55e4781a0934 <unknown>\n#9 0x55e4781a171e <unknown>\n#10 0x55e478454cb8 <unknown>\n#11 0x55e478458bf0 <unknown>\n#12 0x55e47846319c <unknown>\n#13 0x55e478459808 <unknown>\n#14 0x55e47842627f <unknown>\n#15 0x55e47847de88 <unknown>\n#16 0x55e47847e059 <unknown>\n#17 0x55e47848e843 <unknown>\n#18 0x7f9b693d2044 <unknown>\n\n","statusTrace":"  File \"/usr/local/lib/python3.11/site-packages/allure_commons/_allure.py\", line 192, in impl\n    return func(*a, **kw)\n           ^^^^^^^^^^^^^^\n  File \"/app/pages/item_page.py\", line 40, in add_item_to_cart\n    self.find_element(self._add_item).click()\n    ^^^^^^^^^^^^^^^^^^^^^^^^^^^^^^^^^\n  File \"/app/base/seleniumbase.py\", line 17, in find_element\n    return self.driver.find_element(*locator)\n           ^^^^^^^^^^^^^^^^^^^^^^^^^^^^^^^^^^\n  File \"/usr/local/lib/python3.11/site-packages/selenium/webdriver/remote/webdriver.py\", line 739, in find_element\n    return self.execute(Command.FIND_ELEMENT, {\"using\": by, \"value\": value})[\"value\"]\n           ^^^^^^^^^^^^^^^^^^^^^^^^^^^^^^^^^^^^^^^^^^^^^^^^^^^^^^^^^^^^^^^^^\n  File \"/usr/local/lib/python3.11/site-packages/selenium/webdriver/remote/webdriver.py\", line 345, in execute\n    self.error_handler.check_response(response)\n  File \"/usr/local/lib/python3.11/site-packages/selenium/webdriver/remote/errorhandler.py\", line 229, in check_response\n    raise exception_class(message, screen, stacktrace)\n","steps":[],"attachments":[],"parameters":[{"name":"amount","value":"366"}],"shouldDisplayMessage":true,"stepsCount":0,"attachmentsCount":0,"hasContent":true}],"attachments":[{"uid":"9c93c210689f1ff","name":"Screenshot","source":"9c93c210689f1ff.png","type":"image/png","size":39917},{"uid":"d90462a7cd07768","name":"HTML source","source":"d90462a7cd07768.html","type":"text/html","size":544}],"parameters":[],"shouldDisplayMessage":true,"stepsCount":1,"attachmentsCount":2,"hasContent":true},"afterStages":[{"name":"setup::0","time":{"start":1696258205995,"stop":1696258205995,"duration":0},"status":"passed","steps":[],"attachments":[],"parameters":[],"shouldDisplayMessage":false,"stepsCount":0,"attachmentsCount":0,"hasContent":false},{"name":"driver::0","time":{"start":1696258205996,"stop":1696258206053,"duration":57},"status":"passed","steps":[],"attachments":[],"parameters":[],"shouldDisplayMessage":false,"stepsCount":0,"attachmentsCount":0,"hasContent":false}],"labels":[{"name":"epic","value":"Delivery Page - calculation"},{"name":"tag","value":"smoke_test"},{"name":"tag","value":"@pytest.mark.xfail"},{"name":"parentSuite","value":"tests.delivery"},{"name":"suite","value":"test_delivery_calculation"},{"name":"subSuite","value":"TestDeliveryPageCalculation"},{"name":"host","value":"fe3d822860e3"},{"name":"thread","value":"1-MainThread"},{"name":"framework","value":"pytest"},{"name":"language","value":"cpython3"},{"name":"package","value":"tests.delivery.test_delivery_calculation"},{"name":"resultFormat","value":"allure2"}],"parameters":[{"name":"all_time","value":"13480"},{"name":"amount","value":"366"},{"name":"case_id","value":"'TD 013'"},{"name":"in_time","value":"12450"},{"name":"link_item","value":"'products/shtukaturka-gipsovaya-aksolit-m50-30-kg-mashinnogo-naneseniya'"},{"name":"standard","value":"4800"},{"name":"url","value":"'https://sandboxtest.stroyrem-nn.ru/'"},{"name":"weight","value":"11000"}],"links":[],"hidden":false,"retry":false,"extra":{"severity":"normal","retries":[],"categories":[],"history":{"statistic":{"failed":0,"broken":0,"skipped":53,"passed":0,"unknown":0,"total":53},"items":[{"uid":"3f0c86edb02210e7","reportUrl":"https://Nat754.github.io/StroyremAutomation/81//#testresult/3f0c86edb02210e7","status":"skipped","statusDetails":"XFAIL\n\nselenium.common.exceptions.NoSuchElementException: Message: no such element: Unable to locate element: {\"method\":\"xpath\",\"selector\":\"(//a[@class='add-to-cart yellow-btn'])[1]\"}\n  (Session info: headless chrome=117.0.5938.92); For documentation on this error, please visit: https://www.selenium.dev/documentation/webdriver/troubleshooting/errors#no-such-element-exception\nStacktrace:\n#0 0x55dce56366b3 <unknown>\n#1 0x55dce530c1e7 <unknown>\n#2 0x55dce5353566 <unknown>\n#3 0x55dce5353651 <unknown>\n#4 0x55dce5390a74 <unknown>\n#5 0x55dce53750ed <unknown>\n#6 0x55dce538e322 <unknown>\n#7 0x55dce5374e93 <unknown>\n#8 0x55dce5347934 <unknown>\n#9 0x55dce534871e <unknown>\n#10 0x55dce55fbcb8 <unknown>\n#11 0x55dce55ffbf0 <unknown>\n#12 0x55dce560a19c <unknown>\n#13 0x55dce5600808 <unknown>\n#14 0x55dce55cd27f <unknown>\n#15 0x55dce5624e88 <unknown>\n#16 0x55dce5625059 <unknown>\n#17 0x55dce5635843 <unknown>\n#18 0x7f23a6550044 <unknown>","time":{"start":1696208352469,"stop":1696208353018,"duration":549}},{"uid":"76cf0902ac4c84e9","reportUrl":"https://Nat754.github.io/StroyremAutomation/80//#testresult/76cf0902ac4c84e9","status":"skipped","statusDetails":"XFAIL\n\nselenium.common.exceptions.NoSuchElementException: Message: no such element: Unable to locate element: {\"method\":\"xpath\",\"selector\":\"(//a[@class='add-to-cart yellow-btn'])[1]\"}\n  (Session info: headless chrome=117.0.5938.92); For documentation on this error, please visit: https://www.selenium.dev/documentation/webdriver/troubleshooting/errors#no-such-element-exception\nStacktrace:\n#0 0x555a8fc086b3 <unknown>\n#1 0x555a8f8de1e7 <unknown>\n#2 0x555a8f925566 <unknown>\n#3 0x555a8f925651 <unknown>\n#4 0x555a8f962a74 <unknown>\n#5 0x555a8f9470ed <unknown>\n#6 0x555a8f960322 <unknown>\n#7 0x555a8f946e93 <unknown>\n#8 0x555a8f919934 <unknown>\n#9 0x555a8f91a71e <unknown>\n#10 0x555a8fbcdcb8 <unknown>\n#11 0x555a8fbd1bf0 <unknown>\n#12 0x555a8fbdc19c <unknown>\n#13 0x555a8fbd2808 <unknown>\n#14 0x555a8fb9f27f <unknown>\n#15 0x555a8fbf6e88 <unknown>\n#16 0x555a8fbf7059 <unknown>\n#17 0x555a8fc07843 <unknown>\n#18 0x7fbde70d0044 <unknown>","time":{"start":1696122340367,"stop":1696122340852,"duration":485}},{"uid":"ef340e8da0e5de81","reportUrl":"https://Nat754.github.io/StroyremAutomation/79//#testresult/ef340e8da0e5de81","status":"skipped","statusDetails":"XFAIL\n\nselenium.common.exceptions.NoSuchElementException: Message: no such element: Unable to locate element: {\"method\":\"xpath\",\"selector\":\"(//a[@class='add-to-cart yellow-btn'])[1]\"}\n  (Session info: headless chrome=117.0.5938.92); For documentation on this error, please visit: https://www.selenium.dev/documentation/webdriver/troubleshooting/errors#no-such-element-exception\nStacktrace:\n#0 0x5588111e66b3 <unknown>\n#1 0x558810ebc1e7 <unknown>\n#2 0x558810f03566 <unknown>\n#3 0x558810f03651 <unknown>\n#4 0x558810f40a74 <unknown>\n#5 0x558810f250ed <unknown>\n#6 0x558810f3e322 <unknown>\n#7 0x558810f24e93 <unknown>\n#8 0x558810ef7934 <unknown>\n#9 0x558810ef871e <unknown>\n#10 0x5588111abcb8 <unknown>\n#11 0x5588111afbf0 <unknown>\n#12 0x5588111ba19c <unknown>\n#13 0x5588111b0808 <unknown>\n#14 0x55881117d27f <unknown>\n#15 0x5588111d4e88 <unknown>\n#16 0x5588111d5059 <unknown>\n#17 0x5588111e5843 <unknown>\n#18 0x7f10c2997044 <unknown>","time":{"start":1696035331581,"stop":1696035331997,"duration":416}},{"uid":"8434c091c926f866","reportUrl":"https://Nat754.github.io/StroyremAutomation/78//#testresult/8434c091c926f866","status":"skipped","statusDetails":"XFAIL\n\nselenium.common.exceptions.NoSuchElementException: Message: no such element: Unable to locate element: {\"method\":\"xpath\",\"selector\":\"(//a[@class='add-to-cart yellow-btn'])[1]\"}\n  (Session info: headless chrome=117.0.5938.92); For documentation on this error, please visit: https://www.selenium.dev/documentation/webdriver/troubleshooting/errors#no-such-element-exception\nStacktrace:\n#0 0x55dc821d76b3 <unknown>\n#1 0x55dc81ead1e7 <unknown>\n#2 0x55dc81ef4566 <unknown>\n#3 0x55dc81ef4651 <unknown>\n#4 0x55dc81f31a74 <unknown>\n#5 0x55dc81f160ed <unknown>\n#6 0x55dc81f2f322 <unknown>\n#7 0x55dc81f15e93 <unknown>\n#8 0x55dc81ee8934 <unknown>\n#9 0x55dc81ee971e <unknown>\n#10 0x55dc8219ccb8 <unknown>\n#11 0x55dc821a0bf0 <unknown>\n#12 0x55dc821ab19c <unknown>\n#13 0x55dc821a1808 <unknown>\n#14 0x55dc8216e27f <unknown>\n#15 0x55dc821c5e88 <unknown>\n#16 0x55dc821c6059 <unknown>\n#17 0x55dc821d6843 <unknown>\n#18 0x7f27efc2c044 <unknown>","time":{"start":1695949061032,"stop":1695949061566,"duration":534}},{"uid":"b62570d9da22662d","reportUrl":"https://Nat754.github.io/StroyremAutomation/77//#testresult/b62570d9da22662d","status":"skipped","statusDetails":"XFAIL\n\nselenium.common.exceptions.NoSuchElementException: Message: no such element: Unable to locate element: {\"method\":\"xpath\",\"selector\":\"(//a[@class='add-to-cart yellow-btn'])[1]\"}\n  (Session info: headless chrome=117.0.5938.92); For documentation on this error, please visit: https://www.selenium.dev/documentation/webdriver/troubleshooting/errors#no-such-element-exception\nStacktrace:\n#0 0x5559ef1da6b3 <unknown>\n#1 0x5559eeeb01e7 <unknown>\n#2 0x5559eeef7566 <unknown>\n#3 0x5559eeef7651 <unknown>\n#4 0x5559eef34a74 <unknown>\n#5 0x5559eef190ed <unknown>\n#6 0x5559eef32322 <unknown>\n#7 0x5559eef18e93 <unknown>\n#8 0x5559eeeeb934 <unknown>\n#9 0x5559eeeec71e <unknown>\n#10 0x5559ef19fcb8 <unknown>\n#11 0x5559ef1a3bf0 <unknown>\n#12 0x5559ef1ae19c <unknown>\n#13 0x5559ef1a4808 <unknown>\n#14 0x5559ef17127f <unknown>\n#15 0x5559ef1c8e88 <unknown>\n#16 0x5559ef1c9059 <unknown>\n#17 0x5559ef1d9843 <unknown>\n#18 0x7fe0fd4d8044 <unknown>","time":{"start":1695862822847,"stop":1695862823661,"duration":814}},{"uid":"90cf2ce074123c2b","reportUrl":"https://Nat754.github.io/StroyremAutomation/76//#testresult/90cf2ce074123c2b","status":"skipped","statusDetails":"XFAIL\n\nselenium.common.exceptions.ElementNotInteractableException: Message: element not interactable\n  (Session info: headless chrome=117.0.5938.92)\nStacktrace:\n#0 0x564a115676b3 <unknown>\n#1 0x564a1123d036 <unknown>\n#2 0x564a1127bc1d <unknown>\n#3 0x564a112a60c2 <unknown>\n#4 0x564a11279f16 <unknown>\n#5 0x564a112a628e <unknown>\n#6 0x564a112bf322 <unknown>\n#7 0x564a112a5e93 <unknown>\n#8 0x564a11278934 <unknown>\n#9 0x564a1127971e <unknown>\n#10 0x564a1152ccb8 <unknown>\n#11 0x564a11530bf0 <unknown>\n#12 0x564a1153b19c <unknown>\n#13 0x564a11531808 <unknown>\n#14 0x564a114fe27f <unknown>\n#15 0x564a11555e88 <unknown>\n#16 0x564a11556059 <unknown>\n#17 0x564a11566843 <unknown>\n#18 0x7f35949fe044 <unknown>","time":{"start":1695776541976,"stop":1695776549089,"duration":7113}},{"uid":"9cac01e86867369c","reportUrl":"https://Nat754.github.io/StroyremAutomation/75//#testresult/9cac01e86867369c","status":"skipped","statusDetails":"XFAIL\n\nselenium.common.exceptions.NoSuchElementException: Message: no such element: Unable to locate element: {\"method\":\"xpath\",\"selector\":\"(//a[@class='add-to-cart yellow-btn'])[1]\"}\n  (Session info: headless chrome=117.0.5938.92); For documentation on this error, please visit: https://www.selenium.dev/documentation/webdriver/troubleshooting/errors#no-such-element-exception\nStacktrace:\n#0 0x5595fb0b56b3 <unknown>\n#1 0x5595fad8b1e7 <unknown>\n#2 0x5595fadd2566 <unknown>\n#3 0x5595fadd2651 <unknown>\n#4 0x5595fae0fa74 <unknown>\n#5 0x5595fadf40ed <unknown>\n#6 0x5595fae0d322 <unknown>\n#7 0x5595fadf3e93 <unknown>\n#8 0x5595fadc6934 <unknown>\n#9 0x5595fadc771e <unknown>\n#10 0x5595fb07acb8 <unknown>\n#11 0x5595fb07ebf0 <unknown>\n#12 0x5595fb08919c <unknown>\n#13 0x5595fb07f808 <unknown>\n#14 0x5595fb04c27f <unknown>\n#15 0x5595fb0a3e88 <unknown>\n#16 0x5595fb0a4059 <unknown>\n#17 0x5595fb0b4843 <unknown>\n#18 0x7fb220452044 <unknown>","time":{"start":1695690094754,"stop":1695690100468,"duration":5714}},{"uid":"4d2552ff520a5d93","reportUrl":"https://Nat754.github.io/StroyremAutomation/74//#testresult/4d2552ff520a5d93","status":"skipped","statusDetails":"XFAIL\n\nselenium.common.exceptions.NoSuchElementException: Message: no such element: Unable to locate element: {\"method\":\"xpath\",\"selector\":\"(//a[@class='add-to-cart yellow-btn'])[1]\"}\n  (Session info: headless chrome=117.0.5938.92); For documentation on this error, please visit: https://www.selenium.dev/documentation/webdriver/troubleshooting/errors#no-such-element-exception\nStacktrace:\n#0 0x560773fa16b3 <unknown>\n#1 0x560773c771e7 <unknown>\n#2 0x560773cbe566 <unknown>\n#3 0x560773cbe651 <unknown>\n#4 0x560773cfba74 <unknown>\n#5 0x560773ce00ed <unknown>\n#6 0x560773cf9322 <unknown>\n#7 0x560773cdfe93 <unknown>\n#8 0x560773cb2934 <unknown>\n#9 0x560773cb371e <unknown>\n#10 0x560773f66cb8 <unknown>\n#11 0x560773f6abf0 <unknown>\n#12 0x560773f7519c <unknown>\n#13 0x560773f6b808 <unknown>\n#14 0x560773f3827f <unknown>\n#15 0x560773f8fe88 <unknown>\n#16 0x560773f90059 <unknown>\n#17 0x560773fa0843 <unknown>\n#18 0x7f4d65a8d044 <unknown>","time":{"start":1695603677804,"stop":1695603678459,"duration":655}},{"uid":"b37d8eb4a5fff21d","reportUrl":"https://Nat754.github.io/StroyremAutomation/73//#testresult/b37d8eb4a5fff21d","status":"skipped","statusDetails":"XFAIL\n\nselenium.common.exceptions.NoSuchElementException: Message: no such element: Unable to locate element: {\"method\":\"xpath\",\"selector\":\"(//a[@class='add-to-cart yellow-btn'])[1]\"}\n  (Session info: headless chrome=117.0.5938.92); For documentation on this error, please visit: https://www.selenium.dev/documentation/webdriver/troubleshooting/errors#no-such-element-exception\nStacktrace:\n#0 0x5581c4c866b3 <unknown>\n#1 0x5581c495c1e7 <unknown>\n#2 0x5581c49a3566 <unknown>\n#3 0x5581c49a3651 <unknown>\n#4 0x5581c49e0a74 <unknown>\n#5 0x5581c49c50ed <unknown>\n#6 0x5581c49de322 <unknown>\n#7 0x5581c49c4e93 <unknown>\n#8 0x5581c4997934 <unknown>\n#9 0x5581c499871e <unknown>\n#10 0x5581c4c4bcb8 <unknown>\n#11 0x5581c4c4fbf0 <unknown>\n#12 0x5581c4c5a19c <unknown>\n#13 0x5581c4c50808 <unknown>\n#14 0x5581c4c1d27f <unknown>\n#15 0x5581c4c74e88 <unknown>\n#16 0x5581c4c75059 <unknown>\n#17 0x5581c4c85843 <unknown>\n#18 0x7fea39fcc044 <unknown>","time":{"start":1695517187017,"stop":1695517187577,"duration":560}},{"uid":"951410bd9f415ce4","reportUrl":"https://Nat754.github.io/StroyremAutomation/72//#testresult/951410bd9f415ce4","status":"skipped","statusDetails":"XFAIL\n\nselenium.common.exceptions.NoSuchElementException: Message: no such element: Unable to locate element: {\"method\":\"xpath\",\"selector\":\"(//a[@class='add-to-cart yellow-btn'])[1]\"}\n  (Session info: headless chrome=117.0.5938.92); For documentation on this error, please visit: https://www.selenium.dev/documentation/webdriver/troubleshooting/errors#no-such-element-exception\nStacktrace:\n#0 0x557a56eed6b3 <unknown>\n#1 0x557a56bc31e7 <unknown>\n#2 0x557a56c0a566 <unknown>\n#3 0x557a56c0a651 <unknown>\n#4 0x557a56c47a74 <unknown>\n#5 0x557a56c2c0ed <unknown>\n#6 0x557a56c45322 <unknown>\n#7 0x557a56c2be93 <unknown>\n#8 0x557a56bfe934 <unknown>\n#9 0x557a56bff71e <unknown>\n#10 0x557a56eb2cb8 <unknown>\n#11 0x557a56eb6bf0 <unknown>\n#12 0x557a56ec119c <unknown>\n#13 0x557a56eb7808 <unknown>\n#14 0x557a56e8427f <unknown>\n#15 0x557a56edbe88 <unknown>\n#16 0x557a56edc059 <unknown>\n#17 0x557a56eec843 <unknown>\n#18 0x7faebf2e0044 <unknown>","time":{"start":1695430703472,"stop":1695430704137,"duration":665}},{"uid":"e44d63ef63f7ed8b","reportUrl":"https://Nat754.github.io/StroyremAutomation/71//#testresult/e44d63ef63f7ed8b","status":"skipped","statusDetails":"XFAIL\n\nselenium.common.exceptions.NoSuchElementException: Message: no such element: Unable to locate element: {\"method\":\"xpath\",\"selector\":\"(//a[@class='add-to-cart yellow-btn'])[1]\"}\n  (Session info: headless chrome=117.0.5938.92); For documentation on this error, please visit: https://www.selenium.dev/documentation/webdriver/troubleshooting/errors#no-such-element-exception\nStacktrace:\n#0 0x55ad1892b6b3 <unknown>\n#1 0x55ad186011e7 <unknown>\n#2 0x55ad18648566 <unknown>\n#3 0x55ad18648651 <unknown>\n#4 0x55ad18685a74 <unknown>\n#5 0x55ad1866a0ed <unknown>\n#6 0x55ad18683322 <unknown>\n#7 0x55ad18669e93 <unknown>\n#8 0x55ad1863c934 <unknown>\n#9 0x55ad1863d71e <unknown>\n#10 0x55ad188f0cb8 <unknown>\n#11 0x55ad188f4bf0 <unknown>\n#12 0x55ad188ff19c <unknown>\n#13 0x55ad188f5808 <unknown>\n#14 0x55ad188c227f <unknown>\n#15 0x55ad18919e88 <unknown>\n#16 0x55ad1891a059 <unknown>\n#17 0x55ad1892a843 <unknown>\n#18 0x7fbcbcddd044 <unknown>","time":{"start":1695406013132,"stop":1695406013766,"duration":634}},{"uid":"120b251270d4d22d","reportUrl":"https://Nat754.github.io/StroyremAutomation/71//#testresult/120b251270d4d22d","status":"skipped","statusDetails":"XFAIL\n\nselenium.common.exceptions.NoSuchElementException: Message: no such element: Unable to locate element: {\"method\":\"xpath\",\"selector\":\"(//a[@class='add-to-cart yellow-btn'])[1]\"}\n  (Session info: headless chrome=117.0.5938.92); For documentation on this error, please visit: https://www.selenium.dev/documentation/webdriver/troubleshooting/errors#no-such-element-exception\nStacktrace:\n#0 0x5624588af6b3 <unknown>\n#1 0x5624585851e7 <unknown>\n#2 0x5624585cc566 <unknown>\n#3 0x5624585cc651 <unknown>\n#4 0x562458609a74 <unknown>\n#5 0x5624585ee0ed <unknown>\n#6 0x562458607322 <unknown>\n#7 0x5624585ede93 <unknown>\n#8 0x5624585c0934 <unknown>\n#9 0x5624585c171e <unknown>\n#10 0x562458874cb8 <unknown>\n#11 0x562458878bf0 <unknown>\n#12 0x56245888319c <unknown>\n#13 0x562458879808 <unknown>\n#14 0x56245884627f <unknown>\n#15 0x56245889de88 <unknown>\n#16 0x56245889e059 <unknown>\n#17 0x5624588ae843 <unknown>\n#18 0x7f71d6954044 <unknown>","time":{"start":1695344243256,"stop":1695344243769,"duration":513}},{"uid":"191720103d6887fb","reportUrl":"https://Nat754.github.io/StroyremAutomation/70//#testresult/191720103d6887fb","status":"skipped","statusDetails":"XFAIL\n\nselenium.common.exceptions.NoSuchElementException: Message: no such element: Unable to locate element: {\"method\":\"xpath\",\"selector\":\"(//a[@class='add-to-cart yellow-btn'])[1]\"}\n  (Session info: headless chrome=117.0.5938.88); For documentation on this error, please visit: https://www.selenium.dev/documentation/webdriver/troubleshooting/errors#no-such-element-exception\nStacktrace:\n#0 0x55c79f6de6c3 <unknown>\n#1 0x55c79f3b41e7 <unknown>\n#2 0x55c79f3fb566 <unknown>\n#3 0x55c79f3fb651 <unknown>\n#4 0x55c79f438a74 <unknown>\n#5 0x55c79f41d0ed <unknown>\n#6 0x55c79f436322 <unknown>\n#7 0x55c79f41ce93 <unknown>\n#8 0x55c79f3ef934 <unknown>\n#9 0x55c79f3f071e <unknown>\n#10 0x55c79f6a3cc8 <unknown>\n#11 0x55c79f6a7c00 <unknown>\n#12 0x55c79f6b21ac <unknown>\n#13 0x55c79f6a8818 <unknown>\n#14 0x55c79f67528f <unknown>\n#15 0x55c79f6cce98 <unknown>\n#16 0x55c79f6cd069 <unknown>\n#17 0x55c79f6dd853 <unknown>\n#18 0x7f110c5aa044 <unknown>","time":{"start":1695257822770,"stop":1695257823164,"duration":394}},{"uid":"466ff62276eb2137","reportUrl":"https://Nat754.github.io/StroyremAutomation/69//#testresult/466ff62276eb2137","status":"skipped","statusDetails":"XFAIL\n\nselenium.common.exceptions.ElementNotInteractableException: Message: element not interactable\n  (Session info: headless chrome=117.0.5938.88)\nStacktrace:\n#0 0x55a31cc776c3 <unknown>\n#1 0x55a31c94d036 <unknown>\n#2 0x55a31c98bc1d <unknown>\n#3 0x55a31c9b60c2 <unknown>\n#4 0x55a31c989f16 <unknown>\n#5 0x55a31c9b628e <unknown>\n#6 0x55a31c9cf322 <unknown>\n#7 0x55a31c9b5e93 <unknown>\n#8 0x55a31c988934 <unknown>\n#9 0x55a31c98971e <unknown>\n#10 0x55a31cc3ccc8 <unknown>\n#11 0x55a31cc40c00 <unknown>\n#12 0x55a31cc4b1ac <unknown>\n#13 0x55a31cc41818 <unknown>\n#14 0x55a31cc0e28f <unknown>\n#15 0x55a31cc65e98 <unknown>\n#16 0x55a31cc66069 <unknown>\n#17 0x55a31cc76853 <unknown>\n#18 0x7fc018306044 <unknown>","time":{"start":1695171700237,"stop":1695171706316,"duration":6079}},{"uid":"b280537054558e08","reportUrl":"https://Nat754.github.io/StroyremAutomation/68//#testresult/b280537054558e08","status":"skipped","statusDetails":"XFAIL\n\nselenium.common.exceptions.NoSuchElementException: Message: no such element: Unable to locate element: {\"method\":\"xpath\",\"selector\":\"(//a[@class='add-to-cart yellow-btn'])[1]\"}\n  (Session info: headless chrome=117.0.5938.88); For documentation on this error, please visit: https://www.selenium.dev/documentation/webdriver/troubleshooting/errors#no-such-element-exception\nStacktrace:\n#0 0x565453d856c3 <unknown>\n#1 0x565453a5b1e7 <unknown>\n#2 0x565453aa2566 <unknown>\n#3 0x565453aa2651 <unknown>\n#4 0x565453adfa74 <unknown>\n#5 0x565453ac40ed <unknown>\n#6 0x565453add322 <unknown>\n#7 0x565453ac3e93 <unknown>\n#8 0x565453a96934 <unknown>\n#9 0x565453a9771e <unknown>\n#10 0x565453d4acc8 <unknown>\n#11 0x565453d4ec00 <unknown>\n#12 0x565453d591ac <unknown>\n#13 0x565453d4f818 <unknown>\n#14 0x565453d1c28f <unknown>\n#15 0x565453d73e98 <unknown>\n#16 0x565453d74069 <unknown>\n#17 0x565453d84853 <unknown>\n#18 0x7f4fd4508044 <unknown>","time":{"start":1695085144745,"stop":1695085145422,"duration":677}},{"uid":"e0b54c8b267f8d8b","reportUrl":"https://Nat754.github.io/StroyremAutomation/67//#testresult/e0b54c8b267f8d8b","status":"skipped","statusDetails":"XFAIL\n\nselenium.common.exceptions.NoSuchElementException: Message: no such element: Unable to locate element: {\"method\":\"xpath\",\"selector\":\"(//a[@class='add-to-cart yellow-btn'])[1]\"}\n  (Session info: headless chrome=117.0.5938.88); For documentation on this error, please visit: https://www.selenium.dev/documentation/webdriver/troubleshooting/errors#no-such-element-exception\nStacktrace:\n#0 0x5597997a46c3 <unknown>\n#1 0x55979947a1e7 <unknown>\n#2 0x5597994c1566 <unknown>\n#3 0x5597994c1651 <unknown>\n#4 0x5597994fea74 <unknown>\n#5 0x5597994e30ed <unknown>\n#6 0x5597994fc322 <unknown>\n#7 0x5597994e2e93 <unknown>\n#8 0x5597994b5934 <unknown>\n#9 0x5597994b671e <unknown>\n#10 0x559799769cc8 <unknown>\n#11 0x55979976dc00 <unknown>\n#12 0x5597997781ac <unknown>\n#13 0x55979976e818 <unknown>\n#14 0x55979973b28f <unknown>\n#15 0x559799792e98 <unknown>\n#16 0x559799793069 <unknown>\n#17 0x5597997a3853 <unknown>\n#18 0x7f0ed2796044 <unknown>","time":{"start":1695063657125,"stop":1695063657671,"duration":546}},{"uid":"2e3b1cc6f6bab564","reportUrl":"https://Nat754.github.io/StroyremAutomation/66//#testresult/2e3b1cc6f6bab564","status":"skipped","statusDetails":"XFAIL\n\nselenium.common.exceptions.NoSuchElementException: Message: no such element: Unable to locate element: {\"method\":\"xpath\",\"selector\":\"(//a[@class='add-to-cart yellow-btn'])[1]\"}\n  (Session info: headless chrome=117.0.5938.88); For documentation on this error, please visit: https://www.selenium.dev/documentation/webdriver/troubleshooting/errors#no-such-element-exception\nStacktrace:\n#0 0x563750d216c3 <unknown>\n#1 0x5637509f71e7 <unknown>\n#2 0x563750a3e566 <unknown>\n#3 0x563750a3e651 <unknown>\n#4 0x563750a7ba74 <unknown>\n#5 0x563750a600ed <unknown>\n#6 0x563750a79322 <unknown>\n#7 0x563750a5fe93 <unknown>\n#8 0x563750a32934 <unknown>\n#9 0x563750a3371e <unknown>\n#10 0x563750ce6cc8 <unknown>\n#11 0x563750ceac00 <unknown>\n#12 0x563750cf51ac <unknown>\n#13 0x563750ceb818 <unknown>\n#14 0x563750cb828f <unknown>\n#15 0x563750d0fe98 <unknown>\n#16 0x563750d10069 <unknown>\n#17 0x563750d20853 <unknown>\n#18 0x7f7aef847044 <unknown>","time":{"start":1695060469732,"stop":1695060470251,"duration":519}},{"uid":"d171d74984631d7d","reportUrl":"https://Nat754.github.io/StroyremAutomation/66//#testresult/d171d74984631d7d","status":"skipped","statusDetails":"XFAIL\n\nselenium.common.exceptions.NoSuchElementException: Message: no such element: Unable to locate element: {\"method\":\"xpath\",\"selector\":\"(//a[@class='add-to-cart yellow-btn'])[1]\"}\n  (Session info: headless chrome=117.0.5938.88); For documentation on this error, please visit: https://www.selenium.dev/documentation/webdriver/troubleshooting/errors#no-such-element-exception\nStacktrace:\n#0 0x562d10c916c3 <unknown>\n#1 0x562d109671e7 <unknown>\n#2 0x562d109ae566 <unknown>\n#3 0x562d109ae651 <unknown>\n#4 0x562d109eba74 <unknown>\n#5 0x562d109d00ed <unknown>\n#6 0x562d109e9322 <unknown>\n#7 0x562d109cfe93 <unknown>\n#8 0x562d109a2934 <unknown>\n#9 0x562d109a371e <unknown>\n#10 0x562d10c56cc8 <unknown>\n#11 0x562d10c5ac00 <unknown>\n#12 0x562d10c651ac <unknown>\n#13 0x562d10c5b818 <unknown>\n#14 0x562d10c2828f <unknown>\n#15 0x562d10c7fe98 <unknown>\n#16 0x562d10c80069 <unknown>\n#17 0x562d10c90853 <unknown>\n#18 0x7f7c929da044 <unknown>","time":{"start":1694998504345,"stop":1694998504899,"duration":554}},{"uid":"d81921b60b0a7104","reportUrl":"https://Nat754.github.io/StroyremAutomation/65//#testresult/d81921b60b0a7104","status":"skipped","statusDetails":"XFAIL\n\nselenium.common.exceptions.NoSuchElementException: Message: no such element: Unable to locate element: {\"method\":\"xpath\",\"selector\":\"(//a[@class='add-to-cart yellow-btn'])[1]\"}\n  (Session info: headless chrome=117.0.5938.88); For documentation on this error, please visit: https://www.selenium.dev/documentation/webdriver/troubleshooting/errors#no-such-element-exception\nStacktrace:\n#0 0x560a6e6cc6c3 <unknown>\n#1 0x560a6e3a21e7 <unknown>\n#2 0x560a6e3e9566 <unknown>\n#3 0x560a6e3e9651 <unknown>\n#4 0x560a6e426a74 <unknown>\n#5 0x560a6e40b0ed <unknown>\n#6 0x560a6e424322 <unknown>\n#7 0x560a6e40ae93 <unknown>\n#8 0x560a6e3dd934 <unknown>\n#9 0x560a6e3de71e <unknown>\n#10 0x560a6e691cc8 <unknown>\n#11 0x560a6e695c00 <unknown>\n#12 0x560a6e6a01ac <unknown>\n#13 0x560a6e696818 <unknown>\n#14 0x560a6e66328f <unknown>\n#15 0x560a6e6bae98 <unknown>\n#16 0x560a6e6bb069 <unknown>\n#17 0x560a6e6cb853 <unknown>\n#18 0x7ff0f33de044 <unknown>","time":{"start":1694929453930,"stop":1694929454490,"duration":560}},{"uid":"698071928334856d","reportUrl":"https://Nat754.github.io/StroyremAutomation/65//#testresult/698071928334856d","status":"skipped","statusDetails":"XFAIL\n\nselenium.common.exceptions.NoSuchElementException: Message: no such element: Unable to locate element: {\"method\":\"xpath\",\"selector\":\"(//a[@class='add-to-cart yellow-btn'])[1]\"}\n  (Session info: headless chrome=117.0.5938.88); For documentation on this error, please visit: https://www.selenium.dev/documentation/webdriver/troubleshooting/errors#no-such-element-exception\nStacktrace:\n#0 0x561fd81af6c3 <unknown>\n#1 0x561fd7e851e7 <unknown>\n#2 0x561fd7ecc566 <unknown>\n#3 0x561fd7ecc651 <unknown>\n#4 0x561fd7f09a74 <unknown>\n#5 0x561fd7eee0ed <unknown>\n#6 0x561fd7f07322 <unknown>\n#7 0x561fd7eede93 <unknown>\n#8 0x561fd7ec0934 <unknown>\n#9 0x561fd7ec171e <unknown>\n#10 0x561fd8174cc8 <unknown>\n#11 0x561fd8178c00 <unknown>\n#12 0x561fd81831ac <unknown>\n#13 0x561fd8179818 <unknown>\n#14 0x561fd814628f <unknown>\n#15 0x561fd819de98 <unknown>\n#16 0x561fd819e069 <unknown>\n#17 0x561fd81ae853 <unknown>\n#18 0x7fa3e0e0f044 <unknown>","time":{"start":1694912351337,"stop":1694912352253,"duration":916}}]},"tags":["@pytest.mark.xfail","smoke_test"]},"source":"8a043a38cdcd7c07.json","parameterValues":["13480","366","'TD 013'","12450","'products/shtukaturka-gipsovaya-aksolit-m50-30-kg-mashinnogo-naneseniya'","4800","'https://sandboxtest.stroyrem-nn.ru/'","11000"]}