{"uid":"c0c620d411969a62","name":"TD 016 Доставка товара весом до 300кг. в синей зоне","fullName":"tests.delivery.test_delivery_calculation.TestDeliveryPageCalculation#test_positive_delivery_blue_zone_smoke","historyId":"86358f082fd4285ea28a57c2eeb5985a","time":{"start":1696208361330,"stop":1696208361756,"duration":426},"status":"skipped","statusMessage":"XFAIL\n\nselenium.common.exceptions.NoSuchElementException: Message: no such element: Unable to locate element: {\"method\":\"xpath\",\"selector\":\"(//a[@class='add-to-cart yellow-btn'])[1]\"}\n  (Session info: headless chrome=117.0.5938.92); For documentation on this error, please visit: https://www.selenium.dev/documentation/webdriver/troubleshooting/errors#no-such-element-exception\nStacktrace:\n#0 0x5626a58386b3 <unknown>\n#1 0x5626a550e1e7 <unknown>\n#2 0x5626a5555566 <unknown>\n#3 0x5626a5555651 <unknown>\n#4 0x5626a5592a74 <unknown>\n#5 0x5626a55770ed <unknown>\n#6 0x5626a5590322 <unknown>\n#7 0x5626a5576e93 <unknown>\n#8 0x5626a5549934 <unknown>\n#9 0x5626a554a71e <unknown>\n#10 0x5626a57fdcb8 <unknown>\n#11 0x5626a5801bf0 <unknown>\n#12 0x5626a580c19c <unknown>\n#13 0x5626a5802808 <unknown>\n#14 0x5626a57cf27f <unknown>\n#15 0x5626a5826e88 <unknown>\n#16 0x5626a5827059 <unknown>\n#17 0x5626a5837843 <unknown>\n#18 0x7f7acf5dd044 <unknown>","statusTrace":"self = <tests.delivery.test_delivery_calculation.TestDeliveryPageCalculation object at 0x7ff123313110>\ndriver = <selenium.webdriver.chrome.webdriver.WebDriver (session=\"0360c1859a4d068e6356c3d5f74b3f30\")>\nurl = 'https://sandboxtest.stroyrem-nn.ru/', case_id = 'TD 016'\nlink_item = 'products/shtukaturka-gipsovaya-aksolit-m50-30-kg-mashinnogo-naneseniya'\namount = 8, weight = 300, standard = 650, in_time = 2390, all_time = 3320\n\n    @pytest.mark.parametrize('case_id, link_item, amount, weight, standard, in_time, all_time', [\n        (\"TD 015\", bundeks_25, 1, 30, 650, 2390, 3320),\n        pytest.param(\n            \"TD 016\", aksolit_30, 8, 300, 650, 2390, 3320,\n            marks=pytest.mark.xfail(reson=\"Цена доставки: - - -\")\n        ),\n        (\"TD 017\", aksolit_30, 13, 400, 650, 2390, 3320),\n        (\"TD 018\", aksolit_30, 16, 500, 850, 2490, 3320),\n        (\"TD 019\", aksolit_30, 25, 1700, 1150, 2490, 3320),\n        (\"TD 020\", aksolit_30, 66, 2000, 1500, 2990, 3650),\n        (\"TD 021\", aksolit_30, 149, 4500, 2600, 4380, 4890),\n        (\"TD 022\", aksolit_30, 166, 5000, 2800, 5490, 5980),\n        pytest.param(\n            \"TD 023\", aksolit_30, 206, 6200, 3300, 7500, 8000,\n            marks=pytest.mark.xfail(reson=\"Цена доставки: 4300 9900 11440\")\n        ),\n        (\"TD 024\", aksolit_30, 299, 9000, 4300, 9900, 11440),\n        (\"TD 025\", aksolit_30, 333, 10000, 7000, 13900, 15900),\n        pytest.param(\n            \"TD 026\", aksolit_30, 366, 11000, 8000, 14900, 19900,\n            marks=pytest.mark.xfail(reson=\"Цена доставки: 7000 13900 15900\")\n        ),\n        pytest.param(\n            \"TD 027\", aksolit_30, 666, 20000, 14000, 16900, 23900,\n            marks=pytest.mark.xfail(reson=\"Цена доставки: 7000 13900 15900\")\n        )\n    ])\n    @pytest.mark.xfail\n    @pytest.mark.smoke_test\n    def test_positive_delivery_blue_zone_smoke(\n            self, driver, url, case_id, link_item, amount, weight, standard, in_time, all_time\n    ):\n        allure.dynamic.title(f\"{case_id} Доставка товара весом до {weight}кг. в синей зоне\")\n    \n        driver.get(f'{url}{link_item}')\n        item_page = ItemPage(driver)\n>       item_page.add_item_to_cart(amount).click_on_cart()\n\ntests/delivery/test_delivery_calculation.py:132: \n_ _ _ _ _ _ _ _ _ _ _ _ _ _ _ _ _ _ _ _ _ _ _ _ _ _ _ _ _ _ _ _ _ _ _ _ _ _ _ _ \npages/item_page.py:40: in add_item_to_cart\n    self.find_element(self._add_item).click()\nbase/seleniumbase.py:17: in find_element\n    return self.driver.find_element(*locator)\n/usr/local/lib/python3.11/site-packages/selenium/webdriver/remote/webdriver.py:739: in find_element\n    return self.execute(Command.FIND_ELEMENT, {\"using\": by, \"value\": value})[\"value\"]\n/usr/local/lib/python3.11/site-packages/selenium/webdriver/remote/webdriver.py:345: in execute\n    self.error_handler.check_response(response)\n_ _ _ _ _ _ _ _ _ _ _ _ _ _ _ _ _ _ _ _ _ _ _ _ _ _ _ _ _ _ _ _ _ _ _ _ _ _ _ _ \n\nself = <selenium.webdriver.remote.errorhandler.ErrorHandler object at 0x7ff12473b010>\nresponse = {'status': 404, 'value': '{\"value\":{\"error\":\"no such element\",\"message\":\"no such element: Unable to locate element: {\\...\\\\n#16 0x5626a5827059 \\\\u003Cunknown>\\\\n#17 0x5626a5837843 \\\\u003Cunknown>\\\\n#18 0x7f7acf5dd044 \\\\u003Cunknown>\\\\n\"}}'}\n\n    def check_response(self, response: Dict[str, Any]) -> None:\n        \"\"\"Checks that a JSON response from the WebDriver does not have an\n        error.\n    \n        :Args:\n         - response - The JSON response from the WebDriver server as a dictionary\n           object.\n    \n        :Raises: If the response contains an error message.\n        \"\"\"\n        status = response.get(\"status\", None)\n        if not status or status == ErrorCode.SUCCESS:\n            return\n        value = None\n        message = response.get(\"message\", \"\")\n        screen: str = response.get(\"screen\", \"\")\n        stacktrace = None\n        if isinstance(status, int):\n            value_json = response.get(\"value\", None)\n            if value_json and isinstance(value_json, str):\n                import json\n    \n                try:\n                    value = json.loads(value_json)\n                    if len(value) == 1:\n                        value = value[\"value\"]\n                    status = value.get(\"error\", None)\n                    if not status:\n                        status = value.get(\"status\", ErrorCode.UNKNOWN_ERROR)\n                        message = value.get(\"value\") or value.get(\"message\")\n                        if not isinstance(message, str):\n                            value = message\n                            message = message.get(\"message\")\n                    else:\n                        message = value.get(\"message\", None)\n                except ValueError:\n                    pass\n    \n        exception_class: Type[WebDriverException]\n        e = ErrorCode()\n        error_codes = [item for item in dir(e) if not item.startswith(\"__\")]\n        for error_code in error_codes:\n            error_info = getattr(ErrorCode, error_code)\n            if isinstance(error_info, list) and status in error_info:\n                exception_class = getattr(ExceptionMapping, error_code, WebDriverException)\n                break\n        else:\n            exception_class = WebDriverException\n    \n        if not value:\n            value = response[\"value\"]\n        if isinstance(value, str):\n            raise exception_class(value)\n        if message == \"\" and \"message\" in value:\n            message = value[\"message\"]\n    \n        screen = None  # type: ignore[assignment]\n        if \"screen\" in value:\n            screen = value[\"screen\"]\n    \n        stacktrace = None\n        st_value = value.get(\"stackTrace\") or value.get(\"stacktrace\")\n        if st_value:\n            if isinstance(st_value, str):\n                stacktrace = st_value.split(\"\\n\")\n            else:\n                stacktrace = []\n                try:\n                    for frame in st_value:\n                        line = frame.get(\"lineNumber\", \"\")\n                        file = frame.get(\"fileName\", \"<anonymous>\")\n                        if line:\n                            file = f\"{file}:{line}\"\n                        meth = frame.get(\"methodName\", \"<anonymous>\")\n                        if \"className\" in frame:\n                            meth = f\"{frame['className']}.{meth}\"\n                        msg = \"    at %s (%s)\"\n                        msg = msg % (meth, file)\n                        stacktrace.append(msg)\n                except TypeError:\n                    pass\n        if exception_class == UnexpectedAlertPresentException:\n            alert_text = None\n            if \"data\" in value:\n                alert_text = value[\"data\"].get(\"text\")\n            elif \"alert\" in value:\n                alert_text = value[\"alert\"].get(\"text\")\n            raise exception_class(message, screen, stacktrace, alert_text)  # type: ignore[call-arg]  # mypy is not smart enough here\n>       raise exception_class(message, screen, stacktrace)\nE       selenium.common.exceptions.NoSuchElementException: Message: no such element: Unable to locate element: {\"method\":\"xpath\",\"selector\":\"(//a[@class='add-to-cart yellow-btn'])[1]\"}\nE         (Session info: headless chrome=117.0.5938.92); For documentation on this error, please visit: https://www.selenium.dev/documentation/webdriver/troubleshooting/errors#no-such-element-exception\nE       Stacktrace:\nE       #0 0x5626a58386b3 <unknown>\nE       #1 0x5626a550e1e7 <unknown>\nE       #2 0x5626a5555566 <unknown>\nE       #3 0x5626a5555651 <unknown>\nE       #4 0x5626a5592a74 <unknown>\nE       #5 0x5626a55770ed <unknown>\nE       #6 0x5626a5590322 <unknown>\nE       #7 0x5626a5576e93 <unknown>\nE       #8 0x5626a5549934 <unknown>\nE       #9 0x5626a554a71e <unknown>\nE       #10 0x5626a57fdcb8 <unknown>\nE       #11 0x5626a5801bf0 <unknown>\nE       #12 0x5626a580c19c <unknown>\nE       #13 0x5626a5802808 <unknown>\nE       #14 0x5626a57cf27f <unknown>\nE       #15 0x5626a5826e88 <unknown>\nE       #16 0x5626a5827059 <unknown>\nE       #17 0x5626a5837843 <unknown>\nE       #18 0x7f7acf5dd044 <unknown>\n\n/usr/local/lib/python3.11/site-packages/selenium/webdriver/remote/errorhandler.py:229: NoSuchElementException","flaky":false,"newFailed":false,"newBroken":false,"newPassed":false,"retriesCount":0,"retriesStatusChange":false,"beforeStages":[{"name":"_session_faker","time":{"start":1696207731326,"stop":1696207731423,"duration":97},"status":"passed","steps":[],"attachments":[],"parameters":[],"shouldDisplayMessage":false,"stepsCount":0,"attachmentsCount":0,"hasContent":false},{"name":"clear_allure_results_folder","time":{"start":1696207731424,"stop":1696207731424,"duration":0},"status":"passed","steps":[],"attachments":[],"parameters":[],"shouldDisplayMessage":false,"stepsCount":0,"attachmentsCount":0,"hasContent":false},{"name":"driver","time":{"start":1696208360443,"stop":1696208361328,"duration":885},"status":"passed","steps":[],"attachments":[],"parameters":[],"shouldDisplayMessage":false,"stepsCount":0,"attachmentsCount":0,"hasContent":false},{"name":"setup","time":{"start":1696208361328,"stop":1696208361328,"duration":0},"status":"passed","steps":[],"attachments":[],"parameters":[],"shouldDisplayMessage":false,"stepsCount":0,"attachmentsCount":0,"hasContent":false}],"testStage":{"status":"skipped","statusMessage":"XFAIL\n\nselenium.common.exceptions.NoSuchElementException: Message: no such element: Unable to locate element: {\"method\":\"xpath\",\"selector\":\"(//a[@class='add-to-cart yellow-btn'])[1]\"}\n  (Session info: headless chrome=117.0.5938.92); For documentation on this error, please visit: https://www.selenium.dev/documentation/webdriver/troubleshooting/errors#no-such-element-exception\nStacktrace:\n#0 0x5626a58386b3 <unknown>\n#1 0x5626a550e1e7 <unknown>\n#2 0x5626a5555566 <unknown>\n#3 0x5626a5555651 <unknown>\n#4 0x5626a5592a74 <unknown>\n#5 0x5626a55770ed <unknown>\n#6 0x5626a5590322 <unknown>\n#7 0x5626a5576e93 <unknown>\n#8 0x5626a5549934 <unknown>\n#9 0x5626a554a71e <unknown>\n#10 0x5626a57fdcb8 <unknown>\n#11 0x5626a5801bf0 <unknown>\n#12 0x5626a580c19c <unknown>\n#13 0x5626a5802808 <unknown>\n#14 0x5626a57cf27f <unknown>\n#15 0x5626a5826e88 <unknown>\n#16 0x5626a5827059 <unknown>\n#17 0x5626a5837843 <unknown>\n#18 0x7f7acf5dd044 <unknown>","statusTrace":"self = <tests.delivery.test_delivery_calculation.TestDeliveryPageCalculation object at 0x7ff123313110>\ndriver = <selenium.webdriver.chrome.webdriver.WebDriver (session=\"0360c1859a4d068e6356c3d5f74b3f30\")>\nurl = 'https://sandboxtest.stroyrem-nn.ru/', case_id = 'TD 016'\nlink_item = 'products/shtukaturka-gipsovaya-aksolit-m50-30-kg-mashinnogo-naneseniya'\namount = 8, weight = 300, standard = 650, in_time = 2390, all_time = 3320\n\n    @pytest.mark.parametrize('case_id, link_item, amount, weight, standard, in_time, all_time', [\n        (\"TD 015\", bundeks_25, 1, 30, 650, 2390, 3320),\n        pytest.param(\n            \"TD 016\", aksolit_30, 8, 300, 650, 2390, 3320,\n            marks=pytest.mark.xfail(reson=\"Цена доставки: - - -\")\n        ),\n        (\"TD 017\", aksolit_30, 13, 400, 650, 2390, 3320),\n        (\"TD 018\", aksolit_30, 16, 500, 850, 2490, 3320),\n        (\"TD 019\", aksolit_30, 25, 1700, 1150, 2490, 3320),\n        (\"TD 020\", aksolit_30, 66, 2000, 1500, 2990, 3650),\n        (\"TD 021\", aksolit_30, 149, 4500, 2600, 4380, 4890),\n        (\"TD 022\", aksolit_30, 166, 5000, 2800, 5490, 5980),\n        pytest.param(\n            \"TD 023\", aksolit_30, 206, 6200, 3300, 7500, 8000,\n            marks=pytest.mark.xfail(reson=\"Цена доставки: 4300 9900 11440\")\n        ),\n        (\"TD 024\", aksolit_30, 299, 9000, 4300, 9900, 11440),\n        (\"TD 025\", aksolit_30, 333, 10000, 7000, 13900, 15900),\n        pytest.param(\n            \"TD 026\", aksolit_30, 366, 11000, 8000, 14900, 19900,\n            marks=pytest.mark.xfail(reson=\"Цена доставки: 7000 13900 15900\")\n        ),\n        pytest.param(\n            \"TD 027\", aksolit_30, 666, 20000, 14000, 16900, 23900,\n            marks=pytest.mark.xfail(reson=\"Цена доставки: 7000 13900 15900\")\n        )\n    ])\n    @pytest.mark.xfail\n    @pytest.mark.smoke_test\n    def test_positive_delivery_blue_zone_smoke(\n            self, driver, url, case_id, link_item, amount, weight, standard, in_time, all_time\n    ):\n        allure.dynamic.title(f\"{case_id} Доставка товара весом до {weight}кг. в синей зоне\")\n    \n        driver.get(f'{url}{link_item}')\n        item_page = ItemPage(driver)\n>       item_page.add_item_to_cart(amount).click_on_cart()\n\ntests/delivery/test_delivery_calculation.py:132: \n_ _ _ _ _ _ _ _ _ _ _ _ _ _ _ _ _ _ _ _ _ _ _ _ _ _ _ _ _ _ _ _ _ _ _ _ _ _ _ _ \npages/item_page.py:40: in add_item_to_cart\n    self.find_element(self._add_item).click()\nbase/seleniumbase.py:17: in find_element\n    return self.driver.find_element(*locator)\n/usr/local/lib/python3.11/site-packages/selenium/webdriver/remote/webdriver.py:739: in find_element\n    return self.execute(Command.FIND_ELEMENT, {\"using\": by, \"value\": value})[\"value\"]\n/usr/local/lib/python3.11/site-packages/selenium/webdriver/remote/webdriver.py:345: in execute\n    self.error_handler.check_response(response)\n_ _ _ _ _ _ _ _ _ _ _ _ _ _ _ _ _ _ _ _ _ _ _ _ _ _ _ _ _ _ _ _ _ _ _ _ _ _ _ _ \n\nself = <selenium.webdriver.remote.errorhandler.ErrorHandler object at 0x7ff12473b010>\nresponse = {'status': 404, 'value': '{\"value\":{\"error\":\"no such element\",\"message\":\"no such element: Unable to locate element: {\\...\\\\n#16 0x5626a5827059 \\\\u003Cunknown>\\\\n#17 0x5626a5837843 \\\\u003Cunknown>\\\\n#18 0x7f7acf5dd044 \\\\u003Cunknown>\\\\n\"}}'}\n\n    def check_response(self, response: Dict[str, Any]) -> None:\n        \"\"\"Checks that a JSON response from the WebDriver does not have an\n        error.\n    \n        :Args:\n         - response - The JSON response from the WebDriver server as a dictionary\n           object.\n    \n        :Raises: If the response contains an error message.\n        \"\"\"\n        status = response.get(\"status\", None)\n        if not status or status == ErrorCode.SUCCESS:\n            return\n        value = None\n        message = response.get(\"message\", \"\")\n        screen: str = response.get(\"screen\", \"\")\n        stacktrace = None\n        if isinstance(status, int):\n            value_json = response.get(\"value\", None)\n            if value_json and isinstance(value_json, str):\n                import json\n    \n                try:\n                    value = json.loads(value_json)\n                    if len(value) == 1:\n                        value = value[\"value\"]\n                    status = value.get(\"error\", None)\n                    if not status:\n                        status = value.get(\"status\", ErrorCode.UNKNOWN_ERROR)\n                        message = value.get(\"value\") or value.get(\"message\")\n                        if not isinstance(message, str):\n                            value = message\n                            message = message.get(\"message\")\n                    else:\n                        message = value.get(\"message\", None)\n                except ValueError:\n                    pass\n    \n        exception_class: Type[WebDriverException]\n        e = ErrorCode()\n        error_codes = [item for item in dir(e) if not item.startswith(\"__\")]\n        for error_code in error_codes:\n            error_info = getattr(ErrorCode, error_code)\n            if isinstance(error_info, list) and status in error_info:\n                exception_class = getattr(ExceptionMapping, error_code, WebDriverException)\n                break\n        else:\n            exception_class = WebDriverException\n    \n        if not value:\n            value = response[\"value\"]\n        if isinstance(value, str):\n            raise exception_class(value)\n        if message == \"\" and \"message\" in value:\n            message = value[\"message\"]\n    \n        screen = None  # type: ignore[assignment]\n        if \"screen\" in value:\n            screen = value[\"screen\"]\n    \n        stacktrace = None\n        st_value = value.get(\"stackTrace\") or value.get(\"stacktrace\")\n        if st_value:\n            if isinstance(st_value, str):\n                stacktrace = st_value.split(\"\\n\")\n            else:\n                stacktrace = []\n                try:\n                    for frame in st_value:\n                        line = frame.get(\"lineNumber\", \"\")\n                        file = frame.get(\"fileName\", \"<anonymous>\")\n                        if line:\n                            file = f\"{file}:{line}\"\n                        meth = frame.get(\"methodName\", \"<anonymous>\")\n                        if \"className\" in frame:\n                            meth = f\"{frame['className']}.{meth}\"\n                        msg = \"    at %s (%s)\"\n                        msg = msg % (meth, file)\n                        stacktrace.append(msg)\n                except TypeError:\n                    pass\n        if exception_class == UnexpectedAlertPresentException:\n            alert_text = None\n            if \"data\" in value:\n                alert_text = value[\"data\"].get(\"text\")\n            elif \"alert\" in value:\n                alert_text = value[\"alert\"].get(\"text\")\n            raise exception_class(message, screen, stacktrace, alert_text)  # type: ignore[call-arg]  # mypy is not smart enough here\n>       raise exception_class(message, screen, stacktrace)\nE       selenium.common.exceptions.NoSuchElementException: Message: no such element: Unable to locate element: {\"method\":\"xpath\",\"selector\":\"(//a[@class='add-to-cart yellow-btn'])[1]\"}\nE         (Session info: headless chrome=117.0.5938.92); For documentation on this error, please visit: https://www.selenium.dev/documentation/webdriver/troubleshooting/errors#no-such-element-exception\nE       Stacktrace:\nE       #0 0x5626a58386b3 <unknown>\nE       #1 0x5626a550e1e7 <unknown>\nE       #2 0x5626a5555566 <unknown>\nE       #3 0x5626a5555651 <unknown>\nE       #4 0x5626a5592a74 <unknown>\nE       #5 0x5626a55770ed <unknown>\nE       #6 0x5626a5590322 <unknown>\nE       #7 0x5626a5576e93 <unknown>\nE       #8 0x5626a5549934 <unknown>\nE       #9 0x5626a554a71e <unknown>\nE       #10 0x5626a57fdcb8 <unknown>\nE       #11 0x5626a5801bf0 <unknown>\nE       #12 0x5626a580c19c <unknown>\nE       #13 0x5626a5802808 <unknown>\nE       #14 0x5626a57cf27f <unknown>\nE       #15 0x5626a5826e88 <unknown>\nE       #16 0x5626a5827059 <unknown>\nE       #17 0x5626a5837843 <unknown>\nE       #18 0x7f7acf5dd044 <unknown>\n\n/usr/local/lib/python3.11/site-packages/selenium/webdriver/remote/errorhandler.py:229: NoSuchElementException","steps":[{"name":"Добавляем товар в корзину в количестве 8","time":{"start":1696208361739,"stop":1696208361756,"duration":17},"status":"broken","statusMessage":"selenium.common.exceptions.NoSuchElementException: Message: no such element: Unable to locate element: {\"method\":\"xpath\",\"selector\":\"(//a[@class='add-to-cart yellow-btn'])[1]\"}\n  (Session info: headless chrome=117.0.5938.92); For documentation on this error, please visit: https://www.selenium.dev/documentation/webdriver/troubleshooting/errors#no-such-element-exception\nStacktrace:\n#0 0x5626a58386b3 <unknown>\n#1 0x5626a550e1e7 <unknown>\n#2 0x5626a5555566 <unknown>\n#3 0x5626a5555651 <unknown>\n#4 0x5626a5592a74 <unknown>\n#5 0x5626a55770ed <unknown>\n#6 0x5626a5590322 <unknown>\n#7 0x5626a5576e93 <unknown>\n#8 0x5626a5549934 <unknown>\n#9 0x5626a554a71e <unknown>\n#10 0x5626a57fdcb8 <unknown>\n#11 0x5626a5801bf0 <unknown>\n#12 0x5626a580c19c <unknown>\n#13 0x5626a5802808 <unknown>\n#14 0x5626a57cf27f <unknown>\n#15 0x5626a5826e88 <unknown>\n#16 0x5626a5827059 <unknown>\n#17 0x5626a5837843 <unknown>\n#18 0x7f7acf5dd044 <unknown>\n\n","statusTrace":"  File \"/usr/local/lib/python3.11/site-packages/allure_commons/_allure.py\", line 192, in impl\n    return func(*a, **kw)\n           ^^^^^^^^^^^^^^\n  File \"/app/pages/item_page.py\", line 40, in add_item_to_cart\n    self.find_element(self._add_item).click()\n    ^^^^^^^^^^^^^^^^^^^^^^^^^^^^^^^^^\n  File \"/app/base/seleniumbase.py\", line 17, in find_element\n    return self.driver.find_element(*locator)\n           ^^^^^^^^^^^^^^^^^^^^^^^^^^^^^^^^^^\n  File \"/usr/local/lib/python3.11/site-packages/selenium/webdriver/remote/webdriver.py\", line 739, in find_element\n    return self.execute(Command.FIND_ELEMENT, {\"using\": by, \"value\": value})[\"value\"]\n           ^^^^^^^^^^^^^^^^^^^^^^^^^^^^^^^^^^^^^^^^^^^^^^^^^^^^^^^^^^^^^^^^^\n  File \"/usr/local/lib/python3.11/site-packages/selenium/webdriver/remote/webdriver.py\", line 345, in execute\n    self.error_handler.check_response(response)\n  File \"/usr/local/lib/python3.11/site-packages/selenium/webdriver/remote/errorhandler.py\", line 229, in check_response\n    raise exception_class(message, screen, stacktrace)\n","steps":[],"attachments":[],"parameters":[{"name":"amount","value":"8"}],"shouldDisplayMessage":true,"stepsCount":0,"attachmentsCount":0,"hasContent":true}],"attachments":[{"uid":"bac71bcfeb0a57bd","name":"Screenshot","source":"bac71bcfeb0a57bd.png","type":"image/png","size":39917},{"uid":"511c3bc3ce3527c6","name":"HTML source","source":"511c3bc3ce3527c6.html","type":"text/html","size":544}],"parameters":[],"shouldDisplayMessage":true,"stepsCount":1,"attachmentsCount":2,"hasContent":true},"afterStages":[{"name":"driver::0","time":{"start":1696208361904,"stop":1696208361961,"duration":57},"status":"passed","steps":[],"attachments":[],"parameters":[],"shouldDisplayMessage":false,"stepsCount":0,"attachmentsCount":0,"hasContent":false},{"name":"setup::0","time":{"start":1696208361904,"stop":1696208361904,"duration":0},"status":"passed","steps":[],"attachments":[],"parameters":[],"shouldDisplayMessage":false,"stepsCount":0,"attachmentsCount":0,"hasContent":false}],"labels":[{"name":"epic","value":"Delivery Page - calculation"},{"name":"tag","value":"smoke_test"},{"name":"tag","value":"@pytest.mark.xfail"},{"name":"parentSuite","value":"tests.delivery"},{"name":"suite","value":"test_delivery_calculation"},{"name":"subSuite","value":"TestDeliveryPageCalculation"},{"name":"host","value":"c32063ac8c32"},{"name":"thread","value":"1-MainThread"},{"name":"framework","value":"pytest"},{"name":"language","value":"cpython3"},{"name":"package","value":"tests.delivery.test_delivery_calculation"},{"name":"resultFormat","value":"allure2"}],"parameters":[{"name":"all_time","value":"3320"},{"name":"amount","value":"8"},{"name":"case_id","value":"'TD 016'"},{"name":"in_time","value":"2390"},{"name":"link_item","value":"'products/shtukaturka-gipsovaya-aksolit-m50-30-kg-mashinnogo-naneseniya'"},{"name":"standard","value":"650"},{"name":"url","value":"'https://sandboxtest.stroyrem-nn.ru/'"},{"name":"weight","value":"300"}],"links":[],"hidden":false,"retry":false,"extra":{"severity":"normal","retries":[],"categories":[],"history":{"statistic":{"failed":0,"broken":0,"skipped":52,"passed":0,"unknown":0,"total":52},"items":[{"uid":"5b1b6a904ea711c1","reportUrl":"https://Nat754.github.io/StroyremAutomation/80//#testresult/5b1b6a904ea711c1","status":"skipped","statusDetails":"XFAIL\n\nselenium.common.exceptions.NoSuchElementException: Message: no such element: Unable to locate element: {\"method\":\"xpath\",\"selector\":\"(//a[@class='add-to-cart yellow-btn'])[1]\"}\n  (Session info: headless chrome=117.0.5938.92); For documentation on this error, please visit: https://www.selenium.dev/documentation/webdriver/troubleshooting/errors#no-such-element-exception\nStacktrace:\n#0 0x563c0951a6b3 <unknown>\n#1 0x563c091f01e7 <unknown>\n#2 0x563c09237566 <unknown>\n#3 0x563c09237651 <unknown>\n#4 0x563c09274a74 <unknown>\n#5 0x563c092590ed <unknown>\n#6 0x563c09272322 <unknown>\n#7 0x563c09258e93 <unknown>\n#8 0x563c0922b934 <unknown>\n#9 0x563c0922c71e <unknown>\n#10 0x563c094dfcb8 <unknown>\n#11 0x563c094e3bf0 <unknown>\n#12 0x563c094ee19c <unknown>\n#13 0x563c094e4808 <unknown>\n#14 0x563c094b127f <unknown>\n#15 0x563c09508e88 <unknown>\n#16 0x563c09509059 <unknown>\n#17 0x563c09519843 <unknown>\n#18 0x7f13aaf6f044 <unknown>","time":{"start":1696122344983,"stop":1696122345470,"duration":487}},{"uid":"77e54cc30f57464","reportUrl":"https://Nat754.github.io/StroyremAutomation/79//#testresult/77e54cc30f57464","status":"skipped","statusDetails":"XFAIL\n\nselenium.common.exceptions.NoSuchElementException: Message: no such element: Unable to locate element: {\"method\":\"xpath\",\"selector\":\"(//a[@class='add-to-cart yellow-btn'])[1]\"}\n  (Session info: headless chrome=117.0.5938.92); For documentation on this error, please visit: https://www.selenium.dev/documentation/webdriver/troubleshooting/errors#no-such-element-exception\nStacktrace:\n#0 0x5571434c56b3 <unknown>\n#1 0x55714319b1e7 <unknown>\n#2 0x5571431e2566 <unknown>\n#3 0x5571431e2651 <unknown>\n#4 0x55714321fa74 <unknown>\n#5 0x5571432040ed <unknown>\n#6 0x55714321d322 <unknown>\n#7 0x557143203e93 <unknown>\n#8 0x5571431d6934 <unknown>\n#9 0x5571431d771e <unknown>\n#10 0x55714348acb8 <unknown>\n#11 0x55714348ebf0 <unknown>\n#12 0x55714349919c <unknown>\n#13 0x55714348f808 <unknown>\n#14 0x55714345c27f <unknown>\n#15 0x5571434b3e88 <unknown>\n#16 0x5571434b4059 <unknown>\n#17 0x5571434c4843 <unknown>\n#18 0x7f22d7951044 <unknown>","time":{"start":1696035336137,"stop":1696035336580,"duration":443}},{"uid":"2e8ae45bd76e2e53","reportUrl":"https://Nat754.github.io/StroyremAutomation/78//#testresult/2e8ae45bd76e2e53","status":"skipped","statusDetails":"XFAIL\n\nselenium.common.exceptions.NoSuchElementException: Message: no such element: Unable to locate element: {\"method\":\"xpath\",\"selector\":\"(//a[@class='add-to-cart yellow-btn'])[1]\"}\n  (Session info: headless chrome=117.0.5938.92); For documentation on this error, please visit: https://www.selenium.dev/documentation/webdriver/troubleshooting/errors#no-such-element-exception\nStacktrace:\n#0 0x5649e03ad6b3 <unknown>\n#1 0x5649e00831e7 <unknown>\n#2 0x5649e00ca566 <unknown>\n#3 0x5649e00ca651 <unknown>\n#4 0x5649e0107a74 <unknown>\n#5 0x5649e00ec0ed <unknown>\n#6 0x5649e0105322 <unknown>\n#7 0x5649e00ebe93 <unknown>\n#8 0x5649e00be934 <unknown>\n#9 0x5649e00bf71e <unknown>\n#10 0x5649e0372cb8 <unknown>\n#11 0x5649e0376bf0 <unknown>\n#12 0x5649e038119c <unknown>\n#13 0x5649e0377808 <unknown>\n#14 0x5649e034427f <unknown>\n#15 0x5649e039be88 <unknown>\n#16 0x5649e039c059 <unknown>\n#17 0x5649e03ac843 <unknown>\n#18 0x7ff62da29044 <unknown>","time":{"start":1695949065400,"stop":1695949065835,"duration":435}},{"uid":"cbeabe3f33552636","reportUrl":"https://Nat754.github.io/StroyremAutomation/77//#testresult/cbeabe3f33552636","status":"skipped","statusDetails":"XFAIL\n\nselenium.common.exceptions.NoSuchElementException: Message: no such element: Unable to locate element: {\"method\":\"xpath\",\"selector\":\"(//a[@class='add-to-cart yellow-btn'])[1]\"}\n  (Session info: headless chrome=117.0.5938.92); For documentation on this error, please visit: https://www.selenium.dev/documentation/webdriver/troubleshooting/errors#no-such-element-exception\nStacktrace:\n#0 0x55dd72b5d6b3 <unknown>\n#1 0x55dd728331e7 <unknown>\n#2 0x55dd7287a566 <unknown>\n#3 0x55dd7287a651 <unknown>\n#4 0x55dd728b7a74 <unknown>\n#5 0x55dd7289c0ed <unknown>\n#6 0x55dd728b5322 <unknown>\n#7 0x55dd7289be93 <unknown>\n#8 0x55dd7286e934 <unknown>\n#9 0x55dd7286f71e <unknown>\n#10 0x55dd72b22cb8 <unknown>\n#11 0x55dd72b26bf0 <unknown>\n#12 0x55dd72b3119c <unknown>\n#13 0x55dd72b27808 <unknown>\n#14 0x55dd72af427f <unknown>\n#15 0x55dd72b4be88 <unknown>\n#16 0x55dd72b4c059 <unknown>\n#17 0x55dd72b5c843 <unknown>\n#18 0x7fb2a5012044 <unknown>","time":{"start":1695862828211,"stop":1695862828828,"duration":617}},{"uid":"13a73323c6f6000b","reportUrl":"https://Nat754.github.io/StroyremAutomation/76//#testresult/13a73323c6f6000b","status":"skipped","statusDetails":"XFAIL\n\nselenium.common.exceptions.ElementNotInteractableException: Message: element not interactable\n  (Session info: headless chrome=117.0.5938.92)\nStacktrace:\n#0 0x5636dd7e16b3 <unknown>\n#1 0x5636dd4b7036 <unknown>\n#2 0x5636dd4f5c1d <unknown>\n#3 0x5636dd5200c2 <unknown>\n#4 0x5636dd4f3f16 <unknown>\n#5 0x5636dd52028e <unknown>\n#6 0x5636dd539322 <unknown>\n#7 0x5636dd51fe93 <unknown>\n#8 0x5636dd4f2934 <unknown>\n#9 0x5636dd4f371e <unknown>\n#10 0x5636dd7a6cb8 <unknown>\n#11 0x5636dd7aabf0 <unknown>\n#12 0x5636dd7b519c <unknown>\n#13 0x5636dd7ab808 <unknown>\n#14 0x5636dd77827f <unknown>\n#15 0x5636dd7cfe88 <unknown>\n#16 0x5636dd7d0059 <unknown>\n#17 0x5636dd7e0843 <unknown>\n#18 0x7ff04d753044 <unknown>","time":{"start":1695776568069,"stop":1695776574885,"duration":6816}},{"uid":"10e1210b2bcd1b63","reportUrl":"https://Nat754.github.io/StroyremAutomation/75//#testresult/10e1210b2bcd1b63","status":"skipped","statusDetails":"XFAIL\n\nselenium.common.exceptions.NoSuchElementException: Message: no such element: Unable to locate element: {\"method\":\"xpath\",\"selector\":\"(//a[@class='add-to-cart yellow-btn'])[1]\"}\n  (Session info: headless chrome=117.0.5938.92); For documentation on this error, please visit: https://www.selenium.dev/documentation/webdriver/troubleshooting/errors#no-such-element-exception\nStacktrace:\n#0 0x5613c60fc6b3 <unknown>\n#1 0x5613c5dd21e7 <unknown>\n#2 0x5613c5e19566 <unknown>\n#3 0x5613c5e19651 <unknown>\n#4 0x5613c5e56a74 <unknown>\n#5 0x5613c5e3b0ed <unknown>\n#6 0x5613c5e54322 <unknown>\n#7 0x5613c5e3ae93 <unknown>\n#8 0x5613c5e0d934 <unknown>\n#9 0x5613c5e0e71e <unknown>\n#10 0x5613c60c1cb8 <unknown>\n#11 0x5613c60c5bf0 <unknown>\n#12 0x5613c60d019c <unknown>\n#13 0x5613c60c6808 <unknown>\n#14 0x5613c609327f <unknown>\n#15 0x5613c60eae88 <unknown>\n#16 0x5613c60eb059 <unknown>\n#17 0x5613c60fb843 <unknown>\n#18 0x7f9905bbb044 <unknown>","time":{"start":1695690104798,"stop":1695690105338,"duration":540}},{"uid":"faee679a7e669264","reportUrl":"https://Nat754.github.io/StroyremAutomation/74//#testresult/faee679a7e669264","status":"skipped","statusDetails":"XFAIL\n\nselenium.common.exceptions.NoSuchElementException: Message: no such element: Unable to locate element: {\"method\":\"xpath\",\"selector\":\"(//a[@class='add-to-cart yellow-btn'])[1]\"}\n  (Session info: headless chrome=117.0.5938.92); For documentation on this error, please visit: https://www.selenium.dev/documentation/webdriver/troubleshooting/errors#no-such-element-exception\nStacktrace:\n#0 0x5653386d96b3 <unknown>\n#1 0x5653383af1e7 <unknown>\n#2 0x5653383f6566 <unknown>\n#3 0x5653383f6651 <unknown>\n#4 0x565338433a74 <unknown>\n#5 0x5653384180ed <unknown>\n#6 0x565338431322 <unknown>\n#7 0x565338417e93 <unknown>\n#8 0x5653383ea934 <unknown>\n#9 0x5653383eb71e <unknown>\n#10 0x56533869ecb8 <unknown>\n#11 0x5653386a2bf0 <unknown>\n#12 0x5653386ad19c <unknown>\n#13 0x5653386a3808 <unknown>\n#14 0x56533867027f <unknown>\n#15 0x5653386c7e88 <unknown>\n#16 0x5653386c8059 <unknown>\n#17 0x5653386d8843 <unknown>\n#18 0x7f4f12234044 <unknown>","time":{"start":1695603682960,"stop":1695603683592,"duration":632}},{"uid":"9eb90b1a8b570399","reportUrl":"https://Nat754.github.io/StroyremAutomation/73//#testresult/9eb90b1a8b570399","status":"skipped","statusDetails":"XFAIL\n\nselenium.common.exceptions.NoSuchElementException: Message: no such element: Unable to locate element: {\"method\":\"xpath\",\"selector\":\"(//a[@class='add-to-cart yellow-btn'])[1]\"}\n  (Session info: headless chrome=117.0.5938.92); For documentation on this error, please visit: https://www.selenium.dev/documentation/webdriver/troubleshooting/errors#no-such-element-exception\nStacktrace:\n#0 0x5591df91c6b3 <unknown>\n#1 0x5591df5f21e7 <unknown>\n#2 0x5591df639566 <unknown>\n#3 0x5591df639651 <unknown>\n#4 0x5591df676a74 <unknown>\n#5 0x5591df65b0ed <unknown>\n#6 0x5591df674322 <unknown>\n#7 0x5591df65ae93 <unknown>\n#8 0x5591df62d934 <unknown>\n#9 0x5591df62e71e <unknown>\n#10 0x5591df8e1cb8 <unknown>\n#11 0x5591df8e5bf0 <unknown>\n#12 0x5591df8f019c <unknown>\n#13 0x5591df8e6808 <unknown>\n#14 0x5591df8b327f <unknown>\n#15 0x5591df90ae88 <unknown>\n#16 0x5591df90b059 <unknown>\n#17 0x5591df91b843 <unknown>\n#18 0x7f9e652c9044 <unknown>","time":{"start":1695517191570,"stop":1695517192077,"duration":507}},{"uid":"48bf6e2188009c48","reportUrl":"https://Nat754.github.io/StroyremAutomation/72//#testresult/48bf6e2188009c48","status":"skipped","statusDetails":"XFAIL\n\nselenium.common.exceptions.NoSuchElementException: Message: no such element: Unable to locate element: {\"method\":\"xpath\",\"selector\":\"(//a[@class='add-to-cart yellow-btn'])[1]\"}\n  (Session info: headless chrome=117.0.5938.92); For documentation on this error, please visit: https://www.selenium.dev/documentation/webdriver/troubleshooting/errors#no-such-element-exception\nStacktrace:\n#0 0x557c40ac66b3 <unknown>\n#1 0x557c4079c1e7 <unknown>\n#2 0x557c407e3566 <unknown>\n#3 0x557c407e3651 <unknown>\n#4 0x557c40820a74 <unknown>\n#5 0x557c408050ed <unknown>\n#6 0x557c4081e322 <unknown>\n#7 0x557c40804e93 <unknown>\n#8 0x557c407d7934 <unknown>\n#9 0x557c407d871e <unknown>\n#10 0x557c40a8bcb8 <unknown>\n#11 0x557c40a8fbf0 <unknown>\n#12 0x557c40a9a19c <unknown>\n#13 0x557c40a90808 <unknown>\n#14 0x557c40a5d27f <unknown>\n#15 0x557c40ab4e88 <unknown>\n#16 0x557c40ab5059 <unknown>\n#17 0x557c40ac5843 <unknown>\n#18 0x7f4bd2184044 <unknown>","time":{"start":1695430708743,"stop":1695430709408,"duration":665}},{"uid":"b1ca891d23097cb2","reportUrl":"https://Nat754.github.io/StroyremAutomation/71//#testresult/b1ca891d23097cb2","status":"skipped","statusDetails":"XFAIL\n\nselenium.common.exceptions.NoSuchElementException: Message: no such element: Unable to locate element: {\"method\":\"xpath\",\"selector\":\"(//a[@class='add-to-cart yellow-btn'])[1]\"}\n  (Session info: headless chrome=117.0.5938.92); For documentation on this error, please visit: https://www.selenium.dev/documentation/webdriver/troubleshooting/errors#no-such-element-exception\nStacktrace:\n#0 0x560dfae456b3 <unknown>\n#1 0x560dfab1b1e7 <unknown>\n#2 0x560dfab62566 <unknown>\n#3 0x560dfab62651 <unknown>\n#4 0x560dfab9fa74 <unknown>\n#5 0x560dfab840ed <unknown>\n#6 0x560dfab9d322 <unknown>\n#7 0x560dfab83e93 <unknown>\n#8 0x560dfab56934 <unknown>\n#9 0x560dfab5771e <unknown>\n#10 0x560dfae0acb8 <unknown>\n#11 0x560dfae0ebf0 <unknown>\n#12 0x560dfae1919c <unknown>\n#13 0x560dfae0f808 <unknown>\n#14 0x560dfaddc27f <unknown>\n#15 0x560dfae33e88 <unknown>\n#16 0x560dfae34059 <unknown>\n#17 0x560dfae44843 <unknown>\n#18 0x7f6ad52c8044 <unknown>","time":{"start":1695406018434,"stop":1695406019113,"duration":679}},{"uid":"569a36498e6828d7","reportUrl":"https://Nat754.github.io/StroyremAutomation/71//#testresult/569a36498e6828d7","status":"skipped","statusDetails":"XFAIL\n\nselenium.common.exceptions.NoSuchElementException: Message: no such element: Unable to locate element: {\"method\":\"xpath\",\"selector\":\"(//a[@class='add-to-cart yellow-btn'])[1]\"}\n  (Session info: headless chrome=117.0.5938.92); For documentation on this error, please visit: https://www.selenium.dev/documentation/webdriver/troubleshooting/errors#no-such-element-exception\nStacktrace:\n#0 0x557ac7e526b3 <unknown>\n#1 0x557ac7b281e7 <unknown>\n#2 0x557ac7b6f566 <unknown>\n#3 0x557ac7b6f651 <unknown>\n#4 0x557ac7baca74 <unknown>\n#5 0x557ac7b910ed <unknown>\n#6 0x557ac7baa322 <unknown>\n#7 0x557ac7b90e93 <unknown>\n#8 0x557ac7b63934 <unknown>\n#9 0x557ac7b6471e <unknown>\n#10 0x557ac7e17cb8 <unknown>\n#11 0x557ac7e1bbf0 <unknown>\n#12 0x557ac7e2619c <unknown>\n#13 0x557ac7e1c808 <unknown>\n#14 0x557ac7de927f <unknown>\n#15 0x557ac7e40e88 <unknown>\n#16 0x557ac7e41059 <unknown>\n#17 0x557ac7e51843 <unknown>\n#18 0x7f48b8b57044 <unknown>","time":{"start":1695344247668,"stop":1695344248107,"duration":439}},{"uid":"fe3681c7ab1de423","reportUrl":"https://Nat754.github.io/StroyremAutomation/70//#testresult/fe3681c7ab1de423","status":"skipped","statusDetails":"XFAIL\n\nselenium.common.exceptions.NoSuchElementException: Message: no such element: Unable to locate element: {\"method\":\"xpath\",\"selector\":\"(//a[@class='add-to-cart yellow-btn'])[1]\"}\n  (Session info: headless chrome=117.0.5938.88); For documentation on this error, please visit: https://www.selenium.dev/documentation/webdriver/troubleshooting/errors#no-such-element-exception\nStacktrace:\n#0 0x5585ee4576c3 <unknown>\n#1 0x5585ee12d1e7 <unknown>\n#2 0x5585ee174566 <unknown>\n#3 0x5585ee174651 <unknown>\n#4 0x5585ee1b1a74 <unknown>\n#5 0x5585ee1960ed <unknown>\n#6 0x5585ee1af322 <unknown>\n#7 0x5585ee195e93 <unknown>\n#8 0x5585ee168934 <unknown>\n#9 0x5585ee16971e <unknown>\n#10 0x5585ee41ccc8 <unknown>\n#11 0x5585ee420c00 <unknown>\n#12 0x5585ee42b1ac <unknown>\n#13 0x5585ee421818 <unknown>\n#14 0x5585ee3ee28f <unknown>\n#15 0x5585ee445e98 <unknown>\n#16 0x5585ee446069 <unknown>\n#17 0x5585ee456853 <unknown>\n#18 0x7ff306f0b044 <unknown>","time":{"start":1695257827282,"stop":1695257827713,"duration":431}},{"uid":"e347723b6055487","reportUrl":"https://Nat754.github.io/StroyremAutomation/69//#testresult/e347723b6055487","status":"skipped","statusDetails":"XFAIL\n\nselenium.common.exceptions.ElementNotInteractableException: Message: element not interactable\n  (Session info: headless chrome=117.0.5938.88)\nStacktrace:\n#0 0x55fc2a1706c3 <unknown>\n#1 0x55fc29e46036 <unknown>\n#2 0x55fc29e84c1d <unknown>\n#3 0x55fc29eaf0c2 <unknown>\n#4 0x55fc29e82f16 <unknown>\n#5 0x55fc29eaf28e <unknown>\n#6 0x55fc29ec8322 <unknown>\n#7 0x55fc29eaee93 <unknown>\n#8 0x55fc29e81934 <unknown>\n#9 0x55fc29e8271e <unknown>\n#10 0x55fc2a135cc8 <unknown>\n#11 0x55fc2a139c00 <unknown>\n#12 0x55fc2a1441ac <unknown>\n#13 0x55fc2a13a818 <unknown>\n#14 0x55fc2a10728f <unknown>\n#15 0x55fc2a15ee98 <unknown>\n#16 0x55fc2a15f069 <unknown>\n#17 0x55fc2a16f853 <unknown>\n#18 0x7fb681a93044 <unknown>","time":{"start":1695171722338,"stop":1695171728185,"duration":5847}},{"uid":"647831a416122a7d","reportUrl":"https://Nat754.github.io/StroyremAutomation/68//#testresult/647831a416122a7d","status":"skipped","statusDetails":"XFAIL\n\nselenium.common.exceptions.NoSuchElementException: Message: no such element: Unable to locate element: {\"method\":\"xpath\",\"selector\":\"(//a[@class='add-to-cart yellow-btn'])[1]\"}\n  (Session info: headless chrome=117.0.5938.88); For documentation on this error, please visit: https://www.selenium.dev/documentation/webdriver/troubleshooting/errors#no-such-element-exception\nStacktrace:\n#0 0x559ada9bf6c3 <unknown>\n#1 0x559ada6951e7 <unknown>\n#2 0x559ada6dc566 <unknown>\n#3 0x559ada6dc651 <unknown>\n#4 0x559ada719a74 <unknown>\n#5 0x559ada6fe0ed <unknown>\n#6 0x559ada717322 <unknown>\n#7 0x559ada6fde93 <unknown>\n#8 0x559ada6d0934 <unknown>\n#9 0x559ada6d171e <unknown>\n#10 0x559ada984cc8 <unknown>\n#11 0x559ada988c00 <unknown>\n#12 0x559ada9931ac <unknown>\n#13 0x559ada989818 <unknown>\n#14 0x559ada95628f <unknown>\n#15 0x559ada9ade98 <unknown>\n#16 0x559ada9ae069 <unknown>\n#17 0x559ada9be853 <unknown>\n#18 0x7f0aa14f4044 <unknown>","time":{"start":1695085149647,"stop":1695085150183,"duration":536}},{"uid":"b7b000fbbeee324f","reportUrl":"https://Nat754.github.io/StroyremAutomation/67//#testresult/b7b000fbbeee324f","status":"skipped","statusDetails":"XFAIL\n\nselenium.common.exceptions.NoSuchElementException: Message: no such element: Unable to locate element: {\"method\":\"xpath\",\"selector\":\"(//a[@class='add-to-cart yellow-btn'])[1]\"}\n  (Session info: headless chrome=117.0.5938.88); For documentation on this error, please visit: https://www.selenium.dev/documentation/webdriver/troubleshooting/errors#no-such-element-exception\nStacktrace:\n#0 0x5585c13ec6c3 <unknown>\n#1 0x5585c10c21e7 <unknown>\n#2 0x5585c1109566 <unknown>\n#3 0x5585c1109651 <unknown>\n#4 0x5585c1146a74 <unknown>\n#5 0x5585c112b0ed <unknown>\n#6 0x5585c1144322 <unknown>\n#7 0x5585c112ae93 <unknown>\n#8 0x5585c10fd934 <unknown>\n#9 0x5585c10fe71e <unknown>\n#10 0x5585c13b1cc8 <unknown>\n#11 0x5585c13b5c00 <unknown>\n#12 0x5585c13c01ac <unknown>\n#13 0x5585c13b6818 <unknown>\n#14 0x5585c138328f <unknown>\n#15 0x5585c13dae98 <unknown>\n#16 0x5585c13db069 <unknown>\n#17 0x5585c13eb853 <unknown>\n#18 0x7f440295a044 <unknown>","time":{"start":1695063662246,"stop":1695063662955,"duration":709}},{"uid":"5d6eb8c5110a0347","reportUrl":"https://Nat754.github.io/StroyremAutomation/66//#testresult/5d6eb8c5110a0347","status":"skipped","statusDetails":"XFAIL\n\nselenium.common.exceptions.NoSuchElementException: Message: no such element: Unable to locate element: {\"method\":\"xpath\",\"selector\":\"(//a[@class='add-to-cart yellow-btn'])[1]\"}\n  (Session info: headless chrome=117.0.5938.88); For documentation on this error, please visit: https://www.selenium.dev/documentation/webdriver/troubleshooting/errors#no-such-element-exception\nStacktrace:\n#0 0x55bd236b76c3 <unknown>\n#1 0x55bd2338d1e7 <unknown>\n#2 0x55bd233d4566 <unknown>\n#3 0x55bd233d4651 <unknown>\n#4 0x55bd23411a74 <unknown>\n#5 0x55bd233f60ed <unknown>\n#6 0x55bd2340f322 <unknown>\n#7 0x55bd233f5e93 <unknown>\n#8 0x55bd233c8934 <unknown>\n#9 0x55bd233c971e <unknown>\n#10 0x55bd2367ccc8 <unknown>\n#11 0x55bd23680c00 <unknown>\n#12 0x55bd2368b1ac <unknown>\n#13 0x55bd23681818 <unknown>\n#14 0x55bd2364e28f <unknown>\n#15 0x55bd236a5e98 <unknown>\n#16 0x55bd236a6069 <unknown>\n#17 0x55bd236b6853 <unknown>\n#18 0x7fcb68b66044 <unknown>","time":{"start":1695060474358,"stop":1695060474980,"duration":622}},{"uid":"f03f36e039cc4451","reportUrl":"https://Nat754.github.io/StroyremAutomation/66//#testresult/f03f36e039cc4451","status":"skipped","statusDetails":"XFAIL\n\nselenium.common.exceptions.NoSuchElementException: Message: no such element: Unable to locate element: {\"method\":\"xpath\",\"selector\":\"(//a[@class='add-to-cart yellow-btn'])[1]\"}\n  (Session info: headless chrome=117.0.5938.88); For documentation on this error, please visit: https://www.selenium.dev/documentation/webdriver/troubleshooting/errors#no-such-element-exception\nStacktrace:\n#0 0x5560c9ab76c3 <unknown>\n#1 0x5560c978d1e7 <unknown>\n#2 0x5560c97d4566 <unknown>\n#3 0x5560c97d4651 <unknown>\n#4 0x5560c9811a74 <unknown>\n#5 0x5560c97f60ed <unknown>\n#6 0x5560c980f322 <unknown>\n#7 0x5560c97f5e93 <unknown>\n#8 0x5560c97c8934 <unknown>\n#9 0x5560c97c971e <unknown>\n#10 0x5560c9a7ccc8 <unknown>\n#11 0x5560c9a80c00 <unknown>\n#12 0x5560c9a8b1ac <unknown>\n#13 0x5560c9a81818 <unknown>\n#14 0x5560c9a4e28f <unknown>\n#15 0x5560c9aa5e98 <unknown>\n#16 0x5560c9aa6069 <unknown>\n#17 0x5560c9ab6853 <unknown>\n#18 0x7f649d975044 <unknown>","time":{"start":1694998509118,"stop":1694998509678,"duration":560}},{"uid":"72e5e506ad89fa94","reportUrl":"https://Nat754.github.io/StroyremAutomation/65//#testresult/72e5e506ad89fa94","status":"skipped","statusDetails":"XFAIL\n\nselenium.common.exceptions.NoSuchElementException: Message: no such element: Unable to locate element: {\"method\":\"xpath\",\"selector\":\"(//a[@class='add-to-cart yellow-btn'])[1]\"}\n  (Session info: headless chrome=117.0.5938.88); For documentation on this error, please visit: https://www.selenium.dev/documentation/webdriver/troubleshooting/errors#no-such-element-exception\nStacktrace:\n#0 0x55fe979fa6c3 <unknown>\n#1 0x55fe976d01e7 <unknown>\n#2 0x55fe97717566 <unknown>\n#3 0x55fe97717651 <unknown>\n#4 0x55fe97754a74 <unknown>\n#5 0x55fe977390ed <unknown>\n#6 0x55fe97752322 <unknown>\n#7 0x55fe97738e93 <unknown>\n#8 0x55fe9770b934 <unknown>\n#9 0x55fe9770c71e <unknown>\n#10 0x55fe979bfcc8 <unknown>\n#11 0x55fe979c3c00 <unknown>\n#12 0x55fe979ce1ac <unknown>\n#13 0x55fe979c4818 <unknown>\n#14 0x55fe9799128f <unknown>\n#15 0x55fe979e8e98 <unknown>\n#16 0x55fe979e9069 <unknown>\n#17 0x55fe979f9853 <unknown>\n#18 0x7fd53bf7b044 <unknown>","time":{"start":1694929458601,"stop":1694929459158,"duration":557}},{"uid":"c25e7187dfb309e","reportUrl":"https://Nat754.github.io/StroyremAutomation/65//#testresult/c25e7187dfb309e","status":"skipped","statusDetails":"XFAIL\n\nselenium.common.exceptions.NoSuchElementException: Message: no such element: Unable to locate element: {\"method\":\"xpath\",\"selector\":\"(//a[@class='add-to-cart yellow-btn'])[1]\"}\n  (Session info: headless chrome=117.0.5938.88); For documentation on this error, please visit: https://www.selenium.dev/documentation/webdriver/troubleshooting/errors#no-such-element-exception\nStacktrace:\n#0 0x5652ff0f86c3 <unknown>\n#1 0x5652fedce1e7 <unknown>\n#2 0x5652fee15566 <unknown>\n#3 0x5652fee15651 <unknown>\n#4 0x5652fee52a74 <unknown>\n#5 0x5652fee370ed <unknown>\n#6 0x5652fee50322 <unknown>\n#7 0x5652fee36e93 <unknown>\n#8 0x5652fee09934 <unknown>\n#9 0x5652fee0a71e <unknown>\n#10 0x5652ff0bdcc8 <unknown>\n#11 0x5652ff0c1c00 <unknown>\n#12 0x5652ff0cc1ac <unknown>\n#13 0x5652ff0c2818 <unknown>\n#14 0x5652ff08f28f <unknown>\n#15 0x5652ff0e6e98 <unknown>\n#16 0x5652ff0e7069 <unknown>\n#17 0x5652ff0f7853 <unknown>\n#18 0x7f355b18e044 <unknown>","time":{"start":1694912356642,"stop":1694912357192,"duration":550}},{"uid":"5a009857a2d6a938","reportUrl":"https://Nat754.github.io/StroyremAutomation/64//#testresult/5a009857a2d6a938","status":"skipped","statusDetails":"XFAIL\n\nselenium.common.exceptions.NoSuchElementException: Message: no such element: Unable to locate element: {\"method\":\"xpath\",\"selector\":\"(//a[@class='add-to-cart yellow-btn'])[1]\"}\n  (Session info: headless chrome=117.0.5938.88); For documentation on this error, please visit: https://www.selenium.dev/documentation/webdriver/troubleshooting/errors#no-such-element-exception\nStacktrace:\n#0 0x55b5866146c3 <unknown>\n#1 0x55b5862ea1e7 <unknown>\n#2 0x55b586331566 <unknown>\n#3 0x55b586331651 <unknown>\n#4 0x55b58636ea74 <unknown>\n#5 0x55b5863530ed <unknown>\n#6 0x55b58636c322 <unknown>\n#7 0x55b586352e93 <unknown>\n#8 0x55b586325934 <unknown>\n#9 0x55b58632671e <unknown>\n#10 0x55b5865d9cc8 <unknown>\n#11 0x55b5865ddc00 <unknown>\n#12 0x55b5865e81ac <unknown>\n#13 0x55b5865de818 <unknown>\n#14 0x55b5865ab28f <unknown>\n#15 0x55b586602e98 <unknown>\n#16 0x55b586603069 <unknown>\n#17 0x55b586613853 <unknown>\n#18 0x7f9b2a7a4044 <unknown>","time":{"start":1694825657770,"stop":1694825658448,"duration":678}}]},"tags":["@pytest.mark.xfail","smoke_test"]},"source":"c0c620d411969a62.json","parameterValues":["3320","8","'TD 016'","2390","'products/shtukaturka-gipsovaya-aksolit-m50-30-kg-mashinnogo-naneseniya'","650","'https://sandboxtest.stroyrem-nn.ru/'","300"]}