{"uid":"e130e8d9a59e36f4","name":"TC 014 - Проверка функциональности ссылки 'Оплатить заказ'","fullName":"tests.main.test_main_page.TestMainPage#test_positive_footer_payment_order_smoke","historyId":"4b744ab1121a50b2fc111cb9b550c1fd","time":{"start":1698022973416,"stop":1698022973444,"duration":28},"status":"broken","statusMessage":"selenium.common.exceptions.NoSuchElementException: Message: no such element: Unable to locate element: {\"method\":\"xpath\",\"selector\":\"(//a[@href='#order-pay'])[3]\"}\n  (Session info: headless chrome=118.0.5993.70); For documentation on this error, please visit: https://www.selenium.dev/documentation/webdriver/troubleshooting/errors#no-such-element-exception\nStacktrace:\n#0 0x557a8bdf5fb3 <unknown>\n#1 0x557a8bac94a7 <unknown>\n#2 0x557a8bb10dd6 <unknown>\n#3 0x557a8bb10ec1 <unknown>\n#4 0x557a8bb4e354 <unknown>\n#5 0x557a8bb3296d <unknown>\n#6 0x557a8bb4bc02 <unknown>\n#7 0x557a8bb32713 <unknown>\n#8 0x557a8bb0518b <unknown>\n#9 0x557a8bb05f7e <unknown>\n#10 0x557a8bdbb8d8 <unknown>\n#11 0x557a8bdbf800 <unknown>\n#12 0x557a8bdc9cfc <unknown>\n#13 0x557a8bdc0418 <unknown>\n#14 0x557a8bd8d42f <unknown>\n#15 0x557a8bde44e8 <unknown>\n#16 0x557a8bde46b4 <unknown>\n#17 0x557a8bdf5143 <unknown>\n#18 0x7fc6ac0a3044 <unknown>","statusTrace":"self = <tests.main.test_main_page.TestMainPage object at 0x7f8230476b10>\nmain_page = <pages.main_page.MainPage object at 0x7f82310a0190>\n\n    @allure.feature(\"Footer functionality\")\n    @allure.title(\"TC 014 - Проверка функциональности ссылки 'Оплатить заказ'\")\n    @pytest.mark.smoke_test\n    def test_positive_footer_payment_order_smoke(self, main_page):\n>       title = main_page.check_payment_order_link()\n\ntests/main/test_main_page.py:125: \n_ _ _ _ _ _ _ _ _ _ _ _ _ _ _ _ _ _ _ _ _ _ _ _ _ _ _ _ _ _ _ _ _ _ _ _ _ _ _ _ \npages/main_page.py:161: in check_payment_order_link\n    self.driver.find_element(*self._payment_order_link).click()\n/usr/local/lib/python3.11/site-packages/selenium/webdriver/remote/webdriver.py:739: in find_element\n    return self.execute(Command.FIND_ELEMENT, {\"using\": by, \"value\": value})[\"value\"]\n/usr/local/lib/python3.11/site-packages/selenium/webdriver/remote/webdriver.py:345: in execute\n    self.error_handler.check_response(response)\n_ _ _ _ _ _ _ _ _ _ _ _ _ _ _ _ _ _ _ _ _ _ _ _ _ _ _ _ _ _ _ _ _ _ _ _ _ _ _ _ \n\nself = <selenium.webdriver.remote.errorhandler.ErrorHandler object at 0x7f82300b3fd0>\nresponse = {'status': 404, 'value': '{\"value\":{\"error\":\"no such element\",\"message\":\"no such element: Unable to locate element: {\\...\\\\n#16 0x557a8bde46b4 \\\\u003Cunknown>\\\\n#17 0x557a8bdf5143 \\\\u003Cunknown>\\\\n#18 0x7fc6ac0a3044 \\\\u003Cunknown>\\\\n\"}}'}\n\n    def check_response(self, response: Dict[str, Any]) -> None:\n        \"\"\"Checks that a JSON response from the WebDriver does not have an\n        error.\n    \n        :Args:\n         - response - The JSON response from the WebDriver server as a dictionary\n           object.\n    \n        :Raises: If the response contains an error message.\n        \"\"\"\n        status = response.get(\"status\", None)\n        if not status or status == ErrorCode.SUCCESS:\n            return\n        value = None\n        message = response.get(\"message\", \"\")\n        screen: str = response.get(\"screen\", \"\")\n        stacktrace = None\n        if isinstance(status, int):\n            value_json = response.get(\"value\", None)\n            if value_json and isinstance(value_json, str):\n                import json\n    \n                try:\n                    value = json.loads(value_json)\n                    if len(value) == 1:\n                        value = value[\"value\"]\n                    status = value.get(\"error\", None)\n                    if not status:\n                        status = value.get(\"status\", ErrorCode.UNKNOWN_ERROR)\n                        message = value.get(\"value\") or value.get(\"message\")\n                        if not isinstance(message, str):\n                            value = message\n                            message = message.get(\"message\")\n                    else:\n                        message = value.get(\"message\", None)\n                except ValueError:\n                    pass\n    \n        exception_class: Type[WebDriverException]\n        e = ErrorCode()\n        error_codes = [item for item in dir(e) if not item.startswith(\"__\")]\n        for error_code in error_codes:\n            error_info = getattr(ErrorCode, error_code)\n            if isinstance(error_info, list) and status in error_info:\n                exception_class = getattr(ExceptionMapping, error_code, WebDriverException)\n                break\n        else:\n            exception_class = WebDriverException\n    \n        if not value:\n            value = response[\"value\"]\n        if isinstance(value, str):\n            raise exception_class(value)\n        if message == \"\" and \"message\" in value:\n            message = value[\"message\"]\n    \n        screen = None  # type: ignore[assignment]\n        if \"screen\" in value:\n            screen = value[\"screen\"]\n    \n        stacktrace = None\n        st_value = value.get(\"stackTrace\") or value.get(\"stacktrace\")\n        if st_value:\n            if isinstance(st_value, str):\n                stacktrace = st_value.split(\"\\n\")\n            else:\n                stacktrace = []\n                try:\n                    for frame in st_value:\n                        line = frame.get(\"lineNumber\", \"\")\n                        file = frame.get(\"fileName\", \"<anonymous>\")\n                        if line:\n                            file = f\"{file}:{line}\"\n                        meth = frame.get(\"methodName\", \"<anonymous>\")\n                        if \"className\" in frame:\n                            meth = f\"{frame['className']}.{meth}\"\n                        msg = \"    at %s (%s)\"\n                        msg = msg % (meth, file)\n                        stacktrace.append(msg)\n                except TypeError:\n                    pass\n        if exception_class == UnexpectedAlertPresentException:\n            alert_text = None\n            if \"data\" in value:\n                alert_text = value[\"data\"].get(\"text\")\n            elif \"alert\" in value:\n                alert_text = value[\"alert\"].get(\"text\")\n            raise exception_class(message, screen, stacktrace, alert_text)  # type: ignore[call-arg]  # mypy is not smart enough here\n>       raise exception_class(message, screen, stacktrace)\nE       selenium.common.exceptions.NoSuchElementException: Message: no such element: Unable to locate element: {\"method\":\"xpath\",\"selector\":\"(//a[@href='#order-pay'])[3]\"}\nE         (Session info: headless chrome=118.0.5993.70); For documentation on this error, please visit: https://www.selenium.dev/documentation/webdriver/troubleshooting/errors#no-such-element-exception\nE       Stacktrace:\nE       #0 0x557a8bdf5fb3 <unknown>\nE       #1 0x557a8bac94a7 <unknown>\nE       #2 0x557a8bb10dd6 <unknown>\nE       #3 0x557a8bb10ec1 <unknown>\nE       #4 0x557a8bb4e354 <unknown>\nE       #5 0x557a8bb3296d <unknown>\nE       #6 0x557a8bb4bc02 <unknown>\nE       #7 0x557a8bb32713 <unknown>\nE       #8 0x557a8bb0518b <unknown>\nE       #9 0x557a8bb05f7e <unknown>\nE       #10 0x557a8bdbb8d8 <unknown>\nE       #11 0x557a8bdbf800 <unknown>\nE       #12 0x557a8bdc9cfc <unknown>\nE       #13 0x557a8bdc0418 <unknown>\nE       #14 0x557a8bd8d42f <unknown>\nE       #15 0x557a8bde44e8 <unknown>\nE       #16 0x557a8bde46b4 <unknown>\nE       #17 0x557a8bdf5143 <unknown>\nE       #18 0x7fc6ac0a3044 <unknown>\n\n/usr/local/lib/python3.11/site-packages/selenium/webdriver/remote/errorhandler.py:229: NoSuchElementException","flaky":false,"newFailed":false,"newBroken":true,"newPassed":false,"retriesCount":0,"retriesStatusChange":false,"beforeStages":[{"name":"_session_faker","time":{"start":1698022160834,"stop":1698022160937,"duration":103},"status":"passed","steps":[],"attachments":[],"parameters":[],"shouldDisplayMessage":false,"stepsCount":0,"attachmentsCount":0,"hasContent":false},{"name":"clear_allure_results_folder","time":{"start":1698022160938,"stop":1698022160939,"duration":1},"status":"passed","steps":[],"attachments":[],"parameters":[],"shouldDisplayMessage":false,"stepsCount":0,"attachmentsCount":0,"hasContent":false},{"name":"driver","time":{"start":1698022964201,"stop":1698022965093,"duration":892},"status":"passed","steps":[],"attachments":[],"parameters":[],"shouldDisplayMessage":false,"stepsCount":0,"attachmentsCount":0,"hasContent":false},{"name":"main_page","time":{"start":1698022965093,"stop":1698022973416,"duration":8323},"status":"passed","steps":[],"attachments":[],"parameters":[],"shouldDisplayMessage":false,"stepsCount":0,"attachmentsCount":0,"hasContent":false},{"name":"setup","time":{"start":1698022965093,"stop":1698022965093,"duration":0},"status":"passed","steps":[],"attachments":[],"parameters":[],"shouldDisplayMessage":false,"stepsCount":0,"attachmentsCount":0,"hasContent":false},{"name":"setup","time":{"start":1698023064486,"stop":1698023064487,"duration":1},"status":"passed","steps":[],"attachments":[],"parameters":[],"shouldDisplayMessage":false,"stepsCount":0,"attachmentsCount":0,"hasContent":false}],"testStage":{"status":"broken","statusMessage":"selenium.common.exceptions.NoSuchElementException: Message: no such element: Unable to locate element: {\"method\":\"xpath\",\"selector\":\"(//a[@href='#order-pay'])[3]\"}\n  (Session info: headless chrome=118.0.5993.70); For documentation on this error, please visit: https://www.selenium.dev/documentation/webdriver/troubleshooting/errors#no-such-element-exception\nStacktrace:\n#0 0x557a8bdf5fb3 <unknown>\n#1 0x557a8bac94a7 <unknown>\n#2 0x557a8bb10dd6 <unknown>\n#3 0x557a8bb10ec1 <unknown>\n#4 0x557a8bb4e354 <unknown>\n#5 0x557a8bb3296d <unknown>\n#6 0x557a8bb4bc02 <unknown>\n#7 0x557a8bb32713 <unknown>\n#8 0x557a8bb0518b <unknown>\n#9 0x557a8bb05f7e <unknown>\n#10 0x557a8bdbb8d8 <unknown>\n#11 0x557a8bdbf800 <unknown>\n#12 0x557a8bdc9cfc <unknown>\n#13 0x557a8bdc0418 <unknown>\n#14 0x557a8bd8d42f <unknown>\n#15 0x557a8bde44e8 <unknown>\n#16 0x557a8bde46b4 <unknown>\n#17 0x557a8bdf5143 <unknown>\n#18 0x7fc6ac0a3044 <unknown>","statusTrace":"self = <tests.main.test_main_page.TestMainPage object at 0x7f8230476b10>\nmain_page = <pages.main_page.MainPage object at 0x7f82310a0190>\n\n    @allure.feature(\"Footer functionality\")\n    @allure.title(\"TC 014 - Проверка функциональности ссылки 'Оплатить заказ'\")\n    @pytest.mark.smoke_test\n    def test_positive_footer_payment_order_smoke(self, main_page):\n>       title = main_page.check_payment_order_link()\n\ntests/main/test_main_page.py:125: \n_ _ _ _ _ _ _ _ _ _ _ _ _ _ _ _ _ _ _ _ _ _ _ _ _ _ _ _ _ _ _ _ _ _ _ _ _ _ _ _ \npages/main_page.py:161: in check_payment_order_link\n    self.driver.find_element(*self._payment_order_link).click()\n/usr/local/lib/python3.11/site-packages/selenium/webdriver/remote/webdriver.py:739: in find_element\n    return self.execute(Command.FIND_ELEMENT, {\"using\": by, \"value\": value})[\"value\"]\n/usr/local/lib/python3.11/site-packages/selenium/webdriver/remote/webdriver.py:345: in execute\n    self.error_handler.check_response(response)\n_ _ _ _ _ _ _ _ _ _ _ _ _ _ _ _ _ _ _ _ _ _ _ _ _ _ _ _ _ _ _ _ _ _ _ _ _ _ _ _ \n\nself = <selenium.webdriver.remote.errorhandler.ErrorHandler object at 0x7f82300b3fd0>\nresponse = {'status': 404, 'value': '{\"value\":{\"error\":\"no such element\",\"message\":\"no such element: Unable to locate element: {\\...\\\\n#16 0x557a8bde46b4 \\\\u003Cunknown>\\\\n#17 0x557a8bdf5143 \\\\u003Cunknown>\\\\n#18 0x7fc6ac0a3044 \\\\u003Cunknown>\\\\n\"}}'}\n\n    def check_response(self, response: Dict[str, Any]) -> None:\n        \"\"\"Checks that a JSON response from the WebDriver does not have an\n        error.\n    \n        :Args:\n         - response - The JSON response from the WebDriver server as a dictionary\n           object.\n    \n        :Raises: If the response contains an error message.\n        \"\"\"\n        status = response.get(\"status\", None)\n        if not status or status == ErrorCode.SUCCESS:\n            return\n        value = None\n        message = response.get(\"message\", \"\")\n        screen: str = response.get(\"screen\", \"\")\n        stacktrace = None\n        if isinstance(status, int):\n            value_json = response.get(\"value\", None)\n            if value_json and isinstance(value_json, str):\n                import json\n    \n                try:\n                    value = json.loads(value_json)\n                    if len(value) == 1:\n                        value = value[\"value\"]\n                    status = value.get(\"error\", None)\n                    if not status:\n                        status = value.get(\"status\", ErrorCode.UNKNOWN_ERROR)\n                        message = value.get(\"value\") or value.get(\"message\")\n                        if not isinstance(message, str):\n                            value = message\n                            message = message.get(\"message\")\n                    else:\n                        message = value.get(\"message\", None)\n                except ValueError:\n                    pass\n    \n        exception_class: Type[WebDriverException]\n        e = ErrorCode()\n        error_codes = [item for item in dir(e) if not item.startswith(\"__\")]\n        for error_code in error_codes:\n            error_info = getattr(ErrorCode, error_code)\n            if isinstance(error_info, list) and status in error_info:\n                exception_class = getattr(ExceptionMapping, error_code, WebDriverException)\n                break\n        else:\n            exception_class = WebDriverException\n    \n        if not value:\n            value = response[\"value\"]\n        if isinstance(value, str):\n            raise exception_class(value)\n        if message == \"\" and \"message\" in value:\n            message = value[\"message\"]\n    \n        screen = None  # type: ignore[assignment]\n        if \"screen\" in value:\n            screen = value[\"screen\"]\n    \n        stacktrace = None\n        st_value = value.get(\"stackTrace\") or value.get(\"stacktrace\")\n        if st_value:\n            if isinstance(st_value, str):\n                stacktrace = st_value.split(\"\\n\")\n            else:\n                stacktrace = []\n                try:\n                    for frame in st_value:\n                        line = frame.get(\"lineNumber\", \"\")\n                        file = frame.get(\"fileName\", \"<anonymous>\")\n                        if line:\n                            file = f\"{file}:{line}\"\n                        meth = frame.get(\"methodName\", \"<anonymous>\")\n                        if \"className\" in frame:\n                            meth = f\"{frame['className']}.{meth}\"\n                        msg = \"    at %s (%s)\"\n                        msg = msg % (meth, file)\n                        stacktrace.append(msg)\n                except TypeError:\n                    pass\n        if exception_class == UnexpectedAlertPresentException:\n            alert_text = None\n            if \"data\" in value:\n                alert_text = value[\"data\"].get(\"text\")\n            elif \"alert\" in value:\n                alert_text = value[\"alert\"].get(\"text\")\n            raise exception_class(message, screen, stacktrace, alert_text)  # type: ignore[call-arg]  # mypy is not smart enough here\n>       raise exception_class(message, screen, stacktrace)\nE       selenium.common.exceptions.NoSuchElementException: Message: no such element: Unable to locate element: {\"method\":\"xpath\",\"selector\":\"(//a[@href='#order-pay'])[3]\"}\nE         (Session info: headless chrome=118.0.5993.70); For documentation on this error, please visit: https://www.selenium.dev/documentation/webdriver/troubleshooting/errors#no-such-element-exception\nE       Stacktrace:\nE       #0 0x557a8bdf5fb3 <unknown>\nE       #1 0x557a8bac94a7 <unknown>\nE       #2 0x557a8bb10dd6 <unknown>\nE       #3 0x557a8bb10ec1 <unknown>\nE       #4 0x557a8bb4e354 <unknown>\nE       #5 0x557a8bb3296d <unknown>\nE       #6 0x557a8bb4bc02 <unknown>\nE       #7 0x557a8bb32713 <unknown>\nE       #8 0x557a8bb0518b <unknown>\nE       #9 0x557a8bb05f7e <unknown>\nE       #10 0x557a8bdbb8d8 <unknown>\nE       #11 0x557a8bdbf800 <unknown>\nE       #12 0x557a8bdc9cfc <unknown>\nE       #13 0x557a8bdc0418 <unknown>\nE       #14 0x557a8bd8d42f <unknown>\nE       #15 0x557a8bde44e8 <unknown>\nE       #16 0x557a8bde46b4 <unknown>\nE       #17 0x557a8bdf5143 <unknown>\nE       #18 0x7fc6ac0a3044 <unknown>\n\n/usr/local/lib/python3.11/site-packages/selenium/webdriver/remote/errorhandler.py:229: NoSuchElementException","steps":[{"name":"Проверка функциональности ссылки 'Оплатить заказ'","time":{"start":1698022973417,"stop":1698022973443,"duration":26},"status":"broken","statusMessage":"selenium.common.exceptions.NoSuchElementException: Message: no such element: Unable to locate element: {\"method\":\"xpath\",\"selector\":\"(//a[@href='#order-pay'])[3]\"}\n  (Session info: headless chrome=118.0.5993.70); For documentation on this error, please visit: https://www.selenium.dev/documentation/webdriver/troubleshooting/errors#no-such-element-exception\nStacktrace:\n#0 0x557a8bdf5fb3 <unknown>\n#1 0x557a8bac94a7 <unknown>\n#2 0x557a8bb10dd6 <unknown>\n#3 0x557a8bb10ec1 <unknown>\n#4 0x557a8bb4e354 <unknown>\n#5 0x557a8bb3296d <unknown>\n#6 0x557a8bb4bc02 <unknown>\n#7 0x557a8bb32713 <unknown>\n#8 0x557a8bb0518b <unknown>\n#9 0x557a8bb05f7e <unknown>\n#10 0x557a8bdbb8d8 <unknown>\n#11 0x557a8bdbf800 <unknown>\n#12 0x557a8bdc9cfc <unknown>\n#13 0x557a8bdc0418 <unknown>\n#14 0x557a8bd8d42f <unknown>\n#15 0x557a8bde44e8 <unknown>\n#16 0x557a8bde46b4 <unknown>\n#17 0x557a8bdf5143 <unknown>\n#18 0x7fc6ac0a3044 <unknown>\n\n","statusTrace":"  File \"/usr/local/lib/python3.11/site-packages/allure_commons/_allure.py\", line 192, in impl\n    return func(*a, **kw)\n           ^^^^^^^^^^^^^^\n  File \"/app/pages/main_page.py\", line 161, in check_payment_order_link\n    self.driver.find_element(*self._payment_order_link).click()\n    ^^^^^^^^^^^^^^^^^^^^^^^^^^^^^^^^^^^^^^^^^^^^^^^^^^^\n  File \"/usr/local/lib/python3.11/site-packages/selenium/webdriver/remote/webdriver.py\", line 739, in find_element\n    return self.execute(Command.FIND_ELEMENT, {\"using\": by, \"value\": value})[\"value\"]\n           ^^^^^^^^^^^^^^^^^^^^^^^^^^^^^^^^^^^^^^^^^^^^^^^^^^^^^^^^^^^^^^^^^\n  File \"/usr/local/lib/python3.11/site-packages/selenium/webdriver/remote/webdriver.py\", line 345, in execute\n    self.error_handler.check_response(response)\n  File \"/usr/local/lib/python3.11/site-packages/selenium/webdriver/remote/errorhandler.py\", line 229, in check_response\n    raise exception_class(message, screen, stacktrace)\n","steps":[],"attachments":[],"parameters":[],"shouldDisplayMessage":true,"stepsCount":0,"attachmentsCount":0,"hasContent":true}],"attachments":[{"uid":"62fc8d0801a199b4","name":"Screenshot","source":"62fc8d0801a199b4.png","type":"image/png","size":283329},{"uid":"f5a57de6fe3f6ebb","name":"HTML source","source":"f5a57de6fe3f6ebb.html","type":"text/html","size":380911}],"parameters":[],"shouldDisplayMessage":true,"stepsCount":1,"attachmentsCount":2,"hasContent":true},"afterStages":[{"name":"setup::0","time":{"start":1698022973685,"stop":1698022973685,"duration":0},"status":"passed","steps":[],"attachments":[],"parameters":[],"shouldDisplayMessage":false,"stepsCount":0,"attachmentsCount":0,"hasContent":false},{"name":"driver::0","time":{"start":1698022973686,"stop":1698022973752,"duration":66},"status":"passed","steps":[],"attachments":[],"parameters":[],"shouldDisplayMessage":false,"stepsCount":0,"attachmentsCount":0,"hasContent":false},{"name":"setup::0","time":{"start":1698023082809,"stop":1698023082810,"duration":1},"status":"passed","steps":[],"attachments":[],"parameters":[],"shouldDisplayMessage":false,"stepsCount":0,"attachmentsCount":0,"hasContent":false}],"labels":[{"name":"feature","value":"Footer functionality"},{"name":"epic","value":"Main Page"},{"name":"tag","value":"smoke_test"},{"name":"parentSuite","value":"tests.main"},{"name":"suite","value":"test_main_page"},{"name":"subSuite","value":"TestMainPage"},{"name":"host","value":"9cef6d1a0cea"},{"name":"thread","value":"1-MainThread"},{"name":"framework","value":"pytest"},{"name":"language","value":"cpython3"},{"name":"package","value":"tests.main.test_main_page"},{"name":"resultFormat","value":"allure2"}],"parameters":[{"name":"url","value":"'https://dev:123456@test2.stroyrem-nn.ru/'"}],"links":[],"hidden":false,"retry":false,"extra":{"severity":"normal","retries":[],"categories":[{"name":"Test defects","matchedStatuses":[],"flaky":false}],"history":{"statistic":{"failed":0,"broken":1,"skipped":0,"passed":21,"unknown":0,"total":22},"items":[{"uid":"99d247efdc62e9d","reportUrl":"https://Nat754.github.io/StroyremAutomation/102//#testresult/99d247efdc62e9d","status":"passed","time":{"start":1697936548988,"stop":1697936549101,"duration":113}},{"uid":"b7eb7e6884b811aa","reportUrl":"https://Nat754.github.io/StroyremAutomation/101//#testresult/b7eb7e6884b811aa","status":"passed","time":{"start":1697850038325,"stop":1697850038533,"duration":208}},{"uid":"d2ee4e8598d171f0","reportUrl":"https://Nat754.github.io/StroyremAutomation/100//#testresult/d2ee4e8598d171f0","status":"passed","time":{"start":1697763579001,"stop":1697763579101,"duration":100}},{"uid":"457dac21560daee2","reportUrl":"https://Nat754.github.io/StroyremAutomation/99//#testresult/457dac21560daee2","status":"passed","time":{"start":1697677167012,"stop":1697677167109,"duration":97}},{"uid":"b9ebd712ad6edc53","reportUrl":"https://Nat754.github.io/StroyremAutomation/98//#testresult/b9ebd712ad6edc53","status":"passed","time":{"start":1697590774334,"stop":1697590774432,"duration":98}},{"uid":"8d326491abf67e9c","reportUrl":"https://Nat754.github.io/StroyremAutomation/97//#testresult/8d326491abf67e9c","status":"passed","time":{"start":1697504474713,"stop":1697504474808,"duration":95}},{"uid":"1da365c8600b8a26","reportUrl":"https://Nat754.github.io/StroyremAutomation/96//#testresult/1da365c8600b8a26","status":"passed","time":{"start":1697418123068,"stop":1697418123161,"duration":93}},{"uid":"3d58e552dc4602ef","reportUrl":"https://Nat754.github.io/StroyremAutomation/95//#testresult/3d58e552dc4602ef","status":"passed","time":{"start":1697331828376,"stop":1697331828511,"duration":135}},{"uid":"8ae7686a8508cc06","reportUrl":"https://Nat754.github.io/StroyremAutomation/94//#testresult/8ae7686a8508cc06","status":"passed","time":{"start":1697245453416,"stop":1697245453540,"duration":124}},{"uid":"a1b48d2bc5748cbe","reportUrl":"https://Nat754.github.io/StroyremAutomation/93//#testresult/a1b48d2bc5748cbe","status":"passed","time":{"start":1697158888033,"stop":1697158888125,"duration":92}},{"uid":"ade462051f798c01","reportUrl":"https://Nat754.github.io/StroyremAutomation/92//#testresult/ade462051f798c01","status":"passed","time":{"start":1697072310417,"stop":1697072310559,"duration":142}},{"uid":"a060ab27d602de50","reportUrl":"https://Nat754.github.io/StroyremAutomation/91//#testresult/a060ab27d602de50","status":"passed","time":{"start":1696985929959,"stop":1696985930063,"duration":104}},{"uid":"fcf19069944f886e","reportUrl":"https://Nat754.github.io/StroyremAutomation/90//#testresult/fcf19069944f886e","status":"passed","time":{"start":1696899480399,"stop":1696899480526,"duration":127}},{"uid":"976405322d803f01","reportUrl":"https://Nat754.github.io/StroyremAutomation/89//#testresult/976405322d803f01","status":"passed","time":{"start":1696813050282,"stop":1696813050380,"duration":98}},{"uid":"de47a81d6607ebeb","reportUrl":"https://Nat754.github.io/StroyremAutomation/88//#testresult/de47a81d6607ebeb","status":"passed","time":{"start":1696727102350,"stop":1696727102510,"duration":160}},{"uid":"258e669f79f031f7","reportUrl":"https://Nat754.github.io/StroyremAutomation/87//#testresult/258e669f79f031f7","status":"passed","time":{"start":1696640215751,"stop":1696640215854,"duration":103}},{"uid":"f2bad0be682ff51c","reportUrl":"https://Nat754.github.io/StroyremAutomation/86//#testresult/f2bad0be682ff51c","status":"passed","time":{"start":1696553850636,"stop":1696553850738,"duration":102}},{"uid":"654b24f1de7f35ad","reportUrl":"https://Nat754.github.io/StroyremAutomation/85//#testresult/654b24f1de7f35ad","status":"passed","time":{"start":1696467751779,"stop":1696467751877,"duration":98}},{"uid":"fbd7b66451120f8","reportUrl":"https://Nat754.github.io/StroyremAutomation/84//#testresult/fbd7b66451120f8","status":"passed","time":{"start":1696381104360,"stop":1696381104457,"duration":97}},{"uid":"bef346023ad2fad3","reportUrl":"https://Nat754.github.io/StroyremAutomation/83//#testresult/bef346023ad2fad3","status":"passed","time":{"start":1696294666027,"stop":1696294666128,"duration":101}}]},"tags":["smoke_test"]},"source":"e130e8d9a59e36f4.json","parameterValues":["'https://dev:123456@test2.stroyrem-nn.ru/'"]}