{"uid":"299884b535c6e03b","name":"TC 009 - Проверка функциональности ссылки 'Доставка'","fullName":"tests.test_main_page.TestMainPage#test_positive_footer_delivery_smoke","historyId":"bc9818d241aad936f44651fb7356fb88","time":{"start":1692751706611,"stop":1692751706628,"duration":17},"status":"broken","statusMessage":"selenium.common.exceptions.NoSuchElementException: Message: no such element: Unable to locate element: {\"method\":\"xpath\",\"selector\":\"(//a[@href='/dostavka'])[3]\"}\n  (Session info: headless chrome=116.0.5845.96); For documentation on this error, please visit: https://www.selenium.dev/documentation/webdriver/troubleshooting/errors#no-such-element-exception\nStacktrace:\n#0 0x55c46e072e23 <unknown>\n#1 0x55c46dd9b7a7 <unknown>\n#2 0x55c46ddda1d3 <unknown>\n#3 0x55c46ddda2c1 <unknown>\n#4 0x55c46de15a04 <unknown>\n#5 0x55c46ddfb03d <unknown>\n#6 0x55c46de13369 <unknown>\n#7 0x55c46ddfade3 <unknown>\n#8 0x55c46ddcea7b <unknown>\n#9 0x55c46ddcf81e <unknown>\n#10 0x55c46e034638 <unknown>\n#11 0x55c46e038507 <unknown>\n#12 0x55c46e042c4c <unknown>\n#13 0x55c46e039136 <unknown>\n#14 0x55c46e0079cf <unknown>\n#15 0x55c46e05cb98 <unknown>\n#16 0x55c46e05cd68 <unknown>\n#17 0x55c46e06bcb3 <unknown>\n#18 0x7fb7bb923044 <unknown>","statusTrace":"self = <tests.test_main_page.TestMainPage object at 0x7eff85a19490>\nmain_page = <pages.main_page.MainPage object at 0x7eff85adc790>\n\n    @allure.feature(\"Footer functionality\")\n    @allure.title(\"TC 009 - Проверка функциональности ссылки 'Доставка'\")\n    @pytest.mark.smoke_test\n    def test_positive_footer_delivery_smoke(self, main_page):\n>       main_page.check_delivery_link()\n\ntests/test_main_page.py:89: \n_ _ _ _ _ _ _ _ _ _ _ _ _ _ _ _ _ _ _ _ _ _ _ _ _ _ _ _ _ _ _ _ _ _ _ _ _ _ _ _ \npages/main_page.py:130: in check_delivery_link\n    self.driver.find_element(*self._delivery_link).click()\n/usr/local/lib/python3.11/site-packages/selenium/webdriver/remote/webdriver.py:740: in find_element\n    return self.execute(Command.FIND_ELEMENT, {\"using\": by, \"value\": value})[\"value\"]\n/usr/local/lib/python3.11/site-packages/selenium/webdriver/remote/webdriver.py:346: in execute\n    self.error_handler.check_response(response)\n_ _ _ _ _ _ _ _ _ _ _ _ _ _ _ _ _ _ _ _ _ _ _ _ _ _ _ _ _ _ _ _ _ _ _ _ _ _ _ _ \n\nself = <selenium.webdriver.remote.errorhandler.ErrorHandler object at 0x7eff8540e350>\nresponse = {'status': 404, 'value': '{\"value\":{\"error\":\"no such element\",\"message\":\"no such element: Unable to locate element: {\\...\\\\n#16 0x55c46e05cd68 \\\\u003Cunknown>\\\\n#17 0x55c46e06bcb3 \\\\u003Cunknown>\\\\n#18 0x7fb7bb923044 \\\\u003Cunknown>\\\\n\"}}'}\n\n    def check_response(self, response: Dict[str, Any]) -> None:\n        \"\"\"Checks that a JSON response from the WebDriver does not have an\n        error.\n    \n        :Args:\n         - response - The JSON response from the WebDriver server as a dictionary\n           object.\n    \n        :Raises: If the response contains an error message.\n        \"\"\"\n        status = response.get(\"status\", None)\n        if not status or status == ErrorCode.SUCCESS:\n            return\n        value = None\n        message = response.get(\"message\", \"\")\n        screen: str = response.get(\"screen\", \"\")\n        stacktrace = None\n        if isinstance(status, int):\n            value_json = response.get(\"value\", None)\n            if value_json and isinstance(value_json, str):\n                import json\n    \n                try:\n                    value = json.loads(value_json)\n                    if len(value) == 1:\n                        value = value[\"value\"]\n                    status = value.get(\"error\", None)\n                    if not status:\n                        status = value.get(\"status\", ErrorCode.UNKNOWN_ERROR)\n                        message = value.get(\"value\") or value.get(\"message\")\n                        if not isinstance(message, str):\n                            value = message\n                            message = message.get(\"message\")\n                    else:\n                        message = value.get(\"message\", None)\n                except ValueError:\n                    pass\n    \n        exception_class: Type[WebDriverException]\n        if status in ErrorCode.NO_SUCH_ELEMENT:\n            exception_class = NoSuchElementException\n        elif status in ErrorCode.NO_SUCH_FRAME:\n            exception_class = NoSuchFrameException\n        elif status in ErrorCode.NO_SUCH_SHADOW_ROOT:\n            exception_class = NoSuchShadowRootException\n        elif status in ErrorCode.NO_SUCH_WINDOW:\n            exception_class = NoSuchWindowException\n        elif status in ErrorCode.STALE_ELEMENT_REFERENCE:\n            exception_class = StaleElementReferenceException\n        elif status in ErrorCode.ELEMENT_NOT_VISIBLE:\n            exception_class = ElementNotVisibleException\n        elif status in ErrorCode.INVALID_ELEMENT_STATE:\n            exception_class = InvalidElementStateException\n        elif (\n            status in ErrorCode.INVALID_SELECTOR\n            or status in ErrorCode.INVALID_XPATH_SELECTOR\n            or status in ErrorCode.INVALID_XPATH_SELECTOR_RETURN_TYPER\n        ):\n            exception_class = InvalidSelectorException\n        elif status in ErrorCode.ELEMENT_IS_NOT_SELECTABLE:\n            exception_class = ElementNotSelectableException\n        elif status in ErrorCode.ELEMENT_NOT_INTERACTABLE:\n            exception_class = ElementNotInteractableException\n        elif status in ErrorCode.INVALID_COOKIE_DOMAIN:\n            exception_class = InvalidCookieDomainException\n        elif status in ErrorCode.UNABLE_TO_SET_COOKIE:\n            exception_class = UnableToSetCookieException\n        elif status in ErrorCode.TIMEOUT:\n            exception_class = TimeoutException\n        elif status in ErrorCode.SCRIPT_TIMEOUT:\n            exception_class = TimeoutException\n        elif status in ErrorCode.UNKNOWN_ERROR:\n            exception_class = WebDriverException\n        elif status in ErrorCode.UNEXPECTED_ALERT_OPEN:\n            exception_class = UnexpectedAlertPresentException\n        elif status in ErrorCode.NO_ALERT_OPEN:\n            exception_class = NoAlertPresentException\n        elif status in ErrorCode.IME_NOT_AVAILABLE:\n            exception_class = ImeNotAvailableException\n        elif status in ErrorCode.IME_ENGINE_ACTIVATION_FAILED:\n            exception_class = ImeActivationFailedException\n        elif status in ErrorCode.MOVE_TARGET_OUT_OF_BOUNDS:\n            exception_class = MoveTargetOutOfBoundsException\n        elif status in ErrorCode.JAVASCRIPT_ERROR:\n            exception_class = JavascriptException\n        elif status in ErrorCode.SESSION_NOT_CREATED:\n            exception_class = SessionNotCreatedException\n        elif status in ErrorCode.INVALID_ARGUMENT:\n            exception_class = InvalidArgumentException\n        elif status in ErrorCode.NO_SUCH_COOKIE:\n            exception_class = NoSuchCookieException\n        elif status in ErrorCode.UNABLE_TO_CAPTURE_SCREEN:\n            exception_class = ScreenshotException\n        elif status in ErrorCode.ELEMENT_CLICK_INTERCEPTED:\n            exception_class = ElementClickInterceptedException\n        elif status in ErrorCode.INSECURE_CERTIFICATE:\n            exception_class = InsecureCertificateException\n        elif status in ErrorCode.INVALID_COORDINATES:\n            exception_class = InvalidCoordinatesException\n        elif status in ErrorCode.INVALID_SESSION_ID:\n            exception_class = InvalidSessionIdException\n        elif status in ErrorCode.UNKNOWN_METHOD:\n            exception_class = UnknownMethodException\n        else:\n            exception_class = WebDriverException\n        if not value:\n            value = response[\"value\"]\n        if isinstance(value, str):\n            raise exception_class(value)\n        if message == \"\" and \"message\" in value:\n            message = value[\"message\"]\n    \n        screen = None  # type: ignore[assignment]\n        if \"screen\" in value:\n            screen = value[\"screen\"]\n    \n        stacktrace = None\n        st_value = value.get(\"stackTrace\") or value.get(\"stacktrace\")\n        if st_value:\n            if isinstance(st_value, str):\n                stacktrace = st_value.split(\"\\n\")\n            else:\n                stacktrace = []\n                try:\n                    for frame in st_value:\n                        line = frame.get(\"lineNumber\", \"\")\n                        file = frame.get(\"fileName\", \"<anonymous>\")\n                        if line:\n                            file = f\"{file}:{line}\"\n                        meth = frame.get(\"methodName\", \"<anonymous>\")\n                        if \"className\" in frame:\n                            meth = f\"{frame['className']}.{meth}\"\n                        msg = \"    at %s (%s)\"\n                        msg = msg % (meth, file)\n                        stacktrace.append(msg)\n                except TypeError:\n                    pass\n        if exception_class == UnexpectedAlertPresentException:\n            alert_text = None\n            if \"data\" in value:\n                alert_text = value[\"data\"].get(\"text\")\n            elif \"alert\" in value:\n                alert_text = value[\"alert\"].get(\"text\")\n            raise exception_class(message, screen, stacktrace, alert_text)  # type: ignore[call-arg]  # mypy is not smart enough here\n>       raise exception_class(message, screen, stacktrace)\nE       selenium.common.exceptions.NoSuchElementException: Message: no such element: Unable to locate element: {\"method\":\"xpath\",\"selector\":\"(//a[@href='/dostavka'])[3]\"}\nE         (Session info: headless chrome=116.0.5845.96); For documentation on this error, please visit: https://www.selenium.dev/documentation/webdriver/troubleshooting/errors#no-such-element-exception\nE       Stacktrace:\nE       #0 0x55c46e072e23 <unknown>\nE       #1 0x55c46dd9b7a7 <unknown>\nE       #2 0x55c46ddda1d3 <unknown>\nE       #3 0x55c46ddda2c1 <unknown>\nE       #4 0x55c46de15a04 <unknown>\nE       #5 0x55c46ddfb03d <unknown>\nE       #6 0x55c46de13369 <unknown>\nE       #7 0x55c46ddfade3 <unknown>\nE       #8 0x55c46ddcea7b <unknown>\nE       #9 0x55c46ddcf81e <unknown>\nE       #10 0x55c46e034638 <unknown>\nE       #11 0x55c46e038507 <unknown>\nE       #12 0x55c46e042c4c <unknown>\nE       #13 0x55c46e039136 <unknown>\nE       #14 0x55c46e0079cf <unknown>\nE       #15 0x55c46e05cb98 <unknown>\nE       #16 0x55c46e05cd68 <unknown>\nE       #17 0x55c46e06bcb3 <unknown>\nE       #18 0x7fb7bb923044 <unknown>\n\n/usr/local/lib/python3.11/site-packages/selenium/webdriver/remote/errorhandler.py:245: NoSuchElementException","flaky":false,"newFailed":false,"newBroken":false,"newPassed":false,"retriesCount":0,"retriesStatusChange":false,"beforeStages":[{"name":"_session_faker","time":{"start":1692751498751,"stop":1692751498816,"duration":65},"status":"passed","steps":[],"attachments":[],"parameters":[],"stepsCount":0,"attachmentsCount":0,"shouldDisplayMessage":false,"hasContent":false},{"name":"clear_allure_results_folder","time":{"start":1692751498816,"stop":1692751498816,"duration":0},"status":"passed","steps":[],"attachments":[],"parameters":[],"stepsCount":0,"attachmentsCount":0,"shouldDisplayMessage":false,"hasContent":false},{"name":"driver","time":{"start":1692751697623,"stop":1692751698368,"duration":745},"status":"passed","steps":[],"attachments":[],"parameters":[],"stepsCount":0,"attachmentsCount":0,"shouldDisplayMessage":false,"hasContent":false},{"name":"setup","time":{"start":1692751698368,"stop":1692751698369,"duration":1},"status":"passed","steps":[],"attachments":[],"parameters":[],"stepsCount":0,"attachmentsCount":0,"shouldDisplayMessage":false,"hasContent":false},{"name":"main_page","time":{"start":1692751698369,"stop":1692751706611,"duration":8242},"status":"passed","steps":[],"attachments":[],"parameters":[],"stepsCount":0,"attachmentsCount":0,"shouldDisplayMessage":false,"hasContent":false}],"testStage":{"status":"broken","statusMessage":"selenium.common.exceptions.NoSuchElementException: Message: no such element: Unable to locate element: {\"method\":\"xpath\",\"selector\":\"(//a[@href='/dostavka'])[3]\"}\n  (Session info: headless chrome=116.0.5845.96); For documentation on this error, please visit: https://www.selenium.dev/documentation/webdriver/troubleshooting/errors#no-such-element-exception\nStacktrace:\n#0 0x55c46e072e23 <unknown>\n#1 0x55c46dd9b7a7 <unknown>\n#2 0x55c46ddda1d3 <unknown>\n#3 0x55c46ddda2c1 <unknown>\n#4 0x55c46de15a04 <unknown>\n#5 0x55c46ddfb03d <unknown>\n#6 0x55c46de13369 <unknown>\n#7 0x55c46ddfade3 <unknown>\n#8 0x55c46ddcea7b <unknown>\n#9 0x55c46ddcf81e <unknown>\n#10 0x55c46e034638 <unknown>\n#11 0x55c46e038507 <unknown>\n#12 0x55c46e042c4c <unknown>\n#13 0x55c46e039136 <unknown>\n#14 0x55c46e0079cf <unknown>\n#15 0x55c46e05cb98 <unknown>\n#16 0x55c46e05cd68 <unknown>\n#17 0x55c46e06bcb3 <unknown>\n#18 0x7fb7bb923044 <unknown>","statusTrace":"self = <tests.test_main_page.TestMainPage object at 0x7eff85a19490>\nmain_page = <pages.main_page.MainPage object at 0x7eff85adc790>\n\n    @allure.feature(\"Footer functionality\")\n    @allure.title(\"TC 009 - Проверка функциональности ссылки 'Доставка'\")\n    @pytest.mark.smoke_test\n    def test_positive_footer_delivery_smoke(self, main_page):\n>       main_page.check_delivery_link()\n\ntests/test_main_page.py:89: \n_ _ _ _ _ _ _ _ _ _ _ _ _ _ _ _ _ _ _ _ _ _ _ _ _ _ _ _ _ _ _ _ _ _ _ _ _ _ _ _ \npages/main_page.py:130: in check_delivery_link\n    self.driver.find_element(*self._delivery_link).click()\n/usr/local/lib/python3.11/site-packages/selenium/webdriver/remote/webdriver.py:740: in find_element\n    return self.execute(Command.FIND_ELEMENT, {\"using\": by, \"value\": value})[\"value\"]\n/usr/local/lib/python3.11/site-packages/selenium/webdriver/remote/webdriver.py:346: in execute\n    self.error_handler.check_response(response)\n_ _ _ _ _ _ _ _ _ _ _ _ _ _ _ _ _ _ _ _ _ _ _ _ _ _ _ _ _ _ _ _ _ _ _ _ _ _ _ _ \n\nself = <selenium.webdriver.remote.errorhandler.ErrorHandler object at 0x7eff8540e350>\nresponse = {'status': 404, 'value': '{\"value\":{\"error\":\"no such element\",\"message\":\"no such element: Unable to locate element: {\\...\\\\n#16 0x55c46e05cd68 \\\\u003Cunknown>\\\\n#17 0x55c46e06bcb3 \\\\u003Cunknown>\\\\n#18 0x7fb7bb923044 \\\\u003Cunknown>\\\\n\"}}'}\n\n    def check_response(self, response: Dict[str, Any]) -> None:\n        \"\"\"Checks that a JSON response from the WebDriver does not have an\n        error.\n    \n        :Args:\n         - response - The JSON response from the WebDriver server as a dictionary\n           object.\n    \n        :Raises: If the response contains an error message.\n        \"\"\"\n        status = response.get(\"status\", None)\n        if not status or status == ErrorCode.SUCCESS:\n            return\n        value = None\n        message = response.get(\"message\", \"\")\n        screen: str = response.get(\"screen\", \"\")\n        stacktrace = None\n        if isinstance(status, int):\n            value_json = response.get(\"value\", None)\n            if value_json and isinstance(value_json, str):\n                import json\n    \n                try:\n                    value = json.loads(value_json)\n                    if len(value) == 1:\n                        value = value[\"value\"]\n                    status = value.get(\"error\", None)\n                    if not status:\n                        status = value.get(\"status\", ErrorCode.UNKNOWN_ERROR)\n                        message = value.get(\"value\") or value.get(\"message\")\n                        if not isinstance(message, str):\n                            value = message\n                            message = message.get(\"message\")\n                    else:\n                        message = value.get(\"message\", None)\n                except ValueError:\n                    pass\n    \n        exception_class: Type[WebDriverException]\n        if status in ErrorCode.NO_SUCH_ELEMENT:\n            exception_class = NoSuchElementException\n        elif status in ErrorCode.NO_SUCH_FRAME:\n            exception_class = NoSuchFrameException\n        elif status in ErrorCode.NO_SUCH_SHADOW_ROOT:\n            exception_class = NoSuchShadowRootException\n        elif status in ErrorCode.NO_SUCH_WINDOW:\n            exception_class = NoSuchWindowException\n        elif status in ErrorCode.STALE_ELEMENT_REFERENCE:\n            exception_class = StaleElementReferenceException\n        elif status in ErrorCode.ELEMENT_NOT_VISIBLE:\n            exception_class = ElementNotVisibleException\n        elif status in ErrorCode.INVALID_ELEMENT_STATE:\n            exception_class = InvalidElementStateException\n        elif (\n            status in ErrorCode.INVALID_SELECTOR\n            or status in ErrorCode.INVALID_XPATH_SELECTOR\n            or status in ErrorCode.INVALID_XPATH_SELECTOR_RETURN_TYPER\n        ):\n            exception_class = InvalidSelectorException\n        elif status in ErrorCode.ELEMENT_IS_NOT_SELECTABLE:\n            exception_class = ElementNotSelectableException\n        elif status in ErrorCode.ELEMENT_NOT_INTERACTABLE:\n            exception_class = ElementNotInteractableException\n        elif status in ErrorCode.INVALID_COOKIE_DOMAIN:\n            exception_class = InvalidCookieDomainException\n        elif status in ErrorCode.UNABLE_TO_SET_COOKIE:\n            exception_class = UnableToSetCookieException\n        elif status in ErrorCode.TIMEOUT:\n            exception_class = TimeoutException\n        elif status in ErrorCode.SCRIPT_TIMEOUT:\n            exception_class = TimeoutException\n        elif status in ErrorCode.UNKNOWN_ERROR:\n            exception_class = WebDriverException\n        elif status in ErrorCode.UNEXPECTED_ALERT_OPEN:\n            exception_class = UnexpectedAlertPresentException\n        elif status in ErrorCode.NO_ALERT_OPEN:\n            exception_class = NoAlertPresentException\n        elif status in ErrorCode.IME_NOT_AVAILABLE:\n            exception_class = ImeNotAvailableException\n        elif status in ErrorCode.IME_ENGINE_ACTIVATION_FAILED:\n            exception_class = ImeActivationFailedException\n        elif status in ErrorCode.MOVE_TARGET_OUT_OF_BOUNDS:\n            exception_class = MoveTargetOutOfBoundsException\n        elif status in ErrorCode.JAVASCRIPT_ERROR:\n            exception_class = JavascriptException\n        elif status in ErrorCode.SESSION_NOT_CREATED:\n            exception_class = SessionNotCreatedException\n        elif status in ErrorCode.INVALID_ARGUMENT:\n            exception_class = InvalidArgumentException\n        elif status in ErrorCode.NO_SUCH_COOKIE:\n            exception_class = NoSuchCookieException\n        elif status in ErrorCode.UNABLE_TO_CAPTURE_SCREEN:\n            exception_class = ScreenshotException\n        elif status in ErrorCode.ELEMENT_CLICK_INTERCEPTED:\n            exception_class = ElementClickInterceptedException\n        elif status in ErrorCode.INSECURE_CERTIFICATE:\n            exception_class = InsecureCertificateException\n        elif status in ErrorCode.INVALID_COORDINATES:\n            exception_class = InvalidCoordinatesException\n        elif status in ErrorCode.INVALID_SESSION_ID:\n            exception_class = InvalidSessionIdException\n        elif status in ErrorCode.UNKNOWN_METHOD:\n            exception_class = UnknownMethodException\n        else:\n            exception_class = WebDriverException\n        if not value:\n            value = response[\"value\"]\n        if isinstance(value, str):\n            raise exception_class(value)\n        if message == \"\" and \"message\" in value:\n            message = value[\"message\"]\n    \n        screen = None  # type: ignore[assignment]\n        if \"screen\" in value:\n            screen = value[\"screen\"]\n    \n        stacktrace = None\n        st_value = value.get(\"stackTrace\") or value.get(\"stacktrace\")\n        if st_value:\n            if isinstance(st_value, str):\n                stacktrace = st_value.split(\"\\n\")\n            else:\n                stacktrace = []\n                try:\n                    for frame in st_value:\n                        line = frame.get(\"lineNumber\", \"\")\n                        file = frame.get(\"fileName\", \"<anonymous>\")\n                        if line:\n                            file = f\"{file}:{line}\"\n                        meth = frame.get(\"methodName\", \"<anonymous>\")\n                        if \"className\" in frame:\n                            meth = f\"{frame['className']}.{meth}\"\n                        msg = \"    at %s (%s)\"\n                        msg = msg % (meth, file)\n                        stacktrace.append(msg)\n                except TypeError:\n                    pass\n        if exception_class == UnexpectedAlertPresentException:\n            alert_text = None\n            if \"data\" in value:\n                alert_text = value[\"data\"].get(\"text\")\n            elif \"alert\" in value:\n                alert_text = value[\"alert\"].get(\"text\")\n            raise exception_class(message, screen, stacktrace, alert_text)  # type: ignore[call-arg]  # mypy is not smart enough here\n>       raise exception_class(message, screen, stacktrace)\nE       selenium.common.exceptions.NoSuchElementException: Message: no such element: Unable to locate element: {\"method\":\"xpath\",\"selector\":\"(//a[@href='/dostavka'])[3]\"}\nE         (Session info: headless chrome=116.0.5845.96); For documentation on this error, please visit: https://www.selenium.dev/documentation/webdriver/troubleshooting/errors#no-such-element-exception\nE       Stacktrace:\nE       #0 0x55c46e072e23 <unknown>\nE       #1 0x55c46dd9b7a7 <unknown>\nE       #2 0x55c46ddda1d3 <unknown>\nE       #3 0x55c46ddda2c1 <unknown>\nE       #4 0x55c46de15a04 <unknown>\nE       #5 0x55c46ddfb03d <unknown>\nE       #6 0x55c46de13369 <unknown>\nE       #7 0x55c46ddfade3 <unknown>\nE       #8 0x55c46ddcea7b <unknown>\nE       #9 0x55c46ddcf81e <unknown>\nE       #10 0x55c46e034638 <unknown>\nE       #11 0x55c46e038507 <unknown>\nE       #12 0x55c46e042c4c <unknown>\nE       #13 0x55c46e039136 <unknown>\nE       #14 0x55c46e0079cf <unknown>\nE       #15 0x55c46e05cb98 <unknown>\nE       #16 0x55c46e05cd68 <unknown>\nE       #17 0x55c46e06bcb3 <unknown>\nE       #18 0x7fb7bb923044 <unknown>\n\n/usr/local/lib/python3.11/site-packages/selenium/webdriver/remote/errorhandler.py:245: NoSuchElementException","steps":[{"name":"Проверка функциональности ссылки 'Доставка'","time":{"start":1692751706611,"stop":1692751706627,"duration":16},"status":"broken","statusMessage":"selenium.common.exceptions.NoSuchElementException: Message: no such element: Unable to locate element: {\"method\":\"xpath\",\"selector\":\"(//a[@href='/dostavka'])[3]\"}\n  (Session info: headless chrome=116.0.5845.96); For documentation on this error, please visit: https://www.selenium.dev/documentation/webdriver/troubleshooting/errors#no-such-element-exception\nStacktrace:\n#0 0x55c46e072e23 <unknown>\n#1 0x55c46dd9b7a7 <unknown>\n#2 0x55c46ddda1d3 <unknown>\n#3 0x55c46ddda2c1 <unknown>\n#4 0x55c46de15a04 <unknown>\n#5 0x55c46ddfb03d <unknown>\n#6 0x55c46de13369 <unknown>\n#7 0x55c46ddfade3 <unknown>\n#8 0x55c46ddcea7b <unknown>\n#9 0x55c46ddcf81e <unknown>\n#10 0x55c46e034638 <unknown>\n#11 0x55c46e038507 <unknown>\n#12 0x55c46e042c4c <unknown>\n#13 0x55c46e039136 <unknown>\n#14 0x55c46e0079cf <unknown>\n#15 0x55c46e05cb98 <unknown>\n#16 0x55c46e05cd68 <unknown>\n#17 0x55c46e06bcb3 <unknown>\n#18 0x7fb7bb923044 <unknown>\n\n","statusTrace":"  File \"/usr/local/lib/python3.11/site-packages/allure_commons/_allure.py\", line 192, in impl\n    return func(*a, **kw)\n           ^^^^^^^^^^^^^^\n  File \"/app/pages/main_page.py\", line 130, in check_delivery_link\n    self.driver.find_element(*self._delivery_link).click()\n    ^^^^^^^^^^^^^^^^^^^^^^^^^^^^^^^^^^^^^^^^^^^^^^\n  File \"/usr/local/lib/python3.11/site-packages/selenium/webdriver/remote/webdriver.py\", line 740, in find_element\n    return self.execute(Command.FIND_ELEMENT, {\"using\": by, \"value\": value})[\"value\"]\n           ^^^^^^^^^^^^^^^^^^^^^^^^^^^^^^^^^^^^^^^^^^^^^^^^^^^^^^^^^^^^^^^^^\n  File \"/usr/local/lib/python3.11/site-packages/selenium/webdriver/remote/webdriver.py\", line 346, in execute\n    self.error_handler.check_response(response)\n  File \"/usr/local/lib/python3.11/site-packages/selenium/webdriver/remote/errorhandler.py\", line 245, in check_response\n    raise exception_class(message, screen, stacktrace)\n","steps":[],"attachments":[],"parameters":[],"stepsCount":0,"attachmentsCount":0,"shouldDisplayMessage":true,"hasContent":true}],"attachments":[{"uid":"be525674cbc304b1","name":"Screenshot","source":"be525674cbc304b1.png","type":"image/png","size":324544},{"uid":"f2680c3eb86aa624","name":"HTML source","source":"f2680c3eb86aa624.html","type":"text/html","size":375453}],"parameters":[],"stepsCount":1,"attachmentsCount":2,"shouldDisplayMessage":true,"hasContent":true},"afterStages":[{"name":"setup::0","time":{"start":1692751706850,"stop":1692751706850,"duration":0},"status":"passed","steps":[],"attachments":[],"parameters":[],"stepsCount":0,"attachmentsCount":0,"shouldDisplayMessage":false,"hasContent":false},{"name":"driver::0","time":{"start":1692751706850,"stop":1692751706919,"duration":69},"status":"passed","steps":[],"attachments":[],"parameters":[],"stepsCount":0,"attachmentsCount":0,"shouldDisplayMessage":false,"hasContent":false}],"labels":[{"name":"epic","value":"Main Page"},{"name":"feature","value":"Footer functionality"},{"name":"tag","value":"smoke_test"},{"name":"parentSuite","value":"tests"},{"name":"suite","value":"test_main_page"},{"name":"subSuite","value":"TestMainPage"},{"name":"host","value":"7a62d9616f5d"},{"name":"thread","value":"1-MainThread"},{"name":"framework","value":"pytest"},{"name":"language","value":"cpython3"},{"name":"package","value":"tests.test_main_page"},{"name":"resultFormat","value":"allure2"}],"parameters":[{"name":"url","value":"'https://test2.stroyrem-nn.ru/'"}],"links":[],"hidden":false,"retry":false,"extra":{"severity":"normal","retries":[],"categories":[{"name":"Test defects","matchedStatuses":[],"flaky":false}],"history":{"statistic":{"failed":0,"broken":2,"skipped":0,"passed":26,"unknown":0,"total":28},"items":[{"uid":"1bc6ec7502d17276","reportUrl":"https://Nat754.github.io/StroyremAutomation/34//#testresult/1bc6ec7502d17276","status":"broken","statusDetails":"selenium.common.exceptions.NoSuchElementException: Message: no such element: Unable to locate element: {\"method\":\"xpath\",\"selector\":\"(//a[@href='/dostavka'])[3]\"}\n  (Session info: headless chrome=116.0.5845.96); For documentation on this error, please visit: https://www.selenium.dev/documentation/webdriver/troubleshooting/errors#no-such-element-exception\nStacktrace:\n#0 0x5630553cde23 <unknown>\n#1 0x5630550f67a7 <unknown>\n#2 0x5630551351d3 <unknown>\n#3 0x5630551352c1 <unknown>\n#4 0x563055170a04 <unknown>\n#5 0x56305515603d <unknown>\n#6 0x56305516e369 <unknown>\n#7 0x563055155de3 <unknown>\n#8 0x563055129a7b <unknown>\n#9 0x56305512a81e <unknown>\n#10 0x56305538f638 <unknown>\n#11 0x563055393507 <unknown>\n#12 0x56305539dc4c <unknown>\n#13 0x563055394136 <unknown>\n#14 0x5630553629cf <unknown>\n#15 0x5630553b7b98 <unknown>\n#16 0x5630553b7d68 <unknown>\n#17 0x5630553c6cb3 <unknown>\n#18 0x7f07c3a33044 <unknown>","time":{"start":1692723691106,"stop":1692723691128,"duration":22}},{"uid":"61ed176ab28567e8","reportUrl":"https://Nat754.github.io/StroyremAutomation/34//#testresult/61ed176ab28567e8","status":"passed","time":{"start":1692720824476,"stop":1692720826592,"duration":2116}},{"uid":"b1249fe0b5e666ac","reportUrl":"https://Nat754.github.io/StroyremAutomation/34//#testresult/b1249fe0b5e666ac","status":"passed","time":{"start":1692717838453,"stop":1692717840993,"duration":2540}},{"uid":"f7cb3b1a3a03a407","reportUrl":"https://Nat754.github.io/StroyremAutomation/34//#testresult/f7cb3b1a3a03a407","status":"passed","time":{"start":1692665324693,"stop":1692665326629,"duration":1936}},{"uid":"c24f580cc79f8d50","reportUrl":"https://Nat754.github.io/StroyremAutomation/33//#testresult/c24f580cc79f8d50","status":"passed","time":{"start":1692578922579,"stop":1692578924535,"duration":1956}},{"uid":"f9d2e5481a96240d","reportUrl":"https://Nat754.github.io/StroyremAutomation/31//#testresult/f9d2e5481a96240d","status":"passed","time":{"start":1692567192672,"stop":1692567194999,"duration":2327}},{"uid":"c27437bf9997714d","reportUrl":"https://Nat754.github.io/StroyremAutomation/32//#testresult/c27437bf9997714d","status":"passed","time":{"start":1692565400202,"stop":1692565402153,"duration":1951}},{"uid":"5363ee1c01805aa8","reportUrl":"https://Nat754.github.io/StroyremAutomation/27//#testresult/5363ee1c01805aa8","status":"passed","time":{"start":1692060560121,"stop":1692060562051,"duration":1930}},{"uid":"70e1582c120d0054","reportUrl":"https://Nat754.github.io/StroyremAutomation/26//#testresult/70e1582c120d0054","status":"passed","time":{"start":1691974157591,"stop":1691974159251,"duration":1660}},{"uid":"8ebce66547639fc9","reportUrl":"https://Nat754.github.io/StroyremAutomation/25//#testresult/8ebce66547639fc9","status":"passed","time":{"start":1691887827711,"stop":1691887829226,"duration":1515}},{"uid":"48f971f82bbf0cc0","reportUrl":"https://Nat754.github.io/StroyremAutomation/24//#testresult/48f971f82bbf0cc0","status":"passed","time":{"start":1691801188722,"stop":1691801190210,"duration":1488}},{"uid":"8fe69c305e2c157","reportUrl":"https://Nat754.github.io/StroyremAutomation/23//#testresult/8fe69c305e2c157","status":"passed","time":{"start":1691714841565,"stop":1691714843244,"duration":1679}},{"uid":"35bf7d1f4f09f8b6","reportUrl":"https://Nat754.github.io/StroyremAutomation/22//#testresult/35bf7d1f4f09f8b6","status":"passed","time":{"start":1691629187883,"stop":1691629189439,"duration":1556}},{"uid":"6957be8ec8794a17","reportUrl":"https://Nat754.github.io/StroyremAutomation/21//#testresult/6957be8ec8794a17","status":"passed","time":{"start":1691542750780,"stop":1691542752605,"duration":1825}},{"uid":"92306d37df9dfc21","reportUrl":"https://Nat754.github.io/StroyremAutomation/20//#testresult/92306d37df9dfc21","status":"passed","time":{"start":1691456323090,"stop":1691456324856,"duration":1766}},{"uid":"f54ee51382ed330d","reportUrl":"https://Nat754.github.io/StroyremAutomation/19//#testresult/f54ee51382ed330d","status":"passed","time":{"start":1691370065941,"stop":1691370067930,"duration":1989}},{"uid":"30927b5b28b8ac02","reportUrl":"https://Nat754.github.io/StroyremAutomation/18//#testresult/30927b5b28b8ac02","status":"passed","time":{"start":1691283263511,"stop":1691283265052,"duration":1541}},{"uid":"a34d4eb65155de48","reportUrl":"https://Nat754.github.io/StroyremAutomation/17//#testresult/a34d4eb65155de48","status":"passed","time":{"start":1691197034877,"stop":1691197036490,"duration":1613}},{"uid":"a26b2901fcaa9bfc","reportUrl":"https://Nat754.github.io/StroyremAutomation/16//#testresult/a26b2901fcaa9bfc","status":"passed","time":{"start":1691110844755,"stop":1691110846392,"duration":1637}},{"uid":"d39db57da3fe99dd","reportUrl":"https://Nat754.github.io/StroyremAutomation/15//#testresult/d39db57da3fe99dd","status":"passed","time":{"start":1691024410923,"stop":1691024412527,"duration":1604}}]},"tags":["smoke_test"]},"source":"299884b535c6e03b.json","parameterValues":["'https://test2.stroyrem-nn.ru/'"]}