{"uid":"2abaf5deab451806","name":"TC 017 - Проверка функциональности ссылки 'Отзывы'","fullName":"tests.test_main_page.TestMainPage#test_positive_footer_reviews_smoke","historyId":"d9ed52a16c54f0848dec2065e85f77ae","time":{"start":1692751875121,"stop":1692751875138,"duration":17},"status":"skipped","statusMessage":"XFAIL При переходе на страницу отзывов может предложено пройти капчу\n\nselenium.common.exceptions.NoSuchElementException: Message: no such element: Unable to locate element: {\"method\":\"xpath\",\"selector\":\"(//a[contains(text(), 'Отзывы')])[3]\"}\n  (Session info: headless chrome=116.0.5845.96); For documentation on this error, please visit: https://www.selenium.dev/documentation/webdriver/troubleshooting/errors#no-such-element-exception\nStacktrace:\n#0 0x556b5ea24e23 <unknown>\n#1 0x556b5e74d7a7 <unknown>\n#2 0x556b5e78c1d3 <unknown>\n#3 0x556b5e78c2c1 <unknown>\n#4 0x556b5e7c7a04 <unknown>\n#5 0x556b5e7ad03d <unknown>\n#6 0x556b5e7c5369 <unknown>\n#7 0x556b5e7acde3 <unknown>\n#8 0x556b5e780a7b <unknown>\n#9 0x556b5e78181e <unknown>\n#10 0x556b5e9e6638 <unknown>\n#11 0x556b5e9ea507 <unknown>\n#12 0x556b5e9f4c4c <unknown>\n#13 0x556b5e9eb136 <unknown>\n#14 0x556b5e9b99cf <unknown>\n#15 0x556b5ea0eb98 <unknown>\n#16 0x556b5ea0ed68 <unknown>\n#17 0x556b5ea1dcb3 <unknown>\n#18 0x7f61fee6f044 <unknown>","statusTrace":"self = <tests.test_main_page.TestMainPage object at 0x7eff856df810>\nmain_page = <pages.main_page.MainPage object at 0x7eff85f3d6d0>\n\n    @allure.feature(\"Footer functionality\")\n    @allure.title(\"TC 017 - Проверка функциональности ссылки 'Отзывы'\")\n    @pytest.mark.xfail(reason=\"При переходе на страницу отзывов может предложено пройти капчу\")\n    @pytest.mark.smoke_test\n    def test_positive_footer_reviews_smoke(self, main_page):\n>       title = main_page.check_reviews_link()\n\ntests/test_main_page.py:152: \n_ _ _ _ _ _ _ _ _ _ _ _ _ _ _ _ _ _ _ _ _ _ _ _ _ _ _ _ _ _ _ _ _ _ _ _ _ _ _ _ \npages/main_page.py:180: in check_reviews_link\n    self.driver.find_element(*self._reviews_link).click()\n/usr/local/lib/python3.11/site-packages/selenium/webdriver/remote/webdriver.py:740: in find_element\n    return self.execute(Command.FIND_ELEMENT, {\"using\": by, \"value\": value})[\"value\"]\n/usr/local/lib/python3.11/site-packages/selenium/webdriver/remote/webdriver.py:346: in execute\n    self.error_handler.check_response(response)\n_ _ _ _ _ _ _ _ _ _ _ _ _ _ _ _ _ _ _ _ _ _ _ _ _ _ _ _ _ _ _ _ _ _ _ _ _ _ _ _ \n\nself = <selenium.webdriver.remote.errorhandler.ErrorHandler object at 0x7eff850cbfd0>\nresponse = {'status': 404, 'value': '{\"value\":{\"error\":\"no such element\",\"message\":\"no such element: Unable to locate element: {\\...\\\\n#16 0x556b5ea0ed68 \\\\u003Cunknown>\\\\n#17 0x556b5ea1dcb3 \\\\u003Cunknown>\\\\n#18 0x7f61fee6f044 \\\\u003Cunknown>\\\\n\"}}'}\n\n    def check_response(self, response: Dict[str, Any]) -> None:\n        \"\"\"Checks that a JSON response from the WebDriver does not have an\n        error.\n    \n        :Args:\n         - response - The JSON response from the WebDriver server as a dictionary\n           object.\n    \n        :Raises: If the response contains an error message.\n        \"\"\"\n        status = response.get(\"status\", None)\n        if not status or status == ErrorCode.SUCCESS:\n            return\n        value = None\n        message = response.get(\"message\", \"\")\n        screen: str = response.get(\"screen\", \"\")\n        stacktrace = None\n        if isinstance(status, int):\n            value_json = response.get(\"value\", None)\n            if value_json and isinstance(value_json, str):\n                import json\n    \n                try:\n                    value = json.loads(value_json)\n                    if len(value) == 1:\n                        value = value[\"value\"]\n                    status = value.get(\"error\", None)\n                    if not status:\n                        status = value.get(\"status\", ErrorCode.UNKNOWN_ERROR)\n                        message = value.get(\"value\") or value.get(\"message\")\n                        if not isinstance(message, str):\n                            value = message\n                            message = message.get(\"message\")\n                    else:\n                        message = value.get(\"message\", None)\n                except ValueError:\n                    pass\n    \n        exception_class: Type[WebDriverException]\n        if status in ErrorCode.NO_SUCH_ELEMENT:\n            exception_class = NoSuchElementException\n        elif status in ErrorCode.NO_SUCH_FRAME:\n            exception_class = NoSuchFrameException\n        elif status in ErrorCode.NO_SUCH_SHADOW_ROOT:\n            exception_class = NoSuchShadowRootException\n        elif status in ErrorCode.NO_SUCH_WINDOW:\n            exception_class = NoSuchWindowException\n        elif status in ErrorCode.STALE_ELEMENT_REFERENCE:\n            exception_class = StaleElementReferenceException\n        elif status in ErrorCode.ELEMENT_NOT_VISIBLE:\n            exception_class = ElementNotVisibleException\n        elif status in ErrorCode.INVALID_ELEMENT_STATE:\n            exception_class = InvalidElementStateException\n        elif (\n            status in ErrorCode.INVALID_SELECTOR\n            or status in ErrorCode.INVALID_XPATH_SELECTOR\n            or status in ErrorCode.INVALID_XPATH_SELECTOR_RETURN_TYPER\n        ):\n            exception_class = InvalidSelectorException\n        elif status in ErrorCode.ELEMENT_IS_NOT_SELECTABLE:\n            exception_class = ElementNotSelectableException\n        elif status in ErrorCode.ELEMENT_NOT_INTERACTABLE:\n            exception_class = ElementNotInteractableException\n        elif status in ErrorCode.INVALID_COOKIE_DOMAIN:\n            exception_class = InvalidCookieDomainException\n        elif status in ErrorCode.UNABLE_TO_SET_COOKIE:\n            exception_class = UnableToSetCookieException\n        elif status in ErrorCode.TIMEOUT:\n            exception_class = TimeoutException\n        elif status in ErrorCode.SCRIPT_TIMEOUT:\n            exception_class = TimeoutException\n        elif status in ErrorCode.UNKNOWN_ERROR:\n            exception_class = WebDriverException\n        elif status in ErrorCode.UNEXPECTED_ALERT_OPEN:\n            exception_class = UnexpectedAlertPresentException\n        elif status in ErrorCode.NO_ALERT_OPEN:\n            exception_class = NoAlertPresentException\n        elif status in ErrorCode.IME_NOT_AVAILABLE:\n            exception_class = ImeNotAvailableException\n        elif status in ErrorCode.IME_ENGINE_ACTIVATION_FAILED:\n            exception_class = ImeActivationFailedException\n        elif status in ErrorCode.MOVE_TARGET_OUT_OF_BOUNDS:\n            exception_class = MoveTargetOutOfBoundsException\n        elif status in ErrorCode.JAVASCRIPT_ERROR:\n            exception_class = JavascriptException\n        elif status in ErrorCode.SESSION_NOT_CREATED:\n            exception_class = SessionNotCreatedException\n        elif status in ErrorCode.INVALID_ARGUMENT:\n            exception_class = InvalidArgumentException\n        elif status in ErrorCode.NO_SUCH_COOKIE:\n            exception_class = NoSuchCookieException\n        elif status in ErrorCode.UNABLE_TO_CAPTURE_SCREEN:\n            exception_class = ScreenshotException\n        elif status in ErrorCode.ELEMENT_CLICK_INTERCEPTED:\n            exception_class = ElementClickInterceptedException\n        elif status in ErrorCode.INSECURE_CERTIFICATE:\n            exception_class = InsecureCertificateException\n        elif status in ErrorCode.INVALID_COORDINATES:\n            exception_class = InvalidCoordinatesException\n        elif status in ErrorCode.INVALID_SESSION_ID:\n            exception_class = InvalidSessionIdException\n        elif status in ErrorCode.UNKNOWN_METHOD:\n            exception_class = UnknownMethodException\n        else:\n            exception_class = WebDriverException\n        if not value:\n            value = response[\"value\"]\n        if isinstance(value, str):\n            raise exception_class(value)\n        if message == \"\" and \"message\" in value:\n            message = value[\"message\"]\n    \n        screen = None  # type: ignore[assignment]\n        if \"screen\" in value:\n            screen = value[\"screen\"]\n    \n        stacktrace = None\n        st_value = value.get(\"stackTrace\") or value.get(\"stacktrace\")\n        if st_value:\n            if isinstance(st_value, str):\n                stacktrace = st_value.split(\"\\n\")\n            else:\n                stacktrace = []\n                try:\n                    for frame in st_value:\n                        line = frame.get(\"lineNumber\", \"\")\n                        file = frame.get(\"fileName\", \"<anonymous>\")\n                        if line:\n                            file = f\"{file}:{line}\"\n                        meth = frame.get(\"methodName\", \"<anonymous>\")\n                        if \"className\" in frame:\n                            meth = f\"{frame['className']}.{meth}\"\n                        msg = \"    at %s (%s)\"\n                        msg = msg % (meth, file)\n                        stacktrace.append(msg)\n                except TypeError:\n                    pass\n        if exception_class == UnexpectedAlertPresentException:\n            alert_text = None\n            if \"data\" in value:\n                alert_text = value[\"data\"].get(\"text\")\n            elif \"alert\" in value:\n                alert_text = value[\"alert\"].get(\"text\")\n            raise exception_class(message, screen, stacktrace, alert_text)  # type: ignore[call-arg]  # mypy is not smart enough here\n>       raise exception_class(message, screen, stacktrace)\nE       selenium.common.exceptions.NoSuchElementException: Message: no such element: Unable to locate element: {\"method\":\"xpath\",\"selector\":\"(//a[contains(text(), 'Отзывы')])[3]\"}\nE         (Session info: headless chrome=116.0.5845.96); For documentation on this error, please visit: https://www.selenium.dev/documentation/webdriver/troubleshooting/errors#no-such-element-exception\nE       Stacktrace:\nE       #0 0x556b5ea24e23 <unknown>\nE       #1 0x556b5e74d7a7 <unknown>\nE       #2 0x556b5e78c1d3 <unknown>\nE       #3 0x556b5e78c2c1 <unknown>\nE       #4 0x556b5e7c7a04 <unknown>\nE       #5 0x556b5e7ad03d <unknown>\nE       #6 0x556b5e7c5369 <unknown>\nE       #7 0x556b5e7acde3 <unknown>\nE       #8 0x556b5e780a7b <unknown>\nE       #9 0x556b5e78181e <unknown>\nE       #10 0x556b5e9e6638 <unknown>\nE       #11 0x556b5e9ea507 <unknown>\nE       #12 0x556b5e9f4c4c <unknown>\nE       #13 0x556b5e9eb136 <unknown>\nE       #14 0x556b5e9b99cf <unknown>\nE       #15 0x556b5ea0eb98 <unknown>\nE       #16 0x556b5ea0ed68 <unknown>\nE       #17 0x556b5ea1dcb3 <unknown>\nE       #18 0x7f61fee6f044 <unknown>\n\n/usr/local/lib/python3.11/site-packages/selenium/webdriver/remote/errorhandler.py:245: NoSuchElementException","flaky":false,"newFailed":false,"newBroken":false,"newPassed":false,"retriesCount":0,"retriesStatusChange":false,"beforeStages":[{"name":"_session_faker","time":{"start":1692751498751,"stop":1692751498816,"duration":65},"status":"passed","steps":[],"attachments":[],"parameters":[],"stepsCount":0,"attachmentsCount":0,"shouldDisplayMessage":false,"hasContent":false},{"name":"clear_allure_results_folder","time":{"start":1692751498816,"stop":1692751498816,"duration":0},"status":"passed","steps":[],"attachments":[],"parameters":[],"stepsCount":0,"attachmentsCount":0,"shouldDisplayMessage":false,"hasContent":false},{"name":"driver","time":{"start":1692751866166,"stop":1692751866926,"duration":760},"status":"passed","steps":[],"attachments":[],"parameters":[],"stepsCount":0,"attachmentsCount":0,"shouldDisplayMessage":false,"hasContent":false},{"name":"main_page","time":{"start":1692751866926,"stop":1692751875120,"duration":8194},"status":"passed","steps":[],"attachments":[],"parameters":[],"stepsCount":0,"attachmentsCount":0,"shouldDisplayMessage":false,"hasContent":false},{"name":"setup","time":{"start":1692751866926,"stop":1692751866926,"duration":0},"status":"passed","steps":[],"attachments":[],"parameters":[],"stepsCount":0,"attachmentsCount":0,"shouldDisplayMessage":false,"hasContent":false}],"testStage":{"status":"skipped","statusMessage":"XFAIL При переходе на страницу отзывов может предложено пройти капчу\n\nselenium.common.exceptions.NoSuchElementException: Message: no such element: Unable to locate element: {\"method\":\"xpath\",\"selector\":\"(//a[contains(text(), 'Отзывы')])[3]\"}\n  (Session info: headless chrome=116.0.5845.96); For documentation on this error, please visit: https://www.selenium.dev/documentation/webdriver/troubleshooting/errors#no-such-element-exception\nStacktrace:\n#0 0x556b5ea24e23 <unknown>\n#1 0x556b5e74d7a7 <unknown>\n#2 0x556b5e78c1d3 <unknown>\n#3 0x556b5e78c2c1 <unknown>\n#4 0x556b5e7c7a04 <unknown>\n#5 0x556b5e7ad03d <unknown>\n#6 0x556b5e7c5369 <unknown>\n#7 0x556b5e7acde3 <unknown>\n#8 0x556b5e780a7b <unknown>\n#9 0x556b5e78181e <unknown>\n#10 0x556b5e9e6638 <unknown>\n#11 0x556b5e9ea507 <unknown>\n#12 0x556b5e9f4c4c <unknown>\n#13 0x556b5e9eb136 <unknown>\n#14 0x556b5e9b99cf <unknown>\n#15 0x556b5ea0eb98 <unknown>\n#16 0x556b5ea0ed68 <unknown>\n#17 0x556b5ea1dcb3 <unknown>\n#18 0x7f61fee6f044 <unknown>","statusTrace":"self = <tests.test_main_page.TestMainPage object at 0x7eff856df810>\nmain_page = <pages.main_page.MainPage object at 0x7eff85f3d6d0>\n\n    @allure.feature(\"Footer functionality\")\n    @allure.title(\"TC 017 - Проверка функциональности ссылки 'Отзывы'\")\n    @pytest.mark.xfail(reason=\"При переходе на страницу отзывов может предложено пройти капчу\")\n    @pytest.mark.smoke_test\n    def test_positive_footer_reviews_smoke(self, main_page):\n>       title = main_page.check_reviews_link()\n\ntests/test_main_page.py:152: \n_ _ _ _ _ _ _ _ _ _ _ _ _ _ _ _ _ _ _ _ _ _ _ _ _ _ _ _ _ _ _ _ _ _ _ _ _ _ _ _ \npages/main_page.py:180: in check_reviews_link\n    self.driver.find_element(*self._reviews_link).click()\n/usr/local/lib/python3.11/site-packages/selenium/webdriver/remote/webdriver.py:740: in find_element\n    return self.execute(Command.FIND_ELEMENT, {\"using\": by, \"value\": value})[\"value\"]\n/usr/local/lib/python3.11/site-packages/selenium/webdriver/remote/webdriver.py:346: in execute\n    self.error_handler.check_response(response)\n_ _ _ _ _ _ _ _ _ _ _ _ _ _ _ _ _ _ _ _ _ _ _ _ _ _ _ _ _ _ _ _ _ _ _ _ _ _ _ _ \n\nself = <selenium.webdriver.remote.errorhandler.ErrorHandler object at 0x7eff850cbfd0>\nresponse = {'status': 404, 'value': '{\"value\":{\"error\":\"no such element\",\"message\":\"no such element: Unable to locate element: {\\...\\\\n#16 0x556b5ea0ed68 \\\\u003Cunknown>\\\\n#17 0x556b5ea1dcb3 \\\\u003Cunknown>\\\\n#18 0x7f61fee6f044 \\\\u003Cunknown>\\\\n\"}}'}\n\n    def check_response(self, response: Dict[str, Any]) -> None:\n        \"\"\"Checks that a JSON response from the WebDriver does not have an\n        error.\n    \n        :Args:\n         - response - The JSON response from the WebDriver server as a dictionary\n           object.\n    \n        :Raises: If the response contains an error message.\n        \"\"\"\n        status = response.get(\"status\", None)\n        if not status or status == ErrorCode.SUCCESS:\n            return\n        value = None\n        message = response.get(\"message\", \"\")\n        screen: str = response.get(\"screen\", \"\")\n        stacktrace = None\n        if isinstance(status, int):\n            value_json = response.get(\"value\", None)\n            if value_json and isinstance(value_json, str):\n                import json\n    \n                try:\n                    value = json.loads(value_json)\n                    if len(value) == 1:\n                        value = value[\"value\"]\n                    status = value.get(\"error\", None)\n                    if not status:\n                        status = value.get(\"status\", ErrorCode.UNKNOWN_ERROR)\n                        message = value.get(\"value\") or value.get(\"message\")\n                        if not isinstance(message, str):\n                            value = message\n                            message = message.get(\"message\")\n                    else:\n                        message = value.get(\"message\", None)\n                except ValueError:\n                    pass\n    \n        exception_class: Type[WebDriverException]\n        if status in ErrorCode.NO_SUCH_ELEMENT:\n            exception_class = NoSuchElementException\n        elif status in ErrorCode.NO_SUCH_FRAME:\n            exception_class = NoSuchFrameException\n        elif status in ErrorCode.NO_SUCH_SHADOW_ROOT:\n            exception_class = NoSuchShadowRootException\n        elif status in ErrorCode.NO_SUCH_WINDOW:\n            exception_class = NoSuchWindowException\n        elif status in ErrorCode.STALE_ELEMENT_REFERENCE:\n            exception_class = StaleElementReferenceException\n        elif status in ErrorCode.ELEMENT_NOT_VISIBLE:\n            exception_class = ElementNotVisibleException\n        elif status in ErrorCode.INVALID_ELEMENT_STATE:\n            exception_class = InvalidElementStateException\n        elif (\n            status in ErrorCode.INVALID_SELECTOR\n            or status in ErrorCode.INVALID_XPATH_SELECTOR\n            or status in ErrorCode.INVALID_XPATH_SELECTOR_RETURN_TYPER\n        ):\n            exception_class = InvalidSelectorException\n        elif status in ErrorCode.ELEMENT_IS_NOT_SELECTABLE:\n            exception_class = ElementNotSelectableException\n        elif status in ErrorCode.ELEMENT_NOT_INTERACTABLE:\n            exception_class = ElementNotInteractableException\n        elif status in ErrorCode.INVALID_COOKIE_DOMAIN:\n            exception_class = InvalidCookieDomainException\n        elif status in ErrorCode.UNABLE_TO_SET_COOKIE:\n            exception_class = UnableToSetCookieException\n        elif status in ErrorCode.TIMEOUT:\n            exception_class = TimeoutException\n        elif status in ErrorCode.SCRIPT_TIMEOUT:\n            exception_class = TimeoutException\n        elif status in ErrorCode.UNKNOWN_ERROR:\n            exception_class = WebDriverException\n        elif status in ErrorCode.UNEXPECTED_ALERT_OPEN:\n            exception_class = UnexpectedAlertPresentException\n        elif status in ErrorCode.NO_ALERT_OPEN:\n            exception_class = NoAlertPresentException\n        elif status in ErrorCode.IME_NOT_AVAILABLE:\n            exception_class = ImeNotAvailableException\n        elif status in ErrorCode.IME_ENGINE_ACTIVATION_FAILED:\n            exception_class = ImeActivationFailedException\n        elif status in ErrorCode.MOVE_TARGET_OUT_OF_BOUNDS:\n            exception_class = MoveTargetOutOfBoundsException\n        elif status in ErrorCode.JAVASCRIPT_ERROR:\n            exception_class = JavascriptException\n        elif status in ErrorCode.SESSION_NOT_CREATED:\n            exception_class = SessionNotCreatedException\n        elif status in ErrorCode.INVALID_ARGUMENT:\n            exception_class = InvalidArgumentException\n        elif status in ErrorCode.NO_SUCH_COOKIE:\n            exception_class = NoSuchCookieException\n        elif status in ErrorCode.UNABLE_TO_CAPTURE_SCREEN:\n            exception_class = ScreenshotException\n        elif status in ErrorCode.ELEMENT_CLICK_INTERCEPTED:\n            exception_class = ElementClickInterceptedException\n        elif status in ErrorCode.INSECURE_CERTIFICATE:\n            exception_class = InsecureCertificateException\n        elif status in ErrorCode.INVALID_COORDINATES:\n            exception_class = InvalidCoordinatesException\n        elif status in ErrorCode.INVALID_SESSION_ID:\n            exception_class = InvalidSessionIdException\n        elif status in ErrorCode.UNKNOWN_METHOD:\n            exception_class = UnknownMethodException\n        else:\n            exception_class = WebDriverException\n        if not value:\n            value = response[\"value\"]\n        if isinstance(value, str):\n            raise exception_class(value)\n        if message == \"\" and \"message\" in value:\n            message = value[\"message\"]\n    \n        screen = None  # type: ignore[assignment]\n        if \"screen\" in value:\n            screen = value[\"screen\"]\n    \n        stacktrace = None\n        st_value = value.get(\"stackTrace\") or value.get(\"stacktrace\")\n        if st_value:\n            if isinstance(st_value, str):\n                stacktrace = st_value.split(\"\\n\")\n            else:\n                stacktrace = []\n                try:\n                    for frame in st_value:\n                        line = frame.get(\"lineNumber\", \"\")\n                        file = frame.get(\"fileName\", \"<anonymous>\")\n                        if line:\n                            file = f\"{file}:{line}\"\n                        meth = frame.get(\"methodName\", \"<anonymous>\")\n                        if \"className\" in frame:\n                            meth = f\"{frame['className']}.{meth}\"\n                        msg = \"    at %s (%s)\"\n                        msg = msg % (meth, file)\n                        stacktrace.append(msg)\n                except TypeError:\n                    pass\n        if exception_class == UnexpectedAlertPresentException:\n            alert_text = None\n            if \"data\" in value:\n                alert_text = value[\"data\"].get(\"text\")\n            elif \"alert\" in value:\n                alert_text = value[\"alert\"].get(\"text\")\n            raise exception_class(message, screen, stacktrace, alert_text)  # type: ignore[call-arg]  # mypy is not smart enough here\n>       raise exception_class(message, screen, stacktrace)\nE       selenium.common.exceptions.NoSuchElementException: Message: no such element: Unable to locate element: {\"method\":\"xpath\",\"selector\":\"(//a[contains(text(), 'Отзывы')])[3]\"}\nE         (Session info: headless chrome=116.0.5845.96); For documentation on this error, please visit: https://www.selenium.dev/documentation/webdriver/troubleshooting/errors#no-such-element-exception\nE       Stacktrace:\nE       #0 0x556b5ea24e23 <unknown>\nE       #1 0x556b5e74d7a7 <unknown>\nE       #2 0x556b5e78c1d3 <unknown>\nE       #3 0x556b5e78c2c1 <unknown>\nE       #4 0x556b5e7c7a04 <unknown>\nE       #5 0x556b5e7ad03d <unknown>\nE       #6 0x556b5e7c5369 <unknown>\nE       #7 0x556b5e7acde3 <unknown>\nE       #8 0x556b5e780a7b <unknown>\nE       #9 0x556b5e78181e <unknown>\nE       #10 0x556b5e9e6638 <unknown>\nE       #11 0x556b5e9ea507 <unknown>\nE       #12 0x556b5e9f4c4c <unknown>\nE       #13 0x556b5e9eb136 <unknown>\nE       #14 0x556b5e9b99cf <unknown>\nE       #15 0x556b5ea0eb98 <unknown>\nE       #16 0x556b5ea0ed68 <unknown>\nE       #17 0x556b5ea1dcb3 <unknown>\nE       #18 0x7f61fee6f044 <unknown>\n\n/usr/local/lib/python3.11/site-packages/selenium/webdriver/remote/errorhandler.py:245: NoSuchElementException","steps":[{"name":"Проверка функциональности ссылки 'Отзывы'","time":{"start":1692751875121,"stop":1692751875137,"duration":16},"status":"broken","statusMessage":"selenium.common.exceptions.NoSuchElementException: Message: no such element: Unable to locate element: {\"method\":\"xpath\",\"selector\":\"(//a[contains(text(), 'Отзывы')])[3]\"}\n  (Session info: headless chrome=116.0.5845.96); For documentation on this error, please visit: https://www.selenium.dev/documentation/webdriver/troubleshooting/errors#no-such-element-exception\nStacktrace:\n#0 0x556b5ea24e23 <unknown>\n#1 0x556b5e74d7a7 <unknown>\n#2 0x556b5e78c1d3 <unknown>\n#3 0x556b5e78c2c1 <unknown>\n#4 0x556b5e7c7a04 <unknown>\n#5 0x556b5e7ad03d <unknown>\n#6 0x556b5e7c5369 <unknown>\n#7 0x556b5e7acde3 <unknown>\n#8 0x556b5e780a7b <unknown>\n#9 0x556b5e78181e <unknown>\n#10 0x556b5e9e6638 <unknown>\n#11 0x556b5e9ea507 <unknown>\n#12 0x556b5e9f4c4c <unknown>\n#13 0x556b5e9eb136 <unknown>\n#14 0x556b5e9b99cf <unknown>\n#15 0x556b5ea0eb98 <unknown>\n#16 0x556b5ea0ed68 <unknown>\n#17 0x556b5ea1dcb3 <unknown>\n#18 0x7f61fee6f044 <unknown>\n\n","statusTrace":"  File \"/usr/local/lib/python3.11/site-packages/allure_commons/_allure.py\", line 192, in impl\n    return func(*a, **kw)\n           ^^^^^^^^^^^^^^\n  File \"/app/pages/main_page.py\", line 180, in check_reviews_link\n    self.driver.find_element(*self._reviews_link).click()\n    ^^^^^^^^^^^^^^^^^^^^^^^^^^^^^^^^^^^^^^^^^^^^^\n  File \"/usr/local/lib/python3.11/site-packages/selenium/webdriver/remote/webdriver.py\", line 740, in find_element\n    return self.execute(Command.FIND_ELEMENT, {\"using\": by, \"value\": value})[\"value\"]\n           ^^^^^^^^^^^^^^^^^^^^^^^^^^^^^^^^^^^^^^^^^^^^^^^^^^^^^^^^^^^^^^^^^\n  File \"/usr/local/lib/python3.11/site-packages/selenium/webdriver/remote/webdriver.py\", line 346, in execute\n    self.error_handler.check_response(response)\n  File \"/usr/local/lib/python3.11/site-packages/selenium/webdriver/remote/errorhandler.py\", line 245, in check_response\n    raise exception_class(message, screen, stacktrace)\n","steps":[],"attachments":[],"parameters":[],"stepsCount":0,"attachmentsCount":0,"shouldDisplayMessage":true,"hasContent":true}],"attachments":[{"uid":"eea8054e2af21be3","name":"Screenshot","source":"eea8054e2af21be3.png","type":"image/png","size":320397},{"uid":"615fb1c91ccc6b9b","name":"HTML source","source":"615fb1c91ccc6b9b.html","type":"text/html","size":375510}],"parameters":[],"stepsCount":1,"attachmentsCount":2,"shouldDisplayMessage":true,"hasContent":true},"afterStages":[{"name":"driver::0","time":{"start":1692751875385,"stop":1692751875459,"duration":74},"status":"passed","steps":[],"attachments":[],"parameters":[],"stepsCount":0,"attachmentsCount":0,"shouldDisplayMessage":false,"hasContent":false},{"name":"setup::0","time":{"start":1692751875385,"stop":1692751875385,"duration":0},"status":"passed","steps":[],"attachments":[],"parameters":[],"stepsCount":0,"attachmentsCount":0,"shouldDisplayMessage":false,"hasContent":false}],"labels":[{"name":"epic","value":"Main Page"},{"name":"feature","value":"Footer functionality"},{"name":"tag","value":"smoke_test"},{"name":"tag","value":"@pytest.mark.xfail(reason='При переходе на страницу отзывов может предложено пройти капчу')"},{"name":"parentSuite","value":"tests"},{"name":"suite","value":"test_main_page"},{"name":"subSuite","value":"TestMainPage"},{"name":"host","value":"7a62d9616f5d"},{"name":"thread","value":"1-MainThread"},{"name":"framework","value":"pytest"},{"name":"language","value":"cpython3"},{"name":"package","value":"tests.test_main_page"},{"name":"resultFormat","value":"allure2"}],"parameters":[{"name":"url","value":"'https://test2.stroyrem-nn.ru/'"}],"links":[],"hidden":false,"retry":false,"extra":{"severity":"normal","retries":[],"categories":[],"history":{"statistic":{"failed":0,"broken":0,"skipped":28,"passed":0,"unknown":0,"total":28},"items":[{"uid":"32585229ab29e286","reportUrl":"https://Nat754.github.io/StroyremAutomation/34//#testresult/32585229ab29e286","status":"skipped","statusDetails":"XFAIL При переходе на страницу отзывов может предложено пройти капчу\n\nselenium.common.exceptions.NoSuchElementException: Message: no such element: Unable to locate element: {\"method\":\"xpath\",\"selector\":\"(//a[contains(text(), 'Отзывы')])[3]\"}\n  (Session info: headless chrome=116.0.5845.96); For documentation on this error, please visit: https://www.selenium.dev/documentation/webdriver/troubleshooting/errors#no-such-element-exception\nStacktrace:\n#0 0x559f6cb73e23 <unknown>\n#1 0x559f6c89c7a7 <unknown>\n#2 0x559f6c8db1d3 <unknown>\n#3 0x559f6c8db2c1 <unknown>\n#4 0x559f6c916a04 <unknown>\n#5 0x559f6c8fc03d <unknown>\n#6 0x559f6c914369 <unknown>\n#7 0x559f6c8fbde3 <unknown>\n#8 0x559f6c8cfa7b <unknown>\n#9 0x559f6c8d081e <unknown>\n#10 0x559f6cb35638 <unknown>\n#11 0x559f6cb39507 <unknown>\n#12 0x559f6cb43c4c <unknown>\n#13 0x559f6cb3a136 <unknown>\n#14 0x559f6cb089cf <unknown>\n#15 0x559f6cb5db98 <unknown>\n#16 0x559f6cb5dd68 <unknown>\n#17 0x559f6cb6ccb3 <unknown>\n#18 0x7f58d1c3a044 <unknown>","time":{"start":1692723824424,"stop":1692723824443,"duration":19}},{"uid":"c989b34cb3193d56","reportUrl":"https://Nat754.github.io/StroyremAutomation/34//#testresult/c989b34cb3193d56","status":"skipped","statusDetails":"XFAIL При переходе на страницу отзывов может предложено пройти капчу\n\nselenium.common.exceptions.NoSuchElementException: Message: no such element: Unable to locate element: {\"method\":\"xpath\",\"selector\":\"(//a[contains(text(), 'Отзывы')])[3]\"}\n  (Session info: headless chrome=116.0.5845.96); For documentation on this error, please visit: https://www.selenium.dev/documentation/webdriver/troubleshooting/errors#no-such-element-exception\nStacktrace:\n#0 0x55e371ecde23 <unknown>\n#1 0x55e371bf67a7 <unknown>\n#2 0x55e371c351d3 <unknown>\n#3 0x55e371c352c1 <unknown>\n#4 0x55e371c70a04 <unknown>\n#5 0x55e371c5603d <unknown>\n#6 0x55e371c6e369 <unknown>\n#7 0x55e371c55de3 <unknown>\n#8 0x55e371c29a7b <unknown>\n#9 0x55e371c2a81e <unknown>\n#10 0x55e371e8f638 <unknown>\n#11 0x55e371e93507 <unknown>\n#12 0x55e371e9dc4c <unknown>\n#13 0x55e371e94136 <unknown>\n#14 0x55e371e629cf <unknown>\n#15 0x55e371eb7b98 <unknown>\n#16 0x55e371eb7d68 <unknown>\n#17 0x55e371ec6cb3 <unknown>\n#18 0x7fd7c82dd044 <unknown>","time":{"start":1692720991967,"stop":1692720991987,"duration":20}},{"uid":"9cb3bd16a9625eff","reportUrl":"https://Nat754.github.io/StroyremAutomation/34//#testresult/9cb3bd16a9625eff","status":"skipped","statusDetails":"XFAIL При переходе на страницу отзывов может предложено пройти капчу\n\nAssertionError: Заголовок страницы отзывов не соответствует ожидаемому\nassert 'Доступ к сер...енно запрещён' == 'Отзывы о маг...и ремонтирует'\n  - Отзывы о магазине СтройРем - для тех, кто строит и ремонтирует\n  + Доступ к сервису временно запрещён","time":{"start":1692718048735,"stop":1692718050372,"duration":1637}},{"uid":"117e0039db9f6018","reportUrl":"https://Nat754.github.io/StroyremAutomation/34//#testresult/117e0039db9f6018","status":"skipped","statusDetails":"XFAIL При переходе на страницу отзывов может предложено пройти капчу\n\nAssertionError: Заголовок страницы отзывов не соответствует ожидаемому\nassert 'Доступ к сер...енно запрещён' == 'Отзывы о маг...и ремонтирует'\n  - Отзывы о магазине СтройРем - для тех, кто строит и ремонтирует\n  + Доступ к сервису временно запрещён","time":{"start":1692665471891,"stop":1692665473309,"duration":1418}},{"uid":"ac4517501149a69c","reportUrl":"https://Nat754.github.io/StroyremAutomation/33//#testresult/ac4517501149a69c","status":"skipped","statusDetails":"XFAIL При переходе на страницу отзывов может предложено пройти капчу\n\nAssertionError: Заголовок страницы отзывов не соответствует ожидаемому\nassert 'Доступ к сер...енно запрещён' == 'Отзывы о маг...и ремонтирует'\n  - Отзывы о магазине СтройРем - для тех, кто строит и ремонтирует\n  + Доступ к сервису временно запрещён","time":{"start":1692579089944,"stop":1692579091640,"duration":1696}},{"uid":"d0b92282712c82d8","reportUrl":"https://Nat754.github.io/StroyremAutomation/31//#testresult/d0b92282712c82d8","status":"skipped","statusDetails":"XFAIL При переходе на страницу отзывов может предложено пройти капчу\n\nAssertionError: Заголовок страницы отзывов не соответствует ожидаемому\nassert 'Доступ к сер...енно запрещён' == 'Отзывы о маг...и ремонтирует'\n  - Отзывы о магазине СтройРем - для тех, кто строит и ремонтирует\n  + Доступ к сервису временно запрещён","time":{"start":1692567469057,"stop":1692567471801,"duration":2744}},{"uid":"9ebc7c1eb82f64ba","reportUrl":"https://Nat754.github.io/StroyremAutomation/32//#testresult/9ebc7c1eb82f64ba","status":"skipped","statusDetails":"XFAIL При переходе на страницу отзывов может предложено пройти капчу\n\nAssertionError: Заголовок страницы отзывов не соответствует ожидаемому\nassert 'Доступ к сер...енно запрещён' == 'Отзывы о маг...и ремонтирует'\n  - Отзывы о магазине СтройРем - для тех, кто строит и ремонтирует\n  + Доступ к сервису временно запрещён","time":{"start":1692565544348,"stop":1692565545760,"duration":1412}},{"uid":"e5300fcdff5271a9","reportUrl":"https://Nat754.github.io/StroyremAutomation/27//#testresult/e5300fcdff5271a9","status":"skipped","statusDetails":"XFAIL При переходе на страницу отзывов может предложено пройти капчу\n\nAssertionError: Заголовок страницы отзывов не соответствует ожидаемому\nassert 'Доступ к сер...енно запрещён' == 'Отзывы о маг...и ремонтирует'\n  - Отзывы о магазине СтройРем - для тех, кто строит и ремонтирует\n  + Доступ к сервису временно запрещён","time":{"start":1692060764762,"stop":1692060766925,"duration":2163}},{"uid":"188182ed61646a37","reportUrl":"https://Nat754.github.io/StroyremAutomation/26//#testresult/188182ed61646a37","status":"skipped","statusDetails":"XFAIL При переходе на страницу отзывов может предложено пройти капчу\n\nAssertionError: Заголовок страницы отзывов не соответствует ожидаемому\nassert 'Доступ к сер...енно запрещён' == 'Отзывы о маг...и ремонтирует'\n  - Отзывы о магазине СтройРем - для тех, кто строит и ремонтирует\n  + Доступ к сервису временно запрещён","time":{"start":1691974298105,"stop":1691974299556,"duration":1451}},{"uid":"9b9e39e7c9a18ce6","reportUrl":"https://Nat754.github.io/StroyremAutomation/25//#testresult/9b9e39e7c9a18ce6","status":"skipped","statusDetails":"XFAIL При переходе на страницу отзывов может предложено пройти капчу\n\nAssertionError: Заголовок страницы отзывов не соответствует ожидаемому\nassert 'Доступ к сер...енно запрещён' == 'Отзывы о маг...и ремонтирует'\n  - Отзывы о магазине СтройРем - для тех, кто строит и ремонтирует\n  + Доступ к сервису временно запрещён","time":{"start":1691887966444,"stop":1691887967888,"duration":1444}},{"uid":"dffe9d779077eb5b","reportUrl":"https://Nat754.github.io/StroyremAutomation/24//#testresult/dffe9d779077eb5b","status":"skipped","statusDetails":"XFAIL При переходе на страницу отзывов может предложено пройти капчу\n\nAssertionError: Заголовок страницы отзывов не соответствует ожидаемому\nassert 'Доступ к сер...енно запрещён' == 'Отзывы о маг...и ремонтирует'\n  - Отзывы о магазине СтройРем - для тех, кто строит и ремонтирует\n  + Доступ к сервису временно запрещён","time":{"start":1691801322553,"stop":1691801323863,"duration":1310}},{"uid":"d41f982fd9279cc0","reportUrl":"https://Nat754.github.io/StroyremAutomation/23//#testresult/d41f982fd9279cc0","status":"skipped","statusDetails":"XFAIL При переходе на страницу отзывов может предложено пройти капчу\n\nAssertionError: Заголовок страницы отзывов не соответствует ожидаемому\nassert 'Доступ к сер...енно запрещён' == 'Отзывы о маг...и ремонтирует'\n  - Отзывы о магазине СтройРем - для тех, кто строит и ремонтирует\n  + Доступ к сервису временно запрещён","time":{"start":1691714982340,"stop":1691714983745,"duration":1405}},{"uid":"db835faacdabedfb","reportUrl":"https://Nat754.github.io/StroyremAutomation/22//#testresult/db835faacdabedfb","status":"skipped","statusDetails":"XFAIL При переходе на страницу отзывов может предложено пройти капчу\n\nAssertionError: Заголовок страницы отзывов не соответствует ожидаемому\nassert 'Доступ к сер...енно запрещён' == 'Отзывы о маг...и ремонтирует'\n  - Отзывы о магазине СтройРем - для тех, кто строит и ремонтирует\n  + Доступ к сервису временно запрещён","time":{"start":1691629329176,"stop":1691629330575,"duration":1399}},{"uid":"ca0d28e458ede6ee","reportUrl":"https://Nat754.github.io/StroyremAutomation/21//#testresult/ca0d28e458ede6ee","status":"skipped","statusDetails":"XFAIL При переходе на страницу отзывов может предложено пройти капчу\n\nAssertionError: Заголовок страницы отзывов не соответствует ожидаемому\nassert 'Доступ к сер...енно запрещён' == 'Отзывы о маг...и ремонтирует'\n  - Отзывы о магазине СтройРем - для тех, кто строит и ремонтирует\n  + Доступ к сервису временно запрещён","time":{"start":1691542913749,"stop":1691542915338,"duration":1589}},{"uid":"bb29ee9026f158b2","reportUrl":"https://Nat754.github.io/StroyremAutomation/20//#testresult/bb29ee9026f158b2","status":"skipped","statusDetails":"XFAIL При переходе на страницу отзывов может предложено пройти капчу\n\nAssertionError: Заголовок страницы отзывов не соответствует ожидаемому\nassert 'Доступ к сер...енно запрещён' == 'Отзывы о маг...и ремонтирует'\n  - Отзывы о магазине СтройРем - для тех, кто строит и ремонтирует\n  + Доступ к сервису временно запрещён","time":{"start":1691456493399,"stop":1691456495219,"duration":1820}},{"uid":"3a820a6f361bb117","reportUrl":"https://Nat754.github.io/StroyremAutomation/19//#testresult/3a820a6f361bb117","status":"skipped","statusDetails":"XFAIL При переходе на страницу отзывов может предложено пройти капчу\n\nAssertionError: Заголовок страницы отзывов не соответствует ожидаемому\nassert 'Доступ к сер...енно запрещён' == 'Отзывы о маг...и ремонтирует'\n  - Отзывы о магазине СтройРем - для тех, кто строит и ремонтирует\n  + Доступ к сервису временно запрещён","time":{"start":1691370230172,"stop":1691370232522,"duration":2350}},{"uid":"ee392c27b8abad4e","reportUrl":"https://Nat754.github.io/StroyremAutomation/18//#testresult/ee392c27b8abad4e","status":"skipped","statusDetails":"XFAIL При переходе на страницу отзывов может предложено пройти капчу\n\nAssertionError: Заголовок страницы отзывов не соответствует ожидаемому\nassert 'Доступ к сер...енно запрещён' == 'Отзывы о маг...и ремонтирует'\n  - Отзывы о магазине СтройРем - для тех, кто строит и ремонтирует\n  + Доступ к сервису временно запрещён","time":{"start":1691283396157,"stop":1691283397482,"duration":1325}},{"uid":"d1a37b726ef427be","reportUrl":"https://Nat754.github.io/StroyremAutomation/17//#testresult/d1a37b726ef427be","status":"skipped","statusDetails":"XFAIL При переходе на страницу отзывов может предложено пройти капчу\n\nAssertionError: Заголовок страницы отзывов не соответствует ожидаемому\nassert 'Доступ к сер...енно запрещён' == 'Отзывы о маг...и ремонтирует'\n  - Отзывы о магазине СтройРем - для тех, кто строит и ремонтирует\n  + Доступ к сервису временно запрещён","time":{"start":1691197197129,"stop":1691197198755,"duration":1626}},{"uid":"fb663b195a68ffa6","reportUrl":"https://Nat754.github.io/StroyremAutomation/16//#testresult/fb663b195a68ffa6","status":"skipped","statusDetails":"XFAIL При переходе на страницу отзывов может предложено пройти капчу\n\nAssertionError: Заголовок страницы отзывов не соответствует ожидаемому\nassert 'Доступ к сер...енно запрещён' == 'Отзывы о маг...и ремонтирует'\n  - Отзывы о магазине СтройРем - для тех, кто строит и ремонтирует\n  + Доступ к сервису временно запрещён","time":{"start":1691110987241,"stop":1691110988529,"duration":1288}},{"uid":"9eeab6803966ff53","reportUrl":"https://Nat754.github.io/StroyremAutomation/15//#testresult/9eeab6803966ff53","status":"skipped","statusDetails":"XFAIL При переходе на страницу отзывов может предложено пройти капчу\n\nAssertionError: Заголовок страницы отзывов не соответствует ожидаемому\nassert 'Доступ к сер...енно запрещён' == 'Отзывы о маг...и ремонтирует'\n  - Отзывы о магазине СтройРем - для тех, кто строит и ремонтирует\n  + Доступ к сервису временно запрещён","time":{"start":1691024546012,"stop":1691024547386,"duration":1374}}]},"tags":["@pytest.mark.xfail(reason='При переходе на страницу отзывов может предложено пройти капчу')","smoke_test"]},"source":"2abaf5deab451806.json","parameterValues":["'https://test2.stroyrem-nn.ru/'"]}