{"uid":"7729088db484f38a","name":"TC 015 - Проверка функциональности ссылки 'telephone number'","fullName":"tests.test_main_page.TestMainPage#test_positive_footer_phone_number_smoke","historyId":"163ed31aac2370f1c79cdc8248a5369f","time":{"start":1692751832521,"stop":1692751832538,"duration":17},"status":"skipped","statusMessage":"XFAIL Попап не реализован\n\nselenium.common.exceptions.NoSuchElementException: Message: no such element: Unable to locate element: {\"method\":\"xpath\",\"selector\":\"//a[@class='footer-phone']\"}\n  (Session info: headless chrome=116.0.5845.96); For documentation on this error, please visit: https://www.selenium.dev/documentation/webdriver/troubleshooting/errors#no-such-element-exception\nStacktrace:\n#0 0x5577d130ae23 <unknown>\n#1 0x5577d10337a7 <unknown>\n#2 0x5577d10721d3 <unknown>\n#3 0x5577d10722c1 <unknown>\n#4 0x5577d10ada04 <unknown>\n#5 0x5577d109303d <unknown>\n#6 0x5577d10ab369 <unknown>\n#7 0x5577d1092de3 <unknown>\n#8 0x5577d1066a7b <unknown>\n#9 0x5577d106781e <unknown>\n#10 0x5577d12cc638 <unknown>\n#11 0x5577d12d0507 <unknown>\n#12 0x5577d12dac4c <unknown>\n#13 0x5577d12d1136 <unknown>\n#14 0x5577d129f9cf <unknown>\n#15 0x5577d12f4b98 <unknown>\n#16 0x5577d12f4d68 <unknown>\n#17 0x5577d1303cb3 <unknown>\n#18 0x7fd634886044 <unknown>","statusTrace":"self = <tests.test_main_page.TestMainPage object at 0x7eff856e0450>\nmain_page = <pages.main_page.MainPage object at 0x7eff85ade6d0>\n\n    @allure.feature(\"Footer functionality\")\n    @allure.title(\"TC 015 - Проверка функциональности ссылки 'telephone number'\")\n    @pytest.mark.xfail(reason=\"Попап не реализован\")\n    @pytest.mark.smoke_test\n    def test_positive_footer_phone_number_smoke(self, main_page):\n>       main_page.check_telephone_number_link()\n\ntests/test_main_page.py:138: \n_ _ _ _ _ _ _ _ _ _ _ _ _ _ _ _ _ _ _ _ _ _ _ _ _ _ _ _ _ _ _ _ _ _ _ _ _ _ _ _ \npages/main_page.py:168: in check_telephone_number_link\n    self.driver.find_element(*self._telephone_number_link).click()\n/usr/local/lib/python3.11/site-packages/selenium/webdriver/remote/webdriver.py:740: in find_element\n    return self.execute(Command.FIND_ELEMENT, {\"using\": by, \"value\": value})[\"value\"]\n/usr/local/lib/python3.11/site-packages/selenium/webdriver/remote/webdriver.py:346: in execute\n    self.error_handler.check_response(response)\n_ _ _ _ _ _ _ _ _ _ _ _ _ _ _ _ _ _ _ _ _ _ _ _ _ _ _ _ _ _ _ _ _ _ _ _ _ _ _ _ \n\nself = <selenium.webdriver.remote.errorhandler.ErrorHandler object at 0x7eff85486410>\nresponse = {'status': 404, 'value': '{\"value\":{\"error\":\"no such element\",\"message\":\"no such element: Unable to locate element: {\\...\\\\n#16 0x5577d12f4d68 \\\\u003Cunknown>\\\\n#17 0x5577d1303cb3 \\\\u003Cunknown>\\\\n#18 0x7fd634886044 \\\\u003Cunknown>\\\\n\"}}'}\n\n    def check_response(self, response: Dict[str, Any]) -> None:\n        \"\"\"Checks that a JSON response from the WebDriver does not have an\n        error.\n    \n        :Args:\n         - response - The JSON response from the WebDriver server as a dictionary\n           object.\n    \n        :Raises: If the response contains an error message.\n        \"\"\"\n        status = response.get(\"status\", None)\n        if not status or status == ErrorCode.SUCCESS:\n            return\n        value = None\n        message = response.get(\"message\", \"\")\n        screen: str = response.get(\"screen\", \"\")\n        stacktrace = None\n        if isinstance(status, int):\n            value_json = response.get(\"value\", None)\n            if value_json and isinstance(value_json, str):\n                import json\n    \n                try:\n                    value = json.loads(value_json)\n                    if len(value) == 1:\n                        value = value[\"value\"]\n                    status = value.get(\"error\", None)\n                    if not status:\n                        status = value.get(\"status\", ErrorCode.UNKNOWN_ERROR)\n                        message = value.get(\"value\") or value.get(\"message\")\n                        if not isinstance(message, str):\n                            value = message\n                            message = message.get(\"message\")\n                    else:\n                        message = value.get(\"message\", None)\n                except ValueError:\n                    pass\n    \n        exception_class: Type[WebDriverException]\n        if status in ErrorCode.NO_SUCH_ELEMENT:\n            exception_class = NoSuchElementException\n        elif status in ErrorCode.NO_SUCH_FRAME:\n            exception_class = NoSuchFrameException\n        elif status in ErrorCode.NO_SUCH_SHADOW_ROOT:\n            exception_class = NoSuchShadowRootException\n        elif status in ErrorCode.NO_SUCH_WINDOW:\n            exception_class = NoSuchWindowException\n        elif status in ErrorCode.STALE_ELEMENT_REFERENCE:\n            exception_class = StaleElementReferenceException\n        elif status in ErrorCode.ELEMENT_NOT_VISIBLE:\n            exception_class = ElementNotVisibleException\n        elif status in ErrorCode.INVALID_ELEMENT_STATE:\n            exception_class = InvalidElementStateException\n        elif (\n            status in ErrorCode.INVALID_SELECTOR\n            or status in ErrorCode.INVALID_XPATH_SELECTOR\n            or status in ErrorCode.INVALID_XPATH_SELECTOR_RETURN_TYPER\n        ):\n            exception_class = InvalidSelectorException\n        elif status in ErrorCode.ELEMENT_IS_NOT_SELECTABLE:\n            exception_class = ElementNotSelectableException\n        elif status in ErrorCode.ELEMENT_NOT_INTERACTABLE:\n            exception_class = ElementNotInteractableException\n        elif status in ErrorCode.INVALID_COOKIE_DOMAIN:\n            exception_class = InvalidCookieDomainException\n        elif status in ErrorCode.UNABLE_TO_SET_COOKIE:\n            exception_class = UnableToSetCookieException\n        elif status in ErrorCode.TIMEOUT:\n            exception_class = TimeoutException\n        elif status in ErrorCode.SCRIPT_TIMEOUT:\n            exception_class = TimeoutException\n        elif status in ErrorCode.UNKNOWN_ERROR:\n            exception_class = WebDriverException\n        elif status in ErrorCode.UNEXPECTED_ALERT_OPEN:\n            exception_class = UnexpectedAlertPresentException\n        elif status in ErrorCode.NO_ALERT_OPEN:\n            exception_class = NoAlertPresentException\n        elif status in ErrorCode.IME_NOT_AVAILABLE:\n            exception_class = ImeNotAvailableException\n        elif status in ErrorCode.IME_ENGINE_ACTIVATION_FAILED:\n            exception_class = ImeActivationFailedException\n        elif status in ErrorCode.MOVE_TARGET_OUT_OF_BOUNDS:\n            exception_class = MoveTargetOutOfBoundsException\n        elif status in ErrorCode.JAVASCRIPT_ERROR:\n            exception_class = JavascriptException\n        elif status in ErrorCode.SESSION_NOT_CREATED:\n            exception_class = SessionNotCreatedException\n        elif status in ErrorCode.INVALID_ARGUMENT:\n            exception_class = InvalidArgumentException\n        elif status in ErrorCode.NO_SUCH_COOKIE:\n            exception_class = NoSuchCookieException\n        elif status in ErrorCode.UNABLE_TO_CAPTURE_SCREEN:\n            exception_class = ScreenshotException\n        elif status in ErrorCode.ELEMENT_CLICK_INTERCEPTED:\n            exception_class = ElementClickInterceptedException\n        elif status in ErrorCode.INSECURE_CERTIFICATE:\n            exception_class = InsecureCertificateException\n        elif status in ErrorCode.INVALID_COORDINATES:\n            exception_class = InvalidCoordinatesException\n        elif status in ErrorCode.INVALID_SESSION_ID:\n            exception_class = InvalidSessionIdException\n        elif status in ErrorCode.UNKNOWN_METHOD:\n            exception_class = UnknownMethodException\n        else:\n            exception_class = WebDriverException\n        if not value:\n            value = response[\"value\"]\n        if isinstance(value, str):\n            raise exception_class(value)\n        if message == \"\" and \"message\" in value:\n            message = value[\"message\"]\n    \n        screen = None  # type: ignore[assignment]\n        if \"screen\" in value:\n            screen = value[\"screen\"]\n    \n        stacktrace = None\n        st_value = value.get(\"stackTrace\") or value.get(\"stacktrace\")\n        if st_value:\n            if isinstance(st_value, str):\n                stacktrace = st_value.split(\"\\n\")\n            else:\n                stacktrace = []\n                try:\n                    for frame in st_value:\n                        line = frame.get(\"lineNumber\", \"\")\n                        file = frame.get(\"fileName\", \"<anonymous>\")\n                        if line:\n                            file = f\"{file}:{line}\"\n                        meth = frame.get(\"methodName\", \"<anonymous>\")\n                        if \"className\" in frame:\n                            meth = f\"{frame['className']}.{meth}\"\n                        msg = \"    at %s (%s)\"\n                        msg = msg % (meth, file)\n                        stacktrace.append(msg)\n                except TypeError:\n                    pass\n        if exception_class == UnexpectedAlertPresentException:\n            alert_text = None\n            if \"data\" in value:\n                alert_text = value[\"data\"].get(\"text\")\n            elif \"alert\" in value:\n                alert_text = value[\"alert\"].get(\"text\")\n            raise exception_class(message, screen, stacktrace, alert_text)  # type: ignore[call-arg]  # mypy is not smart enough here\n>       raise exception_class(message, screen, stacktrace)\nE       selenium.common.exceptions.NoSuchElementException: Message: no such element: Unable to locate element: {\"method\":\"xpath\",\"selector\":\"//a[@class='footer-phone']\"}\nE         (Session info: headless chrome=116.0.5845.96); For documentation on this error, please visit: https://www.selenium.dev/documentation/webdriver/troubleshooting/errors#no-such-element-exception\nE       Stacktrace:\nE       #0 0x5577d130ae23 <unknown>\nE       #1 0x5577d10337a7 <unknown>\nE       #2 0x5577d10721d3 <unknown>\nE       #3 0x5577d10722c1 <unknown>\nE       #4 0x5577d10ada04 <unknown>\nE       #5 0x5577d109303d <unknown>\nE       #6 0x5577d10ab369 <unknown>\nE       #7 0x5577d1092de3 <unknown>\nE       #8 0x5577d1066a7b <unknown>\nE       #9 0x5577d106781e <unknown>\nE       #10 0x5577d12cc638 <unknown>\nE       #11 0x5577d12d0507 <unknown>\nE       #12 0x5577d12dac4c <unknown>\nE       #13 0x5577d12d1136 <unknown>\nE       #14 0x5577d129f9cf <unknown>\nE       #15 0x5577d12f4b98 <unknown>\nE       #16 0x5577d12f4d68 <unknown>\nE       #17 0x5577d1303cb3 <unknown>\nE       #18 0x7fd634886044 <unknown>\n\n/usr/local/lib/python3.11/site-packages/selenium/webdriver/remote/errorhandler.py:245: NoSuchElementException","flaky":false,"newFailed":false,"newBroken":false,"newPassed":false,"retriesCount":0,"retriesStatusChange":false,"beforeStages":[{"name":"_session_faker","time":{"start":1692751498751,"stop":1692751498816,"duration":65},"status":"passed","steps":[],"attachments":[],"parameters":[],"stepsCount":0,"attachmentsCount":0,"shouldDisplayMessage":false,"hasContent":false},{"name":"clear_allure_results_folder","time":{"start":1692751498816,"stop":1692751498816,"duration":0},"status":"passed","steps":[],"attachments":[],"parameters":[],"stepsCount":0,"attachmentsCount":0,"shouldDisplayMessage":false,"hasContent":false},{"name":"driver","time":{"start":1692751823544,"stop":1692751824293,"duration":749},"status":"passed","steps":[],"attachments":[],"parameters":[],"stepsCount":0,"attachmentsCount":0,"shouldDisplayMessage":false,"hasContent":false},{"name":"main_page","time":{"start":1692751824293,"stop":1692751832520,"duration":8227},"status":"passed","steps":[],"attachments":[],"parameters":[],"stepsCount":0,"attachmentsCount":0,"shouldDisplayMessage":false,"hasContent":false},{"name":"setup","time":{"start":1692751824293,"stop":1692751824293,"duration":0},"status":"passed","steps":[],"attachments":[],"parameters":[],"stepsCount":0,"attachmentsCount":0,"shouldDisplayMessage":false,"hasContent":false}],"testStage":{"status":"skipped","statusMessage":"XFAIL Попап не реализован\n\nselenium.common.exceptions.NoSuchElementException: Message: no such element: Unable to locate element: {\"method\":\"xpath\",\"selector\":\"//a[@class='footer-phone']\"}\n  (Session info: headless chrome=116.0.5845.96); For documentation on this error, please visit: https://www.selenium.dev/documentation/webdriver/troubleshooting/errors#no-such-element-exception\nStacktrace:\n#0 0x5577d130ae23 <unknown>\n#1 0x5577d10337a7 <unknown>\n#2 0x5577d10721d3 <unknown>\n#3 0x5577d10722c1 <unknown>\n#4 0x5577d10ada04 <unknown>\n#5 0x5577d109303d <unknown>\n#6 0x5577d10ab369 <unknown>\n#7 0x5577d1092de3 <unknown>\n#8 0x5577d1066a7b <unknown>\n#9 0x5577d106781e <unknown>\n#10 0x5577d12cc638 <unknown>\n#11 0x5577d12d0507 <unknown>\n#12 0x5577d12dac4c <unknown>\n#13 0x5577d12d1136 <unknown>\n#14 0x5577d129f9cf <unknown>\n#15 0x5577d12f4b98 <unknown>\n#16 0x5577d12f4d68 <unknown>\n#17 0x5577d1303cb3 <unknown>\n#18 0x7fd634886044 <unknown>","statusTrace":"self = <tests.test_main_page.TestMainPage object at 0x7eff856e0450>\nmain_page = <pages.main_page.MainPage object at 0x7eff85ade6d0>\n\n    @allure.feature(\"Footer functionality\")\n    @allure.title(\"TC 015 - Проверка функциональности ссылки 'telephone number'\")\n    @pytest.mark.xfail(reason=\"Попап не реализован\")\n    @pytest.mark.smoke_test\n    def test_positive_footer_phone_number_smoke(self, main_page):\n>       main_page.check_telephone_number_link()\n\ntests/test_main_page.py:138: \n_ _ _ _ _ _ _ _ _ _ _ _ _ _ _ _ _ _ _ _ _ _ _ _ _ _ _ _ _ _ _ _ _ _ _ _ _ _ _ _ \npages/main_page.py:168: in check_telephone_number_link\n    self.driver.find_element(*self._telephone_number_link).click()\n/usr/local/lib/python3.11/site-packages/selenium/webdriver/remote/webdriver.py:740: in find_element\n    return self.execute(Command.FIND_ELEMENT, {\"using\": by, \"value\": value})[\"value\"]\n/usr/local/lib/python3.11/site-packages/selenium/webdriver/remote/webdriver.py:346: in execute\n    self.error_handler.check_response(response)\n_ _ _ _ _ _ _ _ _ _ _ _ _ _ _ _ _ _ _ _ _ _ _ _ _ _ _ _ _ _ _ _ _ _ _ _ _ _ _ _ \n\nself = <selenium.webdriver.remote.errorhandler.ErrorHandler object at 0x7eff85486410>\nresponse = {'status': 404, 'value': '{\"value\":{\"error\":\"no such element\",\"message\":\"no such element: Unable to locate element: {\\...\\\\n#16 0x5577d12f4d68 \\\\u003Cunknown>\\\\n#17 0x5577d1303cb3 \\\\u003Cunknown>\\\\n#18 0x7fd634886044 \\\\u003Cunknown>\\\\n\"}}'}\n\n    def check_response(self, response: Dict[str, Any]) -> None:\n        \"\"\"Checks that a JSON response from the WebDriver does not have an\n        error.\n    \n        :Args:\n         - response - The JSON response from the WebDriver server as a dictionary\n           object.\n    \n        :Raises: If the response contains an error message.\n        \"\"\"\n        status = response.get(\"status\", None)\n        if not status or status == ErrorCode.SUCCESS:\n            return\n        value = None\n        message = response.get(\"message\", \"\")\n        screen: str = response.get(\"screen\", \"\")\n        stacktrace = None\n        if isinstance(status, int):\n            value_json = response.get(\"value\", None)\n            if value_json and isinstance(value_json, str):\n                import json\n    \n                try:\n                    value = json.loads(value_json)\n                    if len(value) == 1:\n                        value = value[\"value\"]\n                    status = value.get(\"error\", None)\n                    if not status:\n                        status = value.get(\"status\", ErrorCode.UNKNOWN_ERROR)\n                        message = value.get(\"value\") or value.get(\"message\")\n                        if not isinstance(message, str):\n                            value = message\n                            message = message.get(\"message\")\n                    else:\n                        message = value.get(\"message\", None)\n                except ValueError:\n                    pass\n    \n        exception_class: Type[WebDriverException]\n        if status in ErrorCode.NO_SUCH_ELEMENT:\n            exception_class = NoSuchElementException\n        elif status in ErrorCode.NO_SUCH_FRAME:\n            exception_class = NoSuchFrameException\n        elif status in ErrorCode.NO_SUCH_SHADOW_ROOT:\n            exception_class = NoSuchShadowRootException\n        elif status in ErrorCode.NO_SUCH_WINDOW:\n            exception_class = NoSuchWindowException\n        elif status in ErrorCode.STALE_ELEMENT_REFERENCE:\n            exception_class = StaleElementReferenceException\n        elif status in ErrorCode.ELEMENT_NOT_VISIBLE:\n            exception_class = ElementNotVisibleException\n        elif status in ErrorCode.INVALID_ELEMENT_STATE:\n            exception_class = InvalidElementStateException\n        elif (\n            status in ErrorCode.INVALID_SELECTOR\n            or status in ErrorCode.INVALID_XPATH_SELECTOR\n            or status in ErrorCode.INVALID_XPATH_SELECTOR_RETURN_TYPER\n        ):\n            exception_class = InvalidSelectorException\n        elif status in ErrorCode.ELEMENT_IS_NOT_SELECTABLE:\n            exception_class = ElementNotSelectableException\n        elif status in ErrorCode.ELEMENT_NOT_INTERACTABLE:\n            exception_class = ElementNotInteractableException\n        elif status in ErrorCode.INVALID_COOKIE_DOMAIN:\n            exception_class = InvalidCookieDomainException\n        elif status in ErrorCode.UNABLE_TO_SET_COOKIE:\n            exception_class = UnableToSetCookieException\n        elif status in ErrorCode.TIMEOUT:\n            exception_class = TimeoutException\n        elif status in ErrorCode.SCRIPT_TIMEOUT:\n            exception_class = TimeoutException\n        elif status in ErrorCode.UNKNOWN_ERROR:\n            exception_class = WebDriverException\n        elif status in ErrorCode.UNEXPECTED_ALERT_OPEN:\n            exception_class = UnexpectedAlertPresentException\n        elif status in ErrorCode.NO_ALERT_OPEN:\n            exception_class = NoAlertPresentException\n        elif status in ErrorCode.IME_NOT_AVAILABLE:\n            exception_class = ImeNotAvailableException\n        elif status in ErrorCode.IME_ENGINE_ACTIVATION_FAILED:\n            exception_class = ImeActivationFailedException\n        elif status in ErrorCode.MOVE_TARGET_OUT_OF_BOUNDS:\n            exception_class = MoveTargetOutOfBoundsException\n        elif status in ErrorCode.JAVASCRIPT_ERROR:\n            exception_class = JavascriptException\n        elif status in ErrorCode.SESSION_NOT_CREATED:\n            exception_class = SessionNotCreatedException\n        elif status in ErrorCode.INVALID_ARGUMENT:\n            exception_class = InvalidArgumentException\n        elif status in ErrorCode.NO_SUCH_COOKIE:\n            exception_class = NoSuchCookieException\n        elif status in ErrorCode.UNABLE_TO_CAPTURE_SCREEN:\n            exception_class = ScreenshotException\n        elif status in ErrorCode.ELEMENT_CLICK_INTERCEPTED:\n            exception_class = ElementClickInterceptedException\n        elif status in ErrorCode.INSECURE_CERTIFICATE:\n            exception_class = InsecureCertificateException\n        elif status in ErrorCode.INVALID_COORDINATES:\n            exception_class = InvalidCoordinatesException\n        elif status in ErrorCode.INVALID_SESSION_ID:\n            exception_class = InvalidSessionIdException\n        elif status in ErrorCode.UNKNOWN_METHOD:\n            exception_class = UnknownMethodException\n        else:\n            exception_class = WebDriverException\n        if not value:\n            value = response[\"value\"]\n        if isinstance(value, str):\n            raise exception_class(value)\n        if message == \"\" and \"message\" in value:\n            message = value[\"message\"]\n    \n        screen = None  # type: ignore[assignment]\n        if \"screen\" in value:\n            screen = value[\"screen\"]\n    \n        stacktrace = None\n        st_value = value.get(\"stackTrace\") or value.get(\"stacktrace\")\n        if st_value:\n            if isinstance(st_value, str):\n                stacktrace = st_value.split(\"\\n\")\n            else:\n                stacktrace = []\n                try:\n                    for frame in st_value:\n                        line = frame.get(\"lineNumber\", \"\")\n                        file = frame.get(\"fileName\", \"<anonymous>\")\n                        if line:\n                            file = f\"{file}:{line}\"\n                        meth = frame.get(\"methodName\", \"<anonymous>\")\n                        if \"className\" in frame:\n                            meth = f\"{frame['className']}.{meth}\"\n                        msg = \"    at %s (%s)\"\n                        msg = msg % (meth, file)\n                        stacktrace.append(msg)\n                except TypeError:\n                    pass\n        if exception_class == UnexpectedAlertPresentException:\n            alert_text = None\n            if \"data\" in value:\n                alert_text = value[\"data\"].get(\"text\")\n            elif \"alert\" in value:\n                alert_text = value[\"alert\"].get(\"text\")\n            raise exception_class(message, screen, stacktrace, alert_text)  # type: ignore[call-arg]  # mypy is not smart enough here\n>       raise exception_class(message, screen, stacktrace)\nE       selenium.common.exceptions.NoSuchElementException: Message: no such element: Unable to locate element: {\"method\":\"xpath\",\"selector\":\"//a[@class='footer-phone']\"}\nE         (Session info: headless chrome=116.0.5845.96); For documentation on this error, please visit: https://www.selenium.dev/documentation/webdriver/troubleshooting/errors#no-such-element-exception\nE       Stacktrace:\nE       #0 0x5577d130ae23 <unknown>\nE       #1 0x5577d10337a7 <unknown>\nE       #2 0x5577d10721d3 <unknown>\nE       #3 0x5577d10722c1 <unknown>\nE       #4 0x5577d10ada04 <unknown>\nE       #5 0x5577d109303d <unknown>\nE       #6 0x5577d10ab369 <unknown>\nE       #7 0x5577d1092de3 <unknown>\nE       #8 0x5577d1066a7b <unknown>\nE       #9 0x5577d106781e <unknown>\nE       #10 0x5577d12cc638 <unknown>\nE       #11 0x5577d12d0507 <unknown>\nE       #12 0x5577d12dac4c <unknown>\nE       #13 0x5577d12d1136 <unknown>\nE       #14 0x5577d129f9cf <unknown>\nE       #15 0x5577d12f4b98 <unknown>\nE       #16 0x5577d12f4d68 <unknown>\nE       #17 0x5577d1303cb3 <unknown>\nE       #18 0x7fd634886044 <unknown>\n\n/usr/local/lib/python3.11/site-packages/selenium/webdriver/remote/errorhandler.py:245: NoSuchElementException","steps":[{"name":"Проверка функциональности ссылки 'номер телефона'-8 (831) 260-11-60","time":{"start":1692751832521,"stop":1692751832537,"duration":16},"status":"broken","statusMessage":"selenium.common.exceptions.NoSuchElementException: Message: no such element: Unable to locate element: {\"method\":\"xpath\",\"selector\":\"//a[@class='footer-phone']\"}\n  (Session info: headless chrome=116.0.5845.96); For documentation on this error, please visit: https://www.selenium.dev/documentation/webdriver/troubleshooting/errors#no-such-element-exception\nStacktrace:\n#0 0x5577d130ae23 <unknown>\n#1 0x5577d10337a7 <unknown>\n#2 0x5577d10721d3 <unknown>\n#3 0x5577d10722c1 <unknown>\n#4 0x5577d10ada04 <unknown>\n#5 0x5577d109303d <unknown>\n#6 0x5577d10ab369 <unknown>\n#7 0x5577d1092de3 <unknown>\n#8 0x5577d1066a7b <unknown>\n#9 0x5577d106781e <unknown>\n#10 0x5577d12cc638 <unknown>\n#11 0x5577d12d0507 <unknown>\n#12 0x5577d12dac4c <unknown>\n#13 0x5577d12d1136 <unknown>\n#14 0x5577d129f9cf <unknown>\n#15 0x5577d12f4b98 <unknown>\n#16 0x5577d12f4d68 <unknown>\n#17 0x5577d1303cb3 <unknown>\n#18 0x7fd634886044 <unknown>\n\n","statusTrace":"  File \"/usr/local/lib/python3.11/site-packages/allure_commons/_allure.py\", line 192, in impl\n    return func(*a, **kw)\n           ^^^^^^^^^^^^^^\n  File \"/app/pages/main_page.py\", line 168, in check_telephone_number_link\n    self.driver.find_element(*self._telephone_number_link).click()\n    ^^^^^^^^^^^^^^^^^^^^^^^^^^^^^^^^^^^^^^^^^^^^^^^^^^^^^^\n  File \"/usr/local/lib/python3.11/site-packages/selenium/webdriver/remote/webdriver.py\", line 740, in find_element\n    return self.execute(Command.FIND_ELEMENT, {\"using\": by, \"value\": value})[\"value\"]\n           ^^^^^^^^^^^^^^^^^^^^^^^^^^^^^^^^^^^^^^^^^^^^^^^^^^^^^^^^^^^^^^^^^\n  File \"/usr/local/lib/python3.11/site-packages/selenium/webdriver/remote/webdriver.py\", line 346, in execute\n    self.error_handler.check_response(response)\n  File \"/usr/local/lib/python3.11/site-packages/selenium/webdriver/remote/errorhandler.py\", line 245, in check_response\n    raise exception_class(message, screen, stacktrace)\n","steps":[],"attachments":[],"parameters":[],"stepsCount":0,"attachmentsCount":0,"shouldDisplayMessage":true,"hasContent":true}],"attachments":[{"uid":"b96faa5a24940645","name":"Screenshot","source":"b96faa5a24940645.png","type":"image/png","size":324544},{"uid":"825ff5c555a5a407","name":"HTML source","source":"825ff5c555a5a407.html","type":"text/html","size":375448}],"parameters":[],"stepsCount":1,"attachmentsCount":2,"shouldDisplayMessage":true,"hasContent":true},"afterStages":[{"name":"driver::0","time":{"start":1692751832775,"stop":1692751832837,"duration":62},"status":"passed","steps":[],"attachments":[],"parameters":[],"stepsCount":0,"attachmentsCount":0,"shouldDisplayMessage":false,"hasContent":false},{"name":"setup::0","time":{"start":1692751832775,"stop":1692751832775,"duration":0},"status":"passed","steps":[],"attachments":[],"parameters":[],"stepsCount":0,"attachmentsCount":0,"shouldDisplayMessage":false,"hasContent":false}],"labels":[{"name":"epic","value":"Main Page"},{"name":"feature","value":"Footer functionality"},{"name":"tag","value":"smoke_test"},{"name":"tag","value":"@pytest.mark.xfail(reason='Попап не реализован')"},{"name":"parentSuite","value":"tests"},{"name":"suite","value":"test_main_page"},{"name":"subSuite","value":"TestMainPage"},{"name":"host","value":"7a62d9616f5d"},{"name":"thread","value":"1-MainThread"},{"name":"framework","value":"pytest"},{"name":"language","value":"cpython3"},{"name":"package","value":"tests.test_main_page"},{"name":"resultFormat","value":"allure2"}],"parameters":[{"name":"url","value":"'https://test2.stroyrem-nn.ru/'"}],"links":[],"hidden":false,"retry":false,"extra":{"severity":"normal","retries":[],"categories":[],"history":{"statistic":{"failed":0,"broken":0,"skipped":3,"passed":25,"unknown":0,"total":28},"items":[{"uid":"2beca648ab6932fb","reportUrl":"https://Nat754.github.io/StroyremAutomation/34//#testresult/2beca648ab6932fb","status":"skipped","statusDetails":"XFAIL Попап не реализован\n\nselenium.common.exceptions.NoSuchElementException: Message: no such element: Unable to locate element: {\"method\":\"xpath\",\"selector\":\"//a[@class='footer-phone']\"}\n  (Session info: headless chrome=116.0.5845.96); For documentation on this error, please visit: https://www.selenium.dev/documentation/webdriver/troubleshooting/errors#no-such-element-exception\nStacktrace:\n#0 0x5605dcec0e23 <unknown>\n#1 0x5605dcbe97a7 <unknown>\n#2 0x5605dcc281d3 <unknown>\n#3 0x5605dcc282c1 <unknown>\n#4 0x5605dcc63a04 <unknown>\n#5 0x5605dcc4903d <unknown>\n#6 0x5605dcc61369 <unknown>\n#7 0x5605dcc48de3 <unknown>\n#8 0x5605dcc1ca7b <unknown>\n#9 0x5605dcc1d81e <unknown>\n#10 0x5605dce82638 <unknown>\n#11 0x5605dce86507 <unknown>\n#12 0x5605dce90c4c <unknown>\n#13 0x5605dce87136 <unknown>\n#14 0x5605dce559cf <unknown>\n#15 0x5605dceaab98 <unknown>\n#16 0x5605dceaad68 <unknown>\n#17 0x5605dceb9cb3 <unknown>\n#18 0x7fc38c930044 <unknown>","time":{"start":1692723790180,"stop":1692723790198,"duration":18}},{"uid":"eea4b45c0e70a7b","reportUrl":"https://Nat754.github.io/StroyremAutomation/34//#testresult/eea4b45c0e70a7b","status":"skipped","statusDetails":"XFAIL Попап не реализован\n\nselenium.common.exceptions.NoSuchElementException: Message: no such element: Unable to locate element: {\"method\":\"xpath\",\"selector\":\"//a[@class='footer-phone']\"}\n  (Session info: headless chrome=116.0.5845.96); For documentation on this error, please visit: https://www.selenium.dev/documentation/webdriver/troubleshooting/errors#no-such-element-exception\nStacktrace:\n#0 0x55f062856e23 <unknown>\n#1 0x55f06257f7a7 <unknown>\n#2 0x55f0625be1d3 <unknown>\n#3 0x55f0625be2c1 <unknown>\n#4 0x55f0625f9a04 <unknown>\n#5 0x55f0625df03d <unknown>\n#6 0x55f0625f7369 <unknown>\n#7 0x55f0625dede3 <unknown>\n#8 0x55f0625b2a7b <unknown>\n#9 0x55f0625b381e <unknown>\n#10 0x55f062818638 <unknown>\n#11 0x55f06281c507 <unknown>\n#12 0x55f062826c4c <unknown>\n#13 0x55f06281d136 <unknown>\n#14 0x55f0627eb9cf <unknown>\n#15 0x55f062840b98 <unknown>\n#16 0x55f062840d68 <unknown>\n#17 0x55f06284fcb3 <unknown>\n#18 0x7f8ddd1f0044 <unknown>","time":{"start":1692720950983,"stop":1692720951007,"duration":24}},{"uid":"bc61754af2042bd4","reportUrl":"https://Nat754.github.io/StroyremAutomation/34//#testresult/bc61754af2042bd4","status":"passed","statusDetails":"XPASS Попап не реализован","time":{"start":1692717998616,"stop":1692717998748,"duration":132}},{"uid":"90088153843e8f41","reportUrl":"https://Nat754.github.io/StroyremAutomation/34//#testresult/90088153843e8f41","status":"passed","statusDetails":"XPASS Попап не реализован","time":{"start":1692665436814,"stop":1692665436877,"duration":63}},{"uid":"294f6a5c70713f6a","reportUrl":"https://Nat754.github.io/StroyremAutomation/33//#testresult/294f6a5c70713f6a","status":"passed","statusDetails":"XPASS Попап не реализован","time":{"start":1692579048684,"stop":1692579048765,"duration":81}},{"uid":"4fe0567f7d1dcbbd","reportUrl":"https://Nat754.github.io/StroyremAutomation/31//#testresult/4fe0567f7d1dcbbd","status":"passed","statusDetails":"XPASS Попап не реализован","time":{"start":1692567422105,"stop":1692567422171,"duration":66}},{"uid":"404b25c93e954aee","reportUrl":"https://Nat754.github.io/StroyremAutomation/32//#testresult/404b25c93e954aee","status":"passed","statusDetails":"XPASS Попап не реализован","time":{"start":1692565510097,"stop":1692565510172,"duration":75}},{"uid":"65f5d79467e53b07","reportUrl":"https://Nat754.github.io/StroyremAutomation/27//#testresult/65f5d79467e53b07","status":"passed","statusDetails":"XPASS Попап не реализован","time":{"start":1692060716517,"stop":1692060716597,"duration":80}},{"uid":"ede9725f8232af03","reportUrl":"https://Nat754.github.io/StroyremAutomation/26//#testresult/ede9725f8232af03","status":"passed","statusDetails":"XPASS Попап не реализован","time":{"start":1691974264697,"stop":1691974264816,"duration":119}},{"uid":"c059acfdd4903a5d","reportUrl":"https://Nat754.github.io/StroyremAutomation/25//#testresult/c059acfdd4903a5d","status":"passed","statusDetails":"XPASS Попап не реализован","time":{"start":1691887933197,"stop":1691887933257,"duration":60}},{"uid":"732987464a41d34b","reportUrl":"https://Nat754.github.io/StroyremAutomation/24//#testresult/732987464a41d34b","status":"passed","statusDetails":"XPASS Попап не реализован","time":{"start":1691801290167,"stop":1691801290235,"duration":68}},{"uid":"7ccbf787196beaab","reportUrl":"https://Nat754.github.io/StroyremAutomation/23//#testresult/7ccbf787196beaab","status":"passed","statusDetails":"XPASS Попап не реализован","time":{"start":1691714948171,"stop":1691714948237,"duration":66}},{"uid":"19e193edef02be3b","reportUrl":"https://Nat754.github.io/StroyremAutomation/22//#testresult/19e193edef02be3b","status":"passed","statusDetails":"XPASS Попап не реализован","time":{"start":1691629290972,"stop":1691629291059,"duration":87}},{"uid":"a21d536a58a9027","reportUrl":"https://Nat754.github.io/StroyremAutomation/21//#testresult/a21d536a58a9027","status":"passed","statusDetails":"XPASS Попап не реализован","time":{"start":1691542874496,"stop":1691542874563,"duration":67}},{"uid":"460637e4b2d69d1e","reportUrl":"https://Nat754.github.io/StroyremAutomation/20//#testresult/460637e4b2d69d1e","status":"passed","statusDetails":"XPASS Попап не реализован","time":{"start":1691456451071,"stop":1691456451182,"duration":111}},{"uid":"a08aa676f285eb4c","reportUrl":"https://Nat754.github.io/StroyremAutomation/19//#testresult/a08aa676f285eb4c","status":"passed","statusDetails":"XPASS Попап не реализован","time":{"start":1691370189683,"stop":1691370189793,"duration":110}},{"uid":"d1fc1285a3787484","reportUrl":"https://Nat754.github.io/StroyremAutomation/18//#testresult/d1fc1285a3787484","status":"passed","statusDetails":"XPASS Попап не реализован","time":{"start":1691283364211,"stop":1691283364291,"duration":80}},{"uid":"377924adc7c6b15d","reportUrl":"https://Nat754.github.io/StroyremAutomation/17//#testresult/377924adc7c6b15d","status":"passed","statusDetails":"XPASS Попап не реализован","time":{"start":1691197158052,"stop":1691197158154,"duration":102}},{"uid":"1efb5bc79fa0057f","reportUrl":"https://Nat754.github.io/StroyremAutomation/16//#testresult/1efb5bc79fa0057f","status":"passed","statusDetails":"XPASS Попап не реализован","time":{"start":1691110953457,"stop":1691110953523,"duration":66}},{"uid":"e94bc5ab2580dc59","reportUrl":"https://Nat754.github.io/StroyremAutomation/15//#testresult/e94bc5ab2580dc59","status":"passed","statusDetails":"XPASS Попап не реализован","time":{"start":1691024513243,"stop":1691024513321,"duration":78}}]},"tags":["smoke_test","@pytest.mark.xfail(reason='Попап не реализован')"]},"source":"7729088db484f38a.json","parameterValues":["'https://test2.stroyrem-nn.ru/'"]}