{"uid":"dad733cb87f5ff1e","name":"test_positive_delivery_green_zone_smoke[TD 009-products/shtukaturka-gipsovaya-aksolit-m50-30-kg-mashinnogo-naneseniya-166-5000-2500-4990-5480-https://sandboxtest.stroyrem-nn.ru/]","fullName":"tests.delivery.test_delivery_calculation.TestDeliveryPageCalculation#test_positive_delivery_green_zone_smoke","historyId":"8179091af2334708b6b6862d13d35737","time":{"start":1712537671085,"stop":1712537671498,"duration":413},"status":"skipped","statusMessage":"XFAIL\n\nselenium.common.exceptions.NoSuchElementException: Message: no such element: Unable to locate element: {\"method\":\"xpath\",\"selector\":\"(//a[@class='add-to-cart yellow-btn'])[1]\"}\n  (Session info: chrome-headless-shell=123.0.6312.105); For documentation on this error, please visit: https://www.selenium.dev/documentation/webdriver/troubleshooting/errors#no-such-element-exception\nStacktrace:\n#0 0x5618f43da873 <unknown>\n#1 0x5618f40d08c6 <unknown>\n#2 0x5618f411b618 <unknown>\n#3 0x5618f411b6d1 <unknown>\n#4 0x5618f415e744 <unknown>\n#5 0x5618f413d5cd <unknown>\n#6 0x5618f415bc19 <unknown>\n#7 0x5618f413d343 <unknown>\n#8 0x5618f410e593 <unknown>\n#9 0x5618f410ef5e <unknown>\n#10 0x5618f439e85b <unknown>\n#11 0x5618f43a27b5 <unknown>\n#12 0x5618f438c581 <unknown>\n#13 0x5618f43a3342 <unknown>\n#14 0x5618f437188f <unknown>\n#15 0x5618f43c9738 <unknown>\n#16 0x5618f43c990b <unknown>\n#17 0x5618f43d99c4 <unknown>\n#18 0x7f702d675134 <unknown>","statusTrace":"self = <tests.delivery.test_delivery_calculation.TestDeliveryPageCalculation object at 0x7ff514642ed0>\ndriver = <selenium.webdriver.chrome.webdriver.WebDriver (session=\"c8b00ff9e14493c4abe4d28ecf718c50\")>\nurl = 'https://sandboxtest.stroyrem-nn.ru/', case_id = 'TD 009'\nlink_item = 'products/shtukaturka-gipsovaya-aksolit-m50-30-kg-mashinnogo-naneseniya'\namount = 166, weight = 5000, standard = 2500, in_time = 4990, all_time = 5480\n\n    @pytest.mark.parametrize('case_id, link_item, amount, weight, standard, in_time, all_time', [\n        (\"TD 001\", uroven_3000, 1, 30, 0, 1590, 2190),\n        (\"TD 002\", bundeks_25, 1, 30, 400, 1590, 2190),\n        (\"TD 003\", aksolit_30, 8, 300, 400, 1590, 2190),\n        (\"TD 004\", aksolit_30, 13, 400, 450, 1590, 2190),\n        (\"TD 005\", aksolit_30, 16, 500, 600, 1590, 2190),\n        (\"TD 006\", aksolit_30, 25, 1700, 990, 1990, 2480),\n        (\"TD 007\", aksolit_30, 66, 2000, 1300, 2490, 2980),\n        (\"TD 008\", aksolit_30, 149, 4500, 2300, 3980, 4490),\n        (\"TD 009\", aksolit_30, 166, 5000, 2500, 4990, 5480),\n        pytest.param(\n            \"TD 010\", aksolit_30, 206, 6200, 2900, 5570, 6120,\n            marks=pytest.mark.xfail(reson=\"Цена доставки 3600 7960 8980\")\n        ),\n        (\"TD 011\", aksolit_30, 299, 9000, 3600, 7960, 8980),\n        (\"TD 012\", aksolit_30, 333, 10000, 4450, 11990, 12500),\n        pytest.param(\n            \"TD 013\", aksolit_30, 366, 11000, 4800, 12450, 13480,\n            marks=pytest.mark.xfail(reason=\"Цена стандартной доставки 4450\")\n        ),\n        pytest.param(\n            \"TD 014\", aksolit_30, 666, 20000, 5400, 15600, 17490,\n            marks=pytest.mark.xfail(reason=\"Цена стандартной доставки 4450\")\n        )\n    ])\n    @pytest.mark.xfail\n    @pytest.mark.smoke_test\n    def test_positive_delivery_green_zone_smoke(\n            self, driver, url, case_id, link_item, amount, weight, standard, in_time, all_time\n    ):\n    \n        driver.get(f'{url}{link_item}')\n        item_page = ItemPage(driver)\n>       item_page.add_item_to_cart(amount).click_on_cart()\n\ntests/delivery/test_delivery_calculation.py:50: \n_ _ _ _ _ _ _ _ _ _ _ _ _ _ _ _ _ _ _ _ _ _ _ _ _ _ _ _ _ _ _ _ _ _ _ _ _ _ _ _ \npages/item_page.py:40: in add_item_to_cart\n    self.find_element(self._add_item).click()\nbase/seleniumbase.py:17: in find_element\n    return self.driver.find_element(*locator)\n/usr/local/lib/python3.11/site-packages/selenium/webdriver/remote/webdriver.py:739: in find_element\n    return self.execute(Command.FIND_ELEMENT, {\"using\": by, \"value\": value})[\"value\"]\n/usr/local/lib/python3.11/site-packages/selenium/webdriver/remote/webdriver.py:345: in execute\n    self.error_handler.check_response(response)\n_ _ _ _ _ _ _ _ _ _ _ _ _ _ _ _ _ _ _ _ _ _ _ _ _ _ _ _ _ _ _ _ _ _ _ _ _ _ _ _ \n\nself = <selenium.webdriver.remote.errorhandler.ErrorHandler object at 0x7ff514cb0990>\nresponse = {'status': 404, 'value': '{\"value\":{\"error\":\"no such element\",\"message\":\"no such element: Unable to locate element: {\\...\\\\n#16 0x5618f43c990b \\\\u003Cunknown>\\\\n#17 0x5618f43d99c4 \\\\u003Cunknown>\\\\n#18 0x7f702d675134 \\\\u003Cunknown>\\\\n\"}}'}\n\n    def check_response(self, response: Dict[str, Any]) -> None:\n        \"\"\"Checks that a JSON response from the WebDriver does not have an\n        error.\n    \n        :Args:\n         - response - The JSON response from the WebDriver server as a dictionary\n           object.\n    \n        :Raises: If the response contains an error message.\n        \"\"\"\n        status = response.get(\"status\", None)\n        if not status or status == ErrorCode.SUCCESS:\n            return\n        value = None\n        message = response.get(\"message\", \"\")\n        screen: str = response.get(\"screen\", \"\")\n        stacktrace = None\n        if isinstance(status, int):\n            value_json = response.get(\"value\", None)\n            if value_json and isinstance(value_json, str):\n                import json\n    \n                try:\n                    value = json.loads(value_json)\n                    if len(value) == 1:\n                        value = value[\"value\"]\n                    status = value.get(\"error\", None)\n                    if not status:\n                        status = value.get(\"status\", ErrorCode.UNKNOWN_ERROR)\n                        message = value.get(\"value\") or value.get(\"message\")\n                        if not isinstance(message, str):\n                            value = message\n                            message = message.get(\"message\")\n                    else:\n                        message = value.get(\"message\", None)\n                except ValueError:\n                    pass\n    \n        exception_class: Type[WebDriverException]\n        e = ErrorCode()\n        error_codes = [item for item in dir(e) if not item.startswith(\"__\")]\n        for error_code in error_codes:\n            error_info = getattr(ErrorCode, error_code)\n            if isinstance(error_info, list) and status in error_info:\n                exception_class = getattr(ExceptionMapping, error_code, WebDriverException)\n                break\n        else:\n            exception_class = WebDriverException\n    \n        if not value:\n            value = response[\"value\"]\n        if isinstance(value, str):\n            raise exception_class(value)\n        if message == \"\" and \"message\" in value:\n            message = value[\"message\"]\n    \n        screen = None  # type: ignore[assignment]\n        if \"screen\" in value:\n            screen = value[\"screen\"]\n    \n        stacktrace = None\n        st_value = value.get(\"stackTrace\") or value.get(\"stacktrace\")\n        if st_value:\n            if isinstance(st_value, str):\n                stacktrace = st_value.split(\"\\n\")\n            else:\n                stacktrace = []\n                try:\n                    for frame in st_value:\n                        line = frame.get(\"lineNumber\", \"\")\n                        file = frame.get(\"fileName\", \"<anonymous>\")\n                        if line:\n                            file = f\"{file}:{line}\"\n                        meth = frame.get(\"methodName\", \"<anonymous>\")\n                        if \"className\" in frame:\n                            meth = f\"{frame['className']}.{meth}\"\n                        msg = \"    at %s (%s)\"\n                        msg = msg % (meth, file)\n                        stacktrace.append(msg)\n                except TypeError:\n                    pass\n        if exception_class == UnexpectedAlertPresentException:\n            alert_text = None\n            if \"data\" in value:\n                alert_text = value[\"data\"].get(\"text\")\n            elif \"alert\" in value:\n                alert_text = value[\"alert\"].get(\"text\")\n            raise exception_class(message, screen, stacktrace, alert_text)  # type: ignore[call-arg]  # mypy is not smart enough here\n>       raise exception_class(message, screen, stacktrace)\nE       selenium.common.exceptions.NoSuchElementException: Message: no such element: Unable to locate element: {\"method\":\"xpath\",\"selector\":\"(//a[@class='add-to-cart yellow-btn'])[1]\"}\nE         (Session info: chrome-headless-shell=123.0.6312.105); For documentation on this error, please visit: https://www.selenium.dev/documentation/webdriver/troubleshooting/errors#no-such-element-exception\nE       Stacktrace:\nE       #0 0x5618f43da873 <unknown>\nE       #1 0x5618f40d08c6 <unknown>\nE       #2 0x5618f411b618 <unknown>\nE       #3 0x5618f411b6d1 <unknown>\nE       #4 0x5618f415e744 <unknown>\nE       #5 0x5618f413d5cd <unknown>\nE       #6 0x5618f415bc19 <unknown>\nE       #7 0x5618f413d343 <unknown>\nE       #8 0x5618f410e593 <unknown>\nE       #9 0x5618f410ef5e <unknown>\nE       #10 0x5618f439e85b <unknown>\nE       #11 0x5618f43a27b5 <unknown>\nE       #12 0x5618f438c581 <unknown>\nE       #13 0x5618f43a3342 <unknown>\nE       #14 0x5618f437188f <unknown>\nE       #15 0x5618f43c9738 <unknown>\nE       #16 0x5618f43c990b <unknown>\nE       #17 0x5618f43d99c4 <unknown>\nE       #18 0x7f702d675134 <unknown>\n\n/usr/local/lib/python3.11/site-packages/selenium/webdriver/remote/errorhandler.py:229: NoSuchElementException","flaky":false,"newFailed":false,"newBroken":false,"newPassed":false,"retriesCount":0,"retriesStatusChange":false,"beforeStages":[{"name":"_session_faker","time":{"start":1712537417872,"stop":1712537417940,"duration":68},"status":"passed","steps":[],"attachments":[],"parameters":[],"shouldDisplayMessage":false,"stepsCount":0,"attachmentsCount":0,"hasContent":false,"attachmentStep":false},{"name":"clear_allure_results_folder","time":{"start":1712537417940,"stop":1712537417940,"duration":0},"status":"passed","steps":[],"attachments":[],"parameters":[],"shouldDisplayMessage":false,"stepsCount":0,"attachmentsCount":0,"hasContent":false,"attachmentStep":false},{"name":"driver","time":{"start":1712537670308,"stop":1712537671083,"duration":775},"status":"passed","steps":[],"attachments":[],"parameters":[],"shouldDisplayMessage":false,"stepsCount":0,"attachmentsCount":0,"hasContent":false,"attachmentStep":false},{"name":"setup","time":{"start":1712537671084,"stop":1712537671084,"duration":0},"status":"passed","steps":[],"attachments":[],"parameters":[],"shouldDisplayMessage":false,"stepsCount":0,"attachmentsCount":0,"hasContent":false,"attachmentStep":false}],"testStage":{"status":"skipped","statusMessage":"XFAIL\n\nselenium.common.exceptions.NoSuchElementException: Message: no such element: Unable to locate element: {\"method\":\"xpath\",\"selector\":\"(//a[@class='add-to-cart yellow-btn'])[1]\"}\n  (Session info: chrome-headless-shell=123.0.6312.105); For documentation on this error, please visit: https://www.selenium.dev/documentation/webdriver/troubleshooting/errors#no-such-element-exception\nStacktrace:\n#0 0x5618f43da873 <unknown>\n#1 0x5618f40d08c6 <unknown>\n#2 0x5618f411b618 <unknown>\n#3 0x5618f411b6d1 <unknown>\n#4 0x5618f415e744 <unknown>\n#5 0x5618f413d5cd <unknown>\n#6 0x5618f415bc19 <unknown>\n#7 0x5618f413d343 <unknown>\n#8 0x5618f410e593 <unknown>\n#9 0x5618f410ef5e <unknown>\n#10 0x5618f439e85b <unknown>\n#11 0x5618f43a27b5 <unknown>\n#12 0x5618f438c581 <unknown>\n#13 0x5618f43a3342 <unknown>\n#14 0x5618f437188f <unknown>\n#15 0x5618f43c9738 <unknown>\n#16 0x5618f43c990b <unknown>\n#17 0x5618f43d99c4 <unknown>\n#18 0x7f702d675134 <unknown>","statusTrace":"self = <tests.delivery.test_delivery_calculation.TestDeliveryPageCalculation object at 0x7ff514642ed0>\ndriver = <selenium.webdriver.chrome.webdriver.WebDriver (session=\"c8b00ff9e14493c4abe4d28ecf718c50\")>\nurl = 'https://sandboxtest.stroyrem-nn.ru/', case_id = 'TD 009'\nlink_item = 'products/shtukaturka-gipsovaya-aksolit-m50-30-kg-mashinnogo-naneseniya'\namount = 166, weight = 5000, standard = 2500, in_time = 4990, all_time = 5480\n\n    @pytest.mark.parametrize('case_id, link_item, amount, weight, standard, in_time, all_time', [\n        (\"TD 001\", uroven_3000, 1, 30, 0, 1590, 2190),\n        (\"TD 002\", bundeks_25, 1, 30, 400, 1590, 2190),\n        (\"TD 003\", aksolit_30, 8, 300, 400, 1590, 2190),\n        (\"TD 004\", aksolit_30, 13, 400, 450, 1590, 2190),\n        (\"TD 005\", aksolit_30, 16, 500, 600, 1590, 2190),\n        (\"TD 006\", aksolit_30, 25, 1700, 990, 1990, 2480),\n        (\"TD 007\", aksolit_30, 66, 2000, 1300, 2490, 2980),\n        (\"TD 008\", aksolit_30, 149, 4500, 2300, 3980, 4490),\n        (\"TD 009\", aksolit_30, 166, 5000, 2500, 4990, 5480),\n        pytest.param(\n            \"TD 010\", aksolit_30, 206, 6200, 2900, 5570, 6120,\n            marks=pytest.mark.xfail(reson=\"Цена доставки 3600 7960 8980\")\n        ),\n        (\"TD 011\", aksolit_30, 299, 9000, 3600, 7960, 8980),\n        (\"TD 012\", aksolit_30, 333, 10000, 4450, 11990, 12500),\n        pytest.param(\n            \"TD 013\", aksolit_30, 366, 11000, 4800, 12450, 13480,\n            marks=pytest.mark.xfail(reason=\"Цена стандартной доставки 4450\")\n        ),\n        pytest.param(\n            \"TD 014\", aksolit_30, 666, 20000, 5400, 15600, 17490,\n            marks=pytest.mark.xfail(reason=\"Цена стандартной доставки 4450\")\n        )\n    ])\n    @pytest.mark.xfail\n    @pytest.mark.smoke_test\n    def test_positive_delivery_green_zone_smoke(\n            self, driver, url, case_id, link_item, amount, weight, standard, in_time, all_time\n    ):\n    \n        driver.get(f'{url}{link_item}')\n        item_page = ItemPage(driver)\n>       item_page.add_item_to_cart(amount).click_on_cart()\n\ntests/delivery/test_delivery_calculation.py:50: \n_ _ _ _ _ _ _ _ _ _ _ _ _ _ _ _ _ _ _ _ _ _ _ _ _ _ _ _ _ _ _ _ _ _ _ _ _ _ _ _ \npages/item_page.py:40: in add_item_to_cart\n    self.find_element(self._add_item).click()\nbase/seleniumbase.py:17: in find_element\n    return self.driver.find_element(*locator)\n/usr/local/lib/python3.11/site-packages/selenium/webdriver/remote/webdriver.py:739: in find_element\n    return self.execute(Command.FIND_ELEMENT, {\"using\": by, \"value\": value})[\"value\"]\n/usr/local/lib/python3.11/site-packages/selenium/webdriver/remote/webdriver.py:345: in execute\n    self.error_handler.check_response(response)\n_ _ _ _ _ _ _ _ _ _ _ _ _ _ _ _ _ _ _ _ _ _ _ _ _ _ _ _ _ _ _ _ _ _ _ _ _ _ _ _ \n\nself = <selenium.webdriver.remote.errorhandler.ErrorHandler object at 0x7ff514cb0990>\nresponse = {'status': 404, 'value': '{\"value\":{\"error\":\"no such element\",\"message\":\"no such element: Unable to locate element: {\\...\\\\n#16 0x5618f43c990b \\\\u003Cunknown>\\\\n#17 0x5618f43d99c4 \\\\u003Cunknown>\\\\n#18 0x7f702d675134 \\\\u003Cunknown>\\\\n\"}}'}\n\n    def check_response(self, response: Dict[str, Any]) -> None:\n        \"\"\"Checks that a JSON response from the WebDriver does not have an\n        error.\n    \n        :Args:\n         - response - The JSON response from the WebDriver server as a dictionary\n           object.\n    \n        :Raises: If the response contains an error message.\n        \"\"\"\n        status = response.get(\"status\", None)\n        if not status or status == ErrorCode.SUCCESS:\n            return\n        value = None\n        message = response.get(\"message\", \"\")\n        screen: str = response.get(\"screen\", \"\")\n        stacktrace = None\n        if isinstance(status, int):\n            value_json = response.get(\"value\", None)\n            if value_json and isinstance(value_json, str):\n                import json\n    \n                try:\n                    value = json.loads(value_json)\n                    if len(value) == 1:\n                        value = value[\"value\"]\n                    status = value.get(\"error\", None)\n                    if not status:\n                        status = value.get(\"status\", ErrorCode.UNKNOWN_ERROR)\n                        message = value.get(\"value\") or value.get(\"message\")\n                        if not isinstance(message, str):\n                            value = message\n                            message = message.get(\"message\")\n                    else:\n                        message = value.get(\"message\", None)\n                except ValueError:\n                    pass\n    \n        exception_class: Type[WebDriverException]\n        e = ErrorCode()\n        error_codes = [item for item in dir(e) if not item.startswith(\"__\")]\n        for error_code in error_codes:\n            error_info = getattr(ErrorCode, error_code)\n            if isinstance(error_info, list) and status in error_info:\n                exception_class = getattr(ExceptionMapping, error_code, WebDriverException)\n                break\n        else:\n            exception_class = WebDriverException\n    \n        if not value:\n            value = response[\"value\"]\n        if isinstance(value, str):\n            raise exception_class(value)\n        if message == \"\" and \"message\" in value:\n            message = value[\"message\"]\n    \n        screen = None  # type: ignore[assignment]\n        if \"screen\" in value:\n            screen = value[\"screen\"]\n    \n        stacktrace = None\n        st_value = value.get(\"stackTrace\") or value.get(\"stacktrace\")\n        if st_value:\n            if isinstance(st_value, str):\n                stacktrace = st_value.split(\"\\n\")\n            else:\n                stacktrace = []\n                try:\n                    for frame in st_value:\n                        line = frame.get(\"lineNumber\", \"\")\n                        file = frame.get(\"fileName\", \"<anonymous>\")\n                        if line:\n                            file = f\"{file}:{line}\"\n                        meth = frame.get(\"methodName\", \"<anonymous>\")\n                        if \"className\" in frame:\n                            meth = f\"{frame['className']}.{meth}\"\n                        msg = \"    at %s (%s)\"\n                        msg = msg % (meth, file)\n                        stacktrace.append(msg)\n                except TypeError:\n                    pass\n        if exception_class == UnexpectedAlertPresentException:\n            alert_text = None\n            if \"data\" in value:\n                alert_text = value[\"data\"].get(\"text\")\n            elif \"alert\" in value:\n                alert_text = value[\"alert\"].get(\"text\")\n            raise exception_class(message, screen, stacktrace, alert_text)  # type: ignore[call-arg]  # mypy is not smart enough here\n>       raise exception_class(message, screen, stacktrace)\nE       selenium.common.exceptions.NoSuchElementException: Message: no such element: Unable to locate element: {\"method\":\"xpath\",\"selector\":\"(//a[@class='add-to-cart yellow-btn'])[1]\"}\nE         (Session info: chrome-headless-shell=123.0.6312.105); For documentation on this error, please visit: https://www.selenium.dev/documentation/webdriver/troubleshooting/errors#no-such-element-exception\nE       Stacktrace:\nE       #0 0x5618f43da873 <unknown>\nE       #1 0x5618f40d08c6 <unknown>\nE       #2 0x5618f411b618 <unknown>\nE       #3 0x5618f411b6d1 <unknown>\nE       #4 0x5618f415e744 <unknown>\nE       #5 0x5618f413d5cd <unknown>\nE       #6 0x5618f415bc19 <unknown>\nE       #7 0x5618f413d343 <unknown>\nE       #8 0x5618f410e593 <unknown>\nE       #9 0x5618f410ef5e <unknown>\nE       #10 0x5618f439e85b <unknown>\nE       #11 0x5618f43a27b5 <unknown>\nE       #12 0x5618f438c581 <unknown>\nE       #13 0x5618f43a3342 <unknown>\nE       #14 0x5618f437188f <unknown>\nE       #15 0x5618f43c9738 <unknown>\nE       #16 0x5618f43c990b <unknown>\nE       #17 0x5618f43d99c4 <unknown>\nE       #18 0x7f702d675134 <unknown>\n\n/usr/local/lib/python3.11/site-packages/selenium/webdriver/remote/errorhandler.py:229: NoSuchElementException","steps":[{"name":"Добавляем товар в корзину в количестве 166","time":{"start":1712537671486,"stop":1712537671498,"duration":12},"status":"broken","statusMessage":"selenium.common.exceptions.NoSuchElementException: Message: no such element: Unable to locate element: {\"method\":\"xpath\",\"selector\":\"(//a[@class='add-to-cart yellow-btn'])[1]\"}\n  (Session info: chrome-headless-shell=123.0.6312.105); For documentation on this error, please visit: https://www.selenium.dev/documentation/webdriver/troubleshooting/errors#no-such-element-exception\nStacktrace:\n#0 0x5618f43da873 <unknown>\n#1 0x5618f40d08c6 <unknown>\n#2 0x5618f411b618 <unknown>\n#3 0x5618f411b6d1 <unknown>\n#4 0x5618f415e744 <unknown>\n#5 0x5618f413d5cd <unknown>\n#6 0x5618f415bc19 <unknown>\n#7 0x5618f413d343 <unknown>\n#8 0x5618f410e593 <unknown>\n#9 0x5618f410ef5e <unknown>\n#10 0x5618f439e85b <unknown>\n#11 0x5618f43a27b5 <unknown>\n#12 0x5618f438c581 <unknown>\n#13 0x5618f43a3342 <unknown>\n#14 0x5618f437188f <unknown>\n#15 0x5618f43c9738 <unknown>\n#16 0x5618f43c990b <unknown>\n#17 0x5618f43d99c4 <unknown>\n#18 0x7f702d675134 <unknown>\n\n","statusTrace":"  File \"/usr/local/lib/python3.11/site-packages/allure_commons/_allure.py\", line 192, in impl\n    return func(*a, **kw)\n           ^^^^^^^^^^^^^^\n  File \"/app/pages/item_page.py\", line 40, in add_item_to_cart\n    self.find_element(self._add_item).click()\n    ^^^^^^^^^^^^^^^^^^^^^^^^^^^^^^^^^\n  File \"/app/base/seleniumbase.py\", line 17, in find_element\n    return self.driver.find_element(*locator)\n           ^^^^^^^^^^^^^^^^^^^^^^^^^^^^^^^^^^\n  File \"/usr/local/lib/python3.11/site-packages/selenium/webdriver/remote/webdriver.py\", line 739, in find_element\n    return self.execute(Command.FIND_ELEMENT, {\"using\": by, \"value\": value})[\"value\"]\n           ^^^^^^^^^^^^^^^^^^^^^^^^^^^^^^^^^^^^^^^^^^^^^^^^^^^^^^^^^^^^^^^^^\n  File \"/usr/local/lib/python3.11/site-packages/selenium/webdriver/remote/webdriver.py\", line 345, in execute\n    self.error_handler.check_response(response)\n  File \"/usr/local/lib/python3.11/site-packages/selenium/webdriver/remote/errorhandler.py\", line 229, in check_response\n    raise exception_class(message, screen, stacktrace)\n","steps":[],"attachments":[],"parameters":[{"name":"amount","value":"166"}],"shouldDisplayMessage":true,"stepsCount":0,"attachmentsCount":0,"hasContent":true,"attachmentStep":false}],"attachments":[{"uid":"fa83663b6fdb01e6","name":"Screenshot","source":"fa83663b6fdb01e6.png","type":"image/png","size":5862},{"uid":"6f7da7b16593e5","name":"HTML source","source":"6f7da7b16593e5.html","type":"text/html","size":39}],"parameters":[],"shouldDisplayMessage":true,"stepsCount":1,"attachmentsCount":2,"hasContent":true,"attachmentStep":false},"afterStages":[{"name":"setup::0","time":{"start":1712537671605,"stop":1712537671605,"duration":0},"status":"passed","steps":[],"attachments":[],"parameters":[],"shouldDisplayMessage":false,"stepsCount":0,"attachmentsCount":0,"hasContent":false,"attachmentStep":false},{"name":"driver::0","time":{"start":1712537671605,"stop":1712537671662,"duration":57},"status":"passed","steps":[],"attachments":[],"parameters":[],"shouldDisplayMessage":false,"stepsCount":0,"attachmentsCount":0,"hasContent":false,"attachmentStep":false}],"labels":[{"name":"epic","value":"Delivery Page - calculation"},{"name":"tag","value":"smoke_test"},{"name":"tag","value":"@pytest.mark.xfail"},{"name":"parentSuite","value":"tests.delivery"},{"name":"suite","value":"test_delivery_calculation"},{"name":"subSuite","value":"TestDeliveryPageCalculation"},{"name":"host","value":"b7f7bf348d55"},{"name":"thread","value":"1-MainThread"},{"name":"framework","value":"pytest"},{"name":"language","value":"cpython3"},{"name":"package","value":"tests.delivery.test_delivery_calculation"},{"name":"resultFormat","value":"allure2"}],"parameters":[{"name":"all_time","value":"5480"},{"name":"amount","value":"166"},{"name":"case_id","value":"'TD 009'"},{"name":"in_time","value":"4990"},{"name":"link_item","value":"'products/shtukaturka-gipsovaya-aksolit-m50-30-kg-mashinnogo-naneseniya'"},{"name":"standard","value":"2500"},{"name":"url","value":"'https://sandboxtest.stroyrem-nn.ru/'"},{"name":"weight","value":"5000"}],"links":[],"hidden":false,"retry":false,"extra":{"severity":"normal","retries":[],"categories":[],"history":{"statistic":{"failed":0,"broken":13,"skipped":210,"passed":0,"unknown":0,"total":223},"items":[{"uid":"74957b4682c6bb66","reportUrl":"https://Nat754.github.io/StroyremAutomation/270//#testresult/74957b4682c6bb66","status":"skipped","statusDetails":"XFAIL\n\nselenium.common.exceptions.NoSuchElementException: Message: no such element: Unable to locate element: {\"method\":\"xpath\",\"selector\":\"(//a[@class='add-to-cart yellow-btn'])[1]\"}\n  (Session info: chrome-headless-shell=123.0.6312.105); For documentation on this error, please visit: https://www.selenium.dev/documentation/webdriver/troubleshooting/errors#no-such-element-exception\nStacktrace:\n#0 0x56049e8f5873 <unknown>\n#1 0x56049e5eb8c6 <unknown>\n#2 0x56049e636618 <unknown>\n#3 0x56049e6366d1 <unknown>\n#4 0x56049e679744 <unknown>\n#5 0x56049e6585cd <unknown>\n#6 0x56049e676c19 <unknown>\n#7 0x56049e658343 <unknown>\n#8 0x56049e629593 <unknown>\n#9 0x56049e629f5e <unknown>\n#10 0x56049e8b985b <unknown>\n#11 0x56049e8bd7b5 <unknown>\n#12 0x56049e8a7581 <unknown>\n#13 0x56049e8be342 <unknown>\n#14 0x56049e88c88f <unknown>\n#15 0x56049e8e4738 <unknown>\n#16 0x56049e8e490b <unknown>\n#17 0x56049e8f49c4 <unknown>\n#18 0x7fbefd063134 <unknown>","time":{"start":1712451480837,"stop":1712451481398,"duration":561}},{"uid":"4a8bcd94200a66e9","reportUrl":"https://Nat754.github.io/StroyremAutomation/269//#testresult/4a8bcd94200a66e9","status":"skipped","statusDetails":"XFAIL\n\nselenium.common.exceptions.NoSuchElementException: Message: no such element: Unable to locate element: {\"method\":\"xpath\",\"selector\":\"(//a[@class='add-to-cart yellow-btn'])[1]\"}\n  (Session info: chrome-headless-shell=123.0.6312.105); For documentation on this error, please visit: https://www.selenium.dev/documentation/webdriver/troubleshooting/errors#no-such-element-exception\nStacktrace:\n#0 0x55a3a0af0873 <unknown>\n#1 0x55a3a07e68c6 <unknown>\n#2 0x55a3a0831618 <unknown>\n#3 0x55a3a08316d1 <unknown>\n#4 0x55a3a0874744 <unknown>\n#5 0x55a3a08535cd <unknown>\n#6 0x55a3a0871c19 <unknown>\n#7 0x55a3a0853343 <unknown>\n#8 0x55a3a0824593 <unknown>\n#9 0x55a3a0824f5e <unknown>\n#10 0x55a3a0ab485b <unknown>\n#11 0x55a3a0ab87b5 <unknown>\n#12 0x55a3a0aa2581 <unknown>\n#13 0x55a3a0ab9342 <unknown>\n#14 0x55a3a0a8788f <unknown>\n#15 0x55a3a0adf738 <unknown>\n#16 0x55a3a0adf90b <unknown>\n#17 0x55a3a0aef9c4 <unknown>\n#18 0x7fb9dfdd1134 <unknown>","time":{"start":1712364698757,"stop":1712364699084,"duration":327}},{"uid":"2e2b9e3b32dda54d","reportUrl":"https://Nat754.github.io/StroyremAutomation/268//#testresult/2e2b9e3b32dda54d","status":"skipped","statusDetails":"XFAIL\n\nselenium.common.exceptions.NoSuchElementException: Message: no such element: Unable to locate element: {\"method\":\"xpath\",\"selector\":\"(//a[@class='add-to-cart yellow-btn'])[1]\"}\n  (Session info: chrome-headless-shell=123.0.6312.105); For documentation on this error, please visit: https://www.selenium.dev/documentation/webdriver/troubleshooting/errors#no-such-element-exception\nStacktrace:\n#0 0x559a32561873 <unknown>\n#1 0x559a322578c6 <unknown>\n#2 0x559a322a2618 <unknown>\n#3 0x559a322a26d1 <unknown>\n#4 0x559a322e5744 <unknown>\n#5 0x559a322c45cd <unknown>\n#6 0x559a322e2c19 <unknown>\n#7 0x559a322c4343 <unknown>\n#8 0x559a32295593 <unknown>\n#9 0x559a32295f5e <unknown>\n#10 0x559a3252585b <unknown>\n#11 0x559a325297b5 <unknown>\n#12 0x559a32513581 <unknown>\n#13 0x559a3252a342 <unknown>\n#14 0x559a324f888f <unknown>\n#15 0x559a32550738 <unknown>\n#16 0x559a3255090b <unknown>\n#17 0x559a325609c4 <unknown>\n#18 0x7f63f47e1134 <unknown>","time":{"start":1712278389129,"stop":1712278389422,"duration":293}},{"uid":"1919f9d964cdda0a","reportUrl":"https://Nat754.github.io/StroyremAutomation/267//#testresult/1919f9d964cdda0a","status":"skipped","statusDetails":"XFAIL\n\nselenium.common.exceptions.NoSuchElementException: Message: no such element: Unable to locate element: {\"method\":\"xpath\",\"selector\":\"(//a[@class='add-to-cart yellow-btn'])[1]\"}\n  (Session info: chrome-headless-shell=123.0.6312.86); For documentation on this error, please visit: https://www.selenium.dev/documentation/webdriver/troubleshooting/errors#no-such-element-exception\nStacktrace:\n#0 0x56172de648a3 <unknown>\n#1 0x56172db5a8c6 <unknown>\n#2 0x56172dba5618 <unknown>\n#3 0x56172dba56d1 <unknown>\n#4 0x56172dbe8744 <unknown>\n#5 0x56172dbc75cd <unknown>\n#6 0x56172dbe5c19 <unknown>\n#7 0x56172dbc7343 <unknown>\n#8 0x56172db98593 <unknown>\n#9 0x56172db98f5e <unknown>\n#10 0x56172de2888b <unknown>\n#11 0x56172de2c7e5 <unknown>\n#12 0x56172de165b1 <unknown>\n#13 0x56172de2d372 <unknown>\n#14 0x56172ddfb8bf <unknown>\n#15 0x56172de53768 <unknown>\n#16 0x56172de5393b <unknown>\n#17 0x56172de639f4 <unknown>\n#18 0x7f1783dae134 <unknown>","time":{"start":1712192167605,"stop":1712192168017,"duration":412}},{"uid":"43431eb72ea24423","reportUrl":"https://Nat754.github.io/StroyremAutomation/266//#testresult/43431eb72ea24423","status":"skipped","statusDetails":"XFAIL\n\nselenium.common.exceptions.NoSuchElementException: Message: no such element: Unable to locate element: {\"method\":\"xpath\",\"selector\":\"(//a[@class='add-to-cart yellow-btn'])[1]\"}\n  (Session info: chrome-headless-shell=123.0.6312.86); For documentation on this error, please visit: https://www.selenium.dev/documentation/webdriver/troubleshooting/errors#no-such-element-exception\nStacktrace:\n#0 0x5610a7a488a3 <unknown>\n#1 0x5610a773e8c6 <unknown>\n#2 0x5610a7789618 <unknown>\n#3 0x5610a77896d1 <unknown>\n#4 0x5610a77cc744 <unknown>\n#5 0x5610a77ab5cd <unknown>\n#6 0x5610a77c9c19 <unknown>\n#7 0x5610a77ab343 <unknown>\n#8 0x5610a777c593 <unknown>\n#9 0x5610a777cf5e <unknown>\n#10 0x5610a7a0c88b <unknown>\n#11 0x5610a7a107e5 <unknown>\n#12 0x5610a79fa5b1 <unknown>\n#13 0x5610a7a11372 <unknown>\n#14 0x5610a79df8bf <unknown>\n#15 0x5610a7a37768 <unknown>\n#16 0x5610a7a3793b <unknown>\n#17 0x5610a7a479f4 <unknown>\n#18 0x7fa282d98134 <unknown>","time":{"start":1712105539247,"stop":1712105539654,"duration":407}},{"uid":"a2fb5f04d22839fd","reportUrl":"https://Nat754.github.io/StroyremAutomation/265//#testresult/a2fb5f04d22839fd","status":"skipped","statusDetails":"XFAIL\n\nselenium.common.exceptions.NoSuchElementException: Message: no such element: Unable to locate element: {\"method\":\"xpath\",\"selector\":\"(//a[@class='add-to-cart yellow-btn'])[1]\"}\n  (Session info: chrome-headless-shell=123.0.6312.86); For documentation on this error, please visit: https://www.selenium.dev/documentation/webdriver/troubleshooting/errors#no-such-element-exception\nStacktrace:\n#0 0x55999b2658a3 <unknown>\n#1 0x55999af5b8c6 <unknown>\n#2 0x55999afa6618 <unknown>\n#3 0x55999afa66d1 <unknown>\n#4 0x55999afe9744 <unknown>\n#5 0x55999afc85cd <unknown>\n#6 0x55999afe6c19 <unknown>\n#7 0x55999afc8343 <unknown>\n#8 0x55999af99593 <unknown>\n#9 0x55999af99f5e <unknown>\n#10 0x55999b22988b <unknown>\n#11 0x55999b22d7e5 <unknown>\n#12 0x55999b2175b1 <unknown>\n#13 0x55999b22e372 <unknown>\n#14 0x55999b1fc8bf <unknown>\n#15 0x55999b254768 <unknown>\n#16 0x55999b25493b <unknown>\n#17 0x55999b2649f4 <unknown>\n#18 0x7fa4fac32134 <unknown>","time":{"start":1712019303518,"stop":1712019304139,"duration":621}},{"uid":"29ad44789f72078e","reportUrl":"https://Nat754.github.io/StroyremAutomation/264//#testresult/29ad44789f72078e","status":"skipped","statusDetails":"XFAIL\n\nselenium.common.exceptions.NoSuchElementException: Message: no such element: Unable to locate element: {\"method\":\"xpath\",\"selector\":\"(//a[@class='add-to-cart yellow-btn'])[1]\"}\n  (Session info: chrome-headless-shell=123.0.6312.86); For documentation on this error, please visit: https://www.selenium.dev/documentation/webdriver/troubleshooting/errors#no-such-element-exception\nStacktrace:\n#0 0x564dfa67f8a3 <unknown>\n#1 0x564dfa3758c6 <unknown>\n#2 0x564dfa3c0618 <unknown>\n#3 0x564dfa3c06d1 <unknown>\n#4 0x564dfa403744 <unknown>\n#5 0x564dfa3e25cd <unknown>\n#6 0x564dfa400c19 <unknown>\n#7 0x564dfa3e2343 <unknown>\n#8 0x564dfa3b3593 <unknown>\n#9 0x564dfa3b3f5e <unknown>\n#10 0x564dfa64388b <unknown>\n#11 0x564dfa6477e5 <unknown>\n#12 0x564dfa6315b1 <unknown>\n#13 0x564dfa648372 <unknown>\n#14 0x564dfa6168bf <unknown>\n#15 0x564dfa66e768 <unknown>\n#16 0x564dfa66e93b <unknown>\n#17 0x564dfa67e9f4 <unknown>\n#18 0x7f6a4024b134 <unknown>","time":{"start":1711933119120,"stop":1711933119731,"duration":611}},{"uid":"f7806204c5f5eef5","reportUrl":"https://Nat754.github.io/StroyremAutomation/263//#testresult/f7806204c5f5eef5","status":"skipped","statusDetails":"XFAIL\n\nselenium.common.exceptions.NoSuchElementException: Message: no such element: Unable to locate element: {\"method\":\"xpath\",\"selector\":\"(//a[@class='add-to-cart yellow-btn'])[1]\"}\n  (Session info: chrome-headless-shell=123.0.6312.86); For documentation on this error, please visit: https://www.selenium.dev/documentation/webdriver/troubleshooting/errors#no-such-element-exception\nStacktrace:\n#0 0x56541cb6f8a3 <unknown>\n#1 0x56541c8658c6 <unknown>\n#2 0x56541c8b0618 <unknown>\n#3 0x56541c8b06d1 <unknown>\n#4 0x56541c8f3744 <unknown>\n#5 0x56541c8d25cd <unknown>\n#6 0x56541c8f0c19 <unknown>\n#7 0x56541c8d2343 <unknown>\n#8 0x56541c8a3593 <unknown>\n#9 0x56541c8a3f5e <unknown>\n#10 0x56541cb3388b <unknown>\n#11 0x56541cb377e5 <unknown>\n#12 0x56541cb215b1 <unknown>\n#13 0x56541cb38372 <unknown>\n#14 0x56541cb068bf <unknown>\n#15 0x56541cb5e768 <unknown>\n#16 0x56541cb5e93b <unknown>\n#17 0x56541cb6e9f4 <unknown>\n#18 0x7fcf1465e134 <unknown>","time":{"start":1711846671863,"stop":1711846672407,"duration":544}},{"uid":"77e3144de50ae276","reportUrl":"https://Nat754.github.io/StroyremAutomation/262//#testresult/77e3144de50ae276","status":"skipped","statusDetails":"XFAIL\n\nselenium.common.exceptions.NoSuchElementException: Message: no such element: Unable to locate element: {\"method\":\"xpath\",\"selector\":\"(//a[@class='add-to-cart yellow-btn'])[1]\"}\n  (Session info: chrome-headless-shell=123.0.6312.86); For documentation on this error, please visit: https://www.selenium.dev/documentation/webdriver/troubleshooting/errors#no-such-element-exception\nStacktrace:\n#0 0x561b0b3e88a3 <unknown>\n#1 0x561b0b0de8c6 <unknown>\n#2 0x561b0b129618 <unknown>\n#3 0x561b0b1296d1 <unknown>\n#4 0x561b0b16c744 <unknown>\n#5 0x561b0b14b5cd <unknown>\n#6 0x561b0b169c19 <unknown>\n#7 0x561b0b14b343 <unknown>\n#8 0x561b0b11c593 <unknown>\n#9 0x561b0b11cf5e <unknown>\n#10 0x561b0b3ac88b <unknown>\n#11 0x561b0b3b07e5 <unknown>\n#12 0x561b0b39a5b1 <unknown>\n#13 0x561b0b3b1372 <unknown>\n#14 0x561b0b37f8bf <unknown>\n#15 0x561b0b3d7768 <unknown>\n#16 0x561b0b3d793b <unknown>\n#17 0x561b0b3e79f4 <unknown>\n#18 0x7f09ffe43134 <unknown>","time":{"start":1711759825476,"stop":1711759825800,"duration":324}},{"uid":"59cf250a4fbb9c73","reportUrl":"https://Nat754.github.io/StroyremAutomation/261//#testresult/59cf250a4fbb9c73","status":"skipped","statusDetails":"XFAIL\n\nselenium.common.exceptions.NoSuchElementException: Message: no such element: Unable to locate element: {\"method\":\"xpath\",\"selector\":\"(//a[@class='add-to-cart yellow-btn'])[1]\"}\n  (Session info: chrome-headless-shell=123.0.6312.86); For documentation on this error, please visit: https://www.selenium.dev/documentation/webdriver/troubleshooting/errors#no-such-element-exception\nStacktrace:\n#0 0x55ad4a1e28a3 <unknown>\n#1 0x55ad49ed88c6 <unknown>\n#2 0x55ad49f23618 <unknown>\n#3 0x55ad49f236d1 <unknown>\n#4 0x55ad49f66744 <unknown>\n#5 0x55ad49f455cd <unknown>\n#6 0x55ad49f63c19 <unknown>\n#7 0x55ad49f45343 <unknown>\n#8 0x55ad49f16593 <unknown>\n#9 0x55ad49f16f5e <unknown>\n#10 0x55ad4a1a688b <unknown>\n#11 0x55ad4a1aa7e5 <unknown>\n#12 0x55ad4a1945b1 <unknown>\n#13 0x55ad4a1ab372 <unknown>\n#14 0x55ad4a1798bf <unknown>\n#15 0x55ad4a1d1768 <unknown>\n#16 0x55ad4a1d193b <unknown>\n#17 0x55ad4a1e19f4 <unknown>\n#18 0x7f0d4b567134 <unknown>","time":{"start":1711673574052,"stop":1711673574650,"duration":598}},{"uid":"ff5d08559e3ca84c","reportUrl":"https://Nat754.github.io/StroyremAutomation/260//#testresult/ff5d08559e3ca84c","status":"skipped","statusDetails":"XFAIL\n\nselenium.common.exceptions.NoSuchElementException: Message: no such element: Unable to locate element: {\"method\":\"xpath\",\"selector\":\"(//a[@class='add-to-cart yellow-btn'])[1]\"}\n  (Session info: chrome-headless-shell=123.0.6312.86); For documentation on this error, please visit: https://www.selenium.dev/documentation/webdriver/troubleshooting/errors#no-such-element-exception\nStacktrace:\n#0 0x55b52a1ef8a3 <unknown>\n#1 0x55b529ee58c6 <unknown>\n#2 0x55b529f30618 <unknown>\n#3 0x55b529f306d1 <unknown>\n#4 0x55b529f73744 <unknown>\n#5 0x55b529f525cd <unknown>\n#6 0x55b529f70c19 <unknown>\n#7 0x55b529f52343 <unknown>\n#8 0x55b529f23593 <unknown>\n#9 0x55b529f23f5e <unknown>\n#10 0x55b52a1b388b <unknown>\n#11 0x55b52a1b77e5 <unknown>\n#12 0x55b52a1a15b1 <unknown>\n#13 0x55b52a1b8372 <unknown>\n#14 0x55b52a1868bf <unknown>\n#15 0x55b52a1de768 <unknown>\n#16 0x55b52a1de93b <unknown>\n#17 0x55b52a1ee9f4 <unknown>\n#18 0x7f716d721134 <unknown>","time":{"start":1711587177363,"stop":1711587177647,"duration":284}},{"uid":"b2030289f0565820","reportUrl":"https://Nat754.github.io/StroyremAutomation/259//#testresult/b2030289f0565820","status":"skipped","statusDetails":"XFAIL\n\nselenium.common.exceptions.NoSuchElementException: Message: no such element: Unable to locate element: {\"method\":\"xpath\",\"selector\":\"(//a[@class='add-to-cart yellow-btn'])[1]\"}\n  (Session info: chrome-headless-shell=123.0.6312.86); For documentation on this error, please visit: https://www.selenium.dev/documentation/webdriver/troubleshooting/errors#no-such-element-exception\nStacktrace:\n#0 0x55831eb8c8a3 <unknown>\n#1 0x55831e8828c6 <unknown>\n#2 0x55831e8cd618 <unknown>\n#3 0x55831e8cd6d1 <unknown>\n#4 0x55831e910744 <unknown>\n#5 0x55831e8ef5cd <unknown>\n#6 0x55831e90dc19 <unknown>\n#7 0x55831e8ef343 <unknown>\n#8 0x55831e8c0593 <unknown>\n#9 0x55831e8c0f5e <unknown>\n#10 0x55831eb5088b <unknown>\n#11 0x55831eb547e5 <unknown>\n#12 0x55831eb3e5b1 <unknown>\n#13 0x55831eb55372 <unknown>\n#14 0x55831eb238bf <unknown>\n#15 0x55831eb7b768 <unknown>\n#16 0x55831eb7b93b <unknown>\n#17 0x55831eb8b9f4 <unknown>\n#18 0x7f936c376134 <unknown>","time":{"start":1711500730218,"stop":1711500730542,"duration":324}},{"uid":"6bd60d924c145cf5","reportUrl":"https://Nat754.github.io/StroyremAutomation/258//#testresult/6bd60d924c145cf5","status":"skipped","statusDetails":"XFAIL\n\nselenium.common.exceptions.NoSuchElementException: Message: no such element: Unable to locate element: {\"method\":\"xpath\",\"selector\":\"(//a[@class='add-to-cart yellow-btn'])[1]\"}\n  (Session info: chrome-headless-shell=123.0.6312.58); For documentation on this error, please visit: https://www.selenium.dev/documentation/webdriver/troubleshooting/errors#no-such-element-exception\nStacktrace:\n#0 0x55e58e463993 <unknown>\n#1 0x55e58e15e136 <unknown>\n#2 0x55e58e1a8d48 <unknown>\n#3 0x55e58e1a8e01 <unknown>\n#4 0x55e58e1ebe44 <unknown>\n#5 0x55e58e1cacfd <unknown>\n#6 0x55e58e1e9319 <unknown>\n#7 0x55e58e1caa73 <unknown>\n#8 0x55e58e19bc93 <unknown>\n#9 0x55e58e19c65e <unknown>\n#10 0x55e58e42808b <unknown>\n#11 0x55e58e42c005 <unknown>\n#12 0x55e58e416491 <unknown>\n#13 0x55e58e42cb92 <unknown>\n#14 0x55e58e3fb9ef <unknown>\n#15 0x55e58e452df8 <unknown>\n#16 0x55e58e452fcb <unknown>\n#17 0x55e58e462ae4 <unknown>\n#18 0x7f7a7a26e134 <unknown>","time":{"start":1711414386870,"stop":1711414387254,"duration":384}},{"uid":"5d1d7541efc5321e","reportUrl":"https://Nat754.github.io/StroyremAutomation/257//#testresult/5d1d7541efc5321e","status":"skipped","statusDetails":"XFAIL\n\nselenium.common.exceptions.NoSuchElementException: Message: no such element: Unable to locate element: {\"method\":\"xpath\",\"selector\":\"(//a[@class='add-to-cart yellow-btn'])[1]\"}\n  (Session info: chrome-headless-shell=123.0.6312.58); For documentation on this error, please visit: https://www.selenium.dev/documentation/webdriver/troubleshooting/errors#no-such-element-exception\nStacktrace:\n#0 0x5563b2aee993 <unknown>\n#1 0x5563b27e9136 <unknown>\n#2 0x5563b2833d48 <unknown>\n#3 0x5563b2833e01 <unknown>\n#4 0x5563b2876e44 <unknown>\n#5 0x5563b2855cfd <unknown>\n#6 0x5563b2874319 <unknown>\n#7 0x5563b2855a73 <unknown>\n#8 0x5563b2826c93 <unknown>\n#9 0x5563b282765e <unknown>\n#10 0x5563b2ab308b <unknown>\n#11 0x5563b2ab7005 <unknown>\n#12 0x5563b2aa1491 <unknown>\n#13 0x5563b2ab7b92 <unknown>\n#14 0x5563b2a869ef <unknown>\n#15 0x5563b2adddf8 <unknown>\n#16 0x5563b2addfcb <unknown>\n#17 0x5563b2aedae4 <unknown>\n#18 0x7f4265fb8134 <unknown>","time":{"start":1711328052792,"stop":1711328053083,"duration":291}},{"uid":"dd30296f3087b2cd","reportUrl":"https://Nat754.github.io/StroyremAutomation/256//#testresult/dd30296f3087b2cd","status":"skipped","statusDetails":"XFAIL\n\nselenium.common.exceptions.NoSuchElementException: Message: no such element: Unable to locate element: {\"method\":\"xpath\",\"selector\":\"(//a[@class='add-to-cart yellow-btn'])[1]\"}\n  (Session info: chrome-headless-shell=123.0.6312.58); For documentation on this error, please visit: https://www.selenium.dev/documentation/webdriver/troubleshooting/errors#no-such-element-exception\nStacktrace:\n#0 0x561949eb2993 <unknown>\n#1 0x561949bad136 <unknown>\n#2 0x561949bf7d48 <unknown>\n#3 0x561949bf7e01 <unknown>\n#4 0x561949c3ae44 <unknown>\n#5 0x561949c19cfd <unknown>\n#6 0x561949c38319 <unknown>\n#7 0x561949c19a73 <unknown>\n#8 0x561949beac93 <unknown>\n#9 0x561949beb65e <unknown>\n#10 0x561949e7708b <unknown>\n#11 0x561949e7b005 <unknown>\n#12 0x561949e65491 <unknown>\n#13 0x561949e7bb92 <unknown>\n#14 0x561949e4a9ef <unknown>\n#15 0x561949ea1df8 <unknown>\n#16 0x561949ea1fcb <unknown>\n#17 0x561949eb1ae4 <unknown>\n#18 0x7f060a19e134 <unknown>","time":{"start":1711241881856,"stop":1711241882182,"duration":326}},{"uid":"589809d36b5ac95e","reportUrl":"https://Nat754.github.io/StroyremAutomation/255//#testresult/589809d36b5ac95e","status":"skipped","statusDetails":"XFAIL\n\nselenium.common.exceptions.NoSuchElementException: Message: no such element: Unable to locate element: {\"method\":\"xpath\",\"selector\":\"(//a[@class='add-to-cart yellow-btn'])[1]\"}\n  (Session info: chrome-headless-shell=123.0.6312.58); For documentation on this error, please visit: https://www.selenium.dev/documentation/webdriver/troubleshooting/errors#no-such-element-exception\nStacktrace:\n#0 0x5572de23a993 <unknown>\n#1 0x5572ddf35136 <unknown>\n#2 0x5572ddf7fd48 <unknown>\n#3 0x5572ddf7fe01 <unknown>\n#4 0x5572ddfc2e44 <unknown>\n#5 0x5572ddfa1cfd <unknown>\n#6 0x5572ddfc0319 <unknown>\n#7 0x5572ddfa1a73 <unknown>\n#8 0x5572ddf72c93 <unknown>\n#9 0x5572ddf7365e <unknown>\n#10 0x5572de1ff08b <unknown>\n#11 0x5572de203005 <unknown>\n#12 0x5572de1ed491 <unknown>\n#13 0x5572de203b92 <unknown>\n#14 0x5572de1d29ef <unknown>\n#15 0x5572de229df8 <unknown>\n#16 0x5572de229fcb <unknown>\n#17 0x5572de239ae4 <unknown>\n#18 0x7f3b75ff0134 <unknown>","time":{"start":1711155045517,"stop":1711155045808,"duration":291}},{"uid":"8b7bf6502d18dba0","reportUrl":"https://Nat754.github.io/StroyremAutomation/254//#testresult/8b7bf6502d18dba0","status":"skipped","statusDetails":"XFAIL\n\nselenium.common.exceptions.NoSuchElementException: Message: no such element: Unable to locate element: {\"method\":\"xpath\",\"selector\":\"(//a[@class='add-to-cart yellow-btn'])[1]\"}\n  (Session info: chrome-headless-shell=123.0.6312.58); For documentation on this error, please visit: https://www.selenium.dev/documentation/webdriver/troubleshooting/errors#no-such-element-exception\nStacktrace:\n#0 0x55e1622ad993 <unknown>\n#1 0x55e161fa8136 <unknown>\n#2 0x55e161ff2d48 <unknown>\n#3 0x55e161ff2e01 <unknown>\n#4 0x55e162035e44 <unknown>\n#5 0x55e162014cfd <unknown>\n#6 0x55e162033319 <unknown>\n#7 0x55e162014a73 <unknown>\n#8 0x55e161fe5c93 <unknown>\n#9 0x55e161fe665e <unknown>\n#10 0x55e16227208b <unknown>\n#11 0x55e162276005 <unknown>\n#12 0x55e162260491 <unknown>\n#13 0x55e162276b92 <unknown>\n#14 0x55e1622459ef <unknown>\n#15 0x55e16229cdf8 <unknown>\n#16 0x55e16229cfcb <unknown>\n#17 0x55e1622acae4 <unknown>\n#18 0x7fa914849134 <unknown>","time":{"start":1711068713673,"stop":1711068714079,"duration":406}},{"uid":"a53933d5051d432b","reportUrl":"https://Nat754.github.io/StroyremAutomation/253//#testresult/a53933d5051d432b","status":"skipped","statusDetails":"XFAIL\n\nselenium.common.exceptions.NoSuchElementException: Message: no such element: Unable to locate element: {\"method\":\"xpath\",\"selector\":\"(//a[@class='add-to-cart yellow-btn'])[1]\"}\n  (Session info: chrome-headless-shell=123.0.6312.58); For documentation on this error, please visit: https://www.selenium.dev/documentation/webdriver/troubleshooting/errors#no-such-element-exception\nStacktrace:\n#0 0x5574985b0993 <unknown>\n#1 0x5574982ab136 <unknown>\n#2 0x5574982f5d48 <unknown>\n#3 0x5574982f5e01 <unknown>\n#4 0x557498338e44 <unknown>\n#5 0x557498317cfd <unknown>\n#6 0x557498336319 <unknown>\n#7 0x557498317a73 <unknown>\n#8 0x5574982e8c93 <unknown>\n#9 0x5574982e965e <unknown>\n#10 0x55749857508b <unknown>\n#11 0x557498579005 <unknown>\n#12 0x557498563491 <unknown>\n#13 0x557498579b92 <unknown>\n#14 0x5574985489ef <unknown>\n#15 0x55749859fdf8 <unknown>\n#16 0x55749859ffcb <unknown>\n#17 0x5574985afae4 <unknown>\n#18 0x7ffbf9602134 <unknown>","time":{"start":1710982484177,"stop":1710982484600,"duration":423}},{"uid":"8b40ecece2c00894","reportUrl":"https://Nat754.github.io/StroyremAutomation/252//#testresult/8b40ecece2c00894","status":"skipped","statusDetails":"XFAIL\n\nselenium.common.exceptions.NoSuchElementException: Message: no such element: Unable to locate element: {\"method\":\"xpath\",\"selector\":\"(//a[@class='add-to-cart yellow-btn'])[1]\"}\n  (Session info: chrome-headless-shell=123.0.6312.58); For documentation on this error, please visit: https://www.selenium.dev/documentation/webdriver/troubleshooting/errors#no-such-element-exception\nStacktrace:\n#0 0x585a4bf40993 <unknown>\n#1 0x585a4bc3b136 <unknown>\n#2 0x585a4bc85d48 <unknown>\n#3 0x585a4bc85e01 <unknown>\n#4 0x585a4bcc8e44 <unknown>\n#5 0x585a4bca7cfd <unknown>\n#6 0x585a4bcc6319 <unknown>\n#7 0x585a4bca7a73 <unknown>\n#8 0x585a4bc78c93 <unknown>\n#9 0x585a4bc7965e <unknown>\n#10 0x585a4bf0508b <unknown>\n#11 0x585a4bf09005 <unknown>\n#12 0x585a4bef3491 <unknown>\n#13 0x585a4bf09b92 <unknown>\n#14 0x585a4bed89ef <unknown>\n#15 0x585a4bf2fdf8 <unknown>\n#16 0x585a4bf2ffcb <unknown>\n#17 0x585a4bf3fae4 <unknown>\n#18 0x74df5781a134 <unknown>","time":{"start":1710895884502,"stop":1710895884914,"duration":412}},{"uid":"afdbbbd7e23da3a","reportUrl":"https://Nat754.github.io/StroyremAutomation/251//#testresult/afdbbbd7e23da3a","status":"skipped","statusDetails":"XFAIL\n\nselenium.common.exceptions.NoSuchElementException: Message: no such element: Unable to locate element: {\"method\":\"xpath\",\"selector\":\"(//a[@class='add-to-cart yellow-btn'])[1]\"}\n  (Session info: chrome-headless-shell=122.0.6261.128); For documentation on this error, please visit: https://www.selenium.dev/documentation/webdriver/troubleshooting/errors#no-such-element-exception\nStacktrace:\n#0 0x55bdfbb43f33 <unknown>\n#1 0x55bdfb83bce6 <unknown>\n#2 0x55bdfb886e48 <unknown>\n#3 0x55bdfb886f01 <unknown>\n#4 0x55bdfb8ca3f4 <unknown>\n#5 0x55bdfb8a8edd <unknown>\n#6 0x55bdfb8c7899 <unknown>\n#7 0x55bdfb8a8c53 <unknown>\n#8 0x55bdfb879db3 <unknown>\n#9 0x55bdfb87a77e <unknown>\n#10 0x55bdfbb0986b <unknown>\n#11 0x55bdfbb0d885 <unknown>\n#12 0x55bdfbaf7181 <unknown>\n#13 0x55bdfbb0e412 <unknown>\n#14 0x55bdfbadb25f <unknown>\n#15 0x55bdfbb32528 <unknown>\n#16 0x55bdfbb32723 <unknown>\n#17 0x55bdfbb430e4 <unknown>\n#18 0x7f92907bb134 <unknown>","time":{"start":1710809526341,"stop":1710809526738,"duration":397}}]},"tags":["@pytest.mark.xfail","smoke_test"]},"source":"dad733cb87f5ff1e.json","parameterValues":["5480","166","'TD 009'","4990","'products/shtukaturka-gipsovaya-aksolit-m50-30-kg-mashinnogo-naneseniya'","2500","'https://sandboxtest.stroyrem-nn.ru/'","5000"]}