{"uid":"fed4bbb614607074","name":"test_positive_delivery_green_zone_smoke[TD 007-products/shtukaturka-gipsovaya-aksolit-m50-30-kg-mashinnogo-naneseniya-66-2000-1300-2490-2980-https://sandboxtest.stroyrem-nn.ru/]","fullName":"tests.delivery.test_delivery_calculation.TestDeliveryPageCalculation#test_positive_delivery_green_zone_smoke","historyId":"01706720b82fe343c373f6b78a174407","time":{"start":1697936199349,"stop":1697936204371,"duration":5022},"status":"skipped","statusMessage":"XFAIL\n\nselenium.common.exceptions.NoSuchElementException: Message: no such element: Unable to locate element: {\"method\":\"xpath\",\"selector\":\"//input[@class='amount']\"}\n  (Session info: headless chrome=118.0.5993.70); For documentation on this error, please visit: https://www.selenium.dev/documentation/webdriver/troubleshooting/errors#no-such-element-exception\nStacktrace:\n#0 0x558d14bd6fb3 <unknown>\n#1 0x558d148aa4a7 <unknown>\n#2 0x558d148f1dd6 <unknown>\n#3 0x558d148f1ec1 <unknown>\n#4 0x558d1492f354 <unknown>\n#5 0x558d1491396d <unknown>\n#6 0x558d1492cc02 <unknown>\n#7 0x558d14913713 <unknown>\n#8 0x558d148e618b <unknown>\n#9 0x558d148e6f7e <unknown>\n#10 0x558d14b9c8d8 <unknown>\n#11 0x558d14ba0800 <unknown>\n#12 0x558d14baacfc <unknown>\n#13 0x558d14ba1418 <unknown>\n#14 0x558d14b6e42f <unknown>\n#15 0x558d14bc54e8 <unknown>\n#16 0x558d14bc56b4 <unknown>\n#17 0x558d14bd6143 <unknown>\n#18 0x7f49b286e044 <unknown>","statusTrace":"self = <tests.delivery.test_delivery_calculation.TestDeliveryPageCalculation object at 0x7f5f5bb1c3d0>\ndriver = <selenium.webdriver.chrome.webdriver.WebDriver (session=\"46a893fc436384609d698f942664ca75\")>\nurl = 'https://sandboxtest.stroyrem-nn.ru/', case_id = 'TD 007'\nlink_item = 'products/shtukaturka-gipsovaya-aksolit-m50-30-kg-mashinnogo-naneseniya'\namount = 66, weight = 2000, standard = 1300, in_time = 2490, all_time = 2980\n\n    @pytest.mark.parametrize('case_id, link_item, amount, weight, standard, in_time, all_time', [\n        (\"TD 001\", uroven_3000, 1, 30, 0, 1590, 2190),\n        (\"TD 002\", bundeks_25, 1, 30, 400, 1590, 2190),\n        (\"TD 003\", aksolit_30, 8, 300, 400, 1590, 2190),\n        (\"TD 004\", aksolit_30, 13, 400, 450, 1590, 2190),\n        (\"TD 005\", aksolit_30, 16, 500, 600, 1590, 2190),\n        (\"TD 006\", aksolit_30, 25, 1700, 990, 1990, 2480),\n        (\"TD 007\", aksolit_30, 66, 2000, 1300, 2490, 2980),\n        (\"TD 008\", aksolit_30, 149, 4500, 2300, 3980, 4490),\n        (\"TD 009\", aksolit_30, 166, 5000, 2500, 4990, 5480),\n        pytest.param(\n            \"TD 010\", aksolit_30, 206, 6200, 2900, 5570, 6120,\n            marks=pytest.mark.xfail(reson=\"Цена доставки 3600 7960 8980\")\n        ),\n        (\"TD 011\", aksolit_30, 299, 9000, 3600, 7960, 8980),\n        (\"TD 012\", aksolit_30, 333, 10000, 4450, 11990, 12500),\n        pytest.param(\n            \"TD 013\", aksolit_30, 366, 11000, 4800, 12450, 13480,\n            marks=pytest.mark.xfail(reason=\"Цена стандартной доставки 4450\")\n        ),\n        pytest.param(\n            \"TD 014\", aksolit_30, 666, 20000, 5400, 15600, 17490,\n            marks=pytest.mark.xfail(reason=\"Цена стандартной доставки 4450\")\n        )\n    ])\n    @pytest.mark.xfail\n    @pytest.mark.smoke_test\n    def test_positive_delivery_green_zone_smoke(\n            self, driver, url, case_id, link_item, amount, weight, standard, in_time, all_time\n    ):\n    \n        driver.get(f'{url}{link_item}')\n        item_page = ItemPage(driver)\n>       item_page.add_item_to_cart(amount).click_on_cart()\n\ntests/delivery/test_delivery_calculation.py:50: \n_ _ _ _ _ _ _ _ _ _ _ _ _ _ _ _ _ _ _ _ _ _ _ _ _ _ _ _ _ _ _ _ _ _ _ _ _ _ _ _ \npages/item_page.py:41: in add_item_to_cart\n    amount_field = self.find_element(self._item_amount)\nbase/seleniumbase.py:17: in find_element\n    return self.driver.find_element(*locator)\n/usr/local/lib/python3.11/site-packages/selenium/webdriver/remote/webdriver.py:739: in find_element\n    return self.execute(Command.FIND_ELEMENT, {\"using\": by, \"value\": value})[\"value\"]\n/usr/local/lib/python3.11/site-packages/selenium/webdriver/remote/webdriver.py:345: in execute\n    self.error_handler.check_response(response)\n_ _ _ _ _ _ _ _ _ _ _ _ _ _ _ _ _ _ _ _ _ _ _ _ _ _ _ _ _ _ _ _ _ _ _ _ _ _ _ _ \n\nself = <selenium.webdriver.remote.errorhandler.ErrorHandler object at 0x7f5f5c5cce90>\nresponse = {'status': 404, 'value': '{\"value\":{\"error\":\"no such element\",\"message\":\"no such element: Unable to locate element: {\\...\\\\n#16 0x558d14bc56b4 \\\\u003Cunknown>\\\\n#17 0x558d14bd6143 \\\\u003Cunknown>\\\\n#18 0x7f49b286e044 \\\\u003Cunknown>\\\\n\"}}'}\n\n    def check_response(self, response: Dict[str, Any]) -> None:\n        \"\"\"Checks that a JSON response from the WebDriver does not have an\n        error.\n    \n        :Args:\n         - response - The JSON response from the WebDriver server as a dictionary\n           object.\n    \n        :Raises: If the response contains an error message.\n        \"\"\"\n        status = response.get(\"status\", None)\n        if not status or status == ErrorCode.SUCCESS:\n            return\n        value = None\n        message = response.get(\"message\", \"\")\n        screen: str = response.get(\"screen\", \"\")\n        stacktrace = None\n        if isinstance(status, int):\n            value_json = response.get(\"value\", None)\n            if value_json and isinstance(value_json, str):\n                import json\n    \n                try:\n                    value = json.loads(value_json)\n                    if len(value) == 1:\n                        value = value[\"value\"]\n                    status = value.get(\"error\", None)\n                    if not status:\n                        status = value.get(\"status\", ErrorCode.UNKNOWN_ERROR)\n                        message = value.get(\"value\") or value.get(\"message\")\n                        if not isinstance(message, str):\n                            value = message\n                            message = message.get(\"message\")\n                    else:\n                        message = value.get(\"message\", None)\n                except ValueError:\n                    pass\n    \n        exception_class: Type[WebDriverException]\n        e = ErrorCode()\n        error_codes = [item for item in dir(e) if not item.startswith(\"__\")]\n        for error_code in error_codes:\n            error_info = getattr(ErrorCode, error_code)\n            if isinstance(error_info, list) and status in error_info:\n                exception_class = getattr(ExceptionMapping, error_code, WebDriverException)\n                break\n        else:\n            exception_class = WebDriverException\n    \n        if not value:\n            value = response[\"value\"]\n        if isinstance(value, str):\n            raise exception_class(value)\n        if message == \"\" and \"message\" in value:\n            message = value[\"message\"]\n    \n        screen = None  # type: ignore[assignment]\n        if \"screen\" in value:\n            screen = value[\"screen\"]\n    \n        stacktrace = None\n        st_value = value.get(\"stackTrace\") or value.get(\"stacktrace\")\n        if st_value:\n            if isinstance(st_value, str):\n                stacktrace = st_value.split(\"\\n\")\n            else:\n                stacktrace = []\n                try:\n                    for frame in st_value:\n                        line = frame.get(\"lineNumber\", \"\")\n                        file = frame.get(\"fileName\", \"<anonymous>\")\n                        if line:\n                            file = f\"{file}:{line}\"\n                        meth = frame.get(\"methodName\", \"<anonymous>\")\n                        if \"className\" in frame:\n                            meth = f\"{frame['className']}.{meth}\"\n                        msg = \"    at %s (%s)\"\n                        msg = msg % (meth, file)\n                        stacktrace.append(msg)\n                except TypeError:\n                    pass\n        if exception_class == UnexpectedAlertPresentException:\n            alert_text = None\n            if \"data\" in value:\n                alert_text = value[\"data\"].get(\"text\")\n            elif \"alert\" in value:\n                alert_text = value[\"alert\"].get(\"text\")\n            raise exception_class(message, screen, stacktrace, alert_text)  # type: ignore[call-arg]  # mypy is not smart enough here\n>       raise exception_class(message, screen, stacktrace)\nE       selenium.common.exceptions.NoSuchElementException: Message: no such element: Unable to locate element: {\"method\":\"xpath\",\"selector\":\"//input[@class='amount']\"}\nE         (Session info: headless chrome=118.0.5993.70); For documentation on this error, please visit: https://www.selenium.dev/documentation/webdriver/troubleshooting/errors#no-such-element-exception\nE       Stacktrace:\nE       #0 0x558d14bd6fb3 <unknown>\nE       #1 0x558d148aa4a7 <unknown>\nE       #2 0x558d148f1dd6 <unknown>\nE       #3 0x558d148f1ec1 <unknown>\nE       #4 0x558d1492f354 <unknown>\nE       #5 0x558d1491396d <unknown>\nE       #6 0x558d1492cc02 <unknown>\nE       #7 0x558d14913713 <unknown>\nE       #8 0x558d148e618b <unknown>\nE       #9 0x558d148e6f7e <unknown>\nE       #10 0x558d14b9c8d8 <unknown>\nE       #11 0x558d14ba0800 <unknown>\nE       #12 0x558d14baacfc <unknown>\nE       #13 0x558d14ba1418 <unknown>\nE       #14 0x558d14b6e42f <unknown>\nE       #15 0x558d14bc54e8 <unknown>\nE       #16 0x558d14bc56b4 <unknown>\nE       #17 0x558d14bd6143 <unknown>\nE       #18 0x7f49b286e044 <unknown>\n\n/usr/local/lib/python3.11/site-packages/selenium/webdriver/remote/errorhandler.py:229: NoSuchElementException","flaky":false,"newFailed":false,"newBroken":false,"newPassed":false,"retriesCount":0,"retriesStatusChange":false,"beforeStages":[{"name":"_session_faker","time":{"start":1697935914445,"stop":1697935914534,"duration":89},"status":"passed","steps":[],"attachments":[],"parameters":[],"shouldDisplayMessage":false,"stepsCount":0,"attachmentsCount":0,"hasContent":false},{"name":"clear_allure_results_folder","time":{"start":1697935914534,"stop":1697935914535,"duration":1},"status":"passed","steps":[],"attachments":[],"parameters":[],"shouldDisplayMessage":false,"stepsCount":0,"attachmentsCount":0,"hasContent":false},{"name":"driver","time":{"start":1697936198507,"stop":1697936199347,"duration":840},"status":"passed","steps":[],"attachments":[],"parameters":[],"shouldDisplayMessage":false,"stepsCount":0,"attachmentsCount":0,"hasContent":false},{"name":"setup","time":{"start":1697936199347,"stop":1697936199347,"duration":0},"status":"passed","steps":[],"attachments":[],"parameters":[],"shouldDisplayMessage":false,"stepsCount":0,"attachmentsCount":0,"hasContent":false}],"testStage":{"status":"skipped","statusMessage":"XFAIL\n\nselenium.common.exceptions.NoSuchElementException: Message: no such element: Unable to locate element: {\"method\":\"xpath\",\"selector\":\"//input[@class='amount']\"}\n  (Session info: headless chrome=118.0.5993.70); For documentation on this error, please visit: https://www.selenium.dev/documentation/webdriver/troubleshooting/errors#no-such-element-exception\nStacktrace:\n#0 0x558d14bd6fb3 <unknown>\n#1 0x558d148aa4a7 <unknown>\n#2 0x558d148f1dd6 <unknown>\n#3 0x558d148f1ec1 <unknown>\n#4 0x558d1492f354 <unknown>\n#5 0x558d1491396d <unknown>\n#6 0x558d1492cc02 <unknown>\n#7 0x558d14913713 <unknown>\n#8 0x558d148e618b <unknown>\n#9 0x558d148e6f7e <unknown>\n#10 0x558d14b9c8d8 <unknown>\n#11 0x558d14ba0800 <unknown>\n#12 0x558d14baacfc <unknown>\n#13 0x558d14ba1418 <unknown>\n#14 0x558d14b6e42f <unknown>\n#15 0x558d14bc54e8 <unknown>\n#16 0x558d14bc56b4 <unknown>\n#17 0x558d14bd6143 <unknown>\n#18 0x7f49b286e044 <unknown>","statusTrace":"self = <tests.delivery.test_delivery_calculation.TestDeliveryPageCalculation object at 0x7f5f5bb1c3d0>\ndriver = <selenium.webdriver.chrome.webdriver.WebDriver (session=\"46a893fc436384609d698f942664ca75\")>\nurl = 'https://sandboxtest.stroyrem-nn.ru/', case_id = 'TD 007'\nlink_item = 'products/shtukaturka-gipsovaya-aksolit-m50-30-kg-mashinnogo-naneseniya'\namount = 66, weight = 2000, standard = 1300, in_time = 2490, all_time = 2980\n\n    @pytest.mark.parametrize('case_id, link_item, amount, weight, standard, in_time, all_time', [\n        (\"TD 001\", uroven_3000, 1, 30, 0, 1590, 2190),\n        (\"TD 002\", bundeks_25, 1, 30, 400, 1590, 2190),\n        (\"TD 003\", aksolit_30, 8, 300, 400, 1590, 2190),\n        (\"TD 004\", aksolit_30, 13, 400, 450, 1590, 2190),\n        (\"TD 005\", aksolit_30, 16, 500, 600, 1590, 2190),\n        (\"TD 006\", aksolit_30, 25, 1700, 990, 1990, 2480),\n        (\"TD 007\", aksolit_30, 66, 2000, 1300, 2490, 2980),\n        (\"TD 008\", aksolit_30, 149, 4500, 2300, 3980, 4490),\n        (\"TD 009\", aksolit_30, 166, 5000, 2500, 4990, 5480),\n        pytest.param(\n            \"TD 010\", aksolit_30, 206, 6200, 2900, 5570, 6120,\n            marks=pytest.mark.xfail(reson=\"Цена доставки 3600 7960 8980\")\n        ),\n        (\"TD 011\", aksolit_30, 299, 9000, 3600, 7960, 8980),\n        (\"TD 012\", aksolit_30, 333, 10000, 4450, 11990, 12500),\n        pytest.param(\n            \"TD 013\", aksolit_30, 366, 11000, 4800, 12450, 13480,\n            marks=pytest.mark.xfail(reason=\"Цена стандартной доставки 4450\")\n        ),\n        pytest.param(\n            \"TD 014\", aksolit_30, 666, 20000, 5400, 15600, 17490,\n            marks=pytest.mark.xfail(reason=\"Цена стандартной доставки 4450\")\n        )\n    ])\n    @pytest.mark.xfail\n    @pytest.mark.smoke_test\n    def test_positive_delivery_green_zone_smoke(\n            self, driver, url, case_id, link_item, amount, weight, standard, in_time, all_time\n    ):\n    \n        driver.get(f'{url}{link_item}')\n        item_page = ItemPage(driver)\n>       item_page.add_item_to_cart(amount).click_on_cart()\n\ntests/delivery/test_delivery_calculation.py:50: \n_ _ _ _ _ _ _ _ _ _ _ _ _ _ _ _ _ _ _ _ _ _ _ _ _ _ _ _ _ _ _ _ _ _ _ _ _ _ _ _ \npages/item_page.py:41: in add_item_to_cart\n    amount_field = self.find_element(self._item_amount)\nbase/seleniumbase.py:17: in find_element\n    return self.driver.find_element(*locator)\n/usr/local/lib/python3.11/site-packages/selenium/webdriver/remote/webdriver.py:739: in find_element\n    return self.execute(Command.FIND_ELEMENT, {\"using\": by, \"value\": value})[\"value\"]\n/usr/local/lib/python3.11/site-packages/selenium/webdriver/remote/webdriver.py:345: in execute\n    self.error_handler.check_response(response)\n_ _ _ _ _ _ _ _ _ _ _ _ _ _ _ _ _ _ _ _ _ _ _ _ _ _ _ _ _ _ _ _ _ _ _ _ _ _ _ _ \n\nself = <selenium.webdriver.remote.errorhandler.ErrorHandler object at 0x7f5f5c5cce90>\nresponse = {'status': 404, 'value': '{\"value\":{\"error\":\"no such element\",\"message\":\"no such element: Unable to locate element: {\\...\\\\n#16 0x558d14bc56b4 \\\\u003Cunknown>\\\\n#17 0x558d14bd6143 \\\\u003Cunknown>\\\\n#18 0x7f49b286e044 \\\\u003Cunknown>\\\\n\"}}'}\n\n    def check_response(self, response: Dict[str, Any]) -> None:\n        \"\"\"Checks that a JSON response from the WebDriver does not have an\n        error.\n    \n        :Args:\n         - response - The JSON response from the WebDriver server as a dictionary\n           object.\n    \n        :Raises: If the response contains an error message.\n        \"\"\"\n        status = response.get(\"status\", None)\n        if not status or status == ErrorCode.SUCCESS:\n            return\n        value = None\n        message = response.get(\"message\", \"\")\n        screen: str = response.get(\"screen\", \"\")\n        stacktrace = None\n        if isinstance(status, int):\n            value_json = response.get(\"value\", None)\n            if value_json and isinstance(value_json, str):\n                import json\n    \n                try:\n                    value = json.loads(value_json)\n                    if len(value) == 1:\n                        value = value[\"value\"]\n                    status = value.get(\"error\", None)\n                    if not status:\n                        status = value.get(\"status\", ErrorCode.UNKNOWN_ERROR)\n                        message = value.get(\"value\") or value.get(\"message\")\n                        if not isinstance(message, str):\n                            value = message\n                            message = message.get(\"message\")\n                    else:\n                        message = value.get(\"message\", None)\n                except ValueError:\n                    pass\n    \n        exception_class: Type[WebDriverException]\n        e = ErrorCode()\n        error_codes = [item for item in dir(e) if not item.startswith(\"__\")]\n        for error_code in error_codes:\n            error_info = getattr(ErrorCode, error_code)\n            if isinstance(error_info, list) and status in error_info:\n                exception_class = getattr(ExceptionMapping, error_code, WebDriverException)\n                break\n        else:\n            exception_class = WebDriverException\n    \n        if not value:\n            value = response[\"value\"]\n        if isinstance(value, str):\n            raise exception_class(value)\n        if message == \"\" and \"message\" in value:\n            message = value[\"message\"]\n    \n        screen = None  # type: ignore[assignment]\n        if \"screen\" in value:\n            screen = value[\"screen\"]\n    \n        stacktrace = None\n        st_value = value.get(\"stackTrace\") or value.get(\"stacktrace\")\n        if st_value:\n            if isinstance(st_value, str):\n                stacktrace = st_value.split(\"\\n\")\n            else:\n                stacktrace = []\n                try:\n                    for frame in st_value:\n                        line = frame.get(\"lineNumber\", \"\")\n                        file = frame.get(\"fileName\", \"<anonymous>\")\n                        if line:\n                            file = f\"{file}:{line}\"\n                        meth = frame.get(\"methodName\", \"<anonymous>\")\n                        if \"className\" in frame:\n                            meth = f\"{frame['className']}.{meth}\"\n                        msg = \"    at %s (%s)\"\n                        msg = msg % (meth, file)\n                        stacktrace.append(msg)\n                except TypeError:\n                    pass\n        if exception_class == UnexpectedAlertPresentException:\n            alert_text = None\n            if \"data\" in value:\n                alert_text = value[\"data\"].get(\"text\")\n            elif \"alert\" in value:\n                alert_text = value[\"alert\"].get(\"text\")\n            raise exception_class(message, screen, stacktrace, alert_text)  # type: ignore[call-arg]  # mypy is not smart enough here\n>       raise exception_class(message, screen, stacktrace)\nE       selenium.common.exceptions.NoSuchElementException: Message: no such element: Unable to locate element: {\"method\":\"xpath\",\"selector\":\"//input[@class='amount']\"}\nE         (Session info: headless chrome=118.0.5993.70); For documentation on this error, please visit: https://www.selenium.dev/documentation/webdriver/troubleshooting/errors#no-such-element-exception\nE       Stacktrace:\nE       #0 0x558d14bd6fb3 <unknown>\nE       #1 0x558d148aa4a7 <unknown>\nE       #2 0x558d148f1dd6 <unknown>\nE       #3 0x558d148f1ec1 <unknown>\nE       #4 0x558d1492f354 <unknown>\nE       #5 0x558d1491396d <unknown>\nE       #6 0x558d1492cc02 <unknown>\nE       #7 0x558d14913713 <unknown>\nE       #8 0x558d148e618b <unknown>\nE       #9 0x558d148e6f7e <unknown>\nE       #10 0x558d14b9c8d8 <unknown>\nE       #11 0x558d14ba0800 <unknown>\nE       #12 0x558d14baacfc <unknown>\nE       #13 0x558d14ba1418 <unknown>\nE       #14 0x558d14b6e42f <unknown>\nE       #15 0x558d14bc54e8 <unknown>\nE       #16 0x558d14bc56b4 <unknown>\nE       #17 0x558d14bd6143 <unknown>\nE       #18 0x7f49b286e044 <unknown>\n\n/usr/local/lib/python3.11/site-packages/selenium/webdriver/remote/errorhandler.py:229: NoSuchElementException","steps":[{"name":"Добавляем товар в корзину в количестве 66","time":{"start":1697936204293,"stop":1697936204370,"duration":77},"status":"broken","statusMessage":"selenium.common.exceptions.NoSuchElementException: Message: no such element: Unable to locate element: {\"method\":\"xpath\",\"selector\":\"//input[@class='amount']\"}\n  (Session info: headless chrome=118.0.5993.70); For documentation on this error, please visit: https://www.selenium.dev/documentation/webdriver/troubleshooting/errors#no-such-element-exception\nStacktrace:\n#0 0x558d14bd6fb3 <unknown>\n#1 0x558d148aa4a7 <unknown>\n#2 0x558d148f1dd6 <unknown>\n#3 0x558d148f1ec1 <unknown>\n#4 0x558d1492f354 <unknown>\n#5 0x558d1491396d <unknown>\n#6 0x558d1492cc02 <unknown>\n#7 0x558d14913713 <unknown>\n#8 0x558d148e618b <unknown>\n#9 0x558d148e6f7e <unknown>\n#10 0x558d14b9c8d8 <unknown>\n#11 0x558d14ba0800 <unknown>\n#12 0x558d14baacfc <unknown>\n#13 0x558d14ba1418 <unknown>\n#14 0x558d14b6e42f <unknown>\n#15 0x558d14bc54e8 <unknown>\n#16 0x558d14bc56b4 <unknown>\n#17 0x558d14bd6143 <unknown>\n#18 0x7f49b286e044 <unknown>\n\n","statusTrace":"  File \"/usr/local/lib/python3.11/site-packages/allure_commons/_allure.py\", line 192, in impl\n    return func(*a, **kw)\n           ^^^^^^^^^^^^^^\n  File \"/app/pages/item_page.py\", line 41, in add_item_to_cart\n    amount_field = self.find_element(self._item_amount)\n                   ^^^^^^^^^^^^^^^^^^^^^^^^^^^^^^^^^^^^\n  File \"/app/base/seleniumbase.py\", line 17, in find_element\n    return self.driver.find_element(*locator)\n           ^^^^^^^^^^^^^^^^^^^^^^^^^^^^^^^^^^\n  File \"/usr/local/lib/python3.11/site-packages/selenium/webdriver/remote/webdriver.py\", line 739, in find_element\n    return self.execute(Command.FIND_ELEMENT, {\"using\": by, \"value\": value})[\"value\"]\n           ^^^^^^^^^^^^^^^^^^^^^^^^^^^^^^^^^^^^^^^^^^^^^^^^^^^^^^^^^^^^^^^^^\n  File \"/usr/local/lib/python3.11/site-packages/selenium/webdriver/remote/webdriver.py\", line 345, in execute\n    self.error_handler.check_response(response)\n  File \"/usr/local/lib/python3.11/site-packages/selenium/webdriver/remote/errorhandler.py\", line 229, in check_response\n    raise exception_class(message, screen, stacktrace)\n","steps":[],"attachments":[],"parameters":[{"name":"amount","value":"66"}],"shouldDisplayMessage":true,"stepsCount":0,"attachmentsCount":0,"hasContent":true}],"attachments":[{"uid":"eeaf3667d4eef095","name":"Screenshot","source":"eeaf3667d4eef095.png","type":"image/png","size":115178},{"uid":"e097ceff7e6c773a","name":"HTML source","source":"e097ceff7e6c773a.html","type":"text/html","size":303988}],"parameters":[],"shouldDisplayMessage":true,"stepsCount":1,"attachmentsCount":2,"hasContent":true},"afterStages":[{"name":"setup::0","time":{"start":1697936204555,"stop":1697936204555,"duration":0},"status":"passed","steps":[],"attachments":[],"parameters":[],"shouldDisplayMessage":false,"stepsCount":0,"attachmentsCount":0,"hasContent":false},{"name":"driver::0","time":{"start":1697936204556,"stop":1697936204615,"duration":59},"status":"passed","steps":[],"attachments":[],"parameters":[],"shouldDisplayMessage":false,"stepsCount":0,"attachmentsCount":0,"hasContent":false}],"labels":[{"name":"epic","value":"Delivery Page - calculation"},{"name":"tag","value":"smoke_test"},{"name":"tag","value":"@pytest.mark.xfail"},{"name":"parentSuite","value":"tests.delivery"},{"name":"suite","value":"test_delivery_calculation"},{"name":"subSuite","value":"TestDeliveryPageCalculation"},{"name":"host","value":"6d6070895bf3"},{"name":"thread","value":"1-MainThread"},{"name":"framework","value":"pytest"},{"name":"language","value":"cpython3"},{"name":"package","value":"tests.delivery.test_delivery_calculation"},{"name":"resultFormat","value":"allure2"}],"parameters":[{"name":"all_time","value":"2980"},{"name":"amount","value":"66"},{"name":"case_id","value":"'TD 007'"},{"name":"in_time","value":"2490"},{"name":"link_item","value":"'products/shtukaturka-gipsovaya-aksolit-m50-30-kg-mashinnogo-naneseniya'"},{"name":"standard","value":"1300"},{"name":"url","value":"'https://sandboxtest.stroyrem-nn.ru/'"},{"name":"weight","value":"2000"}],"links":[],"hidden":false,"retry":false,"extra":{"severity":"normal","retries":[],"categories":[],"history":{"statistic":{"failed":0,"broken":13,"skipped":61,"passed":0,"unknown":0,"total":74},"items":[{"uid":"b5db188af9dd5269","reportUrl":"https://Nat754.github.io/StroyremAutomation/101//#testresult/b5db188af9dd5269","status":"skipped","statusDetails":"XFAIL\n\nselenium.common.exceptions.NoSuchElementException: Message: no such element: Unable to locate element: {\"method\":\"xpath\",\"selector\":\"//input[@class='amount']\"}\n  (Session info: headless chrome=118.0.5993.70); For documentation on this error, please visit: https://www.selenium.dev/documentation/webdriver/troubleshooting/errors#no-such-element-exception\nStacktrace:\n#0 0x55a767ab2fb3 <unknown>\n#1 0x55a7677864a7 <unknown>\n#2 0x55a7677cddd6 <unknown>\n#3 0x55a7677cdec1 <unknown>\n#4 0x55a76780b354 <unknown>\n#5 0x55a7677ef96d <unknown>\n#6 0x55a767808c02 <unknown>\n#7 0x55a7677ef713 <unknown>\n#8 0x55a7677c218b <unknown>\n#9 0x55a7677c2f7e <unknown>\n#10 0x55a767a788d8 <unknown>\n#11 0x55a767a7c800 <unknown>\n#12 0x55a767a86cfc <unknown>\n#13 0x55a767a7d418 <unknown>\n#14 0x55a767a4a42f <unknown>\n#15 0x55a767aa14e8 <unknown>\n#16 0x55a767aa16b4 <unknown>\n#17 0x55a767ab2143 <unknown>\n#18 0x7f2613543044 <unknown>","time":{"start":1697849546018,"stop":1697849551960,"duration":5942}},{"uid":"91441eef7e80b419","reportUrl":"https://Nat754.github.io/StroyremAutomation/100//#testresult/91441eef7e80b419","status":"skipped","statusDetails":"XFAIL\n\nselenium.common.exceptions.NoSuchElementException: Message: no such element: Unable to locate element: {\"method\":\"xpath\",\"selector\":\"//input[@class='amount']\"}\n  (Session info: headless chrome=118.0.5993.70); For documentation on this error, please visit: https://www.selenium.dev/documentation/webdriver/troubleshooting/errors#no-such-element-exception\nStacktrace:\n#0 0x55910950cfb3 <unknown>\n#1 0x5591091e04a7 <unknown>\n#2 0x559109227dd6 <unknown>\n#3 0x559109227ec1 <unknown>\n#4 0x559109265354 <unknown>\n#5 0x55910924996d <unknown>\n#6 0x559109262c02 <unknown>\n#7 0x559109249713 <unknown>\n#8 0x55910921c18b <unknown>\n#9 0x55910921cf7e <unknown>\n#10 0x5591094d28d8 <unknown>\n#11 0x5591094d6800 <unknown>\n#12 0x5591094e0cfc <unknown>\n#13 0x5591094d7418 <unknown>\n#14 0x5591094a442f <unknown>\n#15 0x5591094fb4e8 <unknown>\n#16 0x5591094fb6b4 <unknown>\n#17 0x55910950c143 <unknown>\n#18 0x7fd0bc29e044 <unknown>","time":{"start":1697763205665,"stop":1697763214508,"duration":8843}},{"uid":"bedfa5c688868f02","reportUrl":"https://Nat754.github.io/StroyremAutomation/99//#testresult/bedfa5c688868f02","status":"skipped","statusDetails":"XFAIL\n\nselenium.common.exceptions.NoSuchElementException: Message: no such element: Unable to locate element: {\"method\":\"xpath\",\"selector\":\"//input[@class='amount']\"}\n  (Session info: headless chrome=118.0.5993.70); For documentation on this error, please visit: https://www.selenium.dev/documentation/webdriver/troubleshooting/errors#no-such-element-exception\nStacktrace:\n#0 0x55e9eff32fb3 <unknown>\n#1 0x55e9efc064a7 <unknown>\n#2 0x55e9efc4ddd6 <unknown>\n#3 0x55e9efc4dec1 <unknown>\n#4 0x55e9efc8b354 <unknown>\n#5 0x55e9efc6f96d <unknown>\n#6 0x55e9efc88c02 <unknown>\n#7 0x55e9efc6f713 <unknown>\n#8 0x55e9efc4218b <unknown>\n#9 0x55e9efc42f7e <unknown>\n#10 0x55e9efef88d8 <unknown>\n#11 0x55e9efefc800 <unknown>\n#12 0x55e9eff06cfc <unknown>\n#13 0x55e9efefd418 <unknown>\n#14 0x55e9efeca42f <unknown>\n#15 0x55e9eff214e8 <unknown>\n#16 0x55e9eff216b4 <unknown>\n#17 0x55e9eff32143 <unknown>\n#18 0x7f8113346044 <unknown>","time":{"start":1697676796353,"stop":1697676801411,"duration":5058}},{"uid":"856c156911f9c80f","reportUrl":"https://Nat754.github.io/StroyremAutomation/98//#testresult/856c156911f9c80f","status":"skipped","statusDetails":"XFAIL\n\nselenium.common.exceptions.NoSuchElementException: Message: no such element: Unable to locate element: {\"method\":\"xpath\",\"selector\":\"//input[@class='amount']\"}\n  (Session info: headless chrome=118.0.5993.70); For documentation on this error, please visit: https://www.selenium.dev/documentation/webdriver/troubleshooting/errors#no-such-element-exception\nStacktrace:\n#0 0x55652a56dfb3 <unknown>\n#1 0x55652a2414a7 <unknown>\n#2 0x55652a288dd6 <unknown>\n#3 0x55652a288ec1 <unknown>\n#4 0x55652a2c6354 <unknown>\n#5 0x55652a2aa96d <unknown>\n#6 0x55652a2c3c02 <unknown>\n#7 0x55652a2aa713 <unknown>\n#8 0x55652a27d18b <unknown>\n#9 0x55652a27df7e <unknown>\n#10 0x55652a5338d8 <unknown>\n#11 0x55652a537800 <unknown>\n#12 0x55652a541cfc <unknown>\n#13 0x55652a538418 <unknown>\n#14 0x55652a50542f <unknown>\n#15 0x55652a55c4e8 <unknown>\n#16 0x55652a55c6b4 <unknown>\n#17 0x55652a56d143 <unknown>\n#18 0x7f83b1797044 <unknown>","time":{"start":1697590388272,"stop":1697590393458,"duration":5186}},{"uid":"4c8c9fc6da3d5db1","reportUrl":"https://Nat754.github.io/StroyremAutomation/97//#testresult/4c8c9fc6da3d5db1","status":"skipped","statusDetails":"XFAIL\n\nselenium.common.exceptions.NoSuchElementException: Message: no such element: Unable to locate element: {\"method\":\"xpath\",\"selector\":\"//input[@class='amount']\"}\n  (Session info: headless chrome=118.0.5993.70); For documentation on this error, please visit: https://www.selenium.dev/documentation/webdriver/troubleshooting/errors#no-such-element-exception\nStacktrace:\n#0 0x556a9cfd2fb3 <unknown>\n#1 0x556a9cca64a7 <unknown>\n#2 0x556a9cceddd6 <unknown>\n#3 0x556a9ccedec1 <unknown>\n#4 0x556a9cd2b354 <unknown>\n#5 0x556a9cd0f96d <unknown>\n#6 0x556a9cd28c02 <unknown>\n#7 0x556a9cd0f713 <unknown>\n#8 0x556a9cce218b <unknown>\n#9 0x556a9cce2f7e <unknown>\n#10 0x556a9cf988d8 <unknown>\n#11 0x556a9cf9c800 <unknown>\n#12 0x556a9cfa6cfc <unknown>\n#13 0x556a9cf9d418 <unknown>\n#14 0x556a9cf6a42f <unknown>\n#15 0x556a9cfc14e8 <unknown>\n#16 0x556a9cfc16b4 <unknown>\n#17 0x556a9cfd2143 <unknown>\n#18 0x7f9eae863044 <unknown>","time":{"start":1697504049650,"stop":1697504055143,"duration":5493}},{"uid":"b2edbf95ef6d5b9b","reportUrl":"https://Nat754.github.io/StroyremAutomation/96//#testresult/b2edbf95ef6d5b9b","status":"skipped","statusDetails":"XFAIL\n\nselenium.common.exceptions.NoSuchElementException: Message: no such element: Unable to locate element: {\"method\":\"xpath\",\"selector\":\"//input[@class='amount']\"}\n  (Session info: headless chrome=118.0.5993.70); For documentation on this error, please visit: https://www.selenium.dev/documentation/webdriver/troubleshooting/errors#no-such-element-exception\nStacktrace:\n#0 0x55c9a73befb3 <unknown>\n#1 0x55c9a70924a7 <unknown>\n#2 0x55c9a70d9dd6 <unknown>\n#3 0x55c9a70d9ec1 <unknown>\n#4 0x55c9a7117354 <unknown>\n#5 0x55c9a70fb96d <unknown>\n#6 0x55c9a7114c02 <unknown>\n#7 0x55c9a70fb713 <unknown>\n#8 0x55c9a70ce18b <unknown>\n#9 0x55c9a70cef7e <unknown>\n#10 0x55c9a73848d8 <unknown>\n#11 0x55c9a7388800 <unknown>\n#12 0x55c9a7392cfc <unknown>\n#13 0x55c9a7389418 <unknown>\n#14 0x55c9a735642f <unknown>\n#15 0x55c9a73ad4e8 <unknown>\n#16 0x55c9a73ad6b4 <unknown>\n#17 0x55c9a73be143 <unknown>\n#18 0x7f4cba430044 <unknown>","time":{"start":1697417682690,"stop":1697417688399,"duration":5709}},{"uid":"c315597c7fd8218c","reportUrl":"https://Nat754.github.io/StroyremAutomation/95//#testresult/c315597c7fd8218c","status":"skipped","statusDetails":"XFAIL\n\nselenium.common.exceptions.NoSuchElementException: Message: no such element: Unable to locate element: {\"method\":\"xpath\",\"selector\":\"(//a[@class='add-to-cart yellow-btn'])[1]\"}\n  (Session info: headless chrome=118.0.5993.70); For documentation on this error, please visit: https://www.selenium.dev/documentation/webdriver/troubleshooting/errors#no-such-element-exception\nStacktrace:\n#0 0x556be9651fb3 <unknown>\n#1 0x556be93254a7 <unknown>\n#2 0x556be936cdd6 <unknown>\n#3 0x556be936cec1 <unknown>\n#4 0x556be93aa354 <unknown>\n#5 0x556be938e96d <unknown>\n#6 0x556be93a7c02 <unknown>\n#7 0x556be938e713 <unknown>\n#8 0x556be936118b <unknown>\n#9 0x556be9361f7e <unknown>\n#10 0x556be96178d8 <unknown>\n#11 0x556be961b800 <unknown>\n#12 0x556be9625cfc <unknown>\n#13 0x556be961c418 <unknown>\n#14 0x556be95e942f <unknown>\n#15 0x556be96404e8 <unknown>\n#16 0x556be96406b4 <unknown>\n#17 0x556be9651143 <unknown>\n#18 0x7f2994306044 <unknown>","time":{"start":1697331462445,"stop":1697331463088,"duration":643}},{"uid":"453969e9f6dc7917","reportUrl":"https://Nat754.github.io/StroyremAutomation/94//#testresult/453969e9f6dc7917","status":"skipped","statusDetails":"XFAIL\n\nselenium.common.exceptions.NoSuchElementException: Message: no such element: Unable to locate element: {\"method\":\"xpath\",\"selector\":\"//input[@class='amount']\"}\n  (Session info: headless chrome=118.0.5993.70); For documentation on this error, please visit: https://www.selenium.dev/documentation/webdriver/troubleshooting/errors#no-such-element-exception\nStacktrace:\n#0 0x561422abbfb3 <unknown>\n#1 0x56142278f4a7 <unknown>\n#2 0x5614227d6dd6 <unknown>\n#3 0x5614227d6ec1 <unknown>\n#4 0x561422814354 <unknown>\n#5 0x5614227f896d <unknown>\n#6 0x561422811c02 <unknown>\n#7 0x5614227f8713 <unknown>\n#8 0x5614227cb18b <unknown>\n#9 0x5614227cbf7e <unknown>\n#10 0x561422a818d8 <unknown>\n#11 0x561422a85800 <unknown>\n#12 0x561422a8fcfc <unknown>\n#13 0x561422a86418 <unknown>\n#14 0x561422a5342f <unknown>\n#15 0x561422aaa4e8 <unknown>\n#16 0x561422aaa6b4 <unknown>\n#17 0x561422abb143 <unknown>\n#18 0x7fec0947c044 <unknown>","time":{"start":1697244834196,"stop":1697244839363,"duration":5167}},{"uid":"7f721ecf98fa634f","reportUrl":"https://Nat754.github.io/StroyremAutomation/93//#testresult/7f721ecf98fa634f","status":"skipped","statusDetails":"XFAIL\n\nselenium.common.exceptions.NoSuchElementException: Message: no such element: Unable to locate element: {\"method\":\"xpath\",\"selector\":\"(//a[@class='add-to-cart yellow-btn'])[1]\"}\n  (Session info: headless chrome=118.0.5993.70); For documentation on this error, please visit: https://www.selenium.dev/documentation/webdriver/troubleshooting/errors#no-such-element-exception\nStacktrace:\n#0 0x560c524b2fb3 <unknown>\n#1 0x560c521864a7 <unknown>\n#2 0x560c521cddd6 <unknown>\n#3 0x560c521cdec1 <unknown>\n#4 0x560c5220b354 <unknown>\n#5 0x560c521ef96d <unknown>\n#6 0x560c52208c02 <unknown>\n#7 0x560c521ef713 <unknown>\n#8 0x560c521c218b <unknown>\n#9 0x560c521c2f7e <unknown>\n#10 0x560c524788d8 <unknown>\n#11 0x560c5247c800 <unknown>\n#12 0x560c52486cfc <unknown>\n#13 0x560c5247d418 <unknown>\n#14 0x560c5244a42f <unknown>\n#15 0x560c524a14e8 <unknown>\n#16 0x560c524a16b4 <unknown>\n#17 0x560c524b2143 <unknown>\n#18 0x7f32d447a044 <unknown>","time":{"start":1697158493791,"stop":1697158498792,"duration":5001}},{"uid":"228ec86d0a07d20d","reportUrl":"https://Nat754.github.io/StroyremAutomation/92//#testresult/228ec86d0a07d20d","status":"skipped","statusDetails":"XFAIL\n\nselenium.common.exceptions.NoSuchElementException: Message: no such element: Unable to locate element: {\"method\":\"xpath\",\"selector\":\"(//a[@class='add-to-cart yellow-btn'])[1]\"}\n  (Session info: headless chrome=118.0.5993.70); For documentation on this error, please visit: https://www.selenium.dev/documentation/webdriver/troubleshooting/errors#no-such-element-exception\nStacktrace:\n#0 0x5589e2cbbfb3 <unknown>\n#1 0x5589e298f4a7 <unknown>\n#2 0x5589e29d6dd6 <unknown>\n#3 0x5589e29d6ec1 <unknown>\n#4 0x5589e2a14354 <unknown>\n#5 0x5589e29f896d <unknown>\n#6 0x5589e2a11c02 <unknown>\n#7 0x5589e29f8713 <unknown>\n#8 0x5589e29cb18b <unknown>\n#9 0x5589e29cbf7e <unknown>\n#10 0x5589e2c818d8 <unknown>\n#11 0x5589e2c85800 <unknown>\n#12 0x5589e2c8fcfc <unknown>\n#13 0x5589e2c86418 <unknown>\n#14 0x5589e2c5342f <unknown>\n#15 0x5589e2caa4e8 <unknown>\n#16 0x5589e2caa6b4 <unknown>\n#17 0x5589e2cbb143 <unknown>\n#18 0x7f4c21720044 <unknown>","time":{"start":1697071876090,"stop":1697071879580,"duration":3490}},{"uid":"3cd66c7543e5059a","reportUrl":"https://Nat754.github.io/StroyremAutomation/91//#testresult/3cd66c7543e5059a","status":"skipped","statusDetails":"XFAIL\n\nselenium.common.exceptions.NoSuchElementException: Message: no such element: Unable to locate element: {\"method\":\"xpath\",\"selector\":\"(//a[@class='add-to-cart yellow-btn'])[1]\"}\n  (Session info: headless chrome=118.0.5993.70); For documentation on this error, please visit: https://www.selenium.dev/documentation/webdriver/troubleshooting/errors#no-such-element-exception\nStacktrace:\n#0 0x56007b3e7fb3 <unknown>\n#1 0x56007b0bb4a7 <unknown>\n#2 0x56007b102dd6 <unknown>\n#3 0x56007b102ec1 <unknown>\n#4 0x56007b140354 <unknown>\n#5 0x56007b12496d <unknown>\n#6 0x56007b13dc02 <unknown>\n#7 0x56007b124713 <unknown>\n#8 0x56007b0f718b <unknown>\n#9 0x56007b0f7f7e <unknown>\n#10 0x56007b3ad8d8 <unknown>\n#11 0x56007b3b1800 <unknown>\n#12 0x56007b3bbcfc <unknown>\n#13 0x56007b3b2418 <unknown>\n#14 0x56007b37f42f <unknown>\n#15 0x56007b3d64e8 <unknown>\n#16 0x56007b3d66b4 <unknown>\n#17 0x56007b3e7143 <unknown>\n#18 0x7fa179d05044 <unknown>","time":{"start":1696985577822,"stop":1696985580539,"duration":2717}},{"uid":"66335c3fd4b63e02","reportUrl":"https://Nat754.github.io/StroyremAutomation/90//#testresult/66335c3fd4b63e02","status":"skipped","statusDetails":"XFAIL\n\nselenium.common.exceptions.NoSuchElementException: Message: no such element: Unable to locate element: {\"method\":\"xpath\",\"selector\":\"(//a[@class='add-to-cart yellow-btn'])[1]\"}\n  (Session info: headless chrome=117.0.5938.149); For documentation on this error, please visit: https://www.selenium.dev/documentation/webdriver/troubleshooting/errors#no-such-element-exception\nStacktrace:\n#0 0x56380faf9933 <unknown>\n#1 0x56380f7d36f7 <unknown>\n#2 0x56380f81aaa6 <unknown>\n#3 0x56380f81ab91 <unknown>\n#4 0x56380f857fc4 <unknown>\n#5 0x56380f83c62d <unknown>\n#6 0x56380f855857 <unknown>\n#7 0x56380f83c3d3 <unknown>\n#8 0x56380f80ee64 <unknown>\n#9 0x56380f80fc4e <unknown>\n#10 0x56380fabf558 <unknown>\n#11 0x56380fac34a0 <unknown>\n#12 0x56380facd97c <unknown>\n#13 0x56380fac40b8 <unknown>\n#14 0x56380fa8fcdf <unknown>\n#15 0x56380fae8048 <unknown>\n#16 0x56380fae8219 <unknown>\n#17 0x56380faf8ac3 <unknown>\n#18 0x7f1667d56044 <unknown>","time":{"start":1696899153946,"stop":1696899154463,"duration":517}},{"uid":"9ca32ca8b79a6a93","reportUrl":"https://Nat754.github.io/StroyremAutomation/89//#testresult/9ca32ca8b79a6a93","status":"skipped","statusDetails":"XFAIL\n\nselenium.common.exceptions.NoSuchElementException: Message: no such element: Unable to locate element: {\"method\":\"xpath\",\"selector\":\"(//a[@class='add-to-cart yellow-btn'])[1]\"}\n  (Session info: headless chrome=117.0.5938.149); For documentation on this error, please visit: https://www.selenium.dev/documentation/webdriver/troubleshooting/errors#no-such-element-exception\nStacktrace:\n#0 0x55825b60c933 <unknown>\n#1 0x55825b2e66f7 <unknown>\n#2 0x55825b32daa6 <unknown>\n#3 0x55825b32db91 <unknown>\n#4 0x55825b36afc4 <unknown>\n#5 0x55825b34f62d <unknown>\n#6 0x55825b368857 <unknown>\n#7 0x55825b34f3d3 <unknown>\n#8 0x55825b321e64 <unknown>\n#9 0x55825b322c4e <unknown>\n#10 0x55825b5d2558 <unknown>\n#11 0x55825b5d64a0 <unknown>\n#12 0x55825b5e097c <unknown>\n#13 0x55825b5d70b8 <unknown>\n#14 0x55825b5a2cdf <unknown>\n#15 0x55825b5fb048 <unknown>\n#16 0x55825b5fb219 <unknown>\n#17 0x55825b60bac3 <unknown>\n#18 0x7fb30a09c044 <unknown>","time":{"start":1696812773736,"stop":1696812774388,"duration":652}},{"uid":"7de0b9222a5ffa74","reportUrl":"https://Nat754.github.io/StroyremAutomation/88//#testresult/7de0b9222a5ffa74","status":"skipped","statusDetails":"XFAIL\n\nselenium.common.exceptions.NoSuchElementException: Message: no such element: Unable to locate element: {\"method\":\"xpath\",\"selector\":\"(//a[@class='add-to-cart yellow-btn'])[1]\"}\n  (Session info: headless chrome=117.0.5938.149); For documentation on this error, please visit: https://www.selenium.dev/documentation/webdriver/troubleshooting/errors#no-such-element-exception\nStacktrace:\n#0 0x55e185514933 <unknown>\n#1 0x55e1851ee6f7 <unknown>\n#2 0x55e185235aa6 <unknown>\n#3 0x55e185235b91 <unknown>\n#4 0x55e185272fc4 <unknown>\n#5 0x55e18525762d <unknown>\n#6 0x55e185270857 <unknown>\n#7 0x55e1852573d3 <unknown>\n#8 0x55e185229e64 <unknown>\n#9 0x55e18522ac4e <unknown>\n#10 0x55e1854da558 <unknown>\n#11 0x55e1854de4a0 <unknown>\n#12 0x55e1854e897c <unknown>\n#13 0x55e1854df0b8 <unknown>\n#14 0x55e1854aacdf <unknown>\n#15 0x55e185503048 <unknown>\n#16 0x55e185503219 <unknown>\n#17 0x55e185513ac3 <unknown>\n#18 0x7f1599cc1044 <unknown>","time":{"start":1696726682952,"stop":1696726683637,"duration":685}},{"uid":"a7be2d394299f2a1","reportUrl":"https://Nat754.github.io/StroyremAutomation/87//#testresult/a7be2d394299f2a1","status":"skipped","statusDetails":"XFAIL\n\nselenium.common.exceptions.NoSuchElementException: Message: no such element: Unable to locate element: {\"method\":\"xpath\",\"selector\":\"(//a[@class='add-to-cart yellow-btn'])[1]\"}\n  (Session info: headless chrome=117.0.5938.149); For documentation on this error, please visit: https://www.selenium.dev/documentation/webdriver/troubleshooting/errors#no-such-element-exception\nStacktrace:\n#0 0x5626f0304933 <unknown>\n#1 0x5626effde6f7 <unknown>\n#2 0x5626f0025aa6 <unknown>\n#3 0x5626f0025b91 <unknown>\n#4 0x5626f0062fc4 <unknown>\n#5 0x5626f004762d <unknown>\n#6 0x5626f0060857 <unknown>\n#7 0x5626f00473d3 <unknown>\n#8 0x5626f0019e64 <unknown>\n#9 0x5626f001ac4e <unknown>\n#10 0x5626f02ca558 <unknown>\n#11 0x5626f02ce4a0 <unknown>\n#12 0x5626f02d897c <unknown>\n#13 0x5626f02cf0b8 <unknown>\n#14 0x5626f029acdf <unknown>\n#15 0x5626f02f3048 <unknown>\n#16 0x5626f02f3219 <unknown>\n#17 0x5626f0303ac3 <unknown>\n#18 0x7fe9e5c43044 <unknown>","time":{"start":1696639903534,"stop":1696639904030,"duration":496}},{"uid":"4417f3a8745f0683","reportUrl":"https://Nat754.github.io/StroyremAutomation/86//#testresult/4417f3a8745f0683","status":"skipped","statusDetails":"XFAIL\n\nselenium.common.exceptions.NoSuchElementException: Message: no such element: Unable to locate element: {\"method\":\"xpath\",\"selector\":\"(//a[@class='add-to-cart yellow-btn'])[1]\"}\n  (Session info: headless chrome=117.0.5938.149); For documentation on this error, please visit: https://www.selenium.dev/documentation/webdriver/troubleshooting/errors#no-such-element-exception\nStacktrace:\n#0 0x55a407416933 <unknown>\n#1 0x55a4070f06f7 <unknown>\n#2 0x55a407137aa6 <unknown>\n#3 0x55a407137b91 <unknown>\n#4 0x55a407174fc4 <unknown>\n#5 0x55a40715962d <unknown>\n#6 0x55a407172857 <unknown>\n#7 0x55a4071593d3 <unknown>\n#8 0x55a40712be64 <unknown>\n#9 0x55a40712cc4e <unknown>\n#10 0x55a4073dc558 <unknown>\n#11 0x55a4073e04a0 <unknown>\n#12 0x55a4073ea97c <unknown>\n#13 0x55a4073e10b8 <unknown>\n#14 0x55a4073accdf <unknown>\n#15 0x55a407405048 <unknown>\n#16 0x55a407405219 <unknown>\n#17 0x55a407415ac3 <unknown>\n#18 0x7f2b73154044 <unknown>","time":{"start":1696553547887,"stop":1696553548453,"duration":566}},{"uid":"9f4b9921746a247e","reportUrl":"https://Nat754.github.io/StroyremAutomation/85//#testresult/9f4b9921746a247e","status":"skipped","statusDetails":"XFAIL\n\nselenium.common.exceptions.NoSuchElementException: Message: no such element: Unable to locate element: {\"method\":\"xpath\",\"selector\":\"(//a[@class='add-to-cart yellow-btn'])[1]\"}\n  (Session info: headless chrome=117.0.5938.149); For documentation on this error, please visit: https://www.selenium.dev/documentation/webdriver/troubleshooting/errors#no-such-element-exception\nStacktrace:\n#0 0x55af5da2c933 <unknown>\n#1 0x55af5d7066f7 <unknown>\n#2 0x55af5d74daa6 <unknown>\n#3 0x55af5d74db91 <unknown>\n#4 0x55af5d78afc4 <unknown>\n#5 0x55af5d76f62d <unknown>\n#6 0x55af5d788857 <unknown>\n#7 0x55af5d76f3d3 <unknown>\n#8 0x55af5d741e64 <unknown>\n#9 0x55af5d742c4e <unknown>\n#10 0x55af5d9f2558 <unknown>\n#11 0x55af5d9f64a0 <unknown>\n#12 0x55af5da0097c <unknown>\n#13 0x55af5d9f70b8 <unknown>\n#14 0x55af5d9c2cdf <unknown>\n#15 0x55af5da1b048 <unknown>\n#16 0x55af5da1b219 <unknown>\n#17 0x55af5da2bac3 <unknown>\n#18 0x7fc6e547f044 <unknown>","time":{"start":1696467272843,"stop":1696467273398,"duration":555}},{"uid":"91a89f5794ff738f","reportUrl":"https://Nat754.github.io/StroyremAutomation/84//#testresult/91a89f5794ff738f","status":"skipped","statusDetails":"XFAIL\n\nselenium.common.exceptions.NoSuchElementException: Message: no such element: Unable to locate element: {\"method\":\"xpath\",\"selector\":\"(//a[@class='add-to-cart yellow-btn'])[1]\"}\n  (Session info: headless chrome=117.0.5938.92); For documentation on this error, please visit: https://www.selenium.dev/documentation/webdriver/troubleshooting/errors#no-such-element-exception\nStacktrace:\n#0 0x55f8f00a66b3 <unknown>\n#1 0x55f8efd7c1e7 <unknown>\n#2 0x55f8efdc3566 <unknown>\n#3 0x55f8efdc3651 <unknown>\n#4 0x55f8efe00a74 <unknown>\n#5 0x55f8efde50ed <unknown>\n#6 0x55f8efdfe322 <unknown>\n#7 0x55f8efde4e93 <unknown>\n#8 0x55f8efdb7934 <unknown>\n#9 0x55f8efdb871e <unknown>\n#10 0x55f8f006bcb8 <unknown>\n#11 0x55f8f006fbf0 <unknown>\n#12 0x55f8f007a19c <unknown>\n#13 0x55f8f0070808 <unknown>\n#14 0x55f8f003d27f <unknown>\n#15 0x55f8f0094e88 <unknown>\n#16 0x55f8f0095059 <unknown>\n#17 0x55f8f00a5843 <unknown>\n#18 0x7f72ed117044 <unknown>","time":{"start":1696380799233,"stop":1696380799981,"duration":748}},{"uid":"137f78727685b91d","reportUrl":"https://Nat754.github.io/StroyremAutomation/83//#testresult/137f78727685b91d","status":"skipped","statusDetails":"XFAIL\n\nselenium.common.exceptions.NoSuchElementException: Message: no such element: Unable to locate element: {\"method\":\"xpath\",\"selector\":\"(//a[@class='add-to-cart yellow-btn'])[1]\"}\n  (Session info: headless chrome=117.0.5938.92); For documentation on this error, please visit: https://www.selenium.dev/documentation/webdriver/troubleshooting/errors#no-such-element-exception\nStacktrace:\n#0 0x55b5826b16b3 <unknown>\n#1 0x55b5823871e7 <unknown>\n#2 0x55b5823ce566 <unknown>\n#3 0x55b5823ce651 <unknown>\n#4 0x55b58240ba74 <unknown>\n#5 0x55b5823f00ed <unknown>\n#6 0x55b582409322 <unknown>\n#7 0x55b5823efe93 <unknown>\n#8 0x55b5823c2934 <unknown>\n#9 0x55b5823c371e <unknown>\n#10 0x55b582676cb8 <unknown>\n#11 0x55b58267abf0 <unknown>\n#12 0x55b58268519c <unknown>\n#13 0x55b58267b808 <unknown>\n#14 0x55b58264827f <unknown>\n#15 0x55b58269fe88 <unknown>\n#16 0x55b5826a0059 <unknown>\n#17 0x55b5826b0843 <unknown>\n#18 0x7fb00814c044 <unknown>","time":{"start":1696294384015,"stop":1696294384685,"duration":670}},{"uid":"6bbff36094e80777","reportUrl":"https://Nat754.github.io/StroyremAutomation/82//#testresult/6bbff36094e80777","status":"skipped","statusDetails":"XFAIL\n\nselenium.common.exceptions.NoSuchElementException: Message: no such element: Unable to locate element: {\"method\":\"xpath\",\"selector\":\"(//a[@class='add-to-cart yellow-btn'])[1]\"}\n  (Session info: headless chrome=117.0.5938.92); For documentation on this error, please visit: https://www.selenium.dev/documentation/webdriver/troubleshooting/errors#no-such-element-exception\nStacktrace:\n#0 0x55f1cf6626b3 <unknown>\n#1 0x55f1cf3381e7 <unknown>\n#2 0x55f1cf37f566 <unknown>\n#3 0x55f1cf37f651 <unknown>\n#4 0x55f1cf3bca74 <unknown>\n#5 0x55f1cf3a10ed <unknown>\n#6 0x55f1cf3ba322 <unknown>\n#7 0x55f1cf3a0e93 <unknown>\n#8 0x55f1cf373934 <unknown>\n#9 0x55f1cf37471e <unknown>\n#10 0x55f1cf627cb8 <unknown>\n#11 0x55f1cf62bbf0 <unknown>\n#12 0x55f1cf63619c <unknown>\n#13 0x55f1cf62c808 <unknown>\n#14 0x55f1cf5f927f <unknown>\n#15 0x55f1cf650e88 <unknown>\n#16 0x55f1cf651059 <unknown>\n#17 0x55f1cf661843 <unknown>\n#18 0x7fb48a2b8044 <unknown>","time":{"start":1696282074996,"stop":1696282075790,"duration":794}}]},"tags":["@pytest.mark.xfail","smoke_test"]},"source":"fed4bbb614607074.json","parameterValues":["2980","66","'TD 007'","2490","'products/shtukaturka-gipsovaya-aksolit-m50-30-kg-mashinnogo-naneseniya'","1300","'https://sandboxtest.stroyrem-nn.ru/'","2000"]}