{"uid":"954cb962e1cf13e4","name":"TD 024 Доставка товара весом до 9000кг. в синей зоне","fullName":"tests.delivery.test_delivery_calculation.TestDeliveryPageCalculation#test_positive_delivery_blue_zone_smoke","historyId":"69e5dca98f2a435ef5ba1c77ef0ca605","time":{"start":1706489630725,"stop":1706489631130,"duration":405},"status":"skipped","statusMessage":"XFAIL\n\nselenium.common.exceptions.NoSuchElementException: Message: no such element: Unable to locate element: {\"method\":\"xpath\",\"selector\":\"(//a[@class='add-to-cart yellow-btn'])[1]\"}\n  (Session info: chrome-headless-shell=121.0.6167.85); For documentation on this error, please visit: https://www.selenium.dev/documentation/webdriver/troubleshooting/errors#no-such-element-exception\nStacktrace:\n#0 0x5564ab0e9d93 <unknown>\n#1 0x5564aadcd337 <unknown>\n#2 0x5564aae18d60 <unknown>\n#3 0x5564aae18e51 <unknown>\n#4 0x5564aae5cbc4 <unknown>\n#5 0x5564aae3b46d <unknown>\n#6 0x5564aae5a12d <unknown>\n#7 0x5564aae3b1e3 <unknown>\n#8 0x5564aae0b135 <unknown>\n#9 0x5564aae0c13e <unknown>\n#10 0x5564ab0ade4b <unknown>\n#11 0x5564ab0b1dfa <unknown>\n#12 0x5564ab09a6d5 <unknown>\n#13 0x5564ab0b2a6f <unknown>\n#14 0x5564ab07e69f <unknown>\n#15 0x5564ab0d7098 <unknown>\n#16 0x5564ab0d7262 <unknown>\n#17 0x5564ab0e8f34 <unknown>\n#18 0x7f1ab2dd6044 <unknown>","statusTrace":"self = <tests.delivery.test_delivery_calculation.TestDeliveryPageCalculation object at 0x7f43c9ba7b90>\ndriver = <selenium.webdriver.chrome.webdriver.WebDriver (session=\"7054df8cd1f0e53fcca130794a8a20c2\")>\nurl = 'https://sandboxtest.stroyrem-nn.ru/', case_id = 'TD 024'\nlink_item = 'products/shtukaturka-gipsovaya-aksolit-m50-30-kg-mashinnogo-naneseniya'\namount = 299, weight = 9000, standard = 4300, in_time = 9900, all_time = 11440\n\n    @pytest.mark.parametrize('case_id, link_item, amount, weight, standard, in_time, all_time', [\n        (\"TD 015\", bundeks_25, 1, 30, 650, 2390, 3320),\n        pytest.param(\n            \"TD 016\", aksolit_30, 8, 300, 650, 2390, 3320,\n            marks=pytest.mark.xfail(reson=\"Цена доставки: - - -\")\n        ),\n        (\"TD 017\", aksolit_30, 13, 400, 650, 2390, 3320),\n        (\"TD 018\", aksolit_30, 16, 500, 850, 2490, 3320),\n        (\"TD 019\", aksolit_30, 25, 1700, 1150, 2490, 3320),\n        (\"TD 020\", aksolit_30, 66, 2000, 1500, 2990, 3650),\n        (\"TD 021\", aksolit_30, 149, 4500, 2600, 4380, 4890),\n        (\"TD 022\", aksolit_30, 166, 5000, 2800, 5490, 5980),\n        pytest.param(\n            \"TD 023\", aksolit_30, 206, 6200, 3300, 7500, 8000,\n            marks=pytest.mark.xfail(reson=\"Цена доставки: 4300 9900 11440\")\n        ),\n        (\"TD 024\", aksolit_30, 299, 9000, 4300, 9900, 11440),\n        (\"TD 025\", aksolit_30, 333, 10000, 7000, 13900, 15900),\n        pytest.param(\n            \"TD 026\", aksolit_30, 366, 11000, 8000, 14900, 19900,\n            marks=pytest.mark.xfail(reson=\"Цена доставки: 7000 13900 15900\")\n        ),\n        pytest.param(\n            \"TD 027\", aksolit_30, 666, 20000, 14000, 16900, 23900,\n            marks=pytest.mark.xfail(reson=\"Цена доставки: 7000 13900 15900\")\n        )\n    ])\n    @pytest.mark.xfail\n    @pytest.mark.smoke_test\n    def test_positive_delivery_blue_zone_smoke(\n            self, driver, url, case_id, link_item, amount, weight, standard, in_time, all_time\n    ):\n        allure.dynamic.title(f\"{case_id} Доставка товара весом до {weight}кг. в синей зоне\")\n    \n        driver.get(f'{url}{link_item}')\n        item_page = ItemPage(driver)\n>       item_page.add_item_to_cart(amount).click_on_cart()\n\ntests/delivery/test_delivery_calculation.py:132: \n_ _ _ _ _ _ _ _ _ _ _ _ _ _ _ _ _ _ _ _ _ _ _ _ _ _ _ _ _ _ _ _ _ _ _ _ _ _ _ _ \npages/item_page.py:40: in add_item_to_cart\n    self.find_element(self._add_item).click()\nbase/seleniumbase.py:17: in find_element\n    return self.driver.find_element(*locator)\n/usr/local/lib/python3.11/site-packages/selenium/webdriver/remote/webdriver.py:739: in find_element\n    return self.execute(Command.FIND_ELEMENT, {\"using\": by, \"value\": value})[\"value\"]\n/usr/local/lib/python3.11/site-packages/selenium/webdriver/remote/webdriver.py:345: in execute\n    self.error_handler.check_response(response)\n_ _ _ _ _ _ _ _ _ _ _ _ _ _ _ _ _ _ _ _ _ _ _ _ _ _ _ _ _ _ _ _ _ _ _ _ _ _ _ _ \n\nself = <selenium.webdriver.remote.errorhandler.ErrorHandler object at 0x7f43c8ab3e90>\nresponse = {'status': 404, 'value': '{\"value\":{\"error\":\"no such element\",\"message\":\"no such element: Unable to locate element: {\\...\\\\n#16 0x5564ab0d7262 \\\\u003Cunknown>\\\\n#17 0x5564ab0e8f34 \\\\u003Cunknown>\\\\n#18 0x7f1ab2dd6044 \\\\u003Cunknown>\\\\n\"}}'}\n\n    def check_response(self, response: Dict[str, Any]) -> None:\n        \"\"\"Checks that a JSON response from the WebDriver does not have an\n        error.\n    \n        :Args:\n         - response - The JSON response from the WebDriver server as a dictionary\n           object.\n    \n        :Raises: If the response contains an error message.\n        \"\"\"\n        status = response.get(\"status\", None)\n        if not status or status == ErrorCode.SUCCESS:\n            return\n        value = None\n        message = response.get(\"message\", \"\")\n        screen: str = response.get(\"screen\", \"\")\n        stacktrace = None\n        if isinstance(status, int):\n            value_json = response.get(\"value\", None)\n            if value_json and isinstance(value_json, str):\n                import json\n    \n                try:\n                    value = json.loads(value_json)\n                    if len(value) == 1:\n                        value = value[\"value\"]\n                    status = value.get(\"error\", None)\n                    if not status:\n                        status = value.get(\"status\", ErrorCode.UNKNOWN_ERROR)\n                        message = value.get(\"value\") or value.get(\"message\")\n                        if not isinstance(message, str):\n                            value = message\n                            message = message.get(\"message\")\n                    else:\n                        message = value.get(\"message\", None)\n                except ValueError:\n                    pass\n    \n        exception_class: Type[WebDriverException]\n        e = ErrorCode()\n        error_codes = [item for item in dir(e) if not item.startswith(\"__\")]\n        for error_code in error_codes:\n            error_info = getattr(ErrorCode, error_code)\n            if isinstance(error_info, list) and status in error_info:\n                exception_class = getattr(ExceptionMapping, error_code, WebDriverException)\n                break\n        else:\n            exception_class = WebDriverException\n    \n        if not value:\n            value = response[\"value\"]\n        if isinstance(value, str):\n            raise exception_class(value)\n        if message == \"\" and \"message\" in value:\n            message = value[\"message\"]\n    \n        screen = None  # type: ignore[assignment]\n        if \"screen\" in value:\n            screen = value[\"screen\"]\n    \n        stacktrace = None\n        st_value = value.get(\"stackTrace\") or value.get(\"stacktrace\")\n        if st_value:\n            if isinstance(st_value, str):\n                stacktrace = st_value.split(\"\\n\")\n            else:\n                stacktrace = []\n                try:\n                    for frame in st_value:\n                        line = frame.get(\"lineNumber\", \"\")\n                        file = frame.get(\"fileName\", \"<anonymous>\")\n                        if line:\n                            file = f\"{file}:{line}\"\n                        meth = frame.get(\"methodName\", \"<anonymous>\")\n                        if \"className\" in frame:\n                            meth = f\"{frame['className']}.{meth}\"\n                        msg = \"    at %s (%s)\"\n                        msg = msg % (meth, file)\n                        stacktrace.append(msg)\n                except TypeError:\n                    pass\n        if exception_class == UnexpectedAlertPresentException:\n            alert_text = None\n            if \"data\" in value:\n                alert_text = value[\"data\"].get(\"text\")\n            elif \"alert\" in value:\n                alert_text = value[\"alert\"].get(\"text\")\n            raise exception_class(message, screen, stacktrace, alert_text)  # type: ignore[call-arg]  # mypy is not smart enough here\n>       raise exception_class(message, screen, stacktrace)\nE       selenium.common.exceptions.NoSuchElementException: Message: no such element: Unable to locate element: {\"method\":\"xpath\",\"selector\":\"(//a[@class='add-to-cart yellow-btn'])[1]\"}\nE         (Session info: chrome-headless-shell=121.0.6167.85); For documentation on this error, please visit: https://www.selenium.dev/documentation/webdriver/troubleshooting/errors#no-such-element-exception\nE       Stacktrace:\nE       #0 0x5564ab0e9d93 <unknown>\nE       #1 0x5564aadcd337 <unknown>\nE       #2 0x5564aae18d60 <unknown>\nE       #3 0x5564aae18e51 <unknown>\nE       #4 0x5564aae5cbc4 <unknown>\nE       #5 0x5564aae3b46d <unknown>\nE       #6 0x5564aae5a12d <unknown>\nE       #7 0x5564aae3b1e3 <unknown>\nE       #8 0x5564aae0b135 <unknown>\nE       #9 0x5564aae0c13e <unknown>\nE       #10 0x5564ab0ade4b <unknown>\nE       #11 0x5564ab0b1dfa <unknown>\nE       #12 0x5564ab09a6d5 <unknown>\nE       #13 0x5564ab0b2a6f <unknown>\nE       #14 0x5564ab07e69f <unknown>\nE       #15 0x5564ab0d7098 <unknown>\nE       #16 0x5564ab0d7262 <unknown>\nE       #17 0x5564ab0e8f34 <unknown>\nE       #18 0x7f1ab2dd6044 <unknown>\n\n/usr/local/lib/python3.11/site-packages/selenium/webdriver/remote/errorhandler.py:229: NoSuchElementException","flaky":false,"newFailed":false,"newBroken":false,"newPassed":false,"retriesCount":0,"retriesStatusChange":false,"beforeStages":[{"name":"_session_faker","time":{"start":1706489333346,"stop":1706489333429,"duration":83},"status":"passed","steps":[],"attachments":[],"parameters":[],"shouldDisplayMessage":false,"stepsCount":0,"attachmentsCount":0,"hasContent":false,"attachmentStep":false},{"name":"clear_allure_results_folder","time":{"start":1706489333429,"stop":1706489333429,"duration":0},"status":"passed","steps":[],"attachments":[],"parameters":[],"shouldDisplayMessage":false,"stepsCount":0,"attachmentsCount":0,"hasContent":false,"attachmentStep":false},{"name":"driver","time":{"start":1706489629950,"stop":1706489630724,"duration":774},"status":"passed","steps":[],"attachments":[],"parameters":[],"shouldDisplayMessage":false,"stepsCount":0,"attachmentsCount":0,"hasContent":false,"attachmentStep":false},{"name":"setup","time":{"start":1706489630724,"stop":1706489630724,"duration":0},"status":"passed","steps":[],"attachments":[],"parameters":[],"shouldDisplayMessage":false,"stepsCount":0,"attachmentsCount":0,"hasContent":false,"attachmentStep":false}],"testStage":{"status":"skipped","statusMessage":"XFAIL\n\nselenium.common.exceptions.NoSuchElementException: Message: no such element: Unable to locate element: {\"method\":\"xpath\",\"selector\":\"(//a[@class='add-to-cart yellow-btn'])[1]\"}\n  (Session info: chrome-headless-shell=121.0.6167.85); For documentation on this error, please visit: https://www.selenium.dev/documentation/webdriver/troubleshooting/errors#no-such-element-exception\nStacktrace:\n#0 0x5564ab0e9d93 <unknown>\n#1 0x5564aadcd337 <unknown>\n#2 0x5564aae18d60 <unknown>\n#3 0x5564aae18e51 <unknown>\n#4 0x5564aae5cbc4 <unknown>\n#5 0x5564aae3b46d <unknown>\n#6 0x5564aae5a12d <unknown>\n#7 0x5564aae3b1e3 <unknown>\n#8 0x5564aae0b135 <unknown>\n#9 0x5564aae0c13e <unknown>\n#10 0x5564ab0ade4b <unknown>\n#11 0x5564ab0b1dfa <unknown>\n#12 0x5564ab09a6d5 <unknown>\n#13 0x5564ab0b2a6f <unknown>\n#14 0x5564ab07e69f <unknown>\n#15 0x5564ab0d7098 <unknown>\n#16 0x5564ab0d7262 <unknown>\n#17 0x5564ab0e8f34 <unknown>\n#18 0x7f1ab2dd6044 <unknown>","statusTrace":"self = <tests.delivery.test_delivery_calculation.TestDeliveryPageCalculation object at 0x7f43c9ba7b90>\ndriver = <selenium.webdriver.chrome.webdriver.WebDriver (session=\"7054df8cd1f0e53fcca130794a8a20c2\")>\nurl = 'https://sandboxtest.stroyrem-nn.ru/', case_id = 'TD 024'\nlink_item = 'products/shtukaturka-gipsovaya-aksolit-m50-30-kg-mashinnogo-naneseniya'\namount = 299, weight = 9000, standard = 4300, in_time = 9900, all_time = 11440\n\n    @pytest.mark.parametrize('case_id, link_item, amount, weight, standard, in_time, all_time', [\n        (\"TD 015\", bundeks_25, 1, 30, 650, 2390, 3320),\n        pytest.param(\n            \"TD 016\", aksolit_30, 8, 300, 650, 2390, 3320,\n            marks=pytest.mark.xfail(reson=\"Цена доставки: - - -\")\n        ),\n        (\"TD 017\", aksolit_30, 13, 400, 650, 2390, 3320),\n        (\"TD 018\", aksolit_30, 16, 500, 850, 2490, 3320),\n        (\"TD 019\", aksolit_30, 25, 1700, 1150, 2490, 3320),\n        (\"TD 020\", aksolit_30, 66, 2000, 1500, 2990, 3650),\n        (\"TD 021\", aksolit_30, 149, 4500, 2600, 4380, 4890),\n        (\"TD 022\", aksolit_30, 166, 5000, 2800, 5490, 5980),\n        pytest.param(\n            \"TD 023\", aksolit_30, 206, 6200, 3300, 7500, 8000,\n            marks=pytest.mark.xfail(reson=\"Цена доставки: 4300 9900 11440\")\n        ),\n        (\"TD 024\", aksolit_30, 299, 9000, 4300, 9900, 11440),\n        (\"TD 025\", aksolit_30, 333, 10000, 7000, 13900, 15900),\n        pytest.param(\n            \"TD 026\", aksolit_30, 366, 11000, 8000, 14900, 19900,\n            marks=pytest.mark.xfail(reson=\"Цена доставки: 7000 13900 15900\")\n        ),\n        pytest.param(\n            \"TD 027\", aksolit_30, 666, 20000, 14000, 16900, 23900,\n            marks=pytest.mark.xfail(reson=\"Цена доставки: 7000 13900 15900\")\n        )\n    ])\n    @pytest.mark.xfail\n    @pytest.mark.smoke_test\n    def test_positive_delivery_blue_zone_smoke(\n            self, driver, url, case_id, link_item, amount, weight, standard, in_time, all_time\n    ):\n        allure.dynamic.title(f\"{case_id} Доставка товара весом до {weight}кг. в синей зоне\")\n    \n        driver.get(f'{url}{link_item}')\n        item_page = ItemPage(driver)\n>       item_page.add_item_to_cart(amount).click_on_cart()\n\ntests/delivery/test_delivery_calculation.py:132: \n_ _ _ _ _ _ _ _ _ _ _ _ _ _ _ _ _ _ _ _ _ _ _ _ _ _ _ _ _ _ _ _ _ _ _ _ _ _ _ _ \npages/item_page.py:40: in add_item_to_cart\n    self.find_element(self._add_item).click()\nbase/seleniumbase.py:17: in find_element\n    return self.driver.find_element(*locator)\n/usr/local/lib/python3.11/site-packages/selenium/webdriver/remote/webdriver.py:739: in find_element\n    return self.execute(Command.FIND_ELEMENT, {\"using\": by, \"value\": value})[\"value\"]\n/usr/local/lib/python3.11/site-packages/selenium/webdriver/remote/webdriver.py:345: in execute\n    self.error_handler.check_response(response)\n_ _ _ _ _ _ _ _ _ _ _ _ _ _ _ _ _ _ _ _ _ _ _ _ _ _ _ _ _ _ _ _ _ _ _ _ _ _ _ _ \n\nself = <selenium.webdriver.remote.errorhandler.ErrorHandler object at 0x7f43c8ab3e90>\nresponse = {'status': 404, 'value': '{\"value\":{\"error\":\"no such element\",\"message\":\"no such element: Unable to locate element: {\\...\\\\n#16 0x5564ab0d7262 \\\\u003Cunknown>\\\\n#17 0x5564ab0e8f34 \\\\u003Cunknown>\\\\n#18 0x7f1ab2dd6044 \\\\u003Cunknown>\\\\n\"}}'}\n\n    def check_response(self, response: Dict[str, Any]) -> None:\n        \"\"\"Checks that a JSON response from the WebDriver does not have an\n        error.\n    \n        :Args:\n         - response - The JSON response from the WebDriver server as a dictionary\n           object.\n    \n        :Raises: If the response contains an error message.\n        \"\"\"\n        status = response.get(\"status\", None)\n        if not status or status == ErrorCode.SUCCESS:\n            return\n        value = None\n        message = response.get(\"message\", \"\")\n        screen: str = response.get(\"screen\", \"\")\n        stacktrace = None\n        if isinstance(status, int):\n            value_json = response.get(\"value\", None)\n            if value_json and isinstance(value_json, str):\n                import json\n    \n                try:\n                    value = json.loads(value_json)\n                    if len(value) == 1:\n                        value = value[\"value\"]\n                    status = value.get(\"error\", None)\n                    if not status:\n                        status = value.get(\"status\", ErrorCode.UNKNOWN_ERROR)\n                        message = value.get(\"value\") or value.get(\"message\")\n                        if not isinstance(message, str):\n                            value = message\n                            message = message.get(\"message\")\n                    else:\n                        message = value.get(\"message\", None)\n                except ValueError:\n                    pass\n    \n        exception_class: Type[WebDriverException]\n        e = ErrorCode()\n        error_codes = [item for item in dir(e) if not item.startswith(\"__\")]\n        for error_code in error_codes:\n            error_info = getattr(ErrorCode, error_code)\n            if isinstance(error_info, list) and status in error_info:\n                exception_class = getattr(ExceptionMapping, error_code, WebDriverException)\n                break\n        else:\n            exception_class = WebDriverException\n    \n        if not value:\n            value = response[\"value\"]\n        if isinstance(value, str):\n            raise exception_class(value)\n        if message == \"\" and \"message\" in value:\n            message = value[\"message\"]\n    \n        screen = None  # type: ignore[assignment]\n        if \"screen\" in value:\n            screen = value[\"screen\"]\n    \n        stacktrace = None\n        st_value = value.get(\"stackTrace\") or value.get(\"stacktrace\")\n        if st_value:\n            if isinstance(st_value, str):\n                stacktrace = st_value.split(\"\\n\")\n            else:\n                stacktrace = []\n                try:\n                    for frame in st_value:\n                        line = frame.get(\"lineNumber\", \"\")\n                        file = frame.get(\"fileName\", \"<anonymous>\")\n                        if line:\n                            file = f\"{file}:{line}\"\n                        meth = frame.get(\"methodName\", \"<anonymous>\")\n                        if \"className\" in frame:\n                            meth = f\"{frame['className']}.{meth}\"\n                        msg = \"    at %s (%s)\"\n                        msg = msg % (meth, file)\n                        stacktrace.append(msg)\n                except TypeError:\n                    pass\n        if exception_class == UnexpectedAlertPresentException:\n            alert_text = None\n            if \"data\" in value:\n                alert_text = value[\"data\"].get(\"text\")\n            elif \"alert\" in value:\n                alert_text = value[\"alert\"].get(\"text\")\n            raise exception_class(message, screen, stacktrace, alert_text)  # type: ignore[call-arg]  # mypy is not smart enough here\n>       raise exception_class(message, screen, stacktrace)\nE       selenium.common.exceptions.NoSuchElementException: Message: no such element: Unable to locate element: {\"method\":\"xpath\",\"selector\":\"(//a[@class='add-to-cart yellow-btn'])[1]\"}\nE         (Session info: chrome-headless-shell=121.0.6167.85); For documentation on this error, please visit: https://www.selenium.dev/documentation/webdriver/troubleshooting/errors#no-such-element-exception\nE       Stacktrace:\nE       #0 0x5564ab0e9d93 <unknown>\nE       #1 0x5564aadcd337 <unknown>\nE       #2 0x5564aae18d60 <unknown>\nE       #3 0x5564aae18e51 <unknown>\nE       #4 0x5564aae5cbc4 <unknown>\nE       #5 0x5564aae3b46d <unknown>\nE       #6 0x5564aae5a12d <unknown>\nE       #7 0x5564aae3b1e3 <unknown>\nE       #8 0x5564aae0b135 <unknown>\nE       #9 0x5564aae0c13e <unknown>\nE       #10 0x5564ab0ade4b <unknown>\nE       #11 0x5564ab0b1dfa <unknown>\nE       #12 0x5564ab09a6d5 <unknown>\nE       #13 0x5564ab0b2a6f <unknown>\nE       #14 0x5564ab07e69f <unknown>\nE       #15 0x5564ab0d7098 <unknown>\nE       #16 0x5564ab0d7262 <unknown>\nE       #17 0x5564ab0e8f34 <unknown>\nE       #18 0x7f1ab2dd6044 <unknown>\n\n/usr/local/lib/python3.11/site-packages/selenium/webdriver/remote/errorhandler.py:229: NoSuchElementException","steps":[{"name":"Добавляем товар в корзину в количестве 299","time":{"start":1706489631118,"stop":1706489631130,"duration":12},"status":"broken","statusMessage":"selenium.common.exceptions.NoSuchElementException: Message: no such element: Unable to locate element: {\"method\":\"xpath\",\"selector\":\"(//a[@class='add-to-cart yellow-btn'])[1]\"}\n  (Session info: chrome-headless-shell=121.0.6167.85); For documentation on this error, please visit: https://www.selenium.dev/documentation/webdriver/troubleshooting/errors#no-such-element-exception\nStacktrace:\n#0 0x5564ab0e9d93 <unknown>\n#1 0x5564aadcd337 <unknown>\n#2 0x5564aae18d60 <unknown>\n#3 0x5564aae18e51 <unknown>\n#4 0x5564aae5cbc4 <unknown>\n#5 0x5564aae3b46d <unknown>\n#6 0x5564aae5a12d <unknown>\n#7 0x5564aae3b1e3 <unknown>\n#8 0x5564aae0b135 <unknown>\n#9 0x5564aae0c13e <unknown>\n#10 0x5564ab0ade4b <unknown>\n#11 0x5564ab0b1dfa <unknown>\n#12 0x5564ab09a6d5 <unknown>\n#13 0x5564ab0b2a6f <unknown>\n#14 0x5564ab07e69f <unknown>\n#15 0x5564ab0d7098 <unknown>\n#16 0x5564ab0d7262 <unknown>\n#17 0x5564ab0e8f34 <unknown>\n#18 0x7f1ab2dd6044 <unknown>\n\n","statusTrace":"  File \"/usr/local/lib/python3.11/site-packages/allure_commons/_allure.py\", line 192, in impl\n    return func(*a, **kw)\n           ^^^^^^^^^^^^^^\n  File \"/app/pages/item_page.py\", line 40, in add_item_to_cart\n    self.find_element(self._add_item).click()\n    ^^^^^^^^^^^^^^^^^^^^^^^^^^^^^^^^^\n  File \"/app/base/seleniumbase.py\", line 17, in find_element\n    return self.driver.find_element(*locator)\n           ^^^^^^^^^^^^^^^^^^^^^^^^^^^^^^^^^^\n  File \"/usr/local/lib/python3.11/site-packages/selenium/webdriver/remote/webdriver.py\", line 739, in find_element\n    return self.execute(Command.FIND_ELEMENT, {\"using\": by, \"value\": value})[\"value\"]\n           ^^^^^^^^^^^^^^^^^^^^^^^^^^^^^^^^^^^^^^^^^^^^^^^^^^^^^^^^^^^^^^^^^\n  File \"/usr/local/lib/python3.11/site-packages/selenium/webdriver/remote/webdriver.py\", line 345, in execute\n    self.error_handler.check_response(response)\n  File \"/usr/local/lib/python3.11/site-packages/selenium/webdriver/remote/errorhandler.py\", line 229, in check_response\n    raise exception_class(message, screen, stacktrace)\n","steps":[],"attachments":[],"parameters":[{"name":"amount","value":"299"}],"shouldDisplayMessage":true,"stepsCount":0,"attachmentsCount":0,"hasContent":true,"attachmentStep":false}],"attachments":[{"uid":"80af9f6e60ee7bf2","name":"Screenshot","source":"80af9f6e60ee7bf2.png","type":"image/png","size":5862},{"uid":"cd21fedd4a471389","name":"HTML source","source":"cd21fedd4a471389.html","type":"text/html","size":39}],"parameters":[],"shouldDisplayMessage":true,"stepsCount":1,"attachmentsCount":2,"hasContent":true,"attachmentStep":false},"afterStages":[{"name":"setup::0","time":{"start":1706489631225,"stop":1706489631225,"duration":0},"status":"passed","steps":[],"attachments":[],"parameters":[],"shouldDisplayMessage":false,"stepsCount":0,"attachmentsCount":0,"hasContent":false,"attachmentStep":false},{"name":"driver::0","time":{"start":1706489631226,"stop":1706489631282,"duration":56},"status":"passed","steps":[],"attachments":[],"parameters":[],"shouldDisplayMessage":false,"stepsCount":0,"attachmentsCount":0,"hasContent":false,"attachmentStep":false}],"labels":[{"name":"epic","value":"Delivery Page - calculation"},{"name":"tag","value":"smoke_test"},{"name":"tag","value":"@pytest.mark.xfail"},{"name":"parentSuite","value":"tests.delivery"},{"name":"suite","value":"test_delivery_calculation"},{"name":"subSuite","value":"TestDeliveryPageCalculation"},{"name":"host","value":"20f36972a017"},{"name":"thread","value":"1-MainThread"},{"name":"framework","value":"pytest"},{"name":"language","value":"cpython3"},{"name":"package","value":"tests.delivery.test_delivery_calculation"},{"name":"resultFormat","value":"allure2"}],"parameters":[{"name":"all_time","value":"11440"},{"name":"amount","value":"299"},{"name":"case_id","value":"'TD 024'"},{"name":"in_time","value":"9900"},{"name":"link_item","value":"'products/shtukaturka-gipsovaya-aksolit-m50-30-kg-mashinnogo-naneseniya'"},{"name":"standard","value":"4300"},{"name":"url","value":"'https://sandboxtest.stroyrem-nn.ru/'"},{"name":"weight","value":"9000"}],"links":[],"hidden":false,"retry":false,"extra":{"severity":"normal","retries":[],"categories":[],"history":{"statistic":{"failed":0,"broken":13,"skipped":140,"passed":0,"unknown":0,"total":153},"items":[{"uid":"1814d4ca9b40fd89","reportUrl":"https://Nat754.github.io/StroyremAutomation/200//#testresult/1814d4ca9b40fd89","status":"skipped","statusDetails":"XFAIL\n\nselenium.common.exceptions.NoSuchElementException: Message: no such element: Unable to locate element: {\"method\":\"xpath\",\"selector\":\"(//a[@class='add-to-cart yellow-btn'])[1]\"}\n  (Session info: chrome-headless-shell=121.0.6167.85); For documentation on this error, please visit: https://www.selenium.dev/documentation/webdriver/troubleshooting/errors#no-such-element-exception\nStacktrace:\n#0 0x55bed22e4d93 <unknown>\n#1 0x55bed1fc8337 <unknown>\n#2 0x55bed2013d60 <unknown>\n#3 0x55bed2013e51 <unknown>\n#4 0x55bed2057bc4 <unknown>\n#5 0x55bed203646d <unknown>\n#6 0x55bed205512d <unknown>\n#7 0x55bed20361e3 <unknown>\n#8 0x55bed2006135 <unknown>\n#9 0x55bed200713e <unknown>\n#10 0x55bed22a8e4b <unknown>\n#11 0x55bed22acdfa <unknown>\n#12 0x55bed22956d5 <unknown>\n#13 0x55bed22ada6f <unknown>\n#14 0x55bed227969f <unknown>\n#15 0x55bed22d2098 <unknown>\n#16 0x55bed22d2262 <unknown>\n#17 0x55bed22e3f34 <unknown>\n#18 0x7fd6e7645044 <unknown>","time":{"start":1706403390673,"stop":1706403391099,"duration":426}},{"uid":"fbd52a4bb140e503","reportUrl":"https://Nat754.github.io/StroyremAutomation/199//#testresult/fbd52a4bb140e503","status":"skipped","statusDetails":"XFAIL\n\nselenium.common.exceptions.NoSuchElementException: Message: no such element: Unable to locate element: {\"method\":\"xpath\",\"selector\":\"(//a[@class='add-to-cart yellow-btn'])[1]\"}\n  (Session info: chrome-headless-shell=121.0.6167.85); For documentation on this error, please visit: https://www.selenium.dev/documentation/webdriver/troubleshooting/errors#no-such-element-exception\nStacktrace:\n#0 0x559861a5ad93 <unknown>\n#1 0x55986173e337 <unknown>\n#2 0x559861789d60 <unknown>\n#3 0x559861789e51 <unknown>\n#4 0x5598617cdbc4 <unknown>\n#5 0x5598617ac46d <unknown>\n#6 0x5598617cb12d <unknown>\n#7 0x5598617ac1e3 <unknown>\n#8 0x55986177c135 <unknown>\n#9 0x55986177d13e <unknown>\n#10 0x559861a1ee4b <unknown>\n#11 0x559861a22dfa <unknown>\n#12 0x559861a0b6d5 <unknown>\n#13 0x559861a23a6f <unknown>\n#14 0x5598619ef69f <unknown>\n#15 0x559861a48098 <unknown>\n#16 0x559861a48262 <unknown>\n#17 0x559861a59f34 <unknown>\n#18 0x7f69ecce0044 <unknown>","time":{"start":1706316711014,"stop":1706316711296,"duration":282}},{"uid":"246ea732e65be7b6","reportUrl":"https://Nat754.github.io/StroyremAutomation/198//#testresult/246ea732e65be7b6","status":"skipped","statusDetails":"XFAIL\n\nselenium.common.exceptions.NoSuchElementException: Message: no such element: Unable to locate element: {\"method\":\"xpath\",\"selector\":\"(//a[@class='add-to-cart yellow-btn'])[1]\"}\n  (Session info: chrome-headless-shell=121.0.6167.85); For documentation on this error, please visit: https://www.selenium.dev/documentation/webdriver/troubleshooting/errors#no-such-element-exception\nStacktrace:\n#0 0x55a2a8b36d93 <unknown>\n#1 0x55a2a881a337 <unknown>\n#2 0x55a2a8865d60 <unknown>\n#3 0x55a2a8865e51 <unknown>\n#4 0x55a2a88a9bc4 <unknown>\n#5 0x55a2a888846d <unknown>\n#6 0x55a2a88a712d <unknown>\n#7 0x55a2a88881e3 <unknown>\n#8 0x55a2a8858135 <unknown>\n#9 0x55a2a885913e <unknown>\n#10 0x55a2a8afae4b <unknown>\n#11 0x55a2a8afedfa <unknown>\n#12 0x55a2a8ae76d5 <unknown>\n#13 0x55a2a8affa6f <unknown>\n#14 0x55a2a8acb69f <unknown>\n#15 0x55a2a8b24098 <unknown>\n#16 0x55a2a8b24262 <unknown>\n#17 0x55a2a8b35f34 <unknown>\n#18 0x7f80f0309044 <unknown>","time":{"start":1706230398115,"stop":1706230398458,"duration":343}},{"uid":"bbf6e8d18e793166","reportUrl":"https://Nat754.github.io/StroyremAutomation/197//#testresult/bbf6e8d18e793166","status":"skipped","statusDetails":"XFAIL\n\nselenium.common.exceptions.WebDriverException: Message: unknown error: net::ERR_CONNECTION_TIMED_OUT\n  (Session info: chrome-headless-shell=121.0.6167.85)\nStacktrace:\n#0 0x55ce980a4d93 <unknown>\n#1 0x55ce97d88337 <unknown>\n#2 0x55ce97d80193 <unknown>\n#3 0x55ce97d70161 <unknown>\n#4 0x55ce97d715cb <unknown>\n#5 0x55ce97d70414 <unknown>\n#6 0x55ce97d6f5e5 <unknown>\n#7 0x55ce97d6f557 <unknown>\n#8 0x55ce97d6dc1a <unknown>\n#9 0x55ce97d6e1ca <unknown>\n#10 0x55ce97d8ab6e <unknown>\n#11 0x55ce97e15d45 <unknown>\n#12 0x55ce97df6442 <unknown>\n#13 0x55ce97e1512d <unknown>\n#14 0x55ce97df61e3 <unknown>\n#15 0x55ce97dc6135 <unknown>\n#16 0x55ce97dc713e <unknown>\n#17 0x55ce98068e4b <unknown>\n#18 0x55ce9806cdfa <unknown>\n#19 0x55ce980556d5 <unknown>\n#20 0x55ce9806da6f <unknown>\n#21 0x55ce9803969f <unknown>\n#22 0x55ce98092098 <unknown>\n#23 0x55ce98092262 <unknown>\n#24 0x55ce980a3f34 <unknown>\n#25 0x7f68571ff044 <unknown>","time":{"start":1706147272844,"stop":1706147402984,"duration":130140}},{"uid":"24b0932176b91650","reportUrl":"https://Nat754.github.io/StroyremAutomation/196//#testresult/24b0932176b91650","status":"skipped","statusDetails":"XFAIL\n\nselenium.common.exceptions.WebDriverException: Message: unknown error: net::ERR_CONNECTION_REFUSED\n  (Session info: chrome-headless-shell=121.0.6167.85)\nStacktrace:\n#0 0x561ed8bd8d93 <unknown>\n#1 0x561ed88bc337 <unknown>\n#2 0x561ed88b4193 <unknown>\n#3 0x561ed88a4161 <unknown>\n#4 0x561ed88a55cb <unknown>\n#5 0x561ed88a4414 <unknown>\n#6 0x561ed88a35e5 <unknown>\n#7 0x561ed88a3557 <unknown>\n#8 0x561ed88a1c1a <unknown>\n#9 0x561ed88a21ca <unknown>\n#10 0x561ed88beb6e <unknown>\n#11 0x561ed8949d45 <unknown>\n#12 0x561ed892a442 <unknown>\n#13 0x561ed894912d <unknown>\n#14 0x561ed892a1e3 <unknown>\n#15 0x561ed88fa135 <unknown>\n#16 0x561ed88fb13e <unknown>\n#17 0x561ed8b9ce4b <unknown>\n#18 0x561ed8ba0dfa <unknown>\n#19 0x561ed8b896d5 <unknown>\n#20 0x561ed8ba1a6f <unknown>\n#21 0x561ed8b6d69f <unknown>\n#22 0x561ed8bc6098 <unknown>\n#23 0x561ed8bc6262 <unknown>\n#24 0x561ed8bd7f34 <unknown>\n#25 0x7f8e83e47044 <unknown>","time":{"start":1706057927708,"stop":1706057927922,"duration":214}},{"uid":"af0f9b435d73212c","reportUrl":"https://Nat754.github.io/StroyremAutomation/195//#testresult/af0f9b435d73212c","status":"skipped","statusDetails":"XFAIL\n\nselenium.common.exceptions.WebDriverException: Message: unknown error: net::ERR_CONNECTION_TIMED_OUT\n  (Session info: chrome-headless-shell=120.0.6099.109)\nStacktrace:\n#0 0x55a2b7e23f83 <unknown>\n#1 0x55a2b7adccf7 <unknown>\n#2 0x55a2b7ad46ea <unknown>\n#3 0x55a2b7ac35a1 <unknown>\n#4 0x55a2b7ac4d40 <unknown>\n#5 0x55a2b7ac3854 <unknown>\n#6 0x55a2b7ac2586 <unknown>\n#7 0x55a2b7ac244a <unknown>\n#8 0x55a2b7ac07e1 <unknown>\n#9 0x55a2b7ac101a <unknown>\n#10 0x55a2b7adfbbe <unknown>\n#11 0x55a2b7b757a5 <unknown>\n#12 0x55a2b7b560b2 <unknown>\n#13 0x55a2b7b75006 <unknown>\n#14 0x55a2b7b55e53 <unknown>\n#15 0x55a2b7b1ddd4 <unknown>\n#16 0x55a2b7b1f1de <unknown>\n#17 0x55a2b7de8531 <unknown>\n#18 0x55a2b7dec455 <unknown>\n#19 0x55a2b7dd4f55 <unknown>\n#20 0x55a2b7ded0ef <unknown>\n#21 0x55a2b7db899f <unknown>\n#22 0x55a2b7e11008 <unknown>\n#23 0x55a2b7e111d7 <unknown>\n#24 0x55a2b7e23124 <unknown>\n#25 0x7f481a101044 <unknown>","time":{"start":1705974456122,"stop":1705974586254,"duration":130132}},{"uid":"e658b2e08a0c848f","reportUrl":"https://Nat754.github.io/StroyremAutomation/194//#testresult/e658b2e08a0c848f","status":"skipped","statusDetails":"XFAIL\n\nselenium.common.exceptions.WebDriverException: Message: unknown error: net::ERR_CONNECTION_TIMED_OUT\n  (Session info: chrome-headless-shell=120.0.6099.109)\nStacktrace:\n#0 0x55ba72b09f83 <unknown>\n#1 0x55ba727c2cf7 <unknown>\n#2 0x55ba727ba6ea <unknown>\n#3 0x55ba727a95a1 <unknown>\n#4 0x55ba727aad40 <unknown>\n#5 0x55ba727a9854 <unknown>\n#6 0x55ba727a8586 <unknown>\n#7 0x55ba727a844a <unknown>\n#8 0x55ba727a67e1 <unknown>\n#9 0x55ba727a701a <unknown>\n#10 0x55ba727c5bbe <unknown>\n#11 0x55ba7285b7a5 <unknown>\n#12 0x55ba7283c0b2 <unknown>\n#13 0x55ba7285b006 <unknown>\n#14 0x55ba7283be53 <unknown>\n#15 0x55ba72803dd4 <unknown>\n#16 0x55ba728051de <unknown>\n#17 0x55ba72ace531 <unknown>\n#18 0x55ba72ad2455 <unknown>\n#19 0x55ba72abaf55 <unknown>\n#20 0x55ba72ad30ef <unknown>\n#21 0x55ba72a9e99f <unknown>\n#22 0x55ba72af7008 <unknown>\n#23 0x55ba72af71d7 <unknown>\n#24 0x55ba72b09124 <unknown>\n#25 0x7f9b88b95044 <unknown>","time":{"start":1705888252803,"stop":1705888382944,"duration":130141}},{"uid":"e671aa411aef37db","reportUrl":"https://Nat754.github.io/StroyremAutomation/193//#testresult/e671aa411aef37db","status":"skipped","statusDetails":"XFAIL\n\nselenium.common.exceptions.WebDriverException: Message: unknown error: net::ERR_CONNECTION_TIMED_OUT\n  (Session info: chrome-headless-shell=120.0.6099.109)\nStacktrace:\n#0 0x561ae56c3f83 <unknown>\n#1 0x561ae537ccf7 <unknown>\n#2 0x561ae53746ea <unknown>\n#3 0x561ae53635a1 <unknown>\n#4 0x561ae5364d40 <unknown>\n#5 0x561ae5363854 <unknown>\n#6 0x561ae5362586 <unknown>\n#7 0x561ae536244a <unknown>\n#8 0x561ae53607e1 <unknown>\n#9 0x561ae536101a <unknown>\n#10 0x561ae537fbbe <unknown>\n#11 0x561ae54157a5 <unknown>\n#12 0x561ae53f60b2 <unknown>\n#13 0x561ae5415006 <unknown>\n#14 0x561ae53f5e53 <unknown>\n#15 0x561ae53bddd4 <unknown>\n#16 0x561ae53bf1de <unknown>\n#17 0x561ae5688531 <unknown>\n#18 0x561ae568c455 <unknown>\n#19 0x561ae5674f55 <unknown>\n#20 0x561ae568d0ef <unknown>\n#21 0x561ae565899f <unknown>\n#22 0x561ae56b1008 <unknown>\n#23 0x561ae56b11d7 <unknown>\n#24 0x561ae56c3124 <unknown>\n#25 0x7fa1c7d4c044 <unknown>","time":{"start":1705801841306,"stop":1705801971437,"duration":130131}},{"uid":"b36225de9ba8b122","reportUrl":"https://Nat754.github.io/StroyremAutomation/192//#testresult/b36225de9ba8b122","status":"skipped","statusDetails":"XFAIL\n\nselenium.common.exceptions.WebDriverException: Message: unknown error: net::ERR_CONNECTION_TIMED_OUT\n  (Session info: chrome-headless-shell=120.0.6099.109)\nStacktrace:\n#0 0x55e922722f83 <unknown>\n#1 0x55e9223dbcf7 <unknown>\n#2 0x55e9223d36ea <unknown>\n#3 0x55e9223c25a1 <unknown>\n#4 0x55e9223c3d40 <unknown>\n#5 0x55e9223c2854 <unknown>\n#6 0x55e9223c1586 <unknown>\n#7 0x55e9223c144a <unknown>\n#8 0x55e9223bf7e1 <unknown>\n#9 0x55e9223c001a <unknown>\n#10 0x55e9223debbe <unknown>\n#11 0x55e9224747a5 <unknown>\n#12 0x55e9224550b2 <unknown>\n#13 0x55e922474006 <unknown>\n#14 0x55e922454e53 <unknown>\n#15 0x55e92241cdd4 <unknown>\n#16 0x55e92241e1de <unknown>\n#17 0x55e9226e7531 <unknown>\n#18 0x55e9226eb455 <unknown>\n#19 0x55e9226d3f55 <unknown>\n#20 0x55e9226ec0ef <unknown>\n#21 0x55e9226b799f <unknown>\n#22 0x55e922710008 <unknown>\n#23 0x55e9227101d7 <unknown>\n#24 0x55e922722124 <unknown>\n#25 0x7f8938378044 <unknown>","time":{"start":1705715142915,"stop":1705715273043,"duration":130128}},{"uid":"90672fc3c04ab59c","reportUrl":"https://Nat754.github.io/StroyremAutomation/191//#testresult/90672fc3c04ab59c","status":"skipped","statusDetails":"XFAIL\n\nselenium.common.exceptions.WebDriverException: Message: unknown error: net::ERR_CONNECTION_TIMED_OUT\n  (Session info: chrome-headless-shell=120.0.6099.109)\nStacktrace:\n#0 0x556153fc6f83 <unknown>\n#1 0x556153c7fcf7 <unknown>\n#2 0x556153c776ea <unknown>\n#3 0x556153c665a1 <unknown>\n#4 0x556153c67d40 <unknown>\n#5 0x556153c66854 <unknown>\n#6 0x556153c65586 <unknown>\n#7 0x556153c6544a <unknown>\n#8 0x556153c637e1 <unknown>\n#9 0x556153c6401a <unknown>\n#10 0x556153c82bbe <unknown>\n#11 0x556153d187a5 <unknown>\n#12 0x556153cf90b2 <unknown>\n#13 0x556153d18006 <unknown>\n#14 0x556153cf8e53 <unknown>\n#15 0x556153cc0dd4 <unknown>\n#16 0x556153cc21de <unknown>\n#17 0x556153f8b531 <unknown>\n#18 0x556153f8f455 <unknown>\n#19 0x556153f77f55 <unknown>\n#20 0x556153f900ef <unknown>\n#21 0x556153f5b99f <unknown>\n#22 0x556153fb4008 <unknown>\n#23 0x556153fb41d7 <unknown>\n#24 0x556153fc6124 <unknown>\n#25 0x7f24ea57f044 <unknown>","time":{"start":1705628793383,"stop":1705628923525,"duration":130142}},{"uid":"fa70a5d6022ea36","reportUrl":"https://Nat754.github.io/StroyremAutomation/190//#testresult/fa70a5d6022ea36","status":"skipped","statusDetails":"XFAIL\n\nselenium.common.exceptions.WebDriverException: Message: unknown error: net::ERR_CONNECTION_TIMED_OUT\n  (Session info: chrome-headless-shell=120.0.6099.109)\nStacktrace:\n#0 0x55704397af83 <unknown>\n#1 0x557043633cf7 <unknown>\n#2 0x55704362b6ea <unknown>\n#3 0x55704361a5a1 <unknown>\n#4 0x55704361bd40 <unknown>\n#5 0x55704361a854 <unknown>\n#6 0x557043619586 <unknown>\n#7 0x55704361944a <unknown>\n#8 0x5570436177e1 <unknown>\n#9 0x55704361801a <unknown>\n#10 0x557043636bbe <unknown>\n#11 0x5570436cc7a5 <unknown>\n#12 0x5570436ad0b2 <unknown>\n#13 0x5570436cc006 <unknown>\n#14 0x5570436ace53 <unknown>\n#15 0x557043674dd4 <unknown>\n#16 0x5570436761de <unknown>\n#17 0x55704393f531 <unknown>\n#18 0x557043943455 <unknown>\n#19 0x55704392bf55 <unknown>\n#20 0x5570439440ef <unknown>\n#21 0x55704390f99f <unknown>\n#22 0x557043968008 <unknown>\n#23 0x5570439681d7 <unknown>\n#24 0x55704397a124 <unknown>\n#25 0x7f2635a40044 <unknown>","time":{"start":1705542362793,"stop":1705542492921,"duration":130128}},{"uid":"d5b737be777b985e","reportUrl":"https://Nat754.github.io/StroyremAutomation/189//#testresult/d5b737be777b985e","status":"skipped","statusDetails":"XFAIL\n\nselenium.common.exceptions.WebDriverException: Message: unknown error: net::ERR_CONNECTION_TIMED_OUT\n  (Session info: chrome-headless-shell=120.0.6099.109)\nStacktrace:\n#0 0x5643cc392f83 <unknown>\n#1 0x5643cc04bcf7 <unknown>\n#2 0x5643cc0436ea <unknown>\n#3 0x5643cc0325a1 <unknown>\n#4 0x5643cc033d40 <unknown>\n#5 0x5643cc032854 <unknown>\n#6 0x5643cc031586 <unknown>\n#7 0x5643cc03144a <unknown>\n#8 0x5643cc02f7e1 <unknown>\n#9 0x5643cc03001a <unknown>\n#10 0x5643cc04ebbe <unknown>\n#11 0x5643cc0e47a5 <unknown>\n#12 0x5643cc0c50b2 <unknown>\n#13 0x5643cc0e4006 <unknown>\n#14 0x5643cc0c4e53 <unknown>\n#15 0x5643cc08cdd4 <unknown>\n#16 0x5643cc08e1de <unknown>\n#17 0x5643cc357531 <unknown>\n#18 0x5643cc35b455 <unknown>\n#19 0x5643cc343f55 <unknown>\n#20 0x5643cc35c0ef <unknown>\n#21 0x5643cc32799f <unknown>\n#22 0x5643cc380008 <unknown>\n#23 0x5643cc3801d7 <unknown>\n#24 0x5643cc392124 <unknown>\n#25 0x7fd361fa5044 <unknown>","time":{"start":1705455990150,"stop":1705456120274,"duration":130124}},{"uid":"2b5a3c82edc2851a","reportUrl":"https://Nat754.github.io/StroyremAutomation/188//#testresult/2b5a3c82edc2851a","status":"skipped","statusDetails":"XFAIL\n\nselenium.common.exceptions.WebDriverException: Message: unknown error: net::ERR_CONNECTION_TIMED_OUT\n  (Session info: chrome-headless-shell=120.0.6099.109)\nStacktrace:\n#0 0x55c319dc1f83 <unknown>\n#1 0x55c319a7acf7 <unknown>\n#2 0x55c319a726ea <unknown>\n#3 0x55c319a615a1 <unknown>\n#4 0x55c319a62d40 <unknown>\n#5 0x55c319a61854 <unknown>\n#6 0x55c319a60586 <unknown>\n#7 0x55c319a6044a <unknown>\n#8 0x55c319a5e7e1 <unknown>\n#9 0x55c319a5f01a <unknown>\n#10 0x55c319a7dbbe <unknown>\n#11 0x55c319b137a5 <unknown>\n#12 0x55c319af40b2 <unknown>\n#13 0x55c319b13006 <unknown>\n#14 0x55c319af3e53 <unknown>\n#15 0x55c319abbdd4 <unknown>\n#16 0x55c319abd1de <unknown>\n#17 0x55c319d86531 <unknown>\n#18 0x55c319d8a455 <unknown>\n#19 0x55c319d72f55 <unknown>\n#20 0x55c319d8b0ef <unknown>\n#21 0x55c319d5699f <unknown>\n#22 0x55c319daf008 <unknown>\n#23 0x55c319daf1d7 <unknown>\n#24 0x55c319dc1124 <unknown>\n#25 0x7f4a76077044 <unknown>","time":{"start":1705369706709,"stop":1705369836832,"duration":130123}},{"uid":"f5c3f9808c1b3d92","reportUrl":"https://Nat754.github.io/StroyremAutomation/187//#testresult/f5c3f9808c1b3d92","status":"skipped","statusDetails":"XFAIL\n\nselenium.common.exceptions.NoSuchElementException: Message: no such element: Unable to locate element: {\"method\":\"xpath\",\"selector\":\"(//a[@class='add-to-cart yellow-btn'])[1]\"}\n  (Session info: chrome-headless-shell=120.0.6099.109); For documentation on this error, please visit: https://www.selenium.dev/documentation/webdriver/troubleshooting/errors#no-such-element-exception\nStacktrace:\n#0 0x55d502773f83 <unknown>\n#1 0x55d50242ccf7 <unknown>\n#2 0x55d50247c99e <unknown>\n#3 0x55d50247caa1 <unknown>\n#4 0x55d5024c7d64 <unknown>\n#5 0x55d5024a60dd <unknown>\n#6 0x55d5024c5006 <unknown>\n#7 0x55d5024a5e53 <unknown>\n#8 0x55d50246ddd4 <unknown>\n#9 0x55d50246f1de <unknown>\n#10 0x55d502738531 <unknown>\n#11 0x55d50273c455 <unknown>\n#12 0x55d502724f55 <unknown>\n#13 0x55d50273d0ef <unknown>\n#14 0x55d50270899f <unknown>\n#15 0x55d502761008 <unknown>\n#16 0x55d5027611d7 <unknown>\n#17 0x55d502773124 <unknown>\n#18 0x7f2226dd4044 <unknown>","time":{"start":1705280345235,"stop":1705280345687,"duration":452}},{"uid":"505ce1f7eeca58ab","reportUrl":"https://Nat754.github.io/StroyremAutomation/186//#testresult/505ce1f7eeca58ab","status":"skipped","statusDetails":"XFAIL\n\nselenium.common.exceptions.NoSuchElementException: Message: no such element: Unable to locate element: {\"method\":\"xpath\",\"selector\":\"(//a[@class='add-to-cart yellow-btn'])[1]\"}\n  (Session info: chrome-headless-shell=120.0.6099.109); For documentation on this error, please visit: https://www.selenium.dev/documentation/webdriver/troubleshooting/errors#no-such-element-exception\nStacktrace:\n#0 0x5568af5c7f83 <unknown>\n#1 0x5568af280cf7 <unknown>\n#2 0x5568af2d099e <unknown>\n#3 0x5568af2d0aa1 <unknown>\n#4 0x5568af31bd64 <unknown>\n#5 0x5568af2fa0dd <unknown>\n#6 0x5568af319006 <unknown>\n#7 0x5568af2f9e53 <unknown>\n#8 0x5568af2c1dd4 <unknown>\n#9 0x5568af2c31de <unknown>\n#10 0x5568af58c531 <unknown>\n#11 0x5568af590455 <unknown>\n#12 0x5568af578f55 <unknown>\n#13 0x5568af5910ef <unknown>\n#14 0x5568af55c99f <unknown>\n#15 0x5568af5b5008 <unknown>\n#16 0x5568af5b51d7 <unknown>\n#17 0x5568af5c7124 <unknown>\n#18 0x7f8eb24b4044 <unknown>","time":{"start":1705194087335,"stop":1705194087780,"duration":445}},{"uid":"1c9ab6fe3a774b3c","reportUrl":"https://Nat754.github.io/StroyremAutomation/185//#testresult/1c9ab6fe3a774b3c","status":"skipped","statusDetails":"XFAIL\n\nselenium.common.exceptions.NoSuchElementException: Message: no such element: Unable to locate element: {\"method\":\"xpath\",\"selector\":\"(//a[@class='add-to-cart yellow-btn'])[1]\"}\n  (Session info: chrome-headless-shell=120.0.6099.109); For documentation on this error, please visit: https://www.selenium.dev/documentation/webdriver/troubleshooting/errors#no-such-element-exception\nStacktrace:\n#0 0x55cb9ca43f83 <unknown>\n#1 0x55cb9c6fccf7 <unknown>\n#2 0x55cb9c74c99e <unknown>\n#3 0x55cb9c74caa1 <unknown>\n#4 0x55cb9c797d64 <unknown>\n#5 0x55cb9c7760dd <unknown>\n#6 0x55cb9c795006 <unknown>\n#7 0x55cb9c775e53 <unknown>\n#8 0x55cb9c73ddd4 <unknown>\n#9 0x55cb9c73f1de <unknown>\n#10 0x55cb9ca08531 <unknown>\n#11 0x55cb9ca0c455 <unknown>\n#12 0x55cb9c9f4f55 <unknown>\n#13 0x55cb9ca0d0ef <unknown>\n#14 0x55cb9c9d899f <unknown>\n#15 0x55cb9ca31008 <unknown>\n#16 0x55cb9ca311d7 <unknown>\n#17 0x55cb9ca43124 <unknown>\n#18 0x7f66d1ee4044 <unknown>","time":{"start":1705107398130,"stop":1705107398631,"duration":501}},{"uid":"80d0d58b305e7478","reportUrl":"https://Nat754.github.io/StroyremAutomation/184//#testresult/80d0d58b305e7478","status":"skipped","statusDetails":"XFAIL\n\nselenium.common.exceptions.NoSuchElementException: Message: no such element: Unable to locate element: {\"method\":\"xpath\",\"selector\":\"(//a[@class='add-to-cart yellow-btn'])[1]\"}\n  (Session info: chrome-headless-shell=120.0.6099.109); For documentation on this error, please visit: https://www.selenium.dev/documentation/webdriver/troubleshooting/errors#no-such-element-exception\nStacktrace:\n#0 0x55e6b5acef83 <unknown>\n#1 0x55e6b5787cf7 <unknown>\n#2 0x55e6b57d799e <unknown>\n#3 0x55e6b57d7aa1 <unknown>\n#4 0x55e6b5822d64 <unknown>\n#5 0x55e6b58010dd <unknown>\n#6 0x55e6b5820006 <unknown>\n#7 0x55e6b5800e53 <unknown>\n#8 0x55e6b57c8dd4 <unknown>\n#9 0x55e6b57ca1de <unknown>\n#10 0x55e6b5a93531 <unknown>\n#11 0x55e6b5a97455 <unknown>\n#12 0x55e6b5a7ff55 <unknown>\n#13 0x55e6b5a980ef <unknown>\n#14 0x55e6b5a6399f <unknown>\n#15 0x55e6b5abc008 <unknown>\n#16 0x55e6b5abc1d7 <unknown>\n#17 0x55e6b5ace124 <unknown>\n#18 0x7f320e495044 <unknown>","time":{"start":1705021028863,"stop":1705021029198,"duration":335}},{"uid":"6390afb2f34b63cf","reportUrl":"https://Nat754.github.io/StroyremAutomation/183//#testresult/6390afb2f34b63cf","status":"skipped","statusDetails":"XFAIL\n\nselenium.common.exceptions.NoSuchElementException: Message: no such element: Unable to locate element: {\"method\":\"xpath\",\"selector\":\"(//a[@class='add-to-cart yellow-btn'])[1]\"}\n  (Session info: chrome-headless-shell=120.0.6099.109); For documentation on this error, please visit: https://www.selenium.dev/documentation/webdriver/troubleshooting/errors#no-such-element-exception\nStacktrace:\n#0 0x556ae15a5f83 <unknown>\n#1 0x556ae125ecf7 <unknown>\n#2 0x556ae12ae99e <unknown>\n#3 0x556ae12aeaa1 <unknown>\n#4 0x556ae12f9d64 <unknown>\n#5 0x556ae12d80dd <unknown>\n#6 0x556ae12f7006 <unknown>\n#7 0x556ae12d7e53 <unknown>\n#8 0x556ae129fdd4 <unknown>\n#9 0x556ae12a11de <unknown>\n#10 0x556ae156a531 <unknown>\n#11 0x556ae156e455 <unknown>\n#12 0x556ae1556f55 <unknown>\n#13 0x556ae156f0ef <unknown>\n#14 0x556ae153a99f <unknown>\n#15 0x556ae1593008 <unknown>\n#16 0x556ae15931d7 <unknown>\n#17 0x556ae15a5124 <unknown>\n#18 0x7fd3ca03b044 <unknown>","time":{"start":1704934634165,"stop":1704934634805,"duration":640}},{"uid":"7c145e5ecc1dc15b","reportUrl":"https://Nat754.github.io/StroyremAutomation/182//#testresult/7c145e5ecc1dc15b","status":"skipped","statusDetails":"XFAIL\n\nselenium.common.exceptions.NoSuchElementException: Message: no such element: Unable to locate element: {\"method\":\"xpath\",\"selector\":\"(//a[@class='add-to-cart yellow-btn'])[1]\"}\n  (Session info: chrome-headless-shell=120.0.6099.109); For documentation on this error, please visit: https://www.selenium.dev/documentation/webdriver/troubleshooting/errors#no-such-element-exception\nStacktrace:\n#0 0x56189476df83 <unknown>\n#1 0x561894426cf7 <unknown>\n#2 0x56189447699e <unknown>\n#3 0x561894476aa1 <unknown>\n#4 0x5618944c1d64 <unknown>\n#5 0x5618944a00dd <unknown>\n#6 0x5618944bf006 <unknown>\n#7 0x56189449fe53 <unknown>\n#8 0x561894467dd4 <unknown>\n#9 0x5618944691de <unknown>\n#10 0x561894732531 <unknown>\n#11 0x561894736455 <unknown>\n#12 0x56189471ef55 <unknown>\n#13 0x5618947370ef <unknown>\n#14 0x56189470299f <unknown>\n#15 0x56189475b008 <unknown>\n#16 0x56189475b1d7 <unknown>\n#17 0x56189476d124 <unknown>\n#18 0x7f7cacbaf044 <unknown>","time":{"start":1704848240965,"stop":1704848241440,"duration":475}},{"uid":"5b8df1b1f58303af","reportUrl":"https://Nat754.github.io/StroyremAutomation/181//#testresult/5b8df1b1f58303af","status":"skipped","statusDetails":"XFAIL\n\nselenium.common.exceptions.NoSuchElementException: Message: no such element: Unable to locate element: {\"method\":\"xpath\",\"selector\":\"(//a[@class='add-to-cart yellow-btn'])[1]\"}\n  (Session info: chrome-headless-shell=120.0.6099.109); For documentation on this error, please visit: https://www.selenium.dev/documentation/webdriver/troubleshooting/errors#no-such-element-exception\nStacktrace:\n#0 0x5586d7690f83 <unknown>\n#1 0x5586d7349cf7 <unknown>\n#2 0x5586d739999e <unknown>\n#3 0x5586d7399aa1 <unknown>\n#4 0x5586d73e4d64 <unknown>\n#5 0x5586d73c30dd <unknown>\n#6 0x5586d73e2006 <unknown>\n#7 0x5586d73c2e53 <unknown>\n#8 0x5586d738add4 <unknown>\n#9 0x5586d738c1de <unknown>\n#10 0x5586d7655531 <unknown>\n#11 0x5586d7659455 <unknown>\n#12 0x5586d7641f55 <unknown>\n#13 0x5586d765a0ef <unknown>\n#14 0x5586d762599f <unknown>\n#15 0x5586d767e008 <unknown>\n#16 0x5586d767e1d7 <unknown>\n#17 0x5586d7690124 <unknown>\n#18 0x7fd866b3e044 <unknown>","time":{"start":1704761779585,"stop":1704761779909,"duration":324}}]},"tags":["@pytest.mark.xfail","smoke_test"]},"source":"954cb962e1cf13e4.json","parameterValues":["11440","299","'TD 024'","9900","'products/shtukaturka-gipsovaya-aksolit-m50-30-kg-mashinnogo-naneseniya'","4300","'https://sandboxtest.stroyrem-nn.ru/'","9000"]}