{"uid":"ed3584af400233bf","name":"TD 023 Доставка товара весом до 6200кг. в синей зоне","fullName":"tests.delivery.test_delivery_calculation.TestDeliveryPageCalculation#test_positive_delivery_blue_zone_smoke","historyId":"fe4664de905f76a94b6350f1590cde09","time":{"start":1725411846093,"stop":1725411846534,"duration":441},"status":"skipped","statusMessage":"XFAIL\n\nselenium.common.exceptions.NoSuchElementException: Message: no such element: Unable to locate element: {\"method\":\"xpath\",\"selector\":\"(//a[@class='add-to-cart yellow-btn'])[1]\"}\n  (Session info: chrome=128.0.6613.119); For documentation on this error, please visit: https://www.selenium.dev/documentation/webdriver/troubleshooting/errors#no-such-element-exception\nStacktrace:\n#0 0x55db3d4f786a <unknown>\n#1 0x55db3d1c5e50 <unknown>\n#2 0x55db3d215644 <unknown>\n#3 0x55db3d215931 <unknown>\n#4 0x55db3d25b534 <unknown>\n#5 0x55db3d23a4bd <unknown>\n#6 0x55db3d2589c6 <unknown>\n#7 0x55db3d23a233 <unknown>\n#8 0x55db3d208093 <unknown>\n#9 0x55db3d20909e <unknown>\n#10 0x55db3d4beacb <unknown>\n#11 0x55db3d4c2a81 <unknown>\n#12 0x55db3d4aa695 <unknown>\n#13 0x55db3d4c35f2 <unknown>\n#14 0x55db3d48f86f <unknown>\n#15 0x55db3d4e6668 <unknown>\n#16 0x55db3d4e6832 <unknown>\n#17 0x55db3d4f665c <unknown>\n#18 0x7f36030db134 <unknown>","statusTrace":"self = <tests.delivery.test_delivery_calculation.TestDeliveryPageCalculation object at 0x7faaece09d10>\ndriver = <selenium.webdriver.chrome.webdriver.WebDriver (session=\"ba693d0241f75e073b1c8486e7d8aade\")>\nurl = 'https://sandboxtest.stroyrem-nn.ru/', case_id = 'TD 023'\nlink_item = 'products/shtukaturka-gipsovaya-aksolit-m50-30-kg-mashinnogo-naneseniya'\namount = 206, weight = 6200, standard = 3300, in_time = 7500, all_time = 8000\n\n    @pytest.mark.parametrize('case_id, link_item, amount, weight, standard, in_time, all_time', [\n        (\"TD 015\", bundeks_25, 1, 30, 650, 2390, 3320),\n        pytest.param(\n            \"TD 016\", aksolit_30, 8, 300, 650, 2390, 3320,\n            marks=pytest.mark.xfail(reson=\"Цена доставки: - - -\")\n        ),\n        (\"TD 017\", aksolit_30, 13, 400, 650, 2390, 3320),\n        (\"TD 018\", aksolit_30, 16, 500, 850, 2490, 3320),\n        (\"TD 019\", aksolit_30, 25, 1700, 1150, 2490, 3320),\n        (\"TD 020\", aksolit_30, 66, 2000, 1500, 2990, 3650),\n        (\"TD 021\", aksolit_30, 149, 4500, 2600, 4380, 4890),\n        (\"TD 022\", aksolit_30, 166, 5000, 2800, 5490, 5980),\n        pytest.param(\n            \"TD 023\", aksolit_30, 206, 6200, 3300, 7500, 8000,\n            marks=pytest.mark.xfail(reson=\"Цена доставки: 4300 9900 11440\")\n        ),\n        (\"TD 024\", aksolit_30, 299, 9000, 4300, 9900, 11440),\n        (\"TD 025\", aksolit_30, 333, 10000, 7000, 13900, 15900),\n        pytest.param(\n            \"TD 026\", aksolit_30, 366, 11000, 8000, 14900, 19900,\n            marks=pytest.mark.xfail(reson=\"Цена доставки: 7000 13900 15900\")\n        ),\n        pytest.param(\n            \"TD 027\", aksolit_30, 666, 20000, 14000, 16900, 23900,\n            marks=pytest.mark.xfail(reson=\"Цена доставки: 7000 13900 15900\")\n        )\n    ])\n    @pytest.mark.xfail\n    @pytest.mark.smoke_test\n    def test_positive_delivery_blue_zone_smoke(\n            self, driver, url, case_id, link_item, amount, weight, standard, in_time, all_time\n    ):\n        allure.dynamic.title(f\"{case_id} Доставка товара весом до {weight}кг. в синей зоне\")\n    \n        driver.get(f'{url}{link_item}')\n        item_page = ItemPage(driver)\n>       item_page.add_item_to_cart(amount).click_on_cart()\n\ntests/delivery/test_delivery_calculation.py:132: \n_ _ _ _ _ _ _ _ _ _ _ _ _ _ _ _ _ _ _ _ _ _ _ _ _ _ _ _ _ _ _ _ _ _ _ _ _ _ _ _ \npages/item_page.py:40: in add_item_to_cart\n    self.find_element(self._add_item).click()\nbase/seleniumbase.py:17: in find_element\n    return self.driver.find_element(*locator)\n/usr/local/lib/python3.11/site-packages/selenium/webdriver/remote/webdriver.py:739: in find_element\n    return self.execute(Command.FIND_ELEMENT, {\"using\": by, \"value\": value})[\"value\"]\n/usr/local/lib/python3.11/site-packages/selenium/webdriver/remote/webdriver.py:345: in execute\n    self.error_handler.check_response(response)\n_ _ _ _ _ _ _ _ _ _ _ _ _ _ _ _ _ _ _ _ _ _ _ _ _ _ _ _ _ _ _ _ _ _ _ _ _ _ _ _ \n\nself = <selenium.webdriver.remote.errorhandler.ErrorHandler object at 0x7faaebcb3610>\nresponse = {'status': 404, 'value': '{\"value\":{\"error\":\"no such element\",\"message\":\"no such element: Unable to locate element: {\\...\\\\n#16 0x55db3d4e6832 \\\\u003Cunknown>\\\\n#17 0x55db3d4f665c \\\\u003Cunknown>\\\\n#18 0x7f36030db134 \\\\u003Cunknown>\\\\n\"}}'}\n\n    def check_response(self, response: Dict[str, Any]) -> None:\n        \"\"\"Checks that a JSON response from the WebDriver does not have an\n        error.\n    \n        :Args:\n         - response - The JSON response from the WebDriver server as a dictionary\n           object.\n    \n        :Raises: If the response contains an error message.\n        \"\"\"\n        status = response.get(\"status\", None)\n        if not status or status == ErrorCode.SUCCESS:\n            return\n        value = None\n        message = response.get(\"message\", \"\")\n        screen: str = response.get(\"screen\", \"\")\n        stacktrace = None\n        if isinstance(status, int):\n            value_json = response.get(\"value\", None)\n            if value_json and isinstance(value_json, str):\n                import json\n    \n                try:\n                    value = json.loads(value_json)\n                    if len(value) == 1:\n                        value = value[\"value\"]\n                    status = value.get(\"error\", None)\n                    if not status:\n                        status = value.get(\"status\", ErrorCode.UNKNOWN_ERROR)\n                        message = value.get(\"value\") or value.get(\"message\")\n                        if not isinstance(message, str):\n                            value = message\n                            message = message.get(\"message\")\n                    else:\n                        message = value.get(\"message\", None)\n                except ValueError:\n                    pass\n    \n        exception_class: Type[WebDriverException]\n        e = ErrorCode()\n        error_codes = [item for item in dir(e) if not item.startswith(\"__\")]\n        for error_code in error_codes:\n            error_info = getattr(ErrorCode, error_code)\n            if isinstance(error_info, list) and status in error_info:\n                exception_class = getattr(ExceptionMapping, error_code, WebDriverException)\n                break\n        else:\n            exception_class = WebDriverException\n    \n        if not value:\n            value = response[\"value\"]\n        if isinstance(value, str):\n            raise exception_class(value)\n        if message == \"\" and \"message\" in value:\n            message = value[\"message\"]\n    \n        screen = None  # type: ignore[assignment]\n        if \"screen\" in value:\n            screen = value[\"screen\"]\n    \n        stacktrace = None\n        st_value = value.get(\"stackTrace\") or value.get(\"stacktrace\")\n        if st_value:\n            if isinstance(st_value, str):\n                stacktrace = st_value.split(\"\\n\")\n            else:\n                stacktrace = []\n                try:\n                    for frame in st_value:\n                        line = frame.get(\"lineNumber\", \"\")\n                        file = frame.get(\"fileName\", \"<anonymous>\")\n                        if line:\n                            file = f\"{file}:{line}\"\n                        meth = frame.get(\"methodName\", \"<anonymous>\")\n                        if \"className\" in frame:\n                            meth = f\"{frame['className']}.{meth}\"\n                        msg = \"    at %s (%s)\"\n                        msg = msg % (meth, file)\n                        stacktrace.append(msg)\n                except TypeError:\n                    pass\n        if exception_class == UnexpectedAlertPresentException:\n            alert_text = None\n            if \"data\" in value:\n                alert_text = value[\"data\"].get(\"text\")\n            elif \"alert\" in value:\n                alert_text = value[\"alert\"].get(\"text\")\n            raise exception_class(message, screen, stacktrace, alert_text)  # type: ignore[call-arg]  # mypy is not smart enough here\n>       raise exception_class(message, screen, stacktrace)\nE       selenium.common.exceptions.NoSuchElementException: Message: no such element: Unable to locate element: {\"method\":\"xpath\",\"selector\":\"(//a[@class='add-to-cart yellow-btn'])[1]\"}\nE         (Session info: chrome=128.0.6613.119); For documentation on this error, please visit: https://www.selenium.dev/documentation/webdriver/troubleshooting/errors#no-such-element-exception\nE       Stacktrace:\nE       #0 0x55db3d4f786a <unknown>\nE       #1 0x55db3d1c5e50 <unknown>\nE       #2 0x55db3d215644 <unknown>\nE       #3 0x55db3d215931 <unknown>\nE       #4 0x55db3d25b534 <unknown>\nE       #5 0x55db3d23a4bd <unknown>\nE       #6 0x55db3d2589c6 <unknown>\nE       #7 0x55db3d23a233 <unknown>\nE       #8 0x55db3d208093 <unknown>\nE       #9 0x55db3d20909e <unknown>\nE       #10 0x55db3d4beacb <unknown>\nE       #11 0x55db3d4c2a81 <unknown>\nE       #12 0x55db3d4aa695 <unknown>\nE       #13 0x55db3d4c35f2 <unknown>\nE       #14 0x55db3d48f86f <unknown>\nE       #15 0x55db3d4e6668 <unknown>\nE       #16 0x55db3d4e6832 <unknown>\nE       #17 0x55db3d4f665c <unknown>\nE       #18 0x7f36030db134 <unknown>\n\n/usr/local/lib/python3.11/site-packages/selenium/webdriver/remote/errorhandler.py:229: NoSuchElementException","flaky":false,"newFailed":false,"newBroken":false,"newPassed":false,"retriesCount":0,"retriesStatusChange":false,"beforeStages":[{"name":"_session_faker","time":{"start":1725411607356,"stop":1725411607424,"duration":68},"status":"passed","steps":[],"attachments":[],"parameters":[],"shouldDisplayMessage":false,"stepsCount":0,"attachmentsCount":0,"hasContent":false,"attachmentStep":false},{"name":"clear_allure_results_folder","time":{"start":1725411607424,"stop":1725411607424,"duration":0},"status":"passed","steps":[],"attachments":[],"parameters":[],"shouldDisplayMessage":false,"stepsCount":0,"attachmentsCount":0,"hasContent":false,"attachmentStep":false},{"name":"driver","time":{"start":1725411845253,"stop":1725411846092,"duration":839},"status":"passed","steps":[],"attachments":[],"parameters":[],"shouldDisplayMessage":false,"stepsCount":0,"attachmentsCount":0,"hasContent":false,"attachmentStep":false},{"name":"setup","time":{"start":1725411846092,"stop":1725411846092,"duration":0},"status":"passed","steps":[],"attachments":[],"parameters":[],"shouldDisplayMessage":false,"stepsCount":0,"attachmentsCount":0,"hasContent":false,"attachmentStep":false}],"testStage":{"status":"skipped","statusMessage":"XFAIL\n\nselenium.common.exceptions.NoSuchElementException: Message: no such element: Unable to locate element: {\"method\":\"xpath\",\"selector\":\"(//a[@class='add-to-cart yellow-btn'])[1]\"}\n  (Session info: chrome=128.0.6613.119); For documentation on this error, please visit: https://www.selenium.dev/documentation/webdriver/troubleshooting/errors#no-such-element-exception\nStacktrace:\n#0 0x55db3d4f786a <unknown>\n#1 0x55db3d1c5e50 <unknown>\n#2 0x55db3d215644 <unknown>\n#3 0x55db3d215931 <unknown>\n#4 0x55db3d25b534 <unknown>\n#5 0x55db3d23a4bd <unknown>\n#6 0x55db3d2589c6 <unknown>\n#7 0x55db3d23a233 <unknown>\n#8 0x55db3d208093 <unknown>\n#9 0x55db3d20909e <unknown>\n#10 0x55db3d4beacb <unknown>\n#11 0x55db3d4c2a81 <unknown>\n#12 0x55db3d4aa695 <unknown>\n#13 0x55db3d4c35f2 <unknown>\n#14 0x55db3d48f86f <unknown>\n#15 0x55db3d4e6668 <unknown>\n#16 0x55db3d4e6832 <unknown>\n#17 0x55db3d4f665c <unknown>\n#18 0x7f36030db134 <unknown>","statusTrace":"self = <tests.delivery.test_delivery_calculation.TestDeliveryPageCalculation object at 0x7faaece09d10>\ndriver = <selenium.webdriver.chrome.webdriver.WebDriver (session=\"ba693d0241f75e073b1c8486e7d8aade\")>\nurl = 'https://sandboxtest.stroyrem-nn.ru/', case_id = 'TD 023'\nlink_item = 'products/shtukaturka-gipsovaya-aksolit-m50-30-kg-mashinnogo-naneseniya'\namount = 206, weight = 6200, standard = 3300, in_time = 7500, all_time = 8000\n\n    @pytest.mark.parametrize('case_id, link_item, amount, weight, standard, in_time, all_time', [\n        (\"TD 015\", bundeks_25, 1, 30, 650, 2390, 3320),\n        pytest.param(\n            \"TD 016\", aksolit_30, 8, 300, 650, 2390, 3320,\n            marks=pytest.mark.xfail(reson=\"Цена доставки: - - -\")\n        ),\n        (\"TD 017\", aksolit_30, 13, 400, 650, 2390, 3320),\n        (\"TD 018\", aksolit_30, 16, 500, 850, 2490, 3320),\n        (\"TD 019\", aksolit_30, 25, 1700, 1150, 2490, 3320),\n        (\"TD 020\", aksolit_30, 66, 2000, 1500, 2990, 3650),\n        (\"TD 021\", aksolit_30, 149, 4500, 2600, 4380, 4890),\n        (\"TD 022\", aksolit_30, 166, 5000, 2800, 5490, 5980),\n        pytest.param(\n            \"TD 023\", aksolit_30, 206, 6200, 3300, 7500, 8000,\n            marks=pytest.mark.xfail(reson=\"Цена доставки: 4300 9900 11440\")\n        ),\n        (\"TD 024\", aksolit_30, 299, 9000, 4300, 9900, 11440),\n        (\"TD 025\", aksolit_30, 333, 10000, 7000, 13900, 15900),\n        pytest.param(\n            \"TD 026\", aksolit_30, 366, 11000, 8000, 14900, 19900,\n            marks=pytest.mark.xfail(reson=\"Цена доставки: 7000 13900 15900\")\n        ),\n        pytest.param(\n            \"TD 027\", aksolit_30, 666, 20000, 14000, 16900, 23900,\n            marks=pytest.mark.xfail(reson=\"Цена доставки: 7000 13900 15900\")\n        )\n    ])\n    @pytest.mark.xfail\n    @pytest.mark.smoke_test\n    def test_positive_delivery_blue_zone_smoke(\n            self, driver, url, case_id, link_item, amount, weight, standard, in_time, all_time\n    ):\n        allure.dynamic.title(f\"{case_id} Доставка товара весом до {weight}кг. в синей зоне\")\n    \n        driver.get(f'{url}{link_item}')\n        item_page = ItemPage(driver)\n>       item_page.add_item_to_cart(amount).click_on_cart()\n\ntests/delivery/test_delivery_calculation.py:132: \n_ _ _ _ _ _ _ _ _ _ _ _ _ _ _ _ _ _ _ _ _ _ _ _ _ _ _ _ _ _ _ _ _ _ _ _ _ _ _ _ \npages/item_page.py:40: in add_item_to_cart\n    self.find_element(self._add_item).click()\nbase/seleniumbase.py:17: in find_element\n    return self.driver.find_element(*locator)\n/usr/local/lib/python3.11/site-packages/selenium/webdriver/remote/webdriver.py:739: in find_element\n    return self.execute(Command.FIND_ELEMENT, {\"using\": by, \"value\": value})[\"value\"]\n/usr/local/lib/python3.11/site-packages/selenium/webdriver/remote/webdriver.py:345: in execute\n    self.error_handler.check_response(response)\n_ _ _ _ _ _ _ _ _ _ _ _ _ _ _ _ _ _ _ _ _ _ _ _ _ _ _ _ _ _ _ _ _ _ _ _ _ _ _ _ \n\nself = <selenium.webdriver.remote.errorhandler.ErrorHandler object at 0x7faaebcb3610>\nresponse = {'status': 404, 'value': '{\"value\":{\"error\":\"no such element\",\"message\":\"no such element: Unable to locate element: {\\...\\\\n#16 0x55db3d4e6832 \\\\u003Cunknown>\\\\n#17 0x55db3d4f665c \\\\u003Cunknown>\\\\n#18 0x7f36030db134 \\\\u003Cunknown>\\\\n\"}}'}\n\n    def check_response(self, response: Dict[str, Any]) -> None:\n        \"\"\"Checks that a JSON response from the WebDriver does not have an\n        error.\n    \n        :Args:\n         - response - The JSON response from the WebDriver server as a dictionary\n           object.\n    \n        :Raises: If the response contains an error message.\n        \"\"\"\n        status = response.get(\"status\", None)\n        if not status or status == ErrorCode.SUCCESS:\n            return\n        value = None\n        message = response.get(\"message\", \"\")\n        screen: str = response.get(\"screen\", \"\")\n        stacktrace = None\n        if isinstance(status, int):\n            value_json = response.get(\"value\", None)\n            if value_json and isinstance(value_json, str):\n                import json\n    \n                try:\n                    value = json.loads(value_json)\n                    if len(value) == 1:\n                        value = value[\"value\"]\n                    status = value.get(\"error\", None)\n                    if not status:\n                        status = value.get(\"status\", ErrorCode.UNKNOWN_ERROR)\n                        message = value.get(\"value\") or value.get(\"message\")\n                        if not isinstance(message, str):\n                            value = message\n                            message = message.get(\"message\")\n                    else:\n                        message = value.get(\"message\", None)\n                except ValueError:\n                    pass\n    \n        exception_class: Type[WebDriverException]\n        e = ErrorCode()\n        error_codes = [item for item in dir(e) if not item.startswith(\"__\")]\n        for error_code in error_codes:\n            error_info = getattr(ErrorCode, error_code)\n            if isinstance(error_info, list) and status in error_info:\n                exception_class = getattr(ExceptionMapping, error_code, WebDriverException)\n                break\n        else:\n            exception_class = WebDriverException\n    \n        if not value:\n            value = response[\"value\"]\n        if isinstance(value, str):\n            raise exception_class(value)\n        if message == \"\" and \"message\" in value:\n            message = value[\"message\"]\n    \n        screen = None  # type: ignore[assignment]\n        if \"screen\" in value:\n            screen = value[\"screen\"]\n    \n        stacktrace = None\n        st_value = value.get(\"stackTrace\") or value.get(\"stacktrace\")\n        if st_value:\n            if isinstance(st_value, str):\n                stacktrace = st_value.split(\"\\n\")\n            else:\n                stacktrace = []\n                try:\n                    for frame in st_value:\n                        line = frame.get(\"lineNumber\", \"\")\n                        file = frame.get(\"fileName\", \"<anonymous>\")\n                        if line:\n                            file = f\"{file}:{line}\"\n                        meth = frame.get(\"methodName\", \"<anonymous>\")\n                        if \"className\" in frame:\n                            meth = f\"{frame['className']}.{meth}\"\n                        msg = \"    at %s (%s)\"\n                        msg = msg % (meth, file)\n                        stacktrace.append(msg)\n                except TypeError:\n                    pass\n        if exception_class == UnexpectedAlertPresentException:\n            alert_text = None\n            if \"data\" in value:\n                alert_text = value[\"data\"].get(\"text\")\n            elif \"alert\" in value:\n                alert_text = value[\"alert\"].get(\"text\")\n            raise exception_class(message, screen, stacktrace, alert_text)  # type: ignore[call-arg]  # mypy is not smart enough here\n>       raise exception_class(message, screen, stacktrace)\nE       selenium.common.exceptions.NoSuchElementException: Message: no such element: Unable to locate element: {\"method\":\"xpath\",\"selector\":\"(//a[@class='add-to-cart yellow-btn'])[1]\"}\nE         (Session info: chrome=128.0.6613.119); For documentation on this error, please visit: https://www.selenium.dev/documentation/webdriver/troubleshooting/errors#no-such-element-exception\nE       Stacktrace:\nE       #0 0x55db3d4f786a <unknown>\nE       #1 0x55db3d1c5e50 <unknown>\nE       #2 0x55db3d215644 <unknown>\nE       #3 0x55db3d215931 <unknown>\nE       #4 0x55db3d25b534 <unknown>\nE       #5 0x55db3d23a4bd <unknown>\nE       #6 0x55db3d2589c6 <unknown>\nE       #7 0x55db3d23a233 <unknown>\nE       #8 0x55db3d208093 <unknown>\nE       #9 0x55db3d20909e <unknown>\nE       #10 0x55db3d4beacb <unknown>\nE       #11 0x55db3d4c2a81 <unknown>\nE       #12 0x55db3d4aa695 <unknown>\nE       #13 0x55db3d4c35f2 <unknown>\nE       #14 0x55db3d48f86f <unknown>\nE       #15 0x55db3d4e6668 <unknown>\nE       #16 0x55db3d4e6832 <unknown>\nE       #17 0x55db3d4f665c <unknown>\nE       #18 0x7f36030db134 <unknown>\n\n/usr/local/lib/python3.11/site-packages/selenium/webdriver/remote/errorhandler.py:229: NoSuchElementException","steps":[{"name":"Добавляем товар в корзину в количестве 206","time":{"start":1725411846513,"stop":1725411846533,"duration":20},"status":"broken","statusMessage":"selenium.common.exceptions.NoSuchElementException: Message: no such element: Unable to locate element: {\"method\":\"xpath\",\"selector\":\"(//a[@class='add-to-cart yellow-btn'])[1]\"}\n  (Session info: chrome=128.0.6613.119); For documentation on this error, please visit: https://www.selenium.dev/documentation/webdriver/troubleshooting/errors#no-such-element-exception\nStacktrace:\n#0 0x55db3d4f786a <unknown>\n#1 0x55db3d1c5e50 <unknown>\n#2 0x55db3d215644 <unknown>\n#3 0x55db3d215931 <unknown>\n#4 0x55db3d25b534 <unknown>\n#5 0x55db3d23a4bd <unknown>\n#6 0x55db3d2589c6 <unknown>\n#7 0x55db3d23a233 <unknown>\n#8 0x55db3d208093 <unknown>\n#9 0x55db3d20909e <unknown>\n#10 0x55db3d4beacb <unknown>\n#11 0x55db3d4c2a81 <unknown>\n#12 0x55db3d4aa695 <unknown>\n#13 0x55db3d4c35f2 <unknown>\n#14 0x55db3d48f86f <unknown>\n#15 0x55db3d4e6668 <unknown>\n#16 0x55db3d4e6832 <unknown>\n#17 0x55db3d4f665c <unknown>\n#18 0x7f36030db134 <unknown>\n\n","statusTrace":"  File \"/usr/local/lib/python3.11/site-packages/allure_commons/_allure.py\", line 192, in impl\n    return func(*a, **kw)\n           ^^^^^^^^^^^^^^\n  File \"/app/pages/item_page.py\", line 40, in add_item_to_cart\n    self.find_element(self._add_item).click()\n    ^^^^^^^^^^^^^^^^^^^^^^^^^^^^^^^^^\n  File \"/app/base/seleniumbase.py\", line 17, in find_element\n    return self.driver.find_element(*locator)\n           ^^^^^^^^^^^^^^^^^^^^^^^^^^^^^^^^^^\n  File \"/usr/local/lib/python3.11/site-packages/selenium/webdriver/remote/webdriver.py\", line 739, in find_element\n    return self.execute(Command.FIND_ELEMENT, {\"using\": by, \"value\": value})[\"value\"]\n           ^^^^^^^^^^^^^^^^^^^^^^^^^^^^^^^^^^^^^^^^^^^^^^^^^^^^^^^^^^^^^^^^^\n  File \"/usr/local/lib/python3.11/site-packages/selenium/webdriver/remote/webdriver.py\", line 345, in execute\n    self.error_handler.check_response(response)\n  File \"/usr/local/lib/python3.11/site-packages/selenium/webdriver/remote/errorhandler.py\", line 229, in check_response\n    raise exception_class(message, screen, stacktrace)\n","steps":[],"attachments":[],"parameters":[{"name":"amount","value":"206"}],"shouldDisplayMessage":true,"stepsCount":0,"attachmentsCount":0,"hasContent":true,"attachmentStep":false}],"attachments":[{"uid":"3224c0a0d51a5d87","name":"Screenshot","source":"3224c0a0d51a5d87.png","type":"image/png","size":46834},{"uid":"3c9fe7233e26a4a8","name":"HTML source","source":"3c9fe7233e26a4a8.html","type":"text/html","size":133699}],"parameters":[],"shouldDisplayMessage":true,"stepsCount":1,"attachmentsCount":2,"hasContent":true,"attachmentStep":false},"afterStages":[{"name":"driver::0","time":{"start":1725411846636,"stop":1725411846703,"duration":67},"status":"passed","steps":[],"attachments":[],"parameters":[],"shouldDisplayMessage":false,"stepsCount":0,"attachmentsCount":0,"hasContent":false,"attachmentStep":false},{"name":"setup::0","time":{"start":1725411846636,"stop":1725411846636,"duration":0},"status":"passed","steps":[],"attachments":[],"parameters":[],"shouldDisplayMessage":false,"stepsCount":0,"attachmentsCount":0,"hasContent":false,"attachmentStep":false}],"labels":[{"name":"epic","value":"Delivery Page - calculation"},{"name":"tag","value":"smoke_test"},{"name":"tag","value":"@pytest.mark.xfail"},{"name":"parentSuite","value":"tests.delivery"},{"name":"suite","value":"test_delivery_calculation"},{"name":"subSuite","value":"TestDeliveryPageCalculation"},{"name":"host","value":"0a49ddc66f38"},{"name":"thread","value":"1-MainThread"},{"name":"framework","value":"pytest"},{"name":"language","value":"cpython3"},{"name":"package","value":"tests.delivery.test_delivery_calculation"},{"name":"resultFormat","value":"allure2"}],"parameters":[{"name":"all_time","value":"8000"},{"name":"amount","value":"206"},{"name":"case_id","value":"'TD 023'"},{"name":"in_time","value":"7500"},{"name":"link_item","value":"'products/shtukaturka-gipsovaya-aksolit-m50-30-kg-mashinnogo-naneseniya'"},{"name":"standard","value":"3300"},{"name":"url","value":"'https://sandboxtest.stroyrem-nn.ru/'"},{"name":"weight","value":"6200"}],"links":[],"hidden":false,"retry":false,"extra":{"severity":"normal","retries":[],"categories":[],"history":{"statistic":{"failed":0,"broken":0,"skipped":97,"passed":0,"unknown":0,"total":97},"items":[{"uid":"65cacf757bcb2133","reportUrl":"https://Nat754.github.io/StroyremAutomation/419//#testresult/65cacf757bcb2133","status":"skipped","statusDetails":"XFAIL\n\nselenium.common.exceptions.NoSuchElementException: Message: no such element: Unable to locate element: {\"method\":\"xpath\",\"selector\":\"(//a[@class='add-to-cart yellow-btn'])[1]\"}\n  (Session info: chrome=128.0.6613.119); For documentation on this error, please visit: https://www.selenium.dev/documentation/webdriver/troubleshooting/errors#no-such-element-exception\nStacktrace:\n#0 0x55c967d0686a <unknown>\n#1 0x55c9679d4e50 <unknown>\n#2 0x55c967a24644 <unknown>\n#3 0x55c967a24931 <unknown>\n#4 0x55c967a6a534 <unknown>\n#5 0x55c967a494bd <unknown>\n#6 0x55c967a679c6 <unknown>\n#7 0x55c967a49233 <unknown>\n#8 0x55c967a17093 <unknown>\n#9 0x55c967a1809e <unknown>\n#10 0x55c967ccdacb <unknown>\n#11 0x55c967cd1a81 <unknown>\n#12 0x55c967cb9695 <unknown>\n#13 0x55c967cd25f2 <unknown>\n#14 0x55c967c9e86f <unknown>\n#15 0x55c967cf5668 <unknown>\n#16 0x55c967cf5832 <unknown>\n#17 0x55c967d0565c <unknown>\n#18 0x7fcc67fe6134 <unknown>","time":{"start":1725325396975,"stop":1725325397403,"duration":428}},{"uid":"86a82e89c0c128e8","reportUrl":"https://Nat754.github.io/StroyremAutomation/418//#testresult/86a82e89c0c128e8","status":"skipped","statusDetails":"XFAIL\n\nselenium.common.exceptions.NoSuchElementException: Message: no such element: Unable to locate element: {\"method\":\"xpath\",\"selector\":\"(//a[@class='add-to-cart yellow-btn'])[1]\"}\n  (Session info: chrome=128.0.6613.86); For documentation on this error, please visit: https://www.selenium.dev/documentation/webdriver/troubleshooting/errors#no-such-element-exception\nStacktrace:\n#0 0x55e8393b38da <unknown>\n#1 0x55e839081e50 <unknown>\n#2 0x55e8390d1644 <unknown>\n#3 0x55e8390d1931 <unknown>\n#4 0x55e839117534 <unknown>\n#5 0x55e8390f64bd <unknown>\n#6 0x55e8391149c6 <unknown>\n#7 0x55e8390f6233 <unknown>\n#8 0x55e8390c4093 <unknown>\n#9 0x55e8390c509e <unknown>\n#10 0x55e83937ab3b <unknown>\n#11 0x55e83937eaf1 <unknown>\n#12 0x55e839366705 <unknown>\n#13 0x55e83937f662 <unknown>\n#14 0x55e83934b8df <unknown>\n#15 0x55e8393a26d8 <unknown>\n#16 0x55e8393a28a2 <unknown>\n#17 0x55e8393b26cc <unknown>\n#18 0x7fcf65a8f134 <unknown>","time":{"start":1725239107176,"stop":1725239107480,"duration":304}},{"uid":"498acf4c099fc038","reportUrl":"https://Nat754.github.io/StroyremAutomation/417//#testresult/498acf4c099fc038","status":"skipped","statusDetails":"XFAIL\n\nselenium.common.exceptions.NoSuchElementException: Message: no such element: Unable to locate element: {\"method\":\"xpath\",\"selector\":\"(//a[@class='add-to-cart yellow-btn'])[1]\"}\n  (Session info: chrome=128.0.6613.86); For documentation on this error, please visit: https://www.selenium.dev/documentation/webdriver/troubleshooting/errors#no-such-element-exception\nStacktrace:\n#0 0x55e339e8b8da <unknown>\n#1 0x55e339b59e50 <unknown>\n#2 0x55e339ba9644 <unknown>\n#3 0x55e339ba9931 <unknown>\n#4 0x55e339bef534 <unknown>\n#5 0x55e339bce4bd <unknown>\n#6 0x55e339bec9c6 <unknown>\n#7 0x55e339bce233 <unknown>\n#8 0x55e339b9c093 <unknown>\n#9 0x55e339b9d09e <unknown>\n#10 0x55e339e52b3b <unknown>\n#11 0x55e339e56af1 <unknown>\n#12 0x55e339e3e705 <unknown>\n#13 0x55e339e57662 <unknown>\n#14 0x55e339e238df <unknown>\n#15 0x55e339e7a6d8 <unknown>\n#16 0x55e339e7a8a2 <unknown>\n#17 0x55e339e8a6cc <unknown>\n#18 0x7fbd8b1a3134 <unknown>","time":{"start":1725153286049,"stop":1725153286482,"duration":433}},{"uid":"e3ee8faa92dc7e8","reportUrl":"https://Nat754.github.io/StroyremAutomation/416//#testresult/e3ee8faa92dc7e8","status":"skipped","statusDetails":"XFAIL\n\nselenium.common.exceptions.NoSuchElementException: Message: no such element: Unable to locate element: {\"method\":\"xpath\",\"selector\":\"(//a[@class='add-to-cart yellow-btn'])[1]\"}\n  (Session info: chrome=128.0.6613.86); For documentation on this error, please visit: https://www.selenium.dev/documentation/webdriver/troubleshooting/errors#no-such-element-exception\nStacktrace:\n#0 0x55bcc304c8da <unknown>\n#1 0x55bcc2d1ae50 <unknown>\n#2 0x55bcc2d6a644 <unknown>\n#3 0x55bcc2d6a931 <unknown>\n#4 0x55bcc2db0534 <unknown>\n#5 0x55bcc2d8f4bd <unknown>\n#6 0x55bcc2dad9c6 <unknown>\n#7 0x55bcc2d8f233 <unknown>\n#8 0x55bcc2d5d093 <unknown>\n#9 0x55bcc2d5e09e <unknown>\n#10 0x55bcc3013b3b <unknown>\n#11 0x55bcc3017af1 <unknown>\n#12 0x55bcc2fff705 <unknown>\n#13 0x55bcc3018662 <unknown>\n#14 0x55bcc2fe48df <unknown>\n#15 0x55bcc303b6d8 <unknown>\n#16 0x55bcc303b8a2 <unknown>\n#17 0x55bcc304b6cc <unknown>\n#18 0x7fe690f54134 <unknown>","time":{"start":1725066234957,"stop":1725066235305,"duration":348}},{"uid":"fb35b6e53f5c3719","reportUrl":"https://Nat754.github.io/StroyremAutomation/415//#testresult/fb35b6e53f5c3719","status":"skipped","statusDetails":"XFAIL\n\nselenium.common.exceptions.NoSuchElementException: Message: no such element: Unable to locate element: {\"method\":\"xpath\",\"selector\":\"(//a[@class='add-to-cart yellow-btn'])[1]\"}\n  (Session info: chrome=128.0.6613.86); For documentation on this error, please visit: https://www.selenium.dev/documentation/webdriver/troubleshooting/errors#no-such-element-exception\nStacktrace:\n#0 0x5581b90ff8da <unknown>\n#1 0x5581b8dcde50 <unknown>\n#2 0x5581b8e1d644 <unknown>\n#3 0x5581b8e1d931 <unknown>\n#4 0x5581b8e63534 <unknown>\n#5 0x5581b8e424bd <unknown>\n#6 0x5581b8e609c6 <unknown>\n#7 0x5581b8e42233 <unknown>\n#8 0x5581b8e10093 <unknown>\n#9 0x5581b8e1109e <unknown>\n#10 0x5581b90c6b3b <unknown>\n#11 0x5581b90caaf1 <unknown>\n#12 0x5581b90b2705 <unknown>\n#13 0x5581b90cb662 <unknown>\n#14 0x5581b90978df <unknown>\n#15 0x5581b90ee6d8 <unknown>\n#16 0x5581b90ee8a2 <unknown>\n#17 0x5581b90fe6cc <unknown>\n#18 0x7f6442fc1134 <unknown>","time":{"start":1724979820952,"stop":1724979821349,"duration":397}},{"uid":"5e541b4943747f91","reportUrl":"https://Nat754.github.io/StroyremAutomation/414//#testresult/5e541b4943747f91","status":"skipped","statusDetails":"XFAIL\n\nselenium.common.exceptions.NoSuchElementException: Message: no such element: Unable to locate element: {\"method\":\"xpath\",\"selector\":\"(//a[@class='add-to-cart yellow-btn'])[1]\"}\n  (Session info: chrome=128.0.6613.86); For documentation on this error, please visit: https://www.selenium.dev/documentation/webdriver/troubleshooting/errors#no-such-element-exception\nStacktrace:\n#0 0x55bbf68a38da <unknown>\n#1 0x55bbf6571e50 <unknown>\n#2 0x55bbf65c1644 <unknown>\n#3 0x55bbf65c1931 <unknown>\n#4 0x55bbf6607534 <unknown>\n#5 0x55bbf65e64bd <unknown>\n#6 0x55bbf66049c6 <unknown>\n#7 0x55bbf65e6233 <unknown>\n#8 0x55bbf65b4093 <unknown>\n#9 0x55bbf65b509e <unknown>\n#10 0x55bbf686ab3b <unknown>\n#11 0x55bbf686eaf1 <unknown>\n#12 0x55bbf6856705 <unknown>\n#13 0x55bbf686f662 <unknown>\n#14 0x55bbf683b8df <unknown>\n#15 0x55bbf68926d8 <unknown>\n#16 0x55bbf68928a2 <unknown>\n#17 0x55bbf68a26cc <unknown>\n#18 0x7fc6faf50134 <unknown>","time":{"start":1724893495933,"stop":1724893496362,"duration":429}},{"uid":"e5073222dd61bf12","reportUrl":"https://Nat754.github.io/StroyremAutomation/413//#testresult/e5073222dd61bf12","status":"skipped","statusDetails":"XFAIL\n\nselenium.common.exceptions.NoSuchElementException: Message: no such element: Unable to locate element: {\"method\":\"xpath\",\"selector\":\"(//a[@class='add-to-cart yellow-btn'])[1]\"}\n  (Session info: chrome=128.0.6613.84); For documentation on this error, please visit: https://www.selenium.dev/documentation/webdriver/troubleshooting/errors#no-such-element-exception\nStacktrace:\n#0 0x55a26d78e81a <unknown>\n#1 0x55a26d45ce50 <unknown>\n#2 0x55a26d4ac644 <unknown>\n#3 0x55a26d4ac931 <unknown>\n#4 0x55a26d4f2534 <unknown>\n#5 0x55a26d4d14bd <unknown>\n#6 0x55a26d4ef9c6 <unknown>\n#7 0x55a26d4d1233 <unknown>\n#8 0x55a26d49f093 <unknown>\n#9 0x55a26d4a009e <unknown>\n#10 0x55a26d755a7b <unknown>\n#11 0x55a26d759a31 <unknown>\n#12 0x55a26d741645 <unknown>\n#13 0x55a26d75a5a2 <unknown>\n#14 0x55a26d72681f <unknown>\n#15 0x55a26d77d618 <unknown>\n#16 0x55a26d77d7e2 <unknown>\n#17 0x55a26d78d60c <unknown>\n#18 0x7fdd6d158134 <unknown>","time":{"start":1724806991586,"stop":1724806991899,"duration":313}},{"uid":"70e0259427adf408","reportUrl":"https://Nat754.github.io/StroyremAutomation/412//#testresult/70e0259427adf408","status":"skipped","statusDetails":"XFAIL\n\nselenium.common.exceptions.NoSuchElementException: Message: no such element: Unable to locate element: {\"method\":\"xpath\",\"selector\":\"(//a[@class='add-to-cart yellow-btn'])[1]\"}\n  (Session info: chrome=128.0.6613.84); For documentation on this error, please visit: https://www.selenium.dev/documentation/webdriver/troubleshooting/errors#no-such-element-exception\nStacktrace:\n#0 0x561fb675c81a <unknown>\n#1 0x561fb642ae50 <unknown>\n#2 0x561fb647a644 <unknown>\n#3 0x561fb647a931 <unknown>\n#4 0x561fb64c0534 <unknown>\n#5 0x561fb649f4bd <unknown>\n#6 0x561fb64bd9c6 <unknown>\n#7 0x561fb649f233 <unknown>\n#8 0x561fb646d093 <unknown>\n#9 0x561fb646e09e <unknown>\n#10 0x561fb6723a7b <unknown>\n#11 0x561fb6727a31 <unknown>\n#12 0x561fb670f645 <unknown>\n#13 0x561fb67285a2 <unknown>\n#14 0x561fb66f481f <unknown>\n#15 0x561fb674b618 <unknown>\n#16 0x561fb674b7e2 <unknown>\n#17 0x561fb675b60c <unknown>\n#18 0x7fbacd8a3134 <unknown>","time":{"start":1724720555833,"stop":1724720556264,"duration":431}},{"uid":"4962c7d87f9055f5","reportUrl":"https://Nat754.github.io/StroyremAutomation/411//#testresult/4962c7d87f9055f5","status":"skipped","statusDetails":"XFAIL\n\nselenium.common.exceptions.NoSuchElementException: Message: no such element: Unable to locate element: {\"method\":\"xpath\",\"selector\":\"(//a[@class='add-to-cart yellow-btn'])[1]\"}\n  (Session info: chrome=128.0.6613.84); For documentation on this error, please visit: https://www.selenium.dev/documentation/webdriver/troubleshooting/errors#no-such-element-exception\nStacktrace:\n#0 0x55f35aa8981a <unknown>\n#1 0x55f35a757e50 <unknown>\n#2 0x55f35a7a7644 <unknown>\n#3 0x55f35a7a7931 <unknown>\n#4 0x55f35a7ed534 <unknown>\n#5 0x55f35a7cc4bd <unknown>\n#6 0x55f35a7ea9c6 <unknown>\n#7 0x55f35a7cc233 <unknown>\n#8 0x55f35a79a093 <unknown>\n#9 0x55f35a79b09e <unknown>\n#10 0x55f35aa50a7b <unknown>\n#11 0x55f35aa54a31 <unknown>\n#12 0x55f35aa3c645 <unknown>\n#13 0x55f35aa555a2 <unknown>\n#14 0x55f35aa2181f <unknown>\n#15 0x55f35aa78618 <unknown>\n#16 0x55f35aa787e2 <unknown>\n#17 0x55f35aa8860c <unknown>\n#18 0x7f2352e3a134 <unknown>","time":{"start":1724634158729,"stop":1724634159072,"duration":343}},{"uid":"964d7df0e7d54d66","reportUrl":"https://Nat754.github.io/StroyremAutomation/410//#testresult/964d7df0e7d54d66","status":"skipped","statusDetails":"XFAIL\n\nselenium.common.exceptions.NoSuchElementException: Message: no such element: Unable to locate element: {\"method\":\"xpath\",\"selector\":\"(//a[@class='add-to-cart yellow-btn'])[1]\"}\n  (Session info: chrome=128.0.6613.84); For documentation on this error, please visit: https://www.selenium.dev/documentation/webdriver/troubleshooting/errors#no-such-element-exception\nStacktrace:\n#0 0x55c8b338181a <unknown>\n#1 0x55c8b304fe50 <unknown>\n#2 0x55c8b309f644 <unknown>\n#3 0x55c8b309f931 <unknown>\n#4 0x55c8b30e5534 <unknown>\n#5 0x55c8b30c44bd <unknown>\n#6 0x55c8b30e29c6 <unknown>\n#7 0x55c8b30c4233 <unknown>\n#8 0x55c8b3092093 <unknown>\n#9 0x55c8b309309e <unknown>\n#10 0x55c8b3348a7b <unknown>\n#11 0x55c8b334ca31 <unknown>\n#12 0x55c8b3334645 <unknown>\n#13 0x55c8b334d5a2 <unknown>\n#14 0x55c8b331981f <unknown>\n#15 0x55c8b3370618 <unknown>\n#16 0x55c8b33707e2 <unknown>\n#17 0x55c8b338060c <unknown>\n#18 0x7f094830b134 <unknown>","time":{"start":1724548030849,"stop":1724548031322,"duration":473}},{"uid":"47c40402112fc8ae","reportUrl":"https://Nat754.github.io/StroyremAutomation/409//#testresult/47c40402112fc8ae","status":"skipped","statusDetails":"XFAIL\n\nselenium.common.exceptions.NoSuchElementException: Message: no such element: Unable to locate element: {\"method\":\"xpath\",\"selector\":\"(//a[@class='add-to-cart yellow-btn'])[1]\"}\n  (Session info: chrome=128.0.6613.84); For documentation on this error, please visit: https://www.selenium.dev/documentation/webdriver/troubleshooting/errors#no-such-element-exception\nStacktrace:\n#0 0x55bc9981481a <unknown>\n#1 0x55bc994e2e50 <unknown>\n#2 0x55bc99532644 <unknown>\n#3 0x55bc99532931 <unknown>\n#4 0x55bc99578534 <unknown>\n#5 0x55bc995574bd <unknown>\n#6 0x55bc995759c6 <unknown>\n#7 0x55bc99557233 <unknown>\n#8 0x55bc99525093 <unknown>\n#9 0x55bc9952609e <unknown>\n#10 0x55bc997dba7b <unknown>\n#11 0x55bc997dfa31 <unknown>\n#12 0x55bc997c7645 <unknown>\n#13 0x55bc997e05a2 <unknown>\n#14 0x55bc997ac81f <unknown>\n#15 0x55bc99803618 <unknown>\n#16 0x55bc998037e2 <unknown>\n#17 0x55bc9981360c <unknown>\n#18 0x7f15e97d3134 <unknown>","time":{"start":1724461262911,"stop":1724461263255,"duration":344}},{"uid":"6150265267b8bbc4","reportUrl":"https://Nat754.github.io/StroyremAutomation/407//#testresult/6150265267b8bbc4","status":"skipped","statusDetails":"XFAIL\n\nselenium.common.exceptions.NoSuchElementException: Message: no such element: Unable to locate element: {\"method\":\"xpath\",\"selector\":\"(//a[@class='add-to-cart yellow-btn'])[1]\"}\n  (Session info: chrome=128.0.6613.84); For documentation on this error, please visit: https://www.selenium.dev/documentation/webdriver/troubleshooting/errors#no-such-element-exception\nStacktrace:\n#0 0x56275c79281a <unknown>\n#1 0x56275c460e50 <unknown>\n#2 0x56275c4b0644 <unknown>\n#3 0x56275c4b0931 <unknown>\n#4 0x56275c4f6534 <unknown>\n#5 0x56275c4d54bd <unknown>\n#6 0x56275c4f39c6 <unknown>\n#7 0x56275c4d5233 <unknown>\n#8 0x56275c4a3093 <unknown>\n#9 0x56275c4a409e <unknown>\n#10 0x56275c759a7b <unknown>\n#11 0x56275c75da31 <unknown>\n#12 0x56275c745645 <unknown>\n#13 0x56275c75e5a2 <unknown>\n#14 0x56275c72a81f <unknown>\n#15 0x56275c781618 <unknown>\n#16 0x56275c7817e2 <unknown>\n#17 0x56275c79160c <unknown>\n#18 0x7fee057c0134 <unknown>","time":{"start":1724288578297,"stop":1724288578641,"duration":344}},{"uid":"598d3d9cc325b6b4","reportUrl":"https://Nat754.github.io/StroyremAutomation/406//#testresult/598d3d9cc325b6b4","status":"skipped","statusDetails":"XFAIL\n\nselenium.common.exceptions.NoSuchElementException: Message: no such element: Unable to locate element: {\"method\":\"xpath\",\"selector\":\"(//a[@class='add-to-cart yellow-btn'])[1]\"}\n  (Session info: chrome-headless-shell=127.0.6533.119); For documentation on this error, please visit: https://www.selenium.dev/documentation/webdriver/troubleshooting/errors#no-such-element-exception\nStacktrace:\n#0 0x55adcafdb6ca <unknown>\n#1 0x55adcacac600 <unknown>\n#2 0x55adcacfbbcb <unknown>\n#3 0x55adcacfbeb1 <unknown>\n#4 0x55adcad3fb24 <unknown>\n#5 0x55adcad1e8cd <unknown>\n#6 0x55adcad3d04a <unknown>\n#7 0x55adcad1e643 <unknown>\n#8 0x55adcaceed31 <unknown>\n#9 0x55adcacef79e <unknown>\n#10 0x55adcafa325b <unknown>\n#11 0x55adcafa71f2 <unknown>\n#12 0x55adcaf90615 <unknown>\n#13 0x55adcafa7d82 <unknown>\n#14 0x55adcaf7525f <unknown>\n#15 0x55adcafcae68 <unknown>\n#16 0x55adcafcb040 <unknown>\n#17 0x55adcafda49c <unknown>\n#18 0x7f5d66038134 <unknown>","time":{"start":1724202143124,"stop":1724202143564,"duration":440}},{"uid":"cf40649be19971b7","reportUrl":"https://Nat754.github.io/StroyremAutomation/405//#testresult/cf40649be19971b7","status":"skipped","statusDetails":"XFAIL\n\nselenium.common.exceptions.NoSuchElementException: Message: no such element: Unable to locate element: {\"method\":\"xpath\",\"selector\":\"(//a[@class='add-to-cart yellow-btn'])[1]\"}\n  (Session info: chrome-headless-shell=127.0.6533.119); For documentation on this error, please visit: https://www.selenium.dev/documentation/webdriver/troubleshooting/errors#no-such-element-exception\nStacktrace:\n#0 0x5643206046ca <unknown>\n#1 0x5643202d5600 <unknown>\n#2 0x564320324bcb <unknown>\n#3 0x564320324eb1 <unknown>\n#4 0x564320368b24 <unknown>\n#5 0x5643203478cd <unknown>\n#6 0x56432036604a <unknown>\n#7 0x564320347643 <unknown>\n#8 0x564320317d31 <unknown>\n#9 0x56432031879e <unknown>\n#10 0x5643205cc25b <unknown>\n#11 0x5643205d01f2 <unknown>\n#12 0x5643205b9615 <unknown>\n#13 0x5643205d0d82 <unknown>\n#14 0x56432059e25f <unknown>\n#15 0x5643205f3e68 <unknown>\n#16 0x5643205f4040 <unknown>\n#17 0x56432060349c <unknown>\n#18 0x7fc0e87eb134 <unknown>","time":{"start":1724115747079,"stop":1724115747515,"duration":436}},{"uid":"fd582f4c9c290f2","reportUrl":"https://Nat754.github.io/StroyremAutomation/404//#testresult/fd582f4c9c290f2","status":"skipped","statusDetails":"XFAIL\n\nselenium.common.exceptions.NoSuchElementException: Message: no such element: Unable to locate element: {\"method\":\"xpath\",\"selector\":\"(//a[@class='add-to-cart yellow-btn'])[1]\"}\n  (Session info: chrome-headless-shell=127.0.6533.119); For documentation on this error, please visit: https://www.selenium.dev/documentation/webdriver/troubleshooting/errors#no-such-element-exception\nStacktrace:\n#0 0x558bf960d6ca <unknown>\n#1 0x558bf92de600 <unknown>\n#2 0x558bf932dbcb <unknown>\n#3 0x558bf932deb1 <unknown>\n#4 0x558bf9371b24 <unknown>\n#5 0x558bf93508cd <unknown>\n#6 0x558bf936f04a <unknown>\n#7 0x558bf9350643 <unknown>\n#8 0x558bf9320d31 <unknown>\n#9 0x558bf932179e <unknown>\n#10 0x558bf95d525b <unknown>\n#11 0x558bf95d91f2 <unknown>\n#12 0x558bf95c2615 <unknown>\n#13 0x558bf95d9d82 <unknown>\n#14 0x558bf95a725f <unknown>\n#15 0x558bf95fce68 <unknown>\n#16 0x558bf95fd040 <unknown>\n#17 0x558bf960c49c <unknown>\n#18 0x7f4bf103d134 <unknown>","time":{"start":1724029325789,"stop":1724029326083,"duration":294}},{"uid":"d1e66d200cff335e","reportUrl":"https://Nat754.github.io/StroyremAutomation/403//#testresult/d1e66d200cff335e","status":"skipped","statusDetails":"XFAIL\n\nselenium.common.exceptions.NoSuchElementException: Message: no such element: Unable to locate element: {\"method\":\"xpath\",\"selector\":\"(//a[@class='add-to-cart yellow-btn'])[1]\"}\n  (Session info: chrome-headless-shell=127.0.6533.119); For documentation on this error, please visit: https://www.selenium.dev/documentation/webdriver/troubleshooting/errors#no-such-element-exception\nStacktrace:\n#0 0x55b12451e6ca <unknown>\n#1 0x55b1241ef600 <unknown>\n#2 0x55b12423ebcb <unknown>\n#3 0x55b12423eeb1 <unknown>\n#4 0x55b124282b24 <unknown>\n#5 0x55b1242618cd <unknown>\n#6 0x55b12428004a <unknown>\n#7 0x55b124261643 <unknown>\n#8 0x55b124231d31 <unknown>\n#9 0x55b12423279e <unknown>\n#10 0x55b1244e625b <unknown>\n#11 0x55b1244ea1f2 <unknown>\n#12 0x55b1244d3615 <unknown>\n#13 0x55b1244ead82 <unknown>\n#14 0x55b1244b825f <unknown>\n#15 0x55b12450de68 <unknown>\n#16 0x55b12450e040 <unknown>\n#17 0x55b12451d49c <unknown>\n#18 0x7fe759ee8134 <unknown>","time":{"start":1723943131198,"stop":1723943131533,"duration":335}},{"uid":"57c468d23a23c248","reportUrl":"https://Nat754.github.io/StroyremAutomation/402//#testresult/57c468d23a23c248","status":"skipped","statusDetails":"XFAIL\n\nselenium.common.exceptions.NoSuchElementException: Message: no such element: Unable to locate element: {\"method\":\"xpath\",\"selector\":\"(//a[@class='add-to-cart yellow-btn'])[1]\"}\n  (Session info: chrome-headless-shell=127.0.6533.119); For documentation on this error, please visit: https://www.selenium.dev/documentation/webdriver/troubleshooting/errors#no-such-element-exception\nStacktrace:\n#0 0x562ae0ef36ca <unknown>\n#1 0x562ae0bc4600 <unknown>\n#2 0x562ae0c13bcb <unknown>\n#3 0x562ae0c13eb1 <unknown>\n#4 0x562ae0c57b24 <unknown>\n#5 0x562ae0c368cd <unknown>\n#6 0x562ae0c5504a <unknown>\n#7 0x562ae0c36643 <unknown>\n#8 0x562ae0c06d31 <unknown>\n#9 0x562ae0c0779e <unknown>\n#10 0x562ae0ebb25b <unknown>\n#11 0x562ae0ebf1f2 <unknown>\n#12 0x562ae0ea8615 <unknown>\n#13 0x562ae0ebfd82 <unknown>\n#14 0x562ae0e8d25f <unknown>\n#15 0x562ae0ee2e68 <unknown>\n#16 0x562ae0ee3040 <unknown>\n#17 0x562ae0ef249c <unknown>\n#18 0x7f468fa89134 <unknown>","time":{"start":1723856377094,"stop":1723856377412,"duration":318}},{"uid":"7b4843ad43cfff95","reportUrl":"https://Nat754.github.io/StroyremAutomation/401//#testresult/7b4843ad43cfff95","status":"skipped","statusDetails":"XFAIL\n\nselenium.common.exceptions.NoSuchElementException: Message: no such element: Unable to locate element: {\"method\":\"xpath\",\"selector\":\"(//a[@class='add-to-cart yellow-btn'])[1]\"}\n  (Session info: chrome-headless-shell=127.0.6533.119); For documentation on this error, please visit: https://www.selenium.dev/documentation/webdriver/troubleshooting/errors#no-such-element-exception\nStacktrace:\n#0 0x55d5d16e06ca <unknown>\n#1 0x55d5d13b1600 <unknown>\n#2 0x55d5d1400bcb <unknown>\n#3 0x55d5d1400eb1 <unknown>\n#4 0x55d5d1444b24 <unknown>\n#5 0x55d5d14238cd <unknown>\n#6 0x55d5d144204a <unknown>\n#7 0x55d5d1423643 <unknown>\n#8 0x55d5d13f3d31 <unknown>\n#9 0x55d5d13f479e <unknown>\n#10 0x55d5d16a825b <unknown>\n#11 0x55d5d16ac1f2 <unknown>\n#12 0x55d5d1695615 <unknown>\n#13 0x55d5d16acd82 <unknown>\n#14 0x55d5d167a25f <unknown>\n#15 0x55d5d16cfe68 <unknown>\n#16 0x55d5d16d0040 <unknown>\n#17 0x55d5d16df49c <unknown>\n#18 0x7fa6ce6a5134 <unknown>","time":{"start":1723770083811,"stop":1723770084144,"duration":333}},{"uid":"c712d54854e4b2a5","reportUrl":"https://Nat754.github.io/StroyremAutomation/400//#testresult/c712d54854e4b2a5","status":"skipped","statusDetails":"XFAIL\n\nselenium.common.exceptions.NoSuchElementException: Message: no such element: Unable to locate element: {\"method\":\"xpath\",\"selector\":\"(//a[@class='add-to-cart yellow-btn'])[1]\"}\n  (Session info: chrome-headless-shell=127.0.6533.119); For documentation on this error, please visit: https://www.selenium.dev/documentation/webdriver/troubleshooting/errors#no-such-element-exception\nStacktrace:\n#0 0x55aa8bb606ca <unknown>\n#1 0x55aa8b831600 <unknown>\n#2 0x55aa8b880bcb <unknown>\n#3 0x55aa8b880eb1 <unknown>\n#4 0x55aa8b8c4b24 <unknown>\n#5 0x55aa8b8a38cd <unknown>\n#6 0x55aa8b8c204a <unknown>\n#7 0x55aa8b8a3643 <unknown>\n#8 0x55aa8b873d31 <unknown>\n#9 0x55aa8b87479e <unknown>\n#10 0x55aa8bb2825b <unknown>\n#11 0x55aa8bb2c1f2 <unknown>\n#12 0x55aa8bb15615 <unknown>\n#13 0x55aa8bb2cd82 <unknown>\n#14 0x55aa8bafa25f <unknown>\n#15 0x55aa8bb4fe68 <unknown>\n#16 0x55aa8bb50040 <unknown>\n#17 0x55aa8bb5f49c <unknown>\n#18 0x7f6e972eb134 <unknown>","time":{"start":1723683570850,"stop":1723683571182,"duration":332}},{"uid":"3609bb7e5d661a3b","reportUrl":"https://Nat754.github.io/StroyremAutomation/399//#testresult/3609bb7e5d661a3b","status":"skipped","statusDetails":"XFAIL\n\nselenium.common.exceptions.NoSuchElementException: Message: no such element: Unable to locate element: {\"method\":\"xpath\",\"selector\":\"(//a[@class='add-to-cart yellow-btn'])[1]\"}\n  (Session info: chrome-headless-shell=127.0.6533.119); For documentation on this error, please visit: https://www.selenium.dev/documentation/webdriver/troubleshooting/errors#no-such-element-exception\nStacktrace:\n#0 0x55c32f0bb6ca <unknown>\n#1 0x55c32ed8c600 <unknown>\n#2 0x55c32eddbbcb <unknown>\n#3 0x55c32eddbeb1 <unknown>\n#4 0x55c32ee1fb24 <unknown>\n#5 0x55c32edfe8cd <unknown>\n#6 0x55c32ee1d04a <unknown>\n#7 0x55c32edfe643 <unknown>\n#8 0x55c32edced31 <unknown>\n#9 0x55c32edcf79e <unknown>\n#10 0x55c32f08325b <unknown>\n#11 0x55c32f0871f2 <unknown>\n#12 0x55c32f070615 <unknown>\n#13 0x55c32f087d82 <unknown>\n#14 0x55c32f05525f <unknown>\n#15 0x55c32f0aae68 <unknown>\n#16 0x55c32f0ab040 <unknown>\n#17 0x55c32f0ba49c <unknown>\n#18 0x7f9397401134 <unknown>","time":{"start":1723597301698,"stop":1723597302333,"duration":635}}]},"tags":["@pytest.mark.xfail","smoke_test"]},"source":"ed3584af400233bf.json","parameterValues":["8000","206","'TD 023'","7500","'products/shtukaturka-gipsovaya-aksolit-m50-30-kg-mashinnogo-naneseniya'","3300","'https://sandboxtest.stroyrem-nn.ru/'","6200"]}