{"uid":"481049f6fbbf1320","name":"test_positive_delivery_green_zone_smoke[TD 014-products/shtukaturka-gipsovaya-aksolit-m50-30-kg-mashinnogo-naneseniya-666-20000-5400-15600-17490-https://sandboxtest.stroyrem-nn.ru/]","fullName":"tests.delivery.test_delivery_calculation.TestDeliveryPageCalculation#test_positive_delivery_green_zone_smoke","historyId":"8a00d04525a56c855c129c7400b068aa","time":{"start":1713315250506,"stop":1713315250905,"duration":399},"status":"skipped","statusMessage":"XFAIL\n\nselenium.common.exceptions.NoSuchElementException: Message: no such element: Unable to locate element: {\"method\":\"xpath\",\"selector\":\"(//a[@class='add-to-cart yellow-btn'])[1]\"}\n  (Session info: chrome-headless-shell=123.0.6312.122); For documentation on this error, please visit: https://www.selenium.dev/documentation/webdriver/troubleshooting/errors#no-such-element-exception\nStacktrace:\n#0 0x5619cbee0863 <unknown>\n#1 0x5619cbbd68c6 <unknown>\n#2 0x5619cbc21618 <unknown>\n#3 0x5619cbc216d1 <unknown>\n#4 0x5619cbc64744 <unknown>\n#5 0x5619cbc435cd <unknown>\n#6 0x5619cbc61c19 <unknown>\n#7 0x5619cbc43343 <unknown>\n#8 0x5619cbc14593 <unknown>\n#9 0x5619cbc14f5e <unknown>\n#10 0x5619cbea484b <unknown>\n#11 0x5619cbea87a5 <unknown>\n#12 0x5619cbe92571 <unknown>\n#13 0x5619cbea9332 <unknown>\n#14 0x5619cbe7787f <unknown>\n#15 0x5619cbecf728 <unknown>\n#16 0x5619cbecf8fb <unknown>\n#17 0x5619cbedf9b4 <unknown>\n#18 0x7fe88ba47134 <unknown>","statusTrace":"self = <tests.delivery.test_delivery_calculation.TestDeliveryPageCalculation object at 0x7f76e4814dd0>\ndriver = <selenium.webdriver.chrome.webdriver.WebDriver (session=\"477ed1b496a6c9006b2807d0085b11d4\")>\nurl = 'https://sandboxtest.stroyrem-nn.ru/', case_id = 'TD 014'\nlink_item = 'products/shtukaturka-gipsovaya-aksolit-m50-30-kg-mashinnogo-naneseniya'\namount = 666, weight = 20000, standard = 5400, in_time = 15600, all_time = 17490\n\n    @pytest.mark.parametrize('case_id, link_item, amount, weight, standard, in_time, all_time', [\n        (\"TD 001\", uroven_3000, 1, 30, 0, 1590, 2190),\n        (\"TD 002\", bundeks_25, 1, 30, 400, 1590, 2190),\n        (\"TD 003\", aksolit_30, 8, 300, 400, 1590, 2190),\n        (\"TD 004\", aksolit_30, 13, 400, 450, 1590, 2190),\n        (\"TD 005\", aksolit_30, 16, 500, 600, 1590, 2190),\n        (\"TD 006\", aksolit_30, 25, 1700, 990, 1990, 2480),\n        (\"TD 007\", aksolit_30, 66, 2000, 1300, 2490, 2980),\n        (\"TD 008\", aksolit_30, 149, 4500, 2300, 3980, 4490),\n        (\"TD 009\", aksolit_30, 166, 5000, 2500, 4990, 5480),\n        pytest.param(\n            \"TD 010\", aksolit_30, 206, 6200, 2900, 5570, 6120,\n            marks=pytest.mark.xfail(reson=\"Цена доставки 3600 7960 8980\")\n        ),\n        (\"TD 011\", aksolit_30, 299, 9000, 3600, 7960, 8980),\n        (\"TD 012\", aksolit_30, 333, 10000, 4450, 11990, 12500),\n        pytest.param(\n            \"TD 013\", aksolit_30, 366, 11000, 4800, 12450, 13480,\n            marks=pytest.mark.xfail(reason=\"Цена стандартной доставки 4450\")\n        ),\n        pytest.param(\n            \"TD 014\", aksolit_30, 666, 20000, 5400, 15600, 17490,\n            marks=pytest.mark.xfail(reason=\"Цена стандартной доставки 4450\")\n        )\n    ])\n    @pytest.mark.xfail\n    @pytest.mark.smoke_test\n    def test_positive_delivery_green_zone_smoke(\n            self, driver, url, case_id, link_item, amount, weight, standard, in_time, all_time\n    ):\n    \n        driver.get(f'{url}{link_item}')\n        item_page = ItemPage(driver)\n>       item_page.add_item_to_cart(amount).click_on_cart()\n\ntests/delivery/test_delivery_calculation.py:50: \n_ _ _ _ _ _ _ _ _ _ _ _ _ _ _ _ _ _ _ _ _ _ _ _ _ _ _ _ _ _ _ _ _ _ _ _ _ _ _ _ \npages/item_page.py:40: in add_item_to_cart\n    self.find_element(self._add_item).click()\nbase/seleniumbase.py:17: in find_element\n    return self.driver.find_element(*locator)\n/usr/local/lib/python3.11/site-packages/selenium/webdriver/remote/webdriver.py:739: in find_element\n    return self.execute(Command.FIND_ELEMENT, {\"using\": by, \"value\": value})[\"value\"]\n/usr/local/lib/python3.11/site-packages/selenium/webdriver/remote/webdriver.py:345: in execute\n    self.error_handler.check_response(response)\n_ _ _ _ _ _ _ _ _ _ _ _ _ _ _ _ _ _ _ _ _ _ _ _ _ _ _ _ _ _ _ _ _ _ _ _ _ _ _ _ \n\nself = <selenium.webdriver.remote.errorhandler.ErrorHandler object at 0x7f76e4e3b550>\nresponse = {'status': 404, 'value': '{\"value\":{\"error\":\"no such element\",\"message\":\"no such element: Unable to locate element: {\\...\\\\n#16 0x5619cbecf8fb \\\\u003Cunknown>\\\\n#17 0x5619cbedf9b4 \\\\u003Cunknown>\\\\n#18 0x7fe88ba47134 \\\\u003Cunknown>\\\\n\"}}'}\n\n    def check_response(self, response: Dict[str, Any]) -> None:\n        \"\"\"Checks that a JSON response from the WebDriver does not have an\n        error.\n    \n        :Args:\n         - response - The JSON response from the WebDriver server as a dictionary\n           object.\n    \n        :Raises: If the response contains an error message.\n        \"\"\"\n        status = response.get(\"status\", None)\n        if not status or status == ErrorCode.SUCCESS:\n            return\n        value = None\n        message = response.get(\"message\", \"\")\n        screen: str = response.get(\"screen\", \"\")\n        stacktrace = None\n        if isinstance(status, int):\n            value_json = response.get(\"value\", None)\n            if value_json and isinstance(value_json, str):\n                import json\n    \n                try:\n                    value = json.loads(value_json)\n                    if len(value) == 1:\n                        value = value[\"value\"]\n                    status = value.get(\"error\", None)\n                    if not status:\n                        status = value.get(\"status\", ErrorCode.UNKNOWN_ERROR)\n                        message = value.get(\"value\") or value.get(\"message\")\n                        if not isinstance(message, str):\n                            value = message\n                            message = message.get(\"message\")\n                    else:\n                        message = value.get(\"message\", None)\n                except ValueError:\n                    pass\n    \n        exception_class: Type[WebDriverException]\n        e = ErrorCode()\n        error_codes = [item for item in dir(e) if not item.startswith(\"__\")]\n        for error_code in error_codes:\n            error_info = getattr(ErrorCode, error_code)\n            if isinstance(error_info, list) and status in error_info:\n                exception_class = getattr(ExceptionMapping, error_code, WebDriverException)\n                break\n        else:\n            exception_class = WebDriverException\n    \n        if not value:\n            value = response[\"value\"]\n        if isinstance(value, str):\n            raise exception_class(value)\n        if message == \"\" and \"message\" in value:\n            message = value[\"message\"]\n    \n        screen = None  # type: ignore[assignment]\n        if \"screen\" in value:\n            screen = value[\"screen\"]\n    \n        stacktrace = None\n        st_value = value.get(\"stackTrace\") or value.get(\"stacktrace\")\n        if st_value:\n            if isinstance(st_value, str):\n                stacktrace = st_value.split(\"\\n\")\n            else:\n                stacktrace = []\n                try:\n                    for frame in st_value:\n                        line = frame.get(\"lineNumber\", \"\")\n                        file = frame.get(\"fileName\", \"<anonymous>\")\n                        if line:\n                            file = f\"{file}:{line}\"\n                        meth = frame.get(\"methodName\", \"<anonymous>\")\n                        if \"className\" in frame:\n                            meth = f\"{frame['className']}.{meth}\"\n                        msg = \"    at %s (%s)\"\n                        msg = msg % (meth, file)\n                        stacktrace.append(msg)\n                except TypeError:\n                    pass\n        if exception_class == UnexpectedAlertPresentException:\n            alert_text = None\n            if \"data\" in value:\n                alert_text = value[\"data\"].get(\"text\")\n            elif \"alert\" in value:\n                alert_text = value[\"alert\"].get(\"text\")\n            raise exception_class(message, screen, stacktrace, alert_text)  # type: ignore[call-arg]  # mypy is not smart enough here\n>       raise exception_class(message, screen, stacktrace)\nE       selenium.common.exceptions.NoSuchElementException: Message: no such element: Unable to locate element: {\"method\":\"xpath\",\"selector\":\"(//a[@class='add-to-cart yellow-btn'])[1]\"}\nE         (Session info: chrome-headless-shell=123.0.6312.122); For documentation on this error, please visit: https://www.selenium.dev/documentation/webdriver/troubleshooting/errors#no-such-element-exception\nE       Stacktrace:\nE       #0 0x5619cbee0863 <unknown>\nE       #1 0x5619cbbd68c6 <unknown>\nE       #2 0x5619cbc21618 <unknown>\nE       #3 0x5619cbc216d1 <unknown>\nE       #4 0x5619cbc64744 <unknown>\nE       #5 0x5619cbc435cd <unknown>\nE       #6 0x5619cbc61c19 <unknown>\nE       #7 0x5619cbc43343 <unknown>\nE       #8 0x5619cbc14593 <unknown>\nE       #9 0x5619cbc14f5e <unknown>\nE       #10 0x5619cbea484b <unknown>\nE       #11 0x5619cbea87a5 <unknown>\nE       #12 0x5619cbe92571 <unknown>\nE       #13 0x5619cbea9332 <unknown>\nE       #14 0x5619cbe7787f <unknown>\nE       #15 0x5619cbecf728 <unknown>\nE       #16 0x5619cbecf8fb <unknown>\nE       #17 0x5619cbedf9b4 <unknown>\nE       #18 0x7fe88ba47134 <unknown>\n\n/usr/local/lib/python3.11/site-packages/selenium/webdriver/remote/errorhandler.py:229: NoSuchElementException","flaky":false,"newFailed":false,"newBroken":false,"newPassed":false,"retriesCount":0,"retriesStatusChange":false,"beforeStages":[{"name":"_session_faker","time":{"start":1713314991259,"stop":1713314991324,"duration":65},"status":"passed","steps":[],"attachments":[],"parameters":[],"shouldDisplayMessage":false,"stepsCount":0,"attachmentsCount":0,"hasContent":false,"attachmentStep":false},{"name":"clear_allure_results_folder","time":{"start":1713314991324,"stop":1713314991325,"duration":1},"status":"passed","steps":[],"attachments":[],"parameters":[],"shouldDisplayMessage":false,"stepsCount":0,"attachmentsCount":0,"hasContent":false,"attachmentStep":false},{"name":"driver","time":{"start":1713315249724,"stop":1713315250505,"duration":781},"status":"passed","steps":[],"attachments":[],"parameters":[],"shouldDisplayMessage":false,"stepsCount":0,"attachmentsCount":0,"hasContent":false,"attachmentStep":false},{"name":"setup","time":{"start":1713315250505,"stop":1713315250505,"duration":0},"status":"passed","steps":[],"attachments":[],"parameters":[],"shouldDisplayMessage":false,"stepsCount":0,"attachmentsCount":0,"hasContent":false,"attachmentStep":false}],"testStage":{"status":"skipped","statusMessage":"XFAIL\n\nselenium.common.exceptions.NoSuchElementException: Message: no such element: Unable to locate element: {\"method\":\"xpath\",\"selector\":\"(//a[@class='add-to-cart yellow-btn'])[1]\"}\n  (Session info: chrome-headless-shell=123.0.6312.122); For documentation on this error, please visit: https://www.selenium.dev/documentation/webdriver/troubleshooting/errors#no-such-element-exception\nStacktrace:\n#0 0x5619cbee0863 <unknown>\n#1 0x5619cbbd68c6 <unknown>\n#2 0x5619cbc21618 <unknown>\n#3 0x5619cbc216d1 <unknown>\n#4 0x5619cbc64744 <unknown>\n#5 0x5619cbc435cd <unknown>\n#6 0x5619cbc61c19 <unknown>\n#7 0x5619cbc43343 <unknown>\n#8 0x5619cbc14593 <unknown>\n#9 0x5619cbc14f5e <unknown>\n#10 0x5619cbea484b <unknown>\n#11 0x5619cbea87a5 <unknown>\n#12 0x5619cbe92571 <unknown>\n#13 0x5619cbea9332 <unknown>\n#14 0x5619cbe7787f <unknown>\n#15 0x5619cbecf728 <unknown>\n#16 0x5619cbecf8fb <unknown>\n#17 0x5619cbedf9b4 <unknown>\n#18 0x7fe88ba47134 <unknown>","statusTrace":"self = <tests.delivery.test_delivery_calculation.TestDeliveryPageCalculation object at 0x7f76e4814dd0>\ndriver = <selenium.webdriver.chrome.webdriver.WebDriver (session=\"477ed1b496a6c9006b2807d0085b11d4\")>\nurl = 'https://sandboxtest.stroyrem-nn.ru/', case_id = 'TD 014'\nlink_item = 'products/shtukaturka-gipsovaya-aksolit-m50-30-kg-mashinnogo-naneseniya'\namount = 666, weight = 20000, standard = 5400, in_time = 15600, all_time = 17490\n\n    @pytest.mark.parametrize('case_id, link_item, amount, weight, standard, in_time, all_time', [\n        (\"TD 001\", uroven_3000, 1, 30, 0, 1590, 2190),\n        (\"TD 002\", bundeks_25, 1, 30, 400, 1590, 2190),\n        (\"TD 003\", aksolit_30, 8, 300, 400, 1590, 2190),\n        (\"TD 004\", aksolit_30, 13, 400, 450, 1590, 2190),\n        (\"TD 005\", aksolit_30, 16, 500, 600, 1590, 2190),\n        (\"TD 006\", aksolit_30, 25, 1700, 990, 1990, 2480),\n        (\"TD 007\", aksolit_30, 66, 2000, 1300, 2490, 2980),\n        (\"TD 008\", aksolit_30, 149, 4500, 2300, 3980, 4490),\n        (\"TD 009\", aksolit_30, 166, 5000, 2500, 4990, 5480),\n        pytest.param(\n            \"TD 010\", aksolit_30, 206, 6200, 2900, 5570, 6120,\n            marks=pytest.mark.xfail(reson=\"Цена доставки 3600 7960 8980\")\n        ),\n        (\"TD 011\", aksolit_30, 299, 9000, 3600, 7960, 8980),\n        (\"TD 012\", aksolit_30, 333, 10000, 4450, 11990, 12500),\n        pytest.param(\n            \"TD 013\", aksolit_30, 366, 11000, 4800, 12450, 13480,\n            marks=pytest.mark.xfail(reason=\"Цена стандартной доставки 4450\")\n        ),\n        pytest.param(\n            \"TD 014\", aksolit_30, 666, 20000, 5400, 15600, 17490,\n            marks=pytest.mark.xfail(reason=\"Цена стандартной доставки 4450\")\n        )\n    ])\n    @pytest.mark.xfail\n    @pytest.mark.smoke_test\n    def test_positive_delivery_green_zone_smoke(\n            self, driver, url, case_id, link_item, amount, weight, standard, in_time, all_time\n    ):\n    \n        driver.get(f'{url}{link_item}')\n        item_page = ItemPage(driver)\n>       item_page.add_item_to_cart(amount).click_on_cart()\n\ntests/delivery/test_delivery_calculation.py:50: \n_ _ _ _ _ _ _ _ _ _ _ _ _ _ _ _ _ _ _ _ _ _ _ _ _ _ _ _ _ _ _ _ _ _ _ _ _ _ _ _ \npages/item_page.py:40: in add_item_to_cart\n    self.find_element(self._add_item).click()\nbase/seleniumbase.py:17: in find_element\n    return self.driver.find_element(*locator)\n/usr/local/lib/python3.11/site-packages/selenium/webdriver/remote/webdriver.py:739: in find_element\n    return self.execute(Command.FIND_ELEMENT, {\"using\": by, \"value\": value})[\"value\"]\n/usr/local/lib/python3.11/site-packages/selenium/webdriver/remote/webdriver.py:345: in execute\n    self.error_handler.check_response(response)\n_ _ _ _ _ _ _ _ _ _ _ _ _ _ _ _ _ _ _ _ _ _ _ _ _ _ _ _ _ _ _ _ _ _ _ _ _ _ _ _ \n\nself = <selenium.webdriver.remote.errorhandler.ErrorHandler object at 0x7f76e4e3b550>\nresponse = {'status': 404, 'value': '{\"value\":{\"error\":\"no such element\",\"message\":\"no such element: Unable to locate element: {\\...\\\\n#16 0x5619cbecf8fb \\\\u003Cunknown>\\\\n#17 0x5619cbedf9b4 \\\\u003Cunknown>\\\\n#18 0x7fe88ba47134 \\\\u003Cunknown>\\\\n\"}}'}\n\n    def check_response(self, response: Dict[str, Any]) -> None:\n        \"\"\"Checks that a JSON response from the WebDriver does not have an\n        error.\n    \n        :Args:\n         - response - The JSON response from the WebDriver server as a dictionary\n           object.\n    \n        :Raises: If the response contains an error message.\n        \"\"\"\n        status = response.get(\"status\", None)\n        if not status or status == ErrorCode.SUCCESS:\n            return\n        value = None\n        message = response.get(\"message\", \"\")\n        screen: str = response.get(\"screen\", \"\")\n        stacktrace = None\n        if isinstance(status, int):\n            value_json = response.get(\"value\", None)\n            if value_json and isinstance(value_json, str):\n                import json\n    \n                try:\n                    value = json.loads(value_json)\n                    if len(value) == 1:\n                        value = value[\"value\"]\n                    status = value.get(\"error\", None)\n                    if not status:\n                        status = value.get(\"status\", ErrorCode.UNKNOWN_ERROR)\n                        message = value.get(\"value\") or value.get(\"message\")\n                        if not isinstance(message, str):\n                            value = message\n                            message = message.get(\"message\")\n                    else:\n                        message = value.get(\"message\", None)\n                except ValueError:\n                    pass\n    \n        exception_class: Type[WebDriverException]\n        e = ErrorCode()\n        error_codes = [item for item in dir(e) if not item.startswith(\"__\")]\n        for error_code in error_codes:\n            error_info = getattr(ErrorCode, error_code)\n            if isinstance(error_info, list) and status in error_info:\n                exception_class = getattr(ExceptionMapping, error_code, WebDriverException)\n                break\n        else:\n            exception_class = WebDriverException\n    \n        if not value:\n            value = response[\"value\"]\n        if isinstance(value, str):\n            raise exception_class(value)\n        if message == \"\" and \"message\" in value:\n            message = value[\"message\"]\n    \n        screen = None  # type: ignore[assignment]\n        if \"screen\" in value:\n            screen = value[\"screen\"]\n    \n        stacktrace = None\n        st_value = value.get(\"stackTrace\") or value.get(\"stacktrace\")\n        if st_value:\n            if isinstance(st_value, str):\n                stacktrace = st_value.split(\"\\n\")\n            else:\n                stacktrace = []\n                try:\n                    for frame in st_value:\n                        line = frame.get(\"lineNumber\", \"\")\n                        file = frame.get(\"fileName\", \"<anonymous>\")\n                        if line:\n                            file = f\"{file}:{line}\"\n                        meth = frame.get(\"methodName\", \"<anonymous>\")\n                        if \"className\" in frame:\n                            meth = f\"{frame['className']}.{meth}\"\n                        msg = \"    at %s (%s)\"\n                        msg = msg % (meth, file)\n                        stacktrace.append(msg)\n                except TypeError:\n                    pass\n        if exception_class == UnexpectedAlertPresentException:\n            alert_text = None\n            if \"data\" in value:\n                alert_text = value[\"data\"].get(\"text\")\n            elif \"alert\" in value:\n                alert_text = value[\"alert\"].get(\"text\")\n            raise exception_class(message, screen, stacktrace, alert_text)  # type: ignore[call-arg]  # mypy is not smart enough here\n>       raise exception_class(message, screen, stacktrace)\nE       selenium.common.exceptions.NoSuchElementException: Message: no such element: Unable to locate element: {\"method\":\"xpath\",\"selector\":\"(//a[@class='add-to-cart yellow-btn'])[1]\"}\nE         (Session info: chrome-headless-shell=123.0.6312.122); For documentation on this error, please visit: https://www.selenium.dev/documentation/webdriver/troubleshooting/errors#no-such-element-exception\nE       Stacktrace:\nE       #0 0x5619cbee0863 <unknown>\nE       #1 0x5619cbbd68c6 <unknown>\nE       #2 0x5619cbc21618 <unknown>\nE       #3 0x5619cbc216d1 <unknown>\nE       #4 0x5619cbc64744 <unknown>\nE       #5 0x5619cbc435cd <unknown>\nE       #6 0x5619cbc61c19 <unknown>\nE       #7 0x5619cbc43343 <unknown>\nE       #8 0x5619cbc14593 <unknown>\nE       #9 0x5619cbc14f5e <unknown>\nE       #10 0x5619cbea484b <unknown>\nE       #11 0x5619cbea87a5 <unknown>\nE       #12 0x5619cbe92571 <unknown>\nE       #13 0x5619cbea9332 <unknown>\nE       #14 0x5619cbe7787f <unknown>\nE       #15 0x5619cbecf728 <unknown>\nE       #16 0x5619cbecf8fb <unknown>\nE       #17 0x5619cbedf9b4 <unknown>\nE       #18 0x7fe88ba47134 <unknown>\n\n/usr/local/lib/python3.11/site-packages/selenium/webdriver/remote/errorhandler.py:229: NoSuchElementException","steps":[{"name":"Добавляем товар в корзину в количестве 666","time":{"start":1713315250893,"stop":1713315250905,"duration":12},"status":"broken","statusMessage":"selenium.common.exceptions.NoSuchElementException: Message: no such element: Unable to locate element: {\"method\":\"xpath\",\"selector\":\"(//a[@class='add-to-cart yellow-btn'])[1]\"}\n  (Session info: chrome-headless-shell=123.0.6312.122); For documentation on this error, please visit: https://www.selenium.dev/documentation/webdriver/troubleshooting/errors#no-such-element-exception\nStacktrace:\n#0 0x5619cbee0863 <unknown>\n#1 0x5619cbbd68c6 <unknown>\n#2 0x5619cbc21618 <unknown>\n#3 0x5619cbc216d1 <unknown>\n#4 0x5619cbc64744 <unknown>\n#5 0x5619cbc435cd <unknown>\n#6 0x5619cbc61c19 <unknown>\n#7 0x5619cbc43343 <unknown>\n#8 0x5619cbc14593 <unknown>\n#9 0x5619cbc14f5e <unknown>\n#10 0x5619cbea484b <unknown>\n#11 0x5619cbea87a5 <unknown>\n#12 0x5619cbe92571 <unknown>\n#13 0x5619cbea9332 <unknown>\n#14 0x5619cbe7787f <unknown>\n#15 0x5619cbecf728 <unknown>\n#16 0x5619cbecf8fb <unknown>\n#17 0x5619cbedf9b4 <unknown>\n#18 0x7fe88ba47134 <unknown>\n\n","statusTrace":"  File \"/usr/local/lib/python3.11/site-packages/allure_commons/_allure.py\", line 192, in impl\n    return func(*a, **kw)\n           ^^^^^^^^^^^^^^\n  File \"/app/pages/item_page.py\", line 40, in add_item_to_cart\n    self.find_element(self._add_item).click()\n    ^^^^^^^^^^^^^^^^^^^^^^^^^^^^^^^^^\n  File \"/app/base/seleniumbase.py\", line 17, in find_element\n    return self.driver.find_element(*locator)\n           ^^^^^^^^^^^^^^^^^^^^^^^^^^^^^^^^^^\n  File \"/usr/local/lib/python3.11/site-packages/selenium/webdriver/remote/webdriver.py\", line 739, in find_element\n    return self.execute(Command.FIND_ELEMENT, {\"using\": by, \"value\": value})[\"value\"]\n           ^^^^^^^^^^^^^^^^^^^^^^^^^^^^^^^^^^^^^^^^^^^^^^^^^^^^^^^^^^^^^^^^^\n  File \"/usr/local/lib/python3.11/site-packages/selenium/webdriver/remote/webdriver.py\", line 345, in execute\n    self.error_handler.check_response(response)\n  File \"/usr/local/lib/python3.11/site-packages/selenium/webdriver/remote/errorhandler.py\", line 229, in check_response\n    raise exception_class(message, screen, stacktrace)\n","steps":[],"attachments":[],"parameters":[{"name":"amount","value":"666"}],"shouldDisplayMessage":true,"stepsCount":0,"attachmentsCount":0,"hasContent":true,"attachmentStep":false}],"attachments":[{"uid":"2e34ddd5c87ec489","name":"Screenshot","source":"2e34ddd5c87ec489.png","type":"image/png","size":5862},{"uid":"2ce0f0eebdb9e877","name":"HTML source","source":"2ce0f0eebdb9e877.html","type":"text/html","size":39}],"parameters":[],"shouldDisplayMessage":true,"stepsCount":1,"attachmentsCount":2,"hasContent":true,"attachmentStep":false},"afterStages":[{"name":"setup::0","time":{"start":1713315251014,"stop":1713315251014,"duration":0},"status":"passed","steps":[],"attachments":[],"parameters":[],"shouldDisplayMessage":false,"stepsCount":0,"attachmentsCount":0,"hasContent":false,"attachmentStep":false},{"name":"driver::0","time":{"start":1713315251014,"stop":1713315251072,"duration":58},"status":"passed","steps":[],"attachments":[],"parameters":[],"shouldDisplayMessage":false,"stepsCount":0,"attachmentsCount":0,"hasContent":false,"attachmentStep":false}],"labels":[{"name":"epic","value":"Delivery Page - calculation"},{"name":"tag","value":"smoke_test"},{"name":"tag","value":"@pytest.mark.xfail"},{"name":"parentSuite","value":"tests.delivery"},{"name":"suite","value":"test_delivery_calculation"},{"name":"subSuite","value":"TestDeliveryPageCalculation"},{"name":"host","value":"84ae302d2d34"},{"name":"thread","value":"1-MainThread"},{"name":"framework","value":"pytest"},{"name":"language","value":"cpython3"},{"name":"package","value":"tests.delivery.test_delivery_calculation"},{"name":"resultFormat","value":"allure2"}],"parameters":[{"name":"all_time","value":"17490"},{"name":"amount","value":"666"},{"name":"case_id","value":"'TD 014'"},{"name":"in_time","value":"15600"},{"name":"link_item","value":"'products/shtukaturka-gipsovaya-aksolit-m50-30-kg-mashinnogo-naneseniya'"},{"name":"standard","value":"5400"},{"name":"url","value":"'https://sandboxtest.stroyrem-nn.ru/'"},{"name":"weight","value":"20000"}],"links":[],"hidden":false,"retry":false,"extra":{"severity":"normal","retries":[],"categories":[],"history":{"statistic":{"failed":0,"broken":0,"skipped":232,"passed":0,"unknown":0,"total":232},"items":[{"uid":"addca77a3a4e92fb","reportUrl":"https://Nat754.github.io/StroyremAutomation/279//#testresult/addca77a3a4e92fb","status":"skipped","statusDetails":"XFAIL\n\nselenium.common.exceptions.NoSuchElementException: Message: no such element: Unable to locate element: {\"method\":\"xpath\",\"selector\":\"(//a[@class='add-to-cart yellow-btn'])[1]\"}\n  (Session info: chrome-headless-shell=123.0.6312.122); For documentation on this error, please visit: https://www.selenium.dev/documentation/webdriver/troubleshooting/errors#no-such-element-exception\nStacktrace:\n#0 0x5587fcaa3863 <unknown>\n#1 0x5587fc7998c6 <unknown>\n#2 0x5587fc7e4618 <unknown>\n#3 0x5587fc7e46d1 <unknown>\n#4 0x5587fc827744 <unknown>\n#5 0x5587fc8065cd <unknown>\n#6 0x5587fc824c19 <unknown>\n#7 0x5587fc806343 <unknown>\n#8 0x5587fc7d7593 <unknown>\n#9 0x5587fc7d7f5e <unknown>\n#10 0x5587fca6784b <unknown>\n#11 0x5587fca6b7a5 <unknown>\n#12 0x5587fca55571 <unknown>\n#13 0x5587fca6c332 <unknown>\n#14 0x5587fca3a87f <unknown>\n#15 0x5587fca92728 <unknown>\n#16 0x5587fca928fb <unknown>\n#17 0x5587fcaa29b4 <unknown>\n#18 0x7fa76ddfe134 <unknown>","time":{"start":1713228738093,"stop":1713228738506,"duration":413}},{"uid":"8f5e2cea00a5ce0c","reportUrl":"https://Nat754.github.io/StroyremAutomation/278//#testresult/8f5e2cea00a5ce0c","status":"skipped","statusDetails":"XFAIL\n\nselenium.common.exceptions.NoSuchElementException: Message: no such element: Unable to locate element: {\"method\":\"xpath\",\"selector\":\"(//a[@class='add-to-cart yellow-btn'])[1]\"}\n  (Session info: chrome-headless-shell=123.0.6312.122); For documentation on this error, please visit: https://www.selenium.dev/documentation/webdriver/troubleshooting/errors#no-such-element-exception\nStacktrace:\n#0 0x55a90e6d2863 <unknown>\n#1 0x55a90e3c88c6 <unknown>\n#2 0x55a90e413618 <unknown>\n#3 0x55a90e4136d1 <unknown>\n#4 0x55a90e456744 <unknown>\n#5 0x55a90e4355cd <unknown>\n#6 0x55a90e453c19 <unknown>\n#7 0x55a90e435343 <unknown>\n#8 0x55a90e406593 <unknown>\n#9 0x55a90e406f5e <unknown>\n#10 0x55a90e69684b <unknown>\n#11 0x55a90e69a7a5 <unknown>\n#12 0x55a90e684571 <unknown>\n#13 0x55a90e69b332 <unknown>\n#14 0x55a90e66987f <unknown>\n#15 0x55a90e6c1728 <unknown>\n#16 0x55a90e6c18fb <unknown>\n#17 0x55a90e6d19b4 <unknown>\n#18 0x7f6997fb5134 <unknown>","time":{"start":1713151086363,"stop":1713151086690,"duration":327}},{"uid":"e77e2c6802636089","reportUrl":"https://Nat754.github.io/StroyremAutomation/277//#testresult/e77e2c6802636089","status":"skipped","statusDetails":"XFAIL\n\nselenium.common.exceptions.NoSuchElementException: Message: no such element: Unable to locate element: {\"method\":\"xpath\",\"selector\":\"(//a[@class='add-to-cart yellow-btn'])[1]\"}\n  (Session info: chrome-headless-shell=123.0.6312.122); For documentation on this error, please visit: https://www.selenium.dev/documentation/webdriver/troubleshooting/errors#no-such-element-exception\nStacktrace:\n#0 0x565181420863 <unknown>\n#1 0x5651811168c6 <unknown>\n#2 0x565181161618 <unknown>\n#3 0x5651811616d1 <unknown>\n#4 0x5651811a4744 <unknown>\n#5 0x5651811835cd <unknown>\n#6 0x5651811a1c19 <unknown>\n#7 0x565181183343 <unknown>\n#8 0x565181154593 <unknown>\n#9 0x565181154f5e <unknown>\n#10 0x5651813e484b <unknown>\n#11 0x5651813e87a5 <unknown>\n#12 0x5651813d2571 <unknown>\n#13 0x5651813e9332 <unknown>\n#14 0x5651813b787f <unknown>\n#15 0x56518140f728 <unknown>\n#16 0x56518140f8fb <unknown>\n#17 0x56518141f9b4 <unknown>\n#18 0x7f5b6f78f134 <unknown>","time":{"start":1713056999775,"stop":1713057000104,"duration":329}},{"uid":"86a9c94cf14b6c4f","reportUrl":"https://Nat754.github.io/StroyremAutomation/276//#testresult/86a9c94cf14b6c4f","status":"skipped","statusDetails":"XFAIL\n\nselenium.common.exceptions.NoSuchElementException: Message: no such element: Unable to locate element: {\"method\":\"xpath\",\"selector\":\"(//a[@class='add-to-cart yellow-btn'])[1]\"}\n  (Session info: chrome-headless-shell=123.0.6312.122); For documentation on this error, please visit: https://www.selenium.dev/documentation/webdriver/troubleshooting/errors#no-such-element-exception\nStacktrace:\n#0 0x558e2bd97863 <unknown>\n#1 0x558e2ba8d8c6 <unknown>\n#2 0x558e2bad8618 <unknown>\n#3 0x558e2bad86d1 <unknown>\n#4 0x558e2bb1b744 <unknown>\n#5 0x558e2bafa5cd <unknown>\n#6 0x558e2bb18c19 <unknown>\n#7 0x558e2bafa343 <unknown>\n#8 0x558e2bacb593 <unknown>\n#9 0x558e2bacbf5e <unknown>\n#10 0x558e2bd5b84b <unknown>\n#11 0x558e2bd5f7a5 <unknown>\n#12 0x558e2bd49571 <unknown>\n#13 0x558e2bd60332 <unknown>\n#14 0x558e2bd2e87f <unknown>\n#15 0x558e2bd86728 <unknown>\n#16 0x558e2bd868fb <unknown>\n#17 0x558e2bd969b4 <unknown>\n#18 0x7f0f7cc76134 <unknown>","time":{"start":1712969091535,"stop":1712969091860,"duration":325}},{"uid":"d52695d2722c71c3","reportUrl":"https://Nat754.github.io/StroyremAutomation/275//#testresult/d52695d2722c71c3","status":"skipped","statusDetails":"XFAIL\n\nselenium.common.exceptions.NoSuchElementException: Message: no such element: Unable to locate element: {\"method\":\"xpath\",\"selector\":\"(//a[@class='add-to-cart yellow-btn'])[1]\"}\n  (Session info: chrome-headless-shell=123.0.6312.122); For documentation on this error, please visit: https://www.selenium.dev/documentation/webdriver/troubleshooting/errors#no-such-element-exception\nStacktrace:\n#0 0x560f7290a863 <unknown>\n#1 0x560f726008c6 <unknown>\n#2 0x560f7264b618 <unknown>\n#3 0x560f7264b6d1 <unknown>\n#4 0x560f7268e744 <unknown>\n#5 0x560f7266d5cd <unknown>\n#6 0x560f7268bc19 <unknown>\n#7 0x560f7266d343 <unknown>\n#8 0x560f7263e593 <unknown>\n#9 0x560f7263ef5e <unknown>\n#10 0x560f728ce84b <unknown>\n#11 0x560f728d27a5 <unknown>\n#12 0x560f728bc571 <unknown>\n#13 0x560f728d3332 <unknown>\n#14 0x560f728a187f <unknown>\n#15 0x560f728f9728 <unknown>\n#16 0x560f728f98fb <unknown>\n#17 0x560f729099b4 <unknown>\n#18 0x7f6e5e800134 <unknown>","time":{"start":1712883179306,"stop":1712883179602,"duration":296}},{"uid":"e79a47dd9b32b7f4","reportUrl":"https://Nat754.github.io/StroyremAutomation/274//#testresult/e79a47dd9b32b7f4","status":"skipped","statusDetails":"XFAIL\n\nselenium.common.exceptions.NoSuchElementException: Message: no such element: Unable to locate element: {\"method\":\"xpath\",\"selector\":\"(//a[@class='add-to-cart yellow-btn'])[1]\"}\n  (Session info: chrome-headless-shell=123.0.6312.122); For documentation on this error, please visit: https://www.selenium.dev/documentation/webdriver/troubleshooting/errors#no-such-element-exception\nStacktrace:\n#0 0x558c3c5a4863 <unknown>\n#1 0x558c3c29a8c6 <unknown>\n#2 0x558c3c2e5618 <unknown>\n#3 0x558c3c2e56d1 <unknown>\n#4 0x558c3c328744 <unknown>\n#5 0x558c3c3075cd <unknown>\n#6 0x558c3c325c19 <unknown>\n#7 0x558c3c307343 <unknown>\n#8 0x558c3c2d8593 <unknown>\n#9 0x558c3c2d8f5e <unknown>\n#10 0x558c3c56884b <unknown>\n#11 0x558c3c56c7a5 <unknown>\n#12 0x558c3c556571 <unknown>\n#13 0x558c3c56d332 <unknown>\n#14 0x558c3c53b87f <unknown>\n#15 0x558c3c593728 <unknown>\n#16 0x558c3c5938fb <unknown>\n#17 0x558c3c5a39b4 <unknown>\n#18 0x7fef5560c134 <unknown>","time":{"start":1712796834761,"stop":1712796835093,"duration":332}},{"uid":"133e0572cc01cce7","reportUrl":"https://Nat754.github.io/StroyremAutomation/273//#testresult/133e0572cc01cce7","status":"skipped","statusDetails":"XFAIL\n\nselenium.common.exceptions.NoSuchElementException: Message: no such element: Unable to locate element: {\"method\":\"xpath\",\"selector\":\"(//a[@class='add-to-cart yellow-btn'])[1]\"}\n  (Session info: chrome-headless-shell=123.0.6312.105); For documentation on this error, please visit: https://www.selenium.dev/documentation/webdriver/troubleshooting/errors#no-such-element-exception\nStacktrace:\n#0 0x55a19bf4c873 <unknown>\n#1 0x55a19bc428c6 <unknown>\n#2 0x55a19bc8d618 <unknown>\n#3 0x55a19bc8d6d1 <unknown>\n#4 0x55a19bcd0744 <unknown>\n#5 0x55a19bcaf5cd <unknown>\n#6 0x55a19bccdc19 <unknown>\n#7 0x55a19bcaf343 <unknown>\n#8 0x55a19bc80593 <unknown>\n#9 0x55a19bc80f5e <unknown>\n#10 0x55a19bf1085b <unknown>\n#11 0x55a19bf147b5 <unknown>\n#12 0x55a19befe581 <unknown>\n#13 0x55a19bf15342 <unknown>\n#14 0x55a19bee388f <unknown>\n#15 0x55a19bf3b738 <unknown>\n#16 0x55a19bf3b90b <unknown>\n#17 0x55a19bf4b9c4 <unknown>\n#18 0x7fdce3308134 <unknown>","time":{"start":1712710378174,"stop":1712710378709,"duration":535}},{"uid":"598a1eb1bfa27fd4","reportUrl":"https://Nat754.github.io/StroyremAutomation/272//#testresult/598a1eb1bfa27fd4","status":"skipped","statusDetails":"XFAIL\n\nselenium.common.exceptions.NoSuchElementException: Message: no such element: Unable to locate element: {\"method\":\"xpath\",\"selector\":\"(//a[@class='add-to-cart yellow-btn'])[1]\"}\n  (Session info: chrome-headless-shell=123.0.6312.105); For documentation on this error, please visit: https://www.selenium.dev/documentation/webdriver/troubleshooting/errors#no-such-element-exception\nStacktrace:\n#0 0x5648add2a873 <unknown>\n#1 0x5648ada208c6 <unknown>\n#2 0x5648ada6b618 <unknown>\n#3 0x5648ada6b6d1 <unknown>\n#4 0x5648adaae744 <unknown>\n#5 0x5648ada8d5cd <unknown>\n#6 0x5648adaabc19 <unknown>\n#7 0x5648ada8d343 <unknown>\n#8 0x5648ada5e593 <unknown>\n#9 0x5648ada5ef5e <unknown>\n#10 0x5648adcee85b <unknown>\n#11 0x5648adcf27b5 <unknown>\n#12 0x5648adcdc581 <unknown>\n#13 0x5648adcf3342 <unknown>\n#14 0x5648adcc188f <unknown>\n#15 0x5648add19738 <unknown>\n#16 0x5648add1990b <unknown>\n#17 0x5648add299c4 <unknown>\n#18 0x7f39e767a134 <unknown>","time":{"start":1712624016652,"stop":1712624017043,"duration":391}},{"uid":"671c20c8148232c4","reportUrl":"https://Nat754.github.io/StroyremAutomation/271//#testresult/671c20c8148232c4","status":"skipped","statusDetails":"XFAIL\n\nselenium.common.exceptions.NoSuchElementException: Message: no such element: Unable to locate element: {\"method\":\"xpath\",\"selector\":\"(//a[@class='add-to-cart yellow-btn'])[1]\"}\n  (Session info: chrome-headless-shell=123.0.6312.105); For documentation on this error, please visit: https://www.selenium.dev/documentation/webdriver/troubleshooting/errors#no-such-element-exception\nStacktrace:\n#0 0x55935ac3d873 <unknown>\n#1 0x55935a9338c6 <unknown>\n#2 0x55935a97e618 <unknown>\n#3 0x55935a97e6d1 <unknown>\n#4 0x55935a9c1744 <unknown>\n#5 0x55935a9a05cd <unknown>\n#6 0x55935a9bec19 <unknown>\n#7 0x55935a9a0343 <unknown>\n#8 0x55935a971593 <unknown>\n#9 0x55935a971f5e <unknown>\n#10 0x55935ac0185b <unknown>\n#11 0x55935ac057b5 <unknown>\n#12 0x55935abef581 <unknown>\n#13 0x55935ac06342 <unknown>\n#14 0x55935abd488f <unknown>\n#15 0x55935ac2c738 <unknown>\n#16 0x55935ac2c90b <unknown>\n#17 0x55935ac3c9c4 <unknown>\n#18 0x7f1a363a2134 <unknown>","time":{"start":1712537677885,"stop":1712537678299,"duration":414}},{"uid":"8c8ec1f64bbd022e","reportUrl":"https://Nat754.github.io/StroyremAutomation/270//#testresult/8c8ec1f64bbd022e","status":"skipped","statusDetails":"XFAIL\n\nselenium.common.exceptions.NoSuchElementException: Message: no such element: Unable to locate element: {\"method\":\"xpath\",\"selector\":\"(//a[@class='add-to-cart yellow-btn'])[1]\"}\n  (Session info: chrome-headless-shell=123.0.6312.105); For documentation on this error, please visit: https://www.selenium.dev/documentation/webdriver/troubleshooting/errors#no-such-element-exception\nStacktrace:\n#0 0x56319f0c3873 <unknown>\n#1 0x56319edb98c6 <unknown>\n#2 0x56319ee04618 <unknown>\n#3 0x56319ee046d1 <unknown>\n#4 0x56319ee47744 <unknown>\n#5 0x56319ee265cd <unknown>\n#6 0x56319ee44c19 <unknown>\n#7 0x56319ee26343 <unknown>\n#8 0x56319edf7593 <unknown>\n#9 0x56319edf7f5e <unknown>\n#10 0x56319f08785b <unknown>\n#11 0x56319f08b7b5 <unknown>\n#12 0x56319f075581 <unknown>\n#13 0x56319f08c342 <unknown>\n#14 0x56319f05a88f <unknown>\n#15 0x56319f0b2738 <unknown>\n#16 0x56319f0b290b <unknown>\n#17 0x56319f0c29c4 <unknown>\n#18 0x7fb555187134 <unknown>","time":{"start":1712451487637,"stop":1712451487935,"duration":298}},{"uid":"830e7062f543185b","reportUrl":"https://Nat754.github.io/StroyremAutomation/269//#testresult/830e7062f543185b","status":"skipped","statusDetails":"XFAIL\n\nselenium.common.exceptions.NoSuchElementException: Message: no such element: Unable to locate element: {\"method\":\"xpath\",\"selector\":\"(//a[@class='add-to-cart yellow-btn'])[1]\"}\n  (Session info: chrome-headless-shell=123.0.6312.105); For documentation on this error, please visit: https://www.selenium.dev/documentation/webdriver/troubleshooting/errors#no-such-element-exception\nStacktrace:\n#0 0x5565b8cd7873 <unknown>\n#1 0x5565b89cd8c6 <unknown>\n#2 0x5565b8a18618 <unknown>\n#3 0x5565b8a186d1 <unknown>\n#4 0x5565b8a5b744 <unknown>\n#5 0x5565b8a3a5cd <unknown>\n#6 0x5565b8a58c19 <unknown>\n#7 0x5565b8a3a343 <unknown>\n#8 0x5565b8a0b593 <unknown>\n#9 0x5565b8a0bf5e <unknown>\n#10 0x5565b8c9b85b <unknown>\n#11 0x5565b8c9f7b5 <unknown>\n#12 0x5565b8c89581 <unknown>\n#13 0x5565b8ca0342 <unknown>\n#14 0x5565b8c6e88f <unknown>\n#15 0x5565b8cc6738 <unknown>\n#16 0x5565b8cc690b <unknown>\n#17 0x5565b8cd69c4 <unknown>\n#18 0x7f603b899134 <unknown>","time":{"start":1712364705525,"stop":1712364706131,"duration":606}},{"uid":"e12c953227f1fd3c","reportUrl":"https://Nat754.github.io/StroyremAutomation/268//#testresult/e12c953227f1fd3c","status":"skipped","statusDetails":"XFAIL\n\nselenium.common.exceptions.NoSuchElementException: Message: no such element: Unable to locate element: {\"method\":\"xpath\",\"selector\":\"(//a[@class='add-to-cart yellow-btn'])[1]\"}\n  (Session info: chrome-headless-shell=123.0.6312.105); For documentation on this error, please visit: https://www.selenium.dev/documentation/webdriver/troubleshooting/errors#no-such-element-exception\nStacktrace:\n#0 0x563ccfdfe873 <unknown>\n#1 0x563ccfaf48c6 <unknown>\n#2 0x563ccfb3f618 <unknown>\n#3 0x563ccfb3f6d1 <unknown>\n#4 0x563ccfb82744 <unknown>\n#5 0x563ccfb615cd <unknown>\n#6 0x563ccfb7fc19 <unknown>\n#7 0x563ccfb61343 <unknown>\n#8 0x563ccfb32593 <unknown>\n#9 0x563ccfb32f5e <unknown>\n#10 0x563ccfdc285b <unknown>\n#11 0x563ccfdc67b5 <unknown>\n#12 0x563ccfdb0581 <unknown>\n#13 0x563ccfdc7342 <unknown>\n#14 0x563ccfd9588f <unknown>\n#15 0x563ccfded738 <unknown>\n#16 0x563ccfded90b <unknown>\n#17 0x563ccfdfd9c4 <unknown>\n#18 0x7f17e7f2f134 <unknown>","time":{"start":1712278396009,"stop":1712278396567,"duration":558}},{"uid":"bf67da8e708a7dbd","reportUrl":"https://Nat754.github.io/StroyremAutomation/267//#testresult/bf67da8e708a7dbd","status":"skipped","statusDetails":"XFAIL\n\nselenium.common.exceptions.NoSuchElementException: Message: no such element: Unable to locate element: {\"method\":\"xpath\",\"selector\":\"(//a[@class='add-to-cart yellow-btn'])[1]\"}\n  (Session info: chrome-headless-shell=123.0.6312.86); For documentation on this error, please visit: https://www.selenium.dev/documentation/webdriver/troubleshooting/errors#no-such-element-exception\nStacktrace:\n#0 0x563f877fc8a3 <unknown>\n#1 0x563f874f28c6 <unknown>\n#2 0x563f8753d618 <unknown>\n#3 0x563f8753d6d1 <unknown>\n#4 0x563f87580744 <unknown>\n#5 0x563f8755f5cd <unknown>\n#6 0x563f8757dc19 <unknown>\n#7 0x563f8755f343 <unknown>\n#8 0x563f87530593 <unknown>\n#9 0x563f87530f5e <unknown>\n#10 0x563f877c088b <unknown>\n#11 0x563f877c47e5 <unknown>\n#12 0x563f877ae5b1 <unknown>\n#13 0x563f877c5372 <unknown>\n#14 0x563f877938bf <unknown>\n#15 0x563f877eb768 <unknown>\n#16 0x563f877eb93b <unknown>\n#17 0x563f877fb9f4 <unknown>\n#18 0x7f4d1ea88134 <unknown>","time":{"start":1712192174342,"stop":1712192174639,"duration":297}},{"uid":"2748d5d9edbf27a6","reportUrl":"https://Nat754.github.io/StroyremAutomation/266//#testresult/2748d5d9edbf27a6","status":"skipped","statusDetails":"XFAIL\n\nselenium.common.exceptions.NoSuchElementException: Message: no such element: Unable to locate element: {\"method\":\"xpath\",\"selector\":\"(//a[@class='add-to-cart yellow-btn'])[1]\"}\n  (Session info: chrome-headless-shell=123.0.6312.86); For documentation on this error, please visit: https://www.selenium.dev/documentation/webdriver/troubleshooting/errors#no-such-element-exception\nStacktrace:\n#0 0x558713db98a3 <unknown>\n#1 0x558713aaf8c6 <unknown>\n#2 0x558713afa618 <unknown>\n#3 0x558713afa6d1 <unknown>\n#4 0x558713b3d744 <unknown>\n#5 0x558713b1c5cd <unknown>\n#6 0x558713b3ac19 <unknown>\n#7 0x558713b1c343 <unknown>\n#8 0x558713aed593 <unknown>\n#9 0x558713aedf5e <unknown>\n#10 0x558713d7d88b <unknown>\n#11 0x558713d817e5 <unknown>\n#12 0x558713d6b5b1 <unknown>\n#13 0x558713d82372 <unknown>\n#14 0x558713d508bf <unknown>\n#15 0x558713da8768 <unknown>\n#16 0x558713da893b <unknown>\n#17 0x558713db89f4 <unknown>\n#18 0x7fbd7c3ad134 <unknown>","time":{"start":1712105546507,"stop":1712105546926,"duration":419}},{"uid":"243c27817e155af5","reportUrl":"https://Nat754.github.io/StroyremAutomation/265//#testresult/243c27817e155af5","status":"skipped","statusDetails":"XFAIL\n\nselenium.common.exceptions.NoSuchElementException: Message: no such element: Unable to locate element: {\"method\":\"xpath\",\"selector\":\"(//a[@class='add-to-cart yellow-btn'])[1]\"}\n  (Session info: chrome-headless-shell=123.0.6312.86); For documentation on this error, please visit: https://www.selenium.dev/documentation/webdriver/troubleshooting/errors#no-such-element-exception\nStacktrace:\n#0 0x5575b13a08a3 <unknown>\n#1 0x5575b10968c6 <unknown>\n#2 0x5575b10e1618 <unknown>\n#3 0x5575b10e16d1 <unknown>\n#4 0x5575b1124744 <unknown>\n#5 0x5575b11035cd <unknown>\n#6 0x5575b1121c19 <unknown>\n#7 0x5575b1103343 <unknown>\n#8 0x5575b10d4593 <unknown>\n#9 0x5575b10d4f5e <unknown>\n#10 0x5575b136488b <unknown>\n#11 0x5575b13687e5 <unknown>\n#12 0x5575b13525b1 <unknown>\n#13 0x5575b1369372 <unknown>\n#14 0x5575b13378bf <unknown>\n#15 0x5575b138f768 <unknown>\n#16 0x5575b138f93b <unknown>\n#17 0x5575b139f9f4 <unknown>\n#18 0x7f935ff65134 <unknown>","time":{"start":1712019310686,"stop":1712019311311,"duration":625}},{"uid":"864e39601082b9f6","reportUrl":"https://Nat754.github.io/StroyremAutomation/264//#testresult/864e39601082b9f6","status":"skipped","statusDetails":"XFAIL\n\nselenium.common.exceptions.NoSuchElementException: Message: no such element: Unable to locate element: {\"method\":\"xpath\",\"selector\":\"(//a[@class='add-to-cart yellow-btn'])[1]\"}\n  (Session info: chrome-headless-shell=123.0.6312.86); For documentation on this error, please visit: https://www.selenium.dev/documentation/webdriver/troubleshooting/errors#no-such-element-exception\nStacktrace:\n#0 0x55dfef1ca8a3 <unknown>\n#1 0x55dfeeec08c6 <unknown>\n#2 0x55dfeef0b618 <unknown>\n#3 0x55dfeef0b6d1 <unknown>\n#4 0x55dfeef4e744 <unknown>\n#5 0x55dfeef2d5cd <unknown>\n#6 0x55dfeef4bc19 <unknown>\n#7 0x55dfeef2d343 <unknown>\n#8 0x55dfeeefe593 <unknown>\n#9 0x55dfeeefef5e <unknown>\n#10 0x55dfef18e88b <unknown>\n#11 0x55dfef1927e5 <unknown>\n#12 0x55dfef17c5b1 <unknown>\n#13 0x55dfef193372 <unknown>\n#14 0x55dfef1618bf <unknown>\n#15 0x55dfef1b9768 <unknown>\n#16 0x55dfef1b993b <unknown>\n#17 0x55dfef1c99f4 <unknown>\n#18 0x7fbf7f280134 <unknown>","time":{"start":1711933126685,"stop":1711933127108,"duration":423}},{"uid":"21085a45cbd31c37","reportUrl":"https://Nat754.github.io/StroyremAutomation/263//#testresult/21085a45cbd31c37","status":"skipped","statusDetails":"XFAIL\n\nselenium.common.exceptions.NoSuchElementException: Message: no such element: Unable to locate element: {\"method\":\"xpath\",\"selector\":\"(//a[@class='add-to-cart yellow-btn'])[1]\"}\n  (Session info: chrome-headless-shell=123.0.6312.86); For documentation on this error, please visit: https://www.selenium.dev/documentation/webdriver/troubleshooting/errors#no-such-element-exception\nStacktrace:\n#0 0x55a1ebadc8a3 <unknown>\n#1 0x55a1eb7d28c6 <unknown>\n#2 0x55a1eb81d618 <unknown>\n#3 0x55a1eb81d6d1 <unknown>\n#4 0x55a1eb860744 <unknown>\n#5 0x55a1eb83f5cd <unknown>\n#6 0x55a1eb85dc19 <unknown>\n#7 0x55a1eb83f343 <unknown>\n#8 0x55a1eb810593 <unknown>\n#9 0x55a1eb810f5e <unknown>\n#10 0x55a1ebaa088b <unknown>\n#11 0x55a1ebaa47e5 <unknown>\n#12 0x55a1eba8e5b1 <unknown>\n#13 0x55a1ebaa5372 <unknown>\n#14 0x55a1eba738bf <unknown>\n#15 0x55a1ebacb768 <unknown>\n#16 0x55a1ebacb93b <unknown>\n#17 0x55a1ebadb9f4 <unknown>\n#18 0x7fdf06ae2134 <unknown>","time":{"start":1711846678934,"stop":1711846679337,"duration":403}},{"uid":"f2369725add44153","reportUrl":"https://Nat754.github.io/StroyremAutomation/262//#testresult/f2369725add44153","status":"skipped","statusDetails":"XFAIL\n\nselenium.common.exceptions.NoSuchElementException: Message: no such element: Unable to locate element: {\"method\":\"xpath\",\"selector\":\"(//a[@class='add-to-cart yellow-btn'])[1]\"}\n  (Session info: chrome-headless-shell=123.0.6312.86); For documentation on this error, please visit: https://www.selenium.dev/documentation/webdriver/troubleshooting/errors#no-such-element-exception\nStacktrace:\n#0 0x55b58a3738a3 <unknown>\n#1 0x55b58a0698c6 <unknown>\n#2 0x55b58a0b4618 <unknown>\n#3 0x55b58a0b46d1 <unknown>\n#4 0x55b58a0f7744 <unknown>\n#5 0x55b58a0d65cd <unknown>\n#6 0x55b58a0f4c19 <unknown>\n#7 0x55b58a0d6343 <unknown>\n#8 0x55b58a0a7593 <unknown>\n#9 0x55b58a0a7f5e <unknown>\n#10 0x55b58a33788b <unknown>\n#11 0x55b58a33b7e5 <unknown>\n#12 0x55b58a3255b1 <unknown>\n#13 0x55b58a33c372 <unknown>\n#14 0x55b58a30a8bf <unknown>\n#15 0x55b58a362768 <unknown>\n#16 0x55b58a36293b <unknown>\n#17 0x55b58a3729f4 <unknown>\n#18 0x7f249b01a134 <unknown>","time":{"start":1711759832111,"stop":1711759832436,"duration":325}},{"uid":"1ca51a214882b373","reportUrl":"https://Nat754.github.io/StroyremAutomation/261//#testresult/1ca51a214882b373","status":"skipped","statusDetails":"XFAIL\n\nselenium.common.exceptions.NoSuchElementException: Message: no such element: Unable to locate element: {\"method\":\"xpath\",\"selector\":\"(//a[@class='add-to-cart yellow-btn'])[1]\"}\n  (Session info: chrome-headless-shell=123.0.6312.86); For documentation on this error, please visit: https://www.selenium.dev/documentation/webdriver/troubleshooting/errors#no-such-element-exception\nStacktrace:\n#0 0x55feba8c08a3 <unknown>\n#1 0x55feba5b68c6 <unknown>\n#2 0x55feba601618 <unknown>\n#3 0x55feba6016d1 <unknown>\n#4 0x55feba644744 <unknown>\n#5 0x55feba6235cd <unknown>\n#6 0x55feba641c19 <unknown>\n#7 0x55feba623343 <unknown>\n#8 0x55feba5f4593 <unknown>\n#9 0x55feba5f4f5e <unknown>\n#10 0x55feba88488b <unknown>\n#11 0x55feba8887e5 <unknown>\n#12 0x55feba8725b1 <unknown>\n#13 0x55feba889372 <unknown>\n#14 0x55feba8578bf <unknown>\n#15 0x55feba8af768 <unknown>\n#16 0x55feba8af93b <unknown>\n#17 0x55feba8bf9f4 <unknown>\n#18 0x7f8bfd2d8134 <unknown>","time":{"start":1711673580704,"stop":1711673581034,"duration":330}},{"uid":"2bd02ac7575a0d4a","reportUrl":"https://Nat754.github.io/StroyremAutomation/260//#testresult/2bd02ac7575a0d4a","status":"skipped","statusDetails":"XFAIL\n\nselenium.common.exceptions.NoSuchElementException: Message: no such element: Unable to locate element: {\"method\":\"xpath\",\"selector\":\"(//a[@class='add-to-cart yellow-btn'])[1]\"}\n  (Session info: chrome-headless-shell=123.0.6312.86); For documentation on this error, please visit: https://www.selenium.dev/documentation/webdriver/troubleshooting/errors#no-such-element-exception\nStacktrace:\n#0 0x5564d8d9d8a3 <unknown>\n#1 0x5564d8a938c6 <unknown>\n#2 0x5564d8ade618 <unknown>\n#3 0x5564d8ade6d1 <unknown>\n#4 0x5564d8b21744 <unknown>\n#5 0x5564d8b005cd <unknown>\n#6 0x5564d8b1ec19 <unknown>\n#7 0x5564d8b00343 <unknown>\n#8 0x5564d8ad1593 <unknown>\n#9 0x5564d8ad1f5e <unknown>\n#10 0x5564d8d6188b <unknown>\n#11 0x5564d8d657e5 <unknown>\n#12 0x5564d8d4f5b1 <unknown>\n#13 0x5564d8d66372 <unknown>\n#14 0x5564d8d348bf <unknown>\n#15 0x5564d8d8c768 <unknown>\n#16 0x5564d8d8c93b <unknown>\n#17 0x5564d8d9c9f4 <unknown>\n#18 0x7f63dabd1134 <unknown>","time":{"start":1711587183714,"stop":1711587184237,"duration":523}}]},"tags":["@pytest.mark.xfail","smoke_test"]},"source":"481049f6fbbf1320.json","parameterValues":["17490","666","'TD 014'","15600","'products/shtukaturka-gipsovaya-aksolit-m50-30-kg-mashinnogo-naneseniya'","5400","'https://sandboxtest.stroyrem-nn.ru/'","20000"]}