{"uid":"55a2fbcef1a17909","name":"TD 025 Доставка товара весом до 10000кг. в синей зоне","fullName":"tests.delivery.test_delivery_calculation.TestDeliveryPageCalculation#test_positive_delivery_blue_zone_smoke","historyId":"5c91f1b6a5c2e7b4c36fa79019f7f7db","time":{"start":1704934635744,"stop":1704934636360,"duration":616},"status":"skipped","statusMessage":"XFAIL\n\nselenium.common.exceptions.NoSuchElementException: Message: no such element: Unable to locate element: {\"method\":\"xpath\",\"selector\":\"(//a[@class='add-to-cart yellow-btn'])[1]\"}\n  (Session info: chrome-headless-shell=120.0.6099.109); For documentation on this error, please visit: https://www.selenium.dev/documentation/webdriver/troubleshooting/errors#no-such-element-exception\nStacktrace:\n#0 0x555af19a8f83 <unknown>\n#1 0x555af1661cf7 <unknown>\n#2 0x555af16b199e <unknown>\n#3 0x555af16b1aa1 <unknown>\n#4 0x555af16fcd64 <unknown>\n#5 0x555af16db0dd <unknown>\n#6 0x555af16fa006 <unknown>\n#7 0x555af16dae53 <unknown>\n#8 0x555af16a2dd4 <unknown>\n#9 0x555af16a41de <unknown>\n#10 0x555af196d531 <unknown>\n#11 0x555af1971455 <unknown>\n#12 0x555af1959f55 <unknown>\n#13 0x555af19720ef <unknown>\n#14 0x555af193d99f <unknown>\n#15 0x555af1996008 <unknown>\n#16 0x555af19961d7 <unknown>\n#17 0x555af19a8124 <unknown>\n#18 0x7f279aaa8044 <unknown>","statusTrace":"self = <tests.delivery.test_delivery_calculation.TestDeliveryPageCalculation object at 0x7f0a18c1a8d0>\ndriver = <selenium.webdriver.chrome.webdriver.WebDriver (session=\"cfc7f4e56fb686b1401927f72e7c30e0\")>\nurl = 'https://sandboxtest.stroyrem-nn.ru/', case_id = 'TD 025'\nlink_item = 'products/shtukaturka-gipsovaya-aksolit-m50-30-kg-mashinnogo-naneseniya'\namount = 333, weight = 10000, standard = 7000, in_time = 13900, all_time = 15900\n\n    @pytest.mark.parametrize('case_id, link_item, amount, weight, standard, in_time, all_time', [\n        (\"TD 015\", bundeks_25, 1, 30, 650, 2390, 3320),\n        pytest.param(\n            \"TD 016\", aksolit_30, 8, 300, 650, 2390, 3320,\n            marks=pytest.mark.xfail(reson=\"Цена доставки: - - -\")\n        ),\n        (\"TD 017\", aksolit_30, 13, 400, 650, 2390, 3320),\n        (\"TD 018\", aksolit_30, 16, 500, 850, 2490, 3320),\n        (\"TD 019\", aksolit_30, 25, 1700, 1150, 2490, 3320),\n        (\"TD 020\", aksolit_30, 66, 2000, 1500, 2990, 3650),\n        (\"TD 021\", aksolit_30, 149, 4500, 2600, 4380, 4890),\n        (\"TD 022\", aksolit_30, 166, 5000, 2800, 5490, 5980),\n        pytest.param(\n            \"TD 023\", aksolit_30, 206, 6200, 3300, 7500, 8000,\n            marks=pytest.mark.xfail(reson=\"Цена доставки: 4300 9900 11440\")\n        ),\n        (\"TD 024\", aksolit_30, 299, 9000, 4300, 9900, 11440),\n        (\"TD 025\", aksolit_30, 333, 10000, 7000, 13900, 15900),\n        pytest.param(\n            \"TD 026\", aksolit_30, 366, 11000, 8000, 14900, 19900,\n            marks=pytest.mark.xfail(reson=\"Цена доставки: 7000 13900 15900\")\n        ),\n        pytest.param(\n            \"TD 027\", aksolit_30, 666, 20000, 14000, 16900, 23900,\n            marks=pytest.mark.xfail(reson=\"Цена доставки: 7000 13900 15900\")\n        )\n    ])\n    @pytest.mark.xfail\n    @pytest.mark.smoke_test\n    def test_positive_delivery_blue_zone_smoke(\n            self, driver, url, case_id, link_item, amount, weight, standard, in_time, all_time\n    ):\n        allure.dynamic.title(f\"{case_id} Доставка товара весом до {weight}кг. в синей зоне\")\n    \n        driver.get(f'{url}{link_item}')\n        item_page = ItemPage(driver)\n>       item_page.add_item_to_cart(amount).click_on_cart()\n\ntests/delivery/test_delivery_calculation.py:132: \n_ _ _ _ _ _ _ _ _ _ _ _ _ _ _ _ _ _ _ _ _ _ _ _ _ _ _ _ _ _ _ _ _ _ _ _ _ _ _ _ \npages/item_page.py:40: in add_item_to_cart\n    self.find_element(self._add_item).click()\nbase/seleniumbase.py:17: in find_element\n    return self.driver.find_element(*locator)\n/usr/local/lib/python3.11/site-packages/selenium/webdriver/remote/webdriver.py:739: in find_element\n    return self.execute(Command.FIND_ELEMENT, {\"using\": by, \"value\": value})[\"value\"]\n/usr/local/lib/python3.11/site-packages/selenium/webdriver/remote/webdriver.py:345: in execute\n    self.error_handler.check_response(response)\n_ _ _ _ _ _ _ _ _ _ _ _ _ _ _ _ _ _ _ _ _ _ _ _ _ _ _ _ _ _ _ _ _ _ _ _ _ _ _ _ \n\nself = <selenium.webdriver.remote.errorhandler.ErrorHandler object at 0x7f0a184ac750>\nresponse = {'status': 404, 'value': '{\"value\":{\"error\":\"no such element\",\"message\":\"no such element: Unable to locate element: {\\...\\\\n#16 0x555af19961d7 \\\\u003Cunknown>\\\\n#17 0x555af19a8124 \\\\u003Cunknown>\\\\n#18 0x7f279aaa8044 \\\\u003Cunknown>\\\\n\"}}'}\n\n    def check_response(self, response: Dict[str, Any]) -> None:\n        \"\"\"Checks that a JSON response from the WebDriver does not have an\n        error.\n    \n        :Args:\n         - response - The JSON response from the WebDriver server as a dictionary\n           object.\n    \n        :Raises: If the response contains an error message.\n        \"\"\"\n        status = response.get(\"status\", None)\n        if not status or status == ErrorCode.SUCCESS:\n            return\n        value = None\n        message = response.get(\"message\", \"\")\n        screen: str = response.get(\"screen\", \"\")\n        stacktrace = None\n        if isinstance(status, int):\n            value_json = response.get(\"value\", None)\n            if value_json and isinstance(value_json, str):\n                import json\n    \n                try:\n                    value = json.loads(value_json)\n                    if len(value) == 1:\n                        value = value[\"value\"]\n                    status = value.get(\"error\", None)\n                    if not status:\n                        status = value.get(\"status\", ErrorCode.UNKNOWN_ERROR)\n                        message = value.get(\"value\") or value.get(\"message\")\n                        if not isinstance(message, str):\n                            value = message\n                            message = message.get(\"message\")\n                    else:\n                        message = value.get(\"message\", None)\n                except ValueError:\n                    pass\n    \n        exception_class: Type[WebDriverException]\n        e = ErrorCode()\n        error_codes = [item for item in dir(e) if not item.startswith(\"__\")]\n        for error_code in error_codes:\n            error_info = getattr(ErrorCode, error_code)\n            if isinstance(error_info, list) and status in error_info:\n                exception_class = getattr(ExceptionMapping, error_code, WebDriverException)\n                break\n        else:\n            exception_class = WebDriverException\n    \n        if not value:\n            value = response[\"value\"]\n        if isinstance(value, str):\n            raise exception_class(value)\n        if message == \"\" and \"message\" in value:\n            message = value[\"message\"]\n    \n        screen = None  # type: ignore[assignment]\n        if \"screen\" in value:\n            screen = value[\"screen\"]\n    \n        stacktrace = None\n        st_value = value.get(\"stackTrace\") or value.get(\"stacktrace\")\n        if st_value:\n            if isinstance(st_value, str):\n                stacktrace = st_value.split(\"\\n\")\n            else:\n                stacktrace = []\n                try:\n                    for frame in st_value:\n                        line = frame.get(\"lineNumber\", \"\")\n                        file = frame.get(\"fileName\", \"<anonymous>\")\n                        if line:\n                            file = f\"{file}:{line}\"\n                        meth = frame.get(\"methodName\", \"<anonymous>\")\n                        if \"className\" in frame:\n                            meth = f\"{frame['className']}.{meth}\"\n                        msg = \"    at %s (%s)\"\n                        msg = msg % (meth, file)\n                        stacktrace.append(msg)\n                except TypeError:\n                    pass\n        if exception_class == UnexpectedAlertPresentException:\n            alert_text = None\n            if \"data\" in value:\n                alert_text = value[\"data\"].get(\"text\")\n            elif \"alert\" in value:\n                alert_text = value[\"alert\"].get(\"text\")\n            raise exception_class(message, screen, stacktrace, alert_text)  # type: ignore[call-arg]  # mypy is not smart enough here\n>       raise exception_class(message, screen, stacktrace)\nE       selenium.common.exceptions.NoSuchElementException: Message: no such element: Unable to locate element: {\"method\":\"xpath\",\"selector\":\"(//a[@class='add-to-cart yellow-btn'])[1]\"}\nE         (Session info: chrome-headless-shell=120.0.6099.109); For documentation on this error, please visit: https://www.selenium.dev/documentation/webdriver/troubleshooting/errors#no-such-element-exception\nE       Stacktrace:\nE       #0 0x555af19a8f83 <unknown>\nE       #1 0x555af1661cf7 <unknown>\nE       #2 0x555af16b199e <unknown>\nE       #3 0x555af16b1aa1 <unknown>\nE       #4 0x555af16fcd64 <unknown>\nE       #5 0x555af16db0dd <unknown>\nE       #6 0x555af16fa006 <unknown>\nE       #7 0x555af16dae53 <unknown>\nE       #8 0x555af16a2dd4 <unknown>\nE       #9 0x555af16a41de <unknown>\nE       #10 0x555af196d531 <unknown>\nE       #11 0x555af1971455 <unknown>\nE       #12 0x555af1959f55 <unknown>\nE       #13 0x555af19720ef <unknown>\nE       #14 0x555af193d99f <unknown>\nE       #15 0x555af1996008 <unknown>\nE       #16 0x555af19961d7 <unknown>\nE       #17 0x555af19a8124 <unknown>\nE       #18 0x7f279aaa8044 <unknown>\n\n/usr/local/lib/python3.11/site-packages/selenium/webdriver/remote/errorhandler.py:229: NoSuchElementException","flaky":false,"newFailed":false,"newBroken":false,"newPassed":false,"retriesCount":0,"retriesStatusChange":false,"beforeStages":[{"name":"_session_faker","time":{"start":1704934341441,"stop":1704934341512,"duration":71},"status":"passed","steps":[],"attachments":[],"parameters":[],"shouldDisplayMessage":false,"stepsCount":0,"attachmentsCount":0,"hasContent":false,"attachmentStep":false},{"name":"clear_allure_results_folder","time":{"start":1704934341512,"stop":1704934341512,"duration":0},"status":"passed","steps":[],"attachments":[],"parameters":[],"shouldDisplayMessage":false,"stepsCount":0,"attachmentsCount":0,"hasContent":false,"attachmentStep":false},{"name":"driver","time":{"start":1704934634970,"stop":1704934635743,"duration":773},"status":"passed","steps":[],"attachments":[],"parameters":[],"shouldDisplayMessage":false,"stepsCount":0,"attachmentsCount":0,"hasContent":false,"attachmentStep":false},{"name":"setup","time":{"start":1704934635743,"stop":1704934635743,"duration":0},"status":"passed","steps":[],"attachments":[],"parameters":[],"shouldDisplayMessage":false,"stepsCount":0,"attachmentsCount":0,"hasContent":false,"attachmentStep":false}],"testStage":{"status":"skipped","statusMessage":"XFAIL\n\nselenium.common.exceptions.NoSuchElementException: Message: no such element: Unable to locate element: {\"method\":\"xpath\",\"selector\":\"(//a[@class='add-to-cart yellow-btn'])[1]\"}\n  (Session info: chrome-headless-shell=120.0.6099.109); For documentation on this error, please visit: https://www.selenium.dev/documentation/webdriver/troubleshooting/errors#no-such-element-exception\nStacktrace:\n#0 0x555af19a8f83 <unknown>\n#1 0x555af1661cf7 <unknown>\n#2 0x555af16b199e <unknown>\n#3 0x555af16b1aa1 <unknown>\n#4 0x555af16fcd64 <unknown>\n#5 0x555af16db0dd <unknown>\n#6 0x555af16fa006 <unknown>\n#7 0x555af16dae53 <unknown>\n#8 0x555af16a2dd4 <unknown>\n#9 0x555af16a41de <unknown>\n#10 0x555af196d531 <unknown>\n#11 0x555af1971455 <unknown>\n#12 0x555af1959f55 <unknown>\n#13 0x555af19720ef <unknown>\n#14 0x555af193d99f <unknown>\n#15 0x555af1996008 <unknown>\n#16 0x555af19961d7 <unknown>\n#17 0x555af19a8124 <unknown>\n#18 0x7f279aaa8044 <unknown>","statusTrace":"self = <tests.delivery.test_delivery_calculation.TestDeliveryPageCalculation object at 0x7f0a18c1a8d0>\ndriver = <selenium.webdriver.chrome.webdriver.WebDriver (session=\"cfc7f4e56fb686b1401927f72e7c30e0\")>\nurl = 'https://sandboxtest.stroyrem-nn.ru/', case_id = 'TD 025'\nlink_item = 'products/shtukaturka-gipsovaya-aksolit-m50-30-kg-mashinnogo-naneseniya'\namount = 333, weight = 10000, standard = 7000, in_time = 13900, all_time = 15900\n\n    @pytest.mark.parametrize('case_id, link_item, amount, weight, standard, in_time, all_time', [\n        (\"TD 015\", bundeks_25, 1, 30, 650, 2390, 3320),\n        pytest.param(\n            \"TD 016\", aksolit_30, 8, 300, 650, 2390, 3320,\n            marks=pytest.mark.xfail(reson=\"Цена доставки: - - -\")\n        ),\n        (\"TD 017\", aksolit_30, 13, 400, 650, 2390, 3320),\n        (\"TD 018\", aksolit_30, 16, 500, 850, 2490, 3320),\n        (\"TD 019\", aksolit_30, 25, 1700, 1150, 2490, 3320),\n        (\"TD 020\", aksolit_30, 66, 2000, 1500, 2990, 3650),\n        (\"TD 021\", aksolit_30, 149, 4500, 2600, 4380, 4890),\n        (\"TD 022\", aksolit_30, 166, 5000, 2800, 5490, 5980),\n        pytest.param(\n            \"TD 023\", aksolit_30, 206, 6200, 3300, 7500, 8000,\n            marks=pytest.mark.xfail(reson=\"Цена доставки: 4300 9900 11440\")\n        ),\n        (\"TD 024\", aksolit_30, 299, 9000, 4300, 9900, 11440),\n        (\"TD 025\", aksolit_30, 333, 10000, 7000, 13900, 15900),\n        pytest.param(\n            \"TD 026\", aksolit_30, 366, 11000, 8000, 14900, 19900,\n            marks=pytest.mark.xfail(reson=\"Цена доставки: 7000 13900 15900\")\n        ),\n        pytest.param(\n            \"TD 027\", aksolit_30, 666, 20000, 14000, 16900, 23900,\n            marks=pytest.mark.xfail(reson=\"Цена доставки: 7000 13900 15900\")\n        )\n    ])\n    @pytest.mark.xfail\n    @pytest.mark.smoke_test\n    def test_positive_delivery_blue_zone_smoke(\n            self, driver, url, case_id, link_item, amount, weight, standard, in_time, all_time\n    ):\n        allure.dynamic.title(f\"{case_id} Доставка товара весом до {weight}кг. в синей зоне\")\n    \n        driver.get(f'{url}{link_item}')\n        item_page = ItemPage(driver)\n>       item_page.add_item_to_cart(amount).click_on_cart()\n\ntests/delivery/test_delivery_calculation.py:132: \n_ _ _ _ _ _ _ _ _ _ _ _ _ _ _ _ _ _ _ _ _ _ _ _ _ _ _ _ _ _ _ _ _ _ _ _ _ _ _ _ \npages/item_page.py:40: in add_item_to_cart\n    self.find_element(self._add_item).click()\nbase/seleniumbase.py:17: in find_element\n    return self.driver.find_element(*locator)\n/usr/local/lib/python3.11/site-packages/selenium/webdriver/remote/webdriver.py:739: in find_element\n    return self.execute(Command.FIND_ELEMENT, {\"using\": by, \"value\": value})[\"value\"]\n/usr/local/lib/python3.11/site-packages/selenium/webdriver/remote/webdriver.py:345: in execute\n    self.error_handler.check_response(response)\n_ _ _ _ _ _ _ _ _ _ _ _ _ _ _ _ _ _ _ _ _ _ _ _ _ _ _ _ _ _ _ _ _ _ _ _ _ _ _ _ \n\nself = <selenium.webdriver.remote.errorhandler.ErrorHandler object at 0x7f0a184ac750>\nresponse = {'status': 404, 'value': '{\"value\":{\"error\":\"no such element\",\"message\":\"no such element: Unable to locate element: {\\...\\\\n#16 0x555af19961d7 \\\\u003Cunknown>\\\\n#17 0x555af19a8124 \\\\u003Cunknown>\\\\n#18 0x7f279aaa8044 \\\\u003Cunknown>\\\\n\"}}'}\n\n    def check_response(self, response: Dict[str, Any]) -> None:\n        \"\"\"Checks that a JSON response from the WebDriver does not have an\n        error.\n    \n        :Args:\n         - response - The JSON response from the WebDriver server as a dictionary\n           object.\n    \n        :Raises: If the response contains an error message.\n        \"\"\"\n        status = response.get(\"status\", None)\n        if not status or status == ErrorCode.SUCCESS:\n            return\n        value = None\n        message = response.get(\"message\", \"\")\n        screen: str = response.get(\"screen\", \"\")\n        stacktrace = None\n        if isinstance(status, int):\n            value_json = response.get(\"value\", None)\n            if value_json and isinstance(value_json, str):\n                import json\n    \n                try:\n                    value = json.loads(value_json)\n                    if len(value) == 1:\n                        value = value[\"value\"]\n                    status = value.get(\"error\", None)\n                    if not status:\n                        status = value.get(\"status\", ErrorCode.UNKNOWN_ERROR)\n                        message = value.get(\"value\") or value.get(\"message\")\n                        if not isinstance(message, str):\n                            value = message\n                            message = message.get(\"message\")\n                    else:\n                        message = value.get(\"message\", None)\n                except ValueError:\n                    pass\n    \n        exception_class: Type[WebDriverException]\n        e = ErrorCode()\n        error_codes = [item for item in dir(e) if not item.startswith(\"__\")]\n        for error_code in error_codes:\n            error_info = getattr(ErrorCode, error_code)\n            if isinstance(error_info, list) and status in error_info:\n                exception_class = getattr(ExceptionMapping, error_code, WebDriverException)\n                break\n        else:\n            exception_class = WebDriverException\n    \n        if not value:\n            value = response[\"value\"]\n        if isinstance(value, str):\n            raise exception_class(value)\n        if message == \"\" and \"message\" in value:\n            message = value[\"message\"]\n    \n        screen = None  # type: ignore[assignment]\n        if \"screen\" in value:\n            screen = value[\"screen\"]\n    \n        stacktrace = None\n        st_value = value.get(\"stackTrace\") or value.get(\"stacktrace\")\n        if st_value:\n            if isinstance(st_value, str):\n                stacktrace = st_value.split(\"\\n\")\n            else:\n                stacktrace = []\n                try:\n                    for frame in st_value:\n                        line = frame.get(\"lineNumber\", \"\")\n                        file = frame.get(\"fileName\", \"<anonymous>\")\n                        if line:\n                            file = f\"{file}:{line}\"\n                        meth = frame.get(\"methodName\", \"<anonymous>\")\n                        if \"className\" in frame:\n                            meth = f\"{frame['className']}.{meth}\"\n                        msg = \"    at %s (%s)\"\n                        msg = msg % (meth, file)\n                        stacktrace.append(msg)\n                except TypeError:\n                    pass\n        if exception_class == UnexpectedAlertPresentException:\n            alert_text = None\n            if \"data\" in value:\n                alert_text = value[\"data\"].get(\"text\")\n            elif \"alert\" in value:\n                alert_text = value[\"alert\"].get(\"text\")\n            raise exception_class(message, screen, stacktrace, alert_text)  # type: ignore[call-arg]  # mypy is not smart enough here\n>       raise exception_class(message, screen, stacktrace)\nE       selenium.common.exceptions.NoSuchElementException: Message: no such element: Unable to locate element: {\"method\":\"xpath\",\"selector\":\"(//a[@class='add-to-cart yellow-btn'])[1]\"}\nE         (Session info: chrome-headless-shell=120.0.6099.109); For documentation on this error, please visit: https://www.selenium.dev/documentation/webdriver/troubleshooting/errors#no-such-element-exception\nE       Stacktrace:\nE       #0 0x555af19a8f83 <unknown>\nE       #1 0x555af1661cf7 <unknown>\nE       #2 0x555af16b199e <unknown>\nE       #3 0x555af16b1aa1 <unknown>\nE       #4 0x555af16fcd64 <unknown>\nE       #5 0x555af16db0dd <unknown>\nE       #6 0x555af16fa006 <unknown>\nE       #7 0x555af16dae53 <unknown>\nE       #8 0x555af16a2dd4 <unknown>\nE       #9 0x555af16a41de <unknown>\nE       #10 0x555af196d531 <unknown>\nE       #11 0x555af1971455 <unknown>\nE       #12 0x555af1959f55 <unknown>\nE       #13 0x555af19720ef <unknown>\nE       #14 0x555af193d99f <unknown>\nE       #15 0x555af1996008 <unknown>\nE       #16 0x555af19961d7 <unknown>\nE       #17 0x555af19a8124 <unknown>\nE       #18 0x7f279aaa8044 <unknown>\n\n/usr/local/lib/python3.11/site-packages/selenium/webdriver/remote/errorhandler.py:229: NoSuchElementException","steps":[{"name":"Добавляем товар в корзину в количестве 333","time":{"start":1704934636347,"stop":1704934636360,"duration":13},"status":"broken","statusMessage":"selenium.common.exceptions.NoSuchElementException: Message: no such element: Unable to locate element: {\"method\":\"xpath\",\"selector\":\"(//a[@class='add-to-cart yellow-btn'])[1]\"}\n  (Session info: chrome-headless-shell=120.0.6099.109); For documentation on this error, please visit: https://www.selenium.dev/documentation/webdriver/troubleshooting/errors#no-such-element-exception\nStacktrace:\n#0 0x555af19a8f83 <unknown>\n#1 0x555af1661cf7 <unknown>\n#2 0x555af16b199e <unknown>\n#3 0x555af16b1aa1 <unknown>\n#4 0x555af16fcd64 <unknown>\n#5 0x555af16db0dd <unknown>\n#6 0x555af16fa006 <unknown>\n#7 0x555af16dae53 <unknown>\n#8 0x555af16a2dd4 <unknown>\n#9 0x555af16a41de <unknown>\n#10 0x555af196d531 <unknown>\n#11 0x555af1971455 <unknown>\n#12 0x555af1959f55 <unknown>\n#13 0x555af19720ef <unknown>\n#14 0x555af193d99f <unknown>\n#15 0x555af1996008 <unknown>\n#16 0x555af19961d7 <unknown>\n#17 0x555af19a8124 <unknown>\n#18 0x7f279aaa8044 <unknown>\n\n","statusTrace":"  File \"/usr/local/lib/python3.11/site-packages/allure_commons/_allure.py\", line 192, in impl\n    return func(*a, **kw)\n           ^^^^^^^^^^^^^^\n  File \"/app/pages/item_page.py\", line 40, in add_item_to_cart\n    self.find_element(self._add_item).click()\n    ^^^^^^^^^^^^^^^^^^^^^^^^^^^^^^^^^\n  File \"/app/base/seleniumbase.py\", line 17, in find_element\n    return self.driver.find_element(*locator)\n           ^^^^^^^^^^^^^^^^^^^^^^^^^^^^^^^^^^\n  File \"/usr/local/lib/python3.11/site-packages/selenium/webdriver/remote/webdriver.py\", line 739, in find_element\n    return self.execute(Command.FIND_ELEMENT, {\"using\": by, \"value\": value})[\"value\"]\n           ^^^^^^^^^^^^^^^^^^^^^^^^^^^^^^^^^^^^^^^^^^^^^^^^^^^^^^^^^^^^^^^^^\n  File \"/usr/local/lib/python3.11/site-packages/selenium/webdriver/remote/webdriver.py\", line 345, in execute\n    self.error_handler.check_response(response)\n  File \"/usr/local/lib/python3.11/site-packages/selenium/webdriver/remote/errorhandler.py\", line 229, in check_response\n    raise exception_class(message, screen, stacktrace)\n","steps":[],"attachments":[],"parameters":[{"name":"amount","value":"333"}],"shouldDisplayMessage":true,"stepsCount":0,"attachmentsCount":0,"hasContent":true,"attachmentStep":false}],"attachments":[{"uid":"e8afcced4037a5c","name":"Screenshot","source":"e8afcced4037a5c.png","type":"image/png","size":5862},{"uid":"d6c48d844fc1f8d9","name":"HTML source","source":"d6c48d844fc1f8d9.html","type":"text/html","size":39}],"parameters":[],"shouldDisplayMessage":true,"stepsCount":1,"attachmentsCount":2,"hasContent":true,"attachmentStep":false},"afterStages":[{"name":"setup::0","time":{"start":1704934636463,"stop":1704934636463,"duration":0},"status":"passed","steps":[],"attachments":[],"parameters":[],"shouldDisplayMessage":false,"stepsCount":0,"attachmentsCount":0,"hasContent":false,"attachmentStep":false},{"name":"driver::0","time":{"start":1704934636463,"stop":1704934636520,"duration":57},"status":"passed","steps":[],"attachments":[],"parameters":[],"shouldDisplayMessage":false,"stepsCount":0,"attachmentsCount":0,"hasContent":false,"attachmentStep":false}],"labels":[{"name":"epic","value":"Delivery Page - calculation"},{"name":"tag","value":"smoke_test"},{"name":"tag","value":"@pytest.mark.xfail"},{"name":"parentSuite","value":"tests.delivery"},{"name":"suite","value":"test_delivery_calculation"},{"name":"subSuite","value":"TestDeliveryPageCalculation"},{"name":"host","value":"120f3566db28"},{"name":"thread","value":"1-MainThread"},{"name":"framework","value":"pytest"},{"name":"language","value":"cpython3"},{"name":"package","value":"tests.delivery.test_delivery_calculation"},{"name":"resultFormat","value":"allure2"}],"parameters":[{"name":"all_time","value":"15900"},{"name":"amount","value":"333"},{"name":"case_id","value":"'TD 025'"},{"name":"in_time","value":"13900"},{"name":"link_item","value":"'products/shtukaturka-gipsovaya-aksolit-m50-30-kg-mashinnogo-naneseniya'"},{"name":"standard","value":"7000"},{"name":"url","value":"'https://sandboxtest.stroyrem-nn.ru/'"},{"name":"weight","value":"10000"}],"links":[],"hidden":false,"retry":false,"extra":{"severity":"normal","retries":[],"categories":[],"history":{"statistic":{"failed":0,"broken":13,"skipped":122,"passed":0,"unknown":0,"total":135},"items":[{"uid":"d28e7a73b8bad157","reportUrl":"https://Nat754.github.io/StroyremAutomation/182//#testresult/d28e7a73b8bad157","status":"skipped","statusDetails":"XFAIL\n\nselenium.common.exceptions.NoSuchElementException: Message: no such element: Unable to locate element: {\"method\":\"xpath\",\"selector\":\"(//a[@class='add-to-cart yellow-btn'])[1]\"}\n  (Session info: chrome-headless-shell=120.0.6099.109); For documentation on this error, please visit: https://www.selenium.dev/documentation/webdriver/troubleshooting/errors#no-such-element-exception\nStacktrace:\n#0 0x55f367174f83 <unknown>\n#1 0x55f366e2dcf7 <unknown>\n#2 0x55f366e7d99e <unknown>\n#3 0x55f366e7daa1 <unknown>\n#4 0x55f366ec8d64 <unknown>\n#5 0x55f366ea70dd <unknown>\n#6 0x55f366ec6006 <unknown>\n#7 0x55f366ea6e53 <unknown>\n#8 0x55f366e6edd4 <unknown>\n#9 0x55f366e701de <unknown>\n#10 0x55f367139531 <unknown>\n#11 0x55f36713d455 <unknown>\n#12 0x55f367125f55 <unknown>\n#13 0x55f36713e0ef <unknown>\n#14 0x55f36710999f <unknown>\n#15 0x55f367162008 <unknown>\n#16 0x55f3671621d7 <unknown>\n#17 0x55f367174124 <unknown>\n#18 0x7fb2760d6044 <unknown>","time":{"start":1704848242372,"stop":1704848242912,"duration":540}},{"uid":"ebe19c81ae2e5f81","reportUrl":"https://Nat754.github.io/StroyremAutomation/181//#testresult/ebe19c81ae2e5f81","status":"skipped","statusDetails":"XFAIL\n\nselenium.common.exceptions.NoSuchElementException: Message: no such element: Unable to locate element: {\"method\":\"xpath\",\"selector\":\"(//a[@class='add-to-cart yellow-btn'])[1]\"}\n  (Session info: chrome-headless-shell=120.0.6099.109); For documentation on this error, please visit: https://www.selenium.dev/documentation/webdriver/troubleshooting/errors#no-such-element-exception\nStacktrace:\n#0 0x56230d118f83 <unknown>\n#1 0x56230cdd1cf7 <unknown>\n#2 0x56230ce2199e <unknown>\n#3 0x56230ce21aa1 <unknown>\n#4 0x56230ce6cd64 <unknown>\n#5 0x56230ce4b0dd <unknown>\n#6 0x56230ce6a006 <unknown>\n#7 0x56230ce4ae53 <unknown>\n#8 0x56230ce12dd4 <unknown>\n#9 0x56230ce141de <unknown>\n#10 0x56230d0dd531 <unknown>\n#11 0x56230d0e1455 <unknown>\n#12 0x56230d0c9f55 <unknown>\n#13 0x56230d0e20ef <unknown>\n#14 0x56230d0ad99f <unknown>\n#15 0x56230d106008 <unknown>\n#16 0x56230d1061d7 <unknown>\n#17 0x56230d118124 <unknown>\n#18 0x7fc1ff3ab044 <unknown>","time":{"start":1704761780854,"stop":1704761781395,"duration":541}},{"uid":"87cb0dbffd5f4164","reportUrl":"https://Nat754.github.io/StroyremAutomation/180//#testresult/87cb0dbffd5f4164","status":"skipped","statusDetails":"XFAIL\n\nselenium.common.exceptions.NoSuchElementException: Message: no such element: Unable to locate element: {\"method\":\"xpath\",\"selector\":\"(//a[@class='add-to-cart yellow-btn'])[1]\"}\n  (Session info: chrome-headless-shell=120.0.6099.109); For documentation on this error, please visit: https://www.selenium.dev/documentation/webdriver/troubleshooting/errors#no-such-element-exception\nStacktrace:\n#0 0x55745f067f83 <unknown>\n#1 0x55745ed20cf7 <unknown>\n#2 0x55745ed7099e <unknown>\n#3 0x55745ed70aa1 <unknown>\n#4 0x55745edbbd64 <unknown>\n#5 0x55745ed9a0dd <unknown>\n#6 0x55745edb9006 <unknown>\n#7 0x55745ed99e53 <unknown>\n#8 0x55745ed61dd4 <unknown>\n#9 0x55745ed631de <unknown>\n#10 0x55745f02c531 <unknown>\n#11 0x55745f030455 <unknown>\n#12 0x55745f018f55 <unknown>\n#13 0x55745f0310ef <unknown>\n#14 0x55745effc99f <unknown>\n#15 0x55745f055008 <unknown>\n#16 0x55745f0551d7 <unknown>\n#17 0x55745f067124 <unknown>\n#18 0x7fc36e3cd044 <unknown>","time":{"start":1704675398692,"stop":1704675399303,"duration":611}},{"uid":"d79295f40b9240ae","reportUrl":"https://Nat754.github.io/StroyremAutomation/179//#testresult/d79295f40b9240ae","status":"skipped","statusDetails":"XFAIL\n\nselenium.common.exceptions.NoSuchElementException: Message: no such element: Unable to locate element: {\"method\":\"xpath\",\"selector\":\"(//a[@class='add-to-cart yellow-btn'])[1]\"}\n  (Session info: chrome-headless-shell=120.0.6099.109); For documentation on this error, please visit: https://www.selenium.dev/documentation/webdriver/troubleshooting/errors#no-such-element-exception\nStacktrace:\n#0 0x5653f107cf83 <unknown>\n#1 0x5653f0d35cf7 <unknown>\n#2 0x5653f0d8599e <unknown>\n#3 0x5653f0d85aa1 <unknown>\n#4 0x5653f0dd0d64 <unknown>\n#5 0x5653f0daf0dd <unknown>\n#6 0x5653f0dce006 <unknown>\n#7 0x5653f0daee53 <unknown>\n#8 0x5653f0d76dd4 <unknown>\n#9 0x5653f0d781de <unknown>\n#10 0x5653f1041531 <unknown>\n#11 0x5653f1045455 <unknown>\n#12 0x5653f102df55 <unknown>\n#13 0x5653f10460ef <unknown>\n#14 0x5653f101199f <unknown>\n#15 0x5653f106a008 <unknown>\n#16 0x5653f106a1d7 <unknown>\n#17 0x5653f107c124 <unknown>\n#18 0x7f4851da3044 <unknown>","time":{"start":1704589236983,"stop":1704589237611,"duration":628}},{"uid":"db5190de3c742d11","reportUrl":"https://Nat754.github.io/StroyremAutomation/178//#testresult/db5190de3c742d11","status":"skipped","statusDetails":"XFAIL\n\nselenium.common.exceptions.NoSuchElementException: Message: no such element: Unable to locate element: {\"method\":\"xpath\",\"selector\":\"(//a[@class='add-to-cart yellow-btn'])[1]\"}\n  (Session info: chrome-headless-shell=120.0.6099.109); For documentation on this error, please visit: https://www.selenium.dev/documentation/webdriver/troubleshooting/errors#no-such-element-exception\nStacktrace:\n#0 0x558f516a2f83 <unknown>\n#1 0x558f5135bcf7 <unknown>\n#2 0x558f513ab99e <unknown>\n#3 0x558f513abaa1 <unknown>\n#4 0x558f513f6d64 <unknown>\n#5 0x558f513d50dd <unknown>\n#6 0x558f513f4006 <unknown>\n#7 0x558f513d4e53 <unknown>\n#8 0x558f5139cdd4 <unknown>\n#9 0x558f5139e1de <unknown>\n#10 0x558f51667531 <unknown>\n#11 0x558f5166b455 <unknown>\n#12 0x558f51653f55 <unknown>\n#13 0x558f5166c0ef <unknown>\n#14 0x558f5163799f <unknown>\n#15 0x558f51690008 <unknown>\n#16 0x558f516901d7 <unknown>\n#17 0x558f516a2124 <unknown>\n#18 0x7f6f11bc7044 <unknown>","time":{"start":1704502499001,"stop":1704502499634,"duration":633}},{"uid":"e1f17e32e4041455","reportUrl":"https://Nat754.github.io/StroyremAutomation/177//#testresult/e1f17e32e4041455","status":"skipped","statusDetails":"XFAIL\n\nselenium.common.exceptions.NoSuchElementException: Message: no such element: Unable to locate element: {\"method\":\"xpath\",\"selector\":\"(//a[@class='add-to-cart yellow-btn'])[1]\"}\n  (Session info: chrome-headless-shell=120.0.6099.109); For documentation on this error, please visit: https://www.selenium.dev/documentation/webdriver/troubleshooting/errors#no-such-element-exception\nStacktrace:\n#0 0x564540cc3f83 <unknown>\n#1 0x56454097ccf7 <unknown>\n#2 0x5645409cc99e <unknown>\n#3 0x5645409ccaa1 <unknown>\n#4 0x564540a17d64 <unknown>\n#5 0x5645409f60dd <unknown>\n#6 0x564540a15006 <unknown>\n#7 0x5645409f5e53 <unknown>\n#8 0x5645409bddd4 <unknown>\n#9 0x5645409bf1de <unknown>\n#10 0x564540c88531 <unknown>\n#11 0x564540c8c455 <unknown>\n#12 0x564540c74f55 <unknown>\n#13 0x564540c8d0ef <unknown>\n#14 0x564540c5899f <unknown>\n#15 0x564540cb1008 <unknown>\n#16 0x564540cb11d7 <unknown>\n#17 0x564540cc3124 <unknown>\n#18 0x7fc7a4a7f044 <unknown>","time":{"start":1704416128774,"stop":1704416129182,"duration":408}},{"uid":"af34d923f1a383ed","reportUrl":"https://Nat754.github.io/StroyremAutomation/176//#testresult/af34d923f1a383ed","status":"skipped","statusDetails":"XFAIL\n\nselenium.common.exceptions.NoSuchElementException: Message: no such element: Unable to locate element: {\"method\":\"xpath\",\"selector\":\"(//a[@class='add-to-cart yellow-btn'])[1]\"}\n  (Session info: chrome-headless-shell=120.0.6099.109); For documentation on this error, please visit: https://www.selenium.dev/documentation/webdriver/troubleshooting/errors#no-such-element-exception\nStacktrace:\n#0 0x55e44d9dff83 <unknown>\n#1 0x55e44d698cf7 <unknown>\n#2 0x55e44d6e899e <unknown>\n#3 0x55e44d6e8aa1 <unknown>\n#4 0x55e44d733d64 <unknown>\n#5 0x55e44d7120dd <unknown>\n#6 0x55e44d731006 <unknown>\n#7 0x55e44d711e53 <unknown>\n#8 0x55e44d6d9dd4 <unknown>\n#9 0x55e44d6db1de <unknown>\n#10 0x55e44d9a4531 <unknown>\n#11 0x55e44d9a8455 <unknown>\n#12 0x55e44d990f55 <unknown>\n#13 0x55e44d9a90ef <unknown>\n#14 0x55e44d97499f <unknown>\n#15 0x55e44d9cd008 <unknown>\n#16 0x55e44d9cd1d7 <unknown>\n#17 0x55e44d9df124 <unknown>\n#18 0x7f02b455e044 <unknown>","time":{"start":1704329702295,"stop":1704329702649,"duration":354}},{"uid":"f93c678f3f09a4cc","reportUrl":"https://Nat754.github.io/StroyremAutomation/175//#testresult/f93c678f3f09a4cc","status":"skipped","statusDetails":"XFAIL\n\nselenium.common.exceptions.NoSuchElementException: Message: no such element: Unable to locate element: {\"method\":\"xpath\",\"selector\":\"(//a[@class='add-to-cart yellow-btn'])[1]\"}\n  (Session info: chrome-headless-shell=120.0.6099.109); For documentation on this error, please visit: https://www.selenium.dev/documentation/webdriver/troubleshooting/errors#no-such-element-exception\nStacktrace:\n#0 0x55da7b808f83 <unknown>\n#1 0x55da7b4c1cf7 <unknown>\n#2 0x55da7b51199e <unknown>\n#3 0x55da7b511aa1 <unknown>\n#4 0x55da7b55cd64 <unknown>\n#5 0x55da7b53b0dd <unknown>\n#6 0x55da7b55a006 <unknown>\n#7 0x55da7b53ae53 <unknown>\n#8 0x55da7b502dd4 <unknown>\n#9 0x55da7b5041de <unknown>\n#10 0x55da7b7cd531 <unknown>\n#11 0x55da7b7d1455 <unknown>\n#12 0x55da7b7b9f55 <unknown>\n#13 0x55da7b7d20ef <unknown>\n#14 0x55da7b79d99f <unknown>\n#15 0x55da7b7f6008 <unknown>\n#16 0x55da7b7f61d7 <unknown>\n#17 0x55da7b808124 <unknown>\n#18 0x7f4233c72044 <unknown>","time":{"start":1704243326910,"stop":1704243327253,"duration":343}},{"uid":"d28f518287382d8","reportUrl":"https://Nat754.github.io/StroyremAutomation/174//#testresult/d28f518287382d8","status":"skipped","statusDetails":"XFAIL\n\nselenium.common.exceptions.NoSuchElementException: Message: no such element: Unable to locate element: {\"method\":\"xpath\",\"selector\":\"(//a[@class='add-to-cart yellow-btn'])[1]\"}\n  (Session info: chrome-headless-shell=120.0.6099.109); For documentation on this error, please visit: https://www.selenium.dev/documentation/webdriver/troubleshooting/errors#no-such-element-exception\nStacktrace:\n#0 0x5647ee84bf83 <unknown>\n#1 0x5647ee504cf7 <unknown>\n#2 0x5647ee55499e <unknown>\n#3 0x5647ee554aa1 <unknown>\n#4 0x5647ee59fd64 <unknown>\n#5 0x5647ee57e0dd <unknown>\n#6 0x5647ee59d006 <unknown>\n#7 0x5647ee57de53 <unknown>\n#8 0x5647ee545dd4 <unknown>\n#9 0x5647ee5471de <unknown>\n#10 0x5647ee810531 <unknown>\n#11 0x5647ee814455 <unknown>\n#12 0x5647ee7fcf55 <unknown>\n#13 0x5647ee8150ef <unknown>\n#14 0x5647ee7e099f <unknown>\n#15 0x5647ee839008 <unknown>\n#16 0x5647ee8391d7 <unknown>\n#17 0x5647ee84b124 <unknown>\n#18 0x7f1a63eff044 <unknown>","time":{"start":1704156814999,"stop":1704156815554,"duration":555}},{"uid":"65bc6a5fa69de769","reportUrl":"https://Nat754.github.io/StroyremAutomation/173//#testresult/65bc6a5fa69de769","status":"skipped","statusDetails":"XFAIL\n\nselenium.common.exceptions.NoSuchElementException: Message: no such element: Unable to locate element: {\"method\":\"xpath\",\"selector\":\"(//a[@class='add-to-cart yellow-btn'])[1]\"}\n  (Session info: chrome-headless-shell=120.0.6099.109); For documentation on this error, please visit: https://www.selenium.dev/documentation/webdriver/troubleshooting/errors#no-such-element-exception\nStacktrace:\n#0 0x557d2d4c2f83 <unknown>\n#1 0x557d2d17bcf7 <unknown>\n#2 0x557d2d1cb99e <unknown>\n#3 0x557d2d1cbaa1 <unknown>\n#4 0x557d2d216d64 <unknown>\n#5 0x557d2d1f50dd <unknown>\n#6 0x557d2d214006 <unknown>\n#7 0x557d2d1f4e53 <unknown>\n#8 0x557d2d1bcdd4 <unknown>\n#9 0x557d2d1be1de <unknown>\n#10 0x557d2d487531 <unknown>\n#11 0x557d2d48b455 <unknown>\n#12 0x557d2d473f55 <unknown>\n#13 0x557d2d48c0ef <unknown>\n#14 0x557d2d45799f <unknown>\n#15 0x557d2d4b0008 <unknown>\n#16 0x557d2d4b01d7 <unknown>\n#17 0x557d2d4c2124 <unknown>\n#18 0x7f26ee7bb044 <unknown>","time":{"start":1704070768286,"stop":1704070768656,"duration":370}},{"uid":"edc86a5f67e23ad2","reportUrl":"https://Nat754.github.io/StroyremAutomation/172//#testresult/edc86a5f67e23ad2","status":"skipped","statusDetails":"XFAIL\n\nselenium.common.exceptions.NoSuchElementException: Message: no such element: Unable to locate element: {\"method\":\"xpath\",\"selector\":\"(//a[@class='add-to-cart yellow-btn'])[1]\"}\n  (Session info: chrome-headless-shell=120.0.6099.109); For documentation on this error, please visit: https://www.selenium.dev/documentation/webdriver/troubleshooting/errors#no-such-element-exception\nStacktrace:\n#0 0x55c4afa94f83 <unknown>\n#1 0x55c4af74dcf7 <unknown>\n#2 0x55c4af79d99e <unknown>\n#3 0x55c4af79daa1 <unknown>\n#4 0x55c4af7e8d64 <unknown>\n#5 0x55c4af7c70dd <unknown>\n#6 0x55c4af7e6006 <unknown>\n#7 0x55c4af7c6e53 <unknown>\n#8 0x55c4af78edd4 <unknown>\n#9 0x55c4af7901de <unknown>\n#10 0x55c4afa59531 <unknown>\n#11 0x55c4afa5d455 <unknown>\n#12 0x55c4afa45f55 <unknown>\n#13 0x55c4afa5e0ef <unknown>\n#14 0x55c4afa2999f <unknown>\n#15 0x55c4afa82008 <unknown>\n#16 0x55c4afa821d7 <unknown>\n#17 0x55c4afa94124 <unknown>\n#18 0x7fa5456a3044 <unknown>","time":{"start":1703984279936,"stop":1703984280255,"duration":319}},{"uid":"4ed07417e933b1dd","reportUrl":"https://Nat754.github.io/StroyremAutomation/171//#testresult/4ed07417e933b1dd","status":"skipped","statusDetails":"XFAIL\n\nselenium.common.exceptions.NoSuchElementException: Message: no such element: Unable to locate element: {\"method\":\"xpath\",\"selector\":\"(//a[@class='add-to-cart yellow-btn'])[1]\"}\n  (Session info: chrome-headless-shell=120.0.6099.109); For documentation on this error, please visit: https://www.selenium.dev/documentation/webdriver/troubleshooting/errors#no-such-element-exception\nStacktrace:\n#0 0x55f50625ff83 <unknown>\n#1 0x55f505f18cf7 <unknown>\n#2 0x55f505f6899e <unknown>\n#3 0x55f505f68aa1 <unknown>\n#4 0x55f505fb3d64 <unknown>\n#5 0x55f505f920dd <unknown>\n#6 0x55f505fb1006 <unknown>\n#7 0x55f505f91e53 <unknown>\n#8 0x55f505f59dd4 <unknown>\n#9 0x55f505f5b1de <unknown>\n#10 0x55f506224531 <unknown>\n#11 0x55f506228455 <unknown>\n#12 0x55f506210f55 <unknown>\n#13 0x55f5062290ef <unknown>\n#14 0x55f5061f499f <unknown>\n#15 0x55f50624d008 <unknown>\n#16 0x55f50624d1d7 <unknown>\n#17 0x55f50625f124 <unknown>\n#18 0x7f97b4cb9044 <unknown>","time":{"start":1703897562146,"stop":1703897562489,"duration":343}},{"uid":"8e6095c6f354a62c","reportUrl":"https://Nat754.github.io/StroyremAutomation/170//#testresult/8e6095c6f354a62c","status":"skipped","statusDetails":"XFAIL\n\nselenium.common.exceptions.NoSuchElementException: Message: no such element: Unable to locate element: {\"method\":\"xpath\",\"selector\":\"(//a[@class='add-to-cart yellow-btn'])[1]\"}\n  (Session info: chrome-headless-shell=120.0.6099.109); For documentation on this error, please visit: https://www.selenium.dev/documentation/webdriver/troubleshooting/errors#no-such-element-exception\nStacktrace:\n#0 0x5603f57a2f83 <unknown>\n#1 0x5603f545bcf7 <unknown>\n#2 0x5603f54ab99e <unknown>\n#3 0x5603f54abaa1 <unknown>\n#4 0x5603f54f6d64 <unknown>\n#5 0x5603f54d50dd <unknown>\n#6 0x5603f54f4006 <unknown>\n#7 0x5603f54d4e53 <unknown>\n#8 0x5603f549cdd4 <unknown>\n#9 0x5603f549e1de <unknown>\n#10 0x5603f5767531 <unknown>\n#11 0x5603f576b455 <unknown>\n#12 0x5603f5753f55 <unknown>\n#13 0x5603f576c0ef <unknown>\n#14 0x5603f573799f <unknown>\n#15 0x5603f5790008 <unknown>\n#16 0x5603f57901d7 <unknown>\n#17 0x5603f57a2124 <unknown>\n#18 0x7f5206693044 <unknown>","time":{"start":1703810739735,"stop":1703810741020,"duration":1285}},{"uid":"868e3160fdffd9d5","reportUrl":"https://Nat754.github.io/StroyremAutomation/169//#testresult/868e3160fdffd9d5","status":"skipped","statusDetails":"XFAIL\n\nselenium.common.exceptions.NoSuchElementException: Message: no such element: Unable to locate element: {\"method\":\"xpath\",\"selector\":\"(//a[@class='add-to-cart yellow-btn'])[1]\"}\n  (Session info: chrome-headless-shell=120.0.6099.109); For documentation on this error, please visit: https://www.selenium.dev/documentation/webdriver/troubleshooting/errors#no-such-element-exception\nStacktrace:\n#0 0x5594690b9f83 <unknown>\n#1 0x559468d72cf7 <unknown>\n#2 0x559468dc299e <unknown>\n#3 0x559468dc2aa1 <unknown>\n#4 0x559468e0dd64 <unknown>\n#5 0x559468dec0dd <unknown>\n#6 0x559468e0b006 <unknown>\n#7 0x559468debe53 <unknown>\n#8 0x559468db3dd4 <unknown>\n#9 0x559468db51de <unknown>\n#10 0x55946907e531 <unknown>\n#11 0x559469082455 <unknown>\n#12 0x55946906af55 <unknown>\n#13 0x5594690830ef <unknown>\n#14 0x55946904e99f <unknown>\n#15 0x5594690a7008 <unknown>\n#16 0x5594690a71d7 <unknown>\n#17 0x5594690b9124 <unknown>\n#18 0x7fe3221a5044 <unknown>","time":{"start":1703724804918,"stop":1703724805257,"duration":339}},{"uid":"20660b3384fe35f4","reportUrl":"https://Nat754.github.io/StroyremAutomation/168//#testresult/20660b3384fe35f4","status":"skipped","statusDetails":"XFAIL\n\nselenium.common.exceptions.NoSuchElementException: Message: no such element: Unable to locate element: {\"method\":\"xpath\",\"selector\":\"(//a[@class='add-to-cart yellow-btn'])[1]\"}\n  (Session info: chrome-headless-shell=120.0.6099.109); For documentation on this error, please visit: https://www.selenium.dev/documentation/webdriver/troubleshooting/errors#no-such-element-exception\nStacktrace:\n#0 0x55a69f24ff83 <unknown>\n#1 0x55a69ef08cf7 <unknown>\n#2 0x55a69ef5899e <unknown>\n#3 0x55a69ef58aa1 <unknown>\n#4 0x55a69efa3d64 <unknown>\n#5 0x55a69ef820dd <unknown>\n#6 0x55a69efa1006 <unknown>\n#7 0x55a69ef81e53 <unknown>\n#8 0x55a69ef49dd4 <unknown>\n#9 0x55a69ef4b1de <unknown>\n#10 0x55a69f214531 <unknown>\n#11 0x55a69f218455 <unknown>\n#12 0x55a69f200f55 <unknown>\n#13 0x55a69f2190ef <unknown>\n#14 0x55a69f1e499f <unknown>\n#15 0x55a69f23d008 <unknown>\n#16 0x55a69f23d1d7 <unknown>\n#17 0x55a69f24f124 <unknown>\n#18 0x7f4113e6f044 <unknown>","time":{"start":1703638441748,"stop":1703638442199,"duration":451}},{"uid":"4508d8875038ab23","reportUrl":"https://Nat754.github.io/StroyremAutomation/167//#testresult/4508d8875038ab23","status":"skipped","statusDetails":"XFAIL\n\nselenium.common.exceptions.NoSuchElementException: Message: no such element: Unable to locate element: {\"method\":\"xpath\",\"selector\":\"(//a[@class='add-to-cart yellow-btn'])[1]\"}\n  (Session info: chrome-headless-shell=120.0.6099.109); For documentation on this error, please visit: https://www.selenium.dev/documentation/webdriver/troubleshooting/errors#no-such-element-exception\nStacktrace:\n#0 0x55b507b92f83 <unknown>\n#1 0x55b50784bcf7 <unknown>\n#2 0x55b50789b99e <unknown>\n#3 0x55b50789baa1 <unknown>\n#4 0x55b5078e6d64 <unknown>\n#5 0x55b5078c50dd <unknown>\n#6 0x55b5078e4006 <unknown>\n#7 0x55b5078c4e53 <unknown>\n#8 0x55b50788cdd4 <unknown>\n#9 0x55b50788e1de <unknown>\n#10 0x55b507b57531 <unknown>\n#11 0x55b507b5b455 <unknown>\n#12 0x55b507b43f55 <unknown>\n#13 0x55b507b5c0ef <unknown>\n#14 0x55b507b2799f <unknown>\n#15 0x55b507b80008 <unknown>\n#16 0x55b507b801d7 <unknown>\n#17 0x55b507b92124 <unknown>\n#18 0x7f00e2e0e044 <unknown>","time":{"start":1703551982040,"stop":1703551982397,"duration":357}},{"uid":"346ada7b535fb983","reportUrl":"https://Nat754.github.io/StroyremAutomation/166//#testresult/346ada7b535fb983","status":"skipped","statusDetails":"XFAIL\n\nselenium.common.exceptions.NoSuchElementException: Message: no such element: Unable to locate element: {\"method\":\"xpath\",\"selector\":\"(//a[@class='add-to-cart yellow-btn'])[1]\"}\n  (Session info: chrome-headless-shell=120.0.6099.109); For documentation on this error, please visit: https://www.selenium.dev/documentation/webdriver/troubleshooting/errors#no-such-element-exception\nStacktrace:\n#0 0x559786ff3f83 <unknown>\n#1 0x559786caccf7 <unknown>\n#2 0x559786cfc99e <unknown>\n#3 0x559786cfcaa1 <unknown>\n#4 0x559786d47d64 <unknown>\n#5 0x559786d260dd <unknown>\n#6 0x559786d45006 <unknown>\n#7 0x559786d25e53 <unknown>\n#8 0x559786ceddd4 <unknown>\n#9 0x559786cef1de <unknown>\n#10 0x559786fb8531 <unknown>\n#11 0x559786fbc455 <unknown>\n#12 0x559786fa4f55 <unknown>\n#13 0x559786fbd0ef <unknown>\n#14 0x559786f8899f <unknown>\n#15 0x559786fe1008 <unknown>\n#16 0x559786fe11d7 <unknown>\n#17 0x559786ff3124 <unknown>\n#18 0x7f94d9fc2044 <unknown>","time":{"start":1703465809233,"stop":1703465809685,"duration":452}},{"uid":"3162fb77407c01cd","reportUrl":"https://Nat754.github.io/StroyremAutomation/165//#testresult/3162fb77407c01cd","status":"skipped","statusDetails":"XFAIL\n\nselenium.common.exceptions.NoSuchElementException: Message: no such element: Unable to locate element: {\"method\":\"xpath\",\"selector\":\"(//a[@class='add-to-cart yellow-btn'])[1]\"}\n  (Session info: chrome-headless-shell=120.0.6099.109); For documentation on this error, please visit: https://www.selenium.dev/documentation/webdriver/troubleshooting/errors#no-such-element-exception\nStacktrace:\n#0 0x556041886f83 <unknown>\n#1 0x55604153fcf7 <unknown>\n#2 0x55604158f99e <unknown>\n#3 0x55604158faa1 <unknown>\n#4 0x5560415dad64 <unknown>\n#5 0x5560415b90dd <unknown>\n#6 0x5560415d8006 <unknown>\n#7 0x5560415b8e53 <unknown>\n#8 0x556041580dd4 <unknown>\n#9 0x5560415821de <unknown>\n#10 0x55604184b531 <unknown>\n#11 0x55604184f455 <unknown>\n#12 0x556041837f55 <unknown>\n#13 0x5560418500ef <unknown>\n#14 0x55604181b99f <unknown>\n#15 0x556041874008 <unknown>\n#16 0x5560418741d7 <unknown>\n#17 0x556041886124 <unknown>\n#18 0x7f10f61f5044 <unknown>","time":{"start":1703379545857,"stop":1703379546491,"duration":634}},{"uid":"1edd9511d4fbd27d","reportUrl":"https://Nat754.github.io/StroyremAutomation/164//#testresult/1edd9511d4fbd27d","status":"skipped","statusDetails":"XFAIL\n\nselenium.common.exceptions.NoSuchElementException: Message: no such element: Unable to locate element: {\"method\":\"xpath\",\"selector\":\"(//a[@class='add-to-cart yellow-btn'])[1]\"}\n  (Session info: chrome-headless-shell=120.0.6099.109); For documentation on this error, please visit: https://www.selenium.dev/documentation/webdriver/troubleshooting/errors#no-such-element-exception\nStacktrace:\n#0 0x55e0e837ff83 <unknown>\n#1 0x55e0e8038cf7 <unknown>\n#2 0x55e0e808899e <unknown>\n#3 0x55e0e8088aa1 <unknown>\n#4 0x55e0e80d3d64 <unknown>\n#5 0x55e0e80b20dd <unknown>\n#6 0x55e0e80d1006 <unknown>\n#7 0x55e0e80b1e53 <unknown>\n#8 0x55e0e8079dd4 <unknown>\n#9 0x55e0e807b1de <unknown>\n#10 0x55e0e8344531 <unknown>\n#11 0x55e0e8348455 <unknown>\n#12 0x55e0e8330f55 <unknown>\n#13 0x55e0e83490ef <unknown>\n#14 0x55e0e831499f <unknown>\n#15 0x55e0e836d008 <unknown>\n#16 0x55e0e836d1d7 <unknown>\n#17 0x55e0e837f124 <unknown>\n#18 0x7ff7fcdd0044 <unknown>","time":{"start":1703292748170,"stop":1703292748521,"duration":351}},{"uid":"bbff96f79507ace","reportUrl":"https://Nat754.github.io/StroyremAutomation/163//#testresult/bbff96f79507ace","status":"skipped","statusDetails":"XFAIL\n\nselenium.common.exceptions.NoSuchElementException: Message: no such element: Unable to locate element: {\"method\":\"xpath\",\"selector\":\"(//a[@class='add-to-cart yellow-btn'])[1]\"}\n  (Session info: chrome-headless-shell=120.0.6099.109); For documentation on this error, please visit: https://www.selenium.dev/documentation/webdriver/troubleshooting/errors#no-such-element-exception\nStacktrace:\n#0 0x558500b7df83 <unknown>\n#1 0x558500836cf7 <unknown>\n#2 0x55850088699e <unknown>\n#3 0x558500886aa1 <unknown>\n#4 0x5585008d1d64 <unknown>\n#5 0x5585008b00dd <unknown>\n#6 0x5585008cf006 <unknown>\n#7 0x5585008afe53 <unknown>\n#8 0x558500877dd4 <unknown>\n#9 0x5585008791de <unknown>\n#10 0x558500b42531 <unknown>\n#11 0x558500b46455 <unknown>\n#12 0x558500b2ef55 <unknown>\n#13 0x558500b470ef <unknown>\n#14 0x558500b1299f <unknown>\n#15 0x558500b6b008 <unknown>\n#16 0x558500b6b1d7 <unknown>\n#17 0x558500b7d124 <unknown>\n#18 0x7fdbac933044 <unknown>","time":{"start":1703206479003,"stop":1703206479444,"duration":441}}]},"tags":["@pytest.mark.xfail","smoke_test"]},"source":"55a2fbcef1a17909.json","parameterValues":["15900","333","'TD 025'","13900","'products/shtukaturka-gipsovaya-aksolit-m50-30-kg-mashinnogo-naneseniya'","7000","'https://sandboxtest.stroyrem-nn.ru/'","10000"]}