{"uid":"79771a0ce77e6731","name":"TD 020 Доставка товара весом до 2000кг. в синей зоне","fullName":"tests.delivery.test_delivery_calculation.TestDeliveryPageCalculation#test_positive_delivery_blue_zone_smoke","historyId":"c4ec1833f25483cec79cdb0ff77ddb11","time":{"start":1704934627841,"stop":1704934628522,"duration":681},"status":"skipped","statusMessage":"XFAIL\n\nselenium.common.exceptions.NoSuchElementException: Message: no such element: Unable to locate element: {\"method\":\"xpath\",\"selector\":\"(//a[@class='add-to-cart yellow-btn'])[1]\"}\n  (Session info: chrome-headless-shell=120.0.6099.109); For documentation on this error, please visit: https://www.selenium.dev/documentation/webdriver/troubleshooting/errors#no-such-element-exception\nStacktrace:\n#0 0x55f552f49f83 <unknown>\n#1 0x55f552c02cf7 <unknown>\n#2 0x55f552c5299e <unknown>\n#3 0x55f552c52aa1 <unknown>\n#4 0x55f552c9dd64 <unknown>\n#5 0x55f552c7c0dd <unknown>\n#6 0x55f552c9b006 <unknown>\n#7 0x55f552c7be53 <unknown>\n#8 0x55f552c43dd4 <unknown>\n#9 0x55f552c451de <unknown>\n#10 0x55f552f0e531 <unknown>\n#11 0x55f552f12455 <unknown>\n#12 0x55f552efaf55 <unknown>\n#13 0x55f552f130ef <unknown>\n#14 0x55f552ede99f <unknown>\n#15 0x55f552f37008 <unknown>\n#16 0x55f552f371d7 <unknown>\n#17 0x55f552f49124 <unknown>\n#18 0x7f93be2f4044 <unknown>","statusTrace":"self = <tests.delivery.test_delivery_calculation.TestDeliveryPageCalculation object at 0x7f0a18c04790>\ndriver = <selenium.webdriver.chrome.webdriver.WebDriver (session=\"d3125affa3a92c09807fe67111f5fc43\")>\nurl = 'https://sandboxtest.stroyrem-nn.ru/', case_id = 'TD 020'\nlink_item = 'products/shtukaturka-gipsovaya-aksolit-m50-30-kg-mashinnogo-naneseniya'\namount = 66, weight = 2000, standard = 1500, in_time = 2990, all_time = 3650\n\n    @pytest.mark.parametrize('case_id, link_item, amount, weight, standard, in_time, all_time', [\n        (\"TD 015\", bundeks_25, 1, 30, 650, 2390, 3320),\n        pytest.param(\n            \"TD 016\", aksolit_30, 8, 300, 650, 2390, 3320,\n            marks=pytest.mark.xfail(reson=\"Цена доставки: - - -\")\n        ),\n        (\"TD 017\", aksolit_30, 13, 400, 650, 2390, 3320),\n        (\"TD 018\", aksolit_30, 16, 500, 850, 2490, 3320),\n        (\"TD 019\", aksolit_30, 25, 1700, 1150, 2490, 3320),\n        (\"TD 020\", aksolit_30, 66, 2000, 1500, 2990, 3650),\n        (\"TD 021\", aksolit_30, 149, 4500, 2600, 4380, 4890),\n        (\"TD 022\", aksolit_30, 166, 5000, 2800, 5490, 5980),\n        pytest.param(\n            \"TD 023\", aksolit_30, 206, 6200, 3300, 7500, 8000,\n            marks=pytest.mark.xfail(reson=\"Цена доставки: 4300 9900 11440\")\n        ),\n        (\"TD 024\", aksolit_30, 299, 9000, 4300, 9900, 11440),\n        (\"TD 025\", aksolit_30, 333, 10000, 7000, 13900, 15900),\n        pytest.param(\n            \"TD 026\", aksolit_30, 366, 11000, 8000, 14900, 19900,\n            marks=pytest.mark.xfail(reson=\"Цена доставки: 7000 13900 15900\")\n        ),\n        pytest.param(\n            \"TD 027\", aksolit_30, 666, 20000, 14000, 16900, 23900,\n            marks=pytest.mark.xfail(reson=\"Цена доставки: 7000 13900 15900\")\n        )\n    ])\n    @pytest.mark.xfail\n    @pytest.mark.smoke_test\n    def test_positive_delivery_blue_zone_smoke(\n            self, driver, url, case_id, link_item, amount, weight, standard, in_time, all_time\n    ):\n        allure.dynamic.title(f\"{case_id} Доставка товара весом до {weight}кг. в синей зоне\")\n    \n        driver.get(f'{url}{link_item}')\n        item_page = ItemPage(driver)\n>       item_page.add_item_to_cart(amount).click_on_cart()\n\ntests/delivery/test_delivery_calculation.py:132: \n_ _ _ _ _ _ _ _ _ _ _ _ _ _ _ _ _ _ _ _ _ _ _ _ _ _ _ _ _ _ _ _ _ _ _ _ _ _ _ _ \npages/item_page.py:40: in add_item_to_cart\n    self.find_element(self._add_item).click()\nbase/seleniumbase.py:17: in find_element\n    return self.driver.find_element(*locator)\n/usr/local/lib/python3.11/site-packages/selenium/webdriver/remote/webdriver.py:739: in find_element\n    return self.execute(Command.FIND_ELEMENT, {\"using\": by, \"value\": value})[\"value\"]\n/usr/local/lib/python3.11/site-packages/selenium/webdriver/remote/webdriver.py:345: in execute\n    self.error_handler.check_response(response)\n_ _ _ _ _ _ _ _ _ _ _ _ _ _ _ _ _ _ _ _ _ _ _ _ _ _ _ _ _ _ _ _ _ _ _ _ _ _ _ _ \n\nself = <selenium.webdriver.remote.errorhandler.ErrorHandler object at 0x7f0a18b5bf90>\nresponse = {'status': 404, 'value': '{\"value\":{\"error\":\"no such element\",\"message\":\"no such element: Unable to locate element: {\\...\\\\n#16 0x55f552f371d7 \\\\u003Cunknown>\\\\n#17 0x55f552f49124 \\\\u003Cunknown>\\\\n#18 0x7f93be2f4044 \\\\u003Cunknown>\\\\n\"}}'}\n\n    def check_response(self, response: Dict[str, Any]) -> None:\n        \"\"\"Checks that a JSON response from the WebDriver does not have an\n        error.\n    \n        :Args:\n         - response - The JSON response from the WebDriver server as a dictionary\n           object.\n    \n        :Raises: If the response contains an error message.\n        \"\"\"\n        status = response.get(\"status\", None)\n        if not status or status == ErrorCode.SUCCESS:\n            return\n        value = None\n        message = response.get(\"message\", \"\")\n        screen: str = response.get(\"screen\", \"\")\n        stacktrace = None\n        if isinstance(status, int):\n            value_json = response.get(\"value\", None)\n            if value_json and isinstance(value_json, str):\n                import json\n    \n                try:\n                    value = json.loads(value_json)\n                    if len(value) == 1:\n                        value = value[\"value\"]\n                    status = value.get(\"error\", None)\n                    if not status:\n                        status = value.get(\"status\", ErrorCode.UNKNOWN_ERROR)\n                        message = value.get(\"value\") or value.get(\"message\")\n                        if not isinstance(message, str):\n                            value = message\n                            message = message.get(\"message\")\n                    else:\n                        message = value.get(\"message\", None)\n                except ValueError:\n                    pass\n    \n        exception_class: Type[WebDriverException]\n        e = ErrorCode()\n        error_codes = [item for item in dir(e) if not item.startswith(\"__\")]\n        for error_code in error_codes:\n            error_info = getattr(ErrorCode, error_code)\n            if isinstance(error_info, list) and status in error_info:\n                exception_class = getattr(ExceptionMapping, error_code, WebDriverException)\n                break\n        else:\n            exception_class = WebDriverException\n    \n        if not value:\n            value = response[\"value\"]\n        if isinstance(value, str):\n            raise exception_class(value)\n        if message == \"\" and \"message\" in value:\n            message = value[\"message\"]\n    \n        screen = None  # type: ignore[assignment]\n        if \"screen\" in value:\n            screen = value[\"screen\"]\n    \n        stacktrace = None\n        st_value = value.get(\"stackTrace\") or value.get(\"stacktrace\")\n        if st_value:\n            if isinstance(st_value, str):\n                stacktrace = st_value.split(\"\\n\")\n            else:\n                stacktrace = []\n                try:\n                    for frame in st_value:\n                        line = frame.get(\"lineNumber\", \"\")\n                        file = frame.get(\"fileName\", \"<anonymous>\")\n                        if line:\n                            file = f\"{file}:{line}\"\n                        meth = frame.get(\"methodName\", \"<anonymous>\")\n                        if \"className\" in frame:\n                            meth = f\"{frame['className']}.{meth}\"\n                        msg = \"    at %s (%s)\"\n                        msg = msg % (meth, file)\n                        stacktrace.append(msg)\n                except TypeError:\n                    pass\n        if exception_class == UnexpectedAlertPresentException:\n            alert_text = None\n            if \"data\" in value:\n                alert_text = value[\"data\"].get(\"text\")\n            elif \"alert\" in value:\n                alert_text = value[\"alert\"].get(\"text\")\n            raise exception_class(message, screen, stacktrace, alert_text)  # type: ignore[call-arg]  # mypy is not smart enough here\n>       raise exception_class(message, screen, stacktrace)\nE       selenium.common.exceptions.NoSuchElementException: Message: no such element: Unable to locate element: {\"method\":\"xpath\",\"selector\":\"(//a[@class='add-to-cart yellow-btn'])[1]\"}\nE         (Session info: chrome-headless-shell=120.0.6099.109); For documentation on this error, please visit: https://www.selenium.dev/documentation/webdriver/troubleshooting/errors#no-such-element-exception\nE       Stacktrace:\nE       #0 0x55f552f49f83 <unknown>\nE       #1 0x55f552c02cf7 <unknown>\nE       #2 0x55f552c5299e <unknown>\nE       #3 0x55f552c52aa1 <unknown>\nE       #4 0x55f552c9dd64 <unknown>\nE       #5 0x55f552c7c0dd <unknown>\nE       #6 0x55f552c9b006 <unknown>\nE       #7 0x55f552c7be53 <unknown>\nE       #8 0x55f552c43dd4 <unknown>\nE       #9 0x55f552c451de <unknown>\nE       #10 0x55f552f0e531 <unknown>\nE       #11 0x55f552f12455 <unknown>\nE       #12 0x55f552efaf55 <unknown>\nE       #13 0x55f552f130ef <unknown>\nE       #14 0x55f552ede99f <unknown>\nE       #15 0x55f552f37008 <unknown>\nE       #16 0x55f552f371d7 <unknown>\nE       #17 0x55f552f49124 <unknown>\nE       #18 0x7f93be2f4044 <unknown>\n\n/usr/local/lib/python3.11/site-packages/selenium/webdriver/remote/errorhandler.py:229: NoSuchElementException","flaky":false,"newFailed":false,"newBroken":false,"newPassed":false,"retriesCount":0,"retriesStatusChange":false,"beforeStages":[{"name":"_session_faker","time":{"start":1704934341441,"stop":1704934341512,"duration":71},"status":"passed","steps":[],"attachments":[],"parameters":[],"shouldDisplayMessage":false,"stepsCount":0,"attachmentsCount":0,"hasContent":false,"attachmentStep":false},{"name":"clear_allure_results_folder","time":{"start":1704934341512,"stop":1704934341512,"duration":0},"status":"passed","steps":[],"attachments":[],"parameters":[],"shouldDisplayMessage":false,"stepsCount":0,"attachmentsCount":0,"hasContent":false,"attachmentStep":false},{"name":"driver","time":{"start":1704934627066,"stop":1704934627840,"duration":774},"status":"passed","steps":[],"attachments":[],"parameters":[],"shouldDisplayMessage":false,"stepsCount":0,"attachmentsCount":0,"hasContent":false,"attachmentStep":false},{"name":"setup","time":{"start":1704934627840,"stop":1704934627840,"duration":0},"status":"passed","steps":[],"attachments":[],"parameters":[],"shouldDisplayMessage":false,"stepsCount":0,"attachmentsCount":0,"hasContent":false,"attachmentStep":false}],"testStage":{"status":"skipped","statusMessage":"XFAIL\n\nselenium.common.exceptions.NoSuchElementException: Message: no such element: Unable to locate element: {\"method\":\"xpath\",\"selector\":\"(//a[@class='add-to-cart yellow-btn'])[1]\"}\n  (Session info: chrome-headless-shell=120.0.6099.109); For documentation on this error, please visit: https://www.selenium.dev/documentation/webdriver/troubleshooting/errors#no-such-element-exception\nStacktrace:\n#0 0x55f552f49f83 <unknown>\n#1 0x55f552c02cf7 <unknown>\n#2 0x55f552c5299e <unknown>\n#3 0x55f552c52aa1 <unknown>\n#4 0x55f552c9dd64 <unknown>\n#5 0x55f552c7c0dd <unknown>\n#6 0x55f552c9b006 <unknown>\n#7 0x55f552c7be53 <unknown>\n#8 0x55f552c43dd4 <unknown>\n#9 0x55f552c451de <unknown>\n#10 0x55f552f0e531 <unknown>\n#11 0x55f552f12455 <unknown>\n#12 0x55f552efaf55 <unknown>\n#13 0x55f552f130ef <unknown>\n#14 0x55f552ede99f <unknown>\n#15 0x55f552f37008 <unknown>\n#16 0x55f552f371d7 <unknown>\n#17 0x55f552f49124 <unknown>\n#18 0x7f93be2f4044 <unknown>","statusTrace":"self = <tests.delivery.test_delivery_calculation.TestDeliveryPageCalculation object at 0x7f0a18c04790>\ndriver = <selenium.webdriver.chrome.webdriver.WebDriver (session=\"d3125affa3a92c09807fe67111f5fc43\")>\nurl = 'https://sandboxtest.stroyrem-nn.ru/', case_id = 'TD 020'\nlink_item = 'products/shtukaturka-gipsovaya-aksolit-m50-30-kg-mashinnogo-naneseniya'\namount = 66, weight = 2000, standard = 1500, in_time = 2990, all_time = 3650\n\n    @pytest.mark.parametrize('case_id, link_item, amount, weight, standard, in_time, all_time', [\n        (\"TD 015\", bundeks_25, 1, 30, 650, 2390, 3320),\n        pytest.param(\n            \"TD 016\", aksolit_30, 8, 300, 650, 2390, 3320,\n            marks=pytest.mark.xfail(reson=\"Цена доставки: - - -\")\n        ),\n        (\"TD 017\", aksolit_30, 13, 400, 650, 2390, 3320),\n        (\"TD 018\", aksolit_30, 16, 500, 850, 2490, 3320),\n        (\"TD 019\", aksolit_30, 25, 1700, 1150, 2490, 3320),\n        (\"TD 020\", aksolit_30, 66, 2000, 1500, 2990, 3650),\n        (\"TD 021\", aksolit_30, 149, 4500, 2600, 4380, 4890),\n        (\"TD 022\", aksolit_30, 166, 5000, 2800, 5490, 5980),\n        pytest.param(\n            \"TD 023\", aksolit_30, 206, 6200, 3300, 7500, 8000,\n            marks=pytest.mark.xfail(reson=\"Цена доставки: 4300 9900 11440\")\n        ),\n        (\"TD 024\", aksolit_30, 299, 9000, 4300, 9900, 11440),\n        (\"TD 025\", aksolit_30, 333, 10000, 7000, 13900, 15900),\n        pytest.param(\n            \"TD 026\", aksolit_30, 366, 11000, 8000, 14900, 19900,\n            marks=pytest.mark.xfail(reson=\"Цена доставки: 7000 13900 15900\")\n        ),\n        pytest.param(\n            \"TD 027\", aksolit_30, 666, 20000, 14000, 16900, 23900,\n            marks=pytest.mark.xfail(reson=\"Цена доставки: 7000 13900 15900\")\n        )\n    ])\n    @pytest.mark.xfail\n    @pytest.mark.smoke_test\n    def test_positive_delivery_blue_zone_smoke(\n            self, driver, url, case_id, link_item, amount, weight, standard, in_time, all_time\n    ):\n        allure.dynamic.title(f\"{case_id} Доставка товара весом до {weight}кг. в синей зоне\")\n    \n        driver.get(f'{url}{link_item}')\n        item_page = ItemPage(driver)\n>       item_page.add_item_to_cart(amount).click_on_cart()\n\ntests/delivery/test_delivery_calculation.py:132: \n_ _ _ _ _ _ _ _ _ _ _ _ _ _ _ _ _ _ _ _ _ _ _ _ _ _ _ _ _ _ _ _ _ _ _ _ _ _ _ _ \npages/item_page.py:40: in add_item_to_cart\n    self.find_element(self._add_item).click()\nbase/seleniumbase.py:17: in find_element\n    return self.driver.find_element(*locator)\n/usr/local/lib/python3.11/site-packages/selenium/webdriver/remote/webdriver.py:739: in find_element\n    return self.execute(Command.FIND_ELEMENT, {\"using\": by, \"value\": value})[\"value\"]\n/usr/local/lib/python3.11/site-packages/selenium/webdriver/remote/webdriver.py:345: in execute\n    self.error_handler.check_response(response)\n_ _ _ _ _ _ _ _ _ _ _ _ _ _ _ _ _ _ _ _ _ _ _ _ _ _ _ _ _ _ _ _ _ _ _ _ _ _ _ _ \n\nself = <selenium.webdriver.remote.errorhandler.ErrorHandler object at 0x7f0a18b5bf90>\nresponse = {'status': 404, 'value': '{\"value\":{\"error\":\"no such element\",\"message\":\"no such element: Unable to locate element: {\\...\\\\n#16 0x55f552f371d7 \\\\u003Cunknown>\\\\n#17 0x55f552f49124 \\\\u003Cunknown>\\\\n#18 0x7f93be2f4044 \\\\u003Cunknown>\\\\n\"}}'}\n\n    def check_response(self, response: Dict[str, Any]) -> None:\n        \"\"\"Checks that a JSON response from the WebDriver does not have an\n        error.\n    \n        :Args:\n         - response - The JSON response from the WebDriver server as a dictionary\n           object.\n    \n        :Raises: If the response contains an error message.\n        \"\"\"\n        status = response.get(\"status\", None)\n        if not status or status == ErrorCode.SUCCESS:\n            return\n        value = None\n        message = response.get(\"message\", \"\")\n        screen: str = response.get(\"screen\", \"\")\n        stacktrace = None\n        if isinstance(status, int):\n            value_json = response.get(\"value\", None)\n            if value_json and isinstance(value_json, str):\n                import json\n    \n                try:\n                    value = json.loads(value_json)\n                    if len(value) == 1:\n                        value = value[\"value\"]\n                    status = value.get(\"error\", None)\n                    if not status:\n                        status = value.get(\"status\", ErrorCode.UNKNOWN_ERROR)\n                        message = value.get(\"value\") or value.get(\"message\")\n                        if not isinstance(message, str):\n                            value = message\n                            message = message.get(\"message\")\n                    else:\n                        message = value.get(\"message\", None)\n                except ValueError:\n                    pass\n    \n        exception_class: Type[WebDriverException]\n        e = ErrorCode()\n        error_codes = [item for item in dir(e) if not item.startswith(\"__\")]\n        for error_code in error_codes:\n            error_info = getattr(ErrorCode, error_code)\n            if isinstance(error_info, list) and status in error_info:\n                exception_class = getattr(ExceptionMapping, error_code, WebDriverException)\n                break\n        else:\n            exception_class = WebDriverException\n    \n        if not value:\n            value = response[\"value\"]\n        if isinstance(value, str):\n            raise exception_class(value)\n        if message == \"\" and \"message\" in value:\n            message = value[\"message\"]\n    \n        screen = None  # type: ignore[assignment]\n        if \"screen\" in value:\n            screen = value[\"screen\"]\n    \n        stacktrace = None\n        st_value = value.get(\"stackTrace\") or value.get(\"stacktrace\")\n        if st_value:\n            if isinstance(st_value, str):\n                stacktrace = st_value.split(\"\\n\")\n            else:\n                stacktrace = []\n                try:\n                    for frame in st_value:\n                        line = frame.get(\"lineNumber\", \"\")\n                        file = frame.get(\"fileName\", \"<anonymous>\")\n                        if line:\n                            file = f\"{file}:{line}\"\n                        meth = frame.get(\"methodName\", \"<anonymous>\")\n                        if \"className\" in frame:\n                            meth = f\"{frame['className']}.{meth}\"\n                        msg = \"    at %s (%s)\"\n                        msg = msg % (meth, file)\n                        stacktrace.append(msg)\n                except TypeError:\n                    pass\n        if exception_class == UnexpectedAlertPresentException:\n            alert_text = None\n            if \"data\" in value:\n                alert_text = value[\"data\"].get(\"text\")\n            elif \"alert\" in value:\n                alert_text = value[\"alert\"].get(\"text\")\n            raise exception_class(message, screen, stacktrace, alert_text)  # type: ignore[call-arg]  # mypy is not smart enough here\n>       raise exception_class(message, screen, stacktrace)\nE       selenium.common.exceptions.NoSuchElementException: Message: no such element: Unable to locate element: {\"method\":\"xpath\",\"selector\":\"(//a[@class='add-to-cart yellow-btn'])[1]\"}\nE         (Session info: chrome-headless-shell=120.0.6099.109); For documentation on this error, please visit: https://www.selenium.dev/documentation/webdriver/troubleshooting/errors#no-such-element-exception\nE       Stacktrace:\nE       #0 0x55f552f49f83 <unknown>\nE       #1 0x55f552c02cf7 <unknown>\nE       #2 0x55f552c5299e <unknown>\nE       #3 0x55f552c52aa1 <unknown>\nE       #4 0x55f552c9dd64 <unknown>\nE       #5 0x55f552c7c0dd <unknown>\nE       #6 0x55f552c9b006 <unknown>\nE       #7 0x55f552c7be53 <unknown>\nE       #8 0x55f552c43dd4 <unknown>\nE       #9 0x55f552c451de <unknown>\nE       #10 0x55f552f0e531 <unknown>\nE       #11 0x55f552f12455 <unknown>\nE       #12 0x55f552efaf55 <unknown>\nE       #13 0x55f552f130ef <unknown>\nE       #14 0x55f552ede99f <unknown>\nE       #15 0x55f552f37008 <unknown>\nE       #16 0x55f552f371d7 <unknown>\nE       #17 0x55f552f49124 <unknown>\nE       #18 0x7f93be2f4044 <unknown>\n\n/usr/local/lib/python3.11/site-packages/selenium/webdriver/remote/errorhandler.py:229: NoSuchElementException","steps":[{"name":"Добавляем товар в корзину в количестве 66","time":{"start":1704934628510,"stop":1704934628522,"duration":12},"status":"broken","statusMessage":"selenium.common.exceptions.NoSuchElementException: Message: no such element: Unable to locate element: {\"method\":\"xpath\",\"selector\":\"(//a[@class='add-to-cart yellow-btn'])[1]\"}\n  (Session info: chrome-headless-shell=120.0.6099.109); For documentation on this error, please visit: https://www.selenium.dev/documentation/webdriver/troubleshooting/errors#no-such-element-exception\nStacktrace:\n#0 0x55f552f49f83 <unknown>\n#1 0x55f552c02cf7 <unknown>\n#2 0x55f552c5299e <unknown>\n#3 0x55f552c52aa1 <unknown>\n#4 0x55f552c9dd64 <unknown>\n#5 0x55f552c7c0dd <unknown>\n#6 0x55f552c9b006 <unknown>\n#7 0x55f552c7be53 <unknown>\n#8 0x55f552c43dd4 <unknown>\n#9 0x55f552c451de <unknown>\n#10 0x55f552f0e531 <unknown>\n#11 0x55f552f12455 <unknown>\n#12 0x55f552efaf55 <unknown>\n#13 0x55f552f130ef <unknown>\n#14 0x55f552ede99f <unknown>\n#15 0x55f552f37008 <unknown>\n#16 0x55f552f371d7 <unknown>\n#17 0x55f552f49124 <unknown>\n#18 0x7f93be2f4044 <unknown>\n\n","statusTrace":"  File \"/usr/local/lib/python3.11/site-packages/allure_commons/_allure.py\", line 192, in impl\n    return func(*a, **kw)\n           ^^^^^^^^^^^^^^\n  File \"/app/pages/item_page.py\", line 40, in add_item_to_cart\n    self.find_element(self._add_item).click()\n    ^^^^^^^^^^^^^^^^^^^^^^^^^^^^^^^^^\n  File \"/app/base/seleniumbase.py\", line 17, in find_element\n    return self.driver.find_element(*locator)\n           ^^^^^^^^^^^^^^^^^^^^^^^^^^^^^^^^^^\n  File \"/usr/local/lib/python3.11/site-packages/selenium/webdriver/remote/webdriver.py\", line 739, in find_element\n    return self.execute(Command.FIND_ELEMENT, {\"using\": by, \"value\": value})[\"value\"]\n           ^^^^^^^^^^^^^^^^^^^^^^^^^^^^^^^^^^^^^^^^^^^^^^^^^^^^^^^^^^^^^^^^^\n  File \"/usr/local/lib/python3.11/site-packages/selenium/webdriver/remote/webdriver.py\", line 345, in execute\n    self.error_handler.check_response(response)\n  File \"/usr/local/lib/python3.11/site-packages/selenium/webdriver/remote/errorhandler.py\", line 229, in check_response\n    raise exception_class(message, screen, stacktrace)\n","steps":[],"attachments":[],"parameters":[{"name":"amount","value":"66"}],"shouldDisplayMessage":true,"stepsCount":0,"attachmentsCount":0,"hasContent":true,"attachmentStep":false}],"attachments":[{"uid":"d9bdfb6b438b571","name":"Screenshot","source":"d9bdfb6b438b571.png","type":"image/png","size":5862},{"uid":"9902072101adab6","name":"HTML source","source":"9902072101adab6.html","type":"text/html","size":39}],"parameters":[],"shouldDisplayMessage":true,"stepsCount":1,"attachmentsCount":2,"hasContent":true,"attachmentStep":false},"afterStages":[{"name":"driver::0","time":{"start":1704934628631,"stop":1704934628688,"duration":57},"status":"passed","steps":[],"attachments":[],"parameters":[],"shouldDisplayMessage":false,"stepsCount":0,"attachmentsCount":0,"hasContent":false,"attachmentStep":false},{"name":"setup::0","time":{"start":1704934628631,"stop":1704934628631,"duration":0},"status":"passed","steps":[],"attachments":[],"parameters":[],"shouldDisplayMessage":false,"stepsCount":0,"attachmentsCount":0,"hasContent":false,"attachmentStep":false}],"labels":[{"name":"epic","value":"Delivery Page - calculation"},{"name":"tag","value":"smoke_test"},{"name":"tag","value":"@pytest.mark.xfail"},{"name":"parentSuite","value":"tests.delivery"},{"name":"suite","value":"test_delivery_calculation"},{"name":"subSuite","value":"TestDeliveryPageCalculation"},{"name":"host","value":"120f3566db28"},{"name":"thread","value":"1-MainThread"},{"name":"framework","value":"pytest"},{"name":"language","value":"cpython3"},{"name":"package","value":"tests.delivery.test_delivery_calculation"},{"name":"resultFormat","value":"allure2"}],"parameters":[{"name":"all_time","value":"3650"},{"name":"amount","value":"66"},{"name":"case_id","value":"'TD 020'"},{"name":"in_time","value":"2990"},{"name":"link_item","value":"'products/shtukaturka-gipsovaya-aksolit-m50-30-kg-mashinnogo-naneseniya'"},{"name":"standard","value":"1500"},{"name":"url","value":"'https://sandboxtest.stroyrem-nn.ru/'"},{"name":"weight","value":"2000"}],"links":[],"hidden":false,"retry":false,"extra":{"severity":"normal","retries":[],"categories":[],"history":{"statistic":{"failed":0,"broken":13,"skipped":122,"passed":0,"unknown":0,"total":135},"items":[{"uid":"bc44819c87051bbf","reportUrl":"https://Nat754.github.io/StroyremAutomation/182//#testresult/bc44819c87051bbf","status":"skipped","statusDetails":"XFAIL\n\nselenium.common.exceptions.NoSuchElementException: Message: no such element: Unable to locate element: {\"method\":\"xpath\",\"selector\":\"(//a[@class='add-to-cart yellow-btn'])[1]\"}\n  (Session info: chrome-headless-shell=120.0.6099.109); For documentation on this error, please visit: https://www.selenium.dev/documentation/webdriver/troubleshooting/errors#no-such-element-exception\nStacktrace:\n#0 0x563be7fc6f83 <unknown>\n#1 0x563be7c7fcf7 <unknown>\n#2 0x563be7ccf99e <unknown>\n#3 0x563be7ccfaa1 <unknown>\n#4 0x563be7d1ad64 <unknown>\n#5 0x563be7cf90dd <unknown>\n#6 0x563be7d18006 <unknown>\n#7 0x563be7cf8e53 <unknown>\n#8 0x563be7cc0dd4 <unknown>\n#9 0x563be7cc21de <unknown>\n#10 0x563be7f8b531 <unknown>\n#11 0x563be7f8f455 <unknown>\n#12 0x563be7f77f55 <unknown>\n#13 0x563be7f900ef <unknown>\n#14 0x563be7f5b99f <unknown>\n#15 0x563be7fb4008 <unknown>\n#16 0x563be7fb41d7 <unknown>\n#17 0x563be7fc6124 <unknown>\n#18 0x7fd48083c044 <unknown>","time":{"start":1704848235275,"stop":1704848235796,"duration":521}},{"uid":"b8e3d4b5366ef878","reportUrl":"https://Nat754.github.io/StroyremAutomation/181//#testresult/b8e3d4b5366ef878","status":"skipped","statusDetails":"XFAIL\n\nselenium.common.exceptions.NoSuchElementException: Message: no such element: Unable to locate element: {\"method\":\"xpath\",\"selector\":\"(//a[@class='add-to-cart yellow-btn'])[1]\"}\n  (Session info: chrome-headless-shell=120.0.6099.109); For documentation on this error, please visit: https://www.selenium.dev/documentation/webdriver/troubleshooting/errors#no-such-element-exception\nStacktrace:\n#0 0x5652f485df83 <unknown>\n#1 0x5652f4516cf7 <unknown>\n#2 0x5652f456699e <unknown>\n#3 0x5652f4566aa1 <unknown>\n#4 0x5652f45b1d64 <unknown>\n#5 0x5652f45900dd <unknown>\n#6 0x5652f45af006 <unknown>\n#7 0x5652f458fe53 <unknown>\n#8 0x5652f4557dd4 <unknown>\n#9 0x5652f45591de <unknown>\n#10 0x5652f4822531 <unknown>\n#11 0x5652f4826455 <unknown>\n#12 0x5652f480ef55 <unknown>\n#13 0x5652f48270ef <unknown>\n#14 0x5652f47f299f <unknown>\n#15 0x5652f484b008 <unknown>\n#16 0x5652f484b1d7 <unknown>\n#17 0x5652f485d124 <unknown>\n#18 0x7fe64a1d6044 <unknown>","time":{"start":1704761774336,"stop":1704761774629,"duration":293}},{"uid":"182365508d36eeb2","reportUrl":"https://Nat754.github.io/StroyremAutomation/180//#testresult/182365508d36eeb2","status":"skipped","statusDetails":"XFAIL\n\nselenium.common.exceptions.NoSuchElementException: Message: no such element: Unable to locate element: {\"method\":\"xpath\",\"selector\":\"(//a[@class='add-to-cart yellow-btn'])[1]\"}\n  (Session info: chrome-headless-shell=120.0.6099.109); For documentation on this error, please visit: https://www.selenium.dev/documentation/webdriver/troubleshooting/errors#no-such-element-exception\nStacktrace:\n#0 0x55650678bf83 <unknown>\n#1 0x556506444cf7 <unknown>\n#2 0x55650649499e <unknown>\n#3 0x556506494aa1 <unknown>\n#4 0x5565064dfd64 <unknown>\n#5 0x5565064be0dd <unknown>\n#6 0x5565064dd006 <unknown>\n#7 0x5565064bde53 <unknown>\n#8 0x556506485dd4 <unknown>\n#9 0x5565064871de <unknown>\n#10 0x556506750531 <unknown>\n#11 0x556506754455 <unknown>\n#12 0x55650673cf55 <unknown>\n#13 0x5565067550ef <unknown>\n#14 0x55650672099f <unknown>\n#15 0x556506779008 <unknown>\n#16 0x5565067791d7 <unknown>\n#17 0x55650678b124 <unknown>\n#18 0x7f07dd447044 <unknown>","time":{"start":1704675391965,"stop":1704675392324,"duration":359}},{"uid":"108c326396e0d1c9","reportUrl":"https://Nat754.github.io/StroyremAutomation/179//#testresult/108c326396e0d1c9","status":"skipped","statusDetails":"XFAIL\n\nselenium.common.exceptions.NoSuchElementException: Message: no such element: Unable to locate element: {\"method\":\"xpath\",\"selector\":\"(//a[@class='add-to-cart yellow-btn'])[1]\"}\n  (Session info: chrome-headless-shell=120.0.6099.109); For documentation on this error, please visit: https://www.selenium.dev/documentation/webdriver/troubleshooting/errors#no-such-element-exception\nStacktrace:\n#0 0x55f7ccf3af83 <unknown>\n#1 0x55f7ccbf3cf7 <unknown>\n#2 0x55f7ccc4399e <unknown>\n#3 0x55f7ccc43aa1 <unknown>\n#4 0x55f7ccc8ed64 <unknown>\n#5 0x55f7ccc6d0dd <unknown>\n#6 0x55f7ccc8c006 <unknown>\n#7 0x55f7ccc6ce53 <unknown>\n#8 0x55f7ccc34dd4 <unknown>\n#9 0x55f7ccc361de <unknown>\n#10 0x55f7cceff531 <unknown>\n#11 0x55f7ccf03455 <unknown>\n#12 0x55f7cceebf55 <unknown>\n#13 0x55f7ccf040ef <unknown>\n#14 0x55f7ccecf99f <unknown>\n#15 0x55f7ccf28008 <unknown>\n#16 0x55f7ccf281d7 <unknown>\n#17 0x55f7ccf3a124 <unknown>\n#18 0x7f6b0ebb3044 <unknown>","time":{"start":1704589228992,"stop":1704589229629,"duration":637}},{"uid":"2936ec07dce08cff","reportUrl":"https://Nat754.github.io/StroyremAutomation/178//#testresult/2936ec07dce08cff","status":"skipped","statusDetails":"XFAIL\n\nselenium.common.exceptions.NoSuchElementException: Message: no such element: Unable to locate element: {\"method\":\"xpath\",\"selector\":\"(//a[@class='add-to-cart yellow-btn'])[1]\"}\n  (Session info: chrome-headless-shell=120.0.6099.109); For documentation on this error, please visit: https://www.selenium.dev/documentation/webdriver/troubleshooting/errors#no-such-element-exception\nStacktrace:\n#0 0x55fb7dcf2f83 <unknown>\n#1 0x55fb7d9abcf7 <unknown>\n#2 0x55fb7d9fb99e <unknown>\n#3 0x55fb7d9fbaa1 <unknown>\n#4 0x55fb7da46d64 <unknown>\n#5 0x55fb7da250dd <unknown>\n#6 0x55fb7da44006 <unknown>\n#7 0x55fb7da24e53 <unknown>\n#8 0x55fb7d9ecdd4 <unknown>\n#9 0x55fb7d9ee1de <unknown>\n#10 0x55fb7dcb7531 <unknown>\n#11 0x55fb7dcbb455 <unknown>\n#12 0x55fb7dca3f55 <unknown>\n#13 0x55fb7dcbc0ef <unknown>\n#14 0x55fb7dc8799f <unknown>\n#15 0x55fb7dce0008 <unknown>\n#16 0x55fb7dce01d7 <unknown>\n#17 0x55fb7dcf2124 <unknown>\n#18 0x7f9317535044 <unknown>","time":{"start":1704502491170,"stop":1704502491790,"duration":620}},{"uid":"1667ce8b5681bd9","reportUrl":"https://Nat754.github.io/StroyremAutomation/177//#testresult/1667ce8b5681bd9","status":"skipped","statusDetails":"XFAIL\n\nselenium.common.exceptions.NoSuchElementException: Message: no such element: Unable to locate element: {\"method\":\"xpath\",\"selector\":\"(//a[@class='add-to-cart yellow-btn'])[1]\"}\n  (Session info: chrome-headless-shell=120.0.6099.109); For documentation on this error, please visit: https://www.selenium.dev/documentation/webdriver/troubleshooting/errors#no-such-element-exception\nStacktrace:\n#0 0x55cca3240f83 <unknown>\n#1 0x55cca2ef9cf7 <unknown>\n#2 0x55cca2f4999e <unknown>\n#3 0x55cca2f49aa1 <unknown>\n#4 0x55cca2f94d64 <unknown>\n#5 0x55cca2f730dd <unknown>\n#6 0x55cca2f92006 <unknown>\n#7 0x55cca2f72e53 <unknown>\n#8 0x55cca2f3add4 <unknown>\n#9 0x55cca2f3c1de <unknown>\n#10 0x55cca3205531 <unknown>\n#11 0x55cca3209455 <unknown>\n#12 0x55cca31f1f55 <unknown>\n#13 0x55cca320a0ef <unknown>\n#14 0x55cca31d599f <unknown>\n#15 0x55cca322e008 <unknown>\n#16 0x55cca322e1d7 <unknown>\n#17 0x55cca3240124 <unknown>\n#18 0x7f57bfe98044 <unknown>","time":{"start":1704416122035,"stop":1704416122644,"duration":609}},{"uid":"947309f4e3b0abf8","reportUrl":"https://Nat754.github.io/StroyremAutomation/176//#testresult/947309f4e3b0abf8","status":"skipped","statusDetails":"XFAIL\n\nselenium.common.exceptions.NoSuchElementException: Message: no such element: Unable to locate element: {\"method\":\"xpath\",\"selector\":\"(//a[@class='add-to-cart yellow-btn'])[1]\"}\n  (Session info: chrome-headless-shell=120.0.6099.109); For documentation on this error, please visit: https://www.selenium.dev/documentation/webdriver/troubleshooting/errors#no-such-element-exception\nStacktrace:\n#0 0x557024293f83 <unknown>\n#1 0x557023f4ccf7 <unknown>\n#2 0x557023f9c99e <unknown>\n#3 0x557023f9caa1 <unknown>\n#4 0x557023fe7d64 <unknown>\n#5 0x557023fc60dd <unknown>\n#6 0x557023fe5006 <unknown>\n#7 0x557023fc5e53 <unknown>\n#8 0x557023f8ddd4 <unknown>\n#9 0x557023f8f1de <unknown>\n#10 0x557024258531 <unknown>\n#11 0x55702425c455 <unknown>\n#12 0x557024244f55 <unknown>\n#13 0x55702425d0ef <unknown>\n#14 0x55702422899f <unknown>\n#15 0x557024281008 <unknown>\n#16 0x5570242811d7 <unknown>\n#17 0x557024293124 <unknown>\n#18 0x7fd61285b044 <unknown>","time":{"start":1704329695406,"stop":1704329696008,"duration":602}},{"uid":"e24b904dd4a856dc","reportUrl":"https://Nat754.github.io/StroyremAutomation/175//#testresult/e24b904dd4a856dc","status":"skipped","statusDetails":"XFAIL\n\nselenium.common.exceptions.NoSuchElementException: Message: no such element: Unable to locate element: {\"method\":\"xpath\",\"selector\":\"(//a[@class='add-to-cart yellow-btn'])[1]\"}\n  (Session info: chrome-headless-shell=120.0.6099.109); For documentation on this error, please visit: https://www.selenium.dev/documentation/webdriver/troubleshooting/errors#no-such-element-exception\nStacktrace:\n#0 0x562bb7fa2f83 <unknown>\n#1 0x562bb7c5bcf7 <unknown>\n#2 0x562bb7cab99e <unknown>\n#3 0x562bb7cabaa1 <unknown>\n#4 0x562bb7cf6d64 <unknown>\n#5 0x562bb7cd50dd <unknown>\n#6 0x562bb7cf4006 <unknown>\n#7 0x562bb7cd4e53 <unknown>\n#8 0x562bb7c9cdd4 <unknown>\n#9 0x562bb7c9e1de <unknown>\n#10 0x562bb7f67531 <unknown>\n#11 0x562bb7f6b455 <unknown>\n#12 0x562bb7f53f55 <unknown>\n#13 0x562bb7f6c0ef <unknown>\n#14 0x562bb7f3799f <unknown>\n#15 0x562bb7f90008 <unknown>\n#16 0x562bb7f901d7 <unknown>\n#17 0x562bb7fa2124 <unknown>\n#18 0x7f06c694a044 <unknown>","time":{"start":1704243319794,"stop":1704243320138,"duration":344}},{"uid":"f9a6dc573169693b","reportUrl":"https://Nat754.github.io/StroyremAutomation/174//#testresult/f9a6dc573169693b","status":"skipped","statusDetails":"XFAIL\n\nselenium.common.exceptions.NoSuchElementException: Message: no such element: Unable to locate element: {\"method\":\"xpath\",\"selector\":\"(//a[@class='add-to-cart yellow-btn'])[1]\"}\n  (Session info: chrome-headless-shell=120.0.6099.109); For documentation on this error, please visit: https://www.selenium.dev/documentation/webdriver/troubleshooting/errors#no-such-element-exception\nStacktrace:\n#0 0x55d2e5deaf83 <unknown>\n#1 0x55d2e5aa3cf7 <unknown>\n#2 0x55d2e5af399e <unknown>\n#3 0x55d2e5af3aa1 <unknown>\n#4 0x55d2e5b3ed64 <unknown>\n#5 0x55d2e5b1d0dd <unknown>\n#6 0x55d2e5b3c006 <unknown>\n#7 0x55d2e5b1ce53 <unknown>\n#8 0x55d2e5ae4dd4 <unknown>\n#9 0x55d2e5ae61de <unknown>\n#10 0x55d2e5daf531 <unknown>\n#11 0x55d2e5db3455 <unknown>\n#12 0x55d2e5d9bf55 <unknown>\n#13 0x55d2e5db40ef <unknown>\n#14 0x55d2e5d7f99f <unknown>\n#15 0x55d2e5dd8008 <unknown>\n#16 0x55d2e5dd81d7 <unknown>\n#17 0x55d2e5dea124 <unknown>\n#18 0x7f4dc4e28044 <unknown>","time":{"start":1704156807703,"stop":1704156808262,"duration":559}},{"uid":"cee72fa050e182e5","reportUrl":"https://Nat754.github.io/StroyremAutomation/173//#testresult/cee72fa050e182e5","status":"skipped","statusDetails":"XFAIL\n\nselenium.common.exceptions.NoSuchElementException: Message: no such element: Unable to locate element: {\"method\":\"xpath\",\"selector\":\"(//a[@class='add-to-cart yellow-btn'])[1]\"}\n  (Session info: chrome-headless-shell=120.0.6099.109); For documentation on this error, please visit: https://www.selenium.dev/documentation/webdriver/troubleshooting/errors#no-such-element-exception\nStacktrace:\n#0 0x55ac7fdf1f83 <unknown>\n#1 0x55ac7faaacf7 <unknown>\n#2 0x55ac7fafa99e <unknown>\n#3 0x55ac7fafaaa1 <unknown>\n#4 0x55ac7fb45d64 <unknown>\n#5 0x55ac7fb240dd <unknown>\n#6 0x55ac7fb43006 <unknown>\n#7 0x55ac7fb23e53 <unknown>\n#8 0x55ac7faebdd4 <unknown>\n#9 0x55ac7faed1de <unknown>\n#10 0x55ac7fdb6531 <unknown>\n#11 0x55ac7fdba455 <unknown>\n#12 0x55ac7fda2f55 <unknown>\n#13 0x55ac7fdbb0ef <unknown>\n#14 0x55ac7fd8699f <unknown>\n#15 0x55ac7fddf008 <unknown>\n#16 0x55ac7fddf1d7 <unknown>\n#17 0x55ac7fdf1124 <unknown>\n#18 0x7f8ac78a7044 <unknown>","time":{"start":1704070761278,"stop":1704070761752,"duration":474}},{"uid":"9af475bd198a816e","reportUrl":"https://Nat754.github.io/StroyremAutomation/172//#testresult/9af475bd198a816e","status":"skipped","statusDetails":"XFAIL\n\nselenium.common.exceptions.NoSuchElementException: Message: no such element: Unable to locate element: {\"method\":\"xpath\",\"selector\":\"(//a[@class='add-to-cart yellow-btn'])[1]\"}\n  (Session info: chrome-headless-shell=120.0.6099.109); For documentation on this error, please visit: https://www.selenium.dev/documentation/webdriver/troubleshooting/errors#no-such-element-exception\nStacktrace:\n#0 0x56333ab28f83 <unknown>\n#1 0x56333a7e1cf7 <unknown>\n#2 0x56333a83199e <unknown>\n#3 0x56333a831aa1 <unknown>\n#4 0x56333a87cd64 <unknown>\n#5 0x56333a85b0dd <unknown>\n#6 0x56333a87a006 <unknown>\n#7 0x56333a85ae53 <unknown>\n#8 0x56333a822dd4 <unknown>\n#9 0x56333a8241de <unknown>\n#10 0x56333aaed531 <unknown>\n#11 0x56333aaf1455 <unknown>\n#12 0x56333aad9f55 <unknown>\n#13 0x56333aaf20ef <unknown>\n#14 0x56333aabd99f <unknown>\n#15 0x56333ab16008 <unknown>\n#16 0x56333ab161d7 <unknown>\n#17 0x56333ab28124 <unknown>\n#18 0x7f85fef86044 <unknown>","time":{"start":1703984273055,"stop":1703984273380,"duration":325}},{"uid":"c46b7fd1eb5170a3","reportUrl":"https://Nat754.github.io/StroyremAutomation/171//#testresult/c46b7fd1eb5170a3","status":"skipped","statusDetails":"XFAIL\n\nselenium.common.exceptions.NoSuchElementException: Message: no such element: Unable to locate element: {\"method\":\"xpath\",\"selector\":\"(//a[@class='add-to-cart yellow-btn'])[1]\"}\n  (Session info: chrome-headless-shell=120.0.6099.109); For documentation on this error, please visit: https://www.selenium.dev/documentation/webdriver/troubleshooting/errors#no-such-element-exception\nStacktrace:\n#0 0x5583113caf83 <unknown>\n#1 0x558311083cf7 <unknown>\n#2 0x5583110d399e <unknown>\n#3 0x5583110d3aa1 <unknown>\n#4 0x55831111ed64 <unknown>\n#5 0x5583110fd0dd <unknown>\n#6 0x55831111c006 <unknown>\n#7 0x5583110fce53 <unknown>\n#8 0x5583110c4dd4 <unknown>\n#9 0x5583110c61de <unknown>\n#10 0x55831138f531 <unknown>\n#11 0x558311393455 <unknown>\n#12 0x55831137bf55 <unknown>\n#13 0x5583113940ef <unknown>\n#14 0x55831135f99f <unknown>\n#15 0x5583113b8008 <unknown>\n#16 0x5583113b81d7 <unknown>\n#17 0x5583113ca124 <unknown>\n#18 0x7fd499f4e044 <unknown>","time":{"start":1703897554753,"stop":1703897555202,"duration":449}},{"uid":"68fc9e6802180839","reportUrl":"https://Nat754.github.io/StroyremAutomation/170//#testresult/68fc9e6802180839","status":"skipped","statusDetails":"XFAIL\n\nselenium.common.exceptions.NoSuchElementException: Message: no such element: Unable to locate element: {\"method\":\"xpath\",\"selector\":\"(//a[@class='add-to-cart yellow-btn'])[1]\"}\n  (Session info: chrome-headless-shell=120.0.6099.109); For documentation on this error, please visit: https://www.selenium.dev/documentation/webdriver/troubleshooting/errors#no-such-element-exception\nStacktrace:\n#0 0x55973ba33f83 <unknown>\n#1 0x55973b6eccf7 <unknown>\n#2 0x55973b73c99e <unknown>\n#3 0x55973b73caa1 <unknown>\n#4 0x55973b787d64 <unknown>\n#5 0x55973b7660dd <unknown>\n#6 0x55973b785006 <unknown>\n#7 0x55973b765e53 <unknown>\n#8 0x55973b72ddd4 <unknown>\n#9 0x55973b72f1de <unknown>\n#10 0x55973b9f8531 <unknown>\n#11 0x55973b9fc455 <unknown>\n#12 0x55973b9e4f55 <unknown>\n#13 0x55973b9fd0ef <unknown>\n#14 0x55973b9c899f <unknown>\n#15 0x55973ba21008 <unknown>\n#16 0x55973ba211d7 <unknown>\n#17 0x55973ba33124 <unknown>\n#18 0x7fdbb8fd6044 <unknown>","time":{"start":1703810732600,"stop":1703810733034,"duration":434}},{"uid":"2d1cd7c693bf6a5","reportUrl":"https://Nat754.github.io/StroyremAutomation/169//#testresult/2d1cd7c693bf6a5","status":"skipped","statusDetails":"XFAIL\n\nselenium.common.exceptions.NoSuchElementException: Message: no such element: Unable to locate element: {\"method\":\"xpath\",\"selector\":\"(//a[@class='add-to-cart yellow-btn'])[1]\"}\n  (Session info: chrome-headless-shell=120.0.6099.109); For documentation on this error, please visit: https://www.selenium.dev/documentation/webdriver/troubleshooting/errors#no-such-element-exception\nStacktrace:\n#0 0x55a687b60f83 <unknown>\n#1 0x55a687819cf7 <unknown>\n#2 0x55a68786999e <unknown>\n#3 0x55a687869aa1 <unknown>\n#4 0x55a6878b4d64 <unknown>\n#5 0x55a6878930dd <unknown>\n#6 0x55a6878b2006 <unknown>\n#7 0x55a687892e53 <unknown>\n#8 0x55a68785add4 <unknown>\n#9 0x55a68785c1de <unknown>\n#10 0x55a687b25531 <unknown>\n#11 0x55a687b29455 <unknown>\n#12 0x55a687b11f55 <unknown>\n#13 0x55a687b2a0ef <unknown>\n#14 0x55a687af599f <unknown>\n#15 0x55a687b4e008 <unknown>\n#16 0x55a687b4e1d7 <unknown>\n#17 0x55a687b60124 <unknown>\n#18 0x7f8b383a4044 <unknown>","time":{"start":1703724798353,"stop":1703724798692,"duration":339}},{"uid":"220c8cd086f0f049","reportUrl":"https://Nat754.github.io/StroyremAutomation/168//#testresult/220c8cd086f0f049","status":"skipped","statusDetails":"XFAIL\n\nselenium.common.exceptions.NoSuchElementException: Message: no such element: Unable to locate element: {\"method\":\"xpath\",\"selector\":\"(//a[@class='add-to-cart yellow-btn'])[1]\"}\n  (Session info: chrome-headless-shell=120.0.6099.109); For documentation on this error, please visit: https://www.selenium.dev/documentation/webdriver/troubleshooting/errors#no-such-element-exception\nStacktrace:\n#0 0x55913eaddf83 <unknown>\n#1 0x55913e796cf7 <unknown>\n#2 0x55913e7e699e <unknown>\n#3 0x55913e7e6aa1 <unknown>\n#4 0x55913e831d64 <unknown>\n#5 0x55913e8100dd <unknown>\n#6 0x55913e82f006 <unknown>\n#7 0x55913e80fe53 <unknown>\n#8 0x55913e7d7dd4 <unknown>\n#9 0x55913e7d91de <unknown>\n#10 0x55913eaa2531 <unknown>\n#11 0x55913eaa6455 <unknown>\n#12 0x55913ea8ef55 <unknown>\n#13 0x55913eaa70ef <unknown>\n#14 0x55913ea7299f <unknown>\n#15 0x55913eacb008 <unknown>\n#16 0x55913eacb1d7 <unknown>\n#17 0x55913eadd124 <unknown>\n#18 0x7fd058a0d044 <unknown>","time":{"start":1703638434765,"stop":1703638435215,"duration":450}},{"uid":"cb6b4050d0c95ed1","reportUrl":"https://Nat754.github.io/StroyremAutomation/167//#testresult/cb6b4050d0c95ed1","status":"skipped","statusDetails":"XFAIL\n\nselenium.common.exceptions.NoSuchElementException: Message: no such element: Unable to locate element: {\"method\":\"xpath\",\"selector\":\"(//a[@class='add-to-cart yellow-btn'])[1]\"}\n  (Session info: chrome-headless-shell=120.0.6099.109); For documentation on this error, please visit: https://www.selenium.dev/documentation/webdriver/troubleshooting/errors#no-such-element-exception\nStacktrace:\n#0 0x55cfa8584f83 <unknown>\n#1 0x55cfa823dcf7 <unknown>\n#2 0x55cfa828d99e <unknown>\n#3 0x55cfa828daa1 <unknown>\n#4 0x55cfa82d8d64 <unknown>\n#5 0x55cfa82b70dd <unknown>\n#6 0x55cfa82d6006 <unknown>\n#7 0x55cfa82b6e53 <unknown>\n#8 0x55cfa827edd4 <unknown>\n#9 0x55cfa82801de <unknown>\n#10 0x55cfa8549531 <unknown>\n#11 0x55cfa854d455 <unknown>\n#12 0x55cfa8535f55 <unknown>\n#13 0x55cfa854e0ef <unknown>\n#14 0x55cfa851999f <unknown>\n#15 0x55cfa8572008 <unknown>\n#16 0x55cfa85721d7 <unknown>\n#17 0x55cfa8584124 <unknown>\n#18 0x7fe5000cf044 <unknown>","time":{"start":1703551975124,"stop":1703551975616,"duration":492}},{"uid":"9a30f71e01aae1aa","reportUrl":"https://Nat754.github.io/StroyremAutomation/166//#testresult/9a30f71e01aae1aa","status":"skipped","statusDetails":"XFAIL\n\nselenium.common.exceptions.NoSuchElementException: Message: no such element: Unable to locate element: {\"method\":\"xpath\",\"selector\":\"(//a[@class='add-to-cart yellow-btn'])[1]\"}\n  (Session info: chrome-headless-shell=120.0.6099.109); For documentation on this error, please visit: https://www.selenium.dev/documentation/webdriver/troubleshooting/errors#no-such-element-exception\nStacktrace:\n#0 0x559700478f83 <unknown>\n#1 0x559700131cf7 <unknown>\n#2 0x55970018199e <unknown>\n#3 0x559700181aa1 <unknown>\n#4 0x5597001ccd64 <unknown>\n#5 0x5597001ab0dd <unknown>\n#6 0x5597001ca006 <unknown>\n#7 0x5597001aae53 <unknown>\n#8 0x559700172dd4 <unknown>\n#9 0x5597001741de <unknown>\n#10 0x55970043d531 <unknown>\n#11 0x559700441455 <unknown>\n#12 0x559700429f55 <unknown>\n#13 0x5597004420ef <unknown>\n#14 0x55970040d99f <unknown>\n#15 0x559700466008 <unknown>\n#16 0x5597004661d7 <unknown>\n#17 0x559700478124 <unknown>\n#18 0x7f169bfa5044 <unknown>","time":{"start":1703465801726,"stop":1703465802363,"duration":637}},{"uid":"96957a0a7c3012f5","reportUrl":"https://Nat754.github.io/StroyremAutomation/165//#testresult/96957a0a7c3012f5","status":"skipped","statusDetails":"XFAIL\n\nselenium.common.exceptions.NoSuchElementException: Message: no such element: Unable to locate element: {\"method\":\"xpath\",\"selector\":\"(//a[@class='add-to-cart yellow-btn'])[1]\"}\n  (Session info: chrome-headless-shell=120.0.6099.109); For documentation on this error, please visit: https://www.selenium.dev/documentation/webdriver/troubleshooting/errors#no-such-element-exception\nStacktrace:\n#0 0x5628812b4f83 <unknown>\n#1 0x562880f6dcf7 <unknown>\n#2 0x562880fbd99e <unknown>\n#3 0x562880fbdaa1 <unknown>\n#4 0x562881008d64 <unknown>\n#5 0x562880fe70dd <unknown>\n#6 0x562881006006 <unknown>\n#7 0x562880fe6e53 <unknown>\n#8 0x562880faedd4 <unknown>\n#9 0x562880fb01de <unknown>\n#10 0x562881279531 <unknown>\n#11 0x56288127d455 <unknown>\n#12 0x562881265f55 <unknown>\n#13 0x56288127e0ef <unknown>\n#14 0x56288124999f <unknown>\n#15 0x5628812a2008 <unknown>\n#16 0x5628812a21d7 <unknown>\n#17 0x5628812b4124 <unknown>\n#18 0x7ff9ef642044 <unknown>","time":{"start":1703379537852,"stop":1703379538499,"duration":647}},{"uid":"49ae9b18281fc26b","reportUrl":"https://Nat754.github.io/StroyremAutomation/164//#testresult/49ae9b18281fc26b","status":"skipped","statusDetails":"XFAIL\n\nselenium.common.exceptions.NoSuchElementException: Message: no such element: Unable to locate element: {\"method\":\"xpath\",\"selector\":\"(//a[@class='add-to-cart yellow-btn'])[1]\"}\n  (Session info: chrome-headless-shell=120.0.6099.109); For documentation on this error, please visit: https://www.selenium.dev/documentation/webdriver/troubleshooting/errors#no-such-element-exception\nStacktrace:\n#0 0x556299613f83 <unknown>\n#1 0x5562992cccf7 <unknown>\n#2 0x55629931c99e <unknown>\n#3 0x55629931caa1 <unknown>\n#4 0x556299367d64 <unknown>\n#5 0x5562993460dd <unknown>\n#6 0x556299365006 <unknown>\n#7 0x556299345e53 <unknown>\n#8 0x55629930ddd4 <unknown>\n#9 0x55629930f1de <unknown>\n#10 0x5562995d8531 <unknown>\n#11 0x5562995dc455 <unknown>\n#12 0x5562995c4f55 <unknown>\n#13 0x5562995dd0ef <unknown>\n#14 0x5562995a899f <unknown>\n#15 0x556299601008 <unknown>\n#16 0x5562996011d7 <unknown>\n#17 0x556299613124 <unknown>\n#18 0x7ffbdb672044 <unknown>","time":{"start":1703292741697,"stop":1703292742106,"duration":409}},{"uid":"24af6d2a55dff88d","reportUrl":"https://Nat754.github.io/StroyremAutomation/163//#testresult/24af6d2a55dff88d","status":"skipped","statusDetails":"XFAIL\n\nselenium.common.exceptions.NoSuchElementException: Message: no such element: Unable to locate element: {\"method\":\"xpath\",\"selector\":\"(//a[@class='add-to-cart yellow-btn'])[1]\"}\n  (Session info: chrome-headless-shell=120.0.6099.109); For documentation on this error, please visit: https://www.selenium.dev/documentation/webdriver/troubleshooting/errors#no-such-element-exception\nStacktrace:\n#0 0x556bbdae8f83 <unknown>\n#1 0x556bbd7a1cf7 <unknown>\n#2 0x556bbd7f199e <unknown>\n#3 0x556bbd7f1aa1 <unknown>\n#4 0x556bbd83cd64 <unknown>\n#5 0x556bbd81b0dd <unknown>\n#6 0x556bbd83a006 <unknown>\n#7 0x556bbd81ae53 <unknown>\n#8 0x556bbd7e2dd4 <unknown>\n#9 0x556bbd7e41de <unknown>\n#10 0x556bbdaad531 <unknown>\n#11 0x556bbdab1455 <unknown>\n#12 0x556bbda99f55 <unknown>\n#13 0x556bbdab20ef <unknown>\n#14 0x556bbda7d99f <unknown>\n#15 0x556bbdad6008 <unknown>\n#16 0x556bbdad61d7 <unknown>\n#17 0x556bbdae8124 <unknown>\n#18 0x7f5c67b56044 <unknown>","time":{"start":1703206472419,"stop":1703206472768,"duration":349}}]},"tags":["@pytest.mark.xfail","smoke_test"]},"source":"79771a0ce77e6731.json","parameterValues":["3650","66","'TD 020'","2990","'products/shtukaturka-gipsovaya-aksolit-m50-30-kg-mashinnogo-naneseniya'","1500","'https://sandboxtest.stroyrem-nn.ru/'","2000"]}