{"uid":"a3d9002520c65a7a","name":"TD 019 Доставка товара весом до 1700кг. в синей зоне","fullName":"tests.delivery.test_delivery_calculation.TestDeliveryPageCalculation#test_positive_delivery_blue_zone_smoke","historyId":"7de17ed6f423399e8e6f079409b2bd41","time":{"start":1696985632820,"stop":1696985635431,"duration":2611},"status":"skipped","statusMessage":"XFAIL\n\nselenium.common.exceptions.NoSuchElementException: Message: no such element: Unable to locate element: {\"method\":\"xpath\",\"selector\":\"(//a[@class='add-to-cart yellow-btn'])[1]\"}\n  (Session info: headless chrome=118.0.5993.70); For documentation on this error, please visit: https://www.selenium.dev/documentation/webdriver/troubleshooting/errors#no-such-element-exception\nStacktrace:\n#0 0x55a2bd070fb3 <unknown>\n#1 0x55a2bcd444a7 <unknown>\n#2 0x55a2bcd8bdd6 <unknown>\n#3 0x55a2bcd8bec1 <unknown>\n#4 0x55a2bcdc9354 <unknown>\n#5 0x55a2bcdad96d <unknown>\n#6 0x55a2bcdc6c02 <unknown>\n#7 0x55a2bcdad713 <unknown>\n#8 0x55a2bcd8018b <unknown>\n#9 0x55a2bcd80f7e <unknown>\n#10 0x55a2bd0368d8 <unknown>\n#11 0x55a2bd03a800 <unknown>\n#12 0x55a2bd044cfc <unknown>\n#13 0x55a2bd03b418 <unknown>\n#14 0x55a2bd00842f <unknown>\n#15 0x55a2bd05f4e8 <unknown>\n#16 0x55a2bd05f6b4 <unknown>\n#17 0x55a2bd070143 <unknown>\n#18 0x7fbc28fbf044 <unknown>","statusTrace":"self = <tests.delivery.test_delivery_calculation.TestDeliveryPageCalculation object at 0x7fb817c045d0>\ndriver = <selenium.webdriver.chrome.webdriver.WebDriver (session=\"9a099a925ad693f0cce87461b1189a6d\")>\nurl = 'https://sandboxtest.stroyrem-nn.ru/', case_id = 'TD 019'\nlink_item = 'products/shtukaturka-gipsovaya-aksolit-m50-30-kg-mashinnogo-naneseniya'\namount = 25, weight = 1700, standard = 1150, in_time = 2490, all_time = 3320\n\n    @pytest.mark.parametrize('case_id, link_item, amount, weight, standard, in_time, all_time', [\n        (\"TD 015\", bundeks_25, 1, 30, 650, 2390, 3320),\n        pytest.param(\n            \"TD 016\", aksolit_30, 8, 300, 650, 2390, 3320,\n            marks=pytest.mark.xfail(reson=\"Цена доставки: - - -\")\n        ),\n        (\"TD 017\", aksolit_30, 13, 400, 650, 2390, 3320),\n        (\"TD 018\", aksolit_30, 16, 500, 850, 2490, 3320),\n        (\"TD 019\", aksolit_30, 25, 1700, 1150, 2490, 3320),\n        (\"TD 020\", aksolit_30, 66, 2000, 1500, 2990, 3650),\n        (\"TD 021\", aksolit_30, 149, 4500, 2600, 4380, 4890),\n        (\"TD 022\", aksolit_30, 166, 5000, 2800, 5490, 5980),\n        pytest.param(\n            \"TD 023\", aksolit_30, 206, 6200, 3300, 7500, 8000,\n            marks=pytest.mark.xfail(reson=\"Цена доставки: 4300 9900 11440\")\n        ),\n        (\"TD 024\", aksolit_30, 299, 9000, 4300, 9900, 11440),\n        (\"TD 025\", aksolit_30, 333, 10000, 7000, 13900, 15900),\n        pytest.param(\n            \"TD 026\", aksolit_30, 366, 11000, 8000, 14900, 19900,\n            marks=pytest.mark.xfail(reson=\"Цена доставки: 7000 13900 15900\")\n        ),\n        pytest.param(\n            \"TD 027\", aksolit_30, 666, 20000, 14000, 16900, 23900,\n            marks=pytest.mark.xfail(reson=\"Цена доставки: 7000 13900 15900\")\n        )\n    ])\n    @pytest.mark.xfail\n    @pytest.mark.smoke_test\n    def test_positive_delivery_blue_zone_smoke(\n            self, driver, url, case_id, link_item, amount, weight, standard, in_time, all_time\n    ):\n        allure.dynamic.title(f\"{case_id} Доставка товара весом до {weight}кг. в синей зоне\")\n    \n        driver.get(f'{url}{link_item}')\n        item_page = ItemPage(driver)\n>       item_page.add_item_to_cart(amount).click_on_cart()\n\ntests/delivery/test_delivery_calculation.py:132: \n_ _ _ _ _ _ _ _ _ _ _ _ _ _ _ _ _ _ _ _ _ _ _ _ _ _ _ _ _ _ _ _ _ _ _ _ _ _ _ _ \npages/item_page.py:40: in add_item_to_cart\n    self.find_element(self._add_item).click()\nbase/seleniumbase.py:17: in find_element\n    return self.driver.find_element(*locator)\n/usr/local/lib/python3.11/site-packages/selenium/webdriver/remote/webdriver.py:739: in find_element\n    return self.execute(Command.FIND_ELEMENT, {\"using\": by, \"value\": value})[\"value\"]\n/usr/local/lib/python3.11/site-packages/selenium/webdriver/remote/webdriver.py:345: in execute\n    self.error_handler.check_response(response)\n_ _ _ _ _ _ _ _ _ _ _ _ _ _ _ _ _ _ _ _ _ _ _ _ _ _ _ _ _ _ _ _ _ _ _ _ _ _ _ _ \n\nself = <selenium.webdriver.remote.errorhandler.ErrorHandler object at 0x7fb816abded0>\nresponse = {'status': 404, 'value': '{\"value\":{\"error\":\"no such element\",\"message\":\"no such element: Unable to locate element: {\\...\\\\n#16 0x55a2bd05f6b4 \\\\u003Cunknown>\\\\n#17 0x55a2bd070143 \\\\u003Cunknown>\\\\n#18 0x7fbc28fbf044 \\\\u003Cunknown>\\\\n\"}}'}\n\n    def check_response(self, response: Dict[str, Any]) -> None:\n        \"\"\"Checks that a JSON response from the WebDriver does not have an\n        error.\n    \n        :Args:\n         - response - The JSON response from the WebDriver server as a dictionary\n           object.\n    \n        :Raises: If the response contains an error message.\n        \"\"\"\n        status = response.get(\"status\", None)\n        if not status or status == ErrorCode.SUCCESS:\n            return\n        value = None\n        message = response.get(\"message\", \"\")\n        screen: str = response.get(\"screen\", \"\")\n        stacktrace = None\n        if isinstance(status, int):\n            value_json = response.get(\"value\", None)\n            if value_json and isinstance(value_json, str):\n                import json\n    \n                try:\n                    value = json.loads(value_json)\n                    if len(value) == 1:\n                        value = value[\"value\"]\n                    status = value.get(\"error\", None)\n                    if not status:\n                        status = value.get(\"status\", ErrorCode.UNKNOWN_ERROR)\n                        message = value.get(\"value\") or value.get(\"message\")\n                        if not isinstance(message, str):\n                            value = message\n                            message = message.get(\"message\")\n                    else:\n                        message = value.get(\"message\", None)\n                except ValueError:\n                    pass\n    \n        exception_class: Type[WebDriverException]\n        e = ErrorCode()\n        error_codes = [item for item in dir(e) if not item.startswith(\"__\")]\n        for error_code in error_codes:\n            error_info = getattr(ErrorCode, error_code)\n            if isinstance(error_info, list) and status in error_info:\n                exception_class = getattr(ExceptionMapping, error_code, WebDriverException)\n                break\n        else:\n            exception_class = WebDriverException\n    \n        if not value:\n            value = response[\"value\"]\n        if isinstance(value, str):\n            raise exception_class(value)\n        if message == \"\" and \"message\" in value:\n            message = value[\"message\"]\n    \n        screen = None  # type: ignore[assignment]\n        if \"screen\" in value:\n            screen = value[\"screen\"]\n    \n        stacktrace = None\n        st_value = value.get(\"stackTrace\") or value.get(\"stacktrace\")\n        if st_value:\n            if isinstance(st_value, str):\n                stacktrace = st_value.split(\"\\n\")\n            else:\n                stacktrace = []\n                try:\n                    for frame in st_value:\n                        line = frame.get(\"lineNumber\", \"\")\n                        file = frame.get(\"fileName\", \"<anonymous>\")\n                        if line:\n                            file = f\"{file}:{line}\"\n                        meth = frame.get(\"methodName\", \"<anonymous>\")\n                        if \"className\" in frame:\n                            meth = f\"{frame['className']}.{meth}\"\n                        msg = \"    at %s (%s)\"\n                        msg = msg % (meth, file)\n                        stacktrace.append(msg)\n                except TypeError:\n                    pass\n        if exception_class == UnexpectedAlertPresentException:\n            alert_text = None\n            if \"data\" in value:\n                alert_text = value[\"data\"].get(\"text\")\n            elif \"alert\" in value:\n                alert_text = value[\"alert\"].get(\"text\")\n            raise exception_class(message, screen, stacktrace, alert_text)  # type: ignore[call-arg]  # mypy is not smart enough here\n>       raise exception_class(message, screen, stacktrace)\nE       selenium.common.exceptions.NoSuchElementException: Message: no such element: Unable to locate element: {\"method\":\"xpath\",\"selector\":\"(//a[@class='add-to-cart yellow-btn'])[1]\"}\nE         (Session info: headless chrome=118.0.5993.70); For documentation on this error, please visit: https://www.selenium.dev/documentation/webdriver/troubleshooting/errors#no-such-element-exception\nE       Stacktrace:\nE       #0 0x55a2bd070fb3 <unknown>\nE       #1 0x55a2bcd444a7 <unknown>\nE       #2 0x55a2bcd8bdd6 <unknown>\nE       #3 0x55a2bcd8bec1 <unknown>\nE       #4 0x55a2bcdc9354 <unknown>\nE       #5 0x55a2bcdad96d <unknown>\nE       #6 0x55a2bcdc6c02 <unknown>\nE       #7 0x55a2bcdad713 <unknown>\nE       #8 0x55a2bcd8018b <unknown>\nE       #9 0x55a2bcd80f7e <unknown>\nE       #10 0x55a2bd0368d8 <unknown>\nE       #11 0x55a2bd03a800 <unknown>\nE       #12 0x55a2bd044cfc <unknown>\nE       #13 0x55a2bd03b418 <unknown>\nE       #14 0x55a2bd00842f <unknown>\nE       #15 0x55a2bd05f4e8 <unknown>\nE       #16 0x55a2bd05f6b4 <unknown>\nE       #17 0x55a2bd070143 <unknown>\nE       #18 0x7fbc28fbf044 <unknown>\n\n/usr/local/lib/python3.11/site-packages/selenium/webdriver/remote/errorhandler.py:229: NoSuchElementException","flaky":false,"newFailed":false,"newBroken":false,"newPassed":false,"retriesCount":0,"retriesStatusChange":false,"beforeStages":[{"name":"_session_faker","time":{"start":1696985266825,"stop":1696985266908,"duration":83},"status":"passed","steps":[],"attachments":[],"parameters":[],"shouldDisplayMessage":false,"stepsCount":0,"attachmentsCount":0,"hasContent":false},{"name":"clear_allure_results_folder","time":{"start":1696985266908,"stop":1696985266908,"duration":0},"status":"passed","steps":[],"attachments":[],"parameters":[],"shouldDisplayMessage":false,"stepsCount":0,"attachmentsCount":0,"hasContent":false},{"name":"driver","time":{"start":1696985631984,"stop":1696985632818,"duration":834},"status":"passed","steps":[],"attachments":[],"parameters":[],"shouldDisplayMessage":false,"stepsCount":0,"attachmentsCount":0,"hasContent":false},{"name":"setup","time":{"start":1696985632819,"stop":1696985632819,"duration":0},"status":"passed","steps":[],"attachments":[],"parameters":[],"shouldDisplayMessage":false,"stepsCount":0,"attachmentsCount":0,"hasContent":false}],"testStage":{"status":"skipped","statusMessage":"XFAIL\n\nselenium.common.exceptions.NoSuchElementException: Message: no such element: Unable to locate element: {\"method\":\"xpath\",\"selector\":\"(//a[@class='add-to-cart yellow-btn'])[1]\"}\n  (Session info: headless chrome=118.0.5993.70); For documentation on this error, please visit: https://www.selenium.dev/documentation/webdriver/troubleshooting/errors#no-such-element-exception\nStacktrace:\n#0 0x55a2bd070fb3 <unknown>\n#1 0x55a2bcd444a7 <unknown>\n#2 0x55a2bcd8bdd6 <unknown>\n#3 0x55a2bcd8bec1 <unknown>\n#4 0x55a2bcdc9354 <unknown>\n#5 0x55a2bcdad96d <unknown>\n#6 0x55a2bcdc6c02 <unknown>\n#7 0x55a2bcdad713 <unknown>\n#8 0x55a2bcd8018b <unknown>\n#9 0x55a2bcd80f7e <unknown>\n#10 0x55a2bd0368d8 <unknown>\n#11 0x55a2bd03a800 <unknown>\n#12 0x55a2bd044cfc <unknown>\n#13 0x55a2bd03b418 <unknown>\n#14 0x55a2bd00842f <unknown>\n#15 0x55a2bd05f4e8 <unknown>\n#16 0x55a2bd05f6b4 <unknown>\n#17 0x55a2bd070143 <unknown>\n#18 0x7fbc28fbf044 <unknown>","statusTrace":"self = <tests.delivery.test_delivery_calculation.TestDeliveryPageCalculation object at 0x7fb817c045d0>\ndriver = <selenium.webdriver.chrome.webdriver.WebDriver (session=\"9a099a925ad693f0cce87461b1189a6d\")>\nurl = 'https://sandboxtest.stroyrem-nn.ru/', case_id = 'TD 019'\nlink_item = 'products/shtukaturka-gipsovaya-aksolit-m50-30-kg-mashinnogo-naneseniya'\namount = 25, weight = 1700, standard = 1150, in_time = 2490, all_time = 3320\n\n    @pytest.mark.parametrize('case_id, link_item, amount, weight, standard, in_time, all_time', [\n        (\"TD 015\", bundeks_25, 1, 30, 650, 2390, 3320),\n        pytest.param(\n            \"TD 016\", aksolit_30, 8, 300, 650, 2390, 3320,\n            marks=pytest.mark.xfail(reson=\"Цена доставки: - - -\")\n        ),\n        (\"TD 017\", aksolit_30, 13, 400, 650, 2390, 3320),\n        (\"TD 018\", aksolit_30, 16, 500, 850, 2490, 3320),\n        (\"TD 019\", aksolit_30, 25, 1700, 1150, 2490, 3320),\n        (\"TD 020\", aksolit_30, 66, 2000, 1500, 2990, 3650),\n        (\"TD 021\", aksolit_30, 149, 4500, 2600, 4380, 4890),\n        (\"TD 022\", aksolit_30, 166, 5000, 2800, 5490, 5980),\n        pytest.param(\n            \"TD 023\", aksolit_30, 206, 6200, 3300, 7500, 8000,\n            marks=pytest.mark.xfail(reson=\"Цена доставки: 4300 9900 11440\")\n        ),\n        (\"TD 024\", aksolit_30, 299, 9000, 4300, 9900, 11440),\n        (\"TD 025\", aksolit_30, 333, 10000, 7000, 13900, 15900),\n        pytest.param(\n            \"TD 026\", aksolit_30, 366, 11000, 8000, 14900, 19900,\n            marks=pytest.mark.xfail(reson=\"Цена доставки: 7000 13900 15900\")\n        ),\n        pytest.param(\n            \"TD 027\", aksolit_30, 666, 20000, 14000, 16900, 23900,\n            marks=pytest.mark.xfail(reson=\"Цена доставки: 7000 13900 15900\")\n        )\n    ])\n    @pytest.mark.xfail\n    @pytest.mark.smoke_test\n    def test_positive_delivery_blue_zone_smoke(\n            self, driver, url, case_id, link_item, amount, weight, standard, in_time, all_time\n    ):\n        allure.dynamic.title(f\"{case_id} Доставка товара весом до {weight}кг. в синей зоне\")\n    \n        driver.get(f'{url}{link_item}')\n        item_page = ItemPage(driver)\n>       item_page.add_item_to_cart(amount).click_on_cart()\n\ntests/delivery/test_delivery_calculation.py:132: \n_ _ _ _ _ _ _ _ _ _ _ _ _ _ _ _ _ _ _ _ _ _ _ _ _ _ _ _ _ _ _ _ _ _ _ _ _ _ _ _ \npages/item_page.py:40: in add_item_to_cart\n    self.find_element(self._add_item).click()\nbase/seleniumbase.py:17: in find_element\n    return self.driver.find_element(*locator)\n/usr/local/lib/python3.11/site-packages/selenium/webdriver/remote/webdriver.py:739: in find_element\n    return self.execute(Command.FIND_ELEMENT, {\"using\": by, \"value\": value})[\"value\"]\n/usr/local/lib/python3.11/site-packages/selenium/webdriver/remote/webdriver.py:345: in execute\n    self.error_handler.check_response(response)\n_ _ _ _ _ _ _ _ _ _ _ _ _ _ _ _ _ _ _ _ _ _ _ _ _ _ _ _ _ _ _ _ _ _ _ _ _ _ _ _ \n\nself = <selenium.webdriver.remote.errorhandler.ErrorHandler object at 0x7fb816abded0>\nresponse = {'status': 404, 'value': '{\"value\":{\"error\":\"no such element\",\"message\":\"no such element: Unable to locate element: {\\...\\\\n#16 0x55a2bd05f6b4 \\\\u003Cunknown>\\\\n#17 0x55a2bd070143 \\\\u003Cunknown>\\\\n#18 0x7fbc28fbf044 \\\\u003Cunknown>\\\\n\"}}'}\n\n    def check_response(self, response: Dict[str, Any]) -> None:\n        \"\"\"Checks that a JSON response from the WebDriver does not have an\n        error.\n    \n        :Args:\n         - response - The JSON response from the WebDriver server as a dictionary\n           object.\n    \n        :Raises: If the response contains an error message.\n        \"\"\"\n        status = response.get(\"status\", None)\n        if not status or status == ErrorCode.SUCCESS:\n            return\n        value = None\n        message = response.get(\"message\", \"\")\n        screen: str = response.get(\"screen\", \"\")\n        stacktrace = None\n        if isinstance(status, int):\n            value_json = response.get(\"value\", None)\n            if value_json and isinstance(value_json, str):\n                import json\n    \n                try:\n                    value = json.loads(value_json)\n                    if len(value) == 1:\n                        value = value[\"value\"]\n                    status = value.get(\"error\", None)\n                    if not status:\n                        status = value.get(\"status\", ErrorCode.UNKNOWN_ERROR)\n                        message = value.get(\"value\") or value.get(\"message\")\n                        if not isinstance(message, str):\n                            value = message\n                            message = message.get(\"message\")\n                    else:\n                        message = value.get(\"message\", None)\n                except ValueError:\n                    pass\n    \n        exception_class: Type[WebDriverException]\n        e = ErrorCode()\n        error_codes = [item for item in dir(e) if not item.startswith(\"__\")]\n        for error_code in error_codes:\n            error_info = getattr(ErrorCode, error_code)\n            if isinstance(error_info, list) and status in error_info:\n                exception_class = getattr(ExceptionMapping, error_code, WebDriverException)\n                break\n        else:\n            exception_class = WebDriverException\n    \n        if not value:\n            value = response[\"value\"]\n        if isinstance(value, str):\n            raise exception_class(value)\n        if message == \"\" and \"message\" in value:\n            message = value[\"message\"]\n    \n        screen = None  # type: ignore[assignment]\n        if \"screen\" in value:\n            screen = value[\"screen\"]\n    \n        stacktrace = None\n        st_value = value.get(\"stackTrace\") or value.get(\"stacktrace\")\n        if st_value:\n            if isinstance(st_value, str):\n                stacktrace = st_value.split(\"\\n\")\n            else:\n                stacktrace = []\n                try:\n                    for frame in st_value:\n                        line = frame.get(\"lineNumber\", \"\")\n                        file = frame.get(\"fileName\", \"<anonymous>\")\n                        if line:\n                            file = f\"{file}:{line}\"\n                        meth = frame.get(\"methodName\", \"<anonymous>\")\n                        if \"className\" in frame:\n                            meth = f\"{frame['className']}.{meth}\"\n                        msg = \"    at %s (%s)\"\n                        msg = msg % (meth, file)\n                        stacktrace.append(msg)\n                except TypeError:\n                    pass\n        if exception_class == UnexpectedAlertPresentException:\n            alert_text = None\n            if \"data\" in value:\n                alert_text = value[\"data\"].get(\"text\")\n            elif \"alert\" in value:\n                alert_text = value[\"alert\"].get(\"text\")\n            raise exception_class(message, screen, stacktrace, alert_text)  # type: ignore[call-arg]  # mypy is not smart enough here\n>       raise exception_class(message, screen, stacktrace)\nE       selenium.common.exceptions.NoSuchElementException: Message: no such element: Unable to locate element: {\"method\":\"xpath\",\"selector\":\"(//a[@class='add-to-cart yellow-btn'])[1]\"}\nE         (Session info: headless chrome=118.0.5993.70); For documentation on this error, please visit: https://www.selenium.dev/documentation/webdriver/troubleshooting/errors#no-such-element-exception\nE       Stacktrace:\nE       #0 0x55a2bd070fb3 <unknown>\nE       #1 0x55a2bcd444a7 <unknown>\nE       #2 0x55a2bcd8bdd6 <unknown>\nE       #3 0x55a2bcd8bec1 <unknown>\nE       #4 0x55a2bcdc9354 <unknown>\nE       #5 0x55a2bcdad96d <unknown>\nE       #6 0x55a2bcdc6c02 <unknown>\nE       #7 0x55a2bcdad713 <unknown>\nE       #8 0x55a2bcd8018b <unknown>\nE       #9 0x55a2bcd80f7e <unknown>\nE       #10 0x55a2bd0368d8 <unknown>\nE       #11 0x55a2bd03a800 <unknown>\nE       #12 0x55a2bd044cfc <unknown>\nE       #13 0x55a2bd03b418 <unknown>\nE       #14 0x55a2bd00842f <unknown>\nE       #15 0x55a2bd05f4e8 <unknown>\nE       #16 0x55a2bd05f6b4 <unknown>\nE       #17 0x55a2bd070143 <unknown>\nE       #18 0x7fbc28fbf044 <unknown>\n\n/usr/local/lib/python3.11/site-packages/selenium/webdriver/remote/errorhandler.py:229: NoSuchElementException","steps":[{"name":"Добавляем товар в корзину в количестве 25","time":{"start":1696985635412,"stop":1696985635430,"duration":18},"status":"broken","statusMessage":"selenium.common.exceptions.NoSuchElementException: Message: no such element: Unable to locate element: {\"method\":\"xpath\",\"selector\":\"(//a[@class='add-to-cart yellow-btn'])[1]\"}\n  (Session info: headless chrome=118.0.5993.70); For documentation on this error, please visit: https://www.selenium.dev/documentation/webdriver/troubleshooting/errors#no-such-element-exception\nStacktrace:\n#0 0x55a2bd070fb3 <unknown>\n#1 0x55a2bcd444a7 <unknown>\n#2 0x55a2bcd8bdd6 <unknown>\n#3 0x55a2bcd8bec1 <unknown>\n#4 0x55a2bcdc9354 <unknown>\n#5 0x55a2bcdad96d <unknown>\n#6 0x55a2bcdc6c02 <unknown>\n#7 0x55a2bcdad713 <unknown>\n#8 0x55a2bcd8018b <unknown>\n#9 0x55a2bcd80f7e <unknown>\n#10 0x55a2bd0368d8 <unknown>\n#11 0x55a2bd03a800 <unknown>\n#12 0x55a2bd044cfc <unknown>\n#13 0x55a2bd03b418 <unknown>\n#14 0x55a2bd00842f <unknown>\n#15 0x55a2bd05f4e8 <unknown>\n#16 0x55a2bd05f6b4 <unknown>\n#17 0x55a2bd070143 <unknown>\n#18 0x7fbc28fbf044 <unknown>\n\n","statusTrace":"  File \"/usr/local/lib/python3.11/site-packages/allure_commons/_allure.py\", line 192, in impl\n    return func(*a, **kw)\n           ^^^^^^^^^^^^^^\n  File \"/app/pages/item_page.py\", line 40, in add_item_to_cart\n    self.find_element(self._add_item).click()\n    ^^^^^^^^^^^^^^^^^^^^^^^^^^^^^^^^^\n  File \"/app/base/seleniumbase.py\", line 17, in find_element\n    return self.driver.find_element(*locator)\n           ^^^^^^^^^^^^^^^^^^^^^^^^^^^^^^^^^^\n  File \"/usr/local/lib/python3.11/site-packages/selenium/webdriver/remote/webdriver.py\", line 739, in find_element\n    return self.execute(Command.FIND_ELEMENT, {\"using\": by, \"value\": value})[\"value\"]\n           ^^^^^^^^^^^^^^^^^^^^^^^^^^^^^^^^^^^^^^^^^^^^^^^^^^^^^^^^^^^^^^^^^\n  File \"/usr/local/lib/python3.11/site-packages/selenium/webdriver/remote/webdriver.py\", line 345, in execute\n    self.error_handler.check_response(response)\n  File \"/usr/local/lib/python3.11/site-packages/selenium/webdriver/remote/errorhandler.py\", line 229, in check_response\n    raise exception_class(message, screen, stacktrace)\n","steps":[],"attachments":[],"parameters":[{"name":"amount","value":"25"}],"shouldDisplayMessage":true,"stepsCount":0,"attachmentsCount":0,"hasContent":true}],"attachments":[{"uid":"e608128295025747","name":"Screenshot","source":"e608128295025747.png","type":"image/png","size":72853},{"uid":"65fc0496ef0aff61","name":"HTML source","source":"65fc0496ef0aff61.html","type":"text/html","size":53707}],"parameters":[],"shouldDisplayMessage":true,"stepsCount":1,"attachmentsCount":2,"hasContent":true},"afterStages":[{"name":"driver::0","time":{"start":1696985635553,"stop":1696985635611,"duration":58},"status":"passed","steps":[],"attachments":[],"parameters":[],"shouldDisplayMessage":false,"stepsCount":0,"attachmentsCount":0,"hasContent":false},{"name":"setup::0","time":{"start":1696985635553,"stop":1696985635553,"duration":0},"status":"passed","steps":[],"attachments":[],"parameters":[],"shouldDisplayMessage":false,"stepsCount":0,"attachmentsCount":0,"hasContent":false}],"labels":[{"name":"epic","value":"Delivery Page - calculation"},{"name":"tag","value":"smoke_test"},{"name":"tag","value":"@pytest.mark.xfail"},{"name":"parentSuite","value":"tests.delivery"},{"name":"suite","value":"test_delivery_calculation"},{"name":"subSuite","value":"TestDeliveryPageCalculation"},{"name":"host","value":"7cd53a5d1e97"},{"name":"thread","value":"1-MainThread"},{"name":"framework","value":"pytest"},{"name":"language","value":"cpython3"},{"name":"package","value":"tests.delivery.test_delivery_calculation"},{"name":"resultFormat","value":"allure2"}],"parameters":[{"name":"all_time","value":"3320"},{"name":"amount","value":"25"},{"name":"case_id","value":"'TD 019'"},{"name":"in_time","value":"2490"},{"name":"link_item","value":"'products/shtukaturka-gipsovaya-aksolit-m50-30-kg-mashinnogo-naneseniya'"},{"name":"standard","value":"1150"},{"name":"url","value":"'https://sandboxtest.stroyrem-nn.ru/'"},{"name":"weight","value":"1700"}],"links":[],"hidden":false,"retry":false,"extra":{"severity":"normal","retries":[],"categories":[],"history":{"statistic":{"failed":0,"broken":13,"skipped":50,"passed":0,"unknown":0,"total":63},"items":[{"uid":"669c953c2c9c174a","reportUrl":"https://Nat754.github.io/StroyremAutomation/90//#testresult/669c953c2c9c174a","status":"skipped","statusDetails":"XFAIL\n\nselenium.common.exceptions.NoSuchElementException: Message: no such element: Unable to locate element: {\"method\":\"xpath\",\"selector\":\"(//a[@class='add-to-cart yellow-btn'])[1]\"}\n  (Session info: headless chrome=117.0.5938.149); For documentation on this error, please visit: https://www.selenium.dev/documentation/webdriver/troubleshooting/errors#no-such-element-exception\nStacktrace:\n#0 0x5639d7eba933 <unknown>\n#1 0x5639d7b946f7 <unknown>\n#2 0x5639d7bdbaa6 <unknown>\n#3 0x5639d7bdbb91 <unknown>\n#4 0x5639d7c18fc4 <unknown>\n#5 0x5639d7bfd62d <unknown>\n#6 0x5639d7c16857 <unknown>\n#7 0x5639d7bfd3d3 <unknown>\n#8 0x5639d7bcfe64 <unknown>\n#9 0x5639d7bd0c4e <unknown>\n#10 0x5639d7e80558 <unknown>\n#11 0x5639d7e844a0 <unknown>\n#12 0x5639d7e8e97c <unknown>\n#13 0x5639d7e850b8 <unknown>\n#14 0x5639d7e50cdf <unknown>\n#15 0x5639d7ea9048 <unknown>\n#16 0x5639d7ea9219 <unknown>\n#17 0x5639d7eb9ac3 <unknown>\n#18 0x7f107c51f044 <unknown>","time":{"start":1696899173013,"stop":1696899173700,"duration":687}},{"uid":"f72eff34d158b22d","reportUrl":"https://Nat754.github.io/StroyremAutomation/89//#testresult/f72eff34d158b22d","status":"skipped","statusDetails":"XFAIL\n\nselenium.common.exceptions.NoSuchElementException: Message: no such element: Unable to locate element: {\"method\":\"xpath\",\"selector\":\"(//a[@class='add-to-cart yellow-btn'])[1]\"}\n  (Session info: headless chrome=117.0.5938.149); For documentation on this error, please visit: https://www.selenium.dev/documentation/webdriver/troubleshooting/errors#no-such-element-exception\nStacktrace:\n#0 0x5591d2b53933 <unknown>\n#1 0x5591d282d6f7 <unknown>\n#2 0x5591d2874aa6 <unknown>\n#3 0x5591d2874b91 <unknown>\n#4 0x5591d28b1fc4 <unknown>\n#5 0x5591d289662d <unknown>\n#6 0x5591d28af857 <unknown>\n#7 0x5591d28963d3 <unknown>\n#8 0x5591d2868e64 <unknown>\n#9 0x5591d2869c4e <unknown>\n#10 0x5591d2b19558 <unknown>\n#11 0x5591d2b1d4a0 <unknown>\n#12 0x5591d2b2797c <unknown>\n#13 0x5591d2b1e0b8 <unknown>\n#14 0x5591d2ae9cdf <unknown>\n#15 0x5591d2b42048 <unknown>\n#16 0x5591d2b42219 <unknown>\n#17 0x5591d2b52ac3 <unknown>\n#18 0x7fa1f302d044 <unknown>","time":{"start":1696812792010,"stop":1696812792674,"duration":664}},{"uid":"fa3341dddf59b3d1","reportUrl":"https://Nat754.github.io/StroyremAutomation/88//#testresult/fa3341dddf59b3d1","status":"skipped","statusDetails":"XFAIL\n\nselenium.common.exceptions.NoSuchElementException: Message: no such element: Unable to locate element: {\"method\":\"xpath\",\"selector\":\"(//a[@class='add-to-cart yellow-btn'])[1]\"}\n  (Session info: headless chrome=117.0.5938.149); For documentation on this error, please visit: https://www.selenium.dev/documentation/webdriver/troubleshooting/errors#no-such-element-exception\nStacktrace:\n#0 0x555650c61933 <unknown>\n#1 0x55565093b6f7 <unknown>\n#2 0x555650982aa6 <unknown>\n#3 0x555650982b91 <unknown>\n#4 0x5556509bffc4 <unknown>\n#5 0x5556509a462d <unknown>\n#6 0x5556509bd857 <unknown>\n#7 0x5556509a43d3 <unknown>\n#8 0x555650976e64 <unknown>\n#9 0x555650977c4e <unknown>\n#10 0x555650c27558 <unknown>\n#11 0x555650c2b4a0 <unknown>\n#12 0x555650c3597c <unknown>\n#13 0x555650c2c0b8 <unknown>\n#14 0x555650bf7cdf <unknown>\n#15 0x555650c50048 <unknown>\n#16 0x555650c50219 <unknown>\n#17 0x555650c60ac3 <unknown>\n#18 0x7f0e47dba044 <unknown>","time":{"start":1696726705095,"stop":1696726705976,"duration":881}},{"uid":"827bba7debe6bca9","reportUrl":"https://Nat754.github.io/StroyremAutomation/87//#testresult/827bba7debe6bca9","status":"skipped","statusDetails":"XFAIL\n\nselenium.common.exceptions.NoSuchElementException: Message: no such element: Unable to locate element: {\"method\":\"xpath\",\"selector\":\"(//a[@class='add-to-cart yellow-btn'])[1]\"}\n  (Session info: headless chrome=117.0.5938.149); For documentation on this error, please visit: https://www.selenium.dev/documentation/webdriver/troubleshooting/errors#no-such-element-exception\nStacktrace:\n#0 0x55bf0e184933 <unknown>\n#1 0x55bf0de5e6f7 <unknown>\n#2 0x55bf0dea5aa6 <unknown>\n#3 0x55bf0dea5b91 <unknown>\n#4 0x55bf0dee2fc4 <unknown>\n#5 0x55bf0dec762d <unknown>\n#6 0x55bf0dee0857 <unknown>\n#7 0x55bf0dec73d3 <unknown>\n#8 0x55bf0de99e64 <unknown>\n#9 0x55bf0de9ac4e <unknown>\n#10 0x55bf0e14a558 <unknown>\n#11 0x55bf0e14e4a0 <unknown>\n#12 0x55bf0e15897c <unknown>\n#13 0x55bf0e14f0b8 <unknown>\n#14 0x55bf0e11acdf <unknown>\n#15 0x55bf0e173048 <unknown>\n#16 0x55bf0e173219 <unknown>\n#17 0x55bf0e183ac3 <unknown>\n#18 0x7f8dbb80a044 <unknown>","time":{"start":1696639922530,"stop":1696639923025,"duration":495}},{"uid":"eeaddf8f9e935e4d","reportUrl":"https://Nat754.github.io/StroyremAutomation/86//#testresult/eeaddf8f9e935e4d","status":"skipped","statusDetails":"XFAIL\n\nselenium.common.exceptions.NoSuchElementException: Message: no such element: Unable to locate element: {\"method\":\"xpath\",\"selector\":\"(//a[@class='add-to-cart yellow-btn'])[1]\"}\n  (Session info: headless chrome=117.0.5938.149); For documentation on this error, please visit: https://www.selenium.dev/documentation/webdriver/troubleshooting/errors#no-such-element-exception\nStacktrace:\n#0 0x55560c9e4933 <unknown>\n#1 0x55560c6be6f7 <unknown>\n#2 0x55560c705aa6 <unknown>\n#3 0x55560c705b91 <unknown>\n#4 0x55560c742fc4 <unknown>\n#5 0x55560c72762d <unknown>\n#6 0x55560c740857 <unknown>\n#7 0x55560c7273d3 <unknown>\n#8 0x55560c6f9e64 <unknown>\n#9 0x55560c6fac4e <unknown>\n#10 0x55560c9aa558 <unknown>\n#11 0x55560c9ae4a0 <unknown>\n#12 0x55560c9b897c <unknown>\n#13 0x55560c9af0b8 <unknown>\n#14 0x55560c97acdf <unknown>\n#15 0x55560c9d3048 <unknown>\n#16 0x55560c9d3219 <unknown>\n#17 0x55560c9e3ac3 <unknown>\n#18 0x7f34835b1044 <unknown>","time":{"start":1696553567601,"stop":1696553568065,"duration":464}},{"uid":"5dbb28352283fd46","reportUrl":"https://Nat754.github.io/StroyremAutomation/85//#testresult/5dbb28352283fd46","status":"skipped","statusDetails":"XFAIL\n\nselenium.common.exceptions.NoSuchElementException: Message: no such element: Unable to locate element: {\"method\":\"xpath\",\"selector\":\"(//a[@class='add-to-cart yellow-btn'])[1]\"}\n  (Session info: headless chrome=117.0.5938.149); For documentation on this error, please visit: https://www.selenium.dev/documentation/webdriver/troubleshooting/errors#no-such-element-exception\nStacktrace:\n#0 0x556def09f933 <unknown>\n#1 0x556deed796f7 <unknown>\n#2 0x556deedc0aa6 <unknown>\n#3 0x556deedc0b91 <unknown>\n#4 0x556deedfdfc4 <unknown>\n#5 0x556deede262d <unknown>\n#6 0x556deedfb857 <unknown>\n#7 0x556deede23d3 <unknown>\n#8 0x556deedb4e64 <unknown>\n#9 0x556deedb5c4e <unknown>\n#10 0x556def065558 <unknown>\n#11 0x556def0694a0 <unknown>\n#12 0x556def07397c <unknown>\n#13 0x556def06a0b8 <unknown>\n#14 0x556def035cdf <unknown>\n#15 0x556def08e048 <unknown>\n#16 0x556def08e219 <unknown>\n#17 0x556def09eac3 <unknown>\n#18 0x7fdaba99c044 <unknown>","time":{"start":1696467292168,"stop":1696467292730,"duration":562}},{"uid":"c29625d4649a70d6","reportUrl":"https://Nat754.github.io/StroyremAutomation/84//#testresult/c29625d4649a70d6","status":"skipped","statusDetails":"XFAIL\n\nselenium.common.exceptions.NoSuchElementException: Message: no such element: Unable to locate element: {\"method\":\"xpath\",\"selector\":\"(//a[@class='add-to-cart yellow-btn'])[1]\"}\n  (Session info: headless chrome=117.0.5938.92); For documentation on this error, please visit: https://www.selenium.dev/documentation/webdriver/troubleshooting/errors#no-such-element-exception\nStacktrace:\n#0 0x55eee4f036b3 <unknown>\n#1 0x55eee4bd91e7 <unknown>\n#2 0x55eee4c20566 <unknown>\n#3 0x55eee4c20651 <unknown>\n#4 0x55eee4c5da74 <unknown>\n#5 0x55eee4c420ed <unknown>\n#6 0x55eee4c5b322 <unknown>\n#7 0x55eee4c41e93 <unknown>\n#8 0x55eee4c14934 <unknown>\n#9 0x55eee4c1571e <unknown>\n#10 0x55eee4ec8cb8 <unknown>\n#11 0x55eee4eccbf0 <unknown>\n#12 0x55eee4ed719c <unknown>\n#13 0x55eee4ecd808 <unknown>\n#14 0x55eee4e9a27f <unknown>\n#15 0x55eee4ef1e88 <unknown>\n#16 0x55eee4ef2059 <unknown>\n#17 0x55eee4f02843 <unknown>\n#18 0x7f53b7251044 <unknown>","time":{"start":1696380817530,"stop":1696380818013,"duration":483}},{"uid":"c7a58c58d5f2f3ea","reportUrl":"https://Nat754.github.io/StroyremAutomation/83//#testresult/c7a58c58d5f2f3ea","status":"skipped","statusDetails":"XFAIL\n\nselenium.common.exceptions.NoSuchElementException: Message: no such element: Unable to locate element: {\"method\":\"xpath\",\"selector\":\"(//a[@class='add-to-cart yellow-btn'])[1]\"}\n  (Session info: headless chrome=117.0.5938.92); For documentation on this error, please visit: https://www.selenium.dev/documentation/webdriver/troubleshooting/errors#no-such-element-exception\nStacktrace:\n#0 0x5612ef3df6b3 <unknown>\n#1 0x5612ef0b51e7 <unknown>\n#2 0x5612ef0fc566 <unknown>\n#3 0x5612ef0fc651 <unknown>\n#4 0x5612ef139a74 <unknown>\n#5 0x5612ef11e0ed <unknown>\n#6 0x5612ef137322 <unknown>\n#7 0x5612ef11de93 <unknown>\n#8 0x5612ef0f0934 <unknown>\n#9 0x5612ef0f171e <unknown>\n#10 0x5612ef3a4cb8 <unknown>\n#11 0x5612ef3a8bf0 <unknown>\n#12 0x5612ef3b319c <unknown>\n#13 0x5612ef3a9808 <unknown>\n#14 0x5612ef37627f <unknown>\n#15 0x5612ef3cde88 <unknown>\n#16 0x5612ef3ce059 <unknown>\n#17 0x5612ef3de843 <unknown>\n#18 0x7f65cfdb7044 <unknown>","time":{"start":1696294402091,"stop":1696294402733,"duration":642}},{"uid":"874409f174abdb82","reportUrl":"https://Nat754.github.io/StroyremAutomation/82//#testresult/874409f174abdb82","status":"skipped","statusDetails":"XFAIL\n\nselenium.common.exceptions.NoSuchElementException: Message: no such element: Unable to locate element: {\"method\":\"xpath\",\"selector\":\"(//a[@class='add-to-cart yellow-btn'])[1]\"}\n  (Session info: headless chrome=117.0.5938.92); For documentation on this error, please visit: https://www.selenium.dev/documentation/webdriver/troubleshooting/errors#no-such-element-exception\nStacktrace:\n#0 0x56011b7d16b3 <unknown>\n#1 0x56011b4a71e7 <unknown>\n#2 0x56011b4ee566 <unknown>\n#3 0x56011b4ee651 <unknown>\n#4 0x56011b52ba74 <unknown>\n#5 0x56011b5100ed <unknown>\n#6 0x56011b529322 <unknown>\n#7 0x56011b50fe93 <unknown>\n#8 0x56011b4e2934 <unknown>\n#9 0x56011b4e371e <unknown>\n#10 0x56011b796cb8 <unknown>\n#11 0x56011b79abf0 <unknown>\n#12 0x56011b7a519c <unknown>\n#13 0x56011b79b808 <unknown>\n#14 0x56011b76827f <unknown>\n#15 0x56011b7bfe88 <unknown>\n#16 0x56011b7c0059 <unknown>\n#17 0x56011b7d0843 <unknown>\n#18 0x7ff7886cc044 <unknown>","time":{"start":1696282096087,"stop":1696282096724,"duration":637}},{"uid":"6c721010ca0debc6","reportUrl":"https://Nat754.github.io/StroyremAutomation/81//#testresult/6c721010ca0debc6","status":"skipped","statusDetails":"XFAIL\n\nselenium.common.exceptions.NoSuchElementException: Message: no such element: Unable to locate element: {\"method\":\"xpath\",\"selector\":\"(//a[@class='add-to-cart yellow-btn'])[1]\"}\n  (Session info: headless chrome=117.0.5938.92); For documentation on this error, please visit: https://www.selenium.dev/documentation/webdriver/troubleshooting/errors#no-such-element-exception\nStacktrace:\n#0 0x5649a52846b3 <unknown>\n#1 0x5649a4f5a1e7 <unknown>\n#2 0x5649a4fa1566 <unknown>\n#3 0x5649a4fa1651 <unknown>\n#4 0x5649a4fdea74 <unknown>\n#5 0x5649a4fc30ed <unknown>\n#6 0x5649a4fdc322 <unknown>\n#7 0x5649a4fc2e93 <unknown>\n#8 0x5649a4f95934 <unknown>\n#9 0x5649a4f9671e <unknown>\n#10 0x5649a5249cb8 <unknown>\n#11 0x5649a524dbf0 <unknown>\n#12 0x5649a525819c <unknown>\n#13 0x5649a524e808 <unknown>\n#14 0x5649a521b27f <unknown>\n#15 0x5649a5272e88 <unknown>\n#16 0x5649a5273059 <unknown>\n#17 0x5649a5283843 <unknown>\n#18 0x7fdb95d8d044 <unknown>","time":{"start":1696258215326,"stop":1696258216008,"duration":682}},{"uid":"ab8b826eee03e2cd","reportUrl":"https://Nat754.github.io/StroyremAutomation/81//#testresult/ab8b826eee03e2cd","status":"skipped","statusDetails":"XFAIL\n\nselenium.common.exceptions.NoSuchElementException: Message: no such element: Unable to locate element: {\"method\":\"xpath\",\"selector\":\"(//a[@class='add-to-cart yellow-btn'])[1]\"}\n  (Session info: headless chrome=117.0.5938.92); For documentation on this error, please visit: https://www.selenium.dev/documentation/webdriver/troubleshooting/errors#no-such-element-exception\nStacktrace:\n#0 0x55e707ba06b3 <unknown>\n#1 0x55e7078761e7 <unknown>\n#2 0x55e7078bd566 <unknown>\n#3 0x55e7078bd651 <unknown>\n#4 0x55e7078faa74 <unknown>\n#5 0x55e7078df0ed <unknown>\n#6 0x55e7078f8322 <unknown>\n#7 0x55e7078dee93 <unknown>\n#8 0x55e7078b1934 <unknown>\n#9 0x55e7078b271e <unknown>\n#10 0x55e707b65cb8 <unknown>\n#11 0x55e707b69bf0 <unknown>\n#12 0x55e707b7419c <unknown>\n#13 0x55e707b6a808 <unknown>\n#14 0x55e707b3727f <unknown>\n#15 0x55e707b8ee88 <unknown>\n#16 0x55e707b8f059 <unknown>\n#17 0x55e707b9f843 <unknown>\n#18 0x7f5d928f3044 <unknown>","time":{"start":1696208365867,"stop":1696208366425,"duration":558}},{"uid":"119cc87bc30cc850","reportUrl":"https://Nat754.github.io/StroyremAutomation/80//#testresult/119cc87bc30cc850","status":"skipped","statusDetails":"XFAIL\n\nselenium.common.exceptions.NoSuchElementException: Message: no such element: Unable to locate element: {\"method\":\"xpath\",\"selector\":\"(//a[@class='add-to-cart yellow-btn'])[1]\"}\n  (Session info: headless chrome=117.0.5938.92); For documentation on this error, please visit: https://www.selenium.dev/documentation/webdriver/troubleshooting/errors#no-such-element-exception\nStacktrace:\n#0 0x5611a55c16b3 <unknown>\n#1 0x5611a52971e7 <unknown>\n#2 0x5611a52de566 <unknown>\n#3 0x5611a52de651 <unknown>\n#4 0x5611a531ba74 <unknown>\n#5 0x5611a53000ed <unknown>\n#6 0x5611a5319322 <unknown>\n#7 0x5611a52ffe93 <unknown>\n#8 0x5611a52d2934 <unknown>\n#9 0x5611a52d371e <unknown>\n#10 0x5611a5586cb8 <unknown>\n#11 0x5611a558abf0 <unknown>\n#12 0x5611a559519c <unknown>\n#13 0x5611a558b808 <unknown>\n#14 0x5611a555827f <unknown>\n#15 0x5611a55afe88 <unknown>\n#16 0x5611a55b0059 <unknown>\n#17 0x5611a55c0843 <unknown>\n#18 0x7efe00e56044 <unknown>","time":{"start":1696122349768,"stop":1696122350270,"duration":502}},{"uid":"29d3828dc7b90f5f","reportUrl":"https://Nat754.github.io/StroyremAutomation/79//#testresult/29d3828dc7b90f5f","status":"skipped","statusDetails":"XFAIL\n\nselenium.common.exceptions.NoSuchElementException: Message: no such element: Unable to locate element: {\"method\":\"xpath\",\"selector\":\"(//a[@class='add-to-cart yellow-btn'])[1]\"}\n  (Session info: headless chrome=117.0.5938.92); For documentation on this error, please visit: https://www.selenium.dev/documentation/webdriver/troubleshooting/errors#no-such-element-exception\nStacktrace:\n#0 0x55bf7b6706b3 <unknown>\n#1 0x55bf7b3461e7 <unknown>\n#2 0x55bf7b38d566 <unknown>\n#3 0x55bf7b38d651 <unknown>\n#4 0x55bf7b3caa74 <unknown>\n#5 0x55bf7b3af0ed <unknown>\n#6 0x55bf7b3c8322 <unknown>\n#7 0x55bf7b3aee93 <unknown>\n#8 0x55bf7b381934 <unknown>\n#9 0x55bf7b38271e <unknown>\n#10 0x55bf7b635cb8 <unknown>\n#11 0x55bf7b639bf0 <unknown>\n#12 0x55bf7b64419c <unknown>\n#13 0x55bf7b63a808 <unknown>\n#14 0x55bf7b60727f <unknown>\n#15 0x55bf7b65ee88 <unknown>\n#16 0x55bf7b65f059 <unknown>\n#17 0x55bf7b66f843 <unknown>\n#18 0x7efe8b3a4044 <unknown>","time":{"start":1696035340481,"stop":1696035340918,"duration":437}},{"uid":"bf5b5429fbb82707","reportUrl":"https://Nat754.github.io/StroyremAutomation/78//#testresult/bf5b5429fbb82707","status":"skipped","statusDetails":"XFAIL\n\nselenium.common.exceptions.NoSuchElementException: Message: no such element: Unable to locate element: {\"method\":\"xpath\",\"selector\":\"(//a[@class='add-to-cart yellow-btn'])[1]\"}\n  (Session info: headless chrome=117.0.5938.92); For documentation on this error, please visit: https://www.selenium.dev/documentation/webdriver/troubleshooting/errors#no-such-element-exception\nStacktrace:\n#0 0x55d7cb7ab6b3 <unknown>\n#1 0x55d7cb4811e7 <unknown>\n#2 0x55d7cb4c8566 <unknown>\n#3 0x55d7cb4c8651 <unknown>\n#4 0x55d7cb505a74 <unknown>\n#5 0x55d7cb4ea0ed <unknown>\n#6 0x55d7cb503322 <unknown>\n#7 0x55d7cb4e9e93 <unknown>\n#8 0x55d7cb4bc934 <unknown>\n#9 0x55d7cb4bd71e <unknown>\n#10 0x55d7cb770cb8 <unknown>\n#11 0x55d7cb774bf0 <unknown>\n#12 0x55d7cb77f19c <unknown>\n#13 0x55d7cb775808 <unknown>\n#14 0x55d7cb74227f <unknown>\n#15 0x55d7cb799e88 <unknown>\n#16 0x55d7cb79a059 <unknown>\n#17 0x55d7cb7aa843 <unknown>\n#18 0x7fdeb7c2c044 <unknown>","time":{"start":1695949069785,"stop":1695949070186,"duration":401}},{"uid":"6188130b567b2715","reportUrl":"https://Nat754.github.io/StroyremAutomation/77//#testresult/6188130b567b2715","status":"skipped","statusDetails":"XFAIL\n\nselenium.common.exceptions.NoSuchElementException: Message: no such element: Unable to locate element: {\"method\":\"xpath\",\"selector\":\"(//a[@class='add-to-cart yellow-btn'])[1]\"}\n  (Session info: headless chrome=117.0.5938.92); For documentation on this error, please visit: https://www.selenium.dev/documentation/webdriver/troubleshooting/errors#no-such-element-exception\nStacktrace:\n#0 0x560813bd96b3 <unknown>\n#1 0x5608138af1e7 <unknown>\n#2 0x5608138f6566 <unknown>\n#3 0x5608138f6651 <unknown>\n#4 0x560813933a74 <unknown>\n#5 0x5608139180ed <unknown>\n#6 0x560813931322 <unknown>\n#7 0x560813917e93 <unknown>\n#8 0x5608138ea934 <unknown>\n#9 0x5608138eb71e <unknown>\n#10 0x560813b9ecb8 <unknown>\n#11 0x560813ba2bf0 <unknown>\n#12 0x560813bad19c <unknown>\n#13 0x560813ba3808 <unknown>\n#14 0x560813b7027f <unknown>\n#15 0x560813bc7e88 <unknown>\n#16 0x560813bc8059 <unknown>\n#17 0x560813bd8843 <unknown>\n#18 0x7f1748a60044 <unknown>","time":{"start":1695862833486,"stop":1695862834112,"duration":626}},{"uid":"ae4a8c6cca03d5b0","reportUrl":"https://Nat754.github.io/StroyremAutomation/76//#testresult/ae4a8c6cca03d5b0","status":"skipped","statusDetails":"XFAIL\n\nselenium.common.exceptions.ElementNotInteractableException: Message: element not interactable\n  (Session info: headless chrome=117.0.5938.92)\nStacktrace:\n#0 0x55f2e43346b3 <unknown>\n#1 0x55f2e400a036 <unknown>\n#2 0x55f2e4048c1d <unknown>\n#3 0x55f2e40730c2 <unknown>\n#4 0x55f2e4046f16 <unknown>\n#5 0x55f2e407328e <unknown>\n#6 0x55f2e408c322 <unknown>\n#7 0x55f2e4072e93 <unknown>\n#8 0x55f2e4045934 <unknown>\n#9 0x55f2e404671e <unknown>\n#10 0x55f2e42f9cb8 <unknown>\n#11 0x55f2e42fdbf0 <unknown>\n#12 0x55f2e430819c <unknown>\n#13 0x55f2e42fe808 <unknown>\n#14 0x55f2e42cb27f <unknown>\n#15 0x55f2e4322e88 <unknown>\n#16 0x55f2e4323059 <unknown>\n#17 0x55f2e4333843 <unknown>\n#18 0x7f1d46625044 <unknown>","time":{"start":1695776592366,"stop":1695776599166,"duration":6800}},{"uid":"5615f7927fa3e840","reportUrl":"https://Nat754.github.io/StroyremAutomation/75//#testresult/5615f7927fa3e840","status":"skipped","statusDetails":"XFAIL\n\nselenium.common.exceptions.NoSuchElementException: Message: no such element: Unable to locate element: {\"method\":\"xpath\",\"selector\":\"(//a[@class='add-to-cart yellow-btn'])[1]\"}\n  (Session info: headless chrome=117.0.5938.92); For documentation on this error, please visit: https://www.selenium.dev/documentation/webdriver/troubleshooting/errors#no-such-element-exception\nStacktrace:\n#0 0x55fcf51f46b3 <unknown>\n#1 0x55fcf4eca1e7 <unknown>\n#2 0x55fcf4f11566 <unknown>\n#3 0x55fcf4f11651 <unknown>\n#4 0x55fcf4f4ea74 <unknown>\n#5 0x55fcf4f330ed <unknown>\n#6 0x55fcf4f4c322 <unknown>\n#7 0x55fcf4f32e93 <unknown>\n#8 0x55fcf4f05934 <unknown>\n#9 0x55fcf4f0671e <unknown>\n#10 0x55fcf51b9cb8 <unknown>\n#11 0x55fcf51bdbf0 <unknown>\n#12 0x55fcf51c819c <unknown>\n#13 0x55fcf51be808 <unknown>\n#14 0x55fcf518b27f <unknown>\n#15 0x55fcf51e2e88 <unknown>\n#16 0x55fcf51e3059 <unknown>\n#17 0x55fcf51f3843 <unknown>\n#18 0x7f03e4e28044 <unknown>","time":{"start":1695690109424,"stop":1695690109959,"duration":535}},{"uid":"8a4a51b2ae3da902","reportUrl":"https://Nat754.github.io/StroyremAutomation/74//#testresult/8a4a51b2ae3da902","status":"skipped","statusDetails":"XFAIL\n\nselenium.common.exceptions.NoSuchElementException: Message: no such element: Unable to locate element: {\"method\":\"xpath\",\"selector\":\"(//a[@class='add-to-cart yellow-btn'])[1]\"}\n  (Session info: headless chrome=117.0.5938.92); For documentation on this error, please visit: https://www.selenium.dev/documentation/webdriver/troubleshooting/errors#no-such-element-exception\nStacktrace:\n#0 0x55950b91a6b3 <unknown>\n#1 0x55950b5f01e7 <unknown>\n#2 0x55950b637566 <unknown>\n#3 0x55950b637651 <unknown>\n#4 0x55950b674a74 <unknown>\n#5 0x55950b6590ed <unknown>\n#6 0x55950b672322 <unknown>\n#7 0x55950b658e93 <unknown>\n#8 0x55950b62b934 <unknown>\n#9 0x55950b62c71e <unknown>\n#10 0x55950b8dfcb8 <unknown>\n#11 0x55950b8e3bf0 <unknown>\n#12 0x55950b8ee19c <unknown>\n#13 0x55950b8e4808 <unknown>\n#14 0x55950b8b127f <unknown>\n#15 0x55950b908e88 <unknown>\n#16 0x55950b909059 <unknown>\n#17 0x55950b919843 <unknown>\n#18 0x7feb1e66c044 <unknown>","time":{"start":1695603688032,"stop":1695603688685,"duration":653}},{"uid":"4754571d35e1429f","reportUrl":"https://Nat754.github.io/StroyremAutomation/73//#testresult/4754571d35e1429f","status":"skipped","statusDetails":"XFAIL\n\nselenium.common.exceptions.NoSuchElementException: Message: no such element: Unable to locate element: {\"method\":\"xpath\",\"selector\":\"(//a[@class='add-to-cart yellow-btn'])[1]\"}\n  (Session info: headless chrome=117.0.5938.92); For documentation on this error, please visit: https://www.selenium.dev/documentation/webdriver/troubleshooting/errors#no-such-element-exception\nStacktrace:\n#0 0x565053e886b3 <unknown>\n#1 0x565053b5e1e7 <unknown>\n#2 0x565053ba5566 <unknown>\n#3 0x565053ba5651 <unknown>\n#4 0x565053be2a74 <unknown>\n#5 0x565053bc70ed <unknown>\n#6 0x565053be0322 <unknown>\n#7 0x565053bc6e93 <unknown>\n#8 0x565053b99934 <unknown>\n#9 0x565053b9a71e <unknown>\n#10 0x565053e4dcb8 <unknown>\n#11 0x565053e51bf0 <unknown>\n#12 0x565053e5c19c <unknown>\n#13 0x565053e52808 <unknown>\n#14 0x565053e1f27f <unknown>\n#15 0x565053e76e88 <unknown>\n#16 0x565053e77059 <unknown>\n#17 0x565053e87843 <unknown>\n#18 0x7f6c7bb0b044 <unknown>","time":{"start":1695517195959,"stop":1695517196463,"duration":504}},{"uid":"bb0b5d81ce26a79b","reportUrl":"https://Nat754.github.io/StroyremAutomation/72//#testresult/bb0b5d81ce26a79b","status":"skipped","statusDetails":"XFAIL\n\nselenium.common.exceptions.NoSuchElementException: Message: no such element: Unable to locate element: {\"method\":\"xpath\",\"selector\":\"(//a[@class='add-to-cart yellow-btn'])[1]\"}\n  (Session info: headless chrome=117.0.5938.92); For documentation on this error, please visit: https://www.selenium.dev/documentation/webdriver/troubleshooting/errors#no-such-element-exception\nStacktrace:\n#0 0x55e56f50f6b3 <unknown>\n#1 0x55e56f1e51e7 <unknown>\n#2 0x55e56f22c566 <unknown>\n#3 0x55e56f22c651 <unknown>\n#4 0x55e56f269a74 <unknown>\n#5 0x55e56f24e0ed <unknown>\n#6 0x55e56f267322 <unknown>\n#7 0x55e56f24de93 <unknown>\n#8 0x55e56f220934 <unknown>\n#9 0x55e56f22171e <unknown>\n#10 0x55e56f4d4cb8 <unknown>\n#11 0x55e56f4d8bf0 <unknown>\n#12 0x55e56f4e319c <unknown>\n#13 0x55e56f4d9808 <unknown>\n#14 0x55e56f4a627f <unknown>\n#15 0x55e56f4fde88 <unknown>\n#16 0x55e56f4fe059 <unknown>\n#17 0x55e56f50e843 <unknown>\n#18 0x7f554eee3044 <unknown>","time":{"start":1695430713962,"stop":1695430714631,"duration":669}}]},"tags":["@pytest.mark.xfail","smoke_test"]},"source":"a3d9002520c65a7a.json","parameterValues":["3320","25","'TD 019'","2490","'products/shtukaturka-gipsovaya-aksolit-m50-30-kg-mashinnogo-naneseniya'","1150","'https://sandboxtest.stroyrem-nn.ru/'","1700"]}