{"uid":"972706267d1e2f33","name":"TD 023 Доставка товара весом до 6200кг. в синей зоне","fullName":"tests.delivery.test_delivery_calculation.TestDeliveryPageCalculation#test_positive_delivery_blue_zone_smoke","historyId":"fe4664de905f76a94b6350f1590cde09","time":{"start":1705455859078,"stop":1705455989206,"duration":130128},"status":"skipped","statusMessage":"XFAIL\n\nselenium.common.exceptions.WebDriverException: Message: unknown error: net::ERR_CONNECTION_TIMED_OUT\n  (Session info: chrome-headless-shell=120.0.6099.109)\nStacktrace:\n#0 0x560a21c4ff83 <unknown>\n#1 0x560a21908cf7 <unknown>\n#2 0x560a219006ea <unknown>\n#3 0x560a218ef5a1 <unknown>\n#4 0x560a218f0d40 <unknown>\n#5 0x560a218ef854 <unknown>\n#6 0x560a218ee586 <unknown>\n#7 0x560a218ee44a <unknown>\n#8 0x560a218ec7e1 <unknown>\n#9 0x560a218ed01a <unknown>\n#10 0x560a2190bbbe <unknown>\n#11 0x560a219a17a5 <unknown>\n#12 0x560a219820b2 <unknown>\n#13 0x560a219a1006 <unknown>\n#14 0x560a21981e53 <unknown>\n#15 0x560a21949dd4 <unknown>\n#16 0x560a2194b1de <unknown>\n#17 0x560a21c14531 <unknown>\n#18 0x560a21c18455 <unknown>\n#19 0x560a21c00f55 <unknown>\n#20 0x560a21c190ef <unknown>\n#21 0x560a21be499f <unknown>\n#22 0x560a21c3d008 <unknown>\n#23 0x560a21c3d1d7 <unknown>\n#24 0x560a21c4f124 <unknown>\n#25 0x7fcff6f0e044 <unknown>","statusTrace":"self = <tests.delivery.test_delivery_calculation.TestDeliveryPageCalculation object at 0x7fafcce846d0>\ndriver = <selenium.webdriver.chrome.webdriver.WebDriver (session=\"ac0b7c05f6991d648350ad3c2faf0754\")>\nurl = 'https://sandboxtest.stroyrem-nn.ru/', case_id = 'TD 023'\nlink_item = 'products/shtukaturka-gipsovaya-aksolit-m50-30-kg-mashinnogo-naneseniya'\namount = 206, weight = 6200, standard = 3300, in_time = 7500, all_time = 8000\n\n    @pytest.mark.parametrize('case_id, link_item, amount, weight, standard, in_time, all_time', [\n        (\"TD 015\", bundeks_25, 1, 30, 650, 2390, 3320),\n        pytest.param(\n            \"TD 016\", aksolit_30, 8, 300, 650, 2390, 3320,\n            marks=pytest.mark.xfail(reson=\"Цена доставки: - - -\")\n        ),\n        (\"TD 017\", aksolit_30, 13, 400, 650, 2390, 3320),\n        (\"TD 018\", aksolit_30, 16, 500, 850, 2490, 3320),\n        (\"TD 019\", aksolit_30, 25, 1700, 1150, 2490, 3320),\n        (\"TD 020\", aksolit_30, 66, 2000, 1500, 2990, 3650),\n        (\"TD 021\", aksolit_30, 149, 4500, 2600, 4380, 4890),\n        (\"TD 022\", aksolit_30, 166, 5000, 2800, 5490, 5980),\n        pytest.param(\n            \"TD 023\", aksolit_30, 206, 6200, 3300, 7500, 8000,\n            marks=pytest.mark.xfail(reson=\"Цена доставки: 4300 9900 11440\")\n        ),\n        (\"TD 024\", aksolit_30, 299, 9000, 4300, 9900, 11440),\n        (\"TD 025\", aksolit_30, 333, 10000, 7000, 13900, 15900),\n        pytest.param(\n            \"TD 026\", aksolit_30, 366, 11000, 8000, 14900, 19900,\n            marks=pytest.mark.xfail(reson=\"Цена доставки: 7000 13900 15900\")\n        ),\n        pytest.param(\n            \"TD 027\", aksolit_30, 666, 20000, 14000, 16900, 23900,\n            marks=pytest.mark.xfail(reson=\"Цена доставки: 7000 13900 15900\")\n        )\n    ])\n    @pytest.mark.xfail\n    @pytest.mark.smoke_test\n    def test_positive_delivery_blue_zone_smoke(\n            self, driver, url, case_id, link_item, amount, weight, standard, in_time, all_time\n    ):\n        allure.dynamic.title(f\"{case_id} Доставка товара весом до {weight}кг. в синей зоне\")\n    \n>       driver.get(f'{url}{link_item}')\n\ntests/delivery/test_delivery_calculation.py:130: \n_ _ _ _ _ _ _ _ _ _ _ _ _ _ _ _ _ _ _ _ _ _ _ _ _ _ _ _ _ _ _ _ _ _ _ _ _ _ _ _ \n/usr/local/lib/python3.11/site-packages/selenium/webdriver/remote/webdriver.py:354: in get\n    self.execute(Command.GET, {\"url\": url})\n/usr/local/lib/python3.11/site-packages/selenium/webdriver/remote/webdriver.py:345: in execute\n    self.error_handler.check_response(response)\n_ _ _ _ _ _ _ _ _ _ _ _ _ _ _ _ _ _ _ _ _ _ _ _ _ _ _ _ _ _ _ _ _ _ _ _ _ _ _ _ \n\nself = <selenium.webdriver.remote.errorhandler.ErrorHandler object at 0x7fafcc83a490>\nresponse = {'status': 500, 'value': '{\"value\":{\"error\":\"unknown error\",\"message\":\"unknown error: net::ERR_CONNECTION_TIMED_OUT\\\\n...\\\\n#23 0x560a21c3d1d7 \\\\u003Cunknown>\\\\n#24 0x560a21c4f124 \\\\u003Cunknown>\\\\n#25 0x7fcff6f0e044 \\\\u003Cunknown>\\\\n\"}}'}\n\n    def check_response(self, response: Dict[str, Any]) -> None:\n        \"\"\"Checks that a JSON response from the WebDriver does not have an\n        error.\n    \n        :Args:\n         - response - The JSON response from the WebDriver server as a dictionary\n           object.\n    \n        :Raises: If the response contains an error message.\n        \"\"\"\n        status = response.get(\"status\", None)\n        if not status or status == ErrorCode.SUCCESS:\n            return\n        value = None\n        message = response.get(\"message\", \"\")\n        screen: str = response.get(\"screen\", \"\")\n        stacktrace = None\n        if isinstance(status, int):\n            value_json = response.get(\"value\", None)\n            if value_json and isinstance(value_json, str):\n                import json\n    \n                try:\n                    value = json.loads(value_json)\n                    if len(value) == 1:\n                        value = value[\"value\"]\n                    status = value.get(\"error\", None)\n                    if not status:\n                        status = value.get(\"status\", ErrorCode.UNKNOWN_ERROR)\n                        message = value.get(\"value\") or value.get(\"message\")\n                        if not isinstance(message, str):\n                            value = message\n                            message = message.get(\"message\")\n                    else:\n                        message = value.get(\"message\", None)\n                except ValueError:\n                    pass\n    \n        exception_class: Type[WebDriverException]\n        e = ErrorCode()\n        error_codes = [item for item in dir(e) if not item.startswith(\"__\")]\n        for error_code in error_codes:\n            error_info = getattr(ErrorCode, error_code)\n            if isinstance(error_info, list) and status in error_info:\n                exception_class = getattr(ExceptionMapping, error_code, WebDriverException)\n                break\n        else:\n            exception_class = WebDriverException\n    \n        if not value:\n            value = response[\"value\"]\n        if isinstance(value, str):\n            raise exception_class(value)\n        if message == \"\" and \"message\" in value:\n            message = value[\"message\"]\n    \n        screen = None  # type: ignore[assignment]\n        if \"screen\" in value:\n            screen = value[\"screen\"]\n    \n        stacktrace = None\n        st_value = value.get(\"stackTrace\") or value.get(\"stacktrace\")\n        if st_value:\n            if isinstance(st_value, str):\n                stacktrace = st_value.split(\"\\n\")\n            else:\n                stacktrace = []\n                try:\n                    for frame in st_value:\n                        line = frame.get(\"lineNumber\", \"\")\n                        file = frame.get(\"fileName\", \"<anonymous>\")\n                        if line:\n                            file = f\"{file}:{line}\"\n                        meth = frame.get(\"methodName\", \"<anonymous>\")\n                        if \"className\" in frame:\n                            meth = f\"{frame['className']}.{meth}\"\n                        msg = \"    at %s (%s)\"\n                        msg = msg % (meth, file)\n                        stacktrace.append(msg)\n                except TypeError:\n                    pass\n        if exception_class == UnexpectedAlertPresentException:\n            alert_text = None\n            if \"data\" in value:\n                alert_text = value[\"data\"].get(\"text\")\n            elif \"alert\" in value:\n                alert_text = value[\"alert\"].get(\"text\")\n            raise exception_class(message, screen, stacktrace, alert_text)  # type: ignore[call-arg]  # mypy is not smart enough here\n>       raise exception_class(message, screen, stacktrace)\nE       selenium.common.exceptions.WebDriverException: Message: unknown error: net::ERR_CONNECTION_TIMED_OUT\nE         (Session info: chrome-headless-shell=120.0.6099.109)\nE       Stacktrace:\nE       #0 0x560a21c4ff83 <unknown>\nE       #1 0x560a21908cf7 <unknown>\nE       #2 0x560a219006ea <unknown>\nE       #3 0x560a218ef5a1 <unknown>\nE       #4 0x560a218f0d40 <unknown>\nE       #5 0x560a218ef854 <unknown>\nE       #6 0x560a218ee586 <unknown>\nE       #7 0x560a218ee44a <unknown>\nE       #8 0x560a218ec7e1 <unknown>\nE       #9 0x560a218ed01a <unknown>\nE       #10 0x560a2190bbbe <unknown>\nE       #11 0x560a219a17a5 <unknown>\nE       #12 0x560a219820b2 <unknown>\nE       #13 0x560a219a1006 <unknown>\nE       #14 0x560a21981e53 <unknown>\nE       #15 0x560a21949dd4 <unknown>\nE       #16 0x560a2194b1de <unknown>\nE       #17 0x560a21c14531 <unknown>\nE       #18 0x560a21c18455 <unknown>\nE       #19 0x560a21c00f55 <unknown>\nE       #20 0x560a21c190ef <unknown>\nE       #21 0x560a21be499f <unknown>\nE       #22 0x560a21c3d008 <unknown>\nE       #23 0x560a21c3d1d7 <unknown>\nE       #24 0x560a21c4f124 <unknown>\nE       #25 0x7fcff6f0e044 <unknown>\n\n/usr/local/lib/python3.11/site-packages/selenium/webdriver/remote/errorhandler.py:229: WebDriverException","flaky":false,"newFailed":false,"newBroken":false,"newPassed":false,"retriesCount":0,"retriesStatusChange":false,"beforeStages":[{"name":"_session_faker","time":{"start":1705452738326,"stop":1705452738397,"duration":71},"status":"passed","steps":[],"attachments":[],"parameters":[],"shouldDisplayMessage":false,"stepsCount":0,"attachmentsCount":0,"hasContent":false,"attachmentStep":false},{"name":"clear_allure_results_folder","time":{"start":1705452738398,"stop":1705452738398,"duration":0},"status":"passed","steps":[],"attachments":[],"parameters":[],"shouldDisplayMessage":false,"stepsCount":0,"attachmentsCount":0,"hasContent":false,"attachmentStep":false},{"name":"driver","time":{"start":1705455858296,"stop":1705455859077,"duration":781},"status":"passed","steps":[],"attachments":[],"parameters":[],"shouldDisplayMessage":false,"stepsCount":0,"attachmentsCount":0,"hasContent":false,"attachmentStep":false},{"name":"setup","time":{"start":1705455859077,"stop":1705455859077,"duration":0},"status":"passed","steps":[],"attachments":[],"parameters":[],"shouldDisplayMessage":false,"stepsCount":0,"attachmentsCount":0,"hasContent":false,"attachmentStep":false}],"testStage":{"status":"skipped","statusMessage":"XFAIL\n\nselenium.common.exceptions.WebDriverException: Message: unknown error: net::ERR_CONNECTION_TIMED_OUT\n  (Session info: chrome-headless-shell=120.0.6099.109)\nStacktrace:\n#0 0x560a21c4ff83 <unknown>\n#1 0x560a21908cf7 <unknown>\n#2 0x560a219006ea <unknown>\n#3 0x560a218ef5a1 <unknown>\n#4 0x560a218f0d40 <unknown>\n#5 0x560a218ef854 <unknown>\n#6 0x560a218ee586 <unknown>\n#7 0x560a218ee44a <unknown>\n#8 0x560a218ec7e1 <unknown>\n#9 0x560a218ed01a <unknown>\n#10 0x560a2190bbbe <unknown>\n#11 0x560a219a17a5 <unknown>\n#12 0x560a219820b2 <unknown>\n#13 0x560a219a1006 <unknown>\n#14 0x560a21981e53 <unknown>\n#15 0x560a21949dd4 <unknown>\n#16 0x560a2194b1de <unknown>\n#17 0x560a21c14531 <unknown>\n#18 0x560a21c18455 <unknown>\n#19 0x560a21c00f55 <unknown>\n#20 0x560a21c190ef <unknown>\n#21 0x560a21be499f <unknown>\n#22 0x560a21c3d008 <unknown>\n#23 0x560a21c3d1d7 <unknown>\n#24 0x560a21c4f124 <unknown>\n#25 0x7fcff6f0e044 <unknown>","statusTrace":"self = <tests.delivery.test_delivery_calculation.TestDeliveryPageCalculation object at 0x7fafcce846d0>\ndriver = <selenium.webdriver.chrome.webdriver.WebDriver (session=\"ac0b7c05f6991d648350ad3c2faf0754\")>\nurl = 'https://sandboxtest.stroyrem-nn.ru/', case_id = 'TD 023'\nlink_item = 'products/shtukaturka-gipsovaya-aksolit-m50-30-kg-mashinnogo-naneseniya'\namount = 206, weight = 6200, standard = 3300, in_time = 7500, all_time = 8000\n\n    @pytest.mark.parametrize('case_id, link_item, amount, weight, standard, in_time, all_time', [\n        (\"TD 015\", bundeks_25, 1, 30, 650, 2390, 3320),\n        pytest.param(\n            \"TD 016\", aksolit_30, 8, 300, 650, 2390, 3320,\n            marks=pytest.mark.xfail(reson=\"Цена доставки: - - -\")\n        ),\n        (\"TD 017\", aksolit_30, 13, 400, 650, 2390, 3320),\n        (\"TD 018\", aksolit_30, 16, 500, 850, 2490, 3320),\n        (\"TD 019\", aksolit_30, 25, 1700, 1150, 2490, 3320),\n        (\"TD 020\", aksolit_30, 66, 2000, 1500, 2990, 3650),\n        (\"TD 021\", aksolit_30, 149, 4500, 2600, 4380, 4890),\n        (\"TD 022\", aksolit_30, 166, 5000, 2800, 5490, 5980),\n        pytest.param(\n            \"TD 023\", aksolit_30, 206, 6200, 3300, 7500, 8000,\n            marks=pytest.mark.xfail(reson=\"Цена доставки: 4300 9900 11440\")\n        ),\n        (\"TD 024\", aksolit_30, 299, 9000, 4300, 9900, 11440),\n        (\"TD 025\", aksolit_30, 333, 10000, 7000, 13900, 15900),\n        pytest.param(\n            \"TD 026\", aksolit_30, 366, 11000, 8000, 14900, 19900,\n            marks=pytest.mark.xfail(reson=\"Цена доставки: 7000 13900 15900\")\n        ),\n        pytest.param(\n            \"TD 027\", aksolit_30, 666, 20000, 14000, 16900, 23900,\n            marks=pytest.mark.xfail(reson=\"Цена доставки: 7000 13900 15900\")\n        )\n    ])\n    @pytest.mark.xfail\n    @pytest.mark.smoke_test\n    def test_positive_delivery_blue_zone_smoke(\n            self, driver, url, case_id, link_item, amount, weight, standard, in_time, all_time\n    ):\n        allure.dynamic.title(f\"{case_id} Доставка товара весом до {weight}кг. в синей зоне\")\n    \n>       driver.get(f'{url}{link_item}')\n\ntests/delivery/test_delivery_calculation.py:130: \n_ _ _ _ _ _ _ _ _ _ _ _ _ _ _ _ _ _ _ _ _ _ _ _ _ _ _ _ _ _ _ _ _ _ _ _ _ _ _ _ \n/usr/local/lib/python3.11/site-packages/selenium/webdriver/remote/webdriver.py:354: in get\n    self.execute(Command.GET, {\"url\": url})\n/usr/local/lib/python3.11/site-packages/selenium/webdriver/remote/webdriver.py:345: in execute\n    self.error_handler.check_response(response)\n_ _ _ _ _ _ _ _ _ _ _ _ _ _ _ _ _ _ _ _ _ _ _ _ _ _ _ _ _ _ _ _ _ _ _ _ _ _ _ _ \n\nself = <selenium.webdriver.remote.errorhandler.ErrorHandler object at 0x7fafcc83a490>\nresponse = {'status': 500, 'value': '{\"value\":{\"error\":\"unknown error\",\"message\":\"unknown error: net::ERR_CONNECTION_TIMED_OUT\\\\n...\\\\n#23 0x560a21c3d1d7 \\\\u003Cunknown>\\\\n#24 0x560a21c4f124 \\\\u003Cunknown>\\\\n#25 0x7fcff6f0e044 \\\\u003Cunknown>\\\\n\"}}'}\n\n    def check_response(self, response: Dict[str, Any]) -> None:\n        \"\"\"Checks that a JSON response from the WebDriver does not have an\n        error.\n    \n        :Args:\n         - response - The JSON response from the WebDriver server as a dictionary\n           object.\n    \n        :Raises: If the response contains an error message.\n        \"\"\"\n        status = response.get(\"status\", None)\n        if not status or status == ErrorCode.SUCCESS:\n            return\n        value = None\n        message = response.get(\"message\", \"\")\n        screen: str = response.get(\"screen\", \"\")\n        stacktrace = None\n        if isinstance(status, int):\n            value_json = response.get(\"value\", None)\n            if value_json and isinstance(value_json, str):\n                import json\n    \n                try:\n                    value = json.loads(value_json)\n                    if len(value) == 1:\n                        value = value[\"value\"]\n                    status = value.get(\"error\", None)\n                    if not status:\n                        status = value.get(\"status\", ErrorCode.UNKNOWN_ERROR)\n                        message = value.get(\"value\") or value.get(\"message\")\n                        if not isinstance(message, str):\n                            value = message\n                            message = message.get(\"message\")\n                    else:\n                        message = value.get(\"message\", None)\n                except ValueError:\n                    pass\n    \n        exception_class: Type[WebDriverException]\n        e = ErrorCode()\n        error_codes = [item for item in dir(e) if not item.startswith(\"__\")]\n        for error_code in error_codes:\n            error_info = getattr(ErrorCode, error_code)\n            if isinstance(error_info, list) and status in error_info:\n                exception_class = getattr(ExceptionMapping, error_code, WebDriverException)\n                break\n        else:\n            exception_class = WebDriverException\n    \n        if not value:\n            value = response[\"value\"]\n        if isinstance(value, str):\n            raise exception_class(value)\n        if message == \"\" and \"message\" in value:\n            message = value[\"message\"]\n    \n        screen = None  # type: ignore[assignment]\n        if \"screen\" in value:\n            screen = value[\"screen\"]\n    \n        stacktrace = None\n        st_value = value.get(\"stackTrace\") or value.get(\"stacktrace\")\n        if st_value:\n            if isinstance(st_value, str):\n                stacktrace = st_value.split(\"\\n\")\n            else:\n                stacktrace = []\n                try:\n                    for frame in st_value:\n                        line = frame.get(\"lineNumber\", \"\")\n                        file = frame.get(\"fileName\", \"<anonymous>\")\n                        if line:\n                            file = f\"{file}:{line}\"\n                        meth = frame.get(\"methodName\", \"<anonymous>\")\n                        if \"className\" in frame:\n                            meth = f\"{frame['className']}.{meth}\"\n                        msg = \"    at %s (%s)\"\n                        msg = msg % (meth, file)\n                        stacktrace.append(msg)\n                except TypeError:\n                    pass\n        if exception_class == UnexpectedAlertPresentException:\n            alert_text = None\n            if \"data\" in value:\n                alert_text = value[\"data\"].get(\"text\")\n            elif \"alert\" in value:\n                alert_text = value[\"alert\"].get(\"text\")\n            raise exception_class(message, screen, stacktrace, alert_text)  # type: ignore[call-arg]  # mypy is not smart enough here\n>       raise exception_class(message, screen, stacktrace)\nE       selenium.common.exceptions.WebDriverException: Message: unknown error: net::ERR_CONNECTION_TIMED_OUT\nE         (Session info: chrome-headless-shell=120.0.6099.109)\nE       Stacktrace:\nE       #0 0x560a21c4ff83 <unknown>\nE       #1 0x560a21908cf7 <unknown>\nE       #2 0x560a219006ea <unknown>\nE       #3 0x560a218ef5a1 <unknown>\nE       #4 0x560a218f0d40 <unknown>\nE       #5 0x560a218ef854 <unknown>\nE       #6 0x560a218ee586 <unknown>\nE       #7 0x560a218ee44a <unknown>\nE       #8 0x560a218ec7e1 <unknown>\nE       #9 0x560a218ed01a <unknown>\nE       #10 0x560a2190bbbe <unknown>\nE       #11 0x560a219a17a5 <unknown>\nE       #12 0x560a219820b2 <unknown>\nE       #13 0x560a219a1006 <unknown>\nE       #14 0x560a21981e53 <unknown>\nE       #15 0x560a21949dd4 <unknown>\nE       #16 0x560a2194b1de <unknown>\nE       #17 0x560a21c14531 <unknown>\nE       #18 0x560a21c18455 <unknown>\nE       #19 0x560a21c00f55 <unknown>\nE       #20 0x560a21c190ef <unknown>\nE       #21 0x560a21be499f <unknown>\nE       #22 0x560a21c3d008 <unknown>\nE       #23 0x560a21c3d1d7 <unknown>\nE       #24 0x560a21c4f124 <unknown>\nE       #25 0x7fcff6f0e044 <unknown>\n\n/usr/local/lib/python3.11/site-packages/selenium/webdriver/remote/errorhandler.py:229: WebDriverException","steps":[],"attachments":[{"uid":"4b1312f1cd29c968","name":"Screenshot","source":"4b1312f1cd29c968.png","type":"image/png","size":5862},{"uid":"494200cb3afffb11","name":"HTML source","source":"494200cb3afffb11.html","type":"text/html","size":39}],"parameters":[],"shouldDisplayMessage":true,"stepsCount":0,"attachmentsCount":2,"hasContent":true,"attachmentStep":false},"afterStages":[{"name":"setup::0","time":{"start":1705455989316,"stop":1705455989316,"duration":0},"status":"passed","steps":[],"attachments":[],"parameters":[],"shouldDisplayMessage":false,"stepsCount":0,"attachmentsCount":0,"hasContent":false,"attachmentStep":false},{"name":"driver::0","time":{"start":1705455989316,"stop":1705455989373,"duration":57},"status":"passed","steps":[],"attachments":[],"parameters":[],"shouldDisplayMessage":false,"stepsCount":0,"attachmentsCount":0,"hasContent":false,"attachmentStep":false}],"labels":[{"name":"epic","value":"Delivery Page - calculation"},{"name":"tag","value":"smoke_test"},{"name":"tag","value":"@pytest.mark.xfail"},{"name":"parentSuite","value":"tests.delivery"},{"name":"suite","value":"test_delivery_calculation"},{"name":"subSuite","value":"TestDeliveryPageCalculation"},{"name":"host","value":"6c42da1d805d"},{"name":"thread","value":"1-MainThread"},{"name":"framework","value":"pytest"},{"name":"language","value":"cpython3"},{"name":"package","value":"tests.delivery.test_delivery_calculation"},{"name":"resultFormat","value":"allure2"}],"parameters":[{"name":"all_time","value":"8000"},{"name":"amount","value":"206"},{"name":"case_id","value":"'TD 023'"},{"name":"in_time","value":"7500"},{"name":"link_item","value":"'products/shtukaturka-gipsovaya-aksolit-m50-30-kg-mashinnogo-naneseniya'"},{"name":"standard","value":"3300"},{"name":"url","value":"'https://sandboxtest.stroyrem-nn.ru/'"},{"name":"weight","value":"6200"}],"links":[],"hidden":false,"retry":false,"extra":{"severity":"normal","retries":[],"categories":[],"history":{"statistic":{"failed":0,"broken":0,"skipped":141,"passed":0,"unknown":0,"total":141},"items":[{"uid":"ef614aef7bbf8872","reportUrl":"https://Nat754.github.io/StroyremAutomation/188//#testresult/ef614aef7bbf8872","status":"skipped","statusDetails":"XFAIL\n\nselenium.common.exceptions.WebDriverException: Message: unknown error: net::ERR_CONNECTION_TIMED_OUT\n  (Session info: chrome-headless-shell=120.0.6099.109)\nStacktrace:\n#0 0x556bba280f83 <unknown>\n#1 0x556bb9f39cf7 <unknown>\n#2 0x556bb9f316ea <unknown>\n#3 0x556bb9f205a1 <unknown>\n#4 0x556bb9f21d40 <unknown>\n#5 0x556bb9f20854 <unknown>\n#6 0x556bb9f1f586 <unknown>\n#7 0x556bb9f1f44a <unknown>\n#8 0x556bb9f1d7e1 <unknown>\n#9 0x556bb9f1e01a <unknown>\n#10 0x556bb9f3cbbe <unknown>\n#11 0x556bb9fd27a5 <unknown>\n#12 0x556bb9fb30b2 <unknown>\n#13 0x556bb9fd2006 <unknown>\n#14 0x556bb9fb2e53 <unknown>\n#15 0x556bb9f7add4 <unknown>\n#16 0x556bb9f7c1de <unknown>\n#17 0x556bba245531 <unknown>\n#18 0x556bba249455 <unknown>\n#19 0x556bba231f55 <unknown>\n#20 0x556bba24a0ef <unknown>\n#21 0x556bba21599f <unknown>\n#22 0x556bba26e008 <unknown>\n#23 0x556bba26e1d7 <unknown>\n#24 0x556bba280124 <unknown>\n#25 0x7fb4937d4044 <unknown>","time":{"start":1705369575630,"stop":1705369705767,"duration":130137}},{"uid":"23a4c2bc1131c42","reportUrl":"https://Nat754.github.io/StroyremAutomation/187//#testresult/23a4c2bc1131c42","status":"skipped","statusDetails":"XFAIL\n\nselenium.common.exceptions.NoSuchElementException: Message: no such element: Unable to locate element: {\"method\":\"xpath\",\"selector\":\"(//a[@class='add-to-cart yellow-btn'])[1]\"}\n  (Session info: chrome-headless-shell=120.0.6099.109); For documentation on this error, please visit: https://www.selenium.dev/documentation/webdriver/troubleshooting/errors#no-such-element-exception\nStacktrace:\n#0 0x5576b5f47f83 <unknown>\n#1 0x5576b5c00cf7 <unknown>\n#2 0x5576b5c5099e <unknown>\n#3 0x5576b5c50aa1 <unknown>\n#4 0x5576b5c9bd64 <unknown>\n#5 0x5576b5c7a0dd <unknown>\n#6 0x5576b5c99006 <unknown>\n#7 0x5576b5c79e53 <unknown>\n#8 0x5576b5c41dd4 <unknown>\n#9 0x5576b5c431de <unknown>\n#10 0x5576b5f0c531 <unknown>\n#11 0x5576b5f10455 <unknown>\n#12 0x5576b5ef8f55 <unknown>\n#13 0x5576b5f110ef <unknown>\n#14 0x5576b5edc99f <unknown>\n#15 0x5576b5f35008 <unknown>\n#16 0x5576b5f351d7 <unknown>\n#17 0x5576b5f47124 <unknown>\n#18 0x7f4d6c62b044 <unknown>","time":{"start":1705280343806,"stop":1705280344305,"duration":499}},{"uid":"b395c9f24451426b","reportUrl":"https://Nat754.github.io/StroyremAutomation/186//#testresult/b395c9f24451426b","status":"skipped","statusDetails":"XFAIL\n\nselenium.common.exceptions.NoSuchElementException: Message: no such element: Unable to locate element: {\"method\":\"xpath\",\"selector\":\"(//a[@class='add-to-cart yellow-btn'])[1]\"}\n  (Session info: chrome-headless-shell=120.0.6099.109); For documentation on this error, please visit: https://www.selenium.dev/documentation/webdriver/troubleshooting/errors#no-such-element-exception\nStacktrace:\n#0 0x5604f655cf83 <unknown>\n#1 0x5604f6215cf7 <unknown>\n#2 0x5604f626599e <unknown>\n#3 0x5604f6265aa1 <unknown>\n#4 0x5604f62b0d64 <unknown>\n#5 0x5604f628f0dd <unknown>\n#6 0x5604f62ae006 <unknown>\n#7 0x5604f628ee53 <unknown>\n#8 0x5604f6256dd4 <unknown>\n#9 0x5604f62581de <unknown>\n#10 0x5604f6521531 <unknown>\n#11 0x5604f6525455 <unknown>\n#12 0x5604f650df55 <unknown>\n#13 0x5604f65260ef <unknown>\n#14 0x5604f64f199f <unknown>\n#15 0x5604f654a008 <unknown>\n#16 0x5604f654a1d7 <unknown>\n#17 0x5604f655c124 <unknown>\n#18 0x7fa9aa4e9044 <unknown>","time":{"start":1705194085943,"stop":1705194086398,"duration":455}},{"uid":"3f5587c000c5c094","reportUrl":"https://Nat754.github.io/StroyremAutomation/185//#testresult/3f5587c000c5c094","status":"skipped","statusDetails":"XFAIL\n\nselenium.common.exceptions.NoSuchElementException: Message: no such element: Unable to locate element: {\"method\":\"xpath\",\"selector\":\"(//a[@class='add-to-cart yellow-btn'])[1]\"}\n  (Session info: chrome-headless-shell=120.0.6099.109); For documentation on this error, please visit: https://www.selenium.dev/documentation/webdriver/troubleshooting/errors#no-such-element-exception\nStacktrace:\n#0 0x55ed60924f83 <unknown>\n#1 0x55ed605ddcf7 <unknown>\n#2 0x55ed6062d99e <unknown>\n#3 0x55ed6062daa1 <unknown>\n#4 0x55ed60678d64 <unknown>\n#5 0x55ed606570dd <unknown>\n#6 0x55ed60676006 <unknown>\n#7 0x55ed60656e53 <unknown>\n#8 0x55ed6061edd4 <unknown>\n#9 0x55ed606201de <unknown>\n#10 0x55ed608e9531 <unknown>\n#11 0x55ed608ed455 <unknown>\n#12 0x55ed608d5f55 <unknown>\n#13 0x55ed608ee0ef <unknown>\n#14 0x55ed608b999f <unknown>\n#15 0x55ed60912008 <unknown>\n#16 0x55ed609121d7 <unknown>\n#17 0x55ed60924124 <unknown>\n#18 0x7fde93aa6044 <unknown>","time":{"start":1705107396697,"stop":1705107397191,"duration":494}},{"uid":"1a4b9662917b01d4","reportUrl":"https://Nat754.github.io/StroyremAutomation/184//#testresult/1a4b9662917b01d4","status":"skipped","statusDetails":"XFAIL\n\nselenium.common.exceptions.NoSuchElementException: Message: no such element: Unable to locate element: {\"method\":\"xpath\",\"selector\":\"(//a[@class='add-to-cart yellow-btn'])[1]\"}\n  (Session info: chrome-headless-shell=120.0.6099.109); For documentation on this error, please visit: https://www.selenium.dev/documentation/webdriver/troubleshooting/errors#no-such-element-exception\nStacktrace:\n#0 0x55d0c9b00f83 <unknown>\n#1 0x55d0c97b9cf7 <unknown>\n#2 0x55d0c980999e <unknown>\n#3 0x55d0c9809aa1 <unknown>\n#4 0x55d0c9854d64 <unknown>\n#5 0x55d0c98330dd <unknown>\n#6 0x55d0c9852006 <unknown>\n#7 0x55d0c9832e53 <unknown>\n#8 0x55d0c97fadd4 <unknown>\n#9 0x55d0c97fc1de <unknown>\n#10 0x55d0c9ac5531 <unknown>\n#11 0x55d0c9ac9455 <unknown>\n#12 0x55d0c9ab1f55 <unknown>\n#13 0x55d0c9aca0ef <unknown>\n#14 0x55d0c9a9599f <unknown>\n#15 0x55d0c9aee008 <unknown>\n#16 0x55d0c9aee1d7 <unknown>\n#17 0x55d0c9b00124 <unknown>\n#18 0x7f7f3825f044 <unknown>","time":{"start":1705021027583,"stop":1705021027917,"duration":334}},{"uid":"893c5bca44e94fa2","reportUrl":"https://Nat754.github.io/StroyremAutomation/183//#testresult/893c5bca44e94fa2","status":"skipped","statusDetails":"XFAIL\n\nselenium.common.exceptions.NoSuchElementException: Message: no such element: Unable to locate element: {\"method\":\"xpath\",\"selector\":\"(//a[@class='add-to-cart yellow-btn'])[1]\"}\n  (Session info: chrome-headless-shell=120.0.6099.109); For documentation on this error, please visit: https://www.selenium.dev/documentation/webdriver/troubleshooting/errors#no-such-element-exception\nStacktrace:\n#0 0x5575d19f5f83 <unknown>\n#1 0x5575d16aecf7 <unknown>\n#2 0x5575d16fe99e <unknown>\n#3 0x5575d16feaa1 <unknown>\n#4 0x5575d1749d64 <unknown>\n#5 0x5575d17280dd <unknown>\n#6 0x5575d1747006 <unknown>\n#7 0x5575d1727e53 <unknown>\n#8 0x5575d16efdd4 <unknown>\n#9 0x5575d16f11de <unknown>\n#10 0x5575d19ba531 <unknown>\n#11 0x5575d19be455 <unknown>\n#12 0x5575d19a6f55 <unknown>\n#13 0x5575d19bf0ef <unknown>\n#14 0x5575d198a99f <unknown>\n#15 0x5575d19e3008 <unknown>\n#16 0x5575d19e31d7 <unknown>\n#17 0x5575d19f5124 <unknown>\n#18 0x7fee74880044 <unknown>","time":{"start":1704934632600,"stop":1704934633233,"duration":633}},{"uid":"ea6641bbe744bbcd","reportUrl":"https://Nat754.github.io/StroyremAutomation/182//#testresult/ea6641bbe744bbcd","status":"skipped","statusDetails":"XFAIL\n\nselenium.common.exceptions.NoSuchElementException: Message: no such element: Unable to locate element: {\"method\":\"xpath\",\"selector\":\"(//a[@class='add-to-cart yellow-btn'])[1]\"}\n  (Session info: chrome-headless-shell=120.0.6099.109); For documentation on this error, please visit: https://www.selenium.dev/documentation/webdriver/troubleshooting/errors#no-such-element-exception\nStacktrace:\n#0 0x564848fadf83 <unknown>\n#1 0x564848c66cf7 <unknown>\n#2 0x564848cb699e <unknown>\n#3 0x564848cb6aa1 <unknown>\n#4 0x564848d01d64 <unknown>\n#5 0x564848ce00dd <unknown>\n#6 0x564848cff006 <unknown>\n#7 0x564848cdfe53 <unknown>\n#8 0x564848ca7dd4 <unknown>\n#9 0x564848ca91de <unknown>\n#10 0x564848f72531 <unknown>\n#11 0x564848f76455 <unknown>\n#12 0x564848f5ef55 <unknown>\n#13 0x564848f770ef <unknown>\n#14 0x564848f4299f <unknown>\n#15 0x564848f9b008 <unknown>\n#16 0x564848f9b1d7 <unknown>\n#17 0x564848fad124 <unknown>\n#18 0x7fafd8053044 <unknown>","time":{"start":1704848239560,"stop":1704848240014,"duration":454}},{"uid":"2b5716af43f51d8b","reportUrl":"https://Nat754.github.io/StroyremAutomation/181//#testresult/2b5716af43f51d8b","status":"skipped","statusDetails":"XFAIL\n\nselenium.common.exceptions.NoSuchElementException: Message: no such element: Unable to locate element: {\"method\":\"xpath\",\"selector\":\"(//a[@class='add-to-cart yellow-btn'])[1]\"}\n  (Session info: chrome-headless-shell=120.0.6099.109); For documentation on this error, please visit: https://www.selenium.dev/documentation/webdriver/troubleshooting/errors#no-such-element-exception\nStacktrace:\n#0 0x55b368930f83 <unknown>\n#1 0x55b3685e9cf7 <unknown>\n#2 0x55b36863999e <unknown>\n#3 0x55b368639aa1 <unknown>\n#4 0x55b368684d64 <unknown>\n#5 0x55b3686630dd <unknown>\n#6 0x55b368682006 <unknown>\n#7 0x55b368662e53 <unknown>\n#8 0x55b36862add4 <unknown>\n#9 0x55b36862c1de <unknown>\n#10 0x55b3688f5531 <unknown>\n#11 0x55b3688f9455 <unknown>\n#12 0x55b3688e1f55 <unknown>\n#13 0x55b3688fa0ef <unknown>\n#14 0x55b3688c599f <unknown>\n#15 0x55b36891e008 <unknown>\n#16 0x55b36891e1d7 <unknown>\n#17 0x55b368930124 <unknown>\n#18 0x7f426a7c6044 <unknown>","time":{"start":1704761778236,"stop":1704761778654,"duration":418}},{"uid":"3c85d376b33bb3af","reportUrl":"https://Nat754.github.io/StroyremAutomation/180//#testresult/3c85d376b33bb3af","status":"skipped","statusDetails":"XFAIL\n\nselenium.common.exceptions.NoSuchElementException: Message: no such element: Unable to locate element: {\"method\":\"xpath\",\"selector\":\"(//a[@class='add-to-cart yellow-btn'])[1]\"}\n  (Session info: chrome-headless-shell=120.0.6099.109); For documentation on this error, please visit: https://www.selenium.dev/documentation/webdriver/troubleshooting/errors#no-such-element-exception\nStacktrace:\n#0 0x5612b92b9f83 <unknown>\n#1 0x5612b8f72cf7 <unknown>\n#2 0x5612b8fc299e <unknown>\n#3 0x5612b8fc2aa1 <unknown>\n#4 0x5612b900dd64 <unknown>\n#5 0x5612b8fec0dd <unknown>\n#6 0x5612b900b006 <unknown>\n#7 0x5612b8febe53 <unknown>\n#8 0x5612b8fb3dd4 <unknown>\n#9 0x5612b8fb51de <unknown>\n#10 0x5612b927e531 <unknown>\n#11 0x5612b9282455 <unknown>\n#12 0x5612b926af55 <unknown>\n#13 0x5612b92830ef <unknown>\n#14 0x5612b924e99f <unknown>\n#15 0x5612b92a7008 <unknown>\n#16 0x5612b92a71d7 <unknown>\n#17 0x5612b92b9124 <unknown>\n#18 0x7f922c7e3044 <unknown>","time":{"start":1704675395905,"stop":1704675396262,"duration":357}},{"uid":"e454ebb07a258bea","reportUrl":"https://Nat754.github.io/StroyremAutomation/179//#testresult/e454ebb07a258bea","status":"skipped","statusDetails":"XFAIL\n\nselenium.common.exceptions.NoSuchElementException: Message: no such element: Unable to locate element: {\"method\":\"xpath\",\"selector\":\"(//a[@class='add-to-cart yellow-btn'])[1]\"}\n  (Session info: chrome-headless-shell=120.0.6099.109); For documentation on this error, please visit: https://www.selenium.dev/documentation/webdriver/troubleshooting/errors#no-such-element-exception\nStacktrace:\n#0 0x55fa0b0e9f83 <unknown>\n#1 0x55fa0ada2cf7 <unknown>\n#2 0x55fa0adf299e <unknown>\n#3 0x55fa0adf2aa1 <unknown>\n#4 0x55fa0ae3dd64 <unknown>\n#5 0x55fa0ae1c0dd <unknown>\n#6 0x55fa0ae3b006 <unknown>\n#7 0x55fa0ae1be53 <unknown>\n#8 0x55fa0ade3dd4 <unknown>\n#9 0x55fa0ade51de <unknown>\n#10 0x55fa0b0ae531 <unknown>\n#11 0x55fa0b0b2455 <unknown>\n#12 0x55fa0b09af55 <unknown>\n#13 0x55fa0b0b30ef <unknown>\n#14 0x55fa0b07e99f <unknown>\n#15 0x55fa0b0d7008 <unknown>\n#16 0x55fa0b0d71d7 <unknown>\n#17 0x55fa0b0e9124 <unknown>\n#18 0x7f2173201044 <unknown>","time":{"start":1704589233789,"stop":1704589234455,"duration":666}},{"uid":"ced931636480c11b","reportUrl":"https://Nat754.github.io/StroyremAutomation/178//#testresult/ced931636480c11b","status":"skipped","statusDetails":"XFAIL\n\nselenium.common.exceptions.NoSuchElementException: Message: no such element: Unable to locate element: {\"method\":\"xpath\",\"selector\":\"(//a[@class='add-to-cart yellow-btn'])[1]\"}\n  (Session info: chrome-headless-shell=120.0.6099.109); For documentation on this error, please visit: https://www.selenium.dev/documentation/webdriver/troubleshooting/errors#no-such-element-exception\nStacktrace:\n#0 0x56106212cf83 <unknown>\n#1 0x561061de5cf7 <unknown>\n#2 0x561061e3599e <unknown>\n#3 0x561061e35aa1 <unknown>\n#4 0x561061e80d64 <unknown>\n#5 0x561061e5f0dd <unknown>\n#6 0x561061e7e006 <unknown>\n#7 0x561061e5ee53 <unknown>\n#8 0x561061e26dd4 <unknown>\n#9 0x561061e281de <unknown>\n#10 0x5610620f1531 <unknown>\n#11 0x5610620f5455 <unknown>\n#12 0x5610620ddf55 <unknown>\n#13 0x5610620f60ef <unknown>\n#14 0x5610620c199f <unknown>\n#15 0x56106211a008 <unknown>\n#16 0x56106211a1d7 <unknown>\n#17 0x56106212c124 <unknown>\n#18 0x7fb09ad20044 <unknown>","time":{"start":1704502495828,"stop":1704502496491,"duration":663}},{"uid":"a01ee4b5ce245176","reportUrl":"https://Nat754.github.io/StroyremAutomation/177//#testresult/a01ee4b5ce245176","status":"skipped","statusDetails":"XFAIL\n\nselenium.common.exceptions.NoSuchElementException: Message: no such element: Unable to locate element: {\"method\":\"xpath\",\"selector\":\"(//a[@class='add-to-cart yellow-btn'])[1]\"}\n  (Session info: chrome-headless-shell=120.0.6099.109); For documentation on this error, please visit: https://www.selenium.dev/documentation/webdriver/troubleshooting/errors#no-such-element-exception\nStacktrace:\n#0 0x55eb52f1ef83 <unknown>\n#1 0x55eb52bd7cf7 <unknown>\n#2 0x55eb52c2799e <unknown>\n#3 0x55eb52c27aa1 <unknown>\n#4 0x55eb52c72d64 <unknown>\n#5 0x55eb52c510dd <unknown>\n#6 0x55eb52c70006 <unknown>\n#7 0x55eb52c50e53 <unknown>\n#8 0x55eb52c18dd4 <unknown>\n#9 0x55eb52c1a1de <unknown>\n#10 0x55eb52ee3531 <unknown>\n#11 0x55eb52ee7455 <unknown>\n#12 0x55eb52ecff55 <unknown>\n#13 0x55eb52ee80ef <unknown>\n#14 0x55eb52eb399f <unknown>\n#15 0x55eb52f0c008 <unknown>\n#16 0x55eb52f0c1d7 <unknown>\n#17 0x55eb52f1e124 <unknown>\n#18 0x7fdbc9f3c044 <unknown>","time":{"start":1704416126171,"stop":1704416126550,"duration":379}},{"uid":"1ab29755621d0d5e","reportUrl":"https://Nat754.github.io/StroyremAutomation/176//#testresult/1ab29755621d0d5e","status":"skipped","statusDetails":"XFAIL\n\nselenium.common.exceptions.NoSuchElementException: Message: no such element: Unable to locate element: {\"method\":\"xpath\",\"selector\":\"(//a[@class='add-to-cart yellow-btn'])[1]\"}\n  (Session info: chrome-headless-shell=120.0.6099.109); For documentation on this error, please visit: https://www.selenium.dev/documentation/webdriver/troubleshooting/errors#no-such-element-exception\nStacktrace:\n#0 0x55d592ab1f83 <unknown>\n#1 0x55d59276acf7 <unknown>\n#2 0x55d5927ba99e <unknown>\n#3 0x55d5927baaa1 <unknown>\n#4 0x55d592805d64 <unknown>\n#5 0x55d5927e40dd <unknown>\n#6 0x55d592803006 <unknown>\n#7 0x55d5927e3e53 <unknown>\n#8 0x55d5927abdd4 <unknown>\n#9 0x55d5927ad1de <unknown>\n#10 0x55d592a76531 <unknown>\n#11 0x55d592a7a455 <unknown>\n#12 0x55d592a62f55 <unknown>\n#13 0x55d592a7b0ef <unknown>\n#14 0x55d592a4699f <unknown>\n#15 0x55d592a9f008 <unknown>\n#16 0x55d592a9f1d7 <unknown>\n#17 0x55d592ab1124 <unknown>\n#18 0x7f2c8106c044 <unknown>","time":{"start":1704329699641,"stop":1704329699978,"duration":337}},{"uid":"c0333bbbc33c7721","reportUrl":"https://Nat754.github.io/StroyremAutomation/175//#testresult/c0333bbbc33c7721","status":"skipped","statusDetails":"XFAIL\n\nselenium.common.exceptions.NoSuchElementException: Message: no such element: Unable to locate element: {\"method\":\"xpath\",\"selector\":\"(//a[@class='add-to-cart yellow-btn'])[1]\"}\n  (Session info: chrome-headless-shell=120.0.6099.109); For documentation on this error, please visit: https://www.selenium.dev/documentation/webdriver/troubleshooting/errors#no-such-element-exception\nStacktrace:\n#0 0x55a70c5d8f83 <unknown>\n#1 0x55a70c291cf7 <unknown>\n#2 0x55a70c2e199e <unknown>\n#3 0x55a70c2e1aa1 <unknown>\n#4 0x55a70c32cd64 <unknown>\n#5 0x55a70c30b0dd <unknown>\n#6 0x55a70c32a006 <unknown>\n#7 0x55a70c30ae53 <unknown>\n#8 0x55a70c2d2dd4 <unknown>\n#9 0x55a70c2d41de <unknown>\n#10 0x55a70c59d531 <unknown>\n#11 0x55a70c5a1455 <unknown>\n#12 0x55a70c589f55 <unknown>\n#13 0x55a70c5a20ef <unknown>\n#14 0x55a70c56d99f <unknown>\n#15 0x55a70c5c6008 <unknown>\n#16 0x55a70c5c61d7 <unknown>\n#17 0x55a70c5d8124 <unknown>\n#18 0x7f5be9201044 <unknown>","time":{"start":1704243324325,"stop":1704243324683,"duration":358}},{"uid":"f539b6d9502ee8c4","reportUrl":"https://Nat754.github.io/StroyremAutomation/174//#testresult/f539b6d9502ee8c4","status":"skipped","statusDetails":"XFAIL\n\nselenium.common.exceptions.NoSuchElementException: Message: no such element: Unable to locate element: {\"method\":\"xpath\",\"selector\":\"(//a[@class='add-to-cart yellow-btn'])[1]\"}\n  (Session info: chrome-headless-shell=120.0.6099.109); For documentation on this error, please visit: https://www.selenium.dev/documentation/webdriver/troubleshooting/errors#no-such-element-exception\nStacktrace:\n#0 0x55c0c9f13f83 <unknown>\n#1 0x55c0c9bcccf7 <unknown>\n#2 0x55c0c9c1c99e <unknown>\n#3 0x55c0c9c1caa1 <unknown>\n#4 0x55c0c9c67d64 <unknown>\n#5 0x55c0c9c460dd <unknown>\n#6 0x55c0c9c65006 <unknown>\n#7 0x55c0c9c45e53 <unknown>\n#8 0x55c0c9c0ddd4 <unknown>\n#9 0x55c0c9c0f1de <unknown>\n#10 0x55c0c9ed8531 <unknown>\n#11 0x55c0c9edc455 <unknown>\n#12 0x55c0c9ec4f55 <unknown>\n#13 0x55c0c9edd0ef <unknown>\n#14 0x55c0c9ea899f <unknown>\n#15 0x55c0c9f01008 <unknown>\n#16 0x55c0c9f011d7 <unknown>\n#17 0x55c0c9f13124 <unknown>\n#18 0x7f4767794044 <unknown>","time":{"start":1704156811807,"stop":1704156812782,"duration":975}},{"uid":"cf65ff1329ecad1d","reportUrl":"https://Nat754.github.io/StroyremAutomation/173//#testresult/cf65ff1329ecad1d","status":"skipped","statusDetails":"XFAIL\n\nselenium.common.exceptions.NoSuchElementException: Message: no such element: Unable to locate element: {\"method\":\"xpath\",\"selector\":\"(//a[@class='add-to-cart yellow-btn'])[1]\"}\n  (Session info: chrome-headless-shell=120.0.6099.109); For documentation on this error, please visit: https://www.selenium.dev/documentation/webdriver/troubleshooting/errors#no-such-element-exception\nStacktrace:\n#0 0x558cba259f83 <unknown>\n#1 0x558cb9f12cf7 <unknown>\n#2 0x558cb9f6299e <unknown>\n#3 0x558cb9f62aa1 <unknown>\n#4 0x558cb9fadd64 <unknown>\n#5 0x558cb9f8c0dd <unknown>\n#6 0x558cb9fab006 <unknown>\n#7 0x558cb9f8be53 <unknown>\n#8 0x558cb9f53dd4 <unknown>\n#9 0x558cb9f551de <unknown>\n#10 0x558cba21e531 <unknown>\n#11 0x558cba222455 <unknown>\n#12 0x558cba20af55 <unknown>\n#13 0x558cba2230ef <unknown>\n#14 0x558cba1ee99f <unknown>\n#15 0x558cba247008 <unknown>\n#16 0x558cba2471d7 <unknown>\n#17 0x558cba259124 <unknown>\n#18 0x7f427e94a044 <unknown>","time":{"start":1704070765397,"stop":1704070765713,"duration":316}},{"uid":"ea145274861c5ac0","reportUrl":"https://Nat754.github.io/StroyremAutomation/172//#testresult/ea145274861c5ac0","status":"skipped","statusDetails":"XFAIL\n\nselenium.common.exceptions.NoSuchElementException: Message: no such element: Unable to locate element: {\"method\":\"xpath\",\"selector\":\"(//a[@class='add-to-cart yellow-btn'])[1]\"}\n  (Session info: chrome-headless-shell=120.0.6099.109); For documentation on this error, please visit: https://www.selenium.dev/documentation/webdriver/troubleshooting/errors#no-such-element-exception\nStacktrace:\n#0 0x557d08ebcf83 <unknown>\n#1 0x557d08b75cf7 <unknown>\n#2 0x557d08bc599e <unknown>\n#3 0x557d08bc5aa1 <unknown>\n#4 0x557d08c10d64 <unknown>\n#5 0x557d08bef0dd <unknown>\n#6 0x557d08c0e006 <unknown>\n#7 0x557d08beee53 <unknown>\n#8 0x557d08bb6dd4 <unknown>\n#9 0x557d08bb81de <unknown>\n#10 0x557d08e81531 <unknown>\n#11 0x557d08e85455 <unknown>\n#12 0x557d08e6df55 <unknown>\n#13 0x557d08e860ef <unknown>\n#14 0x557d08e5199f <unknown>\n#15 0x557d08eaa008 <unknown>\n#16 0x557d08eaa1d7 <unknown>\n#17 0x557d08ebc124 <unknown>\n#18 0x7f6c6c63c044 <unknown>","time":{"start":1703984277162,"stop":1703984277488,"duration":326}},{"uid":"f4bf998388da39ef","reportUrl":"https://Nat754.github.io/StroyremAutomation/171//#testresult/f4bf998388da39ef","status":"skipped","statusDetails":"XFAIL\n\nselenium.common.exceptions.NoSuchElementException: Message: no such element: Unable to locate element: {\"method\":\"xpath\",\"selector\":\"(//a[@class='add-to-cart yellow-btn'])[1]\"}\n  (Session info: chrome-headless-shell=120.0.6099.109); For documentation on this error, please visit: https://www.selenium.dev/documentation/webdriver/troubleshooting/errors#no-such-element-exception\nStacktrace:\n#0 0x557c84c66f83 <unknown>\n#1 0x557c8491fcf7 <unknown>\n#2 0x557c8496f99e <unknown>\n#3 0x557c8496faa1 <unknown>\n#4 0x557c849bad64 <unknown>\n#5 0x557c849990dd <unknown>\n#6 0x557c849b8006 <unknown>\n#7 0x557c84998e53 <unknown>\n#8 0x557c84960dd4 <unknown>\n#9 0x557c849621de <unknown>\n#10 0x557c84c2b531 <unknown>\n#11 0x557c84c2f455 <unknown>\n#12 0x557c84c17f55 <unknown>\n#13 0x557c84c300ef <unknown>\n#14 0x557c84bfb99f <unknown>\n#15 0x557c84c54008 <unknown>\n#16 0x557c84c541d7 <unknown>\n#17 0x557c84c66124 <unknown>\n#18 0x7faa3448a044 <unknown>","time":{"start":1703897559252,"stop":1703897559847,"duration":595}},{"uid":"7aa3d18d8793c45e","reportUrl":"https://Nat754.github.io/StroyremAutomation/170//#testresult/7aa3d18d8793c45e","status":"skipped","statusDetails":"XFAIL\n\nselenium.common.exceptions.NoSuchElementException: Message: no such element: Unable to locate element: {\"method\":\"xpath\",\"selector\":\"(//a[@class='add-to-cart yellow-btn'])[1]\"}\n  (Session info: chrome-headless-shell=120.0.6099.109); For documentation on this error, please visit: https://www.selenium.dev/documentation/webdriver/troubleshooting/errors#no-such-element-exception\nStacktrace:\n#0 0x5623c8fb6f83 <unknown>\n#1 0x5623c8c6fcf7 <unknown>\n#2 0x5623c8cbf99e <unknown>\n#3 0x5623c8cbfaa1 <unknown>\n#4 0x5623c8d0ad64 <unknown>\n#5 0x5623c8ce90dd <unknown>\n#6 0x5623c8d08006 <unknown>\n#7 0x5623c8ce8e53 <unknown>\n#8 0x5623c8cb0dd4 <unknown>\n#9 0x5623c8cb21de <unknown>\n#10 0x5623c8f7b531 <unknown>\n#11 0x5623c8f7f455 <unknown>\n#12 0x5623c8f67f55 <unknown>\n#13 0x5623c8f800ef <unknown>\n#14 0x5623c8f4b99f <unknown>\n#15 0x5623c8fa4008 <unknown>\n#16 0x5623c8fa41d7 <unknown>\n#17 0x5623c8fb6124 <unknown>\n#18 0x7f77ab8d4044 <unknown>","time":{"start":1703810736761,"stop":1703810737384,"duration":623}},{"uid":"4ea0be881b754a14","reportUrl":"https://Nat754.github.io/StroyremAutomation/169//#testresult/4ea0be881b754a14","status":"skipped","statusDetails":"XFAIL\n\nselenium.common.exceptions.NoSuchElementException: Message: no such element: Unable to locate element: {\"method\":\"xpath\",\"selector\":\"(//a[@class='add-to-cart yellow-btn'])[1]\"}\n  (Session info: chrome-headless-shell=120.0.6099.109); For documentation on this error, please visit: https://www.selenium.dev/documentation/webdriver/troubleshooting/errors#no-such-element-exception\nStacktrace:\n#0 0x55e136612f83 <unknown>\n#1 0x55e1362cbcf7 <unknown>\n#2 0x55e13631b99e <unknown>\n#3 0x55e13631baa1 <unknown>\n#4 0x55e136366d64 <unknown>\n#5 0x55e1363450dd <unknown>\n#6 0x55e136364006 <unknown>\n#7 0x55e136344e53 <unknown>\n#8 0x55e13630cdd4 <unknown>\n#9 0x55e13630e1de <unknown>\n#10 0x55e1365d7531 <unknown>\n#11 0x55e1365db455 <unknown>\n#12 0x55e1365c3f55 <unknown>\n#13 0x55e1365dc0ef <unknown>\n#14 0x55e1365a799f <unknown>\n#15 0x55e136600008 <unknown>\n#16 0x55e1366001d7 <unknown>\n#17 0x55e136612124 <unknown>\n#18 0x7f156e277044 <unknown>","time":{"start":1703724802338,"stop":1703724802691,"duration":353}}]},"tags":["@pytest.mark.xfail","smoke_test"]},"source":"972706267d1e2f33.json","parameterValues":["8000","206","'TD 023'","7500","'products/shtukaturka-gipsovaya-aksolit-m50-30-kg-mashinnogo-naneseniya'","3300","'https://sandboxtest.stroyrem-nn.ru/'","6200"]}