{"uid":"55638c05511a553a","name":"test_positive_delivery_green_zone_smoke[TD 006-products/shtukaturka-gipsovaya-aksolit-m50-30-kg-mashinnogo-naneseniya-25-1700-990-1990-2480-https://sandboxtest.stroyrem-nn.ru/]","fullName":"tests.delivery.test_delivery_calculation.TestDeliveryPageCalculation#test_positive_delivery_green_zone_smoke","historyId":"1df20f878cd9f5f7374b8a6cd977ef7b","time":{"start":1709686331358,"stop":1709686331683,"duration":325},"status":"skipped","statusMessage":"XFAIL\n\nselenium.common.exceptions.NoSuchElementException: Message: no such element: Unable to locate element: {\"method\":\"xpath\",\"selector\":\"(//a[@class='add-to-cart yellow-btn'])[1]\"}\n  (Session info: chrome-headless-shell=122.0.6261.94); For documentation on this error, please visit: https://www.selenium.dev/documentation/webdriver/troubleshooting/errors#no-such-element-exception\nStacktrace:\n#0 0x563700697e93 <unknown>\n#1 0x56370038fce6 <unknown>\n#2 0x5637003dae48 <unknown>\n#3 0x5637003daf01 <unknown>\n#4 0x56370041e3f4 <unknown>\n#5 0x5637003fcedd <unknown>\n#6 0x56370041b899 <unknown>\n#7 0x5637003fcc53 <unknown>\n#8 0x5637003cddb3 <unknown>\n#9 0x5637003ce77e <unknown>\n#10 0x56370065d7cb <unknown>\n#11 0x5637006617e5 <unknown>\n#12 0x56370064b0e1 <unknown>\n#13 0x563700662372 <unknown>\n#14 0x56370062f1bf <unknown>\n#15 0x563700686488 <unknown>\n#16 0x563700686683 <unknown>\n#17 0x563700697044 <unknown>\n#18 0x7f940f366134 <unknown>","statusTrace":"self = <tests.delivery.test_delivery_calculation.TestDeliveryPageCalculation object at 0x7f2c411b4ed0>\ndriver = <selenium.webdriver.chrome.webdriver.WebDriver (session=\"901f7ee431ed49c44e2377430ff28dfb\")>\nurl = 'https://sandboxtest.stroyrem-nn.ru/', case_id = 'TD 006'\nlink_item = 'products/shtukaturka-gipsovaya-aksolit-m50-30-kg-mashinnogo-naneseniya'\namount = 25, weight = 1700, standard = 990, in_time = 1990, all_time = 2480\n\n    @pytest.mark.parametrize('case_id, link_item, amount, weight, standard, in_time, all_time', [\n        (\"TD 001\", uroven_3000, 1, 30, 0, 1590, 2190),\n        (\"TD 002\", bundeks_25, 1, 30, 400, 1590, 2190),\n        (\"TD 003\", aksolit_30, 8, 300, 400, 1590, 2190),\n        (\"TD 004\", aksolit_30, 13, 400, 450, 1590, 2190),\n        (\"TD 005\", aksolit_30, 16, 500, 600, 1590, 2190),\n        (\"TD 006\", aksolit_30, 25, 1700, 990, 1990, 2480),\n        (\"TD 007\", aksolit_30, 66, 2000, 1300, 2490, 2980),\n        (\"TD 008\", aksolit_30, 149, 4500, 2300, 3980, 4490),\n        (\"TD 009\", aksolit_30, 166, 5000, 2500, 4990, 5480),\n        pytest.param(\n            \"TD 010\", aksolit_30, 206, 6200, 2900, 5570, 6120,\n            marks=pytest.mark.xfail(reson=\"Цена доставки 3600 7960 8980\")\n        ),\n        (\"TD 011\", aksolit_30, 299, 9000, 3600, 7960, 8980),\n        (\"TD 012\", aksolit_30, 333, 10000, 4450, 11990, 12500),\n        pytest.param(\n            \"TD 013\", aksolit_30, 366, 11000, 4800, 12450, 13480,\n            marks=pytest.mark.xfail(reason=\"Цена стандартной доставки 4450\")\n        ),\n        pytest.param(\n            \"TD 014\", aksolit_30, 666, 20000, 5400, 15600, 17490,\n            marks=pytest.mark.xfail(reason=\"Цена стандартной доставки 4450\")\n        )\n    ])\n    @pytest.mark.xfail\n    @pytest.mark.smoke_test\n    def test_positive_delivery_green_zone_smoke(\n            self, driver, url, case_id, link_item, amount, weight, standard, in_time, all_time\n    ):\n    \n        driver.get(f'{url}{link_item}')\n        item_page = ItemPage(driver)\n>       item_page.add_item_to_cart(amount).click_on_cart()\n\ntests/delivery/test_delivery_calculation.py:50: \n_ _ _ _ _ _ _ _ _ _ _ _ _ _ _ _ _ _ _ _ _ _ _ _ _ _ _ _ _ _ _ _ _ _ _ _ _ _ _ _ \npages/item_page.py:40: in add_item_to_cart\n    self.find_element(self._add_item).click()\nbase/seleniumbase.py:17: in find_element\n    return self.driver.find_element(*locator)\n/usr/local/lib/python3.11/site-packages/selenium/webdriver/remote/webdriver.py:739: in find_element\n    return self.execute(Command.FIND_ELEMENT, {\"using\": by, \"value\": value})[\"value\"]\n/usr/local/lib/python3.11/site-packages/selenium/webdriver/remote/webdriver.py:345: in execute\n    self.error_handler.check_response(response)\n_ _ _ _ _ _ _ _ _ _ _ _ _ _ _ _ _ _ _ _ _ _ _ _ _ _ _ _ _ _ _ _ _ _ _ _ _ _ _ _ \n\nself = <selenium.webdriver.remote.errorhandler.ErrorHandler object at 0x7f2c40ed7a90>\nresponse = {'status': 404, 'value': '{\"value\":{\"error\":\"no such element\",\"message\":\"no such element: Unable to locate element: {\\...\\\\n#16 0x563700686683 \\\\u003Cunknown>\\\\n#17 0x563700697044 \\\\u003Cunknown>\\\\n#18 0x7f940f366134 \\\\u003Cunknown>\\\\n\"}}'}\n\n    def check_response(self, response: Dict[str, Any]) -> None:\n        \"\"\"Checks that a JSON response from the WebDriver does not have an\n        error.\n    \n        :Args:\n         - response - The JSON response from the WebDriver server as a dictionary\n           object.\n    \n        :Raises: If the response contains an error message.\n        \"\"\"\n        status = response.get(\"status\", None)\n        if not status or status == ErrorCode.SUCCESS:\n            return\n        value = None\n        message = response.get(\"message\", \"\")\n        screen: str = response.get(\"screen\", \"\")\n        stacktrace = None\n        if isinstance(status, int):\n            value_json = response.get(\"value\", None)\n            if value_json and isinstance(value_json, str):\n                import json\n    \n                try:\n                    value = json.loads(value_json)\n                    if len(value) == 1:\n                        value = value[\"value\"]\n                    status = value.get(\"error\", None)\n                    if not status:\n                        status = value.get(\"status\", ErrorCode.UNKNOWN_ERROR)\n                        message = value.get(\"value\") or value.get(\"message\")\n                        if not isinstance(message, str):\n                            value = message\n                            message = message.get(\"message\")\n                    else:\n                        message = value.get(\"message\", None)\n                except ValueError:\n                    pass\n    \n        exception_class: Type[WebDriverException]\n        e = ErrorCode()\n        error_codes = [item for item in dir(e) if not item.startswith(\"__\")]\n        for error_code in error_codes:\n            error_info = getattr(ErrorCode, error_code)\n            if isinstance(error_info, list) and status in error_info:\n                exception_class = getattr(ExceptionMapping, error_code, WebDriverException)\n                break\n        else:\n            exception_class = WebDriverException\n    \n        if not value:\n            value = response[\"value\"]\n        if isinstance(value, str):\n            raise exception_class(value)\n        if message == \"\" and \"message\" in value:\n            message = value[\"message\"]\n    \n        screen = None  # type: ignore[assignment]\n        if \"screen\" in value:\n            screen = value[\"screen\"]\n    \n        stacktrace = None\n        st_value = value.get(\"stackTrace\") or value.get(\"stacktrace\")\n        if st_value:\n            if isinstance(st_value, str):\n                stacktrace = st_value.split(\"\\n\")\n            else:\n                stacktrace = []\n                try:\n                    for frame in st_value:\n                        line = frame.get(\"lineNumber\", \"\")\n                        file = frame.get(\"fileName\", \"<anonymous>\")\n                        if line:\n                            file = f\"{file}:{line}\"\n                        meth = frame.get(\"methodName\", \"<anonymous>\")\n                        if \"className\" in frame:\n                            meth = f\"{frame['className']}.{meth}\"\n                        msg = \"    at %s (%s)\"\n                        msg = msg % (meth, file)\n                        stacktrace.append(msg)\n                except TypeError:\n                    pass\n        if exception_class == UnexpectedAlertPresentException:\n            alert_text = None\n            if \"data\" in value:\n                alert_text = value[\"data\"].get(\"text\")\n            elif \"alert\" in value:\n                alert_text = value[\"alert\"].get(\"text\")\n            raise exception_class(message, screen, stacktrace, alert_text)  # type: ignore[call-arg]  # mypy is not smart enough here\n>       raise exception_class(message, screen, stacktrace)\nE       selenium.common.exceptions.NoSuchElementException: Message: no such element: Unable to locate element: {\"method\":\"xpath\",\"selector\":\"(//a[@class='add-to-cart yellow-btn'])[1]\"}\nE         (Session info: chrome-headless-shell=122.0.6261.94); For documentation on this error, please visit: https://www.selenium.dev/documentation/webdriver/troubleshooting/errors#no-such-element-exception\nE       Stacktrace:\nE       #0 0x563700697e93 <unknown>\nE       #1 0x56370038fce6 <unknown>\nE       #2 0x5637003dae48 <unknown>\nE       #3 0x5637003daf01 <unknown>\nE       #4 0x56370041e3f4 <unknown>\nE       #5 0x5637003fcedd <unknown>\nE       #6 0x56370041b899 <unknown>\nE       #7 0x5637003fcc53 <unknown>\nE       #8 0x5637003cddb3 <unknown>\nE       #9 0x5637003ce77e <unknown>\nE       #10 0x56370065d7cb <unknown>\nE       #11 0x5637006617e5 <unknown>\nE       #12 0x56370064b0e1 <unknown>\nE       #13 0x563700662372 <unknown>\nE       #14 0x56370062f1bf <unknown>\nE       #15 0x563700686488 <unknown>\nE       #16 0x563700686683 <unknown>\nE       #17 0x563700697044 <unknown>\nE       #18 0x7f940f366134 <unknown>\n\n/usr/local/lib/python3.11/site-packages/selenium/webdriver/remote/errorhandler.py:229: NoSuchElementException","flaky":false,"newFailed":false,"newBroken":false,"newPassed":false,"retriesCount":0,"retriesStatusChange":false,"beforeStages":[{"name":"_session_faker","time":{"start":1709686059835,"stop":1709686059902,"duration":67},"status":"passed","steps":[],"attachments":[],"parameters":[],"shouldDisplayMessage":false,"stepsCount":0,"attachmentsCount":0,"hasContent":false,"attachmentStep":false},{"name":"clear_allure_results_folder","time":{"start":1709686059902,"stop":1709686059903,"duration":1},"status":"passed","steps":[],"attachments":[],"parameters":[],"shouldDisplayMessage":false,"stepsCount":0,"attachmentsCount":0,"hasContent":false,"attachmentStep":false},{"name":"driver","time":{"start":1709686330582,"stop":1709686331357,"duration":775},"status":"passed","steps":[],"attachments":[],"parameters":[],"shouldDisplayMessage":false,"stepsCount":0,"attachmentsCount":0,"hasContent":false,"attachmentStep":false},{"name":"setup","time":{"start":1709686331357,"stop":1709686331357,"duration":0},"status":"passed","steps":[],"attachments":[],"parameters":[],"shouldDisplayMessage":false,"stepsCount":0,"attachmentsCount":0,"hasContent":false,"attachmentStep":false}],"testStage":{"status":"skipped","statusMessage":"XFAIL\n\nselenium.common.exceptions.NoSuchElementException: Message: no such element: Unable to locate element: {\"method\":\"xpath\",\"selector\":\"(//a[@class='add-to-cart yellow-btn'])[1]\"}\n  (Session info: chrome-headless-shell=122.0.6261.94); For documentation on this error, please visit: https://www.selenium.dev/documentation/webdriver/troubleshooting/errors#no-such-element-exception\nStacktrace:\n#0 0x563700697e93 <unknown>\n#1 0x56370038fce6 <unknown>\n#2 0x5637003dae48 <unknown>\n#3 0x5637003daf01 <unknown>\n#4 0x56370041e3f4 <unknown>\n#5 0x5637003fcedd <unknown>\n#6 0x56370041b899 <unknown>\n#7 0x5637003fcc53 <unknown>\n#8 0x5637003cddb3 <unknown>\n#9 0x5637003ce77e <unknown>\n#10 0x56370065d7cb <unknown>\n#11 0x5637006617e5 <unknown>\n#12 0x56370064b0e1 <unknown>\n#13 0x563700662372 <unknown>\n#14 0x56370062f1bf <unknown>\n#15 0x563700686488 <unknown>\n#16 0x563700686683 <unknown>\n#17 0x563700697044 <unknown>\n#18 0x7f940f366134 <unknown>","statusTrace":"self = <tests.delivery.test_delivery_calculation.TestDeliveryPageCalculation object at 0x7f2c411b4ed0>\ndriver = <selenium.webdriver.chrome.webdriver.WebDriver (session=\"901f7ee431ed49c44e2377430ff28dfb\")>\nurl = 'https://sandboxtest.stroyrem-nn.ru/', case_id = 'TD 006'\nlink_item = 'products/shtukaturka-gipsovaya-aksolit-m50-30-kg-mashinnogo-naneseniya'\namount = 25, weight = 1700, standard = 990, in_time = 1990, all_time = 2480\n\n    @pytest.mark.parametrize('case_id, link_item, amount, weight, standard, in_time, all_time', [\n        (\"TD 001\", uroven_3000, 1, 30, 0, 1590, 2190),\n        (\"TD 002\", bundeks_25, 1, 30, 400, 1590, 2190),\n        (\"TD 003\", aksolit_30, 8, 300, 400, 1590, 2190),\n        (\"TD 004\", aksolit_30, 13, 400, 450, 1590, 2190),\n        (\"TD 005\", aksolit_30, 16, 500, 600, 1590, 2190),\n        (\"TD 006\", aksolit_30, 25, 1700, 990, 1990, 2480),\n        (\"TD 007\", aksolit_30, 66, 2000, 1300, 2490, 2980),\n        (\"TD 008\", aksolit_30, 149, 4500, 2300, 3980, 4490),\n        (\"TD 009\", aksolit_30, 166, 5000, 2500, 4990, 5480),\n        pytest.param(\n            \"TD 010\", aksolit_30, 206, 6200, 2900, 5570, 6120,\n            marks=pytest.mark.xfail(reson=\"Цена доставки 3600 7960 8980\")\n        ),\n        (\"TD 011\", aksolit_30, 299, 9000, 3600, 7960, 8980),\n        (\"TD 012\", aksolit_30, 333, 10000, 4450, 11990, 12500),\n        pytest.param(\n            \"TD 013\", aksolit_30, 366, 11000, 4800, 12450, 13480,\n            marks=pytest.mark.xfail(reason=\"Цена стандартной доставки 4450\")\n        ),\n        pytest.param(\n            \"TD 014\", aksolit_30, 666, 20000, 5400, 15600, 17490,\n            marks=pytest.mark.xfail(reason=\"Цена стандартной доставки 4450\")\n        )\n    ])\n    @pytest.mark.xfail\n    @pytest.mark.smoke_test\n    def test_positive_delivery_green_zone_smoke(\n            self, driver, url, case_id, link_item, amount, weight, standard, in_time, all_time\n    ):\n    \n        driver.get(f'{url}{link_item}')\n        item_page = ItemPage(driver)\n>       item_page.add_item_to_cart(amount).click_on_cart()\n\ntests/delivery/test_delivery_calculation.py:50: \n_ _ _ _ _ _ _ _ _ _ _ _ _ _ _ _ _ _ _ _ _ _ _ _ _ _ _ _ _ _ _ _ _ _ _ _ _ _ _ _ \npages/item_page.py:40: in add_item_to_cart\n    self.find_element(self._add_item).click()\nbase/seleniumbase.py:17: in find_element\n    return self.driver.find_element(*locator)\n/usr/local/lib/python3.11/site-packages/selenium/webdriver/remote/webdriver.py:739: in find_element\n    return self.execute(Command.FIND_ELEMENT, {\"using\": by, \"value\": value})[\"value\"]\n/usr/local/lib/python3.11/site-packages/selenium/webdriver/remote/webdriver.py:345: in execute\n    self.error_handler.check_response(response)\n_ _ _ _ _ _ _ _ _ _ _ _ _ _ _ _ _ _ _ _ _ _ _ _ _ _ _ _ _ _ _ _ _ _ _ _ _ _ _ _ \n\nself = <selenium.webdriver.remote.errorhandler.ErrorHandler object at 0x7f2c40ed7a90>\nresponse = {'status': 404, 'value': '{\"value\":{\"error\":\"no such element\",\"message\":\"no such element: Unable to locate element: {\\...\\\\n#16 0x563700686683 \\\\u003Cunknown>\\\\n#17 0x563700697044 \\\\u003Cunknown>\\\\n#18 0x7f940f366134 \\\\u003Cunknown>\\\\n\"}}'}\n\n    def check_response(self, response: Dict[str, Any]) -> None:\n        \"\"\"Checks that a JSON response from the WebDriver does not have an\n        error.\n    \n        :Args:\n         - response - The JSON response from the WebDriver server as a dictionary\n           object.\n    \n        :Raises: If the response contains an error message.\n        \"\"\"\n        status = response.get(\"status\", None)\n        if not status or status == ErrorCode.SUCCESS:\n            return\n        value = None\n        message = response.get(\"message\", \"\")\n        screen: str = response.get(\"screen\", \"\")\n        stacktrace = None\n        if isinstance(status, int):\n            value_json = response.get(\"value\", None)\n            if value_json and isinstance(value_json, str):\n                import json\n    \n                try:\n                    value = json.loads(value_json)\n                    if len(value) == 1:\n                        value = value[\"value\"]\n                    status = value.get(\"error\", None)\n                    if not status:\n                        status = value.get(\"status\", ErrorCode.UNKNOWN_ERROR)\n                        message = value.get(\"value\") or value.get(\"message\")\n                        if not isinstance(message, str):\n                            value = message\n                            message = message.get(\"message\")\n                    else:\n                        message = value.get(\"message\", None)\n                except ValueError:\n                    pass\n    \n        exception_class: Type[WebDriverException]\n        e = ErrorCode()\n        error_codes = [item for item in dir(e) if not item.startswith(\"__\")]\n        for error_code in error_codes:\n            error_info = getattr(ErrorCode, error_code)\n            if isinstance(error_info, list) and status in error_info:\n                exception_class = getattr(ExceptionMapping, error_code, WebDriverException)\n                break\n        else:\n            exception_class = WebDriverException\n    \n        if not value:\n            value = response[\"value\"]\n        if isinstance(value, str):\n            raise exception_class(value)\n        if message == \"\" and \"message\" in value:\n            message = value[\"message\"]\n    \n        screen = None  # type: ignore[assignment]\n        if \"screen\" in value:\n            screen = value[\"screen\"]\n    \n        stacktrace = None\n        st_value = value.get(\"stackTrace\") or value.get(\"stacktrace\")\n        if st_value:\n            if isinstance(st_value, str):\n                stacktrace = st_value.split(\"\\n\")\n            else:\n                stacktrace = []\n                try:\n                    for frame in st_value:\n                        line = frame.get(\"lineNumber\", \"\")\n                        file = frame.get(\"fileName\", \"<anonymous>\")\n                        if line:\n                            file = f\"{file}:{line}\"\n                        meth = frame.get(\"methodName\", \"<anonymous>\")\n                        if \"className\" in frame:\n                            meth = f\"{frame['className']}.{meth}\"\n                        msg = \"    at %s (%s)\"\n                        msg = msg % (meth, file)\n                        stacktrace.append(msg)\n                except TypeError:\n                    pass\n        if exception_class == UnexpectedAlertPresentException:\n            alert_text = None\n            if \"data\" in value:\n                alert_text = value[\"data\"].get(\"text\")\n            elif \"alert\" in value:\n                alert_text = value[\"alert\"].get(\"text\")\n            raise exception_class(message, screen, stacktrace, alert_text)  # type: ignore[call-arg]  # mypy is not smart enough here\n>       raise exception_class(message, screen, stacktrace)\nE       selenium.common.exceptions.NoSuchElementException: Message: no such element: Unable to locate element: {\"method\":\"xpath\",\"selector\":\"(//a[@class='add-to-cart yellow-btn'])[1]\"}\nE         (Session info: chrome-headless-shell=122.0.6261.94); For documentation on this error, please visit: https://www.selenium.dev/documentation/webdriver/troubleshooting/errors#no-such-element-exception\nE       Stacktrace:\nE       #0 0x563700697e93 <unknown>\nE       #1 0x56370038fce6 <unknown>\nE       #2 0x5637003dae48 <unknown>\nE       #3 0x5637003daf01 <unknown>\nE       #4 0x56370041e3f4 <unknown>\nE       #5 0x5637003fcedd <unknown>\nE       #6 0x56370041b899 <unknown>\nE       #7 0x5637003fcc53 <unknown>\nE       #8 0x5637003cddb3 <unknown>\nE       #9 0x5637003ce77e <unknown>\nE       #10 0x56370065d7cb <unknown>\nE       #11 0x5637006617e5 <unknown>\nE       #12 0x56370064b0e1 <unknown>\nE       #13 0x563700662372 <unknown>\nE       #14 0x56370062f1bf <unknown>\nE       #15 0x563700686488 <unknown>\nE       #16 0x563700686683 <unknown>\nE       #17 0x563700697044 <unknown>\nE       #18 0x7f940f366134 <unknown>\n\n/usr/local/lib/python3.11/site-packages/selenium/webdriver/remote/errorhandler.py:229: NoSuchElementException","steps":[{"name":"Добавляем товар в корзину в количестве 25","time":{"start":1709686331670,"stop":1709686331682,"duration":12},"status":"broken","statusMessage":"selenium.common.exceptions.NoSuchElementException: Message: no such element: Unable to locate element: {\"method\":\"xpath\",\"selector\":\"(//a[@class='add-to-cart yellow-btn'])[1]\"}\n  (Session info: chrome-headless-shell=122.0.6261.94); For documentation on this error, please visit: https://www.selenium.dev/documentation/webdriver/troubleshooting/errors#no-such-element-exception\nStacktrace:\n#0 0x563700697e93 <unknown>\n#1 0x56370038fce6 <unknown>\n#2 0x5637003dae48 <unknown>\n#3 0x5637003daf01 <unknown>\n#4 0x56370041e3f4 <unknown>\n#5 0x5637003fcedd <unknown>\n#6 0x56370041b899 <unknown>\n#7 0x5637003fcc53 <unknown>\n#8 0x5637003cddb3 <unknown>\n#9 0x5637003ce77e <unknown>\n#10 0x56370065d7cb <unknown>\n#11 0x5637006617e5 <unknown>\n#12 0x56370064b0e1 <unknown>\n#13 0x563700662372 <unknown>\n#14 0x56370062f1bf <unknown>\n#15 0x563700686488 <unknown>\n#16 0x563700686683 <unknown>\n#17 0x563700697044 <unknown>\n#18 0x7f940f366134 <unknown>\n\n","statusTrace":"  File \"/usr/local/lib/python3.11/site-packages/allure_commons/_allure.py\", line 192, in impl\n    return func(*a, **kw)\n           ^^^^^^^^^^^^^^\n  File \"/app/pages/item_page.py\", line 40, in add_item_to_cart\n    self.find_element(self._add_item).click()\n    ^^^^^^^^^^^^^^^^^^^^^^^^^^^^^^^^^\n  File \"/app/base/seleniumbase.py\", line 17, in find_element\n    return self.driver.find_element(*locator)\n           ^^^^^^^^^^^^^^^^^^^^^^^^^^^^^^^^^^\n  File \"/usr/local/lib/python3.11/site-packages/selenium/webdriver/remote/webdriver.py\", line 739, in find_element\n    return self.execute(Command.FIND_ELEMENT, {\"using\": by, \"value\": value})[\"value\"]\n           ^^^^^^^^^^^^^^^^^^^^^^^^^^^^^^^^^^^^^^^^^^^^^^^^^^^^^^^^^^^^^^^^^\n  File \"/usr/local/lib/python3.11/site-packages/selenium/webdriver/remote/webdriver.py\", line 345, in execute\n    self.error_handler.check_response(response)\n  File \"/usr/local/lib/python3.11/site-packages/selenium/webdriver/remote/errorhandler.py\", line 229, in check_response\n    raise exception_class(message, screen, stacktrace)\n","steps":[],"attachments":[],"parameters":[{"name":"amount","value":"25"}],"shouldDisplayMessage":true,"stepsCount":0,"attachmentsCount":0,"hasContent":true,"attachmentStep":false}],"attachments":[{"uid":"7e9850a5537fd64f","name":"Screenshot","source":"7e9850a5537fd64f.png","type":"image/png","size":5862},{"uid":"4c1206dd59d2f5a7","name":"HTML source","source":"4c1206dd59d2f5a7.html","type":"text/html","size":39}],"parameters":[],"shouldDisplayMessage":true,"stepsCount":1,"attachmentsCount":2,"hasContent":true,"attachmentStep":false},"afterStages":[{"name":"setup::0","time":{"start":1709686331789,"stop":1709686331789,"duration":0},"status":"passed","steps":[],"attachments":[],"parameters":[],"shouldDisplayMessage":false,"stepsCount":0,"attachmentsCount":0,"hasContent":false,"attachmentStep":false},{"name":"driver::0","time":{"start":1709686331789,"stop":1709686331846,"duration":57},"status":"passed","steps":[],"attachments":[],"parameters":[],"shouldDisplayMessage":false,"stepsCount":0,"attachmentsCount":0,"hasContent":false,"attachmentStep":false}],"labels":[{"name":"epic","value":"Delivery Page - calculation"},{"name":"tag","value":"smoke_test"},{"name":"tag","value":"@pytest.mark.xfail"},{"name":"parentSuite","value":"tests.delivery"},{"name":"suite","value":"test_delivery_calculation"},{"name":"subSuite","value":"TestDeliveryPageCalculation"},{"name":"host","value":"4460be487ae6"},{"name":"thread","value":"1-MainThread"},{"name":"framework","value":"pytest"},{"name":"language","value":"cpython3"},{"name":"package","value":"tests.delivery.test_delivery_calculation"},{"name":"resultFormat","value":"allure2"}],"parameters":[{"name":"all_time","value":"2480"},{"name":"amount","value":"25"},{"name":"case_id","value":"'TD 006'"},{"name":"in_time","value":"1990"},{"name":"link_item","value":"'products/shtukaturka-gipsovaya-aksolit-m50-30-kg-mashinnogo-naneseniya'"},{"name":"standard","value":"990"},{"name":"url","value":"'https://sandboxtest.stroyrem-nn.ru/'"},{"name":"weight","value":"1700"}],"links":[],"hidden":false,"retry":false,"extra":{"severity":"normal","retries":[],"categories":[],"history":{"statistic":{"failed":0,"broken":13,"skipped":177,"passed":0,"unknown":0,"total":190},"items":[{"uid":"d4012062274a0d72","reportUrl":"https://Nat754.github.io/StroyremAutomation/237//#testresult/d4012062274a0d72","status":"skipped","statusDetails":"XFAIL\n\nselenium.common.exceptions.NoSuchElementException: Message: no such element: Unable to locate element: {\"method\":\"xpath\",\"selector\":\"(//a[@class='add-to-cart yellow-btn'])[1]\"}\n  (Session info: chrome-headless-shell=122.0.6261.94); For documentation on this error, please visit: https://www.selenium.dev/documentation/webdriver/troubleshooting/errors#no-such-element-exception\nStacktrace:\n#0 0x5638937ace93 <unknown>\n#1 0x5638934a4ce6 <unknown>\n#2 0x5638934efe48 <unknown>\n#3 0x5638934eff01 <unknown>\n#4 0x5638935333f4 <unknown>\n#5 0x563893511edd <unknown>\n#6 0x563893530899 <unknown>\n#7 0x563893511c53 <unknown>\n#8 0x5638934e2db3 <unknown>\n#9 0x5638934e377e <unknown>\n#10 0x5638937727cb <unknown>\n#11 0x5638937767e5 <unknown>\n#12 0x5638937600e1 <unknown>\n#13 0x563893777372 <unknown>\n#14 0x5638937441bf <unknown>\n#15 0x56389379b488 <unknown>\n#16 0x56389379b683 <unknown>\n#17 0x5638937ac044 <unknown>\n#18 0x7fae99f15134 <unknown>","time":{"start":1709599909435,"stop":1709599910098,"duration":663}},{"uid":"81f71d0bf94de451","reportUrl":"https://Nat754.github.io/StroyremAutomation/236//#testresult/81f71d0bf94de451","status":"skipped","statusDetails":"XFAIL\n\nselenium.common.exceptions.NoSuchElementException: Message: no such element: Unable to locate element: {\"method\":\"xpath\",\"selector\":\"(//a[@class='add-to-cart yellow-btn'])[1]\"}\n  (Session info: chrome-headless-shell=122.0.6261.94); For documentation on this error, please visit: https://www.selenium.dev/documentation/webdriver/troubleshooting/errors#no-such-element-exception\nStacktrace:\n#0 0x55b9e46cce93 <unknown>\n#1 0x55b9e43c4ce6 <unknown>\n#2 0x55b9e440fe48 <unknown>\n#3 0x55b9e440ff01 <unknown>\n#4 0x55b9e44533f4 <unknown>\n#5 0x55b9e4431edd <unknown>\n#6 0x55b9e4450899 <unknown>\n#7 0x55b9e4431c53 <unknown>\n#8 0x55b9e4402db3 <unknown>\n#9 0x55b9e440377e <unknown>\n#10 0x55b9e46927cb <unknown>\n#11 0x55b9e46967e5 <unknown>\n#12 0x55b9e46800e1 <unknown>\n#13 0x55b9e4697372 <unknown>\n#14 0x55b9e46641bf <unknown>\n#15 0x55b9e46bb488 <unknown>\n#16 0x55b9e46bb683 <unknown>\n#17 0x55b9e46cc044 <unknown>\n#18 0x7f1ff54f4134 <unknown>","time":{"start":1709513612684,"stop":1709513613509,"duration":825}},{"uid":"347b3ea7618b0e7f","reportUrl":"https://Nat754.github.io/StroyremAutomation/235//#testresult/347b3ea7618b0e7f","status":"skipped","statusDetails":"XFAIL\n\nselenium.common.exceptions.NoSuchElementException: Message: no such element: Unable to locate element: {\"method\":\"xpath\",\"selector\":\"(//a[@class='add-to-cart yellow-btn'])[1]\"}\n  (Session info: chrome-headless-shell=122.0.6261.94); For documentation on this error, please visit: https://www.selenium.dev/documentation/webdriver/troubleshooting/errors#no-such-element-exception\nStacktrace:\n#0 0x55e26557de93 <unknown>\n#1 0x55e265275ce6 <unknown>\n#2 0x55e2652c0e48 <unknown>\n#3 0x55e2652c0f01 <unknown>\n#4 0x55e2653043f4 <unknown>\n#5 0x55e2652e2edd <unknown>\n#6 0x55e265301899 <unknown>\n#7 0x55e2652e2c53 <unknown>\n#8 0x55e2652b3db3 <unknown>\n#9 0x55e2652b477e <unknown>\n#10 0x55e2655437cb <unknown>\n#11 0x55e2655477e5 <unknown>\n#12 0x55e2655310e1 <unknown>\n#13 0x55e265548372 <unknown>\n#14 0x55e2655151bf <unknown>\n#15 0x55e26556c488 <unknown>\n#16 0x55e26556c683 <unknown>\n#17 0x55e26557d044 <unknown>\n#18 0x7fd098861134 <unknown>","time":{"start":1709427348289,"stop":1709427348713,"duration":424}},{"uid":"c2df3580133d4d97","reportUrl":"https://Nat754.github.io/StroyremAutomation/234//#testresult/c2df3580133d4d97","status":"skipped","statusDetails":"XFAIL\n\nselenium.common.exceptions.NoSuchElementException: Message: no such element: Unable to locate element: {\"method\":\"xpath\",\"selector\":\"(//a[@class='add-to-cart yellow-btn'])[1]\"}\n  (Session info: chrome-headless-shell=122.0.6261.94); For documentation on this error, please visit: https://www.selenium.dev/documentation/webdriver/troubleshooting/errors#no-such-element-exception\nStacktrace:\n#0 0x55deb0587e93 <unknown>\n#1 0x55deb027fce6 <unknown>\n#2 0x55deb02cae48 <unknown>\n#3 0x55deb02caf01 <unknown>\n#4 0x55deb030e3f4 <unknown>\n#5 0x55deb02ecedd <unknown>\n#6 0x55deb030b899 <unknown>\n#7 0x55deb02ecc53 <unknown>\n#8 0x55deb02bddb3 <unknown>\n#9 0x55deb02be77e <unknown>\n#10 0x55deb054d7cb <unknown>\n#11 0x55deb05517e5 <unknown>\n#12 0x55deb053b0e1 <unknown>\n#13 0x55deb0552372 <unknown>\n#14 0x55deb051f1bf <unknown>\n#15 0x55deb0576488 <unknown>\n#16 0x55deb0576683 <unknown>\n#17 0x55deb0587044 <unknown>\n#18 0x7f3875b92134 <unknown>","time":{"start":1709340605148,"stop":1709340609807,"duration":4659}},{"uid":"e1a4b58348dd0937","reportUrl":"https://Nat754.github.io/StroyremAutomation/233//#testresult/e1a4b58348dd0937","status":"skipped","statusDetails":"XFAIL\n\nselenium.common.exceptions.NoSuchElementException: Message: no such element: Unable to locate element: {\"method\":\"xpath\",\"selector\":\"(//a[@class='add-to-cart yellow-btn'])[1]\"}\n  (Session info: chrome-headless-shell=122.0.6261.94); For documentation on this error, please visit: https://www.selenium.dev/documentation/webdriver/troubleshooting/errors#no-such-element-exception\nStacktrace:\n#0 0x56469827ae93 <unknown>\n#1 0x564697f72ce6 <unknown>\n#2 0x564697fbde48 <unknown>\n#3 0x564697fbdf01 <unknown>\n#4 0x5646980013f4 <unknown>\n#5 0x564697fdfedd <unknown>\n#6 0x564697ffe899 <unknown>\n#7 0x564697fdfc53 <unknown>\n#8 0x564697fb0db3 <unknown>\n#9 0x564697fb177e <unknown>\n#10 0x5646982407cb <unknown>\n#11 0x5646982447e5 <unknown>\n#12 0x56469822e0e1 <unknown>\n#13 0x564698245372 <unknown>\n#14 0x5646982121bf <unknown>\n#15 0x564698269488 <unknown>\n#16 0x564698269683 <unknown>\n#17 0x56469827a044 <unknown>\n#18 0x7fc1bd3a2134 <unknown>","time":{"start":1709254599941,"stop":1709254600567,"duration":626}},{"uid":"dff900f329249f68","reportUrl":"https://Nat754.github.io/StroyremAutomation/232//#testresult/dff900f329249f68","status":"skipped","statusDetails":"XFAIL\n\nselenium.common.exceptions.NoSuchElementException: Message: no such element: Unable to locate element: {\"method\":\"xpath\",\"selector\":\"(//a[@class='add-to-cart yellow-btn'])[1]\"}\n  (Session info: chrome-headless-shell=122.0.6261.94); For documentation on this error, please visit: https://www.selenium.dev/documentation/webdriver/troubleshooting/errors#no-such-element-exception\nStacktrace:\n#0 0x560999582e93 <unknown>\n#1 0x56099927ace6 <unknown>\n#2 0x5609992c5e48 <unknown>\n#3 0x5609992c5f01 <unknown>\n#4 0x5609993093f4 <unknown>\n#5 0x5609992e7edd <unknown>\n#6 0x560999306899 <unknown>\n#7 0x5609992e7c53 <unknown>\n#8 0x5609992b8db3 <unknown>\n#9 0x5609992b977e <unknown>\n#10 0x5609995487cb <unknown>\n#11 0x56099954c7e5 <unknown>\n#12 0x5609995360e1 <unknown>\n#13 0x56099954d372 <unknown>\n#14 0x56099951a1bf <unknown>\n#15 0x560999571488 <unknown>\n#16 0x560999571683 <unknown>\n#17 0x560999582044 <unknown>\n#18 0x7fe838984134 <unknown>","time":{"start":1709167847916,"stop":1709167848428,"duration":512}},{"uid":"d6cf8d7281a37648","reportUrl":"https://Nat754.github.io/StroyremAutomation/231//#testresult/d6cf8d7281a37648","status":"skipped","statusDetails":"XFAIL\n\nselenium.common.exceptions.NoSuchElementException: Message: no such element: Unable to locate element: {\"method\":\"xpath\",\"selector\":\"(//a[@class='add-to-cart yellow-btn'])[1]\"}\n  (Session info: chrome-headless-shell=122.0.6261.94); For documentation on this error, please visit: https://www.selenium.dev/documentation/webdriver/troubleshooting/errors#no-such-element-exception\nStacktrace:\n#0 0x5647f4b0fe93 <unknown>\n#1 0x5647f4807ce6 <unknown>\n#2 0x5647f4852e48 <unknown>\n#3 0x5647f4852f01 <unknown>\n#4 0x5647f48963f4 <unknown>\n#5 0x5647f4874edd <unknown>\n#6 0x5647f4893899 <unknown>\n#7 0x5647f4874c53 <unknown>\n#8 0x5647f4845db3 <unknown>\n#9 0x5647f484677e <unknown>\n#10 0x5647f4ad57cb <unknown>\n#11 0x5647f4ad97e5 <unknown>\n#12 0x5647f4ac30e1 <unknown>\n#13 0x5647f4ada372 <unknown>\n#14 0x5647f4aa71bf <unknown>\n#15 0x5647f4afe488 <unknown>\n#16 0x5647f4afe683 <unknown>\n#17 0x5647f4b0f044 <unknown>\n#18 0x7f3e4685f134 <unknown>","time":{"start":1709081451400,"stop":1709081451810,"duration":410}},{"uid":"5fd283c29db016b5","reportUrl":"https://Nat754.github.io/StroyremAutomation/230//#testresult/5fd283c29db016b5","status":"skipped","statusDetails":"XFAIL\n\nselenium.common.exceptions.NoSuchElementException: Message: no such element: Unable to locate element: {\"method\":\"xpath\",\"selector\":\"(//a[@class='add-to-cart yellow-btn'])[1]\"}\n  (Session info: chrome-headless-shell=122.0.6261.69); For documentation on this error, please visit: https://www.selenium.dev/documentation/webdriver/troubleshooting/errors#no-such-element-exception\nStacktrace:\n#0 0x5585eba8c793 <unknown>\n#1 0x5585eb7801c6 <unknown>\n#2 0x5585eb7cb358 <unknown>\n#3 0x5585eb7cb411 <unknown>\n#4 0x5585eb80e934 <unknown>\n#5 0x5585eb7ed3fd <unknown>\n#6 0x5585eb80bdd9 <unknown>\n#7 0x5585eb7ed173 <unknown>\n#8 0x5585eb7be2d3 <unknown>\n#9 0x5585eb7bec9e <unknown>\n#10 0x5585eba508cb <unknown>\n#11 0x5585eba54745 <unknown>\n#12 0x5585eba3d2e1 <unknown>\n#13 0x5585eba552d2 <unknown>\n#14 0x5585eba2117f <unknown>\n#15 0x5585eba7adc8 <unknown>\n#16 0x5585eba7afc3 <unknown>\n#17 0x5585eba8b944 <unknown>\n#18 0x7fe6a5375134 <unknown>","time":{"start":1708995062411,"stop":1708995062979,"duration":568}},{"uid":"a711c04138579b66","reportUrl":"https://Nat754.github.io/StroyremAutomation/229//#testresult/a711c04138579b66","status":"skipped","statusDetails":"XFAIL\n\nselenium.common.exceptions.NoSuchElementException: Message: no such element: Unable to locate element: {\"method\":\"xpath\",\"selector\":\"(//a[@class='add-to-cart yellow-btn'])[1]\"}\n  (Session info: chrome-headless-shell=122.0.6261.69); For documentation on this error, please visit: https://www.selenium.dev/documentation/webdriver/troubleshooting/errors#no-such-element-exception\nStacktrace:\n#0 0x562f3e4e8793 <unknown>\n#1 0x562f3e1dc1c6 <unknown>\n#2 0x562f3e227358 <unknown>\n#3 0x562f3e227411 <unknown>\n#4 0x562f3e26a934 <unknown>\n#5 0x562f3e2493fd <unknown>\n#6 0x562f3e267dd9 <unknown>\n#7 0x562f3e249173 <unknown>\n#8 0x562f3e21a2d3 <unknown>\n#9 0x562f3e21ac9e <unknown>\n#10 0x562f3e4ac8cb <unknown>\n#11 0x562f3e4b0745 <unknown>\n#12 0x562f3e4992e1 <unknown>\n#13 0x562f3e4b12d2 <unknown>\n#14 0x562f3e47d17f <unknown>\n#15 0x562f3e4d6dc8 <unknown>\n#16 0x562f3e4d6fc3 <unknown>\n#17 0x562f3e4e7944 <unknown>\n#18 0x7f5914e45134 <unknown>","time":{"start":1708908760698,"stop":1708908761107,"duration":409}},{"uid":"6d1e662a6f092f5d","reportUrl":"https://Nat754.github.io/StroyremAutomation/228//#testresult/6d1e662a6f092f5d","status":"skipped","statusDetails":"XFAIL\n\nselenium.common.exceptions.NoSuchElementException: Message: no such element: Unable to locate element: {\"method\":\"xpath\",\"selector\":\"(//a[@class='add-to-cart yellow-btn'])[1]\"}\n  (Session info: chrome-headless-shell=122.0.6261.69); For documentation on this error, please visit: https://www.selenium.dev/documentation/webdriver/troubleshooting/errors#no-such-element-exception\nStacktrace:\n#0 0x55dfb8812793 <unknown>\n#1 0x55dfb85061c6 <unknown>\n#2 0x55dfb8551358 <unknown>\n#3 0x55dfb8551411 <unknown>\n#4 0x55dfb8594934 <unknown>\n#5 0x55dfb85733fd <unknown>\n#6 0x55dfb8591dd9 <unknown>\n#7 0x55dfb8573173 <unknown>\n#8 0x55dfb85442d3 <unknown>\n#9 0x55dfb8544c9e <unknown>\n#10 0x55dfb87d68cb <unknown>\n#11 0x55dfb87da745 <unknown>\n#12 0x55dfb87c32e1 <unknown>\n#13 0x55dfb87db2d2 <unknown>\n#14 0x55dfb87a717f <unknown>\n#15 0x55dfb8800dc8 <unknown>\n#16 0x55dfb8800fc3 <unknown>\n#17 0x55dfb8811944 <unknown>\n#18 0x7f37abf97134 <unknown>","time":{"start":1708822546557,"stop":1708822547176,"duration":619}},{"uid":"e6444a06b235abad","reportUrl":"https://Nat754.github.io/StroyremAutomation/227//#testresult/e6444a06b235abad","status":"skipped","statusDetails":"XFAIL\n\nselenium.common.exceptions.NoSuchElementException: Message: no such element: Unable to locate element: {\"method\":\"xpath\",\"selector\":\"(//a[@class='add-to-cart yellow-btn'])[1]\"}\n  (Session info: chrome-headless-shell=122.0.6261.69); For documentation on this error, please visit: https://www.selenium.dev/documentation/webdriver/troubleshooting/errors#no-such-element-exception\nStacktrace:\n#0 0x560853946793 <unknown>\n#1 0x56085363a1c6 <unknown>\n#2 0x560853685358 <unknown>\n#3 0x560853685411 <unknown>\n#4 0x5608536c8934 <unknown>\n#5 0x5608536a73fd <unknown>\n#6 0x5608536c5dd9 <unknown>\n#7 0x5608536a7173 <unknown>\n#8 0x5608536782d3 <unknown>\n#9 0x560853678c9e <unknown>\n#10 0x56085390a8cb <unknown>\n#11 0x56085390e745 <unknown>\n#12 0x5608538f72e1 <unknown>\n#13 0x56085390f2d2 <unknown>\n#14 0x5608538db17f <unknown>\n#15 0x560853934dc8 <unknown>\n#16 0x560853934fc3 <unknown>\n#17 0x560853945944 <unknown>\n#18 0x7f94efe85134 <unknown>","time":{"start":1708735742197,"stop":1708735742749,"duration":552}},{"uid":"a7ae8c3b91e5632","reportUrl":"https://Nat754.github.io/StroyremAutomation/226//#testresult/a7ae8c3b91e5632","status":"skipped","statusDetails":"XFAIL\n\nselenium.common.exceptions.NoSuchElementException: Message: no such element: Unable to locate element: {\"method\":\"xpath\",\"selector\":\"(//a[@class='add-to-cart yellow-btn'])[1]\"}\n  (Session info: chrome-headless-shell=122.0.6261.69); For documentation on this error, please visit: https://www.selenium.dev/documentation/webdriver/troubleshooting/errors#no-such-element-exception\nStacktrace:\n#0 0x55807520e793 <unknown>\n#1 0x558074f021c6 <unknown>\n#2 0x558074f4d358 <unknown>\n#3 0x558074f4d411 <unknown>\n#4 0x558074f90934 <unknown>\n#5 0x558074f6f3fd <unknown>\n#6 0x558074f8ddd9 <unknown>\n#7 0x558074f6f173 <unknown>\n#8 0x558074f402d3 <unknown>\n#9 0x558074f40c9e <unknown>\n#10 0x5580751d28cb <unknown>\n#11 0x5580751d6745 <unknown>\n#12 0x5580751bf2e1 <unknown>\n#13 0x5580751d72d2 <unknown>\n#14 0x5580751a317f <unknown>\n#15 0x5580751fcdc8 <unknown>\n#16 0x5580751fcfc3 <unknown>\n#17 0x55807520d944 <unknown>\n#18 0x7fe703a87134 <unknown>","time":{"start":1708649455379,"stop":1708649455677,"duration":298}},{"uid":"e1812787fb1a3db0","reportUrl":"https://Nat754.github.io/StroyremAutomation/225//#testresult/e1812787fb1a3db0","status":"skipped","statusDetails":"XFAIL\n\nselenium.common.exceptions.NoSuchElementException: Message: no such element: Unable to locate element: {\"method\":\"xpath\",\"selector\":\"(//a[@class='add-to-cart yellow-btn'])[1]\"}\n  (Session info: chrome-headless-shell=122.0.6261.57); For documentation on this error, please visit: https://www.selenium.dev/documentation/webdriver/troubleshooting/errors#no-such-element-exception\nStacktrace:\n#0 0x55a337cf87d3 <unknown>\n#1 0x55a3379ec1c6 <unknown>\n#2 0x55a337a37358 <unknown>\n#3 0x55a337a37411 <unknown>\n#4 0x55a337a7a934 <unknown>\n#5 0x55a337a593fd <unknown>\n#6 0x55a337a77dd9 <unknown>\n#7 0x55a337a59173 <unknown>\n#8 0x55a337a2a2d3 <unknown>\n#9 0x55a337a2ac9e <unknown>\n#10 0x55a337cbc90b <unknown>\n#11 0x55a337cc0785 <unknown>\n#12 0x55a337ca9321 <unknown>\n#13 0x55a337cc1312 <unknown>\n#14 0x55a337c8d1bf <unknown>\n#15 0x55a337ce6e08 <unknown>\n#16 0x55a337ce7003 <unknown>\n#17 0x55a337cf7984 <unknown>\n#18 0x7f9ba2c1e134 <unknown>","time":{"start":1708563119492,"stop":1708563120117,"duration":625}},{"uid":"bb21e3829ff2e94b","reportUrl":"https://Nat754.github.io/StroyremAutomation/224//#testresult/bb21e3829ff2e94b","status":"skipped","statusDetails":"XFAIL\n\nselenium.common.exceptions.NoSuchElementException: Message: no such element: Unable to locate element: {\"method\":\"xpath\",\"selector\":\"(//a[@class='add-to-cart yellow-btn'])[1]\"}\n  (Session info: chrome-headless-shell=122.0.6261.57); For documentation on this error, please visit: https://www.selenium.dev/documentation/webdriver/troubleshooting/errors#no-such-element-exception\nStacktrace:\n#0 0x556e5946f7d3 <unknown>\n#1 0x556e591631c6 <unknown>\n#2 0x556e591ae358 <unknown>\n#3 0x556e591ae411 <unknown>\n#4 0x556e591f1934 <unknown>\n#5 0x556e591d03fd <unknown>\n#6 0x556e591eedd9 <unknown>\n#7 0x556e591d0173 <unknown>\n#8 0x556e591a12d3 <unknown>\n#9 0x556e591a1c9e <unknown>\n#10 0x556e5943390b <unknown>\n#11 0x556e59437785 <unknown>\n#12 0x556e59420321 <unknown>\n#13 0x556e59438312 <unknown>\n#14 0x556e594041bf <unknown>\n#15 0x556e5945de08 <unknown>\n#16 0x556e5945e003 <unknown>\n#17 0x556e5946e984 <unknown>\n#18 0x7f974edea134 <unknown>","time":{"start":1708476770052,"stop":1708476770805,"duration":753}},{"uid":"daba6534e3b79ce","reportUrl":"https://Nat754.github.io/StroyremAutomation/223//#testresult/daba6534e3b79ce","status":"skipped","statusDetails":"XFAIL\n\nselenium.common.exceptions.NoSuchElementException: Message: no such element: Unable to locate element: {\"method\":\"xpath\",\"selector\":\"(//a[@class='add-to-cart yellow-btn'])[1]\"}\n  (Session info: chrome-headless-shell=121.0.6167.184); For documentation on this error, please visit: https://www.selenium.dev/documentation/webdriver/troubleshooting/errors#no-such-element-exception\nStacktrace:\n#0 0x558fa7269303 <unknown>\n#1 0x558fa6f4e2b7 <unknown>\n#2 0x558fa6f99cc0 <unknown>\n#3 0x558fa6f99db1 <unknown>\n#4 0x558fa6fddb44 <unknown>\n#5 0x558fa6fbc3ad <unknown>\n#6 0x558fa6fdb07c <unknown>\n#7 0x558fa6fbc123 <unknown>\n#8 0x558fa6f8c095 <unknown>\n#9 0x558fa6f8d09e <unknown>\n#10 0x558fa722d6ab <unknown>\n#11 0x558fa72314ba <unknown>\n#12 0x558fa7219f85 <unknown>\n#13 0x558fa723212f <unknown>\n#14 0x558fa71fde6f <unknown>\n#15 0x558fa72565f8 <unknown>\n#16 0x558fa72567c2 <unknown>\n#17 0x558fa72684a4 <unknown>\n#18 0x7f317e34b134 <unknown>","time":{"start":1708390248312,"stop":1708390248654,"duration":342}},{"uid":"8094eeea23be66b8","reportUrl":"https://Nat754.github.io/StroyremAutomation/222//#testresult/8094eeea23be66b8","status":"skipped","statusDetails":"XFAIL\n\nselenium.common.exceptions.NoSuchElementException: Message: no such element: Unable to locate element: {\"method\":\"xpath\",\"selector\":\"(//a[@class='add-to-cart yellow-btn'])[1]\"}\n  (Session info: chrome-headless-shell=121.0.6167.184); For documentation on this error, please visit: https://www.selenium.dev/documentation/webdriver/troubleshooting/errors#no-such-element-exception\nStacktrace:\n#0 0x558463db7303 <unknown>\n#1 0x558463a9c2b7 <unknown>\n#2 0x558463ae7cc0 <unknown>\n#3 0x558463ae7db1 <unknown>\n#4 0x558463b2bb44 <unknown>\n#5 0x558463b0a3ad <unknown>\n#6 0x558463b2907c <unknown>\n#7 0x558463b0a123 <unknown>\n#8 0x558463ada095 <unknown>\n#9 0x558463adb09e <unknown>\n#10 0x558463d7b6ab <unknown>\n#11 0x558463d7f4ba <unknown>\n#12 0x558463d67f85 <unknown>\n#13 0x558463d8012f <unknown>\n#14 0x558463d4be6f <unknown>\n#15 0x558463da45f8 <unknown>\n#16 0x558463da47c2 <unknown>\n#17 0x558463db64a4 <unknown>\n#18 0x7fddae769134 <unknown>","time":{"start":1708304040830,"stop":1708304041226,"duration":396}},{"uid":"88cbf8d3378e591c","reportUrl":"https://Nat754.github.io/StroyremAutomation/221//#testresult/88cbf8d3378e591c","status":"skipped","statusDetails":"XFAIL\n\nselenium.common.exceptions.NoSuchElementException: Message: no such element: Unable to locate element: {\"method\":\"xpath\",\"selector\":\"(//a[@class='add-to-cart yellow-btn'])[1]\"}\n  (Session info: chrome-headless-shell=121.0.6167.184); For documentation on this error, please visit: https://www.selenium.dev/documentation/webdriver/troubleshooting/errors#no-such-element-exception\nStacktrace:\n#0 0x55c3ac4c7303 <unknown>\n#1 0x55c3ac1ac2b7 <unknown>\n#2 0x55c3ac1f7cc0 <unknown>\n#3 0x55c3ac1f7db1 <unknown>\n#4 0x55c3ac23bb44 <unknown>\n#5 0x55c3ac21a3ad <unknown>\n#6 0x55c3ac23907c <unknown>\n#7 0x55c3ac21a123 <unknown>\n#8 0x55c3ac1ea095 <unknown>\n#9 0x55c3ac1eb09e <unknown>\n#10 0x55c3ac48b6ab <unknown>\n#11 0x55c3ac48f4ba <unknown>\n#12 0x55c3ac477f85 <unknown>\n#13 0x55c3ac49012f <unknown>\n#14 0x55c3ac45be6f <unknown>\n#15 0x55c3ac4b45f8 <unknown>\n#16 0x55c3ac4b47c2 <unknown>\n#17 0x55c3ac4c64a4 <unknown>\n#18 0x7f6f270d2134 <unknown>","time":{"start":1708217706483,"stop":1708217706876,"duration":393}},{"uid":"458c27ff88cb98fd","reportUrl":"https://Nat754.github.io/StroyremAutomation/220//#testresult/458c27ff88cb98fd","status":"skipped","statusDetails":"XFAIL\n\nselenium.common.exceptions.NoSuchElementException: Message: no such element: Unable to locate element: {\"method\":\"xpath\",\"selector\":\"(//a[@class='add-to-cart yellow-btn'])[1]\"}\n  (Session info: chrome-headless-shell=121.0.6167.184); For documentation on this error, please visit: https://www.selenium.dev/documentation/webdriver/troubleshooting/errors#no-such-element-exception\nStacktrace:\n#0 0x56069f8f3303 <unknown>\n#1 0x56069f5d82b7 <unknown>\n#2 0x56069f623cc0 <unknown>\n#3 0x56069f623db1 <unknown>\n#4 0x56069f667b44 <unknown>\n#5 0x56069f6463ad <unknown>\n#6 0x56069f66507c <unknown>\n#7 0x56069f646123 <unknown>\n#8 0x56069f616095 <unknown>\n#9 0x56069f61709e <unknown>\n#10 0x56069f8b76ab <unknown>\n#11 0x56069f8bb4ba <unknown>\n#12 0x56069f8a3f85 <unknown>\n#13 0x56069f8bc12f <unknown>\n#14 0x56069f887e6f <unknown>\n#15 0x56069f8e05f8 <unknown>\n#16 0x56069f8e07c2 <unknown>\n#17 0x56069f8f24a4 <unknown>\n#18 0x7f23558f7134 <unknown>","time":{"start":1708131019214,"stop":1708131019628,"duration":414}},{"uid":"bc22383f86021514","reportUrl":"https://Nat754.github.io/StroyremAutomation/219//#testresult/bc22383f86021514","status":"skipped","statusDetails":"XFAIL\n\nselenium.common.exceptions.NoSuchElementException: Message: no such element: Unable to locate element: {\"method\":\"xpath\",\"selector\":\"(//a[@class='add-to-cart yellow-btn'])[1]\"}\n  (Session info: chrome-headless-shell=121.0.6167.85); For documentation on this error, please visit: https://www.selenium.dev/documentation/webdriver/troubleshooting/errors#no-such-element-exception\nStacktrace:\n#0 0x55df67e02d93 <unknown>\n#1 0x55df67ae6337 <unknown>\n#2 0x55df67b31d60 <unknown>\n#3 0x55df67b31e51 <unknown>\n#4 0x55df67b75bc4 <unknown>\n#5 0x55df67b5446d <unknown>\n#6 0x55df67b7312d <unknown>\n#7 0x55df67b541e3 <unknown>\n#8 0x55df67b24135 <unknown>\n#9 0x55df67b2513e <unknown>\n#10 0x55df67dc6e4b <unknown>\n#11 0x55df67dcadfa <unknown>\n#12 0x55df67db36d5 <unknown>\n#13 0x55df67dcba6f <unknown>\n#14 0x55df67d9769f <unknown>\n#15 0x55df67df0098 <unknown>\n#16 0x55df67df0262 <unknown>\n#17 0x55df67e01f34 <unknown>\n#18 0x7f76b0ed0134 <unknown>","time":{"start":1708044715428,"stop":1708044716355,"duration":927}},{"uid":"a7879191f7ad56c5","reportUrl":"https://Nat754.github.io/StroyremAutomation/218//#testresult/a7879191f7ad56c5","status":"skipped","statusDetails":"XFAIL\n\nselenium.common.exceptions.NoSuchElementException: Message: no such element: Unable to locate element: {\"method\":\"xpath\",\"selector\":\"(//a[@class='add-to-cart yellow-btn'])[1]\"}\n  (Session info: chrome-headless-shell=121.0.6167.85); For documentation on this error, please visit: https://www.selenium.dev/documentation/webdriver/troubleshooting/errors#no-such-element-exception\nStacktrace:\n#0 0x557d051d1d93 <unknown>\n#1 0x557d04eb5337 <unknown>\n#2 0x557d04f00d60 <unknown>\n#3 0x557d04f00e51 <unknown>\n#4 0x557d04f44bc4 <unknown>\n#5 0x557d04f2346d <unknown>\n#6 0x557d04f4212d <unknown>\n#7 0x557d04f231e3 <unknown>\n#8 0x557d04ef3135 <unknown>\n#9 0x557d04ef413e <unknown>\n#10 0x557d05195e4b <unknown>\n#11 0x557d05199dfa <unknown>\n#12 0x557d051826d5 <unknown>\n#13 0x557d0519aa6f <unknown>\n#14 0x557d0516669f <unknown>\n#15 0x557d051bf098 <unknown>\n#16 0x557d051bf262 <unknown>\n#17 0x557d051d0f34 <unknown>\n#18 0x7f06bc296134 <unknown>","time":{"start":1707958328545,"stop":1707958328835,"duration":290}}]},"tags":["@pytest.mark.xfail","smoke_test"]},"source":"55638c05511a553a.json","parameterValues":["2480","25","'TD 006'","1990","'products/shtukaturka-gipsovaya-aksolit-m50-30-kg-mashinnogo-naneseniya'","990","'https://sandboxtest.stroyrem-nn.ru/'","1700"]}