{"uid":"98a99170e2ea11cb","name":"TD 017 Доставка товара весом до 400кг. в синей зоне","fullName":"tests.delivery.test_delivery_calculation.TestDeliveryPageCalculation#test_positive_delivery_blue_zone_smoke","historyId":"81af0bc3e563f7b2736d18e07047a083","time":{"start":1724806983383,"stop":1724806983794,"duration":411},"status":"skipped","statusMessage":"XFAIL\n\nselenium.common.exceptions.NoSuchElementException: Message: no such element: Unable to locate element: {\"method\":\"xpath\",\"selector\":\"(//a[@class='add-to-cart yellow-btn'])[1]\"}\n  (Session info: chrome=128.0.6613.84); For documentation on this error, please visit: https://www.selenium.dev/documentation/webdriver/troubleshooting/errors#no-such-element-exception\nStacktrace:\n#0 0x55731572181a <unknown>\n#1 0x5573153efe50 <unknown>\n#2 0x55731543f644 <unknown>\n#3 0x55731543f931 <unknown>\n#4 0x557315485534 <unknown>\n#5 0x5573154644bd <unknown>\n#6 0x5573154829c6 <unknown>\n#7 0x557315464233 <unknown>\n#8 0x557315432093 <unknown>\n#9 0x55731543309e <unknown>\n#10 0x5573156e8a7b <unknown>\n#11 0x5573156eca31 <unknown>\n#12 0x5573156d4645 <unknown>\n#13 0x5573156ed5a2 <unknown>\n#14 0x5573156b981f <unknown>\n#15 0x557315710618 <unknown>\n#16 0x5573157107e2 <unknown>\n#17 0x55731572060c <unknown>\n#18 0x7fd7291f5134 <unknown>","statusTrace":"self = <tests.delivery.test_delivery_calculation.TestDeliveryPageCalculation object at 0x7f6142b97210>\ndriver = <selenium.webdriver.chrome.webdriver.WebDriver (session=\"c2e090c0ced55223177d9bddcec88796\")>\nurl = 'https://sandboxtest.stroyrem-nn.ru/', case_id = 'TD 017'\nlink_item = 'products/shtukaturka-gipsovaya-aksolit-m50-30-kg-mashinnogo-naneseniya'\namount = 13, weight = 400, standard = 650, in_time = 2390, all_time = 3320\n\n    @pytest.mark.parametrize('case_id, link_item, amount, weight, standard, in_time, all_time', [\n        (\"TD 015\", bundeks_25, 1, 30, 650, 2390, 3320),\n        pytest.param(\n            \"TD 016\", aksolit_30, 8, 300, 650, 2390, 3320,\n            marks=pytest.mark.xfail(reson=\"Цена доставки: - - -\")\n        ),\n        (\"TD 017\", aksolit_30, 13, 400, 650, 2390, 3320),\n        (\"TD 018\", aksolit_30, 16, 500, 850, 2490, 3320),\n        (\"TD 019\", aksolit_30, 25, 1700, 1150, 2490, 3320),\n        (\"TD 020\", aksolit_30, 66, 2000, 1500, 2990, 3650),\n        (\"TD 021\", aksolit_30, 149, 4500, 2600, 4380, 4890),\n        (\"TD 022\", aksolit_30, 166, 5000, 2800, 5490, 5980),\n        pytest.param(\n            \"TD 023\", aksolit_30, 206, 6200, 3300, 7500, 8000,\n            marks=pytest.mark.xfail(reson=\"Цена доставки: 4300 9900 11440\")\n        ),\n        (\"TD 024\", aksolit_30, 299, 9000, 4300, 9900, 11440),\n        (\"TD 025\", aksolit_30, 333, 10000, 7000, 13900, 15900),\n        pytest.param(\n            \"TD 026\", aksolit_30, 366, 11000, 8000, 14900, 19900,\n            marks=pytest.mark.xfail(reson=\"Цена доставки: 7000 13900 15900\")\n        ),\n        pytest.param(\n            \"TD 027\", aksolit_30, 666, 20000, 14000, 16900, 23900,\n            marks=pytest.mark.xfail(reson=\"Цена доставки: 7000 13900 15900\")\n        )\n    ])\n    @pytest.mark.xfail\n    @pytest.mark.smoke_test\n    def test_positive_delivery_blue_zone_smoke(\n            self, driver, url, case_id, link_item, amount, weight, standard, in_time, all_time\n    ):\n        allure.dynamic.title(f\"{case_id} Доставка товара весом до {weight}кг. в синей зоне\")\n    \n        driver.get(f'{url}{link_item}')\n        item_page = ItemPage(driver)\n>       item_page.add_item_to_cart(amount).click_on_cart()\n\ntests/delivery/test_delivery_calculation.py:132: \n_ _ _ _ _ _ _ _ _ _ _ _ _ _ _ _ _ _ _ _ _ _ _ _ _ _ _ _ _ _ _ _ _ _ _ _ _ _ _ _ \npages/item_page.py:40: in add_item_to_cart\n    self.find_element(self._add_item).click()\nbase/seleniumbase.py:17: in find_element\n    return self.driver.find_element(*locator)\n/usr/local/lib/python3.11/site-packages/selenium/webdriver/remote/webdriver.py:739: in find_element\n    return self.execute(Command.FIND_ELEMENT, {\"using\": by, \"value\": value})[\"value\"]\n/usr/local/lib/python3.11/site-packages/selenium/webdriver/remote/webdriver.py:345: in execute\n    self.error_handler.check_response(response)\n_ _ _ _ _ _ _ _ _ _ _ _ _ _ _ _ _ _ _ _ _ _ _ _ _ _ _ _ _ _ _ _ _ _ _ _ _ _ _ _ \n\nself = <selenium.webdriver.remote.errorhandler.ErrorHandler object at 0x7f61429b3150>\nresponse = {'status': 404, 'value': '{\"value\":{\"error\":\"no such element\",\"message\":\"no such element: Unable to locate element: {\\...\\\\n#16 0x5573157107e2 \\\\u003Cunknown>\\\\n#17 0x55731572060c \\\\u003Cunknown>\\\\n#18 0x7fd7291f5134 \\\\u003Cunknown>\\\\n\"}}'}\n\n    def check_response(self, response: Dict[str, Any]) -> None:\n        \"\"\"Checks that a JSON response from the WebDriver does not have an\n        error.\n    \n        :Args:\n         - response - The JSON response from the WebDriver server as a dictionary\n           object.\n    \n        :Raises: If the response contains an error message.\n        \"\"\"\n        status = response.get(\"status\", None)\n        if not status or status == ErrorCode.SUCCESS:\n            return\n        value = None\n        message = response.get(\"message\", \"\")\n        screen: str = response.get(\"screen\", \"\")\n        stacktrace = None\n        if isinstance(status, int):\n            value_json = response.get(\"value\", None)\n            if value_json and isinstance(value_json, str):\n                import json\n    \n                try:\n                    value = json.loads(value_json)\n                    if len(value) == 1:\n                        value = value[\"value\"]\n                    status = value.get(\"error\", None)\n                    if not status:\n                        status = value.get(\"status\", ErrorCode.UNKNOWN_ERROR)\n                        message = value.get(\"value\") or value.get(\"message\")\n                        if not isinstance(message, str):\n                            value = message\n                            message = message.get(\"message\")\n                    else:\n                        message = value.get(\"message\", None)\n                except ValueError:\n                    pass\n    \n        exception_class: Type[WebDriverException]\n        e = ErrorCode()\n        error_codes = [item for item in dir(e) if not item.startswith(\"__\")]\n        for error_code in error_codes:\n            error_info = getattr(ErrorCode, error_code)\n            if isinstance(error_info, list) and status in error_info:\n                exception_class = getattr(ExceptionMapping, error_code, WebDriverException)\n                break\n        else:\n            exception_class = WebDriverException\n    \n        if not value:\n            value = response[\"value\"]\n        if isinstance(value, str):\n            raise exception_class(value)\n        if message == \"\" and \"message\" in value:\n            message = value[\"message\"]\n    \n        screen = None  # type: ignore[assignment]\n        if \"screen\" in value:\n            screen = value[\"screen\"]\n    \n        stacktrace = None\n        st_value = value.get(\"stackTrace\") or value.get(\"stacktrace\")\n        if st_value:\n            if isinstance(st_value, str):\n                stacktrace = st_value.split(\"\\n\")\n            else:\n                stacktrace = []\n                try:\n                    for frame in st_value:\n                        line = frame.get(\"lineNumber\", \"\")\n                        file = frame.get(\"fileName\", \"<anonymous>\")\n                        if line:\n                            file = f\"{file}:{line}\"\n                        meth = frame.get(\"methodName\", \"<anonymous>\")\n                        if \"className\" in frame:\n                            meth = f\"{frame['className']}.{meth}\"\n                        msg = \"    at %s (%s)\"\n                        msg = msg % (meth, file)\n                        stacktrace.append(msg)\n                except TypeError:\n                    pass\n        if exception_class == UnexpectedAlertPresentException:\n            alert_text = None\n            if \"data\" in value:\n                alert_text = value[\"data\"].get(\"text\")\n            elif \"alert\" in value:\n                alert_text = value[\"alert\"].get(\"text\")\n            raise exception_class(message, screen, stacktrace, alert_text)  # type: ignore[call-arg]  # mypy is not smart enough here\n>       raise exception_class(message, screen, stacktrace)\nE       selenium.common.exceptions.NoSuchElementException: Message: no such element: Unable to locate element: {\"method\":\"xpath\",\"selector\":\"(//a[@class='add-to-cart yellow-btn'])[1]\"}\nE         (Session info: chrome=128.0.6613.84); For documentation on this error, please visit: https://www.selenium.dev/documentation/webdriver/troubleshooting/errors#no-such-element-exception\nE       Stacktrace:\nE       #0 0x55731572181a <unknown>\nE       #1 0x5573153efe50 <unknown>\nE       #2 0x55731543f644 <unknown>\nE       #3 0x55731543f931 <unknown>\nE       #4 0x557315485534 <unknown>\nE       #5 0x5573154644bd <unknown>\nE       #6 0x5573154829c6 <unknown>\nE       #7 0x557315464233 <unknown>\nE       #8 0x557315432093 <unknown>\nE       #9 0x55731543309e <unknown>\nE       #10 0x5573156e8a7b <unknown>\nE       #11 0x5573156eca31 <unknown>\nE       #12 0x5573156d4645 <unknown>\nE       #13 0x5573156ed5a2 <unknown>\nE       #14 0x5573156b981f <unknown>\nE       #15 0x557315710618 <unknown>\nE       #16 0x5573157107e2 <unknown>\nE       #17 0x55731572060c <unknown>\nE       #18 0x7fd7291f5134 <unknown>\n\n/usr/local/lib/python3.11/site-packages/selenium/webdriver/remote/errorhandler.py:229: NoSuchElementException","flaky":false,"newFailed":false,"newBroken":false,"newPassed":false,"retriesCount":0,"retriesStatusChange":false,"beforeStages":[{"name":"_session_faker","time":{"start":1724806737658,"stop":1724806737730,"duration":72},"status":"passed","steps":[],"attachments":[],"parameters":[],"shouldDisplayMessage":false,"stepsCount":0,"attachmentsCount":0,"hasContent":false,"attachmentStep":false},{"name":"clear_allure_results_folder","time":{"start":1724806737730,"stop":1724806737730,"duration":0},"status":"passed","steps":[],"attachments":[],"parameters":[],"shouldDisplayMessage":false,"stepsCount":0,"attachmentsCount":0,"hasContent":false,"attachmentStep":false},{"name":"driver","time":{"start":1724806982562,"stop":1724806983382,"duration":820},"status":"passed","steps":[],"attachments":[],"parameters":[],"shouldDisplayMessage":false,"stepsCount":0,"attachmentsCount":0,"hasContent":false,"attachmentStep":false},{"name":"setup","time":{"start":1724806983382,"stop":1724806983382,"duration":0},"status":"passed","steps":[],"attachments":[],"parameters":[],"shouldDisplayMessage":false,"stepsCount":0,"attachmentsCount":0,"hasContent":false,"attachmentStep":false}],"testStage":{"status":"skipped","statusMessage":"XFAIL\n\nselenium.common.exceptions.NoSuchElementException: Message: no such element: Unable to locate element: {\"method\":\"xpath\",\"selector\":\"(//a[@class='add-to-cart yellow-btn'])[1]\"}\n  (Session info: chrome=128.0.6613.84); For documentation on this error, please visit: https://www.selenium.dev/documentation/webdriver/troubleshooting/errors#no-such-element-exception\nStacktrace:\n#0 0x55731572181a <unknown>\n#1 0x5573153efe50 <unknown>\n#2 0x55731543f644 <unknown>\n#3 0x55731543f931 <unknown>\n#4 0x557315485534 <unknown>\n#5 0x5573154644bd <unknown>\n#6 0x5573154829c6 <unknown>\n#7 0x557315464233 <unknown>\n#8 0x557315432093 <unknown>\n#9 0x55731543309e <unknown>\n#10 0x5573156e8a7b <unknown>\n#11 0x5573156eca31 <unknown>\n#12 0x5573156d4645 <unknown>\n#13 0x5573156ed5a2 <unknown>\n#14 0x5573156b981f <unknown>\n#15 0x557315710618 <unknown>\n#16 0x5573157107e2 <unknown>\n#17 0x55731572060c <unknown>\n#18 0x7fd7291f5134 <unknown>","statusTrace":"self = <tests.delivery.test_delivery_calculation.TestDeliveryPageCalculation object at 0x7f6142b97210>\ndriver = <selenium.webdriver.chrome.webdriver.WebDriver (session=\"c2e090c0ced55223177d9bddcec88796\")>\nurl = 'https://sandboxtest.stroyrem-nn.ru/', case_id = 'TD 017'\nlink_item = 'products/shtukaturka-gipsovaya-aksolit-m50-30-kg-mashinnogo-naneseniya'\namount = 13, weight = 400, standard = 650, in_time = 2390, all_time = 3320\n\n    @pytest.mark.parametrize('case_id, link_item, amount, weight, standard, in_time, all_time', [\n        (\"TD 015\", bundeks_25, 1, 30, 650, 2390, 3320),\n        pytest.param(\n            \"TD 016\", aksolit_30, 8, 300, 650, 2390, 3320,\n            marks=pytest.mark.xfail(reson=\"Цена доставки: - - -\")\n        ),\n        (\"TD 017\", aksolit_30, 13, 400, 650, 2390, 3320),\n        (\"TD 018\", aksolit_30, 16, 500, 850, 2490, 3320),\n        (\"TD 019\", aksolit_30, 25, 1700, 1150, 2490, 3320),\n        (\"TD 020\", aksolit_30, 66, 2000, 1500, 2990, 3650),\n        (\"TD 021\", aksolit_30, 149, 4500, 2600, 4380, 4890),\n        (\"TD 022\", aksolit_30, 166, 5000, 2800, 5490, 5980),\n        pytest.param(\n            \"TD 023\", aksolit_30, 206, 6200, 3300, 7500, 8000,\n            marks=pytest.mark.xfail(reson=\"Цена доставки: 4300 9900 11440\")\n        ),\n        (\"TD 024\", aksolit_30, 299, 9000, 4300, 9900, 11440),\n        (\"TD 025\", aksolit_30, 333, 10000, 7000, 13900, 15900),\n        pytest.param(\n            \"TD 026\", aksolit_30, 366, 11000, 8000, 14900, 19900,\n            marks=pytest.mark.xfail(reson=\"Цена доставки: 7000 13900 15900\")\n        ),\n        pytest.param(\n            \"TD 027\", aksolit_30, 666, 20000, 14000, 16900, 23900,\n            marks=pytest.mark.xfail(reson=\"Цена доставки: 7000 13900 15900\")\n        )\n    ])\n    @pytest.mark.xfail\n    @pytest.mark.smoke_test\n    def test_positive_delivery_blue_zone_smoke(\n            self, driver, url, case_id, link_item, amount, weight, standard, in_time, all_time\n    ):\n        allure.dynamic.title(f\"{case_id} Доставка товара весом до {weight}кг. в синей зоне\")\n    \n        driver.get(f'{url}{link_item}')\n        item_page = ItemPage(driver)\n>       item_page.add_item_to_cart(amount).click_on_cart()\n\ntests/delivery/test_delivery_calculation.py:132: \n_ _ _ _ _ _ _ _ _ _ _ _ _ _ _ _ _ _ _ _ _ _ _ _ _ _ _ _ _ _ _ _ _ _ _ _ _ _ _ _ \npages/item_page.py:40: in add_item_to_cart\n    self.find_element(self._add_item).click()\nbase/seleniumbase.py:17: in find_element\n    return self.driver.find_element(*locator)\n/usr/local/lib/python3.11/site-packages/selenium/webdriver/remote/webdriver.py:739: in find_element\n    return self.execute(Command.FIND_ELEMENT, {\"using\": by, \"value\": value})[\"value\"]\n/usr/local/lib/python3.11/site-packages/selenium/webdriver/remote/webdriver.py:345: in execute\n    self.error_handler.check_response(response)\n_ _ _ _ _ _ _ _ _ _ _ _ _ _ _ _ _ _ _ _ _ _ _ _ _ _ _ _ _ _ _ _ _ _ _ _ _ _ _ _ \n\nself = <selenium.webdriver.remote.errorhandler.ErrorHandler object at 0x7f61429b3150>\nresponse = {'status': 404, 'value': '{\"value\":{\"error\":\"no such element\",\"message\":\"no such element: Unable to locate element: {\\...\\\\n#16 0x5573157107e2 \\\\u003Cunknown>\\\\n#17 0x55731572060c \\\\u003Cunknown>\\\\n#18 0x7fd7291f5134 \\\\u003Cunknown>\\\\n\"}}'}\n\n    def check_response(self, response: Dict[str, Any]) -> None:\n        \"\"\"Checks that a JSON response from the WebDriver does not have an\n        error.\n    \n        :Args:\n         - response - The JSON response from the WebDriver server as a dictionary\n           object.\n    \n        :Raises: If the response contains an error message.\n        \"\"\"\n        status = response.get(\"status\", None)\n        if not status or status == ErrorCode.SUCCESS:\n            return\n        value = None\n        message = response.get(\"message\", \"\")\n        screen: str = response.get(\"screen\", \"\")\n        stacktrace = None\n        if isinstance(status, int):\n            value_json = response.get(\"value\", None)\n            if value_json and isinstance(value_json, str):\n                import json\n    \n                try:\n                    value = json.loads(value_json)\n                    if len(value) == 1:\n                        value = value[\"value\"]\n                    status = value.get(\"error\", None)\n                    if not status:\n                        status = value.get(\"status\", ErrorCode.UNKNOWN_ERROR)\n                        message = value.get(\"value\") or value.get(\"message\")\n                        if not isinstance(message, str):\n                            value = message\n                            message = message.get(\"message\")\n                    else:\n                        message = value.get(\"message\", None)\n                except ValueError:\n                    pass\n    \n        exception_class: Type[WebDriverException]\n        e = ErrorCode()\n        error_codes = [item for item in dir(e) if not item.startswith(\"__\")]\n        for error_code in error_codes:\n            error_info = getattr(ErrorCode, error_code)\n            if isinstance(error_info, list) and status in error_info:\n                exception_class = getattr(ExceptionMapping, error_code, WebDriverException)\n                break\n        else:\n            exception_class = WebDriverException\n    \n        if not value:\n            value = response[\"value\"]\n        if isinstance(value, str):\n            raise exception_class(value)\n        if message == \"\" and \"message\" in value:\n            message = value[\"message\"]\n    \n        screen = None  # type: ignore[assignment]\n        if \"screen\" in value:\n            screen = value[\"screen\"]\n    \n        stacktrace = None\n        st_value = value.get(\"stackTrace\") or value.get(\"stacktrace\")\n        if st_value:\n            if isinstance(st_value, str):\n                stacktrace = st_value.split(\"\\n\")\n            else:\n                stacktrace = []\n                try:\n                    for frame in st_value:\n                        line = frame.get(\"lineNumber\", \"\")\n                        file = frame.get(\"fileName\", \"<anonymous>\")\n                        if line:\n                            file = f\"{file}:{line}\"\n                        meth = frame.get(\"methodName\", \"<anonymous>\")\n                        if \"className\" in frame:\n                            meth = f\"{frame['className']}.{meth}\"\n                        msg = \"    at %s (%s)\"\n                        msg = msg % (meth, file)\n                        stacktrace.append(msg)\n                except TypeError:\n                    pass\n        if exception_class == UnexpectedAlertPresentException:\n            alert_text = None\n            if \"data\" in value:\n                alert_text = value[\"data\"].get(\"text\")\n            elif \"alert\" in value:\n                alert_text = value[\"alert\"].get(\"text\")\n            raise exception_class(message, screen, stacktrace, alert_text)  # type: ignore[call-arg]  # mypy is not smart enough here\n>       raise exception_class(message, screen, stacktrace)\nE       selenium.common.exceptions.NoSuchElementException: Message: no such element: Unable to locate element: {\"method\":\"xpath\",\"selector\":\"(//a[@class='add-to-cart yellow-btn'])[1]\"}\nE         (Session info: chrome=128.0.6613.84); For documentation on this error, please visit: https://www.selenium.dev/documentation/webdriver/troubleshooting/errors#no-such-element-exception\nE       Stacktrace:\nE       #0 0x55731572181a <unknown>\nE       #1 0x5573153efe50 <unknown>\nE       #2 0x55731543f644 <unknown>\nE       #3 0x55731543f931 <unknown>\nE       #4 0x557315485534 <unknown>\nE       #5 0x5573154644bd <unknown>\nE       #6 0x5573154829c6 <unknown>\nE       #7 0x557315464233 <unknown>\nE       #8 0x557315432093 <unknown>\nE       #9 0x55731543309e <unknown>\nE       #10 0x5573156e8a7b <unknown>\nE       #11 0x5573156eca31 <unknown>\nE       #12 0x5573156d4645 <unknown>\nE       #13 0x5573156ed5a2 <unknown>\nE       #14 0x5573156b981f <unknown>\nE       #15 0x557315710618 <unknown>\nE       #16 0x5573157107e2 <unknown>\nE       #17 0x55731572060c <unknown>\nE       #18 0x7fd7291f5134 <unknown>\n\n/usr/local/lib/python3.11/site-packages/selenium/webdriver/remote/errorhandler.py:229: NoSuchElementException","steps":[{"name":"Добавляем товар в корзину в количестве 13","time":{"start":1724806983773,"stop":1724806983793,"duration":20},"status":"broken","statusMessage":"selenium.common.exceptions.NoSuchElementException: Message: no such element: Unable to locate element: {\"method\":\"xpath\",\"selector\":\"(//a[@class='add-to-cart yellow-btn'])[1]\"}\n  (Session info: chrome=128.0.6613.84); For documentation on this error, please visit: https://www.selenium.dev/documentation/webdriver/troubleshooting/errors#no-such-element-exception\nStacktrace:\n#0 0x55731572181a <unknown>\n#1 0x5573153efe50 <unknown>\n#2 0x55731543f644 <unknown>\n#3 0x55731543f931 <unknown>\n#4 0x557315485534 <unknown>\n#5 0x5573154644bd <unknown>\n#6 0x5573154829c6 <unknown>\n#7 0x557315464233 <unknown>\n#8 0x557315432093 <unknown>\n#9 0x55731543309e <unknown>\n#10 0x5573156e8a7b <unknown>\n#11 0x5573156eca31 <unknown>\n#12 0x5573156d4645 <unknown>\n#13 0x5573156ed5a2 <unknown>\n#14 0x5573156b981f <unknown>\n#15 0x557315710618 <unknown>\n#16 0x5573157107e2 <unknown>\n#17 0x55731572060c <unknown>\n#18 0x7fd7291f5134 <unknown>\n\n","statusTrace":"  File \"/usr/local/lib/python3.11/site-packages/allure_commons/_allure.py\", line 192, in impl\n    return func(*a, **kw)\n           ^^^^^^^^^^^^^^\n  File \"/app/pages/item_page.py\", line 40, in add_item_to_cart\n    self.find_element(self._add_item).click()\n    ^^^^^^^^^^^^^^^^^^^^^^^^^^^^^^^^^\n  File \"/app/base/seleniumbase.py\", line 17, in find_element\n    return self.driver.find_element(*locator)\n           ^^^^^^^^^^^^^^^^^^^^^^^^^^^^^^^^^^\n  File \"/usr/local/lib/python3.11/site-packages/selenium/webdriver/remote/webdriver.py\", line 739, in find_element\n    return self.execute(Command.FIND_ELEMENT, {\"using\": by, \"value\": value})[\"value\"]\n           ^^^^^^^^^^^^^^^^^^^^^^^^^^^^^^^^^^^^^^^^^^^^^^^^^^^^^^^^^^^^^^^^^\n  File \"/usr/local/lib/python3.11/site-packages/selenium/webdriver/remote/webdriver.py\", line 345, in execute\n    self.error_handler.check_response(response)\n  File \"/usr/local/lib/python3.11/site-packages/selenium/webdriver/remote/errorhandler.py\", line 229, in check_response\n    raise exception_class(message, screen, stacktrace)\n","steps":[],"attachments":[],"parameters":[{"name":"amount","value":"13"}],"shouldDisplayMessage":true,"stepsCount":0,"attachmentsCount":0,"hasContent":true,"attachmentStep":false}],"attachments":[{"uid":"f704168e5257b361","name":"Screenshot","source":"f704168e5257b361.png","type":"image/png","size":46842},{"uid":"55952457ec14f14d","name":"HTML source","source":"55952457ec14f14d.html","type":"text/html","size":133701}],"parameters":[],"shouldDisplayMessage":true,"stepsCount":1,"attachmentsCount":2,"hasContent":true,"attachmentStep":false},"afterStages":[{"name":"setup::0","time":{"start":1724806983910,"stop":1724806983910,"duration":0},"status":"passed","steps":[],"attachments":[],"parameters":[],"shouldDisplayMessage":false,"stepsCount":0,"attachmentsCount":0,"hasContent":false,"attachmentStep":false},{"name":"driver::0","time":{"start":1724806983911,"stop":1724806983976,"duration":65},"status":"passed","steps":[],"attachments":[],"parameters":[],"shouldDisplayMessage":false,"stepsCount":0,"attachmentsCount":0,"hasContent":false,"attachmentStep":false}],"labels":[{"name":"epic","value":"Delivery Page - calculation"},{"name":"tag","value":"smoke_test"},{"name":"tag","value":"@pytest.mark.xfail"},{"name":"parentSuite","value":"tests.delivery"},{"name":"suite","value":"test_delivery_calculation"},{"name":"subSuite","value":"TestDeliveryPageCalculation"},{"name":"host","value":"5817ca615996"},{"name":"thread","value":"1-MainThread"},{"name":"framework","value":"pytest"},{"name":"language","value":"cpython3"},{"name":"package","value":"tests.delivery.test_delivery_calculation"},{"name":"resultFormat","value":"allure2"}],"parameters":[{"name":"all_time","value":"3320"},{"name":"amount","value":"13"},{"name":"case_id","value":"'TD 017'"},{"name":"in_time","value":"2390"},{"name":"link_item","value":"'products/shtukaturka-gipsovaya-aksolit-m50-30-kg-mashinnogo-naneseniya'"},{"name":"standard","value":"650"},{"name":"url","value":"'https://sandboxtest.stroyrem-nn.ru/'"},{"name":"weight","value":"400"}],"links":[],"hidden":false,"retry":false,"extra":{"severity":"normal","retries":[],"categories":[],"history":{"statistic":{"failed":0,"broken":0,"skipped":90,"passed":0,"unknown":0,"total":90},"items":[{"uid":"33f442d1de69f15e","reportUrl":"https://Nat754.github.io/StroyremAutomation/412//#testresult/33f442d1de69f15e","status":"skipped","statusDetails":"XFAIL\n\nselenium.common.exceptions.NoSuchElementException: Message: no such element: Unable to locate element: {\"method\":\"xpath\",\"selector\":\"(//a[@class='add-to-cart yellow-btn'])[1]\"}\n  (Session info: chrome=128.0.6613.84); For documentation on this error, please visit: https://www.selenium.dev/documentation/webdriver/troubleshooting/errors#no-such-element-exception\nStacktrace:\n#0 0x55b21c5d481a <unknown>\n#1 0x55b21c2a2e50 <unknown>\n#2 0x55b21c2f2644 <unknown>\n#3 0x55b21c2f2931 <unknown>\n#4 0x55b21c338534 <unknown>\n#5 0x55b21c3174bd <unknown>\n#6 0x55b21c3359c6 <unknown>\n#7 0x55b21c317233 <unknown>\n#8 0x55b21c2e5093 <unknown>\n#9 0x55b21c2e609e <unknown>\n#10 0x55b21c59ba7b <unknown>\n#11 0x55b21c59fa31 <unknown>\n#12 0x55b21c587645 <unknown>\n#13 0x55b21c5a05a2 <unknown>\n#14 0x55b21c56c81f <unknown>\n#15 0x55b21c5c3618 <unknown>\n#16 0x55b21c5c37e2 <unknown>\n#17 0x55b21c5d360c <unknown>\n#18 0x7f217fecb134 <unknown>","time":{"start":1724720547164,"stop":1724720547609,"duration":445}},{"uid":"f6e034809442a440","reportUrl":"https://Nat754.github.io/StroyremAutomation/411//#testresult/f6e034809442a440","status":"skipped","statusDetails":"XFAIL\n\nselenium.common.exceptions.NoSuchElementException: Message: no such element: Unable to locate element: {\"method\":\"xpath\",\"selector\":\"(//a[@class='add-to-cart yellow-btn'])[1]\"}\n  (Session info: chrome=128.0.6613.84); For documentation on this error, please visit: https://www.selenium.dev/documentation/webdriver/troubleshooting/errors#no-such-element-exception\nStacktrace:\n#0 0x562038dd381a <unknown>\n#1 0x562038aa1e50 <unknown>\n#2 0x562038af1644 <unknown>\n#3 0x562038af1931 <unknown>\n#4 0x562038b37534 <unknown>\n#5 0x562038b164bd <unknown>\n#6 0x562038b349c6 <unknown>\n#7 0x562038b16233 <unknown>\n#8 0x562038ae4093 <unknown>\n#9 0x562038ae509e <unknown>\n#10 0x562038d9aa7b <unknown>\n#11 0x562038d9ea31 <unknown>\n#12 0x562038d86645 <unknown>\n#13 0x562038d9f5a2 <unknown>\n#14 0x562038d6b81f <unknown>\n#15 0x562038dc2618 <unknown>\n#16 0x562038dc27e2 <unknown>\n#17 0x562038dd260c <unknown>\n#18 0x7f90b6ac6134 <unknown>","time":{"start":1724634149725,"stop":1724634150178,"duration":453}},{"uid":"5b8e68133b16c12c","reportUrl":"https://Nat754.github.io/StroyremAutomation/410//#testresult/5b8e68133b16c12c","status":"skipped","statusDetails":"XFAIL\n\nselenium.common.exceptions.NoSuchElementException: Message: no such element: Unable to locate element: {\"method\":\"xpath\",\"selector\":\"(//a[@class='add-to-cart yellow-btn'])[1]\"}\n  (Session info: chrome=128.0.6613.84); For documentation on this error, please visit: https://www.selenium.dev/documentation/webdriver/troubleshooting/errors#no-such-element-exception\nStacktrace:\n#0 0x55b150f9d81a <unknown>\n#1 0x55b150c6be50 <unknown>\n#2 0x55b150cbb644 <unknown>\n#3 0x55b150cbb931 <unknown>\n#4 0x55b150d01534 <unknown>\n#5 0x55b150ce04bd <unknown>\n#6 0x55b150cfe9c6 <unknown>\n#7 0x55b150ce0233 <unknown>\n#8 0x55b150cae093 <unknown>\n#9 0x55b150caf09e <unknown>\n#10 0x55b150f64a7b <unknown>\n#11 0x55b150f68a31 <unknown>\n#12 0x55b150f50645 <unknown>\n#13 0x55b150f695a2 <unknown>\n#14 0x55b150f3581f <unknown>\n#15 0x55b150f8c618 <unknown>\n#16 0x55b150f8c7e2 <unknown>\n#17 0x55b150f9c60c <unknown>\n#18 0x7fc60c397134 <unknown>","time":{"start":1724548022813,"stop":1724548023189,"duration":376}},{"uid":"86d5c1d266c806d5","reportUrl":"https://Nat754.github.io/StroyremAutomation/409//#testresult/86d5c1d266c806d5","status":"skipped","statusDetails":"XFAIL\n\nselenium.common.exceptions.NoSuchElementException: Message: no such element: Unable to locate element: {\"method\":\"xpath\",\"selector\":\"(//a[@class='add-to-cart yellow-btn'])[1]\"}\n  (Session info: chrome=128.0.6613.84); For documentation on this error, please visit: https://www.selenium.dev/documentation/webdriver/troubleshooting/errors#no-such-element-exception\nStacktrace:\n#0 0x55ccb6ac081a <unknown>\n#1 0x55ccb678ee50 <unknown>\n#2 0x55ccb67de644 <unknown>\n#3 0x55ccb67de931 <unknown>\n#4 0x55ccb6824534 <unknown>\n#5 0x55ccb68034bd <unknown>\n#6 0x55ccb68219c6 <unknown>\n#7 0x55ccb6803233 <unknown>\n#8 0x55ccb67d1093 <unknown>\n#9 0x55ccb67d209e <unknown>\n#10 0x55ccb6a87a7b <unknown>\n#11 0x55ccb6a8ba31 <unknown>\n#12 0x55ccb6a73645 <unknown>\n#13 0x55ccb6a8c5a2 <unknown>\n#14 0x55ccb6a5881f <unknown>\n#15 0x55ccb6aaf618 <unknown>\n#16 0x55ccb6aaf7e2 <unknown>\n#17 0x55ccb6abf60c <unknown>\n#18 0x7f9cc5886134 <unknown>","time":{"start":1724461254525,"stop":1724461254867,"duration":342}},{"uid":"b21215683c57f9ef","reportUrl":"https://Nat754.github.io/StroyremAutomation/407//#testresult/b21215683c57f9ef","status":"skipped","statusDetails":"XFAIL\n\nselenium.common.exceptions.NoSuchElementException: Message: no such element: Unable to locate element: {\"method\":\"xpath\",\"selector\":\"(//a[@class='add-to-cart yellow-btn'])[1]\"}\n  (Session info: chrome=128.0.6613.84); For documentation on this error, please visit: https://www.selenium.dev/documentation/webdriver/troubleshooting/errors#no-such-element-exception\nStacktrace:\n#0 0x55900fc0181a <unknown>\n#1 0x55900f8cfe50 <unknown>\n#2 0x55900f91f644 <unknown>\n#3 0x55900f91f931 <unknown>\n#4 0x55900f965534 <unknown>\n#5 0x55900f9444bd <unknown>\n#6 0x55900f9629c6 <unknown>\n#7 0x55900f944233 <unknown>\n#8 0x55900f912093 <unknown>\n#9 0x55900f91309e <unknown>\n#10 0x55900fbc8a7b <unknown>\n#11 0x55900fbcca31 <unknown>\n#12 0x55900fbb4645 <unknown>\n#13 0x55900fbcd5a2 <unknown>\n#14 0x55900fb9981f <unknown>\n#15 0x55900fbf0618 <unknown>\n#16 0x55900fbf07e2 <unknown>\n#17 0x55900fc0060c <unknown>\n#18 0x7fa5defe8134 <unknown>","time":{"start":1724288570299,"stop":1724288570658,"duration":359}},{"uid":"6414bfd66450575c","reportUrl":"https://Nat754.github.io/StroyremAutomation/406//#testresult/6414bfd66450575c","status":"skipped","statusDetails":"XFAIL\n\nselenium.common.exceptions.NoSuchElementException: Message: no such element: Unable to locate element: {\"method\":\"xpath\",\"selector\":\"(//a[@class='add-to-cart yellow-btn'])[1]\"}\n  (Session info: chrome-headless-shell=127.0.6533.119); For documentation on this error, please visit: https://www.selenium.dev/documentation/webdriver/troubleshooting/errors#no-such-element-exception\nStacktrace:\n#0 0x5615b10fb6ca <unknown>\n#1 0x5615b0dcc600 <unknown>\n#2 0x5615b0e1bbcb <unknown>\n#3 0x5615b0e1beb1 <unknown>\n#4 0x5615b0e5fb24 <unknown>\n#5 0x5615b0e3e8cd <unknown>\n#6 0x5615b0e5d04a <unknown>\n#7 0x5615b0e3e643 <unknown>\n#8 0x5615b0e0ed31 <unknown>\n#9 0x5615b0e0f79e <unknown>\n#10 0x5615b10c325b <unknown>\n#11 0x5615b10c71f2 <unknown>\n#12 0x5615b10b0615 <unknown>\n#13 0x5615b10c7d82 <unknown>\n#14 0x5615b109525f <unknown>\n#15 0x5615b10eae68 <unknown>\n#16 0x5615b10eb040 <unknown>\n#17 0x5615b10fa49c <unknown>\n#18 0x7f882e9bb134 <unknown>","time":{"start":1724202135197,"stop":1724202135630,"duration":433}},{"uid":"9327c7b35f6105fb","reportUrl":"https://Nat754.github.io/StroyremAutomation/405//#testresult/9327c7b35f6105fb","status":"skipped","statusDetails":"XFAIL\n\nselenium.common.exceptions.NoSuchElementException: Message: no such element: Unable to locate element: {\"method\":\"xpath\",\"selector\":\"(//a[@class='add-to-cart yellow-btn'])[1]\"}\n  (Session info: chrome-headless-shell=127.0.6533.119); For documentation on this error, please visit: https://www.selenium.dev/documentation/webdriver/troubleshooting/errors#no-such-element-exception\nStacktrace:\n#0 0x55dc511956ca <unknown>\n#1 0x55dc50e66600 <unknown>\n#2 0x55dc50eb5bcb <unknown>\n#3 0x55dc50eb5eb1 <unknown>\n#4 0x55dc50ef9b24 <unknown>\n#5 0x55dc50ed88cd <unknown>\n#6 0x55dc50ef704a <unknown>\n#7 0x55dc50ed8643 <unknown>\n#8 0x55dc50ea8d31 <unknown>\n#9 0x55dc50ea979e <unknown>\n#10 0x55dc5115d25b <unknown>\n#11 0x55dc511611f2 <unknown>\n#12 0x55dc5114a615 <unknown>\n#13 0x55dc51161d82 <unknown>\n#14 0x55dc5112f25f <unknown>\n#15 0x55dc51184e68 <unknown>\n#16 0x55dc51185040 <unknown>\n#17 0x55dc5119449c <unknown>\n#18 0x7faf60f9a134 <unknown>","time":{"start":1724115739076,"stop":1724115739528,"duration":452}},{"uid":"d8dde997a0fcde3d","reportUrl":"https://Nat754.github.io/StroyremAutomation/404//#testresult/d8dde997a0fcde3d","status":"skipped","statusDetails":"XFAIL\n\nselenium.common.exceptions.NoSuchElementException: Message: no such element: Unable to locate element: {\"method\":\"xpath\",\"selector\":\"(//a[@class='add-to-cart yellow-btn'])[1]\"}\n  (Session info: chrome-headless-shell=127.0.6533.119); For documentation on this error, please visit: https://www.selenium.dev/documentation/webdriver/troubleshooting/errors#no-such-element-exception\nStacktrace:\n#0 0x5626938876ca <unknown>\n#1 0x562693558600 <unknown>\n#2 0x5626935a7bcb <unknown>\n#3 0x5626935a7eb1 <unknown>\n#4 0x5626935ebb24 <unknown>\n#5 0x5626935ca8cd <unknown>\n#6 0x5626935e904a <unknown>\n#7 0x5626935ca643 <unknown>\n#8 0x56269359ad31 <unknown>\n#9 0x56269359b79e <unknown>\n#10 0x56269384f25b <unknown>\n#11 0x5626938531f2 <unknown>\n#12 0x56269383c615 <unknown>\n#13 0x562693853d82 <unknown>\n#14 0x56269382125f <unknown>\n#15 0x562693876e68 <unknown>\n#16 0x562693877040 <unknown>\n#17 0x56269388649c <unknown>\n#18 0x7f9641fe3134 <unknown>","time":{"start":1724029318071,"stop":1724029318376,"duration":305}},{"uid":"c8f6c19177a2d9d0","reportUrl":"https://Nat754.github.io/StroyremAutomation/403//#testresult/c8f6c19177a2d9d0","status":"skipped","statusDetails":"XFAIL\n\nselenium.common.exceptions.NoSuchElementException: Message: no such element: Unable to locate element: {\"method\":\"xpath\",\"selector\":\"(//a[@class='add-to-cart yellow-btn'])[1]\"}\n  (Session info: chrome-headless-shell=127.0.6533.119); For documentation on this error, please visit: https://www.selenium.dev/documentation/webdriver/troubleshooting/errors#no-such-element-exception\nStacktrace:\n#0 0x5635bc81f6ca <unknown>\n#1 0x5635bc4f0600 <unknown>\n#2 0x5635bc53fbcb <unknown>\n#3 0x5635bc53feb1 <unknown>\n#4 0x5635bc583b24 <unknown>\n#5 0x5635bc5628cd <unknown>\n#6 0x5635bc58104a <unknown>\n#7 0x5635bc562643 <unknown>\n#8 0x5635bc532d31 <unknown>\n#9 0x5635bc53379e <unknown>\n#10 0x5635bc7e725b <unknown>\n#11 0x5635bc7eb1f2 <unknown>\n#12 0x5635bc7d4615 <unknown>\n#13 0x5635bc7ebd82 <unknown>\n#14 0x5635bc7b925f <unknown>\n#15 0x5635bc80ee68 <unknown>\n#16 0x5635bc80f040 <unknown>\n#17 0x5635bc81e49c <unknown>\n#18 0x7f1230818134 <unknown>","time":{"start":1723943123731,"stop":1723943124064,"duration":333}},{"uid":"f375a1a12a5fb7f3","reportUrl":"https://Nat754.github.io/StroyremAutomation/402//#testresult/f375a1a12a5fb7f3","status":"skipped","statusDetails":"XFAIL\n\nselenium.common.exceptions.NoSuchElementException: Message: no such element: Unable to locate element: {\"method\":\"xpath\",\"selector\":\"(//a[@class='add-to-cart yellow-btn'])[1]\"}\n  (Session info: chrome-headless-shell=127.0.6533.119); For documentation on this error, please visit: https://www.selenium.dev/documentation/webdriver/troubleshooting/errors#no-such-element-exception\nStacktrace:\n#0 0x555ee17646ca <unknown>\n#1 0x555ee1435600 <unknown>\n#2 0x555ee1484bcb <unknown>\n#3 0x555ee1484eb1 <unknown>\n#4 0x555ee14c8b24 <unknown>\n#5 0x555ee14a78cd <unknown>\n#6 0x555ee14c604a <unknown>\n#7 0x555ee14a7643 <unknown>\n#8 0x555ee1477d31 <unknown>\n#9 0x555ee147879e <unknown>\n#10 0x555ee172c25b <unknown>\n#11 0x555ee17301f2 <unknown>\n#12 0x555ee1719615 <unknown>\n#13 0x555ee1730d82 <unknown>\n#14 0x555ee16fe25f <unknown>\n#15 0x555ee1753e68 <unknown>\n#16 0x555ee1754040 <unknown>\n#17 0x555ee176349c <unknown>\n#18 0x7fecea429134 <unknown>","time":{"start":1723856369360,"stop":1723856369929,"duration":569}},{"uid":"d16202579621e1ca","reportUrl":"https://Nat754.github.io/StroyremAutomation/401//#testresult/d16202579621e1ca","status":"skipped","statusDetails":"XFAIL\n\nselenium.common.exceptions.NoSuchElementException: Message: no such element: Unable to locate element: {\"method\":\"xpath\",\"selector\":\"(//a[@class='add-to-cart yellow-btn'])[1]\"}\n  (Session info: chrome-headless-shell=127.0.6533.119); For documentation on this error, please visit: https://www.selenium.dev/documentation/webdriver/troubleshooting/errors#no-such-element-exception\nStacktrace:\n#0 0x557657a356ca <unknown>\n#1 0x557657706600 <unknown>\n#2 0x557657755bcb <unknown>\n#3 0x557657755eb1 <unknown>\n#4 0x557657799b24 <unknown>\n#5 0x5576577788cd <unknown>\n#6 0x55765779704a <unknown>\n#7 0x557657778643 <unknown>\n#8 0x557657748d31 <unknown>\n#9 0x55765774979e <unknown>\n#10 0x5576579fd25b <unknown>\n#11 0x557657a011f2 <unknown>\n#12 0x5576579ea615 <unknown>\n#13 0x557657a01d82 <unknown>\n#14 0x5576579cf25f <unknown>\n#15 0x557657a24e68 <unknown>\n#16 0x557657a25040 <unknown>\n#17 0x557657a3449c <unknown>\n#18 0x7ff640fbc134 <unknown>","time":{"start":1723770076558,"stop":1723770076892,"duration":334}},{"uid":"452579a26ae7a9ef","reportUrl":"https://Nat754.github.io/StroyremAutomation/400//#testresult/452579a26ae7a9ef","status":"skipped","statusDetails":"XFAIL\n\nselenium.common.exceptions.NoSuchElementException: Message: no such element: Unable to locate element: {\"method\":\"xpath\",\"selector\":\"(//a[@class='add-to-cart yellow-btn'])[1]\"}\n  (Session info: chrome-headless-shell=127.0.6533.119); For documentation on this error, please visit: https://www.selenium.dev/documentation/webdriver/troubleshooting/errors#no-such-element-exception\nStacktrace:\n#0 0x55915a2656ca <unknown>\n#1 0x559159f36600 <unknown>\n#2 0x559159f85bcb <unknown>\n#3 0x559159f85eb1 <unknown>\n#4 0x559159fc9b24 <unknown>\n#5 0x559159fa88cd <unknown>\n#6 0x559159fc704a <unknown>\n#7 0x559159fa8643 <unknown>\n#8 0x559159f78d31 <unknown>\n#9 0x559159f7979e <unknown>\n#10 0x55915a22d25b <unknown>\n#11 0x55915a2311f2 <unknown>\n#12 0x55915a21a615 <unknown>\n#13 0x55915a231d82 <unknown>\n#14 0x55915a1ff25f <unknown>\n#15 0x55915a254e68 <unknown>\n#16 0x55915a255040 <unknown>\n#17 0x55915a26449c <unknown>\n#18 0x7fbcdbf2c134 <unknown>","time":{"start":1723683563416,"stop":1723683563755,"duration":339}},{"uid":"98048530d8418b78","reportUrl":"https://Nat754.github.io/StroyremAutomation/399//#testresult/98048530d8418b78","status":"skipped","statusDetails":"XFAIL\n\nselenium.common.exceptions.NoSuchElementException: Message: no such element: Unable to locate element: {\"method\":\"xpath\",\"selector\":\"(//a[@class='add-to-cart yellow-btn'])[1]\"}\n  (Session info: chrome-headless-shell=127.0.6533.119); For documentation on this error, please visit: https://www.selenium.dev/documentation/webdriver/troubleshooting/errors#no-such-element-exception\nStacktrace:\n#0 0x55610be946ca <unknown>\n#1 0x55610bb65600 <unknown>\n#2 0x55610bbb4bcb <unknown>\n#3 0x55610bbb4eb1 <unknown>\n#4 0x55610bbf8b24 <unknown>\n#5 0x55610bbd78cd <unknown>\n#6 0x55610bbf604a <unknown>\n#7 0x55610bbd7643 <unknown>\n#8 0x55610bba7d31 <unknown>\n#9 0x55610bba879e <unknown>\n#10 0x55610be5c25b <unknown>\n#11 0x55610be601f2 <unknown>\n#12 0x55610be49615 <unknown>\n#13 0x55610be60d82 <unknown>\n#14 0x55610be2e25f <unknown>\n#15 0x55610be83e68 <unknown>\n#16 0x55610be84040 <unknown>\n#17 0x55610be9349c <unknown>\n#18 0x7fd0ba1f2134 <unknown>","time":{"start":1723597294509,"stop":1723597295049,"duration":540}},{"uid":"60849a186e98290f","reportUrl":"https://Nat754.github.io/StroyremAutomation/398//#testresult/60849a186e98290f","status":"skipped","statusDetails":"XFAIL\n\nselenium.common.exceptions.NoSuchElementException: Message: no such element: Unable to locate element: {\"method\":\"xpath\",\"selector\":\"(//a[@class='add-to-cart yellow-btn'])[1]\"}\n  (Session info: chrome-headless-shell=127.0.6533.99); For documentation on this error, please visit: https://www.selenium.dev/documentation/webdriver/troubleshooting/errors#no-such-element-exception\nStacktrace:\n#0 0x557f1936e6aa <unknown>\n#1 0x557f1903f600 <unknown>\n#2 0x557f1908ebcb <unknown>\n#3 0x557f1908eeb1 <unknown>\n#4 0x557f190d2b24 <unknown>\n#5 0x557f190b18cd <unknown>\n#6 0x557f190d004a <unknown>\n#7 0x557f190b1643 <unknown>\n#8 0x557f19081d31 <unknown>\n#9 0x557f1908279e <unknown>\n#10 0x557f1933623b <unknown>\n#11 0x557f1933a1d2 <unknown>\n#12 0x557f193235f5 <unknown>\n#13 0x557f1933ad62 <unknown>\n#14 0x557f1930823f <unknown>\n#15 0x557f1935de48 <unknown>\n#16 0x557f1935e020 <unknown>\n#17 0x557f1936d47c <unknown>\n#18 0x7f0086b48134 <unknown>","time":{"start":1723510994562,"stop":1723510994989,"duration":427}},{"uid":"f42c6a3a74ec80d7","reportUrl":"https://Nat754.github.io/StroyremAutomation/397//#testresult/f42c6a3a74ec80d7","status":"skipped","statusDetails":"XFAIL\n\nselenium.common.exceptions.NoSuchElementException: Message: no such element: Unable to locate element: {\"method\":\"xpath\",\"selector\":\"(//a[@class='add-to-cart yellow-btn'])[1]\"}\n  (Session info: chrome-headless-shell=127.0.6533.99); For documentation on this error, please visit: https://www.selenium.dev/documentation/webdriver/troubleshooting/errors#no-such-element-exception\nStacktrace:\n#0 0x555738ab86aa <unknown>\n#1 0x555738789600 <unknown>\n#2 0x5557387d8bcb <unknown>\n#3 0x5557387d8eb1 <unknown>\n#4 0x55573881cb24 <unknown>\n#5 0x5557387fb8cd <unknown>\n#6 0x55573881a04a <unknown>\n#7 0x5557387fb643 <unknown>\n#8 0x5557387cbd31 <unknown>\n#9 0x5557387cc79e <unknown>\n#10 0x555738a8023b <unknown>\n#11 0x555738a841d2 <unknown>\n#12 0x555738a6d5f5 <unknown>\n#13 0x555738a84d62 <unknown>\n#14 0x555738a5223f <unknown>\n#15 0x555738aa7e48 <unknown>\n#16 0x555738aa8020 <unknown>\n#17 0x555738ab747c <unknown>\n#18 0x7f025df4c134 <unknown>","time":{"start":1723424622181,"stop":1723424622508,"duration":327}},{"uid":"95bb8e6d9fec0caa","reportUrl":"https://Nat754.github.io/StroyremAutomation/396//#testresult/95bb8e6d9fec0caa","status":"skipped","statusDetails":"XFAIL\n\nselenium.common.exceptions.NoSuchElementException: Message: no such element: Unable to locate element: {\"method\":\"xpath\",\"selector\":\"(//a[@class='add-to-cart yellow-btn'])[1]\"}\n  (Session info: chrome-headless-shell=127.0.6533.99); For documentation on this error, please visit: https://www.selenium.dev/documentation/webdriver/troubleshooting/errors#no-such-element-exception\nStacktrace:\n#0 0x5609dfbde6aa <unknown>\n#1 0x5609df8af600 <unknown>\n#2 0x5609df8febcb <unknown>\n#3 0x5609df8feeb1 <unknown>\n#4 0x5609df942b24 <unknown>\n#5 0x5609df9218cd <unknown>\n#6 0x5609df94004a <unknown>\n#7 0x5609df921643 <unknown>\n#8 0x5609df8f1d31 <unknown>\n#9 0x5609df8f279e <unknown>\n#10 0x5609dfba623b <unknown>\n#11 0x5609dfbaa1d2 <unknown>\n#12 0x5609dfb935f5 <unknown>\n#13 0x5609dfbaad62 <unknown>\n#14 0x5609dfb7823f <unknown>\n#15 0x5609dfbcde48 <unknown>\n#16 0x5609dfbce020 <unknown>\n#17 0x5609dfbdd47c <unknown>\n#18 0x7f17019f2134 <unknown>","time":{"start":1723338429159,"stop":1723338429594,"duration":435}},{"uid":"dc9d211d9c2a9365","reportUrl":"https://Nat754.github.io/StroyremAutomation/395//#testresult/dc9d211d9c2a9365","status":"skipped","statusDetails":"XFAIL\n\nselenium.common.exceptions.NoSuchElementException: Message: no such element: Unable to locate element: {\"method\":\"xpath\",\"selector\":\"(//a[@class='add-to-cart yellow-btn'])[1]\"}\n  (Session info: chrome-headless-shell=127.0.6533.99); For documentation on this error, please visit: https://www.selenium.dev/documentation/webdriver/troubleshooting/errors#no-such-element-exception\nStacktrace:\n#0 0x556d9b0a96aa <unknown>\n#1 0x556d9ad7a600 <unknown>\n#2 0x556d9adc9bcb <unknown>\n#3 0x556d9adc9eb1 <unknown>\n#4 0x556d9ae0db24 <unknown>\n#5 0x556d9adec8cd <unknown>\n#6 0x556d9ae0b04a <unknown>\n#7 0x556d9adec643 <unknown>\n#8 0x556d9adbcd31 <unknown>\n#9 0x556d9adbd79e <unknown>\n#10 0x556d9b07123b <unknown>\n#11 0x556d9b0751d2 <unknown>\n#12 0x556d9b05e5f5 <unknown>\n#13 0x556d9b075d62 <unknown>\n#14 0x556d9b04323f <unknown>\n#15 0x556d9b098e48 <unknown>\n#16 0x556d9b099020 <unknown>\n#17 0x556d9b0a847c <unknown>\n#18 0x7fc7f2339134 <unknown>","time":{"start":1723251660371,"stop":1723251660862,"duration":491}},{"uid":"ce6cf7a8c33e9014","reportUrl":"https://Nat754.github.io/StroyremAutomation/394//#testresult/ce6cf7a8c33e9014","status":"skipped","statusDetails":"XFAIL\n\nselenium.common.exceptions.NoSuchElementException: Message: no such element: Unable to locate element: {\"method\":\"xpath\",\"selector\":\"(//a[@class='add-to-cart yellow-btn'])[1]\"}\n  (Session info: chrome-headless-shell=127.0.6533.99); For documentation on this error, please visit: https://www.selenium.dev/documentation/webdriver/troubleshooting/errors#no-such-element-exception\nStacktrace:\n#0 0x555c276976aa <unknown>\n#1 0x555c27368600 <unknown>\n#2 0x555c273b7bcb <unknown>\n#3 0x555c273b7eb1 <unknown>\n#4 0x555c273fbb24 <unknown>\n#5 0x555c273da8cd <unknown>\n#6 0x555c273f904a <unknown>\n#7 0x555c273da643 <unknown>\n#8 0x555c273aad31 <unknown>\n#9 0x555c273ab79e <unknown>\n#10 0x555c2765f23b <unknown>\n#11 0x555c276631d2 <unknown>\n#12 0x555c2764c5f5 <unknown>\n#13 0x555c27663d62 <unknown>\n#14 0x555c2763123f <unknown>\n#15 0x555c27686e48 <unknown>\n#16 0x555c27687020 <unknown>\n#17 0x555c2769647c <unknown>\n#18 0x7f0374986134 <unknown>","time":{"start":1723165326489,"stop":1723165326792,"duration":303}},{"uid":"19dba05ab31c2a16","reportUrl":"https://Nat754.github.io/StroyremAutomation/393//#testresult/19dba05ab31c2a16","status":"skipped","statusDetails":"XFAIL\n\nselenium.common.exceptions.NoSuchElementException: Message: no such element: Unable to locate element: {\"method\":\"xpath\",\"selector\":\"(//a[@class='add-to-cart yellow-btn'])[1]\"}\n  (Session info: chrome-headless-shell=127.0.6533.99); For documentation on this error, please visit: https://www.selenium.dev/documentation/webdriver/troubleshooting/errors#no-such-element-exception\nStacktrace:\n#0 0x563844ff56aa <unknown>\n#1 0x563844cc6600 <unknown>\n#2 0x563844d15bcb <unknown>\n#3 0x563844d15eb1 <unknown>\n#4 0x563844d59b24 <unknown>\n#5 0x563844d388cd <unknown>\n#6 0x563844d5704a <unknown>\n#7 0x563844d38643 <unknown>\n#8 0x563844d08d31 <unknown>\n#9 0x563844d0979e <unknown>\n#10 0x563844fbd23b <unknown>\n#11 0x563844fc11d2 <unknown>\n#12 0x563844faa5f5 <unknown>\n#13 0x563844fc1d62 <unknown>\n#14 0x563844f8f23f <unknown>\n#15 0x563844fe4e48 <unknown>\n#16 0x563844fe5020 <unknown>\n#17 0x563844ff447c <unknown>\n#18 0x7f98f0a13134 <unknown>","time":{"start":1723078899651,"stop":1723078900134,"duration":483}},{"uid":"43f4cdc028270ed7","reportUrl":"https://Nat754.github.io/StroyremAutomation/392//#testresult/43f4cdc028270ed7","status":"skipped","statusDetails":"XFAIL\n\nselenium.common.exceptions.NoSuchElementException: Message: no such element: Unable to locate element: {\"method\":\"xpath\",\"selector\":\"(//a[@class='add-to-cart yellow-btn'])[1]\"}\n  (Session info: chrome-headless-shell=127.0.6533.99); For documentation on this error, please visit: https://www.selenium.dev/documentation/webdriver/troubleshooting/errors#no-such-element-exception\nStacktrace:\n#0 0x5647831c66aa <unknown>\n#1 0x564782e97600 <unknown>\n#2 0x564782ee6bcb <unknown>\n#3 0x564782ee6eb1 <unknown>\n#4 0x564782f2ab24 <unknown>\n#5 0x564782f098cd <unknown>\n#6 0x564782f2804a <unknown>\n#7 0x564782f09643 <unknown>\n#8 0x564782ed9d31 <unknown>\n#9 0x564782eda79e <unknown>\n#10 0x56478318e23b <unknown>\n#11 0x5647831921d2 <unknown>\n#12 0x56478317b5f5 <unknown>\n#13 0x564783192d62 <unknown>\n#14 0x56478316023f <unknown>\n#15 0x5647831b5e48 <unknown>\n#16 0x5647831b6020 <unknown>\n#17 0x5647831c547c <unknown>\n#18 0x7f9270671134 <unknown>","time":{"start":1722992549505,"stop":1722992549845,"duration":340}}]},"tags":["@pytest.mark.xfail","smoke_test"]},"source":"98a99170e2ea11cb.json","parameterValues":["3320","13","'TD 017'","2390","'products/shtukaturka-gipsovaya-aksolit-m50-30-kg-mashinnogo-naneseniya'","650","'https://sandboxtest.stroyrem-nn.ru/'","400"]}