{"uid":"d4e07ad957520d74","name":"Авторизация с помощью формы авторизации","fullName":"tests.test_sign_in.test_sign_in_page.TestSignInPage#test_positive_login_with_correct_email_and_password_smoke","historyId":"a273ddf50e4fb1739e30fefb7e3443ae","time":{"start":1724808216686,"stop":1724808216843,"duration":157},"status":"skipped","statusMessage":"XFAIL\n\nselenium.common.exceptions.NoSuchElementException: Message: no such element: Unable to locate element: {\"method\":\"css selector\",\"selector\":\"input[value='Войти']\"}\n  (Session info: chrome=128.0.6613.84); For documentation on this error, please visit: https://www.selenium.dev/documentation/webdriver/troubleshooting/errors#no-such-element-exception\nStacktrace:\n#0 0x564ee1d2581a <unknown>\n#1 0x564ee19f3e50 <unknown>\n#2 0x564ee1a43644 <unknown>\n#3 0x564ee1a43931 <unknown>\n#4 0x564ee1a89534 <unknown>\n#5 0x564ee1a684bd <unknown>\n#6 0x564ee1a869c6 <unknown>\n#7 0x564ee1a68233 <unknown>\n#8 0x564ee1a36093 <unknown>\n#9 0x564ee1a3709e <unknown>\n#10 0x564ee1ceca7b <unknown>\n#11 0x564ee1cf0a31 <unknown>\n#12 0x564ee1cd8645 <unknown>\n#13 0x564ee1cf15a2 <unknown>\n#14 0x564ee1cbd81f <unknown>\n#15 0x564ee1d14618 <unknown>\n#16 0x564ee1d147e2 <unknown>\n#17 0x564ee1d2460c <unknown>\n#18 0x7f20b068d134 <unknown>","statusTrace":"self = <tests.test_sign_in.test_sign_in_page.TestSignInPage object at 0x7f6142c31990>\ndriver = <selenium.webdriver.chrome.webdriver.WebDriver (session=\"9f1ecb7c2306c5f05aa45d986e9f4e09\")>\nsign_in_page = <pages.sign_in_page.SignInPage object at 0x7f6141726910>\nopen_sign_in_window = None\n\n    @allure.title(\"Авторизация с помощью формы авторизации\")\n    @pytest.mark.smoke_test\n    @pytest.mark.xfail\n    def test_positive_login_with_correct_email_and_password_smoke(self, driver, sign_in_page, open_sign_in_window):\n        sign_in_page.get_email_field().send_keys(credentials['email'])\n        sign_in_page.get_password_field().send_keys(credentials['password'])\n>       sign_in_page.get_sign_in_button().click()\n\ntests/test_sign_in/test_sign_in_page.py:237: \n_ _ _ _ _ _ _ _ _ _ _ _ _ _ _ _ _ _ _ _ _ _ _ _ _ _ _ _ _ _ _ _ _ _ _ _ _ _ _ _ \npages/sign_in_page.py:99: in get_sign_in_button\n    return self.find_element(self._sign_in_button)\nbase/seleniumbase.py:17: in find_element\n    return self.driver.find_element(*locator)\n/usr/local/lib/python3.11/site-packages/selenium/webdriver/remote/webdriver.py:739: in find_element\n    return self.execute(Command.FIND_ELEMENT, {\"using\": by, \"value\": value})[\"value\"]\n/usr/local/lib/python3.11/site-packages/selenium/webdriver/remote/webdriver.py:345: in execute\n    self.error_handler.check_response(response)\n_ _ _ _ _ _ _ _ _ _ _ _ _ _ _ _ _ _ _ _ _ _ _ _ _ _ _ _ _ _ _ _ _ _ _ _ _ _ _ _ \n\nself = <selenium.webdriver.remote.errorhandler.ErrorHandler object at 0x7f61434be110>\nresponse = {'status': 404, 'value': '{\"value\":{\"error\":\"no such element\",\"message\":\"no such element: Unable to locate element: {\\...\\\\n#16 0x564ee1d147e2 \\\\u003Cunknown>\\\\n#17 0x564ee1d2460c \\\\u003Cunknown>\\\\n#18 0x7f20b068d134 \\\\u003Cunknown>\\\\n\"}}'}\n\n    def check_response(self, response: Dict[str, Any]) -> None:\n        \"\"\"Checks that a JSON response from the WebDriver does not have an\n        error.\n    \n        :Args:\n         - response - The JSON response from the WebDriver server as a dictionary\n           object.\n    \n        :Raises: If the response contains an error message.\n        \"\"\"\n        status = response.get(\"status\", None)\n        if not status or status == ErrorCode.SUCCESS:\n            return\n        value = None\n        message = response.get(\"message\", \"\")\n        screen: str = response.get(\"screen\", \"\")\n        stacktrace = None\n        if isinstance(status, int):\n            value_json = response.get(\"value\", None)\n            if value_json and isinstance(value_json, str):\n                import json\n    \n                try:\n                    value = json.loads(value_json)\n                    if len(value) == 1:\n                        value = value[\"value\"]\n                    status = value.get(\"error\", None)\n                    if not status:\n                        status = value.get(\"status\", ErrorCode.UNKNOWN_ERROR)\n                        message = value.get(\"value\") or value.get(\"message\")\n                        if not isinstance(message, str):\n                            value = message\n                            message = message.get(\"message\")\n                    else:\n                        message = value.get(\"message\", None)\n                except ValueError:\n                    pass\n    \n        exception_class: Type[WebDriverException]\n        e = ErrorCode()\n        error_codes = [item for item in dir(e) if not item.startswith(\"__\")]\n        for error_code in error_codes:\n            error_info = getattr(ErrorCode, error_code)\n            if isinstance(error_info, list) and status in error_info:\n                exception_class = getattr(ExceptionMapping, error_code, WebDriverException)\n                break\n        else:\n            exception_class = WebDriverException\n    \n        if not value:\n            value = response[\"value\"]\n        if isinstance(value, str):\n            raise exception_class(value)\n        if message == \"\" and \"message\" in value:\n            message = value[\"message\"]\n    \n        screen = None  # type: ignore[assignment]\n        if \"screen\" in value:\n            screen = value[\"screen\"]\n    \n        stacktrace = None\n        st_value = value.get(\"stackTrace\") or value.get(\"stacktrace\")\n        if st_value:\n            if isinstance(st_value, str):\n                stacktrace = st_value.split(\"\\n\")\n            else:\n                stacktrace = []\n                try:\n                    for frame in st_value:\n                        line = frame.get(\"lineNumber\", \"\")\n                        file = frame.get(\"fileName\", \"<anonymous>\")\n                        if line:\n                            file = f\"{file}:{line}\"\n                        meth = frame.get(\"methodName\", \"<anonymous>\")\n                        if \"className\" in frame:\n                            meth = f\"{frame['className']}.{meth}\"\n                        msg = \"    at %s (%s)\"\n                        msg = msg % (meth, file)\n                        stacktrace.append(msg)\n                except TypeError:\n                    pass\n        if exception_class == UnexpectedAlertPresentException:\n            alert_text = None\n            if \"data\" in value:\n                alert_text = value[\"data\"].get(\"text\")\n            elif \"alert\" in value:\n                alert_text = value[\"alert\"].get(\"text\")\n            raise exception_class(message, screen, stacktrace, alert_text)  # type: ignore[call-arg]  # mypy is not smart enough here\n>       raise exception_class(message, screen, stacktrace)\nE       selenium.common.exceptions.NoSuchElementException: Message: no such element: Unable to locate element: {\"method\":\"css selector\",\"selector\":\"input[value='Войти']\"}\nE         (Session info: chrome=128.0.6613.84); For documentation on this error, please visit: https://www.selenium.dev/documentation/webdriver/troubleshooting/errors#no-such-element-exception\nE       Stacktrace:\nE       #0 0x564ee1d2581a <unknown>\nE       #1 0x564ee19f3e50 <unknown>\nE       #2 0x564ee1a43644 <unknown>\nE       #3 0x564ee1a43931 <unknown>\nE       #4 0x564ee1a89534 <unknown>\nE       #5 0x564ee1a684bd <unknown>\nE       #6 0x564ee1a869c6 <unknown>\nE       #7 0x564ee1a68233 <unknown>\nE       #8 0x564ee1a36093 <unknown>\nE       #9 0x564ee1a3709e <unknown>\nE       #10 0x564ee1ceca7b <unknown>\nE       #11 0x564ee1cf0a31 <unknown>\nE       #12 0x564ee1cd8645 <unknown>\nE       #13 0x564ee1cf15a2 <unknown>\nE       #14 0x564ee1cbd81f <unknown>\nE       #15 0x564ee1d14618 <unknown>\nE       #16 0x564ee1d147e2 <unknown>\nE       #17 0x564ee1d2460c <unknown>\nE       #18 0x7f20b068d134 <unknown>\n\n/usr/local/lib/python3.11/site-packages/selenium/webdriver/remote/errorhandler.py:229: NoSuchElementException","flaky":false,"newFailed":false,"newBroken":false,"newPassed":false,"retriesCount":0,"retriesStatusChange":false,"beforeStages":[{"name":"_session_faker","time":{"start":1724806737658,"stop":1724806737730,"duration":72},"status":"passed","steps":[],"attachments":[],"parameters":[],"shouldDisplayMessage":false,"stepsCount":0,"attachmentsCount":0,"hasContent":false,"attachmentStep":false},{"name":"clear_allure_results_folder","time":{"start":1724806737730,"stop":1724806737730,"duration":0},"status":"passed","steps":[],"attachments":[],"parameters":[],"shouldDisplayMessage":false,"stepsCount":0,"attachmentsCount":0,"hasContent":false,"attachmentStep":false},{"name":"driver","time":{"start":1724808208538,"stop":1724808209372,"duration":834},"status":"passed","steps":[],"attachments":[],"parameters":[],"shouldDisplayMessage":false,"stepsCount":0,"attachmentsCount":0,"hasContent":false,"attachmentStep":false},{"name":"sign_in_page","time":{"start":1724808209373,"stop":1724808216340,"duration":6967},"status":"passed","steps":[],"attachments":[],"parameters":[],"shouldDisplayMessage":false,"stepsCount":0,"attachmentsCount":0,"hasContent":false,"attachmentStep":false},{"name":"setup","time":{"start":1724808209373,"stop":1724808209373,"duration":0},"status":"passed","steps":[],"attachments":[],"parameters":[],"shouldDisplayMessage":false,"stepsCount":0,"attachmentsCount":0,"hasContent":false,"attachmentStep":false},{"name":"open_sign_in_window","time":{"start":1724808216340,"stop":1724808216686,"duration":346},"status":"passed","steps":[{"name":"Нахождение элемента: иконка профиля в хедере","time":{"start":1724808216340,"stop":1724808216352,"duration":12},"status":"passed","steps":[],"attachments":[],"parameters":[],"shouldDisplayMessage":false,"stepsCount":0,"attachmentsCount":0,"hasContent":false,"attachmentStep":false}],"attachments":[],"parameters":[],"shouldDisplayMessage":false,"stepsCount":1,"attachmentsCount":0,"hasContent":true,"attachmentStep":false}],"testStage":{"status":"skipped","statusMessage":"XFAIL\n\nselenium.common.exceptions.NoSuchElementException: Message: no such element: Unable to locate element: {\"method\":\"css selector\",\"selector\":\"input[value='Войти']\"}\n  (Session info: chrome=128.0.6613.84); For documentation on this error, please visit: https://www.selenium.dev/documentation/webdriver/troubleshooting/errors#no-such-element-exception\nStacktrace:\n#0 0x564ee1d2581a <unknown>\n#1 0x564ee19f3e50 <unknown>\n#2 0x564ee1a43644 <unknown>\n#3 0x564ee1a43931 <unknown>\n#4 0x564ee1a89534 <unknown>\n#5 0x564ee1a684bd <unknown>\n#6 0x564ee1a869c6 <unknown>\n#7 0x564ee1a68233 <unknown>\n#8 0x564ee1a36093 <unknown>\n#9 0x564ee1a3709e <unknown>\n#10 0x564ee1ceca7b <unknown>\n#11 0x564ee1cf0a31 <unknown>\n#12 0x564ee1cd8645 <unknown>\n#13 0x564ee1cf15a2 <unknown>\n#14 0x564ee1cbd81f <unknown>\n#15 0x564ee1d14618 <unknown>\n#16 0x564ee1d147e2 <unknown>\n#17 0x564ee1d2460c <unknown>\n#18 0x7f20b068d134 <unknown>","statusTrace":"self = <tests.test_sign_in.test_sign_in_page.TestSignInPage object at 0x7f6142c31990>\ndriver = <selenium.webdriver.chrome.webdriver.WebDriver (session=\"9f1ecb7c2306c5f05aa45d986e9f4e09\")>\nsign_in_page = <pages.sign_in_page.SignInPage object at 0x7f6141726910>\nopen_sign_in_window = None\n\n    @allure.title(\"Авторизация с помощью формы авторизации\")\n    @pytest.mark.smoke_test\n    @pytest.mark.xfail\n    def test_positive_login_with_correct_email_and_password_smoke(self, driver, sign_in_page, open_sign_in_window):\n        sign_in_page.get_email_field().send_keys(credentials['email'])\n        sign_in_page.get_password_field().send_keys(credentials['password'])\n>       sign_in_page.get_sign_in_button().click()\n\ntests/test_sign_in/test_sign_in_page.py:237: \n_ _ _ _ _ _ _ _ _ _ _ _ _ _ _ _ _ _ _ _ _ _ _ _ _ _ _ _ _ _ _ _ _ _ _ _ _ _ _ _ \npages/sign_in_page.py:99: in get_sign_in_button\n    return self.find_element(self._sign_in_button)\nbase/seleniumbase.py:17: in find_element\n    return self.driver.find_element(*locator)\n/usr/local/lib/python3.11/site-packages/selenium/webdriver/remote/webdriver.py:739: in find_element\n    return self.execute(Command.FIND_ELEMENT, {\"using\": by, \"value\": value})[\"value\"]\n/usr/local/lib/python3.11/site-packages/selenium/webdriver/remote/webdriver.py:345: in execute\n    self.error_handler.check_response(response)\n_ _ _ _ _ _ _ _ _ _ _ _ _ _ _ _ _ _ _ _ _ _ _ _ _ _ _ _ _ _ _ _ _ _ _ _ _ _ _ _ \n\nself = <selenium.webdriver.remote.errorhandler.ErrorHandler object at 0x7f61434be110>\nresponse = {'status': 404, 'value': '{\"value\":{\"error\":\"no such element\",\"message\":\"no such element: Unable to locate element: {\\...\\\\n#16 0x564ee1d147e2 \\\\u003Cunknown>\\\\n#17 0x564ee1d2460c \\\\u003Cunknown>\\\\n#18 0x7f20b068d134 \\\\u003Cunknown>\\\\n\"}}'}\n\n    def check_response(self, response: Dict[str, Any]) -> None:\n        \"\"\"Checks that a JSON response from the WebDriver does not have an\n        error.\n    \n        :Args:\n         - response - The JSON response from the WebDriver server as a dictionary\n           object.\n    \n        :Raises: If the response contains an error message.\n        \"\"\"\n        status = response.get(\"status\", None)\n        if not status or status == ErrorCode.SUCCESS:\n            return\n        value = None\n        message = response.get(\"message\", \"\")\n        screen: str = response.get(\"screen\", \"\")\n        stacktrace = None\n        if isinstance(status, int):\n            value_json = response.get(\"value\", None)\n            if value_json and isinstance(value_json, str):\n                import json\n    \n                try:\n                    value = json.loads(value_json)\n                    if len(value) == 1:\n                        value = value[\"value\"]\n                    status = value.get(\"error\", None)\n                    if not status:\n                        status = value.get(\"status\", ErrorCode.UNKNOWN_ERROR)\n                        message = value.get(\"value\") or value.get(\"message\")\n                        if not isinstance(message, str):\n                            value = message\n                            message = message.get(\"message\")\n                    else:\n                        message = value.get(\"message\", None)\n                except ValueError:\n                    pass\n    \n        exception_class: Type[WebDriverException]\n        e = ErrorCode()\n        error_codes = [item for item in dir(e) if not item.startswith(\"__\")]\n        for error_code in error_codes:\n            error_info = getattr(ErrorCode, error_code)\n            if isinstance(error_info, list) and status in error_info:\n                exception_class = getattr(ExceptionMapping, error_code, WebDriverException)\n                break\n        else:\n            exception_class = WebDriverException\n    \n        if not value:\n            value = response[\"value\"]\n        if isinstance(value, str):\n            raise exception_class(value)\n        if message == \"\" and \"message\" in value:\n            message = value[\"message\"]\n    \n        screen = None  # type: ignore[assignment]\n        if \"screen\" in value:\n            screen = value[\"screen\"]\n    \n        stacktrace = None\n        st_value = value.get(\"stackTrace\") or value.get(\"stacktrace\")\n        if st_value:\n            if isinstance(st_value, str):\n                stacktrace = st_value.split(\"\\n\")\n            else:\n                stacktrace = []\n                try:\n                    for frame in st_value:\n                        line = frame.get(\"lineNumber\", \"\")\n                        file = frame.get(\"fileName\", \"<anonymous>\")\n                        if line:\n                            file = f\"{file}:{line}\"\n                        meth = frame.get(\"methodName\", \"<anonymous>\")\n                        if \"className\" in frame:\n                            meth = f\"{frame['className']}.{meth}\"\n                        msg = \"    at %s (%s)\"\n                        msg = msg % (meth, file)\n                        stacktrace.append(msg)\n                except TypeError:\n                    pass\n        if exception_class == UnexpectedAlertPresentException:\n            alert_text = None\n            if \"data\" in value:\n                alert_text = value[\"data\"].get(\"text\")\n            elif \"alert\" in value:\n                alert_text = value[\"alert\"].get(\"text\")\n            raise exception_class(message, screen, stacktrace, alert_text)  # type: ignore[call-arg]  # mypy is not smart enough here\n>       raise exception_class(message, screen, stacktrace)\nE       selenium.common.exceptions.NoSuchElementException: Message: no such element: Unable to locate element: {\"method\":\"css selector\",\"selector\":\"input[value='Войти']\"}\nE         (Session info: chrome=128.0.6613.84); For documentation on this error, please visit: https://www.selenium.dev/documentation/webdriver/troubleshooting/errors#no-such-element-exception\nE       Stacktrace:\nE       #0 0x564ee1d2581a <unknown>\nE       #1 0x564ee19f3e50 <unknown>\nE       #2 0x564ee1a43644 <unknown>\nE       #3 0x564ee1a43931 <unknown>\nE       #4 0x564ee1a89534 <unknown>\nE       #5 0x564ee1a684bd <unknown>\nE       #6 0x564ee1a869c6 <unknown>\nE       #7 0x564ee1a68233 <unknown>\nE       #8 0x564ee1a36093 <unknown>\nE       #9 0x564ee1a3709e <unknown>\nE       #10 0x564ee1ceca7b <unknown>\nE       #11 0x564ee1cf0a31 <unknown>\nE       #12 0x564ee1cd8645 <unknown>\nE       #13 0x564ee1cf15a2 <unknown>\nE       #14 0x564ee1cbd81f <unknown>\nE       #15 0x564ee1d14618 <unknown>\nE       #16 0x564ee1d147e2 <unknown>\nE       #17 0x564ee1d2460c <unknown>\nE       #18 0x7f20b068d134 <unknown>\n\n/usr/local/lib/python3.11/site-packages/selenium/webdriver/remote/errorhandler.py:229: NoSuchElementException","steps":[{"name":"Нахождение элемента: поле ввода Email окна авторизации","time":{"start":1724808216687,"stop":1724808216697,"duration":10},"status":"passed","steps":[],"attachments":[],"parameters":[],"shouldDisplayMessage":false,"stepsCount":0,"attachmentsCount":0,"hasContent":false,"attachmentStep":false},{"name":"Нахождение элемента: поле ввода пароля окна авторизации","time":{"start":1724808216770,"stop":1724808216779,"duration":9},"status":"passed","steps":[],"attachments":[],"parameters":[],"shouldDisplayMessage":false,"stepsCount":0,"attachmentsCount":0,"hasContent":false,"attachmentStep":false},{"name":"Нахождение элемента: кнопка 'Войти' окна авторизации","time":{"start":1724808216824,"stop":1724808216843,"duration":19},"status":"broken","statusMessage":"selenium.common.exceptions.NoSuchElementException: Message: no such element: Unable to locate element: {\"method\":\"css selector\",\"selector\":\"input[value='Войти']\"}\n  (Session info: chrome=128.0.6613.84); For documentation on this error, please visit: https://www.selenium.dev/documentation/webdriver/troubleshooting/errors#no-such-element-exception\nStacktrace:\n#0 0x564ee1d2581a <unknown>\n#1 0x564ee19f3e50 <unknown>\n#2 0x564ee1a43644 <unknown>\n#3 0x564ee1a43931 <unknown>\n#4 0x564ee1a89534 <unknown>\n#5 0x564ee1a684bd <unknown>\n#6 0x564ee1a869c6 <unknown>\n#7 0x564ee1a68233 <unknown>\n#8 0x564ee1a36093 <unknown>\n#9 0x564ee1a3709e <unknown>\n#10 0x564ee1ceca7b <unknown>\n#11 0x564ee1cf0a31 <unknown>\n#12 0x564ee1cd8645 <unknown>\n#13 0x564ee1cf15a2 <unknown>\n#14 0x564ee1cbd81f <unknown>\n#15 0x564ee1d14618 <unknown>\n#16 0x564ee1d147e2 <unknown>\n#17 0x564ee1d2460c <unknown>\n#18 0x7f20b068d134 <unknown>\n\n","statusTrace":"  File \"/usr/local/lib/python3.11/site-packages/allure_commons/_allure.py\", line 192, in impl\n    return func(*a, **kw)\n           ^^^^^^^^^^^^^^\n  File \"/app/pages/sign_in_page.py\", line 99, in get_sign_in_button\n    return self.find_element(self._sign_in_button)\n           ^^^^^^^^^^^^^^^^^^^^^^^^^^^^^^^^^^^^^^^\n  File \"/app/base/seleniumbase.py\", line 17, in find_element\n    return self.driver.find_element(*locator)\n           ^^^^^^^^^^^^^^^^^^^^^^^^^^^^^^^^^^\n  File \"/usr/local/lib/python3.11/site-packages/selenium/webdriver/remote/webdriver.py\", line 739, in find_element\n    return self.execute(Command.FIND_ELEMENT, {\"using\": by, \"value\": value})[\"value\"]\n           ^^^^^^^^^^^^^^^^^^^^^^^^^^^^^^^^^^^^^^^^^^^^^^^^^^^^^^^^^^^^^^^^^\n  File \"/usr/local/lib/python3.11/site-packages/selenium/webdriver/remote/webdriver.py\", line 345, in execute\n    self.error_handler.check_response(response)\n  File \"/usr/local/lib/python3.11/site-packages/selenium/webdriver/remote/errorhandler.py\", line 229, in check_response\n    raise exception_class(message, screen, stacktrace)\n","steps":[],"attachments":[],"parameters":[],"shouldDisplayMessage":true,"stepsCount":0,"attachmentsCount":0,"hasContent":true,"attachmentStep":false}],"attachments":[{"uid":"4414ae92d9c377c9","name":"Screenshot","source":"4414ae92d9c377c9.png","type":"image/png","size":32767},{"uid":"77c4642ba8d77eb2","name":"HTML source","source":"77c4642ba8d77eb2.html","type":"text/html","size":424834}],"parameters":[],"shouldDisplayMessage":true,"stepsCount":3,"attachmentsCount":2,"hasContent":true,"attachmentStep":false},"afterStages":[{"name":"setup::0","time":{"start":1724808216977,"stop":1724808216977,"duration":0},"status":"passed","steps":[],"attachments":[],"parameters":[],"shouldDisplayMessage":false,"stepsCount":0,"attachmentsCount":0,"hasContent":false,"attachmentStep":false},{"name":"driver::0","time":{"start":1724808216978,"stop":1724808217057,"duration":79},"status":"passed","steps":[],"attachments":[],"parameters":[],"shouldDisplayMessage":false,"stepsCount":0,"attachmentsCount":0,"hasContent":false,"attachmentStep":false}],"labels":[{"name":"epic","value":"Sign In Page"},{"name":"tag","value":"@pytest.mark.xfail"},{"name":"tag","value":"smoke_test"},{"name":"parentSuite","value":"tests.test_sign_in"},{"name":"suite","value":"test_sign_in_page"},{"name":"subSuite","value":"TestSignInPage"},{"name":"host","value":"5817ca615996"},{"name":"thread","value":"1-MainThread"},{"name":"framework","value":"pytest"},{"name":"language","value":"cpython3"},{"name":"package","value":"tests.test_sign_in.test_sign_in_page"},{"name":"resultFormat","value":"allure2"}],"parameters":[],"links":[],"hidden":false,"retry":false,"extra":{"severity":"normal","retries":[],"categories":[],"history":{"statistic":{"failed":0,"broken":0,"skipped":90,"passed":0,"unknown":0,"total":90},"items":[{"uid":"49f43de30100206d","reportUrl":"https://Nat754.github.io/StroyremAutomation/412//#testresult/49f43de30100206d","status":"skipped","statusDetails":"XFAIL\n\nselenium.common.exceptions.NoSuchElementException: Message: no such element: Unable to locate element: {\"method\":\"css selector\",\"selector\":\"input[value='Войти']\"}\n  (Session info: chrome=128.0.6613.84); For documentation on this error, please visit: https://www.selenium.dev/documentation/webdriver/troubleshooting/errors#no-such-element-exception\nStacktrace:\n#0 0x563cc6a2081a <unknown>\n#1 0x563cc66eee50 <unknown>\n#2 0x563cc673e644 <unknown>\n#3 0x563cc673e931 <unknown>\n#4 0x563cc6784534 <unknown>\n#5 0x563cc67634bd <unknown>\n#6 0x563cc67819c6 <unknown>\n#7 0x563cc6763233 <unknown>\n#8 0x563cc6731093 <unknown>\n#9 0x563cc673209e <unknown>\n#10 0x563cc69e7a7b <unknown>\n#11 0x563cc69eba31 <unknown>\n#12 0x563cc69d3645 <unknown>\n#13 0x563cc69ec5a2 <unknown>\n#14 0x563cc69b881f <unknown>\n#15 0x563cc6a0f618 <unknown>\n#16 0x563cc6a0f7e2 <unknown>\n#17 0x563cc6a1f60c <unknown>\n#18 0x7f9af7439134 <unknown>","time":{"start":1724721837848,"stop":1724721837996,"duration":148}},{"uid":"5c4a9acbe7039d4c","reportUrl":"https://Nat754.github.io/StroyremAutomation/411//#testresult/5c4a9acbe7039d4c","status":"skipped","statusDetails":"XFAIL\n\nselenium.common.exceptions.NoSuchElementException: Message: no such element: Unable to locate element: {\"method\":\"css selector\",\"selector\":\"input[value='Войти']\"}\n  (Session info: chrome=128.0.6613.84); For documentation on this error, please visit: https://www.selenium.dev/documentation/webdriver/troubleshooting/errors#no-such-element-exception\nStacktrace:\n#0 0x558c93f4681a <unknown>\n#1 0x558c93c14e50 <unknown>\n#2 0x558c93c64644 <unknown>\n#3 0x558c93c64931 <unknown>\n#4 0x558c93caa534 <unknown>\n#5 0x558c93c894bd <unknown>\n#6 0x558c93ca79c6 <unknown>\n#7 0x558c93c89233 <unknown>\n#8 0x558c93c57093 <unknown>\n#9 0x558c93c5809e <unknown>\n#10 0x558c93f0da7b <unknown>\n#11 0x558c93f11a31 <unknown>\n#12 0x558c93ef9645 <unknown>\n#13 0x558c93f125a2 <unknown>\n#14 0x558c93ede81f <unknown>\n#15 0x558c93f35618 <unknown>\n#16 0x558c93f357e2 <unknown>\n#17 0x558c93f4560c <unknown>\n#18 0x7f24e66bf134 <unknown>","time":{"start":1724635456495,"stop":1724635456639,"duration":144}},{"uid":"b2b8a4821a3e4b10","reportUrl":"https://Nat754.github.io/StroyremAutomation/410//#testresult/b2b8a4821a3e4b10","status":"skipped","statusDetails":"XFAIL\n\nselenium.common.exceptions.NoSuchElementException: Message: no such element: Unable to locate element: {\"method\":\"css selector\",\"selector\":\"input[value='Войти']\"}\n  (Session info: chrome=128.0.6613.84); For documentation on this error, please visit: https://www.selenium.dev/documentation/webdriver/troubleshooting/errors#no-such-element-exception\nStacktrace:\n#0 0x5608a5c0a81a <unknown>\n#1 0x5608a58d8e50 <unknown>\n#2 0x5608a5928644 <unknown>\n#3 0x5608a5928931 <unknown>\n#4 0x5608a596e534 <unknown>\n#5 0x5608a594d4bd <unknown>\n#6 0x5608a596b9c6 <unknown>\n#7 0x5608a594d233 <unknown>\n#8 0x5608a591b093 <unknown>\n#9 0x5608a591c09e <unknown>\n#10 0x5608a5bd1a7b <unknown>\n#11 0x5608a5bd5a31 <unknown>\n#12 0x5608a5bbd645 <unknown>\n#13 0x5608a5bd65a2 <unknown>\n#14 0x5608a5ba281f <unknown>\n#15 0x5608a5bf9618 <unknown>\n#16 0x5608a5bf97e2 <unknown>\n#17 0x5608a5c0960c <unknown>\n#18 0x7f1b7f869134 <unknown>","time":{"start":1724549381269,"stop":1724549381425,"duration":156}},{"uid":"612c841a9fa2882b","reportUrl":"https://Nat754.github.io/StroyremAutomation/409//#testresult/612c841a9fa2882b","status":"skipped","statusDetails":"XFAIL\n\nselenium.common.exceptions.NoSuchElementException: Message: no such element: Unable to locate element: {\"method\":\"css selector\",\"selector\":\"input[value='Войти']\"}\n  (Session info: chrome=128.0.6613.84); For documentation on this error, please visit: https://www.selenium.dev/documentation/webdriver/troubleshooting/errors#no-such-element-exception\nStacktrace:\n#0 0x555dada9181a <unknown>\n#1 0x555dad75fe50 <unknown>\n#2 0x555dad7af644 <unknown>\n#3 0x555dad7af931 <unknown>\n#4 0x555dad7f5534 <unknown>\n#5 0x555dad7d44bd <unknown>\n#6 0x555dad7f29c6 <unknown>\n#7 0x555dad7d4233 <unknown>\n#8 0x555dad7a2093 <unknown>\n#9 0x555dad7a309e <unknown>\n#10 0x555dada58a7b <unknown>\n#11 0x555dada5ca31 <unknown>\n#12 0x555dada44645 <unknown>\n#13 0x555dada5d5a2 <unknown>\n#14 0x555dada2981f <unknown>\n#15 0x555dada80618 <unknown>\n#16 0x555dada807e2 <unknown>\n#17 0x555dada9060c <unknown>\n#18 0x7f21c2826134 <unknown>","time":{"start":1724462631724,"stop":1724462631877,"duration":153}},{"uid":"383d4554ca9c829a","reportUrl":"https://Nat754.github.io/StroyremAutomation/407//#testresult/383d4554ca9c829a","status":"skipped","statusDetails":"XFAIL\n\nselenium.common.exceptions.NoSuchElementException: Message: no such element: Unable to locate element: {\"method\":\"css selector\",\"selector\":\"input[value='Войти']\"}\n  (Session info: chrome=128.0.6613.84); For documentation on this error, please visit: https://www.selenium.dev/documentation/webdriver/troubleshooting/errors#no-such-element-exception\nStacktrace:\n#0 0x55784b84381a <unknown>\n#1 0x55784b511e50 <unknown>\n#2 0x55784b561644 <unknown>\n#3 0x55784b561931 <unknown>\n#4 0x55784b5a7534 <unknown>\n#5 0x55784b5864bd <unknown>\n#6 0x55784b5a49c6 <unknown>\n#7 0x55784b586233 <unknown>\n#8 0x55784b554093 <unknown>\n#9 0x55784b55509e <unknown>\n#10 0x55784b80aa7b <unknown>\n#11 0x55784b80ea31 <unknown>\n#12 0x55784b7f6645 <unknown>\n#13 0x55784b80f5a2 <unknown>\n#14 0x55784b7db81f <unknown>\n#15 0x55784b832618 <unknown>\n#16 0x55784b8327e2 <unknown>\n#17 0x55784b84260c <unknown>\n#18 0x7f40af830134 <unknown>","time":{"start":1724289969411,"stop":1724289969555,"duration":144}},{"uid":"8429a92f8a710c6d","reportUrl":"https://Nat754.github.io/StroyremAutomation/406//#testresult/8429a92f8a710c6d","status":"skipped","statusDetails":"XFAIL\n\nselenium.common.exceptions.NoSuchElementException: Message: no such element: Unable to locate element: {\"method\":\"css selector\",\"selector\":\"input[value='Войти']\"}\n  (Session info: chrome-headless-shell=127.0.6533.119); For documentation on this error, please visit: https://www.selenium.dev/documentation/webdriver/troubleshooting/errors#no-such-element-exception\nStacktrace:\n#0 0x55b4b81f46ca <unknown>\n#1 0x55b4b7ec5600 <unknown>\n#2 0x55b4b7f14bcb <unknown>\n#3 0x55b4b7f14eb1 <unknown>\n#4 0x55b4b7f58b24 <unknown>\n#5 0x55b4b7f378cd <unknown>\n#6 0x55b4b7f5604a <unknown>\n#7 0x55b4b7f37643 <unknown>\n#8 0x55b4b7f07d31 <unknown>\n#9 0x55b4b7f0879e <unknown>\n#10 0x55b4b81bc25b <unknown>\n#11 0x55b4b81c01f2 <unknown>\n#12 0x55b4b81a9615 <unknown>\n#13 0x55b4b81c0d82 <unknown>\n#14 0x55b4b818e25f <unknown>\n#15 0x55b4b81e3e68 <unknown>\n#16 0x55b4b81e4040 <unknown>\n#17 0x55b4b81f349c <unknown>\n#18 0x7f92b8a89134 <unknown>","time":{"start":1724203661017,"stop":1724203661158,"duration":141}},{"uid":"92e6938cd6181c60","reportUrl":"https://Nat754.github.io/StroyremAutomation/405//#testresult/92e6938cd6181c60","status":"skipped","statusDetails":"XFAIL\n\nselenium.common.exceptions.NoSuchElementException: Message: no such element: Unable to locate element: {\"method\":\"css selector\",\"selector\":\"input[value='Войти']\"}\n  (Session info: chrome-headless-shell=127.0.6533.119); For documentation on this error, please visit: https://www.selenium.dev/documentation/webdriver/troubleshooting/errors#no-such-element-exception\nStacktrace:\n#0 0x563c3b2d86ca <unknown>\n#1 0x563c3afa9600 <unknown>\n#2 0x563c3aff8bcb <unknown>\n#3 0x563c3aff8eb1 <unknown>\n#4 0x563c3b03cb24 <unknown>\n#5 0x563c3b01b8cd <unknown>\n#6 0x563c3b03a04a <unknown>\n#7 0x563c3b01b643 <unknown>\n#8 0x563c3afebd31 <unknown>\n#9 0x563c3afec79e <unknown>\n#10 0x563c3b2a025b <unknown>\n#11 0x563c3b2a41f2 <unknown>\n#12 0x563c3b28d615 <unknown>\n#13 0x563c3b2a4d82 <unknown>\n#14 0x563c3b27225f <unknown>\n#15 0x563c3b2c7e68 <unknown>\n#16 0x563c3b2c8040 <unknown>\n#17 0x563c3b2d749c <unknown>\n#18 0x7f2e3c3c9134 <unknown>","time":{"start":1724117329215,"stop":1724117329357,"duration":142}},{"uid":"62a837ce850cc457","reportUrl":"https://Nat754.github.io/StroyremAutomation/404//#testresult/62a837ce850cc457","status":"skipped","statusDetails":"XFAIL\n\nselenium.common.exceptions.NoSuchElementException: Message: no such element: Unable to locate element: {\"method\":\"css selector\",\"selector\":\"input[value='Войти']\"}\n  (Session info: chrome-headless-shell=127.0.6533.119); For documentation on this error, please visit: https://www.selenium.dev/documentation/webdriver/troubleshooting/errors#no-such-element-exception\nStacktrace:\n#0 0x557e8e6826ca <unknown>\n#1 0x557e8e353600 <unknown>\n#2 0x557e8e3a2bcb <unknown>\n#3 0x557e8e3a2eb1 <unknown>\n#4 0x557e8e3e6b24 <unknown>\n#5 0x557e8e3c58cd <unknown>\n#6 0x557e8e3e404a <unknown>\n#7 0x557e8e3c5643 <unknown>\n#8 0x557e8e395d31 <unknown>\n#9 0x557e8e39679e <unknown>\n#10 0x557e8e64a25b <unknown>\n#11 0x557e8e64e1f2 <unknown>\n#12 0x557e8e637615 <unknown>\n#13 0x557e8e64ed82 <unknown>\n#14 0x557e8e61c25f <unknown>\n#15 0x557e8e671e68 <unknown>\n#16 0x557e8e672040 <unknown>\n#17 0x557e8e68149c <unknown>\n#18 0x7fdad3dfa134 <unknown>","time":{"start":1724030538698,"stop":1724030538834,"duration":136}},{"uid":"4ef1bc6a91428b04","reportUrl":"https://Nat754.github.io/StroyremAutomation/403//#testresult/4ef1bc6a91428b04","status":"skipped","statusDetails":"XFAIL\n\nselenium.common.exceptions.NoSuchElementException: Message: no such element: Unable to locate element: {\"method\":\"css selector\",\"selector\":\"input[value='Войти']\"}\n  (Session info: chrome-headless-shell=127.0.6533.119); For documentation on this error, please visit: https://www.selenium.dev/documentation/webdriver/troubleshooting/errors#no-such-element-exception\nStacktrace:\n#0 0x5610a2c926ca <unknown>\n#1 0x5610a2963600 <unknown>\n#2 0x5610a29b2bcb <unknown>\n#3 0x5610a29b2eb1 <unknown>\n#4 0x5610a29f6b24 <unknown>\n#5 0x5610a29d58cd <unknown>\n#6 0x5610a29f404a <unknown>\n#7 0x5610a29d5643 <unknown>\n#8 0x5610a29a5d31 <unknown>\n#9 0x5610a29a679e <unknown>\n#10 0x5610a2c5a25b <unknown>\n#11 0x5610a2c5e1f2 <unknown>\n#12 0x5610a2c47615 <unknown>\n#13 0x5610a2c5ed82 <unknown>\n#14 0x5610a2c2c25f <unknown>\n#15 0x5610a2c81e68 <unknown>\n#16 0x5610a2c82040 <unknown>\n#17 0x5610a2c9149c <unknown>\n#18 0x7f9b76ca9134 <unknown>","time":{"start":1723944430356,"stop":1723944430497,"duration":141}},{"uid":"d143c92804943910","reportUrl":"https://Nat754.github.io/StroyremAutomation/402//#testresult/d143c92804943910","status":"skipped","statusDetails":"XFAIL\n\nselenium.common.exceptions.NoSuchElementException: Message: no such element: Unable to locate element: {\"method\":\"css selector\",\"selector\":\"input[value='Войти']\"}\n  (Session info: chrome-headless-shell=127.0.6533.119); For documentation on this error, please visit: https://www.selenium.dev/documentation/webdriver/troubleshooting/errors#no-such-element-exception\nStacktrace:\n#0 0x55f821f286ca <unknown>\n#1 0x55f821bf9600 <unknown>\n#2 0x55f821c48bcb <unknown>\n#3 0x55f821c48eb1 <unknown>\n#4 0x55f821c8cb24 <unknown>\n#5 0x55f821c6b8cd <unknown>\n#6 0x55f821c8a04a <unknown>\n#7 0x55f821c6b643 <unknown>\n#8 0x55f821c3bd31 <unknown>\n#9 0x55f821c3c79e <unknown>\n#10 0x55f821ef025b <unknown>\n#11 0x55f821ef41f2 <unknown>\n#12 0x55f821edd615 <unknown>\n#13 0x55f821ef4d82 <unknown>\n#14 0x55f821ec225f <unknown>\n#15 0x55f821f17e68 <unknown>\n#16 0x55f821f18040 <unknown>\n#17 0x55f821f2749c <unknown>\n#18 0x7f7bdc9b2134 <unknown>","time":{"start":1723857627991,"stop":1723857628142,"duration":151}},{"uid":"72f16d508c97541d","reportUrl":"https://Nat754.github.io/StroyremAutomation/401//#testresult/72f16d508c97541d","status":"skipped","statusDetails":"XFAIL\n\nselenium.common.exceptions.NoSuchElementException: Message: no such element: Unable to locate element: {\"method\":\"css selector\",\"selector\":\"input[value='Войти']\"}\n  (Session info: chrome-headless-shell=127.0.6533.119); For documentation on this error, please visit: https://www.selenium.dev/documentation/webdriver/troubleshooting/errors#no-such-element-exception\nStacktrace:\n#0 0x55eba456a6ca <unknown>\n#1 0x55eba423b600 <unknown>\n#2 0x55eba428abcb <unknown>\n#3 0x55eba428aeb1 <unknown>\n#4 0x55eba42ceb24 <unknown>\n#5 0x55eba42ad8cd <unknown>\n#6 0x55eba42cc04a <unknown>\n#7 0x55eba42ad643 <unknown>\n#8 0x55eba427dd31 <unknown>\n#9 0x55eba427e79e <unknown>\n#10 0x55eba453225b <unknown>\n#11 0x55eba45361f2 <unknown>\n#12 0x55eba451f615 <unknown>\n#13 0x55eba4536d82 <unknown>\n#14 0x55eba450425f <unknown>\n#15 0x55eba4559e68 <unknown>\n#16 0x55eba455a040 <unknown>\n#17 0x55eba456949c <unknown>\n#18 0x7fb0adf19134 <unknown>","time":{"start":1723771362948,"stop":1723771363097,"duration":149}},{"uid":"85c694ced86572a6","reportUrl":"https://Nat754.github.io/StroyremAutomation/400//#testresult/85c694ced86572a6","status":"skipped","statusDetails":"XFAIL\n\nselenium.common.exceptions.NoSuchElementException: Message: no such element: Unable to locate element: {\"method\":\"css selector\",\"selector\":\"input[value='Войти']\"}\n  (Session info: chrome-headless-shell=127.0.6533.119); For documentation on this error, please visit: https://www.selenium.dev/documentation/webdriver/troubleshooting/errors#no-such-element-exception\nStacktrace:\n#0 0x55a0b72fc6ca <unknown>\n#1 0x55a0b6fcd600 <unknown>\n#2 0x55a0b701cbcb <unknown>\n#3 0x55a0b701ceb1 <unknown>\n#4 0x55a0b7060b24 <unknown>\n#5 0x55a0b703f8cd <unknown>\n#6 0x55a0b705e04a <unknown>\n#7 0x55a0b703f643 <unknown>\n#8 0x55a0b700fd31 <unknown>\n#9 0x55a0b701079e <unknown>\n#10 0x55a0b72c425b <unknown>\n#11 0x55a0b72c81f2 <unknown>\n#12 0x55a0b72b1615 <unknown>\n#13 0x55a0b72c8d82 <unknown>\n#14 0x55a0b729625f <unknown>\n#15 0x55a0b72ebe68 <unknown>\n#16 0x55a0b72ec040 <unknown>\n#17 0x55a0b72fb49c <unknown>\n#18 0x7fca75e30134 <unknown>","time":{"start":1723684851036,"stop":1723684851177,"duration":141}},{"uid":"c8ef683a62f8dafe","reportUrl":"https://Nat754.github.io/StroyremAutomation/399//#testresult/c8ef683a62f8dafe","status":"skipped","statusDetails":"XFAIL\n\nselenium.common.exceptions.NoSuchElementException: Message: no such element: Unable to locate element: {\"method\":\"css selector\",\"selector\":\"input[value='Войти']\"}\n  (Session info: chrome-headless-shell=127.0.6533.119); For documentation on this error, please visit: https://www.selenium.dev/documentation/webdriver/troubleshooting/errors#no-such-element-exception\nStacktrace:\n#0 0x5623fdccf6ca <unknown>\n#1 0x5623fd9a0600 <unknown>\n#2 0x5623fd9efbcb <unknown>\n#3 0x5623fd9efeb1 <unknown>\n#4 0x5623fda33b24 <unknown>\n#5 0x5623fda128cd <unknown>\n#6 0x5623fda3104a <unknown>\n#7 0x5623fda12643 <unknown>\n#8 0x5623fd9e2d31 <unknown>\n#9 0x5623fd9e379e <unknown>\n#10 0x5623fdc9725b <unknown>\n#11 0x5623fdc9b1f2 <unknown>\n#12 0x5623fdc84615 <unknown>\n#13 0x5623fdc9bd82 <unknown>\n#14 0x5623fdc6925f <unknown>\n#15 0x5623fdcbee68 <unknown>\n#16 0x5623fdcbf040 <unknown>\n#17 0x5623fdcce49c <unknown>\n#18 0x7f589f15b134 <unknown>","time":{"start":1723598520109,"stop":1723598520254,"duration":145}},{"uid":"501500b2b6eef145","reportUrl":"https://Nat754.github.io/StroyremAutomation/398//#testresult/501500b2b6eef145","status":"skipped","statusDetails":"XFAIL\n\nselenium.common.exceptions.NoSuchElementException: Message: no such element: Unable to locate element: {\"method\":\"css selector\",\"selector\":\"input[value='Войти']\"}\n  (Session info: chrome-headless-shell=127.0.6533.99); For documentation on this error, please visit: https://www.selenium.dev/documentation/webdriver/troubleshooting/errors#no-such-element-exception\nStacktrace:\n#0 0x5591396fb6aa <unknown>\n#1 0x5591393cc600 <unknown>\n#2 0x55913941bbcb <unknown>\n#3 0x55913941beb1 <unknown>\n#4 0x55913945fb24 <unknown>\n#5 0x55913943e8cd <unknown>\n#6 0x55913945d04a <unknown>\n#7 0x55913943e643 <unknown>\n#8 0x55913940ed31 <unknown>\n#9 0x55913940f79e <unknown>\n#10 0x5591396c323b <unknown>\n#11 0x5591396c71d2 <unknown>\n#12 0x5591396b05f5 <unknown>\n#13 0x5591396c7d62 <unknown>\n#14 0x55913969523f <unknown>\n#15 0x5591396eae48 <unknown>\n#16 0x5591396eb020 <unknown>\n#17 0x5591396fa47c <unknown>\n#18 0x7fd009420134 <unknown>","time":{"start":1723512514921,"stop":1723512515060,"duration":139}},{"uid":"6daaf7ff21a3de6b","reportUrl":"https://Nat754.github.io/StroyremAutomation/397//#testresult/6daaf7ff21a3de6b","status":"skipped","statusDetails":"XFAIL\n\nselenium.common.exceptions.NoSuchElementException: Message: no such element: Unable to locate element: {\"method\":\"css selector\",\"selector\":\"input[value='Войти']\"}\n  (Session info: chrome-headless-shell=127.0.6533.99); For documentation on this error, please visit: https://www.selenium.dev/documentation/webdriver/troubleshooting/errors#no-such-element-exception\nStacktrace:\n#0 0x556c5c42a6aa <unknown>\n#1 0x556c5c0fb600 <unknown>\n#2 0x556c5c14abcb <unknown>\n#3 0x556c5c14aeb1 <unknown>\n#4 0x556c5c18eb24 <unknown>\n#5 0x556c5c16d8cd <unknown>\n#6 0x556c5c18c04a <unknown>\n#7 0x556c5c16d643 <unknown>\n#8 0x556c5c13dd31 <unknown>\n#9 0x556c5c13e79e <unknown>\n#10 0x556c5c3f223b <unknown>\n#11 0x556c5c3f61d2 <unknown>\n#12 0x556c5c3df5f5 <unknown>\n#13 0x556c5c3f6d62 <unknown>\n#14 0x556c5c3c423f <unknown>\n#15 0x556c5c419e48 <unknown>\n#16 0x556c5c41a020 <unknown>\n#17 0x556c5c42947c <unknown>\n#18 0x7f7984fc1134 <unknown>","time":{"start":1723425894688,"stop":1723425894829,"duration":141}},{"uid":"800222de897f722e","reportUrl":"https://Nat754.github.io/StroyremAutomation/396//#testresult/800222de897f722e","status":"skipped","statusDetails":"XFAIL\n\nselenium.common.exceptions.NoSuchElementException: Message: no such element: Unable to locate element: {\"method\":\"css selector\",\"selector\":\"input[value='Войти']\"}\n  (Session info: chrome-headless-shell=127.0.6533.99); For documentation on this error, please visit: https://www.selenium.dev/documentation/webdriver/troubleshooting/errors#no-such-element-exception\nStacktrace:\n#0 0x5571c9db96aa <unknown>\n#1 0x5571c9a8a600 <unknown>\n#2 0x5571c9ad9bcb <unknown>\n#3 0x5571c9ad9eb1 <unknown>\n#4 0x5571c9b1db24 <unknown>\n#5 0x5571c9afc8cd <unknown>\n#6 0x5571c9b1b04a <unknown>\n#7 0x5571c9afc643 <unknown>\n#8 0x5571c9accd31 <unknown>\n#9 0x5571c9acd79e <unknown>\n#10 0x5571c9d8123b <unknown>\n#11 0x5571c9d851d2 <unknown>\n#12 0x5571c9d6e5f5 <unknown>\n#13 0x5571c9d85d62 <unknown>\n#14 0x5571c9d5323f <unknown>\n#15 0x5571c9da8e48 <unknown>\n#16 0x5571c9da9020 <unknown>\n#17 0x5571c9db847c <unknown>\n#18 0x7f8fe03b5134 <unknown>","time":{"start":1723339927241,"stop":1723339927406,"duration":165}},{"uid":"c4e8d82b50006773","reportUrl":"https://Nat754.github.io/StroyremAutomation/395//#testresult/c4e8d82b50006773","status":"skipped","statusDetails":"XFAIL\n\nselenium.common.exceptions.NoSuchElementException: Message: no such element: Unable to locate element: {\"method\":\"css selector\",\"selector\":\"input[value='Войти']\"}\n  (Session info: chrome-headless-shell=127.0.6533.99); For documentation on this error, please visit: https://www.selenium.dev/documentation/webdriver/troubleshooting/errors#no-such-element-exception\nStacktrace:\n#0 0x55555f3e56aa <unknown>\n#1 0x55555f0b6600 <unknown>\n#2 0x55555f105bcb <unknown>\n#3 0x55555f105eb1 <unknown>\n#4 0x55555f149b24 <unknown>\n#5 0x55555f1288cd <unknown>\n#6 0x55555f14704a <unknown>\n#7 0x55555f128643 <unknown>\n#8 0x55555f0f8d31 <unknown>\n#9 0x55555f0f979e <unknown>\n#10 0x55555f3ad23b <unknown>\n#11 0x55555f3b11d2 <unknown>\n#12 0x55555f39a5f5 <unknown>\n#13 0x55555f3b1d62 <unknown>\n#14 0x55555f37f23f <unknown>\n#15 0x55555f3d4e48 <unknown>\n#16 0x55555f3d5020 <unknown>\n#17 0x55555f3e447c <unknown>\n#18 0x7f1efe9bc134 <unknown>","time":{"start":1723252865648,"stop":1723252865799,"duration":151}},{"uid":"ed663f04cc8f8e43","reportUrl":"https://Nat754.github.io/StroyremAutomation/394//#testresult/ed663f04cc8f8e43","status":"skipped","statusDetails":"XFAIL\n\nselenium.common.exceptions.NoSuchElementException: Message: no such element: Unable to locate element: {\"method\":\"css selector\",\"selector\":\"input[value='Войти']\"}\n  (Session info: chrome-headless-shell=127.0.6533.99); For documentation on this error, please visit: https://www.selenium.dev/documentation/webdriver/troubleshooting/errors#no-such-element-exception\nStacktrace:\n#0 0x558b473646aa <unknown>\n#1 0x558b47035600 <unknown>\n#2 0x558b47084bcb <unknown>\n#3 0x558b47084eb1 <unknown>\n#4 0x558b470c8b24 <unknown>\n#5 0x558b470a78cd <unknown>\n#6 0x558b470c604a <unknown>\n#7 0x558b470a7643 <unknown>\n#8 0x558b47077d31 <unknown>\n#9 0x558b4707879e <unknown>\n#10 0x558b4732c23b <unknown>\n#11 0x558b473301d2 <unknown>\n#12 0x558b473195f5 <unknown>\n#13 0x558b47330d62 <unknown>\n#14 0x558b472fe23f <unknown>\n#15 0x558b47353e48 <unknown>\n#16 0x558b47354020 <unknown>\n#17 0x558b4736347c <unknown>\n#18 0x7f7aca261134 <unknown>","time":{"start":1723166499575,"stop":1723166499717,"duration":142}},{"uid":"39c396852574ec04","reportUrl":"https://Nat754.github.io/StroyremAutomation/393//#testresult/39c396852574ec04","status":"skipped","statusDetails":"XFAIL\n\nselenium.common.exceptions.NoSuchElementException: Message: no such element: Unable to locate element: {\"method\":\"css selector\",\"selector\":\"input[value='Войти']\"}\n  (Session info: chrome-headless-shell=127.0.6533.99); For documentation on this error, please visit: https://www.selenium.dev/documentation/webdriver/troubleshooting/errors#no-such-element-exception\nStacktrace:\n#0 0x55e9d268c6aa <unknown>\n#1 0x55e9d235d600 <unknown>\n#2 0x55e9d23acbcb <unknown>\n#3 0x55e9d23aceb1 <unknown>\n#4 0x55e9d23f0b24 <unknown>\n#5 0x55e9d23cf8cd <unknown>\n#6 0x55e9d23ee04a <unknown>\n#7 0x55e9d23cf643 <unknown>\n#8 0x55e9d239fd31 <unknown>\n#9 0x55e9d23a079e <unknown>\n#10 0x55e9d265423b <unknown>\n#11 0x55e9d26581d2 <unknown>\n#12 0x55e9d26415f5 <unknown>\n#13 0x55e9d2658d62 <unknown>\n#14 0x55e9d262623f <unknown>\n#15 0x55e9d267be48 <unknown>\n#16 0x55e9d267c020 <unknown>\n#17 0x55e9d268b47c <unknown>\n#18 0x7f0e64f3d134 <unknown>","time":{"start":1723080102770,"stop":1723080102911,"duration":141}},{"uid":"52b76c3f42ba6073","reportUrl":"https://Nat754.github.io/StroyremAutomation/392//#testresult/52b76c3f42ba6073","status":"skipped","statusDetails":"XFAIL\n\nselenium.common.exceptions.NoSuchElementException: Message: no such element: Unable to locate element: {\"method\":\"css selector\",\"selector\":\"input[value='Войти']\"}\n  (Session info: chrome-headless-shell=127.0.6533.99); For documentation on this error, please visit: https://www.selenium.dev/documentation/webdriver/troubleshooting/errors#no-such-element-exception\nStacktrace:\n#0 0x557421a316aa <unknown>\n#1 0x557421702600 <unknown>\n#2 0x557421751bcb <unknown>\n#3 0x557421751eb1 <unknown>\n#4 0x557421795b24 <unknown>\n#5 0x5574217748cd <unknown>\n#6 0x55742179304a <unknown>\n#7 0x557421774643 <unknown>\n#8 0x557421744d31 <unknown>\n#9 0x55742174579e <unknown>\n#10 0x5574219f923b <unknown>\n#11 0x5574219fd1d2 <unknown>\n#12 0x5574219e65f5 <unknown>\n#13 0x5574219fdd62 <unknown>\n#14 0x5574219cb23f <unknown>\n#15 0x557421a20e48 <unknown>\n#16 0x557421a21020 <unknown>\n#17 0x557421a3047c <unknown>\n#18 0x7f675ef3c134 <unknown>","time":{"start":1722993857112,"stop":1722993857258,"duration":146}}]},"tags":["@pytest.mark.xfail","smoke_test"]},"source":"d4e07ad957520d74.json","parameterValues":[]}