{"uid":"de63708586710831","name":"test_positive_delivery_green_zone_smoke[TD 005-products/shtukaturka-gipsovaya-aksolit-m50-30-kg-mashinnogo-naneseniya-16-500-600-1590-2190-https://sandboxtest.stroyrem-nn.ru/]","fullName":"tests.delivery.test_delivery_calculation.TestDeliveryPageCalculation#test_positive_delivery_green_zone_smoke","historyId":"e6058ae35d5a637089e6a6aa5edf052c","time":{"start":1724806966224,"stop":1724806966627,"duration":403},"status":"skipped","statusMessage":"XFAIL\n\nselenium.common.exceptions.NoSuchElementException: Message: no such element: Unable to locate element: {\"method\":\"xpath\",\"selector\":\"(//a[@class='add-to-cart yellow-btn'])[1]\"}\n  (Session info: chrome=128.0.6613.84); For documentation on this error, please visit: https://www.selenium.dev/documentation/webdriver/troubleshooting/errors#no-such-element-exception\nStacktrace:\n#0 0x5557c2a3c81a <unknown>\n#1 0x5557c270ae50 <unknown>\n#2 0x5557c275a644 <unknown>\n#3 0x5557c275a931 <unknown>\n#4 0x5557c27a0534 <unknown>\n#5 0x5557c277f4bd <unknown>\n#6 0x5557c279d9c6 <unknown>\n#7 0x5557c277f233 <unknown>\n#8 0x5557c274d093 <unknown>\n#9 0x5557c274e09e <unknown>\n#10 0x5557c2a03a7b <unknown>\n#11 0x5557c2a07a31 <unknown>\n#12 0x5557c29ef645 <unknown>\n#13 0x5557c2a085a2 <unknown>\n#14 0x5557c29d481f <unknown>\n#15 0x5557c2a2b618 <unknown>\n#16 0x5557c2a2b7e2 <unknown>\n#17 0x5557c2a3b60c <unknown>\n#18 0x7f51d5967134 <unknown>","statusTrace":"self = <tests.delivery.test_delivery_calculation.TestDeliveryPageCalculation object at 0x7f6142baff50>\ndriver = <selenium.webdriver.chrome.webdriver.WebDriver (session=\"74c60862e40dbbcf2e13ac1990a5e43f\")>\nurl = 'https://sandboxtest.stroyrem-nn.ru/', case_id = 'TD 005'\nlink_item = 'products/shtukaturka-gipsovaya-aksolit-m50-30-kg-mashinnogo-naneseniya'\namount = 16, weight = 500, standard = 600, in_time = 1590, all_time = 2190\n\n    @pytest.mark.parametrize('case_id, link_item, amount, weight, standard, in_time, all_time', [\n        (\"TD 001\", uroven_3000, 1, 30, 0, 1590, 2190),\n        (\"TD 002\", bundeks_25, 1, 30, 400, 1590, 2190),\n        (\"TD 003\", aksolit_30, 8, 300, 400, 1590, 2190),\n        (\"TD 004\", aksolit_30, 13, 400, 450, 1590, 2190),\n        (\"TD 005\", aksolit_30, 16, 500, 600, 1590, 2190),\n        (\"TD 006\", aksolit_30, 25, 1700, 990, 1990, 2480),\n        (\"TD 007\", aksolit_30, 66, 2000, 1300, 2490, 2980),\n        (\"TD 008\", aksolit_30, 149, 4500, 2300, 3980, 4490),\n        (\"TD 009\", aksolit_30, 166, 5000, 2500, 4990, 5480),\n        pytest.param(\n            \"TD 010\", aksolit_30, 206, 6200, 2900, 5570, 6120,\n            marks=pytest.mark.xfail(reson=\"Цена доставки 3600 7960 8980\")\n        ),\n        (\"TD 011\", aksolit_30, 299, 9000, 3600, 7960, 8980),\n        (\"TD 012\", aksolit_30, 333, 10000, 4450, 11990, 12500),\n        pytest.param(\n            \"TD 013\", aksolit_30, 366, 11000, 4800, 12450, 13480,\n            marks=pytest.mark.xfail(reason=\"Цена стандартной доставки 4450\")\n        ),\n        pytest.param(\n            \"TD 014\", aksolit_30, 666, 20000, 5400, 15600, 17490,\n            marks=pytest.mark.xfail(reason=\"Цена стандартной доставки 4450\")\n        )\n    ])\n    @pytest.mark.xfail\n    @pytest.mark.smoke_test\n    def test_positive_delivery_green_zone_smoke(\n            self, driver, url, case_id, link_item, amount, weight, standard, in_time, all_time\n    ):\n    \n        driver.get(f'{url}{link_item}')\n        item_page = ItemPage(driver)\n>       item_page.add_item_to_cart(amount).click_on_cart()\n\ntests/delivery/test_delivery_calculation.py:50: \n_ _ _ _ _ _ _ _ _ _ _ _ _ _ _ _ _ _ _ _ _ _ _ _ _ _ _ _ _ _ _ _ _ _ _ _ _ _ _ _ \npages/item_page.py:40: in add_item_to_cart\n    self.find_element(self._add_item).click()\nbase/seleniumbase.py:17: in find_element\n    return self.driver.find_element(*locator)\n/usr/local/lib/python3.11/site-packages/selenium/webdriver/remote/webdriver.py:739: in find_element\n    return self.execute(Command.FIND_ELEMENT, {\"using\": by, \"value\": value})[\"value\"]\n/usr/local/lib/python3.11/site-packages/selenium/webdriver/remote/webdriver.py:345: in execute\n    self.error_handler.check_response(response)\n_ _ _ _ _ _ _ _ _ _ _ _ _ _ _ _ _ _ _ _ _ _ _ _ _ _ _ _ _ _ _ _ _ _ _ _ _ _ _ _ \n\nself = <selenium.webdriver.remote.errorhandler.ErrorHandler object at 0x7f61429b1c10>\nresponse = {'status': 404, 'value': '{\"value\":{\"error\":\"no such element\",\"message\":\"no such element: Unable to locate element: {\\...\\\\n#16 0x5557c2a2b7e2 \\\\u003Cunknown>\\\\n#17 0x5557c2a3b60c \\\\u003Cunknown>\\\\n#18 0x7f51d5967134 \\\\u003Cunknown>\\\\n\"}}'}\n\n    def check_response(self, response: Dict[str, Any]) -> None:\n        \"\"\"Checks that a JSON response from the WebDriver does not have an\n        error.\n    \n        :Args:\n         - response - The JSON response from the WebDriver server as a dictionary\n           object.\n    \n        :Raises: If the response contains an error message.\n        \"\"\"\n        status = response.get(\"status\", None)\n        if not status or status == ErrorCode.SUCCESS:\n            return\n        value = None\n        message = response.get(\"message\", \"\")\n        screen: str = response.get(\"screen\", \"\")\n        stacktrace = None\n        if isinstance(status, int):\n            value_json = response.get(\"value\", None)\n            if value_json and isinstance(value_json, str):\n                import json\n    \n                try:\n                    value = json.loads(value_json)\n                    if len(value) == 1:\n                        value = value[\"value\"]\n                    status = value.get(\"error\", None)\n                    if not status:\n                        status = value.get(\"status\", ErrorCode.UNKNOWN_ERROR)\n                        message = value.get(\"value\") or value.get(\"message\")\n                        if not isinstance(message, str):\n                            value = message\n                            message = message.get(\"message\")\n                    else:\n                        message = value.get(\"message\", None)\n                except ValueError:\n                    pass\n    \n        exception_class: Type[WebDriverException]\n        e = ErrorCode()\n        error_codes = [item for item in dir(e) if not item.startswith(\"__\")]\n        for error_code in error_codes:\n            error_info = getattr(ErrorCode, error_code)\n            if isinstance(error_info, list) and status in error_info:\n                exception_class = getattr(ExceptionMapping, error_code, WebDriverException)\n                break\n        else:\n            exception_class = WebDriverException\n    \n        if not value:\n            value = response[\"value\"]\n        if isinstance(value, str):\n            raise exception_class(value)\n        if message == \"\" and \"message\" in value:\n            message = value[\"message\"]\n    \n        screen = None  # type: ignore[assignment]\n        if \"screen\" in value:\n            screen = value[\"screen\"]\n    \n        stacktrace = None\n        st_value = value.get(\"stackTrace\") or value.get(\"stacktrace\")\n        if st_value:\n            if isinstance(st_value, str):\n                stacktrace = st_value.split(\"\\n\")\n            else:\n                stacktrace = []\n                try:\n                    for frame in st_value:\n                        line = frame.get(\"lineNumber\", \"\")\n                        file = frame.get(\"fileName\", \"<anonymous>\")\n                        if line:\n                            file = f\"{file}:{line}\"\n                        meth = frame.get(\"methodName\", \"<anonymous>\")\n                        if \"className\" in frame:\n                            meth = f\"{frame['className']}.{meth}\"\n                        msg = \"    at %s (%s)\"\n                        msg = msg % (meth, file)\n                        stacktrace.append(msg)\n                except TypeError:\n                    pass\n        if exception_class == UnexpectedAlertPresentException:\n            alert_text = None\n            if \"data\" in value:\n                alert_text = value[\"data\"].get(\"text\")\n            elif \"alert\" in value:\n                alert_text = value[\"alert\"].get(\"text\")\n            raise exception_class(message, screen, stacktrace, alert_text)  # type: ignore[call-arg]  # mypy is not smart enough here\n>       raise exception_class(message, screen, stacktrace)\nE       selenium.common.exceptions.NoSuchElementException: Message: no such element: Unable to locate element: {\"method\":\"xpath\",\"selector\":\"(//a[@class='add-to-cart yellow-btn'])[1]\"}\nE         (Session info: chrome=128.0.6613.84); For documentation on this error, please visit: https://www.selenium.dev/documentation/webdriver/troubleshooting/errors#no-such-element-exception\nE       Stacktrace:\nE       #0 0x5557c2a3c81a <unknown>\nE       #1 0x5557c270ae50 <unknown>\nE       #2 0x5557c275a644 <unknown>\nE       #3 0x5557c275a931 <unknown>\nE       #4 0x5557c27a0534 <unknown>\nE       #5 0x5557c277f4bd <unknown>\nE       #6 0x5557c279d9c6 <unknown>\nE       #7 0x5557c277f233 <unknown>\nE       #8 0x5557c274d093 <unknown>\nE       #9 0x5557c274e09e <unknown>\nE       #10 0x5557c2a03a7b <unknown>\nE       #11 0x5557c2a07a31 <unknown>\nE       #12 0x5557c29ef645 <unknown>\nE       #13 0x5557c2a085a2 <unknown>\nE       #14 0x5557c29d481f <unknown>\nE       #15 0x5557c2a2b618 <unknown>\nE       #16 0x5557c2a2b7e2 <unknown>\nE       #17 0x5557c2a3b60c <unknown>\nE       #18 0x7f51d5967134 <unknown>\n\n/usr/local/lib/python3.11/site-packages/selenium/webdriver/remote/errorhandler.py:229: NoSuchElementException","flaky":false,"newFailed":false,"newBroken":false,"newPassed":false,"retriesCount":0,"retriesStatusChange":false,"beforeStages":[{"name":"_session_faker","time":{"start":1724806737658,"stop":1724806737730,"duration":72},"status":"passed","steps":[],"attachments":[],"parameters":[],"shouldDisplayMessage":false,"stepsCount":0,"attachmentsCount":0,"hasContent":false,"attachmentStep":false},{"name":"clear_allure_results_folder","time":{"start":1724806737730,"stop":1724806737730,"duration":0},"status":"passed","steps":[],"attachments":[],"parameters":[],"shouldDisplayMessage":false,"stepsCount":0,"attachmentsCount":0,"hasContent":false,"attachmentStep":false},{"name":"driver","time":{"start":1724806965392,"stop":1724806966223,"duration":831},"status":"passed","steps":[],"attachments":[],"parameters":[],"shouldDisplayMessage":false,"stepsCount":0,"attachmentsCount":0,"hasContent":false,"attachmentStep":false},{"name":"setup","time":{"start":1724806966223,"stop":1724806966223,"duration":0},"status":"passed","steps":[],"attachments":[],"parameters":[],"shouldDisplayMessage":false,"stepsCount":0,"attachmentsCount":0,"hasContent":false,"attachmentStep":false}],"testStage":{"status":"skipped","statusMessage":"XFAIL\n\nselenium.common.exceptions.NoSuchElementException: Message: no such element: Unable to locate element: {\"method\":\"xpath\",\"selector\":\"(//a[@class='add-to-cart yellow-btn'])[1]\"}\n  (Session info: chrome=128.0.6613.84); For documentation on this error, please visit: https://www.selenium.dev/documentation/webdriver/troubleshooting/errors#no-such-element-exception\nStacktrace:\n#0 0x5557c2a3c81a <unknown>\n#1 0x5557c270ae50 <unknown>\n#2 0x5557c275a644 <unknown>\n#3 0x5557c275a931 <unknown>\n#4 0x5557c27a0534 <unknown>\n#5 0x5557c277f4bd <unknown>\n#6 0x5557c279d9c6 <unknown>\n#7 0x5557c277f233 <unknown>\n#8 0x5557c274d093 <unknown>\n#9 0x5557c274e09e <unknown>\n#10 0x5557c2a03a7b <unknown>\n#11 0x5557c2a07a31 <unknown>\n#12 0x5557c29ef645 <unknown>\n#13 0x5557c2a085a2 <unknown>\n#14 0x5557c29d481f <unknown>\n#15 0x5557c2a2b618 <unknown>\n#16 0x5557c2a2b7e2 <unknown>\n#17 0x5557c2a3b60c <unknown>\n#18 0x7f51d5967134 <unknown>","statusTrace":"self = <tests.delivery.test_delivery_calculation.TestDeliveryPageCalculation object at 0x7f6142baff50>\ndriver = <selenium.webdriver.chrome.webdriver.WebDriver (session=\"74c60862e40dbbcf2e13ac1990a5e43f\")>\nurl = 'https://sandboxtest.stroyrem-nn.ru/', case_id = 'TD 005'\nlink_item = 'products/shtukaturka-gipsovaya-aksolit-m50-30-kg-mashinnogo-naneseniya'\namount = 16, weight = 500, standard = 600, in_time = 1590, all_time = 2190\n\n    @pytest.mark.parametrize('case_id, link_item, amount, weight, standard, in_time, all_time', [\n        (\"TD 001\", uroven_3000, 1, 30, 0, 1590, 2190),\n        (\"TD 002\", bundeks_25, 1, 30, 400, 1590, 2190),\n        (\"TD 003\", aksolit_30, 8, 300, 400, 1590, 2190),\n        (\"TD 004\", aksolit_30, 13, 400, 450, 1590, 2190),\n        (\"TD 005\", aksolit_30, 16, 500, 600, 1590, 2190),\n        (\"TD 006\", aksolit_30, 25, 1700, 990, 1990, 2480),\n        (\"TD 007\", aksolit_30, 66, 2000, 1300, 2490, 2980),\n        (\"TD 008\", aksolit_30, 149, 4500, 2300, 3980, 4490),\n        (\"TD 009\", aksolit_30, 166, 5000, 2500, 4990, 5480),\n        pytest.param(\n            \"TD 010\", aksolit_30, 206, 6200, 2900, 5570, 6120,\n            marks=pytest.mark.xfail(reson=\"Цена доставки 3600 7960 8980\")\n        ),\n        (\"TD 011\", aksolit_30, 299, 9000, 3600, 7960, 8980),\n        (\"TD 012\", aksolit_30, 333, 10000, 4450, 11990, 12500),\n        pytest.param(\n            \"TD 013\", aksolit_30, 366, 11000, 4800, 12450, 13480,\n            marks=pytest.mark.xfail(reason=\"Цена стандартной доставки 4450\")\n        ),\n        pytest.param(\n            \"TD 014\", aksolit_30, 666, 20000, 5400, 15600, 17490,\n            marks=pytest.mark.xfail(reason=\"Цена стандартной доставки 4450\")\n        )\n    ])\n    @pytest.mark.xfail\n    @pytest.mark.smoke_test\n    def test_positive_delivery_green_zone_smoke(\n            self, driver, url, case_id, link_item, amount, weight, standard, in_time, all_time\n    ):\n    \n        driver.get(f'{url}{link_item}')\n        item_page = ItemPage(driver)\n>       item_page.add_item_to_cart(amount).click_on_cart()\n\ntests/delivery/test_delivery_calculation.py:50: \n_ _ _ _ _ _ _ _ _ _ _ _ _ _ _ _ _ _ _ _ _ _ _ _ _ _ _ _ _ _ _ _ _ _ _ _ _ _ _ _ \npages/item_page.py:40: in add_item_to_cart\n    self.find_element(self._add_item).click()\nbase/seleniumbase.py:17: in find_element\n    return self.driver.find_element(*locator)\n/usr/local/lib/python3.11/site-packages/selenium/webdriver/remote/webdriver.py:739: in find_element\n    return self.execute(Command.FIND_ELEMENT, {\"using\": by, \"value\": value})[\"value\"]\n/usr/local/lib/python3.11/site-packages/selenium/webdriver/remote/webdriver.py:345: in execute\n    self.error_handler.check_response(response)\n_ _ _ _ _ _ _ _ _ _ _ _ _ _ _ _ _ _ _ _ _ _ _ _ _ _ _ _ _ _ _ _ _ _ _ _ _ _ _ _ \n\nself = <selenium.webdriver.remote.errorhandler.ErrorHandler object at 0x7f61429b1c10>\nresponse = {'status': 404, 'value': '{\"value\":{\"error\":\"no such element\",\"message\":\"no such element: Unable to locate element: {\\...\\\\n#16 0x5557c2a2b7e2 \\\\u003Cunknown>\\\\n#17 0x5557c2a3b60c \\\\u003Cunknown>\\\\n#18 0x7f51d5967134 \\\\u003Cunknown>\\\\n\"}}'}\n\n    def check_response(self, response: Dict[str, Any]) -> None:\n        \"\"\"Checks that a JSON response from the WebDriver does not have an\n        error.\n    \n        :Args:\n         - response - The JSON response from the WebDriver server as a dictionary\n           object.\n    \n        :Raises: If the response contains an error message.\n        \"\"\"\n        status = response.get(\"status\", None)\n        if not status or status == ErrorCode.SUCCESS:\n            return\n        value = None\n        message = response.get(\"message\", \"\")\n        screen: str = response.get(\"screen\", \"\")\n        stacktrace = None\n        if isinstance(status, int):\n            value_json = response.get(\"value\", None)\n            if value_json and isinstance(value_json, str):\n                import json\n    \n                try:\n                    value = json.loads(value_json)\n                    if len(value) == 1:\n                        value = value[\"value\"]\n                    status = value.get(\"error\", None)\n                    if not status:\n                        status = value.get(\"status\", ErrorCode.UNKNOWN_ERROR)\n                        message = value.get(\"value\") or value.get(\"message\")\n                        if not isinstance(message, str):\n                            value = message\n                            message = message.get(\"message\")\n                    else:\n                        message = value.get(\"message\", None)\n                except ValueError:\n                    pass\n    \n        exception_class: Type[WebDriverException]\n        e = ErrorCode()\n        error_codes = [item for item in dir(e) if not item.startswith(\"__\")]\n        for error_code in error_codes:\n            error_info = getattr(ErrorCode, error_code)\n            if isinstance(error_info, list) and status in error_info:\n                exception_class = getattr(ExceptionMapping, error_code, WebDriverException)\n                break\n        else:\n            exception_class = WebDriverException\n    \n        if not value:\n            value = response[\"value\"]\n        if isinstance(value, str):\n            raise exception_class(value)\n        if message == \"\" and \"message\" in value:\n            message = value[\"message\"]\n    \n        screen = None  # type: ignore[assignment]\n        if \"screen\" in value:\n            screen = value[\"screen\"]\n    \n        stacktrace = None\n        st_value = value.get(\"stackTrace\") or value.get(\"stacktrace\")\n        if st_value:\n            if isinstance(st_value, str):\n                stacktrace = st_value.split(\"\\n\")\n            else:\n                stacktrace = []\n                try:\n                    for frame in st_value:\n                        line = frame.get(\"lineNumber\", \"\")\n                        file = frame.get(\"fileName\", \"<anonymous>\")\n                        if line:\n                            file = f\"{file}:{line}\"\n                        meth = frame.get(\"methodName\", \"<anonymous>\")\n                        if \"className\" in frame:\n                            meth = f\"{frame['className']}.{meth}\"\n                        msg = \"    at %s (%s)\"\n                        msg = msg % (meth, file)\n                        stacktrace.append(msg)\n                except TypeError:\n                    pass\n        if exception_class == UnexpectedAlertPresentException:\n            alert_text = None\n            if \"data\" in value:\n                alert_text = value[\"data\"].get(\"text\")\n            elif \"alert\" in value:\n                alert_text = value[\"alert\"].get(\"text\")\n            raise exception_class(message, screen, stacktrace, alert_text)  # type: ignore[call-arg]  # mypy is not smart enough here\n>       raise exception_class(message, screen, stacktrace)\nE       selenium.common.exceptions.NoSuchElementException: Message: no such element: Unable to locate element: {\"method\":\"xpath\",\"selector\":\"(//a[@class='add-to-cart yellow-btn'])[1]\"}\nE         (Session info: chrome=128.0.6613.84); For documentation on this error, please visit: https://www.selenium.dev/documentation/webdriver/troubleshooting/errors#no-such-element-exception\nE       Stacktrace:\nE       #0 0x5557c2a3c81a <unknown>\nE       #1 0x5557c270ae50 <unknown>\nE       #2 0x5557c275a644 <unknown>\nE       #3 0x5557c275a931 <unknown>\nE       #4 0x5557c27a0534 <unknown>\nE       #5 0x5557c277f4bd <unknown>\nE       #6 0x5557c279d9c6 <unknown>\nE       #7 0x5557c277f233 <unknown>\nE       #8 0x5557c274d093 <unknown>\nE       #9 0x5557c274e09e <unknown>\nE       #10 0x5557c2a03a7b <unknown>\nE       #11 0x5557c2a07a31 <unknown>\nE       #12 0x5557c29ef645 <unknown>\nE       #13 0x5557c2a085a2 <unknown>\nE       #14 0x5557c29d481f <unknown>\nE       #15 0x5557c2a2b618 <unknown>\nE       #16 0x5557c2a2b7e2 <unknown>\nE       #17 0x5557c2a3b60c <unknown>\nE       #18 0x7f51d5967134 <unknown>\n\n/usr/local/lib/python3.11/site-packages/selenium/webdriver/remote/errorhandler.py:229: NoSuchElementException","steps":[{"name":"Добавляем товар в корзину в количестве 16","time":{"start":1724806966608,"stop":1724806966626,"duration":18},"status":"broken","statusMessage":"selenium.common.exceptions.NoSuchElementException: Message: no such element: Unable to locate element: {\"method\":\"xpath\",\"selector\":\"(//a[@class='add-to-cart yellow-btn'])[1]\"}\n  (Session info: chrome=128.0.6613.84); For documentation on this error, please visit: https://www.selenium.dev/documentation/webdriver/troubleshooting/errors#no-such-element-exception\nStacktrace:\n#0 0x5557c2a3c81a <unknown>\n#1 0x5557c270ae50 <unknown>\n#2 0x5557c275a644 <unknown>\n#3 0x5557c275a931 <unknown>\n#4 0x5557c27a0534 <unknown>\n#5 0x5557c277f4bd <unknown>\n#6 0x5557c279d9c6 <unknown>\n#7 0x5557c277f233 <unknown>\n#8 0x5557c274d093 <unknown>\n#9 0x5557c274e09e <unknown>\n#10 0x5557c2a03a7b <unknown>\n#11 0x5557c2a07a31 <unknown>\n#12 0x5557c29ef645 <unknown>\n#13 0x5557c2a085a2 <unknown>\n#14 0x5557c29d481f <unknown>\n#15 0x5557c2a2b618 <unknown>\n#16 0x5557c2a2b7e2 <unknown>\n#17 0x5557c2a3b60c <unknown>\n#18 0x7f51d5967134 <unknown>\n\n","statusTrace":"  File \"/usr/local/lib/python3.11/site-packages/allure_commons/_allure.py\", line 192, in impl\n    return func(*a, **kw)\n           ^^^^^^^^^^^^^^\n  File \"/app/pages/item_page.py\", line 40, in add_item_to_cart\n    self.find_element(self._add_item).click()\n    ^^^^^^^^^^^^^^^^^^^^^^^^^^^^^^^^^\n  File \"/app/base/seleniumbase.py\", line 17, in find_element\n    return self.driver.find_element(*locator)\n           ^^^^^^^^^^^^^^^^^^^^^^^^^^^^^^^^^^\n  File \"/usr/local/lib/python3.11/site-packages/selenium/webdriver/remote/webdriver.py\", line 739, in find_element\n    return self.execute(Command.FIND_ELEMENT, {\"using\": by, \"value\": value})[\"value\"]\n           ^^^^^^^^^^^^^^^^^^^^^^^^^^^^^^^^^^^^^^^^^^^^^^^^^^^^^^^^^^^^^^^^^\n  File \"/usr/local/lib/python3.11/site-packages/selenium/webdriver/remote/webdriver.py\", line 345, in execute\n    self.error_handler.check_response(response)\n  File \"/usr/local/lib/python3.11/site-packages/selenium/webdriver/remote/errorhandler.py\", line 229, in check_response\n    raise exception_class(message, screen, stacktrace)\n","steps":[],"attachments":[],"parameters":[{"name":"amount","value":"16"}],"shouldDisplayMessage":true,"stepsCount":0,"attachmentsCount":0,"hasContent":true,"attachmentStep":false}],"attachments":[{"uid":"d51c1c3906973520","name":"Screenshot","source":"d51c1c3906973520.png","type":"image/png","size":46829},{"uid":"5182067988f33bf4","name":"HTML source","source":"5182067988f33bf4.html","type":"text/html","size":133701}],"parameters":[],"shouldDisplayMessage":true,"stepsCount":1,"attachmentsCount":2,"hasContent":true,"attachmentStep":false},"afterStages":[{"name":"setup::0","time":{"start":1724806966729,"stop":1724806966729,"duration":0},"status":"passed","steps":[],"attachments":[],"parameters":[],"shouldDisplayMessage":false,"stepsCount":0,"attachmentsCount":0,"hasContent":false,"attachmentStep":false},{"name":"driver::0","time":{"start":1724806966729,"stop":1724806966795,"duration":66},"status":"passed","steps":[],"attachments":[],"parameters":[],"shouldDisplayMessage":false,"stepsCount":0,"attachmentsCount":0,"hasContent":false,"attachmentStep":false}],"labels":[{"name":"epic","value":"Delivery Page - calculation"},{"name":"tag","value":"smoke_test"},{"name":"tag","value":"@pytest.mark.xfail"},{"name":"parentSuite","value":"tests.delivery"},{"name":"suite","value":"test_delivery_calculation"},{"name":"subSuite","value":"TestDeliveryPageCalculation"},{"name":"host","value":"5817ca615996"},{"name":"thread","value":"1-MainThread"},{"name":"framework","value":"pytest"},{"name":"language","value":"cpython3"},{"name":"package","value":"tests.delivery.test_delivery_calculation"},{"name":"resultFormat","value":"allure2"}],"parameters":[{"name":"all_time","value":"2190"},{"name":"amount","value":"16"},{"name":"case_id","value":"'TD 005'"},{"name":"in_time","value":"1590"},{"name":"link_item","value":"'products/shtukaturka-gipsovaya-aksolit-m50-30-kg-mashinnogo-naneseniya'"},{"name":"standard","value":"600"},{"name":"url","value":"'https://sandboxtest.stroyrem-nn.ru/'"},{"name":"weight","value":"500"}],"links":[],"hidden":false,"retry":false,"extra":{"severity":"normal","retries":[],"categories":[],"history":{"statistic":{"failed":0,"broken":0,"skipped":90,"passed":0,"unknown":0,"total":90},"items":[{"uid":"a236a1c129e33a6d","reportUrl":"https://Nat754.github.io/StroyremAutomation/412//#testresult/a236a1c129e33a6d","status":"skipped","statusDetails":"XFAIL\n\nselenium.common.exceptions.NoSuchElementException: Message: no such element: Unable to locate element: {\"method\":\"xpath\",\"selector\":\"(//a[@class='add-to-cart yellow-btn'])[1]\"}\n  (Session info: chrome=128.0.6613.84); For documentation on this error, please visit: https://www.selenium.dev/documentation/webdriver/troubleshooting/errors#no-such-element-exception\nStacktrace:\n#0 0x560f4a27681a <unknown>\n#1 0x560f49f44e50 <unknown>\n#2 0x560f49f94644 <unknown>\n#3 0x560f49f94931 <unknown>\n#4 0x560f49fda534 <unknown>\n#5 0x560f49fb94bd <unknown>\n#6 0x560f49fd79c6 <unknown>\n#7 0x560f49fb9233 <unknown>\n#8 0x560f49f87093 <unknown>\n#9 0x560f49f8809e <unknown>\n#10 0x560f4a23da7b <unknown>\n#11 0x560f4a241a31 <unknown>\n#12 0x560f4a229645 <unknown>\n#13 0x560f4a2425a2 <unknown>\n#14 0x560f4a20e81f <unknown>\n#15 0x560f4a265618 <unknown>\n#16 0x560f4a2657e2 <unknown>\n#17 0x560f4a27560c <unknown>\n#18 0x7f2f53e3f134 <unknown>","time":{"start":1724720529914,"stop":1724720530346,"duration":432}},{"uid":"d6199555e095b3b0","reportUrl":"https://Nat754.github.io/StroyremAutomation/411//#testresult/d6199555e095b3b0","status":"skipped","statusDetails":"XFAIL\n\nselenium.common.exceptions.NoSuchElementException: Message: no such element: Unable to locate element: {\"method\":\"xpath\",\"selector\":\"(//a[@class='add-to-cart yellow-btn'])[1]\"}\n  (Session info: chrome=128.0.6613.84); For documentation on this error, please visit: https://www.selenium.dev/documentation/webdriver/troubleshooting/errors#no-such-element-exception\nStacktrace:\n#0 0x55a8d320e81a <unknown>\n#1 0x55a8d2edce50 <unknown>\n#2 0x55a8d2f2c644 <unknown>\n#3 0x55a8d2f2c931 <unknown>\n#4 0x55a8d2f72534 <unknown>\n#5 0x55a8d2f514bd <unknown>\n#6 0x55a8d2f6f9c6 <unknown>\n#7 0x55a8d2f51233 <unknown>\n#8 0x55a8d2f1f093 <unknown>\n#9 0x55a8d2f2009e <unknown>\n#10 0x55a8d31d5a7b <unknown>\n#11 0x55a8d31d9a31 <unknown>\n#12 0x55a8d31c1645 <unknown>\n#13 0x55a8d31da5a2 <unknown>\n#14 0x55a8d31a681f <unknown>\n#15 0x55a8d31fd618 <unknown>\n#16 0x55a8d31fd7e2 <unknown>\n#17 0x55a8d320d60c <unknown>\n#18 0x7fdbe3301134 <unknown>","time":{"start":1724634131983,"stop":1724634132578,"duration":595}},{"uid":"13900f6f96580898","reportUrl":"https://Nat754.github.io/StroyremAutomation/410//#testresult/13900f6f96580898","status":"skipped","statusDetails":"XFAIL\n\nselenium.common.exceptions.NoSuchElementException: Message: no such element: Unable to locate element: {\"method\":\"xpath\",\"selector\":\"(//a[@class='add-to-cart yellow-btn'])[1]\"}\n  (Session info: chrome=128.0.6613.84); For documentation on this error, please visit: https://www.selenium.dev/documentation/webdriver/troubleshooting/errors#no-such-element-exception\nStacktrace:\n#0 0x556d1e4b781a <unknown>\n#1 0x556d1e185e50 <unknown>\n#2 0x556d1e1d5644 <unknown>\n#3 0x556d1e1d5931 <unknown>\n#4 0x556d1e21b534 <unknown>\n#5 0x556d1e1fa4bd <unknown>\n#6 0x556d1e2189c6 <unknown>\n#7 0x556d1e1fa233 <unknown>\n#8 0x556d1e1c8093 <unknown>\n#9 0x556d1e1c909e <unknown>\n#10 0x556d1e47ea7b <unknown>\n#11 0x556d1e482a31 <unknown>\n#12 0x556d1e46a645 <unknown>\n#13 0x556d1e4835a2 <unknown>\n#14 0x556d1e44f81f <unknown>\n#15 0x556d1e4a6618 <unknown>\n#16 0x556d1e4a67e2 <unknown>\n#17 0x556d1e4b660c <unknown>\n#18 0x7f63b5e7a134 <unknown>","time":{"start":1724548005650,"stop":1724548006162,"duration":512}},{"uid":"6b9c36b25d701401","reportUrl":"https://Nat754.github.io/StroyremAutomation/409//#testresult/6b9c36b25d701401","status":"skipped","statusDetails":"XFAIL\n\nselenium.common.exceptions.NoSuchElementException: Message: no such element: Unable to locate element: {\"method\":\"xpath\",\"selector\":\"(//a[@class='add-to-cart yellow-btn'])[1]\"}\n  (Session info: chrome=128.0.6613.84); For documentation on this error, please visit: https://www.selenium.dev/documentation/webdriver/troubleshooting/errors#no-such-element-exception\nStacktrace:\n#0 0x55c03fb6081a <unknown>\n#1 0x55c03f82ee50 <unknown>\n#2 0x55c03f87e644 <unknown>\n#3 0x55c03f87e931 <unknown>\n#4 0x55c03f8c4534 <unknown>\n#5 0x55c03f8a34bd <unknown>\n#6 0x55c03f8c19c6 <unknown>\n#7 0x55c03f8a3233 <unknown>\n#8 0x55c03f871093 <unknown>\n#9 0x55c03f87209e <unknown>\n#10 0x55c03fb27a7b <unknown>\n#11 0x55c03fb2ba31 <unknown>\n#12 0x55c03fb13645 <unknown>\n#13 0x55c03fb2c5a2 <unknown>\n#14 0x55c03faf881f <unknown>\n#15 0x55c03fb4f618 <unknown>\n#16 0x55c03fb4f7e2 <unknown>\n#17 0x55c03fb5f60c <unknown>\n#18 0x7f16dbcab134 <unknown>","time":{"start":1724461237261,"stop":1724461237630,"duration":369}},{"uid":"8b5ead6fbb322929","reportUrl":"https://Nat754.github.io/StroyremAutomation/407//#testresult/8b5ead6fbb322929","status":"skipped","statusDetails":"XFAIL\n\nselenium.common.exceptions.NoSuchElementException: Message: no such element: Unable to locate element: {\"method\":\"xpath\",\"selector\":\"(//a[@class='add-to-cart yellow-btn'])[1]\"}\n  (Session info: chrome=128.0.6613.84); For documentation on this error, please visit: https://www.selenium.dev/documentation/webdriver/troubleshooting/errors#no-such-element-exception\nStacktrace:\n#0 0x564ede36881a <unknown>\n#1 0x564ede036e50 <unknown>\n#2 0x564ede086644 <unknown>\n#3 0x564ede086931 <unknown>\n#4 0x564ede0cc534 <unknown>\n#5 0x564ede0ab4bd <unknown>\n#6 0x564ede0c99c6 <unknown>\n#7 0x564ede0ab233 <unknown>\n#8 0x564ede079093 <unknown>\n#9 0x564ede07a09e <unknown>\n#10 0x564ede32fa7b <unknown>\n#11 0x564ede333a31 <unknown>\n#12 0x564ede31b645 <unknown>\n#13 0x564ede3345a2 <unknown>\n#14 0x564ede30081f <unknown>\n#15 0x564ede357618 <unknown>\n#16 0x564ede3577e2 <unknown>\n#17 0x564ede36760c <unknown>\n#18 0x7f57285f0134 <unknown>","time":{"start":1724288553073,"stop":1724288553553,"duration":480}},{"uid":"d739a0520a0a83fa","reportUrl":"https://Nat754.github.io/StroyremAutomation/406//#testresult/d739a0520a0a83fa","status":"skipped","statusDetails":"XFAIL\n\nselenium.common.exceptions.NoSuchElementException: Message: no such element: Unable to locate element: {\"method\":\"xpath\",\"selector\":\"(//a[@class='add-to-cart yellow-btn'])[1]\"}\n  (Session info: chrome-headless-shell=127.0.6533.119); For documentation on this error, please visit: https://www.selenium.dev/documentation/webdriver/troubleshooting/errors#no-such-element-exception\nStacktrace:\n#0 0x56109ad9e6ca <unknown>\n#1 0x56109aa6f600 <unknown>\n#2 0x56109aabebcb <unknown>\n#3 0x56109aabeeb1 <unknown>\n#4 0x56109ab02b24 <unknown>\n#5 0x56109aae18cd <unknown>\n#6 0x56109ab0004a <unknown>\n#7 0x56109aae1643 <unknown>\n#8 0x56109aab1d31 <unknown>\n#9 0x56109aab279e <unknown>\n#10 0x56109ad6625b <unknown>\n#11 0x56109ad6a1f2 <unknown>\n#12 0x56109ad53615 <unknown>\n#13 0x56109ad6ad82 <unknown>\n#14 0x56109ad3825f <unknown>\n#15 0x56109ad8de68 <unknown>\n#16 0x56109ad8e040 <unknown>\n#17 0x56109ad9d49c <unknown>\n#18 0x7fe3fedb4134 <unknown>","time":{"start":1724202118779,"stop":1724202119408,"duration":629}},{"uid":"7cf1f6f8b80c5fba","reportUrl":"https://Nat754.github.io/StroyremAutomation/405//#testresult/7cf1f6f8b80c5fba","status":"skipped","statusDetails":"XFAIL\n\nselenium.common.exceptions.NoSuchElementException: Message: no such element: Unable to locate element: {\"method\":\"xpath\",\"selector\":\"(//a[@class='add-to-cart yellow-btn'])[1]\"}\n  (Session info: chrome-headless-shell=127.0.6533.119); For documentation on this error, please visit: https://www.selenium.dev/documentation/webdriver/troubleshooting/errors#no-such-element-exception\nStacktrace:\n#0 0x5582584656ca <unknown>\n#1 0x558258136600 <unknown>\n#2 0x558258185bcb <unknown>\n#3 0x558258185eb1 <unknown>\n#4 0x5582581c9b24 <unknown>\n#5 0x5582581a88cd <unknown>\n#6 0x5582581c704a <unknown>\n#7 0x5582581a8643 <unknown>\n#8 0x558258178d31 <unknown>\n#9 0x55825817979e <unknown>\n#10 0x55825842d25b <unknown>\n#11 0x5582584311f2 <unknown>\n#12 0x55825841a615 <unknown>\n#13 0x558258431d82 <unknown>\n#14 0x5582583ff25f <unknown>\n#15 0x558258454e68 <unknown>\n#16 0x558258455040 <unknown>\n#17 0x55825846449c <unknown>\n#18 0x7f921a675134 <unknown>","time":{"start":1724115721813,"stop":1724115722442,"duration":629}},{"uid":"d6ec5b4c86e69913","reportUrl":"https://Nat754.github.io/StroyremAutomation/404//#testresult/d6ec5b4c86e69913","status":"skipped","statusDetails":"XFAIL\n\nselenium.common.exceptions.NoSuchElementException: Message: no such element: Unable to locate element: {\"method\":\"xpath\",\"selector\":\"(//a[@class='add-to-cart yellow-btn'])[1]\"}\n  (Session info: chrome-headless-shell=127.0.6533.119); For documentation on this error, please visit: https://www.selenium.dev/documentation/webdriver/troubleshooting/errors#no-such-element-exception\nStacktrace:\n#0 0x556200be56ca <unknown>\n#1 0x5562008b6600 <unknown>\n#2 0x556200905bcb <unknown>\n#3 0x556200905eb1 <unknown>\n#4 0x556200949b24 <unknown>\n#5 0x5562009288cd <unknown>\n#6 0x55620094704a <unknown>\n#7 0x556200928643 <unknown>\n#8 0x5562008f8d31 <unknown>\n#9 0x5562008f979e <unknown>\n#10 0x556200bad25b <unknown>\n#11 0x556200bb11f2 <unknown>\n#12 0x556200b9a615 <unknown>\n#13 0x556200bb1d82 <unknown>\n#14 0x556200b7f25f <unknown>\n#15 0x556200bd4e68 <unknown>\n#16 0x556200bd5040 <unknown>\n#17 0x556200be449c <unknown>\n#18 0x7f1bce7fa134 <unknown>","time":{"start":1724029302924,"stop":1724029303448,"duration":524}},{"uid":"65e49ebf395cc1fa","reportUrl":"https://Nat754.github.io/StroyremAutomation/403//#testresult/65e49ebf395cc1fa","status":"skipped","statusDetails":"XFAIL\n\nselenium.common.exceptions.NoSuchElementException: Message: no such element: Unable to locate element: {\"method\":\"xpath\",\"selector\":\"(//a[@class='add-to-cart yellow-btn'])[1]\"}\n  (Session info: chrome-headless-shell=127.0.6533.119); For documentation on this error, please visit: https://www.selenium.dev/documentation/webdriver/troubleshooting/errors#no-such-element-exception\nStacktrace:\n#0 0x55ea635ac6ca <unknown>\n#1 0x55ea6327d600 <unknown>\n#2 0x55ea632ccbcb <unknown>\n#3 0x55ea632cceb1 <unknown>\n#4 0x55ea63310b24 <unknown>\n#5 0x55ea632ef8cd <unknown>\n#6 0x55ea6330e04a <unknown>\n#7 0x55ea632ef643 <unknown>\n#8 0x55ea632bfd31 <unknown>\n#9 0x55ea632c079e <unknown>\n#10 0x55ea6357425b <unknown>\n#11 0x55ea635781f2 <unknown>\n#12 0x55ea63561615 <unknown>\n#13 0x55ea63578d82 <unknown>\n#14 0x55ea6354625f <unknown>\n#15 0x55ea6359be68 <unknown>\n#16 0x55ea6359c040 <unknown>\n#17 0x55ea635ab49c <unknown>\n#18 0x7f03d1245134 <unknown>","time":{"start":1723943109000,"stop":1723943109339,"duration":339}},{"uid":"e448793abedb844","reportUrl":"https://Nat754.github.io/StroyremAutomation/402//#testresult/e448793abedb844","status":"skipped","statusDetails":"XFAIL\n\nselenium.common.exceptions.NoSuchElementException: Message: no such element: Unable to locate element: {\"method\":\"xpath\",\"selector\":\"(//a[@class='add-to-cart yellow-btn'])[1]\"}\n  (Session info: chrome-headless-shell=127.0.6533.119); For documentation on this error, please visit: https://www.selenium.dev/documentation/webdriver/troubleshooting/errors#no-such-element-exception\nStacktrace:\n#0 0x56509a7a16ca <unknown>\n#1 0x56509a472600 <unknown>\n#2 0x56509a4c1bcb <unknown>\n#3 0x56509a4c1eb1 <unknown>\n#4 0x56509a505b24 <unknown>\n#5 0x56509a4e48cd <unknown>\n#6 0x56509a50304a <unknown>\n#7 0x56509a4e4643 <unknown>\n#8 0x56509a4b4d31 <unknown>\n#9 0x56509a4b579e <unknown>\n#10 0x56509a76925b <unknown>\n#11 0x56509a76d1f2 <unknown>\n#12 0x56509a756615 <unknown>\n#13 0x56509a76dd82 <unknown>\n#14 0x56509a73b25f <unknown>\n#15 0x56509a790e68 <unknown>\n#16 0x56509a791040 <unknown>\n#17 0x56509a7a049c <unknown>\n#18 0x7efdb5f24134 <unknown>","time":{"start":1723856352790,"stop":1723856353219,"duration":429}},{"uid":"1d37ddd2c53f36df","reportUrl":"https://Nat754.github.io/StroyremAutomation/401//#testresult/1d37ddd2c53f36df","status":"skipped","statusDetails":"XFAIL\n\nselenium.common.exceptions.NoSuchElementException: Message: no such element: Unable to locate element: {\"method\":\"xpath\",\"selector\":\"(//a[@class='add-to-cart yellow-btn'])[1]\"}\n  (Session info: chrome-headless-shell=127.0.6533.119); For documentation on this error, please visit: https://www.selenium.dev/documentation/webdriver/troubleshooting/errors#no-such-element-exception\nStacktrace:\n#0 0x560f1fdc36ca <unknown>\n#1 0x560f1fa94600 <unknown>\n#2 0x560f1fae3bcb <unknown>\n#3 0x560f1fae3eb1 <unknown>\n#4 0x560f1fb27b24 <unknown>\n#5 0x560f1fb068cd <unknown>\n#6 0x560f1fb2504a <unknown>\n#7 0x560f1fb06643 <unknown>\n#8 0x560f1fad6d31 <unknown>\n#9 0x560f1fad779e <unknown>\n#10 0x560f1fd8b25b <unknown>\n#11 0x560f1fd8f1f2 <unknown>\n#12 0x560f1fd78615 <unknown>\n#13 0x560f1fd8fd82 <unknown>\n#14 0x560f1fd5d25f <unknown>\n#15 0x560f1fdb2e68 <unknown>\n#16 0x560f1fdb3040 <unknown>\n#17 0x560f1fdc249c <unknown>\n#18 0x7fa964c67134 <unknown>","time":{"start":1723770061553,"stop":1723770062028,"duration":475}},{"uid":"2183bb2a762bf240","reportUrl":"https://Nat754.github.io/StroyremAutomation/400//#testresult/2183bb2a762bf240","status":"skipped","statusDetails":"XFAIL\n\nselenium.common.exceptions.NoSuchElementException: Message: no such element: Unable to locate element: {\"method\":\"xpath\",\"selector\":\"(//a[@class='add-to-cart yellow-btn'])[1]\"}\n  (Session info: chrome-headless-shell=127.0.6533.119); For documentation on this error, please visit: https://www.selenium.dev/documentation/webdriver/troubleshooting/errors#no-such-element-exception\nStacktrace:\n#0 0x559b0c8ef6ca <unknown>\n#1 0x559b0c5c0600 <unknown>\n#2 0x559b0c60fbcb <unknown>\n#3 0x559b0c60feb1 <unknown>\n#4 0x559b0c653b24 <unknown>\n#5 0x559b0c6328cd <unknown>\n#6 0x559b0c65104a <unknown>\n#7 0x559b0c632643 <unknown>\n#8 0x559b0c602d31 <unknown>\n#9 0x559b0c60379e <unknown>\n#10 0x559b0c8b725b <unknown>\n#11 0x559b0c8bb1f2 <unknown>\n#12 0x559b0c8a4615 <unknown>\n#13 0x559b0c8bbd82 <unknown>\n#14 0x559b0c88925f <unknown>\n#15 0x559b0c8dee68 <unknown>\n#16 0x559b0c8df040 <unknown>\n#17 0x559b0c8ee49c <unknown>\n#18 0x7fb4b0834134 <unknown>","time":{"start":1723683548290,"stop":1723683548759,"duration":469}},{"uid":"8e7c42ff4ea51319","reportUrl":"https://Nat754.github.io/StroyremAutomation/399//#testresult/8e7c42ff4ea51319","status":"skipped","statusDetails":"XFAIL\n\nselenium.common.exceptions.NoSuchElementException: Message: no such element: Unable to locate element: {\"method\":\"xpath\",\"selector\":\"(//a[@class='add-to-cart yellow-btn'])[1]\"}\n  (Session info: chrome-headless-shell=127.0.6533.119); For documentation on this error, please visit: https://www.selenium.dev/documentation/webdriver/troubleshooting/errors#no-such-element-exception\nStacktrace:\n#0 0x55e9103be6ca <unknown>\n#1 0x55e91008f600 <unknown>\n#2 0x55e9100debcb <unknown>\n#3 0x55e9100deeb1 <unknown>\n#4 0x55e910122b24 <unknown>\n#5 0x55e9101018cd <unknown>\n#6 0x55e91012004a <unknown>\n#7 0x55e910101643 <unknown>\n#8 0x55e9100d1d31 <unknown>\n#9 0x55e9100d279e <unknown>\n#10 0x55e91038625b <unknown>\n#11 0x55e91038a1f2 <unknown>\n#12 0x55e910373615 <unknown>\n#13 0x55e91038ad82 <unknown>\n#14 0x55e91035825f <unknown>\n#15 0x55e9103ade68 <unknown>\n#16 0x55e9103ae040 <unknown>\n#17 0x55e9103bd49c <unknown>\n#18 0x7f9b78093134 <unknown>","time":{"start":1723597279086,"stop":1723597279403,"duration":317}},{"uid":"d1a29be79bb4c3cd","reportUrl":"https://Nat754.github.io/StroyremAutomation/398//#testresult/d1a29be79bb4c3cd","status":"skipped","statusDetails":"XFAIL\n\nselenium.common.exceptions.NoSuchElementException: Message: no such element: Unable to locate element: {\"method\":\"xpath\",\"selector\":\"(//a[@class='add-to-cart yellow-btn'])[1]\"}\n  (Session info: chrome-headless-shell=127.0.6533.99); For documentation on this error, please visit: https://www.selenium.dev/documentation/webdriver/troubleshooting/errors#no-such-element-exception\nStacktrace:\n#0 0x55b6b9cd06aa <unknown>\n#1 0x55b6b99a1600 <unknown>\n#2 0x55b6b99f0bcb <unknown>\n#3 0x55b6b99f0eb1 <unknown>\n#4 0x55b6b9a34b24 <unknown>\n#5 0x55b6b9a138cd <unknown>\n#6 0x55b6b9a3204a <unknown>\n#7 0x55b6b9a13643 <unknown>\n#8 0x55b6b99e3d31 <unknown>\n#9 0x55b6b99e479e <unknown>\n#10 0x55b6b9c9823b <unknown>\n#11 0x55b6b9c9c1d2 <unknown>\n#12 0x55b6b9c855f5 <unknown>\n#13 0x55b6b9c9cd62 <unknown>\n#14 0x55b6b9c6a23f <unknown>\n#15 0x55b6b9cbfe48 <unknown>\n#16 0x55b6b9cc0020 <unknown>\n#17 0x55b6b9ccf47c <unknown>\n#18 0x7f305b40c134 <unknown>","time":{"start":1723510978042,"stop":1723510978643,"duration":601}},{"uid":"67039e44014ba269","reportUrl":"https://Nat754.github.io/StroyremAutomation/397//#testresult/67039e44014ba269","status":"skipped","statusDetails":"XFAIL\n\nselenium.common.exceptions.NoSuchElementException: Message: no such element: Unable to locate element: {\"method\":\"xpath\",\"selector\":\"(//a[@class='add-to-cart yellow-btn'])[1]\"}\n  (Session info: chrome-headless-shell=127.0.6533.99); For documentation on this error, please visit: https://www.selenium.dev/documentation/webdriver/troubleshooting/errors#no-such-element-exception\nStacktrace:\n#0 0x5599a019f6aa <unknown>\n#1 0x55999fe70600 <unknown>\n#2 0x55999febfbcb <unknown>\n#3 0x55999febfeb1 <unknown>\n#4 0x55999ff03b24 <unknown>\n#5 0x55999fee28cd <unknown>\n#6 0x55999ff0104a <unknown>\n#7 0x55999fee2643 <unknown>\n#8 0x55999feb2d31 <unknown>\n#9 0x55999feb379e <unknown>\n#10 0x5599a016723b <unknown>\n#11 0x5599a016b1d2 <unknown>\n#12 0x5599a01545f5 <unknown>\n#13 0x5599a016bd62 <unknown>\n#14 0x5599a013923f <unknown>\n#15 0x5599a018ee48 <unknown>\n#16 0x5599a018f020 <unknown>\n#17 0x5599a019e47c <unknown>\n#18 0x7fe8dd0d8134 <unknown>","time":{"start":1723424607364,"stop":1723424607821,"duration":457}},{"uid":"b881dece9c6b5d93","reportUrl":"https://Nat754.github.io/StroyremAutomation/396//#testresult/b881dece9c6b5d93","status":"skipped","statusDetails":"XFAIL\n\nselenium.common.exceptions.NoSuchElementException: Message: no such element: Unable to locate element: {\"method\":\"xpath\",\"selector\":\"(//a[@class='add-to-cart yellow-btn'])[1]\"}\n  (Session info: chrome-headless-shell=127.0.6533.99); For documentation on this error, please visit: https://www.selenium.dev/documentation/webdriver/troubleshooting/errors#no-such-element-exception\nStacktrace:\n#0 0x556d167f46aa <unknown>\n#1 0x556d164c5600 <unknown>\n#2 0x556d16514bcb <unknown>\n#3 0x556d16514eb1 <unknown>\n#4 0x556d16558b24 <unknown>\n#5 0x556d165378cd <unknown>\n#6 0x556d1655604a <unknown>\n#7 0x556d16537643 <unknown>\n#8 0x556d16507d31 <unknown>\n#9 0x556d1650879e <unknown>\n#10 0x556d167bc23b <unknown>\n#11 0x556d167c01d2 <unknown>\n#12 0x556d167a95f5 <unknown>\n#13 0x556d167c0d62 <unknown>\n#14 0x556d1678e23f <unknown>\n#15 0x556d167e3e48 <unknown>\n#16 0x556d167e4020 <unknown>\n#17 0x556d167f347c <unknown>\n#18 0x7f5a36f90134 <unknown>","time":{"start":1723338411950,"stop":1723338412380,"duration":430}},{"uid":"5397dafbff5b8f07","reportUrl":"https://Nat754.github.io/StroyremAutomation/395//#testresult/5397dafbff5b8f07","status":"skipped","statusDetails":"XFAIL\n\nselenium.common.exceptions.NoSuchElementException: Message: no such element: Unable to locate element: {\"method\":\"xpath\",\"selector\":\"(//a[@class='add-to-cart yellow-btn'])[1]\"}\n  (Session info: chrome-headless-shell=127.0.6533.99); For documentation on this error, please visit: https://www.selenium.dev/documentation/webdriver/troubleshooting/errors#no-such-element-exception\nStacktrace:\n#0 0x5633fb7526aa <unknown>\n#1 0x5633fb423600 <unknown>\n#2 0x5633fb472bcb <unknown>\n#3 0x5633fb472eb1 <unknown>\n#4 0x5633fb4b6b24 <unknown>\n#5 0x5633fb4958cd <unknown>\n#6 0x5633fb4b404a <unknown>\n#7 0x5633fb495643 <unknown>\n#8 0x5633fb465d31 <unknown>\n#9 0x5633fb46679e <unknown>\n#10 0x5633fb71a23b <unknown>\n#11 0x5633fb71e1d2 <unknown>\n#12 0x5633fb7075f5 <unknown>\n#13 0x5633fb71ed62 <unknown>\n#14 0x5633fb6ec23f <unknown>\n#15 0x5633fb741e48 <unknown>\n#16 0x5633fb742020 <unknown>\n#17 0x5633fb75147c <unknown>\n#18 0x7fd9555d4134 <unknown>","time":{"start":1723251645367,"stop":1723251645846,"duration":479}},{"uid":"8162445991634cfa","reportUrl":"https://Nat754.github.io/StroyremAutomation/394//#testresult/8162445991634cfa","status":"skipped","statusDetails":"XFAIL\n\nselenium.common.exceptions.NoSuchElementException: Message: no such element: Unable to locate element: {\"method\":\"xpath\",\"selector\":\"(//a[@class='add-to-cart yellow-btn'])[1]\"}\n  (Session info: chrome-headless-shell=127.0.6533.99); For documentation on this error, please visit: https://www.selenium.dev/documentation/webdriver/troubleshooting/errors#no-such-element-exception\nStacktrace:\n#0 0x5571a0e516aa <unknown>\n#1 0x5571a0b22600 <unknown>\n#2 0x5571a0b71bcb <unknown>\n#3 0x5571a0b71eb1 <unknown>\n#4 0x5571a0bb5b24 <unknown>\n#5 0x5571a0b948cd <unknown>\n#6 0x5571a0bb304a <unknown>\n#7 0x5571a0b94643 <unknown>\n#8 0x5571a0b64d31 <unknown>\n#9 0x5571a0b6579e <unknown>\n#10 0x5571a0e1923b <unknown>\n#11 0x5571a0e1d1d2 <unknown>\n#12 0x5571a0e065f5 <unknown>\n#13 0x5571a0e1dd62 <unknown>\n#14 0x5571a0deb23f <unknown>\n#15 0x5571a0e40e48 <unknown>\n#16 0x5571a0e41020 <unknown>\n#17 0x5571a0e5047c <unknown>\n#18 0x7f4f114ea134 <unknown>","time":{"start":1723165311152,"stop":1723165311562,"duration":410}},{"uid":"783f603d5f56ff6c","reportUrl":"https://Nat754.github.io/StroyremAutomation/393//#testresult/783f603d5f56ff6c","status":"skipped","statusDetails":"XFAIL\n\nselenium.common.exceptions.NoSuchElementException: Message: no such element: Unable to locate element: {\"method\":\"xpath\",\"selector\":\"(//a[@class='add-to-cart yellow-btn'])[1]\"}\n  (Session info: chrome-headless-shell=127.0.6533.99); For documentation on this error, please visit: https://www.selenium.dev/documentation/webdriver/troubleshooting/errors#no-such-element-exception\nStacktrace:\n#0 0x5637d799c6aa <unknown>\n#1 0x5637d766d600 <unknown>\n#2 0x5637d76bcbcb <unknown>\n#3 0x5637d76bceb1 <unknown>\n#4 0x5637d7700b24 <unknown>\n#5 0x5637d76df8cd <unknown>\n#6 0x5637d76fe04a <unknown>\n#7 0x5637d76df643 <unknown>\n#8 0x5637d76afd31 <unknown>\n#9 0x5637d76b079e <unknown>\n#10 0x5637d796423b <unknown>\n#11 0x5637d79681d2 <unknown>\n#12 0x5637d79515f5 <unknown>\n#13 0x5637d7968d62 <unknown>\n#14 0x5637d793623f <unknown>\n#15 0x5637d798be48 <unknown>\n#16 0x5637d798c020 <unknown>\n#17 0x5637d799b47c <unknown>\n#18 0x7f6822300134 <unknown>","time":{"start":1723078884030,"stop":1723078884445,"duration":415}},{"uid":"6cad1c5c61531c05","reportUrl":"https://Nat754.github.io/StroyremAutomation/392//#testresult/6cad1c5c61531c05","status":"skipped","statusDetails":"XFAIL\n\nselenium.common.exceptions.NoSuchElementException: Message: no such element: Unable to locate element: {\"method\":\"xpath\",\"selector\":\"(//a[@class='add-to-cart yellow-btn'])[1]\"}\n  (Session info: chrome-headless-shell=127.0.6533.99); For documentation on this error, please visit: https://www.selenium.dev/documentation/webdriver/troubleshooting/errors#no-such-element-exception\nStacktrace:\n#0 0x55b196bdc6aa <unknown>\n#1 0x55b1968ad600 <unknown>\n#2 0x55b1968fcbcb <unknown>\n#3 0x55b1968fceb1 <unknown>\n#4 0x55b196940b24 <unknown>\n#5 0x55b19691f8cd <unknown>\n#6 0x55b19693e04a <unknown>\n#7 0x55b19691f643 <unknown>\n#8 0x55b1968efd31 <unknown>\n#9 0x55b1968f079e <unknown>\n#10 0x55b196ba423b <unknown>\n#11 0x55b196ba81d2 <unknown>\n#12 0x55b196b915f5 <unknown>\n#13 0x55b196ba8d62 <unknown>\n#14 0x55b196b7623f <unknown>\n#15 0x55b196bcbe48 <unknown>\n#16 0x55b196bcc020 <unknown>\n#17 0x55b196bdb47c <unknown>\n#18 0x7f9261abc134 <unknown>","time":{"start":1722992534565,"stop":1722992534892,"duration":327}}]},"tags":["@pytest.mark.xfail","smoke_test"]},"source":"de63708586710831.json","parameterValues":["2190","16","'TD 005'","1590","'products/shtukaturka-gipsovaya-aksolit-m50-30-kg-mashinnogo-naneseniya'","600","'https://sandboxtest.stroyrem-nn.ru/'","500"]}