{"uid":"e987dbaefdf129de","name":"TD 017 Доставка товара весом до 400кг. в синей зоне","fullName":"tests.delivery.test_delivery_calculation.TestDeliveryPageCalculation#test_positive_delivery_blue_zone_smoke","historyId":"81af0bc3e563f7b2736d18e07047a083","time":{"start":1694998510674,"stop":1694998511077,"duration":403},"status":"skipped","statusMessage":"XFAIL\n\nselenium.common.exceptions.NoSuchElementException: Message: no such element: Unable to locate element: {\"method\":\"xpath\",\"selector\":\"(//a[@class='add-to-cart yellow-btn'])[1]\"}\n  (Session info: headless chrome=117.0.5938.88); For documentation on this error, please visit: https://www.selenium.dev/documentation/webdriver/troubleshooting/errors#no-such-element-exception\nStacktrace:\n#0 0x55ec64c866c3 <unknown>\n#1 0x55ec6495c1e7 <unknown>\n#2 0x55ec649a3566 <unknown>\n#3 0x55ec649a3651 <unknown>\n#4 0x55ec649e0a74 <unknown>\n#5 0x55ec649c50ed <unknown>\n#6 0x55ec649de322 <unknown>\n#7 0x55ec649c4e93 <unknown>\n#8 0x55ec64997934 <unknown>\n#9 0x55ec6499871e <unknown>\n#10 0x55ec64c4bcc8 <unknown>\n#11 0x55ec64c4fc00 <unknown>\n#12 0x55ec64c5a1ac <unknown>\n#13 0x55ec64c50818 <unknown>\n#14 0x55ec64c1d28f <unknown>\n#15 0x55ec64c74e98 <unknown>\n#16 0x55ec64c75069 <unknown>\n#17 0x55ec64c85853 <unknown>\n#18 0x7fab4c3cd044 <unknown>","statusTrace":"self = <tests.delivery.test_delivery_calculation.TestDeliveryPageCalculation object at 0x7f0185c60850>\ndriver = <selenium.webdriver.chrome.webdriver.WebDriver (session=\"bca36f7d3a6b64de5ebae46b95e5e11a\")>\nurl = 'https://sandboxtest.stroyrem-nn.ru/', case_id = 'TD 017'\nlink_item = 'products/shtukaturka-gipsovaya-aksolit-m50-30-kg-mashinnogo-naneseniya'\namount = 13, weight = 400, standard = 650, in_time = 2390, all_time = 3320\n\n    @pytest.mark.parametrize('case_id, link_item, amount, weight, standard, in_time, all_time', [\n        (\"TD 015\", bundeks_25, 1, 30, 650, 2390, 3320),\n        pytest.param(\n            \"TD 016\", aksolit_30, 8, 300, 650, 2390, 3320,\n            marks=pytest.mark.xfail(reson=\"Цена доставки: - - -\")\n        ),\n        (\"TD 017\", aksolit_30, 13, 400, 650, 2390, 3320),\n        (\"TD 018\", aksolit_30, 16, 500, 850, 2490, 3320),\n        (\"TD 019\", aksolit_30, 25, 1700, 1150, 2490, 3320),\n        (\"TD 020\", aksolit_30, 66, 2000, 1500, 2990, 3650),\n        (\"TD 021\", aksolit_30, 149, 4500, 2600, 4380, 4890),\n        (\"TD 022\", aksolit_30, 166, 5000, 2800, 5490, 5980),\n        pytest.param(\n            \"TD 023\", aksolit_30, 206, 6200, 3300, 7500, 8000,\n            marks=pytest.mark.xfail(reson=\"Цена доставки: 4300 9900 11440\")\n        ),\n        (\"TD 024\", aksolit_30, 299, 9000, 4300, 9900, 11440),\n        (\"TD 025\", aksolit_30, 333, 10000, 7000, 13900, 15900),\n        pytest.param(\n            \"TD 026\", aksolit_30, 366, 11000, 8000, 14900, 19900,\n            marks=pytest.mark.xfail(reson=\"Цена доставки: 7000 13900 15900\")\n        ),\n        pytest.param(\n            \"TD 027\", aksolit_30, 666, 20000, 14000, 16900, 23900,\n            marks=pytest.mark.xfail(reson=\"Цена доставки: 7000 13900 15900\")\n        )\n    ])\n    @pytest.mark.xfail\n    @pytest.mark.smoke_test\n    def test_positive_delivery_blue_zone_smoke(\n            self, driver, url, case_id, link_item, amount, weight, standard, in_time, all_time\n    ):\n        allure.dynamic.title(f\"{case_id} Доставка товара весом до {weight}кг. в синей зоне\")\n    \n        driver.get(f'{url}{link_item}')\n        item_page = ItemPage(driver)\n>       item_page.add_item_to_cart(amount).click_on_cart()\n\ntests/delivery/test_delivery_calculation.py:132: \n_ _ _ _ _ _ _ _ _ _ _ _ _ _ _ _ _ _ _ _ _ _ _ _ _ _ _ _ _ _ _ _ _ _ _ _ _ _ _ _ \npages/item_page.py:40: in add_item_to_cart\n    self.find_element(self._add_item).click()\nbase/seleniumbase.py:17: in find_element\n    return self.driver.find_element(*locator)\n/usr/local/lib/python3.11/site-packages/selenium/webdriver/remote/webdriver.py:739: in find_element\n    return self.execute(Command.FIND_ELEMENT, {\"using\": by, \"value\": value})[\"value\"]\n/usr/local/lib/python3.11/site-packages/selenium/webdriver/remote/webdriver.py:345: in execute\n    self.error_handler.check_response(response)\n_ _ _ _ _ _ _ _ _ _ _ _ _ _ _ _ _ _ _ _ _ _ _ _ _ _ _ _ _ _ _ _ _ _ _ _ _ _ _ _ \n\nself = <selenium.webdriver.remote.errorhandler.ErrorHandler object at 0x7f01855ab150>\nresponse = {'status': 404, 'value': '{\"value\":{\"error\":\"no such element\",\"message\":\"no such element: Unable to locate element: {\\...\\\\n#16 0x55ec64c75069 \\\\u003Cunknown>\\\\n#17 0x55ec64c85853 \\\\u003Cunknown>\\\\n#18 0x7fab4c3cd044 \\\\u003Cunknown>\\\\n\"}}'}\n\n    def check_response(self, response: Dict[str, Any]) -> None:\n        \"\"\"Checks that a JSON response from the WebDriver does not have an\n        error.\n    \n        :Args:\n         - response - The JSON response from the WebDriver server as a dictionary\n           object.\n    \n        :Raises: If the response contains an error message.\n        \"\"\"\n        status = response.get(\"status\", None)\n        if not status or status == ErrorCode.SUCCESS:\n            return\n        value = None\n        message = response.get(\"message\", \"\")\n        screen: str = response.get(\"screen\", \"\")\n        stacktrace = None\n        if isinstance(status, int):\n            value_json = response.get(\"value\", None)\n            if value_json and isinstance(value_json, str):\n                import json\n    \n                try:\n                    value = json.loads(value_json)\n                    if len(value) == 1:\n                        value = value[\"value\"]\n                    status = value.get(\"error\", None)\n                    if not status:\n                        status = value.get(\"status\", ErrorCode.UNKNOWN_ERROR)\n                        message = value.get(\"value\") or value.get(\"message\")\n                        if not isinstance(message, str):\n                            value = message\n                            message = message.get(\"message\")\n                    else:\n                        message = value.get(\"message\", None)\n                except ValueError:\n                    pass\n    \n        exception_class: Type[WebDriverException]\n        e = ErrorCode()\n        error_codes = [item for item in dir(e) if not item.startswith(\"__\")]\n        for error_code in error_codes:\n            error_info = getattr(ErrorCode, error_code)\n            if isinstance(error_info, list) and status in error_info:\n                exception_class = getattr(ExceptionMapping, error_code, WebDriverException)\n                break\n        else:\n            exception_class = WebDriverException\n    \n        if not value:\n            value = response[\"value\"]\n        if isinstance(value, str):\n            raise exception_class(value)\n        if message == \"\" and \"message\" in value:\n            message = value[\"message\"]\n    \n        screen = None  # type: ignore[assignment]\n        if \"screen\" in value:\n            screen = value[\"screen\"]\n    \n        stacktrace = None\n        st_value = value.get(\"stackTrace\") or value.get(\"stacktrace\")\n        if st_value:\n            if isinstance(st_value, str):\n                stacktrace = st_value.split(\"\\n\")\n            else:\n                stacktrace = []\n                try:\n                    for frame in st_value:\n                        line = frame.get(\"lineNumber\", \"\")\n                        file = frame.get(\"fileName\", \"<anonymous>\")\n                        if line:\n                            file = f\"{file}:{line}\"\n                        meth = frame.get(\"methodName\", \"<anonymous>\")\n                        if \"className\" in frame:\n                            meth = f\"{frame['className']}.{meth}\"\n                        msg = \"    at %s (%s)\"\n                        msg = msg % (meth, file)\n                        stacktrace.append(msg)\n                except TypeError:\n                    pass\n        if exception_class == UnexpectedAlertPresentException:\n            alert_text = None\n            if \"data\" in value:\n                alert_text = value[\"data\"].get(\"text\")\n            elif \"alert\" in value:\n                alert_text = value[\"alert\"].get(\"text\")\n            raise exception_class(message, screen, stacktrace, alert_text)  # type: ignore[call-arg]  # mypy is not smart enough here\n>       raise exception_class(message, screen, stacktrace)\nE       selenium.common.exceptions.NoSuchElementException: Message: no such element: Unable to locate element: {\"method\":\"xpath\",\"selector\":\"(//a[@class='add-to-cart yellow-btn'])[1]\"}\nE         (Session info: headless chrome=117.0.5938.88); For documentation on this error, please visit: https://www.selenium.dev/documentation/webdriver/troubleshooting/errors#no-such-element-exception\nE       Stacktrace:\nE       #0 0x55ec64c866c3 <unknown>\nE       #1 0x55ec6495c1e7 <unknown>\nE       #2 0x55ec649a3566 <unknown>\nE       #3 0x55ec649a3651 <unknown>\nE       #4 0x55ec649e0a74 <unknown>\nE       #5 0x55ec649c50ed <unknown>\nE       #6 0x55ec649de322 <unknown>\nE       #7 0x55ec649c4e93 <unknown>\nE       #8 0x55ec64997934 <unknown>\nE       #9 0x55ec6499871e <unknown>\nE       #10 0x55ec64c4bcc8 <unknown>\nE       #11 0x55ec64c4fc00 <unknown>\nE       #12 0x55ec64c5a1ac <unknown>\nE       #13 0x55ec64c50818 <unknown>\nE       #14 0x55ec64c1d28f <unknown>\nE       #15 0x55ec64c74e98 <unknown>\nE       #16 0x55ec64c75069 <unknown>\nE       #17 0x55ec64c85853 <unknown>\nE       #18 0x7fab4c3cd044 <unknown>\n\n/usr/local/lib/python3.11/site-packages/selenium/webdriver/remote/errorhandler.py:229: NoSuchElementException","flaky":false,"newFailed":false,"newBroken":false,"newPassed":false,"retriesCount":0,"retriesStatusChange":false,"beforeStages":[{"name":"_session_faker","time":{"start":1694998045006,"stop":1694998045084,"duration":78},"status":"passed","steps":[],"attachments":[],"parameters":[],"shouldDisplayMessage":false,"stepsCount":0,"attachmentsCount":0,"hasContent":false},{"name":"clear_allure_results_folder","time":{"start":1694998045084,"stop":1694998045084,"duration":0},"status":"passed","steps":[],"attachments":[],"parameters":[],"shouldDisplayMessage":false,"stepsCount":0,"attachmentsCount":0,"hasContent":false},{"name":"driver","time":{"start":1694998509864,"stop":1694998510673,"duration":809},"status":"passed","steps":[],"attachments":[],"parameters":[],"shouldDisplayMessage":false,"stepsCount":0,"attachmentsCount":0,"hasContent":false},{"name":"setup","time":{"start":1694998510673,"stop":1694998510673,"duration":0},"status":"passed","steps":[],"attachments":[],"parameters":[],"shouldDisplayMessage":false,"stepsCount":0,"attachmentsCount":0,"hasContent":false}],"testStage":{"status":"skipped","statusMessage":"XFAIL\n\nselenium.common.exceptions.NoSuchElementException: Message: no such element: Unable to locate element: {\"method\":\"xpath\",\"selector\":\"(//a[@class='add-to-cart yellow-btn'])[1]\"}\n  (Session info: headless chrome=117.0.5938.88); For documentation on this error, please visit: https://www.selenium.dev/documentation/webdriver/troubleshooting/errors#no-such-element-exception\nStacktrace:\n#0 0x55ec64c866c3 <unknown>\n#1 0x55ec6495c1e7 <unknown>\n#2 0x55ec649a3566 <unknown>\n#3 0x55ec649a3651 <unknown>\n#4 0x55ec649e0a74 <unknown>\n#5 0x55ec649c50ed <unknown>\n#6 0x55ec649de322 <unknown>\n#7 0x55ec649c4e93 <unknown>\n#8 0x55ec64997934 <unknown>\n#9 0x55ec6499871e <unknown>\n#10 0x55ec64c4bcc8 <unknown>\n#11 0x55ec64c4fc00 <unknown>\n#12 0x55ec64c5a1ac <unknown>\n#13 0x55ec64c50818 <unknown>\n#14 0x55ec64c1d28f <unknown>\n#15 0x55ec64c74e98 <unknown>\n#16 0x55ec64c75069 <unknown>\n#17 0x55ec64c85853 <unknown>\n#18 0x7fab4c3cd044 <unknown>","statusTrace":"self = <tests.delivery.test_delivery_calculation.TestDeliveryPageCalculation object at 0x7f0185c60850>\ndriver = <selenium.webdriver.chrome.webdriver.WebDriver (session=\"bca36f7d3a6b64de5ebae46b95e5e11a\")>\nurl = 'https://sandboxtest.stroyrem-nn.ru/', case_id = 'TD 017'\nlink_item = 'products/shtukaturka-gipsovaya-aksolit-m50-30-kg-mashinnogo-naneseniya'\namount = 13, weight = 400, standard = 650, in_time = 2390, all_time = 3320\n\n    @pytest.mark.parametrize('case_id, link_item, amount, weight, standard, in_time, all_time', [\n        (\"TD 015\", bundeks_25, 1, 30, 650, 2390, 3320),\n        pytest.param(\n            \"TD 016\", aksolit_30, 8, 300, 650, 2390, 3320,\n            marks=pytest.mark.xfail(reson=\"Цена доставки: - - -\")\n        ),\n        (\"TD 017\", aksolit_30, 13, 400, 650, 2390, 3320),\n        (\"TD 018\", aksolit_30, 16, 500, 850, 2490, 3320),\n        (\"TD 019\", aksolit_30, 25, 1700, 1150, 2490, 3320),\n        (\"TD 020\", aksolit_30, 66, 2000, 1500, 2990, 3650),\n        (\"TD 021\", aksolit_30, 149, 4500, 2600, 4380, 4890),\n        (\"TD 022\", aksolit_30, 166, 5000, 2800, 5490, 5980),\n        pytest.param(\n            \"TD 023\", aksolit_30, 206, 6200, 3300, 7500, 8000,\n            marks=pytest.mark.xfail(reson=\"Цена доставки: 4300 9900 11440\")\n        ),\n        (\"TD 024\", aksolit_30, 299, 9000, 4300, 9900, 11440),\n        (\"TD 025\", aksolit_30, 333, 10000, 7000, 13900, 15900),\n        pytest.param(\n            \"TD 026\", aksolit_30, 366, 11000, 8000, 14900, 19900,\n            marks=pytest.mark.xfail(reson=\"Цена доставки: 7000 13900 15900\")\n        ),\n        pytest.param(\n            \"TD 027\", aksolit_30, 666, 20000, 14000, 16900, 23900,\n            marks=pytest.mark.xfail(reson=\"Цена доставки: 7000 13900 15900\")\n        )\n    ])\n    @pytest.mark.xfail\n    @pytest.mark.smoke_test\n    def test_positive_delivery_blue_zone_smoke(\n            self, driver, url, case_id, link_item, amount, weight, standard, in_time, all_time\n    ):\n        allure.dynamic.title(f\"{case_id} Доставка товара весом до {weight}кг. в синей зоне\")\n    \n        driver.get(f'{url}{link_item}')\n        item_page = ItemPage(driver)\n>       item_page.add_item_to_cart(amount).click_on_cart()\n\ntests/delivery/test_delivery_calculation.py:132: \n_ _ _ _ _ _ _ _ _ _ _ _ _ _ _ _ _ _ _ _ _ _ _ _ _ _ _ _ _ _ _ _ _ _ _ _ _ _ _ _ \npages/item_page.py:40: in add_item_to_cart\n    self.find_element(self._add_item).click()\nbase/seleniumbase.py:17: in find_element\n    return self.driver.find_element(*locator)\n/usr/local/lib/python3.11/site-packages/selenium/webdriver/remote/webdriver.py:739: in find_element\n    return self.execute(Command.FIND_ELEMENT, {\"using\": by, \"value\": value})[\"value\"]\n/usr/local/lib/python3.11/site-packages/selenium/webdriver/remote/webdriver.py:345: in execute\n    self.error_handler.check_response(response)\n_ _ _ _ _ _ _ _ _ _ _ _ _ _ _ _ _ _ _ _ _ _ _ _ _ _ _ _ _ _ _ _ _ _ _ _ _ _ _ _ \n\nself = <selenium.webdriver.remote.errorhandler.ErrorHandler object at 0x7f01855ab150>\nresponse = {'status': 404, 'value': '{\"value\":{\"error\":\"no such element\",\"message\":\"no such element: Unable to locate element: {\\...\\\\n#16 0x55ec64c75069 \\\\u003Cunknown>\\\\n#17 0x55ec64c85853 \\\\u003Cunknown>\\\\n#18 0x7fab4c3cd044 \\\\u003Cunknown>\\\\n\"}}'}\n\n    def check_response(self, response: Dict[str, Any]) -> None:\n        \"\"\"Checks that a JSON response from the WebDriver does not have an\n        error.\n    \n        :Args:\n         - response - The JSON response from the WebDriver server as a dictionary\n           object.\n    \n        :Raises: If the response contains an error message.\n        \"\"\"\n        status = response.get(\"status\", None)\n        if not status or status == ErrorCode.SUCCESS:\n            return\n        value = None\n        message = response.get(\"message\", \"\")\n        screen: str = response.get(\"screen\", \"\")\n        stacktrace = None\n        if isinstance(status, int):\n            value_json = response.get(\"value\", None)\n            if value_json and isinstance(value_json, str):\n                import json\n    \n                try:\n                    value = json.loads(value_json)\n                    if len(value) == 1:\n                        value = value[\"value\"]\n                    status = value.get(\"error\", None)\n                    if not status:\n                        status = value.get(\"status\", ErrorCode.UNKNOWN_ERROR)\n                        message = value.get(\"value\") or value.get(\"message\")\n                        if not isinstance(message, str):\n                            value = message\n                            message = message.get(\"message\")\n                    else:\n                        message = value.get(\"message\", None)\n                except ValueError:\n                    pass\n    \n        exception_class: Type[WebDriverException]\n        e = ErrorCode()\n        error_codes = [item for item in dir(e) if not item.startswith(\"__\")]\n        for error_code in error_codes:\n            error_info = getattr(ErrorCode, error_code)\n            if isinstance(error_info, list) and status in error_info:\n                exception_class = getattr(ExceptionMapping, error_code, WebDriverException)\n                break\n        else:\n            exception_class = WebDriverException\n    \n        if not value:\n            value = response[\"value\"]\n        if isinstance(value, str):\n            raise exception_class(value)\n        if message == \"\" and \"message\" in value:\n            message = value[\"message\"]\n    \n        screen = None  # type: ignore[assignment]\n        if \"screen\" in value:\n            screen = value[\"screen\"]\n    \n        stacktrace = None\n        st_value = value.get(\"stackTrace\") or value.get(\"stacktrace\")\n        if st_value:\n            if isinstance(st_value, str):\n                stacktrace = st_value.split(\"\\n\")\n            else:\n                stacktrace = []\n                try:\n                    for frame in st_value:\n                        line = frame.get(\"lineNumber\", \"\")\n                        file = frame.get(\"fileName\", \"<anonymous>\")\n                        if line:\n                            file = f\"{file}:{line}\"\n                        meth = frame.get(\"methodName\", \"<anonymous>\")\n                        if \"className\" in frame:\n                            meth = f\"{frame['className']}.{meth}\"\n                        msg = \"    at %s (%s)\"\n                        msg = msg % (meth, file)\n                        stacktrace.append(msg)\n                except TypeError:\n                    pass\n        if exception_class == UnexpectedAlertPresentException:\n            alert_text = None\n            if \"data\" in value:\n                alert_text = value[\"data\"].get(\"text\")\n            elif \"alert\" in value:\n                alert_text = value[\"alert\"].get(\"text\")\n            raise exception_class(message, screen, stacktrace, alert_text)  # type: ignore[call-arg]  # mypy is not smart enough here\n>       raise exception_class(message, screen, stacktrace)\nE       selenium.common.exceptions.NoSuchElementException: Message: no such element: Unable to locate element: {\"method\":\"xpath\",\"selector\":\"(//a[@class='add-to-cart yellow-btn'])[1]\"}\nE         (Session info: headless chrome=117.0.5938.88); For documentation on this error, please visit: https://www.selenium.dev/documentation/webdriver/troubleshooting/errors#no-such-element-exception\nE       Stacktrace:\nE       #0 0x55ec64c866c3 <unknown>\nE       #1 0x55ec6495c1e7 <unknown>\nE       #2 0x55ec649a3566 <unknown>\nE       #3 0x55ec649a3651 <unknown>\nE       #4 0x55ec649e0a74 <unknown>\nE       #5 0x55ec649c50ed <unknown>\nE       #6 0x55ec649de322 <unknown>\nE       #7 0x55ec649c4e93 <unknown>\nE       #8 0x55ec64997934 <unknown>\nE       #9 0x55ec6499871e <unknown>\nE       #10 0x55ec64c4bcc8 <unknown>\nE       #11 0x55ec64c4fc00 <unknown>\nE       #12 0x55ec64c5a1ac <unknown>\nE       #13 0x55ec64c50818 <unknown>\nE       #14 0x55ec64c1d28f <unknown>\nE       #15 0x55ec64c74e98 <unknown>\nE       #16 0x55ec64c75069 <unknown>\nE       #17 0x55ec64c85853 <unknown>\nE       #18 0x7fab4c3cd044 <unknown>\n\n/usr/local/lib/python3.11/site-packages/selenium/webdriver/remote/errorhandler.py:229: NoSuchElementException","steps":[{"name":"Добавляем товар в корзину в количестве 13","time":{"start":1694998511059,"stop":1694998511076,"duration":17},"status":"broken","statusMessage":"selenium.common.exceptions.NoSuchElementException: Message: no such element: Unable to locate element: {\"method\":\"xpath\",\"selector\":\"(//a[@class='add-to-cart yellow-btn'])[1]\"}\n  (Session info: headless chrome=117.0.5938.88); For documentation on this error, please visit: https://www.selenium.dev/documentation/webdriver/troubleshooting/errors#no-such-element-exception\nStacktrace:\n#0 0x55ec64c866c3 <unknown>\n#1 0x55ec6495c1e7 <unknown>\n#2 0x55ec649a3566 <unknown>\n#3 0x55ec649a3651 <unknown>\n#4 0x55ec649e0a74 <unknown>\n#5 0x55ec649c50ed <unknown>\n#6 0x55ec649de322 <unknown>\n#7 0x55ec649c4e93 <unknown>\n#8 0x55ec64997934 <unknown>\n#9 0x55ec6499871e <unknown>\n#10 0x55ec64c4bcc8 <unknown>\n#11 0x55ec64c4fc00 <unknown>\n#12 0x55ec64c5a1ac <unknown>\n#13 0x55ec64c50818 <unknown>\n#14 0x55ec64c1d28f <unknown>\n#15 0x55ec64c74e98 <unknown>\n#16 0x55ec64c75069 <unknown>\n#17 0x55ec64c85853 <unknown>\n#18 0x7fab4c3cd044 <unknown>\n\n","statusTrace":"  File \"/usr/local/lib/python3.11/site-packages/allure_commons/_allure.py\", line 192, in impl\n    return func(*a, **kw)\n           ^^^^^^^^^^^^^^\n  File \"/app/pages/item_page.py\", line 40, in add_item_to_cart\n    self.find_element(self._add_item).click()\n    ^^^^^^^^^^^^^^^^^^^^^^^^^^^^^^^^^\n  File \"/app/base/seleniumbase.py\", line 17, in find_element\n    return self.driver.find_element(*locator)\n           ^^^^^^^^^^^^^^^^^^^^^^^^^^^^^^^^^^\n  File \"/usr/local/lib/python3.11/site-packages/selenium/webdriver/remote/webdriver.py\", line 739, in find_element\n    return self.execute(Command.FIND_ELEMENT, {\"using\": by, \"value\": value})[\"value\"]\n           ^^^^^^^^^^^^^^^^^^^^^^^^^^^^^^^^^^^^^^^^^^^^^^^^^^^^^^^^^^^^^^^^^\n  File \"/usr/local/lib/python3.11/site-packages/selenium/webdriver/remote/webdriver.py\", line 345, in execute\n    self.error_handler.check_response(response)\n  File \"/usr/local/lib/python3.11/site-packages/selenium/webdriver/remote/errorhandler.py\", line 229, in check_response\n    raise exception_class(message, screen, stacktrace)\n","steps":[],"attachments":[],"parameters":[{"name":"amount","value":"13"}],"shouldDisplayMessage":true,"stepsCount":0,"attachmentsCount":0,"hasContent":true}],"attachments":[{"uid":"5b65801f8869ca5e","name":"Screenshot","source":"5b65801f8869ca5e.png","type":"image/png","size":39917},{"uid":"dad709ff87bf8ea6","name":"HTML source","source":"dad709ff87bf8ea6.html","type":"text/html","size":544}],"parameters":[],"shouldDisplayMessage":true,"stepsCount":1,"attachmentsCount":2,"hasContent":true},"afterStages":[{"name":"setup::0","time":{"start":1694998511193,"stop":1694998511193,"duration":0},"status":"passed","steps":[],"attachments":[],"parameters":[],"shouldDisplayMessage":false,"stepsCount":0,"attachmentsCount":0,"hasContent":false},{"name":"driver::0","time":{"start":1694998511193,"stop":1694998511249,"duration":56},"status":"passed","steps":[],"attachments":[],"parameters":[],"shouldDisplayMessage":false,"stepsCount":0,"attachmentsCount":0,"hasContent":false}],"labels":[{"name":"epic","value":"Delivery Page - calculation"},{"name":"tag","value":"smoke_test"},{"name":"tag","value":"@pytest.mark.xfail"},{"name":"parentSuite","value":"tests.delivery"},{"name":"suite","value":"test_delivery_calculation"},{"name":"subSuite","value":"TestDeliveryPageCalculation"},{"name":"host","value":"b332b941a8a7"},{"name":"thread","value":"1-MainThread"},{"name":"framework","value":"pytest"},{"name":"language","value":"cpython3"},{"name":"package","value":"tests.delivery.test_delivery_calculation"},{"name":"resultFormat","value":"allure2"}],"parameters":[{"name":"all_time","value":"3320"},{"name":"amount","value":"13"},{"name":"case_id","value":"'TD 017'"},{"name":"in_time","value":"2390"},{"name":"link_item","value":"'products/shtukaturka-gipsovaya-aksolit-m50-30-kg-mashinnogo-naneseniya'"},{"name":"standard","value":"650"},{"name":"url","value":"'https://sandboxtest.stroyrem-nn.ru/'"},{"name":"weight","value":"400"}],"links":[],"hidden":false,"retry":false,"extra":{"severity":"normal","retries":[],"categories":[],"history":{"statistic":{"failed":0,"broken":13,"skipped":22,"passed":0,"unknown":0,"total":35},"items":[{"uid":"be1ea38be54480f1","reportUrl":"https://Nat754.github.io/StroyremAutomation/65//#testresult/be1ea38be54480f1","status":"skipped","statusDetails":"XFAIL\n\nselenium.common.exceptions.NoSuchElementException: Message: no such element: Unable to locate element: {\"method\":\"xpath\",\"selector\":\"(//a[@class='add-to-cart yellow-btn'])[1]\"}\n  (Session info: headless chrome=117.0.5938.88); For documentation on this error, please visit: https://www.selenium.dev/documentation/webdriver/troubleshooting/errors#no-such-element-exception\nStacktrace:\n#0 0x561a335166c3 <unknown>\n#1 0x561a331ec1e7 <unknown>\n#2 0x561a33233566 <unknown>\n#3 0x561a33233651 <unknown>\n#4 0x561a33270a74 <unknown>\n#5 0x561a332550ed <unknown>\n#6 0x561a3326e322 <unknown>\n#7 0x561a33254e93 <unknown>\n#8 0x561a33227934 <unknown>\n#9 0x561a3322871e <unknown>\n#10 0x561a334dbcc8 <unknown>\n#11 0x561a334dfc00 <unknown>\n#12 0x561a334ea1ac <unknown>\n#13 0x561a334e0818 <unknown>\n#14 0x561a334ad28f <unknown>\n#15 0x561a33504e98 <unknown>\n#16 0x561a33505069 <unknown>\n#17 0x561a33515853 <unknown>\n#18 0x7fadf7a13044 <unknown>","time":{"start":1694929460160,"stop":1694929460743,"duration":583}},{"uid":"fff4c07d76f055f9","reportUrl":"https://Nat754.github.io/StroyremAutomation/65//#testresult/fff4c07d76f055f9","status":"skipped","statusDetails":"XFAIL\n\nselenium.common.exceptions.NoSuchElementException: Message: no such element: Unable to locate element: {\"method\":\"xpath\",\"selector\":\"(//a[@class='add-to-cart yellow-btn'])[1]\"}\n  (Session info: headless chrome=117.0.5938.88); For documentation on this error, please visit: https://www.selenium.dev/documentation/webdriver/troubleshooting/errors#no-such-element-exception\nStacktrace:\n#0 0x55d70ef876c3 <unknown>\n#1 0x55d70ec5d1e7 <unknown>\n#2 0x55d70eca4566 <unknown>\n#3 0x55d70eca4651 <unknown>\n#4 0x55d70ece1a74 <unknown>\n#5 0x55d70ecc60ed <unknown>\n#6 0x55d70ecdf322 <unknown>\n#7 0x55d70ecc5e93 <unknown>\n#8 0x55d70ec98934 <unknown>\n#9 0x55d70ec9971e <unknown>\n#10 0x55d70ef4ccc8 <unknown>\n#11 0x55d70ef50c00 <unknown>\n#12 0x55d70ef5b1ac <unknown>\n#13 0x55d70ef51818 <unknown>\n#14 0x55d70ef1e28f <unknown>\n#15 0x55d70ef75e98 <unknown>\n#16 0x55d70ef76069 <unknown>\n#17 0x55d70ef86853 <unknown>\n#18 0x7feb36d6d044 <unknown>","time":{"start":1694912358256,"stop":1694912358796,"duration":540}},{"uid":"cd9e26f86a565500","reportUrl":"https://Nat754.github.io/StroyremAutomation/64//#testresult/cd9e26f86a565500","status":"skipped","statusDetails":"XFAIL\n\nselenium.common.exceptions.NoSuchElementException: Message: no such element: Unable to locate element: {\"method\":\"xpath\",\"selector\":\"(//a[@class='add-to-cart yellow-btn'])[1]\"}\n  (Session info: headless chrome=117.0.5938.88); For documentation on this error, please visit: https://www.selenium.dev/documentation/webdriver/troubleshooting/errors#no-such-element-exception\nStacktrace:\n#0 0x5599259bd6c3 <unknown>\n#1 0x5599256931e7 <unknown>\n#2 0x5599256da566 <unknown>\n#3 0x5599256da651 <unknown>\n#4 0x559925717a74 <unknown>\n#5 0x5599256fc0ed <unknown>\n#6 0x559925715322 <unknown>\n#7 0x5599256fbe93 <unknown>\n#8 0x5599256ce934 <unknown>\n#9 0x5599256cf71e <unknown>\n#10 0x559925982cc8 <unknown>\n#11 0x559925986c00 <unknown>\n#12 0x5599259911ac <unknown>\n#13 0x559925987818 <unknown>\n#14 0x55992595428f <unknown>\n#15 0x5599259abe98 <unknown>\n#16 0x5599259ac069 <unknown>\n#17 0x5599259bc853 <unknown>\n#18 0x7f7c5bb17044 <unknown>","time":{"start":1694825659511,"stop":1694825660078,"duration":567}},{"uid":"9e943c7a00ff829c","reportUrl":"https://Nat754.github.io/StroyremAutomation/63//#testresult/9e943c7a00ff829c","status":"skipped","statusDetails":"XFAIL\n\nselenium.common.exceptions.NoSuchElementException: Message: no such element: Unable to locate element: {\"method\":\"xpath\",\"selector\":\"(//a[@class='add-to-cart yellow-btn'])[1]\"}\n  (Session info: headless chrome=117.0.5938.62); For documentation on this error, please visit: https://www.selenium.dev/documentation/webdriver/troubleshooting/errors#no-such-element-exception\nStacktrace:\n#0 0x55f198445693 <unknown>\n#1 0x55f19811b1e7 <unknown>\n#2 0x55f198162566 <unknown>\n#3 0x55f198162651 <unknown>\n#4 0x55f19819fa74 <unknown>\n#5 0x55f1981840ed <unknown>\n#6 0x55f19819d322 <unknown>\n#7 0x55f198183e93 <unknown>\n#8 0x55f198156934 <unknown>\n#9 0x55f19815771e <unknown>\n#10 0x55f19840ac98 <unknown>\n#11 0x55f19840ebd0 <unknown>\n#12 0x55f19841917c <unknown>\n#13 0x55f19840f7e8 <unknown>\n#14 0x55f1983dc25f <unknown>\n#15 0x55f198433e68 <unknown>\n#16 0x55f198434039 <unknown>\n#17 0x55f198444823 <unknown>\n#18 0x7fb4a2fbb044 <unknown>","time":{"start":1694739403559,"stop":1694739404120,"duration":561}},{"uid":"a3e34350737e0489","reportUrl":"https://Nat754.github.io/StroyremAutomation/62//#testresult/a3e34350737e0489","status":"skipped","statusDetails":"XFAIL\n\nselenium.common.exceptions.NoSuchElementException: Message: no such element: Unable to locate element: {\"method\":\"xpath\",\"selector\":\"(//a[@class='add-to-cart yellow-btn'])[1]\"}\n  (Session info: headless chrome=117.0.5938.62); For documentation on this error, please visit: https://www.selenium.dev/documentation/webdriver/troubleshooting/errors#no-such-element-exception\nStacktrace:\n#0 0x55e746399693 <unknown>\n#1 0x55e74606f1e7 <unknown>\n#2 0x55e7460b6566 <unknown>\n#3 0x55e7460b6651 <unknown>\n#4 0x55e7460f3a74 <unknown>\n#5 0x55e7460d80ed <unknown>\n#6 0x55e7460f1322 <unknown>\n#7 0x55e7460d7e93 <unknown>\n#8 0x55e7460aa934 <unknown>\n#9 0x55e7460ab71e <unknown>\n#10 0x55e74635ec98 <unknown>\n#11 0x55e746362bd0 <unknown>\n#12 0x55e74636d17c <unknown>\n#13 0x55e7463637e8 <unknown>\n#14 0x55e74633025f <unknown>\n#15 0x55e746387e68 <unknown>\n#16 0x55e746388039 <unknown>\n#17 0x55e746398823 <unknown>\n#18 0x7fbb2bf4b044 <unknown>","time":{"start":1694652943769,"stop":1694652944338,"duration":569}},{"uid":"b80d2e0995cfe0b3","reportUrl":"https://Nat754.github.io/StroyremAutomation/61//#testresult/b80d2e0995cfe0b3","status":"skipped","statusDetails":"XFAIL\n\nselenium.common.exceptions.NoSuchElementException: Message: no such element: Unable to locate element: {\"method\":\"xpath\",\"selector\":\"(//a[@class='add-to-cart yellow-btn'])[1]\"}\n  (Session info: headless chrome=117.0.5938.62); For documentation on this error, please visit: https://www.selenium.dev/documentation/webdriver/troubleshooting/errors#no-such-element-exception\nStacktrace:\n#0 0x55f1c5ec5693 <unknown>\n#1 0x55f1c5b9b1e7 <unknown>\n#2 0x55f1c5be2566 <unknown>\n#3 0x55f1c5be2651 <unknown>\n#4 0x55f1c5c1fa74 <unknown>\n#5 0x55f1c5c040ed <unknown>\n#6 0x55f1c5c1d322 <unknown>\n#7 0x55f1c5c03e93 <unknown>\n#8 0x55f1c5bd6934 <unknown>\n#9 0x55f1c5bd771e <unknown>\n#10 0x55f1c5e8ac98 <unknown>\n#11 0x55f1c5e8ebd0 <unknown>\n#12 0x55f1c5e9917c <unknown>\n#13 0x55f1c5e8f7e8 <unknown>\n#14 0x55f1c5e5c25f <unknown>\n#15 0x55f1c5eb3e68 <unknown>\n#16 0x55f1c5eb4039 <unknown>\n#17 0x55f1c5ec4823 <unknown>\n#18 0x7f9f8c091044 <unknown>","time":{"start":1694637919543,"stop":1694637920211,"duration":668}},{"uid":"598960a246cb6150","reportUrl":"https://Nat754.github.io/StroyremAutomation/61//#testresult/598960a246cb6150","status":"skipped","statusDetails":"XFAIL\n\nselenium.common.exceptions.NoSuchElementException: Message: no such element: Unable to locate element: {\"method\":\"xpath\",\"selector\":\"(//a[@class='add-to-cart yellow-btn'])[1]\"}\n  (Session info: headless chrome=117.0.5938.62); For documentation on this error, please visit: https://www.selenium.dev/documentation/webdriver/troubleshooting/errors#no-such-element-exception\nStacktrace:\n#0 0x55e6092a0693 <unknown>\n#1 0x55e608f761e7 <unknown>\n#2 0x55e608fbd566 <unknown>\n#3 0x55e608fbd651 <unknown>\n#4 0x55e608ffaa74 <unknown>\n#5 0x55e608fdf0ed <unknown>\n#6 0x55e608ff8322 <unknown>\n#7 0x55e608fdee93 <unknown>\n#8 0x55e608fb1934 <unknown>\n#9 0x55e608fb271e <unknown>\n#10 0x55e609265c98 <unknown>\n#11 0x55e609269bd0 <unknown>\n#12 0x55e60927417c <unknown>\n#13 0x55e60926a7e8 <unknown>\n#14 0x55e60923725f <unknown>\n#15 0x55e60928ee68 <unknown>\n#16 0x55e60928f039 <unknown>\n#17 0x55e60929f823 <unknown>\n#18 0x7fb30d822044 <unknown>","time":{"start":1694580705033,"stop":1694580705688,"duration":655}},{"uid":"91a1ea78f4e16887","reportUrl":"https://Nat754.github.io/StroyremAutomation/61//#testresult/91a1ea78f4e16887","status":"skipped","statusDetails":"XFAIL\n\nselenium.common.exceptions.NoSuchElementException: Message: no such element: Unable to locate element: {\"method\":\"xpath\",\"selector\":\"(//a[@class='add-to-cart yellow-btn'])[1]\"}\n  (Session info: headless chrome=117.0.5938.62); For documentation on this error, please visit: https://www.selenium.dev/documentation/webdriver/troubleshooting/errors#no-such-element-exception\nStacktrace:\n#0 0x55660c30b693 <unknown>\n#1 0x55660bfe11e7 <unknown>\n#2 0x55660c028566 <unknown>\n#3 0x55660c028651 <unknown>\n#4 0x55660c065a74 <unknown>\n#5 0x55660c04a0ed <unknown>\n#6 0x55660c063322 <unknown>\n#7 0x55660c049e93 <unknown>\n#8 0x55660c01c934 <unknown>\n#9 0x55660c01d71e <unknown>\n#10 0x55660c2d0c98 <unknown>\n#11 0x55660c2d4bd0 <unknown>\n#12 0x55660c2df17c <unknown>\n#13 0x55660c2d57e8 <unknown>\n#14 0x55660c2a225f <unknown>\n#15 0x55660c2f9e68 <unknown>\n#16 0x55660c2fa039 <unknown>\n#17 0x55660c30a823 <unknown>\n#18 0x7f550f223044 <unknown>","time":{"start":1694566607123,"stop":1694566607732,"duration":609}},{"uid":"daf4f28419b3a6aa","reportUrl":"https://Nat754.github.io/StroyremAutomation/60//#testresult/daf4f28419b3a6aa","status":"skipped","statusDetails":"XFAIL\n\nselenium.common.exceptions.NoSuchElementException: Message: no such element: Unable to locate element: {\"method\":\"xpath\",\"selector\":\"(//a[@class='add-to-cart yellow-btn'])[1]\"}\n  (Session info: headless chrome=116.0.5845.96); For documentation on this error, please visit: https://www.selenium.dev/documentation/webdriver/troubleshooting/errors#no-such-element-exception\nStacktrace:\n#0 0x55fe82846e23 <unknown>\n#1 0x55fe8256f7a7 <unknown>\n#2 0x55fe825ae1d3 <unknown>\n#3 0x55fe825ae2c1 <unknown>\n#4 0x55fe825e9a04 <unknown>\n#5 0x55fe825cf03d <unknown>\n#6 0x55fe825e7369 <unknown>\n#7 0x55fe825cede3 <unknown>\n#8 0x55fe825a2a7b <unknown>\n#9 0x55fe825a381e <unknown>\n#10 0x55fe82808638 <unknown>\n#11 0x55fe8280c507 <unknown>\n#12 0x55fe82816c4c <unknown>\n#13 0x55fe8280d136 <unknown>\n#14 0x55fe827db9cf <unknown>\n#15 0x55fe82830b98 <unknown>\n#16 0x55fe82830d68 <unknown>\n#17 0x55fe8283fcb3 <unknown>\n#18 0x7f8c635d4044 <unknown>","time":{"start":1694504692019,"stop":1694504692721,"duration":702}},{"uid":"c35d7e8b8779bee","reportUrl":"https://Nat754.github.io/StroyremAutomation/60//#testresult/c35d7e8b8779bee","status":"skipped","statusDetails":"XFAIL\n\nselenium.common.exceptions.NoSuchElementException: Message: no such element: Unable to locate element: {\"method\":\"xpath\",\"selector\":\"(//a[@class='add-to-cart yellow-btn'])[1]\"}\n  (Session info: headless chrome=116.0.5845.96); For documentation on this error, please visit: https://www.selenium.dev/documentation/webdriver/troubleshooting/errors#no-such-element-exception\nStacktrace:\n#0 0x558d7ab54e23 <unknown>\n#1 0x558d7a87d7a7 <unknown>\n#2 0x558d7a8bc1d3 <unknown>\n#3 0x558d7a8bc2c1 <unknown>\n#4 0x558d7a8f7a04 <unknown>\n#5 0x558d7a8dd03d <unknown>\n#6 0x558d7a8f5369 <unknown>\n#7 0x558d7a8dcde3 <unknown>\n#8 0x558d7a8b0a7b <unknown>\n#9 0x558d7a8b181e <unknown>\n#10 0x558d7ab16638 <unknown>\n#11 0x558d7ab1a507 <unknown>\n#12 0x558d7ab24c4c <unknown>\n#13 0x558d7ab1b136 <unknown>\n#14 0x558d7aae99cf <unknown>\n#15 0x558d7ab3eb98 <unknown>\n#16 0x558d7ab3ed68 <unknown>\n#17 0x558d7ab4dcb3 <unknown>\n#18 0x7f3e18417044 <unknown>","time":{"start":1694480222160,"stop":1694480222850,"duration":690}},{"uid":"29750d20d0391e9b","reportUrl":"https://Nat754.github.io/StroyremAutomation/59//#testresult/29750d20d0391e9b","status":"skipped","statusDetails":"XFAIL\n\nselenium.common.exceptions.NoSuchElementException: Message: no such element: Unable to locate element: {\"method\":\"xpath\",\"selector\":\"(//a[@class='add-to-cart yellow-btn'])[1]\"}\n  (Session info: headless chrome=116.0.5845.96); For documentation on this error, please visit: https://www.selenium.dev/documentation/webdriver/troubleshooting/errors#no-such-element-exception\nStacktrace:\n#0 0x55f56b609e23 <unknown>\n#1 0x55f56b3327a7 <unknown>\n#2 0x55f56b3711d3 <unknown>\n#3 0x55f56b3712c1 <unknown>\n#4 0x55f56b3aca04 <unknown>\n#5 0x55f56b39203d <unknown>\n#6 0x55f56b3aa369 <unknown>\n#7 0x55f56b391de3 <unknown>\n#8 0x55f56b365a7b <unknown>\n#9 0x55f56b36681e <unknown>\n#10 0x55f56b5cb638 <unknown>\n#11 0x55f56b5cf507 <unknown>\n#12 0x55f56b5d9c4c <unknown>\n#13 0x55f56b5d0136 <unknown>\n#14 0x55f56b59e9cf <unknown>\n#15 0x55f56b5f3b98 <unknown>\n#16 0x55f56b5f3d68 <unknown>\n#17 0x55f56b602cb3 <unknown>\n#18 0x7fb416358044 <unknown>","time":{"start":1694433845656,"stop":1694433846116,"duration":460}},{"uid":"7f1c7705c48f4057","reportUrl":"https://Nat754.github.io/StroyremAutomation/57//#testresult/7f1c7705c48f4057","status":"skipped","statusDetails":"XFAIL\n\nselenium.common.exceptions.NoSuchElementException: Message: no such element: Unable to locate element: {\"method\":\"xpath\",\"selector\":\"(//a[@class='add-to-cart yellow-btn'])[1]\"}\n  (Session info: headless chrome=116.0.5845.96); For documentation on this error, please visit: https://www.selenium.dev/documentation/webdriver/troubleshooting/errors#no-such-element-exception\nStacktrace:\n#0 0x559e64dd4e23 <unknown>\n#1 0x559e64afd7a7 <unknown>\n#2 0x559e64b3c1d3 <unknown>\n#3 0x559e64b3c2c1 <unknown>\n#4 0x559e64b77a04 <unknown>\n#5 0x559e64b5d03d <unknown>\n#6 0x559e64b75369 <unknown>\n#7 0x559e64b5cde3 <unknown>\n#8 0x559e64b30a7b <unknown>\n#9 0x559e64b3181e <unknown>\n#10 0x559e64d96638 <unknown>\n#11 0x559e64d9a507 <unknown>\n#12 0x559e64da4c4c <unknown>\n#13 0x559e64d9b136 <unknown>\n#14 0x559e64d699cf <unknown>\n#15 0x559e64dbeb98 <unknown>\n#16 0x559e64dbed68 <unknown>\n#17 0x559e64dcdcb3 <unknown>\n#18 0x7fb7e211c044 <unknown>","time":{"start":1694431073828,"stop":1694431074378,"duration":550}},{"uid":"aa21228dafe90548","reportUrl":"https://Nat754.github.io/StroyremAutomation/58//#testresult/aa21228dafe90548","status":"skipped","statusDetails":"XFAIL\n\nselenium.common.exceptions.NoSuchElementException: Message: no such element: Unable to locate element: {\"method\":\"xpath\",\"selector\":\"(//a[@class='add-to-cart yellow-btn'])[1]\"}\n  (Session info: headless chrome=116.0.5845.96); For documentation on this error, please visit: https://www.selenium.dev/documentation/webdriver/troubleshooting/errors#no-such-element-exception\nStacktrace:\n#0 0x56316d10be23 <unknown>\n#1 0x56316ce347a7 <unknown>\n#2 0x56316ce731d3 <unknown>\n#3 0x56316ce732c1 <unknown>\n#4 0x56316ceaea04 <unknown>\n#5 0x56316ce9403d <unknown>\n#6 0x56316ceac369 <unknown>\n#7 0x56316ce93de3 <unknown>\n#8 0x56316ce67a7b <unknown>\n#9 0x56316ce6881e <unknown>\n#10 0x56316d0cd638 <unknown>\n#11 0x56316d0d1507 <unknown>\n#12 0x56316d0dbc4c <unknown>\n#13 0x56316d0d2136 <unknown>\n#14 0x56316d0a09cf <unknown>\n#15 0x56316d0f5b98 <unknown>\n#16 0x56316d0f5d68 <unknown>\n#17 0x56316d104cb3 <unknown>\n#18 0x7fa948d9f044 <unknown>","time":{"start":1694430998352,"stop":1694430998888,"duration":536}},{"uid":"10ce71ba688c9287","reportUrl":"https://Nat754.github.io/StroyremAutomation/56//#testresult/10ce71ba688c9287","status":"skipped","statusDetails":"XFAIL\n\nselenium.common.exceptions.NoSuchElementException: Message: no such element: Unable to locate element: {\"method\":\"xpath\",\"selector\":\"(//a[@class='add-to-cart yellow-btn'])[1]\"}\n  (Session info: headless chrome=116.0.5845.96); For documentation on this error, please visit: https://www.selenium.dev/documentation/webdriver/troubleshooting/errors#no-such-element-exception\nStacktrace:\n#0 0x5606fb404e23 <unknown>\n#1 0x5606fb12d7a7 <unknown>\n#2 0x5606fb16c1d3 <unknown>\n#3 0x5606fb16c2c1 <unknown>\n#4 0x5606fb1a7a04 <unknown>\n#5 0x5606fb18d03d <unknown>\n#6 0x5606fb1a5369 <unknown>\n#7 0x5606fb18cde3 <unknown>\n#8 0x5606fb160a7b <unknown>\n#9 0x5606fb16181e <unknown>\n#10 0x5606fb3c6638 <unknown>\n#11 0x5606fb3ca507 <unknown>\n#12 0x5606fb3d4c4c <unknown>\n#13 0x5606fb3cb136 <unknown>\n#14 0x5606fb3999cf <unknown>\n#15 0x5606fb3eeb98 <unknown>\n#16 0x5606fb3eed68 <unknown>\n#17 0x5606fb3fdcb3 <unknown>\n#18 0x7fd00e79a044 <unknown>","time":{"start":1694429614357,"stop":1694429614926,"duration":569}},{"uid":"bbfb50c984711d3d","reportUrl":"https://Nat754.github.io/StroyremAutomation/56//#testresult/bbfb50c984711d3d","status":"skipped","statusDetails":"XFAIL\n\nselenium.common.exceptions.NoSuchElementException: Message: no such element: Unable to locate element: {\"method\":\"xpath\",\"selector\":\"(//a[@class='add-to-cart yellow-btn'])[1]\"}\n  (Session info: headless chrome=116.0.5845.96); For documentation on this error, please visit: https://www.selenium.dev/documentation/webdriver/troubleshooting/errors#no-such-element-exception\nStacktrace:\n#0 0x55ab49e3ce23 <unknown>\n#1 0x55ab49b657a7 <unknown>\n#2 0x55ab49ba41d3 <unknown>\n#3 0x55ab49ba42c1 <unknown>\n#4 0x55ab49bdfa04 <unknown>\n#5 0x55ab49bc503d <unknown>\n#6 0x55ab49bdd369 <unknown>\n#7 0x55ab49bc4de3 <unknown>\n#8 0x55ab49b98a7b <unknown>\n#9 0x55ab49b9981e <unknown>\n#10 0x55ab49dfe638 <unknown>\n#11 0x55ab49e02507 <unknown>\n#12 0x55ab49e0cc4c <unknown>\n#13 0x55ab49e03136 <unknown>\n#14 0x55ab49dd19cf <unknown>\n#15 0x55ab49e26b98 <unknown>\n#16 0x55ab49e26d68 <unknown>\n#17 0x55ab49e35cb3 <unknown>\n#18 0x7fa8e781a044 <unknown>","time":{"start":1694393730484,"stop":1694393731042,"duration":558}},{"uid":"d4655d4074ce1393","reportUrl":"https://Nat754.github.io/StroyremAutomation/55//#testresult/d4655d4074ce1393","status":"skipped","statusDetails":"XFAIL\n\nselenium.common.exceptions.NoSuchElementException: Message: no such element: Unable to locate element: {\"method\":\"xpath\",\"selector\":\"(//a[@class='add-to-cart yellow-btn'])[1]\"}\n  (Session info: headless chrome=116.0.5845.96); For documentation on this error, please visit: https://www.selenium.dev/documentation/webdriver/troubleshooting/errors#no-such-element-exception\nStacktrace:\n#0 0x55793278de23 <unknown>\n#1 0x5579324b67a7 <unknown>\n#2 0x5579324f51d3 <unknown>\n#3 0x5579324f52c1 <unknown>\n#4 0x557932530a04 <unknown>\n#5 0x55793251603d <unknown>\n#6 0x55793252e369 <unknown>\n#7 0x557932515de3 <unknown>\n#8 0x5579324e9a7b <unknown>\n#9 0x5579324ea81e <unknown>\n#10 0x55793274f638 <unknown>\n#11 0x557932753507 <unknown>\n#12 0x55793275dc4c <unknown>\n#13 0x557932754136 <unknown>\n#14 0x5579327229cf <unknown>\n#15 0x557932777b98 <unknown>\n#16 0x557932777d68 <unknown>\n#17 0x557932786cb3 <unknown>\n#18 0x7fe380f9a044 <unknown>","time":{"start":1694380847187,"stop":1694380847749,"duration":562}},{"uid":"fe1413fc3ed7b6dd","reportUrl":"https://Nat754.github.io/StroyremAutomation/55//#testresult/fe1413fc3ed7b6dd","status":"skipped","statusDetails":"XFAIL\n\nselenium.common.exceptions.NoSuchElementException: Message: no such element: Unable to locate element: {\"method\":\"xpath\",\"selector\":\"(//a[@class='add-to-cart yellow-btn'])[1]\"}\n  (Session info: headless chrome=116.0.5845.96); For documentation on this error, please visit: https://www.selenium.dev/documentation/webdriver/troubleshooting/errors#no-such-element-exception\nStacktrace:\n#0 0x55a5347ffe23 <unknown>\n#1 0x55a5345287a7 <unknown>\n#2 0x55a5345671d3 <unknown>\n#3 0x55a5345672c1 <unknown>\n#4 0x55a5345a2a04 <unknown>\n#5 0x55a53458803d <unknown>\n#6 0x55a5345a0369 <unknown>\n#7 0x55a534587de3 <unknown>\n#8 0x55a53455ba7b <unknown>\n#9 0x55a53455c81e <unknown>\n#10 0x55a5347c1638 <unknown>\n#11 0x55a5347c5507 <unknown>\n#12 0x55a5347cfc4c <unknown>\n#13 0x55a5347c6136 <unknown>\n#14 0x55a5347949cf <unknown>\n#15 0x55a5347e9b98 <unknown>\n#16 0x55a5347e9d68 <unknown>\n#17 0x55a5347f8cb3 <unknown>\n#18 0x7f27fd063044 <unknown>","time":{"start":1694307512037,"stop":1694307512620,"duration":583}},{"uid":"6686487a2eee16cf","reportUrl":"https://Nat754.github.io/StroyremAutomation/54//#testresult/6686487a2eee16cf","status":"skipped","statusDetails":"XFAIL\n\nselenium.common.exceptions.NoSuchElementException: Message: no such element: Unable to locate element: {\"method\":\"xpath\",\"selector\":\"(//a[@class='add-to-cart yellow-btn'])[1]\"}\n  (Session info: headless chrome=116.0.5845.96); For documentation on this error, please visit: https://www.selenium.dev/documentation/webdriver/troubleshooting/errors#no-such-element-exception\nStacktrace:\n#0 0x562feacdee23 <unknown>\n#1 0x562feaa077a7 <unknown>\n#2 0x562feaa461d3 <unknown>\n#3 0x562feaa462c1 <unknown>\n#4 0x562feaa81a04 <unknown>\n#5 0x562feaa6703d <unknown>\n#6 0x562feaa7f369 <unknown>\n#7 0x562feaa66de3 <unknown>\n#8 0x562feaa3aa7b <unknown>\n#9 0x562feaa3b81e <unknown>\n#10 0x562feaca0638 <unknown>\n#11 0x562feaca4507 <unknown>\n#12 0x562feacaec4c <unknown>\n#13 0x562feaca5136 <unknown>\n#14 0x562feac739cf <unknown>\n#15 0x562feacc8b98 <unknown>\n#16 0x562feacc8d68 <unknown>\n#17 0x562feacd7cb3 <unknown>\n#18 0x7fce00e51044 <unknown>","time":{"start":1694286801653,"stop":1694286802228,"duration":575}},{"uid":"f4a2b6d09dd7c033","reportUrl":"https://Nat754.github.io/StroyremAutomation/54//#testresult/f4a2b6d09dd7c033","status":"skipped","statusDetails":"XFAIL\n\nselenium.common.exceptions.NoSuchElementException: Message: no such element: Unable to locate element: {\"method\":\"xpath\",\"selector\":\"(//a[@class='add-to-cart yellow-btn'])[1]\"}\n  (Session info: headless chrome=116.0.5845.96); For documentation on this error, please visit: https://www.selenium.dev/documentation/webdriver/troubleshooting/errors#no-such-element-exception\nStacktrace:\n#0 0x555e16d17e23 <unknown>\n#1 0x555e16a407a7 <unknown>\n#2 0x555e16a7f1d3 <unknown>\n#3 0x555e16a7f2c1 <unknown>\n#4 0x555e16abaa04 <unknown>\n#5 0x555e16aa003d <unknown>\n#6 0x555e16ab8369 <unknown>\n#7 0x555e16a9fde3 <unknown>\n#8 0x555e16a73a7b <unknown>\n#9 0x555e16a7481e <unknown>\n#10 0x555e16cd9638 <unknown>\n#11 0x555e16cdd507 <unknown>\n#12 0x555e16ce7c4c <unknown>\n#13 0x555e16cde136 <unknown>\n#14 0x555e16cac9cf <unknown>\n#15 0x555e16d01b98 <unknown>\n#16 0x555e16d01d68 <unknown>\n#17 0x555e16d10cb3 <unknown>\n#18 0x7f7848571044 <unknown>","time":{"start":1694220807557,"stop":1694220808122,"duration":565}},{"uid":"8a2f6f86e9d33e4a","reportUrl":"https://Nat754.github.io/StroyremAutomation/4//#testresult/8a2f6f86e9d33e4a","status":"broken","statusDetails":"selenium.common.exceptions.NoSuchElementException: Message: no such element: Unable to locate element: {\"method\":\"xpath\",\"selector\":\"(//a[@class='add-to-cart yellow-btn'])[1]\"}\n  (Session info: headless chrome=116.0.5845.96); For documentation on this error, please visit: https://www.selenium.dev/documentation/webdriver/troubleshooting/errors#no-such-element-exception\nStacktrace:\n#0 0x55fdf6529e23 <unknown>\n#1 0x55fdf62527a7 <unknown>\n#2 0x55fdf62911d3 <unknown>\n#3 0x55fdf62912c1 <unknown>\n#4 0x55fdf62cca04 <unknown>\n#5 0x55fdf62b203d <unknown>\n#6 0x55fdf62ca369 <unknown>\n#7 0x55fdf62b1de3 <unknown>\n#8 0x55fdf6285a7b <unknown>\n#9 0x55fdf628681e <unknown>\n#10 0x55fdf64eb638 <unknown>\n#11 0x55fdf64ef507 <unknown>\n#12 0x55fdf64f9c4c <unknown>\n#13 0x55fdf64f0136 <unknown>\n#14 0x55fdf64be9cf <unknown>\n#15 0x55fdf6513b98 <unknown>\n#16 0x55fdf6513d68 <unknown>\n#17 0x55fdf6522cb3 <unknown>\n#18 0x7f8d04ec5044 <unknown>","time":{"start":1694196650818,"stop":1694196651247,"duration":429}}]},"tags":["@pytest.mark.xfail","smoke_test"]},"source":"e987dbaefdf129de.json","parameterValues":["3320","13","'TD 017'","2390","'products/shtukaturka-gipsovaya-aksolit-m50-30-kg-mashinnogo-naneseniya'","650","'https://sandboxtest.stroyrem-nn.ru/'","400"]}