{"uid":"9f145657f8ddf51f","name":"test_positive_delivery_green_zone_smoke[TD 013-products/shtukaturka-gipsovaya-aksolit-m50-30-kg-mashinnogo-naneseniya-366-11000-4800-12450-13480-https://sandboxtest.stroyrem-nn.ru/]","fullName":"tests.delivery.test_delivery_calculation.TestDeliveryPageCalculation#test_positive_delivery_green_zone_smoke","historyId":"138a96f7f81216afdff8252a6c5795ca","time":{"start":1711068719066,"stop":1711068719684,"duration":618},"status":"skipped","statusMessage":"XFAIL\n\nselenium.common.exceptions.NoSuchElementException: Message: no such element: Unable to locate element: {\"method\":\"xpath\",\"selector\":\"(//a[@class='add-to-cart yellow-btn'])[1]\"}\n  (Session info: chrome-headless-shell=123.0.6312.58); For documentation on this error, please visit: https://www.selenium.dev/documentation/webdriver/troubleshooting/errors#no-such-element-exception\nStacktrace:\n#0 0x55d26b8d0993 <unknown>\n#1 0x55d26b5cb136 <unknown>\n#2 0x55d26b615d48 <unknown>\n#3 0x55d26b615e01 <unknown>\n#4 0x55d26b658e44 <unknown>\n#5 0x55d26b637cfd <unknown>\n#6 0x55d26b656319 <unknown>\n#7 0x55d26b637a73 <unknown>\n#8 0x55d26b608c93 <unknown>\n#9 0x55d26b60965e <unknown>\n#10 0x55d26b89508b <unknown>\n#11 0x55d26b899005 <unknown>\n#12 0x55d26b883491 <unknown>\n#13 0x55d26b899b92 <unknown>\n#14 0x55d26b8689ef <unknown>\n#15 0x55d26b8bfdf8 <unknown>\n#16 0x55d26b8bffcb <unknown>\n#17 0x55d26b8cfae4 <unknown>\n#18 0x7fb47ec65134 <unknown>","statusTrace":"self = <tests.delivery.test_delivery_calculation.TestDeliveryPageCalculation object at 0x7f80b6a1fd10>\ndriver = <selenium.webdriver.chrome.webdriver.WebDriver (session=\"14eedc4f7c293bb32517518cdb4dcdb1\")>\nurl = 'https://sandboxtest.stroyrem-nn.ru/', case_id = 'TD 013'\nlink_item = 'products/shtukaturka-gipsovaya-aksolit-m50-30-kg-mashinnogo-naneseniya'\namount = 366, weight = 11000, standard = 4800, in_time = 12450, all_time = 13480\n\n    @pytest.mark.parametrize('case_id, link_item, amount, weight, standard, in_time, all_time', [\n        (\"TD 001\", uroven_3000, 1, 30, 0, 1590, 2190),\n        (\"TD 002\", bundeks_25, 1, 30, 400, 1590, 2190),\n        (\"TD 003\", aksolit_30, 8, 300, 400, 1590, 2190),\n        (\"TD 004\", aksolit_30, 13, 400, 450, 1590, 2190),\n        (\"TD 005\", aksolit_30, 16, 500, 600, 1590, 2190),\n        (\"TD 006\", aksolit_30, 25, 1700, 990, 1990, 2480),\n        (\"TD 007\", aksolit_30, 66, 2000, 1300, 2490, 2980),\n        (\"TD 008\", aksolit_30, 149, 4500, 2300, 3980, 4490),\n        (\"TD 009\", aksolit_30, 166, 5000, 2500, 4990, 5480),\n        pytest.param(\n            \"TD 010\", aksolit_30, 206, 6200, 2900, 5570, 6120,\n            marks=pytest.mark.xfail(reson=\"Цена доставки 3600 7960 8980\")\n        ),\n        (\"TD 011\", aksolit_30, 299, 9000, 3600, 7960, 8980),\n        (\"TD 012\", aksolit_30, 333, 10000, 4450, 11990, 12500),\n        pytest.param(\n            \"TD 013\", aksolit_30, 366, 11000, 4800, 12450, 13480,\n            marks=pytest.mark.xfail(reason=\"Цена стандартной доставки 4450\")\n        ),\n        pytest.param(\n            \"TD 014\", aksolit_30, 666, 20000, 5400, 15600, 17490,\n            marks=pytest.mark.xfail(reason=\"Цена стандартной доставки 4450\")\n        )\n    ])\n    @pytest.mark.xfail\n    @pytest.mark.smoke_test\n    def test_positive_delivery_green_zone_smoke(\n            self, driver, url, case_id, link_item, amount, weight, standard, in_time, all_time\n    ):\n    \n        driver.get(f'{url}{link_item}')\n        item_page = ItemPage(driver)\n>       item_page.add_item_to_cart(amount).click_on_cart()\n\ntests/delivery/test_delivery_calculation.py:50: \n_ _ _ _ _ _ _ _ _ _ _ _ _ _ _ _ _ _ _ _ _ _ _ _ _ _ _ _ _ _ _ _ _ _ _ _ _ _ _ _ \npages/item_page.py:40: in add_item_to_cart\n    self.find_element(self._add_item).click()\nbase/seleniumbase.py:17: in find_element\n    return self.driver.find_element(*locator)\n/usr/local/lib/python3.11/site-packages/selenium/webdriver/remote/webdriver.py:739: in find_element\n    return self.execute(Command.FIND_ELEMENT, {\"using\": by, \"value\": value})[\"value\"]\n/usr/local/lib/python3.11/site-packages/selenium/webdriver/remote/webdriver.py:345: in execute\n    self.error_handler.check_response(response)\n_ _ _ _ _ _ _ _ _ _ _ _ _ _ _ _ _ _ _ _ _ _ _ _ _ _ _ _ _ _ _ _ _ _ _ _ _ _ _ _ \n\nself = <selenium.webdriver.remote.errorhandler.ErrorHandler object at 0x7f80b70326d0>\nresponse = {'status': 404, 'value': '{\"value\":{\"error\":\"no such element\",\"message\":\"no such element: Unable to locate element: {\\...\\\\n#16 0x55d26b8bffcb \\\\u003Cunknown>\\\\n#17 0x55d26b8cfae4 \\\\u003Cunknown>\\\\n#18 0x7fb47ec65134 \\\\u003Cunknown>\\\\n\"}}'}\n\n    def check_response(self, response: Dict[str, Any]) -> None:\n        \"\"\"Checks that a JSON response from the WebDriver does not have an\n        error.\n    \n        :Args:\n         - response - The JSON response from the WebDriver server as a dictionary\n           object.\n    \n        :Raises: If the response contains an error message.\n        \"\"\"\n        status = response.get(\"status\", None)\n        if not status or status == ErrorCode.SUCCESS:\n            return\n        value = None\n        message = response.get(\"message\", \"\")\n        screen: str = response.get(\"screen\", \"\")\n        stacktrace = None\n        if isinstance(status, int):\n            value_json = response.get(\"value\", None)\n            if value_json and isinstance(value_json, str):\n                import json\n    \n                try:\n                    value = json.loads(value_json)\n                    if len(value) == 1:\n                        value = value[\"value\"]\n                    status = value.get(\"error\", None)\n                    if not status:\n                        status = value.get(\"status\", ErrorCode.UNKNOWN_ERROR)\n                        message = value.get(\"value\") or value.get(\"message\")\n                        if not isinstance(message, str):\n                            value = message\n                            message = message.get(\"message\")\n                    else:\n                        message = value.get(\"message\", None)\n                except ValueError:\n                    pass\n    \n        exception_class: Type[WebDriverException]\n        e = ErrorCode()\n        error_codes = [item for item in dir(e) if not item.startswith(\"__\")]\n        for error_code in error_codes:\n            error_info = getattr(ErrorCode, error_code)\n            if isinstance(error_info, list) and status in error_info:\n                exception_class = getattr(ExceptionMapping, error_code, WebDriverException)\n                break\n        else:\n            exception_class = WebDriverException\n    \n        if not value:\n            value = response[\"value\"]\n        if isinstance(value, str):\n            raise exception_class(value)\n        if message == \"\" and \"message\" in value:\n            message = value[\"message\"]\n    \n        screen = None  # type: ignore[assignment]\n        if \"screen\" in value:\n            screen = value[\"screen\"]\n    \n        stacktrace = None\n        st_value = value.get(\"stackTrace\") or value.get(\"stacktrace\")\n        if st_value:\n            if isinstance(st_value, str):\n                stacktrace = st_value.split(\"\\n\")\n            else:\n                stacktrace = []\n                try:\n                    for frame in st_value:\n                        line = frame.get(\"lineNumber\", \"\")\n                        file = frame.get(\"fileName\", \"<anonymous>\")\n                        if line:\n                            file = f\"{file}:{line}\"\n                        meth = frame.get(\"methodName\", \"<anonymous>\")\n                        if \"className\" in frame:\n                            meth = f\"{frame['className']}.{meth}\"\n                        msg = \"    at %s (%s)\"\n                        msg = msg % (meth, file)\n                        stacktrace.append(msg)\n                except TypeError:\n                    pass\n        if exception_class == UnexpectedAlertPresentException:\n            alert_text = None\n            if \"data\" in value:\n                alert_text = value[\"data\"].get(\"text\")\n            elif \"alert\" in value:\n                alert_text = value[\"alert\"].get(\"text\")\n            raise exception_class(message, screen, stacktrace, alert_text)  # type: ignore[call-arg]  # mypy is not smart enough here\n>       raise exception_class(message, screen, stacktrace)\nE       selenium.common.exceptions.NoSuchElementException: Message: no such element: Unable to locate element: {\"method\":\"xpath\",\"selector\":\"(//a[@class='add-to-cart yellow-btn'])[1]\"}\nE         (Session info: chrome-headless-shell=123.0.6312.58); For documentation on this error, please visit: https://www.selenium.dev/documentation/webdriver/troubleshooting/errors#no-such-element-exception\nE       Stacktrace:\nE       #0 0x55d26b8d0993 <unknown>\nE       #1 0x55d26b5cb136 <unknown>\nE       #2 0x55d26b615d48 <unknown>\nE       #3 0x55d26b615e01 <unknown>\nE       #4 0x55d26b658e44 <unknown>\nE       #5 0x55d26b637cfd <unknown>\nE       #6 0x55d26b656319 <unknown>\nE       #7 0x55d26b637a73 <unknown>\nE       #8 0x55d26b608c93 <unknown>\nE       #9 0x55d26b60965e <unknown>\nE       #10 0x55d26b89508b <unknown>\nE       #11 0x55d26b899005 <unknown>\nE       #12 0x55d26b883491 <unknown>\nE       #13 0x55d26b899b92 <unknown>\nE       #14 0x55d26b8689ef <unknown>\nE       #15 0x55d26b8bfdf8 <unknown>\nE       #16 0x55d26b8bffcb <unknown>\nE       #17 0x55d26b8cfae4 <unknown>\nE       #18 0x7fb47ec65134 <unknown>\n\n/usr/local/lib/python3.11/site-packages/selenium/webdriver/remote/errorhandler.py:229: NoSuchElementException","flaky":false,"newFailed":false,"newBroken":false,"newPassed":false,"retriesCount":0,"retriesStatusChange":false,"beforeStages":[{"name":"_session_faker","time":{"start":1711068476564,"stop":1711068476630,"duration":66},"status":"passed","steps":[],"attachments":[],"parameters":[],"shouldDisplayMessage":false,"stepsCount":0,"attachmentsCount":0,"hasContent":false,"attachmentStep":false},{"name":"clear_allure_results_folder","time":{"start":1711068476630,"stop":1711068476630,"duration":0},"status":"passed","steps":[],"attachments":[],"parameters":[],"shouldDisplayMessage":false,"stepsCount":0,"attachmentsCount":0,"hasContent":false,"attachmentStep":false},{"name":"driver","time":{"start":1711068718281,"stop":1711068719065,"duration":784},"status":"passed","steps":[],"attachments":[],"parameters":[],"shouldDisplayMessage":false,"stepsCount":0,"attachmentsCount":0,"hasContent":false,"attachmentStep":false},{"name":"setup","time":{"start":1711068719065,"stop":1711068719065,"duration":0},"status":"passed","steps":[],"attachments":[],"parameters":[],"shouldDisplayMessage":false,"stepsCount":0,"attachmentsCount":0,"hasContent":false,"attachmentStep":false}],"testStage":{"status":"skipped","statusMessage":"XFAIL\n\nselenium.common.exceptions.NoSuchElementException: Message: no such element: Unable to locate element: {\"method\":\"xpath\",\"selector\":\"(//a[@class='add-to-cart yellow-btn'])[1]\"}\n  (Session info: chrome-headless-shell=123.0.6312.58); For documentation on this error, please visit: https://www.selenium.dev/documentation/webdriver/troubleshooting/errors#no-such-element-exception\nStacktrace:\n#0 0x55d26b8d0993 <unknown>\n#1 0x55d26b5cb136 <unknown>\n#2 0x55d26b615d48 <unknown>\n#3 0x55d26b615e01 <unknown>\n#4 0x55d26b658e44 <unknown>\n#5 0x55d26b637cfd <unknown>\n#6 0x55d26b656319 <unknown>\n#7 0x55d26b637a73 <unknown>\n#8 0x55d26b608c93 <unknown>\n#9 0x55d26b60965e <unknown>\n#10 0x55d26b89508b <unknown>\n#11 0x55d26b899005 <unknown>\n#12 0x55d26b883491 <unknown>\n#13 0x55d26b899b92 <unknown>\n#14 0x55d26b8689ef <unknown>\n#15 0x55d26b8bfdf8 <unknown>\n#16 0x55d26b8bffcb <unknown>\n#17 0x55d26b8cfae4 <unknown>\n#18 0x7fb47ec65134 <unknown>","statusTrace":"self = <tests.delivery.test_delivery_calculation.TestDeliveryPageCalculation object at 0x7f80b6a1fd10>\ndriver = <selenium.webdriver.chrome.webdriver.WebDriver (session=\"14eedc4f7c293bb32517518cdb4dcdb1\")>\nurl = 'https://sandboxtest.stroyrem-nn.ru/', case_id = 'TD 013'\nlink_item = 'products/shtukaturka-gipsovaya-aksolit-m50-30-kg-mashinnogo-naneseniya'\namount = 366, weight = 11000, standard = 4800, in_time = 12450, all_time = 13480\n\n    @pytest.mark.parametrize('case_id, link_item, amount, weight, standard, in_time, all_time', [\n        (\"TD 001\", uroven_3000, 1, 30, 0, 1590, 2190),\n        (\"TD 002\", bundeks_25, 1, 30, 400, 1590, 2190),\n        (\"TD 003\", aksolit_30, 8, 300, 400, 1590, 2190),\n        (\"TD 004\", aksolit_30, 13, 400, 450, 1590, 2190),\n        (\"TD 005\", aksolit_30, 16, 500, 600, 1590, 2190),\n        (\"TD 006\", aksolit_30, 25, 1700, 990, 1990, 2480),\n        (\"TD 007\", aksolit_30, 66, 2000, 1300, 2490, 2980),\n        (\"TD 008\", aksolit_30, 149, 4500, 2300, 3980, 4490),\n        (\"TD 009\", aksolit_30, 166, 5000, 2500, 4990, 5480),\n        pytest.param(\n            \"TD 010\", aksolit_30, 206, 6200, 2900, 5570, 6120,\n            marks=pytest.mark.xfail(reson=\"Цена доставки 3600 7960 8980\")\n        ),\n        (\"TD 011\", aksolit_30, 299, 9000, 3600, 7960, 8980),\n        (\"TD 012\", aksolit_30, 333, 10000, 4450, 11990, 12500),\n        pytest.param(\n            \"TD 013\", aksolit_30, 366, 11000, 4800, 12450, 13480,\n            marks=pytest.mark.xfail(reason=\"Цена стандартной доставки 4450\")\n        ),\n        pytest.param(\n            \"TD 014\", aksolit_30, 666, 20000, 5400, 15600, 17490,\n            marks=pytest.mark.xfail(reason=\"Цена стандартной доставки 4450\")\n        )\n    ])\n    @pytest.mark.xfail\n    @pytest.mark.smoke_test\n    def test_positive_delivery_green_zone_smoke(\n            self, driver, url, case_id, link_item, amount, weight, standard, in_time, all_time\n    ):\n    \n        driver.get(f'{url}{link_item}')\n        item_page = ItemPage(driver)\n>       item_page.add_item_to_cart(amount).click_on_cart()\n\ntests/delivery/test_delivery_calculation.py:50: \n_ _ _ _ _ _ _ _ _ _ _ _ _ _ _ _ _ _ _ _ _ _ _ _ _ _ _ _ _ _ _ _ _ _ _ _ _ _ _ _ \npages/item_page.py:40: in add_item_to_cart\n    self.find_element(self._add_item).click()\nbase/seleniumbase.py:17: in find_element\n    return self.driver.find_element(*locator)\n/usr/local/lib/python3.11/site-packages/selenium/webdriver/remote/webdriver.py:739: in find_element\n    return self.execute(Command.FIND_ELEMENT, {\"using\": by, \"value\": value})[\"value\"]\n/usr/local/lib/python3.11/site-packages/selenium/webdriver/remote/webdriver.py:345: in execute\n    self.error_handler.check_response(response)\n_ _ _ _ _ _ _ _ _ _ _ _ _ _ _ _ _ _ _ _ _ _ _ _ _ _ _ _ _ _ _ _ _ _ _ _ _ _ _ _ \n\nself = <selenium.webdriver.remote.errorhandler.ErrorHandler object at 0x7f80b70326d0>\nresponse = {'status': 404, 'value': '{\"value\":{\"error\":\"no such element\",\"message\":\"no such element: Unable to locate element: {\\...\\\\n#16 0x55d26b8bffcb \\\\u003Cunknown>\\\\n#17 0x55d26b8cfae4 \\\\u003Cunknown>\\\\n#18 0x7fb47ec65134 \\\\u003Cunknown>\\\\n\"}}'}\n\n    def check_response(self, response: Dict[str, Any]) -> None:\n        \"\"\"Checks that a JSON response from the WebDriver does not have an\n        error.\n    \n        :Args:\n         - response - The JSON response from the WebDriver server as a dictionary\n           object.\n    \n        :Raises: If the response contains an error message.\n        \"\"\"\n        status = response.get(\"status\", None)\n        if not status or status == ErrorCode.SUCCESS:\n            return\n        value = None\n        message = response.get(\"message\", \"\")\n        screen: str = response.get(\"screen\", \"\")\n        stacktrace = None\n        if isinstance(status, int):\n            value_json = response.get(\"value\", None)\n            if value_json and isinstance(value_json, str):\n                import json\n    \n                try:\n                    value = json.loads(value_json)\n                    if len(value) == 1:\n                        value = value[\"value\"]\n                    status = value.get(\"error\", None)\n                    if not status:\n                        status = value.get(\"status\", ErrorCode.UNKNOWN_ERROR)\n                        message = value.get(\"value\") or value.get(\"message\")\n                        if not isinstance(message, str):\n                            value = message\n                            message = message.get(\"message\")\n                    else:\n                        message = value.get(\"message\", None)\n                except ValueError:\n                    pass\n    \n        exception_class: Type[WebDriverException]\n        e = ErrorCode()\n        error_codes = [item for item in dir(e) if not item.startswith(\"__\")]\n        for error_code in error_codes:\n            error_info = getattr(ErrorCode, error_code)\n            if isinstance(error_info, list) and status in error_info:\n                exception_class = getattr(ExceptionMapping, error_code, WebDriverException)\n                break\n        else:\n            exception_class = WebDriverException\n    \n        if not value:\n            value = response[\"value\"]\n        if isinstance(value, str):\n            raise exception_class(value)\n        if message == \"\" and \"message\" in value:\n            message = value[\"message\"]\n    \n        screen = None  # type: ignore[assignment]\n        if \"screen\" in value:\n            screen = value[\"screen\"]\n    \n        stacktrace = None\n        st_value = value.get(\"stackTrace\") or value.get(\"stacktrace\")\n        if st_value:\n            if isinstance(st_value, str):\n                stacktrace = st_value.split(\"\\n\")\n            else:\n                stacktrace = []\n                try:\n                    for frame in st_value:\n                        line = frame.get(\"lineNumber\", \"\")\n                        file = frame.get(\"fileName\", \"<anonymous>\")\n                        if line:\n                            file = f\"{file}:{line}\"\n                        meth = frame.get(\"methodName\", \"<anonymous>\")\n                        if \"className\" in frame:\n                            meth = f\"{frame['className']}.{meth}\"\n                        msg = \"    at %s (%s)\"\n                        msg = msg % (meth, file)\n                        stacktrace.append(msg)\n                except TypeError:\n                    pass\n        if exception_class == UnexpectedAlertPresentException:\n            alert_text = None\n            if \"data\" in value:\n                alert_text = value[\"data\"].get(\"text\")\n            elif \"alert\" in value:\n                alert_text = value[\"alert\"].get(\"text\")\n            raise exception_class(message, screen, stacktrace, alert_text)  # type: ignore[call-arg]  # mypy is not smart enough here\n>       raise exception_class(message, screen, stacktrace)\nE       selenium.common.exceptions.NoSuchElementException: Message: no such element: Unable to locate element: {\"method\":\"xpath\",\"selector\":\"(//a[@class='add-to-cart yellow-btn'])[1]\"}\nE         (Session info: chrome-headless-shell=123.0.6312.58); For documentation on this error, please visit: https://www.selenium.dev/documentation/webdriver/troubleshooting/errors#no-such-element-exception\nE       Stacktrace:\nE       #0 0x55d26b8d0993 <unknown>\nE       #1 0x55d26b5cb136 <unknown>\nE       #2 0x55d26b615d48 <unknown>\nE       #3 0x55d26b615e01 <unknown>\nE       #4 0x55d26b658e44 <unknown>\nE       #5 0x55d26b637cfd <unknown>\nE       #6 0x55d26b656319 <unknown>\nE       #7 0x55d26b637a73 <unknown>\nE       #8 0x55d26b608c93 <unknown>\nE       #9 0x55d26b60965e <unknown>\nE       #10 0x55d26b89508b <unknown>\nE       #11 0x55d26b899005 <unknown>\nE       #12 0x55d26b883491 <unknown>\nE       #13 0x55d26b899b92 <unknown>\nE       #14 0x55d26b8689ef <unknown>\nE       #15 0x55d26b8bfdf8 <unknown>\nE       #16 0x55d26b8bffcb <unknown>\nE       #17 0x55d26b8cfae4 <unknown>\nE       #18 0x7fb47ec65134 <unknown>\n\n/usr/local/lib/python3.11/site-packages/selenium/webdriver/remote/errorhandler.py:229: NoSuchElementException","steps":[{"name":"Добавляем товар в корзину в количестве 366","time":{"start":1711068719672,"stop":1711068719684,"duration":12},"status":"broken","statusMessage":"selenium.common.exceptions.NoSuchElementException: Message: no such element: Unable to locate element: {\"method\":\"xpath\",\"selector\":\"(//a[@class='add-to-cart yellow-btn'])[1]\"}\n  (Session info: chrome-headless-shell=123.0.6312.58); For documentation on this error, please visit: https://www.selenium.dev/documentation/webdriver/troubleshooting/errors#no-such-element-exception\nStacktrace:\n#0 0x55d26b8d0993 <unknown>\n#1 0x55d26b5cb136 <unknown>\n#2 0x55d26b615d48 <unknown>\n#3 0x55d26b615e01 <unknown>\n#4 0x55d26b658e44 <unknown>\n#5 0x55d26b637cfd <unknown>\n#6 0x55d26b656319 <unknown>\n#7 0x55d26b637a73 <unknown>\n#8 0x55d26b608c93 <unknown>\n#9 0x55d26b60965e <unknown>\n#10 0x55d26b89508b <unknown>\n#11 0x55d26b899005 <unknown>\n#12 0x55d26b883491 <unknown>\n#13 0x55d26b899b92 <unknown>\n#14 0x55d26b8689ef <unknown>\n#15 0x55d26b8bfdf8 <unknown>\n#16 0x55d26b8bffcb <unknown>\n#17 0x55d26b8cfae4 <unknown>\n#18 0x7fb47ec65134 <unknown>\n\n","statusTrace":"  File \"/usr/local/lib/python3.11/site-packages/allure_commons/_allure.py\", line 192, in impl\n    return func(*a, **kw)\n           ^^^^^^^^^^^^^^\n  File \"/app/pages/item_page.py\", line 40, in add_item_to_cart\n    self.find_element(self._add_item).click()\n    ^^^^^^^^^^^^^^^^^^^^^^^^^^^^^^^^^\n  File \"/app/base/seleniumbase.py\", line 17, in find_element\n    return self.driver.find_element(*locator)\n           ^^^^^^^^^^^^^^^^^^^^^^^^^^^^^^^^^^\n  File \"/usr/local/lib/python3.11/site-packages/selenium/webdriver/remote/webdriver.py\", line 739, in find_element\n    return self.execute(Command.FIND_ELEMENT, {\"using\": by, \"value\": value})[\"value\"]\n           ^^^^^^^^^^^^^^^^^^^^^^^^^^^^^^^^^^^^^^^^^^^^^^^^^^^^^^^^^^^^^^^^^\n  File \"/usr/local/lib/python3.11/site-packages/selenium/webdriver/remote/webdriver.py\", line 345, in execute\n    self.error_handler.check_response(response)\n  File \"/usr/local/lib/python3.11/site-packages/selenium/webdriver/remote/errorhandler.py\", line 229, in check_response\n    raise exception_class(message, screen, stacktrace)\n","steps":[],"attachments":[],"parameters":[{"name":"amount","value":"366"}],"shouldDisplayMessage":true,"stepsCount":0,"attachmentsCount":0,"hasContent":true,"attachmentStep":false}],"attachments":[{"uid":"a40892b87c1ce918","name":"Screenshot","source":"a40892b87c1ce918.png","type":"image/png","size":5862},{"uid":"148e5d02ea867e0e","name":"HTML source","source":"148e5d02ea867e0e.html","type":"text/html","size":39}],"parameters":[],"shouldDisplayMessage":true,"stepsCount":1,"attachmentsCount":2,"hasContent":true,"attachmentStep":false},"afterStages":[{"name":"driver::0","time":{"start":1711068719790,"stop":1711068719847,"duration":57},"status":"passed","steps":[],"attachments":[],"parameters":[],"shouldDisplayMessage":false,"stepsCount":0,"attachmentsCount":0,"hasContent":false,"attachmentStep":false},{"name":"setup::0","time":{"start":1711068719790,"stop":1711068719790,"duration":0},"status":"passed","steps":[],"attachments":[],"parameters":[],"shouldDisplayMessage":false,"stepsCount":0,"attachmentsCount":0,"hasContent":false,"attachmentStep":false}],"labels":[{"name":"epic","value":"Delivery Page - calculation"},{"name":"tag","value":"smoke_test"},{"name":"tag","value":"@pytest.mark.xfail"},{"name":"parentSuite","value":"tests.delivery"},{"name":"suite","value":"test_delivery_calculation"},{"name":"subSuite","value":"TestDeliveryPageCalculation"},{"name":"host","value":"4f9f05f4b313"},{"name":"thread","value":"1-MainThread"},{"name":"framework","value":"pytest"},{"name":"language","value":"cpython3"},{"name":"package","value":"tests.delivery.test_delivery_calculation"},{"name":"resultFormat","value":"allure2"}],"parameters":[{"name":"all_time","value":"13480"},{"name":"amount","value":"366"},{"name":"case_id","value":"'TD 013'"},{"name":"in_time","value":"12450"},{"name":"link_item","value":"'products/shtukaturka-gipsovaya-aksolit-m50-30-kg-mashinnogo-naneseniya'"},{"name":"standard","value":"4800"},{"name":"url","value":"'https://sandboxtest.stroyrem-nn.ru/'"},{"name":"weight","value":"11000"}],"links":[],"hidden":false,"retry":false,"extra":{"severity":"normal","retries":[],"categories":[],"history":{"statistic":{"failed":0,"broken":0,"skipped":206,"passed":0,"unknown":0,"total":206},"items":[{"uid":"4ccd8e28c1e9e86b","reportUrl":"https://Nat754.github.io/StroyremAutomation/253//#testresult/4ccd8e28c1e9e86b","status":"skipped","statusDetails":"XFAIL\n\nselenium.common.exceptions.NoSuchElementException: Message: no such element: Unable to locate element: {\"method\":\"xpath\",\"selector\":\"(//a[@class='add-to-cart yellow-btn'])[1]\"}\n  (Session info: chrome-headless-shell=123.0.6312.58); For documentation on this error, please visit: https://www.selenium.dev/documentation/webdriver/troubleshooting/errors#no-such-element-exception\nStacktrace:\n#0 0x5621ad476993 <unknown>\n#1 0x5621ad171136 <unknown>\n#2 0x5621ad1bbd48 <unknown>\n#3 0x5621ad1bbe01 <unknown>\n#4 0x5621ad1fee44 <unknown>\n#5 0x5621ad1ddcfd <unknown>\n#6 0x5621ad1fc319 <unknown>\n#7 0x5621ad1dda73 <unknown>\n#8 0x5621ad1aec93 <unknown>\n#9 0x5621ad1af65e <unknown>\n#10 0x5621ad43b08b <unknown>\n#11 0x5621ad43f005 <unknown>\n#12 0x5621ad429491 <unknown>\n#13 0x5621ad43fb92 <unknown>\n#14 0x5621ad40e9ef <unknown>\n#15 0x5621ad465df8 <unknown>\n#16 0x5621ad465fcb <unknown>\n#17 0x5621ad475ae4 <unknown>\n#18 0x7fa1d2429134 <unknown>","time":{"start":1710982489652,"stop":1710982490257,"duration":605}},{"uid":"edb1a42e566d328e","reportUrl":"https://Nat754.github.io/StroyremAutomation/252//#testresult/edb1a42e566d328e","status":"skipped","statusDetails":"XFAIL\n\nselenium.common.exceptions.NoSuchElementException: Message: no such element: Unable to locate element: {\"method\":\"xpath\",\"selector\":\"(//a[@class='add-to-cart yellow-btn'])[1]\"}\n  (Session info: chrome-headless-shell=123.0.6312.58); For documentation on this error, please visit: https://www.selenium.dev/documentation/webdriver/troubleshooting/errors#no-such-element-exception\nStacktrace:\n#0 0x576a465eb993 <unknown>\n#1 0x576a462e6136 <unknown>\n#2 0x576a46330d48 <unknown>\n#3 0x576a46330e01 <unknown>\n#4 0x576a46373e44 <unknown>\n#5 0x576a46352cfd <unknown>\n#6 0x576a46371319 <unknown>\n#7 0x576a46352a73 <unknown>\n#8 0x576a46323c93 <unknown>\n#9 0x576a4632465e <unknown>\n#10 0x576a465b008b <unknown>\n#11 0x576a465b4005 <unknown>\n#12 0x576a4659e491 <unknown>\n#13 0x576a465b4b92 <unknown>\n#14 0x576a465839ef <unknown>\n#15 0x576a465dadf8 <unknown>\n#16 0x576a465dafcb <unknown>\n#17 0x576a465eaae4 <unknown>\n#18 0x7253ef56a134 <unknown>","time":{"start":1710895890527,"stop":1710895890822,"duration":295}},{"uid":"feb4f62bdc6040d4","reportUrl":"https://Nat754.github.io/StroyremAutomation/251//#testresult/feb4f62bdc6040d4","status":"skipped","statusDetails":"XFAIL\n\nselenium.common.exceptions.NoSuchElementException: Message: no such element: Unable to locate element: {\"method\":\"xpath\",\"selector\":\"(//a[@class='add-to-cart yellow-btn'])[1]\"}\n  (Session info: chrome-headless-shell=122.0.6261.128); For documentation on this error, please visit: https://www.selenium.dev/documentation/webdriver/troubleshooting/errors#no-such-element-exception\nStacktrace:\n#0 0x55bf87e09f33 <unknown>\n#1 0x55bf87b01ce6 <unknown>\n#2 0x55bf87b4ce48 <unknown>\n#3 0x55bf87b4cf01 <unknown>\n#4 0x55bf87b903f4 <unknown>\n#5 0x55bf87b6eedd <unknown>\n#6 0x55bf87b8d899 <unknown>\n#7 0x55bf87b6ec53 <unknown>\n#8 0x55bf87b3fdb3 <unknown>\n#9 0x55bf87b4077e <unknown>\n#10 0x55bf87dcf86b <unknown>\n#11 0x55bf87dd3885 <unknown>\n#12 0x55bf87dbd181 <unknown>\n#13 0x55bf87dd4412 <unknown>\n#14 0x55bf87da125f <unknown>\n#15 0x55bf87df8528 <unknown>\n#16 0x55bf87df8723 <unknown>\n#17 0x55bf87e090e4 <unknown>\n#18 0x7efe5701d134 <unknown>","time":{"start":1710809532015,"stop":1710809532302,"duration":287}},{"uid":"92b37d6b2e63c1cf","reportUrl":"https://Nat754.github.io/StroyremAutomation/250//#testresult/92b37d6b2e63c1cf","status":"skipped","statusDetails":"XFAIL\n\nselenium.common.exceptions.NoSuchElementException: Message: no such element: Unable to locate element: {\"method\":\"xpath\",\"selector\":\"(//a[@class='add-to-cart yellow-btn'])[1]\"}\n  (Session info: chrome-headless-shell=122.0.6261.128); For documentation on this error, please visit: https://www.selenium.dev/documentation/webdriver/troubleshooting/errors#no-such-element-exception\nStacktrace:\n#0 0x5890597def33 <unknown>\n#1 0x5890594d6ce6 <unknown>\n#2 0x589059521e48 <unknown>\n#3 0x589059521f01 <unknown>\n#4 0x5890595653f4 <unknown>\n#5 0x589059543edd <unknown>\n#6 0x589059562899 <unknown>\n#7 0x589059543c53 <unknown>\n#8 0x589059514db3 <unknown>\n#9 0x58905951577e <unknown>\n#10 0x5890597a486b <unknown>\n#11 0x5890597a8885 <unknown>\n#12 0x589059792181 <unknown>\n#13 0x5890597a9412 <unknown>\n#14 0x58905977625f <unknown>\n#15 0x5890597cd528 <unknown>\n#16 0x5890597cd723 <unknown>\n#17 0x5890597de0e4 <unknown>\n#18 0x78efe0d06134 <unknown>","time":{"start":1710723186090,"stop":1710723186419,"duration":329}},{"uid":"2f6cb00b777943c6","reportUrl":"https://Nat754.github.io/StroyremAutomation/249//#testresult/2f6cb00b777943c6","status":"skipped","statusDetails":"XFAIL\n\nselenium.common.exceptions.NoSuchElementException: Message: no such element: Unable to locate element: {\"method\":\"xpath\",\"selector\":\"(//a[@class='add-to-cart yellow-btn'])[1]\"}\n  (Session info: chrome-headless-shell=122.0.6261.128); For documentation on this error, please visit: https://www.selenium.dev/documentation/webdriver/troubleshooting/errors#no-such-element-exception\nStacktrace:\n#0 0x62a443d27f33 <unknown>\n#1 0x62a443a1fce6 <unknown>\n#2 0x62a443a6ae48 <unknown>\n#3 0x62a443a6af01 <unknown>\n#4 0x62a443aae3f4 <unknown>\n#5 0x62a443a8cedd <unknown>\n#6 0x62a443aab899 <unknown>\n#7 0x62a443a8cc53 <unknown>\n#8 0x62a443a5ddb3 <unknown>\n#9 0x62a443a5e77e <unknown>\n#10 0x62a443ced86b <unknown>\n#11 0x62a443cf1885 <unknown>\n#12 0x62a443cdb181 <unknown>\n#13 0x62a443cf2412 <unknown>\n#14 0x62a443cbf25f <unknown>\n#15 0x62a443d16528 <unknown>\n#16 0x62a443d16723 <unknown>\n#17 0x62a443d270e4 <unknown>\n#18 0x7d13a0507134 <unknown>","time":{"start":1710636955207,"stop":1710636955497,"duration":290}},{"uid":"d5cdebbbea45f259","reportUrl":"https://Nat754.github.io/StroyremAutomation/248//#testresult/d5cdebbbea45f259","status":"skipped","statusDetails":"XFAIL\n\nselenium.common.exceptions.NoSuchElementException: Message: no such element: Unable to locate element: {\"method\":\"xpath\",\"selector\":\"(//a[@class='add-to-cart yellow-btn'])[1]\"}\n  (Session info: chrome-headless-shell=122.0.6261.128); For documentation on this error, please visit: https://www.selenium.dev/documentation/webdriver/troubleshooting/errors#no-such-element-exception\nStacktrace:\n#0 0x63ae4a8e5f33 <unknown>\n#1 0x63ae4a5ddce6 <unknown>\n#2 0x63ae4a628e48 <unknown>\n#3 0x63ae4a628f01 <unknown>\n#4 0x63ae4a66c3f4 <unknown>\n#5 0x63ae4a64aedd <unknown>\n#6 0x63ae4a669899 <unknown>\n#7 0x63ae4a64ac53 <unknown>\n#8 0x63ae4a61bdb3 <unknown>\n#9 0x63ae4a61c77e <unknown>\n#10 0x63ae4a8ab86b <unknown>\n#11 0x63ae4a8af885 <unknown>\n#12 0x63ae4a899181 <unknown>\n#13 0x63ae4a8b0412 <unknown>\n#14 0x63ae4a87d25f <unknown>\n#15 0x63ae4a8d4528 <unknown>\n#16 0x63ae4a8d4723 <unknown>\n#17 0x63ae4a8e50e4 <unknown>\n#18 0x76fa7bacc134 <unknown>","time":{"start":1710550231095,"stop":1710550231384,"duration":289}},{"uid":"ee460c1829889240","reportUrl":"https://Nat754.github.io/StroyremAutomation/247//#testresult/ee460c1829889240","status":"skipped","statusDetails":"XFAIL\n\nselenium.common.exceptions.NoSuchElementException: Message: no such element: Unable to locate element: {\"method\":\"xpath\",\"selector\":\"(//a[@class='add-to-cart yellow-btn'])[1]\"}\n  (Session info: chrome-headless-shell=122.0.6261.128); For documentation on this error, please visit: https://www.selenium.dev/documentation/webdriver/troubleshooting/errors#no-such-element-exception\nStacktrace:\n#0 0x5e95d4bf5f33 <unknown>\n#1 0x5e95d48edce6 <unknown>\n#2 0x5e95d4938e48 <unknown>\n#3 0x5e95d4938f01 <unknown>\n#4 0x5e95d497c3f4 <unknown>\n#5 0x5e95d495aedd <unknown>\n#6 0x5e95d4979899 <unknown>\n#7 0x5e95d495ac53 <unknown>\n#8 0x5e95d492bdb3 <unknown>\n#9 0x5e95d492c77e <unknown>\n#10 0x5e95d4bbb86b <unknown>\n#11 0x5e95d4bbf885 <unknown>\n#12 0x5e95d4ba9181 <unknown>\n#13 0x5e95d4bc0412 <unknown>\n#14 0x5e95d4b8d25f <unknown>\n#15 0x5e95d4be4528 <unknown>\n#16 0x5e95d4be4723 <unknown>\n#17 0x5e95d4bf50e4 <unknown>\n#18 0x7a90239a3134 <unknown>","time":{"start":1710463969062,"stop":1710463969404,"duration":342}},{"uid":"6212dbeefb585651","reportUrl":"https://Nat754.github.io/StroyremAutomation/246//#testresult/6212dbeefb585651","status":"skipped","statusDetails":"XFAIL\n\nselenium.common.exceptions.NoSuchElementException: Message: no such element: Unable to locate element: {\"method\":\"xpath\",\"selector\":\"(//a[@class='add-to-cart yellow-btn'])[1]\"}\n  (Session info: chrome-headless-shell=122.0.6261.128); For documentation on this error, please visit: https://www.selenium.dev/documentation/webdriver/troubleshooting/errors#no-such-element-exception\nStacktrace:\n#0 0x5f2650797f33 <unknown>\n#1 0x5f265048fce6 <unknown>\n#2 0x5f26504dae48 <unknown>\n#3 0x5f26504daf01 <unknown>\n#4 0x5f265051e3f4 <unknown>\n#5 0x5f26504fcedd <unknown>\n#6 0x5f265051b899 <unknown>\n#7 0x5f26504fcc53 <unknown>\n#8 0x5f26504cddb3 <unknown>\n#9 0x5f26504ce77e <unknown>\n#10 0x5f265075d86b <unknown>\n#11 0x5f2650761885 <unknown>\n#12 0x5f265074b181 <unknown>\n#13 0x5f2650762412 <unknown>\n#14 0x5f265072f25f <unknown>\n#15 0x5f2650786528 <unknown>\n#16 0x5f2650786723 <unknown>\n#17 0x5f26507970e4 <unknown>\n#18 0x7f1bcddb4134 <unknown>","time":{"start":1710377549740,"stop":1710377550251,"duration":511}},{"uid":"e1ec83d64b319101","reportUrl":"https://Nat754.github.io/StroyremAutomation/245//#testresult/e1ec83d64b319101","status":"skipped","statusDetails":"XFAIL\n\nselenium.common.exceptions.NoSuchElementException: Message: no such element: Unable to locate element: {\"method\":\"xpath\",\"selector\":\"(//a[@class='add-to-cart yellow-btn'])[1]\"}\n  (Session info: chrome-headless-shell=122.0.6261.128); For documentation on this error, please visit: https://www.selenium.dev/documentation/webdriver/troubleshooting/errors#no-such-element-exception\nStacktrace:\n#0 0x55d6292d2f33 <unknown>\n#1 0x55d628fcace6 <unknown>\n#2 0x55d629015e48 <unknown>\n#3 0x55d629015f01 <unknown>\n#4 0x55d6290593f4 <unknown>\n#5 0x55d629037edd <unknown>\n#6 0x55d629056899 <unknown>\n#7 0x55d629037c53 <unknown>\n#8 0x55d629008db3 <unknown>\n#9 0x55d62900977e <unknown>\n#10 0x55d62929886b <unknown>\n#11 0x55d62929c885 <unknown>\n#12 0x55d629286181 <unknown>\n#13 0x55d62929d412 <unknown>\n#14 0x55d62926a25f <unknown>\n#15 0x55d6292c1528 <unknown>\n#16 0x55d6292c1723 <unknown>\n#17 0x55d6292d20e4 <unknown>\n#18 0x7fbb7b9e0134 <unknown>","time":{"start":1710291215686,"stop":1710291216124,"duration":438}},{"uid":"f0b8cfde6182b1d5","reportUrl":"https://Nat754.github.io/StroyremAutomation/244//#testresult/f0b8cfde6182b1d5","status":"skipped","statusDetails":"XFAIL\n\nselenium.common.exceptions.NoSuchElementException: Message: no such element: Unable to locate element: {\"method\":\"xpath\",\"selector\":\"(//a[@class='add-to-cart yellow-btn'])[1]\"}\n  (Session info: chrome-headless-shell=122.0.6261.111); For documentation on this error, please visit: https://www.selenium.dev/documentation/webdriver/troubleshooting/errors#no-such-element-exception\nStacktrace:\n#0 0x559153fa1ec3 <unknown>\n#1 0x559153c99ce6 <unknown>\n#2 0x559153ce4e48 <unknown>\n#3 0x559153ce4f01 <unknown>\n#4 0x559153d283f4 <unknown>\n#5 0x559153d06edd <unknown>\n#6 0x559153d25899 <unknown>\n#7 0x559153d06c53 <unknown>\n#8 0x559153cd7db3 <unknown>\n#9 0x559153cd877e <unknown>\n#10 0x559153f677fb <unknown>\n#11 0x559153f6b815 <unknown>\n#12 0x559153f55111 <unknown>\n#13 0x559153f6c3a2 <unknown>\n#14 0x559153f391ef <unknown>\n#15 0x559153f904b8 <unknown>\n#16 0x559153f906b3 <unknown>\n#17 0x559153fa1074 <unknown>\n#18 0x7fa0d7def134 <unknown>","time":{"start":1710204680849,"stop":1710204681282,"duration":433}},{"uid":"7169c812fcbdcc77","reportUrl":"https://Nat754.github.io/StroyremAutomation/243//#testresult/7169c812fcbdcc77","status":"skipped","statusDetails":"XFAIL\n\nselenium.common.exceptions.NoSuchElementException: Message: no such element: Unable to locate element: {\"method\":\"xpath\",\"selector\":\"(//a[@class='add-to-cart yellow-btn'])[1]\"}\n  (Session info: chrome-headless-shell=122.0.6261.111); For documentation on this error, please visit: https://www.selenium.dev/documentation/webdriver/troubleshooting/errors#no-such-element-exception\nStacktrace:\n#0 0x5614aa25cec3 <unknown>\n#1 0x5614a9f54ce6 <unknown>\n#2 0x5614a9f9fe48 <unknown>\n#3 0x5614a9f9ff01 <unknown>\n#4 0x5614a9fe33f4 <unknown>\n#5 0x5614a9fc1edd <unknown>\n#6 0x5614a9fe0899 <unknown>\n#7 0x5614a9fc1c53 <unknown>\n#8 0x5614a9f92db3 <unknown>\n#9 0x5614a9f9377e <unknown>\n#10 0x5614aa2227fb <unknown>\n#11 0x5614aa226815 <unknown>\n#12 0x5614aa210111 <unknown>\n#13 0x5614aa2273a2 <unknown>\n#14 0x5614aa1f41ef <unknown>\n#15 0x5614aa24b4b8 <unknown>\n#16 0x5614aa24b6b3 <unknown>\n#17 0x5614aa25c074 <unknown>\n#18 0x7ff5d37fb134 <unknown>","time":{"start":1710118416121,"stop":1710118416874,"duration":753}},{"uid":"cbd8fc199633650d","reportUrl":"https://Nat754.github.io/StroyremAutomation/242//#testresult/cbd8fc199633650d","status":"skipped","statusDetails":"XFAIL\n\nselenium.common.exceptions.NoSuchElementException: Message: no such element: Unable to locate element: {\"method\":\"xpath\",\"selector\":\"(//a[@class='add-to-cart yellow-btn'])[1]\"}\n  (Session info: chrome-headless-shell=122.0.6261.111); For documentation on this error, please visit: https://www.selenium.dev/documentation/webdriver/troubleshooting/errors#no-such-element-exception\nStacktrace:\n#0 0x557d45b0bec3 <unknown>\n#1 0x557d45803ce6 <unknown>\n#2 0x557d4584ee48 <unknown>\n#3 0x557d4584ef01 <unknown>\n#4 0x557d458923f4 <unknown>\n#5 0x557d45870edd <unknown>\n#6 0x557d4588f899 <unknown>\n#7 0x557d45870c53 <unknown>\n#8 0x557d45841db3 <unknown>\n#9 0x557d4584277e <unknown>\n#10 0x557d45ad17fb <unknown>\n#11 0x557d45ad5815 <unknown>\n#12 0x557d45abf111 <unknown>\n#13 0x557d45ad63a2 <unknown>\n#14 0x557d45aa31ef <unknown>\n#15 0x557d45afa4b8 <unknown>\n#16 0x557d45afa6b3 <unknown>\n#17 0x557d45b0b074 <unknown>\n#18 0x7fdbf7d14134 <unknown>","time":{"start":1710032183963,"stop":1710032184293,"duration":330}},{"uid":"794b404fd3343d75","reportUrl":"https://Nat754.github.io/StroyremAutomation/241//#testresult/794b404fd3343d75","status":"skipped","statusDetails":"XFAIL\n\nselenium.common.exceptions.NoSuchElementException: Message: no such element: Unable to locate element: {\"method\":\"xpath\",\"selector\":\"(//a[@class='add-to-cart yellow-btn'])[1]\"}\n  (Session info: chrome-headless-shell=122.0.6261.111); For documentation on this error, please visit: https://www.selenium.dev/documentation/webdriver/troubleshooting/errors#no-such-element-exception\nStacktrace:\n#0 0x5564ad0e5ec3 <unknown>\n#1 0x5564acdddce6 <unknown>\n#2 0x5564ace28e48 <unknown>\n#3 0x5564ace28f01 <unknown>\n#4 0x5564ace6c3f4 <unknown>\n#5 0x5564ace4aedd <unknown>\n#6 0x5564ace69899 <unknown>\n#7 0x5564ace4ac53 <unknown>\n#8 0x5564ace1bdb3 <unknown>\n#9 0x5564ace1c77e <unknown>\n#10 0x5564ad0ab7fb <unknown>\n#11 0x5564ad0af815 <unknown>\n#12 0x5564ad099111 <unknown>\n#13 0x5564ad0b03a2 <unknown>\n#14 0x5564ad07d1ef <unknown>\n#15 0x5564ad0d44b8 <unknown>\n#16 0x5564ad0d46b3 <unknown>\n#17 0x5564ad0e5074 <unknown>\n#18 0x7fb07e07a134 <unknown>","time":{"start":1709945393814,"stop":1709945394167,"duration":353}},{"uid":"20fd9d4c37d95453","reportUrl":"https://Nat754.github.io/StroyremAutomation/240//#testresult/20fd9d4c37d95453","status":"skipped","statusDetails":"XFAIL\n\nselenium.common.exceptions.NoSuchElementException: Message: no such element: Unable to locate element: {\"method\":\"xpath\",\"selector\":\"(//a[@class='add-to-cart yellow-btn'])[1]\"}\n  (Session info: chrome-headless-shell=122.0.6261.111); For documentation on this error, please visit: https://www.selenium.dev/documentation/webdriver/troubleshooting/errors#no-such-element-exception\nStacktrace:\n#0 0x55cd476aeec3 <unknown>\n#1 0x55cd473a6ce6 <unknown>\n#2 0x55cd473f1e48 <unknown>\n#3 0x55cd473f1f01 <unknown>\n#4 0x55cd474353f4 <unknown>\n#5 0x55cd47413edd <unknown>\n#6 0x55cd47432899 <unknown>\n#7 0x55cd47413c53 <unknown>\n#8 0x55cd473e4db3 <unknown>\n#9 0x55cd473e577e <unknown>\n#10 0x55cd476747fb <unknown>\n#11 0x55cd47678815 <unknown>\n#12 0x55cd47662111 <unknown>\n#13 0x55cd476793a2 <unknown>\n#14 0x55cd476461ef <unknown>\n#15 0x55cd4769d4b8 <unknown>\n#16 0x55cd4769d6b3 <unknown>\n#17 0x55cd476ae074 <unknown>\n#18 0x7f7a2af7e134 <unknown>","time":{"start":1709859075874,"stop":1709859076454,"duration":580}},{"uid":"b4e45935fb78eee0","reportUrl":"https://Nat754.github.io/StroyremAutomation/239//#testresult/b4e45935fb78eee0","status":"skipped","statusDetails":"XFAIL\n\nselenium.common.exceptions.NoSuchElementException: Message: no such element: Unable to locate element: {\"method\":\"xpath\",\"selector\":\"(//a[@class='add-to-cart yellow-btn'])[1]\"}\n  (Session info: chrome-headless-shell=122.0.6261.94); For documentation on this error, please visit: https://www.selenium.dev/documentation/webdriver/troubleshooting/errors#no-such-element-exception\nStacktrace:\n#0 0x5644b501ee93 <unknown>\n#1 0x5644b4d16ce6 <unknown>\n#2 0x5644b4d61e48 <unknown>\n#3 0x5644b4d61f01 <unknown>\n#4 0x5644b4da53f4 <unknown>\n#5 0x5644b4d83edd <unknown>\n#6 0x5644b4da2899 <unknown>\n#7 0x5644b4d83c53 <unknown>\n#8 0x5644b4d54db3 <unknown>\n#9 0x5644b4d5577e <unknown>\n#10 0x5644b4fe47cb <unknown>\n#11 0x5644b4fe87e5 <unknown>\n#12 0x5644b4fd20e1 <unknown>\n#13 0x5644b4fe9372 <unknown>\n#14 0x5644b4fb61bf <unknown>\n#15 0x5644b500d488 <unknown>\n#16 0x5644b500d683 <unknown>\n#17 0x5644b501e044 <unknown>\n#18 0x7f9a38a39134 <unknown>","time":{"start":1709772133417,"stop":1709772134050,"duration":633}},{"uid":"3627454687fd9dad","reportUrl":"https://Nat754.github.io/StroyremAutomation/238//#testresult/3627454687fd9dad","status":"skipped","statusDetails":"XFAIL\n\nselenium.common.exceptions.NoSuchElementException: Message: no such element: Unable to locate element: {\"method\":\"xpath\",\"selector\":\"(//a[@class='add-to-cart yellow-btn'])[1]\"}\n  (Session info: chrome-headless-shell=122.0.6261.94); For documentation on this error, please visit: https://www.selenium.dev/documentation/webdriver/troubleshooting/errors#no-such-element-exception\nStacktrace:\n#0 0x563550a9ae93 <unknown>\n#1 0x563550792ce6 <unknown>\n#2 0x5635507dde48 <unknown>\n#3 0x5635507ddf01 <unknown>\n#4 0x5635508213f4 <unknown>\n#5 0x5635507ffedd <unknown>\n#6 0x56355081e899 <unknown>\n#7 0x5635507ffc53 <unknown>\n#8 0x5635507d0db3 <unknown>\n#9 0x5635507d177e <unknown>\n#10 0x563550a607cb <unknown>\n#11 0x563550a647e5 <unknown>\n#12 0x563550a4e0e1 <unknown>\n#13 0x563550a65372 <unknown>\n#14 0x563550a321bf <unknown>\n#15 0x563550a89488 <unknown>\n#16 0x563550a89683 <unknown>\n#17 0x563550a9a044 <unknown>\n#18 0x7fd2c14bc134 <unknown>","time":{"start":1709686340624,"stop":1709686340943,"duration":319}},{"uid":"5c77ded72728f540","reportUrl":"https://Nat754.github.io/StroyremAutomation/237//#testresult/5c77ded72728f540","status":"skipped","statusDetails":"XFAIL\n\nselenium.common.exceptions.NoSuchElementException: Message: no such element: Unable to locate element: {\"method\":\"xpath\",\"selector\":\"(//a[@class='add-to-cart yellow-btn'])[1]\"}\n  (Session info: chrome-headless-shell=122.0.6261.94); For documentation on this error, please visit: https://www.selenium.dev/documentation/webdriver/troubleshooting/errors#no-such-element-exception\nStacktrace:\n#0 0x558de199be93 <unknown>\n#1 0x558de1693ce6 <unknown>\n#2 0x558de16dee48 <unknown>\n#3 0x558de16def01 <unknown>\n#4 0x558de17223f4 <unknown>\n#5 0x558de1700edd <unknown>\n#6 0x558de171f899 <unknown>\n#7 0x558de1700c53 <unknown>\n#8 0x558de16d1db3 <unknown>\n#9 0x558de16d277e <unknown>\n#10 0x558de19617cb <unknown>\n#11 0x558de19657e5 <unknown>\n#12 0x558de194f0e1 <unknown>\n#13 0x558de1966372 <unknown>\n#14 0x558de19331bf <unknown>\n#15 0x558de198a488 <unknown>\n#16 0x558de198a683 <unknown>\n#17 0x558de199b044 <unknown>\n#18 0x7f52a70d2134 <unknown>","time":{"start":1709599919332,"stop":1709599919666,"duration":334}},{"uid":"bb6b66b74dc6f28e","reportUrl":"https://Nat754.github.io/StroyremAutomation/236//#testresult/bb6b66b74dc6f28e","status":"skipped","statusDetails":"XFAIL\n\nselenium.common.exceptions.NoSuchElementException: Message: no such element: Unable to locate element: {\"method\":\"xpath\",\"selector\":\"(//a[@class='add-to-cart yellow-btn'])[1]\"}\n  (Session info: chrome-headless-shell=122.0.6261.94); For documentation on this error, please visit: https://www.selenium.dev/documentation/webdriver/troubleshooting/errors#no-such-element-exception\nStacktrace:\n#0 0x56144db1ae93 <unknown>\n#1 0x56144d812ce6 <unknown>\n#2 0x56144d85de48 <unknown>\n#3 0x56144d85df01 <unknown>\n#4 0x56144d8a13f4 <unknown>\n#5 0x56144d87fedd <unknown>\n#6 0x56144d89e899 <unknown>\n#7 0x56144d87fc53 <unknown>\n#8 0x56144d850db3 <unknown>\n#9 0x56144d85177e <unknown>\n#10 0x56144dae07cb <unknown>\n#11 0x56144dae47e5 <unknown>\n#12 0x56144dace0e1 <unknown>\n#13 0x56144dae5372 <unknown>\n#14 0x56144dab21bf <unknown>\n#15 0x56144db09488 <unknown>\n#16 0x56144db09683 <unknown>\n#17 0x56144db1a044 <unknown>\n#18 0x7fc7edbc7134 <unknown>","time":{"start":1709513623807,"stop":1709513624413,"duration":606}},{"uid":"d089a8925ddca484","reportUrl":"https://Nat754.github.io/StroyremAutomation/235//#testresult/d089a8925ddca484","status":"skipped","statusDetails":"XFAIL\n\nselenium.common.exceptions.NoSuchElementException: Message: no such element: Unable to locate element: {\"method\":\"xpath\",\"selector\":\"(//a[@class='add-to-cart yellow-btn'])[1]\"}\n  (Session info: chrome-headless-shell=122.0.6261.94); For documentation on this error, please visit: https://www.selenium.dev/documentation/webdriver/troubleshooting/errors#no-such-element-exception\nStacktrace:\n#0 0x55d5e0662e93 <unknown>\n#1 0x55d5e035ace6 <unknown>\n#2 0x55d5e03a5e48 <unknown>\n#3 0x55d5e03a5f01 <unknown>\n#4 0x55d5e03e93f4 <unknown>\n#5 0x55d5e03c7edd <unknown>\n#6 0x55d5e03e6899 <unknown>\n#7 0x55d5e03c7c53 <unknown>\n#8 0x55d5e0398db3 <unknown>\n#9 0x55d5e039977e <unknown>\n#10 0x55d5e06287cb <unknown>\n#11 0x55d5e062c7e5 <unknown>\n#12 0x55d5e06160e1 <unknown>\n#13 0x55d5e062d372 <unknown>\n#14 0x55d5e05fa1bf <unknown>\n#15 0x55d5e0651488 <unknown>\n#16 0x55d5e0651683 <unknown>\n#17 0x55d5e0662044 <unknown>\n#18 0x7f518c2b5134 <unknown>","time":{"start":1709427358893,"stop":1709427359327,"duration":434}},{"uid":"f13e9d2b33eb1df","reportUrl":"https://Nat754.github.io/StroyremAutomation/234//#testresult/f13e9d2b33eb1df","status":"skipped","statusDetails":"XFAIL\n\nselenium.common.exceptions.NoSuchElementException: Message: no such element: Unable to locate element: {\"method\":\"xpath\",\"selector\":\"(//a[@class='add-to-cart yellow-btn'])[1]\"}\n  (Session info: chrome-headless-shell=122.0.6261.94); For documentation on this error, please visit: https://www.selenium.dev/documentation/webdriver/troubleshooting/errors#no-such-element-exception\nStacktrace:\n#0 0x55cbce370e93 <unknown>\n#1 0x55cbce068ce6 <unknown>\n#2 0x55cbce0b3e48 <unknown>\n#3 0x55cbce0b3f01 <unknown>\n#4 0x55cbce0f73f4 <unknown>\n#5 0x55cbce0d5edd <unknown>\n#6 0x55cbce0f4899 <unknown>\n#7 0x55cbce0d5c53 <unknown>\n#8 0x55cbce0a6db3 <unknown>\n#9 0x55cbce0a777e <unknown>\n#10 0x55cbce3367cb <unknown>\n#11 0x55cbce33a7e5 <unknown>\n#12 0x55cbce3240e1 <unknown>\n#13 0x55cbce33b372 <unknown>\n#14 0x55cbce3081bf <unknown>\n#15 0x55cbce35f488 <unknown>\n#16 0x55cbce35f683 <unknown>\n#17 0x55cbce370044 <unknown>\n#18 0x7f3640ba2134 <unknown>","time":{"start":1709340619011,"stop":1709340619632,"duration":621}}]},"tags":["@pytest.mark.xfail","smoke_test"]},"source":"9f145657f8ddf51f.json","parameterValues":["13480","366","'TD 013'","12450","'products/shtukaturka-gipsovaya-aksolit-m50-30-kg-mashinnogo-naneseniya'","4800","'https://sandboxtest.stroyrem-nn.ru/'","11000"]}