{"uid":"5ef906784ee8806e","name":"test_positive_delivery_green_zone_smoke[TD 013-products/shtukaturka-gipsovaya-aksolit-m50-30-kg-mashinnogo-naneseniya-366-11000-4800-12450-13480-https://sandboxtest.stroyrem-nn.ru/]","fullName":"tests.delivery.test_delivery_calculation.TestDeliveryPageCalculation#test_positive_delivery_green_zone_smoke","historyId":"138a96f7f81216afdff8252a6c5795ca","time":{"start":1726103073018,"stop":1726103073438,"duration":420},"status":"skipped","statusMessage":"XFAIL\n\nselenium.common.exceptions.NoSuchElementException: Message: no such element: Unable to locate element: {\"method\":\"xpath\",\"selector\":\"(//a[@class='add-to-cart yellow-btn'])[1]\"}\n  (Session info: chrome=128.0.6613.137); For documentation on this error, please visit: https://www.selenium.dev/documentation/webdriver/troubleshooting/errors#no-such-element-exception\nStacktrace:\n#0 0x56378a15d2da <unknown>\n#1 0x563789e2b200 <unknown>\n#2 0x563789e7aaa2 <unknown>\n#3 0x563789e7ad41 <unknown>\n#4 0x563789ec0964 <unknown>\n#5 0x563789e9f8fd <unknown>\n#6 0x563789ebddfd <unknown>\n#7 0x563789e9f673 <unknown>\n#8 0x563789e6d473 <unknown>\n#9 0x563789e6e47e <unknown>\n#10 0x56378a1240db <unknown>\n#11 0x56378a128071 <unknown>\n#12 0x56378a1109d5 <unknown>\n#13 0x56378a128bf2 <unknown>\n#14 0x56378a0f5b6f <unknown>\n#15 0x56378a14c248 <unknown>\n#16 0x56378a14c417 <unknown>\n#17 0x56378a15c0cc <unknown>\n#18 0x7febd8b43144 <unknown>","statusTrace":"self = <tests.delivery.test_delivery_calculation.TestDeliveryPageCalculation object at 0x7f0703c9d4d0>\ndriver = <selenium.webdriver.chrome.webdriver.WebDriver (session=\"c5f4f554a5e3a14bc032ec1c08a32351\")>\nurl = 'https://sandboxtest.stroyrem-nn.ru/', case_id = 'TD 013'\nlink_item = 'products/shtukaturka-gipsovaya-aksolit-m50-30-kg-mashinnogo-naneseniya'\namount = 366, weight = 11000, standard = 4800, in_time = 12450, all_time = 13480\n\n    @pytest.mark.parametrize('case_id, link_item, amount, weight, standard, in_time, all_time', [\n        (\"TD 001\", uroven_3000, 1, 30, 0, 1590, 2190),\n        (\"TD 002\", bundeks_25, 1, 30, 400, 1590, 2190),\n        (\"TD 003\", aksolit_30, 8, 300, 400, 1590, 2190),\n        (\"TD 004\", aksolit_30, 13, 400, 450, 1590, 2190),\n        (\"TD 005\", aksolit_30, 16, 500, 600, 1590, 2190),\n        (\"TD 006\", aksolit_30, 25, 1700, 990, 1990, 2480),\n        (\"TD 007\", aksolit_30, 66, 2000, 1300, 2490, 2980),\n        (\"TD 008\", aksolit_30, 149, 4500, 2300, 3980, 4490),\n        (\"TD 009\", aksolit_30, 166, 5000, 2500, 4990, 5480),\n        pytest.param(\n            \"TD 010\", aksolit_30, 206, 6200, 2900, 5570, 6120,\n            marks=pytest.mark.xfail(reson=\"Цена доставки 3600 7960 8980\")\n        ),\n        (\"TD 011\", aksolit_30, 299, 9000, 3600, 7960, 8980),\n        (\"TD 012\", aksolit_30, 333, 10000, 4450, 11990, 12500),\n        pytest.param(\n            \"TD 013\", aksolit_30, 366, 11000, 4800, 12450, 13480,\n            marks=pytest.mark.xfail(reason=\"Цена стандартной доставки 4450\")\n        ),\n        pytest.param(\n            \"TD 014\", aksolit_30, 666, 20000, 5400, 15600, 17490,\n            marks=pytest.mark.xfail(reason=\"Цена стандартной доставки 4450\")\n        )\n    ])\n    @pytest.mark.xfail\n    @pytest.mark.smoke_test\n    def test_positive_delivery_green_zone_smoke(\n            self, driver, url, case_id, link_item, amount, weight, standard, in_time, all_time\n    ):\n    \n        driver.get(f'{url}{link_item}')\n        item_page = ItemPage(driver)\n>       item_page.add_item_to_cart(amount).click_on_cart()\n\ntests/delivery/test_delivery_calculation.py:50: \n_ _ _ _ _ _ _ _ _ _ _ _ _ _ _ _ _ _ _ _ _ _ _ _ _ _ _ _ _ _ _ _ _ _ _ _ _ _ _ _ \npages/item_page.py:40: in add_item_to_cart\n    self.find_element(self._add_item).click()\nbase/seleniumbase.py:17: in find_element\n    return self.driver.find_element(*locator)\n/usr/local/lib/python3.11/site-packages/selenium/webdriver/remote/webdriver.py:739: in find_element\n    return self.execute(Command.FIND_ELEMENT, {\"using\": by, \"value\": value})[\"value\"]\n/usr/local/lib/python3.11/site-packages/selenium/webdriver/remote/webdriver.py:345: in execute\n    self.error_handler.check_response(response)\n_ _ _ _ _ _ _ _ _ _ _ _ _ _ _ _ _ _ _ _ _ _ _ _ _ _ _ _ _ _ _ _ _ _ _ _ _ _ _ _ \n\nself = <selenium.webdriver.remote.errorhandler.ErrorHandler object at 0x7f070482c850>\nresponse = {'status': 404, 'value': '{\"value\":{\"error\":\"no such element\",\"message\":\"no such element: Unable to locate element: {\\...\\\\n#16 0x56378a14c417 \\\\u003Cunknown>\\\\n#17 0x56378a15c0cc \\\\u003Cunknown>\\\\n#18 0x7febd8b43144 \\\\u003Cunknown>\\\\n\"}}'}\n\n    def check_response(self, response: Dict[str, Any]) -> None:\n        \"\"\"Checks that a JSON response from the WebDriver does not have an\n        error.\n    \n        :Args:\n         - response - The JSON response from the WebDriver server as a dictionary\n           object.\n    \n        :Raises: If the response contains an error message.\n        \"\"\"\n        status = response.get(\"status\", None)\n        if not status or status == ErrorCode.SUCCESS:\n            return\n        value = None\n        message = response.get(\"message\", \"\")\n        screen: str = response.get(\"screen\", \"\")\n        stacktrace = None\n        if isinstance(status, int):\n            value_json = response.get(\"value\", None)\n            if value_json and isinstance(value_json, str):\n                import json\n    \n                try:\n                    value = json.loads(value_json)\n                    if len(value) == 1:\n                        value = value[\"value\"]\n                    status = value.get(\"error\", None)\n                    if not status:\n                        status = value.get(\"status\", ErrorCode.UNKNOWN_ERROR)\n                        message = value.get(\"value\") or value.get(\"message\")\n                        if not isinstance(message, str):\n                            value = message\n                            message = message.get(\"message\")\n                    else:\n                        message = value.get(\"message\", None)\n                except ValueError:\n                    pass\n    \n        exception_class: Type[WebDriverException]\n        e = ErrorCode()\n        error_codes = [item for item in dir(e) if not item.startswith(\"__\")]\n        for error_code in error_codes:\n            error_info = getattr(ErrorCode, error_code)\n            if isinstance(error_info, list) and status in error_info:\n                exception_class = getattr(ExceptionMapping, error_code, WebDriverException)\n                break\n        else:\n            exception_class = WebDriverException\n    \n        if not value:\n            value = response[\"value\"]\n        if isinstance(value, str):\n            raise exception_class(value)\n        if message == \"\" and \"message\" in value:\n            message = value[\"message\"]\n    \n        screen = None  # type: ignore[assignment]\n        if \"screen\" in value:\n            screen = value[\"screen\"]\n    \n        stacktrace = None\n        st_value = value.get(\"stackTrace\") or value.get(\"stacktrace\")\n        if st_value:\n            if isinstance(st_value, str):\n                stacktrace = st_value.split(\"\\n\")\n            else:\n                stacktrace = []\n                try:\n                    for frame in st_value:\n                        line = frame.get(\"lineNumber\", \"\")\n                        file = frame.get(\"fileName\", \"<anonymous>\")\n                        if line:\n                            file = f\"{file}:{line}\"\n                        meth = frame.get(\"methodName\", \"<anonymous>\")\n                        if \"className\" in frame:\n                            meth = f\"{frame['className']}.{meth}\"\n                        msg = \"    at %s (%s)\"\n                        msg = msg % (meth, file)\n                        stacktrace.append(msg)\n                except TypeError:\n                    pass\n        if exception_class == UnexpectedAlertPresentException:\n            alert_text = None\n            if \"data\" in value:\n                alert_text = value[\"data\"].get(\"text\")\n            elif \"alert\" in value:\n                alert_text = value[\"alert\"].get(\"text\")\n            raise exception_class(message, screen, stacktrace, alert_text)  # type: ignore[call-arg]  # mypy is not smart enough here\n>       raise exception_class(message, screen, stacktrace)\nE       selenium.common.exceptions.NoSuchElementException: Message: no such element: Unable to locate element: {\"method\":\"xpath\",\"selector\":\"(//a[@class='add-to-cart yellow-btn'])[1]\"}\nE         (Session info: chrome=128.0.6613.137); For documentation on this error, please visit: https://www.selenium.dev/documentation/webdriver/troubleshooting/errors#no-such-element-exception\nE       Stacktrace:\nE       #0 0x56378a15d2da <unknown>\nE       #1 0x563789e2b200 <unknown>\nE       #2 0x563789e7aaa2 <unknown>\nE       #3 0x563789e7ad41 <unknown>\nE       #4 0x563789ec0964 <unknown>\nE       #5 0x563789e9f8fd <unknown>\nE       #6 0x563789ebddfd <unknown>\nE       #7 0x563789e9f673 <unknown>\nE       #8 0x563789e6d473 <unknown>\nE       #9 0x563789e6e47e <unknown>\nE       #10 0x56378a1240db <unknown>\nE       #11 0x56378a128071 <unknown>\nE       #12 0x56378a1109d5 <unknown>\nE       #13 0x56378a128bf2 <unknown>\nE       #14 0x56378a0f5b6f <unknown>\nE       #15 0x56378a14c248 <unknown>\nE       #16 0x56378a14c417 <unknown>\nE       #17 0x56378a15c0cc <unknown>\nE       #18 0x7febd8b43144 <unknown>\n\n/usr/local/lib/python3.11/site-packages/selenium/webdriver/remote/errorhandler.py:229: NoSuchElementException","flaky":false,"newFailed":false,"newBroken":false,"newPassed":false,"retriesCount":0,"retriesStatusChange":false,"beforeStages":[{"name":"_session_faker","time":{"start":1726102821951,"stop":1726102822030,"duration":79},"status":"passed","steps":[],"attachments":[],"parameters":[],"shouldDisplayMessage":false,"stepsCount":0,"attachmentsCount":0,"hasContent":false,"attachmentStep":false},{"name":"clear_allure_results_folder","time":{"start":1726102822030,"stop":1726102822030,"duration":0},"status":"passed","steps":[],"attachments":[],"parameters":[],"shouldDisplayMessage":false,"stepsCount":0,"attachmentsCount":0,"hasContent":false,"attachmentStep":false},{"name":"driver","time":{"start":1726103072197,"stop":1726103073016,"duration":819},"status":"passed","steps":[],"attachments":[],"parameters":[],"shouldDisplayMessage":false,"stepsCount":0,"attachmentsCount":0,"hasContent":false,"attachmentStep":false},{"name":"setup","time":{"start":1726103073017,"stop":1726103073017,"duration":0},"status":"passed","steps":[],"attachments":[],"parameters":[],"shouldDisplayMessage":false,"stepsCount":0,"attachmentsCount":0,"hasContent":false,"attachmentStep":false}],"testStage":{"status":"skipped","statusMessage":"XFAIL\n\nselenium.common.exceptions.NoSuchElementException: Message: no such element: Unable to locate element: {\"method\":\"xpath\",\"selector\":\"(//a[@class='add-to-cart yellow-btn'])[1]\"}\n  (Session info: chrome=128.0.6613.137); For documentation on this error, please visit: https://www.selenium.dev/documentation/webdriver/troubleshooting/errors#no-such-element-exception\nStacktrace:\n#0 0x56378a15d2da <unknown>\n#1 0x563789e2b200 <unknown>\n#2 0x563789e7aaa2 <unknown>\n#3 0x563789e7ad41 <unknown>\n#4 0x563789ec0964 <unknown>\n#5 0x563789e9f8fd <unknown>\n#6 0x563789ebddfd <unknown>\n#7 0x563789e9f673 <unknown>\n#8 0x563789e6d473 <unknown>\n#9 0x563789e6e47e <unknown>\n#10 0x56378a1240db <unknown>\n#11 0x56378a128071 <unknown>\n#12 0x56378a1109d5 <unknown>\n#13 0x56378a128bf2 <unknown>\n#14 0x56378a0f5b6f <unknown>\n#15 0x56378a14c248 <unknown>\n#16 0x56378a14c417 <unknown>\n#17 0x56378a15c0cc <unknown>\n#18 0x7febd8b43144 <unknown>","statusTrace":"self = <tests.delivery.test_delivery_calculation.TestDeliveryPageCalculation object at 0x7f0703c9d4d0>\ndriver = <selenium.webdriver.chrome.webdriver.WebDriver (session=\"c5f4f554a5e3a14bc032ec1c08a32351\")>\nurl = 'https://sandboxtest.stroyrem-nn.ru/', case_id = 'TD 013'\nlink_item = 'products/shtukaturka-gipsovaya-aksolit-m50-30-kg-mashinnogo-naneseniya'\namount = 366, weight = 11000, standard = 4800, in_time = 12450, all_time = 13480\n\n    @pytest.mark.parametrize('case_id, link_item, amount, weight, standard, in_time, all_time', [\n        (\"TD 001\", uroven_3000, 1, 30, 0, 1590, 2190),\n        (\"TD 002\", bundeks_25, 1, 30, 400, 1590, 2190),\n        (\"TD 003\", aksolit_30, 8, 300, 400, 1590, 2190),\n        (\"TD 004\", aksolit_30, 13, 400, 450, 1590, 2190),\n        (\"TD 005\", aksolit_30, 16, 500, 600, 1590, 2190),\n        (\"TD 006\", aksolit_30, 25, 1700, 990, 1990, 2480),\n        (\"TD 007\", aksolit_30, 66, 2000, 1300, 2490, 2980),\n        (\"TD 008\", aksolit_30, 149, 4500, 2300, 3980, 4490),\n        (\"TD 009\", aksolit_30, 166, 5000, 2500, 4990, 5480),\n        pytest.param(\n            \"TD 010\", aksolit_30, 206, 6200, 2900, 5570, 6120,\n            marks=pytest.mark.xfail(reson=\"Цена доставки 3600 7960 8980\")\n        ),\n        (\"TD 011\", aksolit_30, 299, 9000, 3600, 7960, 8980),\n        (\"TD 012\", aksolit_30, 333, 10000, 4450, 11990, 12500),\n        pytest.param(\n            \"TD 013\", aksolit_30, 366, 11000, 4800, 12450, 13480,\n            marks=pytest.mark.xfail(reason=\"Цена стандартной доставки 4450\")\n        ),\n        pytest.param(\n            \"TD 014\", aksolit_30, 666, 20000, 5400, 15600, 17490,\n            marks=pytest.mark.xfail(reason=\"Цена стандартной доставки 4450\")\n        )\n    ])\n    @pytest.mark.xfail\n    @pytest.mark.smoke_test\n    def test_positive_delivery_green_zone_smoke(\n            self, driver, url, case_id, link_item, amount, weight, standard, in_time, all_time\n    ):\n    \n        driver.get(f'{url}{link_item}')\n        item_page = ItemPage(driver)\n>       item_page.add_item_to_cart(amount).click_on_cart()\n\ntests/delivery/test_delivery_calculation.py:50: \n_ _ _ _ _ _ _ _ _ _ _ _ _ _ _ _ _ _ _ _ _ _ _ _ _ _ _ _ _ _ _ _ _ _ _ _ _ _ _ _ \npages/item_page.py:40: in add_item_to_cart\n    self.find_element(self._add_item).click()\nbase/seleniumbase.py:17: in find_element\n    return self.driver.find_element(*locator)\n/usr/local/lib/python3.11/site-packages/selenium/webdriver/remote/webdriver.py:739: in find_element\n    return self.execute(Command.FIND_ELEMENT, {\"using\": by, \"value\": value})[\"value\"]\n/usr/local/lib/python3.11/site-packages/selenium/webdriver/remote/webdriver.py:345: in execute\n    self.error_handler.check_response(response)\n_ _ _ _ _ _ _ _ _ _ _ _ _ _ _ _ _ _ _ _ _ _ _ _ _ _ _ _ _ _ _ _ _ _ _ _ _ _ _ _ \n\nself = <selenium.webdriver.remote.errorhandler.ErrorHandler object at 0x7f070482c850>\nresponse = {'status': 404, 'value': '{\"value\":{\"error\":\"no such element\",\"message\":\"no such element: Unable to locate element: {\\...\\\\n#16 0x56378a14c417 \\\\u003Cunknown>\\\\n#17 0x56378a15c0cc \\\\u003Cunknown>\\\\n#18 0x7febd8b43144 \\\\u003Cunknown>\\\\n\"}}'}\n\n    def check_response(self, response: Dict[str, Any]) -> None:\n        \"\"\"Checks that a JSON response from the WebDriver does not have an\n        error.\n    \n        :Args:\n         - response - The JSON response from the WebDriver server as a dictionary\n           object.\n    \n        :Raises: If the response contains an error message.\n        \"\"\"\n        status = response.get(\"status\", None)\n        if not status or status == ErrorCode.SUCCESS:\n            return\n        value = None\n        message = response.get(\"message\", \"\")\n        screen: str = response.get(\"screen\", \"\")\n        stacktrace = None\n        if isinstance(status, int):\n            value_json = response.get(\"value\", None)\n            if value_json and isinstance(value_json, str):\n                import json\n    \n                try:\n                    value = json.loads(value_json)\n                    if len(value) == 1:\n                        value = value[\"value\"]\n                    status = value.get(\"error\", None)\n                    if not status:\n                        status = value.get(\"status\", ErrorCode.UNKNOWN_ERROR)\n                        message = value.get(\"value\") or value.get(\"message\")\n                        if not isinstance(message, str):\n                            value = message\n                            message = message.get(\"message\")\n                    else:\n                        message = value.get(\"message\", None)\n                except ValueError:\n                    pass\n    \n        exception_class: Type[WebDriverException]\n        e = ErrorCode()\n        error_codes = [item for item in dir(e) if not item.startswith(\"__\")]\n        for error_code in error_codes:\n            error_info = getattr(ErrorCode, error_code)\n            if isinstance(error_info, list) and status in error_info:\n                exception_class = getattr(ExceptionMapping, error_code, WebDriverException)\n                break\n        else:\n            exception_class = WebDriverException\n    \n        if not value:\n            value = response[\"value\"]\n        if isinstance(value, str):\n            raise exception_class(value)\n        if message == \"\" and \"message\" in value:\n            message = value[\"message\"]\n    \n        screen = None  # type: ignore[assignment]\n        if \"screen\" in value:\n            screen = value[\"screen\"]\n    \n        stacktrace = None\n        st_value = value.get(\"stackTrace\") or value.get(\"stacktrace\")\n        if st_value:\n            if isinstance(st_value, str):\n                stacktrace = st_value.split(\"\\n\")\n            else:\n                stacktrace = []\n                try:\n                    for frame in st_value:\n                        line = frame.get(\"lineNumber\", \"\")\n                        file = frame.get(\"fileName\", \"<anonymous>\")\n                        if line:\n                            file = f\"{file}:{line}\"\n                        meth = frame.get(\"methodName\", \"<anonymous>\")\n                        if \"className\" in frame:\n                            meth = f\"{frame['className']}.{meth}\"\n                        msg = \"    at %s (%s)\"\n                        msg = msg % (meth, file)\n                        stacktrace.append(msg)\n                except TypeError:\n                    pass\n        if exception_class == UnexpectedAlertPresentException:\n            alert_text = None\n            if \"data\" in value:\n                alert_text = value[\"data\"].get(\"text\")\n            elif \"alert\" in value:\n                alert_text = value[\"alert\"].get(\"text\")\n            raise exception_class(message, screen, stacktrace, alert_text)  # type: ignore[call-arg]  # mypy is not smart enough here\n>       raise exception_class(message, screen, stacktrace)\nE       selenium.common.exceptions.NoSuchElementException: Message: no such element: Unable to locate element: {\"method\":\"xpath\",\"selector\":\"(//a[@class='add-to-cart yellow-btn'])[1]\"}\nE         (Session info: chrome=128.0.6613.137); For documentation on this error, please visit: https://www.selenium.dev/documentation/webdriver/troubleshooting/errors#no-such-element-exception\nE       Stacktrace:\nE       #0 0x56378a15d2da <unknown>\nE       #1 0x563789e2b200 <unknown>\nE       #2 0x563789e7aaa2 <unknown>\nE       #3 0x563789e7ad41 <unknown>\nE       #4 0x563789ec0964 <unknown>\nE       #5 0x563789e9f8fd <unknown>\nE       #6 0x563789ebddfd <unknown>\nE       #7 0x563789e9f673 <unknown>\nE       #8 0x563789e6d473 <unknown>\nE       #9 0x563789e6e47e <unknown>\nE       #10 0x56378a1240db <unknown>\nE       #11 0x56378a128071 <unknown>\nE       #12 0x56378a1109d5 <unknown>\nE       #13 0x56378a128bf2 <unknown>\nE       #14 0x56378a0f5b6f <unknown>\nE       #15 0x56378a14c248 <unknown>\nE       #16 0x56378a14c417 <unknown>\nE       #17 0x56378a15c0cc <unknown>\nE       #18 0x7febd8b43144 <unknown>\n\n/usr/local/lib/python3.11/site-packages/selenium/webdriver/remote/errorhandler.py:229: NoSuchElementException","steps":[{"name":"Добавляем товар в корзину в количестве 366","time":{"start":1726103073413,"stop":1726103073438,"duration":25},"status":"broken","statusMessage":"selenium.common.exceptions.NoSuchElementException: Message: no such element: Unable to locate element: {\"method\":\"xpath\",\"selector\":\"(//a[@class='add-to-cart yellow-btn'])[1]\"}\n  (Session info: chrome=128.0.6613.137); For documentation on this error, please visit: https://www.selenium.dev/documentation/webdriver/troubleshooting/errors#no-such-element-exception\nStacktrace:\n#0 0x56378a15d2da <unknown>\n#1 0x563789e2b200 <unknown>\n#2 0x563789e7aaa2 <unknown>\n#3 0x563789e7ad41 <unknown>\n#4 0x563789ec0964 <unknown>\n#5 0x563789e9f8fd <unknown>\n#6 0x563789ebddfd <unknown>\n#7 0x563789e9f673 <unknown>\n#8 0x563789e6d473 <unknown>\n#9 0x563789e6e47e <unknown>\n#10 0x56378a1240db <unknown>\n#11 0x56378a128071 <unknown>\n#12 0x56378a1109d5 <unknown>\n#13 0x56378a128bf2 <unknown>\n#14 0x56378a0f5b6f <unknown>\n#15 0x56378a14c248 <unknown>\n#16 0x56378a14c417 <unknown>\n#17 0x56378a15c0cc <unknown>\n#18 0x7febd8b43144 <unknown>\n\n","statusTrace":"  File \"/usr/local/lib/python3.11/site-packages/allure_commons/_allure.py\", line 192, in impl\n    return func(*a, **kw)\n           ^^^^^^^^^^^^^^\n  File \"/app/pages/item_page.py\", line 40, in add_item_to_cart\n    self.find_element(self._add_item).click()\n    ^^^^^^^^^^^^^^^^^^^^^^^^^^^^^^^^^\n  File \"/app/base/seleniumbase.py\", line 17, in find_element\n    return self.driver.find_element(*locator)\n           ^^^^^^^^^^^^^^^^^^^^^^^^^^^^^^^^^^\n  File \"/usr/local/lib/python3.11/site-packages/selenium/webdriver/remote/webdriver.py\", line 739, in find_element\n    return self.execute(Command.FIND_ELEMENT, {\"using\": by, \"value\": value})[\"value\"]\n           ^^^^^^^^^^^^^^^^^^^^^^^^^^^^^^^^^^^^^^^^^^^^^^^^^^^^^^^^^^^^^^^^^\n  File \"/usr/local/lib/python3.11/site-packages/selenium/webdriver/remote/webdriver.py\", line 345, in execute\n    self.error_handler.check_response(response)\n  File \"/usr/local/lib/python3.11/site-packages/selenium/webdriver/remote/errorhandler.py\", line 229, in check_response\n    raise exception_class(message, screen, stacktrace)\n","steps":[],"attachments":[],"parameters":[{"name":"amount","value":"366"}],"shouldDisplayMessage":true,"stepsCount":0,"attachmentsCount":0,"hasContent":true,"attachmentStep":false}],"attachments":[{"uid":"a88d0ebfb5a66bd","name":"Screenshot","source":"a88d0ebfb5a66bd.png","type":"image/png","size":46834},{"uid":"98d4facc49d0339d","name":"HTML source","source":"98d4facc49d0339d.html","type":"text/html","size":133701}],"parameters":[],"shouldDisplayMessage":true,"stepsCount":1,"attachmentsCount":2,"hasContent":true,"attachmentStep":false},"afterStages":[{"name":"setup::0","time":{"start":1726103073544,"stop":1726103073544,"duration":0},"status":"passed","steps":[],"attachments":[],"parameters":[],"shouldDisplayMessage":false,"stepsCount":0,"attachmentsCount":0,"hasContent":false,"attachmentStep":false},{"name":"driver::0","time":{"start":1726103073544,"stop":1726103073612,"duration":68},"status":"passed","steps":[],"attachments":[],"parameters":[],"shouldDisplayMessage":false,"stepsCount":0,"attachmentsCount":0,"hasContent":false,"attachmentStep":false}],"labels":[{"name":"epic","value":"Delivery Page - calculation"},{"name":"tag","value":"smoke_test"},{"name":"tag","value":"@pytest.mark.xfail"},{"name":"parentSuite","value":"tests.delivery"},{"name":"suite","value":"test_delivery_calculation"},{"name":"subSuite","value":"TestDeliveryPageCalculation"},{"name":"host","value":"7ab73500dd2f"},{"name":"thread","value":"1-MainThread"},{"name":"framework","value":"pytest"},{"name":"language","value":"cpython3"},{"name":"package","value":"tests.delivery.test_delivery_calculation"},{"name":"resultFormat","value":"allure2"}],"parameters":[{"name":"all_time","value":"13480"},{"name":"amount","value":"366"},{"name":"case_id","value":"'TD 013'"},{"name":"in_time","value":"12450"},{"name":"link_item","value":"'products/shtukaturka-gipsovaya-aksolit-m50-30-kg-mashinnogo-naneseniya'"},{"name":"standard","value":"4800"},{"name":"url","value":"'https://sandboxtest.stroyrem-nn.ru/'"},{"name":"weight","value":"11000"}],"links":[],"hidden":false,"retry":false,"extra":{"severity":"normal","retries":[],"categories":[],"history":{"statistic":{"failed":0,"broken":0,"skipped":105,"passed":0,"unknown":0,"total":105},"items":[{"uid":"194230b4ad2e2f33","reportUrl":"https://Nat754.github.io/StroyremAutomation/427//#testresult/194230b4ad2e2f33","status":"skipped","statusDetails":"XFAIL\n\nselenium.common.exceptions.NoSuchElementException: Message: no such element: Unable to locate element: {\"method\":\"xpath\",\"selector\":\"(//a[@class='add-to-cart yellow-btn'])[1]\"}\n  (Session info: chrome=128.0.6613.137); For documentation on this error, please visit: https://www.selenium.dev/documentation/webdriver/troubleshooting/errors#no-such-element-exception\nStacktrace:\n#0 0x55c68be382da <unknown>\n#1 0x55c68bb06200 <unknown>\n#2 0x55c68bb55aa2 <unknown>\n#3 0x55c68bb55d41 <unknown>\n#4 0x55c68bb9b964 <unknown>\n#5 0x55c68bb7a8fd <unknown>\n#6 0x55c68bb98dfd <unknown>\n#7 0x55c68bb7a673 <unknown>\n#8 0x55c68bb48473 <unknown>\n#9 0x55c68bb4947e <unknown>\n#10 0x55c68bdff0db <unknown>\n#11 0x55c68be03071 <unknown>\n#12 0x55c68bdeb9d5 <unknown>\n#13 0x55c68be03bf2 <unknown>\n#14 0x55c68bdd0b6f <unknown>\n#15 0x55c68be27248 <unknown>\n#16 0x55c68be27417 <unknown>\n#17 0x55c68be370cc <unknown>\n#18 0x7f5714763144 <unknown>","time":{"start":1726016645562,"stop":1726016646242,"duration":680}},{"uid":"ca03ba27b0c9f94f","reportUrl":"https://Nat754.github.io/StroyremAutomation/426//#testresult/ca03ba27b0c9f94f","status":"skipped","statusDetails":"XFAIL\n\nselenium.common.exceptions.NoSuchElementException: Message: no such element: Unable to locate element: {\"method\":\"xpath\",\"selector\":\"(//a[@class='add-to-cart yellow-btn'])[1]\"}\n  (Session info: chrome=128.0.6613.119); For documentation on this error, please visit: https://www.selenium.dev/documentation/webdriver/troubleshooting/errors#no-such-element-exception\nStacktrace:\n#0 0x555dabea786a <unknown>\n#1 0x555dabb75e50 <unknown>\n#2 0x555dabbc5644 <unknown>\n#3 0x555dabbc5931 <unknown>\n#4 0x555dabc0b534 <unknown>\n#5 0x555dabbea4bd <unknown>\n#6 0x555dabc089c6 <unknown>\n#7 0x555dabbea233 <unknown>\n#8 0x555dabbb8093 <unknown>\n#9 0x555dabbb909e <unknown>\n#10 0x555dabe6eacb <unknown>\n#11 0x555dabe72a81 <unknown>\n#12 0x555dabe5a695 <unknown>\n#13 0x555dabe735f2 <unknown>\n#14 0x555dabe3f86f <unknown>\n#15 0x555dabe96668 <unknown>\n#16 0x555dabe96832 <unknown>\n#17 0x555dabea665c <unknown>\n#18 0x7f08bad15144 <unknown>","time":{"start":1725930297861,"stop":1725930298269,"duration":408}},{"uid":"a33a9a55a68c2951","reportUrl":"https://Nat754.github.io/StroyremAutomation/425//#testresult/a33a9a55a68c2951","status":"skipped","statusDetails":"XFAIL\n\nselenium.common.exceptions.NoSuchElementException: Message: no such element: Unable to locate element: {\"method\":\"xpath\",\"selector\":\"(//a[@class='add-to-cart yellow-btn'])[1]\"}\n  (Session info: chrome=128.0.6613.119); For documentation on this error, please visit: https://www.selenium.dev/documentation/webdriver/troubleshooting/errors#no-such-element-exception\nStacktrace:\n#0 0x56038bec886a <unknown>\n#1 0x56038bb96e50 <unknown>\n#2 0x56038bbe6644 <unknown>\n#3 0x56038bbe6931 <unknown>\n#4 0x56038bc2c534 <unknown>\n#5 0x56038bc0b4bd <unknown>\n#6 0x56038bc299c6 <unknown>\n#7 0x56038bc0b233 <unknown>\n#8 0x56038bbd9093 <unknown>\n#9 0x56038bbda09e <unknown>\n#10 0x56038be8facb <unknown>\n#11 0x56038be93a81 <unknown>\n#12 0x56038be7b695 <unknown>\n#13 0x56038be945f2 <unknown>\n#14 0x56038be6086f <unknown>\n#15 0x56038beb7668 <unknown>\n#16 0x56038beb7832 <unknown>\n#17 0x56038bec765c <unknown>\n#18 0x7fa790749144 <unknown>","time":{"start":1725843968514,"stop":1725843968992,"duration":478}},{"uid":"31a139658303233e","reportUrl":"https://Nat754.github.io/StroyremAutomation/424//#testresult/31a139658303233e","status":"skipped","statusDetails":"XFAIL\n\nselenium.common.exceptions.NoSuchElementException: Message: no such element: Unable to locate element: {\"method\":\"xpath\",\"selector\":\"(//a[@class='add-to-cart yellow-btn'])[1]\"}\n  (Session info: chrome=128.0.6613.119); For documentation on this error, please visit: https://www.selenium.dev/documentation/webdriver/troubleshooting/errors#no-such-element-exception\nStacktrace:\n#0 0x55d7a65a686a <unknown>\n#1 0x55d7a6274e50 <unknown>\n#2 0x55d7a62c4644 <unknown>\n#3 0x55d7a62c4931 <unknown>\n#4 0x55d7a630a534 <unknown>\n#5 0x55d7a62e94bd <unknown>\n#6 0x55d7a63079c6 <unknown>\n#7 0x55d7a62e9233 <unknown>\n#8 0x55d7a62b7093 <unknown>\n#9 0x55d7a62b809e <unknown>\n#10 0x55d7a656dacb <unknown>\n#11 0x55d7a6571a81 <unknown>\n#12 0x55d7a6559695 <unknown>\n#13 0x55d7a65725f2 <unknown>\n#14 0x55d7a653e86f <unknown>\n#15 0x55d7a6595668 <unknown>\n#16 0x55d7a6595832 <unknown>\n#17 0x55d7a65a565c <unknown>\n#18 0x7f0a85843144 <unknown>","time":{"start":1725757715062,"stop":1725757715777,"duration":715}},{"uid":"773f28f99fefde3b","reportUrl":"https://Nat754.github.io/StroyremAutomation/423//#testresult/773f28f99fefde3b","status":"skipped","statusDetails":"XFAIL\n\nselenium.common.exceptions.NoSuchElementException: Message: no such element: Unable to locate element: {\"method\":\"xpath\",\"selector\":\"(//a[@class='add-to-cart yellow-btn'])[1]\"}\n  (Session info: chrome=128.0.6613.119); For documentation on this error, please visit: https://www.selenium.dev/documentation/webdriver/troubleshooting/errors#no-such-element-exception\nStacktrace:\n#0 0x55907ec8286a <unknown>\n#1 0x55907e950e50 <unknown>\n#2 0x55907e9a0644 <unknown>\n#3 0x55907e9a0931 <unknown>\n#4 0x55907e9e6534 <unknown>\n#5 0x55907e9c54bd <unknown>\n#6 0x55907e9e39c6 <unknown>\n#7 0x55907e9c5233 <unknown>\n#8 0x55907e993093 <unknown>\n#9 0x55907e99409e <unknown>\n#10 0x55907ec49acb <unknown>\n#11 0x55907ec4da81 <unknown>\n#12 0x55907ec35695 <unknown>\n#13 0x55907ec4e5f2 <unknown>\n#14 0x55907ec1a86f <unknown>\n#15 0x55907ec71668 <unknown>\n#16 0x55907ec71832 <unknown>\n#17 0x55907ec8165c <unknown>\n#18 0x7f82de227144 <unknown>","time":{"start":1725671020196,"stop":1725671020615,"duration":419}},{"uid":"3c7cf24693b1922f","reportUrl":"https://Nat754.github.io/StroyremAutomation/422//#testresult/3c7cf24693b1922f","status":"skipped","statusDetails":"XFAIL\n\nselenium.common.exceptions.NoSuchElementException: Message: no such element: Unable to locate element: {\"method\":\"xpath\",\"selector\":\"(//a[@class='add-to-cart yellow-btn'])[1]\"}\n  (Session info: chrome=128.0.6613.119); For documentation on this error, please visit: https://www.selenium.dev/documentation/webdriver/troubleshooting/errors#no-such-element-exception\nStacktrace:\n#0 0x5558b491286a <unknown>\n#1 0x5558b45e0e50 <unknown>\n#2 0x5558b4630644 <unknown>\n#3 0x5558b4630931 <unknown>\n#4 0x5558b4676534 <unknown>\n#5 0x5558b46554bd <unknown>\n#6 0x5558b46739c6 <unknown>\n#7 0x5558b4655233 <unknown>\n#8 0x5558b4623093 <unknown>\n#9 0x5558b462409e <unknown>\n#10 0x5558b48d9acb <unknown>\n#11 0x5558b48dda81 <unknown>\n#12 0x5558b48c5695 <unknown>\n#13 0x5558b48de5f2 <unknown>\n#14 0x5558b48aa86f <unknown>\n#15 0x5558b4901668 <unknown>\n#16 0x5558b4901832 <unknown>\n#17 0x5558b491165c <unknown>\n#18 0x7f1667cc0144 <unknown>","time":{"start":1725584670292,"stop":1725584670938,"duration":646}},{"uid":"527d39b1826e68ab","reportUrl":"https://Nat754.github.io/StroyremAutomation/421//#testresult/527d39b1826e68ab","status":"skipped","statusDetails":"XFAIL\n\nselenium.common.exceptions.NoSuchElementException: Message: no such element: Unable to locate element: {\"method\":\"xpath\",\"selector\":\"(//a[@class='add-to-cart yellow-btn'])[1]\"}\n  (Session info: chrome=128.0.6613.119); For documentation on this error, please visit: https://www.selenium.dev/documentation/webdriver/troubleshooting/errors#no-such-element-exception\nStacktrace:\n#0 0x5562048ac86a <unknown>\n#1 0x55620457ae50 <unknown>\n#2 0x5562045ca644 <unknown>\n#3 0x5562045ca931 <unknown>\n#4 0x556204610534 <unknown>\n#5 0x5562045ef4bd <unknown>\n#6 0x55620460d9c6 <unknown>\n#7 0x5562045ef233 <unknown>\n#8 0x5562045bd093 <unknown>\n#9 0x5562045be09e <unknown>\n#10 0x556204873acb <unknown>\n#11 0x556204877a81 <unknown>\n#12 0x55620485f695 <unknown>\n#13 0x5562048785f2 <unknown>\n#14 0x55620484486f <unknown>\n#15 0x55620489b668 <unknown>\n#16 0x55620489b832 <unknown>\n#17 0x5562048ab65c <unknown>\n#18 0x7f9632432144 <unknown>","time":{"start":1725498286218,"stop":1725498286650,"duration":432}},{"uid":"13a877648ee59ea7","reportUrl":"https://Nat754.github.io/StroyremAutomation/420//#testresult/13a877648ee59ea7","status":"skipped","statusDetails":"XFAIL\n\nselenium.common.exceptions.NoSuchElementException: Message: no such element: Unable to locate element: {\"method\":\"xpath\",\"selector\":\"(//a[@class='add-to-cart yellow-btn'])[1]\"}\n  (Session info: chrome=128.0.6613.119); For documentation on this error, please visit: https://www.selenium.dev/documentation/webdriver/troubleshooting/errors#no-such-element-exception\nStacktrace:\n#0 0x55845988586a <unknown>\n#1 0x558459553e50 <unknown>\n#2 0x5584595a3644 <unknown>\n#3 0x5584595a3931 <unknown>\n#4 0x5584595e9534 <unknown>\n#5 0x5584595c84bd <unknown>\n#6 0x5584595e69c6 <unknown>\n#7 0x5584595c8233 <unknown>\n#8 0x558459596093 <unknown>\n#9 0x55845959709e <unknown>\n#10 0x55845984cacb <unknown>\n#11 0x558459850a81 <unknown>\n#12 0x558459838695 <unknown>\n#13 0x5584598515f2 <unknown>\n#14 0x55845981d86f <unknown>\n#15 0x558459874668 <unknown>\n#16 0x558459874832 <unknown>\n#17 0x55845988465c <unknown>\n#18 0x7ff8b94d3134 <unknown>","time":{"start":1725411831675,"stop":1725411832091,"duration":416}},{"uid":"e7966d244033122d","reportUrl":"https://Nat754.github.io/StroyremAutomation/419//#testresult/e7966d244033122d","status":"skipped","statusDetails":"XFAIL\n\nselenium.common.exceptions.NoSuchElementException: Message: no such element: Unable to locate element: {\"method\":\"xpath\",\"selector\":\"(//a[@class='add-to-cart yellow-btn'])[1]\"}\n  (Session info: chrome=128.0.6613.119); For documentation on this error, please visit: https://www.selenium.dev/documentation/webdriver/troubleshooting/errors#no-such-element-exception\nStacktrace:\n#0 0x55c10dbb586a <unknown>\n#1 0x55c10d883e50 <unknown>\n#2 0x55c10d8d3644 <unknown>\n#3 0x55c10d8d3931 <unknown>\n#4 0x55c10d919534 <unknown>\n#5 0x55c10d8f84bd <unknown>\n#6 0x55c10d9169c6 <unknown>\n#7 0x55c10d8f8233 <unknown>\n#8 0x55c10d8c6093 <unknown>\n#9 0x55c10d8c709e <unknown>\n#10 0x55c10db7cacb <unknown>\n#11 0x55c10db80a81 <unknown>\n#12 0x55c10db68695 <unknown>\n#13 0x55c10db815f2 <unknown>\n#14 0x55c10db4d86f <unknown>\n#15 0x55c10dba4668 <unknown>\n#16 0x55c10dba4832 <unknown>\n#17 0x55c10dbb465c <unknown>\n#18 0x7f92acb65134 <unknown>","time":{"start":1725325382493,"stop":1725325383125,"duration":632}},{"uid":"600ee3be53f5698","reportUrl":"https://Nat754.github.io/StroyremAutomation/418//#testresult/600ee3be53f5698","status":"skipped","statusDetails":"XFAIL\n\nselenium.common.exceptions.NoSuchElementException: Message: no such element: Unable to locate element: {\"method\":\"xpath\",\"selector\":\"(//a[@class='add-to-cart yellow-btn'])[1]\"}\n  (Session info: chrome=128.0.6613.86); For documentation on this error, please visit: https://www.selenium.dev/documentation/webdriver/troubleshooting/errors#no-such-element-exception\nStacktrace:\n#0 0x55d31d5048da <unknown>\n#1 0x55d31d1d2e50 <unknown>\n#2 0x55d31d222644 <unknown>\n#3 0x55d31d222931 <unknown>\n#4 0x55d31d268534 <unknown>\n#5 0x55d31d2474bd <unknown>\n#6 0x55d31d2659c6 <unknown>\n#7 0x55d31d247233 <unknown>\n#8 0x55d31d215093 <unknown>\n#9 0x55d31d21609e <unknown>\n#10 0x55d31d4cbb3b <unknown>\n#11 0x55d31d4cfaf1 <unknown>\n#12 0x55d31d4b7705 <unknown>\n#13 0x55d31d4d0662 <unknown>\n#14 0x55d31d49c8df <unknown>\n#15 0x55d31d4f36d8 <unknown>\n#16 0x55d31d4f38a2 <unknown>\n#17 0x55d31d5036cc <unknown>\n#18 0x7fef43c7f134 <unknown>","time":{"start":1725239092979,"stop":1725239093397,"duration":418}},{"uid":"93f89b15db01e83f","reportUrl":"https://Nat754.github.io/StroyremAutomation/417//#testresult/93f89b15db01e83f","status":"skipped","statusDetails":"XFAIL\n\nselenium.common.exceptions.NoSuchElementException: Message: no such element: Unable to locate element: {\"method\":\"xpath\",\"selector\":\"(//a[@class='add-to-cart yellow-btn'])[1]\"}\n  (Session info: chrome=128.0.6613.86); For documentation on this error, please visit: https://www.selenium.dev/documentation/webdriver/troubleshooting/errors#no-such-element-exception\nStacktrace:\n#0 0x55e0fb7898da <unknown>\n#1 0x55e0fb457e50 <unknown>\n#2 0x55e0fb4a7644 <unknown>\n#3 0x55e0fb4a7931 <unknown>\n#4 0x55e0fb4ed534 <unknown>\n#5 0x55e0fb4cc4bd <unknown>\n#6 0x55e0fb4ea9c6 <unknown>\n#7 0x55e0fb4cc233 <unknown>\n#8 0x55e0fb49a093 <unknown>\n#9 0x55e0fb49b09e <unknown>\n#10 0x55e0fb750b3b <unknown>\n#11 0x55e0fb754af1 <unknown>\n#12 0x55e0fb73c705 <unknown>\n#13 0x55e0fb755662 <unknown>\n#14 0x55e0fb7218df <unknown>\n#15 0x55e0fb7786d8 <unknown>\n#16 0x55e0fb7788a2 <unknown>\n#17 0x55e0fb7886cc <unknown>\n#18 0x7f39afce3134 <unknown>","time":{"start":1725153271028,"stop":1725153271641,"duration":613}},{"uid":"ed162aaf9a21204c","reportUrl":"https://Nat754.github.io/StroyremAutomation/416//#testresult/ed162aaf9a21204c","status":"skipped","statusDetails":"XFAIL\n\nselenium.common.exceptions.NoSuchElementException: Message: no such element: Unable to locate element: {\"method\":\"xpath\",\"selector\":\"(//a[@class='add-to-cart yellow-btn'])[1]\"}\n  (Session info: chrome=128.0.6613.86); For documentation on this error, please visit: https://www.selenium.dev/documentation/webdriver/troubleshooting/errors#no-such-element-exception\nStacktrace:\n#0 0x56256f83b8da <unknown>\n#1 0x56256f509e50 <unknown>\n#2 0x56256f559644 <unknown>\n#3 0x56256f559931 <unknown>\n#4 0x56256f59f534 <unknown>\n#5 0x56256f57e4bd <unknown>\n#6 0x56256f59c9c6 <unknown>\n#7 0x56256f57e233 <unknown>\n#8 0x56256f54c093 <unknown>\n#9 0x56256f54d09e <unknown>\n#10 0x56256f802b3b <unknown>\n#11 0x56256f806af1 <unknown>\n#12 0x56256f7ee705 <unknown>\n#13 0x56256f807662 <unknown>\n#14 0x56256f7d38df <unknown>\n#15 0x56256f82a6d8 <unknown>\n#16 0x56256f82a8a2 <unknown>\n#17 0x56256f83a6cc <unknown>\n#18 0x7ffac848f134 <unknown>","time":{"start":1725066221321,"stop":1725066221791,"duration":470}},{"uid":"b6e557b490ee891e","reportUrl":"https://Nat754.github.io/StroyremAutomation/415//#testresult/b6e557b490ee891e","status":"skipped","statusDetails":"XFAIL\n\nselenium.common.exceptions.NoSuchElementException: Message: no such element: Unable to locate element: {\"method\":\"xpath\",\"selector\":\"(//a[@class='add-to-cart yellow-btn'])[1]\"}\n  (Session info: chrome=128.0.6613.86); For documentation on this error, please visit: https://www.selenium.dev/documentation/webdriver/troubleshooting/errors#no-such-element-exception\nStacktrace:\n#0 0x5638113b78da <unknown>\n#1 0x563811085e50 <unknown>\n#2 0x5638110d5644 <unknown>\n#3 0x5638110d5931 <unknown>\n#4 0x56381111b534 <unknown>\n#5 0x5638110fa4bd <unknown>\n#6 0x5638111189c6 <unknown>\n#7 0x5638110fa233 <unknown>\n#8 0x5638110c8093 <unknown>\n#9 0x5638110c909e <unknown>\n#10 0x56381137eb3b <unknown>\n#11 0x563811382af1 <unknown>\n#12 0x56381136a705 <unknown>\n#13 0x563811383662 <unknown>\n#14 0x56381134f8df <unknown>\n#15 0x5638113a66d8 <unknown>\n#16 0x5638113a68a2 <unknown>\n#17 0x5638113b66cc <unknown>\n#18 0x7f50c9557134 <unknown>","time":{"start":1724979807198,"stop":1724979807610,"duration":412}},{"uid":"7ef4915fee949ba0","reportUrl":"https://Nat754.github.io/StroyremAutomation/414//#testresult/7ef4915fee949ba0","status":"skipped","statusDetails":"XFAIL\n\nselenium.common.exceptions.NoSuchElementException: Message: no such element: Unable to locate element: {\"method\":\"xpath\",\"selector\":\"(//a[@class='add-to-cart yellow-btn'])[1]\"}\n  (Session info: chrome=128.0.6613.86); For documentation on this error, please visit: https://www.selenium.dev/documentation/webdriver/troubleshooting/errors#no-such-element-exception\nStacktrace:\n#0 0x5587dc54d8da <unknown>\n#1 0x5587dc21be50 <unknown>\n#2 0x5587dc26b644 <unknown>\n#3 0x5587dc26b931 <unknown>\n#4 0x5587dc2b1534 <unknown>\n#5 0x5587dc2904bd <unknown>\n#6 0x5587dc2ae9c6 <unknown>\n#7 0x5587dc290233 <unknown>\n#8 0x5587dc25e093 <unknown>\n#9 0x5587dc25f09e <unknown>\n#10 0x5587dc514b3b <unknown>\n#11 0x5587dc518af1 <unknown>\n#12 0x5587dc500705 <unknown>\n#13 0x5587dc519662 <unknown>\n#14 0x5587dc4e58df <unknown>\n#15 0x5587dc53c6d8 <unknown>\n#16 0x5587dc53c8a2 <unknown>\n#17 0x5587dc54c6cc <unknown>\n#18 0x7f69aacf0134 <unknown>","time":{"start":1724893480834,"stop":1724893481453,"duration":619}},{"uid":"b97f1ce664e3d870","reportUrl":"https://Nat754.github.io/StroyremAutomation/413//#testresult/b97f1ce664e3d870","status":"skipped","statusDetails":"XFAIL\n\nselenium.common.exceptions.NoSuchElementException: Message: no such element: Unable to locate element: {\"method\":\"xpath\",\"selector\":\"(//a[@class='add-to-cart yellow-btn'])[1]\"}\n  (Session info: chrome=128.0.6613.84); For documentation on this error, please visit: https://www.selenium.dev/documentation/webdriver/troubleshooting/errors#no-such-element-exception\nStacktrace:\n#0 0x5636e174281a <unknown>\n#1 0x5636e1410e50 <unknown>\n#2 0x5636e1460644 <unknown>\n#3 0x5636e1460931 <unknown>\n#4 0x5636e14a6534 <unknown>\n#5 0x5636e14854bd <unknown>\n#6 0x5636e14a39c6 <unknown>\n#7 0x5636e1485233 <unknown>\n#8 0x5636e1453093 <unknown>\n#9 0x5636e145409e <unknown>\n#10 0x5636e1709a7b <unknown>\n#11 0x5636e170da31 <unknown>\n#12 0x5636e16f5645 <unknown>\n#13 0x5636e170e5a2 <unknown>\n#14 0x5636e16da81f <unknown>\n#15 0x5636e1731618 <unknown>\n#16 0x5636e17317e2 <unknown>\n#17 0x5636e174160c <unknown>\n#18 0x7f5e15c7c134 <unknown>","time":{"start":1724806977635,"stop":1724806978062,"duration":427}},{"uid":"3323484527eb75cb","reportUrl":"https://Nat754.github.io/StroyremAutomation/412//#testresult/3323484527eb75cb","status":"skipped","statusDetails":"XFAIL\n\nselenium.common.exceptions.NoSuchElementException: Message: no such element: Unable to locate element: {\"method\":\"xpath\",\"selector\":\"(//a[@class='add-to-cart yellow-btn'])[1]\"}\n  (Session info: chrome=128.0.6613.84); For documentation on this error, please visit: https://www.selenium.dev/documentation/webdriver/troubleshooting/errors#no-such-element-exception\nStacktrace:\n#0 0x56203d96a81a <unknown>\n#1 0x56203d638e50 <unknown>\n#2 0x56203d688644 <unknown>\n#3 0x56203d688931 <unknown>\n#4 0x56203d6ce534 <unknown>\n#5 0x56203d6ad4bd <unknown>\n#6 0x56203d6cb9c6 <unknown>\n#7 0x56203d6ad233 <unknown>\n#8 0x56203d67b093 <unknown>\n#9 0x56203d67c09e <unknown>\n#10 0x56203d931a7b <unknown>\n#11 0x56203d935a31 <unknown>\n#12 0x56203d91d645 <unknown>\n#13 0x56203d9365a2 <unknown>\n#14 0x56203d90281f <unknown>\n#15 0x56203d959618 <unknown>\n#16 0x56203d9597e2 <unknown>\n#17 0x56203d96960c <unknown>\n#18 0x7f6821bae134 <unknown>","time":{"start":1724720541484,"stop":1724720541919,"duration":435}},{"uid":"d85da3bc065f4592","reportUrl":"https://Nat754.github.io/StroyremAutomation/411//#testresult/d85da3bc065f4592","status":"skipped","statusDetails":"XFAIL\n\nselenium.common.exceptions.NoSuchElementException: Message: no such element: Unable to locate element: {\"method\":\"xpath\",\"selector\":\"(//a[@class='add-to-cart yellow-btn'])[1]\"}\n  (Session info: chrome=128.0.6613.84); For documentation on this error, please visit: https://www.selenium.dev/documentation/webdriver/troubleshooting/errors#no-such-element-exception\nStacktrace:\n#0 0x55d4d18a081a <unknown>\n#1 0x55d4d156ee50 <unknown>\n#2 0x55d4d15be644 <unknown>\n#3 0x55d4d15be931 <unknown>\n#4 0x55d4d1604534 <unknown>\n#5 0x55d4d15e34bd <unknown>\n#6 0x55d4d16019c6 <unknown>\n#7 0x55d4d15e3233 <unknown>\n#8 0x55d4d15b1093 <unknown>\n#9 0x55d4d15b209e <unknown>\n#10 0x55d4d1867a7b <unknown>\n#11 0x55d4d186ba31 <unknown>\n#12 0x55d4d1853645 <unknown>\n#13 0x55d4d186c5a2 <unknown>\n#14 0x55d4d183881f <unknown>\n#15 0x55d4d188f618 <unknown>\n#16 0x55d4d188f7e2 <unknown>\n#17 0x55d4d189f60c <unknown>\n#18 0x7fc516c27134 <unknown>","time":{"start":1724634143869,"stop":1724634144400,"duration":531}},{"uid":"94bb02c7abdd9431","reportUrl":"https://Nat754.github.io/StroyremAutomation/410//#testresult/94bb02c7abdd9431","status":"skipped","statusDetails":"XFAIL\n\nselenium.common.exceptions.NoSuchElementException: Message: no such element: Unable to locate element: {\"method\":\"xpath\",\"selector\":\"(//a[@class='add-to-cart yellow-btn'])[1]\"}\n  (Session info: chrome=128.0.6613.84); For documentation on this error, please visit: https://www.selenium.dev/documentation/webdriver/troubleshooting/errors#no-such-element-exception\nStacktrace:\n#0 0x5636f83a881a <unknown>\n#1 0x5636f8076e50 <unknown>\n#2 0x5636f80c6644 <unknown>\n#3 0x5636f80c6931 <unknown>\n#4 0x5636f810c534 <unknown>\n#5 0x5636f80eb4bd <unknown>\n#6 0x5636f81099c6 <unknown>\n#7 0x5636f80eb233 <unknown>\n#8 0x5636f80b9093 <unknown>\n#9 0x5636f80ba09e <unknown>\n#10 0x5636f836fa7b <unknown>\n#11 0x5636f8373a31 <unknown>\n#12 0x5636f835b645 <unknown>\n#13 0x5636f83745a2 <unknown>\n#14 0x5636f834081f <unknown>\n#15 0x5636f8397618 <unknown>\n#16 0x5636f83977e2 <unknown>\n#17 0x5636f83a760c <unknown>\n#18 0x7fb3f3bda134 <unknown>","time":{"start":1724548017020,"stop":1724548017535,"duration":515}},{"uid":"e4547d644768f01b","reportUrl":"https://Nat754.github.io/StroyremAutomation/409//#testresult/e4547d644768f01b","status":"skipped","statusDetails":"XFAIL\n\nselenium.common.exceptions.NoSuchElementException: Message: no such element: Unable to locate element: {\"method\":\"xpath\",\"selector\":\"(//a[@class='add-to-cart yellow-btn'])[1]\"}\n  (Session info: chrome=128.0.6613.84); For documentation on this error, please visit: https://www.selenium.dev/documentation/webdriver/troubleshooting/errors#no-such-element-exception\nStacktrace:\n#0 0x557eba8c581a <unknown>\n#1 0x557eba593e50 <unknown>\n#2 0x557eba5e3644 <unknown>\n#3 0x557eba5e3931 <unknown>\n#4 0x557eba629534 <unknown>\n#5 0x557eba6084bd <unknown>\n#6 0x557eba6269c6 <unknown>\n#7 0x557eba608233 <unknown>\n#8 0x557eba5d6093 <unknown>\n#9 0x557eba5d709e <unknown>\n#10 0x557eba88ca7b <unknown>\n#11 0x557eba890a31 <unknown>\n#12 0x557eba878645 <unknown>\n#13 0x557eba8915a2 <unknown>\n#14 0x557eba85d81f <unknown>\n#15 0x557eba8b4618 <unknown>\n#16 0x557eba8b47e2 <unknown>\n#17 0x557eba8c460c <unknown>\n#18 0x7f556b9b9134 <unknown>","time":{"start":1724461248631,"stop":1724461249111,"duration":480}},{"uid":"3c0feef76e7efac0","reportUrl":"https://Nat754.github.io/StroyremAutomation/407//#testresult/3c0feef76e7efac0","status":"skipped","statusDetails":"XFAIL\n\nselenium.common.exceptions.NoSuchElementException: Message: no such element: Unable to locate element: {\"method\":\"xpath\",\"selector\":\"(//a[@class='add-to-cart yellow-btn'])[1]\"}\n  (Session info: chrome=128.0.6613.84); For documentation on this error, please visit: https://www.selenium.dev/documentation/webdriver/troubleshooting/errors#no-such-element-exception\nStacktrace:\n#0 0x55f6cc63481a <unknown>\n#1 0x55f6cc302e50 <unknown>\n#2 0x55f6cc352644 <unknown>\n#3 0x55f6cc352931 <unknown>\n#4 0x55f6cc398534 <unknown>\n#5 0x55f6cc3774bd <unknown>\n#6 0x55f6cc3959c6 <unknown>\n#7 0x55f6cc377233 <unknown>\n#8 0x55f6cc345093 <unknown>\n#9 0x55f6cc34609e <unknown>\n#10 0x55f6cc5fba7b <unknown>\n#11 0x55f6cc5ffa31 <unknown>\n#12 0x55f6cc5e7645 <unknown>\n#13 0x55f6cc6005a2 <unknown>\n#14 0x55f6cc5cc81f <unknown>\n#15 0x55f6cc623618 <unknown>\n#16 0x55f6cc6237e2 <unknown>\n#17 0x55f6cc63360c <unknown>\n#18 0x7f9c8734b134 <unknown>","time":{"start":1724288564713,"stop":1724288565059,"duration":346}}]},"tags":["@pytest.mark.xfail","smoke_test"]},"source":"5ef906784ee8806e.json","parameterValues":["13480","366","'TD 013'","12450","'products/shtukaturka-gipsovaya-aksolit-m50-30-kg-mashinnogo-naneseniya'","4800","'https://sandboxtest.stroyrem-nn.ru/'","11000"]}