{"uid":"9bbed8ed3de4e516","name":"test_positive_delivery_green_zone_smoke[TD 004-products/shtukaturka-gipsovaya-aksolit-m50-30-kg-mashinnogo-naneseniya-13-400-450-1590-2190-https://sandboxtest.stroyrem-nn.ru/]","fullName":"tests.delivery.test_delivery_calculation.TestDeliveryPageCalculation#test_positive_delivery_green_zone_smoke","historyId":"ce812b2a55ed9f6130bedf202fa509e3","time":{"start":1710377537900,"stop":1710377538256,"duration":356},"status":"skipped","statusMessage":"XFAIL\n\nselenium.common.exceptions.NoSuchElementException: Message: no such element: Unable to locate element: {\"method\":\"xpath\",\"selector\":\"(//a[@class='add-to-cart yellow-btn'])[1]\"}\n  (Session info: chrome-headless-shell=122.0.6261.128); For documentation on this error, please visit: https://www.selenium.dev/documentation/webdriver/troubleshooting/errors#no-such-element-exception\nStacktrace:\n#0 0x62fe6b90cf33 <unknown>\n#1 0x62fe6b604ce6 <unknown>\n#2 0x62fe6b64fe48 <unknown>\n#3 0x62fe6b64ff01 <unknown>\n#4 0x62fe6b6933f4 <unknown>\n#5 0x62fe6b671edd <unknown>\n#6 0x62fe6b690899 <unknown>\n#7 0x62fe6b671c53 <unknown>\n#8 0x62fe6b642db3 <unknown>\n#9 0x62fe6b64377e <unknown>\n#10 0x62fe6b8d286b <unknown>\n#11 0x62fe6b8d6885 <unknown>\n#12 0x62fe6b8c0181 <unknown>\n#13 0x62fe6b8d7412 <unknown>\n#14 0x62fe6b8a425f <unknown>\n#15 0x62fe6b8fb528 <unknown>\n#16 0x62fe6b8fb723 <unknown>\n#17 0x62fe6b90c0e4 <unknown>\n#18 0x7b3e897c6134 <unknown>","statusTrace":"self = <tests.delivery.test_delivery_calculation.TestDeliveryPageCalculation object at 0x758e25655390>\ndriver = <selenium.webdriver.chrome.webdriver.WebDriver (session=\"ad5e919240c4351a85f81b421b5e6557\")>\nurl = 'https://sandboxtest.stroyrem-nn.ru/', case_id = 'TD 004'\nlink_item = 'products/shtukaturka-gipsovaya-aksolit-m50-30-kg-mashinnogo-naneseniya'\namount = 13, weight = 400, standard = 450, in_time = 1590, all_time = 2190\n\n    @pytest.mark.parametrize('case_id, link_item, amount, weight, standard, in_time, all_time', [\n        (\"TD 001\", uroven_3000, 1, 30, 0, 1590, 2190),\n        (\"TD 002\", bundeks_25, 1, 30, 400, 1590, 2190),\n        (\"TD 003\", aksolit_30, 8, 300, 400, 1590, 2190),\n        (\"TD 004\", aksolit_30, 13, 400, 450, 1590, 2190),\n        (\"TD 005\", aksolit_30, 16, 500, 600, 1590, 2190),\n        (\"TD 006\", aksolit_30, 25, 1700, 990, 1990, 2480),\n        (\"TD 007\", aksolit_30, 66, 2000, 1300, 2490, 2980),\n        (\"TD 008\", aksolit_30, 149, 4500, 2300, 3980, 4490),\n        (\"TD 009\", aksolit_30, 166, 5000, 2500, 4990, 5480),\n        pytest.param(\n            \"TD 010\", aksolit_30, 206, 6200, 2900, 5570, 6120,\n            marks=pytest.mark.xfail(reson=\"Цена доставки 3600 7960 8980\")\n        ),\n        (\"TD 011\", aksolit_30, 299, 9000, 3600, 7960, 8980),\n        (\"TD 012\", aksolit_30, 333, 10000, 4450, 11990, 12500),\n        pytest.param(\n            \"TD 013\", aksolit_30, 366, 11000, 4800, 12450, 13480,\n            marks=pytest.mark.xfail(reason=\"Цена стандартной доставки 4450\")\n        ),\n        pytest.param(\n            \"TD 014\", aksolit_30, 666, 20000, 5400, 15600, 17490,\n            marks=pytest.mark.xfail(reason=\"Цена стандартной доставки 4450\")\n        )\n    ])\n    @pytest.mark.xfail\n    @pytest.mark.smoke_test\n    def test_positive_delivery_green_zone_smoke(\n            self, driver, url, case_id, link_item, amount, weight, standard, in_time, all_time\n    ):\n    \n        driver.get(f'{url}{link_item}')\n        item_page = ItemPage(driver)\n>       item_page.add_item_to_cart(amount).click_on_cart()\n\ntests/delivery/test_delivery_calculation.py:50: \n_ _ _ _ _ _ _ _ _ _ _ _ _ _ _ _ _ _ _ _ _ _ _ _ _ _ _ _ _ _ _ _ _ _ _ _ _ _ _ _ \npages/item_page.py:40: in add_item_to_cart\n    self.find_element(self._add_item).click()\nbase/seleniumbase.py:17: in find_element\n    return self.driver.find_element(*locator)\n/usr/local/lib/python3.11/site-packages/selenium/webdriver/remote/webdriver.py:739: in find_element\n    return self.execute(Command.FIND_ELEMENT, {\"using\": by, \"value\": value})[\"value\"]\n/usr/local/lib/python3.11/site-packages/selenium/webdriver/remote/webdriver.py:345: in execute\n    self.error_handler.check_response(response)\n_ _ _ _ _ _ _ _ _ _ _ _ _ _ _ _ _ _ _ _ _ _ _ _ _ _ _ _ _ _ _ _ _ _ _ _ _ _ _ _ \n\nself = <selenium.webdriver.remote.errorhandler.ErrorHandler object at 0x758e260a4390>\nresponse = {'status': 404, 'value': '{\"value\":{\"error\":\"no such element\",\"message\":\"no such element: Unable to locate element: {\\...\\\\n#16 0x62fe6b8fb723 \\\\u003Cunknown>\\\\n#17 0x62fe6b90c0e4 \\\\u003Cunknown>\\\\n#18 0x7b3e897c6134 \\\\u003Cunknown>\\\\n\"}}'}\n\n    def check_response(self, response: Dict[str, Any]) -> None:\n        \"\"\"Checks that a JSON response from the WebDriver does not have an\n        error.\n    \n        :Args:\n         - response - The JSON response from the WebDriver server as a dictionary\n           object.\n    \n        :Raises: If the response contains an error message.\n        \"\"\"\n        status = response.get(\"status\", None)\n        if not status or status == ErrorCode.SUCCESS:\n            return\n        value = None\n        message = response.get(\"message\", \"\")\n        screen: str = response.get(\"screen\", \"\")\n        stacktrace = None\n        if isinstance(status, int):\n            value_json = response.get(\"value\", None)\n            if value_json and isinstance(value_json, str):\n                import json\n    \n                try:\n                    value = json.loads(value_json)\n                    if len(value) == 1:\n                        value = value[\"value\"]\n                    status = value.get(\"error\", None)\n                    if not status:\n                        status = value.get(\"status\", ErrorCode.UNKNOWN_ERROR)\n                        message = value.get(\"value\") or value.get(\"message\")\n                        if not isinstance(message, str):\n                            value = message\n                            message = message.get(\"message\")\n                    else:\n                        message = value.get(\"message\", None)\n                except ValueError:\n                    pass\n    \n        exception_class: Type[WebDriverException]\n        e = ErrorCode()\n        error_codes = [item for item in dir(e) if not item.startswith(\"__\")]\n        for error_code in error_codes:\n            error_info = getattr(ErrorCode, error_code)\n            if isinstance(error_info, list) and status in error_info:\n                exception_class = getattr(ExceptionMapping, error_code, WebDriverException)\n                break\n        else:\n            exception_class = WebDriverException\n    \n        if not value:\n            value = response[\"value\"]\n        if isinstance(value, str):\n            raise exception_class(value)\n        if message == \"\" and \"message\" in value:\n            message = value[\"message\"]\n    \n        screen = None  # type: ignore[assignment]\n        if \"screen\" in value:\n            screen = value[\"screen\"]\n    \n        stacktrace = None\n        st_value = value.get(\"stackTrace\") or value.get(\"stacktrace\")\n        if st_value:\n            if isinstance(st_value, str):\n                stacktrace = st_value.split(\"\\n\")\n            else:\n                stacktrace = []\n                try:\n                    for frame in st_value:\n                        line = frame.get(\"lineNumber\", \"\")\n                        file = frame.get(\"fileName\", \"<anonymous>\")\n                        if line:\n                            file = f\"{file}:{line}\"\n                        meth = frame.get(\"methodName\", \"<anonymous>\")\n                        if \"className\" in frame:\n                            meth = f\"{frame['className']}.{meth}\"\n                        msg = \"    at %s (%s)\"\n                        msg = msg % (meth, file)\n                        stacktrace.append(msg)\n                except TypeError:\n                    pass\n        if exception_class == UnexpectedAlertPresentException:\n            alert_text = None\n            if \"data\" in value:\n                alert_text = value[\"data\"].get(\"text\")\n            elif \"alert\" in value:\n                alert_text = value[\"alert\"].get(\"text\")\n            raise exception_class(message, screen, stacktrace, alert_text)  # type: ignore[call-arg]  # mypy is not smart enough here\n>       raise exception_class(message, screen, stacktrace)\nE       selenium.common.exceptions.NoSuchElementException: Message: no such element: Unable to locate element: {\"method\":\"xpath\",\"selector\":\"(//a[@class='add-to-cart yellow-btn'])[1]\"}\nE         (Session info: chrome-headless-shell=122.0.6261.128); For documentation on this error, please visit: https://www.selenium.dev/documentation/webdriver/troubleshooting/errors#no-such-element-exception\nE       Stacktrace:\nE       #0 0x62fe6b90cf33 <unknown>\nE       #1 0x62fe6b604ce6 <unknown>\nE       #2 0x62fe6b64fe48 <unknown>\nE       #3 0x62fe6b64ff01 <unknown>\nE       #4 0x62fe6b6933f4 <unknown>\nE       #5 0x62fe6b671edd <unknown>\nE       #6 0x62fe6b690899 <unknown>\nE       #7 0x62fe6b671c53 <unknown>\nE       #8 0x62fe6b642db3 <unknown>\nE       #9 0x62fe6b64377e <unknown>\nE       #10 0x62fe6b8d286b <unknown>\nE       #11 0x62fe6b8d6885 <unknown>\nE       #12 0x62fe6b8c0181 <unknown>\nE       #13 0x62fe6b8d7412 <unknown>\nE       #14 0x62fe6b8a425f <unknown>\nE       #15 0x62fe6b8fb528 <unknown>\nE       #16 0x62fe6b8fb723 <unknown>\nE       #17 0x62fe6b90c0e4 <unknown>\nE       #18 0x7b3e897c6134 <unknown>\n\n/usr/local/lib/python3.11/site-packages/selenium/webdriver/remote/errorhandler.py:229: NoSuchElementException","flaky":false,"newFailed":false,"newBroken":false,"newPassed":false,"retriesCount":0,"retriesStatusChange":false,"beforeStages":[{"name":"_session_faker","time":{"start":1710377265666,"stop":1710377265739,"duration":73},"status":"passed","steps":[],"attachments":[],"parameters":[],"shouldDisplayMessage":false,"stepsCount":0,"attachmentsCount":0,"hasContent":false,"attachmentStep":false},{"name":"clear_allure_results_folder","time":{"start":1710377265739,"stop":1710377265740,"duration":1},"status":"passed","steps":[],"attachments":[],"parameters":[],"shouldDisplayMessage":false,"stepsCount":0,"attachmentsCount":0,"hasContent":false,"attachmentStep":false},{"name":"driver","time":{"start":1710377537109,"stop":1710377537899,"duration":790},"status":"passed","steps":[],"attachments":[],"parameters":[],"shouldDisplayMessage":false,"stepsCount":0,"attachmentsCount":0,"hasContent":false,"attachmentStep":false},{"name":"setup","time":{"start":1710377537899,"stop":1710377537900,"duration":1},"status":"passed","steps":[],"attachments":[],"parameters":[],"shouldDisplayMessage":false,"stepsCount":0,"attachmentsCount":0,"hasContent":false,"attachmentStep":false}],"testStage":{"status":"skipped","statusMessage":"XFAIL\n\nselenium.common.exceptions.NoSuchElementException: Message: no such element: Unable to locate element: {\"method\":\"xpath\",\"selector\":\"(//a[@class='add-to-cart yellow-btn'])[1]\"}\n  (Session info: chrome-headless-shell=122.0.6261.128); For documentation on this error, please visit: https://www.selenium.dev/documentation/webdriver/troubleshooting/errors#no-such-element-exception\nStacktrace:\n#0 0x62fe6b90cf33 <unknown>\n#1 0x62fe6b604ce6 <unknown>\n#2 0x62fe6b64fe48 <unknown>\n#3 0x62fe6b64ff01 <unknown>\n#4 0x62fe6b6933f4 <unknown>\n#5 0x62fe6b671edd <unknown>\n#6 0x62fe6b690899 <unknown>\n#7 0x62fe6b671c53 <unknown>\n#8 0x62fe6b642db3 <unknown>\n#9 0x62fe6b64377e <unknown>\n#10 0x62fe6b8d286b <unknown>\n#11 0x62fe6b8d6885 <unknown>\n#12 0x62fe6b8c0181 <unknown>\n#13 0x62fe6b8d7412 <unknown>\n#14 0x62fe6b8a425f <unknown>\n#15 0x62fe6b8fb528 <unknown>\n#16 0x62fe6b8fb723 <unknown>\n#17 0x62fe6b90c0e4 <unknown>\n#18 0x7b3e897c6134 <unknown>","statusTrace":"self = <tests.delivery.test_delivery_calculation.TestDeliveryPageCalculation object at 0x758e25655390>\ndriver = <selenium.webdriver.chrome.webdriver.WebDriver (session=\"ad5e919240c4351a85f81b421b5e6557\")>\nurl = 'https://sandboxtest.stroyrem-nn.ru/', case_id = 'TD 004'\nlink_item = 'products/shtukaturka-gipsovaya-aksolit-m50-30-kg-mashinnogo-naneseniya'\namount = 13, weight = 400, standard = 450, in_time = 1590, all_time = 2190\n\n    @pytest.mark.parametrize('case_id, link_item, amount, weight, standard, in_time, all_time', [\n        (\"TD 001\", uroven_3000, 1, 30, 0, 1590, 2190),\n        (\"TD 002\", bundeks_25, 1, 30, 400, 1590, 2190),\n        (\"TD 003\", aksolit_30, 8, 300, 400, 1590, 2190),\n        (\"TD 004\", aksolit_30, 13, 400, 450, 1590, 2190),\n        (\"TD 005\", aksolit_30, 16, 500, 600, 1590, 2190),\n        (\"TD 006\", aksolit_30, 25, 1700, 990, 1990, 2480),\n        (\"TD 007\", aksolit_30, 66, 2000, 1300, 2490, 2980),\n        (\"TD 008\", aksolit_30, 149, 4500, 2300, 3980, 4490),\n        (\"TD 009\", aksolit_30, 166, 5000, 2500, 4990, 5480),\n        pytest.param(\n            \"TD 010\", aksolit_30, 206, 6200, 2900, 5570, 6120,\n            marks=pytest.mark.xfail(reson=\"Цена доставки 3600 7960 8980\")\n        ),\n        (\"TD 011\", aksolit_30, 299, 9000, 3600, 7960, 8980),\n        (\"TD 012\", aksolit_30, 333, 10000, 4450, 11990, 12500),\n        pytest.param(\n            \"TD 013\", aksolit_30, 366, 11000, 4800, 12450, 13480,\n            marks=pytest.mark.xfail(reason=\"Цена стандартной доставки 4450\")\n        ),\n        pytest.param(\n            \"TD 014\", aksolit_30, 666, 20000, 5400, 15600, 17490,\n            marks=pytest.mark.xfail(reason=\"Цена стандартной доставки 4450\")\n        )\n    ])\n    @pytest.mark.xfail\n    @pytest.mark.smoke_test\n    def test_positive_delivery_green_zone_smoke(\n            self, driver, url, case_id, link_item, amount, weight, standard, in_time, all_time\n    ):\n    \n        driver.get(f'{url}{link_item}')\n        item_page = ItemPage(driver)\n>       item_page.add_item_to_cart(amount).click_on_cart()\n\ntests/delivery/test_delivery_calculation.py:50: \n_ _ _ _ _ _ _ _ _ _ _ _ _ _ _ _ _ _ _ _ _ _ _ _ _ _ _ _ _ _ _ _ _ _ _ _ _ _ _ _ \npages/item_page.py:40: in add_item_to_cart\n    self.find_element(self._add_item).click()\nbase/seleniumbase.py:17: in find_element\n    return self.driver.find_element(*locator)\n/usr/local/lib/python3.11/site-packages/selenium/webdriver/remote/webdriver.py:739: in find_element\n    return self.execute(Command.FIND_ELEMENT, {\"using\": by, \"value\": value})[\"value\"]\n/usr/local/lib/python3.11/site-packages/selenium/webdriver/remote/webdriver.py:345: in execute\n    self.error_handler.check_response(response)\n_ _ _ _ _ _ _ _ _ _ _ _ _ _ _ _ _ _ _ _ _ _ _ _ _ _ _ _ _ _ _ _ _ _ _ _ _ _ _ _ \n\nself = <selenium.webdriver.remote.errorhandler.ErrorHandler object at 0x758e260a4390>\nresponse = {'status': 404, 'value': '{\"value\":{\"error\":\"no such element\",\"message\":\"no such element: Unable to locate element: {\\...\\\\n#16 0x62fe6b8fb723 \\\\u003Cunknown>\\\\n#17 0x62fe6b90c0e4 \\\\u003Cunknown>\\\\n#18 0x7b3e897c6134 \\\\u003Cunknown>\\\\n\"}}'}\n\n    def check_response(self, response: Dict[str, Any]) -> None:\n        \"\"\"Checks that a JSON response from the WebDriver does not have an\n        error.\n    \n        :Args:\n         - response - The JSON response from the WebDriver server as a dictionary\n           object.\n    \n        :Raises: If the response contains an error message.\n        \"\"\"\n        status = response.get(\"status\", None)\n        if not status or status == ErrorCode.SUCCESS:\n            return\n        value = None\n        message = response.get(\"message\", \"\")\n        screen: str = response.get(\"screen\", \"\")\n        stacktrace = None\n        if isinstance(status, int):\n            value_json = response.get(\"value\", None)\n            if value_json and isinstance(value_json, str):\n                import json\n    \n                try:\n                    value = json.loads(value_json)\n                    if len(value) == 1:\n                        value = value[\"value\"]\n                    status = value.get(\"error\", None)\n                    if not status:\n                        status = value.get(\"status\", ErrorCode.UNKNOWN_ERROR)\n                        message = value.get(\"value\") or value.get(\"message\")\n                        if not isinstance(message, str):\n                            value = message\n                            message = message.get(\"message\")\n                    else:\n                        message = value.get(\"message\", None)\n                except ValueError:\n                    pass\n    \n        exception_class: Type[WebDriverException]\n        e = ErrorCode()\n        error_codes = [item for item in dir(e) if not item.startswith(\"__\")]\n        for error_code in error_codes:\n            error_info = getattr(ErrorCode, error_code)\n            if isinstance(error_info, list) and status in error_info:\n                exception_class = getattr(ExceptionMapping, error_code, WebDriverException)\n                break\n        else:\n            exception_class = WebDriverException\n    \n        if not value:\n            value = response[\"value\"]\n        if isinstance(value, str):\n            raise exception_class(value)\n        if message == \"\" and \"message\" in value:\n            message = value[\"message\"]\n    \n        screen = None  # type: ignore[assignment]\n        if \"screen\" in value:\n            screen = value[\"screen\"]\n    \n        stacktrace = None\n        st_value = value.get(\"stackTrace\") or value.get(\"stacktrace\")\n        if st_value:\n            if isinstance(st_value, str):\n                stacktrace = st_value.split(\"\\n\")\n            else:\n                stacktrace = []\n                try:\n                    for frame in st_value:\n                        line = frame.get(\"lineNumber\", \"\")\n                        file = frame.get(\"fileName\", \"<anonymous>\")\n                        if line:\n                            file = f\"{file}:{line}\"\n                        meth = frame.get(\"methodName\", \"<anonymous>\")\n                        if \"className\" in frame:\n                            meth = f\"{frame['className']}.{meth}\"\n                        msg = \"    at %s (%s)\"\n                        msg = msg % (meth, file)\n                        stacktrace.append(msg)\n                except TypeError:\n                    pass\n        if exception_class == UnexpectedAlertPresentException:\n            alert_text = None\n            if \"data\" in value:\n                alert_text = value[\"data\"].get(\"text\")\n            elif \"alert\" in value:\n                alert_text = value[\"alert\"].get(\"text\")\n            raise exception_class(message, screen, stacktrace, alert_text)  # type: ignore[call-arg]  # mypy is not smart enough here\n>       raise exception_class(message, screen, stacktrace)\nE       selenium.common.exceptions.NoSuchElementException: Message: no such element: Unable to locate element: {\"method\":\"xpath\",\"selector\":\"(//a[@class='add-to-cart yellow-btn'])[1]\"}\nE         (Session info: chrome-headless-shell=122.0.6261.128); For documentation on this error, please visit: https://www.selenium.dev/documentation/webdriver/troubleshooting/errors#no-such-element-exception\nE       Stacktrace:\nE       #0 0x62fe6b90cf33 <unknown>\nE       #1 0x62fe6b604ce6 <unknown>\nE       #2 0x62fe6b64fe48 <unknown>\nE       #3 0x62fe6b64ff01 <unknown>\nE       #4 0x62fe6b6933f4 <unknown>\nE       #5 0x62fe6b671edd <unknown>\nE       #6 0x62fe6b690899 <unknown>\nE       #7 0x62fe6b671c53 <unknown>\nE       #8 0x62fe6b642db3 <unknown>\nE       #9 0x62fe6b64377e <unknown>\nE       #10 0x62fe6b8d286b <unknown>\nE       #11 0x62fe6b8d6885 <unknown>\nE       #12 0x62fe6b8c0181 <unknown>\nE       #13 0x62fe6b8d7412 <unknown>\nE       #14 0x62fe6b8a425f <unknown>\nE       #15 0x62fe6b8fb528 <unknown>\nE       #16 0x62fe6b8fb723 <unknown>\nE       #17 0x62fe6b90c0e4 <unknown>\nE       #18 0x7b3e897c6134 <unknown>\n\n/usr/local/lib/python3.11/site-packages/selenium/webdriver/remote/errorhandler.py:229: NoSuchElementException","steps":[{"name":"Добавляем товар в корзину в количестве 13","time":{"start":1710377538243,"stop":1710377538256,"duration":13},"status":"broken","statusMessage":"selenium.common.exceptions.NoSuchElementException: Message: no such element: Unable to locate element: {\"method\":\"xpath\",\"selector\":\"(//a[@class='add-to-cart yellow-btn'])[1]\"}\n  (Session info: chrome-headless-shell=122.0.6261.128); For documentation on this error, please visit: https://www.selenium.dev/documentation/webdriver/troubleshooting/errors#no-such-element-exception\nStacktrace:\n#0 0x62fe6b90cf33 <unknown>\n#1 0x62fe6b604ce6 <unknown>\n#2 0x62fe6b64fe48 <unknown>\n#3 0x62fe6b64ff01 <unknown>\n#4 0x62fe6b6933f4 <unknown>\n#5 0x62fe6b671edd <unknown>\n#6 0x62fe6b690899 <unknown>\n#7 0x62fe6b671c53 <unknown>\n#8 0x62fe6b642db3 <unknown>\n#9 0x62fe6b64377e <unknown>\n#10 0x62fe6b8d286b <unknown>\n#11 0x62fe6b8d6885 <unknown>\n#12 0x62fe6b8c0181 <unknown>\n#13 0x62fe6b8d7412 <unknown>\n#14 0x62fe6b8a425f <unknown>\n#15 0x62fe6b8fb528 <unknown>\n#16 0x62fe6b8fb723 <unknown>\n#17 0x62fe6b90c0e4 <unknown>\n#18 0x7b3e897c6134 <unknown>\n\n","statusTrace":"  File \"/usr/local/lib/python3.11/site-packages/allure_commons/_allure.py\", line 192, in impl\n    return func(*a, **kw)\n           ^^^^^^^^^^^^^^\n  File \"/app/pages/item_page.py\", line 40, in add_item_to_cart\n    self.find_element(self._add_item).click()\n    ^^^^^^^^^^^^^^^^^^^^^^^^^^^^^^^^^\n  File \"/app/base/seleniumbase.py\", line 17, in find_element\n    return self.driver.find_element(*locator)\n           ^^^^^^^^^^^^^^^^^^^^^^^^^^^^^^^^^^\n  File \"/usr/local/lib/python3.11/site-packages/selenium/webdriver/remote/webdriver.py\", line 739, in find_element\n    return self.execute(Command.FIND_ELEMENT, {\"using\": by, \"value\": value})[\"value\"]\n           ^^^^^^^^^^^^^^^^^^^^^^^^^^^^^^^^^^^^^^^^^^^^^^^^^^^^^^^^^^^^^^^^^\n  File \"/usr/local/lib/python3.11/site-packages/selenium/webdriver/remote/webdriver.py\", line 345, in execute\n    self.error_handler.check_response(response)\n  File \"/usr/local/lib/python3.11/site-packages/selenium/webdriver/remote/errorhandler.py\", line 229, in check_response\n    raise exception_class(message, screen, stacktrace)\n","steps":[],"attachments":[],"parameters":[{"name":"amount","value":"13"}],"shouldDisplayMessage":true,"stepsCount":0,"attachmentsCount":0,"hasContent":true,"attachmentStep":false}],"attachments":[{"uid":"1ee07195167e69bc","name":"Screenshot","source":"1ee07195167e69bc.png","type":"image/png","size":5862},{"uid":"6674b2ac19251a9","name":"HTML source","source":"6674b2ac19251a9.html","type":"text/html","size":39}],"parameters":[],"shouldDisplayMessage":true,"stepsCount":1,"attachmentsCount":2,"hasContent":true,"attachmentStep":false},"afterStages":[{"name":"driver::0","time":{"start":1710377538352,"stop":1710377538409,"duration":57},"status":"passed","steps":[],"attachments":[],"parameters":[],"shouldDisplayMessage":false,"stepsCount":0,"attachmentsCount":0,"hasContent":false,"attachmentStep":false},{"name":"setup::0","time":{"start":1710377538352,"stop":1710377538352,"duration":0},"status":"passed","steps":[],"attachments":[],"parameters":[],"shouldDisplayMessage":false,"stepsCount":0,"attachmentsCount":0,"hasContent":false,"attachmentStep":false}],"labels":[{"name":"epic","value":"Delivery Page - calculation"},{"name":"tag","value":"smoke_test"},{"name":"tag","value":"@pytest.mark.xfail"},{"name":"parentSuite","value":"tests.delivery"},{"name":"suite","value":"test_delivery_calculation"},{"name":"subSuite","value":"TestDeliveryPageCalculation"},{"name":"host","value":"9ab6d3adc645"},{"name":"thread","value":"1-MainThread"},{"name":"framework","value":"pytest"},{"name":"language","value":"cpython3"},{"name":"package","value":"tests.delivery.test_delivery_calculation"},{"name":"resultFormat","value":"allure2"}],"parameters":[{"name":"all_time","value":"2190"},{"name":"amount","value":"13"},{"name":"case_id","value":"'TD 004'"},{"name":"in_time","value":"1590"},{"name":"link_item","value":"'products/shtukaturka-gipsovaya-aksolit-m50-30-kg-mashinnogo-naneseniya'"},{"name":"standard","value":"450"},{"name":"url","value":"'https://sandboxtest.stroyrem-nn.ru/'"},{"name":"weight","value":"400"}],"links":[],"hidden":false,"retry":false,"extra":{"severity":"normal","retries":[],"categories":[],"history":{"statistic":{"failed":0,"broken":13,"skipped":185,"passed":0,"unknown":0,"total":198},"items":[{"uid":"e8286a3046cf9458","reportUrl":"https://Nat754.github.io/StroyremAutomation/245//#testresult/e8286a3046cf9458","status":"skipped","statusDetails":"XFAIL\n\nselenium.common.exceptions.NoSuchElementException: Message: no such element: Unable to locate element: {\"method\":\"xpath\",\"selector\":\"(//a[@class='add-to-cart yellow-btn'])[1]\"}\n  (Session info: chrome-headless-shell=122.0.6261.128); For documentation on this error, please visit: https://www.selenium.dev/documentation/webdriver/troubleshooting/errors#no-such-element-exception\nStacktrace:\n#0 0x5578b470af33 <unknown>\n#1 0x5578b4402ce6 <unknown>\n#2 0x5578b444de48 <unknown>\n#3 0x5578b444df01 <unknown>\n#4 0x5578b44913f4 <unknown>\n#5 0x5578b446fedd <unknown>\n#6 0x5578b448e899 <unknown>\n#7 0x5578b446fc53 <unknown>\n#8 0x5578b4440db3 <unknown>\n#9 0x5578b444177e <unknown>\n#10 0x5578b46d086b <unknown>\n#11 0x5578b46d4885 <unknown>\n#12 0x5578b46be181 <unknown>\n#13 0x5578b46d5412 <unknown>\n#14 0x5578b46a225f <unknown>\n#15 0x5578b46f9528 <unknown>\n#16 0x5578b46f9723 <unknown>\n#17 0x5578b470a0e4 <unknown>\n#18 0x7fee4ed5a134 <unknown>","time":{"start":1710291200819,"stop":1710291201646,"duration":827}},{"uid":"6758273979f8490d","reportUrl":"https://Nat754.github.io/StroyremAutomation/244//#testresult/6758273979f8490d","status":"skipped","statusDetails":"XFAIL\n\nselenium.common.exceptions.NoSuchElementException: Message: no such element: Unable to locate element: {\"method\":\"xpath\",\"selector\":\"(//a[@class='add-to-cart yellow-btn'])[1]\"}\n  (Session info: chrome-headless-shell=122.0.6261.111); For documentation on this error, please visit: https://www.selenium.dev/documentation/webdriver/troubleshooting/errors#no-such-element-exception\nStacktrace:\n#0 0x5571e6060ec3 <unknown>\n#1 0x5571e5d58ce6 <unknown>\n#2 0x5571e5da3e48 <unknown>\n#3 0x5571e5da3f01 <unknown>\n#4 0x5571e5de73f4 <unknown>\n#5 0x5571e5dc5edd <unknown>\n#6 0x5571e5de4899 <unknown>\n#7 0x5571e5dc5c53 <unknown>\n#8 0x5571e5d96db3 <unknown>\n#9 0x5571e5d9777e <unknown>\n#10 0x5571e60267fb <unknown>\n#11 0x5571e602a815 <unknown>\n#12 0x5571e6014111 <unknown>\n#13 0x5571e602b3a2 <unknown>\n#14 0x5571e5ff81ef <unknown>\n#15 0x5571e604f4b8 <unknown>\n#16 0x5571e604f6b3 <unknown>\n#17 0x5571e6060074 <unknown>\n#18 0x7f3bd5571134 <unknown>","time":{"start":1710204666723,"stop":1710204667363,"duration":640}},{"uid":"9f9282e7645bd356","reportUrl":"https://Nat754.github.io/StroyremAutomation/243//#testresult/9f9282e7645bd356","status":"skipped","statusDetails":"XFAIL\n\nselenium.common.exceptions.NoSuchElementException: Message: no such element: Unable to locate element: {\"method\":\"xpath\",\"selector\":\"(//a[@class='add-to-cart yellow-btn'])[1]\"}\n  (Session info: chrome-headless-shell=122.0.6261.111); For documentation on this error, please visit: https://www.selenium.dev/documentation/webdriver/troubleshooting/errors#no-such-element-exception\nStacktrace:\n#0 0x55680d55bec3 <unknown>\n#1 0x55680d253ce6 <unknown>\n#2 0x55680d29ee48 <unknown>\n#3 0x55680d29ef01 <unknown>\n#4 0x55680d2e23f4 <unknown>\n#5 0x55680d2c0edd <unknown>\n#6 0x55680d2df899 <unknown>\n#7 0x55680d2c0c53 <unknown>\n#8 0x55680d291db3 <unknown>\n#9 0x55680d29277e <unknown>\n#10 0x55680d5217fb <unknown>\n#11 0x55680d525815 <unknown>\n#12 0x55680d50f111 <unknown>\n#13 0x55680d5263a2 <unknown>\n#14 0x55680d4f31ef <unknown>\n#15 0x55680d54a4b8 <unknown>\n#16 0x55680d54a6b3 <unknown>\n#17 0x55680d55b074 <unknown>\n#18 0x7f0921655134 <unknown>","time":{"start":1710118402780,"stop":1710118403194,"duration":414}},{"uid":"83b901cbf28eaa40","reportUrl":"https://Nat754.github.io/StroyremAutomation/242//#testresult/83b901cbf28eaa40","status":"skipped","statusDetails":"XFAIL\n\nselenium.common.exceptions.NoSuchElementException: Message: no such element: Unable to locate element: {\"method\":\"xpath\",\"selector\":\"(//a[@class='add-to-cart yellow-btn'])[1]\"}\n  (Session info: chrome-headless-shell=122.0.6261.111); For documentation on this error, please visit: https://www.selenium.dev/documentation/webdriver/troubleshooting/errors#no-such-element-exception\nStacktrace:\n#0 0x559a36040ec3 <unknown>\n#1 0x559a35d38ce6 <unknown>\n#2 0x559a35d83e48 <unknown>\n#3 0x559a35d83f01 <unknown>\n#4 0x559a35dc73f4 <unknown>\n#5 0x559a35da5edd <unknown>\n#6 0x559a35dc4899 <unknown>\n#7 0x559a35da5c53 <unknown>\n#8 0x559a35d76db3 <unknown>\n#9 0x559a35d7777e <unknown>\n#10 0x559a360067fb <unknown>\n#11 0x559a3600a815 <unknown>\n#12 0x559a35ff4111 <unknown>\n#13 0x559a3600b3a2 <unknown>\n#14 0x559a35fd81ef <unknown>\n#15 0x559a3602f4b8 <unknown>\n#16 0x559a3602f6b3 <unknown>\n#17 0x559a36040074 <unknown>\n#18 0x7fbc48f3c134 <unknown>","time":{"start":1710032171657,"stop":1710032172103,"duration":446}},{"uid":"2548c70b4091e715","reportUrl":"https://Nat754.github.io/StroyremAutomation/241//#testresult/2548c70b4091e715","status":"skipped","statusDetails":"XFAIL\n\nselenium.common.exceptions.NoSuchElementException: Message: no such element: Unable to locate element: {\"method\":\"xpath\",\"selector\":\"(//a[@class='add-to-cart yellow-btn'])[1]\"}\n  (Session info: chrome-headless-shell=122.0.6261.111); For documentation on this error, please visit: https://www.selenium.dev/documentation/webdriver/troubleshooting/errors#no-such-element-exception\nStacktrace:\n#0 0x56440c82dec3 <unknown>\n#1 0x56440c525ce6 <unknown>\n#2 0x56440c570e48 <unknown>\n#3 0x56440c570f01 <unknown>\n#4 0x56440c5b43f4 <unknown>\n#5 0x56440c592edd <unknown>\n#6 0x56440c5b1899 <unknown>\n#7 0x56440c592c53 <unknown>\n#8 0x56440c563db3 <unknown>\n#9 0x56440c56477e <unknown>\n#10 0x56440c7f37fb <unknown>\n#11 0x56440c7f7815 <unknown>\n#12 0x56440c7e1111 <unknown>\n#13 0x56440c7f83a2 <unknown>\n#14 0x56440c7c51ef <unknown>\n#15 0x56440c81c4b8 <unknown>\n#16 0x56440c81c6b3 <unknown>\n#17 0x56440c82d074 <unknown>\n#18 0x7f732da25134 <unknown>","time":{"start":1709945381583,"stop":1709945382063,"duration":480}},{"uid":"e4481ef13126860b","reportUrl":"https://Nat754.github.io/StroyremAutomation/240//#testresult/e4481ef13126860b","status":"skipped","statusDetails":"XFAIL\n\nselenium.common.exceptions.NoSuchElementException: Message: no such element: Unable to locate element: {\"method\":\"xpath\",\"selector\":\"(//a[@class='add-to-cart yellow-btn'])[1]\"}\n  (Session info: chrome-headless-shell=122.0.6261.111); For documentation on this error, please visit: https://www.selenium.dev/documentation/webdriver/troubleshooting/errors#no-such-element-exception\nStacktrace:\n#0 0x556284333ec3 <unknown>\n#1 0x55628402bce6 <unknown>\n#2 0x556284076e48 <unknown>\n#3 0x556284076f01 <unknown>\n#4 0x5562840ba3f4 <unknown>\n#5 0x556284098edd <unknown>\n#6 0x5562840b7899 <unknown>\n#7 0x556284098c53 <unknown>\n#8 0x556284069db3 <unknown>\n#9 0x55628406a77e <unknown>\n#10 0x5562842f97fb <unknown>\n#11 0x5562842fd815 <unknown>\n#12 0x5562842e7111 <unknown>\n#13 0x5562842fe3a2 <unknown>\n#14 0x5562842cb1ef <unknown>\n#15 0x5562843224b8 <unknown>\n#16 0x5562843226b3 <unknown>\n#17 0x556284333074 <unknown>\n#18 0x7f6952409134 <unknown>","time":{"start":1709859063091,"stop":1709859063661,"duration":570}},{"uid":"e7b4f2e1f4cfc417","reportUrl":"https://Nat754.github.io/StroyremAutomation/239//#testresult/e7b4f2e1f4cfc417","status":"skipped","statusDetails":"XFAIL\n\nselenium.common.exceptions.NoSuchElementException: Message: no such element: Unable to locate element: {\"method\":\"xpath\",\"selector\":\"(//a[@class='add-to-cart yellow-btn'])[1]\"}\n  (Session info: chrome-headless-shell=122.0.6261.94); For documentation on this error, please visit: https://www.selenium.dev/documentation/webdriver/troubleshooting/errors#no-such-element-exception\nStacktrace:\n#0 0x560703dfae93 <unknown>\n#1 0x560703af2ce6 <unknown>\n#2 0x560703b3de48 <unknown>\n#3 0x560703b3df01 <unknown>\n#4 0x560703b813f4 <unknown>\n#5 0x560703b5fedd <unknown>\n#6 0x560703b7e899 <unknown>\n#7 0x560703b5fc53 <unknown>\n#8 0x560703b30db3 <unknown>\n#9 0x560703b3177e <unknown>\n#10 0x560703dc07cb <unknown>\n#11 0x560703dc47e5 <unknown>\n#12 0x560703dae0e1 <unknown>\n#13 0x560703dc5372 <unknown>\n#14 0x560703d921bf <unknown>\n#15 0x560703de9488 <unknown>\n#16 0x560703de9683 <unknown>\n#17 0x560703dfa044 <unknown>\n#18 0x7f39d6f36134 <unknown>","time":{"start":1709772120391,"stop":1709772120929,"duration":538}},{"uid":"6e09ea9f145083f2","reportUrl":"https://Nat754.github.io/StroyremAutomation/238//#testresult/6e09ea9f145083f2","status":"skipped","statusDetails":"XFAIL\n\nselenium.common.exceptions.NoSuchElementException: Message: no such element: Unable to locate element: {\"method\":\"xpath\",\"selector\":\"(//a[@class='add-to-cart yellow-btn'])[1]\"}\n  (Session info: chrome-headless-shell=122.0.6261.94); For documentation on this error, please visit: https://www.selenium.dev/documentation/webdriver/troubleshooting/errors#no-such-element-exception\nStacktrace:\n#0 0x560e70672e93 <unknown>\n#1 0x560e7036ace6 <unknown>\n#2 0x560e703b5e48 <unknown>\n#3 0x560e703b5f01 <unknown>\n#4 0x560e703f93f4 <unknown>\n#5 0x560e703d7edd <unknown>\n#6 0x560e703f6899 <unknown>\n#7 0x560e703d7c53 <unknown>\n#8 0x560e703a8db3 <unknown>\n#9 0x560e703a977e <unknown>\n#10 0x560e706387cb <unknown>\n#11 0x560e7063c7e5 <unknown>\n#12 0x560e706260e1 <unknown>\n#13 0x560e7063d372 <unknown>\n#14 0x560e7060a1bf <unknown>\n#15 0x560e70661488 <unknown>\n#16 0x560e70661683 <unknown>\n#17 0x560e70672044 <unknown>\n#18 0x7fae25748134 <unknown>","time":{"start":1709686328552,"stop":1709686329018,"duration":466}},{"uid":"a7696a9459a4391f","reportUrl":"https://Nat754.github.io/StroyremAutomation/237//#testresult/a7696a9459a4391f","status":"skipped","statusDetails":"XFAIL\n\nselenium.common.exceptions.NoSuchElementException: Message: no such element: Unable to locate element: {\"method\":\"xpath\",\"selector\":\"(//a[@class='add-to-cart yellow-btn'])[1]\"}\n  (Session info: chrome-headless-shell=122.0.6261.94); For documentation on this error, please visit: https://www.selenium.dev/documentation/webdriver/troubleshooting/errors#no-such-element-exception\nStacktrace:\n#0 0x55c44d25de93 <unknown>\n#1 0x55c44cf55ce6 <unknown>\n#2 0x55c44cfa0e48 <unknown>\n#3 0x55c44cfa0f01 <unknown>\n#4 0x55c44cfe43f4 <unknown>\n#5 0x55c44cfc2edd <unknown>\n#6 0x55c44cfe1899 <unknown>\n#7 0x55c44cfc2c53 <unknown>\n#8 0x55c44cf93db3 <unknown>\n#9 0x55c44cf9477e <unknown>\n#10 0x55c44d2237cb <unknown>\n#11 0x55c44d2277e5 <unknown>\n#12 0x55c44d2110e1 <unknown>\n#13 0x55c44d228372 <unknown>\n#14 0x55c44d1f51bf <unknown>\n#15 0x55c44d24c488 <unknown>\n#16 0x55c44d24c683 <unknown>\n#17 0x55c44d25d044 <unknown>\n#18 0x7f8131607134 <unknown>","time":{"start":1709599906614,"stop":1709599907072,"duration":458}},{"uid":"16047f0dec1274bb","reportUrl":"https://Nat754.github.io/StroyremAutomation/236//#testresult/16047f0dec1274bb","status":"skipped","statusDetails":"XFAIL\n\nselenium.common.exceptions.NoSuchElementException: Message: no such element: Unable to locate element: {\"method\":\"xpath\",\"selector\":\"(//a[@class='add-to-cart yellow-btn'])[1]\"}\n  (Session info: chrome-headless-shell=122.0.6261.94); For documentation on this error, please visit: https://www.selenium.dev/documentation/webdriver/troubleshooting/errors#no-such-element-exception\nStacktrace:\n#0 0x5608f4517e93 <unknown>\n#1 0x5608f420fce6 <unknown>\n#2 0x5608f425ae48 <unknown>\n#3 0x5608f425af01 <unknown>\n#4 0x5608f429e3f4 <unknown>\n#5 0x5608f427cedd <unknown>\n#6 0x5608f429b899 <unknown>\n#7 0x5608f427cc53 <unknown>\n#8 0x5608f424ddb3 <unknown>\n#9 0x5608f424e77e <unknown>\n#10 0x5608f44dd7cb <unknown>\n#11 0x5608f44e17e5 <unknown>\n#12 0x5608f44cb0e1 <unknown>\n#13 0x5608f44e2372 <unknown>\n#14 0x5608f44af1bf <unknown>\n#15 0x5608f4506488 <unknown>\n#16 0x5608f4506683 <unknown>\n#17 0x5608f4517044 <unknown>\n#18 0x7fa98065e134 <unknown>","time":{"start":1709513609550,"stop":1709513610365,"duration":815}},{"uid":"eda31b9b2a8b706","reportUrl":"https://Nat754.github.io/StroyremAutomation/235//#testresult/eda31b9b2a8b706","status":"skipped","statusDetails":"XFAIL\n\nselenium.common.exceptions.NoSuchElementException: Message: no such element: Unable to locate element: {\"method\":\"xpath\",\"selector\":\"(//a[@class='add-to-cart yellow-btn'])[1]\"}\n  (Session info: chrome-headless-shell=122.0.6261.94); For documentation on this error, please visit: https://www.selenium.dev/documentation/webdriver/troubleshooting/errors#no-such-element-exception\nStacktrace:\n#0 0x561d7689ce93 <unknown>\n#1 0x561d76594ce6 <unknown>\n#2 0x561d765dfe48 <unknown>\n#3 0x561d765dff01 <unknown>\n#4 0x561d766233f4 <unknown>\n#5 0x561d76601edd <unknown>\n#6 0x561d76620899 <unknown>\n#7 0x561d76601c53 <unknown>\n#8 0x561d765d2db3 <unknown>\n#9 0x561d765d377e <unknown>\n#10 0x561d768627cb <unknown>\n#11 0x561d768667e5 <unknown>\n#12 0x561d768500e1 <unknown>\n#13 0x561d76867372 <unknown>\n#14 0x561d768341bf <unknown>\n#15 0x561d7688b488 <unknown>\n#16 0x561d7688b683 <unknown>\n#17 0x561d7689c044 <unknown>\n#18 0x7f0cf21e4134 <unknown>","time":{"start":1709427345164,"stop":1709427345787,"duration":623}},{"uid":"fe14db6bf1cf5dea","reportUrl":"https://Nat754.github.io/StroyremAutomation/234//#testresult/fe14db6bf1cf5dea","status":"skipped","statusDetails":"XFAIL\n\nselenium.common.exceptions.NoSuchElementException: Message: no such element: Unable to locate element: {\"method\":\"xpath\",\"selector\":\"(//a[@class='add-to-cart yellow-btn'])[1]\"}\n  (Session info: chrome-headless-shell=122.0.6261.94); For documentation on this error, please visit: https://www.selenium.dev/documentation/webdriver/troubleshooting/errors#no-such-element-exception\nStacktrace:\n#0 0x563065d54e93 <unknown>\n#1 0x563065a4cce6 <unknown>\n#2 0x563065a97e48 <unknown>\n#3 0x563065a97f01 <unknown>\n#4 0x563065adb3f4 <unknown>\n#5 0x563065ab9edd <unknown>\n#6 0x563065ad8899 <unknown>\n#7 0x563065ab9c53 <unknown>\n#8 0x563065a8adb3 <unknown>\n#9 0x563065a8b77e <unknown>\n#10 0x563065d1a7cb <unknown>\n#11 0x563065d1e7e5 <unknown>\n#12 0x563065d080e1 <unknown>\n#13 0x563065d1f372 <unknown>\n#14 0x563065cec1bf <unknown>\n#15 0x563065d43488 <unknown>\n#16 0x563065d43683 <unknown>\n#17 0x563065d54044 <unknown>\n#18 0x7f07f4ea6134 <unknown>","time":{"start":1709340602194,"stop":1709340602824,"duration":630}},{"uid":"19d61fb0abce60c8","reportUrl":"https://Nat754.github.io/StroyremAutomation/233//#testresult/19d61fb0abce60c8","status":"skipped","statusDetails":"XFAIL\n\nselenium.common.exceptions.NoSuchElementException: Message: no such element: Unable to locate element: {\"method\":\"xpath\",\"selector\":\"(//a[@class='add-to-cart yellow-btn'])[1]\"}\n  (Session info: chrome-headless-shell=122.0.6261.94); For documentation on this error, please visit: https://www.selenium.dev/documentation/webdriver/troubleshooting/errors#no-such-element-exception\nStacktrace:\n#0 0x561049c6de93 <unknown>\n#1 0x561049965ce6 <unknown>\n#2 0x5610499b0e48 <unknown>\n#3 0x5610499b0f01 <unknown>\n#4 0x5610499f43f4 <unknown>\n#5 0x5610499d2edd <unknown>\n#6 0x5610499f1899 <unknown>\n#7 0x5610499d2c53 <unknown>\n#8 0x5610499a3db3 <unknown>\n#9 0x5610499a477e <unknown>\n#10 0x561049c337cb <unknown>\n#11 0x561049c377e5 <unknown>\n#12 0x561049c210e1 <unknown>\n#13 0x561049c38372 <unknown>\n#14 0x561049c051bf <unknown>\n#15 0x561049c5c488 <unknown>\n#16 0x561049c5c683 <unknown>\n#17 0x561049c6d044 <unknown>\n#18 0x7f3750b03134 <unknown>","time":{"start":1709254597028,"stop":1709254597655,"duration":627}},{"uid":"bd70c2b2be249eb4","reportUrl":"https://Nat754.github.io/StroyremAutomation/232//#testresult/bd70c2b2be249eb4","status":"skipped","statusDetails":"XFAIL\n\nselenium.common.exceptions.NoSuchElementException: Message: no such element: Unable to locate element: {\"method\":\"xpath\",\"selector\":\"(//a[@class='add-to-cart yellow-btn'])[1]\"}\n  (Session info: chrome-headless-shell=122.0.6261.94); For documentation on this error, please visit: https://www.selenium.dev/documentation/webdriver/troubleshooting/errors#no-such-element-exception\nStacktrace:\n#0 0x55a82f46be93 <unknown>\n#1 0x55a82f163ce6 <unknown>\n#2 0x55a82f1aee48 <unknown>\n#3 0x55a82f1aef01 <unknown>\n#4 0x55a82f1f23f4 <unknown>\n#5 0x55a82f1d0edd <unknown>\n#6 0x55a82f1ef899 <unknown>\n#7 0x55a82f1d0c53 <unknown>\n#8 0x55a82f1a1db3 <unknown>\n#9 0x55a82f1a277e <unknown>\n#10 0x55a82f4317cb <unknown>\n#11 0x55a82f4357e5 <unknown>\n#12 0x55a82f41f0e1 <unknown>\n#13 0x55a82f436372 <unknown>\n#14 0x55a82f4031bf <unknown>\n#15 0x55a82f45a488 <unknown>\n#16 0x55a82f45a683 <unknown>\n#17 0x55a82f46b044 <unknown>\n#18 0x7fed46cd6134 <unknown>","time":{"start":1709167844979,"stop":1709167845621,"duration":642}},{"uid":"f23510423df6e04","reportUrl":"https://Nat754.github.io/StroyremAutomation/231//#testresult/f23510423df6e04","status":"skipped","statusDetails":"XFAIL\n\nselenium.common.exceptions.NoSuchElementException: Message: no such element: Unable to locate element: {\"method\":\"xpath\",\"selector\":\"(//a[@class='add-to-cart yellow-btn'])[1]\"}\n  (Session info: chrome-headless-shell=122.0.6261.94); For documentation on this error, please visit: https://www.selenium.dev/documentation/webdriver/troubleshooting/errors#no-such-element-exception\nStacktrace:\n#0 0x55de954afe93 <unknown>\n#1 0x55de951a7ce6 <unknown>\n#2 0x55de951f2e48 <unknown>\n#3 0x55de951f2f01 <unknown>\n#4 0x55de952363f4 <unknown>\n#5 0x55de95214edd <unknown>\n#6 0x55de95233899 <unknown>\n#7 0x55de95214c53 <unknown>\n#8 0x55de951e5db3 <unknown>\n#9 0x55de951e677e <unknown>\n#10 0x55de954757cb <unknown>\n#11 0x55de954797e5 <unknown>\n#12 0x55de954630e1 <unknown>\n#13 0x55de9547a372 <unknown>\n#14 0x55de954471bf <unknown>\n#15 0x55de9549e488 <unknown>\n#16 0x55de9549e683 <unknown>\n#17 0x55de954af044 <unknown>\n#18 0x7f926f3e1134 <unknown>","time":{"start":1709081448541,"stop":1709081449113,"duration":572}},{"uid":"4e24a2d5ffc4d7c2","reportUrl":"https://Nat754.github.io/StroyremAutomation/230//#testresult/4e24a2d5ffc4d7c2","status":"skipped","statusDetails":"XFAIL\n\nselenium.common.exceptions.NoSuchElementException: Message: no such element: Unable to locate element: {\"method\":\"xpath\",\"selector\":\"(//a[@class='add-to-cart yellow-btn'])[1]\"}\n  (Session info: chrome-headless-shell=122.0.6261.69); For documentation on this error, please visit: https://www.selenium.dev/documentation/webdriver/troubleshooting/errors#no-such-element-exception\nStacktrace:\n#0 0x562a610b0793 <unknown>\n#1 0x562a60da41c6 <unknown>\n#2 0x562a60def358 <unknown>\n#3 0x562a60def411 <unknown>\n#4 0x562a60e32934 <unknown>\n#5 0x562a60e113fd <unknown>\n#6 0x562a60e2fdd9 <unknown>\n#7 0x562a60e11173 <unknown>\n#8 0x562a60de22d3 <unknown>\n#9 0x562a60de2c9e <unknown>\n#10 0x562a610748cb <unknown>\n#11 0x562a61078745 <unknown>\n#12 0x562a610612e1 <unknown>\n#13 0x562a610792d2 <unknown>\n#14 0x562a6104517f <unknown>\n#15 0x562a6109edc8 <unknown>\n#16 0x562a6109efc3 <unknown>\n#17 0x562a610af944 <unknown>\n#18 0x7fb36ab8e134 <unknown>","time":{"start":1708995059751,"stop":1708995060143,"duration":392}},{"uid":"f610da823565ffc8","reportUrl":"https://Nat754.github.io/StroyremAutomation/229//#testresult/f610da823565ffc8","status":"skipped","statusDetails":"XFAIL\n\nselenium.common.exceptions.NoSuchElementException: Message: no such element: Unable to locate element: {\"method\":\"xpath\",\"selector\":\"(//a[@class='add-to-cart yellow-btn'])[1]\"}\n  (Session info: chrome-headless-shell=122.0.6261.69); For documentation on this error, please visit: https://www.selenium.dev/documentation/webdriver/troubleshooting/errors#no-such-element-exception\nStacktrace:\n#0 0x5592fbf3c793 <unknown>\n#1 0x5592fbc301c6 <unknown>\n#2 0x5592fbc7b358 <unknown>\n#3 0x5592fbc7b411 <unknown>\n#4 0x5592fbcbe934 <unknown>\n#5 0x5592fbc9d3fd <unknown>\n#6 0x5592fbcbbdd9 <unknown>\n#7 0x5592fbc9d173 <unknown>\n#8 0x5592fbc6e2d3 <unknown>\n#9 0x5592fbc6ec9e <unknown>\n#10 0x5592fbf008cb <unknown>\n#11 0x5592fbf04745 <unknown>\n#12 0x5592fbeed2e1 <unknown>\n#13 0x5592fbf052d2 <unknown>\n#14 0x5592fbed117f <unknown>\n#15 0x5592fbf2adc8 <unknown>\n#16 0x5592fbf2afc3 <unknown>\n#17 0x5592fbf3b944 <unknown>\n#18 0x7fc5beff8134 <unknown>","time":{"start":1708908757750,"stop":1708908758270,"duration":520}},{"uid":"ffb5903f6acd5d84","reportUrl":"https://Nat754.github.io/StroyremAutomation/228//#testresult/ffb5903f6acd5d84","status":"skipped","statusDetails":"XFAIL\n\nselenium.common.exceptions.NoSuchElementException: Message: no such element: Unable to locate element: {\"method\":\"xpath\",\"selector\":\"(//a[@class='add-to-cart yellow-btn'])[1]\"}\n  (Session info: chrome-headless-shell=122.0.6261.69); For documentation on this error, please visit: https://www.selenium.dev/documentation/webdriver/troubleshooting/errors#no-such-element-exception\nStacktrace:\n#0 0x5639c1aaa793 <unknown>\n#1 0x5639c179e1c6 <unknown>\n#2 0x5639c17e9358 <unknown>\n#3 0x5639c17e9411 <unknown>\n#4 0x5639c182c934 <unknown>\n#5 0x5639c180b3fd <unknown>\n#6 0x5639c1829dd9 <unknown>\n#7 0x5639c180b173 <unknown>\n#8 0x5639c17dc2d3 <unknown>\n#9 0x5639c17dcc9e <unknown>\n#10 0x5639c1a6e8cb <unknown>\n#11 0x5639c1a72745 <unknown>\n#12 0x5639c1a5b2e1 <unknown>\n#13 0x5639c1a732d2 <unknown>\n#14 0x5639c1a3f17f <unknown>\n#15 0x5639c1a98dc8 <unknown>\n#16 0x5639c1a98fc3 <unknown>\n#17 0x5639c1aa9944 <unknown>\n#18 0x7fbff5bc4134 <unknown>","time":{"start":1708822543459,"stop":1708822543929,"duration":470}},{"uid":"d7125da2a20f6696","reportUrl":"https://Nat754.github.io/StroyremAutomation/227//#testresult/d7125da2a20f6696","status":"skipped","statusDetails":"XFAIL\n\nselenium.common.exceptions.NoSuchElementException: Message: no such element: Unable to locate element: {\"method\":\"xpath\",\"selector\":\"(//a[@class='add-to-cart yellow-btn'])[1]\"}\n  (Session info: chrome-headless-shell=122.0.6261.69); For documentation on this error, please visit: https://www.selenium.dev/documentation/webdriver/troubleshooting/errors#no-such-element-exception\nStacktrace:\n#0 0x555f21dcf793 <unknown>\n#1 0x555f21ac31c6 <unknown>\n#2 0x555f21b0e358 <unknown>\n#3 0x555f21b0e411 <unknown>\n#4 0x555f21b51934 <unknown>\n#5 0x555f21b303fd <unknown>\n#6 0x555f21b4edd9 <unknown>\n#7 0x555f21b30173 <unknown>\n#8 0x555f21b012d3 <unknown>\n#9 0x555f21b01c9e <unknown>\n#10 0x555f21d938cb <unknown>\n#11 0x555f21d97745 <unknown>\n#12 0x555f21d802e1 <unknown>\n#13 0x555f21d982d2 <unknown>\n#14 0x555f21d6417f <unknown>\n#15 0x555f21dbddc8 <unknown>\n#16 0x555f21dbdfc3 <unknown>\n#17 0x555f21dce944 <unknown>\n#18 0x7f83a1474134 <unknown>","time":{"start":1708735739374,"stop":1708735740017,"duration":643}},{"uid":"777cfe19dbfa219c","reportUrl":"https://Nat754.github.io/StroyremAutomation/226//#testresult/777cfe19dbfa219c","status":"skipped","statusDetails":"XFAIL\n\nselenium.common.exceptions.NoSuchElementException: Message: no such element: Unable to locate element: {\"method\":\"xpath\",\"selector\":\"(//a[@class='add-to-cart yellow-btn'])[1]\"}\n  (Session info: chrome-headless-shell=122.0.6261.69); For documentation on this error, please visit: https://www.selenium.dev/documentation/webdriver/troubleshooting/errors#no-such-element-exception\nStacktrace:\n#0 0x561e622bc793 <unknown>\n#1 0x561e61fb01c6 <unknown>\n#2 0x561e61ffb358 <unknown>\n#3 0x561e61ffb411 <unknown>\n#4 0x561e6203e934 <unknown>\n#5 0x561e6201d3fd <unknown>\n#6 0x561e6203bdd9 <unknown>\n#7 0x561e6201d173 <unknown>\n#8 0x561e61fee2d3 <unknown>\n#9 0x561e61feec9e <unknown>\n#10 0x561e622808cb <unknown>\n#11 0x561e62284745 <unknown>\n#12 0x561e6226d2e1 <unknown>\n#13 0x561e622852d2 <unknown>\n#14 0x561e6225117f <unknown>\n#15 0x561e622aadc8 <unknown>\n#16 0x561e622aafc3 <unknown>\n#17 0x561e622bb944 <unknown>\n#18 0x7fdaf85a8134 <unknown>","time":{"start":1708649452444,"stop":1708649452879,"duration":435}}]},"tags":["@pytest.mark.xfail","smoke_test"]},"source":"9bbed8ed3de4e516.json","parameterValues":["2190","13","'TD 004'","1590","'products/shtukaturka-gipsovaya-aksolit-m50-30-kg-mashinnogo-naneseniya'","450","'https://sandboxtest.stroyrem-nn.ru/'","400"]}