{"uid":"498e2f94c3853ebf","name":"TD 024 Доставка товара весом до 9000кг. в синей зоне","fullName":"tests.delivery.test_delivery_calculation.TestDeliveryPageCalculation#test_positive_delivery_blue_zone_smoke","historyId":"69e5dca98f2a435ef5ba1c77ef0ca605","time":{"start":1717722006111,"stop":1717722006424,"duration":313},"status":"skipped","statusMessage":"XFAIL\n\nselenium.common.exceptions.NoSuchElementException: Message: no such element: Unable to locate element: {\"method\":\"xpath\",\"selector\":\"(//a[@class='add-to-cart yellow-btn'])[1]\"}\n  (Session info: chrome-headless-shell=125.0.6422.141); For documentation on this error, please visit: https://www.selenium.dev/documentation/webdriver/troubleshooting/errors#no-such-element-exception\nStacktrace:\n#0 0x560b8da80e3a <unknown>\n#1 0x560b8d76a45c <unknown>\n#2 0x560b8d7b65b5 <unknown>\n#3 0x560b8d7b6671 <unknown>\n#4 0x560b8d7faf14 <unknown>\n#5 0x560b8d7d94dd <unknown>\n#6 0x560b8d7f82cc <unknown>\n#7 0x560b8d7d9253 <unknown>\n#8 0x560b8d7a91c7 <unknown>\n#9 0x560b8d7a9b3e <unknown>\n#10 0x560b8da4727b <unknown>\n#11 0x560b8da4b327 <unknown>\n#12 0x560b8da33dae <unknown>\n#13 0x560b8da4bdf2 <unknown>\n#14 0x560b8da1874f <unknown>\n#15 0x560b8da70128 <unknown>\n#16 0x560b8da702fb <unknown>\n#17 0x560b8da7ff6c <unknown>\n#18 0x7f4e31265134 <unknown>","statusTrace":"self = <tests.delivery.test_delivery_calculation.TestDeliveryPageCalculation object at 0x7f8c0de5c310>\ndriver = <selenium.webdriver.chrome.webdriver.WebDriver (session=\"1978efd559702d157d71dedc749fcd3c\")>\nurl = 'https://sandboxtest.stroyrem-nn.ru/', case_id = 'TD 024'\nlink_item = 'products/shtukaturka-gipsovaya-aksolit-m50-30-kg-mashinnogo-naneseniya'\namount = 299, weight = 9000, standard = 4300, in_time = 9900, all_time = 11440\n\n    @pytest.mark.parametrize('case_id, link_item, amount, weight, standard, in_time, all_time', [\n        (\"TD 015\", bundeks_25, 1, 30, 650, 2390, 3320),\n        pytest.param(\n            \"TD 016\", aksolit_30, 8, 300, 650, 2390, 3320,\n            marks=pytest.mark.xfail(reson=\"Цена доставки: - - -\")\n        ),\n        (\"TD 017\", aksolit_30, 13, 400, 650, 2390, 3320),\n        (\"TD 018\", aksolit_30, 16, 500, 850, 2490, 3320),\n        (\"TD 019\", aksolit_30, 25, 1700, 1150, 2490, 3320),\n        (\"TD 020\", aksolit_30, 66, 2000, 1500, 2990, 3650),\n        (\"TD 021\", aksolit_30, 149, 4500, 2600, 4380, 4890),\n        (\"TD 022\", aksolit_30, 166, 5000, 2800, 5490, 5980),\n        pytest.param(\n            \"TD 023\", aksolit_30, 206, 6200, 3300, 7500, 8000,\n            marks=pytest.mark.xfail(reson=\"Цена доставки: 4300 9900 11440\")\n        ),\n        (\"TD 024\", aksolit_30, 299, 9000, 4300, 9900, 11440),\n        (\"TD 025\", aksolit_30, 333, 10000, 7000, 13900, 15900),\n        pytest.param(\n            \"TD 026\", aksolit_30, 366, 11000, 8000, 14900, 19900,\n            marks=pytest.mark.xfail(reson=\"Цена доставки: 7000 13900 15900\")\n        ),\n        pytest.param(\n            \"TD 027\", aksolit_30, 666, 20000, 14000, 16900, 23900,\n            marks=pytest.mark.xfail(reson=\"Цена доставки: 7000 13900 15900\")\n        )\n    ])\n    @pytest.mark.xfail\n    @pytest.mark.smoke_test\n    def test_positive_delivery_blue_zone_smoke(\n            self, driver, url, case_id, link_item, amount, weight, standard, in_time, all_time\n    ):\n        allure.dynamic.title(f\"{case_id} Доставка товара весом до {weight}кг. в синей зоне\")\n    \n        driver.get(f'{url}{link_item}')\n        item_page = ItemPage(driver)\n>       item_page.add_item_to_cart(amount).click_on_cart()\n\ntests/delivery/test_delivery_calculation.py:132: \n_ _ _ _ _ _ _ _ _ _ _ _ _ _ _ _ _ _ _ _ _ _ _ _ _ _ _ _ _ _ _ _ _ _ _ _ _ _ _ _ \npages/item_page.py:40: in add_item_to_cart\n    self.find_element(self._add_item).click()\nbase/seleniumbase.py:17: in find_element\n    return self.driver.find_element(*locator)\n/usr/local/lib/python3.11/site-packages/selenium/webdriver/remote/webdriver.py:739: in find_element\n    return self.execute(Command.FIND_ELEMENT, {\"using\": by, \"value\": value})[\"value\"]\n/usr/local/lib/python3.11/site-packages/selenium/webdriver/remote/webdriver.py:345: in execute\n    self.error_handler.check_response(response)\n_ _ _ _ _ _ _ _ _ _ _ _ _ _ _ _ _ _ _ _ _ _ _ _ _ _ _ _ _ _ _ _ _ _ _ _ _ _ _ _ \n\nself = <selenium.webdriver.remote.errorhandler.ErrorHandler object at 0x7f8c0d25f810>\nresponse = {'status': 404, 'value': '{\"value\":{\"error\":\"no such element\",\"message\":\"no such element: Unable to locate element: {\\...\\\\n#16 0x560b8da702fb \\\\u003Cunknown>\\\\n#17 0x560b8da7ff6c \\\\u003Cunknown>\\\\n#18 0x7f4e31265134 \\\\u003Cunknown>\\\\n\"}}'}\n\n    def check_response(self, response: Dict[str, Any]) -> None:\n        \"\"\"Checks that a JSON response from the WebDriver does not have an\n        error.\n    \n        :Args:\n         - response - The JSON response from the WebDriver server as a dictionary\n           object.\n    \n        :Raises: If the response contains an error message.\n        \"\"\"\n        status = response.get(\"status\", None)\n        if not status or status == ErrorCode.SUCCESS:\n            return\n        value = None\n        message = response.get(\"message\", \"\")\n        screen: str = response.get(\"screen\", \"\")\n        stacktrace = None\n        if isinstance(status, int):\n            value_json = response.get(\"value\", None)\n            if value_json and isinstance(value_json, str):\n                import json\n    \n                try:\n                    value = json.loads(value_json)\n                    if len(value) == 1:\n                        value = value[\"value\"]\n                    status = value.get(\"error\", None)\n                    if not status:\n                        status = value.get(\"status\", ErrorCode.UNKNOWN_ERROR)\n                        message = value.get(\"value\") or value.get(\"message\")\n                        if not isinstance(message, str):\n                            value = message\n                            message = message.get(\"message\")\n                    else:\n                        message = value.get(\"message\", None)\n                except ValueError:\n                    pass\n    \n        exception_class: Type[WebDriverException]\n        e = ErrorCode()\n        error_codes = [item for item in dir(e) if not item.startswith(\"__\")]\n        for error_code in error_codes:\n            error_info = getattr(ErrorCode, error_code)\n            if isinstance(error_info, list) and status in error_info:\n                exception_class = getattr(ExceptionMapping, error_code, WebDriverException)\n                break\n        else:\n            exception_class = WebDriverException\n    \n        if not value:\n            value = response[\"value\"]\n        if isinstance(value, str):\n            raise exception_class(value)\n        if message == \"\" and \"message\" in value:\n            message = value[\"message\"]\n    \n        screen = None  # type: ignore[assignment]\n        if \"screen\" in value:\n            screen = value[\"screen\"]\n    \n        stacktrace = None\n        st_value = value.get(\"stackTrace\") or value.get(\"stacktrace\")\n        if st_value:\n            if isinstance(st_value, str):\n                stacktrace = st_value.split(\"\\n\")\n            else:\n                stacktrace = []\n                try:\n                    for frame in st_value:\n                        line = frame.get(\"lineNumber\", \"\")\n                        file = frame.get(\"fileName\", \"<anonymous>\")\n                        if line:\n                            file = f\"{file}:{line}\"\n                        meth = frame.get(\"methodName\", \"<anonymous>\")\n                        if \"className\" in frame:\n                            meth = f\"{frame['className']}.{meth}\"\n                        msg = \"    at %s (%s)\"\n                        msg = msg % (meth, file)\n                        stacktrace.append(msg)\n                except TypeError:\n                    pass\n        if exception_class == UnexpectedAlertPresentException:\n            alert_text = None\n            if \"data\" in value:\n                alert_text = value[\"data\"].get(\"text\")\n            elif \"alert\" in value:\n                alert_text = value[\"alert\"].get(\"text\")\n            raise exception_class(message, screen, stacktrace, alert_text)  # type: ignore[call-arg]  # mypy is not smart enough here\n>       raise exception_class(message, screen, stacktrace)\nE       selenium.common.exceptions.NoSuchElementException: Message: no such element: Unable to locate element: {\"method\":\"xpath\",\"selector\":\"(//a[@class='add-to-cart yellow-btn'])[1]\"}\nE         (Session info: chrome-headless-shell=125.0.6422.141); For documentation on this error, please visit: https://www.selenium.dev/documentation/webdriver/troubleshooting/errors#no-such-element-exception\nE       Stacktrace:\nE       #0 0x560b8da80e3a <unknown>\nE       #1 0x560b8d76a45c <unknown>\nE       #2 0x560b8d7b65b5 <unknown>\nE       #3 0x560b8d7b6671 <unknown>\nE       #4 0x560b8d7faf14 <unknown>\nE       #5 0x560b8d7d94dd <unknown>\nE       #6 0x560b8d7f82cc <unknown>\nE       #7 0x560b8d7d9253 <unknown>\nE       #8 0x560b8d7a91c7 <unknown>\nE       #9 0x560b8d7a9b3e <unknown>\nE       #10 0x560b8da4727b <unknown>\nE       #11 0x560b8da4b327 <unknown>\nE       #12 0x560b8da33dae <unknown>\nE       #13 0x560b8da4bdf2 <unknown>\nE       #14 0x560b8da1874f <unknown>\nE       #15 0x560b8da70128 <unknown>\nE       #16 0x560b8da702fb <unknown>\nE       #17 0x560b8da7ff6c <unknown>\nE       #18 0x7f4e31265134 <unknown>\n\n/usr/local/lib/python3.11/site-packages/selenium/webdriver/remote/errorhandler.py:229: NoSuchElementException","flaky":false,"newFailed":false,"newBroken":false,"newPassed":false,"retriesCount":0,"retriesStatusChange":false,"beforeStages":[{"name":"_session_faker","time":{"start":1717721729716,"stop":1717721729782,"duration":66},"status":"passed","steps":[],"attachments":[],"parameters":[],"shouldDisplayMessage":false,"stepsCount":0,"attachmentsCount":0,"hasContent":false,"attachmentStep":false},{"name":"clear_allure_results_folder","time":{"start":1717721729782,"stop":1717721729782,"duration":0},"status":"passed","steps":[],"attachments":[],"parameters":[],"shouldDisplayMessage":false,"stepsCount":0,"attachmentsCount":0,"hasContent":false,"attachmentStep":false},{"name":"driver","time":{"start":1717722005427,"stop":1717722006110,"duration":683},"status":"passed","steps":[],"attachments":[],"parameters":[],"shouldDisplayMessage":false,"stepsCount":0,"attachmentsCount":0,"hasContent":false,"attachmentStep":false},{"name":"setup","time":{"start":1717722006110,"stop":1717722006110,"duration":0},"status":"passed","steps":[],"attachments":[],"parameters":[],"shouldDisplayMessage":false,"stepsCount":0,"attachmentsCount":0,"hasContent":false,"attachmentStep":false}],"testStage":{"status":"skipped","statusMessage":"XFAIL\n\nselenium.common.exceptions.NoSuchElementException: Message: no such element: Unable to locate element: {\"method\":\"xpath\",\"selector\":\"(//a[@class='add-to-cart yellow-btn'])[1]\"}\n  (Session info: chrome-headless-shell=125.0.6422.141); For documentation on this error, please visit: https://www.selenium.dev/documentation/webdriver/troubleshooting/errors#no-such-element-exception\nStacktrace:\n#0 0x560b8da80e3a <unknown>\n#1 0x560b8d76a45c <unknown>\n#2 0x560b8d7b65b5 <unknown>\n#3 0x560b8d7b6671 <unknown>\n#4 0x560b8d7faf14 <unknown>\n#5 0x560b8d7d94dd <unknown>\n#6 0x560b8d7f82cc <unknown>\n#7 0x560b8d7d9253 <unknown>\n#8 0x560b8d7a91c7 <unknown>\n#9 0x560b8d7a9b3e <unknown>\n#10 0x560b8da4727b <unknown>\n#11 0x560b8da4b327 <unknown>\n#12 0x560b8da33dae <unknown>\n#13 0x560b8da4bdf2 <unknown>\n#14 0x560b8da1874f <unknown>\n#15 0x560b8da70128 <unknown>\n#16 0x560b8da702fb <unknown>\n#17 0x560b8da7ff6c <unknown>\n#18 0x7f4e31265134 <unknown>","statusTrace":"self = <tests.delivery.test_delivery_calculation.TestDeliveryPageCalculation object at 0x7f8c0de5c310>\ndriver = <selenium.webdriver.chrome.webdriver.WebDriver (session=\"1978efd559702d157d71dedc749fcd3c\")>\nurl = 'https://sandboxtest.stroyrem-nn.ru/', case_id = 'TD 024'\nlink_item = 'products/shtukaturka-gipsovaya-aksolit-m50-30-kg-mashinnogo-naneseniya'\namount = 299, weight = 9000, standard = 4300, in_time = 9900, all_time = 11440\n\n    @pytest.mark.parametrize('case_id, link_item, amount, weight, standard, in_time, all_time', [\n        (\"TD 015\", bundeks_25, 1, 30, 650, 2390, 3320),\n        pytest.param(\n            \"TD 016\", aksolit_30, 8, 300, 650, 2390, 3320,\n            marks=pytest.mark.xfail(reson=\"Цена доставки: - - -\")\n        ),\n        (\"TD 017\", aksolit_30, 13, 400, 650, 2390, 3320),\n        (\"TD 018\", aksolit_30, 16, 500, 850, 2490, 3320),\n        (\"TD 019\", aksolit_30, 25, 1700, 1150, 2490, 3320),\n        (\"TD 020\", aksolit_30, 66, 2000, 1500, 2990, 3650),\n        (\"TD 021\", aksolit_30, 149, 4500, 2600, 4380, 4890),\n        (\"TD 022\", aksolit_30, 166, 5000, 2800, 5490, 5980),\n        pytest.param(\n            \"TD 023\", aksolit_30, 206, 6200, 3300, 7500, 8000,\n            marks=pytest.mark.xfail(reson=\"Цена доставки: 4300 9900 11440\")\n        ),\n        (\"TD 024\", aksolit_30, 299, 9000, 4300, 9900, 11440),\n        (\"TD 025\", aksolit_30, 333, 10000, 7000, 13900, 15900),\n        pytest.param(\n            \"TD 026\", aksolit_30, 366, 11000, 8000, 14900, 19900,\n            marks=pytest.mark.xfail(reson=\"Цена доставки: 7000 13900 15900\")\n        ),\n        pytest.param(\n            \"TD 027\", aksolit_30, 666, 20000, 14000, 16900, 23900,\n            marks=pytest.mark.xfail(reson=\"Цена доставки: 7000 13900 15900\")\n        )\n    ])\n    @pytest.mark.xfail\n    @pytest.mark.smoke_test\n    def test_positive_delivery_blue_zone_smoke(\n            self, driver, url, case_id, link_item, amount, weight, standard, in_time, all_time\n    ):\n        allure.dynamic.title(f\"{case_id} Доставка товара весом до {weight}кг. в синей зоне\")\n    \n        driver.get(f'{url}{link_item}')\n        item_page = ItemPage(driver)\n>       item_page.add_item_to_cart(amount).click_on_cart()\n\ntests/delivery/test_delivery_calculation.py:132: \n_ _ _ _ _ _ _ _ _ _ _ _ _ _ _ _ _ _ _ _ _ _ _ _ _ _ _ _ _ _ _ _ _ _ _ _ _ _ _ _ \npages/item_page.py:40: in add_item_to_cart\n    self.find_element(self._add_item).click()\nbase/seleniumbase.py:17: in find_element\n    return self.driver.find_element(*locator)\n/usr/local/lib/python3.11/site-packages/selenium/webdriver/remote/webdriver.py:739: in find_element\n    return self.execute(Command.FIND_ELEMENT, {\"using\": by, \"value\": value})[\"value\"]\n/usr/local/lib/python3.11/site-packages/selenium/webdriver/remote/webdriver.py:345: in execute\n    self.error_handler.check_response(response)\n_ _ _ _ _ _ _ _ _ _ _ _ _ _ _ _ _ _ _ _ _ _ _ _ _ _ _ _ _ _ _ _ _ _ _ _ _ _ _ _ \n\nself = <selenium.webdriver.remote.errorhandler.ErrorHandler object at 0x7f8c0d25f810>\nresponse = {'status': 404, 'value': '{\"value\":{\"error\":\"no such element\",\"message\":\"no such element: Unable to locate element: {\\...\\\\n#16 0x560b8da702fb \\\\u003Cunknown>\\\\n#17 0x560b8da7ff6c \\\\u003Cunknown>\\\\n#18 0x7f4e31265134 \\\\u003Cunknown>\\\\n\"}}'}\n\n    def check_response(self, response: Dict[str, Any]) -> None:\n        \"\"\"Checks that a JSON response from the WebDriver does not have an\n        error.\n    \n        :Args:\n         - response - The JSON response from the WebDriver server as a dictionary\n           object.\n    \n        :Raises: If the response contains an error message.\n        \"\"\"\n        status = response.get(\"status\", None)\n        if not status or status == ErrorCode.SUCCESS:\n            return\n        value = None\n        message = response.get(\"message\", \"\")\n        screen: str = response.get(\"screen\", \"\")\n        stacktrace = None\n        if isinstance(status, int):\n            value_json = response.get(\"value\", None)\n            if value_json and isinstance(value_json, str):\n                import json\n    \n                try:\n                    value = json.loads(value_json)\n                    if len(value) == 1:\n                        value = value[\"value\"]\n                    status = value.get(\"error\", None)\n                    if not status:\n                        status = value.get(\"status\", ErrorCode.UNKNOWN_ERROR)\n                        message = value.get(\"value\") or value.get(\"message\")\n                        if not isinstance(message, str):\n                            value = message\n                            message = message.get(\"message\")\n                    else:\n                        message = value.get(\"message\", None)\n                except ValueError:\n                    pass\n    \n        exception_class: Type[WebDriverException]\n        e = ErrorCode()\n        error_codes = [item for item in dir(e) if not item.startswith(\"__\")]\n        for error_code in error_codes:\n            error_info = getattr(ErrorCode, error_code)\n            if isinstance(error_info, list) and status in error_info:\n                exception_class = getattr(ExceptionMapping, error_code, WebDriverException)\n                break\n        else:\n            exception_class = WebDriverException\n    \n        if not value:\n            value = response[\"value\"]\n        if isinstance(value, str):\n            raise exception_class(value)\n        if message == \"\" and \"message\" in value:\n            message = value[\"message\"]\n    \n        screen = None  # type: ignore[assignment]\n        if \"screen\" in value:\n            screen = value[\"screen\"]\n    \n        stacktrace = None\n        st_value = value.get(\"stackTrace\") or value.get(\"stacktrace\")\n        if st_value:\n            if isinstance(st_value, str):\n                stacktrace = st_value.split(\"\\n\")\n            else:\n                stacktrace = []\n                try:\n                    for frame in st_value:\n                        line = frame.get(\"lineNumber\", \"\")\n                        file = frame.get(\"fileName\", \"<anonymous>\")\n                        if line:\n                            file = f\"{file}:{line}\"\n                        meth = frame.get(\"methodName\", \"<anonymous>\")\n                        if \"className\" in frame:\n                            meth = f\"{frame['className']}.{meth}\"\n                        msg = \"    at %s (%s)\"\n                        msg = msg % (meth, file)\n                        stacktrace.append(msg)\n                except TypeError:\n                    pass\n        if exception_class == UnexpectedAlertPresentException:\n            alert_text = None\n            if \"data\" in value:\n                alert_text = value[\"data\"].get(\"text\")\n            elif \"alert\" in value:\n                alert_text = value[\"alert\"].get(\"text\")\n            raise exception_class(message, screen, stacktrace, alert_text)  # type: ignore[call-arg]  # mypy is not smart enough here\n>       raise exception_class(message, screen, stacktrace)\nE       selenium.common.exceptions.NoSuchElementException: Message: no such element: Unable to locate element: {\"method\":\"xpath\",\"selector\":\"(//a[@class='add-to-cart yellow-btn'])[1]\"}\nE         (Session info: chrome-headless-shell=125.0.6422.141); For documentation on this error, please visit: https://www.selenium.dev/documentation/webdriver/troubleshooting/errors#no-such-element-exception\nE       Stacktrace:\nE       #0 0x560b8da80e3a <unknown>\nE       #1 0x560b8d76a45c <unknown>\nE       #2 0x560b8d7b65b5 <unknown>\nE       #3 0x560b8d7b6671 <unknown>\nE       #4 0x560b8d7faf14 <unknown>\nE       #5 0x560b8d7d94dd <unknown>\nE       #6 0x560b8d7f82cc <unknown>\nE       #7 0x560b8d7d9253 <unknown>\nE       #8 0x560b8d7a91c7 <unknown>\nE       #9 0x560b8d7a9b3e <unknown>\nE       #10 0x560b8da4727b <unknown>\nE       #11 0x560b8da4b327 <unknown>\nE       #12 0x560b8da33dae <unknown>\nE       #13 0x560b8da4bdf2 <unknown>\nE       #14 0x560b8da1874f <unknown>\nE       #15 0x560b8da70128 <unknown>\nE       #16 0x560b8da702fb <unknown>\nE       #17 0x560b8da7ff6c <unknown>\nE       #18 0x7f4e31265134 <unknown>\n\n/usr/local/lib/python3.11/site-packages/selenium/webdriver/remote/errorhandler.py:229: NoSuchElementException","steps":[{"name":"Добавляем товар в корзину в количестве 299","time":{"start":1717722006408,"stop":1717722006424,"duration":16},"status":"broken","statusMessage":"selenium.common.exceptions.NoSuchElementException: Message: no such element: Unable to locate element: {\"method\":\"xpath\",\"selector\":\"(//a[@class='add-to-cart yellow-btn'])[1]\"}\n  (Session info: chrome-headless-shell=125.0.6422.141); For documentation on this error, please visit: https://www.selenium.dev/documentation/webdriver/troubleshooting/errors#no-such-element-exception\nStacktrace:\n#0 0x560b8da80e3a <unknown>\n#1 0x560b8d76a45c <unknown>\n#2 0x560b8d7b65b5 <unknown>\n#3 0x560b8d7b6671 <unknown>\n#4 0x560b8d7faf14 <unknown>\n#5 0x560b8d7d94dd <unknown>\n#6 0x560b8d7f82cc <unknown>\n#7 0x560b8d7d9253 <unknown>\n#8 0x560b8d7a91c7 <unknown>\n#9 0x560b8d7a9b3e <unknown>\n#10 0x560b8da4727b <unknown>\n#11 0x560b8da4b327 <unknown>\n#12 0x560b8da33dae <unknown>\n#13 0x560b8da4bdf2 <unknown>\n#14 0x560b8da1874f <unknown>\n#15 0x560b8da70128 <unknown>\n#16 0x560b8da702fb <unknown>\n#17 0x560b8da7ff6c <unknown>\n#18 0x7f4e31265134 <unknown>\n\n","statusTrace":"  File \"/usr/local/lib/python3.11/site-packages/allure_commons/_allure.py\", line 192, in impl\n    return func(*a, **kw)\n           ^^^^^^^^^^^^^^\n  File \"/app/pages/item_page.py\", line 40, in add_item_to_cart\n    self.find_element(self._add_item).click()\n    ^^^^^^^^^^^^^^^^^^^^^^^^^^^^^^^^^\n  File \"/app/base/seleniumbase.py\", line 17, in find_element\n    return self.driver.find_element(*locator)\n           ^^^^^^^^^^^^^^^^^^^^^^^^^^^^^^^^^^\n  File \"/usr/local/lib/python3.11/site-packages/selenium/webdriver/remote/webdriver.py\", line 739, in find_element\n    return self.execute(Command.FIND_ELEMENT, {\"using\": by, \"value\": value})[\"value\"]\n           ^^^^^^^^^^^^^^^^^^^^^^^^^^^^^^^^^^^^^^^^^^^^^^^^^^^^^^^^^^^^^^^^^\n  File \"/usr/local/lib/python3.11/site-packages/selenium/webdriver/remote/webdriver.py\", line 345, in execute\n    self.error_handler.check_response(response)\n  File \"/usr/local/lib/python3.11/site-packages/selenium/webdriver/remote/errorhandler.py\", line 229, in check_response\n    raise exception_class(message, screen, stacktrace)\n","steps":[],"attachments":[],"parameters":[{"name":"amount","value":"299"}],"shouldDisplayMessage":true,"stepsCount":0,"attachmentsCount":0,"hasContent":true,"attachmentStep":false}],"attachments":[{"uid":"47324f9ac42884f4","name":"Screenshot","source":"47324f9ac42884f4.png","type":"image/png","size":4720},{"uid":"f0a718a0c81f329f","name":"HTML source","source":"f0a718a0c81f329f.html","type":"text/html","size":39}],"parameters":[],"shouldDisplayMessage":true,"stepsCount":1,"attachmentsCount":2,"hasContent":true,"attachmentStep":false},"afterStages":[{"name":"setup::0","time":{"start":1717722006517,"stop":1717722006517,"duration":0},"status":"passed","steps":[],"attachments":[],"parameters":[],"shouldDisplayMessage":false,"stepsCount":0,"attachmentsCount":0,"hasContent":false,"attachmentStep":false},{"name":"driver::0","time":{"start":1717722006517,"stop":1717722006577,"duration":60},"status":"passed","steps":[],"attachments":[],"parameters":[],"shouldDisplayMessage":false,"stepsCount":0,"attachmentsCount":0,"hasContent":false,"attachmentStep":false}],"labels":[{"name":"epic","value":"Delivery Page - calculation"},{"name":"tag","value":"smoke_test"},{"name":"tag","value":"@pytest.mark.xfail"},{"name":"parentSuite","value":"tests.delivery"},{"name":"suite","value":"test_delivery_calculation"},{"name":"subSuite","value":"TestDeliveryPageCalculation"},{"name":"host","value":"ef9d39a97878"},{"name":"thread","value":"1-MainThread"},{"name":"framework","value":"pytest"},{"name":"language","value":"cpython3"},{"name":"package","value":"tests.delivery.test_delivery_calculation"},{"name":"resultFormat","value":"allure2"}],"parameters":[{"name":"all_time","value":"11440"},{"name":"amount","value":"299"},{"name":"case_id","value":"'TD 024'"},{"name":"in_time","value":"9900"},{"name":"link_item","value":"'products/shtukaturka-gipsovaya-aksolit-m50-30-kg-mashinnogo-naneseniya'"},{"name":"standard","value":"4300"},{"name":"url","value":"'https://sandboxtest.stroyrem-nn.ru/'"},{"name":"weight","value":"9000"}],"links":[],"hidden":false,"retry":false,"extra":{"severity":"normal","retries":[],"categories":[],"history":{"statistic":{"failed":0,"broken":0,"skipped":9,"passed":0,"unknown":0,"total":9},"items":[{"uid":"9689d8a239abd3f1","reportUrl":"https://Nat754.github.io/StroyremAutomation/330//#testresult/9689d8a239abd3f1","status":"skipped","statusDetails":"XFAIL\n\nselenium.common.exceptions.NoSuchElementException: Message: no such element: Unable to locate element: {\"method\":\"xpath\",\"selector\":\"(//a[@class='add-to-cart yellow-btn'])[1]\"}\n  (Session info: chrome-headless-shell=125.0.6422.141); For documentation on this error, please visit: https://www.selenium.dev/documentation/webdriver/troubleshooting/errors#no-such-element-exception\nStacktrace:\n#0 0x55bfa4575e3a <unknown>\n#1 0x55bfa425f45c <unknown>\n#2 0x55bfa42ab5b5 <unknown>\n#3 0x55bfa42ab671 <unknown>\n#4 0x55bfa42eff14 <unknown>\n#5 0x55bfa42ce4dd <unknown>\n#6 0x55bfa42ed2cc <unknown>\n#7 0x55bfa42ce253 <unknown>\n#8 0x55bfa429e1c7 <unknown>\n#9 0x55bfa429eb3e <unknown>\n#10 0x55bfa453c27b <unknown>\n#11 0x55bfa4540327 <unknown>\n#12 0x55bfa4528dae <unknown>\n#13 0x55bfa4540df2 <unknown>\n#14 0x55bfa450d74f <unknown>\n#15 0x55bfa4565128 <unknown>\n#16 0x55bfa45652fb <unknown>\n#17 0x55bfa4574f6c <unknown>\n#18 0x7ff1bb4b3134 <unknown>","time":{"start":1717635480395,"stop":1717635480740,"duration":345}},{"uid":"1ea7b66625754bed","reportUrl":"https://Nat754.github.io/StroyremAutomation/329//#testresult/1ea7b66625754bed","status":"skipped","statusDetails":"XFAIL\n\nselenium.common.exceptions.NoSuchElementException: Message: no such element: Unable to locate element: {\"method\":\"xpath\",\"selector\":\"(//a[@class='add-to-cart yellow-btn'])[1]\"}\n  (Session info: chrome-headless-shell=125.0.6422.141); For documentation on this error, please visit: https://www.selenium.dev/documentation/webdriver/troubleshooting/errors#no-such-element-exception\nStacktrace:\n#0 0x558d5b813e3a <unknown>\n#1 0x558d5b4fd45c <unknown>\n#2 0x558d5b5495b5 <unknown>\n#3 0x558d5b549671 <unknown>\n#4 0x558d5b58df14 <unknown>\n#5 0x558d5b56c4dd <unknown>\n#6 0x558d5b58b2cc <unknown>\n#7 0x558d5b56c253 <unknown>\n#8 0x558d5b53c1c7 <unknown>\n#9 0x558d5b53cb3e <unknown>\n#10 0x558d5b7da27b <unknown>\n#11 0x558d5b7de327 <unknown>\n#12 0x558d5b7c6dae <unknown>\n#13 0x558d5b7dedf2 <unknown>\n#14 0x558d5b7ab74f <unknown>\n#15 0x558d5b803128 <unknown>\n#16 0x558d5b8032fb <unknown>\n#17 0x558d5b812f6c <unknown>\n#18 0x7fc634c54134 <unknown>","time":{"start":1717549115292,"stop":1717549116068,"duration":776}},{"uid":"d887919e70ece747","reportUrl":"https://Nat754.github.io/StroyremAutomation/328//#testresult/d887919e70ece747","status":"skipped","statusDetails":"XFAIL\n\nselenium.common.exceptions.NoSuchElementException: Message: no such element: Unable to locate element: {\"method\":\"xpath\",\"selector\":\"(//a[@class='add-to-cart yellow-btn'])[1]\"}\n  (Session info: chrome-headless-shell=125.0.6422.141); For documentation on this error, please visit: https://www.selenium.dev/documentation/webdriver/troubleshooting/errors#no-such-element-exception\nStacktrace:\n#0 0x557372ad1e3a <unknown>\n#1 0x5573727bb45c <unknown>\n#2 0x5573728075b5 <unknown>\n#3 0x557372807671 <unknown>\n#4 0x55737284bf14 <unknown>\n#5 0x55737282a4dd <unknown>\n#6 0x5573728492cc <unknown>\n#7 0x55737282a253 <unknown>\n#8 0x5573727fa1c7 <unknown>\n#9 0x5573727fab3e <unknown>\n#10 0x557372a9827b <unknown>\n#11 0x557372a9c327 <unknown>\n#12 0x557372a84dae <unknown>\n#13 0x557372a9cdf2 <unknown>\n#14 0x557372a6974f <unknown>\n#15 0x557372ac1128 <unknown>\n#16 0x557372ac12fb <unknown>\n#17 0x557372ad0f6c <unknown>\n#18 0x7f2559ac2134 <unknown>","time":{"start":1717462717386,"stop":1717462717808,"duration":422}},{"uid":"1e82c0b840e1e2c3","reportUrl":"https://Nat754.github.io/StroyremAutomation/327//#testresult/1e82c0b840e1e2c3","status":"skipped","statusDetails":"XFAIL\n\nselenium.common.exceptions.NoSuchElementException: Message: no such element: Unable to locate element: {\"method\":\"xpath\",\"selector\":\"(//a[@class='add-to-cart yellow-btn'])[1]\"}\n  (Session info: chrome-headless-shell=125.0.6422.141); For documentation on this error, please visit: https://www.selenium.dev/documentation/webdriver/troubleshooting/errors#no-such-element-exception\nStacktrace:\n#0 0x564f35c22e3a <unknown>\n#1 0x564f3590c45c <unknown>\n#2 0x564f359585b5 <unknown>\n#3 0x564f35958671 <unknown>\n#4 0x564f3599cf14 <unknown>\n#5 0x564f3597b4dd <unknown>\n#6 0x564f3599a2cc <unknown>\n#7 0x564f3597b253 <unknown>\n#8 0x564f3594b1c7 <unknown>\n#9 0x564f3594bb3e <unknown>\n#10 0x564f35be927b <unknown>\n#11 0x564f35bed327 <unknown>\n#12 0x564f35bd5dae <unknown>\n#13 0x564f35beddf2 <unknown>\n#14 0x564f35bba74f <unknown>\n#15 0x564f35c12128 <unknown>\n#16 0x564f35c122fb <unknown>\n#17 0x564f35c21f6c <unknown>\n#18 0x7fa1cf3c8134 <unknown>","time":{"start":1717376367469,"stop":1717376367916,"duration":447}},{"uid":"479d93d7816e95f0","reportUrl":"https://Nat754.github.io/StroyremAutomation/326//#testresult/479d93d7816e95f0","status":"skipped","statusDetails":"XFAIL\n\nselenium.common.exceptions.NoSuchElementException: Message: no such element: Unable to locate element: {\"method\":\"xpath\",\"selector\":\"(//a[@class='add-to-cart yellow-btn'])[1]\"}\n  (Session info: chrome-headless-shell=125.0.6422.141); For documentation on this error, please visit: https://www.selenium.dev/documentation/webdriver/troubleshooting/errors#no-such-element-exception\nStacktrace:\n#0 0x5626dcf22e3a <unknown>\n#1 0x5626dcc0c45c <unknown>\n#2 0x5626dcc585b5 <unknown>\n#3 0x5626dcc58671 <unknown>\n#4 0x5626dcc9cf14 <unknown>\n#5 0x5626dcc7b4dd <unknown>\n#6 0x5626dcc9a2cc <unknown>\n#7 0x5626dcc7b253 <unknown>\n#8 0x5626dcc4b1c7 <unknown>\n#9 0x5626dcc4bb3e <unknown>\n#10 0x5626dcee927b <unknown>\n#11 0x5626dceed327 <unknown>\n#12 0x5626dced5dae <unknown>\n#13 0x5626dceeddf2 <unknown>\n#14 0x5626dceba74f <unknown>\n#15 0x5626dcf12128 <unknown>\n#16 0x5626dcf122fb <unknown>\n#17 0x5626dcf21f6c <unknown>\n#18 0x7f73e1f38134 <unknown>","time":{"start":1717290108956,"stop":1717290109395,"duration":439}},{"uid":"a7344577764adfee","reportUrl":"https://Nat754.github.io/StroyremAutomation/325//#testresult/a7344577764adfee","status":"skipped","statusDetails":"XFAIL\n\nselenium.common.exceptions.NoSuchElementException: Message: no such element: Unable to locate element: {\"method\":\"xpath\",\"selector\":\"(//a[@class='add-to-cart yellow-btn'])[1]\"}\n  (Session info: chrome-headless-shell=125.0.6422.141); For documentation on this error, please visit: https://www.selenium.dev/documentation/webdriver/troubleshooting/errors#no-such-element-exception\nStacktrace:\n#0 0x5574df3aee3a <unknown>\n#1 0x5574df09845c <unknown>\n#2 0x5574df0e45b5 <unknown>\n#3 0x5574df0e4671 <unknown>\n#4 0x5574df128f14 <unknown>\n#5 0x5574df1074dd <unknown>\n#6 0x5574df1262cc <unknown>\n#7 0x5574df107253 <unknown>\n#8 0x5574df0d71c7 <unknown>\n#9 0x5574df0d7b3e <unknown>\n#10 0x5574df37527b <unknown>\n#11 0x5574df379327 <unknown>\n#12 0x5574df361dae <unknown>\n#13 0x5574df379df2 <unknown>\n#14 0x5574df34674f <unknown>\n#15 0x5574df39e128 <unknown>\n#16 0x5574df39e2fb <unknown>\n#17 0x5574df3adf6c <unknown>\n#18 0x7fd944825134 <unknown>","time":{"start":1717203632319,"stop":1717203632960,"duration":641}},{"uid":"dfef17248e9ce19a","reportUrl":"https://Nat754.github.io/StroyremAutomation/324//#testresult/dfef17248e9ce19a","status":"skipped","statusDetails":"XFAIL\n\nselenium.common.exceptions.NoSuchElementException: Message: no such element: Unable to locate element: {\"method\":\"xpath\",\"selector\":\"(//a[@class='add-to-cart yellow-btn'])[1]\"}\n  (Session info: chrome-headless-shell=125.0.6422.141); For documentation on this error, please visit: https://www.selenium.dev/documentation/webdriver/troubleshooting/errors#no-such-element-exception\nStacktrace:\n#0 0x560cd9c44e3a <unknown>\n#1 0x560cd992e45c <unknown>\n#2 0x560cd997a5b5 <unknown>\n#3 0x560cd997a671 <unknown>\n#4 0x560cd99bef14 <unknown>\n#5 0x560cd999d4dd <unknown>\n#6 0x560cd99bc2cc <unknown>\n#7 0x560cd999d253 <unknown>\n#8 0x560cd996d1c7 <unknown>\n#9 0x560cd996db3e <unknown>\n#10 0x560cd9c0b27b <unknown>\n#11 0x560cd9c0f327 <unknown>\n#12 0x560cd9bf7dae <unknown>\n#13 0x560cd9c0fdf2 <unknown>\n#14 0x560cd9bdc74f <unknown>\n#15 0x560cd9c34128 <unknown>\n#16 0x560cd9c342fb <unknown>\n#17 0x560cd9c43f6c <unknown>\n#18 0x7f5907811134 <unknown>","time":{"start":1717117150451,"stop":1717117150894,"duration":443}},{"uid":"de47b0dc371bc487","reportUrl":"https://Nat754.github.io/StroyremAutomation/323//#testresult/de47b0dc371bc487","status":"skipped","statusDetails":"XFAIL\n\nselenium.common.exceptions.NoSuchElementException: Message: no such element: Unable to locate element: {\"method\":\"xpath\",\"selector\":\"(//a[@class='add-to-cart yellow-btn'])[1]\"}\n  (Session info: chrome-headless-shell=125.0.6422.78); For documentation on this error, please visit: https://www.selenium.dev/documentation/webdriver/troubleshooting/errors#no-such-element-exception\nStacktrace:\n#0 0x5623ef915e8a <unknown>\n#1 0x5623ef5ff45c <unknown>\n#2 0x5623ef64b5b5 <unknown>\n#3 0x5623ef64b671 <unknown>\n#4 0x5623ef68ff14 <unknown>\n#5 0x5623ef66e4dd <unknown>\n#6 0x5623ef68d2cc <unknown>\n#7 0x5623ef66e253 <unknown>\n#8 0x5623ef63e1c7 <unknown>\n#9 0x5623ef63eb3e <unknown>\n#10 0x5623ef8dc2cb <unknown>\n#11 0x5623ef8e0377 <unknown>\n#12 0x5623ef8c8dfe <unknown>\n#13 0x5623ef8e0e42 <unknown>\n#14 0x5623ef8ad79f <unknown>\n#15 0x5623ef905178 <unknown>\n#16 0x5623ef90534b <unknown>\n#17 0x5623ef914fbc <unknown>\n#18 0x7f10ca259134 <unknown>","time":{"start":1717030651785,"stop":1717030652094,"duration":309}}]},"tags":["@pytest.mark.xfail","smoke_test"]},"source":"498e2f94c3853ebf.json","parameterValues":["11440","299","'TD 024'","9900","'products/shtukaturka-gipsovaya-aksolit-m50-30-kg-mashinnogo-naneseniya'","4300","'https://sandboxtest.stroyrem-nn.ru/'","9000"]}