{"uid":"ce6cf7a8c33e9014","name":"TD 017 Доставка товара весом до 400кг. в синей зоне","fullName":"tests.delivery.test_delivery_calculation.TestDeliveryPageCalculation#test_positive_delivery_blue_zone_smoke","historyId":"81af0bc3e563f7b2736d18e07047a083","time":{"start":1723165326489,"stop":1723165326792,"duration":303},"status":"skipped","statusMessage":"XFAIL\n\nselenium.common.exceptions.NoSuchElementException: Message: no such element: Unable to locate element: {\"method\":\"xpath\",\"selector\":\"(//a[@class='add-to-cart yellow-btn'])[1]\"}\n  (Session info: chrome-headless-shell=127.0.6533.99); For documentation on this error, please visit: https://www.selenium.dev/documentation/webdriver/troubleshooting/errors#no-such-element-exception\nStacktrace:\n#0 0x555c276976aa <unknown>\n#1 0x555c27368600 <unknown>\n#2 0x555c273b7bcb <unknown>\n#3 0x555c273b7eb1 <unknown>\n#4 0x555c273fbb24 <unknown>\n#5 0x555c273da8cd <unknown>\n#6 0x555c273f904a <unknown>\n#7 0x555c273da643 <unknown>\n#8 0x555c273aad31 <unknown>\n#9 0x555c273ab79e <unknown>\n#10 0x555c2765f23b <unknown>\n#11 0x555c276631d2 <unknown>\n#12 0x555c2764c5f5 <unknown>\n#13 0x555c27663d62 <unknown>\n#14 0x555c2763123f <unknown>\n#15 0x555c27686e48 <unknown>\n#16 0x555c27687020 <unknown>\n#17 0x555c2769647c <unknown>\n#18 0x7f0374986134 <unknown>","statusTrace":"self = <tests.delivery.test_delivery_calculation.TestDeliveryPageCalculation object at 0x7f0b5b4afa10>\ndriver = <selenium.webdriver.chrome.webdriver.WebDriver (session=\"1e395dc87004035ecfa6a472bd73a81c\")>\nurl = 'https://sandboxtest.stroyrem-nn.ru/', case_id = 'TD 017'\nlink_item = 'products/shtukaturka-gipsovaya-aksolit-m50-30-kg-mashinnogo-naneseniya'\namount = 13, weight = 400, standard = 650, in_time = 2390, all_time = 3320\n\n    @pytest.mark.parametrize('case_id, link_item, amount, weight, standard, in_time, all_time', [\n        (\"TD 015\", bundeks_25, 1, 30, 650, 2390, 3320),\n        pytest.param(\n            \"TD 016\", aksolit_30, 8, 300, 650, 2390, 3320,\n            marks=pytest.mark.xfail(reson=\"Цена доставки: - - -\")\n        ),\n        (\"TD 017\", aksolit_30, 13, 400, 650, 2390, 3320),\n        (\"TD 018\", aksolit_30, 16, 500, 850, 2490, 3320),\n        (\"TD 019\", aksolit_30, 25, 1700, 1150, 2490, 3320),\n        (\"TD 020\", aksolit_30, 66, 2000, 1500, 2990, 3650),\n        (\"TD 021\", aksolit_30, 149, 4500, 2600, 4380, 4890),\n        (\"TD 022\", aksolit_30, 166, 5000, 2800, 5490, 5980),\n        pytest.param(\n            \"TD 023\", aksolit_30, 206, 6200, 3300, 7500, 8000,\n            marks=pytest.mark.xfail(reson=\"Цена доставки: 4300 9900 11440\")\n        ),\n        (\"TD 024\", aksolit_30, 299, 9000, 4300, 9900, 11440),\n        (\"TD 025\", aksolit_30, 333, 10000, 7000, 13900, 15900),\n        pytest.param(\n            \"TD 026\", aksolit_30, 366, 11000, 8000, 14900, 19900,\n            marks=pytest.mark.xfail(reson=\"Цена доставки: 7000 13900 15900\")\n        ),\n        pytest.param(\n            \"TD 027\", aksolit_30, 666, 20000, 14000, 16900, 23900,\n            marks=pytest.mark.xfail(reson=\"Цена доставки: 7000 13900 15900\")\n        )\n    ])\n    @pytest.mark.xfail\n    @pytest.mark.smoke_test\n    def test_positive_delivery_blue_zone_smoke(\n            self, driver, url, case_id, link_item, amount, weight, standard, in_time, all_time\n    ):\n        allure.dynamic.title(f\"{case_id} Доставка товара весом до {weight}кг. в синей зоне\")\n    \n        driver.get(f'{url}{link_item}')\n        item_page = ItemPage(driver)\n>       item_page.add_item_to_cart(amount).click_on_cart()\n\ntests/delivery/test_delivery_calculation.py:132: \n_ _ _ _ _ _ _ _ _ _ _ _ _ _ _ _ _ _ _ _ _ _ _ _ _ _ _ _ _ _ _ _ _ _ _ _ _ _ _ _ \npages/item_page.py:40: in add_item_to_cart\n    self.find_element(self._add_item).click()\nbase/seleniumbase.py:17: in find_element\n    return self.driver.find_element(*locator)\n/usr/local/lib/python3.11/site-packages/selenium/webdriver/remote/webdriver.py:739: in find_element\n    return self.execute(Command.FIND_ELEMENT, {\"using\": by, \"value\": value})[\"value\"]\n/usr/local/lib/python3.11/site-packages/selenium/webdriver/remote/webdriver.py:345: in execute\n    self.error_handler.check_response(response)\n_ _ _ _ _ _ _ _ _ _ _ _ _ _ _ _ _ _ _ _ _ _ _ _ _ _ _ _ _ _ _ _ _ _ _ _ _ _ _ _ \n\nself = <selenium.webdriver.remote.errorhandler.ErrorHandler object at 0x7f0b5c29b090>\nresponse = {'status': 404, 'value': '{\"value\":{\"error\":\"no such element\",\"message\":\"no such element: Unable to locate element: {\\...\\\\n#16 0x555c27687020 \\\\u003Cunknown>\\\\n#17 0x555c2769647c \\\\u003Cunknown>\\\\n#18 0x7f0374986134 \\\\u003Cunknown>\\\\n\"}}'}\n\n    def check_response(self, response: Dict[str, Any]) -> None:\n        \"\"\"Checks that a JSON response from the WebDriver does not have an\n        error.\n    \n        :Args:\n         - response - The JSON response from the WebDriver server as a dictionary\n           object.\n    \n        :Raises: If the response contains an error message.\n        \"\"\"\n        status = response.get(\"status\", None)\n        if not status or status == ErrorCode.SUCCESS:\n            return\n        value = None\n        message = response.get(\"message\", \"\")\n        screen: str = response.get(\"screen\", \"\")\n        stacktrace = None\n        if isinstance(status, int):\n            value_json = response.get(\"value\", None)\n            if value_json and isinstance(value_json, str):\n                import json\n    \n                try:\n                    value = json.loads(value_json)\n                    if len(value) == 1:\n                        value = value[\"value\"]\n                    status = value.get(\"error\", None)\n                    if not status:\n                        status = value.get(\"status\", ErrorCode.UNKNOWN_ERROR)\n                        message = value.get(\"value\") or value.get(\"message\")\n                        if not isinstance(message, str):\n                            value = message\n                            message = message.get(\"message\")\n                    else:\n                        message = value.get(\"message\", None)\n                except ValueError:\n                    pass\n    \n        exception_class: Type[WebDriverException]\n        e = ErrorCode()\n        error_codes = [item for item in dir(e) if not item.startswith(\"__\")]\n        for error_code in error_codes:\n            error_info = getattr(ErrorCode, error_code)\n            if isinstance(error_info, list) and status in error_info:\n                exception_class = getattr(ExceptionMapping, error_code, WebDriverException)\n                break\n        else:\n            exception_class = WebDriverException\n    \n        if not value:\n            value = response[\"value\"]\n        if isinstance(value, str):\n            raise exception_class(value)\n        if message == \"\" and \"message\" in value:\n            message = value[\"message\"]\n    \n        screen = None  # type: ignore[assignment]\n        if \"screen\" in value:\n            screen = value[\"screen\"]\n    \n        stacktrace = None\n        st_value = value.get(\"stackTrace\") or value.get(\"stacktrace\")\n        if st_value:\n            if isinstance(st_value, str):\n                stacktrace = st_value.split(\"\\n\")\n            else:\n                stacktrace = []\n                try:\n                    for frame in st_value:\n                        line = frame.get(\"lineNumber\", \"\")\n                        file = frame.get(\"fileName\", \"<anonymous>\")\n                        if line:\n                            file = f\"{file}:{line}\"\n                        meth = frame.get(\"methodName\", \"<anonymous>\")\n                        if \"className\" in frame:\n                            meth = f\"{frame['className']}.{meth}\"\n                        msg = \"    at %s (%s)\"\n                        msg = msg % (meth, file)\n                        stacktrace.append(msg)\n                except TypeError:\n                    pass\n        if exception_class == UnexpectedAlertPresentException:\n            alert_text = None\n            if \"data\" in value:\n                alert_text = value[\"data\"].get(\"text\")\n            elif \"alert\" in value:\n                alert_text = value[\"alert\"].get(\"text\")\n            raise exception_class(message, screen, stacktrace, alert_text)  # type: ignore[call-arg]  # mypy is not smart enough here\n>       raise exception_class(message, screen, stacktrace)\nE       selenium.common.exceptions.NoSuchElementException: Message: no such element: Unable to locate element: {\"method\":\"xpath\",\"selector\":\"(//a[@class='add-to-cart yellow-btn'])[1]\"}\nE         (Session info: chrome-headless-shell=127.0.6533.99); For documentation on this error, please visit: https://www.selenium.dev/documentation/webdriver/troubleshooting/errors#no-such-element-exception\nE       Stacktrace:\nE       #0 0x555c276976aa <unknown>\nE       #1 0x555c27368600 <unknown>\nE       #2 0x555c273b7bcb <unknown>\nE       #3 0x555c273b7eb1 <unknown>\nE       #4 0x555c273fbb24 <unknown>\nE       #5 0x555c273da8cd <unknown>\nE       #6 0x555c273f904a <unknown>\nE       #7 0x555c273da643 <unknown>\nE       #8 0x555c273aad31 <unknown>\nE       #9 0x555c273ab79e <unknown>\nE       #10 0x555c2765f23b <unknown>\nE       #11 0x555c276631d2 <unknown>\nE       #12 0x555c2764c5f5 <unknown>\nE       #13 0x555c27663d62 <unknown>\nE       #14 0x555c2763123f <unknown>\nE       #15 0x555c27686e48 <unknown>\nE       #16 0x555c27687020 <unknown>\nE       #17 0x555c2769647c <unknown>\nE       #18 0x7f0374986134 <unknown>\n\n/usr/local/lib/python3.11/site-packages/selenium/webdriver/remote/errorhandler.py:229: NoSuchElementException","flaky":false,"newFailed":false,"newBroken":false,"newPassed":false,"retriesCount":0,"retriesStatusChange":false,"beforeStages":[{"name":"_session_faker","time":{"start":1723165079556,"stop":1723165079647,"duration":91},"status":"passed","steps":[],"attachments":[],"parameters":[],"shouldDisplayMessage":false,"stepsCount":0,"attachmentsCount":0,"hasContent":false,"attachmentStep":false},{"name":"clear_allure_results_folder","time":{"start":1723165079647,"stop":1723165079647,"duration":0},"status":"passed","steps":[],"attachments":[],"parameters":[],"shouldDisplayMessage":false,"stepsCount":0,"attachmentsCount":0,"hasContent":false,"attachmentStep":false},{"name":"driver","time":{"start":1723165325792,"stop":1723165326487,"duration":695},"status":"passed","steps":[],"attachments":[],"parameters":[],"shouldDisplayMessage":false,"stepsCount":0,"attachmentsCount":0,"hasContent":false,"attachmentStep":false},{"name":"setup","time":{"start":1723165326488,"stop":1723165326488,"duration":0},"status":"passed","steps":[],"attachments":[],"parameters":[],"shouldDisplayMessage":false,"stepsCount":0,"attachmentsCount":0,"hasContent":false,"attachmentStep":false}],"testStage":{"status":"skipped","statusMessage":"XFAIL\n\nselenium.common.exceptions.NoSuchElementException: Message: no such element: Unable to locate element: {\"method\":\"xpath\",\"selector\":\"(//a[@class='add-to-cart yellow-btn'])[1]\"}\n  (Session info: chrome-headless-shell=127.0.6533.99); For documentation on this error, please visit: https://www.selenium.dev/documentation/webdriver/troubleshooting/errors#no-such-element-exception\nStacktrace:\n#0 0x555c276976aa <unknown>\n#1 0x555c27368600 <unknown>\n#2 0x555c273b7bcb <unknown>\n#3 0x555c273b7eb1 <unknown>\n#4 0x555c273fbb24 <unknown>\n#5 0x555c273da8cd <unknown>\n#6 0x555c273f904a <unknown>\n#7 0x555c273da643 <unknown>\n#8 0x555c273aad31 <unknown>\n#9 0x555c273ab79e <unknown>\n#10 0x555c2765f23b <unknown>\n#11 0x555c276631d2 <unknown>\n#12 0x555c2764c5f5 <unknown>\n#13 0x555c27663d62 <unknown>\n#14 0x555c2763123f <unknown>\n#15 0x555c27686e48 <unknown>\n#16 0x555c27687020 <unknown>\n#17 0x555c2769647c <unknown>\n#18 0x7f0374986134 <unknown>","statusTrace":"self = <tests.delivery.test_delivery_calculation.TestDeliveryPageCalculation object at 0x7f0b5b4afa10>\ndriver = <selenium.webdriver.chrome.webdriver.WebDriver (session=\"1e395dc87004035ecfa6a472bd73a81c\")>\nurl = 'https://sandboxtest.stroyrem-nn.ru/', case_id = 'TD 017'\nlink_item = 'products/shtukaturka-gipsovaya-aksolit-m50-30-kg-mashinnogo-naneseniya'\namount = 13, weight = 400, standard = 650, in_time = 2390, all_time = 3320\n\n    @pytest.mark.parametrize('case_id, link_item, amount, weight, standard, in_time, all_time', [\n        (\"TD 015\", bundeks_25, 1, 30, 650, 2390, 3320),\n        pytest.param(\n            \"TD 016\", aksolit_30, 8, 300, 650, 2390, 3320,\n            marks=pytest.mark.xfail(reson=\"Цена доставки: - - -\")\n        ),\n        (\"TD 017\", aksolit_30, 13, 400, 650, 2390, 3320),\n        (\"TD 018\", aksolit_30, 16, 500, 850, 2490, 3320),\n        (\"TD 019\", aksolit_30, 25, 1700, 1150, 2490, 3320),\n        (\"TD 020\", aksolit_30, 66, 2000, 1500, 2990, 3650),\n        (\"TD 021\", aksolit_30, 149, 4500, 2600, 4380, 4890),\n        (\"TD 022\", aksolit_30, 166, 5000, 2800, 5490, 5980),\n        pytest.param(\n            \"TD 023\", aksolit_30, 206, 6200, 3300, 7500, 8000,\n            marks=pytest.mark.xfail(reson=\"Цена доставки: 4300 9900 11440\")\n        ),\n        (\"TD 024\", aksolit_30, 299, 9000, 4300, 9900, 11440),\n        (\"TD 025\", aksolit_30, 333, 10000, 7000, 13900, 15900),\n        pytest.param(\n            \"TD 026\", aksolit_30, 366, 11000, 8000, 14900, 19900,\n            marks=pytest.mark.xfail(reson=\"Цена доставки: 7000 13900 15900\")\n        ),\n        pytest.param(\n            \"TD 027\", aksolit_30, 666, 20000, 14000, 16900, 23900,\n            marks=pytest.mark.xfail(reson=\"Цена доставки: 7000 13900 15900\")\n        )\n    ])\n    @pytest.mark.xfail\n    @pytest.mark.smoke_test\n    def test_positive_delivery_blue_zone_smoke(\n            self, driver, url, case_id, link_item, amount, weight, standard, in_time, all_time\n    ):\n        allure.dynamic.title(f\"{case_id} Доставка товара весом до {weight}кг. в синей зоне\")\n    \n        driver.get(f'{url}{link_item}')\n        item_page = ItemPage(driver)\n>       item_page.add_item_to_cart(amount).click_on_cart()\n\ntests/delivery/test_delivery_calculation.py:132: \n_ _ _ _ _ _ _ _ _ _ _ _ _ _ _ _ _ _ _ _ _ _ _ _ _ _ _ _ _ _ _ _ _ _ _ _ _ _ _ _ \npages/item_page.py:40: in add_item_to_cart\n    self.find_element(self._add_item).click()\nbase/seleniumbase.py:17: in find_element\n    return self.driver.find_element(*locator)\n/usr/local/lib/python3.11/site-packages/selenium/webdriver/remote/webdriver.py:739: in find_element\n    return self.execute(Command.FIND_ELEMENT, {\"using\": by, \"value\": value})[\"value\"]\n/usr/local/lib/python3.11/site-packages/selenium/webdriver/remote/webdriver.py:345: in execute\n    self.error_handler.check_response(response)\n_ _ _ _ _ _ _ _ _ _ _ _ _ _ _ _ _ _ _ _ _ _ _ _ _ _ _ _ _ _ _ _ _ _ _ _ _ _ _ _ \n\nself = <selenium.webdriver.remote.errorhandler.ErrorHandler object at 0x7f0b5c29b090>\nresponse = {'status': 404, 'value': '{\"value\":{\"error\":\"no such element\",\"message\":\"no such element: Unable to locate element: {\\...\\\\n#16 0x555c27687020 \\\\u003Cunknown>\\\\n#17 0x555c2769647c \\\\u003Cunknown>\\\\n#18 0x7f0374986134 \\\\u003Cunknown>\\\\n\"}}'}\n\n    def check_response(self, response: Dict[str, Any]) -> None:\n        \"\"\"Checks that a JSON response from the WebDriver does not have an\n        error.\n    \n        :Args:\n         - response - The JSON response from the WebDriver server as a dictionary\n           object.\n    \n        :Raises: If the response contains an error message.\n        \"\"\"\n        status = response.get(\"status\", None)\n        if not status or status == ErrorCode.SUCCESS:\n            return\n        value = None\n        message = response.get(\"message\", \"\")\n        screen: str = response.get(\"screen\", \"\")\n        stacktrace = None\n        if isinstance(status, int):\n            value_json = response.get(\"value\", None)\n            if value_json and isinstance(value_json, str):\n                import json\n    \n                try:\n                    value = json.loads(value_json)\n                    if len(value) == 1:\n                        value = value[\"value\"]\n                    status = value.get(\"error\", None)\n                    if not status:\n                        status = value.get(\"status\", ErrorCode.UNKNOWN_ERROR)\n                        message = value.get(\"value\") or value.get(\"message\")\n                        if not isinstance(message, str):\n                            value = message\n                            message = message.get(\"message\")\n                    else:\n                        message = value.get(\"message\", None)\n                except ValueError:\n                    pass\n    \n        exception_class: Type[WebDriverException]\n        e = ErrorCode()\n        error_codes = [item for item in dir(e) if not item.startswith(\"__\")]\n        for error_code in error_codes:\n            error_info = getattr(ErrorCode, error_code)\n            if isinstance(error_info, list) and status in error_info:\n                exception_class = getattr(ExceptionMapping, error_code, WebDriverException)\n                break\n        else:\n            exception_class = WebDriverException\n    \n        if not value:\n            value = response[\"value\"]\n        if isinstance(value, str):\n            raise exception_class(value)\n        if message == \"\" and \"message\" in value:\n            message = value[\"message\"]\n    \n        screen = None  # type: ignore[assignment]\n        if \"screen\" in value:\n            screen = value[\"screen\"]\n    \n        stacktrace = None\n        st_value = value.get(\"stackTrace\") or value.get(\"stacktrace\")\n        if st_value:\n            if isinstance(st_value, str):\n                stacktrace = st_value.split(\"\\n\")\n            else:\n                stacktrace = []\n                try:\n                    for frame in st_value:\n                        line = frame.get(\"lineNumber\", \"\")\n                        file = frame.get(\"fileName\", \"<anonymous>\")\n                        if line:\n                            file = f\"{file}:{line}\"\n                        meth = frame.get(\"methodName\", \"<anonymous>\")\n                        if \"className\" in frame:\n                            meth = f\"{frame['className']}.{meth}\"\n                        msg = \"    at %s (%s)\"\n                        msg = msg % (meth, file)\n                        stacktrace.append(msg)\n                except TypeError:\n                    pass\n        if exception_class == UnexpectedAlertPresentException:\n            alert_text = None\n            if \"data\" in value:\n                alert_text = value[\"data\"].get(\"text\")\n            elif \"alert\" in value:\n                alert_text = value[\"alert\"].get(\"text\")\n            raise exception_class(message, screen, stacktrace, alert_text)  # type: ignore[call-arg]  # mypy is not smart enough here\n>       raise exception_class(message, screen, stacktrace)\nE       selenium.common.exceptions.NoSuchElementException: Message: no such element: Unable to locate element: {\"method\":\"xpath\",\"selector\":\"(//a[@class='add-to-cart yellow-btn'])[1]\"}\nE         (Session info: chrome-headless-shell=127.0.6533.99); For documentation on this error, please visit: https://www.selenium.dev/documentation/webdriver/troubleshooting/errors#no-such-element-exception\nE       Stacktrace:\nE       #0 0x555c276976aa <unknown>\nE       #1 0x555c27368600 <unknown>\nE       #2 0x555c273b7bcb <unknown>\nE       #3 0x555c273b7eb1 <unknown>\nE       #4 0x555c273fbb24 <unknown>\nE       #5 0x555c273da8cd <unknown>\nE       #6 0x555c273f904a <unknown>\nE       #7 0x555c273da643 <unknown>\nE       #8 0x555c273aad31 <unknown>\nE       #9 0x555c273ab79e <unknown>\nE       #10 0x555c2765f23b <unknown>\nE       #11 0x555c276631d2 <unknown>\nE       #12 0x555c2764c5f5 <unknown>\nE       #13 0x555c27663d62 <unknown>\nE       #14 0x555c2763123f <unknown>\nE       #15 0x555c27686e48 <unknown>\nE       #16 0x555c27687020 <unknown>\nE       #17 0x555c2769647c <unknown>\nE       #18 0x7f0374986134 <unknown>\n\n/usr/local/lib/python3.11/site-packages/selenium/webdriver/remote/errorhandler.py:229: NoSuchElementException","steps":[{"name":"Добавляем товар в корзину в количестве 13","time":{"start":1723165326774,"stop":1723165326792,"duration":18},"status":"broken","statusMessage":"selenium.common.exceptions.NoSuchElementException: Message: no such element: Unable to locate element: {\"method\":\"xpath\",\"selector\":\"(//a[@class='add-to-cart yellow-btn'])[1]\"}\n  (Session info: chrome-headless-shell=127.0.6533.99); For documentation on this error, please visit: https://www.selenium.dev/documentation/webdriver/troubleshooting/errors#no-such-element-exception\nStacktrace:\n#0 0x555c276976aa <unknown>\n#1 0x555c27368600 <unknown>\n#2 0x555c273b7bcb <unknown>\n#3 0x555c273b7eb1 <unknown>\n#4 0x555c273fbb24 <unknown>\n#5 0x555c273da8cd <unknown>\n#6 0x555c273f904a <unknown>\n#7 0x555c273da643 <unknown>\n#8 0x555c273aad31 <unknown>\n#9 0x555c273ab79e <unknown>\n#10 0x555c2765f23b <unknown>\n#11 0x555c276631d2 <unknown>\n#12 0x555c2764c5f5 <unknown>\n#13 0x555c27663d62 <unknown>\n#14 0x555c2763123f <unknown>\n#15 0x555c27686e48 <unknown>\n#16 0x555c27687020 <unknown>\n#17 0x555c2769647c <unknown>\n#18 0x7f0374986134 <unknown>\n\n","statusTrace":"  File \"/usr/local/lib/python3.11/site-packages/allure_commons/_allure.py\", line 192, in impl\n    return func(*a, **kw)\n           ^^^^^^^^^^^^^^\n  File \"/app/pages/item_page.py\", line 40, in add_item_to_cart\n    self.find_element(self._add_item).click()\n    ^^^^^^^^^^^^^^^^^^^^^^^^^^^^^^^^^\n  File \"/app/base/seleniumbase.py\", line 17, in find_element\n    return self.driver.find_element(*locator)\n           ^^^^^^^^^^^^^^^^^^^^^^^^^^^^^^^^^^\n  File \"/usr/local/lib/python3.11/site-packages/selenium/webdriver/remote/webdriver.py\", line 739, in find_element\n    return self.execute(Command.FIND_ELEMENT, {\"using\": by, \"value\": value})[\"value\"]\n           ^^^^^^^^^^^^^^^^^^^^^^^^^^^^^^^^^^^^^^^^^^^^^^^^^^^^^^^^^^^^^^^^^\n  File \"/usr/local/lib/python3.11/site-packages/selenium/webdriver/remote/webdriver.py\", line 345, in execute\n    self.error_handler.check_response(response)\n  File \"/usr/local/lib/python3.11/site-packages/selenium/webdriver/remote/errorhandler.py\", line 229, in check_response\n    raise exception_class(message, screen, stacktrace)\n","steps":[],"attachments":[],"parameters":[{"name":"amount","value":"13"}],"shouldDisplayMessage":true,"stepsCount":0,"attachmentsCount":0,"hasContent":true,"attachmentStep":false}],"attachments":[{"uid":"375a62f326138c25","name":"Screenshot","source":"375a62f326138c25.png","type":"image/png","size":4720},{"uid":"b344b4fbab2c1cad","name":"HTML source","source":"b344b4fbab2c1cad.html","type":"text/html","size":39}],"parameters":[],"shouldDisplayMessage":true,"stepsCount":1,"attachmentsCount":2,"hasContent":true,"attachmentStep":false},"afterStages":[{"name":"driver::0","time":{"start":1723165326898,"stop":1723165326959,"duration":61},"status":"passed","steps":[],"attachments":[],"parameters":[],"shouldDisplayMessage":false,"stepsCount":0,"attachmentsCount":0,"hasContent":false,"attachmentStep":false},{"name":"setup::0","time":{"start":1723165326898,"stop":1723165326898,"duration":0},"status":"passed","steps":[],"attachments":[],"parameters":[],"shouldDisplayMessage":false,"stepsCount":0,"attachmentsCount":0,"hasContent":false,"attachmentStep":false}],"labels":[{"name":"epic","value":"Delivery Page - calculation"},{"name":"tag","value":"smoke_test"},{"name":"tag","value":"@pytest.mark.xfail"},{"name":"parentSuite","value":"tests.delivery"},{"name":"suite","value":"test_delivery_calculation"},{"name":"subSuite","value":"TestDeliveryPageCalculation"},{"name":"host","value":"db9b05301011"},{"name":"thread","value":"1-MainThread"},{"name":"framework","value":"pytest"},{"name":"language","value":"cpython3"},{"name":"package","value":"tests.delivery.test_delivery_calculation"},{"name":"resultFormat","value":"allure2"}],"parameters":[{"name":"all_time","value":"3320"},{"name":"amount","value":"13"},{"name":"case_id","value":"'TD 017'"},{"name":"in_time","value":"2390"},{"name":"link_item","value":"'products/shtukaturka-gipsovaya-aksolit-m50-30-kg-mashinnogo-naneseniya'"},{"name":"standard","value":"650"},{"name":"url","value":"'https://sandboxtest.stroyrem-nn.ru/'"},{"name":"weight","value":"400"}],"links":[],"hidden":false,"retry":false,"extra":{"severity":"normal","retries":[],"categories":[],"history":{"statistic":{"failed":0,"broken":0,"skipped":72,"passed":0,"unknown":0,"total":72},"items":[{"uid":"19dba05ab31c2a16","reportUrl":"https://Nat754.github.io/StroyremAutomation/393//#testresult/19dba05ab31c2a16","status":"skipped","statusDetails":"XFAIL\n\nselenium.common.exceptions.NoSuchElementException: Message: no such element: Unable to locate element: {\"method\":\"xpath\",\"selector\":\"(//a[@class='add-to-cart yellow-btn'])[1]\"}\n  (Session info: chrome-headless-shell=127.0.6533.99); For documentation on this error, please visit: https://www.selenium.dev/documentation/webdriver/troubleshooting/errors#no-such-element-exception\nStacktrace:\n#0 0x563844ff56aa <unknown>\n#1 0x563844cc6600 <unknown>\n#2 0x563844d15bcb <unknown>\n#3 0x563844d15eb1 <unknown>\n#4 0x563844d59b24 <unknown>\n#5 0x563844d388cd <unknown>\n#6 0x563844d5704a <unknown>\n#7 0x563844d38643 <unknown>\n#8 0x563844d08d31 <unknown>\n#9 0x563844d0979e <unknown>\n#10 0x563844fbd23b <unknown>\n#11 0x563844fc11d2 <unknown>\n#12 0x563844faa5f5 <unknown>\n#13 0x563844fc1d62 <unknown>\n#14 0x563844f8f23f <unknown>\n#15 0x563844fe4e48 <unknown>\n#16 0x563844fe5020 <unknown>\n#17 0x563844ff447c <unknown>\n#18 0x7f98f0a13134 <unknown>","time":{"start":1723078899651,"stop":1723078900134,"duration":483}},{"uid":"43f4cdc028270ed7","reportUrl":"https://Nat754.github.io/StroyremAutomation/392//#testresult/43f4cdc028270ed7","status":"skipped","statusDetails":"XFAIL\n\nselenium.common.exceptions.NoSuchElementException: Message: no such element: Unable to locate element: {\"method\":\"xpath\",\"selector\":\"(//a[@class='add-to-cart yellow-btn'])[1]\"}\n  (Session info: chrome-headless-shell=127.0.6533.99); For documentation on this error, please visit: https://www.selenium.dev/documentation/webdriver/troubleshooting/errors#no-such-element-exception\nStacktrace:\n#0 0x5647831c66aa <unknown>\n#1 0x564782e97600 <unknown>\n#2 0x564782ee6bcb <unknown>\n#3 0x564782ee6eb1 <unknown>\n#4 0x564782f2ab24 <unknown>\n#5 0x564782f098cd <unknown>\n#6 0x564782f2804a <unknown>\n#7 0x564782f09643 <unknown>\n#8 0x564782ed9d31 <unknown>\n#9 0x564782eda79e <unknown>\n#10 0x56478318e23b <unknown>\n#11 0x5647831921d2 <unknown>\n#12 0x56478317b5f5 <unknown>\n#13 0x564783192d62 <unknown>\n#14 0x56478316023f <unknown>\n#15 0x5647831b5e48 <unknown>\n#16 0x5647831b6020 <unknown>\n#17 0x5647831c547c <unknown>\n#18 0x7f9270671134 <unknown>","time":{"start":1722992549505,"stop":1722992549845,"duration":340}},{"uid":"3837023f4198fb23","reportUrl":"https://Nat754.github.io/StroyremAutomation/391//#testresult/3837023f4198fb23","status":"skipped","statusDetails":"XFAIL\n\nselenium.common.exceptions.NoSuchElementException: Message: no such element: Unable to locate element: {\"method\":\"xpath\",\"selector\":\"(//a[@class='add-to-cart yellow-btn'])[1]\"}\n  (Session info: chrome-headless-shell=127.0.6533.88); For documentation on this error, please visit: https://www.selenium.dev/documentation/webdriver/troubleshooting/errors#no-such-element-exception\nStacktrace:\n#0 0x56046b21871a <unknown>\n#1 0x56046aee9640 <unknown>\n#2 0x56046af38c0b <unknown>\n#3 0x56046af38ef1 <unknown>\n#4 0x56046af7cb64 <unknown>\n#5 0x56046af5b90d <unknown>\n#6 0x56046af7a08a <unknown>\n#7 0x56046af5b683 <unknown>\n#8 0x56046af2bd71 <unknown>\n#9 0x56046af2c7de <unknown>\n#10 0x56046b1e02ab <unknown>\n#11 0x56046b1e4242 <unknown>\n#12 0x56046b1cd665 <unknown>\n#13 0x56046b1e4dd2 <unknown>\n#14 0x56046b1b22af <unknown>\n#15 0x56046b207eb8 <unknown>\n#16 0x56046b208090 <unknown>\n#17 0x56046b2174ec <unknown>\n#18 0x7f9339352134 <unknown>","time":{"start":1722906065755,"stop":1722906066312,"duration":557}},{"uid":"885fcedfb4383487","reportUrl":"https://Nat754.github.io/StroyremAutomation/390//#testresult/885fcedfb4383487","status":"skipped","statusDetails":"XFAIL\n\nselenium.common.exceptions.NoSuchElementException: Message: no such element: Unable to locate element: {\"method\":\"xpath\",\"selector\":\"(//a[@class='add-to-cart yellow-btn'])[1]\"}\n  (Session info: chrome-headless-shell=127.0.6533.88); For documentation on this error, please visit: https://www.selenium.dev/documentation/webdriver/troubleshooting/errors#no-such-element-exception\nStacktrace:\n#0 0x56350587c71a <unknown>\n#1 0x56350554d640 <unknown>\n#2 0x56350559cc0b <unknown>\n#3 0x56350559cef1 <unknown>\n#4 0x5635055e0b64 <unknown>\n#5 0x5635055bf90d <unknown>\n#6 0x5635055de08a <unknown>\n#7 0x5635055bf683 <unknown>\n#8 0x56350558fd71 <unknown>\n#9 0x5635055907de <unknown>\n#10 0x5635058442ab <unknown>\n#11 0x563505848242 <unknown>\n#12 0x563505831665 <unknown>\n#13 0x563505848dd2 <unknown>\n#14 0x5635058162af <unknown>\n#15 0x56350586beb8 <unknown>\n#16 0x56350586c090 <unknown>\n#17 0x56350587b4ec <unknown>\n#18 0x7fea0b7bd134 <unknown>","time":{"start":1722819773823,"stop":1722819774118,"duration":295}},{"uid":"26a621e96da058f5","reportUrl":"https://Nat754.github.io/StroyremAutomation/389//#testresult/26a621e96da058f5","status":"skipped","statusDetails":"XFAIL\n\nselenium.common.exceptions.NoSuchElementException: Message: no such element: Unable to locate element: {\"method\":\"xpath\",\"selector\":\"(//a[@class='add-to-cart yellow-btn'])[1]\"}\n  (Session info: chrome-headless-shell=127.0.6533.88); For documentation on this error, please visit: https://www.selenium.dev/documentation/webdriver/troubleshooting/errors#no-such-element-exception\nStacktrace:\n#0 0x562a7fb9271a <unknown>\n#1 0x562a7f863640 <unknown>\n#2 0x562a7f8b2c0b <unknown>\n#3 0x562a7f8b2ef1 <unknown>\n#4 0x562a7f8f6b64 <unknown>\n#5 0x562a7f8d590d <unknown>\n#6 0x562a7f8f408a <unknown>\n#7 0x562a7f8d5683 <unknown>\n#8 0x562a7f8a5d71 <unknown>\n#9 0x562a7f8a67de <unknown>\n#10 0x562a7fb5a2ab <unknown>\n#11 0x562a7fb5e242 <unknown>\n#12 0x562a7fb47665 <unknown>\n#13 0x562a7fb5edd2 <unknown>\n#14 0x562a7fb2c2af <unknown>\n#15 0x562a7fb81eb8 <unknown>\n#16 0x562a7fb82090 <unknown>\n#17 0x562a7fb914ec <unknown>\n#18 0x7ff01a47d134 <unknown>","time":{"start":1722733551683,"stop":1722733552115,"duration":432}},{"uid":"795ba1fd26711d0b","reportUrl":"https://Nat754.github.io/StroyremAutomation/388//#testresult/795ba1fd26711d0b","status":"skipped","statusDetails":"XFAIL\n\nselenium.common.exceptions.NoSuchElementException: Message: no such element: Unable to locate element: {\"method\":\"xpath\",\"selector\":\"(//a[@class='add-to-cart yellow-btn'])[1]\"}\n  (Session info: chrome-headless-shell=127.0.6533.88); For documentation on this error, please visit: https://www.selenium.dev/documentation/webdriver/troubleshooting/errors#no-such-element-exception\nStacktrace:\n#0 0x560fbe93b71a <unknown>\n#1 0x560fbe60c640 <unknown>\n#2 0x560fbe65bc0b <unknown>\n#3 0x560fbe65bef1 <unknown>\n#4 0x560fbe69fb64 <unknown>\n#5 0x560fbe67e90d <unknown>\n#6 0x560fbe69d08a <unknown>\n#7 0x560fbe67e683 <unknown>\n#8 0x560fbe64ed71 <unknown>\n#9 0x560fbe64f7de <unknown>\n#10 0x560fbe9032ab <unknown>\n#11 0x560fbe907242 <unknown>\n#12 0x560fbe8f0665 <unknown>\n#13 0x560fbe907dd2 <unknown>\n#14 0x560fbe8d52af <unknown>\n#15 0x560fbe92aeb8 <unknown>\n#16 0x560fbe92b090 <unknown>\n#17 0x560fbe93a4ec <unknown>\n#18 0x7f5df2e6e134 <unknown>","time":{"start":1722646854132,"stop":1722646854758,"duration":626}},{"uid":"2dcd3126a0906f67","reportUrl":"https://Nat754.github.io/StroyremAutomation/387//#testresult/2dcd3126a0906f67","status":"skipped","statusDetails":"XFAIL\n\nselenium.common.exceptions.NoSuchElementException: Message: no such element: Unable to locate element: {\"method\":\"xpath\",\"selector\":\"(//a[@class='add-to-cart yellow-btn'])[1]\"}\n  (Session info: chrome-headless-shell=127.0.6533.88); For documentation on this error, please visit: https://www.selenium.dev/documentation/webdriver/troubleshooting/errors#no-such-element-exception\nStacktrace:\n#0 0x5630301ed71a <unknown>\n#1 0x56302febe640 <unknown>\n#2 0x56302ff0dc0b <unknown>\n#3 0x56302ff0def1 <unknown>\n#4 0x56302ff51b64 <unknown>\n#5 0x56302ff3090d <unknown>\n#6 0x56302ff4f08a <unknown>\n#7 0x56302ff30683 <unknown>\n#8 0x56302ff00d71 <unknown>\n#9 0x56302ff017de <unknown>\n#10 0x5630301b52ab <unknown>\n#11 0x5630301b9242 <unknown>\n#12 0x5630301a2665 <unknown>\n#13 0x5630301b9dd2 <unknown>\n#14 0x5630301872af <unknown>\n#15 0x5630301dceb8 <unknown>\n#16 0x5630301dd090 <unknown>\n#17 0x5630301ec4ec <unknown>\n#18 0x7f0d35a2d134 <unknown>","time":{"start":1722560437254,"stop":1722560437547,"duration":293}},{"uid":"5b67b30754ea0e2","reportUrl":"https://Nat754.github.io/StroyremAutomation/386//#testresult/5b67b30754ea0e2","status":"skipped","statusDetails":"XFAIL\n\nselenium.common.exceptions.NoSuchElementException: Message: no such element: Unable to locate element: {\"method\":\"xpath\",\"selector\":\"(//a[@class='add-to-cart yellow-btn'])[1]\"}\n  (Session info: chrome-headless-shell=127.0.6533.88); For documentation on this error, please visit: https://www.selenium.dev/documentation/webdriver/troubleshooting/errors#no-such-element-exception\nStacktrace:\n#0 0x56078971e71a <unknown>\n#1 0x5607893ef640 <unknown>\n#2 0x56078943ec0b <unknown>\n#3 0x56078943eef1 <unknown>\n#4 0x560789482b64 <unknown>\n#5 0x56078946190d <unknown>\n#6 0x56078948008a <unknown>\n#7 0x560789461683 <unknown>\n#8 0x560789431d71 <unknown>\n#9 0x5607894327de <unknown>\n#10 0x5607896e62ab <unknown>\n#11 0x5607896ea242 <unknown>\n#12 0x5607896d3665 <unknown>\n#13 0x5607896eadd2 <unknown>\n#14 0x5607896b82af <unknown>\n#15 0x56078970deb8 <unknown>\n#16 0x56078970e090 <unknown>\n#17 0x56078971d4ec <unknown>\n#18 0x7f1a5ab7a134 <unknown>","time":{"start":1722474342841,"stop":1722474343170,"duration":329}},{"uid":"6487c70514f09944","reportUrl":"https://Nat754.github.io/StroyremAutomation/385//#testresult/6487c70514f09944","status":"skipped","statusDetails":"XFAIL\n\nselenium.common.exceptions.NoSuchElementException: Message: no such element: Unable to locate element: {\"method\":\"xpath\",\"selector\":\"(//a[@class='add-to-cart yellow-btn'])[1]\"}\n  (Session info: chrome-headless-shell=127.0.6533.88); For documentation on this error, please visit: https://www.selenium.dev/documentation/webdriver/troubleshooting/errors#no-such-element-exception\nStacktrace:\n#0 0x560e5bf5671a <unknown>\n#1 0x560e5bc27640 <unknown>\n#2 0x560e5bc76c0b <unknown>\n#3 0x560e5bc76ef1 <unknown>\n#4 0x560e5bcbab64 <unknown>\n#5 0x560e5bc9990d <unknown>\n#6 0x560e5bcb808a <unknown>\n#7 0x560e5bc99683 <unknown>\n#8 0x560e5bc69d71 <unknown>\n#9 0x560e5bc6a7de <unknown>\n#10 0x560e5bf1e2ab <unknown>\n#11 0x560e5bf22242 <unknown>\n#12 0x560e5bf0b665 <unknown>\n#13 0x560e5bf22dd2 <unknown>\n#14 0x560e5bef02af <unknown>\n#15 0x560e5bf45eb8 <unknown>\n#16 0x560e5bf46090 <unknown>\n#17 0x560e5bf554ec <unknown>\n#18 0x7fdef0404134 <unknown>","time":{"start":1722387037357,"stop":1722387037661,"duration":304}},{"uid":"dae74bc6b601362d","reportUrl":"https://Nat754.github.io/StroyremAutomation/384//#testresult/dae74bc6b601362d","status":"skipped","statusDetails":"XFAIL\n\nselenium.common.exceptions.NoSuchElementException: Message: no such element: Unable to locate element: {\"method\":\"xpath\",\"selector\":\"(//a[@class='add-to-cart yellow-btn'])[1]\"}\n  (Session info: chrome-headless-shell=127.0.6533.72); For documentation on this error, please visit: https://www.selenium.dev/documentation/webdriver/troubleshooting/errors#no-such-element-exception\nStacktrace:\n#0 0x561cb4a706ba <unknown>\n#1 0x561cb4740730 <unknown>\n#2 0x561cb478fd9b <unknown>\n#3 0x561cb4790081 <unknown>\n#4 0x561cb47d3cd4 <unknown>\n#5 0x561cb47b2a7d <unknown>\n#6 0x561cb47d11ca <unknown>\n#7 0x561cb47b27f3 <unknown>\n#8 0x561cb4782ec9 <unknown>\n#9 0x561cb478391e <unknown>\n#10 0x561cb4a369eb <unknown>\n#11 0x561cb4a3a972 <unknown>\n#12 0x561cb4a23e15 <unknown>\n#13 0x561cb4a3b502 <unknown>\n#14 0x561cb4a08d2f <unknown>\n#15 0x561cb4a5f578 <unknown>\n#16 0x561cb4a5f750 <unknown>\n#17 0x561cb4a6f48c <unknown>\n#18 0x7fa4c113f134 <unknown>","time":{"start":1722301222395,"stop":1722301222868,"duration":473}},{"uid":"7cda2fccbbe4a003","reportUrl":"https://Nat754.github.io/StroyremAutomation/383//#testresult/7cda2fccbbe4a003","status":"skipped","statusDetails":"XFAIL\n\nselenium.common.exceptions.NoSuchElementException: Message: no such element: Unable to locate element: {\"method\":\"xpath\",\"selector\":\"(//a[@class='add-to-cart yellow-btn'])[1]\"}\n  (Session info: chrome-headless-shell=127.0.6533.72); For documentation on this error, please visit: https://www.selenium.dev/documentation/webdriver/troubleshooting/errors#no-such-element-exception\nStacktrace:\n#0 0x55a3b7f536ba <unknown>\n#1 0x55a3b7c23730 <unknown>\n#2 0x55a3b7c72d9b <unknown>\n#3 0x55a3b7c73081 <unknown>\n#4 0x55a3b7cb6cd4 <unknown>\n#5 0x55a3b7c95a7d <unknown>\n#6 0x55a3b7cb41ca <unknown>\n#7 0x55a3b7c957f3 <unknown>\n#8 0x55a3b7c65ec9 <unknown>\n#9 0x55a3b7c6691e <unknown>\n#10 0x55a3b7f199eb <unknown>\n#11 0x55a3b7f1d972 <unknown>\n#12 0x55a3b7f06e15 <unknown>\n#13 0x55a3b7f1e502 <unknown>\n#14 0x55a3b7eebd2f <unknown>\n#15 0x55a3b7f42578 <unknown>\n#16 0x55a3b7f42750 <unknown>\n#17 0x55a3b7f5248c <unknown>\n#18 0x7f9084d4e134 <unknown>","time":{"start":1722214916054,"stop":1722214916532,"duration":478}},{"uid":"f792c5a028382b96","reportUrl":"https://Nat754.github.io/StroyremAutomation/382//#testresult/f792c5a028382b96","status":"skipped","statusDetails":"XFAIL\n\nselenium.common.exceptions.NoSuchElementException: Message: no such element: Unable to locate element: {\"method\":\"xpath\",\"selector\":\"(//a[@class='add-to-cart yellow-btn'])[1]\"}\n  (Session info: chrome-headless-shell=127.0.6533.72); For documentation on this error, please visit: https://www.selenium.dev/documentation/webdriver/troubleshooting/errors#no-such-element-exception\nStacktrace:\n#0 0x5586cc6066ba <unknown>\n#1 0x5586cc2d6730 <unknown>\n#2 0x5586cc325d9b <unknown>\n#3 0x5586cc326081 <unknown>\n#4 0x5586cc369cd4 <unknown>\n#5 0x5586cc348a7d <unknown>\n#6 0x5586cc3671ca <unknown>\n#7 0x5586cc3487f3 <unknown>\n#8 0x5586cc318ec9 <unknown>\n#9 0x5586cc31991e <unknown>\n#10 0x5586cc5cc9eb <unknown>\n#11 0x5586cc5d0972 <unknown>\n#12 0x5586cc5b9e15 <unknown>\n#13 0x5586cc5d1502 <unknown>\n#14 0x5586cc59ed2f <unknown>\n#15 0x5586cc5f5578 <unknown>\n#16 0x5586cc5f5750 <unknown>\n#17 0x5586cc60548c <unknown>\n#18 0x7f3f0bf7f134 <unknown>","time":{"start":1722128710632,"stop":1722128710962,"duration":330}},{"uid":"589cd7dc81315b98","reportUrl":"https://Nat754.github.io/StroyremAutomation/381//#testresult/589cd7dc81315b98","status":"skipped","statusDetails":"XFAIL\n\nselenium.common.exceptions.NoSuchElementException: Message: no such element: Unable to locate element: {\"method\":\"xpath\",\"selector\":\"(//a[@class='add-to-cart yellow-btn'])[1]\"}\n  (Session info: chrome-headless-shell=127.0.6533.72); For documentation on this error, please visit: https://www.selenium.dev/documentation/webdriver/troubleshooting/errors#no-such-element-exception\nStacktrace:\n#0 0x55b5d440d6ba <unknown>\n#1 0x55b5d40dd730 <unknown>\n#2 0x55b5d412cd9b <unknown>\n#3 0x55b5d412d081 <unknown>\n#4 0x55b5d4170cd4 <unknown>\n#5 0x55b5d414fa7d <unknown>\n#6 0x55b5d416e1ca <unknown>\n#7 0x55b5d414f7f3 <unknown>\n#8 0x55b5d411fec9 <unknown>\n#9 0x55b5d412091e <unknown>\n#10 0x55b5d43d39eb <unknown>\n#11 0x55b5d43d7972 <unknown>\n#12 0x55b5d43c0e15 <unknown>\n#13 0x55b5d43d8502 <unknown>\n#14 0x55b5d43a5d2f <unknown>\n#15 0x55b5d43fc578 <unknown>\n#16 0x55b5d43fc750 <unknown>\n#17 0x55b5d440c48c <unknown>\n#18 0x7fd99680e134 <unknown>","time":{"start":1722041978413,"stop":1722041978884,"duration":471}},{"uid":"3d26862525bdd75c","reportUrl":"https://Nat754.github.io/StroyremAutomation/380//#testresult/3d26862525bdd75c","status":"skipped","statusDetails":"XFAIL\n\nselenium.common.exceptions.NoSuchElementException: Message: no such element: Unable to locate element: {\"method\":\"xpath\",\"selector\":\"(//a[@class='add-to-cart yellow-btn'])[1]\"}\n  (Session info: chrome-headless-shell=127.0.6533.72); For documentation on this error, please visit: https://www.selenium.dev/documentation/webdriver/troubleshooting/errors#no-such-element-exception\nStacktrace:\n#0 0x555cc4d416ba <unknown>\n#1 0x555cc4a11730 <unknown>\n#2 0x555cc4a60d9b <unknown>\n#3 0x555cc4a61081 <unknown>\n#4 0x555cc4aa4cd4 <unknown>\n#5 0x555cc4a83a7d <unknown>\n#6 0x555cc4aa21ca <unknown>\n#7 0x555cc4a837f3 <unknown>\n#8 0x555cc4a53ec9 <unknown>\n#9 0x555cc4a5491e <unknown>\n#10 0x555cc4d079eb <unknown>\n#11 0x555cc4d0b972 <unknown>\n#12 0x555cc4cf4e15 <unknown>\n#13 0x555cc4d0c502 <unknown>\n#14 0x555cc4cd9d2f <unknown>\n#15 0x555cc4d30578 <unknown>\n#16 0x555cc4d30750 <unknown>\n#17 0x555cc4d4048c <unknown>\n#18 0x7ff8bf74f134 <unknown>","time":{"start":1721955586672,"stop":1721955587083,"duration":411}},{"uid":"26a004f6cadb058f","reportUrl":"https://Nat754.github.io/StroyremAutomation/379//#testresult/26a004f6cadb058f","status":"skipped","statusDetails":"XFAIL\n\nselenium.common.exceptions.NoSuchElementException: Message: no such element: Unable to locate element: {\"method\":\"xpath\",\"selector\":\"(//a[@class='add-to-cart yellow-btn'])[1]\"}\n  (Session info: chrome-headless-shell=127.0.6533.72); For documentation on this error, please visit: https://www.selenium.dev/documentation/webdriver/troubleshooting/errors#no-such-element-exception\nStacktrace:\n#0 0x55e0adb2f6ba <unknown>\n#1 0x55e0ad7ff730 <unknown>\n#2 0x55e0ad84ed9b <unknown>\n#3 0x55e0ad84f081 <unknown>\n#4 0x55e0ad892cd4 <unknown>\n#5 0x55e0ad871a7d <unknown>\n#6 0x55e0ad8901ca <unknown>\n#7 0x55e0ad8717f3 <unknown>\n#8 0x55e0ad841ec9 <unknown>\n#9 0x55e0ad84291e <unknown>\n#10 0x55e0adaf59eb <unknown>\n#11 0x55e0adaf9972 <unknown>\n#12 0x55e0adae2e15 <unknown>\n#13 0x55e0adafa502 <unknown>\n#14 0x55e0adac7d2f <unknown>\n#15 0x55e0adb1e578 <unknown>\n#16 0x55e0adb1e750 <unknown>\n#17 0x55e0adb2e48c <unknown>\n#18 0x7f7c26852134 <unknown>","time":{"start":1721869263807,"stop":1721869264245,"duration":438}},{"uid":"76ab9a463e993adf","reportUrl":"https://Nat754.github.io/StroyremAutomation/378//#testresult/76ab9a463e993adf","status":"skipped","statusDetails":"XFAIL\n\nselenium.common.exceptions.NoSuchElementException: Message: no such element: Unable to locate element: {\"method\":\"xpath\",\"selector\":\"(//a[@class='add-to-cart yellow-btn'])[1]\"}\n  (Session info: chrome-headless-shell=127.0.6533.72); For documentation on this error, please visit: https://www.selenium.dev/documentation/webdriver/troubleshooting/errors#no-such-element-exception\nStacktrace:\n#0 0x55e1779296ba <unknown>\n#1 0x55e1775f9730 <unknown>\n#2 0x55e177648d9b <unknown>\n#3 0x55e177649081 <unknown>\n#4 0x55e17768ccd4 <unknown>\n#5 0x55e17766ba7d <unknown>\n#6 0x55e17768a1ca <unknown>\n#7 0x55e17766b7f3 <unknown>\n#8 0x55e17763bec9 <unknown>\n#9 0x55e17763c91e <unknown>\n#10 0x55e1778ef9eb <unknown>\n#11 0x55e1778f3972 <unknown>\n#12 0x55e1778dce15 <unknown>\n#13 0x55e1778f4502 <unknown>\n#14 0x55e1778c1d2f <unknown>\n#15 0x55e177918578 <unknown>\n#16 0x55e177918750 <unknown>\n#17 0x55e17792848c <unknown>\n#18 0x7efc05018134 <unknown>","time":{"start":1721782916720,"stop":1721782917121,"duration":401}},{"uid":"da842aab6e08869b","reportUrl":"https://Nat754.github.io/StroyremAutomation/377//#testresult/da842aab6e08869b","status":"skipped","statusDetails":"XFAIL\n\nselenium.common.exceptions.NoSuchElementException: Message: no such element: Unable to locate element: {\"method\":\"xpath\",\"selector\":\"(//a[@class='add-to-cart yellow-btn'])[1]\"}\n  (Session info: chrome-headless-shell=126.0.6478.182); For documentation on this error, please visit: https://www.selenium.dev/documentation/webdriver/troubleshooting/errors#no-such-element-exception\nStacktrace:\n#0 0x555569d66c5a <unknown>\n#1 0x555569a49e2c <unknown>\n#2 0x555569a96661 <unknown>\n#3 0x555569a96751 <unknown>\n#4 0x555569adaf64 <unknown>\n#5 0x555569ab95ed <unknown>\n#6 0x555569ad8303 <unknown>\n#7 0x555569ab9363 <unknown>\n#8 0x555569a89247 <unknown>\n#9 0x555569a89b9e <unknown>\n#10 0x555569d2d22b <unknown>\n#11 0x555569d312d1 <unknown>\n#12 0x555569d18ade <unknown>\n#13 0x555569d31e32 <unknown>\n#14 0x555569cfd77f <unknown>\n#15 0x555569d56618 <unknown>\n#16 0x555569d567f0 <unknown>\n#17 0x555569d65d8c <unknown>\n#18 0x7f36fca3c134 <unknown>","time":{"start":1721696480283,"stop":1721696480688,"duration":405}},{"uid":"f2eca74f8aeed9b5","reportUrl":"https://Nat754.github.io/StroyremAutomation/376//#testresult/f2eca74f8aeed9b5","status":"skipped","statusDetails":"XFAIL\n\nselenium.common.exceptions.NoSuchElementException: Message: no such element: Unable to locate element: {\"method\":\"xpath\",\"selector\":\"(//a[@class='add-to-cart yellow-btn'])[1]\"}\n  (Session info: chrome-headless-shell=126.0.6478.182); For documentation on this error, please visit: https://www.selenium.dev/documentation/webdriver/troubleshooting/errors#no-such-element-exception\nStacktrace:\n#0 0x55eccc0d0c5a <unknown>\n#1 0x55eccbdb3e2c <unknown>\n#2 0x55eccbe00661 <unknown>\n#3 0x55eccbe00751 <unknown>\n#4 0x55eccbe44f64 <unknown>\n#5 0x55eccbe235ed <unknown>\n#6 0x55eccbe42303 <unknown>\n#7 0x55eccbe23363 <unknown>\n#8 0x55eccbdf3247 <unknown>\n#9 0x55eccbdf3b9e <unknown>\n#10 0x55eccc09722b <unknown>\n#11 0x55eccc09b2d1 <unknown>\n#12 0x55eccc082ade <unknown>\n#13 0x55eccc09be32 <unknown>\n#14 0x55eccc06777f <unknown>\n#15 0x55eccc0c0618 <unknown>\n#16 0x55eccc0c07f0 <unknown>\n#17 0x55eccc0cfd8c <unknown>\n#18 0x7f1103328134 <unknown>","time":{"start":1721610171039,"stop":1721610171473,"duration":434}},{"uid":"859f0cc43cabc1d2","reportUrl":"https://Nat754.github.io/StroyremAutomation/375//#testresult/859f0cc43cabc1d2","status":"skipped","statusDetails":"XFAIL\n\nselenium.common.exceptions.NoSuchElementException: Message: no such element: Unable to locate element: {\"method\":\"xpath\",\"selector\":\"(//a[@class='add-to-cart yellow-btn'])[1]\"}\n  (Session info: chrome-headless-shell=126.0.6478.182); For documentation on this error, please visit: https://www.selenium.dev/documentation/webdriver/troubleshooting/errors#no-such-element-exception\nStacktrace:\n#0 0x5588ce684c5a <unknown>\n#1 0x5588ce367e2c <unknown>\n#2 0x5588ce3b4661 <unknown>\n#3 0x5588ce3b4751 <unknown>\n#4 0x5588ce3f8f64 <unknown>\n#5 0x5588ce3d75ed <unknown>\n#6 0x5588ce3f6303 <unknown>\n#7 0x5588ce3d7363 <unknown>\n#8 0x5588ce3a7247 <unknown>\n#9 0x5588ce3a7b9e <unknown>\n#10 0x5588ce64b22b <unknown>\n#11 0x5588ce64f2d1 <unknown>\n#12 0x5588ce636ade <unknown>\n#13 0x5588ce64fe32 <unknown>\n#14 0x5588ce61b77f <unknown>\n#15 0x5588ce674618 <unknown>\n#16 0x5588ce6747f0 <unknown>\n#17 0x5588ce683d8c <unknown>\n#18 0x7f46b881f134 <unknown>","time":{"start":1721523878699,"stop":1721523878986,"duration":287}},{"uid":"22e5729d55affa5b","reportUrl":"https://Nat754.github.io/StroyremAutomation/374//#testresult/22e5729d55affa5b","status":"skipped","statusDetails":"XFAIL\n\nselenium.common.exceptions.NoSuchElementException: Message: no such element: Unable to locate element: {\"method\":\"xpath\",\"selector\":\"(//a[@class='add-to-cart yellow-btn'])[1]\"}\n  (Session info: chrome-headless-shell=126.0.6478.182); For documentation on this error, please visit: https://www.selenium.dev/documentation/webdriver/troubleshooting/errors#no-such-element-exception\nStacktrace:\n#0 0x55b1e73bcc5a <unknown>\n#1 0x55b1e709fe2c <unknown>\n#2 0x55b1e70ec661 <unknown>\n#3 0x55b1e70ec751 <unknown>\n#4 0x55b1e7130f64 <unknown>\n#5 0x55b1e710f5ed <unknown>\n#6 0x55b1e712e303 <unknown>\n#7 0x55b1e710f363 <unknown>\n#8 0x55b1e70df247 <unknown>\n#9 0x55b1e70dfb9e <unknown>\n#10 0x55b1e738322b <unknown>\n#11 0x55b1e73872d1 <unknown>\n#12 0x55b1e736eade <unknown>\n#13 0x55b1e7387e32 <unknown>\n#14 0x55b1e735377f <unknown>\n#15 0x55b1e73ac618 <unknown>\n#16 0x55b1e73ac7f0 <unknown>\n#17 0x55b1e73bbd8c <unknown>\n#18 0x7f76ede97134 <unknown>","time":{"start":1721437196141,"stop":1721437196545,"duration":404}}]},"tags":["@pytest.mark.xfail","smoke_test"]},"source":"ce6cf7a8c33e9014.json","parameterValues":["3320","13","'TD 017'","2390","'products/shtukaturka-gipsovaya-aksolit-m50-30-kg-mashinnogo-naneseniya'","650","'https://sandboxtest.stroyrem-nn.ru/'","400"]}