{"uid":"1bdeafb791f5e4ba","name":"test_positive_delivery_green_zone_smoke[TD 007-products/shtukaturka-gipsovaya-aksolit-m50-30-kg-mashinnogo-naneseniya-66-2000-1300-2490-2980-https://sandboxtest.stroyrem-nn.ru/]","fullName":"tests.delivery.test_delivery_calculation.TestDeliveryPageCalculation#test_positive_delivery_green_zone_smoke","historyId":"01706720b82fe343c373f6b78a174407","time":{"start":1709772124924,"stop":1709772125492,"duration":568},"status":"skipped","statusMessage":"XFAIL\n\nselenium.common.exceptions.NoSuchElementException: Message: no such element: Unable to locate element: {\"method\":\"xpath\",\"selector\":\"(//a[@class='add-to-cart yellow-btn'])[1]\"}\n  (Session info: chrome-headless-shell=122.0.6261.94); For documentation on this error, please visit: https://www.selenium.dev/documentation/webdriver/troubleshooting/errors#no-such-element-exception\nStacktrace:\n#0 0x564002301e93 <unknown>\n#1 0x564001ff9ce6 <unknown>\n#2 0x564002044e48 <unknown>\n#3 0x564002044f01 <unknown>\n#4 0x5640020883f4 <unknown>\n#5 0x564002066edd <unknown>\n#6 0x564002085899 <unknown>\n#7 0x564002066c53 <unknown>\n#8 0x564002037db3 <unknown>\n#9 0x56400203877e <unknown>\n#10 0x5640022c77cb <unknown>\n#11 0x5640022cb7e5 <unknown>\n#12 0x5640022b50e1 <unknown>\n#13 0x5640022cc372 <unknown>\n#14 0x5640022991bf <unknown>\n#15 0x5640022f0488 <unknown>\n#16 0x5640022f0683 <unknown>\n#17 0x564002301044 <unknown>\n#18 0x7fcd22824134 <unknown>","statusTrace":"self = <tests.delivery.test_delivery_calculation.TestDeliveryPageCalculation object at 0x7ff2db13d0d0>\ndriver = <selenium.webdriver.chrome.webdriver.WebDriver (session=\"86f077163444c3417469f36eabc1b5ec\")>\nurl = 'https://sandboxtest.stroyrem-nn.ru/', case_id = 'TD 007'\nlink_item = 'products/shtukaturka-gipsovaya-aksolit-m50-30-kg-mashinnogo-naneseniya'\namount = 66, weight = 2000, standard = 1300, in_time = 2490, all_time = 2980\n\n    @pytest.mark.parametrize('case_id, link_item, amount, weight, standard, in_time, all_time', [\n        (\"TD 001\", uroven_3000, 1, 30, 0, 1590, 2190),\n        (\"TD 002\", bundeks_25, 1, 30, 400, 1590, 2190),\n        (\"TD 003\", aksolit_30, 8, 300, 400, 1590, 2190),\n        (\"TD 004\", aksolit_30, 13, 400, 450, 1590, 2190),\n        (\"TD 005\", aksolit_30, 16, 500, 600, 1590, 2190),\n        (\"TD 006\", aksolit_30, 25, 1700, 990, 1990, 2480),\n        (\"TD 007\", aksolit_30, 66, 2000, 1300, 2490, 2980),\n        (\"TD 008\", aksolit_30, 149, 4500, 2300, 3980, 4490),\n        (\"TD 009\", aksolit_30, 166, 5000, 2500, 4990, 5480),\n        pytest.param(\n            \"TD 010\", aksolit_30, 206, 6200, 2900, 5570, 6120,\n            marks=pytest.mark.xfail(reson=\"Цена доставки 3600 7960 8980\")\n        ),\n        (\"TD 011\", aksolit_30, 299, 9000, 3600, 7960, 8980),\n        (\"TD 012\", aksolit_30, 333, 10000, 4450, 11990, 12500),\n        pytest.param(\n            \"TD 013\", aksolit_30, 366, 11000, 4800, 12450, 13480,\n            marks=pytest.mark.xfail(reason=\"Цена стандартной доставки 4450\")\n        ),\n        pytest.param(\n            \"TD 014\", aksolit_30, 666, 20000, 5400, 15600, 17490,\n            marks=pytest.mark.xfail(reason=\"Цена стандартной доставки 4450\")\n        )\n    ])\n    @pytest.mark.xfail\n    @pytest.mark.smoke_test\n    def test_positive_delivery_green_zone_smoke(\n            self, driver, url, case_id, link_item, amount, weight, standard, in_time, all_time\n    ):\n    \n        driver.get(f'{url}{link_item}')\n        item_page = ItemPage(driver)\n>       item_page.add_item_to_cart(amount).click_on_cart()\n\ntests/delivery/test_delivery_calculation.py:50: \n_ _ _ _ _ _ _ _ _ _ _ _ _ _ _ _ _ _ _ _ _ _ _ _ _ _ _ _ _ _ _ _ _ _ _ _ _ _ _ _ \npages/item_page.py:40: in add_item_to_cart\n    self.find_element(self._add_item).click()\nbase/seleniumbase.py:17: in find_element\n    return self.driver.find_element(*locator)\n/usr/local/lib/python3.11/site-packages/selenium/webdriver/remote/webdriver.py:739: in find_element\n    return self.execute(Command.FIND_ELEMENT, {\"using\": by, \"value\": value})[\"value\"]\n/usr/local/lib/python3.11/site-packages/selenium/webdriver/remote/webdriver.py:345: in execute\n    self.error_handler.check_response(response)\n_ _ _ _ _ _ _ _ _ _ _ _ _ _ _ _ _ _ _ _ _ _ _ _ _ _ _ _ _ _ _ _ _ _ _ _ _ _ _ _ \n\nself = <selenium.webdriver.remote.errorhandler.ErrorHandler object at 0x7ff2daee4c90>\nresponse = {'status': 404, 'value': '{\"value\":{\"error\":\"no such element\",\"message\":\"no such element: Unable to locate element: {\\...\\\\n#16 0x5640022f0683 \\\\u003Cunknown>\\\\n#17 0x564002301044 \\\\u003Cunknown>\\\\n#18 0x7fcd22824134 \\\\u003Cunknown>\\\\n\"}}'}\n\n    def check_response(self, response: Dict[str, Any]) -> None:\n        \"\"\"Checks that a JSON response from the WebDriver does not have an\n        error.\n    \n        :Args:\n         - response - The JSON response from the WebDriver server as a dictionary\n           object.\n    \n        :Raises: If the response contains an error message.\n        \"\"\"\n        status = response.get(\"status\", None)\n        if not status or status == ErrorCode.SUCCESS:\n            return\n        value = None\n        message = response.get(\"message\", \"\")\n        screen: str = response.get(\"screen\", \"\")\n        stacktrace = None\n        if isinstance(status, int):\n            value_json = response.get(\"value\", None)\n            if value_json and isinstance(value_json, str):\n                import json\n    \n                try:\n                    value = json.loads(value_json)\n                    if len(value) == 1:\n                        value = value[\"value\"]\n                    status = value.get(\"error\", None)\n                    if not status:\n                        status = value.get(\"status\", ErrorCode.UNKNOWN_ERROR)\n                        message = value.get(\"value\") or value.get(\"message\")\n                        if not isinstance(message, str):\n                            value = message\n                            message = message.get(\"message\")\n                    else:\n                        message = value.get(\"message\", None)\n                except ValueError:\n                    pass\n    \n        exception_class: Type[WebDriverException]\n        e = ErrorCode()\n        error_codes = [item for item in dir(e) if not item.startswith(\"__\")]\n        for error_code in error_codes:\n            error_info = getattr(ErrorCode, error_code)\n            if isinstance(error_info, list) and status in error_info:\n                exception_class = getattr(ExceptionMapping, error_code, WebDriverException)\n                break\n        else:\n            exception_class = WebDriverException\n    \n        if not value:\n            value = response[\"value\"]\n        if isinstance(value, str):\n            raise exception_class(value)\n        if message == \"\" and \"message\" in value:\n            message = value[\"message\"]\n    \n        screen = None  # type: ignore[assignment]\n        if \"screen\" in value:\n            screen = value[\"screen\"]\n    \n        stacktrace = None\n        st_value = value.get(\"stackTrace\") or value.get(\"stacktrace\")\n        if st_value:\n            if isinstance(st_value, str):\n                stacktrace = st_value.split(\"\\n\")\n            else:\n                stacktrace = []\n                try:\n                    for frame in st_value:\n                        line = frame.get(\"lineNumber\", \"\")\n                        file = frame.get(\"fileName\", \"<anonymous>\")\n                        if line:\n                            file = f\"{file}:{line}\"\n                        meth = frame.get(\"methodName\", \"<anonymous>\")\n                        if \"className\" in frame:\n                            meth = f\"{frame['className']}.{meth}\"\n                        msg = \"    at %s (%s)\"\n                        msg = msg % (meth, file)\n                        stacktrace.append(msg)\n                except TypeError:\n                    pass\n        if exception_class == UnexpectedAlertPresentException:\n            alert_text = None\n            if \"data\" in value:\n                alert_text = value[\"data\"].get(\"text\")\n            elif \"alert\" in value:\n                alert_text = value[\"alert\"].get(\"text\")\n            raise exception_class(message, screen, stacktrace, alert_text)  # type: ignore[call-arg]  # mypy is not smart enough here\n>       raise exception_class(message, screen, stacktrace)\nE       selenium.common.exceptions.NoSuchElementException: Message: no such element: Unable to locate element: {\"method\":\"xpath\",\"selector\":\"(//a[@class='add-to-cart yellow-btn'])[1]\"}\nE         (Session info: chrome-headless-shell=122.0.6261.94); For documentation on this error, please visit: https://www.selenium.dev/documentation/webdriver/troubleshooting/errors#no-such-element-exception\nE       Stacktrace:\nE       #0 0x564002301e93 <unknown>\nE       #1 0x564001ff9ce6 <unknown>\nE       #2 0x564002044e48 <unknown>\nE       #3 0x564002044f01 <unknown>\nE       #4 0x5640020883f4 <unknown>\nE       #5 0x564002066edd <unknown>\nE       #6 0x564002085899 <unknown>\nE       #7 0x564002066c53 <unknown>\nE       #8 0x564002037db3 <unknown>\nE       #9 0x56400203877e <unknown>\nE       #10 0x5640022c77cb <unknown>\nE       #11 0x5640022cb7e5 <unknown>\nE       #12 0x5640022b50e1 <unknown>\nE       #13 0x5640022cc372 <unknown>\nE       #14 0x5640022991bf <unknown>\nE       #15 0x5640022f0488 <unknown>\nE       #16 0x5640022f0683 <unknown>\nE       #17 0x564002301044 <unknown>\nE       #18 0x7fcd22824134 <unknown>\n\n/usr/local/lib/python3.11/site-packages/selenium/webdriver/remote/errorhandler.py:229: NoSuchElementException","flaky":false,"newFailed":false,"newBroken":false,"newPassed":false,"retriesCount":0,"retriesStatusChange":false,"beforeStages":[{"name":"_session_faker","time":{"start":1709771910211,"stop":1709771910279,"duration":68},"status":"passed","steps":[],"attachments":[],"parameters":[],"shouldDisplayMessage":false,"stepsCount":0,"attachmentsCount":0,"hasContent":false,"attachmentStep":false},{"name":"clear_allure_results_folder","time":{"start":1709771910279,"stop":1709771910280,"duration":1},"status":"passed","steps":[],"attachments":[],"parameters":[],"shouldDisplayMessage":false,"stepsCount":0,"attachmentsCount":0,"hasContent":false,"attachmentStep":false},{"name":"driver","time":{"start":1709772124150,"stop":1709772124923,"duration":773},"status":"passed","steps":[],"attachments":[],"parameters":[],"shouldDisplayMessage":false,"stepsCount":0,"attachmentsCount":0,"hasContent":false,"attachmentStep":false},{"name":"setup","time":{"start":1709772124923,"stop":1709772124923,"duration":0},"status":"passed","steps":[],"attachments":[],"parameters":[],"shouldDisplayMessage":false,"stepsCount":0,"attachmentsCount":0,"hasContent":false,"attachmentStep":false}],"testStage":{"status":"skipped","statusMessage":"XFAIL\n\nselenium.common.exceptions.NoSuchElementException: Message: no such element: Unable to locate element: {\"method\":\"xpath\",\"selector\":\"(//a[@class='add-to-cart yellow-btn'])[1]\"}\n  (Session info: chrome-headless-shell=122.0.6261.94); For documentation on this error, please visit: https://www.selenium.dev/documentation/webdriver/troubleshooting/errors#no-such-element-exception\nStacktrace:\n#0 0x564002301e93 <unknown>\n#1 0x564001ff9ce6 <unknown>\n#2 0x564002044e48 <unknown>\n#3 0x564002044f01 <unknown>\n#4 0x5640020883f4 <unknown>\n#5 0x564002066edd <unknown>\n#6 0x564002085899 <unknown>\n#7 0x564002066c53 <unknown>\n#8 0x564002037db3 <unknown>\n#9 0x56400203877e <unknown>\n#10 0x5640022c77cb <unknown>\n#11 0x5640022cb7e5 <unknown>\n#12 0x5640022b50e1 <unknown>\n#13 0x5640022cc372 <unknown>\n#14 0x5640022991bf <unknown>\n#15 0x5640022f0488 <unknown>\n#16 0x5640022f0683 <unknown>\n#17 0x564002301044 <unknown>\n#18 0x7fcd22824134 <unknown>","statusTrace":"self = <tests.delivery.test_delivery_calculation.TestDeliveryPageCalculation object at 0x7ff2db13d0d0>\ndriver = <selenium.webdriver.chrome.webdriver.WebDriver (session=\"86f077163444c3417469f36eabc1b5ec\")>\nurl = 'https://sandboxtest.stroyrem-nn.ru/', case_id = 'TD 007'\nlink_item = 'products/shtukaturka-gipsovaya-aksolit-m50-30-kg-mashinnogo-naneseniya'\namount = 66, weight = 2000, standard = 1300, in_time = 2490, all_time = 2980\n\n    @pytest.mark.parametrize('case_id, link_item, amount, weight, standard, in_time, all_time', [\n        (\"TD 001\", uroven_3000, 1, 30, 0, 1590, 2190),\n        (\"TD 002\", bundeks_25, 1, 30, 400, 1590, 2190),\n        (\"TD 003\", aksolit_30, 8, 300, 400, 1590, 2190),\n        (\"TD 004\", aksolit_30, 13, 400, 450, 1590, 2190),\n        (\"TD 005\", aksolit_30, 16, 500, 600, 1590, 2190),\n        (\"TD 006\", aksolit_30, 25, 1700, 990, 1990, 2480),\n        (\"TD 007\", aksolit_30, 66, 2000, 1300, 2490, 2980),\n        (\"TD 008\", aksolit_30, 149, 4500, 2300, 3980, 4490),\n        (\"TD 009\", aksolit_30, 166, 5000, 2500, 4990, 5480),\n        pytest.param(\n            \"TD 010\", aksolit_30, 206, 6200, 2900, 5570, 6120,\n            marks=pytest.mark.xfail(reson=\"Цена доставки 3600 7960 8980\")\n        ),\n        (\"TD 011\", aksolit_30, 299, 9000, 3600, 7960, 8980),\n        (\"TD 012\", aksolit_30, 333, 10000, 4450, 11990, 12500),\n        pytest.param(\n            \"TD 013\", aksolit_30, 366, 11000, 4800, 12450, 13480,\n            marks=pytest.mark.xfail(reason=\"Цена стандартной доставки 4450\")\n        ),\n        pytest.param(\n            \"TD 014\", aksolit_30, 666, 20000, 5400, 15600, 17490,\n            marks=pytest.mark.xfail(reason=\"Цена стандартной доставки 4450\")\n        )\n    ])\n    @pytest.mark.xfail\n    @pytest.mark.smoke_test\n    def test_positive_delivery_green_zone_smoke(\n            self, driver, url, case_id, link_item, amount, weight, standard, in_time, all_time\n    ):\n    \n        driver.get(f'{url}{link_item}')\n        item_page = ItemPage(driver)\n>       item_page.add_item_to_cart(amount).click_on_cart()\n\ntests/delivery/test_delivery_calculation.py:50: \n_ _ _ _ _ _ _ _ _ _ _ _ _ _ _ _ _ _ _ _ _ _ _ _ _ _ _ _ _ _ _ _ _ _ _ _ _ _ _ _ \npages/item_page.py:40: in add_item_to_cart\n    self.find_element(self._add_item).click()\nbase/seleniumbase.py:17: in find_element\n    return self.driver.find_element(*locator)\n/usr/local/lib/python3.11/site-packages/selenium/webdriver/remote/webdriver.py:739: in find_element\n    return self.execute(Command.FIND_ELEMENT, {\"using\": by, \"value\": value})[\"value\"]\n/usr/local/lib/python3.11/site-packages/selenium/webdriver/remote/webdriver.py:345: in execute\n    self.error_handler.check_response(response)\n_ _ _ _ _ _ _ _ _ _ _ _ _ _ _ _ _ _ _ _ _ _ _ _ _ _ _ _ _ _ _ _ _ _ _ _ _ _ _ _ \n\nself = <selenium.webdriver.remote.errorhandler.ErrorHandler object at 0x7ff2daee4c90>\nresponse = {'status': 404, 'value': '{\"value\":{\"error\":\"no such element\",\"message\":\"no such element: Unable to locate element: {\\...\\\\n#16 0x5640022f0683 \\\\u003Cunknown>\\\\n#17 0x564002301044 \\\\u003Cunknown>\\\\n#18 0x7fcd22824134 \\\\u003Cunknown>\\\\n\"}}'}\n\n    def check_response(self, response: Dict[str, Any]) -> None:\n        \"\"\"Checks that a JSON response from the WebDriver does not have an\n        error.\n    \n        :Args:\n         - response - The JSON response from the WebDriver server as a dictionary\n           object.\n    \n        :Raises: If the response contains an error message.\n        \"\"\"\n        status = response.get(\"status\", None)\n        if not status or status == ErrorCode.SUCCESS:\n            return\n        value = None\n        message = response.get(\"message\", \"\")\n        screen: str = response.get(\"screen\", \"\")\n        stacktrace = None\n        if isinstance(status, int):\n            value_json = response.get(\"value\", None)\n            if value_json and isinstance(value_json, str):\n                import json\n    \n                try:\n                    value = json.loads(value_json)\n                    if len(value) == 1:\n                        value = value[\"value\"]\n                    status = value.get(\"error\", None)\n                    if not status:\n                        status = value.get(\"status\", ErrorCode.UNKNOWN_ERROR)\n                        message = value.get(\"value\") or value.get(\"message\")\n                        if not isinstance(message, str):\n                            value = message\n                            message = message.get(\"message\")\n                    else:\n                        message = value.get(\"message\", None)\n                except ValueError:\n                    pass\n    \n        exception_class: Type[WebDriverException]\n        e = ErrorCode()\n        error_codes = [item for item in dir(e) if not item.startswith(\"__\")]\n        for error_code in error_codes:\n            error_info = getattr(ErrorCode, error_code)\n            if isinstance(error_info, list) and status in error_info:\n                exception_class = getattr(ExceptionMapping, error_code, WebDriverException)\n                break\n        else:\n            exception_class = WebDriverException\n    \n        if not value:\n            value = response[\"value\"]\n        if isinstance(value, str):\n            raise exception_class(value)\n        if message == \"\" and \"message\" in value:\n            message = value[\"message\"]\n    \n        screen = None  # type: ignore[assignment]\n        if \"screen\" in value:\n            screen = value[\"screen\"]\n    \n        stacktrace = None\n        st_value = value.get(\"stackTrace\") or value.get(\"stacktrace\")\n        if st_value:\n            if isinstance(st_value, str):\n                stacktrace = st_value.split(\"\\n\")\n            else:\n                stacktrace = []\n                try:\n                    for frame in st_value:\n                        line = frame.get(\"lineNumber\", \"\")\n                        file = frame.get(\"fileName\", \"<anonymous>\")\n                        if line:\n                            file = f\"{file}:{line}\"\n                        meth = frame.get(\"methodName\", \"<anonymous>\")\n                        if \"className\" in frame:\n                            meth = f\"{frame['className']}.{meth}\"\n                        msg = \"    at %s (%s)\"\n                        msg = msg % (meth, file)\n                        stacktrace.append(msg)\n                except TypeError:\n                    pass\n        if exception_class == UnexpectedAlertPresentException:\n            alert_text = None\n            if \"data\" in value:\n                alert_text = value[\"data\"].get(\"text\")\n            elif \"alert\" in value:\n                alert_text = value[\"alert\"].get(\"text\")\n            raise exception_class(message, screen, stacktrace, alert_text)  # type: ignore[call-arg]  # mypy is not smart enough here\n>       raise exception_class(message, screen, stacktrace)\nE       selenium.common.exceptions.NoSuchElementException: Message: no such element: Unable to locate element: {\"method\":\"xpath\",\"selector\":\"(//a[@class='add-to-cart yellow-btn'])[1]\"}\nE         (Session info: chrome-headless-shell=122.0.6261.94); For documentation on this error, please visit: https://www.selenium.dev/documentation/webdriver/troubleshooting/errors#no-such-element-exception\nE       Stacktrace:\nE       #0 0x564002301e93 <unknown>\nE       #1 0x564001ff9ce6 <unknown>\nE       #2 0x564002044e48 <unknown>\nE       #3 0x564002044f01 <unknown>\nE       #4 0x5640020883f4 <unknown>\nE       #5 0x564002066edd <unknown>\nE       #6 0x564002085899 <unknown>\nE       #7 0x564002066c53 <unknown>\nE       #8 0x564002037db3 <unknown>\nE       #9 0x56400203877e <unknown>\nE       #10 0x5640022c77cb <unknown>\nE       #11 0x5640022cb7e5 <unknown>\nE       #12 0x5640022b50e1 <unknown>\nE       #13 0x5640022cc372 <unknown>\nE       #14 0x5640022991bf <unknown>\nE       #15 0x5640022f0488 <unknown>\nE       #16 0x5640022f0683 <unknown>\nE       #17 0x564002301044 <unknown>\nE       #18 0x7fcd22824134 <unknown>\n\n/usr/local/lib/python3.11/site-packages/selenium/webdriver/remote/errorhandler.py:229: NoSuchElementException","steps":[{"name":"Добавляем товар в корзину в количестве 66","time":{"start":1709772125480,"stop":1709772125492,"duration":12},"status":"broken","statusMessage":"selenium.common.exceptions.NoSuchElementException: Message: no such element: Unable to locate element: {\"method\":\"xpath\",\"selector\":\"(//a[@class='add-to-cart yellow-btn'])[1]\"}\n  (Session info: chrome-headless-shell=122.0.6261.94); For documentation on this error, please visit: https://www.selenium.dev/documentation/webdriver/troubleshooting/errors#no-such-element-exception\nStacktrace:\n#0 0x564002301e93 <unknown>\n#1 0x564001ff9ce6 <unknown>\n#2 0x564002044e48 <unknown>\n#3 0x564002044f01 <unknown>\n#4 0x5640020883f4 <unknown>\n#5 0x564002066edd <unknown>\n#6 0x564002085899 <unknown>\n#7 0x564002066c53 <unknown>\n#8 0x564002037db3 <unknown>\n#9 0x56400203877e <unknown>\n#10 0x5640022c77cb <unknown>\n#11 0x5640022cb7e5 <unknown>\n#12 0x5640022b50e1 <unknown>\n#13 0x5640022cc372 <unknown>\n#14 0x5640022991bf <unknown>\n#15 0x5640022f0488 <unknown>\n#16 0x5640022f0683 <unknown>\n#17 0x564002301044 <unknown>\n#18 0x7fcd22824134 <unknown>\n\n","statusTrace":"  File \"/usr/local/lib/python3.11/site-packages/allure_commons/_allure.py\", line 192, in impl\n    return func(*a, **kw)\n           ^^^^^^^^^^^^^^\n  File \"/app/pages/item_page.py\", line 40, in add_item_to_cart\n    self.find_element(self._add_item).click()\n    ^^^^^^^^^^^^^^^^^^^^^^^^^^^^^^^^^\n  File \"/app/base/seleniumbase.py\", line 17, in find_element\n    return self.driver.find_element(*locator)\n           ^^^^^^^^^^^^^^^^^^^^^^^^^^^^^^^^^^\n  File \"/usr/local/lib/python3.11/site-packages/selenium/webdriver/remote/webdriver.py\", line 739, in find_element\n    return self.execute(Command.FIND_ELEMENT, {\"using\": by, \"value\": value})[\"value\"]\n           ^^^^^^^^^^^^^^^^^^^^^^^^^^^^^^^^^^^^^^^^^^^^^^^^^^^^^^^^^^^^^^^^^\n  File \"/usr/local/lib/python3.11/site-packages/selenium/webdriver/remote/webdriver.py\", line 345, in execute\n    self.error_handler.check_response(response)\n  File \"/usr/local/lib/python3.11/site-packages/selenium/webdriver/remote/errorhandler.py\", line 229, in check_response\n    raise exception_class(message, screen, stacktrace)\n","steps":[],"attachments":[],"parameters":[{"name":"amount","value":"66"}],"shouldDisplayMessage":true,"stepsCount":0,"attachmentsCount":0,"hasContent":true,"attachmentStep":false}],"attachments":[{"uid":"7d03972d382b22c4","name":"Screenshot","source":"7d03972d382b22c4.png","type":"image/png","size":5862},{"uid":"9df5a4a17293c833","name":"HTML source","source":"9df5a4a17293c833.html","type":"text/html","size":39}],"parameters":[],"shouldDisplayMessage":true,"stepsCount":1,"attachmentsCount":2,"hasContent":true,"attachmentStep":false},"afterStages":[{"name":"setup::0","time":{"start":1709772125592,"stop":1709772125592,"duration":0},"status":"passed","steps":[],"attachments":[],"parameters":[],"shouldDisplayMessage":false,"stepsCount":0,"attachmentsCount":0,"hasContent":false,"attachmentStep":false},{"name":"driver::0","time":{"start":1709772125593,"stop":1709772125649,"duration":56},"status":"passed","steps":[],"attachments":[],"parameters":[],"shouldDisplayMessage":false,"stepsCount":0,"attachmentsCount":0,"hasContent":false,"attachmentStep":false}],"labels":[{"name":"epic","value":"Delivery Page - calculation"},{"name":"tag","value":"smoke_test"},{"name":"tag","value":"@pytest.mark.xfail"},{"name":"parentSuite","value":"tests.delivery"},{"name":"suite","value":"test_delivery_calculation"},{"name":"subSuite","value":"TestDeliveryPageCalculation"},{"name":"host","value":"d2413390313b"},{"name":"thread","value":"1-MainThread"},{"name":"framework","value":"pytest"},{"name":"language","value":"cpython3"},{"name":"package","value":"tests.delivery.test_delivery_calculation"},{"name":"resultFormat","value":"allure2"}],"parameters":[{"name":"all_time","value":"2980"},{"name":"amount","value":"66"},{"name":"case_id","value":"'TD 007'"},{"name":"in_time","value":"2490"},{"name":"link_item","value":"'products/shtukaturka-gipsovaya-aksolit-m50-30-kg-mashinnogo-naneseniya'"},{"name":"standard","value":"1300"},{"name":"url","value":"'https://sandboxtest.stroyrem-nn.ru/'"},{"name":"weight","value":"2000"}],"links":[],"hidden":false,"retry":false,"extra":{"severity":"normal","retries":[],"categories":[],"history":{"statistic":{"failed":0,"broken":13,"skipped":178,"passed":0,"unknown":0,"total":191},"items":[{"uid":"3d143347f26789f6","reportUrl":"https://Nat754.github.io/StroyremAutomation/238//#testresult/3d143347f26789f6","status":"skipped","statusDetails":"XFAIL\n\nselenium.common.exceptions.NoSuchElementException: Message: no such element: Unable to locate element: {\"method\":\"xpath\",\"selector\":\"(//a[@class='add-to-cart yellow-btn'])[1]\"}\n  (Session info: chrome-headless-shell=122.0.6261.94); For documentation on this error, please visit: https://www.selenium.dev/documentation/webdriver/troubleshooting/errors#no-such-element-exception\nStacktrace:\n#0 0x55caa7731e93 <unknown>\n#1 0x55caa7429ce6 <unknown>\n#2 0x55caa7474e48 <unknown>\n#3 0x55caa7474f01 <unknown>\n#4 0x55caa74b83f4 <unknown>\n#5 0x55caa7496edd <unknown>\n#6 0x55caa74b5899 <unknown>\n#7 0x55caa7496c53 <unknown>\n#8 0x55caa7467db3 <unknown>\n#9 0x55caa746877e <unknown>\n#10 0x55caa76f77cb <unknown>\n#11 0x55caa76fb7e5 <unknown>\n#12 0x55caa76e50e1 <unknown>\n#13 0x55caa76fc372 <unknown>\n#14 0x55caa76c91bf <unknown>\n#15 0x55caa7720488 <unknown>\n#16 0x55caa7720683 <unknown>\n#17 0x55caa7731044 <unknown>\n#18 0x7f14a4215134 <unknown>","time":{"start":1709686332622,"stop":1709686332966,"duration":344}},{"uid":"1f5a686641def10a","reportUrl":"https://Nat754.github.io/StroyremAutomation/237//#testresult/1f5a686641def10a","status":"skipped","statusDetails":"XFAIL\n\nselenium.common.exceptions.NoSuchElementException: Message: no such element: Unable to locate element: {\"method\":\"xpath\",\"selector\":\"(//a[@class='add-to-cart yellow-btn'])[1]\"}\n  (Session info: chrome-headless-shell=122.0.6261.94); For documentation on this error, please visit: https://www.selenium.dev/documentation/webdriver/troubleshooting/errors#no-such-element-exception\nStacktrace:\n#0 0x564b90744e93 <unknown>\n#1 0x564b9043cce6 <unknown>\n#2 0x564b90487e48 <unknown>\n#3 0x564b90487f01 <unknown>\n#4 0x564b904cb3f4 <unknown>\n#5 0x564b904a9edd <unknown>\n#6 0x564b904c8899 <unknown>\n#7 0x564b904a9c53 <unknown>\n#8 0x564b9047adb3 <unknown>\n#9 0x564b9047b77e <unknown>\n#10 0x564b9070a7cb <unknown>\n#11 0x564b9070e7e5 <unknown>\n#12 0x564b906f80e1 <unknown>\n#13 0x564b9070f372 <unknown>\n#14 0x564b906dc1bf <unknown>\n#15 0x564b90733488 <unknown>\n#16 0x564b90733683 <unknown>\n#17 0x564b90744044 <unknown>\n#18 0x7f2577152134 <unknown>","time":{"start":1709599911033,"stop":1709599911664,"duration":631}},{"uid":"6881ad6d2e7f8d0","reportUrl":"https://Nat754.github.io/StroyremAutomation/236//#testresult/6881ad6d2e7f8d0","status":"skipped","statusDetails":"XFAIL\n\nselenium.common.exceptions.NoSuchElementException: Message: no such element: Unable to locate element: {\"method\":\"xpath\",\"selector\":\"(//a[@class='add-to-cart yellow-btn'])[1]\"}\n  (Session info: chrome-headless-shell=122.0.6261.94); For documentation on this error, please visit: https://www.selenium.dev/documentation/webdriver/troubleshooting/errors#no-such-element-exception\nStacktrace:\n#0 0x55dd21012e93 <unknown>\n#1 0x55dd20d0ace6 <unknown>\n#2 0x55dd20d55e48 <unknown>\n#3 0x55dd20d55f01 <unknown>\n#4 0x55dd20d993f4 <unknown>\n#5 0x55dd20d77edd <unknown>\n#6 0x55dd20d96899 <unknown>\n#7 0x55dd20d77c53 <unknown>\n#8 0x55dd20d48db3 <unknown>\n#9 0x55dd20d4977e <unknown>\n#10 0x55dd20fd87cb <unknown>\n#11 0x55dd20fdc7e5 <unknown>\n#12 0x55dd20fc60e1 <unknown>\n#13 0x55dd20fdd372 <unknown>\n#14 0x55dd20faa1bf <unknown>\n#15 0x55dd21001488 <unknown>\n#16 0x55dd21001683 <unknown>\n#17 0x55dd21012044 <unknown>\n#18 0x7f0956df2134 <unknown>","time":{"start":1709513614436,"stop":1709513615320,"duration":884}},{"uid":"de9695e8a2e8de62","reportUrl":"https://Nat754.github.io/StroyremAutomation/235//#testresult/de9695e8a2e8de62","status":"skipped","statusDetails":"XFAIL\n\nselenium.common.exceptions.NoSuchElementException: Message: no such element: Unable to locate element: {\"method\":\"xpath\",\"selector\":\"(//a[@class='add-to-cart yellow-btn'])[1]\"}\n  (Session info: chrome-headless-shell=122.0.6261.94); For documentation on this error, please visit: https://www.selenium.dev/documentation/webdriver/troubleshooting/errors#no-such-element-exception\nStacktrace:\n#0 0x5626380d3e93 <unknown>\n#1 0x562637dcbce6 <unknown>\n#2 0x562637e16e48 <unknown>\n#3 0x562637e16f01 <unknown>\n#4 0x562637e5a3f4 <unknown>\n#5 0x562637e38edd <unknown>\n#6 0x562637e57899 <unknown>\n#7 0x562637e38c53 <unknown>\n#8 0x562637e09db3 <unknown>\n#9 0x562637e0a77e <unknown>\n#10 0x5626380997cb <unknown>\n#11 0x56263809d7e5 <unknown>\n#12 0x5626380870e1 <unknown>\n#13 0x56263809e372 <unknown>\n#14 0x56263806b1bf <unknown>\n#15 0x5626380c2488 <unknown>\n#16 0x5626380c2683 <unknown>\n#17 0x5626380d3044 <unknown>\n#18 0x7f12533bc134 <unknown>","time":{"start":1709427349650,"stop":1709427350463,"duration":813}},{"uid":"fce6a41afce0f5d8","reportUrl":"https://Nat754.github.io/StroyremAutomation/234//#testresult/fce6a41afce0f5d8","status":"skipped","statusDetails":"XFAIL\n\nselenium.common.exceptions.NoSuchElementException: Message: no such element: Unable to locate element: {\"method\":\"xpath\",\"selector\":\"(//a[@class='add-to-cart yellow-btn'])[1]\"}\n  (Session info: chrome-headless-shell=122.0.6261.94); For documentation on this error, please visit: https://www.selenium.dev/documentation/webdriver/troubleshooting/errors#no-such-element-exception\nStacktrace:\n#0 0x55dab3fe4e93 <unknown>\n#1 0x55dab3cdcce6 <unknown>\n#2 0x55dab3d27e48 <unknown>\n#3 0x55dab3d27f01 <unknown>\n#4 0x55dab3d6b3f4 <unknown>\n#5 0x55dab3d49edd <unknown>\n#6 0x55dab3d68899 <unknown>\n#7 0x55dab3d49c53 <unknown>\n#8 0x55dab3d1adb3 <unknown>\n#9 0x55dab3d1b77e <unknown>\n#10 0x55dab3faa7cb <unknown>\n#11 0x55dab3fae7e5 <unknown>\n#12 0x55dab3f980e1 <unknown>\n#13 0x55dab3faf372 <unknown>\n#14 0x55dab3f7c1bf <unknown>\n#15 0x55dab3fd3488 <unknown>\n#16 0x55dab3fd3683 <unknown>\n#17 0x55dab3fe4044 <unknown>\n#18 0x7f6bd2307134 <unknown>","time":{"start":1709340610744,"stop":1709340611156,"duration":412}},{"uid":"448d48acd23e3451","reportUrl":"https://Nat754.github.io/StroyremAutomation/233//#testresult/448d48acd23e3451","status":"skipped","statusDetails":"XFAIL\n\nselenium.common.exceptions.NoSuchElementException: Message: no such element: Unable to locate element: {\"method\":\"xpath\",\"selector\":\"(//a[@class='add-to-cart yellow-btn'])[1]\"}\n  (Session info: chrome-headless-shell=122.0.6261.94); For documentation on this error, please visit: https://www.selenium.dev/documentation/webdriver/troubleshooting/errors#no-such-element-exception\nStacktrace:\n#0 0x55b695789e93 <unknown>\n#1 0x55b695481ce6 <unknown>\n#2 0x55b6954cce48 <unknown>\n#3 0x55b6954ccf01 <unknown>\n#4 0x55b6955103f4 <unknown>\n#5 0x55b6954eeedd <unknown>\n#6 0x55b69550d899 <unknown>\n#7 0x55b6954eec53 <unknown>\n#8 0x55b6954bfdb3 <unknown>\n#9 0x55b6954c077e <unknown>\n#10 0x55b69574f7cb <unknown>\n#11 0x55b6957537e5 <unknown>\n#12 0x55b69573d0e1 <unknown>\n#13 0x55b695754372 <unknown>\n#14 0x55b6957211bf <unknown>\n#15 0x55b695778488 <unknown>\n#16 0x55b695778683 <unknown>\n#17 0x55b695789044 <unknown>\n#18 0x7fef84883134 <unknown>","time":{"start":1709254601510,"stop":1709254602121,"duration":611}},{"uid":"22915ee4e1604e8","reportUrl":"https://Nat754.github.io/StroyremAutomation/232//#testresult/22915ee4e1604e8","status":"skipped","statusDetails":"XFAIL\n\nselenium.common.exceptions.NoSuchElementException: Message: no such element: Unable to locate element: {\"method\":\"xpath\",\"selector\":\"(//a[@class='add-to-cart yellow-btn'])[1]\"}\n  (Session info: chrome-headless-shell=122.0.6261.94); For documentation on this error, please visit: https://www.selenium.dev/documentation/webdriver/troubleshooting/errors#no-such-element-exception\nStacktrace:\n#0 0x55d9087f2e93 <unknown>\n#1 0x55d9084eace6 <unknown>\n#2 0x55d908535e48 <unknown>\n#3 0x55d908535f01 <unknown>\n#4 0x55d9085793f4 <unknown>\n#5 0x55d908557edd <unknown>\n#6 0x55d908576899 <unknown>\n#7 0x55d908557c53 <unknown>\n#8 0x55d908528db3 <unknown>\n#9 0x55d90852977e <unknown>\n#10 0x55d9087b87cb <unknown>\n#11 0x55d9087bc7e5 <unknown>\n#12 0x55d9087a60e1 <unknown>\n#13 0x55d9087bd372 <unknown>\n#14 0x55d90878a1bf <unknown>\n#15 0x55d9087e1488 <unknown>\n#16 0x55d9087e1683 <unknown>\n#17 0x55d9087f2044 <unknown>\n#18 0x7f2df8c89134 <unknown>","time":{"start":1709167849364,"stop":1709167850001,"duration":637}},{"uid":"692a2e876335690f","reportUrl":"https://Nat754.github.io/StroyremAutomation/231//#testresult/692a2e876335690f","status":"skipped","statusDetails":"XFAIL\n\nselenium.common.exceptions.NoSuchElementException: Message: no such element: Unable to locate element: {\"method\":\"xpath\",\"selector\":\"(//a[@class='add-to-cart yellow-btn'])[1]\"}\n  (Session info: chrome-headless-shell=122.0.6261.94); For documentation on this error, please visit: https://www.selenium.dev/documentation/webdriver/troubleshooting/errors#no-such-element-exception\nStacktrace:\n#0 0x5619c6865e93 <unknown>\n#1 0x5619c655dce6 <unknown>\n#2 0x5619c65a8e48 <unknown>\n#3 0x5619c65a8f01 <unknown>\n#4 0x5619c65ec3f4 <unknown>\n#5 0x5619c65caedd <unknown>\n#6 0x5619c65e9899 <unknown>\n#7 0x5619c65cac53 <unknown>\n#8 0x5619c659bdb3 <unknown>\n#9 0x5619c659c77e <unknown>\n#10 0x5619c682b7cb <unknown>\n#11 0x5619c682f7e5 <unknown>\n#12 0x5619c68190e1 <unknown>\n#13 0x5619c6830372 <unknown>\n#14 0x5619c67fd1bf <unknown>\n#15 0x5619c6854488 <unknown>\n#16 0x5619c6854683 <unknown>\n#17 0x5619c6865044 <unknown>\n#18 0x7fb9db62e134 <unknown>","time":{"start":1709081452751,"stop":1709081453171,"duration":420}},{"uid":"bae542e3af1d4b47","reportUrl":"https://Nat754.github.io/StroyremAutomation/230//#testresult/bae542e3af1d4b47","status":"skipped","statusDetails":"XFAIL\n\nselenium.common.exceptions.NoSuchElementException: Message: no such element: Unable to locate element: {\"method\":\"xpath\",\"selector\":\"(//a[@class='add-to-cart yellow-btn'])[1]\"}\n  (Session info: chrome-headless-shell=122.0.6261.69); For documentation on this error, please visit: https://www.selenium.dev/documentation/webdriver/troubleshooting/errors#no-such-element-exception\nStacktrace:\n#0 0x5631682a6793 <unknown>\n#1 0x563167f9a1c6 <unknown>\n#2 0x563167fe5358 <unknown>\n#3 0x563167fe5411 <unknown>\n#4 0x563168028934 <unknown>\n#5 0x5631680073fd <unknown>\n#6 0x563168025dd9 <unknown>\n#7 0x563168007173 <unknown>\n#8 0x563167fd82d3 <unknown>\n#9 0x563167fd8c9e <unknown>\n#10 0x56316826a8cb <unknown>\n#11 0x56316826e745 <unknown>\n#12 0x5631682572e1 <unknown>\n#13 0x56316826f2d2 <unknown>\n#14 0x56316823b17f <unknown>\n#15 0x563168294dc8 <unknown>\n#16 0x563168294fc3 <unknown>\n#17 0x5631682a5944 <unknown>\n#18 0x7f07b89f4134 <unknown>","time":{"start":1708995063917,"stop":1708995064360,"duration":443}},{"uid":"e07a015892ab0e3f","reportUrl":"https://Nat754.github.io/StroyremAutomation/229//#testresult/e07a015892ab0e3f","status":"skipped","statusDetails":"XFAIL\n\nselenium.common.exceptions.NoSuchElementException: Message: no such element: Unable to locate element: {\"method\":\"xpath\",\"selector\":\"(//a[@class='add-to-cart yellow-btn'])[1]\"}\n  (Session info: chrome-headless-shell=122.0.6261.69); For documentation on this error, please visit: https://www.selenium.dev/documentation/webdriver/troubleshooting/errors#no-such-element-exception\nStacktrace:\n#0 0x55a63ca16793 <unknown>\n#1 0x55a63c70a1c6 <unknown>\n#2 0x55a63c755358 <unknown>\n#3 0x55a63c755411 <unknown>\n#4 0x55a63c798934 <unknown>\n#5 0x55a63c7773fd <unknown>\n#6 0x55a63c795dd9 <unknown>\n#7 0x55a63c777173 <unknown>\n#8 0x55a63c7482d3 <unknown>\n#9 0x55a63c748c9e <unknown>\n#10 0x55a63c9da8cb <unknown>\n#11 0x55a63c9de745 <unknown>\n#12 0x55a63c9c72e1 <unknown>\n#13 0x55a63c9df2d2 <unknown>\n#14 0x55a63c9ab17f <unknown>\n#15 0x55a63ca04dc8 <unknown>\n#16 0x55a63ca04fc3 <unknown>\n#17 0x55a63ca15944 <unknown>\n#18 0x7fa876650134 <unknown>","time":{"start":1708908762047,"stop":1708908762442,"duration":395}},{"uid":"215482f57166ca58","reportUrl":"https://Nat754.github.io/StroyremAutomation/228//#testresult/215482f57166ca58","status":"skipped","statusDetails":"XFAIL\n\nselenium.common.exceptions.NoSuchElementException: Message: no such element: Unable to locate element: {\"method\":\"xpath\",\"selector\":\"(//a[@class='add-to-cart yellow-btn'])[1]\"}\n  (Session info: chrome-headless-shell=122.0.6261.69); For documentation on this error, please visit: https://www.selenium.dev/documentation/webdriver/troubleshooting/errors#no-such-element-exception\nStacktrace:\n#0 0x564690c47793 <unknown>\n#1 0x56469093b1c6 <unknown>\n#2 0x564690986358 <unknown>\n#3 0x564690986411 <unknown>\n#4 0x5646909c9934 <unknown>\n#5 0x5646909a83fd <unknown>\n#6 0x5646909c6dd9 <unknown>\n#7 0x5646909a8173 <unknown>\n#8 0x5646909792d3 <unknown>\n#9 0x564690979c9e <unknown>\n#10 0x564690c0b8cb <unknown>\n#11 0x564690c0f745 <unknown>\n#12 0x564690bf82e1 <unknown>\n#13 0x564690c102d2 <unknown>\n#14 0x564690bdc17f <unknown>\n#15 0x564690c35dc8 <unknown>\n#16 0x564690c35fc3 <unknown>\n#17 0x564690c46944 <unknown>\n#18 0x7fafb5515134 <unknown>","time":{"start":1708822548160,"stop":1708822548630,"duration":470}},{"uid":"ab7c14e6304a5c24","reportUrl":"https://Nat754.github.io/StroyremAutomation/227//#testresult/ab7c14e6304a5c24","status":"skipped","statusDetails":"XFAIL\n\nselenium.common.exceptions.NoSuchElementException: Message: no such element: Unable to locate element: {\"method\":\"xpath\",\"selector\":\"(//a[@class='add-to-cart yellow-btn'])[1]\"}\n  (Session info: chrome-headless-shell=122.0.6261.69); For documentation on this error, please visit: https://www.selenium.dev/documentation/webdriver/troubleshooting/errors#no-such-element-exception\nStacktrace:\n#0 0x5559e9134793 <unknown>\n#1 0x5559e8e281c6 <unknown>\n#2 0x5559e8e73358 <unknown>\n#3 0x5559e8e73411 <unknown>\n#4 0x5559e8eb6934 <unknown>\n#5 0x5559e8e953fd <unknown>\n#6 0x5559e8eb3dd9 <unknown>\n#7 0x5559e8e95173 <unknown>\n#8 0x5559e8e662d3 <unknown>\n#9 0x5559e8e66c9e <unknown>\n#10 0x5559e90f88cb <unknown>\n#11 0x5559e90fc745 <unknown>\n#12 0x5559e90e52e1 <unknown>\n#13 0x5559e90fd2d2 <unknown>\n#14 0x5559e90c917f <unknown>\n#15 0x5559e9122dc8 <unknown>\n#16 0x5559e9122fc3 <unknown>\n#17 0x5559e9133944 <unknown>\n#18 0x7f8779e5f134 <unknown>","time":{"start":1708735743680,"stop":1708735743992,"duration":312}},{"uid":"68427d4cac84bc57","reportUrl":"https://Nat754.github.io/StroyremAutomation/226//#testresult/68427d4cac84bc57","status":"skipped","statusDetails":"XFAIL\n\nselenium.common.exceptions.NoSuchElementException: Message: no such element: Unable to locate element: {\"method\":\"xpath\",\"selector\":\"(//a[@class='add-to-cart yellow-btn'])[1]\"}\n  (Session info: chrome-headless-shell=122.0.6261.69); For documentation on this error, please visit: https://www.selenium.dev/documentation/webdriver/troubleshooting/errors#no-such-element-exception\nStacktrace:\n#0 0x55890f3bc793 <unknown>\n#1 0x55890f0b01c6 <unknown>\n#2 0x55890f0fb358 <unknown>\n#3 0x55890f0fb411 <unknown>\n#4 0x55890f13e934 <unknown>\n#5 0x55890f11d3fd <unknown>\n#6 0x55890f13bdd9 <unknown>\n#7 0x55890f11d173 <unknown>\n#8 0x55890f0ee2d3 <unknown>\n#9 0x55890f0eec9e <unknown>\n#10 0x55890f3808cb <unknown>\n#11 0x55890f384745 <unknown>\n#12 0x55890f36d2e1 <unknown>\n#13 0x55890f3852d2 <unknown>\n#14 0x55890f35117f <unknown>\n#15 0x55890f3aadc8 <unknown>\n#16 0x55890f3aafc3 <unknown>\n#17 0x55890f3bb944 <unknown>\n#18 0x7feb1214f134 <unknown>","time":{"start":1708649456606,"stop":1708649457035,"duration":429}},{"uid":"52427412c9e21103","reportUrl":"https://Nat754.github.io/StroyremAutomation/225//#testresult/52427412c9e21103","status":"skipped","statusDetails":"XFAIL\n\nselenium.common.exceptions.NoSuchElementException: Message: no such element: Unable to locate element: {\"method\":\"xpath\",\"selector\":\"(//a[@class='add-to-cart yellow-btn'])[1]\"}\n  (Session info: chrome-headless-shell=122.0.6261.57); For documentation on this error, please visit: https://www.selenium.dev/documentation/webdriver/troubleshooting/errors#no-such-element-exception\nStacktrace:\n#0 0x55b9325047d3 <unknown>\n#1 0x55b9321f81c6 <unknown>\n#2 0x55b932243358 <unknown>\n#3 0x55b932243411 <unknown>\n#4 0x55b932286934 <unknown>\n#5 0x55b9322653fd <unknown>\n#6 0x55b932283dd9 <unknown>\n#7 0x55b932265173 <unknown>\n#8 0x55b9322362d3 <unknown>\n#9 0x55b932236c9e <unknown>\n#10 0x55b9324c890b <unknown>\n#11 0x55b9324cc785 <unknown>\n#12 0x55b9324b5321 <unknown>\n#13 0x55b9324cd312 <unknown>\n#14 0x55b9324991bf <unknown>\n#15 0x55b9324f2e08 <unknown>\n#16 0x55b9324f3003 <unknown>\n#17 0x55b932503984 <unknown>\n#18 0x7f3a02ea4134 <unknown>","time":{"start":1708563121053,"stop":1708563121988,"duration":935}},{"uid":"b46f305f2a5153e0","reportUrl":"https://Nat754.github.io/StroyremAutomation/224//#testresult/b46f305f2a5153e0","status":"skipped","statusDetails":"XFAIL\n\nselenium.common.exceptions.NoSuchElementException: Message: no such element: Unable to locate element: {\"method\":\"xpath\",\"selector\":\"(//a[@class='add-to-cart yellow-btn'])[1]\"}\n  (Session info: chrome-headless-shell=122.0.6261.57); For documentation on this error, please visit: https://www.selenium.dev/documentation/webdriver/troubleshooting/errors#no-such-element-exception\nStacktrace:\n#0 0x561327fd67d3 <unknown>\n#1 0x561327cca1c6 <unknown>\n#2 0x561327d15358 <unknown>\n#3 0x561327d15411 <unknown>\n#4 0x561327d58934 <unknown>\n#5 0x561327d373fd <unknown>\n#6 0x561327d55dd9 <unknown>\n#7 0x561327d37173 <unknown>\n#8 0x561327d082d3 <unknown>\n#9 0x561327d08c9e <unknown>\n#10 0x561327f9a90b <unknown>\n#11 0x561327f9e785 <unknown>\n#12 0x561327f87321 <unknown>\n#13 0x561327f9f312 <unknown>\n#14 0x561327f6b1bf <unknown>\n#15 0x561327fc4e08 <unknown>\n#16 0x561327fc5003 <unknown>\n#17 0x561327fd5984 <unknown>\n#18 0x7fe3e7410134 <unknown>","time":{"start":1708476771736,"stop":1708476772148,"duration":412}},{"uid":"52fba0d638f87810","reportUrl":"https://Nat754.github.io/StroyremAutomation/223//#testresult/52fba0d638f87810","status":"skipped","statusDetails":"XFAIL\n\nselenium.common.exceptions.NoSuchElementException: Message: no such element: Unable to locate element: {\"method\":\"xpath\",\"selector\":\"(//a[@class='add-to-cart yellow-btn'])[1]\"}\n  (Session info: chrome-headless-shell=121.0.6167.184); For documentation on this error, please visit: https://www.selenium.dev/documentation/webdriver/troubleshooting/errors#no-such-element-exception\nStacktrace:\n#0 0x55860644d303 <unknown>\n#1 0x5586061322b7 <unknown>\n#2 0x55860617dcc0 <unknown>\n#3 0x55860617ddb1 <unknown>\n#4 0x5586061c1b44 <unknown>\n#5 0x5586061a03ad <unknown>\n#6 0x5586061bf07c <unknown>\n#7 0x5586061a0123 <unknown>\n#8 0x558606170095 <unknown>\n#9 0x55860617109e <unknown>\n#10 0x5586064116ab <unknown>\n#11 0x5586064154ba <unknown>\n#12 0x5586063fdf85 <unknown>\n#13 0x55860641612f <unknown>\n#14 0x5586063e1e6f <unknown>\n#15 0x55860643a5f8 <unknown>\n#16 0x55860643a7c2 <unknown>\n#17 0x55860644c4a4 <unknown>\n#18 0x7f1cc5b40134 <unknown>","time":{"start":1708390249579,"stop":1708390249922,"duration":343}},{"uid":"39ff08bb0fdef66e","reportUrl":"https://Nat754.github.io/StroyremAutomation/222//#testresult/39ff08bb0fdef66e","status":"skipped","statusDetails":"XFAIL\n\nselenium.common.exceptions.NoSuchElementException: Message: no such element: Unable to locate element: {\"method\":\"xpath\",\"selector\":\"(//a[@class='add-to-cart yellow-btn'])[1]\"}\n  (Session info: chrome-headless-shell=121.0.6167.184); For documentation on this error, please visit: https://www.selenium.dev/documentation/webdriver/troubleshooting/errors#no-such-element-exception\nStacktrace:\n#0 0x5557e0bc4303 <unknown>\n#1 0x5557e08a92b7 <unknown>\n#2 0x5557e08f4cc0 <unknown>\n#3 0x5557e08f4db1 <unknown>\n#4 0x5557e0938b44 <unknown>\n#5 0x5557e09173ad <unknown>\n#6 0x5557e093607c <unknown>\n#7 0x5557e0917123 <unknown>\n#8 0x5557e08e7095 <unknown>\n#9 0x5557e08e809e <unknown>\n#10 0x5557e0b886ab <unknown>\n#11 0x5557e0b8c4ba <unknown>\n#12 0x5557e0b74f85 <unknown>\n#13 0x5557e0b8d12f <unknown>\n#14 0x5557e0b58e6f <unknown>\n#15 0x5557e0bb15f8 <unknown>\n#16 0x5557e0bb17c2 <unknown>\n#17 0x5557e0bc34a4 <unknown>\n#18 0x7f4ff195d134 <unknown>","time":{"start":1708304042165,"stop":1708304042582,"duration":417}},{"uid":"7f7256797e3d88cd","reportUrl":"https://Nat754.github.io/StroyremAutomation/221//#testresult/7f7256797e3d88cd","status":"skipped","statusDetails":"XFAIL\n\nselenium.common.exceptions.NoSuchElementException: Message: no such element: Unable to locate element: {\"method\":\"xpath\",\"selector\":\"(//a[@class='add-to-cart yellow-btn'])[1]\"}\n  (Session info: chrome-headless-shell=121.0.6167.184); For documentation on this error, please visit: https://www.selenium.dev/documentation/webdriver/troubleshooting/errors#no-such-element-exception\nStacktrace:\n#0 0x5566da495303 <unknown>\n#1 0x5566da17a2b7 <unknown>\n#2 0x5566da1c5cc0 <unknown>\n#3 0x5566da1c5db1 <unknown>\n#4 0x5566da209b44 <unknown>\n#5 0x5566da1e83ad <unknown>\n#6 0x5566da20707c <unknown>\n#7 0x5566da1e8123 <unknown>\n#8 0x5566da1b8095 <unknown>\n#9 0x5566da1b909e <unknown>\n#10 0x5566da4596ab <unknown>\n#11 0x5566da45d4ba <unknown>\n#12 0x5566da445f85 <unknown>\n#13 0x5566da45e12f <unknown>\n#14 0x5566da429e6f <unknown>\n#15 0x5566da4825f8 <unknown>\n#16 0x5566da4827c2 <unknown>\n#17 0x5566da4944a4 <unknown>\n#18 0x7f57cf7e3134 <unknown>","time":{"start":1708217707820,"stop":1708217708357,"duration":537}},{"uid":"7b1f972410b2a56f","reportUrl":"https://Nat754.github.io/StroyremAutomation/220//#testresult/7b1f972410b2a56f","status":"skipped","statusDetails":"XFAIL\n\nselenium.common.exceptions.NoSuchElementException: Message: no such element: Unable to locate element: {\"method\":\"xpath\",\"selector\":\"(//a[@class='add-to-cart yellow-btn'])[1]\"}\n  (Session info: chrome-headless-shell=121.0.6167.184); For documentation on this error, please visit: https://www.selenium.dev/documentation/webdriver/troubleshooting/errors#no-such-element-exception\nStacktrace:\n#0 0x558f1eba4303 <unknown>\n#1 0x558f1e8892b7 <unknown>\n#2 0x558f1e8d4cc0 <unknown>\n#3 0x558f1e8d4db1 <unknown>\n#4 0x558f1e918b44 <unknown>\n#5 0x558f1e8f73ad <unknown>\n#6 0x558f1e91607c <unknown>\n#7 0x558f1e8f7123 <unknown>\n#8 0x558f1e8c7095 <unknown>\n#9 0x558f1e8c809e <unknown>\n#10 0x558f1eb686ab <unknown>\n#11 0x558f1eb6c4ba <unknown>\n#12 0x558f1eb54f85 <unknown>\n#13 0x558f1eb6d12f <unknown>\n#14 0x558f1eb38e6f <unknown>\n#15 0x558f1eb915f8 <unknown>\n#16 0x558f1eb917c2 <unknown>\n#17 0x558f1eba34a4 <unknown>\n#18 0x7f1f6ecdd134 <unknown>","time":{"start":1708131020597,"stop":1708131020999,"duration":402}},{"uid":"feb4c2eb4907daeb","reportUrl":"https://Nat754.github.io/StroyremAutomation/219//#testresult/feb4c2eb4907daeb","status":"skipped","statusDetails":"XFAIL\n\nselenium.common.exceptions.NoSuchElementException: Message: no such element: Unable to locate element: {\"method\":\"xpath\",\"selector\":\"(//a[@class='add-to-cart yellow-btn'])[1]\"}\n  (Session info: chrome-headless-shell=121.0.6167.85); For documentation on this error, please visit: https://www.selenium.dev/documentation/webdriver/troubleshooting/errors#no-such-element-exception\nStacktrace:\n#0 0x55dab6eddd93 <unknown>\n#1 0x55dab6bc1337 <unknown>\n#2 0x55dab6c0cd60 <unknown>\n#3 0x55dab6c0ce51 <unknown>\n#4 0x55dab6c50bc4 <unknown>\n#5 0x55dab6c2f46d <unknown>\n#6 0x55dab6c4e12d <unknown>\n#7 0x55dab6c2f1e3 <unknown>\n#8 0x55dab6bff135 <unknown>\n#9 0x55dab6c0013e <unknown>\n#10 0x55dab6ea1e4b <unknown>\n#11 0x55dab6ea5dfa <unknown>\n#12 0x55dab6e8e6d5 <unknown>\n#13 0x55dab6ea6a6f <unknown>\n#14 0x55dab6e7269f <unknown>\n#15 0x55dab6ecb098 <unknown>\n#16 0x55dab6ecb262 <unknown>\n#17 0x55dab6edcf34 <unknown>\n#18 0x7f2285ee5134 <unknown>","time":{"start":1708044717300,"stop":1708044717725,"duration":425}}]},"tags":["@pytest.mark.xfail","smoke_test"]},"source":"1bdeafb791f5e4ba.json","parameterValues":["2980","66","'TD 007'","2490","'products/shtukaturka-gipsovaya-aksolit-m50-30-kg-mashinnogo-naneseniya'","1300","'https://sandboxtest.stroyrem-nn.ru/'","2000"]}