{"uid":"abf7fc657c4dc65c","name":"test_positive_delivery_green_zone_smoke[TD 007-products/shtukaturka-gipsovaya-aksolit-m50-30-kg-mashinnogo-naneseniya-66-2000-1300-2490-2980-https://sandboxtest.stroyrem-nn.ru/]","fullName":"tests.delivery.test_delivery_calculation.TestDeliveryPageCalculation#test_positive_delivery_green_zone_smoke","historyId":"01706720b82fe343c373f6b78a174407","time":{"start":1705367478471,"stop":1705367608609,"duration":130138},"status":"skipped","statusMessage":"XFAIL\n\nselenium.common.exceptions.WebDriverException: Message: unknown error: net::ERR_CONNECTION_TIMED_OUT\n  (Session info: chrome-headless-shell=120.0.6099.109)\nStacktrace:\n#0 0x556b93316f83 <unknown>\n#1 0x556b92fcfcf7 <unknown>\n#2 0x556b92fc76ea <unknown>\n#3 0x556b92fb65a1 <unknown>\n#4 0x556b92fb7d40 <unknown>\n#5 0x556b92fb6854 <unknown>\n#6 0x556b92fb5586 <unknown>\n#7 0x556b92fb544a <unknown>\n#8 0x556b92fb37e1 <unknown>\n#9 0x556b92fb401a <unknown>\n#10 0x556b92fd2bbe <unknown>\n#11 0x556b930687a5 <unknown>\n#12 0x556b930490b2 <unknown>\n#13 0x556b93068006 <unknown>\n#14 0x556b93048e53 <unknown>\n#15 0x556b93010dd4 <unknown>\n#16 0x556b930121de <unknown>\n#17 0x556b932db531 <unknown>\n#18 0x556b932df455 <unknown>\n#19 0x556b932c7f55 <unknown>\n#20 0x556b932e00ef <unknown>\n#21 0x556b932ab99f <unknown>\n#22 0x556b93304008 <unknown>\n#23 0x556b933041d7 <unknown>\n#24 0x556b93316124 <unknown>\n#25 0x7f93d29ac044 <unknown>","statusTrace":"self = <tests.delivery.test_delivery_calculation.TestDeliveryPageCalculation object at 0x7f9a24812a90>\ndriver = <selenium.webdriver.chrome.webdriver.WebDriver (session=\"baa1d3d73986dfe5eabf68d5893d877e\")>\nurl = 'https://sandboxtest.stroyrem-nn.ru/', case_id = 'TD 007'\nlink_item = 'products/shtukaturka-gipsovaya-aksolit-m50-30-kg-mashinnogo-naneseniya'\namount = 66, weight = 2000, standard = 1300, in_time = 2490, all_time = 2980\n\n    @pytest.mark.parametrize('case_id, link_item, amount, weight, standard, in_time, all_time', [\n        (\"TD 001\", uroven_3000, 1, 30, 0, 1590, 2190),\n        (\"TD 002\", bundeks_25, 1, 30, 400, 1590, 2190),\n        (\"TD 003\", aksolit_30, 8, 300, 400, 1590, 2190),\n        (\"TD 004\", aksolit_30, 13, 400, 450, 1590, 2190),\n        (\"TD 005\", aksolit_30, 16, 500, 600, 1590, 2190),\n        (\"TD 006\", aksolit_30, 25, 1700, 990, 1990, 2480),\n        (\"TD 007\", aksolit_30, 66, 2000, 1300, 2490, 2980),\n        (\"TD 008\", aksolit_30, 149, 4500, 2300, 3980, 4490),\n        (\"TD 009\", aksolit_30, 166, 5000, 2500, 4990, 5480),\n        pytest.param(\n            \"TD 010\", aksolit_30, 206, 6200, 2900, 5570, 6120,\n            marks=pytest.mark.xfail(reson=\"Цена доставки 3600 7960 8980\")\n        ),\n        (\"TD 011\", aksolit_30, 299, 9000, 3600, 7960, 8980),\n        (\"TD 012\", aksolit_30, 333, 10000, 4450, 11990, 12500),\n        pytest.param(\n            \"TD 013\", aksolit_30, 366, 11000, 4800, 12450, 13480,\n            marks=pytest.mark.xfail(reason=\"Цена стандартной доставки 4450\")\n        ),\n        pytest.param(\n            \"TD 014\", aksolit_30, 666, 20000, 5400, 15600, 17490,\n            marks=pytest.mark.xfail(reason=\"Цена стандартной доставки 4450\")\n        )\n    ])\n    @pytest.mark.xfail\n    @pytest.mark.smoke_test\n    def test_positive_delivery_green_zone_smoke(\n            self, driver, url, case_id, link_item, amount, weight, standard, in_time, all_time\n    ):\n    \n>       driver.get(f'{url}{link_item}')\n\ntests/delivery/test_delivery_calculation.py:48: \n_ _ _ _ _ _ _ _ _ _ _ _ _ _ _ _ _ _ _ _ _ _ _ _ _ _ _ _ _ _ _ _ _ _ _ _ _ _ _ _ \n/usr/local/lib/python3.11/site-packages/selenium/webdriver/remote/webdriver.py:354: in get\n    self.execute(Command.GET, {\"url\": url})\n/usr/local/lib/python3.11/site-packages/selenium/webdriver/remote/webdriver.py:345: in execute\n    self.error_handler.check_response(response)\n_ _ _ _ _ _ _ _ _ _ _ _ _ _ _ _ _ _ _ _ _ _ _ _ _ _ _ _ _ _ _ _ _ _ _ _ _ _ _ _ \n\nself = <selenium.webdriver.remote.errorhandler.ErrorHandler object at 0x7f9a247ee910>\nresponse = {'status': 500, 'value': '{\"value\":{\"error\":\"unknown error\",\"message\":\"unknown error: net::ERR_CONNECTION_TIMED_OUT\\\\n...\\\\n#23 0x556b933041d7 \\\\u003Cunknown>\\\\n#24 0x556b93316124 \\\\u003Cunknown>\\\\n#25 0x7f93d29ac044 \\\\u003Cunknown>\\\\n\"}}'}\n\n    def check_response(self, response: Dict[str, Any]) -> None:\n        \"\"\"Checks that a JSON response from the WebDriver does not have an\n        error.\n    \n        :Args:\n         - response - The JSON response from the WebDriver server as a dictionary\n           object.\n    \n        :Raises: If the response contains an error message.\n        \"\"\"\n        status = response.get(\"status\", None)\n        if not status or status == ErrorCode.SUCCESS:\n            return\n        value = None\n        message = response.get(\"message\", \"\")\n        screen: str = response.get(\"screen\", \"\")\n        stacktrace = None\n        if isinstance(status, int):\n            value_json = response.get(\"value\", None)\n            if value_json and isinstance(value_json, str):\n                import json\n    \n                try:\n                    value = json.loads(value_json)\n                    if len(value) == 1:\n                        value = value[\"value\"]\n                    status = value.get(\"error\", None)\n                    if not status:\n                        status = value.get(\"status\", ErrorCode.UNKNOWN_ERROR)\n                        message = value.get(\"value\") or value.get(\"message\")\n                        if not isinstance(message, str):\n                            value = message\n                            message = message.get(\"message\")\n                    else:\n                        message = value.get(\"message\", None)\n                except ValueError:\n                    pass\n    \n        exception_class: Type[WebDriverException]\n        e = ErrorCode()\n        error_codes = [item for item in dir(e) if not item.startswith(\"__\")]\n        for error_code in error_codes:\n            error_info = getattr(ErrorCode, error_code)\n            if isinstance(error_info, list) and status in error_info:\n                exception_class = getattr(ExceptionMapping, error_code, WebDriverException)\n                break\n        else:\n            exception_class = WebDriverException\n    \n        if not value:\n            value = response[\"value\"]\n        if isinstance(value, str):\n            raise exception_class(value)\n        if message == \"\" and \"message\" in value:\n            message = value[\"message\"]\n    \n        screen = None  # type: ignore[assignment]\n        if \"screen\" in value:\n            screen = value[\"screen\"]\n    \n        stacktrace = None\n        st_value = value.get(\"stackTrace\") or value.get(\"stacktrace\")\n        if st_value:\n            if isinstance(st_value, str):\n                stacktrace = st_value.split(\"\\n\")\n            else:\n                stacktrace = []\n                try:\n                    for frame in st_value:\n                        line = frame.get(\"lineNumber\", \"\")\n                        file = frame.get(\"fileName\", \"<anonymous>\")\n                        if line:\n                            file = f\"{file}:{line}\"\n                        meth = frame.get(\"methodName\", \"<anonymous>\")\n                        if \"className\" in frame:\n                            meth = f\"{frame['className']}.{meth}\"\n                        msg = \"    at %s (%s)\"\n                        msg = msg % (meth, file)\n                        stacktrace.append(msg)\n                except TypeError:\n                    pass\n        if exception_class == UnexpectedAlertPresentException:\n            alert_text = None\n            if \"data\" in value:\n                alert_text = value[\"data\"].get(\"text\")\n            elif \"alert\" in value:\n                alert_text = value[\"alert\"].get(\"text\")\n            raise exception_class(message, screen, stacktrace, alert_text)  # type: ignore[call-arg]  # mypy is not smart enough here\n>       raise exception_class(message, screen, stacktrace)\nE       selenium.common.exceptions.WebDriverException: Message: unknown error: net::ERR_CONNECTION_TIMED_OUT\nE         (Session info: chrome-headless-shell=120.0.6099.109)\nE       Stacktrace:\nE       #0 0x556b93316f83 <unknown>\nE       #1 0x556b92fcfcf7 <unknown>\nE       #2 0x556b92fc76ea <unknown>\nE       #3 0x556b92fb65a1 <unknown>\nE       #4 0x556b92fb7d40 <unknown>\nE       #5 0x556b92fb6854 <unknown>\nE       #6 0x556b92fb5586 <unknown>\nE       #7 0x556b92fb544a <unknown>\nE       #8 0x556b92fb37e1 <unknown>\nE       #9 0x556b92fb401a <unknown>\nE       #10 0x556b92fd2bbe <unknown>\nE       #11 0x556b930687a5 <unknown>\nE       #12 0x556b930490b2 <unknown>\nE       #13 0x556b93068006 <unknown>\nE       #14 0x556b93048e53 <unknown>\nE       #15 0x556b93010dd4 <unknown>\nE       #16 0x556b930121de <unknown>\nE       #17 0x556b932db531 <unknown>\nE       #18 0x556b932df455 <unknown>\nE       #19 0x556b932c7f55 <unknown>\nE       #20 0x556b932e00ef <unknown>\nE       #21 0x556b932ab99f <unknown>\nE       #22 0x556b93304008 <unknown>\nE       #23 0x556b933041d7 <unknown>\nE       #24 0x556b93316124 <unknown>\nE       #25 0x7f93d29ac044 <unknown>\n\n/usr/local/lib/python3.11/site-packages/selenium/webdriver/remote/errorhandler.py:229: WebDriverException","flaky":false,"newFailed":false,"newBroken":false,"newPassed":false,"retriesCount":0,"retriesStatusChange":false,"beforeStages":[{"name":"_session_faker","time":{"start":1705366480334,"stop":1705366480402,"duration":68},"status":"passed","steps":[],"attachments":[],"parameters":[],"shouldDisplayMessage":false,"stepsCount":0,"attachmentsCount":0,"hasContent":false,"attachmentStep":false},{"name":"clear_allure_results_folder","time":{"start":1705366480402,"stop":1705366480402,"duration":0},"status":"passed","steps":[],"attachments":[],"parameters":[],"shouldDisplayMessage":false,"stepsCount":0,"attachmentsCount":0,"hasContent":false,"attachmentStep":false},{"name":"driver","time":{"start":1705367477691,"stop":1705367478470,"duration":779},"status":"passed","steps":[],"attachments":[],"parameters":[],"shouldDisplayMessage":false,"stepsCount":0,"attachmentsCount":0,"hasContent":false,"attachmentStep":false},{"name":"setup","time":{"start":1705367478470,"stop":1705367478470,"duration":0},"status":"passed","steps":[],"attachments":[],"parameters":[],"shouldDisplayMessage":false,"stepsCount":0,"attachmentsCount":0,"hasContent":false,"attachmentStep":false}],"testStage":{"status":"skipped","statusMessage":"XFAIL\n\nselenium.common.exceptions.WebDriverException: Message: unknown error: net::ERR_CONNECTION_TIMED_OUT\n  (Session info: chrome-headless-shell=120.0.6099.109)\nStacktrace:\n#0 0x556b93316f83 <unknown>\n#1 0x556b92fcfcf7 <unknown>\n#2 0x556b92fc76ea <unknown>\n#3 0x556b92fb65a1 <unknown>\n#4 0x556b92fb7d40 <unknown>\n#5 0x556b92fb6854 <unknown>\n#6 0x556b92fb5586 <unknown>\n#7 0x556b92fb544a <unknown>\n#8 0x556b92fb37e1 <unknown>\n#9 0x556b92fb401a <unknown>\n#10 0x556b92fd2bbe <unknown>\n#11 0x556b930687a5 <unknown>\n#12 0x556b930490b2 <unknown>\n#13 0x556b93068006 <unknown>\n#14 0x556b93048e53 <unknown>\n#15 0x556b93010dd4 <unknown>\n#16 0x556b930121de <unknown>\n#17 0x556b932db531 <unknown>\n#18 0x556b932df455 <unknown>\n#19 0x556b932c7f55 <unknown>\n#20 0x556b932e00ef <unknown>\n#21 0x556b932ab99f <unknown>\n#22 0x556b93304008 <unknown>\n#23 0x556b933041d7 <unknown>\n#24 0x556b93316124 <unknown>\n#25 0x7f93d29ac044 <unknown>","statusTrace":"self = <tests.delivery.test_delivery_calculation.TestDeliveryPageCalculation object at 0x7f9a24812a90>\ndriver = <selenium.webdriver.chrome.webdriver.WebDriver (session=\"baa1d3d73986dfe5eabf68d5893d877e\")>\nurl = 'https://sandboxtest.stroyrem-nn.ru/', case_id = 'TD 007'\nlink_item = 'products/shtukaturka-gipsovaya-aksolit-m50-30-kg-mashinnogo-naneseniya'\namount = 66, weight = 2000, standard = 1300, in_time = 2490, all_time = 2980\n\n    @pytest.mark.parametrize('case_id, link_item, amount, weight, standard, in_time, all_time', [\n        (\"TD 001\", uroven_3000, 1, 30, 0, 1590, 2190),\n        (\"TD 002\", bundeks_25, 1, 30, 400, 1590, 2190),\n        (\"TD 003\", aksolit_30, 8, 300, 400, 1590, 2190),\n        (\"TD 004\", aksolit_30, 13, 400, 450, 1590, 2190),\n        (\"TD 005\", aksolit_30, 16, 500, 600, 1590, 2190),\n        (\"TD 006\", aksolit_30, 25, 1700, 990, 1990, 2480),\n        (\"TD 007\", aksolit_30, 66, 2000, 1300, 2490, 2980),\n        (\"TD 008\", aksolit_30, 149, 4500, 2300, 3980, 4490),\n        (\"TD 009\", aksolit_30, 166, 5000, 2500, 4990, 5480),\n        pytest.param(\n            \"TD 010\", aksolit_30, 206, 6200, 2900, 5570, 6120,\n            marks=pytest.mark.xfail(reson=\"Цена доставки 3600 7960 8980\")\n        ),\n        (\"TD 011\", aksolit_30, 299, 9000, 3600, 7960, 8980),\n        (\"TD 012\", aksolit_30, 333, 10000, 4450, 11990, 12500),\n        pytest.param(\n            \"TD 013\", aksolit_30, 366, 11000, 4800, 12450, 13480,\n            marks=pytest.mark.xfail(reason=\"Цена стандартной доставки 4450\")\n        ),\n        pytest.param(\n            \"TD 014\", aksolit_30, 666, 20000, 5400, 15600, 17490,\n            marks=pytest.mark.xfail(reason=\"Цена стандартной доставки 4450\")\n        )\n    ])\n    @pytest.mark.xfail\n    @pytest.mark.smoke_test\n    def test_positive_delivery_green_zone_smoke(\n            self, driver, url, case_id, link_item, amount, weight, standard, in_time, all_time\n    ):\n    \n>       driver.get(f'{url}{link_item}')\n\ntests/delivery/test_delivery_calculation.py:48: \n_ _ _ _ _ _ _ _ _ _ _ _ _ _ _ _ _ _ _ _ _ _ _ _ _ _ _ _ _ _ _ _ _ _ _ _ _ _ _ _ \n/usr/local/lib/python3.11/site-packages/selenium/webdriver/remote/webdriver.py:354: in get\n    self.execute(Command.GET, {\"url\": url})\n/usr/local/lib/python3.11/site-packages/selenium/webdriver/remote/webdriver.py:345: in execute\n    self.error_handler.check_response(response)\n_ _ _ _ _ _ _ _ _ _ _ _ _ _ _ _ _ _ _ _ _ _ _ _ _ _ _ _ _ _ _ _ _ _ _ _ _ _ _ _ \n\nself = <selenium.webdriver.remote.errorhandler.ErrorHandler object at 0x7f9a247ee910>\nresponse = {'status': 500, 'value': '{\"value\":{\"error\":\"unknown error\",\"message\":\"unknown error: net::ERR_CONNECTION_TIMED_OUT\\\\n...\\\\n#23 0x556b933041d7 \\\\u003Cunknown>\\\\n#24 0x556b93316124 \\\\u003Cunknown>\\\\n#25 0x7f93d29ac044 \\\\u003Cunknown>\\\\n\"}}'}\n\n    def check_response(self, response: Dict[str, Any]) -> None:\n        \"\"\"Checks that a JSON response from the WebDriver does not have an\n        error.\n    \n        :Args:\n         - response - The JSON response from the WebDriver server as a dictionary\n           object.\n    \n        :Raises: If the response contains an error message.\n        \"\"\"\n        status = response.get(\"status\", None)\n        if not status or status == ErrorCode.SUCCESS:\n            return\n        value = None\n        message = response.get(\"message\", \"\")\n        screen: str = response.get(\"screen\", \"\")\n        stacktrace = None\n        if isinstance(status, int):\n            value_json = response.get(\"value\", None)\n            if value_json and isinstance(value_json, str):\n                import json\n    \n                try:\n                    value = json.loads(value_json)\n                    if len(value) == 1:\n                        value = value[\"value\"]\n                    status = value.get(\"error\", None)\n                    if not status:\n                        status = value.get(\"status\", ErrorCode.UNKNOWN_ERROR)\n                        message = value.get(\"value\") or value.get(\"message\")\n                        if not isinstance(message, str):\n                            value = message\n                            message = message.get(\"message\")\n                    else:\n                        message = value.get(\"message\", None)\n                except ValueError:\n                    pass\n    \n        exception_class: Type[WebDriverException]\n        e = ErrorCode()\n        error_codes = [item for item in dir(e) if not item.startswith(\"__\")]\n        for error_code in error_codes:\n            error_info = getattr(ErrorCode, error_code)\n            if isinstance(error_info, list) and status in error_info:\n                exception_class = getattr(ExceptionMapping, error_code, WebDriverException)\n                break\n        else:\n            exception_class = WebDriverException\n    \n        if not value:\n            value = response[\"value\"]\n        if isinstance(value, str):\n            raise exception_class(value)\n        if message == \"\" and \"message\" in value:\n            message = value[\"message\"]\n    \n        screen = None  # type: ignore[assignment]\n        if \"screen\" in value:\n            screen = value[\"screen\"]\n    \n        stacktrace = None\n        st_value = value.get(\"stackTrace\") or value.get(\"stacktrace\")\n        if st_value:\n            if isinstance(st_value, str):\n                stacktrace = st_value.split(\"\\n\")\n            else:\n                stacktrace = []\n                try:\n                    for frame in st_value:\n                        line = frame.get(\"lineNumber\", \"\")\n                        file = frame.get(\"fileName\", \"<anonymous>\")\n                        if line:\n                            file = f\"{file}:{line}\"\n                        meth = frame.get(\"methodName\", \"<anonymous>\")\n                        if \"className\" in frame:\n                            meth = f\"{frame['className']}.{meth}\"\n                        msg = \"    at %s (%s)\"\n                        msg = msg % (meth, file)\n                        stacktrace.append(msg)\n                except TypeError:\n                    pass\n        if exception_class == UnexpectedAlertPresentException:\n            alert_text = None\n            if \"data\" in value:\n                alert_text = value[\"data\"].get(\"text\")\n            elif \"alert\" in value:\n                alert_text = value[\"alert\"].get(\"text\")\n            raise exception_class(message, screen, stacktrace, alert_text)  # type: ignore[call-arg]  # mypy is not smart enough here\n>       raise exception_class(message, screen, stacktrace)\nE       selenium.common.exceptions.WebDriverException: Message: unknown error: net::ERR_CONNECTION_TIMED_OUT\nE         (Session info: chrome-headless-shell=120.0.6099.109)\nE       Stacktrace:\nE       #0 0x556b93316f83 <unknown>\nE       #1 0x556b92fcfcf7 <unknown>\nE       #2 0x556b92fc76ea <unknown>\nE       #3 0x556b92fb65a1 <unknown>\nE       #4 0x556b92fb7d40 <unknown>\nE       #5 0x556b92fb6854 <unknown>\nE       #6 0x556b92fb5586 <unknown>\nE       #7 0x556b92fb544a <unknown>\nE       #8 0x556b92fb37e1 <unknown>\nE       #9 0x556b92fb401a <unknown>\nE       #10 0x556b92fd2bbe <unknown>\nE       #11 0x556b930687a5 <unknown>\nE       #12 0x556b930490b2 <unknown>\nE       #13 0x556b93068006 <unknown>\nE       #14 0x556b93048e53 <unknown>\nE       #15 0x556b93010dd4 <unknown>\nE       #16 0x556b930121de <unknown>\nE       #17 0x556b932db531 <unknown>\nE       #18 0x556b932df455 <unknown>\nE       #19 0x556b932c7f55 <unknown>\nE       #20 0x556b932e00ef <unknown>\nE       #21 0x556b932ab99f <unknown>\nE       #22 0x556b93304008 <unknown>\nE       #23 0x556b933041d7 <unknown>\nE       #24 0x556b93316124 <unknown>\nE       #25 0x7f93d29ac044 <unknown>\n\n/usr/local/lib/python3.11/site-packages/selenium/webdriver/remote/errorhandler.py:229: WebDriverException","steps":[],"attachments":[{"uid":"b695d7993656c020","name":"Screenshot","source":"b695d7993656c020.png","type":"image/png","size":5862},{"uid":"3a650f48f790a2d2","name":"HTML source","source":"3a650f48f790a2d2.html","type":"text/html","size":39}],"parameters":[],"shouldDisplayMessage":true,"stepsCount":0,"attachmentsCount":2,"hasContent":true,"attachmentStep":false},"afterStages":[{"name":"setup::0","time":{"start":1705367608711,"stop":1705367608711,"duration":0},"status":"passed","steps":[],"attachments":[],"parameters":[],"shouldDisplayMessage":false,"stepsCount":0,"attachmentsCount":0,"hasContent":false,"attachmentStep":false},{"name":"driver::0","time":{"start":1705367608711,"stop":1705367608768,"duration":57},"status":"passed","steps":[],"attachments":[],"parameters":[],"shouldDisplayMessage":false,"stepsCount":0,"attachmentsCount":0,"hasContent":false,"attachmentStep":false}],"labels":[{"name":"epic","value":"Delivery Page - calculation"},{"name":"tag","value":"smoke_test"},{"name":"tag","value":"@pytest.mark.xfail"},{"name":"parentSuite","value":"tests.delivery"},{"name":"suite","value":"test_delivery_calculation"},{"name":"subSuite","value":"TestDeliveryPageCalculation"},{"name":"host","value":"04dea0cad635"},{"name":"thread","value":"1-MainThread"},{"name":"framework","value":"pytest"},{"name":"language","value":"cpython3"},{"name":"package","value":"tests.delivery.test_delivery_calculation"},{"name":"resultFormat","value":"allure2"}],"parameters":[{"name":"all_time","value":"2980"},{"name":"amount","value":"66"},{"name":"case_id","value":"'TD 007'"},{"name":"in_time","value":"2490"},{"name":"link_item","value":"'products/shtukaturka-gipsovaya-aksolit-m50-30-kg-mashinnogo-naneseniya'"},{"name":"standard","value":"1300"},{"name":"url","value":"'https://sandboxtest.stroyrem-nn.ru/'"},{"name":"weight","value":"2000"}],"links":[],"hidden":false,"retry":false,"extra":{"severity":"normal","retries":[],"categories":[],"history":{"statistic":{"failed":0,"broken":13,"skipped":127,"passed":0,"unknown":0,"total":140},"items":[{"uid":"c9a56c137a5f5324","reportUrl":"https://Nat754.github.io/StroyremAutomation/187//#testresult/c9a56c137a5f5324","status":"skipped","statusDetails":"XFAIL\n\nselenium.common.exceptions.NoSuchElementException: Message: no such element: Unable to locate element: {\"method\":\"xpath\",\"selector\":\"(//a[@class='add-to-cart yellow-btn'])[1]\"}\n  (Session info: chrome-headless-shell=120.0.6099.109); For documentation on this error, please visit: https://www.selenium.dev/documentation/webdriver/troubleshooting/errors#no-such-element-exception\nStacktrace:\n#0 0x556fc1455f83 <unknown>\n#1 0x556fc110ecf7 <unknown>\n#2 0x556fc115e99e <unknown>\n#3 0x556fc115eaa1 <unknown>\n#4 0x556fc11a9d64 <unknown>\n#5 0x556fc11880dd <unknown>\n#6 0x556fc11a7006 <unknown>\n#7 0x556fc1187e53 <unknown>\n#8 0x556fc114fdd4 <unknown>\n#9 0x556fc11511de <unknown>\n#10 0x556fc141a531 <unknown>\n#11 0x556fc141e455 <unknown>\n#12 0x556fc1406f55 <unknown>\n#13 0x556fc141f0ef <unknown>\n#14 0x556fc13ea99f <unknown>\n#15 0x556fc1443008 <unknown>\n#16 0x556fc14431d7 <unknown>\n#17 0x556fc1455124 <unknown>\n#18 0x7f5aac16a044 <unknown>","time":{"start":1705280320006,"stop":1705280320476,"duration":470}},{"uid":"6fb0b338aee92ea3","reportUrl":"https://Nat754.github.io/StroyremAutomation/186//#testresult/6fb0b338aee92ea3","status":"skipped","statusDetails":"XFAIL\n\nselenium.common.exceptions.NoSuchElementException: Message: no such element: Unable to locate element: {\"method\":\"xpath\",\"selector\":\"(//a[@class='add-to-cart yellow-btn'])[1]\"}\n  (Session info: chrome-headless-shell=120.0.6099.109); For documentation on this error, please visit: https://www.selenium.dev/documentation/webdriver/troubleshooting/errors#no-such-element-exception\nStacktrace:\n#0 0x563eea148f83 <unknown>\n#1 0x563ee9e01cf7 <unknown>\n#2 0x563ee9e5199e <unknown>\n#3 0x563ee9e51aa1 <unknown>\n#4 0x563ee9e9cd64 <unknown>\n#5 0x563ee9e7b0dd <unknown>\n#6 0x563ee9e9a006 <unknown>\n#7 0x563ee9e7ae53 <unknown>\n#8 0x563ee9e42dd4 <unknown>\n#9 0x563ee9e441de <unknown>\n#10 0x563eea10d531 <unknown>\n#11 0x563eea111455 <unknown>\n#12 0x563eea0f9f55 <unknown>\n#13 0x563eea1120ef <unknown>\n#14 0x563eea0dd99f <unknown>\n#15 0x563eea136008 <unknown>\n#16 0x563eea1361d7 <unknown>\n#17 0x563eea148124 <unknown>\n#18 0x7ff880cfc044 <unknown>","time":{"start":1705194062510,"stop":1705194063029,"duration":519}},{"uid":"4b7b622ab7b873c8","reportUrl":"https://Nat754.github.io/StroyremAutomation/185//#testresult/4b7b622ab7b873c8","status":"skipped","statusDetails":"XFAIL\n\nselenium.common.exceptions.NoSuchElementException: Message: no such element: Unable to locate element: {\"method\":\"xpath\",\"selector\":\"(//a[@class='add-to-cart yellow-btn'])[1]\"}\n  (Session info: chrome-headless-shell=120.0.6099.109); For documentation on this error, please visit: https://www.selenium.dev/documentation/webdriver/troubleshooting/errors#no-such-element-exception\nStacktrace:\n#0 0x55908f200f83 <unknown>\n#1 0x55908eeb9cf7 <unknown>\n#2 0x55908ef0999e <unknown>\n#3 0x55908ef09aa1 <unknown>\n#4 0x55908ef54d64 <unknown>\n#5 0x55908ef330dd <unknown>\n#6 0x55908ef52006 <unknown>\n#7 0x55908ef32e53 <unknown>\n#8 0x55908eefadd4 <unknown>\n#9 0x55908eefc1de <unknown>\n#10 0x55908f1c5531 <unknown>\n#11 0x55908f1c9455 <unknown>\n#12 0x55908f1b1f55 <unknown>\n#13 0x55908f1ca0ef <unknown>\n#14 0x55908f19599f <unknown>\n#15 0x55908f1ee008 <unknown>\n#16 0x55908f1ee1d7 <unknown>\n#17 0x55908f200124 <unknown>\n#18 0x7f71cc05c044 <unknown>","time":{"start":1705107373396,"stop":1705107373890,"duration":494}},{"uid":"98824a245ba2bf73","reportUrl":"https://Nat754.github.io/StroyremAutomation/184//#testresult/98824a245ba2bf73","status":"skipped","statusDetails":"XFAIL\n\nselenium.common.exceptions.NoSuchElementException: Message: no such element: Unable to locate element: {\"method\":\"xpath\",\"selector\":\"(//a[@class='add-to-cart yellow-btn'])[1]\"}\n  (Session info: chrome-headless-shell=120.0.6099.109); For documentation on this error, please visit: https://www.selenium.dev/documentation/webdriver/troubleshooting/errors#no-such-element-exception\nStacktrace:\n#0 0x55771a054f83 <unknown>\n#1 0x557719d0dcf7 <unknown>\n#2 0x557719d5d99e <unknown>\n#3 0x557719d5daa1 <unknown>\n#4 0x557719da8d64 <unknown>\n#5 0x557719d870dd <unknown>\n#6 0x557719da6006 <unknown>\n#7 0x557719d86e53 <unknown>\n#8 0x557719d4edd4 <unknown>\n#9 0x557719d501de <unknown>\n#10 0x55771a019531 <unknown>\n#11 0x55771a01d455 <unknown>\n#12 0x55771a005f55 <unknown>\n#13 0x55771a01e0ef <unknown>\n#14 0x557719fe999f <unknown>\n#15 0x55771a042008 <unknown>\n#16 0x55771a0421d7 <unknown>\n#17 0x55771a054124 <unknown>\n#18 0x7f43d79a2044 <unknown>","time":{"start":1705021006154,"stop":1705021006769,"duration":615}},{"uid":"10ad23085e4c0f97","reportUrl":"https://Nat754.github.io/StroyremAutomation/183//#testresult/10ad23085e4c0f97","status":"skipped","statusDetails":"XFAIL\n\nselenium.common.exceptions.NoSuchElementException: Message: no such element: Unable to locate element: {\"method\":\"xpath\",\"selector\":\"(//a[@class='add-to-cart yellow-btn'])[1]\"}\n  (Session info: chrome-headless-shell=120.0.6099.109); For documentation on this error, please visit: https://www.selenium.dev/documentation/webdriver/troubleshooting/errors#no-such-element-exception\nStacktrace:\n#0 0x55fa033e0f83 <unknown>\n#1 0x55fa03099cf7 <unknown>\n#2 0x55fa030e999e <unknown>\n#3 0x55fa030e9aa1 <unknown>\n#4 0x55fa03134d64 <unknown>\n#5 0x55fa031130dd <unknown>\n#6 0x55fa03132006 <unknown>\n#7 0x55fa03112e53 <unknown>\n#8 0x55fa030dadd4 <unknown>\n#9 0x55fa030dc1de <unknown>\n#10 0x55fa033a5531 <unknown>\n#11 0x55fa033a9455 <unknown>\n#12 0x55fa03391f55 <unknown>\n#13 0x55fa033aa0ef <unknown>\n#14 0x55fa0337599f <unknown>\n#15 0x55fa033ce008 <unknown>\n#16 0x55fa033ce1d7 <unknown>\n#17 0x55fa033e0124 <unknown>\n#18 0x7f3f657e9044 <unknown>","time":{"start":1704934606628,"stop":1704934607260,"duration":632}},{"uid":"98b72d1d77228f79","reportUrl":"https://Nat754.github.io/StroyremAutomation/182//#testresult/98b72d1d77228f79","status":"skipped","statusDetails":"XFAIL\n\nselenium.common.exceptions.NoSuchElementException: Message: no such element: Unable to locate element: {\"method\":\"xpath\",\"selector\":\"(//a[@class='add-to-cart yellow-btn'])[1]\"}\n  (Session info: chrome-headless-shell=120.0.6099.109); For documentation on this error, please visit: https://www.selenium.dev/documentation/webdriver/troubleshooting/errors#no-such-element-exception\nStacktrace:\n#0 0x5628274d2f83 <unknown>\n#1 0x56282718bcf7 <unknown>\n#2 0x5628271db99e <unknown>\n#3 0x5628271dbaa1 <unknown>\n#4 0x562827226d64 <unknown>\n#5 0x5628272050dd <unknown>\n#6 0x562827224006 <unknown>\n#7 0x562827204e53 <unknown>\n#8 0x5628271ccdd4 <unknown>\n#9 0x5628271ce1de <unknown>\n#10 0x562827497531 <unknown>\n#11 0x56282749b455 <unknown>\n#12 0x562827483f55 <unknown>\n#13 0x56282749c0ef <unknown>\n#14 0x56282746799f <unknown>\n#15 0x5628274c0008 <unknown>\n#16 0x5628274c01d7 <unknown>\n#17 0x5628274d2124 <unknown>\n#18 0x7fd8cb35d044 <unknown>","time":{"start":1704848216397,"stop":1704848216847,"duration":450}},{"uid":"b5e29342a6175a2d","reportUrl":"https://Nat754.github.io/StroyremAutomation/181//#testresult/b5e29342a6175a2d","status":"skipped","statusDetails":"XFAIL\n\nselenium.common.exceptions.NoSuchElementException: Message: no such element: Unable to locate element: {\"method\":\"xpath\",\"selector\":\"(//a[@class='add-to-cart yellow-btn'])[1]\"}\n  (Session info: chrome-headless-shell=120.0.6099.109); For documentation on this error, please visit: https://www.selenium.dev/documentation/webdriver/troubleshooting/errors#no-such-element-exception\nStacktrace:\n#0 0x55d223250f83 <unknown>\n#1 0x55d222f09cf7 <unknown>\n#2 0x55d222f5999e <unknown>\n#3 0x55d222f59aa1 <unknown>\n#4 0x55d222fa4d64 <unknown>\n#5 0x55d222f830dd <unknown>\n#6 0x55d222fa2006 <unknown>\n#7 0x55d222f82e53 <unknown>\n#8 0x55d222f4add4 <unknown>\n#9 0x55d222f4c1de <unknown>\n#10 0x55d223215531 <unknown>\n#11 0x55d223219455 <unknown>\n#12 0x55d223201f55 <unknown>\n#13 0x55d22321a0ef <unknown>\n#14 0x55d2231e599f <unknown>\n#15 0x55d22323e008 <unknown>\n#16 0x55d22323e1d7 <unknown>\n#17 0x55d223250124 <unknown>\n#18 0x7f30185b8044 <unknown>","time":{"start":1704761756408,"stop":1704761756723,"duration":315}},{"uid":"546ae4a7f28d4e55","reportUrl":"https://Nat754.github.io/StroyremAutomation/180//#testresult/546ae4a7f28d4e55","status":"skipped","statusDetails":"XFAIL\n\nselenium.common.exceptions.NoSuchElementException: Message: no such element: Unable to locate element: {\"method\":\"xpath\",\"selector\":\"(//a[@class='add-to-cart yellow-btn'])[1]\"}\n  (Session info: chrome-headless-shell=120.0.6099.109); For documentation on this error, please visit: https://www.selenium.dev/documentation/webdriver/troubleshooting/errors#no-such-element-exception\nStacktrace:\n#0 0x55aeec1f9f83 <unknown>\n#1 0x55aeebeb2cf7 <unknown>\n#2 0x55aeebf0299e <unknown>\n#3 0x55aeebf02aa1 <unknown>\n#4 0x55aeebf4dd64 <unknown>\n#5 0x55aeebf2c0dd <unknown>\n#6 0x55aeebf4b006 <unknown>\n#7 0x55aeebf2be53 <unknown>\n#8 0x55aeebef3dd4 <unknown>\n#9 0x55aeebef51de <unknown>\n#10 0x55aeec1be531 <unknown>\n#11 0x55aeec1c2455 <unknown>\n#12 0x55aeec1aaf55 <unknown>\n#13 0x55aeec1c30ef <unknown>\n#14 0x55aeec18e99f <unknown>\n#15 0x55aeec1e7008 <unknown>\n#16 0x55aeec1e71d7 <unknown>\n#17 0x55aeec1f9124 <unknown>\n#18 0x7f495af46044 <unknown>","time":{"start":1704675374159,"stop":1704675374633,"duration":474}},{"uid":"7bcf82c778a035d8","reportUrl":"https://Nat754.github.io/StroyremAutomation/179//#testresult/7bcf82c778a035d8","status":"skipped","statusDetails":"XFAIL\n\nselenium.common.exceptions.NoSuchElementException: Message: no such element: Unable to locate element: {\"method\":\"xpath\",\"selector\":\"(//a[@class='add-to-cart yellow-btn'])[1]\"}\n  (Session info: chrome-headless-shell=120.0.6099.109); For documentation on this error, please visit: https://www.selenium.dev/documentation/webdriver/troubleshooting/errors#no-such-element-exception\nStacktrace:\n#0 0x55b309b61f83 <unknown>\n#1 0x55b30981acf7 <unknown>\n#2 0x55b30986a99e <unknown>\n#3 0x55b30986aaa1 <unknown>\n#4 0x55b3098b5d64 <unknown>\n#5 0x55b3098940dd <unknown>\n#6 0x55b3098b3006 <unknown>\n#7 0x55b309893e53 <unknown>\n#8 0x55b30985bdd4 <unknown>\n#9 0x55b30985d1de <unknown>\n#10 0x55b309b26531 <unknown>\n#11 0x55b309b2a455 <unknown>\n#12 0x55b309b12f55 <unknown>\n#13 0x55b309b2b0ef <unknown>\n#14 0x55b309af699f <unknown>\n#15 0x55b309b4f008 <unknown>\n#16 0x55b309b4f1d7 <unknown>\n#17 0x55b309b61124 <unknown>\n#18 0x7fcc7b814044 <unknown>","time":{"start":1704589208010,"stop":1704589208661,"duration":651}},{"uid":"d3f7ed317b8f3111","reportUrl":"https://Nat754.github.io/StroyremAutomation/178//#testresult/d3f7ed317b8f3111","status":"skipped","statusDetails":"XFAIL\n\nselenium.common.exceptions.NoSuchElementException: Message: no such element: Unable to locate element: {\"method\":\"xpath\",\"selector\":\"(//a[@class='add-to-cart yellow-btn'])[1]\"}\n  (Session info: chrome-headless-shell=120.0.6099.109); For documentation on this error, please visit: https://www.selenium.dev/documentation/webdriver/troubleshooting/errors#no-such-element-exception\nStacktrace:\n#0 0x560bc9eaaf83 <unknown>\n#1 0x560bc9b63cf7 <unknown>\n#2 0x560bc9bb399e <unknown>\n#3 0x560bc9bb3aa1 <unknown>\n#4 0x560bc9bfed64 <unknown>\n#5 0x560bc9bdd0dd <unknown>\n#6 0x560bc9bfc006 <unknown>\n#7 0x560bc9bdce53 <unknown>\n#8 0x560bc9ba4dd4 <unknown>\n#9 0x560bc9ba61de <unknown>\n#10 0x560bc9e6f531 <unknown>\n#11 0x560bc9e73455 <unknown>\n#12 0x560bc9e5bf55 <unknown>\n#13 0x560bc9e740ef <unknown>\n#14 0x560bc9e3f99f <unknown>\n#15 0x560bc9e98008 <unknown>\n#16 0x560bc9e981d7 <unknown>\n#17 0x560bc9eaa124 <unknown>\n#18 0x7f3b1ef0c044 <unknown>","time":{"start":1704502470281,"stop":1704502470914,"duration":633}},{"uid":"b6fe28f47030b19c","reportUrl":"https://Nat754.github.io/StroyremAutomation/177//#testresult/b6fe28f47030b19c","status":"skipped","statusDetails":"XFAIL\n\nselenium.common.exceptions.NoSuchElementException: Message: no such element: Unable to locate element: {\"method\":\"xpath\",\"selector\":\"(//a[@class='add-to-cart yellow-btn'])[1]\"}\n  (Session info: chrome-headless-shell=120.0.6099.109); For documentation on this error, please visit: https://www.selenium.dev/documentation/webdriver/troubleshooting/errors#no-such-element-exception\nStacktrace:\n#0 0x562b642baf83 <unknown>\n#1 0x562b63f73cf7 <unknown>\n#2 0x562b63fc399e <unknown>\n#3 0x562b63fc3aa1 <unknown>\n#4 0x562b6400ed64 <unknown>\n#5 0x562b63fed0dd <unknown>\n#6 0x562b6400c006 <unknown>\n#7 0x562b63fece53 <unknown>\n#8 0x562b63fb4dd4 <unknown>\n#9 0x562b63fb61de <unknown>\n#10 0x562b6427f531 <unknown>\n#11 0x562b64283455 <unknown>\n#12 0x562b6426bf55 <unknown>\n#13 0x562b642840ef <unknown>\n#14 0x562b6424f99f <unknown>\n#15 0x562b642a8008 <unknown>\n#16 0x562b642a81d7 <unknown>\n#17 0x562b642ba124 <unknown>\n#18 0x7fbfa2258044 <unknown>","time":{"start":1704416102809,"stop":1704416103264,"duration":455}},{"uid":"5bbc3da67488b7ab","reportUrl":"https://Nat754.github.io/StroyremAutomation/176//#testresult/5bbc3da67488b7ab","status":"skipped","statusDetails":"XFAIL\n\nselenium.common.exceptions.NoSuchElementException: Message: no such element: Unable to locate element: {\"method\":\"xpath\",\"selector\":\"(//a[@class='add-to-cart yellow-btn'])[1]\"}\n  (Session info: chrome-headless-shell=120.0.6099.109); For documentation on this error, please visit: https://www.selenium.dev/documentation/webdriver/troubleshooting/errors#no-such-element-exception\nStacktrace:\n#0 0x55dcaa27bf83 <unknown>\n#1 0x55dca9f34cf7 <unknown>\n#2 0x55dca9f8499e <unknown>\n#3 0x55dca9f84aa1 <unknown>\n#4 0x55dca9fcfd64 <unknown>\n#5 0x55dca9fae0dd <unknown>\n#6 0x55dca9fcd006 <unknown>\n#7 0x55dca9fade53 <unknown>\n#8 0x55dca9f75dd4 <unknown>\n#9 0x55dca9f771de <unknown>\n#10 0x55dcaa240531 <unknown>\n#11 0x55dcaa244455 <unknown>\n#12 0x55dcaa22cf55 <unknown>\n#13 0x55dcaa2450ef <unknown>\n#14 0x55dcaa21099f <unknown>\n#15 0x55dcaa269008 <unknown>\n#16 0x55dcaa2691d7 <unknown>\n#17 0x55dcaa27b124 <unknown>\n#18 0x7f975ea15044 <unknown>","time":{"start":1704329676579,"stop":1704329677181,"duration":602}},{"uid":"3af1e6927fbf161d","reportUrl":"https://Nat754.github.io/StroyremAutomation/175//#testresult/3af1e6927fbf161d","status":"skipped","statusDetails":"XFAIL\n\nselenium.common.exceptions.NoSuchElementException: Message: no such element: Unable to locate element: {\"method\":\"xpath\",\"selector\":\"(//a[@class='add-to-cart yellow-btn'])[1]\"}\n  (Session info: chrome-headless-shell=120.0.6099.109); For documentation on this error, please visit: https://www.selenium.dev/documentation/webdriver/troubleshooting/errors#no-such-element-exception\nStacktrace:\n#0 0x5631323edf83 <unknown>\n#1 0x5631320a6cf7 <unknown>\n#2 0x5631320f699e <unknown>\n#3 0x5631320f6aa1 <unknown>\n#4 0x563132141d64 <unknown>\n#5 0x5631321200dd <unknown>\n#6 0x56313213f006 <unknown>\n#7 0x56313211fe53 <unknown>\n#8 0x5631320e7dd4 <unknown>\n#9 0x5631320e91de <unknown>\n#10 0x5631323b2531 <unknown>\n#11 0x5631323b6455 <unknown>\n#12 0x56313239ef55 <unknown>\n#13 0x5631323b70ef <unknown>\n#14 0x56313238299f <unknown>\n#15 0x5631323db008 <unknown>\n#16 0x5631323db1d7 <unknown>\n#17 0x5631323ed124 <unknown>\n#18 0x7ff84689e044 <unknown>","time":{"start":1704243302651,"stop":1704243303120,"duration":469}},{"uid":"c5d07db0c3e7717f","reportUrl":"https://Nat754.github.io/StroyremAutomation/174//#testresult/c5d07db0c3e7717f","status":"skipped","statusDetails":"XFAIL\n\nselenium.common.exceptions.NoSuchElementException: Message: no such element: Unable to locate element: {\"method\":\"xpath\",\"selector\":\"(//a[@class='add-to-cart yellow-btn'])[1]\"}\n  (Session info: chrome-headless-shell=120.0.6099.109); For documentation on this error, please visit: https://www.selenium.dev/documentation/webdriver/troubleshooting/errors#no-such-element-exception\nStacktrace:\n#0 0x55b5d0586f83 <unknown>\n#1 0x55b5d023fcf7 <unknown>\n#2 0x55b5d028f99e <unknown>\n#3 0x55b5d028faa1 <unknown>\n#4 0x55b5d02dad64 <unknown>\n#5 0x55b5d02b90dd <unknown>\n#6 0x55b5d02d8006 <unknown>\n#7 0x55b5d02b8e53 <unknown>\n#8 0x55b5d0280dd4 <unknown>\n#9 0x55b5d02821de <unknown>\n#10 0x55b5d054b531 <unknown>\n#11 0x55b5d054f455 <unknown>\n#12 0x55b5d0537f55 <unknown>\n#13 0x55b5d05500ef <unknown>\n#14 0x55b5d051b99f <unknown>\n#15 0x55b5d0574008 <unknown>\n#16 0x55b5d05741d7 <unknown>\n#17 0x55b5d0586124 <unknown>\n#18 0x7f911c716044 <unknown>","time":{"start":1704156789257,"stop":1704156789594,"duration":337}},{"uid":"e401261ef411552b","reportUrl":"https://Nat754.github.io/StroyremAutomation/173//#testresult/e401261ef411552b","status":"skipped","statusDetails":"XFAIL\n\nselenium.common.exceptions.NoSuchElementException: Message: no such element: Unable to locate element: {\"method\":\"xpath\",\"selector\":\"(//a[@class='add-to-cart yellow-btn'])[1]\"}\n  (Session info: chrome-headless-shell=120.0.6099.109); For documentation on this error, please visit: https://www.selenium.dev/documentation/webdriver/troubleshooting/errors#no-such-element-exception\nStacktrace:\n#0 0x5620e27c4f83 <unknown>\n#1 0x5620e247dcf7 <unknown>\n#2 0x5620e24cd99e <unknown>\n#3 0x5620e24cdaa1 <unknown>\n#4 0x5620e2518d64 <unknown>\n#5 0x5620e24f70dd <unknown>\n#6 0x5620e2516006 <unknown>\n#7 0x5620e24f6e53 <unknown>\n#8 0x5620e24bedd4 <unknown>\n#9 0x5620e24c01de <unknown>\n#10 0x5620e2789531 <unknown>\n#11 0x5620e278d455 <unknown>\n#12 0x5620e2775f55 <unknown>\n#13 0x5620e278e0ef <unknown>\n#14 0x5620e275999f <unknown>\n#15 0x5620e27b2008 <unknown>\n#16 0x5620e27b21d7 <unknown>\n#17 0x5620e27c4124 <unknown>\n#18 0x7fde2d66f044 <unknown>","time":{"start":1704070743033,"stop":1704070743363,"duration":330}},{"uid":"a2f6fca30c6e06a3","reportUrl":"https://Nat754.github.io/StroyremAutomation/172//#testresult/a2f6fca30c6e06a3","status":"skipped","statusDetails":"XFAIL\n\nselenium.common.exceptions.NoSuchElementException: Message: no such element: Unable to locate element: {\"method\":\"xpath\",\"selector\":\"(//a[@class='add-to-cart yellow-btn'])[1]\"}\n  (Session info: chrome-headless-shell=120.0.6099.109); For documentation on this error, please visit: https://www.selenium.dev/documentation/webdriver/troubleshooting/errors#no-such-element-exception\nStacktrace:\n#0 0x55d2bcc0cf83 <unknown>\n#1 0x55d2bc8c5cf7 <unknown>\n#2 0x55d2bc91599e <unknown>\n#3 0x55d2bc915aa1 <unknown>\n#4 0x55d2bc960d64 <unknown>\n#5 0x55d2bc93f0dd <unknown>\n#6 0x55d2bc95e006 <unknown>\n#7 0x55d2bc93ee53 <unknown>\n#8 0x55d2bc906dd4 <unknown>\n#9 0x55d2bc9081de <unknown>\n#10 0x55d2bcbd1531 <unknown>\n#11 0x55d2bcbd5455 <unknown>\n#12 0x55d2bcbbdf55 <unknown>\n#13 0x55d2bcbd60ef <unknown>\n#14 0x55d2bcba199f <unknown>\n#15 0x55d2bcbfa008 <unknown>\n#16 0x55d2bcbfa1d7 <unknown>\n#17 0x55d2bcc0c124 <unknown>\n#18 0x7f68a25c0044 <unknown>","time":{"start":1703984254484,"stop":1703984255308,"duration":824}},{"uid":"c31d62f4d5d66e15","reportUrl":"https://Nat754.github.io/StroyremAutomation/171//#testresult/c31d62f4d5d66e15","status":"skipped","statusDetails":"XFAIL\n\nselenium.common.exceptions.NoSuchElementException: Message: no such element: Unable to locate element: {\"method\":\"xpath\",\"selector\":\"(//a[@class='add-to-cart yellow-btn'])[1]\"}\n  (Session info: chrome-headless-shell=120.0.6099.109); For documentation on this error, please visit: https://www.selenium.dev/documentation/webdriver/troubleshooting/errors#no-such-element-exception\nStacktrace:\n#0 0x55dbf0aa1f83 <unknown>\n#1 0x55dbf075acf7 <unknown>\n#2 0x55dbf07aa99e <unknown>\n#3 0x55dbf07aaaa1 <unknown>\n#4 0x55dbf07f5d64 <unknown>\n#5 0x55dbf07d40dd <unknown>\n#6 0x55dbf07f3006 <unknown>\n#7 0x55dbf07d3e53 <unknown>\n#8 0x55dbf079bdd4 <unknown>\n#9 0x55dbf079d1de <unknown>\n#10 0x55dbf0a66531 <unknown>\n#11 0x55dbf0a6a455 <unknown>\n#12 0x55dbf0a52f55 <unknown>\n#13 0x55dbf0a6b0ef <unknown>\n#14 0x55dbf0a3699f <unknown>\n#15 0x55dbf0a8f008 <unknown>\n#16 0x55dbf0a8f1d7 <unknown>\n#17 0x55dbf0aa1124 <unknown>\n#18 0x7fabebd61044 <unknown>","time":{"start":1703897535687,"stop":1703897536416,"duration":729}},{"uid":"b3a1bf3ece9d06fb","reportUrl":"https://Nat754.github.io/StroyremAutomation/170//#testresult/b3a1bf3ece9d06fb","status":"skipped","statusDetails":"XFAIL\n\nselenium.common.exceptions.NoSuchElementException: Message: no such element: Unable to locate element: {\"method\":\"xpath\",\"selector\":\"(//a[@class='add-to-cart yellow-btn'])[1]\"}\n  (Session info: chrome-headless-shell=120.0.6099.109); For documentation on this error, please visit: https://www.selenium.dev/documentation/webdriver/troubleshooting/errors#no-such-element-exception\nStacktrace:\n#0 0x55d9407aef83 <unknown>\n#1 0x55d940467cf7 <unknown>\n#2 0x55d9404b799e <unknown>\n#3 0x55d9404b7aa1 <unknown>\n#4 0x55d940502d64 <unknown>\n#5 0x55d9404e10dd <unknown>\n#6 0x55d940500006 <unknown>\n#7 0x55d9404e0e53 <unknown>\n#8 0x55d9404a8dd4 <unknown>\n#9 0x55d9404aa1de <unknown>\n#10 0x55d940773531 <unknown>\n#11 0x55d940777455 <unknown>\n#12 0x55d94075ff55 <unknown>\n#13 0x55d9407780ef <unknown>\n#14 0x55d94074399f <unknown>\n#15 0x55d94079c008 <unknown>\n#16 0x55d94079c1d7 <unknown>\n#17 0x55d9407ae124 <unknown>\n#18 0x7fe3f61cb044 <unknown>","time":{"start":1703810713168,"stop":1703810713632,"duration":464}},{"uid":"c11f1e7e759a65ad","reportUrl":"https://Nat754.github.io/StroyremAutomation/169//#testresult/c11f1e7e759a65ad","status":"skipped","statusDetails":"XFAIL\n\nselenium.common.exceptions.NoSuchElementException: Message: no such element: Unable to locate element: {\"method\":\"xpath\",\"selector\":\"(//a[@class='add-to-cart yellow-btn'])[1]\"}\n  (Session info: chrome-headless-shell=120.0.6099.109); For documentation on this error, please visit: https://www.selenium.dev/documentation/webdriver/troubleshooting/errors#no-such-element-exception\nStacktrace:\n#0 0x55e4ebd5cf83 <unknown>\n#1 0x55e4eba15cf7 <unknown>\n#2 0x55e4eba6599e <unknown>\n#3 0x55e4eba65aa1 <unknown>\n#4 0x55e4ebab0d64 <unknown>\n#5 0x55e4eba8f0dd <unknown>\n#6 0x55e4ebaae006 <unknown>\n#7 0x55e4eba8ee53 <unknown>\n#8 0x55e4eba56dd4 <unknown>\n#9 0x55e4eba581de <unknown>\n#10 0x55e4ebd21531 <unknown>\n#11 0x55e4ebd25455 <unknown>\n#12 0x55e4ebd0df55 <unknown>\n#13 0x55e4ebd260ef <unknown>\n#14 0x55e4ebcf199f <unknown>\n#15 0x55e4ebd4a008 <unknown>\n#16 0x55e4ebd4a1d7 <unknown>\n#17 0x55e4ebd5c124 <unknown>\n#18 0x7f6abbf2b044 <unknown>","time":{"start":1703724779575,"stop":1703724779918,"duration":343}},{"uid":"98e843e926db7686","reportUrl":"https://Nat754.github.io/StroyremAutomation/168//#testresult/98e843e926db7686","status":"skipped","statusDetails":"XFAIL\n\nselenium.common.exceptions.NoSuchElementException: Message: no such element: Unable to locate element: {\"method\":\"xpath\",\"selector\":\"(//a[@class='add-to-cart yellow-btn'])[1]\"}\n  (Session info: chrome-headless-shell=120.0.6099.109); For documentation on this error, please visit: https://www.selenium.dev/documentation/webdriver/troubleshooting/errors#no-such-element-exception\nStacktrace:\n#0 0x55ac1efa0f83 <unknown>\n#1 0x55ac1ec59cf7 <unknown>\n#2 0x55ac1eca999e <unknown>\n#3 0x55ac1eca9aa1 <unknown>\n#4 0x55ac1ecf4d64 <unknown>\n#5 0x55ac1ecd30dd <unknown>\n#6 0x55ac1ecf2006 <unknown>\n#7 0x55ac1ecd2e53 <unknown>\n#8 0x55ac1ec9add4 <unknown>\n#9 0x55ac1ec9c1de <unknown>\n#10 0x55ac1ef65531 <unknown>\n#11 0x55ac1ef69455 <unknown>\n#12 0x55ac1ef51f55 <unknown>\n#13 0x55ac1ef6a0ef <unknown>\n#14 0x55ac1ef3599f <unknown>\n#15 0x55ac1ef8e008 <unknown>\n#16 0x55ac1ef8e1d7 <unknown>\n#17 0x55ac1efa0124 <unknown>\n#18 0x7f80173c1044 <unknown>","time":{"start":1703638415889,"stop":1703638416338,"duration":449}}]},"tags":["@pytest.mark.xfail","smoke_test"]},"source":"abf7fc657c4dc65c.json","parameterValues":["2980","66","'TD 007'","2490","'products/shtukaturka-gipsovaya-aksolit-m50-30-kg-mashinnogo-naneseniya'","1300","'https://sandboxtest.stroyrem-nn.ru/'","2000"]}