{"uid":"5daad4b076a509d9","name":"test_positive_delivery_green_zone_smoke[TD 008-products/shtukaturka-gipsovaya-aksolit-m50-30-kg-mashinnogo-naneseniya-149-4500-2300-3980-4490-https://sandboxtest.stroyrem-nn.ru/]","fullName":"tests.delivery.test_delivery_calculation.TestDeliveryPageCalculation#test_positive_delivery_green_zone_smoke","historyId":"a6e4f8846394d8afbfad6037346de2a8","time":{"start":1708649457977,"stop":1708649458399,"duration":422},"status":"skipped","statusMessage":"XFAIL\n\nselenium.common.exceptions.NoSuchElementException: Message: no such element: Unable to locate element: {\"method\":\"xpath\",\"selector\":\"(//a[@class='add-to-cart yellow-btn'])[1]\"}\n  (Session info: chrome-headless-shell=122.0.6261.69); For documentation on this error, please visit: https://www.selenium.dev/documentation/webdriver/troubleshooting/errors#no-such-element-exception\nStacktrace:\n#0 0x55bb81dec793 <unknown>\n#1 0x55bb81ae01c6 <unknown>\n#2 0x55bb81b2b358 <unknown>\n#3 0x55bb81b2b411 <unknown>\n#4 0x55bb81b6e934 <unknown>\n#5 0x55bb81b4d3fd <unknown>\n#6 0x55bb81b6bdd9 <unknown>\n#7 0x55bb81b4d173 <unknown>\n#8 0x55bb81b1e2d3 <unknown>\n#9 0x55bb81b1ec9e <unknown>\n#10 0x55bb81db08cb <unknown>\n#11 0x55bb81db4745 <unknown>\n#12 0x55bb81d9d2e1 <unknown>\n#13 0x55bb81db52d2 <unknown>\n#14 0x55bb81d8117f <unknown>\n#15 0x55bb81ddadc8 <unknown>\n#16 0x55bb81ddafc3 <unknown>\n#17 0x55bb81deb944 <unknown>\n#18 0x7f8ac963e134 <unknown>","statusTrace":"self = <tests.delivery.test_delivery_calculation.TestDeliveryPageCalculation object at 0x7fd6bfa6f6d0>\ndriver = <selenium.webdriver.chrome.webdriver.WebDriver (session=\"90c2edebfcf1f03e66706d720618b561\")>\nurl = 'https://sandboxtest.stroyrem-nn.ru/', case_id = 'TD 008'\nlink_item = 'products/shtukaturka-gipsovaya-aksolit-m50-30-kg-mashinnogo-naneseniya'\namount = 149, weight = 4500, standard = 2300, in_time = 3980, all_time = 4490\n\n    @pytest.mark.parametrize('case_id, link_item, amount, weight, standard, in_time, all_time', [\n        (\"TD 001\", uroven_3000, 1, 30, 0, 1590, 2190),\n        (\"TD 002\", bundeks_25, 1, 30, 400, 1590, 2190),\n        (\"TD 003\", aksolit_30, 8, 300, 400, 1590, 2190),\n        (\"TD 004\", aksolit_30, 13, 400, 450, 1590, 2190),\n        (\"TD 005\", aksolit_30, 16, 500, 600, 1590, 2190),\n        (\"TD 006\", aksolit_30, 25, 1700, 990, 1990, 2480),\n        (\"TD 007\", aksolit_30, 66, 2000, 1300, 2490, 2980),\n        (\"TD 008\", aksolit_30, 149, 4500, 2300, 3980, 4490),\n        (\"TD 009\", aksolit_30, 166, 5000, 2500, 4990, 5480),\n        pytest.param(\n            \"TD 010\", aksolit_30, 206, 6200, 2900, 5570, 6120,\n            marks=pytest.mark.xfail(reson=\"Цена доставки 3600 7960 8980\")\n        ),\n        (\"TD 011\", aksolit_30, 299, 9000, 3600, 7960, 8980),\n        (\"TD 012\", aksolit_30, 333, 10000, 4450, 11990, 12500),\n        pytest.param(\n            \"TD 013\", aksolit_30, 366, 11000, 4800, 12450, 13480,\n            marks=pytest.mark.xfail(reason=\"Цена стандартной доставки 4450\")\n        ),\n        pytest.param(\n            \"TD 014\", aksolit_30, 666, 20000, 5400, 15600, 17490,\n            marks=pytest.mark.xfail(reason=\"Цена стандартной доставки 4450\")\n        )\n    ])\n    @pytest.mark.xfail\n    @pytest.mark.smoke_test\n    def test_positive_delivery_green_zone_smoke(\n            self, driver, url, case_id, link_item, amount, weight, standard, in_time, all_time\n    ):\n    \n        driver.get(f'{url}{link_item}')\n        item_page = ItemPage(driver)\n>       item_page.add_item_to_cart(amount).click_on_cart()\n\ntests/delivery/test_delivery_calculation.py:50: \n_ _ _ _ _ _ _ _ _ _ _ _ _ _ _ _ _ _ _ _ _ _ _ _ _ _ _ _ _ _ _ _ _ _ _ _ _ _ _ _ \npages/item_page.py:40: in add_item_to_cart\n    self.find_element(self._add_item).click()\nbase/seleniumbase.py:17: in find_element\n    return self.driver.find_element(*locator)\n/usr/local/lib/python3.11/site-packages/selenium/webdriver/remote/webdriver.py:739: in find_element\n    return self.execute(Command.FIND_ELEMENT, {\"using\": by, \"value\": value})[\"value\"]\n/usr/local/lib/python3.11/site-packages/selenium/webdriver/remote/webdriver.py:345: in execute\n    self.error_handler.check_response(response)\n_ _ _ _ _ _ _ _ _ _ _ _ _ _ _ _ _ _ _ _ _ _ _ _ _ _ _ _ _ _ _ _ _ _ _ _ _ _ _ _ \n\nself = <selenium.webdriver.remote.errorhandler.ErrorHandler object at 0x7fd6bf4274d0>\nresponse = {'status': 404, 'value': '{\"value\":{\"error\":\"no such element\",\"message\":\"no such element: Unable to locate element: {\\...\\\\n#16 0x55bb81ddafc3 \\\\u003Cunknown>\\\\n#17 0x55bb81deb944 \\\\u003Cunknown>\\\\n#18 0x7f8ac963e134 \\\\u003Cunknown>\\\\n\"}}'}\n\n    def check_response(self, response: Dict[str, Any]) -> None:\n        \"\"\"Checks that a JSON response from the WebDriver does not have an\n        error.\n    \n        :Args:\n         - response - The JSON response from the WebDriver server as a dictionary\n           object.\n    \n        :Raises: If the response contains an error message.\n        \"\"\"\n        status = response.get(\"status\", None)\n        if not status or status == ErrorCode.SUCCESS:\n            return\n        value = None\n        message = response.get(\"message\", \"\")\n        screen: str = response.get(\"screen\", \"\")\n        stacktrace = None\n        if isinstance(status, int):\n            value_json = response.get(\"value\", None)\n            if value_json and isinstance(value_json, str):\n                import json\n    \n                try:\n                    value = json.loads(value_json)\n                    if len(value) == 1:\n                        value = value[\"value\"]\n                    status = value.get(\"error\", None)\n                    if not status:\n                        status = value.get(\"status\", ErrorCode.UNKNOWN_ERROR)\n                        message = value.get(\"value\") or value.get(\"message\")\n                        if not isinstance(message, str):\n                            value = message\n                            message = message.get(\"message\")\n                    else:\n                        message = value.get(\"message\", None)\n                except ValueError:\n                    pass\n    \n        exception_class: Type[WebDriverException]\n        e = ErrorCode()\n        error_codes = [item for item in dir(e) if not item.startswith(\"__\")]\n        for error_code in error_codes:\n            error_info = getattr(ErrorCode, error_code)\n            if isinstance(error_info, list) and status in error_info:\n                exception_class = getattr(ExceptionMapping, error_code, WebDriverException)\n                break\n        else:\n            exception_class = WebDriverException\n    \n        if not value:\n            value = response[\"value\"]\n        if isinstance(value, str):\n            raise exception_class(value)\n        if message == \"\" and \"message\" in value:\n            message = value[\"message\"]\n    \n        screen = None  # type: ignore[assignment]\n        if \"screen\" in value:\n            screen = value[\"screen\"]\n    \n        stacktrace = None\n        st_value = value.get(\"stackTrace\") or value.get(\"stacktrace\")\n        if st_value:\n            if isinstance(st_value, str):\n                stacktrace = st_value.split(\"\\n\")\n            else:\n                stacktrace = []\n                try:\n                    for frame in st_value:\n                        line = frame.get(\"lineNumber\", \"\")\n                        file = frame.get(\"fileName\", \"<anonymous>\")\n                        if line:\n                            file = f\"{file}:{line}\"\n                        meth = frame.get(\"methodName\", \"<anonymous>\")\n                        if \"className\" in frame:\n                            meth = f\"{frame['className']}.{meth}\"\n                        msg = \"    at %s (%s)\"\n                        msg = msg % (meth, file)\n                        stacktrace.append(msg)\n                except TypeError:\n                    pass\n        if exception_class == UnexpectedAlertPresentException:\n            alert_text = None\n            if \"data\" in value:\n                alert_text = value[\"data\"].get(\"text\")\n            elif \"alert\" in value:\n                alert_text = value[\"alert\"].get(\"text\")\n            raise exception_class(message, screen, stacktrace, alert_text)  # type: ignore[call-arg]  # mypy is not smart enough here\n>       raise exception_class(message, screen, stacktrace)\nE       selenium.common.exceptions.NoSuchElementException: Message: no such element: Unable to locate element: {\"method\":\"xpath\",\"selector\":\"(//a[@class='add-to-cart yellow-btn'])[1]\"}\nE         (Session info: chrome-headless-shell=122.0.6261.69); For documentation on this error, please visit: https://www.selenium.dev/documentation/webdriver/troubleshooting/errors#no-such-element-exception\nE       Stacktrace:\nE       #0 0x55bb81dec793 <unknown>\nE       #1 0x55bb81ae01c6 <unknown>\nE       #2 0x55bb81b2b358 <unknown>\nE       #3 0x55bb81b2b411 <unknown>\nE       #4 0x55bb81b6e934 <unknown>\nE       #5 0x55bb81b4d3fd <unknown>\nE       #6 0x55bb81b6bdd9 <unknown>\nE       #7 0x55bb81b4d173 <unknown>\nE       #8 0x55bb81b1e2d3 <unknown>\nE       #9 0x55bb81b1ec9e <unknown>\nE       #10 0x55bb81db08cb <unknown>\nE       #11 0x55bb81db4745 <unknown>\nE       #12 0x55bb81d9d2e1 <unknown>\nE       #13 0x55bb81db52d2 <unknown>\nE       #14 0x55bb81d8117f <unknown>\nE       #15 0x55bb81ddadc8 <unknown>\nE       #16 0x55bb81ddafc3 <unknown>\nE       #17 0x55bb81deb944 <unknown>\nE       #18 0x7f8ac963e134 <unknown>\n\n/usr/local/lib/python3.11/site-packages/selenium/webdriver/remote/errorhandler.py:229: NoSuchElementException","flaky":false,"newFailed":false,"newBroken":false,"newPassed":false,"retriesCount":0,"retriesStatusChange":false,"beforeStages":[{"name":"_session_faker","time":{"start":1708649209898,"stop":1708649209967,"duration":69},"status":"passed","steps":[],"attachments":[],"parameters":[],"shouldDisplayMessage":false,"stepsCount":0,"attachmentsCount":0,"hasContent":false,"attachmentStep":false},{"name":"clear_allure_results_folder","time":{"start":1708649209968,"stop":1708649209968,"duration":0},"status":"passed","steps":[],"attachments":[],"parameters":[],"shouldDisplayMessage":false,"stepsCount":0,"attachmentsCount":0,"hasContent":false,"attachmentStep":false},{"name":"driver","time":{"start":1708649457198,"stop":1708649457975,"duration":777},"status":"passed","steps":[],"attachments":[],"parameters":[],"shouldDisplayMessage":false,"stepsCount":0,"attachmentsCount":0,"hasContent":false,"attachmentStep":false},{"name":"setup","time":{"start":1708649457975,"stop":1708649457976,"duration":1},"status":"passed","steps":[],"attachments":[],"parameters":[],"shouldDisplayMessage":false,"stepsCount":0,"attachmentsCount":0,"hasContent":false,"attachmentStep":false}],"testStage":{"status":"skipped","statusMessage":"XFAIL\n\nselenium.common.exceptions.NoSuchElementException: Message: no such element: Unable to locate element: {\"method\":\"xpath\",\"selector\":\"(//a[@class='add-to-cart yellow-btn'])[1]\"}\n  (Session info: chrome-headless-shell=122.0.6261.69); For documentation on this error, please visit: https://www.selenium.dev/documentation/webdriver/troubleshooting/errors#no-such-element-exception\nStacktrace:\n#0 0x55bb81dec793 <unknown>\n#1 0x55bb81ae01c6 <unknown>\n#2 0x55bb81b2b358 <unknown>\n#3 0x55bb81b2b411 <unknown>\n#4 0x55bb81b6e934 <unknown>\n#5 0x55bb81b4d3fd <unknown>\n#6 0x55bb81b6bdd9 <unknown>\n#7 0x55bb81b4d173 <unknown>\n#8 0x55bb81b1e2d3 <unknown>\n#9 0x55bb81b1ec9e <unknown>\n#10 0x55bb81db08cb <unknown>\n#11 0x55bb81db4745 <unknown>\n#12 0x55bb81d9d2e1 <unknown>\n#13 0x55bb81db52d2 <unknown>\n#14 0x55bb81d8117f <unknown>\n#15 0x55bb81ddadc8 <unknown>\n#16 0x55bb81ddafc3 <unknown>\n#17 0x55bb81deb944 <unknown>\n#18 0x7f8ac963e134 <unknown>","statusTrace":"self = <tests.delivery.test_delivery_calculation.TestDeliveryPageCalculation object at 0x7fd6bfa6f6d0>\ndriver = <selenium.webdriver.chrome.webdriver.WebDriver (session=\"90c2edebfcf1f03e66706d720618b561\")>\nurl = 'https://sandboxtest.stroyrem-nn.ru/', case_id = 'TD 008'\nlink_item = 'products/shtukaturka-gipsovaya-aksolit-m50-30-kg-mashinnogo-naneseniya'\namount = 149, weight = 4500, standard = 2300, in_time = 3980, all_time = 4490\n\n    @pytest.mark.parametrize('case_id, link_item, amount, weight, standard, in_time, all_time', [\n        (\"TD 001\", uroven_3000, 1, 30, 0, 1590, 2190),\n        (\"TD 002\", bundeks_25, 1, 30, 400, 1590, 2190),\n        (\"TD 003\", aksolit_30, 8, 300, 400, 1590, 2190),\n        (\"TD 004\", aksolit_30, 13, 400, 450, 1590, 2190),\n        (\"TD 005\", aksolit_30, 16, 500, 600, 1590, 2190),\n        (\"TD 006\", aksolit_30, 25, 1700, 990, 1990, 2480),\n        (\"TD 007\", aksolit_30, 66, 2000, 1300, 2490, 2980),\n        (\"TD 008\", aksolit_30, 149, 4500, 2300, 3980, 4490),\n        (\"TD 009\", aksolit_30, 166, 5000, 2500, 4990, 5480),\n        pytest.param(\n            \"TD 010\", aksolit_30, 206, 6200, 2900, 5570, 6120,\n            marks=pytest.mark.xfail(reson=\"Цена доставки 3600 7960 8980\")\n        ),\n        (\"TD 011\", aksolit_30, 299, 9000, 3600, 7960, 8980),\n        (\"TD 012\", aksolit_30, 333, 10000, 4450, 11990, 12500),\n        pytest.param(\n            \"TD 013\", aksolit_30, 366, 11000, 4800, 12450, 13480,\n            marks=pytest.mark.xfail(reason=\"Цена стандартной доставки 4450\")\n        ),\n        pytest.param(\n            \"TD 014\", aksolit_30, 666, 20000, 5400, 15600, 17490,\n            marks=pytest.mark.xfail(reason=\"Цена стандартной доставки 4450\")\n        )\n    ])\n    @pytest.mark.xfail\n    @pytest.mark.smoke_test\n    def test_positive_delivery_green_zone_smoke(\n            self, driver, url, case_id, link_item, amount, weight, standard, in_time, all_time\n    ):\n    \n        driver.get(f'{url}{link_item}')\n        item_page = ItemPage(driver)\n>       item_page.add_item_to_cart(amount).click_on_cart()\n\ntests/delivery/test_delivery_calculation.py:50: \n_ _ _ _ _ _ _ _ _ _ _ _ _ _ _ _ _ _ _ _ _ _ _ _ _ _ _ _ _ _ _ _ _ _ _ _ _ _ _ _ \npages/item_page.py:40: in add_item_to_cart\n    self.find_element(self._add_item).click()\nbase/seleniumbase.py:17: in find_element\n    return self.driver.find_element(*locator)\n/usr/local/lib/python3.11/site-packages/selenium/webdriver/remote/webdriver.py:739: in find_element\n    return self.execute(Command.FIND_ELEMENT, {\"using\": by, \"value\": value})[\"value\"]\n/usr/local/lib/python3.11/site-packages/selenium/webdriver/remote/webdriver.py:345: in execute\n    self.error_handler.check_response(response)\n_ _ _ _ _ _ _ _ _ _ _ _ _ _ _ _ _ _ _ _ _ _ _ _ _ _ _ _ _ _ _ _ _ _ _ _ _ _ _ _ \n\nself = <selenium.webdriver.remote.errorhandler.ErrorHandler object at 0x7fd6bf4274d0>\nresponse = {'status': 404, 'value': '{\"value\":{\"error\":\"no such element\",\"message\":\"no such element: Unable to locate element: {\\...\\\\n#16 0x55bb81ddafc3 \\\\u003Cunknown>\\\\n#17 0x55bb81deb944 \\\\u003Cunknown>\\\\n#18 0x7f8ac963e134 \\\\u003Cunknown>\\\\n\"}}'}\n\n    def check_response(self, response: Dict[str, Any]) -> None:\n        \"\"\"Checks that a JSON response from the WebDriver does not have an\n        error.\n    \n        :Args:\n         - response - The JSON response from the WebDriver server as a dictionary\n           object.\n    \n        :Raises: If the response contains an error message.\n        \"\"\"\n        status = response.get(\"status\", None)\n        if not status or status == ErrorCode.SUCCESS:\n            return\n        value = None\n        message = response.get(\"message\", \"\")\n        screen: str = response.get(\"screen\", \"\")\n        stacktrace = None\n        if isinstance(status, int):\n            value_json = response.get(\"value\", None)\n            if value_json and isinstance(value_json, str):\n                import json\n    \n                try:\n                    value = json.loads(value_json)\n                    if len(value) == 1:\n                        value = value[\"value\"]\n                    status = value.get(\"error\", None)\n                    if not status:\n                        status = value.get(\"status\", ErrorCode.UNKNOWN_ERROR)\n                        message = value.get(\"value\") or value.get(\"message\")\n                        if not isinstance(message, str):\n                            value = message\n                            message = message.get(\"message\")\n                    else:\n                        message = value.get(\"message\", None)\n                except ValueError:\n                    pass\n    \n        exception_class: Type[WebDriverException]\n        e = ErrorCode()\n        error_codes = [item for item in dir(e) if not item.startswith(\"__\")]\n        for error_code in error_codes:\n            error_info = getattr(ErrorCode, error_code)\n            if isinstance(error_info, list) and status in error_info:\n                exception_class = getattr(ExceptionMapping, error_code, WebDriverException)\n                break\n        else:\n            exception_class = WebDriverException\n    \n        if not value:\n            value = response[\"value\"]\n        if isinstance(value, str):\n            raise exception_class(value)\n        if message == \"\" and \"message\" in value:\n            message = value[\"message\"]\n    \n        screen = None  # type: ignore[assignment]\n        if \"screen\" in value:\n            screen = value[\"screen\"]\n    \n        stacktrace = None\n        st_value = value.get(\"stackTrace\") or value.get(\"stacktrace\")\n        if st_value:\n            if isinstance(st_value, str):\n                stacktrace = st_value.split(\"\\n\")\n            else:\n                stacktrace = []\n                try:\n                    for frame in st_value:\n                        line = frame.get(\"lineNumber\", \"\")\n                        file = frame.get(\"fileName\", \"<anonymous>\")\n                        if line:\n                            file = f\"{file}:{line}\"\n                        meth = frame.get(\"methodName\", \"<anonymous>\")\n                        if \"className\" in frame:\n                            meth = f\"{frame['className']}.{meth}\"\n                        msg = \"    at %s (%s)\"\n                        msg = msg % (meth, file)\n                        stacktrace.append(msg)\n                except TypeError:\n                    pass\n        if exception_class == UnexpectedAlertPresentException:\n            alert_text = None\n            if \"data\" in value:\n                alert_text = value[\"data\"].get(\"text\")\n            elif \"alert\" in value:\n                alert_text = value[\"alert\"].get(\"text\")\n            raise exception_class(message, screen, stacktrace, alert_text)  # type: ignore[call-arg]  # mypy is not smart enough here\n>       raise exception_class(message, screen, stacktrace)\nE       selenium.common.exceptions.NoSuchElementException: Message: no such element: Unable to locate element: {\"method\":\"xpath\",\"selector\":\"(//a[@class='add-to-cart yellow-btn'])[1]\"}\nE         (Session info: chrome-headless-shell=122.0.6261.69); For documentation on this error, please visit: https://www.selenium.dev/documentation/webdriver/troubleshooting/errors#no-such-element-exception\nE       Stacktrace:\nE       #0 0x55bb81dec793 <unknown>\nE       #1 0x55bb81ae01c6 <unknown>\nE       #2 0x55bb81b2b358 <unknown>\nE       #3 0x55bb81b2b411 <unknown>\nE       #4 0x55bb81b6e934 <unknown>\nE       #5 0x55bb81b4d3fd <unknown>\nE       #6 0x55bb81b6bdd9 <unknown>\nE       #7 0x55bb81b4d173 <unknown>\nE       #8 0x55bb81b1e2d3 <unknown>\nE       #9 0x55bb81b1ec9e <unknown>\nE       #10 0x55bb81db08cb <unknown>\nE       #11 0x55bb81db4745 <unknown>\nE       #12 0x55bb81d9d2e1 <unknown>\nE       #13 0x55bb81db52d2 <unknown>\nE       #14 0x55bb81d8117f <unknown>\nE       #15 0x55bb81ddadc8 <unknown>\nE       #16 0x55bb81ddafc3 <unknown>\nE       #17 0x55bb81deb944 <unknown>\nE       #18 0x7f8ac963e134 <unknown>\n\n/usr/local/lib/python3.11/site-packages/selenium/webdriver/remote/errorhandler.py:229: NoSuchElementException","steps":[{"name":"Добавляем товар в корзину в количестве 149","time":{"start":1708649458387,"stop":1708649458399,"duration":12},"status":"broken","statusMessage":"selenium.common.exceptions.NoSuchElementException: Message: no such element: Unable to locate element: {\"method\":\"xpath\",\"selector\":\"(//a[@class='add-to-cart yellow-btn'])[1]\"}\n  (Session info: chrome-headless-shell=122.0.6261.69); For documentation on this error, please visit: https://www.selenium.dev/documentation/webdriver/troubleshooting/errors#no-such-element-exception\nStacktrace:\n#0 0x55bb81dec793 <unknown>\n#1 0x55bb81ae01c6 <unknown>\n#2 0x55bb81b2b358 <unknown>\n#3 0x55bb81b2b411 <unknown>\n#4 0x55bb81b6e934 <unknown>\n#5 0x55bb81b4d3fd <unknown>\n#6 0x55bb81b6bdd9 <unknown>\n#7 0x55bb81b4d173 <unknown>\n#8 0x55bb81b1e2d3 <unknown>\n#9 0x55bb81b1ec9e <unknown>\n#10 0x55bb81db08cb <unknown>\n#11 0x55bb81db4745 <unknown>\n#12 0x55bb81d9d2e1 <unknown>\n#13 0x55bb81db52d2 <unknown>\n#14 0x55bb81d8117f <unknown>\n#15 0x55bb81ddadc8 <unknown>\n#16 0x55bb81ddafc3 <unknown>\n#17 0x55bb81deb944 <unknown>\n#18 0x7f8ac963e134 <unknown>\n\n","statusTrace":"  File \"/usr/local/lib/python3.11/site-packages/allure_commons/_allure.py\", line 192, in impl\n    return func(*a, **kw)\n           ^^^^^^^^^^^^^^\n  File \"/app/pages/item_page.py\", line 40, in add_item_to_cart\n    self.find_element(self._add_item).click()\n    ^^^^^^^^^^^^^^^^^^^^^^^^^^^^^^^^^\n  File \"/app/base/seleniumbase.py\", line 17, in find_element\n    return self.driver.find_element(*locator)\n           ^^^^^^^^^^^^^^^^^^^^^^^^^^^^^^^^^^\n  File \"/usr/local/lib/python3.11/site-packages/selenium/webdriver/remote/webdriver.py\", line 739, in find_element\n    return self.execute(Command.FIND_ELEMENT, {\"using\": by, \"value\": value})[\"value\"]\n           ^^^^^^^^^^^^^^^^^^^^^^^^^^^^^^^^^^^^^^^^^^^^^^^^^^^^^^^^^^^^^^^^^\n  File \"/usr/local/lib/python3.11/site-packages/selenium/webdriver/remote/webdriver.py\", line 345, in execute\n    self.error_handler.check_response(response)\n  File \"/usr/local/lib/python3.11/site-packages/selenium/webdriver/remote/errorhandler.py\", line 229, in check_response\n    raise exception_class(message, screen, stacktrace)\n","steps":[],"attachments":[],"parameters":[{"name":"amount","value":"149"}],"shouldDisplayMessage":true,"stepsCount":0,"attachmentsCount":0,"hasContent":true,"attachmentStep":false}],"attachments":[{"uid":"a0e9d4738f4c2008","name":"Screenshot","source":"a0e9d4738f4c2008.png","type":"image/png","size":5862},{"uid":"4986e5670bd9b173","name":"HTML source","source":"4986e5670bd9b173.html","type":"text/html","size":39}],"parameters":[],"shouldDisplayMessage":true,"stepsCount":1,"attachmentsCount":2,"hasContent":true,"attachmentStep":false},"afterStages":[{"name":"setup::0","time":{"start":1708649458505,"stop":1708649458505,"duration":0},"status":"passed","steps":[],"attachments":[],"parameters":[],"shouldDisplayMessage":false,"stepsCount":0,"attachmentsCount":0,"hasContent":false,"attachmentStep":false},{"name":"driver::0","time":{"start":1708649458505,"stop":1708649458561,"duration":56},"status":"passed","steps":[],"attachments":[],"parameters":[],"shouldDisplayMessage":false,"stepsCount":0,"attachmentsCount":0,"hasContent":false,"attachmentStep":false}],"labels":[{"name":"epic","value":"Delivery Page - calculation"},{"name":"tag","value":"smoke_test"},{"name":"tag","value":"@pytest.mark.xfail"},{"name":"parentSuite","value":"tests.delivery"},{"name":"suite","value":"test_delivery_calculation"},{"name":"subSuite","value":"TestDeliveryPageCalculation"},{"name":"host","value":"5fa96539d75b"},{"name":"thread","value":"1-MainThread"},{"name":"framework","value":"pytest"},{"name":"language","value":"cpython3"},{"name":"package","value":"tests.delivery.test_delivery_calculation"},{"name":"resultFormat","value":"allure2"}],"parameters":[{"name":"all_time","value":"4490"},{"name":"amount","value":"149"},{"name":"case_id","value":"'TD 008'"},{"name":"in_time","value":"3980"},{"name":"link_item","value":"'products/shtukaturka-gipsovaya-aksolit-m50-30-kg-mashinnogo-naneseniya'"},{"name":"standard","value":"2300"},{"name":"url","value":"'https://sandboxtest.stroyrem-nn.ru/'"},{"name":"weight","value":"4500"}],"links":[],"hidden":false,"retry":false,"extra":{"severity":"normal","retries":[],"categories":[],"history":{"statistic":{"failed":0,"broken":13,"skipped":165,"passed":0,"unknown":0,"total":178},"items":[{"uid":"102305c90afb1a97","reportUrl":"https://Nat754.github.io/StroyremAutomation/225//#testresult/102305c90afb1a97","status":"skipped","statusDetails":"XFAIL\n\nselenium.common.exceptions.NoSuchElementException: Message: no such element: Unable to locate element: {\"method\":\"xpath\",\"selector\":\"(//a[@class='add-to-cart yellow-btn'])[1]\"}\n  (Session info: chrome-headless-shell=122.0.6261.57); For documentation on this error, please visit: https://www.selenium.dev/documentation/webdriver/troubleshooting/errors#no-such-element-exception\nStacktrace:\n#0 0x56442b8067d3 <unknown>\n#1 0x56442b4fa1c6 <unknown>\n#2 0x56442b545358 <unknown>\n#3 0x56442b545411 <unknown>\n#4 0x56442b588934 <unknown>\n#5 0x56442b5673fd <unknown>\n#6 0x56442b585dd9 <unknown>\n#7 0x56442b567173 <unknown>\n#8 0x56442b5382d3 <unknown>\n#9 0x56442b538c9e <unknown>\n#10 0x56442b7ca90b <unknown>\n#11 0x56442b7ce785 <unknown>\n#12 0x56442b7b7321 <unknown>\n#13 0x56442b7cf312 <unknown>\n#14 0x56442b79b1bf <unknown>\n#15 0x56442b7f4e08 <unknown>\n#16 0x56442b7f5003 <unknown>\n#17 0x56442b805984 <unknown>\n#18 0x7f1d1243a134 <unknown>","time":{"start":1708563122935,"stop":1708563123357,"duration":422}},{"uid":"d02c6065b0924f81","reportUrl":"https://Nat754.github.io/StroyremAutomation/224//#testresult/d02c6065b0924f81","status":"skipped","statusDetails":"XFAIL\n\nselenium.common.exceptions.NoSuchElementException: Message: no such element: Unable to locate element: {\"method\":\"xpath\",\"selector\":\"(//a[@class='add-to-cart yellow-btn'])[1]\"}\n  (Session info: chrome-headless-shell=122.0.6261.57); For documentation on this error, please visit: https://www.selenium.dev/documentation/webdriver/troubleshooting/errors#no-such-element-exception\nStacktrace:\n#0 0x556a8a26d7d3 <unknown>\n#1 0x556a89f611c6 <unknown>\n#2 0x556a89fac358 <unknown>\n#3 0x556a89fac411 <unknown>\n#4 0x556a89fef934 <unknown>\n#5 0x556a89fce3fd <unknown>\n#6 0x556a89fecdd9 <unknown>\n#7 0x556a89fce173 <unknown>\n#8 0x556a89f9f2d3 <unknown>\n#9 0x556a89f9fc9e <unknown>\n#10 0x556a8a23190b <unknown>\n#11 0x556a8a235785 <unknown>\n#12 0x556a8a21e321 <unknown>\n#13 0x556a8a236312 <unknown>\n#14 0x556a8a2021bf <unknown>\n#15 0x556a8a25be08 <unknown>\n#16 0x556a8a25c003 <unknown>\n#17 0x556a8a26c984 <unknown>\n#18 0x7f95b2730134 <unknown>","time":{"start":1708476773098,"stop":1708476773675,"duration":577}},{"uid":"5b4f122d16917813","reportUrl":"https://Nat754.github.io/StroyremAutomation/223//#testresult/5b4f122d16917813","status":"skipped","statusDetails":"XFAIL\n\nselenium.common.exceptions.NoSuchElementException: Message: no such element: Unable to locate element: {\"method\":\"xpath\",\"selector\":\"(//a[@class='add-to-cart yellow-btn'])[1]\"}\n  (Session info: chrome-headless-shell=121.0.6167.184); For documentation on this error, please visit: https://www.selenium.dev/documentation/webdriver/troubleshooting/errors#no-such-element-exception\nStacktrace:\n#0 0x558806fad303 <unknown>\n#1 0x558806c922b7 <unknown>\n#2 0x558806cddcc0 <unknown>\n#3 0x558806cdddb1 <unknown>\n#4 0x558806d21b44 <unknown>\n#5 0x558806d003ad <unknown>\n#6 0x558806d1f07c <unknown>\n#7 0x558806d00123 <unknown>\n#8 0x558806cd0095 <unknown>\n#9 0x558806cd109e <unknown>\n#10 0x558806f716ab <unknown>\n#11 0x558806f754ba <unknown>\n#12 0x558806f5df85 <unknown>\n#13 0x558806f7612f <unknown>\n#14 0x558806f41e6f <unknown>\n#15 0x558806f9a5f8 <unknown>\n#16 0x558806f9a7c2 <unknown>\n#17 0x558806fac4a4 <unknown>\n#18 0x7ff355d21134 <unknown>","time":{"start":1708390250866,"stop":1708390251189,"duration":323}},{"uid":"731b3c1d2209899d","reportUrl":"https://Nat754.github.io/StroyremAutomation/222//#testresult/731b3c1d2209899d","status":"skipped","statusDetails":"XFAIL\n\nselenium.common.exceptions.NoSuchElementException: Message: no such element: Unable to locate element: {\"method\":\"xpath\",\"selector\":\"(//a[@class='add-to-cart yellow-btn'])[1]\"}\n  (Session info: chrome-headless-shell=121.0.6167.184); For documentation on this error, please visit: https://www.selenium.dev/documentation/webdriver/troubleshooting/errors#no-such-element-exception\nStacktrace:\n#0 0x557cb392b303 <unknown>\n#1 0x557cb36102b7 <unknown>\n#2 0x557cb365bcc0 <unknown>\n#3 0x557cb365bdb1 <unknown>\n#4 0x557cb369fb44 <unknown>\n#5 0x557cb367e3ad <unknown>\n#6 0x557cb369d07c <unknown>\n#7 0x557cb367e123 <unknown>\n#8 0x557cb364e095 <unknown>\n#9 0x557cb364f09e <unknown>\n#10 0x557cb38ef6ab <unknown>\n#11 0x557cb38f34ba <unknown>\n#12 0x557cb38dbf85 <unknown>\n#13 0x557cb38f412f <unknown>\n#14 0x557cb38bfe6f <unknown>\n#15 0x557cb39185f8 <unknown>\n#16 0x557cb39187c2 <unknown>\n#17 0x557cb392a4a4 <unknown>\n#18 0x7f373f0f1134 <unknown>","time":{"start":1708304043551,"stop":1708304043964,"duration":413}},{"uid":"e9412f3185ee4cc","reportUrl":"https://Nat754.github.io/StroyremAutomation/221//#testresult/e9412f3185ee4cc","status":"skipped","statusDetails":"XFAIL\n\nselenium.common.exceptions.NoSuchElementException: Message: no such element: Unable to locate element: {\"method\":\"xpath\",\"selector\":\"(//a[@class='add-to-cart yellow-btn'])[1]\"}\n  (Session info: chrome-headless-shell=121.0.6167.184); For documentation on this error, please visit: https://www.selenium.dev/documentation/webdriver/troubleshooting/errors#no-such-element-exception\nStacktrace:\n#0 0x56240ccb1303 <unknown>\n#1 0x56240c9962b7 <unknown>\n#2 0x56240c9e1cc0 <unknown>\n#3 0x56240c9e1db1 <unknown>\n#4 0x56240ca25b44 <unknown>\n#5 0x56240ca043ad <unknown>\n#6 0x56240ca2307c <unknown>\n#7 0x56240ca04123 <unknown>\n#8 0x56240c9d4095 <unknown>\n#9 0x56240c9d509e <unknown>\n#10 0x56240cc756ab <unknown>\n#11 0x56240cc794ba <unknown>\n#12 0x56240cc61f85 <unknown>\n#13 0x56240cc7a12f <unknown>\n#14 0x56240cc45e6f <unknown>\n#15 0x56240cc9e5f8 <unknown>\n#16 0x56240cc9e7c2 <unknown>\n#17 0x56240ccb04a4 <unknown>\n#18 0x7f980b009134 <unknown>","time":{"start":1708217709298,"stop":1708217709856,"duration":558}},{"uid":"f5b2230ce00cb47d","reportUrl":"https://Nat754.github.io/StroyremAutomation/220//#testresult/f5b2230ce00cb47d","status":"skipped","statusDetails":"XFAIL\n\nselenium.common.exceptions.NoSuchElementException: Message: no such element: Unable to locate element: {\"method\":\"xpath\",\"selector\":\"(//a[@class='add-to-cart yellow-btn'])[1]\"}\n  (Session info: chrome-headless-shell=121.0.6167.184); For documentation on this error, please visit: https://www.selenium.dev/documentation/webdriver/troubleshooting/errors#no-such-element-exception\nStacktrace:\n#0 0x55de7604e303 <unknown>\n#1 0x55de75d332b7 <unknown>\n#2 0x55de75d7ecc0 <unknown>\n#3 0x55de75d7edb1 <unknown>\n#4 0x55de75dc2b44 <unknown>\n#5 0x55de75da13ad <unknown>\n#6 0x55de75dc007c <unknown>\n#7 0x55de75da1123 <unknown>\n#8 0x55de75d71095 <unknown>\n#9 0x55de75d7209e <unknown>\n#10 0x55de760126ab <unknown>\n#11 0x55de760164ba <unknown>\n#12 0x55de75ffef85 <unknown>\n#13 0x55de7601712f <unknown>\n#14 0x55de75fe2e6f <unknown>\n#15 0x55de7603b5f8 <unknown>\n#16 0x55de7603b7c2 <unknown>\n#17 0x55de7604d4a4 <unknown>\n#18 0x7efeb66d9134 <unknown>","time":{"start":1708131021946,"stop":1708131022522,"duration":576}},{"uid":"f66831c0f657ea25","reportUrl":"https://Nat754.github.io/StroyremAutomation/219//#testresult/f66831c0f657ea25","status":"skipped","statusDetails":"XFAIL\n\nselenium.common.exceptions.NoSuchElementException: Message: no such element: Unable to locate element: {\"method\":\"xpath\",\"selector\":\"(//a[@class='add-to-cart yellow-btn'])[1]\"}\n  (Session info: chrome-headless-shell=121.0.6167.85); For documentation on this error, please visit: https://www.selenium.dev/documentation/webdriver/troubleshooting/errors#no-such-element-exception\nStacktrace:\n#0 0x56375f4bad93 <unknown>\n#1 0x56375f19e337 <unknown>\n#2 0x56375f1e9d60 <unknown>\n#3 0x56375f1e9e51 <unknown>\n#4 0x56375f22dbc4 <unknown>\n#5 0x56375f20c46d <unknown>\n#6 0x56375f22b12d <unknown>\n#7 0x56375f20c1e3 <unknown>\n#8 0x56375f1dc135 <unknown>\n#9 0x56375f1dd13e <unknown>\n#10 0x56375f47ee4b <unknown>\n#11 0x56375f482dfa <unknown>\n#12 0x56375f46b6d5 <unknown>\n#13 0x56375f483a6f <unknown>\n#14 0x56375f44f69f <unknown>\n#15 0x56375f4a8098 <unknown>\n#16 0x56375f4a8262 <unknown>\n#17 0x56375f4b9f34 <unknown>\n#18 0x7fe3a30f8134 <unknown>","time":{"start":1708044718684,"stop":1708044719468,"duration":784}},{"uid":"c00b965af187bfc3","reportUrl":"https://Nat754.github.io/StroyremAutomation/218//#testresult/c00b965af187bfc3","status":"skipped","statusDetails":"XFAIL\n\nselenium.common.exceptions.NoSuchElementException: Message: no such element: Unable to locate element: {\"method\":\"xpath\",\"selector\":\"(//a[@class='add-to-cart yellow-btn'])[1]\"}\n  (Session info: chrome-headless-shell=121.0.6167.85); For documentation on this error, please visit: https://www.selenium.dev/documentation/webdriver/troubleshooting/errors#no-such-element-exception\nStacktrace:\n#0 0x55b3fc96dd93 <unknown>\n#1 0x55b3fc651337 <unknown>\n#2 0x55b3fc69cd60 <unknown>\n#3 0x55b3fc69ce51 <unknown>\n#4 0x55b3fc6e0bc4 <unknown>\n#5 0x55b3fc6bf46d <unknown>\n#6 0x55b3fc6de12d <unknown>\n#7 0x55b3fc6bf1e3 <unknown>\n#8 0x55b3fc68f135 <unknown>\n#9 0x55b3fc69013e <unknown>\n#10 0x55b3fc931e4b <unknown>\n#11 0x55b3fc935dfa <unknown>\n#12 0x55b3fc91e6d5 <unknown>\n#13 0x55b3fc936a6f <unknown>\n#14 0x55b3fc90269f <unknown>\n#15 0x55b3fc95b098 <unknown>\n#16 0x55b3fc95b262 <unknown>\n#17 0x55b3fc96cf34 <unknown>\n#18 0x7ffaf6487134 <unknown>","time":{"start":1707958331262,"stop":1707958331893,"duration":631}},{"uid":"799c52ece0df046c","reportUrl":"https://Nat754.github.io/StroyremAutomation/217//#testresult/799c52ece0df046c","status":"skipped","statusDetails":"XFAIL\n\nselenium.common.exceptions.NoSuchElementException: Message: no such element: Unable to locate element: {\"method\":\"xpath\",\"selector\":\"(//a[@class='add-to-cart yellow-btn'])[1]\"}\n  (Session info: chrome-headless-shell=121.0.6167.85); For documentation on this error, please visit: https://www.selenium.dev/documentation/webdriver/troubleshooting/errors#no-such-element-exception\nStacktrace:\n#0 0x55f36b5d3d93 <unknown>\n#1 0x55f36b2b7337 <unknown>\n#2 0x55f36b302d60 <unknown>\n#3 0x55f36b302e51 <unknown>\n#4 0x55f36b346bc4 <unknown>\n#5 0x55f36b32546d <unknown>\n#6 0x55f36b34412d <unknown>\n#7 0x55f36b3251e3 <unknown>\n#8 0x55f36b2f5135 <unknown>\n#9 0x55f36b2f613e <unknown>\n#10 0x55f36b597e4b <unknown>\n#11 0x55f36b59bdfa <unknown>\n#12 0x55f36b5846d5 <unknown>\n#13 0x55f36b59ca6f <unknown>\n#14 0x55f36b56869f <unknown>\n#15 0x55f36b5c1098 <unknown>\n#16 0x55f36b5c1262 <unknown>\n#17 0x55f36b5d2f34 <unknown>\n#18 0x7f46a81f0134 <unknown>","time":{"start":1707872014213,"stop":1707872014770,"duration":557}},{"uid":"2ddf89cdc09ac571","reportUrl":"https://Nat754.github.io/StroyremAutomation/216//#testresult/2ddf89cdc09ac571","status":"skipped","statusDetails":"XFAIL\n\nselenium.common.exceptions.NoSuchElementException: Message: no such element: Unable to locate element: {\"method\":\"xpath\",\"selector\":\"(//a[@class='add-to-cart yellow-btn'])[1]\"}\n  (Session info: chrome-headless-shell=121.0.6167.85); For documentation on this error, please visit: https://www.selenium.dev/documentation/webdriver/troubleshooting/errors#no-such-element-exception\nStacktrace:\n#0 0x560495789d93 <unknown>\n#1 0x56049546d337 <unknown>\n#2 0x5604954b8d60 <unknown>\n#3 0x5604954b8e51 <unknown>\n#4 0x5604954fcbc4 <unknown>\n#5 0x5604954db46d <unknown>\n#6 0x5604954fa12d <unknown>\n#7 0x5604954db1e3 <unknown>\n#8 0x5604954ab135 <unknown>\n#9 0x5604954ac13e <unknown>\n#10 0x56049574de4b <unknown>\n#11 0x560495751dfa <unknown>\n#12 0x56049573a6d5 <unknown>\n#13 0x560495752a6f <unknown>\n#14 0x56049571e69f <unknown>\n#15 0x560495777098 <unknown>\n#16 0x560495777262 <unknown>\n#17 0x560495788f34 <unknown>\n#18 0x7f2516549134 <unknown>","time":{"start":1707785620757,"stop":1707785621582,"duration":825}},{"uid":"d058004e83366edc","reportUrl":"https://Nat754.github.io/StroyremAutomation/215//#testresult/d058004e83366edc","status":"skipped","statusDetails":"XFAIL\n\nselenium.common.exceptions.NoSuchElementException: Message: no such element: Unable to locate element: {\"method\":\"xpath\",\"selector\":\"(//a[@class='add-to-cart yellow-btn'])[1]\"}\n  (Session info: chrome-headless-shell=121.0.6167.85); For documentation on this error, please visit: https://www.selenium.dev/documentation/webdriver/troubleshooting/errors#no-such-element-exception\nStacktrace:\n#0 0x565025dc4d93 <unknown>\n#1 0x565025aa8337 <unknown>\n#2 0x565025af3d60 <unknown>\n#3 0x565025af3e51 <unknown>\n#4 0x565025b37bc4 <unknown>\n#5 0x565025b1646d <unknown>\n#6 0x565025b3512d <unknown>\n#7 0x565025b161e3 <unknown>\n#8 0x565025ae6135 <unknown>\n#9 0x565025ae713e <unknown>\n#10 0x565025d88e4b <unknown>\n#11 0x565025d8cdfa <unknown>\n#12 0x565025d756d5 <unknown>\n#13 0x565025d8da6f <unknown>\n#14 0x565025d5969f <unknown>\n#15 0x565025db2098 <unknown>\n#16 0x565025db2262 <unknown>\n#17 0x565025dc3f34 <unknown>\n#18 0x7f2ff6f0f134 <unknown>","time":{"start":1707699161432,"stop":1707699161739,"duration":307}},{"uid":"9c3c0a5d0aa33bc4","reportUrl":"https://Nat754.github.io/StroyremAutomation/214//#testresult/9c3c0a5d0aa33bc4","status":"skipped","statusDetails":"XFAIL\n\nselenium.common.exceptions.NoSuchElementException: Message: no such element: Unable to locate element: {\"method\":\"xpath\",\"selector\":\"(//a[@class='add-to-cart yellow-btn'])[1]\"}\n  (Session info: chrome-headless-shell=121.0.6167.85); For documentation on this error, please visit: https://www.selenium.dev/documentation/webdriver/troubleshooting/errors#no-such-element-exception\nStacktrace:\n#0 0x561738ac8d93 <unknown>\n#1 0x5617387ac337 <unknown>\n#2 0x5617387f7d60 <unknown>\n#3 0x5617387f7e51 <unknown>\n#4 0x56173883bbc4 <unknown>\n#5 0x56173881a46d <unknown>\n#6 0x56173883912d <unknown>\n#7 0x56173881a1e3 <unknown>\n#8 0x5617387ea135 <unknown>\n#9 0x5617387eb13e <unknown>\n#10 0x561738a8ce4b <unknown>\n#11 0x561738a90dfa <unknown>\n#12 0x561738a796d5 <unknown>\n#13 0x561738a91a6f <unknown>\n#14 0x561738a5d69f <unknown>\n#15 0x561738ab6098 <unknown>\n#16 0x561738ab6262 <unknown>\n#17 0x561738ac7f34 <unknown>\n#18 0x7f31d79ae134 <unknown>","time":{"start":1707613010426,"stop":1707613010888,"duration":462}},{"uid":"4b4f050391040cc4","reportUrl":"https://Nat754.github.io/StroyremAutomation/213//#testresult/4b4f050391040cc4","status":"skipped","statusDetails":"XFAIL\n\nselenium.common.exceptions.NoSuchElementException: Message: no such element: Unable to locate element: {\"method\":\"xpath\",\"selector\":\"(//a[@class='add-to-cart yellow-btn'])[1]\"}\n  (Session info: chrome-headless-shell=121.0.6167.85); For documentation on this error, please visit: https://www.selenium.dev/documentation/webdriver/troubleshooting/errors#no-such-element-exception\nStacktrace:\n#0 0x55fa83799d93 <unknown>\n#1 0x55fa8347d337 <unknown>\n#2 0x55fa834c8d60 <unknown>\n#3 0x55fa834c8e51 <unknown>\n#4 0x55fa8350cbc4 <unknown>\n#5 0x55fa834eb46d <unknown>\n#6 0x55fa8350a12d <unknown>\n#7 0x55fa834eb1e3 <unknown>\n#8 0x55fa834bb135 <unknown>\n#9 0x55fa834bc13e <unknown>\n#10 0x55fa8375de4b <unknown>\n#11 0x55fa83761dfa <unknown>\n#12 0x55fa8374a6d5 <unknown>\n#13 0x55fa83762a6f <unknown>\n#14 0x55fa8372e69f <unknown>\n#15 0x55fa83787098 <unknown>\n#16 0x55fa83787262 <unknown>\n#17 0x55fa83798f34 <unknown>\n#18 0x7f1ca4fb4134 <unknown>","time":{"start":1707526244488,"stop":1707526244900,"duration":412}},{"uid":"78c33a86796a4d33","reportUrl":"https://Nat754.github.io/StroyremAutomation/212//#testresult/78c33a86796a4d33","status":"skipped","statusDetails":"XFAIL\n\nselenium.common.exceptions.NoSuchElementException: Message: no such element: Unable to locate element: {\"method\":\"xpath\",\"selector\":\"(//a[@class='add-to-cart yellow-btn'])[1]\"}\n  (Session info: chrome-headless-shell=121.0.6167.85); For documentation on this error, please visit: https://www.selenium.dev/documentation/webdriver/troubleshooting/errors#no-such-element-exception\nStacktrace:\n#0 0x5569c1a1dd93 <unknown>\n#1 0x5569c1701337 <unknown>\n#2 0x5569c174cd60 <unknown>\n#3 0x5569c174ce51 <unknown>\n#4 0x5569c1790bc4 <unknown>\n#5 0x5569c176f46d <unknown>\n#6 0x5569c178e12d <unknown>\n#7 0x5569c176f1e3 <unknown>\n#8 0x5569c173f135 <unknown>\n#9 0x5569c174013e <unknown>\n#10 0x5569c19e1e4b <unknown>\n#11 0x5569c19e5dfa <unknown>\n#12 0x5569c19ce6d5 <unknown>\n#13 0x5569c19e6a6f <unknown>\n#14 0x5569c19b269f <unknown>\n#15 0x5569c1a0b098 <unknown>\n#16 0x5569c1a0b262 <unknown>\n#17 0x5569c1a1cf34 <unknown>\n#18 0x7f57ea35b134 <unknown>","time":{"start":1707439858769,"stop":1707439859264,"duration":495}},{"uid":"a2bfb727819cefb","reportUrl":"https://Nat754.github.io/StroyremAutomation/211//#testresult/a2bfb727819cefb","status":"skipped","statusDetails":"XFAIL\n\nselenium.common.exceptions.NoSuchElementException: Message: no such element: Unable to locate element: {\"method\":\"xpath\",\"selector\":\"(//a[@class='add-to-cart yellow-btn'])[1]\"}\n  (Session info: chrome-headless-shell=121.0.6167.85); For documentation on this error, please visit: https://www.selenium.dev/documentation/webdriver/troubleshooting/errors#no-such-element-exception\nStacktrace:\n#0 0x5579583aed93 <unknown>\n#1 0x557958092337 <unknown>\n#2 0x5579580ddd60 <unknown>\n#3 0x5579580dde51 <unknown>\n#4 0x557958121bc4 <unknown>\n#5 0x55795810046d <unknown>\n#6 0x55795811f12d <unknown>\n#7 0x5579581001e3 <unknown>\n#8 0x5579580d0135 <unknown>\n#9 0x5579580d113e <unknown>\n#10 0x557958372e4b <unknown>\n#11 0x557958376dfa <unknown>\n#12 0x55795835f6d5 <unknown>\n#13 0x557958377a6f <unknown>\n#14 0x55795834369f <unknown>\n#15 0x55795839c098 <unknown>\n#16 0x55795839c262 <unknown>\n#17 0x5579583adf34 <unknown>\n#18 0x7f0436187134 <unknown>","time":{"start":1707353478744,"stop":1707353479081,"duration":337}},{"uid":"1a6d8a8d336b868c","reportUrl":"https://Nat754.github.io/StroyremAutomation/210//#testresult/1a6d8a8d336b868c","status":"skipped","statusDetails":"XFAIL\n\nselenium.common.exceptions.NoSuchElementException: Message: no such element: Unable to locate element: {\"method\":\"xpath\",\"selector\":\"(//a[@class='add-to-cart yellow-btn'])[1]\"}\n  (Session info: chrome-headless-shell=121.0.6167.85); For documentation on this error, please visit: https://www.selenium.dev/documentation/webdriver/troubleshooting/errors#no-such-element-exception\nStacktrace:\n#0 0x5589464b5d93 <unknown>\n#1 0x558946199337 <unknown>\n#2 0x5589461e4d60 <unknown>\n#3 0x5589461e4e51 <unknown>\n#4 0x558946228bc4 <unknown>\n#5 0x55894620746d <unknown>\n#6 0x55894622612d <unknown>\n#7 0x5589462071e3 <unknown>\n#8 0x5589461d7135 <unknown>\n#9 0x5589461d813e <unknown>\n#10 0x558946479e4b <unknown>\n#11 0x55894647ddfa <unknown>\n#12 0x5589464666d5 <unknown>\n#13 0x55894647ea6f <unknown>\n#14 0x55894644a69f <unknown>\n#15 0x5589464a3098 <unknown>\n#16 0x5589464a3262 <unknown>\n#17 0x5589464b4f34 <unknown>\n#18 0x7f0334a6f134 <unknown>","time":{"start":1707267010511,"stop":1707267010842,"duration":331}},{"uid":"caa44c51f12a80ac","reportUrl":"https://Nat754.github.io/StroyremAutomation/209//#testresult/caa44c51f12a80ac","status":"skipped","statusDetails":"XFAIL\n\nselenium.common.exceptions.NoSuchElementException: Message: no such element: Unable to locate element: {\"method\":\"xpath\",\"selector\":\"(//a[@class='add-to-cart yellow-btn'])[1]\"}\n  (Session info: chrome-headless-shell=121.0.6167.85); For documentation on this error, please visit: https://www.selenium.dev/documentation/webdriver/troubleshooting/errors#no-such-element-exception\nStacktrace:\n#0 0x5651d3f82d93 <unknown>\n#1 0x5651d3c66337 <unknown>\n#2 0x5651d3cb1d60 <unknown>\n#3 0x5651d3cb1e51 <unknown>\n#4 0x5651d3cf5bc4 <unknown>\n#5 0x5651d3cd446d <unknown>\n#6 0x5651d3cf312d <unknown>\n#7 0x5651d3cd41e3 <unknown>\n#8 0x5651d3ca4135 <unknown>\n#9 0x5651d3ca513e <unknown>\n#10 0x5651d3f46e4b <unknown>\n#11 0x5651d3f4adfa <unknown>\n#12 0x5651d3f336d5 <unknown>\n#13 0x5651d3f4ba6f <unknown>\n#14 0x5651d3f1769f <unknown>\n#15 0x5651d3f70098 <unknown>\n#16 0x5651d3f70262 <unknown>\n#17 0x5651d3f81f34 <unknown>\n#18 0x7f2d1b747134 <unknown>","time":{"start":1707180723647,"stop":1707180724215,"duration":568}},{"uid":"d98ff09da36d84ab","reportUrl":"https://Nat754.github.io/StroyremAutomation/208//#testresult/d98ff09da36d84ab","status":"skipped","statusDetails":"XFAIL\n\nselenium.common.exceptions.NoSuchElementException: Message: no such element: Unable to locate element: {\"method\":\"xpath\",\"selector\":\"(//a[@class='add-to-cart yellow-btn'])[1]\"}\n  (Session info: chrome-headless-shell=121.0.6167.85); For documentation on this error, please visit: https://www.selenium.dev/documentation/webdriver/troubleshooting/errors#no-such-element-exception\nStacktrace:\n#0 0x55daa7bb1d93 <unknown>\n#1 0x55daa7895337 <unknown>\n#2 0x55daa78e0d60 <unknown>\n#3 0x55daa78e0e51 <unknown>\n#4 0x55daa7924bc4 <unknown>\n#5 0x55daa790346d <unknown>\n#6 0x55daa792212d <unknown>\n#7 0x55daa79031e3 <unknown>\n#8 0x55daa78d3135 <unknown>\n#9 0x55daa78d413e <unknown>\n#10 0x55daa7b75e4b <unknown>\n#11 0x55daa7b79dfa <unknown>\n#12 0x55daa7b626d5 <unknown>\n#13 0x55daa7b7aa6f <unknown>\n#14 0x55daa7b4669f <unknown>\n#15 0x55daa7b9f098 <unknown>\n#16 0x55daa7b9f262 <unknown>\n#17 0x55daa7bb0f34 <unknown>\n#18 0x7ffadb726134 <unknown>","time":{"start":1707094487000,"stop":1707094487290,"duration":290}},{"uid":"401a1a534032c13b","reportUrl":"https://Nat754.github.io/StroyremAutomation/207//#testresult/401a1a534032c13b","status":"skipped","statusDetails":"XFAIL\n\nselenium.common.exceptions.NoSuchElementException: Message: no such element: Unable to locate element: {\"method\":\"xpath\",\"selector\":\"(//a[@class='add-to-cart yellow-btn'])[1]\"}\n  (Session info: chrome-headless-shell=121.0.6167.85); For documentation on this error, please visit: https://www.selenium.dev/documentation/webdriver/troubleshooting/errors#no-such-element-exception\nStacktrace:\n#0 0x55e420db2d93 <unknown>\n#1 0x55e420a96337 <unknown>\n#2 0x55e420ae1d60 <unknown>\n#3 0x55e420ae1e51 <unknown>\n#4 0x55e420b25bc4 <unknown>\n#5 0x55e420b0446d <unknown>\n#6 0x55e420b2312d <unknown>\n#7 0x55e420b041e3 <unknown>\n#8 0x55e420ad4135 <unknown>\n#9 0x55e420ad513e <unknown>\n#10 0x55e420d76e4b <unknown>\n#11 0x55e420d7adfa <unknown>\n#12 0x55e420d636d5 <unknown>\n#13 0x55e420d7ba6f <unknown>\n#14 0x55e420d4769f <unknown>\n#15 0x55e420da0098 <unknown>\n#16 0x55e420da0262 <unknown>\n#17 0x55e420db1f34 <unknown>\n#18 0x7fa64f47c134 <unknown>","time":{"start":1707008200038,"stop":1707008200356,"duration":318}},{"uid":"7a0c98a2b571152f","reportUrl":"https://Nat754.github.io/StroyremAutomation/206//#testresult/7a0c98a2b571152f","status":"skipped","statusDetails":"XFAIL\n\nselenium.common.exceptions.NoSuchElementException: Message: no such element: Unable to locate element: {\"method\":\"xpath\",\"selector\":\"(//a[@class='add-to-cart yellow-btn'])[1]\"}\n  (Session info: chrome-headless-shell=121.0.6167.85); For documentation on this error, please visit: https://www.selenium.dev/documentation/webdriver/troubleshooting/errors#no-such-element-exception\nStacktrace:\n#0 0x55789b313d93 <unknown>\n#1 0x55789aff7337 <unknown>\n#2 0x55789b042d60 <unknown>\n#3 0x55789b042e51 <unknown>\n#4 0x55789b086bc4 <unknown>\n#5 0x55789b06546d <unknown>\n#6 0x55789b08412d <unknown>\n#7 0x55789b0651e3 <unknown>\n#8 0x55789b035135 <unknown>\n#9 0x55789b03613e <unknown>\n#10 0x55789b2d7e4b <unknown>\n#11 0x55789b2dbdfa <unknown>\n#12 0x55789b2c46d5 <unknown>\n#13 0x55789b2dca6f <unknown>\n#14 0x55789b2a869f <unknown>\n#15 0x55789b301098 <unknown>\n#16 0x55789b301262 <unknown>\n#17 0x55789b312f34 <unknown>\n#18 0x7efc2a945134 <unknown>","time":{"start":1706921507860,"stop":1706921508627,"duration":767}}]},"tags":["@pytest.mark.xfail","smoke_test"]},"source":"5daad4b076a509d9.json","parameterValues":["4490","149","'TD 008'","3980","'products/shtukaturka-gipsovaya-aksolit-m50-30-kg-mashinnogo-naneseniya'","2300","'https://sandboxtest.stroyrem-nn.ru/'","4500"]}