{"uid":"2b69a4a69e8db751","name":"test_positive_delivery_green_zone_smoke[TD 013-products/shtukaturka-gipsovaya-aksolit-m50-30-kg-mashinnogo-naneseniya-366-11000-4800-12450-13480-https://sandboxtest.stroyrem-nn.ru/]","fullName":"tests.delivery.test_delivery_calculation.TestDeliveryPageCalculation#test_positive_delivery_green_zone_smoke","historyId":"138a96f7f81216afdff8252a6c5795ca","time":{"start":1708044726712,"stop":1708044727144,"duration":432},"status":"skipped","statusMessage":"XFAIL\n\nselenium.common.exceptions.NoSuchElementException: Message: no such element: Unable to locate element: {\"method\":\"xpath\",\"selector\":\"(//a[@class='add-to-cart yellow-btn'])[1]\"}\n  (Session info: chrome-headless-shell=121.0.6167.85); For documentation on this error, please visit: https://www.selenium.dev/documentation/webdriver/troubleshooting/errors#no-such-element-exception\nStacktrace:\n#0 0x56399fdb0d93 <unknown>\n#1 0x56399fa94337 <unknown>\n#2 0x56399fadfd60 <unknown>\n#3 0x56399fadfe51 <unknown>\n#4 0x56399fb23bc4 <unknown>\n#5 0x56399fb0246d <unknown>\n#6 0x56399fb2112d <unknown>\n#7 0x56399fb021e3 <unknown>\n#8 0x56399fad2135 <unknown>\n#9 0x56399fad313e <unknown>\n#10 0x56399fd74e4b <unknown>\n#11 0x56399fd78dfa <unknown>\n#12 0x56399fd616d5 <unknown>\n#13 0x56399fd79a6f <unknown>\n#14 0x56399fd4569f <unknown>\n#15 0x56399fd9e098 <unknown>\n#16 0x56399fd9e262 <unknown>\n#17 0x56399fdaff34 <unknown>\n#18 0x7fd34c565134 <unknown>","statusTrace":"self = <tests.delivery.test_delivery_calculation.TestDeliveryPageCalculation object at 0x7f9ec3ef1ad0>\ndriver = <selenium.webdriver.chrome.webdriver.WebDriver (session=\"a3e7a46f66d2dad46b4393bae6aee240\")>\nurl = 'https://sandboxtest.stroyrem-nn.ru/', case_id = 'TD 013'\nlink_item = 'products/shtukaturka-gipsovaya-aksolit-m50-30-kg-mashinnogo-naneseniya'\namount = 366, weight = 11000, standard = 4800, in_time = 12450, all_time = 13480\n\n    @pytest.mark.parametrize('case_id, link_item, amount, weight, standard, in_time, all_time', [\n        (\"TD 001\", uroven_3000, 1, 30, 0, 1590, 2190),\n        (\"TD 002\", bundeks_25, 1, 30, 400, 1590, 2190),\n        (\"TD 003\", aksolit_30, 8, 300, 400, 1590, 2190),\n        (\"TD 004\", aksolit_30, 13, 400, 450, 1590, 2190),\n        (\"TD 005\", aksolit_30, 16, 500, 600, 1590, 2190),\n        (\"TD 006\", aksolit_30, 25, 1700, 990, 1990, 2480),\n        (\"TD 007\", aksolit_30, 66, 2000, 1300, 2490, 2980),\n        (\"TD 008\", aksolit_30, 149, 4500, 2300, 3980, 4490),\n        (\"TD 009\", aksolit_30, 166, 5000, 2500, 4990, 5480),\n        pytest.param(\n            \"TD 010\", aksolit_30, 206, 6200, 2900, 5570, 6120,\n            marks=pytest.mark.xfail(reson=\"Цена доставки 3600 7960 8980\")\n        ),\n        (\"TD 011\", aksolit_30, 299, 9000, 3600, 7960, 8980),\n        (\"TD 012\", aksolit_30, 333, 10000, 4450, 11990, 12500),\n        pytest.param(\n            \"TD 013\", aksolit_30, 366, 11000, 4800, 12450, 13480,\n            marks=pytest.mark.xfail(reason=\"Цена стандартной доставки 4450\")\n        ),\n        pytest.param(\n            \"TD 014\", aksolit_30, 666, 20000, 5400, 15600, 17490,\n            marks=pytest.mark.xfail(reason=\"Цена стандартной доставки 4450\")\n        )\n    ])\n    @pytest.mark.xfail\n    @pytest.mark.smoke_test\n    def test_positive_delivery_green_zone_smoke(\n            self, driver, url, case_id, link_item, amount, weight, standard, in_time, all_time\n    ):\n    \n        driver.get(f'{url}{link_item}')\n        item_page = ItemPage(driver)\n>       item_page.add_item_to_cart(amount).click_on_cart()\n\ntests/delivery/test_delivery_calculation.py:50: \n_ _ _ _ _ _ _ _ _ _ _ _ _ _ _ _ _ _ _ _ _ _ _ _ _ _ _ _ _ _ _ _ _ _ _ _ _ _ _ _ \npages/item_page.py:40: in add_item_to_cart\n    self.find_element(self._add_item).click()\nbase/seleniumbase.py:17: in find_element\n    return self.driver.find_element(*locator)\n/usr/local/lib/python3.11/site-packages/selenium/webdriver/remote/webdriver.py:739: in find_element\n    return self.execute(Command.FIND_ELEMENT, {\"using\": by, \"value\": value})[\"value\"]\n/usr/local/lib/python3.11/site-packages/selenium/webdriver/remote/webdriver.py:345: in execute\n    self.error_handler.check_response(response)\n_ _ _ _ _ _ _ _ _ _ _ _ _ _ _ _ _ _ _ _ _ _ _ _ _ _ _ _ _ _ _ _ _ _ _ _ _ _ _ _ \n\nself = <selenium.webdriver.remote.errorhandler.ErrorHandler object at 0x7f9ec38125d0>\nresponse = {'status': 404, 'value': '{\"value\":{\"error\":\"no such element\",\"message\":\"no such element: Unable to locate element: {\\...\\\\n#16 0x56399fd9e262 \\\\u003Cunknown>\\\\n#17 0x56399fdaff34 \\\\u003Cunknown>\\\\n#18 0x7fd34c565134 \\\\u003Cunknown>\\\\n\"}}'}\n\n    def check_response(self, response: Dict[str, Any]) -> None:\n        \"\"\"Checks that a JSON response from the WebDriver does not have an\n        error.\n    \n        :Args:\n         - response - The JSON response from the WebDriver server as a dictionary\n           object.\n    \n        :Raises: If the response contains an error message.\n        \"\"\"\n        status = response.get(\"status\", None)\n        if not status or status == ErrorCode.SUCCESS:\n            return\n        value = None\n        message = response.get(\"message\", \"\")\n        screen: str = response.get(\"screen\", \"\")\n        stacktrace = None\n        if isinstance(status, int):\n            value_json = response.get(\"value\", None)\n            if value_json and isinstance(value_json, str):\n                import json\n    \n                try:\n                    value = json.loads(value_json)\n                    if len(value) == 1:\n                        value = value[\"value\"]\n                    status = value.get(\"error\", None)\n                    if not status:\n                        status = value.get(\"status\", ErrorCode.UNKNOWN_ERROR)\n                        message = value.get(\"value\") or value.get(\"message\")\n                        if not isinstance(message, str):\n                            value = message\n                            message = message.get(\"message\")\n                    else:\n                        message = value.get(\"message\", None)\n                except ValueError:\n                    pass\n    \n        exception_class: Type[WebDriverException]\n        e = ErrorCode()\n        error_codes = [item for item in dir(e) if not item.startswith(\"__\")]\n        for error_code in error_codes:\n            error_info = getattr(ErrorCode, error_code)\n            if isinstance(error_info, list) and status in error_info:\n                exception_class = getattr(ExceptionMapping, error_code, WebDriverException)\n                break\n        else:\n            exception_class = WebDriverException\n    \n        if not value:\n            value = response[\"value\"]\n        if isinstance(value, str):\n            raise exception_class(value)\n        if message == \"\" and \"message\" in value:\n            message = value[\"message\"]\n    \n        screen = None  # type: ignore[assignment]\n        if \"screen\" in value:\n            screen = value[\"screen\"]\n    \n        stacktrace = None\n        st_value = value.get(\"stackTrace\") or value.get(\"stacktrace\")\n        if st_value:\n            if isinstance(st_value, str):\n                stacktrace = st_value.split(\"\\n\")\n            else:\n                stacktrace = []\n                try:\n                    for frame in st_value:\n                        line = frame.get(\"lineNumber\", \"\")\n                        file = frame.get(\"fileName\", \"<anonymous>\")\n                        if line:\n                            file = f\"{file}:{line}\"\n                        meth = frame.get(\"methodName\", \"<anonymous>\")\n                        if \"className\" in frame:\n                            meth = f\"{frame['className']}.{meth}\"\n                        msg = \"    at %s (%s)\"\n                        msg = msg % (meth, file)\n                        stacktrace.append(msg)\n                except TypeError:\n                    pass\n        if exception_class == UnexpectedAlertPresentException:\n            alert_text = None\n            if \"data\" in value:\n                alert_text = value[\"data\"].get(\"text\")\n            elif \"alert\" in value:\n                alert_text = value[\"alert\"].get(\"text\")\n            raise exception_class(message, screen, stacktrace, alert_text)  # type: ignore[call-arg]  # mypy is not smart enough here\n>       raise exception_class(message, screen, stacktrace)\nE       selenium.common.exceptions.NoSuchElementException: Message: no such element: Unable to locate element: {\"method\":\"xpath\",\"selector\":\"(//a[@class='add-to-cart yellow-btn'])[1]\"}\nE         (Session info: chrome-headless-shell=121.0.6167.85); For documentation on this error, please visit: https://www.selenium.dev/documentation/webdriver/troubleshooting/errors#no-such-element-exception\nE       Stacktrace:\nE       #0 0x56399fdb0d93 <unknown>\nE       #1 0x56399fa94337 <unknown>\nE       #2 0x56399fadfd60 <unknown>\nE       #3 0x56399fadfe51 <unknown>\nE       #4 0x56399fb23bc4 <unknown>\nE       #5 0x56399fb0246d <unknown>\nE       #6 0x56399fb2112d <unknown>\nE       #7 0x56399fb021e3 <unknown>\nE       #8 0x56399fad2135 <unknown>\nE       #9 0x56399fad313e <unknown>\nE       #10 0x56399fd74e4b <unknown>\nE       #11 0x56399fd78dfa <unknown>\nE       #12 0x56399fd616d5 <unknown>\nE       #13 0x56399fd79a6f <unknown>\nE       #14 0x56399fd4569f <unknown>\nE       #15 0x56399fd9e098 <unknown>\nE       #16 0x56399fd9e262 <unknown>\nE       #17 0x56399fdaff34 <unknown>\nE       #18 0x7fd34c565134 <unknown>\n\n/usr/local/lib/python3.11/site-packages/selenium/webdriver/remote/errorhandler.py:229: NoSuchElementException","flaky":false,"newFailed":false,"newBroken":false,"newPassed":false,"retriesCount":0,"retriesStatusChange":false,"beforeStages":[{"name":"_session_faker","time":{"start":1708044431740,"stop":1708044431814,"duration":74},"status":"passed","steps":[],"attachments":[],"parameters":[],"shouldDisplayMessage":false,"stepsCount":0,"attachmentsCount":0,"hasContent":false,"attachmentStep":false},{"name":"clear_allure_results_folder","time":{"start":1708044431814,"stop":1708044431814,"duration":0},"status":"passed","steps":[],"attachments":[],"parameters":[],"shouldDisplayMessage":false,"stepsCount":0,"attachmentsCount":0,"hasContent":false,"attachmentStep":false},{"name":"driver","time":{"start":1708044725927,"stop":1708044726710,"duration":783},"status":"passed","steps":[],"attachments":[],"parameters":[],"shouldDisplayMessage":false,"stepsCount":0,"attachmentsCount":0,"hasContent":false,"attachmentStep":false},{"name":"setup","time":{"start":1708044726711,"stop":1708044726711,"duration":0},"status":"passed","steps":[],"attachments":[],"parameters":[],"shouldDisplayMessage":false,"stepsCount":0,"attachmentsCount":0,"hasContent":false,"attachmentStep":false}],"testStage":{"status":"skipped","statusMessage":"XFAIL\n\nselenium.common.exceptions.NoSuchElementException: Message: no such element: Unable to locate element: {\"method\":\"xpath\",\"selector\":\"(//a[@class='add-to-cart yellow-btn'])[1]\"}\n  (Session info: chrome-headless-shell=121.0.6167.85); For documentation on this error, please visit: https://www.selenium.dev/documentation/webdriver/troubleshooting/errors#no-such-element-exception\nStacktrace:\n#0 0x56399fdb0d93 <unknown>\n#1 0x56399fa94337 <unknown>\n#2 0x56399fadfd60 <unknown>\n#3 0x56399fadfe51 <unknown>\n#4 0x56399fb23bc4 <unknown>\n#5 0x56399fb0246d <unknown>\n#6 0x56399fb2112d <unknown>\n#7 0x56399fb021e3 <unknown>\n#8 0x56399fad2135 <unknown>\n#9 0x56399fad313e <unknown>\n#10 0x56399fd74e4b <unknown>\n#11 0x56399fd78dfa <unknown>\n#12 0x56399fd616d5 <unknown>\n#13 0x56399fd79a6f <unknown>\n#14 0x56399fd4569f <unknown>\n#15 0x56399fd9e098 <unknown>\n#16 0x56399fd9e262 <unknown>\n#17 0x56399fdaff34 <unknown>\n#18 0x7fd34c565134 <unknown>","statusTrace":"self = <tests.delivery.test_delivery_calculation.TestDeliveryPageCalculation object at 0x7f9ec3ef1ad0>\ndriver = <selenium.webdriver.chrome.webdriver.WebDriver (session=\"a3e7a46f66d2dad46b4393bae6aee240\")>\nurl = 'https://sandboxtest.stroyrem-nn.ru/', case_id = 'TD 013'\nlink_item = 'products/shtukaturka-gipsovaya-aksolit-m50-30-kg-mashinnogo-naneseniya'\namount = 366, weight = 11000, standard = 4800, in_time = 12450, all_time = 13480\n\n    @pytest.mark.parametrize('case_id, link_item, amount, weight, standard, in_time, all_time', [\n        (\"TD 001\", uroven_3000, 1, 30, 0, 1590, 2190),\n        (\"TD 002\", bundeks_25, 1, 30, 400, 1590, 2190),\n        (\"TD 003\", aksolit_30, 8, 300, 400, 1590, 2190),\n        (\"TD 004\", aksolit_30, 13, 400, 450, 1590, 2190),\n        (\"TD 005\", aksolit_30, 16, 500, 600, 1590, 2190),\n        (\"TD 006\", aksolit_30, 25, 1700, 990, 1990, 2480),\n        (\"TD 007\", aksolit_30, 66, 2000, 1300, 2490, 2980),\n        (\"TD 008\", aksolit_30, 149, 4500, 2300, 3980, 4490),\n        (\"TD 009\", aksolit_30, 166, 5000, 2500, 4990, 5480),\n        pytest.param(\n            \"TD 010\", aksolit_30, 206, 6200, 2900, 5570, 6120,\n            marks=pytest.mark.xfail(reson=\"Цена доставки 3600 7960 8980\")\n        ),\n        (\"TD 011\", aksolit_30, 299, 9000, 3600, 7960, 8980),\n        (\"TD 012\", aksolit_30, 333, 10000, 4450, 11990, 12500),\n        pytest.param(\n            \"TD 013\", aksolit_30, 366, 11000, 4800, 12450, 13480,\n            marks=pytest.mark.xfail(reason=\"Цена стандартной доставки 4450\")\n        ),\n        pytest.param(\n            \"TD 014\", aksolit_30, 666, 20000, 5400, 15600, 17490,\n            marks=pytest.mark.xfail(reason=\"Цена стандартной доставки 4450\")\n        )\n    ])\n    @pytest.mark.xfail\n    @pytest.mark.smoke_test\n    def test_positive_delivery_green_zone_smoke(\n            self, driver, url, case_id, link_item, amount, weight, standard, in_time, all_time\n    ):\n    \n        driver.get(f'{url}{link_item}')\n        item_page = ItemPage(driver)\n>       item_page.add_item_to_cart(amount).click_on_cart()\n\ntests/delivery/test_delivery_calculation.py:50: \n_ _ _ _ _ _ _ _ _ _ _ _ _ _ _ _ _ _ _ _ _ _ _ _ _ _ _ _ _ _ _ _ _ _ _ _ _ _ _ _ \npages/item_page.py:40: in add_item_to_cart\n    self.find_element(self._add_item).click()\nbase/seleniumbase.py:17: in find_element\n    return self.driver.find_element(*locator)\n/usr/local/lib/python3.11/site-packages/selenium/webdriver/remote/webdriver.py:739: in find_element\n    return self.execute(Command.FIND_ELEMENT, {\"using\": by, \"value\": value})[\"value\"]\n/usr/local/lib/python3.11/site-packages/selenium/webdriver/remote/webdriver.py:345: in execute\n    self.error_handler.check_response(response)\n_ _ _ _ _ _ _ _ _ _ _ _ _ _ _ _ _ _ _ _ _ _ _ _ _ _ _ _ _ _ _ _ _ _ _ _ _ _ _ _ \n\nself = <selenium.webdriver.remote.errorhandler.ErrorHandler object at 0x7f9ec38125d0>\nresponse = {'status': 404, 'value': '{\"value\":{\"error\":\"no such element\",\"message\":\"no such element: Unable to locate element: {\\...\\\\n#16 0x56399fd9e262 \\\\u003Cunknown>\\\\n#17 0x56399fdaff34 \\\\u003Cunknown>\\\\n#18 0x7fd34c565134 \\\\u003Cunknown>\\\\n\"}}'}\n\n    def check_response(self, response: Dict[str, Any]) -> None:\n        \"\"\"Checks that a JSON response from the WebDriver does not have an\n        error.\n    \n        :Args:\n         - response - The JSON response from the WebDriver server as a dictionary\n           object.\n    \n        :Raises: If the response contains an error message.\n        \"\"\"\n        status = response.get(\"status\", None)\n        if not status or status == ErrorCode.SUCCESS:\n            return\n        value = None\n        message = response.get(\"message\", \"\")\n        screen: str = response.get(\"screen\", \"\")\n        stacktrace = None\n        if isinstance(status, int):\n            value_json = response.get(\"value\", None)\n            if value_json and isinstance(value_json, str):\n                import json\n    \n                try:\n                    value = json.loads(value_json)\n                    if len(value) == 1:\n                        value = value[\"value\"]\n                    status = value.get(\"error\", None)\n                    if not status:\n                        status = value.get(\"status\", ErrorCode.UNKNOWN_ERROR)\n                        message = value.get(\"value\") or value.get(\"message\")\n                        if not isinstance(message, str):\n                            value = message\n                            message = message.get(\"message\")\n                    else:\n                        message = value.get(\"message\", None)\n                except ValueError:\n                    pass\n    \n        exception_class: Type[WebDriverException]\n        e = ErrorCode()\n        error_codes = [item for item in dir(e) if not item.startswith(\"__\")]\n        for error_code in error_codes:\n            error_info = getattr(ErrorCode, error_code)\n            if isinstance(error_info, list) and status in error_info:\n                exception_class = getattr(ExceptionMapping, error_code, WebDriverException)\n                break\n        else:\n            exception_class = WebDriverException\n    \n        if not value:\n            value = response[\"value\"]\n        if isinstance(value, str):\n            raise exception_class(value)\n        if message == \"\" and \"message\" in value:\n            message = value[\"message\"]\n    \n        screen = None  # type: ignore[assignment]\n        if \"screen\" in value:\n            screen = value[\"screen\"]\n    \n        stacktrace = None\n        st_value = value.get(\"stackTrace\") or value.get(\"stacktrace\")\n        if st_value:\n            if isinstance(st_value, str):\n                stacktrace = st_value.split(\"\\n\")\n            else:\n                stacktrace = []\n                try:\n                    for frame in st_value:\n                        line = frame.get(\"lineNumber\", \"\")\n                        file = frame.get(\"fileName\", \"<anonymous>\")\n                        if line:\n                            file = f\"{file}:{line}\"\n                        meth = frame.get(\"methodName\", \"<anonymous>\")\n                        if \"className\" in frame:\n                            meth = f\"{frame['className']}.{meth}\"\n                        msg = \"    at %s (%s)\"\n                        msg = msg % (meth, file)\n                        stacktrace.append(msg)\n                except TypeError:\n                    pass\n        if exception_class == UnexpectedAlertPresentException:\n            alert_text = None\n            if \"data\" in value:\n                alert_text = value[\"data\"].get(\"text\")\n            elif \"alert\" in value:\n                alert_text = value[\"alert\"].get(\"text\")\n            raise exception_class(message, screen, stacktrace, alert_text)  # type: ignore[call-arg]  # mypy is not smart enough here\n>       raise exception_class(message, screen, stacktrace)\nE       selenium.common.exceptions.NoSuchElementException: Message: no such element: Unable to locate element: {\"method\":\"xpath\",\"selector\":\"(//a[@class='add-to-cart yellow-btn'])[1]\"}\nE         (Session info: chrome-headless-shell=121.0.6167.85); For documentation on this error, please visit: https://www.selenium.dev/documentation/webdriver/troubleshooting/errors#no-such-element-exception\nE       Stacktrace:\nE       #0 0x56399fdb0d93 <unknown>\nE       #1 0x56399fa94337 <unknown>\nE       #2 0x56399fadfd60 <unknown>\nE       #3 0x56399fadfe51 <unknown>\nE       #4 0x56399fb23bc4 <unknown>\nE       #5 0x56399fb0246d <unknown>\nE       #6 0x56399fb2112d <unknown>\nE       #7 0x56399fb021e3 <unknown>\nE       #8 0x56399fad2135 <unknown>\nE       #9 0x56399fad313e <unknown>\nE       #10 0x56399fd74e4b <unknown>\nE       #11 0x56399fd78dfa <unknown>\nE       #12 0x56399fd616d5 <unknown>\nE       #13 0x56399fd79a6f <unknown>\nE       #14 0x56399fd4569f <unknown>\nE       #15 0x56399fd9e098 <unknown>\nE       #16 0x56399fd9e262 <unknown>\nE       #17 0x56399fdaff34 <unknown>\nE       #18 0x7fd34c565134 <unknown>\n\n/usr/local/lib/python3.11/site-packages/selenium/webdriver/remote/errorhandler.py:229: NoSuchElementException","steps":[{"name":"Добавляем товар в корзину в количестве 366","time":{"start":1708044727131,"stop":1708044727143,"duration":12},"status":"broken","statusMessage":"selenium.common.exceptions.NoSuchElementException: Message: no such element: Unable to locate element: {\"method\":\"xpath\",\"selector\":\"(//a[@class='add-to-cart yellow-btn'])[1]\"}\n  (Session info: chrome-headless-shell=121.0.6167.85); For documentation on this error, please visit: https://www.selenium.dev/documentation/webdriver/troubleshooting/errors#no-such-element-exception\nStacktrace:\n#0 0x56399fdb0d93 <unknown>\n#1 0x56399fa94337 <unknown>\n#2 0x56399fadfd60 <unknown>\n#3 0x56399fadfe51 <unknown>\n#4 0x56399fb23bc4 <unknown>\n#5 0x56399fb0246d <unknown>\n#6 0x56399fb2112d <unknown>\n#7 0x56399fb021e3 <unknown>\n#8 0x56399fad2135 <unknown>\n#9 0x56399fad313e <unknown>\n#10 0x56399fd74e4b <unknown>\n#11 0x56399fd78dfa <unknown>\n#12 0x56399fd616d5 <unknown>\n#13 0x56399fd79a6f <unknown>\n#14 0x56399fd4569f <unknown>\n#15 0x56399fd9e098 <unknown>\n#16 0x56399fd9e262 <unknown>\n#17 0x56399fdaff34 <unknown>\n#18 0x7fd34c565134 <unknown>\n\n","statusTrace":"  File \"/usr/local/lib/python3.11/site-packages/allure_commons/_allure.py\", line 192, in impl\n    return func(*a, **kw)\n           ^^^^^^^^^^^^^^\n  File \"/app/pages/item_page.py\", line 40, in add_item_to_cart\n    self.find_element(self._add_item).click()\n    ^^^^^^^^^^^^^^^^^^^^^^^^^^^^^^^^^\n  File \"/app/base/seleniumbase.py\", line 17, in find_element\n    return self.driver.find_element(*locator)\n           ^^^^^^^^^^^^^^^^^^^^^^^^^^^^^^^^^^\n  File \"/usr/local/lib/python3.11/site-packages/selenium/webdriver/remote/webdriver.py\", line 739, in find_element\n    return self.execute(Command.FIND_ELEMENT, {\"using\": by, \"value\": value})[\"value\"]\n           ^^^^^^^^^^^^^^^^^^^^^^^^^^^^^^^^^^^^^^^^^^^^^^^^^^^^^^^^^^^^^^^^^\n  File \"/usr/local/lib/python3.11/site-packages/selenium/webdriver/remote/webdriver.py\", line 345, in execute\n    self.error_handler.check_response(response)\n  File \"/usr/local/lib/python3.11/site-packages/selenium/webdriver/remote/errorhandler.py\", line 229, in check_response\n    raise exception_class(message, screen, stacktrace)\n","steps":[],"attachments":[],"parameters":[{"name":"amount","value":"366"}],"shouldDisplayMessage":true,"stepsCount":0,"attachmentsCount":0,"hasContent":true,"attachmentStep":false}],"attachments":[{"uid":"ebc2d80ccd85d424","name":"Screenshot","source":"ebc2d80ccd85d424.png","type":"image/png","size":5862},{"uid":"eabe0d6a0ce38075","name":"HTML source","source":"eabe0d6a0ce38075.html","type":"text/html","size":39}],"parameters":[],"shouldDisplayMessage":true,"stepsCount":1,"attachmentsCount":2,"hasContent":true,"attachmentStep":false},"afterStages":[{"name":"setup::0","time":{"start":1708044727250,"stop":1708044727250,"duration":0},"status":"passed","steps":[],"attachments":[],"parameters":[],"shouldDisplayMessage":false,"stepsCount":0,"attachmentsCount":0,"hasContent":false,"attachmentStep":false},{"name":"driver::0","time":{"start":1708044727250,"stop":1708044727307,"duration":57},"status":"passed","steps":[],"attachments":[],"parameters":[],"shouldDisplayMessage":false,"stepsCount":0,"attachmentsCount":0,"hasContent":false,"attachmentStep":false}],"labels":[{"name":"epic","value":"Delivery Page - calculation"},{"name":"tag","value":"smoke_test"},{"name":"tag","value":"@pytest.mark.xfail"},{"name":"parentSuite","value":"tests.delivery"},{"name":"suite","value":"test_delivery_calculation"},{"name":"subSuite","value":"TestDeliveryPageCalculation"},{"name":"host","value":"751a1826da6b"},{"name":"thread","value":"1-MainThread"},{"name":"framework","value":"pytest"},{"name":"language","value":"cpython3"},{"name":"package","value":"tests.delivery.test_delivery_calculation"},{"name":"resultFormat","value":"allure2"}],"parameters":[{"name":"all_time","value":"13480"},{"name":"amount","value":"366"},{"name":"case_id","value":"'TD 013'"},{"name":"in_time","value":"12450"},{"name":"link_item","value":"'products/shtukaturka-gipsovaya-aksolit-m50-30-kg-mashinnogo-naneseniya'"},{"name":"standard","value":"4800"},{"name":"url","value":"'https://sandboxtest.stroyrem-nn.ru/'"},{"name":"weight","value":"11000"}],"links":[],"hidden":false,"retry":false,"extra":{"severity":"normal","retries":[],"categories":[],"history":{"statistic":{"failed":0,"broken":0,"skipped":171,"passed":0,"unknown":0,"total":171},"items":[{"uid":"9038b0ed8eac4604","reportUrl":"https://Nat754.github.io/StroyremAutomation/218//#testresult/9038b0ed8eac4604","status":"skipped","statusDetails":"XFAIL\n\nselenium.common.exceptions.NoSuchElementException: Message: no such element: Unable to locate element: {\"method\":\"xpath\",\"selector\":\"(//a[@class='add-to-cart yellow-btn'])[1]\"}\n  (Session info: chrome-headless-shell=121.0.6167.85); For documentation on this error, please visit: https://www.selenium.dev/documentation/webdriver/troubleshooting/errors#no-such-element-exception\nStacktrace:\n#0 0x55c99d88fd93 <unknown>\n#1 0x55c99d573337 <unknown>\n#2 0x55c99d5bed60 <unknown>\n#3 0x55c99d5bee51 <unknown>\n#4 0x55c99d602bc4 <unknown>\n#5 0x55c99d5e146d <unknown>\n#6 0x55c99d60012d <unknown>\n#7 0x55c99d5e11e3 <unknown>\n#8 0x55c99d5b1135 <unknown>\n#9 0x55c99d5b213e <unknown>\n#10 0x55c99d853e4b <unknown>\n#11 0x55c99d857dfa <unknown>\n#12 0x55c99d8406d5 <unknown>\n#13 0x55c99d858a6f <unknown>\n#14 0x55c99d82469f <unknown>\n#15 0x55c99d87d098 <unknown>\n#16 0x55c99d87d262 <unknown>\n#17 0x55c99d88ef34 <unknown>\n#18 0x7ff15323e134 <unknown>","time":{"start":1707958338383,"stop":1707958338799,"duration":416}},{"uid":"5fc8ad69e3605894","reportUrl":"https://Nat754.github.io/StroyremAutomation/217//#testresult/5fc8ad69e3605894","status":"skipped","statusDetails":"XFAIL\n\nselenium.common.exceptions.NoSuchElementException: Message: no such element: Unable to locate element: {\"method\":\"xpath\",\"selector\":\"(//a[@class='add-to-cart yellow-btn'])[1]\"}\n  (Session info: chrome-headless-shell=121.0.6167.85); For documentation on this error, please visit: https://www.selenium.dev/documentation/webdriver/troubleshooting/errors#no-such-element-exception\nStacktrace:\n#0 0x55e6bd96cd93 <unknown>\n#1 0x55e6bd650337 <unknown>\n#2 0x55e6bd69bd60 <unknown>\n#3 0x55e6bd69be51 <unknown>\n#4 0x55e6bd6dfbc4 <unknown>\n#5 0x55e6bd6be46d <unknown>\n#6 0x55e6bd6dd12d <unknown>\n#7 0x55e6bd6be1e3 <unknown>\n#8 0x55e6bd68e135 <unknown>\n#9 0x55e6bd68f13e <unknown>\n#10 0x55e6bd930e4b <unknown>\n#11 0x55e6bd934dfa <unknown>\n#12 0x55e6bd91d6d5 <unknown>\n#13 0x55e6bd935a6f <unknown>\n#14 0x55e6bd90169f <unknown>\n#15 0x55e6bd95a098 <unknown>\n#16 0x55e6bd95a262 <unknown>\n#17 0x55e6bd96bf34 <unknown>\n#18 0x7fbfb0b7e134 <unknown>","time":{"start":1707872021245,"stop":1707872021638,"duration":393}},{"uid":"edfbd988143b7f1e","reportUrl":"https://Nat754.github.io/StroyremAutomation/216//#testresult/edfbd988143b7f1e","status":"skipped","statusDetails":"XFAIL\n\nselenium.common.exceptions.NoSuchElementException: Message: no such element: Unable to locate element: {\"method\":\"xpath\",\"selector\":\"(//a[@class='add-to-cart yellow-btn'])[1]\"}\n  (Session info: chrome-headless-shell=121.0.6167.85); For documentation on this error, please visit: https://www.selenium.dev/documentation/webdriver/troubleshooting/errors#no-such-element-exception\nStacktrace:\n#0 0x562581615d93 <unknown>\n#1 0x5625812f9337 <unknown>\n#2 0x562581344d60 <unknown>\n#3 0x562581344e51 <unknown>\n#4 0x562581388bc4 <unknown>\n#5 0x56258136746d <unknown>\n#6 0x56258138612d <unknown>\n#7 0x5625813671e3 <unknown>\n#8 0x562581337135 <unknown>\n#9 0x56258133813e <unknown>\n#10 0x5625815d9e4b <unknown>\n#11 0x5625815dddfa <unknown>\n#12 0x5625815c66d5 <unknown>\n#13 0x5625815dea6f <unknown>\n#14 0x5625815aa69f <unknown>\n#15 0x562581603098 <unknown>\n#16 0x562581603262 <unknown>\n#17 0x562581614f34 <unknown>\n#18 0x7f9237361134 <unknown>","time":{"start":1707785628410,"stop":1707785629021,"duration":611}},{"uid":"46f440fee5494708","reportUrl":"https://Nat754.github.io/StroyremAutomation/215//#testresult/46f440fee5494708","status":"skipped","statusDetails":"XFAIL\n\nselenium.common.exceptions.NoSuchElementException: Message: no such element: Unable to locate element: {\"method\":\"xpath\",\"selector\":\"(//a[@class='add-to-cart yellow-btn'])[1]\"}\n  (Session info: chrome-headless-shell=121.0.6167.85); For documentation on this error, please visit: https://www.selenium.dev/documentation/webdriver/troubleshooting/errors#no-such-element-exception\nStacktrace:\n#0 0x55be014ccd93 <unknown>\n#1 0x55be011b0337 <unknown>\n#2 0x55be011fbd60 <unknown>\n#3 0x55be011fbe51 <unknown>\n#4 0x55be0123fbc4 <unknown>\n#5 0x55be0121e46d <unknown>\n#6 0x55be0123d12d <unknown>\n#7 0x55be0121e1e3 <unknown>\n#8 0x55be011ee135 <unknown>\n#9 0x55be011ef13e <unknown>\n#10 0x55be01490e4b <unknown>\n#11 0x55be01494dfa <unknown>\n#12 0x55be0147d6d5 <unknown>\n#13 0x55be01495a6f <unknown>\n#14 0x55be0146169f <unknown>\n#15 0x55be014ba098 <unknown>\n#16 0x55be014ba262 <unknown>\n#17 0x55be014cbf34 <unknown>\n#18 0x7f36fc25a134 <unknown>","time":{"start":1707699168014,"stop":1707699168648,"duration":634}},{"uid":"9348cd9a87df97c","reportUrl":"https://Nat754.github.io/StroyremAutomation/214//#testresult/9348cd9a87df97c","status":"skipped","statusDetails":"XFAIL\n\nselenium.common.exceptions.NoSuchElementException: Message: no such element: Unable to locate element: {\"method\":\"xpath\",\"selector\":\"(//a[@class='add-to-cart yellow-btn'])[1]\"}\n  (Session info: chrome-headless-shell=121.0.6167.85); For documentation on this error, please visit: https://www.selenium.dev/documentation/webdriver/troubleshooting/errors#no-such-element-exception\nStacktrace:\n#0 0x5650e2261d93 <unknown>\n#1 0x5650e1f45337 <unknown>\n#2 0x5650e1f90d60 <unknown>\n#3 0x5650e1f90e51 <unknown>\n#4 0x5650e1fd4bc4 <unknown>\n#5 0x5650e1fb346d <unknown>\n#6 0x5650e1fd212d <unknown>\n#7 0x5650e1fb31e3 <unknown>\n#8 0x5650e1f83135 <unknown>\n#9 0x5650e1f8413e <unknown>\n#10 0x5650e2225e4b <unknown>\n#11 0x5650e2229dfa <unknown>\n#12 0x5650e22126d5 <unknown>\n#13 0x5650e222aa6f <unknown>\n#14 0x5650e21f669f <unknown>\n#15 0x5650e224f098 <unknown>\n#16 0x5650e224f262 <unknown>\n#17 0x5650e2260f34 <unknown>\n#18 0x7ff036bc6134 <unknown>","time":{"start":1707613017376,"stop":1707613017696,"duration":320}},{"uid":"8aa62106fb459623","reportUrl":"https://Nat754.github.io/StroyremAutomation/213//#testresult/8aa62106fb459623","status":"skipped","statusDetails":"XFAIL\n\nselenium.common.exceptions.NoSuchElementException: Message: no such element: Unable to locate element: {\"method\":\"xpath\",\"selector\":\"(//a[@class='add-to-cart yellow-btn'])[1]\"}\n  (Session info: chrome-headless-shell=121.0.6167.85); For documentation on this error, please visit: https://www.selenium.dev/documentation/webdriver/troubleshooting/errors#no-such-element-exception\nStacktrace:\n#0 0x5609d1065d93 <unknown>\n#1 0x5609d0d49337 <unknown>\n#2 0x5609d0d94d60 <unknown>\n#3 0x5609d0d94e51 <unknown>\n#4 0x5609d0dd8bc4 <unknown>\n#5 0x5609d0db746d <unknown>\n#6 0x5609d0dd612d <unknown>\n#7 0x5609d0db71e3 <unknown>\n#8 0x5609d0d87135 <unknown>\n#9 0x5609d0d8813e <unknown>\n#10 0x5609d1029e4b <unknown>\n#11 0x5609d102ddfa <unknown>\n#12 0x5609d10166d5 <unknown>\n#13 0x5609d102ea6f <unknown>\n#14 0x5609d0ffa69f <unknown>\n#15 0x5609d1053098 <unknown>\n#16 0x5609d1053262 <unknown>\n#17 0x5609d1064f34 <unknown>\n#18 0x7f8c50d33134 <unknown>","time":{"start":1707526251733,"stop":1707526252155,"duration":422}},{"uid":"530283b0a361e51","reportUrl":"https://Nat754.github.io/StroyremAutomation/212//#testresult/530283b0a361e51","status":"skipped","statusDetails":"XFAIL\n\nselenium.common.exceptions.NoSuchElementException: Message: no such element: Unable to locate element: {\"method\":\"xpath\",\"selector\":\"(//a[@class='add-to-cart yellow-btn'])[1]\"}\n  (Session info: chrome-headless-shell=121.0.6167.85); For documentation on this error, please visit: https://www.selenium.dev/documentation/webdriver/troubleshooting/errors#no-such-element-exception\nStacktrace:\n#0 0x55c4e57f6d93 <unknown>\n#1 0x55c4e54da337 <unknown>\n#2 0x55c4e5525d60 <unknown>\n#3 0x55c4e5525e51 <unknown>\n#4 0x55c4e5569bc4 <unknown>\n#5 0x55c4e554846d <unknown>\n#6 0x55c4e556712d <unknown>\n#7 0x55c4e55481e3 <unknown>\n#8 0x55c4e5518135 <unknown>\n#9 0x55c4e551913e <unknown>\n#10 0x55c4e57bae4b <unknown>\n#11 0x55c4e57bedfa <unknown>\n#12 0x55c4e57a76d5 <unknown>\n#13 0x55c4e57bfa6f <unknown>\n#14 0x55c4e578b69f <unknown>\n#15 0x55c4e57e4098 <unknown>\n#16 0x55c4e57e4262 <unknown>\n#17 0x55c4e57f5f34 <unknown>\n#18 0x7fbe55f49134 <unknown>","time":{"start":1707439865939,"stop":1707439866294,"duration":355}},{"uid":"b28f024f0b7ec763","reportUrl":"https://Nat754.github.io/StroyremAutomation/211//#testresult/b28f024f0b7ec763","status":"skipped","statusDetails":"XFAIL\n\nselenium.common.exceptions.NoSuchElementException: Message: no such element: Unable to locate element: {\"method\":\"xpath\",\"selector\":\"(//a[@class='add-to-cart yellow-btn'])[1]\"}\n  (Session info: chrome-headless-shell=121.0.6167.85); For documentation on this error, please visit: https://www.selenium.dev/documentation/webdriver/troubleshooting/errors#no-such-element-exception\nStacktrace:\n#0 0x556616a52d93 <unknown>\n#1 0x556616736337 <unknown>\n#2 0x556616781d60 <unknown>\n#3 0x556616781e51 <unknown>\n#4 0x5566167c5bc4 <unknown>\n#5 0x5566167a446d <unknown>\n#6 0x5566167c312d <unknown>\n#7 0x5566167a41e3 <unknown>\n#8 0x556616774135 <unknown>\n#9 0x55661677513e <unknown>\n#10 0x556616a16e4b <unknown>\n#11 0x556616a1adfa <unknown>\n#12 0x556616a036d5 <unknown>\n#13 0x556616a1ba6f <unknown>\n#14 0x5566169e769f <unknown>\n#15 0x556616a40098 <unknown>\n#16 0x556616a40262 <unknown>\n#17 0x556616a51f34 <unknown>\n#18 0x7f40845d4134 <unknown>","time":{"start":1707353485239,"stop":1707353485592,"duration":353}},{"uid":"94018836724ef4bb","reportUrl":"https://Nat754.github.io/StroyremAutomation/210//#testresult/94018836724ef4bb","status":"skipped","statusDetails":"XFAIL\n\nselenium.common.exceptions.NoSuchElementException: Message: no such element: Unable to locate element: {\"method\":\"xpath\",\"selector\":\"(//a[@class='add-to-cart yellow-btn'])[1]\"}\n  (Session info: chrome-headless-shell=121.0.6167.85); For documentation on this error, please visit: https://www.selenium.dev/documentation/webdriver/troubleshooting/errors#no-such-element-exception\nStacktrace:\n#0 0x558bd8074d93 <unknown>\n#1 0x558bd7d58337 <unknown>\n#2 0x558bd7da3d60 <unknown>\n#3 0x558bd7da3e51 <unknown>\n#4 0x558bd7de7bc4 <unknown>\n#5 0x558bd7dc646d <unknown>\n#6 0x558bd7de512d <unknown>\n#7 0x558bd7dc61e3 <unknown>\n#8 0x558bd7d96135 <unknown>\n#9 0x558bd7d9713e <unknown>\n#10 0x558bd8038e4b <unknown>\n#11 0x558bd803cdfa <unknown>\n#12 0x558bd80256d5 <unknown>\n#13 0x558bd803da6f <unknown>\n#14 0x558bd800969f <unknown>\n#15 0x558bd8062098 <unknown>\n#16 0x558bd8062262 <unknown>\n#17 0x558bd8073f34 <unknown>\n#18 0x7f036b042134 <unknown>","time":{"start":1707267017142,"stop":1707267017471,"duration":329}},{"uid":"7bfb8636fca6626b","reportUrl":"https://Nat754.github.io/StroyremAutomation/209//#testresult/7bfb8636fca6626b","status":"skipped","statusDetails":"XFAIL\n\nselenium.common.exceptions.NoSuchElementException: Message: no such element: Unable to locate element: {\"method\":\"xpath\",\"selector\":\"(//a[@class='add-to-cart yellow-btn'])[1]\"}\n  (Session info: chrome-headless-shell=121.0.6167.85); For documentation on this error, please visit: https://www.selenium.dev/documentation/webdriver/troubleshooting/errors#no-such-element-exception\nStacktrace:\n#0 0x56012fab8d93 <unknown>\n#1 0x56012f79c337 <unknown>\n#2 0x56012f7e7d60 <unknown>\n#3 0x56012f7e7e51 <unknown>\n#4 0x56012f82bbc4 <unknown>\n#5 0x56012f80a46d <unknown>\n#6 0x56012f82912d <unknown>\n#7 0x56012f80a1e3 <unknown>\n#8 0x56012f7da135 <unknown>\n#9 0x56012f7db13e <unknown>\n#10 0x56012fa7ce4b <unknown>\n#11 0x56012fa80dfa <unknown>\n#12 0x56012fa696d5 <unknown>\n#13 0x56012fa81a6f <unknown>\n#14 0x56012fa4d69f <unknown>\n#15 0x56012faa6098 <unknown>\n#16 0x56012faa6262 <unknown>\n#17 0x56012fab7f34 <unknown>\n#18 0x7f1a2af10134 <unknown>","time":{"start":1707180730561,"stop":1707180730965,"duration":404}},{"uid":"aee64f59e63990b","reportUrl":"https://Nat754.github.io/StroyremAutomation/208//#testresult/aee64f59e63990b","status":"skipped","statusDetails":"XFAIL\n\nselenium.common.exceptions.NoSuchElementException: Message: no such element: Unable to locate element: {\"method\":\"xpath\",\"selector\":\"(//a[@class='add-to-cart yellow-btn'])[1]\"}\n  (Session info: chrome-headless-shell=121.0.6167.85); For documentation on this error, please visit: https://www.selenium.dev/documentation/webdriver/troubleshooting/errors#no-such-element-exception\nStacktrace:\n#0 0x562bf0009d93 <unknown>\n#1 0x562befced337 <unknown>\n#2 0x562befd38d60 <unknown>\n#3 0x562befd38e51 <unknown>\n#4 0x562befd7cbc4 <unknown>\n#5 0x562befd5b46d <unknown>\n#6 0x562befd7a12d <unknown>\n#7 0x562befd5b1e3 <unknown>\n#8 0x562befd2b135 <unknown>\n#9 0x562befd2c13e <unknown>\n#10 0x562beffcde4b <unknown>\n#11 0x562beffd1dfa <unknown>\n#12 0x562beffba6d5 <unknown>\n#13 0x562beffd2a6f <unknown>\n#14 0x562beff9e69f <unknown>\n#15 0x562befff7098 <unknown>\n#16 0x562befff7262 <unknown>\n#17 0x562bf0008f34 <unknown>\n#18 0x7fc802feb134 <unknown>","time":{"start":1707094493744,"stop":1707094494279,"duration":535}},{"uid":"c2a2ba02ed557f19","reportUrl":"https://Nat754.github.io/StroyremAutomation/207//#testresult/c2a2ba02ed557f19","status":"skipped","statusDetails":"XFAIL\n\nselenium.common.exceptions.NoSuchElementException: Message: no such element: Unable to locate element: {\"method\":\"xpath\",\"selector\":\"(//a[@class='add-to-cart yellow-btn'])[1]\"}\n  (Session info: chrome-headless-shell=121.0.6167.85); For documentation on this error, please visit: https://www.selenium.dev/documentation/webdriver/troubleshooting/errors#no-such-element-exception\nStacktrace:\n#0 0x562518963d93 <unknown>\n#1 0x562518647337 <unknown>\n#2 0x562518692d60 <unknown>\n#3 0x562518692e51 <unknown>\n#4 0x5625186d6bc4 <unknown>\n#5 0x5625186b546d <unknown>\n#6 0x5625186d412d <unknown>\n#7 0x5625186b51e3 <unknown>\n#8 0x562518685135 <unknown>\n#9 0x56251868613e <unknown>\n#10 0x562518927e4b <unknown>\n#11 0x56251892bdfa <unknown>\n#12 0x5625189146d5 <unknown>\n#13 0x56251892ca6f <unknown>\n#14 0x5625188f869f <unknown>\n#15 0x562518951098 <unknown>\n#16 0x562518951262 <unknown>\n#17 0x562518962f34 <unknown>\n#18 0x7ff64f960134 <unknown>","time":{"start":1707008207237,"stop":1707008207551,"duration":314}},{"uid":"c89fb5dab66381d9","reportUrl":"https://Nat754.github.io/StroyremAutomation/206//#testresult/c89fb5dab66381d9","status":"skipped","statusDetails":"XFAIL\n\nselenium.common.exceptions.NoSuchElementException: Message: no such element: Unable to locate element: {\"method\":\"xpath\",\"selector\":\"(//a[@class='add-to-cart yellow-btn'])[1]\"}\n  (Session info: chrome-headless-shell=121.0.6167.85); For documentation on this error, please visit: https://www.selenium.dev/documentation/webdriver/troubleshooting/errors#no-such-element-exception\nStacktrace:\n#0 0x5586763bfd93 <unknown>\n#1 0x5586760a3337 <unknown>\n#2 0x5586760eed60 <unknown>\n#3 0x5586760eee51 <unknown>\n#4 0x558676132bc4 <unknown>\n#5 0x55867611146d <unknown>\n#6 0x55867613012d <unknown>\n#7 0x5586761111e3 <unknown>\n#8 0x5586760e1135 <unknown>\n#9 0x5586760e213e <unknown>\n#10 0x558676383e4b <unknown>\n#11 0x558676387dfa <unknown>\n#12 0x5586763706d5 <unknown>\n#13 0x558676388a6f <unknown>\n#14 0x55867635469f <unknown>\n#15 0x5586763ad098 <unknown>\n#16 0x5586763ad262 <unknown>\n#17 0x5586763bef34 <unknown>\n#18 0x7f2ad2af9134 <unknown>","time":{"start":1706921515798,"stop":1706921516230,"duration":432}},{"uid":"5078dd1f8d4f7dde","reportUrl":"https://Nat754.github.io/StroyremAutomation/205//#testresult/5078dd1f8d4f7dde","status":"skipped","statusDetails":"XFAIL\n\nselenium.common.exceptions.NoSuchElementException: Message: no such element: Unable to locate element: {\"method\":\"xpath\",\"selector\":\"(//a[@class='add-to-cart yellow-btn'])[1]\"}\n  (Session info: chrome-headless-shell=121.0.6167.85); For documentation on this error, please visit: https://www.selenium.dev/documentation/webdriver/troubleshooting/errors#no-such-element-exception\nStacktrace:\n#0 0x55de4f70fd93 <unknown>\n#1 0x55de4f3f3337 <unknown>\n#2 0x55de4f43ed60 <unknown>\n#3 0x55de4f43ee51 <unknown>\n#4 0x55de4f482bc4 <unknown>\n#5 0x55de4f46146d <unknown>\n#6 0x55de4f48012d <unknown>\n#7 0x55de4f4611e3 <unknown>\n#8 0x55de4f431135 <unknown>\n#9 0x55de4f43213e <unknown>\n#10 0x55de4f6d3e4b <unknown>\n#11 0x55de4f6d7dfa <unknown>\n#12 0x55de4f6c06d5 <unknown>\n#13 0x55de4f6d8a6f <unknown>\n#14 0x55de4f6a469f <unknown>\n#15 0x55de4f6fd098 <unknown>\n#16 0x55de4f6fd262 <unknown>\n#17 0x55de4f70ef34 <unknown>\n#18 0x7efdc635f134 <unknown>","time":{"start":1706835162764,"stop":1706835163067,"duration":303}},{"uid":"547eee3867c4cbd6","reportUrl":"https://Nat754.github.io/StroyremAutomation/204//#testresult/547eee3867c4cbd6","status":"skipped","statusDetails":"XFAIL\n\nselenium.common.exceptions.NoSuchElementException: Message: no such element: Unable to locate element: {\"method\":\"xpath\",\"selector\":\"(//a[@class='add-to-cart yellow-btn'])[1]\"}\n  (Session info: chrome-headless-shell=121.0.6167.85); For documentation on this error, please visit: https://www.selenium.dev/documentation/webdriver/troubleshooting/errors#no-such-element-exception\nStacktrace:\n#0 0x55c3d035dd93 <unknown>\n#1 0x55c3d0041337 <unknown>\n#2 0x55c3d008cd60 <unknown>\n#3 0x55c3d008ce51 <unknown>\n#4 0x55c3d00d0bc4 <unknown>\n#5 0x55c3d00af46d <unknown>\n#6 0x55c3d00ce12d <unknown>\n#7 0x55c3d00af1e3 <unknown>\n#8 0x55c3d007f135 <unknown>\n#9 0x55c3d008013e <unknown>\n#10 0x55c3d0321e4b <unknown>\n#11 0x55c3d0325dfa <unknown>\n#12 0x55c3d030e6d5 <unknown>\n#13 0x55c3d0326a6f <unknown>\n#14 0x55c3d02f269f <unknown>\n#15 0x55c3d034b098 <unknown>\n#16 0x55c3d034b262 <unknown>\n#17 0x55c3d035cf34 <unknown>\n#18 0x7fd36157a044 <unknown>","time":{"start":1706748934171,"stop":1706748934987,"duration":816}},{"uid":"7bebd1be56829678","reportUrl":"https://Nat754.github.io/StroyremAutomation/203//#testresult/7bebd1be56829678","status":"skipped","statusDetails":"XFAIL\n\nselenium.common.exceptions.NoSuchElementException: Message: no such element: Unable to locate element: {\"method\":\"xpath\",\"selector\":\"(//a[@class='add-to-cart yellow-btn'])[1]\"}\n  (Session info: chrome-headless-shell=121.0.6167.85); For documentation on this error, please visit: https://www.selenium.dev/documentation/webdriver/troubleshooting/errors#no-such-element-exception\nStacktrace:\n#0 0x5620de532d93 <unknown>\n#1 0x5620de216337 <unknown>\n#2 0x5620de261d60 <unknown>\n#3 0x5620de261e51 <unknown>\n#4 0x5620de2a5bc4 <unknown>\n#5 0x5620de28446d <unknown>\n#6 0x5620de2a312d <unknown>\n#7 0x5620de2841e3 <unknown>\n#8 0x5620de254135 <unknown>\n#9 0x5620de25513e <unknown>\n#10 0x5620de4f6e4b <unknown>\n#11 0x5620de4fadfa <unknown>\n#12 0x5620de4e36d5 <unknown>\n#13 0x5620de4fba6f <unknown>\n#14 0x5620de4c769f <unknown>\n#15 0x5620de520098 <unknown>\n#16 0x5620de520262 <unknown>\n#17 0x5620de531f34 <unknown>\n#18 0x7f7274715044 <unknown>","time":{"start":1706662370054,"stop":1706662370407,"duration":353}},{"uid":"e93b701d1850ffe9","reportUrl":"https://Nat754.github.io/StroyremAutomation/202//#testresult/e93b701d1850ffe9","status":"skipped","statusDetails":"XFAIL\n\nselenium.common.exceptions.NoSuchElementException: Message: no such element: Unable to locate element: {\"method\":\"xpath\",\"selector\":\"(//a[@class='add-to-cart yellow-btn'])[1]\"}\n  (Session info: chrome-headless-shell=121.0.6167.85); For documentation on this error, please visit: https://www.selenium.dev/documentation/webdriver/troubleshooting/errors#no-such-element-exception\nStacktrace:\n#0 0x55ea0199bd93 <unknown>\n#1 0x55ea0167f337 <unknown>\n#2 0x55ea016cad60 <unknown>\n#3 0x55ea016cae51 <unknown>\n#4 0x55ea0170ebc4 <unknown>\n#5 0x55ea016ed46d <unknown>\n#6 0x55ea0170c12d <unknown>\n#7 0x55ea016ed1e3 <unknown>\n#8 0x55ea016bd135 <unknown>\n#9 0x55ea016be13e <unknown>\n#10 0x55ea0195fe4b <unknown>\n#11 0x55ea01963dfa <unknown>\n#12 0x55ea0194c6d5 <unknown>\n#13 0x55ea01964a6f <unknown>\n#14 0x55ea0193069f <unknown>\n#15 0x55ea01989098 <unknown>\n#16 0x55ea01989262 <unknown>\n#17 0x55ea0199af34 <unknown>\n#18 0x7f793e81a044 <unknown>","time":{"start":1706575922755,"stop":1706575923177,"duration":422}},{"uid":"75845b130d70a819","reportUrl":"https://Nat754.github.io/StroyremAutomation/201//#testresult/75845b130d70a819","status":"skipped","statusDetails":"XFAIL\n\nselenium.common.exceptions.NoSuchElementException: Message: no such element: Unable to locate element: {\"method\":\"xpath\",\"selector\":\"(//a[@class='add-to-cart yellow-btn'])[1]\"}\n  (Session info: chrome-headless-shell=121.0.6167.85); For documentation on this error, please visit: https://www.selenium.dev/documentation/webdriver/troubleshooting/errors#no-such-element-exception\nStacktrace:\n#0 0x555e225d7d93 <unknown>\n#1 0x555e222bb337 <unknown>\n#2 0x555e22306d60 <unknown>\n#3 0x555e22306e51 <unknown>\n#4 0x555e2234abc4 <unknown>\n#5 0x555e2232946d <unknown>\n#6 0x555e2234812d <unknown>\n#7 0x555e223291e3 <unknown>\n#8 0x555e222f9135 <unknown>\n#9 0x555e222fa13e <unknown>\n#10 0x555e2259be4b <unknown>\n#11 0x555e2259fdfa <unknown>\n#12 0x555e225886d5 <unknown>\n#13 0x555e225a0a6f <unknown>\n#14 0x555e2256c69f <unknown>\n#15 0x555e225c5098 <unknown>\n#16 0x555e225c5262 <unknown>\n#17 0x555e225d6f34 <unknown>\n#18 0x7fede1b2f044 <unknown>","time":{"start":1706489615445,"stop":1706489615848,"duration":403}},{"uid":"cd4b2eb7c97e321b","reportUrl":"https://Nat754.github.io/StroyremAutomation/200//#testresult/cd4b2eb7c97e321b","status":"skipped","statusDetails":"XFAIL\n\nselenium.common.exceptions.NoSuchElementException: Message: no such element: Unable to locate element: {\"method\":\"xpath\",\"selector\":\"(//a[@class='add-to-cart yellow-btn'])[1]\"}\n  (Session info: chrome-headless-shell=121.0.6167.85); For documentation on this error, please visit: https://www.selenium.dev/documentation/webdriver/troubleshooting/errors#no-such-element-exception\nStacktrace:\n#0 0x55ea4c3ced93 <unknown>\n#1 0x55ea4c0b2337 <unknown>\n#2 0x55ea4c0fdd60 <unknown>\n#3 0x55ea4c0fde51 <unknown>\n#4 0x55ea4c141bc4 <unknown>\n#5 0x55ea4c12046d <unknown>\n#6 0x55ea4c13f12d <unknown>\n#7 0x55ea4c1201e3 <unknown>\n#8 0x55ea4c0f0135 <unknown>\n#9 0x55ea4c0f113e <unknown>\n#10 0x55ea4c392e4b <unknown>\n#11 0x55ea4c396dfa <unknown>\n#12 0x55ea4c37f6d5 <unknown>\n#13 0x55ea4c397a6f <unknown>\n#14 0x55ea4c36369f <unknown>\n#15 0x55ea4c3bc098 <unknown>\n#16 0x55ea4c3bc262 <unknown>\n#17 0x55ea4c3cdf34 <unknown>\n#18 0x7ff138063044 <unknown>","time":{"start":1706403374903,"stop":1706403375323,"duration":420}},{"uid":"82d5390dba5d029b","reportUrl":"https://Nat754.github.io/StroyremAutomation/199//#testresult/82d5390dba5d029b","status":"skipped","statusDetails":"XFAIL\n\nselenium.common.exceptions.NoSuchElementException: Message: no such element: Unable to locate element: {\"method\":\"xpath\",\"selector\":\"(//a[@class='add-to-cart yellow-btn'])[1]\"}\n  (Session info: chrome-headless-shell=121.0.6167.85); For documentation on this error, please visit: https://www.selenium.dev/documentation/webdriver/troubleshooting/errors#no-such-element-exception\nStacktrace:\n#0 0x55bc772ded93 <unknown>\n#1 0x55bc76fc2337 <unknown>\n#2 0x55bc7700dd60 <unknown>\n#3 0x55bc7700de51 <unknown>\n#4 0x55bc77051bc4 <unknown>\n#5 0x55bc7703046d <unknown>\n#6 0x55bc7704f12d <unknown>\n#7 0x55bc770301e3 <unknown>\n#8 0x55bc77000135 <unknown>\n#9 0x55bc7700113e <unknown>\n#10 0x55bc772a2e4b <unknown>\n#11 0x55bc772a6dfa <unknown>\n#12 0x55bc7728f6d5 <unknown>\n#13 0x55bc772a7a6f <unknown>\n#14 0x55bc7727369f <unknown>\n#15 0x55bc772cc098 <unknown>\n#16 0x55bc772cc262 <unknown>\n#17 0x55bc772ddf34 <unknown>\n#18 0x7fa559ccf044 <unknown>","time":{"start":1706316696251,"stop":1706316696542,"duration":291}}]},"tags":["@pytest.mark.xfail","smoke_test"]},"source":"2b69a4a69e8db751.json","parameterValues":["13480","366","'TD 013'","12450","'products/shtukaturka-gipsovaya-aksolit-m50-30-kg-mashinnogo-naneseniya'","4800","'https://sandboxtest.stroyrem-nn.ru/'","11000"]}