{"uid":"830c2e1c2aeeb409","name":"Авторизация с помощью аккаунта ya.ru","fullName":"tests.test_sign_in.test_sign_in_page.TestSignInPage#test_positive_authorization_first_time_using_YA_smoke","historyId":"dad914aa68b78287aa131957fc42820c","time":{"start":1695431639422,"stop":1695431666031,"duration":26609},"status":"skipped","statusMessage":"XFAIL Появляется капча Яндекса при запуске теста на Github\n\nselenium.common.exceptions.TimeoutException: Message:","statusTrace":"self = <tests.test_sign_in.test_sign_in_page.TestSignInPage object at 0x7f0292f7ce50>\ndriver = <selenium.webdriver.chrome.webdriver.WebDriver (session=\"144cce8f9b57179e2b0226b3254c33e3\")>\nsign_in_page = <pages.sign_in_page.SignInPage object at 0x7f0293877f50>\nopen_sign_in_window = None\n\n    @allure.title(\"Авторизация с помощью аккаунта ya.ru\")\n    @pytest.mark.xfail(reason=\"Появляется капча Яндекса при запуске теста на Github\")\n    @pytest.mark.smoke_test\n    def test_positive_authorization_first_time_using_YA_smoke(self, driver, sign_in_page, open_sign_in_window):\n        sign_in_page.get_ya_ru_auth_icon().click()\n        driver.switch_to.window(driver.window_handles[1])\n        # driver.delete_all_cookies()\n        driver.add_cookie({'name': 'uniqueuid',\n                           'value': '384528911692006899',\n                           'domain': 'passport.yandex.ru',\n                           'httpOnly': True,\n                           'path': '/',\n                           'expiry': 1723499808,\n                           'sameSite': 'Lax',\n                           'secure': True})\n        driver.add_cookie({'name': 'ymex',\n                           'value': '2007366920.yrts.1692006920#2007366900.yrtsi.1692006900',\n                           'domain': '.yandex.ru',\n                           'httpOnly': False,\n                           'path': '/',\n                           'expiry': 1723499808,\n                           'secure': True})\n        driver.add_cookie({'name': 'i',\n                           'value': 'rpEp6ASpcmkXAketS0UdMiVBT6ovBbPtyYRYZIsRWdkwRjrAU27Q2rmgTx58XJTCF6sreSZhfheTbJeEsS',\n                           'domain': '.yandex.ru',\n                           'httpOnly': True,\n                           'path': '/',\n                           'expiry': 1723499808,\n                           'secure': True})\n        driver.add_cookie({'name': 'yandexuid',\n                           'value': '5114601221692006901',\n                           'domain': '.yandex.ru',\n                           'httpOnly': False,\n                           'path': '/',\n                           'expiry': 1723499808,\n                           'secure': True})\n        driver.add_cookie({'name': 'yuidss',\n                           'value': '7640250911692006900',\n                           'domain': '.yandex.ru',\n                           'httpOnly': False,\n                           'path': '/',\n                           'expiry': 1723499808,\n                           'secure': True})\n        driver.add_cookie({'name': 'gdpr',\n                           'value': '0',\n                           'domain': '.yandex.ru',\n                           'httpOnly': False,\n                           'path': '/',\n                           'expiry': 1723499808,\n                           'secure': True})\n        driver.add_cookie({'name': '_ym_uid',\n                           'value': '169200690291832112',\n                           'domain': '.yandex.ru',\n                           'httpOnly': False,\n                           'path': '/',\n                           'expiry': 1723499808,\n                           'secure': True})\n        driver.add_cookie({'name': '_ym_d',\n                           'value': '1692006902',\n                           'domain': '.yandex.ru',\n                           'httpOnly': False,\n                           'path': '/',\n                           'expiry': 1723499808,\n                           'secure': True})\n        driver.add_cookie({'name': 'bh',\n                           'value': 'Ej8iTm90L0EpQnJhbmQiO3Y9Ijk5IiwiR29vZ2xlIENocm9tZSI7dj0iMTE1IiwiQ2hyb21pdW0iO3Y9IjExNSIaBSJ4ODYiIhAiMTE1LjAuNTc5MC4xMTAiKgI',\n                           'domain': 'yandex.ru',\n                           'httpOnly': False,\n                           'path': '/',\n                           'expiry': 1723499808,\n                           'secure': False})\n        driver.add_cookie({'name': '_ym_visorc',\n                           'value': 'b',\n                           'domain': '.yandex.ru',\n                           'httpOnly': False,\n                           'path': '/',\n                           'expiry': 1723499808,\n                           'secure': True})\n        driver.execute_script(\"arguments[0].scrollIntoView();\",\n                              sign_in_page.get_ya_ru_window_alternative_ways_to_sign_up())\n        driver.execute_script(\"arguments[0].click();\", sign_in_page.get_ya_ru_window_alternative_ways_to_sign_up())\n        sign_in_page.get_ya_ru_window_email_field().send_keys(credentials['ya.ru_email'])\n        sign_in_page.get_ya_ru_window_submit_button().click()\n        sign_in_page.get_ya_ru_window_password_field().send_keys(credentials['ya.ru_password'])\n        sign_in_page.get_ya_ru_window_submit_button().click()\n        sleep(5)\n        try:\n            sign_in_page.get_ya_ru_window_control_question_field()\n            sign_in_page.get_ya_ru_window_control_question_field().send_keys(credentials['ya.ru_question'])\n            sign_in_page.get_ya_ru_window_proceed_button().click()\n            print(f\"\\nПоявилось окно контрольного вопроса\")\n        except (NoSuchWindowException, NoSuchElementException):\n            print(f\"\\nНе появилось окно контрольного вопроса\")\n        driver.switch_to.window(driver.window_handles[0])\n>       sign_in_page.check_number_of_windows_to_be_equal(1)\n\ntests/test_sign_in/test_sign_in_page.py:224: \n_ _ _ _ _ _ _ _ _ _ _ _ _ _ _ _ _ _ _ _ _ _ _ _ _ _ _ _ _ _ _ _ _ _ _ _ _ _ _ _ \nbase/seleniumbase.py:115: in check_number_of_windows_to_be_equal\n    return self.__wait.until(EC.number_of_windows_to_be(number))\n_ _ _ _ _ _ _ _ _ _ _ _ _ _ _ _ _ _ _ _ _ _ _ _ _ _ _ _ _ _ _ _ _ _ _ _ _ _ _ _ \n\nself = <selenium.webdriver.support.wait.WebDriverWait (session=\"144cce8f9b57179e2b0226b3254c33e3\")>\nmethod = <function number_of_windows_to_be.<locals>._predicate at 0x7f0293339300>\nmessage = ''\n\n    def until(self, method, message: str = \"\"):\n        \"\"\"Calls the method provided with the driver as an argument until the \\\n        return value does not evaluate to ``False``.\n    \n        :param method: callable(WebDriver)\n        :param message: optional message for :exc:`TimeoutException`\n        :returns: the result of the last call to `method`\n        :raises: :exc:`selenium.common.exceptions.TimeoutException` if timeout occurs\n        \"\"\"\n        screen = None\n        stacktrace = None\n    \n        end_time = time.monotonic() + self._timeout\n        while True:\n            try:\n                value = method(self._driver)\n                if value:\n                    return value\n            except self._ignored_exceptions as exc:\n                screen = getattr(exc, \"screen\", None)\n                stacktrace = getattr(exc, \"stacktrace\", None)\n            time.sleep(self._poll)\n            if time.monotonic() > end_time:\n                break\n>       raise TimeoutException(message, screen, stacktrace)\nE       selenium.common.exceptions.TimeoutException: Message:\n\n/usr/local/lib/python3.11/site-packages/selenium/webdriver/support/wait.py:95: TimeoutException","flaky":false,"newFailed":false,"newBroken":false,"newPassed":false,"retriesCount":0,"retriesStatusChange":false,"beforeStages":[{"name":"_session_faker","time":{"start":1695429932810,"stop":1695429932924,"duration":114},"status":"passed","steps":[],"attachments":[],"parameters":[],"shouldDisplayMessage":false,"stepsCount":0,"attachmentsCount":0,"hasContent":false},{"name":"clear_allure_results_folder","time":{"start":1695429932924,"stop":1695429932924,"duration":0},"status":"passed","steps":[],"attachments":[],"parameters":[],"shouldDisplayMessage":false,"stepsCount":0,"attachmentsCount":0,"hasContent":false},{"name":"driver","time":{"start":1695431629122,"stop":1695431630008,"duration":886},"status":"passed","steps":[],"attachments":[],"parameters":[],"shouldDisplayMessage":false,"stepsCount":0,"attachmentsCount":0,"hasContent":false},{"name":"setup","time":{"start":1695431630008,"stop":1695431630009,"duration":1},"status":"passed","steps":[],"attachments":[],"parameters":[],"shouldDisplayMessage":false,"stepsCount":0,"attachmentsCount":0,"hasContent":false},{"name":"sign_in_page","time":{"start":1695431630009,"stop":1695431639015,"duration":9006},"status":"passed","steps":[],"attachments":[],"parameters":[],"shouldDisplayMessage":false,"stepsCount":0,"attachmentsCount":0,"hasContent":false},{"name":"open_sign_in_window","time":{"start":1695431639016,"stop":1695431639421,"duration":405},"status":"passed","steps":[{"name":"Нахождение элемента: иконка профиля в хедере","time":{"start":1695431639016,"stop":1695431639030,"duration":14},"status":"passed","steps":[],"attachments":[],"parameters":[],"shouldDisplayMessage":false,"stepsCount":0,"attachmentsCount":0,"hasContent":false}],"attachments":[],"parameters":[],"shouldDisplayMessage":false,"stepsCount":1,"attachmentsCount":0,"hasContent":true}],"testStage":{"status":"skipped","statusMessage":"XFAIL Появляется капча Яндекса при запуске теста на Github\n\nselenium.common.exceptions.TimeoutException: Message:","statusTrace":"self = <tests.test_sign_in.test_sign_in_page.TestSignInPage object at 0x7f0292f7ce50>\ndriver = <selenium.webdriver.chrome.webdriver.WebDriver (session=\"144cce8f9b57179e2b0226b3254c33e3\")>\nsign_in_page = <pages.sign_in_page.SignInPage object at 0x7f0293877f50>\nopen_sign_in_window = None\n\n    @allure.title(\"Авторизация с помощью аккаунта ya.ru\")\n    @pytest.mark.xfail(reason=\"Появляется капча Яндекса при запуске теста на Github\")\n    @pytest.mark.smoke_test\n    def test_positive_authorization_first_time_using_YA_smoke(self, driver, sign_in_page, open_sign_in_window):\n        sign_in_page.get_ya_ru_auth_icon().click()\n        driver.switch_to.window(driver.window_handles[1])\n        # driver.delete_all_cookies()\n        driver.add_cookie({'name': 'uniqueuid',\n                           'value': '384528911692006899',\n                           'domain': 'passport.yandex.ru',\n                           'httpOnly': True,\n                           'path': '/',\n                           'expiry': 1723499808,\n                           'sameSite': 'Lax',\n                           'secure': True})\n        driver.add_cookie({'name': 'ymex',\n                           'value': '2007366920.yrts.1692006920#2007366900.yrtsi.1692006900',\n                           'domain': '.yandex.ru',\n                           'httpOnly': False,\n                           'path': '/',\n                           'expiry': 1723499808,\n                           'secure': True})\n        driver.add_cookie({'name': 'i',\n                           'value': 'rpEp6ASpcmkXAketS0UdMiVBT6ovBbPtyYRYZIsRWdkwRjrAU27Q2rmgTx58XJTCF6sreSZhfheTbJeEsS',\n                           'domain': '.yandex.ru',\n                           'httpOnly': True,\n                           'path': '/',\n                           'expiry': 1723499808,\n                           'secure': True})\n        driver.add_cookie({'name': 'yandexuid',\n                           'value': '5114601221692006901',\n                           'domain': '.yandex.ru',\n                           'httpOnly': False,\n                           'path': '/',\n                           'expiry': 1723499808,\n                           'secure': True})\n        driver.add_cookie({'name': 'yuidss',\n                           'value': '7640250911692006900',\n                           'domain': '.yandex.ru',\n                           'httpOnly': False,\n                           'path': '/',\n                           'expiry': 1723499808,\n                           'secure': True})\n        driver.add_cookie({'name': 'gdpr',\n                           'value': '0',\n                           'domain': '.yandex.ru',\n                           'httpOnly': False,\n                           'path': '/',\n                           'expiry': 1723499808,\n                           'secure': True})\n        driver.add_cookie({'name': '_ym_uid',\n                           'value': '169200690291832112',\n                           'domain': '.yandex.ru',\n                           'httpOnly': False,\n                           'path': '/',\n                           'expiry': 1723499808,\n                           'secure': True})\n        driver.add_cookie({'name': '_ym_d',\n                           'value': '1692006902',\n                           'domain': '.yandex.ru',\n                           'httpOnly': False,\n                           'path': '/',\n                           'expiry': 1723499808,\n                           'secure': True})\n        driver.add_cookie({'name': 'bh',\n                           'value': 'Ej8iTm90L0EpQnJhbmQiO3Y9Ijk5IiwiR29vZ2xlIENocm9tZSI7dj0iMTE1IiwiQ2hyb21pdW0iO3Y9IjExNSIaBSJ4ODYiIhAiMTE1LjAuNTc5MC4xMTAiKgI',\n                           'domain': 'yandex.ru',\n                           'httpOnly': False,\n                           'path': '/',\n                           'expiry': 1723499808,\n                           'secure': False})\n        driver.add_cookie({'name': '_ym_visorc',\n                           'value': 'b',\n                           'domain': '.yandex.ru',\n                           'httpOnly': False,\n                           'path': '/',\n                           'expiry': 1723499808,\n                           'secure': True})\n        driver.execute_script(\"arguments[0].scrollIntoView();\",\n                              sign_in_page.get_ya_ru_window_alternative_ways_to_sign_up())\n        driver.execute_script(\"arguments[0].click();\", sign_in_page.get_ya_ru_window_alternative_ways_to_sign_up())\n        sign_in_page.get_ya_ru_window_email_field().send_keys(credentials['ya.ru_email'])\n        sign_in_page.get_ya_ru_window_submit_button().click()\n        sign_in_page.get_ya_ru_window_password_field().send_keys(credentials['ya.ru_password'])\n        sign_in_page.get_ya_ru_window_submit_button().click()\n        sleep(5)\n        try:\n            sign_in_page.get_ya_ru_window_control_question_field()\n            sign_in_page.get_ya_ru_window_control_question_field().send_keys(credentials['ya.ru_question'])\n            sign_in_page.get_ya_ru_window_proceed_button().click()\n            print(f\"\\nПоявилось окно контрольного вопроса\")\n        except (NoSuchWindowException, NoSuchElementException):\n            print(f\"\\nНе появилось окно контрольного вопроса\")\n        driver.switch_to.window(driver.window_handles[0])\n>       sign_in_page.check_number_of_windows_to_be_equal(1)\n\ntests/test_sign_in/test_sign_in_page.py:224: \n_ _ _ _ _ _ _ _ _ _ _ _ _ _ _ _ _ _ _ _ _ _ _ _ _ _ _ _ _ _ _ _ _ _ _ _ _ _ _ _ \nbase/seleniumbase.py:115: in check_number_of_windows_to_be_equal\n    return self.__wait.until(EC.number_of_windows_to_be(number))\n_ _ _ _ _ _ _ _ _ _ _ _ _ _ _ _ _ _ _ _ _ _ _ _ _ _ _ _ _ _ _ _ _ _ _ _ _ _ _ _ \n\nself = <selenium.webdriver.support.wait.WebDriverWait (session=\"144cce8f9b57179e2b0226b3254c33e3\")>\nmethod = <function number_of_windows_to_be.<locals>._predicate at 0x7f0293339300>\nmessage = ''\n\n    def until(self, method, message: str = \"\"):\n        \"\"\"Calls the method provided with the driver as an argument until the \\\n        return value does not evaluate to ``False``.\n    \n        :param method: callable(WebDriver)\n        :param message: optional message for :exc:`TimeoutException`\n        :returns: the result of the last call to `method`\n        :raises: :exc:`selenium.common.exceptions.TimeoutException` if timeout occurs\n        \"\"\"\n        screen = None\n        stacktrace = None\n    \n        end_time = time.monotonic() + self._timeout\n        while True:\n            try:\n                value = method(self._driver)\n                if value:\n                    return value\n            except self._ignored_exceptions as exc:\n                screen = getattr(exc, \"screen\", None)\n                stacktrace = getattr(exc, \"stacktrace\", None)\n            time.sleep(self._poll)\n            if time.monotonic() > end_time:\n                break\n>       raise TimeoutException(message, screen, stacktrace)\nE       selenium.common.exceptions.TimeoutException: Message:\n\n/usr/local/lib/python3.11/site-packages/selenium/webdriver/support/wait.py:95: TimeoutException","steps":[{"name":"Нахождение элемента: иконка 'ya.ru' окна авторизации","time":{"start":1695431639422,"stop":1695431639440,"duration":18},"status":"passed","steps":[],"attachments":[],"parameters":[],"shouldDisplayMessage":false,"stepsCount":0,"attachmentsCount":0,"hasContent":false},{"name":"Проверка кликабельности элемента: кнопка 'Другие способы входа' окна авторизации через 'ya.ru'","time":{"start":1695431644885,"stop":1695431644900,"duration":15},"status":"passed","steps":[],"attachments":[],"parameters":[],"shouldDisplayMessage":false,"stepsCount":0,"attachmentsCount":0,"hasContent":false},{"name":"Проверка кликабельности элемента: кнопка 'Другие способы входа' окна авторизации через 'ya.ru'","time":{"start":1695431644906,"stop":1695431644916,"duration":10},"status":"passed","steps":[],"attachments":[],"parameters":[],"shouldDisplayMessage":false,"stepsCount":0,"attachmentsCount":0,"hasContent":false},{"name":"Проверка кликабельности элемента: поле 'Email' окна авторизации через 'ya.ru'","time":{"start":1695431644973,"stop":1695431645028,"duration":55},"status":"passed","steps":[],"attachments":[],"parameters":[],"shouldDisplayMessage":false,"stepsCount":0,"attachmentsCount":0,"hasContent":false},{"name":"Нахождение элемента: кнопка 'Войти' окна авторизации через 'ya.ru'","time":{"start":1695431645228,"stop":1695431645243,"duration":15},"status":"passed","steps":[],"attachments":[],"parameters":[],"shouldDisplayMessage":false,"stepsCount":0,"attachmentsCount":0,"hasContent":false},{"name":"Проверка кликабельности элемента: поле 'Пароль' окна авторизации через 'ya.ru'","time":{"start":1695431645348,"stop":1695431645732,"duration":384},"status":"passed","steps":[],"attachments":[],"parameters":[],"shouldDisplayMessage":false,"stepsCount":0,"attachmentsCount":0,"hasContent":false},{"name":"Нахождение элемента: кнопка 'Войти' окна авторизации через 'ya.ru'","time":{"start":1695431645841,"stop":1695431645855,"duration":14},"status":"passed","steps":[],"attachments":[],"parameters":[],"shouldDisplayMessage":false,"stepsCount":0,"attachmentsCount":0,"hasContent":false},{"name":"Нахождение элемента: поле 'Ответ на контрольный вопрос' окна авторизации через 'ya.ru'","time":{"start":1695431650915,"stop":1695431650931,"duration":16},"status":"broken","statusMessage":"selenium.common.exceptions.NoSuchElementException: Message: no such element: Unable to locate element: {\"method\":\"css selector\",\"selector\":\"input[data-t='field:input-question']\"}\n  (Session info: headless chrome=117.0.5938.92); For documentation on this error, please visit: https://www.selenium.dev/documentation/webdriver/troubleshooting/errors#no-such-element-exception\nStacktrace:\n#0 0x5647782ae6b3 <unknown>\n#1 0x564777f841e7 <unknown>\n#2 0x564777fcb566 <unknown>\n#3 0x564777fcb651 <unknown>\n#4 0x564778008a74 <unknown>\n#5 0x564777fed0ed <unknown>\n#6 0x564778006322 <unknown>\n#7 0x564777fece93 <unknown>\n#8 0x564777fbf934 <unknown>\n#9 0x564777fc071e <unknown>\n#10 0x564778273cb8 <unknown>\n#11 0x564778277bf0 <unknown>\n#12 0x56477828219c <unknown>\n#13 0x564778278808 <unknown>\n#14 0x56477824527f <unknown>\n#15 0x56477829ce88 <unknown>\n#16 0x56477829d059 <unknown>\n#17 0x5647782ad843 <unknown>\n#18 0x7f2e13973044 <unknown>\n\n","statusTrace":"  File \"/usr/local/lib/python3.11/site-packages/allure_commons/_allure.py\", line 192, in impl\n    return func(*a, **kw)\n           ^^^^^^^^^^^^^^\n  File \"/app/pages/sign_in_page.py\", line 207, in get_ya_ru_window_control_question_field\n    return self.find_element(self._ya_ru_window_control_question_field)\n           ^^^^^^^^^^^^^^^^^^^^^^^^^^^^^^^^^^^^^^^^^^^^^^^^^^^^^^^^^^^^\n  File \"/app/base/seleniumbase.py\", line 17, in find_element\n    return self.driver.find_element(*locator)\n           ^^^^^^^^^^^^^^^^^^^^^^^^^^^^^^^^^^\n  File \"/usr/local/lib/python3.11/site-packages/selenium/webdriver/remote/webdriver.py\", line 739, in find_element\n    return self.execute(Command.FIND_ELEMENT, {\"using\": by, \"value\": value})[\"value\"]\n           ^^^^^^^^^^^^^^^^^^^^^^^^^^^^^^^^^^^^^^^^^^^^^^^^^^^^^^^^^^^^^^^^^\n  File \"/usr/local/lib/python3.11/site-packages/selenium/webdriver/remote/webdriver.py\", line 345, in execute\n    self.error_handler.check_response(response)\n  File \"/usr/local/lib/python3.11/site-packages/selenium/webdriver/remote/errorhandler.py\", line 229, in check_response\n    raise exception_class(message, screen, stacktrace)\n","steps":[],"attachments":[],"parameters":[],"shouldDisplayMessage":true,"stepsCount":0,"attachmentsCount":0,"hasContent":true}],"attachments":[{"uid":"c8ac5fde6498e891","name":"Screenshot","source":"c8ac5fde6498e891.png","type":"image/png","size":38590},{"uid":"ba6e4221b2f6c96e","name":"HTML source","source":"ba6e4221b2f6c96e.html","type":"text/html","size":410120}],"parameters":[],"shouldDisplayMessage":true,"stepsCount":8,"attachmentsCount":2,"hasContent":true},"afterStages":[{"name":"driver::0","time":{"start":1695431666205,"stop":1695431666273,"duration":68},"status":"passed","steps":[],"attachments":[],"parameters":[],"shouldDisplayMessage":false,"stepsCount":0,"attachmentsCount":0,"hasContent":false},{"name":"setup::0","time":{"start":1695431666205,"stop":1695431666205,"duration":0},"status":"passed","steps":[],"attachments":[],"parameters":[],"shouldDisplayMessage":false,"stepsCount":0,"attachmentsCount":0,"hasContent":false}],"labels":[{"name":"epic","value":"Sign In Page"},{"name":"tag","value":"smoke_test"},{"name":"tag","value":"@pytest.mark.xfail(reason='Появляется капча Яндекса при запуске теста на Github')"},{"name":"parentSuite","value":"tests.test_sign_in"},{"name":"suite","value":"test_sign_in_page"},{"name":"subSuite","value":"TestSignInPage"},{"name":"host","value":"7545aa0c3f0d"},{"name":"thread","value":"1-MainThread"},{"name":"framework","value":"pytest"},{"name":"language","value":"cpython3"},{"name":"package","value":"tests.test_sign_in.test_sign_in_page"},{"name":"resultFormat","value":"allure2"}],"parameters":[],"links":[],"hidden":false,"retry":false,"extra":{"severity":"normal","retries":[],"categories":[],"history":{"statistic":{"failed":0,"broken":0,"skipped":70,"passed":4,"unknown":0,"total":74},"items":[{"uid":"1744a78cd0f87fee","reportUrl":"https://Nat754.github.io/StroyremAutomation/71//#testresult/1744a78cd0f87fee","status":"skipped","statusDetails":"XFAIL Появляется капча Яндекса при запуске теста на Github\n\nselenium.common.exceptions.NoSuchElementException: Message: no such element: Unable to locate element: {\"method\":\"css selector\",\"selector\":\"button[data-t='button:clear']\"}\n  (Session info: headless chrome=117.0.5938.92); For documentation on this error, please visit: https://www.selenium.dev/documentation/webdriver/troubleshooting/errors#no-such-element-exception\nStacktrace:\n#0 0x5565ce7676b3 <unknown>\n#1 0x5565ce43d1e7 <unknown>\n#2 0x5565ce484566 <unknown>\n#3 0x5565ce484651 <unknown>\n#4 0x5565ce4c1a74 <unknown>\n#5 0x5565ce4a60ed <unknown>\n#6 0x5565ce4bf322 <unknown>\n#7 0x5565ce4a5e93 <unknown>\n#8 0x5565ce478934 <unknown>\n#9 0x5565ce47971e <unknown>\n#10 0x5565ce72ccb8 <unknown>\n#11 0x5565ce730bf0 <unknown>\n#12 0x5565ce73b19c <unknown>\n#13 0x5565ce731808 <unknown>\n#14 0x5565ce6fe27f <unknown>\n#15 0x5565ce755e88 <unknown>\n#16 0x5565ce756059 <unknown>\n#17 0x5565ce766843 <unknown>\n#18 0x7f1d78bab044 <unknown>","time":{"start":1695406942543,"stop":1695406947501,"duration":4958}},{"uid":"6ba5fdc9da88fbb6","reportUrl":"https://Nat754.github.io/StroyremAutomation/71//#testresult/6ba5fdc9da88fbb6","status":"skipped","statusDetails":"XFAIL Появляется капча Яндекса при запуске теста на Github\n\nselenium.common.exceptions.NoSuchElementException: Message: no such element: Unable to locate element: {\"method\":\"css selector\",\"selector\":\"button[data-t='button:clear']\"}\n  (Session info: headless chrome=117.0.5938.92); For documentation on this error, please visit: https://www.selenium.dev/documentation/webdriver/troubleshooting/errors#no-such-element-exception\nStacktrace:\n#0 0x55ce4739c6b3 <unknown>\n#1 0x55ce470721e7 <unknown>\n#2 0x55ce470b9566 <unknown>\n#3 0x55ce470b9651 <unknown>\n#4 0x55ce470f6a74 <unknown>\n#5 0x55ce470db0ed <unknown>\n#6 0x55ce470f4322 <unknown>\n#7 0x55ce470dae93 <unknown>\n#8 0x55ce470ad934 <unknown>\n#9 0x55ce470ae71e <unknown>\n#10 0x55ce47361cb8 <unknown>\n#11 0x55ce47365bf0 <unknown>\n#12 0x55ce4737019c <unknown>\n#13 0x55ce47366808 <unknown>\n#14 0x55ce4733327f <unknown>\n#15 0x55ce4738ae88 <unknown>\n#16 0x55ce4738b059 <unknown>\n#17 0x55ce4739b843 <unknown>\n#18 0x7f3851ab2044 <unknown>","time":{"start":1695344959771,"stop":1695344963201,"duration":3430}},{"uid":"1a2a4817441b4ec9","reportUrl":"https://Nat754.github.io/StroyremAutomation/70//#testresult/1a2a4817441b4ec9","status":"skipped","statusDetails":"XFAIL Появляется капча Яндекса при запуске теста на Github\n\nselenium.common.exceptions.TimeoutException: Message:","time":{"start":1695258544195,"stop":1695258568620,"duration":24425}},{"uid":"9729c389172811f9","reportUrl":"https://Nat754.github.io/StroyremAutomation/69//#testresult/9729c389172811f9","status":"skipped","statusDetails":"XFAIL Появляется капча Яндекса при запуске теста на Github\n\nselenium.common.exceptions.TimeoutException: Message:","time":{"start":1695172722784,"stop":1695172749086,"duration":26302}},{"uid":"db4f4a5942bab08e","reportUrl":"https://Nat754.github.io/StroyremAutomation/68//#testresult/db4f4a5942bab08e","status":"skipped","statusDetails":"XFAIL Появляется капча Яндекса при запуске теста на Github\n\nselenium.common.exceptions.NoSuchElementException: Message: no such element: Unable to locate element: {\"method\":\"css selector\",\"selector\":\"button[data-t='button:clear']\"}\n  (Session info: headless chrome=117.0.5938.88); For documentation on this error, please visit: https://www.selenium.dev/documentation/webdriver/troubleshooting/errors#no-such-element-exception\nStacktrace:\n#0 0x557665d196c3 <unknown>\n#1 0x5576659ef1e7 <unknown>\n#2 0x557665a36566 <unknown>\n#3 0x557665a36651 <unknown>\n#4 0x557665a73a74 <unknown>\n#5 0x557665a580ed <unknown>\n#6 0x557665a71322 <unknown>\n#7 0x557665a57e93 <unknown>\n#8 0x557665a2a934 <unknown>\n#9 0x557665a2b71e <unknown>\n#10 0x557665cdecc8 <unknown>\n#11 0x557665ce2c00 <unknown>\n#12 0x557665ced1ac <unknown>\n#13 0x557665ce3818 <unknown>\n#14 0x557665cb028f <unknown>\n#15 0x557665d07e98 <unknown>\n#16 0x557665d08069 <unknown>\n#17 0x557665d18853 <unknown>\n#18 0x7fb1f420c044 <unknown>","time":{"start":1695085951810,"stop":1695085955733,"duration":3923}},{"uid":"c37d591a05086ed","reportUrl":"https://Nat754.github.io/StroyremAutomation/67//#testresult/c37d591a05086ed","status":"skipped","statusDetails":"XFAIL Появляется капча Яндекса при запуске теста на Github\n\nselenium.common.exceptions.TimeoutException: Message:","time":{"start":1695064547331,"stop":1695064573181,"duration":25850}},{"uid":"4d71b74618eaa51b","reportUrl":"https://Nat754.github.io/StroyremAutomation/66//#testresult/4d71b74618eaa51b","status":"skipped","statusDetails":"XFAIL Появляется капча Яндекса при запуске теста на Github\n\nselenium.common.exceptions.NoSuchElementException: Message: no such element: Unable to locate element: {\"method\":\"css selector\",\"selector\":\"button[data-t='button:clear']\"}\n  (Session info: headless chrome=117.0.5938.88); For documentation on this error, please visit: https://www.selenium.dev/documentation/webdriver/troubleshooting/errors#no-such-element-exception\nStacktrace:\n#0 0x56094bd9d6c3 <unknown>\n#1 0x56094ba731e7 <unknown>\n#2 0x56094baba566 <unknown>\n#3 0x56094baba651 <unknown>\n#4 0x56094baf7a74 <unknown>\n#5 0x56094badc0ed <unknown>\n#6 0x56094baf5322 <unknown>\n#7 0x56094badbe93 <unknown>\n#8 0x56094baae934 <unknown>\n#9 0x56094baaf71e <unknown>\n#10 0x56094bd62cc8 <unknown>\n#11 0x56094bd66c00 <unknown>\n#12 0x56094bd711ac <unknown>\n#13 0x56094bd67818 <unknown>\n#14 0x56094bd3428f <unknown>\n#15 0x56094bd8be98 <unknown>\n#16 0x56094bd8c069 <unknown>\n#17 0x56094bd9c853 <unknown>\n#18 0x7f6effa98044 <unknown>","time":{"start":1695061125774,"stop":1695061129462,"duration":3688}},{"uid":"45895e3de13fe656","reportUrl":"https://Nat754.github.io/StroyremAutomation/66//#testresult/45895e3de13fe656","status":"skipped","statusDetails":"XFAIL Появляется капча Яндекса при запуске теста на Github\n\nselenium.common.exceptions.TimeoutException: Message:","time":{"start":1694999154839,"stop":1694999179276,"duration":24437}},{"uid":"29d3e316fad87355","reportUrl":"https://Nat754.github.io/StroyremAutomation/65//#testresult/29d3e316fad87355","status":"skipped","statusDetails":"XFAIL Появляется капча Яндекса при запуске теста на Github\n\nselenium.common.exceptions.NoSuchElementException: Message: no such element: Unable to locate element: {\"method\":\"css selector\",\"selector\":\"button[data-t='button:clear']\"}\n  (Session info: headless chrome=117.0.5938.88); For documentation on this error, please visit: https://www.selenium.dev/documentation/webdriver/troubleshooting/errors#no-such-element-exception\nStacktrace:\n#0 0x5577564cc6c3 <unknown>\n#1 0x5577561a21e7 <unknown>\n#2 0x5577561e9566 <unknown>\n#3 0x5577561e9651 <unknown>\n#4 0x557756226a74 <unknown>\n#5 0x55775620b0ed <unknown>\n#6 0x557756224322 <unknown>\n#7 0x55775620ae93 <unknown>\n#8 0x5577561dd934 <unknown>\n#9 0x5577561de71e <unknown>\n#10 0x557756491cc8 <unknown>\n#11 0x557756495c00 <unknown>\n#12 0x5577564a01ac <unknown>\n#13 0x557756496818 <unknown>\n#14 0x55775646328f <unknown>\n#15 0x5577564bae98 <unknown>\n#16 0x5577564bb069 <unknown>\n#17 0x5577564cb853 <unknown>\n#18 0x7fbc91956044 <unknown>","time":{"start":1694930178458,"stop":1694930183132,"duration":4674}},{"uid":"3cfadfafdd638813","reportUrl":"https://Nat754.github.io/StroyremAutomation/65//#testresult/3cfadfafdd638813","status":"skipped","statusDetails":"XFAIL Появляется капча Яндекса при запуске теста на Github\n\nselenium.common.exceptions.TimeoutException: Message:","time":{"start":1694913061089,"stop":1694913086638,"duration":25549}},{"uid":"772125accbf6feab","reportUrl":"https://Nat754.github.io/StroyremAutomation/64//#testresult/772125accbf6feab","status":"skipped","statusDetails":"XFAIL Появляется капча Яндекса при запуске теста на Github\n\nselenium.common.exceptions.NoSuchElementException: Message: no such element: Unable to locate element: {\"method\":\"css selector\",\"selector\":\"button[data-t='button:clear']\"}\n  (Session info: headless chrome=117.0.5938.88); For documentation on this error, please visit: https://www.selenium.dev/documentation/webdriver/troubleshooting/errors#no-such-element-exception\nStacktrace:\n#0 0x55b8674c16c3 <unknown>\n#1 0x55b8671971e7 <unknown>\n#2 0x55b8671de566 <unknown>\n#3 0x55b8671de651 <unknown>\n#4 0x55b86721ba74 <unknown>\n#5 0x55b8672000ed <unknown>\n#6 0x55b867219322 <unknown>\n#7 0x55b8671ffe93 <unknown>\n#8 0x55b8671d2934 <unknown>\n#9 0x55b8671d371e <unknown>\n#10 0x55b867486cc8 <unknown>\n#11 0x55b86748ac00 <unknown>\n#12 0x55b8674951ac <unknown>\n#13 0x55b86748b818 <unknown>\n#14 0x55b86745828f <unknown>\n#15 0x55b8674afe98 <unknown>\n#16 0x55b8674b0069 <unknown>\n#17 0x55b8674c0853 <unknown>\n#18 0x7fa97660e044 <unknown>","time":{"start":1694826371095,"stop":1694826375603,"duration":4508}},{"uid":"fce955176d0400fd","reportUrl":"https://Nat754.github.io/StroyremAutomation/63//#testresult/fce955176d0400fd","status":"skipped","statusDetails":"XFAIL Появляется капча Яндекса при запуске теста на Github\n\nselenium.common.exceptions.NoSuchElementException: Message: no such element: Unable to locate element: {\"method\":\"css selector\",\"selector\":\"button[data-t='button:clear']\"}\n  (Session info: headless chrome=117.0.5938.62); For documentation on this error, please visit: https://www.selenium.dev/documentation/webdriver/troubleshooting/errors#no-such-element-exception\nStacktrace:\n#0 0x560d7c215693 <unknown>\n#1 0x560d7beeb1e7 <unknown>\n#2 0x560d7bf32566 <unknown>\n#3 0x560d7bf32651 <unknown>\n#4 0x560d7bf6fa74 <unknown>\n#5 0x560d7bf540ed <unknown>\n#6 0x560d7bf6d322 <unknown>\n#7 0x560d7bf53e93 <unknown>\n#8 0x560d7bf26934 <unknown>\n#9 0x560d7bf2771e <unknown>\n#10 0x560d7c1dac98 <unknown>\n#11 0x560d7c1debd0 <unknown>\n#12 0x560d7c1e917c <unknown>\n#13 0x560d7c1df7e8 <unknown>\n#14 0x560d7c1ac25f <unknown>\n#15 0x560d7c203e68 <unknown>\n#16 0x560d7c204039 <unknown>\n#17 0x560d7c214823 <unknown>\n#18 0x7f016202a044 <unknown>","time":{"start":1694740110182,"stop":1694740114599,"duration":4417}},{"uid":"db249cbad556ffb9","reportUrl":"https://Nat754.github.io/StroyremAutomation/62//#testresult/db249cbad556ffb9","status":"skipped","statusDetails":"XFAIL Появляется капча Яндекса при запуске теста на Github\n\nselenium.common.exceptions.InvalidCookieDomainException: Message: invalid cookie domain: Cookie 'domain' mismatch\n  (Session info: headless chrome=117.0.5938.62)\nStacktrace:\n#0 0x561fa3d8d693 <unknown>\n#1 0x561fa3a631e7 <unknown>\n#2 0x561fa3af68fb <unknown>\n#3 0x561fa3acc0c2 <unknown>\n#4 0x561fa3ae5322 <unknown>\n#5 0x561fa3acbe93 <unknown>\n#6 0x561fa3a9e934 <unknown>\n#7 0x561fa3a9f71e <unknown>\n#8 0x561fa3d52c98 <unknown>\n#9 0x561fa3d56bd0 <unknown>\n#10 0x561fa3d6117c <unknown>\n#11 0x561fa3d577e8 <unknown>\n#12 0x561fa3d2425f <unknown>\n#13 0x561fa3d7be68 <unknown>\n#14 0x561fa3d7c039 <unknown>\n#15 0x561fa3d8c823 <unknown>\n#16 0x7f621456e044 <unknown>","time":{"start":1694653565650,"stop":1694653568848,"duration":3198}},{"uid":"dad550c9b124d552","reportUrl":"https://Nat754.github.io/StroyremAutomation/61//#testresult/dad550c9b124d552","status":"skipped","statusDetails":"XFAIL Появляется капча Яндекса при запуске теста на Github\n\nselenium.common.exceptions.TimeoutException: Message:","time":{"start":1694638542483,"stop":1694638566756,"duration":24273}},{"uid":"9ae17329dbca72e9","reportUrl":"https://Nat754.github.io/StroyremAutomation/61//#testresult/9ae17329dbca72e9","status":"skipped","statusDetails":"XFAIL Появляется капча Яндекса при запуске теста на Github\n\nselenium.common.exceptions.NoSuchElementException: Message: no such element: Unable to locate element: {\"method\":\"css selector\",\"selector\":\"button[data-t='button:clear']\"}\n  (Session info: headless chrome=117.0.5938.62); For documentation on this error, please visit: https://www.selenium.dev/documentation/webdriver/troubleshooting/errors#no-such-element-exception\nStacktrace:\n#0 0x5614f1897693 <unknown>\n#1 0x5614f156d1e7 <unknown>\n#2 0x5614f15b4566 <unknown>\n#3 0x5614f15b4651 <unknown>\n#4 0x5614f15f1a74 <unknown>\n#5 0x5614f15d60ed <unknown>\n#6 0x5614f15ef322 <unknown>\n#7 0x5614f15d5e93 <unknown>\n#8 0x5614f15a8934 <unknown>\n#9 0x5614f15a971e <unknown>\n#10 0x5614f185cc98 <unknown>\n#11 0x5614f1860bd0 <unknown>\n#12 0x5614f186b17c <unknown>\n#13 0x5614f18617e8 <unknown>\n#14 0x5614f182e25f <unknown>\n#15 0x5614f1885e68 <unknown>\n#16 0x5614f1886039 <unknown>\n#17 0x5614f1896823 <unknown>\n#18 0x7f1f07537044 <unknown>","time":{"start":1694581510599,"stop":1694581515747,"duration":5148}},{"uid":"4f582938490e32c3","reportUrl":"https://Nat754.github.io/StroyremAutomation/61//#testresult/4f582938490e32c3","status":"skipped","statusDetails":"XFAIL Появляется капча Яндекса при запуске теста на Github\n\nselenium.common.exceptions.NoSuchElementException: Message: no such element: Unable to locate element: {\"method\":\"css selector\",\"selector\":\"button[data-t='button:clear']\"}\n  (Session info: headless chrome=117.0.5938.62); For documentation on this error, please visit: https://www.selenium.dev/documentation/webdriver/troubleshooting/errors#no-such-element-exception\nStacktrace:\n#0 0x55e0a2dc4693 <unknown>\n#1 0x55e0a2a9a1e7 <unknown>\n#2 0x55e0a2ae1566 <unknown>\n#3 0x55e0a2ae1651 <unknown>\n#4 0x55e0a2b1ea74 <unknown>\n#5 0x55e0a2b030ed <unknown>\n#6 0x55e0a2b1c322 <unknown>\n#7 0x55e0a2b02e93 <unknown>\n#8 0x55e0a2ad5934 <unknown>\n#9 0x55e0a2ad671e <unknown>\n#10 0x55e0a2d89c98 <unknown>\n#11 0x55e0a2d8dbd0 <unknown>\n#12 0x55e0a2d9817c <unknown>\n#13 0x55e0a2d8e7e8 <unknown>\n#14 0x55e0a2d5b25f <unknown>\n#15 0x55e0a2db2e68 <unknown>\n#16 0x55e0a2db3039 <unknown>\n#17 0x55e0a2dc3823 <unknown>\n#18 0x7f4b091a7044 <unknown>","time":{"start":1694567254363,"stop":1694567267336,"duration":12973}},{"uid":"6597ed280737d9ff","reportUrl":"https://Nat754.github.io/StroyremAutomation/60//#testresult/6597ed280737d9ff","status":"skipped","statusDetails":"XFAIL Появляется капча Яндекса при запуске теста на Github\n\nselenium.common.exceptions.TimeoutException: Message:","time":{"start":1694505517411,"stop":1694505544524,"duration":27113}},{"uid":"849f253cca26233","reportUrl":"https://Nat754.github.io/StroyremAutomation/60//#testresult/849f253cca26233","status":"skipped","statusDetails":"XFAIL Появляется капча Яндекса при запуске теста на Github\n\nselenium.common.exceptions.TimeoutException: Message:","time":{"start":1694481034348,"stop":1694481060675,"duration":26327}},{"uid":"96909baf16421e2f","reportUrl":"https://Nat754.github.io/StroyremAutomation/59//#testresult/96909baf16421e2f","status":"skipped","statusDetails":"XFAIL Появляется капча Яндекса при запуске теста на Github\n\nselenium.common.exceptions.TimeoutException: Message:","time":{"start":1694434483598,"stop":1694434508241,"duration":24643}},{"uid":"b28415e8ab5b1de2","reportUrl":"https://Nat754.github.io/StroyremAutomation/57//#testresult/b28415e8ab5b1de2","status":"skipped","statusDetails":"XFAIL Появляется капча Яндекса при запуске теста на Github\n\nselenium.common.exceptions.TimeoutException: Message:","time":{"start":1694431786010,"stop":1694431810770,"duration":24760}}]},"tags":["@pytest.mark.xfail(reason='Появляется капча Яндекса при запуске теста на Github')","smoke_test"]},"source":"830c2e1c2aeeb409.json","parameterValues":[]}