{"uid":"b503873ce1c0c89b","name":"TD 022 Доставка товара весом до 5000кг. в синей зоне","fullName":"tests.delivery.test_delivery_calculation.TestDeliveryPageCalculation#test_positive_delivery_blue_zone_smoke","historyId":"88e507e8c34e246e904b871854b91bc0","time":{"start":1695430719444,"stop":1695430720073,"duration":629},"status":"skipped","statusMessage":"XFAIL\n\nselenium.common.exceptions.NoSuchElementException: Message: no such element: Unable to locate element: {\"method\":\"xpath\",\"selector\":\"(//a[@class='add-to-cart yellow-btn'])[1]\"}\n  (Session info: headless chrome=117.0.5938.92); For documentation on this error, please visit: https://www.selenium.dev/documentation/webdriver/troubleshooting/errors#no-such-element-exception\nStacktrace:\n#0 0x55ff851d56b3 <unknown>\n#1 0x55ff84eab1e7 <unknown>\n#2 0x55ff84ef2566 <unknown>\n#3 0x55ff84ef2651 <unknown>\n#4 0x55ff84f2fa74 <unknown>\n#5 0x55ff84f140ed <unknown>\n#6 0x55ff84f2d322 <unknown>\n#7 0x55ff84f13e93 <unknown>\n#8 0x55ff84ee6934 <unknown>\n#9 0x55ff84ee771e <unknown>\n#10 0x55ff8519acb8 <unknown>\n#11 0x55ff8519ebf0 <unknown>\n#12 0x55ff851a919c <unknown>\n#13 0x55ff8519f808 <unknown>\n#14 0x55ff8516c27f <unknown>\n#15 0x55ff851c3e88 <unknown>\n#16 0x55ff851c4059 <unknown>\n#17 0x55ff851d4843 <unknown>\n#18 0x7f7a9ec70044 <unknown>","statusTrace":"self = <tests.delivery.test_delivery_calculation.TestDeliveryPageCalculation object at 0x7f0292c92fd0>\ndriver = <selenium.webdriver.chrome.webdriver.WebDriver (session=\"5d6790a3395cbfc00205845256f13ae2\")>\nurl = 'https://sandboxtest.stroyrem-nn.ru/', case_id = 'TD 022'\nlink_item = 'products/shtukaturka-gipsovaya-aksolit-m50-30-kg-mashinnogo-naneseniya'\namount = 166, weight = 5000, standard = 2800, in_time = 5490, all_time = 5980\n\n    @pytest.mark.parametrize('case_id, link_item, amount, weight, standard, in_time, all_time', [\n        (\"TD 015\", bundeks_25, 1, 30, 650, 2390, 3320),\n        pytest.param(\n            \"TD 016\", aksolit_30, 8, 300, 650, 2390, 3320,\n            marks=pytest.mark.xfail(reson=\"Цена доставки: - - -\")\n        ),\n        (\"TD 017\", aksolit_30, 13, 400, 650, 2390, 3320),\n        (\"TD 018\", aksolit_30, 16, 500, 850, 2490, 3320),\n        (\"TD 019\", aksolit_30, 25, 1700, 1150, 2490, 3320),\n        (\"TD 020\", aksolit_30, 66, 2000, 1500, 2990, 3650),\n        (\"TD 021\", aksolit_30, 149, 4500, 2600, 4380, 4890),\n        (\"TD 022\", aksolit_30, 166, 5000, 2800, 5490, 5980),\n        pytest.param(\n            \"TD 023\", aksolit_30, 206, 6200, 3300, 7500, 8000,\n            marks=pytest.mark.xfail(reson=\"Цена доставки: 4300 9900 11440\")\n        ),\n        (\"TD 024\", aksolit_30, 299, 9000, 4300, 9900, 11440),\n        (\"TD 025\", aksolit_30, 333, 10000, 7000, 13900, 15900),\n        pytest.param(\n            \"TD 026\", aksolit_30, 366, 11000, 8000, 14900, 19900,\n            marks=pytest.mark.xfail(reson=\"Цена доставки: 7000 13900 15900\")\n        ),\n        pytest.param(\n            \"TD 027\", aksolit_30, 666, 20000, 14000, 16900, 23900,\n            marks=pytest.mark.xfail(reson=\"Цена доставки: 7000 13900 15900\")\n        )\n    ])\n    @pytest.mark.xfail\n    @pytest.mark.smoke_test\n    def test_positive_delivery_blue_zone_smoke(\n            self, driver, url, case_id, link_item, amount, weight, standard, in_time, all_time\n    ):\n        allure.dynamic.title(f\"{case_id} Доставка товара весом до {weight}кг. в синей зоне\")\n    \n        driver.get(f'{url}{link_item}')\n        item_page = ItemPage(driver)\n>       item_page.add_item_to_cart(amount).click_on_cart()\n\ntests/delivery/test_delivery_calculation.py:132: \n_ _ _ _ _ _ _ _ _ _ _ _ _ _ _ _ _ _ _ _ _ _ _ _ _ _ _ _ _ _ _ _ _ _ _ _ _ _ _ _ \npages/item_page.py:40: in add_item_to_cart\n    self.find_element(self._add_item).click()\nbase/seleniumbase.py:17: in find_element\n    return self.driver.find_element(*locator)\n/usr/local/lib/python3.11/site-packages/selenium/webdriver/remote/webdriver.py:739: in find_element\n    return self.execute(Command.FIND_ELEMENT, {\"using\": by, \"value\": value})[\"value\"]\n/usr/local/lib/python3.11/site-packages/selenium/webdriver/remote/webdriver.py:345: in execute\n    self.error_handler.check_response(response)\n_ _ _ _ _ _ _ _ _ _ _ _ _ _ _ _ _ _ _ _ _ _ _ _ _ _ _ _ _ _ _ _ _ _ _ _ _ _ _ _ \n\nself = <selenium.webdriver.remote.errorhandler.ErrorHandler object at 0x7f0292a09210>\nresponse = {'status': 404, 'value': '{\"value\":{\"error\":\"no such element\",\"message\":\"no such element: Unable to locate element: {\\...\\\\n#16 0x55ff851c4059 \\\\u003Cunknown>\\\\n#17 0x55ff851d4843 \\\\u003Cunknown>\\\\n#18 0x7f7a9ec70044 \\\\u003Cunknown>\\\\n\"}}'}\n\n    def check_response(self, response: Dict[str, Any]) -> None:\n        \"\"\"Checks that a JSON response from the WebDriver does not have an\n        error.\n    \n        :Args:\n         - response - The JSON response from the WebDriver server as a dictionary\n           object.\n    \n        :Raises: If the response contains an error message.\n        \"\"\"\n        status = response.get(\"status\", None)\n        if not status or status == ErrorCode.SUCCESS:\n            return\n        value = None\n        message = response.get(\"message\", \"\")\n        screen: str = response.get(\"screen\", \"\")\n        stacktrace = None\n        if isinstance(status, int):\n            value_json = response.get(\"value\", None)\n            if value_json and isinstance(value_json, str):\n                import json\n    \n                try:\n                    value = json.loads(value_json)\n                    if len(value) == 1:\n                        value = value[\"value\"]\n                    status = value.get(\"error\", None)\n                    if not status:\n                        status = value.get(\"status\", ErrorCode.UNKNOWN_ERROR)\n                        message = value.get(\"value\") or value.get(\"message\")\n                        if not isinstance(message, str):\n                            value = message\n                            message = message.get(\"message\")\n                    else:\n                        message = value.get(\"message\", None)\n                except ValueError:\n                    pass\n    \n        exception_class: Type[WebDriverException]\n        e = ErrorCode()\n        error_codes = [item for item in dir(e) if not item.startswith(\"__\")]\n        for error_code in error_codes:\n            error_info = getattr(ErrorCode, error_code)\n            if isinstance(error_info, list) and status in error_info:\n                exception_class = getattr(ExceptionMapping, error_code, WebDriverException)\n                break\n        else:\n            exception_class = WebDriverException\n    \n        if not value:\n            value = response[\"value\"]\n        if isinstance(value, str):\n            raise exception_class(value)\n        if message == \"\" and \"message\" in value:\n            message = value[\"message\"]\n    \n        screen = None  # type: ignore[assignment]\n        if \"screen\" in value:\n            screen = value[\"screen\"]\n    \n        stacktrace = None\n        st_value = value.get(\"stackTrace\") or value.get(\"stacktrace\")\n        if st_value:\n            if isinstance(st_value, str):\n                stacktrace = st_value.split(\"\\n\")\n            else:\n                stacktrace = []\n                try:\n                    for frame in st_value:\n                        line = frame.get(\"lineNumber\", \"\")\n                        file = frame.get(\"fileName\", \"<anonymous>\")\n                        if line:\n                            file = f\"{file}:{line}\"\n                        meth = frame.get(\"methodName\", \"<anonymous>\")\n                        if \"className\" in frame:\n                            meth = f\"{frame['className']}.{meth}\"\n                        msg = \"    at %s (%s)\"\n                        msg = msg % (meth, file)\n                        stacktrace.append(msg)\n                except TypeError:\n                    pass\n        if exception_class == UnexpectedAlertPresentException:\n            alert_text = None\n            if \"data\" in value:\n                alert_text = value[\"data\"].get(\"text\")\n            elif \"alert\" in value:\n                alert_text = value[\"alert\"].get(\"text\")\n            raise exception_class(message, screen, stacktrace, alert_text)  # type: ignore[call-arg]  # mypy is not smart enough here\n>       raise exception_class(message, screen, stacktrace)\nE       selenium.common.exceptions.NoSuchElementException: Message: no such element: Unable to locate element: {\"method\":\"xpath\",\"selector\":\"(//a[@class='add-to-cart yellow-btn'])[1]\"}\nE         (Session info: headless chrome=117.0.5938.92); For documentation on this error, please visit: https://www.selenium.dev/documentation/webdriver/troubleshooting/errors#no-such-element-exception\nE       Stacktrace:\nE       #0 0x55ff851d56b3 <unknown>\nE       #1 0x55ff84eab1e7 <unknown>\nE       #2 0x55ff84ef2566 <unknown>\nE       #3 0x55ff84ef2651 <unknown>\nE       #4 0x55ff84f2fa74 <unknown>\nE       #5 0x55ff84f140ed <unknown>\nE       #6 0x55ff84f2d322 <unknown>\nE       #7 0x55ff84f13e93 <unknown>\nE       #8 0x55ff84ee6934 <unknown>\nE       #9 0x55ff84ee771e <unknown>\nE       #10 0x55ff8519acb8 <unknown>\nE       #11 0x55ff8519ebf0 <unknown>\nE       #12 0x55ff851a919c <unknown>\nE       #13 0x55ff8519f808 <unknown>\nE       #14 0x55ff8516c27f <unknown>\nE       #15 0x55ff851c3e88 <unknown>\nE       #16 0x55ff851c4059 <unknown>\nE       #17 0x55ff851d4843 <unknown>\nE       #18 0x7f7a9ec70044 <unknown>\n\n/usr/local/lib/python3.11/site-packages/selenium/webdriver/remote/errorhandler.py:229: NoSuchElementException","flaky":false,"newFailed":false,"newBroken":false,"newPassed":false,"retriesCount":0,"retriesStatusChange":false,"beforeStages":[{"name":"_session_faker","time":{"start":1695429932810,"stop":1695429932924,"duration":114},"status":"passed","steps":[],"attachments":[],"parameters":[],"shouldDisplayMessage":false,"stepsCount":0,"attachmentsCount":0,"hasContent":false},{"name":"clear_allure_results_folder","time":{"start":1695429932924,"stop":1695429932924,"duration":0},"status":"passed","steps":[],"attachments":[],"parameters":[],"shouldDisplayMessage":false,"stepsCount":0,"attachmentsCount":0,"hasContent":false},{"name":"driver","time":{"start":1695430718556,"stop":1695430719442,"duration":886},"status":"passed","steps":[],"attachments":[],"parameters":[],"shouldDisplayMessage":false,"stepsCount":0,"attachmentsCount":0,"hasContent":false},{"name":"setup","time":{"start":1695430719443,"stop":1695430719443,"duration":0},"status":"passed","steps":[],"attachments":[],"parameters":[],"shouldDisplayMessage":false,"stepsCount":0,"attachmentsCount":0,"hasContent":false}],"testStage":{"status":"skipped","statusMessage":"XFAIL\n\nselenium.common.exceptions.NoSuchElementException: Message: no such element: Unable to locate element: {\"method\":\"xpath\",\"selector\":\"(//a[@class='add-to-cart yellow-btn'])[1]\"}\n  (Session info: headless chrome=117.0.5938.92); For documentation on this error, please visit: https://www.selenium.dev/documentation/webdriver/troubleshooting/errors#no-such-element-exception\nStacktrace:\n#0 0x55ff851d56b3 <unknown>\n#1 0x55ff84eab1e7 <unknown>\n#2 0x55ff84ef2566 <unknown>\n#3 0x55ff84ef2651 <unknown>\n#4 0x55ff84f2fa74 <unknown>\n#5 0x55ff84f140ed <unknown>\n#6 0x55ff84f2d322 <unknown>\n#7 0x55ff84f13e93 <unknown>\n#8 0x55ff84ee6934 <unknown>\n#9 0x55ff84ee771e <unknown>\n#10 0x55ff8519acb8 <unknown>\n#11 0x55ff8519ebf0 <unknown>\n#12 0x55ff851a919c <unknown>\n#13 0x55ff8519f808 <unknown>\n#14 0x55ff8516c27f <unknown>\n#15 0x55ff851c3e88 <unknown>\n#16 0x55ff851c4059 <unknown>\n#17 0x55ff851d4843 <unknown>\n#18 0x7f7a9ec70044 <unknown>","statusTrace":"self = <tests.delivery.test_delivery_calculation.TestDeliveryPageCalculation object at 0x7f0292c92fd0>\ndriver = <selenium.webdriver.chrome.webdriver.WebDriver (session=\"5d6790a3395cbfc00205845256f13ae2\")>\nurl = 'https://sandboxtest.stroyrem-nn.ru/', case_id = 'TD 022'\nlink_item = 'products/shtukaturka-gipsovaya-aksolit-m50-30-kg-mashinnogo-naneseniya'\namount = 166, weight = 5000, standard = 2800, in_time = 5490, all_time = 5980\n\n    @pytest.mark.parametrize('case_id, link_item, amount, weight, standard, in_time, all_time', [\n        (\"TD 015\", bundeks_25, 1, 30, 650, 2390, 3320),\n        pytest.param(\n            \"TD 016\", aksolit_30, 8, 300, 650, 2390, 3320,\n            marks=pytest.mark.xfail(reson=\"Цена доставки: - - -\")\n        ),\n        (\"TD 017\", aksolit_30, 13, 400, 650, 2390, 3320),\n        (\"TD 018\", aksolit_30, 16, 500, 850, 2490, 3320),\n        (\"TD 019\", aksolit_30, 25, 1700, 1150, 2490, 3320),\n        (\"TD 020\", aksolit_30, 66, 2000, 1500, 2990, 3650),\n        (\"TD 021\", aksolit_30, 149, 4500, 2600, 4380, 4890),\n        (\"TD 022\", aksolit_30, 166, 5000, 2800, 5490, 5980),\n        pytest.param(\n            \"TD 023\", aksolit_30, 206, 6200, 3300, 7500, 8000,\n            marks=pytest.mark.xfail(reson=\"Цена доставки: 4300 9900 11440\")\n        ),\n        (\"TD 024\", aksolit_30, 299, 9000, 4300, 9900, 11440),\n        (\"TD 025\", aksolit_30, 333, 10000, 7000, 13900, 15900),\n        pytest.param(\n            \"TD 026\", aksolit_30, 366, 11000, 8000, 14900, 19900,\n            marks=pytest.mark.xfail(reson=\"Цена доставки: 7000 13900 15900\")\n        ),\n        pytest.param(\n            \"TD 027\", aksolit_30, 666, 20000, 14000, 16900, 23900,\n            marks=pytest.mark.xfail(reson=\"Цена доставки: 7000 13900 15900\")\n        )\n    ])\n    @pytest.mark.xfail\n    @pytest.mark.smoke_test\n    def test_positive_delivery_blue_zone_smoke(\n            self, driver, url, case_id, link_item, amount, weight, standard, in_time, all_time\n    ):\n        allure.dynamic.title(f\"{case_id} Доставка товара весом до {weight}кг. в синей зоне\")\n    \n        driver.get(f'{url}{link_item}')\n        item_page = ItemPage(driver)\n>       item_page.add_item_to_cart(amount).click_on_cart()\n\ntests/delivery/test_delivery_calculation.py:132: \n_ _ _ _ _ _ _ _ _ _ _ _ _ _ _ _ _ _ _ _ _ _ _ _ _ _ _ _ _ _ _ _ _ _ _ _ _ _ _ _ \npages/item_page.py:40: in add_item_to_cart\n    self.find_element(self._add_item).click()\nbase/seleniumbase.py:17: in find_element\n    return self.driver.find_element(*locator)\n/usr/local/lib/python3.11/site-packages/selenium/webdriver/remote/webdriver.py:739: in find_element\n    return self.execute(Command.FIND_ELEMENT, {\"using\": by, \"value\": value})[\"value\"]\n/usr/local/lib/python3.11/site-packages/selenium/webdriver/remote/webdriver.py:345: in execute\n    self.error_handler.check_response(response)\n_ _ _ _ _ _ _ _ _ _ _ _ _ _ _ _ _ _ _ _ _ _ _ _ _ _ _ _ _ _ _ _ _ _ _ _ _ _ _ _ \n\nself = <selenium.webdriver.remote.errorhandler.ErrorHandler object at 0x7f0292a09210>\nresponse = {'status': 404, 'value': '{\"value\":{\"error\":\"no such element\",\"message\":\"no such element: Unable to locate element: {\\...\\\\n#16 0x55ff851c4059 \\\\u003Cunknown>\\\\n#17 0x55ff851d4843 \\\\u003Cunknown>\\\\n#18 0x7f7a9ec70044 \\\\u003Cunknown>\\\\n\"}}'}\n\n    def check_response(self, response: Dict[str, Any]) -> None:\n        \"\"\"Checks that a JSON response from the WebDriver does not have an\n        error.\n    \n        :Args:\n         - response - The JSON response from the WebDriver server as a dictionary\n           object.\n    \n        :Raises: If the response contains an error message.\n        \"\"\"\n        status = response.get(\"status\", None)\n        if not status or status == ErrorCode.SUCCESS:\n            return\n        value = None\n        message = response.get(\"message\", \"\")\n        screen: str = response.get(\"screen\", \"\")\n        stacktrace = None\n        if isinstance(status, int):\n            value_json = response.get(\"value\", None)\n            if value_json and isinstance(value_json, str):\n                import json\n    \n                try:\n                    value = json.loads(value_json)\n                    if len(value) == 1:\n                        value = value[\"value\"]\n                    status = value.get(\"error\", None)\n                    if not status:\n                        status = value.get(\"status\", ErrorCode.UNKNOWN_ERROR)\n                        message = value.get(\"value\") or value.get(\"message\")\n                        if not isinstance(message, str):\n                            value = message\n                            message = message.get(\"message\")\n                    else:\n                        message = value.get(\"message\", None)\n                except ValueError:\n                    pass\n    \n        exception_class: Type[WebDriverException]\n        e = ErrorCode()\n        error_codes = [item for item in dir(e) if not item.startswith(\"__\")]\n        for error_code in error_codes:\n            error_info = getattr(ErrorCode, error_code)\n            if isinstance(error_info, list) and status in error_info:\n                exception_class = getattr(ExceptionMapping, error_code, WebDriverException)\n                break\n        else:\n            exception_class = WebDriverException\n    \n        if not value:\n            value = response[\"value\"]\n        if isinstance(value, str):\n            raise exception_class(value)\n        if message == \"\" and \"message\" in value:\n            message = value[\"message\"]\n    \n        screen = None  # type: ignore[assignment]\n        if \"screen\" in value:\n            screen = value[\"screen\"]\n    \n        stacktrace = None\n        st_value = value.get(\"stackTrace\") or value.get(\"stacktrace\")\n        if st_value:\n            if isinstance(st_value, str):\n                stacktrace = st_value.split(\"\\n\")\n            else:\n                stacktrace = []\n                try:\n                    for frame in st_value:\n                        line = frame.get(\"lineNumber\", \"\")\n                        file = frame.get(\"fileName\", \"<anonymous>\")\n                        if line:\n                            file = f\"{file}:{line}\"\n                        meth = frame.get(\"methodName\", \"<anonymous>\")\n                        if \"className\" in frame:\n                            meth = f\"{frame['className']}.{meth}\"\n                        msg = \"    at %s (%s)\"\n                        msg = msg % (meth, file)\n                        stacktrace.append(msg)\n                except TypeError:\n                    pass\n        if exception_class == UnexpectedAlertPresentException:\n            alert_text = None\n            if \"data\" in value:\n                alert_text = value[\"data\"].get(\"text\")\n            elif \"alert\" in value:\n                alert_text = value[\"alert\"].get(\"text\")\n            raise exception_class(message, screen, stacktrace, alert_text)  # type: ignore[call-arg]  # mypy is not smart enough here\n>       raise exception_class(message, screen, stacktrace)\nE       selenium.common.exceptions.NoSuchElementException: Message: no such element: Unable to locate element: {\"method\":\"xpath\",\"selector\":\"(//a[@class='add-to-cart yellow-btn'])[1]\"}\nE         (Session info: headless chrome=117.0.5938.92); For documentation on this error, please visit: https://www.selenium.dev/documentation/webdriver/troubleshooting/errors#no-such-element-exception\nE       Stacktrace:\nE       #0 0x55ff851d56b3 <unknown>\nE       #1 0x55ff84eab1e7 <unknown>\nE       #2 0x55ff84ef2566 <unknown>\nE       #3 0x55ff84ef2651 <unknown>\nE       #4 0x55ff84f2fa74 <unknown>\nE       #5 0x55ff84f140ed <unknown>\nE       #6 0x55ff84f2d322 <unknown>\nE       #7 0x55ff84f13e93 <unknown>\nE       #8 0x55ff84ee6934 <unknown>\nE       #9 0x55ff84ee771e <unknown>\nE       #10 0x55ff8519acb8 <unknown>\nE       #11 0x55ff8519ebf0 <unknown>\nE       #12 0x55ff851a919c <unknown>\nE       #13 0x55ff8519f808 <unknown>\nE       #14 0x55ff8516c27f <unknown>\nE       #15 0x55ff851c3e88 <unknown>\nE       #16 0x55ff851c4059 <unknown>\nE       #17 0x55ff851d4843 <unknown>\nE       #18 0x7f7a9ec70044 <unknown>\n\n/usr/local/lib/python3.11/site-packages/selenium/webdriver/remote/errorhandler.py:229: NoSuchElementException","steps":[{"name":"Добавляем товар в корзину в количестве 166","time":{"start":1695430720053,"stop":1695430720072,"duration":19},"status":"broken","statusMessage":"selenium.common.exceptions.NoSuchElementException: Message: no such element: Unable to locate element: {\"method\":\"xpath\",\"selector\":\"(//a[@class='add-to-cart yellow-btn'])[1]\"}\n  (Session info: headless chrome=117.0.5938.92); For documentation on this error, please visit: https://www.selenium.dev/documentation/webdriver/troubleshooting/errors#no-such-element-exception\nStacktrace:\n#0 0x55ff851d56b3 <unknown>\n#1 0x55ff84eab1e7 <unknown>\n#2 0x55ff84ef2566 <unknown>\n#3 0x55ff84ef2651 <unknown>\n#4 0x55ff84f2fa74 <unknown>\n#5 0x55ff84f140ed <unknown>\n#6 0x55ff84f2d322 <unknown>\n#7 0x55ff84f13e93 <unknown>\n#8 0x55ff84ee6934 <unknown>\n#9 0x55ff84ee771e <unknown>\n#10 0x55ff8519acb8 <unknown>\n#11 0x55ff8519ebf0 <unknown>\n#12 0x55ff851a919c <unknown>\n#13 0x55ff8519f808 <unknown>\n#14 0x55ff8516c27f <unknown>\n#15 0x55ff851c3e88 <unknown>\n#16 0x55ff851c4059 <unknown>\n#17 0x55ff851d4843 <unknown>\n#18 0x7f7a9ec70044 <unknown>\n\n","statusTrace":"  File \"/usr/local/lib/python3.11/site-packages/allure_commons/_allure.py\", line 192, in impl\n    return func(*a, **kw)\n           ^^^^^^^^^^^^^^\n  File \"/app/pages/item_page.py\", line 40, in add_item_to_cart\n    self.find_element(self._add_item).click()\n    ^^^^^^^^^^^^^^^^^^^^^^^^^^^^^^^^^\n  File \"/app/base/seleniumbase.py\", line 17, in find_element\n    return self.driver.find_element(*locator)\n           ^^^^^^^^^^^^^^^^^^^^^^^^^^^^^^^^^^\n  File \"/usr/local/lib/python3.11/site-packages/selenium/webdriver/remote/webdriver.py\", line 739, in find_element\n    return self.execute(Command.FIND_ELEMENT, {\"using\": by, \"value\": value})[\"value\"]\n           ^^^^^^^^^^^^^^^^^^^^^^^^^^^^^^^^^^^^^^^^^^^^^^^^^^^^^^^^^^^^^^^^^\n  File \"/usr/local/lib/python3.11/site-packages/selenium/webdriver/remote/webdriver.py\", line 345, in execute\n    self.error_handler.check_response(response)\n  File \"/usr/local/lib/python3.11/site-packages/selenium/webdriver/remote/errorhandler.py\", line 229, in check_response\n    raise exception_class(message, screen, stacktrace)\n","steps":[],"attachments":[],"parameters":[{"name":"amount","value":"166"}],"shouldDisplayMessage":true,"stepsCount":0,"attachmentsCount":0,"hasContent":true}],"attachments":[{"uid":"9f7a597d8e45b471","name":"Screenshot","source":"9f7a597d8e45b471.png","type":"image/png","size":39917},{"uid":"afc40c9235b3d67d","name":"HTML source","source":"afc40c9235b3d67d.html","type":"text/html","size":544}],"parameters":[],"shouldDisplayMessage":true,"stepsCount":1,"attachmentsCount":2,"hasContent":true},"afterStages":[{"name":"setup::0","time":{"start":1695430720212,"stop":1695430720212,"duration":0},"status":"passed","steps":[],"attachments":[],"parameters":[],"shouldDisplayMessage":false,"stepsCount":0,"attachmentsCount":0,"hasContent":false},{"name":"driver::0","time":{"start":1695430720212,"stop":1695430720270,"duration":58},"status":"passed","steps":[],"attachments":[],"parameters":[],"shouldDisplayMessage":false,"stepsCount":0,"attachmentsCount":0,"hasContent":false}],"labels":[{"name":"epic","value":"Delivery Page - calculation"},{"name":"tag","value":"smoke_test"},{"name":"tag","value":"@pytest.mark.xfail"},{"name":"parentSuite","value":"tests.delivery"},{"name":"suite","value":"test_delivery_calculation"},{"name":"subSuite","value":"TestDeliveryPageCalculation"},{"name":"host","value":"7545aa0c3f0d"},{"name":"thread","value":"1-MainThread"},{"name":"framework","value":"pytest"},{"name":"language","value":"cpython3"},{"name":"package","value":"tests.delivery.test_delivery_calculation"},{"name":"resultFormat","value":"allure2"}],"parameters":[{"name":"all_time","value":"5980"},{"name":"amount","value":"166"},{"name":"case_id","value":"'TD 022'"},{"name":"in_time","value":"5490"},{"name":"link_item","value":"'products/shtukaturka-gipsovaya-aksolit-m50-30-kg-mashinnogo-naneseniya'"},{"name":"standard","value":"2800"},{"name":"url","value":"'https://sandboxtest.stroyrem-nn.ru/'"},{"name":"weight","value":"5000"}],"links":[],"hidden":false,"retry":false,"extra":{"severity":"normal","retries":[],"categories":[],"history":{"statistic":{"failed":0,"broken":13,"skipped":30,"passed":0,"unknown":0,"total":43},"items":[{"uid":"aa875b7477c547f9","reportUrl":"https://Nat754.github.io/StroyremAutomation/71//#testresult/aa875b7477c547f9","status":"skipped","statusDetails":"XFAIL\n\nselenium.common.exceptions.NoSuchElementException: Message: no such element: Unable to locate element: {\"method\":\"xpath\",\"selector\":\"(//a[@class='add-to-cart yellow-btn'])[1]\"}\n  (Session info: headless chrome=117.0.5938.92); For documentation on this error, please visit: https://www.selenium.dev/documentation/webdriver/troubleshooting/errors#no-such-element-exception\nStacktrace:\n#0 0x561957bca6b3 <unknown>\n#1 0x5619578a01e7 <unknown>\n#2 0x5619578e7566 <unknown>\n#3 0x5619578e7651 <unknown>\n#4 0x561957924a74 <unknown>\n#5 0x5619579090ed <unknown>\n#6 0x561957922322 <unknown>\n#7 0x561957908e93 <unknown>\n#8 0x5619578db934 <unknown>\n#9 0x5619578dc71e <unknown>\n#10 0x561957b8fcb8 <unknown>\n#11 0x561957b93bf0 <unknown>\n#12 0x561957b9e19c <unknown>\n#13 0x561957b94808 <unknown>\n#14 0x561957b6127f <unknown>\n#15 0x561957bb8e88 <unknown>\n#16 0x561957bb9059 <unknown>\n#17 0x561957bc9843 <unknown>\n#18 0x7f88a9816044 <unknown>","time":{"start":1695406029184,"stop":1695406030010,"duration":826}},{"uid":"e7ddf3e87e6a6568","reportUrl":"https://Nat754.github.io/StroyremAutomation/71//#testresult/e7ddf3e87e6a6568","status":"skipped","statusDetails":"XFAIL\n\nselenium.common.exceptions.NoSuchElementException: Message: no such element: Unable to locate element: {\"method\":\"xpath\",\"selector\":\"(//a[@class='add-to-cart yellow-btn'])[1]\"}\n  (Session info: headless chrome=117.0.5938.92); For documentation on this error, please visit: https://www.selenium.dev/documentation/webdriver/troubleshooting/errors#no-such-element-exception\nStacktrace:\n#0 0x55f67539c6b3 <unknown>\n#1 0x55f6750721e7 <unknown>\n#2 0x55f6750b9566 <unknown>\n#3 0x55f6750b9651 <unknown>\n#4 0x55f6750f6a74 <unknown>\n#5 0x55f6750db0ed <unknown>\n#6 0x55f6750f4322 <unknown>\n#7 0x55f6750dae93 <unknown>\n#8 0x55f6750ad934 <unknown>\n#9 0x55f6750ae71e <unknown>\n#10 0x55f675361cb8 <unknown>\n#11 0x55f675365bf0 <unknown>\n#12 0x55f67537019c <unknown>\n#13 0x55f675366808 <unknown>\n#14 0x55f67533327f <unknown>\n#15 0x55f67538ae88 <unknown>\n#16 0x55f67538b059 <unknown>\n#17 0x55f67539b843 <unknown>\n#18 0x7ff00ce00044 <unknown>","time":{"start":1695344256757,"stop":1695344257152,"duration":395}},{"uid":"234c41b2c946be9f","reportUrl":"https://Nat754.github.io/StroyremAutomation/70//#testresult/234c41b2c946be9f","status":"skipped","statusDetails":"XFAIL\n\nselenium.common.exceptions.NoSuchElementException: Message: no such element: Unable to locate element: {\"method\":\"xpath\",\"selector\":\"(//a[@class='add-to-cart yellow-btn'])[1]\"}\n  (Session info: headless chrome=117.0.5938.88); For documentation on this error, please visit: https://www.selenium.dev/documentation/webdriver/troubleshooting/errors#no-such-element-exception\nStacktrace:\n#0 0x5613af0b86c3 <unknown>\n#1 0x5613aed8e1e7 <unknown>\n#2 0x5613aedd5566 <unknown>\n#3 0x5613aedd5651 <unknown>\n#4 0x5613aee12a74 <unknown>\n#5 0x5613aedf70ed <unknown>\n#6 0x5613aee10322 <unknown>\n#7 0x5613aedf6e93 <unknown>\n#8 0x5613aedc9934 <unknown>\n#9 0x5613aedca71e <unknown>\n#10 0x5613af07dcc8 <unknown>\n#11 0x5613af081c00 <unknown>\n#12 0x5613af08c1ac <unknown>\n#13 0x5613af082818 <unknown>\n#14 0x5613af04f28f <unknown>\n#15 0x5613af0a6e98 <unknown>\n#16 0x5613af0a7069 <unknown>\n#17 0x5613af0b7853 <unknown>\n#18 0x7fee9c9bd044 <unknown>","time":{"start":1695257836095,"stop":1695257836819,"duration":724}},{"uid":"b3ee5093e6cbf643","reportUrl":"https://Nat754.github.io/StroyremAutomation/69//#testresult/b3ee5093e6cbf643","status":"skipped","statusDetails":"XFAIL\n\nselenium.common.exceptions.ElementNotInteractableException: Message: element not interactable\n  (Session info: headless chrome=117.0.5938.88)\nStacktrace:\n#0 0x555e9e7ce6c3 <unknown>\n#1 0x555e9e4a4036 <unknown>\n#2 0x555e9e4e2c1d <unknown>\n#3 0x555e9e50d0c2 <unknown>\n#4 0x555e9e4e0f16 <unknown>\n#5 0x555e9e50d28e <unknown>\n#6 0x555e9e526322 <unknown>\n#7 0x555e9e50ce93 <unknown>\n#8 0x555e9e4df934 <unknown>\n#9 0x555e9e4e071e <unknown>\n#10 0x555e9e793cc8 <unknown>\n#11 0x555e9e797c00 <unknown>\n#12 0x555e9e7a21ac <unknown>\n#13 0x555e9e798818 <unknown>\n#14 0x555e9e76528f <unknown>\n#15 0x555e9e7bce98 <unknown>\n#16 0x555e9e7bd069 <unknown>\n#17 0x555e9e7cd853 <unknown>\n#18 0x7fc1c1420044 <unknown>","time":{"start":1695171764896,"stop":1695171770674,"duration":5778}},{"uid":"9dfed7d0e1a9d8f","reportUrl":"https://Nat754.github.io/StroyremAutomation/68//#testresult/9dfed7d0e1a9d8f","status":"skipped","statusDetails":"XFAIL\n\nselenium.common.exceptions.NoSuchElementException: Message: no such element: Unable to locate element: {\"method\":\"xpath\",\"selector\":\"(//a[@class='add-to-cart yellow-btn'])[1]\"}\n  (Session info: headless chrome=117.0.5938.88); For documentation on this error, please visit: https://www.selenium.dev/documentation/webdriver/troubleshooting/errors#no-such-element-exception\nStacktrace:\n#0 0x561352fc76c3 <unknown>\n#1 0x561352c9d1e7 <unknown>\n#2 0x561352ce4566 <unknown>\n#3 0x561352ce4651 <unknown>\n#4 0x561352d21a74 <unknown>\n#5 0x561352d060ed <unknown>\n#6 0x561352d1f322 <unknown>\n#7 0x561352d05e93 <unknown>\n#8 0x561352cd8934 <unknown>\n#9 0x561352cd971e <unknown>\n#10 0x561352f8ccc8 <unknown>\n#11 0x561352f90c00 <unknown>\n#12 0x561352f9b1ac <unknown>\n#13 0x561352f91818 <unknown>\n#14 0x561352f5e28f <unknown>\n#15 0x561352fb5e98 <unknown>\n#16 0x561352fb6069 <unknown>\n#17 0x561352fc6853 <unknown>\n#18 0x7f051eca1044 <unknown>","time":{"start":1695085158946,"stop":1695085159490,"duration":544}},{"uid":"26e9e4c07edc15e","reportUrl":"https://Nat754.github.io/StroyremAutomation/67//#testresult/26e9e4c07edc15e","status":"skipped","statusDetails":"XFAIL\n\nselenium.common.exceptions.NoSuchElementException: Message: no such element: Unable to locate element: {\"method\":\"xpath\",\"selector\":\"(//a[@class='add-to-cart yellow-btn'])[1]\"}\n  (Session info: headless chrome=117.0.5938.88); For documentation on this error, please visit: https://www.selenium.dev/documentation/webdriver/troubleshooting/errors#no-such-element-exception\nStacktrace:\n#0 0x56505bb856c3 <unknown>\n#1 0x56505b85b1e7 <unknown>\n#2 0x56505b8a2566 <unknown>\n#3 0x56505b8a2651 <unknown>\n#4 0x56505b8dfa74 <unknown>\n#5 0x56505b8c40ed <unknown>\n#6 0x56505b8dd322 <unknown>\n#7 0x56505b8c3e93 <unknown>\n#8 0x56505b896934 <unknown>\n#9 0x56505b89771e <unknown>\n#10 0x56505bb4acc8 <unknown>\n#11 0x56505bb4ec00 <unknown>\n#12 0x56505bb591ac <unknown>\n#13 0x56505bb4f818 <unknown>\n#14 0x56505bb1c28f <unknown>\n#15 0x56505bb73e98 <unknown>\n#16 0x56505bb74069 <unknown>\n#17 0x56505bb84853 <unknown>\n#18 0x7fd1ce692044 <unknown>","time":{"start":1695063672486,"stop":1695063673188,"duration":702}},{"uid":"91b5dab1e8020e55","reportUrl":"https://Nat754.github.io/StroyremAutomation/66//#testresult/91b5dab1e8020e55","status":"skipped","statusDetails":"XFAIL\n\nselenium.common.exceptions.NoSuchElementException: Message: no such element: Unable to locate element: {\"method\":\"xpath\",\"selector\":\"(//a[@class='add-to-cart yellow-btn'])[1]\"}\n  (Session info: headless chrome=117.0.5938.88); For documentation on this error, please visit: https://www.selenium.dev/documentation/webdriver/troubleshooting/errors#no-such-element-exception\nStacktrace:\n#0 0x55b227e2e6c3 <unknown>\n#1 0x55b227b041e7 <unknown>\n#2 0x55b227b4b566 <unknown>\n#3 0x55b227b4b651 <unknown>\n#4 0x55b227b88a74 <unknown>\n#5 0x55b227b6d0ed <unknown>\n#6 0x55b227b86322 <unknown>\n#7 0x55b227b6ce93 <unknown>\n#8 0x55b227b3f934 <unknown>\n#9 0x55b227b4071e <unknown>\n#10 0x55b227df3cc8 <unknown>\n#11 0x55b227df7c00 <unknown>\n#12 0x55b227e021ac <unknown>\n#13 0x55b227df8818 <unknown>\n#14 0x55b227dc528f <unknown>\n#15 0x55b227e1ce98 <unknown>\n#16 0x55b227e1d069 <unknown>\n#17 0x55b227e2d853 <unknown>\n#18 0x7fb6a11cf044 <unknown>","time":{"start":1695060483421,"stop":1695060484027,"duration":606}},{"uid":"1e5a90062ac9c6bd","reportUrl":"https://Nat754.github.io/StroyremAutomation/66//#testresult/1e5a90062ac9c6bd","status":"skipped","statusDetails":"XFAIL\n\nselenium.common.exceptions.NoSuchElementException: Message: no such element: Unable to locate element: {\"method\":\"xpath\",\"selector\":\"(//a[@class='add-to-cart yellow-btn'])[1]\"}\n  (Session info: headless chrome=117.0.5938.88); For documentation on this error, please visit: https://www.selenium.dev/documentation/webdriver/troubleshooting/errors#no-such-element-exception\nStacktrace:\n#0 0x55858f92c6c3 <unknown>\n#1 0x55858f6021e7 <unknown>\n#2 0x55858f649566 <unknown>\n#3 0x55858f649651 <unknown>\n#4 0x55858f686a74 <unknown>\n#5 0x55858f66b0ed <unknown>\n#6 0x55858f684322 <unknown>\n#7 0x55858f66ae93 <unknown>\n#8 0x55858f63d934 <unknown>\n#9 0x55858f63e71e <unknown>\n#10 0x55858f8f1cc8 <unknown>\n#11 0x55858f8f5c00 <unknown>\n#12 0x55858f9001ac <unknown>\n#13 0x55858f8f6818 <unknown>\n#14 0x55858f8c328f <unknown>\n#15 0x55858f91ae98 <unknown>\n#16 0x55858f91b069 <unknown>\n#17 0x55858f92b853 <unknown>\n#18 0x7fbae03aa044 <unknown>","time":{"start":1694998518050,"stop":1694998518576,"duration":526}},{"uid":"c2d4aa6a6e85f240","reportUrl":"https://Nat754.github.io/StroyremAutomation/65//#testresult/c2d4aa6a6e85f240","status":"skipped","statusDetails":"XFAIL\n\nselenium.common.exceptions.NoSuchElementException: Message: no such element: Unable to locate element: {\"method\":\"xpath\",\"selector\":\"(//a[@class='add-to-cart yellow-btn'])[1]\"}\n  (Session info: headless chrome=117.0.5938.88); For documentation on this error, please visit: https://www.selenium.dev/documentation/webdriver/troubleshooting/errors#no-such-element-exception\nStacktrace:\n#0 0x559629bdf6c3 <unknown>\n#1 0x5596298b51e7 <unknown>\n#2 0x5596298fc566 <unknown>\n#3 0x5596298fc651 <unknown>\n#4 0x559629939a74 <unknown>\n#5 0x55962991e0ed <unknown>\n#6 0x559629937322 <unknown>\n#7 0x55962991de93 <unknown>\n#8 0x5596298f0934 <unknown>\n#9 0x5596298f171e <unknown>\n#10 0x559629ba4cc8 <unknown>\n#11 0x559629ba8c00 <unknown>\n#12 0x559629bb31ac <unknown>\n#13 0x559629ba9818 <unknown>\n#14 0x559629b7628f <unknown>\n#15 0x559629bcde98 <unknown>\n#16 0x559629bce069 <unknown>\n#17 0x559629bde853 <unknown>\n#18 0x7fcf7b228044 <unknown>","time":{"start":1694929467899,"stop":1694929468448,"duration":549}},{"uid":"1f7eb13d0241249d","reportUrl":"https://Nat754.github.io/StroyremAutomation/65//#testresult/1f7eb13d0241249d","status":"skipped","statusDetails":"XFAIL\n\nselenium.common.exceptions.NoSuchElementException: Message: no such element: Unable to locate element: {\"method\":\"xpath\",\"selector\":\"(//a[@class='add-to-cart yellow-btn'])[1]\"}\n  (Session info: headless chrome=117.0.5938.88); For documentation on this error, please visit: https://www.selenium.dev/documentation/webdriver/troubleshooting/errors#no-such-element-exception\nStacktrace:\n#0 0x55c322a046c3 <unknown>\n#1 0x55c3226da1e7 <unknown>\n#2 0x55c322721566 <unknown>\n#3 0x55c322721651 <unknown>\n#4 0x55c32275ea74 <unknown>\n#5 0x55c3227430ed <unknown>\n#6 0x55c32275c322 <unknown>\n#7 0x55c322742e93 <unknown>\n#8 0x55c322715934 <unknown>\n#9 0x55c32271671e <unknown>\n#10 0x55c3229c9cc8 <unknown>\n#11 0x55c3229cdc00 <unknown>\n#12 0x55c3229d81ac <unknown>\n#13 0x55c3229ce818 <unknown>\n#14 0x55c32299b28f <unknown>\n#15 0x55c3229f2e98 <unknown>\n#16 0x55c3229f3069 <unknown>\n#17 0x55c322a03853 <unknown>\n#18 0x7fc020fbf044 <unknown>","time":{"start":1694912366758,"stop":1694912367355,"duration":597}},{"uid":"12cc00a25eff7f5a","reportUrl":"https://Nat754.github.io/StroyremAutomation/64//#testresult/12cc00a25eff7f5a","status":"skipped","statusDetails":"XFAIL\n\nselenium.common.exceptions.NoSuchElementException: Message: no such element: Unable to locate element: {\"method\":\"xpath\",\"selector\":\"(//a[@class='add-to-cart yellow-btn'])[1]\"}\n  (Session info: headless chrome=117.0.5938.88); For documentation on this error, please visit: https://www.selenium.dev/documentation/webdriver/troubleshooting/errors#no-such-element-exception\nStacktrace:\n#0 0x558e03e766c3 <unknown>\n#1 0x558e03b4c1e7 <unknown>\n#2 0x558e03b93566 <unknown>\n#3 0x558e03b93651 <unknown>\n#4 0x558e03bd0a74 <unknown>\n#5 0x558e03bb50ed <unknown>\n#6 0x558e03bce322 <unknown>\n#7 0x558e03bb4e93 <unknown>\n#8 0x558e03b87934 <unknown>\n#9 0x558e03b8871e <unknown>\n#10 0x558e03e3bcc8 <unknown>\n#11 0x558e03e3fc00 <unknown>\n#12 0x558e03e4a1ac <unknown>\n#13 0x558e03e40818 <unknown>\n#14 0x558e03e0d28f <unknown>\n#15 0x558e03e64e98 <unknown>\n#16 0x558e03e65069 <unknown>\n#17 0x558e03e75853 <unknown>\n#18 0x7fbc0dab1044 <unknown>","time":{"start":1694825667566,"stop":1694825668274,"duration":708}},{"uid":"c155b5625d2425dc","reportUrl":"https://Nat754.github.io/StroyremAutomation/63//#testresult/c155b5625d2425dc","status":"skipped","statusDetails":"XFAIL\n\nselenium.common.exceptions.NoSuchElementException: Message: no such element: Unable to locate element: {\"method\":\"xpath\",\"selector\":\"(//a[@class='add-to-cart yellow-btn'])[1]\"}\n  (Session info: headless chrome=117.0.5938.62); For documentation on this error, please visit: https://www.selenium.dev/documentation/webdriver/troubleshooting/errors#no-such-element-exception\nStacktrace:\n#0 0x557ce2331693 <unknown>\n#1 0x557ce20071e7 <unknown>\n#2 0x557ce204e566 <unknown>\n#3 0x557ce204e651 <unknown>\n#4 0x557ce208ba74 <unknown>\n#5 0x557ce20700ed <unknown>\n#6 0x557ce2089322 <unknown>\n#7 0x557ce206fe93 <unknown>\n#8 0x557ce2042934 <unknown>\n#9 0x557ce204371e <unknown>\n#10 0x557ce22f6c98 <unknown>\n#11 0x557ce22fabd0 <unknown>\n#12 0x557ce230517c <unknown>\n#13 0x557ce22fb7e8 <unknown>\n#14 0x557ce22c825f <unknown>\n#15 0x557ce231fe68 <unknown>\n#16 0x557ce2320039 <unknown>\n#17 0x557ce2330823 <unknown>\n#18 0x7f0b414af044 <unknown>","time":{"start":1694739411853,"stop":1694739412378,"duration":525}},{"uid":"3aea46813de58935","reportUrl":"https://Nat754.github.io/StroyremAutomation/62//#testresult/3aea46813de58935","status":"skipped","statusDetails":"XFAIL\n\nselenium.common.exceptions.NoSuchElementException: Message: no such element: Unable to locate element: {\"method\":\"xpath\",\"selector\":\"(//a[@class='add-to-cart yellow-btn'])[1]\"}\n  (Session info: headless chrome=117.0.5938.62); For documentation on this error, please visit: https://www.selenium.dev/documentation/webdriver/troubleshooting/errors#no-such-element-exception\nStacktrace:\n#0 0x558c6f73e693 <unknown>\n#1 0x558c6f4141e7 <unknown>\n#2 0x558c6f45b566 <unknown>\n#3 0x558c6f45b651 <unknown>\n#4 0x558c6f498a74 <unknown>\n#5 0x558c6f47d0ed <unknown>\n#6 0x558c6f496322 <unknown>\n#7 0x558c6f47ce93 <unknown>\n#8 0x558c6f44f934 <unknown>\n#9 0x558c6f45071e <unknown>\n#10 0x558c6f703c98 <unknown>\n#11 0x558c6f707bd0 <unknown>\n#12 0x558c6f71217c <unknown>\n#13 0x558c6f7087e8 <unknown>\n#14 0x558c6f6d525f <unknown>\n#15 0x558c6f72ce68 <unknown>\n#16 0x558c6f72d039 <unknown>\n#17 0x558c6f73d823 <unknown>\n#18 0x7fd5f4275044 <unknown>","time":{"start":1694652951337,"stop":1694652951930,"duration":593}},{"uid":"46a183adbe458bb0","reportUrl":"https://Nat754.github.io/StroyremAutomation/61//#testresult/46a183adbe458bb0","status":"skipped","statusDetails":"XFAIL\n\nselenium.common.exceptions.NoSuchElementException: Message: no such element: Unable to locate element: {\"method\":\"xpath\",\"selector\":\"(//a[@class='add-to-cart yellow-btn'])[1]\"}\n  (Session info: headless chrome=117.0.5938.62); For documentation on this error, please visit: https://www.selenium.dev/documentation/webdriver/troubleshooting/errors#no-such-element-exception\nStacktrace:\n#0 0x55628c1fe693 <unknown>\n#1 0x55628bed41e7 <unknown>\n#2 0x55628bf1b566 <unknown>\n#3 0x55628bf1b651 <unknown>\n#4 0x55628bf58a74 <unknown>\n#5 0x55628bf3d0ed <unknown>\n#6 0x55628bf56322 <unknown>\n#7 0x55628bf3ce93 <unknown>\n#8 0x55628bf0f934 <unknown>\n#9 0x55628bf1071e <unknown>\n#10 0x55628c1c3c98 <unknown>\n#11 0x55628c1c7bd0 <unknown>\n#12 0x55628c1d217c <unknown>\n#13 0x55628c1c87e8 <unknown>\n#14 0x55628c19525f <unknown>\n#15 0x55628c1ece68 <unknown>\n#16 0x55628c1ed039 <unknown>\n#17 0x55628c1fd823 <unknown>\n#18 0x7f141f0d3044 <unknown>","time":{"start":1694637926931,"stop":1694637927339,"duration":408}},{"uid":"e9daa7233664875","reportUrl":"https://Nat754.github.io/StroyremAutomation/61//#testresult/e9daa7233664875","status":"skipped","statusDetails":"XFAIL\n\nselenium.common.exceptions.NoSuchElementException: Message: no such element: Unable to locate element: {\"method\":\"xpath\",\"selector\":\"(//a[@class='add-to-cart yellow-btn'])[1]\"}\n  (Session info: headless chrome=117.0.5938.62); For documentation on this error, please visit: https://www.selenium.dev/documentation/webdriver/troubleshooting/errors#no-such-element-exception\nStacktrace:\n#0 0x560e28b0e693 <unknown>\n#1 0x560e287e41e7 <unknown>\n#2 0x560e2882b566 <unknown>\n#3 0x560e2882b651 <unknown>\n#4 0x560e28868a74 <unknown>\n#5 0x560e2884d0ed <unknown>\n#6 0x560e28866322 <unknown>\n#7 0x560e2884ce93 <unknown>\n#8 0x560e2881f934 <unknown>\n#9 0x560e2882071e <unknown>\n#10 0x560e28ad3c98 <unknown>\n#11 0x560e28ad7bd0 <unknown>\n#12 0x560e28ae217c <unknown>\n#13 0x560e28ad87e8 <unknown>\n#14 0x560e28aa525f <unknown>\n#15 0x560e28afce68 <unknown>\n#16 0x560e28afd039 <unknown>\n#17 0x560e28b0d823 <unknown>\n#18 0x7fef3e86b044 <unknown>","time":{"start":1694580713663,"stop":1694580714282,"duration":619}},{"uid":"41ee268e0e2aa8e1","reportUrl":"https://Nat754.github.io/StroyremAutomation/61//#testresult/41ee268e0e2aa8e1","status":"skipped","statusDetails":"XFAIL\n\nselenium.common.exceptions.NoSuchElementException: Message: no such element: Unable to locate element: {\"method\":\"xpath\",\"selector\":\"(//a[@class='add-to-cart yellow-btn'])[1]\"}\n  (Session info: headless chrome=117.0.5938.62); For documentation on this error, please visit: https://www.selenium.dev/documentation/webdriver/troubleshooting/errors#no-such-element-exception\nStacktrace:\n#0 0x555bc3c04693 <unknown>\n#1 0x555bc38da1e7 <unknown>\n#2 0x555bc3921566 <unknown>\n#3 0x555bc3921651 <unknown>\n#4 0x555bc395ea74 <unknown>\n#5 0x555bc39430ed <unknown>\n#6 0x555bc395c322 <unknown>\n#7 0x555bc3942e93 <unknown>\n#8 0x555bc3915934 <unknown>\n#9 0x555bc391671e <unknown>\n#10 0x555bc3bc9c98 <unknown>\n#11 0x555bc3bcdbd0 <unknown>\n#12 0x555bc3bd817c <unknown>\n#13 0x555bc3bce7e8 <unknown>\n#14 0x555bc3b9b25f <unknown>\n#15 0x555bc3bf2e68 <unknown>\n#16 0x555bc3bf3039 <unknown>\n#17 0x555bc3c03823 <unknown>\n#18 0x7fc7f9e8c044 <unknown>","time":{"start":1694566615247,"stop":1694566615744,"duration":497}},{"uid":"4ed1cdebff68ae59","reportUrl":"https://Nat754.github.io/StroyremAutomation/60//#testresult/4ed1cdebff68ae59","status":"skipped","statusDetails":"XFAIL\n\nselenium.common.exceptions.NoSuchElementException: Message: no such element: Unable to locate element: {\"method\":\"xpath\",\"selector\":\"(//a[@class='add-to-cart yellow-btn'])[1]\"}\n  (Session info: headless chrome=116.0.5845.96); For documentation on this error, please visit: https://www.selenium.dev/documentation/webdriver/troubleshooting/errors#no-such-element-exception\nStacktrace:\n#0 0x563ca349ae23 <unknown>\n#1 0x563ca31c37a7 <unknown>\n#2 0x563ca32021d3 <unknown>\n#3 0x563ca32022c1 <unknown>\n#4 0x563ca323da04 <unknown>\n#5 0x563ca322303d <unknown>\n#6 0x563ca323b369 <unknown>\n#7 0x563ca3222de3 <unknown>\n#8 0x563ca31f6a7b <unknown>\n#9 0x563ca31f781e <unknown>\n#10 0x563ca345c638 <unknown>\n#11 0x563ca3460507 <unknown>\n#12 0x563ca346ac4c <unknown>\n#13 0x563ca3461136 <unknown>\n#14 0x563ca342f9cf <unknown>\n#15 0x563ca3484b98 <unknown>\n#16 0x563ca3484d68 <unknown>\n#17 0x563ca3493cb3 <unknown>\n#18 0x7f37c3604044 <unknown>","time":{"start":1694504700991,"stop":1694504701704,"duration":713}},{"uid":"8fdf77f4345228e2","reportUrl":"https://Nat754.github.io/StroyremAutomation/60//#testresult/8fdf77f4345228e2","status":"skipped","statusDetails":"XFAIL\n\nselenium.common.exceptions.NoSuchElementException: Message: no such element: Unable to locate element: {\"method\":\"xpath\",\"selector\":\"(//a[@class='add-to-cart yellow-btn'])[1]\"}\n  (Session info: headless chrome=116.0.5845.96); For documentation on this error, please visit: https://www.selenium.dev/documentation/webdriver/troubleshooting/errors#no-such-element-exception\nStacktrace:\n#0 0x55ae4cdc9e23 <unknown>\n#1 0x55ae4caf27a7 <unknown>\n#2 0x55ae4cb311d3 <unknown>\n#3 0x55ae4cb312c1 <unknown>\n#4 0x55ae4cb6ca04 <unknown>\n#5 0x55ae4cb5203d <unknown>\n#6 0x55ae4cb6a369 <unknown>\n#7 0x55ae4cb51de3 <unknown>\n#8 0x55ae4cb25a7b <unknown>\n#9 0x55ae4cb2681e <unknown>\n#10 0x55ae4cd8b638 <unknown>\n#11 0x55ae4cd8f507 <unknown>\n#12 0x55ae4cd99c4c <unknown>\n#13 0x55ae4cd90136 <unknown>\n#14 0x55ae4cd5e9cf <unknown>\n#15 0x55ae4cdb3b98 <unknown>\n#16 0x55ae4cdb3d68 <unknown>\n#17 0x55ae4cdc2cb3 <unknown>\n#18 0x7f96695b3044 <unknown>","time":{"start":1694480230922,"stop":1694480231770,"duration":848}},{"uid":"1ee450a84fcf1377","reportUrl":"https://Nat754.github.io/StroyremAutomation/59//#testresult/1ee450a84fcf1377","status":"skipped","statusDetails":"XFAIL\n\nselenium.common.exceptions.NoSuchElementException: Message: no such element: Unable to locate element: {\"method\":\"xpath\",\"selector\":\"(//a[@class='add-to-cart yellow-btn'])[1]\"}\n  (Session info: headless chrome=116.0.5845.96); For documentation on this error, please visit: https://www.selenium.dev/documentation/webdriver/troubleshooting/errors#no-such-element-exception\nStacktrace:\n#0 0x55a7d338be23 <unknown>\n#1 0x55a7d30b47a7 <unknown>\n#2 0x55a7d30f31d3 <unknown>\n#3 0x55a7d30f32c1 <unknown>\n#4 0x55a7d312ea04 <unknown>\n#5 0x55a7d311403d <unknown>\n#6 0x55a7d312c369 <unknown>\n#7 0x55a7d3113de3 <unknown>\n#8 0x55a7d30e7a7b <unknown>\n#9 0x55a7d30e881e <unknown>\n#10 0x55a7d334d638 <unknown>\n#11 0x55a7d3351507 <unknown>\n#12 0x55a7d335bc4c <unknown>\n#13 0x55a7d3352136 <unknown>\n#14 0x55a7d33209cf <unknown>\n#15 0x55a7d3375b98 <unknown>\n#16 0x55a7d3375d68 <unknown>\n#17 0x55a7d3384cb3 <unknown>\n#18 0x7f9030327044 <unknown>","time":{"start":1694433853510,"stop":1694433854093,"duration":583}},{"uid":"d7d4039b58a0a7f2","reportUrl":"https://Nat754.github.io/StroyremAutomation/57//#testresult/d7d4039b58a0a7f2","status":"skipped","statusDetails":"XFAIL\n\nselenium.common.exceptions.NoSuchElementException: Message: no such element: Unable to locate element: {\"method\":\"xpath\",\"selector\":\"(//a[@class='add-to-cart yellow-btn'])[1]\"}\n  (Session info: headless chrome=116.0.5845.96); For documentation on this error, please visit: https://www.selenium.dev/documentation/webdriver/troubleshooting/errors#no-such-element-exception\nStacktrace:\n#0 0x560213314e23 <unknown>\n#1 0x56021303d7a7 <unknown>\n#2 0x56021307c1d3 <unknown>\n#3 0x56021307c2c1 <unknown>\n#4 0x5602130b7a04 <unknown>\n#5 0x56021309d03d <unknown>\n#6 0x5602130b5369 <unknown>\n#7 0x56021309cde3 <unknown>\n#8 0x560213070a7b <unknown>\n#9 0x56021307181e <unknown>\n#10 0x5602132d6638 <unknown>\n#11 0x5602132da507 <unknown>\n#12 0x5602132e4c4c <unknown>\n#13 0x5602132db136 <unknown>\n#14 0x5602132a99cf <unknown>\n#15 0x5602132feb98 <unknown>\n#16 0x5602132fed68 <unknown>\n#17 0x56021330dcb3 <unknown>\n#18 0x7f104bb53044 <unknown>","time":{"start":1694431081552,"stop":1694431082102,"duration":550}}]},"tags":["@pytest.mark.xfail","smoke_test"]},"source":"b503873ce1c0c89b.json","parameterValues":["5980","166","'TD 022'","5490","'products/shtukaturka-gipsovaya-aksolit-m50-30-kg-mashinnogo-naneseniya'","2800","'https://sandboxtest.stroyrem-nn.ru/'","5000"]}