{"uid":"c674518ba078866b","name":"test_positive_delivery_green_zone_smoke[TD 010-products/shtukaturka-gipsovaya-aksolit-m50-30-kg-mashinnogo-naneseniya-206-6200-2900-5570-6120-https://sandboxtest.stroyrem-nn.ru/]","fullName":"tests.delivery.test_delivery_calculation.TestDeliveryPageCalculation#test_positive_delivery_green_zone_smoke","historyId":"ece4a4b7d2c766759dd3e80afc1ed9c3","time":{"start":1700009725983,"stop":1700009730681,"duration":4698},"status":"skipped","statusMessage":"XFAIL\n\nselenium.common.exceptions.NoSuchElementException: Message: no such element: Unable to locate element: {\"method\":\"xpath\",\"selector\":\"//input[@class='amount']\"}\n  (Session info: headless chrome=119.0.6045.105); For documentation on this error, please visit: https://www.selenium.dev/documentation/webdriver/troubleshooting/errors#no-such-element-exception\nStacktrace:\n#0 0x55953e6eb5e3 <unknown>\n#1 0x55953e3ae0b7 <unknown>\n#2 0x55953e3fbf53 <unknown>\n#3 0x55953e3fc051 <unknown>\n#4 0x55953e4419c4 <unknown>\n#5 0x55953e422f1d <unknown>\n#6 0x55953e43eb3d <unknown>\n#7 0x55953e422cc3 <unknown>\n#8 0x55953e3ee0e4 <unknown>\n#9 0x55953e3ef0ae <unknown>\n#10 0x55953e6b1ce1 <unknown>\n#11 0x55953e6b5b7e <unknown>\n#12 0x55953e69f4b5 <unknown>\n#13 0x55953e6b67d6 <unknown>\n#14 0x55953e682dbf <unknown>\n#15 0x55953e6d9748 <unknown>\n#16 0x55953e6d9917 <unknown>\n#17 0x55953e6ea773 <unknown>\n#18 0x7fb7c4b87044 <unknown>","statusTrace":"self = <tests.delivery.test_delivery_calculation.TestDeliveryPageCalculation object at 0x7f8c348ed290>\ndriver = <selenium.webdriver.chrome.webdriver.WebDriver (session=\"fd4851f0ad2eebaad3e52a41eddb01c9\")>\nurl = 'https://sandboxtest.stroyrem-nn.ru/', case_id = 'TD 010'\nlink_item = 'products/shtukaturka-gipsovaya-aksolit-m50-30-kg-mashinnogo-naneseniya'\namount = 206, weight = 6200, standard = 2900, in_time = 5570, all_time = 6120\n\n    @pytest.mark.parametrize('case_id, link_item, amount, weight, standard, in_time, all_time', [\n        (\"TD 001\", uroven_3000, 1, 30, 0, 1590, 2190),\n        (\"TD 002\", bundeks_25, 1, 30, 400, 1590, 2190),\n        (\"TD 003\", aksolit_30, 8, 300, 400, 1590, 2190),\n        (\"TD 004\", aksolit_30, 13, 400, 450, 1590, 2190),\n        (\"TD 005\", aksolit_30, 16, 500, 600, 1590, 2190),\n        (\"TD 006\", aksolit_30, 25, 1700, 990, 1990, 2480),\n        (\"TD 007\", aksolit_30, 66, 2000, 1300, 2490, 2980),\n        (\"TD 008\", aksolit_30, 149, 4500, 2300, 3980, 4490),\n        (\"TD 009\", aksolit_30, 166, 5000, 2500, 4990, 5480),\n        pytest.param(\n            \"TD 010\", aksolit_30, 206, 6200, 2900, 5570, 6120,\n            marks=pytest.mark.xfail(reson=\"Цена доставки 3600 7960 8980\")\n        ),\n        (\"TD 011\", aksolit_30, 299, 9000, 3600, 7960, 8980),\n        (\"TD 012\", aksolit_30, 333, 10000, 4450, 11990, 12500),\n        pytest.param(\n            \"TD 013\", aksolit_30, 366, 11000, 4800, 12450, 13480,\n            marks=pytest.mark.xfail(reason=\"Цена стандартной доставки 4450\")\n        ),\n        pytest.param(\n            \"TD 014\", aksolit_30, 666, 20000, 5400, 15600, 17490,\n            marks=pytest.mark.xfail(reason=\"Цена стандартной доставки 4450\")\n        )\n    ])\n    @pytest.mark.xfail\n    @pytest.mark.smoke_test\n    def test_positive_delivery_green_zone_smoke(\n            self, driver, url, case_id, link_item, amount, weight, standard, in_time, all_time\n    ):\n    \n        driver.get(f'{url}{link_item}')\n        item_page = ItemPage(driver)\n>       item_page.add_item_to_cart(amount).click_on_cart()\n\ntests/delivery/test_delivery_calculation.py:50: \n_ _ _ _ _ _ _ _ _ _ _ _ _ _ _ _ _ _ _ _ _ _ _ _ _ _ _ _ _ _ _ _ _ _ _ _ _ _ _ _ \npages/item_page.py:41: in add_item_to_cart\n    amount_field = self.find_element(self._item_amount)\nbase/seleniumbase.py:17: in find_element\n    return self.driver.find_element(*locator)\n/usr/local/lib/python3.11/site-packages/selenium/webdriver/remote/webdriver.py:739: in find_element\n    return self.execute(Command.FIND_ELEMENT, {\"using\": by, \"value\": value})[\"value\"]\n/usr/local/lib/python3.11/site-packages/selenium/webdriver/remote/webdriver.py:345: in execute\n    self.error_handler.check_response(response)\n_ _ _ _ _ _ _ _ _ _ _ _ _ _ _ _ _ _ _ _ _ _ _ _ _ _ _ _ _ _ _ _ _ _ _ _ _ _ _ _ \n\nself = <selenium.webdriver.remote.errorhandler.ErrorHandler object at 0x7f8c347993d0>\nresponse = {'status': 404, 'value': '{\"value\":{\"error\":\"no such element\",\"message\":\"no such element: Unable to locate element: {\\...\\\\n#16 0x55953e6d9917 \\\\u003Cunknown>\\\\n#17 0x55953e6ea773 \\\\u003Cunknown>\\\\n#18 0x7fb7c4b87044 \\\\u003Cunknown>\\\\n\"}}'}\n\n    def check_response(self, response: Dict[str, Any]) -> None:\n        \"\"\"Checks that a JSON response from the WebDriver does not have an\n        error.\n    \n        :Args:\n         - response - The JSON response from the WebDriver server as a dictionary\n           object.\n    \n        :Raises: If the response contains an error message.\n        \"\"\"\n        status = response.get(\"status\", None)\n        if not status or status == ErrorCode.SUCCESS:\n            return\n        value = None\n        message = response.get(\"message\", \"\")\n        screen: str = response.get(\"screen\", \"\")\n        stacktrace = None\n        if isinstance(status, int):\n            value_json = response.get(\"value\", None)\n            if value_json and isinstance(value_json, str):\n                import json\n    \n                try:\n                    value = json.loads(value_json)\n                    if len(value) == 1:\n                        value = value[\"value\"]\n                    status = value.get(\"error\", None)\n                    if not status:\n                        status = value.get(\"status\", ErrorCode.UNKNOWN_ERROR)\n                        message = value.get(\"value\") or value.get(\"message\")\n                        if not isinstance(message, str):\n                            value = message\n                            message = message.get(\"message\")\n                    else:\n                        message = value.get(\"message\", None)\n                except ValueError:\n                    pass\n    \n        exception_class: Type[WebDriverException]\n        e = ErrorCode()\n        error_codes = [item for item in dir(e) if not item.startswith(\"__\")]\n        for error_code in error_codes:\n            error_info = getattr(ErrorCode, error_code)\n            if isinstance(error_info, list) and status in error_info:\n                exception_class = getattr(ExceptionMapping, error_code, WebDriverException)\n                break\n        else:\n            exception_class = WebDriverException\n    \n        if not value:\n            value = response[\"value\"]\n        if isinstance(value, str):\n            raise exception_class(value)\n        if message == \"\" and \"message\" in value:\n            message = value[\"message\"]\n    \n        screen = None  # type: ignore[assignment]\n        if \"screen\" in value:\n            screen = value[\"screen\"]\n    \n        stacktrace = None\n        st_value = value.get(\"stackTrace\") or value.get(\"stacktrace\")\n        if st_value:\n            if isinstance(st_value, str):\n                stacktrace = st_value.split(\"\\n\")\n            else:\n                stacktrace = []\n                try:\n                    for frame in st_value:\n                        line = frame.get(\"lineNumber\", \"\")\n                        file = frame.get(\"fileName\", \"<anonymous>\")\n                        if line:\n                            file = f\"{file}:{line}\"\n                        meth = frame.get(\"methodName\", \"<anonymous>\")\n                        if \"className\" in frame:\n                            meth = f\"{frame['className']}.{meth}\"\n                        msg = \"    at %s (%s)\"\n                        msg = msg % (meth, file)\n                        stacktrace.append(msg)\n                except TypeError:\n                    pass\n        if exception_class == UnexpectedAlertPresentException:\n            alert_text = None\n            if \"data\" in value:\n                alert_text = value[\"data\"].get(\"text\")\n            elif \"alert\" in value:\n                alert_text = value[\"alert\"].get(\"text\")\n            raise exception_class(message, screen, stacktrace, alert_text)  # type: ignore[call-arg]  # mypy is not smart enough here\n>       raise exception_class(message, screen, stacktrace)\nE       selenium.common.exceptions.NoSuchElementException: Message: no such element: Unable to locate element: {\"method\":\"xpath\",\"selector\":\"//input[@class='amount']\"}\nE         (Session info: headless chrome=119.0.6045.105); For documentation on this error, please visit: https://www.selenium.dev/documentation/webdriver/troubleshooting/errors#no-such-element-exception\nE       Stacktrace:\nE       #0 0x55953e6eb5e3 <unknown>\nE       #1 0x55953e3ae0b7 <unknown>\nE       #2 0x55953e3fbf53 <unknown>\nE       #3 0x55953e3fc051 <unknown>\nE       #4 0x55953e4419c4 <unknown>\nE       #5 0x55953e422f1d <unknown>\nE       #6 0x55953e43eb3d <unknown>\nE       #7 0x55953e422cc3 <unknown>\nE       #8 0x55953e3ee0e4 <unknown>\nE       #9 0x55953e3ef0ae <unknown>\nE       #10 0x55953e6b1ce1 <unknown>\nE       #11 0x55953e6b5b7e <unknown>\nE       #12 0x55953e69f4b5 <unknown>\nE       #13 0x55953e6b67d6 <unknown>\nE       #14 0x55953e682dbf <unknown>\nE       #15 0x55953e6d9748 <unknown>\nE       #16 0x55953e6d9917 <unknown>\nE       #17 0x55953e6ea773 <unknown>\nE       #18 0x7fb7c4b87044 <unknown>\n\n/usr/local/lib/python3.11/site-packages/selenium/webdriver/remote/errorhandler.py:229: NoSuchElementException","flaky":false,"newFailed":false,"newBroken":false,"newPassed":false,"retriesCount":0,"retriesStatusChange":false,"beforeStages":[{"name":"_session_faker","time":{"start":1700009428216,"stop":1700009428283,"duration":67},"status":"passed","steps":[],"attachments":[],"parameters":[],"shouldDisplayMessage":false,"stepsCount":0,"attachmentsCount":0,"hasContent":false},{"name":"clear_allure_results_folder","time":{"start":1700009428284,"stop":1700009428284,"duration":0},"status":"passed","steps":[],"attachments":[],"parameters":[],"shouldDisplayMessage":false,"stepsCount":0,"attachmentsCount":0,"hasContent":false},{"name":"driver","time":{"start":1700009725211,"stop":1700009725982,"duration":771},"status":"passed","steps":[],"attachments":[],"parameters":[],"shouldDisplayMessage":false,"stepsCount":0,"attachmentsCount":0,"hasContent":false},{"name":"setup","time":{"start":1700009725982,"stop":1700009725982,"duration":0},"status":"passed","steps":[],"attachments":[],"parameters":[],"shouldDisplayMessage":false,"stepsCount":0,"attachmentsCount":0,"hasContent":false}],"testStage":{"status":"skipped","statusMessage":"XFAIL\n\nselenium.common.exceptions.NoSuchElementException: Message: no such element: Unable to locate element: {\"method\":\"xpath\",\"selector\":\"//input[@class='amount']\"}\n  (Session info: headless chrome=119.0.6045.105); For documentation on this error, please visit: https://www.selenium.dev/documentation/webdriver/troubleshooting/errors#no-such-element-exception\nStacktrace:\n#0 0x55953e6eb5e3 <unknown>\n#1 0x55953e3ae0b7 <unknown>\n#2 0x55953e3fbf53 <unknown>\n#3 0x55953e3fc051 <unknown>\n#4 0x55953e4419c4 <unknown>\n#5 0x55953e422f1d <unknown>\n#6 0x55953e43eb3d <unknown>\n#7 0x55953e422cc3 <unknown>\n#8 0x55953e3ee0e4 <unknown>\n#9 0x55953e3ef0ae <unknown>\n#10 0x55953e6b1ce1 <unknown>\n#11 0x55953e6b5b7e <unknown>\n#12 0x55953e69f4b5 <unknown>\n#13 0x55953e6b67d6 <unknown>\n#14 0x55953e682dbf <unknown>\n#15 0x55953e6d9748 <unknown>\n#16 0x55953e6d9917 <unknown>\n#17 0x55953e6ea773 <unknown>\n#18 0x7fb7c4b87044 <unknown>","statusTrace":"self = <tests.delivery.test_delivery_calculation.TestDeliveryPageCalculation object at 0x7f8c348ed290>\ndriver = <selenium.webdriver.chrome.webdriver.WebDriver (session=\"fd4851f0ad2eebaad3e52a41eddb01c9\")>\nurl = 'https://sandboxtest.stroyrem-nn.ru/', case_id = 'TD 010'\nlink_item = 'products/shtukaturka-gipsovaya-aksolit-m50-30-kg-mashinnogo-naneseniya'\namount = 206, weight = 6200, standard = 2900, in_time = 5570, all_time = 6120\n\n    @pytest.mark.parametrize('case_id, link_item, amount, weight, standard, in_time, all_time', [\n        (\"TD 001\", uroven_3000, 1, 30, 0, 1590, 2190),\n        (\"TD 002\", bundeks_25, 1, 30, 400, 1590, 2190),\n        (\"TD 003\", aksolit_30, 8, 300, 400, 1590, 2190),\n        (\"TD 004\", aksolit_30, 13, 400, 450, 1590, 2190),\n        (\"TD 005\", aksolit_30, 16, 500, 600, 1590, 2190),\n        (\"TD 006\", aksolit_30, 25, 1700, 990, 1990, 2480),\n        (\"TD 007\", aksolit_30, 66, 2000, 1300, 2490, 2980),\n        (\"TD 008\", aksolit_30, 149, 4500, 2300, 3980, 4490),\n        (\"TD 009\", aksolit_30, 166, 5000, 2500, 4990, 5480),\n        pytest.param(\n            \"TD 010\", aksolit_30, 206, 6200, 2900, 5570, 6120,\n            marks=pytest.mark.xfail(reson=\"Цена доставки 3600 7960 8980\")\n        ),\n        (\"TD 011\", aksolit_30, 299, 9000, 3600, 7960, 8980),\n        (\"TD 012\", aksolit_30, 333, 10000, 4450, 11990, 12500),\n        pytest.param(\n            \"TD 013\", aksolit_30, 366, 11000, 4800, 12450, 13480,\n            marks=pytest.mark.xfail(reason=\"Цена стандартной доставки 4450\")\n        ),\n        pytest.param(\n            \"TD 014\", aksolit_30, 666, 20000, 5400, 15600, 17490,\n            marks=pytest.mark.xfail(reason=\"Цена стандартной доставки 4450\")\n        )\n    ])\n    @pytest.mark.xfail\n    @pytest.mark.smoke_test\n    def test_positive_delivery_green_zone_smoke(\n            self, driver, url, case_id, link_item, amount, weight, standard, in_time, all_time\n    ):\n    \n        driver.get(f'{url}{link_item}')\n        item_page = ItemPage(driver)\n>       item_page.add_item_to_cart(amount).click_on_cart()\n\ntests/delivery/test_delivery_calculation.py:50: \n_ _ _ _ _ _ _ _ _ _ _ _ _ _ _ _ _ _ _ _ _ _ _ _ _ _ _ _ _ _ _ _ _ _ _ _ _ _ _ _ \npages/item_page.py:41: in add_item_to_cart\n    amount_field = self.find_element(self._item_amount)\nbase/seleniumbase.py:17: in find_element\n    return self.driver.find_element(*locator)\n/usr/local/lib/python3.11/site-packages/selenium/webdriver/remote/webdriver.py:739: in find_element\n    return self.execute(Command.FIND_ELEMENT, {\"using\": by, \"value\": value})[\"value\"]\n/usr/local/lib/python3.11/site-packages/selenium/webdriver/remote/webdriver.py:345: in execute\n    self.error_handler.check_response(response)\n_ _ _ _ _ _ _ _ _ _ _ _ _ _ _ _ _ _ _ _ _ _ _ _ _ _ _ _ _ _ _ _ _ _ _ _ _ _ _ _ \n\nself = <selenium.webdriver.remote.errorhandler.ErrorHandler object at 0x7f8c347993d0>\nresponse = {'status': 404, 'value': '{\"value\":{\"error\":\"no such element\",\"message\":\"no such element: Unable to locate element: {\\...\\\\n#16 0x55953e6d9917 \\\\u003Cunknown>\\\\n#17 0x55953e6ea773 \\\\u003Cunknown>\\\\n#18 0x7fb7c4b87044 \\\\u003Cunknown>\\\\n\"}}'}\n\n    def check_response(self, response: Dict[str, Any]) -> None:\n        \"\"\"Checks that a JSON response from the WebDriver does not have an\n        error.\n    \n        :Args:\n         - response - The JSON response from the WebDriver server as a dictionary\n           object.\n    \n        :Raises: If the response contains an error message.\n        \"\"\"\n        status = response.get(\"status\", None)\n        if not status or status == ErrorCode.SUCCESS:\n            return\n        value = None\n        message = response.get(\"message\", \"\")\n        screen: str = response.get(\"screen\", \"\")\n        stacktrace = None\n        if isinstance(status, int):\n            value_json = response.get(\"value\", None)\n            if value_json and isinstance(value_json, str):\n                import json\n    \n                try:\n                    value = json.loads(value_json)\n                    if len(value) == 1:\n                        value = value[\"value\"]\n                    status = value.get(\"error\", None)\n                    if not status:\n                        status = value.get(\"status\", ErrorCode.UNKNOWN_ERROR)\n                        message = value.get(\"value\") or value.get(\"message\")\n                        if not isinstance(message, str):\n                            value = message\n                            message = message.get(\"message\")\n                    else:\n                        message = value.get(\"message\", None)\n                except ValueError:\n                    pass\n    \n        exception_class: Type[WebDriverException]\n        e = ErrorCode()\n        error_codes = [item for item in dir(e) if not item.startswith(\"__\")]\n        for error_code in error_codes:\n            error_info = getattr(ErrorCode, error_code)\n            if isinstance(error_info, list) and status in error_info:\n                exception_class = getattr(ExceptionMapping, error_code, WebDriverException)\n                break\n        else:\n            exception_class = WebDriverException\n    \n        if not value:\n            value = response[\"value\"]\n        if isinstance(value, str):\n            raise exception_class(value)\n        if message == \"\" and \"message\" in value:\n            message = value[\"message\"]\n    \n        screen = None  # type: ignore[assignment]\n        if \"screen\" in value:\n            screen = value[\"screen\"]\n    \n        stacktrace = None\n        st_value = value.get(\"stackTrace\") or value.get(\"stacktrace\")\n        if st_value:\n            if isinstance(st_value, str):\n                stacktrace = st_value.split(\"\\n\")\n            else:\n                stacktrace = []\n                try:\n                    for frame in st_value:\n                        line = frame.get(\"lineNumber\", \"\")\n                        file = frame.get(\"fileName\", \"<anonymous>\")\n                        if line:\n                            file = f\"{file}:{line}\"\n                        meth = frame.get(\"methodName\", \"<anonymous>\")\n                        if \"className\" in frame:\n                            meth = f\"{frame['className']}.{meth}\"\n                        msg = \"    at %s (%s)\"\n                        msg = msg % (meth, file)\n                        stacktrace.append(msg)\n                except TypeError:\n                    pass\n        if exception_class == UnexpectedAlertPresentException:\n            alert_text = None\n            if \"data\" in value:\n                alert_text = value[\"data\"].get(\"text\")\n            elif \"alert\" in value:\n                alert_text = value[\"alert\"].get(\"text\")\n            raise exception_class(message, screen, stacktrace, alert_text)  # type: ignore[call-arg]  # mypy is not smart enough here\n>       raise exception_class(message, screen, stacktrace)\nE       selenium.common.exceptions.NoSuchElementException: Message: no such element: Unable to locate element: {\"method\":\"xpath\",\"selector\":\"//input[@class='amount']\"}\nE         (Session info: headless chrome=119.0.6045.105); For documentation on this error, please visit: https://www.selenium.dev/documentation/webdriver/troubleshooting/errors#no-such-element-exception\nE       Stacktrace:\nE       #0 0x55953e6eb5e3 <unknown>\nE       #1 0x55953e3ae0b7 <unknown>\nE       #2 0x55953e3fbf53 <unknown>\nE       #3 0x55953e3fc051 <unknown>\nE       #4 0x55953e4419c4 <unknown>\nE       #5 0x55953e422f1d <unknown>\nE       #6 0x55953e43eb3d <unknown>\nE       #7 0x55953e422cc3 <unknown>\nE       #8 0x55953e3ee0e4 <unknown>\nE       #9 0x55953e3ef0ae <unknown>\nE       #10 0x55953e6b1ce1 <unknown>\nE       #11 0x55953e6b5b7e <unknown>\nE       #12 0x55953e69f4b5 <unknown>\nE       #13 0x55953e6b67d6 <unknown>\nE       #14 0x55953e682dbf <unknown>\nE       #15 0x55953e6d9748 <unknown>\nE       #16 0x55953e6d9917 <unknown>\nE       #17 0x55953e6ea773 <unknown>\nE       #18 0x7fb7c4b87044 <unknown>\n\n/usr/local/lib/python3.11/site-packages/selenium/webdriver/remote/errorhandler.py:229: NoSuchElementException","steps":[{"name":"Добавляем товар в корзину в количестве 206","time":{"start":1700009730626,"stop":1700009730680,"duration":54},"status":"broken","statusMessage":"selenium.common.exceptions.NoSuchElementException: Message: no such element: Unable to locate element: {\"method\":\"xpath\",\"selector\":\"//input[@class='amount']\"}\n  (Session info: headless chrome=119.0.6045.105); For documentation on this error, please visit: https://www.selenium.dev/documentation/webdriver/troubleshooting/errors#no-such-element-exception\nStacktrace:\n#0 0x55953e6eb5e3 <unknown>\n#1 0x55953e3ae0b7 <unknown>\n#2 0x55953e3fbf53 <unknown>\n#3 0x55953e3fc051 <unknown>\n#4 0x55953e4419c4 <unknown>\n#5 0x55953e422f1d <unknown>\n#6 0x55953e43eb3d <unknown>\n#7 0x55953e422cc3 <unknown>\n#8 0x55953e3ee0e4 <unknown>\n#9 0x55953e3ef0ae <unknown>\n#10 0x55953e6b1ce1 <unknown>\n#11 0x55953e6b5b7e <unknown>\n#12 0x55953e69f4b5 <unknown>\n#13 0x55953e6b67d6 <unknown>\n#14 0x55953e682dbf <unknown>\n#15 0x55953e6d9748 <unknown>\n#16 0x55953e6d9917 <unknown>\n#17 0x55953e6ea773 <unknown>\n#18 0x7fb7c4b87044 <unknown>\n\n","statusTrace":"  File \"/usr/local/lib/python3.11/site-packages/allure_commons/_allure.py\", line 192, in impl\n    return func(*a, **kw)\n           ^^^^^^^^^^^^^^\n  File \"/app/pages/item_page.py\", line 41, in add_item_to_cart\n    amount_field = self.find_element(self._item_amount)\n                   ^^^^^^^^^^^^^^^^^^^^^^^^^^^^^^^^^^^^\n  File \"/app/base/seleniumbase.py\", line 17, in find_element\n    return self.driver.find_element(*locator)\n           ^^^^^^^^^^^^^^^^^^^^^^^^^^^^^^^^^^\n  File \"/usr/local/lib/python3.11/site-packages/selenium/webdriver/remote/webdriver.py\", line 739, in find_element\n    return self.execute(Command.FIND_ELEMENT, {\"using\": by, \"value\": value})[\"value\"]\n           ^^^^^^^^^^^^^^^^^^^^^^^^^^^^^^^^^^^^^^^^^^^^^^^^^^^^^^^^^^^^^^^^^\n  File \"/usr/local/lib/python3.11/site-packages/selenium/webdriver/remote/webdriver.py\", line 345, in execute\n    self.error_handler.check_response(response)\n  File \"/usr/local/lib/python3.11/site-packages/selenium/webdriver/remote/errorhandler.py\", line 229, in check_response\n    raise exception_class(message, screen, stacktrace)\n","steps":[],"attachments":[],"parameters":[{"name":"amount","value":"206"}],"shouldDisplayMessage":true,"stepsCount":0,"attachmentsCount":0,"hasContent":true}],"attachments":[{"uid":"43e13e74505bdfe9","name":"Screenshot","source":"43e13e74505bdfe9.png","type":"image/png","size":115178},{"uid":"75b603e102372a95","name":"HTML source","source":"75b603e102372a95.html","type":"text/html","size":303988}],"parameters":[],"shouldDisplayMessage":true,"stepsCount":1,"attachmentsCount":2,"hasContent":true},"afterStages":[{"name":"setup::0","time":{"start":1700009730815,"stop":1700009730815,"duration":0},"status":"passed","steps":[],"attachments":[],"parameters":[],"shouldDisplayMessage":false,"stepsCount":0,"attachmentsCount":0,"hasContent":false},{"name":"driver::0","time":{"start":1700009730815,"stop":1700009730876,"duration":61},"status":"passed","steps":[],"attachments":[],"parameters":[],"shouldDisplayMessage":false,"stepsCount":0,"attachmentsCount":0,"hasContent":false}],"labels":[{"name":"epic","value":"Delivery Page - calculation"},{"name":"tag","value":"smoke_test"},{"name":"tag","value":"@pytest.mark.xfail"},{"name":"parentSuite","value":"tests.delivery"},{"name":"suite","value":"test_delivery_calculation"},{"name":"subSuite","value":"TestDeliveryPageCalculation"},{"name":"host","value":"ff3afe6b0ef3"},{"name":"thread","value":"1-MainThread"},{"name":"framework","value":"pytest"},{"name":"language","value":"cpython3"},{"name":"package","value":"tests.delivery.test_delivery_calculation"},{"name":"resultFormat","value":"allure2"}],"parameters":[{"name":"all_time","value":"6120"},{"name":"amount","value":"206"},{"name":"case_id","value":"'TD 010'"},{"name":"in_time","value":"5570"},{"name":"link_item","value":"'products/shtukaturka-gipsovaya-aksolit-m50-30-kg-mashinnogo-naneseniya'"},{"name":"standard","value":"2900"},{"name":"url","value":"'https://sandboxtest.stroyrem-nn.ru/'"},{"name":"weight","value":"6200"}],"links":[],"hidden":false,"retry":false,"extra":{"severity":"normal","retries":[],"categories":[],"history":{"statistic":{"failed":0,"broken":0,"skipped":98,"passed":0,"unknown":0,"total":98},"items":[{"uid":"c4e78820f986cab0","reportUrl":"https://Nat754.github.io/StroyremAutomation/125//#testresult/c4e78820f986cab0","status":"skipped","statusDetails":"XFAIL\n\nselenium.common.exceptions.NoSuchElementException: Message: no such element: Unable to locate element: {\"method\":\"xpath\",\"selector\":\"//input[@class='amount']\"}\n  (Session info: headless chrome=119.0.6045.105); For documentation on this error, please visit: https://www.selenium.dev/documentation/webdriver/troubleshooting/errors#no-such-element-exception\nStacktrace:\n#0 0x5584c82a85e3 <unknown>\n#1 0x5584c7f6b0b7 <unknown>\n#2 0x5584c7fb8f53 <unknown>\n#3 0x5584c7fb9051 <unknown>\n#4 0x5584c7ffe9c4 <unknown>\n#5 0x5584c7fdff1d <unknown>\n#6 0x5584c7ffbb3d <unknown>\n#7 0x5584c7fdfcc3 <unknown>\n#8 0x5584c7fab0e4 <unknown>\n#9 0x5584c7fac0ae <unknown>\n#10 0x5584c826ece1 <unknown>\n#11 0x5584c8272b7e <unknown>\n#12 0x5584c825c4b5 <unknown>\n#13 0x5584c82737d6 <unknown>\n#14 0x5584c823fdbf <unknown>\n#15 0x5584c8296748 <unknown>\n#16 0x5584c8296917 <unknown>\n#17 0x5584c82a7773 <unknown>\n#18 0x7fec4a139044 <unknown>","time":{"start":1699923146486,"stop":1699923150171,"duration":3685}},{"uid":"e27e7fccd36f9c45","reportUrl":"https://Nat754.github.io/StroyremAutomation/124//#testresult/e27e7fccd36f9c45","status":"skipped","statusDetails":"XFAIL\n\nselenium.common.exceptions.NoSuchElementException: Message: no such element: Unable to locate element: {\"method\":\"xpath\",\"selector\":\"//input[@class='amount']\"}\n  (Session info: headless chrome=119.0.6045.105); For documentation on this error, please visit: https://www.selenium.dev/documentation/webdriver/troubleshooting/errors#no-such-element-exception\nStacktrace:\n#0 0x55f933da85e3 <unknown>\n#1 0x55f933a6b0b7 <unknown>\n#2 0x55f933ab8f53 <unknown>\n#3 0x55f933ab9051 <unknown>\n#4 0x55f933afe9c4 <unknown>\n#5 0x55f933adff1d <unknown>\n#6 0x55f933afbb3d <unknown>\n#7 0x55f933adfcc3 <unknown>\n#8 0x55f933aab0e4 <unknown>\n#9 0x55f933aac0ae <unknown>\n#10 0x55f933d6ece1 <unknown>\n#11 0x55f933d72b7e <unknown>\n#12 0x55f933d5c4b5 <unknown>\n#13 0x55f933d737d6 <unknown>\n#14 0x55f933d3fdbf <unknown>\n#15 0x55f933d96748 <unknown>\n#16 0x55f933d96917 <unknown>\n#17 0x55f933da7773 <unknown>\n#18 0x7fdad87bb044 <unknown>","time":{"start":1699836897430,"stop":1699836901413,"duration":3983}},{"uid":"f993173e011b9c24","reportUrl":"https://Nat754.github.io/StroyremAutomation/123//#testresult/f993173e011b9c24","status":"skipped","statusDetails":"XFAIL\n\nselenium.common.exceptions.NoSuchElementException: Message: no such element: Unable to locate element: {\"method\":\"xpath\",\"selector\":\"//input[@class='amount']\"}\n  (Session info: headless chrome=119.0.6045.105); For documentation on this error, please visit: https://www.selenium.dev/documentation/webdriver/troubleshooting/errors#no-such-element-exception\nStacktrace:\n#0 0x55b0534125e3 <unknown>\n#1 0x55b0530d50b7 <unknown>\n#2 0x55b053122f53 <unknown>\n#3 0x55b053123051 <unknown>\n#4 0x55b0531689c4 <unknown>\n#5 0x55b053149f1d <unknown>\n#6 0x55b053165b3d <unknown>\n#7 0x55b053149cc3 <unknown>\n#8 0x55b0531150e4 <unknown>\n#9 0x55b0531160ae <unknown>\n#10 0x55b0533d8ce1 <unknown>\n#11 0x55b0533dcb7e <unknown>\n#12 0x55b0533c64b5 <unknown>\n#13 0x55b0533dd7d6 <unknown>\n#14 0x55b0533a9dbf <unknown>\n#15 0x55b053400748 <unknown>\n#16 0x55b053400917 <unknown>\n#17 0x55b053411773 <unknown>\n#18 0x7ff045e4a044 <unknown>","time":{"start":1699750621363,"stop":1699750625077,"duration":3714}},{"uid":"d356b7ef85c74a46","reportUrl":"https://Nat754.github.io/StroyremAutomation/122//#testresult/d356b7ef85c74a46","status":"skipped","statusDetails":"XFAIL\n\nselenium.common.exceptions.NoSuchElementException: Message: no such element: Unable to locate element: {\"method\":\"xpath\",\"selector\":\"//input[@class='amount']\"}\n  (Session info: headless chrome=119.0.6045.105); For documentation on this error, please visit: https://www.selenium.dev/documentation/webdriver/troubleshooting/errors#no-such-element-exception\nStacktrace:\n#0 0x5582a01ca5e3 <unknown>\n#1 0x55829fe8d0b7 <unknown>\n#2 0x55829fedaf53 <unknown>\n#3 0x55829fedb051 <unknown>\n#4 0x55829ff209c4 <unknown>\n#5 0x55829ff01f1d <unknown>\n#6 0x55829ff1db3d <unknown>\n#7 0x55829ff01cc3 <unknown>\n#8 0x55829fecd0e4 <unknown>\n#9 0x55829fece0ae <unknown>\n#10 0x5582a0190ce1 <unknown>\n#11 0x5582a0194b7e <unknown>\n#12 0x5582a017e4b5 <unknown>\n#13 0x5582a01957d6 <unknown>\n#14 0x5582a0161dbf <unknown>\n#15 0x5582a01b8748 <unknown>\n#16 0x5582a01b8917 <unknown>\n#17 0x5582a01c9773 <unknown>\n#18 0x7f53040bc044 <unknown>","time":{"start":1699663961267,"stop":1699663965547,"duration":4280}},{"uid":"d806dd48fbd22995","reportUrl":"https://Nat754.github.io/StroyremAutomation/121//#testresult/d806dd48fbd22995","status":"skipped","statusDetails":"XFAIL\n\nselenium.common.exceptions.NoSuchElementException: Message: no such element: Unable to locate element: {\"method\":\"xpath\",\"selector\":\"//input[@class='amount']\"}\n  (Session info: headless chrome=119.0.6045.105); For documentation on this error, please visit: https://www.selenium.dev/documentation/webdriver/troubleshooting/errors#no-such-element-exception\nStacktrace:\n#0 0x5620f6a375e3 <unknown>\n#1 0x5620f66fa0b7 <unknown>\n#2 0x5620f6747f53 <unknown>\n#3 0x5620f6748051 <unknown>\n#4 0x5620f678d9c4 <unknown>\n#5 0x5620f676ef1d <unknown>\n#6 0x5620f678ab3d <unknown>\n#7 0x5620f676ecc3 <unknown>\n#8 0x5620f673a0e4 <unknown>\n#9 0x5620f673b0ae <unknown>\n#10 0x5620f69fdce1 <unknown>\n#11 0x5620f6a01b7e <unknown>\n#12 0x5620f69eb4b5 <unknown>\n#13 0x5620f6a027d6 <unknown>\n#14 0x5620f69cedbf <unknown>\n#15 0x5620f6a25748 <unknown>\n#16 0x5620f6a25917 <unknown>\n#17 0x5620f6a36773 <unknown>\n#18 0x7f4e5fb46044 <unknown>","time":{"start":1699577555765,"stop":1699577559435,"duration":3670}},{"uid":"8bced633ca99b88e","reportUrl":"https://Nat754.github.io/StroyremAutomation/120//#testresult/8bced633ca99b88e","status":"skipped","statusDetails":"XFAIL\n\nselenium.common.exceptions.NoSuchElementException: Message: no such element: Unable to locate element: {\"method\":\"xpath\",\"selector\":\"//input[@class='amount']\"}\n  (Session info: headless chrome=119.0.6045.105); For documentation on this error, please visit: https://www.selenium.dev/documentation/webdriver/troubleshooting/errors#no-such-element-exception\nStacktrace:\n#0 0x5610a49d65e3 <unknown>\n#1 0x5610a46990b7 <unknown>\n#2 0x5610a46e6f53 <unknown>\n#3 0x5610a46e7051 <unknown>\n#4 0x5610a472c9c4 <unknown>\n#5 0x5610a470df1d <unknown>\n#6 0x5610a4729b3d <unknown>\n#7 0x5610a470dcc3 <unknown>\n#8 0x5610a46d90e4 <unknown>\n#9 0x5610a46da0ae <unknown>\n#10 0x5610a499cce1 <unknown>\n#11 0x5610a49a0b7e <unknown>\n#12 0x5610a498a4b5 <unknown>\n#13 0x5610a49a17d6 <unknown>\n#14 0x5610a496ddbf <unknown>\n#15 0x5610a49c4748 <unknown>\n#16 0x5610a49c4917 <unknown>\n#17 0x5610a49d5773 <unknown>\n#18 0x7f209cc51044 <unknown>","time":{"start":1699491136185,"stop":1699491139799,"duration":3614}},{"uid":"9e5ccc11c825c78d","reportUrl":"https://Nat754.github.io/StroyremAutomation/119//#testresult/9e5ccc11c825c78d","status":"skipped","statusDetails":"XFAIL\n\nselenium.common.exceptions.NoSuchElementException: Message: no such element: Unable to locate element: {\"method\":\"xpath\",\"selector\":\"//input[@class='amount']\"}\n  (Session info: headless chrome=119.0.6045.105); For documentation on this error, please visit: https://www.selenium.dev/documentation/webdriver/troubleshooting/errors#no-such-element-exception\nStacktrace:\n#0 0x55c6db6735e3 <unknown>\n#1 0x55c6db3360b7 <unknown>\n#2 0x55c6db383f53 <unknown>\n#3 0x55c6db384051 <unknown>\n#4 0x55c6db3c99c4 <unknown>\n#5 0x55c6db3aaf1d <unknown>\n#6 0x55c6db3c6b3d <unknown>\n#7 0x55c6db3aacc3 <unknown>\n#8 0x55c6db3760e4 <unknown>\n#9 0x55c6db3770ae <unknown>\n#10 0x55c6db639ce1 <unknown>\n#11 0x55c6db63db7e <unknown>\n#12 0x55c6db6274b5 <unknown>\n#13 0x55c6db63e7d6 <unknown>\n#14 0x55c6db60adbf <unknown>\n#15 0x55c6db661748 <unknown>\n#16 0x55c6db661917 <unknown>\n#17 0x55c6db672773 <unknown>\n#18 0x7f09c1335044 <unknown>","time":{"start":1699404798691,"stop":1699404802989,"duration":4298}},{"uid":"cc26193f245cedee","reportUrl":"https://Nat754.github.io/StroyremAutomation/118//#testresult/cc26193f245cedee","status":"skipped","statusDetails":"XFAIL\n\nselenium.common.exceptions.NoSuchElementException: Message: no such element: Unable to locate element: {\"method\":\"xpath\",\"selector\":\"//input[@class='amount']\"}\n  (Session info: headless chrome=119.0.6045.105); For documentation on this error, please visit: https://www.selenium.dev/documentation/webdriver/troubleshooting/errors#no-such-element-exception\nStacktrace:\n#0 0x55ede5b495e3 <unknown>\n#1 0x55ede580c0b7 <unknown>\n#2 0x55ede5859f53 <unknown>\n#3 0x55ede585a051 <unknown>\n#4 0x55ede589f9c4 <unknown>\n#5 0x55ede5880f1d <unknown>\n#6 0x55ede589cb3d <unknown>\n#7 0x55ede5880cc3 <unknown>\n#8 0x55ede584c0e4 <unknown>\n#9 0x55ede584d0ae <unknown>\n#10 0x55ede5b0fce1 <unknown>\n#11 0x55ede5b13b7e <unknown>\n#12 0x55ede5afd4b5 <unknown>\n#13 0x55ede5b147d6 <unknown>\n#14 0x55ede5ae0dbf <unknown>\n#15 0x55ede5b37748 <unknown>\n#16 0x55ede5b37917 <unknown>\n#17 0x55ede5b48773 <unknown>\n#18 0x7f3c555ce044 <unknown>","time":{"start":1699318477225,"stop":1699318480687,"duration":3462}},{"uid":"7eeee7b83d8df550","reportUrl":"https://Nat754.github.io/StroyremAutomation/117//#testresult/7eeee7b83d8df550","status":"skipped","statusDetails":"XFAIL\n\nselenium.common.exceptions.NoSuchElementException: Message: no such element: Unable to locate element: {\"method\":\"xpath\",\"selector\":\"//input[@class='amount']\"}\n  (Session info: headless chrome=119.0.6045.105); For documentation on this error, please visit: https://www.selenium.dev/documentation/webdriver/troubleshooting/errors#no-such-element-exception\nStacktrace:\n#0 0x55bc2a3a65e3 <unknown>\n#1 0x55bc2a0690b7 <unknown>\n#2 0x55bc2a0b6f53 <unknown>\n#3 0x55bc2a0b7051 <unknown>\n#4 0x55bc2a0fc9c4 <unknown>\n#5 0x55bc2a0ddf1d <unknown>\n#6 0x55bc2a0f9b3d <unknown>\n#7 0x55bc2a0ddcc3 <unknown>\n#8 0x55bc2a0a90e4 <unknown>\n#9 0x55bc2a0aa0ae <unknown>\n#10 0x55bc2a36cce1 <unknown>\n#11 0x55bc2a370b7e <unknown>\n#12 0x55bc2a35a4b5 <unknown>\n#13 0x55bc2a3717d6 <unknown>\n#14 0x55bc2a33ddbf <unknown>\n#15 0x55bc2a394748 <unknown>\n#16 0x55bc2a394917 <unknown>\n#17 0x55bc2a3a5773 <unknown>\n#18 0x7fbe5b3fa044 <unknown>","time":{"start":1699232135059,"stop":1699232138914,"duration":3855}},{"uid":"69890a9090c6ba1","reportUrl":"https://Nat754.github.io/StroyremAutomation/116//#testresult/69890a9090c6ba1","status":"skipped","statusDetails":"XFAIL\n\nselenium.common.exceptions.NoSuchElementException: Message: no such element: Unable to locate element: {\"method\":\"xpath\",\"selector\":\"//input[@class='amount']\"}\n  (Session info: headless chrome=119.0.6045.105); For documentation on this error, please visit: https://www.selenium.dev/documentation/webdriver/troubleshooting/errors#no-such-element-exception\nStacktrace:\n#0 0x55b0ba1af5e3 <unknown>\n#1 0x55b0b9e720b7 <unknown>\n#2 0x55b0b9ebff53 <unknown>\n#3 0x55b0b9ec0051 <unknown>\n#4 0x55b0b9f059c4 <unknown>\n#5 0x55b0b9ee6f1d <unknown>\n#6 0x55b0b9f02b3d <unknown>\n#7 0x55b0b9ee6cc3 <unknown>\n#8 0x55b0b9eb20e4 <unknown>\n#9 0x55b0b9eb30ae <unknown>\n#10 0x55b0ba175ce1 <unknown>\n#11 0x55b0ba179b7e <unknown>\n#12 0x55b0ba1634b5 <unknown>\n#13 0x55b0ba17a7d6 <unknown>\n#14 0x55b0ba146dbf <unknown>\n#15 0x55b0ba19d748 <unknown>\n#16 0x55b0ba19d917 <unknown>\n#17 0x55b0ba1ae773 <unknown>\n#18 0x7fdd87b15044 <unknown>","time":{"start":1699145889736,"stop":1699145895500,"duration":5764}},{"uid":"bd9e4e0a1a435768","reportUrl":"https://Nat754.github.io/StroyremAutomation/115//#testresult/bd9e4e0a1a435768","status":"skipped","statusDetails":"XFAIL\n\nselenium.common.exceptions.NoSuchElementException: Message: no such element: Unable to locate element: {\"method\":\"xpath\",\"selector\":\"//input[@class='amount']\"}\n  (Session info: headless chrome=119.0.6045.105); For documentation on this error, please visit: https://www.selenium.dev/documentation/webdriver/troubleshooting/errors#no-such-element-exception\nStacktrace:\n#0 0x557ab6b5a5e3 <unknown>\n#1 0x557ab681d0b7 <unknown>\n#2 0x557ab686af53 <unknown>\n#3 0x557ab686b051 <unknown>\n#4 0x557ab68b09c4 <unknown>\n#5 0x557ab6891f1d <unknown>\n#6 0x557ab68adb3d <unknown>\n#7 0x557ab6891cc3 <unknown>\n#8 0x557ab685d0e4 <unknown>\n#9 0x557ab685e0ae <unknown>\n#10 0x557ab6b20ce1 <unknown>\n#11 0x557ab6b24b7e <unknown>\n#12 0x557ab6b0e4b5 <unknown>\n#13 0x557ab6b257d6 <unknown>\n#14 0x557ab6af1dbf <unknown>\n#15 0x557ab6b48748 <unknown>\n#16 0x557ab6b48917 <unknown>\n#17 0x557ab6b59773 <unknown>\n#18 0x7f7204bac044 <unknown>","time":{"start":1699059181162,"stop":1699059185352,"duration":4190}},{"uid":"e9489058f2b338e4","reportUrl":"https://Nat754.github.io/StroyremAutomation/114//#testresult/e9489058f2b338e4","status":"skipped","statusDetails":"XFAIL\n\nselenium.common.exceptions.NoSuchElementException: Message: no such element: Unable to locate element: {\"method\":\"xpath\",\"selector\":\"//input[@class='amount']\"}\n  (Session info: headless chrome=119.0.6045.105); For documentation on this error, please visit: https://www.selenium.dev/documentation/webdriver/troubleshooting/errors#no-such-element-exception\nStacktrace:\n#0 0x55a15f3605e3 <unknown>\n#1 0x55a15f0230b7 <unknown>\n#2 0x55a15f070f53 <unknown>\n#3 0x55a15f071051 <unknown>\n#4 0x55a15f0b69c4 <unknown>\n#5 0x55a15f097f1d <unknown>\n#6 0x55a15f0b3b3d <unknown>\n#7 0x55a15f097cc3 <unknown>\n#8 0x55a15f0630e4 <unknown>\n#9 0x55a15f0640ae <unknown>\n#10 0x55a15f326ce1 <unknown>\n#11 0x55a15f32ab7e <unknown>\n#12 0x55a15f3144b5 <unknown>\n#13 0x55a15f32b7d6 <unknown>\n#14 0x55a15f2f7dbf <unknown>\n#15 0x55a15f34e748 <unknown>\n#16 0x55a15f34e917 <unknown>\n#17 0x55a15f35f773 <unknown>\n#18 0x7f34ebf3f044 <unknown>","time":{"start":1698972793728,"stop":1698972798500,"duration":4772}},{"uid":"b4ad19797c3f63e5","reportUrl":"https://Nat754.github.io/StroyremAutomation/113//#testresult/b4ad19797c3f63e5","status":"skipped","statusDetails":"XFAIL\n\nselenium.common.exceptions.NoSuchElementException: Message: no such element: Unable to locate element: {\"method\":\"xpath\",\"selector\":\"//input[@class='amount']\"}\n  (Session info: headless chrome=119.0.6045.105); For documentation on this error, please visit: https://www.selenium.dev/documentation/webdriver/troubleshooting/errors#no-such-element-exception\nStacktrace:\n#0 0x564e96f805e3 <unknown>\n#1 0x564e96c430b7 <unknown>\n#2 0x564e96c90f53 <unknown>\n#3 0x564e96c91051 <unknown>\n#4 0x564e96cd69c4 <unknown>\n#5 0x564e96cb7f1d <unknown>\n#6 0x564e96cd3b3d <unknown>\n#7 0x564e96cb7cc3 <unknown>\n#8 0x564e96c830e4 <unknown>\n#9 0x564e96c840ae <unknown>\n#10 0x564e96f46ce1 <unknown>\n#11 0x564e96f4ab7e <unknown>\n#12 0x564e96f344b5 <unknown>\n#13 0x564e96f4b7d6 <unknown>\n#14 0x564e96f17dbf <unknown>\n#15 0x564e96f6e748 <unknown>\n#16 0x564e96f6e917 <unknown>\n#17 0x564e96f7f773 <unknown>\n#18 0x7fcacc7e4044 <unknown>","time":{"start":1698886431933,"stop":1698886437296,"duration":5363}},{"uid":"9ce408363bfd7eaa","reportUrl":"https://Nat754.github.io/StroyremAutomation/112//#testresult/9ce408363bfd7eaa","status":"skipped","statusDetails":"XFAIL\n\nselenium.common.exceptions.NoSuchElementException: Message: no such element: Unable to locate element: {\"method\":\"xpath\",\"selector\":\"//input[@class='amount']\"}\n  (Session info: headless chrome=119.0.6045.105); For documentation on this error, please visit: https://www.selenium.dev/documentation/webdriver/troubleshooting/errors#no-such-element-exception\nStacktrace:\n#0 0x560bf49655e3 <unknown>\n#1 0x560bf46280b7 <unknown>\n#2 0x560bf4675f53 <unknown>\n#3 0x560bf4676051 <unknown>\n#4 0x560bf46bb9c4 <unknown>\n#5 0x560bf469cf1d <unknown>\n#6 0x560bf46b8b3d <unknown>\n#7 0x560bf469ccc3 <unknown>\n#8 0x560bf46680e4 <unknown>\n#9 0x560bf46690ae <unknown>\n#10 0x560bf492bce1 <unknown>\n#11 0x560bf492fb7e <unknown>\n#12 0x560bf49194b5 <unknown>\n#13 0x560bf49307d6 <unknown>\n#14 0x560bf48fcdbf <unknown>\n#15 0x560bf4953748 <unknown>\n#16 0x560bf4953917 <unknown>\n#17 0x560bf4964773 <unknown>\n#18 0x7f92ad2a4044 <unknown>","time":{"start":1698800267265,"stop":1698800273592,"duration":6327}},{"uid":"a771de3df678d51f","reportUrl":"https://Nat754.github.io/StroyremAutomation/111//#testresult/a771de3df678d51f","status":"skipped","statusDetails":"XFAIL\n\nselenium.common.exceptions.NoSuchElementException: Message: no such element: Unable to locate element: {\"method\":\"xpath\",\"selector\":\"//input[@class='amount']\"}\n  (Session info: headless chrome=118.0.5993.70); For documentation on this error, please visit: https://www.selenium.dev/documentation/webdriver/troubleshooting/errors#no-such-element-exception\nStacktrace:\n#0 0x5609e1c71fb3 <unknown>\n#1 0x5609e19454a7 <unknown>\n#2 0x5609e198cdd6 <unknown>\n#3 0x5609e198cec1 <unknown>\n#4 0x5609e19ca354 <unknown>\n#5 0x5609e19ae96d <unknown>\n#6 0x5609e19c7c02 <unknown>\n#7 0x5609e19ae713 <unknown>\n#8 0x5609e198118b <unknown>\n#9 0x5609e1981f7e <unknown>\n#10 0x5609e1c378d8 <unknown>\n#11 0x5609e1c3b800 <unknown>\n#12 0x5609e1c45cfc <unknown>\n#13 0x5609e1c3c418 <unknown>\n#14 0x5609e1c0942f <unknown>\n#15 0x5609e1c604e8 <unknown>\n#16 0x5609e1c606b4 <unknown>\n#17 0x5609e1c71143 <unknown>\n#18 0x7f6e79d40044 <unknown>","time":{"start":1698713643437,"stop":1698713647512,"duration":4075}},{"uid":"fde1aaf79bf1510b","reportUrl":"https://Nat754.github.io/StroyremAutomation/110//#testresult/fde1aaf79bf1510b","status":"skipped","statusDetails":"XFAIL\n\nselenium.common.exceptions.NoSuchElementException: Message: no such element: Unable to locate element: {\"method\":\"xpath\",\"selector\":\"//input[@class='amount']\"}\n  (Session info: headless chrome=118.0.5993.70); For documentation on this error, please visit: https://www.selenium.dev/documentation/webdriver/troubleshooting/errors#no-such-element-exception\nStacktrace:\n#0 0x558f950bdfb3 <unknown>\n#1 0x558f94d914a7 <unknown>\n#2 0x558f94dd8dd6 <unknown>\n#3 0x558f94dd8ec1 <unknown>\n#4 0x558f94e16354 <unknown>\n#5 0x558f94dfa96d <unknown>\n#6 0x558f94e13c02 <unknown>\n#7 0x558f94dfa713 <unknown>\n#8 0x558f94dcd18b <unknown>\n#9 0x558f94dcdf7e <unknown>\n#10 0x558f950838d8 <unknown>\n#11 0x558f95087800 <unknown>\n#12 0x558f95091cfc <unknown>\n#13 0x558f95088418 <unknown>\n#14 0x558f9505542f <unknown>\n#15 0x558f950ac4e8 <unknown>\n#16 0x558f950ac6b4 <unknown>\n#17 0x558f950bd143 <unknown>\n#18 0x7f8c65a39044 <unknown>","time":{"start":1698627231549,"stop":1698627236282,"duration":4733}},{"uid":"9833161a7f67474f","reportUrl":"https://Nat754.github.io/StroyremAutomation/109//#testresult/9833161a7f67474f","status":"skipped","statusDetails":"XFAIL\n\nselenium.common.exceptions.NoSuchElementException: Message: no such element: Unable to locate element: {\"method\":\"xpath\",\"selector\":\"//input[@class='amount']\"}\n  (Session info: headless chrome=118.0.5993.70); For documentation on this error, please visit: https://www.selenium.dev/documentation/webdriver/troubleshooting/errors#no-such-element-exception\nStacktrace:\n#0 0x5596d7005fb3 <unknown>\n#1 0x5596d6cd94a7 <unknown>\n#2 0x5596d6d20dd6 <unknown>\n#3 0x5596d6d20ec1 <unknown>\n#4 0x5596d6d5e354 <unknown>\n#5 0x5596d6d4296d <unknown>\n#6 0x5596d6d5bc02 <unknown>\n#7 0x5596d6d42713 <unknown>\n#8 0x5596d6d1518b <unknown>\n#9 0x5596d6d15f7e <unknown>\n#10 0x5596d6fcb8d8 <unknown>\n#11 0x5596d6fcf800 <unknown>\n#12 0x5596d6fd9cfc <unknown>\n#13 0x5596d6fd0418 <unknown>\n#14 0x5596d6f9d42f <unknown>\n#15 0x5596d6ff44e8 <unknown>\n#16 0x5596d6ff46b4 <unknown>\n#17 0x5596d7005143 <unknown>\n#18 0x7f5621e1b044 <unknown>","time":{"start":1698541005436,"stop":1698541010074,"duration":4638}},{"uid":"60b94a1e062538dd","reportUrl":"https://Nat754.github.io/StroyremAutomation/108//#testresult/60b94a1e062538dd","status":"skipped","statusDetails":"XFAIL\n\nselenium.common.exceptions.NoSuchElementException: Message: no such element: Unable to locate element: {\"method\":\"xpath\",\"selector\":\"//input[@class='amount']\"}\n  (Session info: headless chrome=118.0.5993.70); For documentation on this error, please visit: https://www.selenium.dev/documentation/webdriver/troubleshooting/errors#no-such-element-exception\nStacktrace:\n#0 0x55fda30e0fb3 <unknown>\n#1 0x55fda2db44a7 <unknown>\n#2 0x55fda2dfbdd6 <unknown>\n#3 0x55fda2dfbec1 <unknown>\n#4 0x55fda2e39354 <unknown>\n#5 0x55fda2e1d96d <unknown>\n#6 0x55fda2e36c02 <unknown>\n#7 0x55fda2e1d713 <unknown>\n#8 0x55fda2df018b <unknown>\n#9 0x55fda2df0f7e <unknown>\n#10 0x55fda30a68d8 <unknown>\n#11 0x55fda30aa800 <unknown>\n#12 0x55fda30b4cfc <unknown>\n#13 0x55fda30ab418 <unknown>\n#14 0x55fda307842f <unknown>\n#15 0x55fda30cf4e8 <unknown>\n#16 0x55fda30cf6b4 <unknown>\n#17 0x55fda30e0143 <unknown>\n#18 0x7ff7d34ab044 <unknown>","time":{"start":1698454341266,"stop":1698454347158,"duration":5892}},{"uid":"f62efc6656a09cc4","reportUrl":"https://Nat754.github.io/StroyremAutomation/107//#testresult/f62efc6656a09cc4","status":"skipped","statusDetails":"XFAIL\n\nselenium.common.exceptions.NoSuchElementException: Message: no such element: Unable to locate element: {\"method\":\"xpath\",\"selector\":\"//input[@class='amount']\"}\n  (Session info: headless chrome=118.0.5993.70); For documentation on this error, please visit: https://www.selenium.dev/documentation/webdriver/troubleshooting/errors#no-such-element-exception\nStacktrace:\n#0 0x5582258e6fb3 <unknown>\n#1 0x5582255ba4a7 <unknown>\n#2 0x558225601dd6 <unknown>\n#3 0x558225601ec1 <unknown>\n#4 0x55822563f354 <unknown>\n#5 0x55822562396d <unknown>\n#6 0x55822563cc02 <unknown>\n#7 0x558225623713 <unknown>\n#8 0x5582255f618b <unknown>\n#9 0x5582255f6f7e <unknown>\n#10 0x5582258ac8d8 <unknown>\n#11 0x5582258b0800 <unknown>\n#12 0x5582258bacfc <unknown>\n#13 0x5582258b1418 <unknown>\n#14 0x55822587e42f <unknown>\n#15 0x5582258d54e8 <unknown>\n#16 0x5582258d56b4 <unknown>\n#17 0x5582258e6143 <unknown>\n#18 0x7fc3214ac044 <unknown>","time":{"start":1698367947204,"stop":1698367951683,"duration":4479}},{"uid":"dfc73cba70a14f37","reportUrl":"https://Nat754.github.io/StroyremAutomation/106//#testresult/dfc73cba70a14f37","status":"skipped","statusDetails":"XFAIL\n\nselenium.common.exceptions.NoSuchElementException: Message: no such element: Unable to locate element: {\"method\":\"xpath\",\"selector\":\"//input[@class='amount']\"}\n  (Session info: headless chrome=118.0.5993.70); For documentation on this error, please visit: https://www.selenium.dev/documentation/webdriver/troubleshooting/errors#no-such-element-exception\nStacktrace:\n#0 0x56187feaffb3 <unknown>\n#1 0x56187fb834a7 <unknown>\n#2 0x56187fbcadd6 <unknown>\n#3 0x56187fbcaec1 <unknown>\n#4 0x56187fc08354 <unknown>\n#5 0x56187fbec96d <unknown>\n#6 0x56187fc05c02 <unknown>\n#7 0x56187fbec713 <unknown>\n#8 0x56187fbbf18b <unknown>\n#9 0x56187fbbff7e <unknown>\n#10 0x56187fe758d8 <unknown>\n#11 0x56187fe79800 <unknown>\n#12 0x56187fe83cfc <unknown>\n#13 0x56187fe7a418 <unknown>\n#14 0x56187fe4742f <unknown>\n#15 0x56187fe9e4e8 <unknown>\n#16 0x56187fe9e6b4 <unknown>\n#17 0x56187feaf143 <unknown>\n#18 0x7f6200f99044 <unknown>","time":{"start":1698281556740,"stop":1698281561809,"duration":5069}}]},"tags":["@pytest.mark.xfail","smoke_test"]},"source":"c674518ba078866b.json","parameterValues":["6120","206","'TD 010'","5570","'products/shtukaturka-gipsovaya-aksolit-m50-30-kg-mashinnogo-naneseniya'","2900","'https://sandboxtest.stroyrem-nn.ru/'","6200"]}