{"uid":"797b2fd2369d3b65","name":"Авторизация с помощью аккаунта ya.ru","fullName":"tests.test_sign_in.test_sign_in_page.TestSignInPage#test_positive_authorization_first_time_using_YA_smoke","historyId":"dad914aa68b78287aa131957fc42820c","time":{"start":1708564522198,"stop":1708564527489,"duration":5291},"status":"skipped","statusMessage":"XFAIL Появляется капча Яндекса при запуске теста на Github\n\nselenium.common.exceptions.InvalidCookieDomainException: Message: invalid cookie domain: Cookie 'domain' mismatch\n  (Session info: chrome-headless-shell=122.0.6261.57)\nStacktrace:\n#0 0x55fb9b3dc7d3 <unknown>\n#1 0x55fb9b0d01c6 <unknown>\n#2 0x55fb9b16e24d <unknown>\n#3 0x55fb9b13d3d2 <unknown>\n#4 0x55fb9b15bdd9 <unknown>\n#5 0x55fb9b13d173 <unknown>\n#6 0x55fb9b10e2d3 <unknown>\n#7 0x55fb9b10ec9e <unknown>\n#8 0x55fb9b3a090b <unknown>\n#9 0x55fb9b3a4785 <unknown>\n#10 0x55fb9b38d321 <unknown>\n#11 0x55fb9b3a5312 <unknown>\n#12 0x55fb9b3711bf <unknown>\n#13 0x55fb9b3cae08 <unknown>\n#14 0x55fb9b3cb003 <unknown>\n#15 0x55fb9b3db984 <unknown>\n#16 0x7fd9ece91134 <unknown>","statusTrace":"self = <tests.test_sign_in.test_sign_in_page.TestSignInPage object at 0x7f631e4d7e90>\ndriver = <selenium.webdriver.chrome.webdriver.WebDriver (session=\"f5afe9bfd3ce00738b586b42e87a2ac1\")>\nsign_in_page = <pages.sign_in_page.SignInPage object at 0x7f631e112f10>\nopen_sign_in_window = None\n\n    @allure.title(\"Авторизация с помощью аккаунта ya.ru\")\n    @pytest.mark.xfail(reason=\"Появляется капча Яндекса при запуске теста на Github\")\n    @pytest.mark.smoke_test\n    def test_positive_authorization_first_time_using_YA_smoke(self, driver, sign_in_page, open_sign_in_window):\n        sign_in_page.get_ya_ru_auth_icon().click()\n        driver.switch_to.window(driver.window_handles[1])\n        # driver.delete_all_cookies()\n>       driver.add_cookie({'name': 'uniqueuid',\n                           'value': '384528911692006899',\n                           'domain': 'passport.yandex.ru',\n                           'httpOnly': True,\n                           'path': '/',\n                           'expiry': 1723499808,\n                           'sameSite': 'Lax',\n                           'secure': True})\n\ntests/test_sign_in/test_sign_in_page.py:137: \n_ _ _ _ _ _ _ _ _ _ _ _ _ _ _ _ _ _ _ _ _ _ _ _ _ _ _ _ _ _ _ _ _ _ _ _ _ _ _ _ \n/usr/local/lib/python3.11/site-packages/selenium/webdriver/remote/webdriver.py:632: in add_cookie\n    self.execute(Command.ADD_COOKIE, {\"cookie\": cookie_dict})\n/usr/local/lib/python3.11/site-packages/selenium/webdriver/remote/webdriver.py:345: in execute\n    self.error_handler.check_response(response)\n_ _ _ _ _ _ _ _ _ _ _ _ _ _ _ _ _ _ _ _ _ _ _ _ _ _ _ _ _ _ _ _ _ _ _ _ _ _ _ _ \n\nself = <selenium.webdriver.remote.errorhandler.ErrorHandler object at 0x7f631e7356d0>\nresponse = {'status': 400, 'value': '{\"value\":{\"error\":\"invalid cookie domain\",\"message\":\"invalid cookie domain: Cookie \\'domain\\...\\\\n#14 0x55fb9b3cb003 \\\\u003Cunknown>\\\\n#15 0x55fb9b3db984 \\\\u003Cunknown>\\\\n#16 0x7fd9ece91134 \\\\u003Cunknown>\\\\n\"}}'}\n\n    def check_response(self, response: Dict[str, Any]) -> None:\n        \"\"\"Checks that a JSON response from the WebDriver does not have an\n        error.\n    \n        :Args:\n         - response - The JSON response from the WebDriver server as a dictionary\n           object.\n    \n        :Raises: If the response contains an error message.\n        \"\"\"\n        status = response.get(\"status\", None)\n        if not status or status == ErrorCode.SUCCESS:\n            return\n        value = None\n        message = response.get(\"message\", \"\")\n        screen: str = response.get(\"screen\", \"\")\n        stacktrace = None\n        if isinstance(status, int):\n            value_json = response.get(\"value\", None)\n            if value_json and isinstance(value_json, str):\n                import json\n    \n                try:\n                    value = json.loads(value_json)\n                    if len(value) == 1:\n                        value = value[\"value\"]\n                    status = value.get(\"error\", None)\n                    if not status:\n                        status = value.get(\"status\", ErrorCode.UNKNOWN_ERROR)\n                        message = value.get(\"value\") or value.get(\"message\")\n                        if not isinstance(message, str):\n                            value = message\n                            message = message.get(\"message\")\n                    else:\n                        message = value.get(\"message\", None)\n                except ValueError:\n                    pass\n    \n        exception_class: Type[WebDriverException]\n        e = ErrorCode()\n        error_codes = [item for item in dir(e) if not item.startswith(\"__\")]\n        for error_code in error_codes:\n            error_info = getattr(ErrorCode, error_code)\n            if isinstance(error_info, list) and status in error_info:\n                exception_class = getattr(ExceptionMapping, error_code, WebDriverException)\n                break\n        else:\n            exception_class = WebDriverException\n    \n        if not value:\n            value = response[\"value\"]\n        if isinstance(value, str):\n            raise exception_class(value)\n        if message == \"\" and \"message\" in value:\n            message = value[\"message\"]\n    \n        screen = None  # type: ignore[assignment]\n        if \"screen\" in value:\n            screen = value[\"screen\"]\n    \n        stacktrace = None\n        st_value = value.get(\"stackTrace\") or value.get(\"stacktrace\")\n        if st_value:\n            if isinstance(st_value, str):\n                stacktrace = st_value.split(\"\\n\")\n            else:\n                stacktrace = []\n                try:\n                    for frame in st_value:\n                        line = frame.get(\"lineNumber\", \"\")\n                        file = frame.get(\"fileName\", \"<anonymous>\")\n                        if line:\n                            file = f\"{file}:{line}\"\n                        meth = frame.get(\"methodName\", \"<anonymous>\")\n                        if \"className\" in frame:\n                            meth = f\"{frame['className']}.{meth}\"\n                        msg = \"    at %s (%s)\"\n                        msg = msg % (meth, file)\n                        stacktrace.append(msg)\n                except TypeError:\n                    pass\n        if exception_class == UnexpectedAlertPresentException:\n            alert_text = None\n            if \"data\" in value:\n                alert_text = value[\"data\"].get(\"text\")\n            elif \"alert\" in value:\n                alert_text = value[\"alert\"].get(\"text\")\n            raise exception_class(message, screen, stacktrace, alert_text)  # type: ignore[call-arg]  # mypy is not smart enough here\n>       raise exception_class(message, screen, stacktrace)\nE       selenium.common.exceptions.InvalidCookieDomainException: Message: invalid cookie domain: Cookie 'domain' mismatch\nE         (Session info: chrome-headless-shell=122.0.6261.57)\nE       Stacktrace:\nE       #0 0x55fb9b3dc7d3 <unknown>\nE       #1 0x55fb9b0d01c6 <unknown>\nE       #2 0x55fb9b16e24d <unknown>\nE       #3 0x55fb9b13d3d2 <unknown>\nE       #4 0x55fb9b15bdd9 <unknown>\nE       #5 0x55fb9b13d173 <unknown>\nE       #6 0x55fb9b10e2d3 <unknown>\nE       #7 0x55fb9b10ec9e <unknown>\nE       #8 0x55fb9b3a090b <unknown>\nE       #9 0x55fb9b3a4785 <unknown>\nE       #10 0x55fb9b38d321 <unknown>\nE       #11 0x55fb9b3a5312 <unknown>\nE       #12 0x55fb9b3711bf <unknown>\nE       #13 0x55fb9b3cae08 <unknown>\nE       #14 0x55fb9b3cb003 <unknown>\nE       #15 0x55fb9b3db984 <unknown>\nE       #16 0x7fd9ece91134 <unknown>\n\n/usr/local/lib/python3.11/site-packages/selenium/webdriver/remote/errorhandler.py:229: InvalidCookieDomainException","flaky":false,"newFailed":false,"newBroken":false,"newPassed":false,"retriesCount":0,"retriesStatusChange":false,"beforeStages":[{"name":"_session_faker","time":{"start":1708562832597,"stop":1708562832668,"duration":71},"status":"passed","steps":[],"attachments":[],"parameters":[],"shouldDisplayMessage":false,"stepsCount":0,"attachmentsCount":0,"hasContent":false,"attachmentStep":false},{"name":"clear_allure_results_folder","time":{"start":1708562832668,"stop":1708562832668,"duration":0},"status":"passed","steps":[],"attachments":[],"parameters":[],"shouldDisplayMessage":false,"stepsCount":0,"attachmentsCount":0,"hasContent":false,"attachmentStep":false},{"name":"driver","time":{"start":1708564512005,"stop":1708564512788,"duration":783},"status":"passed","steps":[],"attachments":[],"parameters":[],"shouldDisplayMessage":false,"stepsCount":0,"attachmentsCount":0,"hasContent":false,"attachmentStep":false},{"name":"sign_in_page","time":{"start":1708564512788,"stop":1708564521856,"duration":9068},"status":"passed","steps":[],"attachments":[],"parameters":[],"shouldDisplayMessage":false,"stepsCount":0,"attachmentsCount":0,"hasContent":false,"attachmentStep":false},{"name":"setup","time":{"start":1708564512788,"stop":1708564512788,"duration":0},"status":"passed","steps":[],"attachments":[],"parameters":[],"shouldDisplayMessage":false,"stepsCount":0,"attachmentsCount":0,"hasContent":false,"attachmentStep":false},{"name":"open_sign_in_window","time":{"start":1708564521857,"stop":1708564522197,"duration":340},"status":"passed","steps":[{"name":"Нахождение элемента: иконка профиля в хедере","time":{"start":1708564521857,"stop":1708564521867,"duration":10},"status":"passed","steps":[],"attachments":[],"parameters":[],"shouldDisplayMessage":false,"stepsCount":0,"attachmentsCount":0,"hasContent":false,"attachmentStep":false}],"attachments":[],"parameters":[],"shouldDisplayMessage":false,"stepsCount":1,"attachmentsCount":0,"hasContent":true,"attachmentStep":false}],"testStage":{"status":"skipped","statusMessage":"XFAIL Появляется капча Яндекса при запуске теста на Github\n\nselenium.common.exceptions.InvalidCookieDomainException: Message: invalid cookie domain: Cookie 'domain' mismatch\n  (Session info: chrome-headless-shell=122.0.6261.57)\nStacktrace:\n#0 0x55fb9b3dc7d3 <unknown>\n#1 0x55fb9b0d01c6 <unknown>\n#2 0x55fb9b16e24d <unknown>\n#3 0x55fb9b13d3d2 <unknown>\n#4 0x55fb9b15bdd9 <unknown>\n#5 0x55fb9b13d173 <unknown>\n#6 0x55fb9b10e2d3 <unknown>\n#7 0x55fb9b10ec9e <unknown>\n#8 0x55fb9b3a090b <unknown>\n#9 0x55fb9b3a4785 <unknown>\n#10 0x55fb9b38d321 <unknown>\n#11 0x55fb9b3a5312 <unknown>\n#12 0x55fb9b3711bf <unknown>\n#13 0x55fb9b3cae08 <unknown>\n#14 0x55fb9b3cb003 <unknown>\n#15 0x55fb9b3db984 <unknown>\n#16 0x7fd9ece91134 <unknown>","statusTrace":"self = <tests.test_sign_in.test_sign_in_page.TestSignInPage object at 0x7f631e4d7e90>\ndriver = <selenium.webdriver.chrome.webdriver.WebDriver (session=\"f5afe9bfd3ce00738b586b42e87a2ac1\")>\nsign_in_page = <pages.sign_in_page.SignInPage object at 0x7f631e112f10>\nopen_sign_in_window = None\n\n    @allure.title(\"Авторизация с помощью аккаунта ya.ru\")\n    @pytest.mark.xfail(reason=\"Появляется капча Яндекса при запуске теста на Github\")\n    @pytest.mark.smoke_test\n    def test_positive_authorization_first_time_using_YA_smoke(self, driver, sign_in_page, open_sign_in_window):\n        sign_in_page.get_ya_ru_auth_icon().click()\n        driver.switch_to.window(driver.window_handles[1])\n        # driver.delete_all_cookies()\n>       driver.add_cookie({'name': 'uniqueuid',\n                           'value': '384528911692006899',\n                           'domain': 'passport.yandex.ru',\n                           'httpOnly': True,\n                           'path': '/',\n                           'expiry': 1723499808,\n                           'sameSite': 'Lax',\n                           'secure': True})\n\ntests/test_sign_in/test_sign_in_page.py:137: \n_ _ _ _ _ _ _ _ _ _ _ _ _ _ _ _ _ _ _ _ _ _ _ _ _ _ _ _ _ _ _ _ _ _ _ _ _ _ _ _ \n/usr/local/lib/python3.11/site-packages/selenium/webdriver/remote/webdriver.py:632: in add_cookie\n    self.execute(Command.ADD_COOKIE, {\"cookie\": cookie_dict})\n/usr/local/lib/python3.11/site-packages/selenium/webdriver/remote/webdriver.py:345: in execute\n    self.error_handler.check_response(response)\n_ _ _ _ _ _ _ _ _ _ _ _ _ _ _ _ _ _ _ _ _ _ _ _ _ _ _ _ _ _ _ _ _ _ _ _ _ _ _ _ \n\nself = <selenium.webdriver.remote.errorhandler.ErrorHandler object at 0x7f631e7356d0>\nresponse = {'status': 400, 'value': '{\"value\":{\"error\":\"invalid cookie domain\",\"message\":\"invalid cookie domain: Cookie \\'domain\\...\\\\n#14 0x55fb9b3cb003 \\\\u003Cunknown>\\\\n#15 0x55fb9b3db984 \\\\u003Cunknown>\\\\n#16 0x7fd9ece91134 \\\\u003Cunknown>\\\\n\"}}'}\n\n    def check_response(self, response: Dict[str, Any]) -> None:\n        \"\"\"Checks that a JSON response from the WebDriver does not have an\n        error.\n    \n        :Args:\n         - response - The JSON response from the WebDriver server as a dictionary\n           object.\n    \n        :Raises: If the response contains an error message.\n        \"\"\"\n        status = response.get(\"status\", None)\n        if not status or status == ErrorCode.SUCCESS:\n            return\n        value = None\n        message = response.get(\"message\", \"\")\n        screen: str = response.get(\"screen\", \"\")\n        stacktrace = None\n        if isinstance(status, int):\n            value_json = response.get(\"value\", None)\n            if value_json and isinstance(value_json, str):\n                import json\n    \n                try:\n                    value = json.loads(value_json)\n                    if len(value) == 1:\n                        value = value[\"value\"]\n                    status = value.get(\"error\", None)\n                    if not status:\n                        status = value.get(\"status\", ErrorCode.UNKNOWN_ERROR)\n                        message = value.get(\"value\") or value.get(\"message\")\n                        if not isinstance(message, str):\n                            value = message\n                            message = message.get(\"message\")\n                    else:\n                        message = value.get(\"message\", None)\n                except ValueError:\n                    pass\n    \n        exception_class: Type[WebDriverException]\n        e = ErrorCode()\n        error_codes = [item for item in dir(e) if not item.startswith(\"__\")]\n        for error_code in error_codes:\n            error_info = getattr(ErrorCode, error_code)\n            if isinstance(error_info, list) and status in error_info:\n                exception_class = getattr(ExceptionMapping, error_code, WebDriverException)\n                break\n        else:\n            exception_class = WebDriverException\n    \n        if not value:\n            value = response[\"value\"]\n        if isinstance(value, str):\n            raise exception_class(value)\n        if message == \"\" and \"message\" in value:\n            message = value[\"message\"]\n    \n        screen = None  # type: ignore[assignment]\n        if \"screen\" in value:\n            screen = value[\"screen\"]\n    \n        stacktrace = None\n        st_value = value.get(\"stackTrace\") or value.get(\"stacktrace\")\n        if st_value:\n            if isinstance(st_value, str):\n                stacktrace = st_value.split(\"\\n\")\n            else:\n                stacktrace = []\n                try:\n                    for frame in st_value:\n                        line = frame.get(\"lineNumber\", \"\")\n                        file = frame.get(\"fileName\", \"<anonymous>\")\n                        if line:\n                            file = f\"{file}:{line}\"\n                        meth = frame.get(\"methodName\", \"<anonymous>\")\n                        if \"className\" in frame:\n                            meth = f\"{frame['className']}.{meth}\"\n                        msg = \"    at %s (%s)\"\n                        msg = msg % (meth, file)\n                        stacktrace.append(msg)\n                except TypeError:\n                    pass\n        if exception_class == UnexpectedAlertPresentException:\n            alert_text = None\n            if \"data\" in value:\n                alert_text = value[\"data\"].get(\"text\")\n            elif \"alert\" in value:\n                alert_text = value[\"alert\"].get(\"text\")\n            raise exception_class(message, screen, stacktrace, alert_text)  # type: ignore[call-arg]  # mypy is not smart enough here\n>       raise exception_class(message, screen, stacktrace)\nE       selenium.common.exceptions.InvalidCookieDomainException: Message: invalid cookie domain: Cookie 'domain' mismatch\nE         (Session info: chrome-headless-shell=122.0.6261.57)\nE       Stacktrace:\nE       #0 0x55fb9b3dc7d3 <unknown>\nE       #1 0x55fb9b0d01c6 <unknown>\nE       #2 0x55fb9b16e24d <unknown>\nE       #3 0x55fb9b13d3d2 <unknown>\nE       #4 0x55fb9b15bdd9 <unknown>\nE       #5 0x55fb9b13d173 <unknown>\nE       #6 0x55fb9b10e2d3 <unknown>\nE       #7 0x55fb9b10ec9e <unknown>\nE       #8 0x55fb9b3a090b <unknown>\nE       #9 0x55fb9b3a4785 <unknown>\nE       #10 0x55fb9b38d321 <unknown>\nE       #11 0x55fb9b3a5312 <unknown>\nE       #12 0x55fb9b3711bf <unknown>\nE       #13 0x55fb9b3cae08 <unknown>\nE       #14 0x55fb9b3cb003 <unknown>\nE       #15 0x55fb9b3db984 <unknown>\nE       #16 0x7fd9ece91134 <unknown>\n\n/usr/local/lib/python3.11/site-packages/selenium/webdriver/remote/errorhandler.py:229: InvalidCookieDomainException","steps":[{"name":"Нахождение элемента: иконка 'ya.ru' окна авторизации","time":{"start":1708564522198,"stop":1708564522209,"duration":11},"status":"passed","steps":[],"attachments":[],"parameters":[],"shouldDisplayMessage":false,"stepsCount":0,"attachmentsCount":0,"hasContent":false,"attachmentStep":false}],"attachments":[{"uid":"6173246db69f7203","name":"Screenshot","source":"6173246db69f7203.png","type":"image/png","size":382471},{"uid":"afe13d3cb25fa072","name":"HTML source","source":"afe13d3cb25fa072.html","type":"text/html","size":17975}],"parameters":[],"shouldDisplayMessage":true,"stepsCount":1,"attachmentsCount":2,"hasContent":true,"attachmentStep":false},"afterStages":[{"name":"setup::0","time":{"start":1708564527622,"stop":1708564527623,"duration":1},"status":"passed","steps":[],"attachments":[],"parameters":[],"shouldDisplayMessage":false,"stepsCount":0,"attachmentsCount":0,"hasContent":false,"attachmentStep":false},{"name":"driver::0","time":{"start":1708564527623,"stop":1708564527692,"duration":69},"status":"passed","steps":[],"attachments":[],"parameters":[],"shouldDisplayMessage":false,"stepsCount":0,"attachmentsCount":0,"hasContent":false,"attachmentStep":false}],"labels":[{"name":"epic","value":"Sign In Page"},{"name":"tag","value":"smoke_test"},{"name":"tag","value":"@pytest.mark.xfail(reason='Появляется капча Яндекса при запуске теста на Github')"},{"name":"parentSuite","value":"tests.test_sign_in"},{"name":"suite","value":"test_sign_in_page"},{"name":"subSuite","value":"TestSignInPage"},{"name":"host","value":"242ec3a5561c"},{"name":"thread","value":"1-MainThread"},{"name":"framework","value":"pytest"},{"name":"language","value":"cpython3"},{"name":"package","value":"tests.test_sign_in.test_sign_in_page"},{"name":"resultFormat","value":"allure2"}],"parameters":[],"links":[],"hidden":false,"retry":false,"extra":{"severity":"normal","retries":[],"categories":[],"history":{"statistic":{"failed":0,"broken":0,"skipped":204,"passed":4,"unknown":0,"total":208},"items":[{"uid":"ccab9674c8d6603f","reportUrl":"https://Nat754.github.io/StroyremAutomation/224//#testresult/ccab9674c8d6603f","status":"skipped","statusDetails":"XFAIL Появляется капча Яндекса при запуске теста на Github\n\nselenium.common.exceptions.InvalidCookieDomainException: Message: invalid cookie domain: Cookie 'domain' mismatch\n  (Session info: chrome-headless-shell=122.0.6261.57)\nStacktrace:\n#0 0x56376154b7d3 <unknown>\n#1 0x56376123f1c6 <unknown>\n#2 0x5637612dd24d <unknown>\n#3 0x5637612ac3d2 <unknown>\n#4 0x5637612cadd9 <unknown>\n#5 0x5637612ac173 <unknown>\n#6 0x56376127d2d3 <unknown>\n#7 0x56376127dc9e <unknown>\n#8 0x56376150f90b <unknown>\n#9 0x563761513785 <unknown>\n#10 0x5637614fc321 <unknown>\n#11 0x563761514312 <unknown>\n#12 0x5637614e01bf <unknown>\n#13 0x563761539e08 <unknown>\n#14 0x56376153a003 <unknown>\n#15 0x56376154a984 <unknown>\n#16 0x7fd0aac46134 <unknown>","time":{"start":1708478109427,"stop":1708478114500,"duration":5073}},{"uid":"b0367dc6d84a82f3","reportUrl":"https://Nat754.github.io/StroyremAutomation/223//#testresult/b0367dc6d84a82f3","status":"skipped","statusDetails":"XFAIL Появляется капча Яндекса при запуске теста на Github\n\nselenium.common.exceptions.InvalidCookieDomainException: Message: invalid cookie domain: Cookie 'domain' mismatch\n  (Session info: chrome-headless-shell=121.0.6167.184)\nStacktrace:\n#0 0x5587f072f303 <unknown>\n#1 0x5587f04142b7 <unknown>\n#2 0x5587f04b376a <unknown>\n#3 0x5587f0482382 <unknown>\n#4 0x5587f04a107c <unknown>\n#5 0x5587f0482123 <unknown>\n#6 0x5587f0452095 <unknown>\n#7 0x5587f045309e <unknown>\n#8 0x5587f06f36ab <unknown>\n#9 0x5587f06f74ba <unknown>\n#10 0x5587f06dff85 <unknown>\n#11 0x5587f06f812f <unknown>\n#12 0x5587f06c3e6f <unknown>\n#13 0x5587f071c5f8 <unknown>\n#14 0x5587f071c7c2 <unknown>\n#15 0x5587f072e4a4 <unknown>\n#16 0x7f9eebf0f134 <unknown>","time":{"start":1708391408553,"stop":1708391412959,"duration":4406}},{"uid":"f3331a5d2e90afde","reportUrl":"https://Nat754.github.io/StroyremAutomation/222//#testresult/f3331a5d2e90afde","status":"skipped","statusDetails":"XFAIL Появляется капча Яндекса при запуске теста на Github\n\nselenium.common.exceptions.NoSuchElementException: Message: no such element: Unable to locate element: {\"method\":\"css selector\",\"selector\":\"button[data-t='button:clear']\"}\n  (Session info: chrome-headless-shell=121.0.6167.184); For documentation on this error, please visit: https://www.selenium.dev/documentation/webdriver/troubleshooting/errors#no-such-element-exception\nStacktrace:\n#0 0x556bcc823303 <unknown>\n#1 0x556bcc5082b7 <unknown>\n#2 0x556bcc553cc0 <unknown>\n#3 0x556bcc553db1 <unknown>\n#4 0x556bcc597b44 <unknown>\n#5 0x556bcc5763ad <unknown>\n#6 0x556bcc59507c <unknown>\n#7 0x556bcc576123 <unknown>\n#8 0x556bcc546095 <unknown>\n#9 0x556bcc54709e <unknown>\n#10 0x556bcc7e76ab <unknown>\n#11 0x556bcc7eb4ba <unknown>\n#12 0x556bcc7d3f85 <unknown>\n#13 0x556bcc7ec12f <unknown>\n#14 0x556bcc7b7e6f <unknown>\n#15 0x556bcc8105f8 <unknown>\n#16 0x556bcc8107c2 <unknown>\n#17 0x556bcc8224a4 <unknown>\n#18 0x7f55eb39f134 <unknown>","time":{"start":1708305360533,"stop":1708305365751,"duration":5218}},{"uid":"81d9b1d76537cd2","reportUrl":"https://Nat754.github.io/StroyremAutomation/221//#testresult/81d9b1d76537cd2","status":"skipped","statusDetails":"XFAIL Появляется капча Яндекса при запуске теста на Github\n\nselenium.common.exceptions.NoSuchElementException: Message: no such element: Unable to locate element: {\"method\":\"css selector\",\"selector\":\"button[data-t='button:clear']\"}\n  (Session info: chrome-headless-shell=121.0.6167.184); For documentation on this error, please visit: https://www.selenium.dev/documentation/webdriver/troubleshooting/errors#no-such-element-exception\nStacktrace:\n#0 0x5599dc367303 <unknown>\n#1 0x5599dc04c2b7 <unknown>\n#2 0x5599dc097cc0 <unknown>\n#3 0x5599dc097db1 <unknown>\n#4 0x5599dc0dbb44 <unknown>\n#5 0x5599dc0ba3ad <unknown>\n#6 0x5599dc0d907c <unknown>\n#7 0x5599dc0ba123 <unknown>\n#8 0x5599dc08a095 <unknown>\n#9 0x5599dc08b09e <unknown>\n#10 0x5599dc32b6ab <unknown>\n#11 0x5599dc32f4ba <unknown>\n#12 0x5599dc317f85 <unknown>\n#13 0x5599dc33012f <unknown>\n#14 0x5599dc2fbe6f <unknown>\n#15 0x5599dc3545f8 <unknown>\n#16 0x5599dc3547c2 <unknown>\n#17 0x5599dc3664a4 <unknown>\n#18 0x7f1767ae6134 <unknown>","time":{"start":1708218792674,"stop":1708218796197,"duration":3523}},{"uid":"941f5caa8f4c94ff","reportUrl":"https://Nat754.github.io/StroyremAutomation/220//#testresult/941f5caa8f4c94ff","status":"skipped","statusDetails":"XFAIL Появляется капча Яндекса при запуске теста на Github\n\nselenium.common.exceptions.NoSuchElementException: Message: no such element: Unable to locate element: {\"method\":\"css selector\",\"selector\":\"button[data-t='button:clear']\"}\n  (Session info: chrome-headless-shell=121.0.6167.184); For documentation on this error, please visit: https://www.selenium.dev/documentation/webdriver/troubleshooting/errors#no-such-element-exception\nStacktrace:\n#0 0x55c53e3a9303 <unknown>\n#1 0x55c53e08e2b7 <unknown>\n#2 0x55c53e0d9cc0 <unknown>\n#3 0x55c53e0d9db1 <unknown>\n#4 0x55c53e11db44 <unknown>\n#5 0x55c53e0fc3ad <unknown>\n#6 0x55c53e11b07c <unknown>\n#7 0x55c53e0fc123 <unknown>\n#8 0x55c53e0cc095 <unknown>\n#9 0x55c53e0cd09e <unknown>\n#10 0x55c53e36d6ab <unknown>\n#11 0x55c53e3714ba <unknown>\n#12 0x55c53e359f85 <unknown>\n#13 0x55c53e37212f <unknown>\n#14 0x55c53e33de6f <unknown>\n#15 0x55c53e3965f8 <unknown>\n#16 0x55c53e3967c2 <unknown>\n#17 0x55c53e3a84a4 <unknown>\n#18 0x7f0e45169134 <unknown>","time":{"start":1708132103260,"stop":1708132106738,"duration":3478}},{"uid":"b7002f67489071e2","reportUrl":"https://Nat754.github.io/StroyremAutomation/219//#testresult/b7002f67489071e2","status":"skipped","statusDetails":"XFAIL Появляется капча Яндекса при запуске теста на Github\n\nselenium.common.exceptions.InvalidCookieDomainException: Message: invalid cookie domain: Cookie 'domain' mismatch\n  (Session info: chrome-headless-shell=121.0.6167.85)\nStacktrace:\n#0 0x561eb0e3ed93 <unknown>\n#1 0x561eb0b22337 <unknown>\n#2 0x561eb0bc17ea <unknown>\n#3 0x561eb0b90442 <unknown>\n#4 0x561eb0baf12d <unknown>\n#5 0x561eb0b901e3 <unknown>\n#6 0x561eb0b60135 <unknown>\n#7 0x561eb0b6113e <unknown>\n#8 0x561eb0e02e4b <unknown>\n#9 0x561eb0e06dfa <unknown>\n#10 0x561eb0def6d5 <unknown>\n#11 0x561eb0e07a6f <unknown>\n#12 0x561eb0dd369f <unknown>\n#13 0x561eb0e2c098 <unknown>\n#14 0x561eb0e2c262 <unknown>\n#15 0x561eb0e3df34 <unknown>\n#16 0x7f0ee0e76134 <unknown>","time":{"start":1708046110748,"stop":1708046115914,"duration":5166}},{"uid":"62eaac4321f22f93","reportUrl":"https://Nat754.github.io/StroyremAutomation/218//#testresult/62eaac4321f22f93","status":"skipped","statusDetails":"XFAIL Появляется капча Яндекса при запуске теста на Github\n\nselenium.common.exceptions.NoSuchElementException: Message: no such element: Unable to locate element: {\"method\":\"css selector\",\"selector\":\"button[data-t='button:clear']\"}\n  (Session info: chrome-headless-shell=121.0.6167.85); For documentation on this error, please visit: https://www.selenium.dev/documentation/webdriver/troubleshooting/errors#no-such-element-exception\nStacktrace:\n#0 0x55dae0fcfd93 <unknown>\n#1 0x55dae0cb3337 <unknown>\n#2 0x55dae0cfed60 <unknown>\n#3 0x55dae0cfee51 <unknown>\n#4 0x55dae0d42bc4 <unknown>\n#5 0x55dae0d2146d <unknown>\n#6 0x55dae0d4012d <unknown>\n#7 0x55dae0d211e3 <unknown>\n#8 0x55dae0cf1135 <unknown>\n#9 0x55dae0cf213e <unknown>\n#10 0x55dae0f93e4b <unknown>\n#11 0x55dae0f97dfa <unknown>\n#12 0x55dae0f806d5 <unknown>\n#13 0x55dae0f98a6f <unknown>\n#14 0x55dae0f6469f <unknown>\n#15 0x55dae0fbd098 <unknown>\n#16 0x55dae0fbd262 <unknown>\n#17 0x55dae0fcef34 <unknown>\n#18 0x7ff8889e5134 <unknown>","time":{"start":1707959430585,"stop":1707959434294,"duration":3709}},{"uid":"84301f4eee07ef97","reportUrl":"https://Nat754.github.io/StroyremAutomation/217//#testresult/84301f4eee07ef97","status":"skipped","statusDetails":"XFAIL Появляется капча Яндекса при запуске теста на Github\n\nselenium.common.exceptions.NoSuchElementException: Message: no such element: Unable to locate element: {\"method\":\"css selector\",\"selector\":\"button[data-t='button:clear']\"}\n  (Session info: chrome-headless-shell=121.0.6167.85); For documentation on this error, please visit: https://www.selenium.dev/documentation/webdriver/troubleshooting/errors#no-such-element-exception\nStacktrace:\n#0 0x559ddc601d93 <unknown>\n#1 0x559ddc2e5337 <unknown>\n#2 0x559ddc330d60 <unknown>\n#3 0x559ddc330e51 <unknown>\n#4 0x559ddc374bc4 <unknown>\n#5 0x559ddc35346d <unknown>\n#6 0x559ddc37212d <unknown>\n#7 0x559ddc3531e3 <unknown>\n#8 0x559ddc323135 <unknown>\n#9 0x559ddc32413e <unknown>\n#10 0x559ddc5c5e4b <unknown>\n#11 0x559ddc5c9dfa <unknown>\n#12 0x559ddc5b26d5 <unknown>\n#13 0x559ddc5caa6f <unknown>\n#14 0x559ddc59669f <unknown>\n#15 0x559ddc5ef098 <unknown>\n#16 0x559ddc5ef262 <unknown>\n#17 0x559ddc600f34 <unknown>\n#18 0x7f778726f134 <unknown>","time":{"start":1707873351295,"stop":1707873356439,"duration":5144}},{"uid":"abcaa97b31d5a1e3","reportUrl":"https://Nat754.github.io/StroyremAutomation/216//#testresult/abcaa97b31d5a1e3","status":"skipped","statusDetails":"XFAIL Появляется капча Яндекса при запуске теста на Github\n\nselenium.common.exceptions.NoSuchElementException: Message: no such element: Unable to locate element: {\"method\":\"css selector\",\"selector\":\"button[data-t='button:clear']\"}\n  (Session info: chrome-headless-shell=121.0.6167.85); For documentation on this error, please visit: https://www.selenium.dev/documentation/webdriver/troubleshooting/errors#no-such-element-exception\nStacktrace:\n#0 0x5643e64dad93 <unknown>\n#1 0x5643e61be337 <unknown>\n#2 0x5643e6209d60 <unknown>\n#3 0x5643e6209e51 <unknown>\n#4 0x5643e624dbc4 <unknown>\n#5 0x5643e622c46d <unknown>\n#6 0x5643e624b12d <unknown>\n#7 0x5643e622c1e3 <unknown>\n#8 0x5643e61fc135 <unknown>\n#9 0x5643e61fd13e <unknown>\n#10 0x5643e649ee4b <unknown>\n#11 0x5643e64a2dfa <unknown>\n#12 0x5643e648b6d5 <unknown>\n#13 0x5643e64a3a6f <unknown>\n#14 0x5643e646f69f <unknown>\n#15 0x5643e64c8098 <unknown>\n#16 0x5643e64c8262 <unknown>\n#17 0x5643e64d9f34 <unknown>\n#18 0x7ffbce47a134 <unknown>","time":{"start":1707787074784,"stop":1707787080106,"duration":5322}},{"uid":"4907f451e2a9c066","reportUrl":"https://Nat754.github.io/StroyremAutomation/215//#testresult/4907f451e2a9c066","status":"skipped","statusDetails":"XFAIL Появляется капча Яндекса при запуске теста на Github\n\nselenium.common.exceptions.InvalidCookieDomainException: Message: invalid cookie domain: Cookie 'domain' mismatch\n  (Session info: chrome-headless-shell=121.0.6167.85)\nStacktrace:\n#0 0x557b030b5d93 <unknown>\n#1 0x557b02d99337 <unknown>\n#2 0x557b02e387ea <unknown>\n#3 0x557b02e07442 <unknown>\n#4 0x557b02e2612d <unknown>\n#5 0x557b02e071e3 <unknown>\n#6 0x557b02dd7135 <unknown>\n#7 0x557b02dd813e <unknown>\n#8 0x557b03079e4b <unknown>\n#9 0x557b0307ddfa <unknown>\n#10 0x557b030666d5 <unknown>\n#11 0x557b0307ea6f <unknown>\n#12 0x557b0304a69f <unknown>\n#13 0x557b030a3098 <unknown>\n#14 0x557b030a3262 <unknown>\n#15 0x557b030b4f34 <unknown>\n#16 0x7f177cd50134 <unknown>","time":{"start":1707700237945,"stop":1707700241595,"duration":3650}},{"uid":"3803935dd4dbf62e","reportUrl":"https://Nat754.github.io/StroyremAutomation/214//#testresult/3803935dd4dbf62e","status":"skipped","statusDetails":"XFAIL Появляется капча Яндекса при запуске теста на Github\n\nselenium.common.exceptions.InvalidCookieDomainException: Message: invalid cookie domain: Cookie 'domain' mismatch\n  (Session info: chrome-headless-shell=121.0.6167.85)\nStacktrace:\n#0 0x556716375d93 <unknown>\n#1 0x556716059337 <unknown>\n#2 0x5567160f87ea <unknown>\n#3 0x5567160c7442 <unknown>\n#4 0x5567160e612d <unknown>\n#5 0x5567160c71e3 <unknown>\n#6 0x556716097135 <unknown>\n#7 0x55671609813e <unknown>\n#8 0x556716339e4b <unknown>\n#9 0x55671633ddfa <unknown>\n#10 0x5567163266d5 <unknown>\n#11 0x55671633ea6f <unknown>\n#12 0x55671630a69f <unknown>\n#13 0x556716363098 <unknown>\n#14 0x556716363262 <unknown>\n#15 0x556716374f34 <unknown>\n#16 0x7f0e2db04134 <unknown>","time":{"start":1707614167570,"stop":1707614171868,"duration":4298}},{"uid":"82d9cbd50e8d7506","reportUrl":"https://Nat754.github.io/StroyremAutomation/213//#testresult/82d9cbd50e8d7506","status":"skipped","statusDetails":"XFAIL Появляется капча Яндекса при запуске теста на Github\n\nselenium.common.exceptions.NoSuchElementException: Message: no such element: Unable to locate element: {\"method\":\"css selector\",\"selector\":\"button[data-t='button:clear']\"}\n  (Session info: chrome-headless-shell=121.0.6167.85); For documentation on this error, please visit: https://www.selenium.dev/documentation/webdriver/troubleshooting/errors#no-such-element-exception\nStacktrace:\n#0 0x559a72e4bd93 <unknown>\n#1 0x559a72b2f337 <unknown>\n#2 0x559a72b7ad60 <unknown>\n#3 0x559a72b7ae51 <unknown>\n#4 0x559a72bbebc4 <unknown>\n#5 0x559a72b9d46d <unknown>\n#6 0x559a72bbc12d <unknown>\n#7 0x559a72b9d1e3 <unknown>\n#8 0x559a72b6d135 <unknown>\n#9 0x559a72b6e13e <unknown>\n#10 0x559a72e0fe4b <unknown>\n#11 0x559a72e13dfa <unknown>\n#12 0x559a72dfc6d5 <unknown>\n#13 0x559a72e14a6f <unknown>\n#14 0x559a72de069f <unknown>\n#15 0x559a72e39098 <unknown>\n#16 0x559a72e39262 <unknown>\n#17 0x559a72e4af34 <unknown>\n#18 0x7f5c1852d134 <unknown>","time":{"start":1707527579266,"stop":1707527584517,"duration":5251}},{"uid":"9e8d07da2255266","reportUrl":"https://Nat754.github.io/StroyremAutomation/212//#testresult/9e8d07da2255266","status":"skipped","statusDetails":"XFAIL Появляется капча Яндекса при запуске теста на Github\n\nselenium.common.exceptions.NoSuchElementException: Message: no such element: Unable to locate element: {\"method\":\"css selector\",\"selector\":\"button[data-t='button:clear']\"}\n  (Session info: chrome-headless-shell=121.0.6167.85); For documentation on this error, please visit: https://www.selenium.dev/documentation/webdriver/troubleshooting/errors#no-such-element-exception\nStacktrace:\n#0 0x560d87e26d93 <unknown>\n#1 0x560d87b0a337 <unknown>\n#2 0x560d87b55d60 <unknown>\n#3 0x560d87b55e51 <unknown>\n#4 0x560d87b99bc4 <unknown>\n#5 0x560d87b7846d <unknown>\n#6 0x560d87b9712d <unknown>\n#7 0x560d87b781e3 <unknown>\n#8 0x560d87b48135 <unknown>\n#9 0x560d87b4913e <unknown>\n#10 0x560d87deae4b <unknown>\n#11 0x560d87deedfa <unknown>\n#12 0x560d87dd76d5 <unknown>\n#13 0x560d87defa6f <unknown>\n#14 0x560d87dbb69f <unknown>\n#15 0x560d87e14098 <unknown>\n#16 0x560d87e14262 <unknown>\n#17 0x560d87e25f34 <unknown>\n#18 0x7f83c0d41134 <unknown>","time":{"start":1707441013570,"stop":1707441018190,"duration":4620}},{"uid":"326d804b05742c45","reportUrl":"https://Nat754.github.io/StroyremAutomation/211//#testresult/326d804b05742c45","status":"skipped","statusDetails":"XFAIL Появляется капча Яндекса при запуске теста на Github\n\nselenium.common.exceptions.InvalidCookieDomainException: Message: invalid cookie domain: Cookie 'domain' mismatch\n  (Session info: chrome-headless-shell=121.0.6167.85)\nStacktrace:\n#0 0x561df47a7d93 <unknown>\n#1 0x561df448b337 <unknown>\n#2 0x561df452a7ea <unknown>\n#3 0x561df44f9442 <unknown>\n#4 0x561df451812d <unknown>\n#5 0x561df44f91e3 <unknown>\n#6 0x561df44c9135 <unknown>\n#7 0x561df44ca13e <unknown>\n#8 0x561df476be4b <unknown>\n#9 0x561df476fdfa <unknown>\n#10 0x561df47586d5 <unknown>\n#11 0x561df4770a6f <unknown>\n#12 0x561df473c69f <unknown>\n#13 0x561df4795098 <unknown>\n#14 0x561df4795262 <unknown>\n#15 0x561df47a6f34 <unknown>\n#16 0x7fe278caf134 <unknown>","time":{"start":1707354628224,"stop":1707354632371,"duration":4147}},{"uid":"73ec591fb1f9ce66","reportUrl":"https://Nat754.github.io/StroyremAutomation/210//#testresult/73ec591fb1f9ce66","status":"skipped","statusDetails":"XFAIL Появляется капча Яндекса при запуске теста на Github\n\nselenium.common.exceptions.NoSuchElementException: Message: no such element: Unable to locate element: {\"method\":\"css selector\",\"selector\":\"button[data-t='button:clear']\"}\n  (Session info: chrome-headless-shell=121.0.6167.85); For documentation on this error, please visit: https://www.selenium.dev/documentation/webdriver/troubleshooting/errors#no-such-element-exception\nStacktrace:\n#0 0x55d81b56ed93 <unknown>\n#1 0x55d81b252337 <unknown>\n#2 0x55d81b29dd60 <unknown>\n#3 0x55d81b29de51 <unknown>\n#4 0x55d81b2e1bc4 <unknown>\n#5 0x55d81b2c046d <unknown>\n#6 0x55d81b2df12d <unknown>\n#7 0x55d81b2c01e3 <unknown>\n#8 0x55d81b290135 <unknown>\n#9 0x55d81b29113e <unknown>\n#10 0x55d81b532e4b <unknown>\n#11 0x55d81b536dfa <unknown>\n#12 0x55d81b51f6d5 <unknown>\n#13 0x55d81b537a6f <unknown>\n#14 0x55d81b50369f <unknown>\n#15 0x55d81b55c098 <unknown>\n#16 0x55d81b55c262 <unknown>\n#17 0x55d81b56df34 <unknown>\n#18 0x7fd755319134 <unknown>","time":{"start":1707268173477,"stop":1707268178075,"duration":4598}},{"uid":"ffcdfe8afbc82191","reportUrl":"https://Nat754.github.io/StroyremAutomation/209//#testresult/ffcdfe8afbc82191","status":"skipped","statusDetails":"XFAIL Появляется капча Яндекса при запуске теста на Github\n\nselenium.common.exceptions.InvalidCookieDomainException: Message: invalid cookie domain: Cookie 'domain' mismatch\n  (Session info: chrome-headless-shell=121.0.6167.85)\nStacktrace:\n#0 0x558a5616ad93 <unknown>\n#1 0x558a55e4e337 <unknown>\n#2 0x558a55eed7ea <unknown>\n#3 0x558a55ebc442 <unknown>\n#4 0x558a55edb12d <unknown>\n#5 0x558a55ebc1e3 <unknown>\n#6 0x558a55e8c135 <unknown>\n#7 0x558a55e8d13e <unknown>\n#8 0x558a5612ee4b <unknown>\n#9 0x558a56132dfa <unknown>\n#10 0x558a5611b6d5 <unknown>\n#11 0x558a56133a6f <unknown>\n#12 0x558a560ff69f <unknown>\n#13 0x558a56158098 <unknown>\n#14 0x558a56158262 <unknown>\n#15 0x558a56169f34 <unknown>\n#16 0x7f9224362134 <unknown>","time":{"start":1707182076440,"stop":1707182081229,"duration":4789}},{"uid":"450cadc4ea1ac27e","reportUrl":"https://Nat754.github.io/StroyremAutomation/208//#testresult/450cadc4ea1ac27e","status":"skipped","statusDetails":"XFAIL Появляется капча Яндекса при запуске теста на Github\n\nselenium.common.exceptions.NoSuchElementException: Message: no such element: Unable to locate element: {\"method\":\"css selector\",\"selector\":\"button[data-t='button:clear']\"}\n  (Session info: chrome-headless-shell=121.0.6167.85); For documentation on this error, please visit: https://www.selenium.dev/documentation/webdriver/troubleshooting/errors#no-such-element-exception\nStacktrace:\n#0 0x55d037e2dd93 <unknown>\n#1 0x55d037b11337 <unknown>\n#2 0x55d037b5cd60 <unknown>\n#3 0x55d037b5ce51 <unknown>\n#4 0x55d037ba0bc4 <unknown>\n#5 0x55d037b7f46d <unknown>\n#6 0x55d037b9e12d <unknown>\n#7 0x55d037b7f1e3 <unknown>\n#8 0x55d037b4f135 <unknown>\n#9 0x55d037b5013e <unknown>\n#10 0x55d037df1e4b <unknown>\n#11 0x55d037df5dfa <unknown>\n#12 0x55d037dde6d5 <unknown>\n#13 0x55d037df6a6f <unknown>\n#14 0x55d037dc269f <unknown>\n#15 0x55d037e1b098 <unknown>\n#16 0x55d037e1b262 <unknown>\n#17 0x55d037e2cf34 <unknown>\n#18 0x7f21d319a134 <unknown>","time":{"start":1707095574875,"stop":1707095578538,"duration":3663}},{"uid":"870ab9baa0e05025","reportUrl":"https://Nat754.github.io/StroyremAutomation/207//#testresult/870ab9baa0e05025","status":"skipped","statusDetails":"XFAIL Появляется капча Яндекса при запуске теста на Github\n\nselenium.common.exceptions.NoSuchElementException: Message: no such element: Unable to locate element: {\"method\":\"css selector\",\"selector\":\"button[data-t='button:clear']\"}\n  (Session info: chrome-headless-shell=121.0.6167.85); For documentation on this error, please visit: https://www.selenium.dev/documentation/webdriver/troubleshooting/errors#no-such-element-exception\nStacktrace:\n#0 0x565142089d93 <unknown>\n#1 0x565141d6d337 <unknown>\n#2 0x565141db8d60 <unknown>\n#3 0x565141db8e51 <unknown>\n#4 0x565141dfcbc4 <unknown>\n#5 0x565141ddb46d <unknown>\n#6 0x565141dfa12d <unknown>\n#7 0x565141ddb1e3 <unknown>\n#8 0x565141dab135 <unknown>\n#9 0x565141dac13e <unknown>\n#10 0x56514204de4b <unknown>\n#11 0x565142051dfa <unknown>\n#12 0x56514203a6d5 <unknown>\n#13 0x565142052a6f <unknown>\n#14 0x56514201e69f <unknown>\n#15 0x565142077098 <unknown>\n#16 0x565142077262 <unknown>\n#17 0x565142088f34 <unknown>\n#18 0x7f336effa134 <unknown>","time":{"start":1707009325078,"stop":1707009329653,"duration":4575}},{"uid":"afa96a827e6a0414","reportUrl":"https://Nat754.github.io/StroyremAutomation/206//#testresult/afa96a827e6a0414","status":"skipped","statusDetails":"XFAIL Появляется капча Яндекса при запуске теста на Github\n\nselenium.common.exceptions.NoSuchElementException: Message: no such element: Unable to locate element: {\"method\":\"css selector\",\"selector\":\"button[data-t='button:clear']\"}\n  (Session info: chrome-headless-shell=121.0.6167.85); For documentation on this error, please visit: https://www.selenium.dev/documentation/webdriver/troubleshooting/errors#no-such-element-exception\nStacktrace:\n#0 0x55b82b9e5d93 <unknown>\n#1 0x55b82b6c9337 <unknown>\n#2 0x55b82b714d60 <unknown>\n#3 0x55b82b714e51 <unknown>\n#4 0x55b82b758bc4 <unknown>\n#5 0x55b82b73746d <unknown>\n#6 0x55b82b75612d <unknown>\n#7 0x55b82b7371e3 <unknown>\n#8 0x55b82b707135 <unknown>\n#9 0x55b82b70813e <unknown>\n#10 0x55b82b9a9e4b <unknown>\n#11 0x55b82b9addfa <unknown>\n#12 0x55b82b9966d5 <unknown>\n#13 0x55b82b9aea6f <unknown>\n#14 0x55b82b97a69f <unknown>\n#15 0x55b82b9d3098 <unknown>\n#16 0x55b82b9d3262 <unknown>\n#17 0x55b82b9e4f34 <unknown>\n#18 0x7f12327e3134 <unknown>","time":{"start":1706922923630,"stop":1706922929161,"duration":5531}},{"uid":"226303b598e984d5","reportUrl":"https://Nat754.github.io/StroyremAutomation/205//#testresult/226303b598e984d5","status":"skipped","statusDetails":"XFAIL Появляется капча Яндекса при запуске теста на Github\n\nselenium.common.exceptions.TimeoutException: Message: \nStacktrace:\n#0 0x564a24df0d93 <unknown>\n#1 0x564a24ad4337 <unknown>\n#2 0x564a24b1fd60 <unknown>\n#3 0x564a24b1fe51 <unknown>\n#4 0x564a24b63bc4 <unknown>\n#5 0x564a24b4246d <unknown>\n#6 0x564a24b6112d <unknown>\n#7 0x564a24b421e3 <unknown>\n#8 0x564a24b12135 <unknown>\n#9 0x564a24b1313e <unknown>\n#10 0x564a24db4e4b <unknown>\n#11 0x564a24db8dfa <unknown>\n#12 0x564a24da16d5 <unknown>\n#13 0x564a24db9a6f <unknown>\n#14 0x564a24d8569f <unknown>\n#15 0x564a24dde098 <unknown>\n#16 0x564a24dde262 <unknown>\n#17 0x564a24deff34 <unknown>\n#18 0x7f67b6ba5134 <unknown>","time":{"start":1706836279356,"stop":1706836298251,"duration":18895}}]},"tags":["@pytest.mark.xfail(reason='Появляется капча Яндекса при запуске теста на Github')","smoke_test"]},"source":"797b2fd2369d3b65.json","parameterValues":[]}