{"uid":"3fbc9511a1ad4445","name":"test_positive_delivery_green_zone_smoke[TD 009-products/shtukaturka-gipsovaya-aksolit-m50-30-kg-mashinnogo-naneseniya-166-5000-2500-4990-5480-https://sandboxtest.stroyrem-nn.ru/]","fullName":"tests.delivery.test_delivery_calculation.TestDeliveryPageCalculation#test_positive_delivery_green_zone_smoke","historyId":"8179091af2334708b6b6862d13d35737","time":{"start":1715302594209,"stop":1715302594639,"duration":430},"status":"skipped","statusMessage":"XFAIL\n\nselenium.common.exceptions.NoSuchElementException: Message: no such element: Unable to locate element: {\"method\":\"xpath\",\"selector\":\"(//a[@class='add-to-cart yellow-btn'])[1]\"}\n  (Session info: chrome-headless-shell=124.0.6367.201); For documentation on this error, please visit: https://www.selenium.dev/documentation/webdriver/troubleshooting/errors#no-such-element-exception\nStacktrace:\n#0 0x55cf9cd05e43 <unknown>\n#1 0x55cf9c9f44e7 <unknown>\n#2 0x55cf9ca3f35d <unknown>\n#3 0x55cf9ca3f411 <unknown>\n#4 0x55cf9ca82774 <unknown>\n#5 0x55cf9ca6147d <unknown>\n#6 0x55cf9ca7fc29 <unknown>\n#7 0x55cf9ca611f3 <unknown>\n#8 0x55cf9ca3228a <unknown>\n#9 0x55cf9ca32c5e <unknown>\n#10 0x55cf9ccca16b <unknown>\n#11 0x55cf9ccce0bb <unknown>\n#12 0x55cf9ccb6281 <unknown>\n#13 0x55cf9cccec22 <unknown>\n#14 0x55cf9cc9b13f <unknown>\n#15 0x55cf9ccf4f98 <unknown>\n#16 0x55cf9ccf5170 <unknown>\n#17 0x55cf9cd04f94 <unknown>\n#18 0x7f911a633134 <unknown>","statusTrace":"self = <tests.delivery.test_delivery_calculation.TestDeliveryPageCalculation object at 0x7f9abc1dc250>\ndriver = <selenium.webdriver.chrome.webdriver.WebDriver (session=\"007e74edf0ab5b57588d84b9e086dd2e\")>\nurl = 'https://sandboxtest.stroyrem-nn.ru/', case_id = 'TD 009'\nlink_item = 'products/shtukaturka-gipsovaya-aksolit-m50-30-kg-mashinnogo-naneseniya'\namount = 166, weight = 5000, standard = 2500, in_time = 4990, all_time = 5480\n\n    @pytest.mark.parametrize('case_id, link_item, amount, weight, standard, in_time, all_time', [\n        (\"TD 001\", uroven_3000, 1, 30, 0, 1590, 2190),\n        (\"TD 002\", bundeks_25, 1, 30, 400, 1590, 2190),\n        (\"TD 003\", aksolit_30, 8, 300, 400, 1590, 2190),\n        (\"TD 004\", aksolit_30, 13, 400, 450, 1590, 2190),\n        (\"TD 005\", aksolit_30, 16, 500, 600, 1590, 2190),\n        (\"TD 006\", aksolit_30, 25, 1700, 990, 1990, 2480),\n        (\"TD 007\", aksolit_30, 66, 2000, 1300, 2490, 2980),\n        (\"TD 008\", aksolit_30, 149, 4500, 2300, 3980, 4490),\n        (\"TD 009\", aksolit_30, 166, 5000, 2500, 4990, 5480),\n        pytest.param(\n            \"TD 010\", aksolit_30, 206, 6200, 2900, 5570, 6120,\n            marks=pytest.mark.xfail(reson=\"Цена доставки 3600 7960 8980\")\n        ),\n        (\"TD 011\", aksolit_30, 299, 9000, 3600, 7960, 8980),\n        (\"TD 012\", aksolit_30, 333, 10000, 4450, 11990, 12500),\n        pytest.param(\n            \"TD 013\", aksolit_30, 366, 11000, 4800, 12450, 13480,\n            marks=pytest.mark.xfail(reason=\"Цена стандартной доставки 4450\")\n        ),\n        pytest.param(\n            \"TD 014\", aksolit_30, 666, 20000, 5400, 15600, 17490,\n            marks=pytest.mark.xfail(reason=\"Цена стандартной доставки 4450\")\n        )\n    ])\n    @pytest.mark.xfail\n    @pytest.mark.smoke_test\n    def test_positive_delivery_green_zone_smoke(\n            self, driver, url, case_id, link_item, amount, weight, standard, in_time, all_time\n    ):\n    \n        driver.get(f'{url}{link_item}')\n        item_page = ItemPage(driver)\n>       item_page.add_item_to_cart(amount).click_on_cart()\n\ntests/delivery/test_delivery_calculation.py:50: \n_ _ _ _ _ _ _ _ _ _ _ _ _ _ _ _ _ _ _ _ _ _ _ _ _ _ _ _ _ _ _ _ _ _ _ _ _ _ _ _ \npages/item_page.py:40: in add_item_to_cart\n    self.find_element(self._add_item).click()\nbase/seleniumbase.py:17: in find_element\n    return self.driver.find_element(*locator)\n/usr/local/lib/python3.11/site-packages/selenium/webdriver/remote/webdriver.py:739: in find_element\n    return self.execute(Command.FIND_ELEMENT, {\"using\": by, \"value\": value})[\"value\"]\n/usr/local/lib/python3.11/site-packages/selenium/webdriver/remote/webdriver.py:345: in execute\n    self.error_handler.check_response(response)\n_ _ _ _ _ _ _ _ _ _ _ _ _ _ _ _ _ _ _ _ _ _ _ _ _ _ _ _ _ _ _ _ _ _ _ _ _ _ _ _ \n\nself = <selenium.webdriver.remote.errorhandler.ErrorHandler object at 0x7f9abcd22ed0>\nresponse = {'status': 404, 'value': '{\"value\":{\"error\":\"no such element\",\"message\":\"no such element: Unable to locate element: {\\...\\\\n#16 0x55cf9ccf5170 \\\\u003Cunknown>\\\\n#17 0x55cf9cd04f94 \\\\u003Cunknown>\\\\n#18 0x7f911a633134 \\\\u003Cunknown>\\\\n\"}}'}\n\n    def check_response(self, response: Dict[str, Any]) -> None:\n        \"\"\"Checks that a JSON response from the WebDriver does not have an\n        error.\n    \n        :Args:\n         - response - The JSON response from the WebDriver server as a dictionary\n           object.\n    \n        :Raises: If the response contains an error message.\n        \"\"\"\n        status = response.get(\"status\", None)\n        if not status or status == ErrorCode.SUCCESS:\n            return\n        value = None\n        message = response.get(\"message\", \"\")\n        screen: str = response.get(\"screen\", \"\")\n        stacktrace = None\n        if isinstance(status, int):\n            value_json = response.get(\"value\", None)\n            if value_json and isinstance(value_json, str):\n                import json\n    \n                try:\n                    value = json.loads(value_json)\n                    if len(value) == 1:\n                        value = value[\"value\"]\n                    status = value.get(\"error\", None)\n                    if not status:\n                        status = value.get(\"status\", ErrorCode.UNKNOWN_ERROR)\n                        message = value.get(\"value\") or value.get(\"message\")\n                        if not isinstance(message, str):\n                            value = message\n                            message = message.get(\"message\")\n                    else:\n                        message = value.get(\"message\", None)\n                except ValueError:\n                    pass\n    \n        exception_class: Type[WebDriverException]\n        e = ErrorCode()\n        error_codes = [item for item in dir(e) if not item.startswith(\"__\")]\n        for error_code in error_codes:\n            error_info = getattr(ErrorCode, error_code)\n            if isinstance(error_info, list) and status in error_info:\n                exception_class = getattr(ExceptionMapping, error_code, WebDriverException)\n                break\n        else:\n            exception_class = WebDriverException\n    \n        if not value:\n            value = response[\"value\"]\n        if isinstance(value, str):\n            raise exception_class(value)\n        if message == \"\" and \"message\" in value:\n            message = value[\"message\"]\n    \n        screen = None  # type: ignore[assignment]\n        if \"screen\" in value:\n            screen = value[\"screen\"]\n    \n        stacktrace = None\n        st_value = value.get(\"stackTrace\") or value.get(\"stacktrace\")\n        if st_value:\n            if isinstance(st_value, str):\n                stacktrace = st_value.split(\"\\n\")\n            else:\n                stacktrace = []\n                try:\n                    for frame in st_value:\n                        line = frame.get(\"lineNumber\", \"\")\n                        file = frame.get(\"fileName\", \"<anonymous>\")\n                        if line:\n                            file = f\"{file}:{line}\"\n                        meth = frame.get(\"methodName\", \"<anonymous>\")\n                        if \"className\" in frame:\n                            meth = f\"{frame['className']}.{meth}\"\n                        msg = \"    at %s (%s)\"\n                        msg = msg % (meth, file)\n                        stacktrace.append(msg)\n                except TypeError:\n                    pass\n        if exception_class == UnexpectedAlertPresentException:\n            alert_text = None\n            if \"data\" in value:\n                alert_text = value[\"data\"].get(\"text\")\n            elif \"alert\" in value:\n                alert_text = value[\"alert\"].get(\"text\")\n            raise exception_class(message, screen, stacktrace, alert_text)  # type: ignore[call-arg]  # mypy is not smart enough here\n>       raise exception_class(message, screen, stacktrace)\nE       selenium.common.exceptions.NoSuchElementException: Message: no such element: Unable to locate element: {\"method\":\"xpath\",\"selector\":\"(//a[@class='add-to-cart yellow-btn'])[1]\"}\nE         (Session info: chrome-headless-shell=124.0.6367.201); For documentation on this error, please visit: https://www.selenium.dev/documentation/webdriver/troubleshooting/errors#no-such-element-exception\nE       Stacktrace:\nE       #0 0x55cf9cd05e43 <unknown>\nE       #1 0x55cf9c9f44e7 <unknown>\nE       #2 0x55cf9ca3f35d <unknown>\nE       #3 0x55cf9ca3f411 <unknown>\nE       #4 0x55cf9ca82774 <unknown>\nE       #5 0x55cf9ca6147d <unknown>\nE       #6 0x55cf9ca7fc29 <unknown>\nE       #7 0x55cf9ca611f3 <unknown>\nE       #8 0x55cf9ca3228a <unknown>\nE       #9 0x55cf9ca32c5e <unknown>\nE       #10 0x55cf9ccca16b <unknown>\nE       #11 0x55cf9ccce0bb <unknown>\nE       #12 0x55cf9ccb6281 <unknown>\nE       #13 0x55cf9cccec22 <unknown>\nE       #14 0x55cf9cc9b13f <unknown>\nE       #15 0x55cf9ccf4f98 <unknown>\nE       #16 0x55cf9ccf5170 <unknown>\nE       #17 0x55cf9cd04f94 <unknown>\nE       #18 0x7f911a633134 <unknown>\n\n/usr/local/lib/python3.11/site-packages/selenium/webdriver/remote/errorhandler.py:229: NoSuchElementException","flaky":false,"newFailed":false,"newBroken":false,"newPassed":false,"retriesCount":0,"retriesStatusChange":false,"beforeStages":[{"name":"_session_faker","time":{"start":1715302295272,"stop":1715302295337,"duration":65},"status":"passed","steps":[],"attachments":[],"parameters":[],"shouldDisplayMessage":false,"stepsCount":0,"attachmentsCount":0,"hasContent":false,"attachmentStep":false},{"name":"clear_allure_results_folder","time":{"start":1715302295337,"stop":1715302295337,"duration":0},"status":"passed","steps":[],"attachments":[],"parameters":[],"shouldDisplayMessage":false,"stepsCount":0,"attachmentsCount":0,"hasContent":false,"attachmentStep":false},{"name":"driver","time":{"start":1715302593520,"stop":1715302594207,"duration":687},"status":"passed","steps":[],"attachments":[],"parameters":[],"shouldDisplayMessage":false,"stepsCount":0,"attachmentsCount":0,"hasContent":false,"attachmentStep":false},{"name":"setup","time":{"start":1715302594208,"stop":1715302594208,"duration":0},"status":"passed","steps":[],"attachments":[],"parameters":[],"shouldDisplayMessage":false,"stepsCount":0,"attachmentsCount":0,"hasContent":false,"attachmentStep":false}],"testStage":{"status":"skipped","statusMessage":"XFAIL\n\nselenium.common.exceptions.NoSuchElementException: Message: no such element: Unable to locate element: {\"method\":\"xpath\",\"selector\":\"(//a[@class='add-to-cart yellow-btn'])[1]\"}\n  (Session info: chrome-headless-shell=124.0.6367.201); For documentation on this error, please visit: https://www.selenium.dev/documentation/webdriver/troubleshooting/errors#no-such-element-exception\nStacktrace:\n#0 0x55cf9cd05e43 <unknown>\n#1 0x55cf9c9f44e7 <unknown>\n#2 0x55cf9ca3f35d <unknown>\n#3 0x55cf9ca3f411 <unknown>\n#4 0x55cf9ca82774 <unknown>\n#5 0x55cf9ca6147d <unknown>\n#6 0x55cf9ca7fc29 <unknown>\n#7 0x55cf9ca611f3 <unknown>\n#8 0x55cf9ca3228a <unknown>\n#9 0x55cf9ca32c5e <unknown>\n#10 0x55cf9ccca16b <unknown>\n#11 0x55cf9ccce0bb <unknown>\n#12 0x55cf9ccb6281 <unknown>\n#13 0x55cf9cccec22 <unknown>\n#14 0x55cf9cc9b13f <unknown>\n#15 0x55cf9ccf4f98 <unknown>\n#16 0x55cf9ccf5170 <unknown>\n#17 0x55cf9cd04f94 <unknown>\n#18 0x7f911a633134 <unknown>","statusTrace":"self = <tests.delivery.test_delivery_calculation.TestDeliveryPageCalculation object at 0x7f9abc1dc250>\ndriver = <selenium.webdriver.chrome.webdriver.WebDriver (session=\"007e74edf0ab5b57588d84b9e086dd2e\")>\nurl = 'https://sandboxtest.stroyrem-nn.ru/', case_id = 'TD 009'\nlink_item = 'products/shtukaturka-gipsovaya-aksolit-m50-30-kg-mashinnogo-naneseniya'\namount = 166, weight = 5000, standard = 2500, in_time = 4990, all_time = 5480\n\n    @pytest.mark.parametrize('case_id, link_item, amount, weight, standard, in_time, all_time', [\n        (\"TD 001\", uroven_3000, 1, 30, 0, 1590, 2190),\n        (\"TD 002\", bundeks_25, 1, 30, 400, 1590, 2190),\n        (\"TD 003\", aksolit_30, 8, 300, 400, 1590, 2190),\n        (\"TD 004\", aksolit_30, 13, 400, 450, 1590, 2190),\n        (\"TD 005\", aksolit_30, 16, 500, 600, 1590, 2190),\n        (\"TD 006\", aksolit_30, 25, 1700, 990, 1990, 2480),\n        (\"TD 007\", aksolit_30, 66, 2000, 1300, 2490, 2980),\n        (\"TD 008\", aksolit_30, 149, 4500, 2300, 3980, 4490),\n        (\"TD 009\", aksolit_30, 166, 5000, 2500, 4990, 5480),\n        pytest.param(\n            \"TD 010\", aksolit_30, 206, 6200, 2900, 5570, 6120,\n            marks=pytest.mark.xfail(reson=\"Цена доставки 3600 7960 8980\")\n        ),\n        (\"TD 011\", aksolit_30, 299, 9000, 3600, 7960, 8980),\n        (\"TD 012\", aksolit_30, 333, 10000, 4450, 11990, 12500),\n        pytest.param(\n            \"TD 013\", aksolit_30, 366, 11000, 4800, 12450, 13480,\n            marks=pytest.mark.xfail(reason=\"Цена стандартной доставки 4450\")\n        ),\n        pytest.param(\n            \"TD 014\", aksolit_30, 666, 20000, 5400, 15600, 17490,\n            marks=pytest.mark.xfail(reason=\"Цена стандартной доставки 4450\")\n        )\n    ])\n    @pytest.mark.xfail\n    @pytest.mark.smoke_test\n    def test_positive_delivery_green_zone_smoke(\n            self, driver, url, case_id, link_item, amount, weight, standard, in_time, all_time\n    ):\n    \n        driver.get(f'{url}{link_item}')\n        item_page = ItemPage(driver)\n>       item_page.add_item_to_cart(amount).click_on_cart()\n\ntests/delivery/test_delivery_calculation.py:50: \n_ _ _ _ _ _ _ _ _ _ _ _ _ _ _ _ _ _ _ _ _ _ _ _ _ _ _ _ _ _ _ _ _ _ _ _ _ _ _ _ \npages/item_page.py:40: in add_item_to_cart\n    self.find_element(self._add_item).click()\nbase/seleniumbase.py:17: in find_element\n    return self.driver.find_element(*locator)\n/usr/local/lib/python3.11/site-packages/selenium/webdriver/remote/webdriver.py:739: in find_element\n    return self.execute(Command.FIND_ELEMENT, {\"using\": by, \"value\": value})[\"value\"]\n/usr/local/lib/python3.11/site-packages/selenium/webdriver/remote/webdriver.py:345: in execute\n    self.error_handler.check_response(response)\n_ _ _ _ _ _ _ _ _ _ _ _ _ _ _ _ _ _ _ _ _ _ _ _ _ _ _ _ _ _ _ _ _ _ _ _ _ _ _ _ \n\nself = <selenium.webdriver.remote.errorhandler.ErrorHandler object at 0x7f9abcd22ed0>\nresponse = {'status': 404, 'value': '{\"value\":{\"error\":\"no such element\",\"message\":\"no such element: Unable to locate element: {\\...\\\\n#16 0x55cf9ccf5170 \\\\u003Cunknown>\\\\n#17 0x55cf9cd04f94 \\\\u003Cunknown>\\\\n#18 0x7f911a633134 \\\\u003Cunknown>\\\\n\"}}'}\n\n    def check_response(self, response: Dict[str, Any]) -> None:\n        \"\"\"Checks that a JSON response from the WebDriver does not have an\n        error.\n    \n        :Args:\n         - response - The JSON response from the WebDriver server as a dictionary\n           object.\n    \n        :Raises: If the response contains an error message.\n        \"\"\"\n        status = response.get(\"status\", None)\n        if not status or status == ErrorCode.SUCCESS:\n            return\n        value = None\n        message = response.get(\"message\", \"\")\n        screen: str = response.get(\"screen\", \"\")\n        stacktrace = None\n        if isinstance(status, int):\n            value_json = response.get(\"value\", None)\n            if value_json and isinstance(value_json, str):\n                import json\n    \n                try:\n                    value = json.loads(value_json)\n                    if len(value) == 1:\n                        value = value[\"value\"]\n                    status = value.get(\"error\", None)\n                    if not status:\n                        status = value.get(\"status\", ErrorCode.UNKNOWN_ERROR)\n                        message = value.get(\"value\") or value.get(\"message\")\n                        if not isinstance(message, str):\n                            value = message\n                            message = message.get(\"message\")\n                    else:\n                        message = value.get(\"message\", None)\n                except ValueError:\n                    pass\n    \n        exception_class: Type[WebDriverException]\n        e = ErrorCode()\n        error_codes = [item for item in dir(e) if not item.startswith(\"__\")]\n        for error_code in error_codes:\n            error_info = getattr(ErrorCode, error_code)\n            if isinstance(error_info, list) and status in error_info:\n                exception_class = getattr(ExceptionMapping, error_code, WebDriverException)\n                break\n        else:\n            exception_class = WebDriverException\n    \n        if not value:\n            value = response[\"value\"]\n        if isinstance(value, str):\n            raise exception_class(value)\n        if message == \"\" and \"message\" in value:\n            message = value[\"message\"]\n    \n        screen = None  # type: ignore[assignment]\n        if \"screen\" in value:\n            screen = value[\"screen\"]\n    \n        stacktrace = None\n        st_value = value.get(\"stackTrace\") or value.get(\"stacktrace\")\n        if st_value:\n            if isinstance(st_value, str):\n                stacktrace = st_value.split(\"\\n\")\n            else:\n                stacktrace = []\n                try:\n                    for frame in st_value:\n                        line = frame.get(\"lineNumber\", \"\")\n                        file = frame.get(\"fileName\", \"<anonymous>\")\n                        if line:\n                            file = f\"{file}:{line}\"\n                        meth = frame.get(\"methodName\", \"<anonymous>\")\n                        if \"className\" in frame:\n                            meth = f\"{frame['className']}.{meth}\"\n                        msg = \"    at %s (%s)\"\n                        msg = msg % (meth, file)\n                        stacktrace.append(msg)\n                except TypeError:\n                    pass\n        if exception_class == UnexpectedAlertPresentException:\n            alert_text = None\n            if \"data\" in value:\n                alert_text = value[\"data\"].get(\"text\")\n            elif \"alert\" in value:\n                alert_text = value[\"alert\"].get(\"text\")\n            raise exception_class(message, screen, stacktrace, alert_text)  # type: ignore[call-arg]  # mypy is not smart enough here\n>       raise exception_class(message, screen, stacktrace)\nE       selenium.common.exceptions.NoSuchElementException: Message: no such element: Unable to locate element: {\"method\":\"xpath\",\"selector\":\"(//a[@class='add-to-cart yellow-btn'])[1]\"}\nE         (Session info: chrome-headless-shell=124.0.6367.201); For documentation on this error, please visit: https://www.selenium.dev/documentation/webdriver/troubleshooting/errors#no-such-element-exception\nE       Stacktrace:\nE       #0 0x55cf9cd05e43 <unknown>\nE       #1 0x55cf9c9f44e7 <unknown>\nE       #2 0x55cf9ca3f35d <unknown>\nE       #3 0x55cf9ca3f411 <unknown>\nE       #4 0x55cf9ca82774 <unknown>\nE       #5 0x55cf9ca6147d <unknown>\nE       #6 0x55cf9ca7fc29 <unknown>\nE       #7 0x55cf9ca611f3 <unknown>\nE       #8 0x55cf9ca3228a <unknown>\nE       #9 0x55cf9ca32c5e <unknown>\nE       #10 0x55cf9ccca16b <unknown>\nE       #11 0x55cf9ccce0bb <unknown>\nE       #12 0x55cf9ccb6281 <unknown>\nE       #13 0x55cf9cccec22 <unknown>\nE       #14 0x55cf9cc9b13f <unknown>\nE       #15 0x55cf9ccf4f98 <unknown>\nE       #16 0x55cf9ccf5170 <unknown>\nE       #17 0x55cf9cd04f94 <unknown>\nE       #18 0x7f911a633134 <unknown>\n\n/usr/local/lib/python3.11/site-packages/selenium/webdriver/remote/errorhandler.py:229: NoSuchElementException","steps":[{"name":"Добавляем товар в корзину в количестве 166","time":{"start":1715302594623,"stop":1715302594639,"duration":16},"status":"broken","statusMessage":"selenium.common.exceptions.NoSuchElementException: Message: no such element: Unable to locate element: {\"method\":\"xpath\",\"selector\":\"(//a[@class='add-to-cart yellow-btn'])[1]\"}\n  (Session info: chrome-headless-shell=124.0.6367.201); For documentation on this error, please visit: https://www.selenium.dev/documentation/webdriver/troubleshooting/errors#no-such-element-exception\nStacktrace:\n#0 0x55cf9cd05e43 <unknown>\n#1 0x55cf9c9f44e7 <unknown>\n#2 0x55cf9ca3f35d <unknown>\n#3 0x55cf9ca3f411 <unknown>\n#4 0x55cf9ca82774 <unknown>\n#5 0x55cf9ca6147d <unknown>\n#6 0x55cf9ca7fc29 <unknown>\n#7 0x55cf9ca611f3 <unknown>\n#8 0x55cf9ca3228a <unknown>\n#9 0x55cf9ca32c5e <unknown>\n#10 0x55cf9ccca16b <unknown>\n#11 0x55cf9ccce0bb <unknown>\n#12 0x55cf9ccb6281 <unknown>\n#13 0x55cf9cccec22 <unknown>\n#14 0x55cf9cc9b13f <unknown>\n#15 0x55cf9ccf4f98 <unknown>\n#16 0x55cf9ccf5170 <unknown>\n#17 0x55cf9cd04f94 <unknown>\n#18 0x7f911a633134 <unknown>\n\n","statusTrace":"  File \"/usr/local/lib/python3.11/site-packages/allure_commons/_allure.py\", line 192, in impl\n    return func(*a, **kw)\n           ^^^^^^^^^^^^^^\n  File \"/app/pages/item_page.py\", line 40, in add_item_to_cart\n    self.find_element(self._add_item).click()\n    ^^^^^^^^^^^^^^^^^^^^^^^^^^^^^^^^^\n  File \"/app/base/seleniumbase.py\", line 17, in find_element\n    return self.driver.find_element(*locator)\n           ^^^^^^^^^^^^^^^^^^^^^^^^^^^^^^^^^^\n  File \"/usr/local/lib/python3.11/site-packages/selenium/webdriver/remote/webdriver.py\", line 739, in find_element\n    return self.execute(Command.FIND_ELEMENT, {\"using\": by, \"value\": value})[\"value\"]\n           ^^^^^^^^^^^^^^^^^^^^^^^^^^^^^^^^^^^^^^^^^^^^^^^^^^^^^^^^^^^^^^^^^\n  File \"/usr/local/lib/python3.11/site-packages/selenium/webdriver/remote/webdriver.py\", line 345, in execute\n    self.error_handler.check_response(response)\n  File \"/usr/local/lib/python3.11/site-packages/selenium/webdriver/remote/errorhandler.py\", line 229, in check_response\n    raise exception_class(message, screen, stacktrace)\n","steps":[],"attachments":[],"parameters":[{"name":"amount","value":"166"}],"shouldDisplayMessage":true,"stepsCount":0,"attachmentsCount":0,"hasContent":true,"attachmentStep":false}],"attachments":[{"uid":"2a4903029ada7d8","name":"Screenshot","source":"2a4903029ada7d8.png","type":"image/png","size":5862},{"uid":"5d5099fb2d137947","name":"HTML source","source":"5d5099fb2d137947.html","type":"text/html","size":39}],"parameters":[],"shouldDisplayMessage":true,"stepsCount":1,"attachmentsCount":2,"hasContent":true,"attachmentStep":false},"afterStages":[{"name":"setup::0","time":{"start":1715302594743,"stop":1715302594743,"duration":0},"status":"passed","steps":[],"attachments":[],"parameters":[],"shouldDisplayMessage":false,"stepsCount":0,"attachmentsCount":0,"hasContent":false,"attachmentStep":false},{"name":"driver::0","time":{"start":1715302594743,"stop":1715302594802,"duration":59},"status":"passed","steps":[],"attachments":[],"parameters":[],"shouldDisplayMessage":false,"stepsCount":0,"attachmentsCount":0,"hasContent":false,"attachmentStep":false}],"labels":[{"name":"epic","value":"Delivery Page - calculation"},{"name":"tag","value":"smoke_test"},{"name":"tag","value":"@pytest.mark.xfail"},{"name":"parentSuite","value":"tests.delivery"},{"name":"suite","value":"test_delivery_calculation"},{"name":"subSuite","value":"TestDeliveryPageCalculation"},{"name":"host","value":"782b14f642e3"},{"name":"thread","value":"1-MainThread"},{"name":"framework","value":"pytest"},{"name":"language","value":"cpython3"},{"name":"package","value":"tests.delivery.test_delivery_calculation"},{"name":"resultFormat","value":"allure2"}],"parameters":[{"name":"all_time","value":"5480"},{"name":"amount","value":"166"},{"name":"case_id","value":"'TD 009'"},{"name":"in_time","value":"4990"},{"name":"link_item","value":"'products/shtukaturka-gipsovaya-aksolit-m50-30-kg-mashinnogo-naneseniya'"},{"name":"standard","value":"2500"},{"name":"url","value":"'https://sandboxtest.stroyrem-nn.ru/'"},{"name":"weight","value":"5000"}],"links":[],"hidden":false,"retry":false,"extra":{"severity":"normal","retries":[],"categories":[],"history":{"statistic":{"failed":0,"broken":13,"skipped":242,"passed":0,"unknown":0,"total":255},"items":[{"uid":"b94d0e1ac005484f","reportUrl":"https://Nat754.github.io/StroyremAutomation/302//#testresult/b94d0e1ac005484f","status":"skipped","statusDetails":"XFAIL\n\nselenium.common.exceptions.NoSuchElementException: Message: no such element: Unable to locate element: {\"method\":\"xpath\",\"selector\":\"(//a[@class='add-to-cart yellow-btn'])[1]\"}\n  (Session info: chrome-headless-shell=124.0.6367.155); For documentation on this error, please visit: https://www.selenium.dev/documentation/webdriver/troubleshooting/errors#no-such-element-exception\nStacktrace:\n#0 0x56149c0b9df3 <unknown>\n#1 0x56149bda84e7 <unknown>\n#2 0x56149bdf335d <unknown>\n#3 0x56149bdf3411 <unknown>\n#4 0x56149be36774 <unknown>\n#5 0x56149be1547d <unknown>\n#6 0x56149be33c29 <unknown>\n#7 0x56149be151f3 <unknown>\n#8 0x56149bde628a <unknown>\n#9 0x56149bde6c5e <unknown>\n#10 0x56149c07e11b <unknown>\n#11 0x56149c08206b <unknown>\n#12 0x56149c06a231 <unknown>\n#13 0x56149c082bd2 <unknown>\n#14 0x56149c04f0ef <unknown>\n#15 0x56149c0a8f48 <unknown>\n#16 0x56149c0a9120 <unknown>\n#17 0x56149c0b8f44 <unknown>\n#18 0x7feec6809134 <unknown>","time":{"start":1715216109177,"stop":1715216109473,"duration":296}},{"uid":"ff9957ab6b43792e","reportUrl":"https://Nat754.github.io/StroyremAutomation/301//#testresult/ff9957ab6b43792e","status":"skipped","statusDetails":"XFAIL\n\nselenium.common.exceptions.NoSuchElementException: Message: no such element: Unable to locate element: {\"method\":\"xpath\",\"selector\":\"(//a[@class='add-to-cart yellow-btn'])[1]\"}\n  (Session info: chrome-headless-shell=124.0.6367.155); For documentation on this error, please visit: https://www.selenium.dev/documentation/webdriver/troubleshooting/errors#no-such-element-exception\nStacktrace:\n#0 0x561a62083df3 <unknown>\n#1 0x561a61d724e7 <unknown>\n#2 0x561a61dbd35d <unknown>\n#3 0x561a61dbd411 <unknown>\n#4 0x561a61e00774 <unknown>\n#5 0x561a61ddf47d <unknown>\n#6 0x561a61dfdc29 <unknown>\n#7 0x561a61ddf1f3 <unknown>\n#8 0x561a61db028a <unknown>\n#9 0x561a61db0c5e <unknown>\n#10 0x561a6204811b <unknown>\n#11 0x561a6204c06b <unknown>\n#12 0x561a62034231 <unknown>\n#13 0x561a6204cbd2 <unknown>\n#14 0x561a620190ef <unknown>\n#15 0x561a62072f48 <unknown>\n#16 0x561a62073120 <unknown>\n#17 0x561a62082f44 <unknown>\n#18 0x7f6590815134 <unknown>","time":{"start":1715129202951,"stop":1715129203563,"duration":612}},{"uid":"3bb364bce91d16e7","reportUrl":"https://Nat754.github.io/StroyremAutomation/300//#testresult/3bb364bce91d16e7","status":"skipped","statusDetails":"XFAIL\n\nselenium.common.exceptions.NoSuchElementException: Message: no such element: Unable to locate element: {\"method\":\"xpath\",\"selector\":\"(//a[@class='add-to-cart yellow-btn'])[1]\"}\n  (Session info: chrome-headless-shell=124.0.6367.91); For documentation on this error, please visit: https://www.selenium.dev/documentation/webdriver/troubleshooting/errors#no-such-element-exception\nStacktrace:\n#0 0x5572455a7cb3 <unknown>\n#1 0x5572452964a7 <unknown>\n#2 0x5572452e131d <unknown>\n#3 0x5572452e13d1 <unknown>\n#4 0x557245324734 <unknown>\n#5 0x55724530343d <unknown>\n#6 0x557245321be9 <unknown>\n#7 0x5572453031b3 <unknown>\n#8 0x5572452d424a <unknown>\n#9 0x5572452d4c1e <unknown>\n#10 0x55724556bfdb <unknown>\n#11 0x55724556ff2b <unknown>\n#12 0x5572455580f1 <unknown>\n#13 0x557245570a92 <unknown>\n#14 0x55724553cfaf <unknown>\n#15 0x557245596e08 <unknown>\n#16 0x557245596fe0 <unknown>\n#17 0x5572455a6e04 <unknown>\n#18 0x7f7a45b5a134 <unknown>","time":{"start":1715043290703,"stop":1715043291243,"duration":540}},{"uid":"bc92cb5fb2df113e","reportUrl":"https://Nat754.github.io/StroyremAutomation/299//#testresult/bc92cb5fb2df113e","status":"skipped","statusDetails":"XFAIL\n\nselenium.common.exceptions.NoSuchElementException: Message: no such element: Unable to locate element: {\"method\":\"xpath\",\"selector\":\"(//a[@class='add-to-cart yellow-btn'])[1]\"}\n  (Session info: chrome-headless-shell=124.0.6367.91); For documentation on this error, please visit: https://www.selenium.dev/documentation/webdriver/troubleshooting/errors#no-such-element-exception\nStacktrace:\n#0 0x55f6dac29cb3 <unknown>\n#1 0x55f6da9184a7 <unknown>\n#2 0x55f6da96331d <unknown>\n#3 0x55f6da9633d1 <unknown>\n#4 0x55f6da9a6734 <unknown>\n#5 0x55f6da98543d <unknown>\n#6 0x55f6da9a3be9 <unknown>\n#7 0x55f6da9851b3 <unknown>\n#8 0x55f6da95624a <unknown>\n#9 0x55f6da956c1e <unknown>\n#10 0x55f6dabedfdb <unknown>\n#11 0x55f6dabf1f2b <unknown>\n#12 0x55f6dabda0f1 <unknown>\n#13 0x55f6dabf2a92 <unknown>\n#14 0x55f6dabbefaf <unknown>\n#15 0x55f6dac18e08 <unknown>\n#16 0x55f6dac18fe0 <unknown>\n#17 0x55f6dac28e04 <unknown>\n#18 0x7fc85e8b8134 <unknown>","time":{"start":1714956946993,"stop":1714956947290,"duration":297}},{"uid":"f55d1387ed2f620a","reportUrl":"https://Nat754.github.io/StroyremAutomation/298//#testresult/f55d1387ed2f620a","status":"skipped","statusDetails":"XFAIL\n\nselenium.common.exceptions.NoSuchElementException: Message: no such element: Unable to locate element: {\"method\":\"xpath\",\"selector\":\"(//a[@class='add-to-cart yellow-btn'])[1]\"}\n  (Session info: chrome-headless-shell=124.0.6367.91); For documentation on this error, please visit: https://www.selenium.dev/documentation/webdriver/troubleshooting/errors#no-such-element-exception\nStacktrace:\n#0 0x5624801e1cb3 <unknown>\n#1 0x56247fed04a7 <unknown>\n#2 0x56247ff1b31d <unknown>\n#3 0x56247ff1b3d1 <unknown>\n#4 0x56247ff5e734 <unknown>\n#5 0x56247ff3d43d <unknown>\n#6 0x56247ff5bbe9 <unknown>\n#7 0x56247ff3d1b3 <unknown>\n#8 0x56247ff0e24a <unknown>\n#9 0x56247ff0ec1e <unknown>\n#10 0x5624801a5fdb <unknown>\n#11 0x5624801a9f2b <unknown>\n#12 0x5624801920f1 <unknown>\n#13 0x5624801aaa92 <unknown>\n#14 0x562480176faf <unknown>\n#15 0x5624801d0e08 <unknown>\n#16 0x5624801d0fe0 <unknown>\n#17 0x5624801e0e04 <unknown>\n#18 0x7fe7a8797134 <unknown>","time":{"start":1714870680670,"stop":1714870681230,"duration":560}},{"uid":"589d6a9527822667","reportUrl":"https://Nat754.github.io/StroyremAutomation/297//#testresult/589d6a9527822667","status":"skipped","statusDetails":"XFAIL\n\nselenium.common.exceptions.NoSuchElementException: Message: no such element: Unable to locate element: {\"method\":\"xpath\",\"selector\":\"(//a[@class='add-to-cart yellow-btn'])[1]\"}\n  (Session info: chrome-headless-shell=124.0.6367.91); For documentation on this error, please visit: https://www.selenium.dev/documentation/webdriver/troubleshooting/errors#no-such-element-exception\nStacktrace:\n#0 0x55d24de88cb3 <unknown>\n#1 0x55d24db774a7 <unknown>\n#2 0x55d24dbc231d <unknown>\n#3 0x55d24dbc23d1 <unknown>\n#4 0x55d24dc05734 <unknown>\n#5 0x55d24dbe443d <unknown>\n#6 0x55d24dc02be9 <unknown>\n#7 0x55d24dbe41b3 <unknown>\n#8 0x55d24dbb524a <unknown>\n#9 0x55d24dbb5c1e <unknown>\n#10 0x55d24de4cfdb <unknown>\n#11 0x55d24de50f2b <unknown>\n#12 0x55d24de390f1 <unknown>\n#13 0x55d24de51a92 <unknown>\n#14 0x55d24de1dfaf <unknown>\n#15 0x55d24de77e08 <unknown>\n#16 0x55d24de77fe0 <unknown>\n#17 0x55d24de87e04 <unknown>\n#18 0x7fcefde77134 <unknown>","time":{"start":1714784071896,"stop":1714784072444,"duration":548}},{"uid":"2baf850b13c09271","reportUrl":"https://Nat754.github.io/StroyremAutomation/296//#testresult/2baf850b13c09271","status":"skipped","statusDetails":"XFAIL\n\nselenium.common.exceptions.NoSuchElementException: Message: no such element: Unable to locate element: {\"method\":\"xpath\",\"selector\":\"(//a[@class='add-to-cart yellow-btn'])[1]\"}\n  (Session info: chrome-headless-shell=124.0.6367.91); For documentation on this error, please visit: https://www.selenium.dev/documentation/webdriver/troubleshooting/errors#no-such-element-exception\nStacktrace:\n#0 0x55e8bbfffcb3 <unknown>\n#1 0x55e8bbcee4a7 <unknown>\n#2 0x55e8bbd3931d <unknown>\n#3 0x55e8bbd393d1 <unknown>\n#4 0x55e8bbd7c734 <unknown>\n#5 0x55e8bbd5b43d <unknown>\n#6 0x55e8bbd79be9 <unknown>\n#7 0x55e8bbd5b1b3 <unknown>\n#8 0x55e8bbd2c24a <unknown>\n#9 0x55e8bbd2cc1e <unknown>\n#10 0x55e8bbfc3fdb <unknown>\n#11 0x55e8bbfc7f2b <unknown>\n#12 0x55e8bbfb00f1 <unknown>\n#13 0x55e8bbfc8a92 <unknown>\n#14 0x55e8bbf94faf <unknown>\n#15 0x55e8bbfeee08 <unknown>\n#16 0x55e8bbfeefe0 <unknown>\n#17 0x55e8bbffee04 <unknown>\n#18 0x7f6478d86134 <unknown>","time":{"start":1714697875650,"stop":1714697875984,"duration":334}},{"uid":"77652b757951aa9a","reportUrl":"https://Nat754.github.io/StroyremAutomation/295//#testresult/77652b757951aa9a","status":"skipped","statusDetails":"XFAIL\n\nselenium.common.exceptions.NoSuchElementException: Message: no such element: Unable to locate element: {\"method\":\"xpath\",\"selector\":\"(//a[@class='add-to-cart yellow-btn'])[1]\"}\n  (Session info: chrome-headless-shell=124.0.6367.91); For documentation on this error, please visit: https://www.selenium.dev/documentation/webdriver/troubleshooting/errors#no-such-element-exception\nStacktrace:\n#0 0x555c7f2cfcb3 <unknown>\n#1 0x555c7efbe4a7 <unknown>\n#2 0x555c7f00931d <unknown>\n#3 0x555c7f0093d1 <unknown>\n#4 0x555c7f04c734 <unknown>\n#5 0x555c7f02b43d <unknown>\n#6 0x555c7f049be9 <unknown>\n#7 0x555c7f02b1b3 <unknown>\n#8 0x555c7effc24a <unknown>\n#9 0x555c7effcc1e <unknown>\n#10 0x555c7f293fdb <unknown>\n#11 0x555c7f297f2b <unknown>\n#12 0x555c7f2800f1 <unknown>\n#13 0x555c7f298a92 <unknown>\n#14 0x555c7f264faf <unknown>\n#15 0x555c7f2bee08 <unknown>\n#16 0x555c7f2befe0 <unknown>\n#17 0x555c7f2cee04 <unknown>\n#18 0x7fef78b13134 <unknown>","time":{"start":1714611222233,"stop":1714611222532,"duration":299}},{"uid":"c9bc40a20b3e9f8e","reportUrl":"https://Nat754.github.io/StroyremAutomation/294//#testresult/c9bc40a20b3e9f8e","status":"skipped","statusDetails":"XFAIL\n\nselenium.common.exceptions.NoSuchElementException: Message: no such element: Unable to locate element: {\"method\":\"xpath\",\"selector\":\"(//a[@class='add-to-cart yellow-btn'])[1]\"}\n  (Session info: chrome-headless-shell=124.0.6367.91); For documentation on this error, please visit: https://www.selenium.dev/documentation/webdriver/troubleshooting/errors#no-such-element-exception\nStacktrace:\n#0 0x56042eabfcb3 <unknown>\n#1 0x56042e7ae4a7 <unknown>\n#2 0x56042e7f931d <unknown>\n#3 0x56042e7f93d1 <unknown>\n#4 0x56042e83c734 <unknown>\n#5 0x56042e81b43d <unknown>\n#6 0x56042e839be9 <unknown>\n#7 0x56042e81b1b3 <unknown>\n#8 0x56042e7ec24a <unknown>\n#9 0x56042e7ecc1e <unknown>\n#10 0x56042ea83fdb <unknown>\n#11 0x56042ea87f2b <unknown>\n#12 0x56042ea700f1 <unknown>\n#13 0x56042ea88a92 <unknown>\n#14 0x56042ea54faf <unknown>\n#15 0x56042eaaee08 <unknown>\n#16 0x56042eaaefe0 <unknown>\n#17 0x56042eabee04 <unknown>\n#18 0x7fc191332134 <unknown>","time":{"start":1714525092055,"stop":1714525092586,"duration":531}},{"uid":"7b7e888e3e9623c8","reportUrl":"https://Nat754.github.io/StroyremAutomation/293//#testresult/7b7e888e3e9623c8","status":"skipped","statusDetails":"XFAIL\n\nselenium.common.exceptions.NoSuchElementException: Message: no such element: Unable to locate element: {\"method\":\"xpath\",\"selector\":\"(//a[@class='add-to-cart yellow-btn'])[1]\"}\n  (Session info: chrome-headless-shell=124.0.6367.91); For documentation on this error, please visit: https://www.selenium.dev/documentation/webdriver/troubleshooting/errors#no-such-element-exception\nStacktrace:\n#0 0x56155aa60cb3 <unknown>\n#1 0x56155a74f4a7 <unknown>\n#2 0x56155a79a31d <unknown>\n#3 0x56155a79a3d1 <unknown>\n#4 0x56155a7dd734 <unknown>\n#5 0x56155a7bc43d <unknown>\n#6 0x56155a7dabe9 <unknown>\n#7 0x56155a7bc1b3 <unknown>\n#8 0x56155a78d24a <unknown>\n#9 0x56155a78dc1e <unknown>\n#10 0x56155aa24fdb <unknown>\n#11 0x56155aa28f2b <unknown>\n#12 0x56155aa110f1 <unknown>\n#13 0x56155aa29a92 <unknown>\n#14 0x56155a9f5faf <unknown>\n#15 0x56155aa4fe08 <unknown>\n#16 0x56155aa4ffe0 <unknown>\n#17 0x56155aa5fe04 <unknown>\n#18 0x7f030adad134 <unknown>","time":{"start":1714438446146,"stop":1714438446562,"duration":416}},{"uid":"f284941560cb119c","reportUrl":"https://Nat754.github.io/StroyremAutomation/292//#testresult/f284941560cb119c","status":"skipped","statusDetails":"XFAIL\n\nselenium.common.exceptions.NoSuchElementException: Message: no such element: Unable to locate element: {\"method\":\"xpath\",\"selector\":\"(//a[@class='add-to-cart yellow-btn'])[1]\"}\n  (Session info: chrome-headless-shell=124.0.6367.91); For documentation on this error, please visit: https://www.selenium.dev/documentation/webdriver/troubleshooting/errors#no-such-element-exception\nStacktrace:\n#0 0x55fa057c1cb3 <unknown>\n#1 0x55fa054b04a7 <unknown>\n#2 0x55fa054fb31d <unknown>\n#3 0x55fa054fb3d1 <unknown>\n#4 0x55fa0553e734 <unknown>\n#5 0x55fa0551d43d <unknown>\n#6 0x55fa0553bbe9 <unknown>\n#7 0x55fa0551d1b3 <unknown>\n#8 0x55fa054ee24a <unknown>\n#9 0x55fa054eec1e <unknown>\n#10 0x55fa05785fdb <unknown>\n#11 0x55fa05789f2b <unknown>\n#12 0x55fa057720f1 <unknown>\n#13 0x55fa0578aa92 <unknown>\n#14 0x55fa05756faf <unknown>\n#15 0x55fa057b0e08 <unknown>\n#16 0x55fa057b0fe0 <unknown>\n#17 0x55fa057c0e04 <unknown>\n#18 0x7f017f500134 <unknown>","time":{"start":1714352138538,"stop":1714352138833,"duration":295}},{"uid":"d4b2deba11708c53","reportUrl":"https://Nat754.github.io/StroyremAutomation/291//#testresult/d4b2deba11708c53","status":"skipped","statusDetails":"XFAIL\n\nselenium.common.exceptions.NoSuchElementException: Message: no such element: Unable to locate element: {\"method\":\"xpath\",\"selector\":\"(//a[@class='add-to-cart yellow-btn'])[1]\"}\n  (Session info: chrome-headless-shell=124.0.6367.91); For documentation on this error, please visit: https://www.selenium.dev/documentation/webdriver/troubleshooting/errors#no-such-element-exception\nStacktrace:\n#0 0x563da69abcb3 <unknown>\n#1 0x563da669a4a7 <unknown>\n#2 0x563da66e531d <unknown>\n#3 0x563da66e53d1 <unknown>\n#4 0x563da6728734 <unknown>\n#5 0x563da670743d <unknown>\n#6 0x563da6725be9 <unknown>\n#7 0x563da67071b3 <unknown>\n#8 0x563da66d824a <unknown>\n#9 0x563da66d8c1e <unknown>\n#10 0x563da696ffdb <unknown>\n#11 0x563da6973f2b <unknown>\n#12 0x563da695c0f1 <unknown>\n#13 0x563da6974a92 <unknown>\n#14 0x563da6940faf <unknown>\n#15 0x563da699ae08 <unknown>\n#16 0x563da699afe0 <unknown>\n#17 0x563da69aae04 <unknown>\n#18 0x7f590dadf134 <unknown>","time":{"start":1714265945395,"stop":1714265945783,"duration":388}},{"uid":"255e537dfff9f1c1","reportUrl":"https://Nat754.github.io/StroyremAutomation/290//#testresult/255e537dfff9f1c1","status":"skipped","statusDetails":"XFAIL\n\nselenium.common.exceptions.NoSuchElementException: Message: no such element: Unable to locate element: {\"method\":\"xpath\",\"selector\":\"(//a[@class='add-to-cart yellow-btn'])[1]\"}\n  (Session info: chrome-headless-shell=124.0.6367.91); For documentation on this error, please visit: https://www.selenium.dev/documentation/webdriver/troubleshooting/errors#no-such-element-exception\nStacktrace:\n#0 0x55aa48085cb3 <unknown>\n#1 0x55aa47d744a7 <unknown>\n#2 0x55aa47dbf31d <unknown>\n#3 0x55aa47dbf3d1 <unknown>\n#4 0x55aa47e02734 <unknown>\n#5 0x55aa47de143d <unknown>\n#6 0x55aa47dffbe9 <unknown>\n#7 0x55aa47de11b3 <unknown>\n#8 0x55aa47db224a <unknown>\n#9 0x55aa47db2c1e <unknown>\n#10 0x55aa48049fdb <unknown>\n#11 0x55aa4804df2b <unknown>\n#12 0x55aa480360f1 <unknown>\n#13 0x55aa4804ea92 <unknown>\n#14 0x55aa4801afaf <unknown>\n#15 0x55aa48074e08 <unknown>\n#16 0x55aa48074fe0 <unknown>\n#17 0x55aa48084e04 <unknown>\n#18 0x7f48d304c134 <unknown>","time":{"start":1714179245673,"stop":1714179246102,"duration":429}},{"uid":"2a7cc2607244ddf0","reportUrl":"https://Nat754.github.io/StroyremAutomation/289//#testresult/2a7cc2607244ddf0","status":"skipped","statusDetails":"XFAIL\n\nselenium.common.exceptions.NoSuchElementException: Message: no such element: Unable to locate element: {\"method\":\"xpath\",\"selector\":\"(//a[@class='add-to-cart yellow-btn'])[1]\"}\n  (Session info: chrome-headless-shell=124.0.6367.91); For documentation on this error, please visit: https://www.selenium.dev/documentation/webdriver/troubleshooting/errors#no-such-element-exception\nStacktrace:\n#0 0x564038472cb3 <unknown>\n#1 0x5640381614a7 <unknown>\n#2 0x5640381ac31d <unknown>\n#3 0x5640381ac3d1 <unknown>\n#4 0x5640381ef734 <unknown>\n#5 0x5640381ce43d <unknown>\n#6 0x5640381ecbe9 <unknown>\n#7 0x5640381ce1b3 <unknown>\n#8 0x56403819f24a <unknown>\n#9 0x56403819fc1e <unknown>\n#10 0x564038436fdb <unknown>\n#11 0x56403843af2b <unknown>\n#12 0x5640384230f1 <unknown>\n#13 0x56403843ba92 <unknown>\n#14 0x564038407faf <unknown>\n#15 0x564038461e08 <unknown>\n#16 0x564038461fe0 <unknown>\n#17 0x564038471e04 <unknown>\n#18 0x7efc27145134 <unknown>","time":{"start":1714092888493,"stop":1714092889125,"duration":632}},{"uid":"ed596041c4e0dae1","reportUrl":"https://Nat754.github.io/StroyremAutomation/288//#testresult/ed596041c4e0dae1","status":"skipped","statusDetails":"XFAIL\n\nselenium.common.exceptions.NoSuchElementException: Message: no such element: Unable to locate element: {\"method\":\"xpath\",\"selector\":\"(//a[@class='add-to-cart yellow-btn'])[1]\"}\n  (Session info: chrome-headless-shell=124.0.6367.78); For documentation on this error, please visit: https://www.selenium.dev/documentation/webdriver/troubleshooting/errors#no-such-element-exception\nStacktrace:\n#0 0x55b4e87ddce3 <unknown>\n#1 0x55b4e84cc4a7 <unknown>\n#2 0x55b4e851731d <unknown>\n#3 0x55b4e85173d1 <unknown>\n#4 0x55b4e855a734 <unknown>\n#5 0x55b4e853943d <unknown>\n#6 0x55b4e8557be9 <unknown>\n#7 0x55b4e85391b3 <unknown>\n#8 0x55b4e850a24a <unknown>\n#9 0x55b4e850ac1e <unknown>\n#10 0x55b4e87a200b <unknown>\n#11 0x55b4e87a5f5b <unknown>\n#12 0x55b4e878e121 <unknown>\n#13 0x55b4e87a6ac2 <unknown>\n#14 0x55b4e8772fdf <unknown>\n#15 0x55b4e87cce38 <unknown>\n#16 0x55b4e87cd010 <unknown>\n#17 0x55b4e87dce34 <unknown>\n#18 0x7fa857b03134 <unknown>","time":{"start":1714008228622,"stop":1714008229234,"duration":612}},{"uid":"b43d4402ae47f74c","reportUrl":"https://Nat754.github.io/StroyremAutomation/287//#testresult/b43d4402ae47f74c","status":"skipped","statusDetails":"XFAIL\n\nselenium.common.exceptions.NoSuchElementException: Message: no such element: Unable to locate element: {\"method\":\"xpath\",\"selector\":\"(//a[@class='add-to-cart yellow-btn'])[1]\"}\n  (Session info: chrome-headless-shell=124.0.6367.78); For documentation on this error, please visit: https://www.selenium.dev/documentation/webdriver/troubleshooting/errors#no-such-element-exception\nStacktrace:\n#0 0x556836b21ce3 <unknown>\n#1 0x5568368104a7 <unknown>\n#2 0x55683685b31d <unknown>\n#3 0x55683685b3d1 <unknown>\n#4 0x55683689e734 <unknown>\n#5 0x55683687d43d <unknown>\n#6 0x55683689bbe9 <unknown>\n#7 0x55683687d1b3 <unknown>\n#8 0x55683684e24a <unknown>\n#9 0x55683684ec1e <unknown>\n#10 0x556836ae600b <unknown>\n#11 0x556836ae9f5b <unknown>\n#12 0x556836ad2121 <unknown>\n#13 0x556836aeaac2 <unknown>\n#14 0x556836ab6fdf <unknown>\n#15 0x556836b10e38 <unknown>\n#16 0x556836b11010 <unknown>\n#17 0x556836b20e34 <unknown>\n#18 0x7f06895a8134 <unknown>","time":{"start":1713920007825,"stop":1713920008467,"duration":642}},{"uid":"80c2122c84348b4c","reportUrl":"https://Nat754.github.io/StroyremAutomation/286//#testresult/80c2122c84348b4c","status":"skipped","statusDetails":"XFAIL\n\nselenium.common.exceptions.NoSuchElementException: Message: no such element: Unable to locate element: {\"method\":\"xpath\",\"selector\":\"(//a[@class='add-to-cart yellow-btn'])[1]\"}\n  (Session info: chrome-headless-shell=124.0.6367.60); For documentation on this error, please visit: https://www.selenium.dev/documentation/webdriver/troubleshooting/errors#no-such-element-exception\nStacktrace:\n#0 0x564aa24d0e33 <unknown>\n#1 0x564aa21c0567 <unknown>\n#2 0x564aa220b27d <unknown>\n#3 0x564aa220b331 <unknown>\n#4 0x564aa224e624 <unknown>\n#5 0x564aa222d38d <unknown>\n#6 0x564aa224bae2 <unknown>\n#7 0x564aa222d103 <unknown>\n#8 0x564aa21fe1ba <unknown>\n#9 0x564aa21feb8e <unknown>\n#10 0x564aa249559b <unknown>\n#11 0x564aa249934b <unknown>\n#12 0x564aa2481681 <unknown>\n#13 0x564aa2499eb2 <unknown>\n#14 0x564aa24666af <unknown>\n#15 0x564aa24c0428 <unknown>\n#16 0x564aa24c0600 <unknown>\n#17 0x564aa24cff84 <unknown>\n#18 0x7fb423621134 <unknown>","time":{"start":1713833654368,"stop":1713833654992,"duration":624}},{"uid":"d699bd88229e476e","reportUrl":"https://Nat754.github.io/StroyremAutomation/285//#testresult/d699bd88229e476e","status":"skipped","statusDetails":"XFAIL\n\nselenium.common.exceptions.NoSuchElementException: Message: no such element: Unable to locate element: {\"method\":\"xpath\",\"selector\":\"(//a[@class='add-to-cart yellow-btn'])[1]\"}\n  (Session info: chrome-headless-shell=123.0.6312.122); For documentation on this error, please visit: https://www.selenium.dev/documentation/webdriver/troubleshooting/errors#no-such-element-exception\nStacktrace:\n#0 0x55dc4a946863 <unknown>\n#1 0x55dc4a63c8c6 <unknown>\n#2 0x55dc4a687618 <unknown>\n#3 0x55dc4a6876d1 <unknown>\n#4 0x55dc4a6ca744 <unknown>\n#5 0x55dc4a6a95cd <unknown>\n#6 0x55dc4a6c7c19 <unknown>\n#7 0x55dc4a6a9343 <unknown>\n#8 0x55dc4a67a593 <unknown>\n#9 0x55dc4a67af5e <unknown>\n#10 0x55dc4a90a84b <unknown>\n#11 0x55dc4a90e7a5 <unknown>\n#12 0x55dc4a8f8571 <unknown>\n#13 0x55dc4a90f332 <unknown>\n#14 0x55dc4a8dd87f <unknown>\n#15 0x55dc4a935728 <unknown>\n#16 0x55dc4a9358fb <unknown>\n#17 0x55dc4a9459b4 <unknown>\n#18 0x7f6727263134 <unknown>","time":{"start":1713747373438,"stop":1713747373871,"duration":433}},{"uid":"4030f74905fde20e","reportUrl":"https://Nat754.github.io/StroyremAutomation/284//#testresult/4030f74905fde20e","status":"skipped","statusDetails":"XFAIL\n\nselenium.common.exceptions.NoSuchElementException: Message: no such element: Unable to locate element: {\"method\":\"xpath\",\"selector\":\"(//a[@class='add-to-cart yellow-btn'])[1]\"}\n  (Session info: chrome-headless-shell=123.0.6312.122); For documentation on this error, please visit: https://www.selenium.dev/documentation/webdriver/troubleshooting/errors#no-such-element-exception\nStacktrace:\n#0 0x55565a045863 <unknown>\n#1 0x555659d3b8c6 <unknown>\n#2 0x555659d86618 <unknown>\n#3 0x555659d866d1 <unknown>\n#4 0x555659dc9744 <unknown>\n#5 0x555659da85cd <unknown>\n#6 0x555659dc6c19 <unknown>\n#7 0x555659da8343 <unknown>\n#8 0x555659d79593 <unknown>\n#9 0x555659d79f5e <unknown>\n#10 0x55565a00984b <unknown>\n#11 0x55565a00d7a5 <unknown>\n#12 0x555659ff7571 <unknown>\n#13 0x55565a00e332 <unknown>\n#14 0x555659fdc87f <unknown>\n#15 0x55565a034728 <unknown>\n#16 0x55565a0348fb <unknown>\n#17 0x55565a0449b4 <unknown>\n#18 0x7fe6c7b05134 <unknown>","time":{"start":1713661079070,"stop":1713661079454,"duration":384}},{"uid":"fe3de33c7ebd159b","reportUrl":"https://Nat754.github.io/StroyremAutomation/283//#testresult/fe3de33c7ebd159b","status":"skipped","statusDetails":"XFAIL\n\nselenium.common.exceptions.NoSuchElementException: Message: no such element: Unable to locate element: {\"method\":\"xpath\",\"selector\":\"(//a[@class='add-to-cart yellow-btn'])[1]\"}\n  (Session info: chrome-headless-shell=123.0.6312.122); For documentation on this error, please visit: https://www.selenium.dev/documentation/webdriver/troubleshooting/errors#no-such-element-exception\nStacktrace:\n#0 0x55de7becd863 <unknown>\n#1 0x55de7bbc38c6 <unknown>\n#2 0x55de7bc0e618 <unknown>\n#3 0x55de7bc0e6d1 <unknown>\n#4 0x55de7bc51744 <unknown>\n#5 0x55de7bc305cd <unknown>\n#6 0x55de7bc4ec19 <unknown>\n#7 0x55de7bc30343 <unknown>\n#8 0x55de7bc01593 <unknown>\n#9 0x55de7bc01f5e <unknown>\n#10 0x55de7be9184b <unknown>\n#11 0x55de7be957a5 <unknown>\n#12 0x55de7be7f571 <unknown>\n#13 0x55de7be96332 <unknown>\n#14 0x55de7be6487f <unknown>\n#15 0x55de7bebc728 <unknown>\n#16 0x55de7bebc8fb <unknown>\n#17 0x55de7becc9b4 <unknown>\n#18 0x7fac7fd82134 <unknown>","time":{"start":1713574441007,"stop":1713574441572,"duration":565}}]},"tags":["@pytest.mark.xfail","smoke_test"]},"source":"3fbc9511a1ad4445.json","parameterValues":["5480","166","'TD 009'","4990","'products/shtukaturka-gipsovaya-aksolit-m50-30-kg-mashinnogo-naneseniya'","2500","'https://sandboxtest.stroyrem-nn.ru/'","5000"]}