{"uid":"de4921a8aaef5d95","name":"Авторизация с помощью формы авторизации","fullName":"tests.test_sign_in.test_sign_in_page.TestSignInPage#test_positive_login_with_correct_email_and_password_smoke","historyId":"a273ddf50e4fb1739e30fefb7e3443ae","time":{"start":1717809859162,"stop":1717809859300,"duration":138},"status":"skipped","statusMessage":"XFAIL\n\nselenium.common.exceptions.NoSuchElementException: Message: no such element: Unable to locate element: {\"method\":\"css selector\",\"selector\":\"input[value='Войти']\"}\n  (Session info: chrome-headless-shell=125.0.6422.141); For documentation on this error, please visit: https://www.selenium.dev/documentation/webdriver/troubleshooting/errors#no-such-element-exception\nStacktrace:\n#0 0x561c3d9f7e3a <unknown>\n#1 0x561c3d6e145c <unknown>\n#2 0x561c3d72d5b5 <unknown>\n#3 0x561c3d72d671 <unknown>\n#4 0x561c3d771f14 <unknown>\n#5 0x561c3d7504dd <unknown>\n#6 0x561c3d76f2cc <unknown>\n#7 0x561c3d750253 <unknown>\n#8 0x561c3d7201c7 <unknown>\n#9 0x561c3d720b3e <unknown>\n#10 0x561c3d9be27b <unknown>\n#11 0x561c3d9c2327 <unknown>\n#12 0x561c3d9aadae <unknown>\n#13 0x561c3d9c2df2 <unknown>\n#14 0x561c3d98f74f <unknown>\n#15 0x561c3d9e7128 <unknown>\n#16 0x561c3d9e72fb <unknown>\n#17 0x561c3d9f6f6c <unknown>\n#18 0x7f11e4cb7134 <unknown>","statusTrace":"self = <tests.test_sign_in.test_sign_in_page.TestSignInPage object at 0x7f0246199d50>\ndriver = <selenium.webdriver.chrome.webdriver.WebDriver (session=\"91a7c44734a89ff340e63bf45c4b4c8b\")>\nsign_in_page = <pages.sign_in_page.SignInPage object at 0x7f02468e5690>\nopen_sign_in_window = None\n\n    @allure.title(\"Авторизация с помощью формы авторизации\")\n    @pytest.mark.smoke_test\n    @pytest.mark.xfail\n    def test_positive_login_with_correct_email_and_password_smoke(self, driver, sign_in_page, open_sign_in_window):\n        sign_in_page.get_email_field().send_keys(credentials['email'])\n        sign_in_page.get_password_field().send_keys(credentials['password'])\n>       sign_in_page.get_sign_in_button().click()\n\ntests/test_sign_in/test_sign_in_page.py:237: \n_ _ _ _ _ _ _ _ _ _ _ _ _ _ _ _ _ _ _ _ _ _ _ _ _ _ _ _ _ _ _ _ _ _ _ _ _ _ _ _ \npages/sign_in_page.py:99: in get_sign_in_button\n    return self.find_element(self._sign_in_button)\nbase/seleniumbase.py:17: in find_element\n    return self.driver.find_element(*locator)\n/usr/local/lib/python3.11/site-packages/selenium/webdriver/remote/webdriver.py:739: in find_element\n    return self.execute(Command.FIND_ELEMENT, {\"using\": by, \"value\": value})[\"value\"]\n/usr/local/lib/python3.11/site-packages/selenium/webdriver/remote/webdriver.py:345: in execute\n    self.error_handler.check_response(response)\n_ _ _ _ _ _ _ _ _ _ _ _ _ _ _ _ _ _ _ _ _ _ _ _ _ _ _ _ _ _ _ _ _ _ _ _ _ _ _ _ \n\nself = <selenium.webdriver.remote.errorhandler.ErrorHandler object at 0x7f024686abd0>\nresponse = {'status': 404, 'value': '{\"value\":{\"error\":\"no such element\",\"message\":\"no such element: Unable to locate element: {\\...\\\\n#16 0x561c3d9e72fb \\\\u003Cunknown>\\\\n#17 0x561c3d9f6f6c \\\\u003Cunknown>\\\\n#18 0x7f11e4cb7134 \\\\u003Cunknown>\\\\n\"}}'}\n\n    def check_response(self, response: Dict[str, Any]) -> None:\n        \"\"\"Checks that a JSON response from the WebDriver does not have an\n        error.\n    \n        :Args:\n         - response - The JSON response from the WebDriver server as a dictionary\n           object.\n    \n        :Raises: If the response contains an error message.\n        \"\"\"\n        status = response.get(\"status\", None)\n        if not status or status == ErrorCode.SUCCESS:\n            return\n        value = None\n        message = response.get(\"message\", \"\")\n        screen: str = response.get(\"screen\", \"\")\n        stacktrace = None\n        if isinstance(status, int):\n            value_json = response.get(\"value\", None)\n            if value_json and isinstance(value_json, str):\n                import json\n    \n                try:\n                    value = json.loads(value_json)\n                    if len(value) == 1:\n                        value = value[\"value\"]\n                    status = value.get(\"error\", None)\n                    if not status:\n                        status = value.get(\"status\", ErrorCode.UNKNOWN_ERROR)\n                        message = value.get(\"value\") or value.get(\"message\")\n                        if not isinstance(message, str):\n                            value = message\n                            message = message.get(\"message\")\n                    else:\n                        message = value.get(\"message\", None)\n                except ValueError:\n                    pass\n    \n        exception_class: Type[WebDriverException]\n        e = ErrorCode()\n        error_codes = [item for item in dir(e) if not item.startswith(\"__\")]\n        for error_code in error_codes:\n            error_info = getattr(ErrorCode, error_code)\n            if isinstance(error_info, list) and status in error_info:\n                exception_class = getattr(ExceptionMapping, error_code, WebDriverException)\n                break\n        else:\n            exception_class = WebDriverException\n    \n        if not value:\n            value = response[\"value\"]\n        if isinstance(value, str):\n            raise exception_class(value)\n        if message == \"\" and \"message\" in value:\n            message = value[\"message\"]\n    \n        screen = None  # type: ignore[assignment]\n        if \"screen\" in value:\n            screen = value[\"screen\"]\n    \n        stacktrace = None\n        st_value = value.get(\"stackTrace\") or value.get(\"stacktrace\")\n        if st_value:\n            if isinstance(st_value, str):\n                stacktrace = st_value.split(\"\\n\")\n            else:\n                stacktrace = []\n                try:\n                    for frame in st_value:\n                        line = frame.get(\"lineNumber\", \"\")\n                        file = frame.get(\"fileName\", \"<anonymous>\")\n                        if line:\n                            file = f\"{file}:{line}\"\n                        meth = frame.get(\"methodName\", \"<anonymous>\")\n                        if \"className\" in frame:\n                            meth = f\"{frame['className']}.{meth}\"\n                        msg = \"    at %s (%s)\"\n                        msg = msg % (meth, file)\n                        stacktrace.append(msg)\n                except TypeError:\n                    pass\n        if exception_class == UnexpectedAlertPresentException:\n            alert_text = None\n            if \"data\" in value:\n                alert_text = value[\"data\"].get(\"text\")\n            elif \"alert\" in value:\n                alert_text = value[\"alert\"].get(\"text\")\n            raise exception_class(message, screen, stacktrace, alert_text)  # type: ignore[call-arg]  # mypy is not smart enough here\n>       raise exception_class(message, screen, stacktrace)\nE       selenium.common.exceptions.NoSuchElementException: Message: no such element: Unable to locate element: {\"method\":\"css selector\",\"selector\":\"input[value='Войти']\"}\nE         (Session info: chrome-headless-shell=125.0.6422.141); For documentation on this error, please visit: https://www.selenium.dev/documentation/webdriver/troubleshooting/errors#no-such-element-exception\nE       Stacktrace:\nE       #0 0x561c3d9f7e3a <unknown>\nE       #1 0x561c3d6e145c <unknown>\nE       #2 0x561c3d72d5b5 <unknown>\nE       #3 0x561c3d72d671 <unknown>\nE       #4 0x561c3d771f14 <unknown>\nE       #5 0x561c3d7504dd <unknown>\nE       #6 0x561c3d76f2cc <unknown>\nE       #7 0x561c3d750253 <unknown>\nE       #8 0x561c3d7201c7 <unknown>\nE       #9 0x561c3d720b3e <unknown>\nE       #10 0x561c3d9be27b <unknown>\nE       #11 0x561c3d9c2327 <unknown>\nE       #12 0x561c3d9aadae <unknown>\nE       #13 0x561c3d9c2df2 <unknown>\nE       #14 0x561c3d98f74f <unknown>\nE       #15 0x561c3d9e7128 <unknown>\nE       #16 0x561c3d9e72fb <unknown>\nE       #17 0x561c3d9f6f6c <unknown>\nE       #18 0x7f11e4cb7134 <unknown>\n\n/usr/local/lib/python3.11/site-packages/selenium/webdriver/remote/errorhandler.py:229: NoSuchElementException","flaky":false,"newFailed":false,"newBroken":false,"newPassed":false,"retriesCount":0,"retriesStatusChange":false,"beforeStages":[{"name":"_session_faker","time":{"start":1717808019605,"stop":1717808019676,"duration":71},"status":"passed","steps":[],"attachments":[],"parameters":[],"shouldDisplayMessage":false,"stepsCount":0,"attachmentsCount":0,"hasContent":false,"attachmentStep":false},{"name":"clear_allure_results_folder","time":{"start":1717808019676,"stop":1717808019676,"duration":0},"status":"passed","steps":[],"attachments":[],"parameters":[],"shouldDisplayMessage":false,"stepsCount":0,"attachmentsCount":0,"hasContent":false,"attachmentStep":false},{"name":"driver","time":{"start":1717809846370,"stop":1717809847064,"duration":694},"status":"passed","steps":[],"attachments":[],"parameters":[],"shouldDisplayMessage":false,"stepsCount":0,"attachmentsCount":0,"hasContent":false,"attachmentStep":false},{"name":"sign_in_page","time":{"start":1717809847065,"stop":1717809858813,"duration":11748},"status":"passed","steps":[],"attachments":[],"parameters":[],"shouldDisplayMessage":false,"stepsCount":0,"attachmentsCount":0,"hasContent":false,"attachmentStep":false},{"name":"setup","time":{"start":1717809847065,"stop":1717809847065,"duration":0},"status":"passed","steps":[],"attachments":[],"parameters":[],"shouldDisplayMessage":false,"stepsCount":0,"attachmentsCount":0,"hasContent":false,"attachmentStep":false},{"name":"open_sign_in_window","time":{"start":1717809858813,"stop":1717809859161,"duration":348},"status":"passed","steps":[{"name":"Нахождение элемента: иконка профиля в хедере","time":{"start":1717809858813,"stop":1717809858823,"duration":10},"status":"passed","steps":[],"attachments":[],"parameters":[],"shouldDisplayMessage":false,"stepsCount":0,"attachmentsCount":0,"hasContent":false,"attachmentStep":false}],"attachments":[],"parameters":[],"shouldDisplayMessage":false,"stepsCount":1,"attachmentsCount":0,"hasContent":true,"attachmentStep":false}],"testStage":{"status":"skipped","statusMessage":"XFAIL\n\nselenium.common.exceptions.NoSuchElementException: Message: no such element: Unable to locate element: {\"method\":\"css selector\",\"selector\":\"input[value='Войти']\"}\n  (Session info: chrome-headless-shell=125.0.6422.141); For documentation on this error, please visit: https://www.selenium.dev/documentation/webdriver/troubleshooting/errors#no-such-element-exception\nStacktrace:\n#0 0x561c3d9f7e3a <unknown>\n#1 0x561c3d6e145c <unknown>\n#2 0x561c3d72d5b5 <unknown>\n#3 0x561c3d72d671 <unknown>\n#4 0x561c3d771f14 <unknown>\n#5 0x561c3d7504dd <unknown>\n#6 0x561c3d76f2cc <unknown>\n#7 0x561c3d750253 <unknown>\n#8 0x561c3d7201c7 <unknown>\n#9 0x561c3d720b3e <unknown>\n#10 0x561c3d9be27b <unknown>\n#11 0x561c3d9c2327 <unknown>\n#12 0x561c3d9aadae <unknown>\n#13 0x561c3d9c2df2 <unknown>\n#14 0x561c3d98f74f <unknown>\n#15 0x561c3d9e7128 <unknown>\n#16 0x561c3d9e72fb <unknown>\n#17 0x561c3d9f6f6c <unknown>\n#18 0x7f11e4cb7134 <unknown>","statusTrace":"self = <tests.test_sign_in.test_sign_in_page.TestSignInPage object at 0x7f0246199d50>\ndriver = <selenium.webdriver.chrome.webdriver.WebDriver (session=\"91a7c44734a89ff340e63bf45c4b4c8b\")>\nsign_in_page = <pages.sign_in_page.SignInPage object at 0x7f02468e5690>\nopen_sign_in_window = None\n\n    @allure.title(\"Авторизация с помощью формы авторизации\")\n    @pytest.mark.smoke_test\n    @pytest.mark.xfail\n    def test_positive_login_with_correct_email_and_password_smoke(self, driver, sign_in_page, open_sign_in_window):\n        sign_in_page.get_email_field().send_keys(credentials['email'])\n        sign_in_page.get_password_field().send_keys(credentials['password'])\n>       sign_in_page.get_sign_in_button().click()\n\ntests/test_sign_in/test_sign_in_page.py:237: \n_ _ _ _ _ _ _ _ _ _ _ _ _ _ _ _ _ _ _ _ _ _ _ _ _ _ _ _ _ _ _ _ _ _ _ _ _ _ _ _ \npages/sign_in_page.py:99: in get_sign_in_button\n    return self.find_element(self._sign_in_button)\nbase/seleniumbase.py:17: in find_element\n    return self.driver.find_element(*locator)\n/usr/local/lib/python3.11/site-packages/selenium/webdriver/remote/webdriver.py:739: in find_element\n    return self.execute(Command.FIND_ELEMENT, {\"using\": by, \"value\": value})[\"value\"]\n/usr/local/lib/python3.11/site-packages/selenium/webdriver/remote/webdriver.py:345: in execute\n    self.error_handler.check_response(response)\n_ _ _ _ _ _ _ _ _ _ _ _ _ _ _ _ _ _ _ _ _ _ _ _ _ _ _ _ _ _ _ _ _ _ _ _ _ _ _ _ \n\nself = <selenium.webdriver.remote.errorhandler.ErrorHandler object at 0x7f024686abd0>\nresponse = {'status': 404, 'value': '{\"value\":{\"error\":\"no such element\",\"message\":\"no such element: Unable to locate element: {\\...\\\\n#16 0x561c3d9e72fb \\\\u003Cunknown>\\\\n#17 0x561c3d9f6f6c \\\\u003Cunknown>\\\\n#18 0x7f11e4cb7134 \\\\u003Cunknown>\\\\n\"}}'}\n\n    def check_response(self, response: Dict[str, Any]) -> None:\n        \"\"\"Checks that a JSON response from the WebDriver does not have an\n        error.\n    \n        :Args:\n         - response - The JSON response from the WebDriver server as a dictionary\n           object.\n    \n        :Raises: If the response contains an error message.\n        \"\"\"\n        status = response.get(\"status\", None)\n        if not status or status == ErrorCode.SUCCESS:\n            return\n        value = None\n        message = response.get(\"message\", \"\")\n        screen: str = response.get(\"screen\", \"\")\n        stacktrace = None\n        if isinstance(status, int):\n            value_json = response.get(\"value\", None)\n            if value_json and isinstance(value_json, str):\n                import json\n    \n                try:\n                    value = json.loads(value_json)\n                    if len(value) == 1:\n                        value = value[\"value\"]\n                    status = value.get(\"error\", None)\n                    if not status:\n                        status = value.get(\"status\", ErrorCode.UNKNOWN_ERROR)\n                        message = value.get(\"value\") or value.get(\"message\")\n                        if not isinstance(message, str):\n                            value = message\n                            message = message.get(\"message\")\n                    else:\n                        message = value.get(\"message\", None)\n                except ValueError:\n                    pass\n    \n        exception_class: Type[WebDriverException]\n        e = ErrorCode()\n        error_codes = [item for item in dir(e) if not item.startswith(\"__\")]\n        for error_code in error_codes:\n            error_info = getattr(ErrorCode, error_code)\n            if isinstance(error_info, list) and status in error_info:\n                exception_class = getattr(ExceptionMapping, error_code, WebDriverException)\n                break\n        else:\n            exception_class = WebDriverException\n    \n        if not value:\n            value = response[\"value\"]\n        if isinstance(value, str):\n            raise exception_class(value)\n        if message == \"\" and \"message\" in value:\n            message = value[\"message\"]\n    \n        screen = None  # type: ignore[assignment]\n        if \"screen\" in value:\n            screen = value[\"screen\"]\n    \n        stacktrace = None\n        st_value = value.get(\"stackTrace\") or value.get(\"stacktrace\")\n        if st_value:\n            if isinstance(st_value, str):\n                stacktrace = st_value.split(\"\\n\")\n            else:\n                stacktrace = []\n                try:\n                    for frame in st_value:\n                        line = frame.get(\"lineNumber\", \"\")\n                        file = frame.get(\"fileName\", \"<anonymous>\")\n                        if line:\n                            file = f\"{file}:{line}\"\n                        meth = frame.get(\"methodName\", \"<anonymous>\")\n                        if \"className\" in frame:\n                            meth = f\"{frame['className']}.{meth}\"\n                        msg = \"    at %s (%s)\"\n                        msg = msg % (meth, file)\n                        stacktrace.append(msg)\n                except TypeError:\n                    pass\n        if exception_class == UnexpectedAlertPresentException:\n            alert_text = None\n            if \"data\" in value:\n                alert_text = value[\"data\"].get(\"text\")\n            elif \"alert\" in value:\n                alert_text = value[\"alert\"].get(\"text\")\n            raise exception_class(message, screen, stacktrace, alert_text)  # type: ignore[call-arg]  # mypy is not smart enough here\n>       raise exception_class(message, screen, stacktrace)\nE       selenium.common.exceptions.NoSuchElementException: Message: no such element: Unable to locate element: {\"method\":\"css selector\",\"selector\":\"input[value='Войти']\"}\nE         (Session info: chrome-headless-shell=125.0.6422.141); For documentation on this error, please visit: https://www.selenium.dev/documentation/webdriver/troubleshooting/errors#no-such-element-exception\nE       Stacktrace:\nE       #0 0x561c3d9f7e3a <unknown>\nE       #1 0x561c3d6e145c <unknown>\nE       #2 0x561c3d72d5b5 <unknown>\nE       #3 0x561c3d72d671 <unknown>\nE       #4 0x561c3d771f14 <unknown>\nE       #5 0x561c3d7504dd <unknown>\nE       #6 0x561c3d76f2cc <unknown>\nE       #7 0x561c3d750253 <unknown>\nE       #8 0x561c3d7201c7 <unknown>\nE       #9 0x561c3d720b3e <unknown>\nE       #10 0x561c3d9be27b <unknown>\nE       #11 0x561c3d9c2327 <unknown>\nE       #12 0x561c3d9aadae <unknown>\nE       #13 0x561c3d9c2df2 <unknown>\nE       #14 0x561c3d98f74f <unknown>\nE       #15 0x561c3d9e7128 <unknown>\nE       #16 0x561c3d9e72fb <unknown>\nE       #17 0x561c3d9f6f6c <unknown>\nE       #18 0x7f11e4cb7134 <unknown>\n\n/usr/local/lib/python3.11/site-packages/selenium/webdriver/remote/errorhandler.py:229: NoSuchElementException","steps":[{"name":"Нахождение элемента: поле ввода Email окна авторизации","time":{"start":1717809859162,"stop":1717809859171,"duration":9},"status":"passed","steps":[],"attachments":[],"parameters":[],"shouldDisplayMessage":false,"stepsCount":0,"attachmentsCount":0,"hasContent":false,"attachmentStep":false},{"name":"Нахождение элемента: поле ввода пароля окна авторизации","time":{"start":1717809859230,"stop":1717809859238,"duration":8},"status":"passed","steps":[],"attachments":[],"parameters":[],"shouldDisplayMessage":false,"stepsCount":0,"attachmentsCount":0,"hasContent":false,"attachmentStep":false},{"name":"Нахождение элемента: кнопка 'Войти' окна авторизации","time":{"start":1717809859282,"stop":1717809859299,"duration":17},"status":"broken","statusMessage":"selenium.common.exceptions.NoSuchElementException: Message: no such element: Unable to locate element: {\"method\":\"css selector\",\"selector\":\"input[value='Войти']\"}\n  (Session info: chrome-headless-shell=125.0.6422.141); For documentation on this error, please visit: https://www.selenium.dev/documentation/webdriver/troubleshooting/errors#no-such-element-exception\nStacktrace:\n#0 0x561c3d9f7e3a <unknown>\n#1 0x561c3d6e145c <unknown>\n#2 0x561c3d72d5b5 <unknown>\n#3 0x561c3d72d671 <unknown>\n#4 0x561c3d771f14 <unknown>\n#5 0x561c3d7504dd <unknown>\n#6 0x561c3d76f2cc <unknown>\n#7 0x561c3d750253 <unknown>\n#8 0x561c3d7201c7 <unknown>\n#9 0x561c3d720b3e <unknown>\n#10 0x561c3d9be27b <unknown>\n#11 0x561c3d9c2327 <unknown>\n#12 0x561c3d9aadae <unknown>\n#13 0x561c3d9c2df2 <unknown>\n#14 0x561c3d98f74f <unknown>\n#15 0x561c3d9e7128 <unknown>\n#16 0x561c3d9e72fb <unknown>\n#17 0x561c3d9f6f6c <unknown>\n#18 0x7f11e4cb7134 <unknown>\n\n","statusTrace":"  File \"/usr/local/lib/python3.11/site-packages/allure_commons/_allure.py\", line 192, in impl\n    return func(*a, **kw)\n           ^^^^^^^^^^^^^^\n  File \"/app/pages/sign_in_page.py\", line 99, in get_sign_in_button\n    return self.find_element(self._sign_in_button)\n           ^^^^^^^^^^^^^^^^^^^^^^^^^^^^^^^^^^^^^^^\n  File \"/app/base/seleniumbase.py\", line 17, in find_element\n    return self.driver.find_element(*locator)\n           ^^^^^^^^^^^^^^^^^^^^^^^^^^^^^^^^^^\n  File \"/usr/local/lib/python3.11/site-packages/selenium/webdriver/remote/webdriver.py\", line 739, in find_element\n    return self.execute(Command.FIND_ELEMENT, {\"using\": by, \"value\": value})[\"value\"]\n           ^^^^^^^^^^^^^^^^^^^^^^^^^^^^^^^^^^^^^^^^^^^^^^^^^^^^^^^^^^^^^^^^^\n  File \"/usr/local/lib/python3.11/site-packages/selenium/webdriver/remote/webdriver.py\", line 345, in execute\n    self.error_handler.check_response(response)\n  File \"/usr/local/lib/python3.11/site-packages/selenium/webdriver/remote/errorhandler.py\", line 229, in check_response\n    raise exception_class(message, screen, stacktrace)\n","steps":[],"attachments":[],"parameters":[],"shouldDisplayMessage":true,"stepsCount":0,"attachmentsCount":0,"hasContent":true,"attachmentStep":false}],"attachments":[{"uid":"43338de5b6a30a15","name":"Screenshot","source":"43338de5b6a30a15.png","type":"image/png","size":34460},{"uid":"e4865dd1a1738b93","name":"HTML source","source":"e4865dd1a1738b93.html","type":"text/html","size":425975}],"parameters":[],"shouldDisplayMessage":true,"stepsCount":3,"attachmentsCount":2,"hasContent":true,"attachmentStep":false},"afterStages":[{"name":"setup::0","time":{"start":1717809859427,"stop":1717809859427,"duration":0},"status":"passed","steps":[],"attachments":[],"parameters":[],"shouldDisplayMessage":false,"stepsCount":0,"attachmentsCount":0,"hasContent":false,"attachmentStep":false},{"name":"driver::0","time":{"start":1717809859428,"stop":1717809859500,"duration":72},"status":"passed","steps":[],"attachments":[],"parameters":[],"shouldDisplayMessage":false,"stepsCount":0,"attachmentsCount":0,"hasContent":false,"attachmentStep":false}],"labels":[{"name":"epic","value":"Sign In Page"},{"name":"tag","value":"@pytest.mark.xfail"},{"name":"tag","value":"smoke_test"},{"name":"parentSuite","value":"tests.test_sign_in"},{"name":"suite","value":"test_sign_in_page"},{"name":"subSuite","value":"TestSignInPage"},{"name":"host","value":"673dad47f60c"},{"name":"thread","value":"1-MainThread"},{"name":"framework","value":"pytest"},{"name":"language","value":"cpython3"},{"name":"package","value":"tests.test_sign_in.test_sign_in_page"},{"name":"resultFormat","value":"allure2"}],"parameters":[],"links":[],"hidden":false,"retry":false,"extra":{"severity":"normal","retries":[],"categories":[],"history":{"statistic":{"failed":0,"broken":0,"skipped":10,"passed":0,"unknown":0,"total":10},"items":[{"uid":"31e011a0bf5ddbe4","reportUrl":"https://Nat754.github.io/StroyremAutomation/331//#testresult/31e011a0bf5ddbe4","status":"skipped","statusDetails":"XFAIL\n\nselenium.common.exceptions.NoSuchElementException: Message: no such element: Unable to locate element: {\"method\":\"css selector\",\"selector\":\"input[value='Войти']\"}\n  (Session info: chrome-headless-shell=125.0.6422.141); For documentation on this error, please visit: https://www.selenium.dev/documentation/webdriver/troubleshooting/errors#no-such-element-exception\nStacktrace:\n#0 0x55db0aae9e3a <unknown>\n#1 0x55db0a7d345c <unknown>\n#2 0x55db0a81f5b5 <unknown>\n#3 0x55db0a81f671 <unknown>\n#4 0x55db0a863f14 <unknown>\n#5 0x55db0a8424dd <unknown>\n#6 0x55db0a8612cc <unknown>\n#7 0x55db0a842253 <unknown>\n#8 0x55db0a8121c7 <unknown>\n#9 0x55db0a812b3e <unknown>\n#10 0x55db0aab027b <unknown>\n#11 0x55db0aab4327 <unknown>\n#12 0x55db0aa9cdae <unknown>\n#13 0x55db0aab4df2 <unknown>\n#14 0x55db0aa8174f <unknown>\n#15 0x55db0aad9128 <unknown>\n#16 0x55db0aad92fb <unknown>\n#17 0x55db0aae8f6c <unknown>\n#18 0x7f8fd6d7d134 <unknown>","time":{"start":1717723262113,"stop":1717723262289,"duration":176}},{"uid":"61ce5f2f86c0cd76","reportUrl":"https://Nat754.github.io/StroyremAutomation/330//#testresult/61ce5f2f86c0cd76","status":"skipped","statusDetails":"XFAIL\n\nselenium.common.exceptions.NoSuchElementException: Message: no such element: Unable to locate element: {\"method\":\"css selector\",\"selector\":\"input[value='Войти']\"}\n  (Session info: chrome-headless-shell=125.0.6422.141); For documentation on this error, please visit: https://www.selenium.dev/documentation/webdriver/troubleshooting/errors#no-such-element-exception\nStacktrace:\n#0 0x55de7720fe3a <unknown>\n#1 0x55de76ef945c <unknown>\n#2 0x55de76f455b5 <unknown>\n#3 0x55de76f45671 <unknown>\n#4 0x55de76f89f14 <unknown>\n#5 0x55de76f684dd <unknown>\n#6 0x55de76f872cc <unknown>\n#7 0x55de76f68253 <unknown>\n#8 0x55de76f381c7 <unknown>\n#9 0x55de76f38b3e <unknown>\n#10 0x55de771d627b <unknown>\n#11 0x55de771da327 <unknown>\n#12 0x55de771c2dae <unknown>\n#13 0x55de771dadf2 <unknown>\n#14 0x55de771a774f <unknown>\n#15 0x55de771ff128 <unknown>\n#16 0x55de771ff2fb <unknown>\n#17 0x55de7720ef6c <unknown>\n#18 0x7fea7f92b134 <unknown>","time":{"start":1717636800852,"stop":1717636801036,"duration":184}},{"uid":"d493a4bff917d5b9","reportUrl":"https://Nat754.github.io/StroyremAutomation/329//#testresult/d493a4bff917d5b9","status":"skipped","statusDetails":"XFAIL\n\nselenium.common.exceptions.NoSuchElementException: Message: no such element: Unable to locate element: {\"method\":\"css selector\",\"selector\":\"input[value='Войти']\"}\n  (Session info: chrome-headless-shell=125.0.6422.141); For documentation on this error, please visit: https://www.selenium.dev/documentation/webdriver/troubleshooting/errors#no-such-element-exception\nStacktrace:\n#0 0x556bc713ce3a <unknown>\n#1 0x556bc6e2645c <unknown>\n#2 0x556bc6e725b5 <unknown>\n#3 0x556bc6e72671 <unknown>\n#4 0x556bc6eb6f14 <unknown>\n#5 0x556bc6e954dd <unknown>\n#6 0x556bc6eb42cc <unknown>\n#7 0x556bc6e95253 <unknown>\n#8 0x556bc6e651c7 <unknown>\n#9 0x556bc6e65b3e <unknown>\n#10 0x556bc710327b <unknown>\n#11 0x556bc7107327 <unknown>\n#12 0x556bc70efdae <unknown>\n#13 0x556bc7107df2 <unknown>\n#14 0x556bc70d474f <unknown>\n#15 0x556bc712c128 <unknown>\n#16 0x556bc712c2fb <unknown>\n#17 0x556bc713bf6c <unknown>\n#18 0x7fa5acb01134 <unknown>","time":{"start":1717550678050,"stop":1717550678195,"duration":145}},{"uid":"e52f4b7f2ce28d63","reportUrl":"https://Nat754.github.io/StroyremAutomation/328//#testresult/e52f4b7f2ce28d63","status":"skipped","statusDetails":"XFAIL\n\nselenium.common.exceptions.NoSuchElementException: Message: no such element: Unable to locate element: {\"method\":\"css selector\",\"selector\":\"input[value='Войти']\"}\n  (Session info: chrome-headless-shell=125.0.6422.141); For documentation on this error, please visit: https://www.selenium.dev/documentation/webdriver/troubleshooting/errors#no-such-element-exception\nStacktrace:\n#0 0x557a5956ae3a <unknown>\n#1 0x557a5925445c <unknown>\n#2 0x557a592a05b5 <unknown>\n#3 0x557a592a0671 <unknown>\n#4 0x557a592e4f14 <unknown>\n#5 0x557a592c34dd <unknown>\n#6 0x557a592e22cc <unknown>\n#7 0x557a592c3253 <unknown>\n#8 0x557a592931c7 <unknown>\n#9 0x557a59293b3e <unknown>\n#10 0x557a5953127b <unknown>\n#11 0x557a59535327 <unknown>\n#12 0x557a5951ddae <unknown>\n#13 0x557a59535df2 <unknown>\n#14 0x557a5950274f <unknown>\n#15 0x557a5955a128 <unknown>\n#16 0x557a5955a2fb <unknown>\n#17 0x557a59569f6c <unknown>\n#18 0x7f6e12cf7134 <unknown>","time":{"start":1717463942112,"stop":1717463942267,"duration":155}},{"uid":"e4c8ecfb0bddf783","reportUrl":"https://Nat754.github.io/StroyremAutomation/327//#testresult/e4c8ecfb0bddf783","status":"skipped","statusDetails":"XFAIL\n\nselenium.common.exceptions.NoSuchElementException: Message: no such element: Unable to locate element: {\"method\":\"css selector\",\"selector\":\"input[value='Войти']\"}\n  (Session info: chrome-headless-shell=125.0.6422.141); For documentation on this error, please visit: https://www.selenium.dev/documentation/webdriver/troubleshooting/errors#no-such-element-exception\nStacktrace:\n#0 0x55a404877e3a <unknown>\n#1 0x55a40456145c <unknown>\n#2 0x55a4045ad5b5 <unknown>\n#3 0x55a4045ad671 <unknown>\n#4 0x55a4045f1f14 <unknown>\n#5 0x55a4045d04dd <unknown>\n#6 0x55a4045ef2cc <unknown>\n#7 0x55a4045d0253 <unknown>\n#8 0x55a4045a01c7 <unknown>\n#9 0x55a4045a0b3e <unknown>\n#10 0x55a40483e27b <unknown>\n#11 0x55a404842327 <unknown>\n#12 0x55a40482adae <unknown>\n#13 0x55a404842df2 <unknown>\n#14 0x55a40480f74f <unknown>\n#15 0x55a404867128 <unknown>\n#16 0x55a4048672fb <unknown>\n#17 0x55a404876f6c <unknown>\n#18 0x7f3696e6d134 <unknown>","time":{"start":1717377890564,"stop":1717377890709,"duration":145}},{"uid":"4e4fe7bcd29b3b43","reportUrl":"https://Nat754.github.io/StroyremAutomation/326//#testresult/4e4fe7bcd29b3b43","status":"skipped","statusDetails":"XFAIL\n\nselenium.common.exceptions.NoSuchElementException: Message: no such element: Unable to locate element: {\"method\":\"css selector\",\"selector\":\"input[value='Войти']\"}\n  (Session info: chrome-headless-shell=125.0.6422.141); For documentation on this error, please visit: https://www.selenium.dev/documentation/webdriver/troubleshooting/errors#no-such-element-exception\nStacktrace:\n#0 0x5565cf217e3a <unknown>\n#1 0x5565cef0145c <unknown>\n#2 0x5565cef4d5b5 <unknown>\n#3 0x5565cef4d671 <unknown>\n#4 0x5565cef91f14 <unknown>\n#5 0x5565cef704dd <unknown>\n#6 0x5565cef8f2cc <unknown>\n#7 0x5565cef70253 <unknown>\n#8 0x5565cef401c7 <unknown>\n#9 0x5565cef40b3e <unknown>\n#10 0x5565cf1de27b <unknown>\n#11 0x5565cf1e2327 <unknown>\n#12 0x5565cf1cadae <unknown>\n#13 0x5565cf1e2df2 <unknown>\n#14 0x5565cf1af74f <unknown>\n#15 0x5565cf207128 <unknown>\n#16 0x5565cf2072fb <unknown>\n#17 0x5565cf216f6c <unknown>\n#18 0x7f7a4bea2134 <unknown>","time":{"start":1717291613881,"stop":1717291614025,"duration":144}},{"uid":"eeb0213c3f76db8","reportUrl":"https://Nat754.github.io/StroyremAutomation/325//#testresult/eeb0213c3f76db8","status":"skipped","statusDetails":"XFAIL\n\nselenium.common.exceptions.NoSuchElementException: Message: no such element: Unable to locate element: {\"method\":\"css selector\",\"selector\":\"input[value='Войти']\"}\n  (Session info: chrome-headless-shell=125.0.6422.141); For documentation on this error, please visit: https://www.selenium.dev/documentation/webdriver/troubleshooting/errors#no-such-element-exception\nStacktrace:\n#0 0x55fb23b15e3a <unknown>\n#1 0x55fb237ff45c <unknown>\n#2 0x55fb2384b5b5 <unknown>\n#3 0x55fb2384b671 <unknown>\n#4 0x55fb2388ff14 <unknown>\n#5 0x55fb2386e4dd <unknown>\n#6 0x55fb2388d2cc <unknown>\n#7 0x55fb2386e253 <unknown>\n#8 0x55fb2383e1c7 <unknown>\n#9 0x55fb2383eb3e <unknown>\n#10 0x55fb23adc27b <unknown>\n#11 0x55fb23ae0327 <unknown>\n#12 0x55fb23ac8dae <unknown>\n#13 0x55fb23ae0df2 <unknown>\n#14 0x55fb23aad74f <unknown>\n#15 0x55fb23b05128 <unknown>\n#16 0x55fb23b052fb <unknown>\n#17 0x55fb23b14f6c <unknown>\n#18 0x7fa70f6b5134 <unknown>","time":{"start":1717204852381,"stop":1717204852527,"duration":146}},{"uid":"b9d398f8406e21d7","reportUrl":"https://Nat754.github.io/StroyremAutomation/324//#testresult/b9d398f8406e21d7","status":"skipped","statusDetails":"XFAIL\n\nselenium.common.exceptions.NoSuchElementException: Message: no such element: Unable to locate element: {\"method\":\"css selector\",\"selector\":\"input[value='Войти']\"}\n  (Session info: chrome-headless-shell=125.0.6422.141); For documentation on this error, please visit: https://www.selenium.dev/documentation/webdriver/troubleshooting/errors#no-such-element-exception\nStacktrace:\n#0 0x55b86b45be3a <unknown>\n#1 0x55b86b14545c <unknown>\n#2 0x55b86b1915b5 <unknown>\n#3 0x55b86b191671 <unknown>\n#4 0x55b86b1d5f14 <unknown>\n#5 0x55b86b1b44dd <unknown>\n#6 0x55b86b1d32cc <unknown>\n#7 0x55b86b1b4253 <unknown>\n#8 0x55b86b1841c7 <unknown>\n#9 0x55b86b184b3e <unknown>\n#10 0x55b86b42227b <unknown>\n#11 0x55b86b426327 <unknown>\n#12 0x55b86b40edae <unknown>\n#13 0x55b86b426df2 <unknown>\n#14 0x55b86b3f374f <unknown>\n#15 0x55b86b44b128 <unknown>\n#16 0x55b86b44b2fb <unknown>\n#17 0x55b86b45af6c <unknown>\n#18 0x7f4cb1bfa134 <unknown>","time":{"start":1717118656868,"stop":1717118657011,"duration":143}},{"uid":"420792edd507883d","reportUrl":"https://Nat754.github.io/StroyremAutomation/323//#testresult/420792edd507883d","status":"skipped","statusDetails":"XFAIL\n\nselenium.common.exceptions.NoSuchElementException: Message: no such element: Unable to locate element: {\"method\":\"css selector\",\"selector\":\"input[value='Войти']\"}\n  (Session info: chrome-headless-shell=125.0.6422.78); For documentation on this error, please visit: https://www.selenium.dev/documentation/webdriver/troubleshooting/errors#no-such-element-exception\nStacktrace:\n#0 0x55572515ee8a <unknown>\n#1 0x555724e4845c <unknown>\n#2 0x555724e945b5 <unknown>\n#3 0x555724e94671 <unknown>\n#4 0x555724ed8f14 <unknown>\n#5 0x555724eb74dd <unknown>\n#6 0x555724ed62cc <unknown>\n#7 0x555724eb7253 <unknown>\n#8 0x555724e871c7 <unknown>\n#9 0x555724e87b3e <unknown>\n#10 0x5557251252cb <unknown>\n#11 0x555725129377 <unknown>\n#12 0x555725111dfe <unknown>\n#13 0x555725129e42 <unknown>\n#14 0x5557250f679f <unknown>\n#15 0x55572514e178 <unknown>\n#16 0x55572514e34b <unknown>\n#17 0x55572515dfbc <unknown>\n#18 0x7fdb9cd08134 <unknown>","time":{"start":1717031853871,"stop":1717031854017,"duration":146}}]},"tags":["@pytest.mark.xfail","smoke_test"]},"source":"de4921a8aaef5d95.json","parameterValues":[]}