{"uid":"8c178c883a0202d7","name":"TD 024 Доставка товара весом до 9000кг. в синей зоне","fullName":"tests.delivery.test_delivery_calculation.TestDeliveryPageCalculation#test_positive_delivery_blue_zone_smoke","historyId":"69e5dca98f2a435ef5ba1c77ef0ca605","time":{"start":1693875265190,"stop":1693875265625,"duration":435},"status":"broken","statusMessage":"selenium.common.exceptions.NoSuchElementException: Message: no such element: Unable to locate element: {\"method\":\"xpath\",\"selector\":\"(//a[@class='add-to-cart yellow-btn'])[1]\"}\n  (Session info: headless chrome=116.0.5845.96); For documentation on this error, please visit: https://www.selenium.dev/documentation/webdriver/troubleshooting/errors#no-such-element-exception\nStacktrace:\n#0 0x5623dbac2e23 <unknown>\n#1 0x5623db7eb7a7 <unknown>\n#2 0x5623db82a1d3 <unknown>\n#3 0x5623db82a2c1 <unknown>\n#4 0x5623db865a04 <unknown>\n#5 0x5623db84b03d <unknown>\n#6 0x5623db863369 <unknown>\n#7 0x5623db84ade3 <unknown>\n#8 0x5623db81ea7b <unknown>\n#9 0x5623db81f81e <unknown>\n#10 0x5623dba84638 <unknown>\n#11 0x5623dba88507 <unknown>\n#12 0x5623dba92c4c <unknown>\n#13 0x5623dba89136 <unknown>\n#14 0x5623dba579cf <unknown>\n#15 0x5623dbaacb98 <unknown>\n#16 0x5623dbaacd68 <unknown>\n#17 0x5623dbabbcb3 <unknown>\n#18 0x7f44e3b59044 <unknown>","statusTrace":"self = <tests.delivery.test_delivery_calculation.TestDeliveryPageCalculation object at 0x7f566fe0b750>\ndriver = <selenium.webdriver.chrome.webdriver.WebDriver (session=\"d21ac091f2f41da3dc3fb063809751e3\")>\nurl = 'https://sandboxtest.stroyrem-nn.ru/', case_id = 'TD 024'\nlink_item = 'products/shtukaturka-gipsovaya-aksolit-m50-30-kg-mashinnogo-naneseniya'\namount = 299, weight = 9000, standard = 4300, in_time = 9900, all_time = 11440\n\n    @pytest.mark.parametrize('case_id, link_item, amount, weight, standard, in_time, all_time', [\n        (\"TD 015\", bundeks_25, 1, 30, 650, 2390, 3320),\n        pytest.param(\n            \"TD 016\", aksolit_30, 8, 300, 650, 2390, 3320,\n            marks=pytest.mark.xfail(reson=\"Цена доставки: - - -\")\n        ),\n        (\"TD 017\", aksolit_30, 13, 400, 650, 2390, 3320),\n        (\"TD 018\", aksolit_30, 16, 500, 850, 2490, 3320),\n        (\"TD 019\", aksolit_30, 25, 1700, 1150, 2490, 3320),\n        (\"TD 020\", aksolit_30, 66, 2000, 1500, 2990, 3650),\n        (\"TD 021\", aksolit_30, 149, 4500, 2600, 4380, 4890),\n        (\"TD 022\", aksolit_30, 166, 5000, 2800, 5490, 5980),\n        pytest.param(\n            \"TD 023\", aksolit_30, 206, 6200, 3300, 7500, 8000,\n            marks=pytest.mark.xfail(reson=\"Цена доставки: 4300 9900 11440\")\n        ),\n        (\"TD 024\", aksolit_30, 299, 9000, 4300, 9900, 11440),\n        (\"TD 025\", aksolit_30, 333, 10000, 7000, 13900, 15900),\n        pytest.param(\n            \"TD 026\", aksolit_30, 366, 11000, 8000, 14900, 19900,\n            marks=pytest.mark.xfail(reson=\"Цена доставки: 7000 13900 15900\")\n        ),\n        pytest.param(\n            \"TD 027\", aksolit_30, 666, 20000, 14000, 16900, 23900,\n            marks=pytest.mark.xfail(reson=\"Цена доставки: 7000 13900 15900\")\n        )\n    ])\n    @pytest.mark.smoke\n    def test_positive_delivery_blue_zone_smoke(\n            self, driver, url, case_id, link_item, amount, weight, standard, in_time, all_time\n    ):\n        allure.dynamic.title(f\"{case_id} Доставка товара весом до {weight}кг. в синей зоне\")\n    \n        driver.get(f'{url}{link_item}')\n        item_page = ItemPage(driver)\n>       item_page.add_item_to_cart(amount).click_on_cart()\n\ntests/delivery/test_delivery_calculation.py:130: \n_ _ _ _ _ _ _ _ _ _ _ _ _ _ _ _ _ _ _ _ _ _ _ _ _ _ _ _ _ _ _ _ _ _ _ _ _ _ _ _ \npages/item_page.py:40: in add_item_to_cart\n    self.find_element(self._add_item).click()\nbase/seleniumbase.py:17: in find_element\n    return self.driver.find_element(*locator)\n/usr/local/lib/python3.11/site-packages/selenium/webdriver/remote/webdriver.py:740: in find_element\n    return self.execute(Command.FIND_ELEMENT, {\"using\": by, \"value\": value})[\"value\"]\n/usr/local/lib/python3.11/site-packages/selenium/webdriver/remote/webdriver.py:346: in execute\n    self.error_handler.check_response(response)\n_ _ _ _ _ _ _ _ _ _ _ _ _ _ _ _ _ _ _ _ _ _ _ _ _ _ _ _ _ _ _ _ _ _ _ _ _ _ _ _ \n\nself = <selenium.webdriver.remote.errorhandler.ErrorHandler object at 0x7f566fe5ce10>\nresponse = {'status': 404, 'value': '{\"value\":{\"error\":\"no such element\",\"message\":\"no such element: Unable to locate element: {\\...\\\\n#16 0x5623dbaacd68 \\\\u003Cunknown>\\\\n#17 0x5623dbabbcb3 \\\\u003Cunknown>\\\\n#18 0x7f44e3b59044 \\\\u003Cunknown>\\\\n\"}}'}\n\n    def check_response(self, response: Dict[str, Any]) -> None:\n        \"\"\"Checks that a JSON response from the WebDriver does not have an\n        error.\n    \n        :Args:\n         - response - The JSON response from the WebDriver server as a dictionary\n           object.\n    \n        :Raises: If the response contains an error message.\n        \"\"\"\n        status = response.get(\"status\", None)\n        if not status or status == ErrorCode.SUCCESS:\n            return\n        value = None\n        message = response.get(\"message\", \"\")\n        screen: str = response.get(\"screen\", \"\")\n        stacktrace = None\n        if isinstance(status, int):\n            value_json = response.get(\"value\", None)\n            if value_json and isinstance(value_json, str):\n                import json\n    \n                try:\n                    value = json.loads(value_json)\n                    if len(value) == 1:\n                        value = value[\"value\"]\n                    status = value.get(\"error\", None)\n                    if not status:\n                        status = value.get(\"status\", ErrorCode.UNKNOWN_ERROR)\n                        message = value.get(\"value\") or value.get(\"message\")\n                        if not isinstance(message, str):\n                            value = message\n                            message = message.get(\"message\")\n                    else:\n                        message = value.get(\"message\", None)\n                except ValueError:\n                    pass\n    \n        exception_class: Type[WebDriverException]\n        if status in ErrorCode.NO_SUCH_ELEMENT:\n            exception_class = NoSuchElementException\n        elif status in ErrorCode.NO_SUCH_FRAME:\n            exception_class = NoSuchFrameException\n        elif status in ErrorCode.NO_SUCH_SHADOW_ROOT:\n            exception_class = NoSuchShadowRootException\n        elif status in ErrorCode.NO_SUCH_WINDOW:\n            exception_class = NoSuchWindowException\n        elif status in ErrorCode.STALE_ELEMENT_REFERENCE:\n            exception_class = StaleElementReferenceException\n        elif status in ErrorCode.ELEMENT_NOT_VISIBLE:\n            exception_class = ElementNotVisibleException\n        elif status in ErrorCode.INVALID_ELEMENT_STATE:\n            exception_class = InvalidElementStateException\n        elif (\n            status in ErrorCode.INVALID_SELECTOR\n            or status in ErrorCode.INVALID_XPATH_SELECTOR\n            or status in ErrorCode.INVALID_XPATH_SELECTOR_RETURN_TYPER\n        ):\n            exception_class = InvalidSelectorException\n        elif status in ErrorCode.ELEMENT_IS_NOT_SELECTABLE:\n            exception_class = ElementNotSelectableException\n        elif status in ErrorCode.ELEMENT_NOT_INTERACTABLE:\n            exception_class = ElementNotInteractableException\n        elif status in ErrorCode.INVALID_COOKIE_DOMAIN:\n            exception_class = InvalidCookieDomainException\n        elif status in ErrorCode.UNABLE_TO_SET_COOKIE:\n            exception_class = UnableToSetCookieException\n        elif status in ErrorCode.TIMEOUT:\n            exception_class = TimeoutException\n        elif status in ErrorCode.SCRIPT_TIMEOUT:\n            exception_class = TimeoutException\n        elif status in ErrorCode.UNKNOWN_ERROR:\n            exception_class = WebDriverException\n        elif status in ErrorCode.UNEXPECTED_ALERT_OPEN:\n            exception_class = UnexpectedAlertPresentException\n        elif status in ErrorCode.NO_ALERT_OPEN:\n            exception_class = NoAlertPresentException\n        elif status in ErrorCode.IME_NOT_AVAILABLE:\n            exception_class = ImeNotAvailableException\n        elif status in ErrorCode.IME_ENGINE_ACTIVATION_FAILED:\n            exception_class = ImeActivationFailedException\n        elif status in ErrorCode.MOVE_TARGET_OUT_OF_BOUNDS:\n            exception_class = MoveTargetOutOfBoundsException\n        elif status in ErrorCode.JAVASCRIPT_ERROR:\n            exception_class = JavascriptException\n        elif status in ErrorCode.SESSION_NOT_CREATED:\n            exception_class = SessionNotCreatedException\n        elif status in ErrorCode.INVALID_ARGUMENT:\n            exception_class = InvalidArgumentException\n        elif status in ErrorCode.NO_SUCH_COOKIE:\n            exception_class = NoSuchCookieException\n        elif status in ErrorCode.UNABLE_TO_CAPTURE_SCREEN:\n            exception_class = ScreenshotException\n        elif status in ErrorCode.ELEMENT_CLICK_INTERCEPTED:\n            exception_class = ElementClickInterceptedException\n        elif status in ErrorCode.INSECURE_CERTIFICATE:\n            exception_class = InsecureCertificateException\n        elif status in ErrorCode.INVALID_COORDINATES:\n            exception_class = InvalidCoordinatesException\n        elif status in ErrorCode.INVALID_SESSION_ID:\n            exception_class = InvalidSessionIdException\n        elif status in ErrorCode.UNKNOWN_METHOD:\n            exception_class = UnknownMethodException\n        else:\n            exception_class = WebDriverException\n        if not value:\n            value = response[\"value\"]\n        if isinstance(value, str):\n            raise exception_class(value)\n        if message == \"\" and \"message\" in value:\n            message = value[\"message\"]\n    \n        screen = None  # type: ignore[assignment]\n        if \"screen\" in value:\n            screen = value[\"screen\"]\n    \n        stacktrace = None\n        st_value = value.get(\"stackTrace\") or value.get(\"stacktrace\")\n        if st_value:\n            if isinstance(st_value, str):\n                stacktrace = st_value.split(\"\\n\")\n            else:\n                stacktrace = []\n                try:\n                    for frame in st_value:\n                        line = frame.get(\"lineNumber\", \"\")\n                        file = frame.get(\"fileName\", \"<anonymous>\")\n                        if line:\n                            file = f\"{file}:{line}\"\n                        meth = frame.get(\"methodName\", \"<anonymous>\")\n                        if \"className\" in frame:\n                            meth = f\"{frame['className']}.{meth}\"\n                        msg = \"    at %s (%s)\"\n                        msg = msg % (meth, file)\n                        stacktrace.append(msg)\n                except TypeError:\n                    pass\n        if exception_class == UnexpectedAlertPresentException:\n            alert_text = None\n            if \"data\" in value:\n                alert_text = value[\"data\"].get(\"text\")\n            elif \"alert\" in value:\n                alert_text = value[\"alert\"].get(\"text\")\n            raise exception_class(message, screen, stacktrace, alert_text)  # type: ignore[call-arg]  # mypy is not smart enough here\n>       raise exception_class(message, screen, stacktrace)\nE       selenium.common.exceptions.NoSuchElementException: Message: no such element: Unable to locate element: {\"method\":\"xpath\",\"selector\":\"(//a[@class='add-to-cart yellow-btn'])[1]\"}\nE         (Session info: headless chrome=116.0.5845.96); For documentation on this error, please visit: https://www.selenium.dev/documentation/webdriver/troubleshooting/errors#no-such-element-exception\nE       Stacktrace:\nE       #0 0x5623dbac2e23 <unknown>\nE       #1 0x5623db7eb7a7 <unknown>\nE       #2 0x5623db82a1d3 <unknown>\nE       #3 0x5623db82a2c1 <unknown>\nE       #4 0x5623db865a04 <unknown>\nE       #5 0x5623db84b03d <unknown>\nE       #6 0x5623db863369 <unknown>\nE       #7 0x5623db84ade3 <unknown>\nE       #8 0x5623db81ea7b <unknown>\nE       #9 0x5623db81f81e <unknown>\nE       #10 0x5623dba84638 <unknown>\nE       #11 0x5623dba88507 <unknown>\nE       #12 0x5623dba92c4c <unknown>\nE       #13 0x5623dba89136 <unknown>\nE       #14 0x5623dba579cf <unknown>\nE       #15 0x5623dbaacb98 <unknown>\nE       #16 0x5623dbaacd68 <unknown>\nE       #17 0x5623dbabbcb3 <unknown>\nE       #18 0x7f44e3b59044 <unknown>\n\n/usr/local/lib/python3.11/site-packages/selenium/webdriver/remote/errorhandler.py:245: NoSuchElementException","flaky":false,"newFailed":false,"newBroken":false,"newPassed":false,"retriesCount":0,"retriesStatusChange":false,"beforeStages":[{"name":"_session_faker","time":{"start":1693874730394,"stop":1693874730478,"duration":84},"status":"passed","steps":[],"attachments":[],"parameters":[],"shouldDisplayMessage":false,"stepsCount":0,"attachmentsCount":0,"hasContent":false},{"name":"clear_allure_results_folder","time":{"start":1693874730478,"stop":1693874730478,"duration":0},"status":"passed","steps":[],"attachments":[],"parameters":[],"shouldDisplayMessage":false,"stepsCount":0,"attachmentsCount":0,"hasContent":false},{"name":"driver","time":{"start":1693875264422,"stop":1693875265188,"duration":766},"status":"passed","steps":[],"attachments":[],"parameters":[],"shouldDisplayMessage":false,"stepsCount":0,"attachmentsCount":0,"hasContent":false},{"name":"setup","time":{"start":1693875265189,"stop":1693875265189,"duration":0},"status":"passed","steps":[],"attachments":[],"parameters":[],"shouldDisplayMessage":false,"stepsCount":0,"attachmentsCount":0,"hasContent":false}],"testStage":{"status":"broken","statusMessage":"selenium.common.exceptions.NoSuchElementException: Message: no such element: Unable to locate element: {\"method\":\"xpath\",\"selector\":\"(//a[@class='add-to-cart yellow-btn'])[1]\"}\n  (Session info: headless chrome=116.0.5845.96); For documentation on this error, please visit: https://www.selenium.dev/documentation/webdriver/troubleshooting/errors#no-such-element-exception\nStacktrace:\n#0 0x5623dbac2e23 <unknown>\n#1 0x5623db7eb7a7 <unknown>\n#2 0x5623db82a1d3 <unknown>\n#3 0x5623db82a2c1 <unknown>\n#4 0x5623db865a04 <unknown>\n#5 0x5623db84b03d <unknown>\n#6 0x5623db863369 <unknown>\n#7 0x5623db84ade3 <unknown>\n#8 0x5623db81ea7b <unknown>\n#9 0x5623db81f81e <unknown>\n#10 0x5623dba84638 <unknown>\n#11 0x5623dba88507 <unknown>\n#12 0x5623dba92c4c <unknown>\n#13 0x5623dba89136 <unknown>\n#14 0x5623dba579cf <unknown>\n#15 0x5623dbaacb98 <unknown>\n#16 0x5623dbaacd68 <unknown>\n#17 0x5623dbabbcb3 <unknown>\n#18 0x7f44e3b59044 <unknown>","statusTrace":"self = <tests.delivery.test_delivery_calculation.TestDeliveryPageCalculation object at 0x7f566fe0b750>\ndriver = <selenium.webdriver.chrome.webdriver.WebDriver (session=\"d21ac091f2f41da3dc3fb063809751e3\")>\nurl = 'https://sandboxtest.stroyrem-nn.ru/', case_id = 'TD 024'\nlink_item = 'products/shtukaturka-gipsovaya-aksolit-m50-30-kg-mashinnogo-naneseniya'\namount = 299, weight = 9000, standard = 4300, in_time = 9900, all_time = 11440\n\n    @pytest.mark.parametrize('case_id, link_item, amount, weight, standard, in_time, all_time', [\n        (\"TD 015\", bundeks_25, 1, 30, 650, 2390, 3320),\n        pytest.param(\n            \"TD 016\", aksolit_30, 8, 300, 650, 2390, 3320,\n            marks=pytest.mark.xfail(reson=\"Цена доставки: - - -\")\n        ),\n        (\"TD 017\", aksolit_30, 13, 400, 650, 2390, 3320),\n        (\"TD 018\", aksolit_30, 16, 500, 850, 2490, 3320),\n        (\"TD 019\", aksolit_30, 25, 1700, 1150, 2490, 3320),\n        (\"TD 020\", aksolit_30, 66, 2000, 1500, 2990, 3650),\n        (\"TD 021\", aksolit_30, 149, 4500, 2600, 4380, 4890),\n        (\"TD 022\", aksolit_30, 166, 5000, 2800, 5490, 5980),\n        pytest.param(\n            \"TD 023\", aksolit_30, 206, 6200, 3300, 7500, 8000,\n            marks=pytest.mark.xfail(reson=\"Цена доставки: 4300 9900 11440\")\n        ),\n        (\"TD 024\", aksolit_30, 299, 9000, 4300, 9900, 11440),\n        (\"TD 025\", aksolit_30, 333, 10000, 7000, 13900, 15900),\n        pytest.param(\n            \"TD 026\", aksolit_30, 366, 11000, 8000, 14900, 19900,\n            marks=pytest.mark.xfail(reson=\"Цена доставки: 7000 13900 15900\")\n        ),\n        pytest.param(\n            \"TD 027\", aksolit_30, 666, 20000, 14000, 16900, 23900,\n            marks=pytest.mark.xfail(reson=\"Цена доставки: 7000 13900 15900\")\n        )\n    ])\n    @pytest.mark.smoke\n    def test_positive_delivery_blue_zone_smoke(\n            self, driver, url, case_id, link_item, amount, weight, standard, in_time, all_time\n    ):\n        allure.dynamic.title(f\"{case_id} Доставка товара весом до {weight}кг. в синей зоне\")\n    \n        driver.get(f'{url}{link_item}')\n        item_page = ItemPage(driver)\n>       item_page.add_item_to_cart(amount).click_on_cart()\n\ntests/delivery/test_delivery_calculation.py:130: \n_ _ _ _ _ _ _ _ _ _ _ _ _ _ _ _ _ _ _ _ _ _ _ _ _ _ _ _ _ _ _ _ _ _ _ _ _ _ _ _ \npages/item_page.py:40: in add_item_to_cart\n    self.find_element(self._add_item).click()\nbase/seleniumbase.py:17: in find_element\n    return self.driver.find_element(*locator)\n/usr/local/lib/python3.11/site-packages/selenium/webdriver/remote/webdriver.py:740: in find_element\n    return self.execute(Command.FIND_ELEMENT, {\"using\": by, \"value\": value})[\"value\"]\n/usr/local/lib/python3.11/site-packages/selenium/webdriver/remote/webdriver.py:346: in execute\n    self.error_handler.check_response(response)\n_ _ _ _ _ _ _ _ _ _ _ _ _ _ _ _ _ _ _ _ _ _ _ _ _ _ _ _ _ _ _ _ _ _ _ _ _ _ _ _ \n\nself = <selenium.webdriver.remote.errorhandler.ErrorHandler object at 0x7f566fe5ce10>\nresponse = {'status': 404, 'value': '{\"value\":{\"error\":\"no such element\",\"message\":\"no such element: Unable to locate element: {\\...\\\\n#16 0x5623dbaacd68 \\\\u003Cunknown>\\\\n#17 0x5623dbabbcb3 \\\\u003Cunknown>\\\\n#18 0x7f44e3b59044 \\\\u003Cunknown>\\\\n\"}}'}\n\n    def check_response(self, response: Dict[str, Any]) -> None:\n        \"\"\"Checks that a JSON response from the WebDriver does not have an\n        error.\n    \n        :Args:\n         - response - The JSON response from the WebDriver server as a dictionary\n           object.\n    \n        :Raises: If the response contains an error message.\n        \"\"\"\n        status = response.get(\"status\", None)\n        if not status or status == ErrorCode.SUCCESS:\n            return\n        value = None\n        message = response.get(\"message\", \"\")\n        screen: str = response.get(\"screen\", \"\")\n        stacktrace = None\n        if isinstance(status, int):\n            value_json = response.get(\"value\", None)\n            if value_json and isinstance(value_json, str):\n                import json\n    \n                try:\n                    value = json.loads(value_json)\n                    if len(value) == 1:\n                        value = value[\"value\"]\n                    status = value.get(\"error\", None)\n                    if not status:\n                        status = value.get(\"status\", ErrorCode.UNKNOWN_ERROR)\n                        message = value.get(\"value\") or value.get(\"message\")\n                        if not isinstance(message, str):\n                            value = message\n                            message = message.get(\"message\")\n                    else:\n                        message = value.get(\"message\", None)\n                except ValueError:\n                    pass\n    \n        exception_class: Type[WebDriverException]\n        if status in ErrorCode.NO_SUCH_ELEMENT:\n            exception_class = NoSuchElementException\n        elif status in ErrorCode.NO_SUCH_FRAME:\n            exception_class = NoSuchFrameException\n        elif status in ErrorCode.NO_SUCH_SHADOW_ROOT:\n            exception_class = NoSuchShadowRootException\n        elif status in ErrorCode.NO_SUCH_WINDOW:\n            exception_class = NoSuchWindowException\n        elif status in ErrorCode.STALE_ELEMENT_REFERENCE:\n            exception_class = StaleElementReferenceException\n        elif status in ErrorCode.ELEMENT_NOT_VISIBLE:\n            exception_class = ElementNotVisibleException\n        elif status in ErrorCode.INVALID_ELEMENT_STATE:\n            exception_class = InvalidElementStateException\n        elif (\n            status in ErrorCode.INVALID_SELECTOR\n            or status in ErrorCode.INVALID_XPATH_SELECTOR\n            or status in ErrorCode.INVALID_XPATH_SELECTOR_RETURN_TYPER\n        ):\n            exception_class = InvalidSelectorException\n        elif status in ErrorCode.ELEMENT_IS_NOT_SELECTABLE:\n            exception_class = ElementNotSelectableException\n        elif status in ErrorCode.ELEMENT_NOT_INTERACTABLE:\n            exception_class = ElementNotInteractableException\n        elif status in ErrorCode.INVALID_COOKIE_DOMAIN:\n            exception_class = InvalidCookieDomainException\n        elif status in ErrorCode.UNABLE_TO_SET_COOKIE:\n            exception_class = UnableToSetCookieException\n        elif status in ErrorCode.TIMEOUT:\n            exception_class = TimeoutException\n        elif status in ErrorCode.SCRIPT_TIMEOUT:\n            exception_class = TimeoutException\n        elif status in ErrorCode.UNKNOWN_ERROR:\n            exception_class = WebDriverException\n        elif status in ErrorCode.UNEXPECTED_ALERT_OPEN:\n            exception_class = UnexpectedAlertPresentException\n        elif status in ErrorCode.NO_ALERT_OPEN:\n            exception_class = NoAlertPresentException\n        elif status in ErrorCode.IME_NOT_AVAILABLE:\n            exception_class = ImeNotAvailableException\n        elif status in ErrorCode.IME_ENGINE_ACTIVATION_FAILED:\n            exception_class = ImeActivationFailedException\n        elif status in ErrorCode.MOVE_TARGET_OUT_OF_BOUNDS:\n            exception_class = MoveTargetOutOfBoundsException\n        elif status in ErrorCode.JAVASCRIPT_ERROR:\n            exception_class = JavascriptException\n        elif status in ErrorCode.SESSION_NOT_CREATED:\n            exception_class = SessionNotCreatedException\n        elif status in ErrorCode.INVALID_ARGUMENT:\n            exception_class = InvalidArgumentException\n        elif status in ErrorCode.NO_SUCH_COOKIE:\n            exception_class = NoSuchCookieException\n        elif status in ErrorCode.UNABLE_TO_CAPTURE_SCREEN:\n            exception_class = ScreenshotException\n        elif status in ErrorCode.ELEMENT_CLICK_INTERCEPTED:\n            exception_class = ElementClickInterceptedException\n        elif status in ErrorCode.INSECURE_CERTIFICATE:\n            exception_class = InsecureCertificateException\n        elif status in ErrorCode.INVALID_COORDINATES:\n            exception_class = InvalidCoordinatesException\n        elif status in ErrorCode.INVALID_SESSION_ID:\n            exception_class = InvalidSessionIdException\n        elif status in ErrorCode.UNKNOWN_METHOD:\n            exception_class = UnknownMethodException\n        else:\n            exception_class = WebDriverException\n        if not value:\n            value = response[\"value\"]\n        if isinstance(value, str):\n            raise exception_class(value)\n        if message == \"\" and \"message\" in value:\n            message = value[\"message\"]\n    \n        screen = None  # type: ignore[assignment]\n        if \"screen\" in value:\n            screen = value[\"screen\"]\n    \n        stacktrace = None\n        st_value = value.get(\"stackTrace\") or value.get(\"stacktrace\")\n        if st_value:\n            if isinstance(st_value, str):\n                stacktrace = st_value.split(\"\\n\")\n            else:\n                stacktrace = []\n                try:\n                    for frame in st_value:\n                        line = frame.get(\"lineNumber\", \"\")\n                        file = frame.get(\"fileName\", \"<anonymous>\")\n                        if line:\n                            file = f\"{file}:{line}\"\n                        meth = frame.get(\"methodName\", \"<anonymous>\")\n                        if \"className\" in frame:\n                            meth = f\"{frame['className']}.{meth}\"\n                        msg = \"    at %s (%s)\"\n                        msg = msg % (meth, file)\n                        stacktrace.append(msg)\n                except TypeError:\n                    pass\n        if exception_class == UnexpectedAlertPresentException:\n            alert_text = None\n            if \"data\" in value:\n                alert_text = value[\"data\"].get(\"text\")\n            elif \"alert\" in value:\n                alert_text = value[\"alert\"].get(\"text\")\n            raise exception_class(message, screen, stacktrace, alert_text)  # type: ignore[call-arg]  # mypy is not smart enough here\n>       raise exception_class(message, screen, stacktrace)\nE       selenium.common.exceptions.NoSuchElementException: Message: no such element: Unable to locate element: {\"method\":\"xpath\",\"selector\":\"(//a[@class='add-to-cart yellow-btn'])[1]\"}\nE         (Session info: headless chrome=116.0.5845.96); For documentation on this error, please visit: https://www.selenium.dev/documentation/webdriver/troubleshooting/errors#no-such-element-exception\nE       Stacktrace:\nE       #0 0x5623dbac2e23 <unknown>\nE       #1 0x5623db7eb7a7 <unknown>\nE       #2 0x5623db82a1d3 <unknown>\nE       #3 0x5623db82a2c1 <unknown>\nE       #4 0x5623db865a04 <unknown>\nE       #5 0x5623db84b03d <unknown>\nE       #6 0x5623db863369 <unknown>\nE       #7 0x5623db84ade3 <unknown>\nE       #8 0x5623db81ea7b <unknown>\nE       #9 0x5623db81f81e <unknown>\nE       #10 0x5623dba84638 <unknown>\nE       #11 0x5623dba88507 <unknown>\nE       #12 0x5623dba92c4c <unknown>\nE       #13 0x5623dba89136 <unknown>\nE       #14 0x5623dba579cf <unknown>\nE       #15 0x5623dbaacb98 <unknown>\nE       #16 0x5623dbaacd68 <unknown>\nE       #17 0x5623dbabbcb3 <unknown>\nE       #18 0x7f44e3b59044 <unknown>\n\n/usr/local/lib/python3.11/site-packages/selenium/webdriver/remote/errorhandler.py:245: NoSuchElementException","steps":[{"name":"Добавляем товар в корзину в количестве 299","time":{"start":1693875265609,"stop":1693875265624,"duration":15},"status":"broken","statusMessage":"selenium.common.exceptions.NoSuchElementException: Message: no such element: Unable to locate element: {\"method\":\"xpath\",\"selector\":\"(//a[@class='add-to-cart yellow-btn'])[1]\"}\n  (Session info: headless chrome=116.0.5845.96); For documentation on this error, please visit: https://www.selenium.dev/documentation/webdriver/troubleshooting/errors#no-such-element-exception\nStacktrace:\n#0 0x5623dbac2e23 <unknown>\n#1 0x5623db7eb7a7 <unknown>\n#2 0x5623db82a1d3 <unknown>\n#3 0x5623db82a2c1 <unknown>\n#4 0x5623db865a04 <unknown>\n#5 0x5623db84b03d <unknown>\n#6 0x5623db863369 <unknown>\n#7 0x5623db84ade3 <unknown>\n#8 0x5623db81ea7b <unknown>\n#9 0x5623db81f81e <unknown>\n#10 0x5623dba84638 <unknown>\n#11 0x5623dba88507 <unknown>\n#12 0x5623dba92c4c <unknown>\n#13 0x5623dba89136 <unknown>\n#14 0x5623dba579cf <unknown>\n#15 0x5623dbaacb98 <unknown>\n#16 0x5623dbaacd68 <unknown>\n#17 0x5623dbabbcb3 <unknown>\n#18 0x7f44e3b59044 <unknown>\n\n","statusTrace":"  File \"/usr/local/lib/python3.11/site-packages/allure_commons/_allure.py\", line 192, in impl\n    return func(*a, **kw)\n           ^^^^^^^^^^^^^^\n  File \"/app/pages/item_page.py\", line 40, in add_item_to_cart\n    self.find_element(self._add_item).click()\n    ^^^^^^^^^^^^^^^^^^^^^^^^^^^^^^^^^\n  File \"/app/base/seleniumbase.py\", line 17, in find_element\n    return self.driver.find_element(*locator)\n           ^^^^^^^^^^^^^^^^^^^^^^^^^^^^^^^^^^\n  File \"/usr/local/lib/python3.11/site-packages/selenium/webdriver/remote/webdriver.py\", line 740, in find_element\n    return self.execute(Command.FIND_ELEMENT, {\"using\": by, \"value\": value})[\"value\"]\n           ^^^^^^^^^^^^^^^^^^^^^^^^^^^^^^^^^^^^^^^^^^^^^^^^^^^^^^^^^^^^^^^^^\n  File \"/usr/local/lib/python3.11/site-packages/selenium/webdriver/remote/webdriver.py\", line 346, in execute\n    self.error_handler.check_response(response)\n  File \"/usr/local/lib/python3.11/site-packages/selenium/webdriver/remote/errorhandler.py\", line 245, in check_response\n    raise exception_class(message, screen, stacktrace)\n","steps":[],"attachments":[],"parameters":[{"name":"amount","value":"299"}],"shouldDisplayMessage":true,"stepsCount":0,"attachmentsCount":0,"hasContent":true}],"attachments":[{"uid":"b94fffcc7b755c84","name":"Screenshot","source":"b94fffcc7b755c84.png","type":"image/png","size":5862},{"uid":"665e09089b76429f","name":"HTML source","source":"665e09089b76429f.html","type":"text/html","size":39}],"parameters":[],"shouldDisplayMessage":true,"stepsCount":1,"attachmentsCount":2,"hasContent":true},"afterStages":[{"name":"setup::0","time":{"start":1693875265752,"stop":1693875265752,"duration":0},"status":"passed","steps":[],"attachments":[],"parameters":[],"shouldDisplayMessage":false,"stepsCount":0,"attachmentsCount":0,"hasContent":false},{"name":"driver::0","time":{"start":1693875265752,"stop":1693875265808,"duration":56},"status":"passed","steps":[],"attachments":[],"parameters":[],"shouldDisplayMessage":false,"stepsCount":0,"attachmentsCount":0,"hasContent":false}],"labels":[{"name":"epic","value":"Delivery Page - calculation"},{"name":"tag","value":"smoke"},{"name":"parentSuite","value":"tests.delivery"},{"name":"suite","value":"test_delivery_calculation"},{"name":"subSuite","value":"TestDeliveryPageCalculation"},{"name":"host","value":"89a110ddb315"},{"name":"thread","value":"1-MainThread"},{"name":"framework","value":"pytest"},{"name":"language","value":"cpython3"},{"name":"package","value":"tests.delivery.test_delivery_calculation"},{"name":"resultFormat","value":"allure2"}],"parameters":[{"name":"all_time","value":"11440"},{"name":"amount","value":"299"},{"name":"case_id","value":"'TD 024'"},{"name":"in_time","value":"9900"},{"name":"link_item","value":"'products/shtukaturka-gipsovaya-aksolit-m50-30-kg-mashinnogo-naneseniya'"},{"name":"standard","value":"4300"},{"name":"url","value":"'https://sandboxtest.stroyrem-nn.ru/'"},{"name":"weight","value":"9000"}],"links":[],"hidden":false,"retry":false,"extra":{"severity":"normal","retries":[],"categories":[{"name":"Test defects","matchedStatuses":[],"flaky":false}],"history":{"statistic":{"failed":0,"broken":8,"skipped":0,"passed":0,"unknown":0,"total":8},"items":[{"uid":"eaf07ca59d534f64","reportUrl":"https://Nat754.github.io/StroyremAutomation/48//#testresult/eaf07ca59d534f64","status":"broken","statusDetails":"selenium.common.exceptions.ElementNotInteractableException: Message: element not interactable\n  (Session info: headless chrome=116.0.5845.96)\nStacktrace:\n#0 0x5650abb59e23 <unknown>\n#1 0x5650ab8825f6 <unknown>\n#2 0x5650ab8b8c5d <unknown>\n#3 0x5650ab8e2012 <unknown>\n#4 0x5650ab8b6fb6 <unknown>\n#5 0x5650ab8e21de <unknown>\n#6 0x5650ab8fa369 <unknown>\n#7 0x5650ab8e1de3 <unknown>\n#8 0x5650ab8b5a7b <unknown>\n#9 0x5650ab8b681e <unknown>\n#10 0x5650abb1b638 <unknown>\n#11 0x5650abb1f507 <unknown>\n#12 0x5650abb29c4c <unknown>\n#13 0x5650abb20136 <unknown>\n#14 0x5650abaee9cf <unknown>\n#15 0x5650abb43b98 <unknown>\n#16 0x5650abb43d68 <unknown>\n#17 0x5650abb52cb3 <unknown>\n#18 0x7f627d598044 <unknown>","time":{"start":1693789233294,"stop":1693789239133,"duration":5839}},{"uid":"be30d3ab340e574d","reportUrl":"https://Nat754.github.io/StroyremAutomation/3//#testresult/be30d3ab340e574d","status":"broken","statusDetails":"selenium.common.exceptions.ElementNotInteractableException: Message: element not interactable\n  (Session info: headless chrome=116.0.5845.96)\nStacktrace:\n#0 0x56148e299e23 <unknown>\n#1 0x56148dfc25f6 <unknown>\n#2 0x56148dff8c5d <unknown>\n#3 0x56148e022012 <unknown>\n#4 0x56148dff6fb6 <unknown>\n#5 0x56148e0221de <unknown>\n#6 0x56148e03a369 <unknown>\n#7 0x56148e021de3 <unknown>\n#8 0x56148dff5a7b <unknown>\n#9 0x56148dff681e <unknown>\n#10 0x56148e25b638 <unknown>\n#11 0x56148e25f507 <unknown>\n#12 0x56148e269c4c <unknown>\n#13 0x56148e260136 <unknown>\n#14 0x56148e22e9cf <unknown>\n#15 0x56148e283b98 <unknown>\n#16 0x56148e283d68 <unknown>\n#17 0x56148e292cb3 <unknown>\n#18 0x7f7715b42044 <unknown>","time":{"start":1693730234463,"stop":1693730238922,"duration":4459}},{"uid":"5ca530539611851c","reportUrl":"https://Nat754.github.io/StroyremAutomation/47//#testresult/5ca530539611851c","status":"broken","statusDetails":"selenium.common.exceptions.ElementNotInteractableException: Message: element not interactable\n  (Session info: headless chrome=116.0.5845.96)\nStacktrace:\n#0 0x55780077de23 <unknown>\n#1 0x5578004a65f6 <unknown>\n#2 0x5578004dcc5d <unknown>\n#3 0x557800506012 <unknown>\n#4 0x5578004dafb6 <unknown>\n#5 0x5578005061de <unknown>\n#6 0x55780051e369 <unknown>\n#7 0x557800505de3 <unknown>\n#8 0x5578004d9a7b <unknown>\n#9 0x5578004da81e <unknown>\n#10 0x55780073f638 <unknown>\n#11 0x557800743507 <unknown>\n#12 0x55780074dc4c <unknown>\n#13 0x557800744136 <unknown>\n#14 0x5578007129cf <unknown>\n#15 0x557800767b98 <unknown>\n#16 0x557800767d68 <unknown>\n#17 0x557800776cb3 <unknown>\n#18 0x7fcbb7dab044 <unknown>","time":{"start":1693730731492,"stop":1693730737899,"duration":6407}},{"uid":"fafa727367f03a7b","reportUrl":"https://Nat754.github.io/StroyremAutomation/47//#testresult/fafa727367f03a7b","status":"broken","statusDetails":"selenium.common.exceptions.ElementNotInteractableException: Message: element not interactable\n  (Session info: headless chrome=116.0.5845.96)\nStacktrace:\n#0 0x563f634cde23 <unknown>\n#1 0x563f631f65f6 <unknown>\n#2 0x563f6322cc5d <unknown>\n#3 0x563f63256012 <unknown>\n#4 0x563f6322afb6 <unknown>\n#5 0x563f632561de <unknown>\n#6 0x563f6326e369 <unknown>\n#7 0x563f63255de3 <unknown>\n#8 0x563f63229a7b <unknown>\n#9 0x563f6322a81e <unknown>\n#10 0x563f6348f638 <unknown>\n#11 0x563f63493507 <unknown>\n#12 0x563f6349dc4c <unknown>\n#13 0x563f63494136 <unknown>\n#14 0x563f634629cf <unknown>\n#15 0x563f634b7b98 <unknown>\n#16 0x563f634b7d68 <unknown>\n#17 0x563f634c6cb3 <unknown>\n#18 0x7f72233fe044 <unknown>","time":{"start":1693703041470,"stop":1693703048106,"duration":6636}},{"uid":"60223278b91a31aa","reportUrl":"https://Nat754.github.io/StroyremAutomation/46//#testresult/60223278b91a31aa","status":"broken","statusDetails":"selenium.common.exceptions.WebDriverException: Message: unknown error: net::ERR_CONNECTION_REFUSED\n  (Session info: headless chrome=116.0.5845.96)\nStacktrace:\n#0 0x560413a33e23 <unknown>\n#1 0x56041375c7a7 <unknown>\n#2 0x560413754829 <unknown>\n#3 0x5604137442c2 <unknown>\n#4 0x5604137459fb <unknown>\n#5 0x56041374469d <unknown>\n#6 0x56041374365c <unknown>\n#7 0x5604137435ce <unknown>\n#8 0x56041374228a <unknown>\n#9 0x5604137426da <unknown>\n#10 0x56041375e630 <unknown>\n#11 0x5604137d4b15 <unknown>\n#12 0x5604137bc012 <unknown>\n#13 0x5604137d4369 <unknown>\n#14 0x5604137bbde3 <unknown>\n#15 0x56041378fa7b <unknown>\n#16 0x56041379081e <unknown>\n#17 0x5604139f5638 <unknown>\n#18 0x5604139f9507 <unknown>\n#19 0x560413a03c4c <unknown>\n#20 0x5604139fa136 <unknown>\n#21 0x5604139c89cf <unknown>\n#22 0x560413a1db98 <unknown>\n#23 0x560413a1dd68 <unknown>\n#24 0x560413a2ccb3 <unknown>\n#25 0x7f5bcb992044 <unknown>","time":{"start":1693616218517,"stop":1693616218763,"duration":246}},{"uid":"3ae348f303ccd25d","reportUrl":"https://Nat754.github.io/StroyremAutomation/45//#testresult/3ae348f303ccd25d","status":"broken","statusDetails":"selenium.common.exceptions.WebDriverException: Message: unknown error: net::ERR_CONNECTION_REFUSED\n  (Session info: headless chrome=116.0.5845.96)\nStacktrace:\n#0 0x5635ac0dfe23 <unknown>\n#1 0x5635abe087a7 <unknown>\n#2 0x5635abe00829 <unknown>\n#3 0x5635abdf02c2 <unknown>\n#4 0x5635abdf19fb <unknown>\n#5 0x5635abdf069d <unknown>\n#6 0x5635abdef65c <unknown>\n#7 0x5635abdef5ce <unknown>\n#8 0x5635abdee28a <unknown>\n#9 0x5635abdee6da <unknown>\n#10 0x5635abe0a630 <unknown>\n#11 0x5635abe80b15 <unknown>\n#12 0x5635abe68012 <unknown>\n#13 0x5635abe80369 <unknown>\n#14 0x5635abe67de3 <unknown>\n#15 0x5635abe3ba7b <unknown>\n#16 0x5635abe3c81e <unknown>\n#17 0x5635ac0a1638 <unknown>\n#18 0x5635ac0a5507 <unknown>\n#19 0x5635ac0afc4c <unknown>\n#20 0x5635ac0a6136 <unknown>\n#21 0x5635ac0749cf <unknown>\n#22 0x5635ac0c9b98 <unknown>\n#23 0x5635ac0c9d68 <unknown>\n#24 0x5635ac0d8cb3 <unknown>\n#25 0x7f1c673b5044 <unknown>","time":{"start":1693530142136,"stop":1693530142370,"duration":234}},{"uid":"a45ddc6c0eaf0675","reportUrl":"https://Nat754.github.io/StroyremAutomation/2//#testresult/a45ddc6c0eaf0675","status":"broken","statusDetails":"selenium.common.exceptions.NoSuchElementException: Message: no such element: Unable to locate element: {\"method\":\"xpath\",\"selector\":\"(//a[@class='add-to-cart yellow-btn'])[1]\"}\n  (Session info: headless chrome=116.0.5845.96); For documentation on this error, please visit: https://www.selenium.dev/documentation/webdriver/troubleshooting/errors#no-such-element-exception\nStacktrace:\n#0 0x558614b83e23 <unknown>\n#1 0x5586148ac7a7 <unknown>\n#2 0x5586148eb1d3 <unknown>\n#3 0x5586148eb2c1 <unknown>\n#4 0x558614926a04 <unknown>\n#5 0x55861490c03d <unknown>\n#6 0x558614924369 <unknown>\n#7 0x55861490bde3 <unknown>\n#8 0x5586148dfa7b <unknown>\n#9 0x5586148e081e <unknown>\n#10 0x558614b45638 <unknown>\n#11 0x558614b49507 <unknown>\n#12 0x558614b53c4c <unknown>\n#13 0x558614b4a136 <unknown>\n#14 0x558614b189cf <unknown>\n#15 0x558614b6db98 <unknown>\n#16 0x558614b6dd68 <unknown>\n#17 0x558614b7ccb3 <unknown>\n#18 0x7f1508fbf044 <unknown>","time":{"start":1693476192914,"stop":1693476193533,"duration":619}}]},"tags":["smoke"]},"source":"8c178c883a0202d7.json","parameterValues":["11440","299","'TD 024'","9900","'products/shtukaturka-gipsovaya-aksolit-m50-30-kg-mashinnogo-naneseniya'","4300","'https://sandboxtest.stroyrem-nn.ru/'","9000"]}