{"uid":"cf2006048b091854","name":"TD 019 Доставка товара весом до 1700кг. в синей зоне","fullName":"tests.delivery.test_delivery_calculation.TestDeliveryPageCalculation#test_positive_delivery_blue_zone_smoke","historyId":"7de17ed6f423399e8e6f079409b2bd41","time":{"start":1693875257863,"stop":1693875258296,"duration":433},"status":"broken","statusMessage":"selenium.common.exceptions.NoSuchElementException: Message: no such element: Unable to locate element: {\"method\":\"xpath\",\"selector\":\"(//a[@class='add-to-cart yellow-btn'])[1]\"}\n  (Session info: headless chrome=116.0.5845.96); For documentation on this error, please visit: https://www.selenium.dev/documentation/webdriver/troubleshooting/errors#no-such-element-exception\nStacktrace:\n#0 0x561bba113e23 <unknown>\n#1 0x561bb9e3c7a7 <unknown>\n#2 0x561bb9e7b1d3 <unknown>\n#3 0x561bb9e7b2c1 <unknown>\n#4 0x561bb9eb6a04 <unknown>\n#5 0x561bb9e9c03d <unknown>\n#6 0x561bb9eb4369 <unknown>\n#7 0x561bb9e9bde3 <unknown>\n#8 0x561bb9e6fa7b <unknown>\n#9 0x561bb9e7081e <unknown>\n#10 0x561bba0d5638 <unknown>\n#11 0x561bba0d9507 <unknown>\n#12 0x561bba0e3c4c <unknown>\n#13 0x561bba0da136 <unknown>\n#14 0x561bba0a89cf <unknown>\n#15 0x561bba0fdb98 <unknown>\n#16 0x561bba0fdd68 <unknown>\n#17 0x561bba10ccb3 <unknown>\n#18 0x7f5125bc3044 <unknown>","statusTrace":"self = <tests.delivery.test_delivery_calculation.TestDeliveryPageCalculation object at 0x7f566fe0ae50>\ndriver = <selenium.webdriver.chrome.webdriver.WebDriver (session=\"c3f97bb5472beaa106f61d4da982f6a4\")>\nurl = 'https://sandboxtest.stroyrem-nn.ru/', case_id = 'TD 019'\nlink_item = 'products/shtukaturka-gipsovaya-aksolit-m50-30-kg-mashinnogo-naneseniya'\namount = 25, weight = 1700, standard = 1150, in_time = 2490, all_time = 3320\n\n    @pytest.mark.parametrize('case_id, link_item, amount, weight, standard, in_time, all_time', [\n        (\"TD 015\", bundeks_25, 1, 30, 650, 2390, 3320),\n        pytest.param(\n            \"TD 016\", aksolit_30, 8, 300, 650, 2390, 3320,\n            marks=pytest.mark.xfail(reson=\"Цена доставки: - - -\")\n        ),\n        (\"TD 017\", aksolit_30, 13, 400, 650, 2390, 3320),\n        (\"TD 018\", aksolit_30, 16, 500, 850, 2490, 3320),\n        (\"TD 019\", aksolit_30, 25, 1700, 1150, 2490, 3320),\n        (\"TD 020\", aksolit_30, 66, 2000, 1500, 2990, 3650),\n        (\"TD 021\", aksolit_30, 149, 4500, 2600, 4380, 4890),\n        (\"TD 022\", aksolit_30, 166, 5000, 2800, 5490, 5980),\n        pytest.param(\n            \"TD 023\", aksolit_30, 206, 6200, 3300, 7500, 8000,\n            marks=pytest.mark.xfail(reson=\"Цена доставки: 4300 9900 11440\")\n        ),\n        (\"TD 024\", aksolit_30, 299, 9000, 4300, 9900, 11440),\n        (\"TD 025\", aksolit_30, 333, 10000, 7000, 13900, 15900),\n        pytest.param(\n            \"TD 026\", aksolit_30, 366, 11000, 8000, 14900, 19900,\n            marks=pytest.mark.xfail(reson=\"Цена доставки: 7000 13900 15900\")\n        ),\n        pytest.param(\n            \"TD 027\", aksolit_30, 666, 20000, 14000, 16900, 23900,\n            marks=pytest.mark.xfail(reson=\"Цена доставки: 7000 13900 15900\")\n        )\n    ])\n    @pytest.mark.smoke\n    def test_positive_delivery_blue_zone_smoke(\n            self, driver, url, case_id, link_item, amount, weight, standard, in_time, all_time\n    ):\n        allure.dynamic.title(f\"{case_id} Доставка товара весом до {weight}кг. в синей зоне\")\n    \n        driver.get(f'{url}{link_item}')\n        item_page = ItemPage(driver)\n>       item_page.add_item_to_cart(amount).click_on_cart()\n\ntests/delivery/test_delivery_calculation.py:130: \n_ _ _ _ _ _ _ _ _ _ _ _ _ _ _ _ _ _ _ _ _ _ _ _ _ _ _ _ _ _ _ _ _ _ _ _ _ _ _ _ \npages/item_page.py:40: in add_item_to_cart\n    self.find_element(self._add_item).click()\nbase/seleniumbase.py:17: in find_element\n    return self.driver.find_element(*locator)\n/usr/local/lib/python3.11/site-packages/selenium/webdriver/remote/webdriver.py:740: in find_element\n    return self.execute(Command.FIND_ELEMENT, {\"using\": by, \"value\": value})[\"value\"]\n/usr/local/lib/python3.11/site-packages/selenium/webdriver/remote/webdriver.py:346: in execute\n    self.error_handler.check_response(response)\n_ _ _ _ _ _ _ _ _ _ _ _ _ _ _ _ _ _ _ _ _ _ _ _ _ _ _ _ _ _ _ _ _ _ _ _ _ _ _ _ \n\nself = <selenium.webdriver.remote.errorhandler.ErrorHandler object at 0x7f5670cece90>\nresponse = {'status': 404, 'value': '{\"value\":{\"error\":\"no such element\",\"message\":\"no such element: Unable to locate element: {\\...\\\\n#16 0x561bba0fdd68 \\\\u003Cunknown>\\\\n#17 0x561bba10ccb3 \\\\u003Cunknown>\\\\n#18 0x7f5125bc3044 \\\\u003Cunknown>\\\\n\"}}'}\n\n    def check_response(self, response: Dict[str, Any]) -> None:\n        \"\"\"Checks that a JSON response from the WebDriver does not have an\n        error.\n    \n        :Args:\n         - response - The JSON response from the WebDriver server as a dictionary\n           object.\n    \n        :Raises: If the response contains an error message.\n        \"\"\"\n        status = response.get(\"status\", None)\n        if not status or status == ErrorCode.SUCCESS:\n            return\n        value = None\n        message = response.get(\"message\", \"\")\n        screen: str = response.get(\"screen\", \"\")\n        stacktrace = None\n        if isinstance(status, int):\n            value_json = response.get(\"value\", None)\n            if value_json and isinstance(value_json, str):\n                import json\n    \n                try:\n                    value = json.loads(value_json)\n                    if len(value) == 1:\n                        value = value[\"value\"]\n                    status = value.get(\"error\", None)\n                    if not status:\n                        status = value.get(\"status\", ErrorCode.UNKNOWN_ERROR)\n                        message = value.get(\"value\") or value.get(\"message\")\n                        if not isinstance(message, str):\n                            value = message\n                            message = message.get(\"message\")\n                    else:\n                        message = value.get(\"message\", None)\n                except ValueError:\n                    pass\n    \n        exception_class: Type[WebDriverException]\n        if status in ErrorCode.NO_SUCH_ELEMENT:\n            exception_class = NoSuchElementException\n        elif status in ErrorCode.NO_SUCH_FRAME:\n            exception_class = NoSuchFrameException\n        elif status in ErrorCode.NO_SUCH_SHADOW_ROOT:\n            exception_class = NoSuchShadowRootException\n        elif status in ErrorCode.NO_SUCH_WINDOW:\n            exception_class = NoSuchWindowException\n        elif status in ErrorCode.STALE_ELEMENT_REFERENCE:\n            exception_class = StaleElementReferenceException\n        elif status in ErrorCode.ELEMENT_NOT_VISIBLE:\n            exception_class = ElementNotVisibleException\n        elif status in ErrorCode.INVALID_ELEMENT_STATE:\n            exception_class = InvalidElementStateException\n        elif (\n            status in ErrorCode.INVALID_SELECTOR\n            or status in ErrorCode.INVALID_XPATH_SELECTOR\n            or status in ErrorCode.INVALID_XPATH_SELECTOR_RETURN_TYPER\n        ):\n            exception_class = InvalidSelectorException\n        elif status in ErrorCode.ELEMENT_IS_NOT_SELECTABLE:\n            exception_class = ElementNotSelectableException\n        elif status in ErrorCode.ELEMENT_NOT_INTERACTABLE:\n            exception_class = ElementNotInteractableException\n        elif status in ErrorCode.INVALID_COOKIE_DOMAIN:\n            exception_class = InvalidCookieDomainException\n        elif status in ErrorCode.UNABLE_TO_SET_COOKIE:\n            exception_class = UnableToSetCookieException\n        elif status in ErrorCode.TIMEOUT:\n            exception_class = TimeoutException\n        elif status in ErrorCode.SCRIPT_TIMEOUT:\n            exception_class = TimeoutException\n        elif status in ErrorCode.UNKNOWN_ERROR:\n            exception_class = WebDriverException\n        elif status in ErrorCode.UNEXPECTED_ALERT_OPEN:\n            exception_class = UnexpectedAlertPresentException\n        elif status in ErrorCode.NO_ALERT_OPEN:\n            exception_class = NoAlertPresentException\n        elif status in ErrorCode.IME_NOT_AVAILABLE:\n            exception_class = ImeNotAvailableException\n        elif status in ErrorCode.IME_ENGINE_ACTIVATION_FAILED:\n            exception_class = ImeActivationFailedException\n        elif status in ErrorCode.MOVE_TARGET_OUT_OF_BOUNDS:\n            exception_class = MoveTargetOutOfBoundsException\n        elif status in ErrorCode.JAVASCRIPT_ERROR:\n            exception_class = JavascriptException\n        elif status in ErrorCode.SESSION_NOT_CREATED:\n            exception_class = SessionNotCreatedException\n        elif status in ErrorCode.INVALID_ARGUMENT:\n            exception_class = InvalidArgumentException\n        elif status in ErrorCode.NO_SUCH_COOKIE:\n            exception_class = NoSuchCookieException\n        elif status in ErrorCode.UNABLE_TO_CAPTURE_SCREEN:\n            exception_class = ScreenshotException\n        elif status in ErrorCode.ELEMENT_CLICK_INTERCEPTED:\n            exception_class = ElementClickInterceptedException\n        elif status in ErrorCode.INSECURE_CERTIFICATE:\n            exception_class = InsecureCertificateException\n        elif status in ErrorCode.INVALID_COORDINATES:\n            exception_class = InvalidCoordinatesException\n        elif status in ErrorCode.INVALID_SESSION_ID:\n            exception_class = InvalidSessionIdException\n        elif status in ErrorCode.UNKNOWN_METHOD:\n            exception_class = UnknownMethodException\n        else:\n            exception_class = WebDriverException\n        if not value:\n            value = response[\"value\"]\n        if isinstance(value, str):\n            raise exception_class(value)\n        if message == \"\" and \"message\" in value:\n            message = value[\"message\"]\n    \n        screen = None  # type: ignore[assignment]\n        if \"screen\" in value:\n            screen = value[\"screen\"]\n    \n        stacktrace = None\n        st_value = value.get(\"stackTrace\") or value.get(\"stacktrace\")\n        if st_value:\n            if isinstance(st_value, str):\n                stacktrace = st_value.split(\"\\n\")\n            else:\n                stacktrace = []\n                try:\n                    for frame in st_value:\n                        line = frame.get(\"lineNumber\", \"\")\n                        file = frame.get(\"fileName\", \"<anonymous>\")\n                        if line:\n                            file = f\"{file}:{line}\"\n                        meth = frame.get(\"methodName\", \"<anonymous>\")\n                        if \"className\" in frame:\n                            meth = f\"{frame['className']}.{meth}\"\n                        msg = \"    at %s (%s)\"\n                        msg = msg % (meth, file)\n                        stacktrace.append(msg)\n                except TypeError:\n                    pass\n        if exception_class == UnexpectedAlertPresentException:\n            alert_text = None\n            if \"data\" in value:\n                alert_text = value[\"data\"].get(\"text\")\n            elif \"alert\" in value:\n                alert_text = value[\"alert\"].get(\"text\")\n            raise exception_class(message, screen, stacktrace, alert_text)  # type: ignore[call-arg]  # mypy is not smart enough here\n>       raise exception_class(message, screen, stacktrace)\nE       selenium.common.exceptions.NoSuchElementException: Message: no such element: Unable to locate element: {\"method\":\"xpath\",\"selector\":\"(//a[@class='add-to-cart yellow-btn'])[1]\"}\nE         (Session info: headless chrome=116.0.5845.96); For documentation on this error, please visit: https://www.selenium.dev/documentation/webdriver/troubleshooting/errors#no-such-element-exception\nE       Stacktrace:\nE       #0 0x561bba113e23 <unknown>\nE       #1 0x561bb9e3c7a7 <unknown>\nE       #2 0x561bb9e7b1d3 <unknown>\nE       #3 0x561bb9e7b2c1 <unknown>\nE       #4 0x561bb9eb6a04 <unknown>\nE       #5 0x561bb9e9c03d <unknown>\nE       #6 0x561bb9eb4369 <unknown>\nE       #7 0x561bb9e9bde3 <unknown>\nE       #8 0x561bb9e6fa7b <unknown>\nE       #9 0x561bb9e7081e <unknown>\nE       #10 0x561bba0d5638 <unknown>\nE       #11 0x561bba0d9507 <unknown>\nE       #12 0x561bba0e3c4c <unknown>\nE       #13 0x561bba0da136 <unknown>\nE       #14 0x561bba0a89cf <unknown>\nE       #15 0x561bba0fdb98 <unknown>\nE       #16 0x561bba0fdd68 <unknown>\nE       #17 0x561bba10ccb3 <unknown>\nE       #18 0x7f5125bc3044 <unknown>\n\n/usr/local/lib/python3.11/site-packages/selenium/webdriver/remote/errorhandler.py:245: NoSuchElementException","flaky":false,"newFailed":false,"newBroken":false,"newPassed":false,"retriesCount":0,"retriesStatusChange":false,"beforeStages":[{"name":"_session_faker","time":{"start":1693874730394,"stop":1693874730478,"duration":84},"status":"passed","steps":[],"attachments":[],"parameters":[],"shouldDisplayMessage":false,"stepsCount":0,"attachmentsCount":0,"hasContent":false},{"name":"clear_allure_results_folder","time":{"start":1693874730478,"stop":1693874730478,"duration":0},"status":"passed","steps":[],"attachments":[],"parameters":[],"shouldDisplayMessage":false,"stepsCount":0,"attachmentsCount":0,"hasContent":false},{"name":"driver","time":{"start":1693875257082,"stop":1693875257861,"duration":779},"status":"passed","steps":[],"attachments":[],"parameters":[],"shouldDisplayMessage":false,"stepsCount":0,"attachmentsCount":0,"hasContent":false},{"name":"setup","time":{"start":1693875257862,"stop":1693875257862,"duration":0},"status":"passed","steps":[],"attachments":[],"parameters":[],"shouldDisplayMessage":false,"stepsCount":0,"attachmentsCount":0,"hasContent":false}],"testStage":{"status":"broken","statusMessage":"selenium.common.exceptions.NoSuchElementException: Message: no such element: Unable to locate element: {\"method\":\"xpath\",\"selector\":\"(//a[@class='add-to-cart yellow-btn'])[1]\"}\n  (Session info: headless chrome=116.0.5845.96); For documentation on this error, please visit: https://www.selenium.dev/documentation/webdriver/troubleshooting/errors#no-such-element-exception\nStacktrace:\n#0 0x561bba113e23 <unknown>\n#1 0x561bb9e3c7a7 <unknown>\n#2 0x561bb9e7b1d3 <unknown>\n#3 0x561bb9e7b2c1 <unknown>\n#4 0x561bb9eb6a04 <unknown>\n#5 0x561bb9e9c03d <unknown>\n#6 0x561bb9eb4369 <unknown>\n#7 0x561bb9e9bde3 <unknown>\n#8 0x561bb9e6fa7b <unknown>\n#9 0x561bb9e7081e <unknown>\n#10 0x561bba0d5638 <unknown>\n#11 0x561bba0d9507 <unknown>\n#12 0x561bba0e3c4c <unknown>\n#13 0x561bba0da136 <unknown>\n#14 0x561bba0a89cf <unknown>\n#15 0x561bba0fdb98 <unknown>\n#16 0x561bba0fdd68 <unknown>\n#17 0x561bba10ccb3 <unknown>\n#18 0x7f5125bc3044 <unknown>","statusTrace":"self = <tests.delivery.test_delivery_calculation.TestDeliveryPageCalculation object at 0x7f566fe0ae50>\ndriver = <selenium.webdriver.chrome.webdriver.WebDriver (session=\"c3f97bb5472beaa106f61d4da982f6a4\")>\nurl = 'https://sandboxtest.stroyrem-nn.ru/', case_id = 'TD 019'\nlink_item = 'products/shtukaturka-gipsovaya-aksolit-m50-30-kg-mashinnogo-naneseniya'\namount = 25, weight = 1700, standard = 1150, in_time = 2490, all_time = 3320\n\n    @pytest.mark.parametrize('case_id, link_item, amount, weight, standard, in_time, all_time', [\n        (\"TD 015\", bundeks_25, 1, 30, 650, 2390, 3320),\n        pytest.param(\n            \"TD 016\", aksolit_30, 8, 300, 650, 2390, 3320,\n            marks=pytest.mark.xfail(reson=\"Цена доставки: - - -\")\n        ),\n        (\"TD 017\", aksolit_30, 13, 400, 650, 2390, 3320),\n        (\"TD 018\", aksolit_30, 16, 500, 850, 2490, 3320),\n        (\"TD 019\", aksolit_30, 25, 1700, 1150, 2490, 3320),\n        (\"TD 020\", aksolit_30, 66, 2000, 1500, 2990, 3650),\n        (\"TD 021\", aksolit_30, 149, 4500, 2600, 4380, 4890),\n        (\"TD 022\", aksolit_30, 166, 5000, 2800, 5490, 5980),\n        pytest.param(\n            \"TD 023\", aksolit_30, 206, 6200, 3300, 7500, 8000,\n            marks=pytest.mark.xfail(reson=\"Цена доставки: 4300 9900 11440\")\n        ),\n        (\"TD 024\", aksolit_30, 299, 9000, 4300, 9900, 11440),\n        (\"TD 025\", aksolit_30, 333, 10000, 7000, 13900, 15900),\n        pytest.param(\n            \"TD 026\", aksolit_30, 366, 11000, 8000, 14900, 19900,\n            marks=pytest.mark.xfail(reson=\"Цена доставки: 7000 13900 15900\")\n        ),\n        pytest.param(\n            \"TD 027\", aksolit_30, 666, 20000, 14000, 16900, 23900,\n            marks=pytest.mark.xfail(reson=\"Цена доставки: 7000 13900 15900\")\n        )\n    ])\n    @pytest.mark.smoke\n    def test_positive_delivery_blue_zone_smoke(\n            self, driver, url, case_id, link_item, amount, weight, standard, in_time, all_time\n    ):\n        allure.dynamic.title(f\"{case_id} Доставка товара весом до {weight}кг. в синей зоне\")\n    \n        driver.get(f'{url}{link_item}')\n        item_page = ItemPage(driver)\n>       item_page.add_item_to_cart(amount).click_on_cart()\n\ntests/delivery/test_delivery_calculation.py:130: \n_ _ _ _ _ _ _ _ _ _ _ _ _ _ _ _ _ _ _ _ _ _ _ _ _ _ _ _ _ _ _ _ _ _ _ _ _ _ _ _ \npages/item_page.py:40: in add_item_to_cart\n    self.find_element(self._add_item).click()\nbase/seleniumbase.py:17: in find_element\n    return self.driver.find_element(*locator)\n/usr/local/lib/python3.11/site-packages/selenium/webdriver/remote/webdriver.py:740: in find_element\n    return self.execute(Command.FIND_ELEMENT, {\"using\": by, \"value\": value})[\"value\"]\n/usr/local/lib/python3.11/site-packages/selenium/webdriver/remote/webdriver.py:346: in execute\n    self.error_handler.check_response(response)\n_ _ _ _ _ _ _ _ _ _ _ _ _ _ _ _ _ _ _ _ _ _ _ _ _ _ _ _ _ _ _ _ _ _ _ _ _ _ _ _ \n\nself = <selenium.webdriver.remote.errorhandler.ErrorHandler object at 0x7f5670cece90>\nresponse = {'status': 404, 'value': '{\"value\":{\"error\":\"no such element\",\"message\":\"no such element: Unable to locate element: {\\...\\\\n#16 0x561bba0fdd68 \\\\u003Cunknown>\\\\n#17 0x561bba10ccb3 \\\\u003Cunknown>\\\\n#18 0x7f5125bc3044 \\\\u003Cunknown>\\\\n\"}}'}\n\n    def check_response(self, response: Dict[str, Any]) -> None:\n        \"\"\"Checks that a JSON response from the WebDriver does not have an\n        error.\n    \n        :Args:\n         - response - The JSON response from the WebDriver server as a dictionary\n           object.\n    \n        :Raises: If the response contains an error message.\n        \"\"\"\n        status = response.get(\"status\", None)\n        if not status or status == ErrorCode.SUCCESS:\n            return\n        value = None\n        message = response.get(\"message\", \"\")\n        screen: str = response.get(\"screen\", \"\")\n        stacktrace = None\n        if isinstance(status, int):\n            value_json = response.get(\"value\", None)\n            if value_json and isinstance(value_json, str):\n                import json\n    \n                try:\n                    value = json.loads(value_json)\n                    if len(value) == 1:\n                        value = value[\"value\"]\n                    status = value.get(\"error\", None)\n                    if not status:\n                        status = value.get(\"status\", ErrorCode.UNKNOWN_ERROR)\n                        message = value.get(\"value\") or value.get(\"message\")\n                        if not isinstance(message, str):\n                            value = message\n                            message = message.get(\"message\")\n                    else:\n                        message = value.get(\"message\", None)\n                except ValueError:\n                    pass\n    \n        exception_class: Type[WebDriverException]\n        if status in ErrorCode.NO_SUCH_ELEMENT:\n            exception_class = NoSuchElementException\n        elif status in ErrorCode.NO_SUCH_FRAME:\n            exception_class = NoSuchFrameException\n        elif status in ErrorCode.NO_SUCH_SHADOW_ROOT:\n            exception_class = NoSuchShadowRootException\n        elif status in ErrorCode.NO_SUCH_WINDOW:\n            exception_class = NoSuchWindowException\n        elif status in ErrorCode.STALE_ELEMENT_REFERENCE:\n            exception_class = StaleElementReferenceException\n        elif status in ErrorCode.ELEMENT_NOT_VISIBLE:\n            exception_class = ElementNotVisibleException\n        elif status in ErrorCode.INVALID_ELEMENT_STATE:\n            exception_class = InvalidElementStateException\n        elif (\n            status in ErrorCode.INVALID_SELECTOR\n            or status in ErrorCode.INVALID_XPATH_SELECTOR\n            or status in ErrorCode.INVALID_XPATH_SELECTOR_RETURN_TYPER\n        ):\n            exception_class = InvalidSelectorException\n        elif status in ErrorCode.ELEMENT_IS_NOT_SELECTABLE:\n            exception_class = ElementNotSelectableException\n        elif status in ErrorCode.ELEMENT_NOT_INTERACTABLE:\n            exception_class = ElementNotInteractableException\n        elif status in ErrorCode.INVALID_COOKIE_DOMAIN:\n            exception_class = InvalidCookieDomainException\n        elif status in ErrorCode.UNABLE_TO_SET_COOKIE:\n            exception_class = UnableToSetCookieException\n        elif status in ErrorCode.TIMEOUT:\n            exception_class = TimeoutException\n        elif status in ErrorCode.SCRIPT_TIMEOUT:\n            exception_class = TimeoutException\n        elif status in ErrorCode.UNKNOWN_ERROR:\n            exception_class = WebDriverException\n        elif status in ErrorCode.UNEXPECTED_ALERT_OPEN:\n            exception_class = UnexpectedAlertPresentException\n        elif status in ErrorCode.NO_ALERT_OPEN:\n            exception_class = NoAlertPresentException\n        elif status in ErrorCode.IME_NOT_AVAILABLE:\n            exception_class = ImeNotAvailableException\n        elif status in ErrorCode.IME_ENGINE_ACTIVATION_FAILED:\n            exception_class = ImeActivationFailedException\n        elif status in ErrorCode.MOVE_TARGET_OUT_OF_BOUNDS:\n            exception_class = MoveTargetOutOfBoundsException\n        elif status in ErrorCode.JAVASCRIPT_ERROR:\n            exception_class = JavascriptException\n        elif status in ErrorCode.SESSION_NOT_CREATED:\n            exception_class = SessionNotCreatedException\n        elif status in ErrorCode.INVALID_ARGUMENT:\n            exception_class = InvalidArgumentException\n        elif status in ErrorCode.NO_SUCH_COOKIE:\n            exception_class = NoSuchCookieException\n        elif status in ErrorCode.UNABLE_TO_CAPTURE_SCREEN:\n            exception_class = ScreenshotException\n        elif status in ErrorCode.ELEMENT_CLICK_INTERCEPTED:\n            exception_class = ElementClickInterceptedException\n        elif status in ErrorCode.INSECURE_CERTIFICATE:\n            exception_class = InsecureCertificateException\n        elif status in ErrorCode.INVALID_COORDINATES:\n            exception_class = InvalidCoordinatesException\n        elif status in ErrorCode.INVALID_SESSION_ID:\n            exception_class = InvalidSessionIdException\n        elif status in ErrorCode.UNKNOWN_METHOD:\n            exception_class = UnknownMethodException\n        else:\n            exception_class = WebDriverException\n        if not value:\n            value = response[\"value\"]\n        if isinstance(value, str):\n            raise exception_class(value)\n        if message == \"\" and \"message\" in value:\n            message = value[\"message\"]\n    \n        screen = None  # type: ignore[assignment]\n        if \"screen\" in value:\n            screen = value[\"screen\"]\n    \n        stacktrace = None\n        st_value = value.get(\"stackTrace\") or value.get(\"stacktrace\")\n        if st_value:\n            if isinstance(st_value, str):\n                stacktrace = st_value.split(\"\\n\")\n            else:\n                stacktrace = []\n                try:\n                    for frame in st_value:\n                        line = frame.get(\"lineNumber\", \"\")\n                        file = frame.get(\"fileName\", \"<anonymous>\")\n                        if line:\n                            file = f\"{file}:{line}\"\n                        meth = frame.get(\"methodName\", \"<anonymous>\")\n                        if \"className\" in frame:\n                            meth = f\"{frame['className']}.{meth}\"\n                        msg = \"    at %s (%s)\"\n                        msg = msg % (meth, file)\n                        stacktrace.append(msg)\n                except TypeError:\n                    pass\n        if exception_class == UnexpectedAlertPresentException:\n            alert_text = None\n            if \"data\" in value:\n                alert_text = value[\"data\"].get(\"text\")\n            elif \"alert\" in value:\n                alert_text = value[\"alert\"].get(\"text\")\n            raise exception_class(message, screen, stacktrace, alert_text)  # type: ignore[call-arg]  # mypy is not smart enough here\n>       raise exception_class(message, screen, stacktrace)\nE       selenium.common.exceptions.NoSuchElementException: Message: no such element: Unable to locate element: {\"method\":\"xpath\",\"selector\":\"(//a[@class='add-to-cart yellow-btn'])[1]\"}\nE         (Session info: headless chrome=116.0.5845.96); For documentation on this error, please visit: https://www.selenium.dev/documentation/webdriver/troubleshooting/errors#no-such-element-exception\nE       Stacktrace:\nE       #0 0x561bba113e23 <unknown>\nE       #1 0x561bb9e3c7a7 <unknown>\nE       #2 0x561bb9e7b1d3 <unknown>\nE       #3 0x561bb9e7b2c1 <unknown>\nE       #4 0x561bb9eb6a04 <unknown>\nE       #5 0x561bb9e9c03d <unknown>\nE       #6 0x561bb9eb4369 <unknown>\nE       #7 0x561bb9e9bde3 <unknown>\nE       #8 0x561bb9e6fa7b <unknown>\nE       #9 0x561bb9e7081e <unknown>\nE       #10 0x561bba0d5638 <unknown>\nE       #11 0x561bba0d9507 <unknown>\nE       #12 0x561bba0e3c4c <unknown>\nE       #13 0x561bba0da136 <unknown>\nE       #14 0x561bba0a89cf <unknown>\nE       #15 0x561bba0fdb98 <unknown>\nE       #16 0x561bba0fdd68 <unknown>\nE       #17 0x561bba10ccb3 <unknown>\nE       #18 0x7f5125bc3044 <unknown>\n\n/usr/local/lib/python3.11/site-packages/selenium/webdriver/remote/errorhandler.py:245: NoSuchElementException","steps":[{"name":"Добавляем товар в корзину в количестве 25","time":{"start":1693875258281,"stop":1693875258295,"duration":14},"status":"broken","statusMessage":"selenium.common.exceptions.NoSuchElementException: Message: no such element: Unable to locate element: {\"method\":\"xpath\",\"selector\":\"(//a[@class='add-to-cart yellow-btn'])[1]\"}\n  (Session info: headless chrome=116.0.5845.96); For documentation on this error, please visit: https://www.selenium.dev/documentation/webdriver/troubleshooting/errors#no-such-element-exception\nStacktrace:\n#0 0x561bba113e23 <unknown>\n#1 0x561bb9e3c7a7 <unknown>\n#2 0x561bb9e7b1d3 <unknown>\n#3 0x561bb9e7b2c1 <unknown>\n#4 0x561bb9eb6a04 <unknown>\n#5 0x561bb9e9c03d <unknown>\n#6 0x561bb9eb4369 <unknown>\n#7 0x561bb9e9bde3 <unknown>\n#8 0x561bb9e6fa7b <unknown>\n#9 0x561bb9e7081e <unknown>\n#10 0x561bba0d5638 <unknown>\n#11 0x561bba0d9507 <unknown>\n#12 0x561bba0e3c4c <unknown>\n#13 0x561bba0da136 <unknown>\n#14 0x561bba0a89cf <unknown>\n#15 0x561bba0fdb98 <unknown>\n#16 0x561bba0fdd68 <unknown>\n#17 0x561bba10ccb3 <unknown>\n#18 0x7f5125bc3044 <unknown>\n\n","statusTrace":"  File \"/usr/local/lib/python3.11/site-packages/allure_commons/_allure.py\", line 192, in impl\n    return func(*a, **kw)\n           ^^^^^^^^^^^^^^\n  File \"/app/pages/item_page.py\", line 40, in add_item_to_cart\n    self.find_element(self._add_item).click()\n    ^^^^^^^^^^^^^^^^^^^^^^^^^^^^^^^^^\n  File \"/app/base/seleniumbase.py\", line 17, in find_element\n    return self.driver.find_element(*locator)\n           ^^^^^^^^^^^^^^^^^^^^^^^^^^^^^^^^^^\n  File \"/usr/local/lib/python3.11/site-packages/selenium/webdriver/remote/webdriver.py\", line 740, in find_element\n    return self.execute(Command.FIND_ELEMENT, {\"using\": by, \"value\": value})[\"value\"]\n           ^^^^^^^^^^^^^^^^^^^^^^^^^^^^^^^^^^^^^^^^^^^^^^^^^^^^^^^^^^^^^^^^^\n  File \"/usr/local/lib/python3.11/site-packages/selenium/webdriver/remote/webdriver.py\", line 346, in execute\n    self.error_handler.check_response(response)\n  File \"/usr/local/lib/python3.11/site-packages/selenium/webdriver/remote/errorhandler.py\", line 245, in check_response\n    raise exception_class(message, screen, stacktrace)\n","steps":[],"attachments":[],"parameters":[{"name":"amount","value":"25"}],"shouldDisplayMessage":true,"stepsCount":0,"attachmentsCount":0,"hasContent":true}],"attachments":[{"uid":"319bd1a3660fb26e","name":"Screenshot","source":"319bd1a3660fb26e.png","type":"image/png","size":5862},{"uid":"4bd780657223c017","name":"HTML source","source":"4bd780657223c017.html","type":"text/html","size":39}],"parameters":[],"shouldDisplayMessage":true,"stepsCount":1,"attachmentsCount":2,"hasContent":true},"afterStages":[{"name":"driver::0","time":{"start":1693875258435,"stop":1693875258491,"duration":56},"status":"passed","steps":[],"attachments":[],"parameters":[],"shouldDisplayMessage":false,"stepsCount":0,"attachmentsCount":0,"hasContent":false},{"name":"setup::0","time":{"start":1693875258435,"stop":1693875258435,"duration":0},"status":"passed","steps":[],"attachments":[],"parameters":[],"shouldDisplayMessage":false,"stepsCount":0,"attachmentsCount":0,"hasContent":false}],"labels":[{"name":"epic","value":"Delivery Page - calculation"},{"name":"tag","value":"smoke"},{"name":"parentSuite","value":"tests.delivery"},{"name":"suite","value":"test_delivery_calculation"},{"name":"subSuite","value":"TestDeliveryPageCalculation"},{"name":"host","value":"89a110ddb315"},{"name":"thread","value":"1-MainThread"},{"name":"framework","value":"pytest"},{"name":"language","value":"cpython3"},{"name":"package","value":"tests.delivery.test_delivery_calculation"},{"name":"resultFormat","value":"allure2"}],"parameters":[{"name":"all_time","value":"3320"},{"name":"amount","value":"25"},{"name":"case_id","value":"'TD 019'"},{"name":"in_time","value":"2490"},{"name":"link_item","value":"'products/shtukaturka-gipsovaya-aksolit-m50-30-kg-mashinnogo-naneseniya'"},{"name":"standard","value":"1150"},{"name":"url","value":"'https://sandboxtest.stroyrem-nn.ru/'"},{"name":"weight","value":"1700"}],"links":[],"hidden":false,"retry":false,"extra":{"severity":"normal","retries":[],"categories":[{"name":"Test defects","matchedStatuses":[],"flaky":false}],"history":{"statistic":{"failed":0,"broken":8,"skipped":0,"passed":0,"unknown":0,"total":8},"items":[{"uid":"7a160d073517dd42","reportUrl":"https://Nat754.github.io/StroyremAutomation/48//#testresult/7a160d073517dd42","status":"broken","statusDetails":"selenium.common.exceptions.ElementNotInteractableException: Message: element not interactable\n  (Session info: headless chrome=116.0.5845.96)\nStacktrace:\n#0 0x558f7bd21e23 <unknown>\n#1 0x558f7ba4a5f6 <unknown>\n#2 0x558f7ba80c5d <unknown>\n#3 0x558f7baaa012 <unknown>\n#4 0x558f7ba7efb6 <unknown>\n#5 0x558f7baaa1de <unknown>\n#6 0x558f7bac2369 <unknown>\n#7 0x558f7baa9de3 <unknown>\n#8 0x558f7ba7da7b <unknown>\n#9 0x558f7ba7e81e <unknown>\n#10 0x558f7bce3638 <unknown>\n#11 0x558f7bce7507 <unknown>\n#12 0x558f7bcf1c4c <unknown>\n#13 0x558f7bce8136 <unknown>\n#14 0x558f7bcb69cf <unknown>\n#15 0x558f7bd0bb98 <unknown>\n#16 0x558f7bd0bd68 <unknown>\n#17 0x558f7bd1acb3 <unknown>\n#18 0x7f823fa71044 <unknown>","time":{"start":1693789198513,"stop":1693789204340,"duration":5827}},{"uid":"e9af258ba5d513e1","reportUrl":"https://Nat754.github.io/StroyremAutomation/3//#testresult/e9af258ba5d513e1","status":"broken","statusDetails":"selenium.common.exceptions.ElementNotInteractableException: Message: element not interactable\n  (Session info: headless chrome=116.0.5845.96)\nStacktrace:\n#0 0x559f7d2e1e23 <unknown>\n#1 0x559f7d00a5f6 <unknown>\n#2 0x559f7d040c5d <unknown>\n#3 0x559f7d06a012 <unknown>\n#4 0x559f7d03efb6 <unknown>\n#5 0x559f7d06a1de <unknown>\n#6 0x559f7d082369 <unknown>\n#7 0x559f7d069de3 <unknown>\n#8 0x559f7d03da7b <unknown>\n#9 0x559f7d03e81e <unknown>\n#10 0x559f7d2a3638 <unknown>\n#11 0x559f7d2a7507 <unknown>\n#12 0x559f7d2b1c4c <unknown>\n#13 0x559f7d2a8136 <unknown>\n#14 0x559f7d2769cf <unknown>\n#15 0x559f7d2cbb98 <unknown>\n#16 0x559f7d2cbd68 <unknown>\n#17 0x559f7d2dacb3 <unknown>\n#18 0x7f28e186e044 <unknown>","time":{"start":1693730206457,"stop":1693730211018,"duration":4561}},{"uid":"35a9e718f66edfde","reportUrl":"https://Nat754.github.io/StroyremAutomation/47//#testresult/35a9e718f66edfde","status":"broken","statusDetails":"selenium.common.exceptions.ElementNotInteractableException: Message: element not interactable\n  (Session info: headless chrome=116.0.5845.96)\nStacktrace:\n#0 0x558d89024e23 <unknown>\n#1 0x558d88d4d5f6 <unknown>\n#2 0x558d88d83c5d <unknown>\n#3 0x558d88dad012 <unknown>\n#4 0x558d88d81fb6 <unknown>\n#5 0x558d88dad1de <unknown>\n#6 0x558d88dc5369 <unknown>\n#7 0x558d88dacde3 <unknown>\n#8 0x558d88d80a7b <unknown>\n#9 0x558d88d8181e <unknown>\n#10 0x558d88fe6638 <unknown>\n#11 0x558d88fea507 <unknown>\n#12 0x558d88ff4c4c <unknown>\n#13 0x558d88feb136 <unknown>\n#14 0x558d88fb99cf <unknown>\n#15 0x558d8900eb98 <unknown>\n#16 0x558d8900ed68 <unknown>\n#17 0x558d8901dcb3 <unknown>\n#18 0x7effa75b3044 <unknown>","time":{"start":1693730696528,"stop":1693730701947,"duration":5419}},{"uid":"54ce800f40eadf9d","reportUrl":"https://Nat754.github.io/StroyremAutomation/47//#testresult/54ce800f40eadf9d","status":"broken","statusDetails":"selenium.common.exceptions.ElementNotInteractableException: Message: element not interactable\n  (Session info: headless chrome=116.0.5845.96)\nStacktrace:\n#0 0x55f72bdf2e23 <unknown>\n#1 0x55f72bb1b5f6 <unknown>\n#2 0x55f72bb51c5d <unknown>\n#3 0x55f72bb7b012 <unknown>\n#4 0x55f72bb4ffb6 <unknown>\n#5 0x55f72bb7b1de <unknown>\n#6 0x55f72bb93369 <unknown>\n#7 0x55f72bb7ade3 <unknown>\n#8 0x55f72bb4ea7b <unknown>\n#9 0x55f72bb4f81e <unknown>\n#10 0x55f72bdb4638 <unknown>\n#11 0x55f72bdb8507 <unknown>\n#12 0x55f72bdc2c4c <unknown>\n#13 0x55f72bdb9136 <unknown>\n#14 0x55f72bd879cf <unknown>\n#15 0x55f72bddcb98 <unknown>\n#16 0x55f72bddcd68 <unknown>\n#17 0x55f72bdebcb3 <unknown>\n#18 0x7f6da1f7a044 <unknown>","time":{"start":1693703003103,"stop":1693703009576,"duration":6473}},{"uid":"de3f692ca993b30d","reportUrl":"https://Nat754.github.io/StroyremAutomation/46//#testresult/de3f692ca993b30d","status":"broken","statusDetails":"selenium.common.exceptions.WebDriverException: Message: unknown error: net::ERR_CONNECTION_REFUSED\n  (Session info: headless chrome=116.0.5845.96)\nStacktrace:\n#0 0x5615bfa3de23 <unknown>\n#1 0x5615bf7667a7 <unknown>\n#2 0x5615bf75e829 <unknown>\n#3 0x5615bf74e2c2 <unknown>\n#4 0x5615bf74f9fb <unknown>\n#5 0x5615bf74e69d <unknown>\n#6 0x5615bf74d65c <unknown>\n#7 0x5615bf74d5ce <unknown>\n#8 0x5615bf74c28a <unknown>\n#9 0x5615bf74c6da <unknown>\n#10 0x5615bf768630 <unknown>\n#11 0x5615bf7deb15 <unknown>\n#12 0x5615bf7c6012 <unknown>\n#13 0x5615bf7de369 <unknown>\n#14 0x5615bf7c5de3 <unknown>\n#15 0x5615bf799a7b <unknown>\n#16 0x5615bf79a81e <unknown>\n#17 0x5615bf9ff638 <unknown>\n#18 0x5615bfa03507 <unknown>\n#19 0x5615bfa0dc4c <unknown>\n#20 0x5615bfa04136 <unknown>\n#21 0x5615bf9d29cf <unknown>\n#22 0x5615bfa27b98 <unknown>\n#23 0x5615bfa27d68 <unknown>\n#24 0x5615bfa36cb3 <unknown>\n#25 0x7f441ee70044 <unknown>","time":{"start":1693616211762,"stop":1693616212017,"duration":255}},{"uid":"89ee441452032945","reportUrl":"https://Nat754.github.io/StroyremAutomation/45//#testresult/89ee441452032945","status":"broken","statusDetails":"selenium.common.exceptions.WebDriverException: Message: unknown error: net::ERR_CONNECTION_REFUSED\n  (Session info: headless chrome=116.0.5845.96)\nStacktrace:\n#0 0x55e239954e23 <unknown>\n#1 0x55e23967d7a7 <unknown>\n#2 0x55e239675829 <unknown>\n#3 0x55e2396652c2 <unknown>\n#4 0x55e2396669fb <unknown>\n#5 0x55e23966569d <unknown>\n#6 0x55e23966465c <unknown>\n#7 0x55e2396645ce <unknown>\n#8 0x55e23966328a <unknown>\n#9 0x55e2396636da <unknown>\n#10 0x55e23967f630 <unknown>\n#11 0x55e2396f5b15 <unknown>\n#12 0x55e2396dd012 <unknown>\n#13 0x55e2396f5369 <unknown>\n#14 0x55e2396dcde3 <unknown>\n#15 0x55e2396b0a7b <unknown>\n#16 0x55e2396b181e <unknown>\n#17 0x55e239916638 <unknown>\n#18 0x55e23991a507 <unknown>\n#19 0x55e239924c4c <unknown>\n#20 0x55e23991b136 <unknown>\n#21 0x55e2398e99cf <unknown>\n#22 0x55e23993eb98 <unknown>\n#23 0x55e23993ed68 <unknown>\n#24 0x55e23994dcb3 <unknown>\n#25 0x7ff793248044 <unknown>","time":{"start":1693530135660,"stop":1693530136076,"duration":416}},{"uid":"8360f5298a57f26b","reportUrl":"https://Nat754.github.io/StroyremAutomation/2//#testresult/8360f5298a57f26b","status":"broken","statusDetails":"selenium.common.exceptions.NoSuchElementException: Message: no such element: Unable to locate element: {\"method\":\"xpath\",\"selector\":\"(//a[@class='add-to-cart yellow-btn'])[1]\"}\n  (Session info: headless chrome=116.0.5845.96); For documentation on this error, please visit: https://www.selenium.dev/documentation/webdriver/troubleshooting/errors#no-such-element-exception\nStacktrace:\n#0 0x55b488a1fe23 <unknown>\n#1 0x55b4887487a7 <unknown>\n#2 0x55b4887871d3 <unknown>\n#3 0x55b4887872c1 <unknown>\n#4 0x55b4887c2a04 <unknown>\n#5 0x55b4887a803d <unknown>\n#6 0x55b4887c0369 <unknown>\n#7 0x55b4887a7de3 <unknown>\n#8 0x55b48877ba7b <unknown>\n#9 0x55b48877c81e <unknown>\n#10 0x55b4889e1638 <unknown>\n#11 0x55b4889e5507 <unknown>\n#12 0x55b4889efc4c <unknown>\n#13 0x55b4889e6136 <unknown>\n#14 0x55b4889b49cf <unknown>\n#15 0x55b488a09b98 <unknown>\n#16 0x55b488a09d68 <unknown>\n#17 0x55b488a18cb3 <unknown>\n#18 0x7fed52202044 <unknown>","time":{"start":1693476184663,"stop":1693476185296,"duration":633}}]},"tags":["smoke"]},"source":"cf2006048b091854.json","parameterValues":["3320","25","'TD 019'","2490","'products/shtukaturka-gipsovaya-aksolit-m50-30-kg-mashinnogo-naneseniya'","1150","'https://sandboxtest.stroyrem-nn.ru/'","1700"]}