{"uid":"5a73d52376423413","name":"test_positive_delivery_green_zone_smoke[TD 002-products/shtukaturka-tsementnaya-bergauf-bau-putts-tsement-25kg-56sht-1-30-400-1590-2190-https://sandboxtest.stroyrem-nn.ru/]","fullName":"tests.delivery.test_delivery_calculation.TestDeliveryPageCalculation#test_positive_delivery_green_zone_smoke","historyId":"664bacae59a5acf1e4ceda0def0913e7","time":{"start":1702601756068,"stop":1702601756820,"duration":752},"status":"skipped","statusMessage":"XFAIL\n\nselenium.common.exceptions.NoSuchElementException: Message: no such element: Unable to locate element: {\"method\":\"xpath\",\"selector\":\"(//a[@class='add-to-cart yellow-btn'])[1]\"}\n  (Session info: chrome-headless-shell=120.0.6099.71); For documentation on this error, please visit: https://www.selenium.dev/documentation/webdriver/troubleshooting/errors#no-such-element-exception\nStacktrace:\n#0 0x55786e22dd33 <unknown>\n#1 0x55786deeaf87 <unknown>\n#2 0x55786df3ac0e <unknown>\n#3 0x55786df3ad11 <unknown>\n#4 0x55786df86004 <unknown>\n#5 0x55786df6436d <unknown>\n#6 0x55786df83297 <unknown>\n#7 0x55786df640e3 <unknown>\n#8 0x55786df2c044 <unknown>\n#9 0x55786df2d44e <unknown>\n#10 0x55786e1f2861 <unknown>\n#11 0x55786e1f6785 <unknown>\n#12 0x55786e1e0285 <unknown>\n#13 0x55786e1f741f <unknown>\n#14 0x55786e1c420f <unknown>\n#15 0x55786e21b028 <unknown>\n#16 0x55786e21b1f7 <unknown>\n#17 0x55786e22ced4 <unknown>\n#18 0x7f18a6b75044 <unknown>","statusTrace":"self = <tests.delivery.test_delivery_calculation.TestDeliveryPageCalculation object at 0x7ff199ea3310>\ndriver = <selenium.webdriver.chrome.webdriver.WebDriver (session=\"3bb87d6a5f640c09b9a13dbbd2543d73\")>\nurl = 'https://sandboxtest.stroyrem-nn.ru/', case_id = 'TD 002'\nlink_item = 'products/shtukaturka-tsementnaya-bergauf-bau-putts-tsement-25kg-56sht'\namount = 1, weight = 30, standard = 400, in_time = 1590, all_time = 2190\n\n    @pytest.mark.parametrize('case_id, link_item, amount, weight, standard, in_time, all_time', [\n        (\"TD 001\", uroven_3000, 1, 30, 0, 1590, 2190),\n        (\"TD 002\", bundeks_25, 1, 30, 400, 1590, 2190),\n        (\"TD 003\", aksolit_30, 8, 300, 400, 1590, 2190),\n        (\"TD 004\", aksolit_30, 13, 400, 450, 1590, 2190),\n        (\"TD 005\", aksolit_30, 16, 500, 600, 1590, 2190),\n        (\"TD 006\", aksolit_30, 25, 1700, 990, 1990, 2480),\n        (\"TD 007\", aksolit_30, 66, 2000, 1300, 2490, 2980),\n        (\"TD 008\", aksolit_30, 149, 4500, 2300, 3980, 4490),\n        (\"TD 009\", aksolit_30, 166, 5000, 2500, 4990, 5480),\n        pytest.param(\n            \"TD 010\", aksolit_30, 206, 6200, 2900, 5570, 6120,\n            marks=pytest.mark.xfail(reson=\"Цена доставки 3600 7960 8980\")\n        ),\n        (\"TD 011\", aksolit_30, 299, 9000, 3600, 7960, 8980),\n        (\"TD 012\", aksolit_30, 333, 10000, 4450, 11990, 12500),\n        pytest.param(\n            \"TD 013\", aksolit_30, 366, 11000, 4800, 12450, 13480,\n            marks=pytest.mark.xfail(reason=\"Цена стандартной доставки 4450\")\n        ),\n        pytest.param(\n            \"TD 014\", aksolit_30, 666, 20000, 5400, 15600, 17490,\n            marks=pytest.mark.xfail(reason=\"Цена стандартной доставки 4450\")\n        )\n    ])\n    @pytest.mark.xfail\n    @pytest.mark.smoke_test\n    def test_positive_delivery_green_zone_smoke(\n            self, driver, url, case_id, link_item, amount, weight, standard, in_time, all_time\n    ):\n    \n        driver.get(f'{url}{link_item}')\n        item_page = ItemPage(driver)\n>       item_page.add_item_to_cart(amount).click_on_cart()\n\ntests/delivery/test_delivery_calculation.py:50: \n_ _ _ _ _ _ _ _ _ _ _ _ _ _ _ _ _ _ _ _ _ _ _ _ _ _ _ _ _ _ _ _ _ _ _ _ _ _ _ _ \npages/item_page.py:40: in add_item_to_cart\n    self.find_element(self._add_item).click()\nbase/seleniumbase.py:17: in find_element\n    return self.driver.find_element(*locator)\n/usr/local/lib/python3.11/site-packages/selenium/webdriver/remote/webdriver.py:739: in find_element\n    return self.execute(Command.FIND_ELEMENT, {\"using\": by, \"value\": value})[\"value\"]\n/usr/local/lib/python3.11/site-packages/selenium/webdriver/remote/webdriver.py:345: in execute\n    self.error_handler.check_response(response)\n_ _ _ _ _ _ _ _ _ _ _ _ _ _ _ _ _ _ _ _ _ _ _ _ _ _ _ _ _ _ _ _ _ _ _ _ _ _ _ _ \n\nself = <selenium.webdriver.remote.errorhandler.ErrorHandler object at 0x7ff1997e15d0>\nresponse = {'status': 404, 'value': '{\"value\":{\"error\":\"no such element\",\"message\":\"no such element: Unable to locate element: {\\...\\\\n#16 0x55786e21b1f7 \\\\u003Cunknown>\\\\n#17 0x55786e22ced4 \\\\u003Cunknown>\\\\n#18 0x7f18a6b75044 \\\\u003Cunknown>\\\\n\"}}'}\n\n    def check_response(self, response: Dict[str, Any]) -> None:\n        \"\"\"Checks that a JSON response from the WebDriver does not have an\n        error.\n    \n        :Args:\n         - response - The JSON response from the WebDriver server as a dictionary\n           object.\n    \n        :Raises: If the response contains an error message.\n        \"\"\"\n        status = response.get(\"status\", None)\n        if not status or status == ErrorCode.SUCCESS:\n            return\n        value = None\n        message = response.get(\"message\", \"\")\n        screen: str = response.get(\"screen\", \"\")\n        stacktrace = None\n        if isinstance(status, int):\n            value_json = response.get(\"value\", None)\n            if value_json and isinstance(value_json, str):\n                import json\n    \n                try:\n                    value = json.loads(value_json)\n                    if len(value) == 1:\n                        value = value[\"value\"]\n                    status = value.get(\"error\", None)\n                    if not status:\n                        status = value.get(\"status\", ErrorCode.UNKNOWN_ERROR)\n                        message = value.get(\"value\") or value.get(\"message\")\n                        if not isinstance(message, str):\n                            value = message\n                            message = message.get(\"message\")\n                    else:\n                        message = value.get(\"message\", None)\n                except ValueError:\n                    pass\n    \n        exception_class: Type[WebDriverException]\n        e = ErrorCode()\n        error_codes = [item for item in dir(e) if not item.startswith(\"__\")]\n        for error_code in error_codes:\n            error_info = getattr(ErrorCode, error_code)\n            if isinstance(error_info, list) and status in error_info:\n                exception_class = getattr(ExceptionMapping, error_code, WebDriverException)\n                break\n        else:\n            exception_class = WebDriverException\n    \n        if not value:\n            value = response[\"value\"]\n        if isinstance(value, str):\n            raise exception_class(value)\n        if message == \"\" and \"message\" in value:\n            message = value[\"message\"]\n    \n        screen = None  # type: ignore[assignment]\n        if \"screen\" in value:\n            screen = value[\"screen\"]\n    \n        stacktrace = None\n        st_value = value.get(\"stackTrace\") or value.get(\"stacktrace\")\n        if st_value:\n            if isinstance(st_value, str):\n                stacktrace = st_value.split(\"\\n\")\n            else:\n                stacktrace = []\n                try:\n                    for frame in st_value:\n                        line = frame.get(\"lineNumber\", \"\")\n                        file = frame.get(\"fileName\", \"<anonymous>\")\n                        if line:\n                            file = f\"{file}:{line}\"\n                        meth = frame.get(\"methodName\", \"<anonymous>\")\n                        if \"className\" in frame:\n                            meth = f\"{frame['className']}.{meth}\"\n                        msg = \"    at %s (%s)\"\n                        msg = msg % (meth, file)\n                        stacktrace.append(msg)\n                except TypeError:\n                    pass\n        if exception_class == UnexpectedAlertPresentException:\n            alert_text = None\n            if \"data\" in value:\n                alert_text = value[\"data\"].get(\"text\")\n            elif \"alert\" in value:\n                alert_text = value[\"alert\"].get(\"text\")\n            raise exception_class(message, screen, stacktrace, alert_text)  # type: ignore[call-arg]  # mypy is not smart enough here\n>       raise exception_class(message, screen, stacktrace)\nE       selenium.common.exceptions.NoSuchElementException: Message: no such element: Unable to locate element: {\"method\":\"xpath\",\"selector\":\"(//a[@class='add-to-cart yellow-btn'])[1]\"}\nE         (Session info: chrome-headless-shell=120.0.6099.71); For documentation on this error, please visit: https://www.selenium.dev/documentation/webdriver/troubleshooting/errors#no-such-element-exception\nE       Stacktrace:\nE       #0 0x55786e22dd33 <unknown>\nE       #1 0x55786deeaf87 <unknown>\nE       #2 0x55786df3ac0e <unknown>\nE       #3 0x55786df3ad11 <unknown>\nE       #4 0x55786df86004 <unknown>\nE       #5 0x55786df6436d <unknown>\nE       #6 0x55786df83297 <unknown>\nE       #7 0x55786df640e3 <unknown>\nE       #8 0x55786df2c044 <unknown>\nE       #9 0x55786df2d44e <unknown>\nE       #10 0x55786e1f2861 <unknown>\nE       #11 0x55786e1f6785 <unknown>\nE       #12 0x55786e1e0285 <unknown>\nE       #13 0x55786e1f741f <unknown>\nE       #14 0x55786e1c420f <unknown>\nE       #15 0x55786e21b028 <unknown>\nE       #16 0x55786e21b1f7 <unknown>\nE       #17 0x55786e22ced4 <unknown>\nE       #18 0x7f18a6b75044 <unknown>\n\n/usr/local/lib/python3.11/site-packages/selenium/webdriver/remote/errorhandler.py:229: NoSuchElementException","flaky":false,"newFailed":false,"newBroken":false,"newPassed":false,"retriesCount":0,"retriesStatusChange":false,"beforeStages":[{"name":"_session_faker","time":{"start":1702601523080,"stop":1702601523150,"duration":70},"status":"passed","steps":[],"attachments":[],"parameters":[],"shouldDisplayMessage":false,"stepsCount":0,"attachmentsCount":0,"hasContent":false,"attachmentStep":false},{"name":"clear_allure_results_folder","time":{"start":1702601523150,"stop":1702601523150,"duration":0},"status":"passed","steps":[],"attachments":[],"parameters":[],"shouldDisplayMessage":false,"stepsCount":0,"attachmentsCount":0,"hasContent":false,"attachmentStep":false},{"name":"driver","time":{"start":1702601755292,"stop":1702601756067,"duration":775},"status":"passed","steps":[],"attachments":[],"parameters":[],"shouldDisplayMessage":false,"stepsCount":0,"attachmentsCount":0,"hasContent":false,"attachmentStep":false},{"name":"setup","time":{"start":1702601756067,"stop":1702601756068,"duration":1},"status":"passed","steps":[],"attachments":[],"parameters":[],"shouldDisplayMessage":false,"stepsCount":0,"attachmentsCount":0,"hasContent":false,"attachmentStep":false}],"testStage":{"status":"skipped","statusMessage":"XFAIL\n\nselenium.common.exceptions.NoSuchElementException: Message: no such element: Unable to locate element: {\"method\":\"xpath\",\"selector\":\"(//a[@class='add-to-cart yellow-btn'])[1]\"}\n  (Session info: chrome-headless-shell=120.0.6099.71); For documentation on this error, please visit: https://www.selenium.dev/documentation/webdriver/troubleshooting/errors#no-such-element-exception\nStacktrace:\n#0 0x55786e22dd33 <unknown>\n#1 0x55786deeaf87 <unknown>\n#2 0x55786df3ac0e <unknown>\n#3 0x55786df3ad11 <unknown>\n#4 0x55786df86004 <unknown>\n#5 0x55786df6436d <unknown>\n#6 0x55786df83297 <unknown>\n#7 0x55786df640e3 <unknown>\n#8 0x55786df2c044 <unknown>\n#9 0x55786df2d44e <unknown>\n#10 0x55786e1f2861 <unknown>\n#11 0x55786e1f6785 <unknown>\n#12 0x55786e1e0285 <unknown>\n#13 0x55786e1f741f <unknown>\n#14 0x55786e1c420f <unknown>\n#15 0x55786e21b028 <unknown>\n#16 0x55786e21b1f7 <unknown>\n#17 0x55786e22ced4 <unknown>\n#18 0x7f18a6b75044 <unknown>","statusTrace":"self = <tests.delivery.test_delivery_calculation.TestDeliveryPageCalculation object at 0x7ff199ea3310>\ndriver = <selenium.webdriver.chrome.webdriver.WebDriver (session=\"3bb87d6a5f640c09b9a13dbbd2543d73\")>\nurl = 'https://sandboxtest.stroyrem-nn.ru/', case_id = 'TD 002'\nlink_item = 'products/shtukaturka-tsementnaya-bergauf-bau-putts-tsement-25kg-56sht'\namount = 1, weight = 30, standard = 400, in_time = 1590, all_time = 2190\n\n    @pytest.mark.parametrize('case_id, link_item, amount, weight, standard, in_time, all_time', [\n        (\"TD 001\", uroven_3000, 1, 30, 0, 1590, 2190),\n        (\"TD 002\", bundeks_25, 1, 30, 400, 1590, 2190),\n        (\"TD 003\", aksolit_30, 8, 300, 400, 1590, 2190),\n        (\"TD 004\", aksolit_30, 13, 400, 450, 1590, 2190),\n        (\"TD 005\", aksolit_30, 16, 500, 600, 1590, 2190),\n        (\"TD 006\", aksolit_30, 25, 1700, 990, 1990, 2480),\n        (\"TD 007\", aksolit_30, 66, 2000, 1300, 2490, 2980),\n        (\"TD 008\", aksolit_30, 149, 4500, 2300, 3980, 4490),\n        (\"TD 009\", aksolit_30, 166, 5000, 2500, 4990, 5480),\n        pytest.param(\n            \"TD 010\", aksolit_30, 206, 6200, 2900, 5570, 6120,\n            marks=pytest.mark.xfail(reson=\"Цена доставки 3600 7960 8980\")\n        ),\n        (\"TD 011\", aksolit_30, 299, 9000, 3600, 7960, 8980),\n        (\"TD 012\", aksolit_30, 333, 10000, 4450, 11990, 12500),\n        pytest.param(\n            \"TD 013\", aksolit_30, 366, 11000, 4800, 12450, 13480,\n            marks=pytest.mark.xfail(reason=\"Цена стандартной доставки 4450\")\n        ),\n        pytest.param(\n            \"TD 014\", aksolit_30, 666, 20000, 5400, 15600, 17490,\n            marks=pytest.mark.xfail(reason=\"Цена стандартной доставки 4450\")\n        )\n    ])\n    @pytest.mark.xfail\n    @pytest.mark.smoke_test\n    def test_positive_delivery_green_zone_smoke(\n            self, driver, url, case_id, link_item, amount, weight, standard, in_time, all_time\n    ):\n    \n        driver.get(f'{url}{link_item}')\n        item_page = ItemPage(driver)\n>       item_page.add_item_to_cart(amount).click_on_cart()\n\ntests/delivery/test_delivery_calculation.py:50: \n_ _ _ _ _ _ _ _ _ _ _ _ _ _ _ _ _ _ _ _ _ _ _ _ _ _ _ _ _ _ _ _ _ _ _ _ _ _ _ _ \npages/item_page.py:40: in add_item_to_cart\n    self.find_element(self._add_item).click()\nbase/seleniumbase.py:17: in find_element\n    return self.driver.find_element(*locator)\n/usr/local/lib/python3.11/site-packages/selenium/webdriver/remote/webdriver.py:739: in find_element\n    return self.execute(Command.FIND_ELEMENT, {\"using\": by, \"value\": value})[\"value\"]\n/usr/local/lib/python3.11/site-packages/selenium/webdriver/remote/webdriver.py:345: in execute\n    self.error_handler.check_response(response)\n_ _ _ _ _ _ _ _ _ _ _ _ _ _ _ _ _ _ _ _ _ _ _ _ _ _ _ _ _ _ _ _ _ _ _ _ _ _ _ _ \n\nself = <selenium.webdriver.remote.errorhandler.ErrorHandler object at 0x7ff1997e15d0>\nresponse = {'status': 404, 'value': '{\"value\":{\"error\":\"no such element\",\"message\":\"no such element: Unable to locate element: {\\...\\\\n#16 0x55786e21b1f7 \\\\u003Cunknown>\\\\n#17 0x55786e22ced4 \\\\u003Cunknown>\\\\n#18 0x7f18a6b75044 \\\\u003Cunknown>\\\\n\"}}'}\n\n    def check_response(self, response: Dict[str, Any]) -> None:\n        \"\"\"Checks that a JSON response from the WebDriver does not have an\n        error.\n    \n        :Args:\n         - response - The JSON response from the WebDriver server as a dictionary\n           object.\n    \n        :Raises: If the response contains an error message.\n        \"\"\"\n        status = response.get(\"status\", None)\n        if not status or status == ErrorCode.SUCCESS:\n            return\n        value = None\n        message = response.get(\"message\", \"\")\n        screen: str = response.get(\"screen\", \"\")\n        stacktrace = None\n        if isinstance(status, int):\n            value_json = response.get(\"value\", None)\n            if value_json and isinstance(value_json, str):\n                import json\n    \n                try:\n                    value = json.loads(value_json)\n                    if len(value) == 1:\n                        value = value[\"value\"]\n                    status = value.get(\"error\", None)\n                    if not status:\n                        status = value.get(\"status\", ErrorCode.UNKNOWN_ERROR)\n                        message = value.get(\"value\") or value.get(\"message\")\n                        if not isinstance(message, str):\n                            value = message\n                            message = message.get(\"message\")\n                    else:\n                        message = value.get(\"message\", None)\n                except ValueError:\n                    pass\n    \n        exception_class: Type[WebDriverException]\n        e = ErrorCode()\n        error_codes = [item for item in dir(e) if not item.startswith(\"__\")]\n        for error_code in error_codes:\n            error_info = getattr(ErrorCode, error_code)\n            if isinstance(error_info, list) and status in error_info:\n                exception_class = getattr(ExceptionMapping, error_code, WebDriverException)\n                break\n        else:\n            exception_class = WebDriverException\n    \n        if not value:\n            value = response[\"value\"]\n        if isinstance(value, str):\n            raise exception_class(value)\n        if message == \"\" and \"message\" in value:\n            message = value[\"message\"]\n    \n        screen = None  # type: ignore[assignment]\n        if \"screen\" in value:\n            screen = value[\"screen\"]\n    \n        stacktrace = None\n        st_value = value.get(\"stackTrace\") or value.get(\"stacktrace\")\n        if st_value:\n            if isinstance(st_value, str):\n                stacktrace = st_value.split(\"\\n\")\n            else:\n                stacktrace = []\n                try:\n                    for frame in st_value:\n                        line = frame.get(\"lineNumber\", \"\")\n                        file = frame.get(\"fileName\", \"<anonymous>\")\n                        if line:\n                            file = f\"{file}:{line}\"\n                        meth = frame.get(\"methodName\", \"<anonymous>\")\n                        if \"className\" in frame:\n                            meth = f\"{frame['className']}.{meth}\"\n                        msg = \"    at %s (%s)\"\n                        msg = msg % (meth, file)\n                        stacktrace.append(msg)\n                except TypeError:\n                    pass\n        if exception_class == UnexpectedAlertPresentException:\n            alert_text = None\n            if \"data\" in value:\n                alert_text = value[\"data\"].get(\"text\")\n            elif \"alert\" in value:\n                alert_text = value[\"alert\"].get(\"text\")\n            raise exception_class(message, screen, stacktrace, alert_text)  # type: ignore[call-arg]  # mypy is not smart enough here\n>       raise exception_class(message, screen, stacktrace)\nE       selenium.common.exceptions.NoSuchElementException: Message: no such element: Unable to locate element: {\"method\":\"xpath\",\"selector\":\"(//a[@class='add-to-cart yellow-btn'])[1]\"}\nE         (Session info: chrome-headless-shell=120.0.6099.71); For documentation on this error, please visit: https://www.selenium.dev/documentation/webdriver/troubleshooting/errors#no-such-element-exception\nE       Stacktrace:\nE       #0 0x55786e22dd33 <unknown>\nE       #1 0x55786deeaf87 <unknown>\nE       #2 0x55786df3ac0e <unknown>\nE       #3 0x55786df3ad11 <unknown>\nE       #4 0x55786df86004 <unknown>\nE       #5 0x55786df6436d <unknown>\nE       #6 0x55786df83297 <unknown>\nE       #7 0x55786df640e3 <unknown>\nE       #8 0x55786df2c044 <unknown>\nE       #9 0x55786df2d44e <unknown>\nE       #10 0x55786e1f2861 <unknown>\nE       #11 0x55786e1f6785 <unknown>\nE       #12 0x55786e1e0285 <unknown>\nE       #13 0x55786e1f741f <unknown>\nE       #14 0x55786e1c420f <unknown>\nE       #15 0x55786e21b028 <unknown>\nE       #16 0x55786e21b1f7 <unknown>\nE       #17 0x55786e22ced4 <unknown>\nE       #18 0x7f18a6b75044 <unknown>\n\n/usr/local/lib/python3.11/site-packages/selenium/webdriver/remote/errorhandler.py:229: NoSuchElementException","steps":[{"name":"Добавляем товар в корзину в количестве 1","time":{"start":1702601756808,"stop":1702601756820,"duration":12},"status":"broken","statusMessage":"selenium.common.exceptions.NoSuchElementException: Message: no such element: Unable to locate element: {\"method\":\"xpath\",\"selector\":\"(//a[@class='add-to-cart yellow-btn'])[1]\"}\n  (Session info: chrome-headless-shell=120.0.6099.71); For documentation on this error, please visit: https://www.selenium.dev/documentation/webdriver/troubleshooting/errors#no-such-element-exception\nStacktrace:\n#0 0x55786e22dd33 <unknown>\n#1 0x55786deeaf87 <unknown>\n#2 0x55786df3ac0e <unknown>\n#3 0x55786df3ad11 <unknown>\n#4 0x55786df86004 <unknown>\n#5 0x55786df6436d <unknown>\n#6 0x55786df83297 <unknown>\n#7 0x55786df640e3 <unknown>\n#8 0x55786df2c044 <unknown>\n#9 0x55786df2d44e <unknown>\n#10 0x55786e1f2861 <unknown>\n#11 0x55786e1f6785 <unknown>\n#12 0x55786e1e0285 <unknown>\n#13 0x55786e1f741f <unknown>\n#14 0x55786e1c420f <unknown>\n#15 0x55786e21b028 <unknown>\n#16 0x55786e21b1f7 <unknown>\n#17 0x55786e22ced4 <unknown>\n#18 0x7f18a6b75044 <unknown>\n\n","statusTrace":"  File \"/usr/local/lib/python3.11/site-packages/allure_commons/_allure.py\", line 192, in impl\n    return func(*a, **kw)\n           ^^^^^^^^^^^^^^\n  File \"/app/pages/item_page.py\", line 40, in add_item_to_cart\n    self.find_element(self._add_item).click()\n    ^^^^^^^^^^^^^^^^^^^^^^^^^^^^^^^^^\n  File \"/app/base/seleniumbase.py\", line 17, in find_element\n    return self.driver.find_element(*locator)\n           ^^^^^^^^^^^^^^^^^^^^^^^^^^^^^^^^^^\n  File \"/usr/local/lib/python3.11/site-packages/selenium/webdriver/remote/webdriver.py\", line 739, in find_element\n    return self.execute(Command.FIND_ELEMENT, {\"using\": by, \"value\": value})[\"value\"]\n           ^^^^^^^^^^^^^^^^^^^^^^^^^^^^^^^^^^^^^^^^^^^^^^^^^^^^^^^^^^^^^^^^^\n  File \"/usr/local/lib/python3.11/site-packages/selenium/webdriver/remote/webdriver.py\", line 345, in execute\n    self.error_handler.check_response(response)\n  File \"/usr/local/lib/python3.11/site-packages/selenium/webdriver/remote/errorhandler.py\", line 229, in check_response\n    raise exception_class(message, screen, stacktrace)\n","steps":[],"attachments":[],"parameters":[{"name":"amount","value":"1"}],"shouldDisplayMessage":true,"stepsCount":0,"attachmentsCount":0,"hasContent":true,"attachmentStep":false}],"attachments":[{"uid":"754517199ef08be1","name":"Screenshot","source":"754517199ef08be1.png","type":"image/png","size":5862},{"uid":"9fca946b13be9097","name":"HTML source","source":"9fca946b13be9097.html","type":"text/html","size":39}],"parameters":[],"shouldDisplayMessage":true,"stepsCount":1,"attachmentsCount":2,"hasContent":true,"attachmentStep":false},"afterStages":[{"name":"setup::0","time":{"start":1702601756916,"stop":1702601756916,"duration":0},"status":"passed","steps":[],"attachments":[],"parameters":[],"shouldDisplayMessage":false,"stepsCount":0,"attachmentsCount":0,"hasContent":false,"attachmentStep":false},{"name":"driver::0","time":{"start":1702601756917,"stop":1702601756973,"duration":56},"status":"passed","steps":[],"attachments":[],"parameters":[],"shouldDisplayMessage":false,"stepsCount":0,"attachmentsCount":0,"hasContent":false,"attachmentStep":false}],"labels":[{"name":"epic","value":"Delivery Page - calculation"},{"name":"tag","value":"smoke_test"},{"name":"tag","value":"@pytest.mark.xfail"},{"name":"parentSuite","value":"tests.delivery"},{"name":"suite","value":"test_delivery_calculation"},{"name":"subSuite","value":"TestDeliveryPageCalculation"},{"name":"host","value":"8a3fb8002ead"},{"name":"thread","value":"1-MainThread"},{"name":"framework","value":"pytest"},{"name":"language","value":"cpython3"},{"name":"package","value":"tests.delivery.test_delivery_calculation"},{"name":"resultFormat","value":"allure2"}],"parameters":[{"name":"all_time","value":"2190"},{"name":"amount","value":"1"},{"name":"case_id","value":"'TD 002'"},{"name":"in_time","value":"1590"},{"name":"link_item","value":"'products/shtukaturka-tsementnaya-bergauf-bau-putts-tsement-25kg-56sht'"},{"name":"standard","value":"400"},{"name":"url","value":"'https://sandboxtest.stroyrem-nn.ru/'"},{"name":"weight","value":"30"}],"links":[],"hidden":false,"retry":false,"extra":{"severity":"normal","retries":[],"categories":[],"history":{"statistic":{"failed":0,"broken":13,"skipped":95,"passed":0,"unknown":0,"total":108},"items":[{"uid":"8f1aa8ac1a5f86be","reportUrl":"https://Nat754.github.io/StroyremAutomation/155//#testresult/8f1aa8ac1a5f86be","status":"skipped","statusDetails":"XFAIL\n\nselenium.common.exceptions.NoSuchElementException: Message: no such element: Unable to locate element: {\"method\":\"xpath\",\"selector\":\"(//a[@class='add-to-cart yellow-btn'])[1]\"}\n  (Session info: chrome-headless-shell=120.0.6099.71); For documentation on this error, please visit: https://www.selenium.dev/documentation/webdriver/troubleshooting/errors#no-such-element-exception\nStacktrace:\n#0 0x55b784972d33 <unknown>\n#1 0x55b78462ff87 <unknown>\n#2 0x55b78467fc0e <unknown>\n#3 0x55b78467fd11 <unknown>\n#4 0x55b7846cb004 <unknown>\n#5 0x55b7846a936d <unknown>\n#6 0x55b7846c8297 <unknown>\n#7 0x55b7846a90e3 <unknown>\n#8 0x55b784671044 <unknown>\n#9 0x55b78467244e <unknown>\n#10 0x55b784937861 <unknown>\n#11 0x55b78493b785 <unknown>\n#12 0x55b784925285 <unknown>\n#13 0x55b78493c41f <unknown>\n#14 0x55b78490920f <unknown>\n#15 0x55b784960028 <unknown>\n#16 0x55b7849601f7 <unknown>\n#17 0x55b784971ed4 <unknown>\n#18 0x7f09da977044 <unknown>","time":{"start":1702515214166,"stop":1702515214820,"duration":654}},{"uid":"237cf6f71d2d67ec","reportUrl":"https://Nat754.github.io/StroyremAutomation/154//#testresult/237cf6f71d2d67ec","status":"skipped","statusDetails":"XFAIL\n\nselenium.common.exceptions.NoSuchElementException: Message: no such element: Unable to locate element: {\"method\":\"xpath\",\"selector\":\"(//a[@class='add-to-cart yellow-btn'])[1]\"}\n  (Session info: chrome-headless-shell=120.0.6099.71); For documentation on this error, please visit: https://www.selenium.dev/documentation/webdriver/troubleshooting/errors#no-such-element-exception\nStacktrace:\n#0 0x55b023733d33 <unknown>\n#1 0x55b0233f0f87 <unknown>\n#2 0x55b023440c0e <unknown>\n#3 0x55b023440d11 <unknown>\n#4 0x55b02348c004 <unknown>\n#5 0x55b02346a36d <unknown>\n#6 0x55b023489297 <unknown>\n#7 0x55b02346a0e3 <unknown>\n#8 0x55b023432044 <unknown>\n#9 0x55b02343344e <unknown>\n#10 0x55b0236f8861 <unknown>\n#11 0x55b0236fc785 <unknown>\n#12 0x55b0236e6285 <unknown>\n#13 0x55b0236fd41f <unknown>\n#14 0x55b0236ca20f <unknown>\n#15 0x55b023721028 <unknown>\n#16 0x55b0237211f7 <unknown>\n#17 0x55b023732ed4 <unknown>\n#18 0x7fdd69999044 <unknown>","time":{"start":1702452950085,"stop":1702452950631,"duration":546}},{"uid":"afcfd559eef1a8f7","reportUrl":"https://Nat754.github.io/StroyremAutomation/133//#testresult/afcfd559eef1a8f7","status":"skipped","statusDetails":"XFAIL\n\nselenium.common.exceptions.NoSuchElementException: Message: no such element: Unable to locate element: {\"method\":\"xpath\",\"selector\":\"//input[@class='amount']\"}\n  (Session info: headless chrome=119.0.6045.105); For documentation on this error, please visit: https://www.selenium.dev/documentation/webdriver/troubleshooting/errors#no-such-element-exception\nStacktrace:\n#0 0x55f35b6c25e3 <unknown>\n#1 0x55f35b3850b7 <unknown>\n#2 0x55f35b3d2f53 <unknown>\n#3 0x55f35b3d3051 <unknown>\n#4 0x55f35b4189c4 <unknown>\n#5 0x55f35b3f9f1d <unknown>\n#6 0x55f35b415b3d <unknown>\n#7 0x55f35b3f9cc3 <unknown>\n#8 0x55f35b3c50e4 <unknown>\n#9 0x55f35b3c60ae <unknown>\n#10 0x55f35b688ce1 <unknown>\n#11 0x55f35b68cb7e <unknown>\n#12 0x55f35b6764b5 <unknown>\n#13 0x55f35b68d7d6 <unknown>\n#14 0x55f35b659dbf <unknown>\n#15 0x55f35b6b0748 <unknown>\n#16 0x55f35b6b0917 <unknown>\n#17 0x55f35b6c1773 <unknown>\n#18 0x7fe2f5036044 <unknown>","time":{"start":1700614548678,"stop":1700614552468,"duration":3790}},{"uid":"224fd5ad3a9852fc","reportUrl":"https://Nat754.github.io/StroyremAutomation/132//#testresult/224fd5ad3a9852fc","status":"skipped","statusDetails":"XFAIL\n\nselenium.common.exceptions.NoSuchElementException: Message: no such element: Unable to locate element: {\"method\":\"xpath\",\"selector\":\"//input[@class='amount']\"}\n  (Session info: headless chrome=119.0.6045.105); For documentation on this error, please visit: https://www.selenium.dev/documentation/webdriver/troubleshooting/errors#no-such-element-exception\nStacktrace:\n#0 0x563dfa2d55e3 <unknown>\n#1 0x563df9f980b7 <unknown>\n#2 0x563df9fe5f53 <unknown>\n#3 0x563df9fe6051 <unknown>\n#4 0x563dfa02b9c4 <unknown>\n#5 0x563dfa00cf1d <unknown>\n#6 0x563dfa028b3d <unknown>\n#7 0x563dfa00ccc3 <unknown>\n#8 0x563df9fd80e4 <unknown>\n#9 0x563df9fd90ae <unknown>\n#10 0x563dfa29bce1 <unknown>\n#11 0x563dfa29fb7e <unknown>\n#12 0x563dfa2894b5 <unknown>\n#13 0x563dfa2a07d6 <unknown>\n#14 0x563dfa26cdbf <unknown>\n#15 0x563dfa2c3748 <unknown>\n#16 0x563dfa2c3917 <unknown>\n#17 0x563dfa2d4773 <unknown>\n#18 0x7fec16b7c044 <unknown>","time":{"start":1700528147947,"stop":1700528153065,"duration":5118}},{"uid":"5ed2b185ac7af9e3","reportUrl":"https://Nat754.github.io/StroyremAutomation/131//#testresult/5ed2b185ac7af9e3","status":"skipped","statusDetails":"XFAIL\n\nselenium.common.exceptions.NoSuchElementException: Message: no such element: Unable to locate element: {\"method\":\"xpath\",\"selector\":\"//input[@class='amount']\"}\n  (Session info: headless chrome=119.0.6045.105); For documentation on this error, please visit: https://www.selenium.dev/documentation/webdriver/troubleshooting/errors#no-such-element-exception\nStacktrace:\n#0 0x55cd474655e3 <unknown>\n#1 0x55cd471280b7 <unknown>\n#2 0x55cd47175f53 <unknown>\n#3 0x55cd47176051 <unknown>\n#4 0x55cd471bb9c4 <unknown>\n#5 0x55cd4719cf1d <unknown>\n#6 0x55cd471b8b3d <unknown>\n#7 0x55cd4719ccc3 <unknown>\n#8 0x55cd471680e4 <unknown>\n#9 0x55cd471690ae <unknown>\n#10 0x55cd4742bce1 <unknown>\n#11 0x55cd4742fb7e <unknown>\n#12 0x55cd474194b5 <unknown>\n#13 0x55cd474307d6 <unknown>\n#14 0x55cd473fcdbf <unknown>\n#15 0x55cd47453748 <unknown>\n#16 0x55cd47453917 <unknown>\n#17 0x55cd47464773 <unknown>\n#18 0x7f0d52628044 <unknown>","time":{"start":1700441719335,"stop":1700441723420,"duration":4085}},{"uid":"3e8f4d3d236c2a51","reportUrl":"https://Nat754.github.io/StroyremAutomation/130//#testresult/3e8f4d3d236c2a51","status":"skipped","statusDetails":"XFAIL\n\nselenium.common.exceptions.NoSuchElementException: Message: no such element: Unable to locate element: {\"method\":\"xpath\",\"selector\":\"//input[@class='amount']\"}\n  (Session info: headless chrome=119.0.6045.105); For documentation on this error, please visit: https://www.selenium.dev/documentation/webdriver/troubleshooting/errors#no-such-element-exception\nStacktrace:\n#0 0x555de9f955e3 <unknown>\n#1 0x555de9c580b7 <unknown>\n#2 0x555de9ca5f53 <unknown>\n#3 0x555de9ca6051 <unknown>\n#4 0x555de9ceb9c4 <unknown>\n#5 0x555de9cccf1d <unknown>\n#6 0x555de9ce8b3d <unknown>\n#7 0x555de9ccccc3 <unknown>\n#8 0x555de9c980e4 <unknown>\n#9 0x555de9c990ae <unknown>\n#10 0x555de9f5bce1 <unknown>\n#11 0x555de9f5fb7e <unknown>\n#12 0x555de9f494b5 <unknown>\n#13 0x555de9f607d6 <unknown>\n#14 0x555de9f2cdbf <unknown>\n#15 0x555de9f83748 <unknown>\n#16 0x555de9f83917 <unknown>\n#17 0x555de9f94773 <unknown>\n#18 0x7ff15228a044 <unknown>","time":{"start":1700355453528,"stop":1700355457365,"duration":3837}},{"uid":"2335a2c8d2fb1f91","reportUrl":"https://Nat754.github.io/StroyremAutomation/129//#testresult/2335a2c8d2fb1f91","status":"skipped","statusDetails":"XFAIL\n\nselenium.common.exceptions.NoSuchElementException: Message: no such element: Unable to locate element: {\"method\":\"xpath\",\"selector\":\"//input[@class='amount']\"}\n  (Session info: headless chrome=119.0.6045.105); For documentation on this error, please visit: https://www.selenium.dev/documentation/webdriver/troubleshooting/errors#no-such-element-exception\nStacktrace:\n#0 0x55f0ee4bc5e3 <unknown>\n#1 0x55f0ee17f0b7 <unknown>\n#2 0x55f0ee1ccf53 <unknown>\n#3 0x55f0ee1cd051 <unknown>\n#4 0x55f0ee2129c4 <unknown>\n#5 0x55f0ee1f3f1d <unknown>\n#6 0x55f0ee20fb3d <unknown>\n#7 0x55f0ee1f3cc3 <unknown>\n#8 0x55f0ee1bf0e4 <unknown>\n#9 0x55f0ee1c00ae <unknown>\n#10 0x55f0ee482ce1 <unknown>\n#11 0x55f0ee486b7e <unknown>\n#12 0x55f0ee4704b5 <unknown>\n#13 0x55f0ee4877d6 <unknown>\n#14 0x55f0ee453dbf <unknown>\n#15 0x55f0ee4aa748 <unknown>\n#16 0x55f0ee4aa917 <unknown>\n#17 0x55f0ee4bb773 <unknown>\n#18 0x7fcae5308044 <unknown>","time":{"start":1700268777643,"stop":1700268781619,"duration":3976}},{"uid":"79e3661b60173c95","reportUrl":"https://Nat754.github.io/StroyremAutomation/128//#testresult/79e3661b60173c95","status":"skipped","statusDetails":"XFAIL\n\nselenium.common.exceptions.NoSuchElementException: Message: no such element: Unable to locate element: {\"method\":\"xpath\",\"selector\":\"//input[@class='amount']\"}\n  (Session info: headless chrome=119.0.6045.105); For documentation on this error, please visit: https://www.selenium.dev/documentation/webdriver/troubleshooting/errors#no-such-element-exception\nStacktrace:\n#0 0x55825eac85e3 <unknown>\n#1 0x55825e78b0b7 <unknown>\n#2 0x55825e7d8f53 <unknown>\n#3 0x55825e7d9051 <unknown>\n#4 0x55825e81e9c4 <unknown>\n#5 0x55825e7fff1d <unknown>\n#6 0x55825e81bb3d <unknown>\n#7 0x55825e7ffcc3 <unknown>\n#8 0x55825e7cb0e4 <unknown>\n#9 0x55825e7cc0ae <unknown>\n#10 0x55825ea8ece1 <unknown>\n#11 0x55825ea92b7e <unknown>\n#12 0x55825ea7c4b5 <unknown>\n#13 0x55825ea937d6 <unknown>\n#14 0x55825ea5fdbf <unknown>\n#15 0x55825eab6748 <unknown>\n#16 0x55825eab6917 <unknown>\n#17 0x55825eac7773 <unknown>\n#18 0x7f40657eb044 <unknown>","time":{"start":1700182508658,"stop":1700182513494,"duration":4836}},{"uid":"564dd4dcbaf302b5","reportUrl":"https://Nat754.github.io/StroyremAutomation/127//#testresult/564dd4dcbaf302b5","status":"skipped","statusDetails":"XFAIL\n\nselenium.common.exceptions.NoSuchElementException: Message: no such element: Unable to locate element: {\"method\":\"xpath\",\"selector\":\"//input[@class='amount']\"}\n  (Session info: headless chrome=119.0.6045.105); For documentation on this error, please visit: https://www.selenium.dev/documentation/webdriver/troubleshooting/errors#no-such-element-exception\nStacktrace:\n#0 0x560bc27155e3 <unknown>\n#1 0x560bc23d80b7 <unknown>\n#2 0x560bc2425f53 <unknown>\n#3 0x560bc2426051 <unknown>\n#4 0x560bc246b9c4 <unknown>\n#5 0x560bc244cf1d <unknown>\n#6 0x560bc2468b3d <unknown>\n#7 0x560bc244ccc3 <unknown>\n#8 0x560bc24180e4 <unknown>\n#9 0x560bc24190ae <unknown>\n#10 0x560bc26dbce1 <unknown>\n#11 0x560bc26dfb7e <unknown>\n#12 0x560bc26c94b5 <unknown>\n#13 0x560bc26e07d6 <unknown>\n#14 0x560bc26acdbf <unknown>\n#15 0x560bc2703748 <unknown>\n#16 0x560bc2703917 <unknown>\n#17 0x560bc2714773 <unknown>\n#18 0x7f02ac97a044 <unknown>","time":{"start":1700096101446,"stop":1700096105401,"duration":3955}},{"uid":"defd3602d7ffa6ce","reportUrl":"https://Nat754.github.io/StroyremAutomation/126//#testresult/defd3602d7ffa6ce","status":"skipped","statusDetails":"XFAIL\n\nselenium.common.exceptions.NoSuchElementException: Message: no such element: Unable to locate element: {\"method\":\"xpath\",\"selector\":\"//input[@class='amount']\"}\n  (Session info: headless chrome=119.0.6045.105); For documentation on this error, please visit: https://www.selenium.dev/documentation/webdriver/troubleshooting/errors#no-such-element-exception\nStacktrace:\n#0 0x562c5850b5e3 <unknown>\n#1 0x562c581ce0b7 <unknown>\n#2 0x562c5821bf53 <unknown>\n#3 0x562c5821c051 <unknown>\n#4 0x562c582619c4 <unknown>\n#5 0x562c58242f1d <unknown>\n#6 0x562c5825eb3d <unknown>\n#7 0x562c58242cc3 <unknown>\n#8 0x562c5820e0e4 <unknown>\n#9 0x562c5820f0ae <unknown>\n#10 0x562c584d1ce1 <unknown>\n#11 0x562c584d5b7e <unknown>\n#12 0x562c584bf4b5 <unknown>\n#13 0x562c584d67d6 <unknown>\n#14 0x562c584a2dbf <unknown>\n#15 0x562c584f9748 <unknown>\n#16 0x562c584f9917 <unknown>\n#17 0x562c5850a773 <unknown>\n#18 0x7f9ef5ecd044 <unknown>","time":{"start":1700009681458,"stop":1700009686320,"duration":4862}},{"uid":"58236c013f99894a","reportUrl":"https://Nat754.github.io/StroyremAutomation/125//#testresult/58236c013f99894a","status":"skipped","statusDetails":"XFAIL\n\nselenium.common.exceptions.NoSuchElementException: Message: no such element: Unable to locate element: {\"method\":\"xpath\",\"selector\":\"//input[@class='amount']\"}\n  (Session info: headless chrome=119.0.6045.105); For documentation on this error, please visit: https://www.selenium.dev/documentation/webdriver/troubleshooting/errors#no-such-element-exception\nStacktrace:\n#0 0x5556a151b5e3 <unknown>\n#1 0x5556a11de0b7 <unknown>\n#2 0x5556a122bf53 <unknown>\n#3 0x5556a122c051 <unknown>\n#4 0x5556a12719c4 <unknown>\n#5 0x5556a1252f1d <unknown>\n#6 0x5556a126eb3d <unknown>\n#7 0x5556a1252cc3 <unknown>\n#8 0x5556a121e0e4 <unknown>\n#9 0x5556a121f0ae <unknown>\n#10 0x5556a14e1ce1 <unknown>\n#11 0x5556a14e5b7e <unknown>\n#12 0x5556a14cf4b5 <unknown>\n#13 0x5556a14e67d6 <unknown>\n#14 0x5556a14b2dbf <unknown>\n#15 0x5556a1509748 <unknown>\n#16 0x5556a1509917 <unknown>\n#17 0x5556a151a773 <unknown>\n#18 0x7f4c12556044 <unknown>","time":{"start":1699923110444,"stop":1699923113666,"duration":3222}},{"uid":"bf201de643a5ebd2","reportUrl":"https://Nat754.github.io/StroyremAutomation/124//#testresult/bf201de643a5ebd2","status":"skipped","statusDetails":"XFAIL\n\nselenium.common.exceptions.NoSuchElementException: Message: no such element: Unable to locate element: {\"method\":\"xpath\",\"selector\":\"//input[@class='amount']\"}\n  (Session info: headless chrome=119.0.6045.105); For documentation on this error, please visit: https://www.selenium.dev/documentation/webdriver/troubleshooting/errors#no-such-element-exception\nStacktrace:\n#0 0x560d6a7605e3 <unknown>\n#1 0x560d6a4230b7 <unknown>\n#2 0x560d6a470f53 <unknown>\n#3 0x560d6a471051 <unknown>\n#4 0x560d6a4b69c4 <unknown>\n#5 0x560d6a497f1d <unknown>\n#6 0x560d6a4b3b3d <unknown>\n#7 0x560d6a497cc3 <unknown>\n#8 0x560d6a4630e4 <unknown>\n#9 0x560d6a4640ae <unknown>\n#10 0x560d6a726ce1 <unknown>\n#11 0x560d6a72ab7e <unknown>\n#12 0x560d6a7144b5 <unknown>\n#13 0x560d6a72b7d6 <unknown>\n#14 0x560d6a6f7dbf <unknown>\n#15 0x560d6a74e748 <unknown>\n#16 0x560d6a74e917 <unknown>\n#17 0x560d6a75f773 <unknown>\n#18 0x7fe21c889044 <unknown>","time":{"start":1699836858489,"stop":1699836862277,"duration":3788}},{"uid":"8a4966bea27e7d9c","reportUrl":"https://Nat754.github.io/StroyremAutomation/123//#testresult/8a4966bea27e7d9c","status":"skipped","statusDetails":"XFAIL\n\nselenium.common.exceptions.NoSuchElementException: Message: no such element: Unable to locate element: {\"method\":\"xpath\",\"selector\":\"//input[@class='amount']\"}\n  (Session info: headless chrome=119.0.6045.105); For documentation on this error, please visit: https://www.selenium.dev/documentation/webdriver/troubleshooting/errors#no-such-element-exception\nStacktrace:\n#0 0x55bc5905f5e3 <unknown>\n#1 0x55bc58d220b7 <unknown>\n#2 0x55bc58d6ff53 <unknown>\n#3 0x55bc58d70051 <unknown>\n#4 0x55bc58db59c4 <unknown>\n#5 0x55bc58d96f1d <unknown>\n#6 0x55bc58db2b3d <unknown>\n#7 0x55bc58d96cc3 <unknown>\n#8 0x55bc58d620e4 <unknown>\n#9 0x55bc58d630ae <unknown>\n#10 0x55bc59025ce1 <unknown>\n#11 0x55bc59029b7e <unknown>\n#12 0x55bc590134b5 <unknown>\n#13 0x55bc5902a7d6 <unknown>\n#14 0x55bc58ff6dbf <unknown>\n#15 0x55bc5904d748 <unknown>\n#16 0x55bc5904d917 <unknown>\n#17 0x55bc5905e773 <unknown>\n#18 0x7f36b40f8044 <unknown>","time":{"start":1699750582346,"stop":1699750586384,"duration":4038}},{"uid":"627a7c99ba0ada8f","reportUrl":"https://Nat754.github.io/StroyremAutomation/122//#testresult/627a7c99ba0ada8f","status":"skipped","statusDetails":"XFAIL\n\nselenium.common.exceptions.NoSuchElementException: Message: no such element: Unable to locate element: {\"method\":\"xpath\",\"selector\":\"//input[@class='amount']\"}\n  (Session info: headless chrome=119.0.6045.105); For documentation on this error, please visit: https://www.selenium.dev/documentation/webdriver/troubleshooting/errors#no-such-element-exception\nStacktrace:\n#0 0x55d9461af5e3 <unknown>\n#1 0x55d945e720b7 <unknown>\n#2 0x55d945ebff53 <unknown>\n#3 0x55d945ec0051 <unknown>\n#4 0x55d945f059c4 <unknown>\n#5 0x55d945ee6f1d <unknown>\n#6 0x55d945f02b3d <unknown>\n#7 0x55d945ee6cc3 <unknown>\n#8 0x55d945eb20e4 <unknown>\n#9 0x55d945eb30ae <unknown>\n#10 0x55d946175ce1 <unknown>\n#11 0x55d946179b7e <unknown>\n#12 0x55d9461634b5 <unknown>\n#13 0x55d94617a7d6 <unknown>\n#14 0x55d946146dbf <unknown>\n#15 0x55d94619d748 <unknown>\n#16 0x55d94619d917 <unknown>\n#17 0x55d9461ae773 <unknown>\n#18 0x7fdc912a1044 <unknown>","time":{"start":1699663917112,"stop":1699663922442,"duration":5330}},{"uid":"5ab5b9f9e9bb54dc","reportUrl":"https://Nat754.github.io/StroyremAutomation/121//#testresult/5ab5b9f9e9bb54dc","status":"skipped","statusDetails":"XFAIL\n\nselenium.common.exceptions.NoSuchElementException: Message: no such element: Unable to locate element: {\"method\":\"xpath\",\"selector\":\"//input[@class='amount']\"}\n  (Session info: headless chrome=119.0.6045.105); For documentation on this error, please visit: https://www.selenium.dev/documentation/webdriver/troubleshooting/errors#no-such-element-exception\nStacktrace:\n#0 0x55fb7760d5e3 <unknown>\n#1 0x55fb772d00b7 <unknown>\n#2 0x55fb7731df53 <unknown>\n#3 0x55fb7731e051 <unknown>\n#4 0x55fb773639c4 <unknown>\n#5 0x55fb77344f1d <unknown>\n#6 0x55fb77360b3d <unknown>\n#7 0x55fb77344cc3 <unknown>\n#8 0x55fb773100e4 <unknown>\n#9 0x55fb773110ae <unknown>\n#10 0x55fb775d3ce1 <unknown>\n#11 0x55fb775d7b7e <unknown>\n#12 0x55fb775c14b5 <unknown>\n#13 0x55fb775d87d6 <unknown>\n#14 0x55fb775a4dbf <unknown>\n#15 0x55fb775fb748 <unknown>\n#16 0x55fb775fb917 <unknown>\n#17 0x55fb7760c773 <unknown>\n#18 0x7f0aebc77044 <unknown>","time":{"start":1699577517397,"stop":1699577520727,"duration":3330}},{"uid":"e523e1fa5ad0cdf5","reportUrl":"https://Nat754.github.io/StroyremAutomation/120//#testresult/e523e1fa5ad0cdf5","status":"skipped","statusDetails":"XFAIL\n\nselenium.common.exceptions.NoSuchElementException: Message: no such element: Unable to locate element: {\"method\":\"xpath\",\"selector\":\"//input[@class='amount']\"}\n  (Session info: headless chrome=119.0.6045.105); For documentation on this error, please visit: https://www.selenium.dev/documentation/webdriver/troubleshooting/errors#no-such-element-exception\nStacktrace:\n#0 0x5645fc5cf5e3 <unknown>\n#1 0x5645fc2920b7 <unknown>\n#2 0x5645fc2dff53 <unknown>\n#3 0x5645fc2e0051 <unknown>\n#4 0x5645fc3259c4 <unknown>\n#5 0x5645fc306f1d <unknown>\n#6 0x5645fc322b3d <unknown>\n#7 0x5645fc306cc3 <unknown>\n#8 0x5645fc2d20e4 <unknown>\n#9 0x5645fc2d30ae <unknown>\n#10 0x5645fc595ce1 <unknown>\n#11 0x5645fc599b7e <unknown>\n#12 0x5645fc5834b5 <unknown>\n#13 0x5645fc59a7d6 <unknown>\n#14 0x5645fc566dbf <unknown>\n#15 0x5645fc5bd748 <unknown>\n#16 0x5645fc5bd917 <unknown>\n#17 0x5645fc5ce773 <unknown>\n#18 0x7f8ba01a4044 <unknown>","time":{"start":1699491098760,"stop":1699491102527,"duration":3767}},{"uid":"8f7d4a94d42c580b","reportUrl":"https://Nat754.github.io/StroyremAutomation/119//#testresult/8f7d4a94d42c580b","status":"skipped","statusDetails":"XFAIL\n\nselenium.common.exceptions.NoSuchElementException: Message: no such element: Unable to locate element: {\"method\":\"xpath\",\"selector\":\"//input[@class='amount']\"}\n  (Session info: headless chrome=119.0.6045.105); For documentation on this error, please visit: https://www.selenium.dev/documentation/webdriver/troubleshooting/errors#no-such-element-exception\nStacktrace:\n#0 0x5595385155e3 <unknown>\n#1 0x5595381d80b7 <unknown>\n#2 0x559538225f53 <unknown>\n#3 0x559538226051 <unknown>\n#4 0x55953826b9c4 <unknown>\n#5 0x55953824cf1d <unknown>\n#6 0x559538268b3d <unknown>\n#7 0x55953824ccc3 <unknown>\n#8 0x5595382180e4 <unknown>\n#9 0x5595382190ae <unknown>\n#10 0x5595384dbce1 <unknown>\n#11 0x5595384dfb7e <unknown>\n#12 0x5595384c94b5 <unknown>\n#13 0x5595384e07d6 <unknown>\n#14 0x5595384acdbf <unknown>\n#15 0x559538503748 <unknown>\n#16 0x559538503917 <unknown>\n#17 0x559538514773 <unknown>\n#18 0x7fbe54665044 <unknown>","time":{"start":1699404753795,"stop":1699404758654,"duration":4859}},{"uid":"4521ca820423999c","reportUrl":"https://Nat754.github.io/StroyremAutomation/118//#testresult/4521ca820423999c","status":"skipped","statusDetails":"XFAIL\n\nselenium.common.exceptions.NoSuchElementException: Message: no such element: Unable to locate element: {\"method\":\"xpath\",\"selector\":\"//input[@class='amount']\"}\n  (Session info: headless chrome=119.0.6045.105); For documentation on this error, please visit: https://www.selenium.dev/documentation/webdriver/troubleshooting/errors#no-such-element-exception\nStacktrace:\n#0 0x56227659f5e3 <unknown>\n#1 0x5622762620b7 <unknown>\n#2 0x5622762aff53 <unknown>\n#3 0x5622762b0051 <unknown>\n#4 0x5622762f59c4 <unknown>\n#5 0x5622762d6f1d <unknown>\n#6 0x5622762f2b3d <unknown>\n#7 0x5622762d6cc3 <unknown>\n#8 0x5622762a20e4 <unknown>\n#9 0x5622762a30ae <unknown>\n#10 0x562276565ce1 <unknown>\n#11 0x562276569b7e <unknown>\n#12 0x5622765534b5 <unknown>\n#13 0x56227656a7d6 <unknown>\n#14 0x562276536dbf <unknown>\n#15 0x56227658d748 <unknown>\n#16 0x56227658d917 <unknown>\n#17 0x56227659e773 <unknown>\n#18 0x7f0cd2df6044 <unknown>","time":{"start":1699318439576,"stop":1699318443149,"duration":3573}},{"uid":"2a315859075ee9f1","reportUrl":"https://Nat754.github.io/StroyremAutomation/117//#testresult/2a315859075ee9f1","status":"skipped","statusDetails":"XFAIL\n\nselenium.common.exceptions.NoSuchElementException: Message: no such element: Unable to locate element: {\"method\":\"xpath\",\"selector\":\"//input[@class='amount']\"}\n  (Session info: headless chrome=119.0.6045.105); For documentation on this error, please visit: https://www.selenium.dev/documentation/webdriver/troubleshooting/errors#no-such-element-exception\nStacktrace:\n#0 0x5632949405e3 <unknown>\n#1 0x5632946030b7 <unknown>\n#2 0x563294650f53 <unknown>\n#3 0x563294651051 <unknown>\n#4 0x5632946969c4 <unknown>\n#5 0x563294677f1d <unknown>\n#6 0x563294693b3d <unknown>\n#7 0x563294677cc3 <unknown>\n#8 0x5632946430e4 <unknown>\n#9 0x5632946440ae <unknown>\n#10 0x563294906ce1 <unknown>\n#11 0x56329490ab7e <unknown>\n#12 0x5632948f44b5 <unknown>\n#13 0x56329490b7d6 <unknown>\n#14 0x5632948d7dbf <unknown>\n#15 0x56329492e748 <unknown>\n#16 0x56329492e917 <unknown>\n#17 0x56329493f773 <unknown>\n#18 0x7f550f800044 <unknown>","time":{"start":1699232091911,"stop":1699232096420,"duration":4509}},{"uid":"3535117a61fbce80","reportUrl":"https://Nat754.github.io/StroyremAutomation/116//#testresult/3535117a61fbce80","status":"skipped","statusDetails":"XFAIL\n\nselenium.common.exceptions.NoSuchElementException: Message: no such element: Unable to locate element: {\"method\":\"xpath\",\"selector\":\"//input[@class='amount']\"}\n  (Session info: headless chrome=119.0.6045.105); For documentation on this error, please visit: https://www.selenium.dev/documentation/webdriver/troubleshooting/errors#no-such-element-exception\nStacktrace:\n#0 0x55b3373ec5e3 <unknown>\n#1 0x55b3370af0b7 <unknown>\n#2 0x55b3370fcf53 <unknown>\n#3 0x55b3370fd051 <unknown>\n#4 0x55b3371429c4 <unknown>\n#5 0x55b337123f1d <unknown>\n#6 0x55b33713fb3d <unknown>\n#7 0x55b337123cc3 <unknown>\n#8 0x55b3370ef0e4 <unknown>\n#9 0x55b3370f00ae <unknown>\n#10 0x55b3373b2ce1 <unknown>\n#11 0x55b3373b6b7e <unknown>\n#12 0x55b3373a04b5 <unknown>\n#13 0x55b3373b77d6 <unknown>\n#14 0x55b337383dbf <unknown>\n#15 0x55b3373da748 <unknown>\n#16 0x55b3373da917 <unknown>\n#17 0x55b3373eb773 <unknown>\n#18 0x7f962d281044 <unknown>","time":{"start":1699145833828,"stop":1699145839670,"duration":5842}}]},"tags":["@pytest.mark.xfail","smoke_test"]},"source":"5a73d52376423413.json","parameterValues":["2190","1","'TD 002'","1590","'products/shtukaturka-tsementnaya-bergauf-bau-putts-tsement-25kg-56sht'","400","'https://sandboxtest.stroyrem-nn.ru/'","30"]}