{"uid":"6ba5fdc9da88fbb6","name":"Авторизация с помощью аккаунта ya.ru","fullName":"tests.test_sign_in.test_sign_in_page.TestSignInPage#test_positive_authorization_first_time_using_YA_smoke","historyId":"dad914aa68b78287aa131957fc42820c","time":{"start":1695344959771,"stop":1695344963201,"duration":3430},"status":"skipped","statusMessage":"XFAIL Появляется капча Яндекса при запуске теста на Github\n\nselenium.common.exceptions.NoSuchElementException: Message: no such element: Unable to locate element: {\"method\":\"css selector\",\"selector\":\"button[data-t='button:clear']\"}\n  (Session info: headless chrome=117.0.5938.92); For documentation on this error, please visit: https://www.selenium.dev/documentation/webdriver/troubleshooting/errors#no-such-element-exception\nStacktrace:\n#0 0x55ce4739c6b3 <unknown>\n#1 0x55ce470721e7 <unknown>\n#2 0x55ce470b9566 <unknown>\n#3 0x55ce470b9651 <unknown>\n#4 0x55ce470f6a74 <unknown>\n#5 0x55ce470db0ed <unknown>\n#6 0x55ce470f4322 <unknown>\n#7 0x55ce470dae93 <unknown>\n#8 0x55ce470ad934 <unknown>\n#9 0x55ce470ae71e <unknown>\n#10 0x55ce47361cb8 <unknown>\n#11 0x55ce47365bf0 <unknown>\n#12 0x55ce4737019c <unknown>\n#13 0x55ce47366808 <unknown>\n#14 0x55ce4733327f <unknown>\n#15 0x55ce4738ae88 <unknown>\n#16 0x55ce4738b059 <unknown>\n#17 0x55ce4739b843 <unknown>\n#18 0x7f3851ab2044 <unknown>","statusTrace":"self = <tests.test_sign_in.test_sign_in_page.TestSignInPage object at 0x7f255c08d8d0>\ndriver = <selenium.webdriver.chrome.webdriver.WebDriver (session=\"37c5cdfe0e20580caeb48b4949d19347\")>\nsign_in_page = <pages.sign_in_page.SignInPage object at 0x7f255ba614d0>\nopen_sign_in_window = None\n\n    @allure.title(\"Авторизация с помощью аккаунта ya.ru\")\n    @pytest.mark.xfail(reason=\"Появляется капча Яндекса при запуске теста на Github\")\n    @pytest.mark.smoke_test\n    def test_positive_authorization_first_time_using_YA_smoke(self, driver, sign_in_page, open_sign_in_window):\n        sign_in_page.get_ya_ru_auth_icon().click()\n        driver.switch_to.window(driver.window_handles[1])\n        # driver.delete_all_cookies()\n        driver.add_cookie({'name': 'uniqueuid',\n                           'value': '384528911692006899',\n                           'domain': 'passport.yandex.ru',\n                           'httpOnly': True,\n                           'path': '/',\n                           'expiry': 1723499808,\n                           'sameSite': 'Lax',\n                           'secure': True})\n        driver.add_cookie({'name': 'ymex',\n                           'value': '2007366920.yrts.1692006920#2007366900.yrtsi.1692006900',\n                           'domain': '.yandex.ru',\n                           'httpOnly': False,\n                           'path': '/',\n                           'expiry': 1723499808,\n                           'secure': True})\n        driver.add_cookie({'name': 'i',\n                           'value': 'rpEp6ASpcmkXAketS0UdMiVBT6ovBbPtyYRYZIsRWdkwRjrAU27Q2rmgTx58XJTCF6sreSZhfheTbJeEsS',\n                           'domain': '.yandex.ru',\n                           'httpOnly': True,\n                           'path': '/',\n                           'expiry': 1723499808,\n                           'secure': True})\n        driver.add_cookie({'name': 'yandexuid',\n                           'value': '5114601221692006901',\n                           'domain': '.yandex.ru',\n                           'httpOnly': False,\n                           'path': '/',\n                           'expiry': 1723499808,\n                           'secure': True})\n        driver.add_cookie({'name': 'yuidss',\n                           'value': '7640250911692006900',\n                           'domain': '.yandex.ru',\n                           'httpOnly': False,\n                           'path': '/',\n                           'expiry': 1723499808,\n                           'secure': True})\n        driver.add_cookie({'name': 'gdpr',\n                           'value': '0',\n                           'domain': '.yandex.ru',\n                           'httpOnly': False,\n                           'path': '/',\n                           'expiry': 1723499808,\n                           'secure': True})\n        driver.add_cookie({'name': '_ym_uid',\n                           'value': '169200690291832112',\n                           'domain': '.yandex.ru',\n                           'httpOnly': False,\n                           'path': '/',\n                           'expiry': 1723499808,\n                           'secure': True})\n        driver.add_cookie({'name': '_ym_d',\n                           'value': '1692006902',\n                           'domain': '.yandex.ru',\n                           'httpOnly': False,\n                           'path': '/',\n                           'expiry': 1723499808,\n                           'secure': True})\n        driver.add_cookie({'name': 'bh',\n                           'value': 'Ej8iTm90L0EpQnJhbmQiO3Y9Ijk5IiwiR29vZ2xlIENocm9tZSI7dj0iMTE1IiwiQ2hyb21pdW0iO3Y9IjExNSIaBSJ4ODYiIhAiMTE1LjAuNTc5MC4xMTAiKgI',\n                           'domain': 'yandex.ru',\n                           'httpOnly': False,\n                           'path': '/',\n                           'expiry': 1723499808,\n                           'secure': False})\n        driver.add_cookie({'name': '_ym_visorc',\n                           'value': 'b',\n                           'domain': '.yandex.ru',\n                           'httpOnly': False,\n                           'path': '/',\n                           'expiry': 1723499808,\n                           'secure': True})\n        driver.execute_script(\"arguments[0].scrollIntoView();\",\n>                             sign_in_page.get_ya_ru_window_alternative_ways_to_sign_up())\n\ntests/test_sign_in/test_sign_in_page.py:209: \n_ _ _ _ _ _ _ _ _ _ _ _ _ _ _ _ _ _ _ _ _ _ _ _ _ _ _ _ _ _ _ _ _ _ _ _ _ _ _ _ \npages/sign_in_page.py:191: in get_ya_ru_window_alternative_ways_to_sign_up\n    return self.find_element(self._ya_ru_window_alternative_ways_to_sign_up)\nbase/seleniumbase.py:17: in find_element\n    return self.driver.find_element(*locator)\n/usr/local/lib/python3.11/site-packages/selenium/webdriver/remote/webdriver.py:739: in find_element\n    return self.execute(Command.FIND_ELEMENT, {\"using\": by, \"value\": value})[\"value\"]\n/usr/local/lib/python3.11/site-packages/selenium/webdriver/remote/webdriver.py:345: in execute\n    self.error_handler.check_response(response)\n_ _ _ _ _ _ _ _ _ _ _ _ _ _ _ _ _ _ _ _ _ _ _ _ _ _ _ _ _ _ _ _ _ _ _ _ _ _ _ _ \n\nself = <selenium.webdriver.remote.errorhandler.ErrorHandler object at 0x7f255bd344d0>\nresponse = {'status': 404, 'value': '{\"value\":{\"error\":\"no such element\",\"message\":\"no such element: Unable to locate element: {\\...\\\\n#16 0x55ce4738b059 \\\\u003Cunknown>\\\\n#17 0x55ce4739b843 \\\\u003Cunknown>\\\\n#18 0x7f3851ab2044 \\\\u003Cunknown>\\\\n\"}}'}\n\n    def check_response(self, response: Dict[str, Any]) -> None:\n        \"\"\"Checks that a JSON response from the WebDriver does not have an\n        error.\n    \n        :Args:\n         - response - The JSON response from the WebDriver server as a dictionary\n           object.\n    \n        :Raises: If the response contains an error message.\n        \"\"\"\n        status = response.get(\"status\", None)\n        if not status or status == ErrorCode.SUCCESS:\n            return\n        value = None\n        message = response.get(\"message\", \"\")\n        screen: str = response.get(\"screen\", \"\")\n        stacktrace = None\n        if isinstance(status, int):\n            value_json = response.get(\"value\", None)\n            if value_json and isinstance(value_json, str):\n                import json\n    \n                try:\n                    value = json.loads(value_json)\n                    if len(value) == 1:\n                        value = value[\"value\"]\n                    status = value.get(\"error\", None)\n                    if not status:\n                        status = value.get(\"status\", ErrorCode.UNKNOWN_ERROR)\n                        message = value.get(\"value\") or value.get(\"message\")\n                        if not isinstance(message, str):\n                            value = message\n                            message = message.get(\"message\")\n                    else:\n                        message = value.get(\"message\", None)\n                except ValueError:\n                    pass\n    \n        exception_class: Type[WebDriverException]\n        e = ErrorCode()\n        error_codes = [item for item in dir(e) if not item.startswith(\"__\")]\n        for error_code in error_codes:\n            error_info = getattr(ErrorCode, error_code)\n            if isinstance(error_info, list) and status in error_info:\n                exception_class = getattr(ExceptionMapping, error_code, WebDriverException)\n                break\n        else:\n            exception_class = WebDriverException\n    \n        if not value:\n            value = response[\"value\"]\n        if isinstance(value, str):\n            raise exception_class(value)\n        if message == \"\" and \"message\" in value:\n            message = value[\"message\"]\n    \n        screen = None  # type: ignore[assignment]\n        if \"screen\" in value:\n            screen = value[\"screen\"]\n    \n        stacktrace = None\n        st_value = value.get(\"stackTrace\") or value.get(\"stacktrace\")\n        if st_value:\n            if isinstance(st_value, str):\n                stacktrace = st_value.split(\"\\n\")\n            else:\n                stacktrace = []\n                try:\n                    for frame in st_value:\n                        line = frame.get(\"lineNumber\", \"\")\n                        file = frame.get(\"fileName\", \"<anonymous>\")\n                        if line:\n                            file = f\"{file}:{line}\"\n                        meth = frame.get(\"methodName\", \"<anonymous>\")\n                        if \"className\" in frame:\n                            meth = f\"{frame['className']}.{meth}\"\n                        msg = \"    at %s (%s)\"\n                        msg = msg % (meth, file)\n                        stacktrace.append(msg)\n                except TypeError:\n                    pass\n        if exception_class == UnexpectedAlertPresentException:\n            alert_text = None\n            if \"data\" in value:\n                alert_text = value[\"data\"].get(\"text\")\n            elif \"alert\" in value:\n                alert_text = value[\"alert\"].get(\"text\")\n            raise exception_class(message, screen, stacktrace, alert_text)  # type: ignore[call-arg]  # mypy is not smart enough here\n>       raise exception_class(message, screen, stacktrace)\nE       selenium.common.exceptions.NoSuchElementException: Message: no such element: Unable to locate element: {\"method\":\"css selector\",\"selector\":\"button[data-t='button:clear']\"}\nE         (Session info: headless chrome=117.0.5938.92); For documentation on this error, please visit: https://www.selenium.dev/documentation/webdriver/troubleshooting/errors#no-such-element-exception\nE       Stacktrace:\nE       #0 0x55ce4739c6b3 <unknown>\nE       #1 0x55ce470721e7 <unknown>\nE       #2 0x55ce470b9566 <unknown>\nE       #3 0x55ce470b9651 <unknown>\nE       #4 0x55ce470f6a74 <unknown>\nE       #5 0x55ce470db0ed <unknown>\nE       #6 0x55ce470f4322 <unknown>\nE       #7 0x55ce470dae93 <unknown>\nE       #8 0x55ce470ad934 <unknown>\nE       #9 0x55ce470ae71e <unknown>\nE       #10 0x55ce47361cb8 <unknown>\nE       #11 0x55ce47365bf0 <unknown>\nE       #12 0x55ce4737019c <unknown>\nE       #13 0x55ce47366808 <unknown>\nE       #14 0x55ce4733327f <unknown>\nE       #15 0x55ce4738ae88 <unknown>\nE       #16 0x55ce4738b059 <unknown>\nE       #17 0x55ce4739b843 <unknown>\nE       #18 0x7f3851ab2044 <unknown>\n\n/usr/local/lib/python3.11/site-packages/selenium/webdriver/remote/errorhandler.py:229: NoSuchElementException","flaky":false,"newFailed":false,"newBroken":false,"newPassed":false,"retriesCount":0,"retriesStatusChange":false,"beforeStages":[{"name":"_session_faker","time":{"start":1695343654353,"stop":1695343654429,"duration":76},"status":"passed","steps":[],"attachments":[],"parameters":[],"shouldDisplayMessage":false,"stepsCount":0,"attachmentsCount":0,"hasContent":false},{"name":"clear_allure_results_folder","time":{"start":1695343654429,"stop":1695343654430,"duration":1},"status":"passed","steps":[],"attachments":[],"parameters":[],"shouldDisplayMessage":false,"stepsCount":0,"attachmentsCount":0,"hasContent":false},{"name":"driver","time":{"start":1695344952502,"stop":1695344953314,"duration":812},"status":"passed","steps":[],"attachments":[],"parameters":[],"shouldDisplayMessage":false,"stepsCount":0,"attachmentsCount":0,"hasContent":false},{"name":"setup","time":{"start":1695344953314,"stop":1695344953314,"duration":0},"status":"passed","steps":[],"attachments":[],"parameters":[],"shouldDisplayMessage":false,"stepsCount":0,"attachmentsCount":0,"hasContent":false},{"name":"sign_in_page","time":{"start":1695344953314,"stop":1695344959408,"duration":6094},"status":"passed","steps":[],"attachments":[],"parameters":[],"shouldDisplayMessage":false,"stepsCount":0,"attachmentsCount":0,"hasContent":false},{"name":"open_sign_in_window","time":{"start":1695344959408,"stop":1695344959770,"duration":362},"status":"passed","steps":[{"name":"Нахождение элемента: иконка профиля в хедере","time":{"start":1695344959409,"stop":1695344959420,"duration":11},"status":"passed","steps":[],"attachments":[],"parameters":[],"shouldDisplayMessage":false,"stepsCount":0,"attachmentsCount":0,"hasContent":false}],"attachments":[],"parameters":[],"shouldDisplayMessage":false,"stepsCount":1,"attachmentsCount":0,"hasContent":true}],"testStage":{"status":"skipped","statusMessage":"XFAIL Появляется капча Яндекса при запуске теста на Github\n\nselenium.common.exceptions.NoSuchElementException: Message: no such element: Unable to locate element: {\"method\":\"css selector\",\"selector\":\"button[data-t='button:clear']\"}\n  (Session info: headless chrome=117.0.5938.92); For documentation on this error, please visit: https://www.selenium.dev/documentation/webdriver/troubleshooting/errors#no-such-element-exception\nStacktrace:\n#0 0x55ce4739c6b3 <unknown>\n#1 0x55ce470721e7 <unknown>\n#2 0x55ce470b9566 <unknown>\n#3 0x55ce470b9651 <unknown>\n#4 0x55ce470f6a74 <unknown>\n#5 0x55ce470db0ed <unknown>\n#6 0x55ce470f4322 <unknown>\n#7 0x55ce470dae93 <unknown>\n#8 0x55ce470ad934 <unknown>\n#9 0x55ce470ae71e <unknown>\n#10 0x55ce47361cb8 <unknown>\n#11 0x55ce47365bf0 <unknown>\n#12 0x55ce4737019c <unknown>\n#13 0x55ce47366808 <unknown>\n#14 0x55ce4733327f <unknown>\n#15 0x55ce4738ae88 <unknown>\n#16 0x55ce4738b059 <unknown>\n#17 0x55ce4739b843 <unknown>\n#18 0x7f3851ab2044 <unknown>","statusTrace":"self = <tests.test_sign_in.test_sign_in_page.TestSignInPage object at 0x7f255c08d8d0>\ndriver = <selenium.webdriver.chrome.webdriver.WebDriver (session=\"37c5cdfe0e20580caeb48b4949d19347\")>\nsign_in_page = <pages.sign_in_page.SignInPage object at 0x7f255ba614d0>\nopen_sign_in_window = None\n\n    @allure.title(\"Авторизация с помощью аккаунта ya.ru\")\n    @pytest.mark.xfail(reason=\"Появляется капча Яндекса при запуске теста на Github\")\n    @pytest.mark.smoke_test\n    def test_positive_authorization_first_time_using_YA_smoke(self, driver, sign_in_page, open_sign_in_window):\n        sign_in_page.get_ya_ru_auth_icon().click()\n        driver.switch_to.window(driver.window_handles[1])\n        # driver.delete_all_cookies()\n        driver.add_cookie({'name': 'uniqueuid',\n                           'value': '384528911692006899',\n                           'domain': 'passport.yandex.ru',\n                           'httpOnly': True,\n                           'path': '/',\n                           'expiry': 1723499808,\n                           'sameSite': 'Lax',\n                           'secure': True})\n        driver.add_cookie({'name': 'ymex',\n                           'value': '2007366920.yrts.1692006920#2007366900.yrtsi.1692006900',\n                           'domain': '.yandex.ru',\n                           'httpOnly': False,\n                           'path': '/',\n                           'expiry': 1723499808,\n                           'secure': True})\n        driver.add_cookie({'name': 'i',\n                           'value': 'rpEp6ASpcmkXAketS0UdMiVBT6ovBbPtyYRYZIsRWdkwRjrAU27Q2rmgTx58XJTCF6sreSZhfheTbJeEsS',\n                           'domain': '.yandex.ru',\n                           'httpOnly': True,\n                           'path': '/',\n                           'expiry': 1723499808,\n                           'secure': True})\n        driver.add_cookie({'name': 'yandexuid',\n                           'value': '5114601221692006901',\n                           'domain': '.yandex.ru',\n                           'httpOnly': False,\n                           'path': '/',\n                           'expiry': 1723499808,\n                           'secure': True})\n        driver.add_cookie({'name': 'yuidss',\n                           'value': '7640250911692006900',\n                           'domain': '.yandex.ru',\n                           'httpOnly': False,\n                           'path': '/',\n                           'expiry': 1723499808,\n                           'secure': True})\n        driver.add_cookie({'name': 'gdpr',\n                           'value': '0',\n                           'domain': '.yandex.ru',\n                           'httpOnly': False,\n                           'path': '/',\n                           'expiry': 1723499808,\n                           'secure': True})\n        driver.add_cookie({'name': '_ym_uid',\n                           'value': '169200690291832112',\n                           'domain': '.yandex.ru',\n                           'httpOnly': False,\n                           'path': '/',\n                           'expiry': 1723499808,\n                           'secure': True})\n        driver.add_cookie({'name': '_ym_d',\n                           'value': '1692006902',\n                           'domain': '.yandex.ru',\n                           'httpOnly': False,\n                           'path': '/',\n                           'expiry': 1723499808,\n                           'secure': True})\n        driver.add_cookie({'name': 'bh',\n                           'value': 'Ej8iTm90L0EpQnJhbmQiO3Y9Ijk5IiwiR29vZ2xlIENocm9tZSI7dj0iMTE1IiwiQ2hyb21pdW0iO3Y9IjExNSIaBSJ4ODYiIhAiMTE1LjAuNTc5MC4xMTAiKgI',\n                           'domain': 'yandex.ru',\n                           'httpOnly': False,\n                           'path': '/',\n                           'expiry': 1723499808,\n                           'secure': False})\n        driver.add_cookie({'name': '_ym_visorc',\n                           'value': 'b',\n                           'domain': '.yandex.ru',\n                           'httpOnly': False,\n                           'path': '/',\n                           'expiry': 1723499808,\n                           'secure': True})\n        driver.execute_script(\"arguments[0].scrollIntoView();\",\n>                             sign_in_page.get_ya_ru_window_alternative_ways_to_sign_up())\n\ntests/test_sign_in/test_sign_in_page.py:209: \n_ _ _ _ _ _ _ _ _ _ _ _ _ _ _ _ _ _ _ _ _ _ _ _ _ _ _ _ _ _ _ _ _ _ _ _ _ _ _ _ \npages/sign_in_page.py:191: in get_ya_ru_window_alternative_ways_to_sign_up\n    return self.find_element(self._ya_ru_window_alternative_ways_to_sign_up)\nbase/seleniumbase.py:17: in find_element\n    return self.driver.find_element(*locator)\n/usr/local/lib/python3.11/site-packages/selenium/webdriver/remote/webdriver.py:739: in find_element\n    return self.execute(Command.FIND_ELEMENT, {\"using\": by, \"value\": value})[\"value\"]\n/usr/local/lib/python3.11/site-packages/selenium/webdriver/remote/webdriver.py:345: in execute\n    self.error_handler.check_response(response)\n_ _ _ _ _ _ _ _ _ _ _ _ _ _ _ _ _ _ _ _ _ _ _ _ _ _ _ _ _ _ _ _ _ _ _ _ _ _ _ _ \n\nself = <selenium.webdriver.remote.errorhandler.ErrorHandler object at 0x7f255bd344d0>\nresponse = {'status': 404, 'value': '{\"value\":{\"error\":\"no such element\",\"message\":\"no such element: Unable to locate element: {\\...\\\\n#16 0x55ce4738b059 \\\\u003Cunknown>\\\\n#17 0x55ce4739b843 \\\\u003Cunknown>\\\\n#18 0x7f3851ab2044 \\\\u003Cunknown>\\\\n\"}}'}\n\n    def check_response(self, response: Dict[str, Any]) -> None:\n        \"\"\"Checks that a JSON response from the WebDriver does not have an\n        error.\n    \n        :Args:\n         - response - The JSON response from the WebDriver server as a dictionary\n           object.\n    \n        :Raises: If the response contains an error message.\n        \"\"\"\n        status = response.get(\"status\", None)\n        if not status or status == ErrorCode.SUCCESS:\n            return\n        value = None\n        message = response.get(\"message\", \"\")\n        screen: str = response.get(\"screen\", \"\")\n        stacktrace = None\n        if isinstance(status, int):\n            value_json = response.get(\"value\", None)\n            if value_json and isinstance(value_json, str):\n                import json\n    \n                try:\n                    value = json.loads(value_json)\n                    if len(value) == 1:\n                        value = value[\"value\"]\n                    status = value.get(\"error\", None)\n                    if not status:\n                        status = value.get(\"status\", ErrorCode.UNKNOWN_ERROR)\n                        message = value.get(\"value\") or value.get(\"message\")\n                        if not isinstance(message, str):\n                            value = message\n                            message = message.get(\"message\")\n                    else:\n                        message = value.get(\"message\", None)\n                except ValueError:\n                    pass\n    \n        exception_class: Type[WebDriverException]\n        e = ErrorCode()\n        error_codes = [item for item in dir(e) if not item.startswith(\"__\")]\n        for error_code in error_codes:\n            error_info = getattr(ErrorCode, error_code)\n            if isinstance(error_info, list) and status in error_info:\n                exception_class = getattr(ExceptionMapping, error_code, WebDriverException)\n                break\n        else:\n            exception_class = WebDriverException\n    \n        if not value:\n            value = response[\"value\"]\n        if isinstance(value, str):\n            raise exception_class(value)\n        if message == \"\" and \"message\" in value:\n            message = value[\"message\"]\n    \n        screen = None  # type: ignore[assignment]\n        if \"screen\" in value:\n            screen = value[\"screen\"]\n    \n        stacktrace = None\n        st_value = value.get(\"stackTrace\") or value.get(\"stacktrace\")\n        if st_value:\n            if isinstance(st_value, str):\n                stacktrace = st_value.split(\"\\n\")\n            else:\n                stacktrace = []\n                try:\n                    for frame in st_value:\n                        line = frame.get(\"lineNumber\", \"\")\n                        file = frame.get(\"fileName\", \"<anonymous>\")\n                        if line:\n                            file = f\"{file}:{line}\"\n                        meth = frame.get(\"methodName\", \"<anonymous>\")\n                        if \"className\" in frame:\n                            meth = f\"{frame['className']}.{meth}\"\n                        msg = \"    at %s (%s)\"\n                        msg = msg % (meth, file)\n                        stacktrace.append(msg)\n                except TypeError:\n                    pass\n        if exception_class == UnexpectedAlertPresentException:\n            alert_text = None\n            if \"data\" in value:\n                alert_text = value[\"data\"].get(\"text\")\n            elif \"alert\" in value:\n                alert_text = value[\"alert\"].get(\"text\")\n            raise exception_class(message, screen, stacktrace, alert_text)  # type: ignore[call-arg]  # mypy is not smart enough here\n>       raise exception_class(message, screen, stacktrace)\nE       selenium.common.exceptions.NoSuchElementException: Message: no such element: Unable to locate element: {\"method\":\"css selector\",\"selector\":\"button[data-t='button:clear']\"}\nE         (Session info: headless chrome=117.0.5938.92); For documentation on this error, please visit: https://www.selenium.dev/documentation/webdriver/troubleshooting/errors#no-such-element-exception\nE       Stacktrace:\nE       #0 0x55ce4739c6b3 <unknown>\nE       #1 0x55ce470721e7 <unknown>\nE       #2 0x55ce470b9566 <unknown>\nE       #3 0x55ce470b9651 <unknown>\nE       #4 0x55ce470f6a74 <unknown>\nE       #5 0x55ce470db0ed <unknown>\nE       #6 0x55ce470f4322 <unknown>\nE       #7 0x55ce470dae93 <unknown>\nE       #8 0x55ce470ad934 <unknown>\nE       #9 0x55ce470ae71e <unknown>\nE       #10 0x55ce47361cb8 <unknown>\nE       #11 0x55ce47365bf0 <unknown>\nE       #12 0x55ce4737019c <unknown>\nE       #13 0x55ce47366808 <unknown>\nE       #14 0x55ce4733327f <unknown>\nE       #15 0x55ce4738ae88 <unknown>\nE       #16 0x55ce4738b059 <unknown>\nE       #17 0x55ce4739b843 <unknown>\nE       #18 0x7f3851ab2044 <unknown>\n\n/usr/local/lib/python3.11/site-packages/selenium/webdriver/remote/errorhandler.py:229: NoSuchElementException","steps":[{"name":"Нахождение элемента: иконка 'ya.ru' окна авторизации","time":{"start":1695344959771,"stop":1695344959784,"duration":13},"status":"passed","steps":[],"attachments":[],"parameters":[],"shouldDisplayMessage":false,"stepsCount":0,"attachmentsCount":0,"hasContent":false},{"name":"Проверка кликабельности элемента: кнопка 'Другие способы входа' окна авторизации через 'ya.ru'","time":{"start":1695344963187,"stop":1695344963200,"duration":13},"status":"broken","statusMessage":"selenium.common.exceptions.NoSuchElementException: Message: no such element: Unable to locate element: {\"method\":\"css selector\",\"selector\":\"button[data-t='button:clear']\"}\n  (Session info: headless chrome=117.0.5938.92); For documentation on this error, please visit: https://www.selenium.dev/documentation/webdriver/troubleshooting/errors#no-such-element-exception\nStacktrace:\n#0 0x55ce4739c6b3 <unknown>\n#1 0x55ce470721e7 <unknown>\n#2 0x55ce470b9566 <unknown>\n#3 0x55ce470b9651 <unknown>\n#4 0x55ce470f6a74 <unknown>\n#5 0x55ce470db0ed <unknown>\n#6 0x55ce470f4322 <unknown>\n#7 0x55ce470dae93 <unknown>\n#8 0x55ce470ad934 <unknown>\n#9 0x55ce470ae71e <unknown>\n#10 0x55ce47361cb8 <unknown>\n#11 0x55ce47365bf0 <unknown>\n#12 0x55ce4737019c <unknown>\n#13 0x55ce47366808 <unknown>\n#14 0x55ce4733327f <unknown>\n#15 0x55ce4738ae88 <unknown>\n#16 0x55ce4738b059 <unknown>\n#17 0x55ce4739b843 <unknown>\n#18 0x7f3851ab2044 <unknown>\n\n","statusTrace":"  File \"/usr/local/lib/python3.11/site-packages/allure_commons/_allure.py\", line 192, in impl\n    return func(*a, **kw)\n           ^^^^^^^^^^^^^^\n  File \"/app/pages/sign_in_page.py\", line 191, in get_ya_ru_window_alternative_ways_to_sign_up\n    return self.find_element(self._ya_ru_window_alternative_ways_to_sign_up)\n           ^^^^^^^^^^^^^^^^^^^^^^^^^^^^^^^^^^^^^^^^^^^^^^^^^^^^^^^^^^^^^^^^^\n  File \"/app/base/seleniumbase.py\", line 17, in find_element\n    return self.driver.find_element(*locator)\n           ^^^^^^^^^^^^^^^^^^^^^^^^^^^^^^^^^^\n  File \"/usr/local/lib/python3.11/site-packages/selenium/webdriver/remote/webdriver.py\", line 739, in find_element\n    return self.execute(Command.FIND_ELEMENT, {\"using\": by, \"value\": value})[\"value\"]\n           ^^^^^^^^^^^^^^^^^^^^^^^^^^^^^^^^^^^^^^^^^^^^^^^^^^^^^^^^^^^^^^^^^\n  File \"/usr/local/lib/python3.11/site-packages/selenium/webdriver/remote/webdriver.py\", line 345, in execute\n    self.error_handler.check_response(response)\n  File \"/usr/local/lib/python3.11/site-packages/selenium/webdriver/remote/errorhandler.py\", line 229, in check_response\n    raise exception_class(message, screen, stacktrace)\n","steps":[],"attachments":[],"parameters":[],"shouldDisplayMessage":true,"stepsCount":0,"attachmentsCount":0,"hasContent":true}],"attachments":[{"uid":"9a6b431c9f9148b6","name":"Screenshot","source":"9a6b431c9f9148b6.png","type":"image/png","size":384916},{"uid":"2bcf94c163ef6776","name":"HTML source","source":"2bcf94c163ef6776.html","type":"text/html","size":14065}],"parameters":[],"shouldDisplayMessage":true,"stepsCount":2,"attachmentsCount":2,"hasContent":true},"afterStages":[{"name":"driver::0","time":{"start":1695344963398,"stop":1695344963463,"duration":65},"status":"passed","steps":[],"attachments":[],"parameters":[],"shouldDisplayMessage":false,"stepsCount":0,"attachmentsCount":0,"hasContent":false},{"name":"setup::0","time":{"start":1695344963398,"stop":1695344963398,"duration":0},"status":"passed","steps":[],"attachments":[],"parameters":[],"shouldDisplayMessage":false,"stepsCount":0,"attachmentsCount":0,"hasContent":false}],"labels":[{"name":"epic","value":"Sign In Page"},{"name":"tag","value":"smoke_test"},{"name":"tag","value":"@pytest.mark.xfail(reason='Появляется капча Яндекса при запуске теста на Github')"},{"name":"parentSuite","value":"tests.test_sign_in"},{"name":"suite","value":"test_sign_in_page"},{"name":"subSuite","value":"TestSignInPage"},{"name":"host","value":"24180ba8a084"},{"name":"thread","value":"1-MainThread"},{"name":"framework","value":"pytest"},{"name":"language","value":"cpython3"},{"name":"package","value":"tests.test_sign_in.test_sign_in_page"},{"name":"resultFormat","value":"allure2"}],"parameters":[],"links":[],"hidden":false,"retry":false,"extra":{"severity":"normal","retries":[],"categories":[],"history":{"statistic":{"failed":0,"broken":0,"skipped":68,"passed":4,"unknown":0,"total":72},"items":[{"uid":"1a2a4817441b4ec9","reportUrl":"https://Nat754.github.io/StroyremAutomation/70//#testresult/1a2a4817441b4ec9","status":"skipped","statusDetails":"XFAIL Появляется капча Яндекса при запуске теста на Github\n\nselenium.common.exceptions.TimeoutException: Message:","time":{"start":1695258544195,"stop":1695258568620,"duration":24425}},{"uid":"9729c389172811f9","reportUrl":"https://Nat754.github.io/StroyremAutomation/69//#testresult/9729c389172811f9","status":"skipped","statusDetails":"XFAIL Появляется капча Яндекса при запуске теста на Github\n\nselenium.common.exceptions.TimeoutException: Message:","time":{"start":1695172722784,"stop":1695172749086,"duration":26302}},{"uid":"db4f4a5942bab08e","reportUrl":"https://Nat754.github.io/StroyremAutomation/68//#testresult/db4f4a5942bab08e","status":"skipped","statusDetails":"XFAIL Появляется капча Яндекса при запуске теста на Github\n\nselenium.common.exceptions.NoSuchElementException: Message: no such element: Unable to locate element: {\"method\":\"css selector\",\"selector\":\"button[data-t='button:clear']\"}\n  (Session info: headless chrome=117.0.5938.88); For documentation on this error, please visit: https://www.selenium.dev/documentation/webdriver/troubleshooting/errors#no-such-element-exception\nStacktrace:\n#0 0x557665d196c3 <unknown>\n#1 0x5576659ef1e7 <unknown>\n#2 0x557665a36566 <unknown>\n#3 0x557665a36651 <unknown>\n#4 0x557665a73a74 <unknown>\n#5 0x557665a580ed <unknown>\n#6 0x557665a71322 <unknown>\n#7 0x557665a57e93 <unknown>\n#8 0x557665a2a934 <unknown>\n#9 0x557665a2b71e <unknown>\n#10 0x557665cdecc8 <unknown>\n#11 0x557665ce2c00 <unknown>\n#12 0x557665ced1ac <unknown>\n#13 0x557665ce3818 <unknown>\n#14 0x557665cb028f <unknown>\n#15 0x557665d07e98 <unknown>\n#16 0x557665d08069 <unknown>\n#17 0x557665d18853 <unknown>\n#18 0x7fb1f420c044 <unknown>","time":{"start":1695085951810,"stop":1695085955733,"duration":3923}},{"uid":"c37d591a05086ed","reportUrl":"https://Nat754.github.io/StroyremAutomation/67//#testresult/c37d591a05086ed","status":"skipped","statusDetails":"XFAIL Появляется капча Яндекса при запуске теста на Github\n\nselenium.common.exceptions.TimeoutException: Message:","time":{"start":1695064547331,"stop":1695064573181,"duration":25850}},{"uid":"4d71b74618eaa51b","reportUrl":"https://Nat754.github.io/StroyremAutomation/66//#testresult/4d71b74618eaa51b","status":"skipped","statusDetails":"XFAIL Появляется капча Яндекса при запуске теста на Github\n\nselenium.common.exceptions.NoSuchElementException: Message: no such element: Unable to locate element: {\"method\":\"css selector\",\"selector\":\"button[data-t='button:clear']\"}\n  (Session info: headless chrome=117.0.5938.88); For documentation on this error, please visit: https://www.selenium.dev/documentation/webdriver/troubleshooting/errors#no-such-element-exception\nStacktrace:\n#0 0x56094bd9d6c3 <unknown>\n#1 0x56094ba731e7 <unknown>\n#2 0x56094baba566 <unknown>\n#3 0x56094baba651 <unknown>\n#4 0x56094baf7a74 <unknown>\n#5 0x56094badc0ed <unknown>\n#6 0x56094baf5322 <unknown>\n#7 0x56094badbe93 <unknown>\n#8 0x56094baae934 <unknown>\n#9 0x56094baaf71e <unknown>\n#10 0x56094bd62cc8 <unknown>\n#11 0x56094bd66c00 <unknown>\n#12 0x56094bd711ac <unknown>\n#13 0x56094bd67818 <unknown>\n#14 0x56094bd3428f <unknown>\n#15 0x56094bd8be98 <unknown>\n#16 0x56094bd8c069 <unknown>\n#17 0x56094bd9c853 <unknown>\n#18 0x7f6effa98044 <unknown>","time":{"start":1695061125774,"stop":1695061129462,"duration":3688}},{"uid":"45895e3de13fe656","reportUrl":"https://Nat754.github.io/StroyremAutomation/66//#testresult/45895e3de13fe656","status":"skipped","statusDetails":"XFAIL Появляется капча Яндекса при запуске теста на Github\n\nselenium.common.exceptions.TimeoutException: Message:","time":{"start":1694999154839,"stop":1694999179276,"duration":24437}},{"uid":"29d3e316fad87355","reportUrl":"https://Nat754.github.io/StroyremAutomation/65//#testresult/29d3e316fad87355","status":"skipped","statusDetails":"XFAIL Появляется капча Яндекса при запуске теста на Github\n\nselenium.common.exceptions.NoSuchElementException: Message: no such element: Unable to locate element: {\"method\":\"css selector\",\"selector\":\"button[data-t='button:clear']\"}\n  (Session info: headless chrome=117.0.5938.88); For documentation on this error, please visit: https://www.selenium.dev/documentation/webdriver/troubleshooting/errors#no-such-element-exception\nStacktrace:\n#0 0x5577564cc6c3 <unknown>\n#1 0x5577561a21e7 <unknown>\n#2 0x5577561e9566 <unknown>\n#3 0x5577561e9651 <unknown>\n#4 0x557756226a74 <unknown>\n#5 0x55775620b0ed <unknown>\n#6 0x557756224322 <unknown>\n#7 0x55775620ae93 <unknown>\n#8 0x5577561dd934 <unknown>\n#9 0x5577561de71e <unknown>\n#10 0x557756491cc8 <unknown>\n#11 0x557756495c00 <unknown>\n#12 0x5577564a01ac <unknown>\n#13 0x557756496818 <unknown>\n#14 0x55775646328f <unknown>\n#15 0x5577564bae98 <unknown>\n#16 0x5577564bb069 <unknown>\n#17 0x5577564cb853 <unknown>\n#18 0x7fbc91956044 <unknown>","time":{"start":1694930178458,"stop":1694930183132,"duration":4674}},{"uid":"3cfadfafdd638813","reportUrl":"https://Nat754.github.io/StroyremAutomation/65//#testresult/3cfadfafdd638813","status":"skipped","statusDetails":"XFAIL Появляется капча Яндекса при запуске теста на Github\n\nselenium.common.exceptions.TimeoutException: Message:","time":{"start":1694913061089,"stop":1694913086638,"duration":25549}},{"uid":"772125accbf6feab","reportUrl":"https://Nat754.github.io/StroyremAutomation/64//#testresult/772125accbf6feab","status":"skipped","statusDetails":"XFAIL Появляется капча Яндекса при запуске теста на Github\n\nselenium.common.exceptions.NoSuchElementException: Message: no such element: Unable to locate element: {\"method\":\"css selector\",\"selector\":\"button[data-t='button:clear']\"}\n  (Session info: headless chrome=117.0.5938.88); For documentation on this error, please visit: https://www.selenium.dev/documentation/webdriver/troubleshooting/errors#no-such-element-exception\nStacktrace:\n#0 0x55b8674c16c3 <unknown>\n#1 0x55b8671971e7 <unknown>\n#2 0x55b8671de566 <unknown>\n#3 0x55b8671de651 <unknown>\n#4 0x55b86721ba74 <unknown>\n#5 0x55b8672000ed <unknown>\n#6 0x55b867219322 <unknown>\n#7 0x55b8671ffe93 <unknown>\n#8 0x55b8671d2934 <unknown>\n#9 0x55b8671d371e <unknown>\n#10 0x55b867486cc8 <unknown>\n#11 0x55b86748ac00 <unknown>\n#12 0x55b8674951ac <unknown>\n#13 0x55b86748b818 <unknown>\n#14 0x55b86745828f <unknown>\n#15 0x55b8674afe98 <unknown>\n#16 0x55b8674b0069 <unknown>\n#17 0x55b8674c0853 <unknown>\n#18 0x7fa97660e044 <unknown>","time":{"start":1694826371095,"stop":1694826375603,"duration":4508}},{"uid":"fce955176d0400fd","reportUrl":"https://Nat754.github.io/StroyremAutomation/63//#testresult/fce955176d0400fd","status":"skipped","statusDetails":"XFAIL Появляется капча Яндекса при запуске теста на Github\n\nselenium.common.exceptions.NoSuchElementException: Message: no such element: Unable to locate element: {\"method\":\"css selector\",\"selector\":\"button[data-t='button:clear']\"}\n  (Session info: headless chrome=117.0.5938.62); For documentation on this error, please visit: https://www.selenium.dev/documentation/webdriver/troubleshooting/errors#no-such-element-exception\nStacktrace:\n#0 0x560d7c215693 <unknown>\n#1 0x560d7beeb1e7 <unknown>\n#2 0x560d7bf32566 <unknown>\n#3 0x560d7bf32651 <unknown>\n#4 0x560d7bf6fa74 <unknown>\n#5 0x560d7bf540ed <unknown>\n#6 0x560d7bf6d322 <unknown>\n#7 0x560d7bf53e93 <unknown>\n#8 0x560d7bf26934 <unknown>\n#9 0x560d7bf2771e <unknown>\n#10 0x560d7c1dac98 <unknown>\n#11 0x560d7c1debd0 <unknown>\n#12 0x560d7c1e917c <unknown>\n#13 0x560d7c1df7e8 <unknown>\n#14 0x560d7c1ac25f <unknown>\n#15 0x560d7c203e68 <unknown>\n#16 0x560d7c204039 <unknown>\n#17 0x560d7c214823 <unknown>\n#18 0x7f016202a044 <unknown>","time":{"start":1694740110182,"stop":1694740114599,"duration":4417}},{"uid":"db249cbad556ffb9","reportUrl":"https://Nat754.github.io/StroyremAutomation/62//#testresult/db249cbad556ffb9","status":"skipped","statusDetails":"XFAIL Появляется капча Яндекса при запуске теста на Github\n\nselenium.common.exceptions.InvalidCookieDomainException: Message: invalid cookie domain: Cookie 'domain' mismatch\n  (Session info: headless chrome=117.0.5938.62)\nStacktrace:\n#0 0x561fa3d8d693 <unknown>\n#1 0x561fa3a631e7 <unknown>\n#2 0x561fa3af68fb <unknown>\n#3 0x561fa3acc0c2 <unknown>\n#4 0x561fa3ae5322 <unknown>\n#5 0x561fa3acbe93 <unknown>\n#6 0x561fa3a9e934 <unknown>\n#7 0x561fa3a9f71e <unknown>\n#8 0x561fa3d52c98 <unknown>\n#9 0x561fa3d56bd0 <unknown>\n#10 0x561fa3d6117c <unknown>\n#11 0x561fa3d577e8 <unknown>\n#12 0x561fa3d2425f <unknown>\n#13 0x561fa3d7be68 <unknown>\n#14 0x561fa3d7c039 <unknown>\n#15 0x561fa3d8c823 <unknown>\n#16 0x7f621456e044 <unknown>","time":{"start":1694653565650,"stop":1694653568848,"duration":3198}},{"uid":"dad550c9b124d552","reportUrl":"https://Nat754.github.io/StroyremAutomation/61//#testresult/dad550c9b124d552","status":"skipped","statusDetails":"XFAIL Появляется капча Яндекса при запуске теста на Github\n\nselenium.common.exceptions.TimeoutException: Message:","time":{"start":1694638542483,"stop":1694638566756,"duration":24273}},{"uid":"9ae17329dbca72e9","reportUrl":"https://Nat754.github.io/StroyremAutomation/61//#testresult/9ae17329dbca72e9","status":"skipped","statusDetails":"XFAIL Появляется капча Яндекса при запуске теста на Github\n\nselenium.common.exceptions.NoSuchElementException: Message: no such element: Unable to locate element: {\"method\":\"css selector\",\"selector\":\"button[data-t='button:clear']\"}\n  (Session info: headless chrome=117.0.5938.62); For documentation on this error, please visit: https://www.selenium.dev/documentation/webdriver/troubleshooting/errors#no-such-element-exception\nStacktrace:\n#0 0x5614f1897693 <unknown>\n#1 0x5614f156d1e7 <unknown>\n#2 0x5614f15b4566 <unknown>\n#3 0x5614f15b4651 <unknown>\n#4 0x5614f15f1a74 <unknown>\n#5 0x5614f15d60ed <unknown>\n#6 0x5614f15ef322 <unknown>\n#7 0x5614f15d5e93 <unknown>\n#8 0x5614f15a8934 <unknown>\n#9 0x5614f15a971e <unknown>\n#10 0x5614f185cc98 <unknown>\n#11 0x5614f1860bd0 <unknown>\n#12 0x5614f186b17c <unknown>\n#13 0x5614f18617e8 <unknown>\n#14 0x5614f182e25f <unknown>\n#15 0x5614f1885e68 <unknown>\n#16 0x5614f1886039 <unknown>\n#17 0x5614f1896823 <unknown>\n#18 0x7f1f07537044 <unknown>","time":{"start":1694581510599,"stop":1694581515747,"duration":5148}},{"uid":"4f582938490e32c3","reportUrl":"https://Nat754.github.io/StroyremAutomation/61//#testresult/4f582938490e32c3","status":"skipped","statusDetails":"XFAIL Появляется капча Яндекса при запуске теста на Github\n\nselenium.common.exceptions.NoSuchElementException: Message: no such element: Unable to locate element: {\"method\":\"css selector\",\"selector\":\"button[data-t='button:clear']\"}\n  (Session info: headless chrome=117.0.5938.62); For documentation on this error, please visit: https://www.selenium.dev/documentation/webdriver/troubleshooting/errors#no-such-element-exception\nStacktrace:\n#0 0x55e0a2dc4693 <unknown>\n#1 0x55e0a2a9a1e7 <unknown>\n#2 0x55e0a2ae1566 <unknown>\n#3 0x55e0a2ae1651 <unknown>\n#4 0x55e0a2b1ea74 <unknown>\n#5 0x55e0a2b030ed <unknown>\n#6 0x55e0a2b1c322 <unknown>\n#7 0x55e0a2b02e93 <unknown>\n#8 0x55e0a2ad5934 <unknown>\n#9 0x55e0a2ad671e <unknown>\n#10 0x55e0a2d89c98 <unknown>\n#11 0x55e0a2d8dbd0 <unknown>\n#12 0x55e0a2d9817c <unknown>\n#13 0x55e0a2d8e7e8 <unknown>\n#14 0x55e0a2d5b25f <unknown>\n#15 0x55e0a2db2e68 <unknown>\n#16 0x55e0a2db3039 <unknown>\n#17 0x55e0a2dc3823 <unknown>\n#18 0x7f4b091a7044 <unknown>","time":{"start":1694567254363,"stop":1694567267336,"duration":12973}},{"uid":"6597ed280737d9ff","reportUrl":"https://Nat754.github.io/StroyremAutomation/60//#testresult/6597ed280737d9ff","status":"skipped","statusDetails":"XFAIL Появляется капча Яндекса при запуске теста на Github\n\nselenium.common.exceptions.TimeoutException: Message:","time":{"start":1694505517411,"stop":1694505544524,"duration":27113}},{"uid":"849f253cca26233","reportUrl":"https://Nat754.github.io/StroyremAutomation/60//#testresult/849f253cca26233","status":"skipped","statusDetails":"XFAIL Появляется капча Яндекса при запуске теста на Github\n\nselenium.common.exceptions.TimeoutException: Message:","time":{"start":1694481034348,"stop":1694481060675,"duration":26327}},{"uid":"96909baf16421e2f","reportUrl":"https://Nat754.github.io/StroyremAutomation/59//#testresult/96909baf16421e2f","status":"skipped","statusDetails":"XFAIL Появляется капча Яндекса при запуске теста на Github\n\nselenium.common.exceptions.TimeoutException: Message:","time":{"start":1694434483598,"stop":1694434508241,"duration":24643}},{"uid":"b28415e8ab5b1de2","reportUrl":"https://Nat754.github.io/StroyremAutomation/57//#testresult/b28415e8ab5b1de2","status":"skipped","statusDetails":"XFAIL Появляется капча Яндекса при запуске теста на Github\n\nselenium.common.exceptions.TimeoutException: Message:","time":{"start":1694431786010,"stop":1694431810770,"duration":24760}},{"uid":"75845c18b4ad1f62","reportUrl":"https://Nat754.github.io/StroyremAutomation/58//#testresult/75845c18b4ad1f62","status":"skipped","statusDetails":"XFAIL Появляется капча Яндекса при запуске теста на Github\n\nselenium.common.exceptions.TimeoutException: Message:","time":{"start":1694431616814,"stop":1694431641093,"duration":24279}},{"uid":"244f13726daf4986","reportUrl":"https://Nat754.github.io/StroyremAutomation/56//#testresult/244f13726daf4986","status":"skipped","statusDetails":"XFAIL Появляется капча Яндекса при запуске теста на Github\n\nselenium.common.exceptions.NoSuchElementException: Message: no such element: Unable to locate element: {\"method\":\"css selector\",\"selector\":\"button[data-t='button:clear']\"}\n  (Session info: headless chrome=116.0.5845.96); For documentation on this error, please visit: https://www.selenium.dev/documentation/webdriver/troubleshooting/errors#no-such-element-exception\nStacktrace:\n#0 0x556b4fa81e23 <unknown>\n#1 0x556b4f7aa7a7 <unknown>\n#2 0x556b4f7e91d3 <unknown>\n#3 0x556b4f7e92c1 <unknown>\n#4 0x556b4f824a04 <unknown>\n#5 0x556b4f80a03d <unknown>\n#6 0x556b4f822369 <unknown>\n#7 0x556b4f809de3 <unknown>\n#8 0x556b4f7dda7b <unknown>\n#9 0x556b4f7de81e <unknown>\n#10 0x556b4fa43638 <unknown>\n#11 0x556b4fa47507 <unknown>\n#12 0x556b4fa51c4c <unknown>\n#13 0x556b4fa48136 <unknown>\n#14 0x556b4fa169cf <unknown>\n#15 0x556b4fa6bb98 <unknown>\n#16 0x556b4fa6bd68 <unknown>\n#17 0x556b4fa7acb3 <unknown>\n#18 0x7f62673a8044 <unknown>","time":{"start":1694430184935,"stop":1694430188431,"duration":3496}}]},"tags":["@pytest.mark.xfail(reason='Появляется капча Яндекса при запуске теста на Github')","smoke_test"]},"source":"6ba5fdc9da88fbb6.json","parameterValues":[]}