{"uid":"fa4e33e13f38661d","name":"TD 026 Доставка товара весом до 11000кг. в синей зоне","fullName":"tests.delivery.test_delivery_calculation.TestDeliveryPageCalculation#test_positive_delivery_blue_zone_smoke","historyId":"8627394da03f78c724b6bd3e4cd7677c","time":{"start":1695406036603,"stop":1695406037236,"duration":633},"status":"skipped","statusMessage":"XFAIL\n\nselenium.common.exceptions.NoSuchElementException: Message: no such element: Unable to locate element: {\"method\":\"xpath\",\"selector\":\"(//a[@class='add-to-cart yellow-btn'])[1]\"}\n  (Session info: headless chrome=117.0.5938.92); For documentation on this error, please visit: https://www.selenium.dev/documentation/webdriver/troubleshooting/errors#no-such-element-exception\nStacktrace:\n#0 0x5650389216b3 <unknown>\n#1 0x5650385f71e7 <unknown>\n#2 0x56503863e566 <unknown>\n#3 0x56503863e651 <unknown>\n#4 0x56503867ba74 <unknown>\n#5 0x5650386600ed <unknown>\n#6 0x565038679322 <unknown>\n#7 0x56503865fe93 <unknown>\n#8 0x565038632934 <unknown>\n#9 0x56503863371e <unknown>\n#10 0x5650388e6cb8 <unknown>\n#11 0x5650388eabf0 <unknown>\n#12 0x5650388f519c <unknown>\n#13 0x5650388eb808 <unknown>\n#14 0x5650388b827f <unknown>\n#15 0x56503890fe88 <unknown>\n#16 0x565038910059 <unknown>\n#17 0x565038920843 <unknown>\n#18 0x7f728fab7044 <unknown>","statusTrace":"self = <tests.delivery.test_delivery_calculation.TestDeliveryPageCalculation object at 0x7f652b354590>\ndriver = <selenium.webdriver.chrome.webdriver.WebDriver (session=\"183948f23263cd9373bf6589b0e8e61f\")>\nurl = 'https://sandboxtest.stroyrem-nn.ru/', case_id = 'TD 026'\nlink_item = 'products/shtukaturka-gipsovaya-aksolit-m50-30-kg-mashinnogo-naneseniya'\namount = 366, weight = 11000, standard = 8000, in_time = 14900, all_time = 19900\n\n    @pytest.mark.parametrize('case_id, link_item, amount, weight, standard, in_time, all_time', [\n        (\"TD 015\", bundeks_25, 1, 30, 650, 2390, 3320),\n        pytest.param(\n            \"TD 016\", aksolit_30, 8, 300, 650, 2390, 3320,\n            marks=pytest.mark.xfail(reson=\"Цена доставки: - - -\")\n        ),\n        (\"TD 017\", aksolit_30, 13, 400, 650, 2390, 3320),\n        (\"TD 018\", aksolit_30, 16, 500, 850, 2490, 3320),\n        (\"TD 019\", aksolit_30, 25, 1700, 1150, 2490, 3320),\n        (\"TD 020\", aksolit_30, 66, 2000, 1500, 2990, 3650),\n        (\"TD 021\", aksolit_30, 149, 4500, 2600, 4380, 4890),\n        (\"TD 022\", aksolit_30, 166, 5000, 2800, 5490, 5980),\n        pytest.param(\n            \"TD 023\", aksolit_30, 206, 6200, 3300, 7500, 8000,\n            marks=pytest.mark.xfail(reson=\"Цена доставки: 4300 9900 11440\")\n        ),\n        (\"TD 024\", aksolit_30, 299, 9000, 4300, 9900, 11440),\n        (\"TD 025\", aksolit_30, 333, 10000, 7000, 13900, 15900),\n        pytest.param(\n            \"TD 026\", aksolit_30, 366, 11000, 8000, 14900, 19900,\n            marks=pytest.mark.xfail(reson=\"Цена доставки: 7000 13900 15900\")\n        ),\n        pytest.param(\n            \"TD 027\", aksolit_30, 666, 20000, 14000, 16900, 23900,\n            marks=pytest.mark.xfail(reson=\"Цена доставки: 7000 13900 15900\")\n        )\n    ])\n    @pytest.mark.xfail\n    @pytest.mark.smoke_test\n    def test_positive_delivery_blue_zone_smoke(\n            self, driver, url, case_id, link_item, amount, weight, standard, in_time, all_time\n    ):\n        allure.dynamic.title(f\"{case_id} Доставка товара весом до {weight}кг. в синей зоне\")\n    \n        driver.get(f'{url}{link_item}')\n        item_page = ItemPage(driver)\n>       item_page.add_item_to_cart(amount).click_on_cart()\n\ntests/delivery/test_delivery_calculation.py:132: \n_ _ _ _ _ _ _ _ _ _ _ _ _ _ _ _ _ _ _ _ _ _ _ _ _ _ _ _ _ _ _ _ _ _ _ _ _ _ _ _ \npages/item_page.py:40: in add_item_to_cart\n    self.find_element(self._add_item).click()\nbase/seleniumbase.py:17: in find_element\n    return self.driver.find_element(*locator)\n/usr/local/lib/python3.11/site-packages/selenium/webdriver/remote/webdriver.py:739: in find_element\n    return self.execute(Command.FIND_ELEMENT, {\"using\": by, \"value\": value})[\"value\"]\n/usr/local/lib/python3.11/site-packages/selenium/webdriver/remote/webdriver.py:345: in execute\n    self.error_handler.check_response(response)\n_ _ _ _ _ _ _ _ _ _ _ _ _ _ _ _ _ _ _ _ _ _ _ _ _ _ _ _ _ _ _ _ _ _ _ _ _ _ _ _ \n\nself = <selenium.webdriver.remote.errorhandler.ErrorHandler object at 0x7f652b141310>\nresponse = {'status': 404, 'value': '{\"value\":{\"error\":\"no such element\",\"message\":\"no such element: Unable to locate element: {\\...\\\\n#16 0x565038910059 \\\\u003Cunknown>\\\\n#17 0x565038920843 \\\\u003Cunknown>\\\\n#18 0x7f728fab7044 \\\\u003Cunknown>\\\\n\"}}'}\n\n    def check_response(self, response: Dict[str, Any]) -> None:\n        \"\"\"Checks that a JSON response from the WebDriver does not have an\n        error.\n    \n        :Args:\n         - response - The JSON response from the WebDriver server as a dictionary\n           object.\n    \n        :Raises: If the response contains an error message.\n        \"\"\"\n        status = response.get(\"status\", None)\n        if not status or status == ErrorCode.SUCCESS:\n            return\n        value = None\n        message = response.get(\"message\", \"\")\n        screen: str = response.get(\"screen\", \"\")\n        stacktrace = None\n        if isinstance(status, int):\n            value_json = response.get(\"value\", None)\n            if value_json and isinstance(value_json, str):\n                import json\n    \n                try:\n                    value = json.loads(value_json)\n                    if len(value) == 1:\n                        value = value[\"value\"]\n                    status = value.get(\"error\", None)\n                    if not status:\n                        status = value.get(\"status\", ErrorCode.UNKNOWN_ERROR)\n                        message = value.get(\"value\") or value.get(\"message\")\n                        if not isinstance(message, str):\n                            value = message\n                            message = message.get(\"message\")\n                    else:\n                        message = value.get(\"message\", None)\n                except ValueError:\n                    pass\n    \n        exception_class: Type[WebDriverException]\n        e = ErrorCode()\n        error_codes = [item for item in dir(e) if not item.startswith(\"__\")]\n        for error_code in error_codes:\n            error_info = getattr(ErrorCode, error_code)\n            if isinstance(error_info, list) and status in error_info:\n                exception_class = getattr(ExceptionMapping, error_code, WebDriverException)\n                break\n        else:\n            exception_class = WebDriverException\n    \n        if not value:\n            value = response[\"value\"]\n        if isinstance(value, str):\n            raise exception_class(value)\n        if message == \"\" and \"message\" in value:\n            message = value[\"message\"]\n    \n        screen = None  # type: ignore[assignment]\n        if \"screen\" in value:\n            screen = value[\"screen\"]\n    \n        stacktrace = None\n        st_value = value.get(\"stackTrace\") or value.get(\"stacktrace\")\n        if st_value:\n            if isinstance(st_value, str):\n                stacktrace = st_value.split(\"\\n\")\n            else:\n                stacktrace = []\n                try:\n                    for frame in st_value:\n                        line = frame.get(\"lineNumber\", \"\")\n                        file = frame.get(\"fileName\", \"<anonymous>\")\n                        if line:\n                            file = f\"{file}:{line}\"\n                        meth = frame.get(\"methodName\", \"<anonymous>\")\n                        if \"className\" in frame:\n                            meth = f\"{frame['className']}.{meth}\"\n                        msg = \"    at %s (%s)\"\n                        msg = msg % (meth, file)\n                        stacktrace.append(msg)\n                except TypeError:\n                    pass\n        if exception_class == UnexpectedAlertPresentException:\n            alert_text = None\n            if \"data\" in value:\n                alert_text = value[\"data\"].get(\"text\")\n            elif \"alert\" in value:\n                alert_text = value[\"alert\"].get(\"text\")\n            raise exception_class(message, screen, stacktrace, alert_text)  # type: ignore[call-arg]  # mypy is not smart enough here\n>       raise exception_class(message, screen, stacktrace)\nE       selenium.common.exceptions.NoSuchElementException: Message: no such element: Unable to locate element: {\"method\":\"xpath\",\"selector\":\"(//a[@class='add-to-cart yellow-btn'])[1]\"}\nE         (Session info: headless chrome=117.0.5938.92); For documentation on this error, please visit: https://www.selenium.dev/documentation/webdriver/troubleshooting/errors#no-such-element-exception\nE       Stacktrace:\nE       #0 0x5650389216b3 <unknown>\nE       #1 0x5650385f71e7 <unknown>\nE       #2 0x56503863e566 <unknown>\nE       #3 0x56503863e651 <unknown>\nE       #4 0x56503867ba74 <unknown>\nE       #5 0x5650386600ed <unknown>\nE       #6 0x565038679322 <unknown>\nE       #7 0x56503865fe93 <unknown>\nE       #8 0x565038632934 <unknown>\nE       #9 0x56503863371e <unknown>\nE       #10 0x5650388e6cb8 <unknown>\nE       #11 0x5650388eabf0 <unknown>\nE       #12 0x5650388f519c <unknown>\nE       #13 0x5650388eb808 <unknown>\nE       #14 0x5650388b827f <unknown>\nE       #15 0x56503890fe88 <unknown>\nE       #16 0x565038910059 <unknown>\nE       #17 0x565038920843 <unknown>\nE       #18 0x7f728fab7044 <unknown>\n\n/usr/local/lib/python3.11/site-packages/selenium/webdriver/remote/errorhandler.py:229: NoSuchElementException","flaky":false,"newFailed":false,"newBroken":false,"newPassed":false,"retriesCount":0,"retriesStatusChange":false,"beforeStages":[{"name":"_session_faker","time":{"start":1695405213891,"stop":1695405214016,"duration":125},"status":"passed","steps":[],"attachments":[],"parameters":[],"shouldDisplayMessage":false,"stepsCount":0,"attachmentsCount":0,"hasContent":false},{"name":"clear_allure_results_folder","time":{"start":1695405214017,"stop":1695405214017,"duration":0},"status":"passed","steps":[],"attachments":[],"parameters":[],"shouldDisplayMessage":false,"stepsCount":0,"attachmentsCount":0,"hasContent":false},{"name":"driver","time":{"start":1695406035714,"stop":1695406036602,"duration":888},"status":"passed","steps":[],"attachments":[],"parameters":[],"shouldDisplayMessage":false,"stepsCount":0,"attachmentsCount":0,"hasContent":false},{"name":"setup","time":{"start":1695406036602,"stop":1695406036602,"duration":0},"status":"passed","steps":[],"attachments":[],"parameters":[],"shouldDisplayMessage":false,"stepsCount":0,"attachmentsCount":0,"hasContent":false}],"testStage":{"status":"skipped","statusMessage":"XFAIL\n\nselenium.common.exceptions.NoSuchElementException: Message: no such element: Unable to locate element: {\"method\":\"xpath\",\"selector\":\"(//a[@class='add-to-cart yellow-btn'])[1]\"}\n  (Session info: headless chrome=117.0.5938.92); For documentation on this error, please visit: https://www.selenium.dev/documentation/webdriver/troubleshooting/errors#no-such-element-exception\nStacktrace:\n#0 0x5650389216b3 <unknown>\n#1 0x5650385f71e7 <unknown>\n#2 0x56503863e566 <unknown>\n#3 0x56503863e651 <unknown>\n#4 0x56503867ba74 <unknown>\n#5 0x5650386600ed <unknown>\n#6 0x565038679322 <unknown>\n#7 0x56503865fe93 <unknown>\n#8 0x565038632934 <unknown>\n#9 0x56503863371e <unknown>\n#10 0x5650388e6cb8 <unknown>\n#11 0x5650388eabf0 <unknown>\n#12 0x5650388f519c <unknown>\n#13 0x5650388eb808 <unknown>\n#14 0x5650388b827f <unknown>\n#15 0x56503890fe88 <unknown>\n#16 0x565038910059 <unknown>\n#17 0x565038920843 <unknown>\n#18 0x7f728fab7044 <unknown>","statusTrace":"self = <tests.delivery.test_delivery_calculation.TestDeliveryPageCalculation object at 0x7f652b354590>\ndriver = <selenium.webdriver.chrome.webdriver.WebDriver (session=\"183948f23263cd9373bf6589b0e8e61f\")>\nurl = 'https://sandboxtest.stroyrem-nn.ru/', case_id = 'TD 026'\nlink_item = 'products/shtukaturka-gipsovaya-aksolit-m50-30-kg-mashinnogo-naneseniya'\namount = 366, weight = 11000, standard = 8000, in_time = 14900, all_time = 19900\n\n    @pytest.mark.parametrize('case_id, link_item, amount, weight, standard, in_time, all_time', [\n        (\"TD 015\", bundeks_25, 1, 30, 650, 2390, 3320),\n        pytest.param(\n            \"TD 016\", aksolit_30, 8, 300, 650, 2390, 3320,\n            marks=pytest.mark.xfail(reson=\"Цена доставки: - - -\")\n        ),\n        (\"TD 017\", aksolit_30, 13, 400, 650, 2390, 3320),\n        (\"TD 018\", aksolit_30, 16, 500, 850, 2490, 3320),\n        (\"TD 019\", aksolit_30, 25, 1700, 1150, 2490, 3320),\n        (\"TD 020\", aksolit_30, 66, 2000, 1500, 2990, 3650),\n        (\"TD 021\", aksolit_30, 149, 4500, 2600, 4380, 4890),\n        (\"TD 022\", aksolit_30, 166, 5000, 2800, 5490, 5980),\n        pytest.param(\n            \"TD 023\", aksolit_30, 206, 6200, 3300, 7500, 8000,\n            marks=pytest.mark.xfail(reson=\"Цена доставки: 4300 9900 11440\")\n        ),\n        (\"TD 024\", aksolit_30, 299, 9000, 4300, 9900, 11440),\n        (\"TD 025\", aksolit_30, 333, 10000, 7000, 13900, 15900),\n        pytest.param(\n            \"TD 026\", aksolit_30, 366, 11000, 8000, 14900, 19900,\n            marks=pytest.mark.xfail(reson=\"Цена доставки: 7000 13900 15900\")\n        ),\n        pytest.param(\n            \"TD 027\", aksolit_30, 666, 20000, 14000, 16900, 23900,\n            marks=pytest.mark.xfail(reson=\"Цена доставки: 7000 13900 15900\")\n        )\n    ])\n    @pytest.mark.xfail\n    @pytest.mark.smoke_test\n    def test_positive_delivery_blue_zone_smoke(\n            self, driver, url, case_id, link_item, amount, weight, standard, in_time, all_time\n    ):\n        allure.dynamic.title(f\"{case_id} Доставка товара весом до {weight}кг. в синей зоне\")\n    \n        driver.get(f'{url}{link_item}')\n        item_page = ItemPage(driver)\n>       item_page.add_item_to_cart(amount).click_on_cart()\n\ntests/delivery/test_delivery_calculation.py:132: \n_ _ _ _ _ _ _ _ _ _ _ _ _ _ _ _ _ _ _ _ _ _ _ _ _ _ _ _ _ _ _ _ _ _ _ _ _ _ _ _ \npages/item_page.py:40: in add_item_to_cart\n    self.find_element(self._add_item).click()\nbase/seleniumbase.py:17: in find_element\n    return self.driver.find_element(*locator)\n/usr/local/lib/python3.11/site-packages/selenium/webdriver/remote/webdriver.py:739: in find_element\n    return self.execute(Command.FIND_ELEMENT, {\"using\": by, \"value\": value})[\"value\"]\n/usr/local/lib/python3.11/site-packages/selenium/webdriver/remote/webdriver.py:345: in execute\n    self.error_handler.check_response(response)\n_ _ _ _ _ _ _ _ _ _ _ _ _ _ _ _ _ _ _ _ _ _ _ _ _ _ _ _ _ _ _ _ _ _ _ _ _ _ _ _ \n\nself = <selenium.webdriver.remote.errorhandler.ErrorHandler object at 0x7f652b141310>\nresponse = {'status': 404, 'value': '{\"value\":{\"error\":\"no such element\",\"message\":\"no such element: Unable to locate element: {\\...\\\\n#16 0x565038910059 \\\\u003Cunknown>\\\\n#17 0x565038920843 \\\\u003Cunknown>\\\\n#18 0x7f728fab7044 \\\\u003Cunknown>\\\\n\"}}'}\n\n    def check_response(self, response: Dict[str, Any]) -> None:\n        \"\"\"Checks that a JSON response from the WebDriver does not have an\n        error.\n    \n        :Args:\n         - response - The JSON response from the WebDriver server as a dictionary\n           object.\n    \n        :Raises: If the response contains an error message.\n        \"\"\"\n        status = response.get(\"status\", None)\n        if not status or status == ErrorCode.SUCCESS:\n            return\n        value = None\n        message = response.get(\"message\", \"\")\n        screen: str = response.get(\"screen\", \"\")\n        stacktrace = None\n        if isinstance(status, int):\n            value_json = response.get(\"value\", None)\n            if value_json and isinstance(value_json, str):\n                import json\n    \n                try:\n                    value = json.loads(value_json)\n                    if len(value) == 1:\n                        value = value[\"value\"]\n                    status = value.get(\"error\", None)\n                    if not status:\n                        status = value.get(\"status\", ErrorCode.UNKNOWN_ERROR)\n                        message = value.get(\"value\") or value.get(\"message\")\n                        if not isinstance(message, str):\n                            value = message\n                            message = message.get(\"message\")\n                    else:\n                        message = value.get(\"message\", None)\n                except ValueError:\n                    pass\n    \n        exception_class: Type[WebDriverException]\n        e = ErrorCode()\n        error_codes = [item for item in dir(e) if not item.startswith(\"__\")]\n        for error_code in error_codes:\n            error_info = getattr(ErrorCode, error_code)\n            if isinstance(error_info, list) and status in error_info:\n                exception_class = getattr(ExceptionMapping, error_code, WebDriverException)\n                break\n        else:\n            exception_class = WebDriverException\n    \n        if not value:\n            value = response[\"value\"]\n        if isinstance(value, str):\n            raise exception_class(value)\n        if message == \"\" and \"message\" in value:\n            message = value[\"message\"]\n    \n        screen = None  # type: ignore[assignment]\n        if \"screen\" in value:\n            screen = value[\"screen\"]\n    \n        stacktrace = None\n        st_value = value.get(\"stackTrace\") or value.get(\"stacktrace\")\n        if st_value:\n            if isinstance(st_value, str):\n                stacktrace = st_value.split(\"\\n\")\n            else:\n                stacktrace = []\n                try:\n                    for frame in st_value:\n                        line = frame.get(\"lineNumber\", \"\")\n                        file = frame.get(\"fileName\", \"<anonymous>\")\n                        if line:\n                            file = f\"{file}:{line}\"\n                        meth = frame.get(\"methodName\", \"<anonymous>\")\n                        if \"className\" in frame:\n                            meth = f\"{frame['className']}.{meth}\"\n                        msg = \"    at %s (%s)\"\n                        msg = msg % (meth, file)\n                        stacktrace.append(msg)\n                except TypeError:\n                    pass\n        if exception_class == UnexpectedAlertPresentException:\n            alert_text = None\n            if \"data\" in value:\n                alert_text = value[\"data\"].get(\"text\")\n            elif \"alert\" in value:\n                alert_text = value[\"alert\"].get(\"text\")\n            raise exception_class(message, screen, stacktrace, alert_text)  # type: ignore[call-arg]  # mypy is not smart enough here\n>       raise exception_class(message, screen, stacktrace)\nE       selenium.common.exceptions.NoSuchElementException: Message: no such element: Unable to locate element: {\"method\":\"xpath\",\"selector\":\"(//a[@class='add-to-cart yellow-btn'])[1]\"}\nE         (Session info: headless chrome=117.0.5938.92); For documentation on this error, please visit: https://www.selenium.dev/documentation/webdriver/troubleshooting/errors#no-such-element-exception\nE       Stacktrace:\nE       #0 0x5650389216b3 <unknown>\nE       #1 0x5650385f71e7 <unknown>\nE       #2 0x56503863e566 <unknown>\nE       #3 0x56503863e651 <unknown>\nE       #4 0x56503867ba74 <unknown>\nE       #5 0x5650386600ed <unknown>\nE       #6 0x565038679322 <unknown>\nE       #7 0x56503865fe93 <unknown>\nE       #8 0x565038632934 <unknown>\nE       #9 0x56503863371e <unknown>\nE       #10 0x5650388e6cb8 <unknown>\nE       #11 0x5650388eabf0 <unknown>\nE       #12 0x5650388f519c <unknown>\nE       #13 0x5650388eb808 <unknown>\nE       #14 0x5650388b827f <unknown>\nE       #15 0x56503890fe88 <unknown>\nE       #16 0x565038910059 <unknown>\nE       #17 0x565038920843 <unknown>\nE       #18 0x7f728fab7044 <unknown>\n\n/usr/local/lib/python3.11/site-packages/selenium/webdriver/remote/errorhandler.py:229: NoSuchElementException","steps":[{"name":"Добавляем товар в корзину в количестве 366","time":{"start":1695406037207,"stop":1695406037235,"duration":28},"status":"broken","statusMessage":"selenium.common.exceptions.NoSuchElementException: Message: no such element: Unable to locate element: {\"method\":\"xpath\",\"selector\":\"(//a[@class='add-to-cart yellow-btn'])[1]\"}\n  (Session info: headless chrome=117.0.5938.92); For documentation on this error, please visit: https://www.selenium.dev/documentation/webdriver/troubleshooting/errors#no-such-element-exception\nStacktrace:\n#0 0x5650389216b3 <unknown>\n#1 0x5650385f71e7 <unknown>\n#2 0x56503863e566 <unknown>\n#3 0x56503863e651 <unknown>\n#4 0x56503867ba74 <unknown>\n#5 0x5650386600ed <unknown>\n#6 0x565038679322 <unknown>\n#7 0x56503865fe93 <unknown>\n#8 0x565038632934 <unknown>\n#9 0x56503863371e <unknown>\n#10 0x5650388e6cb8 <unknown>\n#11 0x5650388eabf0 <unknown>\n#12 0x5650388f519c <unknown>\n#13 0x5650388eb808 <unknown>\n#14 0x5650388b827f <unknown>\n#15 0x56503890fe88 <unknown>\n#16 0x565038910059 <unknown>\n#17 0x565038920843 <unknown>\n#18 0x7f728fab7044 <unknown>\n\n","statusTrace":"  File \"/usr/local/lib/python3.11/site-packages/allure_commons/_allure.py\", line 192, in impl\n    return func(*a, **kw)\n           ^^^^^^^^^^^^^^\n  File \"/app/pages/item_page.py\", line 40, in add_item_to_cart\n    self.find_element(self._add_item).click()\n    ^^^^^^^^^^^^^^^^^^^^^^^^^^^^^^^^^\n  File \"/app/base/seleniumbase.py\", line 17, in find_element\n    return self.driver.find_element(*locator)\n           ^^^^^^^^^^^^^^^^^^^^^^^^^^^^^^^^^^\n  File \"/usr/local/lib/python3.11/site-packages/selenium/webdriver/remote/webdriver.py\", line 739, in find_element\n    return self.execute(Command.FIND_ELEMENT, {\"using\": by, \"value\": value})[\"value\"]\n           ^^^^^^^^^^^^^^^^^^^^^^^^^^^^^^^^^^^^^^^^^^^^^^^^^^^^^^^^^^^^^^^^^\n  File \"/usr/local/lib/python3.11/site-packages/selenium/webdriver/remote/webdriver.py\", line 345, in execute\n    self.error_handler.check_response(response)\n  File \"/usr/local/lib/python3.11/site-packages/selenium/webdriver/remote/errorhandler.py\", line 229, in check_response\n    raise exception_class(message, screen, stacktrace)\n","steps":[],"attachments":[],"parameters":[{"name":"amount","value":"366"}],"shouldDisplayMessage":true,"stepsCount":0,"attachmentsCount":0,"hasContent":true}],"attachments":[{"uid":"bdc942c3fa2ae47d","name":"Screenshot","source":"bdc942c3fa2ae47d.png","type":"image/png","size":39917},{"uid":"dd30acb7294428af","name":"HTML source","source":"dd30acb7294428af.html","type":"text/html","size":544}],"parameters":[],"shouldDisplayMessage":true,"stepsCount":1,"attachmentsCount":2,"hasContent":true},"afterStages":[{"name":"setup::0","time":{"start":1695406037391,"stop":1695406037391,"duration":0},"status":"passed","steps":[],"attachments":[],"parameters":[],"shouldDisplayMessage":false,"stepsCount":0,"attachmentsCount":0,"hasContent":false},{"name":"driver::0","time":{"start":1695406037391,"stop":1695406037450,"duration":59},"status":"passed","steps":[],"attachments":[],"parameters":[],"shouldDisplayMessage":false,"stepsCount":0,"attachmentsCount":0,"hasContent":false}],"labels":[{"name":"epic","value":"Delivery Page - calculation"},{"name":"tag","value":"smoke_test"},{"name":"tag","value":"@pytest.mark.xfail"},{"name":"parentSuite","value":"tests.delivery"},{"name":"suite","value":"test_delivery_calculation"},{"name":"subSuite","value":"TestDeliveryPageCalculation"},{"name":"host","value":"d334b69095da"},{"name":"thread","value":"1-MainThread"},{"name":"framework","value":"pytest"},{"name":"language","value":"cpython3"},{"name":"package","value":"tests.delivery.test_delivery_calculation"},{"name":"resultFormat","value":"allure2"}],"parameters":[{"name":"all_time","value":"19900"},{"name":"amount","value":"366"},{"name":"case_id","value":"'TD 026'"},{"name":"in_time","value":"14900"},{"name":"link_item","value":"'products/shtukaturka-gipsovaya-aksolit-m50-30-kg-mashinnogo-naneseniya'"},{"name":"standard","value":"8000"},{"name":"url","value":"'https://sandboxtest.stroyrem-nn.ru/'"},{"name":"weight","value":"11000"}],"links":[],"hidden":false,"retry":false,"extra":{"severity":"normal","retries":[],"categories":[],"history":{"statistic":{"failed":0,"broken":0,"skipped":42,"passed":0,"unknown":0,"total":42},"items":[{"uid":"881344fb27c9a0c1","reportUrl":"https://Nat754.github.io/StroyremAutomation/71//#testresult/881344fb27c9a0c1","status":"skipped","statusDetails":"XFAIL\n\nselenium.common.exceptions.NoSuchElementException: Message: no such element: Unable to locate element: {\"method\":\"xpath\",\"selector\":\"(//a[@class='add-to-cart yellow-btn'])[1]\"}\n  (Session info: headless chrome=117.0.5938.92); For documentation on this error, please visit: https://www.selenium.dev/documentation/webdriver/troubleshooting/errors#no-such-element-exception\nStacktrace:\n#0 0x55e0dd1b86b3 <unknown>\n#1 0x55e0dce8e1e7 <unknown>\n#2 0x55e0dced5566 <unknown>\n#3 0x55e0dced5651 <unknown>\n#4 0x55e0dcf12a74 <unknown>\n#5 0x55e0dcef70ed <unknown>\n#6 0x55e0dcf10322 <unknown>\n#7 0x55e0dcef6e93 <unknown>\n#8 0x55e0dcec9934 <unknown>\n#9 0x55e0dceca71e <unknown>\n#10 0x55e0dd17dcb8 <unknown>\n#11 0x55e0dd181bf0 <unknown>\n#12 0x55e0dd18c19c <unknown>\n#13 0x55e0dd182808 <unknown>\n#14 0x55e0dd14f27f <unknown>\n#15 0x55e0dd1a6e88 <unknown>\n#16 0x55e0dd1a7059 <unknown>\n#17 0x55e0dd1b7843 <unknown>\n#18 0x7f36ee38f044 <unknown>","time":{"start":1695344262637,"stop":1695344263035,"duration":398}},{"uid":"cf87f478a35a04a8","reportUrl":"https://Nat754.github.io/StroyremAutomation/70//#testresult/cf87f478a35a04a8","status":"skipped","statusDetails":"XFAIL\n\nselenium.common.exceptions.NoSuchElementException: Message: no such element: Unable to locate element: {\"method\":\"xpath\",\"selector\":\"(//a[@class='add-to-cart yellow-btn'])[1]\"}\n  (Session info: headless chrome=117.0.5938.88); For documentation on this error, please visit: https://www.selenium.dev/documentation/webdriver/troubleshooting/errors#no-such-element-exception\nStacktrace:\n#0 0x558f5503d6c3 <unknown>\n#1 0x558f54d131e7 <unknown>\n#2 0x558f54d5a566 <unknown>\n#3 0x558f54d5a651 <unknown>\n#4 0x558f54d97a74 <unknown>\n#5 0x558f54d7c0ed <unknown>\n#6 0x558f54d95322 <unknown>\n#7 0x558f54d7be93 <unknown>\n#8 0x558f54d4e934 <unknown>\n#9 0x558f54d4f71e <unknown>\n#10 0x558f55002cc8 <unknown>\n#11 0x558f55006c00 <unknown>\n#12 0x558f550111ac <unknown>\n#13 0x558f55007818 <unknown>\n#14 0x558f54fd428f <unknown>\n#15 0x558f5502be98 <unknown>\n#16 0x558f5502c069 <unknown>\n#17 0x558f5503c853 <unknown>\n#18 0x7f5d5d1cd044 <unknown>","time":{"start":1695257842254,"stop":1695257842693,"duration":439}},{"uid":"88be9c2aab484c23","reportUrl":"https://Nat754.github.io/StroyremAutomation/69//#testresult/88be9c2aab484c23","status":"skipped","statusDetails":"XFAIL\n\nselenium.common.exceptions.ElementNotInteractableException: Message: element not interactable\n  (Session info: headless chrome=117.0.5938.88)\nStacktrace:\n#0 0x559e2c0c46c3 <unknown>\n#1 0x559e2bd9a036 <unknown>\n#2 0x559e2bdd8c1d <unknown>\n#3 0x559e2be030c2 <unknown>\n#4 0x559e2bdd6f16 <unknown>\n#5 0x559e2be0328e <unknown>\n#6 0x559e2be1c322 <unknown>\n#7 0x559e2be02e93 <unknown>\n#8 0x559e2bdd5934 <unknown>\n#9 0x559e2bdd671e <unknown>\n#10 0x559e2c089cc8 <unknown>\n#11 0x559e2c08dc00 <unknown>\n#12 0x559e2c0981ac <unknown>\n#13 0x559e2c08e818 <unknown>\n#14 0x559e2c05b28f <unknown>\n#15 0x559e2c0b2e98 <unknown>\n#16 0x559e2c0b3069 <unknown>\n#17 0x559e2c0c3853 <unknown>\n#18 0x7f8dbce27044 <unknown>","time":{"start":1695171794261,"stop":1695171800885,"duration":6624}},{"uid":"63a04ede2d5d2457","reportUrl":"https://Nat754.github.io/StroyremAutomation/68//#testresult/63a04ede2d5d2457","status":"skipped","statusDetails":"XFAIL\n\nselenium.common.exceptions.NoSuchElementException: Message: no such element: Unable to locate element: {\"method\":\"xpath\",\"selector\":\"(//a[@class='add-to-cart yellow-btn'])[1]\"}\n  (Session info: headless chrome=117.0.5938.88); For documentation on this error, please visit: https://www.selenium.dev/documentation/webdriver/troubleshooting/errors#no-such-element-exception\nStacktrace:\n#0 0x560d0a2a16c3 <unknown>\n#1 0x560d09f771e7 <unknown>\n#2 0x560d09fbe566 <unknown>\n#3 0x560d09fbe651 <unknown>\n#4 0x560d09ffba74 <unknown>\n#5 0x560d09fe00ed <unknown>\n#6 0x560d09ff9322 <unknown>\n#7 0x560d09fdfe93 <unknown>\n#8 0x560d09fb2934 <unknown>\n#9 0x560d09fb371e <unknown>\n#10 0x560d0a266cc8 <unknown>\n#11 0x560d0a26ac00 <unknown>\n#12 0x560d0a2751ac <unknown>\n#13 0x560d0a26b818 <unknown>\n#14 0x560d0a23828f <unknown>\n#15 0x560d0a28fe98 <unknown>\n#16 0x560d0a290069 <unknown>\n#17 0x560d0a2a0853 <unknown>\n#18 0x7f81361cf044 <unknown>","time":{"start":1695085165329,"stop":1695085166015,"duration":686}},{"uid":"46e5a5c31f710ee7","reportUrl":"https://Nat754.github.io/StroyremAutomation/67//#testresult/46e5a5c31f710ee7","status":"skipped","statusDetails":"XFAIL\n\nselenium.common.exceptions.NoSuchElementException: Message: no such element: Unable to locate element: {\"method\":\"xpath\",\"selector\":\"(//a[@class='add-to-cart yellow-btn'])[1]\"}\n  (Session info: headless chrome=117.0.5938.88); For documentation on this error, please visit: https://www.selenium.dev/documentation/webdriver/troubleshooting/errors#no-such-element-exception\nStacktrace:\n#0 0x55b0b3eba6c3 <unknown>\n#1 0x55b0b3b901e7 <unknown>\n#2 0x55b0b3bd7566 <unknown>\n#3 0x55b0b3bd7651 <unknown>\n#4 0x55b0b3c14a74 <unknown>\n#5 0x55b0b3bf90ed <unknown>\n#6 0x55b0b3c12322 <unknown>\n#7 0x55b0b3bf8e93 <unknown>\n#8 0x55b0b3bcb934 <unknown>\n#9 0x55b0b3bcc71e <unknown>\n#10 0x55b0b3e7fcc8 <unknown>\n#11 0x55b0b3e83c00 <unknown>\n#12 0x55b0b3e8e1ac <unknown>\n#13 0x55b0b3e84818 <unknown>\n#14 0x55b0b3e5128f <unknown>\n#15 0x55b0b3ea8e98 <unknown>\n#16 0x55b0b3ea9069 <unknown>\n#17 0x55b0b3eb9853 <unknown>\n#18 0x7fa4da24e044 <unknown>","time":{"start":1695063679299,"stop":1695063679876,"duration":577}},{"uid":"270a5c03b3fa7b83","reportUrl":"https://Nat754.github.io/StroyremAutomation/66//#testresult/270a5c03b3fa7b83","status":"skipped","statusDetails":"XFAIL\n\nselenium.common.exceptions.NoSuchElementException: Message: no such element: Unable to locate element: {\"method\":\"xpath\",\"selector\":\"(//a[@class='add-to-cart yellow-btn'])[1]\"}\n  (Session info: headless chrome=117.0.5938.88); For documentation on this error, please visit: https://www.selenium.dev/documentation/webdriver/troubleshooting/errors#no-such-element-exception\nStacktrace:\n#0 0x55d5674836c3 <unknown>\n#1 0x55d5671591e7 <unknown>\n#2 0x55d5671a0566 <unknown>\n#3 0x55d5671a0651 <unknown>\n#4 0x55d5671dda74 <unknown>\n#5 0x55d5671c20ed <unknown>\n#6 0x55d5671db322 <unknown>\n#7 0x55d5671c1e93 <unknown>\n#8 0x55d567194934 <unknown>\n#9 0x55d56719571e <unknown>\n#10 0x55d567448cc8 <unknown>\n#11 0x55d56744cc00 <unknown>\n#12 0x55d5674571ac <unknown>\n#13 0x55d56744d818 <unknown>\n#14 0x55d56741a28f <unknown>\n#15 0x55d567471e98 <unknown>\n#16 0x55d567472069 <unknown>\n#17 0x55d567482853 <unknown>\n#18 0x7fc38a3f3044 <unknown>","time":{"start":1695060489332,"stop":1695060489938,"duration":606}},{"uid":"fe7ab484f1f8be72","reportUrl":"https://Nat754.github.io/StroyremAutomation/66//#testresult/fe7ab484f1f8be72","status":"skipped","statusDetails":"XFAIL\n\nselenium.common.exceptions.NoSuchElementException: Message: no such element: Unable to locate element: {\"method\":\"xpath\",\"selector\":\"(//a[@class='add-to-cart yellow-btn'])[1]\"}\n  (Session info: headless chrome=117.0.5938.88); For documentation on this error, please visit: https://www.selenium.dev/documentation/webdriver/troubleshooting/errors#no-such-element-exception\nStacktrace:\n#0 0x5652316336c3 <unknown>\n#1 0x5652313091e7 <unknown>\n#2 0x565231350566 <unknown>\n#3 0x565231350651 <unknown>\n#4 0x56523138da74 <unknown>\n#5 0x5652313720ed <unknown>\n#6 0x56523138b322 <unknown>\n#7 0x565231371e93 <unknown>\n#8 0x565231344934 <unknown>\n#9 0x56523134571e <unknown>\n#10 0x5652315f8cc8 <unknown>\n#11 0x5652315fcc00 <unknown>\n#12 0x5652316071ac <unknown>\n#13 0x5652315fd818 <unknown>\n#14 0x5652315ca28f <unknown>\n#15 0x565231621e98 <unknown>\n#16 0x565231622069 <unknown>\n#17 0x565231632853 <unknown>\n#18 0x7f8996e93044 <unknown>","time":{"start":1694998523951,"stop":1694998524384,"duration":433}},{"uid":"daa686f224d22a3","reportUrl":"https://Nat754.github.io/StroyremAutomation/65//#testresult/daa686f224d22a3","status":"skipped","statusDetails":"XFAIL\n\nselenium.common.exceptions.NoSuchElementException: Message: no such element: Unable to locate element: {\"method\":\"xpath\",\"selector\":\"(//a[@class='add-to-cart yellow-btn'])[1]\"}\n  (Session info: headless chrome=117.0.5938.88); For documentation on this error, please visit: https://www.selenium.dev/documentation/webdriver/troubleshooting/errors#no-such-element-exception\nStacktrace:\n#0 0x55cc7abfb6c3 <unknown>\n#1 0x55cc7a8d11e7 <unknown>\n#2 0x55cc7a918566 <unknown>\n#3 0x55cc7a918651 <unknown>\n#4 0x55cc7a955a74 <unknown>\n#5 0x55cc7a93a0ed <unknown>\n#6 0x55cc7a953322 <unknown>\n#7 0x55cc7a939e93 <unknown>\n#8 0x55cc7a90c934 <unknown>\n#9 0x55cc7a90d71e <unknown>\n#10 0x55cc7abc0cc8 <unknown>\n#11 0x55cc7abc4c00 <unknown>\n#12 0x55cc7abcf1ac <unknown>\n#13 0x55cc7abc5818 <unknown>\n#14 0x55cc7ab9228f <unknown>\n#15 0x55cc7abe9e98 <unknown>\n#16 0x55cc7abea069 <unknown>\n#17 0x55cc7abfa853 <unknown>\n#18 0x7f7d7b40a044 <unknown>","time":{"start":1694929474120,"stop":1694929474744,"duration":624}},{"uid":"6798e9ed3f2a94c5","reportUrl":"https://Nat754.github.io/StroyremAutomation/65//#testresult/6798e9ed3f2a94c5","status":"skipped","statusDetails":"XFAIL\n\nselenium.common.exceptions.NoSuchElementException: Message: no such element: Unable to locate element: {\"method\":\"xpath\",\"selector\":\"(//a[@class='add-to-cart yellow-btn'])[1]\"}\n  (Session info: headless chrome=117.0.5938.88); For documentation on this error, please visit: https://www.selenium.dev/documentation/webdriver/troubleshooting/errors#no-such-element-exception\nStacktrace:\n#0 0x5652261fe6c3 <unknown>\n#1 0x565225ed41e7 <unknown>\n#2 0x565225f1b566 <unknown>\n#3 0x565225f1b651 <unknown>\n#4 0x565225f58a74 <unknown>\n#5 0x565225f3d0ed <unknown>\n#6 0x565225f56322 <unknown>\n#7 0x565225f3ce93 <unknown>\n#8 0x565225f0f934 <unknown>\n#9 0x565225f1071e <unknown>\n#10 0x5652261c3cc8 <unknown>\n#11 0x5652261c7c00 <unknown>\n#12 0x5652261d21ac <unknown>\n#13 0x5652261c8818 <unknown>\n#14 0x56522619528f <unknown>\n#15 0x5652261ece98 <unknown>\n#16 0x5652261ed069 <unknown>\n#17 0x5652261fd853 <unknown>\n#18 0x7fa40ed62044 <unknown>","time":{"start":1694912373392,"stop":1694912373933,"duration":541}},{"uid":"9f54fd253aba7b93","reportUrl":"https://Nat754.github.io/StroyremAutomation/64//#testresult/9f54fd253aba7b93","status":"skipped","statusDetails":"XFAIL\n\nselenium.common.exceptions.NoSuchElementException: Message: no such element: Unable to locate element: {\"method\":\"xpath\",\"selector\":\"(//a[@class='add-to-cart yellow-btn'])[1]\"}\n  (Session info: headless chrome=117.0.5938.88); For documentation on this error, please visit: https://www.selenium.dev/documentation/webdriver/troubleshooting/errors#no-such-element-exception\nStacktrace:\n#0 0x55ed774fc6c3 <unknown>\n#1 0x55ed771d21e7 <unknown>\n#2 0x55ed77219566 <unknown>\n#3 0x55ed77219651 <unknown>\n#4 0x55ed77256a74 <unknown>\n#5 0x55ed7723b0ed <unknown>\n#6 0x55ed77254322 <unknown>\n#7 0x55ed7723ae93 <unknown>\n#8 0x55ed7720d934 <unknown>\n#9 0x55ed7720e71e <unknown>\n#10 0x55ed774c1cc8 <unknown>\n#11 0x55ed774c5c00 <unknown>\n#12 0x55ed774d01ac <unknown>\n#13 0x55ed774c6818 <unknown>\n#14 0x55ed7749328f <unknown>\n#15 0x55ed774eae98 <unknown>\n#16 0x55ed774eb069 <unknown>\n#17 0x55ed774fb853 <unknown>\n#18 0x7fbfbb483044 <unknown>","time":{"start":1694825674344,"stop":1694825675037,"duration":693}},{"uid":"d194482c54d432ac","reportUrl":"https://Nat754.github.io/StroyremAutomation/63//#testresult/d194482c54d432ac","status":"skipped","statusDetails":"XFAIL\n\nselenium.common.exceptions.NoSuchElementException: Message: no such element: Unable to locate element: {\"method\":\"xpath\",\"selector\":\"(//a[@class='add-to-cart yellow-btn'])[1]\"}\n  (Session info: headless chrome=117.0.5938.62); For documentation on this error, please visit: https://www.selenium.dev/documentation/webdriver/troubleshooting/errors#no-such-element-exception\nStacktrace:\n#0 0x55f4fd6c6693 <unknown>\n#1 0x55f4fd39c1e7 <unknown>\n#2 0x55f4fd3e3566 <unknown>\n#3 0x55f4fd3e3651 <unknown>\n#4 0x55f4fd420a74 <unknown>\n#5 0x55f4fd4050ed <unknown>\n#6 0x55f4fd41e322 <unknown>\n#7 0x55f4fd404e93 <unknown>\n#8 0x55f4fd3d7934 <unknown>\n#9 0x55f4fd3d871e <unknown>\n#10 0x55f4fd68bc98 <unknown>\n#11 0x55f4fd68fbd0 <unknown>\n#12 0x55f4fd69a17c <unknown>\n#13 0x55f4fd6907e8 <unknown>\n#14 0x55f4fd65d25f <unknown>\n#15 0x55f4fd6b4e68 <unknown>\n#16 0x55f4fd6b5039 <unknown>\n#17 0x55f4fd6c5823 <unknown>\n#18 0x7f716cc7d044 <unknown>","time":{"start":1694739418384,"stop":1694739418914,"duration":530}},{"uid":"afa7e6f32f38dcd0","reportUrl":"https://Nat754.github.io/StroyremAutomation/62//#testresult/afa7e6f32f38dcd0","status":"skipped","statusDetails":"XFAIL\n\nselenium.common.exceptions.NoSuchElementException: Message: no such element: Unable to locate element: {\"method\":\"xpath\",\"selector\":\"(//a[@class='add-to-cart yellow-btn'])[1]\"}\n  (Session info: headless chrome=117.0.5938.62); For documentation on this error, please visit: https://www.selenium.dev/documentation/webdriver/troubleshooting/errors#no-such-element-exception\nStacktrace:\n#0 0x5600fd082693 <unknown>\n#1 0x5600fcd581e7 <unknown>\n#2 0x5600fcd9f566 <unknown>\n#3 0x5600fcd9f651 <unknown>\n#4 0x5600fcddca74 <unknown>\n#5 0x5600fcdc10ed <unknown>\n#6 0x5600fcdda322 <unknown>\n#7 0x5600fcdc0e93 <unknown>\n#8 0x5600fcd93934 <unknown>\n#9 0x5600fcd9471e <unknown>\n#10 0x5600fd047c98 <unknown>\n#11 0x5600fd04bbd0 <unknown>\n#12 0x5600fd05617c <unknown>\n#13 0x5600fd04c7e8 <unknown>\n#14 0x5600fd01925f <unknown>\n#15 0x5600fd070e68 <unknown>\n#16 0x5600fd071039 <unknown>\n#17 0x5600fd081823 <unknown>\n#18 0x7f774bcf3044 <unknown>","time":{"start":1694652957397,"stop":1694652957874,"duration":477}},{"uid":"3ff5de9b7648c8bf","reportUrl":"https://Nat754.github.io/StroyremAutomation/61//#testresult/3ff5de9b7648c8bf","status":"skipped","statusDetails":"XFAIL\n\nselenium.common.exceptions.NoSuchElementException: Message: no such element: Unable to locate element: {\"method\":\"xpath\",\"selector\":\"(//a[@class='add-to-cart yellow-btn'])[1]\"}\n  (Session info: headless chrome=117.0.5938.62); For documentation on this error, please visit: https://www.selenium.dev/documentation/webdriver/troubleshooting/errors#no-such-element-exception\nStacktrace:\n#0 0x56076d359693 <unknown>\n#1 0x56076d02f1e7 <unknown>\n#2 0x56076d076566 <unknown>\n#3 0x56076d076651 <unknown>\n#4 0x56076d0b3a74 <unknown>\n#5 0x56076d0980ed <unknown>\n#6 0x56076d0b1322 <unknown>\n#7 0x56076d097e93 <unknown>\n#8 0x56076d06a934 <unknown>\n#9 0x56076d06b71e <unknown>\n#10 0x56076d31ec98 <unknown>\n#11 0x56076d322bd0 <unknown>\n#12 0x56076d32d17c <unknown>\n#13 0x56076d3237e8 <unknown>\n#14 0x56076d2f025f <unknown>\n#15 0x56076d347e68 <unknown>\n#16 0x56076d348039 <unknown>\n#17 0x56076d358823 <unknown>\n#18 0x7f22a54d3044 <unknown>","time":{"start":1694637932667,"stop":1694637933111,"duration":444}},{"uid":"12ab50abe79158fe","reportUrl":"https://Nat754.github.io/StroyremAutomation/61//#testresult/12ab50abe79158fe","status":"skipped","statusDetails":"XFAIL\n\nselenium.common.exceptions.NoSuchElementException: Message: no such element: Unable to locate element: {\"method\":\"xpath\",\"selector\":\"(//a[@class='add-to-cart yellow-btn'])[1]\"}\n  (Session info: headless chrome=117.0.5938.62); For documentation on this error, please visit: https://www.selenium.dev/documentation/webdriver/troubleshooting/errors#no-such-element-exception\nStacktrace:\n#0 0x558b6e06a693 <unknown>\n#1 0x558b6dd401e7 <unknown>\n#2 0x558b6dd87566 <unknown>\n#3 0x558b6dd87651 <unknown>\n#4 0x558b6ddc4a74 <unknown>\n#5 0x558b6dda90ed <unknown>\n#6 0x558b6ddc2322 <unknown>\n#7 0x558b6dda8e93 <unknown>\n#8 0x558b6dd7b934 <unknown>\n#9 0x558b6dd7c71e <unknown>\n#10 0x558b6e02fc98 <unknown>\n#11 0x558b6e033bd0 <unknown>\n#12 0x558b6e03e17c <unknown>\n#13 0x558b6e0347e8 <unknown>\n#14 0x558b6e00125f <unknown>\n#15 0x558b6e058e68 <unknown>\n#16 0x558b6e059039 <unknown>\n#17 0x558b6e069823 <unknown>\n#18 0x7fb2568e7044 <unknown>","time":{"start":1694580720722,"stop":1694580721346,"duration":624}},{"uid":"13a3c5db1aef6f7","reportUrl":"https://Nat754.github.io/StroyremAutomation/61//#testresult/13a3c5db1aef6f7","status":"skipped","statusDetails":"XFAIL\n\nselenium.common.exceptions.NoSuchElementException: Message: no such element: Unable to locate element: {\"method\":\"xpath\",\"selector\":\"(//a[@class='add-to-cart yellow-btn'])[1]\"}\n  (Session info: headless chrome=117.0.5938.62); For documentation on this error, please visit: https://www.selenium.dev/documentation/webdriver/troubleshooting/errors#no-such-element-exception\nStacktrace:\n#0 0x562289d98693 <unknown>\n#1 0x562289a6e1e7 <unknown>\n#2 0x562289ab5566 <unknown>\n#3 0x562289ab5651 <unknown>\n#4 0x562289af2a74 <unknown>\n#5 0x562289ad70ed <unknown>\n#6 0x562289af0322 <unknown>\n#7 0x562289ad6e93 <unknown>\n#8 0x562289aa9934 <unknown>\n#9 0x562289aaa71e <unknown>\n#10 0x562289d5dc98 <unknown>\n#11 0x562289d61bd0 <unknown>\n#12 0x562289d6c17c <unknown>\n#13 0x562289d627e8 <unknown>\n#14 0x562289d2f25f <unknown>\n#15 0x562289d86e68 <unknown>\n#16 0x562289d87039 <unknown>\n#17 0x562289d97823 <unknown>\n#18 0x7f4ff08de044 <unknown>","time":{"start":1694566621570,"stop":1694566622073,"duration":503}},{"uid":"9d0219b85cabf3dc","reportUrl":"https://Nat754.github.io/StroyremAutomation/60//#testresult/9d0219b85cabf3dc","status":"skipped","statusDetails":"XFAIL\n\nselenium.common.exceptions.NoSuchElementException: Message: no such element: Unable to locate element: {\"method\":\"xpath\",\"selector\":\"(//a[@class='add-to-cart yellow-btn'])[1]\"}\n  (Session info: headless chrome=116.0.5845.96); For documentation on this error, please visit: https://www.selenium.dev/documentation/webdriver/troubleshooting/errors#no-such-element-exception\nStacktrace:\n#0 0x55df585dbe23 <unknown>\n#1 0x55df583047a7 <unknown>\n#2 0x55df583431d3 <unknown>\n#3 0x55df583432c1 <unknown>\n#4 0x55df5837ea04 <unknown>\n#5 0x55df5836403d <unknown>\n#6 0x55df5837c369 <unknown>\n#7 0x55df58363de3 <unknown>\n#8 0x55df58337a7b <unknown>\n#9 0x55df5833881e <unknown>\n#10 0x55df5859d638 <unknown>\n#11 0x55df585a1507 <unknown>\n#12 0x55df585abc4c <unknown>\n#13 0x55df585a2136 <unknown>\n#14 0x55df585709cf <unknown>\n#15 0x55df585c5b98 <unknown>\n#16 0x55df585c5d68 <unknown>\n#17 0x55df585d4cb3 <unknown>\n#18 0x7f762e7c9044 <unknown>","time":{"start":1694504708090,"stop":1694504708790,"duration":700}},{"uid":"52be6b7509ea487d","reportUrl":"https://Nat754.github.io/StroyremAutomation/60//#testresult/52be6b7509ea487d","status":"skipped","statusDetails":"XFAIL\n\nselenium.common.exceptions.NoSuchElementException: Message: no such element: Unable to locate element: {\"method\":\"xpath\",\"selector\":\"(//a[@class='add-to-cart yellow-btn'])[1]\"}\n  (Session info: headless chrome=116.0.5845.96); For documentation on this error, please visit: https://www.selenium.dev/documentation/webdriver/troubleshooting/errors#no-such-element-exception\nStacktrace:\n#0 0x563de83c7e23 <unknown>\n#1 0x563de80f07a7 <unknown>\n#2 0x563de812f1d3 <unknown>\n#3 0x563de812f2c1 <unknown>\n#4 0x563de816aa04 <unknown>\n#5 0x563de815003d <unknown>\n#6 0x563de8168369 <unknown>\n#7 0x563de814fde3 <unknown>\n#8 0x563de8123a7b <unknown>\n#9 0x563de812481e <unknown>\n#10 0x563de8389638 <unknown>\n#11 0x563de838d507 <unknown>\n#12 0x563de8397c4c <unknown>\n#13 0x563de838e136 <unknown>\n#14 0x563de835c9cf <unknown>\n#15 0x563de83b1b98 <unknown>\n#16 0x563de83b1d68 <unknown>\n#17 0x563de83c0cb3 <unknown>\n#18 0x7fee0a405044 <unknown>","time":{"start":1694480238101,"stop":1694480238743,"duration":642}},{"uid":"9ced0fe2c57fbc16","reportUrl":"https://Nat754.github.io/StroyremAutomation/59//#testresult/9ced0fe2c57fbc16","status":"skipped","statusDetails":"XFAIL\n\nselenium.common.exceptions.NoSuchElementException: Message: no such element: Unable to locate element: {\"method\":\"xpath\",\"selector\":\"(//a[@class='add-to-cart yellow-btn'])[1]\"}\n  (Session info: headless chrome=116.0.5845.96); For documentation on this error, please visit: https://www.selenium.dev/documentation/webdriver/troubleshooting/errors#no-such-element-exception\nStacktrace:\n#0 0x564313161e23 <unknown>\n#1 0x564312e8a7a7 <unknown>\n#2 0x564312ec91d3 <unknown>\n#3 0x564312ec92c1 <unknown>\n#4 0x564312f04a04 <unknown>\n#5 0x564312eea03d <unknown>\n#6 0x564312f02369 <unknown>\n#7 0x564312ee9de3 <unknown>\n#8 0x564312ebda7b <unknown>\n#9 0x564312ebe81e <unknown>\n#10 0x564313123638 <unknown>\n#11 0x564313127507 <unknown>\n#12 0x564313131c4c <unknown>\n#13 0x564313128136 <unknown>\n#14 0x5643130f69cf <unknown>\n#15 0x56431314bb98 <unknown>\n#16 0x56431314bd68 <unknown>\n#17 0x56431315acb3 <unknown>\n#18 0x7f1cda08a044 <unknown>","time":{"start":1694433859887,"stop":1694433860364,"duration":477}},{"uid":"311d2f182657e491","reportUrl":"https://Nat754.github.io/StroyremAutomation/57//#testresult/311d2f182657e491","status":"skipped","statusDetails":"XFAIL\n\nselenium.common.exceptions.NoSuchElementException: Message: no such element: Unable to locate element: {\"method\":\"xpath\",\"selector\":\"(//a[@class='add-to-cart yellow-btn'])[1]\"}\n  (Session info: headless chrome=116.0.5845.96); For documentation on this error, please visit: https://www.selenium.dev/documentation/webdriver/troubleshooting/errors#no-such-element-exception\nStacktrace:\n#0 0x556ea47c0e23 <unknown>\n#1 0x556ea44e97a7 <unknown>\n#2 0x556ea45281d3 <unknown>\n#3 0x556ea45282c1 <unknown>\n#4 0x556ea4563a04 <unknown>\n#5 0x556ea454903d <unknown>\n#6 0x556ea4561369 <unknown>\n#7 0x556ea4548de3 <unknown>\n#8 0x556ea451ca7b <unknown>\n#9 0x556ea451d81e <unknown>\n#10 0x556ea4782638 <unknown>\n#11 0x556ea4786507 <unknown>\n#12 0x556ea4790c4c <unknown>\n#13 0x556ea4787136 <unknown>\n#14 0x556ea47559cf <unknown>\n#15 0x556ea47aab98 <unknown>\n#16 0x556ea47aad68 <unknown>\n#17 0x556ea47b9cb3 <unknown>\n#18 0x7f3645bea044 <unknown>","time":{"start":1694431087861,"stop":1694431088407,"duration":546}},{"uid":"25b96b22dcab59d2","reportUrl":"https://Nat754.github.io/StroyremAutomation/58//#testresult/25b96b22dcab59d2","status":"skipped","statusDetails":"XFAIL\n\nselenium.common.exceptions.NoSuchElementException: Message: no such element: Unable to locate element: {\"method\":\"xpath\",\"selector\":\"(//a[@class='add-to-cart yellow-btn'])[1]\"}\n  (Session info: headless chrome=116.0.5845.96); For documentation on this error, please visit: https://www.selenium.dev/documentation/webdriver/troubleshooting/errors#no-such-element-exception\nStacktrace:\n#0 0x5563b63e6e23 <unknown>\n#1 0x5563b610f7a7 <unknown>\n#2 0x5563b614e1d3 <unknown>\n#3 0x5563b614e2c1 <unknown>\n#4 0x5563b6189a04 <unknown>\n#5 0x5563b616f03d <unknown>\n#6 0x5563b6187369 <unknown>\n#7 0x5563b616ede3 <unknown>\n#8 0x5563b6142a7b <unknown>\n#9 0x5563b614381e <unknown>\n#10 0x5563b63a8638 <unknown>\n#11 0x5563b63ac507 <unknown>\n#12 0x5563b63b6c4c <unknown>\n#13 0x5563b63ad136 <unknown>\n#14 0x5563b637b9cf <unknown>\n#15 0x5563b63d0b98 <unknown>\n#16 0x5563b63d0d68 <unknown>\n#17 0x5563b63dfcb3 <unknown>\n#18 0x7f0cd2890044 <unknown>","time":{"start":1694431011955,"stop":1694431012882,"duration":927}}]},"tags":["@pytest.mark.xfail","smoke_test"]},"source":"fa4e33e13f38661d.json","parameterValues":["19900","366","'TD 026'","14900","'products/shtukaturka-gipsovaya-aksolit-m50-30-kg-mashinnogo-naneseniya'","8000","'https://sandboxtest.stroyrem-nn.ru/'","11000"]}