{"uid":"82025438f1528bf1","name":"TD 021 Доставка товара весом до 4500кг. в синей зоне","fullName":"tests.delivery.test_delivery_calculation.TestDeliveryPageCalculation#test_positive_delivery_blue_zone_smoke","historyId":"4272fd29f73ebe2bebbe6ac82260cc7b","time":{"start":1722560442225,"stop":1722560442515,"duration":290},"status":"skipped","statusMessage":"XFAIL\n\nselenium.common.exceptions.NoSuchElementException: Message: no such element: Unable to locate element: {\"method\":\"xpath\",\"selector\":\"(//a[@class='add-to-cart yellow-btn'])[1]\"}\n  (Session info: chrome-headless-shell=127.0.6533.88); For documentation on this error, please visit: https://www.selenium.dev/documentation/webdriver/troubleshooting/errors#no-such-element-exception\nStacktrace:\n#0 0x55d88b68c71a <unknown>\n#1 0x55d88b35d640 <unknown>\n#2 0x55d88b3acc0b <unknown>\n#3 0x55d88b3acef1 <unknown>\n#4 0x55d88b3f0b64 <unknown>\n#5 0x55d88b3cf90d <unknown>\n#6 0x55d88b3ee08a <unknown>\n#7 0x55d88b3cf683 <unknown>\n#8 0x55d88b39fd71 <unknown>\n#9 0x55d88b3a07de <unknown>\n#10 0x55d88b6542ab <unknown>\n#11 0x55d88b658242 <unknown>\n#12 0x55d88b641665 <unknown>\n#13 0x55d88b658dd2 <unknown>\n#14 0x55d88b6262af <unknown>\n#15 0x55d88b67beb8 <unknown>\n#16 0x55d88b67c090 <unknown>\n#17 0x55d88b68b4ec <unknown>\n#18 0x7f3f53435134 <unknown>","statusTrace":"self = <tests.delivery.test_delivery_calculation.TestDeliveryPageCalculation object at 0x7f5ae5d35f90>\ndriver = <selenium.webdriver.chrome.webdriver.WebDriver (session=\"8dcb670d8bbc73a9f7893bdce8b32ddf\")>\nurl = 'https://sandboxtest.stroyrem-nn.ru/', case_id = 'TD 021'\nlink_item = 'products/shtukaturka-gipsovaya-aksolit-m50-30-kg-mashinnogo-naneseniya'\namount = 149, weight = 4500, standard = 2600, in_time = 4380, all_time = 4890\n\n    @pytest.mark.parametrize('case_id, link_item, amount, weight, standard, in_time, all_time', [\n        (\"TD 015\", bundeks_25, 1, 30, 650, 2390, 3320),\n        pytest.param(\n            \"TD 016\", aksolit_30, 8, 300, 650, 2390, 3320,\n            marks=pytest.mark.xfail(reson=\"Цена доставки: - - -\")\n        ),\n        (\"TD 017\", aksolit_30, 13, 400, 650, 2390, 3320),\n        (\"TD 018\", aksolit_30, 16, 500, 850, 2490, 3320),\n        (\"TD 019\", aksolit_30, 25, 1700, 1150, 2490, 3320),\n        (\"TD 020\", aksolit_30, 66, 2000, 1500, 2990, 3650),\n        (\"TD 021\", aksolit_30, 149, 4500, 2600, 4380, 4890),\n        (\"TD 022\", aksolit_30, 166, 5000, 2800, 5490, 5980),\n        pytest.param(\n            \"TD 023\", aksolit_30, 206, 6200, 3300, 7500, 8000,\n            marks=pytest.mark.xfail(reson=\"Цена доставки: 4300 9900 11440\")\n        ),\n        (\"TD 024\", aksolit_30, 299, 9000, 4300, 9900, 11440),\n        (\"TD 025\", aksolit_30, 333, 10000, 7000, 13900, 15900),\n        pytest.param(\n            \"TD 026\", aksolit_30, 366, 11000, 8000, 14900, 19900,\n            marks=pytest.mark.xfail(reson=\"Цена доставки: 7000 13900 15900\")\n        ),\n        pytest.param(\n            \"TD 027\", aksolit_30, 666, 20000, 14000, 16900, 23900,\n            marks=pytest.mark.xfail(reson=\"Цена доставки: 7000 13900 15900\")\n        )\n    ])\n    @pytest.mark.xfail\n    @pytest.mark.smoke_test\n    def test_positive_delivery_blue_zone_smoke(\n            self, driver, url, case_id, link_item, amount, weight, standard, in_time, all_time\n    ):\n        allure.dynamic.title(f\"{case_id} Доставка товара весом до {weight}кг. в синей зоне\")\n    \n        driver.get(f'{url}{link_item}')\n        item_page = ItemPage(driver)\n>       item_page.add_item_to_cart(amount).click_on_cart()\n\ntests/delivery/test_delivery_calculation.py:132: \n_ _ _ _ _ _ _ _ _ _ _ _ _ _ _ _ _ _ _ _ _ _ _ _ _ _ _ _ _ _ _ _ _ _ _ _ _ _ _ _ \npages/item_page.py:40: in add_item_to_cart\n    self.find_element(self._add_item).click()\nbase/seleniumbase.py:17: in find_element\n    return self.driver.find_element(*locator)\n/usr/local/lib/python3.11/site-packages/selenium/webdriver/remote/webdriver.py:739: in find_element\n    return self.execute(Command.FIND_ELEMENT, {\"using\": by, \"value\": value})[\"value\"]\n/usr/local/lib/python3.11/site-packages/selenium/webdriver/remote/webdriver.py:345: in execute\n    self.error_handler.check_response(response)\n_ _ _ _ _ _ _ _ _ _ _ _ _ _ _ _ _ _ _ _ _ _ _ _ _ _ _ _ _ _ _ _ _ _ _ _ _ _ _ _ \n\nself = <selenium.webdriver.remote.errorhandler.ErrorHandler object at 0x7f5ae5dd5150>\nresponse = {'status': 404, 'value': '{\"value\":{\"error\":\"no such element\",\"message\":\"no such element: Unable to locate element: {\\...\\\\n#16 0x55d88b67c090 \\\\u003Cunknown>\\\\n#17 0x55d88b68b4ec \\\\u003Cunknown>\\\\n#18 0x7f3f53435134 \\\\u003Cunknown>\\\\n\"}}'}\n\n    def check_response(self, response: Dict[str, Any]) -> None:\n        \"\"\"Checks that a JSON response from the WebDriver does not have an\n        error.\n    \n        :Args:\n         - response - The JSON response from the WebDriver server as a dictionary\n           object.\n    \n        :Raises: If the response contains an error message.\n        \"\"\"\n        status = response.get(\"status\", None)\n        if not status or status == ErrorCode.SUCCESS:\n            return\n        value = None\n        message = response.get(\"message\", \"\")\n        screen: str = response.get(\"screen\", \"\")\n        stacktrace = None\n        if isinstance(status, int):\n            value_json = response.get(\"value\", None)\n            if value_json and isinstance(value_json, str):\n                import json\n    \n                try:\n                    value = json.loads(value_json)\n                    if len(value) == 1:\n                        value = value[\"value\"]\n                    status = value.get(\"error\", None)\n                    if not status:\n                        status = value.get(\"status\", ErrorCode.UNKNOWN_ERROR)\n                        message = value.get(\"value\") or value.get(\"message\")\n                        if not isinstance(message, str):\n                            value = message\n                            message = message.get(\"message\")\n                    else:\n                        message = value.get(\"message\", None)\n                except ValueError:\n                    pass\n    \n        exception_class: Type[WebDriverException]\n        e = ErrorCode()\n        error_codes = [item for item in dir(e) if not item.startswith(\"__\")]\n        for error_code in error_codes:\n            error_info = getattr(ErrorCode, error_code)\n            if isinstance(error_info, list) and status in error_info:\n                exception_class = getattr(ExceptionMapping, error_code, WebDriverException)\n                break\n        else:\n            exception_class = WebDriverException\n    \n        if not value:\n            value = response[\"value\"]\n        if isinstance(value, str):\n            raise exception_class(value)\n        if message == \"\" and \"message\" in value:\n            message = value[\"message\"]\n    \n        screen = None  # type: ignore[assignment]\n        if \"screen\" in value:\n            screen = value[\"screen\"]\n    \n        stacktrace = None\n        st_value = value.get(\"stackTrace\") or value.get(\"stacktrace\")\n        if st_value:\n            if isinstance(st_value, str):\n                stacktrace = st_value.split(\"\\n\")\n            else:\n                stacktrace = []\n                try:\n                    for frame in st_value:\n                        line = frame.get(\"lineNumber\", \"\")\n                        file = frame.get(\"fileName\", \"<anonymous>\")\n                        if line:\n                            file = f\"{file}:{line}\"\n                        meth = frame.get(\"methodName\", \"<anonymous>\")\n                        if \"className\" in frame:\n                            meth = f\"{frame['className']}.{meth}\"\n                        msg = \"    at %s (%s)\"\n                        msg = msg % (meth, file)\n                        stacktrace.append(msg)\n                except TypeError:\n                    pass\n        if exception_class == UnexpectedAlertPresentException:\n            alert_text = None\n            if \"data\" in value:\n                alert_text = value[\"data\"].get(\"text\")\n            elif \"alert\" in value:\n                alert_text = value[\"alert\"].get(\"text\")\n            raise exception_class(message, screen, stacktrace, alert_text)  # type: ignore[call-arg]  # mypy is not smart enough here\n>       raise exception_class(message, screen, stacktrace)\nE       selenium.common.exceptions.NoSuchElementException: Message: no such element: Unable to locate element: {\"method\":\"xpath\",\"selector\":\"(//a[@class='add-to-cart yellow-btn'])[1]\"}\nE         (Session info: chrome-headless-shell=127.0.6533.88); For documentation on this error, please visit: https://www.selenium.dev/documentation/webdriver/troubleshooting/errors#no-such-element-exception\nE       Stacktrace:\nE       #0 0x55d88b68c71a <unknown>\nE       #1 0x55d88b35d640 <unknown>\nE       #2 0x55d88b3acc0b <unknown>\nE       #3 0x55d88b3acef1 <unknown>\nE       #4 0x55d88b3f0b64 <unknown>\nE       #5 0x55d88b3cf90d <unknown>\nE       #6 0x55d88b3ee08a <unknown>\nE       #7 0x55d88b3cf683 <unknown>\nE       #8 0x55d88b39fd71 <unknown>\nE       #9 0x55d88b3a07de <unknown>\nE       #10 0x55d88b6542ab <unknown>\nE       #11 0x55d88b658242 <unknown>\nE       #12 0x55d88b641665 <unknown>\nE       #13 0x55d88b658dd2 <unknown>\nE       #14 0x55d88b6262af <unknown>\nE       #15 0x55d88b67beb8 <unknown>\nE       #16 0x55d88b67c090 <unknown>\nE       #17 0x55d88b68b4ec <unknown>\nE       #18 0x7f3f53435134 <unknown>\n\n/usr/local/lib/python3.11/site-packages/selenium/webdriver/remote/errorhandler.py:229: NoSuchElementException","flaky":false,"newFailed":false,"newBroken":false,"newPassed":false,"retriesCount":0,"retriesStatusChange":false,"beforeStages":[{"name":"_session_faker","time":{"start":1722560188739,"stop":1722560188810,"duration":71},"status":"passed","steps":[],"attachments":[],"parameters":[],"shouldDisplayMessage":false,"stepsCount":0,"attachmentsCount":0,"hasContent":false,"attachmentStep":false},{"name":"clear_allure_results_folder","time":{"start":1722560188810,"stop":1722560188810,"duration":0},"status":"passed","steps":[],"attachments":[],"parameters":[],"shouldDisplayMessage":false,"stepsCount":0,"attachmentsCount":0,"hasContent":false,"attachmentStep":false},{"name":"driver","time":{"start":1722560441527,"stop":1722560442223,"duration":696},"status":"passed","steps":[],"attachments":[],"parameters":[],"shouldDisplayMessage":false,"stepsCount":0,"attachmentsCount":0,"hasContent":false,"attachmentStep":false},{"name":"setup","time":{"start":1722560442223,"stop":1722560442223,"duration":0},"status":"passed","steps":[],"attachments":[],"parameters":[],"shouldDisplayMessage":false,"stepsCount":0,"attachmentsCount":0,"hasContent":false,"attachmentStep":false}],"testStage":{"status":"skipped","statusMessage":"XFAIL\n\nselenium.common.exceptions.NoSuchElementException: Message: no such element: Unable to locate element: {\"method\":\"xpath\",\"selector\":\"(//a[@class='add-to-cart yellow-btn'])[1]\"}\n  (Session info: chrome-headless-shell=127.0.6533.88); For documentation on this error, please visit: https://www.selenium.dev/documentation/webdriver/troubleshooting/errors#no-such-element-exception\nStacktrace:\n#0 0x55d88b68c71a <unknown>\n#1 0x55d88b35d640 <unknown>\n#2 0x55d88b3acc0b <unknown>\n#3 0x55d88b3acef1 <unknown>\n#4 0x55d88b3f0b64 <unknown>\n#5 0x55d88b3cf90d <unknown>\n#6 0x55d88b3ee08a <unknown>\n#7 0x55d88b3cf683 <unknown>\n#8 0x55d88b39fd71 <unknown>\n#9 0x55d88b3a07de <unknown>\n#10 0x55d88b6542ab <unknown>\n#11 0x55d88b658242 <unknown>\n#12 0x55d88b641665 <unknown>\n#13 0x55d88b658dd2 <unknown>\n#14 0x55d88b6262af <unknown>\n#15 0x55d88b67beb8 <unknown>\n#16 0x55d88b67c090 <unknown>\n#17 0x55d88b68b4ec <unknown>\n#18 0x7f3f53435134 <unknown>","statusTrace":"self = <tests.delivery.test_delivery_calculation.TestDeliveryPageCalculation object at 0x7f5ae5d35f90>\ndriver = <selenium.webdriver.chrome.webdriver.WebDriver (session=\"8dcb670d8bbc73a9f7893bdce8b32ddf\")>\nurl = 'https://sandboxtest.stroyrem-nn.ru/', case_id = 'TD 021'\nlink_item = 'products/shtukaturka-gipsovaya-aksolit-m50-30-kg-mashinnogo-naneseniya'\namount = 149, weight = 4500, standard = 2600, in_time = 4380, all_time = 4890\n\n    @pytest.mark.parametrize('case_id, link_item, amount, weight, standard, in_time, all_time', [\n        (\"TD 015\", bundeks_25, 1, 30, 650, 2390, 3320),\n        pytest.param(\n            \"TD 016\", aksolit_30, 8, 300, 650, 2390, 3320,\n            marks=pytest.mark.xfail(reson=\"Цена доставки: - - -\")\n        ),\n        (\"TD 017\", aksolit_30, 13, 400, 650, 2390, 3320),\n        (\"TD 018\", aksolit_30, 16, 500, 850, 2490, 3320),\n        (\"TD 019\", aksolit_30, 25, 1700, 1150, 2490, 3320),\n        (\"TD 020\", aksolit_30, 66, 2000, 1500, 2990, 3650),\n        (\"TD 021\", aksolit_30, 149, 4500, 2600, 4380, 4890),\n        (\"TD 022\", aksolit_30, 166, 5000, 2800, 5490, 5980),\n        pytest.param(\n            \"TD 023\", aksolit_30, 206, 6200, 3300, 7500, 8000,\n            marks=pytest.mark.xfail(reson=\"Цена доставки: 4300 9900 11440\")\n        ),\n        (\"TD 024\", aksolit_30, 299, 9000, 4300, 9900, 11440),\n        (\"TD 025\", aksolit_30, 333, 10000, 7000, 13900, 15900),\n        pytest.param(\n            \"TD 026\", aksolit_30, 366, 11000, 8000, 14900, 19900,\n            marks=pytest.mark.xfail(reson=\"Цена доставки: 7000 13900 15900\")\n        ),\n        pytest.param(\n            \"TD 027\", aksolit_30, 666, 20000, 14000, 16900, 23900,\n            marks=pytest.mark.xfail(reson=\"Цена доставки: 7000 13900 15900\")\n        )\n    ])\n    @pytest.mark.xfail\n    @pytest.mark.smoke_test\n    def test_positive_delivery_blue_zone_smoke(\n            self, driver, url, case_id, link_item, amount, weight, standard, in_time, all_time\n    ):\n        allure.dynamic.title(f\"{case_id} Доставка товара весом до {weight}кг. в синей зоне\")\n    \n        driver.get(f'{url}{link_item}')\n        item_page = ItemPage(driver)\n>       item_page.add_item_to_cart(amount).click_on_cart()\n\ntests/delivery/test_delivery_calculation.py:132: \n_ _ _ _ _ _ _ _ _ _ _ _ _ _ _ _ _ _ _ _ _ _ _ _ _ _ _ _ _ _ _ _ _ _ _ _ _ _ _ _ \npages/item_page.py:40: in add_item_to_cart\n    self.find_element(self._add_item).click()\nbase/seleniumbase.py:17: in find_element\n    return self.driver.find_element(*locator)\n/usr/local/lib/python3.11/site-packages/selenium/webdriver/remote/webdriver.py:739: in find_element\n    return self.execute(Command.FIND_ELEMENT, {\"using\": by, \"value\": value})[\"value\"]\n/usr/local/lib/python3.11/site-packages/selenium/webdriver/remote/webdriver.py:345: in execute\n    self.error_handler.check_response(response)\n_ _ _ _ _ _ _ _ _ _ _ _ _ _ _ _ _ _ _ _ _ _ _ _ _ _ _ _ _ _ _ _ _ _ _ _ _ _ _ _ \n\nself = <selenium.webdriver.remote.errorhandler.ErrorHandler object at 0x7f5ae5dd5150>\nresponse = {'status': 404, 'value': '{\"value\":{\"error\":\"no such element\",\"message\":\"no such element: Unable to locate element: {\\...\\\\n#16 0x55d88b67c090 \\\\u003Cunknown>\\\\n#17 0x55d88b68b4ec \\\\u003Cunknown>\\\\n#18 0x7f3f53435134 \\\\u003Cunknown>\\\\n\"}}'}\n\n    def check_response(self, response: Dict[str, Any]) -> None:\n        \"\"\"Checks that a JSON response from the WebDriver does not have an\n        error.\n    \n        :Args:\n         - response - The JSON response from the WebDriver server as a dictionary\n           object.\n    \n        :Raises: If the response contains an error message.\n        \"\"\"\n        status = response.get(\"status\", None)\n        if not status or status == ErrorCode.SUCCESS:\n            return\n        value = None\n        message = response.get(\"message\", \"\")\n        screen: str = response.get(\"screen\", \"\")\n        stacktrace = None\n        if isinstance(status, int):\n            value_json = response.get(\"value\", None)\n            if value_json and isinstance(value_json, str):\n                import json\n    \n                try:\n                    value = json.loads(value_json)\n                    if len(value) == 1:\n                        value = value[\"value\"]\n                    status = value.get(\"error\", None)\n                    if not status:\n                        status = value.get(\"status\", ErrorCode.UNKNOWN_ERROR)\n                        message = value.get(\"value\") or value.get(\"message\")\n                        if not isinstance(message, str):\n                            value = message\n                            message = message.get(\"message\")\n                    else:\n                        message = value.get(\"message\", None)\n                except ValueError:\n                    pass\n    \n        exception_class: Type[WebDriverException]\n        e = ErrorCode()\n        error_codes = [item for item in dir(e) if not item.startswith(\"__\")]\n        for error_code in error_codes:\n            error_info = getattr(ErrorCode, error_code)\n            if isinstance(error_info, list) and status in error_info:\n                exception_class = getattr(ExceptionMapping, error_code, WebDriverException)\n                break\n        else:\n            exception_class = WebDriverException\n    \n        if not value:\n            value = response[\"value\"]\n        if isinstance(value, str):\n            raise exception_class(value)\n        if message == \"\" and \"message\" in value:\n            message = value[\"message\"]\n    \n        screen = None  # type: ignore[assignment]\n        if \"screen\" in value:\n            screen = value[\"screen\"]\n    \n        stacktrace = None\n        st_value = value.get(\"stackTrace\") or value.get(\"stacktrace\")\n        if st_value:\n            if isinstance(st_value, str):\n                stacktrace = st_value.split(\"\\n\")\n            else:\n                stacktrace = []\n                try:\n                    for frame in st_value:\n                        line = frame.get(\"lineNumber\", \"\")\n                        file = frame.get(\"fileName\", \"<anonymous>\")\n                        if line:\n                            file = f\"{file}:{line}\"\n                        meth = frame.get(\"methodName\", \"<anonymous>\")\n                        if \"className\" in frame:\n                            meth = f\"{frame['className']}.{meth}\"\n                        msg = \"    at %s (%s)\"\n                        msg = msg % (meth, file)\n                        stacktrace.append(msg)\n                except TypeError:\n                    pass\n        if exception_class == UnexpectedAlertPresentException:\n            alert_text = None\n            if \"data\" in value:\n                alert_text = value[\"data\"].get(\"text\")\n            elif \"alert\" in value:\n                alert_text = value[\"alert\"].get(\"text\")\n            raise exception_class(message, screen, stacktrace, alert_text)  # type: ignore[call-arg]  # mypy is not smart enough here\n>       raise exception_class(message, screen, stacktrace)\nE       selenium.common.exceptions.NoSuchElementException: Message: no such element: Unable to locate element: {\"method\":\"xpath\",\"selector\":\"(//a[@class='add-to-cart yellow-btn'])[1]\"}\nE         (Session info: chrome-headless-shell=127.0.6533.88); For documentation on this error, please visit: https://www.selenium.dev/documentation/webdriver/troubleshooting/errors#no-such-element-exception\nE       Stacktrace:\nE       #0 0x55d88b68c71a <unknown>\nE       #1 0x55d88b35d640 <unknown>\nE       #2 0x55d88b3acc0b <unknown>\nE       #3 0x55d88b3acef1 <unknown>\nE       #4 0x55d88b3f0b64 <unknown>\nE       #5 0x55d88b3cf90d <unknown>\nE       #6 0x55d88b3ee08a <unknown>\nE       #7 0x55d88b3cf683 <unknown>\nE       #8 0x55d88b39fd71 <unknown>\nE       #9 0x55d88b3a07de <unknown>\nE       #10 0x55d88b6542ab <unknown>\nE       #11 0x55d88b658242 <unknown>\nE       #12 0x55d88b641665 <unknown>\nE       #13 0x55d88b658dd2 <unknown>\nE       #14 0x55d88b6262af <unknown>\nE       #15 0x55d88b67beb8 <unknown>\nE       #16 0x55d88b67c090 <unknown>\nE       #17 0x55d88b68b4ec <unknown>\nE       #18 0x7f3f53435134 <unknown>\n\n/usr/local/lib/python3.11/site-packages/selenium/webdriver/remote/errorhandler.py:229: NoSuchElementException","steps":[{"name":"Добавляем товар в корзину в количестве 149","time":{"start":1722560442497,"stop":1722560442515,"duration":18},"status":"broken","statusMessage":"selenium.common.exceptions.NoSuchElementException: Message: no such element: Unable to locate element: {\"method\":\"xpath\",\"selector\":\"(//a[@class='add-to-cart yellow-btn'])[1]\"}\n  (Session info: chrome-headless-shell=127.0.6533.88); For documentation on this error, please visit: https://www.selenium.dev/documentation/webdriver/troubleshooting/errors#no-such-element-exception\nStacktrace:\n#0 0x55d88b68c71a <unknown>\n#1 0x55d88b35d640 <unknown>\n#2 0x55d88b3acc0b <unknown>\n#3 0x55d88b3acef1 <unknown>\n#4 0x55d88b3f0b64 <unknown>\n#5 0x55d88b3cf90d <unknown>\n#6 0x55d88b3ee08a <unknown>\n#7 0x55d88b3cf683 <unknown>\n#8 0x55d88b39fd71 <unknown>\n#9 0x55d88b3a07de <unknown>\n#10 0x55d88b6542ab <unknown>\n#11 0x55d88b658242 <unknown>\n#12 0x55d88b641665 <unknown>\n#13 0x55d88b658dd2 <unknown>\n#14 0x55d88b6262af <unknown>\n#15 0x55d88b67beb8 <unknown>\n#16 0x55d88b67c090 <unknown>\n#17 0x55d88b68b4ec <unknown>\n#18 0x7f3f53435134 <unknown>\n\n","statusTrace":"  File \"/usr/local/lib/python3.11/site-packages/allure_commons/_allure.py\", line 192, in impl\n    return func(*a, **kw)\n           ^^^^^^^^^^^^^^\n  File \"/app/pages/item_page.py\", line 40, in add_item_to_cart\n    self.find_element(self._add_item).click()\n    ^^^^^^^^^^^^^^^^^^^^^^^^^^^^^^^^^\n  File \"/app/base/seleniumbase.py\", line 17, in find_element\n    return self.driver.find_element(*locator)\n           ^^^^^^^^^^^^^^^^^^^^^^^^^^^^^^^^^^\n  File \"/usr/local/lib/python3.11/site-packages/selenium/webdriver/remote/webdriver.py\", line 739, in find_element\n    return self.execute(Command.FIND_ELEMENT, {\"using\": by, \"value\": value})[\"value\"]\n           ^^^^^^^^^^^^^^^^^^^^^^^^^^^^^^^^^^^^^^^^^^^^^^^^^^^^^^^^^^^^^^^^^\n  File \"/usr/local/lib/python3.11/site-packages/selenium/webdriver/remote/webdriver.py\", line 345, in execute\n    self.error_handler.check_response(response)\n  File \"/usr/local/lib/python3.11/site-packages/selenium/webdriver/remote/errorhandler.py\", line 229, in check_response\n    raise exception_class(message, screen, stacktrace)\n","steps":[],"attachments":[],"parameters":[{"name":"amount","value":"149"}],"shouldDisplayMessage":true,"stepsCount":0,"attachmentsCount":0,"hasContent":true,"attachmentStep":false}],"attachments":[{"uid":"8e55b9905d010fcb","name":"Screenshot","source":"8e55b9905d010fcb.png","type":"image/png","size":4720},{"uid":"45e392eb1f471b57","name":"HTML source","source":"45e392eb1f471b57.html","type":"text/html","size":39}],"parameters":[],"shouldDisplayMessage":true,"stepsCount":1,"attachmentsCount":2,"hasContent":true,"attachmentStep":false},"afterStages":[{"name":"setup::0","time":{"start":1722560442615,"stop":1722560442615,"duration":0},"status":"passed","steps":[],"attachments":[],"parameters":[],"shouldDisplayMessage":false,"stepsCount":0,"attachmentsCount":0,"hasContent":false,"attachmentStep":false},{"name":"driver::0","time":{"start":1722560442615,"stop":1722560442676,"duration":61},"status":"passed","steps":[],"attachments":[],"parameters":[],"shouldDisplayMessage":false,"stepsCount":0,"attachmentsCount":0,"hasContent":false,"attachmentStep":false}],"labels":[{"name":"epic","value":"Delivery Page - calculation"},{"name":"tag","value":"smoke_test"},{"name":"tag","value":"@pytest.mark.xfail"},{"name":"parentSuite","value":"tests.delivery"},{"name":"suite","value":"test_delivery_calculation"},{"name":"subSuite","value":"TestDeliveryPageCalculation"},{"name":"host","value":"652cf8e9dbde"},{"name":"thread","value":"1-MainThread"},{"name":"framework","value":"pytest"},{"name":"language","value":"cpython3"},{"name":"package","value":"tests.delivery.test_delivery_calculation"},{"name":"resultFormat","value":"allure2"}],"parameters":[{"name":"all_time","value":"4890"},{"name":"amount","value":"149"},{"name":"case_id","value":"'TD 021'"},{"name":"in_time","value":"4380"},{"name":"link_item","value":"'products/shtukaturka-gipsovaya-aksolit-m50-30-kg-mashinnogo-naneseniya'"},{"name":"standard","value":"2600"},{"name":"url","value":"'https://sandboxtest.stroyrem-nn.ru/'"},{"name":"weight","value":"4500"}],"links":[],"hidden":false,"retry":false,"extra":{"severity":"normal","retries":[],"categories":[],"history":{"statistic":{"failed":0,"broken":0,"skipped":65,"passed":0,"unknown":0,"total":65},"items":[{"uid":"aa3284cdab8034fa","reportUrl":"https://Nat754.github.io/StroyremAutomation/386//#testresult/aa3284cdab8034fa","status":"skipped","statusDetails":"XFAIL\n\nselenium.common.exceptions.NoSuchElementException: Message: no such element: Unable to locate element: {\"method\":\"xpath\",\"selector\":\"(//a[@class='add-to-cart yellow-btn'])[1]\"}\n  (Session info: chrome-headless-shell=127.0.6533.88); For documentation on this error, please visit: https://www.selenium.dev/documentation/webdriver/troubleshooting/errors#no-such-element-exception\nStacktrace:\n#0 0x5575d283e71a <unknown>\n#1 0x5575d250f640 <unknown>\n#2 0x5575d255ec0b <unknown>\n#3 0x5575d255eef1 <unknown>\n#4 0x5575d25a2b64 <unknown>\n#5 0x5575d258190d <unknown>\n#6 0x5575d25a008a <unknown>\n#7 0x5575d2581683 <unknown>\n#8 0x5575d2551d71 <unknown>\n#9 0x5575d25527de <unknown>\n#10 0x5575d28062ab <unknown>\n#11 0x5575d280a242 <unknown>\n#12 0x5575d27f3665 <unknown>\n#13 0x5575d280add2 <unknown>\n#14 0x5575d27d82af <unknown>\n#15 0x5575d282deb8 <unknown>\n#16 0x5575d282e090 <unknown>\n#17 0x5575d283d4ec <unknown>\n#18 0x7fbeb831d134 <unknown>","time":{"start":1722474347531,"stop":1722474347859,"duration":328}},{"uid":"605fec69ae4dd05a","reportUrl":"https://Nat754.github.io/StroyremAutomation/385//#testresult/605fec69ae4dd05a","status":"skipped","statusDetails":"XFAIL\n\nselenium.common.exceptions.NoSuchElementException: Message: no such element: Unable to locate element: {\"method\":\"xpath\",\"selector\":\"(//a[@class='add-to-cart yellow-btn'])[1]\"}\n  (Session info: chrome-headless-shell=127.0.6533.88); For documentation on this error, please visit: https://www.selenium.dev/documentation/webdriver/troubleshooting/errors#no-such-element-exception\nStacktrace:\n#0 0x558755e3271a <unknown>\n#1 0x558755b03640 <unknown>\n#2 0x558755b52c0b <unknown>\n#3 0x558755b52ef1 <unknown>\n#4 0x558755b96b64 <unknown>\n#5 0x558755b7590d <unknown>\n#6 0x558755b9408a <unknown>\n#7 0x558755b75683 <unknown>\n#8 0x558755b45d71 <unknown>\n#9 0x558755b467de <unknown>\n#10 0x558755dfa2ab <unknown>\n#11 0x558755dfe242 <unknown>\n#12 0x558755de7665 <unknown>\n#13 0x558755dfedd2 <unknown>\n#14 0x558755dcc2af <unknown>\n#15 0x558755e21eb8 <unknown>\n#16 0x558755e22090 <unknown>\n#17 0x558755e314ec <unknown>\n#18 0x7f1835760134 <unknown>","time":{"start":1722387042187,"stop":1722387042751,"duration":564}},{"uid":"40641a7904a4ec7d","reportUrl":"https://Nat754.github.io/StroyremAutomation/384//#testresult/40641a7904a4ec7d","status":"skipped","statusDetails":"XFAIL\n\nselenium.common.exceptions.NoSuchElementException: Message: no such element: Unable to locate element: {\"method\":\"xpath\",\"selector\":\"(//a[@class='add-to-cart yellow-btn'])[1]\"}\n  (Session info: chrome-headless-shell=127.0.6533.72); For documentation on this error, please visit: https://www.selenium.dev/documentation/webdriver/troubleshooting/errors#no-such-element-exception\nStacktrace:\n#0 0x5559dd1ba6ba <unknown>\n#1 0x5559dce8a730 <unknown>\n#2 0x5559dced9d9b <unknown>\n#3 0x5559dceda081 <unknown>\n#4 0x5559dcf1dcd4 <unknown>\n#5 0x5559dcefca7d <unknown>\n#6 0x5559dcf1b1ca <unknown>\n#7 0x5559dcefc7f3 <unknown>\n#8 0x5559dceccec9 <unknown>\n#9 0x5559dcecd91e <unknown>\n#10 0x5559dd1809eb <unknown>\n#11 0x5559dd184972 <unknown>\n#12 0x5559dd16de15 <unknown>\n#13 0x5559dd185502 <unknown>\n#14 0x5559dd152d2f <unknown>\n#15 0x5559dd1a9578 <unknown>\n#16 0x5559dd1a9750 <unknown>\n#17 0x5559dd1b948c <unknown>\n#18 0x7f9f69782134 <unknown>","time":{"start":1722301227379,"stop":1722301227676,"duration":297}},{"uid":"903f16b71131c4f3","reportUrl":"https://Nat754.github.io/StroyremAutomation/383//#testresult/903f16b71131c4f3","status":"skipped","statusDetails":"XFAIL\n\nselenium.common.exceptions.NoSuchElementException: Message: no such element: Unable to locate element: {\"method\":\"xpath\",\"selector\":\"(//a[@class='add-to-cart yellow-btn'])[1]\"}\n  (Session info: chrome-headless-shell=127.0.6533.72); For documentation on this error, please visit: https://www.selenium.dev/documentation/webdriver/troubleshooting/errors#no-such-element-exception\nStacktrace:\n#0 0x561109a316ba <unknown>\n#1 0x561109701730 <unknown>\n#2 0x561109750d9b <unknown>\n#3 0x561109751081 <unknown>\n#4 0x561109794cd4 <unknown>\n#5 0x561109773a7d <unknown>\n#6 0x5611097921ca <unknown>\n#7 0x5611097737f3 <unknown>\n#8 0x561109743ec9 <unknown>\n#9 0x56110974491e <unknown>\n#10 0x5611099f79eb <unknown>\n#11 0x5611099fb972 <unknown>\n#12 0x5611099e4e15 <unknown>\n#13 0x5611099fc502 <unknown>\n#14 0x5611099c9d2f <unknown>\n#15 0x561109a20578 <unknown>\n#16 0x561109a20750 <unknown>\n#17 0x561109a3048c <unknown>\n#18 0x7f919bb55134 <unknown>","time":{"start":1722214921082,"stop":1722214921503,"duration":421}},{"uid":"5eac6de705e7b2dd","reportUrl":"https://Nat754.github.io/StroyremAutomation/382//#testresult/5eac6de705e7b2dd","status":"skipped","statusDetails":"XFAIL\n\nselenium.common.exceptions.NoSuchElementException: Message: no such element: Unable to locate element: {\"method\":\"xpath\",\"selector\":\"(//a[@class='add-to-cart yellow-btn'])[1]\"}\n  (Session info: chrome-headless-shell=127.0.6533.72); For documentation on this error, please visit: https://www.selenium.dev/documentation/webdriver/troubleshooting/errors#no-such-element-exception\nStacktrace:\n#0 0x557f6cf4d6ba <unknown>\n#1 0x557f6cc1d730 <unknown>\n#2 0x557f6cc6cd9b <unknown>\n#3 0x557f6cc6d081 <unknown>\n#4 0x557f6ccb0cd4 <unknown>\n#5 0x557f6cc8fa7d <unknown>\n#6 0x557f6ccae1ca <unknown>\n#7 0x557f6cc8f7f3 <unknown>\n#8 0x557f6cc5fec9 <unknown>\n#9 0x557f6cc6091e <unknown>\n#10 0x557f6cf139eb <unknown>\n#11 0x557f6cf17972 <unknown>\n#12 0x557f6cf00e15 <unknown>\n#13 0x557f6cf18502 <unknown>\n#14 0x557f6cee5d2f <unknown>\n#15 0x557f6cf3c578 <unknown>\n#16 0x557f6cf3c750 <unknown>\n#17 0x557f6cf4c48c <unknown>\n#18 0x7f93f0e98134 <unknown>","time":{"start":1722128715334,"stop":1722128715682,"duration":348}},{"uid":"6dd86a4bf70e43f2","reportUrl":"https://Nat754.github.io/StroyremAutomation/381//#testresult/6dd86a4bf70e43f2","status":"skipped","statusDetails":"XFAIL\n\nselenium.common.exceptions.NoSuchElementException: Message: no such element: Unable to locate element: {\"method\":\"xpath\",\"selector\":\"(//a[@class='add-to-cart yellow-btn'])[1]\"}\n  (Session info: chrome-headless-shell=127.0.6533.72); For documentation on this error, please visit: https://www.selenium.dev/documentation/webdriver/troubleshooting/errors#no-such-element-exception\nStacktrace:\n#0 0x55bba3f806ba <unknown>\n#1 0x55bba3c50730 <unknown>\n#2 0x55bba3c9fd9b <unknown>\n#3 0x55bba3ca0081 <unknown>\n#4 0x55bba3ce3cd4 <unknown>\n#5 0x55bba3cc2a7d <unknown>\n#6 0x55bba3ce11ca <unknown>\n#7 0x55bba3cc27f3 <unknown>\n#8 0x55bba3c92ec9 <unknown>\n#9 0x55bba3c9391e <unknown>\n#10 0x55bba3f469eb <unknown>\n#11 0x55bba3f4a972 <unknown>\n#12 0x55bba3f33e15 <unknown>\n#13 0x55bba3f4b502 <unknown>\n#14 0x55bba3f18d2f <unknown>\n#15 0x55bba3f6f578 <unknown>\n#16 0x55bba3f6f750 <unknown>\n#17 0x55bba3f7f48c <unknown>\n#18 0x7f0f4e2a8134 <unknown>","time":{"start":1722041983210,"stop":1722041983530,"duration":320}},{"uid":"6b4650087eb437d4","reportUrl":"https://Nat754.github.io/StroyremAutomation/380//#testresult/6b4650087eb437d4","status":"skipped","statusDetails":"XFAIL\n\nselenium.common.exceptions.NoSuchElementException: Message: no such element: Unable to locate element: {\"method\":\"xpath\",\"selector\":\"(//a[@class='add-to-cart yellow-btn'])[1]\"}\n  (Session info: chrome-headless-shell=127.0.6533.72); For documentation on this error, please visit: https://www.selenium.dev/documentation/webdriver/troubleshooting/errors#no-such-element-exception\nStacktrace:\n#0 0x56225c9b06ba <unknown>\n#1 0x56225c680730 <unknown>\n#2 0x56225c6cfd9b <unknown>\n#3 0x56225c6d0081 <unknown>\n#4 0x56225c713cd4 <unknown>\n#5 0x56225c6f2a7d <unknown>\n#6 0x56225c7111ca <unknown>\n#7 0x56225c6f27f3 <unknown>\n#8 0x56225c6c2ec9 <unknown>\n#9 0x56225c6c391e <unknown>\n#10 0x56225c9769eb <unknown>\n#11 0x56225c97a972 <unknown>\n#12 0x56225c963e15 <unknown>\n#13 0x56225c97b502 <unknown>\n#14 0x56225c948d2f <unknown>\n#15 0x56225c99f578 <unknown>\n#16 0x56225c99f750 <unknown>\n#17 0x56225c9af48c <unknown>\n#18 0x7f7099098134 <unknown>","time":{"start":1721955591639,"stop":1721955591942,"duration":303}},{"uid":"5b8bd6acf10b7bdb","reportUrl":"https://Nat754.github.io/StroyremAutomation/379//#testresult/5b8bd6acf10b7bdb","status":"skipped","statusDetails":"XFAIL\n\nselenium.common.exceptions.NoSuchElementException: Message: no such element: Unable to locate element: {\"method\":\"xpath\",\"selector\":\"(//a[@class='add-to-cart yellow-btn'])[1]\"}\n  (Session info: chrome-headless-shell=127.0.6533.72); For documentation on this error, please visit: https://www.selenium.dev/documentation/webdriver/troubleshooting/errors#no-such-element-exception\nStacktrace:\n#0 0x560fde9b96ba <unknown>\n#1 0x560fde689730 <unknown>\n#2 0x560fde6d8d9b <unknown>\n#3 0x560fde6d9081 <unknown>\n#4 0x560fde71ccd4 <unknown>\n#5 0x560fde6fba7d <unknown>\n#6 0x560fde71a1ca <unknown>\n#7 0x560fde6fb7f3 <unknown>\n#8 0x560fde6cbec9 <unknown>\n#9 0x560fde6cc91e <unknown>\n#10 0x560fde97f9eb <unknown>\n#11 0x560fde983972 <unknown>\n#12 0x560fde96ce15 <unknown>\n#13 0x560fde984502 <unknown>\n#14 0x560fde951d2f <unknown>\n#15 0x560fde9a8578 <unknown>\n#16 0x560fde9a8750 <unknown>\n#17 0x560fde9b848c <unknown>\n#18 0x7f1955dad134 <unknown>","time":{"start":1721869269127,"stop":1721869269733,"duration":606}},{"uid":"9ff5c1ed2a1cad7f","reportUrl":"https://Nat754.github.io/StroyremAutomation/378//#testresult/9ff5c1ed2a1cad7f","status":"skipped","statusDetails":"XFAIL\n\nselenium.common.exceptions.NoSuchElementException: Message: no such element: Unable to locate element: {\"method\":\"xpath\",\"selector\":\"(//a[@class='add-to-cart yellow-btn'])[1]\"}\n  (Session info: chrome-headless-shell=127.0.6533.72); For documentation on this error, please visit: https://www.selenium.dev/documentation/webdriver/troubleshooting/errors#no-such-element-exception\nStacktrace:\n#0 0x56297b0fd6ba <unknown>\n#1 0x56297adcd730 <unknown>\n#2 0x56297ae1cd9b <unknown>\n#3 0x56297ae1d081 <unknown>\n#4 0x56297ae60cd4 <unknown>\n#5 0x56297ae3fa7d <unknown>\n#6 0x56297ae5e1ca <unknown>\n#7 0x56297ae3f7f3 <unknown>\n#8 0x56297ae0fec9 <unknown>\n#9 0x56297ae1091e <unknown>\n#10 0x56297b0c39eb <unknown>\n#11 0x56297b0c7972 <unknown>\n#12 0x56297b0b0e15 <unknown>\n#13 0x56297b0c8502 <unknown>\n#14 0x56297b095d2f <unknown>\n#15 0x56297b0ec578 <unknown>\n#16 0x56297b0ec750 <unknown>\n#17 0x56297b0fc48c <unknown>\n#18 0x7f254b0d6134 <unknown>","time":{"start":1721782921739,"stop":1721782922182,"duration":443}},{"uid":"6eca6c20ddd6080e","reportUrl":"https://Nat754.github.io/StroyremAutomation/377//#testresult/6eca6c20ddd6080e","status":"skipped","statusDetails":"XFAIL\n\nselenium.common.exceptions.NoSuchElementException: Message: no such element: Unable to locate element: {\"method\":\"xpath\",\"selector\":\"(//a[@class='add-to-cart yellow-btn'])[1]\"}\n  (Session info: chrome-headless-shell=126.0.6478.182); For documentation on this error, please visit: https://www.selenium.dev/documentation/webdriver/troubleshooting/errors#no-such-element-exception\nStacktrace:\n#0 0x55648aeb4c5a <unknown>\n#1 0x55648ab97e2c <unknown>\n#2 0x55648abe4661 <unknown>\n#3 0x55648abe4751 <unknown>\n#4 0x55648ac28f64 <unknown>\n#5 0x55648ac075ed <unknown>\n#6 0x55648ac26303 <unknown>\n#7 0x55648ac07363 <unknown>\n#8 0x55648abd7247 <unknown>\n#9 0x55648abd7b9e <unknown>\n#10 0x55648ae7b22b <unknown>\n#11 0x55648ae7f2d1 <unknown>\n#12 0x55648ae66ade <unknown>\n#13 0x55648ae7fe32 <unknown>\n#14 0x55648ae4b77f <unknown>\n#15 0x55648aea4618 <unknown>\n#16 0x55648aea47f0 <unknown>\n#17 0x55648aeb3d8c <unknown>\n#18 0x7efda9938134 <unknown>","time":{"start":1721696485302,"stop":1721696485713,"duration":411}},{"uid":"1462df582290652b","reportUrl":"https://Nat754.github.io/StroyremAutomation/376//#testresult/1462df582290652b","status":"skipped","statusDetails":"XFAIL\n\nselenium.common.exceptions.NoSuchElementException: Message: no such element: Unable to locate element: {\"method\":\"xpath\",\"selector\":\"(//a[@class='add-to-cart yellow-btn'])[1]\"}\n  (Session info: chrome-headless-shell=126.0.6478.182); For documentation on this error, please visit: https://www.selenium.dev/documentation/webdriver/troubleshooting/errors#no-such-element-exception\nStacktrace:\n#0 0x55ab5df5ac5a <unknown>\n#1 0x55ab5dc3de2c <unknown>\n#2 0x55ab5dc8a661 <unknown>\n#3 0x55ab5dc8a751 <unknown>\n#4 0x55ab5dccef64 <unknown>\n#5 0x55ab5dcad5ed <unknown>\n#6 0x55ab5dccc303 <unknown>\n#7 0x55ab5dcad363 <unknown>\n#8 0x55ab5dc7d247 <unknown>\n#9 0x55ab5dc7db9e <unknown>\n#10 0x55ab5df2122b <unknown>\n#11 0x55ab5df252d1 <unknown>\n#12 0x55ab5df0cade <unknown>\n#13 0x55ab5df25e32 <unknown>\n#14 0x55ab5def177f <unknown>\n#15 0x55ab5df4a618 <unknown>\n#16 0x55ab5df4a7f0 <unknown>\n#17 0x55ab5df59d8c <unknown>\n#18 0x7fbbaa529134 <unknown>","time":{"start":1721610176303,"stop":1721610176728,"duration":425}},{"uid":"4c5c6a6853c1ad3c","reportUrl":"https://Nat754.github.io/StroyremAutomation/375//#testresult/4c5c6a6853c1ad3c","status":"skipped","statusDetails":"XFAIL\n\nselenium.common.exceptions.NoSuchElementException: Message: no such element: Unable to locate element: {\"method\":\"xpath\",\"selector\":\"(//a[@class='add-to-cart yellow-btn'])[1]\"}\n  (Session info: chrome-headless-shell=126.0.6478.182); For documentation on this error, please visit: https://www.selenium.dev/documentation/webdriver/troubleshooting/errors#no-such-element-exception\nStacktrace:\n#0 0x55aed1345c5a <unknown>\n#1 0x55aed1028e2c <unknown>\n#2 0x55aed1075661 <unknown>\n#3 0x55aed1075751 <unknown>\n#4 0x55aed10b9f64 <unknown>\n#5 0x55aed10985ed <unknown>\n#6 0x55aed10b7303 <unknown>\n#7 0x55aed1098363 <unknown>\n#8 0x55aed1068247 <unknown>\n#9 0x55aed1068b9e <unknown>\n#10 0x55aed130c22b <unknown>\n#11 0x55aed13102d1 <unknown>\n#12 0x55aed12f7ade <unknown>\n#13 0x55aed1310e32 <unknown>\n#14 0x55aed12dc77f <unknown>\n#15 0x55aed1335618 <unknown>\n#16 0x55aed13357f0 <unknown>\n#17 0x55aed1344d8c <unknown>\n#18 0x7fc93a273134 <unknown>","time":{"start":1721523883697,"stop":1721523884104,"duration":407}},{"uid":"aaaafc3e2a484b70","reportUrl":"https://Nat754.github.io/StroyremAutomation/374//#testresult/aaaafc3e2a484b70","status":"skipped","statusDetails":"XFAIL\n\nselenium.common.exceptions.NoSuchElementException: Message: no such element: Unable to locate element: {\"method\":\"xpath\",\"selector\":\"(//a[@class='add-to-cart yellow-btn'])[1]\"}\n  (Session info: chrome-headless-shell=126.0.6478.182); For documentation on this error, please visit: https://www.selenium.dev/documentation/webdriver/troubleshooting/errors#no-such-element-exception\nStacktrace:\n#0 0x5557ece84c5a <unknown>\n#1 0x5557ecb67e2c <unknown>\n#2 0x5557ecbb4661 <unknown>\n#3 0x5557ecbb4751 <unknown>\n#4 0x5557ecbf8f64 <unknown>\n#5 0x5557ecbd75ed <unknown>\n#6 0x5557ecbf6303 <unknown>\n#7 0x5557ecbd7363 <unknown>\n#8 0x5557ecba7247 <unknown>\n#9 0x5557ecba7b9e <unknown>\n#10 0x5557ece4b22b <unknown>\n#11 0x5557ece4f2d1 <unknown>\n#12 0x5557ece36ade <unknown>\n#13 0x5557ece4fe32 <unknown>\n#14 0x5557ece1b77f <unknown>\n#15 0x5557ece74618 <unknown>\n#16 0x5557ece747f0 <unknown>\n#17 0x5557ece83d8c <unknown>\n#18 0x7fd5e6909134 <unknown>","time":{"start":1721437201092,"stop":1721437201490,"duration":398}},{"uid":"daedb9862318752c","reportUrl":"https://Nat754.github.io/StroyremAutomation/373//#testresult/daedb9862318752c","status":"skipped","statusDetails":"XFAIL\n\nselenium.common.exceptions.NoSuchElementException: Message: no such element: Unable to locate element: {\"method\":\"xpath\",\"selector\":\"(//a[@class='add-to-cart yellow-btn'])[1]\"}\n  (Session info: chrome-headless-shell=126.0.6478.182); For documentation on this error, please visit: https://www.selenium.dev/documentation/webdriver/troubleshooting/errors#no-such-element-exception\nStacktrace:\n#0 0x555eda795c5a <unknown>\n#1 0x555eda478e2c <unknown>\n#2 0x555eda4c5661 <unknown>\n#3 0x555eda4c5751 <unknown>\n#4 0x555eda509f64 <unknown>\n#5 0x555eda4e85ed <unknown>\n#6 0x555eda507303 <unknown>\n#7 0x555eda4e8363 <unknown>\n#8 0x555eda4b8247 <unknown>\n#9 0x555eda4b8b9e <unknown>\n#10 0x555eda75c22b <unknown>\n#11 0x555eda7602d1 <unknown>\n#12 0x555eda747ade <unknown>\n#13 0x555eda760e32 <unknown>\n#14 0x555eda72c77f <unknown>\n#15 0x555eda785618 <unknown>\n#16 0x555eda7857f0 <unknown>\n#17 0x555eda794d8c <unknown>\n#18 0x7fe5646d5134 <unknown>","time":{"start":1721350848725,"stop":1721350849156,"duration":431}},{"uid":"81bca07490582495","reportUrl":"https://Nat754.github.io/StroyremAutomation/372//#testresult/81bca07490582495","status":"skipped","statusDetails":"XFAIL\n\nselenium.common.exceptions.NoSuchElementException: Message: no such element: Unable to locate element: {\"method\":\"xpath\",\"selector\":\"(//a[@class='add-to-cart yellow-btn'])[1]\"}\n  (Session info: chrome-headless-shell=126.0.6478.182); For documentation on this error, please visit: https://www.selenium.dev/documentation/webdriver/troubleshooting/errors#no-such-element-exception\nStacktrace:\n#0 0x557c5d141c5a <unknown>\n#1 0x557c5ce24e2c <unknown>\n#2 0x557c5ce71661 <unknown>\n#3 0x557c5ce71751 <unknown>\n#4 0x557c5ceb5f64 <unknown>\n#5 0x557c5ce945ed <unknown>\n#6 0x557c5ceb3303 <unknown>\n#7 0x557c5ce94363 <unknown>\n#8 0x557c5ce64247 <unknown>\n#9 0x557c5ce64b9e <unknown>\n#10 0x557c5d10822b <unknown>\n#11 0x557c5d10c2d1 <unknown>\n#12 0x557c5d0f3ade <unknown>\n#13 0x557c5d10ce32 <unknown>\n#14 0x557c5d0d877f <unknown>\n#15 0x557c5d131618 <unknown>\n#16 0x557c5d1317f0 <unknown>\n#17 0x557c5d140d8c <unknown>\n#18 0x7fe06995d134 <unknown>","time":{"start":1721264422217,"stop":1721264422611,"duration":394}},{"uid":"faaf6591ebb59cbe","reportUrl":"https://Nat754.github.io/StroyremAutomation/371//#testresult/faaf6591ebb59cbe","status":"skipped","statusDetails":"XFAIL\n\nselenium.common.exceptions.NoSuchElementException: Message: no such element: Unable to locate element: {\"method\":\"xpath\",\"selector\":\"(//a[@class='add-to-cart yellow-btn'])[1]\"}\n  (Session info: chrome-headless-shell=126.0.6478.182); For documentation on this error, please visit: https://www.selenium.dev/documentation/webdriver/troubleshooting/errors#no-such-element-exception\nStacktrace:\n#0 0x55f0bd822c5a <unknown>\n#1 0x55f0bd505e2c <unknown>\n#2 0x55f0bd552661 <unknown>\n#3 0x55f0bd552751 <unknown>\n#4 0x55f0bd596f64 <unknown>\n#5 0x55f0bd5755ed <unknown>\n#6 0x55f0bd594303 <unknown>\n#7 0x55f0bd575363 <unknown>\n#8 0x55f0bd545247 <unknown>\n#9 0x55f0bd545b9e <unknown>\n#10 0x55f0bd7e922b <unknown>\n#11 0x55f0bd7ed2d1 <unknown>\n#12 0x55f0bd7d4ade <unknown>\n#13 0x55f0bd7ede32 <unknown>\n#14 0x55f0bd7b977f <unknown>\n#15 0x55f0bd812618 <unknown>\n#16 0x55f0bd8127f0 <unknown>\n#17 0x55f0bd821d8c <unknown>\n#18 0x7f72e4484134 <unknown>","time":{"start":1721178042629,"stop":1721178042932,"duration":303}},{"uid":"58717cf7a2a56b9e","reportUrl":"https://Nat754.github.io/StroyremAutomation/370//#testresult/58717cf7a2a56b9e","status":"skipped","statusDetails":"XFAIL\n\nselenium.common.exceptions.NoSuchElementException: Message: no such element: Unable to locate element: {\"method\":\"xpath\",\"selector\":\"(//a[@class='add-to-cart yellow-btn'])[1]\"}\n  (Session info: chrome-headless-shell=126.0.6478.126); For documentation on this error, please visit: https://www.selenium.dev/documentation/webdriver/troubleshooting/errors#no-such-element-exception\nStacktrace:\n#0 0x55fe53620c7a <unknown>\n#1 0x55fe53303e2c <unknown>\n#2 0x55fe53350661 <unknown>\n#3 0x55fe53350751 <unknown>\n#4 0x55fe53394f64 <unknown>\n#5 0x55fe533735ed <unknown>\n#6 0x55fe53392303 <unknown>\n#7 0x55fe53373363 <unknown>\n#8 0x55fe53343247 <unknown>\n#9 0x55fe53343b9e <unknown>\n#10 0x55fe535e724b <unknown>\n#11 0x55fe535eb2f1 <unknown>\n#12 0x55fe535d2afe <unknown>\n#13 0x55fe535ebe52 <unknown>\n#14 0x55fe535b779f <unknown>\n#15 0x55fe53610638 <unknown>\n#16 0x55fe53610810 <unknown>\n#17 0x55fe5361fdac <unknown>\n#18 0x7f986336d134 <unknown>","time":{"start":1721091683639,"stop":1721091684080,"duration":441}},{"uid":"44258e0126a0e014","reportUrl":"https://Nat754.github.io/StroyremAutomation/369//#testresult/44258e0126a0e014","status":"skipped","statusDetails":"XFAIL\n\nselenium.common.exceptions.NoSuchElementException: Message: no such element: Unable to locate element: {\"method\":\"xpath\",\"selector\":\"(//a[@class='add-to-cart yellow-btn'])[1]\"}\n  (Session info: chrome-headless-shell=126.0.6478.126); For documentation on this error, please visit: https://www.selenium.dev/documentation/webdriver/troubleshooting/errors#no-such-element-exception\nStacktrace:\n#0 0x55d868047c7a <unknown>\n#1 0x55d867d2ae2c <unknown>\n#2 0x55d867d77661 <unknown>\n#3 0x55d867d77751 <unknown>\n#4 0x55d867dbbf64 <unknown>\n#5 0x55d867d9a5ed <unknown>\n#6 0x55d867db9303 <unknown>\n#7 0x55d867d9a363 <unknown>\n#8 0x55d867d6a247 <unknown>\n#9 0x55d867d6ab9e <unknown>\n#10 0x55d86800e24b <unknown>\n#11 0x55d8680122f1 <unknown>\n#12 0x55d867ff9afe <unknown>\n#13 0x55d868012e52 <unknown>\n#14 0x55d867fde79f <unknown>\n#15 0x55d868037638 <unknown>\n#16 0x55d868037810 <unknown>\n#17 0x55d868046dac <unknown>\n#18 0x7f1c646fe134 <unknown>","time":{"start":1721005387218,"stop":1721005387651,"duration":433}},{"uid":"2a99f5fd776cd24","reportUrl":"https://Nat754.github.io/StroyremAutomation/368//#testresult/2a99f5fd776cd24","status":"skipped","statusDetails":"XFAIL\n\nselenium.common.exceptions.NoSuchElementException: Message: no such element: Unable to locate element: {\"method\":\"xpath\",\"selector\":\"(//a[@class='add-to-cart yellow-btn'])[1]\"}\n  (Session info: chrome-headless-shell=126.0.6478.126); For documentation on this error, please visit: https://www.selenium.dev/documentation/webdriver/troubleshooting/errors#no-such-element-exception\nStacktrace:\n#0 0x5606af1f6c7a <unknown>\n#1 0x5606aeed9e2c <unknown>\n#2 0x5606aef26661 <unknown>\n#3 0x5606aef26751 <unknown>\n#4 0x5606aef6af64 <unknown>\n#5 0x5606aef495ed <unknown>\n#6 0x5606aef68303 <unknown>\n#7 0x5606aef49363 <unknown>\n#8 0x5606aef19247 <unknown>\n#9 0x5606aef19b9e <unknown>\n#10 0x5606af1bd24b <unknown>\n#11 0x5606af1c12f1 <unknown>\n#12 0x5606af1a8afe <unknown>\n#13 0x5606af1c1e52 <unknown>\n#14 0x5606af18d79f <unknown>\n#15 0x5606af1e6638 <unknown>\n#16 0x5606af1e6810 <unknown>\n#17 0x5606af1f5dac <unknown>\n#18 0x7f79e8e08134 <unknown>","time":{"start":1720919101235,"stop":1720919101808,"duration":573}},{"uid":"72e0179c0d3bea85","reportUrl":"https://Nat754.github.io/StroyremAutomation/367//#testresult/72e0179c0d3bea85","status":"skipped","statusDetails":"XFAIL\n\nselenium.common.exceptions.NoSuchElementException: Message: no such element: Unable to locate element: {\"method\":\"xpath\",\"selector\":\"(//a[@class='add-to-cart yellow-btn'])[1]\"}\n  (Session info: chrome-headless-shell=126.0.6478.126); For documentation on this error, please visit: https://www.selenium.dev/documentation/webdriver/troubleshooting/errors#no-such-element-exception\nStacktrace:\n#0 0x558f0a018c7a <unknown>\n#1 0x558f09cfbe2c <unknown>\n#2 0x558f09d48661 <unknown>\n#3 0x558f09d48751 <unknown>\n#4 0x558f09d8cf64 <unknown>\n#5 0x558f09d6b5ed <unknown>\n#6 0x558f09d8a303 <unknown>\n#7 0x558f09d6b363 <unknown>\n#8 0x558f09d3b247 <unknown>\n#9 0x558f09d3bb9e <unknown>\n#10 0x558f09fdf24b <unknown>\n#11 0x558f09fe32f1 <unknown>\n#12 0x558f09fcaafe <unknown>\n#13 0x558f09fe3e52 <unknown>\n#14 0x558f09faf79f <unknown>\n#15 0x558f0a008638 <unknown>\n#16 0x558f0a008810 <unknown>\n#17 0x558f0a017dac <unknown>\n#18 0x7f0605b63134 <unknown>","time":{"start":1720832403334,"stop":1720832403872,"duration":538}}]},"tags":["@pytest.mark.xfail","smoke_test"]},"source":"82025438f1528bf1.json","parameterValues":["4890","149","'TD 021'","4380","'products/shtukaturka-gipsovaya-aksolit-m50-30-kg-mashinnogo-naneseniya'","2600","'https://sandboxtest.stroyrem-nn.ru/'","4500"]}