{"uid":"98a085c5582929d3","name":"TD 019 Доставка товара весом до 1700кг. в синей зоне","fullName":"tests.delivery.test_delivery_calculation.TestDeliveryPageCalculation#test_positive_delivery_blue_zone_smoke","historyId":"7de17ed6f423399e8e6f079409b2bd41","time":{"start":1722560439810,"stop":1722560440119,"duration":309},"status":"skipped","statusMessage":"XFAIL\n\nselenium.common.exceptions.NoSuchElementException: Message: no such element: Unable to locate element: {\"method\":\"xpath\",\"selector\":\"(//a[@class='add-to-cart yellow-btn'])[1]\"}\n  (Session info: chrome-headless-shell=127.0.6533.88); For documentation on this error, please visit: https://www.selenium.dev/documentation/webdriver/troubleshooting/errors#no-such-element-exception\nStacktrace:\n#0 0x55c6893d571a <unknown>\n#1 0x55c6890a6640 <unknown>\n#2 0x55c6890f5c0b <unknown>\n#3 0x55c6890f5ef1 <unknown>\n#4 0x55c689139b64 <unknown>\n#5 0x55c68911890d <unknown>\n#6 0x55c68913708a <unknown>\n#7 0x55c689118683 <unknown>\n#8 0x55c6890e8d71 <unknown>\n#9 0x55c6890e97de <unknown>\n#10 0x55c68939d2ab <unknown>\n#11 0x55c6893a1242 <unknown>\n#12 0x55c68938a665 <unknown>\n#13 0x55c6893a1dd2 <unknown>\n#14 0x55c68936f2af <unknown>\n#15 0x55c6893c4eb8 <unknown>\n#16 0x55c6893c5090 <unknown>\n#17 0x55c6893d44ec <unknown>\n#18 0x7fe945a27134 <unknown>","statusTrace":"self = <tests.delivery.test_delivery_calculation.TestDeliveryPageCalculation object at 0x7f5ae5d35dd0>\ndriver = <selenium.webdriver.chrome.webdriver.WebDriver (session=\"d5d1c673bcd06ba55f4f12c3716e4a5a\")>\nurl = 'https://sandboxtest.stroyrem-nn.ru/', case_id = 'TD 019'\nlink_item = 'products/shtukaturka-gipsovaya-aksolit-m50-30-kg-mashinnogo-naneseniya'\namount = 25, weight = 1700, standard = 1150, in_time = 2490, all_time = 3320\n\n    @pytest.mark.parametrize('case_id, link_item, amount, weight, standard, in_time, all_time', [\n        (\"TD 015\", bundeks_25, 1, 30, 650, 2390, 3320),\n        pytest.param(\n            \"TD 016\", aksolit_30, 8, 300, 650, 2390, 3320,\n            marks=pytest.mark.xfail(reson=\"Цена доставки: - - -\")\n        ),\n        (\"TD 017\", aksolit_30, 13, 400, 650, 2390, 3320),\n        (\"TD 018\", aksolit_30, 16, 500, 850, 2490, 3320),\n        (\"TD 019\", aksolit_30, 25, 1700, 1150, 2490, 3320),\n        (\"TD 020\", aksolit_30, 66, 2000, 1500, 2990, 3650),\n        (\"TD 021\", aksolit_30, 149, 4500, 2600, 4380, 4890),\n        (\"TD 022\", aksolit_30, 166, 5000, 2800, 5490, 5980),\n        pytest.param(\n            \"TD 023\", aksolit_30, 206, 6200, 3300, 7500, 8000,\n            marks=pytest.mark.xfail(reson=\"Цена доставки: 4300 9900 11440\")\n        ),\n        (\"TD 024\", aksolit_30, 299, 9000, 4300, 9900, 11440),\n        (\"TD 025\", aksolit_30, 333, 10000, 7000, 13900, 15900),\n        pytest.param(\n            \"TD 026\", aksolit_30, 366, 11000, 8000, 14900, 19900,\n            marks=pytest.mark.xfail(reson=\"Цена доставки: 7000 13900 15900\")\n        ),\n        pytest.param(\n            \"TD 027\", aksolit_30, 666, 20000, 14000, 16900, 23900,\n            marks=pytest.mark.xfail(reson=\"Цена доставки: 7000 13900 15900\")\n        )\n    ])\n    @pytest.mark.xfail\n    @pytest.mark.smoke_test\n    def test_positive_delivery_blue_zone_smoke(\n            self, driver, url, case_id, link_item, amount, weight, standard, in_time, all_time\n    ):\n        allure.dynamic.title(f\"{case_id} Доставка товара весом до {weight}кг. в синей зоне\")\n    \n        driver.get(f'{url}{link_item}')\n        item_page = ItemPage(driver)\n>       item_page.add_item_to_cart(amount).click_on_cart()\n\ntests/delivery/test_delivery_calculation.py:132: \n_ _ _ _ _ _ _ _ _ _ _ _ _ _ _ _ _ _ _ _ _ _ _ _ _ _ _ _ _ _ _ _ _ _ _ _ _ _ _ _ \npages/item_page.py:40: in add_item_to_cart\n    self.find_element(self._add_item).click()\nbase/seleniumbase.py:17: in find_element\n    return self.driver.find_element(*locator)\n/usr/local/lib/python3.11/site-packages/selenium/webdriver/remote/webdriver.py:739: in find_element\n    return self.execute(Command.FIND_ELEMENT, {\"using\": by, \"value\": value})[\"value\"]\n/usr/local/lib/python3.11/site-packages/selenium/webdriver/remote/webdriver.py:345: in execute\n    self.error_handler.check_response(response)\n_ _ _ _ _ _ _ _ _ _ _ _ _ _ _ _ _ _ _ _ _ _ _ _ _ _ _ _ _ _ _ _ _ _ _ _ _ _ _ _ \n\nself = <selenium.webdriver.remote.errorhandler.ErrorHandler object at 0x7f5ae5e60350>\nresponse = {'status': 404, 'value': '{\"value\":{\"error\":\"no such element\",\"message\":\"no such element: Unable to locate element: {\\...\\\\n#16 0x55c6893c5090 \\\\u003Cunknown>\\\\n#17 0x55c6893d44ec \\\\u003Cunknown>\\\\n#18 0x7fe945a27134 \\\\u003Cunknown>\\\\n\"}}'}\n\n    def check_response(self, response: Dict[str, Any]) -> None:\n        \"\"\"Checks that a JSON response from the WebDriver does not have an\n        error.\n    \n        :Args:\n         - response - The JSON response from the WebDriver server as a dictionary\n           object.\n    \n        :Raises: If the response contains an error message.\n        \"\"\"\n        status = response.get(\"status\", None)\n        if not status or status == ErrorCode.SUCCESS:\n            return\n        value = None\n        message = response.get(\"message\", \"\")\n        screen: str = response.get(\"screen\", \"\")\n        stacktrace = None\n        if isinstance(status, int):\n            value_json = response.get(\"value\", None)\n            if value_json and isinstance(value_json, str):\n                import json\n    \n                try:\n                    value = json.loads(value_json)\n                    if len(value) == 1:\n                        value = value[\"value\"]\n                    status = value.get(\"error\", None)\n                    if not status:\n                        status = value.get(\"status\", ErrorCode.UNKNOWN_ERROR)\n                        message = value.get(\"value\") or value.get(\"message\")\n                        if not isinstance(message, str):\n                            value = message\n                            message = message.get(\"message\")\n                    else:\n                        message = value.get(\"message\", None)\n                except ValueError:\n                    pass\n    \n        exception_class: Type[WebDriverException]\n        e = ErrorCode()\n        error_codes = [item for item in dir(e) if not item.startswith(\"__\")]\n        for error_code in error_codes:\n            error_info = getattr(ErrorCode, error_code)\n            if isinstance(error_info, list) and status in error_info:\n                exception_class = getattr(ExceptionMapping, error_code, WebDriverException)\n                break\n        else:\n            exception_class = WebDriverException\n    \n        if not value:\n            value = response[\"value\"]\n        if isinstance(value, str):\n            raise exception_class(value)\n        if message == \"\" and \"message\" in value:\n            message = value[\"message\"]\n    \n        screen = None  # type: ignore[assignment]\n        if \"screen\" in value:\n            screen = value[\"screen\"]\n    \n        stacktrace = None\n        st_value = value.get(\"stackTrace\") or value.get(\"stacktrace\")\n        if st_value:\n            if isinstance(st_value, str):\n                stacktrace = st_value.split(\"\\n\")\n            else:\n                stacktrace = []\n                try:\n                    for frame in st_value:\n                        line = frame.get(\"lineNumber\", \"\")\n                        file = frame.get(\"fileName\", \"<anonymous>\")\n                        if line:\n                            file = f\"{file}:{line}\"\n                        meth = frame.get(\"methodName\", \"<anonymous>\")\n                        if \"className\" in frame:\n                            meth = f\"{frame['className']}.{meth}\"\n                        msg = \"    at %s (%s)\"\n                        msg = msg % (meth, file)\n                        stacktrace.append(msg)\n                except TypeError:\n                    pass\n        if exception_class == UnexpectedAlertPresentException:\n            alert_text = None\n            if \"data\" in value:\n                alert_text = value[\"data\"].get(\"text\")\n            elif \"alert\" in value:\n                alert_text = value[\"alert\"].get(\"text\")\n            raise exception_class(message, screen, stacktrace, alert_text)  # type: ignore[call-arg]  # mypy is not smart enough here\n>       raise exception_class(message, screen, stacktrace)\nE       selenium.common.exceptions.NoSuchElementException: Message: no such element: Unable to locate element: {\"method\":\"xpath\",\"selector\":\"(//a[@class='add-to-cart yellow-btn'])[1]\"}\nE         (Session info: chrome-headless-shell=127.0.6533.88); For documentation on this error, please visit: https://www.selenium.dev/documentation/webdriver/troubleshooting/errors#no-such-element-exception\nE       Stacktrace:\nE       #0 0x55c6893d571a <unknown>\nE       #1 0x55c6890a6640 <unknown>\nE       #2 0x55c6890f5c0b <unknown>\nE       #3 0x55c6890f5ef1 <unknown>\nE       #4 0x55c689139b64 <unknown>\nE       #5 0x55c68911890d <unknown>\nE       #6 0x55c68913708a <unknown>\nE       #7 0x55c689118683 <unknown>\nE       #8 0x55c6890e8d71 <unknown>\nE       #9 0x55c6890e97de <unknown>\nE       #10 0x55c68939d2ab <unknown>\nE       #11 0x55c6893a1242 <unknown>\nE       #12 0x55c68938a665 <unknown>\nE       #13 0x55c6893a1dd2 <unknown>\nE       #14 0x55c68936f2af <unknown>\nE       #15 0x55c6893c4eb8 <unknown>\nE       #16 0x55c6893c5090 <unknown>\nE       #17 0x55c6893d44ec <unknown>\nE       #18 0x7fe945a27134 <unknown>\n\n/usr/local/lib/python3.11/site-packages/selenium/webdriver/remote/errorhandler.py:229: NoSuchElementException","flaky":false,"newFailed":false,"newBroken":false,"newPassed":false,"retriesCount":0,"retriesStatusChange":false,"beforeStages":[{"name":"_session_faker","time":{"start":1722560188739,"stop":1722560188810,"duration":71},"status":"passed","steps":[],"attachments":[],"parameters":[],"shouldDisplayMessage":false,"stepsCount":0,"attachmentsCount":0,"hasContent":false,"attachmentStep":false},{"name":"clear_allure_results_folder","time":{"start":1722560188810,"stop":1722560188810,"duration":0},"status":"passed","steps":[],"attachments":[],"parameters":[],"shouldDisplayMessage":false,"stepsCount":0,"attachmentsCount":0,"hasContent":false,"attachmentStep":false},{"name":"driver","time":{"start":1722560439115,"stop":1722560439809,"duration":694},"status":"passed","steps":[],"attachments":[],"parameters":[],"shouldDisplayMessage":false,"stepsCount":0,"attachmentsCount":0,"hasContent":false,"attachmentStep":false},{"name":"setup","time":{"start":1722560439809,"stop":1722560439809,"duration":0},"status":"passed","steps":[],"attachments":[],"parameters":[],"shouldDisplayMessage":false,"stepsCount":0,"attachmentsCount":0,"hasContent":false,"attachmentStep":false}],"testStage":{"status":"skipped","statusMessage":"XFAIL\n\nselenium.common.exceptions.NoSuchElementException: Message: no such element: Unable to locate element: {\"method\":\"xpath\",\"selector\":\"(//a[@class='add-to-cart yellow-btn'])[1]\"}\n  (Session info: chrome-headless-shell=127.0.6533.88); For documentation on this error, please visit: https://www.selenium.dev/documentation/webdriver/troubleshooting/errors#no-such-element-exception\nStacktrace:\n#0 0x55c6893d571a <unknown>\n#1 0x55c6890a6640 <unknown>\n#2 0x55c6890f5c0b <unknown>\n#3 0x55c6890f5ef1 <unknown>\n#4 0x55c689139b64 <unknown>\n#5 0x55c68911890d <unknown>\n#6 0x55c68913708a <unknown>\n#7 0x55c689118683 <unknown>\n#8 0x55c6890e8d71 <unknown>\n#9 0x55c6890e97de <unknown>\n#10 0x55c68939d2ab <unknown>\n#11 0x55c6893a1242 <unknown>\n#12 0x55c68938a665 <unknown>\n#13 0x55c6893a1dd2 <unknown>\n#14 0x55c68936f2af <unknown>\n#15 0x55c6893c4eb8 <unknown>\n#16 0x55c6893c5090 <unknown>\n#17 0x55c6893d44ec <unknown>\n#18 0x7fe945a27134 <unknown>","statusTrace":"self = <tests.delivery.test_delivery_calculation.TestDeliveryPageCalculation object at 0x7f5ae5d35dd0>\ndriver = <selenium.webdriver.chrome.webdriver.WebDriver (session=\"d5d1c673bcd06ba55f4f12c3716e4a5a\")>\nurl = 'https://sandboxtest.stroyrem-nn.ru/', case_id = 'TD 019'\nlink_item = 'products/shtukaturka-gipsovaya-aksolit-m50-30-kg-mashinnogo-naneseniya'\namount = 25, weight = 1700, standard = 1150, in_time = 2490, all_time = 3320\n\n    @pytest.mark.parametrize('case_id, link_item, amount, weight, standard, in_time, all_time', [\n        (\"TD 015\", bundeks_25, 1, 30, 650, 2390, 3320),\n        pytest.param(\n            \"TD 016\", aksolit_30, 8, 300, 650, 2390, 3320,\n            marks=pytest.mark.xfail(reson=\"Цена доставки: - - -\")\n        ),\n        (\"TD 017\", aksolit_30, 13, 400, 650, 2390, 3320),\n        (\"TD 018\", aksolit_30, 16, 500, 850, 2490, 3320),\n        (\"TD 019\", aksolit_30, 25, 1700, 1150, 2490, 3320),\n        (\"TD 020\", aksolit_30, 66, 2000, 1500, 2990, 3650),\n        (\"TD 021\", aksolit_30, 149, 4500, 2600, 4380, 4890),\n        (\"TD 022\", aksolit_30, 166, 5000, 2800, 5490, 5980),\n        pytest.param(\n            \"TD 023\", aksolit_30, 206, 6200, 3300, 7500, 8000,\n            marks=pytest.mark.xfail(reson=\"Цена доставки: 4300 9900 11440\")\n        ),\n        (\"TD 024\", aksolit_30, 299, 9000, 4300, 9900, 11440),\n        (\"TD 025\", aksolit_30, 333, 10000, 7000, 13900, 15900),\n        pytest.param(\n            \"TD 026\", aksolit_30, 366, 11000, 8000, 14900, 19900,\n            marks=pytest.mark.xfail(reson=\"Цена доставки: 7000 13900 15900\")\n        ),\n        pytest.param(\n            \"TD 027\", aksolit_30, 666, 20000, 14000, 16900, 23900,\n            marks=pytest.mark.xfail(reson=\"Цена доставки: 7000 13900 15900\")\n        )\n    ])\n    @pytest.mark.xfail\n    @pytest.mark.smoke_test\n    def test_positive_delivery_blue_zone_smoke(\n            self, driver, url, case_id, link_item, amount, weight, standard, in_time, all_time\n    ):\n        allure.dynamic.title(f\"{case_id} Доставка товара весом до {weight}кг. в синей зоне\")\n    \n        driver.get(f'{url}{link_item}')\n        item_page = ItemPage(driver)\n>       item_page.add_item_to_cart(amount).click_on_cart()\n\ntests/delivery/test_delivery_calculation.py:132: \n_ _ _ _ _ _ _ _ _ _ _ _ _ _ _ _ _ _ _ _ _ _ _ _ _ _ _ _ _ _ _ _ _ _ _ _ _ _ _ _ \npages/item_page.py:40: in add_item_to_cart\n    self.find_element(self._add_item).click()\nbase/seleniumbase.py:17: in find_element\n    return self.driver.find_element(*locator)\n/usr/local/lib/python3.11/site-packages/selenium/webdriver/remote/webdriver.py:739: in find_element\n    return self.execute(Command.FIND_ELEMENT, {\"using\": by, \"value\": value})[\"value\"]\n/usr/local/lib/python3.11/site-packages/selenium/webdriver/remote/webdriver.py:345: in execute\n    self.error_handler.check_response(response)\n_ _ _ _ _ _ _ _ _ _ _ _ _ _ _ _ _ _ _ _ _ _ _ _ _ _ _ _ _ _ _ _ _ _ _ _ _ _ _ _ \n\nself = <selenium.webdriver.remote.errorhandler.ErrorHandler object at 0x7f5ae5e60350>\nresponse = {'status': 404, 'value': '{\"value\":{\"error\":\"no such element\",\"message\":\"no such element: Unable to locate element: {\\...\\\\n#16 0x55c6893c5090 \\\\u003Cunknown>\\\\n#17 0x55c6893d44ec \\\\u003Cunknown>\\\\n#18 0x7fe945a27134 \\\\u003Cunknown>\\\\n\"}}'}\n\n    def check_response(self, response: Dict[str, Any]) -> None:\n        \"\"\"Checks that a JSON response from the WebDriver does not have an\n        error.\n    \n        :Args:\n         - response - The JSON response from the WebDriver server as a dictionary\n           object.\n    \n        :Raises: If the response contains an error message.\n        \"\"\"\n        status = response.get(\"status\", None)\n        if not status or status == ErrorCode.SUCCESS:\n            return\n        value = None\n        message = response.get(\"message\", \"\")\n        screen: str = response.get(\"screen\", \"\")\n        stacktrace = None\n        if isinstance(status, int):\n            value_json = response.get(\"value\", None)\n            if value_json and isinstance(value_json, str):\n                import json\n    \n                try:\n                    value = json.loads(value_json)\n                    if len(value) == 1:\n                        value = value[\"value\"]\n                    status = value.get(\"error\", None)\n                    if not status:\n                        status = value.get(\"status\", ErrorCode.UNKNOWN_ERROR)\n                        message = value.get(\"value\") or value.get(\"message\")\n                        if not isinstance(message, str):\n                            value = message\n                            message = message.get(\"message\")\n                    else:\n                        message = value.get(\"message\", None)\n                except ValueError:\n                    pass\n    \n        exception_class: Type[WebDriverException]\n        e = ErrorCode()\n        error_codes = [item for item in dir(e) if not item.startswith(\"__\")]\n        for error_code in error_codes:\n            error_info = getattr(ErrorCode, error_code)\n            if isinstance(error_info, list) and status in error_info:\n                exception_class = getattr(ExceptionMapping, error_code, WebDriverException)\n                break\n        else:\n            exception_class = WebDriverException\n    \n        if not value:\n            value = response[\"value\"]\n        if isinstance(value, str):\n            raise exception_class(value)\n        if message == \"\" and \"message\" in value:\n            message = value[\"message\"]\n    \n        screen = None  # type: ignore[assignment]\n        if \"screen\" in value:\n            screen = value[\"screen\"]\n    \n        stacktrace = None\n        st_value = value.get(\"stackTrace\") or value.get(\"stacktrace\")\n        if st_value:\n            if isinstance(st_value, str):\n                stacktrace = st_value.split(\"\\n\")\n            else:\n                stacktrace = []\n                try:\n                    for frame in st_value:\n                        line = frame.get(\"lineNumber\", \"\")\n                        file = frame.get(\"fileName\", \"<anonymous>\")\n                        if line:\n                            file = f\"{file}:{line}\"\n                        meth = frame.get(\"methodName\", \"<anonymous>\")\n                        if \"className\" in frame:\n                            meth = f\"{frame['className']}.{meth}\"\n                        msg = \"    at %s (%s)\"\n                        msg = msg % (meth, file)\n                        stacktrace.append(msg)\n                except TypeError:\n                    pass\n        if exception_class == UnexpectedAlertPresentException:\n            alert_text = None\n            if \"data\" in value:\n                alert_text = value[\"data\"].get(\"text\")\n            elif \"alert\" in value:\n                alert_text = value[\"alert\"].get(\"text\")\n            raise exception_class(message, screen, stacktrace, alert_text)  # type: ignore[call-arg]  # mypy is not smart enough here\n>       raise exception_class(message, screen, stacktrace)\nE       selenium.common.exceptions.NoSuchElementException: Message: no such element: Unable to locate element: {\"method\":\"xpath\",\"selector\":\"(//a[@class='add-to-cart yellow-btn'])[1]\"}\nE         (Session info: chrome-headless-shell=127.0.6533.88); For documentation on this error, please visit: https://www.selenium.dev/documentation/webdriver/troubleshooting/errors#no-such-element-exception\nE       Stacktrace:\nE       #0 0x55c6893d571a <unknown>\nE       #1 0x55c6890a6640 <unknown>\nE       #2 0x55c6890f5c0b <unknown>\nE       #3 0x55c6890f5ef1 <unknown>\nE       #4 0x55c689139b64 <unknown>\nE       #5 0x55c68911890d <unknown>\nE       #6 0x55c68913708a <unknown>\nE       #7 0x55c689118683 <unknown>\nE       #8 0x55c6890e8d71 <unknown>\nE       #9 0x55c6890e97de <unknown>\nE       #10 0x55c68939d2ab <unknown>\nE       #11 0x55c6893a1242 <unknown>\nE       #12 0x55c68938a665 <unknown>\nE       #13 0x55c6893a1dd2 <unknown>\nE       #14 0x55c68936f2af <unknown>\nE       #15 0x55c6893c4eb8 <unknown>\nE       #16 0x55c6893c5090 <unknown>\nE       #17 0x55c6893d44ec <unknown>\nE       #18 0x7fe945a27134 <unknown>\n\n/usr/local/lib/python3.11/site-packages/selenium/webdriver/remote/errorhandler.py:229: NoSuchElementException","steps":[{"name":"Добавляем товар в корзину в количестве 25","time":{"start":1722560440100,"stop":1722560440118,"duration":18},"status":"broken","statusMessage":"selenium.common.exceptions.NoSuchElementException: Message: no such element: Unable to locate element: {\"method\":\"xpath\",\"selector\":\"(//a[@class='add-to-cart yellow-btn'])[1]\"}\n  (Session info: chrome-headless-shell=127.0.6533.88); For documentation on this error, please visit: https://www.selenium.dev/documentation/webdriver/troubleshooting/errors#no-such-element-exception\nStacktrace:\n#0 0x55c6893d571a <unknown>\n#1 0x55c6890a6640 <unknown>\n#2 0x55c6890f5c0b <unknown>\n#3 0x55c6890f5ef1 <unknown>\n#4 0x55c689139b64 <unknown>\n#5 0x55c68911890d <unknown>\n#6 0x55c68913708a <unknown>\n#7 0x55c689118683 <unknown>\n#8 0x55c6890e8d71 <unknown>\n#9 0x55c6890e97de <unknown>\n#10 0x55c68939d2ab <unknown>\n#11 0x55c6893a1242 <unknown>\n#12 0x55c68938a665 <unknown>\n#13 0x55c6893a1dd2 <unknown>\n#14 0x55c68936f2af <unknown>\n#15 0x55c6893c4eb8 <unknown>\n#16 0x55c6893c5090 <unknown>\n#17 0x55c6893d44ec <unknown>\n#18 0x7fe945a27134 <unknown>\n\n","statusTrace":"  File \"/usr/local/lib/python3.11/site-packages/allure_commons/_allure.py\", line 192, in impl\n    return func(*a, **kw)\n           ^^^^^^^^^^^^^^\n  File \"/app/pages/item_page.py\", line 40, in add_item_to_cart\n    self.find_element(self._add_item).click()\n    ^^^^^^^^^^^^^^^^^^^^^^^^^^^^^^^^^\n  File \"/app/base/seleniumbase.py\", line 17, in find_element\n    return self.driver.find_element(*locator)\n           ^^^^^^^^^^^^^^^^^^^^^^^^^^^^^^^^^^\n  File \"/usr/local/lib/python3.11/site-packages/selenium/webdriver/remote/webdriver.py\", line 739, in find_element\n    return self.execute(Command.FIND_ELEMENT, {\"using\": by, \"value\": value})[\"value\"]\n           ^^^^^^^^^^^^^^^^^^^^^^^^^^^^^^^^^^^^^^^^^^^^^^^^^^^^^^^^^^^^^^^^^\n  File \"/usr/local/lib/python3.11/site-packages/selenium/webdriver/remote/webdriver.py\", line 345, in execute\n    self.error_handler.check_response(response)\n  File \"/usr/local/lib/python3.11/site-packages/selenium/webdriver/remote/errorhandler.py\", line 229, in check_response\n    raise exception_class(message, screen, stacktrace)\n","steps":[],"attachments":[],"parameters":[{"name":"amount","value":"25"}],"shouldDisplayMessage":true,"stepsCount":0,"attachmentsCount":0,"hasContent":true,"attachmentStep":false}],"attachments":[{"uid":"1dc5b15ac76de8c4","name":"Screenshot","source":"1dc5b15ac76de8c4.png","type":"image/png","size":4720},{"uid":"6909ba9381fbbd8d","name":"HTML source","source":"6909ba9381fbbd8d.html","type":"text/html","size":39}],"parameters":[],"shouldDisplayMessage":true,"stepsCount":1,"attachmentsCount":2,"hasContent":true,"attachmentStep":false},"afterStages":[{"name":"driver::0","time":{"start":1722560440214,"stop":1722560440274,"duration":60},"status":"passed","steps":[],"attachments":[],"parameters":[],"shouldDisplayMessage":false,"stepsCount":0,"attachmentsCount":0,"hasContent":false,"attachmentStep":false},{"name":"setup::0","time":{"start":1722560440214,"stop":1722560440214,"duration":0},"status":"passed","steps":[],"attachments":[],"parameters":[],"shouldDisplayMessage":false,"stepsCount":0,"attachmentsCount":0,"hasContent":false,"attachmentStep":false}],"labels":[{"name":"epic","value":"Delivery Page - calculation"},{"name":"tag","value":"smoke_test"},{"name":"tag","value":"@pytest.mark.xfail"},{"name":"parentSuite","value":"tests.delivery"},{"name":"suite","value":"test_delivery_calculation"},{"name":"subSuite","value":"TestDeliveryPageCalculation"},{"name":"host","value":"652cf8e9dbde"},{"name":"thread","value":"1-MainThread"},{"name":"framework","value":"pytest"},{"name":"language","value":"cpython3"},{"name":"package","value":"tests.delivery.test_delivery_calculation"},{"name":"resultFormat","value":"allure2"}],"parameters":[{"name":"all_time","value":"3320"},{"name":"amount","value":"25"},{"name":"case_id","value":"'TD 019'"},{"name":"in_time","value":"2490"},{"name":"link_item","value":"'products/shtukaturka-gipsovaya-aksolit-m50-30-kg-mashinnogo-naneseniya'"},{"name":"standard","value":"1150"},{"name":"url","value":"'https://sandboxtest.stroyrem-nn.ru/'"},{"name":"weight","value":"1700"}],"links":[],"hidden":false,"retry":false,"extra":{"severity":"normal","retries":[],"categories":[],"history":{"statistic":{"failed":0,"broken":0,"skipped":65,"passed":0,"unknown":0,"total":65},"items":[{"uid":"b06c177fcf1cbc20","reportUrl":"https://Nat754.github.io/StroyremAutomation/386//#testresult/b06c177fcf1cbc20","status":"skipped","statusDetails":"XFAIL\n\nselenium.common.exceptions.NoSuchElementException: Message: no such element: Unable to locate element: {\"method\":\"xpath\",\"selector\":\"(//a[@class='add-to-cart yellow-btn'])[1]\"}\n  (Session info: chrome-headless-shell=127.0.6533.88); For documentation on this error, please visit: https://www.selenium.dev/documentation/webdriver/troubleshooting/errors#no-such-element-exception\nStacktrace:\n#0 0x55f4c570371a <unknown>\n#1 0x55f4c53d4640 <unknown>\n#2 0x55f4c5423c0b <unknown>\n#3 0x55f4c5423ef1 <unknown>\n#4 0x55f4c5467b64 <unknown>\n#5 0x55f4c544690d <unknown>\n#6 0x55f4c546508a <unknown>\n#7 0x55f4c5446683 <unknown>\n#8 0x55f4c5416d71 <unknown>\n#9 0x55f4c54177de <unknown>\n#10 0x55f4c56cb2ab <unknown>\n#11 0x55f4c56cf242 <unknown>\n#12 0x55f4c56b8665 <unknown>\n#13 0x55f4c56cfdd2 <unknown>\n#14 0x55f4c569d2af <unknown>\n#15 0x55f4c56f2eb8 <unknown>\n#16 0x55f4c56f3090 <unknown>\n#17 0x55f4c57024ec <unknown>\n#18 0x7f1c32fda134 <unknown>","time":{"start":1722474345188,"stop":1722474345519,"duration":331}},{"uid":"b77e2b38db2d78df","reportUrl":"https://Nat754.github.io/StroyremAutomation/385//#testresult/b77e2b38db2d78df","status":"skipped","statusDetails":"XFAIL\n\nselenium.common.exceptions.NoSuchElementException: Message: no such element: Unable to locate element: {\"method\":\"xpath\",\"selector\":\"(//a[@class='add-to-cart yellow-btn'])[1]\"}\n  (Session info: chrome-headless-shell=127.0.6533.88); For documentation on this error, please visit: https://www.selenium.dev/documentation/webdriver/troubleshooting/errors#no-such-element-exception\nStacktrace:\n#0 0x55bd08d8d71a <unknown>\n#1 0x55bd08a5e640 <unknown>\n#2 0x55bd08aadc0b <unknown>\n#3 0x55bd08aadef1 <unknown>\n#4 0x55bd08af1b64 <unknown>\n#5 0x55bd08ad090d <unknown>\n#6 0x55bd08aef08a <unknown>\n#7 0x55bd08ad0683 <unknown>\n#8 0x55bd08aa0d71 <unknown>\n#9 0x55bd08aa17de <unknown>\n#10 0x55bd08d552ab <unknown>\n#11 0x55bd08d59242 <unknown>\n#12 0x55bd08d42665 <unknown>\n#13 0x55bd08d59dd2 <unknown>\n#14 0x55bd08d272af <unknown>\n#15 0x55bd08d7ceb8 <unknown>\n#16 0x55bd08d7d090 <unknown>\n#17 0x55bd08d8c4ec <unknown>\n#18 0x7fe0215c6134 <unknown>","time":{"start":1722387039788,"stop":1722387040196,"duration":408}},{"uid":"97eae2f777804845","reportUrl":"https://Nat754.github.io/StroyremAutomation/384//#testresult/97eae2f777804845","status":"skipped","statusDetails":"XFAIL\n\nselenium.common.exceptions.NoSuchElementException: Message: no such element: Unable to locate element: {\"method\":\"xpath\",\"selector\":\"(//a[@class='add-to-cart yellow-btn'])[1]\"}\n  (Session info: chrome-headless-shell=127.0.6533.72); For documentation on this error, please visit: https://www.selenium.dev/documentation/webdriver/troubleshooting/errors#no-such-element-exception\nStacktrace:\n#0 0x55e17d07c6ba <unknown>\n#1 0x55e17cd4c730 <unknown>\n#2 0x55e17cd9bd9b <unknown>\n#3 0x55e17cd9c081 <unknown>\n#4 0x55e17cddfcd4 <unknown>\n#5 0x55e17cdbea7d <unknown>\n#6 0x55e17cddd1ca <unknown>\n#7 0x55e17cdbe7f3 <unknown>\n#8 0x55e17cd8eec9 <unknown>\n#9 0x55e17cd8f91e <unknown>\n#10 0x55e17d0429eb <unknown>\n#11 0x55e17d046972 <unknown>\n#12 0x55e17d02fe15 <unknown>\n#13 0x55e17d047502 <unknown>\n#14 0x55e17d014d2f <unknown>\n#15 0x55e17d06b578 <unknown>\n#16 0x55e17d06b750 <unknown>\n#17 0x55e17d07b48c <unknown>\n#18 0x7f48b996e134 <unknown>","time":{"start":1722301224975,"stop":1722301225388,"duration":413}},{"uid":"3a1e26185c6d5c15","reportUrl":"https://Nat754.github.io/StroyremAutomation/383//#testresult/3a1e26185c6d5c15","status":"skipped","statusDetails":"XFAIL\n\nselenium.common.exceptions.NoSuchElementException: Message: no such element: Unable to locate element: {\"method\":\"xpath\",\"selector\":\"(//a[@class='add-to-cart yellow-btn'])[1]\"}\n  (Session info: chrome-headless-shell=127.0.6533.72); For documentation on this error, please visit: https://www.selenium.dev/documentation/webdriver/troubleshooting/errors#no-such-element-exception\nStacktrace:\n#0 0x55c6fec9a6ba <unknown>\n#1 0x55c6fe96a730 <unknown>\n#2 0x55c6fe9b9d9b <unknown>\n#3 0x55c6fe9ba081 <unknown>\n#4 0x55c6fe9fdcd4 <unknown>\n#5 0x55c6fe9dca7d <unknown>\n#6 0x55c6fe9fb1ca <unknown>\n#7 0x55c6fe9dc7f3 <unknown>\n#8 0x55c6fe9acec9 <unknown>\n#9 0x55c6fe9ad91e <unknown>\n#10 0x55c6fec609eb <unknown>\n#11 0x55c6fec64972 <unknown>\n#12 0x55c6fec4de15 <unknown>\n#13 0x55c6fec65502 <unknown>\n#14 0x55c6fec32d2f <unknown>\n#15 0x55c6fec89578 <unknown>\n#16 0x55c6fec89750 <unknown>\n#17 0x55c6fec9948c <unknown>\n#18 0x7f34fb57e134 <unknown>","time":{"start":1722214918649,"stop":1722214918948,"duration":299}},{"uid":"63d383af023630bf","reportUrl":"https://Nat754.github.io/StroyremAutomation/382//#testresult/63d383af023630bf","status":"skipped","statusDetails":"XFAIL\n\nselenium.common.exceptions.NoSuchElementException: Message: no such element: Unable to locate element: {\"method\":\"xpath\",\"selector\":\"(//a[@class='add-to-cart yellow-btn'])[1]\"}\n  (Session info: chrome-headless-shell=127.0.6533.72); For documentation on this error, please visit: https://www.selenium.dev/documentation/webdriver/troubleshooting/errors#no-such-element-exception\nStacktrace:\n#0 0x558ea89106ba <unknown>\n#1 0x558ea85e0730 <unknown>\n#2 0x558ea862fd9b <unknown>\n#3 0x558ea8630081 <unknown>\n#4 0x558ea8673cd4 <unknown>\n#5 0x558ea8652a7d <unknown>\n#6 0x558ea86711ca <unknown>\n#7 0x558ea86527f3 <unknown>\n#8 0x558ea8622ec9 <unknown>\n#9 0x558ea862391e <unknown>\n#10 0x558ea88d69eb <unknown>\n#11 0x558ea88da972 <unknown>\n#12 0x558ea88c3e15 <unknown>\n#13 0x558ea88db502 <unknown>\n#14 0x558ea88a8d2f <unknown>\n#15 0x558ea88ff578 <unknown>\n#16 0x558ea88ff750 <unknown>\n#17 0x558ea890f48c <unknown>\n#18 0x7f42ce053134 <unknown>","time":{"start":1722128712978,"stop":1722128713305,"duration":327}},{"uid":"1cac8d4a852f1793","reportUrl":"https://Nat754.github.io/StroyremAutomation/381//#testresult/1cac8d4a852f1793","status":"skipped","statusDetails":"XFAIL\n\nselenium.common.exceptions.NoSuchElementException: Message: no such element: Unable to locate element: {\"method\":\"xpath\",\"selector\":\"(//a[@class='add-to-cart yellow-btn'])[1]\"}\n  (Session info: chrome-headless-shell=127.0.6533.72); For documentation on this error, please visit: https://www.selenium.dev/documentation/webdriver/troubleshooting/errors#no-such-element-exception\nStacktrace:\n#0 0x56106411e6ba <unknown>\n#1 0x561063dee730 <unknown>\n#2 0x561063e3dd9b <unknown>\n#3 0x561063e3e081 <unknown>\n#4 0x561063e81cd4 <unknown>\n#5 0x561063e60a7d <unknown>\n#6 0x561063e7f1ca <unknown>\n#7 0x561063e607f3 <unknown>\n#8 0x561063e30ec9 <unknown>\n#9 0x561063e3191e <unknown>\n#10 0x5610640e49eb <unknown>\n#11 0x5610640e8972 <unknown>\n#12 0x5610640d1e15 <unknown>\n#13 0x5610640e9502 <unknown>\n#14 0x5610640b6d2f <unknown>\n#15 0x56106410d578 <unknown>\n#16 0x56106410d750 <unknown>\n#17 0x56106411d48c <unknown>\n#18 0x7ffae3ec4134 <unknown>","time":{"start":1722041980911,"stop":1722041981210,"duration":299}},{"uid":"ace190c1916c95ce","reportUrl":"https://Nat754.github.io/StroyremAutomation/380//#testresult/ace190c1916c95ce","status":"skipped","statusDetails":"XFAIL\n\nselenium.common.exceptions.NoSuchElementException: Message: no such element: Unable to locate element: {\"method\":\"xpath\",\"selector\":\"(//a[@class='add-to-cart yellow-btn'])[1]\"}\n  (Session info: chrome-headless-shell=127.0.6533.72); For documentation on this error, please visit: https://www.selenium.dev/documentation/webdriver/troubleshooting/errors#no-such-element-exception\nStacktrace:\n#0 0x56442855f6ba <unknown>\n#1 0x56442822f730 <unknown>\n#2 0x56442827ed9b <unknown>\n#3 0x56442827f081 <unknown>\n#4 0x5644282c2cd4 <unknown>\n#5 0x5644282a1a7d <unknown>\n#6 0x5644282c01ca <unknown>\n#7 0x5644282a17f3 <unknown>\n#8 0x564428271ec9 <unknown>\n#9 0x56442827291e <unknown>\n#10 0x5644285259eb <unknown>\n#11 0x564428529972 <unknown>\n#12 0x564428512e15 <unknown>\n#13 0x56442852a502 <unknown>\n#14 0x5644284f7d2f <unknown>\n#15 0x56442854e578 <unknown>\n#16 0x56442854e750 <unknown>\n#17 0x56442855e48c <unknown>\n#18 0x7f175a435134 <unknown>","time":{"start":1721955589106,"stop":1721955589537,"duration":431}},{"uid":"304310e68a67845c","reportUrl":"https://Nat754.github.io/StroyremAutomation/379//#testresult/304310e68a67845c","status":"skipped","statusDetails":"XFAIL\n\nselenium.common.exceptions.NoSuchElementException: Message: no such element: Unable to locate element: {\"method\":\"xpath\",\"selector\":\"(//a[@class='add-to-cart yellow-btn'])[1]\"}\n  (Session info: chrome-headless-shell=127.0.6533.72); For documentation on this error, please visit: https://www.selenium.dev/documentation/webdriver/troubleshooting/errors#no-such-element-exception\nStacktrace:\n#0 0x5635237ed6ba <unknown>\n#1 0x5635234bd730 <unknown>\n#2 0x56352350cd9b <unknown>\n#3 0x56352350d081 <unknown>\n#4 0x563523550cd4 <unknown>\n#5 0x56352352fa7d <unknown>\n#6 0x56352354e1ca <unknown>\n#7 0x56352352f7f3 <unknown>\n#8 0x5635234ffec9 <unknown>\n#9 0x56352350091e <unknown>\n#10 0x5635237b39eb <unknown>\n#11 0x5635237b7972 <unknown>\n#12 0x5635237a0e15 <unknown>\n#13 0x5635237b8502 <unknown>\n#14 0x563523785d2f <unknown>\n#15 0x5635237dc578 <unknown>\n#16 0x5635237dc750 <unknown>\n#17 0x5635237ec48c <unknown>\n#18 0x7fa8c3ecd134 <unknown>","time":{"start":1721869266392,"stop":1721869266819,"duration":427}},{"uid":"418391938bcc24ba","reportUrl":"https://Nat754.github.io/StroyremAutomation/378//#testresult/418391938bcc24ba","status":"skipped","statusDetails":"XFAIL\n\nselenium.common.exceptions.NoSuchElementException: Message: no such element: Unable to locate element: {\"method\":\"xpath\",\"selector\":\"(//a[@class='add-to-cart yellow-btn'])[1]\"}\n  (Session info: chrome-headless-shell=127.0.6533.72); For documentation on this error, please visit: https://www.selenium.dev/documentation/webdriver/troubleshooting/errors#no-such-element-exception\nStacktrace:\n#0 0x564ea79056ba <unknown>\n#1 0x564ea75d5730 <unknown>\n#2 0x564ea7624d9b <unknown>\n#3 0x564ea7625081 <unknown>\n#4 0x564ea7668cd4 <unknown>\n#5 0x564ea7647a7d <unknown>\n#6 0x564ea76661ca <unknown>\n#7 0x564ea76477f3 <unknown>\n#8 0x564ea7617ec9 <unknown>\n#9 0x564ea761891e <unknown>\n#10 0x564ea78cb9eb <unknown>\n#11 0x564ea78cf972 <unknown>\n#12 0x564ea78b8e15 <unknown>\n#13 0x564ea78d0502 <unknown>\n#14 0x564ea789dd2f <unknown>\n#15 0x564ea78f4578 <unknown>\n#16 0x564ea78f4750 <unknown>\n#17 0x564ea790448c <unknown>\n#18 0x7fc0bf4ea134 <unknown>","time":{"start":1721782919233,"stop":1721782919637,"duration":404}},{"uid":"3682abd7c5c2a0cb","reportUrl":"https://Nat754.github.io/StroyremAutomation/377//#testresult/3682abd7c5c2a0cb","status":"skipped","statusDetails":"XFAIL\n\nselenium.common.exceptions.NoSuchElementException: Message: no such element: Unable to locate element: {\"method\":\"xpath\",\"selector\":\"(//a[@class='add-to-cart yellow-btn'])[1]\"}\n  (Session info: chrome-headless-shell=126.0.6478.182); For documentation on this error, please visit: https://www.selenium.dev/documentation/webdriver/troubleshooting/errors#no-such-element-exception\nStacktrace:\n#0 0x5647cc8cec5a <unknown>\n#1 0x5647cc5b1e2c <unknown>\n#2 0x5647cc5fe661 <unknown>\n#3 0x5647cc5fe751 <unknown>\n#4 0x5647cc642f64 <unknown>\n#5 0x5647cc6215ed <unknown>\n#6 0x5647cc640303 <unknown>\n#7 0x5647cc621363 <unknown>\n#8 0x5647cc5f1247 <unknown>\n#9 0x5647cc5f1b9e <unknown>\n#10 0x5647cc89522b <unknown>\n#11 0x5647cc8992d1 <unknown>\n#12 0x5647cc880ade <unknown>\n#13 0x5647cc899e32 <unknown>\n#14 0x5647cc86577f <unknown>\n#15 0x5647cc8be618 <unknown>\n#16 0x5647cc8be7f0 <unknown>\n#17 0x5647cc8cdd8c <unknown>\n#18 0x7f749d588134 <unknown>","time":{"start":1721696482801,"stop":1721696483208,"duration":407}},{"uid":"8156296a136b37b0","reportUrl":"https://Nat754.github.io/StroyremAutomation/376//#testresult/8156296a136b37b0","status":"skipped","statusDetails":"XFAIL\n\nselenium.common.exceptions.NoSuchElementException: Message: no such element: Unable to locate element: {\"method\":\"xpath\",\"selector\":\"(//a[@class='add-to-cart yellow-btn'])[1]\"}\n  (Session info: chrome-headless-shell=126.0.6478.182); For documentation on this error, please visit: https://www.selenium.dev/documentation/webdriver/troubleshooting/errors#no-such-element-exception\nStacktrace:\n#0 0x5644ea411c5a <unknown>\n#1 0x5644ea0f4e2c <unknown>\n#2 0x5644ea141661 <unknown>\n#3 0x5644ea141751 <unknown>\n#4 0x5644ea185f64 <unknown>\n#5 0x5644ea1645ed <unknown>\n#6 0x5644ea183303 <unknown>\n#7 0x5644ea164363 <unknown>\n#8 0x5644ea134247 <unknown>\n#9 0x5644ea134b9e <unknown>\n#10 0x5644ea3d822b <unknown>\n#11 0x5644ea3dc2d1 <unknown>\n#12 0x5644ea3c3ade <unknown>\n#13 0x5644ea3dce32 <unknown>\n#14 0x5644ea3a877f <unknown>\n#15 0x5644ea401618 <unknown>\n#16 0x5644ea4017f0 <unknown>\n#17 0x5644ea410d8c <unknown>\n#18 0x7f5c937f5134 <unknown>","time":{"start":1721610173770,"stop":1721610174194,"duration":424}},{"uid":"9fc1e4877d020d20","reportUrl":"https://Nat754.github.io/StroyremAutomation/375//#testresult/9fc1e4877d020d20","status":"skipped","statusDetails":"XFAIL\n\nselenium.common.exceptions.NoSuchElementException: Message: no such element: Unable to locate element: {\"method\":\"xpath\",\"selector\":\"(//a[@class='add-to-cart yellow-btn'])[1]\"}\n  (Session info: chrome-headless-shell=126.0.6478.182); For documentation on this error, please visit: https://www.selenium.dev/documentation/webdriver/troubleshooting/errors#no-such-element-exception\nStacktrace:\n#0 0x561cc5e7fc5a <unknown>\n#1 0x561cc5b62e2c <unknown>\n#2 0x561cc5baf661 <unknown>\n#3 0x561cc5baf751 <unknown>\n#4 0x561cc5bf3f64 <unknown>\n#5 0x561cc5bd25ed <unknown>\n#6 0x561cc5bf1303 <unknown>\n#7 0x561cc5bd2363 <unknown>\n#8 0x561cc5ba2247 <unknown>\n#9 0x561cc5ba2b9e <unknown>\n#10 0x561cc5e4622b <unknown>\n#11 0x561cc5e4a2d1 <unknown>\n#12 0x561cc5e31ade <unknown>\n#13 0x561cc5e4ae32 <unknown>\n#14 0x561cc5e1677f <unknown>\n#15 0x561cc5e6f618 <unknown>\n#16 0x561cc5e6f7f0 <unknown>\n#17 0x561cc5e7ed8c <unknown>\n#18 0x7f300586b134 <unknown>","time":{"start":1721523881211,"stop":1721523881505,"duration":294}},{"uid":"a23ef5c58672bc9c","reportUrl":"https://Nat754.github.io/StroyremAutomation/374//#testresult/a23ef5c58672bc9c","status":"skipped","statusDetails":"XFAIL\n\nselenium.common.exceptions.NoSuchElementException: Message: no such element: Unable to locate element: {\"method\":\"xpath\",\"selector\":\"(//a[@class='add-to-cart yellow-btn'])[1]\"}\n  (Session info: chrome-headless-shell=126.0.6478.182); For documentation on this error, please visit: https://www.selenium.dev/documentation/webdriver/troubleshooting/errors#no-such-element-exception\nStacktrace:\n#0 0x555a59457c5a <unknown>\n#1 0x555a5913ae2c <unknown>\n#2 0x555a59187661 <unknown>\n#3 0x555a59187751 <unknown>\n#4 0x555a591cbf64 <unknown>\n#5 0x555a591aa5ed <unknown>\n#6 0x555a591c9303 <unknown>\n#7 0x555a591aa363 <unknown>\n#8 0x555a5917a247 <unknown>\n#9 0x555a5917ab9e <unknown>\n#10 0x555a5941e22b <unknown>\n#11 0x555a594222d1 <unknown>\n#12 0x555a59409ade <unknown>\n#13 0x555a59422e32 <unknown>\n#14 0x555a593ee77f <unknown>\n#15 0x555a59447618 <unknown>\n#16 0x555a594477f0 <unknown>\n#17 0x555a59456d8c <unknown>\n#18 0x7ff48ee99134 <unknown>","time":{"start":1721437198634,"stop":1721437199024,"duration":390}},{"uid":"2bf2c49da7e9026d","reportUrl":"https://Nat754.github.io/StroyremAutomation/373//#testresult/2bf2c49da7e9026d","status":"skipped","statusDetails":"XFAIL\n\nselenium.common.exceptions.NoSuchElementException: Message: no such element: Unable to locate element: {\"method\":\"xpath\",\"selector\":\"(//a[@class='add-to-cart yellow-btn'])[1]\"}\n  (Session info: chrome-headless-shell=126.0.6478.182); For documentation on this error, please visit: https://www.selenium.dev/documentation/webdriver/troubleshooting/errors#no-such-element-exception\nStacktrace:\n#0 0x55651f26ac5a <unknown>\n#1 0x55651ef4de2c <unknown>\n#2 0x55651ef9a661 <unknown>\n#3 0x55651ef9a751 <unknown>\n#4 0x55651efdef64 <unknown>\n#5 0x55651efbd5ed <unknown>\n#6 0x55651efdc303 <unknown>\n#7 0x55651efbd363 <unknown>\n#8 0x55651ef8d247 <unknown>\n#9 0x55651ef8db9e <unknown>\n#10 0x55651f23122b <unknown>\n#11 0x55651f2352d1 <unknown>\n#12 0x55651f21cade <unknown>\n#13 0x55651f235e32 <unknown>\n#14 0x55651f20177f <unknown>\n#15 0x55651f25a618 <unknown>\n#16 0x55651f25a7f0 <unknown>\n#17 0x55651f269d8c <unknown>\n#18 0x7f83ee193134 <unknown>","time":{"start":1721350845986,"stop":1721350846596,"duration":610}},{"uid":"806453493be8a9d7","reportUrl":"https://Nat754.github.io/StroyremAutomation/372//#testresult/806453493be8a9d7","status":"skipped","statusDetails":"XFAIL\n\nselenium.common.exceptions.NoSuchElementException: Message: no such element: Unable to locate element: {\"method\":\"xpath\",\"selector\":\"(//a[@class='add-to-cart yellow-btn'])[1]\"}\n  (Session info: chrome-headless-shell=126.0.6478.182); For documentation on this error, please visit: https://www.selenium.dev/documentation/webdriver/troubleshooting/errors#no-such-element-exception\nStacktrace:\n#0 0x55996b81ec5a <unknown>\n#1 0x55996b501e2c <unknown>\n#2 0x55996b54e661 <unknown>\n#3 0x55996b54e751 <unknown>\n#4 0x55996b592f64 <unknown>\n#5 0x55996b5715ed <unknown>\n#6 0x55996b590303 <unknown>\n#7 0x55996b571363 <unknown>\n#8 0x55996b541247 <unknown>\n#9 0x55996b541b9e <unknown>\n#10 0x55996b7e522b <unknown>\n#11 0x55996b7e92d1 <unknown>\n#12 0x55996b7d0ade <unknown>\n#13 0x55996b7e9e32 <unknown>\n#14 0x55996b7b577f <unknown>\n#15 0x55996b80e618 <unknown>\n#16 0x55996b80e7f0 <unknown>\n#17 0x55996b81dd8c <unknown>\n#18 0x7f18a7c5c134 <unknown>","time":{"start":1721264419757,"stop":1721264420155,"duration":398}},{"uid":"85181799584618b1","reportUrl":"https://Nat754.github.io/StroyremAutomation/371//#testresult/85181799584618b1","status":"skipped","statusDetails":"XFAIL\n\nselenium.common.exceptions.NoSuchElementException: Message: no such element: Unable to locate element: {\"method\":\"xpath\",\"selector\":\"(//a[@class='add-to-cart yellow-btn'])[1]\"}\n  (Session info: chrome-headless-shell=126.0.6478.182); For documentation on this error, please visit: https://www.selenium.dev/documentation/webdriver/troubleshooting/errors#no-such-element-exception\nStacktrace:\n#0 0x55677ad3dc5a <unknown>\n#1 0x55677aa20e2c <unknown>\n#2 0x55677aa6d661 <unknown>\n#3 0x55677aa6d751 <unknown>\n#4 0x55677aab1f64 <unknown>\n#5 0x55677aa905ed <unknown>\n#6 0x55677aaaf303 <unknown>\n#7 0x55677aa90363 <unknown>\n#8 0x55677aa60247 <unknown>\n#9 0x55677aa60b9e <unknown>\n#10 0x55677ad0422b <unknown>\n#11 0x55677ad082d1 <unknown>\n#12 0x55677acefade <unknown>\n#13 0x55677ad08e32 <unknown>\n#14 0x55677acd477f <unknown>\n#15 0x55677ad2d618 <unknown>\n#16 0x55677ad2d7f0 <unknown>\n#17 0x55677ad3cd8c <unknown>\n#18 0x7f03252f2134 <unknown>","time":{"start":1721178040128,"stop":1721178040426,"duration":298}},{"uid":"f10b6cd59a81177","reportUrl":"https://Nat754.github.io/StroyremAutomation/370//#testresult/f10b6cd59a81177","status":"skipped","statusDetails":"XFAIL\n\nselenium.common.exceptions.NoSuchElementException: Message: no such element: Unable to locate element: {\"method\":\"xpath\",\"selector\":\"(//a[@class='add-to-cart yellow-btn'])[1]\"}\n  (Session info: chrome-headless-shell=126.0.6478.126); For documentation on this error, please visit: https://www.selenium.dev/documentation/webdriver/troubleshooting/errors#no-such-element-exception\nStacktrace:\n#0 0x55846bf0bc7a <unknown>\n#1 0x55846bbeee2c <unknown>\n#2 0x55846bc3b661 <unknown>\n#3 0x55846bc3b751 <unknown>\n#4 0x55846bc7ff64 <unknown>\n#5 0x55846bc5e5ed <unknown>\n#6 0x55846bc7d303 <unknown>\n#7 0x55846bc5e363 <unknown>\n#8 0x55846bc2e247 <unknown>\n#9 0x55846bc2eb9e <unknown>\n#10 0x55846bed224b <unknown>\n#11 0x55846bed62f1 <unknown>\n#12 0x55846bebdafe <unknown>\n#13 0x55846bed6e52 <unknown>\n#14 0x55846bea279f <unknown>\n#15 0x55846befb638 <unknown>\n#16 0x55846befb810 <unknown>\n#17 0x55846bf0adac <unknown>\n#18 0x7fae84cf1134 <unknown>","time":{"start":1721091680916,"stop":1721091681348,"duration":432}},{"uid":"95e5ebbf1f967b04","reportUrl":"https://Nat754.github.io/StroyremAutomation/369//#testresult/95e5ebbf1f967b04","status":"skipped","statusDetails":"XFAIL\n\nselenium.common.exceptions.NoSuchElementException: Message: no such element: Unable to locate element: {\"method\":\"xpath\",\"selector\":\"(//a[@class='add-to-cart yellow-btn'])[1]\"}\n  (Session info: chrome-headless-shell=126.0.6478.126); For documentation on this error, please visit: https://www.selenium.dev/documentation/webdriver/troubleshooting/errors#no-such-element-exception\nStacktrace:\n#0 0x55c37d57bc7a <unknown>\n#1 0x55c37d25ee2c <unknown>\n#2 0x55c37d2ab661 <unknown>\n#3 0x55c37d2ab751 <unknown>\n#4 0x55c37d2eff64 <unknown>\n#5 0x55c37d2ce5ed <unknown>\n#6 0x55c37d2ed303 <unknown>\n#7 0x55c37d2ce363 <unknown>\n#8 0x55c37d29e247 <unknown>\n#9 0x55c37d29eb9e <unknown>\n#10 0x55c37d54224b <unknown>\n#11 0x55c37d5462f1 <unknown>\n#12 0x55c37d52dafe <unknown>\n#13 0x55c37d546e52 <unknown>\n#14 0x55c37d51279f <unknown>\n#15 0x55c37d56b638 <unknown>\n#16 0x55c37d56b810 <unknown>\n#17 0x55c37d57adac <unknown>\n#18 0x7fddcd794134 <unknown>","time":{"start":1721005384667,"stop":1721005385100,"duration":433}},{"uid":"de0d1f04322e3777","reportUrl":"https://Nat754.github.io/StroyremAutomation/368//#testresult/de0d1f04322e3777","status":"skipped","statusDetails":"XFAIL\n\nselenium.common.exceptions.NoSuchElementException: Message: no such element: Unable to locate element: {\"method\":\"xpath\",\"selector\":\"(//a[@class='add-to-cart yellow-btn'])[1]\"}\n  (Session info: chrome-headless-shell=126.0.6478.126); For documentation on this error, please visit: https://www.selenium.dev/documentation/webdriver/troubleshooting/errors#no-such-element-exception\nStacktrace:\n#0 0x5619bf22cc7a <unknown>\n#1 0x5619bef0fe2c <unknown>\n#2 0x5619bef5c661 <unknown>\n#3 0x5619bef5c751 <unknown>\n#4 0x5619befa0f64 <unknown>\n#5 0x5619bef7f5ed <unknown>\n#6 0x5619bef9e303 <unknown>\n#7 0x5619bef7f363 <unknown>\n#8 0x5619bef4f247 <unknown>\n#9 0x5619bef4fb9e <unknown>\n#10 0x5619bf1f324b <unknown>\n#11 0x5619bf1f72f1 <unknown>\n#12 0x5619bf1deafe <unknown>\n#13 0x5619bf1f7e52 <unknown>\n#14 0x5619bf1c379f <unknown>\n#15 0x5619bf21c638 <unknown>\n#16 0x5619bf21c810 <unknown>\n#17 0x5619bf22bdac <unknown>\n#18 0x7fe5527d7134 <unknown>","time":{"start":1720919098463,"stop":1720919098998,"duration":535}},{"uid":"e84e35e943c1b43f","reportUrl":"https://Nat754.github.io/StroyremAutomation/367//#testresult/e84e35e943c1b43f","status":"skipped","statusDetails":"XFAIL\n\nselenium.common.exceptions.NoSuchElementException: Message: no such element: Unable to locate element: {\"method\":\"xpath\",\"selector\":\"(//a[@class='add-to-cart yellow-btn'])[1]\"}\n  (Session info: chrome-headless-shell=126.0.6478.126); For documentation on this error, please visit: https://www.selenium.dev/documentation/webdriver/troubleshooting/errors#no-such-element-exception\nStacktrace:\n#0 0x564637c73c7a <unknown>\n#1 0x564637956e2c <unknown>\n#2 0x5646379a3661 <unknown>\n#3 0x5646379a3751 <unknown>\n#4 0x5646379e7f64 <unknown>\n#5 0x5646379c65ed <unknown>\n#6 0x5646379e5303 <unknown>\n#7 0x5646379c6363 <unknown>\n#8 0x564637996247 <unknown>\n#9 0x564637996b9e <unknown>\n#10 0x564637c3a24b <unknown>\n#11 0x564637c3e2f1 <unknown>\n#12 0x564637c25afe <unknown>\n#13 0x564637c3ee52 <unknown>\n#14 0x564637c0a79f <unknown>\n#15 0x564637c63638 <unknown>\n#16 0x564637c63810 <unknown>\n#17 0x564637c72dac <unknown>\n#18 0x7fd5b9387134 <unknown>","time":{"start":1720832400813,"stop":1720832401106,"duration":293}}]},"tags":["@pytest.mark.xfail","smoke_test"]},"source":"98a085c5582929d3.json","parameterValues":["3320","25","'TD 019'","2490","'products/shtukaturka-gipsovaya-aksolit-m50-30-kg-mashinnogo-naneseniya'","1150","'https://sandboxtest.stroyrem-nn.ru/'","1700"]}