{"uid":"35728101cb451240","name":"test_positive_delivery_green_zone_smoke[TD 013-products/shtukaturka-gipsovaya-aksolit-m50-30-kg-mashinnogo-naneseniya-366-11000-4800-12450-13480-https://sandboxtest.stroyrem-nn.ru/]","fullName":"tests.delivery.test_delivery_calculation.TestDeliveryPageCalculation#test_positive_delivery_green_zone_smoke","historyId":"138a96f7f81216afdff8252a6c5795ca","time":{"start":1720573247389,"stop":1720573247915,"duration":526},"status":"skipped","statusMessage":"XFAIL\n\nselenium.common.exceptions.NoSuchElementException: Message: no such element: Unable to locate element: {\"method\":\"xpath\",\"selector\":\"(//a[@class='add-to-cart yellow-btn'])[1]\"}\n  (Session info: chrome-headless-shell=126.0.6478.126); For documentation on this error, please visit: https://www.selenium.dev/documentation/webdriver/troubleshooting/errors#no-such-element-exception\nStacktrace:\n#0 0x555a4bf91c7a <unknown>\n#1 0x555a4bc74e2c <unknown>\n#2 0x555a4bcc1661 <unknown>\n#3 0x555a4bcc1751 <unknown>\n#4 0x555a4bd05f64 <unknown>\n#5 0x555a4bce45ed <unknown>\n#6 0x555a4bd03303 <unknown>\n#7 0x555a4bce4363 <unknown>\n#8 0x555a4bcb4247 <unknown>\n#9 0x555a4bcb4b9e <unknown>\n#10 0x555a4bf5824b <unknown>\n#11 0x555a4bf5c2f1 <unknown>\n#12 0x555a4bf43afe <unknown>\n#13 0x555a4bf5ce52 <unknown>\n#14 0x555a4bf2879f <unknown>\n#15 0x555a4bf81638 <unknown>\n#16 0x555a4bf81810 <unknown>\n#17 0x555a4bf90dac <unknown>\n#18 0x7ff6ea7c2134 <unknown>","statusTrace":"self = <tests.delivery.test_delivery_calculation.TestDeliveryPageCalculation object at 0x7f89fa083050>\ndriver = <selenium.webdriver.chrome.webdriver.WebDriver (session=\"b8f101cb586206a29d42dc0b4c58f550\")>\nurl = 'https://sandboxtest.stroyrem-nn.ru/', case_id = 'TD 013'\nlink_item = 'products/shtukaturka-gipsovaya-aksolit-m50-30-kg-mashinnogo-naneseniya'\namount = 366, weight = 11000, standard = 4800, in_time = 12450, all_time = 13480\n\n    @pytest.mark.parametrize('case_id, link_item, amount, weight, standard, in_time, all_time', [\n        (\"TD 001\", uroven_3000, 1, 30, 0, 1590, 2190),\n        (\"TD 002\", bundeks_25, 1, 30, 400, 1590, 2190),\n        (\"TD 003\", aksolit_30, 8, 300, 400, 1590, 2190),\n        (\"TD 004\", aksolit_30, 13, 400, 450, 1590, 2190),\n        (\"TD 005\", aksolit_30, 16, 500, 600, 1590, 2190),\n        (\"TD 006\", aksolit_30, 25, 1700, 990, 1990, 2480),\n        (\"TD 007\", aksolit_30, 66, 2000, 1300, 2490, 2980),\n        (\"TD 008\", aksolit_30, 149, 4500, 2300, 3980, 4490),\n        (\"TD 009\", aksolit_30, 166, 5000, 2500, 4990, 5480),\n        pytest.param(\n            \"TD 010\", aksolit_30, 206, 6200, 2900, 5570, 6120,\n            marks=pytest.mark.xfail(reson=\"Цена доставки 3600 7960 8980\")\n        ),\n        (\"TD 011\", aksolit_30, 299, 9000, 3600, 7960, 8980),\n        (\"TD 012\", aksolit_30, 333, 10000, 4450, 11990, 12500),\n        pytest.param(\n            \"TD 013\", aksolit_30, 366, 11000, 4800, 12450, 13480,\n            marks=pytest.mark.xfail(reason=\"Цена стандартной доставки 4450\")\n        ),\n        pytest.param(\n            \"TD 014\", aksolit_30, 666, 20000, 5400, 15600, 17490,\n            marks=pytest.mark.xfail(reason=\"Цена стандартной доставки 4450\")\n        )\n    ])\n    @pytest.mark.xfail\n    @pytest.mark.smoke_test\n    def test_positive_delivery_green_zone_smoke(\n            self, driver, url, case_id, link_item, amount, weight, standard, in_time, all_time\n    ):\n    \n        driver.get(f'{url}{link_item}')\n        item_page = ItemPage(driver)\n>       item_page.add_item_to_cart(amount).click_on_cart()\n\ntests/delivery/test_delivery_calculation.py:50: \n_ _ _ _ _ _ _ _ _ _ _ _ _ _ _ _ _ _ _ _ _ _ _ _ _ _ _ _ _ _ _ _ _ _ _ _ _ _ _ _ \npages/item_page.py:40: in add_item_to_cart\n    self.find_element(self._add_item).click()\nbase/seleniumbase.py:17: in find_element\n    return self.driver.find_element(*locator)\n/usr/local/lib/python3.11/site-packages/selenium/webdriver/remote/webdriver.py:739: in find_element\n    return self.execute(Command.FIND_ELEMENT, {\"using\": by, \"value\": value})[\"value\"]\n/usr/local/lib/python3.11/site-packages/selenium/webdriver/remote/webdriver.py:345: in execute\n    self.error_handler.check_response(response)\n_ _ _ _ _ _ _ _ _ _ _ _ _ _ _ _ _ _ _ _ _ _ _ _ _ _ _ _ _ _ _ _ _ _ _ _ _ _ _ _ \n\nself = <selenium.webdriver.remote.errorhandler.ErrorHandler object at 0x7f89fb068510>\nresponse = {'status': 404, 'value': '{\"value\":{\"error\":\"no such element\",\"message\":\"no such element: Unable to locate element: {\\...\\\\n#16 0x555a4bf81810 \\\\u003Cunknown>\\\\n#17 0x555a4bf90dac \\\\u003Cunknown>\\\\n#18 0x7ff6ea7c2134 \\\\u003Cunknown>\\\\n\"}}'}\n\n    def check_response(self, response: Dict[str, Any]) -> None:\n        \"\"\"Checks that a JSON response from the WebDriver does not have an\n        error.\n    \n        :Args:\n         - response - The JSON response from the WebDriver server as a dictionary\n           object.\n    \n        :Raises: If the response contains an error message.\n        \"\"\"\n        status = response.get(\"status\", None)\n        if not status or status == ErrorCode.SUCCESS:\n            return\n        value = None\n        message = response.get(\"message\", \"\")\n        screen: str = response.get(\"screen\", \"\")\n        stacktrace = None\n        if isinstance(status, int):\n            value_json = response.get(\"value\", None)\n            if value_json and isinstance(value_json, str):\n                import json\n    \n                try:\n                    value = json.loads(value_json)\n                    if len(value) == 1:\n                        value = value[\"value\"]\n                    status = value.get(\"error\", None)\n                    if not status:\n                        status = value.get(\"status\", ErrorCode.UNKNOWN_ERROR)\n                        message = value.get(\"value\") or value.get(\"message\")\n                        if not isinstance(message, str):\n                            value = message\n                            message = message.get(\"message\")\n                    else:\n                        message = value.get(\"message\", None)\n                except ValueError:\n                    pass\n    \n        exception_class: Type[WebDriverException]\n        e = ErrorCode()\n        error_codes = [item for item in dir(e) if not item.startswith(\"__\")]\n        for error_code in error_codes:\n            error_info = getattr(ErrorCode, error_code)\n            if isinstance(error_info, list) and status in error_info:\n                exception_class = getattr(ExceptionMapping, error_code, WebDriverException)\n                break\n        else:\n            exception_class = WebDriverException\n    \n        if not value:\n            value = response[\"value\"]\n        if isinstance(value, str):\n            raise exception_class(value)\n        if message == \"\" and \"message\" in value:\n            message = value[\"message\"]\n    \n        screen = None  # type: ignore[assignment]\n        if \"screen\" in value:\n            screen = value[\"screen\"]\n    \n        stacktrace = None\n        st_value = value.get(\"stackTrace\") or value.get(\"stacktrace\")\n        if st_value:\n            if isinstance(st_value, str):\n                stacktrace = st_value.split(\"\\n\")\n            else:\n                stacktrace = []\n                try:\n                    for frame in st_value:\n                        line = frame.get(\"lineNumber\", \"\")\n                        file = frame.get(\"fileName\", \"<anonymous>\")\n                        if line:\n                            file = f\"{file}:{line}\"\n                        meth = frame.get(\"methodName\", \"<anonymous>\")\n                        if \"className\" in frame:\n                            meth = f\"{frame['className']}.{meth}\"\n                        msg = \"    at %s (%s)\"\n                        msg = msg % (meth, file)\n                        stacktrace.append(msg)\n                except TypeError:\n                    pass\n        if exception_class == UnexpectedAlertPresentException:\n            alert_text = None\n            if \"data\" in value:\n                alert_text = value[\"data\"].get(\"text\")\n            elif \"alert\" in value:\n                alert_text = value[\"alert\"].get(\"text\")\n            raise exception_class(message, screen, stacktrace, alert_text)  # type: ignore[call-arg]  # mypy is not smart enough here\n>       raise exception_class(message, screen, stacktrace)\nE       selenium.common.exceptions.NoSuchElementException: Message: no such element: Unable to locate element: {\"method\":\"xpath\",\"selector\":\"(//a[@class='add-to-cart yellow-btn'])[1]\"}\nE         (Session info: chrome-headless-shell=126.0.6478.126); For documentation on this error, please visit: https://www.selenium.dev/documentation/webdriver/troubleshooting/errors#no-such-element-exception\nE       Stacktrace:\nE       #0 0x555a4bf91c7a <unknown>\nE       #1 0x555a4bc74e2c <unknown>\nE       #2 0x555a4bcc1661 <unknown>\nE       #3 0x555a4bcc1751 <unknown>\nE       #4 0x555a4bd05f64 <unknown>\nE       #5 0x555a4bce45ed <unknown>\nE       #6 0x555a4bd03303 <unknown>\nE       #7 0x555a4bce4363 <unknown>\nE       #8 0x555a4bcb4247 <unknown>\nE       #9 0x555a4bcb4b9e <unknown>\nE       #10 0x555a4bf5824b <unknown>\nE       #11 0x555a4bf5c2f1 <unknown>\nE       #12 0x555a4bf43afe <unknown>\nE       #13 0x555a4bf5ce52 <unknown>\nE       #14 0x555a4bf2879f <unknown>\nE       #15 0x555a4bf81638 <unknown>\nE       #16 0x555a4bf81810 <unknown>\nE       #17 0x555a4bf90dac <unknown>\nE       #18 0x7ff6ea7c2134 <unknown>\n\n/usr/local/lib/python3.11/site-packages/selenium/webdriver/remote/errorhandler.py:229: NoSuchElementException","flaky":false,"newFailed":false,"newBroken":false,"newPassed":false,"retriesCount":0,"retriesStatusChange":false,"beforeStages":[{"name":"_session_faker","time":{"start":1720572991432,"stop":1720572991504,"duration":72},"status":"passed","steps":[],"attachments":[],"parameters":[],"shouldDisplayMessage":false,"stepsCount":0,"attachmentsCount":0,"hasContent":false,"attachmentStep":false},{"name":"clear_allure_results_folder","time":{"start":1720572991504,"stop":1720572991504,"duration":0},"status":"passed","steps":[],"attachments":[],"parameters":[],"shouldDisplayMessage":false,"stepsCount":0,"attachmentsCount":0,"hasContent":false,"attachmentStep":false},{"name":"driver","time":{"start":1720573246699,"stop":1720573247387,"duration":688},"status":"passed","steps":[],"attachments":[],"parameters":[],"shouldDisplayMessage":false,"stepsCount":0,"attachmentsCount":0,"hasContent":false,"attachmentStep":false},{"name":"setup","time":{"start":1720573247388,"stop":1720573247388,"duration":0},"status":"passed","steps":[],"attachments":[],"parameters":[],"shouldDisplayMessage":false,"stepsCount":0,"attachmentsCount":0,"hasContent":false,"attachmentStep":false}],"testStage":{"status":"skipped","statusMessage":"XFAIL\n\nselenium.common.exceptions.NoSuchElementException: Message: no such element: Unable to locate element: {\"method\":\"xpath\",\"selector\":\"(//a[@class='add-to-cart yellow-btn'])[1]\"}\n  (Session info: chrome-headless-shell=126.0.6478.126); For documentation on this error, please visit: https://www.selenium.dev/documentation/webdriver/troubleshooting/errors#no-such-element-exception\nStacktrace:\n#0 0x555a4bf91c7a <unknown>\n#1 0x555a4bc74e2c <unknown>\n#2 0x555a4bcc1661 <unknown>\n#3 0x555a4bcc1751 <unknown>\n#4 0x555a4bd05f64 <unknown>\n#5 0x555a4bce45ed <unknown>\n#6 0x555a4bd03303 <unknown>\n#7 0x555a4bce4363 <unknown>\n#8 0x555a4bcb4247 <unknown>\n#9 0x555a4bcb4b9e <unknown>\n#10 0x555a4bf5824b <unknown>\n#11 0x555a4bf5c2f1 <unknown>\n#12 0x555a4bf43afe <unknown>\n#13 0x555a4bf5ce52 <unknown>\n#14 0x555a4bf2879f <unknown>\n#15 0x555a4bf81638 <unknown>\n#16 0x555a4bf81810 <unknown>\n#17 0x555a4bf90dac <unknown>\n#18 0x7ff6ea7c2134 <unknown>","statusTrace":"self = <tests.delivery.test_delivery_calculation.TestDeliveryPageCalculation object at 0x7f89fa083050>\ndriver = <selenium.webdriver.chrome.webdriver.WebDriver (session=\"b8f101cb586206a29d42dc0b4c58f550\")>\nurl = 'https://sandboxtest.stroyrem-nn.ru/', case_id = 'TD 013'\nlink_item = 'products/shtukaturka-gipsovaya-aksolit-m50-30-kg-mashinnogo-naneseniya'\namount = 366, weight = 11000, standard = 4800, in_time = 12450, all_time = 13480\n\n    @pytest.mark.parametrize('case_id, link_item, amount, weight, standard, in_time, all_time', [\n        (\"TD 001\", uroven_3000, 1, 30, 0, 1590, 2190),\n        (\"TD 002\", bundeks_25, 1, 30, 400, 1590, 2190),\n        (\"TD 003\", aksolit_30, 8, 300, 400, 1590, 2190),\n        (\"TD 004\", aksolit_30, 13, 400, 450, 1590, 2190),\n        (\"TD 005\", aksolit_30, 16, 500, 600, 1590, 2190),\n        (\"TD 006\", aksolit_30, 25, 1700, 990, 1990, 2480),\n        (\"TD 007\", aksolit_30, 66, 2000, 1300, 2490, 2980),\n        (\"TD 008\", aksolit_30, 149, 4500, 2300, 3980, 4490),\n        (\"TD 009\", aksolit_30, 166, 5000, 2500, 4990, 5480),\n        pytest.param(\n            \"TD 010\", aksolit_30, 206, 6200, 2900, 5570, 6120,\n            marks=pytest.mark.xfail(reson=\"Цена доставки 3600 7960 8980\")\n        ),\n        (\"TD 011\", aksolit_30, 299, 9000, 3600, 7960, 8980),\n        (\"TD 012\", aksolit_30, 333, 10000, 4450, 11990, 12500),\n        pytest.param(\n            \"TD 013\", aksolit_30, 366, 11000, 4800, 12450, 13480,\n            marks=pytest.mark.xfail(reason=\"Цена стандартной доставки 4450\")\n        ),\n        pytest.param(\n            \"TD 014\", aksolit_30, 666, 20000, 5400, 15600, 17490,\n            marks=pytest.mark.xfail(reason=\"Цена стандартной доставки 4450\")\n        )\n    ])\n    @pytest.mark.xfail\n    @pytest.mark.smoke_test\n    def test_positive_delivery_green_zone_smoke(\n            self, driver, url, case_id, link_item, amount, weight, standard, in_time, all_time\n    ):\n    \n        driver.get(f'{url}{link_item}')\n        item_page = ItemPage(driver)\n>       item_page.add_item_to_cart(amount).click_on_cart()\n\ntests/delivery/test_delivery_calculation.py:50: \n_ _ _ _ _ _ _ _ _ _ _ _ _ _ _ _ _ _ _ _ _ _ _ _ _ _ _ _ _ _ _ _ _ _ _ _ _ _ _ _ \npages/item_page.py:40: in add_item_to_cart\n    self.find_element(self._add_item).click()\nbase/seleniumbase.py:17: in find_element\n    return self.driver.find_element(*locator)\n/usr/local/lib/python3.11/site-packages/selenium/webdriver/remote/webdriver.py:739: in find_element\n    return self.execute(Command.FIND_ELEMENT, {\"using\": by, \"value\": value})[\"value\"]\n/usr/local/lib/python3.11/site-packages/selenium/webdriver/remote/webdriver.py:345: in execute\n    self.error_handler.check_response(response)\n_ _ _ _ _ _ _ _ _ _ _ _ _ _ _ _ _ _ _ _ _ _ _ _ _ _ _ _ _ _ _ _ _ _ _ _ _ _ _ _ \n\nself = <selenium.webdriver.remote.errorhandler.ErrorHandler object at 0x7f89fb068510>\nresponse = {'status': 404, 'value': '{\"value\":{\"error\":\"no such element\",\"message\":\"no such element: Unable to locate element: {\\...\\\\n#16 0x555a4bf81810 \\\\u003Cunknown>\\\\n#17 0x555a4bf90dac \\\\u003Cunknown>\\\\n#18 0x7ff6ea7c2134 \\\\u003Cunknown>\\\\n\"}}'}\n\n    def check_response(self, response: Dict[str, Any]) -> None:\n        \"\"\"Checks that a JSON response from the WebDriver does not have an\n        error.\n    \n        :Args:\n         - response - The JSON response from the WebDriver server as a dictionary\n           object.\n    \n        :Raises: If the response contains an error message.\n        \"\"\"\n        status = response.get(\"status\", None)\n        if not status or status == ErrorCode.SUCCESS:\n            return\n        value = None\n        message = response.get(\"message\", \"\")\n        screen: str = response.get(\"screen\", \"\")\n        stacktrace = None\n        if isinstance(status, int):\n            value_json = response.get(\"value\", None)\n            if value_json and isinstance(value_json, str):\n                import json\n    \n                try:\n                    value = json.loads(value_json)\n                    if len(value) == 1:\n                        value = value[\"value\"]\n                    status = value.get(\"error\", None)\n                    if not status:\n                        status = value.get(\"status\", ErrorCode.UNKNOWN_ERROR)\n                        message = value.get(\"value\") or value.get(\"message\")\n                        if not isinstance(message, str):\n                            value = message\n                            message = message.get(\"message\")\n                    else:\n                        message = value.get(\"message\", None)\n                except ValueError:\n                    pass\n    \n        exception_class: Type[WebDriverException]\n        e = ErrorCode()\n        error_codes = [item for item in dir(e) if not item.startswith(\"__\")]\n        for error_code in error_codes:\n            error_info = getattr(ErrorCode, error_code)\n            if isinstance(error_info, list) and status in error_info:\n                exception_class = getattr(ExceptionMapping, error_code, WebDriverException)\n                break\n        else:\n            exception_class = WebDriverException\n    \n        if not value:\n            value = response[\"value\"]\n        if isinstance(value, str):\n            raise exception_class(value)\n        if message == \"\" and \"message\" in value:\n            message = value[\"message\"]\n    \n        screen = None  # type: ignore[assignment]\n        if \"screen\" in value:\n            screen = value[\"screen\"]\n    \n        stacktrace = None\n        st_value = value.get(\"stackTrace\") or value.get(\"stacktrace\")\n        if st_value:\n            if isinstance(st_value, str):\n                stacktrace = st_value.split(\"\\n\")\n            else:\n                stacktrace = []\n                try:\n                    for frame in st_value:\n                        line = frame.get(\"lineNumber\", \"\")\n                        file = frame.get(\"fileName\", \"<anonymous>\")\n                        if line:\n                            file = f\"{file}:{line}\"\n                        meth = frame.get(\"methodName\", \"<anonymous>\")\n                        if \"className\" in frame:\n                            meth = f\"{frame['className']}.{meth}\"\n                        msg = \"    at %s (%s)\"\n                        msg = msg % (meth, file)\n                        stacktrace.append(msg)\n                except TypeError:\n                    pass\n        if exception_class == UnexpectedAlertPresentException:\n            alert_text = None\n            if \"data\" in value:\n                alert_text = value[\"data\"].get(\"text\")\n            elif \"alert\" in value:\n                alert_text = value[\"alert\"].get(\"text\")\n            raise exception_class(message, screen, stacktrace, alert_text)  # type: ignore[call-arg]  # mypy is not smart enough here\n>       raise exception_class(message, screen, stacktrace)\nE       selenium.common.exceptions.NoSuchElementException: Message: no such element: Unable to locate element: {\"method\":\"xpath\",\"selector\":\"(//a[@class='add-to-cart yellow-btn'])[1]\"}\nE         (Session info: chrome-headless-shell=126.0.6478.126); For documentation on this error, please visit: https://www.selenium.dev/documentation/webdriver/troubleshooting/errors#no-such-element-exception\nE       Stacktrace:\nE       #0 0x555a4bf91c7a <unknown>\nE       #1 0x555a4bc74e2c <unknown>\nE       #2 0x555a4bcc1661 <unknown>\nE       #3 0x555a4bcc1751 <unknown>\nE       #4 0x555a4bd05f64 <unknown>\nE       #5 0x555a4bce45ed <unknown>\nE       #6 0x555a4bd03303 <unknown>\nE       #7 0x555a4bce4363 <unknown>\nE       #8 0x555a4bcb4247 <unknown>\nE       #9 0x555a4bcb4b9e <unknown>\nE       #10 0x555a4bf5824b <unknown>\nE       #11 0x555a4bf5c2f1 <unknown>\nE       #12 0x555a4bf43afe <unknown>\nE       #13 0x555a4bf5ce52 <unknown>\nE       #14 0x555a4bf2879f <unknown>\nE       #15 0x555a4bf81638 <unknown>\nE       #16 0x555a4bf81810 <unknown>\nE       #17 0x555a4bf90dac <unknown>\nE       #18 0x7ff6ea7c2134 <unknown>\n\n/usr/local/lib/python3.11/site-packages/selenium/webdriver/remote/errorhandler.py:229: NoSuchElementException","steps":[{"name":"Добавляем товар в корзину в количестве 366","time":{"start":1720573247898,"stop":1720573247914,"duration":16},"status":"broken","statusMessage":"selenium.common.exceptions.NoSuchElementException: Message: no such element: Unable to locate element: {\"method\":\"xpath\",\"selector\":\"(//a[@class='add-to-cart yellow-btn'])[1]\"}\n  (Session info: chrome-headless-shell=126.0.6478.126); For documentation on this error, please visit: https://www.selenium.dev/documentation/webdriver/troubleshooting/errors#no-such-element-exception\nStacktrace:\n#0 0x555a4bf91c7a <unknown>\n#1 0x555a4bc74e2c <unknown>\n#2 0x555a4bcc1661 <unknown>\n#3 0x555a4bcc1751 <unknown>\n#4 0x555a4bd05f64 <unknown>\n#5 0x555a4bce45ed <unknown>\n#6 0x555a4bd03303 <unknown>\n#7 0x555a4bce4363 <unknown>\n#8 0x555a4bcb4247 <unknown>\n#9 0x555a4bcb4b9e <unknown>\n#10 0x555a4bf5824b <unknown>\n#11 0x555a4bf5c2f1 <unknown>\n#12 0x555a4bf43afe <unknown>\n#13 0x555a4bf5ce52 <unknown>\n#14 0x555a4bf2879f <unknown>\n#15 0x555a4bf81638 <unknown>\n#16 0x555a4bf81810 <unknown>\n#17 0x555a4bf90dac <unknown>\n#18 0x7ff6ea7c2134 <unknown>\n\n","statusTrace":"  File \"/usr/local/lib/python3.11/site-packages/allure_commons/_allure.py\", line 192, in impl\n    return func(*a, **kw)\n           ^^^^^^^^^^^^^^\n  File \"/app/pages/item_page.py\", line 40, in add_item_to_cart\n    self.find_element(self._add_item).click()\n    ^^^^^^^^^^^^^^^^^^^^^^^^^^^^^^^^^\n  File \"/app/base/seleniumbase.py\", line 17, in find_element\n    return self.driver.find_element(*locator)\n           ^^^^^^^^^^^^^^^^^^^^^^^^^^^^^^^^^^\n  File \"/usr/local/lib/python3.11/site-packages/selenium/webdriver/remote/webdriver.py\", line 739, in find_element\n    return self.execute(Command.FIND_ELEMENT, {\"using\": by, \"value\": value})[\"value\"]\n           ^^^^^^^^^^^^^^^^^^^^^^^^^^^^^^^^^^^^^^^^^^^^^^^^^^^^^^^^^^^^^^^^^\n  File \"/usr/local/lib/python3.11/site-packages/selenium/webdriver/remote/webdriver.py\", line 345, in execute\n    self.error_handler.check_response(response)\n  File \"/usr/local/lib/python3.11/site-packages/selenium/webdriver/remote/errorhandler.py\", line 229, in check_response\n    raise exception_class(message, screen, stacktrace)\n","steps":[],"attachments":[],"parameters":[{"name":"amount","value":"366"}],"shouldDisplayMessage":true,"stepsCount":0,"attachmentsCount":0,"hasContent":true,"attachmentStep":false}],"attachments":[{"uid":"eb368a3941b659bb","name":"Screenshot","source":"eb368a3941b659bb.png","type":"image/png","size":4720},{"uid":"8f47ee7d1fd532fe","name":"HTML source","source":"8f47ee7d1fd532fe.html","type":"text/html","size":39}],"parameters":[],"shouldDisplayMessage":true,"stepsCount":1,"attachmentsCount":2,"hasContent":true,"attachmentStep":false},"afterStages":[{"name":"setup::0","time":{"start":1720573248004,"stop":1720573248004,"duration":0},"status":"passed","steps":[],"attachments":[],"parameters":[],"shouldDisplayMessage":false,"stepsCount":0,"attachmentsCount":0,"hasContent":false,"attachmentStep":false},{"name":"driver::0","time":{"start":1720573248005,"stop":1720573248064,"duration":59},"status":"passed","steps":[],"attachments":[],"parameters":[],"shouldDisplayMessage":false,"stepsCount":0,"attachmentsCount":0,"hasContent":false,"attachmentStep":false}],"labels":[{"name":"epic","value":"Delivery Page - calculation"},{"name":"tag","value":"smoke_test"},{"name":"tag","value":"@pytest.mark.xfail"},{"name":"parentSuite","value":"tests.delivery"},{"name":"suite","value":"test_delivery_calculation"},{"name":"subSuite","value":"TestDeliveryPageCalculation"},{"name":"host","value":"588375ca22f0"},{"name":"thread","value":"1-MainThread"},{"name":"framework","value":"pytest"},{"name":"language","value":"cpython3"},{"name":"package","value":"tests.delivery.test_delivery_calculation"},{"name":"resultFormat","value":"allure2"}],"parameters":[{"name":"all_time","value":"13480"},{"name":"amount","value":"366"},{"name":"case_id","value":"'TD 013'"},{"name":"in_time","value":"12450"},{"name":"link_item","value":"'products/shtukaturka-gipsovaya-aksolit-m50-30-kg-mashinnogo-naneseniya'"},{"name":"standard","value":"4800"},{"name":"url","value":"'https://sandboxtest.stroyrem-nn.ru/'"},{"name":"weight","value":"11000"}],"links":[],"hidden":false,"retry":false,"extra":{"severity":"normal","retries":[],"categories":[],"history":{"statistic":{"failed":0,"broken":0,"skipped":42,"passed":0,"unknown":0,"total":42},"items":[{"uid":"e981ff9f7c959a67","reportUrl":"https://Nat754.github.io/StroyremAutomation/363//#testresult/e981ff9f7c959a67","status":"skipped","statusDetails":"XFAIL\n\nselenium.common.exceptions.NoSuchElementException: Message: no such element: Unable to locate element: {\"method\":\"xpath\",\"selector\":\"(//a[@class='add-to-cart yellow-btn'])[1]\"}\n  (Session info: chrome-headless-shell=126.0.6478.126); For documentation on this error, please visit: https://www.selenium.dev/documentation/webdriver/troubleshooting/errors#no-such-element-exception\nStacktrace:\n#0 0x555618033c7a <unknown>\n#1 0x555617d16e2c <unknown>\n#2 0x555617d63661 <unknown>\n#3 0x555617d63751 <unknown>\n#4 0x555617da7f64 <unknown>\n#5 0x555617d865ed <unknown>\n#6 0x555617da5303 <unknown>\n#7 0x555617d86363 <unknown>\n#8 0x555617d56247 <unknown>\n#9 0x555617d56b9e <unknown>\n#10 0x555617ffa24b <unknown>\n#11 0x555617ffe2f1 <unknown>\n#12 0x555617fe5afe <unknown>\n#13 0x555617ffee52 <unknown>\n#14 0x555617fca79f <unknown>\n#15 0x555618023638 <unknown>\n#16 0x555618023810 <unknown>\n#17 0x555618032dac <unknown>\n#18 0x7f4ebbf57134 <unknown>","time":{"start":1720486823280,"stop":1720486823668,"duration":388}},{"uid":"ad6bbe18c40f5458","reportUrl":"https://Nat754.github.io/StroyremAutomation/362//#testresult/ad6bbe18c40f5458","status":"skipped","statusDetails":"XFAIL\n\nselenium.common.exceptions.NoSuchElementException: Message: no such element: Unable to locate element: {\"method\":\"xpath\",\"selector\":\"(//a[@class='add-to-cart yellow-btn'])[1]\"}\n  (Session info: chrome-headless-shell=126.0.6478.126); For documentation on this error, please visit: https://www.selenium.dev/documentation/webdriver/troubleshooting/errors#no-such-element-exception\nStacktrace:\n#0 0x55cf40cd5c7a <unknown>\n#1 0x55cf409b8e2c <unknown>\n#2 0x55cf40a05661 <unknown>\n#3 0x55cf40a05751 <unknown>\n#4 0x55cf40a49f64 <unknown>\n#5 0x55cf40a285ed <unknown>\n#6 0x55cf40a47303 <unknown>\n#7 0x55cf40a28363 <unknown>\n#8 0x55cf409f8247 <unknown>\n#9 0x55cf409f8b9e <unknown>\n#10 0x55cf40c9c24b <unknown>\n#11 0x55cf40ca02f1 <unknown>\n#12 0x55cf40c87afe <unknown>\n#13 0x55cf40ca0e52 <unknown>\n#14 0x55cf40c6c79f <unknown>\n#15 0x55cf40cc5638 <unknown>\n#16 0x55cf40cc5810 <unknown>\n#17 0x55cf40cd4dac <unknown>\n#18 0x7fcceec48134 <unknown>","time":{"start":1720400454276,"stop":1720400454832,"duration":556}},{"uid":"477fb8f48f88696d","reportUrl":"https://Nat754.github.io/StroyremAutomation/361//#testresult/477fb8f48f88696d","status":"skipped","statusDetails":"XFAIL\n\nselenium.common.exceptions.NoSuchElementException: Message: no such element: Unable to locate element: {\"method\":\"xpath\",\"selector\":\"(//a[@class='add-to-cart yellow-btn'])[1]\"}\n  (Session info: chrome-headless-shell=126.0.6478.126); For documentation on this error, please visit: https://www.selenium.dev/documentation/webdriver/troubleshooting/errors#no-such-element-exception\nStacktrace:\n#0 0x561bc1ccfc7a <unknown>\n#1 0x561bc19b2e2c <unknown>\n#2 0x561bc19ff661 <unknown>\n#3 0x561bc19ff751 <unknown>\n#4 0x561bc1a43f64 <unknown>\n#5 0x561bc1a225ed <unknown>\n#6 0x561bc1a41303 <unknown>\n#7 0x561bc1a22363 <unknown>\n#8 0x561bc19f2247 <unknown>\n#9 0x561bc19f2b9e <unknown>\n#10 0x561bc1c9624b <unknown>\n#11 0x561bc1c9a2f1 <unknown>\n#12 0x561bc1c81afe <unknown>\n#13 0x561bc1c9ae52 <unknown>\n#14 0x561bc1c6679f <unknown>\n#15 0x561bc1cbf638 <unknown>\n#16 0x561bc1cbf810 <unknown>\n#17 0x561bc1ccedac <unknown>\n#18 0x7fc418f16134 <unknown>","time":{"start":1720314216352,"stop":1720314216762,"duration":410}},{"uid":"d96244ae8ed72c73","reportUrl":"https://Nat754.github.io/StroyremAutomation/360//#testresult/d96244ae8ed72c73","status":"skipped","statusDetails":"XFAIL\n\nselenium.common.exceptions.NoSuchElementException: Message: no such element: Unable to locate element: {\"method\":\"xpath\",\"selector\":\"(//a[@class='add-to-cart yellow-btn'])[1]\"}\n  (Session info: chrome-headless-shell=126.0.6478.126); For documentation on this error, please visit: https://www.selenium.dev/documentation/webdriver/troubleshooting/errors#no-such-element-exception\nStacktrace:\n#0 0x55d99b2c0c7a <unknown>\n#1 0x55d99afa3e2c <unknown>\n#2 0x55d99aff0661 <unknown>\n#3 0x55d99aff0751 <unknown>\n#4 0x55d99b034f64 <unknown>\n#5 0x55d99b0135ed <unknown>\n#6 0x55d99b032303 <unknown>\n#7 0x55d99b013363 <unknown>\n#8 0x55d99afe3247 <unknown>\n#9 0x55d99afe3b9e <unknown>\n#10 0x55d99b28724b <unknown>\n#11 0x55d99b28b2f1 <unknown>\n#12 0x55d99b272afe <unknown>\n#13 0x55d99b28be52 <unknown>\n#14 0x55d99b25779f <unknown>\n#15 0x55d99b2b0638 <unknown>\n#16 0x55d99b2b0810 <unknown>\n#17 0x55d99b2bfdac <unknown>\n#18 0x7f89f32b0134 <unknown>","time":{"start":1720227480342,"stop":1720227480674,"duration":332}},{"uid":"917eb45e4d68a11e","reportUrl":"https://Nat754.github.io/StroyremAutomation/359//#testresult/917eb45e4d68a11e","status":"skipped","statusDetails":"XFAIL\n\nselenium.common.exceptions.NoSuchElementException: Message: no such element: Unable to locate element: {\"method\":\"xpath\",\"selector\":\"(//a[@class='add-to-cart yellow-btn'])[1]\"}\n  (Session info: chrome-headless-shell=126.0.6478.126); For documentation on this error, please visit: https://www.selenium.dev/documentation/webdriver/troubleshooting/errors#no-such-element-exception\nStacktrace:\n#0 0x56192234dc7a <unknown>\n#1 0x561922030e2c <unknown>\n#2 0x56192207d661 <unknown>\n#3 0x56192207d751 <unknown>\n#4 0x5619220c1f64 <unknown>\n#5 0x5619220a05ed <unknown>\n#6 0x5619220bf303 <unknown>\n#7 0x5619220a0363 <unknown>\n#8 0x561922070247 <unknown>\n#9 0x561922070b9e <unknown>\n#10 0x56192231424b <unknown>\n#11 0x5619223182f1 <unknown>\n#12 0x5619222ffafe <unknown>\n#13 0x561922318e52 <unknown>\n#14 0x5619222e479f <unknown>\n#15 0x56192233d638 <unknown>\n#16 0x56192233d810 <unknown>\n#17 0x56192234cdac <unknown>\n#18 0x7ff36f03d134 <unknown>","time":{"start":1720141116380,"stop":1720141116798,"duration":418}},{"uid":"f2eadc2076143da3","reportUrl":"https://Nat754.github.io/StroyremAutomation/358//#testresult/f2eadc2076143da3","status":"skipped","statusDetails":"XFAIL\n\nselenium.common.exceptions.NoSuchElementException: Message: no such element: Unable to locate element: {\"method\":\"xpath\",\"selector\":\"(//a[@class='add-to-cart yellow-btn'])[1]\"}\n  (Session info: chrome-headless-shell=126.0.6478.126); For documentation on this error, please visit: https://www.selenium.dev/documentation/webdriver/troubleshooting/errors#no-such-element-exception\nStacktrace:\n#0 0x556a625efc7a <unknown>\n#1 0x556a622d2e2c <unknown>\n#2 0x556a6231f661 <unknown>\n#3 0x556a6231f751 <unknown>\n#4 0x556a62363f64 <unknown>\n#5 0x556a623425ed <unknown>\n#6 0x556a62361303 <unknown>\n#7 0x556a62342363 <unknown>\n#8 0x556a62312247 <unknown>\n#9 0x556a62312b9e <unknown>\n#10 0x556a625b624b <unknown>\n#11 0x556a625ba2f1 <unknown>\n#12 0x556a625a1afe <unknown>\n#13 0x556a625bae52 <unknown>\n#14 0x556a6258679f <unknown>\n#15 0x556a625df638 <unknown>\n#16 0x556a625df810 <unknown>\n#17 0x556a625eedac <unknown>\n#18 0x7f53ae527134 <unknown>","time":{"start":1720054745383,"stop":1720054745713,"duration":330}},{"uid":"cc7b2f1fe5a38398","reportUrl":"https://Nat754.github.io/StroyremAutomation/357//#testresult/cc7b2f1fe5a38398","status":"skipped","statusDetails":"XFAIL\n\nselenium.common.exceptions.NoSuchElementException: Message: no such element: Unable to locate element: {\"method\":\"xpath\",\"selector\":\"(//a[@class='add-to-cart yellow-btn'])[1]\"}\n  (Session info: chrome-headless-shell=126.0.6478.126); For documentation on this error, please visit: https://www.selenium.dev/documentation/webdriver/troubleshooting/errors#no-such-element-exception\nStacktrace:\n#0 0x563c2b634c7a <unknown>\n#1 0x563c2b317e2c <unknown>\n#2 0x563c2b364661 <unknown>\n#3 0x563c2b364751 <unknown>\n#4 0x563c2b3a8f64 <unknown>\n#5 0x563c2b3875ed <unknown>\n#6 0x563c2b3a6303 <unknown>\n#7 0x563c2b387363 <unknown>\n#8 0x563c2b357247 <unknown>\n#9 0x563c2b357b9e <unknown>\n#10 0x563c2b5fb24b <unknown>\n#11 0x563c2b5ff2f1 <unknown>\n#12 0x563c2b5e6afe <unknown>\n#13 0x563c2b5ffe52 <unknown>\n#14 0x563c2b5cb79f <unknown>\n#15 0x563c2b624638 <unknown>\n#16 0x563c2b624810 <unknown>\n#17 0x563c2b633dac <unknown>\n#18 0x7f6bdafb2134 <unknown>","time":{"start":1719968391897,"stop":1719968392227,"duration":330}},{"uid":"a5c2287f4e7e7ca","reportUrl":"https://Nat754.github.io/StroyremAutomation/356//#testresult/a5c2287f4e7e7ca","status":"skipped","statusDetails":"XFAIL\n\nselenium.common.exceptions.NoSuchElementException: Message: no such element: Unable to locate element: {\"method\":\"xpath\",\"selector\":\"(//a[@class='add-to-cart yellow-btn'])[1]\"}\n  (Session info: chrome-headless-shell=126.0.6478.126); For documentation on this error, please visit: https://www.selenium.dev/documentation/webdriver/troubleshooting/errors#no-such-element-exception\nStacktrace:\n#0 0x556669f89c7a <unknown>\n#1 0x556669c6ce2c <unknown>\n#2 0x556669cb9661 <unknown>\n#3 0x556669cb9751 <unknown>\n#4 0x556669cfdf64 <unknown>\n#5 0x556669cdc5ed <unknown>\n#6 0x556669cfb303 <unknown>\n#7 0x556669cdc363 <unknown>\n#8 0x556669cac247 <unknown>\n#9 0x556669cacb9e <unknown>\n#10 0x556669f5024b <unknown>\n#11 0x556669f542f1 <unknown>\n#12 0x556669f3bafe <unknown>\n#13 0x556669f54e52 <unknown>\n#14 0x556669f2079f <unknown>\n#15 0x556669f79638 <unknown>\n#16 0x556669f79810 <unknown>\n#17 0x556669f88dac <unknown>\n#18 0x7fdf53eb3134 <unknown>","time":{"start":1719881968528,"stop":1719881968862,"duration":334}},{"uid":"801a92be58437c36","reportUrl":"https://Nat754.github.io/StroyremAutomation/355//#testresult/801a92be58437c36","status":"skipped","statusDetails":"XFAIL\n\nselenium.common.exceptions.NoSuchElementException: Message: no such element: Unable to locate element: {\"method\":\"xpath\",\"selector\":\"(//a[@class='add-to-cart yellow-btn'])[1]\"}\n  (Session info: chrome-headless-shell=126.0.6478.126); For documentation on this error, please visit: https://www.selenium.dev/documentation/webdriver/troubleshooting/errors#no-such-element-exception\nStacktrace:\n#0 0x55a1de324c7a <unknown>\n#1 0x55a1de007e2c <unknown>\n#2 0x55a1de054661 <unknown>\n#3 0x55a1de054751 <unknown>\n#4 0x55a1de098f64 <unknown>\n#5 0x55a1de0775ed <unknown>\n#6 0x55a1de096303 <unknown>\n#7 0x55a1de077363 <unknown>\n#8 0x55a1de047247 <unknown>\n#9 0x55a1de047b9e <unknown>\n#10 0x55a1de2eb24b <unknown>\n#11 0x55a1de2ef2f1 <unknown>\n#12 0x55a1de2d6afe <unknown>\n#13 0x55a1de2efe52 <unknown>\n#14 0x55a1de2bb79f <unknown>\n#15 0x55a1de314638 <unknown>\n#16 0x55a1de314810 <unknown>\n#17 0x55a1de323dac <unknown>\n#18 0x7f4cf0370134 <unknown>","time":{"start":1719795894784,"stop":1719795895325,"duration":541}},{"uid":"678761e217b2466a","reportUrl":"https://Nat754.github.io/StroyremAutomation/354//#testresult/678761e217b2466a","status":"skipped","statusDetails":"XFAIL\n\nselenium.common.exceptions.NoSuchElementException: Message: no such element: Unable to locate element: {\"method\":\"xpath\",\"selector\":\"(//a[@class='add-to-cart yellow-btn'])[1]\"}\n  (Session info: chrome-headless-shell=126.0.6478.126); For documentation on this error, please visit: https://www.selenium.dev/documentation/webdriver/troubleshooting/errors#no-such-element-exception\nStacktrace:\n#0 0x563082d44c7a <unknown>\n#1 0x563082a27e2c <unknown>\n#2 0x563082a74661 <unknown>\n#3 0x563082a74751 <unknown>\n#4 0x563082ab8f64 <unknown>\n#5 0x563082a975ed <unknown>\n#6 0x563082ab6303 <unknown>\n#7 0x563082a97363 <unknown>\n#8 0x563082a67247 <unknown>\n#9 0x563082a67b9e <unknown>\n#10 0x563082d0b24b <unknown>\n#11 0x563082d0f2f1 <unknown>\n#12 0x563082cf6afe <unknown>\n#13 0x563082d0fe52 <unknown>\n#14 0x563082cdb79f <unknown>\n#15 0x563082d34638 <unknown>\n#16 0x563082d34810 <unknown>\n#17 0x563082d43dac <unknown>\n#18 0x7f8cbeb3c134 <unknown>","time":{"start":1719709399817,"stop":1719709400237,"duration":420}},{"uid":"68efdeecdaed7d84","reportUrl":"https://Nat754.github.io/StroyremAutomation/353//#testresult/68efdeecdaed7d84","status":"skipped","statusDetails":"XFAIL\n\nselenium.common.exceptions.NoSuchElementException: Message: no such element: Unable to locate element: {\"method\":\"xpath\",\"selector\":\"(//a[@class='add-to-cart yellow-btn'])[1]\"}\n  (Session info: chrome-headless-shell=126.0.6478.126); For documentation on this error, please visit: https://www.selenium.dev/documentation/webdriver/troubleshooting/errors#no-such-element-exception\nStacktrace:\n#0 0x55c72e017c7a <unknown>\n#1 0x55c72dcfae2c <unknown>\n#2 0x55c72dd47661 <unknown>\n#3 0x55c72dd47751 <unknown>\n#4 0x55c72dd8bf64 <unknown>\n#5 0x55c72dd6a5ed <unknown>\n#6 0x55c72dd89303 <unknown>\n#7 0x55c72dd6a363 <unknown>\n#8 0x55c72dd3a247 <unknown>\n#9 0x55c72dd3ab9e <unknown>\n#10 0x55c72dfde24b <unknown>\n#11 0x55c72dfe22f1 <unknown>\n#12 0x55c72dfc9afe <unknown>\n#13 0x55c72dfe2e52 <unknown>\n#14 0x55c72dfae79f <unknown>\n#15 0x55c72e007638 <unknown>\n#16 0x55c72e007810 <unknown>\n#17 0x55c72e016dac <unknown>\n#18 0x7f70cf01c134 <unknown>","time":{"start":1719622678631,"stop":1719622678926,"duration":295}},{"uid":"d4cf343553e6de1","reportUrl":"https://Nat754.github.io/StroyremAutomation/352//#testresult/d4cf343553e6de1","status":"skipped","statusDetails":"XFAIL\n\nselenium.common.exceptions.NoSuchElementException: Message: no such element: Unable to locate element: {\"method\":\"xpath\",\"selector\":\"(//a[@class='add-to-cart yellow-btn'])[1]\"}\n  (Session info: chrome-headless-shell=126.0.6478.126); For documentation on this error, please visit: https://www.selenium.dev/documentation/webdriver/troubleshooting/errors#no-such-element-exception\nStacktrace:\n#0 0x559a7596bc7a <unknown>\n#1 0x559a7564ee2c <unknown>\n#2 0x559a7569b661 <unknown>\n#3 0x559a7569b751 <unknown>\n#4 0x559a756dff64 <unknown>\n#5 0x559a756be5ed <unknown>\n#6 0x559a756dd303 <unknown>\n#7 0x559a756be363 <unknown>\n#8 0x559a7568e247 <unknown>\n#9 0x559a7568eb9e <unknown>\n#10 0x559a7593224b <unknown>\n#11 0x559a759362f1 <unknown>\n#12 0x559a7591dafe <unknown>\n#13 0x559a75936e52 <unknown>\n#14 0x559a7590279f <unknown>\n#15 0x559a7595b638 <unknown>\n#16 0x559a7595b810 <unknown>\n#17 0x559a7596adac <unknown>\n#18 0x7f4bee07e134 <unknown>","time":{"start":1719536359780,"stop":1719536360207,"duration":427}},{"uid":"d40c4f83e268085d","reportUrl":"https://Nat754.github.io/StroyremAutomation/351//#testresult/d40c4f83e268085d","status":"skipped","statusDetails":"XFAIL\n\nselenium.common.exceptions.NoSuchElementException: Message: no such element: Unable to locate element: {\"method\":\"xpath\",\"selector\":\"(//a[@class='add-to-cart yellow-btn'])[1]\"}\n  (Session info: chrome-headless-shell=126.0.6478.126); For documentation on this error, please visit: https://www.selenium.dev/documentation/webdriver/troubleshooting/errors#no-such-element-exception\nStacktrace:\n#0 0x55eeb396ec7a <unknown>\n#1 0x55eeb3651e2c <unknown>\n#2 0x55eeb369e661 <unknown>\n#3 0x55eeb369e751 <unknown>\n#4 0x55eeb36e2f64 <unknown>\n#5 0x55eeb36c15ed <unknown>\n#6 0x55eeb36e0303 <unknown>\n#7 0x55eeb36c1363 <unknown>\n#8 0x55eeb3691247 <unknown>\n#9 0x55eeb3691b9e <unknown>\n#10 0x55eeb393524b <unknown>\n#11 0x55eeb39392f1 <unknown>\n#12 0x55eeb3920afe <unknown>\n#13 0x55eeb3939e52 <unknown>\n#14 0x55eeb390579f <unknown>\n#15 0x55eeb395e638 <unknown>\n#16 0x55eeb395e810 <unknown>\n#17 0x55eeb396ddac <unknown>\n#18 0x7fcc2da70134 <unknown>","time":{"start":1719449950047,"stop":1719449950366,"duration":319}},{"uid":"d7488c8e13110524","reportUrl":"https://Nat754.github.io/StroyremAutomation/350//#testresult/d7488c8e13110524","status":"skipped","statusDetails":"XFAIL\n\nselenium.common.exceptions.NoSuchElementException: Message: no such element: Unable to locate element: {\"method\":\"xpath\",\"selector\":\"(//a[@class='add-to-cart yellow-btn'])[1]\"}\n  (Session info: chrome-headless-shell=126.0.6478.126); For documentation on this error, please visit: https://www.selenium.dev/documentation/webdriver/troubleshooting/errors#no-such-element-exception\nStacktrace:\n#0 0x563b1c03dc7a <unknown>\n#1 0x563b1bd20e2c <unknown>\n#2 0x563b1bd6d661 <unknown>\n#3 0x563b1bd6d751 <unknown>\n#4 0x563b1bdb1f64 <unknown>\n#5 0x563b1bd905ed <unknown>\n#6 0x563b1bdaf303 <unknown>\n#7 0x563b1bd90363 <unknown>\n#8 0x563b1bd60247 <unknown>\n#9 0x563b1bd60b9e <unknown>\n#10 0x563b1c00424b <unknown>\n#11 0x563b1c0082f1 <unknown>\n#12 0x563b1bfefafe <unknown>\n#13 0x563b1c008e52 <unknown>\n#14 0x563b1bfd479f <unknown>\n#15 0x563b1c02d638 <unknown>\n#16 0x563b1c02d810 <unknown>\n#17 0x563b1c03cdac <unknown>\n#18 0x7fc1cc355134 <unknown>","time":{"start":1719363519381,"stop":1719363519689,"duration":308}},{"uid":"a972ae06c5243add","reportUrl":"https://Nat754.github.io/StroyremAutomation/349//#testresult/a972ae06c5243add","status":"skipped","statusDetails":"XFAIL\n\nselenium.common.exceptions.NoSuchElementException: Message: no such element: Unable to locate element: {\"method\":\"xpath\",\"selector\":\"(//a[@class='add-to-cart yellow-btn'])[1]\"}\n  (Session info: chrome-headless-shell=126.0.6478.126); For documentation on this error, please visit: https://www.selenium.dev/documentation/webdriver/troubleshooting/errors#no-such-element-exception\nStacktrace:\n#0 0x55b26aef1c7a <unknown>\n#1 0x55b26abd4e2c <unknown>\n#2 0x55b26ac21661 <unknown>\n#3 0x55b26ac21751 <unknown>\n#4 0x55b26ac65f64 <unknown>\n#5 0x55b26ac445ed <unknown>\n#6 0x55b26ac63303 <unknown>\n#7 0x55b26ac44363 <unknown>\n#8 0x55b26ac14247 <unknown>\n#9 0x55b26ac14b9e <unknown>\n#10 0x55b26aeb824b <unknown>\n#11 0x55b26aebc2f1 <unknown>\n#12 0x55b26aea3afe <unknown>\n#13 0x55b26aebce52 <unknown>\n#14 0x55b26ae8879f <unknown>\n#15 0x55b26aee1638 <unknown>\n#16 0x55b26aee1810 <unknown>\n#17 0x55b26aef0dac <unknown>\n#18 0x7f119ed16134 <unknown>","time":{"start":1719277156306,"stop":1719277157144,"duration":838}},{"uid":"eb1c99837f589b80","reportUrl":"https://Nat754.github.io/StroyremAutomation/348//#testresult/eb1c99837f589b80","status":"skipped","statusDetails":"XFAIL\n\nselenium.common.exceptions.NoSuchElementException: Message: no such element: Unable to locate element: {\"method\":\"xpath\",\"selector\":\"(//a[@class='add-to-cart yellow-btn'])[1]\"}\n  (Session info: chrome-headless-shell=126.0.6478.63); For documentation on this error, please visit: https://www.selenium.dev/documentation/webdriver/troubleshooting/errors#no-such-element-exception\nStacktrace:\n#0 0x5568bf98069a <unknown>\n#1 0x5568bf6630dc <unknown>\n#2 0x5568bf6af931 <unknown>\n#3 0x5568bf6afa21 <unknown>\n#4 0x5568bf6f4234 <unknown>\n#5 0x5568bf6d289d <unknown>\n#6 0x5568bf6f15c3 <unknown>\n#7 0x5568bf6d2613 <unknown>\n#8 0x5568bf6a24f7 <unknown>\n#9 0x5568bf6a2e4e <unknown>\n#10 0x5568bf94686b <unknown>\n#11 0x5568bf94a911 <unknown>\n#12 0x5568bf93235e <unknown>\n#13 0x5568bf94b472 <unknown>\n#14 0x5568bf916cbf <unknown>\n#15 0x5568bf970098 <unknown>\n#16 0x5568bf970270 <unknown>\n#17 0x5568bf97f7cc <unknown>\n#18 0x7f8b8fc85134 <unknown>","time":{"start":1719190804832,"stop":1719190805469,"duration":637}},{"uid":"6f2c85b0338e7fd1","reportUrl":"https://Nat754.github.io/StroyremAutomation/347//#testresult/6f2c85b0338e7fd1","status":"skipped","statusDetails":"XFAIL\n\nselenium.common.exceptions.NoSuchElementException: Message: no such element: Unable to locate element: {\"method\":\"xpath\",\"selector\":\"(//a[@class='add-to-cart yellow-btn'])[1]\"}\n  (Session info: chrome-headless-shell=126.0.6478.63); For documentation on this error, please visit: https://www.selenium.dev/documentation/webdriver/troubleshooting/errors#no-such-element-exception\nStacktrace:\n#0 0x55cb9c27269a <unknown>\n#1 0x55cb9bf550dc <unknown>\n#2 0x55cb9bfa1931 <unknown>\n#3 0x55cb9bfa1a21 <unknown>\n#4 0x55cb9bfe6234 <unknown>\n#5 0x55cb9bfc489d <unknown>\n#6 0x55cb9bfe35c3 <unknown>\n#7 0x55cb9bfc4613 <unknown>\n#8 0x55cb9bf944f7 <unknown>\n#9 0x55cb9bf94e4e <unknown>\n#10 0x55cb9c23886b <unknown>\n#11 0x55cb9c23c911 <unknown>\n#12 0x55cb9c22435e <unknown>\n#13 0x55cb9c23d472 <unknown>\n#14 0x55cb9c208cbf <unknown>\n#15 0x55cb9c262098 <unknown>\n#16 0x55cb9c262270 <unknown>\n#17 0x55cb9c2717cc <unknown>\n#18 0x7feeb0e55134 <unknown>","time":{"start":1719104546938,"stop":1719104547288,"duration":350}},{"uid":"ed0a61d997e5b75a","reportUrl":"https://Nat754.github.io/StroyremAutomation/346//#testresult/ed0a61d997e5b75a","status":"skipped","statusDetails":"XFAIL\n\nselenium.common.exceptions.NoSuchElementException: Message: no such element: Unable to locate element: {\"method\":\"xpath\",\"selector\":\"(//a[@class='add-to-cart yellow-btn'])[1]\"}\n  (Session info: chrome-headless-shell=126.0.6478.63); For documentation on this error, please visit: https://www.selenium.dev/documentation/webdriver/troubleshooting/errors#no-such-element-exception\nStacktrace:\n#0 0x5573ad63b69a <unknown>\n#1 0x5573ad31e0dc <unknown>\n#2 0x5573ad36a931 <unknown>\n#3 0x5573ad36aa21 <unknown>\n#4 0x5573ad3af234 <unknown>\n#5 0x5573ad38d89d <unknown>\n#6 0x5573ad3ac5c3 <unknown>\n#7 0x5573ad38d613 <unknown>\n#8 0x5573ad35d4f7 <unknown>\n#9 0x5573ad35de4e <unknown>\n#10 0x5573ad60186b <unknown>\n#11 0x5573ad605911 <unknown>\n#12 0x5573ad5ed35e <unknown>\n#13 0x5573ad606472 <unknown>\n#14 0x5573ad5d1cbf <unknown>\n#15 0x5573ad62b098 <unknown>\n#16 0x5573ad62b270 <unknown>\n#17 0x5573ad63a7cc <unknown>\n#18 0x7f0f323aa134 <unknown>","time":{"start":1719017884215,"stop":1719017884629,"duration":414}},{"uid":"e90c856b204de9c5","reportUrl":"https://Nat754.github.io/StroyremAutomation/345//#testresult/e90c856b204de9c5","status":"skipped","statusDetails":"XFAIL\n\nselenium.common.exceptions.NoSuchElementException: Message: no such element: Unable to locate element: {\"method\":\"xpath\",\"selector\":\"(//a[@class='add-to-cart yellow-btn'])[1]\"}\n  (Session info: chrome-headless-shell=126.0.6478.63); For documentation on this error, please visit: https://www.selenium.dev/documentation/webdriver/troubleshooting/errors#no-such-element-exception\nStacktrace:\n#0 0x55764bf4869a <unknown>\n#1 0x55764bc2b0dc <unknown>\n#2 0x55764bc77931 <unknown>\n#3 0x55764bc77a21 <unknown>\n#4 0x55764bcbc234 <unknown>\n#5 0x55764bc9a89d <unknown>\n#6 0x55764bcb95c3 <unknown>\n#7 0x55764bc9a613 <unknown>\n#8 0x55764bc6a4f7 <unknown>\n#9 0x55764bc6ae4e <unknown>\n#10 0x55764bf0e86b <unknown>\n#11 0x55764bf12911 <unknown>\n#12 0x55764befa35e <unknown>\n#13 0x55764bf13472 <unknown>\n#14 0x55764bedecbf <unknown>\n#15 0x55764bf38098 <unknown>\n#16 0x55764bf38270 <unknown>\n#17 0x55764bf477cc <unknown>\n#18 0x7fab874d3134 <unknown>","time":{"start":1718931502147,"stop":1718931502799,"duration":652}},{"uid":"b468c991aa7a269","reportUrl":"https://Nat754.github.io/StroyremAutomation/344//#testresult/b468c991aa7a269","status":"skipped","statusDetails":"XFAIL\n\nselenium.common.exceptions.NoSuchElementException: Message: no such element: Unable to locate element: {\"method\":\"xpath\",\"selector\":\"(//a[@class='add-to-cart yellow-btn'])[1]\"}\n  (Session info: chrome-headless-shell=126.0.6478.62); For documentation on this error, please visit: https://www.selenium.dev/documentation/webdriver/troubleshooting/errors#no-such-element-exception\nStacktrace:\n#0 0x5617e966f70a <unknown>\n#1 0x5617e93520dc <unknown>\n#2 0x5617e939e931 <unknown>\n#3 0x5617e939ea21 <unknown>\n#4 0x5617e93e3234 <unknown>\n#5 0x5617e93c189d <unknown>\n#6 0x5617e93e05c3 <unknown>\n#7 0x5617e93c1613 <unknown>\n#8 0x5617e93914f7 <unknown>\n#9 0x5617e9391e4e <unknown>\n#10 0x5617e96358db <unknown>\n#11 0x5617e9639981 <unknown>\n#12 0x5617e96213ce <unknown>\n#13 0x5617e963a4e2 <unknown>\n#14 0x5617e9605d2f <unknown>\n#15 0x5617e965f108 <unknown>\n#16 0x5617e965f2e0 <unknown>\n#17 0x5617e966e83c <unknown>\n#18 0x7f375abe5134 <unknown>","time":{"start":1718845042681,"stop":1718845043143,"duration":462}}]},"tags":["@pytest.mark.xfail","smoke_test"]},"source":"35728101cb451240.json","parameterValues":["13480","366","'TD 013'","12450","'products/shtukaturka-gipsovaya-aksolit-m50-30-kg-mashinnogo-naneseniya'","4800","'https://sandboxtest.stroyrem-nn.ru/'","11000"]}