{"uid":"53ca8f3ce3a918a7","name":"test_positive_delivery_green_zone_smoke[TD 001-products/uroven---uglomer-elektronnyj-kapro-992-1-30-0-1590-2190-https://sandboxtest.stroyrem-nn.ru/]","fullName":"tests.delivery.test_delivery_calculation.TestDeliveryPageCalculation#test_positive_delivery_green_zone_smoke","historyId":"7d50f9d85ab9724fc9bef1ba931d63a5","time":{"start":1694580676230,"stop":1694580677037,"duration":807},"status":"skipped","statusMessage":"XFAIL\n\nselenium.common.exceptions.NoSuchElementException: Message: no such element: Unable to locate element: {\"method\":\"xpath\",\"selector\":\"(//a[@class='add-to-cart yellow-btn'])[1]\"}\n  (Session info: headless chrome=117.0.5938.62); For documentation on this error, please visit: https://www.selenium.dev/documentation/webdriver/troubleshooting/errors#no-such-element-exception\nStacktrace:\n#0 0x55893fdba693 <unknown>\n#1 0x55893fa901e7 <unknown>\n#2 0x55893fad7566 <unknown>\n#3 0x55893fad7651 <unknown>\n#4 0x55893fb14a74 <unknown>\n#5 0x55893faf90ed <unknown>\n#6 0x55893fb12322 <unknown>\n#7 0x55893faf8e93 <unknown>\n#8 0x55893facb934 <unknown>\n#9 0x55893facc71e <unknown>\n#10 0x55893fd7fc98 <unknown>\n#11 0x55893fd83bd0 <unknown>\n#12 0x55893fd8e17c <unknown>\n#13 0x55893fd847e8 <unknown>\n#14 0x55893fd5125f <unknown>\n#15 0x55893fda8e68 <unknown>\n#16 0x55893fda9039 <unknown>\n#17 0x55893fdb9823 <unknown>\n#18 0x7f0325494044 <unknown>","statusTrace":"self = <tests.delivery.test_delivery_calculation.TestDeliveryPageCalculation object at 0x7ff861775590>\ndriver = <selenium.webdriver.chrome.webdriver.WebDriver (session=\"c4ffad816bda007d199451d58cae775f\")>\nurl = 'https://sandboxtest.stroyrem-nn.ru/', case_id = 'TD 001'\nlink_item = 'products/uroven---uglomer-elektronnyj-kapro-992', amount = 1\nweight = 30, standard = 0, in_time = 1590, all_time = 2190\n\n    @pytest.mark.parametrize('case_id, link_item, amount, weight, standard, in_time, all_time', [\n        (\"TD 001\", uroven_3000, 1, 30, 0, 1590, 2190),\n        (\"TD 002\", bundeks_25, 1, 30, 400, 1590, 2190),\n        (\"TD 003\", aksolit_30, 8, 300, 400, 1590, 2190),\n        (\"TD 004\", aksolit_30, 13, 400, 450, 1590, 2190),\n        (\"TD 005\", aksolit_30, 16, 500, 600, 1590, 2190),\n        (\"TD 006\", aksolit_30, 25, 1700, 990, 1990, 2480),\n        (\"TD 007\", aksolit_30, 66, 2000, 1300, 2490, 2980),\n        (\"TD 008\", aksolit_30, 149, 4500, 2300, 3980, 4490),\n        (\"TD 009\", aksolit_30, 166, 5000, 2500, 4990, 5480),\n        pytest.param(\n            \"TD 010\", aksolit_30, 206, 6200, 2900, 5570, 6120,\n            marks=pytest.mark.xfail(reson=\"Цена доставки 3600 7960 8980\")\n        ),\n        (\"TD 011\", aksolit_30, 299, 9000, 3600, 7960, 8980),\n        (\"TD 012\", aksolit_30, 333, 10000, 4450, 11990, 12500),\n        pytest.param(\n            \"TD 013\", aksolit_30, 366, 11000, 4800, 12450, 13480,\n            marks=pytest.mark.xfail(reason=\"Цена стандартной доставки 4450\")\n        ),\n        pytest.param(\n            \"TD 014\", aksolit_30, 666, 20000, 5400, 15600, 17490,\n            marks=pytest.mark.xfail(reason=\"Цена стандартной доставки 4450\")\n        )\n    ])\n    @pytest.mark.xfail\n    @pytest.mark.smoke_test\n    def test_positive_delivery_green_zone_smoke(\n            self, driver, url, case_id, link_item, amount, weight, standard, in_time, all_time\n    ):\n    \n        driver.get(f'{url}{link_item}')\n        item_page = ItemPage(driver)\n>       item_page.add_item_to_cart(amount).click_on_cart()\n\ntests/delivery/test_delivery_calculation.py:50: \n_ _ _ _ _ _ _ _ _ _ _ _ _ _ _ _ _ _ _ _ _ _ _ _ _ _ _ _ _ _ _ _ _ _ _ _ _ _ _ _ \npages/item_page.py:40: in add_item_to_cart\n    self.find_element(self._add_item).click()\nbase/seleniumbase.py:17: in find_element\n    return self.driver.find_element(*locator)\n/usr/local/lib/python3.11/site-packages/selenium/webdriver/remote/webdriver.py:738: in find_element\n    return self.execute(Command.FIND_ELEMENT, {\"using\": by, \"value\": value})[\"value\"]\n/usr/local/lib/python3.11/site-packages/selenium/webdriver/remote/webdriver.py:344: in execute\n    self.error_handler.check_response(response)\n_ _ _ _ _ _ _ _ _ _ _ _ _ _ _ _ _ _ _ _ _ _ _ _ _ _ _ _ _ _ _ _ _ _ _ _ _ _ _ _ \n\nself = <selenium.webdriver.remote.errorhandler.ErrorHandler object at 0x7ff861101090>\nresponse = {'status': 404, 'value': '{\"value\":{\"error\":\"no such element\",\"message\":\"no such element: Unable to locate element: {\\...\\\\n#16 0x55893fda9039 \\\\u003Cunknown>\\\\n#17 0x55893fdb9823 \\\\u003Cunknown>\\\\n#18 0x7f0325494044 \\\\u003Cunknown>\\\\n\"}}'}\n\n    def check_response(self, response: Dict[str, Any]) -> None:\n        \"\"\"Checks that a JSON response from the WebDriver does not have an\n        error.\n    \n        :Args:\n         - response - The JSON response from the WebDriver server as a dictionary\n           object.\n    \n        :Raises: If the response contains an error message.\n        \"\"\"\n        status = response.get(\"status\", None)\n        if not status or status == ErrorCode.SUCCESS:\n            return\n        value = None\n        message = response.get(\"message\", \"\")\n        screen: str = response.get(\"screen\", \"\")\n        stacktrace = None\n        if isinstance(status, int):\n            value_json = response.get(\"value\", None)\n            if value_json and isinstance(value_json, str):\n                import json\n    \n                try:\n                    value = json.loads(value_json)\n                    if len(value) == 1:\n                        value = value[\"value\"]\n                    status = value.get(\"error\", None)\n                    if not status:\n                        status = value.get(\"status\", ErrorCode.UNKNOWN_ERROR)\n                        message = value.get(\"value\") or value.get(\"message\")\n                        if not isinstance(message, str):\n                            value = message\n                            message = message.get(\"message\")\n                    else:\n                        message = value.get(\"message\", None)\n                except ValueError:\n                    pass\n    \n        exception_class: Type[WebDriverException]\n        e = ErrorCode()\n        error_codes = [item for item in dir(e) if not item.startswith(\"__\")]\n        for error_code in error_codes:\n            error_info = getattr(ErrorCode, error_code)\n            if isinstance(error_info, list) and status in error_info:\n                exception_class = getattr(ExceptionMapping, error_code, WebDriverException)\n                break\n        else:\n            exception_class = WebDriverException\n    \n        if not value:\n            value = response[\"value\"]\n        if isinstance(value, str):\n            raise exception_class(value)\n        if message == \"\" and \"message\" in value:\n            message = value[\"message\"]\n    \n        screen = None  # type: ignore[assignment]\n        if \"screen\" in value:\n            screen = value[\"screen\"]\n    \n        stacktrace = None\n        st_value = value.get(\"stackTrace\") or value.get(\"stacktrace\")\n        if st_value:\n            if isinstance(st_value, str):\n                stacktrace = st_value.split(\"\\n\")\n            else:\n                stacktrace = []\n                try:\n                    for frame in st_value:\n                        line = frame.get(\"lineNumber\", \"\")\n                        file = frame.get(\"fileName\", \"<anonymous>\")\n                        if line:\n                            file = f\"{file}:{line}\"\n                        meth = frame.get(\"methodName\", \"<anonymous>\")\n                        if \"className\" in frame:\n                            meth = f\"{frame['className']}.{meth}\"\n                        msg = \"    at %s (%s)\"\n                        msg = msg % (meth, file)\n                        stacktrace.append(msg)\n                except TypeError:\n                    pass\n        if exception_class == UnexpectedAlertPresentException:\n            alert_text = None\n            if \"data\" in value:\n                alert_text = value[\"data\"].get(\"text\")\n            elif \"alert\" in value:\n                alert_text = value[\"alert\"].get(\"text\")\n            raise exception_class(message, screen, stacktrace, alert_text)  # type: ignore[call-arg]  # mypy is not smart enough here\n>       raise exception_class(message, screen, stacktrace)\nE       selenium.common.exceptions.NoSuchElementException: Message: no such element: Unable to locate element: {\"method\":\"xpath\",\"selector\":\"(//a[@class='add-to-cart yellow-btn'])[1]\"}\nE         (Session info: headless chrome=117.0.5938.62); For documentation on this error, please visit: https://www.selenium.dev/documentation/webdriver/troubleshooting/errors#no-such-element-exception\nE       Stacktrace:\nE       #0 0x55893fdba693 <unknown>\nE       #1 0x55893fa901e7 <unknown>\nE       #2 0x55893fad7566 <unknown>\nE       #3 0x55893fad7651 <unknown>\nE       #4 0x55893fb14a74 <unknown>\nE       #5 0x55893faf90ed <unknown>\nE       #6 0x55893fb12322 <unknown>\nE       #7 0x55893faf8e93 <unknown>\nE       #8 0x55893facb934 <unknown>\nE       #9 0x55893facc71e <unknown>\nE       #10 0x55893fd7fc98 <unknown>\nE       #11 0x55893fd83bd0 <unknown>\nE       #12 0x55893fd8e17c <unknown>\nE       #13 0x55893fd847e8 <unknown>\nE       #14 0x55893fd5125f <unknown>\nE       #15 0x55893fda8e68 <unknown>\nE       #16 0x55893fda9039 <unknown>\nE       #17 0x55893fdb9823 <unknown>\nE       #18 0x7f0325494044 <unknown>\n\n/usr/local/lib/python3.11/site-packages/selenium/webdriver/remote/errorhandler.py:229: NoSuchElementException","flaky":false,"newFailed":false,"newBroken":false,"newPassed":false,"retriesCount":0,"retriesStatusChange":false,"beforeStages":[{"name":"_session_faker","time":{"start":1694579999518,"stop":1694579999613,"duration":95},"status":"passed","steps":[],"attachments":[],"parameters":[],"shouldDisplayMessage":false,"stepsCount":0,"attachmentsCount":0,"hasContent":false},{"name":"clear_allure_results_folder","time":{"start":1694579999613,"stop":1694579999613,"duration":0},"status":"passed","steps":[],"attachments":[],"parameters":[],"shouldDisplayMessage":false,"stepsCount":0,"attachmentsCount":0,"hasContent":false},{"name":"driver","time":{"start":1694580675367,"stop":1694580676228,"duration":861},"status":"passed","steps":[],"attachments":[],"parameters":[],"shouldDisplayMessage":false,"stepsCount":0,"attachmentsCount":0,"hasContent":false},{"name":"setup","time":{"start":1694580676228,"stop":1694580676228,"duration":0},"status":"passed","steps":[],"attachments":[],"parameters":[],"shouldDisplayMessage":false,"stepsCount":0,"attachmentsCount":0,"hasContent":false}],"testStage":{"status":"skipped","statusMessage":"XFAIL\n\nselenium.common.exceptions.NoSuchElementException: Message: no such element: Unable to locate element: {\"method\":\"xpath\",\"selector\":\"(//a[@class='add-to-cart yellow-btn'])[1]\"}\n  (Session info: headless chrome=117.0.5938.62); For documentation on this error, please visit: https://www.selenium.dev/documentation/webdriver/troubleshooting/errors#no-such-element-exception\nStacktrace:\n#0 0x55893fdba693 <unknown>\n#1 0x55893fa901e7 <unknown>\n#2 0x55893fad7566 <unknown>\n#3 0x55893fad7651 <unknown>\n#4 0x55893fb14a74 <unknown>\n#5 0x55893faf90ed <unknown>\n#6 0x55893fb12322 <unknown>\n#7 0x55893faf8e93 <unknown>\n#8 0x55893facb934 <unknown>\n#9 0x55893facc71e <unknown>\n#10 0x55893fd7fc98 <unknown>\n#11 0x55893fd83bd0 <unknown>\n#12 0x55893fd8e17c <unknown>\n#13 0x55893fd847e8 <unknown>\n#14 0x55893fd5125f <unknown>\n#15 0x55893fda8e68 <unknown>\n#16 0x55893fda9039 <unknown>\n#17 0x55893fdb9823 <unknown>\n#18 0x7f0325494044 <unknown>","statusTrace":"self = <tests.delivery.test_delivery_calculation.TestDeliveryPageCalculation object at 0x7ff861775590>\ndriver = <selenium.webdriver.chrome.webdriver.WebDriver (session=\"c4ffad816bda007d199451d58cae775f\")>\nurl = 'https://sandboxtest.stroyrem-nn.ru/', case_id = 'TD 001'\nlink_item = 'products/uroven---uglomer-elektronnyj-kapro-992', amount = 1\nweight = 30, standard = 0, in_time = 1590, all_time = 2190\n\n    @pytest.mark.parametrize('case_id, link_item, amount, weight, standard, in_time, all_time', [\n        (\"TD 001\", uroven_3000, 1, 30, 0, 1590, 2190),\n        (\"TD 002\", bundeks_25, 1, 30, 400, 1590, 2190),\n        (\"TD 003\", aksolit_30, 8, 300, 400, 1590, 2190),\n        (\"TD 004\", aksolit_30, 13, 400, 450, 1590, 2190),\n        (\"TD 005\", aksolit_30, 16, 500, 600, 1590, 2190),\n        (\"TD 006\", aksolit_30, 25, 1700, 990, 1990, 2480),\n        (\"TD 007\", aksolit_30, 66, 2000, 1300, 2490, 2980),\n        (\"TD 008\", aksolit_30, 149, 4500, 2300, 3980, 4490),\n        (\"TD 009\", aksolit_30, 166, 5000, 2500, 4990, 5480),\n        pytest.param(\n            \"TD 010\", aksolit_30, 206, 6200, 2900, 5570, 6120,\n            marks=pytest.mark.xfail(reson=\"Цена доставки 3600 7960 8980\")\n        ),\n        (\"TD 011\", aksolit_30, 299, 9000, 3600, 7960, 8980),\n        (\"TD 012\", aksolit_30, 333, 10000, 4450, 11990, 12500),\n        pytest.param(\n            \"TD 013\", aksolit_30, 366, 11000, 4800, 12450, 13480,\n            marks=pytest.mark.xfail(reason=\"Цена стандартной доставки 4450\")\n        ),\n        pytest.param(\n            \"TD 014\", aksolit_30, 666, 20000, 5400, 15600, 17490,\n            marks=pytest.mark.xfail(reason=\"Цена стандартной доставки 4450\")\n        )\n    ])\n    @pytest.mark.xfail\n    @pytest.mark.smoke_test\n    def test_positive_delivery_green_zone_smoke(\n            self, driver, url, case_id, link_item, amount, weight, standard, in_time, all_time\n    ):\n    \n        driver.get(f'{url}{link_item}')\n        item_page = ItemPage(driver)\n>       item_page.add_item_to_cart(amount).click_on_cart()\n\ntests/delivery/test_delivery_calculation.py:50: \n_ _ _ _ _ _ _ _ _ _ _ _ _ _ _ _ _ _ _ _ _ _ _ _ _ _ _ _ _ _ _ _ _ _ _ _ _ _ _ _ \npages/item_page.py:40: in add_item_to_cart\n    self.find_element(self._add_item).click()\nbase/seleniumbase.py:17: in find_element\n    return self.driver.find_element(*locator)\n/usr/local/lib/python3.11/site-packages/selenium/webdriver/remote/webdriver.py:738: in find_element\n    return self.execute(Command.FIND_ELEMENT, {\"using\": by, \"value\": value})[\"value\"]\n/usr/local/lib/python3.11/site-packages/selenium/webdriver/remote/webdriver.py:344: in execute\n    self.error_handler.check_response(response)\n_ _ _ _ _ _ _ _ _ _ _ _ _ _ _ _ _ _ _ _ _ _ _ _ _ _ _ _ _ _ _ _ _ _ _ _ _ _ _ _ \n\nself = <selenium.webdriver.remote.errorhandler.ErrorHandler object at 0x7ff861101090>\nresponse = {'status': 404, 'value': '{\"value\":{\"error\":\"no such element\",\"message\":\"no such element: Unable to locate element: {\\...\\\\n#16 0x55893fda9039 \\\\u003Cunknown>\\\\n#17 0x55893fdb9823 \\\\u003Cunknown>\\\\n#18 0x7f0325494044 \\\\u003Cunknown>\\\\n\"}}'}\n\n    def check_response(self, response: Dict[str, Any]) -> None:\n        \"\"\"Checks that a JSON response from the WebDriver does not have an\n        error.\n    \n        :Args:\n         - response - The JSON response from the WebDriver server as a dictionary\n           object.\n    \n        :Raises: If the response contains an error message.\n        \"\"\"\n        status = response.get(\"status\", None)\n        if not status or status == ErrorCode.SUCCESS:\n            return\n        value = None\n        message = response.get(\"message\", \"\")\n        screen: str = response.get(\"screen\", \"\")\n        stacktrace = None\n        if isinstance(status, int):\n            value_json = response.get(\"value\", None)\n            if value_json and isinstance(value_json, str):\n                import json\n    \n                try:\n                    value = json.loads(value_json)\n                    if len(value) == 1:\n                        value = value[\"value\"]\n                    status = value.get(\"error\", None)\n                    if not status:\n                        status = value.get(\"status\", ErrorCode.UNKNOWN_ERROR)\n                        message = value.get(\"value\") or value.get(\"message\")\n                        if not isinstance(message, str):\n                            value = message\n                            message = message.get(\"message\")\n                    else:\n                        message = value.get(\"message\", None)\n                except ValueError:\n                    pass\n    \n        exception_class: Type[WebDriverException]\n        e = ErrorCode()\n        error_codes = [item for item in dir(e) if not item.startswith(\"__\")]\n        for error_code in error_codes:\n            error_info = getattr(ErrorCode, error_code)\n            if isinstance(error_info, list) and status in error_info:\n                exception_class = getattr(ExceptionMapping, error_code, WebDriverException)\n                break\n        else:\n            exception_class = WebDriverException\n    \n        if not value:\n            value = response[\"value\"]\n        if isinstance(value, str):\n            raise exception_class(value)\n        if message == \"\" and \"message\" in value:\n            message = value[\"message\"]\n    \n        screen = None  # type: ignore[assignment]\n        if \"screen\" in value:\n            screen = value[\"screen\"]\n    \n        stacktrace = None\n        st_value = value.get(\"stackTrace\") or value.get(\"stacktrace\")\n        if st_value:\n            if isinstance(st_value, str):\n                stacktrace = st_value.split(\"\\n\")\n            else:\n                stacktrace = []\n                try:\n                    for frame in st_value:\n                        line = frame.get(\"lineNumber\", \"\")\n                        file = frame.get(\"fileName\", \"<anonymous>\")\n                        if line:\n                            file = f\"{file}:{line}\"\n                        meth = frame.get(\"methodName\", \"<anonymous>\")\n                        if \"className\" in frame:\n                            meth = f\"{frame['className']}.{meth}\"\n                        msg = \"    at %s (%s)\"\n                        msg = msg % (meth, file)\n                        stacktrace.append(msg)\n                except TypeError:\n                    pass\n        if exception_class == UnexpectedAlertPresentException:\n            alert_text = None\n            if \"data\" in value:\n                alert_text = value[\"data\"].get(\"text\")\n            elif \"alert\" in value:\n                alert_text = value[\"alert\"].get(\"text\")\n            raise exception_class(message, screen, stacktrace, alert_text)  # type: ignore[call-arg]  # mypy is not smart enough here\n>       raise exception_class(message, screen, stacktrace)\nE       selenium.common.exceptions.NoSuchElementException: Message: no such element: Unable to locate element: {\"method\":\"xpath\",\"selector\":\"(//a[@class='add-to-cart yellow-btn'])[1]\"}\nE         (Session info: headless chrome=117.0.5938.62); For documentation on this error, please visit: https://www.selenium.dev/documentation/webdriver/troubleshooting/errors#no-such-element-exception\nE       Stacktrace:\nE       #0 0x55893fdba693 <unknown>\nE       #1 0x55893fa901e7 <unknown>\nE       #2 0x55893fad7566 <unknown>\nE       #3 0x55893fad7651 <unknown>\nE       #4 0x55893fb14a74 <unknown>\nE       #5 0x55893faf90ed <unknown>\nE       #6 0x55893fb12322 <unknown>\nE       #7 0x55893faf8e93 <unknown>\nE       #8 0x55893facb934 <unknown>\nE       #9 0x55893facc71e <unknown>\nE       #10 0x55893fd7fc98 <unknown>\nE       #11 0x55893fd83bd0 <unknown>\nE       #12 0x55893fd8e17c <unknown>\nE       #13 0x55893fd847e8 <unknown>\nE       #14 0x55893fd5125f <unknown>\nE       #15 0x55893fda8e68 <unknown>\nE       #16 0x55893fda9039 <unknown>\nE       #17 0x55893fdb9823 <unknown>\nE       #18 0x7f0325494044 <unknown>\n\n/usr/local/lib/python3.11/site-packages/selenium/webdriver/remote/errorhandler.py:229: NoSuchElementException","steps":[{"name":"Добавляем товар в корзину в количестве 1","time":{"start":1694580677014,"stop":1694580677037,"duration":23},"status":"broken","statusMessage":"selenium.common.exceptions.NoSuchElementException: Message: no such element: Unable to locate element: {\"method\":\"xpath\",\"selector\":\"(//a[@class='add-to-cart yellow-btn'])[1]\"}\n  (Session info: headless chrome=117.0.5938.62); For documentation on this error, please visit: https://www.selenium.dev/documentation/webdriver/troubleshooting/errors#no-such-element-exception\nStacktrace:\n#0 0x55893fdba693 <unknown>\n#1 0x55893fa901e7 <unknown>\n#2 0x55893fad7566 <unknown>\n#3 0x55893fad7651 <unknown>\n#4 0x55893fb14a74 <unknown>\n#5 0x55893faf90ed <unknown>\n#6 0x55893fb12322 <unknown>\n#7 0x55893faf8e93 <unknown>\n#8 0x55893facb934 <unknown>\n#9 0x55893facc71e <unknown>\n#10 0x55893fd7fc98 <unknown>\n#11 0x55893fd83bd0 <unknown>\n#12 0x55893fd8e17c <unknown>\n#13 0x55893fd847e8 <unknown>\n#14 0x55893fd5125f <unknown>\n#15 0x55893fda8e68 <unknown>\n#16 0x55893fda9039 <unknown>\n#17 0x55893fdb9823 <unknown>\n#18 0x7f0325494044 <unknown>\n\n","statusTrace":"  File \"/usr/local/lib/python3.11/site-packages/allure_commons/_allure.py\", line 192, in impl\n    return func(*a, **kw)\n           ^^^^^^^^^^^^^^\n  File \"/app/pages/item_page.py\", line 40, in add_item_to_cart\n    self.find_element(self._add_item).click()\n    ^^^^^^^^^^^^^^^^^^^^^^^^^^^^^^^^^\n  File \"/app/base/seleniumbase.py\", line 17, in find_element\n    return self.driver.find_element(*locator)\n           ^^^^^^^^^^^^^^^^^^^^^^^^^^^^^^^^^^\n  File \"/usr/local/lib/python3.11/site-packages/selenium/webdriver/remote/webdriver.py\", line 738, in find_element\n    return self.execute(Command.FIND_ELEMENT, {\"using\": by, \"value\": value})[\"value\"]\n           ^^^^^^^^^^^^^^^^^^^^^^^^^^^^^^^^^^^^^^^^^^^^^^^^^^^^^^^^^^^^^^^^^\n  File \"/usr/local/lib/python3.11/site-packages/selenium/webdriver/remote/webdriver.py\", line 344, in execute\n    self.error_handler.check_response(response)\n  File \"/usr/local/lib/python3.11/site-packages/selenium/webdriver/remote/errorhandler.py\", line 229, in check_response\n    raise exception_class(message, screen, stacktrace)\n","steps":[],"attachments":[],"parameters":[{"name":"amount","value":"1"}],"shouldDisplayMessage":true,"stepsCount":0,"attachmentsCount":0,"hasContent":true}],"attachments":[{"uid":"ee82ee9aa9591a00","name":"Screenshot","source":"ee82ee9aa9591a00.png","type":"image/png","size":39917},{"uid":"208ac96897169e56","name":"HTML source","source":"208ac96897169e56.html","type":"text/html","size":544}],"parameters":[],"shouldDisplayMessage":true,"stepsCount":1,"attachmentsCount":2,"hasContent":true},"afterStages":[{"name":"driver::0","time":{"start":1694580677200,"stop":1694580677259,"duration":59},"status":"passed","steps":[],"attachments":[],"parameters":[],"shouldDisplayMessage":false,"stepsCount":0,"attachmentsCount":0,"hasContent":false},{"name":"setup::0","time":{"start":1694580677200,"stop":1694580677200,"duration":0},"status":"passed","steps":[],"attachments":[],"parameters":[],"shouldDisplayMessage":false,"stepsCount":0,"attachmentsCount":0,"hasContent":false}],"labels":[{"name":"epic","value":"Delivery Page - calculation"},{"name":"tag","value":"smoke_test"},{"name":"tag","value":"@pytest.mark.xfail"},{"name":"parentSuite","value":"tests.delivery"},{"name":"suite","value":"test_delivery_calculation"},{"name":"subSuite","value":"TestDeliveryPageCalculation"},{"name":"host","value":"7c3d814039a2"},{"name":"thread","value":"1-MainThread"},{"name":"framework","value":"pytest"},{"name":"language","value":"cpython3"},{"name":"package","value":"tests.delivery.test_delivery_calculation"},{"name":"resultFormat","value":"allure2"}],"parameters":[{"name":"all_time","value":"2190"},{"name":"amount","value":"1"},{"name":"case_id","value":"'TD 001'"},{"name":"in_time","value":"1590"},{"name":"link_item","value":"'products/uroven---uglomer-elektronnyj-kapro-992'"},{"name":"standard","value":"0"},{"name":"url","value":"'https://sandboxtest.stroyrem-nn.ru/'"},{"name":"weight","value":"30"}],"links":[],"hidden":false,"retry":false,"extra":{"severity":"normal","retries":[],"categories":[],"history":{"statistic":{"failed":0,"broken":13,"skipped":15,"passed":0,"unknown":0,"total":28},"items":[{"uid":"721e4fc7595b6216","reportUrl":"https://Nat754.github.io/StroyremAutomation/61//#testresult/721e4fc7595b6216","status":"skipped","statusDetails":"XFAIL\n\nselenium.common.exceptions.NoSuchElementException: Message: no such element: Unable to locate element: {\"method\":\"xpath\",\"selector\":\"(//a[@class='add-to-cart yellow-btn'])[1]\"}\n  (Session info: headless chrome=117.0.5938.62); For documentation on this error, please visit: https://www.selenium.dev/documentation/webdriver/troubleshooting/errors#no-such-element-exception\nStacktrace:\n#0 0x5608683d0693 <unknown>\n#1 0x5608680a61e7 <unknown>\n#2 0x5608680ed566 <unknown>\n#3 0x5608680ed651 <unknown>\n#4 0x56086812aa74 <unknown>\n#5 0x56086810f0ed <unknown>\n#6 0x560868128322 <unknown>\n#7 0x56086810ee93 <unknown>\n#8 0x5608680e1934 <unknown>\n#9 0x5608680e271e <unknown>\n#10 0x560868395c98 <unknown>\n#11 0x560868399bd0 <unknown>\n#12 0x5608683a417c <unknown>\n#13 0x56086839a7e8 <unknown>\n#14 0x56086836725f <unknown>\n#15 0x5608683bee68 <unknown>\n#16 0x5608683bf039 <unknown>\n#17 0x5608683cf823 <unknown>\n#18 0x7f9a7cfda044 <unknown>","time":{"start":1694566580596,"stop":1694566581216,"duration":620}},{"uid":"ae2b9e3b1c8ba31b","reportUrl":"https://Nat754.github.io/StroyremAutomation/60//#testresult/ae2b9e3b1c8ba31b","status":"skipped","statusDetails":"XFAIL\n\nselenium.common.exceptions.NoSuchElementException: Message: no such element: Unable to locate element: {\"method\":\"xpath\",\"selector\":\"(//a[@class='add-to-cart yellow-btn'])[1]\"}\n  (Session info: headless chrome=116.0.5845.96); For documentation on this error, please visit: https://www.selenium.dev/documentation/webdriver/troubleshooting/errors#no-such-element-exception\nStacktrace:\n#0 0x5585d1910e23 <unknown>\n#1 0x5585d16397a7 <unknown>\n#2 0x5585d16781d3 <unknown>\n#3 0x5585d16782c1 <unknown>\n#4 0x5585d16b3a04 <unknown>\n#5 0x5585d169903d <unknown>\n#6 0x5585d16b1369 <unknown>\n#7 0x5585d1698de3 <unknown>\n#8 0x5585d166ca7b <unknown>\n#9 0x5585d166d81e <unknown>\n#10 0x5585d18d2638 <unknown>\n#11 0x5585d18d6507 <unknown>\n#12 0x5585d18e0c4c <unknown>\n#13 0x5585d18d7136 <unknown>\n#14 0x5585d18a59cf <unknown>\n#15 0x5585d18fab98 <unknown>\n#16 0x5585d18fad68 <unknown>\n#17 0x5585d1909cb3 <unknown>\n#18 0x7f2cf8c6e044 <unknown>","time":{"start":1694504662166,"stop":1694504663070,"duration":904}},{"uid":"891864ae7f5f5dcc","reportUrl":"https://Nat754.github.io/StroyremAutomation/60//#testresult/891864ae7f5f5dcc","status":"skipped","statusDetails":"XFAIL\n\nselenium.common.exceptions.NoSuchElementException: Message: no such element: Unable to locate element: {\"method\":\"xpath\",\"selector\":\"(//a[@class='add-to-cart yellow-btn'])[1]\"}\n  (Session info: headless chrome=116.0.5845.96); For documentation on this error, please visit: https://www.selenium.dev/documentation/webdriver/troubleshooting/errors#no-such-element-exception\nStacktrace:\n#0 0x56368387ee23 <unknown>\n#1 0x5636835a77a7 <unknown>\n#2 0x5636835e61d3 <unknown>\n#3 0x5636835e62c1 <unknown>\n#4 0x563683621a04 <unknown>\n#5 0x56368360703d <unknown>\n#6 0x56368361f369 <unknown>\n#7 0x563683606de3 <unknown>\n#8 0x5636835daa7b <unknown>\n#9 0x5636835db81e <unknown>\n#10 0x563683840638 <unknown>\n#11 0x563683844507 <unknown>\n#12 0x56368384ec4c <unknown>\n#13 0x563683845136 <unknown>\n#14 0x5636838139cf <unknown>\n#15 0x563683868b98 <unknown>\n#16 0x563683868d68 <unknown>\n#17 0x563683877cb3 <unknown>\n#18 0x7f69a5c4f044 <unknown>","time":{"start":1694480191631,"stop":1694480192832,"duration":1201}},{"uid":"dec7d33bf2ef3913","reportUrl":"https://Nat754.github.io/StroyremAutomation/59//#testresult/dec7d33bf2ef3913","status":"skipped","statusDetails":"XFAIL\n\nselenium.common.exceptions.NoSuchElementException: Message: no such element: Unable to locate element: {\"method\":\"xpath\",\"selector\":\"(//a[@class='add-to-cart yellow-btn'])[1]\"}\n  (Session info: headless chrome=116.0.5845.96); For documentation on this error, please visit: https://www.selenium.dev/documentation/webdriver/troubleshooting/errors#no-such-element-exception\nStacktrace:\n#0 0x559eb1f7be23 <unknown>\n#1 0x559eb1ca47a7 <unknown>\n#2 0x559eb1ce31d3 <unknown>\n#3 0x559eb1ce32c1 <unknown>\n#4 0x559eb1d1ea04 <unknown>\n#5 0x559eb1d0403d <unknown>\n#6 0x559eb1d1c369 <unknown>\n#7 0x559eb1d03de3 <unknown>\n#8 0x559eb1cd7a7b <unknown>\n#9 0x559eb1cd881e <unknown>\n#10 0x559eb1f3d638 <unknown>\n#11 0x559eb1f41507 <unknown>\n#12 0x559eb1f4bc4c <unknown>\n#13 0x559eb1f42136 <unknown>\n#14 0x559eb1f109cf <unknown>\n#15 0x559eb1f65b98 <unknown>\n#16 0x559eb1f65d68 <unknown>\n#17 0x559eb1f74cb3 <unknown>\n#18 0x7fba055ad044 <unknown>","time":{"start":1694433819638,"stop":1694433820218,"duration":580}},{"uid":"79e622266caaf7a1","reportUrl":"https://Nat754.github.io/StroyremAutomation/57//#testresult/79e622266caaf7a1","status":"skipped","statusDetails":"XFAIL\n\nselenium.common.exceptions.NoSuchElementException: Message: no such element: Unable to locate element: {\"method\":\"xpath\",\"selector\":\"(//a[@class='add-to-cart yellow-btn'])[1]\"}\n  (Session info: headless chrome=116.0.5845.96); For documentation on this error, please visit: https://www.selenium.dev/documentation/webdriver/troubleshooting/errors#no-such-element-exception\nStacktrace:\n#0 0x56185f59ce23 <unknown>\n#1 0x56185f2c57a7 <unknown>\n#2 0x56185f3041d3 <unknown>\n#3 0x56185f3042c1 <unknown>\n#4 0x56185f33fa04 <unknown>\n#5 0x56185f32503d <unknown>\n#6 0x56185f33d369 <unknown>\n#7 0x56185f324de3 <unknown>\n#8 0x56185f2f8a7b <unknown>\n#9 0x56185f2f981e <unknown>\n#10 0x56185f55e638 <unknown>\n#11 0x56185f562507 <unknown>\n#12 0x56185f56cc4c <unknown>\n#13 0x56185f563136 <unknown>\n#14 0x56185f5319cf <unknown>\n#15 0x56185f586b98 <unknown>\n#16 0x56185f586d68 <unknown>\n#17 0x56185f595cb3 <unknown>\n#18 0x7f04ad2c6044 <unknown>","time":{"start":1694431048226,"stop":1694431048922,"duration":696}},{"uid":"19c97ce6de27f38d","reportUrl":"https://Nat754.github.io/StroyremAutomation/58//#testresult/19c97ce6de27f38d","status":"skipped","statusDetails":"XFAIL\n\nselenium.common.exceptions.NoSuchElementException: Message: no such element: Unable to locate element: {\"method\":\"xpath\",\"selector\":\"(//a[@class='add-to-cart yellow-btn'])[1]\"}\n  (Session info: headless chrome=116.0.5845.96); For documentation on this error, please visit: https://www.selenium.dev/documentation/webdriver/troubleshooting/errors#no-such-element-exception\nStacktrace:\n#0 0x56482947ce23 <unknown>\n#1 0x5648291a57a7 <unknown>\n#2 0x5648291e41d3 <unknown>\n#3 0x5648291e42c1 <unknown>\n#4 0x56482921fa04 <unknown>\n#5 0x56482920503d <unknown>\n#6 0x56482921d369 <unknown>\n#7 0x564829204de3 <unknown>\n#8 0x5648291d8a7b <unknown>\n#9 0x5648291d981e <unknown>\n#10 0x56482943e638 <unknown>\n#11 0x564829442507 <unknown>\n#12 0x56482944cc4c <unknown>\n#13 0x564829443136 <unknown>\n#14 0x5648294119cf <unknown>\n#15 0x564829466b98 <unknown>\n#16 0x564829466d68 <unknown>\n#17 0x564829475cb3 <unknown>\n#18 0x7fefe53b6044 <unknown>","time":{"start":1694430969692,"stop":1694430970229,"duration":537}},{"uid":"264801a447d9ada3","reportUrl":"https://Nat754.github.io/StroyremAutomation/56//#testresult/264801a447d9ada3","status":"skipped","statusDetails":"XFAIL\n\nselenium.common.exceptions.NoSuchElementException: Message: no such element: Unable to locate element: {\"method\":\"xpath\",\"selector\":\"(//a[@class='add-to-cart yellow-btn'])[1]\"}\n  (Session info: headless chrome=116.0.5845.96); For documentation on this error, please visit: https://www.selenium.dev/documentation/webdriver/troubleshooting/errors#no-such-element-exception\nStacktrace:\n#0 0x5603e147de23 <unknown>\n#1 0x5603e11a67a7 <unknown>\n#2 0x5603e11e51d3 <unknown>\n#3 0x5603e11e52c1 <unknown>\n#4 0x5603e1220a04 <unknown>\n#5 0x5603e120603d <unknown>\n#6 0x5603e121e369 <unknown>\n#7 0x5603e1205de3 <unknown>\n#8 0x5603e11d9a7b <unknown>\n#9 0x5603e11da81e <unknown>\n#10 0x5603e143f638 <unknown>\n#11 0x5603e1443507 <unknown>\n#12 0x5603e144dc4c <unknown>\n#13 0x5603e1444136 <unknown>\n#14 0x5603e14129cf <unknown>\n#15 0x5603e1467b98 <unknown>\n#16 0x5603e1467d68 <unknown>\n#17 0x5603e1476cb3 <unknown>\n#18 0x7f94ca51b044 <unknown>","time":{"start":1694429590054,"stop":1694429590716,"duration":662}},{"uid":"9b0d0eec32661aff","reportUrl":"https://Nat754.github.io/StroyremAutomation/56//#testresult/9b0d0eec32661aff","status":"skipped","statusDetails":"XFAIL\n\nselenium.common.exceptions.NoSuchElementException: Message: no such element: Unable to locate element: {\"method\":\"xpath\",\"selector\":\"(//a[@class='add-to-cart yellow-btn'])[1]\"}\n  (Session info: headless chrome=116.0.5845.96); For documentation on this error, please visit: https://www.selenium.dev/documentation/webdriver/troubleshooting/errors#no-such-element-exception\nStacktrace:\n#0 0x555fa04f3e23 <unknown>\n#1 0x555fa021c7a7 <unknown>\n#2 0x555fa025b1d3 <unknown>\n#3 0x555fa025b2c1 <unknown>\n#4 0x555fa0296a04 <unknown>\n#5 0x555fa027c03d <unknown>\n#6 0x555fa0294369 <unknown>\n#7 0x555fa027bde3 <unknown>\n#8 0x555fa024fa7b <unknown>\n#9 0x555fa025081e <unknown>\n#10 0x555fa04b5638 <unknown>\n#11 0x555fa04b9507 <unknown>\n#12 0x555fa04c3c4c <unknown>\n#13 0x555fa04ba136 <unknown>\n#14 0x555fa04889cf <unknown>\n#15 0x555fa04ddb98 <unknown>\n#16 0x555fa04ddd68 <unknown>\n#17 0x555fa04eccb3 <unknown>\n#18 0x7fd1f8460044 <unknown>","time":{"start":1694393706084,"stop":1694393706659,"duration":575}},{"uid":"d4f645666b63d21","reportUrl":"https://Nat754.github.io/StroyremAutomation/55//#testresult/d4f645666b63d21","status":"skipped","statusDetails":"XFAIL\n\nselenium.common.exceptions.NoSuchElementException: Message: no such element: Unable to locate element: {\"method\":\"xpath\",\"selector\":\"(//a[@class='add-to-cart yellow-btn'])[1]\"}\n  (Session info: headless chrome=116.0.5845.96); For documentation on this error, please visit: https://www.selenium.dev/documentation/webdriver/troubleshooting/errors#no-such-element-exception\nStacktrace:\n#0 0x55a547d77e23 <unknown>\n#1 0x55a547aa07a7 <unknown>\n#2 0x55a547adf1d3 <unknown>\n#3 0x55a547adf2c1 <unknown>\n#4 0x55a547b1aa04 <unknown>\n#5 0x55a547b0003d <unknown>\n#6 0x55a547b18369 <unknown>\n#7 0x55a547affde3 <unknown>\n#8 0x55a547ad3a7b <unknown>\n#9 0x55a547ad481e <unknown>\n#10 0x55a547d39638 <unknown>\n#11 0x55a547d3d507 <unknown>\n#12 0x55a547d47c4c <unknown>\n#13 0x55a547d3e136 <unknown>\n#14 0x55a547d0c9cf <unknown>\n#15 0x55a547d61b98 <unknown>\n#16 0x55a547d61d68 <unknown>\n#17 0x55a547d70cb3 <unknown>\n#18 0x7f8fa362c044 <unknown>","time":{"start":1694380821412,"stop":1694380822206,"duration":794}},{"uid":"1a03e3a52cb12ab7","reportUrl":"https://Nat754.github.io/StroyremAutomation/55//#testresult/1a03e3a52cb12ab7","status":"skipped","statusDetails":"XFAIL\n\nselenium.common.exceptions.NoSuchElementException: Message: no such element: Unable to locate element: {\"method\":\"xpath\",\"selector\":\"(//a[@class='add-to-cart yellow-btn'])[1]\"}\n  (Session info: headless chrome=116.0.5845.96); For documentation on this error, please visit: https://www.selenium.dev/documentation/webdriver/troubleshooting/errors#no-such-element-exception\nStacktrace:\n#0 0x5556907bce23 <unknown>\n#1 0x5556904e57a7 <unknown>\n#2 0x5556905241d3 <unknown>\n#3 0x5556905242c1 <unknown>\n#4 0x55569055fa04 <unknown>\n#5 0x55569054503d <unknown>\n#6 0x55569055d369 <unknown>\n#7 0x555690544de3 <unknown>\n#8 0x555690518a7b <unknown>\n#9 0x55569051981e <unknown>\n#10 0x55569077e638 <unknown>\n#11 0x555690782507 <unknown>\n#12 0x55569078cc4c <unknown>\n#13 0x555690783136 <unknown>\n#14 0x5556907519cf <unknown>\n#15 0x5556907a6b98 <unknown>\n#16 0x5556907a6d68 <unknown>\n#17 0x5556907b5cb3 <unknown>\n#18 0x7f9128644044 <unknown>","time":{"start":1694307486597,"stop":1694307487164,"duration":567}},{"uid":"34ad44df9fba25ff","reportUrl":"https://Nat754.github.io/StroyremAutomation/54//#testresult/34ad44df9fba25ff","status":"skipped","statusDetails":"XFAIL\n\nselenium.common.exceptions.NoSuchElementException: Message: no such element: Unable to locate element: {\"method\":\"xpath\",\"selector\":\"(//a[@class='add-to-cart yellow-btn'])[1]\"}\n  (Session info: headless chrome=116.0.5845.96); For documentation on this error, please visit: https://www.selenium.dev/documentation/webdriver/troubleshooting/errors#no-such-element-exception\nStacktrace:\n#0 0x55c188c3ee23 <unknown>\n#1 0x55c1889677a7 <unknown>\n#2 0x55c1889a61d3 <unknown>\n#3 0x55c1889a62c1 <unknown>\n#4 0x55c1889e1a04 <unknown>\n#5 0x55c1889c703d <unknown>\n#6 0x55c1889df369 <unknown>\n#7 0x55c1889c6de3 <unknown>\n#8 0x55c18899aa7b <unknown>\n#9 0x55c18899b81e <unknown>\n#10 0x55c188c00638 <unknown>\n#11 0x55c188c04507 <unknown>\n#12 0x55c188c0ec4c <unknown>\n#13 0x55c188c05136 <unknown>\n#14 0x55c188bd39cf <unknown>\n#15 0x55c188c28b98 <unknown>\n#16 0x55c188c28d68 <unknown>\n#17 0x55c188c37cb3 <unknown>\n#18 0x7fc46b6d9044 <unknown>","time":{"start":1694286775169,"stop":1694286775897,"duration":728}},{"uid":"54f4b831e729546","reportUrl":"https://Nat754.github.io/StroyremAutomation/54//#testresult/54f4b831e729546","status":"skipped","statusDetails":"XFAIL\n\nselenium.common.exceptions.NoSuchElementException: Message: no such element: Unable to locate element: {\"method\":\"xpath\",\"selector\":\"(//a[@class='add-to-cart yellow-btn'])[1]\"}\n  (Session info: headless chrome=116.0.5845.96); For documentation on this error, please visit: https://www.selenium.dev/documentation/webdriver/troubleshooting/errors#no-such-element-exception\nStacktrace:\n#0 0x556434cf8e23 <unknown>\n#1 0x556434a217a7 <unknown>\n#2 0x556434a601d3 <unknown>\n#3 0x556434a602c1 <unknown>\n#4 0x556434a9ba04 <unknown>\n#5 0x556434a8103d <unknown>\n#6 0x556434a99369 <unknown>\n#7 0x556434a80de3 <unknown>\n#8 0x556434a54a7b <unknown>\n#9 0x556434a5581e <unknown>\n#10 0x556434cba638 <unknown>\n#11 0x556434cbe507 <unknown>\n#12 0x556434cc8c4c <unknown>\n#13 0x556434cbf136 <unknown>\n#14 0x556434c8d9cf <unknown>\n#15 0x556434ce2b98 <unknown>\n#16 0x556434ce2d68 <unknown>\n#17 0x556434cf1cb3 <unknown>\n#18 0x7fddd05f6044 <unknown>","time":{"start":1694220782297,"stop":1694220782855,"duration":558}},{"uid":"df49f5451af22c12","reportUrl":"https://Nat754.github.io/StroyremAutomation/4//#testresult/df49f5451af22c12","status":"broken","statusDetails":"selenium.common.exceptions.NoSuchElementException: Message: no such element: Unable to locate element: {\"method\":\"xpath\",\"selector\":\"(//a[@class='add-to-cart yellow-btn'])[1]\"}\n  (Session info: headless chrome=116.0.5845.96); For documentation on this error, please visit: https://www.selenium.dev/documentation/webdriver/troubleshooting/errors#no-such-element-exception\nStacktrace:\n#0 0x56324d5f5e23 <unknown>\n#1 0x56324d31e7a7 <unknown>\n#2 0x56324d35d1d3 <unknown>\n#3 0x56324d35d2c1 <unknown>\n#4 0x56324d398a04 <unknown>\n#5 0x56324d37e03d <unknown>\n#6 0x56324d396369 <unknown>\n#7 0x56324d37dde3 <unknown>\n#8 0x56324d351a7b <unknown>\n#9 0x56324d35281e <unknown>\n#10 0x56324d5b7638 <unknown>\n#11 0x56324d5bb507 <unknown>\n#12 0x56324d5c5c4c <unknown>\n#13 0x56324d5bc136 <unknown>\n#14 0x56324d58a9cf <unknown>\n#15 0x56324d5dfb98 <unknown>\n#16 0x56324d5dfd68 <unknown>\n#17 0x56324d5eecb3 <unknown>\n#18 0x7f1a8b221044 <unknown>","time":{"start":1694196801281,"stop":1694196801699,"duration":418}},{"uid":"53ec08606a8911b4","reportUrl":"https://Nat754.github.io/StroyremAutomation/53//#testresult/53ec08606a8911b4","status":"skipped","statusDetails":"XFAIL\n\nselenium.common.exceptions.NoSuchElementException: Message: no such element: Unable to locate element: {\"method\":\"xpath\",\"selector\":\"(//a[@class='add-to-cart yellow-btn'])[1]\"}\n  (Session info: headless chrome=116.0.5845.96); For documentation on this error, please visit: https://www.selenium.dev/documentation/webdriver/troubleshooting/errors#no-such-element-exception\nStacktrace:\n#0 0x56134695fe23 <unknown>\n#1 0x5613466887a7 <unknown>\n#2 0x5613466c71d3 <unknown>\n#3 0x5613466c72c1 <unknown>\n#4 0x561346702a04 <unknown>\n#5 0x5613466e803d <unknown>\n#6 0x561346700369 <unknown>\n#7 0x5613466e7de3 <unknown>\n#8 0x5613466bba7b <unknown>\n#9 0x5613466bc81e <unknown>\n#10 0x561346921638 <unknown>\n#11 0x561346925507 <unknown>\n#12 0x56134692fc4c <unknown>\n#13 0x561346926136 <unknown>\n#14 0x5613468f49cf <unknown>\n#15 0x561346949b98 <unknown>\n#16 0x561346949d68 <unknown>\n#17 0x561346958cb3 <unknown>\n#18 0x7f6ba7846044 <unknown>","time":{"start":1694207086432,"stop":1694207086988,"duration":556}},{"uid":"5e9c228a27add110","reportUrl":"https://Nat754.github.io/StroyremAutomation/53//#testresult/5e9c228a27add110","status":"skipped","statusDetails":"XFAIL\n\nselenium.common.exceptions.NoSuchElementException: Message: no such element: Unable to locate element: {\"method\":\"xpath\",\"selector\":\"(//a[@class='add-to-cart yellow-btn'])[1]\"}\n  (Session info: headless chrome=116.0.5845.96); For documentation on this error, please visit: https://www.selenium.dev/documentation/webdriver/troubleshooting/errors#no-such-element-exception\nStacktrace:\n#0 0x559831b56e23 <unknown>\n#1 0x55983187f7a7 <unknown>\n#2 0x5598318be1d3 <unknown>\n#3 0x5598318be2c1 <unknown>\n#4 0x5598318f9a04 <unknown>\n#5 0x5598318df03d <unknown>\n#6 0x5598318f7369 <unknown>\n#7 0x5598318dede3 <unknown>\n#8 0x5598318b2a7b <unknown>\n#9 0x5598318b381e <unknown>\n#10 0x559831b18638 <unknown>\n#11 0x559831b1c507 <unknown>\n#12 0x559831b26c4c <unknown>\n#13 0x559831b1d136 <unknown>\n#14 0x559831aeb9cf <unknown>\n#15 0x559831b40b98 <unknown>\n#16 0x559831b40d68 <unknown>\n#17 0x559831b4fcb3 <unknown>\n#18 0x7f133b963044 <unknown>","time":{"start":1694198922748,"stop":1694198923276,"duration":528}},{"uid":"e0d362273ef996b8","reportUrl":"https://Nat754.github.io/StroyremAutomation/4//#testresult/e0d362273ef996b8","status":"broken","statusDetails":"selenium.common.exceptions.NoSuchElementException: Message: no such element: Unable to locate element: {\"method\":\"xpath\",\"selector\":\"(//a[@class='add-to-cart yellow-btn'])[1]\"}\n  (Session info: headless chrome=116.0.5845.96); For documentation on this error, please visit: https://www.selenium.dev/documentation/webdriver/troubleshooting/errors#no-such-element-exception\nStacktrace:\n#0 0x56349c121e23 <unknown>\n#1 0x56349be4a7a7 <unknown>\n#2 0x56349be891d3 <unknown>\n#3 0x56349be892c1 <unknown>\n#4 0x56349bec4a04 <unknown>\n#5 0x56349beaa03d <unknown>\n#6 0x56349bec2369 <unknown>\n#7 0x56349bea9de3 <unknown>\n#8 0x56349be7da7b <unknown>\n#9 0x56349be7e81e <unknown>\n#10 0x56349c0e3638 <unknown>\n#11 0x56349c0e7507 <unknown>\n#12 0x56349c0f1c4c <unknown>\n#13 0x56349c0e8136 <unknown>\n#14 0x56349c0b69cf <unknown>\n#15 0x56349c10bb98 <unknown>\n#16 0x56349c10bd68 <unknown>\n#17 0x56349c11acb3 <unknown>\n#18 0x7f1da2494044 <unknown>","time":{"start":1694183737542,"stop":1694183737951,"duration":409}},{"uid":"1ac33be03c80f8a","reportUrl":"https://Nat754.github.io/StroyremAutomation/52//#testresult/1ac33be03c80f8a","status":"broken","statusDetails":"selenium.common.exceptions.NoSuchElementException: Message: no such element: Unable to locate element: {\"method\":\"xpath\",\"selector\":\"(//a[@class='add-to-cart yellow-btn'])[1]\"}\n  (Session info: headless chrome=116.0.5845.96); For documentation on this error, please visit: https://www.selenium.dev/documentation/webdriver/troubleshooting/errors#no-such-element-exception\nStacktrace:\n#0 0x55558d0ace23 <unknown>\n#1 0x55558cdd57a7 <unknown>\n#2 0x55558ce141d3 <unknown>\n#3 0x55558ce142c1 <unknown>\n#4 0x55558ce4fa04 <unknown>\n#5 0x55558ce3503d <unknown>\n#6 0x55558ce4d369 <unknown>\n#7 0x55558ce34de3 <unknown>\n#8 0x55558ce08a7b <unknown>\n#9 0x55558ce0981e <unknown>\n#10 0x55558d06e638 <unknown>\n#11 0x55558d072507 <unknown>\n#12 0x55558d07cc4c <unknown>\n#13 0x55558d073136 <unknown>\n#14 0x55558d0419cf <unknown>\n#15 0x55558d096b98 <unknown>\n#16 0x55558d096d68 <unknown>\n#17 0x55558d0a5cb3 <unknown>\n#18 0x7f0945a7c044 <unknown>","time":{"start":1694134617097,"stop":1694134617767,"duration":670}},{"uid":"10e3fbf88ffea32c","reportUrl":"https://Nat754.github.io/StroyremAutomation/51//#testresult/10e3fbf88ffea32c","status":"broken","statusDetails":"selenium.common.exceptions.NoSuchElementException: Message: no such element: Unable to locate element: {\"method\":\"xpath\",\"selector\":\"(//a[@class='add-to-cart yellow-btn'])[1]\"}\n  (Session info: headless chrome=116.0.5845.96); For documentation on this error, please visit: https://www.selenium.dev/documentation/webdriver/troubleshooting/errors#no-such-element-exception\nStacktrace:\n#0 0x55d1a6802e23 <unknown>\n#1 0x55d1a652b7a7 <unknown>\n#2 0x55d1a656a1d3 <unknown>\n#3 0x55d1a656a2c1 <unknown>\n#4 0x55d1a65a5a04 <unknown>\n#5 0x55d1a658b03d <unknown>\n#6 0x55d1a65a3369 <unknown>\n#7 0x55d1a658ade3 <unknown>\n#8 0x55d1a655ea7b <unknown>\n#9 0x55d1a655f81e <unknown>\n#10 0x55d1a67c4638 <unknown>\n#11 0x55d1a67c8507 <unknown>\n#12 0x55d1a67d2c4c <unknown>\n#13 0x55d1a67c9136 <unknown>\n#14 0x55d1a67979cf <unknown>\n#15 0x55d1a67ecb98 <unknown>\n#16 0x55d1a67ecd68 <unknown>\n#17 0x55d1a67fbcb3 <unknown>\n#18 0x7fc915a88044 <unknown>","time":{"start":1694048052638,"stop":1694048053324,"duration":686}},{"uid":"b68324cb7009c83","reportUrl":"https://Nat754.github.io/StroyremAutomation/50//#testresult/b68324cb7009c83","status":"broken","statusDetails":"selenium.common.exceptions.ElementNotInteractableException: Message: element not interactable\n  (Session info: headless chrome=116.0.5845.96)\nStacktrace:\n#0 0x561401c6ee23 <unknown>\n#1 0x5614019975f6 <unknown>\n#2 0x5614019cdc5d <unknown>\n#3 0x5614019f7012 <unknown>\n#4 0x5614019cbfb6 <unknown>\n#5 0x5614019f71de <unknown>\n#6 0x561401a0f369 <unknown>\n#7 0x5614019f6de3 <unknown>\n#8 0x5614019caa7b <unknown>\n#9 0x5614019cb81e <unknown>\n#10 0x561401c30638 <unknown>\n#11 0x561401c34507 <unknown>\n#12 0x561401c3ec4c <unknown>\n#13 0x561401c35136 <unknown>\n#14 0x561401c039cf <unknown>\n#15 0x561401c58b98 <unknown>\n#16 0x561401c58d68 <unknown>\n#17 0x561401c67cb3 <unknown>\n#18 0x7fa0eaa15044 <unknown>","time":{"start":1693961874238,"stop":1693961881665,"duration":7427}},{"uid":"aa791ad5fc058575","reportUrl":"https://Nat754.github.io/StroyremAutomation/49//#testresult/aa791ad5fc058575","status":"broken","statusDetails":"selenium.common.exceptions.NoSuchElementException: Message: no such element: Unable to locate element: {\"method\":\"xpath\",\"selector\":\"(//a[@class='add-to-cart yellow-btn'])[1]\"}\n  (Session info: headless chrome=116.0.5845.96); For documentation on this error, please visit: https://www.selenium.dev/documentation/webdriver/troubleshooting/errors#no-such-element-exception\nStacktrace:\n#0 0x55cf03c1ee23 <unknown>\n#1 0x55cf039477a7 <unknown>\n#2 0x55cf039861d3 <unknown>\n#3 0x55cf039862c1 <unknown>\n#4 0x55cf039c1a04 <unknown>\n#5 0x55cf039a703d <unknown>\n#6 0x55cf039bf369 <unknown>\n#7 0x55cf039a6de3 <unknown>\n#8 0x55cf0397aa7b <unknown>\n#9 0x55cf0397b81e <unknown>\n#10 0x55cf03be0638 <unknown>\n#11 0x55cf03be4507 <unknown>\n#12 0x55cf03beec4c <unknown>\n#13 0x55cf03be5136 <unknown>\n#14 0x55cf03bb39cf <unknown>\n#15 0x55cf03c08b98 <unknown>\n#16 0x55cf03c08d68 <unknown>\n#17 0x55cf03c17cb3 <unknown>\n#18 0x7efec0d76044 <unknown>","time":{"start":1693875230151,"stop":1693875230729,"duration":578}}]},"tags":["@pytest.mark.xfail","smoke_test"]},"source":"53ca8f3ce3a918a7.json","parameterValues":["2190","1","'TD 001'","1590","'products/uroven---uglomer-elektronnyj-kapro-992'","0","'https://sandboxtest.stroyrem-nn.ru/'","30"]}