{"uid":"6742b2593e633b93","name":"TD 025 Доставка товара весом до 10000кг. в синей зоне","fullName":"tests.delivery.test_delivery_calculation.TestDeliveryPageCalculation#test_positive_delivery_blue_zone_smoke","historyId":"5c91f1b6a5c2e7b4c36fa79019f7f7db","time":{"start":1694566619939,"stop":1694566620443,"duration":504},"status":"skipped","statusMessage":"XFAIL\n\nselenium.common.exceptions.NoSuchElementException: Message: no such element: Unable to locate element: {\"method\":\"xpath\",\"selector\":\"(//a[@class='add-to-cart yellow-btn'])[1]\"}\n  (Session info: headless chrome=117.0.5938.62); For documentation on this error, please visit: https://www.selenium.dev/documentation/webdriver/troubleshooting/errors#no-such-element-exception\nStacktrace:\n#0 0x563cf6f19693 <unknown>\n#1 0x563cf6bef1e7 <unknown>\n#2 0x563cf6c36566 <unknown>\n#3 0x563cf6c36651 <unknown>\n#4 0x563cf6c73a74 <unknown>\n#5 0x563cf6c580ed <unknown>\n#6 0x563cf6c71322 <unknown>\n#7 0x563cf6c57e93 <unknown>\n#8 0x563cf6c2a934 <unknown>\n#9 0x563cf6c2b71e <unknown>\n#10 0x563cf6edec98 <unknown>\n#11 0x563cf6ee2bd0 <unknown>\n#12 0x563cf6eed17c <unknown>\n#13 0x563cf6ee37e8 <unknown>\n#14 0x563cf6eb025f <unknown>\n#15 0x563cf6f07e68 <unknown>\n#16 0x563cf6f08039 <unknown>\n#17 0x563cf6f18823 <unknown>\n#18 0x7f4145811044 <unknown>","statusTrace":"self = <tests.delivery.test_delivery_calculation.TestDeliveryPageCalculation object at 0x7f5c51e27fd0>\ndriver = <selenium.webdriver.chrome.webdriver.WebDriver (session=\"3bbd35b3e451f716a1b44f67219c7b47\")>\nurl = 'https://sandboxtest.stroyrem-nn.ru/', case_id = 'TD 025'\nlink_item = 'products/shtukaturka-gipsovaya-aksolit-m50-30-kg-mashinnogo-naneseniya'\namount = 333, weight = 10000, standard = 7000, in_time = 13900, all_time = 15900\n\n    @pytest.mark.parametrize('case_id, link_item, amount, weight, standard, in_time, all_time', [\n        (\"TD 015\", bundeks_25, 1, 30, 650, 2390, 3320),\n        pytest.param(\n            \"TD 016\", aksolit_30, 8, 300, 650, 2390, 3320,\n            marks=pytest.mark.xfail(reson=\"Цена доставки: - - -\")\n        ),\n        (\"TD 017\", aksolit_30, 13, 400, 650, 2390, 3320),\n        (\"TD 018\", aksolit_30, 16, 500, 850, 2490, 3320),\n        (\"TD 019\", aksolit_30, 25, 1700, 1150, 2490, 3320),\n        (\"TD 020\", aksolit_30, 66, 2000, 1500, 2990, 3650),\n        (\"TD 021\", aksolit_30, 149, 4500, 2600, 4380, 4890),\n        (\"TD 022\", aksolit_30, 166, 5000, 2800, 5490, 5980),\n        pytest.param(\n            \"TD 023\", aksolit_30, 206, 6200, 3300, 7500, 8000,\n            marks=pytest.mark.xfail(reson=\"Цена доставки: 4300 9900 11440\")\n        ),\n        (\"TD 024\", aksolit_30, 299, 9000, 4300, 9900, 11440),\n        (\"TD 025\", aksolit_30, 333, 10000, 7000, 13900, 15900),\n        pytest.param(\n            \"TD 026\", aksolit_30, 366, 11000, 8000, 14900, 19900,\n            marks=pytest.mark.xfail(reson=\"Цена доставки: 7000 13900 15900\")\n        ),\n        pytest.param(\n            \"TD 027\", aksolit_30, 666, 20000, 14000, 16900, 23900,\n            marks=pytest.mark.xfail(reson=\"Цена доставки: 7000 13900 15900\")\n        )\n    ])\n    @pytest.mark.xfail\n    @pytest.mark.smoke_test\n    def test_positive_delivery_blue_zone_smoke(\n            self, driver, url, case_id, link_item, amount, weight, standard, in_time, all_time\n    ):\n        allure.dynamic.title(f\"{case_id} Доставка товара весом до {weight}кг. в синей зоне\")\n    \n        driver.get(f'{url}{link_item}')\n        item_page = ItemPage(driver)\n>       item_page.add_item_to_cart(amount).click_on_cart()\n\ntests/delivery/test_delivery_calculation.py:132: \n_ _ _ _ _ _ _ _ _ _ _ _ _ _ _ _ _ _ _ _ _ _ _ _ _ _ _ _ _ _ _ _ _ _ _ _ _ _ _ _ \npages/item_page.py:40: in add_item_to_cart\n    self.find_element(self._add_item).click()\nbase/seleniumbase.py:17: in find_element\n    return self.driver.find_element(*locator)\n/usr/local/lib/python3.11/site-packages/selenium/webdriver/remote/webdriver.py:738: in find_element\n    return self.execute(Command.FIND_ELEMENT, {\"using\": by, \"value\": value})[\"value\"]\n/usr/local/lib/python3.11/site-packages/selenium/webdriver/remote/webdriver.py:344: in execute\n    self.error_handler.check_response(response)\n_ _ _ _ _ _ _ _ _ _ _ _ _ _ _ _ _ _ _ _ _ _ _ _ _ _ _ _ _ _ _ _ _ _ _ _ _ _ _ _ \n\nself = <selenium.webdriver.remote.errorhandler.ErrorHandler object at 0x7f5c516683d0>\nresponse = {'status': 404, 'value': '{\"value\":{\"error\":\"no such element\",\"message\":\"no such element: Unable to locate element: {\\...\\\\n#16 0x563cf6f08039 \\\\u003Cunknown>\\\\n#17 0x563cf6f18823 \\\\u003Cunknown>\\\\n#18 0x7f4145811044 \\\\u003Cunknown>\\\\n\"}}'}\n\n    def check_response(self, response: Dict[str, Any]) -> None:\n        \"\"\"Checks that a JSON response from the WebDriver does not have an\n        error.\n    \n        :Args:\n         - response - The JSON response from the WebDriver server as a dictionary\n           object.\n    \n        :Raises: If the response contains an error message.\n        \"\"\"\n        status = response.get(\"status\", None)\n        if not status or status == ErrorCode.SUCCESS:\n            return\n        value = None\n        message = response.get(\"message\", \"\")\n        screen: str = response.get(\"screen\", \"\")\n        stacktrace = None\n        if isinstance(status, int):\n            value_json = response.get(\"value\", None)\n            if value_json and isinstance(value_json, str):\n                import json\n    \n                try:\n                    value = json.loads(value_json)\n                    if len(value) == 1:\n                        value = value[\"value\"]\n                    status = value.get(\"error\", None)\n                    if not status:\n                        status = value.get(\"status\", ErrorCode.UNKNOWN_ERROR)\n                        message = value.get(\"value\") or value.get(\"message\")\n                        if not isinstance(message, str):\n                            value = message\n                            message = message.get(\"message\")\n                    else:\n                        message = value.get(\"message\", None)\n                except ValueError:\n                    pass\n    \n        exception_class: Type[WebDriverException]\n        e = ErrorCode()\n        error_codes = [item for item in dir(e) if not item.startswith(\"__\")]\n        for error_code in error_codes:\n            error_info = getattr(ErrorCode, error_code)\n            if isinstance(error_info, list) and status in error_info:\n                exception_class = getattr(ExceptionMapping, error_code, WebDriverException)\n                break\n        else:\n            exception_class = WebDriverException\n    \n        if not value:\n            value = response[\"value\"]\n        if isinstance(value, str):\n            raise exception_class(value)\n        if message == \"\" and \"message\" in value:\n            message = value[\"message\"]\n    \n        screen = None  # type: ignore[assignment]\n        if \"screen\" in value:\n            screen = value[\"screen\"]\n    \n        stacktrace = None\n        st_value = value.get(\"stackTrace\") or value.get(\"stacktrace\")\n        if st_value:\n            if isinstance(st_value, str):\n                stacktrace = st_value.split(\"\\n\")\n            else:\n                stacktrace = []\n                try:\n                    for frame in st_value:\n                        line = frame.get(\"lineNumber\", \"\")\n                        file = frame.get(\"fileName\", \"<anonymous>\")\n                        if line:\n                            file = f\"{file}:{line}\"\n                        meth = frame.get(\"methodName\", \"<anonymous>\")\n                        if \"className\" in frame:\n                            meth = f\"{frame['className']}.{meth}\"\n                        msg = \"    at %s (%s)\"\n                        msg = msg % (meth, file)\n                        stacktrace.append(msg)\n                except TypeError:\n                    pass\n        if exception_class == UnexpectedAlertPresentException:\n            alert_text = None\n            if \"data\" in value:\n                alert_text = value[\"data\"].get(\"text\")\n            elif \"alert\" in value:\n                alert_text = value[\"alert\"].get(\"text\")\n            raise exception_class(message, screen, stacktrace, alert_text)  # type: ignore[call-arg]  # mypy is not smart enough here\n>       raise exception_class(message, screen, stacktrace)\nE       selenium.common.exceptions.NoSuchElementException: Message: no such element: Unable to locate element: {\"method\":\"xpath\",\"selector\":\"(//a[@class='add-to-cart yellow-btn'])[1]\"}\nE         (Session info: headless chrome=117.0.5938.62); For documentation on this error, please visit: https://www.selenium.dev/documentation/webdriver/troubleshooting/errors#no-such-element-exception\nE       Stacktrace:\nE       #0 0x563cf6f19693 <unknown>\nE       #1 0x563cf6bef1e7 <unknown>\nE       #2 0x563cf6c36566 <unknown>\nE       #3 0x563cf6c36651 <unknown>\nE       #4 0x563cf6c73a74 <unknown>\nE       #5 0x563cf6c580ed <unknown>\nE       #6 0x563cf6c71322 <unknown>\nE       #7 0x563cf6c57e93 <unknown>\nE       #8 0x563cf6c2a934 <unknown>\nE       #9 0x563cf6c2b71e <unknown>\nE       #10 0x563cf6edec98 <unknown>\nE       #11 0x563cf6ee2bd0 <unknown>\nE       #12 0x563cf6eed17c <unknown>\nE       #13 0x563cf6ee37e8 <unknown>\nE       #14 0x563cf6eb025f <unknown>\nE       #15 0x563cf6f07e68 <unknown>\nE       #16 0x563cf6f08039 <unknown>\nE       #17 0x563cf6f18823 <unknown>\nE       #18 0x7f4145811044 <unknown>\n\n/usr/local/lib/python3.11/site-packages/selenium/webdriver/remote/errorhandler.py:229: NoSuchElementException","flaky":false,"newFailed":false,"newBroken":false,"newPassed":false,"retriesCount":0,"retriesStatusChange":false,"beforeStages":[{"name":"_session_faker","time":{"start":1694566094250,"stop":1694566094352,"duration":102},"status":"passed","steps":[],"attachments":[],"parameters":[],"shouldDisplayMessage":false,"stepsCount":0,"attachmentsCount":0,"hasContent":false},{"name":"clear_allure_results_folder","time":{"start":1694566094352,"stop":1694566094353,"duration":1},"status":"passed","steps":[],"attachments":[],"parameters":[],"shouldDisplayMessage":false,"stepsCount":0,"attachmentsCount":0,"hasContent":false},{"name":"driver","time":{"start":1694566619067,"stop":1694566619937,"duration":870},"status":"passed","steps":[],"attachments":[],"parameters":[],"shouldDisplayMessage":false,"stepsCount":0,"attachmentsCount":0,"hasContent":false},{"name":"setup","time":{"start":1694566619937,"stop":1694566619937,"duration":0},"status":"passed","steps":[],"attachments":[],"parameters":[],"shouldDisplayMessage":false,"stepsCount":0,"attachmentsCount":0,"hasContent":false}],"testStage":{"status":"skipped","statusMessage":"XFAIL\n\nselenium.common.exceptions.NoSuchElementException: Message: no such element: Unable to locate element: {\"method\":\"xpath\",\"selector\":\"(//a[@class='add-to-cart yellow-btn'])[1]\"}\n  (Session info: headless chrome=117.0.5938.62); For documentation on this error, please visit: https://www.selenium.dev/documentation/webdriver/troubleshooting/errors#no-such-element-exception\nStacktrace:\n#0 0x563cf6f19693 <unknown>\n#1 0x563cf6bef1e7 <unknown>\n#2 0x563cf6c36566 <unknown>\n#3 0x563cf6c36651 <unknown>\n#4 0x563cf6c73a74 <unknown>\n#5 0x563cf6c580ed <unknown>\n#6 0x563cf6c71322 <unknown>\n#7 0x563cf6c57e93 <unknown>\n#8 0x563cf6c2a934 <unknown>\n#9 0x563cf6c2b71e <unknown>\n#10 0x563cf6edec98 <unknown>\n#11 0x563cf6ee2bd0 <unknown>\n#12 0x563cf6eed17c <unknown>\n#13 0x563cf6ee37e8 <unknown>\n#14 0x563cf6eb025f <unknown>\n#15 0x563cf6f07e68 <unknown>\n#16 0x563cf6f08039 <unknown>\n#17 0x563cf6f18823 <unknown>\n#18 0x7f4145811044 <unknown>","statusTrace":"self = <tests.delivery.test_delivery_calculation.TestDeliveryPageCalculation object at 0x7f5c51e27fd0>\ndriver = <selenium.webdriver.chrome.webdriver.WebDriver (session=\"3bbd35b3e451f716a1b44f67219c7b47\")>\nurl = 'https://sandboxtest.stroyrem-nn.ru/', case_id = 'TD 025'\nlink_item = 'products/shtukaturka-gipsovaya-aksolit-m50-30-kg-mashinnogo-naneseniya'\namount = 333, weight = 10000, standard = 7000, in_time = 13900, all_time = 15900\n\n    @pytest.mark.parametrize('case_id, link_item, amount, weight, standard, in_time, all_time', [\n        (\"TD 015\", bundeks_25, 1, 30, 650, 2390, 3320),\n        pytest.param(\n            \"TD 016\", aksolit_30, 8, 300, 650, 2390, 3320,\n            marks=pytest.mark.xfail(reson=\"Цена доставки: - - -\")\n        ),\n        (\"TD 017\", aksolit_30, 13, 400, 650, 2390, 3320),\n        (\"TD 018\", aksolit_30, 16, 500, 850, 2490, 3320),\n        (\"TD 019\", aksolit_30, 25, 1700, 1150, 2490, 3320),\n        (\"TD 020\", aksolit_30, 66, 2000, 1500, 2990, 3650),\n        (\"TD 021\", aksolit_30, 149, 4500, 2600, 4380, 4890),\n        (\"TD 022\", aksolit_30, 166, 5000, 2800, 5490, 5980),\n        pytest.param(\n            \"TD 023\", aksolit_30, 206, 6200, 3300, 7500, 8000,\n            marks=pytest.mark.xfail(reson=\"Цена доставки: 4300 9900 11440\")\n        ),\n        (\"TD 024\", aksolit_30, 299, 9000, 4300, 9900, 11440),\n        (\"TD 025\", aksolit_30, 333, 10000, 7000, 13900, 15900),\n        pytest.param(\n            \"TD 026\", aksolit_30, 366, 11000, 8000, 14900, 19900,\n            marks=pytest.mark.xfail(reson=\"Цена доставки: 7000 13900 15900\")\n        ),\n        pytest.param(\n            \"TD 027\", aksolit_30, 666, 20000, 14000, 16900, 23900,\n            marks=pytest.mark.xfail(reson=\"Цена доставки: 7000 13900 15900\")\n        )\n    ])\n    @pytest.mark.xfail\n    @pytest.mark.smoke_test\n    def test_positive_delivery_blue_zone_smoke(\n            self, driver, url, case_id, link_item, amount, weight, standard, in_time, all_time\n    ):\n        allure.dynamic.title(f\"{case_id} Доставка товара весом до {weight}кг. в синей зоне\")\n    \n        driver.get(f'{url}{link_item}')\n        item_page = ItemPage(driver)\n>       item_page.add_item_to_cart(amount).click_on_cart()\n\ntests/delivery/test_delivery_calculation.py:132: \n_ _ _ _ _ _ _ _ _ _ _ _ _ _ _ _ _ _ _ _ _ _ _ _ _ _ _ _ _ _ _ _ _ _ _ _ _ _ _ _ \npages/item_page.py:40: in add_item_to_cart\n    self.find_element(self._add_item).click()\nbase/seleniumbase.py:17: in find_element\n    return self.driver.find_element(*locator)\n/usr/local/lib/python3.11/site-packages/selenium/webdriver/remote/webdriver.py:738: in find_element\n    return self.execute(Command.FIND_ELEMENT, {\"using\": by, \"value\": value})[\"value\"]\n/usr/local/lib/python3.11/site-packages/selenium/webdriver/remote/webdriver.py:344: in execute\n    self.error_handler.check_response(response)\n_ _ _ _ _ _ _ _ _ _ _ _ _ _ _ _ _ _ _ _ _ _ _ _ _ _ _ _ _ _ _ _ _ _ _ _ _ _ _ _ \n\nself = <selenium.webdriver.remote.errorhandler.ErrorHandler object at 0x7f5c516683d0>\nresponse = {'status': 404, 'value': '{\"value\":{\"error\":\"no such element\",\"message\":\"no such element: Unable to locate element: {\\...\\\\n#16 0x563cf6f08039 \\\\u003Cunknown>\\\\n#17 0x563cf6f18823 \\\\u003Cunknown>\\\\n#18 0x7f4145811044 \\\\u003Cunknown>\\\\n\"}}'}\n\n    def check_response(self, response: Dict[str, Any]) -> None:\n        \"\"\"Checks that a JSON response from the WebDriver does not have an\n        error.\n    \n        :Args:\n         - response - The JSON response from the WebDriver server as a dictionary\n           object.\n    \n        :Raises: If the response contains an error message.\n        \"\"\"\n        status = response.get(\"status\", None)\n        if not status or status == ErrorCode.SUCCESS:\n            return\n        value = None\n        message = response.get(\"message\", \"\")\n        screen: str = response.get(\"screen\", \"\")\n        stacktrace = None\n        if isinstance(status, int):\n            value_json = response.get(\"value\", None)\n            if value_json and isinstance(value_json, str):\n                import json\n    \n                try:\n                    value = json.loads(value_json)\n                    if len(value) == 1:\n                        value = value[\"value\"]\n                    status = value.get(\"error\", None)\n                    if not status:\n                        status = value.get(\"status\", ErrorCode.UNKNOWN_ERROR)\n                        message = value.get(\"value\") or value.get(\"message\")\n                        if not isinstance(message, str):\n                            value = message\n                            message = message.get(\"message\")\n                    else:\n                        message = value.get(\"message\", None)\n                except ValueError:\n                    pass\n    \n        exception_class: Type[WebDriverException]\n        e = ErrorCode()\n        error_codes = [item for item in dir(e) if not item.startswith(\"__\")]\n        for error_code in error_codes:\n            error_info = getattr(ErrorCode, error_code)\n            if isinstance(error_info, list) and status in error_info:\n                exception_class = getattr(ExceptionMapping, error_code, WebDriverException)\n                break\n        else:\n            exception_class = WebDriverException\n    \n        if not value:\n            value = response[\"value\"]\n        if isinstance(value, str):\n            raise exception_class(value)\n        if message == \"\" and \"message\" in value:\n            message = value[\"message\"]\n    \n        screen = None  # type: ignore[assignment]\n        if \"screen\" in value:\n            screen = value[\"screen\"]\n    \n        stacktrace = None\n        st_value = value.get(\"stackTrace\") or value.get(\"stacktrace\")\n        if st_value:\n            if isinstance(st_value, str):\n                stacktrace = st_value.split(\"\\n\")\n            else:\n                stacktrace = []\n                try:\n                    for frame in st_value:\n                        line = frame.get(\"lineNumber\", \"\")\n                        file = frame.get(\"fileName\", \"<anonymous>\")\n                        if line:\n                            file = f\"{file}:{line}\"\n                        meth = frame.get(\"methodName\", \"<anonymous>\")\n                        if \"className\" in frame:\n                            meth = f\"{frame['className']}.{meth}\"\n                        msg = \"    at %s (%s)\"\n                        msg = msg % (meth, file)\n                        stacktrace.append(msg)\n                except TypeError:\n                    pass\n        if exception_class == UnexpectedAlertPresentException:\n            alert_text = None\n            if \"data\" in value:\n                alert_text = value[\"data\"].get(\"text\")\n            elif \"alert\" in value:\n                alert_text = value[\"alert\"].get(\"text\")\n            raise exception_class(message, screen, stacktrace, alert_text)  # type: ignore[call-arg]  # mypy is not smart enough here\n>       raise exception_class(message, screen, stacktrace)\nE       selenium.common.exceptions.NoSuchElementException: Message: no such element: Unable to locate element: {\"method\":\"xpath\",\"selector\":\"(//a[@class='add-to-cart yellow-btn'])[1]\"}\nE         (Session info: headless chrome=117.0.5938.62); For documentation on this error, please visit: https://www.selenium.dev/documentation/webdriver/troubleshooting/errors#no-such-element-exception\nE       Stacktrace:\nE       #0 0x563cf6f19693 <unknown>\nE       #1 0x563cf6bef1e7 <unknown>\nE       #2 0x563cf6c36566 <unknown>\nE       #3 0x563cf6c36651 <unknown>\nE       #4 0x563cf6c73a74 <unknown>\nE       #5 0x563cf6c580ed <unknown>\nE       #6 0x563cf6c71322 <unknown>\nE       #7 0x563cf6c57e93 <unknown>\nE       #8 0x563cf6c2a934 <unknown>\nE       #9 0x563cf6c2b71e <unknown>\nE       #10 0x563cf6edec98 <unknown>\nE       #11 0x563cf6ee2bd0 <unknown>\nE       #12 0x563cf6eed17c <unknown>\nE       #13 0x563cf6ee37e8 <unknown>\nE       #14 0x563cf6eb025f <unknown>\nE       #15 0x563cf6f07e68 <unknown>\nE       #16 0x563cf6f08039 <unknown>\nE       #17 0x563cf6f18823 <unknown>\nE       #18 0x7f4145811044 <unknown>\n\n/usr/local/lib/python3.11/site-packages/selenium/webdriver/remote/errorhandler.py:229: NoSuchElementException","steps":[{"name":"Добавляем товар в корзину в количестве 333","time":{"start":1694566620422,"stop":1694566620442,"duration":20},"status":"broken","statusMessage":"selenium.common.exceptions.NoSuchElementException: Message: no such element: Unable to locate element: {\"method\":\"xpath\",\"selector\":\"(//a[@class='add-to-cart yellow-btn'])[1]\"}\n  (Session info: headless chrome=117.0.5938.62); For documentation on this error, please visit: https://www.selenium.dev/documentation/webdriver/troubleshooting/errors#no-such-element-exception\nStacktrace:\n#0 0x563cf6f19693 <unknown>\n#1 0x563cf6bef1e7 <unknown>\n#2 0x563cf6c36566 <unknown>\n#3 0x563cf6c36651 <unknown>\n#4 0x563cf6c73a74 <unknown>\n#5 0x563cf6c580ed <unknown>\n#6 0x563cf6c71322 <unknown>\n#7 0x563cf6c57e93 <unknown>\n#8 0x563cf6c2a934 <unknown>\n#9 0x563cf6c2b71e <unknown>\n#10 0x563cf6edec98 <unknown>\n#11 0x563cf6ee2bd0 <unknown>\n#12 0x563cf6eed17c <unknown>\n#13 0x563cf6ee37e8 <unknown>\n#14 0x563cf6eb025f <unknown>\n#15 0x563cf6f07e68 <unknown>\n#16 0x563cf6f08039 <unknown>\n#17 0x563cf6f18823 <unknown>\n#18 0x7f4145811044 <unknown>\n\n","statusTrace":"  File \"/usr/local/lib/python3.11/site-packages/allure_commons/_allure.py\", line 192, in impl\n    return func(*a, **kw)\n           ^^^^^^^^^^^^^^\n  File \"/app/pages/item_page.py\", line 40, in add_item_to_cart\n    self.find_element(self._add_item).click()\n    ^^^^^^^^^^^^^^^^^^^^^^^^^^^^^^^^^\n  File \"/app/base/seleniumbase.py\", line 17, in find_element\n    return self.driver.find_element(*locator)\n           ^^^^^^^^^^^^^^^^^^^^^^^^^^^^^^^^^^\n  File \"/usr/local/lib/python3.11/site-packages/selenium/webdriver/remote/webdriver.py\", line 738, in find_element\n    return self.execute(Command.FIND_ELEMENT, {\"using\": by, \"value\": value})[\"value\"]\n           ^^^^^^^^^^^^^^^^^^^^^^^^^^^^^^^^^^^^^^^^^^^^^^^^^^^^^^^^^^^^^^^^^\n  File \"/usr/local/lib/python3.11/site-packages/selenium/webdriver/remote/webdriver.py\", line 344, in execute\n    self.error_handler.check_response(response)\n  File \"/usr/local/lib/python3.11/site-packages/selenium/webdriver/remote/errorhandler.py\", line 229, in check_response\n    raise exception_class(message, screen, stacktrace)\n","steps":[],"attachments":[],"parameters":[{"name":"amount","value":"333"}],"shouldDisplayMessage":true,"stepsCount":0,"attachmentsCount":0,"hasContent":true}],"attachments":[{"uid":"2d169e2fe3e41182","name":"Screenshot","source":"2d169e2fe3e41182.png","type":"image/png","size":39917},{"uid":"925489cfecff55af","name":"HTML source","source":"925489cfecff55af.html","type":"text/html","size":544}],"parameters":[],"shouldDisplayMessage":true,"stepsCount":1,"attachmentsCount":2,"hasContent":true},"afterStages":[{"name":"setup::0","time":{"start":1694566620627,"stop":1694566620627,"duration":0},"status":"passed","steps":[],"attachments":[],"parameters":[],"shouldDisplayMessage":false,"stepsCount":0,"attachmentsCount":0,"hasContent":false},{"name":"driver::0","time":{"start":1694566620628,"stop":1694566620684,"duration":56},"status":"passed","steps":[],"attachments":[],"parameters":[],"shouldDisplayMessage":false,"stepsCount":0,"attachmentsCount":0,"hasContent":false}],"labels":[{"name":"epic","value":"Delivery Page - calculation"},{"name":"tag","value":"smoke_test"},{"name":"tag","value":"@pytest.mark.xfail"},{"name":"parentSuite","value":"tests.delivery"},{"name":"suite","value":"test_delivery_calculation"},{"name":"subSuite","value":"TestDeliveryPageCalculation"},{"name":"host","value":"decf463a9536"},{"name":"thread","value":"1-MainThread"},{"name":"framework","value":"pytest"},{"name":"language","value":"cpython3"},{"name":"package","value":"tests.delivery.test_delivery_calculation"},{"name":"resultFormat","value":"allure2"}],"parameters":[{"name":"all_time","value":"15900"},{"name":"amount","value":"333"},{"name":"case_id","value":"'TD 025'"},{"name":"in_time","value":"13900"},{"name":"link_item","value":"'products/shtukaturka-gipsovaya-aksolit-m50-30-kg-mashinnogo-naneseniya'"},{"name":"standard","value":"7000"},{"name":"url","value":"'https://sandboxtest.stroyrem-nn.ru/'"},{"name":"weight","value":"10000"}],"links":[],"hidden":false,"retry":false,"extra":{"severity":"normal","retries":[],"categories":[],"history":{"statistic":{"failed":0,"broken":13,"skipped":14,"passed":0,"unknown":0,"total":27},"items":[{"uid":"3bb77c06c8ab04f4","reportUrl":"https://Nat754.github.io/StroyremAutomation/60//#testresult/3bb77c06c8ab04f4","status":"skipped","statusDetails":"XFAIL\n\nselenium.common.exceptions.NoSuchElementException: Message: no such element: Unable to locate element: {\"method\":\"xpath\",\"selector\":\"(//a[@class='add-to-cart yellow-btn'])[1]\"}\n  (Session info: headless chrome=116.0.5845.96); For documentation on this error, please visit: https://www.selenium.dev/documentation/webdriver/troubleshooting/errors#no-such-element-exception\nStacktrace:\n#0 0x55b94f0cbe23 <unknown>\n#1 0x55b94edf47a7 <unknown>\n#2 0x55b94ee331d3 <unknown>\n#3 0x55b94ee332c1 <unknown>\n#4 0x55b94ee6ea04 <unknown>\n#5 0x55b94ee5403d <unknown>\n#6 0x55b94ee6c369 <unknown>\n#7 0x55b94ee53de3 <unknown>\n#8 0x55b94ee27a7b <unknown>\n#9 0x55b94ee2881e <unknown>\n#10 0x55b94f08d638 <unknown>\n#11 0x55b94f091507 <unknown>\n#12 0x55b94f09bc4c <unknown>\n#13 0x55b94f092136 <unknown>\n#14 0x55b94f0609cf <unknown>\n#15 0x55b94f0b5b98 <unknown>\n#16 0x55b94f0b5d68 <unknown>\n#17 0x55b94f0c4cb3 <unknown>\n#18 0x7ffaf8382044 <unknown>","time":{"start":1694504706277,"stop":1694504706983,"duration":706}},{"uid":"205016ab1d8f9001","reportUrl":"https://Nat754.github.io/StroyremAutomation/60//#testresult/205016ab1d8f9001","status":"skipped","statusDetails":"XFAIL\n\nselenium.common.exceptions.NoSuchElementException: Message: no such element: Unable to locate element: {\"method\":\"xpath\",\"selector\":\"(//a[@class='add-to-cart yellow-btn'])[1]\"}\n  (Session info: headless chrome=116.0.5845.96); For documentation on this error, please visit: https://www.selenium.dev/documentation/webdriver/troubleshooting/errors#no-such-element-exception\nStacktrace:\n#0 0x55897cbcae23 <unknown>\n#1 0x55897c8f37a7 <unknown>\n#2 0x55897c9321d3 <unknown>\n#3 0x55897c9322c1 <unknown>\n#4 0x55897c96da04 <unknown>\n#5 0x55897c95303d <unknown>\n#6 0x55897c96b369 <unknown>\n#7 0x55897c952de3 <unknown>\n#8 0x55897c926a7b <unknown>\n#9 0x55897c92781e <unknown>\n#10 0x55897cb8c638 <unknown>\n#11 0x55897cb90507 <unknown>\n#12 0x55897cb9ac4c <unknown>\n#13 0x55897cb91136 <unknown>\n#14 0x55897cb5f9cf <unknown>\n#15 0x55897cbb4b98 <unknown>\n#16 0x55897cbb4d68 <unknown>\n#17 0x55897cbc3cb3 <unknown>\n#18 0x7fd2df96d044 <unknown>","time":{"start":1694480236322,"stop":1694480237005,"duration":683}},{"uid":"cbbdf87682e79055","reportUrl":"https://Nat754.github.io/StroyremAutomation/59//#testresult/cbbdf87682e79055","status":"skipped","statusDetails":"XFAIL\n\nselenium.common.exceptions.NoSuchElementException: Message: no such element: Unable to locate element: {\"method\":\"xpath\",\"selector\":\"(//a[@class='add-to-cart yellow-btn'])[1]\"}\n  (Session info: headless chrome=116.0.5845.96); For documentation on this error, please visit: https://www.selenium.dev/documentation/webdriver/troubleshooting/errors#no-such-element-exception\nStacktrace:\n#0 0x556b0f067e23 <unknown>\n#1 0x556b0ed907a7 <unknown>\n#2 0x556b0edcf1d3 <unknown>\n#3 0x556b0edcf2c1 <unknown>\n#4 0x556b0ee0aa04 <unknown>\n#5 0x556b0edf003d <unknown>\n#6 0x556b0ee08369 <unknown>\n#7 0x556b0edefde3 <unknown>\n#8 0x556b0edc3a7b <unknown>\n#9 0x556b0edc481e <unknown>\n#10 0x556b0f029638 <unknown>\n#11 0x556b0f02d507 <unknown>\n#12 0x556b0f037c4c <unknown>\n#13 0x556b0f02e136 <unknown>\n#14 0x556b0effc9cf <unknown>\n#15 0x556b0f051b98 <unknown>\n#16 0x556b0f051d68 <unknown>\n#17 0x556b0f060cb3 <unknown>\n#18 0x7f6ce0b4e044 <unknown>","time":{"start":1694433858206,"stop":1694433858811,"duration":605}},{"uid":"4c6693ad38a7be82","reportUrl":"https://Nat754.github.io/StroyremAutomation/57//#testresult/4c6693ad38a7be82","status":"skipped","statusDetails":"XFAIL\n\nselenium.common.exceptions.NoSuchElementException: Message: no such element: Unable to locate element: {\"method\":\"xpath\",\"selector\":\"(//a[@class='add-to-cart yellow-btn'])[1]\"}\n  (Session info: headless chrome=116.0.5845.96); For documentation on this error, please visit: https://www.selenium.dev/documentation/webdriver/troubleshooting/errors#no-such-element-exception\nStacktrace:\n#0 0x55ed161d6e23 <unknown>\n#1 0x55ed15eff7a7 <unknown>\n#2 0x55ed15f3e1d3 <unknown>\n#3 0x55ed15f3e2c1 <unknown>\n#4 0x55ed15f79a04 <unknown>\n#5 0x55ed15f5f03d <unknown>\n#6 0x55ed15f77369 <unknown>\n#7 0x55ed15f5ede3 <unknown>\n#8 0x55ed15f32a7b <unknown>\n#9 0x55ed15f3381e <unknown>\n#10 0x55ed16198638 <unknown>\n#11 0x55ed1619c507 <unknown>\n#12 0x55ed161a6c4c <unknown>\n#13 0x55ed1619d136 <unknown>\n#14 0x55ed1616b9cf <unknown>\n#15 0x55ed161c0b98 <unknown>\n#16 0x55ed161c0d68 <unknown>\n#17 0x55ed161cfcb3 <unknown>\n#18 0x7fe2c8c4a044 <unknown>","time":{"start":1694431086151,"stop":1694431086849,"duration":698}},{"uid":"3f01309c215aef20","reportUrl":"https://Nat754.github.io/StroyremAutomation/58//#testresult/3f01309c215aef20","status":"skipped","statusDetails":"XFAIL\n\nselenium.common.exceptions.NoSuchElementException: Message: no such element: Unable to locate element: {\"method\":\"xpath\",\"selector\":\"(//a[@class='add-to-cart yellow-btn'])[1]\"}\n  (Session info: headless chrome=116.0.5845.96); For documentation on this error, please visit: https://www.selenium.dev/documentation/webdriver/troubleshooting/errors#no-such-element-exception\nStacktrace:\n#0 0x55fccef32e23 <unknown>\n#1 0x55fccec5b7a7 <unknown>\n#2 0x55fccec9a1d3 <unknown>\n#3 0x55fccec9a2c1 <unknown>\n#4 0x55fccecd5a04 <unknown>\n#5 0x55fccecbb03d <unknown>\n#6 0x55fccecd3369 <unknown>\n#7 0x55fccecbade3 <unknown>\n#8 0x55fccec8ea7b <unknown>\n#9 0x55fccec8f81e <unknown>\n#10 0x55fcceef4638 <unknown>\n#11 0x55fcceef8507 <unknown>\n#12 0x55fccef02c4c <unknown>\n#13 0x55fcceef9136 <unknown>\n#14 0x55fcceec79cf <unknown>\n#15 0x55fccef1cb98 <unknown>\n#16 0x55fccef1cd68 <unknown>\n#17 0x55fccef2bcb3 <unknown>\n#18 0x7f7dce0ef044 <unknown>","time":{"start":1694431010459,"stop":1694431010912,"duration":453}},{"uid":"2ae078166cc46d37","reportUrl":"https://Nat754.github.io/StroyremAutomation/56//#testresult/2ae078166cc46d37","status":"skipped","statusDetails":"XFAIL\n\nselenium.common.exceptions.NoSuchElementException: Message: no such element: Unable to locate element: {\"method\":\"xpath\",\"selector\":\"(//a[@class='add-to-cart yellow-btn'])[1]\"}\n  (Session info: headless chrome=116.0.5845.96); For documentation on this error, please visit: https://www.selenium.dev/documentation/webdriver/troubleshooting/errors#no-such-element-exception\nStacktrace:\n#0 0x56243412ae23 <unknown>\n#1 0x562433e537a7 <unknown>\n#2 0x562433e921d3 <unknown>\n#3 0x562433e922c1 <unknown>\n#4 0x562433ecda04 <unknown>\n#5 0x562433eb303d <unknown>\n#6 0x562433ecb369 <unknown>\n#7 0x562433eb2de3 <unknown>\n#8 0x562433e86a7b <unknown>\n#9 0x562433e8781e <unknown>\n#10 0x5624340ec638 <unknown>\n#11 0x5624340f0507 <unknown>\n#12 0x5624340fac4c <unknown>\n#13 0x5624340f1136 <unknown>\n#14 0x5624340bf9cf <unknown>\n#15 0x562434114b98 <unknown>\n#16 0x562434114d68 <unknown>\n#17 0x562434123cb3 <unknown>\n#18 0x7f864129b044 <unknown>","time":{"start":1694429626149,"stop":1694429626594,"duration":445}},{"uid":"6118fa204b61b2f6","reportUrl":"https://Nat754.github.io/StroyremAutomation/56//#testresult/6118fa204b61b2f6","status":"skipped","statusDetails":"XFAIL\n\nselenium.common.exceptions.NoSuchElementException: Message: no such element: Unable to locate element: {\"method\":\"xpath\",\"selector\":\"(//a[@class='add-to-cart yellow-btn'])[1]\"}\n  (Session info: headless chrome=116.0.5845.96); For documentation on this error, please visit: https://www.selenium.dev/documentation/webdriver/troubleshooting/errors#no-such-element-exception\nStacktrace:\n#0 0x5601ba45ee23 <unknown>\n#1 0x5601ba1877a7 <unknown>\n#2 0x5601ba1c61d3 <unknown>\n#3 0x5601ba1c62c1 <unknown>\n#4 0x5601ba201a04 <unknown>\n#5 0x5601ba1e703d <unknown>\n#6 0x5601ba1ff369 <unknown>\n#7 0x5601ba1e6de3 <unknown>\n#8 0x5601ba1baa7b <unknown>\n#9 0x5601ba1bb81e <unknown>\n#10 0x5601ba420638 <unknown>\n#11 0x5601ba424507 <unknown>\n#12 0x5601ba42ec4c <unknown>\n#13 0x5601ba425136 <unknown>\n#14 0x5601ba3f39cf <unknown>\n#15 0x5601ba448b98 <unknown>\n#16 0x5601ba448d68 <unknown>\n#17 0x5601ba457cb3 <unknown>\n#18 0x7f6338926044 <unknown>","time":{"start":1694393742511,"stop":1694393742966,"duration":455}},{"uid":"9cc5ee1478e2d865","reportUrl":"https://Nat754.github.io/StroyremAutomation/55//#testresult/9cc5ee1478e2d865","status":"skipped","statusDetails":"XFAIL\n\nselenium.common.exceptions.NoSuchElementException: Message: no such element: Unable to locate element: {\"method\":\"xpath\",\"selector\":\"(//a[@class='add-to-cart yellow-btn'])[1]\"}\n  (Session info: headless chrome=116.0.5845.96); For documentation on this error, please visit: https://www.selenium.dev/documentation/webdriver/troubleshooting/errors#no-such-element-exception\nStacktrace:\n#0 0x55c6e50c0e23 <unknown>\n#1 0x55c6e4de97a7 <unknown>\n#2 0x55c6e4e281d3 <unknown>\n#3 0x55c6e4e282c1 <unknown>\n#4 0x55c6e4e63a04 <unknown>\n#5 0x55c6e4e4903d <unknown>\n#6 0x55c6e4e61369 <unknown>\n#7 0x55c6e4e48de3 <unknown>\n#8 0x55c6e4e1ca7b <unknown>\n#9 0x55c6e4e1d81e <unknown>\n#10 0x55c6e5082638 <unknown>\n#11 0x55c6e5086507 <unknown>\n#12 0x55c6e5090c4c <unknown>\n#13 0x55c6e5087136 <unknown>\n#14 0x55c6e50559cf <unknown>\n#15 0x55c6e50aab98 <unknown>\n#16 0x55c6e50aad68 <unknown>\n#17 0x55c6e50b9cb3 <unknown>\n#18 0x7fca550e1044 <unknown>","time":{"start":1694380859751,"stop":1694380860315,"duration":564}},{"uid":"9d4595b3e44a1c4","reportUrl":"https://Nat754.github.io/StroyremAutomation/55//#testresult/9d4595b3e44a1c4","status":"skipped","statusDetails":"XFAIL\n\nselenium.common.exceptions.NoSuchElementException: Message: no such element: Unable to locate element: {\"method\":\"xpath\",\"selector\":\"(//a[@class='add-to-cart yellow-btn'])[1]\"}\n  (Session info: headless chrome=116.0.5845.96); For documentation on this error, please visit: https://www.selenium.dev/documentation/webdriver/troubleshooting/errors#no-such-element-exception\nStacktrace:\n#0 0x55ece4e7fe23 <unknown>\n#1 0x55ece4ba87a7 <unknown>\n#2 0x55ece4be71d3 <unknown>\n#3 0x55ece4be72c1 <unknown>\n#4 0x55ece4c22a04 <unknown>\n#5 0x55ece4c0803d <unknown>\n#6 0x55ece4c20369 <unknown>\n#7 0x55ece4c07de3 <unknown>\n#8 0x55ece4bdba7b <unknown>\n#9 0x55ece4bdc81e <unknown>\n#10 0x55ece4e41638 <unknown>\n#11 0x55ece4e45507 <unknown>\n#12 0x55ece4e4fc4c <unknown>\n#13 0x55ece4e46136 <unknown>\n#14 0x55ece4e149cf <unknown>\n#15 0x55ece4e69b98 <unknown>\n#16 0x55ece4e69d68 <unknown>\n#17 0x55ece4e78cb3 <unknown>\n#18 0x7fb4cf867044 <unknown>","time":{"start":1694307524684,"stop":1694307525271,"duration":587}},{"uid":"388fc9f013831aa7","reportUrl":"https://Nat754.github.io/StroyremAutomation/54//#testresult/388fc9f013831aa7","status":"skipped","statusDetails":"XFAIL\n\nselenium.common.exceptions.NoSuchElementException: Message: no such element: Unable to locate element: {\"method\":\"xpath\",\"selector\":\"(//a[@class='add-to-cart yellow-btn'])[1]\"}\n  (Session info: headless chrome=116.0.5845.96); For documentation on this error, please visit: https://www.selenium.dev/documentation/webdriver/troubleshooting/errors#no-such-element-exception\nStacktrace:\n#0 0x5614f29dce23 <unknown>\n#1 0x5614f27057a7 <unknown>\n#2 0x5614f27441d3 <unknown>\n#3 0x5614f27442c1 <unknown>\n#4 0x5614f277fa04 <unknown>\n#5 0x5614f276503d <unknown>\n#6 0x5614f277d369 <unknown>\n#7 0x5614f2764de3 <unknown>\n#8 0x5614f2738a7b <unknown>\n#9 0x5614f273981e <unknown>\n#10 0x5614f299e638 <unknown>\n#11 0x5614f29a2507 <unknown>\n#12 0x5614f29acc4c <unknown>\n#13 0x5614f29a3136 <unknown>\n#14 0x5614f29719cf <unknown>\n#15 0x5614f29c6b98 <unknown>\n#16 0x5614f29c6d68 <unknown>\n#17 0x5614f29d5cb3 <unknown>\n#18 0x7fa104d0f044 <unknown>","time":{"start":1694286814328,"stop":1694286814898,"duration":570}},{"uid":"7a47e9d65f416d7c","reportUrl":"https://Nat754.github.io/StroyremAutomation/54//#testresult/7a47e9d65f416d7c","status":"skipped","statusDetails":"XFAIL\n\nselenium.common.exceptions.NoSuchElementException: Message: no such element: Unable to locate element: {\"method\":\"xpath\",\"selector\":\"(//a[@class='add-to-cart yellow-btn'])[1]\"}\n  (Session info: headless chrome=116.0.5845.96); For documentation on this error, please visit: https://www.selenium.dev/documentation/webdriver/troubleshooting/errors#no-such-element-exception\nStacktrace:\n#0 0x56214f4e3e23 <unknown>\n#1 0x56214f20c7a7 <unknown>\n#2 0x56214f24b1d3 <unknown>\n#3 0x56214f24b2c1 <unknown>\n#4 0x56214f286a04 <unknown>\n#5 0x56214f26c03d <unknown>\n#6 0x56214f284369 <unknown>\n#7 0x56214f26bde3 <unknown>\n#8 0x56214f23fa7b <unknown>\n#9 0x56214f24081e <unknown>\n#10 0x56214f4a5638 <unknown>\n#11 0x56214f4a9507 <unknown>\n#12 0x56214f4b3c4c <unknown>\n#13 0x56214f4aa136 <unknown>\n#14 0x56214f4789cf <unknown>\n#15 0x56214f4cdb98 <unknown>\n#16 0x56214f4cdd68 <unknown>\n#17 0x56214f4dccb3 <unknown>\n#18 0x7fa86a4c2044 <unknown>","time":{"start":1694220819784,"stop":1694220820227,"duration":443}},{"uid":"782912ca0eb0232d","reportUrl":"https://Nat754.github.io/StroyremAutomation/4//#testresult/782912ca0eb0232d","status":"broken","statusDetails":"selenium.common.exceptions.NoSuchElementException: Message: no such element: Unable to locate element: {\"method\":\"xpath\",\"selector\":\"(//a[@class='add-to-cart yellow-btn'])[1]\"}\n  (Session info: headless chrome=116.0.5845.96); For documentation on this error, please visit: https://www.selenium.dev/documentation/webdriver/troubleshooting/errors#no-such-element-exception\nStacktrace:\n#0 0x55645fdcde23 <unknown>\n#1 0x55645faf67a7 <unknown>\n#2 0x55645fb351d3 <unknown>\n#3 0x55645fb352c1 <unknown>\n#4 0x55645fb70a04 <unknown>\n#5 0x55645fb5603d <unknown>\n#6 0x55645fb6e369 <unknown>\n#7 0x55645fb55de3 <unknown>\n#8 0x55645fb29a7b <unknown>\n#9 0x55645fb2a81e <unknown>\n#10 0x55645fd8f638 <unknown>\n#11 0x55645fd93507 <unknown>\n#12 0x55645fd9dc4c <unknown>\n#13 0x55645fd94136 <unknown>\n#14 0x55645fd629cf <unknown>\n#15 0x55645fdb7b98 <unknown>\n#16 0x55645fdb7d68 <unknown>\n#17 0x55645fdc6cb3 <unknown>\n#18 0x7f8237e48044 <unknown>","time":{"start":1694196662561,"stop":1694196662972,"duration":411}},{"uid":"f937dcdfac029e75","reportUrl":"https://Nat754.github.io/StroyremAutomation/53//#testresult/f937dcdfac029e75","status":"skipped","statusDetails":"XFAIL\n\nselenium.common.exceptions.NoSuchElementException: Message: no such element: Unable to locate element: {\"method\":\"xpath\",\"selector\":\"(//a[@class='add-to-cart yellow-btn'])[1]\"}\n  (Session info: headless chrome=116.0.5845.96); For documentation on this error, please visit: https://www.selenium.dev/documentation/webdriver/troubleshooting/errors#no-such-element-exception\nStacktrace:\n#0 0x55dda4e48e23 <unknown>\n#1 0x55dda4b717a7 <unknown>\n#2 0x55dda4bb01d3 <unknown>\n#3 0x55dda4bb02c1 <unknown>\n#4 0x55dda4beba04 <unknown>\n#5 0x55dda4bd103d <unknown>\n#6 0x55dda4be9369 <unknown>\n#7 0x55dda4bd0de3 <unknown>\n#8 0x55dda4ba4a7b <unknown>\n#9 0x55dda4ba581e <unknown>\n#10 0x55dda4e0a638 <unknown>\n#11 0x55dda4e0e507 <unknown>\n#12 0x55dda4e18c4c <unknown>\n#13 0x55dda4e0f136 <unknown>\n#14 0x55dda4ddd9cf <unknown>\n#15 0x55dda4e32b98 <unknown>\n#16 0x55dda4e32d68 <unknown>\n#17 0x55dda4e41cb3 <unknown>\n#18 0x7f4f18a50044 <unknown>","time":{"start":1694207125048,"stop":1694207125478,"duration":430}},{"uid":"72a0e19056dc6019","reportUrl":"https://Nat754.github.io/StroyremAutomation/53//#testresult/72a0e19056dc6019","status":"skipped","statusDetails":"XFAIL\n\nselenium.common.exceptions.NoSuchElementException: Message: no such element: Unable to locate element: {\"method\":\"xpath\",\"selector\":\"(//a[@class='add-to-cart yellow-btn'])[1]\"}\n  (Session info: headless chrome=116.0.5845.96); For documentation on this error, please visit: https://www.selenium.dev/documentation/webdriver/troubleshooting/errors#no-such-element-exception\nStacktrace:\n#0 0x55a29422de23 <unknown>\n#1 0x55a293f567a7 <unknown>\n#2 0x55a293f951d3 <unknown>\n#3 0x55a293f952c1 <unknown>\n#4 0x55a293fd0a04 <unknown>\n#5 0x55a293fb603d <unknown>\n#6 0x55a293fce369 <unknown>\n#7 0x55a293fb5de3 <unknown>\n#8 0x55a293f89a7b <unknown>\n#9 0x55a293f8a81e <unknown>\n#10 0x55a2941ef638 <unknown>\n#11 0x55a2941f3507 <unknown>\n#12 0x55a2941fdc4c <unknown>\n#13 0x55a2941f4136 <unknown>\n#14 0x55a2941c29cf <unknown>\n#15 0x55a294217b98 <unknown>\n#16 0x55a294217d68 <unknown>\n#17 0x55a294226cb3 <unknown>\n#18 0x7f89aea13044 <unknown>","time":{"start":1694198960935,"stop":1694198961370,"duration":435}},{"uid":"fa2416ee5d0f9540","reportUrl":"https://Nat754.github.io/StroyremAutomation/4//#testresult/fa2416ee5d0f9540","status":"broken","statusDetails":"selenium.common.exceptions.NoSuchElementException: Message: no such element: Unable to locate element: {\"method\":\"xpath\",\"selector\":\"(//a[@class='add-to-cart yellow-btn'])[1]\"}\n  (Session info: headless chrome=116.0.5845.96); For documentation on this error, please visit: https://www.selenium.dev/documentation/webdriver/troubleshooting/errors#no-such-element-exception\nStacktrace:\n#0 0x55e15cccee23 <unknown>\n#1 0x55e15c9f77a7 <unknown>\n#2 0x55e15ca361d3 <unknown>\n#3 0x55e15ca362c1 <unknown>\n#4 0x55e15ca71a04 <unknown>\n#5 0x55e15ca5703d <unknown>\n#6 0x55e15ca6f369 <unknown>\n#7 0x55e15ca56de3 <unknown>\n#8 0x55e15ca2aa7b <unknown>\n#9 0x55e15ca2b81e <unknown>\n#10 0x55e15cc90638 <unknown>\n#11 0x55e15cc94507 <unknown>\n#12 0x55e15cc9ec4c <unknown>\n#13 0x55e15cc95136 <unknown>\n#14 0x55e15cc639cf <unknown>\n#15 0x55e15ccb8b98 <unknown>\n#16 0x55e15ccb8d68 <unknown>\n#17 0x55e15ccc7cb3 <unknown>\n#18 0x7fa11b1a6044 <unknown>","time":{"start":1694183596607,"stop":1694183597052,"duration":445}},{"uid":"6008b77f7869e67c","reportUrl":"https://Nat754.github.io/StroyremAutomation/52//#testresult/6008b77f7869e67c","status":"broken","statusDetails":"selenium.common.exceptions.NoSuchElementException: Message: no such element: Unable to locate element: {\"method\":\"xpath\",\"selector\":\"(//a[@class='add-to-cart yellow-btn'])[1]\"}\n  (Session info: headless chrome=116.0.5845.96); For documentation on this error, please visit: https://www.selenium.dev/documentation/webdriver/troubleshooting/errors#no-such-element-exception\nStacktrace:\n#0 0x5636d1c0fe23 <unknown>\n#1 0x5636d19387a7 <unknown>\n#2 0x5636d19771d3 <unknown>\n#3 0x5636d19772c1 <unknown>\n#4 0x5636d19b2a04 <unknown>\n#5 0x5636d199803d <unknown>\n#6 0x5636d19b0369 <unknown>\n#7 0x5636d1997de3 <unknown>\n#8 0x5636d196ba7b <unknown>\n#9 0x5636d196c81e <unknown>\n#10 0x5636d1bd1638 <unknown>\n#11 0x5636d1bd5507 <unknown>\n#12 0x5636d1bdfc4c <unknown>\n#13 0x5636d1bd6136 <unknown>\n#14 0x5636d1ba49cf <unknown>\n#15 0x5636d1bf9b98 <unknown>\n#16 0x5636d1bf9d68 <unknown>\n#17 0x5636d1c08cb3 <unknown>\n#18 0x7fd288342044 <unknown>","time":{"start":1694134654549,"stop":1694134655095,"duration":546}},{"uid":"e255ef5083264969","reportUrl":"https://Nat754.github.io/StroyremAutomation/51//#testresult/e255ef5083264969","status":"broken","statusDetails":"selenium.common.exceptions.NoSuchElementException: Message: no such element: Unable to locate element: {\"method\":\"xpath\",\"selector\":\"(//a[@class='add-to-cart yellow-btn'])[1]\"}\n  (Session info: headless chrome=116.0.5845.96); For documentation on this error, please visit: https://www.selenium.dev/documentation/webdriver/troubleshooting/errors#no-such-element-exception\nStacktrace:\n#0 0x5580b7320e23 <unknown>\n#1 0x5580b70497a7 <unknown>\n#2 0x5580b70881d3 <unknown>\n#3 0x5580b70882c1 <unknown>\n#4 0x5580b70c3a04 <unknown>\n#5 0x5580b70a903d <unknown>\n#6 0x5580b70c1369 <unknown>\n#7 0x5580b70a8de3 <unknown>\n#8 0x5580b707ca7b <unknown>\n#9 0x5580b707d81e <unknown>\n#10 0x5580b72e2638 <unknown>\n#11 0x5580b72e6507 <unknown>\n#12 0x5580b72f0c4c <unknown>\n#13 0x5580b72e7136 <unknown>\n#14 0x5580b72b59cf <unknown>\n#15 0x5580b730ab98 <unknown>\n#16 0x5580b730ad68 <unknown>\n#17 0x5580b7319cb3 <unknown>\n#18 0x7f8d3c99d044 <unknown>","time":{"start":1694048099843,"stop":1694048100273,"duration":430}},{"uid":"799b4e7276b4d8d3","reportUrl":"https://Nat754.github.io/StroyremAutomation/50//#testresult/799b4e7276b4d8d3","status":"broken","statusDetails":"selenium.common.exceptions.ElementNotInteractableException: Message: element not interactable\n  (Session info: headless chrome=116.0.5845.96)\nStacktrace:\n#0 0x5588ba6c0e23 <unknown>\n#1 0x5588ba3e95f6 <unknown>\n#2 0x5588ba41fc5d <unknown>\n#3 0x5588ba449012 <unknown>\n#4 0x5588ba41dfb6 <unknown>\n#5 0x5588ba4491de <unknown>\n#6 0x5588ba461369 <unknown>\n#7 0x5588ba448de3 <unknown>\n#8 0x5588ba41ca7b <unknown>\n#9 0x5588ba41d81e <unknown>\n#10 0x5588ba682638 <unknown>\n#11 0x5588ba686507 <unknown>\n#12 0x5588ba690c4c <unknown>\n#13 0x5588ba687136 <unknown>\n#14 0x5588ba6559cf <unknown>\n#15 0x5588ba6aab98 <unknown>\n#16 0x5588ba6aad68 <unknown>\n#17 0x5588ba6b9cb3 <unknown>\n#18 0x7f8c7a71e044 <unknown>","time":{"start":1693962051609,"stop":1693962057716,"duration":6107}},{"uid":"2c3047293a84e1d2","reportUrl":"https://Nat754.github.io/StroyremAutomation/49//#testresult/2c3047293a84e1d2","status":"broken","statusDetails":"selenium.common.exceptions.NoSuchElementException: Message: no such element: Unable to locate element: {\"method\":\"xpath\",\"selector\":\"(//a[@class='add-to-cart yellow-btn'])[1]\"}\n  (Session info: headless chrome=116.0.5845.96); For documentation on this error, please visit: https://www.selenium.dev/documentation/webdriver/troubleshooting/errors#no-such-element-exception\nStacktrace:\n#0 0x564525fb7e23 <unknown>\n#1 0x564525ce07a7 <unknown>\n#2 0x564525d1f1d3 <unknown>\n#3 0x564525d1f2c1 <unknown>\n#4 0x564525d5aa04 <unknown>\n#5 0x564525d4003d <unknown>\n#6 0x564525d58369 <unknown>\n#7 0x564525d3fde3 <unknown>\n#8 0x564525d13a7b <unknown>\n#9 0x564525d1481e <unknown>\n#10 0x564525f79638 <unknown>\n#11 0x564525f7d507 <unknown>\n#12 0x564525f87c4c <unknown>\n#13 0x564525f7e136 <unknown>\n#14 0x564525f4c9cf <unknown>\n#15 0x564525fa1b98 <unknown>\n#16 0x564525fa1d68 <unknown>\n#17 0x564525fb0cb3 <unknown>\n#18 0x7f433009e044 <unknown>","time":{"start":1693875266590,"stop":1693875267037,"duration":447}},{"uid":"30276c84e0758097","reportUrl":"https://Nat754.github.io/StroyremAutomation/48//#testresult/30276c84e0758097","status":"broken","statusDetails":"selenium.common.exceptions.ElementNotInteractableException: Message: element not interactable\n  (Session info: headless chrome=116.0.5845.96)\nStacktrace:\n#0 0x5591d89c7e23 <unknown>\n#1 0x5591d86f05f6 <unknown>\n#2 0x5591d8726c5d <unknown>\n#3 0x5591d8750012 <unknown>\n#4 0x5591d8724fb6 <unknown>\n#5 0x5591d87501de <unknown>\n#6 0x5591d8768369 <unknown>\n#7 0x5591d874fde3 <unknown>\n#8 0x5591d8723a7b <unknown>\n#9 0x5591d872481e <unknown>\n#10 0x5591d8989638 <unknown>\n#11 0x5591d898d507 <unknown>\n#12 0x5591d8997c4c <unknown>\n#13 0x5591d898e136 <unknown>\n#14 0x5591d895c9cf <unknown>\n#15 0x5591d89b1b98 <unknown>\n#16 0x5591d89b1d68 <unknown>\n#17 0x5591d89c0cb3 <unknown>\n#18 0x7f9267f92044 <unknown>","time":{"start":1693789240207,"stop":1693789246021,"duration":5814}}]},"tags":["@pytest.mark.xfail","smoke_test"]},"source":"6742b2593e633b93.json","parameterValues":["15900","333","'TD 025'","13900","'products/shtukaturka-gipsovaya-aksolit-m50-30-kg-mashinnogo-naneseniya'","7000","'https://sandboxtest.stroyrem-nn.ru/'","10000"]}