{"uid":"a86c53dbb032294f","name":"test_positive_delivery_green_zone_smoke[TD 012-products/shtukaturka-gipsovaya-aksolit-m50-30-kg-mashinnogo-naneseniya-333-10000-4450-11990-12500-https://sandboxtest.stroyrem-nn.ru/]","fullName":"tests.delivery.test_delivery_calculation.TestDeliveryPageCalculation#test_positive_delivery_green_zone_smoke","historyId":"9d39cbb8c1423d43dfc259c1b0a6c01f","time":{"start":1694580696349,"stop":1694580697172,"duration":823},"status":"skipped","statusMessage":"XFAIL\n\nselenium.common.exceptions.NoSuchElementException: Message: no such element: Unable to locate element: {\"method\":\"xpath\",\"selector\":\"(//a[@class='add-to-cart yellow-btn'])[1]\"}\n  (Session info: headless chrome=117.0.5938.62); For documentation on this error, please visit: https://www.selenium.dev/documentation/webdriver/troubleshooting/errors#no-such-element-exception\nStacktrace:\n#0 0x559adf2f5693 <unknown>\n#1 0x559adefcb1e7 <unknown>\n#2 0x559adf012566 <unknown>\n#3 0x559adf012651 <unknown>\n#4 0x559adf04fa74 <unknown>\n#5 0x559adf0340ed <unknown>\n#6 0x559adf04d322 <unknown>\n#7 0x559adf033e93 <unknown>\n#8 0x559adf006934 <unknown>\n#9 0x559adf00771e <unknown>\n#10 0x559adf2bac98 <unknown>\n#11 0x559adf2bebd0 <unknown>\n#12 0x559adf2c917c <unknown>\n#13 0x559adf2bf7e8 <unknown>\n#14 0x559adf28c25f <unknown>\n#15 0x559adf2e3e68 <unknown>\n#16 0x559adf2e4039 <unknown>\n#17 0x559adf2f4823 <unknown>\n#18 0x7fe8c256c044 <unknown>","statusTrace":"self = <tests.delivery.test_delivery_calculation.TestDeliveryPageCalculation object at 0x7ff861776410>\ndriver = <selenium.webdriver.chrome.webdriver.WebDriver (session=\"3e88f69b6201166130b8773afa2dfeae\")>\nurl = 'https://sandboxtest.stroyrem-nn.ru/', case_id = 'TD 012'\nlink_item = 'products/shtukaturka-gipsovaya-aksolit-m50-30-kg-mashinnogo-naneseniya'\namount = 333, weight = 10000, standard = 4450, in_time = 11990, all_time = 12500\n\n    @pytest.mark.parametrize('case_id, link_item, amount, weight, standard, in_time, all_time', [\n        (\"TD 001\", uroven_3000, 1, 30, 0, 1590, 2190),\n        (\"TD 002\", bundeks_25, 1, 30, 400, 1590, 2190),\n        (\"TD 003\", aksolit_30, 8, 300, 400, 1590, 2190),\n        (\"TD 004\", aksolit_30, 13, 400, 450, 1590, 2190),\n        (\"TD 005\", aksolit_30, 16, 500, 600, 1590, 2190),\n        (\"TD 006\", aksolit_30, 25, 1700, 990, 1990, 2480),\n        (\"TD 007\", aksolit_30, 66, 2000, 1300, 2490, 2980),\n        (\"TD 008\", aksolit_30, 149, 4500, 2300, 3980, 4490),\n        (\"TD 009\", aksolit_30, 166, 5000, 2500, 4990, 5480),\n        pytest.param(\n            \"TD 010\", aksolit_30, 206, 6200, 2900, 5570, 6120,\n            marks=pytest.mark.xfail(reson=\"Цена доставки 3600 7960 8980\")\n        ),\n        (\"TD 011\", aksolit_30, 299, 9000, 3600, 7960, 8980),\n        (\"TD 012\", aksolit_30, 333, 10000, 4450, 11990, 12500),\n        pytest.param(\n            \"TD 013\", aksolit_30, 366, 11000, 4800, 12450, 13480,\n            marks=pytest.mark.xfail(reason=\"Цена стандартной доставки 4450\")\n        ),\n        pytest.param(\n            \"TD 014\", aksolit_30, 666, 20000, 5400, 15600, 17490,\n            marks=pytest.mark.xfail(reason=\"Цена стандартной доставки 4450\")\n        )\n    ])\n    @pytest.mark.xfail\n    @pytest.mark.smoke_test\n    def test_positive_delivery_green_zone_smoke(\n            self, driver, url, case_id, link_item, amount, weight, standard, in_time, all_time\n    ):\n    \n        driver.get(f'{url}{link_item}')\n        item_page = ItemPage(driver)\n>       item_page.add_item_to_cart(amount).click_on_cart()\n\ntests/delivery/test_delivery_calculation.py:50: \n_ _ _ _ _ _ _ _ _ _ _ _ _ _ _ _ _ _ _ _ _ _ _ _ _ _ _ _ _ _ _ _ _ _ _ _ _ _ _ _ \npages/item_page.py:40: in add_item_to_cart\n    self.find_element(self._add_item).click()\nbase/seleniumbase.py:17: in find_element\n    return self.driver.find_element(*locator)\n/usr/local/lib/python3.11/site-packages/selenium/webdriver/remote/webdriver.py:738: in find_element\n    return self.execute(Command.FIND_ELEMENT, {\"using\": by, \"value\": value})[\"value\"]\n/usr/local/lib/python3.11/site-packages/selenium/webdriver/remote/webdriver.py:344: in execute\n    self.error_handler.check_response(response)\n_ _ _ _ _ _ _ _ _ _ _ _ _ _ _ _ _ _ _ _ _ _ _ _ _ _ _ _ _ _ _ _ _ _ _ _ _ _ _ _ \n\nself = <selenium.webdriver.remote.errorhandler.ErrorHandler object at 0x7ff86107f4d0>\nresponse = {'status': 404, 'value': '{\"value\":{\"error\":\"no such element\",\"message\":\"no such element: Unable to locate element: {\\...\\\\n#16 0x559adf2e4039 \\\\u003Cunknown>\\\\n#17 0x559adf2f4823 \\\\u003Cunknown>\\\\n#18 0x7fe8c256c044 \\\\u003Cunknown>\\\\n\"}}'}\n\n    def check_response(self, response: Dict[str, Any]) -> None:\n        \"\"\"Checks that a JSON response from the WebDriver does not have an\n        error.\n    \n        :Args:\n         - response - The JSON response from the WebDriver server as a dictionary\n           object.\n    \n        :Raises: If the response contains an error message.\n        \"\"\"\n        status = response.get(\"status\", None)\n        if not status or status == ErrorCode.SUCCESS:\n            return\n        value = None\n        message = response.get(\"message\", \"\")\n        screen: str = response.get(\"screen\", \"\")\n        stacktrace = None\n        if isinstance(status, int):\n            value_json = response.get(\"value\", None)\n            if value_json and isinstance(value_json, str):\n                import json\n    \n                try:\n                    value = json.loads(value_json)\n                    if len(value) == 1:\n                        value = value[\"value\"]\n                    status = value.get(\"error\", None)\n                    if not status:\n                        status = value.get(\"status\", ErrorCode.UNKNOWN_ERROR)\n                        message = value.get(\"value\") or value.get(\"message\")\n                        if not isinstance(message, str):\n                            value = message\n                            message = message.get(\"message\")\n                    else:\n                        message = value.get(\"message\", None)\n                except ValueError:\n                    pass\n    \n        exception_class: Type[WebDriverException]\n        e = ErrorCode()\n        error_codes = [item for item in dir(e) if not item.startswith(\"__\")]\n        for error_code in error_codes:\n            error_info = getattr(ErrorCode, error_code)\n            if isinstance(error_info, list) and status in error_info:\n                exception_class = getattr(ExceptionMapping, error_code, WebDriverException)\n                break\n        else:\n            exception_class = WebDriverException\n    \n        if not value:\n            value = response[\"value\"]\n        if isinstance(value, str):\n            raise exception_class(value)\n        if message == \"\" and \"message\" in value:\n            message = value[\"message\"]\n    \n        screen = None  # type: ignore[assignment]\n        if \"screen\" in value:\n            screen = value[\"screen\"]\n    \n        stacktrace = None\n        st_value = value.get(\"stackTrace\") or value.get(\"stacktrace\")\n        if st_value:\n            if isinstance(st_value, str):\n                stacktrace = st_value.split(\"\\n\")\n            else:\n                stacktrace = []\n                try:\n                    for frame in st_value:\n                        line = frame.get(\"lineNumber\", \"\")\n                        file = frame.get(\"fileName\", \"<anonymous>\")\n                        if line:\n                            file = f\"{file}:{line}\"\n                        meth = frame.get(\"methodName\", \"<anonymous>\")\n                        if \"className\" in frame:\n                            meth = f\"{frame['className']}.{meth}\"\n                        msg = \"    at %s (%s)\"\n                        msg = msg % (meth, file)\n                        stacktrace.append(msg)\n                except TypeError:\n                    pass\n        if exception_class == UnexpectedAlertPresentException:\n            alert_text = None\n            if \"data\" in value:\n                alert_text = value[\"data\"].get(\"text\")\n            elif \"alert\" in value:\n                alert_text = value[\"alert\"].get(\"text\")\n            raise exception_class(message, screen, stacktrace, alert_text)  # type: ignore[call-arg]  # mypy is not smart enough here\n>       raise exception_class(message, screen, stacktrace)\nE       selenium.common.exceptions.NoSuchElementException: Message: no such element: Unable to locate element: {\"method\":\"xpath\",\"selector\":\"(//a[@class='add-to-cart yellow-btn'])[1]\"}\nE         (Session info: headless chrome=117.0.5938.62); For documentation on this error, please visit: https://www.selenium.dev/documentation/webdriver/troubleshooting/errors#no-such-element-exception\nE       Stacktrace:\nE       #0 0x559adf2f5693 <unknown>\nE       #1 0x559adefcb1e7 <unknown>\nE       #2 0x559adf012566 <unknown>\nE       #3 0x559adf012651 <unknown>\nE       #4 0x559adf04fa74 <unknown>\nE       #5 0x559adf0340ed <unknown>\nE       #6 0x559adf04d322 <unknown>\nE       #7 0x559adf033e93 <unknown>\nE       #8 0x559adf006934 <unknown>\nE       #9 0x559adf00771e <unknown>\nE       #10 0x559adf2bac98 <unknown>\nE       #11 0x559adf2bebd0 <unknown>\nE       #12 0x559adf2c917c <unknown>\nE       #13 0x559adf2bf7e8 <unknown>\nE       #14 0x559adf28c25f <unknown>\nE       #15 0x559adf2e3e68 <unknown>\nE       #16 0x559adf2e4039 <unknown>\nE       #17 0x559adf2f4823 <unknown>\nE       #18 0x7fe8c256c044 <unknown>\n\n/usr/local/lib/python3.11/site-packages/selenium/webdriver/remote/errorhandler.py:229: NoSuchElementException","flaky":false,"newFailed":false,"newBroken":false,"newPassed":false,"retriesCount":0,"retriesStatusChange":false,"beforeStages":[{"name":"_session_faker","time":{"start":1694579999518,"stop":1694579999613,"duration":95},"status":"passed","steps":[],"attachments":[],"parameters":[],"shouldDisplayMessage":false,"stepsCount":0,"attachmentsCount":0,"hasContent":false},{"name":"clear_allure_results_folder","time":{"start":1694579999613,"stop":1694579999613,"duration":0},"status":"passed","steps":[],"attachments":[],"parameters":[],"shouldDisplayMessage":false,"stepsCount":0,"attachmentsCount":0,"hasContent":false},{"name":"driver","time":{"start":1694580695509,"stop":1694580696347,"duration":838},"status":"passed","steps":[],"attachments":[],"parameters":[],"shouldDisplayMessage":false,"stepsCount":0,"attachmentsCount":0,"hasContent":false},{"name":"setup","time":{"start":1694580696348,"stop":1694580696348,"duration":0},"status":"passed","steps":[],"attachments":[],"parameters":[],"shouldDisplayMessage":false,"stepsCount":0,"attachmentsCount":0,"hasContent":false}],"testStage":{"status":"skipped","statusMessage":"XFAIL\n\nselenium.common.exceptions.NoSuchElementException: Message: no such element: Unable to locate element: {\"method\":\"xpath\",\"selector\":\"(//a[@class='add-to-cart yellow-btn'])[1]\"}\n  (Session info: headless chrome=117.0.5938.62); For documentation on this error, please visit: https://www.selenium.dev/documentation/webdriver/troubleshooting/errors#no-such-element-exception\nStacktrace:\n#0 0x559adf2f5693 <unknown>\n#1 0x559adefcb1e7 <unknown>\n#2 0x559adf012566 <unknown>\n#3 0x559adf012651 <unknown>\n#4 0x559adf04fa74 <unknown>\n#5 0x559adf0340ed <unknown>\n#6 0x559adf04d322 <unknown>\n#7 0x559adf033e93 <unknown>\n#8 0x559adf006934 <unknown>\n#9 0x559adf00771e <unknown>\n#10 0x559adf2bac98 <unknown>\n#11 0x559adf2bebd0 <unknown>\n#12 0x559adf2c917c <unknown>\n#13 0x559adf2bf7e8 <unknown>\n#14 0x559adf28c25f <unknown>\n#15 0x559adf2e3e68 <unknown>\n#16 0x559adf2e4039 <unknown>\n#17 0x559adf2f4823 <unknown>\n#18 0x7fe8c256c044 <unknown>","statusTrace":"self = <tests.delivery.test_delivery_calculation.TestDeliveryPageCalculation object at 0x7ff861776410>\ndriver = <selenium.webdriver.chrome.webdriver.WebDriver (session=\"3e88f69b6201166130b8773afa2dfeae\")>\nurl = 'https://sandboxtest.stroyrem-nn.ru/', case_id = 'TD 012'\nlink_item = 'products/shtukaturka-gipsovaya-aksolit-m50-30-kg-mashinnogo-naneseniya'\namount = 333, weight = 10000, standard = 4450, in_time = 11990, all_time = 12500\n\n    @pytest.mark.parametrize('case_id, link_item, amount, weight, standard, in_time, all_time', [\n        (\"TD 001\", uroven_3000, 1, 30, 0, 1590, 2190),\n        (\"TD 002\", bundeks_25, 1, 30, 400, 1590, 2190),\n        (\"TD 003\", aksolit_30, 8, 300, 400, 1590, 2190),\n        (\"TD 004\", aksolit_30, 13, 400, 450, 1590, 2190),\n        (\"TD 005\", aksolit_30, 16, 500, 600, 1590, 2190),\n        (\"TD 006\", aksolit_30, 25, 1700, 990, 1990, 2480),\n        (\"TD 007\", aksolit_30, 66, 2000, 1300, 2490, 2980),\n        (\"TD 008\", aksolit_30, 149, 4500, 2300, 3980, 4490),\n        (\"TD 009\", aksolit_30, 166, 5000, 2500, 4990, 5480),\n        pytest.param(\n            \"TD 010\", aksolit_30, 206, 6200, 2900, 5570, 6120,\n            marks=pytest.mark.xfail(reson=\"Цена доставки 3600 7960 8980\")\n        ),\n        (\"TD 011\", aksolit_30, 299, 9000, 3600, 7960, 8980),\n        (\"TD 012\", aksolit_30, 333, 10000, 4450, 11990, 12500),\n        pytest.param(\n            \"TD 013\", aksolit_30, 366, 11000, 4800, 12450, 13480,\n            marks=pytest.mark.xfail(reason=\"Цена стандартной доставки 4450\")\n        ),\n        pytest.param(\n            \"TD 014\", aksolit_30, 666, 20000, 5400, 15600, 17490,\n            marks=pytest.mark.xfail(reason=\"Цена стандартной доставки 4450\")\n        )\n    ])\n    @pytest.mark.xfail\n    @pytest.mark.smoke_test\n    def test_positive_delivery_green_zone_smoke(\n            self, driver, url, case_id, link_item, amount, weight, standard, in_time, all_time\n    ):\n    \n        driver.get(f'{url}{link_item}')\n        item_page = ItemPage(driver)\n>       item_page.add_item_to_cart(amount).click_on_cart()\n\ntests/delivery/test_delivery_calculation.py:50: \n_ _ _ _ _ _ _ _ _ _ _ _ _ _ _ _ _ _ _ _ _ _ _ _ _ _ _ _ _ _ _ _ _ _ _ _ _ _ _ _ \npages/item_page.py:40: in add_item_to_cart\n    self.find_element(self._add_item).click()\nbase/seleniumbase.py:17: in find_element\n    return self.driver.find_element(*locator)\n/usr/local/lib/python3.11/site-packages/selenium/webdriver/remote/webdriver.py:738: in find_element\n    return self.execute(Command.FIND_ELEMENT, {\"using\": by, \"value\": value})[\"value\"]\n/usr/local/lib/python3.11/site-packages/selenium/webdriver/remote/webdriver.py:344: in execute\n    self.error_handler.check_response(response)\n_ _ _ _ _ _ _ _ _ _ _ _ _ _ _ _ _ _ _ _ _ _ _ _ _ _ _ _ _ _ _ _ _ _ _ _ _ _ _ _ \n\nself = <selenium.webdriver.remote.errorhandler.ErrorHandler object at 0x7ff86107f4d0>\nresponse = {'status': 404, 'value': '{\"value\":{\"error\":\"no such element\",\"message\":\"no such element: Unable to locate element: {\\...\\\\n#16 0x559adf2e4039 \\\\u003Cunknown>\\\\n#17 0x559adf2f4823 \\\\u003Cunknown>\\\\n#18 0x7fe8c256c044 \\\\u003Cunknown>\\\\n\"}}'}\n\n    def check_response(self, response: Dict[str, Any]) -> None:\n        \"\"\"Checks that a JSON response from the WebDriver does not have an\n        error.\n    \n        :Args:\n         - response - The JSON response from the WebDriver server as a dictionary\n           object.\n    \n        :Raises: If the response contains an error message.\n        \"\"\"\n        status = response.get(\"status\", None)\n        if not status or status == ErrorCode.SUCCESS:\n            return\n        value = None\n        message = response.get(\"message\", \"\")\n        screen: str = response.get(\"screen\", \"\")\n        stacktrace = None\n        if isinstance(status, int):\n            value_json = response.get(\"value\", None)\n            if value_json and isinstance(value_json, str):\n                import json\n    \n                try:\n                    value = json.loads(value_json)\n                    if len(value) == 1:\n                        value = value[\"value\"]\n                    status = value.get(\"error\", None)\n                    if not status:\n                        status = value.get(\"status\", ErrorCode.UNKNOWN_ERROR)\n                        message = value.get(\"value\") or value.get(\"message\")\n                        if not isinstance(message, str):\n                            value = message\n                            message = message.get(\"message\")\n                    else:\n                        message = value.get(\"message\", None)\n                except ValueError:\n                    pass\n    \n        exception_class: Type[WebDriverException]\n        e = ErrorCode()\n        error_codes = [item for item in dir(e) if not item.startswith(\"__\")]\n        for error_code in error_codes:\n            error_info = getattr(ErrorCode, error_code)\n            if isinstance(error_info, list) and status in error_info:\n                exception_class = getattr(ExceptionMapping, error_code, WebDriverException)\n                break\n        else:\n            exception_class = WebDriverException\n    \n        if not value:\n            value = response[\"value\"]\n        if isinstance(value, str):\n            raise exception_class(value)\n        if message == \"\" and \"message\" in value:\n            message = value[\"message\"]\n    \n        screen = None  # type: ignore[assignment]\n        if \"screen\" in value:\n            screen = value[\"screen\"]\n    \n        stacktrace = None\n        st_value = value.get(\"stackTrace\") or value.get(\"stacktrace\")\n        if st_value:\n            if isinstance(st_value, str):\n                stacktrace = st_value.split(\"\\n\")\n            else:\n                stacktrace = []\n                try:\n                    for frame in st_value:\n                        line = frame.get(\"lineNumber\", \"\")\n                        file = frame.get(\"fileName\", \"<anonymous>\")\n                        if line:\n                            file = f\"{file}:{line}\"\n                        meth = frame.get(\"methodName\", \"<anonymous>\")\n                        if \"className\" in frame:\n                            meth = f\"{frame['className']}.{meth}\"\n                        msg = \"    at %s (%s)\"\n                        msg = msg % (meth, file)\n                        stacktrace.append(msg)\n                except TypeError:\n                    pass\n        if exception_class == UnexpectedAlertPresentException:\n            alert_text = None\n            if \"data\" in value:\n                alert_text = value[\"data\"].get(\"text\")\n            elif \"alert\" in value:\n                alert_text = value[\"alert\"].get(\"text\")\n            raise exception_class(message, screen, stacktrace, alert_text)  # type: ignore[call-arg]  # mypy is not smart enough here\n>       raise exception_class(message, screen, stacktrace)\nE       selenium.common.exceptions.NoSuchElementException: Message: no such element: Unable to locate element: {\"method\":\"xpath\",\"selector\":\"(//a[@class='add-to-cart yellow-btn'])[1]\"}\nE         (Session info: headless chrome=117.0.5938.62); For documentation on this error, please visit: https://www.selenium.dev/documentation/webdriver/troubleshooting/errors#no-such-element-exception\nE       Stacktrace:\nE       #0 0x559adf2f5693 <unknown>\nE       #1 0x559adefcb1e7 <unknown>\nE       #2 0x559adf012566 <unknown>\nE       #3 0x559adf012651 <unknown>\nE       #4 0x559adf04fa74 <unknown>\nE       #5 0x559adf0340ed <unknown>\nE       #6 0x559adf04d322 <unknown>\nE       #7 0x559adf033e93 <unknown>\nE       #8 0x559adf006934 <unknown>\nE       #9 0x559adf00771e <unknown>\nE       #10 0x559adf2bac98 <unknown>\nE       #11 0x559adf2bebd0 <unknown>\nE       #12 0x559adf2c917c <unknown>\nE       #13 0x559adf2bf7e8 <unknown>\nE       #14 0x559adf28c25f <unknown>\nE       #15 0x559adf2e3e68 <unknown>\nE       #16 0x559adf2e4039 <unknown>\nE       #17 0x559adf2f4823 <unknown>\nE       #18 0x7fe8c256c044 <unknown>\n\n/usr/local/lib/python3.11/site-packages/selenium/webdriver/remote/errorhandler.py:229: NoSuchElementException","steps":[{"name":"Добавляем товар в корзину в количестве 333","time":{"start":1694580697154,"stop":1694580697171,"duration":17},"status":"broken","statusMessage":"selenium.common.exceptions.NoSuchElementException: Message: no such element: Unable to locate element: {\"method\":\"xpath\",\"selector\":\"(//a[@class='add-to-cart yellow-btn'])[1]\"}\n  (Session info: headless chrome=117.0.5938.62); For documentation on this error, please visit: https://www.selenium.dev/documentation/webdriver/troubleshooting/errors#no-such-element-exception\nStacktrace:\n#0 0x559adf2f5693 <unknown>\n#1 0x559adefcb1e7 <unknown>\n#2 0x559adf012566 <unknown>\n#3 0x559adf012651 <unknown>\n#4 0x559adf04fa74 <unknown>\n#5 0x559adf0340ed <unknown>\n#6 0x559adf04d322 <unknown>\n#7 0x559adf033e93 <unknown>\n#8 0x559adf006934 <unknown>\n#9 0x559adf00771e <unknown>\n#10 0x559adf2bac98 <unknown>\n#11 0x559adf2bebd0 <unknown>\n#12 0x559adf2c917c <unknown>\n#13 0x559adf2bf7e8 <unknown>\n#14 0x559adf28c25f <unknown>\n#15 0x559adf2e3e68 <unknown>\n#16 0x559adf2e4039 <unknown>\n#17 0x559adf2f4823 <unknown>\n#18 0x7fe8c256c044 <unknown>\n\n","statusTrace":"  File \"/usr/local/lib/python3.11/site-packages/allure_commons/_allure.py\", line 192, in impl\n    return func(*a, **kw)\n           ^^^^^^^^^^^^^^\n  File \"/app/pages/item_page.py\", line 40, in add_item_to_cart\n    self.find_element(self._add_item).click()\n    ^^^^^^^^^^^^^^^^^^^^^^^^^^^^^^^^^\n  File \"/app/base/seleniumbase.py\", line 17, in find_element\n    return self.driver.find_element(*locator)\n           ^^^^^^^^^^^^^^^^^^^^^^^^^^^^^^^^^^\n  File \"/usr/local/lib/python3.11/site-packages/selenium/webdriver/remote/webdriver.py\", line 738, in find_element\n    return self.execute(Command.FIND_ELEMENT, {\"using\": by, \"value\": value})[\"value\"]\n           ^^^^^^^^^^^^^^^^^^^^^^^^^^^^^^^^^^^^^^^^^^^^^^^^^^^^^^^^^^^^^^^^^\n  File \"/usr/local/lib/python3.11/site-packages/selenium/webdriver/remote/webdriver.py\", line 344, in execute\n    self.error_handler.check_response(response)\n  File \"/usr/local/lib/python3.11/site-packages/selenium/webdriver/remote/errorhandler.py\", line 229, in check_response\n    raise exception_class(message, screen, stacktrace)\n","steps":[],"attachments":[],"parameters":[{"name":"amount","value":"333"}],"shouldDisplayMessage":true,"stepsCount":0,"attachmentsCount":0,"hasContent":true}],"attachments":[{"uid":"433cb984a8d1b13b","name":"Screenshot","source":"433cb984a8d1b13b.png","type":"image/png","size":39917},{"uid":"866304a709b37005","name":"HTML source","source":"866304a709b37005.html","type":"text/html","size":544}],"parameters":[],"shouldDisplayMessage":true,"stepsCount":1,"attachmentsCount":2,"hasContent":true},"afterStages":[{"name":"setup::0","time":{"start":1694580697307,"stop":1694580697307,"duration":0},"status":"passed","steps":[],"attachments":[],"parameters":[],"shouldDisplayMessage":false,"stepsCount":0,"attachmentsCount":0,"hasContent":false},{"name":"driver::0","time":{"start":1694580697307,"stop":1694580697364,"duration":57},"status":"passed","steps":[],"attachments":[],"parameters":[],"shouldDisplayMessage":false,"stepsCount":0,"attachmentsCount":0,"hasContent":false}],"labels":[{"name":"epic","value":"Delivery Page - calculation"},{"name":"tag","value":"smoke_test"},{"name":"tag","value":"@pytest.mark.xfail"},{"name":"parentSuite","value":"tests.delivery"},{"name":"suite","value":"test_delivery_calculation"},{"name":"subSuite","value":"TestDeliveryPageCalculation"},{"name":"host","value":"7c3d814039a2"},{"name":"thread","value":"1-MainThread"},{"name":"framework","value":"pytest"},{"name":"language","value":"cpython3"},{"name":"package","value":"tests.delivery.test_delivery_calculation"},{"name":"resultFormat","value":"allure2"}],"parameters":[{"name":"all_time","value":"12500"},{"name":"amount","value":"333"},{"name":"case_id","value":"'TD 012'"},{"name":"in_time","value":"11990"},{"name":"link_item","value":"'products/shtukaturka-gipsovaya-aksolit-m50-30-kg-mashinnogo-naneseniya'"},{"name":"standard","value":"4450"},{"name":"url","value":"'https://sandboxtest.stroyrem-nn.ru/'"},{"name":"weight","value":"10000"}],"links":[],"hidden":false,"retry":false,"extra":{"severity":"normal","retries":[],"categories":[],"history":{"statistic":{"failed":0,"broken":13,"skipped":15,"passed":0,"unknown":0,"total":28},"items":[{"uid":"351eb3c9dcf39113","reportUrl":"https://Nat754.github.io/StroyremAutomation/61//#testresult/351eb3c9dcf39113","status":"skipped","statusDetails":"XFAIL\n\nselenium.common.exceptions.NoSuchElementException: Message: no such element: Unable to locate element: {\"method\":\"xpath\",\"selector\":\"(//a[@class='add-to-cart yellow-btn'])[1]\"}\n  (Session info: headless chrome=117.0.5938.62); For documentation on this error, please visit: https://www.selenium.dev/documentation/webdriver/troubleshooting/errors#no-such-element-exception\nStacktrace:\n#0 0x560ac85b7693 <unknown>\n#1 0x560ac828d1e7 <unknown>\n#2 0x560ac82d4566 <unknown>\n#3 0x560ac82d4651 <unknown>\n#4 0x560ac8311a74 <unknown>\n#5 0x560ac82f60ed <unknown>\n#6 0x560ac830f322 <unknown>\n#7 0x560ac82f5e93 <unknown>\n#8 0x560ac82c8934 <unknown>\n#9 0x560ac82c971e <unknown>\n#10 0x560ac857cc98 <unknown>\n#11 0x560ac8580bd0 <unknown>\n#12 0x560ac858b17c <unknown>\n#13 0x560ac85817e8 <unknown>\n#14 0x560ac854e25f <unknown>\n#15 0x560ac85a5e68 <unknown>\n#16 0x560ac85a6039 <unknown>\n#17 0x560ac85b6823 <unknown>\n#18 0x7f1b4f51d044 <unknown>","time":{"start":1694566599150,"stop":1694566599760,"duration":610}},{"uid":"51641253a907f33e","reportUrl":"https://Nat754.github.io/StroyremAutomation/60//#testresult/51641253a907f33e","status":"skipped","statusDetails":"XFAIL\n\nselenium.common.exceptions.NoSuchElementException: Message: no such element: Unable to locate element: {\"method\":\"xpath\",\"selector\":\"(//a[@class='add-to-cart yellow-btn'])[1]\"}\n  (Session info: headless chrome=116.0.5845.96); For documentation on this error, please visit: https://www.selenium.dev/documentation/webdriver/troubleshooting/errors#no-such-element-exception\nStacktrace:\n#0 0x5611dd688e23 <unknown>\n#1 0x5611dd3b17a7 <unknown>\n#2 0x5611dd3f01d3 <unknown>\n#3 0x5611dd3f02c1 <unknown>\n#4 0x5611dd42ba04 <unknown>\n#5 0x5611dd41103d <unknown>\n#6 0x5611dd429369 <unknown>\n#7 0x5611dd410de3 <unknown>\n#8 0x5611dd3e4a7b <unknown>\n#9 0x5611dd3e581e <unknown>\n#10 0x5611dd64a638 <unknown>\n#11 0x5611dd64e507 <unknown>\n#12 0x5611dd658c4c <unknown>\n#13 0x5611dd64f136 <unknown>\n#14 0x5611dd61d9cf <unknown>\n#15 0x5611dd672b98 <unknown>\n#16 0x5611dd672d68 <unknown>\n#17 0x5611dd681cb3 <unknown>\n#18 0x7f25bc6bc044 <unknown>","time":{"start":1694504682600,"stop":1694504683247,"duration":647}},{"uid":"f94da0a84c657b0c","reportUrl":"https://Nat754.github.io/StroyremAutomation/60//#testresult/f94da0a84c657b0c","status":"skipped","statusDetails":"XFAIL\n\nselenium.common.exceptions.NoSuchElementException: Message: no such element: Unable to locate element: {\"method\":\"xpath\",\"selector\":\"(//a[@class='add-to-cart yellow-btn'])[1]\"}\n  (Session info: headless chrome=116.0.5845.96); For documentation on this error, please visit: https://www.selenium.dev/documentation/webdriver/troubleshooting/errors#no-such-element-exception\nStacktrace:\n#0 0x55dc28e3ce23 <unknown>\n#1 0x55dc28b657a7 <unknown>\n#2 0x55dc28ba41d3 <unknown>\n#3 0x55dc28ba42c1 <unknown>\n#4 0x55dc28bdfa04 <unknown>\n#5 0x55dc28bc503d <unknown>\n#6 0x55dc28bdd369 <unknown>\n#7 0x55dc28bc4de3 <unknown>\n#8 0x55dc28b98a7b <unknown>\n#9 0x55dc28b9981e <unknown>\n#10 0x55dc28dfe638 <unknown>\n#11 0x55dc28e02507 <unknown>\n#12 0x55dc28e0cc4c <unknown>\n#13 0x55dc28e03136 <unknown>\n#14 0x55dc28dd19cf <unknown>\n#15 0x55dc28e26b98 <unknown>\n#16 0x55dc28e26d68 <unknown>\n#17 0x55dc28e35cb3 <unknown>\n#18 0x7f945627c044 <unknown>","time":{"start":1694480213290,"stop":1694480213923,"duration":633}},{"uid":"b877c0fd8cbedd5c","reportUrl":"https://Nat754.github.io/StroyremAutomation/59//#testresult/b877c0fd8cbedd5c","status":"skipped","statusDetails":"XFAIL\n\nselenium.common.exceptions.NoSuchElementException: Message: no such element: Unable to locate element: {\"method\":\"xpath\",\"selector\":\"(//a[@class='add-to-cart yellow-btn'])[1]\"}\n  (Session info: headless chrome=116.0.5845.96); For documentation on this error, please visit: https://www.selenium.dev/documentation/webdriver/troubleshooting/errors#no-such-element-exception\nStacktrace:\n#0 0x560ccefa1e23 <unknown>\n#1 0x560ccecca7a7 <unknown>\n#2 0x560cced091d3 <unknown>\n#3 0x560cced092c1 <unknown>\n#4 0x560cced44a04 <unknown>\n#5 0x560cced2a03d <unknown>\n#6 0x560cced42369 <unknown>\n#7 0x560cced29de3 <unknown>\n#8 0x560ccecfda7b <unknown>\n#9 0x560ccecfe81e <unknown>\n#10 0x560ccef63638 <unknown>\n#11 0x560ccef67507 <unknown>\n#12 0x560ccef71c4c <unknown>\n#13 0x560ccef68136 <unknown>\n#14 0x560ccef369cf <unknown>\n#15 0x560ccef8bb98 <unknown>\n#16 0x560ccef8bd68 <unknown>\n#17 0x560ccef9acb3 <unknown>\n#18 0x7f00334fb044 <unknown>","time":{"start":1694433837493,"stop":1694433838168,"duration":675}},{"uid":"3db992c82c06b8aa","reportUrl":"https://Nat754.github.io/StroyremAutomation/57//#testresult/3db992c82c06b8aa","status":"skipped","statusDetails":"XFAIL\n\nselenium.common.exceptions.NoSuchElementException: Message: no such element: Unable to locate element: {\"method\":\"xpath\",\"selector\":\"(//a[@class='add-to-cart yellow-btn'])[1]\"}\n  (Session info: headless chrome=116.0.5845.96); For documentation on this error, please visit: https://www.selenium.dev/documentation/webdriver/troubleshooting/errors#no-such-element-exception\nStacktrace:\n#0 0x55bd235b1e23 <unknown>\n#1 0x55bd232da7a7 <unknown>\n#2 0x55bd233191d3 <unknown>\n#3 0x55bd233192c1 <unknown>\n#4 0x55bd23354a04 <unknown>\n#5 0x55bd2333a03d <unknown>\n#6 0x55bd23352369 <unknown>\n#7 0x55bd23339de3 <unknown>\n#8 0x55bd2330da7b <unknown>\n#9 0x55bd2330e81e <unknown>\n#10 0x55bd23573638 <unknown>\n#11 0x55bd23577507 <unknown>\n#12 0x55bd23581c4c <unknown>\n#13 0x55bd23578136 <unknown>\n#14 0x55bd235469cf <unknown>\n#15 0x55bd2359bb98 <unknown>\n#16 0x55bd2359bd68 <unknown>\n#17 0x55bd235aacb3 <unknown>\n#18 0x7f2126c6e044 <unknown>","time":{"start":1694431065969,"stop":1694431066520,"duration":551}},{"uid":"74eef220999ac000","reportUrl":"https://Nat754.github.io/StroyremAutomation/58//#testresult/74eef220999ac000","status":"skipped","statusDetails":"XFAIL\n\nselenium.common.exceptions.NoSuchElementException: Message: no such element: Unable to locate element: {\"method\":\"xpath\",\"selector\":\"(//a[@class='add-to-cart yellow-btn'])[1]\"}\n  (Session info: headless chrome=116.0.5845.96); For documentation on this error, please visit: https://www.selenium.dev/documentation/webdriver/troubleshooting/errors#no-such-element-exception\nStacktrace:\n#0 0x55a6575cee23 <unknown>\n#1 0x55a6572f77a7 <unknown>\n#2 0x55a6573361d3 <unknown>\n#3 0x55a6573362c1 <unknown>\n#4 0x55a657371a04 <unknown>\n#5 0x55a65735703d <unknown>\n#6 0x55a65736f369 <unknown>\n#7 0x55a657356de3 <unknown>\n#8 0x55a65732aa7b <unknown>\n#9 0x55a65732b81e <unknown>\n#10 0x55a657590638 <unknown>\n#11 0x55a657594507 <unknown>\n#12 0x55a65759ec4c <unknown>\n#13 0x55a657595136 <unknown>\n#14 0x55a6575639cf <unknown>\n#15 0x55a6575b8b98 <unknown>\n#16 0x55a6575b8d68 <unknown>\n#17 0x55a6575c7cb3 <unknown>\n#18 0x7f2820d58044 <unknown>","time":{"start":1694430990769,"stop":1694430991308,"duration":539}},{"uid":"434ce9e552d00fdd","reportUrl":"https://Nat754.github.io/StroyremAutomation/56//#testresult/434ce9e552d00fdd","status":"skipped","statusDetails":"XFAIL\n\nselenium.common.exceptions.NoSuchElementException: Message: no such element: Unable to locate element: {\"method\":\"xpath\",\"selector\":\"(//a[@class='add-to-cart yellow-btn'])[1]\"}\n  (Session info: headless chrome=116.0.5845.96); For documentation on this error, please visit: https://www.selenium.dev/documentation/webdriver/troubleshooting/errors#no-such-element-exception\nStacktrace:\n#0 0x55ea94319e23 <unknown>\n#1 0x55ea940427a7 <unknown>\n#2 0x55ea940811d3 <unknown>\n#3 0x55ea940812c1 <unknown>\n#4 0x55ea940bca04 <unknown>\n#5 0x55ea940a203d <unknown>\n#6 0x55ea940ba369 <unknown>\n#7 0x55ea940a1de3 <unknown>\n#8 0x55ea94075a7b <unknown>\n#9 0x55ea9407681e <unknown>\n#10 0x55ea942db638 <unknown>\n#11 0x55ea942df507 <unknown>\n#12 0x55ea942e9c4c <unknown>\n#13 0x55ea942e0136 <unknown>\n#14 0x55ea942ae9cf <unknown>\n#15 0x55ea94303b98 <unknown>\n#16 0x55ea94303d68 <unknown>\n#17 0x55ea94312cb3 <unknown>\n#18 0x7fc889a09044 <unknown>","time":{"start":1694429606777,"stop":1694429607226,"duration":449}},{"uid":"961cd082b708f824","reportUrl":"https://Nat754.github.io/StroyremAutomation/56//#testresult/961cd082b708f824","status":"skipped","statusDetails":"XFAIL\n\nselenium.common.exceptions.NoSuchElementException: Message: no such element: Unable to locate element: {\"method\":\"xpath\",\"selector\":\"(//a[@class='add-to-cart yellow-btn'])[1]\"}\n  (Session info: headless chrome=116.0.5845.96); For documentation on this error, please visit: https://www.selenium.dev/documentation/webdriver/troubleshooting/errors#no-such-element-exception\nStacktrace:\n#0 0x55a8dfa55e23 <unknown>\n#1 0x55a8df77e7a7 <unknown>\n#2 0x55a8df7bd1d3 <unknown>\n#3 0x55a8df7bd2c1 <unknown>\n#4 0x55a8df7f8a04 <unknown>\n#5 0x55a8df7de03d <unknown>\n#6 0x55a8df7f6369 <unknown>\n#7 0x55a8df7ddde3 <unknown>\n#8 0x55a8df7b1a7b <unknown>\n#9 0x55a8df7b281e <unknown>\n#10 0x55a8dfa17638 <unknown>\n#11 0x55a8dfa1b507 <unknown>\n#12 0x55a8dfa25c4c <unknown>\n#13 0x55a8dfa1c136 <unknown>\n#14 0x55a8df9ea9cf <unknown>\n#15 0x55a8dfa3fb98 <unknown>\n#16 0x55a8dfa3fd68 <unknown>\n#17 0x55a8dfa4ecb3 <unknown>\n#18 0x7f6306b79044 <unknown>","time":{"start":1694393722915,"stop":1694393723440,"duration":525}},{"uid":"612a428d19553d90","reportUrl":"https://Nat754.github.io/StroyremAutomation/55//#testresult/612a428d19553d90","status":"skipped","statusDetails":"XFAIL\n\nselenium.common.exceptions.NoSuchElementException: Message: no such element: Unable to locate element: {\"method\":\"xpath\",\"selector\":\"(//a[@class='add-to-cart yellow-btn'])[1]\"}\n  (Session info: headless chrome=116.0.5845.96); For documentation on this error, please visit: https://www.selenium.dev/documentation/webdriver/troubleshooting/errors#no-such-element-exception\nStacktrace:\n#0 0x55be6dec1e23 <unknown>\n#1 0x55be6dbea7a7 <unknown>\n#2 0x55be6dc291d3 <unknown>\n#3 0x55be6dc292c1 <unknown>\n#4 0x55be6dc64a04 <unknown>\n#5 0x55be6dc4a03d <unknown>\n#6 0x55be6dc62369 <unknown>\n#7 0x55be6dc49de3 <unknown>\n#8 0x55be6dc1da7b <unknown>\n#9 0x55be6dc1e81e <unknown>\n#10 0x55be6de83638 <unknown>\n#11 0x55be6de87507 <unknown>\n#12 0x55be6de91c4c <unknown>\n#13 0x55be6de88136 <unknown>\n#14 0x55be6de569cf <unknown>\n#15 0x55be6deabb98 <unknown>\n#16 0x55be6deabd68 <unknown>\n#17 0x55be6debacb3 <unknown>\n#18 0x7f4125488044 <unknown>","time":{"start":1694380839238,"stop":1694380839867,"duration":629}},{"uid":"5d5fa135d26c657a","reportUrl":"https://Nat754.github.io/StroyremAutomation/55//#testresult/5d5fa135d26c657a","status":"skipped","statusDetails":"XFAIL\n\nselenium.common.exceptions.NoSuchElementException: Message: no such element: Unable to locate element: {\"method\":\"xpath\",\"selector\":\"(//a[@class='add-to-cart yellow-btn'])[1]\"}\n  (Session info: headless chrome=116.0.5845.96); For documentation on this error, please visit: https://www.selenium.dev/documentation/webdriver/troubleshooting/errors#no-such-element-exception\nStacktrace:\n#0 0x5618fd1fbe23 <unknown>\n#1 0x5618fcf247a7 <unknown>\n#2 0x5618fcf631d3 <unknown>\n#3 0x5618fcf632c1 <unknown>\n#4 0x5618fcf9ea04 <unknown>\n#5 0x5618fcf8403d <unknown>\n#6 0x5618fcf9c369 <unknown>\n#7 0x5618fcf83de3 <unknown>\n#8 0x5618fcf57a7b <unknown>\n#9 0x5618fcf5881e <unknown>\n#10 0x5618fd1bd638 <unknown>\n#11 0x5618fd1c1507 <unknown>\n#12 0x5618fd1cbc4c <unknown>\n#13 0x5618fd1c2136 <unknown>\n#14 0x5618fd1909cf <unknown>\n#15 0x5618fd1e5b98 <unknown>\n#16 0x5618fd1e5d68 <unknown>\n#17 0x5618fd1f4cb3 <unknown>\n#18 0x7f0a4abdd044 <unknown>","time":{"start":1694307503993,"stop":1694307504751,"duration":758}},{"uid":"5089aa6d8fa45885","reportUrl":"https://Nat754.github.io/StroyremAutomation/54//#testresult/5089aa6d8fa45885","status":"skipped","statusDetails":"XFAIL\n\nselenium.common.exceptions.NoSuchElementException: Message: no such element: Unable to locate element: {\"method\":\"xpath\",\"selector\":\"(//a[@class='add-to-cart yellow-btn'])[1]\"}\n  (Session info: headless chrome=116.0.5845.96); For documentation on this error, please visit: https://www.selenium.dev/documentation/webdriver/troubleshooting/errors#no-such-element-exception\nStacktrace:\n#0 0x55b07431ce23 <unknown>\n#1 0x55b0740457a7 <unknown>\n#2 0x55b0740841d3 <unknown>\n#3 0x55b0740842c1 <unknown>\n#4 0x55b0740bfa04 <unknown>\n#5 0x55b0740a503d <unknown>\n#6 0x55b0740bd369 <unknown>\n#7 0x55b0740a4de3 <unknown>\n#8 0x55b074078a7b <unknown>\n#9 0x55b07407981e <unknown>\n#10 0x55b0742de638 <unknown>\n#11 0x55b0742e2507 <unknown>\n#12 0x55b0742ecc4c <unknown>\n#13 0x55b0742e3136 <unknown>\n#14 0x55b0742b19cf <unknown>\n#15 0x55b074306b98 <unknown>\n#16 0x55b074306d68 <unknown>\n#17 0x55b074315cb3 <unknown>\n#18 0x7f014ec6a044 <unknown>","time":{"start":1694286793603,"stop":1694286794285,"duration":682}},{"uid":"887f4238fb7f6a","reportUrl":"https://Nat754.github.io/StroyremAutomation/54//#testresult/887f4238fb7f6a","status":"skipped","statusDetails":"XFAIL\n\nselenium.common.exceptions.NoSuchElementException: Message: no such element: Unable to locate element: {\"method\":\"xpath\",\"selector\":\"(//a[@class='add-to-cart yellow-btn'])[1]\"}\n  (Session info: headless chrome=116.0.5845.96); For documentation on this error, please visit: https://www.selenium.dev/documentation/webdriver/troubleshooting/errors#no-such-element-exception\nStacktrace:\n#0 0x5631fc865e23 <unknown>\n#1 0x5631fc58e7a7 <unknown>\n#2 0x5631fc5cd1d3 <unknown>\n#3 0x5631fc5cd2c1 <unknown>\n#4 0x5631fc608a04 <unknown>\n#5 0x5631fc5ee03d <unknown>\n#6 0x5631fc606369 <unknown>\n#7 0x5631fc5edde3 <unknown>\n#8 0x5631fc5c1a7b <unknown>\n#9 0x5631fc5c281e <unknown>\n#10 0x5631fc827638 <unknown>\n#11 0x5631fc82b507 <unknown>\n#12 0x5631fc835c4c <unknown>\n#13 0x5631fc82c136 <unknown>\n#14 0x5631fc7fa9cf <unknown>\n#15 0x5631fc84fb98 <unknown>\n#16 0x5631fc84fd68 <unknown>\n#17 0x5631fc85ecb3 <unknown>\n#18 0x7f2ae05da044 <unknown>","time":{"start":1694220799799,"stop":1694220800339,"duration":540}},{"uid":"6148fb1c8414624d","reportUrl":"https://Nat754.github.io/StroyremAutomation/4//#testresult/6148fb1c8414624d","status":"broken","statusDetails":"selenium.common.exceptions.NoSuchElementException: Message: no such element: Unable to locate element: {\"method\":\"xpath\",\"selector\":\"(//a[@class='add-to-cart yellow-btn'])[1]\"}\n  (Session info: headless chrome=116.0.5845.96); For documentation on this error, please visit: https://www.selenium.dev/documentation/webdriver/troubleshooting/errors#no-such-element-exception\nStacktrace:\n#0 0x55f91f2f9e23 <unknown>\n#1 0x55f91f0227a7 <unknown>\n#2 0x55f91f0611d3 <unknown>\n#3 0x55f91f0612c1 <unknown>\n#4 0x55f91f09ca04 <unknown>\n#5 0x55f91f08203d <unknown>\n#6 0x55f91f09a369 <unknown>\n#7 0x55f91f081de3 <unknown>\n#8 0x55f91f055a7b <unknown>\n#9 0x55f91f05681e <unknown>\n#10 0x55f91f2bb638 <unknown>\n#11 0x55f91f2bf507 <unknown>\n#12 0x55f91f2c9c4c <unknown>\n#13 0x55f91f2c0136 <unknown>\n#14 0x55f91f28e9cf <unknown>\n#15 0x55f91f2e3b98 <unknown>\n#16 0x55f91f2e3d68 <unknown>\n#17 0x55f91f2f2cb3 <unknown>\n#18 0x7f0cc57ee044 <unknown>","time":{"start":1694196643542,"stop":1694196643958,"duration":416}},{"uid":"9d55da74fbaed908","reportUrl":"https://Nat754.github.io/StroyremAutomation/53//#testresult/9d55da74fbaed908","status":"skipped","statusDetails":"XFAIL\n\nselenium.common.exceptions.NoSuchElementException: Message: no such element: Unable to locate element: {\"method\":\"xpath\",\"selector\":\"(//a[@class='add-to-cart yellow-btn'])[1]\"}\n  (Session info: headless chrome=116.0.5845.96); For documentation on this error, please visit: https://www.selenium.dev/documentation/webdriver/troubleshooting/errors#no-such-element-exception\nStacktrace:\n#0 0x55d73c0fbe23 <unknown>\n#1 0x55d73be247a7 <unknown>\n#2 0x55d73be631d3 <unknown>\n#3 0x55d73be632c1 <unknown>\n#4 0x55d73be9ea04 <unknown>\n#5 0x55d73be8403d <unknown>\n#6 0x55d73be9c369 <unknown>\n#7 0x55d73be83de3 <unknown>\n#8 0x55d73be57a7b <unknown>\n#9 0x55d73be5881e <unknown>\n#10 0x55d73c0bd638 <unknown>\n#11 0x55d73c0c1507 <unknown>\n#12 0x55d73c0cbc4c <unknown>\n#13 0x55d73c0c2136 <unknown>\n#14 0x55d73c0909cf <unknown>\n#15 0x55d73c0e5b98 <unknown>\n#16 0x55d73c0e5d68 <unknown>\n#17 0x55d73c0f4cb3 <unknown>\n#18 0x7f1467029044 <unknown>","time":{"start":1694207104495,"stop":1694207105051,"duration":556}},{"uid":"e820f476e3298fac","reportUrl":"https://Nat754.github.io/StroyremAutomation/53//#testresult/e820f476e3298fac","status":"skipped","statusDetails":"XFAIL\n\nselenium.common.exceptions.NoSuchElementException: Message: no such element: Unable to locate element: {\"method\":\"xpath\",\"selector\":\"(//a[@class='add-to-cart yellow-btn'])[1]\"}\n  (Session info: headless chrome=116.0.5845.96); For documentation on this error, please visit: https://www.selenium.dev/documentation/webdriver/troubleshooting/errors#no-such-element-exception\nStacktrace:\n#0 0x5614f9556e23 <unknown>\n#1 0x5614f927f7a7 <unknown>\n#2 0x5614f92be1d3 <unknown>\n#3 0x5614f92be2c1 <unknown>\n#4 0x5614f92f9a04 <unknown>\n#5 0x5614f92df03d <unknown>\n#6 0x5614f92f7369 <unknown>\n#7 0x5614f92dede3 <unknown>\n#8 0x5614f92b2a7b <unknown>\n#9 0x5614f92b381e <unknown>\n#10 0x5614f9518638 <unknown>\n#11 0x5614f951c507 <unknown>\n#12 0x5614f9526c4c <unknown>\n#13 0x5614f951d136 <unknown>\n#14 0x5614f94eb9cf <unknown>\n#15 0x5614f9540b98 <unknown>\n#16 0x5614f9540d68 <unknown>\n#17 0x5614f954fcb3 <unknown>\n#18 0x7fa346ef1044 <unknown>","time":{"start":1694198940341,"stop":1694198940764,"duration":423}},{"uid":"7d9840222691848b","reportUrl":"https://Nat754.github.io/StroyremAutomation/4//#testresult/7d9840222691848b","status":"broken","statusDetails":"selenium.common.exceptions.NoSuchElementException: Message: no such element: Unable to locate element: {\"method\":\"xpath\",\"selector\":\"(//a[@class='add-to-cart yellow-btn'])[1]\"}\n  (Session info: headless chrome=116.0.5845.96); For documentation on this error, please visit: https://www.selenium.dev/documentation/webdriver/troubleshooting/errors#no-such-element-exception\nStacktrace:\n#0 0x55dfaa828e23 <unknown>\n#1 0x55dfaa5517a7 <unknown>\n#2 0x55dfaa5901d3 <unknown>\n#3 0x55dfaa5902c1 <unknown>\n#4 0x55dfaa5cba04 <unknown>\n#5 0x55dfaa5b103d <unknown>\n#6 0x55dfaa5c9369 <unknown>\n#7 0x55dfaa5b0de3 <unknown>\n#8 0x55dfaa584a7b <unknown>\n#9 0x55dfaa58581e <unknown>\n#10 0x55dfaa7ea638 <unknown>\n#11 0x55dfaa7ee507 <unknown>\n#12 0x55dfaa7f8c4c <unknown>\n#13 0x55dfaa7ef136 <unknown>\n#14 0x55dfaa7bd9cf <unknown>\n#15 0x55dfaa812b98 <unknown>\n#16 0x55dfaa812d68 <unknown>\n#17 0x55dfaa821cb3 <unknown>\n#18 0x7fdc65453044 <unknown>","time":{"start":1694183577626,"stop":1694183578046,"duration":420}},{"uid":"9cfe740affcdc830","reportUrl":"https://Nat754.github.io/StroyremAutomation/52//#testresult/9cfe740affcdc830","status":"broken","statusDetails":"selenium.common.exceptions.NoSuchElementException: Message: no such element: Unable to locate element: {\"method\":\"xpath\",\"selector\":\"(//a[@class='add-to-cart yellow-btn'])[1]\"}\n  (Session info: headless chrome=116.0.5845.96); For documentation on this error, please visit: https://www.selenium.dev/documentation/webdriver/troubleshooting/errors#no-such-element-exception\nStacktrace:\n#0 0x56049854ae23 <unknown>\n#1 0x5604982737a7 <unknown>\n#2 0x5604982b21d3 <unknown>\n#3 0x5604982b22c1 <unknown>\n#4 0x5604982eda04 <unknown>\n#5 0x5604982d303d <unknown>\n#6 0x5604982eb369 <unknown>\n#7 0x5604982d2de3 <unknown>\n#8 0x5604982a6a7b <unknown>\n#9 0x5604982a781e <unknown>\n#10 0x56049850c638 <unknown>\n#11 0x560498510507 <unknown>\n#12 0x56049851ac4c <unknown>\n#13 0x560498511136 <unknown>\n#14 0x5604984df9cf <unknown>\n#15 0x560498534b98 <unknown>\n#16 0x560498534d68 <unknown>\n#17 0x560498543cb3 <unknown>\n#18 0x7f29c76fa044 <unknown>","time":{"start":1694134634898,"stop":1694134635444,"duration":546}},{"uid":"8689f15e966905","reportUrl":"https://Nat754.github.io/StroyremAutomation/51//#testresult/8689f15e966905","status":"broken","statusDetails":"selenium.common.exceptions.NoSuchElementException: Message: no such element: Unable to locate element: {\"method\":\"xpath\",\"selector\":\"(//a[@class='add-to-cart yellow-btn'])[1]\"}\n  (Session info: headless chrome=116.0.5845.96); For documentation on this error, please visit: https://www.selenium.dev/documentation/webdriver/troubleshooting/errors#no-such-element-exception\nStacktrace:\n#0 0x55887d871e23 <unknown>\n#1 0x55887d59a7a7 <unknown>\n#2 0x55887d5d91d3 <unknown>\n#3 0x55887d5d92c1 <unknown>\n#4 0x55887d614a04 <unknown>\n#5 0x55887d5fa03d <unknown>\n#6 0x55887d612369 <unknown>\n#7 0x55887d5f9de3 <unknown>\n#8 0x55887d5cda7b <unknown>\n#9 0x55887d5ce81e <unknown>\n#10 0x55887d833638 <unknown>\n#11 0x55887d837507 <unknown>\n#12 0x55887d841c4c <unknown>\n#13 0x55887d838136 <unknown>\n#14 0x55887d8069cf <unknown>\n#15 0x55887d85bb98 <unknown>\n#16 0x55887d85bd68 <unknown>\n#17 0x55887d86acb3 <unknown>\n#18 0x7fa17ea22044 <unknown>","time":{"start":1694048075167,"stop":1694048075726,"duration":559}},{"uid":"dabac336a9081def","reportUrl":"https://Nat754.github.io/StroyremAutomation/50//#testresult/dabac336a9081def","status":"broken","statusDetails":"selenium.common.exceptions.ElementNotInteractableException: Message: element not interactable\n  (Session info: headless chrome=116.0.5845.96)\nStacktrace:\n#0 0x5608f3a93e23 <unknown>\n#1 0x5608f37bc5f6 <unknown>\n#2 0x5608f37f2c5d <unknown>\n#3 0x5608f381c012 <unknown>\n#4 0x5608f37f0fb6 <unknown>\n#5 0x5608f381c1de <unknown>\n#6 0x5608f3834369 <unknown>\n#7 0x5608f381bde3 <unknown>\n#8 0x5608f37efa7b <unknown>\n#9 0x5608f37f081e <unknown>\n#10 0x5608f3a55638 <unknown>\n#11 0x5608f3a59507 <unknown>\n#12 0x5608f3a63c4c <unknown>\n#13 0x5608f3a5a136 <unknown>\n#14 0x5608f3a289cf <unknown>\n#15 0x5608f3a7db98 <unknown>\n#16 0x5608f3a7dd68 <unknown>\n#17 0x5608f3a8ccb3 <unknown>\n#18 0x7fade9533044 <unknown>","time":{"start":1693961956884,"stop":1693961962896,"duration":6012}},{"uid":"17d9323cceeb4841","reportUrl":"https://Nat754.github.io/StroyremAutomation/49//#testresult/17d9323cceeb4841","status":"broken","statusDetails":"selenium.common.exceptions.NoSuchElementException: Message: no such element: Unable to locate element: {\"method\":\"xpath\",\"selector\":\"(//a[@class='add-to-cart yellow-btn'])[1]\"}\n  (Session info: headless chrome=116.0.5845.96); For documentation on this error, please visit: https://www.selenium.dev/documentation/webdriver/troubleshooting/errors#no-such-element-exception\nStacktrace:\n#0 0x558d7c652e23 <unknown>\n#1 0x558d7c37b7a7 <unknown>\n#2 0x558d7c3ba1d3 <unknown>\n#3 0x558d7c3ba2c1 <unknown>\n#4 0x558d7c3f5a04 <unknown>\n#5 0x558d7c3db03d <unknown>\n#6 0x558d7c3f3369 <unknown>\n#7 0x558d7c3dade3 <unknown>\n#8 0x558d7c3aea7b <unknown>\n#9 0x558d7c3af81e <unknown>\n#10 0x558d7c614638 <unknown>\n#11 0x558d7c618507 <unknown>\n#12 0x558d7c622c4c <unknown>\n#13 0x558d7c619136 <unknown>\n#14 0x558d7c5e79cf <unknown>\n#15 0x558d7c63cb98 <unknown>\n#16 0x558d7c63cd68 <unknown>\n#17 0x558d7c64bcb3 <unknown>\n#18 0x7f876b2d1044 <unknown>","time":{"start":1693875246921,"stop":1693875247496,"duration":575}}]},"tags":["@pytest.mark.xfail","smoke_test"]},"source":"a86c53dbb032294f.json","parameterValues":["12500","333","'TD 012'","11990","'products/shtukaturka-gipsovaya-aksolit-m50-30-kg-mashinnogo-naneseniya'","4450","'https://sandboxtest.stroyrem-nn.ru/'","10000"]}