{"uid":"ab2d2e00829757ca","name":"test_positive_delivery_green_zone_smoke[TD 011-products/shtukaturka-gipsovaya-aksolit-m50-30-kg-mashinnogo-naneseniya-299-9000-3600-7960-8980-https://sandboxtest.stroyrem-nn.ru/]","fullName":"tests.delivery.test_delivery_calculation.TestDeliveryPageCalculation#test_positive_delivery_green_zone_smoke","historyId":"100ca5819a1aaf944b508696eeea00de","time":{"start":1694566597578,"stop":1694566598073,"duration":495},"status":"skipped","statusMessage":"XFAIL\n\nselenium.common.exceptions.NoSuchElementException: Message: no such element: Unable to locate element: {\"method\":\"xpath\",\"selector\":\"(//a[@class='add-to-cart yellow-btn'])[1]\"}\n  (Session info: headless chrome=117.0.5938.62); For documentation on this error, please visit: https://www.selenium.dev/documentation/webdriver/troubleshooting/errors#no-such-element-exception\nStacktrace:\n#0 0x55e0619fe693 <unknown>\n#1 0x55e0616d41e7 <unknown>\n#2 0x55e06171b566 <unknown>\n#3 0x55e06171b651 <unknown>\n#4 0x55e061758a74 <unknown>\n#5 0x55e06173d0ed <unknown>\n#6 0x55e061756322 <unknown>\n#7 0x55e06173ce93 <unknown>\n#8 0x55e06170f934 <unknown>\n#9 0x55e06171071e <unknown>\n#10 0x55e0619c3c98 <unknown>\n#11 0x55e0619c7bd0 <unknown>\n#12 0x55e0619d217c <unknown>\n#13 0x55e0619c87e8 <unknown>\n#14 0x55e06199525f <unknown>\n#15 0x55e0619ece68 <unknown>\n#16 0x55e0619ed039 <unknown>\n#17 0x55e0619fd823 <unknown>\n#18 0x7fdf6e0f0044 <unknown>","statusTrace":"self = <tests.delivery.test_delivery_calculation.TestDeliveryPageCalculation object at 0x7f5c51e28790>\ndriver = <selenium.webdriver.chrome.webdriver.WebDriver (session=\"9885c2520936b5fb3e50aeae481d93a7\")>\nurl = 'https://sandboxtest.stroyrem-nn.ru/', case_id = 'TD 011'\nlink_item = 'products/shtukaturka-gipsovaya-aksolit-m50-30-kg-mashinnogo-naneseniya'\namount = 299, weight = 9000, standard = 3600, in_time = 7960, all_time = 8980\n\n    @pytest.mark.parametrize('case_id, link_item, amount, weight, standard, in_time, all_time', [\n        (\"TD 001\", uroven_3000, 1, 30, 0, 1590, 2190),\n        (\"TD 002\", bundeks_25, 1, 30, 400, 1590, 2190),\n        (\"TD 003\", aksolit_30, 8, 300, 400, 1590, 2190),\n        (\"TD 004\", aksolit_30, 13, 400, 450, 1590, 2190),\n        (\"TD 005\", aksolit_30, 16, 500, 600, 1590, 2190),\n        (\"TD 006\", aksolit_30, 25, 1700, 990, 1990, 2480),\n        (\"TD 007\", aksolit_30, 66, 2000, 1300, 2490, 2980),\n        (\"TD 008\", aksolit_30, 149, 4500, 2300, 3980, 4490),\n        (\"TD 009\", aksolit_30, 166, 5000, 2500, 4990, 5480),\n        pytest.param(\n            \"TD 010\", aksolit_30, 206, 6200, 2900, 5570, 6120,\n            marks=pytest.mark.xfail(reson=\"Цена доставки 3600 7960 8980\")\n        ),\n        (\"TD 011\", aksolit_30, 299, 9000, 3600, 7960, 8980),\n        (\"TD 012\", aksolit_30, 333, 10000, 4450, 11990, 12500),\n        pytest.param(\n            \"TD 013\", aksolit_30, 366, 11000, 4800, 12450, 13480,\n            marks=pytest.mark.xfail(reason=\"Цена стандартной доставки 4450\")\n        ),\n        pytest.param(\n            \"TD 014\", aksolit_30, 666, 20000, 5400, 15600, 17490,\n            marks=pytest.mark.xfail(reason=\"Цена стандартной доставки 4450\")\n        )\n    ])\n    @pytest.mark.xfail\n    @pytest.mark.smoke_test\n    def test_positive_delivery_green_zone_smoke(\n            self, driver, url, case_id, link_item, amount, weight, standard, in_time, all_time\n    ):\n    \n        driver.get(f'{url}{link_item}')\n        item_page = ItemPage(driver)\n>       item_page.add_item_to_cart(amount).click_on_cart()\n\ntests/delivery/test_delivery_calculation.py:50: \n_ _ _ _ _ _ _ _ _ _ _ _ _ _ _ _ _ _ _ _ _ _ _ _ _ _ _ _ _ _ _ _ _ _ _ _ _ _ _ _ \npages/item_page.py:40: in add_item_to_cart\n    self.find_element(self._add_item).click()\nbase/seleniumbase.py:17: in find_element\n    return self.driver.find_element(*locator)\n/usr/local/lib/python3.11/site-packages/selenium/webdriver/remote/webdriver.py:738: in find_element\n    return self.execute(Command.FIND_ELEMENT, {\"using\": by, \"value\": value})[\"value\"]\n/usr/local/lib/python3.11/site-packages/selenium/webdriver/remote/webdriver.py:344: in execute\n    self.error_handler.check_response(response)\n_ _ _ _ _ _ _ _ _ _ _ _ _ _ _ _ _ _ _ _ _ _ _ _ _ _ _ _ _ _ _ _ _ _ _ _ _ _ _ _ \n\nself = <selenium.webdriver.remote.errorhandler.ErrorHandler object at 0x7f5c529bc110>\nresponse = {'status': 404, 'value': '{\"value\":{\"error\":\"no such element\",\"message\":\"no such element: Unable to locate element: {\\...\\\\n#16 0x55e0619ed039 \\\\u003Cunknown>\\\\n#17 0x55e0619fd823 \\\\u003Cunknown>\\\\n#18 0x7fdf6e0f0044 \\\\u003Cunknown>\\\\n\"}}'}\n\n    def check_response(self, response: Dict[str, Any]) -> None:\n        \"\"\"Checks that a JSON response from the WebDriver does not have an\n        error.\n    \n        :Args:\n         - response - The JSON response from the WebDriver server as a dictionary\n           object.\n    \n        :Raises: If the response contains an error message.\n        \"\"\"\n        status = response.get(\"status\", None)\n        if not status or status == ErrorCode.SUCCESS:\n            return\n        value = None\n        message = response.get(\"message\", \"\")\n        screen: str = response.get(\"screen\", \"\")\n        stacktrace = None\n        if isinstance(status, int):\n            value_json = response.get(\"value\", None)\n            if value_json and isinstance(value_json, str):\n                import json\n    \n                try:\n                    value = json.loads(value_json)\n                    if len(value) == 1:\n                        value = value[\"value\"]\n                    status = value.get(\"error\", None)\n                    if not status:\n                        status = value.get(\"status\", ErrorCode.UNKNOWN_ERROR)\n                        message = value.get(\"value\") or value.get(\"message\")\n                        if not isinstance(message, str):\n                            value = message\n                            message = message.get(\"message\")\n                    else:\n                        message = value.get(\"message\", None)\n                except ValueError:\n                    pass\n    \n        exception_class: Type[WebDriverException]\n        e = ErrorCode()\n        error_codes = [item for item in dir(e) if not item.startswith(\"__\")]\n        for error_code in error_codes:\n            error_info = getattr(ErrorCode, error_code)\n            if isinstance(error_info, list) and status in error_info:\n                exception_class = getattr(ExceptionMapping, error_code, WebDriverException)\n                break\n        else:\n            exception_class = WebDriverException\n    \n        if not value:\n            value = response[\"value\"]\n        if isinstance(value, str):\n            raise exception_class(value)\n        if message == \"\" and \"message\" in value:\n            message = value[\"message\"]\n    \n        screen = None  # type: ignore[assignment]\n        if \"screen\" in value:\n            screen = value[\"screen\"]\n    \n        stacktrace = None\n        st_value = value.get(\"stackTrace\") or value.get(\"stacktrace\")\n        if st_value:\n            if isinstance(st_value, str):\n                stacktrace = st_value.split(\"\\n\")\n            else:\n                stacktrace = []\n                try:\n                    for frame in st_value:\n                        line = frame.get(\"lineNumber\", \"\")\n                        file = frame.get(\"fileName\", \"<anonymous>\")\n                        if line:\n                            file = f\"{file}:{line}\"\n                        meth = frame.get(\"methodName\", \"<anonymous>\")\n                        if \"className\" in frame:\n                            meth = f\"{frame['className']}.{meth}\"\n                        msg = \"    at %s (%s)\"\n                        msg = msg % (meth, file)\n                        stacktrace.append(msg)\n                except TypeError:\n                    pass\n        if exception_class == UnexpectedAlertPresentException:\n            alert_text = None\n            if \"data\" in value:\n                alert_text = value[\"data\"].get(\"text\")\n            elif \"alert\" in value:\n                alert_text = value[\"alert\"].get(\"text\")\n            raise exception_class(message, screen, stacktrace, alert_text)  # type: ignore[call-arg]  # mypy is not smart enough here\n>       raise exception_class(message, screen, stacktrace)\nE       selenium.common.exceptions.NoSuchElementException: Message: no such element: Unable to locate element: {\"method\":\"xpath\",\"selector\":\"(//a[@class='add-to-cart yellow-btn'])[1]\"}\nE         (Session info: headless chrome=117.0.5938.62); For documentation on this error, please visit: https://www.selenium.dev/documentation/webdriver/troubleshooting/errors#no-such-element-exception\nE       Stacktrace:\nE       #0 0x55e0619fe693 <unknown>\nE       #1 0x55e0616d41e7 <unknown>\nE       #2 0x55e06171b566 <unknown>\nE       #3 0x55e06171b651 <unknown>\nE       #4 0x55e061758a74 <unknown>\nE       #5 0x55e06173d0ed <unknown>\nE       #6 0x55e061756322 <unknown>\nE       #7 0x55e06173ce93 <unknown>\nE       #8 0x55e06170f934 <unknown>\nE       #9 0x55e06171071e <unknown>\nE       #10 0x55e0619c3c98 <unknown>\nE       #11 0x55e0619c7bd0 <unknown>\nE       #12 0x55e0619d217c <unknown>\nE       #13 0x55e0619c87e8 <unknown>\nE       #14 0x55e06199525f <unknown>\nE       #15 0x55e0619ece68 <unknown>\nE       #16 0x55e0619ed039 <unknown>\nE       #17 0x55e0619fd823 <unknown>\nE       #18 0x7fdf6e0f0044 <unknown>\n\n/usr/local/lib/python3.11/site-packages/selenium/webdriver/remote/errorhandler.py:229: NoSuchElementException","flaky":false,"newFailed":false,"newBroken":false,"newPassed":false,"retriesCount":0,"retriesStatusChange":false,"beforeStages":[{"name":"_session_faker","time":{"start":1694566094250,"stop":1694566094352,"duration":102},"status":"passed","steps":[],"attachments":[],"parameters":[],"shouldDisplayMessage":false,"stepsCount":0,"attachmentsCount":0,"hasContent":false},{"name":"clear_allure_results_folder","time":{"start":1694566094352,"stop":1694566094353,"duration":1},"status":"passed","steps":[],"attachments":[],"parameters":[],"shouldDisplayMessage":false,"stepsCount":0,"attachmentsCount":0,"hasContent":false},{"name":"driver","time":{"start":1694566596707,"stop":1694566597575,"duration":868},"status":"passed","steps":[],"attachments":[],"parameters":[],"shouldDisplayMessage":false,"stepsCount":0,"attachmentsCount":0,"hasContent":false},{"name":"setup","time":{"start":1694566597576,"stop":1694566597576,"duration":0},"status":"passed","steps":[],"attachments":[],"parameters":[],"shouldDisplayMessage":false,"stepsCount":0,"attachmentsCount":0,"hasContent":false}],"testStage":{"status":"skipped","statusMessage":"XFAIL\n\nselenium.common.exceptions.NoSuchElementException: Message: no such element: Unable to locate element: {\"method\":\"xpath\",\"selector\":\"(//a[@class='add-to-cart yellow-btn'])[1]\"}\n  (Session info: headless chrome=117.0.5938.62); For documentation on this error, please visit: https://www.selenium.dev/documentation/webdriver/troubleshooting/errors#no-such-element-exception\nStacktrace:\n#0 0x55e0619fe693 <unknown>\n#1 0x55e0616d41e7 <unknown>\n#2 0x55e06171b566 <unknown>\n#3 0x55e06171b651 <unknown>\n#4 0x55e061758a74 <unknown>\n#5 0x55e06173d0ed <unknown>\n#6 0x55e061756322 <unknown>\n#7 0x55e06173ce93 <unknown>\n#8 0x55e06170f934 <unknown>\n#9 0x55e06171071e <unknown>\n#10 0x55e0619c3c98 <unknown>\n#11 0x55e0619c7bd0 <unknown>\n#12 0x55e0619d217c <unknown>\n#13 0x55e0619c87e8 <unknown>\n#14 0x55e06199525f <unknown>\n#15 0x55e0619ece68 <unknown>\n#16 0x55e0619ed039 <unknown>\n#17 0x55e0619fd823 <unknown>\n#18 0x7fdf6e0f0044 <unknown>","statusTrace":"self = <tests.delivery.test_delivery_calculation.TestDeliveryPageCalculation object at 0x7f5c51e28790>\ndriver = <selenium.webdriver.chrome.webdriver.WebDriver (session=\"9885c2520936b5fb3e50aeae481d93a7\")>\nurl = 'https://sandboxtest.stroyrem-nn.ru/', case_id = 'TD 011'\nlink_item = 'products/shtukaturka-gipsovaya-aksolit-m50-30-kg-mashinnogo-naneseniya'\namount = 299, weight = 9000, standard = 3600, in_time = 7960, all_time = 8980\n\n    @pytest.mark.parametrize('case_id, link_item, amount, weight, standard, in_time, all_time', [\n        (\"TD 001\", uroven_3000, 1, 30, 0, 1590, 2190),\n        (\"TD 002\", bundeks_25, 1, 30, 400, 1590, 2190),\n        (\"TD 003\", aksolit_30, 8, 300, 400, 1590, 2190),\n        (\"TD 004\", aksolit_30, 13, 400, 450, 1590, 2190),\n        (\"TD 005\", aksolit_30, 16, 500, 600, 1590, 2190),\n        (\"TD 006\", aksolit_30, 25, 1700, 990, 1990, 2480),\n        (\"TD 007\", aksolit_30, 66, 2000, 1300, 2490, 2980),\n        (\"TD 008\", aksolit_30, 149, 4500, 2300, 3980, 4490),\n        (\"TD 009\", aksolit_30, 166, 5000, 2500, 4990, 5480),\n        pytest.param(\n            \"TD 010\", aksolit_30, 206, 6200, 2900, 5570, 6120,\n            marks=pytest.mark.xfail(reson=\"Цена доставки 3600 7960 8980\")\n        ),\n        (\"TD 011\", aksolit_30, 299, 9000, 3600, 7960, 8980),\n        (\"TD 012\", aksolit_30, 333, 10000, 4450, 11990, 12500),\n        pytest.param(\n            \"TD 013\", aksolit_30, 366, 11000, 4800, 12450, 13480,\n            marks=pytest.mark.xfail(reason=\"Цена стандартной доставки 4450\")\n        ),\n        pytest.param(\n            \"TD 014\", aksolit_30, 666, 20000, 5400, 15600, 17490,\n            marks=pytest.mark.xfail(reason=\"Цена стандартной доставки 4450\")\n        )\n    ])\n    @pytest.mark.xfail\n    @pytest.mark.smoke_test\n    def test_positive_delivery_green_zone_smoke(\n            self, driver, url, case_id, link_item, amount, weight, standard, in_time, all_time\n    ):\n    \n        driver.get(f'{url}{link_item}')\n        item_page = ItemPage(driver)\n>       item_page.add_item_to_cart(amount).click_on_cart()\n\ntests/delivery/test_delivery_calculation.py:50: \n_ _ _ _ _ _ _ _ _ _ _ _ _ _ _ _ _ _ _ _ _ _ _ _ _ _ _ _ _ _ _ _ _ _ _ _ _ _ _ _ \npages/item_page.py:40: in add_item_to_cart\n    self.find_element(self._add_item).click()\nbase/seleniumbase.py:17: in find_element\n    return self.driver.find_element(*locator)\n/usr/local/lib/python3.11/site-packages/selenium/webdriver/remote/webdriver.py:738: in find_element\n    return self.execute(Command.FIND_ELEMENT, {\"using\": by, \"value\": value})[\"value\"]\n/usr/local/lib/python3.11/site-packages/selenium/webdriver/remote/webdriver.py:344: in execute\n    self.error_handler.check_response(response)\n_ _ _ _ _ _ _ _ _ _ _ _ _ _ _ _ _ _ _ _ _ _ _ _ _ _ _ _ _ _ _ _ _ _ _ _ _ _ _ _ \n\nself = <selenium.webdriver.remote.errorhandler.ErrorHandler object at 0x7f5c529bc110>\nresponse = {'status': 404, 'value': '{\"value\":{\"error\":\"no such element\",\"message\":\"no such element: Unable to locate element: {\\...\\\\n#16 0x55e0619ed039 \\\\u003Cunknown>\\\\n#17 0x55e0619fd823 \\\\u003Cunknown>\\\\n#18 0x7fdf6e0f0044 \\\\u003Cunknown>\\\\n\"}}'}\n\n    def check_response(self, response: Dict[str, Any]) -> None:\n        \"\"\"Checks that a JSON response from the WebDriver does not have an\n        error.\n    \n        :Args:\n         - response - The JSON response from the WebDriver server as a dictionary\n           object.\n    \n        :Raises: If the response contains an error message.\n        \"\"\"\n        status = response.get(\"status\", None)\n        if not status or status == ErrorCode.SUCCESS:\n            return\n        value = None\n        message = response.get(\"message\", \"\")\n        screen: str = response.get(\"screen\", \"\")\n        stacktrace = None\n        if isinstance(status, int):\n            value_json = response.get(\"value\", None)\n            if value_json and isinstance(value_json, str):\n                import json\n    \n                try:\n                    value = json.loads(value_json)\n                    if len(value) == 1:\n                        value = value[\"value\"]\n                    status = value.get(\"error\", None)\n                    if not status:\n                        status = value.get(\"status\", ErrorCode.UNKNOWN_ERROR)\n                        message = value.get(\"value\") or value.get(\"message\")\n                        if not isinstance(message, str):\n                            value = message\n                            message = message.get(\"message\")\n                    else:\n                        message = value.get(\"message\", None)\n                except ValueError:\n                    pass\n    \n        exception_class: Type[WebDriverException]\n        e = ErrorCode()\n        error_codes = [item for item in dir(e) if not item.startswith(\"__\")]\n        for error_code in error_codes:\n            error_info = getattr(ErrorCode, error_code)\n            if isinstance(error_info, list) and status in error_info:\n                exception_class = getattr(ExceptionMapping, error_code, WebDriverException)\n                break\n        else:\n            exception_class = WebDriverException\n    \n        if not value:\n            value = response[\"value\"]\n        if isinstance(value, str):\n            raise exception_class(value)\n        if message == \"\" and \"message\" in value:\n            message = value[\"message\"]\n    \n        screen = None  # type: ignore[assignment]\n        if \"screen\" in value:\n            screen = value[\"screen\"]\n    \n        stacktrace = None\n        st_value = value.get(\"stackTrace\") or value.get(\"stacktrace\")\n        if st_value:\n            if isinstance(st_value, str):\n                stacktrace = st_value.split(\"\\n\")\n            else:\n                stacktrace = []\n                try:\n                    for frame in st_value:\n                        line = frame.get(\"lineNumber\", \"\")\n                        file = frame.get(\"fileName\", \"<anonymous>\")\n                        if line:\n                            file = f\"{file}:{line}\"\n                        meth = frame.get(\"methodName\", \"<anonymous>\")\n                        if \"className\" in frame:\n                            meth = f\"{frame['className']}.{meth}\"\n                        msg = \"    at %s (%s)\"\n                        msg = msg % (meth, file)\n                        stacktrace.append(msg)\n                except TypeError:\n                    pass\n        if exception_class == UnexpectedAlertPresentException:\n            alert_text = None\n            if \"data\" in value:\n                alert_text = value[\"data\"].get(\"text\")\n            elif \"alert\" in value:\n                alert_text = value[\"alert\"].get(\"text\")\n            raise exception_class(message, screen, stacktrace, alert_text)  # type: ignore[call-arg]  # mypy is not smart enough here\n>       raise exception_class(message, screen, stacktrace)\nE       selenium.common.exceptions.NoSuchElementException: Message: no such element: Unable to locate element: {\"method\":\"xpath\",\"selector\":\"(//a[@class='add-to-cart yellow-btn'])[1]\"}\nE         (Session info: headless chrome=117.0.5938.62); For documentation on this error, please visit: https://www.selenium.dev/documentation/webdriver/troubleshooting/errors#no-such-element-exception\nE       Stacktrace:\nE       #0 0x55e0619fe693 <unknown>\nE       #1 0x55e0616d41e7 <unknown>\nE       #2 0x55e06171b566 <unknown>\nE       #3 0x55e06171b651 <unknown>\nE       #4 0x55e061758a74 <unknown>\nE       #5 0x55e06173d0ed <unknown>\nE       #6 0x55e061756322 <unknown>\nE       #7 0x55e06173ce93 <unknown>\nE       #8 0x55e06170f934 <unknown>\nE       #9 0x55e06171071e <unknown>\nE       #10 0x55e0619c3c98 <unknown>\nE       #11 0x55e0619c7bd0 <unknown>\nE       #12 0x55e0619d217c <unknown>\nE       #13 0x55e0619c87e8 <unknown>\nE       #14 0x55e06199525f <unknown>\nE       #15 0x55e0619ece68 <unknown>\nE       #16 0x55e0619ed039 <unknown>\nE       #17 0x55e0619fd823 <unknown>\nE       #18 0x7fdf6e0f0044 <unknown>\n\n/usr/local/lib/python3.11/site-packages/selenium/webdriver/remote/errorhandler.py:229: NoSuchElementException","steps":[{"name":"Добавляем товар в корзину в количестве 299","time":{"start":1694566598050,"stop":1694566598072,"duration":22},"status":"broken","statusMessage":"selenium.common.exceptions.NoSuchElementException: Message: no such element: Unable to locate element: {\"method\":\"xpath\",\"selector\":\"(//a[@class='add-to-cart yellow-btn'])[1]\"}\n  (Session info: headless chrome=117.0.5938.62); For documentation on this error, please visit: https://www.selenium.dev/documentation/webdriver/troubleshooting/errors#no-such-element-exception\nStacktrace:\n#0 0x55e0619fe693 <unknown>\n#1 0x55e0616d41e7 <unknown>\n#2 0x55e06171b566 <unknown>\n#3 0x55e06171b651 <unknown>\n#4 0x55e061758a74 <unknown>\n#5 0x55e06173d0ed <unknown>\n#6 0x55e061756322 <unknown>\n#7 0x55e06173ce93 <unknown>\n#8 0x55e06170f934 <unknown>\n#9 0x55e06171071e <unknown>\n#10 0x55e0619c3c98 <unknown>\n#11 0x55e0619c7bd0 <unknown>\n#12 0x55e0619d217c <unknown>\n#13 0x55e0619c87e8 <unknown>\n#14 0x55e06199525f <unknown>\n#15 0x55e0619ece68 <unknown>\n#16 0x55e0619ed039 <unknown>\n#17 0x55e0619fd823 <unknown>\n#18 0x7fdf6e0f0044 <unknown>\n\n","statusTrace":"  File \"/usr/local/lib/python3.11/site-packages/allure_commons/_allure.py\", line 192, in impl\n    return func(*a, **kw)\n           ^^^^^^^^^^^^^^\n  File \"/app/pages/item_page.py\", line 40, in add_item_to_cart\n    self.find_element(self._add_item).click()\n    ^^^^^^^^^^^^^^^^^^^^^^^^^^^^^^^^^\n  File \"/app/base/seleniumbase.py\", line 17, in find_element\n    return self.driver.find_element(*locator)\n           ^^^^^^^^^^^^^^^^^^^^^^^^^^^^^^^^^^\n  File \"/usr/local/lib/python3.11/site-packages/selenium/webdriver/remote/webdriver.py\", line 738, in find_element\n    return self.execute(Command.FIND_ELEMENT, {\"using\": by, \"value\": value})[\"value\"]\n           ^^^^^^^^^^^^^^^^^^^^^^^^^^^^^^^^^^^^^^^^^^^^^^^^^^^^^^^^^^^^^^^^^\n  File \"/usr/local/lib/python3.11/site-packages/selenium/webdriver/remote/webdriver.py\", line 344, in execute\n    self.error_handler.check_response(response)\n  File \"/usr/local/lib/python3.11/site-packages/selenium/webdriver/remote/errorhandler.py\", line 229, in check_response\n    raise exception_class(message, screen, stacktrace)\n","steps":[],"attachments":[],"parameters":[{"name":"amount","value":"299"}],"shouldDisplayMessage":true,"stepsCount":0,"attachmentsCount":0,"hasContent":true}],"attachments":[{"uid":"1909e7a22243b8f6","name":"Screenshot","source":"1909e7a22243b8f6.png","type":"image/png","size":39917},{"uid":"aeb97573a9dc66f2","name":"HTML source","source":"aeb97573a9dc66f2.html","type":"text/html","size":544}],"parameters":[],"shouldDisplayMessage":true,"stepsCount":1,"attachmentsCount":2,"hasContent":true},"afterStages":[{"name":"setup::0","time":{"start":1694566598221,"stop":1694566598221,"duration":0},"status":"passed","steps":[],"attachments":[],"parameters":[],"shouldDisplayMessage":false,"stepsCount":0,"attachmentsCount":0,"hasContent":false},{"name":"driver::0","time":{"start":1694566598222,"stop":1694566598278,"duration":56},"status":"passed","steps":[],"attachments":[],"parameters":[],"shouldDisplayMessage":false,"stepsCount":0,"attachmentsCount":0,"hasContent":false}],"labels":[{"name":"epic","value":"Delivery Page - calculation"},{"name":"tag","value":"smoke_test"},{"name":"tag","value":"@pytest.mark.xfail"},{"name":"parentSuite","value":"tests.delivery"},{"name":"suite","value":"test_delivery_calculation"},{"name":"subSuite","value":"TestDeliveryPageCalculation"},{"name":"host","value":"decf463a9536"},{"name":"thread","value":"1-MainThread"},{"name":"framework","value":"pytest"},{"name":"language","value":"cpython3"},{"name":"package","value":"tests.delivery.test_delivery_calculation"},{"name":"resultFormat","value":"allure2"}],"parameters":[{"name":"all_time","value":"8980"},{"name":"amount","value":"299"},{"name":"case_id","value":"'TD 011'"},{"name":"in_time","value":"7960"},{"name":"link_item","value":"'products/shtukaturka-gipsovaya-aksolit-m50-30-kg-mashinnogo-naneseniya'"},{"name":"standard","value":"3600"},{"name":"url","value":"'https://sandboxtest.stroyrem-nn.ru/'"},{"name":"weight","value":"9000"}],"links":[],"hidden":false,"retry":false,"extra":{"severity":"normal","retries":[],"categories":[],"history":{"statistic":{"failed":0,"broken":13,"skipped":14,"passed":0,"unknown":0,"total":27},"items":[{"uid":"5d219ba88ad8116a","reportUrl":"https://Nat754.github.io/StroyremAutomation/60//#testresult/5d219ba88ad8116a","status":"skipped","statusDetails":"XFAIL\n\nselenium.common.exceptions.NoSuchElementException: Message: no such element: Unable to locate element: {\"method\":\"xpath\",\"selector\":\"(//a[@class='add-to-cart yellow-btn'])[1]\"}\n  (Session info: headless chrome=116.0.5845.96); For documentation on this error, please visit: https://www.selenium.dev/documentation/webdriver/troubleshooting/errors#no-such-element-exception\nStacktrace:\n#0 0x557cb8f6be23 <unknown>\n#1 0x557cb8c947a7 <unknown>\n#2 0x557cb8cd31d3 <unknown>\n#3 0x557cb8cd32c1 <unknown>\n#4 0x557cb8d0ea04 <unknown>\n#5 0x557cb8cf403d <unknown>\n#6 0x557cb8d0c369 <unknown>\n#7 0x557cb8cf3de3 <unknown>\n#8 0x557cb8cc7a7b <unknown>\n#9 0x557cb8cc881e <unknown>\n#10 0x557cb8f2d638 <unknown>\n#11 0x557cb8f31507 <unknown>\n#12 0x557cb8f3bc4c <unknown>\n#13 0x557cb8f32136 <unknown>\n#14 0x557cb8f009cf <unknown>\n#15 0x557cb8f55b98 <unknown>\n#16 0x557cb8f55d68 <unknown>\n#17 0x557cb8f64cb3 <unknown>\n#18 0x7f35d61fd044 <unknown>","time":{"start":1694504680907,"stop":1694504681537,"duration":630}},{"uid":"c885125732b070fb","reportUrl":"https://Nat754.github.io/StroyremAutomation/60//#testresult/c885125732b070fb","status":"skipped","statusDetails":"XFAIL\n\nselenium.common.exceptions.NoSuchElementException: Message: no such element: Unable to locate element: {\"method\":\"xpath\",\"selector\":\"(//a[@class='add-to-cart yellow-btn'])[1]\"}\n  (Session info: headless chrome=116.0.5845.96); For documentation on this error, please visit: https://www.selenium.dev/documentation/webdriver/troubleshooting/errors#no-such-element-exception\nStacktrace:\n#0 0x5561b96fde23 <unknown>\n#1 0x5561b94267a7 <unknown>\n#2 0x5561b94651d3 <unknown>\n#3 0x5561b94652c1 <unknown>\n#4 0x5561b94a0a04 <unknown>\n#5 0x5561b948603d <unknown>\n#6 0x5561b949e369 <unknown>\n#7 0x5561b9485de3 <unknown>\n#8 0x5561b9459a7b <unknown>\n#9 0x5561b945a81e <unknown>\n#10 0x5561b96bf638 <unknown>\n#11 0x5561b96c3507 <unknown>\n#12 0x5561b96cdc4c <unknown>\n#13 0x5561b96c4136 <unknown>\n#14 0x5561b96929cf <unknown>\n#15 0x5561b96e7b98 <unknown>\n#16 0x5561b96e7d68 <unknown>\n#17 0x5561b96f6cb3 <unknown>\n#18 0x7f0793d6f044 <unknown>","time":{"start":1694480211587,"stop":1694480212245,"duration":658}},{"uid":"ba31a00d9d76ea63","reportUrl":"https://Nat754.github.io/StroyremAutomation/59//#testresult/ba31a00d9d76ea63","status":"skipped","statusDetails":"XFAIL\n\nselenium.common.exceptions.NoSuchElementException: Message: no such element: Unable to locate element: {\"method\":\"xpath\",\"selector\":\"(//a[@class='add-to-cart yellow-btn'])[1]\"}\n  (Session info: headless chrome=116.0.5845.96); For documentation on this error, please visit: https://www.selenium.dev/documentation/webdriver/troubleshooting/errors#no-such-element-exception\nStacktrace:\n#0 0x55d9fb7e5e23 <unknown>\n#1 0x55d9fb50e7a7 <unknown>\n#2 0x55d9fb54d1d3 <unknown>\n#3 0x55d9fb54d2c1 <unknown>\n#4 0x55d9fb588a04 <unknown>\n#5 0x55d9fb56e03d <unknown>\n#6 0x55d9fb586369 <unknown>\n#7 0x55d9fb56dde3 <unknown>\n#8 0x55d9fb541a7b <unknown>\n#9 0x55d9fb54281e <unknown>\n#10 0x55d9fb7a7638 <unknown>\n#11 0x55d9fb7ab507 <unknown>\n#12 0x55d9fb7b5c4c <unknown>\n#13 0x55d9fb7ac136 <unknown>\n#14 0x55d9fb77a9cf <unknown>\n#15 0x55d9fb7cfb98 <unknown>\n#16 0x55d9fb7cfd68 <unknown>\n#17 0x55d9fb7decb3 <unknown>\n#18 0x7ff6e5cdb044 <unknown>","time":{"start":1694433835967,"stop":1694433836436,"duration":469}},{"uid":"2e60fd96a2dfb1a","reportUrl":"https://Nat754.github.io/StroyremAutomation/57//#testresult/2e60fd96a2dfb1a","status":"skipped","statusDetails":"XFAIL\n\nselenium.common.exceptions.NoSuchElementException: Message: no such element: Unable to locate element: {\"method\":\"xpath\",\"selector\":\"(//a[@class='add-to-cart yellow-btn'])[1]\"}\n  (Session info: headless chrome=116.0.5845.96); For documentation on this error, please visit: https://www.selenium.dev/documentation/webdriver/troubleshooting/errors#no-such-element-exception\nStacktrace:\n#0 0x5635b96a0e23 <unknown>\n#1 0x5635b93c97a7 <unknown>\n#2 0x5635b94081d3 <unknown>\n#3 0x5635b94082c1 <unknown>\n#4 0x5635b9443a04 <unknown>\n#5 0x5635b942903d <unknown>\n#6 0x5635b9441369 <unknown>\n#7 0x5635b9428de3 <unknown>\n#8 0x5635b93fca7b <unknown>\n#9 0x5635b93fd81e <unknown>\n#10 0x5635b9662638 <unknown>\n#11 0x5635b9666507 <unknown>\n#12 0x5635b9670c4c <unknown>\n#13 0x5635b9667136 <unknown>\n#14 0x5635b96359cf <unknown>\n#15 0x5635b968ab98 <unknown>\n#16 0x5635b968ad68 <unknown>\n#17 0x5635b9699cb3 <unknown>\n#18 0x7f0e4e32f044 <unknown>","time":{"start":1694431064322,"stop":1694431064976,"duration":654}},{"uid":"3843f390308d9262","reportUrl":"https://Nat754.github.io/StroyremAutomation/58//#testresult/3843f390308d9262","status":"skipped","statusDetails":"XFAIL\n\nselenium.common.exceptions.NoSuchElementException: Message: no such element: Unable to locate element: {\"method\":\"xpath\",\"selector\":\"(//a[@class='add-to-cart yellow-btn'])[1]\"}\n  (Session info: headless chrome=116.0.5845.96); For documentation on this error, please visit: https://www.selenium.dev/documentation/webdriver/troubleshooting/errors#no-such-element-exception\nStacktrace:\n#0 0x5596ebc91e23 <unknown>\n#1 0x5596eb9ba7a7 <unknown>\n#2 0x5596eb9f91d3 <unknown>\n#3 0x5596eb9f92c1 <unknown>\n#4 0x5596eba34a04 <unknown>\n#5 0x5596eba1a03d <unknown>\n#6 0x5596eba32369 <unknown>\n#7 0x5596eba19de3 <unknown>\n#8 0x5596eb9eda7b <unknown>\n#9 0x5596eb9ee81e <unknown>\n#10 0x5596ebc53638 <unknown>\n#11 0x5596ebc57507 <unknown>\n#12 0x5596ebc61c4c <unknown>\n#13 0x5596ebc58136 <unknown>\n#14 0x5596ebc269cf <unknown>\n#15 0x5596ebc7bb98 <unknown>\n#16 0x5596ebc7bd68 <unknown>\n#17 0x5596ebc8acb3 <unknown>\n#18 0x7fe610805044 <unknown>","time":{"start":1694430989329,"stop":1694430989769,"duration":440}},{"uid":"4f915eecf1f7b82b","reportUrl":"https://Nat754.github.io/StroyremAutomation/56//#testresult/4f915eecf1f7b82b","status":"skipped","statusDetails":"XFAIL\n\nselenium.common.exceptions.NoSuchElementException: Message: no such element: Unable to locate element: {\"method\":\"xpath\",\"selector\":\"(//a[@class='add-to-cart yellow-btn'])[1]\"}\n  (Session info: headless chrome=116.0.5845.96); For documentation on this error, please visit: https://www.selenium.dev/documentation/webdriver/troubleshooting/errors#no-such-element-exception\nStacktrace:\n#0 0x5557e3b5ae23 <unknown>\n#1 0x5557e38837a7 <unknown>\n#2 0x5557e38c21d3 <unknown>\n#3 0x5557e38c22c1 <unknown>\n#4 0x5557e38fda04 <unknown>\n#5 0x5557e38e303d <unknown>\n#6 0x5557e38fb369 <unknown>\n#7 0x5557e38e2de3 <unknown>\n#8 0x5557e38b6a7b <unknown>\n#9 0x5557e38b781e <unknown>\n#10 0x5557e3b1c638 <unknown>\n#11 0x5557e3b20507 <unknown>\n#12 0x5557e3b2ac4c <unknown>\n#13 0x5557e3b21136 <unknown>\n#14 0x5557e3aef9cf <unknown>\n#15 0x5557e3b44b98 <unknown>\n#16 0x5557e3b44d68 <unknown>\n#17 0x5557e3b53cb3 <unknown>\n#18 0x7f07c9db5044 <unknown>","time":{"start":1694429605269,"stop":1694429605813,"duration":544}},{"uid":"a8110126bb3d2f2c","reportUrl":"https://Nat754.github.io/StroyremAutomation/56//#testresult/a8110126bb3d2f2c","status":"skipped","statusDetails":"XFAIL\n\nselenium.common.exceptions.NoSuchElementException: Message: no such element: Unable to locate element: {\"method\":\"xpath\",\"selector\":\"(//a[@class='add-to-cart yellow-btn'])[1]\"}\n  (Session info: headless chrome=116.0.5845.96); For documentation on this error, please visit: https://www.selenium.dev/documentation/webdriver/troubleshooting/errors#no-such-element-exception\nStacktrace:\n#0 0x562bb01c7e23 <unknown>\n#1 0x562bafef07a7 <unknown>\n#2 0x562baff2f1d3 <unknown>\n#3 0x562baff2f2c1 <unknown>\n#4 0x562baff6aa04 <unknown>\n#5 0x562baff5003d <unknown>\n#6 0x562baff68369 <unknown>\n#7 0x562baff4fde3 <unknown>\n#8 0x562baff23a7b <unknown>\n#9 0x562baff2481e <unknown>\n#10 0x562bb0189638 <unknown>\n#11 0x562bb018d507 <unknown>\n#12 0x562bb0197c4c <unknown>\n#13 0x562bb018e136 <unknown>\n#14 0x562bb015c9cf <unknown>\n#15 0x562bb01b1b98 <unknown>\n#16 0x562bb01b1d68 <unknown>\n#17 0x562bb01c0cb3 <unknown>\n#18 0x7f1b55e90044 <unknown>","time":{"start":1694393721489,"stop":1694393721928,"duration":439}},{"uid":"6de5dafef4cdbbab","reportUrl":"https://Nat754.github.io/StroyremAutomation/55//#testresult/6de5dafef4cdbbab","status":"skipped","statusDetails":"XFAIL\n\nselenium.common.exceptions.NoSuchElementException: Message: no such element: Unable to locate element: {\"method\":\"xpath\",\"selector\":\"(//a[@class='add-to-cart yellow-btn'])[1]\"}\n  (Session info: headless chrome=116.0.5845.96); For documentation on this error, please visit: https://www.selenium.dev/documentation/webdriver/troubleshooting/errors#no-such-element-exception\nStacktrace:\n#0 0x557b6cc1ce23 <unknown>\n#1 0x557b6c9457a7 <unknown>\n#2 0x557b6c9841d3 <unknown>\n#3 0x557b6c9842c1 <unknown>\n#4 0x557b6c9bfa04 <unknown>\n#5 0x557b6c9a503d <unknown>\n#6 0x557b6c9bd369 <unknown>\n#7 0x557b6c9a4de3 <unknown>\n#8 0x557b6c978a7b <unknown>\n#9 0x557b6c97981e <unknown>\n#10 0x557b6cbde638 <unknown>\n#11 0x557b6cbe2507 <unknown>\n#12 0x557b6cbecc4c <unknown>\n#13 0x557b6cbe3136 <unknown>\n#14 0x557b6cbb19cf <unknown>\n#15 0x557b6cc06b98 <unknown>\n#16 0x557b6cc06d68 <unknown>\n#17 0x557b6cc15cb3 <unknown>\n#18 0x7fe3c33de044 <unknown>","time":{"start":1694380837673,"stop":1694380838254,"duration":581}},{"uid":"7b0cbee7cea690c","reportUrl":"https://Nat754.github.io/StroyremAutomation/55//#testresult/7b0cbee7cea690c","status":"skipped","statusDetails":"XFAIL\n\nselenium.common.exceptions.NoSuchElementException: Message: no such element: Unable to locate element: {\"method\":\"xpath\",\"selector\":\"(//a[@class='add-to-cart yellow-btn'])[1]\"}\n  (Session info: headless chrome=116.0.5845.96); For documentation on this error, please visit: https://www.selenium.dev/documentation/webdriver/troubleshooting/errors#no-such-element-exception\nStacktrace:\n#0 0x557eb82c3e23 <unknown>\n#1 0x557eb7fec7a7 <unknown>\n#2 0x557eb802b1d3 <unknown>\n#3 0x557eb802b2c1 <unknown>\n#4 0x557eb8066a04 <unknown>\n#5 0x557eb804c03d <unknown>\n#6 0x557eb8064369 <unknown>\n#7 0x557eb804bde3 <unknown>\n#8 0x557eb801fa7b <unknown>\n#9 0x557eb802081e <unknown>\n#10 0x557eb8285638 <unknown>\n#11 0x557eb8289507 <unknown>\n#12 0x557eb8293c4c <unknown>\n#13 0x557eb828a136 <unknown>\n#14 0x557eb82589cf <unknown>\n#15 0x557eb82adb98 <unknown>\n#16 0x557eb82add68 <unknown>\n#17 0x557eb82bccb3 <unknown>\n#18 0x7ff9b3ff2044 <unknown>","time":{"start":1694307502532,"stop":1694307502956,"duration":424}},{"uid":"6c96f38c57ce296","reportUrl":"https://Nat754.github.io/StroyremAutomation/54//#testresult/6c96f38c57ce296","status":"skipped","statusDetails":"XFAIL\n\nselenium.common.exceptions.NoSuchElementException: Message: no such element: Unable to locate element: {\"method\":\"xpath\",\"selector\":\"(//a[@class='add-to-cart yellow-btn'])[1]\"}\n  (Session info: headless chrome=116.0.5845.96); For documentation on this error, please visit: https://www.selenium.dev/documentation/webdriver/troubleshooting/errors#no-such-element-exception\nStacktrace:\n#0 0x55690b9d4e23 <unknown>\n#1 0x55690b6fd7a7 <unknown>\n#2 0x55690b73c1d3 <unknown>\n#3 0x55690b73c2c1 <unknown>\n#4 0x55690b777a04 <unknown>\n#5 0x55690b75d03d <unknown>\n#6 0x55690b775369 <unknown>\n#7 0x55690b75cde3 <unknown>\n#8 0x55690b730a7b <unknown>\n#9 0x55690b73181e <unknown>\n#10 0x55690b996638 <unknown>\n#11 0x55690b99a507 <unknown>\n#12 0x55690b9a4c4c <unknown>\n#13 0x55690b99b136 <unknown>\n#14 0x55690b9699cf <unknown>\n#15 0x55690b9beb98 <unknown>\n#16 0x55690b9bed68 <unknown>\n#17 0x55690b9cdcb3 <unknown>\n#18 0x7f863ad89044 <unknown>","time":{"start":1694286792064,"stop":1694286792602,"duration":538}},{"uid":"9b3862ac3231e05b","reportUrl":"https://Nat754.github.io/StroyremAutomation/54//#testresult/9b3862ac3231e05b","status":"skipped","statusDetails":"XFAIL\n\nselenium.common.exceptions.NoSuchElementException: Message: no such element: Unable to locate element: {\"method\":\"xpath\",\"selector\":\"(//a[@class='add-to-cart yellow-btn'])[1]\"}\n  (Session info: headless chrome=116.0.5845.96); For documentation on this error, please visit: https://www.selenium.dev/documentation/webdriver/troubleshooting/errors#no-such-element-exception\nStacktrace:\n#0 0x564dcdd23e23 <unknown>\n#1 0x564dcda4c7a7 <unknown>\n#2 0x564dcda8b1d3 <unknown>\n#3 0x564dcda8b2c1 <unknown>\n#4 0x564dcdac6a04 <unknown>\n#5 0x564dcdaac03d <unknown>\n#6 0x564dcdac4369 <unknown>\n#7 0x564dcdaabde3 <unknown>\n#8 0x564dcda7fa7b <unknown>\n#9 0x564dcda8081e <unknown>\n#10 0x564dcdce5638 <unknown>\n#11 0x564dcdce9507 <unknown>\n#12 0x564dcdcf3c4c <unknown>\n#13 0x564dcdcea136 <unknown>\n#14 0x564dcdcb89cf <unknown>\n#15 0x564dcdd0db98 <unknown>\n#16 0x564dcdd0dd68 <unknown>\n#17 0x564dcdd1ccb3 <unknown>\n#18 0x7fd46d136044 <unknown>","time":{"start":1694220798284,"stop":1694220798728,"duration":444}},{"uid":"2999af59d2e57698","reportUrl":"https://Nat754.github.io/StroyremAutomation/4//#testresult/2999af59d2e57698","status":"broken","statusDetails":"selenium.common.exceptions.NoSuchElementException: Message: no such element: Unable to locate element: {\"method\":\"xpath\",\"selector\":\"(//a[@class='add-to-cart yellow-btn'])[1]\"}\n  (Session info: headless chrome=116.0.5845.96); For documentation on this error, please visit: https://www.selenium.dev/documentation/webdriver/troubleshooting/errors#no-such-element-exception\nStacktrace:\n#0 0x558da0533e23 <unknown>\n#1 0x558da025c7a7 <unknown>\n#2 0x558da029b1d3 <unknown>\n#3 0x558da029b2c1 <unknown>\n#4 0x558da02d6a04 <unknown>\n#5 0x558da02bc03d <unknown>\n#6 0x558da02d4369 <unknown>\n#7 0x558da02bbde3 <unknown>\n#8 0x558da028fa7b <unknown>\n#9 0x558da029081e <unknown>\n#10 0x558da04f5638 <unknown>\n#11 0x558da04f9507 <unknown>\n#12 0x558da0503c4c <unknown>\n#13 0x558da04fa136 <unknown>\n#14 0x558da04c89cf <unknown>\n#15 0x558da051db98 <unknown>\n#16 0x558da051dd68 <unknown>\n#17 0x558da052ccb3 <unknown>\n#18 0x7f02a3b15044 <unknown>","time":{"start":1694196642106,"stop":1694196642531,"duration":425}},{"uid":"e7f6395bf95405d4","reportUrl":"https://Nat754.github.io/StroyremAutomation/53//#testresult/e7f6395bf95405d4","status":"skipped","statusDetails":"XFAIL\n\nselenium.common.exceptions.NoSuchElementException: Message: no such element: Unable to locate element: {\"method\":\"xpath\",\"selector\":\"(//a[@class='add-to-cart yellow-btn'])[1]\"}\n  (Session info: headless chrome=116.0.5845.96); For documentation on this error, please visit: https://www.selenium.dev/documentation/webdriver/troubleshooting/errors#no-such-element-exception\nStacktrace:\n#0 0x557689c0fe23 <unknown>\n#1 0x5576899387a7 <unknown>\n#2 0x5576899771d3 <unknown>\n#3 0x5576899772c1 <unknown>\n#4 0x5576899b2a04 <unknown>\n#5 0x55768999803d <unknown>\n#6 0x5576899b0369 <unknown>\n#7 0x557689997de3 <unknown>\n#8 0x55768996ba7b <unknown>\n#9 0x55768996c81e <unknown>\n#10 0x557689bd1638 <unknown>\n#11 0x557689bd5507 <unknown>\n#12 0x557689bdfc4c <unknown>\n#13 0x557689bd6136 <unknown>\n#14 0x557689ba49cf <unknown>\n#15 0x557689bf9b98 <unknown>\n#16 0x557689bf9d68 <unknown>\n#17 0x557689c08cb3 <unknown>\n#18 0x7f69fa1a3044 <unknown>","time":{"start":1694207102882,"stop":1694207103415,"duration":533}},{"uid":"cf7d4e232879b8","reportUrl":"https://Nat754.github.io/StroyremAutomation/53//#testresult/cf7d4e232879b8","status":"skipped","statusDetails":"XFAIL\n\nselenium.common.exceptions.NoSuchElementException: Message: no such element: Unable to locate element: {\"method\":\"xpath\",\"selector\":\"(//a[@class='add-to-cart yellow-btn'])[1]\"}\n  (Session info: headless chrome=116.0.5845.96); For documentation on this error, please visit: https://www.selenium.dev/documentation/webdriver/troubleshooting/errors#no-such-element-exception\nStacktrace:\n#0 0x5571fe5dfe23 <unknown>\n#1 0x5571fe3087a7 <unknown>\n#2 0x5571fe3471d3 <unknown>\n#3 0x5571fe3472c1 <unknown>\n#4 0x5571fe382a04 <unknown>\n#5 0x5571fe36803d <unknown>\n#6 0x5571fe380369 <unknown>\n#7 0x5571fe367de3 <unknown>\n#8 0x5571fe33ba7b <unknown>\n#9 0x5571fe33c81e <unknown>\n#10 0x5571fe5a1638 <unknown>\n#11 0x5571fe5a5507 <unknown>\n#12 0x5571fe5afc4c <unknown>\n#13 0x5571fe5a6136 <unknown>\n#14 0x5571fe5749cf <unknown>\n#15 0x5571fe5c9b98 <unknown>\n#16 0x5571fe5c9d68 <unknown>\n#17 0x5571fe5d8cb3 <unknown>\n#18 0x7f959629e044 <unknown>","time":{"start":1694198938749,"stop":1694198939283,"duration":534}},{"uid":"c5811fcbac3a6daa","reportUrl":"https://Nat754.github.io/StroyremAutomation/4//#testresult/c5811fcbac3a6daa","status":"broken","statusDetails":"selenium.common.exceptions.NoSuchElementException: Message: no such element: Unable to locate element: {\"method\":\"xpath\",\"selector\":\"(//a[@class='add-to-cart yellow-btn'])[1]\"}\n  (Session info: headless chrome=116.0.5845.96); For documentation on this error, please visit: https://www.selenium.dev/documentation/webdriver/troubleshooting/errors#no-such-element-exception\nStacktrace:\n#0 0x56157badce23 <unknown>\n#1 0x56157b8057a7 <unknown>\n#2 0x56157b8441d3 <unknown>\n#3 0x56157b8442c1 <unknown>\n#4 0x56157b87fa04 <unknown>\n#5 0x56157b86503d <unknown>\n#6 0x56157b87d369 <unknown>\n#7 0x56157b864de3 <unknown>\n#8 0x56157b838a7b <unknown>\n#9 0x56157b83981e <unknown>\n#10 0x56157ba9e638 <unknown>\n#11 0x56157baa2507 <unknown>\n#12 0x56157baacc4c <unknown>\n#13 0x56157baa3136 <unknown>\n#14 0x56157ba719cf <unknown>\n#15 0x56157bac6b98 <unknown>\n#16 0x56157bac6d68 <unknown>\n#17 0x56157bad5cb3 <unknown>\n#18 0x7f8a965d5044 <unknown>","time":{"start":1694183576116,"stop":1694183576552,"duration":436}},{"uid":"bedf36ccfd361cc2","reportUrl":"https://Nat754.github.io/StroyremAutomation/52//#testresult/bedf36ccfd361cc2","status":"broken","statusDetails":"selenium.common.exceptions.NoSuchElementException: Message: no such element: Unable to locate element: {\"method\":\"xpath\",\"selector\":\"(//a[@class='add-to-cart yellow-btn'])[1]\"}\n  (Session info: headless chrome=116.0.5845.96); For documentation on this error, please visit: https://www.selenium.dev/documentation/webdriver/troubleshooting/errors#no-such-element-exception\nStacktrace:\n#0 0x564f61979e23 <unknown>\n#1 0x564f616a27a7 <unknown>\n#2 0x564f616e11d3 <unknown>\n#3 0x564f616e12c1 <unknown>\n#4 0x564f6171ca04 <unknown>\n#5 0x564f6170203d <unknown>\n#6 0x564f6171a369 <unknown>\n#7 0x564f61701de3 <unknown>\n#8 0x564f616d5a7b <unknown>\n#9 0x564f616d681e <unknown>\n#10 0x564f6193b638 <unknown>\n#11 0x564f6193f507 <unknown>\n#12 0x564f61949c4c <unknown>\n#13 0x564f61940136 <unknown>\n#14 0x564f6190e9cf <unknown>\n#15 0x564f61963b98 <unknown>\n#16 0x564f61963d68 <unknown>\n#17 0x564f61972cb3 <unknown>\n#18 0x7f0ac38af044 <unknown>","time":{"start":1694134633266,"stop":1694134633916,"duration":650}},{"uid":"be27475197240f5a","reportUrl":"https://Nat754.github.io/StroyremAutomation/51//#testresult/be27475197240f5a","status":"broken","statusDetails":"selenium.common.exceptions.NoSuchElementException: Message: no such element: Unable to locate element: {\"method\":\"xpath\",\"selector\":\"(//a[@class='add-to-cart yellow-btn'])[1]\"}\n  (Session info: headless chrome=116.0.5845.96); For documentation on this error, please visit: https://www.selenium.dev/documentation/webdriver/troubleshooting/errors#no-such-element-exception\nStacktrace:\n#0 0x56225beace23 <unknown>\n#1 0x56225bbd57a7 <unknown>\n#2 0x56225bc141d3 <unknown>\n#3 0x56225bc142c1 <unknown>\n#4 0x56225bc4fa04 <unknown>\n#5 0x56225bc3503d <unknown>\n#6 0x56225bc4d369 <unknown>\n#7 0x56225bc34de3 <unknown>\n#8 0x56225bc08a7b <unknown>\n#9 0x56225bc0981e <unknown>\n#10 0x56225be6e638 <unknown>\n#11 0x56225be72507 <unknown>\n#12 0x56225be7cc4c <unknown>\n#13 0x56225be73136 <unknown>\n#14 0x56225be419cf <unknown>\n#15 0x56225be96b98 <unknown>\n#16 0x56225be96d68 <unknown>\n#17 0x56225bea5cb3 <unknown>\n#18 0x7f015cac0044 <unknown>","time":{"start":1694048073734,"stop":1694048074145,"duration":411}},{"uid":"6934e3b9ecfbeb6a","reportUrl":"https://Nat754.github.io/StroyremAutomation/50//#testresult/6934e3b9ecfbeb6a","status":"broken","statusDetails":"selenium.common.exceptions.ElementNotInteractableException: Message: element not interactable\n  (Session info: headless chrome=116.0.5845.96)\nStacktrace:\n#0 0x556efe7d8e23 <unknown>\n#1 0x556efe5015f6 <unknown>\n#2 0x556efe537c5d <unknown>\n#3 0x556efe561012 <unknown>\n#4 0x556efe535fb6 <unknown>\n#5 0x556efe5611de <unknown>\n#6 0x556efe579369 <unknown>\n#7 0x556efe560de3 <unknown>\n#8 0x556efe534a7b <unknown>\n#9 0x556efe53581e <unknown>\n#10 0x556efe79a638 <unknown>\n#11 0x556efe79e507 <unknown>\n#12 0x556efe7a8c4c <unknown>\n#13 0x556efe79f136 <unknown>\n#14 0x556efe76d9cf <unknown>\n#15 0x556efe7c2b98 <unknown>\n#16 0x556efe7c2d68 <unknown>\n#17 0x556efe7d1cb3 <unknown>\n#18 0x7f48425b5044 <unknown>","time":{"start":1693961949587,"stop":1693961955664,"duration":6077}},{"uid":"d67afcdf21a6e321","reportUrl":"https://Nat754.github.io/StroyremAutomation/49//#testresult/d67afcdf21a6e321","status":"broken","statusDetails":"selenium.common.exceptions.NoSuchElementException: Message: no such element: Unable to locate element: {\"method\":\"xpath\",\"selector\":\"(//a[@class='add-to-cart yellow-btn'])[1]\"}\n  (Session info: headless chrome=116.0.5845.96); For documentation on this error, please visit: https://www.selenium.dev/documentation/webdriver/troubleshooting/errors#no-such-element-exception\nStacktrace:\n#0 0x557689f82e23 <unknown>\n#1 0x557689cab7a7 <unknown>\n#2 0x557689cea1d3 <unknown>\n#3 0x557689cea2c1 <unknown>\n#4 0x557689d25a04 <unknown>\n#5 0x557689d0b03d <unknown>\n#6 0x557689d23369 <unknown>\n#7 0x557689d0ade3 <unknown>\n#8 0x557689cdea7b <unknown>\n#9 0x557689cdf81e <unknown>\n#10 0x557689f44638 <unknown>\n#11 0x557689f48507 <unknown>\n#12 0x557689f52c4c <unknown>\n#13 0x557689f49136 <unknown>\n#14 0x557689f179cf <unknown>\n#15 0x557689f6cb98 <unknown>\n#16 0x557689f6cd68 <unknown>\n#17 0x557689f7bcb3 <unknown>\n#18 0x7ffb98e14044 <unknown>","time":{"start":1693875245523,"stop":1693875245971,"duration":448}},{"uid":"a4e62b6d01ce5904","reportUrl":"https://Nat754.github.io/StroyremAutomation/48//#testresult/a4e62b6d01ce5904","status":"broken","statusDetails":"selenium.common.exceptions.ElementNotInteractableException: Message: element not interactable\n  (Session info: headless chrome=116.0.5845.96)\nStacktrace:\n#0 0x561bbe9b6e23 <unknown>\n#1 0x561bbe6df5f6 <unknown>\n#2 0x561bbe715c5d <unknown>\n#3 0x561bbe73f012 <unknown>\n#4 0x561bbe713fb6 <unknown>\n#5 0x561bbe73f1de <unknown>\n#6 0x561bbe757369 <unknown>\n#7 0x561bbe73ede3 <unknown>\n#8 0x561bbe712a7b <unknown>\n#9 0x561bbe71381e <unknown>\n#10 0x561bbe978638 <unknown>\n#11 0x561bbe97c507 <unknown>\n#12 0x561bbe986c4c <unknown>\n#13 0x561bbe97d136 <unknown>\n#14 0x561bbe94b9cf <unknown>\n#15 0x561bbe9a0b98 <unknown>\n#16 0x561bbe9a0d68 <unknown>\n#17 0x561bbe9afcb3 <unknown>\n#18 0x7f15b13ea044 <unknown>","time":{"start":1693789141526,"stop":1693789147548,"duration":6022}}]},"tags":["@pytest.mark.xfail","smoke_test"]},"source":"ab2d2e00829757ca.json","parameterValues":["8980","299","'TD 011'","7960","'products/shtukaturka-gipsovaya-aksolit-m50-30-kg-mashinnogo-naneseniya'","3600","'https://sandboxtest.stroyrem-nn.ru/'","9000"]}