{"uid":"e9daa7233664875","name":"TD 022 Доставка товара весом до 5000кг. в синей зоне","fullName":"tests.delivery.test_delivery_calculation.TestDeliveryPageCalculation#test_positive_delivery_blue_zone_smoke","historyId":"88e507e8c34e246e904b871854b91bc0","time":{"start":1694580713663,"stop":1694580714282,"duration":619},"status":"skipped","statusMessage":"XFAIL\n\nselenium.common.exceptions.NoSuchElementException: Message: no such element: Unable to locate element: {\"method\":\"xpath\",\"selector\":\"(//a[@class='add-to-cart yellow-btn'])[1]\"}\n  (Session info: headless chrome=117.0.5938.62); For documentation on this error, please visit: https://www.selenium.dev/documentation/webdriver/troubleshooting/errors#no-such-element-exception\nStacktrace:\n#0 0x560e28b0e693 <unknown>\n#1 0x560e287e41e7 <unknown>\n#2 0x560e2882b566 <unknown>\n#3 0x560e2882b651 <unknown>\n#4 0x560e28868a74 <unknown>\n#5 0x560e2884d0ed <unknown>\n#6 0x560e28866322 <unknown>\n#7 0x560e2884ce93 <unknown>\n#8 0x560e2881f934 <unknown>\n#9 0x560e2882071e <unknown>\n#10 0x560e28ad3c98 <unknown>\n#11 0x560e28ad7bd0 <unknown>\n#12 0x560e28ae217c <unknown>\n#13 0x560e28ad87e8 <unknown>\n#14 0x560e28aa525f <unknown>\n#15 0x560e28afce68 <unknown>\n#16 0x560e28afd039 <unknown>\n#17 0x560e28b0d823 <unknown>\n#18 0x7fef3e86b044 <unknown>","statusTrace":"self = <tests.delivery.test_delivery_calculation.TestDeliveryPageCalculation object at 0x7ff86175a390>\ndriver = <selenium.webdriver.chrome.webdriver.WebDriver (session=\"9f0a99c0fe3a70b4c5a6dff0ed60dd84\")>\nurl = 'https://sandboxtest.stroyrem-nn.ru/', case_id = 'TD 022'\nlink_item = 'products/shtukaturka-gipsovaya-aksolit-m50-30-kg-mashinnogo-naneseniya'\namount = 166, weight = 5000, standard = 2800, in_time = 5490, all_time = 5980\n\n    @pytest.mark.parametrize('case_id, link_item, amount, weight, standard, in_time, all_time', [\n        (\"TD 015\", bundeks_25, 1, 30, 650, 2390, 3320),\n        pytest.param(\n            \"TD 016\", aksolit_30, 8, 300, 650, 2390, 3320,\n            marks=pytest.mark.xfail(reson=\"Цена доставки: - - -\")\n        ),\n        (\"TD 017\", aksolit_30, 13, 400, 650, 2390, 3320),\n        (\"TD 018\", aksolit_30, 16, 500, 850, 2490, 3320),\n        (\"TD 019\", aksolit_30, 25, 1700, 1150, 2490, 3320),\n        (\"TD 020\", aksolit_30, 66, 2000, 1500, 2990, 3650),\n        (\"TD 021\", aksolit_30, 149, 4500, 2600, 4380, 4890),\n        (\"TD 022\", aksolit_30, 166, 5000, 2800, 5490, 5980),\n        pytest.param(\n            \"TD 023\", aksolit_30, 206, 6200, 3300, 7500, 8000,\n            marks=pytest.mark.xfail(reson=\"Цена доставки: 4300 9900 11440\")\n        ),\n        (\"TD 024\", aksolit_30, 299, 9000, 4300, 9900, 11440),\n        (\"TD 025\", aksolit_30, 333, 10000, 7000, 13900, 15900),\n        pytest.param(\n            \"TD 026\", aksolit_30, 366, 11000, 8000, 14900, 19900,\n            marks=pytest.mark.xfail(reson=\"Цена доставки: 7000 13900 15900\")\n        ),\n        pytest.param(\n            \"TD 027\", aksolit_30, 666, 20000, 14000, 16900, 23900,\n            marks=pytest.mark.xfail(reson=\"Цена доставки: 7000 13900 15900\")\n        )\n    ])\n    @pytest.mark.xfail\n    @pytest.mark.smoke_test\n    def test_positive_delivery_blue_zone_smoke(\n            self, driver, url, case_id, link_item, amount, weight, standard, in_time, all_time\n    ):\n        allure.dynamic.title(f\"{case_id} Доставка товара весом до {weight}кг. в синей зоне\")\n    \n        driver.get(f'{url}{link_item}')\n        item_page = ItemPage(driver)\n>       item_page.add_item_to_cart(amount).click_on_cart()\n\ntests/delivery/test_delivery_calculation.py:132: \n_ _ _ _ _ _ _ _ _ _ _ _ _ _ _ _ _ _ _ _ _ _ _ _ _ _ _ _ _ _ _ _ _ _ _ _ _ _ _ _ \npages/item_page.py:40: in add_item_to_cart\n    self.find_element(self._add_item).click()\nbase/seleniumbase.py:17: in find_element\n    return self.driver.find_element(*locator)\n/usr/local/lib/python3.11/site-packages/selenium/webdriver/remote/webdriver.py:738: in find_element\n    return self.execute(Command.FIND_ELEMENT, {\"using\": by, \"value\": value})[\"value\"]\n/usr/local/lib/python3.11/site-packages/selenium/webdriver/remote/webdriver.py:344: in execute\n    self.error_handler.check_response(response)\n_ _ _ _ _ _ _ _ _ _ _ _ _ _ _ _ _ _ _ _ _ _ _ _ _ _ _ _ _ _ _ _ _ _ _ _ _ _ _ _ \n\nself = <selenium.webdriver.remote.errorhandler.ErrorHandler object at 0x7ff861093b50>\nresponse = {'status': 404, 'value': '{\"value\":{\"error\":\"no such element\",\"message\":\"no such element: Unable to locate element: {\\...\\\\n#16 0x560e28afd039 \\\\u003Cunknown>\\\\n#17 0x560e28b0d823 \\\\u003Cunknown>\\\\n#18 0x7fef3e86b044 \\\\u003Cunknown>\\\\n\"}}'}\n\n    def check_response(self, response: Dict[str, Any]) -> None:\n        \"\"\"Checks that a JSON response from the WebDriver does not have an\n        error.\n    \n        :Args:\n         - response - The JSON response from the WebDriver server as a dictionary\n           object.\n    \n        :Raises: If the response contains an error message.\n        \"\"\"\n        status = response.get(\"status\", None)\n        if not status or status == ErrorCode.SUCCESS:\n            return\n        value = None\n        message = response.get(\"message\", \"\")\n        screen: str = response.get(\"screen\", \"\")\n        stacktrace = None\n        if isinstance(status, int):\n            value_json = response.get(\"value\", None)\n            if value_json and isinstance(value_json, str):\n                import json\n    \n                try:\n                    value = json.loads(value_json)\n                    if len(value) == 1:\n                        value = value[\"value\"]\n                    status = value.get(\"error\", None)\n                    if not status:\n                        status = value.get(\"status\", ErrorCode.UNKNOWN_ERROR)\n                        message = value.get(\"value\") or value.get(\"message\")\n                        if not isinstance(message, str):\n                            value = message\n                            message = message.get(\"message\")\n                    else:\n                        message = value.get(\"message\", None)\n                except ValueError:\n                    pass\n    \n        exception_class: Type[WebDriverException]\n        e = ErrorCode()\n        error_codes = [item for item in dir(e) if not item.startswith(\"__\")]\n        for error_code in error_codes:\n            error_info = getattr(ErrorCode, error_code)\n            if isinstance(error_info, list) and status in error_info:\n                exception_class = getattr(ExceptionMapping, error_code, WebDriverException)\n                break\n        else:\n            exception_class = WebDriverException\n    \n        if not value:\n            value = response[\"value\"]\n        if isinstance(value, str):\n            raise exception_class(value)\n        if message == \"\" and \"message\" in value:\n            message = value[\"message\"]\n    \n        screen = None  # type: ignore[assignment]\n        if \"screen\" in value:\n            screen = value[\"screen\"]\n    \n        stacktrace = None\n        st_value = value.get(\"stackTrace\") or value.get(\"stacktrace\")\n        if st_value:\n            if isinstance(st_value, str):\n                stacktrace = st_value.split(\"\\n\")\n            else:\n                stacktrace = []\n                try:\n                    for frame in st_value:\n                        line = frame.get(\"lineNumber\", \"\")\n                        file = frame.get(\"fileName\", \"<anonymous>\")\n                        if line:\n                            file = f\"{file}:{line}\"\n                        meth = frame.get(\"methodName\", \"<anonymous>\")\n                        if \"className\" in frame:\n                            meth = f\"{frame['className']}.{meth}\"\n                        msg = \"    at %s (%s)\"\n                        msg = msg % (meth, file)\n                        stacktrace.append(msg)\n                except TypeError:\n                    pass\n        if exception_class == UnexpectedAlertPresentException:\n            alert_text = None\n            if \"data\" in value:\n                alert_text = value[\"data\"].get(\"text\")\n            elif \"alert\" in value:\n                alert_text = value[\"alert\"].get(\"text\")\n            raise exception_class(message, screen, stacktrace, alert_text)  # type: ignore[call-arg]  # mypy is not smart enough here\n>       raise exception_class(message, screen, stacktrace)\nE       selenium.common.exceptions.NoSuchElementException: Message: no such element: Unable to locate element: {\"method\":\"xpath\",\"selector\":\"(//a[@class='add-to-cart yellow-btn'])[1]\"}\nE         (Session info: headless chrome=117.0.5938.62); For documentation on this error, please visit: https://www.selenium.dev/documentation/webdriver/troubleshooting/errors#no-such-element-exception\nE       Stacktrace:\nE       #0 0x560e28b0e693 <unknown>\nE       #1 0x560e287e41e7 <unknown>\nE       #2 0x560e2882b566 <unknown>\nE       #3 0x560e2882b651 <unknown>\nE       #4 0x560e28868a74 <unknown>\nE       #5 0x560e2884d0ed <unknown>\nE       #6 0x560e28866322 <unknown>\nE       #7 0x560e2884ce93 <unknown>\nE       #8 0x560e2881f934 <unknown>\nE       #9 0x560e2882071e <unknown>\nE       #10 0x560e28ad3c98 <unknown>\nE       #11 0x560e28ad7bd0 <unknown>\nE       #12 0x560e28ae217c <unknown>\nE       #13 0x560e28ad87e8 <unknown>\nE       #14 0x560e28aa525f <unknown>\nE       #15 0x560e28afce68 <unknown>\nE       #16 0x560e28afd039 <unknown>\nE       #17 0x560e28b0d823 <unknown>\nE       #18 0x7fef3e86b044 <unknown>\n\n/usr/local/lib/python3.11/site-packages/selenium/webdriver/remote/errorhandler.py:229: NoSuchElementException","flaky":false,"newFailed":false,"newBroken":false,"newPassed":false,"retriesCount":0,"retriesStatusChange":false,"beforeStages":[{"name":"_session_faker","time":{"start":1694579999518,"stop":1694579999613,"duration":95},"status":"passed","steps":[],"attachments":[],"parameters":[],"shouldDisplayMessage":false,"stepsCount":0,"attachmentsCount":0,"hasContent":false},{"name":"clear_allure_results_folder","time":{"start":1694579999613,"stop":1694579999613,"duration":0},"status":"passed","steps":[],"attachments":[],"parameters":[],"shouldDisplayMessage":false,"stepsCount":0,"attachmentsCount":0,"hasContent":false},{"name":"driver","time":{"start":1694580712792,"stop":1694580713661,"duration":869},"status":"passed","steps":[],"attachments":[],"parameters":[],"shouldDisplayMessage":false,"stepsCount":0,"attachmentsCount":0,"hasContent":false},{"name":"setup","time":{"start":1694580713661,"stop":1694580713662,"duration":1},"status":"passed","steps":[],"attachments":[],"parameters":[],"shouldDisplayMessage":false,"stepsCount":0,"attachmentsCount":0,"hasContent":false}],"testStage":{"status":"skipped","statusMessage":"XFAIL\n\nselenium.common.exceptions.NoSuchElementException: Message: no such element: Unable to locate element: {\"method\":\"xpath\",\"selector\":\"(//a[@class='add-to-cart yellow-btn'])[1]\"}\n  (Session info: headless chrome=117.0.5938.62); For documentation on this error, please visit: https://www.selenium.dev/documentation/webdriver/troubleshooting/errors#no-such-element-exception\nStacktrace:\n#0 0x560e28b0e693 <unknown>\n#1 0x560e287e41e7 <unknown>\n#2 0x560e2882b566 <unknown>\n#3 0x560e2882b651 <unknown>\n#4 0x560e28868a74 <unknown>\n#5 0x560e2884d0ed <unknown>\n#6 0x560e28866322 <unknown>\n#7 0x560e2884ce93 <unknown>\n#8 0x560e2881f934 <unknown>\n#9 0x560e2882071e <unknown>\n#10 0x560e28ad3c98 <unknown>\n#11 0x560e28ad7bd0 <unknown>\n#12 0x560e28ae217c <unknown>\n#13 0x560e28ad87e8 <unknown>\n#14 0x560e28aa525f <unknown>\n#15 0x560e28afce68 <unknown>\n#16 0x560e28afd039 <unknown>\n#17 0x560e28b0d823 <unknown>\n#18 0x7fef3e86b044 <unknown>","statusTrace":"self = <tests.delivery.test_delivery_calculation.TestDeliveryPageCalculation object at 0x7ff86175a390>\ndriver = <selenium.webdriver.chrome.webdriver.WebDriver (session=\"9f0a99c0fe3a70b4c5a6dff0ed60dd84\")>\nurl = 'https://sandboxtest.stroyrem-nn.ru/', case_id = 'TD 022'\nlink_item = 'products/shtukaturka-gipsovaya-aksolit-m50-30-kg-mashinnogo-naneseniya'\namount = 166, weight = 5000, standard = 2800, in_time = 5490, all_time = 5980\n\n    @pytest.mark.parametrize('case_id, link_item, amount, weight, standard, in_time, all_time', [\n        (\"TD 015\", bundeks_25, 1, 30, 650, 2390, 3320),\n        pytest.param(\n            \"TD 016\", aksolit_30, 8, 300, 650, 2390, 3320,\n            marks=pytest.mark.xfail(reson=\"Цена доставки: - - -\")\n        ),\n        (\"TD 017\", aksolit_30, 13, 400, 650, 2390, 3320),\n        (\"TD 018\", aksolit_30, 16, 500, 850, 2490, 3320),\n        (\"TD 019\", aksolit_30, 25, 1700, 1150, 2490, 3320),\n        (\"TD 020\", aksolit_30, 66, 2000, 1500, 2990, 3650),\n        (\"TD 021\", aksolit_30, 149, 4500, 2600, 4380, 4890),\n        (\"TD 022\", aksolit_30, 166, 5000, 2800, 5490, 5980),\n        pytest.param(\n            \"TD 023\", aksolit_30, 206, 6200, 3300, 7500, 8000,\n            marks=pytest.mark.xfail(reson=\"Цена доставки: 4300 9900 11440\")\n        ),\n        (\"TD 024\", aksolit_30, 299, 9000, 4300, 9900, 11440),\n        (\"TD 025\", aksolit_30, 333, 10000, 7000, 13900, 15900),\n        pytest.param(\n            \"TD 026\", aksolit_30, 366, 11000, 8000, 14900, 19900,\n            marks=pytest.mark.xfail(reson=\"Цена доставки: 7000 13900 15900\")\n        ),\n        pytest.param(\n            \"TD 027\", aksolit_30, 666, 20000, 14000, 16900, 23900,\n            marks=pytest.mark.xfail(reson=\"Цена доставки: 7000 13900 15900\")\n        )\n    ])\n    @pytest.mark.xfail\n    @pytest.mark.smoke_test\n    def test_positive_delivery_blue_zone_smoke(\n            self, driver, url, case_id, link_item, amount, weight, standard, in_time, all_time\n    ):\n        allure.dynamic.title(f\"{case_id} Доставка товара весом до {weight}кг. в синей зоне\")\n    \n        driver.get(f'{url}{link_item}')\n        item_page = ItemPage(driver)\n>       item_page.add_item_to_cart(amount).click_on_cart()\n\ntests/delivery/test_delivery_calculation.py:132: \n_ _ _ _ _ _ _ _ _ _ _ _ _ _ _ _ _ _ _ _ _ _ _ _ _ _ _ _ _ _ _ _ _ _ _ _ _ _ _ _ \npages/item_page.py:40: in add_item_to_cart\n    self.find_element(self._add_item).click()\nbase/seleniumbase.py:17: in find_element\n    return self.driver.find_element(*locator)\n/usr/local/lib/python3.11/site-packages/selenium/webdriver/remote/webdriver.py:738: in find_element\n    return self.execute(Command.FIND_ELEMENT, {\"using\": by, \"value\": value})[\"value\"]\n/usr/local/lib/python3.11/site-packages/selenium/webdriver/remote/webdriver.py:344: in execute\n    self.error_handler.check_response(response)\n_ _ _ _ _ _ _ _ _ _ _ _ _ _ _ _ _ _ _ _ _ _ _ _ _ _ _ _ _ _ _ _ _ _ _ _ _ _ _ _ \n\nself = <selenium.webdriver.remote.errorhandler.ErrorHandler object at 0x7ff861093b50>\nresponse = {'status': 404, 'value': '{\"value\":{\"error\":\"no such element\",\"message\":\"no such element: Unable to locate element: {\\...\\\\n#16 0x560e28afd039 \\\\u003Cunknown>\\\\n#17 0x560e28b0d823 \\\\u003Cunknown>\\\\n#18 0x7fef3e86b044 \\\\u003Cunknown>\\\\n\"}}'}\n\n    def check_response(self, response: Dict[str, Any]) -> None:\n        \"\"\"Checks that a JSON response from the WebDriver does not have an\n        error.\n    \n        :Args:\n         - response - The JSON response from the WebDriver server as a dictionary\n           object.\n    \n        :Raises: If the response contains an error message.\n        \"\"\"\n        status = response.get(\"status\", None)\n        if not status or status == ErrorCode.SUCCESS:\n            return\n        value = None\n        message = response.get(\"message\", \"\")\n        screen: str = response.get(\"screen\", \"\")\n        stacktrace = None\n        if isinstance(status, int):\n            value_json = response.get(\"value\", None)\n            if value_json and isinstance(value_json, str):\n                import json\n    \n                try:\n                    value = json.loads(value_json)\n                    if len(value) == 1:\n                        value = value[\"value\"]\n                    status = value.get(\"error\", None)\n                    if not status:\n                        status = value.get(\"status\", ErrorCode.UNKNOWN_ERROR)\n                        message = value.get(\"value\") or value.get(\"message\")\n                        if not isinstance(message, str):\n                            value = message\n                            message = message.get(\"message\")\n                    else:\n                        message = value.get(\"message\", None)\n                except ValueError:\n                    pass\n    \n        exception_class: Type[WebDriverException]\n        e = ErrorCode()\n        error_codes = [item for item in dir(e) if not item.startswith(\"__\")]\n        for error_code in error_codes:\n            error_info = getattr(ErrorCode, error_code)\n            if isinstance(error_info, list) and status in error_info:\n                exception_class = getattr(ExceptionMapping, error_code, WebDriverException)\n                break\n        else:\n            exception_class = WebDriverException\n    \n        if not value:\n            value = response[\"value\"]\n        if isinstance(value, str):\n            raise exception_class(value)\n        if message == \"\" and \"message\" in value:\n            message = value[\"message\"]\n    \n        screen = None  # type: ignore[assignment]\n        if \"screen\" in value:\n            screen = value[\"screen\"]\n    \n        stacktrace = None\n        st_value = value.get(\"stackTrace\") or value.get(\"stacktrace\")\n        if st_value:\n            if isinstance(st_value, str):\n                stacktrace = st_value.split(\"\\n\")\n            else:\n                stacktrace = []\n                try:\n                    for frame in st_value:\n                        line = frame.get(\"lineNumber\", \"\")\n                        file = frame.get(\"fileName\", \"<anonymous>\")\n                        if line:\n                            file = f\"{file}:{line}\"\n                        meth = frame.get(\"methodName\", \"<anonymous>\")\n                        if \"className\" in frame:\n                            meth = f\"{frame['className']}.{meth}\"\n                        msg = \"    at %s (%s)\"\n                        msg = msg % (meth, file)\n                        stacktrace.append(msg)\n                except TypeError:\n                    pass\n        if exception_class == UnexpectedAlertPresentException:\n            alert_text = None\n            if \"data\" in value:\n                alert_text = value[\"data\"].get(\"text\")\n            elif \"alert\" in value:\n                alert_text = value[\"alert\"].get(\"text\")\n            raise exception_class(message, screen, stacktrace, alert_text)  # type: ignore[call-arg]  # mypy is not smart enough here\n>       raise exception_class(message, screen, stacktrace)\nE       selenium.common.exceptions.NoSuchElementException: Message: no such element: Unable to locate element: {\"method\":\"xpath\",\"selector\":\"(//a[@class='add-to-cart yellow-btn'])[1]\"}\nE         (Session info: headless chrome=117.0.5938.62); For documentation on this error, please visit: https://www.selenium.dev/documentation/webdriver/troubleshooting/errors#no-such-element-exception\nE       Stacktrace:\nE       #0 0x560e28b0e693 <unknown>\nE       #1 0x560e287e41e7 <unknown>\nE       #2 0x560e2882b566 <unknown>\nE       #3 0x560e2882b651 <unknown>\nE       #4 0x560e28868a74 <unknown>\nE       #5 0x560e2884d0ed <unknown>\nE       #6 0x560e28866322 <unknown>\nE       #7 0x560e2884ce93 <unknown>\nE       #8 0x560e2881f934 <unknown>\nE       #9 0x560e2882071e <unknown>\nE       #10 0x560e28ad3c98 <unknown>\nE       #11 0x560e28ad7bd0 <unknown>\nE       #12 0x560e28ae217c <unknown>\nE       #13 0x560e28ad87e8 <unknown>\nE       #14 0x560e28aa525f <unknown>\nE       #15 0x560e28afce68 <unknown>\nE       #16 0x560e28afd039 <unknown>\nE       #17 0x560e28b0d823 <unknown>\nE       #18 0x7fef3e86b044 <unknown>\n\n/usr/local/lib/python3.11/site-packages/selenium/webdriver/remote/errorhandler.py:229: NoSuchElementException","steps":[{"name":"Добавляем товар в корзину в количестве 166","time":{"start":1694580714262,"stop":1694580714282,"duration":20},"status":"broken","statusMessage":"selenium.common.exceptions.NoSuchElementException: Message: no such element: Unable to locate element: {\"method\":\"xpath\",\"selector\":\"(//a[@class='add-to-cart yellow-btn'])[1]\"}\n  (Session info: headless chrome=117.0.5938.62); For documentation on this error, please visit: https://www.selenium.dev/documentation/webdriver/troubleshooting/errors#no-such-element-exception\nStacktrace:\n#0 0x560e28b0e693 <unknown>\n#1 0x560e287e41e7 <unknown>\n#2 0x560e2882b566 <unknown>\n#3 0x560e2882b651 <unknown>\n#4 0x560e28868a74 <unknown>\n#5 0x560e2884d0ed <unknown>\n#6 0x560e28866322 <unknown>\n#7 0x560e2884ce93 <unknown>\n#8 0x560e2881f934 <unknown>\n#9 0x560e2882071e <unknown>\n#10 0x560e28ad3c98 <unknown>\n#11 0x560e28ad7bd0 <unknown>\n#12 0x560e28ae217c <unknown>\n#13 0x560e28ad87e8 <unknown>\n#14 0x560e28aa525f <unknown>\n#15 0x560e28afce68 <unknown>\n#16 0x560e28afd039 <unknown>\n#17 0x560e28b0d823 <unknown>\n#18 0x7fef3e86b044 <unknown>\n\n","statusTrace":"  File \"/usr/local/lib/python3.11/site-packages/allure_commons/_allure.py\", line 192, in impl\n    return func(*a, **kw)\n           ^^^^^^^^^^^^^^\n  File \"/app/pages/item_page.py\", line 40, in add_item_to_cart\n    self.find_element(self._add_item).click()\n    ^^^^^^^^^^^^^^^^^^^^^^^^^^^^^^^^^\n  File \"/app/base/seleniumbase.py\", line 17, in find_element\n    return self.driver.find_element(*locator)\n           ^^^^^^^^^^^^^^^^^^^^^^^^^^^^^^^^^^\n  File \"/usr/local/lib/python3.11/site-packages/selenium/webdriver/remote/webdriver.py\", line 738, in find_element\n    return self.execute(Command.FIND_ELEMENT, {\"using\": by, \"value\": value})[\"value\"]\n           ^^^^^^^^^^^^^^^^^^^^^^^^^^^^^^^^^^^^^^^^^^^^^^^^^^^^^^^^^^^^^^^^^\n  File \"/usr/local/lib/python3.11/site-packages/selenium/webdriver/remote/webdriver.py\", line 344, in execute\n    self.error_handler.check_response(response)\n  File \"/usr/local/lib/python3.11/site-packages/selenium/webdriver/remote/errorhandler.py\", line 229, in check_response\n    raise exception_class(message, screen, stacktrace)\n","steps":[],"attachments":[],"parameters":[{"name":"amount","value":"166"}],"shouldDisplayMessage":true,"stepsCount":0,"attachmentsCount":0,"hasContent":true}],"attachments":[{"uid":"49801289f3d9764b","name":"Screenshot","source":"49801289f3d9764b.png","type":"image/png","size":39917},{"uid":"ed252b6064033b04","name":"HTML source","source":"ed252b6064033b04.html","type":"text/html","size":544}],"parameters":[],"shouldDisplayMessage":true,"stepsCount":1,"attachmentsCount":2,"hasContent":true},"afterStages":[{"name":"setup::0","time":{"start":1694580714425,"stop":1694580714425,"duration":0},"status":"passed","steps":[],"attachments":[],"parameters":[],"shouldDisplayMessage":false,"stepsCount":0,"attachmentsCount":0,"hasContent":false},{"name":"driver::0","time":{"start":1694580714425,"stop":1694580714488,"duration":63},"status":"passed","steps":[],"attachments":[],"parameters":[],"shouldDisplayMessage":false,"stepsCount":0,"attachmentsCount":0,"hasContent":false}],"labels":[{"name":"epic","value":"Delivery Page - calculation"},{"name":"tag","value":"smoke_test"},{"name":"tag","value":"@pytest.mark.xfail"},{"name":"parentSuite","value":"tests.delivery"},{"name":"suite","value":"test_delivery_calculation"},{"name":"subSuite","value":"TestDeliveryPageCalculation"},{"name":"host","value":"7c3d814039a2"},{"name":"thread","value":"1-MainThread"},{"name":"framework","value":"pytest"},{"name":"language","value":"cpython3"},{"name":"package","value":"tests.delivery.test_delivery_calculation"},{"name":"resultFormat","value":"allure2"}],"parameters":[{"name":"all_time","value":"5980"},{"name":"amount","value":"166"},{"name":"case_id","value":"'TD 022'"},{"name":"in_time","value":"5490"},{"name":"link_item","value":"'products/shtukaturka-gipsovaya-aksolit-m50-30-kg-mashinnogo-naneseniya'"},{"name":"standard","value":"2800"},{"name":"url","value":"'https://sandboxtest.stroyrem-nn.ru/'"},{"name":"weight","value":"5000"}],"links":[],"hidden":false,"retry":false,"extra":{"severity":"normal","retries":[],"categories":[],"history":{"statistic":{"failed":0,"broken":13,"skipped":15,"passed":0,"unknown":0,"total":28},"items":[{"uid":"41ee268e0e2aa8e1","reportUrl":"https://Nat754.github.io/StroyremAutomation/61//#testresult/41ee268e0e2aa8e1","status":"skipped","statusDetails":"XFAIL\n\nselenium.common.exceptions.NoSuchElementException: Message: no such element: Unable to locate element: {\"method\":\"xpath\",\"selector\":\"(//a[@class='add-to-cart yellow-btn'])[1]\"}\n  (Session info: headless chrome=117.0.5938.62); For documentation on this error, please visit: https://www.selenium.dev/documentation/webdriver/troubleshooting/errors#no-such-element-exception\nStacktrace:\n#0 0x555bc3c04693 <unknown>\n#1 0x555bc38da1e7 <unknown>\n#2 0x555bc3921566 <unknown>\n#3 0x555bc3921651 <unknown>\n#4 0x555bc395ea74 <unknown>\n#5 0x555bc39430ed <unknown>\n#6 0x555bc395c322 <unknown>\n#7 0x555bc3942e93 <unknown>\n#8 0x555bc3915934 <unknown>\n#9 0x555bc391671e <unknown>\n#10 0x555bc3bc9c98 <unknown>\n#11 0x555bc3bcdbd0 <unknown>\n#12 0x555bc3bd817c <unknown>\n#13 0x555bc3bce7e8 <unknown>\n#14 0x555bc3b9b25f <unknown>\n#15 0x555bc3bf2e68 <unknown>\n#16 0x555bc3bf3039 <unknown>\n#17 0x555bc3c03823 <unknown>\n#18 0x7fc7f9e8c044 <unknown>","time":{"start":1694566615247,"stop":1694566615744,"duration":497}},{"uid":"4ed1cdebff68ae59","reportUrl":"https://Nat754.github.io/StroyremAutomation/60//#testresult/4ed1cdebff68ae59","status":"skipped","statusDetails":"XFAIL\n\nselenium.common.exceptions.NoSuchElementException: Message: no such element: Unable to locate element: {\"method\":\"xpath\",\"selector\":\"(//a[@class='add-to-cart yellow-btn'])[1]\"}\n  (Session info: headless chrome=116.0.5845.96); For documentation on this error, please visit: https://www.selenium.dev/documentation/webdriver/troubleshooting/errors#no-such-element-exception\nStacktrace:\n#0 0x563ca349ae23 <unknown>\n#1 0x563ca31c37a7 <unknown>\n#2 0x563ca32021d3 <unknown>\n#3 0x563ca32022c1 <unknown>\n#4 0x563ca323da04 <unknown>\n#5 0x563ca322303d <unknown>\n#6 0x563ca323b369 <unknown>\n#7 0x563ca3222de3 <unknown>\n#8 0x563ca31f6a7b <unknown>\n#9 0x563ca31f781e <unknown>\n#10 0x563ca345c638 <unknown>\n#11 0x563ca3460507 <unknown>\n#12 0x563ca346ac4c <unknown>\n#13 0x563ca3461136 <unknown>\n#14 0x563ca342f9cf <unknown>\n#15 0x563ca3484b98 <unknown>\n#16 0x563ca3484d68 <unknown>\n#17 0x563ca3493cb3 <unknown>\n#18 0x7f37c3604044 <unknown>","time":{"start":1694504700991,"stop":1694504701704,"duration":713}},{"uid":"8fdf77f4345228e2","reportUrl":"https://Nat754.github.io/StroyremAutomation/60//#testresult/8fdf77f4345228e2","status":"skipped","statusDetails":"XFAIL\n\nselenium.common.exceptions.NoSuchElementException: Message: no such element: Unable to locate element: {\"method\":\"xpath\",\"selector\":\"(//a[@class='add-to-cart yellow-btn'])[1]\"}\n  (Session info: headless chrome=116.0.5845.96); For documentation on this error, please visit: https://www.selenium.dev/documentation/webdriver/troubleshooting/errors#no-such-element-exception\nStacktrace:\n#0 0x55ae4cdc9e23 <unknown>\n#1 0x55ae4caf27a7 <unknown>\n#2 0x55ae4cb311d3 <unknown>\n#3 0x55ae4cb312c1 <unknown>\n#4 0x55ae4cb6ca04 <unknown>\n#5 0x55ae4cb5203d <unknown>\n#6 0x55ae4cb6a369 <unknown>\n#7 0x55ae4cb51de3 <unknown>\n#8 0x55ae4cb25a7b <unknown>\n#9 0x55ae4cb2681e <unknown>\n#10 0x55ae4cd8b638 <unknown>\n#11 0x55ae4cd8f507 <unknown>\n#12 0x55ae4cd99c4c <unknown>\n#13 0x55ae4cd90136 <unknown>\n#14 0x55ae4cd5e9cf <unknown>\n#15 0x55ae4cdb3b98 <unknown>\n#16 0x55ae4cdb3d68 <unknown>\n#17 0x55ae4cdc2cb3 <unknown>\n#18 0x7f96695b3044 <unknown>","time":{"start":1694480230922,"stop":1694480231770,"duration":848}},{"uid":"1ee450a84fcf1377","reportUrl":"https://Nat754.github.io/StroyremAutomation/59//#testresult/1ee450a84fcf1377","status":"skipped","statusDetails":"XFAIL\n\nselenium.common.exceptions.NoSuchElementException: Message: no such element: Unable to locate element: {\"method\":\"xpath\",\"selector\":\"(//a[@class='add-to-cart yellow-btn'])[1]\"}\n  (Session info: headless chrome=116.0.5845.96); For documentation on this error, please visit: https://www.selenium.dev/documentation/webdriver/troubleshooting/errors#no-such-element-exception\nStacktrace:\n#0 0x55a7d338be23 <unknown>\n#1 0x55a7d30b47a7 <unknown>\n#2 0x55a7d30f31d3 <unknown>\n#3 0x55a7d30f32c1 <unknown>\n#4 0x55a7d312ea04 <unknown>\n#5 0x55a7d311403d <unknown>\n#6 0x55a7d312c369 <unknown>\n#7 0x55a7d3113de3 <unknown>\n#8 0x55a7d30e7a7b <unknown>\n#9 0x55a7d30e881e <unknown>\n#10 0x55a7d334d638 <unknown>\n#11 0x55a7d3351507 <unknown>\n#12 0x55a7d335bc4c <unknown>\n#13 0x55a7d3352136 <unknown>\n#14 0x55a7d33209cf <unknown>\n#15 0x55a7d3375b98 <unknown>\n#16 0x55a7d3375d68 <unknown>\n#17 0x55a7d3384cb3 <unknown>\n#18 0x7f9030327044 <unknown>","time":{"start":1694433853510,"stop":1694433854093,"duration":583}},{"uid":"d7d4039b58a0a7f2","reportUrl":"https://Nat754.github.io/StroyremAutomation/57//#testresult/d7d4039b58a0a7f2","status":"skipped","statusDetails":"XFAIL\n\nselenium.common.exceptions.NoSuchElementException: Message: no such element: Unable to locate element: {\"method\":\"xpath\",\"selector\":\"(//a[@class='add-to-cart yellow-btn'])[1]\"}\n  (Session info: headless chrome=116.0.5845.96); For documentation on this error, please visit: https://www.selenium.dev/documentation/webdriver/troubleshooting/errors#no-such-element-exception\nStacktrace:\n#0 0x560213314e23 <unknown>\n#1 0x56021303d7a7 <unknown>\n#2 0x56021307c1d3 <unknown>\n#3 0x56021307c2c1 <unknown>\n#4 0x5602130b7a04 <unknown>\n#5 0x56021309d03d <unknown>\n#6 0x5602130b5369 <unknown>\n#7 0x56021309cde3 <unknown>\n#8 0x560213070a7b <unknown>\n#9 0x56021307181e <unknown>\n#10 0x5602132d6638 <unknown>\n#11 0x5602132da507 <unknown>\n#12 0x5602132e4c4c <unknown>\n#13 0x5602132db136 <unknown>\n#14 0x5602132a99cf <unknown>\n#15 0x5602132feb98 <unknown>\n#16 0x5602132fed68 <unknown>\n#17 0x56021330dcb3 <unknown>\n#18 0x7f104bb53044 <unknown>","time":{"start":1694431081552,"stop":1694431082102,"duration":550}},{"uid":"e68f81aec7411905","reportUrl":"https://Nat754.github.io/StroyremAutomation/58//#testresult/e68f81aec7411905","status":"skipped","statusDetails":"XFAIL\n\nselenium.common.exceptions.NoSuchElementException: Message: no such element: Unable to locate element: {\"method\":\"xpath\",\"selector\":\"(//a[@class='add-to-cart yellow-btn'])[1]\"}\n  (Session info: headless chrome=116.0.5845.96); For documentation on this error, please visit: https://www.selenium.dev/documentation/webdriver/troubleshooting/errors#no-such-element-exception\nStacktrace:\n#0 0x55e786100e23 <unknown>\n#1 0x55e785e297a7 <unknown>\n#2 0x55e785e681d3 <unknown>\n#3 0x55e785e682c1 <unknown>\n#4 0x55e785ea3a04 <unknown>\n#5 0x55e785e8903d <unknown>\n#6 0x55e785ea1369 <unknown>\n#7 0x55e785e88de3 <unknown>\n#8 0x55e785e5ca7b <unknown>\n#9 0x55e785e5d81e <unknown>\n#10 0x55e7860c2638 <unknown>\n#11 0x55e7860c6507 <unknown>\n#12 0x55e7860d0c4c <unknown>\n#13 0x55e7860c7136 <unknown>\n#14 0x55e7860959cf <unknown>\n#15 0x55e7860eab98 <unknown>\n#16 0x55e7860ead68 <unknown>\n#17 0x55e7860f9cb3 <unknown>\n#18 0x7fc08d6b8044 <unknown>","time":{"start":1694431006040,"stop":1694431006480,"duration":440}},{"uid":"3a5dd906c03257cb","reportUrl":"https://Nat754.github.io/StroyremAutomation/56//#testresult/3a5dd906c03257cb","status":"skipped","statusDetails":"XFAIL\n\nselenium.common.exceptions.NoSuchElementException: Message: no such element: Unable to locate element: {\"method\":\"xpath\",\"selector\":\"(//a[@class='add-to-cart yellow-btn'])[1]\"}\n  (Session info: headless chrome=116.0.5845.96); For documentation on this error, please visit: https://www.selenium.dev/documentation/webdriver/troubleshooting/errors#no-such-element-exception\nStacktrace:\n#0 0x560b7c865e23 <unknown>\n#1 0x560b7c58e7a7 <unknown>\n#2 0x560b7c5cd1d3 <unknown>\n#3 0x560b7c5cd2c1 <unknown>\n#4 0x560b7c608a04 <unknown>\n#5 0x560b7c5ee03d <unknown>\n#6 0x560b7c606369 <unknown>\n#7 0x560b7c5edde3 <unknown>\n#8 0x560b7c5c1a7b <unknown>\n#9 0x560b7c5c281e <unknown>\n#10 0x560b7c827638 <unknown>\n#11 0x560b7c82b507 <unknown>\n#12 0x560b7c835c4c <unknown>\n#13 0x560b7c82c136 <unknown>\n#14 0x560b7c7fa9cf <unknown>\n#15 0x560b7c84fb98 <unknown>\n#16 0x560b7c84fd68 <unknown>\n#17 0x560b7c85ecb3 <unknown>\n#18 0x7f4bc2598044 <unknown>","time":{"start":1694429621766,"stop":1694429622291,"duration":525}},{"uid":"3fc2cc4cc3523ddc","reportUrl":"https://Nat754.github.io/StroyremAutomation/56//#testresult/3fc2cc4cc3523ddc","status":"skipped","statusDetails":"XFAIL\n\nselenium.common.exceptions.NoSuchElementException: Message: no such element: Unable to locate element: {\"method\":\"xpath\",\"selector\":\"(//a[@class='add-to-cart yellow-btn'])[1]\"}\n  (Session info: headless chrome=116.0.5845.96); For documentation on this error, please visit: https://www.selenium.dev/documentation/webdriver/troubleshooting/errors#no-such-element-exception\nStacktrace:\n#0 0x55b3cc28ae23 <unknown>\n#1 0x55b3cbfb37a7 <unknown>\n#2 0x55b3cbff21d3 <unknown>\n#3 0x55b3cbff22c1 <unknown>\n#4 0x55b3cc02da04 <unknown>\n#5 0x55b3cc01303d <unknown>\n#6 0x55b3cc02b369 <unknown>\n#7 0x55b3cc012de3 <unknown>\n#8 0x55b3cbfe6a7b <unknown>\n#9 0x55b3cbfe781e <unknown>\n#10 0x55b3cc24c638 <unknown>\n#11 0x55b3cc250507 <unknown>\n#12 0x55b3cc25ac4c <unknown>\n#13 0x55b3cc251136 <unknown>\n#14 0x55b3cc21f9cf <unknown>\n#15 0x55b3cc274b98 <unknown>\n#16 0x55b3cc274d68 <unknown>\n#17 0x55b3cc283cb3 <unknown>\n#18 0x7fd6647bf044 <unknown>","time":{"start":1694393738005,"stop":1694393738548,"duration":543}},{"uid":"1fef2f66a3df374a","reportUrl":"https://Nat754.github.io/StroyremAutomation/55//#testresult/1fef2f66a3df374a","status":"skipped","statusDetails":"XFAIL\n\nselenium.common.exceptions.NoSuchElementException: Message: no such element: Unable to locate element: {\"method\":\"xpath\",\"selector\":\"(//a[@class='add-to-cart yellow-btn'])[1]\"}\n  (Session info: headless chrome=116.0.5845.96); For documentation on this error, please visit: https://www.selenium.dev/documentation/webdriver/troubleshooting/errors#no-such-element-exception\nStacktrace:\n#0 0x55aee0ff3e23 <unknown>\n#1 0x55aee0d1c7a7 <unknown>\n#2 0x55aee0d5b1d3 <unknown>\n#3 0x55aee0d5b2c1 <unknown>\n#4 0x55aee0d96a04 <unknown>\n#5 0x55aee0d7c03d <unknown>\n#6 0x55aee0d94369 <unknown>\n#7 0x55aee0d7bde3 <unknown>\n#8 0x55aee0d4fa7b <unknown>\n#9 0x55aee0d5081e <unknown>\n#10 0x55aee0fb5638 <unknown>\n#11 0x55aee0fb9507 <unknown>\n#12 0x55aee0fc3c4c <unknown>\n#13 0x55aee0fba136 <unknown>\n#14 0x55aee0f889cf <unknown>\n#15 0x55aee0fddb98 <unknown>\n#16 0x55aee0fddd68 <unknown>\n#17 0x55aee0feccb3 <unknown>\n#18 0x7f09a13dd044 <unknown>","time":{"start":1694380855017,"stop":1694380855615,"duration":598}},{"uid":"62072143477e41b9","reportUrl":"https://Nat754.github.io/StroyremAutomation/55//#testresult/62072143477e41b9","status":"skipped","statusDetails":"XFAIL\n\nselenium.common.exceptions.NoSuchElementException: Message: no such element: Unable to locate element: {\"method\":\"xpath\",\"selector\":\"(//a[@class='add-to-cart yellow-btn'])[1]\"}\n  (Session info: headless chrome=116.0.5845.96); For documentation on this error, please visit: https://www.selenium.dev/documentation/webdriver/troubleshooting/errors#no-such-element-exception\nStacktrace:\n#0 0x562afd972e23 <unknown>\n#1 0x562afd69b7a7 <unknown>\n#2 0x562afd6da1d3 <unknown>\n#3 0x562afd6da2c1 <unknown>\n#4 0x562afd715a04 <unknown>\n#5 0x562afd6fb03d <unknown>\n#6 0x562afd713369 <unknown>\n#7 0x562afd6fade3 <unknown>\n#8 0x562afd6cea7b <unknown>\n#9 0x562afd6cf81e <unknown>\n#10 0x562afd934638 <unknown>\n#11 0x562afd938507 <unknown>\n#12 0x562afd942c4c <unknown>\n#13 0x562afd939136 <unknown>\n#14 0x562afd9079cf <unknown>\n#15 0x562afd95cb98 <unknown>\n#16 0x562afd95cd68 <unknown>\n#17 0x562afd96bcb3 <unknown>\n#18 0x7fa8d9667044 <unknown>","time":{"start":1694307520163,"stop":1694307520601,"duration":438}},{"uid":"db6f02446f8c748f","reportUrl":"https://Nat754.github.io/StroyremAutomation/54//#testresult/db6f02446f8c748f","status":"skipped","statusDetails":"XFAIL\n\nselenium.common.exceptions.NoSuchElementException: Message: no such element: Unable to locate element: {\"method\":\"xpath\",\"selector\":\"(//a[@class='add-to-cart yellow-btn'])[1]\"}\n  (Session info: headless chrome=116.0.5845.96); For documentation on this error, please visit: https://www.selenium.dev/documentation/webdriver/troubleshooting/errors#no-such-element-exception\nStacktrace:\n#0 0x55bbd7c87e23 <unknown>\n#1 0x55bbd79b07a7 <unknown>\n#2 0x55bbd79ef1d3 <unknown>\n#3 0x55bbd79ef2c1 <unknown>\n#4 0x55bbd7a2aa04 <unknown>\n#5 0x55bbd7a1003d <unknown>\n#6 0x55bbd7a28369 <unknown>\n#7 0x55bbd7a0fde3 <unknown>\n#8 0x55bbd79e3a7b <unknown>\n#9 0x55bbd79e481e <unknown>\n#10 0x55bbd7c49638 <unknown>\n#11 0x55bbd7c4d507 <unknown>\n#12 0x55bbd7c57c4c <unknown>\n#13 0x55bbd7c4e136 <unknown>\n#14 0x55bbd7c1c9cf <unknown>\n#15 0x55bbd7c71b98 <unknown>\n#16 0x55bbd7c71d68 <unknown>\n#17 0x55bbd7c80cb3 <unknown>\n#18 0x7fc173d08044 <unknown>","time":{"start":1694286809623,"stop":1694286810161,"duration":538}},{"uid":"47fb18c67af65bd3","reportUrl":"https://Nat754.github.io/StroyremAutomation/54//#testresult/47fb18c67af65bd3","status":"skipped","statusDetails":"XFAIL\n\nselenium.common.exceptions.NoSuchElementException: Message: no such element: Unable to locate element: {\"method\":\"xpath\",\"selector\":\"(//a[@class='add-to-cart yellow-btn'])[1]\"}\n  (Session info: headless chrome=116.0.5845.96); For documentation on this error, please visit: https://www.selenium.dev/documentation/webdriver/troubleshooting/errors#no-such-element-exception\nStacktrace:\n#0 0x557f262b2e23 <unknown>\n#1 0x557f25fdb7a7 <unknown>\n#2 0x557f2601a1d3 <unknown>\n#3 0x557f2601a2c1 <unknown>\n#4 0x557f26055a04 <unknown>\n#5 0x557f2603b03d <unknown>\n#6 0x557f26053369 <unknown>\n#7 0x557f2603ade3 <unknown>\n#8 0x557f2600ea7b <unknown>\n#9 0x557f2600f81e <unknown>\n#10 0x557f26274638 <unknown>\n#11 0x557f26278507 <unknown>\n#12 0x557f26282c4c <unknown>\n#13 0x557f26279136 <unknown>\n#14 0x557f262479cf <unknown>\n#15 0x557f2629cb98 <unknown>\n#16 0x557f2629cd68 <unknown>\n#17 0x557f262abcb3 <unknown>\n#18 0x7f10e57b0044 <unknown>","time":{"start":1694220815320,"stop":1694220815739,"duration":419}},{"uid":"214f470bcb34e084","reportUrl":"https://Nat754.github.io/StroyremAutomation/4//#testresult/214f470bcb34e084","status":"broken","statusDetails":"selenium.common.exceptions.NoSuchElementException: Message: no such element: Unable to locate element: {\"method\":\"xpath\",\"selector\":\"(//a[@class='add-to-cart yellow-btn'])[1]\"}\n  (Session info: headless chrome=116.0.5845.96); For documentation on this error, please visit: https://www.selenium.dev/documentation/webdriver/troubleshooting/errors#no-such-element-exception\nStacktrace:\n#0 0x558d50e74e23 <unknown>\n#1 0x558d50b9d7a7 <unknown>\n#2 0x558d50bdc1d3 <unknown>\n#3 0x558d50bdc2c1 <unknown>\n#4 0x558d50c17a04 <unknown>\n#5 0x558d50bfd03d <unknown>\n#6 0x558d50c15369 <unknown>\n#7 0x558d50bfcde3 <unknown>\n#8 0x558d50bd0a7b <unknown>\n#9 0x558d50bd181e <unknown>\n#10 0x558d50e36638 <unknown>\n#11 0x558d50e3a507 <unknown>\n#12 0x558d50e44c4c <unknown>\n#13 0x558d50e3b136 <unknown>\n#14 0x558d50e099cf <unknown>\n#15 0x558d50e5eb98 <unknown>\n#16 0x558d50e5ed68 <unknown>\n#17 0x558d50e6dcb3 <unknown>\n#18 0x7fe672aa2044 <unknown>","time":{"start":1694196658154,"stop":1694196658568,"duration":414}},{"uid":"1d0113444c0d644d","reportUrl":"https://Nat754.github.io/StroyremAutomation/53//#testresult/1d0113444c0d644d","status":"skipped","statusDetails":"XFAIL\n\nselenium.common.exceptions.NoSuchElementException: Message: no such element: Unable to locate element: {\"method\":\"xpath\",\"selector\":\"(//a[@class='add-to-cart yellow-btn'])[1]\"}\n  (Session info: headless chrome=116.0.5845.96); For documentation on this error, please visit: https://www.selenium.dev/documentation/webdriver/troubleshooting/errors#no-such-element-exception\nStacktrace:\n#0 0x55c09755ee23 <unknown>\n#1 0x55c0972877a7 <unknown>\n#2 0x55c0972c61d3 <unknown>\n#3 0x55c0972c62c1 <unknown>\n#4 0x55c097301a04 <unknown>\n#5 0x55c0972e703d <unknown>\n#6 0x55c0972ff369 <unknown>\n#7 0x55c0972e6de3 <unknown>\n#8 0x55c0972baa7b <unknown>\n#9 0x55c0972bb81e <unknown>\n#10 0x55c097520638 <unknown>\n#11 0x55c097524507 <unknown>\n#12 0x55c09752ec4c <unknown>\n#13 0x55c097525136 <unknown>\n#14 0x55c0974f39cf <unknown>\n#15 0x55c097548b98 <unknown>\n#16 0x55c097548d68 <unknown>\n#17 0x55c097557cb3 <unknown>\n#18 0x7fb450ef8044 <unknown>","time":{"start":1694207120454,"stop":1694207121001,"duration":547}},{"uid":"a2fed182e9a3d6a5","reportUrl":"https://Nat754.github.io/StroyremAutomation/53//#testresult/a2fed182e9a3d6a5","status":"skipped","statusDetails":"XFAIL\n\nselenium.common.exceptions.NoSuchElementException: Message: no such element: Unable to locate element: {\"method\":\"xpath\",\"selector\":\"(//a[@class='add-to-cart yellow-btn'])[1]\"}\n  (Session info: headless chrome=116.0.5845.96); For documentation on this error, please visit: https://www.selenium.dev/documentation/webdriver/troubleshooting/errors#no-such-element-exception\nStacktrace:\n#0 0x5632cc371e23 <unknown>\n#1 0x5632cc09a7a7 <unknown>\n#2 0x5632cc0d91d3 <unknown>\n#3 0x5632cc0d92c1 <unknown>\n#4 0x5632cc114a04 <unknown>\n#5 0x5632cc0fa03d <unknown>\n#6 0x5632cc112369 <unknown>\n#7 0x5632cc0f9de3 <unknown>\n#8 0x5632cc0cda7b <unknown>\n#9 0x5632cc0ce81e <unknown>\n#10 0x5632cc333638 <unknown>\n#11 0x5632cc337507 <unknown>\n#12 0x5632cc341c4c <unknown>\n#13 0x5632cc338136 <unknown>\n#14 0x5632cc3069cf <unknown>\n#15 0x5632cc35bb98 <unknown>\n#16 0x5632cc35bd68 <unknown>\n#17 0x5632cc36acb3 <unknown>\n#18 0x7f5155565044 <unknown>","time":{"start":1694198956335,"stop":1694198956862,"duration":527}},{"uid":"c28a524f535cafd6","reportUrl":"https://Nat754.github.io/StroyremAutomation/4//#testresult/c28a524f535cafd6","status":"broken","statusDetails":"selenium.common.exceptions.NoSuchElementException: Message: no such element: Unable to locate element: {\"method\":\"xpath\",\"selector\":\"(//a[@class='add-to-cart yellow-btn'])[1]\"}\n  (Session info: headless chrome=116.0.5845.96); For documentation on this error, please visit: https://www.selenium.dev/documentation/webdriver/troubleshooting/errors#no-such-element-exception\nStacktrace:\n#0 0x55c5a51f9e23 <unknown>\n#1 0x55c5a4f227a7 <unknown>\n#2 0x55c5a4f611d3 <unknown>\n#3 0x55c5a4f612c1 <unknown>\n#4 0x55c5a4f9ca04 <unknown>\n#5 0x55c5a4f8203d <unknown>\n#6 0x55c5a4f9a369 <unknown>\n#7 0x55c5a4f81de3 <unknown>\n#8 0x55c5a4f55a7b <unknown>\n#9 0x55c5a4f5681e <unknown>\n#10 0x55c5a51bb638 <unknown>\n#11 0x55c5a51bf507 <unknown>\n#12 0x55c5a51c9c4c <unknown>\n#13 0x55c5a51c0136 <unknown>\n#14 0x55c5a518e9cf <unknown>\n#15 0x55c5a51e3b98 <unknown>\n#16 0x55c5a51e3d68 <unknown>\n#17 0x55c5a51f2cb3 <unknown>\n#18 0x7fe0733ee044 <unknown>","time":{"start":1694183592206,"stop":1694183592621,"duration":415}},{"uid":"a1b4c16e0a860dfe","reportUrl":"https://Nat754.github.io/StroyremAutomation/52//#testresult/a1b4c16e0a860dfe","status":"broken","statusDetails":"selenium.common.exceptions.NoSuchElementException: Message: no such element: Unable to locate element: {\"method\":\"xpath\",\"selector\":\"(//a[@class='add-to-cart yellow-btn'])[1]\"}\n  (Session info: headless chrome=116.0.5845.96); For documentation on this error, please visit: https://www.selenium.dev/documentation/webdriver/troubleshooting/errors#no-such-element-exception\nStacktrace:\n#0 0x55b18cad8e23 <unknown>\n#1 0x55b18c8017a7 <unknown>\n#2 0x55b18c8401d3 <unknown>\n#3 0x55b18c8402c1 <unknown>\n#4 0x55b18c87ba04 <unknown>\n#5 0x55b18c86103d <unknown>\n#6 0x55b18c879369 <unknown>\n#7 0x55b18c860de3 <unknown>\n#8 0x55b18c834a7b <unknown>\n#9 0x55b18c83581e <unknown>\n#10 0x55b18ca9a638 <unknown>\n#11 0x55b18ca9e507 <unknown>\n#12 0x55b18caa8c4c <unknown>\n#13 0x55b18ca9f136 <unknown>\n#14 0x55b18ca6d9cf <unknown>\n#15 0x55b18cac2b98 <unknown>\n#16 0x55b18cac2d68 <unknown>\n#17 0x55b18cad1cb3 <unknown>\n#18 0x7fe137121044 <unknown>","time":{"start":1694134650082,"stop":1694134650575,"duration":493}},{"uid":"28841523448a3922","reportUrl":"https://Nat754.github.io/StroyremAutomation/51//#testresult/28841523448a3922","status":"broken","statusDetails":"selenium.common.exceptions.NoSuchElementException: Message: no such element: Unable to locate element: {\"method\":\"xpath\",\"selector\":\"(//a[@class='add-to-cart yellow-btn'])[1]\"}\n  (Session info: headless chrome=116.0.5845.96); For documentation on this error, please visit: https://www.selenium.dev/documentation/webdriver/troubleshooting/errors#no-such-element-exception\nStacktrace:\n#0 0x55bfbcabbe23 <unknown>\n#1 0x55bfbc7e47a7 <unknown>\n#2 0x55bfbc8231d3 <unknown>\n#3 0x55bfbc8232c1 <unknown>\n#4 0x55bfbc85ea04 <unknown>\n#5 0x55bfbc84403d <unknown>\n#6 0x55bfbc85c369 <unknown>\n#7 0x55bfbc843de3 <unknown>\n#8 0x55bfbc817a7b <unknown>\n#9 0x55bfbc81881e <unknown>\n#10 0x55bfbca7d638 <unknown>\n#11 0x55bfbca81507 <unknown>\n#12 0x55bfbca8bc4c <unknown>\n#13 0x55bfbca82136 <unknown>\n#14 0x55bfbca509cf <unknown>\n#15 0x55bfbcaa5b98 <unknown>\n#16 0x55bfbcaa5d68 <unknown>\n#17 0x55bfbcab4cb3 <unknown>\n#18 0x7f9e0a26a044 <unknown>","time":{"start":1694048095481,"stop":1694048095936,"duration":455}},{"uid":"cd00ed1c29f60cb3","reportUrl":"https://Nat754.github.io/StroyremAutomation/50//#testresult/cd00ed1c29f60cb3","status":"broken","statusDetails":"selenium.common.exceptions.ElementNotInteractableException: Message: element not interactable\n  (Session info: headless chrome=116.0.5845.96)\nStacktrace:\n#0 0x55b0a2200e23 <unknown>\n#1 0x55b0a1f295f6 <unknown>\n#2 0x55b0a1f5fc5d <unknown>\n#3 0x55b0a1f89012 <unknown>\n#4 0x55b0a1f5dfb6 <unknown>\n#5 0x55b0a1f891de <unknown>\n#6 0x55b0a1fa1369 <unknown>\n#7 0x55b0a1f88de3 <unknown>\n#8 0x55b0a1f5ca7b <unknown>\n#9 0x55b0a1f5d81e <unknown>\n#10 0x55b0a21c2638 <unknown>\n#11 0x55b0a21c6507 <unknown>\n#12 0x55b0a21d0c4c <unknown>\n#13 0x55b0a21c7136 <unknown>\n#14 0x55b0a21959cf <unknown>\n#15 0x55b0a21eab98 <unknown>\n#16 0x55b0a21ead68 <unknown>\n#17 0x55b0a21f9cb3 <unknown>\n#18 0x7f9e2d001044 <unknown>","time":{"start":1693962030024,"stop":1693962036048,"duration":6024}},{"uid":"812d1b24d4ed651f","reportUrl":"https://Nat754.github.io/StroyremAutomation/49//#testresult/812d1b24d4ed651f","status":"broken","statusDetails":"selenium.common.exceptions.NoSuchElementException: Message: no such element: Unable to locate element: {\"method\":\"xpath\",\"selector\":\"(//a[@class='add-to-cart yellow-btn'])[1]\"}\n  (Session info: headless chrome=116.0.5845.96); For documentation on this error, please visit: https://www.selenium.dev/documentation/webdriver/troubleshooting/errors#no-such-element-exception\nStacktrace:\n#0 0x557a79f28e23 <unknown>\n#1 0x557a79c517a7 <unknown>\n#2 0x557a79c901d3 <unknown>\n#3 0x557a79c902c1 <unknown>\n#4 0x557a79ccba04 <unknown>\n#5 0x557a79cb103d <unknown>\n#6 0x557a79cc9369 <unknown>\n#7 0x557a79cb0de3 <unknown>\n#8 0x557a79c84a7b <unknown>\n#9 0x557a79c8581e <unknown>\n#10 0x557a79eea638 <unknown>\n#11 0x557a79eee507 <unknown>\n#12 0x557a79ef8c4c <unknown>\n#13 0x557a79eef136 <unknown>\n#14 0x557a79ebd9cf <unknown>\n#15 0x557a79f12b98 <unknown>\n#16 0x557a79f12d68 <unknown>\n#17 0x557a79f21cb3 <unknown>\n#18 0x7f9f6e4ef044 <unknown>","time":{"start":1693875262218,"stop":1693875262682,"duration":464}}]},"tags":["@pytest.mark.xfail","smoke_test"]},"source":"e9daa7233664875.json","parameterValues":["5980","166","'TD 022'","5490","'products/shtukaturka-gipsovaya-aksolit-m50-30-kg-mashinnogo-naneseniya'","2800","'https://sandboxtest.stroyrem-nn.ru/'","5000"]}