{"uid":"75e52a2268c28b0","name":"Авторизация с помощью аккаунта ya.ru","fullName":"tests.test_sign_in.test_sign_in_page.TestSignInPage#test_positive_authorization_first_time_using_YA_smoke","historyId":"dad914aa68b78287aa131957fc42820c","time":{"start":1692666025039,"stop":1692666028668,"duration":3629},"status":"skipped","statusMessage":"XFAIL Появляется капча Яндекса при запуске теста на Github\n\nselenium.common.exceptions.NoSuchElementException: Message: no such element: Unable to locate element: {\"method\":\"css selector\",\"selector\":\"button[data-t='button:clear']\"}\n  (Session info: headless chrome=116.0.5845.96); For documentation on this error, please visit: https://www.selenium.dev/documentation/webdriver/troubleshooting/errors#no-such-element-exception\nStacktrace:\n#0 0x56183e1eae23 <unknown>\n#1 0x56183df137a7 <unknown>\n#2 0x56183df521d3 <unknown>\n#3 0x56183df522c1 <unknown>\n#4 0x56183df8da04 <unknown>\n#5 0x56183df7303d <unknown>\n#6 0x56183df8b369 <unknown>\n#7 0x56183df72de3 <unknown>\n#8 0x56183df46a7b <unknown>\n#9 0x56183df4781e <unknown>\n#10 0x56183e1ac638 <unknown>\n#11 0x56183e1b0507 <unknown>\n#12 0x56183e1bac4c <unknown>\n#13 0x56183e1b1136 <unknown>\n#14 0x56183e17f9cf <unknown>\n#15 0x56183e1d4b98 <unknown>\n#16 0x56183e1d4d68 <unknown>\n#17 0x56183e1e3cb3 <unknown>\n#18 0x7f734ebec044 <unknown>","statusTrace":"self = <tests.test_sign_in.test_sign_in_page.TestSignInPage object at 0x7f228eb9ed50>\ndriver = <selenium.webdriver.chrome.webdriver.WebDriver (session=\"503c6a9231719bc469abb654b3c3627e\")>\nsign_in_page = <pages.sign_in_page.SignInPage object at 0x7f228e1bb5d0>\nopen_sign_in_window = None\n\n    @allure.title(\"Авторизация с помощью аккаунта ya.ru\")\n    @pytest.mark.xfail(reason=\"Появляется капча Яндекса при запуске теста на Github\")\n    @pytest.mark.smoke_test\n    def test_positive_authorization_first_time_using_YA_smoke(self, driver, sign_in_page, open_sign_in_window):\n        sign_in_page.get_ya_ru_auth_icon().click()\n        driver.switch_to.window(driver.window_handles[1])\n        # driver.delete_all_cookies()\n        driver.add_cookie({'name': 'uniqueuid',\n                           'value': '384528911692006899',\n                           'domain': 'passport.yandex.ru',\n                           'httpOnly': True,\n                           'path': '/',\n                           'expiry': 1723499808,\n                           'sameSite': 'Lax',\n                           'secure': True})\n        driver.add_cookie({'name': 'ymex',\n                           'value': '2007366920.yrts.1692006920#2007366900.yrtsi.1692006900',\n                           'domain': '.yandex.ru',\n                           'httpOnly': False,\n                           'path': '/',\n                           'expiry': 1723499808,\n                           'secure': True})\n        driver.add_cookie({'name': 'i',\n                           'value': 'rpEp6ASpcmkXAketS0UdMiVBT6ovBbPtyYRYZIsRWdkwRjrAU27Q2rmgTx58XJTCF6sreSZhfheTbJeEsS',\n                           'domain': '.yandex.ru',\n                           'httpOnly': True,\n                           'path': '/',\n                           'expiry': 1723499808,\n                           'secure': True})\n        driver.add_cookie({'name': 'yandexuid',\n                           'value': '5114601221692006901',\n                           'domain': '.yandex.ru',\n                           'httpOnly': False,\n                           'path': '/',\n                           'expiry': 1723499808,\n                           'secure': True})\n        driver.add_cookie({'name': 'yuidss',\n                           'value': '7640250911692006900',\n                           'domain': '.yandex.ru',\n                           'httpOnly': False,\n                           'path': '/',\n                           'expiry': 1723499808,\n                           'secure': True})\n        driver.add_cookie({'name': 'gdpr',\n                           'value': '0',\n                           'domain': '.yandex.ru',\n                           'httpOnly': False,\n                           'path': '/',\n                           'expiry': 1723499808,\n                           'secure': True})\n        driver.add_cookie({'name': '_ym_uid',\n                           'value': '169200690291832112',\n                           'domain': '.yandex.ru',\n                           'httpOnly': False,\n                           'path': '/',\n                           'expiry': 1723499808,\n                           'secure': True})\n        driver.add_cookie({'name': '_ym_d',\n                           'value': '1692006902',\n                           'domain': '.yandex.ru',\n                           'httpOnly': False,\n                           'path': '/',\n                           'expiry': 1723499808,\n                           'secure': True})\n        driver.add_cookie({'name': 'bh',\n                           'value': 'Ej8iTm90L0EpQnJhbmQiO3Y9Ijk5IiwiR29vZ2xlIENocm9tZSI7dj0iMTE1IiwiQ2hyb21pdW0iO3Y9IjExNSIaBSJ4ODYiIhAiMTE1LjAuNTc5MC4xMTAiKgI',\n                           'domain': 'yandex.ru',\n                           'httpOnly': False,\n                           'path': '/',\n                           'expiry': 1723499808,\n                           'secure': False})\n        driver.add_cookie({'name': '_ym_visorc',\n                           'value': 'b',\n                           'domain': '.yandex.ru',\n                           'httpOnly': False,\n                           'path': '/',\n                           'expiry': 1723499808,\n                           'secure': True})\n        driver.execute_script(\"arguments[0].scrollIntoView();\",\n>                             sign_in_page.get_ya_ru_window_alternative_ways_to_sign_up())\n\ntests/test_sign_in/test_sign_in_page.py:208: \n_ _ _ _ _ _ _ _ _ _ _ _ _ _ _ _ _ _ _ _ _ _ _ _ _ _ _ _ _ _ _ _ _ _ _ _ _ _ _ _ \npages/sign_in_page.py:191: in get_ya_ru_window_alternative_ways_to_sign_up\n    return self.find_element(self._ya_ru_window_alternative_ways_to_sign_up)\nbase/seleniumbase.py:21: in find_element\n    return self.driver.find_element(*locator)\n/usr/local/lib/python3.11/site-packages/selenium/webdriver/remote/webdriver.py:740: in find_element\n    return self.execute(Command.FIND_ELEMENT, {\"using\": by, \"value\": value})[\"value\"]\n/usr/local/lib/python3.11/site-packages/selenium/webdriver/remote/webdriver.py:346: in execute\n    self.error_handler.check_response(response)\n_ _ _ _ _ _ _ _ _ _ _ _ _ _ _ _ _ _ _ _ _ _ _ _ _ _ _ _ _ _ _ _ _ _ _ _ _ _ _ _ \n\nself = <selenium.webdriver.remote.errorhandler.ErrorHandler object at 0x7f228e1b6dd0>\nresponse = {'status': 404, 'value': '{\"value\":{\"error\":\"no such element\",\"message\":\"no such element: Unable to locate element: {\\...\\\\n#16 0x56183e1d4d68 \\\\u003Cunknown>\\\\n#17 0x56183e1e3cb3 \\\\u003Cunknown>\\\\n#18 0x7f734ebec044 \\\\u003Cunknown>\\\\n\"}}'}\n\n    def check_response(self, response: Dict[str, Any]) -> None:\n        \"\"\"Checks that a JSON response from the WebDriver does not have an\n        error.\n    \n        :Args:\n         - response - The JSON response from the WebDriver server as a dictionary\n           object.\n    \n        :Raises: If the response contains an error message.\n        \"\"\"\n        status = response.get(\"status\", None)\n        if not status or status == ErrorCode.SUCCESS:\n            return\n        value = None\n        message = response.get(\"message\", \"\")\n        screen: str = response.get(\"screen\", \"\")\n        stacktrace = None\n        if isinstance(status, int):\n            value_json = response.get(\"value\", None)\n            if value_json and isinstance(value_json, str):\n                import json\n    \n                try:\n                    value = json.loads(value_json)\n                    if len(value) == 1:\n                        value = value[\"value\"]\n                    status = value.get(\"error\", None)\n                    if not status:\n                        status = value.get(\"status\", ErrorCode.UNKNOWN_ERROR)\n                        message = value.get(\"value\") or value.get(\"message\")\n                        if not isinstance(message, str):\n                            value = message\n                            message = message.get(\"message\")\n                    else:\n                        message = value.get(\"message\", None)\n                except ValueError:\n                    pass\n    \n        exception_class: Type[WebDriverException]\n        if status in ErrorCode.NO_SUCH_ELEMENT:\n            exception_class = NoSuchElementException\n        elif status in ErrorCode.NO_SUCH_FRAME:\n            exception_class = NoSuchFrameException\n        elif status in ErrorCode.NO_SUCH_SHADOW_ROOT:\n            exception_class = NoSuchShadowRootException\n        elif status in ErrorCode.NO_SUCH_WINDOW:\n            exception_class = NoSuchWindowException\n        elif status in ErrorCode.STALE_ELEMENT_REFERENCE:\n            exception_class = StaleElementReferenceException\n        elif status in ErrorCode.ELEMENT_NOT_VISIBLE:\n            exception_class = ElementNotVisibleException\n        elif status in ErrorCode.INVALID_ELEMENT_STATE:\n            exception_class = InvalidElementStateException\n        elif (\n            status in ErrorCode.INVALID_SELECTOR\n            or status in ErrorCode.INVALID_XPATH_SELECTOR\n            or status in ErrorCode.INVALID_XPATH_SELECTOR_RETURN_TYPER\n        ):\n            exception_class = InvalidSelectorException\n        elif status in ErrorCode.ELEMENT_IS_NOT_SELECTABLE:\n            exception_class = ElementNotSelectableException\n        elif status in ErrorCode.ELEMENT_NOT_INTERACTABLE:\n            exception_class = ElementNotInteractableException\n        elif status in ErrorCode.INVALID_COOKIE_DOMAIN:\n            exception_class = InvalidCookieDomainException\n        elif status in ErrorCode.UNABLE_TO_SET_COOKIE:\n            exception_class = UnableToSetCookieException\n        elif status in ErrorCode.TIMEOUT:\n            exception_class = TimeoutException\n        elif status in ErrorCode.SCRIPT_TIMEOUT:\n            exception_class = TimeoutException\n        elif status in ErrorCode.UNKNOWN_ERROR:\n            exception_class = WebDriverException\n        elif status in ErrorCode.UNEXPECTED_ALERT_OPEN:\n            exception_class = UnexpectedAlertPresentException\n        elif status in ErrorCode.NO_ALERT_OPEN:\n            exception_class = NoAlertPresentException\n        elif status in ErrorCode.IME_NOT_AVAILABLE:\n            exception_class = ImeNotAvailableException\n        elif status in ErrorCode.IME_ENGINE_ACTIVATION_FAILED:\n            exception_class = ImeActivationFailedException\n        elif status in ErrorCode.MOVE_TARGET_OUT_OF_BOUNDS:\n            exception_class = MoveTargetOutOfBoundsException\n        elif status in ErrorCode.JAVASCRIPT_ERROR:\n            exception_class = JavascriptException\n        elif status in ErrorCode.SESSION_NOT_CREATED:\n            exception_class = SessionNotCreatedException\n        elif status in ErrorCode.INVALID_ARGUMENT:\n            exception_class = InvalidArgumentException\n        elif status in ErrorCode.NO_SUCH_COOKIE:\n            exception_class = NoSuchCookieException\n        elif status in ErrorCode.UNABLE_TO_CAPTURE_SCREEN:\n            exception_class = ScreenshotException\n        elif status in ErrorCode.ELEMENT_CLICK_INTERCEPTED:\n            exception_class = ElementClickInterceptedException\n        elif status in ErrorCode.INSECURE_CERTIFICATE:\n            exception_class = InsecureCertificateException\n        elif status in ErrorCode.INVALID_COORDINATES:\n            exception_class = InvalidCoordinatesException\n        elif status in ErrorCode.INVALID_SESSION_ID:\n            exception_class = InvalidSessionIdException\n        elif status in ErrorCode.UNKNOWN_METHOD:\n            exception_class = UnknownMethodException\n        else:\n            exception_class = WebDriverException\n        if not value:\n            value = response[\"value\"]\n        if isinstance(value, str):\n            raise exception_class(value)\n        if message == \"\" and \"message\" in value:\n            message = value[\"message\"]\n    \n        screen = None  # type: ignore[assignment]\n        if \"screen\" in value:\n            screen = value[\"screen\"]\n    \n        stacktrace = None\n        st_value = value.get(\"stackTrace\") or value.get(\"stacktrace\")\n        if st_value:\n            if isinstance(st_value, str):\n                stacktrace = st_value.split(\"\\n\")\n            else:\n                stacktrace = []\n                try:\n                    for frame in st_value:\n                        line = frame.get(\"lineNumber\", \"\")\n                        file = frame.get(\"fileName\", \"<anonymous>\")\n                        if line:\n                            file = f\"{file}:{line}\"\n                        meth = frame.get(\"methodName\", \"<anonymous>\")\n                        if \"className\" in frame:\n                            meth = f\"{frame['className']}.{meth}\"\n                        msg = \"    at %s (%s)\"\n                        msg = msg % (meth, file)\n                        stacktrace.append(msg)\n                except TypeError:\n                    pass\n        if exception_class == UnexpectedAlertPresentException:\n            alert_text = None\n            if \"data\" in value:\n                alert_text = value[\"data\"].get(\"text\")\n            elif \"alert\" in value:\n                alert_text = value[\"alert\"].get(\"text\")\n            raise exception_class(message, screen, stacktrace, alert_text)  # type: ignore[call-arg]  # mypy is not smart enough here\n>       raise exception_class(message, screen, stacktrace)\nE       selenium.common.exceptions.NoSuchElementException: Message: no such element: Unable to locate element: {\"method\":\"css selector\",\"selector\":\"button[data-t='button:clear']\"}\nE         (Session info: headless chrome=116.0.5845.96); For documentation on this error, please visit: https://www.selenium.dev/documentation/webdriver/troubleshooting/errors#no-such-element-exception\nE       Stacktrace:\nE       #0 0x56183e1eae23 <unknown>\nE       #1 0x56183df137a7 <unknown>\nE       #2 0x56183df521d3 <unknown>\nE       #3 0x56183df522c1 <unknown>\nE       #4 0x56183df8da04 <unknown>\nE       #5 0x56183df7303d <unknown>\nE       #6 0x56183df8b369 <unknown>\nE       #7 0x56183df72de3 <unknown>\nE       #8 0x56183df46a7b <unknown>\nE       #9 0x56183df4781e <unknown>\nE       #10 0x56183e1ac638 <unknown>\nE       #11 0x56183e1b0507 <unknown>\nE       #12 0x56183e1bac4c <unknown>\nE       #13 0x56183e1b1136 <unknown>\nE       #14 0x56183e17f9cf <unknown>\nE       #15 0x56183e1d4b98 <unknown>\nE       #16 0x56183e1d4d68 <unknown>\nE       #17 0x56183e1e3cb3 <unknown>\nE       #18 0x7f734ebec044 <unknown>\n\n/usr/local/lib/python3.11/site-packages/selenium/webdriver/remote/errorhandler.py:245: NoSuchElementException","flaky":false,"newFailed":false,"newBroken":false,"newPassed":false,"retriesCount":0,"retriesStatusChange":false,"beforeStages":[{"name":"_session_faker","time":{"start":1692665149419,"stop":1692665149486,"duration":67},"status":"passed","steps":[],"attachments":[],"parameters":[],"stepsCount":0,"attachmentsCount":0,"shouldDisplayMessage":false,"hasContent":false},{"name":"clear_allure_results_folder","time":{"start":1692665149486,"stop":1692665149486,"duration":0},"status":"passed","steps":[],"attachments":[],"parameters":[],"stepsCount":0,"attachmentsCount":0,"shouldDisplayMessage":false,"hasContent":false},{"name":"driver","time":{"start":1692666016831,"stop":1692666017599,"duration":768},"status":"passed","steps":[],"attachments":[],"parameters":[],"stepsCount":0,"attachmentsCount":0,"shouldDisplayMessage":false,"hasContent":false},{"name":"sign_in_page","time":{"start":1692666017599,"stop":1692666024661,"duration":7062},"status":"passed","steps":[],"attachments":[],"parameters":[],"stepsCount":0,"attachmentsCount":0,"shouldDisplayMessage":false,"hasContent":false},{"name":"setup","time":{"start":1692666017599,"stop":1692666017599,"duration":0},"status":"passed","steps":[],"attachments":[],"parameters":[],"stepsCount":0,"attachmentsCount":0,"shouldDisplayMessage":false,"hasContent":false},{"name":"open_sign_in_window","time":{"start":1692666024661,"stop":1692666025038,"duration":377},"status":"passed","steps":[{"name":"Нахождение элемента: иконка профиля в хедере","time":{"start":1692666024662,"stop":1692666024675,"duration":13},"status":"passed","steps":[],"attachments":[],"parameters":[],"stepsCount":0,"attachmentsCount":0,"shouldDisplayMessage":false,"hasContent":false}],"attachments":[],"parameters":[],"stepsCount":1,"attachmentsCount":0,"shouldDisplayMessage":false,"hasContent":true}],"testStage":{"status":"skipped","statusMessage":"XFAIL Появляется капча Яндекса при запуске теста на Github\n\nselenium.common.exceptions.NoSuchElementException: Message: no such element: Unable to locate element: {\"method\":\"css selector\",\"selector\":\"button[data-t='button:clear']\"}\n  (Session info: headless chrome=116.0.5845.96); For documentation on this error, please visit: https://www.selenium.dev/documentation/webdriver/troubleshooting/errors#no-such-element-exception\nStacktrace:\n#0 0x56183e1eae23 <unknown>\n#1 0x56183df137a7 <unknown>\n#2 0x56183df521d3 <unknown>\n#3 0x56183df522c1 <unknown>\n#4 0x56183df8da04 <unknown>\n#5 0x56183df7303d <unknown>\n#6 0x56183df8b369 <unknown>\n#7 0x56183df72de3 <unknown>\n#8 0x56183df46a7b <unknown>\n#9 0x56183df4781e <unknown>\n#10 0x56183e1ac638 <unknown>\n#11 0x56183e1b0507 <unknown>\n#12 0x56183e1bac4c <unknown>\n#13 0x56183e1b1136 <unknown>\n#14 0x56183e17f9cf <unknown>\n#15 0x56183e1d4b98 <unknown>\n#16 0x56183e1d4d68 <unknown>\n#17 0x56183e1e3cb3 <unknown>\n#18 0x7f734ebec044 <unknown>","statusTrace":"self = <tests.test_sign_in.test_sign_in_page.TestSignInPage object at 0x7f228eb9ed50>\ndriver = <selenium.webdriver.chrome.webdriver.WebDriver (session=\"503c6a9231719bc469abb654b3c3627e\")>\nsign_in_page = <pages.sign_in_page.SignInPage object at 0x7f228e1bb5d0>\nopen_sign_in_window = None\n\n    @allure.title(\"Авторизация с помощью аккаунта ya.ru\")\n    @pytest.mark.xfail(reason=\"Появляется капча Яндекса при запуске теста на Github\")\n    @pytest.mark.smoke_test\n    def test_positive_authorization_first_time_using_YA_smoke(self, driver, sign_in_page, open_sign_in_window):\n        sign_in_page.get_ya_ru_auth_icon().click()\n        driver.switch_to.window(driver.window_handles[1])\n        # driver.delete_all_cookies()\n        driver.add_cookie({'name': 'uniqueuid',\n                           'value': '384528911692006899',\n                           'domain': 'passport.yandex.ru',\n                           'httpOnly': True,\n                           'path': '/',\n                           'expiry': 1723499808,\n                           'sameSite': 'Lax',\n                           'secure': True})\n        driver.add_cookie({'name': 'ymex',\n                           'value': '2007366920.yrts.1692006920#2007366900.yrtsi.1692006900',\n                           'domain': '.yandex.ru',\n                           'httpOnly': False,\n                           'path': '/',\n                           'expiry': 1723499808,\n                           'secure': True})\n        driver.add_cookie({'name': 'i',\n                           'value': 'rpEp6ASpcmkXAketS0UdMiVBT6ovBbPtyYRYZIsRWdkwRjrAU27Q2rmgTx58XJTCF6sreSZhfheTbJeEsS',\n                           'domain': '.yandex.ru',\n                           'httpOnly': True,\n                           'path': '/',\n                           'expiry': 1723499808,\n                           'secure': True})\n        driver.add_cookie({'name': 'yandexuid',\n                           'value': '5114601221692006901',\n                           'domain': '.yandex.ru',\n                           'httpOnly': False,\n                           'path': '/',\n                           'expiry': 1723499808,\n                           'secure': True})\n        driver.add_cookie({'name': 'yuidss',\n                           'value': '7640250911692006900',\n                           'domain': '.yandex.ru',\n                           'httpOnly': False,\n                           'path': '/',\n                           'expiry': 1723499808,\n                           'secure': True})\n        driver.add_cookie({'name': 'gdpr',\n                           'value': '0',\n                           'domain': '.yandex.ru',\n                           'httpOnly': False,\n                           'path': '/',\n                           'expiry': 1723499808,\n                           'secure': True})\n        driver.add_cookie({'name': '_ym_uid',\n                           'value': '169200690291832112',\n                           'domain': '.yandex.ru',\n                           'httpOnly': False,\n                           'path': '/',\n                           'expiry': 1723499808,\n                           'secure': True})\n        driver.add_cookie({'name': '_ym_d',\n                           'value': '1692006902',\n                           'domain': '.yandex.ru',\n                           'httpOnly': False,\n                           'path': '/',\n                           'expiry': 1723499808,\n                           'secure': True})\n        driver.add_cookie({'name': 'bh',\n                           'value': 'Ej8iTm90L0EpQnJhbmQiO3Y9Ijk5IiwiR29vZ2xlIENocm9tZSI7dj0iMTE1IiwiQ2hyb21pdW0iO3Y9IjExNSIaBSJ4ODYiIhAiMTE1LjAuNTc5MC4xMTAiKgI',\n                           'domain': 'yandex.ru',\n                           'httpOnly': False,\n                           'path': '/',\n                           'expiry': 1723499808,\n                           'secure': False})\n        driver.add_cookie({'name': '_ym_visorc',\n                           'value': 'b',\n                           'domain': '.yandex.ru',\n                           'httpOnly': False,\n                           'path': '/',\n                           'expiry': 1723499808,\n                           'secure': True})\n        driver.execute_script(\"arguments[0].scrollIntoView();\",\n>                             sign_in_page.get_ya_ru_window_alternative_ways_to_sign_up())\n\ntests/test_sign_in/test_sign_in_page.py:208: \n_ _ _ _ _ _ _ _ _ _ _ _ _ _ _ _ _ _ _ _ _ _ _ _ _ _ _ _ _ _ _ _ _ _ _ _ _ _ _ _ \npages/sign_in_page.py:191: in get_ya_ru_window_alternative_ways_to_sign_up\n    return self.find_element(self._ya_ru_window_alternative_ways_to_sign_up)\nbase/seleniumbase.py:21: in find_element\n    return self.driver.find_element(*locator)\n/usr/local/lib/python3.11/site-packages/selenium/webdriver/remote/webdriver.py:740: in find_element\n    return self.execute(Command.FIND_ELEMENT, {\"using\": by, \"value\": value})[\"value\"]\n/usr/local/lib/python3.11/site-packages/selenium/webdriver/remote/webdriver.py:346: in execute\n    self.error_handler.check_response(response)\n_ _ _ _ _ _ _ _ _ _ _ _ _ _ _ _ _ _ _ _ _ _ _ _ _ _ _ _ _ _ _ _ _ _ _ _ _ _ _ _ \n\nself = <selenium.webdriver.remote.errorhandler.ErrorHandler object at 0x7f228e1b6dd0>\nresponse = {'status': 404, 'value': '{\"value\":{\"error\":\"no such element\",\"message\":\"no such element: Unable to locate element: {\\...\\\\n#16 0x56183e1d4d68 \\\\u003Cunknown>\\\\n#17 0x56183e1e3cb3 \\\\u003Cunknown>\\\\n#18 0x7f734ebec044 \\\\u003Cunknown>\\\\n\"}}'}\n\n    def check_response(self, response: Dict[str, Any]) -> None:\n        \"\"\"Checks that a JSON response from the WebDriver does not have an\n        error.\n    \n        :Args:\n         - response - The JSON response from the WebDriver server as a dictionary\n           object.\n    \n        :Raises: If the response contains an error message.\n        \"\"\"\n        status = response.get(\"status\", None)\n        if not status or status == ErrorCode.SUCCESS:\n            return\n        value = None\n        message = response.get(\"message\", \"\")\n        screen: str = response.get(\"screen\", \"\")\n        stacktrace = None\n        if isinstance(status, int):\n            value_json = response.get(\"value\", None)\n            if value_json and isinstance(value_json, str):\n                import json\n    \n                try:\n                    value = json.loads(value_json)\n                    if len(value) == 1:\n                        value = value[\"value\"]\n                    status = value.get(\"error\", None)\n                    if not status:\n                        status = value.get(\"status\", ErrorCode.UNKNOWN_ERROR)\n                        message = value.get(\"value\") or value.get(\"message\")\n                        if not isinstance(message, str):\n                            value = message\n                            message = message.get(\"message\")\n                    else:\n                        message = value.get(\"message\", None)\n                except ValueError:\n                    pass\n    \n        exception_class: Type[WebDriverException]\n        if status in ErrorCode.NO_SUCH_ELEMENT:\n            exception_class = NoSuchElementException\n        elif status in ErrorCode.NO_SUCH_FRAME:\n            exception_class = NoSuchFrameException\n        elif status in ErrorCode.NO_SUCH_SHADOW_ROOT:\n            exception_class = NoSuchShadowRootException\n        elif status in ErrorCode.NO_SUCH_WINDOW:\n            exception_class = NoSuchWindowException\n        elif status in ErrorCode.STALE_ELEMENT_REFERENCE:\n            exception_class = StaleElementReferenceException\n        elif status in ErrorCode.ELEMENT_NOT_VISIBLE:\n            exception_class = ElementNotVisibleException\n        elif status in ErrorCode.INVALID_ELEMENT_STATE:\n            exception_class = InvalidElementStateException\n        elif (\n            status in ErrorCode.INVALID_SELECTOR\n            or status in ErrorCode.INVALID_XPATH_SELECTOR\n            or status in ErrorCode.INVALID_XPATH_SELECTOR_RETURN_TYPER\n        ):\n            exception_class = InvalidSelectorException\n        elif status in ErrorCode.ELEMENT_IS_NOT_SELECTABLE:\n            exception_class = ElementNotSelectableException\n        elif status in ErrorCode.ELEMENT_NOT_INTERACTABLE:\n            exception_class = ElementNotInteractableException\n        elif status in ErrorCode.INVALID_COOKIE_DOMAIN:\n            exception_class = InvalidCookieDomainException\n        elif status in ErrorCode.UNABLE_TO_SET_COOKIE:\n            exception_class = UnableToSetCookieException\n        elif status in ErrorCode.TIMEOUT:\n            exception_class = TimeoutException\n        elif status in ErrorCode.SCRIPT_TIMEOUT:\n            exception_class = TimeoutException\n        elif status in ErrorCode.UNKNOWN_ERROR:\n            exception_class = WebDriverException\n        elif status in ErrorCode.UNEXPECTED_ALERT_OPEN:\n            exception_class = UnexpectedAlertPresentException\n        elif status in ErrorCode.NO_ALERT_OPEN:\n            exception_class = NoAlertPresentException\n        elif status in ErrorCode.IME_NOT_AVAILABLE:\n            exception_class = ImeNotAvailableException\n        elif status in ErrorCode.IME_ENGINE_ACTIVATION_FAILED:\n            exception_class = ImeActivationFailedException\n        elif status in ErrorCode.MOVE_TARGET_OUT_OF_BOUNDS:\n            exception_class = MoveTargetOutOfBoundsException\n        elif status in ErrorCode.JAVASCRIPT_ERROR:\n            exception_class = JavascriptException\n        elif status in ErrorCode.SESSION_NOT_CREATED:\n            exception_class = SessionNotCreatedException\n        elif status in ErrorCode.INVALID_ARGUMENT:\n            exception_class = InvalidArgumentException\n        elif status in ErrorCode.NO_SUCH_COOKIE:\n            exception_class = NoSuchCookieException\n        elif status in ErrorCode.UNABLE_TO_CAPTURE_SCREEN:\n            exception_class = ScreenshotException\n        elif status in ErrorCode.ELEMENT_CLICK_INTERCEPTED:\n            exception_class = ElementClickInterceptedException\n        elif status in ErrorCode.INSECURE_CERTIFICATE:\n            exception_class = InsecureCertificateException\n        elif status in ErrorCode.INVALID_COORDINATES:\n            exception_class = InvalidCoordinatesException\n        elif status in ErrorCode.INVALID_SESSION_ID:\n            exception_class = InvalidSessionIdException\n        elif status in ErrorCode.UNKNOWN_METHOD:\n            exception_class = UnknownMethodException\n        else:\n            exception_class = WebDriverException\n        if not value:\n            value = response[\"value\"]\n        if isinstance(value, str):\n            raise exception_class(value)\n        if message == \"\" and \"message\" in value:\n            message = value[\"message\"]\n    \n        screen = None  # type: ignore[assignment]\n        if \"screen\" in value:\n            screen = value[\"screen\"]\n    \n        stacktrace = None\n        st_value = value.get(\"stackTrace\") or value.get(\"stacktrace\")\n        if st_value:\n            if isinstance(st_value, str):\n                stacktrace = st_value.split(\"\\n\")\n            else:\n                stacktrace = []\n                try:\n                    for frame in st_value:\n                        line = frame.get(\"lineNumber\", \"\")\n                        file = frame.get(\"fileName\", \"<anonymous>\")\n                        if line:\n                            file = f\"{file}:{line}\"\n                        meth = frame.get(\"methodName\", \"<anonymous>\")\n                        if \"className\" in frame:\n                            meth = f\"{frame['className']}.{meth}\"\n                        msg = \"    at %s (%s)\"\n                        msg = msg % (meth, file)\n                        stacktrace.append(msg)\n                except TypeError:\n                    pass\n        if exception_class == UnexpectedAlertPresentException:\n            alert_text = None\n            if \"data\" in value:\n                alert_text = value[\"data\"].get(\"text\")\n            elif \"alert\" in value:\n                alert_text = value[\"alert\"].get(\"text\")\n            raise exception_class(message, screen, stacktrace, alert_text)  # type: ignore[call-arg]  # mypy is not smart enough here\n>       raise exception_class(message, screen, stacktrace)\nE       selenium.common.exceptions.NoSuchElementException: Message: no such element: Unable to locate element: {\"method\":\"css selector\",\"selector\":\"button[data-t='button:clear']\"}\nE         (Session info: headless chrome=116.0.5845.96); For documentation on this error, please visit: https://www.selenium.dev/documentation/webdriver/troubleshooting/errors#no-such-element-exception\nE       Stacktrace:\nE       #0 0x56183e1eae23 <unknown>\nE       #1 0x56183df137a7 <unknown>\nE       #2 0x56183df521d3 <unknown>\nE       #3 0x56183df522c1 <unknown>\nE       #4 0x56183df8da04 <unknown>\nE       #5 0x56183df7303d <unknown>\nE       #6 0x56183df8b369 <unknown>\nE       #7 0x56183df72de3 <unknown>\nE       #8 0x56183df46a7b <unknown>\nE       #9 0x56183df4781e <unknown>\nE       #10 0x56183e1ac638 <unknown>\nE       #11 0x56183e1b0507 <unknown>\nE       #12 0x56183e1bac4c <unknown>\nE       #13 0x56183e1b1136 <unknown>\nE       #14 0x56183e17f9cf <unknown>\nE       #15 0x56183e1d4b98 <unknown>\nE       #16 0x56183e1d4d68 <unknown>\nE       #17 0x56183e1e3cb3 <unknown>\nE       #18 0x7f734ebec044 <unknown>\n\n/usr/local/lib/python3.11/site-packages/selenium/webdriver/remote/errorhandler.py:245: NoSuchElementException","steps":[{"name":"Нахождение элемента: иконка 'ya.ru' окна авторизации","time":{"start":1692666025039,"stop":1692666025056,"duration":17},"status":"passed","steps":[],"attachments":[],"parameters":[],"stepsCount":0,"attachmentsCount":0,"shouldDisplayMessage":false,"hasContent":false},{"name":"Проверка кликабельности элемента: кнопка 'Другие способы входа' окна авторизации через 'ya.ru'","time":{"start":1692666028650,"stop":1692666028666,"duration":16},"status":"broken","statusMessage":"selenium.common.exceptions.NoSuchElementException: Message: no such element: Unable to locate element: {\"method\":\"css selector\",\"selector\":\"button[data-t='button:clear']\"}\n  (Session info: headless chrome=116.0.5845.96); For documentation on this error, please visit: https://www.selenium.dev/documentation/webdriver/troubleshooting/errors#no-such-element-exception\nStacktrace:\n#0 0x56183e1eae23 <unknown>\n#1 0x56183df137a7 <unknown>\n#2 0x56183df521d3 <unknown>\n#3 0x56183df522c1 <unknown>\n#4 0x56183df8da04 <unknown>\n#5 0x56183df7303d <unknown>\n#6 0x56183df8b369 <unknown>\n#7 0x56183df72de3 <unknown>\n#8 0x56183df46a7b <unknown>\n#9 0x56183df4781e <unknown>\n#10 0x56183e1ac638 <unknown>\n#11 0x56183e1b0507 <unknown>\n#12 0x56183e1bac4c <unknown>\n#13 0x56183e1b1136 <unknown>\n#14 0x56183e17f9cf <unknown>\n#15 0x56183e1d4b98 <unknown>\n#16 0x56183e1d4d68 <unknown>\n#17 0x56183e1e3cb3 <unknown>\n#18 0x7f734ebec044 <unknown>\n\n","statusTrace":"  File \"/usr/local/lib/python3.11/site-packages/allure_commons/_allure.py\", line 192, in impl\n    return func(*a, **kw)\n           ^^^^^^^^^^^^^^\n  File \"/app/pages/sign_in_page.py\", line 191, in get_ya_ru_window_alternative_ways_to_sign_up\n    return self.find_element(self._ya_ru_window_alternative_ways_to_sign_up)\n           ^^^^^^^^^^^^^^^^^^^^^^^^^^^^^^^^^^^^^^^^^^^^^^^^^^^^^^^^^^^^^^^^^\n  File \"/app/base/seleniumbase.py\", line 21, in find_element\n    return self.driver.find_element(*locator)\n           ^^^^^^^^^^^^^^^^^^^^^^^^^^^^^^^^^^\n  File \"/usr/local/lib/python3.11/site-packages/selenium/webdriver/remote/webdriver.py\", line 740, in find_element\n    return self.execute(Command.FIND_ELEMENT, {\"using\": by, \"value\": value})[\"value\"]\n           ^^^^^^^^^^^^^^^^^^^^^^^^^^^^^^^^^^^^^^^^^^^^^^^^^^^^^^^^^^^^^^^^^\n  File \"/usr/local/lib/python3.11/site-packages/selenium/webdriver/remote/webdriver.py\", line 346, in execute\n    self.error_handler.check_response(response)\n  File \"/usr/local/lib/python3.11/site-packages/selenium/webdriver/remote/errorhandler.py\", line 245, in check_response\n    raise exception_class(message, screen, stacktrace)\n","steps":[],"attachments":[],"parameters":[],"stepsCount":0,"attachmentsCount":0,"shouldDisplayMessage":true,"hasContent":true}],"attachments":[{"uid":"e463820497a7117f","name":"Screenshot","source":"e463820497a7117f.png","type":"image/png","size":384916},{"uid":"106b91a95fcf6819","name":"HTML source","source":"106b91a95fcf6819.html","type":"text/html","size":14047}],"parameters":[],"stepsCount":2,"attachmentsCount":2,"shouldDisplayMessage":true,"hasContent":true},"afterStages":[{"name":"setup::0","time":{"start":1692666028973,"stop":1692666028973,"duration":0},"status":"passed","steps":[],"attachments":[],"parameters":[],"stepsCount":0,"attachmentsCount":0,"shouldDisplayMessage":false,"hasContent":false},{"name":"driver::0","time":{"start":1692666028974,"stop":1692666029038,"duration":64},"status":"passed","steps":[],"attachments":[],"parameters":[],"stepsCount":0,"attachmentsCount":0,"shouldDisplayMessage":false,"hasContent":false}],"labels":[{"name":"epic","value":"Sign In Page"},{"name":"tag","value":"smoke_test"},{"name":"tag","value":"@pytest.mark.xfail(reason='Появляется капча Яндекса при запуске теста на Github')"},{"name":"parentSuite","value":"tests.test_sign_in"},{"name":"suite","value":"test_sign_in_page"},{"name":"subSuite","value":"TestSignInPage"},{"name":"host","value":"3fb0ae0a3e7d"},{"name":"thread","value":"1-MainThread"},{"name":"framework","value":"pytest"},{"name":"language","value":"cpython3"},{"name":"package","value":"tests.test_sign_in.test_sign_in_page"},{"name":"resultFormat","value":"allure2"}],"parameters":[],"links":[],"hidden":false,"retry":false,"extra":{"severity":"normal","retries":[],"categories":[],"history":{"statistic":{"failed":0,"broken":0,"skipped":12,"passed":0,"unknown":0,"total":12},"items":[{"uid":"abf3857524bdba8c","reportUrl":"https://Nat754.github.io/StroyremAutomation/33//#testresult/abf3857524bdba8c","status":"skipped","statusDetails":"XFAIL Появляется капча Яндекса при запуске теста на Github\n\nselenium.common.exceptions.InvalidCookieDomainException: Message: invalid cookie domain: Cookie 'domain' mismatch\n  (Session info: headless chrome=116.0.5845.96)\nStacktrace:\n#0 0x55f412283e23 <unknown>\n#1 0x55f411fac7a7 <unknown>\n#2 0x55f412035181 <unknown>\n#3 0x55f41200c012 <unknown>\n#4 0x55f412024369 <unknown>\n#5 0x55f41200bde3 <unknown>\n#6 0x55f411fdfa7b <unknown>\n#7 0x55f411fe081e <unknown>\n#8 0x55f412245638 <unknown>\n#9 0x55f412249507 <unknown>\n#10 0x55f412253c4c <unknown>\n#11 0x55f41224a136 <unknown>\n#12 0x55f4122189cf <unknown>\n#13 0x55f41226db98 <unknown>\n#14 0x55f41226dd68 <unknown>\n#15 0x55f41227ccb3 <unknown>\n#16 0x7ff33511b044 <unknown>","time":{"start":1692579697917,"stop":1692579702111,"duration":4194}},{"uid":"4e41fab74d29dec2","reportUrl":"https://Nat754.github.io/StroyremAutomation/31//#testresult/4e41fab74d29dec2","status":"skipped","statusDetails":"XFAIL Появляется капча Яндекса при запуске теста на Github\n\nselenium.common.exceptions.NoSuchElementException: Message: no such element: Unable to locate element: {\"method\":\"css selector\",\"selector\":\"button[data-t='button:clear']\"}\n  (Session info: headless chrome=116.0.5845.96); For documentation on this error, please visit: https://www.selenium.dev/documentation/webdriver/troubleshooting/errors#no-such-element-exception\nStacktrace:\n#0 0x55d959b85e23 <unknown>\n#1 0x55d9598ae7a7 <unknown>\n#2 0x55d9598ed1d3 <unknown>\n#3 0x55d9598ed2c1 <unknown>\n#4 0x55d959928a04 <unknown>\n#5 0x55d95990e03d <unknown>\n#6 0x55d959926369 <unknown>\n#7 0x55d95990dde3 <unknown>\n#8 0x55d9598e1a7b <unknown>\n#9 0x55d9598e281e <unknown>\n#10 0x55d959b47638 <unknown>\n#11 0x55d959b4b507 <unknown>\n#12 0x55d959b55c4c <unknown>\n#13 0x55d959b4c136 <unknown>\n#14 0x55d959b1a9cf <unknown>\n#15 0x55d959b6fb98 <unknown>\n#16 0x55d959b6fd68 <unknown>\n#17 0x55d959b7ecb3 <unknown>\n#18 0x7f92ba9ac044 <unknown>","time":{"start":1692568154813,"stop":1692568159666,"duration":4853}},{"uid":"e06c81e3de738221","reportUrl":"https://Nat754.github.io/StroyremAutomation/32//#testresult/e06c81e3de738221","status":"skipped","statusDetails":"XFAIL Появляется капча Яндекса при запуске теста на Github\n\nselenium.common.exceptions.NoSuchElementException: Message: no such element: Unable to locate element: {\"method\":\"css selector\",\"selector\":\"button[data-t='button:clear']\"}\n  (Session info: headless chrome=116.0.5845.96); For documentation on this error, please visit: https://www.selenium.dev/documentation/webdriver/troubleshooting/errors#no-such-element-exception\nStacktrace:\n#0 0x555f358bee23 <unknown>\n#1 0x555f355e77a7 <unknown>\n#2 0x555f356261d3 <unknown>\n#3 0x555f356262c1 <unknown>\n#4 0x555f35661a04 <unknown>\n#5 0x555f3564703d <unknown>\n#6 0x555f3565f369 <unknown>\n#7 0x555f35646de3 <unknown>\n#8 0x555f3561aa7b <unknown>\n#9 0x555f3561b81e <unknown>\n#10 0x555f35880638 <unknown>\n#11 0x555f35884507 <unknown>\n#12 0x555f3588ec4c <unknown>\n#13 0x555f35885136 <unknown>\n#14 0x555f358539cf <unknown>\n#15 0x555f358a8b98 <unknown>\n#16 0x555f358a8d68 <unknown>\n#17 0x555f358b7cb3 <unknown>\n#18 0x7f9948d46044 <unknown>","time":{"start":1692566040162,"stop":1692566043722,"duration":3560}},{"uid":"73645e69eb5bb47","reportUrl":"https://Nat754.github.io/StroyremAutomation/27//#testresult/73645e69eb5bb47","status":"skipped","statusDetails":"XFAIL хранение логинов/паролей не реализовано\n\nselenium.common.exceptions.TimeoutException: Message: \nStacktrace:\n#0 0x5569c3158613 <unknown>\n#1 0x5569c2e84537 <unknown>\n#2 0x5569c2ec2f53 <unknown>\n#3 0x5569c2ec3041 <unknown>\n#4 0x5569c2efe2a4 <unknown>\n#5 0x5569c2ee3a5d <unknown>\n#6 0x5569c2efbd09 <unknown>\n#7 0x5569c2ee3803 <unknown>\n#8 0x5569c2eb768b <unknown>\n#9 0x5569c2eb842e <unknown>\n#10 0x5569c3119c28 <unknown>\n#11 0x5569c311daf7 <unknown>\n#12 0x5569c312801c <unknown>\n#13 0x5569c311e723 <unknown>\n#14 0x5569c30ed457 <unknown>\n#15 0x5569c3142628 <unknown>\n#16 0x5569c31427b7 <unknown>\n#17 0x5569c3151483 <unknown>\n#18 0x7f8c3e003044 <unknown>","time":{"start":1692061276948,"stop":1692061292110,"duration":15162}},{"uid":"3d115223f2dc23fa","reportUrl":"https://Nat754.github.io/StroyremAutomation/26//#testresult/3d115223f2dc23fa","status":"skipped","statusDetails":"XFAIL хранение логинов/паролей не реализовано\n\nNameError: name 'credentials' is not defined","time":{"start":1691974691858,"stop":1691974696052,"duration":4194}},{"uid":"19b1b3388e3cb679","reportUrl":"https://Nat754.github.io/StroyremAutomation/25//#testresult/19b1b3388e3cb679","status":"skipped","statusDetails":"XFAIL хранение логинов/паролей не реализовано\n\nselenium.common.exceptions.TimeoutException: Message: \nStacktrace:\n#0 0x55f7a004a613 <unknown>\n#1 0x55f79fd76537 <unknown>\n#2 0x55f79fdb4f53 <unknown>\n#3 0x55f79fdb5041 <unknown>\n#4 0x55f79fdf02a4 <unknown>\n#5 0x55f79fdd5a5d <unknown>\n#6 0x55f79fdedd09 <unknown>\n#7 0x55f79fdd5803 <unknown>\n#8 0x55f79fda968b <unknown>\n#9 0x55f79fdaa42e <unknown>\n#10 0x55f7a000bc28 <unknown>\n#11 0x55f7a000faf7 <unknown>\n#12 0x55f7a001a01c <unknown>\n#13 0x55f7a0010723 <unknown>\n#14 0x55f79ffdf457 <unknown>\n#15 0x55f7a0034628 <unknown>\n#16 0x55f7a00347b7 <unknown>\n#17 0x55f7a0043483 <unknown>\n#18 0x7fa6ae835044 <unknown>","time":{"start":1691888360864,"stop":1691888376116,"duration":15252}},{"uid":"5bd80ea7e4965bf6","reportUrl":"https://Nat754.github.io/StroyremAutomation/24//#testresult/5bd80ea7e4965bf6","status":"skipped","statusDetails":"XFAIL хранение логинов/паролей не реализовано\n\nNameError: name 'credentials' is not defined","time":{"start":1691801676097,"stop":1691801680068,"duration":3971}},{"uid":"f9b2c4e7ba9fdc77","reportUrl":"https://Nat754.github.io/StroyremAutomation/23//#testresult/f9b2c4e7ba9fdc77","status":"skipped","statusDetails":"XFAIL хранение логинов/паролей не реализовано\n\nNameError: name 'credentials' is not defined","time":{"start":1691715329548,"stop":1691715333295,"duration":3747}},{"uid":"3c7252dcb5cf5f5e","reportUrl":"https://Nat754.github.io/StroyremAutomation/22//#testresult/3c7252dcb5cf5f5e","status":"skipped","statusDetails":"XFAIL хранение логинов/паролей не реализовано\n\nNameError: name 'credentials' is not defined","time":{"start":1691629659992,"stop":1691629663571,"duration":3579}},{"uid":"da648ad2af6e376f","reportUrl":"https://Nat754.github.io/StroyremAutomation/21//#testresult/da648ad2af6e376f","status":"skipped","statusDetails":"XFAIL хранение логинов/паролей не реализовано\n\nNameError: name 'credentials' is not defined","time":{"start":1691543210401,"stop":1691543214966,"duration":4565}},{"uid":"2563309a9901312a","reportUrl":"https://Nat754.github.io/StroyremAutomation/20//#testresult/2563309a9901312a","status":"skipped","statusDetails":"XFAIL хранение логинов/паролей не реализовано\n\nNameError: name 'credentials' is not defined","time":{"start":1691456779790,"stop":1691456784441,"duration":4651}}]},"tags":["@pytest.mark.xfail(reason='Появляется капча Яндекса при запуске теста на Github')","smoke_test"]},"source":"75e52a2268c28b0.json","parameterValues":[]}