{"uid":"97c907273c6c559a","name":"TC 008 - Проверка функциональности ссылки 'Каталог товаров'","fullName":"tests.test_main_page.TestMainPage#test_positive_footer_catalog_smoke","historyId":"0b0b5f03c2cf54bde7d488c66dcea9fe","time":{"start":1692723674912,"stop":1692723674930,"duration":18},"status":"broken","statusMessage":"selenium.common.exceptions.NoSuchElementException: Message: no such element: Unable to locate element: {\"method\":\"xpath\",\"selector\":\"(//div[@class='footer-col']/ul/li/a)[1]\"}\n  (Session info: headless chrome=116.0.5845.96); For documentation on this error, please visit: https://www.selenium.dev/documentation/webdriver/troubleshooting/errors#no-such-element-exception\nStacktrace:\n#0 0x55a419106e23 <unknown>\n#1 0x55a418e2f7a7 <unknown>\n#2 0x55a418e6e1d3 <unknown>\n#3 0x55a418e6e2c1 <unknown>\n#4 0x55a418ea9a04 <unknown>\n#5 0x55a418e8f03d <unknown>\n#6 0x55a418ea7369 <unknown>\n#7 0x55a418e8ede3 <unknown>\n#8 0x55a418e62a7b <unknown>\n#9 0x55a418e6381e <unknown>\n#10 0x55a4190c8638 <unknown>\n#11 0x55a4190cc507 <unknown>\n#12 0x55a4190d6c4c <unknown>\n#13 0x55a4190cd136 <unknown>\n#14 0x55a41909b9cf <unknown>\n#15 0x55a4190f0b98 <unknown>\n#16 0x55a4190f0d68 <unknown>\n#17 0x55a4190ffcb3 <unknown>\n#18 0x7fca835f8044 <unknown>","statusTrace":"self = <tests.test_main_page.TestMainPage object at 0x7ff8f0c32f50>\nmain_page = <pages.main_page.MainPage object at 0x7ff8f15ef290>\n\n    @allure.feature(\"Footer functionality\")\n    @allure.title(\"TC 008 - Проверка функциональности ссылки 'Каталог товаров'\")\n    @pytest.mark.smoke_test\n    def test_positive_footer_catalog_smoke(self, main_page):\n>       is_displayed, header_text = main_page.check_product_catalog_link()\n\ntests/test_main_page.py:81: \n_ _ _ _ _ _ _ _ _ _ _ _ _ _ _ _ _ _ _ _ _ _ _ _ _ _ _ _ _ _ _ _ _ _ _ _ _ _ _ _ \npages/main_page.py:122: in check_product_catalog_link\n    self.driver.find_element(*self._product_catalog_link).click()\n/usr/local/lib/python3.11/site-packages/selenium/webdriver/remote/webdriver.py:740: in find_element\n    return self.execute(Command.FIND_ELEMENT, {\"using\": by, \"value\": value})[\"value\"]\n/usr/local/lib/python3.11/site-packages/selenium/webdriver/remote/webdriver.py:346: in execute\n    self.error_handler.check_response(response)\n_ _ _ _ _ _ _ _ _ _ _ _ _ _ _ _ _ _ _ _ _ _ _ _ _ _ _ _ _ _ _ _ _ _ _ _ _ _ _ _ \n\nself = <selenium.webdriver.remote.errorhandler.ErrorHandler object at 0x7ff8f09cfc90>\nresponse = {'status': 404, 'value': '{\"value\":{\"error\":\"no such element\",\"message\":\"no such element: Unable to locate element: {\\...\\\\n#16 0x55a4190f0d68 \\\\u003Cunknown>\\\\n#17 0x55a4190ffcb3 \\\\u003Cunknown>\\\\n#18 0x7fca835f8044 \\\\u003Cunknown>\\\\n\"}}'}\n\n    def check_response(self, response: Dict[str, Any]) -> None:\n        \"\"\"Checks that a JSON response from the WebDriver does not have an\n        error.\n    \n        :Args:\n         - response - The JSON response from the WebDriver server as a dictionary\n           object.\n    \n        :Raises: If the response contains an error message.\n        \"\"\"\n        status = response.get(\"status\", None)\n        if not status or status == ErrorCode.SUCCESS:\n            return\n        value = None\n        message = response.get(\"message\", \"\")\n        screen: str = response.get(\"screen\", \"\")\n        stacktrace = None\n        if isinstance(status, int):\n            value_json = response.get(\"value\", None)\n            if value_json and isinstance(value_json, str):\n                import json\n    \n                try:\n                    value = json.loads(value_json)\n                    if len(value) == 1:\n                        value = value[\"value\"]\n                    status = value.get(\"error\", None)\n                    if not status:\n                        status = value.get(\"status\", ErrorCode.UNKNOWN_ERROR)\n                        message = value.get(\"value\") or value.get(\"message\")\n                        if not isinstance(message, str):\n                            value = message\n                            message = message.get(\"message\")\n                    else:\n                        message = value.get(\"message\", None)\n                except ValueError:\n                    pass\n    \n        exception_class: Type[WebDriverException]\n        if status in ErrorCode.NO_SUCH_ELEMENT:\n            exception_class = NoSuchElementException\n        elif status in ErrorCode.NO_SUCH_FRAME:\n            exception_class = NoSuchFrameException\n        elif status in ErrorCode.NO_SUCH_SHADOW_ROOT:\n            exception_class = NoSuchShadowRootException\n        elif status in ErrorCode.NO_SUCH_WINDOW:\n            exception_class = NoSuchWindowException\n        elif status in ErrorCode.STALE_ELEMENT_REFERENCE:\n            exception_class = StaleElementReferenceException\n        elif status in ErrorCode.ELEMENT_NOT_VISIBLE:\n            exception_class = ElementNotVisibleException\n        elif status in ErrorCode.INVALID_ELEMENT_STATE:\n            exception_class = InvalidElementStateException\n        elif (\n            status in ErrorCode.INVALID_SELECTOR\n            or status in ErrorCode.INVALID_XPATH_SELECTOR\n            or status in ErrorCode.INVALID_XPATH_SELECTOR_RETURN_TYPER\n        ):\n            exception_class = InvalidSelectorException\n        elif status in ErrorCode.ELEMENT_IS_NOT_SELECTABLE:\n            exception_class = ElementNotSelectableException\n        elif status in ErrorCode.ELEMENT_NOT_INTERACTABLE:\n            exception_class = ElementNotInteractableException\n        elif status in ErrorCode.INVALID_COOKIE_DOMAIN:\n            exception_class = InvalidCookieDomainException\n        elif status in ErrorCode.UNABLE_TO_SET_COOKIE:\n            exception_class = UnableToSetCookieException\n        elif status in ErrorCode.TIMEOUT:\n            exception_class = TimeoutException\n        elif status in ErrorCode.SCRIPT_TIMEOUT:\n            exception_class = TimeoutException\n        elif status in ErrorCode.UNKNOWN_ERROR:\n            exception_class = WebDriverException\n        elif status in ErrorCode.UNEXPECTED_ALERT_OPEN:\n            exception_class = UnexpectedAlertPresentException\n        elif status in ErrorCode.NO_ALERT_OPEN:\n            exception_class = NoAlertPresentException\n        elif status in ErrorCode.IME_NOT_AVAILABLE:\n            exception_class = ImeNotAvailableException\n        elif status in ErrorCode.IME_ENGINE_ACTIVATION_FAILED:\n            exception_class = ImeActivationFailedException\n        elif status in ErrorCode.MOVE_TARGET_OUT_OF_BOUNDS:\n            exception_class = MoveTargetOutOfBoundsException\n        elif status in ErrorCode.JAVASCRIPT_ERROR:\n            exception_class = JavascriptException\n        elif status in ErrorCode.SESSION_NOT_CREATED:\n            exception_class = SessionNotCreatedException\n        elif status in ErrorCode.INVALID_ARGUMENT:\n            exception_class = InvalidArgumentException\n        elif status in ErrorCode.NO_SUCH_COOKIE:\n            exception_class = NoSuchCookieException\n        elif status in ErrorCode.UNABLE_TO_CAPTURE_SCREEN:\n            exception_class = ScreenshotException\n        elif status in ErrorCode.ELEMENT_CLICK_INTERCEPTED:\n            exception_class = ElementClickInterceptedException\n        elif status in ErrorCode.INSECURE_CERTIFICATE:\n            exception_class = InsecureCertificateException\n        elif status in ErrorCode.INVALID_COORDINATES:\n            exception_class = InvalidCoordinatesException\n        elif status in ErrorCode.INVALID_SESSION_ID:\n            exception_class = InvalidSessionIdException\n        elif status in ErrorCode.UNKNOWN_METHOD:\n            exception_class = UnknownMethodException\n        else:\n            exception_class = WebDriverException\n        if not value:\n            value = response[\"value\"]\n        if isinstance(value, str):\n            raise exception_class(value)\n        if message == \"\" and \"message\" in value:\n            message = value[\"message\"]\n    \n        screen = None  # type: ignore[assignment]\n        if \"screen\" in value:\n            screen = value[\"screen\"]\n    \n        stacktrace = None\n        st_value = value.get(\"stackTrace\") or value.get(\"stacktrace\")\n        if st_value:\n            if isinstance(st_value, str):\n                stacktrace = st_value.split(\"\\n\")\n            else:\n                stacktrace = []\n                try:\n                    for frame in st_value:\n                        line = frame.get(\"lineNumber\", \"\")\n                        file = frame.get(\"fileName\", \"<anonymous>\")\n                        if line:\n                            file = f\"{file}:{line}\"\n                        meth = frame.get(\"methodName\", \"<anonymous>\")\n                        if \"className\" in frame:\n                            meth = f\"{frame['className']}.{meth}\"\n                        msg = \"    at %s (%s)\"\n                        msg = msg % (meth, file)\n                        stacktrace.append(msg)\n                except TypeError:\n                    pass\n        if exception_class == UnexpectedAlertPresentException:\n            alert_text = None\n            if \"data\" in value:\n                alert_text = value[\"data\"].get(\"text\")\n            elif \"alert\" in value:\n                alert_text = value[\"alert\"].get(\"text\")\n            raise exception_class(message, screen, stacktrace, alert_text)  # type: ignore[call-arg]  # mypy is not smart enough here\n>       raise exception_class(message, screen, stacktrace)\nE       selenium.common.exceptions.NoSuchElementException: Message: no such element: Unable to locate element: {\"method\":\"xpath\",\"selector\":\"(//div[@class='footer-col']/ul/li/a)[1]\"}\nE         (Session info: headless chrome=116.0.5845.96); For documentation on this error, please visit: https://www.selenium.dev/documentation/webdriver/troubleshooting/errors#no-such-element-exception\nE       Stacktrace:\nE       #0 0x55a419106e23 <unknown>\nE       #1 0x55a418e2f7a7 <unknown>\nE       #2 0x55a418e6e1d3 <unknown>\nE       #3 0x55a418e6e2c1 <unknown>\nE       #4 0x55a418ea9a04 <unknown>\nE       #5 0x55a418e8f03d <unknown>\nE       #6 0x55a418ea7369 <unknown>\nE       #7 0x55a418e8ede3 <unknown>\nE       #8 0x55a418e62a7b <unknown>\nE       #9 0x55a418e6381e <unknown>\nE       #10 0x55a4190c8638 <unknown>\nE       #11 0x55a4190cc507 <unknown>\nE       #12 0x55a4190d6c4c <unknown>\nE       #13 0x55a4190cd136 <unknown>\nE       #14 0x55a41909b9cf <unknown>\nE       #15 0x55a4190f0b98 <unknown>\nE       #16 0x55a4190f0d68 <unknown>\nE       #17 0x55a4190ffcb3 <unknown>\nE       #18 0x7fca835f8044 <unknown>\n\n/usr/local/lib/python3.11/site-packages/selenium/webdriver/remote/errorhandler.py:245: NoSuchElementException","flaky":true,"newFailed":false,"newBroken":true,"newPassed":false,"retriesCount":0,"retriesStatusChange":false,"beforeStages":[{"name":"_session_faker","time":{"start":1692723522510,"stop":1692723522577,"duration":67},"status":"passed","steps":[],"attachments":[],"parameters":[],"stepsCount":0,"attachmentsCount":0,"shouldDisplayMessage":false,"hasContent":false},{"name":"clear_allure_results_folder","time":{"start":1692723522578,"stop":1692723522578,"duration":0},"status":"passed","steps":[],"attachments":[],"parameters":[],"stepsCount":0,"attachmentsCount":0,"shouldDisplayMessage":false,"hasContent":false},{"name":"driver","time":{"start":1692723667723,"stop":1692723668485,"duration":762},"status":"passed","steps":[],"attachments":[],"parameters":[],"stepsCount":0,"attachmentsCount":0,"shouldDisplayMessage":false,"hasContent":false},{"name":"main_page","time":{"start":1692723668485,"stop":1692723674911,"duration":6426},"status":"passed","steps":[],"attachments":[],"parameters":[],"stepsCount":0,"attachmentsCount":0,"shouldDisplayMessage":false,"hasContent":false},{"name":"setup","time":{"start":1692723668485,"stop":1692723668485,"duration":0},"status":"passed","steps":[],"attachments":[],"parameters":[],"stepsCount":0,"attachmentsCount":0,"shouldDisplayMessage":false,"hasContent":false}],"testStage":{"status":"broken","statusMessage":"selenium.common.exceptions.NoSuchElementException: Message: no such element: Unable to locate element: {\"method\":\"xpath\",\"selector\":\"(//div[@class='footer-col']/ul/li/a)[1]\"}\n  (Session info: headless chrome=116.0.5845.96); For documentation on this error, please visit: https://www.selenium.dev/documentation/webdriver/troubleshooting/errors#no-such-element-exception\nStacktrace:\n#0 0x55a419106e23 <unknown>\n#1 0x55a418e2f7a7 <unknown>\n#2 0x55a418e6e1d3 <unknown>\n#3 0x55a418e6e2c1 <unknown>\n#4 0x55a418ea9a04 <unknown>\n#5 0x55a418e8f03d <unknown>\n#6 0x55a418ea7369 <unknown>\n#7 0x55a418e8ede3 <unknown>\n#8 0x55a418e62a7b <unknown>\n#9 0x55a418e6381e <unknown>\n#10 0x55a4190c8638 <unknown>\n#11 0x55a4190cc507 <unknown>\n#12 0x55a4190d6c4c <unknown>\n#13 0x55a4190cd136 <unknown>\n#14 0x55a41909b9cf <unknown>\n#15 0x55a4190f0b98 <unknown>\n#16 0x55a4190f0d68 <unknown>\n#17 0x55a4190ffcb3 <unknown>\n#18 0x7fca835f8044 <unknown>","statusTrace":"self = <tests.test_main_page.TestMainPage object at 0x7ff8f0c32f50>\nmain_page = <pages.main_page.MainPage object at 0x7ff8f15ef290>\n\n    @allure.feature(\"Footer functionality\")\n    @allure.title(\"TC 008 - Проверка функциональности ссылки 'Каталог товаров'\")\n    @pytest.mark.smoke_test\n    def test_positive_footer_catalog_smoke(self, main_page):\n>       is_displayed, header_text = main_page.check_product_catalog_link()\n\ntests/test_main_page.py:81: \n_ _ _ _ _ _ _ _ _ _ _ _ _ _ _ _ _ _ _ _ _ _ _ _ _ _ _ _ _ _ _ _ _ _ _ _ _ _ _ _ \npages/main_page.py:122: in check_product_catalog_link\n    self.driver.find_element(*self._product_catalog_link).click()\n/usr/local/lib/python3.11/site-packages/selenium/webdriver/remote/webdriver.py:740: in find_element\n    return self.execute(Command.FIND_ELEMENT, {\"using\": by, \"value\": value})[\"value\"]\n/usr/local/lib/python3.11/site-packages/selenium/webdriver/remote/webdriver.py:346: in execute\n    self.error_handler.check_response(response)\n_ _ _ _ _ _ _ _ _ _ _ _ _ _ _ _ _ _ _ _ _ _ _ _ _ _ _ _ _ _ _ _ _ _ _ _ _ _ _ _ \n\nself = <selenium.webdriver.remote.errorhandler.ErrorHandler object at 0x7ff8f09cfc90>\nresponse = {'status': 404, 'value': '{\"value\":{\"error\":\"no such element\",\"message\":\"no such element: Unable to locate element: {\\...\\\\n#16 0x55a4190f0d68 \\\\u003Cunknown>\\\\n#17 0x55a4190ffcb3 \\\\u003Cunknown>\\\\n#18 0x7fca835f8044 \\\\u003Cunknown>\\\\n\"}}'}\n\n    def check_response(self, response: Dict[str, Any]) -> None:\n        \"\"\"Checks that a JSON response from the WebDriver does not have an\n        error.\n    \n        :Args:\n         - response - The JSON response from the WebDriver server as a dictionary\n           object.\n    \n        :Raises: If the response contains an error message.\n        \"\"\"\n        status = response.get(\"status\", None)\n        if not status or status == ErrorCode.SUCCESS:\n            return\n        value = None\n        message = response.get(\"message\", \"\")\n        screen: str = response.get(\"screen\", \"\")\n        stacktrace = None\n        if isinstance(status, int):\n            value_json = response.get(\"value\", None)\n            if value_json and isinstance(value_json, str):\n                import json\n    \n                try:\n                    value = json.loads(value_json)\n                    if len(value) == 1:\n                        value = value[\"value\"]\n                    status = value.get(\"error\", None)\n                    if not status:\n                        status = value.get(\"status\", ErrorCode.UNKNOWN_ERROR)\n                        message = value.get(\"value\") or value.get(\"message\")\n                        if not isinstance(message, str):\n                            value = message\n                            message = message.get(\"message\")\n                    else:\n                        message = value.get(\"message\", None)\n                except ValueError:\n                    pass\n    \n        exception_class: Type[WebDriverException]\n        if status in ErrorCode.NO_SUCH_ELEMENT:\n            exception_class = NoSuchElementException\n        elif status in ErrorCode.NO_SUCH_FRAME:\n            exception_class = NoSuchFrameException\n        elif status in ErrorCode.NO_SUCH_SHADOW_ROOT:\n            exception_class = NoSuchShadowRootException\n        elif status in ErrorCode.NO_SUCH_WINDOW:\n            exception_class = NoSuchWindowException\n        elif status in ErrorCode.STALE_ELEMENT_REFERENCE:\n            exception_class = StaleElementReferenceException\n        elif status in ErrorCode.ELEMENT_NOT_VISIBLE:\n            exception_class = ElementNotVisibleException\n        elif status in ErrorCode.INVALID_ELEMENT_STATE:\n            exception_class = InvalidElementStateException\n        elif (\n            status in ErrorCode.INVALID_SELECTOR\n            or status in ErrorCode.INVALID_XPATH_SELECTOR\n            or status in ErrorCode.INVALID_XPATH_SELECTOR_RETURN_TYPER\n        ):\n            exception_class = InvalidSelectorException\n        elif status in ErrorCode.ELEMENT_IS_NOT_SELECTABLE:\n            exception_class = ElementNotSelectableException\n        elif status in ErrorCode.ELEMENT_NOT_INTERACTABLE:\n            exception_class = ElementNotInteractableException\n        elif status in ErrorCode.INVALID_COOKIE_DOMAIN:\n            exception_class = InvalidCookieDomainException\n        elif status in ErrorCode.UNABLE_TO_SET_COOKIE:\n            exception_class = UnableToSetCookieException\n        elif status in ErrorCode.TIMEOUT:\n            exception_class = TimeoutException\n        elif status in ErrorCode.SCRIPT_TIMEOUT:\n            exception_class = TimeoutException\n        elif status in ErrorCode.UNKNOWN_ERROR:\n            exception_class = WebDriverException\n        elif status in ErrorCode.UNEXPECTED_ALERT_OPEN:\n            exception_class = UnexpectedAlertPresentException\n        elif status in ErrorCode.NO_ALERT_OPEN:\n            exception_class = NoAlertPresentException\n        elif status in ErrorCode.IME_NOT_AVAILABLE:\n            exception_class = ImeNotAvailableException\n        elif status in ErrorCode.IME_ENGINE_ACTIVATION_FAILED:\n            exception_class = ImeActivationFailedException\n        elif status in ErrorCode.MOVE_TARGET_OUT_OF_BOUNDS:\n            exception_class = MoveTargetOutOfBoundsException\n        elif status in ErrorCode.JAVASCRIPT_ERROR:\n            exception_class = JavascriptException\n        elif status in ErrorCode.SESSION_NOT_CREATED:\n            exception_class = SessionNotCreatedException\n        elif status in ErrorCode.INVALID_ARGUMENT:\n            exception_class = InvalidArgumentException\n        elif status in ErrorCode.NO_SUCH_COOKIE:\n            exception_class = NoSuchCookieException\n        elif status in ErrorCode.UNABLE_TO_CAPTURE_SCREEN:\n            exception_class = ScreenshotException\n        elif status in ErrorCode.ELEMENT_CLICK_INTERCEPTED:\n            exception_class = ElementClickInterceptedException\n        elif status in ErrorCode.INSECURE_CERTIFICATE:\n            exception_class = InsecureCertificateException\n        elif status in ErrorCode.INVALID_COORDINATES:\n            exception_class = InvalidCoordinatesException\n        elif status in ErrorCode.INVALID_SESSION_ID:\n            exception_class = InvalidSessionIdException\n        elif status in ErrorCode.UNKNOWN_METHOD:\n            exception_class = UnknownMethodException\n        else:\n            exception_class = WebDriverException\n        if not value:\n            value = response[\"value\"]\n        if isinstance(value, str):\n            raise exception_class(value)\n        if message == \"\" and \"message\" in value:\n            message = value[\"message\"]\n    \n        screen = None  # type: ignore[assignment]\n        if \"screen\" in value:\n            screen = value[\"screen\"]\n    \n        stacktrace = None\n        st_value = value.get(\"stackTrace\") or value.get(\"stacktrace\")\n        if st_value:\n            if isinstance(st_value, str):\n                stacktrace = st_value.split(\"\\n\")\n            else:\n                stacktrace = []\n                try:\n                    for frame in st_value:\n                        line = frame.get(\"lineNumber\", \"\")\n                        file = frame.get(\"fileName\", \"<anonymous>\")\n                        if line:\n                            file = f\"{file}:{line}\"\n                        meth = frame.get(\"methodName\", \"<anonymous>\")\n                        if \"className\" in frame:\n                            meth = f\"{frame['className']}.{meth}\"\n                        msg = \"    at %s (%s)\"\n                        msg = msg % (meth, file)\n                        stacktrace.append(msg)\n                except TypeError:\n                    pass\n        if exception_class == UnexpectedAlertPresentException:\n            alert_text = None\n            if \"data\" in value:\n                alert_text = value[\"data\"].get(\"text\")\n            elif \"alert\" in value:\n                alert_text = value[\"alert\"].get(\"text\")\n            raise exception_class(message, screen, stacktrace, alert_text)  # type: ignore[call-arg]  # mypy is not smart enough here\n>       raise exception_class(message, screen, stacktrace)\nE       selenium.common.exceptions.NoSuchElementException: Message: no such element: Unable to locate element: {\"method\":\"xpath\",\"selector\":\"(//div[@class='footer-col']/ul/li/a)[1]\"}\nE         (Session info: headless chrome=116.0.5845.96); For documentation on this error, please visit: https://www.selenium.dev/documentation/webdriver/troubleshooting/errors#no-such-element-exception\nE       Stacktrace:\nE       #0 0x55a419106e23 <unknown>\nE       #1 0x55a418e2f7a7 <unknown>\nE       #2 0x55a418e6e1d3 <unknown>\nE       #3 0x55a418e6e2c1 <unknown>\nE       #4 0x55a418ea9a04 <unknown>\nE       #5 0x55a418e8f03d <unknown>\nE       #6 0x55a418ea7369 <unknown>\nE       #7 0x55a418e8ede3 <unknown>\nE       #8 0x55a418e62a7b <unknown>\nE       #9 0x55a418e6381e <unknown>\nE       #10 0x55a4190c8638 <unknown>\nE       #11 0x55a4190cc507 <unknown>\nE       #12 0x55a4190d6c4c <unknown>\nE       #13 0x55a4190cd136 <unknown>\nE       #14 0x55a41909b9cf <unknown>\nE       #15 0x55a4190f0b98 <unknown>\nE       #16 0x55a4190f0d68 <unknown>\nE       #17 0x55a4190ffcb3 <unknown>\nE       #18 0x7fca835f8044 <unknown>\n\n/usr/local/lib/python3.11/site-packages/selenium/webdriver/remote/errorhandler.py:245: NoSuchElementException","steps":[{"name":"Проверка функциональности ссылки 'Каталог товаров'","time":{"start":1692723674912,"stop":1692723674929,"duration":17},"status":"broken","statusMessage":"selenium.common.exceptions.NoSuchElementException: Message: no such element: Unable to locate element: {\"method\":\"xpath\",\"selector\":\"(//div[@class='footer-col']/ul/li/a)[1]\"}\n  (Session info: headless chrome=116.0.5845.96); For documentation on this error, please visit: https://www.selenium.dev/documentation/webdriver/troubleshooting/errors#no-such-element-exception\nStacktrace:\n#0 0x55a419106e23 <unknown>\n#1 0x55a418e2f7a7 <unknown>\n#2 0x55a418e6e1d3 <unknown>\n#3 0x55a418e6e2c1 <unknown>\n#4 0x55a418ea9a04 <unknown>\n#5 0x55a418e8f03d <unknown>\n#6 0x55a418ea7369 <unknown>\n#7 0x55a418e8ede3 <unknown>\n#8 0x55a418e62a7b <unknown>\n#9 0x55a418e6381e <unknown>\n#10 0x55a4190c8638 <unknown>\n#11 0x55a4190cc507 <unknown>\n#12 0x55a4190d6c4c <unknown>\n#13 0x55a4190cd136 <unknown>\n#14 0x55a41909b9cf <unknown>\n#15 0x55a4190f0b98 <unknown>\n#16 0x55a4190f0d68 <unknown>\n#17 0x55a4190ffcb3 <unknown>\n#18 0x7fca835f8044 <unknown>\n\n","statusTrace":"  File \"/usr/local/lib/python3.11/site-packages/allure_commons/_allure.py\", line 192, in impl\n    return func(*a, **kw)\n           ^^^^^^^^^^^^^^\n  File \"/app/pages/main_page.py\", line 122, in check_product_catalog_link\n    self.driver.find_element(*self._product_catalog_link).click()\n    ^^^^^^^^^^^^^^^^^^^^^^^^^^^^^^^^^^^^^^^^^^^^^^^^^^^^^\n  File \"/usr/local/lib/python3.11/site-packages/selenium/webdriver/remote/webdriver.py\", line 740, in find_element\n    return self.execute(Command.FIND_ELEMENT, {\"using\": by, \"value\": value})[\"value\"]\n           ^^^^^^^^^^^^^^^^^^^^^^^^^^^^^^^^^^^^^^^^^^^^^^^^^^^^^^^^^^^^^^^^^\n  File \"/usr/local/lib/python3.11/site-packages/selenium/webdriver/remote/webdriver.py\", line 346, in execute\n    self.error_handler.check_response(response)\n  File \"/usr/local/lib/python3.11/site-packages/selenium/webdriver/remote/errorhandler.py\", line 245, in check_response\n    raise exception_class(message, screen, stacktrace)\n","steps":[],"attachments":[],"parameters":[],"stepsCount":0,"attachmentsCount":0,"shouldDisplayMessage":true,"hasContent":true}],"attachments":[{"uid":"4806bf09b8d2ff3f","name":"Screenshot","source":"4806bf09b8d2ff3f.png","type":"image/png","size":169743},{"uid":"2b22908f8b9a4080","name":"HTML source","source":"2b22908f8b9a4080.html","type":"text/html","size":375469}],"parameters":[],"stepsCount":1,"attachmentsCount":2,"shouldDisplayMessage":true,"hasContent":true},"afterStages":[{"name":"setup::0","time":{"start":1692723675140,"stop":1692723675140,"duration":0},"status":"passed","steps":[],"attachments":[],"parameters":[],"stepsCount":0,"attachmentsCount":0,"shouldDisplayMessage":false,"hasContent":false},{"name":"driver::0","time":{"start":1692723675141,"stop":1692723675210,"duration":69},"status":"passed","steps":[],"attachments":[],"parameters":[],"stepsCount":0,"attachmentsCount":0,"shouldDisplayMessage":false,"hasContent":false}],"labels":[{"name":"feature","value":"Footer functionality"},{"name":"epic","value":"Main Page"},{"name":"tag","value":"smoke_test"},{"name":"parentSuite","value":"tests"},{"name":"suite","value":"test_main_page"},{"name":"subSuite","value":"TestMainPage"},{"name":"host","value":"c9ee045b5178"},{"name":"thread","value":"1-MainThread"},{"name":"framework","value":"pytest"},{"name":"language","value":"cpython3"},{"name":"package","value":"tests.test_main_page"},{"name":"resultFormat","value":"allure2"}],"parameters":[{"name":"url","value":"'https://test2.stroyrem-nn.ru/'"}],"links":[],"hidden":false,"retry":false,"extra":{"severity":"normal","retries":[],"categories":[{"name":"Test defects","matchedStatuses":[],"flaky":false}],"history":{"statistic":{"failed":1,"broken":1,"skipped":0,"passed":25,"unknown":0,"total":27},"items":[{"uid":"4fbf552f56f7ff34","reportUrl":"https://Nat754.github.io/StroyremAutomation/34//#testresult/4fbf552f56f7ff34","status":"passed","time":{"start":1692720805057,"stop":1692720805245,"duration":188}},{"uid":"5d6ea9a385e66ad4","reportUrl":"https://Nat754.github.io/StroyremAutomation/34//#testresult/5d6ea9a385e66ad4","status":"failed","statusDetails":"AssertionError: Каталог товаров не отображается\nassert False","time":{"start":1692717814870,"stop":1692717815051,"duration":181}},{"uid":"c2841a3fa7cb2132","reportUrl":"https://Nat754.github.io/StroyremAutomation/34//#testresult/c2841a3fa7cb2132","status":"passed","time":{"start":1692665308480,"stop":1692665308635,"duration":155}},{"uid":"600b931dc489ef59","reportUrl":"https://Nat754.github.io/StroyremAutomation/33//#testresult/600b931dc489ef59","status":"passed","time":{"start":1692578904213,"stop":1692578904371,"duration":158}},{"uid":"f13c9eb324948695","reportUrl":"https://Nat754.github.io/StroyremAutomation/31//#testresult/f13c9eb324948695","status":"passed","time":{"start":1692567169390,"stop":1692567169543,"duration":153}},{"uid":"765be4fa271ccf14","reportUrl":"https://Nat754.github.io/StroyremAutomation/32//#testresult/765be4fa271ccf14","status":"passed","time":{"start":1692565383987,"stop":1692565384132,"duration":145}},{"uid":"33800eda2a73947d","reportUrl":"https://Nat754.github.io/StroyremAutomation/27//#testresult/33800eda2a73947d","status":"passed","time":{"start":1692060537179,"stop":1692060537376,"duration":197}},{"uid":"5a5cc110d8394aed","reportUrl":"https://Nat754.github.io/StroyremAutomation/26//#testresult/5a5cc110d8394aed","status":"passed","time":{"start":1691974141471,"stop":1691974141709,"duration":238}},{"uid":"8759c55ad57d5fa6","reportUrl":"https://Nat754.github.io/StroyremAutomation/25//#testresult/8759c55ad57d5fa6","status":"passed","time":{"start":1691887811936,"stop":1691887812083,"duration":147}},{"uid":"68c6157f0889f4a1","reportUrl":"https://Nat754.github.io/StroyremAutomation/24//#testresult/68c6157f0889f4a1","status":"passed","time":{"start":1691801173815,"stop":1691801173985,"duration":170}},{"uid":"504eee9604f248fc","reportUrl":"https://Nat754.github.io/StroyremAutomation/23//#testresult/504eee9604f248fc","status":"passed","time":{"start":1691714825809,"stop":1691714825973,"duration":164}},{"uid":"8bdc8d3cd65da163","reportUrl":"https://Nat754.github.io/StroyremAutomation/22//#testresult/8bdc8d3cd65da163","status":"passed","time":{"start":1691629172821,"stop":1691629173023,"duration":202}},{"uid":"eafe02ac33d8e816","reportUrl":"https://Nat754.github.io/StroyremAutomation/21//#testresult/eafe02ac33d8e816","status":"passed","time":{"start":1691542732695,"stop":1691542732853,"duration":158}},{"uid":"7152c5cc99132d76","reportUrl":"https://Nat754.github.io/StroyremAutomation/20//#testresult/7152c5cc99132d76","status":"passed","time":{"start":1691456303634,"stop":1691456303861,"duration":227}},{"uid":"3ac54958f8882ce1","reportUrl":"https://Nat754.github.io/StroyremAutomation/19//#testresult/3ac54958f8882ce1","status":"passed","time":{"start":1691370046927,"stop":1691370047139,"duration":212}},{"uid":"5efc4005a9a57c93","reportUrl":"https://Nat754.github.io/StroyremAutomation/18//#testresult/5efc4005a9a57c93","status":"passed","time":{"start":1691283248304,"stop":1691283248437,"duration":133}},{"uid":"ef2929a408386086","reportUrl":"https://Nat754.github.io/StroyremAutomation/17//#testresult/ef2929a408386086","status":"passed","time":{"start":1691197016749,"stop":1691197016932,"duration":183}},{"uid":"6e107cc7dd2b5a00","reportUrl":"https://Nat754.github.io/StroyremAutomation/16//#testresult/6e107cc7dd2b5a00","status":"passed","time":{"start":1691110829258,"stop":1691110829411,"duration":153}},{"uid":"c3e5cb9b7871de4a","reportUrl":"https://Nat754.github.io/StroyremAutomation/15//#testresult/c3e5cb9b7871de4a","status":"passed","time":{"start":1691024395838,"stop":1691024395999,"duration":161}},{"uid":"4a943e11b96428d9","reportUrl":"https://Nat754.github.io/StroyremAutomation/14//#testresult/4a943e11b96428d9","status":"passed","time":{"start":1690937906376,"stop":1690937906562,"duration":186}}]},"tags":["smoke_test"]},"source":"97c907273c6c559a.json","parameterValues":["'https://test2.stroyrem-nn.ru/'"]}