{"uid":"4e645540404bd0fb","name":"TD 017 Доставка товара весом до 400кг. в синей зоне","fullName":"tests.delivery.test_delivery_calculation.TestDeliveryPageCalculation#test_positive_delivery_blue_zone_smoke","historyId":"81af0bc3e563f7b2736d18e07047a083","time":{"start":1712019315166,"stop":1712019315459,"duration":293},"status":"skipped","statusMessage":"XFAIL\n\nselenium.common.exceptions.NoSuchElementException: Message: no such element: Unable to locate element: {\"method\":\"xpath\",\"selector\":\"(//a[@class='add-to-cart yellow-btn'])[1]\"}\n  (Session info: chrome-headless-shell=123.0.6312.86); For documentation on this error, please visit: https://www.selenium.dev/documentation/webdriver/troubleshooting/errors#no-such-element-exception\nStacktrace:\n#0 0x556cd28658a3 <unknown>\n#1 0x556cd255b8c6 <unknown>\n#2 0x556cd25a6618 <unknown>\n#3 0x556cd25a66d1 <unknown>\n#4 0x556cd25e9744 <unknown>\n#5 0x556cd25c85cd <unknown>\n#6 0x556cd25e6c19 <unknown>\n#7 0x556cd25c8343 <unknown>\n#8 0x556cd2599593 <unknown>\n#9 0x556cd2599f5e <unknown>\n#10 0x556cd282988b <unknown>\n#11 0x556cd282d7e5 <unknown>\n#12 0x556cd28175b1 <unknown>\n#13 0x556cd282e372 <unknown>\n#14 0x556cd27fc8bf <unknown>\n#15 0x556cd2854768 <unknown>\n#16 0x556cd285493b <unknown>\n#17 0x556cd28649f4 <unknown>\n#18 0x7f34df14b134 <unknown>","statusTrace":"self = <tests.delivery.test_delivery_calculation.TestDeliveryPageCalculation object at 0x7f4c1eed8290>\ndriver = <selenium.webdriver.chrome.webdriver.WebDriver (session=\"fd289f7f8460aea1af9e10e9e7b9f3a2\")>\nurl = 'https://sandboxtest.stroyrem-nn.ru/', case_id = 'TD 017'\nlink_item = 'products/shtukaturka-gipsovaya-aksolit-m50-30-kg-mashinnogo-naneseniya'\namount = 13, weight = 400, standard = 650, in_time = 2390, all_time = 3320\n\n    @pytest.mark.parametrize('case_id, link_item, amount, weight, standard, in_time, all_time', [\n        (\"TD 015\", bundeks_25, 1, 30, 650, 2390, 3320),\n        pytest.param(\n            \"TD 016\", aksolit_30, 8, 300, 650, 2390, 3320,\n            marks=pytest.mark.xfail(reson=\"Цена доставки: - - -\")\n        ),\n        (\"TD 017\", aksolit_30, 13, 400, 650, 2390, 3320),\n        (\"TD 018\", aksolit_30, 16, 500, 850, 2490, 3320),\n        (\"TD 019\", aksolit_30, 25, 1700, 1150, 2490, 3320),\n        (\"TD 020\", aksolit_30, 66, 2000, 1500, 2990, 3650),\n        (\"TD 021\", aksolit_30, 149, 4500, 2600, 4380, 4890),\n        (\"TD 022\", aksolit_30, 166, 5000, 2800, 5490, 5980),\n        pytest.param(\n            \"TD 023\", aksolit_30, 206, 6200, 3300, 7500, 8000,\n            marks=pytest.mark.xfail(reson=\"Цена доставки: 4300 9900 11440\")\n        ),\n        (\"TD 024\", aksolit_30, 299, 9000, 4300, 9900, 11440),\n        (\"TD 025\", aksolit_30, 333, 10000, 7000, 13900, 15900),\n        pytest.param(\n            \"TD 026\", aksolit_30, 366, 11000, 8000, 14900, 19900,\n            marks=pytest.mark.xfail(reson=\"Цена доставки: 7000 13900 15900\")\n        ),\n        pytest.param(\n            \"TD 027\", aksolit_30, 666, 20000, 14000, 16900, 23900,\n            marks=pytest.mark.xfail(reson=\"Цена доставки: 7000 13900 15900\")\n        )\n    ])\n    @pytest.mark.xfail\n    @pytest.mark.smoke_test\n    def test_positive_delivery_blue_zone_smoke(\n            self, driver, url, case_id, link_item, amount, weight, standard, in_time, all_time\n    ):\n        allure.dynamic.title(f\"{case_id} Доставка товара весом до {weight}кг. в синей зоне\")\n    \n        driver.get(f'{url}{link_item}')\n        item_page = ItemPage(driver)\n>       item_page.add_item_to_cart(amount).click_on_cart()\n\ntests/delivery/test_delivery_calculation.py:132: \n_ _ _ _ _ _ _ _ _ _ _ _ _ _ _ _ _ _ _ _ _ _ _ _ _ _ _ _ _ _ _ _ _ _ _ _ _ _ _ _ \npages/item_page.py:40: in add_item_to_cart\n    self.find_element(self._add_item).click()\nbase/seleniumbase.py:17: in find_element\n    return self.driver.find_element(*locator)\n/usr/local/lib/python3.11/site-packages/selenium/webdriver/remote/webdriver.py:739: in find_element\n    return self.execute(Command.FIND_ELEMENT, {\"using\": by, \"value\": value})[\"value\"]\n/usr/local/lib/python3.11/site-packages/selenium/webdriver/remote/webdriver.py:345: in execute\n    self.error_handler.check_response(response)\n_ _ _ _ _ _ _ _ _ _ _ _ _ _ _ _ _ _ _ _ _ _ _ _ _ _ _ _ _ _ _ _ _ _ _ _ _ _ _ _ \n\nself = <selenium.webdriver.remote.errorhandler.ErrorHandler object at 0x7f4c1f577810>\nresponse = {'status': 404, 'value': '{\"value\":{\"error\":\"no such element\",\"message\":\"no such element: Unable to locate element: {\\...\\\\n#16 0x556cd285493b \\\\u003Cunknown>\\\\n#17 0x556cd28649f4 \\\\u003Cunknown>\\\\n#18 0x7f34df14b134 \\\\u003Cunknown>\\\\n\"}}'}\n\n    def check_response(self, response: Dict[str, Any]) -> None:\n        \"\"\"Checks that a JSON response from the WebDriver does not have an\n        error.\n    \n        :Args:\n         - response - The JSON response from the WebDriver server as a dictionary\n           object.\n    \n        :Raises: If the response contains an error message.\n        \"\"\"\n        status = response.get(\"status\", None)\n        if not status or status == ErrorCode.SUCCESS:\n            return\n        value = None\n        message = response.get(\"message\", \"\")\n        screen: str = response.get(\"screen\", \"\")\n        stacktrace = None\n        if isinstance(status, int):\n            value_json = response.get(\"value\", None)\n            if value_json and isinstance(value_json, str):\n                import json\n    \n                try:\n                    value = json.loads(value_json)\n                    if len(value) == 1:\n                        value = value[\"value\"]\n                    status = value.get(\"error\", None)\n                    if not status:\n                        status = value.get(\"status\", ErrorCode.UNKNOWN_ERROR)\n                        message = value.get(\"value\") or value.get(\"message\")\n                        if not isinstance(message, str):\n                            value = message\n                            message = message.get(\"message\")\n                    else:\n                        message = value.get(\"message\", None)\n                except ValueError:\n                    pass\n    \n        exception_class: Type[WebDriverException]\n        e = ErrorCode()\n        error_codes = [item for item in dir(e) if not item.startswith(\"__\")]\n        for error_code in error_codes:\n            error_info = getattr(ErrorCode, error_code)\n            if isinstance(error_info, list) and status in error_info:\n                exception_class = getattr(ExceptionMapping, error_code, WebDriverException)\n                break\n        else:\n            exception_class = WebDriverException\n    \n        if not value:\n            value = response[\"value\"]\n        if isinstance(value, str):\n            raise exception_class(value)\n        if message == \"\" and \"message\" in value:\n            message = value[\"message\"]\n    \n        screen = None  # type: ignore[assignment]\n        if \"screen\" in value:\n            screen = value[\"screen\"]\n    \n        stacktrace = None\n        st_value = value.get(\"stackTrace\") or value.get(\"stacktrace\")\n        if st_value:\n            if isinstance(st_value, str):\n                stacktrace = st_value.split(\"\\n\")\n            else:\n                stacktrace = []\n                try:\n                    for frame in st_value:\n                        line = frame.get(\"lineNumber\", \"\")\n                        file = frame.get(\"fileName\", \"<anonymous>\")\n                        if line:\n                            file = f\"{file}:{line}\"\n                        meth = frame.get(\"methodName\", \"<anonymous>\")\n                        if \"className\" in frame:\n                            meth = f\"{frame['className']}.{meth}\"\n                        msg = \"    at %s (%s)\"\n                        msg = msg % (meth, file)\n                        stacktrace.append(msg)\n                except TypeError:\n                    pass\n        if exception_class == UnexpectedAlertPresentException:\n            alert_text = None\n            if \"data\" in value:\n                alert_text = value[\"data\"].get(\"text\")\n            elif \"alert\" in value:\n                alert_text = value[\"alert\"].get(\"text\")\n            raise exception_class(message, screen, stacktrace, alert_text)  # type: ignore[call-arg]  # mypy is not smart enough here\n>       raise exception_class(message, screen, stacktrace)\nE       selenium.common.exceptions.NoSuchElementException: Message: no such element: Unable to locate element: {\"method\":\"xpath\",\"selector\":\"(//a[@class='add-to-cart yellow-btn'])[1]\"}\nE         (Session info: chrome-headless-shell=123.0.6312.86); For documentation on this error, please visit: https://www.selenium.dev/documentation/webdriver/troubleshooting/errors#no-such-element-exception\nE       Stacktrace:\nE       #0 0x556cd28658a3 <unknown>\nE       #1 0x556cd255b8c6 <unknown>\nE       #2 0x556cd25a6618 <unknown>\nE       #3 0x556cd25a66d1 <unknown>\nE       #4 0x556cd25e9744 <unknown>\nE       #5 0x556cd25c85cd <unknown>\nE       #6 0x556cd25e6c19 <unknown>\nE       #7 0x556cd25c8343 <unknown>\nE       #8 0x556cd2599593 <unknown>\nE       #9 0x556cd2599f5e <unknown>\nE       #10 0x556cd282988b <unknown>\nE       #11 0x556cd282d7e5 <unknown>\nE       #12 0x556cd28175b1 <unknown>\nE       #13 0x556cd282e372 <unknown>\nE       #14 0x556cd27fc8bf <unknown>\nE       #15 0x556cd2854768 <unknown>\nE       #16 0x556cd285493b <unknown>\nE       #17 0x556cd28649f4 <unknown>\nE       #18 0x7f34df14b134 <unknown>\n\n/usr/local/lib/python3.11/site-packages/selenium/webdriver/remote/errorhandler.py:229: NoSuchElementException","flaky":false,"newFailed":false,"newBroken":false,"newPassed":false,"retriesCount":0,"retriesStatusChange":false,"beforeStages":[{"name":"_session_faker","time":{"start":1712019083664,"stop":1712019083732,"duration":68},"status":"passed","steps":[],"attachments":[],"parameters":[],"hasContent":false,"attachmentStep":false,"shouldDisplayMessage":false,"stepsCount":0,"attachmentsCount":0},{"name":"clear_allure_results_folder","time":{"start":1712019083732,"stop":1712019083732,"duration":0},"status":"passed","steps":[],"attachments":[],"parameters":[],"hasContent":false,"attachmentStep":false,"shouldDisplayMessage":false,"stepsCount":0,"attachmentsCount":0},{"name":"driver","time":{"start":1712019314392,"stop":1712019315165,"duration":773},"status":"passed","steps":[],"attachments":[],"parameters":[],"hasContent":false,"attachmentStep":false,"shouldDisplayMessage":false,"stepsCount":0,"attachmentsCount":0},{"name":"setup","time":{"start":1712019315165,"stop":1712019315165,"duration":0},"status":"passed","steps":[],"attachments":[],"parameters":[],"hasContent":false,"attachmentStep":false,"shouldDisplayMessage":false,"stepsCount":0,"attachmentsCount":0}],"testStage":{"status":"skipped","statusMessage":"XFAIL\n\nselenium.common.exceptions.NoSuchElementException: Message: no such element: Unable to locate element: {\"method\":\"xpath\",\"selector\":\"(//a[@class='add-to-cart yellow-btn'])[1]\"}\n  (Session info: chrome-headless-shell=123.0.6312.86); For documentation on this error, please visit: https://www.selenium.dev/documentation/webdriver/troubleshooting/errors#no-such-element-exception\nStacktrace:\n#0 0x556cd28658a3 <unknown>\n#1 0x556cd255b8c6 <unknown>\n#2 0x556cd25a6618 <unknown>\n#3 0x556cd25a66d1 <unknown>\n#4 0x556cd25e9744 <unknown>\n#5 0x556cd25c85cd <unknown>\n#6 0x556cd25e6c19 <unknown>\n#7 0x556cd25c8343 <unknown>\n#8 0x556cd2599593 <unknown>\n#9 0x556cd2599f5e <unknown>\n#10 0x556cd282988b <unknown>\n#11 0x556cd282d7e5 <unknown>\n#12 0x556cd28175b1 <unknown>\n#13 0x556cd282e372 <unknown>\n#14 0x556cd27fc8bf <unknown>\n#15 0x556cd2854768 <unknown>\n#16 0x556cd285493b <unknown>\n#17 0x556cd28649f4 <unknown>\n#18 0x7f34df14b134 <unknown>","statusTrace":"self = <tests.delivery.test_delivery_calculation.TestDeliveryPageCalculation object at 0x7f4c1eed8290>\ndriver = <selenium.webdriver.chrome.webdriver.WebDriver (session=\"fd289f7f8460aea1af9e10e9e7b9f3a2\")>\nurl = 'https://sandboxtest.stroyrem-nn.ru/', case_id = 'TD 017'\nlink_item = 'products/shtukaturka-gipsovaya-aksolit-m50-30-kg-mashinnogo-naneseniya'\namount = 13, weight = 400, standard = 650, in_time = 2390, all_time = 3320\n\n    @pytest.mark.parametrize('case_id, link_item, amount, weight, standard, in_time, all_time', [\n        (\"TD 015\", bundeks_25, 1, 30, 650, 2390, 3320),\n        pytest.param(\n            \"TD 016\", aksolit_30, 8, 300, 650, 2390, 3320,\n            marks=pytest.mark.xfail(reson=\"Цена доставки: - - -\")\n        ),\n        (\"TD 017\", aksolit_30, 13, 400, 650, 2390, 3320),\n        (\"TD 018\", aksolit_30, 16, 500, 850, 2490, 3320),\n        (\"TD 019\", aksolit_30, 25, 1700, 1150, 2490, 3320),\n        (\"TD 020\", aksolit_30, 66, 2000, 1500, 2990, 3650),\n        (\"TD 021\", aksolit_30, 149, 4500, 2600, 4380, 4890),\n        (\"TD 022\", aksolit_30, 166, 5000, 2800, 5490, 5980),\n        pytest.param(\n            \"TD 023\", aksolit_30, 206, 6200, 3300, 7500, 8000,\n            marks=pytest.mark.xfail(reson=\"Цена доставки: 4300 9900 11440\")\n        ),\n        (\"TD 024\", aksolit_30, 299, 9000, 4300, 9900, 11440),\n        (\"TD 025\", aksolit_30, 333, 10000, 7000, 13900, 15900),\n        pytest.param(\n            \"TD 026\", aksolit_30, 366, 11000, 8000, 14900, 19900,\n            marks=pytest.mark.xfail(reson=\"Цена доставки: 7000 13900 15900\")\n        ),\n        pytest.param(\n            \"TD 027\", aksolit_30, 666, 20000, 14000, 16900, 23900,\n            marks=pytest.mark.xfail(reson=\"Цена доставки: 7000 13900 15900\")\n        )\n    ])\n    @pytest.mark.xfail\n    @pytest.mark.smoke_test\n    def test_positive_delivery_blue_zone_smoke(\n            self, driver, url, case_id, link_item, amount, weight, standard, in_time, all_time\n    ):\n        allure.dynamic.title(f\"{case_id} Доставка товара весом до {weight}кг. в синей зоне\")\n    \n        driver.get(f'{url}{link_item}')\n        item_page = ItemPage(driver)\n>       item_page.add_item_to_cart(amount).click_on_cart()\n\ntests/delivery/test_delivery_calculation.py:132: \n_ _ _ _ _ _ _ _ _ _ _ _ _ _ _ _ _ _ _ _ _ _ _ _ _ _ _ _ _ _ _ _ _ _ _ _ _ _ _ _ \npages/item_page.py:40: in add_item_to_cart\n    self.find_element(self._add_item).click()\nbase/seleniumbase.py:17: in find_element\n    return self.driver.find_element(*locator)\n/usr/local/lib/python3.11/site-packages/selenium/webdriver/remote/webdriver.py:739: in find_element\n    return self.execute(Command.FIND_ELEMENT, {\"using\": by, \"value\": value})[\"value\"]\n/usr/local/lib/python3.11/site-packages/selenium/webdriver/remote/webdriver.py:345: in execute\n    self.error_handler.check_response(response)\n_ _ _ _ _ _ _ _ _ _ _ _ _ _ _ _ _ _ _ _ _ _ _ _ _ _ _ _ _ _ _ _ _ _ _ _ _ _ _ _ \n\nself = <selenium.webdriver.remote.errorhandler.ErrorHandler object at 0x7f4c1f577810>\nresponse = {'status': 404, 'value': '{\"value\":{\"error\":\"no such element\",\"message\":\"no such element: Unable to locate element: {\\...\\\\n#16 0x556cd285493b \\\\u003Cunknown>\\\\n#17 0x556cd28649f4 \\\\u003Cunknown>\\\\n#18 0x7f34df14b134 \\\\u003Cunknown>\\\\n\"}}'}\n\n    def check_response(self, response: Dict[str, Any]) -> None:\n        \"\"\"Checks that a JSON response from the WebDriver does not have an\n        error.\n    \n        :Args:\n         - response - The JSON response from the WebDriver server as a dictionary\n           object.\n    \n        :Raises: If the response contains an error message.\n        \"\"\"\n        status = response.get(\"status\", None)\n        if not status or status == ErrorCode.SUCCESS:\n            return\n        value = None\n        message = response.get(\"message\", \"\")\n        screen: str = response.get(\"screen\", \"\")\n        stacktrace = None\n        if isinstance(status, int):\n            value_json = response.get(\"value\", None)\n            if value_json and isinstance(value_json, str):\n                import json\n    \n                try:\n                    value = json.loads(value_json)\n                    if len(value) == 1:\n                        value = value[\"value\"]\n                    status = value.get(\"error\", None)\n                    if not status:\n                        status = value.get(\"status\", ErrorCode.UNKNOWN_ERROR)\n                        message = value.get(\"value\") or value.get(\"message\")\n                        if not isinstance(message, str):\n                            value = message\n                            message = message.get(\"message\")\n                    else:\n                        message = value.get(\"message\", None)\n                except ValueError:\n                    pass\n    \n        exception_class: Type[WebDriverException]\n        e = ErrorCode()\n        error_codes = [item for item in dir(e) if not item.startswith(\"__\")]\n        for error_code in error_codes:\n            error_info = getattr(ErrorCode, error_code)\n            if isinstance(error_info, list) and status in error_info:\n                exception_class = getattr(ExceptionMapping, error_code, WebDriverException)\n                break\n        else:\n            exception_class = WebDriverException\n    \n        if not value:\n            value = response[\"value\"]\n        if isinstance(value, str):\n            raise exception_class(value)\n        if message == \"\" and \"message\" in value:\n            message = value[\"message\"]\n    \n        screen = None  # type: ignore[assignment]\n        if \"screen\" in value:\n            screen = value[\"screen\"]\n    \n        stacktrace = None\n        st_value = value.get(\"stackTrace\") or value.get(\"stacktrace\")\n        if st_value:\n            if isinstance(st_value, str):\n                stacktrace = st_value.split(\"\\n\")\n            else:\n                stacktrace = []\n                try:\n                    for frame in st_value:\n                        line = frame.get(\"lineNumber\", \"\")\n                        file = frame.get(\"fileName\", \"<anonymous>\")\n                        if line:\n                            file = f\"{file}:{line}\"\n                        meth = frame.get(\"methodName\", \"<anonymous>\")\n                        if \"className\" in frame:\n                            meth = f\"{frame['className']}.{meth}\"\n                        msg = \"    at %s (%s)\"\n                        msg = msg % (meth, file)\n                        stacktrace.append(msg)\n                except TypeError:\n                    pass\n        if exception_class == UnexpectedAlertPresentException:\n            alert_text = None\n            if \"data\" in value:\n                alert_text = value[\"data\"].get(\"text\")\n            elif \"alert\" in value:\n                alert_text = value[\"alert\"].get(\"text\")\n            raise exception_class(message, screen, stacktrace, alert_text)  # type: ignore[call-arg]  # mypy is not smart enough here\n>       raise exception_class(message, screen, stacktrace)\nE       selenium.common.exceptions.NoSuchElementException: Message: no such element: Unable to locate element: {\"method\":\"xpath\",\"selector\":\"(//a[@class='add-to-cart yellow-btn'])[1]\"}\nE         (Session info: chrome-headless-shell=123.0.6312.86); For documentation on this error, please visit: https://www.selenium.dev/documentation/webdriver/troubleshooting/errors#no-such-element-exception\nE       Stacktrace:\nE       #0 0x556cd28658a3 <unknown>\nE       #1 0x556cd255b8c6 <unknown>\nE       #2 0x556cd25a6618 <unknown>\nE       #3 0x556cd25a66d1 <unknown>\nE       #4 0x556cd25e9744 <unknown>\nE       #5 0x556cd25c85cd <unknown>\nE       #6 0x556cd25e6c19 <unknown>\nE       #7 0x556cd25c8343 <unknown>\nE       #8 0x556cd2599593 <unknown>\nE       #9 0x556cd2599f5e <unknown>\nE       #10 0x556cd282988b <unknown>\nE       #11 0x556cd282d7e5 <unknown>\nE       #12 0x556cd28175b1 <unknown>\nE       #13 0x556cd282e372 <unknown>\nE       #14 0x556cd27fc8bf <unknown>\nE       #15 0x556cd2854768 <unknown>\nE       #16 0x556cd285493b <unknown>\nE       #17 0x556cd28649f4 <unknown>\nE       #18 0x7f34df14b134 <unknown>\n\n/usr/local/lib/python3.11/site-packages/selenium/webdriver/remote/errorhandler.py:229: NoSuchElementException","steps":[{"name":"Добавляем товар в корзину в количестве 13","time":{"start":1712019315447,"stop":1712019315458,"duration":11},"status":"broken","statusMessage":"selenium.common.exceptions.NoSuchElementException: Message: no such element: Unable to locate element: {\"method\":\"xpath\",\"selector\":\"(//a[@class='add-to-cart yellow-btn'])[1]\"}\n  (Session info: chrome-headless-shell=123.0.6312.86); For documentation on this error, please visit: https://www.selenium.dev/documentation/webdriver/troubleshooting/errors#no-such-element-exception\nStacktrace:\n#0 0x556cd28658a3 <unknown>\n#1 0x556cd255b8c6 <unknown>\n#2 0x556cd25a6618 <unknown>\n#3 0x556cd25a66d1 <unknown>\n#4 0x556cd25e9744 <unknown>\n#5 0x556cd25c85cd <unknown>\n#6 0x556cd25e6c19 <unknown>\n#7 0x556cd25c8343 <unknown>\n#8 0x556cd2599593 <unknown>\n#9 0x556cd2599f5e <unknown>\n#10 0x556cd282988b <unknown>\n#11 0x556cd282d7e5 <unknown>\n#12 0x556cd28175b1 <unknown>\n#13 0x556cd282e372 <unknown>\n#14 0x556cd27fc8bf <unknown>\n#15 0x556cd2854768 <unknown>\n#16 0x556cd285493b <unknown>\n#17 0x556cd28649f4 <unknown>\n#18 0x7f34df14b134 <unknown>\n\n","statusTrace":"  File \"/usr/local/lib/python3.11/site-packages/allure_commons/_allure.py\", line 192, in impl\n    return func(*a, **kw)\n           ^^^^^^^^^^^^^^\n  File \"/app/pages/item_page.py\", line 40, in add_item_to_cart\n    self.find_element(self._add_item).click()\n    ^^^^^^^^^^^^^^^^^^^^^^^^^^^^^^^^^\n  File \"/app/base/seleniumbase.py\", line 17, in find_element\n    return self.driver.find_element(*locator)\n           ^^^^^^^^^^^^^^^^^^^^^^^^^^^^^^^^^^\n  File \"/usr/local/lib/python3.11/site-packages/selenium/webdriver/remote/webdriver.py\", line 739, in find_element\n    return self.execute(Command.FIND_ELEMENT, {\"using\": by, \"value\": value})[\"value\"]\n           ^^^^^^^^^^^^^^^^^^^^^^^^^^^^^^^^^^^^^^^^^^^^^^^^^^^^^^^^^^^^^^^^^\n  File \"/usr/local/lib/python3.11/site-packages/selenium/webdriver/remote/webdriver.py\", line 345, in execute\n    self.error_handler.check_response(response)\n  File \"/usr/local/lib/python3.11/site-packages/selenium/webdriver/remote/errorhandler.py\", line 229, in check_response\n    raise exception_class(message, screen, stacktrace)\n","steps":[],"attachments":[],"parameters":[{"name":"amount","value":"13"}],"hasContent":true,"attachmentStep":false,"shouldDisplayMessage":true,"stepsCount":0,"attachmentsCount":0}],"attachments":[{"uid":"f40c815ce159833d","name":"Screenshot","source":"f40c815ce159833d.png","type":"image/png","size":5862},{"uid":"1c2c98a9251e18f5","name":"HTML source","source":"1c2c98a9251e18f5.html","type":"text/html","size":39}],"parameters":[],"hasContent":true,"attachmentStep":false,"shouldDisplayMessage":true,"stepsCount":1,"attachmentsCount":2},"afterStages":[{"name":"driver::0","time":{"start":1712019315567,"stop":1712019315624,"duration":57},"status":"passed","steps":[],"attachments":[],"parameters":[],"hasContent":false,"attachmentStep":false,"shouldDisplayMessage":false,"stepsCount":0,"attachmentsCount":0},{"name":"setup::0","time":{"start":1712019315567,"stop":1712019315567,"duration":0},"status":"passed","steps":[],"attachments":[],"parameters":[],"hasContent":false,"attachmentStep":false,"shouldDisplayMessage":false,"stepsCount":0,"attachmentsCount":0}],"labels":[{"name":"epic","value":"Delivery Page - calculation"},{"name":"tag","value":"smoke_test"},{"name":"tag","value":"@pytest.mark.xfail"},{"name":"parentSuite","value":"tests.delivery"},{"name":"suite","value":"test_delivery_calculation"},{"name":"subSuite","value":"TestDeliveryPageCalculation"},{"name":"host","value":"4d41c58e99ba"},{"name":"thread","value":"1-MainThread"},{"name":"framework","value":"pytest"},{"name":"language","value":"cpython3"},{"name":"package","value":"tests.delivery.test_delivery_calculation"},{"name":"resultFormat","value":"allure2"}],"parameters":[{"name":"all_time","value":"3320"},{"name":"amount","value":"13"},{"name":"case_id","value":"'TD 017'"},{"name":"in_time","value":"2390"},{"name":"link_item","value":"'products/shtukaturka-gipsovaya-aksolit-m50-30-kg-mashinnogo-naneseniya'"},{"name":"standard","value":"650"},{"name":"url","value":"'https://sandboxtest.stroyrem-nn.ru/'"},{"name":"weight","value":"400"}],"links":[],"hidden":false,"retry":false,"extra":{"severity":"normal","retries":[],"categories":[],"history":{"statistic":{"failed":0,"broken":13,"skipped":204,"passed":0,"unknown":0,"total":217},"items":[{"uid":"87ecfc472c19da0c","reportUrl":"https://Nat754.github.io/StroyremAutomation/264//#testresult/87ecfc472c19da0c","status":"skipped","statusDetails":"XFAIL\n\nselenium.common.exceptions.NoSuchElementException: Message: no such element: Unable to locate element: {\"method\":\"xpath\",\"selector\":\"(//a[@class='add-to-cart yellow-btn'])[1]\"}\n  (Session info: chrome-headless-shell=123.0.6312.86); For documentation on this error, please visit: https://www.selenium.dev/documentation/webdriver/troubleshooting/errors#no-such-element-exception\nStacktrace:\n#0 0x55e92f0f38a3 <unknown>\n#1 0x55e92ede98c6 <unknown>\n#2 0x55e92ee34618 <unknown>\n#3 0x55e92ee346d1 <unknown>\n#4 0x55e92ee77744 <unknown>\n#5 0x55e92ee565cd <unknown>\n#6 0x55e92ee74c19 <unknown>\n#7 0x55e92ee56343 <unknown>\n#8 0x55e92ee27593 <unknown>\n#9 0x55e92ee27f5e <unknown>\n#10 0x55e92f0b788b <unknown>\n#11 0x55e92f0bb7e5 <unknown>\n#12 0x55e92f0a55b1 <unknown>\n#13 0x55e92f0bc372 <unknown>\n#14 0x55e92f08a8bf <unknown>\n#15 0x55e92f0e2768 <unknown>\n#16 0x55e92f0e293b <unknown>\n#17 0x55e92f0f29f4 <unknown>\n#18 0x7f7fa0016134 <unknown>","time":{"start":1711933130790,"stop":1711933131218,"duration":428}},{"uid":"88626a5526ea81d2","reportUrl":"https://Nat754.github.io/StroyremAutomation/263//#testresult/88626a5526ea81d2","status":"skipped","statusDetails":"XFAIL\n\nselenium.common.exceptions.NoSuchElementException: Message: no such element: Unable to locate element: {\"method\":\"xpath\",\"selector\":\"(//a[@class='add-to-cart yellow-btn'])[1]\"}\n  (Session info: chrome-headless-shell=123.0.6312.86); For documentation on this error, please visit: https://www.selenium.dev/documentation/webdriver/troubleshooting/errors#no-such-element-exception\nStacktrace:\n#0 0x55d15f2b08a3 <unknown>\n#1 0x55d15efa68c6 <unknown>\n#2 0x55d15eff1618 <unknown>\n#3 0x55d15eff16d1 <unknown>\n#4 0x55d15f034744 <unknown>\n#5 0x55d15f0135cd <unknown>\n#6 0x55d15f031c19 <unknown>\n#7 0x55d15f013343 <unknown>\n#8 0x55d15efe4593 <unknown>\n#9 0x55d15efe4f5e <unknown>\n#10 0x55d15f27488b <unknown>\n#11 0x55d15f2787e5 <unknown>\n#12 0x55d15f2625b1 <unknown>\n#13 0x55d15f279372 <unknown>\n#14 0x55d15f2478bf <unknown>\n#15 0x55d15f29f768 <unknown>\n#16 0x55d15f29f93b <unknown>\n#17 0x55d15f2af9f4 <unknown>\n#18 0x7ff642451134 <unknown>","time":{"start":1711846682863,"stop":1711846683153,"duration":290}},{"uid":"392f720fde93f2e7","reportUrl":"https://Nat754.github.io/StroyremAutomation/262//#testresult/392f720fde93f2e7","status":"skipped","statusDetails":"XFAIL\n\nselenium.common.exceptions.NoSuchElementException: Message: no such element: Unable to locate element: {\"method\":\"xpath\",\"selector\":\"(//a[@class='add-to-cart yellow-btn'])[1]\"}\n  (Session info: chrome-headless-shell=123.0.6312.86); For documentation on this error, please visit: https://www.selenium.dev/documentation/webdriver/troubleshooting/errors#no-such-element-exception\nStacktrace:\n#0 0x55587cc068a3 <unknown>\n#1 0x55587c8fc8c6 <unknown>\n#2 0x55587c947618 <unknown>\n#3 0x55587c9476d1 <unknown>\n#4 0x55587c98a744 <unknown>\n#5 0x55587c9695cd <unknown>\n#6 0x55587c987c19 <unknown>\n#7 0x55587c969343 <unknown>\n#8 0x55587c93a593 <unknown>\n#9 0x55587c93af5e <unknown>\n#10 0x55587cbca88b <unknown>\n#11 0x55587cbce7e5 <unknown>\n#12 0x55587cbb85b1 <unknown>\n#13 0x55587cbcf372 <unknown>\n#14 0x55587cb9d8bf <unknown>\n#15 0x55587cbf5768 <unknown>\n#16 0x55587cbf593b <unknown>\n#17 0x55587cc059f4 <unknown>\n#18 0x7f4c0bf75134 <unknown>","time":{"start":1711759835907,"stop":1711759836233,"duration":326}},{"uid":"82d9a03b08941fb3","reportUrl":"https://Nat754.github.io/StroyremAutomation/261//#testresult/82d9a03b08941fb3","status":"skipped","statusDetails":"XFAIL\n\nselenium.common.exceptions.NoSuchElementException: Message: no such element: Unable to locate element: {\"method\":\"xpath\",\"selector\":\"(//a[@class='add-to-cart yellow-btn'])[1]\"}\n  (Session info: chrome-headless-shell=123.0.6312.86); For documentation on this error, please visit: https://www.selenium.dev/documentation/webdriver/troubleshooting/errors#no-such-element-exception\nStacktrace:\n#0 0x5559ddd978a3 <unknown>\n#1 0x5559dda8d8c6 <unknown>\n#2 0x5559ddad8618 <unknown>\n#3 0x5559ddad86d1 <unknown>\n#4 0x5559ddb1b744 <unknown>\n#5 0x5559ddafa5cd <unknown>\n#6 0x5559ddb18c19 <unknown>\n#7 0x5559ddafa343 <unknown>\n#8 0x5559ddacb593 <unknown>\n#9 0x5559ddacbf5e <unknown>\n#10 0x5559ddd5b88b <unknown>\n#11 0x5559ddd5f7e5 <unknown>\n#12 0x5559ddd495b1 <unknown>\n#13 0x5559ddd60372 <unknown>\n#14 0x5559ddd2e8bf <unknown>\n#15 0x5559ddd86768 <unknown>\n#16 0x5559ddd8693b <unknown>\n#17 0x5559ddd969f4 <unknown>\n#18 0x7f15ecfaa134 <unknown>","time":{"start":1711673584456,"stop":1711673584778,"duration":322}},{"uid":"5a74ecdedefe6c37","reportUrl":"https://Nat754.github.io/StroyremAutomation/260//#testresult/5a74ecdedefe6c37","status":"skipped","statusDetails":"XFAIL\n\nselenium.common.exceptions.NoSuchElementException: Message: no such element: Unable to locate element: {\"method\":\"xpath\",\"selector\":\"(//a[@class='add-to-cart yellow-btn'])[1]\"}\n  (Session info: chrome-headless-shell=123.0.6312.86); For documentation on this error, please visit: https://www.selenium.dev/documentation/webdriver/troubleshooting/errors#no-such-element-exception\nStacktrace:\n#0 0x564ebd9c98a3 <unknown>\n#1 0x564ebd6bf8c6 <unknown>\n#2 0x564ebd70a618 <unknown>\n#3 0x564ebd70a6d1 <unknown>\n#4 0x564ebd74d744 <unknown>\n#5 0x564ebd72c5cd <unknown>\n#6 0x564ebd74ac19 <unknown>\n#7 0x564ebd72c343 <unknown>\n#8 0x564ebd6fd593 <unknown>\n#9 0x564ebd6fdf5e <unknown>\n#10 0x564ebd98d88b <unknown>\n#11 0x564ebd9917e5 <unknown>\n#12 0x564ebd97b5b1 <unknown>\n#13 0x564ebd992372 <unknown>\n#14 0x564ebd9608bf <unknown>\n#15 0x564ebd9b8768 <unknown>\n#16 0x564ebd9b893b <unknown>\n#17 0x564ebd9c89f4 <unknown>\n#18 0x7f6de5e02134 <unknown>","time":{"start":1711587187715,"stop":1711587188236,"duration":521}},{"uid":"1227795918a1699a","reportUrl":"https://Nat754.github.io/StroyremAutomation/259//#testresult/1227795918a1699a","status":"skipped","statusDetails":"XFAIL\n\nselenium.common.exceptions.NoSuchElementException: Message: no such element: Unable to locate element: {\"method\":\"xpath\",\"selector\":\"(//a[@class='add-to-cart yellow-btn'])[1]\"}\n  (Session info: chrome-headless-shell=123.0.6312.86); For documentation on this error, please visit: https://www.selenium.dev/documentation/webdriver/troubleshooting/errors#no-such-element-exception\nStacktrace:\n#0 0x5600cc2f38a3 <unknown>\n#1 0x5600cbfe98c6 <unknown>\n#2 0x5600cc034618 <unknown>\n#3 0x5600cc0346d1 <unknown>\n#4 0x5600cc077744 <unknown>\n#5 0x5600cc0565cd <unknown>\n#6 0x5600cc074c19 <unknown>\n#7 0x5600cc056343 <unknown>\n#8 0x5600cc027593 <unknown>\n#9 0x5600cc027f5e <unknown>\n#10 0x5600cc2b788b <unknown>\n#11 0x5600cc2bb7e5 <unknown>\n#12 0x5600cc2a55b1 <unknown>\n#13 0x5600cc2bc372 <unknown>\n#14 0x5600cc28a8bf <unknown>\n#15 0x5600cc2e2768 <unknown>\n#16 0x5600cc2e293b <unknown>\n#17 0x5600cc2f29f4 <unknown>\n#18 0x7f45fc527134 <unknown>","time":{"start":1711500740761,"stop":1711500741085,"duration":324}},{"uid":"8da35b93160cd3b0","reportUrl":"https://Nat754.github.io/StroyremAutomation/258//#testresult/8da35b93160cd3b0","status":"skipped","statusDetails":"XFAIL\n\nselenium.common.exceptions.NoSuchElementException: Message: no such element: Unable to locate element: {\"method\":\"xpath\",\"selector\":\"(//a[@class='add-to-cart yellow-btn'])[1]\"}\n  (Session info: chrome-headless-shell=123.0.6312.58); For documentation on this error, please visit: https://www.selenium.dev/documentation/webdriver/troubleshooting/errors#no-such-element-exception\nStacktrace:\n#0 0x55cae20d6993 <unknown>\n#1 0x55cae1dd1136 <unknown>\n#2 0x55cae1e1bd48 <unknown>\n#3 0x55cae1e1be01 <unknown>\n#4 0x55cae1e5ee44 <unknown>\n#5 0x55cae1e3dcfd <unknown>\n#6 0x55cae1e5c319 <unknown>\n#7 0x55cae1e3da73 <unknown>\n#8 0x55cae1e0ec93 <unknown>\n#9 0x55cae1e0f65e <unknown>\n#10 0x55cae209b08b <unknown>\n#11 0x55cae209f005 <unknown>\n#12 0x55cae2089491 <unknown>\n#13 0x55cae209fb92 <unknown>\n#14 0x55cae206e9ef <unknown>\n#15 0x55cae20c5df8 <unknown>\n#16 0x55cae20c5fcb <unknown>\n#17 0x55cae20d5ae4 <unknown>\n#18 0x7f1e8ae30134 <unknown>","time":{"start":1711414397634,"stop":1711414398025,"duration":391}},{"uid":"33c1dc2e3bd82cb","reportUrl":"https://Nat754.github.io/StroyremAutomation/257//#testresult/33c1dc2e3bd82cb","status":"skipped","statusDetails":"XFAIL\n\nselenium.common.exceptions.NoSuchElementException: Message: no such element: Unable to locate element: {\"method\":\"xpath\",\"selector\":\"(//a[@class='add-to-cart yellow-btn'])[1]\"}\n  (Session info: chrome-headless-shell=123.0.6312.58); For documentation on this error, please visit: https://www.selenium.dev/documentation/webdriver/troubleshooting/errors#no-such-element-exception\nStacktrace:\n#0 0x5625fdbc6993 <unknown>\n#1 0x5625fd8c1136 <unknown>\n#2 0x5625fd90bd48 <unknown>\n#3 0x5625fd90be01 <unknown>\n#4 0x5625fd94ee44 <unknown>\n#5 0x5625fd92dcfd <unknown>\n#6 0x5625fd94c319 <unknown>\n#7 0x5625fd92da73 <unknown>\n#8 0x5625fd8fec93 <unknown>\n#9 0x5625fd8ff65e <unknown>\n#10 0x5625fdb8b08b <unknown>\n#11 0x5625fdb8f005 <unknown>\n#12 0x5625fdb79491 <unknown>\n#13 0x5625fdb8fb92 <unknown>\n#14 0x5625fdb5e9ef <unknown>\n#15 0x5625fdbb5df8 <unknown>\n#16 0x5625fdbb5fcb <unknown>\n#17 0x5625fdbc5ae4 <unknown>\n#18 0x7fb136bb8134 <unknown>","time":{"start":1711328064307,"stop":1711328064596,"duration":289}},{"uid":"a5ed5831207214d1","reportUrl":"https://Nat754.github.io/StroyremAutomation/256//#testresult/a5ed5831207214d1","status":"skipped","statusDetails":"XFAIL\n\nselenium.common.exceptions.NoSuchElementException: Message: no such element: Unable to locate element: {\"method\":\"xpath\",\"selector\":\"(//a[@class='add-to-cart yellow-btn'])[1]\"}\n  (Session info: chrome-headless-shell=123.0.6312.58); For documentation on this error, please visit: https://www.selenium.dev/documentation/webdriver/troubleshooting/errors#no-such-element-exception\nStacktrace:\n#0 0x564e500d4993 <unknown>\n#1 0x564e4fdcf136 <unknown>\n#2 0x564e4fe19d48 <unknown>\n#3 0x564e4fe19e01 <unknown>\n#4 0x564e4fe5ce44 <unknown>\n#5 0x564e4fe3bcfd <unknown>\n#6 0x564e4fe5a319 <unknown>\n#7 0x564e4fe3ba73 <unknown>\n#8 0x564e4fe0cc93 <unknown>\n#9 0x564e4fe0d65e <unknown>\n#10 0x564e5009908b <unknown>\n#11 0x564e5009d005 <unknown>\n#12 0x564e50087491 <unknown>\n#13 0x564e5009db92 <unknown>\n#14 0x564e5006c9ef <unknown>\n#15 0x564e500c3df8 <unknown>\n#16 0x564e500c3fcb <unknown>\n#17 0x564e500d3ae4 <unknown>\n#18 0x7f740574a134 <unknown>","time":{"start":1711241893026,"stop":1711241893357,"duration":331}},{"uid":"66782ac4133591ab","reportUrl":"https://Nat754.github.io/StroyremAutomation/255//#testresult/66782ac4133591ab","status":"skipped","statusDetails":"XFAIL\n\nselenium.common.exceptions.NoSuchElementException: Message: no such element: Unable to locate element: {\"method\":\"xpath\",\"selector\":\"(//a[@class='add-to-cart yellow-btn'])[1]\"}\n  (Session info: chrome-headless-shell=123.0.6312.58); For documentation on this error, please visit: https://www.selenium.dev/documentation/webdriver/troubleshooting/errors#no-such-element-exception\nStacktrace:\n#0 0x55a557b73993 <unknown>\n#1 0x55a55786e136 <unknown>\n#2 0x55a5578b8d48 <unknown>\n#3 0x55a5578b8e01 <unknown>\n#4 0x55a5578fbe44 <unknown>\n#5 0x55a5578dacfd <unknown>\n#6 0x55a5578f9319 <unknown>\n#7 0x55a5578daa73 <unknown>\n#8 0x55a5578abc93 <unknown>\n#9 0x55a5578ac65e <unknown>\n#10 0x55a557b3808b <unknown>\n#11 0x55a557b3c005 <unknown>\n#12 0x55a557b26491 <unknown>\n#13 0x55a557b3cb92 <unknown>\n#14 0x55a557b0b9ef <unknown>\n#15 0x55a557b62df8 <unknown>\n#16 0x55a557b62fcb <unknown>\n#17 0x55a557b72ae4 <unknown>\n#18 0x7f06ae2ad134 <unknown>","time":{"start":1711155056564,"stop":1711155056970,"duration":406}},{"uid":"473561084f7e7efe","reportUrl":"https://Nat754.github.io/StroyremAutomation/254//#testresult/473561084f7e7efe","status":"skipped","statusDetails":"XFAIL\n\nselenium.common.exceptions.NoSuchElementException: Message: no such element: Unable to locate element: {\"method\":\"xpath\",\"selector\":\"(//a[@class='add-to-cart yellow-btn'])[1]\"}\n  (Session info: chrome-headless-shell=123.0.6312.58); For documentation on this error, please visit: https://www.selenium.dev/documentation/webdriver/troubleshooting/errors#no-such-element-exception\nStacktrace:\n#0 0x563b2ccee993 <unknown>\n#1 0x563b2c9e9136 <unknown>\n#2 0x563b2ca33d48 <unknown>\n#3 0x563b2ca33e01 <unknown>\n#4 0x563b2ca76e44 <unknown>\n#5 0x563b2ca55cfd <unknown>\n#6 0x563b2ca74319 <unknown>\n#7 0x563b2ca55a73 <unknown>\n#8 0x563b2ca26c93 <unknown>\n#9 0x563b2ca2765e <unknown>\n#10 0x563b2ccb308b <unknown>\n#11 0x563b2ccb7005 <unknown>\n#12 0x563b2cca1491 <unknown>\n#13 0x563b2ccb7b92 <unknown>\n#14 0x563b2cc869ef <unknown>\n#15 0x563b2ccdddf8 <unknown>\n#16 0x563b2ccddfcb <unknown>\n#17 0x563b2ccedae4 <unknown>\n#18 0x7faa0c019134 <unknown>","time":{"start":1711068724407,"stop":1711068724827,"duration":420}},{"uid":"8c451d01b52e17ad","reportUrl":"https://Nat754.github.io/StroyremAutomation/253//#testresult/8c451d01b52e17ad","status":"skipped","statusDetails":"XFAIL\n\nselenium.common.exceptions.NoSuchElementException: Message: no such element: Unable to locate element: {\"method\":\"xpath\",\"selector\":\"(//a[@class='add-to-cart yellow-btn'])[1]\"}\n  (Session info: chrome-headless-shell=123.0.6312.58); For documentation on this error, please visit: https://www.selenium.dev/documentation/webdriver/troubleshooting/errors#no-such-element-exception\nStacktrace:\n#0 0x560fd3d1c993 <unknown>\n#1 0x560fd3a17136 <unknown>\n#2 0x560fd3a61d48 <unknown>\n#3 0x560fd3a61e01 <unknown>\n#4 0x560fd3aa4e44 <unknown>\n#5 0x560fd3a83cfd <unknown>\n#6 0x560fd3aa2319 <unknown>\n#7 0x560fd3a83a73 <unknown>\n#8 0x560fd3a54c93 <unknown>\n#9 0x560fd3a5565e <unknown>\n#10 0x560fd3ce108b <unknown>\n#11 0x560fd3ce5005 <unknown>\n#12 0x560fd3ccf491 <unknown>\n#13 0x560fd3ce5b92 <unknown>\n#14 0x560fd3cb49ef <unknown>\n#15 0x560fd3d0bdf8 <unknown>\n#16 0x560fd3d0bfcb <unknown>\n#17 0x560fd3d1bae4 <unknown>\n#18 0x7fbaf98b2134 <unknown>","time":{"start":1710982495446,"stop":1710982496243,"duration":797}},{"uid":"4ad129b0ab0ae520","reportUrl":"https://Nat754.github.io/StroyremAutomation/252//#testresult/4ad129b0ab0ae520","status":"skipped","statusDetails":"XFAIL\n\nselenium.common.exceptions.NoSuchElementException: Message: no such element: Unable to locate element: {\"method\":\"xpath\",\"selector\":\"(//a[@class='add-to-cart yellow-btn'])[1]\"}\n  (Session info: chrome-headless-shell=123.0.6312.58); For documentation on this error, please visit: https://www.selenium.dev/documentation/webdriver/troubleshooting/errors#no-such-element-exception\nStacktrace:\n#0 0x607736b7b993 <unknown>\n#1 0x607736876136 <unknown>\n#2 0x6077368c0d48 <unknown>\n#3 0x6077368c0e01 <unknown>\n#4 0x607736903e44 <unknown>\n#5 0x6077368e2cfd <unknown>\n#6 0x607736901319 <unknown>\n#7 0x6077368e2a73 <unknown>\n#8 0x6077368b3c93 <unknown>\n#9 0x6077368b465e <unknown>\n#10 0x607736b4008b <unknown>\n#11 0x607736b44005 <unknown>\n#12 0x607736b2e491 <unknown>\n#13 0x607736b44b92 <unknown>\n#14 0x607736b139ef <unknown>\n#15 0x607736b6adf8 <unknown>\n#16 0x607736b6afcb <unknown>\n#17 0x607736b7aae4 <unknown>\n#18 0x75db197f6134 <unknown>","time":{"start":1710895896137,"stop":1710895896674,"duration":537}},{"uid":"fcffedde3b9aaea3","reportUrl":"https://Nat754.github.io/StroyremAutomation/251//#testresult/fcffedde3b9aaea3","status":"skipped","statusDetails":"XFAIL\n\nselenium.common.exceptions.NoSuchElementException: Message: no such element: Unable to locate element: {\"method\":\"xpath\",\"selector\":\"(//a[@class='add-to-cart yellow-btn'])[1]\"}\n  (Session info: chrome-headless-shell=122.0.6261.128); For documentation on this error, please visit: https://www.selenium.dev/documentation/webdriver/troubleshooting/errors#no-such-element-exception\nStacktrace:\n#0 0x5622878a5f33 <unknown>\n#1 0x56228759dce6 <unknown>\n#2 0x5622875e8e48 <unknown>\n#3 0x5622875e8f01 <unknown>\n#4 0x56228762c3f4 <unknown>\n#5 0x56228760aedd <unknown>\n#6 0x562287629899 <unknown>\n#7 0x56228760ac53 <unknown>\n#8 0x5622875dbdb3 <unknown>\n#9 0x5622875dc77e <unknown>\n#10 0x56228786b86b <unknown>\n#11 0x56228786f885 <unknown>\n#12 0x562287859181 <unknown>\n#13 0x562287870412 <unknown>\n#14 0x56228783d25f <unknown>\n#15 0x562287894528 <unknown>\n#16 0x562287894723 <unknown>\n#17 0x5622878a50e4 <unknown>\n#18 0x7fd7cd4c1134 <unknown>","time":{"start":1710809537337,"stop":1710809537961,"duration":624}},{"uid":"9e6b463bc1e7c1d9","reportUrl":"https://Nat754.github.io/StroyremAutomation/250//#testresult/9e6b463bc1e7c1d9","status":"skipped","statusDetails":"XFAIL\n\nselenium.common.exceptions.NoSuchElementException: Message: no such element: Unable to locate element: {\"method\":\"xpath\",\"selector\":\"(//a[@class='add-to-cart yellow-btn'])[1]\"}\n  (Session info: chrome-headless-shell=122.0.6261.128); For documentation on this error, please visit: https://www.selenium.dev/documentation/webdriver/troubleshooting/errors#no-such-element-exception\nStacktrace:\n#0 0x60861c773f33 <unknown>\n#1 0x60861c46bce6 <unknown>\n#2 0x60861c4b6e48 <unknown>\n#3 0x60861c4b6f01 <unknown>\n#4 0x60861c4fa3f4 <unknown>\n#5 0x60861c4d8edd <unknown>\n#6 0x60861c4f7899 <unknown>\n#7 0x60861c4d8c53 <unknown>\n#8 0x60861c4a9db3 <unknown>\n#9 0x60861c4aa77e <unknown>\n#10 0x60861c73986b <unknown>\n#11 0x60861c73d885 <unknown>\n#12 0x60861c727181 <unknown>\n#13 0x60861c73e412 <unknown>\n#14 0x60861c70b25f <unknown>\n#15 0x60861c762528 <unknown>\n#16 0x60861c762723 <unknown>\n#17 0x60861c7730e4 <unknown>\n#18 0x7d70a8beb134 <unknown>","time":{"start":1710723191161,"stop":1710723191491,"duration":330}},{"uid":"9ee7194e254ea12d","reportUrl":"https://Nat754.github.io/StroyremAutomation/249//#testresult/9ee7194e254ea12d","status":"skipped","statusDetails":"XFAIL\n\nselenium.common.exceptions.NoSuchElementException: Message: no such element: Unable to locate element: {\"method\":\"xpath\",\"selector\":\"(//a[@class='add-to-cart yellow-btn'])[1]\"}\n  (Session info: chrome-headless-shell=122.0.6261.128); For documentation on this error, please visit: https://www.selenium.dev/documentation/webdriver/troubleshooting/errors#no-such-element-exception\nStacktrace:\n#0 0x5ef481b25f33 <unknown>\n#1 0x5ef48181dce6 <unknown>\n#2 0x5ef481868e48 <unknown>\n#3 0x5ef481868f01 <unknown>\n#4 0x5ef4818ac3f4 <unknown>\n#5 0x5ef48188aedd <unknown>\n#6 0x5ef4818a9899 <unknown>\n#7 0x5ef48188ac53 <unknown>\n#8 0x5ef48185bdb3 <unknown>\n#9 0x5ef48185c77e <unknown>\n#10 0x5ef481aeb86b <unknown>\n#11 0x5ef481aef885 <unknown>\n#12 0x5ef481ad9181 <unknown>\n#13 0x5ef481af0412 <unknown>\n#14 0x5ef481abd25f <unknown>\n#15 0x5ef481b14528 <unknown>\n#16 0x5ef481b14723 <unknown>\n#17 0x5ef481b250e4 <unknown>\n#18 0x7b09700df134 <unknown>","time":{"start":1710636960527,"stop":1710636961139,"duration":612}},{"uid":"34ff60bbb946400c","reportUrl":"https://Nat754.github.io/StroyremAutomation/248//#testresult/34ff60bbb946400c","status":"skipped","statusDetails":"XFAIL\n\nselenium.common.exceptions.NoSuchElementException: Message: no such element: Unable to locate element: {\"method\":\"xpath\",\"selector\":\"(//a[@class='add-to-cart yellow-btn'])[1]\"}\n  (Session info: chrome-headless-shell=122.0.6261.128); For documentation on this error, please visit: https://www.selenium.dev/documentation/webdriver/troubleshooting/errors#no-such-element-exception\nStacktrace:\n#0 0x5ab4610f5f33 <unknown>\n#1 0x5ab460dedce6 <unknown>\n#2 0x5ab460e38e48 <unknown>\n#3 0x5ab460e38f01 <unknown>\n#4 0x5ab460e7c3f4 <unknown>\n#5 0x5ab460e5aedd <unknown>\n#6 0x5ab460e79899 <unknown>\n#7 0x5ab460e5ac53 <unknown>\n#8 0x5ab460e2bdb3 <unknown>\n#9 0x5ab460e2c77e <unknown>\n#10 0x5ab4610bb86b <unknown>\n#11 0x5ab4610bf885 <unknown>\n#12 0x5ab4610a9181 <unknown>\n#13 0x5ab4610c0412 <unknown>\n#14 0x5ab46108d25f <unknown>\n#15 0x5ab4610e4528 <unknown>\n#16 0x5ab4610e4723 <unknown>\n#17 0x5ab4610f50e4 <unknown>\n#18 0x7d02e93cb134 <unknown>","time":{"start":1710550236095,"stop":1710550236391,"duration":296}},{"uid":"111167f25f544137","reportUrl":"https://Nat754.github.io/StroyremAutomation/247//#testresult/111167f25f544137","status":"skipped","statusDetails":"XFAIL\n\nselenium.common.exceptions.NoSuchElementException: Message: no such element: Unable to locate element: {\"method\":\"xpath\",\"selector\":\"(//a[@class='add-to-cart yellow-btn'])[1]\"}\n  (Session info: chrome-headless-shell=122.0.6261.128); For documentation on this error, please visit: https://www.selenium.dev/documentation/webdriver/troubleshooting/errors#no-such-element-exception\nStacktrace:\n#0 0x60ac0c29bf33 <unknown>\n#1 0x60ac0bf93ce6 <unknown>\n#2 0x60ac0bfdee48 <unknown>\n#3 0x60ac0bfdef01 <unknown>\n#4 0x60ac0c0223f4 <unknown>\n#5 0x60ac0c000edd <unknown>\n#6 0x60ac0c01f899 <unknown>\n#7 0x60ac0c000c53 <unknown>\n#8 0x60ac0bfd1db3 <unknown>\n#9 0x60ac0bfd277e <unknown>\n#10 0x60ac0c26186b <unknown>\n#11 0x60ac0c265885 <unknown>\n#12 0x60ac0c24f181 <unknown>\n#13 0x60ac0c266412 <unknown>\n#14 0x60ac0c23325f <unknown>\n#15 0x60ac0c28a528 <unknown>\n#16 0x60ac0c28a723 <unknown>\n#17 0x60ac0c29b0e4 <unknown>\n#18 0x7774b2cc1134 <unknown>","time":{"start":1710463974297,"stop":1710463974639,"duration":342}},{"uid":"7661d0c32d02bd8f","reportUrl":"https://Nat754.github.io/StroyremAutomation/246//#testresult/7661d0c32d02bd8f","status":"skipped","statusDetails":"XFAIL\n\nselenium.common.exceptions.NoSuchElementException: Message: no such element: Unable to locate element: {\"method\":\"xpath\",\"selector\":\"(//a[@class='add-to-cart yellow-btn'])[1]\"}\n  (Session info: chrome-headless-shell=122.0.6261.128); For documentation on this error, please visit: https://www.selenium.dev/documentation/webdriver/troubleshooting/errors#no-such-element-exception\nStacktrace:\n#0 0x5abd8cdbaf33 <unknown>\n#1 0x5abd8cab2ce6 <unknown>\n#2 0x5abd8cafde48 <unknown>\n#3 0x5abd8cafdf01 <unknown>\n#4 0x5abd8cb413f4 <unknown>\n#5 0x5abd8cb1fedd <unknown>\n#6 0x5abd8cb3e899 <unknown>\n#7 0x5abd8cb1fc53 <unknown>\n#8 0x5abd8caf0db3 <unknown>\n#9 0x5abd8caf177e <unknown>\n#10 0x5abd8cd8086b <unknown>\n#11 0x5abd8cd84885 <unknown>\n#12 0x5abd8cd6e181 <unknown>\n#13 0x5abd8cd85412 <unknown>\n#14 0x5abd8cd5225f <unknown>\n#15 0x5abd8cda9528 <unknown>\n#16 0x5abd8cda9723 <unknown>\n#17 0x5abd8cdba0e4 <unknown>\n#18 0x725a316e2134 <unknown>","time":{"start":1710377555303,"stop":1710377555645,"duration":342}},{"uid":"a2b78a84b9fe458d","reportUrl":"https://Nat754.github.io/StroyremAutomation/245//#testresult/a2b78a84b9fe458d","status":"skipped","statusDetails":"XFAIL\n\nselenium.common.exceptions.NoSuchElementException: Message: no such element: Unable to locate element: {\"method\":\"xpath\",\"selector\":\"(//a[@class='add-to-cart yellow-btn'])[1]\"}\n  (Session info: chrome-headless-shell=122.0.6261.128); For documentation on this error, please visit: https://www.selenium.dev/documentation/webdriver/troubleshooting/errors#no-such-element-exception\nStacktrace:\n#0 0x5630a2681f33 <unknown>\n#1 0x5630a2379ce6 <unknown>\n#2 0x5630a23c4e48 <unknown>\n#3 0x5630a23c4f01 <unknown>\n#4 0x5630a24083f4 <unknown>\n#5 0x5630a23e6edd <unknown>\n#6 0x5630a2405899 <unknown>\n#7 0x5630a23e6c53 <unknown>\n#8 0x5630a23b7db3 <unknown>\n#9 0x5630a23b877e <unknown>\n#10 0x5630a264786b <unknown>\n#11 0x5630a264b885 <unknown>\n#12 0x5630a2635181 <unknown>\n#13 0x5630a264c412 <unknown>\n#14 0x5630a261925f <unknown>\n#15 0x5630a2670528 <unknown>\n#16 0x5630a2670723 <unknown>\n#17 0x5630a26810e4 <unknown>\n#18 0x7ff489500134 <unknown>","time":{"start":1710291221440,"stop":1710291221876,"duration":436}}]},"tags":["@pytest.mark.xfail","smoke_test"]},"source":"4e645540404bd0fb.json","parameterValues":["3320","13","'TD 017'","2390","'products/shtukaturka-gipsovaya-aksolit-m50-30-kg-mashinnogo-naneseniya'","650","'https://sandboxtest.stroyrem-nn.ru/'","400"]}