{"uid":"8ad2ccf3b3bc3842","name":"TD 019 Доставка товара весом до 1700кг. в синей зоне","fullName":"tests.delivery.test_delivery_calculation.TestDeliveryPageCalculation#test_positive_delivery_blue_zone_smoke","historyId":"7de17ed6f423399e8e6f079409b2bd41","time":{"start":1712019317629,"stop":1712019317919,"duration":290},"status":"skipped","statusMessage":"XFAIL\n\nselenium.common.exceptions.NoSuchElementException: Message: no such element: Unable to locate element: {\"method\":\"xpath\",\"selector\":\"(//a[@class='add-to-cart yellow-btn'])[1]\"}\n  (Session info: chrome-headless-shell=123.0.6312.86); For documentation on this error, please visit: https://www.selenium.dev/documentation/webdriver/troubleshooting/errors#no-such-element-exception\nStacktrace:\n#0 0x556fa8d618a3 <unknown>\n#1 0x556fa8a578c6 <unknown>\n#2 0x556fa8aa2618 <unknown>\n#3 0x556fa8aa26d1 <unknown>\n#4 0x556fa8ae5744 <unknown>\n#5 0x556fa8ac45cd <unknown>\n#6 0x556fa8ae2c19 <unknown>\n#7 0x556fa8ac4343 <unknown>\n#8 0x556fa8a95593 <unknown>\n#9 0x556fa8a95f5e <unknown>\n#10 0x556fa8d2588b <unknown>\n#11 0x556fa8d297e5 <unknown>\n#12 0x556fa8d135b1 <unknown>\n#13 0x556fa8d2a372 <unknown>\n#14 0x556fa8cf88bf <unknown>\n#15 0x556fa8d50768 <unknown>\n#16 0x556fa8d5093b <unknown>\n#17 0x556fa8d609f4 <unknown>\n#18 0x7fccf24b9134 <unknown>","statusTrace":"self = <tests.delivery.test_delivery_calculation.TestDeliveryPageCalculation object at 0x7f4c1eed8b90>\ndriver = <selenium.webdriver.chrome.webdriver.WebDriver (session=\"23f6bf8f2d90e23603f0f10c37ddb659\")>\nurl = 'https://sandboxtest.stroyrem-nn.ru/', case_id = 'TD 019'\nlink_item = 'products/shtukaturka-gipsovaya-aksolit-m50-30-kg-mashinnogo-naneseniya'\namount = 25, weight = 1700, standard = 1150, in_time = 2490, all_time = 3320\n\n    @pytest.mark.parametrize('case_id, link_item, amount, weight, standard, in_time, all_time', [\n        (\"TD 015\", bundeks_25, 1, 30, 650, 2390, 3320),\n        pytest.param(\n            \"TD 016\", aksolit_30, 8, 300, 650, 2390, 3320,\n            marks=pytest.mark.xfail(reson=\"Цена доставки: - - -\")\n        ),\n        (\"TD 017\", aksolit_30, 13, 400, 650, 2390, 3320),\n        (\"TD 018\", aksolit_30, 16, 500, 850, 2490, 3320),\n        (\"TD 019\", aksolit_30, 25, 1700, 1150, 2490, 3320),\n        (\"TD 020\", aksolit_30, 66, 2000, 1500, 2990, 3650),\n        (\"TD 021\", aksolit_30, 149, 4500, 2600, 4380, 4890),\n        (\"TD 022\", aksolit_30, 166, 5000, 2800, 5490, 5980),\n        pytest.param(\n            \"TD 023\", aksolit_30, 206, 6200, 3300, 7500, 8000,\n            marks=pytest.mark.xfail(reson=\"Цена доставки: 4300 9900 11440\")\n        ),\n        (\"TD 024\", aksolit_30, 299, 9000, 4300, 9900, 11440),\n        (\"TD 025\", aksolit_30, 333, 10000, 7000, 13900, 15900),\n        pytest.param(\n            \"TD 026\", aksolit_30, 366, 11000, 8000, 14900, 19900,\n            marks=pytest.mark.xfail(reson=\"Цена доставки: 7000 13900 15900\")\n        ),\n        pytest.param(\n            \"TD 027\", aksolit_30, 666, 20000, 14000, 16900, 23900,\n            marks=pytest.mark.xfail(reson=\"Цена доставки: 7000 13900 15900\")\n        )\n    ])\n    @pytest.mark.xfail\n    @pytest.mark.smoke_test\n    def test_positive_delivery_blue_zone_smoke(\n            self, driver, url, case_id, link_item, amount, weight, standard, in_time, all_time\n    ):\n        allure.dynamic.title(f\"{case_id} Доставка товара весом до {weight}кг. в синей зоне\")\n    \n        driver.get(f'{url}{link_item}')\n        item_page = ItemPage(driver)\n>       item_page.add_item_to_cart(amount).click_on_cart()\n\ntests/delivery/test_delivery_calculation.py:132: \n_ _ _ _ _ _ _ _ _ _ _ _ _ _ _ _ _ _ _ _ _ _ _ _ _ _ _ _ _ _ _ _ _ _ _ _ _ _ _ _ \npages/item_page.py:40: in add_item_to_cart\n    self.find_element(self._add_item).click()\nbase/seleniumbase.py:17: in find_element\n    return self.driver.find_element(*locator)\n/usr/local/lib/python3.11/site-packages/selenium/webdriver/remote/webdriver.py:739: in find_element\n    return self.execute(Command.FIND_ELEMENT, {\"using\": by, \"value\": value})[\"value\"]\n/usr/local/lib/python3.11/site-packages/selenium/webdriver/remote/webdriver.py:345: in execute\n    self.error_handler.check_response(response)\n_ _ _ _ _ _ _ _ _ _ _ _ _ _ _ _ _ _ _ _ _ _ _ _ _ _ _ _ _ _ _ _ _ _ _ _ _ _ _ _ \n\nself = <selenium.webdriver.remote.errorhandler.ErrorHandler object at 0x7f4c200dc950>\nresponse = {'status': 404, 'value': '{\"value\":{\"error\":\"no such element\",\"message\":\"no such element: Unable to locate element: {\\...\\\\n#16 0x556fa8d5093b \\\\u003Cunknown>\\\\n#17 0x556fa8d609f4 \\\\u003Cunknown>\\\\n#18 0x7fccf24b9134 \\\\u003Cunknown>\\\\n\"}}'}\n\n    def check_response(self, response: Dict[str, Any]) -> None:\n        \"\"\"Checks that a JSON response from the WebDriver does not have an\n        error.\n    \n        :Args:\n         - response - The JSON response from the WebDriver server as a dictionary\n           object.\n    \n        :Raises: If the response contains an error message.\n        \"\"\"\n        status = response.get(\"status\", None)\n        if not status or status == ErrorCode.SUCCESS:\n            return\n        value = None\n        message = response.get(\"message\", \"\")\n        screen: str = response.get(\"screen\", \"\")\n        stacktrace = None\n        if isinstance(status, int):\n            value_json = response.get(\"value\", None)\n            if value_json and isinstance(value_json, str):\n                import json\n    \n                try:\n                    value = json.loads(value_json)\n                    if len(value) == 1:\n                        value = value[\"value\"]\n                    status = value.get(\"error\", None)\n                    if not status:\n                        status = value.get(\"status\", ErrorCode.UNKNOWN_ERROR)\n                        message = value.get(\"value\") or value.get(\"message\")\n                        if not isinstance(message, str):\n                            value = message\n                            message = message.get(\"message\")\n                    else:\n                        message = value.get(\"message\", None)\n                except ValueError:\n                    pass\n    \n        exception_class: Type[WebDriverException]\n        e = ErrorCode()\n        error_codes = [item for item in dir(e) if not item.startswith(\"__\")]\n        for error_code in error_codes:\n            error_info = getattr(ErrorCode, error_code)\n            if isinstance(error_info, list) and status in error_info:\n                exception_class = getattr(ExceptionMapping, error_code, WebDriverException)\n                break\n        else:\n            exception_class = WebDriverException\n    \n        if not value:\n            value = response[\"value\"]\n        if isinstance(value, str):\n            raise exception_class(value)\n        if message == \"\" and \"message\" in value:\n            message = value[\"message\"]\n    \n        screen = None  # type: ignore[assignment]\n        if \"screen\" in value:\n            screen = value[\"screen\"]\n    \n        stacktrace = None\n        st_value = value.get(\"stackTrace\") or value.get(\"stacktrace\")\n        if st_value:\n            if isinstance(st_value, str):\n                stacktrace = st_value.split(\"\\n\")\n            else:\n                stacktrace = []\n                try:\n                    for frame in st_value:\n                        line = frame.get(\"lineNumber\", \"\")\n                        file = frame.get(\"fileName\", \"<anonymous>\")\n                        if line:\n                            file = f\"{file}:{line}\"\n                        meth = frame.get(\"methodName\", \"<anonymous>\")\n                        if \"className\" in frame:\n                            meth = f\"{frame['className']}.{meth}\"\n                        msg = \"    at %s (%s)\"\n                        msg = msg % (meth, file)\n                        stacktrace.append(msg)\n                except TypeError:\n                    pass\n        if exception_class == UnexpectedAlertPresentException:\n            alert_text = None\n            if \"data\" in value:\n                alert_text = value[\"data\"].get(\"text\")\n            elif \"alert\" in value:\n                alert_text = value[\"alert\"].get(\"text\")\n            raise exception_class(message, screen, stacktrace, alert_text)  # type: ignore[call-arg]  # mypy is not smart enough here\n>       raise exception_class(message, screen, stacktrace)\nE       selenium.common.exceptions.NoSuchElementException: Message: no such element: Unable to locate element: {\"method\":\"xpath\",\"selector\":\"(//a[@class='add-to-cart yellow-btn'])[1]\"}\nE         (Session info: chrome-headless-shell=123.0.6312.86); For documentation on this error, please visit: https://www.selenium.dev/documentation/webdriver/troubleshooting/errors#no-such-element-exception\nE       Stacktrace:\nE       #0 0x556fa8d618a3 <unknown>\nE       #1 0x556fa8a578c6 <unknown>\nE       #2 0x556fa8aa2618 <unknown>\nE       #3 0x556fa8aa26d1 <unknown>\nE       #4 0x556fa8ae5744 <unknown>\nE       #5 0x556fa8ac45cd <unknown>\nE       #6 0x556fa8ae2c19 <unknown>\nE       #7 0x556fa8ac4343 <unknown>\nE       #8 0x556fa8a95593 <unknown>\nE       #9 0x556fa8a95f5e <unknown>\nE       #10 0x556fa8d2588b <unknown>\nE       #11 0x556fa8d297e5 <unknown>\nE       #12 0x556fa8d135b1 <unknown>\nE       #13 0x556fa8d2a372 <unknown>\nE       #14 0x556fa8cf88bf <unknown>\nE       #15 0x556fa8d50768 <unknown>\nE       #16 0x556fa8d5093b <unknown>\nE       #17 0x556fa8d609f4 <unknown>\nE       #18 0x7fccf24b9134 <unknown>\n\n/usr/local/lib/python3.11/site-packages/selenium/webdriver/remote/errorhandler.py:229: NoSuchElementException","flaky":false,"newFailed":false,"newBroken":false,"newPassed":false,"retriesCount":0,"retriesStatusChange":false,"beforeStages":[{"name":"_session_faker","time":{"start":1712019083664,"stop":1712019083732,"duration":68},"status":"passed","steps":[],"attachments":[],"parameters":[],"hasContent":false,"attachmentStep":false,"shouldDisplayMessage":false,"stepsCount":0,"attachmentsCount":0},{"name":"clear_allure_results_folder","time":{"start":1712019083732,"stop":1712019083732,"duration":0},"status":"passed","steps":[],"attachments":[],"parameters":[],"hasContent":false,"attachmentStep":false,"shouldDisplayMessage":false,"stepsCount":0,"attachmentsCount":0},{"name":"driver","time":{"start":1712019316856,"stop":1712019317628,"duration":772},"status":"passed","steps":[],"attachments":[],"parameters":[],"hasContent":false,"attachmentStep":false,"shouldDisplayMessage":false,"stepsCount":0,"attachmentsCount":0},{"name":"setup","time":{"start":1712019317628,"stop":1712019317628,"duration":0},"status":"passed","steps":[],"attachments":[],"parameters":[],"hasContent":false,"attachmentStep":false,"shouldDisplayMessage":false,"stepsCount":0,"attachmentsCount":0}],"testStage":{"status":"skipped","statusMessage":"XFAIL\n\nselenium.common.exceptions.NoSuchElementException: Message: no such element: Unable to locate element: {\"method\":\"xpath\",\"selector\":\"(//a[@class='add-to-cart yellow-btn'])[1]\"}\n  (Session info: chrome-headless-shell=123.0.6312.86); For documentation on this error, please visit: https://www.selenium.dev/documentation/webdriver/troubleshooting/errors#no-such-element-exception\nStacktrace:\n#0 0x556fa8d618a3 <unknown>\n#1 0x556fa8a578c6 <unknown>\n#2 0x556fa8aa2618 <unknown>\n#3 0x556fa8aa26d1 <unknown>\n#4 0x556fa8ae5744 <unknown>\n#5 0x556fa8ac45cd <unknown>\n#6 0x556fa8ae2c19 <unknown>\n#7 0x556fa8ac4343 <unknown>\n#8 0x556fa8a95593 <unknown>\n#9 0x556fa8a95f5e <unknown>\n#10 0x556fa8d2588b <unknown>\n#11 0x556fa8d297e5 <unknown>\n#12 0x556fa8d135b1 <unknown>\n#13 0x556fa8d2a372 <unknown>\n#14 0x556fa8cf88bf <unknown>\n#15 0x556fa8d50768 <unknown>\n#16 0x556fa8d5093b <unknown>\n#17 0x556fa8d609f4 <unknown>\n#18 0x7fccf24b9134 <unknown>","statusTrace":"self = <tests.delivery.test_delivery_calculation.TestDeliveryPageCalculation object at 0x7f4c1eed8b90>\ndriver = <selenium.webdriver.chrome.webdriver.WebDriver (session=\"23f6bf8f2d90e23603f0f10c37ddb659\")>\nurl = 'https://sandboxtest.stroyrem-nn.ru/', case_id = 'TD 019'\nlink_item = 'products/shtukaturka-gipsovaya-aksolit-m50-30-kg-mashinnogo-naneseniya'\namount = 25, weight = 1700, standard = 1150, in_time = 2490, all_time = 3320\n\n    @pytest.mark.parametrize('case_id, link_item, amount, weight, standard, in_time, all_time', [\n        (\"TD 015\", bundeks_25, 1, 30, 650, 2390, 3320),\n        pytest.param(\n            \"TD 016\", aksolit_30, 8, 300, 650, 2390, 3320,\n            marks=pytest.mark.xfail(reson=\"Цена доставки: - - -\")\n        ),\n        (\"TD 017\", aksolit_30, 13, 400, 650, 2390, 3320),\n        (\"TD 018\", aksolit_30, 16, 500, 850, 2490, 3320),\n        (\"TD 019\", aksolit_30, 25, 1700, 1150, 2490, 3320),\n        (\"TD 020\", aksolit_30, 66, 2000, 1500, 2990, 3650),\n        (\"TD 021\", aksolit_30, 149, 4500, 2600, 4380, 4890),\n        (\"TD 022\", aksolit_30, 166, 5000, 2800, 5490, 5980),\n        pytest.param(\n            \"TD 023\", aksolit_30, 206, 6200, 3300, 7500, 8000,\n            marks=pytest.mark.xfail(reson=\"Цена доставки: 4300 9900 11440\")\n        ),\n        (\"TD 024\", aksolit_30, 299, 9000, 4300, 9900, 11440),\n        (\"TD 025\", aksolit_30, 333, 10000, 7000, 13900, 15900),\n        pytest.param(\n            \"TD 026\", aksolit_30, 366, 11000, 8000, 14900, 19900,\n            marks=pytest.mark.xfail(reson=\"Цена доставки: 7000 13900 15900\")\n        ),\n        pytest.param(\n            \"TD 027\", aksolit_30, 666, 20000, 14000, 16900, 23900,\n            marks=pytest.mark.xfail(reson=\"Цена доставки: 7000 13900 15900\")\n        )\n    ])\n    @pytest.mark.xfail\n    @pytest.mark.smoke_test\n    def test_positive_delivery_blue_zone_smoke(\n            self, driver, url, case_id, link_item, amount, weight, standard, in_time, all_time\n    ):\n        allure.dynamic.title(f\"{case_id} Доставка товара весом до {weight}кг. в синей зоне\")\n    \n        driver.get(f'{url}{link_item}')\n        item_page = ItemPage(driver)\n>       item_page.add_item_to_cart(amount).click_on_cart()\n\ntests/delivery/test_delivery_calculation.py:132: \n_ _ _ _ _ _ _ _ _ _ _ _ _ _ _ _ _ _ _ _ _ _ _ _ _ _ _ _ _ _ _ _ _ _ _ _ _ _ _ _ \npages/item_page.py:40: in add_item_to_cart\n    self.find_element(self._add_item).click()\nbase/seleniumbase.py:17: in find_element\n    return self.driver.find_element(*locator)\n/usr/local/lib/python3.11/site-packages/selenium/webdriver/remote/webdriver.py:739: in find_element\n    return self.execute(Command.FIND_ELEMENT, {\"using\": by, \"value\": value})[\"value\"]\n/usr/local/lib/python3.11/site-packages/selenium/webdriver/remote/webdriver.py:345: in execute\n    self.error_handler.check_response(response)\n_ _ _ _ _ _ _ _ _ _ _ _ _ _ _ _ _ _ _ _ _ _ _ _ _ _ _ _ _ _ _ _ _ _ _ _ _ _ _ _ \n\nself = <selenium.webdriver.remote.errorhandler.ErrorHandler object at 0x7f4c200dc950>\nresponse = {'status': 404, 'value': '{\"value\":{\"error\":\"no such element\",\"message\":\"no such element: Unable to locate element: {\\...\\\\n#16 0x556fa8d5093b \\\\u003Cunknown>\\\\n#17 0x556fa8d609f4 \\\\u003Cunknown>\\\\n#18 0x7fccf24b9134 \\\\u003Cunknown>\\\\n\"}}'}\n\n    def check_response(self, response: Dict[str, Any]) -> None:\n        \"\"\"Checks that a JSON response from the WebDriver does not have an\n        error.\n    \n        :Args:\n         - response - The JSON response from the WebDriver server as a dictionary\n           object.\n    \n        :Raises: If the response contains an error message.\n        \"\"\"\n        status = response.get(\"status\", None)\n        if not status or status == ErrorCode.SUCCESS:\n            return\n        value = None\n        message = response.get(\"message\", \"\")\n        screen: str = response.get(\"screen\", \"\")\n        stacktrace = None\n        if isinstance(status, int):\n            value_json = response.get(\"value\", None)\n            if value_json and isinstance(value_json, str):\n                import json\n    \n                try:\n                    value = json.loads(value_json)\n                    if len(value) == 1:\n                        value = value[\"value\"]\n                    status = value.get(\"error\", None)\n                    if not status:\n                        status = value.get(\"status\", ErrorCode.UNKNOWN_ERROR)\n                        message = value.get(\"value\") or value.get(\"message\")\n                        if not isinstance(message, str):\n                            value = message\n                            message = message.get(\"message\")\n                    else:\n                        message = value.get(\"message\", None)\n                except ValueError:\n                    pass\n    \n        exception_class: Type[WebDriverException]\n        e = ErrorCode()\n        error_codes = [item for item in dir(e) if not item.startswith(\"__\")]\n        for error_code in error_codes:\n            error_info = getattr(ErrorCode, error_code)\n            if isinstance(error_info, list) and status in error_info:\n                exception_class = getattr(ExceptionMapping, error_code, WebDriverException)\n                break\n        else:\n            exception_class = WebDriverException\n    \n        if not value:\n            value = response[\"value\"]\n        if isinstance(value, str):\n            raise exception_class(value)\n        if message == \"\" and \"message\" in value:\n            message = value[\"message\"]\n    \n        screen = None  # type: ignore[assignment]\n        if \"screen\" in value:\n            screen = value[\"screen\"]\n    \n        stacktrace = None\n        st_value = value.get(\"stackTrace\") or value.get(\"stacktrace\")\n        if st_value:\n            if isinstance(st_value, str):\n                stacktrace = st_value.split(\"\\n\")\n            else:\n                stacktrace = []\n                try:\n                    for frame in st_value:\n                        line = frame.get(\"lineNumber\", \"\")\n                        file = frame.get(\"fileName\", \"<anonymous>\")\n                        if line:\n                            file = f\"{file}:{line}\"\n                        meth = frame.get(\"methodName\", \"<anonymous>\")\n                        if \"className\" in frame:\n                            meth = f\"{frame['className']}.{meth}\"\n                        msg = \"    at %s (%s)\"\n                        msg = msg % (meth, file)\n                        stacktrace.append(msg)\n                except TypeError:\n                    pass\n        if exception_class == UnexpectedAlertPresentException:\n            alert_text = None\n            if \"data\" in value:\n                alert_text = value[\"data\"].get(\"text\")\n            elif \"alert\" in value:\n                alert_text = value[\"alert\"].get(\"text\")\n            raise exception_class(message, screen, stacktrace, alert_text)  # type: ignore[call-arg]  # mypy is not smart enough here\n>       raise exception_class(message, screen, stacktrace)\nE       selenium.common.exceptions.NoSuchElementException: Message: no such element: Unable to locate element: {\"method\":\"xpath\",\"selector\":\"(//a[@class='add-to-cart yellow-btn'])[1]\"}\nE         (Session info: chrome-headless-shell=123.0.6312.86); For documentation on this error, please visit: https://www.selenium.dev/documentation/webdriver/troubleshooting/errors#no-such-element-exception\nE       Stacktrace:\nE       #0 0x556fa8d618a3 <unknown>\nE       #1 0x556fa8a578c6 <unknown>\nE       #2 0x556fa8aa2618 <unknown>\nE       #3 0x556fa8aa26d1 <unknown>\nE       #4 0x556fa8ae5744 <unknown>\nE       #5 0x556fa8ac45cd <unknown>\nE       #6 0x556fa8ae2c19 <unknown>\nE       #7 0x556fa8ac4343 <unknown>\nE       #8 0x556fa8a95593 <unknown>\nE       #9 0x556fa8a95f5e <unknown>\nE       #10 0x556fa8d2588b <unknown>\nE       #11 0x556fa8d297e5 <unknown>\nE       #12 0x556fa8d135b1 <unknown>\nE       #13 0x556fa8d2a372 <unknown>\nE       #14 0x556fa8cf88bf <unknown>\nE       #15 0x556fa8d50768 <unknown>\nE       #16 0x556fa8d5093b <unknown>\nE       #17 0x556fa8d609f4 <unknown>\nE       #18 0x7fccf24b9134 <unknown>\n\n/usr/local/lib/python3.11/site-packages/selenium/webdriver/remote/errorhandler.py:229: NoSuchElementException","steps":[{"name":"Добавляем товар в корзину в количестве 25","time":{"start":1712019317907,"stop":1712019317919,"duration":12},"status":"broken","statusMessage":"selenium.common.exceptions.NoSuchElementException: Message: no such element: Unable to locate element: {\"method\":\"xpath\",\"selector\":\"(//a[@class='add-to-cart yellow-btn'])[1]\"}\n  (Session info: chrome-headless-shell=123.0.6312.86); For documentation on this error, please visit: https://www.selenium.dev/documentation/webdriver/troubleshooting/errors#no-such-element-exception\nStacktrace:\n#0 0x556fa8d618a3 <unknown>\n#1 0x556fa8a578c6 <unknown>\n#2 0x556fa8aa2618 <unknown>\n#3 0x556fa8aa26d1 <unknown>\n#4 0x556fa8ae5744 <unknown>\n#5 0x556fa8ac45cd <unknown>\n#6 0x556fa8ae2c19 <unknown>\n#7 0x556fa8ac4343 <unknown>\n#8 0x556fa8a95593 <unknown>\n#9 0x556fa8a95f5e <unknown>\n#10 0x556fa8d2588b <unknown>\n#11 0x556fa8d297e5 <unknown>\n#12 0x556fa8d135b1 <unknown>\n#13 0x556fa8d2a372 <unknown>\n#14 0x556fa8cf88bf <unknown>\n#15 0x556fa8d50768 <unknown>\n#16 0x556fa8d5093b <unknown>\n#17 0x556fa8d609f4 <unknown>\n#18 0x7fccf24b9134 <unknown>\n\n","statusTrace":"  File \"/usr/local/lib/python3.11/site-packages/allure_commons/_allure.py\", line 192, in impl\n    return func(*a, **kw)\n           ^^^^^^^^^^^^^^\n  File \"/app/pages/item_page.py\", line 40, in add_item_to_cart\n    self.find_element(self._add_item).click()\n    ^^^^^^^^^^^^^^^^^^^^^^^^^^^^^^^^^\n  File \"/app/base/seleniumbase.py\", line 17, in find_element\n    return self.driver.find_element(*locator)\n           ^^^^^^^^^^^^^^^^^^^^^^^^^^^^^^^^^^\n  File \"/usr/local/lib/python3.11/site-packages/selenium/webdriver/remote/webdriver.py\", line 739, in find_element\n    return self.execute(Command.FIND_ELEMENT, {\"using\": by, \"value\": value})[\"value\"]\n           ^^^^^^^^^^^^^^^^^^^^^^^^^^^^^^^^^^^^^^^^^^^^^^^^^^^^^^^^^^^^^^^^^\n  File \"/usr/local/lib/python3.11/site-packages/selenium/webdriver/remote/webdriver.py\", line 345, in execute\n    self.error_handler.check_response(response)\n  File \"/usr/local/lib/python3.11/site-packages/selenium/webdriver/remote/errorhandler.py\", line 229, in check_response\n    raise exception_class(message, screen, stacktrace)\n","steps":[],"attachments":[],"parameters":[{"name":"amount","value":"25"}],"hasContent":true,"attachmentStep":false,"shouldDisplayMessage":true,"stepsCount":0,"attachmentsCount":0}],"attachments":[{"uid":"a52d4558d4ebcee5","name":"Screenshot","source":"a52d4558d4ebcee5.png","type":"image/png","size":5862},{"uid":"7df99692112cedc9","name":"HTML source","source":"7df99692112cedc9.html","type":"text/html","size":39}],"parameters":[],"hasContent":true,"attachmentStep":false,"shouldDisplayMessage":true,"stepsCount":1,"attachmentsCount":2},"afterStages":[{"name":"driver::0","time":{"start":1712019318023,"stop":1712019318088,"duration":65},"status":"passed","steps":[],"attachments":[],"parameters":[],"hasContent":false,"attachmentStep":false,"shouldDisplayMessage":false,"stepsCount":0,"attachmentsCount":0},{"name":"setup::0","time":{"start":1712019318023,"stop":1712019318023,"duration":0},"status":"passed","steps":[],"attachments":[],"parameters":[],"hasContent":false,"attachmentStep":false,"shouldDisplayMessage":false,"stepsCount":0,"attachmentsCount":0}],"labels":[{"name":"epic","value":"Delivery Page - calculation"},{"name":"tag","value":"smoke_test"},{"name":"tag","value":"@pytest.mark.xfail"},{"name":"parentSuite","value":"tests.delivery"},{"name":"suite","value":"test_delivery_calculation"},{"name":"subSuite","value":"TestDeliveryPageCalculation"},{"name":"host","value":"4d41c58e99ba"},{"name":"thread","value":"1-MainThread"},{"name":"framework","value":"pytest"},{"name":"language","value":"cpython3"},{"name":"package","value":"tests.delivery.test_delivery_calculation"},{"name":"resultFormat","value":"allure2"}],"parameters":[{"name":"all_time","value":"3320"},{"name":"amount","value":"25"},{"name":"case_id","value":"'TD 019'"},{"name":"in_time","value":"2490"},{"name":"link_item","value":"'products/shtukaturka-gipsovaya-aksolit-m50-30-kg-mashinnogo-naneseniya'"},{"name":"standard","value":"1150"},{"name":"url","value":"'https://sandboxtest.stroyrem-nn.ru/'"},{"name":"weight","value":"1700"}],"links":[],"hidden":false,"retry":false,"extra":{"severity":"normal","retries":[],"categories":[],"history":{"statistic":{"failed":0,"broken":13,"skipped":204,"passed":0,"unknown":0,"total":217},"items":[{"uid":"377162c74e8e1c45","reportUrl":"https://Nat754.github.io/StroyremAutomation/264//#testresult/377162c74e8e1c45","status":"skipped","statusDetails":"XFAIL\n\nselenium.common.exceptions.NoSuchElementException: Message: no such element: Unable to locate element: {\"method\":\"xpath\",\"selector\":\"(//a[@class='add-to-cart yellow-btn'])[1]\"}\n  (Session info: chrome-headless-shell=123.0.6312.86); For documentation on this error, please visit: https://www.selenium.dev/documentation/webdriver/troubleshooting/errors#no-such-element-exception\nStacktrace:\n#0 0x558c66fac8a3 <unknown>\n#1 0x558c66ca28c6 <unknown>\n#2 0x558c66ced618 <unknown>\n#3 0x558c66ced6d1 <unknown>\n#4 0x558c66d30744 <unknown>\n#5 0x558c66d0f5cd <unknown>\n#6 0x558c66d2dc19 <unknown>\n#7 0x558c66d0f343 <unknown>\n#8 0x558c66ce0593 <unknown>\n#9 0x558c66ce0f5e <unknown>\n#10 0x558c66f7088b <unknown>\n#11 0x558c66f747e5 <unknown>\n#12 0x558c66f5e5b1 <unknown>\n#13 0x558c66f75372 <unknown>\n#14 0x558c66f438bf <unknown>\n#15 0x558c66f9b768 <unknown>\n#16 0x558c66f9b93b <unknown>\n#17 0x558c66fab9f4 <unknown>\n#18 0x7ff37a242134 <unknown>","time":{"start":1711933133552,"stop":1711933133977,"duration":425}},{"uid":"d365eea6eef95b9a","reportUrl":"https://Nat754.github.io/StroyremAutomation/263//#testresult/d365eea6eef95b9a","status":"skipped","statusDetails":"XFAIL\n\nselenium.common.exceptions.NoSuchElementException: Message: no such element: Unable to locate element: {\"method\":\"xpath\",\"selector\":\"(//a[@class='add-to-cart yellow-btn'])[1]\"}\n  (Session info: chrome-headless-shell=123.0.6312.86); For documentation on this error, please visit: https://www.selenium.dev/documentation/webdriver/troubleshooting/errors#no-such-element-exception\nStacktrace:\n#0 0x55af78c928a3 <unknown>\n#1 0x55af789888c6 <unknown>\n#2 0x55af789d3618 <unknown>\n#3 0x55af789d36d1 <unknown>\n#4 0x55af78a16744 <unknown>\n#5 0x55af789f55cd <unknown>\n#6 0x55af78a13c19 <unknown>\n#7 0x55af789f5343 <unknown>\n#8 0x55af789c6593 <unknown>\n#9 0x55af789c6f5e <unknown>\n#10 0x55af78c5688b <unknown>\n#11 0x55af78c5a7e5 <unknown>\n#12 0x55af78c445b1 <unknown>\n#13 0x55af78c5b372 <unknown>\n#14 0x55af78c298bf <unknown>\n#15 0x55af78c81768 <unknown>\n#16 0x55af78c8193b <unknown>\n#17 0x55af78c919f4 <unknown>\n#18 0x7fc9e9c9e134 <unknown>","time":{"start":1711846685577,"stop":1711846685881,"duration":304}},{"uid":"a90d65e58f77fe1b","reportUrl":"https://Nat754.github.io/StroyremAutomation/262//#testresult/a90d65e58f77fe1b","status":"skipped","statusDetails":"XFAIL\n\nselenium.common.exceptions.NoSuchElementException: Message: no such element: Unable to locate element: {\"method\":\"xpath\",\"selector\":\"(//a[@class='add-to-cart yellow-btn'])[1]\"}\n  (Session info: chrome-headless-shell=123.0.6312.86); For documentation on this error, please visit: https://www.selenium.dev/documentation/webdriver/troubleshooting/errors#no-such-element-exception\nStacktrace:\n#0 0x564a5d7f28a3 <unknown>\n#1 0x564a5d4e88c6 <unknown>\n#2 0x564a5d533618 <unknown>\n#3 0x564a5d5336d1 <unknown>\n#4 0x564a5d576744 <unknown>\n#5 0x564a5d5555cd <unknown>\n#6 0x564a5d573c19 <unknown>\n#7 0x564a5d555343 <unknown>\n#8 0x564a5d526593 <unknown>\n#9 0x564a5d526f5e <unknown>\n#10 0x564a5d7b688b <unknown>\n#11 0x564a5d7ba7e5 <unknown>\n#12 0x564a5d7a45b1 <unknown>\n#13 0x564a5d7bb372 <unknown>\n#14 0x564a5d7898bf <unknown>\n#15 0x564a5d7e1768 <unknown>\n#16 0x564a5d7e193b <unknown>\n#17 0x564a5d7f19f4 <unknown>\n#18 0x7f1de28ac134 <unknown>","time":{"start":1711759838458,"stop":1711759838786,"duration":328}},{"uid":"db98e6fb2b990dea","reportUrl":"https://Nat754.github.io/StroyremAutomation/261//#testresult/db98e6fb2b990dea","status":"skipped","statusDetails":"XFAIL\n\nselenium.common.exceptions.NoSuchElementException: Message: no such element: Unable to locate element: {\"method\":\"xpath\",\"selector\":\"(//a[@class='add-to-cart yellow-btn'])[1]\"}\n  (Session info: chrome-headless-shell=123.0.6312.86); For documentation on this error, please visit: https://www.selenium.dev/documentation/webdriver/troubleshooting/errors#no-such-element-exception\nStacktrace:\n#0 0x561e28a718a3 <unknown>\n#1 0x561e287678c6 <unknown>\n#2 0x561e287b2618 <unknown>\n#3 0x561e287b26d1 <unknown>\n#4 0x561e287f5744 <unknown>\n#5 0x561e287d45cd <unknown>\n#6 0x561e287f2c19 <unknown>\n#7 0x561e287d4343 <unknown>\n#8 0x561e287a5593 <unknown>\n#9 0x561e287a5f5e <unknown>\n#10 0x561e28a3588b <unknown>\n#11 0x561e28a397e5 <unknown>\n#12 0x561e28a235b1 <unknown>\n#13 0x561e28a3a372 <unknown>\n#14 0x561e28a088bf <unknown>\n#15 0x561e28a60768 <unknown>\n#16 0x561e28a6093b <unknown>\n#17 0x561e28a709f4 <unknown>\n#18 0x7f10368e3134 <unknown>","time":{"start":1711673586969,"stop":1711673587289,"duration":320}},{"uid":"9b01de3bef500bc4","reportUrl":"https://Nat754.github.io/StroyremAutomation/260//#testresult/9b01de3bef500bc4","status":"skipped","statusDetails":"XFAIL\n\nselenium.common.exceptions.NoSuchElementException: Message: no such element: Unable to locate element: {\"method\":\"xpath\",\"selector\":\"(//a[@class='add-to-cart yellow-btn'])[1]\"}\n  (Session info: chrome-headless-shell=123.0.6312.86); For documentation on this error, please visit: https://www.selenium.dev/documentation/webdriver/troubleshooting/errors#no-such-element-exception\nStacktrace:\n#0 0x55948ce638a3 <unknown>\n#1 0x55948cb598c6 <unknown>\n#2 0x55948cba4618 <unknown>\n#3 0x55948cba46d1 <unknown>\n#4 0x55948cbe7744 <unknown>\n#5 0x55948cbc65cd <unknown>\n#6 0x55948cbe4c19 <unknown>\n#7 0x55948cbc6343 <unknown>\n#8 0x55948cb97593 <unknown>\n#9 0x55948cb97f5e <unknown>\n#10 0x55948ce2788b <unknown>\n#11 0x55948ce2b7e5 <unknown>\n#12 0x55948ce155b1 <unknown>\n#13 0x55948ce2c372 <unknown>\n#14 0x55948cdfa8bf <unknown>\n#15 0x55948ce52768 <unknown>\n#16 0x55948ce5293b <unknown>\n#17 0x55948ce629f4 <unknown>\n#18 0x7f295e947134 <unknown>","time":{"start":1711587190393,"stop":1711587190678,"duration":285}},{"uid":"396e37a030e611a9","reportUrl":"https://Nat754.github.io/StroyremAutomation/259//#testresult/396e37a030e611a9","status":"skipped","statusDetails":"XFAIL\n\nselenium.common.exceptions.NoSuchElementException: Message: no such element: Unable to locate element: {\"method\":\"xpath\",\"selector\":\"(//a[@class='add-to-cart yellow-btn'])[1]\"}\n  (Session info: chrome-headless-shell=123.0.6312.86); For documentation on this error, please visit: https://www.selenium.dev/documentation/webdriver/troubleshooting/errors#no-such-element-exception\nStacktrace:\n#0 0x55fbeb0a18a3 <unknown>\n#1 0x55fbead978c6 <unknown>\n#2 0x55fbeade2618 <unknown>\n#3 0x55fbeade26d1 <unknown>\n#4 0x55fbeae25744 <unknown>\n#5 0x55fbeae045cd <unknown>\n#6 0x55fbeae22c19 <unknown>\n#7 0x55fbeae04343 <unknown>\n#8 0x55fbeadd5593 <unknown>\n#9 0x55fbeadd5f5e <unknown>\n#10 0x55fbeb06588b <unknown>\n#11 0x55fbeb0697e5 <unknown>\n#12 0x55fbeb0535b1 <unknown>\n#13 0x55fbeb06a372 <unknown>\n#14 0x55fbeb0388bf <unknown>\n#15 0x55fbeb090768 <unknown>\n#16 0x55fbeb09093b <unknown>\n#17 0x55fbeb0a09f4 <unknown>\n#18 0x7fafab580134 <unknown>","time":{"start":1711500743454,"stop":1711500743783,"duration":329}},{"uid":"c678b8cb4aee8d8e","reportUrl":"https://Nat754.github.io/StroyremAutomation/258//#testresult/c678b8cb4aee8d8e","status":"skipped","statusDetails":"XFAIL\n\nselenium.common.exceptions.NoSuchElementException: Message: no such element: Unable to locate element: {\"method\":\"xpath\",\"selector\":\"(//a[@class='add-to-cart yellow-btn'])[1]\"}\n  (Session info: chrome-headless-shell=123.0.6312.58); For documentation on this error, please visit: https://www.selenium.dev/documentation/webdriver/troubleshooting/errors#no-such-element-exception\nStacktrace:\n#0 0x563829b52993 <unknown>\n#1 0x56382984d136 <unknown>\n#2 0x563829897d48 <unknown>\n#3 0x563829897e01 <unknown>\n#4 0x5638298dae44 <unknown>\n#5 0x5638298b9cfd <unknown>\n#6 0x5638298d8319 <unknown>\n#7 0x5638298b9a73 <unknown>\n#8 0x56382988ac93 <unknown>\n#9 0x56382988b65e <unknown>\n#10 0x563829b1708b <unknown>\n#11 0x563829b1b005 <unknown>\n#12 0x563829b05491 <unknown>\n#13 0x563829b1bb92 <unknown>\n#14 0x563829aea9ef <unknown>\n#15 0x563829b41df8 <unknown>\n#16 0x563829b41fcb <unknown>\n#17 0x563829b51ae4 <unknown>\n#18 0x7f81e36b9134 <unknown>","time":{"start":1711414400280,"stop":1711414400664,"duration":384}},{"uid":"c1e15125232fd76","reportUrl":"https://Nat754.github.io/StroyremAutomation/257//#testresult/c1e15125232fd76","status":"skipped","statusDetails":"XFAIL\n\nselenium.common.exceptions.NoSuchElementException: Message: no such element: Unable to locate element: {\"method\":\"xpath\",\"selector\":\"(//a[@class='add-to-cart yellow-btn'])[1]\"}\n  (Session info: chrome-headless-shell=123.0.6312.58); For documentation on this error, please visit: https://www.selenium.dev/documentation/webdriver/troubleshooting/errors#no-such-element-exception\nStacktrace:\n#0 0x558c6c43b993 <unknown>\n#1 0x558c6c136136 <unknown>\n#2 0x558c6c180d48 <unknown>\n#3 0x558c6c180e01 <unknown>\n#4 0x558c6c1c3e44 <unknown>\n#5 0x558c6c1a2cfd <unknown>\n#6 0x558c6c1c1319 <unknown>\n#7 0x558c6c1a2a73 <unknown>\n#8 0x558c6c173c93 <unknown>\n#9 0x558c6c17465e <unknown>\n#10 0x558c6c40008b <unknown>\n#11 0x558c6c404005 <unknown>\n#12 0x558c6c3ee491 <unknown>\n#13 0x558c6c404b92 <unknown>\n#14 0x558c6c3d39ef <unknown>\n#15 0x558c6c42adf8 <unknown>\n#16 0x558c6c42afcb <unknown>\n#17 0x558c6c43aae4 <unknown>\n#18 0x7fe3dda56134 <unknown>","time":{"start":1711328066871,"stop":1711328067429,"duration":558}},{"uid":"f796454ce8534159","reportUrl":"https://Nat754.github.io/StroyremAutomation/256//#testresult/f796454ce8534159","status":"skipped","statusDetails":"XFAIL\n\nselenium.common.exceptions.NoSuchElementException: Message: no such element: Unable to locate element: {\"method\":\"xpath\",\"selector\":\"(//a[@class='add-to-cart yellow-btn'])[1]\"}\n  (Session info: chrome-headless-shell=123.0.6312.58); For documentation on this error, please visit: https://www.selenium.dev/documentation/webdriver/troubleshooting/errors#no-such-element-exception\nStacktrace:\n#0 0x556e78816993 <unknown>\n#1 0x556e78511136 <unknown>\n#2 0x556e7855bd48 <unknown>\n#3 0x556e7855be01 <unknown>\n#4 0x556e7859ee44 <unknown>\n#5 0x556e7857dcfd <unknown>\n#6 0x556e7859c319 <unknown>\n#7 0x556e7857da73 <unknown>\n#8 0x556e7854ec93 <unknown>\n#9 0x556e7854f65e <unknown>\n#10 0x556e787db08b <unknown>\n#11 0x556e787df005 <unknown>\n#12 0x556e787c9491 <unknown>\n#13 0x556e787dfb92 <unknown>\n#14 0x556e787ae9ef <unknown>\n#15 0x556e78805df8 <unknown>\n#16 0x556e78805fcb <unknown>\n#17 0x556e78815ae4 <unknown>\n#18 0x7ff009384134 <unknown>","time":{"start":1711241895569,"stop":1711241895900,"duration":331}},{"uid":"da7f9ef409964f1d","reportUrl":"https://Nat754.github.io/StroyremAutomation/255//#testresult/da7f9ef409964f1d","status":"skipped","statusDetails":"XFAIL\n\nselenium.common.exceptions.NoSuchElementException: Message: no such element: Unable to locate element: {\"method\":\"xpath\",\"selector\":\"(//a[@class='add-to-cart yellow-btn'])[1]\"}\n  (Session info: chrome-headless-shell=123.0.6312.58); For documentation on this error, please visit: https://www.selenium.dev/documentation/webdriver/troubleshooting/errors#no-such-element-exception\nStacktrace:\n#0 0x561f102a7993 <unknown>\n#1 0x561f0ffa2136 <unknown>\n#2 0x561f0ffecd48 <unknown>\n#3 0x561f0ffece01 <unknown>\n#4 0x561f1002fe44 <unknown>\n#5 0x561f1000ecfd <unknown>\n#6 0x561f1002d319 <unknown>\n#7 0x561f1000ea73 <unknown>\n#8 0x561f0ffdfc93 <unknown>\n#9 0x561f0ffe065e <unknown>\n#10 0x561f1026c08b <unknown>\n#11 0x561f10270005 <unknown>\n#12 0x561f1025a491 <unknown>\n#13 0x561f10270b92 <unknown>\n#14 0x561f1023f9ef <unknown>\n#15 0x561f10296df8 <unknown>\n#16 0x561f10296fcb <unknown>\n#17 0x561f102a6ae4 <unknown>\n#18 0x7f4473ee2134 <unknown>","time":{"start":1711155059133,"stop":1711155059428,"duration":295}},{"uid":"d6507132a18abda4","reportUrl":"https://Nat754.github.io/StroyremAutomation/254//#testresult/d6507132a18abda4","status":"skipped","statusDetails":"XFAIL\n\nselenium.common.exceptions.NoSuchElementException: Message: no such element: Unable to locate element: {\"method\":\"xpath\",\"selector\":\"(//a[@class='add-to-cart yellow-btn'])[1]\"}\n  (Session info: chrome-headless-shell=123.0.6312.58); For documentation on this error, please visit: https://www.selenium.dev/documentation/webdriver/troubleshooting/errors#no-such-element-exception\nStacktrace:\n#0 0x563a59edd993 <unknown>\n#1 0x563a59bd8136 <unknown>\n#2 0x563a59c22d48 <unknown>\n#3 0x563a59c22e01 <unknown>\n#4 0x563a59c65e44 <unknown>\n#5 0x563a59c44cfd <unknown>\n#6 0x563a59c63319 <unknown>\n#7 0x563a59c44a73 <unknown>\n#8 0x563a59c15c93 <unknown>\n#9 0x563a59c1665e <unknown>\n#10 0x563a59ea208b <unknown>\n#11 0x563a59ea6005 <unknown>\n#12 0x563a59e90491 <unknown>\n#13 0x563a59ea6b92 <unknown>\n#14 0x563a59e759ef <unknown>\n#15 0x563a59eccdf8 <unknown>\n#16 0x563a59eccfcb <unknown>\n#17 0x563a59edcae4 <unknown>\n#18 0x7fa331f9e134 <unknown>","time":{"start":1711068727005,"stop":1711068727305,"duration":300}},{"uid":"c20f086c04876b49","reportUrl":"https://Nat754.github.io/StroyremAutomation/253//#testresult/c20f086c04876b49","status":"skipped","statusDetails":"XFAIL\n\nselenium.common.exceptions.NoSuchElementException: Message: no such element: Unable to locate element: {\"method\":\"xpath\",\"selector\":\"(//a[@class='add-to-cart yellow-btn'])[1]\"}\n  (Session info: chrome-headless-shell=123.0.6312.58); For documentation on this error, please visit: https://www.selenium.dev/documentation/webdriver/troubleshooting/errors#no-such-element-exception\nStacktrace:\n#0 0x561c44b94993 <unknown>\n#1 0x561c4488f136 <unknown>\n#2 0x561c448d9d48 <unknown>\n#3 0x561c448d9e01 <unknown>\n#4 0x561c4491ce44 <unknown>\n#5 0x561c448fbcfd <unknown>\n#6 0x561c4491a319 <unknown>\n#7 0x561c448fba73 <unknown>\n#8 0x561c448ccc93 <unknown>\n#9 0x561c448cd65e <unknown>\n#10 0x561c44b5908b <unknown>\n#11 0x561c44b5d005 <unknown>\n#12 0x561c44b47491 <unknown>\n#13 0x561c44b5db92 <unknown>\n#14 0x561c44b2c9ef <unknown>\n#15 0x561c44b83df8 <unknown>\n#16 0x561c44b83fcb <unknown>\n#17 0x561c44b93ae4 <unknown>\n#18 0x7f7b4a84f134 <unknown>","time":{"start":1710982498562,"stop":1710982498987,"duration":425}},{"uid":"4a93b37d595329e9","reportUrl":"https://Nat754.github.io/StroyremAutomation/252//#testresult/4a93b37d595329e9","status":"skipped","statusDetails":"XFAIL\n\nselenium.common.exceptions.NoSuchElementException: Message: no such element: Unable to locate element: {\"method\":\"xpath\",\"selector\":\"(//a[@class='add-to-cart yellow-btn'])[1]\"}\n  (Session info: chrome-headless-shell=123.0.6312.58); For documentation on this error, please visit: https://www.selenium.dev/documentation/webdriver/troubleshooting/errors#no-such-element-exception\nStacktrace:\n#0 0x5ab3e4071993 <unknown>\n#1 0x5ab3e3d6c136 <unknown>\n#2 0x5ab3e3db6d48 <unknown>\n#3 0x5ab3e3db6e01 <unknown>\n#4 0x5ab3e3df9e44 <unknown>\n#5 0x5ab3e3dd8cfd <unknown>\n#6 0x5ab3e3df7319 <unknown>\n#7 0x5ab3e3dd8a73 <unknown>\n#8 0x5ab3e3da9c93 <unknown>\n#9 0x5ab3e3daa65e <unknown>\n#10 0x5ab3e403608b <unknown>\n#11 0x5ab3e403a005 <unknown>\n#12 0x5ab3e4024491 <unknown>\n#13 0x5ab3e403ab92 <unknown>\n#14 0x5ab3e40099ef <unknown>\n#15 0x5ab3e4060df8 <unknown>\n#16 0x5ab3e4060fcb <unknown>\n#17 0x5ab3e4070ae4 <unknown>\n#18 0x7f53fb682134 <unknown>","time":{"start":1710895899253,"stop":1710895899554,"duration":301}},{"uid":"fb9f6fe490671be4","reportUrl":"https://Nat754.github.io/StroyremAutomation/251//#testresult/fb9f6fe490671be4","status":"skipped","statusDetails":"XFAIL\n\nselenium.common.exceptions.NoSuchElementException: Message: no such element: Unable to locate element: {\"method\":\"xpath\",\"selector\":\"(//a[@class='add-to-cart yellow-btn'])[1]\"}\n  (Session info: chrome-headless-shell=122.0.6261.128); For documentation on this error, please visit: https://www.selenium.dev/documentation/webdriver/troubleshooting/errors#no-such-element-exception\nStacktrace:\n#0 0x55ae94d85f33 <unknown>\n#1 0x55ae94a7dce6 <unknown>\n#2 0x55ae94ac8e48 <unknown>\n#3 0x55ae94ac8f01 <unknown>\n#4 0x55ae94b0c3f4 <unknown>\n#5 0x55ae94aeaedd <unknown>\n#6 0x55ae94b09899 <unknown>\n#7 0x55ae94aeac53 <unknown>\n#8 0x55ae94abbdb3 <unknown>\n#9 0x55ae94abc77e <unknown>\n#10 0x55ae94d4b86b <unknown>\n#11 0x55ae94d4f885 <unknown>\n#12 0x55ae94d39181 <unknown>\n#13 0x55ae94d50412 <unknown>\n#14 0x55ae94d1d25f <unknown>\n#15 0x55ae94d74528 <unknown>\n#16 0x55ae94d74723 <unknown>\n#17 0x55ae94d850e4 <unknown>\n#18 0x7f25c8bea134 <unknown>","time":{"start":1710809540251,"stop":1710809540537,"duration":286}},{"uid":"10b3154d322bcdc8","reportUrl":"https://Nat754.github.io/StroyremAutomation/250//#testresult/10b3154d322bcdc8","status":"skipped","statusDetails":"XFAIL\n\nselenium.common.exceptions.NoSuchElementException: Message: no such element: Unable to locate element: {\"method\":\"xpath\",\"selector\":\"(//a[@class='add-to-cart yellow-btn'])[1]\"}\n  (Session info: chrome-headless-shell=122.0.6261.128); For documentation on this error, please visit: https://www.selenium.dev/documentation/webdriver/troubleshooting/errors#no-such-element-exception\nStacktrace:\n#0 0x60c1094c3f33 <unknown>\n#1 0x60c1091bbce6 <unknown>\n#2 0x60c109206e48 <unknown>\n#3 0x60c109206f01 <unknown>\n#4 0x60c10924a3f4 <unknown>\n#5 0x60c109228edd <unknown>\n#6 0x60c109247899 <unknown>\n#7 0x60c109228c53 <unknown>\n#8 0x60c1091f9db3 <unknown>\n#9 0x60c1091fa77e <unknown>\n#10 0x60c10948986b <unknown>\n#11 0x60c10948d885 <unknown>\n#12 0x60c109477181 <unknown>\n#13 0x60c10948e412 <unknown>\n#14 0x60c10945b25f <unknown>\n#15 0x60c1094b2528 <unknown>\n#16 0x60c1094b2723 <unknown>\n#17 0x60c1094c30e4 <unknown>\n#18 0x79abe2ff0134 <unknown>","time":{"start":1710723193708,"stop":1710723194168,"duration":460}},{"uid":"d3f977009dd91152","reportUrl":"https://Nat754.github.io/StroyremAutomation/249//#testresult/d3f977009dd91152","status":"skipped","statusDetails":"XFAIL\n\nselenium.common.exceptions.NoSuchElementException: Message: no such element: Unable to locate element: {\"method\":\"xpath\",\"selector\":\"(//a[@class='add-to-cart yellow-btn'])[1]\"}\n  (Session info: chrome-headless-shell=122.0.6261.128); For documentation on this error, please visit: https://www.selenium.dev/documentation/webdriver/troubleshooting/errors#no-such-element-exception\nStacktrace:\n#0 0x5d181f931f33 <unknown>\n#1 0x5d181f629ce6 <unknown>\n#2 0x5d181f674e48 <unknown>\n#3 0x5d181f674f01 <unknown>\n#4 0x5d181f6b83f4 <unknown>\n#5 0x5d181f696edd <unknown>\n#6 0x5d181f6b5899 <unknown>\n#7 0x5d181f696c53 <unknown>\n#8 0x5d181f667db3 <unknown>\n#9 0x5d181f66877e <unknown>\n#10 0x5d181f8f786b <unknown>\n#11 0x5d181f8fb885 <unknown>\n#12 0x5d181f8e5181 <unknown>\n#13 0x5d181f8fc412 <unknown>\n#14 0x5d181f8c925f <unknown>\n#15 0x5d181f920528 <unknown>\n#16 0x5d181f920723 <unknown>\n#17 0x5d181f9310e4 <unknown>\n#18 0x73f1ec73b134 <unknown>","time":{"start":1710636963327,"stop":1710636963618,"duration":291}},{"uid":"7fb1c1df2e18b1ff","reportUrl":"https://Nat754.github.io/StroyremAutomation/248//#testresult/7fb1c1df2e18b1ff","status":"skipped","statusDetails":"XFAIL\n\nselenium.common.exceptions.NoSuchElementException: Message: no such element: Unable to locate element: {\"method\":\"xpath\",\"selector\":\"(//a[@class='add-to-cart yellow-btn'])[1]\"}\n  (Session info: chrome-headless-shell=122.0.6261.128); For documentation on this error, please visit: https://www.selenium.dev/documentation/webdriver/troubleshooting/errors#no-such-element-exception\nStacktrace:\n#0 0x5a925578ef33 <unknown>\n#1 0x5a9255486ce6 <unknown>\n#2 0x5a92554d1e48 <unknown>\n#3 0x5a92554d1f01 <unknown>\n#4 0x5a92555153f4 <unknown>\n#5 0x5a92554f3edd <unknown>\n#6 0x5a9255512899 <unknown>\n#7 0x5a92554f3c53 <unknown>\n#8 0x5a92554c4db3 <unknown>\n#9 0x5a92554c577e <unknown>\n#10 0x5a925575486b <unknown>\n#11 0x5a9255758885 <unknown>\n#12 0x5a9255742181 <unknown>\n#13 0x5a9255759412 <unknown>\n#14 0x5a925572625f <unknown>\n#15 0x5a925577d528 <unknown>\n#16 0x5a925577d723 <unknown>\n#17 0x5a925578e0e4 <unknown>\n#18 0x7042baa13134 <unknown>","time":{"start":1710550238556,"stop":1710550238967,"duration":411}},{"uid":"35e62286d7a3105a","reportUrl":"https://Nat754.github.io/StroyremAutomation/247//#testresult/35e62286d7a3105a","status":"skipped","statusDetails":"XFAIL\n\nselenium.common.exceptions.NoSuchElementException: Message: no such element: Unable to locate element: {\"method\":\"xpath\",\"selector\":\"(//a[@class='add-to-cart yellow-btn'])[1]\"}\n  (Session info: chrome-headless-shell=122.0.6261.128); For documentation on this error, please visit: https://www.selenium.dev/documentation/webdriver/troubleshooting/errors#no-such-element-exception\nStacktrace:\n#0 0x557a4d890f33 <unknown>\n#1 0x557a4d588ce6 <unknown>\n#2 0x557a4d5d3e48 <unknown>\n#3 0x557a4d5d3f01 <unknown>\n#4 0x557a4d6173f4 <unknown>\n#5 0x557a4d5f5edd <unknown>\n#6 0x557a4d614899 <unknown>\n#7 0x557a4d5f5c53 <unknown>\n#8 0x557a4d5c6db3 <unknown>\n#9 0x557a4d5c777e <unknown>\n#10 0x557a4d85686b <unknown>\n#11 0x557a4d85a885 <unknown>\n#12 0x557a4d844181 <unknown>\n#13 0x557a4d85b412 <unknown>\n#14 0x557a4d82825f <unknown>\n#15 0x557a4d87f528 <unknown>\n#16 0x557a4d87f723 <unknown>\n#17 0x557a4d8900e4 <unknown>\n#18 0x75d34da8c134 <unknown>","time":{"start":1710463976874,"stop":1710463977196,"duration":322}},{"uid":"28b9c67e1b956d7b","reportUrl":"https://Nat754.github.io/StroyremAutomation/246//#testresult/28b9c67e1b956d7b","status":"skipped","statusDetails":"XFAIL\n\nselenium.common.exceptions.NoSuchElementException: Message: no such element: Unable to locate element: {\"method\":\"xpath\",\"selector\":\"(//a[@class='add-to-cart yellow-btn'])[1]\"}\n  (Session info: chrome-headless-shell=122.0.6261.128); For documentation on this error, please visit: https://www.selenium.dev/documentation/webdriver/troubleshooting/errors#no-such-element-exception\nStacktrace:\n#0 0x58698383bf33 <unknown>\n#1 0x586983533ce6 <unknown>\n#2 0x58698357ee48 <unknown>\n#3 0x58698357ef01 <unknown>\n#4 0x5869835c23f4 <unknown>\n#5 0x5869835a0edd <unknown>\n#6 0x5869835bf899 <unknown>\n#7 0x5869835a0c53 <unknown>\n#8 0x586983571db3 <unknown>\n#9 0x58698357277e <unknown>\n#10 0x58698380186b <unknown>\n#11 0x586983805885 <unknown>\n#12 0x5869837ef181 <unknown>\n#13 0x586983806412 <unknown>\n#14 0x5869837d325f <unknown>\n#15 0x58698382a528 <unknown>\n#16 0x58698382a723 <unknown>\n#17 0x58698383b0e4 <unknown>\n#18 0x7152385ba134 <unknown>","time":{"start":1710377557880,"stop":1710377558231,"duration":351}},{"uid":"aab4440a4a35bf15","reportUrl":"https://Nat754.github.io/StroyremAutomation/245//#testresult/aab4440a4a35bf15","status":"skipped","statusDetails":"XFAIL\n\nselenium.common.exceptions.NoSuchElementException: Message: no such element: Unable to locate element: {\"method\":\"xpath\",\"selector\":\"(//a[@class='add-to-cart yellow-btn'])[1]\"}\n  (Session info: chrome-headless-shell=122.0.6261.128); For documentation on this error, please visit: https://www.selenium.dev/documentation/webdriver/troubleshooting/errors#no-such-element-exception\nStacktrace:\n#0 0x562a8ef72f33 <unknown>\n#1 0x562a8ec6ace6 <unknown>\n#2 0x562a8ecb5e48 <unknown>\n#3 0x562a8ecb5f01 <unknown>\n#4 0x562a8ecf93f4 <unknown>\n#5 0x562a8ecd7edd <unknown>\n#6 0x562a8ecf6899 <unknown>\n#7 0x562a8ecd7c53 <unknown>\n#8 0x562a8eca8db3 <unknown>\n#9 0x562a8eca977e <unknown>\n#10 0x562a8ef3886b <unknown>\n#11 0x562a8ef3c885 <unknown>\n#12 0x562a8ef26181 <unknown>\n#13 0x562a8ef3d412 <unknown>\n#14 0x562a8ef0a25f <unknown>\n#15 0x562a8ef61528 <unknown>\n#16 0x562a8ef61723 <unknown>\n#17 0x562a8ef720e4 <unknown>\n#18 0x7f4accb59134 <unknown>","time":{"start":1710291224224,"stop":1710291224846,"duration":622}}]},"tags":["@pytest.mark.xfail","smoke_test"]},"source":"8ad2ccf3b3bc3842.json","parameterValues":["3320","25","'TD 019'","2490","'products/shtukaturka-gipsovaya-aksolit-m50-30-kg-mashinnogo-naneseniya'","1150","'https://sandboxtest.stroyrem-nn.ru/'","1700"]}