{"uid":"b01689141ce8bced","name":"test_positive_delivery_green_zone_smoke[TD 007-products/shtukaturka-gipsovaya-aksolit-m50-30-kg-mashinnogo-naneseniya-66-2000-1300-2490-2980-https://sandboxtest.stroyrem-nn.ru/]","fullName":"tests.delivery.test_delivery_calculation.TestDeliveryPageCalculation#test_positive_delivery_green_zone_smoke","historyId":"01706720b82fe343c373f6b78a174407","time":{"start":1700096125794,"stop":1700096129266,"duration":3472},"status":"skipped","statusMessage":"XFAIL\n\nselenium.common.exceptions.NoSuchElementException: Message: no such element: Unable to locate element: {\"method\":\"xpath\",\"selector\":\"//input[@class='amount']\"}\n  (Session info: headless chrome=119.0.6045.105); For documentation on this error, please visit: https://www.selenium.dev/documentation/webdriver/troubleshooting/errors#no-such-element-exception\nStacktrace:\n#0 0x55ac6e3975e3 <unknown>\n#1 0x55ac6e05a0b7 <unknown>\n#2 0x55ac6e0a7f53 <unknown>\n#3 0x55ac6e0a8051 <unknown>\n#4 0x55ac6e0ed9c4 <unknown>\n#5 0x55ac6e0cef1d <unknown>\n#6 0x55ac6e0eab3d <unknown>\n#7 0x55ac6e0cecc3 <unknown>\n#8 0x55ac6e09a0e4 <unknown>\n#9 0x55ac6e09b0ae <unknown>\n#10 0x55ac6e35dce1 <unknown>\n#11 0x55ac6e361b7e <unknown>\n#12 0x55ac6e34b4b5 <unknown>\n#13 0x55ac6e3627d6 <unknown>\n#14 0x55ac6e32edbf <unknown>\n#15 0x55ac6e385748 <unknown>\n#16 0x55ac6e385917 <unknown>\n#17 0x55ac6e396773 <unknown>\n#18 0x7f4aff00b044 <unknown>","statusTrace":"self = <tests.delivery.test_delivery_calculation.TestDeliveryPageCalculation object at 0x7f4c4122be90>\ndriver = <selenium.webdriver.chrome.webdriver.WebDriver (session=\"6ad9a85cd6f4a14636a1a8d1e2bcefc8\")>\nurl = 'https://sandboxtest.stroyrem-nn.ru/', case_id = 'TD 007'\nlink_item = 'products/shtukaturka-gipsovaya-aksolit-m50-30-kg-mashinnogo-naneseniya'\namount = 66, weight = 2000, standard = 1300, in_time = 2490, all_time = 2980\n\n    @pytest.mark.parametrize('case_id, link_item, amount, weight, standard, in_time, all_time', [\n        (\"TD 001\", uroven_3000, 1, 30, 0, 1590, 2190),\n        (\"TD 002\", bundeks_25, 1, 30, 400, 1590, 2190),\n        (\"TD 003\", aksolit_30, 8, 300, 400, 1590, 2190),\n        (\"TD 004\", aksolit_30, 13, 400, 450, 1590, 2190),\n        (\"TD 005\", aksolit_30, 16, 500, 600, 1590, 2190),\n        (\"TD 006\", aksolit_30, 25, 1700, 990, 1990, 2480),\n        (\"TD 007\", aksolit_30, 66, 2000, 1300, 2490, 2980),\n        (\"TD 008\", aksolit_30, 149, 4500, 2300, 3980, 4490),\n        (\"TD 009\", aksolit_30, 166, 5000, 2500, 4990, 5480),\n        pytest.param(\n            \"TD 010\", aksolit_30, 206, 6200, 2900, 5570, 6120,\n            marks=pytest.mark.xfail(reson=\"Цена доставки 3600 7960 8980\")\n        ),\n        (\"TD 011\", aksolit_30, 299, 9000, 3600, 7960, 8980),\n        (\"TD 012\", aksolit_30, 333, 10000, 4450, 11990, 12500),\n        pytest.param(\n            \"TD 013\", aksolit_30, 366, 11000, 4800, 12450, 13480,\n            marks=pytest.mark.xfail(reason=\"Цена стандартной доставки 4450\")\n        ),\n        pytest.param(\n            \"TD 014\", aksolit_30, 666, 20000, 5400, 15600, 17490,\n            marks=pytest.mark.xfail(reason=\"Цена стандартной доставки 4450\")\n        )\n    ])\n    @pytest.mark.xfail\n    @pytest.mark.smoke_test\n    def test_positive_delivery_green_zone_smoke(\n            self, driver, url, case_id, link_item, amount, weight, standard, in_time, all_time\n    ):\n    \n        driver.get(f'{url}{link_item}')\n        item_page = ItemPage(driver)\n>       item_page.add_item_to_cart(amount).click_on_cart()\n\ntests/delivery/test_delivery_calculation.py:50: \n_ _ _ _ _ _ _ _ _ _ _ _ _ _ _ _ _ _ _ _ _ _ _ _ _ _ _ _ _ _ _ _ _ _ _ _ _ _ _ _ \npages/item_page.py:41: in add_item_to_cart\n    amount_field = self.find_element(self._item_amount)\nbase/seleniumbase.py:17: in find_element\n    return self.driver.find_element(*locator)\n/usr/local/lib/python3.11/site-packages/selenium/webdriver/remote/webdriver.py:739: in find_element\n    return self.execute(Command.FIND_ELEMENT, {\"using\": by, \"value\": value})[\"value\"]\n/usr/local/lib/python3.11/site-packages/selenium/webdriver/remote/webdriver.py:345: in execute\n    self.error_handler.check_response(response)\n_ _ _ _ _ _ _ _ _ _ _ _ _ _ _ _ _ _ _ _ _ _ _ _ _ _ _ _ _ _ _ _ _ _ _ _ _ _ _ _ \n\nself = <selenium.webdriver.remote.errorhandler.ErrorHandler object at 0x7f4c41d28850>\nresponse = {'status': 404, 'value': '{\"value\":{\"error\":\"no such element\",\"message\":\"no such element: Unable to locate element: {\\...\\\\n#16 0x55ac6e385917 \\\\u003Cunknown>\\\\n#17 0x55ac6e396773 \\\\u003Cunknown>\\\\n#18 0x7f4aff00b044 \\\\u003Cunknown>\\\\n\"}}'}\n\n    def check_response(self, response: Dict[str, Any]) -> None:\n        \"\"\"Checks that a JSON response from the WebDriver does not have an\n        error.\n    \n        :Args:\n         - response - The JSON response from the WebDriver server as a dictionary\n           object.\n    \n        :Raises: If the response contains an error message.\n        \"\"\"\n        status = response.get(\"status\", None)\n        if not status or status == ErrorCode.SUCCESS:\n            return\n        value = None\n        message = response.get(\"message\", \"\")\n        screen: str = response.get(\"screen\", \"\")\n        stacktrace = None\n        if isinstance(status, int):\n            value_json = response.get(\"value\", None)\n            if value_json and isinstance(value_json, str):\n                import json\n    \n                try:\n                    value = json.loads(value_json)\n                    if len(value) == 1:\n                        value = value[\"value\"]\n                    status = value.get(\"error\", None)\n                    if not status:\n                        status = value.get(\"status\", ErrorCode.UNKNOWN_ERROR)\n                        message = value.get(\"value\") or value.get(\"message\")\n                        if not isinstance(message, str):\n                            value = message\n                            message = message.get(\"message\")\n                    else:\n                        message = value.get(\"message\", None)\n                except ValueError:\n                    pass\n    \n        exception_class: Type[WebDriverException]\n        e = ErrorCode()\n        error_codes = [item for item in dir(e) if not item.startswith(\"__\")]\n        for error_code in error_codes:\n            error_info = getattr(ErrorCode, error_code)\n            if isinstance(error_info, list) and status in error_info:\n                exception_class = getattr(ExceptionMapping, error_code, WebDriverException)\n                break\n        else:\n            exception_class = WebDriverException\n    \n        if not value:\n            value = response[\"value\"]\n        if isinstance(value, str):\n            raise exception_class(value)\n        if message == \"\" and \"message\" in value:\n            message = value[\"message\"]\n    \n        screen = None  # type: ignore[assignment]\n        if \"screen\" in value:\n            screen = value[\"screen\"]\n    \n        stacktrace = None\n        st_value = value.get(\"stackTrace\") or value.get(\"stacktrace\")\n        if st_value:\n            if isinstance(st_value, str):\n                stacktrace = st_value.split(\"\\n\")\n            else:\n                stacktrace = []\n                try:\n                    for frame in st_value:\n                        line = frame.get(\"lineNumber\", \"\")\n                        file = frame.get(\"fileName\", \"<anonymous>\")\n                        if line:\n                            file = f\"{file}:{line}\"\n                        meth = frame.get(\"methodName\", \"<anonymous>\")\n                        if \"className\" in frame:\n                            meth = f\"{frame['className']}.{meth}\"\n                        msg = \"    at %s (%s)\"\n                        msg = msg % (meth, file)\n                        stacktrace.append(msg)\n                except TypeError:\n                    pass\n        if exception_class == UnexpectedAlertPresentException:\n            alert_text = None\n            if \"data\" in value:\n                alert_text = value[\"data\"].get(\"text\")\n            elif \"alert\" in value:\n                alert_text = value[\"alert\"].get(\"text\")\n            raise exception_class(message, screen, stacktrace, alert_text)  # type: ignore[call-arg]  # mypy is not smart enough here\n>       raise exception_class(message, screen, stacktrace)\nE       selenium.common.exceptions.NoSuchElementException: Message: no such element: Unable to locate element: {\"method\":\"xpath\",\"selector\":\"//input[@class='amount']\"}\nE         (Session info: headless chrome=119.0.6045.105); For documentation on this error, please visit: https://www.selenium.dev/documentation/webdriver/troubleshooting/errors#no-such-element-exception\nE       Stacktrace:\nE       #0 0x55ac6e3975e3 <unknown>\nE       #1 0x55ac6e05a0b7 <unknown>\nE       #2 0x55ac6e0a7f53 <unknown>\nE       #3 0x55ac6e0a8051 <unknown>\nE       #4 0x55ac6e0ed9c4 <unknown>\nE       #5 0x55ac6e0cef1d <unknown>\nE       #6 0x55ac6e0eab3d <unknown>\nE       #7 0x55ac6e0cecc3 <unknown>\nE       #8 0x55ac6e09a0e4 <unknown>\nE       #9 0x55ac6e09b0ae <unknown>\nE       #10 0x55ac6e35dce1 <unknown>\nE       #11 0x55ac6e361b7e <unknown>\nE       #12 0x55ac6e34b4b5 <unknown>\nE       #13 0x55ac6e3627d6 <unknown>\nE       #14 0x55ac6e32edbf <unknown>\nE       #15 0x55ac6e385748 <unknown>\nE       #16 0x55ac6e385917 <unknown>\nE       #17 0x55ac6e396773 <unknown>\nE       #18 0x7f4aff00b044 <unknown>\n\n/usr/local/lib/python3.11/site-packages/selenium/webdriver/remote/errorhandler.py:229: NoSuchElementException","flaky":false,"newFailed":false,"newBroken":false,"newPassed":false,"retriesCount":0,"retriesStatusChange":false,"beforeStages":[{"name":"_session_faker","time":{"start":1700095873721,"stop":1700095873788,"duration":67},"status":"passed","steps":[],"attachments":[],"parameters":[],"shouldDisplayMessage":false,"stepsCount":0,"attachmentsCount":0,"hasContent":false},{"name":"clear_allure_results_folder","time":{"start":1700095873788,"stop":1700095873788,"duration":0},"status":"passed","steps":[],"attachments":[],"parameters":[],"shouldDisplayMessage":false,"stepsCount":0,"attachmentsCount":0,"hasContent":false},{"name":"driver","time":{"start":1700096125017,"stop":1700096125793,"duration":776},"status":"passed","steps":[],"attachments":[],"parameters":[],"shouldDisplayMessage":false,"stepsCount":0,"attachmentsCount":0,"hasContent":false},{"name":"setup","time":{"start":1700096125793,"stop":1700096125793,"duration":0},"status":"passed","steps":[],"attachments":[],"parameters":[],"shouldDisplayMessage":false,"stepsCount":0,"attachmentsCount":0,"hasContent":false}],"testStage":{"status":"skipped","statusMessage":"XFAIL\n\nselenium.common.exceptions.NoSuchElementException: Message: no such element: Unable to locate element: {\"method\":\"xpath\",\"selector\":\"//input[@class='amount']\"}\n  (Session info: headless chrome=119.0.6045.105); For documentation on this error, please visit: https://www.selenium.dev/documentation/webdriver/troubleshooting/errors#no-such-element-exception\nStacktrace:\n#0 0x55ac6e3975e3 <unknown>\n#1 0x55ac6e05a0b7 <unknown>\n#2 0x55ac6e0a7f53 <unknown>\n#3 0x55ac6e0a8051 <unknown>\n#4 0x55ac6e0ed9c4 <unknown>\n#5 0x55ac6e0cef1d <unknown>\n#6 0x55ac6e0eab3d <unknown>\n#7 0x55ac6e0cecc3 <unknown>\n#8 0x55ac6e09a0e4 <unknown>\n#9 0x55ac6e09b0ae <unknown>\n#10 0x55ac6e35dce1 <unknown>\n#11 0x55ac6e361b7e <unknown>\n#12 0x55ac6e34b4b5 <unknown>\n#13 0x55ac6e3627d6 <unknown>\n#14 0x55ac6e32edbf <unknown>\n#15 0x55ac6e385748 <unknown>\n#16 0x55ac6e385917 <unknown>\n#17 0x55ac6e396773 <unknown>\n#18 0x7f4aff00b044 <unknown>","statusTrace":"self = <tests.delivery.test_delivery_calculation.TestDeliveryPageCalculation object at 0x7f4c4122be90>\ndriver = <selenium.webdriver.chrome.webdriver.WebDriver (session=\"6ad9a85cd6f4a14636a1a8d1e2bcefc8\")>\nurl = 'https://sandboxtest.stroyrem-nn.ru/', case_id = 'TD 007'\nlink_item = 'products/shtukaturka-gipsovaya-aksolit-m50-30-kg-mashinnogo-naneseniya'\namount = 66, weight = 2000, standard = 1300, in_time = 2490, all_time = 2980\n\n    @pytest.mark.parametrize('case_id, link_item, amount, weight, standard, in_time, all_time', [\n        (\"TD 001\", uroven_3000, 1, 30, 0, 1590, 2190),\n        (\"TD 002\", bundeks_25, 1, 30, 400, 1590, 2190),\n        (\"TD 003\", aksolit_30, 8, 300, 400, 1590, 2190),\n        (\"TD 004\", aksolit_30, 13, 400, 450, 1590, 2190),\n        (\"TD 005\", aksolit_30, 16, 500, 600, 1590, 2190),\n        (\"TD 006\", aksolit_30, 25, 1700, 990, 1990, 2480),\n        (\"TD 007\", aksolit_30, 66, 2000, 1300, 2490, 2980),\n        (\"TD 008\", aksolit_30, 149, 4500, 2300, 3980, 4490),\n        (\"TD 009\", aksolit_30, 166, 5000, 2500, 4990, 5480),\n        pytest.param(\n            \"TD 010\", aksolit_30, 206, 6200, 2900, 5570, 6120,\n            marks=pytest.mark.xfail(reson=\"Цена доставки 3600 7960 8980\")\n        ),\n        (\"TD 011\", aksolit_30, 299, 9000, 3600, 7960, 8980),\n        (\"TD 012\", aksolit_30, 333, 10000, 4450, 11990, 12500),\n        pytest.param(\n            \"TD 013\", aksolit_30, 366, 11000, 4800, 12450, 13480,\n            marks=pytest.mark.xfail(reason=\"Цена стандартной доставки 4450\")\n        ),\n        pytest.param(\n            \"TD 014\", aksolit_30, 666, 20000, 5400, 15600, 17490,\n            marks=pytest.mark.xfail(reason=\"Цена стандартной доставки 4450\")\n        )\n    ])\n    @pytest.mark.xfail\n    @pytest.mark.smoke_test\n    def test_positive_delivery_green_zone_smoke(\n            self, driver, url, case_id, link_item, amount, weight, standard, in_time, all_time\n    ):\n    \n        driver.get(f'{url}{link_item}')\n        item_page = ItemPage(driver)\n>       item_page.add_item_to_cart(amount).click_on_cart()\n\ntests/delivery/test_delivery_calculation.py:50: \n_ _ _ _ _ _ _ _ _ _ _ _ _ _ _ _ _ _ _ _ _ _ _ _ _ _ _ _ _ _ _ _ _ _ _ _ _ _ _ _ \npages/item_page.py:41: in add_item_to_cart\n    amount_field = self.find_element(self._item_amount)\nbase/seleniumbase.py:17: in find_element\n    return self.driver.find_element(*locator)\n/usr/local/lib/python3.11/site-packages/selenium/webdriver/remote/webdriver.py:739: in find_element\n    return self.execute(Command.FIND_ELEMENT, {\"using\": by, \"value\": value})[\"value\"]\n/usr/local/lib/python3.11/site-packages/selenium/webdriver/remote/webdriver.py:345: in execute\n    self.error_handler.check_response(response)\n_ _ _ _ _ _ _ _ _ _ _ _ _ _ _ _ _ _ _ _ _ _ _ _ _ _ _ _ _ _ _ _ _ _ _ _ _ _ _ _ \n\nself = <selenium.webdriver.remote.errorhandler.ErrorHandler object at 0x7f4c41d28850>\nresponse = {'status': 404, 'value': '{\"value\":{\"error\":\"no such element\",\"message\":\"no such element: Unable to locate element: {\\...\\\\n#16 0x55ac6e385917 \\\\u003Cunknown>\\\\n#17 0x55ac6e396773 \\\\u003Cunknown>\\\\n#18 0x7f4aff00b044 \\\\u003Cunknown>\\\\n\"}}'}\n\n    def check_response(self, response: Dict[str, Any]) -> None:\n        \"\"\"Checks that a JSON response from the WebDriver does not have an\n        error.\n    \n        :Args:\n         - response - The JSON response from the WebDriver server as a dictionary\n           object.\n    \n        :Raises: If the response contains an error message.\n        \"\"\"\n        status = response.get(\"status\", None)\n        if not status or status == ErrorCode.SUCCESS:\n            return\n        value = None\n        message = response.get(\"message\", \"\")\n        screen: str = response.get(\"screen\", \"\")\n        stacktrace = None\n        if isinstance(status, int):\n            value_json = response.get(\"value\", None)\n            if value_json and isinstance(value_json, str):\n                import json\n    \n                try:\n                    value = json.loads(value_json)\n                    if len(value) == 1:\n                        value = value[\"value\"]\n                    status = value.get(\"error\", None)\n                    if not status:\n                        status = value.get(\"status\", ErrorCode.UNKNOWN_ERROR)\n                        message = value.get(\"value\") or value.get(\"message\")\n                        if not isinstance(message, str):\n                            value = message\n                            message = message.get(\"message\")\n                    else:\n                        message = value.get(\"message\", None)\n                except ValueError:\n                    pass\n    \n        exception_class: Type[WebDriverException]\n        e = ErrorCode()\n        error_codes = [item for item in dir(e) if not item.startswith(\"__\")]\n        for error_code in error_codes:\n            error_info = getattr(ErrorCode, error_code)\n            if isinstance(error_info, list) and status in error_info:\n                exception_class = getattr(ExceptionMapping, error_code, WebDriverException)\n                break\n        else:\n            exception_class = WebDriverException\n    \n        if not value:\n            value = response[\"value\"]\n        if isinstance(value, str):\n            raise exception_class(value)\n        if message == \"\" and \"message\" in value:\n            message = value[\"message\"]\n    \n        screen = None  # type: ignore[assignment]\n        if \"screen\" in value:\n            screen = value[\"screen\"]\n    \n        stacktrace = None\n        st_value = value.get(\"stackTrace\") or value.get(\"stacktrace\")\n        if st_value:\n            if isinstance(st_value, str):\n                stacktrace = st_value.split(\"\\n\")\n            else:\n                stacktrace = []\n                try:\n                    for frame in st_value:\n                        line = frame.get(\"lineNumber\", \"\")\n                        file = frame.get(\"fileName\", \"<anonymous>\")\n                        if line:\n                            file = f\"{file}:{line}\"\n                        meth = frame.get(\"methodName\", \"<anonymous>\")\n                        if \"className\" in frame:\n                            meth = f\"{frame['className']}.{meth}\"\n                        msg = \"    at %s (%s)\"\n                        msg = msg % (meth, file)\n                        stacktrace.append(msg)\n                except TypeError:\n                    pass\n        if exception_class == UnexpectedAlertPresentException:\n            alert_text = None\n            if \"data\" in value:\n                alert_text = value[\"data\"].get(\"text\")\n            elif \"alert\" in value:\n                alert_text = value[\"alert\"].get(\"text\")\n            raise exception_class(message, screen, stacktrace, alert_text)  # type: ignore[call-arg]  # mypy is not smart enough here\n>       raise exception_class(message, screen, stacktrace)\nE       selenium.common.exceptions.NoSuchElementException: Message: no such element: Unable to locate element: {\"method\":\"xpath\",\"selector\":\"//input[@class='amount']\"}\nE         (Session info: headless chrome=119.0.6045.105); For documentation on this error, please visit: https://www.selenium.dev/documentation/webdriver/troubleshooting/errors#no-such-element-exception\nE       Stacktrace:\nE       #0 0x55ac6e3975e3 <unknown>\nE       #1 0x55ac6e05a0b7 <unknown>\nE       #2 0x55ac6e0a7f53 <unknown>\nE       #3 0x55ac6e0a8051 <unknown>\nE       #4 0x55ac6e0ed9c4 <unknown>\nE       #5 0x55ac6e0cef1d <unknown>\nE       #6 0x55ac6e0eab3d <unknown>\nE       #7 0x55ac6e0cecc3 <unknown>\nE       #8 0x55ac6e09a0e4 <unknown>\nE       #9 0x55ac6e09b0ae <unknown>\nE       #10 0x55ac6e35dce1 <unknown>\nE       #11 0x55ac6e361b7e <unknown>\nE       #12 0x55ac6e34b4b5 <unknown>\nE       #13 0x55ac6e3627d6 <unknown>\nE       #14 0x55ac6e32edbf <unknown>\nE       #15 0x55ac6e385748 <unknown>\nE       #16 0x55ac6e385917 <unknown>\nE       #17 0x55ac6e396773 <unknown>\nE       #18 0x7f4aff00b044 <unknown>\n\n/usr/local/lib/python3.11/site-packages/selenium/webdriver/remote/errorhandler.py:229: NoSuchElementException","steps":[{"name":"Добавляем товар в корзину в количестве 66","time":{"start":1700096129209,"stop":1700096129265,"duration":56},"status":"broken","statusMessage":"selenium.common.exceptions.NoSuchElementException: Message: no such element: Unable to locate element: {\"method\":\"xpath\",\"selector\":\"//input[@class='amount']\"}\n  (Session info: headless chrome=119.0.6045.105); For documentation on this error, please visit: https://www.selenium.dev/documentation/webdriver/troubleshooting/errors#no-such-element-exception\nStacktrace:\n#0 0x55ac6e3975e3 <unknown>\n#1 0x55ac6e05a0b7 <unknown>\n#2 0x55ac6e0a7f53 <unknown>\n#3 0x55ac6e0a8051 <unknown>\n#4 0x55ac6e0ed9c4 <unknown>\n#5 0x55ac6e0cef1d <unknown>\n#6 0x55ac6e0eab3d <unknown>\n#7 0x55ac6e0cecc3 <unknown>\n#8 0x55ac6e09a0e4 <unknown>\n#9 0x55ac6e09b0ae <unknown>\n#10 0x55ac6e35dce1 <unknown>\n#11 0x55ac6e361b7e <unknown>\n#12 0x55ac6e34b4b5 <unknown>\n#13 0x55ac6e3627d6 <unknown>\n#14 0x55ac6e32edbf <unknown>\n#15 0x55ac6e385748 <unknown>\n#16 0x55ac6e385917 <unknown>\n#17 0x55ac6e396773 <unknown>\n#18 0x7f4aff00b044 <unknown>\n\n","statusTrace":"  File \"/usr/local/lib/python3.11/site-packages/allure_commons/_allure.py\", line 192, in impl\n    return func(*a, **kw)\n           ^^^^^^^^^^^^^^\n  File \"/app/pages/item_page.py\", line 41, in add_item_to_cart\n    amount_field = self.find_element(self._item_amount)\n                   ^^^^^^^^^^^^^^^^^^^^^^^^^^^^^^^^^^^^\n  File \"/app/base/seleniumbase.py\", line 17, in find_element\n    return self.driver.find_element(*locator)\n           ^^^^^^^^^^^^^^^^^^^^^^^^^^^^^^^^^^\n  File \"/usr/local/lib/python3.11/site-packages/selenium/webdriver/remote/webdriver.py\", line 739, in find_element\n    return self.execute(Command.FIND_ELEMENT, {\"using\": by, \"value\": value})[\"value\"]\n           ^^^^^^^^^^^^^^^^^^^^^^^^^^^^^^^^^^^^^^^^^^^^^^^^^^^^^^^^^^^^^^^^^\n  File \"/usr/local/lib/python3.11/site-packages/selenium/webdriver/remote/webdriver.py\", line 345, in execute\n    self.error_handler.check_response(response)\n  File \"/usr/local/lib/python3.11/site-packages/selenium/webdriver/remote/errorhandler.py\", line 229, in check_response\n    raise exception_class(message, screen, stacktrace)\n","steps":[],"attachments":[],"parameters":[{"name":"amount","value":"66"}],"shouldDisplayMessage":true,"stepsCount":0,"attachmentsCount":0,"hasContent":true}],"attachments":[{"uid":"b3ca19bb8a5d192d","name":"Screenshot","source":"b3ca19bb8a5d192d.png","type":"image/png","size":115178},{"uid":"1755e07de6132aa9","name":"HTML source","source":"1755e07de6132aa9.html","type":"text/html","size":304128}],"parameters":[],"shouldDisplayMessage":true,"stepsCount":1,"attachmentsCount":2,"hasContent":true},"afterStages":[{"name":"setup::0","time":{"start":1700096129414,"stop":1700096129414,"duration":0},"status":"passed","steps":[],"attachments":[],"parameters":[],"shouldDisplayMessage":false,"stepsCount":0,"attachmentsCount":0,"hasContent":false},{"name":"driver::0","time":{"start":1700096129415,"stop":1700096129475,"duration":60},"status":"passed","steps":[],"attachments":[],"parameters":[],"shouldDisplayMessage":false,"stepsCount":0,"attachmentsCount":0,"hasContent":false}],"labels":[{"name":"epic","value":"Delivery Page - calculation"},{"name":"tag","value":"smoke_test"},{"name":"tag","value":"@pytest.mark.xfail"},{"name":"parentSuite","value":"tests.delivery"},{"name":"suite","value":"test_delivery_calculation"},{"name":"subSuite","value":"TestDeliveryPageCalculation"},{"name":"host","value":"1fe201bd2010"},{"name":"thread","value":"1-MainThread"},{"name":"framework","value":"pytest"},{"name":"language","value":"cpython3"},{"name":"package","value":"tests.delivery.test_delivery_calculation"},{"name":"resultFormat","value":"allure2"}],"parameters":[{"name":"all_time","value":"2980"},{"name":"amount","value":"66"},{"name":"case_id","value":"'TD 007'"},{"name":"in_time","value":"2490"},{"name":"link_item","value":"'products/shtukaturka-gipsovaya-aksolit-m50-30-kg-mashinnogo-naneseniya'"},{"name":"standard","value":"1300"},{"name":"url","value":"'https://sandboxtest.stroyrem-nn.ru/'"},{"name":"weight","value":"2000"}],"links":[],"hidden":false,"retry":false,"extra":{"severity":"normal","retries":[],"categories":[],"history":{"statistic":{"failed":0,"broken":13,"skipped":86,"passed":0,"unknown":0,"total":99},"items":[{"uid":"8e4a6a571d160f28","reportUrl":"https://Nat754.github.io/StroyremAutomation/126//#testresult/8e4a6a571d160f28","status":"skipped","statusDetails":"XFAIL\n\nselenium.common.exceptions.NoSuchElementException: Message: no such element: Unable to locate element: {\"method\":\"xpath\",\"selector\":\"//input[@class='amount']\"}\n  (Session info: headless chrome=119.0.6045.105); For documentation on this error, please visit: https://www.selenium.dev/documentation/webdriver/troubleshooting/errors#no-such-element-exception\nStacktrace:\n#0 0x561574ce95e3 <unknown>\n#1 0x5615749ac0b7 <unknown>\n#2 0x5615749f9f53 <unknown>\n#3 0x5615749fa051 <unknown>\n#4 0x561574a3f9c4 <unknown>\n#5 0x561574a20f1d <unknown>\n#6 0x561574a3cb3d <unknown>\n#7 0x561574a20cc3 <unknown>\n#8 0x5615749ec0e4 <unknown>\n#9 0x5615749ed0ae <unknown>\n#10 0x561574cafce1 <unknown>\n#11 0x561574cb3b7e <unknown>\n#12 0x561574c9d4b5 <unknown>\n#13 0x561574cb47d6 <unknown>\n#14 0x561574c80dbf <unknown>\n#15 0x561574cd7748 <unknown>\n#16 0x561574cd7917 <unknown>\n#17 0x561574ce8773 <unknown>\n#18 0x7f10591db044 <unknown>","time":{"start":1700009709533,"stop":1700009713886,"duration":4353}},{"uid":"789b0f4e689d21a1","reportUrl":"https://Nat754.github.io/StroyremAutomation/125//#testresult/789b0f4e689d21a1","status":"skipped","statusDetails":"XFAIL\n\nselenium.common.exceptions.NoSuchElementException: Message: no such element: Unable to locate element: {\"method\":\"xpath\",\"selector\":\"//input[@class='amount']\"}\n  (Session info: headless chrome=119.0.6045.105); For documentation on this error, please visit: https://www.selenium.dev/documentation/webdriver/troubleshooting/errors#no-such-element-exception\nStacktrace:\n#0 0x55574e8595e3 <unknown>\n#1 0x55574e51c0b7 <unknown>\n#2 0x55574e569f53 <unknown>\n#3 0x55574e56a051 <unknown>\n#4 0x55574e5af9c4 <unknown>\n#5 0x55574e590f1d <unknown>\n#6 0x55574e5acb3d <unknown>\n#7 0x55574e590cc3 <unknown>\n#8 0x55574e55c0e4 <unknown>\n#9 0x55574e55d0ae <unknown>\n#10 0x55574e81fce1 <unknown>\n#11 0x55574e823b7e <unknown>\n#12 0x55574e80d4b5 <unknown>\n#13 0x55574e8247d6 <unknown>\n#14 0x55574e7f0dbf <unknown>\n#15 0x55574e847748 <unknown>\n#16 0x55574e847917 <unknown>\n#17 0x55574e858773 <unknown>\n#18 0x7f931dea2044 <unknown>","time":{"start":1699923132851,"stop":1699923136186,"duration":3335}},{"uid":"1144a972072ebedc","reportUrl":"https://Nat754.github.io/StroyremAutomation/124//#testresult/1144a972072ebedc","status":"skipped","statusDetails":"XFAIL\n\nselenium.common.exceptions.NoSuchElementException: Message: no such element: Unable to locate element: {\"method\":\"xpath\",\"selector\":\"//input[@class='amount']\"}\n  (Session info: headless chrome=119.0.6045.105); For documentation on this error, please visit: https://www.selenium.dev/documentation/webdriver/troubleshooting/errors#no-such-element-exception\nStacktrace:\n#0 0x56201988a5e3 <unknown>\n#1 0x56201954d0b7 <unknown>\n#2 0x56201959af53 <unknown>\n#3 0x56201959b051 <unknown>\n#4 0x5620195e09c4 <unknown>\n#5 0x5620195c1f1d <unknown>\n#6 0x5620195ddb3d <unknown>\n#7 0x5620195c1cc3 <unknown>\n#8 0x56201958d0e4 <unknown>\n#9 0x56201958e0ae <unknown>\n#10 0x562019850ce1 <unknown>\n#11 0x562019854b7e <unknown>\n#12 0x56201983e4b5 <unknown>\n#13 0x5620198557d6 <unknown>\n#14 0x562019821dbf <unknown>\n#15 0x562019878748 <unknown>\n#16 0x562019878917 <unknown>\n#17 0x562019889773 <unknown>\n#18 0x7fa953515044 <unknown>","time":{"start":1699836883209,"stop":1699836887171,"duration":3962}},{"uid":"4c296bac2e980fd8","reportUrl":"https://Nat754.github.io/StroyremAutomation/123//#testresult/4c296bac2e980fd8","status":"skipped","statusDetails":"XFAIL\n\nselenium.common.exceptions.NoSuchElementException: Message: no such element: Unable to locate element: {\"method\":\"xpath\",\"selector\":\"//input[@class='amount']\"}\n  (Session info: headless chrome=119.0.6045.105); For documentation on this error, please visit: https://www.selenium.dev/documentation/webdriver/troubleshooting/errors#no-such-element-exception\nStacktrace:\n#0 0x5588ee87f5e3 <unknown>\n#1 0x5588ee5420b7 <unknown>\n#2 0x5588ee58ff53 <unknown>\n#3 0x5588ee590051 <unknown>\n#4 0x5588ee5d59c4 <unknown>\n#5 0x5588ee5b6f1d <unknown>\n#6 0x5588ee5d2b3d <unknown>\n#7 0x5588ee5b6cc3 <unknown>\n#8 0x5588ee5820e4 <unknown>\n#9 0x5588ee5830ae <unknown>\n#10 0x5588ee845ce1 <unknown>\n#11 0x5588ee849b7e <unknown>\n#12 0x5588ee8334b5 <unknown>\n#13 0x5588ee84a7d6 <unknown>\n#14 0x5588ee816dbf <unknown>\n#15 0x5588ee86d748 <unknown>\n#16 0x5588ee86d917 <unknown>\n#17 0x5588ee87e773 <unknown>\n#18 0x7fd385e76044 <unknown>","time":{"start":1699750606959,"stop":1699750610486,"duration":3527}},{"uid":"da3e29c41294c1f5","reportUrl":"https://Nat754.github.io/StroyremAutomation/122//#testresult/da3e29c41294c1f5","status":"skipped","statusDetails":"XFAIL\n\nselenium.common.exceptions.NoSuchElementException: Message: no such element: Unable to locate element: {\"method\":\"xpath\",\"selector\":\"//input[@class='amount']\"}\n  (Session info: headless chrome=119.0.6045.105); For documentation on this error, please visit: https://www.selenium.dev/documentation/webdriver/troubleshooting/errors#no-such-element-exception\nStacktrace:\n#0 0x55c1e1b875e3 <unknown>\n#1 0x55c1e184a0b7 <unknown>\n#2 0x55c1e1897f53 <unknown>\n#3 0x55c1e1898051 <unknown>\n#4 0x55c1e18dd9c4 <unknown>\n#5 0x55c1e18bef1d <unknown>\n#6 0x55c1e18dab3d <unknown>\n#7 0x55c1e18becc3 <unknown>\n#8 0x55c1e188a0e4 <unknown>\n#9 0x55c1e188b0ae <unknown>\n#10 0x55c1e1b4dce1 <unknown>\n#11 0x55c1e1b51b7e <unknown>\n#12 0x55c1e1b3b4b5 <unknown>\n#13 0x55c1e1b527d6 <unknown>\n#14 0x55c1e1b1edbf <unknown>\n#15 0x55c1e1b75748 <unknown>\n#16 0x55c1e1b75917 <unknown>\n#17 0x55c1e1b86773 <unknown>\n#18 0x7f3b48051044 <unknown>","time":{"start":1699663945453,"stop":1699663949829,"duration":4376}},{"uid":"8a87210ffedc342d","reportUrl":"https://Nat754.github.io/StroyremAutomation/121//#testresult/8a87210ffedc342d","status":"skipped","statusDetails":"XFAIL\n\nselenium.common.exceptions.NoSuchElementException: Message: no such element: Unable to locate element: {\"method\":\"xpath\",\"selector\":\"//input[@class='amount']\"}\n  (Session info: headless chrome=119.0.6045.105); For documentation on this error, please visit: https://www.selenium.dev/documentation/webdriver/troubleshooting/errors#no-such-element-exception\nStacktrace:\n#0 0x5604b2e7a5e3 <unknown>\n#1 0x5604b2b3d0b7 <unknown>\n#2 0x5604b2b8af53 <unknown>\n#3 0x5604b2b8b051 <unknown>\n#4 0x5604b2bd09c4 <unknown>\n#5 0x5604b2bb1f1d <unknown>\n#6 0x5604b2bcdb3d <unknown>\n#7 0x5604b2bb1cc3 <unknown>\n#8 0x5604b2b7d0e4 <unknown>\n#9 0x5604b2b7e0ae <unknown>\n#10 0x5604b2e40ce1 <unknown>\n#11 0x5604b2e44b7e <unknown>\n#12 0x5604b2e2e4b5 <unknown>\n#13 0x5604b2e457d6 <unknown>\n#14 0x5604b2e11dbf <unknown>\n#15 0x5604b2e68748 <unknown>\n#16 0x5604b2e68917 <unknown>\n#17 0x5604b2e79773 <unknown>\n#18 0x7fa68ea4d044 <unknown>","time":{"start":1699577541275,"stop":1699577545418,"duration":4143}},{"uid":"8c9c606ab243f70c","reportUrl":"https://Nat754.github.io/StroyremAutomation/120//#testresult/8c9c606ab243f70c","status":"skipped","statusDetails":"XFAIL\n\nselenium.common.exceptions.NoSuchElementException: Message: no such element: Unable to locate element: {\"method\":\"xpath\",\"selector\":\"//input[@class='amount']\"}\n  (Session info: headless chrome=119.0.6045.105); For documentation on this error, please visit: https://www.selenium.dev/documentation/webdriver/troubleshooting/errors#no-such-element-exception\nStacktrace:\n#0 0x557266ad75e3 <unknown>\n#1 0x55726679a0b7 <unknown>\n#2 0x5572667e7f53 <unknown>\n#3 0x5572667e8051 <unknown>\n#4 0x55726682d9c4 <unknown>\n#5 0x55726680ef1d <unknown>\n#6 0x55726682ab3d <unknown>\n#7 0x55726680ecc3 <unknown>\n#8 0x5572667da0e4 <unknown>\n#9 0x5572667db0ae <unknown>\n#10 0x557266a9dce1 <unknown>\n#11 0x557266aa1b7e <unknown>\n#12 0x557266a8b4b5 <unknown>\n#13 0x557266aa27d6 <unknown>\n#14 0x557266a6edbf <unknown>\n#15 0x557266ac5748 <unknown>\n#16 0x557266ac5917 <unknown>\n#17 0x557266ad6773 <unknown>\n#18 0x7ff1e1253044 <unknown>","time":{"start":1699491122288,"stop":1699491126008,"duration":3720}},{"uid":"28647c944ed143b0","reportUrl":"https://Nat754.github.io/StroyremAutomation/119//#testresult/28647c944ed143b0","status":"skipped","statusDetails":"XFAIL\n\nselenium.common.exceptions.NoSuchElementException: Message: no such element: Unable to locate element: {\"method\":\"xpath\",\"selector\":\"//input[@class='amount']\"}\n  (Session info: headless chrome=119.0.6045.105); For documentation on this error, please visit: https://www.selenium.dev/documentation/webdriver/troubleshooting/errors#no-such-element-exception\nStacktrace:\n#0 0x5611c9e5e5e3 <unknown>\n#1 0x5611c9b210b7 <unknown>\n#2 0x5611c9b6ef53 <unknown>\n#3 0x5611c9b6f051 <unknown>\n#4 0x5611c9bb49c4 <unknown>\n#5 0x5611c9b95f1d <unknown>\n#6 0x5611c9bb1b3d <unknown>\n#7 0x5611c9b95cc3 <unknown>\n#8 0x5611c9b610e4 <unknown>\n#9 0x5611c9b620ae <unknown>\n#10 0x5611c9e24ce1 <unknown>\n#11 0x5611c9e28b7e <unknown>\n#12 0x5611c9e124b5 <unknown>\n#13 0x5611c9e297d6 <unknown>\n#14 0x5611c9df5dbf <unknown>\n#15 0x5611c9e4c748 <unknown>\n#16 0x5611c9e4c917 <unknown>\n#17 0x5611c9e5d773 <unknown>\n#18 0x7f25a48fc044 <unknown>","time":{"start":1699404782021,"stop":1699404786503,"duration":4482}},{"uid":"25513f59758bf050","reportUrl":"https://Nat754.github.io/StroyremAutomation/118//#testresult/25513f59758bf050","status":"skipped","statusDetails":"XFAIL\n\nselenium.common.exceptions.NoSuchElementException: Message: no such element: Unable to locate element: {\"method\":\"xpath\",\"selector\":\"//input[@class='amount']\"}\n  (Session info: headless chrome=119.0.6045.105); For documentation on this error, please visit: https://www.selenium.dev/documentation/webdriver/troubleshooting/errors#no-such-element-exception\nStacktrace:\n#0 0x55e2e2c675e3 <unknown>\n#1 0x55e2e292a0b7 <unknown>\n#2 0x55e2e2977f53 <unknown>\n#3 0x55e2e2978051 <unknown>\n#4 0x55e2e29bd9c4 <unknown>\n#5 0x55e2e299ef1d <unknown>\n#6 0x55e2e29bab3d <unknown>\n#7 0x55e2e299ecc3 <unknown>\n#8 0x55e2e296a0e4 <unknown>\n#9 0x55e2e296b0ae <unknown>\n#10 0x55e2e2c2dce1 <unknown>\n#11 0x55e2e2c31b7e <unknown>\n#12 0x55e2e2c1b4b5 <unknown>\n#13 0x55e2e2c327d6 <unknown>\n#14 0x55e2e2bfedbf <unknown>\n#15 0x55e2e2c55748 <unknown>\n#16 0x55e2e2c55917 <unknown>\n#17 0x55e2e2c66773 <unknown>\n#18 0x7faa3755b044 <unknown>","time":{"start":1699318463720,"stop":1699318467149,"duration":3429}},{"uid":"ca82d35a25f7e33e","reportUrl":"https://Nat754.github.io/StroyremAutomation/117//#testresult/ca82d35a25f7e33e","status":"skipped","statusDetails":"XFAIL\n\nselenium.common.exceptions.NoSuchElementException: Message: no such element: Unable to locate element: {\"method\":\"xpath\",\"selector\":\"//input[@class='amount']\"}\n  (Session info: headless chrome=119.0.6045.105); For documentation on this error, please visit: https://www.selenium.dev/documentation/webdriver/troubleshooting/errors#no-such-element-exception\nStacktrace:\n#0 0x56002ba105e3 <unknown>\n#1 0x56002b6d30b7 <unknown>\n#2 0x56002b720f53 <unknown>\n#3 0x56002b721051 <unknown>\n#4 0x56002b7669c4 <unknown>\n#5 0x56002b747f1d <unknown>\n#6 0x56002b763b3d <unknown>\n#7 0x56002b747cc3 <unknown>\n#8 0x56002b7130e4 <unknown>\n#9 0x56002b7140ae <unknown>\n#10 0x56002b9d6ce1 <unknown>\n#11 0x56002b9dab7e <unknown>\n#12 0x56002b9c44b5 <unknown>\n#13 0x56002b9db7d6 <unknown>\n#14 0x56002b9a7dbf <unknown>\n#15 0x56002b9fe748 <unknown>\n#16 0x56002b9fe917 <unknown>\n#17 0x56002ba0f773 <unknown>\n#18 0x7ff18b81b044 <unknown>","time":{"start":1699232118958,"stop":1699232123291,"duration":4333}},{"uid":"997a9dac43d459a5","reportUrl":"https://Nat754.github.io/StroyremAutomation/116//#testresult/997a9dac43d459a5","status":"skipped","statusDetails":"XFAIL\n\nselenium.common.exceptions.NoSuchElementException: Message: no such element: Unable to locate element: {\"method\":\"xpath\",\"selector\":\"//input[@class='amount']\"}\n  (Session info: headless chrome=119.0.6045.105); For documentation on this error, please visit: https://www.selenium.dev/documentation/webdriver/troubleshooting/errors#no-such-element-exception\nStacktrace:\n#0 0x5651557355e3 <unknown>\n#1 0x5651553f80b7 <unknown>\n#2 0x565155445f53 <unknown>\n#3 0x565155446051 <unknown>\n#4 0x56515548b9c4 <unknown>\n#5 0x56515546cf1d <unknown>\n#6 0x565155488b3d <unknown>\n#7 0x56515546ccc3 <unknown>\n#8 0x5651554380e4 <unknown>\n#9 0x5651554390ae <unknown>\n#10 0x5651556fbce1 <unknown>\n#11 0x5651556ffb7e <unknown>\n#12 0x5651556e94b5 <unknown>\n#13 0x5651557007d6 <unknown>\n#14 0x5651556ccdbf <unknown>\n#15 0x565155723748 <unknown>\n#16 0x565155723917 <unknown>\n#17 0x565155734773 <unknown>\n#18 0x7f1be796d044 <unknown>","time":{"start":1699145868294,"stop":1699145874631,"duration":6337}},{"uid":"c346e9fb348a2ed1","reportUrl":"https://Nat754.github.io/StroyremAutomation/115//#testresult/c346e9fb348a2ed1","status":"skipped","statusDetails":"XFAIL\n\nselenium.common.exceptions.NoSuchElementException: Message: no such element: Unable to locate element: {\"method\":\"xpath\",\"selector\":\"//input[@class='amount']\"}\n  (Session info: headless chrome=119.0.6045.105); For documentation on this error, please visit: https://www.selenium.dev/documentation/webdriver/troubleshooting/errors#no-such-element-exception\nStacktrace:\n#0 0x55e5ca6055e3 <unknown>\n#1 0x55e5ca2c80b7 <unknown>\n#2 0x55e5ca315f53 <unknown>\n#3 0x55e5ca316051 <unknown>\n#4 0x55e5ca35b9c4 <unknown>\n#5 0x55e5ca33cf1d <unknown>\n#6 0x55e5ca358b3d <unknown>\n#7 0x55e5ca33ccc3 <unknown>\n#8 0x55e5ca3080e4 <unknown>\n#9 0x55e5ca3090ae <unknown>\n#10 0x55e5ca5cbce1 <unknown>\n#11 0x55e5ca5cfb7e <unknown>\n#12 0x55e5ca5b94b5 <unknown>\n#13 0x55e5ca5d07d6 <unknown>\n#14 0x55e5ca59cdbf <unknown>\n#15 0x55e5ca5f3748 <unknown>\n#16 0x55e5ca5f3917 <unknown>\n#17 0x55e5ca604773 <unknown>\n#18 0x7f079ab97044 <unknown>","time":{"start":1699059166327,"stop":1699059170308,"duration":3981}},{"uid":"6e508569b7d6487c","reportUrl":"https://Nat754.github.io/StroyremAutomation/114//#testresult/6e508569b7d6487c","status":"skipped","statusDetails":"XFAIL\n\nselenium.common.exceptions.NoSuchElementException: Message: no such element: Unable to locate element: {\"method\":\"xpath\",\"selector\":\"//input[@class='amount']\"}\n  (Session info: headless chrome=119.0.6045.105); For documentation on this error, please visit: https://www.selenium.dev/documentation/webdriver/troubleshooting/errors#no-such-element-exception\nStacktrace:\n#0 0x55df52d985e3 <unknown>\n#1 0x55df52a5b0b7 <unknown>\n#2 0x55df52aa8f53 <unknown>\n#3 0x55df52aa9051 <unknown>\n#4 0x55df52aee9c4 <unknown>\n#5 0x55df52acff1d <unknown>\n#6 0x55df52aebb3d <unknown>\n#7 0x55df52acfcc3 <unknown>\n#8 0x55df52a9b0e4 <unknown>\n#9 0x55df52a9c0ae <unknown>\n#10 0x55df52d5ece1 <unknown>\n#11 0x55df52d62b7e <unknown>\n#12 0x55df52d4c4b5 <unknown>\n#13 0x55df52d637d6 <unknown>\n#14 0x55df52d2fdbf <unknown>\n#15 0x55df52d86748 <unknown>\n#16 0x55df52d86917 <unknown>\n#17 0x55df52d97773 <unknown>\n#18 0x7f8a582aa044 <unknown>","time":{"start":1698972775827,"stop":1698972781048,"duration":5221}},{"uid":"53ba76daf25e7816","reportUrl":"https://Nat754.github.io/StroyremAutomation/113//#testresult/53ba76daf25e7816","status":"skipped","statusDetails":"XFAIL\n\nselenium.common.exceptions.NoSuchElementException: Message: no such element: Unable to locate element: {\"method\":\"xpath\",\"selector\":\"//input[@class='amount']\"}\n  (Session info: headless chrome=119.0.6045.105); For documentation on this error, please visit: https://www.selenium.dev/documentation/webdriver/troubleshooting/errors#no-such-element-exception\nStacktrace:\n#0 0x5646e7af25e3 <unknown>\n#1 0x5646e77b50b7 <unknown>\n#2 0x5646e7802f53 <unknown>\n#3 0x5646e7803051 <unknown>\n#4 0x5646e78489c4 <unknown>\n#5 0x5646e7829f1d <unknown>\n#6 0x5646e7845b3d <unknown>\n#7 0x5646e7829cc3 <unknown>\n#8 0x5646e77f50e4 <unknown>\n#9 0x5646e77f60ae <unknown>\n#10 0x5646e7ab8ce1 <unknown>\n#11 0x5646e7abcb7e <unknown>\n#12 0x5646e7aa64b5 <unknown>\n#13 0x5646e7abd7d6 <unknown>\n#14 0x5646e7a89dbf <unknown>\n#15 0x5646e7ae0748 <unknown>\n#16 0x5646e7ae0917 <unknown>\n#17 0x5646e7af1773 <unknown>\n#18 0x7f0f9ecc7044 <unknown>","time":{"start":1698886412162,"stop":1698886417613,"duration":5451}},{"uid":"1ca546f5389c3e0e","reportUrl":"https://Nat754.github.io/StroyremAutomation/112//#testresult/1ca546f5389c3e0e","status":"skipped","statusDetails":"XFAIL\n\nselenium.common.exceptions.NoSuchElementException: Message: no such element: Unable to locate element: {\"method\":\"xpath\",\"selector\":\"//input[@class='amount']\"}\n  (Session info: headless chrome=119.0.6045.105); For documentation on this error, please visit: https://www.selenium.dev/documentation/webdriver/troubleshooting/errors#no-such-element-exception\nStacktrace:\n#0 0x5597e3e295e3 <unknown>\n#1 0x5597e3aec0b7 <unknown>\n#2 0x5597e3b39f53 <unknown>\n#3 0x5597e3b3a051 <unknown>\n#4 0x5597e3b7f9c4 <unknown>\n#5 0x5597e3b60f1d <unknown>\n#6 0x5597e3b7cb3d <unknown>\n#7 0x5597e3b60cc3 <unknown>\n#8 0x5597e3b2c0e4 <unknown>\n#9 0x5597e3b2d0ae <unknown>\n#10 0x5597e3defce1 <unknown>\n#11 0x5597e3df3b7e <unknown>\n#12 0x5597e3ddd4b5 <unknown>\n#13 0x5597e3df47d6 <unknown>\n#14 0x5597e3dc0dbf <unknown>\n#15 0x5597e3e17748 <unknown>\n#16 0x5597e3e17917 <unknown>\n#17 0x5597e3e28773 <unknown>\n#18 0x7f1dfba93044 <unknown>","time":{"start":1698800246733,"stop":1698800252722,"duration":5989}},{"uid":"6f1756c4614ec5ef","reportUrl":"https://Nat754.github.io/StroyremAutomation/111//#testresult/6f1756c4614ec5ef","status":"skipped","statusDetails":"XFAIL\n\nselenium.common.exceptions.NoSuchElementException: Message: no such element: Unable to locate element: {\"method\":\"xpath\",\"selector\":\"//input[@class='amount']\"}\n  (Session info: headless chrome=118.0.5993.70); For documentation on this error, please visit: https://www.selenium.dev/documentation/webdriver/troubleshooting/errors#no-such-element-exception\nStacktrace:\n#0 0x5620cc948fb3 <unknown>\n#1 0x5620cc61c4a7 <unknown>\n#2 0x5620cc663dd6 <unknown>\n#3 0x5620cc663ec1 <unknown>\n#4 0x5620cc6a1354 <unknown>\n#5 0x5620cc68596d <unknown>\n#6 0x5620cc69ec02 <unknown>\n#7 0x5620cc685713 <unknown>\n#8 0x5620cc65818b <unknown>\n#9 0x5620cc658f7e <unknown>\n#10 0x5620cc90e8d8 <unknown>\n#11 0x5620cc912800 <unknown>\n#12 0x5620cc91ccfc <unknown>\n#13 0x5620cc913418 <unknown>\n#14 0x5620cc8e042f <unknown>\n#15 0x5620cc9374e8 <unknown>\n#16 0x5620cc9376b4 <unknown>\n#17 0x5620cc948143 <unknown>\n#18 0x7f21e0a23044 <unknown>","time":{"start":1698713625782,"stop":1698713630686,"duration":4904}},{"uid":"54f2062e122bed43","reportUrl":"https://Nat754.github.io/StroyremAutomation/110//#testresult/54f2062e122bed43","status":"skipped","statusDetails":"XFAIL\n\nselenium.common.exceptions.NoSuchElementException: Message: no such element: Unable to locate element: {\"method\":\"xpath\",\"selector\":\"//input[@class='amount']\"}\n  (Session info: headless chrome=118.0.5993.70); For documentation on this error, please visit: https://www.selenium.dev/documentation/webdriver/troubleshooting/errors#no-such-element-exception\nStacktrace:\n#0 0x5651667d2fb3 <unknown>\n#1 0x5651664a64a7 <unknown>\n#2 0x5651664eddd6 <unknown>\n#3 0x5651664edec1 <unknown>\n#4 0x56516652b354 <unknown>\n#5 0x56516650f96d <unknown>\n#6 0x565166528c02 <unknown>\n#7 0x56516650f713 <unknown>\n#8 0x5651664e218b <unknown>\n#9 0x5651664e2f7e <unknown>\n#10 0x5651667988d8 <unknown>\n#11 0x56516679c800 <unknown>\n#12 0x5651667a6cfc <unknown>\n#13 0x56516679d418 <unknown>\n#14 0x56516676a42f <unknown>\n#15 0x5651667c14e8 <unknown>\n#16 0x5651667c16b4 <unknown>\n#17 0x5651667d2143 <unknown>\n#18 0x7f732666a044 <unknown>","time":{"start":1698627213479,"stop":1698627218474,"duration":4995}},{"uid":"8b1cefb8369e0a8b","reportUrl":"https://Nat754.github.io/StroyremAutomation/109//#testresult/8b1cefb8369e0a8b","status":"skipped","statusDetails":"XFAIL\n\nselenium.common.exceptions.NoSuchElementException: Message: no such element: Unable to locate element: {\"method\":\"xpath\",\"selector\":\"//input[@class='amount']\"}\n  (Session info: headless chrome=118.0.5993.70); For documentation on this error, please visit: https://www.selenium.dev/documentation/webdriver/troubleshooting/errors#no-such-element-exception\nStacktrace:\n#0 0x55e324a92fb3 <unknown>\n#1 0x55e3247664a7 <unknown>\n#2 0x55e3247addd6 <unknown>\n#3 0x55e3247adec1 <unknown>\n#4 0x55e3247eb354 <unknown>\n#5 0x55e3247cf96d <unknown>\n#6 0x55e3247e8c02 <unknown>\n#7 0x55e3247cf713 <unknown>\n#8 0x55e3247a218b <unknown>\n#9 0x55e3247a2f7e <unknown>\n#10 0x55e324a588d8 <unknown>\n#11 0x55e324a5c800 <unknown>\n#12 0x55e324a66cfc <unknown>\n#13 0x55e324a5d418 <unknown>\n#14 0x55e324a2a42f <unknown>\n#15 0x55e324a814e8 <unknown>\n#16 0x55e324a816b4 <unknown>\n#17 0x55e324a92143 <unknown>\n#18 0x7fc6c22b5044 <unknown>","time":{"start":1698540989192,"stop":1698540993636,"duration":4444}},{"uid":"e332f9cdd734ce87","reportUrl":"https://Nat754.github.io/StroyremAutomation/108//#testresult/e332f9cdd734ce87","status":"skipped","statusDetails":"XFAIL\n\nselenium.common.exceptions.NoSuchElementException: Message: no such element: Unable to locate element: {\"method\":\"xpath\",\"selector\":\"//input[@class='amount']\"}\n  (Session info: headless chrome=118.0.5993.70); For documentation on this error, please visit: https://www.selenium.dev/documentation/webdriver/troubleshooting/errors#no-such-element-exception\nStacktrace:\n#0 0x5576030c6fb3 <unknown>\n#1 0x557602d9a4a7 <unknown>\n#2 0x557602de1dd6 <unknown>\n#3 0x557602de1ec1 <unknown>\n#4 0x557602e1f354 <unknown>\n#5 0x557602e0396d <unknown>\n#6 0x557602e1cc02 <unknown>\n#7 0x557602e03713 <unknown>\n#8 0x557602dd618b <unknown>\n#9 0x557602dd6f7e <unknown>\n#10 0x55760308c8d8 <unknown>\n#11 0x557603090800 <unknown>\n#12 0x55760309acfc <unknown>\n#13 0x557603091418 <unknown>\n#14 0x55760305e42f <unknown>\n#15 0x5576030b54e8 <unknown>\n#16 0x5576030b56b4 <unknown>\n#17 0x5576030c6143 <unknown>\n#18 0x7f41521d2044 <unknown>","time":{"start":1698454319742,"stop":1698454326709,"duration":6967}},{"uid":"be2e8fbb016f2bdc","reportUrl":"https://Nat754.github.io/StroyremAutomation/107//#testresult/be2e8fbb016f2bdc","status":"skipped","statusDetails":"XFAIL\n\nselenium.common.exceptions.NoSuchElementException: Message: no such element: Unable to locate element: {\"method\":\"xpath\",\"selector\":\"//input[@class='amount']\"}\n  (Session info: headless chrome=118.0.5993.70); For documentation on this error, please visit: https://www.selenium.dev/documentation/webdriver/troubleshooting/errors#no-such-element-exception\nStacktrace:\n#0 0x564ef7551fb3 <unknown>\n#1 0x564ef72254a7 <unknown>\n#2 0x564ef726cdd6 <unknown>\n#3 0x564ef726cec1 <unknown>\n#4 0x564ef72aa354 <unknown>\n#5 0x564ef728e96d <unknown>\n#6 0x564ef72a7c02 <unknown>\n#7 0x564ef728e713 <unknown>\n#8 0x564ef726118b <unknown>\n#9 0x564ef7261f7e <unknown>\n#10 0x564ef75178d8 <unknown>\n#11 0x564ef751b800 <unknown>\n#12 0x564ef7525cfc <unknown>\n#13 0x564ef751c418 <unknown>\n#14 0x564ef74e942f <unknown>\n#15 0x564ef75404e8 <unknown>\n#16 0x564ef75406b4 <unknown>\n#17 0x564ef7551143 <unknown>\n#18 0x7f8049840044 <unknown>","time":{"start":1698367931065,"stop":1698367935216,"duration":4151}}]},"tags":["@pytest.mark.xfail","smoke_test"]},"source":"b01689141ce8bced.json","parameterValues":["2980","66","'TD 007'","2490","'products/shtukaturka-gipsovaya-aksolit-m50-30-kg-mashinnogo-naneseniya'","1300","'https://sandboxtest.stroyrem-nn.ru/'","2000"]}