{"uid":"fa5de77c75163b6d","name":"test_positive_delivery_green_zone_smoke[TD 001-products/uroven---uglomer-elektronnyj-kapro-992-1-30-0-1590-2190-https://sandboxtest.stroyrem-nn.ru/]","fullName":"tests.delivery.test_delivery_calculation.TestDeliveryPageCalculation#test_positive_delivery_green_zone_smoke","historyId":"7d50f9d85ab9724fc9bef1ba931d63a5","time":{"start":1723597273558,"stop":1723597274112,"duration":554},"status":"skipped","statusMessage":"XFAIL\n\nselenium.common.exceptions.NoSuchElementException: Message: no such element: Unable to locate element: {\"method\":\"xpath\",\"selector\":\"(//a[@class='add-to-cart yellow-btn'])[1]\"}\n  (Session info: chrome-headless-shell=127.0.6533.119); For documentation on this error, please visit: https://www.selenium.dev/documentation/webdriver/troubleshooting/errors#no-such-element-exception\nStacktrace:\n#0 0x561da761c6ca <unknown>\n#1 0x561da72ed600 <unknown>\n#2 0x561da733cbcb <unknown>\n#3 0x561da733ceb1 <unknown>\n#4 0x561da7380b24 <unknown>\n#5 0x561da735f8cd <unknown>\n#6 0x561da737e04a <unknown>\n#7 0x561da735f643 <unknown>\n#8 0x561da732fd31 <unknown>\n#9 0x561da733079e <unknown>\n#10 0x561da75e425b <unknown>\n#11 0x561da75e81f2 <unknown>\n#12 0x561da75d1615 <unknown>\n#13 0x561da75e8d82 <unknown>\n#14 0x561da75b625f <unknown>\n#15 0x561da760be68 <unknown>\n#16 0x561da760c040 <unknown>\n#17 0x561da761b49c <unknown>\n#18 0x7ff2a53bb134 <unknown>","statusTrace":"self = <tests.delivery.test_delivery_calculation.TestDeliveryPageCalculation object at 0x7f3819bc2350>\ndriver = <selenium.webdriver.chrome.webdriver.WebDriver (session=\"b215c879bb8a0a7828890feb985dd6bf\")>\nurl = 'https://sandboxtest.stroyrem-nn.ru/', case_id = 'TD 001'\nlink_item = 'products/uroven---uglomer-elektronnyj-kapro-992', amount = 1\nweight = 30, standard = 0, in_time = 1590, all_time = 2190\n\n    @pytest.mark.parametrize('case_id, link_item, amount, weight, standard, in_time, all_time', [\n        (\"TD 001\", uroven_3000, 1, 30, 0, 1590, 2190),\n        (\"TD 002\", bundeks_25, 1, 30, 400, 1590, 2190),\n        (\"TD 003\", aksolit_30, 8, 300, 400, 1590, 2190),\n        (\"TD 004\", aksolit_30, 13, 400, 450, 1590, 2190),\n        (\"TD 005\", aksolit_30, 16, 500, 600, 1590, 2190),\n        (\"TD 006\", aksolit_30, 25, 1700, 990, 1990, 2480),\n        (\"TD 007\", aksolit_30, 66, 2000, 1300, 2490, 2980),\n        (\"TD 008\", aksolit_30, 149, 4500, 2300, 3980, 4490),\n        (\"TD 009\", aksolit_30, 166, 5000, 2500, 4990, 5480),\n        pytest.param(\n            \"TD 010\", aksolit_30, 206, 6200, 2900, 5570, 6120,\n            marks=pytest.mark.xfail(reson=\"Цена доставки 3600 7960 8980\")\n        ),\n        (\"TD 011\", aksolit_30, 299, 9000, 3600, 7960, 8980),\n        (\"TD 012\", aksolit_30, 333, 10000, 4450, 11990, 12500),\n        pytest.param(\n            \"TD 013\", aksolit_30, 366, 11000, 4800, 12450, 13480,\n            marks=pytest.mark.xfail(reason=\"Цена стандартной доставки 4450\")\n        ),\n        pytest.param(\n            \"TD 014\", aksolit_30, 666, 20000, 5400, 15600, 17490,\n            marks=pytest.mark.xfail(reason=\"Цена стандартной доставки 4450\")\n        )\n    ])\n    @pytest.mark.xfail\n    @pytest.mark.smoke_test\n    def test_positive_delivery_green_zone_smoke(\n            self, driver, url, case_id, link_item, amount, weight, standard, in_time, all_time\n    ):\n    \n        driver.get(f'{url}{link_item}')\n        item_page = ItemPage(driver)\n>       item_page.add_item_to_cart(amount).click_on_cart()\n\ntests/delivery/test_delivery_calculation.py:50: \n_ _ _ _ _ _ _ _ _ _ _ _ _ _ _ _ _ _ _ _ _ _ _ _ _ _ _ _ _ _ _ _ _ _ _ _ _ _ _ _ \npages/item_page.py:40: in add_item_to_cart\n    self.find_element(self._add_item).click()\nbase/seleniumbase.py:17: in find_element\n    return self.driver.find_element(*locator)\n/usr/local/lib/python3.11/site-packages/selenium/webdriver/remote/webdriver.py:739: in find_element\n    return self.execute(Command.FIND_ELEMENT, {\"using\": by, \"value\": value})[\"value\"]\n/usr/local/lib/python3.11/site-packages/selenium/webdriver/remote/webdriver.py:345: in execute\n    self.error_handler.check_response(response)\n_ _ _ _ _ _ _ _ _ _ _ _ _ _ _ _ _ _ _ _ _ _ _ _ _ _ _ _ _ _ _ _ _ _ _ _ _ _ _ _ \n\nself = <selenium.webdriver.remote.errorhandler.ErrorHandler object at 0x7f381ab29390>\nresponse = {'status': 404, 'value': '{\"value\":{\"error\":\"no such element\",\"message\":\"no such element: Unable to locate element: {\\...\\\\n#16 0x561da760c040 \\\\u003Cunknown>\\\\n#17 0x561da761b49c \\\\u003Cunknown>\\\\n#18 0x7ff2a53bb134 \\\\u003Cunknown>\\\\n\"}}'}\n\n    def check_response(self, response: Dict[str, Any]) -> None:\n        \"\"\"Checks that a JSON response from the WebDriver does not have an\n        error.\n    \n        :Args:\n         - response - The JSON response from the WebDriver server as a dictionary\n           object.\n    \n        :Raises: If the response contains an error message.\n        \"\"\"\n        status = response.get(\"status\", None)\n        if not status or status == ErrorCode.SUCCESS:\n            return\n        value = None\n        message = response.get(\"message\", \"\")\n        screen: str = response.get(\"screen\", \"\")\n        stacktrace = None\n        if isinstance(status, int):\n            value_json = response.get(\"value\", None)\n            if value_json and isinstance(value_json, str):\n                import json\n    \n                try:\n                    value = json.loads(value_json)\n                    if len(value) == 1:\n                        value = value[\"value\"]\n                    status = value.get(\"error\", None)\n                    if not status:\n                        status = value.get(\"status\", ErrorCode.UNKNOWN_ERROR)\n                        message = value.get(\"value\") or value.get(\"message\")\n                        if not isinstance(message, str):\n                            value = message\n                            message = message.get(\"message\")\n                    else:\n                        message = value.get(\"message\", None)\n                except ValueError:\n                    pass\n    \n        exception_class: Type[WebDriverException]\n        e = ErrorCode()\n        error_codes = [item for item in dir(e) if not item.startswith(\"__\")]\n        for error_code in error_codes:\n            error_info = getattr(ErrorCode, error_code)\n            if isinstance(error_info, list) and status in error_info:\n                exception_class = getattr(ExceptionMapping, error_code, WebDriverException)\n                break\n        else:\n            exception_class = WebDriverException\n    \n        if not value:\n            value = response[\"value\"]\n        if isinstance(value, str):\n            raise exception_class(value)\n        if message == \"\" and \"message\" in value:\n            message = value[\"message\"]\n    \n        screen = None  # type: ignore[assignment]\n        if \"screen\" in value:\n            screen = value[\"screen\"]\n    \n        stacktrace = None\n        st_value = value.get(\"stackTrace\") or value.get(\"stacktrace\")\n        if st_value:\n            if isinstance(st_value, str):\n                stacktrace = st_value.split(\"\\n\")\n            else:\n                stacktrace = []\n                try:\n                    for frame in st_value:\n                        line = frame.get(\"lineNumber\", \"\")\n                        file = frame.get(\"fileName\", \"<anonymous>\")\n                        if line:\n                            file = f\"{file}:{line}\"\n                        meth = frame.get(\"methodName\", \"<anonymous>\")\n                        if \"className\" in frame:\n                            meth = f\"{frame['className']}.{meth}\"\n                        msg = \"    at %s (%s)\"\n                        msg = msg % (meth, file)\n                        stacktrace.append(msg)\n                except TypeError:\n                    pass\n        if exception_class == UnexpectedAlertPresentException:\n            alert_text = None\n            if \"data\" in value:\n                alert_text = value[\"data\"].get(\"text\")\n            elif \"alert\" in value:\n                alert_text = value[\"alert\"].get(\"text\")\n            raise exception_class(message, screen, stacktrace, alert_text)  # type: ignore[call-arg]  # mypy is not smart enough here\n>       raise exception_class(message, screen, stacktrace)\nE       selenium.common.exceptions.NoSuchElementException: Message: no such element: Unable to locate element: {\"method\":\"xpath\",\"selector\":\"(//a[@class='add-to-cart yellow-btn'])[1]\"}\nE         (Session info: chrome-headless-shell=127.0.6533.119); For documentation on this error, please visit: https://www.selenium.dev/documentation/webdriver/troubleshooting/errors#no-such-element-exception\nE       Stacktrace:\nE       #0 0x561da761c6ca <unknown>\nE       #1 0x561da72ed600 <unknown>\nE       #2 0x561da733cbcb <unknown>\nE       #3 0x561da733ceb1 <unknown>\nE       #4 0x561da7380b24 <unknown>\nE       #5 0x561da735f8cd <unknown>\nE       #6 0x561da737e04a <unknown>\nE       #7 0x561da735f643 <unknown>\nE       #8 0x561da732fd31 <unknown>\nE       #9 0x561da733079e <unknown>\nE       #10 0x561da75e425b <unknown>\nE       #11 0x561da75e81f2 <unknown>\nE       #12 0x561da75d1615 <unknown>\nE       #13 0x561da75e8d82 <unknown>\nE       #14 0x561da75b625f <unknown>\nE       #15 0x561da760be68 <unknown>\nE       #16 0x561da760c040 <unknown>\nE       #17 0x561da761b49c <unknown>\nE       #18 0x7ff2a53bb134 <unknown>\n\n/usr/local/lib/python3.11/site-packages/selenium/webdriver/remote/errorhandler.py:229: NoSuchElementException","flaky":false,"newFailed":false,"newBroken":false,"newPassed":false,"retriesCount":0,"retriesStatusChange":false,"beforeStages":[{"name":"_session_faker","time":{"start":1723597055628,"stop":1723597055697,"duration":69},"status":"passed","steps":[],"attachments":[],"parameters":[],"shouldDisplayMessage":false,"stepsCount":0,"attachmentsCount":0,"hasContent":false,"attachmentStep":false},{"name":"clear_allure_results_folder","time":{"start":1723597055697,"stop":1723597055697,"duration":0},"status":"passed","steps":[],"attachments":[],"parameters":[],"shouldDisplayMessage":false,"stepsCount":0,"attachmentsCount":0,"hasContent":false,"attachmentStep":false},{"name":"driver","time":{"start":1723597272867,"stop":1723597273557,"duration":690},"status":"passed","steps":[],"attachments":[],"parameters":[],"shouldDisplayMessage":false,"stepsCount":0,"attachmentsCount":0,"hasContent":false,"attachmentStep":false},{"name":"setup","time":{"start":1723597273557,"stop":1723597273557,"duration":0},"status":"passed","steps":[],"attachments":[],"parameters":[],"shouldDisplayMessage":false,"stepsCount":0,"attachmentsCount":0,"hasContent":false,"attachmentStep":false}],"testStage":{"status":"skipped","statusMessage":"XFAIL\n\nselenium.common.exceptions.NoSuchElementException: Message: no such element: Unable to locate element: {\"method\":\"xpath\",\"selector\":\"(//a[@class='add-to-cart yellow-btn'])[1]\"}\n  (Session info: chrome-headless-shell=127.0.6533.119); For documentation on this error, please visit: https://www.selenium.dev/documentation/webdriver/troubleshooting/errors#no-such-element-exception\nStacktrace:\n#0 0x561da761c6ca <unknown>\n#1 0x561da72ed600 <unknown>\n#2 0x561da733cbcb <unknown>\n#3 0x561da733ceb1 <unknown>\n#4 0x561da7380b24 <unknown>\n#5 0x561da735f8cd <unknown>\n#6 0x561da737e04a <unknown>\n#7 0x561da735f643 <unknown>\n#8 0x561da732fd31 <unknown>\n#9 0x561da733079e <unknown>\n#10 0x561da75e425b <unknown>\n#11 0x561da75e81f2 <unknown>\n#12 0x561da75d1615 <unknown>\n#13 0x561da75e8d82 <unknown>\n#14 0x561da75b625f <unknown>\n#15 0x561da760be68 <unknown>\n#16 0x561da760c040 <unknown>\n#17 0x561da761b49c <unknown>\n#18 0x7ff2a53bb134 <unknown>","statusTrace":"self = <tests.delivery.test_delivery_calculation.TestDeliveryPageCalculation object at 0x7f3819bc2350>\ndriver = <selenium.webdriver.chrome.webdriver.WebDriver (session=\"b215c879bb8a0a7828890feb985dd6bf\")>\nurl = 'https://sandboxtest.stroyrem-nn.ru/', case_id = 'TD 001'\nlink_item = 'products/uroven---uglomer-elektronnyj-kapro-992', amount = 1\nweight = 30, standard = 0, in_time = 1590, all_time = 2190\n\n    @pytest.mark.parametrize('case_id, link_item, amount, weight, standard, in_time, all_time', [\n        (\"TD 001\", uroven_3000, 1, 30, 0, 1590, 2190),\n        (\"TD 002\", bundeks_25, 1, 30, 400, 1590, 2190),\n        (\"TD 003\", aksolit_30, 8, 300, 400, 1590, 2190),\n        (\"TD 004\", aksolit_30, 13, 400, 450, 1590, 2190),\n        (\"TD 005\", aksolit_30, 16, 500, 600, 1590, 2190),\n        (\"TD 006\", aksolit_30, 25, 1700, 990, 1990, 2480),\n        (\"TD 007\", aksolit_30, 66, 2000, 1300, 2490, 2980),\n        (\"TD 008\", aksolit_30, 149, 4500, 2300, 3980, 4490),\n        (\"TD 009\", aksolit_30, 166, 5000, 2500, 4990, 5480),\n        pytest.param(\n            \"TD 010\", aksolit_30, 206, 6200, 2900, 5570, 6120,\n            marks=pytest.mark.xfail(reson=\"Цена доставки 3600 7960 8980\")\n        ),\n        (\"TD 011\", aksolit_30, 299, 9000, 3600, 7960, 8980),\n        (\"TD 012\", aksolit_30, 333, 10000, 4450, 11990, 12500),\n        pytest.param(\n            \"TD 013\", aksolit_30, 366, 11000, 4800, 12450, 13480,\n            marks=pytest.mark.xfail(reason=\"Цена стандартной доставки 4450\")\n        ),\n        pytest.param(\n            \"TD 014\", aksolit_30, 666, 20000, 5400, 15600, 17490,\n            marks=pytest.mark.xfail(reason=\"Цена стандартной доставки 4450\")\n        )\n    ])\n    @pytest.mark.xfail\n    @pytest.mark.smoke_test\n    def test_positive_delivery_green_zone_smoke(\n            self, driver, url, case_id, link_item, amount, weight, standard, in_time, all_time\n    ):\n    \n        driver.get(f'{url}{link_item}')\n        item_page = ItemPage(driver)\n>       item_page.add_item_to_cart(amount).click_on_cart()\n\ntests/delivery/test_delivery_calculation.py:50: \n_ _ _ _ _ _ _ _ _ _ _ _ _ _ _ _ _ _ _ _ _ _ _ _ _ _ _ _ _ _ _ _ _ _ _ _ _ _ _ _ \npages/item_page.py:40: in add_item_to_cart\n    self.find_element(self._add_item).click()\nbase/seleniumbase.py:17: in find_element\n    return self.driver.find_element(*locator)\n/usr/local/lib/python3.11/site-packages/selenium/webdriver/remote/webdriver.py:739: in find_element\n    return self.execute(Command.FIND_ELEMENT, {\"using\": by, \"value\": value})[\"value\"]\n/usr/local/lib/python3.11/site-packages/selenium/webdriver/remote/webdriver.py:345: in execute\n    self.error_handler.check_response(response)\n_ _ _ _ _ _ _ _ _ _ _ _ _ _ _ _ _ _ _ _ _ _ _ _ _ _ _ _ _ _ _ _ _ _ _ _ _ _ _ _ \n\nself = <selenium.webdriver.remote.errorhandler.ErrorHandler object at 0x7f381ab29390>\nresponse = {'status': 404, 'value': '{\"value\":{\"error\":\"no such element\",\"message\":\"no such element: Unable to locate element: {\\...\\\\n#16 0x561da760c040 \\\\u003Cunknown>\\\\n#17 0x561da761b49c \\\\u003Cunknown>\\\\n#18 0x7ff2a53bb134 \\\\u003Cunknown>\\\\n\"}}'}\n\n    def check_response(self, response: Dict[str, Any]) -> None:\n        \"\"\"Checks that a JSON response from the WebDriver does not have an\n        error.\n    \n        :Args:\n         - response - The JSON response from the WebDriver server as a dictionary\n           object.\n    \n        :Raises: If the response contains an error message.\n        \"\"\"\n        status = response.get(\"status\", None)\n        if not status or status == ErrorCode.SUCCESS:\n            return\n        value = None\n        message = response.get(\"message\", \"\")\n        screen: str = response.get(\"screen\", \"\")\n        stacktrace = None\n        if isinstance(status, int):\n            value_json = response.get(\"value\", None)\n            if value_json and isinstance(value_json, str):\n                import json\n    \n                try:\n                    value = json.loads(value_json)\n                    if len(value) == 1:\n                        value = value[\"value\"]\n                    status = value.get(\"error\", None)\n                    if not status:\n                        status = value.get(\"status\", ErrorCode.UNKNOWN_ERROR)\n                        message = value.get(\"value\") or value.get(\"message\")\n                        if not isinstance(message, str):\n                            value = message\n                            message = message.get(\"message\")\n                    else:\n                        message = value.get(\"message\", None)\n                except ValueError:\n                    pass\n    \n        exception_class: Type[WebDriverException]\n        e = ErrorCode()\n        error_codes = [item for item in dir(e) if not item.startswith(\"__\")]\n        for error_code in error_codes:\n            error_info = getattr(ErrorCode, error_code)\n            if isinstance(error_info, list) and status in error_info:\n                exception_class = getattr(ExceptionMapping, error_code, WebDriverException)\n                break\n        else:\n            exception_class = WebDriverException\n    \n        if not value:\n            value = response[\"value\"]\n        if isinstance(value, str):\n            raise exception_class(value)\n        if message == \"\" and \"message\" in value:\n            message = value[\"message\"]\n    \n        screen = None  # type: ignore[assignment]\n        if \"screen\" in value:\n            screen = value[\"screen\"]\n    \n        stacktrace = None\n        st_value = value.get(\"stackTrace\") or value.get(\"stacktrace\")\n        if st_value:\n            if isinstance(st_value, str):\n                stacktrace = st_value.split(\"\\n\")\n            else:\n                stacktrace = []\n                try:\n                    for frame in st_value:\n                        line = frame.get(\"lineNumber\", \"\")\n                        file = frame.get(\"fileName\", \"<anonymous>\")\n                        if line:\n                            file = f\"{file}:{line}\"\n                        meth = frame.get(\"methodName\", \"<anonymous>\")\n                        if \"className\" in frame:\n                            meth = f\"{frame['className']}.{meth}\"\n                        msg = \"    at %s (%s)\"\n                        msg = msg % (meth, file)\n                        stacktrace.append(msg)\n                except TypeError:\n                    pass\n        if exception_class == UnexpectedAlertPresentException:\n            alert_text = None\n            if \"data\" in value:\n                alert_text = value[\"data\"].get(\"text\")\n            elif \"alert\" in value:\n                alert_text = value[\"alert\"].get(\"text\")\n            raise exception_class(message, screen, stacktrace, alert_text)  # type: ignore[call-arg]  # mypy is not smart enough here\n>       raise exception_class(message, screen, stacktrace)\nE       selenium.common.exceptions.NoSuchElementException: Message: no such element: Unable to locate element: {\"method\":\"xpath\",\"selector\":\"(//a[@class='add-to-cart yellow-btn'])[1]\"}\nE         (Session info: chrome-headless-shell=127.0.6533.119); For documentation on this error, please visit: https://www.selenium.dev/documentation/webdriver/troubleshooting/errors#no-such-element-exception\nE       Stacktrace:\nE       #0 0x561da761c6ca <unknown>\nE       #1 0x561da72ed600 <unknown>\nE       #2 0x561da733cbcb <unknown>\nE       #3 0x561da733ceb1 <unknown>\nE       #4 0x561da7380b24 <unknown>\nE       #5 0x561da735f8cd <unknown>\nE       #6 0x561da737e04a <unknown>\nE       #7 0x561da735f643 <unknown>\nE       #8 0x561da732fd31 <unknown>\nE       #9 0x561da733079e <unknown>\nE       #10 0x561da75e425b <unknown>\nE       #11 0x561da75e81f2 <unknown>\nE       #12 0x561da75d1615 <unknown>\nE       #13 0x561da75e8d82 <unknown>\nE       #14 0x561da75b625f <unknown>\nE       #15 0x561da760be68 <unknown>\nE       #16 0x561da760c040 <unknown>\nE       #17 0x561da761b49c <unknown>\nE       #18 0x7ff2a53bb134 <unknown>\n\n/usr/local/lib/python3.11/site-packages/selenium/webdriver/remote/errorhandler.py:229: NoSuchElementException","steps":[{"name":"Добавляем товар в корзину в количестве 1","time":{"start":1723597274094,"stop":1723597274111,"duration":17},"status":"broken","statusMessage":"selenium.common.exceptions.NoSuchElementException: Message: no such element: Unable to locate element: {\"method\":\"xpath\",\"selector\":\"(//a[@class='add-to-cart yellow-btn'])[1]\"}\n  (Session info: chrome-headless-shell=127.0.6533.119); For documentation on this error, please visit: https://www.selenium.dev/documentation/webdriver/troubleshooting/errors#no-such-element-exception\nStacktrace:\n#0 0x561da761c6ca <unknown>\n#1 0x561da72ed600 <unknown>\n#2 0x561da733cbcb <unknown>\n#3 0x561da733ceb1 <unknown>\n#4 0x561da7380b24 <unknown>\n#5 0x561da735f8cd <unknown>\n#6 0x561da737e04a <unknown>\n#7 0x561da735f643 <unknown>\n#8 0x561da732fd31 <unknown>\n#9 0x561da733079e <unknown>\n#10 0x561da75e425b <unknown>\n#11 0x561da75e81f2 <unknown>\n#12 0x561da75d1615 <unknown>\n#13 0x561da75e8d82 <unknown>\n#14 0x561da75b625f <unknown>\n#15 0x561da760be68 <unknown>\n#16 0x561da760c040 <unknown>\n#17 0x561da761b49c <unknown>\n#18 0x7ff2a53bb134 <unknown>\n\n","statusTrace":"  File \"/usr/local/lib/python3.11/site-packages/allure_commons/_allure.py\", line 192, in impl\n    return func(*a, **kw)\n           ^^^^^^^^^^^^^^\n  File \"/app/pages/item_page.py\", line 40, in add_item_to_cart\n    self.find_element(self._add_item).click()\n    ^^^^^^^^^^^^^^^^^^^^^^^^^^^^^^^^^\n  File \"/app/base/seleniumbase.py\", line 17, in find_element\n    return self.driver.find_element(*locator)\n           ^^^^^^^^^^^^^^^^^^^^^^^^^^^^^^^^^^\n  File \"/usr/local/lib/python3.11/site-packages/selenium/webdriver/remote/webdriver.py\", line 739, in find_element\n    return self.execute(Command.FIND_ELEMENT, {\"using\": by, \"value\": value})[\"value\"]\n           ^^^^^^^^^^^^^^^^^^^^^^^^^^^^^^^^^^^^^^^^^^^^^^^^^^^^^^^^^^^^^^^^^\n  File \"/usr/local/lib/python3.11/site-packages/selenium/webdriver/remote/webdriver.py\", line 345, in execute\n    self.error_handler.check_response(response)\n  File \"/usr/local/lib/python3.11/site-packages/selenium/webdriver/remote/errorhandler.py\", line 229, in check_response\n    raise exception_class(message, screen, stacktrace)\n","steps":[],"attachments":[],"parameters":[{"name":"amount","value":"1"}],"shouldDisplayMessage":true,"stepsCount":0,"attachmentsCount":0,"hasContent":true,"attachmentStep":false}],"attachments":[{"uid":"8fe48cea03eb556a","name":"Screenshot","source":"8fe48cea03eb556a.png","type":"image/png","size":4720},{"uid":"76dd8ba0160049ae","name":"HTML source","source":"76dd8ba0160049ae.html","type":"text/html","size":39}],"parameters":[],"shouldDisplayMessage":true,"stepsCount":1,"attachmentsCount":2,"hasContent":true,"attachmentStep":false},"afterStages":[{"name":"driver::0","time":{"start":1723597274197,"stop":1723597274258,"duration":61},"status":"passed","steps":[],"attachments":[],"parameters":[],"shouldDisplayMessage":false,"stepsCount":0,"attachmentsCount":0,"hasContent":false,"attachmentStep":false},{"name":"setup::0","time":{"start":1723597274197,"stop":1723597274197,"duration":0},"status":"passed","steps":[],"attachments":[],"parameters":[],"shouldDisplayMessage":false,"stepsCount":0,"attachmentsCount":0,"hasContent":false,"attachmentStep":false}],"labels":[{"name":"epic","value":"Delivery Page - calculation"},{"name":"tag","value":"smoke_test"},{"name":"tag","value":"@pytest.mark.xfail"},{"name":"parentSuite","value":"tests.delivery"},{"name":"suite","value":"test_delivery_calculation"},{"name":"subSuite","value":"TestDeliveryPageCalculation"},{"name":"host","value":"15ded8be13a8"},{"name":"thread","value":"1-MainThread"},{"name":"framework","value":"pytest"},{"name":"language","value":"cpython3"},{"name":"package","value":"tests.delivery.test_delivery_calculation"},{"name":"resultFormat","value":"allure2"}],"parameters":[{"name":"all_time","value":"2190"},{"name":"amount","value":"1"},{"name":"case_id","value":"'TD 001'"},{"name":"in_time","value":"1590"},{"name":"link_item","value":"'products/uroven---uglomer-elektronnyj-kapro-992'"},{"name":"standard","value":"0"},{"name":"url","value":"'https://sandboxtest.stroyrem-nn.ru/'"},{"name":"weight","value":"30"}],"links":[],"hidden":false,"retry":false,"extra":{"severity":"normal","retries":[],"categories":[],"history":{"statistic":{"failed":0,"broken":0,"skipped":77,"passed":0,"unknown":0,"total":77},"items":[{"uid":"137391e082382467","reportUrl":"https://Nat754.github.io/StroyremAutomation/398//#testresult/137391e082382467","status":"skipped","statusDetails":"XFAIL\n\nselenium.common.exceptions.NoSuchElementException: Message: no such element: Unable to locate element: {\"method\":\"xpath\",\"selector\":\"(//a[@class='add-to-cart yellow-btn'])[1]\"}\n  (Session info: chrome-headless-shell=127.0.6533.99); For documentation on this error, please visit: https://www.selenium.dev/documentation/webdriver/troubleshooting/errors#no-such-element-exception\nStacktrace:\n#0 0x55a3e43ed6aa <unknown>\n#1 0x55a3e40be600 <unknown>\n#2 0x55a3e410dbcb <unknown>\n#3 0x55a3e410deb1 <unknown>\n#4 0x55a3e4151b24 <unknown>\n#5 0x55a3e41308cd <unknown>\n#6 0x55a3e414f04a <unknown>\n#7 0x55a3e4130643 <unknown>\n#8 0x55a3e4100d31 <unknown>\n#9 0x55a3e410179e <unknown>\n#10 0x55a3e43b523b <unknown>\n#11 0x55a3e43b91d2 <unknown>\n#12 0x55a3e43a25f5 <unknown>\n#13 0x55a3e43b9d62 <unknown>\n#14 0x55a3e438723f <unknown>\n#15 0x55a3e43dce48 <unknown>\n#16 0x55a3e43dd020 <unknown>\n#17 0x55a3e43ec47c <unknown>\n#18 0x7f3ec606d134 <unknown>","time":{"start":1723510972392,"stop":1723510972992,"duration":600}},{"uid":"a761e6d75534e6c9","reportUrl":"https://Nat754.github.io/StroyremAutomation/397//#testresult/a761e6d75534e6c9","status":"skipped","statusDetails":"XFAIL\n\nselenium.common.exceptions.NoSuchElementException: Message: no such element: Unable to locate element: {\"method\":\"xpath\",\"selector\":\"(//a[@class='add-to-cart yellow-btn'])[1]\"}\n  (Session info: chrome-headless-shell=127.0.6533.99); For documentation on this error, please visit: https://www.selenium.dev/documentation/webdriver/troubleshooting/errors#no-such-element-exception\nStacktrace:\n#0 0x556989aa06aa <unknown>\n#1 0x556989771600 <unknown>\n#2 0x5569897c0bcb <unknown>\n#3 0x5569897c0eb1 <unknown>\n#4 0x556989804b24 <unknown>\n#5 0x5569897e38cd <unknown>\n#6 0x55698980204a <unknown>\n#7 0x5569897e3643 <unknown>\n#8 0x5569897b3d31 <unknown>\n#9 0x5569897b479e <unknown>\n#10 0x556989a6823b <unknown>\n#11 0x556989a6c1d2 <unknown>\n#12 0x556989a555f5 <unknown>\n#13 0x556989a6cd62 <unknown>\n#14 0x556989a3a23f <unknown>\n#15 0x556989a8fe48 <unknown>\n#16 0x556989a90020 <unknown>\n#17 0x556989a9f47c <unknown>\n#18 0x7f166f184134 <unknown>","time":{"start":1723424601857,"stop":1723424602312,"duration":455}},{"uid":"f3aea1a5d45edf8f","reportUrl":"https://Nat754.github.io/StroyremAutomation/396//#testresult/f3aea1a5d45edf8f","status":"skipped","statusDetails":"XFAIL\n\nselenium.common.exceptions.NoSuchElementException: Message: no such element: Unable to locate element: {\"method\":\"xpath\",\"selector\":\"(//a[@class='add-to-cart yellow-btn'])[1]\"}\n  (Session info: chrome-headless-shell=127.0.6533.99); For documentation on this error, please visit: https://www.selenium.dev/documentation/webdriver/troubleshooting/errors#no-such-element-exception\nStacktrace:\n#0 0x5627edab66aa <unknown>\n#1 0x5627ed787600 <unknown>\n#2 0x5627ed7d6bcb <unknown>\n#3 0x5627ed7d6eb1 <unknown>\n#4 0x5627ed81ab24 <unknown>\n#5 0x5627ed7f98cd <unknown>\n#6 0x5627ed81804a <unknown>\n#7 0x5627ed7f9643 <unknown>\n#8 0x5627ed7c9d31 <unknown>\n#9 0x5627ed7ca79e <unknown>\n#10 0x5627eda7e23b <unknown>\n#11 0x5627eda821d2 <unknown>\n#12 0x5627eda6b5f5 <unknown>\n#13 0x5627eda82d62 <unknown>\n#14 0x5627eda5023f <unknown>\n#15 0x5627edaa5e48 <unknown>\n#16 0x5627edaa6020 <unknown>\n#17 0x5627edab547c <unknown>\n#18 0x7f6dc3bc8134 <unknown>","time":{"start":1723338404883,"stop":1723338405700,"duration":817}},{"uid":"f7fa2b5741374a9b","reportUrl":"https://Nat754.github.io/StroyremAutomation/395//#testresult/f7fa2b5741374a9b","status":"skipped","statusDetails":"XFAIL\n\nselenium.common.exceptions.NoSuchElementException: Message: no such element: Unable to locate element: {\"method\":\"xpath\",\"selector\":\"(//a[@class='add-to-cart yellow-btn'])[1]\"}\n  (Session info: chrome-headless-shell=127.0.6533.99); For documentation on this error, please visit: https://www.selenium.dev/documentation/webdriver/troubleshooting/errors#no-such-element-exception\nStacktrace:\n#0 0x562a701236aa <unknown>\n#1 0x562a6fdf4600 <unknown>\n#2 0x562a6fe43bcb <unknown>\n#3 0x562a6fe43eb1 <unknown>\n#4 0x562a6fe87b24 <unknown>\n#5 0x562a6fe668cd <unknown>\n#6 0x562a6fe8504a <unknown>\n#7 0x562a6fe66643 <unknown>\n#8 0x562a6fe36d31 <unknown>\n#9 0x562a6fe3779e <unknown>\n#10 0x562a700eb23b <unknown>\n#11 0x562a700ef1d2 <unknown>\n#12 0x562a700d85f5 <unknown>\n#13 0x562a700efd62 <unknown>\n#14 0x562a700bd23f <unknown>\n#15 0x562a70112e48 <unknown>\n#16 0x562a70113020 <unknown>\n#17 0x562a7012247c <unknown>\n#18 0x7fd4381c1134 <unknown>","time":{"start":1723251640109,"stop":1723251640658,"duration":549}},{"uid":"c980047be9d2364e","reportUrl":"https://Nat754.github.io/StroyremAutomation/394//#testresult/c980047be9d2364e","status":"skipped","statusDetails":"XFAIL\n\nselenium.common.exceptions.NoSuchElementException: Message: no such element: Unable to locate element: {\"method\":\"xpath\",\"selector\":\"(//a[@class='add-to-cart yellow-btn'])[1]\"}\n  (Session info: chrome-headless-shell=127.0.6533.99); For documentation on this error, please visit: https://www.selenium.dev/documentation/webdriver/troubleshooting/errors#no-such-element-exception\nStacktrace:\n#0 0x55db636fc6aa <unknown>\n#1 0x55db633cd600 <unknown>\n#2 0x55db6341cbcb <unknown>\n#3 0x55db6341ceb1 <unknown>\n#4 0x55db63460b24 <unknown>\n#5 0x55db6343f8cd <unknown>\n#6 0x55db6345e04a <unknown>\n#7 0x55db6343f643 <unknown>\n#8 0x55db6340fd31 <unknown>\n#9 0x55db6341079e <unknown>\n#10 0x55db636c423b <unknown>\n#11 0x55db636c81d2 <unknown>\n#12 0x55db636b15f5 <unknown>\n#13 0x55db636c8d62 <unknown>\n#14 0x55db6369623f <unknown>\n#15 0x55db636ebe48 <unknown>\n#16 0x55db636ec020 <unknown>\n#17 0x55db636fb47c <unknown>\n#18 0x7f534e6df134 <unknown>","time":{"start":1723165305977,"stop":1723165306381,"duration":404}},{"uid":"1b4f31ce860f2b89","reportUrl":"https://Nat754.github.io/StroyremAutomation/393//#testresult/1b4f31ce860f2b89","status":"skipped","statusDetails":"XFAIL\n\nselenium.common.exceptions.NoSuchElementException: Message: no such element: Unable to locate element: {\"method\":\"xpath\",\"selector\":\"(//a[@class='add-to-cart yellow-btn'])[1]\"}\n  (Session info: chrome-headless-shell=127.0.6533.99); For documentation on this error, please visit: https://www.selenium.dev/documentation/webdriver/troubleshooting/errors#no-such-element-exception\nStacktrace:\n#0 0x5628351426aa <unknown>\n#1 0x562834e13600 <unknown>\n#2 0x562834e62bcb <unknown>\n#3 0x562834e62eb1 <unknown>\n#4 0x562834ea6b24 <unknown>\n#5 0x562834e858cd <unknown>\n#6 0x562834ea404a <unknown>\n#7 0x562834e85643 <unknown>\n#8 0x562834e55d31 <unknown>\n#9 0x562834e5679e <unknown>\n#10 0x56283510a23b <unknown>\n#11 0x56283510e1d2 <unknown>\n#12 0x5628350f75f5 <unknown>\n#13 0x56283510ed62 <unknown>\n#14 0x5628350dc23f <unknown>\n#15 0x562835131e48 <unknown>\n#16 0x562835132020 <unknown>\n#17 0x56283514147c <unknown>\n#18 0x7fd1cb045134 <unknown>","time":{"start":1723078878839,"stop":1723078879253,"duration":414}},{"uid":"60fb58368db8620b","reportUrl":"https://Nat754.github.io/StroyremAutomation/392//#testresult/60fb58368db8620b","status":"skipped","statusDetails":"XFAIL\n\nselenium.common.exceptions.NoSuchElementException: Message: no such element: Unable to locate element: {\"method\":\"xpath\",\"selector\":\"(//a[@class='add-to-cart yellow-btn'])[1]\"}\n  (Session info: chrome-headless-shell=127.0.6533.99); For documentation on this error, please visit: https://www.selenium.dev/documentation/webdriver/troubleshooting/errors#no-such-element-exception\nStacktrace:\n#0 0x559e130656aa <unknown>\n#1 0x559e12d36600 <unknown>\n#2 0x559e12d85bcb <unknown>\n#3 0x559e12d85eb1 <unknown>\n#4 0x559e12dc9b24 <unknown>\n#5 0x559e12da88cd <unknown>\n#6 0x559e12dc704a <unknown>\n#7 0x559e12da8643 <unknown>\n#8 0x559e12d78d31 <unknown>\n#9 0x559e12d7979e <unknown>\n#10 0x559e1302d23b <unknown>\n#11 0x559e130311d2 <unknown>\n#12 0x559e1301a5f5 <unknown>\n#13 0x559e13031d62 <unknown>\n#14 0x559e12fff23f <unknown>\n#15 0x559e13054e48 <unknown>\n#16 0x559e13055020 <unknown>\n#17 0x559e1306447c <unknown>\n#18 0x7eff7e56c134 <unknown>","time":{"start":1722992529294,"stop":1722992529761,"duration":467}},{"uid":"c9140989f045a34a","reportUrl":"https://Nat754.github.io/StroyremAutomation/391//#testresult/c9140989f045a34a","status":"skipped","statusDetails":"XFAIL\n\nselenium.common.exceptions.NoSuchElementException: Message: no such element: Unable to locate element: {\"method\":\"xpath\",\"selector\":\"(//a[@class='add-to-cart yellow-btn'])[1]\"}\n  (Session info: chrome-headless-shell=127.0.6533.88); For documentation on this error, please visit: https://www.selenium.dev/documentation/webdriver/troubleshooting/errors#no-such-element-exception\nStacktrace:\n#0 0x5564b6fb271a <unknown>\n#1 0x5564b6c83640 <unknown>\n#2 0x5564b6cd2c0b <unknown>\n#3 0x5564b6cd2ef1 <unknown>\n#4 0x5564b6d16b64 <unknown>\n#5 0x5564b6cf590d <unknown>\n#6 0x5564b6d1408a <unknown>\n#7 0x5564b6cf5683 <unknown>\n#8 0x5564b6cc5d71 <unknown>\n#9 0x5564b6cc67de <unknown>\n#10 0x5564b6f7a2ab <unknown>\n#11 0x5564b6f7e242 <unknown>\n#12 0x5564b6f67665 <unknown>\n#13 0x5564b6f7edd2 <unknown>\n#14 0x5564b6f4c2af <unknown>\n#15 0x5564b6fa1eb8 <unknown>\n#16 0x5564b6fa2090 <unknown>\n#17 0x5564b6fb14ec <unknown>\n#18 0x7fdb08460134 <unknown>","time":{"start":1722906044609,"stop":1722906045025,"duration":416}},{"uid":"8f986a109b0c0809","reportUrl":"https://Nat754.github.io/StroyremAutomation/390//#testresult/8f986a109b0c0809","status":"skipped","statusDetails":"XFAIL\n\nselenium.common.exceptions.NoSuchElementException: Message: no such element: Unable to locate element: {\"method\":\"xpath\",\"selector\":\"(//a[@class='add-to-cart yellow-btn'])[1]\"}\n  (Session info: chrome-headless-shell=127.0.6533.88); For documentation on this error, please visit: https://www.selenium.dev/documentation/webdriver/troubleshooting/errors#no-such-element-exception\nStacktrace:\n#0 0x55b8ae51671a <unknown>\n#1 0x55b8ae1e7640 <unknown>\n#2 0x55b8ae236c0b <unknown>\n#3 0x55b8ae236ef1 <unknown>\n#4 0x55b8ae27ab64 <unknown>\n#5 0x55b8ae25990d <unknown>\n#6 0x55b8ae27808a <unknown>\n#7 0x55b8ae259683 <unknown>\n#8 0x55b8ae229d71 <unknown>\n#9 0x55b8ae22a7de <unknown>\n#10 0x55b8ae4de2ab <unknown>\n#11 0x55b8ae4e2242 <unknown>\n#12 0x55b8ae4cb665 <unknown>\n#13 0x55b8ae4e2dd2 <unknown>\n#14 0x55b8ae4b02af <unknown>\n#15 0x55b8ae505eb8 <unknown>\n#16 0x55b8ae506090 <unknown>\n#17 0x55b8ae5154ec <unknown>\n#18 0x7f705e1ff134 <unknown>","time":{"start":1722819753614,"stop":1722819754029,"duration":415}},{"uid":"3648a1a49053be71","reportUrl":"https://Nat754.github.io/StroyremAutomation/389//#testresult/3648a1a49053be71","status":"skipped","statusDetails":"XFAIL\n\nselenium.common.exceptions.NoSuchElementException: Message: no such element: Unable to locate element: {\"method\":\"xpath\",\"selector\":\"(//a[@class='add-to-cart yellow-btn'])[1]\"}\n  (Session info: chrome-headless-shell=127.0.6533.88); For documentation on this error, please visit: https://www.selenium.dev/documentation/webdriver/troubleshooting/errors#no-such-element-exception\nStacktrace:\n#0 0x55b2e722871a <unknown>\n#1 0x55b2e6ef9640 <unknown>\n#2 0x55b2e6f48c0b <unknown>\n#3 0x55b2e6f48ef1 <unknown>\n#4 0x55b2e6f8cb64 <unknown>\n#5 0x55b2e6f6b90d <unknown>\n#6 0x55b2e6f8a08a <unknown>\n#7 0x55b2e6f6b683 <unknown>\n#8 0x55b2e6f3bd71 <unknown>\n#9 0x55b2e6f3c7de <unknown>\n#10 0x55b2e71f02ab <unknown>\n#11 0x55b2e71f4242 <unknown>\n#12 0x55b2e71dd665 <unknown>\n#13 0x55b2e71f4dd2 <unknown>\n#14 0x55b2e71c22af <unknown>\n#15 0x55b2e7217eb8 <unknown>\n#16 0x55b2e7218090 <unknown>\n#17 0x55b2e72274ec <unknown>\n#18 0x7fb067ee4134 <unknown>","time":{"start":1722733528988,"stop":1722733529602,"duration":614}},{"uid":"70b6917021e57662","reportUrl":"https://Nat754.github.io/StroyremAutomation/388//#testresult/70b6917021e57662","status":"skipped","statusDetails":"XFAIL\n\nselenium.common.exceptions.NoSuchElementException: Message: no such element: Unable to locate element: {\"method\":\"xpath\",\"selector\":\"(//a[@class='add-to-cart yellow-btn'])[1]\"}\n  (Session info: chrome-headless-shell=127.0.6533.88); For documentation on this error, please visit: https://www.selenium.dev/documentation/webdriver/troubleshooting/errors#no-such-element-exception\nStacktrace:\n#0 0x55f2751e871a <unknown>\n#1 0x55f274eb9640 <unknown>\n#2 0x55f274f08c0b <unknown>\n#3 0x55f274f08ef1 <unknown>\n#4 0x55f274f4cb64 <unknown>\n#5 0x55f274f2b90d <unknown>\n#6 0x55f274f4a08a <unknown>\n#7 0x55f274f2b683 <unknown>\n#8 0x55f274efbd71 <unknown>\n#9 0x55f274efc7de <unknown>\n#10 0x55f2751b02ab <unknown>\n#11 0x55f2751b4242 <unknown>\n#12 0x55f27519d665 <unknown>\n#13 0x55f2751b4dd2 <unknown>\n#14 0x55f2751822af <unknown>\n#15 0x55f2751d7eb8 <unknown>\n#16 0x55f2751d8090 <unknown>\n#17 0x55f2751e74ec <unknown>\n#18 0x7f41a70df134 <unknown>","time":{"start":1722646831957,"stop":1722646832568,"duration":611}},{"uid":"7225268c52dbefe6","reportUrl":"https://Nat754.github.io/StroyremAutomation/387//#testresult/7225268c52dbefe6","status":"skipped","statusDetails":"XFAIL\n\nselenium.common.exceptions.NoSuchElementException: Message: no such element: Unable to locate element: {\"method\":\"xpath\",\"selector\":\"(//a[@class='add-to-cart yellow-btn'])[1]\"}\n  (Session info: chrome-headless-shell=127.0.6533.88); For documentation on this error, please visit: https://www.selenium.dev/documentation/webdriver/troubleshooting/errors#no-such-element-exception\nStacktrace:\n#0 0x55b82432e71a <unknown>\n#1 0x55b823fff640 <unknown>\n#2 0x55b82404ec0b <unknown>\n#3 0x55b82404eef1 <unknown>\n#4 0x55b824092b64 <unknown>\n#5 0x55b82407190d <unknown>\n#6 0x55b82409008a <unknown>\n#7 0x55b824071683 <unknown>\n#8 0x55b824041d71 <unknown>\n#9 0x55b8240427de <unknown>\n#10 0x55b8242f62ab <unknown>\n#11 0x55b8242fa242 <unknown>\n#12 0x55b8242e3665 <unknown>\n#13 0x55b8242fadd2 <unknown>\n#14 0x55b8242c82af <unknown>\n#15 0x55b82431deb8 <unknown>\n#16 0x55b82431e090 <unknown>\n#17 0x55b82432d4ec <unknown>\n#18 0x7fc0b10f5134 <unknown>","time":{"start":1722560412898,"stop":1722560413420,"duration":522}},{"uid":"b19589f4ac138681","reportUrl":"https://Nat754.github.io/StroyremAutomation/386//#testresult/b19589f4ac138681","status":"skipped","statusDetails":"XFAIL\n\nselenium.common.exceptions.NoSuchElementException: Message: no such element: Unable to locate element: {\"method\":\"xpath\",\"selector\":\"(//a[@class='add-to-cart yellow-btn'])[1]\"}\n  (Session info: chrome-headless-shell=127.0.6533.88); For documentation on this error, please visit: https://www.selenium.dev/documentation/webdriver/troubleshooting/errors#no-such-element-exception\nStacktrace:\n#0 0x5625f7fcd71a <unknown>\n#1 0x5625f7c9e640 <unknown>\n#2 0x5625f7cedc0b <unknown>\n#3 0x5625f7cedef1 <unknown>\n#4 0x5625f7d31b64 <unknown>\n#5 0x5625f7d1090d <unknown>\n#6 0x5625f7d2f08a <unknown>\n#7 0x5625f7d10683 <unknown>\n#8 0x5625f7ce0d71 <unknown>\n#9 0x5625f7ce17de <unknown>\n#10 0x5625f7f952ab <unknown>\n#11 0x5625f7f99242 <unknown>\n#12 0x5625f7f82665 <unknown>\n#13 0x5625f7f99dd2 <unknown>\n#14 0x5625f7f672af <unknown>\n#15 0x5625f7fbceb8 <unknown>\n#16 0x5625f7fbd090 <unknown>\n#17 0x5625f7fcc4ec <unknown>\n#18 0x7f97754b3134 <unknown>","time":{"start":1722474322250,"stop":1722474322709,"duration":459}},{"uid":"892191c125440bc6","reportUrl":"https://Nat754.github.io/StroyremAutomation/385//#testresult/892191c125440bc6","status":"skipped","statusDetails":"XFAIL\n\nselenium.common.exceptions.NoSuchElementException: Message: no such element: Unable to locate element: {\"method\":\"xpath\",\"selector\":\"(//a[@class='add-to-cart yellow-btn'])[1]\"}\n  (Session info: chrome-headless-shell=127.0.6533.88); For documentation on this error, please visit: https://www.selenium.dev/documentation/webdriver/troubleshooting/errors#no-such-element-exception\nStacktrace:\n#0 0x55f6ea69371a <unknown>\n#1 0x55f6ea364640 <unknown>\n#2 0x55f6ea3b3c0b <unknown>\n#3 0x55f6ea3b3ef1 <unknown>\n#4 0x55f6ea3f7b64 <unknown>\n#5 0x55f6ea3d690d <unknown>\n#6 0x55f6ea3f508a <unknown>\n#7 0x55f6ea3d6683 <unknown>\n#8 0x55f6ea3a6d71 <unknown>\n#9 0x55f6ea3a77de <unknown>\n#10 0x55f6ea65b2ab <unknown>\n#11 0x55f6ea65f242 <unknown>\n#12 0x55f6ea648665 <unknown>\n#13 0x55f6ea65fdd2 <unknown>\n#14 0x55f6ea62d2af <unknown>\n#15 0x55f6ea682eb8 <unknown>\n#16 0x55f6ea683090 <unknown>\n#17 0x55f6ea6924ec <unknown>\n#18 0x7fa34d2d1134 <unknown>","time":{"start":1722387016578,"stop":1722387017140,"duration":562}},{"uid":"c74157164369f33c","reportUrl":"https://Nat754.github.io/StroyremAutomation/384//#testresult/c74157164369f33c","status":"skipped","statusDetails":"XFAIL\n\nselenium.common.exceptions.NoSuchElementException: Message: no such element: Unable to locate element: {\"method\":\"xpath\",\"selector\":\"(//a[@class='add-to-cart yellow-btn'])[1]\"}\n  (Session info: chrome-headless-shell=127.0.6533.72); For documentation on this error, please visit: https://www.selenium.dev/documentation/webdriver/troubleshooting/errors#no-such-element-exception\nStacktrace:\n#0 0x55be24b3e6ba <unknown>\n#1 0x55be2480e730 <unknown>\n#2 0x55be2485dd9b <unknown>\n#3 0x55be2485e081 <unknown>\n#4 0x55be248a1cd4 <unknown>\n#5 0x55be24880a7d <unknown>\n#6 0x55be2489f1ca <unknown>\n#7 0x55be248807f3 <unknown>\n#8 0x55be24850ec9 <unknown>\n#9 0x55be2485191e <unknown>\n#10 0x55be24b049eb <unknown>\n#11 0x55be24b08972 <unknown>\n#12 0x55be24af1e15 <unknown>\n#13 0x55be24b09502 <unknown>\n#14 0x55be24ad6d2f <unknown>\n#15 0x55be24b2d578 <unknown>\n#16 0x55be24b2d750 <unknown>\n#17 0x55be24b3d48c <unknown>\n#18 0x7f67603ca134 <unknown>","time":{"start":1722301201670,"stop":1722301202204,"duration":534}},{"uid":"b3afd682adec1e1","reportUrl":"https://Nat754.github.io/StroyremAutomation/383//#testresult/b3afd682adec1e1","status":"skipped","statusDetails":"XFAIL\n\nselenium.common.exceptions.NoSuchElementException: Message: no such element: Unable to locate element: {\"method\":\"xpath\",\"selector\":\"(//a[@class='add-to-cart yellow-btn'])[1]\"}\n  (Session info: chrome-headless-shell=127.0.6533.72); For documentation on this error, please visit: https://www.selenium.dev/documentation/webdriver/troubleshooting/errors#no-such-element-exception\nStacktrace:\n#0 0x5611ce1166ba <unknown>\n#1 0x5611cdde6730 <unknown>\n#2 0x5611cde35d9b <unknown>\n#3 0x5611cde36081 <unknown>\n#4 0x5611cde79cd4 <unknown>\n#5 0x5611cde58a7d <unknown>\n#6 0x5611cde771ca <unknown>\n#7 0x5611cde587f3 <unknown>\n#8 0x5611cde28ec9 <unknown>\n#9 0x5611cde2991e <unknown>\n#10 0x5611ce0dc9eb <unknown>\n#11 0x5611ce0e0972 <unknown>\n#12 0x5611ce0c9e15 <unknown>\n#13 0x5611ce0e1502 <unknown>\n#14 0x5611ce0aed2f <unknown>\n#15 0x5611ce105578 <unknown>\n#16 0x5611ce105750 <unknown>\n#17 0x5611ce11548c <unknown>\n#18 0x7f03487c3134 <unknown>","time":{"start":1722214894111,"stop":1722214894655,"duration":544}},{"uid":"e136c4aa5c261d93","reportUrl":"https://Nat754.github.io/StroyremAutomation/382//#testresult/e136c4aa5c261d93","status":"skipped","statusDetails":"XFAIL\n\nselenium.common.exceptions.NoSuchElementException: Message: no such element: Unable to locate element: {\"method\":\"xpath\",\"selector\":\"(//a[@class='add-to-cart yellow-btn'])[1]\"}\n  (Session info: chrome-headless-shell=127.0.6533.72); For documentation on this error, please visit: https://www.selenium.dev/documentation/webdriver/troubleshooting/errors#no-such-element-exception\nStacktrace:\n#0 0x5558d61116ba <unknown>\n#1 0x5558d5de1730 <unknown>\n#2 0x5558d5e30d9b <unknown>\n#3 0x5558d5e31081 <unknown>\n#4 0x5558d5e74cd4 <unknown>\n#5 0x5558d5e53a7d <unknown>\n#6 0x5558d5e721ca <unknown>\n#7 0x5558d5e537f3 <unknown>\n#8 0x5558d5e23ec9 <unknown>\n#9 0x5558d5e2491e <unknown>\n#10 0x5558d60d79eb <unknown>\n#11 0x5558d60db972 <unknown>\n#12 0x5558d60c4e15 <unknown>\n#13 0x5558d60dc502 <unknown>\n#14 0x5558d60a9d2f <unknown>\n#15 0x5558d6100578 <unknown>\n#16 0x5558d6100750 <unknown>\n#17 0x5558d611048c <unknown>\n#18 0x7fa43f3f9134 <unknown>","time":{"start":1722128689957,"stop":1722128690563,"duration":606}},{"uid":"d8eb1b33d4a2598e","reportUrl":"https://Nat754.github.io/StroyremAutomation/381//#testresult/d8eb1b33d4a2598e","status":"skipped","statusDetails":"XFAIL\n\nselenium.common.exceptions.NoSuchElementException: Message: no such element: Unable to locate element: {\"method\":\"xpath\",\"selector\":\"(//a[@class='add-to-cart yellow-btn'])[1]\"}\n  (Session info: chrome-headless-shell=127.0.6533.72); For documentation on this error, please visit: https://www.selenium.dev/documentation/webdriver/troubleshooting/errors#no-such-element-exception\nStacktrace:\n#0 0x55a2a97726ba <unknown>\n#1 0x55a2a9442730 <unknown>\n#2 0x55a2a9491d9b <unknown>\n#3 0x55a2a9492081 <unknown>\n#4 0x55a2a94d5cd4 <unknown>\n#5 0x55a2a94b4a7d <unknown>\n#6 0x55a2a94d31ca <unknown>\n#7 0x55a2a94b47f3 <unknown>\n#8 0x55a2a9484ec9 <unknown>\n#9 0x55a2a948591e <unknown>\n#10 0x55a2a97389eb <unknown>\n#11 0x55a2a973c972 <unknown>\n#12 0x55a2a9725e15 <unknown>\n#13 0x55a2a973d502 <unknown>\n#14 0x55a2a970ad2f <unknown>\n#15 0x55a2a9761578 <unknown>\n#16 0x55a2a9761750 <unknown>\n#17 0x55a2a977148c <unknown>\n#18 0x7fe2456ec134 <unknown>","time":{"start":1722041957868,"stop":1722041958285,"duration":417}},{"uid":"32b32a0e1fea8e19","reportUrl":"https://Nat754.github.io/StroyremAutomation/380//#testresult/32b32a0e1fea8e19","status":"skipped","statusDetails":"XFAIL\n\nselenium.common.exceptions.NoSuchElementException: Message: no such element: Unable to locate element: {\"method\":\"xpath\",\"selector\":\"(//a[@class='add-to-cart yellow-btn'])[1]\"}\n  (Session info: chrome-headless-shell=127.0.6533.72); For documentation on this error, please visit: https://www.selenium.dev/documentation/webdriver/troubleshooting/errors#no-such-element-exception\nStacktrace:\n#0 0x55e9067ef6ba <unknown>\n#1 0x55e9064bf730 <unknown>\n#2 0x55e90650ed9b <unknown>\n#3 0x55e90650f081 <unknown>\n#4 0x55e906552cd4 <unknown>\n#5 0x55e906531a7d <unknown>\n#6 0x55e9065501ca <unknown>\n#7 0x55e9065317f3 <unknown>\n#8 0x55e906501ec9 <unknown>\n#9 0x55e90650291e <unknown>\n#10 0x55e9067b59eb <unknown>\n#11 0x55e9067b9972 <unknown>\n#12 0x55e9067a2e15 <unknown>\n#13 0x55e9067ba502 <unknown>\n#14 0x55e906787d2f <unknown>\n#15 0x55e9067de578 <unknown>\n#16 0x55e9067de750 <unknown>\n#17 0x55e9067ee48c <unknown>\n#18 0x7f90d231b134 <unknown>","time":{"start":1721955565018,"stop":1721955565577,"duration":559}},{"uid":"b97dc71451608d6","reportUrl":"https://Nat754.github.io/StroyremAutomation/379//#testresult/b97dc71451608d6","status":"skipped","statusDetails":"XFAIL\n\nselenium.common.exceptions.NoSuchElementException: Message: no such element: Unable to locate element: {\"method\":\"xpath\",\"selector\":\"(//a[@class='add-to-cart yellow-btn'])[1]\"}\n  (Session info: chrome-headless-shell=127.0.6533.72); For documentation on this error, please visit: https://www.selenium.dev/documentation/webdriver/troubleshooting/errors#no-such-element-exception\nStacktrace:\n#0 0x55a4042686ba <unknown>\n#1 0x55a403f38730 <unknown>\n#2 0x55a403f87d9b <unknown>\n#3 0x55a403f88081 <unknown>\n#4 0x55a403fcbcd4 <unknown>\n#5 0x55a403faaa7d <unknown>\n#6 0x55a403fc91ca <unknown>\n#7 0x55a403faa7f3 <unknown>\n#8 0x55a403f7aec9 <unknown>\n#9 0x55a403f7b91e <unknown>\n#10 0x55a40422e9eb <unknown>\n#11 0x55a404232972 <unknown>\n#12 0x55a40421be15 <unknown>\n#13 0x55a404233502 <unknown>\n#14 0x55a404200d2f <unknown>\n#15 0x55a404257578 <unknown>\n#16 0x55a404257750 <unknown>\n#17 0x55a40426748c <unknown>\n#18 0x7f7c7da59134 <unknown>","time":{"start":1721869240301,"stop":1721869241936,"duration":1635}}]},"tags":["@pytest.mark.xfail","smoke_test"]},"source":"fa5de77c75163b6d.json","parameterValues":["2190","1","'TD 001'","1590","'products/uroven---uglomer-elektronnyj-kapro-992'","0","'https://sandboxtest.stroyrem-nn.ru/'","30"]}