{"uid":"4b8e57070ace0389","name":"test_positive_delivery_green_zone_smoke[TD 009-products/shtukaturka-gipsovaya-aksolit-m50-30-kg-mashinnogo-naneseniya-166-5000-2500-4990-5480-https://sandboxtest.stroyrem-nn.ru/]","fullName":"tests.delivery.test_delivery_calculation.TestDeliveryPageCalculation#test_positive_delivery_green_zone_smoke","historyId":"8179091af2334708b6b6862d13d35737","time":{"start":1724202124352,"stop":1724202124790,"duration":438},"status":"skipped","statusMessage":"XFAIL\n\nselenium.common.exceptions.NoSuchElementException: Message: no such element: Unable to locate element: {\"method\":\"xpath\",\"selector\":\"(//a[@class='add-to-cart yellow-btn'])[1]\"}\n  (Session info: chrome-headless-shell=127.0.6533.119); For documentation on this error, please visit: https://www.selenium.dev/documentation/webdriver/troubleshooting/errors#no-such-element-exception\nStacktrace:\n#0 0x55ac254cf6ca <unknown>\n#1 0x55ac251a0600 <unknown>\n#2 0x55ac251efbcb <unknown>\n#3 0x55ac251efeb1 <unknown>\n#4 0x55ac25233b24 <unknown>\n#5 0x55ac252128cd <unknown>\n#6 0x55ac2523104a <unknown>\n#7 0x55ac25212643 <unknown>\n#8 0x55ac251e2d31 <unknown>\n#9 0x55ac251e379e <unknown>\n#10 0x55ac2549725b <unknown>\n#11 0x55ac2549b1f2 <unknown>\n#12 0x55ac25484615 <unknown>\n#13 0x55ac2549bd82 <unknown>\n#14 0x55ac2546925f <unknown>\n#15 0x55ac254bee68 <unknown>\n#16 0x55ac254bf040 <unknown>\n#17 0x55ac254ce49c <unknown>\n#18 0x7f4bbe36a134 <unknown>","statusTrace":"self = <tests.delivery.test_delivery_calculation.TestDeliveryPageCalculation object at 0x7fd3b1c89510>\ndriver = <selenium.webdriver.chrome.webdriver.WebDriver (session=\"b110a68cccabe74b1f67f273ef28e7d5\")>\nurl = 'https://sandboxtest.stroyrem-nn.ru/', case_id = 'TD 009'\nlink_item = 'products/shtukaturka-gipsovaya-aksolit-m50-30-kg-mashinnogo-naneseniya'\namount = 166, weight = 5000, standard = 2500, in_time = 4990, all_time = 5480\n\n    @pytest.mark.parametrize('case_id, link_item, amount, weight, standard, in_time, all_time', [\n        (\"TD 001\", uroven_3000, 1, 30, 0, 1590, 2190),\n        (\"TD 002\", bundeks_25, 1, 30, 400, 1590, 2190),\n        (\"TD 003\", aksolit_30, 8, 300, 400, 1590, 2190),\n        (\"TD 004\", aksolit_30, 13, 400, 450, 1590, 2190),\n        (\"TD 005\", aksolit_30, 16, 500, 600, 1590, 2190),\n        (\"TD 006\", aksolit_30, 25, 1700, 990, 1990, 2480),\n        (\"TD 007\", aksolit_30, 66, 2000, 1300, 2490, 2980),\n        (\"TD 008\", aksolit_30, 149, 4500, 2300, 3980, 4490),\n        (\"TD 009\", aksolit_30, 166, 5000, 2500, 4990, 5480),\n        pytest.param(\n            \"TD 010\", aksolit_30, 206, 6200, 2900, 5570, 6120,\n            marks=pytest.mark.xfail(reson=\"Цена доставки 3600 7960 8980\")\n        ),\n        (\"TD 011\", aksolit_30, 299, 9000, 3600, 7960, 8980),\n        (\"TD 012\", aksolit_30, 333, 10000, 4450, 11990, 12500),\n        pytest.param(\n            \"TD 013\", aksolit_30, 366, 11000, 4800, 12450, 13480,\n            marks=pytest.mark.xfail(reason=\"Цена стандартной доставки 4450\")\n        ),\n        pytest.param(\n            \"TD 014\", aksolit_30, 666, 20000, 5400, 15600, 17490,\n            marks=pytest.mark.xfail(reason=\"Цена стандартной доставки 4450\")\n        )\n    ])\n    @pytest.mark.xfail\n    @pytest.mark.smoke_test\n    def test_positive_delivery_green_zone_smoke(\n            self, driver, url, case_id, link_item, amount, weight, standard, in_time, all_time\n    ):\n    \n        driver.get(f'{url}{link_item}')\n        item_page = ItemPage(driver)\n>       item_page.add_item_to_cart(amount).click_on_cart()\n\ntests/delivery/test_delivery_calculation.py:50: \n_ _ _ _ _ _ _ _ _ _ _ _ _ _ _ _ _ _ _ _ _ _ _ _ _ _ _ _ _ _ _ _ _ _ _ _ _ _ _ _ \npages/item_page.py:40: in add_item_to_cart\n    self.find_element(self._add_item).click()\nbase/seleniumbase.py:17: in find_element\n    return self.driver.find_element(*locator)\n/usr/local/lib/python3.11/site-packages/selenium/webdriver/remote/webdriver.py:739: in find_element\n    return self.execute(Command.FIND_ELEMENT, {\"using\": by, \"value\": value})[\"value\"]\n/usr/local/lib/python3.11/site-packages/selenium/webdriver/remote/webdriver.py:345: in execute\n    self.error_handler.check_response(response)\n_ _ _ _ _ _ _ _ _ _ _ _ _ _ _ _ _ _ _ _ _ _ _ _ _ _ _ _ _ _ _ _ _ _ _ _ _ _ _ _ \n\nself = <selenium.webdriver.remote.errorhandler.ErrorHandler object at 0x7fd3b1ac5010>\nresponse = {'status': 404, 'value': '{\"value\":{\"error\":\"no such element\",\"message\":\"no such element: Unable to locate element: {\\...\\\\n#16 0x55ac254bf040 \\\\u003Cunknown>\\\\n#17 0x55ac254ce49c \\\\u003Cunknown>\\\\n#18 0x7f4bbe36a134 \\\\u003Cunknown>\\\\n\"}}'}\n\n    def check_response(self, response: Dict[str, Any]) -> None:\n        \"\"\"Checks that a JSON response from the WebDriver does not have an\n        error.\n    \n        :Args:\n         - response - The JSON response from the WebDriver server as a dictionary\n           object.\n    \n        :Raises: If the response contains an error message.\n        \"\"\"\n        status = response.get(\"status\", None)\n        if not status or status == ErrorCode.SUCCESS:\n            return\n        value = None\n        message = response.get(\"message\", \"\")\n        screen: str = response.get(\"screen\", \"\")\n        stacktrace = None\n        if isinstance(status, int):\n            value_json = response.get(\"value\", None)\n            if value_json and isinstance(value_json, str):\n                import json\n    \n                try:\n                    value = json.loads(value_json)\n                    if len(value) == 1:\n                        value = value[\"value\"]\n                    status = value.get(\"error\", None)\n                    if not status:\n                        status = value.get(\"status\", ErrorCode.UNKNOWN_ERROR)\n                        message = value.get(\"value\") or value.get(\"message\")\n                        if not isinstance(message, str):\n                            value = message\n                            message = message.get(\"message\")\n                    else:\n                        message = value.get(\"message\", None)\n                except ValueError:\n                    pass\n    \n        exception_class: Type[WebDriverException]\n        e = ErrorCode()\n        error_codes = [item for item in dir(e) if not item.startswith(\"__\")]\n        for error_code in error_codes:\n            error_info = getattr(ErrorCode, error_code)\n            if isinstance(error_info, list) and status in error_info:\n                exception_class = getattr(ExceptionMapping, error_code, WebDriverException)\n                break\n        else:\n            exception_class = WebDriverException\n    \n        if not value:\n            value = response[\"value\"]\n        if isinstance(value, str):\n            raise exception_class(value)\n        if message == \"\" and \"message\" in value:\n            message = value[\"message\"]\n    \n        screen = None  # type: ignore[assignment]\n        if \"screen\" in value:\n            screen = value[\"screen\"]\n    \n        stacktrace = None\n        st_value = value.get(\"stackTrace\") or value.get(\"stacktrace\")\n        if st_value:\n            if isinstance(st_value, str):\n                stacktrace = st_value.split(\"\\n\")\n            else:\n                stacktrace = []\n                try:\n                    for frame in st_value:\n                        line = frame.get(\"lineNumber\", \"\")\n                        file = frame.get(\"fileName\", \"<anonymous>\")\n                        if line:\n                            file = f\"{file}:{line}\"\n                        meth = frame.get(\"methodName\", \"<anonymous>\")\n                        if \"className\" in frame:\n                            meth = f\"{frame['className']}.{meth}\"\n                        msg = \"    at %s (%s)\"\n                        msg = msg % (meth, file)\n                        stacktrace.append(msg)\n                except TypeError:\n                    pass\n        if exception_class == UnexpectedAlertPresentException:\n            alert_text = None\n            if \"data\" in value:\n                alert_text = value[\"data\"].get(\"text\")\n            elif \"alert\" in value:\n                alert_text = value[\"alert\"].get(\"text\")\n            raise exception_class(message, screen, stacktrace, alert_text)  # type: ignore[call-arg]  # mypy is not smart enough here\n>       raise exception_class(message, screen, stacktrace)\nE       selenium.common.exceptions.NoSuchElementException: Message: no such element: Unable to locate element: {\"method\":\"xpath\",\"selector\":\"(//a[@class='add-to-cart yellow-btn'])[1]\"}\nE         (Session info: chrome-headless-shell=127.0.6533.119); For documentation on this error, please visit: https://www.selenium.dev/documentation/webdriver/troubleshooting/errors#no-such-element-exception\nE       Stacktrace:\nE       #0 0x55ac254cf6ca <unknown>\nE       #1 0x55ac251a0600 <unknown>\nE       #2 0x55ac251efbcb <unknown>\nE       #3 0x55ac251efeb1 <unknown>\nE       #4 0x55ac25233b24 <unknown>\nE       #5 0x55ac252128cd <unknown>\nE       #6 0x55ac2523104a <unknown>\nE       #7 0x55ac25212643 <unknown>\nE       #8 0x55ac251e2d31 <unknown>\nE       #9 0x55ac251e379e <unknown>\nE       #10 0x55ac2549725b <unknown>\nE       #11 0x55ac2549b1f2 <unknown>\nE       #12 0x55ac25484615 <unknown>\nE       #13 0x55ac2549bd82 <unknown>\nE       #14 0x55ac2546925f <unknown>\nE       #15 0x55ac254bee68 <unknown>\nE       #16 0x55ac254bf040 <unknown>\nE       #17 0x55ac254ce49c <unknown>\nE       #18 0x7f4bbe36a134 <unknown>\n\n/usr/local/lib/python3.11/site-packages/selenium/webdriver/remote/errorhandler.py:229: NoSuchElementException","flaky":false,"newFailed":false,"newBroken":false,"newPassed":false,"retriesCount":0,"retriesStatusChange":false,"beforeStages":[{"name":"_session_faker","time":{"start":1724201840441,"stop":1724201840511,"duration":70},"status":"passed","steps":[],"attachments":[],"parameters":[],"shouldDisplayMessage":false,"stepsCount":0,"attachmentsCount":0,"hasContent":false,"attachmentStep":false},{"name":"clear_allure_results_folder","time":{"start":1724201840511,"stop":1724201840512,"duration":1},"status":"passed","steps":[],"attachments":[],"parameters":[],"shouldDisplayMessage":false,"stepsCount":0,"attachmentsCount":0,"hasContent":false,"attachmentStep":false},{"name":"driver","time":{"start":1724202123650,"stop":1724202124350,"duration":700},"status":"passed","steps":[],"attachments":[],"parameters":[],"shouldDisplayMessage":false,"stepsCount":0,"attachmentsCount":0,"hasContent":false,"attachmentStep":false},{"name":"setup","time":{"start":1724202124351,"stop":1724202124351,"duration":0},"status":"passed","steps":[],"attachments":[],"parameters":[],"shouldDisplayMessage":false,"stepsCount":0,"attachmentsCount":0,"hasContent":false,"attachmentStep":false}],"testStage":{"status":"skipped","statusMessage":"XFAIL\n\nselenium.common.exceptions.NoSuchElementException: Message: no such element: Unable to locate element: {\"method\":\"xpath\",\"selector\":\"(//a[@class='add-to-cart yellow-btn'])[1]\"}\n  (Session info: chrome-headless-shell=127.0.6533.119); For documentation on this error, please visit: https://www.selenium.dev/documentation/webdriver/troubleshooting/errors#no-such-element-exception\nStacktrace:\n#0 0x55ac254cf6ca <unknown>\n#1 0x55ac251a0600 <unknown>\n#2 0x55ac251efbcb <unknown>\n#3 0x55ac251efeb1 <unknown>\n#4 0x55ac25233b24 <unknown>\n#5 0x55ac252128cd <unknown>\n#6 0x55ac2523104a <unknown>\n#7 0x55ac25212643 <unknown>\n#8 0x55ac251e2d31 <unknown>\n#9 0x55ac251e379e <unknown>\n#10 0x55ac2549725b <unknown>\n#11 0x55ac2549b1f2 <unknown>\n#12 0x55ac25484615 <unknown>\n#13 0x55ac2549bd82 <unknown>\n#14 0x55ac2546925f <unknown>\n#15 0x55ac254bee68 <unknown>\n#16 0x55ac254bf040 <unknown>\n#17 0x55ac254ce49c <unknown>\n#18 0x7f4bbe36a134 <unknown>","statusTrace":"self = <tests.delivery.test_delivery_calculation.TestDeliveryPageCalculation object at 0x7fd3b1c89510>\ndriver = <selenium.webdriver.chrome.webdriver.WebDriver (session=\"b110a68cccabe74b1f67f273ef28e7d5\")>\nurl = 'https://sandboxtest.stroyrem-nn.ru/', case_id = 'TD 009'\nlink_item = 'products/shtukaturka-gipsovaya-aksolit-m50-30-kg-mashinnogo-naneseniya'\namount = 166, weight = 5000, standard = 2500, in_time = 4990, all_time = 5480\n\n    @pytest.mark.parametrize('case_id, link_item, amount, weight, standard, in_time, all_time', [\n        (\"TD 001\", uroven_3000, 1, 30, 0, 1590, 2190),\n        (\"TD 002\", bundeks_25, 1, 30, 400, 1590, 2190),\n        (\"TD 003\", aksolit_30, 8, 300, 400, 1590, 2190),\n        (\"TD 004\", aksolit_30, 13, 400, 450, 1590, 2190),\n        (\"TD 005\", aksolit_30, 16, 500, 600, 1590, 2190),\n        (\"TD 006\", aksolit_30, 25, 1700, 990, 1990, 2480),\n        (\"TD 007\", aksolit_30, 66, 2000, 1300, 2490, 2980),\n        (\"TD 008\", aksolit_30, 149, 4500, 2300, 3980, 4490),\n        (\"TD 009\", aksolit_30, 166, 5000, 2500, 4990, 5480),\n        pytest.param(\n            \"TD 010\", aksolit_30, 206, 6200, 2900, 5570, 6120,\n            marks=pytest.mark.xfail(reson=\"Цена доставки 3600 7960 8980\")\n        ),\n        (\"TD 011\", aksolit_30, 299, 9000, 3600, 7960, 8980),\n        (\"TD 012\", aksolit_30, 333, 10000, 4450, 11990, 12500),\n        pytest.param(\n            \"TD 013\", aksolit_30, 366, 11000, 4800, 12450, 13480,\n            marks=pytest.mark.xfail(reason=\"Цена стандартной доставки 4450\")\n        ),\n        pytest.param(\n            \"TD 014\", aksolit_30, 666, 20000, 5400, 15600, 17490,\n            marks=pytest.mark.xfail(reason=\"Цена стандартной доставки 4450\")\n        )\n    ])\n    @pytest.mark.xfail\n    @pytest.mark.smoke_test\n    def test_positive_delivery_green_zone_smoke(\n            self, driver, url, case_id, link_item, amount, weight, standard, in_time, all_time\n    ):\n    \n        driver.get(f'{url}{link_item}')\n        item_page = ItemPage(driver)\n>       item_page.add_item_to_cart(amount).click_on_cart()\n\ntests/delivery/test_delivery_calculation.py:50: \n_ _ _ _ _ _ _ _ _ _ _ _ _ _ _ _ _ _ _ _ _ _ _ _ _ _ _ _ _ _ _ _ _ _ _ _ _ _ _ _ \npages/item_page.py:40: in add_item_to_cart\n    self.find_element(self._add_item).click()\nbase/seleniumbase.py:17: in find_element\n    return self.driver.find_element(*locator)\n/usr/local/lib/python3.11/site-packages/selenium/webdriver/remote/webdriver.py:739: in find_element\n    return self.execute(Command.FIND_ELEMENT, {\"using\": by, \"value\": value})[\"value\"]\n/usr/local/lib/python3.11/site-packages/selenium/webdriver/remote/webdriver.py:345: in execute\n    self.error_handler.check_response(response)\n_ _ _ _ _ _ _ _ _ _ _ _ _ _ _ _ _ _ _ _ _ _ _ _ _ _ _ _ _ _ _ _ _ _ _ _ _ _ _ _ \n\nself = <selenium.webdriver.remote.errorhandler.ErrorHandler object at 0x7fd3b1ac5010>\nresponse = {'status': 404, 'value': '{\"value\":{\"error\":\"no such element\",\"message\":\"no such element: Unable to locate element: {\\...\\\\n#16 0x55ac254bf040 \\\\u003Cunknown>\\\\n#17 0x55ac254ce49c \\\\u003Cunknown>\\\\n#18 0x7f4bbe36a134 \\\\u003Cunknown>\\\\n\"}}'}\n\n    def check_response(self, response: Dict[str, Any]) -> None:\n        \"\"\"Checks that a JSON response from the WebDriver does not have an\n        error.\n    \n        :Args:\n         - response - The JSON response from the WebDriver server as a dictionary\n           object.\n    \n        :Raises: If the response contains an error message.\n        \"\"\"\n        status = response.get(\"status\", None)\n        if not status or status == ErrorCode.SUCCESS:\n            return\n        value = None\n        message = response.get(\"message\", \"\")\n        screen: str = response.get(\"screen\", \"\")\n        stacktrace = None\n        if isinstance(status, int):\n            value_json = response.get(\"value\", None)\n            if value_json and isinstance(value_json, str):\n                import json\n    \n                try:\n                    value = json.loads(value_json)\n                    if len(value) == 1:\n                        value = value[\"value\"]\n                    status = value.get(\"error\", None)\n                    if not status:\n                        status = value.get(\"status\", ErrorCode.UNKNOWN_ERROR)\n                        message = value.get(\"value\") or value.get(\"message\")\n                        if not isinstance(message, str):\n                            value = message\n                            message = message.get(\"message\")\n                    else:\n                        message = value.get(\"message\", None)\n                except ValueError:\n                    pass\n    \n        exception_class: Type[WebDriverException]\n        e = ErrorCode()\n        error_codes = [item for item in dir(e) if not item.startswith(\"__\")]\n        for error_code in error_codes:\n            error_info = getattr(ErrorCode, error_code)\n            if isinstance(error_info, list) and status in error_info:\n                exception_class = getattr(ExceptionMapping, error_code, WebDriverException)\n                break\n        else:\n            exception_class = WebDriverException\n    \n        if not value:\n            value = response[\"value\"]\n        if isinstance(value, str):\n            raise exception_class(value)\n        if message == \"\" and \"message\" in value:\n            message = value[\"message\"]\n    \n        screen = None  # type: ignore[assignment]\n        if \"screen\" in value:\n            screen = value[\"screen\"]\n    \n        stacktrace = None\n        st_value = value.get(\"stackTrace\") or value.get(\"stacktrace\")\n        if st_value:\n            if isinstance(st_value, str):\n                stacktrace = st_value.split(\"\\n\")\n            else:\n                stacktrace = []\n                try:\n                    for frame in st_value:\n                        line = frame.get(\"lineNumber\", \"\")\n                        file = frame.get(\"fileName\", \"<anonymous>\")\n                        if line:\n                            file = f\"{file}:{line}\"\n                        meth = frame.get(\"methodName\", \"<anonymous>\")\n                        if \"className\" in frame:\n                            meth = f\"{frame['className']}.{meth}\"\n                        msg = \"    at %s (%s)\"\n                        msg = msg % (meth, file)\n                        stacktrace.append(msg)\n                except TypeError:\n                    pass\n        if exception_class == UnexpectedAlertPresentException:\n            alert_text = None\n            if \"data\" in value:\n                alert_text = value[\"data\"].get(\"text\")\n            elif \"alert\" in value:\n                alert_text = value[\"alert\"].get(\"text\")\n            raise exception_class(message, screen, stacktrace, alert_text)  # type: ignore[call-arg]  # mypy is not smart enough here\n>       raise exception_class(message, screen, stacktrace)\nE       selenium.common.exceptions.NoSuchElementException: Message: no such element: Unable to locate element: {\"method\":\"xpath\",\"selector\":\"(//a[@class='add-to-cart yellow-btn'])[1]\"}\nE         (Session info: chrome-headless-shell=127.0.6533.119); For documentation on this error, please visit: https://www.selenium.dev/documentation/webdriver/troubleshooting/errors#no-such-element-exception\nE       Stacktrace:\nE       #0 0x55ac254cf6ca <unknown>\nE       #1 0x55ac251a0600 <unknown>\nE       #2 0x55ac251efbcb <unknown>\nE       #3 0x55ac251efeb1 <unknown>\nE       #4 0x55ac25233b24 <unknown>\nE       #5 0x55ac252128cd <unknown>\nE       #6 0x55ac2523104a <unknown>\nE       #7 0x55ac25212643 <unknown>\nE       #8 0x55ac251e2d31 <unknown>\nE       #9 0x55ac251e379e <unknown>\nE       #10 0x55ac2549725b <unknown>\nE       #11 0x55ac2549b1f2 <unknown>\nE       #12 0x55ac25484615 <unknown>\nE       #13 0x55ac2549bd82 <unknown>\nE       #14 0x55ac2546925f <unknown>\nE       #15 0x55ac254bee68 <unknown>\nE       #16 0x55ac254bf040 <unknown>\nE       #17 0x55ac254ce49c <unknown>\nE       #18 0x7f4bbe36a134 <unknown>\n\n/usr/local/lib/python3.11/site-packages/selenium/webdriver/remote/errorhandler.py:229: NoSuchElementException","steps":[{"name":"Добавляем товар в корзину в количестве 166","time":{"start":1724202124773,"stop":1724202124790,"duration":17},"status":"broken","statusMessage":"selenium.common.exceptions.NoSuchElementException: Message: no such element: Unable to locate element: {\"method\":\"xpath\",\"selector\":\"(//a[@class='add-to-cart yellow-btn'])[1]\"}\n  (Session info: chrome-headless-shell=127.0.6533.119); For documentation on this error, please visit: https://www.selenium.dev/documentation/webdriver/troubleshooting/errors#no-such-element-exception\nStacktrace:\n#0 0x55ac254cf6ca <unknown>\n#1 0x55ac251a0600 <unknown>\n#2 0x55ac251efbcb <unknown>\n#3 0x55ac251efeb1 <unknown>\n#4 0x55ac25233b24 <unknown>\n#5 0x55ac252128cd <unknown>\n#6 0x55ac2523104a <unknown>\n#7 0x55ac25212643 <unknown>\n#8 0x55ac251e2d31 <unknown>\n#9 0x55ac251e379e <unknown>\n#10 0x55ac2549725b <unknown>\n#11 0x55ac2549b1f2 <unknown>\n#12 0x55ac25484615 <unknown>\n#13 0x55ac2549bd82 <unknown>\n#14 0x55ac2546925f <unknown>\n#15 0x55ac254bee68 <unknown>\n#16 0x55ac254bf040 <unknown>\n#17 0x55ac254ce49c <unknown>\n#18 0x7f4bbe36a134 <unknown>\n\n","statusTrace":"  File \"/usr/local/lib/python3.11/site-packages/allure_commons/_allure.py\", line 192, in impl\n    return func(*a, **kw)\n           ^^^^^^^^^^^^^^\n  File \"/app/pages/item_page.py\", line 40, in add_item_to_cart\n    self.find_element(self._add_item).click()\n    ^^^^^^^^^^^^^^^^^^^^^^^^^^^^^^^^^\n  File \"/app/base/seleniumbase.py\", line 17, in find_element\n    return self.driver.find_element(*locator)\n           ^^^^^^^^^^^^^^^^^^^^^^^^^^^^^^^^^^\n  File \"/usr/local/lib/python3.11/site-packages/selenium/webdriver/remote/webdriver.py\", line 739, in find_element\n    return self.execute(Command.FIND_ELEMENT, {\"using\": by, \"value\": value})[\"value\"]\n           ^^^^^^^^^^^^^^^^^^^^^^^^^^^^^^^^^^^^^^^^^^^^^^^^^^^^^^^^^^^^^^^^^\n  File \"/usr/local/lib/python3.11/site-packages/selenium/webdriver/remote/webdriver.py\", line 345, in execute\n    self.error_handler.check_response(response)\n  File \"/usr/local/lib/python3.11/site-packages/selenium/webdriver/remote/errorhandler.py\", line 229, in check_response\n    raise exception_class(message, screen, stacktrace)\n","steps":[],"attachments":[],"parameters":[{"name":"amount","value":"166"}],"shouldDisplayMessage":true,"stepsCount":0,"attachmentsCount":0,"hasContent":true,"attachmentStep":false}],"attachments":[{"uid":"6d4c574a255caed0","name":"Screenshot","source":"6d4c574a255caed0.png","type":"image/png","size":4720},{"uid":"88abc58fb7262bc7","name":"HTML source","source":"88abc58fb7262bc7.html","type":"text/html","size":39}],"parameters":[],"shouldDisplayMessage":true,"stepsCount":1,"attachmentsCount":2,"hasContent":true,"attachmentStep":false},"afterStages":[{"name":"driver::0","time":{"start":1724202124887,"stop":1724202124948,"duration":61},"status":"passed","steps":[],"attachments":[],"parameters":[],"shouldDisplayMessage":false,"stepsCount":0,"attachmentsCount":0,"hasContent":false,"attachmentStep":false},{"name":"setup::0","time":{"start":1724202124887,"stop":1724202124887,"duration":0},"status":"passed","steps":[],"attachments":[],"parameters":[],"shouldDisplayMessage":false,"stepsCount":0,"attachmentsCount":0,"hasContent":false,"attachmentStep":false}],"labels":[{"name":"epic","value":"Delivery Page - calculation"},{"name":"tag","value":"smoke_test"},{"name":"tag","value":"@pytest.mark.xfail"},{"name":"parentSuite","value":"tests.delivery"},{"name":"suite","value":"test_delivery_calculation"},{"name":"subSuite","value":"TestDeliveryPageCalculation"},{"name":"host","value":"432c8f8a4f5c"},{"name":"thread","value":"1-MainThread"},{"name":"framework","value":"pytest"},{"name":"language","value":"cpython3"},{"name":"package","value":"tests.delivery.test_delivery_calculation"},{"name":"resultFormat","value":"allure2"}],"parameters":[{"name":"all_time","value":"5480"},{"name":"amount","value":"166"},{"name":"case_id","value":"'TD 009'"},{"name":"in_time","value":"4990"},{"name":"link_item","value":"'products/shtukaturka-gipsovaya-aksolit-m50-30-kg-mashinnogo-naneseniya'"},{"name":"standard","value":"2500"},{"name":"url","value":"'https://sandboxtest.stroyrem-nn.ru/'"},{"name":"weight","value":"5000"}],"links":[],"hidden":false,"retry":false,"extra":{"severity":"normal","retries":[],"categories":[],"history":{"statistic":{"failed":0,"broken":0,"skipped":84,"passed":0,"unknown":0,"total":84},"items":[{"uid":"6965fe196de460d1","reportUrl":"https://Nat754.github.io/StroyremAutomation/405//#testresult/6965fe196de460d1","status":"skipped","statusDetails":"XFAIL\n\nselenium.common.exceptions.NoSuchElementException: Message: no such element: Unable to locate element: {\"method\":\"xpath\",\"selector\":\"(//a[@class='add-to-cart yellow-btn'])[1]\"}\n  (Session info: chrome-headless-shell=127.0.6533.119); For documentation on this error, please visit: https://www.selenium.dev/documentation/webdriver/troubleshooting/errors#no-such-element-exception\nStacktrace:\n#0 0x561911c146ca <unknown>\n#1 0x5619118e5600 <unknown>\n#2 0x561911934bcb <unknown>\n#3 0x561911934eb1 <unknown>\n#4 0x561911978b24 <unknown>\n#5 0x5619119578cd <unknown>\n#6 0x56191197604a <unknown>\n#7 0x561911957643 <unknown>\n#8 0x561911927d31 <unknown>\n#9 0x56191192879e <unknown>\n#10 0x561911bdc25b <unknown>\n#11 0x561911be01f2 <unknown>\n#12 0x561911bc9615 <unknown>\n#13 0x561911be0d82 <unknown>\n#14 0x561911bae25f <unknown>\n#15 0x561911c03e68 <unknown>\n#16 0x561911c04040 <unknown>\n#17 0x561911c1349c <unknown>\n#18 0x7f87a4d0a134 <unknown>","time":{"start":1724115727768,"stop":1724115728606,"duration":838}},{"uid":"2cfa479866cc99b8","reportUrl":"https://Nat754.github.io/StroyremAutomation/404//#testresult/2cfa479866cc99b8","status":"skipped","statusDetails":"XFAIL\n\nselenium.common.exceptions.NoSuchElementException: Message: no such element: Unable to locate element: {\"method\":\"xpath\",\"selector\":\"(//a[@class='add-to-cart yellow-btn'])[1]\"}\n  (Session info: chrome-headless-shell=127.0.6533.119); For documentation on this error, please visit: https://www.selenium.dev/documentation/webdriver/troubleshooting/errors#no-such-element-exception\nStacktrace:\n#0 0x5623c1c5a6ca <unknown>\n#1 0x5623c192b600 <unknown>\n#2 0x5623c197abcb <unknown>\n#3 0x5623c197aeb1 <unknown>\n#4 0x5623c19beb24 <unknown>\n#5 0x5623c199d8cd <unknown>\n#6 0x5623c19bc04a <unknown>\n#7 0x5623c199d643 <unknown>\n#8 0x5623c196dd31 <unknown>\n#9 0x5623c196e79e <unknown>\n#10 0x5623c1c2225b <unknown>\n#11 0x5623c1c261f2 <unknown>\n#12 0x5623c1c0f615 <unknown>\n#13 0x5623c1c26d82 <unknown>\n#14 0x5623c1bf425f <unknown>\n#15 0x5623c1c49e68 <unknown>\n#16 0x5623c1c4a040 <unknown>\n#17 0x5623c1c5949c <unknown>\n#18 0x7f5cf7db8134 <unknown>","time":{"start":1724029308191,"stop":1724029308748,"duration":557}},{"uid":"702cc6ea8c0e0c6b","reportUrl":"https://Nat754.github.io/StroyremAutomation/403//#testresult/702cc6ea8c0e0c6b","status":"skipped","statusDetails":"XFAIL\n\nselenium.common.exceptions.NoSuchElementException: Message: no such element: Unable to locate element: {\"method\":\"xpath\",\"selector\":\"(//a[@class='add-to-cart yellow-btn'])[1]\"}\n  (Session info: chrome-headless-shell=127.0.6533.119); For documentation on this error, please visit: https://www.selenium.dev/documentation/webdriver/troubleshooting/errors#no-such-element-exception\nStacktrace:\n#0 0x55cdd91fe6ca <unknown>\n#1 0x55cdd8ecf600 <unknown>\n#2 0x55cdd8f1ebcb <unknown>\n#3 0x55cdd8f1eeb1 <unknown>\n#4 0x55cdd8f62b24 <unknown>\n#5 0x55cdd8f418cd <unknown>\n#6 0x55cdd8f6004a <unknown>\n#7 0x55cdd8f41643 <unknown>\n#8 0x55cdd8f11d31 <unknown>\n#9 0x55cdd8f1279e <unknown>\n#10 0x55cdd91c625b <unknown>\n#11 0x55cdd91ca1f2 <unknown>\n#12 0x55cdd91b3615 <unknown>\n#13 0x55cdd91cad82 <unknown>\n#14 0x55cdd919825f <unknown>\n#15 0x55cdd91ede68 <unknown>\n#16 0x55cdd91ee040 <unknown>\n#17 0x55cdd91fd49c <unknown>\n#18 0x7fd13f34e134 <unknown>","time":{"start":1723943113982,"stop":1723943114319,"duration":337}},{"uid":"5c1833f28b6cc706","reportUrl":"https://Nat754.github.io/StroyremAutomation/402//#testresult/5c1833f28b6cc706","status":"skipped","statusDetails":"XFAIL\n\nselenium.common.exceptions.NoSuchElementException: Message: no such element: Unable to locate element: {\"method\":\"xpath\",\"selector\":\"(//a[@class='add-to-cart yellow-btn'])[1]\"}\n  (Session info: chrome-headless-shell=127.0.6533.119); For documentation on this error, please visit: https://www.selenium.dev/documentation/webdriver/troubleshooting/errors#no-such-element-exception\nStacktrace:\n#0 0x55dddd0dd6ca <unknown>\n#1 0x55dddcdae600 <unknown>\n#2 0x55dddcdfdbcb <unknown>\n#3 0x55dddcdfdeb1 <unknown>\n#4 0x55dddce41b24 <unknown>\n#5 0x55dddce208cd <unknown>\n#6 0x55dddce3f04a <unknown>\n#7 0x55dddce20643 <unknown>\n#8 0x55dddcdf0d31 <unknown>\n#9 0x55dddcdf179e <unknown>\n#10 0x55dddd0a525b <unknown>\n#11 0x55dddd0a91f2 <unknown>\n#12 0x55dddd092615 <unknown>\n#13 0x55dddd0a9d82 <unknown>\n#14 0x55dddd07725f <unknown>\n#15 0x55dddd0cce68 <unknown>\n#16 0x55dddd0cd040 <unknown>\n#17 0x55dddd0dc49c <unknown>\n#18 0x7ff563a69134 <unknown>","time":{"start":1723856358526,"stop":1723856358840,"duration":314}},{"uid":"ea6eb536c7a84cc3","reportUrl":"https://Nat754.github.io/StroyremAutomation/401//#testresult/ea6eb536c7a84cc3","status":"skipped","statusDetails":"XFAIL\n\nselenium.common.exceptions.NoSuchElementException: Message: no such element: Unable to locate element: {\"method\":\"xpath\",\"selector\":\"(//a[@class='add-to-cart yellow-btn'])[1]\"}\n  (Session info: chrome-headless-shell=127.0.6533.119); For documentation on this error, please visit: https://www.selenium.dev/documentation/webdriver/troubleshooting/errors#no-such-element-exception\nStacktrace:\n#0 0x55747ee786ca <unknown>\n#1 0x55747eb49600 <unknown>\n#2 0x55747eb98bcb <unknown>\n#3 0x55747eb98eb1 <unknown>\n#4 0x55747ebdcb24 <unknown>\n#5 0x55747ebbb8cd <unknown>\n#6 0x55747ebda04a <unknown>\n#7 0x55747ebbb643 <unknown>\n#8 0x55747eb8bd31 <unknown>\n#9 0x55747eb8c79e <unknown>\n#10 0x55747ee4025b <unknown>\n#11 0x55747ee441f2 <unknown>\n#12 0x55747ee2d615 <unknown>\n#13 0x55747ee44d82 <unknown>\n#14 0x55747ee1225f <unknown>\n#15 0x55747ee67e68 <unknown>\n#16 0x55747ee68040 <unknown>\n#17 0x55747ee7749c <unknown>\n#18 0x7f998f623134 <unknown>","time":{"start":1723770066691,"stop":1723770067153,"duration":462}},{"uid":"e08001e5d6b859a9","reportUrl":"https://Nat754.github.io/StroyremAutomation/400//#testresult/e08001e5d6b859a9","status":"skipped","statusDetails":"XFAIL\n\nselenium.common.exceptions.NoSuchElementException: Message: no such element: Unable to locate element: {\"method\":\"xpath\",\"selector\":\"(//a[@class='add-to-cart yellow-btn'])[1]\"}\n  (Session info: chrome-headless-shell=127.0.6533.119); For documentation on this error, please visit: https://www.selenium.dev/documentation/webdriver/troubleshooting/errors#no-such-element-exception\nStacktrace:\n#0 0x5585b0e6d6ca <unknown>\n#1 0x5585b0b3e600 <unknown>\n#2 0x5585b0b8dbcb <unknown>\n#3 0x5585b0b8deb1 <unknown>\n#4 0x5585b0bd1b24 <unknown>\n#5 0x5585b0bb08cd <unknown>\n#6 0x5585b0bcf04a <unknown>\n#7 0x5585b0bb0643 <unknown>\n#8 0x5585b0b80d31 <unknown>\n#9 0x5585b0b8179e <unknown>\n#10 0x5585b0e3525b <unknown>\n#11 0x5585b0e391f2 <unknown>\n#12 0x5585b0e22615 <unknown>\n#13 0x5585b0e39d82 <unknown>\n#14 0x5585b0e0725f <unknown>\n#15 0x5585b0e5ce68 <unknown>\n#16 0x5585b0e5d040 <unknown>\n#17 0x5585b0e6c49c <unknown>\n#18 0x7f13f95f0134 <unknown>","time":{"start":1723683553436,"stop":1723683554115,"duration":679}},{"uid":"ad4f2e64897d2fee","reportUrl":"https://Nat754.github.io/StroyremAutomation/399//#testresult/ad4f2e64897d2fee","status":"skipped","statusDetails":"XFAIL\n\nselenium.common.exceptions.NoSuchElementException: Message: no such element: Unable to locate element: {\"method\":\"xpath\",\"selector\":\"(//a[@class='add-to-cart yellow-btn'])[1]\"}\n  (Session info: chrome-headless-shell=127.0.6533.119); For documentation on this error, please visit: https://www.selenium.dev/documentation/webdriver/troubleshooting/errors#no-such-element-exception\nStacktrace:\n#0 0x557acc2ea6ca <unknown>\n#1 0x557acbfbb600 <unknown>\n#2 0x557acc00abcb <unknown>\n#3 0x557acc00aeb1 <unknown>\n#4 0x557acc04eb24 <unknown>\n#5 0x557acc02d8cd <unknown>\n#6 0x557acc04c04a <unknown>\n#7 0x557acc02d643 <unknown>\n#8 0x557acbffdd31 <unknown>\n#9 0x557acbffe79e <unknown>\n#10 0x557acc2b225b <unknown>\n#11 0x557acc2b61f2 <unknown>\n#12 0x557acc29f615 <unknown>\n#13 0x557acc2b6d82 <unknown>\n#14 0x557acc28425f <unknown>\n#15 0x557acc2d9e68 <unknown>\n#16 0x557acc2da040 <unknown>\n#17 0x557acc2e949c <unknown>\n#18 0x7efc5dd61134 <unknown>","time":{"start":1723597284186,"stop":1723597284634,"duration":448}},{"uid":"6f17f6c7c0314291","reportUrl":"https://Nat754.github.io/StroyremAutomation/398//#testresult/6f17f6c7c0314291","status":"skipped","statusDetails":"XFAIL\n\nselenium.common.exceptions.NoSuchElementException: Message: no such element: Unable to locate element: {\"method\":\"xpath\",\"selector\":\"(//a[@class='add-to-cart yellow-btn'])[1]\"}\n  (Session info: chrome-headless-shell=127.0.6533.99); For documentation on this error, please visit: https://www.selenium.dev/documentation/webdriver/troubleshooting/errors#no-such-element-exception\nStacktrace:\n#0 0x560424f526aa <unknown>\n#1 0x560424c23600 <unknown>\n#2 0x560424c72bcb <unknown>\n#3 0x560424c72eb1 <unknown>\n#4 0x560424cb6b24 <unknown>\n#5 0x560424c958cd <unknown>\n#6 0x560424cb404a <unknown>\n#7 0x560424c95643 <unknown>\n#8 0x560424c65d31 <unknown>\n#9 0x560424c6679e <unknown>\n#10 0x560424f1a23b <unknown>\n#11 0x560424f1e1d2 <unknown>\n#12 0x560424f075f5 <unknown>\n#13 0x560424f1ed62 <unknown>\n#14 0x560424eec23f <unknown>\n#15 0x560424f41e48 <unknown>\n#16 0x560424f42020 <unknown>\n#17 0x560424f5147c <unknown>\n#18 0x7ff9381d7134 <unknown>","time":{"start":1723510983660,"stop":1723510984447,"duration":787}},{"uid":"6320ea93bbbe18f5","reportUrl":"https://Nat754.github.io/StroyremAutomation/397//#testresult/6320ea93bbbe18f5","status":"skipped","statusDetails":"XFAIL\n\nselenium.common.exceptions.NoSuchElementException: Message: no such element: Unable to locate element: {\"method\":\"xpath\",\"selector\":\"(//a[@class='add-to-cart yellow-btn'])[1]\"}\n  (Session info: chrome-headless-shell=127.0.6533.99); For documentation on this error, please visit: https://www.selenium.dev/documentation/webdriver/troubleshooting/errors#no-such-element-exception\nStacktrace:\n#0 0x55f40fb546aa <unknown>\n#1 0x55f40f825600 <unknown>\n#2 0x55f40f874bcb <unknown>\n#3 0x55f40f874eb1 <unknown>\n#4 0x55f40f8b8b24 <unknown>\n#5 0x55f40f8978cd <unknown>\n#6 0x55f40f8b604a <unknown>\n#7 0x55f40f897643 <unknown>\n#8 0x55f40f867d31 <unknown>\n#9 0x55f40f86879e <unknown>\n#10 0x55f40fb1c23b <unknown>\n#11 0x55f40fb201d2 <unknown>\n#12 0x55f40fb095f5 <unknown>\n#13 0x55f40fb20d62 <unknown>\n#14 0x55f40faee23f <unknown>\n#15 0x55f40fb43e48 <unknown>\n#16 0x55f40fb44020 <unknown>\n#17 0x55f40fb5347c <unknown>\n#18 0x7fcf542b4134 <unknown>","time":{"start":1723424612429,"stop":1723424612885,"duration":456}},{"uid":"54e55a9a00c33471","reportUrl":"https://Nat754.github.io/StroyremAutomation/396//#testresult/54e55a9a00c33471","status":"skipped","statusDetails":"XFAIL\n\nselenium.common.exceptions.NoSuchElementException: Message: no such element: Unable to locate element: {\"method\":\"xpath\",\"selector\":\"(//a[@class='add-to-cart yellow-btn'])[1]\"}\n  (Session info: chrome-headless-shell=127.0.6533.99); For documentation on this error, please visit: https://www.selenium.dev/documentation/webdriver/troubleshooting/errors#no-such-element-exception\nStacktrace:\n#0 0x557f54f5e6aa <unknown>\n#1 0x557f54c2f600 <unknown>\n#2 0x557f54c7ebcb <unknown>\n#3 0x557f54c7eeb1 <unknown>\n#4 0x557f54cc2b24 <unknown>\n#5 0x557f54ca18cd <unknown>\n#6 0x557f54cc004a <unknown>\n#7 0x557f54ca1643 <unknown>\n#8 0x557f54c71d31 <unknown>\n#9 0x557f54c7279e <unknown>\n#10 0x557f54f2623b <unknown>\n#11 0x557f54f2a1d2 <unknown>\n#12 0x557f54f135f5 <unknown>\n#13 0x557f54f2ad62 <unknown>\n#14 0x557f54ef823f <unknown>\n#15 0x557f54f4de48 <unknown>\n#16 0x557f54f4e020 <unknown>\n#17 0x557f54f5d47c <unknown>\n#18 0x7f1c75706134 <unknown>","time":{"start":1723338418047,"stop":1723338418659,"duration":612}},{"uid":"ef2c730bdb5f3c8b","reportUrl":"https://Nat754.github.io/StroyremAutomation/395//#testresult/ef2c730bdb5f3c8b","status":"skipped","statusDetails":"XFAIL\n\nselenium.common.exceptions.NoSuchElementException: Message: no such element: Unable to locate element: {\"method\":\"xpath\",\"selector\":\"(//a[@class='add-to-cart yellow-btn'])[1]\"}\n  (Session info: chrome-headless-shell=127.0.6533.99); For documentation on this error, please visit: https://www.selenium.dev/documentation/webdriver/troubleshooting/errors#no-such-element-exception\nStacktrace:\n#0 0x55761074a6aa <unknown>\n#1 0x55761041b600 <unknown>\n#2 0x55761046abcb <unknown>\n#3 0x55761046aeb1 <unknown>\n#4 0x5576104aeb24 <unknown>\n#5 0x55761048d8cd <unknown>\n#6 0x5576104ac04a <unknown>\n#7 0x55761048d643 <unknown>\n#8 0x55761045dd31 <unknown>\n#9 0x55761045e79e <unknown>\n#10 0x55761071223b <unknown>\n#11 0x5576107161d2 <unknown>\n#12 0x5576106ff5f5 <unknown>\n#13 0x557610716d62 <unknown>\n#14 0x5576106e423f <unknown>\n#15 0x557610739e48 <unknown>\n#16 0x55761073a020 <unknown>\n#17 0x55761074947c <unknown>\n#18 0x7f044b738134 <unknown>","time":{"start":1723251650491,"stop":1723251650783,"duration":292}},{"uid":"6651d5d3e6b56873","reportUrl":"https://Nat754.github.io/StroyremAutomation/394//#testresult/6651d5d3e6b56873","status":"skipped","statusDetails":"XFAIL\n\nselenium.common.exceptions.NoSuchElementException: Message: no such element: Unable to locate element: {\"method\":\"xpath\",\"selector\":\"(//a[@class='add-to-cart yellow-btn'])[1]\"}\n  (Session info: chrome-headless-shell=127.0.6533.99); For documentation on this error, please visit: https://www.selenium.dev/documentation/webdriver/troubleshooting/errors#no-such-element-exception\nStacktrace:\n#0 0x5572371656aa <unknown>\n#1 0x557236e36600 <unknown>\n#2 0x557236e85bcb <unknown>\n#3 0x557236e85eb1 <unknown>\n#4 0x557236ec9b24 <unknown>\n#5 0x557236ea88cd <unknown>\n#6 0x557236ec704a <unknown>\n#7 0x557236ea8643 <unknown>\n#8 0x557236e78d31 <unknown>\n#9 0x557236e7979e <unknown>\n#10 0x55723712d23b <unknown>\n#11 0x5572371311d2 <unknown>\n#12 0x55723711a5f5 <unknown>\n#13 0x557237131d62 <unknown>\n#14 0x5572370ff23f <unknown>\n#15 0x557237154e48 <unknown>\n#16 0x557237155020 <unknown>\n#17 0x55723716447c <unknown>\n#18 0x7fb4f036c134 <unknown>","time":{"start":1723165316218,"stop":1723165316507,"duration":289}},{"uid":"1fd7157fc396c3d6","reportUrl":"https://Nat754.github.io/StroyremAutomation/393//#testresult/1fd7157fc396c3d6","status":"skipped","statusDetails":"XFAIL\n\nselenium.common.exceptions.NoSuchElementException: Message: no such element: Unable to locate element: {\"method\":\"xpath\",\"selector\":\"(//a[@class='add-to-cart yellow-btn'])[1]\"}\n  (Session info: chrome-headless-shell=127.0.6533.99); For documentation on this error, please visit: https://www.selenium.dev/documentation/webdriver/troubleshooting/errors#no-such-element-exception\nStacktrace:\n#0 0x55f4277ef6aa <unknown>\n#1 0x55f4274c0600 <unknown>\n#2 0x55f42750fbcb <unknown>\n#3 0x55f42750feb1 <unknown>\n#4 0x55f427553b24 <unknown>\n#5 0x55f4275328cd <unknown>\n#6 0x55f42755104a <unknown>\n#7 0x55f427532643 <unknown>\n#8 0x55f427502d31 <unknown>\n#9 0x55f42750379e <unknown>\n#10 0x55f4277b723b <unknown>\n#11 0x55f4277bb1d2 <unknown>\n#12 0x55f4277a45f5 <unknown>\n#13 0x55f4277bbd62 <unknown>\n#14 0x55f42778923f <unknown>\n#15 0x55f4277dee48 <unknown>\n#16 0x55f4277df020 <unknown>\n#17 0x55f4277ee47c <unknown>\n#18 0x7fbe44571134 <unknown>","time":{"start":1723078889200,"stop":1723078889612,"duration":412}},{"uid":"9f9409211921227b","reportUrl":"https://Nat754.github.io/StroyremAutomation/392//#testresult/9f9409211921227b","status":"skipped","statusDetails":"XFAIL\n\nselenium.common.exceptions.NoSuchElementException: Message: no such element: Unable to locate element: {\"method\":\"xpath\",\"selector\":\"(//a[@class='add-to-cart yellow-btn'])[1]\"}\n  (Session info: chrome-headless-shell=127.0.6533.99); For documentation on this error, please visit: https://www.selenium.dev/documentation/webdriver/troubleshooting/errors#no-such-element-exception\nStacktrace:\n#0 0x559366d496aa <unknown>\n#1 0x559366a1a600 <unknown>\n#2 0x559366a69bcb <unknown>\n#3 0x559366a69eb1 <unknown>\n#4 0x559366aadb24 <unknown>\n#5 0x559366a8c8cd <unknown>\n#6 0x559366aab04a <unknown>\n#7 0x559366a8c643 <unknown>\n#8 0x559366a5cd31 <unknown>\n#9 0x559366a5d79e <unknown>\n#10 0x559366d1123b <unknown>\n#11 0x559366d151d2 <unknown>\n#12 0x559366cfe5f5 <unknown>\n#13 0x559366d15d62 <unknown>\n#14 0x559366ce323f <unknown>\n#15 0x559366d38e48 <unknown>\n#16 0x559366d39020 <unknown>\n#17 0x559366d4847c <unknown>\n#18 0x7f3081e67134 <unknown>","time":{"start":1722992539555,"stop":1722992539888,"duration":333}},{"uid":"10c51c1644f6575a","reportUrl":"https://Nat754.github.io/StroyremAutomation/391//#testresult/10c51c1644f6575a","status":"skipped","statusDetails":"XFAIL\n\nselenium.common.exceptions.NoSuchElementException: Message: no such element: Unable to locate element: {\"method\":\"xpath\",\"selector\":\"(//a[@class='add-to-cart yellow-btn'])[1]\"}\n  (Session info: chrome-headless-shell=127.0.6533.88); For documentation on this error, please visit: https://www.selenium.dev/documentation/webdriver/troubleshooting/errors#no-such-element-exception\nStacktrace:\n#0 0x5607b45e871a <unknown>\n#1 0x5607b42b9640 <unknown>\n#2 0x5607b4308c0b <unknown>\n#3 0x5607b4308ef1 <unknown>\n#4 0x5607b434cb64 <unknown>\n#5 0x5607b432b90d <unknown>\n#6 0x5607b434a08a <unknown>\n#7 0x5607b432b683 <unknown>\n#8 0x5607b42fbd71 <unknown>\n#9 0x5607b42fc7de <unknown>\n#10 0x5607b45b02ab <unknown>\n#11 0x5607b45b4242 <unknown>\n#12 0x5607b459d665 <unknown>\n#13 0x5607b45b4dd2 <unknown>\n#14 0x5607b45822af <unknown>\n#15 0x5607b45d7eb8 <unknown>\n#16 0x5607b45d8090 <unknown>\n#17 0x5607b45e74ec <unknown>\n#18 0x7f9a93398134 <unknown>","time":{"start":1722906055637,"stop":1722906055935,"duration":298}},{"uid":"dfe4870992855f62","reportUrl":"https://Nat754.github.io/StroyremAutomation/390//#testresult/dfe4870992855f62","status":"skipped","statusDetails":"XFAIL\n\nselenium.common.exceptions.NoSuchElementException: Message: no such element: Unable to locate element: {\"method\":\"xpath\",\"selector\":\"(//a[@class='add-to-cart yellow-btn'])[1]\"}\n  (Session info: chrome-headless-shell=127.0.6533.88); For documentation on this error, please visit: https://www.selenium.dev/documentation/webdriver/troubleshooting/errors#no-such-element-exception\nStacktrace:\n#0 0x55b00d8c771a <unknown>\n#1 0x55b00d598640 <unknown>\n#2 0x55b00d5e7c0b <unknown>\n#3 0x55b00d5e7ef1 <unknown>\n#4 0x55b00d62bb64 <unknown>\n#5 0x55b00d60a90d <unknown>\n#6 0x55b00d62908a <unknown>\n#7 0x55b00d60a683 <unknown>\n#8 0x55b00d5dad71 <unknown>\n#9 0x55b00d5db7de <unknown>\n#10 0x55b00d88f2ab <unknown>\n#11 0x55b00d893242 <unknown>\n#12 0x55b00d87c665 <unknown>\n#13 0x55b00d893dd2 <unknown>\n#14 0x55b00d8612af <unknown>\n#15 0x55b00d8b6eb8 <unknown>\n#16 0x55b00d8b7090 <unknown>\n#17 0x55b00d8c64ec <unknown>\n#18 0x7f905b8c7134 <unknown>","time":{"start":1722819763861,"stop":1722819764338,"duration":477}},{"uid":"c09fb1ee35aadd0e","reportUrl":"https://Nat754.github.io/StroyremAutomation/389//#testresult/c09fb1ee35aadd0e","status":"skipped","statusDetails":"XFAIL\n\nselenium.common.exceptions.NoSuchElementException: Message: no such element: Unable to locate element: {\"method\":\"xpath\",\"selector\":\"(//a[@class='add-to-cart yellow-btn'])[1]\"}\n  (Session info: chrome-headless-shell=127.0.6533.88); For documentation on this error, please visit: https://www.selenium.dev/documentation/webdriver/troubleshooting/errors#no-such-element-exception\nStacktrace:\n#0 0x55e582d8d71a <unknown>\n#1 0x55e582a5e640 <unknown>\n#2 0x55e582aadc0b <unknown>\n#3 0x55e582aadef1 <unknown>\n#4 0x55e582af1b64 <unknown>\n#5 0x55e582ad090d <unknown>\n#6 0x55e582aef08a <unknown>\n#7 0x55e582ad0683 <unknown>\n#8 0x55e582aa0d71 <unknown>\n#9 0x55e582aa17de <unknown>\n#10 0x55e582d552ab <unknown>\n#11 0x55e582d59242 <unknown>\n#12 0x55e582d42665 <unknown>\n#13 0x55e582d59dd2 <unknown>\n#14 0x55e582d272af <unknown>\n#15 0x55e582d7ceb8 <unknown>\n#16 0x55e582d7d090 <unknown>\n#17 0x55e582d8c4ec <unknown>\n#18 0x7f0bfe6e7134 <unknown>","time":{"start":1722733540666,"stop":1722733541096,"duration":430}},{"uid":"4f1ff62b68fa9121","reportUrl":"https://Nat754.github.io/StroyremAutomation/388//#testresult/4f1ff62b68fa9121","status":"skipped","statusDetails":"XFAIL\n\nselenium.common.exceptions.NoSuchElementException: Message: no such element: Unable to locate element: {\"method\":\"xpath\",\"selector\":\"(//a[@class='add-to-cart yellow-btn'])[1]\"}\n  (Session info: chrome-headless-shell=127.0.6533.88); For documentation on this error, please visit: https://www.selenium.dev/documentation/webdriver/troubleshooting/errors#no-such-element-exception\nStacktrace:\n#0 0x55bb96b6371a <unknown>\n#1 0x55bb96834640 <unknown>\n#2 0x55bb96883c0b <unknown>\n#3 0x55bb96883ef1 <unknown>\n#4 0x55bb968c7b64 <unknown>\n#5 0x55bb968a690d <unknown>\n#6 0x55bb968c508a <unknown>\n#7 0x55bb968a6683 <unknown>\n#8 0x55bb96876d71 <unknown>\n#9 0x55bb968777de <unknown>\n#10 0x55bb96b2b2ab <unknown>\n#11 0x55bb96b2f242 <unknown>\n#12 0x55bb96b18665 <unknown>\n#13 0x55bb96b2fdd2 <unknown>\n#14 0x55bb96afd2af <unknown>\n#15 0x55bb96b52eb8 <unknown>\n#16 0x55bb96b53090 <unknown>\n#17 0x55bb96b624ec <unknown>\n#18 0x7fd0301d8134 <unknown>","time":{"start":1722646843597,"stop":1722646844210,"duration":613}},{"uid":"69d2fdf59cbad596","reportUrl":"https://Nat754.github.io/StroyremAutomation/387//#testresult/69d2fdf59cbad596","status":"skipped","statusDetails":"XFAIL\n\nselenium.common.exceptions.NoSuchElementException: Message: no such element: Unable to locate element: {\"method\":\"xpath\",\"selector\":\"(//a[@class='add-to-cart yellow-btn'])[1]\"}\n  (Session info: chrome-headless-shell=127.0.6533.88); For documentation on this error, please visit: https://www.selenium.dev/documentation/webdriver/troubleshooting/errors#no-such-element-exception\nStacktrace:\n#0 0x55bc07b1771a <unknown>\n#1 0x55bc077e8640 <unknown>\n#2 0x55bc07837c0b <unknown>\n#3 0x55bc07837ef1 <unknown>\n#4 0x55bc0787bb64 <unknown>\n#5 0x55bc0785a90d <unknown>\n#6 0x55bc0787908a <unknown>\n#7 0x55bc0785a683 <unknown>\n#8 0x55bc0782ad71 <unknown>\n#9 0x55bc0782b7de <unknown>\n#10 0x55bc07adf2ab <unknown>\n#11 0x55bc07ae3242 <unknown>\n#12 0x55bc07acc665 <unknown>\n#13 0x55bc07ae3dd2 <unknown>\n#14 0x55bc07ab12af <unknown>\n#15 0x55bc07b06eb8 <unknown>\n#16 0x55bc07b07090 <unknown>\n#17 0x55bc07b164ec <unknown>\n#18 0x7f5541565134 <unknown>","time":{"start":1722560427205,"stop":1722560427499,"duration":294}},{"uid":"540c0251ca03823f","reportUrl":"https://Nat754.github.io/StroyremAutomation/386//#testresult/540c0251ca03823f","status":"skipped","statusDetails":"XFAIL\n\nselenium.common.exceptions.NoSuchElementException: Message: no such element: Unable to locate element: {\"method\":\"xpath\",\"selector\":\"(//a[@class='add-to-cart yellow-btn'])[1]\"}\n  (Session info: chrome-headless-shell=127.0.6533.88); For documentation on this error, please visit: https://www.selenium.dev/documentation/webdriver/troubleshooting/errors#no-such-element-exception\nStacktrace:\n#0 0x55c376bae71a <unknown>\n#1 0x55c37687f640 <unknown>\n#2 0x55c3768cec0b <unknown>\n#3 0x55c3768ceef1 <unknown>\n#4 0x55c376912b64 <unknown>\n#5 0x55c3768f190d <unknown>\n#6 0x55c37691008a <unknown>\n#7 0x55c3768f1683 <unknown>\n#8 0x55c3768c1d71 <unknown>\n#9 0x55c3768c27de <unknown>\n#10 0x55c376b762ab <unknown>\n#11 0x55c376b7a242 <unknown>\n#12 0x55c376b63665 <unknown>\n#13 0x55c376b7add2 <unknown>\n#14 0x55c376b482af <unknown>\n#15 0x55c376b9deb8 <unknown>\n#16 0x55c376b9e090 <unknown>\n#17 0x55c376bad4ec <unknown>\n#18 0x7fc7f28c2134 <unknown>","time":{"start":1722474332809,"stop":1722474333135,"duration":326}}]},"tags":["@pytest.mark.xfail","smoke_test"]},"source":"4b8e57070ace0389.json","parameterValues":["5480","166","'TD 009'","4990","'products/shtukaturka-gipsovaya-aksolit-m50-30-kg-mashinnogo-naneseniya'","2500","'https://sandboxtest.stroyrem-nn.ru/'","5000"]}