{"uid":"41ed50e0bcb9a55","name":"TD 020 Доставка товара весом до 2000кг. в синей зоне","fullName":"tests.delivery.test_delivery_calculation.TestDeliveryPageCalculation#test_positive_delivery_blue_zone_smoke","historyId":"c4ec1833f25483cec79cdb0ff77ddb11","time":{"start":1694048092569,"stop":1694048093006,"duration":437},"status":"broken","statusMessage":"selenium.common.exceptions.NoSuchElementException: Message: no such element: Unable to locate element: {\"method\":\"xpath\",\"selector\":\"(//a[@class='add-to-cart yellow-btn'])[1]\"}\n  (Session info: headless chrome=116.0.5845.96); For documentation on this error, please visit: https://www.selenium.dev/documentation/webdriver/troubleshooting/errors#no-such-element-exception\nStacktrace:\n#0 0x563c8fe02e23 <unknown>\n#1 0x563c8fb2b7a7 <unknown>\n#2 0x563c8fb6a1d3 <unknown>\n#3 0x563c8fb6a2c1 <unknown>\n#4 0x563c8fba5a04 <unknown>\n#5 0x563c8fb8b03d <unknown>\n#6 0x563c8fba3369 <unknown>\n#7 0x563c8fb8ade3 <unknown>\n#8 0x563c8fb5ea7b <unknown>\n#9 0x563c8fb5f81e <unknown>\n#10 0x563c8fdc4638 <unknown>\n#11 0x563c8fdc8507 <unknown>\n#12 0x563c8fdd2c4c <unknown>\n#13 0x563c8fdc9136 <unknown>\n#14 0x563c8fd979cf <unknown>\n#15 0x563c8fdecb98 <unknown>\n#16 0x563c8fdecd68 <unknown>\n#17 0x563c8fdfbcb3 <unknown>\n#18 0x7febe4daa044 <unknown>","statusTrace":"self = <tests.delivery.test_delivery_calculation.TestDeliveryPageCalculation object at 0x7ff255d21210>\ndriver = <selenium.webdriver.chrome.webdriver.WebDriver (session=\"b1b03d155e42abdff0284d252f473e2d\")>\nurl = 'https://sandboxtest.stroyrem-nn.ru/', case_id = 'TD 020'\nlink_item = 'products/shtukaturka-gipsovaya-aksolit-m50-30-kg-mashinnogo-naneseniya'\namount = 66, weight = 2000, standard = 1500, in_time = 2990, all_time = 3650\n\n    @pytest.mark.parametrize('case_id, link_item, amount, weight, standard, in_time, all_time', [\n        (\"TD 015\", bundeks_25, 1, 30, 650, 2390, 3320),\n        pytest.param(\n            \"TD 016\", aksolit_30, 8, 300, 650, 2390, 3320,\n            marks=pytest.mark.xfail(reson=\"Цена доставки: - - -\")\n        ),\n        (\"TD 017\", aksolit_30, 13, 400, 650, 2390, 3320),\n        (\"TD 018\", aksolit_30, 16, 500, 850, 2490, 3320),\n        (\"TD 019\", aksolit_30, 25, 1700, 1150, 2490, 3320),\n        (\"TD 020\", aksolit_30, 66, 2000, 1500, 2990, 3650),\n        (\"TD 021\", aksolit_30, 149, 4500, 2600, 4380, 4890),\n        (\"TD 022\", aksolit_30, 166, 5000, 2800, 5490, 5980),\n        pytest.param(\n            \"TD 023\", aksolit_30, 206, 6200, 3300, 7500, 8000,\n            marks=pytest.mark.xfail(reson=\"Цена доставки: 4300 9900 11440\")\n        ),\n        (\"TD 024\", aksolit_30, 299, 9000, 4300, 9900, 11440),\n        (\"TD 025\", aksolit_30, 333, 10000, 7000, 13900, 15900),\n        pytest.param(\n            \"TD 026\", aksolit_30, 366, 11000, 8000, 14900, 19900,\n            marks=pytest.mark.xfail(reson=\"Цена доставки: 7000 13900 15900\")\n        ),\n        pytest.param(\n            \"TD 027\", aksolit_30, 666, 20000, 14000, 16900, 23900,\n            marks=pytest.mark.xfail(reson=\"Цена доставки: 7000 13900 15900\")\n        )\n    ])\n    @pytest.mark.smoke\n    def test_positive_delivery_blue_zone_smoke(\n            self, driver, url, case_id, link_item, amount, weight, standard, in_time, all_time\n    ):\n        allure.dynamic.title(f\"{case_id} Доставка товара весом до {weight}кг. в синей зоне\")\n    \n        driver.get(f'{url}{link_item}')\n        item_page = ItemPage(driver)\n>       item_page.add_item_to_cart(amount).click_on_cart()\n\ntests/delivery/test_delivery_calculation.py:130: \n_ _ _ _ _ _ _ _ _ _ _ _ _ _ _ _ _ _ _ _ _ _ _ _ _ _ _ _ _ _ _ _ _ _ _ _ _ _ _ _ \npages/item_page.py:40: in add_item_to_cart\n    self.find_element(self._add_item).click()\nbase/seleniumbase.py:17: in find_element\n    return self.driver.find_element(*locator)\n/usr/local/lib/python3.11/site-packages/selenium/webdriver/remote/webdriver.py:740: in find_element\n    return self.execute(Command.FIND_ELEMENT, {\"using\": by, \"value\": value})[\"value\"]\n/usr/local/lib/python3.11/site-packages/selenium/webdriver/remote/webdriver.py:346: in execute\n    self.error_handler.check_response(response)\n_ _ _ _ _ _ _ _ _ _ _ _ _ _ _ _ _ _ _ _ _ _ _ _ _ _ _ _ _ _ _ _ _ _ _ _ _ _ _ _ \n\nself = <selenium.webdriver.remote.errorhandler.ErrorHandler object at 0x7ff2555c41d0>\nresponse = {'status': 404, 'value': '{\"value\":{\"error\":\"no such element\",\"message\":\"no such element: Unable to locate element: {\\...\\\\n#16 0x563c8fdecd68 \\\\u003Cunknown>\\\\n#17 0x563c8fdfbcb3 \\\\u003Cunknown>\\\\n#18 0x7febe4daa044 \\\\u003Cunknown>\\\\n\"}}'}\n\n    def check_response(self, response: Dict[str, Any]) -> None:\n        \"\"\"Checks that a JSON response from the WebDriver does not have an\n        error.\n    \n        :Args:\n         - response - The JSON response from the WebDriver server as a dictionary\n           object.\n    \n        :Raises: If the response contains an error message.\n        \"\"\"\n        status = response.get(\"status\", None)\n        if not status or status == ErrorCode.SUCCESS:\n            return\n        value = None\n        message = response.get(\"message\", \"\")\n        screen: str = response.get(\"screen\", \"\")\n        stacktrace = None\n        if isinstance(status, int):\n            value_json = response.get(\"value\", None)\n            if value_json and isinstance(value_json, str):\n                import json\n    \n                try:\n                    value = json.loads(value_json)\n                    if len(value) == 1:\n                        value = value[\"value\"]\n                    status = value.get(\"error\", None)\n                    if not status:\n                        status = value.get(\"status\", ErrorCode.UNKNOWN_ERROR)\n                        message = value.get(\"value\") or value.get(\"message\")\n                        if not isinstance(message, str):\n                            value = message\n                            message = message.get(\"message\")\n                    else:\n                        message = value.get(\"message\", None)\n                except ValueError:\n                    pass\n    \n        exception_class: Type[WebDriverException]\n        if status in ErrorCode.NO_SUCH_ELEMENT:\n            exception_class = NoSuchElementException\n        elif status in ErrorCode.NO_SUCH_FRAME:\n            exception_class = NoSuchFrameException\n        elif status in ErrorCode.NO_SUCH_SHADOW_ROOT:\n            exception_class = NoSuchShadowRootException\n        elif status in ErrorCode.NO_SUCH_WINDOW:\n            exception_class = NoSuchWindowException\n        elif status in ErrorCode.STALE_ELEMENT_REFERENCE:\n            exception_class = StaleElementReferenceException\n        elif status in ErrorCode.ELEMENT_NOT_VISIBLE:\n            exception_class = ElementNotVisibleException\n        elif status in ErrorCode.INVALID_ELEMENT_STATE:\n            exception_class = InvalidElementStateException\n        elif (\n            status in ErrorCode.INVALID_SELECTOR\n            or status in ErrorCode.INVALID_XPATH_SELECTOR\n            or status in ErrorCode.INVALID_XPATH_SELECTOR_RETURN_TYPER\n        ):\n            exception_class = InvalidSelectorException\n        elif status in ErrorCode.ELEMENT_IS_NOT_SELECTABLE:\n            exception_class = ElementNotSelectableException\n        elif status in ErrorCode.ELEMENT_NOT_INTERACTABLE:\n            exception_class = ElementNotInteractableException\n        elif status in ErrorCode.INVALID_COOKIE_DOMAIN:\n            exception_class = InvalidCookieDomainException\n        elif status in ErrorCode.UNABLE_TO_SET_COOKIE:\n            exception_class = UnableToSetCookieException\n        elif status in ErrorCode.TIMEOUT:\n            exception_class = TimeoutException\n        elif status in ErrorCode.SCRIPT_TIMEOUT:\n            exception_class = TimeoutException\n        elif status in ErrorCode.UNKNOWN_ERROR:\n            exception_class = WebDriverException\n        elif status in ErrorCode.UNEXPECTED_ALERT_OPEN:\n            exception_class = UnexpectedAlertPresentException\n        elif status in ErrorCode.NO_ALERT_OPEN:\n            exception_class = NoAlertPresentException\n        elif status in ErrorCode.IME_NOT_AVAILABLE:\n            exception_class = ImeNotAvailableException\n        elif status in ErrorCode.IME_ENGINE_ACTIVATION_FAILED:\n            exception_class = ImeActivationFailedException\n        elif status in ErrorCode.MOVE_TARGET_OUT_OF_BOUNDS:\n            exception_class = MoveTargetOutOfBoundsException\n        elif status in ErrorCode.JAVASCRIPT_ERROR:\n            exception_class = JavascriptException\n        elif status in ErrorCode.SESSION_NOT_CREATED:\n            exception_class = SessionNotCreatedException\n        elif status in ErrorCode.INVALID_ARGUMENT:\n            exception_class = InvalidArgumentException\n        elif status in ErrorCode.NO_SUCH_COOKIE:\n            exception_class = NoSuchCookieException\n        elif status in ErrorCode.UNABLE_TO_CAPTURE_SCREEN:\n            exception_class = ScreenshotException\n        elif status in ErrorCode.ELEMENT_CLICK_INTERCEPTED:\n            exception_class = ElementClickInterceptedException\n        elif status in ErrorCode.INSECURE_CERTIFICATE:\n            exception_class = InsecureCertificateException\n        elif status in ErrorCode.INVALID_COORDINATES:\n            exception_class = InvalidCoordinatesException\n        elif status in ErrorCode.INVALID_SESSION_ID:\n            exception_class = InvalidSessionIdException\n        elif status in ErrorCode.UNKNOWN_METHOD:\n            exception_class = UnknownMethodException\n        else:\n            exception_class = WebDriverException\n        if not value:\n            value = response[\"value\"]\n        if isinstance(value, str):\n            raise exception_class(value)\n        if message == \"\" and \"message\" in value:\n            message = value[\"message\"]\n    \n        screen = None  # type: ignore[assignment]\n        if \"screen\" in value:\n            screen = value[\"screen\"]\n    \n        stacktrace = None\n        st_value = value.get(\"stackTrace\") or value.get(\"stacktrace\")\n        if st_value:\n            if isinstance(st_value, str):\n                stacktrace = st_value.split(\"\\n\")\n            else:\n                stacktrace = []\n                try:\n                    for frame in st_value:\n                        line = frame.get(\"lineNumber\", \"\")\n                        file = frame.get(\"fileName\", \"<anonymous>\")\n                        if line:\n                            file = f\"{file}:{line}\"\n                        meth = frame.get(\"methodName\", \"<anonymous>\")\n                        if \"className\" in frame:\n                            meth = f\"{frame['className']}.{meth}\"\n                        msg = \"    at %s (%s)\"\n                        msg = msg % (meth, file)\n                        stacktrace.append(msg)\n                except TypeError:\n                    pass\n        if exception_class == UnexpectedAlertPresentException:\n            alert_text = None\n            if \"data\" in value:\n                alert_text = value[\"data\"].get(\"text\")\n            elif \"alert\" in value:\n                alert_text = value[\"alert\"].get(\"text\")\n            raise exception_class(message, screen, stacktrace, alert_text)  # type: ignore[call-arg]  # mypy is not smart enough here\n>       raise exception_class(message, screen, stacktrace)\nE       selenium.common.exceptions.NoSuchElementException: Message: no such element: Unable to locate element: {\"method\":\"xpath\",\"selector\":\"(//a[@class='add-to-cart yellow-btn'])[1]\"}\nE         (Session info: headless chrome=116.0.5845.96); For documentation on this error, please visit: https://www.selenium.dev/documentation/webdriver/troubleshooting/errors#no-such-element-exception\nE       Stacktrace:\nE       #0 0x563c8fe02e23 <unknown>\nE       #1 0x563c8fb2b7a7 <unknown>\nE       #2 0x563c8fb6a1d3 <unknown>\nE       #3 0x563c8fb6a2c1 <unknown>\nE       #4 0x563c8fba5a04 <unknown>\nE       #5 0x563c8fb8b03d <unknown>\nE       #6 0x563c8fba3369 <unknown>\nE       #7 0x563c8fb8ade3 <unknown>\nE       #8 0x563c8fb5ea7b <unknown>\nE       #9 0x563c8fb5f81e <unknown>\nE       #10 0x563c8fdc4638 <unknown>\nE       #11 0x563c8fdc8507 <unknown>\nE       #12 0x563c8fdd2c4c <unknown>\nE       #13 0x563c8fdc9136 <unknown>\nE       #14 0x563c8fd979cf <unknown>\nE       #15 0x563c8fdecb98 <unknown>\nE       #16 0x563c8fdecd68 <unknown>\nE       #17 0x563c8fdfbcb3 <unknown>\nE       #18 0x7febe4daa044 <unknown>\n\n/usr/local/lib/python3.11/site-packages/selenium/webdriver/remote/errorhandler.py:245: NoSuchElementException","flaky":false,"newFailed":false,"newBroken":false,"newPassed":false,"retriesCount":0,"retriesStatusChange":false,"beforeStages":[{"name":"_session_faker","time":{"start":1694047564582,"stop":1694047564674,"duration":92},"status":"passed","steps":[],"attachments":[],"parameters":[],"shouldDisplayMessage":false,"stepsCount":0,"attachmentsCount":0,"hasContent":false},{"name":"clear_allure_results_folder","time":{"start":1694047564674,"stop":1694047564675,"duration":1},"status":"passed","steps":[],"attachments":[],"parameters":[],"shouldDisplayMessage":false,"stepsCount":0,"attachmentsCount":0,"hasContent":false},{"name":"driver","time":{"start":1694048091773,"stop":1694048092566,"duration":793},"status":"passed","steps":[],"attachments":[],"parameters":[],"shouldDisplayMessage":false,"stepsCount":0,"attachmentsCount":0,"hasContent":false},{"name":"setup","time":{"start":1694048092567,"stop":1694048092567,"duration":0},"status":"passed","steps":[],"attachments":[],"parameters":[],"shouldDisplayMessage":false,"stepsCount":0,"attachmentsCount":0,"hasContent":false}],"testStage":{"status":"broken","statusMessage":"selenium.common.exceptions.NoSuchElementException: Message: no such element: Unable to locate element: {\"method\":\"xpath\",\"selector\":\"(//a[@class='add-to-cart yellow-btn'])[1]\"}\n  (Session info: headless chrome=116.0.5845.96); For documentation on this error, please visit: https://www.selenium.dev/documentation/webdriver/troubleshooting/errors#no-such-element-exception\nStacktrace:\n#0 0x563c8fe02e23 <unknown>\n#1 0x563c8fb2b7a7 <unknown>\n#2 0x563c8fb6a1d3 <unknown>\n#3 0x563c8fb6a2c1 <unknown>\n#4 0x563c8fba5a04 <unknown>\n#5 0x563c8fb8b03d <unknown>\n#6 0x563c8fba3369 <unknown>\n#7 0x563c8fb8ade3 <unknown>\n#8 0x563c8fb5ea7b <unknown>\n#9 0x563c8fb5f81e <unknown>\n#10 0x563c8fdc4638 <unknown>\n#11 0x563c8fdc8507 <unknown>\n#12 0x563c8fdd2c4c <unknown>\n#13 0x563c8fdc9136 <unknown>\n#14 0x563c8fd979cf <unknown>\n#15 0x563c8fdecb98 <unknown>\n#16 0x563c8fdecd68 <unknown>\n#17 0x563c8fdfbcb3 <unknown>\n#18 0x7febe4daa044 <unknown>","statusTrace":"self = <tests.delivery.test_delivery_calculation.TestDeliveryPageCalculation object at 0x7ff255d21210>\ndriver = <selenium.webdriver.chrome.webdriver.WebDriver (session=\"b1b03d155e42abdff0284d252f473e2d\")>\nurl = 'https://sandboxtest.stroyrem-nn.ru/', case_id = 'TD 020'\nlink_item = 'products/shtukaturka-gipsovaya-aksolit-m50-30-kg-mashinnogo-naneseniya'\namount = 66, weight = 2000, standard = 1500, in_time = 2990, all_time = 3650\n\n    @pytest.mark.parametrize('case_id, link_item, amount, weight, standard, in_time, all_time', [\n        (\"TD 015\", bundeks_25, 1, 30, 650, 2390, 3320),\n        pytest.param(\n            \"TD 016\", aksolit_30, 8, 300, 650, 2390, 3320,\n            marks=pytest.mark.xfail(reson=\"Цена доставки: - - -\")\n        ),\n        (\"TD 017\", aksolit_30, 13, 400, 650, 2390, 3320),\n        (\"TD 018\", aksolit_30, 16, 500, 850, 2490, 3320),\n        (\"TD 019\", aksolit_30, 25, 1700, 1150, 2490, 3320),\n        (\"TD 020\", aksolit_30, 66, 2000, 1500, 2990, 3650),\n        (\"TD 021\", aksolit_30, 149, 4500, 2600, 4380, 4890),\n        (\"TD 022\", aksolit_30, 166, 5000, 2800, 5490, 5980),\n        pytest.param(\n            \"TD 023\", aksolit_30, 206, 6200, 3300, 7500, 8000,\n            marks=pytest.mark.xfail(reson=\"Цена доставки: 4300 9900 11440\")\n        ),\n        (\"TD 024\", aksolit_30, 299, 9000, 4300, 9900, 11440),\n        (\"TD 025\", aksolit_30, 333, 10000, 7000, 13900, 15900),\n        pytest.param(\n            \"TD 026\", aksolit_30, 366, 11000, 8000, 14900, 19900,\n            marks=pytest.mark.xfail(reson=\"Цена доставки: 7000 13900 15900\")\n        ),\n        pytest.param(\n            \"TD 027\", aksolit_30, 666, 20000, 14000, 16900, 23900,\n            marks=pytest.mark.xfail(reson=\"Цена доставки: 7000 13900 15900\")\n        )\n    ])\n    @pytest.mark.smoke\n    def test_positive_delivery_blue_zone_smoke(\n            self, driver, url, case_id, link_item, amount, weight, standard, in_time, all_time\n    ):\n        allure.dynamic.title(f\"{case_id} Доставка товара весом до {weight}кг. в синей зоне\")\n    \n        driver.get(f'{url}{link_item}')\n        item_page = ItemPage(driver)\n>       item_page.add_item_to_cart(amount).click_on_cart()\n\ntests/delivery/test_delivery_calculation.py:130: \n_ _ _ _ _ _ _ _ _ _ _ _ _ _ _ _ _ _ _ _ _ _ _ _ _ _ _ _ _ _ _ _ _ _ _ _ _ _ _ _ \npages/item_page.py:40: in add_item_to_cart\n    self.find_element(self._add_item).click()\nbase/seleniumbase.py:17: in find_element\n    return self.driver.find_element(*locator)\n/usr/local/lib/python3.11/site-packages/selenium/webdriver/remote/webdriver.py:740: in find_element\n    return self.execute(Command.FIND_ELEMENT, {\"using\": by, \"value\": value})[\"value\"]\n/usr/local/lib/python3.11/site-packages/selenium/webdriver/remote/webdriver.py:346: in execute\n    self.error_handler.check_response(response)\n_ _ _ _ _ _ _ _ _ _ _ _ _ _ _ _ _ _ _ _ _ _ _ _ _ _ _ _ _ _ _ _ _ _ _ _ _ _ _ _ \n\nself = <selenium.webdriver.remote.errorhandler.ErrorHandler object at 0x7ff2555c41d0>\nresponse = {'status': 404, 'value': '{\"value\":{\"error\":\"no such element\",\"message\":\"no such element: Unable to locate element: {\\...\\\\n#16 0x563c8fdecd68 \\\\u003Cunknown>\\\\n#17 0x563c8fdfbcb3 \\\\u003Cunknown>\\\\n#18 0x7febe4daa044 \\\\u003Cunknown>\\\\n\"}}'}\n\n    def check_response(self, response: Dict[str, Any]) -> None:\n        \"\"\"Checks that a JSON response from the WebDriver does not have an\n        error.\n    \n        :Args:\n         - response - The JSON response from the WebDriver server as a dictionary\n           object.\n    \n        :Raises: If the response contains an error message.\n        \"\"\"\n        status = response.get(\"status\", None)\n        if not status or status == ErrorCode.SUCCESS:\n            return\n        value = None\n        message = response.get(\"message\", \"\")\n        screen: str = response.get(\"screen\", \"\")\n        stacktrace = None\n        if isinstance(status, int):\n            value_json = response.get(\"value\", None)\n            if value_json and isinstance(value_json, str):\n                import json\n    \n                try:\n                    value = json.loads(value_json)\n                    if len(value) == 1:\n                        value = value[\"value\"]\n                    status = value.get(\"error\", None)\n                    if not status:\n                        status = value.get(\"status\", ErrorCode.UNKNOWN_ERROR)\n                        message = value.get(\"value\") or value.get(\"message\")\n                        if not isinstance(message, str):\n                            value = message\n                            message = message.get(\"message\")\n                    else:\n                        message = value.get(\"message\", None)\n                except ValueError:\n                    pass\n    \n        exception_class: Type[WebDriverException]\n        if status in ErrorCode.NO_SUCH_ELEMENT:\n            exception_class = NoSuchElementException\n        elif status in ErrorCode.NO_SUCH_FRAME:\n            exception_class = NoSuchFrameException\n        elif status in ErrorCode.NO_SUCH_SHADOW_ROOT:\n            exception_class = NoSuchShadowRootException\n        elif status in ErrorCode.NO_SUCH_WINDOW:\n            exception_class = NoSuchWindowException\n        elif status in ErrorCode.STALE_ELEMENT_REFERENCE:\n            exception_class = StaleElementReferenceException\n        elif status in ErrorCode.ELEMENT_NOT_VISIBLE:\n            exception_class = ElementNotVisibleException\n        elif status in ErrorCode.INVALID_ELEMENT_STATE:\n            exception_class = InvalidElementStateException\n        elif (\n            status in ErrorCode.INVALID_SELECTOR\n            or status in ErrorCode.INVALID_XPATH_SELECTOR\n            or status in ErrorCode.INVALID_XPATH_SELECTOR_RETURN_TYPER\n        ):\n            exception_class = InvalidSelectorException\n        elif status in ErrorCode.ELEMENT_IS_NOT_SELECTABLE:\n            exception_class = ElementNotSelectableException\n        elif status in ErrorCode.ELEMENT_NOT_INTERACTABLE:\n            exception_class = ElementNotInteractableException\n        elif status in ErrorCode.INVALID_COOKIE_DOMAIN:\n            exception_class = InvalidCookieDomainException\n        elif status in ErrorCode.UNABLE_TO_SET_COOKIE:\n            exception_class = UnableToSetCookieException\n        elif status in ErrorCode.TIMEOUT:\n            exception_class = TimeoutException\n        elif status in ErrorCode.SCRIPT_TIMEOUT:\n            exception_class = TimeoutException\n        elif status in ErrorCode.UNKNOWN_ERROR:\n            exception_class = WebDriverException\n        elif status in ErrorCode.UNEXPECTED_ALERT_OPEN:\n            exception_class = UnexpectedAlertPresentException\n        elif status in ErrorCode.NO_ALERT_OPEN:\n            exception_class = NoAlertPresentException\n        elif status in ErrorCode.IME_NOT_AVAILABLE:\n            exception_class = ImeNotAvailableException\n        elif status in ErrorCode.IME_ENGINE_ACTIVATION_FAILED:\n            exception_class = ImeActivationFailedException\n        elif status in ErrorCode.MOVE_TARGET_OUT_OF_BOUNDS:\n            exception_class = MoveTargetOutOfBoundsException\n        elif status in ErrorCode.JAVASCRIPT_ERROR:\n            exception_class = JavascriptException\n        elif status in ErrorCode.SESSION_NOT_CREATED:\n            exception_class = SessionNotCreatedException\n        elif status in ErrorCode.INVALID_ARGUMENT:\n            exception_class = InvalidArgumentException\n        elif status in ErrorCode.NO_SUCH_COOKIE:\n            exception_class = NoSuchCookieException\n        elif status in ErrorCode.UNABLE_TO_CAPTURE_SCREEN:\n            exception_class = ScreenshotException\n        elif status in ErrorCode.ELEMENT_CLICK_INTERCEPTED:\n            exception_class = ElementClickInterceptedException\n        elif status in ErrorCode.INSECURE_CERTIFICATE:\n            exception_class = InsecureCertificateException\n        elif status in ErrorCode.INVALID_COORDINATES:\n            exception_class = InvalidCoordinatesException\n        elif status in ErrorCode.INVALID_SESSION_ID:\n            exception_class = InvalidSessionIdException\n        elif status in ErrorCode.UNKNOWN_METHOD:\n            exception_class = UnknownMethodException\n        else:\n            exception_class = WebDriverException\n        if not value:\n            value = response[\"value\"]\n        if isinstance(value, str):\n            raise exception_class(value)\n        if message == \"\" and \"message\" in value:\n            message = value[\"message\"]\n    \n        screen = None  # type: ignore[assignment]\n        if \"screen\" in value:\n            screen = value[\"screen\"]\n    \n        stacktrace = None\n        st_value = value.get(\"stackTrace\") or value.get(\"stacktrace\")\n        if st_value:\n            if isinstance(st_value, str):\n                stacktrace = st_value.split(\"\\n\")\n            else:\n                stacktrace = []\n                try:\n                    for frame in st_value:\n                        line = frame.get(\"lineNumber\", \"\")\n                        file = frame.get(\"fileName\", \"<anonymous>\")\n                        if line:\n                            file = f\"{file}:{line}\"\n                        meth = frame.get(\"methodName\", \"<anonymous>\")\n                        if \"className\" in frame:\n                            meth = f\"{frame['className']}.{meth}\"\n                        msg = \"    at %s (%s)\"\n                        msg = msg % (meth, file)\n                        stacktrace.append(msg)\n                except TypeError:\n                    pass\n        if exception_class == UnexpectedAlertPresentException:\n            alert_text = None\n            if \"data\" in value:\n                alert_text = value[\"data\"].get(\"text\")\n            elif \"alert\" in value:\n                alert_text = value[\"alert\"].get(\"text\")\n            raise exception_class(message, screen, stacktrace, alert_text)  # type: ignore[call-arg]  # mypy is not smart enough here\n>       raise exception_class(message, screen, stacktrace)\nE       selenium.common.exceptions.NoSuchElementException: Message: no such element: Unable to locate element: {\"method\":\"xpath\",\"selector\":\"(//a[@class='add-to-cart yellow-btn'])[1]\"}\nE         (Session info: headless chrome=116.0.5845.96); For documentation on this error, please visit: https://www.selenium.dev/documentation/webdriver/troubleshooting/errors#no-such-element-exception\nE       Stacktrace:\nE       #0 0x563c8fe02e23 <unknown>\nE       #1 0x563c8fb2b7a7 <unknown>\nE       #2 0x563c8fb6a1d3 <unknown>\nE       #3 0x563c8fb6a2c1 <unknown>\nE       #4 0x563c8fba5a04 <unknown>\nE       #5 0x563c8fb8b03d <unknown>\nE       #6 0x563c8fba3369 <unknown>\nE       #7 0x563c8fb8ade3 <unknown>\nE       #8 0x563c8fb5ea7b <unknown>\nE       #9 0x563c8fb5f81e <unknown>\nE       #10 0x563c8fdc4638 <unknown>\nE       #11 0x563c8fdc8507 <unknown>\nE       #12 0x563c8fdd2c4c <unknown>\nE       #13 0x563c8fdc9136 <unknown>\nE       #14 0x563c8fd979cf <unknown>\nE       #15 0x563c8fdecb98 <unknown>\nE       #16 0x563c8fdecd68 <unknown>\nE       #17 0x563c8fdfbcb3 <unknown>\nE       #18 0x7febe4daa044 <unknown>\n\n/usr/local/lib/python3.11/site-packages/selenium/webdriver/remote/errorhandler.py:245: NoSuchElementException","steps":[{"name":"Добавляем товар в корзину в количестве 66","time":{"start":1694048092989,"stop":1694048093005,"duration":16},"status":"broken","statusMessage":"selenium.common.exceptions.NoSuchElementException: Message: no such element: Unable to locate element: {\"method\":\"xpath\",\"selector\":\"(//a[@class='add-to-cart yellow-btn'])[1]\"}\n  (Session info: headless chrome=116.0.5845.96); For documentation on this error, please visit: https://www.selenium.dev/documentation/webdriver/troubleshooting/errors#no-such-element-exception\nStacktrace:\n#0 0x563c8fe02e23 <unknown>\n#1 0x563c8fb2b7a7 <unknown>\n#2 0x563c8fb6a1d3 <unknown>\n#3 0x563c8fb6a2c1 <unknown>\n#4 0x563c8fba5a04 <unknown>\n#5 0x563c8fb8b03d <unknown>\n#6 0x563c8fba3369 <unknown>\n#7 0x563c8fb8ade3 <unknown>\n#8 0x563c8fb5ea7b <unknown>\n#9 0x563c8fb5f81e <unknown>\n#10 0x563c8fdc4638 <unknown>\n#11 0x563c8fdc8507 <unknown>\n#12 0x563c8fdd2c4c <unknown>\n#13 0x563c8fdc9136 <unknown>\n#14 0x563c8fd979cf <unknown>\n#15 0x563c8fdecb98 <unknown>\n#16 0x563c8fdecd68 <unknown>\n#17 0x563c8fdfbcb3 <unknown>\n#18 0x7febe4daa044 <unknown>\n\n","statusTrace":"  File \"/usr/local/lib/python3.11/site-packages/allure_commons/_allure.py\", line 192, in impl\n    return func(*a, **kw)\n           ^^^^^^^^^^^^^^\n  File \"/app/pages/item_page.py\", line 40, in add_item_to_cart\n    self.find_element(self._add_item).click()\n    ^^^^^^^^^^^^^^^^^^^^^^^^^^^^^^^^^\n  File \"/app/base/seleniumbase.py\", line 17, in find_element\n    return self.driver.find_element(*locator)\n           ^^^^^^^^^^^^^^^^^^^^^^^^^^^^^^^^^^\n  File \"/usr/local/lib/python3.11/site-packages/selenium/webdriver/remote/webdriver.py\", line 740, in find_element\n    return self.execute(Command.FIND_ELEMENT, {\"using\": by, \"value\": value})[\"value\"]\n           ^^^^^^^^^^^^^^^^^^^^^^^^^^^^^^^^^^^^^^^^^^^^^^^^^^^^^^^^^^^^^^^^^\n  File \"/usr/local/lib/python3.11/site-packages/selenium/webdriver/remote/webdriver.py\", line 346, in execute\n    self.error_handler.check_response(response)\n  File \"/usr/local/lib/python3.11/site-packages/selenium/webdriver/remote/errorhandler.py\", line 245, in check_response\n    raise exception_class(message, screen, stacktrace)\n","steps":[],"attachments":[],"parameters":[{"name":"amount","value":"66"}],"shouldDisplayMessage":true,"stepsCount":0,"attachmentsCount":0,"hasContent":true}],"attachments":[{"uid":"1b699673c4eb5b03","name":"Screenshot","source":"1b699673c4eb5b03.png","type":"image/png","size":39917},{"uid":"8cdfbbc9148c3c2c","name":"HTML source","source":"8cdfbbc9148c3c2c.html","type":"text/html","size":544}],"parameters":[],"shouldDisplayMessage":true,"stepsCount":1,"attachmentsCount":2,"hasContent":true},"afterStages":[{"name":"setup::0","time":{"start":1694048093169,"stop":1694048093169,"duration":0},"status":"passed","steps":[],"attachments":[],"parameters":[],"shouldDisplayMessage":false,"stepsCount":0,"attachmentsCount":0,"hasContent":false},{"name":"driver::0","time":{"start":1694048093170,"stop":1694048093227,"duration":57},"status":"passed","steps":[],"attachments":[],"parameters":[],"shouldDisplayMessage":false,"stepsCount":0,"attachmentsCount":0,"hasContent":false}],"labels":[{"name":"epic","value":"Delivery Page - calculation"},{"name":"tag","value":"smoke"},{"name":"parentSuite","value":"tests.delivery"},{"name":"suite","value":"test_delivery_calculation"},{"name":"subSuite","value":"TestDeliveryPageCalculation"},{"name":"host","value":"3048aa0c53ab"},{"name":"thread","value":"1-MainThread"},{"name":"framework","value":"pytest"},{"name":"language","value":"cpython3"},{"name":"package","value":"tests.delivery.test_delivery_calculation"},{"name":"resultFormat","value":"allure2"}],"parameters":[{"name":"all_time","value":"3650"},{"name":"amount","value":"66"},{"name":"case_id","value":"'TD 020'"},{"name":"in_time","value":"2990"},{"name":"link_item","value":"'products/shtukaturka-gipsovaya-aksolit-m50-30-kg-mashinnogo-naneseniya'"},{"name":"standard","value":"1500"},{"name":"url","value":"'https://sandboxtest.stroyrem-nn.ru/'"},{"name":"weight","value":"2000"}],"links":[],"hidden":false,"retry":false,"extra":{"severity":"normal","retries":[],"categories":[{"name":"Test defects","matchedStatuses":[],"flaky":false}],"history":{"statistic":{"failed":0,"broken":10,"skipped":0,"passed":0,"unknown":0,"total":10},"items":[{"uid":"d049e731d59e71b2","reportUrl":"https://Nat754.github.io/StroyremAutomation/50//#testresult/d049e731d59e71b2","status":"broken","statusDetails":"selenium.common.exceptions.ElementNotInteractableException: Message: element not interactable\n  (Session info: headless chrome=116.0.5845.96)\nStacktrace:\n#0 0x56307ae9ae23 <unknown>\n#1 0x56307abc35f6 <unknown>\n#2 0x56307abf9c5d <unknown>\n#3 0x56307ac23012 <unknown>\n#4 0x56307abf7fb6 <unknown>\n#5 0x56307ac231de <unknown>\n#6 0x56307ac3b369 <unknown>\n#7 0x56307ac22de3 <unknown>\n#8 0x56307abf6a7b <unknown>\n#9 0x56307abf781e <unknown>\n#10 0x56307ae5c638 <unknown>\n#11 0x56307ae60507 <unknown>\n#12 0x56307ae6ac4c <unknown>\n#13 0x56307ae61136 <unknown>\n#14 0x56307ae2f9cf <unknown>\n#15 0x56307ae84b98 <unknown>\n#16 0x56307ae84d68 <unknown>\n#17 0x56307ae93cb3 <unknown>\n#18 0x7f75c43a1044 <unknown>","time":{"start":1693962015529,"stop":1693962021602,"duration":6073}},{"uid":"90fa89f26e1add98","reportUrl":"https://Nat754.github.io/StroyremAutomation/49//#testresult/90fa89f26e1add98","status":"broken","statusDetails":"selenium.common.exceptions.NoSuchElementException: Message: no such element: Unable to locate element: {\"method\":\"xpath\",\"selector\":\"(//a[@class='add-to-cart yellow-btn'])[1]\"}\n  (Session info: headless chrome=116.0.5845.96); For documentation on this error, please visit: https://www.selenium.dev/documentation/webdriver/troubleshooting/errors#no-such-element-exception\nStacktrace:\n#0 0x5578189a0e23 <unknown>\n#1 0x5578186c97a7 <unknown>\n#2 0x5578187081d3 <unknown>\n#3 0x5578187082c1 <unknown>\n#4 0x557818743a04 <unknown>\n#5 0x55781872903d <unknown>\n#6 0x557818741369 <unknown>\n#7 0x557818728de3 <unknown>\n#8 0x5578186fca7b <unknown>\n#9 0x5578186fd81e <unknown>\n#10 0x557818962638 <unknown>\n#11 0x557818966507 <unknown>\n#12 0x557818970c4c <unknown>\n#13 0x557818967136 <unknown>\n#14 0x5578189359cf <unknown>\n#15 0x55781898ab98 <unknown>\n#16 0x55781898ad68 <unknown>\n#17 0x557818999cb3 <unknown>\n#18 0x7f12bed96044 <unknown>","time":{"start":1693875259274,"stop":1693875259851,"duration":577}},{"uid":"df282214906919d","reportUrl":"https://Nat754.github.io/StroyremAutomation/48//#testresult/df282214906919d","status":"broken","statusDetails":"selenium.common.exceptions.ElementNotInteractableException: Message: element not interactable\n  (Session info: headless chrome=116.0.5845.96)\nStacktrace:\n#0 0x560eba2fae23 <unknown>\n#1 0x560eba0235f6 <unknown>\n#2 0x560eba059c5d <unknown>\n#3 0x560eba083012 <unknown>\n#4 0x560eba057fb6 <unknown>\n#5 0x560eba0831de <unknown>\n#6 0x560eba09b369 <unknown>\n#7 0x560eba082de3 <unknown>\n#8 0x560eba056a7b <unknown>\n#9 0x560eba05781e <unknown>\n#10 0x560eba2bc638 <unknown>\n#11 0x560eba2c0507 <unknown>\n#12 0x560eba2cac4c <unknown>\n#13 0x560eba2c1136 <unknown>\n#14 0x560eba28f9cf <unknown>\n#15 0x560eba2e4b98 <unknown>\n#16 0x560eba2e4d68 <unknown>\n#17 0x560eba2f3cb3 <unknown>\n#18 0x7f660c46c044 <unknown>","time":{"start":1693789205374,"stop":1693789211387,"duration":6013}},{"uid":"b9fadde1b19cf2bc","reportUrl":"https://Nat754.github.io/StroyremAutomation/3//#testresult/b9fadde1b19cf2bc","status":"broken","statusDetails":"selenium.common.exceptions.ElementNotInteractableException: Message: element not interactable\n  (Session info: headless chrome=116.0.5845.96)\nStacktrace:\n#0 0x55fb195eee23 <unknown>\n#1 0x55fb193175f6 <unknown>\n#2 0x55fb1934dc5d <unknown>\n#3 0x55fb19377012 <unknown>\n#4 0x55fb1934bfb6 <unknown>\n#5 0x55fb193771de <unknown>\n#6 0x55fb1938f369 <unknown>\n#7 0x55fb19376de3 <unknown>\n#8 0x55fb1934aa7b <unknown>\n#9 0x55fb1934b81e <unknown>\n#10 0x55fb195b0638 <unknown>\n#11 0x55fb195b4507 <unknown>\n#12 0x55fb195bec4c <unknown>\n#13 0x55fb195b5136 <unknown>\n#14 0x55fb195839cf <unknown>\n#15 0x55fb195d8b98 <unknown>\n#16 0x55fb195d8d68 <unknown>\n#17 0x55fb195e7cb3 <unknown>\n#18 0x7f38960ce044 <unknown>","time":{"start":1693730212107,"stop":1693730216520,"duration":4413}},{"uid":"a391286a29722621","reportUrl":"https://Nat754.github.io/StroyremAutomation/47//#testresult/a391286a29722621","status":"broken","statusDetails":"selenium.common.exceptions.ElementNotInteractableException: Message: element not interactable\n  (Session info: headless chrome=116.0.5845.96)\nStacktrace:\n#0 0x561b84860e23 <unknown>\n#1 0x561b845895f6 <unknown>\n#2 0x561b845bfc5d <unknown>\n#3 0x561b845e9012 <unknown>\n#4 0x561b845bdfb6 <unknown>\n#5 0x561b845e91de <unknown>\n#6 0x561b84601369 <unknown>\n#7 0x561b845e8de3 <unknown>\n#8 0x561b845bca7b <unknown>\n#9 0x561b845bd81e <unknown>\n#10 0x561b84822638 <unknown>\n#11 0x561b84826507 <unknown>\n#12 0x561b84830c4c <unknown>\n#13 0x561b84827136 <unknown>\n#14 0x561b847f59cf <unknown>\n#15 0x561b8484ab98 <unknown>\n#16 0x561b8484ad68 <unknown>\n#17 0x561b84859cb3 <unknown>\n#18 0x7fb52815f044 <unknown>","time":{"start":1693730703127,"stop":1693730708793,"duration":5666}},{"uid":"c53a37c8b9991d88","reportUrl":"https://Nat754.github.io/StroyremAutomation/47//#testresult/c53a37c8b9991d88","status":"broken","statusDetails":"selenium.common.exceptions.ElementNotInteractableException: Message: element not interactable\n  (Session info: headless chrome=116.0.5845.96)\nStacktrace:\n#0 0x560f3b7e0e23 <unknown>\n#1 0x560f3b5095f6 <unknown>\n#2 0x560f3b53fc5d <unknown>\n#3 0x560f3b569012 <unknown>\n#4 0x560f3b53dfb6 <unknown>\n#5 0x560f3b5691de <unknown>\n#6 0x560f3b581369 <unknown>\n#7 0x560f3b568de3 <unknown>\n#8 0x560f3b53ca7b <unknown>\n#9 0x560f3b53d81e <unknown>\n#10 0x560f3b7a2638 <unknown>\n#11 0x560f3b7a6507 <unknown>\n#12 0x560f3b7b0c4c <unknown>\n#13 0x560f3b7a7136 <unknown>\n#14 0x560f3b7759cf <unknown>\n#15 0x560f3b7cab98 <unknown>\n#16 0x560f3b7cad68 <unknown>\n#17 0x560f3b7d9cb3 <unknown>\n#18 0x7fb3af607044 <unknown>","time":{"start":1693703010759,"stop":1693703017268,"duration":6509}},{"uid":"3ee6695562f1e0d9","reportUrl":"https://Nat754.github.io/StroyremAutomation/46//#testresult/3ee6695562f1e0d9","status":"broken","statusDetails":"selenium.common.exceptions.WebDriverException: Message: unknown error: net::ERR_CONNECTION_REFUSED\n  (Session info: headless chrome=116.0.5845.96)\nStacktrace:\n#0 0x55640fa68e23 <unknown>\n#1 0x55640f7917a7 <unknown>\n#2 0x55640f789829 <unknown>\n#3 0x55640f7792c2 <unknown>\n#4 0x55640f77a9fb <unknown>\n#5 0x55640f77969d <unknown>\n#6 0x55640f77865c <unknown>\n#7 0x55640f7785ce <unknown>\n#8 0x55640f77728a <unknown>\n#9 0x55640f7776da <unknown>\n#10 0x55640f793630 <unknown>\n#11 0x55640f809b15 <unknown>\n#12 0x55640f7f1012 <unknown>\n#13 0x55640f809369 <unknown>\n#14 0x55640f7f0de3 <unknown>\n#15 0x55640f7c4a7b <unknown>\n#16 0x55640f7c581e <unknown>\n#17 0x55640fa2a638 <unknown>\n#18 0x55640fa2e507 <unknown>\n#19 0x55640fa38c4c <unknown>\n#20 0x55640fa2f136 <unknown>\n#21 0x55640f9fd9cf <unknown>\n#22 0x55640fa52b98 <unknown>\n#23 0x55640fa52d68 <unknown>\n#24 0x55640fa61cb3 <unknown>\n#25 0x7ff4ac4d1044 <unknown>","time":{"start":1693616213061,"stop":1693616213306,"duration":245}},{"uid":"72b69d4df87abf53","reportUrl":"https://Nat754.github.io/StroyremAutomation/45//#testresult/72b69d4df87abf53","status":"broken","statusDetails":"selenium.common.exceptions.WebDriverException: Message: unknown error: net::ERR_CONNECTION_REFUSED\n  (Session info: headless chrome=116.0.5845.96)\nStacktrace:\n#0 0x55f28d600e23 <unknown>\n#1 0x55f28d3297a7 <unknown>\n#2 0x55f28d321829 <unknown>\n#3 0x55f28d3112c2 <unknown>\n#4 0x55f28d3129fb <unknown>\n#5 0x55f28d31169d <unknown>\n#6 0x55f28d31065c <unknown>\n#7 0x55f28d3105ce <unknown>\n#8 0x55f28d30f28a <unknown>\n#9 0x55f28d30f6da <unknown>\n#10 0x55f28d32b630 <unknown>\n#11 0x55f28d3a1b15 <unknown>\n#12 0x55f28d389012 <unknown>\n#13 0x55f28d3a1369 <unknown>\n#14 0x55f28d388de3 <unknown>\n#15 0x55f28d35ca7b <unknown>\n#16 0x55f28d35d81e <unknown>\n#17 0x55f28d5c2638 <unknown>\n#18 0x55f28d5c6507 <unknown>\n#19 0x55f28d5d0c4c <unknown>\n#20 0x55f28d5c7136 <unknown>\n#21 0x55f28d5959cf <unknown>\n#22 0x55f28d5eab98 <unknown>\n#23 0x55f28d5ead68 <unknown>\n#24 0x55f28d5f9cb3 <unknown>\n#25 0x7fe5062f7044 <unknown>","time":{"start":1693530137096,"stop":1693530137342,"duration":246}},{"uid":"4a267fa2ecd5b544","reportUrl":"https://Nat754.github.io/StroyremAutomation/2//#testresult/4a267fa2ecd5b544","status":"broken","statusDetails":"selenium.common.exceptions.NoSuchElementException: Message: no such element: Unable to locate element: {\"method\":\"xpath\",\"selector\":\"(//a[@class='add-to-cart yellow-btn'])[1]\"}\n  (Session info: headless chrome=116.0.5845.96); For documentation on this error, please visit: https://www.selenium.dev/documentation/webdriver/troubleshooting/errors#no-such-element-exception\nStacktrace:\n#0 0x5609581afe23 <unknown>\n#1 0x560957ed87a7 <unknown>\n#2 0x560957f171d3 <unknown>\n#3 0x560957f172c1 <unknown>\n#4 0x560957f52a04 <unknown>\n#5 0x560957f3803d <unknown>\n#6 0x560957f50369 <unknown>\n#7 0x560957f37de3 <unknown>\n#8 0x560957f0ba7b <unknown>\n#9 0x560957f0c81e <unknown>\n#10 0x560958171638 <unknown>\n#11 0x560958175507 <unknown>\n#12 0x56095817fc4c <unknown>\n#13 0x560958176136 <unknown>\n#14 0x5609581449cf <unknown>\n#15 0x560958199b98 <unknown>\n#16 0x560958199d68 <unknown>\n#17 0x5609581a8cb3 <unknown>\n#18 0x7ff452a37044 <unknown>","time":{"start":1693476186332,"stop":1693476186954,"duration":622}}]},"tags":["smoke"]},"source":"41ed50e0bcb9a55.json","parameterValues":["3650","66","'TD 020'","2990","'products/shtukaturka-gipsovaya-aksolit-m50-30-kg-mashinnogo-naneseniya'","1500","'https://sandboxtest.stroyrem-nn.ru/'","2000"]}