{"uid":"1ee9c5e6cf41589f","name":"TD 017 Доставка товара весом до 400кг. в синей зоне","fullName":"tests.delivery.test_delivery_calculation.TestDeliveryPageCalculation#test_positive_delivery_blue_zone_smoke","historyId":"81af0bc3e563f7b2736d18e07047a083","time":{"start":1704156803540,"stop":1704156803842,"duration":302},"status":"skipped","statusMessage":"XFAIL\n\nselenium.common.exceptions.NoSuchElementException: Message: no such element: Unable to locate element: {\"method\":\"xpath\",\"selector\":\"(//a[@class='add-to-cart yellow-btn'])[1]\"}\n  (Session info: chrome-headless-shell=120.0.6099.109); For documentation on this error, please visit: https://www.selenium.dev/documentation/webdriver/troubleshooting/errors#no-such-element-exception\nStacktrace:\n#0 0x55a1c17d5f83 <unknown>\n#1 0x55a1c148ecf7 <unknown>\n#2 0x55a1c14de99e <unknown>\n#3 0x55a1c14deaa1 <unknown>\n#4 0x55a1c1529d64 <unknown>\n#5 0x55a1c15080dd <unknown>\n#6 0x55a1c1527006 <unknown>\n#7 0x55a1c1507e53 <unknown>\n#8 0x55a1c14cfdd4 <unknown>\n#9 0x55a1c14d11de <unknown>\n#10 0x55a1c179a531 <unknown>\n#11 0x55a1c179e455 <unknown>\n#12 0x55a1c1786f55 <unknown>\n#13 0x55a1c179f0ef <unknown>\n#14 0x55a1c176a99f <unknown>\n#15 0x55a1c17c3008 <unknown>\n#16 0x55a1c17c31d7 <unknown>\n#17 0x55a1c17d5124 <unknown>\n#18 0x7f4d2e495044 <unknown>","statusTrace":"self = <tests.delivery.test_delivery_calculation.TestDeliveryPageCalculation object at 0x7fe7d3eb0510>\ndriver = <selenium.webdriver.chrome.webdriver.WebDriver (session=\"4cca5094712d3c777715ded6d898a3d1\")>\nurl = 'https://sandboxtest.stroyrem-nn.ru/', case_id = 'TD 017'\nlink_item = 'products/shtukaturka-gipsovaya-aksolit-m50-30-kg-mashinnogo-naneseniya'\namount = 13, weight = 400, standard = 650, in_time = 2390, all_time = 3320\n\n    @pytest.mark.parametrize('case_id, link_item, amount, weight, standard, in_time, all_time', [\n        (\"TD 015\", bundeks_25, 1, 30, 650, 2390, 3320),\n        pytest.param(\n            \"TD 016\", aksolit_30, 8, 300, 650, 2390, 3320,\n            marks=pytest.mark.xfail(reson=\"Цена доставки: - - -\")\n        ),\n        (\"TD 017\", aksolit_30, 13, 400, 650, 2390, 3320),\n        (\"TD 018\", aksolit_30, 16, 500, 850, 2490, 3320),\n        (\"TD 019\", aksolit_30, 25, 1700, 1150, 2490, 3320),\n        (\"TD 020\", aksolit_30, 66, 2000, 1500, 2990, 3650),\n        (\"TD 021\", aksolit_30, 149, 4500, 2600, 4380, 4890),\n        (\"TD 022\", aksolit_30, 166, 5000, 2800, 5490, 5980),\n        pytest.param(\n            \"TD 023\", aksolit_30, 206, 6200, 3300, 7500, 8000,\n            marks=pytest.mark.xfail(reson=\"Цена доставки: 4300 9900 11440\")\n        ),\n        (\"TD 024\", aksolit_30, 299, 9000, 4300, 9900, 11440),\n        (\"TD 025\", aksolit_30, 333, 10000, 7000, 13900, 15900),\n        pytest.param(\n            \"TD 026\", aksolit_30, 366, 11000, 8000, 14900, 19900,\n            marks=pytest.mark.xfail(reson=\"Цена доставки: 7000 13900 15900\")\n        ),\n        pytest.param(\n            \"TD 027\", aksolit_30, 666, 20000, 14000, 16900, 23900,\n            marks=pytest.mark.xfail(reson=\"Цена доставки: 7000 13900 15900\")\n        )\n    ])\n    @pytest.mark.xfail\n    @pytest.mark.smoke_test\n    def test_positive_delivery_blue_zone_smoke(\n            self, driver, url, case_id, link_item, amount, weight, standard, in_time, all_time\n    ):\n        allure.dynamic.title(f\"{case_id} Доставка товара весом до {weight}кг. в синей зоне\")\n    \n        driver.get(f'{url}{link_item}')\n        item_page = ItemPage(driver)\n>       item_page.add_item_to_cart(amount).click_on_cart()\n\ntests/delivery/test_delivery_calculation.py:132: \n_ _ _ _ _ _ _ _ _ _ _ _ _ _ _ _ _ _ _ _ _ _ _ _ _ _ _ _ _ _ _ _ _ _ _ _ _ _ _ _ \npages/item_page.py:40: in add_item_to_cart\n    self.find_element(self._add_item).click()\nbase/seleniumbase.py:17: in find_element\n    return self.driver.find_element(*locator)\n/usr/local/lib/python3.11/site-packages/selenium/webdriver/remote/webdriver.py:739: in find_element\n    return self.execute(Command.FIND_ELEMENT, {\"using\": by, \"value\": value})[\"value\"]\n/usr/local/lib/python3.11/site-packages/selenium/webdriver/remote/webdriver.py:345: in execute\n    self.error_handler.check_response(response)\n_ _ _ _ _ _ _ _ _ _ _ _ _ _ _ _ _ _ _ _ _ _ _ _ _ _ _ _ _ _ _ _ _ _ _ _ _ _ _ _ \n\nself = <selenium.webdriver.remote.errorhandler.ErrorHandler object at 0x7fe7d3e92810>\nresponse = {'status': 404, 'value': '{\"value\":{\"error\":\"no such element\",\"message\":\"no such element: Unable to locate element: {\\...\\\\n#16 0x55a1c17c31d7 \\\\u003Cunknown>\\\\n#17 0x55a1c17d5124 \\\\u003Cunknown>\\\\n#18 0x7f4d2e495044 \\\\u003Cunknown>\\\\n\"}}'}\n\n    def check_response(self, response: Dict[str, Any]) -> None:\n        \"\"\"Checks that a JSON response from the WebDriver does not have an\n        error.\n    \n        :Args:\n         - response - The JSON response from the WebDriver server as a dictionary\n           object.\n    \n        :Raises: If the response contains an error message.\n        \"\"\"\n        status = response.get(\"status\", None)\n        if not status or status == ErrorCode.SUCCESS:\n            return\n        value = None\n        message = response.get(\"message\", \"\")\n        screen: str = response.get(\"screen\", \"\")\n        stacktrace = None\n        if isinstance(status, int):\n            value_json = response.get(\"value\", None)\n            if value_json and isinstance(value_json, str):\n                import json\n    \n                try:\n                    value = json.loads(value_json)\n                    if len(value) == 1:\n                        value = value[\"value\"]\n                    status = value.get(\"error\", None)\n                    if not status:\n                        status = value.get(\"status\", ErrorCode.UNKNOWN_ERROR)\n                        message = value.get(\"value\") or value.get(\"message\")\n                        if not isinstance(message, str):\n                            value = message\n                            message = message.get(\"message\")\n                    else:\n                        message = value.get(\"message\", None)\n                except ValueError:\n                    pass\n    \n        exception_class: Type[WebDriverException]\n        e = ErrorCode()\n        error_codes = [item for item in dir(e) if not item.startswith(\"__\")]\n        for error_code in error_codes:\n            error_info = getattr(ErrorCode, error_code)\n            if isinstance(error_info, list) and status in error_info:\n                exception_class = getattr(ExceptionMapping, error_code, WebDriverException)\n                break\n        else:\n            exception_class = WebDriverException\n    \n        if not value:\n            value = response[\"value\"]\n        if isinstance(value, str):\n            raise exception_class(value)\n        if message == \"\" and \"message\" in value:\n            message = value[\"message\"]\n    \n        screen = None  # type: ignore[assignment]\n        if \"screen\" in value:\n            screen = value[\"screen\"]\n    \n        stacktrace = None\n        st_value = value.get(\"stackTrace\") or value.get(\"stacktrace\")\n        if st_value:\n            if isinstance(st_value, str):\n                stacktrace = st_value.split(\"\\n\")\n            else:\n                stacktrace = []\n                try:\n                    for frame in st_value:\n                        line = frame.get(\"lineNumber\", \"\")\n                        file = frame.get(\"fileName\", \"<anonymous>\")\n                        if line:\n                            file = f\"{file}:{line}\"\n                        meth = frame.get(\"methodName\", \"<anonymous>\")\n                        if \"className\" in frame:\n                            meth = f\"{frame['className']}.{meth}\"\n                        msg = \"    at %s (%s)\"\n                        msg = msg % (meth, file)\n                        stacktrace.append(msg)\n                except TypeError:\n                    pass\n        if exception_class == UnexpectedAlertPresentException:\n            alert_text = None\n            if \"data\" in value:\n                alert_text = value[\"data\"].get(\"text\")\n            elif \"alert\" in value:\n                alert_text = value[\"alert\"].get(\"text\")\n            raise exception_class(message, screen, stacktrace, alert_text)  # type: ignore[call-arg]  # mypy is not smart enough here\n>       raise exception_class(message, screen, stacktrace)\nE       selenium.common.exceptions.NoSuchElementException: Message: no such element: Unable to locate element: {\"method\":\"xpath\",\"selector\":\"(//a[@class='add-to-cart yellow-btn'])[1]\"}\nE         (Session info: chrome-headless-shell=120.0.6099.109); For documentation on this error, please visit: https://www.selenium.dev/documentation/webdriver/troubleshooting/errors#no-such-element-exception\nE       Stacktrace:\nE       #0 0x55a1c17d5f83 <unknown>\nE       #1 0x55a1c148ecf7 <unknown>\nE       #2 0x55a1c14de99e <unknown>\nE       #3 0x55a1c14deaa1 <unknown>\nE       #4 0x55a1c1529d64 <unknown>\nE       #5 0x55a1c15080dd <unknown>\nE       #6 0x55a1c1527006 <unknown>\nE       #7 0x55a1c1507e53 <unknown>\nE       #8 0x55a1c14cfdd4 <unknown>\nE       #9 0x55a1c14d11de <unknown>\nE       #10 0x55a1c179a531 <unknown>\nE       #11 0x55a1c179e455 <unknown>\nE       #12 0x55a1c1786f55 <unknown>\nE       #13 0x55a1c179f0ef <unknown>\nE       #14 0x55a1c176a99f <unknown>\nE       #15 0x55a1c17c3008 <unknown>\nE       #16 0x55a1c17c31d7 <unknown>\nE       #17 0x55a1c17d5124 <unknown>\nE       #18 0x7f4d2e495044 <unknown>\n\n/usr/local/lib/python3.11/site-packages/selenium/webdriver/remote/errorhandler.py:229: NoSuchElementException","flaky":false,"newFailed":false,"newBroken":false,"newPassed":false,"retriesCount":0,"retriesStatusChange":false,"beforeStages":[{"name":"_session_faker","time":{"start":1704156568244,"stop":1704156568312,"duration":68},"status":"passed","steps":[],"attachments":[],"parameters":[],"shouldDisplayMessage":false,"stepsCount":0,"attachmentsCount":0,"hasContent":false,"attachmentStep":false},{"name":"clear_allure_results_folder","time":{"start":1704156568312,"stop":1704156568312,"duration":0},"status":"passed","steps":[],"attachments":[],"parameters":[],"shouldDisplayMessage":false,"stepsCount":0,"attachmentsCount":0,"hasContent":false,"attachmentStep":false},{"name":"driver","time":{"start":1704156802766,"stop":1704156803539,"duration":773},"status":"passed","steps":[],"attachments":[],"parameters":[],"shouldDisplayMessage":false,"stepsCount":0,"attachmentsCount":0,"hasContent":false,"attachmentStep":false},{"name":"setup","time":{"start":1704156803539,"stop":1704156803539,"duration":0},"status":"passed","steps":[],"attachments":[],"parameters":[],"shouldDisplayMessage":false,"stepsCount":0,"attachmentsCount":0,"hasContent":false,"attachmentStep":false}],"testStage":{"status":"skipped","statusMessage":"XFAIL\n\nselenium.common.exceptions.NoSuchElementException: Message: no such element: Unable to locate element: {\"method\":\"xpath\",\"selector\":\"(//a[@class='add-to-cart yellow-btn'])[1]\"}\n  (Session info: chrome-headless-shell=120.0.6099.109); For documentation on this error, please visit: https://www.selenium.dev/documentation/webdriver/troubleshooting/errors#no-such-element-exception\nStacktrace:\n#0 0x55a1c17d5f83 <unknown>\n#1 0x55a1c148ecf7 <unknown>\n#2 0x55a1c14de99e <unknown>\n#3 0x55a1c14deaa1 <unknown>\n#4 0x55a1c1529d64 <unknown>\n#5 0x55a1c15080dd <unknown>\n#6 0x55a1c1527006 <unknown>\n#7 0x55a1c1507e53 <unknown>\n#8 0x55a1c14cfdd4 <unknown>\n#9 0x55a1c14d11de <unknown>\n#10 0x55a1c179a531 <unknown>\n#11 0x55a1c179e455 <unknown>\n#12 0x55a1c1786f55 <unknown>\n#13 0x55a1c179f0ef <unknown>\n#14 0x55a1c176a99f <unknown>\n#15 0x55a1c17c3008 <unknown>\n#16 0x55a1c17c31d7 <unknown>\n#17 0x55a1c17d5124 <unknown>\n#18 0x7f4d2e495044 <unknown>","statusTrace":"self = <tests.delivery.test_delivery_calculation.TestDeliveryPageCalculation object at 0x7fe7d3eb0510>\ndriver = <selenium.webdriver.chrome.webdriver.WebDriver (session=\"4cca5094712d3c777715ded6d898a3d1\")>\nurl = 'https://sandboxtest.stroyrem-nn.ru/', case_id = 'TD 017'\nlink_item = 'products/shtukaturka-gipsovaya-aksolit-m50-30-kg-mashinnogo-naneseniya'\namount = 13, weight = 400, standard = 650, in_time = 2390, all_time = 3320\n\n    @pytest.mark.parametrize('case_id, link_item, amount, weight, standard, in_time, all_time', [\n        (\"TD 015\", bundeks_25, 1, 30, 650, 2390, 3320),\n        pytest.param(\n            \"TD 016\", aksolit_30, 8, 300, 650, 2390, 3320,\n            marks=pytest.mark.xfail(reson=\"Цена доставки: - - -\")\n        ),\n        (\"TD 017\", aksolit_30, 13, 400, 650, 2390, 3320),\n        (\"TD 018\", aksolit_30, 16, 500, 850, 2490, 3320),\n        (\"TD 019\", aksolit_30, 25, 1700, 1150, 2490, 3320),\n        (\"TD 020\", aksolit_30, 66, 2000, 1500, 2990, 3650),\n        (\"TD 021\", aksolit_30, 149, 4500, 2600, 4380, 4890),\n        (\"TD 022\", aksolit_30, 166, 5000, 2800, 5490, 5980),\n        pytest.param(\n            \"TD 023\", aksolit_30, 206, 6200, 3300, 7500, 8000,\n            marks=pytest.mark.xfail(reson=\"Цена доставки: 4300 9900 11440\")\n        ),\n        (\"TD 024\", aksolit_30, 299, 9000, 4300, 9900, 11440),\n        (\"TD 025\", aksolit_30, 333, 10000, 7000, 13900, 15900),\n        pytest.param(\n            \"TD 026\", aksolit_30, 366, 11000, 8000, 14900, 19900,\n            marks=pytest.mark.xfail(reson=\"Цена доставки: 7000 13900 15900\")\n        ),\n        pytest.param(\n            \"TD 027\", aksolit_30, 666, 20000, 14000, 16900, 23900,\n            marks=pytest.mark.xfail(reson=\"Цена доставки: 7000 13900 15900\")\n        )\n    ])\n    @pytest.mark.xfail\n    @pytest.mark.smoke_test\n    def test_positive_delivery_blue_zone_smoke(\n            self, driver, url, case_id, link_item, amount, weight, standard, in_time, all_time\n    ):\n        allure.dynamic.title(f\"{case_id} Доставка товара весом до {weight}кг. в синей зоне\")\n    \n        driver.get(f'{url}{link_item}')\n        item_page = ItemPage(driver)\n>       item_page.add_item_to_cart(amount).click_on_cart()\n\ntests/delivery/test_delivery_calculation.py:132: \n_ _ _ _ _ _ _ _ _ _ _ _ _ _ _ _ _ _ _ _ _ _ _ _ _ _ _ _ _ _ _ _ _ _ _ _ _ _ _ _ \npages/item_page.py:40: in add_item_to_cart\n    self.find_element(self._add_item).click()\nbase/seleniumbase.py:17: in find_element\n    return self.driver.find_element(*locator)\n/usr/local/lib/python3.11/site-packages/selenium/webdriver/remote/webdriver.py:739: in find_element\n    return self.execute(Command.FIND_ELEMENT, {\"using\": by, \"value\": value})[\"value\"]\n/usr/local/lib/python3.11/site-packages/selenium/webdriver/remote/webdriver.py:345: in execute\n    self.error_handler.check_response(response)\n_ _ _ _ _ _ _ _ _ _ _ _ _ _ _ _ _ _ _ _ _ _ _ _ _ _ _ _ _ _ _ _ _ _ _ _ _ _ _ _ \n\nself = <selenium.webdriver.remote.errorhandler.ErrorHandler object at 0x7fe7d3e92810>\nresponse = {'status': 404, 'value': '{\"value\":{\"error\":\"no such element\",\"message\":\"no such element: Unable to locate element: {\\...\\\\n#16 0x55a1c17c31d7 \\\\u003Cunknown>\\\\n#17 0x55a1c17d5124 \\\\u003Cunknown>\\\\n#18 0x7f4d2e495044 \\\\u003Cunknown>\\\\n\"}}'}\n\n    def check_response(self, response: Dict[str, Any]) -> None:\n        \"\"\"Checks that a JSON response from the WebDriver does not have an\n        error.\n    \n        :Args:\n         - response - The JSON response from the WebDriver server as a dictionary\n           object.\n    \n        :Raises: If the response contains an error message.\n        \"\"\"\n        status = response.get(\"status\", None)\n        if not status or status == ErrorCode.SUCCESS:\n            return\n        value = None\n        message = response.get(\"message\", \"\")\n        screen: str = response.get(\"screen\", \"\")\n        stacktrace = None\n        if isinstance(status, int):\n            value_json = response.get(\"value\", None)\n            if value_json and isinstance(value_json, str):\n                import json\n    \n                try:\n                    value = json.loads(value_json)\n                    if len(value) == 1:\n                        value = value[\"value\"]\n                    status = value.get(\"error\", None)\n                    if not status:\n                        status = value.get(\"status\", ErrorCode.UNKNOWN_ERROR)\n                        message = value.get(\"value\") or value.get(\"message\")\n                        if not isinstance(message, str):\n                            value = message\n                            message = message.get(\"message\")\n                    else:\n                        message = value.get(\"message\", None)\n                except ValueError:\n                    pass\n    \n        exception_class: Type[WebDriverException]\n        e = ErrorCode()\n        error_codes = [item for item in dir(e) if not item.startswith(\"__\")]\n        for error_code in error_codes:\n            error_info = getattr(ErrorCode, error_code)\n            if isinstance(error_info, list) and status in error_info:\n                exception_class = getattr(ExceptionMapping, error_code, WebDriverException)\n                break\n        else:\n            exception_class = WebDriverException\n    \n        if not value:\n            value = response[\"value\"]\n        if isinstance(value, str):\n            raise exception_class(value)\n        if message == \"\" and \"message\" in value:\n            message = value[\"message\"]\n    \n        screen = None  # type: ignore[assignment]\n        if \"screen\" in value:\n            screen = value[\"screen\"]\n    \n        stacktrace = None\n        st_value = value.get(\"stackTrace\") or value.get(\"stacktrace\")\n        if st_value:\n            if isinstance(st_value, str):\n                stacktrace = st_value.split(\"\\n\")\n            else:\n                stacktrace = []\n                try:\n                    for frame in st_value:\n                        line = frame.get(\"lineNumber\", \"\")\n                        file = frame.get(\"fileName\", \"<anonymous>\")\n                        if line:\n                            file = f\"{file}:{line}\"\n                        meth = frame.get(\"methodName\", \"<anonymous>\")\n                        if \"className\" in frame:\n                            meth = f\"{frame['className']}.{meth}\"\n                        msg = \"    at %s (%s)\"\n                        msg = msg % (meth, file)\n                        stacktrace.append(msg)\n                except TypeError:\n                    pass\n        if exception_class == UnexpectedAlertPresentException:\n            alert_text = None\n            if \"data\" in value:\n                alert_text = value[\"data\"].get(\"text\")\n            elif \"alert\" in value:\n                alert_text = value[\"alert\"].get(\"text\")\n            raise exception_class(message, screen, stacktrace, alert_text)  # type: ignore[call-arg]  # mypy is not smart enough here\n>       raise exception_class(message, screen, stacktrace)\nE       selenium.common.exceptions.NoSuchElementException: Message: no such element: Unable to locate element: {\"method\":\"xpath\",\"selector\":\"(//a[@class='add-to-cart yellow-btn'])[1]\"}\nE         (Session info: chrome-headless-shell=120.0.6099.109); For documentation on this error, please visit: https://www.selenium.dev/documentation/webdriver/troubleshooting/errors#no-such-element-exception\nE       Stacktrace:\nE       #0 0x55a1c17d5f83 <unknown>\nE       #1 0x55a1c148ecf7 <unknown>\nE       #2 0x55a1c14de99e <unknown>\nE       #3 0x55a1c14deaa1 <unknown>\nE       #4 0x55a1c1529d64 <unknown>\nE       #5 0x55a1c15080dd <unknown>\nE       #6 0x55a1c1527006 <unknown>\nE       #7 0x55a1c1507e53 <unknown>\nE       #8 0x55a1c14cfdd4 <unknown>\nE       #9 0x55a1c14d11de <unknown>\nE       #10 0x55a1c179a531 <unknown>\nE       #11 0x55a1c179e455 <unknown>\nE       #12 0x55a1c1786f55 <unknown>\nE       #13 0x55a1c179f0ef <unknown>\nE       #14 0x55a1c176a99f <unknown>\nE       #15 0x55a1c17c3008 <unknown>\nE       #16 0x55a1c17c31d7 <unknown>\nE       #17 0x55a1c17d5124 <unknown>\nE       #18 0x7f4d2e495044 <unknown>\n\n/usr/local/lib/python3.11/site-packages/selenium/webdriver/remote/errorhandler.py:229: NoSuchElementException","steps":[{"name":"Добавляем товар в корзину в количестве 13","time":{"start":1704156803830,"stop":1704156803842,"duration":12},"status":"broken","statusMessage":"selenium.common.exceptions.NoSuchElementException: Message: no such element: Unable to locate element: {\"method\":\"xpath\",\"selector\":\"(//a[@class='add-to-cart yellow-btn'])[1]\"}\n  (Session info: chrome-headless-shell=120.0.6099.109); For documentation on this error, please visit: https://www.selenium.dev/documentation/webdriver/troubleshooting/errors#no-such-element-exception\nStacktrace:\n#0 0x55a1c17d5f83 <unknown>\n#1 0x55a1c148ecf7 <unknown>\n#2 0x55a1c14de99e <unknown>\n#3 0x55a1c14deaa1 <unknown>\n#4 0x55a1c1529d64 <unknown>\n#5 0x55a1c15080dd <unknown>\n#6 0x55a1c1527006 <unknown>\n#7 0x55a1c1507e53 <unknown>\n#8 0x55a1c14cfdd4 <unknown>\n#9 0x55a1c14d11de <unknown>\n#10 0x55a1c179a531 <unknown>\n#11 0x55a1c179e455 <unknown>\n#12 0x55a1c1786f55 <unknown>\n#13 0x55a1c179f0ef <unknown>\n#14 0x55a1c176a99f <unknown>\n#15 0x55a1c17c3008 <unknown>\n#16 0x55a1c17c31d7 <unknown>\n#17 0x55a1c17d5124 <unknown>\n#18 0x7f4d2e495044 <unknown>\n\n","statusTrace":"  File \"/usr/local/lib/python3.11/site-packages/allure_commons/_allure.py\", line 192, in impl\n    return func(*a, **kw)\n           ^^^^^^^^^^^^^^\n  File \"/app/pages/item_page.py\", line 40, in add_item_to_cart\n    self.find_element(self._add_item).click()\n    ^^^^^^^^^^^^^^^^^^^^^^^^^^^^^^^^^\n  File \"/app/base/seleniumbase.py\", line 17, in find_element\n    return self.driver.find_element(*locator)\n           ^^^^^^^^^^^^^^^^^^^^^^^^^^^^^^^^^^\n  File \"/usr/local/lib/python3.11/site-packages/selenium/webdriver/remote/webdriver.py\", line 739, in find_element\n    return self.execute(Command.FIND_ELEMENT, {\"using\": by, \"value\": value})[\"value\"]\n           ^^^^^^^^^^^^^^^^^^^^^^^^^^^^^^^^^^^^^^^^^^^^^^^^^^^^^^^^^^^^^^^^^\n  File \"/usr/local/lib/python3.11/site-packages/selenium/webdriver/remote/webdriver.py\", line 345, in execute\n    self.error_handler.check_response(response)\n  File \"/usr/local/lib/python3.11/site-packages/selenium/webdriver/remote/errorhandler.py\", line 229, in check_response\n    raise exception_class(message, screen, stacktrace)\n","steps":[],"attachments":[],"parameters":[{"name":"amount","value":"13"}],"shouldDisplayMessage":true,"stepsCount":0,"attachmentsCount":0,"hasContent":true,"attachmentStep":false}],"attachments":[{"uid":"53111838c8e67d5a","name":"Screenshot","source":"53111838c8e67d5a.png","type":"image/png","size":5862},{"uid":"421d45560ad92b84","name":"HTML source","source":"421d45560ad92b84.html","type":"text/html","size":39}],"parameters":[],"shouldDisplayMessage":true,"stepsCount":1,"attachmentsCount":2,"hasContent":true,"attachmentStep":false},"afterStages":[{"name":"driver::0","time":{"start":1704156803940,"stop":1704156803997,"duration":57},"status":"passed","steps":[],"attachments":[],"parameters":[],"shouldDisplayMessage":false,"stepsCount":0,"attachmentsCount":0,"hasContent":false,"attachmentStep":false},{"name":"setup::0","time":{"start":1704156803940,"stop":1704156803940,"duration":0},"status":"passed","steps":[],"attachments":[],"parameters":[],"shouldDisplayMessage":false,"stepsCount":0,"attachmentsCount":0,"hasContent":false,"attachmentStep":false}],"labels":[{"name":"epic","value":"Delivery Page - calculation"},{"name":"tag","value":"smoke_test"},{"name":"tag","value":"@pytest.mark.xfail"},{"name":"parentSuite","value":"tests.delivery"},{"name":"suite","value":"test_delivery_calculation"},{"name":"subSuite","value":"TestDeliveryPageCalculation"},{"name":"host","value":"d1c99f502188"},{"name":"thread","value":"1-MainThread"},{"name":"framework","value":"pytest"},{"name":"language","value":"cpython3"},{"name":"package","value":"tests.delivery.test_delivery_calculation"},{"name":"resultFormat","value":"allure2"}],"parameters":[{"name":"all_time","value":"3320"},{"name":"amount","value":"13"},{"name":"case_id","value":"'TD 017'"},{"name":"in_time","value":"2390"},{"name":"link_item","value":"'products/shtukaturka-gipsovaya-aksolit-m50-30-kg-mashinnogo-naneseniya'"},{"name":"standard","value":"650"},{"name":"url","value":"'https://sandboxtest.stroyrem-nn.ru/'"},{"name":"weight","value":"400"}],"links":[],"hidden":false,"retry":false,"extra":{"severity":"normal","retries":[],"categories":[],"history":{"statistic":{"failed":0,"broken":13,"skipped":113,"passed":0,"unknown":0,"total":126},"items":[{"uid":"9637091c5163dc30","reportUrl":"https://Nat754.github.io/StroyremAutomation/173//#testresult/9637091c5163dc30","status":"skipped","statusDetails":"XFAIL\n\nselenium.common.exceptions.NoSuchElementException: Message: no such element: Unable to locate element: {\"method\":\"xpath\",\"selector\":\"(//a[@class='add-to-cart yellow-btn'])[1]\"}\n  (Session info: chrome-headless-shell=120.0.6099.109); For documentation on this error, please visit: https://www.selenium.dev/documentation/webdriver/troubleshooting/errors#no-such-element-exception\nStacktrace:\n#0 0x564c651b1f83 <unknown>\n#1 0x564c64e6acf7 <unknown>\n#2 0x564c64eba99e <unknown>\n#3 0x564c64ebaaa1 <unknown>\n#4 0x564c64f05d64 <unknown>\n#5 0x564c64ee40dd <unknown>\n#6 0x564c64f03006 <unknown>\n#7 0x564c64ee3e53 <unknown>\n#8 0x564c64eabdd4 <unknown>\n#9 0x564c64ead1de <unknown>\n#10 0x564c65176531 <unknown>\n#11 0x564c6517a455 <unknown>\n#12 0x564c65162f55 <unknown>\n#13 0x564c6517b0ef <unknown>\n#14 0x564c6514699f <unknown>\n#15 0x564c6519f008 <unknown>\n#16 0x564c6519f1d7 <unknown>\n#17 0x564c651b1124 <unknown>\n#18 0x7f3dfdbfb044 <unknown>","time":{"start":1704070757173,"stop":1704070757478,"duration":305}},{"uid":"e59f27161fb3c447","reportUrl":"https://Nat754.github.io/StroyremAutomation/172//#testresult/e59f27161fb3c447","status":"skipped","statusDetails":"XFAIL\n\nselenium.common.exceptions.NoSuchElementException: Message: no such element: Unable to locate element: {\"method\":\"xpath\",\"selector\":\"(//a[@class='add-to-cart yellow-btn'])[1]\"}\n  (Session info: chrome-headless-shell=120.0.6099.109); For documentation on this error, please visit: https://www.selenium.dev/documentation/webdriver/troubleshooting/errors#no-such-element-exception\nStacktrace:\n#0 0x563d9bab1f83 <unknown>\n#1 0x563d9b76acf7 <unknown>\n#2 0x563d9b7ba99e <unknown>\n#3 0x563d9b7baaa1 <unknown>\n#4 0x563d9b805d64 <unknown>\n#5 0x563d9b7e40dd <unknown>\n#6 0x563d9b803006 <unknown>\n#7 0x563d9b7e3e53 <unknown>\n#8 0x563d9b7abdd4 <unknown>\n#9 0x563d9b7ad1de <unknown>\n#10 0x563d9ba76531 <unknown>\n#11 0x563d9ba7a455 <unknown>\n#12 0x563d9ba62f55 <unknown>\n#13 0x563d9ba7b0ef <unknown>\n#14 0x563d9ba4699f <unknown>\n#15 0x563d9ba9f008 <unknown>\n#16 0x563d9ba9f1d7 <unknown>\n#17 0x563d9bab1124 <unknown>\n#18 0x7f9d193bb044 <unknown>","time":{"start":1703984269149,"stop":1703984269504,"duration":355}},{"uid":"c27ea89c42dc4cdc","reportUrl":"https://Nat754.github.io/StroyremAutomation/171//#testresult/c27ea89c42dc4cdc","status":"skipped","statusDetails":"XFAIL\n\nselenium.common.exceptions.NoSuchElementException: Message: no such element: Unable to locate element: {\"method\":\"xpath\",\"selector\":\"(//a[@class='add-to-cart yellow-btn'])[1]\"}\n  (Session info: chrome-headless-shell=120.0.6099.109); For documentation on this error, please visit: https://www.selenium.dev/documentation/webdriver/troubleshooting/errors#no-such-element-exception\nStacktrace:\n#0 0x55bc33c52f83 <unknown>\n#1 0x55bc3390bcf7 <unknown>\n#2 0x55bc3395b99e <unknown>\n#3 0x55bc3395baa1 <unknown>\n#4 0x55bc339a6d64 <unknown>\n#5 0x55bc339850dd <unknown>\n#6 0x55bc339a4006 <unknown>\n#7 0x55bc33984e53 <unknown>\n#8 0x55bc3394cdd4 <unknown>\n#9 0x55bc3394e1de <unknown>\n#10 0x55bc33c17531 <unknown>\n#11 0x55bc33c1b455 <unknown>\n#12 0x55bc33c03f55 <unknown>\n#13 0x55bc33c1c0ef <unknown>\n#14 0x55bc33be799f <unknown>\n#15 0x55bc33c40008 <unknown>\n#16 0x55bc33c401d7 <unknown>\n#17 0x55bc33c52124 <unknown>\n#18 0x7f21ba161044 <unknown>","time":{"start":1703897550584,"stop":1703897551177,"duration":593}},{"uid":"721b6275240da2d","reportUrl":"https://Nat754.github.io/StroyremAutomation/170//#testresult/721b6275240da2d","status":"skipped","statusDetails":"XFAIL\n\nselenium.common.exceptions.NoSuchElementException: Message: no such element: Unable to locate element: {\"method\":\"xpath\",\"selector\":\"(//a[@class='add-to-cart yellow-btn'])[1]\"}\n  (Session info: chrome-headless-shell=120.0.6099.109); For documentation on this error, please visit: https://www.selenium.dev/documentation/webdriver/troubleshooting/errors#no-such-element-exception\nStacktrace:\n#0 0x5598497d6f83 <unknown>\n#1 0x55984948fcf7 <unknown>\n#2 0x5598494df99e <unknown>\n#3 0x5598494dfaa1 <unknown>\n#4 0x55984952ad64 <unknown>\n#5 0x5598495090dd <unknown>\n#6 0x559849528006 <unknown>\n#7 0x559849508e53 <unknown>\n#8 0x5598494d0dd4 <unknown>\n#9 0x5598494d21de <unknown>\n#10 0x55984979b531 <unknown>\n#11 0x55984979f455 <unknown>\n#12 0x559849787f55 <unknown>\n#13 0x5598497a00ef <unknown>\n#14 0x55984976b99f <unknown>\n#15 0x5598497c4008 <unknown>\n#16 0x5598497c41d7 <unknown>\n#17 0x5598497d6124 <unknown>\n#18 0x7fcc3628c044 <unknown>","time":{"start":1703810728415,"stop":1703810728866,"duration":451}},{"uid":"f123f3f62ba32ec6","reportUrl":"https://Nat754.github.io/StroyremAutomation/169//#testresult/f123f3f62ba32ec6","status":"skipped","statusDetails":"XFAIL\n\nselenium.common.exceptions.NoSuchElementException: Message: no such element: Unable to locate element: {\"method\":\"xpath\",\"selector\":\"(//a[@class='add-to-cart yellow-btn'])[1]\"}\n  (Session info: chrome-headless-shell=120.0.6099.109); For documentation on this error, please visit: https://www.selenium.dev/documentation/webdriver/troubleshooting/errors#no-such-element-exception\nStacktrace:\n#0 0x558a94d37f83 <unknown>\n#1 0x558a949f0cf7 <unknown>\n#2 0x558a94a4099e <unknown>\n#3 0x558a94a40aa1 <unknown>\n#4 0x558a94a8bd64 <unknown>\n#5 0x558a94a6a0dd <unknown>\n#6 0x558a94a89006 <unknown>\n#7 0x558a94a69e53 <unknown>\n#8 0x558a94a31dd4 <unknown>\n#9 0x558a94a331de <unknown>\n#10 0x558a94cfc531 <unknown>\n#11 0x558a94d00455 <unknown>\n#12 0x558a94ce8f55 <unknown>\n#13 0x558a94d010ef <unknown>\n#14 0x558a94ccc99f <unknown>\n#15 0x558a94d25008 <unknown>\n#16 0x558a94d251d7 <unknown>\n#17 0x558a94d37124 <unknown>\n#18 0x7f62d4a1c044 <unknown>","time":{"start":1703724793850,"stop":1703724794451,"duration":601}},{"uid":"a35ab28282cd6f7f","reportUrl":"https://Nat754.github.io/StroyremAutomation/168//#testresult/a35ab28282cd6f7f","status":"skipped","statusDetails":"XFAIL\n\nselenium.common.exceptions.NoSuchElementException: Message: no such element: Unable to locate element: {\"method\":\"xpath\",\"selector\":\"(//a[@class='add-to-cart yellow-btn'])[1]\"}\n  (Session info: chrome-headless-shell=120.0.6099.109); For documentation on this error, please visit: https://www.selenium.dev/documentation/webdriver/troubleshooting/errors#no-such-element-exception\nStacktrace:\n#0 0x55bac8134f83 <unknown>\n#1 0x55bac7dedcf7 <unknown>\n#2 0x55bac7e3d99e <unknown>\n#3 0x55bac7e3daa1 <unknown>\n#4 0x55bac7e88d64 <unknown>\n#5 0x55bac7e670dd <unknown>\n#6 0x55bac7e86006 <unknown>\n#7 0x55bac7e66e53 <unknown>\n#8 0x55bac7e2edd4 <unknown>\n#9 0x55bac7e301de <unknown>\n#10 0x55bac80f9531 <unknown>\n#11 0x55bac80fd455 <unknown>\n#12 0x55bac80e5f55 <unknown>\n#13 0x55bac80fe0ef <unknown>\n#14 0x55bac80c999f <unknown>\n#15 0x55bac8122008 <unknown>\n#16 0x55bac81221d7 <unknown>\n#17 0x55bac8134124 <unknown>\n#18 0x7f8d8d572044 <unknown>","time":{"start":1703638430400,"stop":1703638430849,"duration":449}},{"uid":"e4249423961305f7","reportUrl":"https://Nat754.github.io/StroyremAutomation/167//#testresult/e4249423961305f7","status":"skipped","statusDetails":"XFAIL\n\nselenium.common.exceptions.NoSuchElementException: Message: no such element: Unable to locate element: {\"method\":\"xpath\",\"selector\":\"(//a[@class='add-to-cart yellow-btn'])[1]\"}\n  (Session info: chrome-headless-shell=120.0.6099.109); For documentation on this error, please visit: https://www.selenium.dev/documentation/webdriver/troubleshooting/errors#no-such-element-exception\nStacktrace:\n#0 0x55ffafe49f83 <unknown>\n#1 0x55ffafb02cf7 <unknown>\n#2 0x55ffafb5299e <unknown>\n#3 0x55ffafb52aa1 <unknown>\n#4 0x55ffafb9dd64 <unknown>\n#5 0x55ffafb7c0dd <unknown>\n#6 0x55ffafb9b006 <unknown>\n#7 0x55ffafb7be53 <unknown>\n#8 0x55ffafb43dd4 <unknown>\n#9 0x55ffafb451de <unknown>\n#10 0x55ffafe0e531 <unknown>\n#11 0x55ffafe12455 <unknown>\n#12 0x55ffafdfaf55 <unknown>\n#13 0x55ffafe130ef <unknown>\n#14 0x55ffafdde99f <unknown>\n#15 0x55ffafe37008 <unknown>\n#16 0x55ffafe371d7 <unknown>\n#17 0x55ffafe49124 <unknown>\n#18 0x7f3ee28c3044 <unknown>","time":{"start":1703551971072,"stop":1703551971478,"duration":406}},{"uid":"1dea2e7a093bb6e6","reportUrl":"https://Nat754.github.io/StroyremAutomation/166//#testresult/1dea2e7a093bb6e6","status":"skipped","statusDetails":"XFAIL\n\nselenium.common.exceptions.NoSuchElementException: Message: no such element: Unable to locate element: {\"method\":\"xpath\",\"selector\":\"(//a[@class='add-to-cart yellow-btn'])[1]\"}\n  (Session info: chrome-headless-shell=120.0.6099.109); For documentation on this error, please visit: https://www.selenium.dev/documentation/webdriver/troubleshooting/errors#no-such-element-exception\nStacktrace:\n#0 0x561255478f83 <unknown>\n#1 0x561255131cf7 <unknown>\n#2 0x56125518199e <unknown>\n#3 0x561255181aa1 <unknown>\n#4 0x5612551ccd64 <unknown>\n#5 0x5612551ab0dd <unknown>\n#6 0x5612551ca006 <unknown>\n#7 0x5612551aae53 <unknown>\n#8 0x561255172dd4 <unknown>\n#9 0x5612551741de <unknown>\n#10 0x56125543d531 <unknown>\n#11 0x561255441455 <unknown>\n#12 0x561255429f55 <unknown>\n#13 0x5612554420ef <unknown>\n#14 0x56125540d99f <unknown>\n#15 0x561255466008 <unknown>\n#16 0x5612554661d7 <unknown>\n#17 0x561255478124 <unknown>\n#18 0x7fad37e18044 <unknown>","time":{"start":1703465797499,"stop":1703465797943,"duration":444}},{"uid":"f9b805eb84ff2637","reportUrl":"https://Nat754.github.io/StroyremAutomation/165//#testresult/f9b805eb84ff2637","status":"skipped","statusDetails":"XFAIL\n\nselenium.common.exceptions.NoSuchElementException: Message: no such element: Unable to locate element: {\"method\":\"xpath\",\"selector\":\"(//a[@class='add-to-cart yellow-btn'])[1]\"}\n  (Session info: chrome-headless-shell=120.0.6099.109); For documentation on this error, please visit: https://www.selenium.dev/documentation/webdriver/troubleshooting/errors#no-such-element-exception\nStacktrace:\n#0 0x55759f344f83 <unknown>\n#1 0x55759effdcf7 <unknown>\n#2 0x55759f04d99e <unknown>\n#3 0x55759f04daa1 <unknown>\n#4 0x55759f098d64 <unknown>\n#5 0x55759f0770dd <unknown>\n#6 0x55759f096006 <unknown>\n#7 0x55759f076e53 <unknown>\n#8 0x55759f03edd4 <unknown>\n#9 0x55759f0401de <unknown>\n#10 0x55759f309531 <unknown>\n#11 0x55759f30d455 <unknown>\n#12 0x55759f2f5f55 <unknown>\n#13 0x55759f30e0ef <unknown>\n#14 0x55759f2d999f <unknown>\n#15 0x55759f332008 <unknown>\n#16 0x55759f3321d7 <unknown>\n#17 0x55759f344124 <unknown>\n#18 0x7f0dc9528044 <unknown>","time":{"start":1703379533092,"stop":1703379533751,"duration":659}},{"uid":"15f9d87093cca3ea","reportUrl":"https://Nat754.github.io/StroyremAutomation/164//#testresult/15f9d87093cca3ea","status":"skipped","statusDetails":"XFAIL\n\nselenium.common.exceptions.NoSuchElementException: Message: no such element: Unable to locate element: {\"method\":\"xpath\",\"selector\":\"(//a[@class='add-to-cart yellow-btn'])[1]\"}\n  (Session info: chrome-headless-shell=120.0.6099.109); For documentation on this error, please visit: https://www.selenium.dev/documentation/webdriver/troubleshooting/errors#no-such-element-exception\nStacktrace:\n#0 0x55feca656f83 <unknown>\n#1 0x55feca30fcf7 <unknown>\n#2 0x55feca35f99e <unknown>\n#3 0x55feca35faa1 <unknown>\n#4 0x55feca3aad64 <unknown>\n#5 0x55feca3890dd <unknown>\n#6 0x55feca3a8006 <unknown>\n#7 0x55feca388e53 <unknown>\n#8 0x55feca350dd4 <unknown>\n#9 0x55feca3521de <unknown>\n#10 0x55feca61b531 <unknown>\n#11 0x55feca61f455 <unknown>\n#12 0x55feca607f55 <unknown>\n#13 0x55feca6200ef <unknown>\n#14 0x55feca5eb99f <unknown>\n#15 0x55feca644008 <unknown>\n#16 0x55feca6441d7 <unknown>\n#17 0x55feca656124 <unknown>\n#18 0x7fa4fb7e8044 <unknown>","time":{"start":1703292737782,"stop":1703292738171,"duration":389}},{"uid":"7c58901c7c5c3e2f","reportUrl":"https://Nat754.github.io/StroyremAutomation/163//#testresult/7c58901c7c5c3e2f","status":"skipped","statusDetails":"XFAIL\n\nselenium.common.exceptions.NoSuchElementException: Message: no such element: Unable to locate element: {\"method\":\"xpath\",\"selector\":\"(//a[@class='add-to-cart yellow-btn'])[1]\"}\n  (Session info: chrome-headless-shell=120.0.6099.109); For documentation on this error, please visit: https://www.selenium.dev/documentation/webdriver/troubleshooting/errors#no-such-element-exception\nStacktrace:\n#0 0x5559a0b18f83 <unknown>\n#1 0x5559a07d1cf7 <unknown>\n#2 0x5559a082199e <unknown>\n#3 0x5559a0821aa1 <unknown>\n#4 0x5559a086cd64 <unknown>\n#5 0x5559a084b0dd <unknown>\n#6 0x5559a086a006 <unknown>\n#7 0x5559a084ae53 <unknown>\n#8 0x5559a0812dd4 <unknown>\n#9 0x5559a08141de <unknown>\n#10 0x5559a0add531 <unknown>\n#11 0x5559a0ae1455 <unknown>\n#12 0x5559a0ac9f55 <unknown>\n#13 0x5559a0ae20ef <unknown>\n#14 0x5559a0aad99f <unknown>\n#15 0x5559a0b06008 <unknown>\n#16 0x5559a0b061d7 <unknown>\n#17 0x5559a0b18124 <unknown>\n#18 0x7f55508bb044 <unknown>","time":{"start":1703206468468,"stop":1703206468821,"duration":353}},{"uid":"473cc7e84b970141","reportUrl":"https://Nat754.github.io/StroyremAutomation/162//#testresult/473cc7e84b970141","status":"skipped","statusDetails":"XFAIL\n\nselenium.common.exceptions.NoSuchElementException: Message: no such element: Unable to locate element: {\"method\":\"xpath\",\"selector\":\"(//a[@class='add-to-cart yellow-btn'])[1]\"}\n  (Session info: chrome-headless-shell=120.0.6099.109); For documentation on this error, please visit: https://www.selenium.dev/documentation/webdriver/troubleshooting/errors#no-such-element-exception\nStacktrace:\n#0 0x565063eeef83 <unknown>\n#1 0x565063ba7cf7 <unknown>\n#2 0x565063bf799e <unknown>\n#3 0x565063bf7aa1 <unknown>\n#4 0x565063c42d64 <unknown>\n#5 0x565063c210dd <unknown>\n#6 0x565063c40006 <unknown>\n#7 0x565063c20e53 <unknown>\n#8 0x565063be8dd4 <unknown>\n#9 0x565063bea1de <unknown>\n#10 0x565063eb3531 <unknown>\n#11 0x565063eb7455 <unknown>\n#12 0x565063e9ff55 <unknown>\n#13 0x565063eb80ef <unknown>\n#14 0x565063e8399f <unknown>\n#15 0x565063edc008 <unknown>\n#16 0x565063edc1d7 <unknown>\n#17 0x565063eee124 <unknown>\n#18 0x7fc750f0b044 <unknown>","time":{"start":1703120088204,"stop":1703120088575,"duration":371}},{"uid":"336228597ccc66c","reportUrl":"https://Nat754.github.io/StroyremAutomation/161//#testresult/336228597ccc66c","status":"skipped","statusDetails":"XFAIL\n\nselenium.common.exceptions.NoSuchElementException: Message: no such element: Unable to locate element: {\"method\":\"xpath\",\"selector\":\"(//a[@class='add-to-cart yellow-btn'])[1]\"}\n  (Session info: chrome-headless-shell=120.0.6099.109); For documentation on this error, please visit: https://www.selenium.dev/documentation/webdriver/troubleshooting/errors#no-such-element-exception\nStacktrace:\n#0 0x5642e1f4df83 <unknown>\n#1 0x5642e1c06cf7 <unknown>\n#2 0x5642e1c5699e <unknown>\n#3 0x5642e1c56aa1 <unknown>\n#4 0x5642e1ca1d64 <unknown>\n#5 0x5642e1c800dd <unknown>\n#6 0x5642e1c9f006 <unknown>\n#7 0x5642e1c7fe53 <unknown>\n#8 0x5642e1c47dd4 <unknown>\n#9 0x5642e1c491de <unknown>\n#10 0x5642e1f12531 <unknown>\n#11 0x5642e1f16455 <unknown>\n#12 0x5642e1efef55 <unknown>\n#13 0x5642e1f170ef <unknown>\n#14 0x5642e1ee299f <unknown>\n#15 0x5642e1f3b008 <unknown>\n#16 0x5642e1f3b1d7 <unknown>\n#17 0x5642e1f4d124 <unknown>\n#18 0x7f1bde0a6044 <unknown>","time":{"start":1703033162993,"stop":1703033163433,"duration":440}},{"uid":"dffbdaa74b70ebdc","reportUrl":"https://Nat754.github.io/StroyremAutomation/160//#testresult/dffbdaa74b70ebdc","status":"skipped","statusDetails":"XFAIL\n\nselenium.common.exceptions.NoSuchElementException: Message: no such element: Unable to locate element: {\"method\":\"xpath\",\"selector\":\"(//a[@class='add-to-cart yellow-btn'])[1]\"}\n  (Session info: chrome-headless-shell=120.0.6099.109); For documentation on this error, please visit: https://www.selenium.dev/documentation/webdriver/troubleshooting/errors#no-such-element-exception\nStacktrace:\n#0 0x55d5291eff83 <unknown>\n#1 0x55d528ea8cf7 <unknown>\n#2 0x55d528ef899e <unknown>\n#3 0x55d528ef8aa1 <unknown>\n#4 0x55d528f43d64 <unknown>\n#5 0x55d528f220dd <unknown>\n#6 0x55d528f41006 <unknown>\n#7 0x55d528f21e53 <unknown>\n#8 0x55d528ee9dd4 <unknown>\n#9 0x55d528eeb1de <unknown>\n#10 0x55d5291b4531 <unknown>\n#11 0x55d5291b8455 <unknown>\n#12 0x55d5291a0f55 <unknown>\n#13 0x55d5291b90ef <unknown>\n#14 0x55d52918499f <unknown>\n#15 0x55d5291dd008 <unknown>\n#16 0x55d5291dd1d7 <unknown>\n#17 0x55d5291ef124 <unknown>\n#18 0x7fecbf8d3044 <unknown>","time":{"start":1702947310456,"stop":1702947310817,"duration":361}},{"uid":"93f17dd9eaffd2d5","reportUrl":"https://Nat754.github.io/StroyremAutomation/159//#testresult/93f17dd9eaffd2d5","status":"skipped","statusDetails":"XFAIL\n\nselenium.common.exceptions.NoSuchElementException: Message: no such element: Unable to locate element: {\"method\":\"xpath\",\"selector\":\"(//a[@class='add-to-cart yellow-btn'])[1]\"}\n  (Session info: chrome-headless-shell=120.0.6099.71); For documentation on this error, please visit: https://www.selenium.dev/documentation/webdriver/troubleshooting/errors#no-such-element-exception\nStacktrace:\n#0 0x55f1e5aa9d33 <unknown>\n#1 0x55f1e5766f87 <unknown>\n#2 0x55f1e57b6c0e <unknown>\n#3 0x55f1e57b6d11 <unknown>\n#4 0x55f1e5802004 <unknown>\n#5 0x55f1e57e036d <unknown>\n#6 0x55f1e57ff297 <unknown>\n#7 0x55f1e57e00e3 <unknown>\n#8 0x55f1e57a8044 <unknown>\n#9 0x55f1e57a944e <unknown>\n#10 0x55f1e5a6e861 <unknown>\n#11 0x55f1e5a72785 <unknown>\n#12 0x55f1e5a5c285 <unknown>\n#13 0x55f1e5a7341f <unknown>\n#14 0x55f1e5a4020f <unknown>\n#15 0x55f1e5a97028 <unknown>\n#16 0x55f1e5a971f7 <unknown>\n#17 0x55f1e5aa8ed4 <unknown>\n#18 0x7fc7be4c9044 <unknown>","time":{"start":1702860998998,"stop":1702860999315,"duration":317}},{"uid":"2f7e136010677522","reportUrl":"https://Nat754.github.io/StroyremAutomation/158//#testresult/2f7e136010677522","status":"skipped","statusDetails":"XFAIL\n\nselenium.common.exceptions.NoSuchElementException: Message: no such element: Unable to locate element: {\"method\":\"xpath\",\"selector\":\"(//a[@class='add-to-cart yellow-btn'])[1]\"}\n  (Session info: chrome-headless-shell=120.0.6099.71); For documentation on this error, please visit: https://www.selenium.dev/documentation/webdriver/troubleshooting/errors#no-such-element-exception\nStacktrace:\n#0 0x5628b01cad33 <unknown>\n#1 0x5628afe87f87 <unknown>\n#2 0x5628afed7c0e <unknown>\n#3 0x5628afed7d11 <unknown>\n#4 0x5628aff23004 <unknown>\n#5 0x5628aff0136d <unknown>\n#6 0x5628aff20297 <unknown>\n#7 0x5628aff010e3 <unknown>\n#8 0x5628afec9044 <unknown>\n#9 0x5628afeca44e <unknown>\n#10 0x5628b018f861 <unknown>\n#11 0x5628b0193785 <unknown>\n#12 0x5628b017d285 <unknown>\n#13 0x5628b019441f <unknown>\n#14 0x5628b016120f <unknown>\n#15 0x5628b01b8028 <unknown>\n#16 0x5628b01b81f7 <unknown>\n#17 0x5628b01c9ed4 <unknown>\n#18 0x7f0098cb9044 <unknown>","time":{"start":1702774738482,"stop":1702774738893,"duration":411}},{"uid":"68f0bbd388fa0575","reportUrl":"https://Nat754.github.io/StroyremAutomation/157//#testresult/68f0bbd388fa0575","status":"skipped","statusDetails":"XFAIL\n\nselenium.common.exceptions.NoSuchElementException: Message: no such element: Unable to locate element: {\"method\":\"xpath\",\"selector\":\"(//a[@class='add-to-cart yellow-btn'])[1]\"}\n  (Session info: chrome-headless-shell=120.0.6099.71); For documentation on this error, please visit: https://www.selenium.dev/documentation/webdriver/troubleshooting/errors#no-such-element-exception\nStacktrace:\n#0 0x561ce90b1d33 <unknown>\n#1 0x561ce8d6ef87 <unknown>\n#2 0x561ce8dbec0e <unknown>\n#3 0x561ce8dbed11 <unknown>\n#4 0x561ce8e0a004 <unknown>\n#5 0x561ce8de836d <unknown>\n#6 0x561ce8e07297 <unknown>\n#7 0x561ce8de80e3 <unknown>\n#8 0x561ce8db0044 <unknown>\n#9 0x561ce8db144e <unknown>\n#10 0x561ce9076861 <unknown>\n#11 0x561ce907a785 <unknown>\n#12 0x561ce9064285 <unknown>\n#13 0x561ce907b41f <unknown>\n#14 0x561ce904820f <unknown>\n#15 0x561ce909f028 <unknown>\n#16 0x561ce909f1f7 <unknown>\n#17 0x561ce90b0ed4 <unknown>\n#18 0x7ffa55bbd044 <unknown>","time":{"start":1702688058118,"stop":1702688058526,"duration":408}},{"uid":"47a2f421da645a94","reportUrl":"https://Nat754.github.io/StroyremAutomation/156//#testresult/47a2f421da645a94","status":"skipped","statusDetails":"XFAIL\n\nselenium.common.exceptions.NoSuchElementException: Message: no such element: Unable to locate element: {\"method\":\"xpath\",\"selector\":\"(//a[@class='add-to-cart yellow-btn'])[1]\"}\n  (Session info: chrome-headless-shell=120.0.6099.71); For documentation on this error, please visit: https://www.selenium.dev/documentation/webdriver/troubleshooting/errors#no-such-element-exception\nStacktrace:\n#0 0x55ec95802d33 <unknown>\n#1 0x55ec954bff87 <unknown>\n#2 0x55ec9550fc0e <unknown>\n#3 0x55ec9550fd11 <unknown>\n#4 0x55ec9555b004 <unknown>\n#5 0x55ec9553936d <unknown>\n#6 0x55ec95558297 <unknown>\n#7 0x55ec955390e3 <unknown>\n#8 0x55ec95501044 <unknown>\n#9 0x55ec9550244e <unknown>\n#10 0x55ec957c7861 <unknown>\n#11 0x55ec957cb785 <unknown>\n#12 0x55ec957b5285 <unknown>\n#13 0x55ec957cc41f <unknown>\n#14 0x55ec9579920f <unknown>\n#15 0x55ec957f0028 <unknown>\n#16 0x55ec957f01f7 <unknown>\n#17 0x55ec95801ed4 <unknown>\n#18 0x7f7affff0044 <unknown>","time":{"start":1702601778903,"stop":1702601779380,"duration":477}},{"uid":"3da9c88506092ccb","reportUrl":"https://Nat754.github.io/StroyremAutomation/155//#testresult/3da9c88506092ccb","status":"skipped","statusDetails":"XFAIL\n\nselenium.common.exceptions.NoSuchElementException: Message: no such element: Unable to locate element: {\"method\":\"xpath\",\"selector\":\"(//a[@class='add-to-cart yellow-btn'])[1]\"}\n  (Session info: chrome-headless-shell=120.0.6099.71); For documentation on this error, please visit: https://www.selenium.dev/documentation/webdriver/troubleshooting/errors#no-such-element-exception\nStacktrace:\n#0 0x5562e30d7d33 <unknown>\n#1 0x5562e2d94f87 <unknown>\n#2 0x5562e2de4c0e <unknown>\n#3 0x5562e2de4d11 <unknown>\n#4 0x5562e2e30004 <unknown>\n#5 0x5562e2e0e36d <unknown>\n#6 0x5562e2e2d297 <unknown>\n#7 0x5562e2e0e0e3 <unknown>\n#8 0x5562e2dd6044 <unknown>\n#9 0x5562e2dd744e <unknown>\n#10 0x5562e309c861 <unknown>\n#11 0x5562e30a0785 <unknown>\n#12 0x5562e308a285 <unknown>\n#13 0x5562e30a141f <unknown>\n#14 0x5562e306e20f <unknown>\n#15 0x5562e30c5028 <unknown>\n#16 0x5562e30c51f7 <unknown>\n#17 0x5562e30d6ed4 <unknown>\n#18 0x7f2985bac044 <unknown>","time":{"start":1702515235899,"stop":1702515236224,"duration":325}},{"uid":"dffe6b801834fa7c","reportUrl":"https://Nat754.github.io/StroyremAutomation/154//#testresult/dffe6b801834fa7c","status":"skipped","statusDetails":"XFAIL\n\nselenium.common.exceptions.NoSuchElementException: Message: no such element: Unable to locate element: {\"method\":\"xpath\",\"selector\":\"(//a[@class='add-to-cart yellow-btn'])[1]\"}\n  (Session info: chrome-headless-shell=120.0.6099.71); For documentation on this error, please visit: https://www.selenium.dev/documentation/webdriver/troubleshooting/errors#no-such-element-exception\nStacktrace:\n#0 0x5598c4ffdd33 <unknown>\n#1 0x5598c4cbaf87 <unknown>\n#2 0x5598c4d0ac0e <unknown>\n#3 0x5598c4d0ad11 <unknown>\n#4 0x5598c4d56004 <unknown>\n#5 0x5598c4d3436d <unknown>\n#6 0x5598c4d53297 <unknown>\n#7 0x5598c4d340e3 <unknown>\n#8 0x5598c4cfc044 <unknown>\n#9 0x5598c4cfd44e <unknown>\n#10 0x5598c4fc2861 <unknown>\n#11 0x5598c4fc6785 <unknown>\n#12 0x5598c4fb0285 <unknown>\n#13 0x5598c4fc741f <unknown>\n#14 0x5598c4f9420f <unknown>\n#15 0x5598c4feb028 <unknown>\n#16 0x5598c4feb1f7 <unknown>\n#17 0x5598c4ffced4 <unknown>\n#18 0x7fe081864044 <unknown>","time":{"start":1702452970702,"stop":1702452971038,"duration":336}}]},"tags":["@pytest.mark.xfail","smoke_test"]},"source":"1ee9c5e6cf41589f.json","parameterValues":["3320","13","'TD 017'","2390","'products/shtukaturka-gipsovaya-aksolit-m50-30-kg-mashinnogo-naneseniya'","650","'https://sandboxtest.stroyrem-nn.ru/'","400"]}