{"uid":"2758eaaf1fd8d810","name":"test_positive_delivery_green_zone_smoke[TD 001-products/uroven---uglomer-elektronnyj-kapro-992-1-30-0-1590-2190-https://sandboxtest.stroyrem-nn.ru/]","fullName":"tests.delivery.test_delivery_calculation.TestDeliveryPageCalculation#test_positive_delivery_green_zone_smoke","historyId":"7d50f9d85ab9724fc9bef1ba931d63a5","time":{"start":1707785609881,"stop":1707785610649,"duration":768},"status":"skipped","statusMessage":"XFAIL\n\nselenium.common.exceptions.NoSuchElementException: Message: no such element: Unable to locate element: {\"method\":\"xpath\",\"selector\":\"(//a[@class='add-to-cart yellow-btn'])[1]\"}\n  (Session info: chrome-headless-shell=121.0.6167.85); For documentation on this error, please visit: https://www.selenium.dev/documentation/webdriver/troubleshooting/errors#no-such-element-exception\nStacktrace:\n#0 0x563ea3659d93 <unknown>\n#1 0x563ea333d337 <unknown>\n#2 0x563ea3388d60 <unknown>\n#3 0x563ea3388e51 <unknown>\n#4 0x563ea33ccbc4 <unknown>\n#5 0x563ea33ab46d <unknown>\n#6 0x563ea33ca12d <unknown>\n#7 0x563ea33ab1e3 <unknown>\n#8 0x563ea337b135 <unknown>\n#9 0x563ea337c13e <unknown>\n#10 0x563ea361de4b <unknown>\n#11 0x563ea3621dfa <unknown>\n#12 0x563ea360a6d5 <unknown>\n#13 0x563ea3622a6f <unknown>\n#14 0x563ea35ee69f <unknown>\n#15 0x563ea3647098 <unknown>\n#16 0x563ea3647262 <unknown>\n#17 0x563ea3658f34 <unknown>\n#18 0x7f301b179134 <unknown>","statusTrace":"self = <tests.delivery.test_delivery_calculation.TestDeliveryPageCalculation object at 0x7f495fa971d0>\ndriver = <selenium.webdriver.chrome.webdriver.WebDriver (session=\"354c390faa0423015b5ca7daaa6246ab\")>\nurl = 'https://sandboxtest.stroyrem-nn.ru/', case_id = 'TD 001'\nlink_item = 'products/uroven---uglomer-elektronnyj-kapro-992', amount = 1\nweight = 30, standard = 0, in_time = 1590, all_time = 2190\n\n    @pytest.mark.parametrize('case_id, link_item, amount, weight, standard, in_time, all_time', [\n        (\"TD 001\", uroven_3000, 1, 30, 0, 1590, 2190),\n        (\"TD 002\", bundeks_25, 1, 30, 400, 1590, 2190),\n        (\"TD 003\", aksolit_30, 8, 300, 400, 1590, 2190),\n        (\"TD 004\", aksolit_30, 13, 400, 450, 1590, 2190),\n        (\"TD 005\", aksolit_30, 16, 500, 600, 1590, 2190),\n        (\"TD 006\", aksolit_30, 25, 1700, 990, 1990, 2480),\n        (\"TD 007\", aksolit_30, 66, 2000, 1300, 2490, 2980),\n        (\"TD 008\", aksolit_30, 149, 4500, 2300, 3980, 4490),\n        (\"TD 009\", aksolit_30, 166, 5000, 2500, 4990, 5480),\n        pytest.param(\n            \"TD 010\", aksolit_30, 206, 6200, 2900, 5570, 6120,\n            marks=pytest.mark.xfail(reson=\"Цена доставки 3600 7960 8980\")\n        ),\n        (\"TD 011\", aksolit_30, 299, 9000, 3600, 7960, 8980),\n        (\"TD 012\", aksolit_30, 333, 10000, 4450, 11990, 12500),\n        pytest.param(\n            \"TD 013\", aksolit_30, 366, 11000, 4800, 12450, 13480,\n            marks=pytest.mark.xfail(reason=\"Цена стандартной доставки 4450\")\n        ),\n        pytest.param(\n            \"TD 014\", aksolit_30, 666, 20000, 5400, 15600, 17490,\n            marks=pytest.mark.xfail(reason=\"Цена стандартной доставки 4450\")\n        )\n    ])\n    @pytest.mark.xfail\n    @pytest.mark.smoke_test\n    def test_positive_delivery_green_zone_smoke(\n            self, driver, url, case_id, link_item, amount, weight, standard, in_time, all_time\n    ):\n    \n        driver.get(f'{url}{link_item}')\n        item_page = ItemPage(driver)\n>       item_page.add_item_to_cart(amount).click_on_cart()\n\ntests/delivery/test_delivery_calculation.py:50: \n_ _ _ _ _ _ _ _ _ _ _ _ _ _ _ _ _ _ _ _ _ _ _ _ _ _ _ _ _ _ _ _ _ _ _ _ _ _ _ _ \npages/item_page.py:40: in add_item_to_cart\n    self.find_element(self._add_item).click()\nbase/seleniumbase.py:17: in find_element\n    return self.driver.find_element(*locator)\n/usr/local/lib/python3.11/site-packages/selenium/webdriver/remote/webdriver.py:739: in find_element\n    return self.execute(Command.FIND_ELEMENT, {\"using\": by, \"value\": value})[\"value\"]\n/usr/local/lib/python3.11/site-packages/selenium/webdriver/remote/webdriver.py:345: in execute\n    self.error_handler.check_response(response)\n_ _ _ _ _ _ _ _ _ _ _ _ _ _ _ _ _ _ _ _ _ _ _ _ _ _ _ _ _ _ _ _ _ _ _ _ _ _ _ _ \n\nself = <selenium.webdriver.remote.errorhandler.ErrorHandler object at 0x7f495e87d0d0>\nresponse = {'status': 404, 'value': '{\"value\":{\"error\":\"no such element\",\"message\":\"no such element: Unable to locate element: {\\...\\\\n#16 0x563ea3647262 \\\\u003Cunknown>\\\\n#17 0x563ea3658f34 \\\\u003Cunknown>\\\\n#18 0x7f301b179134 \\\\u003Cunknown>\\\\n\"}}'}\n\n    def check_response(self, response: Dict[str, Any]) -> None:\n        \"\"\"Checks that a JSON response from the WebDriver does not have an\n        error.\n    \n        :Args:\n         - response - The JSON response from the WebDriver server as a dictionary\n           object.\n    \n        :Raises: If the response contains an error message.\n        \"\"\"\n        status = response.get(\"status\", None)\n        if not status or status == ErrorCode.SUCCESS:\n            return\n        value = None\n        message = response.get(\"message\", \"\")\n        screen: str = response.get(\"screen\", \"\")\n        stacktrace = None\n        if isinstance(status, int):\n            value_json = response.get(\"value\", None)\n            if value_json and isinstance(value_json, str):\n                import json\n    \n                try:\n                    value = json.loads(value_json)\n                    if len(value) == 1:\n                        value = value[\"value\"]\n                    status = value.get(\"error\", None)\n                    if not status:\n                        status = value.get(\"status\", ErrorCode.UNKNOWN_ERROR)\n                        message = value.get(\"value\") or value.get(\"message\")\n                        if not isinstance(message, str):\n                            value = message\n                            message = message.get(\"message\")\n                    else:\n                        message = value.get(\"message\", None)\n                except ValueError:\n                    pass\n    \n        exception_class: Type[WebDriverException]\n        e = ErrorCode()\n        error_codes = [item for item in dir(e) if not item.startswith(\"__\")]\n        for error_code in error_codes:\n            error_info = getattr(ErrorCode, error_code)\n            if isinstance(error_info, list) and status in error_info:\n                exception_class = getattr(ExceptionMapping, error_code, WebDriverException)\n                break\n        else:\n            exception_class = WebDriverException\n    \n        if not value:\n            value = response[\"value\"]\n        if isinstance(value, str):\n            raise exception_class(value)\n        if message == \"\" and \"message\" in value:\n            message = value[\"message\"]\n    \n        screen = None  # type: ignore[assignment]\n        if \"screen\" in value:\n            screen = value[\"screen\"]\n    \n        stacktrace = None\n        st_value = value.get(\"stackTrace\") or value.get(\"stacktrace\")\n        if st_value:\n            if isinstance(st_value, str):\n                stacktrace = st_value.split(\"\\n\")\n            else:\n                stacktrace = []\n                try:\n                    for frame in st_value:\n                        line = frame.get(\"lineNumber\", \"\")\n                        file = frame.get(\"fileName\", \"<anonymous>\")\n                        if line:\n                            file = f\"{file}:{line}\"\n                        meth = frame.get(\"methodName\", \"<anonymous>\")\n                        if \"className\" in frame:\n                            meth = f\"{frame['className']}.{meth}\"\n                        msg = \"    at %s (%s)\"\n                        msg = msg % (meth, file)\n                        stacktrace.append(msg)\n                except TypeError:\n                    pass\n        if exception_class == UnexpectedAlertPresentException:\n            alert_text = None\n            if \"data\" in value:\n                alert_text = value[\"data\"].get(\"text\")\n            elif \"alert\" in value:\n                alert_text = value[\"alert\"].get(\"text\")\n            raise exception_class(message, screen, stacktrace, alert_text)  # type: ignore[call-arg]  # mypy is not smart enough here\n>       raise exception_class(message, screen, stacktrace)\nE       selenium.common.exceptions.NoSuchElementException: Message: no such element: Unable to locate element: {\"method\":\"xpath\",\"selector\":\"(//a[@class='add-to-cart yellow-btn'])[1]\"}\nE         (Session info: chrome-headless-shell=121.0.6167.85); For documentation on this error, please visit: https://www.selenium.dev/documentation/webdriver/troubleshooting/errors#no-such-element-exception\nE       Stacktrace:\nE       #0 0x563ea3659d93 <unknown>\nE       #1 0x563ea333d337 <unknown>\nE       #2 0x563ea3388d60 <unknown>\nE       #3 0x563ea3388e51 <unknown>\nE       #4 0x563ea33ccbc4 <unknown>\nE       #5 0x563ea33ab46d <unknown>\nE       #6 0x563ea33ca12d <unknown>\nE       #7 0x563ea33ab1e3 <unknown>\nE       #8 0x563ea337b135 <unknown>\nE       #9 0x563ea337c13e <unknown>\nE       #10 0x563ea361de4b <unknown>\nE       #11 0x563ea3621dfa <unknown>\nE       #12 0x563ea360a6d5 <unknown>\nE       #13 0x563ea3622a6f <unknown>\nE       #14 0x563ea35ee69f <unknown>\nE       #15 0x563ea3647098 <unknown>\nE       #16 0x563ea3647262 <unknown>\nE       #17 0x563ea3658f34 <unknown>\nE       #18 0x7f301b179134 <unknown>\n\n/usr/local/lib/python3.11/site-packages/selenium/webdriver/remote/errorhandler.py:229: NoSuchElementException","flaky":false,"newFailed":false,"newBroken":false,"newPassed":false,"retriesCount":0,"retriesStatusChange":false,"beforeStages":[{"name":"_session_faker","time":{"start":1707785321292,"stop":1707785321363,"duration":71},"status":"passed","steps":[],"attachments":[],"parameters":[],"shouldDisplayMessage":false,"stepsCount":0,"attachmentsCount":0,"hasContent":false,"attachmentStep":false},{"name":"clear_allure_results_folder","time":{"start":1707785321363,"stop":1707785321363,"duration":0},"status":"passed","steps":[],"attachments":[],"parameters":[],"shouldDisplayMessage":false,"stepsCount":0,"attachmentsCount":0,"hasContent":false,"attachmentStep":false},{"name":"driver","time":{"start":1707785609105,"stop":1707785609880,"duration":775},"status":"passed","steps":[],"attachments":[],"parameters":[],"shouldDisplayMessage":false,"stepsCount":0,"attachmentsCount":0,"hasContent":false,"attachmentStep":false},{"name":"setup","time":{"start":1707785609880,"stop":1707785609880,"duration":0},"status":"passed","steps":[],"attachments":[],"parameters":[],"shouldDisplayMessage":false,"stepsCount":0,"attachmentsCount":0,"hasContent":false,"attachmentStep":false}],"testStage":{"status":"skipped","statusMessage":"XFAIL\n\nselenium.common.exceptions.NoSuchElementException: Message: no such element: Unable to locate element: {\"method\":\"xpath\",\"selector\":\"(//a[@class='add-to-cart yellow-btn'])[1]\"}\n  (Session info: chrome-headless-shell=121.0.6167.85); For documentation on this error, please visit: https://www.selenium.dev/documentation/webdriver/troubleshooting/errors#no-such-element-exception\nStacktrace:\n#0 0x563ea3659d93 <unknown>\n#1 0x563ea333d337 <unknown>\n#2 0x563ea3388d60 <unknown>\n#3 0x563ea3388e51 <unknown>\n#4 0x563ea33ccbc4 <unknown>\n#5 0x563ea33ab46d <unknown>\n#6 0x563ea33ca12d <unknown>\n#7 0x563ea33ab1e3 <unknown>\n#8 0x563ea337b135 <unknown>\n#9 0x563ea337c13e <unknown>\n#10 0x563ea361de4b <unknown>\n#11 0x563ea3621dfa <unknown>\n#12 0x563ea360a6d5 <unknown>\n#13 0x563ea3622a6f <unknown>\n#14 0x563ea35ee69f <unknown>\n#15 0x563ea3647098 <unknown>\n#16 0x563ea3647262 <unknown>\n#17 0x563ea3658f34 <unknown>\n#18 0x7f301b179134 <unknown>","statusTrace":"self = <tests.delivery.test_delivery_calculation.TestDeliveryPageCalculation object at 0x7f495fa971d0>\ndriver = <selenium.webdriver.chrome.webdriver.WebDriver (session=\"354c390faa0423015b5ca7daaa6246ab\")>\nurl = 'https://sandboxtest.stroyrem-nn.ru/', case_id = 'TD 001'\nlink_item = 'products/uroven---uglomer-elektronnyj-kapro-992', amount = 1\nweight = 30, standard = 0, in_time = 1590, all_time = 2190\n\n    @pytest.mark.parametrize('case_id, link_item, amount, weight, standard, in_time, all_time', [\n        (\"TD 001\", uroven_3000, 1, 30, 0, 1590, 2190),\n        (\"TD 002\", bundeks_25, 1, 30, 400, 1590, 2190),\n        (\"TD 003\", aksolit_30, 8, 300, 400, 1590, 2190),\n        (\"TD 004\", aksolit_30, 13, 400, 450, 1590, 2190),\n        (\"TD 005\", aksolit_30, 16, 500, 600, 1590, 2190),\n        (\"TD 006\", aksolit_30, 25, 1700, 990, 1990, 2480),\n        (\"TD 007\", aksolit_30, 66, 2000, 1300, 2490, 2980),\n        (\"TD 008\", aksolit_30, 149, 4500, 2300, 3980, 4490),\n        (\"TD 009\", aksolit_30, 166, 5000, 2500, 4990, 5480),\n        pytest.param(\n            \"TD 010\", aksolit_30, 206, 6200, 2900, 5570, 6120,\n            marks=pytest.mark.xfail(reson=\"Цена доставки 3600 7960 8980\")\n        ),\n        (\"TD 011\", aksolit_30, 299, 9000, 3600, 7960, 8980),\n        (\"TD 012\", aksolit_30, 333, 10000, 4450, 11990, 12500),\n        pytest.param(\n            \"TD 013\", aksolit_30, 366, 11000, 4800, 12450, 13480,\n            marks=pytest.mark.xfail(reason=\"Цена стандартной доставки 4450\")\n        ),\n        pytest.param(\n            \"TD 014\", aksolit_30, 666, 20000, 5400, 15600, 17490,\n            marks=pytest.mark.xfail(reason=\"Цена стандартной доставки 4450\")\n        )\n    ])\n    @pytest.mark.xfail\n    @pytest.mark.smoke_test\n    def test_positive_delivery_green_zone_smoke(\n            self, driver, url, case_id, link_item, amount, weight, standard, in_time, all_time\n    ):\n    \n        driver.get(f'{url}{link_item}')\n        item_page = ItemPage(driver)\n>       item_page.add_item_to_cart(amount).click_on_cart()\n\ntests/delivery/test_delivery_calculation.py:50: \n_ _ _ _ _ _ _ _ _ _ _ _ _ _ _ _ _ _ _ _ _ _ _ _ _ _ _ _ _ _ _ _ _ _ _ _ _ _ _ _ \npages/item_page.py:40: in add_item_to_cart\n    self.find_element(self._add_item).click()\nbase/seleniumbase.py:17: in find_element\n    return self.driver.find_element(*locator)\n/usr/local/lib/python3.11/site-packages/selenium/webdriver/remote/webdriver.py:739: in find_element\n    return self.execute(Command.FIND_ELEMENT, {\"using\": by, \"value\": value})[\"value\"]\n/usr/local/lib/python3.11/site-packages/selenium/webdriver/remote/webdriver.py:345: in execute\n    self.error_handler.check_response(response)\n_ _ _ _ _ _ _ _ _ _ _ _ _ _ _ _ _ _ _ _ _ _ _ _ _ _ _ _ _ _ _ _ _ _ _ _ _ _ _ _ \n\nself = <selenium.webdriver.remote.errorhandler.ErrorHandler object at 0x7f495e87d0d0>\nresponse = {'status': 404, 'value': '{\"value\":{\"error\":\"no such element\",\"message\":\"no such element: Unable to locate element: {\\...\\\\n#16 0x563ea3647262 \\\\u003Cunknown>\\\\n#17 0x563ea3658f34 \\\\u003Cunknown>\\\\n#18 0x7f301b179134 \\\\u003Cunknown>\\\\n\"}}'}\n\n    def check_response(self, response: Dict[str, Any]) -> None:\n        \"\"\"Checks that a JSON response from the WebDriver does not have an\n        error.\n    \n        :Args:\n         - response - The JSON response from the WebDriver server as a dictionary\n           object.\n    \n        :Raises: If the response contains an error message.\n        \"\"\"\n        status = response.get(\"status\", None)\n        if not status or status == ErrorCode.SUCCESS:\n            return\n        value = None\n        message = response.get(\"message\", \"\")\n        screen: str = response.get(\"screen\", \"\")\n        stacktrace = None\n        if isinstance(status, int):\n            value_json = response.get(\"value\", None)\n            if value_json and isinstance(value_json, str):\n                import json\n    \n                try:\n                    value = json.loads(value_json)\n                    if len(value) == 1:\n                        value = value[\"value\"]\n                    status = value.get(\"error\", None)\n                    if not status:\n                        status = value.get(\"status\", ErrorCode.UNKNOWN_ERROR)\n                        message = value.get(\"value\") or value.get(\"message\")\n                        if not isinstance(message, str):\n                            value = message\n                            message = message.get(\"message\")\n                    else:\n                        message = value.get(\"message\", None)\n                except ValueError:\n                    pass\n    \n        exception_class: Type[WebDriverException]\n        e = ErrorCode()\n        error_codes = [item for item in dir(e) if not item.startswith(\"__\")]\n        for error_code in error_codes:\n            error_info = getattr(ErrorCode, error_code)\n            if isinstance(error_info, list) and status in error_info:\n                exception_class = getattr(ExceptionMapping, error_code, WebDriverException)\n                break\n        else:\n            exception_class = WebDriverException\n    \n        if not value:\n            value = response[\"value\"]\n        if isinstance(value, str):\n            raise exception_class(value)\n        if message == \"\" and \"message\" in value:\n            message = value[\"message\"]\n    \n        screen = None  # type: ignore[assignment]\n        if \"screen\" in value:\n            screen = value[\"screen\"]\n    \n        stacktrace = None\n        st_value = value.get(\"stackTrace\") or value.get(\"stacktrace\")\n        if st_value:\n            if isinstance(st_value, str):\n                stacktrace = st_value.split(\"\\n\")\n            else:\n                stacktrace = []\n                try:\n                    for frame in st_value:\n                        line = frame.get(\"lineNumber\", \"\")\n                        file = frame.get(\"fileName\", \"<anonymous>\")\n                        if line:\n                            file = f\"{file}:{line}\"\n                        meth = frame.get(\"methodName\", \"<anonymous>\")\n                        if \"className\" in frame:\n                            meth = f\"{frame['className']}.{meth}\"\n                        msg = \"    at %s (%s)\"\n                        msg = msg % (meth, file)\n                        stacktrace.append(msg)\n                except TypeError:\n                    pass\n        if exception_class == UnexpectedAlertPresentException:\n            alert_text = None\n            if \"data\" in value:\n                alert_text = value[\"data\"].get(\"text\")\n            elif \"alert\" in value:\n                alert_text = value[\"alert\"].get(\"text\")\n            raise exception_class(message, screen, stacktrace, alert_text)  # type: ignore[call-arg]  # mypy is not smart enough here\n>       raise exception_class(message, screen, stacktrace)\nE       selenium.common.exceptions.NoSuchElementException: Message: no such element: Unable to locate element: {\"method\":\"xpath\",\"selector\":\"(//a[@class='add-to-cart yellow-btn'])[1]\"}\nE         (Session info: chrome-headless-shell=121.0.6167.85); For documentation on this error, please visit: https://www.selenium.dev/documentation/webdriver/troubleshooting/errors#no-such-element-exception\nE       Stacktrace:\nE       #0 0x563ea3659d93 <unknown>\nE       #1 0x563ea333d337 <unknown>\nE       #2 0x563ea3388d60 <unknown>\nE       #3 0x563ea3388e51 <unknown>\nE       #4 0x563ea33ccbc4 <unknown>\nE       #5 0x563ea33ab46d <unknown>\nE       #6 0x563ea33ca12d <unknown>\nE       #7 0x563ea33ab1e3 <unknown>\nE       #8 0x563ea337b135 <unknown>\nE       #9 0x563ea337c13e <unknown>\nE       #10 0x563ea361de4b <unknown>\nE       #11 0x563ea3621dfa <unknown>\nE       #12 0x563ea360a6d5 <unknown>\nE       #13 0x563ea3622a6f <unknown>\nE       #14 0x563ea35ee69f <unknown>\nE       #15 0x563ea3647098 <unknown>\nE       #16 0x563ea3647262 <unknown>\nE       #17 0x563ea3658f34 <unknown>\nE       #18 0x7f301b179134 <unknown>\n\n/usr/local/lib/python3.11/site-packages/selenium/webdriver/remote/errorhandler.py:229: NoSuchElementException","steps":[{"name":"Добавляем товар в корзину в количестве 1","time":{"start":1707785610636,"stop":1707785610648,"duration":12},"status":"broken","statusMessage":"selenium.common.exceptions.NoSuchElementException: Message: no such element: Unable to locate element: {\"method\":\"xpath\",\"selector\":\"(//a[@class='add-to-cart yellow-btn'])[1]\"}\n  (Session info: chrome-headless-shell=121.0.6167.85); For documentation on this error, please visit: https://www.selenium.dev/documentation/webdriver/troubleshooting/errors#no-such-element-exception\nStacktrace:\n#0 0x563ea3659d93 <unknown>\n#1 0x563ea333d337 <unknown>\n#2 0x563ea3388d60 <unknown>\n#3 0x563ea3388e51 <unknown>\n#4 0x563ea33ccbc4 <unknown>\n#5 0x563ea33ab46d <unknown>\n#6 0x563ea33ca12d <unknown>\n#7 0x563ea33ab1e3 <unknown>\n#8 0x563ea337b135 <unknown>\n#9 0x563ea337c13e <unknown>\n#10 0x563ea361de4b <unknown>\n#11 0x563ea3621dfa <unknown>\n#12 0x563ea360a6d5 <unknown>\n#13 0x563ea3622a6f <unknown>\n#14 0x563ea35ee69f <unknown>\n#15 0x563ea3647098 <unknown>\n#16 0x563ea3647262 <unknown>\n#17 0x563ea3658f34 <unknown>\n#18 0x7f301b179134 <unknown>\n\n","statusTrace":"  File \"/usr/local/lib/python3.11/site-packages/allure_commons/_allure.py\", line 192, in impl\n    return func(*a, **kw)\n           ^^^^^^^^^^^^^^\n  File \"/app/pages/item_page.py\", line 40, in add_item_to_cart\n    self.find_element(self._add_item).click()\n    ^^^^^^^^^^^^^^^^^^^^^^^^^^^^^^^^^\n  File \"/app/base/seleniumbase.py\", line 17, in find_element\n    return self.driver.find_element(*locator)\n           ^^^^^^^^^^^^^^^^^^^^^^^^^^^^^^^^^^\n  File \"/usr/local/lib/python3.11/site-packages/selenium/webdriver/remote/webdriver.py\", line 739, in find_element\n    return self.execute(Command.FIND_ELEMENT, {\"using\": by, \"value\": value})[\"value\"]\n           ^^^^^^^^^^^^^^^^^^^^^^^^^^^^^^^^^^^^^^^^^^^^^^^^^^^^^^^^^^^^^^^^^\n  File \"/usr/local/lib/python3.11/site-packages/selenium/webdriver/remote/webdriver.py\", line 345, in execute\n    self.error_handler.check_response(response)\n  File \"/usr/local/lib/python3.11/site-packages/selenium/webdriver/remote/errorhandler.py\", line 229, in check_response\n    raise exception_class(message, screen, stacktrace)\n","steps":[],"attachments":[],"parameters":[{"name":"amount","value":"1"}],"shouldDisplayMessage":true,"stepsCount":0,"attachmentsCount":0,"hasContent":true,"attachmentStep":false}],"attachments":[{"uid":"b84385c2f48b2f12","name":"Screenshot","source":"b84385c2f48b2f12.png","type":"image/png","size":5862},{"uid":"bed21ea696e066c4","name":"HTML source","source":"bed21ea696e066c4.html","type":"text/html","size":39}],"parameters":[],"shouldDisplayMessage":true,"stepsCount":1,"attachmentsCount":2,"hasContent":true,"attachmentStep":false},"afterStages":[{"name":"driver::0","time":{"start":1707785610754,"stop":1707785610811,"duration":57},"status":"passed","steps":[],"attachments":[],"parameters":[],"shouldDisplayMessage":false,"stepsCount":0,"attachmentsCount":0,"hasContent":false,"attachmentStep":false},{"name":"setup::0","time":{"start":1707785610754,"stop":1707785610754,"duration":0},"status":"passed","steps":[],"attachments":[],"parameters":[],"shouldDisplayMessage":false,"stepsCount":0,"attachmentsCount":0,"hasContent":false,"attachmentStep":false}],"labels":[{"name":"epic","value":"Delivery Page - calculation"},{"name":"tag","value":"smoke_test"},{"name":"tag","value":"@pytest.mark.xfail"},{"name":"parentSuite","value":"tests.delivery"},{"name":"suite","value":"test_delivery_calculation"},{"name":"subSuite","value":"TestDeliveryPageCalculation"},{"name":"host","value":"5fe26bc8ac41"},{"name":"thread","value":"1-MainThread"},{"name":"framework","value":"pytest"},{"name":"language","value":"cpython3"},{"name":"package","value":"tests.delivery.test_delivery_calculation"},{"name":"resultFormat","value":"allure2"}],"parameters":[{"name":"all_time","value":"2190"},{"name":"amount","value":"1"},{"name":"case_id","value":"'TD 001'"},{"name":"in_time","value":"1590"},{"name":"link_item","value":"'products/uroven---uglomer-elektronnyj-kapro-992'"},{"name":"standard","value":"0"},{"name":"url","value":"'https://sandboxtest.stroyrem-nn.ru/'"},{"name":"weight","value":"30"}],"links":[],"hidden":false,"retry":false,"extra":{"severity":"normal","retries":[],"categories":[],"history":{"statistic":{"failed":0,"broken":13,"skipped":155,"passed":0,"unknown":0,"total":168},"items":[{"uid":"c270517dc96904b","reportUrl":"https://Nat754.github.io/StroyremAutomation/215//#testresult/c270517dc96904b","status":"skipped","statusDetails":"XFAIL\n\nselenium.common.exceptions.NoSuchElementException: Message: no such element: Unable to locate element: {\"method\":\"xpath\",\"selector\":\"(//a[@class='add-to-cart yellow-btn'])[1]\"}\n  (Session info: chrome-headless-shell=121.0.6167.85); For documentation on this error, please visit: https://www.selenium.dev/documentation/webdriver/troubleshooting/errors#no-such-element-exception\nStacktrace:\n#0 0x5559dec55d93 <unknown>\n#1 0x5559de939337 <unknown>\n#2 0x5559de984d60 <unknown>\n#3 0x5559de984e51 <unknown>\n#4 0x5559de9c8bc4 <unknown>\n#5 0x5559de9a746d <unknown>\n#6 0x5559de9c612d <unknown>\n#7 0x5559de9a71e3 <unknown>\n#8 0x5559de977135 <unknown>\n#9 0x5559de97813e <unknown>\n#10 0x5559dec19e4b <unknown>\n#11 0x5559dec1ddfa <unknown>\n#12 0x5559dec066d5 <unknown>\n#13 0x5559dec1ea6f <unknown>\n#14 0x5559debea69f <unknown>\n#15 0x5559dec43098 <unknown>\n#16 0x5559dec43262 <unknown>\n#17 0x5559dec54f34 <unknown>\n#18 0x7f63fb0c4134 <unknown>","time":{"start":1707699151581,"stop":1707699151990,"duration":409}},{"uid":"fd702f69f76e39","reportUrl":"https://Nat754.github.io/StroyremAutomation/214//#testresult/fd702f69f76e39","status":"skipped","statusDetails":"XFAIL\n\nselenium.common.exceptions.NoSuchElementException: Message: no such element: Unable to locate element: {\"method\":\"xpath\",\"selector\":\"(//a[@class='add-to-cart yellow-btn'])[1]\"}\n  (Session info: chrome-headless-shell=121.0.6167.85); For documentation on this error, please visit: https://www.selenium.dev/documentation/webdriver/troubleshooting/errors#no-such-element-exception\nStacktrace:\n#0 0x5557bf53fd93 <unknown>\n#1 0x5557bf223337 <unknown>\n#2 0x5557bf26ed60 <unknown>\n#3 0x5557bf26ee51 <unknown>\n#4 0x5557bf2b2bc4 <unknown>\n#5 0x5557bf29146d <unknown>\n#6 0x5557bf2b012d <unknown>\n#7 0x5557bf2911e3 <unknown>\n#8 0x5557bf261135 <unknown>\n#9 0x5557bf26213e <unknown>\n#10 0x5557bf503e4b <unknown>\n#11 0x5557bf507dfa <unknown>\n#12 0x5557bf4f06d5 <unknown>\n#13 0x5557bf508a6f <unknown>\n#14 0x5557bf4d469f <unknown>\n#15 0x5557bf52d098 <unknown>\n#16 0x5557bf52d262 <unknown>\n#17 0x5557bf53ef34 <unknown>\n#18 0x7f2a76048134 <unknown>","time":{"start":1707613000734,"stop":1707613001200,"duration":466}},{"uid":"c2666cc84f9d7856","reportUrl":"https://Nat754.github.io/StroyremAutomation/213//#testresult/c2666cc84f9d7856","status":"skipped","statusDetails":"XFAIL\n\nselenium.common.exceptions.NoSuchElementException: Message: no such element: Unable to locate element: {\"method\":\"xpath\",\"selector\":\"(//a[@class='add-to-cart yellow-btn'])[1]\"}\n  (Session info: chrome-headless-shell=121.0.6167.85); For documentation on this error, please visit: https://www.selenium.dev/documentation/webdriver/troubleshooting/errors#no-such-element-exception\nStacktrace:\n#0 0x55dad958dd93 <unknown>\n#1 0x55dad9271337 <unknown>\n#2 0x55dad92bcd60 <unknown>\n#3 0x55dad92bce51 <unknown>\n#4 0x55dad9300bc4 <unknown>\n#5 0x55dad92df46d <unknown>\n#6 0x55dad92fe12d <unknown>\n#7 0x55dad92df1e3 <unknown>\n#8 0x55dad92af135 <unknown>\n#9 0x55dad92b013e <unknown>\n#10 0x55dad9551e4b <unknown>\n#11 0x55dad9555dfa <unknown>\n#12 0x55dad953e6d5 <unknown>\n#13 0x55dad9556a6f <unknown>\n#14 0x55dad952269f <unknown>\n#15 0x55dad957b098 <unknown>\n#16 0x55dad957b262 <unknown>\n#17 0x55dad958cf34 <unknown>\n#18 0x7fe4bdaa8134 <unknown>","time":{"start":1707526234596,"stop":1707526235159,"duration":563}},{"uid":"8a46ebc074f58a7e","reportUrl":"https://Nat754.github.io/StroyremAutomation/212//#testresult/8a46ebc074f58a7e","status":"skipped","statusDetails":"XFAIL\n\nselenium.common.exceptions.NoSuchElementException: Message: no such element: Unable to locate element: {\"method\":\"xpath\",\"selector\":\"(//a[@class='add-to-cart yellow-btn'])[1]\"}\n  (Session info: chrome-headless-shell=121.0.6167.85); For documentation on this error, please visit: https://www.selenium.dev/documentation/webdriver/troubleshooting/errors#no-such-element-exception\nStacktrace:\n#0 0x5635dcebad93 <unknown>\n#1 0x5635dcb9e337 <unknown>\n#2 0x5635dcbe9d60 <unknown>\n#3 0x5635dcbe9e51 <unknown>\n#4 0x5635dcc2dbc4 <unknown>\n#5 0x5635dcc0c46d <unknown>\n#6 0x5635dcc2b12d <unknown>\n#7 0x5635dcc0c1e3 <unknown>\n#8 0x5635dcbdc135 <unknown>\n#9 0x5635dcbdd13e <unknown>\n#10 0x5635dce7ee4b <unknown>\n#11 0x5635dce82dfa <unknown>\n#12 0x5635dce6b6d5 <unknown>\n#13 0x5635dce83a6f <unknown>\n#14 0x5635dce4f69f <unknown>\n#15 0x5635dcea8098 <unknown>\n#16 0x5635dcea8262 <unknown>\n#17 0x5635dceb9f34 <unknown>\n#18 0x7f920dedf134 <unknown>","time":{"start":1707439849113,"stop":1707439849617,"duration":504}},{"uid":"6fe6f43650860570","reportUrl":"https://Nat754.github.io/StroyremAutomation/211//#testresult/6fe6f43650860570","status":"skipped","statusDetails":"XFAIL\n\nselenium.common.exceptions.NoSuchElementException: Message: no such element: Unable to locate element: {\"method\":\"xpath\",\"selector\":\"(//a[@class='add-to-cart yellow-btn'])[1]\"}\n  (Session info: chrome-headless-shell=121.0.6167.85); For documentation on this error, please visit: https://www.selenium.dev/documentation/webdriver/troubleshooting/errors#no-such-element-exception\nStacktrace:\n#0 0x561207e1bd93 <unknown>\n#1 0x561207aff337 <unknown>\n#2 0x561207b4ad60 <unknown>\n#3 0x561207b4ae51 <unknown>\n#4 0x561207b8ebc4 <unknown>\n#5 0x561207b6d46d <unknown>\n#6 0x561207b8c12d <unknown>\n#7 0x561207b6d1e3 <unknown>\n#8 0x561207b3d135 <unknown>\n#9 0x561207b3e13e <unknown>\n#10 0x561207ddfe4b <unknown>\n#11 0x561207de3dfa <unknown>\n#12 0x561207dcc6d5 <unknown>\n#13 0x561207de4a6f <unknown>\n#14 0x561207db069f <unknown>\n#15 0x561207e09098 <unknown>\n#16 0x561207e09262 <unknown>\n#17 0x561207e1af34 <unknown>\n#18 0x7fa372e31134 <unknown>","time":{"start":1707353469360,"stop":1707353469838,"duration":478}},{"uid":"62b570026f66310e","reportUrl":"https://Nat754.github.io/StroyremAutomation/210//#testresult/62b570026f66310e","status":"skipped","statusDetails":"XFAIL\n\nselenium.common.exceptions.NoSuchElementException: Message: no such element: Unable to locate element: {\"method\":\"xpath\",\"selector\":\"(//a[@class='add-to-cart yellow-btn'])[1]\"}\n  (Session info: chrome-headless-shell=121.0.6167.85); For documentation on this error, please visit: https://www.selenium.dev/documentation/webdriver/troubleshooting/errors#no-such-element-exception\nStacktrace:\n#0 0x564587b80d93 <unknown>\n#1 0x564587864337 <unknown>\n#2 0x5645878afd60 <unknown>\n#3 0x5645878afe51 <unknown>\n#4 0x5645878f3bc4 <unknown>\n#5 0x5645878d246d <unknown>\n#6 0x5645878f112d <unknown>\n#7 0x5645878d21e3 <unknown>\n#8 0x5645878a2135 <unknown>\n#9 0x5645878a313e <unknown>\n#10 0x564587b44e4b <unknown>\n#11 0x564587b48dfa <unknown>\n#12 0x564587b316d5 <unknown>\n#13 0x564587b49a6f <unknown>\n#14 0x564587b1569f <unknown>\n#15 0x564587b6e098 <unknown>\n#16 0x564587b6e262 <unknown>\n#17 0x564587b7ff34 <unknown>\n#18 0x7f4f0fad6134 <unknown>","time":{"start":1707267000532,"stop":1707267000984,"duration":452}},{"uid":"45b45900edf2ba1e","reportUrl":"https://Nat754.github.io/StroyremAutomation/209//#testresult/45b45900edf2ba1e","status":"skipped","statusDetails":"XFAIL\n\nselenium.common.exceptions.NoSuchElementException: Message: no such element: Unable to locate element: {\"method\":\"xpath\",\"selector\":\"(//a[@class='add-to-cart yellow-btn'])[1]\"}\n  (Session info: chrome-headless-shell=121.0.6167.85); For documentation on this error, please visit: https://www.selenium.dev/documentation/webdriver/troubleshooting/errors#no-such-element-exception\nStacktrace:\n#0 0x5562c7cfdd93 <unknown>\n#1 0x5562c79e1337 <unknown>\n#2 0x5562c7a2cd60 <unknown>\n#3 0x5562c7a2ce51 <unknown>\n#4 0x5562c7a70bc4 <unknown>\n#5 0x5562c7a4f46d <unknown>\n#6 0x5562c7a6e12d <unknown>\n#7 0x5562c7a4f1e3 <unknown>\n#8 0x5562c7a1f135 <unknown>\n#9 0x5562c7a2013e <unknown>\n#10 0x5562c7cc1e4b <unknown>\n#11 0x5562c7cc5dfa <unknown>\n#12 0x5562c7cae6d5 <unknown>\n#13 0x5562c7cc6a6f <unknown>\n#14 0x5562c7c9269f <unknown>\n#15 0x5562c7ceb098 <unknown>\n#16 0x5562c7ceb262 <unknown>\n#17 0x5562c7cfcf34 <unknown>\n#18 0x7f97891a0134 <unknown>","time":{"start":1707180713684,"stop":1707180714239,"duration":555}},{"uid":"c0b42ed3241d3315","reportUrl":"https://Nat754.github.io/StroyremAutomation/208//#testresult/c0b42ed3241d3315","status":"skipped","statusDetails":"XFAIL\n\nselenium.common.exceptions.NoSuchElementException: Message: no such element: Unable to locate element: {\"method\":\"xpath\",\"selector\":\"(//a[@class='add-to-cart yellow-btn'])[1]\"}\n  (Session info: chrome-headless-shell=121.0.6167.85); For documentation on this error, please visit: https://www.selenium.dev/documentation/webdriver/troubleshooting/errors#no-such-element-exception\nStacktrace:\n#0 0x55eb9beebd93 <unknown>\n#1 0x55eb9bbcf337 <unknown>\n#2 0x55eb9bc1ad60 <unknown>\n#3 0x55eb9bc1ae51 <unknown>\n#4 0x55eb9bc5ebc4 <unknown>\n#5 0x55eb9bc3d46d <unknown>\n#6 0x55eb9bc5c12d <unknown>\n#7 0x55eb9bc3d1e3 <unknown>\n#8 0x55eb9bc0d135 <unknown>\n#9 0x55eb9bc0e13e <unknown>\n#10 0x55eb9beafe4b <unknown>\n#11 0x55eb9beb3dfa <unknown>\n#12 0x55eb9be9c6d5 <unknown>\n#13 0x55eb9beb4a6f <unknown>\n#14 0x55eb9be8069f <unknown>\n#15 0x55eb9bed9098 <unknown>\n#16 0x55eb9bed9262 <unknown>\n#17 0x55eb9beeaf34 <unknown>\n#18 0x7f2f254e1134 <unknown>","time":{"start":1707094477473,"stop":1707094478031,"duration":558}},{"uid":"59f05b53e3735c05","reportUrl":"https://Nat754.github.io/StroyremAutomation/207//#testresult/59f05b53e3735c05","status":"skipped","statusDetails":"XFAIL\n\nselenium.common.exceptions.NoSuchElementException: Message: no such element: Unable to locate element: {\"method\":\"xpath\",\"selector\":\"(//a[@class='add-to-cart yellow-btn'])[1]\"}\n  (Session info: chrome-headless-shell=121.0.6167.85); For documentation on this error, please visit: https://www.selenium.dev/documentation/webdriver/troubleshooting/errors#no-such-element-exception\nStacktrace:\n#0 0x5631a7d13d93 <unknown>\n#1 0x5631a79f7337 <unknown>\n#2 0x5631a7a42d60 <unknown>\n#3 0x5631a7a42e51 <unknown>\n#4 0x5631a7a86bc4 <unknown>\n#5 0x5631a7a6546d <unknown>\n#6 0x5631a7a8412d <unknown>\n#7 0x5631a7a651e3 <unknown>\n#8 0x5631a7a35135 <unknown>\n#9 0x5631a7a3613e <unknown>\n#10 0x5631a7cd7e4b <unknown>\n#11 0x5631a7cdbdfa <unknown>\n#12 0x5631a7cc46d5 <unknown>\n#13 0x5631a7cdca6f <unknown>\n#14 0x5631a7ca869f <unknown>\n#15 0x5631a7d01098 <unknown>\n#16 0x5631a7d01262 <unknown>\n#17 0x5631a7d12f34 <unknown>\n#18 0x7f3c98f71134 <unknown>","time":{"start":1707008189702,"stop":1707008190153,"duration":451}},{"uid":"421f9c41effda2eb","reportUrl":"https://Nat754.github.io/StroyremAutomation/206//#testresult/421f9c41effda2eb","status":"skipped","statusDetails":"XFAIL\n\nselenium.common.exceptions.NoSuchElementException: Message: no such element: Unable to locate element: {\"method\":\"xpath\",\"selector\":\"(//a[@class='add-to-cart yellow-btn'])[1]\"}\n  (Session info: chrome-headless-shell=121.0.6167.85); For documentation on this error, please visit: https://www.selenium.dev/documentation/webdriver/troubleshooting/errors#no-such-element-exception\nStacktrace:\n#0 0x561218b46d93 <unknown>\n#1 0x56121882a337 <unknown>\n#2 0x561218875d60 <unknown>\n#3 0x561218875e51 <unknown>\n#4 0x5612188b9bc4 <unknown>\n#5 0x56121889846d <unknown>\n#6 0x5612188b712d <unknown>\n#7 0x5612188981e3 <unknown>\n#8 0x561218868135 <unknown>\n#9 0x56121886913e <unknown>\n#10 0x561218b0ae4b <unknown>\n#11 0x561218b0edfa <unknown>\n#12 0x561218af76d5 <unknown>\n#13 0x561218b0fa6f <unknown>\n#14 0x561218adb69f <unknown>\n#15 0x561218b34098 <unknown>\n#16 0x561218b34262 <unknown>\n#17 0x561218b45f34 <unknown>\n#18 0x7f314636d134 <unknown>","time":{"start":1706921497083,"stop":1706921497714,"duration":631}},{"uid":"4f289882f0ce06cd","reportUrl":"https://Nat754.github.io/StroyremAutomation/205//#testresult/4f289882f0ce06cd","status":"skipped","statusDetails":"XFAIL\n\nselenium.common.exceptions.NoSuchElementException: Message: no such element: Unable to locate element: {\"method\":\"xpath\",\"selector\":\"(//a[@class='add-to-cart yellow-btn'])[1]\"}\n  (Session info: chrome-headless-shell=121.0.6167.85); For documentation on this error, please visit: https://www.selenium.dev/documentation/webdriver/troubleshooting/errors#no-such-element-exception\nStacktrace:\n#0 0x559b24513d93 <unknown>\n#1 0x559b241f7337 <unknown>\n#2 0x559b24242d60 <unknown>\n#3 0x559b24242e51 <unknown>\n#4 0x559b24286bc4 <unknown>\n#5 0x559b2426546d <unknown>\n#6 0x559b2428412d <unknown>\n#7 0x559b242651e3 <unknown>\n#8 0x559b24235135 <unknown>\n#9 0x559b2423613e <unknown>\n#10 0x559b244d7e4b <unknown>\n#11 0x559b244dbdfa <unknown>\n#12 0x559b244c46d5 <unknown>\n#13 0x559b244dca6f <unknown>\n#14 0x559b244a869f <unknown>\n#15 0x559b24501098 <unknown>\n#16 0x559b24501262 <unknown>\n#17 0x559b24512f34 <unknown>\n#18 0x7f0188e5a134 <unknown>","time":{"start":1706835145740,"stop":1706835146172,"duration":432}},{"uid":"62b867c04e27fe80","reportUrl":"https://Nat754.github.io/StroyremAutomation/204//#testresult/62b867c04e27fe80","status":"skipped","statusDetails":"XFAIL\n\nselenium.common.exceptions.NoSuchElementException: Message: no such element: Unable to locate element: {\"method\":\"xpath\",\"selector\":\"(//a[@class='add-to-cart yellow-btn'])[1]\"}\n  (Session info: chrome-headless-shell=121.0.6167.85); For documentation on this error, please visit: https://www.selenium.dev/documentation/webdriver/troubleshooting/errors#no-such-element-exception\nStacktrace:\n#0 0x564b9dd42d93 <unknown>\n#1 0x564b9da26337 <unknown>\n#2 0x564b9da71d60 <unknown>\n#3 0x564b9da71e51 <unknown>\n#4 0x564b9dab5bc4 <unknown>\n#5 0x564b9da9446d <unknown>\n#6 0x564b9dab312d <unknown>\n#7 0x564b9da941e3 <unknown>\n#8 0x564b9da64135 <unknown>\n#9 0x564b9da6513e <unknown>\n#10 0x564b9dd06e4b <unknown>\n#11 0x564b9dd0adfa <unknown>\n#12 0x564b9dcf36d5 <unknown>\n#13 0x564b9dd0ba6f <unknown>\n#14 0x564b9dcd769f <unknown>\n#15 0x564b9dd30098 <unknown>\n#16 0x564b9dd30262 <unknown>\n#17 0x564b9dd41f34 <unknown>\n#18 0x7f43ec395044 <unknown>","time":{"start":1706748915933,"stop":1706748916590,"duration":657}},{"uid":"afe70d3d6332caa2","reportUrl":"https://Nat754.github.io/StroyremAutomation/203//#testresult/afe70d3d6332caa2","status":"skipped","statusDetails":"XFAIL\n\nselenium.common.exceptions.NoSuchElementException: Message: no such element: Unable to locate element: {\"method\":\"xpath\",\"selector\":\"(//a[@class='add-to-cart yellow-btn'])[1]\"}\n  (Session info: chrome-headless-shell=121.0.6167.85); For documentation on this error, please visit: https://www.selenium.dev/documentation/webdriver/troubleshooting/errors#no-such-element-exception\nStacktrace:\n#0 0x55f0ed34cd93 <unknown>\n#1 0x55f0ed030337 <unknown>\n#2 0x55f0ed07bd60 <unknown>\n#3 0x55f0ed07be51 <unknown>\n#4 0x55f0ed0bfbc4 <unknown>\n#5 0x55f0ed09e46d <unknown>\n#6 0x55f0ed0bd12d <unknown>\n#7 0x55f0ed09e1e3 <unknown>\n#8 0x55f0ed06e135 <unknown>\n#9 0x55f0ed06f13e <unknown>\n#10 0x55f0ed310e4b <unknown>\n#11 0x55f0ed314dfa <unknown>\n#12 0x55f0ed2fd6d5 <unknown>\n#13 0x55f0ed315a6f <unknown>\n#14 0x55f0ed2e169f <unknown>\n#15 0x55f0ed33a098 <unknown>\n#16 0x55f0ed33a262 <unknown>\n#17 0x55f0ed34bf34 <unknown>\n#18 0x7fbd3660e044 <unknown>","time":{"start":1706662353348,"stop":1706662353833,"duration":485}},{"uid":"b6ff8ae547172c2b","reportUrl":"https://Nat754.github.io/StroyremAutomation/202//#testresult/b6ff8ae547172c2b","status":"skipped","statusDetails":"XFAIL\n\nselenium.common.exceptions.NoSuchElementException: Message: no such element: Unable to locate element: {\"method\":\"xpath\",\"selector\":\"(//a[@class='add-to-cart yellow-btn'])[1]\"}\n  (Session info: chrome-headless-shell=121.0.6167.85); For documentation on this error, please visit: https://www.selenium.dev/documentation/webdriver/troubleshooting/errors#no-such-element-exception\nStacktrace:\n#0 0x55c4fce13d93 <unknown>\n#1 0x55c4fcaf7337 <unknown>\n#2 0x55c4fcb42d60 <unknown>\n#3 0x55c4fcb42e51 <unknown>\n#4 0x55c4fcb86bc4 <unknown>\n#5 0x55c4fcb6546d <unknown>\n#6 0x55c4fcb8412d <unknown>\n#7 0x55c4fcb651e3 <unknown>\n#8 0x55c4fcb35135 <unknown>\n#9 0x55c4fcb3613e <unknown>\n#10 0x55c4fcdd7e4b <unknown>\n#11 0x55c4fcddbdfa <unknown>\n#12 0x55c4fcdc46d5 <unknown>\n#13 0x55c4fcddca6f <unknown>\n#14 0x55c4fcda869f <unknown>\n#15 0x55c4fce01098 <unknown>\n#16 0x55c4fce01262 <unknown>\n#17 0x55c4fce12f34 <unknown>\n#18 0x7f3a8b324044 <unknown>","time":{"start":1706575905819,"stop":1706575906246,"duration":427}},{"uid":"28ac9f61d6b597d1","reportUrl":"https://Nat754.github.io/StroyremAutomation/201//#testresult/28ac9f61d6b597d1","status":"skipped","statusDetails":"XFAIL\n\nselenium.common.exceptions.NoSuchElementException: Message: no such element: Unable to locate element: {\"method\":\"xpath\",\"selector\":\"(//a[@class='add-to-cart yellow-btn'])[1]\"}\n  (Session info: chrome-headless-shell=121.0.6167.85); For documentation on this error, please visit: https://www.selenium.dev/documentation/webdriver/troubleshooting/errors#no-such-element-exception\nStacktrace:\n#0 0x55b9baed3d93 <unknown>\n#1 0x55b9babb7337 <unknown>\n#2 0x55b9bac02d60 <unknown>\n#3 0x55b9bac02e51 <unknown>\n#4 0x55b9bac46bc4 <unknown>\n#5 0x55b9bac2546d <unknown>\n#6 0x55b9bac4412d <unknown>\n#7 0x55b9bac251e3 <unknown>\n#8 0x55b9babf5135 <unknown>\n#9 0x55b9babf613e <unknown>\n#10 0x55b9bae97e4b <unknown>\n#11 0x55b9bae9bdfa <unknown>\n#12 0x55b9bae846d5 <unknown>\n#13 0x55b9bae9ca6f <unknown>\n#14 0x55b9bae6869f <unknown>\n#15 0x55b9baec1098 <unknown>\n#16 0x55b9baec1262 <unknown>\n#17 0x55b9baed2f34 <unknown>\n#18 0x7f0657566044 <unknown>","time":{"start":1706489598976,"stop":1706489599556,"duration":580}},{"uid":"7dca45dc216138cb","reportUrl":"https://Nat754.github.io/StroyremAutomation/200//#testresult/7dca45dc216138cb","status":"skipped","statusDetails":"XFAIL\n\nselenium.common.exceptions.NoSuchElementException: Message: no such element: Unable to locate element: {\"method\":\"xpath\",\"selector\":\"(//a[@class='add-to-cart yellow-btn'])[1]\"}\n  (Session info: chrome-headless-shell=121.0.6167.85); For documentation on this error, please visit: https://www.selenium.dev/documentation/webdriver/troubleshooting/errors#no-such-element-exception\nStacktrace:\n#0 0x5650753a4d93 <unknown>\n#1 0x565075088337 <unknown>\n#2 0x5650750d3d60 <unknown>\n#3 0x5650750d3e51 <unknown>\n#4 0x565075117bc4 <unknown>\n#5 0x5650750f646d <unknown>\n#6 0x56507511512d <unknown>\n#7 0x5650750f61e3 <unknown>\n#8 0x5650750c6135 <unknown>\n#9 0x5650750c713e <unknown>\n#10 0x565075368e4b <unknown>\n#11 0x56507536cdfa <unknown>\n#12 0x5650753556d5 <unknown>\n#13 0x56507536da6f <unknown>\n#14 0x56507533969f <unknown>\n#15 0x565075392098 <unknown>\n#16 0x565075392262 <unknown>\n#17 0x5650753a3f34 <unknown>\n#18 0x7f9be7bda044 <unknown>","time":{"start":1706403356482,"stop":1706403357090,"duration":608}},{"uid":"c7d4c0a735e1a265","reportUrl":"https://Nat754.github.io/StroyremAutomation/199//#testresult/c7d4c0a735e1a265","status":"skipped","statusDetails":"XFAIL\n\nselenium.common.exceptions.NoSuchElementException: Message: no such element: Unable to locate element: {\"method\":\"xpath\",\"selector\":\"(//a[@class='add-to-cart yellow-btn'])[1]\"}\n  (Session info: chrome-headless-shell=121.0.6167.85); For documentation on this error, please visit: https://www.selenium.dev/documentation/webdriver/troubleshooting/errors#no-such-element-exception\nStacktrace:\n#0 0x55abe50ffd93 <unknown>\n#1 0x55abe4de3337 <unknown>\n#2 0x55abe4e2ed60 <unknown>\n#3 0x55abe4e2ee51 <unknown>\n#4 0x55abe4e72bc4 <unknown>\n#5 0x55abe4e5146d <unknown>\n#6 0x55abe4e7012d <unknown>\n#7 0x55abe4e511e3 <unknown>\n#8 0x55abe4e21135 <unknown>\n#9 0x55abe4e2213e <unknown>\n#10 0x55abe50c3e4b <unknown>\n#11 0x55abe50c7dfa <unknown>\n#12 0x55abe50b06d5 <unknown>\n#13 0x55abe50c8a6f <unknown>\n#14 0x55abe509469f <unknown>\n#15 0x55abe50ed098 <unknown>\n#16 0x55abe50ed262 <unknown>\n#17 0x55abe50fef34 <unknown>\n#18 0x7f6db3475044 <unknown>","time":{"start":1706316679520,"stop":1706316679937,"duration":417}},{"uid":"54bcb2b1b50ee46b","reportUrl":"https://Nat754.github.io/StroyremAutomation/198//#testresult/54bcb2b1b50ee46b","status":"skipped","statusDetails":"XFAIL\n\nselenium.common.exceptions.NoSuchElementException: Message: no such element: Unable to locate element: {\"method\":\"xpath\",\"selector\":\"(//a[@class='add-to-cart yellow-btn'])[1]\"}\n  (Session info: chrome-headless-shell=121.0.6167.85); For documentation on this error, please visit: https://www.selenium.dev/documentation/webdriver/troubleshooting/errors#no-such-element-exception\nStacktrace:\n#0 0x55a12c04dd93 <unknown>\n#1 0x55a12bd31337 <unknown>\n#2 0x55a12bd7cd60 <unknown>\n#3 0x55a12bd7ce51 <unknown>\n#4 0x55a12bdc0bc4 <unknown>\n#5 0x55a12bd9f46d <unknown>\n#6 0x55a12bdbe12d <unknown>\n#7 0x55a12bd9f1e3 <unknown>\n#8 0x55a12bd6f135 <unknown>\n#9 0x55a12bd7013e <unknown>\n#10 0x55a12c011e4b <unknown>\n#11 0x55a12c015dfa <unknown>\n#12 0x55a12bffe6d5 <unknown>\n#13 0x55a12c016a6f <unknown>\n#14 0x55a12bfe269f <unknown>\n#15 0x55a12c03b098 <unknown>\n#16 0x55a12c03b262 <unknown>\n#17 0x55a12c04cf34 <unknown>\n#18 0x7fc335a84044 <unknown>","time":{"start":1706230367478,"stop":1706230368081,"duration":603}},{"uid":"7b6ac10a231bfde6","reportUrl":"https://Nat754.github.io/StroyremAutomation/197//#testresult/7b6ac10a231bfde6","status":"skipped","statusDetails":"XFAIL\n\nselenium.common.exceptions.WebDriverException: Message: unknown error: net::ERR_CONNECTION_TIMED_OUT\n  (Session info: chrome-headless-shell=121.0.6167.85)\nStacktrace:\n#0 0x55598aac4d93 <unknown>\n#1 0x55598a7a8337 <unknown>\n#2 0x55598a7a0193 <unknown>\n#3 0x55598a790161 <unknown>\n#4 0x55598a7915cb <unknown>\n#5 0x55598a790414 <unknown>\n#6 0x55598a78f5e5 <unknown>\n#7 0x55598a78f557 <unknown>\n#8 0x55598a78dc1a <unknown>\n#9 0x55598a78e1ca <unknown>\n#10 0x55598a7aab6e <unknown>\n#11 0x55598a835d45 <unknown>\n#12 0x55598a816442 <unknown>\n#13 0x55598a83512d <unknown>\n#14 0x55598a8161e3 <unknown>\n#15 0x55598a7e6135 <unknown>\n#16 0x55598a7e713e <unknown>\n#17 0x55598aa88e4b <unknown>\n#18 0x55598aa8cdfa <unknown>\n#19 0x55598aa756d5 <unknown>\n#20 0x55598aa8da6f <unknown>\n#21 0x55598aa5969f <unknown>\n#22 0x55598aab2098 <unknown>\n#23 0x55598aab2262 <unknown>\n#24 0x55598aac3f34 <unknown>\n#25 0x7f5131527044 <unknown>","time":{"start":1706144258629,"stop":1706144388328,"duration":129699}},{"uid":"d5d57bd2677cea5a","reportUrl":"https://Nat754.github.io/StroyremAutomation/196//#testresult/d5d57bd2677cea5a","status":"skipped","statusDetails":"XFAIL\n\nselenium.common.exceptions.WebDriverException: Message: unknown error: net::ERR_CONNECTION_REFUSED\n  (Session info: chrome-headless-shell=121.0.6167.85)\nStacktrace:\n#0 0x5630e747bd93 <unknown>\n#1 0x5630e715f337 <unknown>\n#2 0x5630e7157193 <unknown>\n#3 0x5630e7147161 <unknown>\n#4 0x5630e71485cb <unknown>\n#5 0x5630e7147414 <unknown>\n#6 0x5630e71465e5 <unknown>\n#7 0x5630e7146557 <unknown>\n#8 0x5630e7144c1a <unknown>\n#9 0x5630e71451ca <unknown>\n#10 0x5630e7161b6e <unknown>\n#11 0x5630e71ecd45 <unknown>\n#12 0x5630e71cd442 <unknown>\n#13 0x5630e71ec12d <unknown>\n#14 0x5630e71cd1e3 <unknown>\n#15 0x5630e719d135 <unknown>\n#16 0x5630e719e13e <unknown>\n#17 0x5630e743fe4b <unknown>\n#18 0x5630e7443dfa <unknown>\n#19 0x5630e742c6d5 <unknown>\n#20 0x5630e7444a6f <unknown>\n#21 0x5630e741069f <unknown>\n#22 0x5630e7469098 <unknown>\n#23 0x5630e7469262 <unknown>\n#24 0x5630e747af34 <unknown>\n#25 0x7fdfce973044 <unknown>","time":{"start":1706057898914,"stop":1706057899318,"duration":404}}]},"tags":["@pytest.mark.xfail","smoke_test"]},"source":"2758eaaf1fd8d810.json","parameterValues":["2190","1","'TD 001'","1590","'products/uroven---uglomer-elektronnyj-kapro-992'","0","'https://sandboxtest.stroyrem-nn.ru/'","30"]}