{"uid":"4babe45f849b891c","name":"test_positive_delivery_green_zone_smoke[TD 010-products/shtukaturka-gipsovaya-aksolit-m50-30-kg-mashinnogo-naneseniya-206-6200-2900-5570-6120-https://sandboxtest.stroyrem-nn.ru/]","fullName":"tests.delivery.test_delivery_calculation.TestDeliveryPageCalculation#test_positive_delivery_green_zone_smoke","historyId":"ece4a4b7d2c766759dd3e80afc1ed9c3","time":{"start":1708304046375,"stop":1708304046784,"duration":409},"status":"skipped","statusMessage":"XFAIL\n\nselenium.common.exceptions.NoSuchElementException: Message: no such element: Unable to locate element: {\"method\":\"xpath\",\"selector\":\"(//a[@class='add-to-cart yellow-btn'])[1]\"}\n  (Session info: chrome-headless-shell=121.0.6167.184); For documentation on this error, please visit: https://www.selenium.dev/documentation/webdriver/troubleshooting/errors#no-such-element-exception\nStacktrace:\n#0 0x55ef51992303 <unknown>\n#1 0x55ef516772b7 <unknown>\n#2 0x55ef516c2cc0 <unknown>\n#3 0x55ef516c2db1 <unknown>\n#4 0x55ef51706b44 <unknown>\n#5 0x55ef516e53ad <unknown>\n#6 0x55ef5170407c <unknown>\n#7 0x55ef516e5123 <unknown>\n#8 0x55ef516b5095 <unknown>\n#9 0x55ef516b609e <unknown>\n#10 0x55ef519566ab <unknown>\n#11 0x55ef5195a4ba <unknown>\n#12 0x55ef51942f85 <unknown>\n#13 0x55ef5195b12f <unknown>\n#14 0x55ef51926e6f <unknown>\n#15 0x55ef5197f5f8 <unknown>\n#16 0x55ef5197f7c2 <unknown>\n#17 0x55ef519914a4 <unknown>\n#18 0x7fb89ff5f134 <unknown>","statusTrace":"self = <tests.delivery.test_delivery_calculation.TestDeliveryPageCalculation object at 0x7fab5a5f5f90>\ndriver = <selenium.webdriver.chrome.webdriver.WebDriver (session=\"ca21fac260d4c10d3a2650f6bff33a81\")>\nurl = 'https://sandboxtest.stroyrem-nn.ru/', case_id = 'TD 010'\nlink_item = 'products/shtukaturka-gipsovaya-aksolit-m50-30-kg-mashinnogo-naneseniya'\namount = 206, weight = 6200, standard = 2900, in_time = 5570, all_time = 6120\n\n    @pytest.mark.parametrize('case_id, link_item, amount, weight, standard, in_time, all_time', [\n        (\"TD 001\", uroven_3000, 1, 30, 0, 1590, 2190),\n        (\"TD 002\", bundeks_25, 1, 30, 400, 1590, 2190),\n        (\"TD 003\", aksolit_30, 8, 300, 400, 1590, 2190),\n        (\"TD 004\", aksolit_30, 13, 400, 450, 1590, 2190),\n        (\"TD 005\", aksolit_30, 16, 500, 600, 1590, 2190),\n        (\"TD 006\", aksolit_30, 25, 1700, 990, 1990, 2480),\n        (\"TD 007\", aksolit_30, 66, 2000, 1300, 2490, 2980),\n        (\"TD 008\", aksolit_30, 149, 4500, 2300, 3980, 4490),\n        (\"TD 009\", aksolit_30, 166, 5000, 2500, 4990, 5480),\n        pytest.param(\n            \"TD 010\", aksolit_30, 206, 6200, 2900, 5570, 6120,\n            marks=pytest.mark.xfail(reson=\"Цена доставки 3600 7960 8980\")\n        ),\n        (\"TD 011\", aksolit_30, 299, 9000, 3600, 7960, 8980),\n        (\"TD 012\", aksolit_30, 333, 10000, 4450, 11990, 12500),\n        pytest.param(\n            \"TD 013\", aksolit_30, 366, 11000, 4800, 12450, 13480,\n            marks=pytest.mark.xfail(reason=\"Цена стандартной доставки 4450\")\n        ),\n        pytest.param(\n            \"TD 014\", aksolit_30, 666, 20000, 5400, 15600, 17490,\n            marks=pytest.mark.xfail(reason=\"Цена стандартной доставки 4450\")\n        )\n    ])\n    @pytest.mark.xfail\n    @pytest.mark.smoke_test\n    def test_positive_delivery_green_zone_smoke(\n            self, driver, url, case_id, link_item, amount, weight, standard, in_time, all_time\n    ):\n    \n        driver.get(f'{url}{link_item}')\n        item_page = ItemPage(driver)\n>       item_page.add_item_to_cart(amount).click_on_cart()\n\ntests/delivery/test_delivery_calculation.py:50: \n_ _ _ _ _ _ _ _ _ _ _ _ _ _ _ _ _ _ _ _ _ _ _ _ _ _ _ _ _ _ _ _ _ _ _ _ _ _ _ _ \npages/item_page.py:40: in add_item_to_cart\n    self.find_element(self._add_item).click()\nbase/seleniumbase.py:17: in find_element\n    return self.driver.find_element(*locator)\n/usr/local/lib/python3.11/site-packages/selenium/webdriver/remote/webdriver.py:739: in find_element\n    return self.execute(Command.FIND_ELEMENT, {\"using\": by, \"value\": value})[\"value\"]\n/usr/local/lib/python3.11/site-packages/selenium/webdriver/remote/webdriver.py:345: in execute\n    self.error_handler.check_response(response)\n_ _ _ _ _ _ _ _ _ _ _ _ _ _ _ _ _ _ _ _ _ _ _ _ _ _ _ _ _ _ _ _ _ _ _ _ _ _ _ _ \n\nself = <selenium.webdriver.remote.errorhandler.ErrorHandler object at 0x7fab5a58e550>\nresponse = {'status': 404, 'value': '{\"value\":{\"error\":\"no such element\",\"message\":\"no such element: Unable to locate element: {\\...\\\\n#16 0x55ef5197f7c2 \\\\u003Cunknown>\\\\n#17 0x55ef519914a4 \\\\u003Cunknown>\\\\n#18 0x7fb89ff5f134 \\\\u003Cunknown>\\\\n\"}}'}\n\n    def check_response(self, response: Dict[str, Any]) -> None:\n        \"\"\"Checks that a JSON response from the WebDriver does not have an\n        error.\n    \n        :Args:\n         - response - The JSON response from the WebDriver server as a dictionary\n           object.\n    \n        :Raises: If the response contains an error message.\n        \"\"\"\n        status = response.get(\"status\", None)\n        if not status or status == ErrorCode.SUCCESS:\n            return\n        value = None\n        message = response.get(\"message\", \"\")\n        screen: str = response.get(\"screen\", \"\")\n        stacktrace = None\n        if isinstance(status, int):\n            value_json = response.get(\"value\", None)\n            if value_json and isinstance(value_json, str):\n                import json\n    \n                try:\n                    value = json.loads(value_json)\n                    if len(value) == 1:\n                        value = value[\"value\"]\n                    status = value.get(\"error\", None)\n                    if not status:\n                        status = value.get(\"status\", ErrorCode.UNKNOWN_ERROR)\n                        message = value.get(\"value\") or value.get(\"message\")\n                        if not isinstance(message, str):\n                            value = message\n                            message = message.get(\"message\")\n                    else:\n                        message = value.get(\"message\", None)\n                except ValueError:\n                    pass\n    \n        exception_class: Type[WebDriverException]\n        e = ErrorCode()\n        error_codes = [item for item in dir(e) if not item.startswith(\"__\")]\n        for error_code in error_codes:\n            error_info = getattr(ErrorCode, error_code)\n            if isinstance(error_info, list) and status in error_info:\n                exception_class = getattr(ExceptionMapping, error_code, WebDriverException)\n                break\n        else:\n            exception_class = WebDriverException\n    \n        if not value:\n            value = response[\"value\"]\n        if isinstance(value, str):\n            raise exception_class(value)\n        if message == \"\" and \"message\" in value:\n            message = value[\"message\"]\n    \n        screen = None  # type: ignore[assignment]\n        if \"screen\" in value:\n            screen = value[\"screen\"]\n    \n        stacktrace = None\n        st_value = value.get(\"stackTrace\") or value.get(\"stacktrace\")\n        if st_value:\n            if isinstance(st_value, str):\n                stacktrace = st_value.split(\"\\n\")\n            else:\n                stacktrace = []\n                try:\n                    for frame in st_value:\n                        line = frame.get(\"lineNumber\", \"\")\n                        file = frame.get(\"fileName\", \"<anonymous>\")\n                        if line:\n                            file = f\"{file}:{line}\"\n                        meth = frame.get(\"methodName\", \"<anonymous>\")\n                        if \"className\" in frame:\n                            meth = f\"{frame['className']}.{meth}\"\n                        msg = \"    at %s (%s)\"\n                        msg = msg % (meth, file)\n                        stacktrace.append(msg)\n                except TypeError:\n                    pass\n        if exception_class == UnexpectedAlertPresentException:\n            alert_text = None\n            if \"data\" in value:\n                alert_text = value[\"data\"].get(\"text\")\n            elif \"alert\" in value:\n                alert_text = value[\"alert\"].get(\"text\")\n            raise exception_class(message, screen, stacktrace, alert_text)  # type: ignore[call-arg]  # mypy is not smart enough here\n>       raise exception_class(message, screen, stacktrace)\nE       selenium.common.exceptions.NoSuchElementException: Message: no such element: Unable to locate element: {\"method\":\"xpath\",\"selector\":\"(//a[@class='add-to-cart yellow-btn'])[1]\"}\nE         (Session info: chrome-headless-shell=121.0.6167.184); For documentation on this error, please visit: https://www.selenium.dev/documentation/webdriver/troubleshooting/errors#no-such-element-exception\nE       Stacktrace:\nE       #0 0x55ef51992303 <unknown>\nE       #1 0x55ef516772b7 <unknown>\nE       #2 0x55ef516c2cc0 <unknown>\nE       #3 0x55ef516c2db1 <unknown>\nE       #4 0x55ef51706b44 <unknown>\nE       #5 0x55ef516e53ad <unknown>\nE       #6 0x55ef5170407c <unknown>\nE       #7 0x55ef516e5123 <unknown>\nE       #8 0x55ef516b5095 <unknown>\nE       #9 0x55ef516b609e <unknown>\nE       #10 0x55ef519566ab <unknown>\nE       #11 0x55ef5195a4ba <unknown>\nE       #12 0x55ef51942f85 <unknown>\nE       #13 0x55ef5195b12f <unknown>\nE       #14 0x55ef51926e6f <unknown>\nE       #15 0x55ef5197f5f8 <unknown>\nE       #16 0x55ef5197f7c2 <unknown>\nE       #17 0x55ef519914a4 <unknown>\nE       #18 0x7fb89ff5f134 <unknown>\n\n/usr/local/lib/python3.11/site-packages/selenium/webdriver/remote/errorhandler.py:229: NoSuchElementException","flaky":false,"newFailed":false,"newBroken":false,"newPassed":false,"retriesCount":0,"retriesStatusChange":false,"beforeStages":[{"name":"_session_faker","time":{"start":1708303753210,"stop":1708303753282,"duration":72},"status":"passed","steps":[],"attachments":[],"parameters":[],"shouldDisplayMessage":false,"stepsCount":0,"attachmentsCount":0,"hasContent":false,"attachmentStep":false},{"name":"clear_allure_results_folder","time":{"start":1708303753282,"stop":1708303753282,"duration":0},"status":"passed","steps":[],"attachments":[],"parameters":[],"shouldDisplayMessage":false,"stepsCount":0,"attachmentsCount":0,"hasContent":false,"attachmentStep":false},{"name":"driver","time":{"start":1708304045601,"stop":1708304046374,"duration":773},"status":"passed","steps":[],"attachments":[],"parameters":[],"shouldDisplayMessage":false,"stepsCount":0,"attachmentsCount":0,"hasContent":false,"attachmentStep":false},{"name":"setup","time":{"start":1708304046374,"stop":1708304046374,"duration":0},"status":"passed","steps":[],"attachments":[],"parameters":[],"shouldDisplayMessage":false,"stepsCount":0,"attachmentsCount":0,"hasContent":false,"attachmentStep":false}],"testStage":{"status":"skipped","statusMessage":"XFAIL\n\nselenium.common.exceptions.NoSuchElementException: Message: no such element: Unable to locate element: {\"method\":\"xpath\",\"selector\":\"(//a[@class='add-to-cart yellow-btn'])[1]\"}\n  (Session info: chrome-headless-shell=121.0.6167.184); For documentation on this error, please visit: https://www.selenium.dev/documentation/webdriver/troubleshooting/errors#no-such-element-exception\nStacktrace:\n#0 0x55ef51992303 <unknown>\n#1 0x55ef516772b7 <unknown>\n#2 0x55ef516c2cc0 <unknown>\n#3 0x55ef516c2db1 <unknown>\n#4 0x55ef51706b44 <unknown>\n#5 0x55ef516e53ad <unknown>\n#6 0x55ef5170407c <unknown>\n#7 0x55ef516e5123 <unknown>\n#8 0x55ef516b5095 <unknown>\n#9 0x55ef516b609e <unknown>\n#10 0x55ef519566ab <unknown>\n#11 0x55ef5195a4ba <unknown>\n#12 0x55ef51942f85 <unknown>\n#13 0x55ef5195b12f <unknown>\n#14 0x55ef51926e6f <unknown>\n#15 0x55ef5197f5f8 <unknown>\n#16 0x55ef5197f7c2 <unknown>\n#17 0x55ef519914a4 <unknown>\n#18 0x7fb89ff5f134 <unknown>","statusTrace":"self = <tests.delivery.test_delivery_calculation.TestDeliveryPageCalculation object at 0x7fab5a5f5f90>\ndriver = <selenium.webdriver.chrome.webdriver.WebDriver (session=\"ca21fac260d4c10d3a2650f6bff33a81\")>\nurl = 'https://sandboxtest.stroyrem-nn.ru/', case_id = 'TD 010'\nlink_item = 'products/shtukaturka-gipsovaya-aksolit-m50-30-kg-mashinnogo-naneseniya'\namount = 206, weight = 6200, standard = 2900, in_time = 5570, all_time = 6120\n\n    @pytest.mark.parametrize('case_id, link_item, amount, weight, standard, in_time, all_time', [\n        (\"TD 001\", uroven_3000, 1, 30, 0, 1590, 2190),\n        (\"TD 002\", bundeks_25, 1, 30, 400, 1590, 2190),\n        (\"TD 003\", aksolit_30, 8, 300, 400, 1590, 2190),\n        (\"TD 004\", aksolit_30, 13, 400, 450, 1590, 2190),\n        (\"TD 005\", aksolit_30, 16, 500, 600, 1590, 2190),\n        (\"TD 006\", aksolit_30, 25, 1700, 990, 1990, 2480),\n        (\"TD 007\", aksolit_30, 66, 2000, 1300, 2490, 2980),\n        (\"TD 008\", aksolit_30, 149, 4500, 2300, 3980, 4490),\n        (\"TD 009\", aksolit_30, 166, 5000, 2500, 4990, 5480),\n        pytest.param(\n            \"TD 010\", aksolit_30, 206, 6200, 2900, 5570, 6120,\n            marks=pytest.mark.xfail(reson=\"Цена доставки 3600 7960 8980\")\n        ),\n        (\"TD 011\", aksolit_30, 299, 9000, 3600, 7960, 8980),\n        (\"TD 012\", aksolit_30, 333, 10000, 4450, 11990, 12500),\n        pytest.param(\n            \"TD 013\", aksolit_30, 366, 11000, 4800, 12450, 13480,\n            marks=pytest.mark.xfail(reason=\"Цена стандартной доставки 4450\")\n        ),\n        pytest.param(\n            \"TD 014\", aksolit_30, 666, 20000, 5400, 15600, 17490,\n            marks=pytest.mark.xfail(reason=\"Цена стандартной доставки 4450\")\n        )\n    ])\n    @pytest.mark.xfail\n    @pytest.mark.smoke_test\n    def test_positive_delivery_green_zone_smoke(\n            self, driver, url, case_id, link_item, amount, weight, standard, in_time, all_time\n    ):\n    \n        driver.get(f'{url}{link_item}')\n        item_page = ItemPage(driver)\n>       item_page.add_item_to_cart(amount).click_on_cart()\n\ntests/delivery/test_delivery_calculation.py:50: \n_ _ _ _ _ _ _ _ _ _ _ _ _ _ _ _ _ _ _ _ _ _ _ _ _ _ _ _ _ _ _ _ _ _ _ _ _ _ _ _ \npages/item_page.py:40: in add_item_to_cart\n    self.find_element(self._add_item).click()\nbase/seleniumbase.py:17: in find_element\n    return self.driver.find_element(*locator)\n/usr/local/lib/python3.11/site-packages/selenium/webdriver/remote/webdriver.py:739: in find_element\n    return self.execute(Command.FIND_ELEMENT, {\"using\": by, \"value\": value})[\"value\"]\n/usr/local/lib/python3.11/site-packages/selenium/webdriver/remote/webdriver.py:345: in execute\n    self.error_handler.check_response(response)\n_ _ _ _ _ _ _ _ _ _ _ _ _ _ _ _ _ _ _ _ _ _ _ _ _ _ _ _ _ _ _ _ _ _ _ _ _ _ _ _ \n\nself = <selenium.webdriver.remote.errorhandler.ErrorHandler object at 0x7fab5a58e550>\nresponse = {'status': 404, 'value': '{\"value\":{\"error\":\"no such element\",\"message\":\"no such element: Unable to locate element: {\\...\\\\n#16 0x55ef5197f7c2 \\\\u003Cunknown>\\\\n#17 0x55ef519914a4 \\\\u003Cunknown>\\\\n#18 0x7fb89ff5f134 \\\\u003Cunknown>\\\\n\"}}'}\n\n    def check_response(self, response: Dict[str, Any]) -> None:\n        \"\"\"Checks that a JSON response from the WebDriver does not have an\n        error.\n    \n        :Args:\n         - response - The JSON response from the WebDriver server as a dictionary\n           object.\n    \n        :Raises: If the response contains an error message.\n        \"\"\"\n        status = response.get(\"status\", None)\n        if not status or status == ErrorCode.SUCCESS:\n            return\n        value = None\n        message = response.get(\"message\", \"\")\n        screen: str = response.get(\"screen\", \"\")\n        stacktrace = None\n        if isinstance(status, int):\n            value_json = response.get(\"value\", None)\n            if value_json and isinstance(value_json, str):\n                import json\n    \n                try:\n                    value = json.loads(value_json)\n                    if len(value) == 1:\n                        value = value[\"value\"]\n                    status = value.get(\"error\", None)\n                    if not status:\n                        status = value.get(\"status\", ErrorCode.UNKNOWN_ERROR)\n                        message = value.get(\"value\") or value.get(\"message\")\n                        if not isinstance(message, str):\n                            value = message\n                            message = message.get(\"message\")\n                    else:\n                        message = value.get(\"message\", None)\n                except ValueError:\n                    pass\n    \n        exception_class: Type[WebDriverException]\n        e = ErrorCode()\n        error_codes = [item for item in dir(e) if not item.startswith(\"__\")]\n        for error_code in error_codes:\n            error_info = getattr(ErrorCode, error_code)\n            if isinstance(error_info, list) and status in error_info:\n                exception_class = getattr(ExceptionMapping, error_code, WebDriverException)\n                break\n        else:\n            exception_class = WebDriverException\n    \n        if not value:\n            value = response[\"value\"]\n        if isinstance(value, str):\n            raise exception_class(value)\n        if message == \"\" and \"message\" in value:\n            message = value[\"message\"]\n    \n        screen = None  # type: ignore[assignment]\n        if \"screen\" in value:\n            screen = value[\"screen\"]\n    \n        stacktrace = None\n        st_value = value.get(\"stackTrace\") or value.get(\"stacktrace\")\n        if st_value:\n            if isinstance(st_value, str):\n                stacktrace = st_value.split(\"\\n\")\n            else:\n                stacktrace = []\n                try:\n                    for frame in st_value:\n                        line = frame.get(\"lineNumber\", \"\")\n                        file = frame.get(\"fileName\", \"<anonymous>\")\n                        if line:\n                            file = f\"{file}:{line}\"\n                        meth = frame.get(\"methodName\", \"<anonymous>\")\n                        if \"className\" in frame:\n                            meth = f\"{frame['className']}.{meth}\"\n                        msg = \"    at %s (%s)\"\n                        msg = msg % (meth, file)\n                        stacktrace.append(msg)\n                except TypeError:\n                    pass\n        if exception_class == UnexpectedAlertPresentException:\n            alert_text = None\n            if \"data\" in value:\n                alert_text = value[\"data\"].get(\"text\")\n            elif \"alert\" in value:\n                alert_text = value[\"alert\"].get(\"text\")\n            raise exception_class(message, screen, stacktrace, alert_text)  # type: ignore[call-arg]  # mypy is not smart enough here\n>       raise exception_class(message, screen, stacktrace)\nE       selenium.common.exceptions.NoSuchElementException: Message: no such element: Unable to locate element: {\"method\":\"xpath\",\"selector\":\"(//a[@class='add-to-cart yellow-btn'])[1]\"}\nE         (Session info: chrome-headless-shell=121.0.6167.184); For documentation on this error, please visit: https://www.selenium.dev/documentation/webdriver/troubleshooting/errors#no-such-element-exception\nE       Stacktrace:\nE       #0 0x55ef51992303 <unknown>\nE       #1 0x55ef516772b7 <unknown>\nE       #2 0x55ef516c2cc0 <unknown>\nE       #3 0x55ef516c2db1 <unknown>\nE       #4 0x55ef51706b44 <unknown>\nE       #5 0x55ef516e53ad <unknown>\nE       #6 0x55ef5170407c <unknown>\nE       #7 0x55ef516e5123 <unknown>\nE       #8 0x55ef516b5095 <unknown>\nE       #9 0x55ef516b609e <unknown>\nE       #10 0x55ef519566ab <unknown>\nE       #11 0x55ef5195a4ba <unknown>\nE       #12 0x55ef51942f85 <unknown>\nE       #13 0x55ef5195b12f <unknown>\nE       #14 0x55ef51926e6f <unknown>\nE       #15 0x55ef5197f5f8 <unknown>\nE       #16 0x55ef5197f7c2 <unknown>\nE       #17 0x55ef519914a4 <unknown>\nE       #18 0x7fb89ff5f134 <unknown>\n\n/usr/local/lib/python3.11/site-packages/selenium/webdriver/remote/errorhandler.py:229: NoSuchElementException","steps":[{"name":"Добавляем товар в корзину в количестве 206","time":{"start":1708304046772,"stop":1708304046783,"duration":11},"status":"broken","statusMessage":"selenium.common.exceptions.NoSuchElementException: Message: no such element: Unable to locate element: {\"method\":\"xpath\",\"selector\":\"(//a[@class='add-to-cart yellow-btn'])[1]\"}\n  (Session info: chrome-headless-shell=121.0.6167.184); For documentation on this error, please visit: https://www.selenium.dev/documentation/webdriver/troubleshooting/errors#no-such-element-exception\nStacktrace:\n#0 0x55ef51992303 <unknown>\n#1 0x55ef516772b7 <unknown>\n#2 0x55ef516c2cc0 <unknown>\n#3 0x55ef516c2db1 <unknown>\n#4 0x55ef51706b44 <unknown>\n#5 0x55ef516e53ad <unknown>\n#6 0x55ef5170407c <unknown>\n#7 0x55ef516e5123 <unknown>\n#8 0x55ef516b5095 <unknown>\n#9 0x55ef516b609e <unknown>\n#10 0x55ef519566ab <unknown>\n#11 0x55ef5195a4ba <unknown>\n#12 0x55ef51942f85 <unknown>\n#13 0x55ef5195b12f <unknown>\n#14 0x55ef51926e6f <unknown>\n#15 0x55ef5197f5f8 <unknown>\n#16 0x55ef5197f7c2 <unknown>\n#17 0x55ef519914a4 <unknown>\n#18 0x7fb89ff5f134 <unknown>\n\n","statusTrace":"  File \"/usr/local/lib/python3.11/site-packages/allure_commons/_allure.py\", line 192, in impl\n    return func(*a, **kw)\n           ^^^^^^^^^^^^^^\n  File \"/app/pages/item_page.py\", line 40, in add_item_to_cart\n    self.find_element(self._add_item).click()\n    ^^^^^^^^^^^^^^^^^^^^^^^^^^^^^^^^^\n  File \"/app/base/seleniumbase.py\", line 17, in find_element\n    return self.driver.find_element(*locator)\n           ^^^^^^^^^^^^^^^^^^^^^^^^^^^^^^^^^^\n  File \"/usr/local/lib/python3.11/site-packages/selenium/webdriver/remote/webdriver.py\", line 739, in find_element\n    return self.execute(Command.FIND_ELEMENT, {\"using\": by, \"value\": value})[\"value\"]\n           ^^^^^^^^^^^^^^^^^^^^^^^^^^^^^^^^^^^^^^^^^^^^^^^^^^^^^^^^^^^^^^^^^\n  File \"/usr/local/lib/python3.11/site-packages/selenium/webdriver/remote/webdriver.py\", line 345, in execute\n    self.error_handler.check_response(response)\n  File \"/usr/local/lib/python3.11/site-packages/selenium/webdriver/remote/errorhandler.py\", line 229, in check_response\n    raise exception_class(message, screen, stacktrace)\n","steps":[],"attachments":[],"parameters":[{"name":"amount","value":"206"}],"shouldDisplayMessage":true,"stepsCount":0,"attachmentsCount":0,"hasContent":true,"attachmentStep":false}],"attachments":[{"uid":"25f5b7d7431ebe80","name":"Screenshot","source":"25f5b7d7431ebe80.png","type":"image/png","size":5862},{"uid":"4efe708c4b42ec8b","name":"HTML source","source":"4efe708c4b42ec8b.html","type":"text/html","size":39}],"parameters":[],"shouldDisplayMessage":true,"stepsCount":1,"attachmentsCount":2,"hasContent":true,"attachmentStep":false},"afterStages":[{"name":"driver::0","time":{"start":1708304046906,"stop":1708304046962,"duration":56},"status":"passed","steps":[],"attachments":[],"parameters":[],"shouldDisplayMessage":false,"stepsCount":0,"attachmentsCount":0,"hasContent":false,"attachmentStep":false},{"name":"setup::0","time":{"start":1708304046906,"stop":1708304046906,"duration":0},"status":"passed","steps":[],"attachments":[],"parameters":[],"shouldDisplayMessage":false,"stepsCount":0,"attachmentsCount":0,"hasContent":false,"attachmentStep":false}],"labels":[{"name":"epic","value":"Delivery Page - calculation"},{"name":"tag","value":"smoke_test"},{"name":"tag","value":"@pytest.mark.xfail"},{"name":"parentSuite","value":"tests.delivery"},{"name":"suite","value":"test_delivery_calculation"},{"name":"subSuite","value":"TestDeliveryPageCalculation"},{"name":"host","value":"c110d98cd9bb"},{"name":"thread","value":"1-MainThread"},{"name":"framework","value":"pytest"},{"name":"language","value":"cpython3"},{"name":"package","value":"tests.delivery.test_delivery_calculation"},{"name":"resultFormat","value":"allure2"}],"parameters":[{"name":"all_time","value":"6120"},{"name":"amount","value":"206"},{"name":"case_id","value":"'TD 010'"},{"name":"in_time","value":"5570"},{"name":"link_item","value":"'products/shtukaturka-gipsovaya-aksolit-m50-30-kg-mashinnogo-naneseniya'"},{"name":"standard","value":"2900"},{"name":"url","value":"'https://sandboxtest.stroyrem-nn.ru/'"},{"name":"weight","value":"6200"}],"links":[],"hidden":false,"retry":false,"extra":{"severity":"normal","retries":[],"categories":[],"history":{"statistic":{"failed":0,"broken":0,"skipped":174,"passed":0,"unknown":0,"total":174},"items":[{"uid":"f9c88e8b1ff9fcca","reportUrl":"https://Nat754.github.io/StroyremAutomation/221//#testresult/f9c88e8b1ff9fcca","status":"skipped","statusDetails":"XFAIL\n\nselenium.common.exceptions.NoSuchElementException: Message: no such element: Unable to locate element: {\"method\":\"xpath\",\"selector\":\"(//a[@class='add-to-cart yellow-btn'])[1]\"}\n  (Session info: chrome-headless-shell=121.0.6167.184); For documentation on this error, please visit: https://www.selenium.dev/documentation/webdriver/troubleshooting/errors#no-such-element-exception\nStacktrace:\n#0 0x559cb133f303 <unknown>\n#1 0x559cb10242b7 <unknown>\n#2 0x559cb106fcc0 <unknown>\n#3 0x559cb106fdb1 <unknown>\n#4 0x559cb10b3b44 <unknown>\n#5 0x559cb10923ad <unknown>\n#6 0x559cb10b107c <unknown>\n#7 0x559cb1092123 <unknown>\n#8 0x559cb1062095 <unknown>\n#9 0x559cb106309e <unknown>\n#10 0x559cb13036ab <unknown>\n#11 0x559cb13074ba <unknown>\n#12 0x559cb12eff85 <unknown>\n#13 0x559cb130812f <unknown>\n#14 0x559cb12d3e6f <unknown>\n#15 0x559cb132c5f8 <unknown>\n#16 0x559cb132c7c2 <unknown>\n#17 0x559cb133e4a4 <unknown>\n#18 0x7fda5bbc4134 <unknown>","time":{"start":1708217712147,"stop":1708217712436,"duration":289}},{"uid":"464d4b3f9c769366","reportUrl":"https://Nat754.github.io/StroyremAutomation/220//#testresult/464d4b3f9c769366","status":"skipped","statusDetails":"XFAIL\n\nselenium.common.exceptions.NoSuchElementException: Message: no such element: Unable to locate element: {\"method\":\"xpath\",\"selector\":\"(//a[@class='add-to-cart yellow-btn'])[1]\"}\n  (Session info: chrome-headless-shell=121.0.6167.184); For documentation on this error, please visit: https://www.selenium.dev/documentation/webdriver/troubleshooting/errors#no-such-element-exception\nStacktrace:\n#0 0x562b07042303 <unknown>\n#1 0x562b06d272b7 <unknown>\n#2 0x562b06d72cc0 <unknown>\n#3 0x562b06d72db1 <unknown>\n#4 0x562b06db6b44 <unknown>\n#5 0x562b06d953ad <unknown>\n#6 0x562b06db407c <unknown>\n#7 0x562b06d95123 <unknown>\n#8 0x562b06d65095 <unknown>\n#9 0x562b06d6609e <unknown>\n#10 0x562b070066ab <unknown>\n#11 0x562b0700a4ba <unknown>\n#12 0x562b06ff2f85 <unknown>\n#13 0x562b0700b12f <unknown>\n#14 0x562b06fd6e6f <unknown>\n#15 0x562b0702f5f8 <unknown>\n#16 0x562b0702f7c2 <unknown>\n#17 0x562b070414a4 <unknown>\n#18 0x7f0565d4d134 <unknown>","time":{"start":1708131024929,"stop":1708131025485,"duration":556}},{"uid":"5470fafd44135c79","reportUrl":"https://Nat754.github.io/StroyremAutomation/219//#testresult/5470fafd44135c79","status":"skipped","statusDetails":"XFAIL\n\nselenium.common.exceptions.NoSuchElementException: Message: no such element: Unable to locate element: {\"method\":\"xpath\",\"selector\":\"(//a[@class='add-to-cart yellow-btn'])[1]\"}\n  (Session info: chrome-headless-shell=121.0.6167.85); For documentation on this error, please visit: https://www.selenium.dev/documentation/webdriver/troubleshooting/errors#no-such-element-exception\nStacktrace:\n#0 0x55be401b4d93 <unknown>\n#1 0x55be3fe98337 <unknown>\n#2 0x55be3fee3d60 <unknown>\n#3 0x55be3fee3e51 <unknown>\n#4 0x55be3ff27bc4 <unknown>\n#5 0x55be3ff0646d <unknown>\n#6 0x55be3ff2512d <unknown>\n#7 0x55be3ff061e3 <unknown>\n#8 0x55be3fed6135 <unknown>\n#9 0x55be3fed713e <unknown>\n#10 0x55be40178e4b <unknown>\n#11 0x55be4017cdfa <unknown>\n#12 0x55be401656d5 <unknown>\n#13 0x55be4017da6f <unknown>\n#14 0x55be4014969f <unknown>\n#15 0x55be401a2098 <unknown>\n#16 0x55be401a2262 <unknown>\n#17 0x55be401b3f34 <unknown>\n#18 0x7fa2cf2aa134 <unknown>","time":{"start":1708044722142,"stop":1708044722583,"duration":441}},{"uid":"56cd9e6c9864f645","reportUrl":"https://Nat754.github.io/StroyremAutomation/218//#testresult/56cd9e6c9864f645","status":"skipped","statusDetails":"XFAIL\n\nselenium.common.exceptions.NoSuchElementException: Message: no such element: Unable to locate element: {\"method\":\"xpath\",\"selector\":\"(//a[@class='add-to-cart yellow-btn'])[1]\"}\n  (Session info: chrome-headless-shell=121.0.6167.85); For documentation on this error, please visit: https://www.selenium.dev/documentation/webdriver/troubleshooting/errors#no-such-element-exception\nStacktrace:\n#0 0x5567a351ed93 <unknown>\n#1 0x5567a3202337 <unknown>\n#2 0x5567a324dd60 <unknown>\n#3 0x5567a324de51 <unknown>\n#4 0x5567a3291bc4 <unknown>\n#5 0x5567a327046d <unknown>\n#6 0x5567a328f12d <unknown>\n#7 0x5567a32701e3 <unknown>\n#8 0x5567a3240135 <unknown>\n#9 0x5567a324113e <unknown>\n#10 0x5567a34e2e4b <unknown>\n#11 0x5567a34e6dfa <unknown>\n#12 0x5567a34cf6d5 <unknown>\n#13 0x5567a34e7a6f <unknown>\n#14 0x5567a34b369f <unknown>\n#15 0x5567a350c098 <unknown>\n#16 0x5567a350c262 <unknown>\n#17 0x5567a351df34 <unknown>\n#18 0x7fea82a6f134 <unknown>","time":{"start":1707958334045,"stop":1707958334666,"duration":621}},{"uid":"a60268fe3a89f083","reportUrl":"https://Nat754.github.io/StroyremAutomation/217//#testresult/a60268fe3a89f083","status":"skipped","statusDetails":"XFAIL\n\nselenium.common.exceptions.NoSuchElementException: Message: no such element: Unable to locate element: {\"method\":\"xpath\",\"selector\":\"(//a[@class='add-to-cart yellow-btn'])[1]\"}\n  (Session info: chrome-headless-shell=121.0.6167.85); For documentation on this error, please visit: https://www.selenium.dev/documentation/webdriver/troubleshooting/errors#no-such-element-exception\nStacktrace:\n#0 0x55adb5503d93 <unknown>\n#1 0x55adb51e7337 <unknown>\n#2 0x55adb5232d60 <unknown>\n#3 0x55adb5232e51 <unknown>\n#4 0x55adb5276bc4 <unknown>\n#5 0x55adb525546d <unknown>\n#6 0x55adb527412d <unknown>\n#7 0x55adb52551e3 <unknown>\n#8 0x55adb5225135 <unknown>\n#9 0x55adb522613e <unknown>\n#10 0x55adb54c7e4b <unknown>\n#11 0x55adb54cbdfa <unknown>\n#12 0x55adb54b46d5 <unknown>\n#13 0x55adb54cca6f <unknown>\n#14 0x55adb549869f <unknown>\n#15 0x55adb54f1098 <unknown>\n#16 0x55adb54f1262 <unknown>\n#17 0x55adb5502f34 <unknown>\n#18 0x7fe525502134 <unknown>","time":{"start":1707872017049,"stop":1707872017441,"duration":392}},{"uid":"63a418108cfc1805","reportUrl":"https://Nat754.github.io/StroyremAutomation/216//#testresult/63a418108cfc1805","status":"skipped","statusDetails":"XFAIL\n\nselenium.common.exceptions.NoSuchElementException: Message: no such element: Unable to locate element: {\"method\":\"xpath\",\"selector\":\"(//a[@class='add-to-cart yellow-btn'])[1]\"}\n  (Session info: chrome-headless-shell=121.0.6167.85); For documentation on this error, please visit: https://www.selenium.dev/documentation/webdriver/troubleshooting/errors#no-such-element-exception\nStacktrace:\n#0 0x555ef1f41d93 <unknown>\n#1 0x555ef1c25337 <unknown>\n#2 0x555ef1c70d60 <unknown>\n#3 0x555ef1c70e51 <unknown>\n#4 0x555ef1cb4bc4 <unknown>\n#5 0x555ef1c9346d <unknown>\n#6 0x555ef1cb212d <unknown>\n#7 0x555ef1c931e3 <unknown>\n#8 0x555ef1c63135 <unknown>\n#9 0x555ef1c6413e <unknown>\n#10 0x555ef1f05e4b <unknown>\n#11 0x555ef1f09dfa <unknown>\n#12 0x555ef1ef26d5 <unknown>\n#13 0x555ef1f0aa6f <unknown>\n#14 0x555ef1ed669f <unknown>\n#15 0x555ef1f2f098 <unknown>\n#16 0x555ef1f2f262 <unknown>\n#17 0x555ef1f40f34 <unknown>\n#18 0x7f73667be134 <unknown>","time":{"start":1707785623923,"stop":1707785624353,"duration":430}},{"uid":"7ede97c89860dccb","reportUrl":"https://Nat754.github.io/StroyremAutomation/215//#testresult/7ede97c89860dccb","status":"skipped","statusDetails":"XFAIL\n\nselenium.common.exceptions.NoSuchElementException: Message: no such element: Unable to locate element: {\"method\":\"xpath\",\"selector\":\"(//a[@class='add-to-cart yellow-btn'])[1]\"}\n  (Session info: chrome-headless-shell=121.0.6167.85); For documentation on this error, please visit: https://www.selenium.dev/documentation/webdriver/troubleshooting/errors#no-such-element-exception\nStacktrace:\n#0 0x55cf8e56cd93 <unknown>\n#1 0x55cf8e250337 <unknown>\n#2 0x55cf8e29bd60 <unknown>\n#3 0x55cf8e29be51 <unknown>\n#4 0x55cf8e2dfbc4 <unknown>\n#5 0x55cf8e2be46d <unknown>\n#6 0x55cf8e2dd12d <unknown>\n#7 0x55cf8e2be1e3 <unknown>\n#8 0x55cf8e28e135 <unknown>\n#9 0x55cf8e28f13e <unknown>\n#10 0x55cf8e530e4b <unknown>\n#11 0x55cf8e534dfa <unknown>\n#12 0x55cf8e51d6d5 <unknown>\n#13 0x55cf8e535a6f <unknown>\n#14 0x55cf8e50169f <unknown>\n#15 0x55cf8e55a098 <unknown>\n#16 0x55cf8e55a262 <unknown>\n#17 0x55cf8e56bf34 <unknown>\n#18 0x7ffa6eac0134 <unknown>","time":{"start":1707699163926,"stop":1707699164328,"duration":402}},{"uid":"3f2f61e62b412431","reportUrl":"https://Nat754.github.io/StroyremAutomation/214//#testresult/3f2f61e62b412431","status":"skipped","statusDetails":"XFAIL\n\nselenium.common.exceptions.NoSuchElementException: Message: no such element: Unable to locate element: {\"method\":\"xpath\",\"selector\":\"(//a[@class='add-to-cart yellow-btn'])[1]\"}\n  (Session info: chrome-headless-shell=121.0.6167.85); For documentation on this error, please visit: https://www.selenium.dev/documentation/webdriver/troubleshooting/errors#no-such-element-exception\nStacktrace:\n#0 0x565122c2dd93 <unknown>\n#1 0x565122911337 <unknown>\n#2 0x56512295cd60 <unknown>\n#3 0x56512295ce51 <unknown>\n#4 0x5651229a0bc4 <unknown>\n#5 0x56512297f46d <unknown>\n#6 0x56512299e12d <unknown>\n#7 0x56512297f1e3 <unknown>\n#8 0x56512294f135 <unknown>\n#9 0x56512295013e <unknown>\n#10 0x565122bf1e4b <unknown>\n#11 0x565122bf5dfa <unknown>\n#12 0x565122bde6d5 <unknown>\n#13 0x565122bf6a6f <unknown>\n#14 0x565122bc269f <unknown>\n#15 0x565122c1b098 <unknown>\n#16 0x565122c1b262 <unknown>\n#17 0x565122c2cf34 <unknown>\n#18 0x7f1a1757a134 <unknown>","time":{"start":1707613013151,"stop":1707613013762,"duration":611}},{"uid":"50491a9e9ffc9387","reportUrl":"https://Nat754.github.io/StroyremAutomation/213//#testresult/50491a9e9ffc9387","status":"skipped","statusDetails":"XFAIL\n\nselenium.common.exceptions.NoSuchElementException: Message: no such element: Unable to locate element: {\"method\":\"xpath\",\"selector\":\"(//a[@class='add-to-cart yellow-btn'])[1]\"}\n  (Session info: chrome-headless-shell=121.0.6167.85); For documentation on this error, please visit: https://www.selenium.dev/documentation/webdriver/troubleshooting/errors#no-such-element-exception\nStacktrace:\n#0 0x55afc89d9d93 <unknown>\n#1 0x55afc86bd337 <unknown>\n#2 0x55afc8708d60 <unknown>\n#3 0x55afc8708e51 <unknown>\n#4 0x55afc874cbc4 <unknown>\n#5 0x55afc872b46d <unknown>\n#6 0x55afc874a12d <unknown>\n#7 0x55afc872b1e3 <unknown>\n#8 0x55afc86fb135 <unknown>\n#9 0x55afc86fc13e <unknown>\n#10 0x55afc899de4b <unknown>\n#11 0x55afc89a1dfa <unknown>\n#12 0x55afc898a6d5 <unknown>\n#13 0x55afc89a2a6f <unknown>\n#14 0x55afc896e69f <unknown>\n#15 0x55afc89c7098 <unknown>\n#16 0x55afc89c7262 <unknown>\n#17 0x55afc89d8f34 <unknown>\n#18 0x7f4e91ce0134 <unknown>","time":{"start":1707526247183,"stop":1707526247607,"duration":424}},{"uid":"da09a62f1405e7bc","reportUrl":"https://Nat754.github.io/StroyremAutomation/212//#testresult/da09a62f1405e7bc","status":"skipped","statusDetails":"XFAIL\n\nselenium.common.exceptions.NoSuchElementException: Message: no such element: Unable to locate element: {\"method\":\"xpath\",\"selector\":\"(//a[@class='add-to-cart yellow-btn'])[1]\"}\n  (Session info: chrome-headless-shell=121.0.6167.85); For documentation on this error, please visit: https://www.selenium.dev/documentation/webdriver/troubleshooting/errors#no-such-element-exception\nStacktrace:\n#0 0x55ed98cdbd93 <unknown>\n#1 0x55ed989bf337 <unknown>\n#2 0x55ed98a0ad60 <unknown>\n#3 0x55ed98a0ae51 <unknown>\n#4 0x55ed98a4ebc4 <unknown>\n#5 0x55ed98a2d46d <unknown>\n#6 0x55ed98a4c12d <unknown>\n#7 0x55ed98a2d1e3 <unknown>\n#8 0x55ed989fd135 <unknown>\n#9 0x55ed989fe13e <unknown>\n#10 0x55ed98c9fe4b <unknown>\n#11 0x55ed98ca3dfa <unknown>\n#12 0x55ed98c8c6d5 <unknown>\n#13 0x55ed98ca4a6f <unknown>\n#14 0x55ed98c7069f <unknown>\n#15 0x55ed98cc9098 <unknown>\n#16 0x55ed98cc9262 <unknown>\n#17 0x55ed98cdaf34 <unknown>\n#18 0x7fa008571134 <unknown>","time":{"start":1707439861605,"stop":1707439862108,"duration":503}},{"uid":"fc1ba2f1876cc77d","reportUrl":"https://Nat754.github.io/StroyremAutomation/211//#testresult/fc1ba2f1876cc77d","status":"skipped","statusDetails":"XFAIL\n\nselenium.common.exceptions.NoSuchElementException: Message: no such element: Unable to locate element: {\"method\":\"xpath\",\"selector\":\"(//a[@class='add-to-cart yellow-btn'])[1]\"}\n  (Session info: chrome-headless-shell=121.0.6167.85); For documentation on this error, please visit: https://www.selenium.dev/documentation/webdriver/troubleshooting/errors#no-such-element-exception\nStacktrace:\n#0 0x5575929a6d93 <unknown>\n#1 0x55759268a337 <unknown>\n#2 0x5575926d5d60 <unknown>\n#3 0x5575926d5e51 <unknown>\n#4 0x557592719bc4 <unknown>\n#5 0x5575926f846d <unknown>\n#6 0x55759271712d <unknown>\n#7 0x5575926f81e3 <unknown>\n#8 0x5575926c8135 <unknown>\n#9 0x5575926c913e <unknown>\n#10 0x55759296ae4b <unknown>\n#11 0x55759296edfa <unknown>\n#12 0x5575929576d5 <unknown>\n#13 0x55759296fa6f <unknown>\n#14 0x55759293b69f <unknown>\n#15 0x557592994098 <unknown>\n#16 0x557592994262 <unknown>\n#17 0x5575929a5f34 <unknown>\n#18 0x7f9b9f65a134 <unknown>","time":{"start":1707353481281,"stop":1707353481615,"duration":334}},{"uid":"a50aca9ac36aca93","reportUrl":"https://Nat754.github.io/StroyremAutomation/210//#testresult/a50aca9ac36aca93","status":"skipped","statusDetails":"XFAIL\n\nselenium.common.exceptions.NoSuchElementException: Message: no such element: Unable to locate element: {\"method\":\"xpath\",\"selector\":\"(//a[@class='add-to-cart yellow-btn'])[1]\"}\n  (Session info: chrome-headless-shell=121.0.6167.85); For documentation on this error, please visit: https://www.selenium.dev/documentation/webdriver/troubleshooting/errors#no-such-element-exception\nStacktrace:\n#0 0x559594c95d93 <unknown>\n#1 0x559594979337 <unknown>\n#2 0x5595949c4d60 <unknown>\n#3 0x5595949c4e51 <unknown>\n#4 0x559594a08bc4 <unknown>\n#5 0x5595949e746d <unknown>\n#6 0x559594a0612d <unknown>\n#7 0x5595949e71e3 <unknown>\n#8 0x5595949b7135 <unknown>\n#9 0x5595949b813e <unknown>\n#10 0x559594c59e4b <unknown>\n#11 0x559594c5ddfa <unknown>\n#12 0x559594c466d5 <unknown>\n#13 0x559594c5ea6f <unknown>\n#14 0x559594c2a69f <unknown>\n#15 0x559594c83098 <unknown>\n#16 0x559594c83262 <unknown>\n#17 0x559594c94f34 <unknown>\n#18 0x7f49f045d134 <unknown>","time":{"start":1707267013174,"stop":1707267013517,"duration":343}},{"uid":"729feddd078a5038","reportUrl":"https://Nat754.github.io/StroyremAutomation/209//#testresult/729feddd078a5038","status":"skipped","statusDetails":"XFAIL\n\nselenium.common.exceptions.NoSuchElementException: Message: no such element: Unable to locate element: {\"method\":\"xpath\",\"selector\":\"(//a[@class='add-to-cart yellow-btn'])[1]\"}\n  (Session info: chrome-headless-shell=121.0.6167.85); For documentation on this error, please visit: https://www.selenium.dev/documentation/webdriver/troubleshooting/errors#no-such-element-exception\nStacktrace:\n#0 0x55e283afdd93 <unknown>\n#1 0x55e2837e1337 <unknown>\n#2 0x55e28382cd60 <unknown>\n#3 0x55e28382ce51 <unknown>\n#4 0x55e283870bc4 <unknown>\n#5 0x55e28384f46d <unknown>\n#6 0x55e28386e12d <unknown>\n#7 0x55e28384f1e3 <unknown>\n#8 0x55e28381f135 <unknown>\n#9 0x55e28382013e <unknown>\n#10 0x55e283ac1e4b <unknown>\n#11 0x55e283ac5dfa <unknown>\n#12 0x55e283aae6d5 <unknown>\n#13 0x55e283ac6a6f <unknown>\n#14 0x55e283a9269f <unknown>\n#15 0x55e283aeb098 <unknown>\n#16 0x55e283aeb262 <unknown>\n#17 0x55e283afcf34 <unknown>\n#18 0x7f56be4a4134 <unknown>","time":{"start":1707180726477,"stop":1707180726888,"duration":411}},{"uid":"5497c792e3a189e5","reportUrl":"https://Nat754.github.io/StroyremAutomation/208//#testresult/5497c792e3a189e5","status":"skipped","statusDetails":"XFAIL\n\nselenium.common.exceptions.NoSuchElementException: Message: no such element: Unable to locate element: {\"method\":\"xpath\",\"selector\":\"(//a[@class='add-to-cart yellow-btn'])[1]\"}\n  (Session info: chrome-headless-shell=121.0.6167.85); For documentation on this error, please visit: https://www.selenium.dev/documentation/webdriver/troubleshooting/errors#no-such-element-exception\nStacktrace:\n#0 0x5645202bfd93 <unknown>\n#1 0x56451ffa3337 <unknown>\n#2 0x56451ffeed60 <unknown>\n#3 0x56451ffeee51 <unknown>\n#4 0x564520032bc4 <unknown>\n#5 0x56452001146d <unknown>\n#6 0x56452003012d <unknown>\n#7 0x5645200111e3 <unknown>\n#8 0x56451ffe1135 <unknown>\n#9 0x56451ffe213e <unknown>\n#10 0x564520283e4b <unknown>\n#11 0x564520287dfa <unknown>\n#12 0x5645202706d5 <unknown>\n#13 0x564520288a6f <unknown>\n#14 0x56452025469f <unknown>\n#15 0x5645202ad098 <unknown>\n#16 0x5645202ad262 <unknown>\n#17 0x5645202bef34 <unknown>\n#18 0x7f4f09c71134 <unknown>","time":{"start":1707094489702,"stop":1707094489993,"duration":291}},{"uid":"f056607ee1ebb035","reportUrl":"https://Nat754.github.io/StroyremAutomation/207//#testresult/f056607ee1ebb035","status":"skipped","statusDetails":"XFAIL\n\nselenium.common.exceptions.NoSuchElementException: Message: no such element: Unable to locate element: {\"method\":\"xpath\",\"selector\":\"(//a[@class='add-to-cart yellow-btn'])[1]\"}\n  (Session info: chrome-headless-shell=121.0.6167.85); For documentation on this error, please visit: https://www.selenium.dev/documentation/webdriver/troubleshooting/errors#no-such-element-exception\nStacktrace:\n#0 0x55997af51d93 <unknown>\n#1 0x55997ac35337 <unknown>\n#2 0x55997ac80d60 <unknown>\n#3 0x55997ac80e51 <unknown>\n#4 0x55997acc4bc4 <unknown>\n#5 0x55997aca346d <unknown>\n#6 0x55997acc212d <unknown>\n#7 0x55997aca31e3 <unknown>\n#8 0x55997ac73135 <unknown>\n#9 0x55997ac7413e <unknown>\n#10 0x55997af15e4b <unknown>\n#11 0x55997af19dfa <unknown>\n#12 0x55997af026d5 <unknown>\n#13 0x55997af1aa6f <unknown>\n#14 0x55997aee669f <unknown>\n#15 0x55997af3f098 <unknown>\n#16 0x55997af3f262 <unknown>\n#17 0x55997af50f34 <unknown>\n#18 0x7f7616f0d134 <unknown>","time":{"start":1707008202712,"stop":1707008203396,"duration":684}},{"uid":"78889275e9f2110a","reportUrl":"https://Nat754.github.io/StroyremAutomation/206//#testresult/78889275e9f2110a","status":"skipped","statusDetails":"XFAIL\n\nselenium.common.exceptions.NoSuchElementException: Message: no such element: Unable to locate element: {\"method\":\"xpath\",\"selector\":\"(//a[@class='add-to-cart yellow-btn'])[1]\"}\n  (Session info: chrome-headless-shell=121.0.6167.85); For documentation on this error, please visit: https://www.selenium.dev/documentation/webdriver/troubleshooting/errors#no-such-element-exception\nStacktrace:\n#0 0x5589b8e74d93 <unknown>\n#1 0x5589b8b58337 <unknown>\n#2 0x5589b8ba3d60 <unknown>\n#3 0x5589b8ba3e51 <unknown>\n#4 0x5589b8be7bc4 <unknown>\n#5 0x5589b8bc646d <unknown>\n#6 0x5589b8be512d <unknown>\n#7 0x5589b8bc61e3 <unknown>\n#8 0x5589b8b96135 <unknown>\n#9 0x5589b8b9713e <unknown>\n#10 0x5589b8e38e4b <unknown>\n#11 0x5589b8e3cdfa <unknown>\n#12 0x5589b8e256d5 <unknown>\n#13 0x5589b8e3da6f <unknown>\n#14 0x5589b8e0969f <unknown>\n#15 0x5589b8e62098 <unknown>\n#16 0x5589b8e62262 <unknown>\n#17 0x5589b8e73f34 <unknown>\n#18 0x7ff7e0829134 <unknown>","time":{"start":1706921511294,"stop":1706921511928,"duration":634}},{"uid":"5f5d4362948916b6","reportUrl":"https://Nat754.github.io/StroyremAutomation/205//#testresult/5f5d4362948916b6","status":"skipped","statusDetails":"XFAIL\n\nselenium.common.exceptions.NoSuchElementException: Message: no such element: Unable to locate element: {\"method\":\"xpath\",\"selector\":\"(//a[@class='add-to-cart yellow-btn'])[1]\"}\n  (Session info: chrome-headless-shell=121.0.6167.85); For documentation on this error, please visit: https://www.selenium.dev/documentation/webdriver/troubleshooting/errors#no-such-element-exception\nStacktrace:\n#0 0x55ff085bdd93 <unknown>\n#1 0x55ff082a1337 <unknown>\n#2 0x55ff082ecd60 <unknown>\n#3 0x55ff082ece51 <unknown>\n#4 0x55ff08330bc4 <unknown>\n#5 0x55ff0830f46d <unknown>\n#6 0x55ff0832e12d <unknown>\n#7 0x55ff0830f1e3 <unknown>\n#8 0x55ff082df135 <unknown>\n#9 0x55ff082e013e <unknown>\n#10 0x55ff08581e4b <unknown>\n#11 0x55ff08585dfa <unknown>\n#12 0x55ff0856e6d5 <unknown>\n#13 0x55ff08586a6f <unknown>\n#14 0x55ff0855269f <unknown>\n#15 0x55ff085ab098 <unknown>\n#16 0x55ff085ab262 <unknown>\n#17 0x55ff085bcf34 <unknown>\n#18 0x7feb11f5e134 <unknown>","time":{"start":1706835158648,"stop":1706835159089,"duration":441}},{"uid":"fef6d348719e0b2f","reportUrl":"https://Nat754.github.io/StroyremAutomation/204//#testresult/fef6d348719e0b2f","status":"skipped","statusDetails":"XFAIL\n\nselenium.common.exceptions.NoSuchElementException: Message: no such element: Unable to locate element: {\"method\":\"xpath\",\"selector\":\"(//a[@class='add-to-cart yellow-btn'])[1]\"}\n  (Session info: chrome-headless-shell=121.0.6167.85); For documentation on this error, please visit: https://www.selenium.dev/documentation/webdriver/troubleshooting/errors#no-such-element-exception\nStacktrace:\n#0 0x55dadb043d93 <unknown>\n#1 0x55dadad27337 <unknown>\n#2 0x55dadad72d60 <unknown>\n#3 0x55dadad72e51 <unknown>\n#4 0x55dadadb6bc4 <unknown>\n#5 0x55dadad9546d <unknown>\n#6 0x55dadadb412d <unknown>\n#7 0x55dadad951e3 <unknown>\n#8 0x55dadad65135 <unknown>\n#9 0x55dadad6613e <unknown>\n#10 0x55dadb007e4b <unknown>\n#11 0x55dadb00bdfa <unknown>\n#12 0x55dadaff46d5 <unknown>\n#13 0x55dadb00ca6f <unknown>\n#14 0x55dadafd869f <unknown>\n#15 0x55dadb031098 <unknown>\n#16 0x55dadb031262 <unknown>\n#17 0x55dadb042f34 <unknown>\n#18 0x7f8cd944d044 <unknown>","time":{"start":1706748929989,"stop":1706748930432,"duration":443}},{"uid":"2d01a76ccb969fed","reportUrl":"https://Nat754.github.io/StroyremAutomation/203//#testresult/2d01a76ccb969fed","status":"skipped","statusDetails":"XFAIL\n\nselenium.common.exceptions.NoSuchElementException: Message: no such element: Unable to locate element: {\"method\":\"xpath\",\"selector\":\"(//a[@class='add-to-cart yellow-btn'])[1]\"}\n  (Session info: chrome-headless-shell=121.0.6167.85); For documentation on this error, please visit: https://www.selenium.dev/documentation/webdriver/troubleshooting/errors#no-such-element-exception\nStacktrace:\n#0 0x55d48de3bd93 <unknown>\n#1 0x55d48db1f337 <unknown>\n#2 0x55d48db6ad60 <unknown>\n#3 0x55d48db6ae51 <unknown>\n#4 0x55d48dbaebc4 <unknown>\n#5 0x55d48db8d46d <unknown>\n#6 0x55d48dbac12d <unknown>\n#7 0x55d48db8d1e3 <unknown>\n#8 0x55d48db5d135 <unknown>\n#9 0x55d48db5e13e <unknown>\n#10 0x55d48ddffe4b <unknown>\n#11 0x55d48de03dfa <unknown>\n#12 0x55d48ddec6d5 <unknown>\n#13 0x55d48de04a6f <unknown>\n#14 0x55d48ddd069f <unknown>\n#15 0x55d48de29098 <unknown>\n#16 0x55d48de29262 <unknown>\n#17 0x55d48de3af34 <unknown>\n#18 0x7fcade0a0044 <unknown>","time":{"start":1706662366124,"stop":1706662366480,"duration":356}},{"uid":"5faf5140de70a9a7","reportUrl":"https://Nat754.github.io/StroyremAutomation/202//#testresult/5faf5140de70a9a7","status":"skipped","statusDetails":"XFAIL\n\nselenium.common.exceptions.NoSuchElementException: Message: no such element: Unable to locate element: {\"method\":\"xpath\",\"selector\":\"(//a[@class='add-to-cart yellow-btn'])[1]\"}\n  (Session info: chrome-headless-shell=121.0.6167.85); For documentation on this error, please visit: https://www.selenium.dev/documentation/webdriver/troubleshooting/errors#no-such-element-exception\nStacktrace:\n#0 0x55da77ff8d93 <unknown>\n#1 0x55da77cdc337 <unknown>\n#2 0x55da77d27d60 <unknown>\n#3 0x55da77d27e51 <unknown>\n#4 0x55da77d6bbc4 <unknown>\n#5 0x55da77d4a46d <unknown>\n#6 0x55da77d6912d <unknown>\n#7 0x55da77d4a1e3 <unknown>\n#8 0x55da77d1a135 <unknown>\n#9 0x55da77d1b13e <unknown>\n#10 0x55da77fbce4b <unknown>\n#11 0x55da77fc0dfa <unknown>\n#12 0x55da77fa96d5 <unknown>\n#13 0x55da77fc1a6f <unknown>\n#14 0x55da77f8d69f <unknown>\n#15 0x55da77fe6098 <unknown>\n#16 0x55da77fe6262 <unknown>\n#17 0x55da77ff7f34 <unknown>\n#18 0x7f45f1af3044 <unknown>","time":{"start":1706575918481,"stop":1706575919114,"duration":633}}]},"tags":["@pytest.mark.xfail","smoke_test"]},"source":"4babe45f849b891c.json","parameterValues":["6120","206","'TD 010'","5570","'products/shtukaturka-gipsovaya-aksolit-m50-30-kg-mashinnogo-naneseniya'","2900","'https://sandboxtest.stroyrem-nn.ru/'","6200"]}