{"uid":"55b78ea9cd437728","name":"test_positive_delivery_green_zone_smoke[TD 004-products/shtukaturka-gipsovaya-aksolit-m50-30-kg-mashinnogo-naneseniya-13-400-450-1590-2190-https://sandboxtest.stroyrem-nn.ru/]","fullName":"tests.delivery.test_delivery_calculation.TestDeliveryPageCalculation#test_positive_delivery_green_zone_smoke","historyId":"ce812b2a55ed9f6130bedf202fa509e3","time":{"start":1708304038143,"stop":1708304038544,"duration":401},"status":"skipped","statusMessage":"XFAIL\n\nselenium.common.exceptions.NoSuchElementException: Message: no such element: Unable to locate element: {\"method\":\"xpath\",\"selector\":\"(//a[@class='add-to-cart yellow-btn'])[1]\"}\n  (Session info: chrome-headless-shell=121.0.6167.184); For documentation on this error, please visit: https://www.selenium.dev/documentation/webdriver/troubleshooting/errors#no-such-element-exception\nStacktrace:\n#0 0x56405258d303 <unknown>\n#1 0x5640522722b7 <unknown>\n#2 0x5640522bdcc0 <unknown>\n#3 0x5640522bddb1 <unknown>\n#4 0x564052301b44 <unknown>\n#5 0x5640522e03ad <unknown>\n#6 0x5640522ff07c <unknown>\n#7 0x5640522e0123 <unknown>\n#8 0x5640522b0095 <unknown>\n#9 0x5640522b109e <unknown>\n#10 0x5640525516ab <unknown>\n#11 0x5640525554ba <unknown>\n#12 0x56405253df85 <unknown>\n#13 0x56405255612f <unknown>\n#14 0x564052521e6f <unknown>\n#15 0x56405257a5f8 <unknown>\n#16 0x56405257a7c2 <unknown>\n#17 0x56405258c4a4 <unknown>\n#18 0x7ff04bf2a134 <unknown>","statusTrace":"self = <tests.delivery.test_delivery_calculation.TestDeliveryPageCalculation object at 0x7fab5a5f52d0>\ndriver = <selenium.webdriver.chrome.webdriver.WebDriver (session=\"b6c40057a6bb10215c4a4d397c42e596\")>\nurl = 'https://sandboxtest.stroyrem-nn.ru/', case_id = 'TD 004'\nlink_item = 'products/shtukaturka-gipsovaya-aksolit-m50-30-kg-mashinnogo-naneseniya'\namount = 13, weight = 400, standard = 450, in_time = 1590, all_time = 2190\n\n    @pytest.mark.parametrize('case_id, link_item, amount, weight, standard, in_time, all_time', [\n        (\"TD 001\", uroven_3000, 1, 30, 0, 1590, 2190),\n        (\"TD 002\", bundeks_25, 1, 30, 400, 1590, 2190),\n        (\"TD 003\", aksolit_30, 8, 300, 400, 1590, 2190),\n        (\"TD 004\", aksolit_30, 13, 400, 450, 1590, 2190),\n        (\"TD 005\", aksolit_30, 16, 500, 600, 1590, 2190),\n        (\"TD 006\", aksolit_30, 25, 1700, 990, 1990, 2480),\n        (\"TD 007\", aksolit_30, 66, 2000, 1300, 2490, 2980),\n        (\"TD 008\", aksolit_30, 149, 4500, 2300, 3980, 4490),\n        (\"TD 009\", aksolit_30, 166, 5000, 2500, 4990, 5480),\n        pytest.param(\n            \"TD 010\", aksolit_30, 206, 6200, 2900, 5570, 6120,\n            marks=pytest.mark.xfail(reson=\"Цена доставки 3600 7960 8980\")\n        ),\n        (\"TD 011\", aksolit_30, 299, 9000, 3600, 7960, 8980),\n        (\"TD 012\", aksolit_30, 333, 10000, 4450, 11990, 12500),\n        pytest.param(\n            \"TD 013\", aksolit_30, 366, 11000, 4800, 12450, 13480,\n            marks=pytest.mark.xfail(reason=\"Цена стандартной доставки 4450\")\n        ),\n        pytest.param(\n            \"TD 014\", aksolit_30, 666, 20000, 5400, 15600, 17490,\n            marks=pytest.mark.xfail(reason=\"Цена стандартной доставки 4450\")\n        )\n    ])\n    @pytest.mark.xfail\n    @pytest.mark.smoke_test\n    def test_positive_delivery_green_zone_smoke(\n            self, driver, url, case_id, link_item, amount, weight, standard, in_time, all_time\n    ):\n    \n        driver.get(f'{url}{link_item}')\n        item_page = ItemPage(driver)\n>       item_page.add_item_to_cart(amount).click_on_cart()\n\ntests/delivery/test_delivery_calculation.py:50: \n_ _ _ _ _ _ _ _ _ _ _ _ _ _ _ _ _ _ _ _ _ _ _ _ _ _ _ _ _ _ _ _ _ _ _ _ _ _ _ _ \npages/item_page.py:40: in add_item_to_cart\n    self.find_element(self._add_item).click()\nbase/seleniumbase.py:17: in find_element\n    return self.driver.find_element(*locator)\n/usr/local/lib/python3.11/site-packages/selenium/webdriver/remote/webdriver.py:739: in find_element\n    return self.execute(Command.FIND_ELEMENT, {\"using\": by, \"value\": value})[\"value\"]\n/usr/local/lib/python3.11/site-packages/selenium/webdriver/remote/webdriver.py:345: in execute\n    self.error_handler.check_response(response)\n_ _ _ _ _ _ _ _ _ _ _ _ _ _ _ _ _ _ _ _ _ _ _ _ _ _ _ _ _ _ _ _ _ _ _ _ _ _ _ _ \n\nself = <selenium.webdriver.remote.errorhandler.ErrorHandler object at 0x7fab5a5bae90>\nresponse = {'status': 404, 'value': '{\"value\":{\"error\":\"no such element\",\"message\":\"no such element: Unable to locate element: {\\...\\\\n#16 0x56405257a7c2 \\\\u003Cunknown>\\\\n#17 0x56405258c4a4 \\\\u003Cunknown>\\\\n#18 0x7ff04bf2a134 \\\\u003Cunknown>\\\\n\"}}'}\n\n    def check_response(self, response: Dict[str, Any]) -> None:\n        \"\"\"Checks that a JSON response from the WebDriver does not have an\n        error.\n    \n        :Args:\n         - response - The JSON response from the WebDriver server as a dictionary\n           object.\n    \n        :Raises: If the response contains an error message.\n        \"\"\"\n        status = response.get(\"status\", None)\n        if not status or status == ErrorCode.SUCCESS:\n            return\n        value = None\n        message = response.get(\"message\", \"\")\n        screen: str = response.get(\"screen\", \"\")\n        stacktrace = None\n        if isinstance(status, int):\n            value_json = response.get(\"value\", None)\n            if value_json and isinstance(value_json, str):\n                import json\n    \n                try:\n                    value = json.loads(value_json)\n                    if len(value) == 1:\n                        value = value[\"value\"]\n                    status = value.get(\"error\", None)\n                    if not status:\n                        status = value.get(\"status\", ErrorCode.UNKNOWN_ERROR)\n                        message = value.get(\"value\") or value.get(\"message\")\n                        if not isinstance(message, str):\n                            value = message\n                            message = message.get(\"message\")\n                    else:\n                        message = value.get(\"message\", None)\n                except ValueError:\n                    pass\n    \n        exception_class: Type[WebDriverException]\n        e = ErrorCode()\n        error_codes = [item for item in dir(e) if not item.startswith(\"__\")]\n        for error_code in error_codes:\n            error_info = getattr(ErrorCode, error_code)\n            if isinstance(error_info, list) and status in error_info:\n                exception_class = getattr(ExceptionMapping, error_code, WebDriverException)\n                break\n        else:\n            exception_class = WebDriverException\n    \n        if not value:\n            value = response[\"value\"]\n        if isinstance(value, str):\n            raise exception_class(value)\n        if message == \"\" and \"message\" in value:\n            message = value[\"message\"]\n    \n        screen = None  # type: ignore[assignment]\n        if \"screen\" in value:\n            screen = value[\"screen\"]\n    \n        stacktrace = None\n        st_value = value.get(\"stackTrace\") or value.get(\"stacktrace\")\n        if st_value:\n            if isinstance(st_value, str):\n                stacktrace = st_value.split(\"\\n\")\n            else:\n                stacktrace = []\n                try:\n                    for frame in st_value:\n                        line = frame.get(\"lineNumber\", \"\")\n                        file = frame.get(\"fileName\", \"<anonymous>\")\n                        if line:\n                            file = f\"{file}:{line}\"\n                        meth = frame.get(\"methodName\", \"<anonymous>\")\n                        if \"className\" in frame:\n                            meth = f\"{frame['className']}.{meth}\"\n                        msg = \"    at %s (%s)\"\n                        msg = msg % (meth, file)\n                        stacktrace.append(msg)\n                except TypeError:\n                    pass\n        if exception_class == UnexpectedAlertPresentException:\n            alert_text = None\n            if \"data\" in value:\n                alert_text = value[\"data\"].get(\"text\")\n            elif \"alert\" in value:\n                alert_text = value[\"alert\"].get(\"text\")\n            raise exception_class(message, screen, stacktrace, alert_text)  # type: ignore[call-arg]  # mypy is not smart enough here\n>       raise exception_class(message, screen, stacktrace)\nE       selenium.common.exceptions.NoSuchElementException: Message: no such element: Unable to locate element: {\"method\":\"xpath\",\"selector\":\"(//a[@class='add-to-cart yellow-btn'])[1]\"}\nE         (Session info: chrome-headless-shell=121.0.6167.184); For documentation on this error, please visit: https://www.selenium.dev/documentation/webdriver/troubleshooting/errors#no-such-element-exception\nE       Stacktrace:\nE       #0 0x56405258d303 <unknown>\nE       #1 0x5640522722b7 <unknown>\nE       #2 0x5640522bdcc0 <unknown>\nE       #3 0x5640522bddb1 <unknown>\nE       #4 0x564052301b44 <unknown>\nE       #5 0x5640522e03ad <unknown>\nE       #6 0x5640522ff07c <unknown>\nE       #7 0x5640522e0123 <unknown>\nE       #8 0x5640522b0095 <unknown>\nE       #9 0x5640522b109e <unknown>\nE       #10 0x5640525516ab <unknown>\nE       #11 0x5640525554ba <unknown>\nE       #12 0x56405253df85 <unknown>\nE       #13 0x56405255612f <unknown>\nE       #14 0x564052521e6f <unknown>\nE       #15 0x56405257a5f8 <unknown>\nE       #16 0x56405257a7c2 <unknown>\nE       #17 0x56405258c4a4 <unknown>\nE       #18 0x7ff04bf2a134 <unknown>\n\n/usr/local/lib/python3.11/site-packages/selenium/webdriver/remote/errorhandler.py:229: NoSuchElementException","flaky":false,"newFailed":false,"newBroken":false,"newPassed":false,"retriesCount":0,"retriesStatusChange":false,"beforeStages":[{"name":"_session_faker","time":{"start":1708303753210,"stop":1708303753282,"duration":72},"status":"passed","steps":[],"attachments":[],"parameters":[],"shouldDisplayMessage":false,"stepsCount":0,"attachmentsCount":0,"hasContent":false,"attachmentStep":false},{"name":"clear_allure_results_folder","time":{"start":1708303753282,"stop":1708303753282,"duration":0},"status":"passed","steps":[],"attachments":[],"parameters":[],"shouldDisplayMessage":false,"stepsCount":0,"attachmentsCount":0,"hasContent":false,"attachmentStep":false},{"name":"driver","time":{"start":1708304037364,"stop":1708304038142,"duration":778},"status":"passed","steps":[],"attachments":[],"parameters":[],"shouldDisplayMessage":false,"stepsCount":0,"attachmentsCount":0,"hasContent":false,"attachmentStep":false},{"name":"setup","time":{"start":1708304038142,"stop":1708304038142,"duration":0},"status":"passed","steps":[],"attachments":[],"parameters":[],"shouldDisplayMessage":false,"stepsCount":0,"attachmentsCount":0,"hasContent":false,"attachmentStep":false}],"testStage":{"status":"skipped","statusMessage":"XFAIL\n\nselenium.common.exceptions.NoSuchElementException: Message: no such element: Unable to locate element: {\"method\":\"xpath\",\"selector\":\"(//a[@class='add-to-cart yellow-btn'])[1]\"}\n  (Session info: chrome-headless-shell=121.0.6167.184); For documentation on this error, please visit: https://www.selenium.dev/documentation/webdriver/troubleshooting/errors#no-such-element-exception\nStacktrace:\n#0 0x56405258d303 <unknown>\n#1 0x5640522722b7 <unknown>\n#2 0x5640522bdcc0 <unknown>\n#3 0x5640522bddb1 <unknown>\n#4 0x564052301b44 <unknown>\n#5 0x5640522e03ad <unknown>\n#6 0x5640522ff07c <unknown>\n#7 0x5640522e0123 <unknown>\n#8 0x5640522b0095 <unknown>\n#9 0x5640522b109e <unknown>\n#10 0x5640525516ab <unknown>\n#11 0x5640525554ba <unknown>\n#12 0x56405253df85 <unknown>\n#13 0x56405255612f <unknown>\n#14 0x564052521e6f <unknown>\n#15 0x56405257a5f8 <unknown>\n#16 0x56405257a7c2 <unknown>\n#17 0x56405258c4a4 <unknown>\n#18 0x7ff04bf2a134 <unknown>","statusTrace":"self = <tests.delivery.test_delivery_calculation.TestDeliveryPageCalculation object at 0x7fab5a5f52d0>\ndriver = <selenium.webdriver.chrome.webdriver.WebDriver (session=\"b6c40057a6bb10215c4a4d397c42e596\")>\nurl = 'https://sandboxtest.stroyrem-nn.ru/', case_id = 'TD 004'\nlink_item = 'products/shtukaturka-gipsovaya-aksolit-m50-30-kg-mashinnogo-naneseniya'\namount = 13, weight = 400, standard = 450, in_time = 1590, all_time = 2190\n\n    @pytest.mark.parametrize('case_id, link_item, amount, weight, standard, in_time, all_time', [\n        (\"TD 001\", uroven_3000, 1, 30, 0, 1590, 2190),\n        (\"TD 002\", bundeks_25, 1, 30, 400, 1590, 2190),\n        (\"TD 003\", aksolit_30, 8, 300, 400, 1590, 2190),\n        (\"TD 004\", aksolit_30, 13, 400, 450, 1590, 2190),\n        (\"TD 005\", aksolit_30, 16, 500, 600, 1590, 2190),\n        (\"TD 006\", aksolit_30, 25, 1700, 990, 1990, 2480),\n        (\"TD 007\", aksolit_30, 66, 2000, 1300, 2490, 2980),\n        (\"TD 008\", aksolit_30, 149, 4500, 2300, 3980, 4490),\n        (\"TD 009\", aksolit_30, 166, 5000, 2500, 4990, 5480),\n        pytest.param(\n            \"TD 010\", aksolit_30, 206, 6200, 2900, 5570, 6120,\n            marks=pytest.mark.xfail(reson=\"Цена доставки 3600 7960 8980\")\n        ),\n        (\"TD 011\", aksolit_30, 299, 9000, 3600, 7960, 8980),\n        (\"TD 012\", aksolit_30, 333, 10000, 4450, 11990, 12500),\n        pytest.param(\n            \"TD 013\", aksolit_30, 366, 11000, 4800, 12450, 13480,\n            marks=pytest.mark.xfail(reason=\"Цена стандартной доставки 4450\")\n        ),\n        pytest.param(\n            \"TD 014\", aksolit_30, 666, 20000, 5400, 15600, 17490,\n            marks=pytest.mark.xfail(reason=\"Цена стандартной доставки 4450\")\n        )\n    ])\n    @pytest.mark.xfail\n    @pytest.mark.smoke_test\n    def test_positive_delivery_green_zone_smoke(\n            self, driver, url, case_id, link_item, amount, weight, standard, in_time, all_time\n    ):\n    \n        driver.get(f'{url}{link_item}')\n        item_page = ItemPage(driver)\n>       item_page.add_item_to_cart(amount).click_on_cart()\n\ntests/delivery/test_delivery_calculation.py:50: \n_ _ _ _ _ _ _ _ _ _ _ _ _ _ _ _ _ _ _ _ _ _ _ _ _ _ _ _ _ _ _ _ _ _ _ _ _ _ _ _ \npages/item_page.py:40: in add_item_to_cart\n    self.find_element(self._add_item).click()\nbase/seleniumbase.py:17: in find_element\n    return self.driver.find_element(*locator)\n/usr/local/lib/python3.11/site-packages/selenium/webdriver/remote/webdriver.py:739: in find_element\n    return self.execute(Command.FIND_ELEMENT, {\"using\": by, \"value\": value})[\"value\"]\n/usr/local/lib/python3.11/site-packages/selenium/webdriver/remote/webdriver.py:345: in execute\n    self.error_handler.check_response(response)\n_ _ _ _ _ _ _ _ _ _ _ _ _ _ _ _ _ _ _ _ _ _ _ _ _ _ _ _ _ _ _ _ _ _ _ _ _ _ _ _ \n\nself = <selenium.webdriver.remote.errorhandler.ErrorHandler object at 0x7fab5a5bae90>\nresponse = {'status': 404, 'value': '{\"value\":{\"error\":\"no such element\",\"message\":\"no such element: Unable to locate element: {\\...\\\\n#16 0x56405257a7c2 \\\\u003Cunknown>\\\\n#17 0x56405258c4a4 \\\\u003Cunknown>\\\\n#18 0x7ff04bf2a134 \\\\u003Cunknown>\\\\n\"}}'}\n\n    def check_response(self, response: Dict[str, Any]) -> None:\n        \"\"\"Checks that a JSON response from the WebDriver does not have an\n        error.\n    \n        :Args:\n         - response - The JSON response from the WebDriver server as a dictionary\n           object.\n    \n        :Raises: If the response contains an error message.\n        \"\"\"\n        status = response.get(\"status\", None)\n        if not status or status == ErrorCode.SUCCESS:\n            return\n        value = None\n        message = response.get(\"message\", \"\")\n        screen: str = response.get(\"screen\", \"\")\n        stacktrace = None\n        if isinstance(status, int):\n            value_json = response.get(\"value\", None)\n            if value_json and isinstance(value_json, str):\n                import json\n    \n                try:\n                    value = json.loads(value_json)\n                    if len(value) == 1:\n                        value = value[\"value\"]\n                    status = value.get(\"error\", None)\n                    if not status:\n                        status = value.get(\"status\", ErrorCode.UNKNOWN_ERROR)\n                        message = value.get(\"value\") or value.get(\"message\")\n                        if not isinstance(message, str):\n                            value = message\n                            message = message.get(\"message\")\n                    else:\n                        message = value.get(\"message\", None)\n                except ValueError:\n                    pass\n    \n        exception_class: Type[WebDriverException]\n        e = ErrorCode()\n        error_codes = [item for item in dir(e) if not item.startswith(\"__\")]\n        for error_code in error_codes:\n            error_info = getattr(ErrorCode, error_code)\n            if isinstance(error_info, list) and status in error_info:\n                exception_class = getattr(ExceptionMapping, error_code, WebDriverException)\n                break\n        else:\n            exception_class = WebDriverException\n    \n        if not value:\n            value = response[\"value\"]\n        if isinstance(value, str):\n            raise exception_class(value)\n        if message == \"\" and \"message\" in value:\n            message = value[\"message\"]\n    \n        screen = None  # type: ignore[assignment]\n        if \"screen\" in value:\n            screen = value[\"screen\"]\n    \n        stacktrace = None\n        st_value = value.get(\"stackTrace\") or value.get(\"stacktrace\")\n        if st_value:\n            if isinstance(st_value, str):\n                stacktrace = st_value.split(\"\\n\")\n            else:\n                stacktrace = []\n                try:\n                    for frame in st_value:\n                        line = frame.get(\"lineNumber\", \"\")\n                        file = frame.get(\"fileName\", \"<anonymous>\")\n                        if line:\n                            file = f\"{file}:{line}\"\n                        meth = frame.get(\"methodName\", \"<anonymous>\")\n                        if \"className\" in frame:\n                            meth = f\"{frame['className']}.{meth}\"\n                        msg = \"    at %s (%s)\"\n                        msg = msg % (meth, file)\n                        stacktrace.append(msg)\n                except TypeError:\n                    pass\n        if exception_class == UnexpectedAlertPresentException:\n            alert_text = None\n            if \"data\" in value:\n                alert_text = value[\"data\"].get(\"text\")\n            elif \"alert\" in value:\n                alert_text = value[\"alert\"].get(\"text\")\n            raise exception_class(message, screen, stacktrace, alert_text)  # type: ignore[call-arg]  # mypy is not smart enough here\n>       raise exception_class(message, screen, stacktrace)\nE       selenium.common.exceptions.NoSuchElementException: Message: no such element: Unable to locate element: {\"method\":\"xpath\",\"selector\":\"(//a[@class='add-to-cart yellow-btn'])[1]\"}\nE         (Session info: chrome-headless-shell=121.0.6167.184); For documentation on this error, please visit: https://www.selenium.dev/documentation/webdriver/troubleshooting/errors#no-such-element-exception\nE       Stacktrace:\nE       #0 0x56405258d303 <unknown>\nE       #1 0x5640522722b7 <unknown>\nE       #2 0x5640522bdcc0 <unknown>\nE       #3 0x5640522bddb1 <unknown>\nE       #4 0x564052301b44 <unknown>\nE       #5 0x5640522e03ad <unknown>\nE       #6 0x5640522ff07c <unknown>\nE       #7 0x5640522e0123 <unknown>\nE       #8 0x5640522b0095 <unknown>\nE       #9 0x5640522b109e <unknown>\nE       #10 0x5640525516ab <unknown>\nE       #11 0x5640525554ba <unknown>\nE       #12 0x56405253df85 <unknown>\nE       #13 0x56405255612f <unknown>\nE       #14 0x564052521e6f <unknown>\nE       #15 0x56405257a5f8 <unknown>\nE       #16 0x56405257a7c2 <unknown>\nE       #17 0x56405258c4a4 <unknown>\nE       #18 0x7ff04bf2a134 <unknown>\n\n/usr/local/lib/python3.11/site-packages/selenium/webdriver/remote/errorhandler.py:229: NoSuchElementException","steps":[{"name":"Добавляем товар в корзину в количестве 13","time":{"start":1708304038531,"stop":1708304038543,"duration":12},"status":"broken","statusMessage":"selenium.common.exceptions.NoSuchElementException: Message: no such element: Unable to locate element: {\"method\":\"xpath\",\"selector\":\"(//a[@class='add-to-cart yellow-btn'])[1]\"}\n  (Session info: chrome-headless-shell=121.0.6167.184); For documentation on this error, please visit: https://www.selenium.dev/documentation/webdriver/troubleshooting/errors#no-such-element-exception\nStacktrace:\n#0 0x56405258d303 <unknown>\n#1 0x5640522722b7 <unknown>\n#2 0x5640522bdcc0 <unknown>\n#3 0x5640522bddb1 <unknown>\n#4 0x564052301b44 <unknown>\n#5 0x5640522e03ad <unknown>\n#6 0x5640522ff07c <unknown>\n#7 0x5640522e0123 <unknown>\n#8 0x5640522b0095 <unknown>\n#9 0x5640522b109e <unknown>\n#10 0x5640525516ab <unknown>\n#11 0x5640525554ba <unknown>\n#12 0x56405253df85 <unknown>\n#13 0x56405255612f <unknown>\n#14 0x564052521e6f <unknown>\n#15 0x56405257a5f8 <unknown>\n#16 0x56405257a7c2 <unknown>\n#17 0x56405258c4a4 <unknown>\n#18 0x7ff04bf2a134 <unknown>\n\n","statusTrace":"  File \"/usr/local/lib/python3.11/site-packages/allure_commons/_allure.py\", line 192, in impl\n    return func(*a, **kw)\n           ^^^^^^^^^^^^^^\n  File \"/app/pages/item_page.py\", line 40, in add_item_to_cart\n    self.find_element(self._add_item).click()\n    ^^^^^^^^^^^^^^^^^^^^^^^^^^^^^^^^^\n  File \"/app/base/seleniumbase.py\", line 17, in find_element\n    return self.driver.find_element(*locator)\n           ^^^^^^^^^^^^^^^^^^^^^^^^^^^^^^^^^^\n  File \"/usr/local/lib/python3.11/site-packages/selenium/webdriver/remote/webdriver.py\", line 739, in find_element\n    return self.execute(Command.FIND_ELEMENT, {\"using\": by, \"value\": value})[\"value\"]\n           ^^^^^^^^^^^^^^^^^^^^^^^^^^^^^^^^^^^^^^^^^^^^^^^^^^^^^^^^^^^^^^^^^\n  File \"/usr/local/lib/python3.11/site-packages/selenium/webdriver/remote/webdriver.py\", line 345, in execute\n    self.error_handler.check_response(response)\n  File \"/usr/local/lib/python3.11/site-packages/selenium/webdriver/remote/errorhandler.py\", line 229, in check_response\n    raise exception_class(message, screen, stacktrace)\n","steps":[],"attachments":[],"parameters":[{"name":"amount","value":"13"}],"shouldDisplayMessage":true,"stepsCount":0,"attachmentsCount":0,"hasContent":true,"attachmentStep":false}],"attachments":[{"uid":"cedb93e929987cca","name":"Screenshot","source":"cedb93e929987cca.png","type":"image/png","size":5862},{"uid":"23784ac62b08c2aa","name":"HTML source","source":"23784ac62b08c2aa.html","type":"text/html","size":39}],"parameters":[],"shouldDisplayMessage":true,"stepsCount":1,"attachmentsCount":2,"hasContent":true,"attachmentStep":false},"afterStages":[{"name":"driver::0","time":{"start":1708304038644,"stop":1708304038702,"duration":58},"status":"passed","steps":[],"attachments":[],"parameters":[],"shouldDisplayMessage":false,"stepsCount":0,"attachmentsCount":0,"hasContent":false,"attachmentStep":false},{"name":"setup::0","time":{"start":1708304038644,"stop":1708304038644,"duration":0},"status":"passed","steps":[],"attachments":[],"parameters":[],"shouldDisplayMessage":false,"stepsCount":0,"attachmentsCount":0,"hasContent":false,"attachmentStep":false}],"labels":[{"name":"epic","value":"Delivery Page - calculation"},{"name":"tag","value":"smoke_test"},{"name":"tag","value":"@pytest.mark.xfail"},{"name":"parentSuite","value":"tests.delivery"},{"name":"suite","value":"test_delivery_calculation"},{"name":"subSuite","value":"TestDeliveryPageCalculation"},{"name":"host","value":"c110d98cd9bb"},{"name":"thread","value":"1-MainThread"},{"name":"framework","value":"pytest"},{"name":"language","value":"cpython3"},{"name":"package","value":"tests.delivery.test_delivery_calculation"},{"name":"resultFormat","value":"allure2"}],"parameters":[{"name":"all_time","value":"2190"},{"name":"amount","value":"13"},{"name":"case_id","value":"'TD 004'"},{"name":"in_time","value":"1590"},{"name":"link_item","value":"'products/shtukaturka-gipsovaya-aksolit-m50-30-kg-mashinnogo-naneseniya'"},{"name":"standard","value":"450"},{"name":"url","value":"'https://sandboxtest.stroyrem-nn.ru/'"},{"name":"weight","value":"400"}],"links":[],"hidden":false,"retry":false,"extra":{"severity":"normal","retries":[],"categories":[],"history":{"statistic":{"failed":0,"broken":13,"skipped":161,"passed":0,"unknown":0,"total":174},"items":[{"uid":"a1e7b0b0e966039a","reportUrl":"https://Nat754.github.io/StroyremAutomation/221//#testresult/a1e7b0b0e966039a","status":"skipped","statusDetails":"XFAIL\n\nselenium.common.exceptions.NoSuchElementException: Message: no such element: Unable to locate element: {\"method\":\"xpath\",\"selector\":\"(//a[@class='add-to-cart yellow-btn'])[1]\"}\n  (Session info: chrome-headless-shell=121.0.6167.184); For documentation on this error, please visit: https://www.selenium.dev/documentation/webdriver/troubleshooting/errors#no-such-element-exception\nStacktrace:\n#0 0x55d47e04c303 <unknown>\n#1 0x55d47dd312b7 <unknown>\n#2 0x55d47dd7ccc0 <unknown>\n#3 0x55d47dd7cdb1 <unknown>\n#4 0x55d47ddc0b44 <unknown>\n#5 0x55d47dd9f3ad <unknown>\n#6 0x55d47ddbe07c <unknown>\n#7 0x55d47dd9f123 <unknown>\n#8 0x55d47dd6f095 <unknown>\n#9 0x55d47dd7009e <unknown>\n#10 0x55d47e0106ab <unknown>\n#11 0x55d47e0144ba <unknown>\n#12 0x55d47dffcf85 <unknown>\n#13 0x55d47e01512f <unknown>\n#14 0x55d47dfe0e6f <unknown>\n#15 0x55d47e0395f8 <unknown>\n#16 0x55d47e0397c2 <unknown>\n#17 0x55d47e04b4a4 <unknown>\n#18 0x7f7ab33bd134 <unknown>","time":{"start":1708217703641,"stop":1708217704084,"duration":443}},{"uid":"e47fdbc0b6735bf8","reportUrl":"https://Nat754.github.io/StroyremAutomation/220//#testresult/e47fdbc0b6735bf8","status":"skipped","statusDetails":"XFAIL\n\nselenium.common.exceptions.NoSuchElementException: Message: no such element: Unable to locate element: {\"method\":\"xpath\",\"selector\":\"(//a[@class='add-to-cart yellow-btn'])[1]\"}\n  (Session info: chrome-headless-shell=121.0.6167.184); For documentation on this error, please visit: https://www.selenium.dev/documentation/webdriver/troubleshooting/errors#no-such-element-exception\nStacktrace:\n#0 0x562694a53303 <unknown>\n#1 0x5626947382b7 <unknown>\n#2 0x562694783cc0 <unknown>\n#3 0x562694783db1 <unknown>\n#4 0x5626947c7b44 <unknown>\n#5 0x5626947a63ad <unknown>\n#6 0x5626947c507c <unknown>\n#7 0x5626947a6123 <unknown>\n#8 0x562694776095 <unknown>\n#9 0x56269477709e <unknown>\n#10 0x562694a176ab <unknown>\n#11 0x562694a1b4ba <unknown>\n#12 0x562694a03f85 <unknown>\n#13 0x562694a1c12f <unknown>\n#14 0x5626949e7e6f <unknown>\n#15 0x562694a405f8 <unknown>\n#16 0x562694a407c2 <unknown>\n#17 0x562694a524a4 <unknown>\n#18 0x7fcea8e88134 <unknown>","time":{"start":1708131016341,"stop":1708131016746,"duration":405}},{"uid":"b9721448dccdcbb9","reportUrl":"https://Nat754.github.io/StroyremAutomation/219//#testresult/b9721448dccdcbb9","status":"skipped","statusDetails":"XFAIL\n\nselenium.common.exceptions.NoSuchElementException: Message: no such element: Unable to locate element: {\"method\":\"xpath\",\"selector\":\"(//a[@class='add-to-cart yellow-btn'])[1]\"}\n  (Session info: chrome-headless-shell=121.0.6167.85); For documentation on this error, please visit: https://www.selenium.dev/documentation/webdriver/troubleshooting/errors#no-such-element-exception\nStacktrace:\n#0 0x55fe3310ed93 <unknown>\n#1 0x55fe32df2337 <unknown>\n#2 0x55fe32e3dd60 <unknown>\n#3 0x55fe32e3de51 <unknown>\n#4 0x55fe32e81bc4 <unknown>\n#5 0x55fe32e6046d <unknown>\n#6 0x55fe32e7f12d <unknown>\n#7 0x55fe32e601e3 <unknown>\n#8 0x55fe32e30135 <unknown>\n#9 0x55fe32e3113e <unknown>\n#10 0x55fe330d2e4b <unknown>\n#11 0x55fe330d6dfa <unknown>\n#12 0x55fe330bf6d5 <unknown>\n#13 0x55fe330d7a6f <unknown>\n#14 0x55fe330a369f <unknown>\n#15 0x55fe330fc098 <unknown>\n#16 0x55fe330fc262 <unknown>\n#17 0x55fe3310df34 <unknown>\n#18 0x7f2deea39134 <unknown>","time":{"start":1708044712439,"stop":1708044713065,"duration":626}},{"uid":"c268b95143cc9cf3","reportUrl":"https://Nat754.github.io/StroyremAutomation/218//#testresult/c268b95143cc9cf3","status":"skipped","statusDetails":"XFAIL\n\nselenium.common.exceptions.NoSuchElementException: Message: no such element: Unable to locate element: {\"method\":\"xpath\",\"selector\":\"(//a[@class='add-to-cart yellow-btn'])[1]\"}\n  (Session info: chrome-headless-shell=121.0.6167.85); For documentation on this error, please visit: https://www.selenium.dev/documentation/webdriver/troubleshooting/errors#no-such-element-exception\nStacktrace:\n#0 0x5556142cfd93 <unknown>\n#1 0x555613fb3337 <unknown>\n#2 0x555613ffed60 <unknown>\n#3 0x555613ffee51 <unknown>\n#4 0x555614042bc4 <unknown>\n#5 0x55561402146d <unknown>\n#6 0x55561404012d <unknown>\n#7 0x5556140211e3 <unknown>\n#8 0x555613ff1135 <unknown>\n#9 0x555613ff213e <unknown>\n#10 0x555614293e4b <unknown>\n#11 0x555614297dfa <unknown>\n#12 0x5556142806d5 <unknown>\n#13 0x555614298a6f <unknown>\n#14 0x55561426469f <unknown>\n#15 0x5556142bd098 <unknown>\n#16 0x5556142bd262 <unknown>\n#17 0x5556142cef34 <unknown>\n#18 0x7fd64a636134 <unknown>","time":{"start":1707958325874,"stop":1707958326272,"duration":398}},{"uid":"60da30fb2fcbdc2b","reportUrl":"https://Nat754.github.io/StroyremAutomation/217//#testresult/60da30fb2fcbdc2b","status":"skipped","statusDetails":"XFAIL\n\nselenium.common.exceptions.NoSuchElementException: Message: no such element: Unable to locate element: {\"method\":\"xpath\",\"selector\":\"(//a[@class='add-to-cart yellow-btn'])[1]\"}\n  (Session info: chrome-headless-shell=121.0.6167.85); For documentation on this error, please visit: https://www.selenium.dev/documentation/webdriver/troubleshooting/errors#no-such-element-exception\nStacktrace:\n#0 0x56083dac9d93 <unknown>\n#1 0x56083d7ad337 <unknown>\n#2 0x56083d7f8d60 <unknown>\n#3 0x56083d7f8e51 <unknown>\n#4 0x56083d83cbc4 <unknown>\n#5 0x56083d81b46d <unknown>\n#6 0x56083d83a12d <unknown>\n#7 0x56083d81b1e3 <unknown>\n#8 0x56083d7eb135 <unknown>\n#9 0x56083d7ec13e <unknown>\n#10 0x56083da8de4b <unknown>\n#11 0x56083da91dfa <unknown>\n#12 0x56083da7a6d5 <unknown>\n#13 0x56083da92a6f <unknown>\n#14 0x56083da5e69f <unknown>\n#15 0x56083dab7098 <unknown>\n#16 0x56083dab7262 <unknown>\n#17 0x56083dac8f34 <unknown>\n#18 0x7ff38cd62134 <unknown>","time":{"start":1707872008858,"stop":1707872009264,"duration":406}},{"uid":"487d5cb7177d89a","reportUrl":"https://Nat754.github.io/StroyremAutomation/216//#testresult/487d5cb7177d89a","status":"skipped","statusDetails":"XFAIL\n\nselenium.common.exceptions.NoSuchElementException: Message: no such element: Unable to locate element: {\"method\":\"xpath\",\"selector\":\"(//a[@class='add-to-cart yellow-btn'])[1]\"}\n  (Session info: chrome-headless-shell=121.0.6167.85); For documentation on this error, please visit: https://www.selenium.dev/documentation/webdriver/troubleshooting/errors#no-such-element-exception\nStacktrace:\n#0 0x5564a1518d93 <unknown>\n#1 0x5564a11fc337 <unknown>\n#2 0x5564a1247d60 <unknown>\n#3 0x5564a1247e51 <unknown>\n#4 0x5564a128bbc4 <unknown>\n#5 0x5564a126a46d <unknown>\n#6 0x5564a128912d <unknown>\n#7 0x5564a126a1e3 <unknown>\n#8 0x5564a123a135 <unknown>\n#9 0x5564a123b13e <unknown>\n#10 0x5564a14dce4b <unknown>\n#11 0x5564a14e0dfa <unknown>\n#12 0x5564a14c96d5 <unknown>\n#13 0x5564a14e1a6f <unknown>\n#14 0x5564a14ad69f <unknown>\n#15 0x5564a1506098 <unknown>\n#16 0x5564a1506262 <unknown>\n#17 0x5564a1517f34 <unknown>\n#18 0x7fb0bcbe7134 <unknown>","time":{"start":1707785614703,"stop":1707785615318,"duration":615}},{"uid":"b80424a5ec4ed668","reportUrl":"https://Nat754.github.io/StroyremAutomation/215//#testresult/b80424a5ec4ed668","status":"skipped","statusDetails":"XFAIL\n\nselenium.common.exceptions.NoSuchElementException: Message: no such element: Unable to locate element: {\"method\":\"xpath\",\"selector\":\"(//a[@class='add-to-cart yellow-btn'])[1]\"}\n  (Session info: chrome-headless-shell=121.0.6167.85); For documentation on this error, please visit: https://www.selenium.dev/documentation/webdriver/troubleshooting/errors#no-such-element-exception\nStacktrace:\n#0 0x55b623152d93 <unknown>\n#1 0x55b622e36337 <unknown>\n#2 0x55b622e81d60 <unknown>\n#3 0x55b622e81e51 <unknown>\n#4 0x55b622ec5bc4 <unknown>\n#5 0x55b622ea446d <unknown>\n#6 0x55b622ec312d <unknown>\n#7 0x55b622ea41e3 <unknown>\n#8 0x55b622e74135 <unknown>\n#9 0x55b622e7513e <unknown>\n#10 0x55b623116e4b <unknown>\n#11 0x55b62311adfa <unknown>\n#12 0x55b6231036d5 <unknown>\n#13 0x55b62311ba6f <unknown>\n#14 0x55b6230e769f <unknown>\n#15 0x55b623140098 <unknown>\n#16 0x55b623140262 <unknown>\n#17 0x55b623151f34 <unknown>\n#18 0x7f268ddaa134 <unknown>","time":{"start":1707699155801,"stop":1707699156219,"duration":418}},{"uid":"1ac1ccdfd4b5847e","reportUrl":"https://Nat754.github.io/StroyremAutomation/214//#testresult/1ac1ccdfd4b5847e","status":"skipped","statusDetails":"XFAIL\n\nselenium.common.exceptions.NoSuchElementException: Message: no such element: Unable to locate element: {\"method\":\"xpath\",\"selector\":\"(//a[@class='add-to-cart yellow-btn'])[1]\"}\n  (Session info: chrome-headless-shell=121.0.6167.85); For documentation on this error, please visit: https://www.selenium.dev/documentation/webdriver/troubleshooting/errors#no-such-element-exception\nStacktrace:\n#0 0x55f920bf9d93 <unknown>\n#1 0x55f9208dd337 <unknown>\n#2 0x55f920928d60 <unknown>\n#3 0x55f920928e51 <unknown>\n#4 0x55f92096cbc4 <unknown>\n#5 0x55f92094b46d <unknown>\n#6 0x55f92096a12d <unknown>\n#7 0x55f92094b1e3 <unknown>\n#8 0x55f92091b135 <unknown>\n#9 0x55f92091c13e <unknown>\n#10 0x55f920bbde4b <unknown>\n#11 0x55f920bc1dfa <unknown>\n#12 0x55f920baa6d5 <unknown>\n#13 0x55f920bc2a6f <unknown>\n#14 0x55f920b8e69f <unknown>\n#15 0x55f920be7098 <unknown>\n#16 0x55f920be7262 <unknown>\n#17 0x55f920bf8f34 <unknown>\n#18 0x7fb589760134 <unknown>","time":{"start":1707613004805,"stop":1707613005421,"duration":616}},{"uid":"69a9bcff22b2e663","reportUrl":"https://Nat754.github.io/StroyremAutomation/213//#testresult/69a9bcff22b2e663","status":"skipped","statusDetails":"XFAIL\n\nselenium.common.exceptions.NoSuchElementException: Message: no such element: Unable to locate element: {\"method\":\"xpath\",\"selector\":\"(//a[@class='add-to-cart yellow-btn'])[1]\"}\n  (Session info: chrome-headless-shell=121.0.6167.85); For documentation on this error, please visit: https://www.selenium.dev/documentation/webdriver/troubleshooting/errors#no-such-element-exception\nStacktrace:\n#0 0x558174a36d93 <unknown>\n#1 0x55817471a337 <unknown>\n#2 0x558174765d60 <unknown>\n#3 0x558174765e51 <unknown>\n#4 0x5581747a9bc4 <unknown>\n#5 0x55817478846d <unknown>\n#6 0x5581747a712d <unknown>\n#7 0x5581747881e3 <unknown>\n#8 0x558174758135 <unknown>\n#9 0x55817475913e <unknown>\n#10 0x5581749fae4b <unknown>\n#11 0x5581749fedfa <unknown>\n#12 0x5581749e76d5 <unknown>\n#13 0x5581749ffa6f <unknown>\n#14 0x5581749cb69f <unknown>\n#15 0x558174a24098 <unknown>\n#16 0x558174a24262 <unknown>\n#17 0x558174a35f34 <unknown>\n#18 0x7ffa719e6134 <unknown>","time":{"start":1707526238942,"stop":1707526239356,"duration":414}},{"uid":"a8aa44c3ba52f08b","reportUrl":"https://Nat754.github.io/StroyremAutomation/212//#testresult/a8aa44c3ba52f08b","status":"skipped","statusDetails":"XFAIL\n\nselenium.common.exceptions.NoSuchElementException: Message: no such element: Unable to locate element: {\"method\":\"xpath\",\"selector\":\"(//a[@class='add-to-cart yellow-btn'])[1]\"}\n  (Session info: chrome-headless-shell=121.0.6167.85); For documentation on this error, please visit: https://www.selenium.dev/documentation/webdriver/troubleshooting/errors#no-such-element-exception\nStacktrace:\n#0 0x56229ec73d93 <unknown>\n#1 0x56229e957337 <unknown>\n#2 0x56229e9a2d60 <unknown>\n#3 0x56229e9a2e51 <unknown>\n#4 0x56229e9e6bc4 <unknown>\n#5 0x56229e9c546d <unknown>\n#6 0x56229e9e412d <unknown>\n#7 0x56229e9c51e3 <unknown>\n#8 0x56229e995135 <unknown>\n#9 0x56229e99613e <unknown>\n#10 0x56229ec37e4b <unknown>\n#11 0x56229ec3bdfa <unknown>\n#12 0x56229ec246d5 <unknown>\n#13 0x56229ec3ca6f <unknown>\n#14 0x56229ec0869f <unknown>\n#15 0x56229ec61098 <unknown>\n#16 0x56229ec61262 <unknown>\n#17 0x56229ec72f34 <unknown>\n#18 0x7f8c8ed87134 <unknown>","time":{"start":1707439853285,"stop":1707439853613,"duration":328}},{"uid":"26de9b633b97b060","reportUrl":"https://Nat754.github.io/StroyremAutomation/211//#testresult/26de9b633b97b060","status":"skipped","statusDetails":"XFAIL\n\nselenium.common.exceptions.NoSuchElementException: Message: no such element: Unable to locate element: {\"method\":\"xpath\",\"selector\":\"(//a[@class='add-to-cart yellow-btn'])[1]\"}\n  (Session info: chrome-headless-shell=121.0.6167.85); For documentation on this error, please visit: https://www.selenium.dev/documentation/webdriver/troubleshooting/errors#no-such-element-exception\nStacktrace:\n#0 0x565200716d93 <unknown>\n#1 0x5652003fa337 <unknown>\n#2 0x565200445d60 <unknown>\n#3 0x565200445e51 <unknown>\n#4 0x565200489bc4 <unknown>\n#5 0x56520046846d <unknown>\n#6 0x56520048712d <unknown>\n#7 0x5652004681e3 <unknown>\n#8 0x565200438135 <unknown>\n#9 0x56520043913e <unknown>\n#10 0x5652006dae4b <unknown>\n#11 0x5652006dedfa <unknown>\n#12 0x5652006c76d5 <unknown>\n#13 0x5652006dfa6f <unknown>\n#14 0x5652006ab69f <unknown>\n#15 0x565200704098 <unknown>\n#16 0x565200704262 <unknown>\n#17 0x565200715f34 <unknown>\n#18 0x7f2e900e5134 <unknown>","time":{"start":1707353473480,"stop":1707353473810,"duration":330}},{"uid":"d9ae5363de61d7ad","reportUrl":"https://Nat754.github.io/StroyremAutomation/210//#testresult/d9ae5363de61d7ad","status":"skipped","statusDetails":"XFAIL\n\nselenium.common.exceptions.NoSuchElementException: Message: no such element: Unable to locate element: {\"method\":\"xpath\",\"selector\":\"(//a[@class='add-to-cart yellow-btn'])[1]\"}\n  (Session info: chrome-headless-shell=121.0.6167.85); For documentation on this error, please visit: https://www.selenium.dev/documentation/webdriver/troubleshooting/errors#no-such-element-exception\nStacktrace:\n#0 0x564eeeebcd93 <unknown>\n#1 0x564eeeba0337 <unknown>\n#2 0x564eeebebd60 <unknown>\n#3 0x564eeebebe51 <unknown>\n#4 0x564eeec2fbc4 <unknown>\n#5 0x564eeec0e46d <unknown>\n#6 0x564eeec2d12d <unknown>\n#7 0x564eeec0e1e3 <unknown>\n#8 0x564eeebde135 <unknown>\n#9 0x564eeebdf13e <unknown>\n#10 0x564eeee80e4b <unknown>\n#11 0x564eeee84dfa <unknown>\n#12 0x564eeee6d6d5 <unknown>\n#13 0x564eeee85a6f <unknown>\n#14 0x564eeee5169f <unknown>\n#15 0x564eeeeaa098 <unknown>\n#16 0x564eeeeaa262 <unknown>\n#17 0x564eeeebbf34 <unknown>\n#18 0x7f40ea825134 <unknown>","time":{"start":1707267004813,"stop":1707267005601,"duration":788}},{"uid":"b6c7dad4ccc952d0","reportUrl":"https://Nat754.github.io/StroyremAutomation/209//#testresult/b6c7dad4ccc952d0","status":"skipped","statusDetails":"XFAIL\n\nselenium.common.exceptions.NoSuchElementException: Message: no such element: Unable to locate element: {\"method\":\"xpath\",\"selector\":\"(//a[@class='add-to-cart yellow-btn'])[1]\"}\n  (Session info: chrome-headless-shell=121.0.6167.85); For documentation on this error, please visit: https://www.selenium.dev/documentation/webdriver/troubleshooting/errors#no-such-element-exception\nStacktrace:\n#0 0x5631d160ed93 <unknown>\n#1 0x5631d12f2337 <unknown>\n#2 0x5631d133dd60 <unknown>\n#3 0x5631d133de51 <unknown>\n#4 0x5631d1381bc4 <unknown>\n#5 0x5631d136046d <unknown>\n#6 0x5631d137f12d <unknown>\n#7 0x5631d13601e3 <unknown>\n#8 0x5631d1330135 <unknown>\n#9 0x5631d133113e <unknown>\n#10 0x5631d15d2e4b <unknown>\n#11 0x5631d15d6dfa <unknown>\n#12 0x5631d15bf6d5 <unknown>\n#13 0x5631d15d7a6f <unknown>\n#14 0x5631d15a369f <unknown>\n#15 0x5631d15fc098 <unknown>\n#16 0x5631d15fc262 <unknown>\n#17 0x5631d160df34 <unknown>\n#18 0x7fb08a18e134 <unknown>","time":{"start":1707180718093,"stop":1707180718653,"duration":560}},{"uid":"cb00300bc1320534","reportUrl":"https://Nat754.github.io/StroyremAutomation/208//#testresult/cb00300bc1320534","status":"skipped","statusDetails":"XFAIL\n\nselenium.common.exceptions.NoSuchElementException: Message: no such element: Unable to locate element: {\"method\":\"xpath\",\"selector\":\"(//a[@class='add-to-cart yellow-btn'])[1]\"}\n  (Session info: chrome-headless-shell=121.0.6167.85); For documentation on this error, please visit: https://www.selenium.dev/documentation/webdriver/troubleshooting/errors#no-such-element-exception\nStacktrace:\n#0 0x5637adffbd93 <unknown>\n#1 0x5637adcdf337 <unknown>\n#2 0x5637add2ad60 <unknown>\n#3 0x5637add2ae51 <unknown>\n#4 0x5637add6ebc4 <unknown>\n#5 0x5637add4d46d <unknown>\n#6 0x5637add6c12d <unknown>\n#7 0x5637add4d1e3 <unknown>\n#8 0x5637add1d135 <unknown>\n#9 0x5637add1e13e <unknown>\n#10 0x5637adfbfe4b <unknown>\n#11 0x5637adfc3dfa <unknown>\n#12 0x5637adfac6d5 <unknown>\n#13 0x5637adfc4a6f <unknown>\n#14 0x5637adf9069f <unknown>\n#15 0x5637adfe9098 <unknown>\n#16 0x5637adfe9262 <unknown>\n#17 0x5637adffaf34 <unknown>\n#18 0x7f796d855134 <unknown>","time":{"start":1707094481714,"stop":1707094482139,"duration":425}},{"uid":"28e2945246215f88","reportUrl":"https://Nat754.github.io/StroyremAutomation/207//#testresult/28e2945246215f88","status":"skipped","statusDetails":"XFAIL\n\nselenium.common.exceptions.NoSuchElementException: Message: no such element: Unable to locate element: {\"method\":\"xpath\",\"selector\":\"(//a[@class='add-to-cart yellow-btn'])[1]\"}\n  (Session info: chrome-headless-shell=121.0.6167.85); For documentation on this error, please visit: https://www.selenium.dev/documentation/webdriver/troubleshooting/errors#no-such-element-exception\nStacktrace:\n#0 0x55c087f4ed93 <unknown>\n#1 0x55c087c32337 <unknown>\n#2 0x55c087c7dd60 <unknown>\n#3 0x55c087c7de51 <unknown>\n#4 0x55c087cc1bc4 <unknown>\n#5 0x55c087ca046d <unknown>\n#6 0x55c087cbf12d <unknown>\n#7 0x55c087ca01e3 <unknown>\n#8 0x55c087c70135 <unknown>\n#9 0x55c087c7113e <unknown>\n#10 0x55c087f12e4b <unknown>\n#11 0x55c087f16dfa <unknown>\n#12 0x55c087eff6d5 <unknown>\n#13 0x55c087f17a6f <unknown>\n#14 0x55c087ee369f <unknown>\n#15 0x55c087f3c098 <unknown>\n#16 0x55c087f3c262 <unknown>\n#17 0x55c087f4df34 <unknown>\n#18 0x7f76d7f91134 <unknown>","time":{"start":1707008193992,"stop":1707008194556,"duration":564}},{"uid":"a840508b143991dc","reportUrl":"https://Nat754.github.io/StroyremAutomation/206//#testresult/a840508b143991dc","status":"skipped","statusDetails":"XFAIL\n\nselenium.common.exceptions.NoSuchElementException: Message: no such element: Unable to locate element: {\"method\":\"xpath\",\"selector\":\"(//a[@class='add-to-cart yellow-btn'])[1]\"}\n  (Session info: chrome-headless-shell=121.0.6167.85); For documentation on this error, please visit: https://www.selenium.dev/documentation/webdriver/troubleshooting/errors#no-such-element-exception\nStacktrace:\n#0 0x557918a4cd93 <unknown>\n#1 0x557918730337 <unknown>\n#2 0x55791877bd60 <unknown>\n#3 0x55791877be51 <unknown>\n#4 0x5579187bfbc4 <unknown>\n#5 0x55791879e46d <unknown>\n#6 0x5579187bd12d <unknown>\n#7 0x55791879e1e3 <unknown>\n#8 0x55791876e135 <unknown>\n#9 0x55791876f13e <unknown>\n#10 0x557918a10e4b <unknown>\n#11 0x557918a14dfa <unknown>\n#12 0x5579189fd6d5 <unknown>\n#13 0x557918a15a6f <unknown>\n#14 0x5579189e169f <unknown>\n#15 0x557918a3a098 <unknown>\n#16 0x557918a3a262 <unknown>\n#17 0x557918a4bf34 <unknown>\n#18 0x7f8b77ad9134 <unknown>","time":{"start":1706921501605,"stop":1706921502444,"duration":839}},{"uid":"c3af4d04ef3fe4ae","reportUrl":"https://Nat754.github.io/StroyremAutomation/205//#testresult/c3af4d04ef3fe4ae","status":"skipped","statusDetails":"XFAIL\n\nselenium.common.exceptions.NoSuchElementException: Message: no such element: Unable to locate element: {\"method\":\"xpath\",\"selector\":\"(//a[@class='add-to-cart yellow-btn'])[1]\"}\n  (Session info: chrome-headless-shell=121.0.6167.85); For documentation on this error, please visit: https://www.selenium.dev/documentation/webdriver/troubleshooting/errors#no-such-element-exception\nStacktrace:\n#0 0x56538a84cd93 <unknown>\n#1 0x56538a530337 <unknown>\n#2 0x56538a57bd60 <unknown>\n#3 0x56538a57be51 <unknown>\n#4 0x56538a5bfbc4 <unknown>\n#5 0x56538a59e46d <unknown>\n#6 0x56538a5bd12d <unknown>\n#7 0x56538a59e1e3 <unknown>\n#8 0x56538a56e135 <unknown>\n#9 0x56538a56f13e <unknown>\n#10 0x56538a810e4b <unknown>\n#11 0x56538a814dfa <unknown>\n#12 0x56538a7fd6d5 <unknown>\n#13 0x56538a815a6f <unknown>\n#14 0x56538a7e169f <unknown>\n#15 0x56538a83a098 <unknown>\n#16 0x56538a83a262 <unknown>\n#17 0x56538a84bf34 <unknown>\n#18 0x7f300304d134 <unknown>","time":{"start":1706835149882,"stop":1706835150483,"duration":601}},{"uid":"f4598c06efabb709","reportUrl":"https://Nat754.github.io/StroyremAutomation/204//#testresult/f4598c06efabb709","status":"skipped","statusDetails":"XFAIL\n\nselenium.common.exceptions.NoSuchElementException: Message: no such element: Unable to locate element: {\"method\":\"xpath\",\"selector\":\"(//a[@class='add-to-cart yellow-btn'])[1]\"}\n  (Session info: chrome-headless-shell=121.0.6167.85); For documentation on this error, please visit: https://www.selenium.dev/documentation/webdriver/troubleshooting/errors#no-such-element-exception\nStacktrace:\n#0 0x5585eba7dd93 <unknown>\n#1 0x5585eb761337 <unknown>\n#2 0x5585eb7acd60 <unknown>\n#3 0x5585eb7ace51 <unknown>\n#4 0x5585eb7f0bc4 <unknown>\n#5 0x5585eb7cf46d <unknown>\n#6 0x5585eb7ee12d <unknown>\n#7 0x5585eb7cf1e3 <unknown>\n#8 0x5585eb79f135 <unknown>\n#9 0x5585eb7a013e <unknown>\n#10 0x5585eba41e4b <unknown>\n#11 0x5585eba45dfa <unknown>\n#12 0x5585eba2e6d5 <unknown>\n#13 0x5585eba46a6f <unknown>\n#14 0x5585eba1269f <unknown>\n#15 0x5585eba6b098 <unknown>\n#16 0x5585eba6b262 <unknown>\n#17 0x5585eba7cf34 <unknown>\n#18 0x7fdf69023044 <unknown>","time":{"start":1706748920507,"stop":1706748921341,"duration":834}},{"uid":"b9c628de2c7478ce","reportUrl":"https://Nat754.github.io/StroyremAutomation/203//#testresult/b9c628de2c7478ce","status":"skipped","statusDetails":"XFAIL\n\nselenium.common.exceptions.NoSuchElementException: Message: no such element: Unable to locate element: {\"method\":\"xpath\",\"selector\":\"(//a[@class='add-to-cart yellow-btn'])[1]\"}\n  (Session info: chrome-headless-shell=121.0.6167.85); For documentation on this error, please visit: https://www.selenium.dev/documentation/webdriver/troubleshooting/errors#no-such-element-exception\nStacktrace:\n#0 0x55e801056d93 <unknown>\n#1 0x55e800d3a337 <unknown>\n#2 0x55e800d85d60 <unknown>\n#3 0x55e800d85e51 <unknown>\n#4 0x55e800dc9bc4 <unknown>\n#5 0x55e800da846d <unknown>\n#6 0x55e800dc712d <unknown>\n#7 0x55e800da81e3 <unknown>\n#8 0x55e800d78135 <unknown>\n#9 0x55e800d7913e <unknown>\n#10 0x55e80101ae4b <unknown>\n#11 0x55e80101edfa <unknown>\n#12 0x55e8010076d5 <unknown>\n#13 0x55e80101fa6f <unknown>\n#14 0x55e800feb69f <unknown>\n#15 0x55e801044098 <unknown>\n#16 0x55e801044262 <unknown>\n#17 0x55e801055f34 <unknown>\n#18 0x7fc629f0b044 <unknown>","time":{"start":1706662357752,"stop":1706662358449,"duration":697}},{"uid":"5d8c95583414544c","reportUrl":"https://Nat754.github.io/StroyremAutomation/202//#testresult/5d8c95583414544c","status":"skipped","statusDetails":"XFAIL\n\nselenium.common.exceptions.NoSuchElementException: Message: no such element: Unable to locate element: {\"method\":\"xpath\",\"selector\":\"(//a[@class='add-to-cart yellow-btn'])[1]\"}\n  (Session info: chrome-headless-shell=121.0.6167.85); For documentation on this error, please visit: https://www.selenium.dev/documentation/webdriver/troubleshooting/errors#no-such-element-exception\nStacktrace:\n#0 0x55e29606cd93 <unknown>\n#1 0x55e295d50337 <unknown>\n#2 0x55e295d9bd60 <unknown>\n#3 0x55e295d9be51 <unknown>\n#4 0x55e295ddfbc4 <unknown>\n#5 0x55e295dbe46d <unknown>\n#6 0x55e295ddd12d <unknown>\n#7 0x55e295dbe1e3 <unknown>\n#8 0x55e295d8e135 <unknown>\n#9 0x55e295d8f13e <unknown>\n#10 0x55e296030e4b <unknown>\n#11 0x55e296034dfa <unknown>\n#12 0x55e29601d6d5 <unknown>\n#13 0x55e296035a6f <unknown>\n#14 0x55e29600169f <unknown>\n#15 0x55e29605a098 <unknown>\n#16 0x55e29605a262 <unknown>\n#17 0x55e29606bf34 <unknown>\n#18 0x7f46f7332044 <unknown>","time":{"start":1706575909895,"stop":1706575910471,"duration":576}}]},"tags":["@pytest.mark.xfail","smoke_test"]},"source":"55b78ea9cd437728.json","parameterValues":["2190","13","'TD 004'","1590","'products/shtukaturka-gipsovaya-aksolit-m50-30-kg-mashinnogo-naneseniya'","450","'https://sandboxtest.stroyrem-nn.ru/'","400"]}