{"uid":"5e6120a215a55672","name":"test_positive_delivery_green_zone_smoke[TD 013-products/shtukaturka-gipsovaya-aksolit-m50-30-kg-mashinnogo-naneseniya-366-11000-4800-12450-13480-https://sandboxtest.stroyrem-nn.ru/]","fullName":"tests.delivery.test_delivery_calculation.TestDeliveryPageCalculation#test_positive_delivery_green_zone_smoke","historyId":"138a96f7f81216afdff8252a6c5795ca","time":{"start":1716685210807,"stop":1716685211240,"duration":433},"status":"skipped","statusMessage":"XFAIL\n\nselenium.common.exceptions.NoSuchElementException: Message: no such element: Unable to locate element: {\"method\":\"xpath\",\"selector\":\"(//a[@class='add-to-cart yellow-btn'])[1]\"}\n  (Session info: chrome-headless-shell=125.0.6422.78); For documentation on this error, please visit: https://www.selenium.dev/documentation/webdriver/troubleshooting/errors#no-such-element-exception\nStacktrace:\n#0 0x55a67a8b4e8a <unknown>\n#1 0x55a67a59e45c <unknown>\n#2 0x55a67a5ea5b5 <unknown>\n#3 0x55a67a5ea671 <unknown>\n#4 0x55a67a62ef14 <unknown>\n#5 0x55a67a60d4dd <unknown>\n#6 0x55a67a62c2cc <unknown>\n#7 0x55a67a60d253 <unknown>\n#8 0x55a67a5dd1c7 <unknown>\n#9 0x55a67a5ddb3e <unknown>\n#10 0x55a67a87b2cb <unknown>\n#11 0x55a67a87f377 <unknown>\n#12 0x55a67a867dfe <unknown>\n#13 0x55a67a87fe42 <unknown>\n#14 0x55a67a84c79f <unknown>\n#15 0x55a67a8a4178 <unknown>\n#16 0x55a67a8a434b <unknown>\n#17 0x55a67a8b3fbc <unknown>\n#18 0x7f8f9e1b9134 <unknown>","statusTrace":"self = <tests.delivery.test_delivery_calculation.TestDeliveryPageCalculation object at 0x7f9b7929d290>\ndriver = <selenium.webdriver.chrome.webdriver.WebDriver (session=\"dd1093465661ec4dba5908b577205061\")>\nurl = 'https://sandboxtest.stroyrem-nn.ru/', case_id = 'TD 013'\nlink_item = 'products/shtukaturka-gipsovaya-aksolit-m50-30-kg-mashinnogo-naneseniya'\namount = 366, weight = 11000, standard = 4800, in_time = 12450, all_time = 13480\n\n    @pytest.mark.parametrize('case_id, link_item, amount, weight, standard, in_time, all_time', [\n        (\"TD 001\", uroven_3000, 1, 30, 0, 1590, 2190),\n        (\"TD 002\", bundeks_25, 1, 30, 400, 1590, 2190),\n        (\"TD 003\", aksolit_30, 8, 300, 400, 1590, 2190),\n        (\"TD 004\", aksolit_30, 13, 400, 450, 1590, 2190),\n        (\"TD 005\", aksolit_30, 16, 500, 600, 1590, 2190),\n        (\"TD 006\", aksolit_30, 25, 1700, 990, 1990, 2480),\n        (\"TD 007\", aksolit_30, 66, 2000, 1300, 2490, 2980),\n        (\"TD 008\", aksolit_30, 149, 4500, 2300, 3980, 4490),\n        (\"TD 009\", aksolit_30, 166, 5000, 2500, 4990, 5480),\n        pytest.param(\n            \"TD 010\", aksolit_30, 206, 6200, 2900, 5570, 6120,\n            marks=pytest.mark.xfail(reson=\"Цена доставки 3600 7960 8980\")\n        ),\n        (\"TD 011\", aksolit_30, 299, 9000, 3600, 7960, 8980),\n        (\"TD 012\", aksolit_30, 333, 10000, 4450, 11990, 12500),\n        pytest.param(\n            \"TD 013\", aksolit_30, 366, 11000, 4800, 12450, 13480,\n            marks=pytest.mark.xfail(reason=\"Цена стандартной доставки 4450\")\n        ),\n        pytest.param(\n            \"TD 014\", aksolit_30, 666, 20000, 5400, 15600, 17490,\n            marks=pytest.mark.xfail(reason=\"Цена стандартной доставки 4450\")\n        )\n    ])\n    @pytest.mark.xfail\n    @pytest.mark.smoke_test\n    def test_positive_delivery_green_zone_smoke(\n            self, driver, url, case_id, link_item, amount, weight, standard, in_time, all_time\n    ):\n    \n        driver.get(f'{url}{link_item}')\n        item_page = ItemPage(driver)\n>       item_page.add_item_to_cart(amount).click_on_cart()\n\ntests/delivery/test_delivery_calculation.py:50: \n_ _ _ _ _ _ _ _ _ _ _ _ _ _ _ _ _ _ _ _ _ _ _ _ _ _ _ _ _ _ _ _ _ _ _ _ _ _ _ _ \npages/item_page.py:40: in add_item_to_cart\n    self.find_element(self._add_item).click()\nbase/seleniumbase.py:17: in find_element\n    return self.driver.find_element(*locator)\n/usr/local/lib/python3.11/site-packages/selenium/webdriver/remote/webdriver.py:739: in find_element\n    return self.execute(Command.FIND_ELEMENT, {\"using\": by, \"value\": value})[\"value\"]\n/usr/local/lib/python3.11/site-packages/selenium/webdriver/remote/webdriver.py:345: in execute\n    self.error_handler.check_response(response)\n_ _ _ _ _ _ _ _ _ _ _ _ _ _ _ _ _ _ _ _ _ _ _ _ _ _ _ _ _ _ _ _ _ _ _ _ _ _ _ _ \n\nself = <selenium.webdriver.remote.errorhandler.ErrorHandler object at 0x7f9b78b1cdd0>\nresponse = {'status': 404, 'value': '{\"value\":{\"error\":\"no such element\",\"message\":\"no such element: Unable to locate element: {\\...\\\\n#16 0x55a67a8a434b \\\\u003Cunknown>\\\\n#17 0x55a67a8b3fbc \\\\u003Cunknown>\\\\n#18 0x7f8f9e1b9134 \\\\u003Cunknown>\\\\n\"}}'}\n\n    def check_response(self, response: Dict[str, Any]) -> None:\n        \"\"\"Checks that a JSON response from the WebDriver does not have an\n        error.\n    \n        :Args:\n         - response - The JSON response from the WebDriver server as a dictionary\n           object.\n    \n        :Raises: If the response contains an error message.\n        \"\"\"\n        status = response.get(\"status\", None)\n        if not status or status == ErrorCode.SUCCESS:\n            return\n        value = None\n        message = response.get(\"message\", \"\")\n        screen: str = response.get(\"screen\", \"\")\n        stacktrace = None\n        if isinstance(status, int):\n            value_json = response.get(\"value\", None)\n            if value_json and isinstance(value_json, str):\n                import json\n    \n                try:\n                    value = json.loads(value_json)\n                    if len(value) == 1:\n                        value = value[\"value\"]\n                    status = value.get(\"error\", None)\n                    if not status:\n                        status = value.get(\"status\", ErrorCode.UNKNOWN_ERROR)\n                        message = value.get(\"value\") or value.get(\"message\")\n                        if not isinstance(message, str):\n                            value = message\n                            message = message.get(\"message\")\n                    else:\n                        message = value.get(\"message\", None)\n                except ValueError:\n                    pass\n    \n        exception_class: Type[WebDriverException]\n        e = ErrorCode()\n        error_codes = [item for item in dir(e) if not item.startswith(\"__\")]\n        for error_code in error_codes:\n            error_info = getattr(ErrorCode, error_code)\n            if isinstance(error_info, list) and status in error_info:\n                exception_class = getattr(ExceptionMapping, error_code, WebDriverException)\n                break\n        else:\n            exception_class = WebDriverException\n    \n        if not value:\n            value = response[\"value\"]\n        if isinstance(value, str):\n            raise exception_class(value)\n        if message == \"\" and \"message\" in value:\n            message = value[\"message\"]\n    \n        screen = None  # type: ignore[assignment]\n        if \"screen\" in value:\n            screen = value[\"screen\"]\n    \n        stacktrace = None\n        st_value = value.get(\"stackTrace\") or value.get(\"stacktrace\")\n        if st_value:\n            if isinstance(st_value, str):\n                stacktrace = st_value.split(\"\\n\")\n            else:\n                stacktrace = []\n                try:\n                    for frame in st_value:\n                        line = frame.get(\"lineNumber\", \"\")\n                        file = frame.get(\"fileName\", \"<anonymous>\")\n                        if line:\n                            file = f\"{file}:{line}\"\n                        meth = frame.get(\"methodName\", \"<anonymous>\")\n                        if \"className\" in frame:\n                            meth = f\"{frame['className']}.{meth}\"\n                        msg = \"    at %s (%s)\"\n                        msg = msg % (meth, file)\n                        stacktrace.append(msg)\n                except TypeError:\n                    pass\n        if exception_class == UnexpectedAlertPresentException:\n            alert_text = None\n            if \"data\" in value:\n                alert_text = value[\"data\"].get(\"text\")\n            elif \"alert\" in value:\n                alert_text = value[\"alert\"].get(\"text\")\n            raise exception_class(message, screen, stacktrace, alert_text)  # type: ignore[call-arg]  # mypy is not smart enough here\n>       raise exception_class(message, screen, stacktrace)\nE       selenium.common.exceptions.NoSuchElementException: Message: no such element: Unable to locate element: {\"method\":\"xpath\",\"selector\":\"(//a[@class='add-to-cart yellow-btn'])[1]\"}\nE         (Session info: chrome-headless-shell=125.0.6422.78); For documentation on this error, please visit: https://www.selenium.dev/documentation/webdriver/troubleshooting/errors#no-such-element-exception\nE       Stacktrace:\nE       #0 0x55a67a8b4e8a <unknown>\nE       #1 0x55a67a59e45c <unknown>\nE       #2 0x55a67a5ea5b5 <unknown>\nE       #3 0x55a67a5ea671 <unknown>\nE       #4 0x55a67a62ef14 <unknown>\nE       #5 0x55a67a60d4dd <unknown>\nE       #6 0x55a67a62c2cc <unknown>\nE       #7 0x55a67a60d253 <unknown>\nE       #8 0x55a67a5dd1c7 <unknown>\nE       #9 0x55a67a5ddb3e <unknown>\nE       #10 0x55a67a87b2cb <unknown>\nE       #11 0x55a67a87f377 <unknown>\nE       #12 0x55a67a867dfe <unknown>\nE       #13 0x55a67a87fe42 <unknown>\nE       #14 0x55a67a84c79f <unknown>\nE       #15 0x55a67a8a4178 <unknown>\nE       #16 0x55a67a8a434b <unknown>\nE       #17 0x55a67a8b3fbc <unknown>\nE       #18 0x7f8f9e1b9134 <unknown>\n\n/usr/local/lib/python3.11/site-packages/selenium/webdriver/remote/errorhandler.py:229: NoSuchElementException","flaky":false,"newFailed":false,"newBroken":false,"newPassed":false,"retriesCount":0,"retriesStatusChange":false,"beforeStages":[{"name":"_session_faker","time":{"start":1716684985804,"stop":1716684985871,"duration":67},"status":"passed","steps":[],"attachments":[],"parameters":[],"shouldDisplayMessage":false,"stepsCount":0,"attachmentsCount":0,"hasContent":false,"attachmentStep":false},{"name":"clear_allure_results_folder","time":{"start":1716684985871,"stop":1716684985871,"duration":0},"status":"passed","steps":[],"attachments":[],"parameters":[],"shouldDisplayMessage":false,"stepsCount":0,"attachmentsCount":0,"hasContent":false,"attachmentStep":false},{"name":"driver","time":{"start":1716685210114,"stop":1716685210806,"duration":692},"status":"passed","steps":[],"attachments":[],"parameters":[],"shouldDisplayMessage":false,"stepsCount":0,"attachmentsCount":0,"hasContent":false,"attachmentStep":false},{"name":"setup","time":{"start":1716685210806,"stop":1716685210806,"duration":0},"status":"passed","steps":[],"attachments":[],"parameters":[],"shouldDisplayMessage":false,"stepsCount":0,"attachmentsCount":0,"hasContent":false,"attachmentStep":false}],"testStage":{"status":"skipped","statusMessage":"XFAIL\n\nselenium.common.exceptions.NoSuchElementException: Message: no such element: Unable to locate element: {\"method\":\"xpath\",\"selector\":\"(//a[@class='add-to-cart yellow-btn'])[1]\"}\n  (Session info: chrome-headless-shell=125.0.6422.78); For documentation on this error, please visit: https://www.selenium.dev/documentation/webdriver/troubleshooting/errors#no-such-element-exception\nStacktrace:\n#0 0x55a67a8b4e8a <unknown>\n#1 0x55a67a59e45c <unknown>\n#2 0x55a67a5ea5b5 <unknown>\n#3 0x55a67a5ea671 <unknown>\n#4 0x55a67a62ef14 <unknown>\n#5 0x55a67a60d4dd <unknown>\n#6 0x55a67a62c2cc <unknown>\n#7 0x55a67a60d253 <unknown>\n#8 0x55a67a5dd1c7 <unknown>\n#9 0x55a67a5ddb3e <unknown>\n#10 0x55a67a87b2cb <unknown>\n#11 0x55a67a87f377 <unknown>\n#12 0x55a67a867dfe <unknown>\n#13 0x55a67a87fe42 <unknown>\n#14 0x55a67a84c79f <unknown>\n#15 0x55a67a8a4178 <unknown>\n#16 0x55a67a8a434b <unknown>\n#17 0x55a67a8b3fbc <unknown>\n#18 0x7f8f9e1b9134 <unknown>","statusTrace":"self = <tests.delivery.test_delivery_calculation.TestDeliveryPageCalculation object at 0x7f9b7929d290>\ndriver = <selenium.webdriver.chrome.webdriver.WebDriver (session=\"dd1093465661ec4dba5908b577205061\")>\nurl = 'https://sandboxtest.stroyrem-nn.ru/', case_id = 'TD 013'\nlink_item = 'products/shtukaturka-gipsovaya-aksolit-m50-30-kg-mashinnogo-naneseniya'\namount = 366, weight = 11000, standard = 4800, in_time = 12450, all_time = 13480\n\n    @pytest.mark.parametrize('case_id, link_item, amount, weight, standard, in_time, all_time', [\n        (\"TD 001\", uroven_3000, 1, 30, 0, 1590, 2190),\n        (\"TD 002\", bundeks_25, 1, 30, 400, 1590, 2190),\n        (\"TD 003\", aksolit_30, 8, 300, 400, 1590, 2190),\n        (\"TD 004\", aksolit_30, 13, 400, 450, 1590, 2190),\n        (\"TD 005\", aksolit_30, 16, 500, 600, 1590, 2190),\n        (\"TD 006\", aksolit_30, 25, 1700, 990, 1990, 2480),\n        (\"TD 007\", aksolit_30, 66, 2000, 1300, 2490, 2980),\n        (\"TD 008\", aksolit_30, 149, 4500, 2300, 3980, 4490),\n        (\"TD 009\", aksolit_30, 166, 5000, 2500, 4990, 5480),\n        pytest.param(\n            \"TD 010\", aksolit_30, 206, 6200, 2900, 5570, 6120,\n            marks=pytest.mark.xfail(reson=\"Цена доставки 3600 7960 8980\")\n        ),\n        (\"TD 011\", aksolit_30, 299, 9000, 3600, 7960, 8980),\n        (\"TD 012\", aksolit_30, 333, 10000, 4450, 11990, 12500),\n        pytest.param(\n            \"TD 013\", aksolit_30, 366, 11000, 4800, 12450, 13480,\n            marks=pytest.mark.xfail(reason=\"Цена стандартной доставки 4450\")\n        ),\n        pytest.param(\n            \"TD 014\", aksolit_30, 666, 20000, 5400, 15600, 17490,\n            marks=pytest.mark.xfail(reason=\"Цена стандартной доставки 4450\")\n        )\n    ])\n    @pytest.mark.xfail\n    @pytest.mark.smoke_test\n    def test_positive_delivery_green_zone_smoke(\n            self, driver, url, case_id, link_item, amount, weight, standard, in_time, all_time\n    ):\n    \n        driver.get(f'{url}{link_item}')\n        item_page = ItemPage(driver)\n>       item_page.add_item_to_cart(amount).click_on_cart()\n\ntests/delivery/test_delivery_calculation.py:50: \n_ _ _ _ _ _ _ _ _ _ _ _ _ _ _ _ _ _ _ _ _ _ _ _ _ _ _ _ _ _ _ _ _ _ _ _ _ _ _ _ \npages/item_page.py:40: in add_item_to_cart\n    self.find_element(self._add_item).click()\nbase/seleniumbase.py:17: in find_element\n    return self.driver.find_element(*locator)\n/usr/local/lib/python3.11/site-packages/selenium/webdriver/remote/webdriver.py:739: in find_element\n    return self.execute(Command.FIND_ELEMENT, {\"using\": by, \"value\": value})[\"value\"]\n/usr/local/lib/python3.11/site-packages/selenium/webdriver/remote/webdriver.py:345: in execute\n    self.error_handler.check_response(response)\n_ _ _ _ _ _ _ _ _ _ _ _ _ _ _ _ _ _ _ _ _ _ _ _ _ _ _ _ _ _ _ _ _ _ _ _ _ _ _ _ \n\nself = <selenium.webdriver.remote.errorhandler.ErrorHandler object at 0x7f9b78b1cdd0>\nresponse = {'status': 404, 'value': '{\"value\":{\"error\":\"no such element\",\"message\":\"no such element: Unable to locate element: {\\...\\\\n#16 0x55a67a8a434b \\\\u003Cunknown>\\\\n#17 0x55a67a8b3fbc \\\\u003Cunknown>\\\\n#18 0x7f8f9e1b9134 \\\\u003Cunknown>\\\\n\"}}'}\n\n    def check_response(self, response: Dict[str, Any]) -> None:\n        \"\"\"Checks that a JSON response from the WebDriver does not have an\n        error.\n    \n        :Args:\n         - response - The JSON response from the WebDriver server as a dictionary\n           object.\n    \n        :Raises: If the response contains an error message.\n        \"\"\"\n        status = response.get(\"status\", None)\n        if not status or status == ErrorCode.SUCCESS:\n            return\n        value = None\n        message = response.get(\"message\", \"\")\n        screen: str = response.get(\"screen\", \"\")\n        stacktrace = None\n        if isinstance(status, int):\n            value_json = response.get(\"value\", None)\n            if value_json and isinstance(value_json, str):\n                import json\n    \n                try:\n                    value = json.loads(value_json)\n                    if len(value) == 1:\n                        value = value[\"value\"]\n                    status = value.get(\"error\", None)\n                    if not status:\n                        status = value.get(\"status\", ErrorCode.UNKNOWN_ERROR)\n                        message = value.get(\"value\") or value.get(\"message\")\n                        if not isinstance(message, str):\n                            value = message\n                            message = message.get(\"message\")\n                    else:\n                        message = value.get(\"message\", None)\n                except ValueError:\n                    pass\n    \n        exception_class: Type[WebDriverException]\n        e = ErrorCode()\n        error_codes = [item for item in dir(e) if not item.startswith(\"__\")]\n        for error_code in error_codes:\n            error_info = getattr(ErrorCode, error_code)\n            if isinstance(error_info, list) and status in error_info:\n                exception_class = getattr(ExceptionMapping, error_code, WebDriverException)\n                break\n        else:\n            exception_class = WebDriverException\n    \n        if not value:\n            value = response[\"value\"]\n        if isinstance(value, str):\n            raise exception_class(value)\n        if message == \"\" and \"message\" in value:\n            message = value[\"message\"]\n    \n        screen = None  # type: ignore[assignment]\n        if \"screen\" in value:\n            screen = value[\"screen\"]\n    \n        stacktrace = None\n        st_value = value.get(\"stackTrace\") or value.get(\"stacktrace\")\n        if st_value:\n            if isinstance(st_value, str):\n                stacktrace = st_value.split(\"\\n\")\n            else:\n                stacktrace = []\n                try:\n                    for frame in st_value:\n                        line = frame.get(\"lineNumber\", \"\")\n                        file = frame.get(\"fileName\", \"<anonymous>\")\n                        if line:\n                            file = f\"{file}:{line}\"\n                        meth = frame.get(\"methodName\", \"<anonymous>\")\n                        if \"className\" in frame:\n                            meth = f\"{frame['className']}.{meth}\"\n                        msg = \"    at %s (%s)\"\n                        msg = msg % (meth, file)\n                        stacktrace.append(msg)\n                except TypeError:\n                    pass\n        if exception_class == UnexpectedAlertPresentException:\n            alert_text = None\n            if \"data\" in value:\n                alert_text = value[\"data\"].get(\"text\")\n            elif \"alert\" in value:\n                alert_text = value[\"alert\"].get(\"text\")\n            raise exception_class(message, screen, stacktrace, alert_text)  # type: ignore[call-arg]  # mypy is not smart enough here\n>       raise exception_class(message, screen, stacktrace)\nE       selenium.common.exceptions.NoSuchElementException: Message: no such element: Unable to locate element: {\"method\":\"xpath\",\"selector\":\"(//a[@class='add-to-cart yellow-btn'])[1]\"}\nE         (Session info: chrome-headless-shell=125.0.6422.78); For documentation on this error, please visit: https://www.selenium.dev/documentation/webdriver/troubleshooting/errors#no-such-element-exception\nE       Stacktrace:\nE       #0 0x55a67a8b4e8a <unknown>\nE       #1 0x55a67a59e45c <unknown>\nE       #2 0x55a67a5ea5b5 <unknown>\nE       #3 0x55a67a5ea671 <unknown>\nE       #4 0x55a67a62ef14 <unknown>\nE       #5 0x55a67a60d4dd <unknown>\nE       #6 0x55a67a62c2cc <unknown>\nE       #7 0x55a67a60d253 <unknown>\nE       #8 0x55a67a5dd1c7 <unknown>\nE       #9 0x55a67a5ddb3e <unknown>\nE       #10 0x55a67a87b2cb <unknown>\nE       #11 0x55a67a87f377 <unknown>\nE       #12 0x55a67a867dfe <unknown>\nE       #13 0x55a67a87fe42 <unknown>\nE       #14 0x55a67a84c79f <unknown>\nE       #15 0x55a67a8a4178 <unknown>\nE       #16 0x55a67a8a434b <unknown>\nE       #17 0x55a67a8b3fbc <unknown>\nE       #18 0x7f8f9e1b9134 <unknown>\n\n/usr/local/lib/python3.11/site-packages/selenium/webdriver/remote/errorhandler.py:229: NoSuchElementException","steps":[{"name":"Добавляем товар в корзину в количестве 366","time":{"start":1716685211224,"stop":1716685211240,"duration":16},"status":"broken","statusMessage":"selenium.common.exceptions.NoSuchElementException: Message: no such element: Unable to locate element: {\"method\":\"xpath\",\"selector\":\"(//a[@class='add-to-cart yellow-btn'])[1]\"}\n  (Session info: chrome-headless-shell=125.0.6422.78); For documentation on this error, please visit: https://www.selenium.dev/documentation/webdriver/troubleshooting/errors#no-such-element-exception\nStacktrace:\n#0 0x55a67a8b4e8a <unknown>\n#1 0x55a67a59e45c <unknown>\n#2 0x55a67a5ea5b5 <unknown>\n#3 0x55a67a5ea671 <unknown>\n#4 0x55a67a62ef14 <unknown>\n#5 0x55a67a60d4dd <unknown>\n#6 0x55a67a62c2cc <unknown>\n#7 0x55a67a60d253 <unknown>\n#8 0x55a67a5dd1c7 <unknown>\n#9 0x55a67a5ddb3e <unknown>\n#10 0x55a67a87b2cb <unknown>\n#11 0x55a67a87f377 <unknown>\n#12 0x55a67a867dfe <unknown>\n#13 0x55a67a87fe42 <unknown>\n#14 0x55a67a84c79f <unknown>\n#15 0x55a67a8a4178 <unknown>\n#16 0x55a67a8a434b <unknown>\n#17 0x55a67a8b3fbc <unknown>\n#18 0x7f8f9e1b9134 <unknown>\n\n","statusTrace":"  File \"/usr/local/lib/python3.11/site-packages/allure_commons/_allure.py\", line 192, in impl\n    return func(*a, **kw)\n           ^^^^^^^^^^^^^^\n  File \"/app/pages/item_page.py\", line 40, in add_item_to_cart\n    self.find_element(self._add_item).click()\n    ^^^^^^^^^^^^^^^^^^^^^^^^^^^^^^^^^\n  File \"/app/base/seleniumbase.py\", line 17, in find_element\n    return self.driver.find_element(*locator)\n           ^^^^^^^^^^^^^^^^^^^^^^^^^^^^^^^^^^\n  File \"/usr/local/lib/python3.11/site-packages/selenium/webdriver/remote/webdriver.py\", line 739, in find_element\n    return self.execute(Command.FIND_ELEMENT, {\"using\": by, \"value\": value})[\"value\"]\n           ^^^^^^^^^^^^^^^^^^^^^^^^^^^^^^^^^^^^^^^^^^^^^^^^^^^^^^^^^^^^^^^^^\n  File \"/usr/local/lib/python3.11/site-packages/selenium/webdriver/remote/webdriver.py\", line 345, in execute\n    self.error_handler.check_response(response)\n  File \"/usr/local/lib/python3.11/site-packages/selenium/webdriver/remote/errorhandler.py\", line 229, in check_response\n    raise exception_class(message, screen, stacktrace)\n","steps":[],"attachments":[],"parameters":[{"name":"amount","value":"366"}],"shouldDisplayMessage":true,"stepsCount":0,"attachmentsCount":0,"hasContent":true,"attachmentStep":false}],"attachments":[{"uid":"86d5d904c271f84e","name":"Screenshot","source":"86d5d904c271f84e.png","type":"image/png","size":4720},{"uid":"ef9c91efee8a4f93","name":"HTML source","source":"ef9c91efee8a4f93.html","type":"text/html","size":39}],"parameters":[],"shouldDisplayMessage":true,"stepsCount":1,"attachmentsCount":2,"hasContent":true,"attachmentStep":false},"afterStages":[{"name":"driver::0","time":{"start":1716685211336,"stop":1716685211396,"duration":60},"status":"passed","steps":[],"attachments":[],"parameters":[],"shouldDisplayMessage":false,"stepsCount":0,"attachmentsCount":0,"hasContent":false,"attachmentStep":false},{"name":"setup::0","time":{"start":1716685211336,"stop":1716685211336,"duration":0},"status":"passed","steps":[],"attachments":[],"parameters":[],"shouldDisplayMessage":false,"stepsCount":0,"attachmentsCount":0,"hasContent":false,"attachmentStep":false}],"labels":[{"name":"epic","value":"Delivery Page - calculation"},{"name":"tag","value":"smoke_test"},{"name":"tag","value":"@pytest.mark.xfail"},{"name":"parentSuite","value":"tests.delivery"},{"name":"suite","value":"test_delivery_calculation"},{"name":"subSuite","value":"TestDeliveryPageCalculation"},{"name":"host","value":"b71315409408"},{"name":"thread","value":"1-MainThread"},{"name":"framework","value":"pytest"},{"name":"language","value":"cpython3"},{"name":"package","value":"tests.delivery.test_delivery_calculation"},{"name":"resultFormat","value":"allure2"}],"parameters":[{"name":"all_time","value":"13480"},{"name":"amount","value":"366"},{"name":"case_id","value":"'TD 013'"},{"name":"in_time","value":"12450"},{"name":"link_item","value":"'products/shtukaturka-gipsovaya-aksolit-m50-30-kg-mashinnogo-naneseniya'"},{"name":"standard","value":"4800"},{"name":"url","value":"'https://sandboxtest.stroyrem-nn.ru/'"},{"name":"weight","value":"11000"}],"links":[],"hidden":false,"retry":false,"extra":{"severity":"normal","retries":[],"categories":[],"history":{"statistic":{"failed":0,"broken":0,"skipped":271,"passed":0,"unknown":0,"total":271},"items":[{"uid":"f36b934e20725661","reportUrl":"https://Nat754.github.io/StroyremAutomation/318//#testresult/f36b934e20725661","status":"skipped","statusDetails":"XFAIL\n\nselenium.common.exceptions.NoSuchElementException: Message: no such element: Unable to locate element: {\"method\":\"xpath\",\"selector\":\"(//a[@class='add-to-cart yellow-btn'])[1]\"}\n  (Session info: chrome-headless-shell=125.0.6422.78); For documentation on this error, please visit: https://www.selenium.dev/documentation/webdriver/troubleshooting/errors#no-such-element-exception\nStacktrace:\n#0 0x55cf82f2ae8a <unknown>\n#1 0x55cf82c1445c <unknown>\n#2 0x55cf82c605b5 <unknown>\n#3 0x55cf82c60671 <unknown>\n#4 0x55cf82ca4f14 <unknown>\n#5 0x55cf82c834dd <unknown>\n#6 0x55cf82ca22cc <unknown>\n#7 0x55cf82c83253 <unknown>\n#8 0x55cf82c531c7 <unknown>\n#9 0x55cf82c53b3e <unknown>\n#10 0x55cf82ef12cb <unknown>\n#11 0x55cf82ef5377 <unknown>\n#12 0x55cf82edddfe <unknown>\n#13 0x55cf82ef5e42 <unknown>\n#14 0x55cf82ec279f <unknown>\n#15 0x55cf82f1a178 <unknown>\n#16 0x55cf82f1a34b <unknown>\n#17 0x55cf82f29fbc <unknown>\n#18 0x7f2df7675134 <unknown>","time":{"start":1716598543077,"stop":1716598543389,"duration":312}},{"uid":"6b25500d207ac968","reportUrl":"https://Nat754.github.io/StroyremAutomation/317//#testresult/6b25500d207ac968","status":"skipped","statusDetails":"XFAIL\n\nselenium.common.exceptions.NoSuchElementException: Message: no such element: Unable to locate element: {\"method\":\"xpath\",\"selector\":\"(//a[@class='add-to-cart yellow-btn'])[1]\"}\n  (Session info: chrome-headless-shell=125.0.6422.78); For documentation on this error, please visit: https://www.selenium.dev/documentation/webdriver/troubleshooting/errors#no-such-element-exception\nStacktrace:\n#0 0x555ab6bd2e8a <unknown>\n#1 0x555ab68bc45c <unknown>\n#2 0x555ab69085b5 <unknown>\n#3 0x555ab6908671 <unknown>\n#4 0x555ab694cf14 <unknown>\n#5 0x555ab692b4dd <unknown>\n#6 0x555ab694a2cc <unknown>\n#7 0x555ab692b253 <unknown>\n#8 0x555ab68fb1c7 <unknown>\n#9 0x555ab68fbb3e <unknown>\n#10 0x555ab6b992cb <unknown>\n#11 0x555ab6b9d377 <unknown>\n#12 0x555ab6b85dfe <unknown>\n#13 0x555ab6b9de42 <unknown>\n#14 0x555ab6b6a79f <unknown>\n#15 0x555ab6bc2178 <unknown>\n#16 0x555ab6bc234b <unknown>\n#17 0x555ab6bd1fbc <unknown>\n#18 0x7fca12dc4134 <unknown>","time":{"start":1716512253812,"stop":1716512254383,"duration":571}},{"uid":"a3e66517c20bc307","reportUrl":"https://Nat754.github.io/StroyremAutomation/316//#testresult/a3e66517c20bc307","status":"skipped","statusDetails":"XFAIL\n\nselenium.common.exceptions.NoSuchElementException: Message: no such element: Unable to locate element: {\"method\":\"xpath\",\"selector\":\"(//a[@class='add-to-cart yellow-btn'])[1]\"}\n  (Session info: chrome-headless-shell=125.0.6422.76); For documentation on this error, please visit: https://www.selenium.dev/documentation/webdriver/troubleshooting/errors#no-such-element-exception\nStacktrace:\n#0 0x5635bd964e9a <unknown>\n#1 0x5635bd64e45c <unknown>\n#2 0x5635bd69a5b5 <unknown>\n#3 0x5635bd69a671 <unknown>\n#4 0x5635bd6def14 <unknown>\n#5 0x5635bd6bd4dd <unknown>\n#6 0x5635bd6dc2cc <unknown>\n#7 0x5635bd6bd253 <unknown>\n#8 0x5635bd68d1c7 <unknown>\n#9 0x5635bd68db3e <unknown>\n#10 0x5635bd92b2db <unknown>\n#11 0x5635bd92f387 <unknown>\n#12 0x5635bd917e0e <unknown>\n#13 0x5635bd92fe52 <unknown>\n#14 0x5635bd8fc7af <unknown>\n#15 0x5635bd954188 <unknown>\n#16 0x5635bd95435b <unknown>\n#17 0x5635bd963fcc <unknown>\n#18 0x7f5001645134 <unknown>","time":{"start":1716425786871,"stop":1716425787438,"duration":567}},{"uid":"9a34aaa1ae136eda","reportUrl":"https://Nat754.github.io/StroyremAutomation/315//#testresult/9a34aaa1ae136eda","status":"skipped","statusDetails":"XFAIL\n\nselenium.common.exceptions.NoSuchElementException: Message: no such element: Unable to locate element: {\"method\":\"xpath\",\"selector\":\"(//a[@class='add-to-cart yellow-btn'])[1]\"}\n  (Session info: chrome-headless-shell=125.0.6422.76); For documentation on this error, please visit: https://www.selenium.dev/documentation/webdriver/troubleshooting/errors#no-such-element-exception\nStacktrace:\n#0 0x565270756e9a <unknown>\n#1 0x56527044045c <unknown>\n#2 0x56527048c5b5 <unknown>\n#3 0x56527048c671 <unknown>\n#4 0x5652704d0f14 <unknown>\n#5 0x5652704af4dd <unknown>\n#6 0x5652704ce2cc <unknown>\n#7 0x5652704af253 <unknown>\n#8 0x56527047f1c7 <unknown>\n#9 0x56527047fb3e <unknown>\n#10 0x56527071d2db <unknown>\n#11 0x565270721387 <unknown>\n#12 0x565270709e0e <unknown>\n#13 0x565270721e52 <unknown>\n#14 0x5652706ee7af <unknown>\n#15 0x565270746188 <unknown>\n#16 0x56527074635b <unknown>\n#17 0x565270755fcc <unknown>\n#18 0x7fa00c66e134 <unknown>","time":{"start":1716339391737,"stop":1716339392282,"duration":545}},{"uid":"27dd3448865561b7","reportUrl":"https://Nat754.github.io/StroyremAutomation/314//#testresult/27dd3448865561b7","status":"skipped","statusDetails":"XFAIL\n\nselenium.common.exceptions.NoSuchElementException: Message: no such element: Unable to locate element: {\"method\":\"xpath\",\"selector\":\"(//a[@class='add-to-cart yellow-btn'])[1]\"}\n  (Session info: chrome-headless-shell=125.0.6422.60); For documentation on this error, please visit: https://www.selenium.dev/documentation/webdriver/troubleshooting/errors#no-such-element-exception\nStacktrace:\n#0 0x556be4749eca <unknown>\n#1 0x556be443345c <unknown>\n#2 0x556be447f5b5 <unknown>\n#3 0x556be447f671 <unknown>\n#4 0x556be44c3f14 <unknown>\n#5 0x556be44a24dd <unknown>\n#6 0x556be44c12cc <unknown>\n#7 0x556be44a2253 <unknown>\n#8 0x556be44721c7 <unknown>\n#9 0x556be4472b3e <unknown>\n#10 0x556be471030b <unknown>\n#11 0x556be47143b7 <unknown>\n#12 0x556be46fce3e <unknown>\n#13 0x556be4714e82 <unknown>\n#14 0x556be46e17df <unknown>\n#15 0x556be47391b8 <unknown>\n#16 0x556be473938b <unknown>\n#17 0x556be4748ffc <unknown>\n#18 0x7f134ad70134 <unknown>","time":{"start":1716253046643,"stop":1716253047240,"duration":597}},{"uid":"226ab1f838a0ac98","reportUrl":"https://Nat754.github.io/StroyremAutomation/313//#testresult/226ab1f838a0ac98","status":"skipped","statusDetails":"XFAIL\n\nselenium.common.exceptions.NoSuchElementException: Message: no such element: Unable to locate element: {\"method\":\"xpath\",\"selector\":\"(//a[@class='add-to-cart yellow-btn'])[1]\"}\n  (Session info: chrome-headless-shell=125.0.6422.60); For documentation on this error, please visit: https://www.selenium.dev/documentation/webdriver/troubleshooting/errors#no-such-element-exception\nStacktrace:\n#0 0x560bd4dc9eca <unknown>\n#1 0x560bd4ab345c <unknown>\n#2 0x560bd4aff5b5 <unknown>\n#3 0x560bd4aff671 <unknown>\n#4 0x560bd4b43f14 <unknown>\n#5 0x560bd4b224dd <unknown>\n#6 0x560bd4b412cc <unknown>\n#7 0x560bd4b22253 <unknown>\n#8 0x560bd4af21c7 <unknown>\n#9 0x560bd4af2b3e <unknown>\n#10 0x560bd4d9030b <unknown>\n#11 0x560bd4d943b7 <unknown>\n#12 0x560bd4d7ce3e <unknown>\n#13 0x560bd4d94e82 <unknown>\n#14 0x560bd4d617df <unknown>\n#15 0x560bd4db91b8 <unknown>\n#16 0x560bd4db938b <unknown>\n#17 0x560bd4dc8ffc <unknown>\n#18 0x7fac37b63134 <unknown>","time":{"start":1716166633567,"stop":1716166633890,"duration":323}},{"uid":"dc2b19f7eb2e355d","reportUrl":"https://Nat754.github.io/StroyremAutomation/312//#testresult/dc2b19f7eb2e355d","status":"skipped","statusDetails":"XFAIL\n\nselenium.common.exceptions.NoSuchElementException: Message: no such element: Unable to locate element: {\"method\":\"xpath\",\"selector\":\"(//a[@class='add-to-cart yellow-btn'])[1]\"}\n  (Session info: chrome-headless-shell=125.0.6422.60); For documentation on this error, please visit: https://www.selenium.dev/documentation/webdriver/troubleshooting/errors#no-such-element-exception\nStacktrace:\n#0 0x558af1d2deca <unknown>\n#1 0x558af1a1745c <unknown>\n#2 0x558af1a635b5 <unknown>\n#3 0x558af1a63671 <unknown>\n#4 0x558af1aa7f14 <unknown>\n#5 0x558af1a864dd <unknown>\n#6 0x558af1aa52cc <unknown>\n#7 0x558af1a86253 <unknown>\n#8 0x558af1a561c7 <unknown>\n#9 0x558af1a56b3e <unknown>\n#10 0x558af1cf430b <unknown>\n#11 0x558af1cf83b7 <unknown>\n#12 0x558af1ce0e3e <unknown>\n#13 0x558af1cf8e82 <unknown>\n#14 0x558af1cc57df <unknown>\n#15 0x558af1d1d1b8 <unknown>\n#16 0x558af1d1d38b <unknown>\n#17 0x558af1d2cffc <unknown>\n#18 0x7fb44ae99134 <unknown>","time":{"start":1716080422909,"stop":1716080423207,"duration":298}},{"uid":"4a200b48f9af74ce","reportUrl":"https://Nat754.github.io/StroyremAutomation/311//#testresult/4a200b48f9af74ce","status":"skipped","statusDetails":"XFAIL\n\nselenium.common.exceptions.NoSuchElementException: Message: no such element: Unable to locate element: {\"method\":\"xpath\",\"selector\":\"(//a[@class='add-to-cart yellow-btn'])[1]\"}\n  (Session info: chrome-headless-shell=125.0.6422.60); For documentation on this error, please visit: https://www.selenium.dev/documentation/webdriver/troubleshooting/errors#no-such-element-exception\nStacktrace:\n#0 0x55d90c1c3eca <unknown>\n#1 0x55d90bead45c <unknown>\n#2 0x55d90bef95b5 <unknown>\n#3 0x55d90bef9671 <unknown>\n#4 0x55d90bf3df14 <unknown>\n#5 0x55d90bf1c4dd <unknown>\n#6 0x55d90bf3b2cc <unknown>\n#7 0x55d90bf1c253 <unknown>\n#8 0x55d90beec1c7 <unknown>\n#9 0x55d90beecb3e <unknown>\n#10 0x55d90c18a30b <unknown>\n#11 0x55d90c18e3b7 <unknown>\n#12 0x55d90c176e3e <unknown>\n#13 0x55d90c18ee82 <unknown>\n#14 0x55d90c15b7df <unknown>\n#15 0x55d90c1b31b8 <unknown>\n#16 0x55d90c1b338b <unknown>\n#17 0x55d90c1c2ffc <unknown>\n#18 0x7febb9d82134 <unknown>","time":{"start":1715993806688,"stop":1715993807115,"duration":427}},{"uid":"88a2e7e100ca1255","reportUrl":"https://Nat754.github.io/StroyremAutomation/310//#testresult/88a2e7e100ca1255","status":"skipped","statusDetails":"XFAIL\n\nselenium.common.exceptions.NoSuchElementException: Message: no such element: Unable to locate element: {\"method\":\"xpath\",\"selector\":\"(//a[@class='add-to-cart yellow-btn'])[1]\"}\n  (Session info: chrome-headless-shell=125.0.6422.60); For documentation on this error, please visit: https://www.selenium.dev/documentation/webdriver/troubleshooting/errors#no-such-element-exception\nStacktrace:\n#0 0x55c8261b5eca <unknown>\n#1 0x55c825e9f45c <unknown>\n#2 0x55c825eeb5b5 <unknown>\n#3 0x55c825eeb671 <unknown>\n#4 0x55c825f2ff14 <unknown>\n#5 0x55c825f0e4dd <unknown>\n#6 0x55c825f2d2cc <unknown>\n#7 0x55c825f0e253 <unknown>\n#8 0x55c825ede1c7 <unknown>\n#9 0x55c825edeb3e <unknown>\n#10 0x55c82617c30b <unknown>\n#11 0x55c8261803b7 <unknown>\n#12 0x55c826168e3e <unknown>\n#13 0x55c826180e82 <unknown>\n#14 0x55c82614d7df <unknown>\n#15 0x55c8261a51b8 <unknown>\n#16 0x55c8261a538b <unknown>\n#17 0x55c8261b4ffc <unknown>\n#18 0x7f38ade75134 <unknown>","time":{"start":1715907390454,"stop":1715907390782,"duration":328}},{"uid":"dcf3625279593f81","reportUrl":"https://Nat754.github.io/StroyremAutomation/309//#testresult/dcf3625279593f81","status":"skipped","statusDetails":"XFAIL\n\nselenium.common.exceptions.NoSuchElementException: Message: no such element: Unable to locate element: {\"method\":\"xpath\",\"selector\":\"(//a[@class='add-to-cart yellow-btn'])[1]\"}\n  (Session info: chrome-headless-shell=125.0.6422.60); For documentation on this error, please visit: https://www.selenium.dev/documentation/webdriver/troubleshooting/errors#no-such-element-exception\nStacktrace:\n#0 0x560e82de3eca <unknown>\n#1 0x560e82acd45c <unknown>\n#2 0x560e82b195b5 <unknown>\n#3 0x560e82b19671 <unknown>\n#4 0x560e82b5df14 <unknown>\n#5 0x560e82b3c4dd <unknown>\n#6 0x560e82b5b2cc <unknown>\n#7 0x560e82b3c253 <unknown>\n#8 0x560e82b0c1c7 <unknown>\n#9 0x560e82b0cb3e <unknown>\n#10 0x560e82daa30b <unknown>\n#11 0x560e82dae3b7 <unknown>\n#12 0x560e82d96e3e <unknown>\n#13 0x560e82daee82 <unknown>\n#14 0x560e82d7b7df <unknown>\n#15 0x560e82dd31b8 <unknown>\n#16 0x560e82dd338b <unknown>\n#17 0x560e82de2ffc <unknown>\n#18 0x7f931462c134 <unknown>","time":{"start":1715821059342,"stop":1715821059735,"duration":393}},{"uid":"2e0b0684bcaa5cf1","reportUrl":"https://Nat754.github.io/StroyremAutomation/308//#testresult/2e0b0684bcaa5cf1","status":"skipped","statusDetails":"XFAIL\n\nselenium.common.exceptions.NoSuchElementException: Message: no such element: Unable to locate element: {\"method\":\"xpath\",\"selector\":\"(//a[@class='add-to-cart yellow-btn'])[1]\"}\n  (Session info: chrome-headless-shell=124.0.6367.207); For documentation on this error, please visit: https://www.selenium.dev/documentation/webdriver/troubleshooting/errors#no-such-element-exception\nStacktrace:\n#0 0x55a208070dc3 <unknown>\n#1 0x55a207d5f4e7 <unknown>\n#2 0x55a207daa35d <unknown>\n#3 0x55a207daa411 <unknown>\n#4 0x55a207ded774 <unknown>\n#5 0x55a207dcc47d <unknown>\n#6 0x55a207deac29 <unknown>\n#7 0x55a207dcc1f3 <unknown>\n#8 0x55a207d9d28a <unknown>\n#9 0x55a207d9dc5e <unknown>\n#10 0x55a2080350eb <unknown>\n#11 0x55a20803903b <unknown>\n#12 0x55a208021201 <unknown>\n#13 0x55a208039ba2 <unknown>\n#14 0x55a2080060bf <unknown>\n#15 0x55a20805ff18 <unknown>\n#16 0x55a2080600f0 <unknown>\n#17 0x55a20806ff14 <unknown>\n#18 0x7f4bde481134 <unknown>","time":{"start":1715734579868,"stop":1715734580174,"duration":306}},{"uid":"f34a05c8f8468822","reportUrl":"https://Nat754.github.io/StroyremAutomation/307//#testresult/f34a05c8f8468822","status":"skipped","statusDetails":"XFAIL\n\nselenium.common.exceptions.NoSuchElementException: Message: no such element: Unable to locate element: {\"method\":\"xpath\",\"selector\":\"(//a[@class='add-to-cart yellow-btn'])[1]\"}\n  (Session info: chrome-headless-shell=124.0.6367.207); For documentation on this error, please visit: https://www.selenium.dev/documentation/webdriver/troubleshooting/errors#no-such-element-exception\nStacktrace:\n#0 0x55d04a646dc3 <unknown>\n#1 0x55d04a3354e7 <unknown>\n#2 0x55d04a38035d <unknown>\n#3 0x55d04a380411 <unknown>\n#4 0x55d04a3c3774 <unknown>\n#5 0x55d04a3a247d <unknown>\n#6 0x55d04a3c0c29 <unknown>\n#7 0x55d04a3a21f3 <unknown>\n#8 0x55d04a37328a <unknown>\n#9 0x55d04a373c5e <unknown>\n#10 0x55d04a60b0eb <unknown>\n#11 0x55d04a60f03b <unknown>\n#12 0x55d04a5f7201 <unknown>\n#13 0x55d04a60fba2 <unknown>\n#14 0x55d04a5dc0bf <unknown>\n#15 0x55d04a635f18 <unknown>\n#16 0x55d04a6360f0 <unknown>\n#17 0x55d04a645f14 <unknown>\n#18 0x7f08efefd134 <unknown>","time":{"start":1715648188213,"stop":1715648188761,"duration":548}},{"uid":"30e75253445e1ebb","reportUrl":"https://Nat754.github.io/StroyremAutomation/306//#testresult/30e75253445e1ebb","status":"skipped","statusDetails":"XFAIL\n\nselenium.common.exceptions.NoSuchElementException: Message: no such element: Unable to locate element: {\"method\":\"xpath\",\"selector\":\"(//a[@class='add-to-cart yellow-btn'])[1]\"}\n  (Session info: chrome-headless-shell=124.0.6367.201); For documentation on this error, please visit: https://www.selenium.dev/documentation/webdriver/troubleshooting/errors#no-such-element-exception\nStacktrace:\n#0 0x55d04fdd9e43 <unknown>\n#1 0x55d04fac84e7 <unknown>\n#2 0x55d04fb1335d <unknown>\n#3 0x55d04fb13411 <unknown>\n#4 0x55d04fb56774 <unknown>\n#5 0x55d04fb3547d <unknown>\n#6 0x55d04fb53c29 <unknown>\n#7 0x55d04fb351f3 <unknown>\n#8 0x55d04fb0628a <unknown>\n#9 0x55d04fb06c5e <unknown>\n#10 0x55d04fd9e16b <unknown>\n#11 0x55d04fda20bb <unknown>\n#12 0x55d04fd8a281 <unknown>\n#13 0x55d04fda2c22 <unknown>\n#14 0x55d04fd6f13f <unknown>\n#15 0x55d04fdc8f98 <unknown>\n#16 0x55d04fdc9170 <unknown>\n#17 0x55d04fdd8f94 <unknown>\n#18 0x7f105a755134 <unknown>","time":{"start":1715561897781,"stop":1715561898546,"duration":765}},{"uid":"b1d6e0169a3641f","reportUrl":"https://Nat754.github.io/StroyremAutomation/305//#testresult/b1d6e0169a3641f","status":"skipped","statusDetails":"XFAIL\n\nselenium.common.exceptions.NoSuchElementException: Message: no such element: Unable to locate element: {\"method\":\"xpath\",\"selector\":\"(//a[@class='add-to-cart yellow-btn'])[1]\"}\n  (Session info: chrome-headless-shell=124.0.6367.201); For documentation on this error, please visit: https://www.selenium.dev/documentation/webdriver/troubleshooting/errors#no-such-element-exception\nStacktrace:\n#0 0x562f699cfe43 <unknown>\n#1 0x562f696be4e7 <unknown>\n#2 0x562f6970935d <unknown>\n#3 0x562f69709411 <unknown>\n#4 0x562f6974c774 <unknown>\n#5 0x562f6972b47d <unknown>\n#6 0x562f69749c29 <unknown>\n#7 0x562f6972b1f3 <unknown>\n#8 0x562f696fc28a <unknown>\n#9 0x562f696fcc5e <unknown>\n#10 0x562f6999416b <unknown>\n#11 0x562f699980bb <unknown>\n#12 0x562f69980281 <unknown>\n#13 0x562f69998c22 <unknown>\n#14 0x562f6996513f <unknown>\n#15 0x562f699bef98 <unknown>\n#16 0x562f699bf170 <unknown>\n#17 0x562f699cef94 <unknown>\n#18 0x7f6043227134 <unknown>","time":{"start":1715475571992,"stop":1715475572561,"duration":569}},{"uid":"ed4da1e08061ade4","reportUrl":"https://Nat754.github.io/StroyremAutomation/304//#testresult/ed4da1e08061ade4","status":"skipped","statusDetails":"XFAIL\n\nselenium.common.exceptions.NoSuchElementException: Message: no such element: Unable to locate element: {\"method\":\"xpath\",\"selector\":\"(//a[@class='add-to-cart yellow-btn'])[1]\"}\n  (Session info: chrome-headless-shell=124.0.6367.201); For documentation on this error, please visit: https://www.selenium.dev/documentation/webdriver/troubleshooting/errors#no-such-element-exception\nStacktrace:\n#0 0x55a2c9555e43 <unknown>\n#1 0x55a2c92444e7 <unknown>\n#2 0x55a2c928f35d <unknown>\n#3 0x55a2c928f411 <unknown>\n#4 0x55a2c92d2774 <unknown>\n#5 0x55a2c92b147d <unknown>\n#6 0x55a2c92cfc29 <unknown>\n#7 0x55a2c92b11f3 <unknown>\n#8 0x55a2c928228a <unknown>\n#9 0x55a2c9282c5e <unknown>\n#10 0x55a2c951a16b <unknown>\n#11 0x55a2c951e0bb <unknown>\n#12 0x55a2c9506281 <unknown>\n#13 0x55a2c951ec22 <unknown>\n#14 0x55a2c94eb13f <unknown>\n#15 0x55a2c9544f98 <unknown>\n#16 0x55a2c9545170 <unknown>\n#17 0x55a2c9554f94 <unknown>\n#18 0x7f7fe0966134 <unknown>","time":{"start":1715388856760,"stop":1715388857183,"duration":423}},{"uid":"ece9e7f141d5661a","reportUrl":"https://Nat754.github.io/StroyremAutomation/303//#testresult/ece9e7f141d5661a","status":"skipped","statusDetails":"XFAIL\n\nselenium.common.exceptions.NoSuchElementException: Message: no such element: Unable to locate element: {\"method\":\"xpath\",\"selector\":\"(//a[@class='add-to-cart yellow-btn'])[1]\"}\n  (Session info: chrome-headless-shell=124.0.6367.201); For documentation on this error, please visit: https://www.selenium.dev/documentation/webdriver/troubleshooting/errors#no-such-element-exception\nStacktrace:\n#0 0x555b48992e43 <unknown>\n#1 0x555b486814e7 <unknown>\n#2 0x555b486cc35d <unknown>\n#3 0x555b486cc411 <unknown>\n#4 0x555b4870f774 <unknown>\n#5 0x555b486ee47d <unknown>\n#6 0x555b4870cc29 <unknown>\n#7 0x555b486ee1f3 <unknown>\n#8 0x555b486bf28a <unknown>\n#9 0x555b486bfc5e <unknown>\n#10 0x555b4895716b <unknown>\n#11 0x555b4895b0bb <unknown>\n#12 0x555b48943281 <unknown>\n#13 0x555b4895bc22 <unknown>\n#14 0x555b4892813f <unknown>\n#15 0x555b48981f98 <unknown>\n#16 0x555b48982170 <unknown>\n#17 0x555b48991f94 <unknown>\n#18 0x7f1d46648134 <unknown>","time":{"start":1715302599723,"stop":1715302600333,"duration":610}},{"uid":"ab4e9af1f733355a","reportUrl":"https://Nat754.github.io/StroyremAutomation/302//#testresult/ab4e9af1f733355a","status":"skipped","statusDetails":"XFAIL\n\nselenium.common.exceptions.NoSuchElementException: Message: no such element: Unable to locate element: {\"method\":\"xpath\",\"selector\":\"(//a[@class='add-to-cart yellow-btn'])[1]\"}\n  (Session info: chrome-headless-shell=124.0.6367.155); For documentation on this error, please visit: https://www.selenium.dev/documentation/webdriver/troubleshooting/errors#no-such-element-exception\nStacktrace:\n#0 0x55d5fc168df3 <unknown>\n#1 0x55d5fbe574e7 <unknown>\n#2 0x55d5fbea235d <unknown>\n#3 0x55d5fbea2411 <unknown>\n#4 0x55d5fbee5774 <unknown>\n#5 0x55d5fbec447d <unknown>\n#6 0x55d5fbee2c29 <unknown>\n#7 0x55d5fbec41f3 <unknown>\n#8 0x55d5fbe9528a <unknown>\n#9 0x55d5fbe95c5e <unknown>\n#10 0x55d5fc12d11b <unknown>\n#11 0x55d5fc13106b <unknown>\n#12 0x55d5fc119231 <unknown>\n#13 0x55d5fc131bd2 <unknown>\n#14 0x55d5fc0fe0ef <unknown>\n#15 0x55d5fc157f48 <unknown>\n#16 0x55d5fc158120 <unknown>\n#17 0x55d5fc167f44 <unknown>\n#18 0x7f118d734134 <unknown>","time":{"start":1715216113972,"stop":1715216114502,"duration":530}},{"uid":"c4224823150cd428","reportUrl":"https://Nat754.github.io/StroyremAutomation/301//#testresult/c4224823150cd428","status":"skipped","statusDetails":"XFAIL\n\nselenium.common.exceptions.NoSuchElementException: Message: no such element: Unable to locate element: {\"method\":\"xpath\",\"selector\":\"(//a[@class='add-to-cart yellow-btn'])[1]\"}\n  (Session info: chrome-headless-shell=124.0.6367.155); For documentation on this error, please visit: https://www.selenium.dev/documentation/webdriver/troubleshooting/errors#no-such-element-exception\nStacktrace:\n#0 0x55e6ecb0bdf3 <unknown>\n#1 0x55e6ec7fa4e7 <unknown>\n#2 0x55e6ec84535d <unknown>\n#3 0x55e6ec845411 <unknown>\n#4 0x55e6ec888774 <unknown>\n#5 0x55e6ec86747d <unknown>\n#6 0x55e6ec885c29 <unknown>\n#7 0x55e6ec8671f3 <unknown>\n#8 0x55e6ec83828a <unknown>\n#9 0x55e6ec838c5e <unknown>\n#10 0x55e6ecad011b <unknown>\n#11 0x55e6ecad406b <unknown>\n#12 0x55e6ecabc231 <unknown>\n#13 0x55e6ecad4bd2 <unknown>\n#14 0x55e6ecaa10ef <unknown>\n#15 0x55e6ecafaf48 <unknown>\n#16 0x55e6ecafb120 <unknown>\n#17 0x55e6ecb0af44 <unknown>\n#18 0x7f99eb9f7134 <unknown>","time":{"start":1715129209001,"stop":1715129209431,"duration":430}},{"uid":"f8eb0a724d96b893","reportUrl":"https://Nat754.github.io/StroyremAutomation/300//#testresult/f8eb0a724d96b893","status":"skipped","statusDetails":"XFAIL\n\nselenium.common.exceptions.NoSuchElementException: Message: no such element: Unable to locate element: {\"method\":\"xpath\",\"selector\":\"(//a[@class='add-to-cart yellow-btn'])[1]\"}\n  (Session info: chrome-headless-shell=124.0.6367.91); For documentation on this error, please visit: https://www.selenium.dev/documentation/webdriver/troubleshooting/errors#no-such-element-exception\nStacktrace:\n#0 0x55c8c5d11cb3 <unknown>\n#1 0x55c8c5a004a7 <unknown>\n#2 0x55c8c5a4b31d <unknown>\n#3 0x55c8c5a4b3d1 <unknown>\n#4 0x55c8c5a8e734 <unknown>\n#5 0x55c8c5a6d43d <unknown>\n#6 0x55c8c5a8bbe9 <unknown>\n#7 0x55c8c5a6d1b3 <unknown>\n#8 0x55c8c5a3e24a <unknown>\n#9 0x55c8c5a3ec1e <unknown>\n#10 0x55c8c5cd5fdb <unknown>\n#11 0x55c8c5cd9f2b <unknown>\n#12 0x55c8c5cc20f1 <unknown>\n#13 0x55c8c5cdaa92 <unknown>\n#14 0x55c8c5ca6faf <unknown>\n#15 0x55c8c5d00e08 <unknown>\n#16 0x55c8c5d00fe0 <unknown>\n#17 0x55c8c5d10e04 <unknown>\n#18 0x7f4548eb6134 <unknown>","time":{"start":1715043295576,"stop":1715043295979,"duration":403}},{"uid":"2029c96d583363fa","reportUrl":"https://Nat754.github.io/StroyremAutomation/299//#testresult/2029c96d583363fa","status":"skipped","statusDetails":"XFAIL\n\nselenium.common.exceptions.NoSuchElementException: Message: no such element: Unable to locate element: {\"method\":\"xpath\",\"selector\":\"(//a[@class='add-to-cart yellow-btn'])[1]\"}\n  (Session info: chrome-headless-shell=124.0.6367.91); For documentation on this error, please visit: https://www.selenium.dev/documentation/webdriver/troubleshooting/errors#no-such-element-exception\nStacktrace:\n#0 0x557b02be1cb3 <unknown>\n#1 0x557b028d04a7 <unknown>\n#2 0x557b0291b31d <unknown>\n#3 0x557b0291b3d1 <unknown>\n#4 0x557b0295e734 <unknown>\n#5 0x557b0293d43d <unknown>\n#6 0x557b0295bbe9 <unknown>\n#7 0x557b0293d1b3 <unknown>\n#8 0x557b0290e24a <unknown>\n#9 0x557b0290ec1e <unknown>\n#10 0x557b02ba5fdb <unknown>\n#11 0x557b02ba9f2b <unknown>\n#12 0x557b02b920f1 <unknown>\n#13 0x557b02baaa92 <unknown>\n#14 0x557b02b76faf <unknown>\n#15 0x557b02bd0e08 <unknown>\n#16 0x557b02bd0fe0 <unknown>\n#17 0x557b02be0e04 <unknown>\n#18 0x7f300d500134 <unknown>","time":{"start":1714956952045,"stop":1714956952340,"duration":295}}]},"tags":["@pytest.mark.xfail","smoke_test"]},"source":"5e6120a215a55672.json","parameterValues":["13480","366","'TD 013'","12450","'products/shtukaturka-gipsovaya-aksolit-m50-30-kg-mashinnogo-naneseniya'","4800","'https://sandboxtest.stroyrem-nn.ru/'","11000"]}