{"uid":"eb999778976faffa","name":"test_positive_delivery_green_zone_smoke[TD 005-products/shtukaturka-gipsovaya-aksolit-m50-30-kg-mashinnogo-naneseniya-16-500-600-1590-2190-https://sandboxtest.stroyrem-nn.ru/]","fullName":"tests.delivery.test_delivery_calculation.TestDeliveryPageCalculation#test_positive_delivery_green_zone_smoke","historyId":"e6058ae35d5a637089e6a6aa5edf052c","time":{"start":1716685200563,"stop":1716685200880,"duration":317},"status":"skipped","statusMessage":"XFAIL\n\nselenium.common.exceptions.NoSuchElementException: Message: no such element: Unable to locate element: {\"method\":\"xpath\",\"selector\":\"(//a[@class='add-to-cart yellow-btn'])[1]\"}\n  (Session info: chrome-headless-shell=125.0.6422.78); For documentation on this error, please visit: https://www.selenium.dev/documentation/webdriver/troubleshooting/errors#no-such-element-exception\nStacktrace:\n#0 0x5562f59b8e8a <unknown>\n#1 0x5562f56a245c <unknown>\n#2 0x5562f56ee5b5 <unknown>\n#3 0x5562f56ee671 <unknown>\n#4 0x5562f5732f14 <unknown>\n#5 0x5562f57114dd <unknown>\n#6 0x5562f57302cc <unknown>\n#7 0x5562f5711253 <unknown>\n#8 0x5562f56e11c7 <unknown>\n#9 0x5562f56e1b3e <unknown>\n#10 0x5562f597f2cb <unknown>\n#11 0x5562f5983377 <unknown>\n#12 0x5562f596bdfe <unknown>\n#13 0x5562f5983e42 <unknown>\n#14 0x5562f595079f <unknown>\n#15 0x5562f59a8178 <unknown>\n#16 0x5562f59a834b <unknown>\n#17 0x5562f59b7fbc <unknown>\n#18 0x7f4887644134 <unknown>","statusTrace":"self = <tests.delivery.test_delivery_calculation.TestDeliveryPageCalculation object at 0x7f9b79737990>\ndriver = <selenium.webdriver.chrome.webdriver.WebDriver (session=\"be25efadebfe93b87b8e86e1e3fe63c1\")>\nurl = 'https://sandboxtest.stroyrem-nn.ru/', case_id = 'TD 005'\nlink_item = 'products/shtukaturka-gipsovaya-aksolit-m50-30-kg-mashinnogo-naneseniya'\namount = 16, weight = 500, standard = 600, in_time = 1590, all_time = 2190\n\n    @pytest.mark.parametrize('case_id, link_item, amount, weight, standard, in_time, all_time', [\n        (\"TD 001\", uroven_3000, 1, 30, 0, 1590, 2190),\n        (\"TD 002\", bundeks_25, 1, 30, 400, 1590, 2190),\n        (\"TD 003\", aksolit_30, 8, 300, 400, 1590, 2190),\n        (\"TD 004\", aksolit_30, 13, 400, 450, 1590, 2190),\n        (\"TD 005\", aksolit_30, 16, 500, 600, 1590, 2190),\n        (\"TD 006\", aksolit_30, 25, 1700, 990, 1990, 2480),\n        (\"TD 007\", aksolit_30, 66, 2000, 1300, 2490, 2980),\n        (\"TD 008\", aksolit_30, 149, 4500, 2300, 3980, 4490),\n        (\"TD 009\", aksolit_30, 166, 5000, 2500, 4990, 5480),\n        pytest.param(\n            \"TD 010\", aksolit_30, 206, 6200, 2900, 5570, 6120,\n            marks=pytest.mark.xfail(reson=\"Цена доставки 3600 7960 8980\")\n        ),\n        (\"TD 011\", aksolit_30, 299, 9000, 3600, 7960, 8980),\n        (\"TD 012\", aksolit_30, 333, 10000, 4450, 11990, 12500),\n        pytest.param(\n            \"TD 013\", aksolit_30, 366, 11000, 4800, 12450, 13480,\n            marks=pytest.mark.xfail(reason=\"Цена стандартной доставки 4450\")\n        ),\n        pytest.param(\n            \"TD 014\", aksolit_30, 666, 20000, 5400, 15600, 17490,\n            marks=pytest.mark.xfail(reason=\"Цена стандартной доставки 4450\")\n        )\n    ])\n    @pytest.mark.xfail\n    @pytest.mark.smoke_test\n    def test_positive_delivery_green_zone_smoke(\n            self, driver, url, case_id, link_item, amount, weight, standard, in_time, all_time\n    ):\n    \n        driver.get(f'{url}{link_item}')\n        item_page = ItemPage(driver)\n>       item_page.add_item_to_cart(amount).click_on_cart()\n\ntests/delivery/test_delivery_calculation.py:50: \n_ _ _ _ _ _ _ _ _ _ _ _ _ _ _ _ _ _ _ _ _ _ _ _ _ _ _ _ _ _ _ _ _ _ _ _ _ _ _ _ \npages/item_page.py:40: in add_item_to_cart\n    self.find_element(self._add_item).click()\nbase/seleniumbase.py:17: in find_element\n    return self.driver.find_element(*locator)\n/usr/local/lib/python3.11/site-packages/selenium/webdriver/remote/webdriver.py:739: in find_element\n    return self.execute(Command.FIND_ELEMENT, {\"using\": by, \"value\": value})[\"value\"]\n/usr/local/lib/python3.11/site-packages/selenium/webdriver/remote/webdriver.py:345: in execute\n    self.error_handler.check_response(response)\n_ _ _ _ _ _ _ _ _ _ _ _ _ _ _ _ _ _ _ _ _ _ _ _ _ _ _ _ _ _ _ _ _ _ _ _ _ _ _ _ \n\nself = <selenium.webdriver.remote.errorhandler.ErrorHandler object at 0x7f9b79086090>\nresponse = {'status': 404, 'value': '{\"value\":{\"error\":\"no such element\",\"message\":\"no such element: Unable to locate element: {\\...\\\\n#16 0x5562f59a834b \\\\u003Cunknown>\\\\n#17 0x5562f59b7fbc \\\\u003Cunknown>\\\\n#18 0x7f4887644134 \\\\u003Cunknown>\\\\n\"}}'}\n\n    def check_response(self, response: Dict[str, Any]) -> None:\n        \"\"\"Checks that a JSON response from the WebDriver does not have an\n        error.\n    \n        :Args:\n         - response - The JSON response from the WebDriver server as a dictionary\n           object.\n    \n        :Raises: If the response contains an error message.\n        \"\"\"\n        status = response.get(\"status\", None)\n        if not status or status == ErrorCode.SUCCESS:\n            return\n        value = None\n        message = response.get(\"message\", \"\")\n        screen: str = response.get(\"screen\", \"\")\n        stacktrace = None\n        if isinstance(status, int):\n            value_json = response.get(\"value\", None)\n            if value_json and isinstance(value_json, str):\n                import json\n    \n                try:\n                    value = json.loads(value_json)\n                    if len(value) == 1:\n                        value = value[\"value\"]\n                    status = value.get(\"error\", None)\n                    if not status:\n                        status = value.get(\"status\", ErrorCode.UNKNOWN_ERROR)\n                        message = value.get(\"value\") or value.get(\"message\")\n                        if not isinstance(message, str):\n                            value = message\n                            message = message.get(\"message\")\n                    else:\n                        message = value.get(\"message\", None)\n                except ValueError:\n                    pass\n    \n        exception_class: Type[WebDriverException]\n        e = ErrorCode()\n        error_codes = [item for item in dir(e) if not item.startswith(\"__\")]\n        for error_code in error_codes:\n            error_info = getattr(ErrorCode, error_code)\n            if isinstance(error_info, list) and status in error_info:\n                exception_class = getattr(ExceptionMapping, error_code, WebDriverException)\n                break\n        else:\n            exception_class = WebDriverException\n    \n        if not value:\n            value = response[\"value\"]\n        if isinstance(value, str):\n            raise exception_class(value)\n        if message == \"\" and \"message\" in value:\n            message = value[\"message\"]\n    \n        screen = None  # type: ignore[assignment]\n        if \"screen\" in value:\n            screen = value[\"screen\"]\n    \n        stacktrace = None\n        st_value = value.get(\"stackTrace\") or value.get(\"stacktrace\")\n        if st_value:\n            if isinstance(st_value, str):\n                stacktrace = st_value.split(\"\\n\")\n            else:\n                stacktrace = []\n                try:\n                    for frame in st_value:\n                        line = frame.get(\"lineNumber\", \"\")\n                        file = frame.get(\"fileName\", \"<anonymous>\")\n                        if line:\n                            file = f\"{file}:{line}\"\n                        meth = frame.get(\"methodName\", \"<anonymous>\")\n                        if \"className\" in frame:\n                            meth = f\"{frame['className']}.{meth}\"\n                        msg = \"    at %s (%s)\"\n                        msg = msg % (meth, file)\n                        stacktrace.append(msg)\n                except TypeError:\n                    pass\n        if exception_class == UnexpectedAlertPresentException:\n            alert_text = None\n            if \"data\" in value:\n                alert_text = value[\"data\"].get(\"text\")\n            elif \"alert\" in value:\n                alert_text = value[\"alert\"].get(\"text\")\n            raise exception_class(message, screen, stacktrace, alert_text)  # type: ignore[call-arg]  # mypy is not smart enough here\n>       raise exception_class(message, screen, stacktrace)\nE       selenium.common.exceptions.NoSuchElementException: Message: no such element: Unable to locate element: {\"method\":\"xpath\",\"selector\":\"(//a[@class='add-to-cart yellow-btn'])[1]\"}\nE         (Session info: chrome-headless-shell=125.0.6422.78); For documentation on this error, please visit: https://www.selenium.dev/documentation/webdriver/troubleshooting/errors#no-such-element-exception\nE       Stacktrace:\nE       #0 0x5562f59b8e8a <unknown>\nE       #1 0x5562f56a245c <unknown>\nE       #2 0x5562f56ee5b5 <unknown>\nE       #3 0x5562f56ee671 <unknown>\nE       #4 0x5562f5732f14 <unknown>\nE       #5 0x5562f57114dd <unknown>\nE       #6 0x5562f57302cc <unknown>\nE       #7 0x5562f5711253 <unknown>\nE       #8 0x5562f56e11c7 <unknown>\nE       #9 0x5562f56e1b3e <unknown>\nE       #10 0x5562f597f2cb <unknown>\nE       #11 0x5562f5983377 <unknown>\nE       #12 0x5562f596bdfe <unknown>\nE       #13 0x5562f5983e42 <unknown>\nE       #14 0x5562f595079f <unknown>\nE       #15 0x5562f59a8178 <unknown>\nE       #16 0x5562f59a834b <unknown>\nE       #17 0x5562f59b7fbc <unknown>\nE       #18 0x7f4887644134 <unknown>\n\n/usr/local/lib/python3.11/site-packages/selenium/webdriver/remote/errorhandler.py:229: NoSuchElementException","flaky":false,"newFailed":false,"newBroken":false,"newPassed":false,"retriesCount":0,"retriesStatusChange":false,"beforeStages":[{"name":"_session_faker","time":{"start":1716684985804,"stop":1716684985871,"duration":67},"status":"passed","steps":[],"attachments":[],"parameters":[],"shouldDisplayMessage":false,"stepsCount":0,"attachmentsCount":0,"hasContent":false,"attachmentStep":false},{"name":"clear_allure_results_folder","time":{"start":1716684985871,"stop":1716684985871,"duration":0},"status":"passed","steps":[],"attachments":[],"parameters":[],"shouldDisplayMessage":false,"stepsCount":0,"attachmentsCount":0,"hasContent":false,"attachmentStep":false},{"name":"driver","time":{"start":1716685199877,"stop":1716685200562,"duration":685},"status":"passed","steps":[],"attachments":[],"parameters":[],"shouldDisplayMessage":false,"stepsCount":0,"attachmentsCount":0,"hasContent":false,"attachmentStep":false},{"name":"setup","time":{"start":1716685200562,"stop":1716685200562,"duration":0},"status":"passed","steps":[],"attachments":[],"parameters":[],"shouldDisplayMessage":false,"stepsCount":0,"attachmentsCount":0,"hasContent":false,"attachmentStep":false}],"testStage":{"status":"skipped","statusMessage":"XFAIL\n\nselenium.common.exceptions.NoSuchElementException: Message: no such element: Unable to locate element: {\"method\":\"xpath\",\"selector\":\"(//a[@class='add-to-cart yellow-btn'])[1]\"}\n  (Session info: chrome-headless-shell=125.0.6422.78); For documentation on this error, please visit: https://www.selenium.dev/documentation/webdriver/troubleshooting/errors#no-such-element-exception\nStacktrace:\n#0 0x5562f59b8e8a <unknown>\n#1 0x5562f56a245c <unknown>\n#2 0x5562f56ee5b5 <unknown>\n#3 0x5562f56ee671 <unknown>\n#4 0x5562f5732f14 <unknown>\n#5 0x5562f57114dd <unknown>\n#6 0x5562f57302cc <unknown>\n#7 0x5562f5711253 <unknown>\n#8 0x5562f56e11c7 <unknown>\n#9 0x5562f56e1b3e <unknown>\n#10 0x5562f597f2cb <unknown>\n#11 0x5562f5983377 <unknown>\n#12 0x5562f596bdfe <unknown>\n#13 0x5562f5983e42 <unknown>\n#14 0x5562f595079f <unknown>\n#15 0x5562f59a8178 <unknown>\n#16 0x5562f59a834b <unknown>\n#17 0x5562f59b7fbc <unknown>\n#18 0x7f4887644134 <unknown>","statusTrace":"self = <tests.delivery.test_delivery_calculation.TestDeliveryPageCalculation object at 0x7f9b79737990>\ndriver = <selenium.webdriver.chrome.webdriver.WebDriver (session=\"be25efadebfe93b87b8e86e1e3fe63c1\")>\nurl = 'https://sandboxtest.stroyrem-nn.ru/', case_id = 'TD 005'\nlink_item = 'products/shtukaturka-gipsovaya-aksolit-m50-30-kg-mashinnogo-naneseniya'\namount = 16, weight = 500, standard = 600, in_time = 1590, all_time = 2190\n\n    @pytest.mark.parametrize('case_id, link_item, amount, weight, standard, in_time, all_time', [\n        (\"TD 001\", uroven_3000, 1, 30, 0, 1590, 2190),\n        (\"TD 002\", bundeks_25, 1, 30, 400, 1590, 2190),\n        (\"TD 003\", aksolit_30, 8, 300, 400, 1590, 2190),\n        (\"TD 004\", aksolit_30, 13, 400, 450, 1590, 2190),\n        (\"TD 005\", aksolit_30, 16, 500, 600, 1590, 2190),\n        (\"TD 006\", aksolit_30, 25, 1700, 990, 1990, 2480),\n        (\"TD 007\", aksolit_30, 66, 2000, 1300, 2490, 2980),\n        (\"TD 008\", aksolit_30, 149, 4500, 2300, 3980, 4490),\n        (\"TD 009\", aksolit_30, 166, 5000, 2500, 4990, 5480),\n        pytest.param(\n            \"TD 010\", aksolit_30, 206, 6200, 2900, 5570, 6120,\n            marks=pytest.mark.xfail(reson=\"Цена доставки 3600 7960 8980\")\n        ),\n        (\"TD 011\", aksolit_30, 299, 9000, 3600, 7960, 8980),\n        (\"TD 012\", aksolit_30, 333, 10000, 4450, 11990, 12500),\n        pytest.param(\n            \"TD 013\", aksolit_30, 366, 11000, 4800, 12450, 13480,\n            marks=pytest.mark.xfail(reason=\"Цена стандартной доставки 4450\")\n        ),\n        pytest.param(\n            \"TD 014\", aksolit_30, 666, 20000, 5400, 15600, 17490,\n            marks=pytest.mark.xfail(reason=\"Цена стандартной доставки 4450\")\n        )\n    ])\n    @pytest.mark.xfail\n    @pytest.mark.smoke_test\n    def test_positive_delivery_green_zone_smoke(\n            self, driver, url, case_id, link_item, amount, weight, standard, in_time, all_time\n    ):\n    \n        driver.get(f'{url}{link_item}')\n        item_page = ItemPage(driver)\n>       item_page.add_item_to_cart(amount).click_on_cart()\n\ntests/delivery/test_delivery_calculation.py:50: \n_ _ _ _ _ _ _ _ _ _ _ _ _ _ _ _ _ _ _ _ _ _ _ _ _ _ _ _ _ _ _ _ _ _ _ _ _ _ _ _ \npages/item_page.py:40: in add_item_to_cart\n    self.find_element(self._add_item).click()\nbase/seleniumbase.py:17: in find_element\n    return self.driver.find_element(*locator)\n/usr/local/lib/python3.11/site-packages/selenium/webdriver/remote/webdriver.py:739: in find_element\n    return self.execute(Command.FIND_ELEMENT, {\"using\": by, \"value\": value})[\"value\"]\n/usr/local/lib/python3.11/site-packages/selenium/webdriver/remote/webdriver.py:345: in execute\n    self.error_handler.check_response(response)\n_ _ _ _ _ _ _ _ _ _ _ _ _ _ _ _ _ _ _ _ _ _ _ _ _ _ _ _ _ _ _ _ _ _ _ _ _ _ _ _ \n\nself = <selenium.webdriver.remote.errorhandler.ErrorHandler object at 0x7f9b79086090>\nresponse = {'status': 404, 'value': '{\"value\":{\"error\":\"no such element\",\"message\":\"no such element: Unable to locate element: {\\...\\\\n#16 0x5562f59a834b \\\\u003Cunknown>\\\\n#17 0x5562f59b7fbc \\\\u003Cunknown>\\\\n#18 0x7f4887644134 \\\\u003Cunknown>\\\\n\"}}'}\n\n    def check_response(self, response: Dict[str, Any]) -> None:\n        \"\"\"Checks that a JSON response from the WebDriver does not have an\n        error.\n    \n        :Args:\n         - response - The JSON response from the WebDriver server as a dictionary\n           object.\n    \n        :Raises: If the response contains an error message.\n        \"\"\"\n        status = response.get(\"status\", None)\n        if not status or status == ErrorCode.SUCCESS:\n            return\n        value = None\n        message = response.get(\"message\", \"\")\n        screen: str = response.get(\"screen\", \"\")\n        stacktrace = None\n        if isinstance(status, int):\n            value_json = response.get(\"value\", None)\n            if value_json and isinstance(value_json, str):\n                import json\n    \n                try:\n                    value = json.loads(value_json)\n                    if len(value) == 1:\n                        value = value[\"value\"]\n                    status = value.get(\"error\", None)\n                    if not status:\n                        status = value.get(\"status\", ErrorCode.UNKNOWN_ERROR)\n                        message = value.get(\"value\") or value.get(\"message\")\n                        if not isinstance(message, str):\n                            value = message\n                            message = message.get(\"message\")\n                    else:\n                        message = value.get(\"message\", None)\n                except ValueError:\n                    pass\n    \n        exception_class: Type[WebDriverException]\n        e = ErrorCode()\n        error_codes = [item for item in dir(e) if not item.startswith(\"__\")]\n        for error_code in error_codes:\n            error_info = getattr(ErrorCode, error_code)\n            if isinstance(error_info, list) and status in error_info:\n                exception_class = getattr(ExceptionMapping, error_code, WebDriverException)\n                break\n        else:\n            exception_class = WebDriverException\n    \n        if not value:\n            value = response[\"value\"]\n        if isinstance(value, str):\n            raise exception_class(value)\n        if message == \"\" and \"message\" in value:\n            message = value[\"message\"]\n    \n        screen = None  # type: ignore[assignment]\n        if \"screen\" in value:\n            screen = value[\"screen\"]\n    \n        stacktrace = None\n        st_value = value.get(\"stackTrace\") or value.get(\"stacktrace\")\n        if st_value:\n            if isinstance(st_value, str):\n                stacktrace = st_value.split(\"\\n\")\n            else:\n                stacktrace = []\n                try:\n                    for frame in st_value:\n                        line = frame.get(\"lineNumber\", \"\")\n                        file = frame.get(\"fileName\", \"<anonymous>\")\n                        if line:\n                            file = f\"{file}:{line}\"\n                        meth = frame.get(\"methodName\", \"<anonymous>\")\n                        if \"className\" in frame:\n                            meth = f\"{frame['className']}.{meth}\"\n                        msg = \"    at %s (%s)\"\n                        msg = msg % (meth, file)\n                        stacktrace.append(msg)\n                except TypeError:\n                    pass\n        if exception_class == UnexpectedAlertPresentException:\n            alert_text = None\n            if \"data\" in value:\n                alert_text = value[\"data\"].get(\"text\")\n            elif \"alert\" in value:\n                alert_text = value[\"alert\"].get(\"text\")\n            raise exception_class(message, screen, stacktrace, alert_text)  # type: ignore[call-arg]  # mypy is not smart enough here\n>       raise exception_class(message, screen, stacktrace)\nE       selenium.common.exceptions.NoSuchElementException: Message: no such element: Unable to locate element: {\"method\":\"xpath\",\"selector\":\"(//a[@class='add-to-cart yellow-btn'])[1]\"}\nE         (Session info: chrome-headless-shell=125.0.6422.78); For documentation on this error, please visit: https://www.selenium.dev/documentation/webdriver/troubleshooting/errors#no-such-element-exception\nE       Stacktrace:\nE       #0 0x5562f59b8e8a <unknown>\nE       #1 0x5562f56a245c <unknown>\nE       #2 0x5562f56ee5b5 <unknown>\nE       #3 0x5562f56ee671 <unknown>\nE       #4 0x5562f5732f14 <unknown>\nE       #5 0x5562f57114dd <unknown>\nE       #6 0x5562f57302cc <unknown>\nE       #7 0x5562f5711253 <unknown>\nE       #8 0x5562f56e11c7 <unknown>\nE       #9 0x5562f56e1b3e <unknown>\nE       #10 0x5562f597f2cb <unknown>\nE       #11 0x5562f5983377 <unknown>\nE       #12 0x5562f596bdfe <unknown>\nE       #13 0x5562f5983e42 <unknown>\nE       #14 0x5562f595079f <unknown>\nE       #15 0x5562f59a8178 <unknown>\nE       #16 0x5562f59a834b <unknown>\nE       #17 0x5562f59b7fbc <unknown>\nE       #18 0x7f4887644134 <unknown>\n\n/usr/local/lib/python3.11/site-packages/selenium/webdriver/remote/errorhandler.py:229: NoSuchElementException","steps":[{"name":"Добавляем товар в корзину в количестве 16","time":{"start":1716685200864,"stop":1716685200879,"duration":15},"status":"broken","statusMessage":"selenium.common.exceptions.NoSuchElementException: Message: no such element: Unable to locate element: {\"method\":\"xpath\",\"selector\":\"(//a[@class='add-to-cart yellow-btn'])[1]\"}\n  (Session info: chrome-headless-shell=125.0.6422.78); For documentation on this error, please visit: https://www.selenium.dev/documentation/webdriver/troubleshooting/errors#no-such-element-exception\nStacktrace:\n#0 0x5562f59b8e8a <unknown>\n#1 0x5562f56a245c <unknown>\n#2 0x5562f56ee5b5 <unknown>\n#3 0x5562f56ee671 <unknown>\n#4 0x5562f5732f14 <unknown>\n#5 0x5562f57114dd <unknown>\n#6 0x5562f57302cc <unknown>\n#7 0x5562f5711253 <unknown>\n#8 0x5562f56e11c7 <unknown>\n#9 0x5562f56e1b3e <unknown>\n#10 0x5562f597f2cb <unknown>\n#11 0x5562f5983377 <unknown>\n#12 0x5562f596bdfe <unknown>\n#13 0x5562f5983e42 <unknown>\n#14 0x5562f595079f <unknown>\n#15 0x5562f59a8178 <unknown>\n#16 0x5562f59a834b <unknown>\n#17 0x5562f59b7fbc <unknown>\n#18 0x7f4887644134 <unknown>\n\n","statusTrace":"  File \"/usr/local/lib/python3.11/site-packages/allure_commons/_allure.py\", line 192, in impl\n    return func(*a, **kw)\n           ^^^^^^^^^^^^^^\n  File \"/app/pages/item_page.py\", line 40, in add_item_to_cart\n    self.find_element(self._add_item).click()\n    ^^^^^^^^^^^^^^^^^^^^^^^^^^^^^^^^^\n  File \"/app/base/seleniumbase.py\", line 17, in find_element\n    return self.driver.find_element(*locator)\n           ^^^^^^^^^^^^^^^^^^^^^^^^^^^^^^^^^^\n  File \"/usr/local/lib/python3.11/site-packages/selenium/webdriver/remote/webdriver.py\", line 739, in find_element\n    return self.execute(Command.FIND_ELEMENT, {\"using\": by, \"value\": value})[\"value\"]\n           ^^^^^^^^^^^^^^^^^^^^^^^^^^^^^^^^^^^^^^^^^^^^^^^^^^^^^^^^^^^^^^^^^\n  File \"/usr/local/lib/python3.11/site-packages/selenium/webdriver/remote/webdriver.py\", line 345, in execute\n    self.error_handler.check_response(response)\n  File \"/usr/local/lib/python3.11/site-packages/selenium/webdriver/remote/errorhandler.py\", line 229, in check_response\n    raise exception_class(message, screen, stacktrace)\n","steps":[],"attachments":[],"parameters":[{"name":"amount","value":"16"}],"shouldDisplayMessage":true,"stepsCount":0,"attachmentsCount":0,"hasContent":true,"attachmentStep":false}],"attachments":[{"uid":"e1dfed9890fdb32","name":"Screenshot","source":"e1dfed9890fdb32.png","type":"image/png","size":4720},{"uid":"7a067c8800853fda","name":"HTML source","source":"7a067c8800853fda.html","type":"text/html","size":39}],"parameters":[],"shouldDisplayMessage":true,"stepsCount":1,"attachmentsCount":2,"hasContent":true,"attachmentStep":false},"afterStages":[{"name":"setup::0","time":{"start":1716685200969,"stop":1716685200969,"duration":0},"status":"passed","steps":[],"attachments":[],"parameters":[],"shouldDisplayMessage":false,"stepsCount":0,"attachmentsCount":0,"hasContent":false,"attachmentStep":false},{"name":"driver::0","time":{"start":1716685200969,"stop":1716685201029,"duration":60},"status":"passed","steps":[],"attachments":[],"parameters":[],"shouldDisplayMessage":false,"stepsCount":0,"attachmentsCount":0,"hasContent":false,"attachmentStep":false}],"labels":[{"name":"epic","value":"Delivery Page - calculation"},{"name":"tag","value":"smoke_test"},{"name":"tag","value":"@pytest.mark.xfail"},{"name":"parentSuite","value":"tests.delivery"},{"name":"suite","value":"test_delivery_calculation"},{"name":"subSuite","value":"TestDeliveryPageCalculation"},{"name":"host","value":"b71315409408"},{"name":"thread","value":"1-MainThread"},{"name":"framework","value":"pytest"},{"name":"language","value":"cpython3"},{"name":"package","value":"tests.delivery.test_delivery_calculation"},{"name":"resultFormat","value":"allure2"}],"parameters":[{"name":"all_time","value":"2190"},{"name":"amount","value":"16"},{"name":"case_id","value":"'TD 005'"},{"name":"in_time","value":"1590"},{"name":"link_item","value":"'products/shtukaturka-gipsovaya-aksolit-m50-30-kg-mashinnogo-naneseniya'"},{"name":"standard","value":"600"},{"name":"url","value":"'https://sandboxtest.stroyrem-nn.ru/'"},{"name":"weight","value":"500"}],"links":[],"hidden":false,"retry":false,"extra":{"severity":"normal","retries":[],"categories":[],"history":{"statistic":{"failed":0,"broken":13,"skipped":258,"passed":0,"unknown":0,"total":271},"items":[{"uid":"f154cc4427c1618","reportUrl":"https://Nat754.github.io/StroyremAutomation/318//#testresult/f154cc4427c1618","status":"skipped","statusDetails":"XFAIL\n\nselenium.common.exceptions.NoSuchElementException: Message: no such element: Unable to locate element: {\"method\":\"xpath\",\"selector\":\"(//a[@class='add-to-cart yellow-btn'])[1]\"}\n  (Session info: chrome-headless-shell=125.0.6422.78); For documentation on this error, please visit: https://www.selenium.dev/documentation/webdriver/troubleshooting/errors#no-such-element-exception\nStacktrace:\n#0 0x55b8cefe9e8a <unknown>\n#1 0x55b8cecd345c <unknown>\n#2 0x55b8ced1f5b5 <unknown>\n#3 0x55b8ced1f671 <unknown>\n#4 0x55b8ced63f14 <unknown>\n#5 0x55b8ced424dd <unknown>\n#6 0x55b8ced612cc <unknown>\n#7 0x55b8ced42253 <unknown>\n#8 0x55b8ced121c7 <unknown>\n#9 0x55b8ced12b3e <unknown>\n#10 0x55b8cefb02cb <unknown>\n#11 0x55b8cefb4377 <unknown>\n#12 0x55b8cef9cdfe <unknown>\n#13 0x55b8cefb4e42 <unknown>\n#14 0x55b8cef8179f <unknown>\n#15 0x55b8cefd9178 <unknown>\n#16 0x55b8cefd934b <unknown>\n#17 0x55b8cefe8fbc <unknown>\n#18 0x7f152204f134 <unknown>","time":{"start":1716598532397,"stop":1716598532817,"duration":420}},{"uid":"d26ef627dcfca35e","reportUrl":"https://Nat754.github.io/StroyremAutomation/317//#testresult/d26ef627dcfca35e","status":"skipped","statusDetails":"XFAIL\n\nselenium.common.exceptions.NoSuchElementException: Message: no such element: Unable to locate element: {\"method\":\"xpath\",\"selector\":\"(//a[@class='add-to-cart yellow-btn'])[1]\"}\n  (Session info: chrome-headless-shell=125.0.6422.78); For documentation on this error, please visit: https://www.selenium.dev/documentation/webdriver/troubleshooting/errors#no-such-element-exception\nStacktrace:\n#0 0x560558c17e8a <unknown>\n#1 0x56055890145c <unknown>\n#2 0x56055894d5b5 <unknown>\n#3 0x56055894d671 <unknown>\n#4 0x560558991f14 <unknown>\n#5 0x5605589704dd <unknown>\n#6 0x56055898f2cc <unknown>\n#7 0x560558970253 <unknown>\n#8 0x5605589401c7 <unknown>\n#9 0x560558940b3e <unknown>\n#10 0x560558bde2cb <unknown>\n#11 0x560558be2377 <unknown>\n#12 0x560558bcadfe <unknown>\n#13 0x560558be2e42 <unknown>\n#14 0x560558baf79f <unknown>\n#15 0x560558c07178 <unknown>\n#16 0x560558c0734b <unknown>\n#17 0x560558c16fbc <unknown>\n#18 0x7f617848a134 <unknown>","time":{"start":1716512243675,"stop":1716512244080,"duration":405}},{"uid":"b3ed6f996b06923a","reportUrl":"https://Nat754.github.io/StroyremAutomation/316//#testresult/b3ed6f996b06923a","status":"skipped","statusDetails":"XFAIL\n\nselenium.common.exceptions.NoSuchElementException: Message: no such element: Unable to locate element: {\"method\":\"xpath\",\"selector\":\"(//a[@class='add-to-cart yellow-btn'])[1]\"}\n  (Session info: chrome-headless-shell=125.0.6422.76); For documentation on this error, please visit: https://www.selenium.dev/documentation/webdriver/troubleshooting/errors#no-such-element-exception\nStacktrace:\n#0 0x563151295e9a <unknown>\n#1 0x563150f7f45c <unknown>\n#2 0x563150fcb5b5 <unknown>\n#3 0x563150fcb671 <unknown>\n#4 0x56315100ff14 <unknown>\n#5 0x563150fee4dd <unknown>\n#6 0x56315100d2cc <unknown>\n#7 0x563150fee253 <unknown>\n#8 0x563150fbe1c7 <unknown>\n#9 0x563150fbeb3e <unknown>\n#10 0x56315125c2db <unknown>\n#11 0x563151260387 <unknown>\n#12 0x563151248e0e <unknown>\n#13 0x563151260e52 <unknown>\n#14 0x56315122d7af <unknown>\n#15 0x563151285188 <unknown>\n#16 0x56315128535b <unknown>\n#17 0x563151294fcc <unknown>\n#18 0x7f5d4985d134 <unknown>","time":{"start":1716425776450,"stop":1716425777010,"duration":560}},{"uid":"14abb022852c352f","reportUrl":"https://Nat754.github.io/StroyremAutomation/315//#testresult/14abb022852c352f","status":"skipped","statusDetails":"XFAIL\n\nselenium.common.exceptions.NoSuchElementException: Message: no such element: Unable to locate element: {\"method\":\"xpath\",\"selector\":\"(//a[@class='add-to-cart yellow-btn'])[1]\"}\n  (Session info: chrome-headless-shell=125.0.6422.76); For documentation on this error, please visit: https://www.selenium.dev/documentation/webdriver/troubleshooting/errors#no-such-element-exception\nStacktrace:\n#0 0x56360dccae9a <unknown>\n#1 0x56360d9b445c <unknown>\n#2 0x56360da005b5 <unknown>\n#3 0x56360da00671 <unknown>\n#4 0x56360da44f14 <unknown>\n#5 0x56360da234dd <unknown>\n#6 0x56360da422cc <unknown>\n#7 0x56360da23253 <unknown>\n#8 0x56360d9f31c7 <unknown>\n#9 0x56360d9f3b3e <unknown>\n#10 0x56360dc912db <unknown>\n#11 0x56360dc95387 <unknown>\n#12 0x56360dc7de0e <unknown>\n#13 0x56360dc95e52 <unknown>\n#14 0x56360dc627af <unknown>\n#15 0x56360dcba188 <unknown>\n#16 0x56360dcba35b <unknown>\n#17 0x56360dcc9fcc <unknown>\n#18 0x7fcc8405b134 <unknown>","time":{"start":1716339380793,"stop":1716339381894,"duration":1101}},{"uid":"c7a889eeae6b8985","reportUrl":"https://Nat754.github.io/StroyremAutomation/314//#testresult/c7a889eeae6b8985","status":"skipped","statusDetails":"XFAIL\n\nselenium.common.exceptions.NoSuchElementException: Message: no such element: Unable to locate element: {\"method\":\"xpath\",\"selector\":\"(//a[@class='add-to-cart yellow-btn'])[1]\"}\n  (Session info: chrome-headless-shell=125.0.6422.60); For documentation on this error, please visit: https://www.selenium.dev/documentation/webdriver/troubleshooting/errors#no-such-element-exception\nStacktrace:\n#0 0x55f1636f7eca <unknown>\n#1 0x55f1633e145c <unknown>\n#2 0x55f16342d5b5 <unknown>\n#3 0x55f16342d671 <unknown>\n#4 0x55f163471f14 <unknown>\n#5 0x55f1634504dd <unknown>\n#6 0x55f16346f2cc <unknown>\n#7 0x55f163450253 <unknown>\n#8 0x55f1634201c7 <unknown>\n#9 0x55f163420b3e <unknown>\n#10 0x55f1636be30b <unknown>\n#11 0x55f1636c23b7 <unknown>\n#12 0x55f1636aae3e <unknown>\n#13 0x55f1636c2e82 <unknown>\n#14 0x55f16368f7df <unknown>\n#15 0x55f1636e71b8 <unknown>\n#16 0x55f1636e738b <unknown>\n#17 0x55f1636f6ffc <unknown>\n#18 0x7fc62f2ee134 <unknown>","time":{"start":1716253035632,"stop":1716253036045,"duration":413}},{"uid":"d5e4627544c7560d","reportUrl":"https://Nat754.github.io/StroyremAutomation/313//#testresult/d5e4627544c7560d","status":"skipped","statusDetails":"XFAIL\n\nselenium.common.exceptions.NoSuchElementException: Message: no such element: Unable to locate element: {\"method\":\"xpath\",\"selector\":\"(//a[@class='add-to-cart yellow-btn'])[1]\"}\n  (Session info: chrome-headless-shell=125.0.6422.60); For documentation on this error, please visit: https://www.selenium.dev/documentation/webdriver/troubleshooting/errors#no-such-element-exception\nStacktrace:\n#0 0x560e0aea5eca <unknown>\n#1 0x560e0ab8f45c <unknown>\n#2 0x560e0abdb5b5 <unknown>\n#3 0x560e0abdb671 <unknown>\n#4 0x560e0ac1ff14 <unknown>\n#5 0x560e0abfe4dd <unknown>\n#6 0x560e0ac1d2cc <unknown>\n#7 0x560e0abfe253 <unknown>\n#8 0x560e0abce1c7 <unknown>\n#9 0x560e0abceb3e <unknown>\n#10 0x560e0ae6c30b <unknown>\n#11 0x560e0ae703b7 <unknown>\n#12 0x560e0ae58e3e <unknown>\n#13 0x560e0ae70e82 <unknown>\n#14 0x560e0ae3d7df <unknown>\n#15 0x560e0ae951b8 <unknown>\n#16 0x560e0ae9538b <unknown>\n#17 0x560e0aea4ffc <unknown>\n#18 0x7febcc6ee134 <unknown>","time":{"start":1716166623361,"stop":1716166623683,"duration":322}},{"uid":"c9d9b3d97d7f2c4c","reportUrl":"https://Nat754.github.io/StroyremAutomation/312//#testresult/c9d9b3d97d7f2c4c","status":"skipped","statusDetails":"XFAIL\n\nselenium.common.exceptions.NoSuchElementException: Message: no such element: Unable to locate element: {\"method\":\"xpath\",\"selector\":\"(//a[@class='add-to-cart yellow-btn'])[1]\"}\n  (Session info: chrome-headless-shell=125.0.6422.60); For documentation on this error, please visit: https://www.selenium.dev/documentation/webdriver/troubleshooting/errors#no-such-element-exception\nStacktrace:\n#0 0x55ef2bd4beca <unknown>\n#1 0x55ef2ba3545c <unknown>\n#2 0x55ef2ba815b5 <unknown>\n#3 0x55ef2ba81671 <unknown>\n#4 0x55ef2bac5f14 <unknown>\n#5 0x55ef2baa44dd <unknown>\n#6 0x55ef2bac32cc <unknown>\n#7 0x55ef2baa4253 <unknown>\n#8 0x55ef2ba741c7 <unknown>\n#9 0x55ef2ba74b3e <unknown>\n#10 0x55ef2bd1230b <unknown>\n#11 0x55ef2bd163b7 <unknown>\n#12 0x55ef2bcfee3e <unknown>\n#13 0x55ef2bd16e82 <unknown>\n#14 0x55ef2bce37df <unknown>\n#15 0x55ef2bd3b1b8 <unknown>\n#16 0x55ef2bd3b38b <unknown>\n#17 0x55ef2bd4affc <unknown>\n#18 0x7f3fd35e3134 <unknown>","time":{"start":1716080412205,"stop":1716080412770,"duration":565}},{"uid":"b92ffe94ee23df97","reportUrl":"https://Nat754.github.io/StroyremAutomation/311//#testresult/b92ffe94ee23df97","status":"skipped","statusDetails":"XFAIL\n\nselenium.common.exceptions.NoSuchElementException: Message: no such element: Unable to locate element: {\"method\":\"xpath\",\"selector\":\"(//a[@class='add-to-cart yellow-btn'])[1]\"}\n  (Session info: chrome-headless-shell=125.0.6422.60); For documentation on this error, please visit: https://www.selenium.dev/documentation/webdriver/troubleshooting/errors#no-such-element-exception\nStacktrace:\n#0 0x55b9541f3eca <unknown>\n#1 0x55b953edd45c <unknown>\n#2 0x55b953f295b5 <unknown>\n#3 0x55b953f29671 <unknown>\n#4 0x55b953f6df14 <unknown>\n#5 0x55b953f4c4dd <unknown>\n#6 0x55b953f6b2cc <unknown>\n#7 0x55b953f4c253 <unknown>\n#8 0x55b953f1c1c7 <unknown>\n#9 0x55b953f1cb3e <unknown>\n#10 0x55b9541ba30b <unknown>\n#11 0x55b9541be3b7 <unknown>\n#12 0x55b9541a6e3e <unknown>\n#13 0x55b9541bee82 <unknown>\n#14 0x55b95418b7df <unknown>\n#15 0x55b9541e31b8 <unknown>\n#16 0x55b9541e338b <unknown>\n#17 0x55b9541f2ffc <unknown>\n#18 0x7fe74de1f134 <unknown>","time":{"start":1715993795640,"stop":1715993796239,"duration":599}},{"uid":"ce6d590bcb3ad2e1","reportUrl":"https://Nat754.github.io/StroyremAutomation/310//#testresult/ce6d590bcb3ad2e1","status":"skipped","statusDetails":"XFAIL\n\nselenium.common.exceptions.NoSuchElementException: Message: no such element: Unable to locate element: {\"method\":\"xpath\",\"selector\":\"(//a[@class='add-to-cart yellow-btn'])[1]\"}\n  (Session info: chrome-headless-shell=125.0.6422.60); For documentation on this error, please visit: https://www.selenium.dev/documentation/webdriver/troubleshooting/errors#no-such-element-exception\nStacktrace:\n#0 0x55b953888eca <unknown>\n#1 0x55b95357245c <unknown>\n#2 0x55b9535be5b5 <unknown>\n#3 0x55b9535be671 <unknown>\n#4 0x55b953602f14 <unknown>\n#5 0x55b9535e14dd <unknown>\n#6 0x55b9536002cc <unknown>\n#7 0x55b9535e1253 <unknown>\n#8 0x55b9535b11c7 <unknown>\n#9 0x55b9535b1b3e <unknown>\n#10 0x55b95384f30b <unknown>\n#11 0x55b9538533b7 <unknown>\n#12 0x55b95383be3e <unknown>\n#13 0x55b953853e82 <unknown>\n#14 0x55b9538207df <unknown>\n#15 0x55b9538781b8 <unknown>\n#16 0x55b95387838b <unknown>\n#17 0x55b953887ffc <unknown>\n#18 0x7f3d27311134 <unknown>","time":{"start":1715907380366,"stop":1715907380917,"duration":551}},{"uid":"79923766ad3d6963","reportUrl":"https://Nat754.github.io/StroyremAutomation/309//#testresult/79923766ad3d6963","status":"skipped","statusDetails":"XFAIL\n\nselenium.common.exceptions.NoSuchElementException: Message: no such element: Unable to locate element: {\"method\":\"xpath\",\"selector\":\"(//a[@class='add-to-cart yellow-btn'])[1]\"}\n  (Session info: chrome-headless-shell=125.0.6422.60); For documentation on this error, please visit: https://www.selenium.dev/documentation/webdriver/troubleshooting/errors#no-such-element-exception\nStacktrace:\n#0 0x558eb82aaeca <unknown>\n#1 0x558eb7f9445c <unknown>\n#2 0x558eb7fe05b5 <unknown>\n#3 0x558eb7fe0671 <unknown>\n#4 0x558eb8024f14 <unknown>\n#5 0x558eb80034dd <unknown>\n#6 0x558eb80222cc <unknown>\n#7 0x558eb8003253 <unknown>\n#8 0x558eb7fd31c7 <unknown>\n#9 0x558eb7fd3b3e <unknown>\n#10 0x558eb827130b <unknown>\n#11 0x558eb82753b7 <unknown>\n#12 0x558eb825de3e <unknown>\n#13 0x558eb8275e82 <unknown>\n#14 0x558eb82427df <unknown>\n#15 0x558eb829a1b8 <unknown>\n#16 0x558eb829a38b <unknown>\n#17 0x558eb82a9ffc <unknown>\n#18 0x7f7db9ab2134 <unknown>","time":{"start":1715821048793,"stop":1715821049361,"duration":568}},{"uid":"f083154833e9d033","reportUrl":"https://Nat754.github.io/StroyremAutomation/308//#testresult/f083154833e9d033","status":"skipped","statusDetails":"XFAIL\n\nselenium.common.exceptions.NoSuchElementException: Message: no such element: Unable to locate element: {\"method\":\"xpath\",\"selector\":\"(//a[@class='add-to-cart yellow-btn'])[1]\"}\n  (Session info: chrome-headless-shell=124.0.6367.207); For documentation on this error, please visit: https://www.selenium.dev/documentation/webdriver/troubleshooting/errors#no-such-element-exception\nStacktrace:\n#0 0x55da9271cdc3 <unknown>\n#1 0x55da9240b4e7 <unknown>\n#2 0x55da9245635d <unknown>\n#3 0x55da92456411 <unknown>\n#4 0x55da92499774 <unknown>\n#5 0x55da9247847d <unknown>\n#6 0x55da92496c29 <unknown>\n#7 0x55da924781f3 <unknown>\n#8 0x55da9244928a <unknown>\n#9 0x55da92449c5e <unknown>\n#10 0x55da926e10eb <unknown>\n#11 0x55da926e503b <unknown>\n#12 0x55da926cd201 <unknown>\n#13 0x55da926e5ba2 <unknown>\n#14 0x55da926b20bf <unknown>\n#15 0x55da9270bf18 <unknown>\n#16 0x55da9270c0f0 <unknown>\n#17 0x55da9271bf14 <unknown>\n#18 0x7fb5df098134 <unknown>","time":{"start":1715734569499,"stop":1715734569918,"duration":419}},{"uid":"cbaa4a07694c583a","reportUrl":"https://Nat754.github.io/StroyremAutomation/307//#testresult/cbaa4a07694c583a","status":"skipped","statusDetails":"XFAIL\n\nselenium.common.exceptions.NoSuchElementException: Message: no such element: Unable to locate element: {\"method\":\"xpath\",\"selector\":\"(//a[@class='add-to-cart yellow-btn'])[1]\"}\n  (Session info: chrome-headless-shell=124.0.6367.207); For documentation on this error, please visit: https://www.selenium.dev/documentation/webdriver/troubleshooting/errors#no-such-element-exception\nStacktrace:\n#0 0x5589707c8dc3 <unknown>\n#1 0x5589704b74e7 <unknown>\n#2 0x55897050235d <unknown>\n#3 0x558970502411 <unknown>\n#4 0x558970545774 <unknown>\n#5 0x55897052447d <unknown>\n#6 0x558970542c29 <unknown>\n#7 0x5589705241f3 <unknown>\n#8 0x5589704f528a <unknown>\n#9 0x5589704f5c5e <unknown>\n#10 0x55897078d0eb <unknown>\n#11 0x55897079103b <unknown>\n#12 0x558970779201 <unknown>\n#13 0x558970791ba2 <unknown>\n#14 0x55897075e0bf <unknown>\n#15 0x5589707b7f18 <unknown>\n#16 0x5589707b80f0 <unknown>\n#17 0x5589707c7f14 <unknown>\n#18 0x7fdfcca29134 <unknown>","time":{"start":1715648177932,"stop":1715648178346,"duration":414}},{"uid":"cc60338e29e73249","reportUrl":"https://Nat754.github.io/StroyremAutomation/306//#testresult/cc60338e29e73249","status":"skipped","statusDetails":"XFAIL\n\nselenium.common.exceptions.NoSuchElementException: Message: no such element: Unable to locate element: {\"method\":\"xpath\",\"selector\":\"(//a[@class='add-to-cart yellow-btn'])[1]\"}\n  (Session info: chrome-headless-shell=124.0.6367.201); For documentation on this error, please visit: https://www.selenium.dev/documentation/webdriver/troubleshooting/errors#no-such-element-exception\nStacktrace:\n#0 0x55a5386d3e43 <unknown>\n#1 0x55a5383c24e7 <unknown>\n#2 0x55a53840d35d <unknown>\n#3 0x55a53840d411 <unknown>\n#4 0x55a538450774 <unknown>\n#5 0x55a53842f47d <unknown>\n#6 0x55a53844dc29 <unknown>\n#7 0x55a53842f1f3 <unknown>\n#8 0x55a53840028a <unknown>\n#9 0x55a538400c5e <unknown>\n#10 0x55a53869816b <unknown>\n#11 0x55a53869c0bb <unknown>\n#12 0x55a538684281 <unknown>\n#13 0x55a53869cc22 <unknown>\n#14 0x55a53866913f <unknown>\n#15 0x55a5386c2f98 <unknown>\n#16 0x55a5386c3170 <unknown>\n#17 0x55a5386d2f94 <unknown>\n#18 0x7f83d5430134 <unknown>","time":{"start":1715561886430,"stop":1715561887045,"duration":615}},{"uid":"c0e707e869a2b59d","reportUrl":"https://Nat754.github.io/StroyremAutomation/305//#testresult/c0e707e869a2b59d","status":"skipped","statusDetails":"XFAIL\n\nselenium.common.exceptions.NoSuchElementException: Message: no such element: Unable to locate element: {\"method\":\"xpath\",\"selector\":\"(//a[@class='add-to-cart yellow-btn'])[1]\"}\n  (Session info: chrome-headless-shell=124.0.6367.201); For documentation on this error, please visit: https://www.selenium.dev/documentation/webdriver/troubleshooting/errors#no-such-element-exception\nStacktrace:\n#0 0x55773b39fe43 <unknown>\n#1 0x55773b08e4e7 <unknown>\n#2 0x55773b0d935d <unknown>\n#3 0x55773b0d9411 <unknown>\n#4 0x55773b11c774 <unknown>\n#5 0x55773b0fb47d <unknown>\n#6 0x55773b119c29 <unknown>\n#7 0x55773b0fb1f3 <unknown>\n#8 0x55773b0cc28a <unknown>\n#9 0x55773b0ccc5e <unknown>\n#10 0x55773b36416b <unknown>\n#11 0x55773b3680bb <unknown>\n#12 0x55773b350281 <unknown>\n#13 0x55773b368c22 <unknown>\n#14 0x55773b33513f <unknown>\n#15 0x55773b38ef98 <unknown>\n#16 0x55773b38f170 <unknown>\n#17 0x55773b39ef94 <unknown>\n#18 0x7fe3a821d134 <unknown>","time":{"start":1715475561491,"stop":1715475561905,"duration":414}},{"uid":"81836a995c73e73b","reportUrl":"https://Nat754.github.io/StroyremAutomation/304//#testresult/81836a995c73e73b","status":"skipped","statusDetails":"XFAIL\n\nselenium.common.exceptions.NoSuchElementException: Message: no such element: Unable to locate element: {\"method\":\"xpath\",\"selector\":\"(//a[@class='add-to-cart yellow-btn'])[1]\"}\n  (Session info: chrome-headless-shell=124.0.6367.201); For documentation on this error, please visit: https://www.selenium.dev/documentation/webdriver/troubleshooting/errors#no-such-element-exception\nStacktrace:\n#0 0x557449d92e43 <unknown>\n#1 0x557449a814e7 <unknown>\n#2 0x557449acc35d <unknown>\n#3 0x557449acc411 <unknown>\n#4 0x557449b0f774 <unknown>\n#5 0x557449aee47d <unknown>\n#6 0x557449b0cc29 <unknown>\n#7 0x557449aee1f3 <unknown>\n#8 0x557449abf28a <unknown>\n#9 0x557449abfc5e <unknown>\n#10 0x557449d5716b <unknown>\n#11 0x557449d5b0bb <unknown>\n#12 0x557449d43281 <unknown>\n#13 0x557449d5bc22 <unknown>\n#14 0x557449d2813f <unknown>\n#15 0x557449d81f98 <unknown>\n#16 0x557449d82170 <unknown>\n#17 0x557449d91f94 <unknown>\n#18 0x7fc74b039134 <unknown>","time":{"start":1715388846622,"stop":1715388847046,"duration":424}},{"uid":"7955b5d4de68507e","reportUrl":"https://Nat754.github.io/StroyremAutomation/303//#testresult/7955b5d4de68507e","status":"skipped","statusDetails":"XFAIL\n\nselenium.common.exceptions.NoSuchElementException: Message: no such element: Unable to locate element: {\"method\":\"xpath\",\"selector\":\"(//a[@class='add-to-cart yellow-btn'])[1]\"}\n  (Session info: chrome-headless-shell=124.0.6367.201); For documentation on this error, please visit: https://www.selenium.dev/documentation/webdriver/troubleshooting/errors#no-such-element-exception\nStacktrace:\n#0 0x5584bf2cce43 <unknown>\n#1 0x5584befbb4e7 <unknown>\n#2 0x5584bf00635d <unknown>\n#3 0x5584bf006411 <unknown>\n#4 0x5584bf049774 <unknown>\n#5 0x5584bf02847d <unknown>\n#6 0x5584bf046c29 <unknown>\n#7 0x5584bf0281f3 <unknown>\n#8 0x5584beff928a <unknown>\n#9 0x5584beff9c5e <unknown>\n#10 0x5584bf29116b <unknown>\n#11 0x5584bf2950bb <unknown>\n#12 0x5584bf27d281 <unknown>\n#13 0x5584bf295c22 <unknown>\n#14 0x5584bf26213f <unknown>\n#15 0x5584bf2bbf98 <unknown>\n#16 0x5584bf2bc170 <unknown>\n#17 0x5584bf2cbf94 <unknown>\n#18 0x7f01dd61b134 <unknown>","time":{"start":1715302588407,"stop":1715302589165,"duration":758}},{"uid":"22821db35410da68","reportUrl":"https://Nat754.github.io/StroyremAutomation/302//#testresult/22821db35410da68","status":"skipped","statusDetails":"XFAIL\n\nselenium.common.exceptions.NoSuchElementException: Message: no such element: Unable to locate element: {\"method\":\"xpath\",\"selector\":\"(//a[@class='add-to-cart yellow-btn'])[1]\"}\n  (Session info: chrome-headless-shell=124.0.6367.155); For documentation on this error, please visit: https://www.selenium.dev/documentation/webdriver/troubleshooting/errors#no-such-element-exception\nStacktrace:\n#0 0x5609a1f1ddf3 <unknown>\n#1 0x5609a1c0c4e7 <unknown>\n#2 0x5609a1c5735d <unknown>\n#3 0x5609a1c57411 <unknown>\n#4 0x5609a1c9a774 <unknown>\n#5 0x5609a1c7947d <unknown>\n#6 0x5609a1c97c29 <unknown>\n#7 0x5609a1c791f3 <unknown>\n#8 0x5609a1c4a28a <unknown>\n#9 0x5609a1c4ac5e <unknown>\n#10 0x5609a1ee211b <unknown>\n#11 0x5609a1ee606b <unknown>\n#12 0x5609a1ece231 <unknown>\n#13 0x5609a1ee6bd2 <unknown>\n#14 0x5609a1eb30ef <unknown>\n#15 0x5609a1f0cf48 <unknown>\n#16 0x5609a1f0d120 <unknown>\n#17 0x5609a1f1cf44 <unknown>\n#18 0x7f6eae367134 <unknown>","time":{"start":1715216103690,"stop":1715216104308,"duration":618}},{"uid":"4e916268e4df31af","reportUrl":"https://Nat754.github.io/StroyremAutomation/301//#testresult/4e916268e4df31af","status":"skipped","statusDetails":"XFAIL\n\nselenium.common.exceptions.NoSuchElementException: Message: no such element: Unable to locate element: {\"method\":\"xpath\",\"selector\":\"(//a[@class='add-to-cart yellow-btn'])[1]\"}\n  (Session info: chrome-headless-shell=124.0.6367.155); For documentation on this error, please visit: https://www.selenium.dev/documentation/webdriver/troubleshooting/errors#no-such-element-exception\nStacktrace:\n#0 0x558ac717bdf3 <unknown>\n#1 0x558ac6e6a4e7 <unknown>\n#2 0x558ac6eb535d <unknown>\n#3 0x558ac6eb5411 <unknown>\n#4 0x558ac6ef8774 <unknown>\n#5 0x558ac6ed747d <unknown>\n#6 0x558ac6ef5c29 <unknown>\n#7 0x558ac6ed71f3 <unknown>\n#8 0x558ac6ea828a <unknown>\n#9 0x558ac6ea8c5e <unknown>\n#10 0x558ac714011b <unknown>\n#11 0x558ac714406b <unknown>\n#12 0x558ac712c231 <unknown>\n#13 0x558ac7144bd2 <unknown>\n#14 0x558ac71110ef <unknown>\n#15 0x558ac716af48 <unknown>\n#16 0x558ac716b120 <unknown>\n#17 0x558ac717af44 <unknown>\n#18 0x7f23f305e134 <unknown>","time":{"start":1715129197268,"stop":1715129197702,"duration":434}},{"uid":"1b851f5fd52d9b2e","reportUrl":"https://Nat754.github.io/StroyremAutomation/300//#testresult/1b851f5fd52d9b2e","status":"skipped","statusDetails":"XFAIL\n\nselenium.common.exceptions.NoSuchElementException: Message: no such element: Unable to locate element: {\"method\":\"xpath\",\"selector\":\"(//a[@class='add-to-cart yellow-btn'])[1]\"}\n  (Session info: chrome-headless-shell=124.0.6367.91); For documentation on this error, please visit: https://www.selenium.dev/documentation/webdriver/troubleshooting/errors#no-such-element-exception\nStacktrace:\n#0 0x55ea0d8b6cb3 <unknown>\n#1 0x55ea0d5a54a7 <unknown>\n#2 0x55ea0d5f031d <unknown>\n#3 0x55ea0d5f03d1 <unknown>\n#4 0x55ea0d633734 <unknown>\n#5 0x55ea0d61243d <unknown>\n#6 0x55ea0d630be9 <unknown>\n#7 0x55ea0d6121b3 <unknown>\n#8 0x55ea0d5e324a <unknown>\n#9 0x55ea0d5e3c1e <unknown>\n#10 0x55ea0d87afdb <unknown>\n#11 0x55ea0d87ef2b <unknown>\n#12 0x55ea0d8670f1 <unknown>\n#13 0x55ea0d87fa92 <unknown>\n#14 0x55ea0d84bfaf <unknown>\n#15 0x55ea0d8a5e08 <unknown>\n#16 0x55ea0d8a5fe0 <unknown>\n#17 0x55ea0d8b5e04 <unknown>\n#18 0x7fcc38d74134 <unknown>","time":{"start":1715043285413,"stop":1715043285945,"duration":532}},{"uid":"b89dfbd7cdceef6a","reportUrl":"https://Nat754.github.io/StroyremAutomation/299//#testresult/b89dfbd7cdceef6a","status":"skipped","statusDetails":"XFAIL\n\nselenium.common.exceptions.NoSuchElementException: Message: no such element: Unable to locate element: {\"method\":\"xpath\",\"selector\":\"(//a[@class='add-to-cart yellow-btn'])[1]\"}\n  (Session info: chrome-headless-shell=124.0.6367.91); For documentation on this error, please visit: https://www.selenium.dev/documentation/webdriver/troubleshooting/errors#no-such-element-exception\nStacktrace:\n#0 0x557f4554fcb3 <unknown>\n#1 0x557f4523e4a7 <unknown>\n#2 0x557f4528931d <unknown>\n#3 0x557f452893d1 <unknown>\n#4 0x557f452cc734 <unknown>\n#5 0x557f452ab43d <unknown>\n#6 0x557f452c9be9 <unknown>\n#7 0x557f452ab1b3 <unknown>\n#8 0x557f4527c24a <unknown>\n#9 0x557f4527cc1e <unknown>\n#10 0x557f45513fdb <unknown>\n#11 0x557f45517f2b <unknown>\n#12 0x557f455000f1 <unknown>\n#13 0x557f45518a92 <unknown>\n#14 0x557f454e4faf <unknown>\n#15 0x557f4553ee08 <unknown>\n#16 0x557f4553efe0 <unknown>\n#17 0x557f4554ee04 <unknown>\n#18 0x7fbd36565134 <unknown>","time":{"start":1714956941781,"stop":1714956942199,"duration":418}}]},"tags":["@pytest.mark.xfail","smoke_test"]},"source":"eb999778976faffa.json","parameterValues":["2190","16","'TD 005'","1590","'products/shtukaturka-gipsovaya-aksolit-m50-30-kg-mashinnogo-naneseniya'","600","'https://sandboxtest.stroyrem-nn.ru/'","500"]}