{"uid":"5463995f588e14e0","name":"Авторизация с помощью аккаунта ya.ru","fullName":"tests.test_sign_in.test_sign_in_page.TestSignInPage#test_positive_authorization_first_time_using_YA_smoke","historyId":"dad914aa68b78287aa131957fc42820c","time":{"start":1705022162883,"stop":1705022167691,"duration":4808},"status":"skipped","statusMessage":"XFAIL Появляется капча Яндекса при запуске теста на Github\n\nselenium.common.exceptions.NoSuchElementException: Message: no such element: Unable to locate element: {\"method\":\"css selector\",\"selector\":\"button[data-t='button:clear']\"}\n  (Session info: chrome-headless-shell=120.0.6099.109); For documentation on this error, please visit: https://www.selenium.dev/documentation/webdriver/troubleshooting/errors#no-such-element-exception\nStacktrace:\n#0 0x555f48e0ff83 <unknown>\n#1 0x555f48ac8cf7 <unknown>\n#2 0x555f48b1899e <unknown>\n#3 0x555f48b18aa1 <unknown>\n#4 0x555f48b63d64 <unknown>\n#5 0x555f48b420dd <unknown>\n#6 0x555f48b61006 <unknown>\n#7 0x555f48b41e53 <unknown>\n#8 0x555f48b09dd4 <unknown>\n#9 0x555f48b0b1de <unknown>\n#10 0x555f48dd4531 <unknown>\n#11 0x555f48dd8455 <unknown>\n#12 0x555f48dc0f55 <unknown>\n#13 0x555f48dd90ef <unknown>\n#14 0x555f48da499f <unknown>\n#15 0x555f48dfd008 <unknown>\n#16 0x555f48dfd1d7 <unknown>\n#17 0x555f48e0f124 <unknown>\n#18 0x7f305ce59044 <unknown>","statusTrace":"self = <tests.test_sign_in.test_sign_in_page.TestSignInPage object at 0x7f6a02cf6a10>\ndriver = <selenium.webdriver.chrome.webdriver.WebDriver (session=\"18b5fdd818f68b006acd61432ab9a4c4\")>\nsign_in_page = <pages.sign_in_page.SignInPage object at 0x7f6a02fc3e90>\nopen_sign_in_window = None\n\n    @allure.title(\"Авторизация с помощью аккаунта ya.ru\")\n    @pytest.mark.xfail(reason=\"Появляется капча Яндекса при запуске теста на Github\")\n    @pytest.mark.smoke_test\n    def test_positive_authorization_first_time_using_YA_smoke(self, driver, sign_in_page, open_sign_in_window):\n        sign_in_page.get_ya_ru_auth_icon().click()\n        driver.switch_to.window(driver.window_handles[1])\n        # driver.delete_all_cookies()\n        driver.add_cookie({'name': 'uniqueuid',\n                           'value': '384528911692006899',\n                           'domain': 'passport.yandex.ru',\n                           'httpOnly': True,\n                           'path': '/',\n                           'expiry': 1723499808,\n                           'sameSite': 'Lax',\n                           'secure': True})\n        driver.add_cookie({'name': 'ymex',\n                           'value': '2007366920.yrts.1692006920#2007366900.yrtsi.1692006900',\n                           'domain': '.yandex.ru',\n                           'httpOnly': False,\n                           'path': '/',\n                           'expiry': 1723499808,\n                           'secure': True})\n        driver.add_cookie({'name': 'i',\n                           'value': 'rpEp6ASpcmkXAketS0UdMiVBT6ovBbPtyYRYZIsRWdkwRjrAU27Q2rmgTx58XJTCF6sreSZhfheTbJeEsS',\n                           'domain': '.yandex.ru',\n                           'httpOnly': True,\n                           'path': '/',\n                           'expiry': 1723499808,\n                           'secure': True})\n        driver.add_cookie({'name': 'yandexuid',\n                           'value': '5114601221692006901',\n                           'domain': '.yandex.ru',\n                           'httpOnly': False,\n                           'path': '/',\n                           'expiry': 1723499808,\n                           'secure': True})\n        driver.add_cookie({'name': 'yuidss',\n                           'value': '7640250911692006900',\n                           'domain': '.yandex.ru',\n                           'httpOnly': False,\n                           'path': '/',\n                           'expiry': 1723499808,\n                           'secure': True})\n        driver.add_cookie({'name': 'gdpr',\n                           'value': '0',\n                           'domain': '.yandex.ru',\n                           'httpOnly': False,\n                           'path': '/',\n                           'expiry': 1723499808,\n                           'secure': True})\n        driver.add_cookie({'name': '_ym_uid',\n                           'value': '169200690291832112',\n                           'domain': '.yandex.ru',\n                           'httpOnly': False,\n                           'path': '/',\n                           'expiry': 1723499808,\n                           'secure': True})\n        driver.add_cookie({'name': '_ym_d',\n                           'value': '1692006902',\n                           'domain': '.yandex.ru',\n                           'httpOnly': False,\n                           'path': '/',\n                           'expiry': 1723499808,\n                           'secure': True})\n        driver.add_cookie({'name': 'bh',\n                           'value': 'Ej8iTm90L0EpQnJhbmQiO3Y9Ijk5IiwiR29vZ2xlIENocm9tZSI7dj0iMTE1IiwiQ2hyb21pdW0iO3Y9IjExNSIaBSJ4ODYiIhAiMTE1LjAuNTc5MC4xMTAiKgI',\n                           'domain': 'yandex.ru',\n                           'httpOnly': False,\n                           'path': '/',\n                           'expiry': 1723499808,\n                           'secure': False})\n        driver.add_cookie({'name': '_ym_visorc',\n                           'value': 'b',\n                           'domain': '.yandex.ru',\n                           'httpOnly': False,\n                           'path': '/',\n                           'expiry': 1723499808,\n                           'secure': True})\n        driver.execute_script(\"arguments[0].scrollIntoView();\",\n>                             sign_in_page.get_ya_ru_window_alternative_ways_to_sign_up())\n\ntests/test_sign_in/test_sign_in_page.py:209: \n_ _ _ _ _ _ _ _ _ _ _ _ _ _ _ _ _ _ _ _ _ _ _ _ _ _ _ _ _ _ _ _ _ _ _ _ _ _ _ _ \npages/sign_in_page.py:191: in get_ya_ru_window_alternative_ways_to_sign_up\n    return self.find_element(self._ya_ru_window_alternative_ways_to_sign_up)\nbase/seleniumbase.py:17: in find_element\n    return self.driver.find_element(*locator)\n/usr/local/lib/python3.11/site-packages/selenium/webdriver/remote/webdriver.py:739: in find_element\n    return self.execute(Command.FIND_ELEMENT, {\"using\": by, \"value\": value})[\"value\"]\n/usr/local/lib/python3.11/site-packages/selenium/webdriver/remote/webdriver.py:345: in execute\n    self.error_handler.check_response(response)\n_ _ _ _ _ _ _ _ _ _ _ _ _ _ _ _ _ _ _ _ _ _ _ _ _ _ _ _ _ _ _ _ _ _ _ _ _ _ _ _ \n\nself = <selenium.webdriver.remote.errorhandler.ErrorHandler object at 0x7f6a02f4fa90>\nresponse = {'status': 404, 'value': '{\"value\":{\"error\":\"no such element\",\"message\":\"no such element: Unable to locate element: {\\...\\\\n#16 0x555f48dfd1d7 \\\\u003Cunknown>\\\\n#17 0x555f48e0f124 \\\\u003Cunknown>\\\\n#18 0x7f305ce59044 \\\\u003Cunknown>\\\\n\"}}'}\n\n    def check_response(self, response: Dict[str, Any]) -> None:\n        \"\"\"Checks that a JSON response from the WebDriver does not have an\n        error.\n    \n        :Args:\n         - response - The JSON response from the WebDriver server as a dictionary\n           object.\n    \n        :Raises: If the response contains an error message.\n        \"\"\"\n        status = response.get(\"status\", None)\n        if not status or status == ErrorCode.SUCCESS:\n            return\n        value = None\n        message = response.get(\"message\", \"\")\n        screen: str = response.get(\"screen\", \"\")\n        stacktrace = None\n        if isinstance(status, int):\n            value_json = response.get(\"value\", None)\n            if value_json and isinstance(value_json, str):\n                import json\n    \n                try:\n                    value = json.loads(value_json)\n                    if len(value) == 1:\n                        value = value[\"value\"]\n                    status = value.get(\"error\", None)\n                    if not status:\n                        status = value.get(\"status\", ErrorCode.UNKNOWN_ERROR)\n                        message = value.get(\"value\") or value.get(\"message\")\n                        if not isinstance(message, str):\n                            value = message\n                            message = message.get(\"message\")\n                    else:\n                        message = value.get(\"message\", None)\n                except ValueError:\n                    pass\n    \n        exception_class: Type[WebDriverException]\n        e = ErrorCode()\n        error_codes = [item for item in dir(e) if not item.startswith(\"__\")]\n        for error_code in error_codes:\n            error_info = getattr(ErrorCode, error_code)\n            if isinstance(error_info, list) and status in error_info:\n                exception_class = getattr(ExceptionMapping, error_code, WebDriverException)\n                break\n        else:\n            exception_class = WebDriverException\n    \n        if not value:\n            value = response[\"value\"]\n        if isinstance(value, str):\n            raise exception_class(value)\n        if message == \"\" and \"message\" in value:\n            message = value[\"message\"]\n    \n        screen = None  # type: ignore[assignment]\n        if \"screen\" in value:\n            screen = value[\"screen\"]\n    \n        stacktrace = None\n        st_value = value.get(\"stackTrace\") or value.get(\"stacktrace\")\n        if st_value:\n            if isinstance(st_value, str):\n                stacktrace = st_value.split(\"\\n\")\n            else:\n                stacktrace = []\n                try:\n                    for frame in st_value:\n                        line = frame.get(\"lineNumber\", \"\")\n                        file = frame.get(\"fileName\", \"<anonymous>\")\n                        if line:\n                            file = f\"{file}:{line}\"\n                        meth = frame.get(\"methodName\", \"<anonymous>\")\n                        if \"className\" in frame:\n                            meth = f\"{frame['className']}.{meth}\"\n                        msg = \"    at %s (%s)\"\n                        msg = msg % (meth, file)\n                        stacktrace.append(msg)\n                except TypeError:\n                    pass\n        if exception_class == UnexpectedAlertPresentException:\n            alert_text = None\n            if \"data\" in value:\n                alert_text = value[\"data\"].get(\"text\")\n            elif \"alert\" in value:\n                alert_text = value[\"alert\"].get(\"text\")\n            raise exception_class(message, screen, stacktrace, alert_text)  # type: ignore[call-arg]  # mypy is not smart enough here\n>       raise exception_class(message, screen, stacktrace)\nE       selenium.common.exceptions.NoSuchElementException: Message: no such element: Unable to locate element: {\"method\":\"css selector\",\"selector\":\"button[data-t='button:clear']\"}\nE         (Session info: chrome-headless-shell=120.0.6099.109); For documentation on this error, please visit: https://www.selenium.dev/documentation/webdriver/troubleshooting/errors#no-such-element-exception\nE       Stacktrace:\nE       #0 0x555f48e0ff83 <unknown>\nE       #1 0x555f48ac8cf7 <unknown>\nE       #2 0x555f48b1899e <unknown>\nE       #3 0x555f48b18aa1 <unknown>\nE       #4 0x555f48b63d64 <unknown>\nE       #5 0x555f48b420dd <unknown>\nE       #6 0x555f48b61006 <unknown>\nE       #7 0x555f48b41e53 <unknown>\nE       #8 0x555f48b09dd4 <unknown>\nE       #9 0x555f48b0b1de <unknown>\nE       #10 0x555f48dd4531 <unknown>\nE       #11 0x555f48dd8455 <unknown>\nE       #12 0x555f48dc0f55 <unknown>\nE       #13 0x555f48dd90ef <unknown>\nE       #14 0x555f48da499f <unknown>\nE       #15 0x555f48dfd008 <unknown>\nE       #16 0x555f48dfd1d7 <unknown>\nE       #17 0x555f48e0f124 <unknown>\nE       #18 0x7f305ce59044 <unknown>\n\n/usr/local/lib/python3.11/site-packages/selenium/webdriver/remote/errorhandler.py:229: NoSuchElementException","flaky":false,"newFailed":false,"newBroken":false,"newPassed":false,"retriesCount":0,"retriesStatusChange":false,"beforeStages":[{"name":"_session_faker","time":{"start":1705020750423,"stop":1705020750494,"duration":71},"status":"passed","steps":[],"attachments":[],"parameters":[],"shouldDisplayMessage":false,"stepsCount":0,"attachmentsCount":0,"hasContent":false,"attachmentStep":false},{"name":"clear_allure_results_folder","time":{"start":1705020750495,"stop":1705020750495,"duration":0},"status":"passed","steps":[],"attachments":[],"parameters":[],"shouldDisplayMessage":false,"stepsCount":0,"attachmentsCount":0,"hasContent":false,"attachmentStep":false},{"name":"driver","time":{"start":1705022155115,"stop":1705022155896,"duration":781},"status":"passed","steps":[],"attachments":[],"parameters":[],"shouldDisplayMessage":false,"stepsCount":0,"attachmentsCount":0,"hasContent":false,"attachmentStep":false},{"name":"sign_in_page","time":{"start":1705022155897,"stop":1705022162537,"duration":6640},"status":"passed","steps":[],"attachments":[],"parameters":[],"shouldDisplayMessage":false,"stepsCount":0,"attachmentsCount":0,"hasContent":false,"attachmentStep":false},{"name":"setup","time":{"start":1705022155897,"stop":1705022155897,"duration":0},"status":"passed","steps":[],"attachments":[],"parameters":[],"shouldDisplayMessage":false,"stepsCount":0,"attachmentsCount":0,"hasContent":false,"attachmentStep":false},{"name":"open_sign_in_window","time":{"start":1705022162537,"stop":1705022162882,"duration":345},"status":"passed","steps":[{"name":"Нахождение элемента: иконка профиля в хедере","time":{"start":1705022162537,"stop":1705022162546,"duration":9},"status":"passed","steps":[],"attachments":[],"parameters":[],"shouldDisplayMessage":false,"stepsCount":0,"attachmentsCount":0,"hasContent":false,"attachmentStep":false}],"attachments":[],"parameters":[],"shouldDisplayMessage":false,"stepsCount":1,"attachmentsCount":0,"hasContent":true,"attachmentStep":false}],"testStage":{"status":"skipped","statusMessage":"XFAIL Появляется капча Яндекса при запуске теста на Github\n\nselenium.common.exceptions.NoSuchElementException: Message: no such element: Unable to locate element: {\"method\":\"css selector\",\"selector\":\"button[data-t='button:clear']\"}\n  (Session info: chrome-headless-shell=120.0.6099.109); For documentation on this error, please visit: https://www.selenium.dev/documentation/webdriver/troubleshooting/errors#no-such-element-exception\nStacktrace:\n#0 0x555f48e0ff83 <unknown>\n#1 0x555f48ac8cf7 <unknown>\n#2 0x555f48b1899e <unknown>\n#3 0x555f48b18aa1 <unknown>\n#4 0x555f48b63d64 <unknown>\n#5 0x555f48b420dd <unknown>\n#6 0x555f48b61006 <unknown>\n#7 0x555f48b41e53 <unknown>\n#8 0x555f48b09dd4 <unknown>\n#9 0x555f48b0b1de <unknown>\n#10 0x555f48dd4531 <unknown>\n#11 0x555f48dd8455 <unknown>\n#12 0x555f48dc0f55 <unknown>\n#13 0x555f48dd90ef <unknown>\n#14 0x555f48da499f <unknown>\n#15 0x555f48dfd008 <unknown>\n#16 0x555f48dfd1d7 <unknown>\n#17 0x555f48e0f124 <unknown>\n#18 0x7f305ce59044 <unknown>","statusTrace":"self = <tests.test_sign_in.test_sign_in_page.TestSignInPage object at 0x7f6a02cf6a10>\ndriver = <selenium.webdriver.chrome.webdriver.WebDriver (session=\"18b5fdd818f68b006acd61432ab9a4c4\")>\nsign_in_page = <pages.sign_in_page.SignInPage object at 0x7f6a02fc3e90>\nopen_sign_in_window = None\n\n    @allure.title(\"Авторизация с помощью аккаунта ya.ru\")\n    @pytest.mark.xfail(reason=\"Появляется капча Яндекса при запуске теста на Github\")\n    @pytest.mark.smoke_test\n    def test_positive_authorization_first_time_using_YA_smoke(self, driver, sign_in_page, open_sign_in_window):\n        sign_in_page.get_ya_ru_auth_icon().click()\n        driver.switch_to.window(driver.window_handles[1])\n        # driver.delete_all_cookies()\n        driver.add_cookie({'name': 'uniqueuid',\n                           'value': '384528911692006899',\n                           'domain': 'passport.yandex.ru',\n                           'httpOnly': True,\n                           'path': '/',\n                           'expiry': 1723499808,\n                           'sameSite': 'Lax',\n                           'secure': True})\n        driver.add_cookie({'name': 'ymex',\n                           'value': '2007366920.yrts.1692006920#2007366900.yrtsi.1692006900',\n                           'domain': '.yandex.ru',\n                           'httpOnly': False,\n                           'path': '/',\n                           'expiry': 1723499808,\n                           'secure': True})\n        driver.add_cookie({'name': 'i',\n                           'value': 'rpEp6ASpcmkXAketS0UdMiVBT6ovBbPtyYRYZIsRWdkwRjrAU27Q2rmgTx58XJTCF6sreSZhfheTbJeEsS',\n                           'domain': '.yandex.ru',\n                           'httpOnly': True,\n                           'path': '/',\n                           'expiry': 1723499808,\n                           'secure': True})\n        driver.add_cookie({'name': 'yandexuid',\n                           'value': '5114601221692006901',\n                           'domain': '.yandex.ru',\n                           'httpOnly': False,\n                           'path': '/',\n                           'expiry': 1723499808,\n                           'secure': True})\n        driver.add_cookie({'name': 'yuidss',\n                           'value': '7640250911692006900',\n                           'domain': '.yandex.ru',\n                           'httpOnly': False,\n                           'path': '/',\n                           'expiry': 1723499808,\n                           'secure': True})\n        driver.add_cookie({'name': 'gdpr',\n                           'value': '0',\n                           'domain': '.yandex.ru',\n                           'httpOnly': False,\n                           'path': '/',\n                           'expiry': 1723499808,\n                           'secure': True})\n        driver.add_cookie({'name': '_ym_uid',\n                           'value': '169200690291832112',\n                           'domain': '.yandex.ru',\n                           'httpOnly': False,\n                           'path': '/',\n                           'expiry': 1723499808,\n                           'secure': True})\n        driver.add_cookie({'name': '_ym_d',\n                           'value': '1692006902',\n                           'domain': '.yandex.ru',\n                           'httpOnly': False,\n                           'path': '/',\n                           'expiry': 1723499808,\n                           'secure': True})\n        driver.add_cookie({'name': 'bh',\n                           'value': 'Ej8iTm90L0EpQnJhbmQiO3Y9Ijk5IiwiR29vZ2xlIENocm9tZSI7dj0iMTE1IiwiQ2hyb21pdW0iO3Y9IjExNSIaBSJ4ODYiIhAiMTE1LjAuNTc5MC4xMTAiKgI',\n                           'domain': 'yandex.ru',\n                           'httpOnly': False,\n                           'path': '/',\n                           'expiry': 1723499808,\n                           'secure': False})\n        driver.add_cookie({'name': '_ym_visorc',\n                           'value': 'b',\n                           'domain': '.yandex.ru',\n                           'httpOnly': False,\n                           'path': '/',\n                           'expiry': 1723499808,\n                           'secure': True})\n        driver.execute_script(\"arguments[0].scrollIntoView();\",\n>                             sign_in_page.get_ya_ru_window_alternative_ways_to_sign_up())\n\ntests/test_sign_in/test_sign_in_page.py:209: \n_ _ _ _ _ _ _ _ _ _ _ _ _ _ _ _ _ _ _ _ _ _ _ _ _ _ _ _ _ _ _ _ _ _ _ _ _ _ _ _ \npages/sign_in_page.py:191: in get_ya_ru_window_alternative_ways_to_sign_up\n    return self.find_element(self._ya_ru_window_alternative_ways_to_sign_up)\nbase/seleniumbase.py:17: in find_element\n    return self.driver.find_element(*locator)\n/usr/local/lib/python3.11/site-packages/selenium/webdriver/remote/webdriver.py:739: in find_element\n    return self.execute(Command.FIND_ELEMENT, {\"using\": by, \"value\": value})[\"value\"]\n/usr/local/lib/python3.11/site-packages/selenium/webdriver/remote/webdriver.py:345: in execute\n    self.error_handler.check_response(response)\n_ _ _ _ _ _ _ _ _ _ _ _ _ _ _ _ _ _ _ _ _ _ _ _ _ _ _ _ _ _ _ _ _ _ _ _ _ _ _ _ \n\nself = <selenium.webdriver.remote.errorhandler.ErrorHandler object at 0x7f6a02f4fa90>\nresponse = {'status': 404, 'value': '{\"value\":{\"error\":\"no such element\",\"message\":\"no such element: Unable to locate element: {\\...\\\\n#16 0x555f48dfd1d7 \\\\u003Cunknown>\\\\n#17 0x555f48e0f124 \\\\u003Cunknown>\\\\n#18 0x7f305ce59044 \\\\u003Cunknown>\\\\n\"}}'}\n\n    def check_response(self, response: Dict[str, Any]) -> None:\n        \"\"\"Checks that a JSON response from the WebDriver does not have an\n        error.\n    \n        :Args:\n         - response - The JSON response from the WebDriver server as a dictionary\n           object.\n    \n        :Raises: If the response contains an error message.\n        \"\"\"\n        status = response.get(\"status\", None)\n        if not status or status == ErrorCode.SUCCESS:\n            return\n        value = None\n        message = response.get(\"message\", \"\")\n        screen: str = response.get(\"screen\", \"\")\n        stacktrace = None\n        if isinstance(status, int):\n            value_json = response.get(\"value\", None)\n            if value_json and isinstance(value_json, str):\n                import json\n    \n                try:\n                    value = json.loads(value_json)\n                    if len(value) == 1:\n                        value = value[\"value\"]\n                    status = value.get(\"error\", None)\n                    if not status:\n                        status = value.get(\"status\", ErrorCode.UNKNOWN_ERROR)\n                        message = value.get(\"value\") or value.get(\"message\")\n                        if not isinstance(message, str):\n                            value = message\n                            message = message.get(\"message\")\n                    else:\n                        message = value.get(\"message\", None)\n                except ValueError:\n                    pass\n    \n        exception_class: Type[WebDriverException]\n        e = ErrorCode()\n        error_codes = [item for item in dir(e) if not item.startswith(\"__\")]\n        for error_code in error_codes:\n            error_info = getattr(ErrorCode, error_code)\n            if isinstance(error_info, list) and status in error_info:\n                exception_class = getattr(ExceptionMapping, error_code, WebDriverException)\n                break\n        else:\n            exception_class = WebDriverException\n    \n        if not value:\n            value = response[\"value\"]\n        if isinstance(value, str):\n            raise exception_class(value)\n        if message == \"\" and \"message\" in value:\n            message = value[\"message\"]\n    \n        screen = None  # type: ignore[assignment]\n        if \"screen\" in value:\n            screen = value[\"screen\"]\n    \n        stacktrace = None\n        st_value = value.get(\"stackTrace\") or value.get(\"stacktrace\")\n        if st_value:\n            if isinstance(st_value, str):\n                stacktrace = st_value.split(\"\\n\")\n            else:\n                stacktrace = []\n                try:\n                    for frame in st_value:\n                        line = frame.get(\"lineNumber\", \"\")\n                        file = frame.get(\"fileName\", \"<anonymous>\")\n                        if line:\n                            file = f\"{file}:{line}\"\n                        meth = frame.get(\"methodName\", \"<anonymous>\")\n                        if \"className\" in frame:\n                            meth = f\"{frame['className']}.{meth}\"\n                        msg = \"    at %s (%s)\"\n                        msg = msg % (meth, file)\n                        stacktrace.append(msg)\n                except TypeError:\n                    pass\n        if exception_class == UnexpectedAlertPresentException:\n            alert_text = None\n            if \"data\" in value:\n                alert_text = value[\"data\"].get(\"text\")\n            elif \"alert\" in value:\n                alert_text = value[\"alert\"].get(\"text\")\n            raise exception_class(message, screen, stacktrace, alert_text)  # type: ignore[call-arg]  # mypy is not smart enough here\n>       raise exception_class(message, screen, stacktrace)\nE       selenium.common.exceptions.NoSuchElementException: Message: no such element: Unable to locate element: {\"method\":\"css selector\",\"selector\":\"button[data-t='button:clear']\"}\nE         (Session info: chrome-headless-shell=120.0.6099.109); For documentation on this error, please visit: https://www.selenium.dev/documentation/webdriver/troubleshooting/errors#no-such-element-exception\nE       Stacktrace:\nE       #0 0x555f48e0ff83 <unknown>\nE       #1 0x555f48ac8cf7 <unknown>\nE       #2 0x555f48b1899e <unknown>\nE       #3 0x555f48b18aa1 <unknown>\nE       #4 0x555f48b63d64 <unknown>\nE       #5 0x555f48b420dd <unknown>\nE       #6 0x555f48b61006 <unknown>\nE       #7 0x555f48b41e53 <unknown>\nE       #8 0x555f48b09dd4 <unknown>\nE       #9 0x555f48b0b1de <unknown>\nE       #10 0x555f48dd4531 <unknown>\nE       #11 0x555f48dd8455 <unknown>\nE       #12 0x555f48dc0f55 <unknown>\nE       #13 0x555f48dd90ef <unknown>\nE       #14 0x555f48da499f <unknown>\nE       #15 0x555f48dfd008 <unknown>\nE       #16 0x555f48dfd1d7 <unknown>\nE       #17 0x555f48e0f124 <unknown>\nE       #18 0x7f305ce59044 <unknown>\n\n/usr/local/lib/python3.11/site-packages/selenium/webdriver/remote/errorhandler.py:229: NoSuchElementException","steps":[{"name":"Нахождение элемента: иконка 'ya.ru' окна авторизации","time":{"start":1705022162883,"stop":1705022162896,"duration":13},"status":"passed","steps":[],"attachments":[],"parameters":[],"shouldDisplayMessage":false,"stepsCount":0,"attachmentsCount":0,"hasContent":false,"attachmentStep":false},{"name":"Проверка кликабельности элемента: кнопка 'Другие способы входа' окна авторизации через 'ya.ru'","time":{"start":1705022167677,"stop":1705022167691,"duration":14},"status":"broken","statusMessage":"selenium.common.exceptions.NoSuchElementException: Message: no such element: Unable to locate element: {\"method\":\"css selector\",\"selector\":\"button[data-t='button:clear']\"}\n  (Session info: chrome-headless-shell=120.0.6099.109); For documentation on this error, please visit: https://www.selenium.dev/documentation/webdriver/troubleshooting/errors#no-such-element-exception\nStacktrace:\n#0 0x555f48e0ff83 <unknown>\n#1 0x555f48ac8cf7 <unknown>\n#2 0x555f48b1899e <unknown>\n#3 0x555f48b18aa1 <unknown>\n#4 0x555f48b63d64 <unknown>\n#5 0x555f48b420dd <unknown>\n#6 0x555f48b61006 <unknown>\n#7 0x555f48b41e53 <unknown>\n#8 0x555f48b09dd4 <unknown>\n#9 0x555f48b0b1de <unknown>\n#10 0x555f48dd4531 <unknown>\n#11 0x555f48dd8455 <unknown>\n#12 0x555f48dc0f55 <unknown>\n#13 0x555f48dd90ef <unknown>\n#14 0x555f48da499f <unknown>\n#15 0x555f48dfd008 <unknown>\n#16 0x555f48dfd1d7 <unknown>\n#17 0x555f48e0f124 <unknown>\n#18 0x7f305ce59044 <unknown>\n\n","statusTrace":"  File \"/usr/local/lib/python3.11/site-packages/allure_commons/_allure.py\", line 192, in impl\n    return func(*a, **kw)\n           ^^^^^^^^^^^^^^\n  File \"/app/pages/sign_in_page.py\", line 191, in get_ya_ru_window_alternative_ways_to_sign_up\n    return self.find_element(self._ya_ru_window_alternative_ways_to_sign_up)\n           ^^^^^^^^^^^^^^^^^^^^^^^^^^^^^^^^^^^^^^^^^^^^^^^^^^^^^^^^^^^^^^^^^\n  File \"/app/base/seleniumbase.py\", line 17, in find_element\n    return self.driver.find_element(*locator)\n           ^^^^^^^^^^^^^^^^^^^^^^^^^^^^^^^^^^\n  File \"/usr/local/lib/python3.11/site-packages/selenium/webdriver/remote/webdriver.py\", line 739, in find_element\n    return self.execute(Command.FIND_ELEMENT, {\"using\": by, \"value\": value})[\"value\"]\n           ^^^^^^^^^^^^^^^^^^^^^^^^^^^^^^^^^^^^^^^^^^^^^^^^^^^^^^^^^^^^^^^^^\n  File \"/usr/local/lib/python3.11/site-packages/selenium/webdriver/remote/webdriver.py\", line 345, in execute\n    self.error_handler.check_response(response)\n  File \"/usr/local/lib/python3.11/site-packages/selenium/webdriver/remote/errorhandler.py\", line 229, in check_response\n    raise exception_class(message, screen, stacktrace)\n","steps":[],"attachments":[],"parameters":[],"shouldDisplayMessage":true,"stepsCount":0,"attachmentsCount":0,"hasContent":true,"attachmentStep":false}],"attachments":[{"uid":"8670042b6e792ba5","name":"Screenshot","source":"8670042b6e792ba5.png","type":"image/png","size":497214},{"uid":"79fbb7e33fa45268","name":"HTML source","source":"79fbb7e33fa45268.html","type":"text/html","size":27618}],"parameters":[],"shouldDisplayMessage":true,"stepsCount":2,"attachmentsCount":2,"hasContent":true,"attachmentStep":false},"afterStages":[{"name":"driver::0","time":{"start":1705022167875,"stop":1705022167945,"duration":70},"status":"passed","steps":[],"attachments":[],"parameters":[],"shouldDisplayMessage":false,"stepsCount":0,"attachmentsCount":0,"hasContent":false,"attachmentStep":false},{"name":"setup::0","time":{"start":1705022167875,"stop":1705022167875,"duration":0},"status":"passed","steps":[],"attachments":[],"parameters":[],"shouldDisplayMessage":false,"stepsCount":0,"attachmentsCount":0,"hasContent":false,"attachmentStep":false}],"labels":[{"name":"epic","value":"Sign In Page"},{"name":"tag","value":"smoke_test"},{"name":"tag","value":"@pytest.mark.xfail(reason='Появляется капча Яндекса при запуске теста на Github')"},{"name":"parentSuite","value":"tests.test_sign_in"},{"name":"suite","value":"test_sign_in_page"},{"name":"subSuite","value":"TestSignInPage"},{"name":"host","value":"01066e71093b"},{"name":"thread","value":"1-MainThread"},{"name":"framework","value":"pytest"},{"name":"language","value":"cpython3"},{"name":"package","value":"tests.test_sign_in.test_sign_in_page"},{"name":"resultFormat","value":"allure2"}],"parameters":[],"links":[],"hidden":false,"retry":false,"extra":{"severity":"normal","retries":[],"categories":[],"history":{"statistic":{"failed":0,"broken":0,"skipped":163,"passed":4,"unknown":0,"total":167},"items":[{"uid":"2d541e2b97051c86","reportUrl":"https://Nat754.github.io/StroyremAutomation/183//#testresult/2d541e2b97051c86","status":"skipped","statusDetails":"XFAIL Появляется капча Яндекса при запуске теста на Github\n\nselenium.common.exceptions.NoSuchElementException: Message: no such element: Unable to locate element: {\"method\":\"css selector\",\"selector\":\"button[data-t='button:clear']\"}\n  (Session info: chrome-headless-shell=120.0.6099.109); For documentation on this error, please visit: https://www.selenium.dev/documentation/webdriver/troubleshooting/errors#no-such-element-exception\nStacktrace:\n#0 0x55b6a7bb7f83 <unknown>\n#1 0x55b6a7870cf7 <unknown>\n#2 0x55b6a78c099e <unknown>\n#3 0x55b6a78c0aa1 <unknown>\n#4 0x55b6a790bd64 <unknown>\n#5 0x55b6a78ea0dd <unknown>\n#6 0x55b6a7909006 <unknown>\n#7 0x55b6a78e9e53 <unknown>\n#8 0x55b6a78b1dd4 <unknown>\n#9 0x55b6a78b31de <unknown>\n#10 0x55b6a7b7c531 <unknown>\n#11 0x55b6a7b80455 <unknown>\n#12 0x55b6a7b68f55 <unknown>\n#13 0x55b6a7b810ef <unknown>\n#14 0x55b6a7b4c99f <unknown>\n#15 0x55b6a7ba5008 <unknown>\n#16 0x55b6a7ba51d7 <unknown>\n#17 0x55b6a7bb7124 <unknown>\n#18 0x7fa3801c1044 <unknown>","time":{"start":1704935960856,"stop":1704935965982,"duration":5126}},{"uid":"e1682f00193bf002","reportUrl":"https://Nat754.github.io/StroyremAutomation/182//#testresult/e1682f00193bf002","status":"skipped","statusDetails":"XFAIL Появляется капча Яндекса при запуске теста на Github\n\nselenium.common.exceptions.NoSuchElementException: Message: no such element: Unable to locate element: {\"method\":\"css selector\",\"selector\":\"button[data-t='button:clear']\"}\n  (Session info: chrome-headless-shell=120.0.6099.109); For documentation on this error, please visit: https://www.selenium.dev/documentation/webdriver/troubleshooting/errors#no-such-element-exception\nStacktrace:\n#0 0x556bf2b0df83 <unknown>\n#1 0x556bf27c6cf7 <unknown>\n#2 0x556bf281699e <unknown>\n#3 0x556bf2816aa1 <unknown>\n#4 0x556bf2861d64 <unknown>\n#5 0x556bf28400dd <unknown>\n#6 0x556bf285f006 <unknown>\n#7 0x556bf283fe53 <unknown>\n#8 0x556bf2807dd4 <unknown>\n#9 0x556bf28091de <unknown>\n#10 0x556bf2ad2531 <unknown>\n#11 0x556bf2ad6455 <unknown>\n#12 0x556bf2abef55 <unknown>\n#13 0x556bf2ad70ef <unknown>\n#14 0x556bf2aa299f <unknown>\n#15 0x556bf2afb008 <unknown>\n#16 0x556bf2afb1d7 <unknown>\n#17 0x556bf2b0d124 <unknown>\n#18 0x7ff495d30044 <unknown>","time":{"start":1704849565838,"stop":1704849571073,"duration":5235}},{"uid":"646d40b79431b26b","reportUrl":"https://Nat754.github.io/StroyremAutomation/181//#testresult/646d40b79431b26b","status":"skipped","statusDetails":"XFAIL Появляется капча Яндекса при запуске теста на Github\n\nselenium.common.exceptions.NoSuchElementException: Message: no such element: Unable to locate element: {\"method\":\"css selector\",\"selector\":\"button[data-t='button:clear']\"}\n  (Session info: chrome-headless-shell=120.0.6099.109); For documentation on this error, please visit: https://www.selenium.dev/documentation/webdriver/troubleshooting/errors#no-such-element-exception\nStacktrace:\n#0 0x56534e9d4f83 <unknown>\n#1 0x56534e68dcf7 <unknown>\n#2 0x56534e6dd99e <unknown>\n#3 0x56534e6ddaa1 <unknown>\n#4 0x56534e728d64 <unknown>\n#5 0x56534e7070dd <unknown>\n#6 0x56534e726006 <unknown>\n#7 0x56534e706e53 <unknown>\n#8 0x56534e6cedd4 <unknown>\n#9 0x56534e6d01de <unknown>\n#10 0x56534e999531 <unknown>\n#11 0x56534e99d455 <unknown>\n#12 0x56534e985f55 <unknown>\n#13 0x56534e99e0ef <unknown>\n#14 0x56534e96999f <unknown>\n#15 0x56534e9c2008 <unknown>\n#16 0x56534e9c21d7 <unknown>\n#17 0x56534e9d4124 <unknown>\n#18 0x7fec7fcbe044 <unknown>","time":{"start":1704762830258,"stop":1704762833938,"duration":3680}},{"uid":"c91762277916a136","reportUrl":"https://Nat754.github.io/StroyremAutomation/180//#testresult/c91762277916a136","status":"skipped","statusDetails":"XFAIL Появляется капча Яндекса при запуске теста на Github\n\nselenium.common.exceptions.InvalidCookieDomainException: Message: invalid cookie domain: Cookie 'domain' mismatch\n  (Session info: chrome-headless-shell=120.0.6099.109)\nStacktrace:\n#0 0x55640e4c2f83 <unknown>\n#1 0x55640e17bcf7 <unknown>\n#2 0x55640e228538 <unknown>\n#3 0x55640e1f50b2 <unknown>\n#4 0x55640e214006 <unknown>\n#5 0x55640e1f4e53 <unknown>\n#6 0x55640e1bcdd4 <unknown>\n#7 0x55640e1be1de <unknown>\n#8 0x55640e487531 <unknown>\n#9 0x55640e48b455 <unknown>\n#10 0x55640e473f55 <unknown>\n#11 0x55640e48c0ef <unknown>\n#12 0x55640e45799f <unknown>\n#13 0x55640e4b0008 <unknown>\n#14 0x55640e4b01d7 <unknown>\n#15 0x55640e4c2124 <unknown>\n#16 0x7f9c48f90044 <unknown>","time":{"start":1704676479079,"stop":1704676482889,"duration":3810}},{"uid":"fc19a7d20753df29","reportUrl":"https://Nat754.github.io/StroyremAutomation/179//#testresult/fc19a7d20753df29","status":"skipped","statusDetails":"XFAIL Появляется капча Яндекса при запуске теста на Github\n\nselenium.common.exceptions.NoSuchElementException: Message: no such element: Unable to locate element: {\"method\":\"css selector\",\"selector\":\"button[data-t='button:clear']\"}\n  (Session info: chrome-headless-shell=120.0.6099.109); For documentation on this error, please visit: https://www.selenium.dev/documentation/webdriver/troubleshooting/errors#no-such-element-exception\nStacktrace:\n#0 0x55deeccbaf83 <unknown>\n#1 0x55deec973cf7 <unknown>\n#2 0x55deec9c399e <unknown>\n#3 0x55deec9c3aa1 <unknown>\n#4 0x55deeca0ed64 <unknown>\n#5 0x55deec9ed0dd <unknown>\n#6 0x55deeca0c006 <unknown>\n#7 0x55deec9ece53 <unknown>\n#8 0x55deec9b4dd4 <unknown>\n#9 0x55deec9b61de <unknown>\n#10 0x55deecc7f531 <unknown>\n#11 0x55deecc83455 <unknown>\n#12 0x55deecc6bf55 <unknown>\n#13 0x55deecc840ef <unknown>\n#14 0x55deecc4f99f <unknown>\n#15 0x55deecca8008 <unknown>\n#16 0x55deecca81d7 <unknown>\n#17 0x55deeccba124 <unknown>\n#18 0x7f378e435044 <unknown>","time":{"start":1704590578297,"stop":1704590583602,"duration":5305}},{"uid":"768a02f525f57a5e","reportUrl":"https://Nat754.github.io/StroyremAutomation/178//#testresult/768a02f525f57a5e","status":"skipped","statusDetails":"XFAIL Появляется капча Яндекса при запуске теста на Github\n\nselenium.common.exceptions.NoSuchElementException: Message: no such element: Unable to locate element: {\"method\":\"css selector\",\"selector\":\"button[data-t='button:clear']\"}\n  (Session info: chrome-headless-shell=120.0.6099.109); For documentation on this error, please visit: https://www.selenium.dev/documentation/webdriver/troubleshooting/errors#no-such-element-exception\nStacktrace:\n#0 0x561cb7965f83 <unknown>\n#1 0x561cb761ecf7 <unknown>\n#2 0x561cb766e99e <unknown>\n#3 0x561cb766eaa1 <unknown>\n#4 0x561cb76b9d64 <unknown>\n#5 0x561cb76980dd <unknown>\n#6 0x561cb76b7006 <unknown>\n#7 0x561cb7697e53 <unknown>\n#8 0x561cb765fdd4 <unknown>\n#9 0x561cb76611de <unknown>\n#10 0x561cb792a531 <unknown>\n#11 0x561cb792e455 <unknown>\n#12 0x561cb7916f55 <unknown>\n#13 0x561cb792f0ef <unknown>\n#14 0x561cb78fa99f <unknown>\n#15 0x561cb7953008 <unknown>\n#16 0x561cb79531d7 <unknown>\n#17 0x561cb7965124 <unknown>\n#18 0x7f64b438e044 <unknown>","time":{"start":1704503810995,"stop":1704503816923,"duration":5928}},{"uid":"8cd6d588cbac317b","reportUrl":"https://Nat754.github.io/StroyremAutomation/177//#testresult/8cd6d588cbac317b","status":"skipped","statusDetails":"XFAIL Появляется капча Яндекса при запуске теста на Github\n\nselenium.common.exceptions.NoSuchElementException: Message: no such element: Unable to locate element: {\"method\":\"css selector\",\"selector\":\"button[data-t='button:clear']\"}\n  (Session info: chrome-headless-shell=120.0.6099.109); For documentation on this error, please visit: https://www.selenium.dev/documentation/webdriver/troubleshooting/errors#no-such-element-exception\nStacktrace:\n#0 0x55a00f40bf83 <unknown>\n#1 0x55a00f0c4cf7 <unknown>\n#2 0x55a00f11499e <unknown>\n#3 0x55a00f114aa1 <unknown>\n#4 0x55a00f15fd64 <unknown>\n#5 0x55a00f13e0dd <unknown>\n#6 0x55a00f15d006 <unknown>\n#7 0x55a00f13de53 <unknown>\n#8 0x55a00f105dd4 <unknown>\n#9 0x55a00f1071de <unknown>\n#10 0x55a00f3d0531 <unknown>\n#11 0x55a00f3d4455 <unknown>\n#12 0x55a00f3bcf55 <unknown>\n#13 0x55a00f3d50ef <unknown>\n#14 0x55a00f3a099f <unknown>\n#15 0x55a00f3f9008 <unknown>\n#16 0x55a00f3f91d7 <unknown>\n#17 0x55a00f40b124 <unknown>\n#18 0x7fb086411044 <unknown>","time":{"start":1704417199239,"stop":1704417202882,"duration":3643}},{"uid":"1c5f7b40110cee5","reportUrl":"https://Nat754.github.io/StroyremAutomation/176//#testresult/1c5f7b40110cee5","status":"skipped","statusDetails":"XFAIL Появляется капча Яндекса при запуске теста на Github\n\nselenium.common.exceptions.InvalidCookieDomainException: Message: invalid cookie domain: Cookie 'domain' mismatch\n  (Session info: chrome-headless-shell=120.0.6099.109)\nStacktrace:\n#0 0x559e647bbf83 <unknown>\n#1 0x559e64474cf7 <unknown>\n#2 0x559e64521538 <unknown>\n#3 0x559e644ee0b2 <unknown>\n#4 0x559e6450d006 <unknown>\n#5 0x559e644ede53 <unknown>\n#6 0x559e644b5dd4 <unknown>\n#7 0x559e644b71de <unknown>\n#8 0x559e64780531 <unknown>\n#9 0x559e64784455 <unknown>\n#10 0x559e6476cf55 <unknown>\n#11 0x559e647850ef <unknown>\n#12 0x559e6475099f <unknown>\n#13 0x559e647a9008 <unknown>\n#14 0x559e647a91d7 <unknown>\n#15 0x559e647bb124 <unknown>\n#16 0x7fb9ea948044 <unknown>","time":{"start":1704330815363,"stop":1704330819049,"duration":3686}},{"uid":"c7815b23eaa69f0d","reportUrl":"https://Nat754.github.io/StroyremAutomation/175//#testresult/c7815b23eaa69f0d","status":"skipped","statusDetails":"XFAIL Появляется капча Яндекса при запуске теста на Github\n\nselenium.common.exceptions.InvalidCookieDomainException: Message: invalid cookie domain: Cookie 'domain' mismatch\n  (Session info: chrome-headless-shell=120.0.6099.109)\nStacktrace:\n#0 0x557ce2064f83 <unknown>\n#1 0x557ce1d1dcf7 <unknown>\n#2 0x557ce1dca538 <unknown>\n#3 0x557ce1d970b2 <unknown>\n#4 0x557ce1db6006 <unknown>\n#5 0x557ce1d96e53 <unknown>\n#6 0x557ce1d5edd4 <unknown>\n#7 0x557ce1d601de <unknown>\n#8 0x557ce2029531 <unknown>\n#9 0x557ce202d455 <unknown>\n#10 0x557ce2015f55 <unknown>\n#11 0x557ce202e0ef <unknown>\n#12 0x557ce1ff999f <unknown>\n#13 0x557ce2052008 <unknown>\n#14 0x557ce20521d7 <unknown>\n#15 0x557ce2064124 <unknown>\n#16 0x7f84b8097044 <unknown>","time":{"start":1704244495328,"stop":1704244499710,"duration":4382}},{"uid":"dd7e4ed98420b6db","reportUrl":"https://Nat754.github.io/StroyremAutomation/174//#testresult/dd7e4ed98420b6db","status":"skipped","statusDetails":"XFAIL Появляется капча Яндекса при запуске теста на Github\n\nselenium.common.exceptions.InvalidCookieDomainException: Message: invalid cookie domain: Cookie 'domain' mismatch\n  (Session info: chrome-headless-shell=120.0.6099.109)\nStacktrace:\n#0 0x560bbeb17f83 <unknown>\n#1 0x560bbe7d0cf7 <unknown>\n#2 0x560bbe87d538 <unknown>\n#3 0x560bbe84a0b2 <unknown>\n#4 0x560bbe869006 <unknown>\n#5 0x560bbe849e53 <unknown>\n#6 0x560bbe811dd4 <unknown>\n#7 0x560bbe8131de <unknown>\n#8 0x560bbeadc531 <unknown>\n#9 0x560bbeae0455 <unknown>\n#10 0x560bbeac8f55 <unknown>\n#11 0x560bbeae10ef <unknown>\n#12 0x560bbeaac99f <unknown>\n#13 0x560bbeb05008 <unknown>\n#14 0x560bbeb051d7 <unknown>\n#15 0x560bbeb17124 <unknown>\n#16 0x7f4d639b0044 <unknown>","time":{"start":1704157878537,"stop":1704157882080,"duration":3543}},{"uid":"cc47636e0d47901a","reportUrl":"https://Nat754.github.io/StroyremAutomation/173//#testresult/cc47636e0d47901a","status":"skipped","statusDetails":"XFAIL Появляется капча Яндекса при запуске теста на Github\n\nselenium.common.exceptions.NoSuchElementException: Message: no such element: Unable to locate element: {\"method\":\"css selector\",\"selector\":\"button[data-t='button:clear']\"}\n  (Session info: chrome-headless-shell=120.0.6099.109); For documentation on this error, please visit: https://www.selenium.dev/documentation/webdriver/troubleshooting/errors#no-such-element-exception\nStacktrace:\n#0 0x55b987faaf83 <unknown>\n#1 0x55b987c63cf7 <unknown>\n#2 0x55b987cb399e <unknown>\n#3 0x55b987cb3aa1 <unknown>\n#4 0x55b987cfed64 <unknown>\n#5 0x55b987cdd0dd <unknown>\n#6 0x55b987cfc006 <unknown>\n#7 0x55b987cdce53 <unknown>\n#8 0x55b987ca4dd4 <unknown>\n#9 0x55b987ca61de <unknown>\n#10 0x55b987f6f531 <unknown>\n#11 0x55b987f73455 <unknown>\n#12 0x55b987f5bf55 <unknown>\n#13 0x55b987f740ef <unknown>\n#14 0x55b987f3f99f <unknown>\n#15 0x55b987f98008 <unknown>\n#16 0x55b987f981d7 <unknown>\n#17 0x55b987faa124 <unknown>\n#18 0x7f3936d42044 <unknown>","time":{"start":1704071826889,"stop":1704071830543,"duration":3654}},{"uid":"6c96f1aaad51d4ed","reportUrl":"https://Nat754.github.io/StroyremAutomation/172//#testresult/6c96f1aaad51d4ed","status":"skipped","statusDetails":"XFAIL Появляется капча Яндекса при запуске теста на Github\n\nselenium.common.exceptions.NoSuchElementException: Message: no such element: Unable to locate element: {\"method\":\"css selector\",\"selector\":\"button[data-t='button:clear']\"}\n  (Session info: chrome-headless-shell=120.0.6099.109); For documentation on this error, please visit: https://www.selenium.dev/documentation/webdriver/troubleshooting/errors#no-such-element-exception\nStacktrace:\n#0 0x55b54bf1ff83 <unknown>\n#1 0x55b54bbd8cf7 <unknown>\n#2 0x55b54bc2899e <unknown>\n#3 0x55b54bc28aa1 <unknown>\n#4 0x55b54bc73d64 <unknown>\n#5 0x55b54bc520dd <unknown>\n#6 0x55b54bc71006 <unknown>\n#7 0x55b54bc51e53 <unknown>\n#8 0x55b54bc19dd4 <unknown>\n#9 0x55b54bc1b1de <unknown>\n#10 0x55b54bee4531 <unknown>\n#11 0x55b54bee8455 <unknown>\n#12 0x55b54bed0f55 <unknown>\n#13 0x55b54bee90ef <unknown>\n#14 0x55b54beb499f <unknown>\n#15 0x55b54bf0d008 <unknown>\n#16 0x55b54bf0d1d7 <unknown>\n#17 0x55b54bf1f124 <unknown>\n#18 0x7fcd59022044 <unknown>","time":{"start":1703985347790,"stop":1703985351466,"duration":3676}},{"uid":"e9f4660951ec61d0","reportUrl":"https://Nat754.github.io/StroyremAutomation/171//#testresult/e9f4660951ec61d0","status":"skipped","statusDetails":"XFAIL Появляется капча Яндекса при запуске теста на Github\n\nselenium.common.exceptions.InvalidCookieDomainException: Message: invalid cookie domain: Cookie 'domain' mismatch\n  (Session info: chrome-headless-shell=120.0.6099.109)\nStacktrace:\n#0 0x558192dd9f83 <unknown>\n#1 0x558192a92cf7 <unknown>\n#2 0x558192b3f538 <unknown>\n#3 0x558192b0c0b2 <unknown>\n#4 0x558192b2b006 <unknown>\n#5 0x558192b0be53 <unknown>\n#6 0x558192ad3dd4 <unknown>\n#7 0x558192ad51de <unknown>\n#8 0x558192d9e531 <unknown>\n#9 0x558192da2455 <unknown>\n#10 0x558192d8af55 <unknown>\n#11 0x558192da30ef <unknown>\n#12 0x558192d6e99f <unknown>\n#13 0x558192dc7008 <unknown>\n#14 0x558192dc71d7 <unknown>\n#15 0x558192dd9124 <unknown>\n#16 0x7fae2ac79044 <unknown>","time":{"start":1703898628598,"stop":1703898632139,"duration":3541}},{"uid":"26244af596559f4a","reportUrl":"https://Nat754.github.io/StroyremAutomation/170//#testresult/26244af596559f4a","status":"skipped","statusDetails":"XFAIL Появляется капча Яндекса при запуске теста на Github\n\nselenium.common.exceptions.NoSuchElementException: Message: no such element: Unable to locate element: {\"method\":\"css selector\",\"selector\":\"button[data-t='button:clear']\"}\n  (Session info: chrome-headless-shell=120.0.6099.109); For documentation on this error, please visit: https://www.selenium.dev/documentation/webdriver/troubleshooting/errors#no-such-element-exception\nStacktrace:\n#0 0x55b548dbef83 <unknown>\n#1 0x55b548a77cf7 <unknown>\n#2 0x55b548ac799e <unknown>\n#3 0x55b548ac7aa1 <unknown>\n#4 0x55b548b12d64 <unknown>\n#5 0x55b548af10dd <unknown>\n#6 0x55b548b10006 <unknown>\n#7 0x55b548af0e53 <unknown>\n#8 0x55b548ab8dd4 <unknown>\n#9 0x55b548aba1de <unknown>\n#10 0x55b548d83531 <unknown>\n#11 0x55b548d87455 <unknown>\n#12 0x55b548d6ff55 <unknown>\n#13 0x55b548d880ef <unknown>\n#14 0x55b548d5399f <unknown>\n#15 0x55b548dac008 <unknown>\n#16 0x55b548dac1d7 <unknown>\n#17 0x55b548dbe124 <unknown>\n#18 0x7fc296a25044 <unknown>","time":{"start":1703812105476,"stop":1703812111116,"duration":5640}},{"uid":"1e61a3a880095f7d","reportUrl":"https://Nat754.github.io/StroyremAutomation/169//#testresult/1e61a3a880095f7d","status":"skipped","statusDetails":"XFAIL Появляется капча Яндекса при запуске теста на Github\n\nselenium.common.exceptions.InvalidCookieDomainException: Message: invalid cookie domain: Cookie 'domain' mismatch\n  (Session info: chrome-headless-shell=120.0.6099.109)\nStacktrace:\n#0 0x55bd6a9c6f83 <unknown>\n#1 0x55bd6a67fcf7 <unknown>\n#2 0x55bd6a72c538 <unknown>\n#3 0x55bd6a6f90b2 <unknown>\n#4 0x55bd6a718006 <unknown>\n#5 0x55bd6a6f8e53 <unknown>\n#6 0x55bd6a6c0dd4 <unknown>\n#7 0x55bd6a6c21de <unknown>\n#8 0x55bd6a98b531 <unknown>\n#9 0x55bd6a98f455 <unknown>\n#10 0x55bd6a977f55 <unknown>\n#11 0x55bd6a9900ef <unknown>\n#12 0x55bd6a95b99f <unknown>\n#13 0x55bd6a9b4008 <unknown>\n#14 0x55bd6a9b41d7 <unknown>\n#15 0x55bd6a9c6124 <unknown>\n#16 0x7f3f11ce4044 <unknown>","time":{"start":1703725878196,"stop":1703725881854,"duration":3658}},{"uid":"60f4833e3690727c","reportUrl":"https://Nat754.github.io/StroyremAutomation/168//#testresult/60f4833e3690727c","status":"skipped","statusDetails":"XFAIL Появляется капча Яндекса при запуске теста на Github\n\nselenium.common.exceptions.NoSuchElementException: Message: no such element: Unable to locate element: {\"method\":\"css selector\",\"selector\":\"button[data-t='button:clear']\"}\n  (Session info: chrome-headless-shell=120.0.6099.109); For documentation on this error, please visit: https://www.selenium.dev/documentation/webdriver/troubleshooting/errors#no-such-element-exception\nStacktrace:\n#0 0x561f5beacf83 <unknown>\n#1 0x561f5bb65cf7 <unknown>\n#2 0x561f5bbb599e <unknown>\n#3 0x561f5bbb5aa1 <unknown>\n#4 0x561f5bc00d64 <unknown>\n#5 0x561f5bbdf0dd <unknown>\n#6 0x561f5bbfe006 <unknown>\n#7 0x561f5bbdee53 <unknown>\n#8 0x561f5bba6dd4 <unknown>\n#9 0x561f5bba81de <unknown>\n#10 0x561f5be71531 <unknown>\n#11 0x561f5be75455 <unknown>\n#12 0x561f5be5df55 <unknown>\n#13 0x561f5be760ef <unknown>\n#14 0x561f5be4199f <unknown>\n#15 0x561f5be9a008 <unknown>\n#16 0x561f5be9a1d7 <unknown>\n#17 0x561f5beac124 <unknown>\n#18 0x7faf91383044 <unknown>","time":{"start":1703639811021,"stop":1703639816516,"duration":5495}},{"uid":"13d185a03d052e6a","reportUrl":"https://Nat754.github.io/StroyremAutomation/167//#testresult/13d185a03d052e6a","status":"skipped","statusDetails":"XFAIL Появляется капча Яндекса при запуске теста на Github\n\nselenium.common.exceptions.NoSuchElementException: Message: no such element: Unable to locate element: {\"method\":\"css selector\",\"selector\":\"button[data-t='button:clear']\"}\n  (Session info: chrome-headless-shell=120.0.6099.109); For documentation on this error, please visit: https://www.selenium.dev/documentation/webdriver/troubleshooting/errors#no-such-element-exception\nStacktrace:\n#0 0x5601e1235f83 <unknown>\n#1 0x5601e0eeecf7 <unknown>\n#2 0x5601e0f3e99e <unknown>\n#3 0x5601e0f3eaa1 <unknown>\n#4 0x5601e0f89d64 <unknown>\n#5 0x5601e0f680dd <unknown>\n#6 0x5601e0f87006 <unknown>\n#7 0x5601e0f67e53 <unknown>\n#8 0x5601e0f2fdd4 <unknown>\n#9 0x5601e0f311de <unknown>\n#10 0x5601e11fa531 <unknown>\n#11 0x5601e11fe455 <unknown>\n#12 0x5601e11e6f55 <unknown>\n#13 0x5601e11ff0ef <unknown>\n#14 0x5601e11ca99f <unknown>\n#15 0x5601e1223008 <unknown>\n#16 0x5601e12231d7 <unknown>\n#17 0x5601e1235124 <unknown>\n#18 0x7fe913226044 <unknown>","time":{"start":1703553020912,"stop":1703553024469,"duration":3557}},{"uid":"4df026db7021f37a","reportUrl":"https://Nat754.github.io/StroyremAutomation/166//#testresult/4df026db7021f37a","status":"skipped","statusDetails":"XFAIL Появляется капча Яндекса при запуске теста на Github\n\nselenium.common.exceptions.TimeoutException: Message: \nStacktrace:\n#0 0x555b92456f83 <unknown>\n#1 0x555b9210fcf7 <unknown>\n#2 0x555b9215f99e <unknown>\n#3 0x555b9215faa1 <unknown>\n#4 0x555b921aad64 <unknown>\n#5 0x555b921890dd <unknown>\n#6 0x555b921a8006 <unknown>\n#7 0x555b92188e53 <unknown>\n#8 0x555b92150dd4 <unknown>\n#9 0x555b921521de <unknown>\n#10 0x555b9241b531 <unknown>\n#11 0x555b9241f455 <unknown>\n#12 0x555b92407f55 <unknown>\n#13 0x555b924200ef <unknown>\n#14 0x555b923eb99f <unknown>\n#15 0x555b92444008 <unknown>\n#16 0x555b924441d7 <unknown>\n#17 0x555b92456124 <unknown>\n#18 0x7fd951956044 <unknown>","time":{"start":1703467169925,"stop":1703467190486,"duration":20561}},{"uid":"3f24c1fa487373d8","reportUrl":"https://Nat754.github.io/StroyremAutomation/165//#testresult/3f24c1fa487373d8","status":"skipped","statusDetails":"XFAIL Появляется капча Яндекса при запуске теста на Github\n\nselenium.common.exceptions.NoSuchElementException: Message: no such element: Unable to locate element: {\"method\":\"css selector\",\"selector\":\"button[data-t='button:clear']\"}\n  (Session info: chrome-headless-shell=120.0.6099.109); For documentation on this error, please visit: https://www.selenium.dev/documentation/webdriver/troubleshooting/errors#no-such-element-exception\nStacktrace:\n#0 0x556fa2129f83 <unknown>\n#1 0x556fa1de2cf7 <unknown>\n#2 0x556fa1e3299e <unknown>\n#3 0x556fa1e32aa1 <unknown>\n#4 0x556fa1e7dd64 <unknown>\n#5 0x556fa1e5c0dd <unknown>\n#6 0x556fa1e7b006 <unknown>\n#7 0x556fa1e5be53 <unknown>\n#8 0x556fa1e23dd4 <unknown>\n#9 0x556fa1e251de <unknown>\n#10 0x556fa20ee531 <unknown>\n#11 0x556fa20f2455 <unknown>\n#12 0x556fa20daf55 <unknown>\n#13 0x556fa20f30ef <unknown>\n#14 0x556fa20be99f <unknown>\n#15 0x556fa2117008 <unknown>\n#16 0x556fa21171d7 <unknown>\n#17 0x556fa2129124 <unknown>\n#18 0x7fbbbbd8d044 <unknown>","time":{"start":1703380824629,"stop":1703380829915,"duration":5286}},{"uid":"26c3c2054860e10","reportUrl":"https://Nat754.github.io/StroyremAutomation/164//#testresult/26c3c2054860e10","status":"skipped","statusDetails":"XFAIL Появляется капча Яндекса при запуске теста на Github\n\nselenium.common.exceptions.NoSuchElementException: Message: no such element: Unable to locate element: {\"method\":\"css selector\",\"selector\":\"button[data-t='button:clear']\"}\n  (Session info: chrome-headless-shell=120.0.6099.109); For documentation on this error, please visit: https://www.selenium.dev/documentation/webdriver/troubleshooting/errors#no-such-element-exception\nStacktrace:\n#0 0x55c5b77fff83 <unknown>\n#1 0x55c5b74b8cf7 <unknown>\n#2 0x55c5b750899e <unknown>\n#3 0x55c5b7508aa1 <unknown>\n#4 0x55c5b7553d64 <unknown>\n#5 0x55c5b75320dd <unknown>\n#6 0x55c5b7551006 <unknown>\n#7 0x55c5b7531e53 <unknown>\n#8 0x55c5b74f9dd4 <unknown>\n#9 0x55c5b74fb1de <unknown>\n#10 0x55c5b77c4531 <unknown>\n#11 0x55c5b77c8455 <unknown>\n#12 0x55c5b77b0f55 <unknown>\n#13 0x55c5b77c90ef <unknown>\n#14 0x55c5b779499f <unknown>\n#15 0x55c5b77ed008 <unknown>\n#16 0x55c5b77ed1d7 <unknown>\n#17 0x55c5b77ff124 <unknown>\n#18 0x7fa96fd56044 <unknown>","time":{"start":1703293868959,"stop":1703293873141,"duration":4182}}]},"tags":["@pytest.mark.xfail(reason='Появляется капча Яндекса при запуске теста на Github')","smoke_test"]},"source":"5463995f588e14e0.json","parameterValues":[]}