{"uid":"4e80a848d2082cbb","name":"test_positive_delivery_green_zone_smoke[TD 006-products/shtukaturka-gipsovaya-aksolit-m50-30-kg-mashinnogo-naneseniya-25-1700-990-1990-2480-https://sandboxtest.stroyrem-nn.ru/]","fullName":"tests.delivery.test_delivery_calculation.TestDeliveryPageCalculation#test_positive_delivery_green_zone_smoke","historyId":"1df20f878cd9f5f7374b8a6cd977ef7b","time":{"start":1716771435870,"stop":1716771436171,"duration":301},"status":"skipped","statusMessage":"XFAIL\n\nselenium.common.exceptions.NoSuchElementException: Message: no such element: Unable to locate element: {\"method\":\"xpath\",\"selector\":\"(//a[@class='add-to-cart yellow-btn'])[1]\"}\n  (Session info: chrome-headless-shell=125.0.6422.78); For documentation on this error, please visit: https://www.selenium.dev/documentation/webdriver/troubleshooting/errors#no-such-element-exception\nStacktrace:\n#0 0x557afba9ce8a <unknown>\n#1 0x557afb78645c <unknown>\n#2 0x557afb7d25b5 <unknown>\n#3 0x557afb7d2671 <unknown>\n#4 0x557afb816f14 <unknown>\n#5 0x557afb7f54dd <unknown>\n#6 0x557afb8142cc <unknown>\n#7 0x557afb7f5253 <unknown>\n#8 0x557afb7c51c7 <unknown>\n#9 0x557afb7c5b3e <unknown>\n#10 0x557afba632cb <unknown>\n#11 0x557afba67377 <unknown>\n#12 0x557afba4fdfe <unknown>\n#13 0x557afba67e42 <unknown>\n#14 0x557afba3479f <unknown>\n#15 0x557afba8c178 <unknown>\n#16 0x557afba8c34b <unknown>\n#17 0x557afba9bfbc <unknown>\n#18 0x7feac4833134 <unknown>","statusTrace":"self = <tests.delivery.test_delivery_calculation.TestDeliveryPageCalculation object at 0x7fe853d53910>\ndriver = <selenium.webdriver.chrome.webdriver.WebDriver (session=\"ac294e589bc61917df2629befac51e42\")>\nurl = 'https://sandboxtest.stroyrem-nn.ru/', case_id = 'TD 006'\nlink_item = 'products/shtukaturka-gipsovaya-aksolit-m50-30-kg-mashinnogo-naneseniya'\namount = 25, weight = 1700, standard = 990, in_time = 1990, all_time = 2480\n\n    @pytest.mark.parametrize('case_id, link_item, amount, weight, standard, in_time, all_time', [\n        (\"TD 001\", uroven_3000, 1, 30, 0, 1590, 2190),\n        (\"TD 002\", bundeks_25, 1, 30, 400, 1590, 2190),\n        (\"TD 003\", aksolit_30, 8, 300, 400, 1590, 2190),\n        (\"TD 004\", aksolit_30, 13, 400, 450, 1590, 2190),\n        (\"TD 005\", aksolit_30, 16, 500, 600, 1590, 2190),\n        (\"TD 006\", aksolit_30, 25, 1700, 990, 1990, 2480),\n        (\"TD 007\", aksolit_30, 66, 2000, 1300, 2490, 2980),\n        (\"TD 008\", aksolit_30, 149, 4500, 2300, 3980, 4490),\n        (\"TD 009\", aksolit_30, 166, 5000, 2500, 4990, 5480),\n        pytest.param(\n            \"TD 010\", aksolit_30, 206, 6200, 2900, 5570, 6120,\n            marks=pytest.mark.xfail(reson=\"Цена доставки 3600 7960 8980\")\n        ),\n        (\"TD 011\", aksolit_30, 299, 9000, 3600, 7960, 8980),\n        (\"TD 012\", aksolit_30, 333, 10000, 4450, 11990, 12500),\n        pytest.param(\n            \"TD 013\", aksolit_30, 366, 11000, 4800, 12450, 13480,\n            marks=pytest.mark.xfail(reason=\"Цена стандартной доставки 4450\")\n        ),\n        pytest.param(\n            \"TD 014\", aksolit_30, 666, 20000, 5400, 15600, 17490,\n            marks=pytest.mark.xfail(reason=\"Цена стандартной доставки 4450\")\n        )\n    ])\n    @pytest.mark.xfail\n    @pytest.mark.smoke_test\n    def test_positive_delivery_green_zone_smoke(\n            self, driver, url, case_id, link_item, amount, weight, standard, in_time, all_time\n    ):\n    \n        driver.get(f'{url}{link_item}')\n        item_page = ItemPage(driver)\n>       item_page.add_item_to_cart(amount).click_on_cart()\n\ntests/delivery/test_delivery_calculation.py:50: \n_ _ _ _ _ _ _ _ _ _ _ _ _ _ _ _ _ _ _ _ _ _ _ _ _ _ _ _ _ _ _ _ _ _ _ _ _ _ _ _ \npages/item_page.py:40: in add_item_to_cart\n    self.find_element(self._add_item).click()\nbase/seleniumbase.py:17: in find_element\n    return self.driver.find_element(*locator)\n/usr/local/lib/python3.11/site-packages/selenium/webdriver/remote/webdriver.py:739: in find_element\n    return self.execute(Command.FIND_ELEMENT, {\"using\": by, \"value\": value})[\"value\"]\n/usr/local/lib/python3.11/site-packages/selenium/webdriver/remote/webdriver.py:345: in execute\n    self.error_handler.check_response(response)\n_ _ _ _ _ _ _ _ _ _ _ _ _ _ _ _ _ _ _ _ _ _ _ _ _ _ _ _ _ _ _ _ _ _ _ _ _ _ _ _ \n\nself = <selenium.webdriver.remote.errorhandler.ErrorHandler object at 0x7fe853653f90>\nresponse = {'status': 404, 'value': '{\"value\":{\"error\":\"no such element\",\"message\":\"no such element: Unable to locate element: {\\...\\\\n#16 0x557afba8c34b \\\\u003Cunknown>\\\\n#17 0x557afba9bfbc \\\\u003Cunknown>\\\\n#18 0x7feac4833134 \\\\u003Cunknown>\\\\n\"}}'}\n\n    def check_response(self, response: Dict[str, Any]) -> None:\n        \"\"\"Checks that a JSON response from the WebDriver does not have an\n        error.\n    \n        :Args:\n         - response - The JSON response from the WebDriver server as a dictionary\n           object.\n    \n        :Raises: If the response contains an error message.\n        \"\"\"\n        status = response.get(\"status\", None)\n        if not status or status == ErrorCode.SUCCESS:\n            return\n        value = None\n        message = response.get(\"message\", \"\")\n        screen: str = response.get(\"screen\", \"\")\n        stacktrace = None\n        if isinstance(status, int):\n            value_json = response.get(\"value\", None)\n            if value_json and isinstance(value_json, str):\n                import json\n    \n                try:\n                    value = json.loads(value_json)\n                    if len(value) == 1:\n                        value = value[\"value\"]\n                    status = value.get(\"error\", None)\n                    if not status:\n                        status = value.get(\"status\", ErrorCode.UNKNOWN_ERROR)\n                        message = value.get(\"value\") or value.get(\"message\")\n                        if not isinstance(message, str):\n                            value = message\n                            message = message.get(\"message\")\n                    else:\n                        message = value.get(\"message\", None)\n                except ValueError:\n                    pass\n    \n        exception_class: Type[WebDriverException]\n        e = ErrorCode()\n        error_codes = [item for item in dir(e) if not item.startswith(\"__\")]\n        for error_code in error_codes:\n            error_info = getattr(ErrorCode, error_code)\n            if isinstance(error_info, list) and status in error_info:\n                exception_class = getattr(ExceptionMapping, error_code, WebDriverException)\n                break\n        else:\n            exception_class = WebDriverException\n    \n        if not value:\n            value = response[\"value\"]\n        if isinstance(value, str):\n            raise exception_class(value)\n        if message == \"\" and \"message\" in value:\n            message = value[\"message\"]\n    \n        screen = None  # type: ignore[assignment]\n        if \"screen\" in value:\n            screen = value[\"screen\"]\n    \n        stacktrace = None\n        st_value = value.get(\"stackTrace\") or value.get(\"stacktrace\")\n        if st_value:\n            if isinstance(st_value, str):\n                stacktrace = st_value.split(\"\\n\")\n            else:\n                stacktrace = []\n                try:\n                    for frame in st_value:\n                        line = frame.get(\"lineNumber\", \"\")\n                        file = frame.get(\"fileName\", \"<anonymous>\")\n                        if line:\n                            file = f\"{file}:{line}\"\n                        meth = frame.get(\"methodName\", \"<anonymous>\")\n                        if \"className\" in frame:\n                            meth = f\"{frame['className']}.{meth}\"\n                        msg = \"    at %s (%s)\"\n                        msg = msg % (meth, file)\n                        stacktrace.append(msg)\n                except TypeError:\n                    pass\n        if exception_class == UnexpectedAlertPresentException:\n            alert_text = None\n            if \"data\" in value:\n                alert_text = value[\"data\"].get(\"text\")\n            elif \"alert\" in value:\n                alert_text = value[\"alert\"].get(\"text\")\n            raise exception_class(message, screen, stacktrace, alert_text)  # type: ignore[call-arg]  # mypy is not smart enough here\n>       raise exception_class(message, screen, stacktrace)\nE       selenium.common.exceptions.NoSuchElementException: Message: no such element: Unable to locate element: {\"method\":\"xpath\",\"selector\":\"(//a[@class='add-to-cart yellow-btn'])[1]\"}\nE         (Session info: chrome-headless-shell=125.0.6422.78); For documentation on this error, please visit: https://www.selenium.dev/documentation/webdriver/troubleshooting/errors#no-such-element-exception\nE       Stacktrace:\nE       #0 0x557afba9ce8a <unknown>\nE       #1 0x557afb78645c <unknown>\nE       #2 0x557afb7d25b5 <unknown>\nE       #3 0x557afb7d2671 <unknown>\nE       #4 0x557afb816f14 <unknown>\nE       #5 0x557afb7f54dd <unknown>\nE       #6 0x557afb8142cc <unknown>\nE       #7 0x557afb7f5253 <unknown>\nE       #8 0x557afb7c51c7 <unknown>\nE       #9 0x557afb7c5b3e <unknown>\nE       #10 0x557afba632cb <unknown>\nE       #11 0x557afba67377 <unknown>\nE       #12 0x557afba4fdfe <unknown>\nE       #13 0x557afba67e42 <unknown>\nE       #14 0x557afba3479f <unknown>\nE       #15 0x557afba8c178 <unknown>\nE       #16 0x557afba8c34b <unknown>\nE       #17 0x557afba9bfbc <unknown>\nE       #18 0x7feac4833134 <unknown>\n\n/usr/local/lib/python3.11/site-packages/selenium/webdriver/remote/errorhandler.py:229: NoSuchElementException","flaky":false,"newFailed":false,"newBroken":false,"newPassed":false,"retriesCount":0,"retriesStatusChange":false,"beforeStages":[{"name":"_session_faker","time":{"start":1716771214488,"stop":1716771214560,"duration":72},"status":"passed","steps":[],"attachments":[],"parameters":[],"shouldDisplayMessage":false,"stepsCount":0,"attachmentsCount":0,"hasContent":false,"attachmentStep":false},{"name":"clear_allure_results_folder","time":{"start":1716771214560,"stop":1716771214560,"duration":0},"status":"passed","steps":[],"attachments":[],"parameters":[],"shouldDisplayMessage":false,"stepsCount":0,"attachmentsCount":0,"hasContent":false,"attachmentStep":false},{"name":"driver","time":{"start":1716771435171,"stop":1716771435868,"duration":697},"status":"passed","steps":[],"attachments":[],"parameters":[],"shouldDisplayMessage":false,"stepsCount":0,"attachmentsCount":0,"hasContent":false,"attachmentStep":false},{"name":"setup","time":{"start":1716771435869,"stop":1716771435869,"duration":0},"status":"passed","steps":[],"attachments":[],"parameters":[],"shouldDisplayMessage":false,"stepsCount":0,"attachmentsCount":0,"hasContent":false,"attachmentStep":false}],"testStage":{"status":"skipped","statusMessage":"XFAIL\n\nselenium.common.exceptions.NoSuchElementException: Message: no such element: Unable to locate element: {\"method\":\"xpath\",\"selector\":\"(//a[@class='add-to-cart yellow-btn'])[1]\"}\n  (Session info: chrome-headless-shell=125.0.6422.78); For documentation on this error, please visit: https://www.selenium.dev/documentation/webdriver/troubleshooting/errors#no-such-element-exception\nStacktrace:\n#0 0x557afba9ce8a <unknown>\n#1 0x557afb78645c <unknown>\n#2 0x557afb7d25b5 <unknown>\n#3 0x557afb7d2671 <unknown>\n#4 0x557afb816f14 <unknown>\n#5 0x557afb7f54dd <unknown>\n#6 0x557afb8142cc <unknown>\n#7 0x557afb7f5253 <unknown>\n#8 0x557afb7c51c7 <unknown>\n#9 0x557afb7c5b3e <unknown>\n#10 0x557afba632cb <unknown>\n#11 0x557afba67377 <unknown>\n#12 0x557afba4fdfe <unknown>\n#13 0x557afba67e42 <unknown>\n#14 0x557afba3479f <unknown>\n#15 0x557afba8c178 <unknown>\n#16 0x557afba8c34b <unknown>\n#17 0x557afba9bfbc <unknown>\n#18 0x7feac4833134 <unknown>","statusTrace":"self = <tests.delivery.test_delivery_calculation.TestDeliveryPageCalculation object at 0x7fe853d53910>\ndriver = <selenium.webdriver.chrome.webdriver.WebDriver (session=\"ac294e589bc61917df2629befac51e42\")>\nurl = 'https://sandboxtest.stroyrem-nn.ru/', case_id = 'TD 006'\nlink_item = 'products/shtukaturka-gipsovaya-aksolit-m50-30-kg-mashinnogo-naneseniya'\namount = 25, weight = 1700, standard = 990, in_time = 1990, all_time = 2480\n\n    @pytest.mark.parametrize('case_id, link_item, amount, weight, standard, in_time, all_time', [\n        (\"TD 001\", uroven_3000, 1, 30, 0, 1590, 2190),\n        (\"TD 002\", bundeks_25, 1, 30, 400, 1590, 2190),\n        (\"TD 003\", aksolit_30, 8, 300, 400, 1590, 2190),\n        (\"TD 004\", aksolit_30, 13, 400, 450, 1590, 2190),\n        (\"TD 005\", aksolit_30, 16, 500, 600, 1590, 2190),\n        (\"TD 006\", aksolit_30, 25, 1700, 990, 1990, 2480),\n        (\"TD 007\", aksolit_30, 66, 2000, 1300, 2490, 2980),\n        (\"TD 008\", aksolit_30, 149, 4500, 2300, 3980, 4490),\n        (\"TD 009\", aksolit_30, 166, 5000, 2500, 4990, 5480),\n        pytest.param(\n            \"TD 010\", aksolit_30, 206, 6200, 2900, 5570, 6120,\n            marks=pytest.mark.xfail(reson=\"Цена доставки 3600 7960 8980\")\n        ),\n        (\"TD 011\", aksolit_30, 299, 9000, 3600, 7960, 8980),\n        (\"TD 012\", aksolit_30, 333, 10000, 4450, 11990, 12500),\n        pytest.param(\n            \"TD 013\", aksolit_30, 366, 11000, 4800, 12450, 13480,\n            marks=pytest.mark.xfail(reason=\"Цена стандартной доставки 4450\")\n        ),\n        pytest.param(\n            \"TD 014\", aksolit_30, 666, 20000, 5400, 15600, 17490,\n            marks=pytest.mark.xfail(reason=\"Цена стандартной доставки 4450\")\n        )\n    ])\n    @pytest.mark.xfail\n    @pytest.mark.smoke_test\n    def test_positive_delivery_green_zone_smoke(\n            self, driver, url, case_id, link_item, amount, weight, standard, in_time, all_time\n    ):\n    \n        driver.get(f'{url}{link_item}')\n        item_page = ItemPage(driver)\n>       item_page.add_item_to_cart(amount).click_on_cart()\n\ntests/delivery/test_delivery_calculation.py:50: \n_ _ _ _ _ _ _ _ _ _ _ _ _ _ _ _ _ _ _ _ _ _ _ _ _ _ _ _ _ _ _ _ _ _ _ _ _ _ _ _ \npages/item_page.py:40: in add_item_to_cart\n    self.find_element(self._add_item).click()\nbase/seleniumbase.py:17: in find_element\n    return self.driver.find_element(*locator)\n/usr/local/lib/python3.11/site-packages/selenium/webdriver/remote/webdriver.py:739: in find_element\n    return self.execute(Command.FIND_ELEMENT, {\"using\": by, \"value\": value})[\"value\"]\n/usr/local/lib/python3.11/site-packages/selenium/webdriver/remote/webdriver.py:345: in execute\n    self.error_handler.check_response(response)\n_ _ _ _ _ _ _ _ _ _ _ _ _ _ _ _ _ _ _ _ _ _ _ _ _ _ _ _ _ _ _ _ _ _ _ _ _ _ _ _ \n\nself = <selenium.webdriver.remote.errorhandler.ErrorHandler object at 0x7fe853653f90>\nresponse = {'status': 404, 'value': '{\"value\":{\"error\":\"no such element\",\"message\":\"no such element: Unable to locate element: {\\...\\\\n#16 0x557afba8c34b \\\\u003Cunknown>\\\\n#17 0x557afba9bfbc \\\\u003Cunknown>\\\\n#18 0x7feac4833134 \\\\u003Cunknown>\\\\n\"}}'}\n\n    def check_response(self, response: Dict[str, Any]) -> None:\n        \"\"\"Checks that a JSON response from the WebDriver does not have an\n        error.\n    \n        :Args:\n         - response - The JSON response from the WebDriver server as a dictionary\n           object.\n    \n        :Raises: If the response contains an error message.\n        \"\"\"\n        status = response.get(\"status\", None)\n        if not status or status == ErrorCode.SUCCESS:\n            return\n        value = None\n        message = response.get(\"message\", \"\")\n        screen: str = response.get(\"screen\", \"\")\n        stacktrace = None\n        if isinstance(status, int):\n            value_json = response.get(\"value\", None)\n            if value_json and isinstance(value_json, str):\n                import json\n    \n                try:\n                    value = json.loads(value_json)\n                    if len(value) == 1:\n                        value = value[\"value\"]\n                    status = value.get(\"error\", None)\n                    if not status:\n                        status = value.get(\"status\", ErrorCode.UNKNOWN_ERROR)\n                        message = value.get(\"value\") or value.get(\"message\")\n                        if not isinstance(message, str):\n                            value = message\n                            message = message.get(\"message\")\n                    else:\n                        message = value.get(\"message\", None)\n                except ValueError:\n                    pass\n    \n        exception_class: Type[WebDriverException]\n        e = ErrorCode()\n        error_codes = [item for item in dir(e) if not item.startswith(\"__\")]\n        for error_code in error_codes:\n            error_info = getattr(ErrorCode, error_code)\n            if isinstance(error_info, list) and status in error_info:\n                exception_class = getattr(ExceptionMapping, error_code, WebDriverException)\n                break\n        else:\n            exception_class = WebDriverException\n    \n        if not value:\n            value = response[\"value\"]\n        if isinstance(value, str):\n            raise exception_class(value)\n        if message == \"\" and \"message\" in value:\n            message = value[\"message\"]\n    \n        screen = None  # type: ignore[assignment]\n        if \"screen\" in value:\n            screen = value[\"screen\"]\n    \n        stacktrace = None\n        st_value = value.get(\"stackTrace\") or value.get(\"stacktrace\")\n        if st_value:\n            if isinstance(st_value, str):\n                stacktrace = st_value.split(\"\\n\")\n            else:\n                stacktrace = []\n                try:\n                    for frame in st_value:\n                        line = frame.get(\"lineNumber\", \"\")\n                        file = frame.get(\"fileName\", \"<anonymous>\")\n                        if line:\n                            file = f\"{file}:{line}\"\n                        meth = frame.get(\"methodName\", \"<anonymous>\")\n                        if \"className\" in frame:\n                            meth = f\"{frame['className']}.{meth}\"\n                        msg = \"    at %s (%s)\"\n                        msg = msg % (meth, file)\n                        stacktrace.append(msg)\n                except TypeError:\n                    pass\n        if exception_class == UnexpectedAlertPresentException:\n            alert_text = None\n            if \"data\" in value:\n                alert_text = value[\"data\"].get(\"text\")\n            elif \"alert\" in value:\n                alert_text = value[\"alert\"].get(\"text\")\n            raise exception_class(message, screen, stacktrace, alert_text)  # type: ignore[call-arg]  # mypy is not smart enough here\n>       raise exception_class(message, screen, stacktrace)\nE       selenium.common.exceptions.NoSuchElementException: Message: no such element: Unable to locate element: {\"method\":\"xpath\",\"selector\":\"(//a[@class='add-to-cart yellow-btn'])[1]\"}\nE         (Session info: chrome-headless-shell=125.0.6422.78); For documentation on this error, please visit: https://www.selenium.dev/documentation/webdriver/troubleshooting/errors#no-such-element-exception\nE       Stacktrace:\nE       #0 0x557afba9ce8a <unknown>\nE       #1 0x557afb78645c <unknown>\nE       #2 0x557afb7d25b5 <unknown>\nE       #3 0x557afb7d2671 <unknown>\nE       #4 0x557afb816f14 <unknown>\nE       #5 0x557afb7f54dd <unknown>\nE       #6 0x557afb8142cc <unknown>\nE       #7 0x557afb7f5253 <unknown>\nE       #8 0x557afb7c51c7 <unknown>\nE       #9 0x557afb7c5b3e <unknown>\nE       #10 0x557afba632cb <unknown>\nE       #11 0x557afba67377 <unknown>\nE       #12 0x557afba4fdfe <unknown>\nE       #13 0x557afba67e42 <unknown>\nE       #14 0x557afba3479f <unknown>\nE       #15 0x557afba8c178 <unknown>\nE       #16 0x557afba8c34b <unknown>\nE       #17 0x557afba9bfbc <unknown>\nE       #18 0x7feac4833134 <unknown>\n\n/usr/local/lib/python3.11/site-packages/selenium/webdriver/remote/errorhandler.py:229: NoSuchElementException","steps":[{"name":"Добавляем товар в корзину в количестве 25","time":{"start":1716771436155,"stop":1716771436171,"duration":16},"status":"broken","statusMessage":"selenium.common.exceptions.NoSuchElementException: Message: no such element: Unable to locate element: {\"method\":\"xpath\",\"selector\":\"(//a[@class='add-to-cart yellow-btn'])[1]\"}\n  (Session info: chrome-headless-shell=125.0.6422.78); For documentation on this error, please visit: https://www.selenium.dev/documentation/webdriver/troubleshooting/errors#no-such-element-exception\nStacktrace:\n#0 0x557afba9ce8a <unknown>\n#1 0x557afb78645c <unknown>\n#2 0x557afb7d25b5 <unknown>\n#3 0x557afb7d2671 <unknown>\n#4 0x557afb816f14 <unknown>\n#5 0x557afb7f54dd <unknown>\n#6 0x557afb8142cc <unknown>\n#7 0x557afb7f5253 <unknown>\n#8 0x557afb7c51c7 <unknown>\n#9 0x557afb7c5b3e <unknown>\n#10 0x557afba632cb <unknown>\n#11 0x557afba67377 <unknown>\n#12 0x557afba4fdfe <unknown>\n#13 0x557afba67e42 <unknown>\n#14 0x557afba3479f <unknown>\n#15 0x557afba8c178 <unknown>\n#16 0x557afba8c34b <unknown>\n#17 0x557afba9bfbc <unknown>\n#18 0x7feac4833134 <unknown>\n\n","statusTrace":"  File \"/usr/local/lib/python3.11/site-packages/allure_commons/_allure.py\", line 192, in impl\n    return func(*a, **kw)\n           ^^^^^^^^^^^^^^\n  File \"/app/pages/item_page.py\", line 40, in add_item_to_cart\n    self.find_element(self._add_item).click()\n    ^^^^^^^^^^^^^^^^^^^^^^^^^^^^^^^^^\n  File \"/app/base/seleniumbase.py\", line 17, in find_element\n    return self.driver.find_element(*locator)\n           ^^^^^^^^^^^^^^^^^^^^^^^^^^^^^^^^^^\n  File \"/usr/local/lib/python3.11/site-packages/selenium/webdriver/remote/webdriver.py\", line 739, in find_element\n    return self.execute(Command.FIND_ELEMENT, {\"using\": by, \"value\": value})[\"value\"]\n           ^^^^^^^^^^^^^^^^^^^^^^^^^^^^^^^^^^^^^^^^^^^^^^^^^^^^^^^^^^^^^^^^^\n  File \"/usr/local/lib/python3.11/site-packages/selenium/webdriver/remote/webdriver.py\", line 345, in execute\n    self.error_handler.check_response(response)\n  File \"/usr/local/lib/python3.11/site-packages/selenium/webdriver/remote/errorhandler.py\", line 229, in check_response\n    raise exception_class(message, screen, stacktrace)\n","steps":[],"attachments":[],"parameters":[{"name":"amount","value":"25"}],"shouldDisplayMessage":true,"stepsCount":0,"attachmentsCount":0,"hasContent":true,"attachmentStep":false}],"attachments":[{"uid":"58ec48f27df64449","name":"Screenshot","source":"58ec48f27df64449.png","type":"image/png","size":4720},{"uid":"2fcf8196b02ba0db","name":"HTML source","source":"2fcf8196b02ba0db.html","type":"text/html","size":39}],"parameters":[],"shouldDisplayMessage":true,"stepsCount":1,"attachmentsCount":2,"hasContent":true,"attachmentStep":false},"afterStages":[{"name":"setup::0","time":{"start":1716771436259,"stop":1716771436259,"duration":0},"status":"passed","steps":[],"attachments":[],"parameters":[],"shouldDisplayMessage":false,"stepsCount":0,"attachmentsCount":0,"hasContent":false,"attachmentStep":false},{"name":"driver::0","time":{"start":1716771436260,"stop":1716771436319,"duration":59},"status":"passed","steps":[],"attachments":[],"parameters":[],"shouldDisplayMessage":false,"stepsCount":0,"attachmentsCount":0,"hasContent":false,"attachmentStep":false}],"labels":[{"name":"epic","value":"Delivery Page - calculation"},{"name":"tag","value":"smoke_test"},{"name":"tag","value":"@pytest.mark.xfail"},{"name":"parentSuite","value":"tests.delivery"},{"name":"suite","value":"test_delivery_calculation"},{"name":"subSuite","value":"TestDeliveryPageCalculation"},{"name":"host","value":"106d80a92325"},{"name":"thread","value":"1-MainThread"},{"name":"framework","value":"pytest"},{"name":"language","value":"cpython3"},{"name":"package","value":"tests.delivery.test_delivery_calculation"},{"name":"resultFormat","value":"allure2"}],"parameters":[{"name":"all_time","value":"2480"},{"name":"amount","value":"25"},{"name":"case_id","value":"'TD 006'"},{"name":"in_time","value":"1990"},{"name":"link_item","value":"'products/shtukaturka-gipsovaya-aksolit-m50-30-kg-mashinnogo-naneseniya'"},{"name":"standard","value":"990"},{"name":"url","value":"'https://sandboxtest.stroyrem-nn.ru/'"},{"name":"weight","value":"1700"}],"links":[],"hidden":false,"retry":false,"extra":{"severity":"normal","retries":[],"categories":[],"history":{"statistic":{"failed":0,"broken":13,"skipped":259,"passed":0,"unknown":0,"total":272},"items":[{"uid":"e560ab2ac2c409d5","reportUrl":"https://Nat754.github.io/StroyremAutomation/319//#testresult/e560ab2ac2c409d5","status":"skipped","statusDetails":"XFAIL\n\nselenium.common.exceptions.NoSuchElementException: Message: no such element: Unable to locate element: {\"method\":\"xpath\",\"selector\":\"(//a[@class='add-to-cart yellow-btn'])[1]\"}\n  (Session info: chrome-headless-shell=125.0.6422.78); For documentation on this error, please visit: https://www.selenium.dev/documentation/webdriver/troubleshooting/errors#no-such-element-exception\nStacktrace:\n#0 0x55e46906fe8a <unknown>\n#1 0x55e468d5945c <unknown>\n#2 0x55e468da55b5 <unknown>\n#3 0x55e468da5671 <unknown>\n#4 0x55e468de9f14 <unknown>\n#5 0x55e468dc84dd <unknown>\n#6 0x55e468de72cc <unknown>\n#7 0x55e468dc8253 <unknown>\n#8 0x55e468d981c7 <unknown>\n#9 0x55e468d98b3e <unknown>\n#10 0x55e4690362cb <unknown>\n#11 0x55e46903a377 <unknown>\n#12 0x55e469022dfe <unknown>\n#13 0x55e46903ae42 <unknown>\n#14 0x55e46900779f <unknown>\n#15 0x55e46905f178 <unknown>\n#16 0x55e46905f34b <unknown>\n#17 0x55e46906efbc <unknown>\n#18 0x7fe65d464134 <unknown>","time":{"start":1716685201720,"stop":1716685202166,"duration":446}},{"uid":"4b90f4a50dea95bf","reportUrl":"https://Nat754.github.io/StroyremAutomation/318//#testresult/4b90f4a50dea95bf","status":"skipped","statusDetails":"XFAIL\n\nselenium.common.exceptions.NoSuchElementException: Message: no such element: Unable to locate element: {\"method\":\"xpath\",\"selector\":\"(//a[@class='add-to-cart yellow-btn'])[1]\"}\n  (Session info: chrome-headless-shell=125.0.6422.78); For documentation on this error, please visit: https://www.selenium.dev/documentation/webdriver/troubleshooting/errors#no-such-element-exception\nStacktrace:\n#0 0x55cd4f249e8a <unknown>\n#1 0x55cd4ef3345c <unknown>\n#2 0x55cd4ef7f5b5 <unknown>\n#3 0x55cd4ef7f671 <unknown>\n#4 0x55cd4efc3f14 <unknown>\n#5 0x55cd4efa24dd <unknown>\n#6 0x55cd4efc12cc <unknown>\n#7 0x55cd4efa2253 <unknown>\n#8 0x55cd4ef721c7 <unknown>\n#9 0x55cd4ef72b3e <unknown>\n#10 0x55cd4f2102cb <unknown>\n#11 0x55cd4f214377 <unknown>\n#12 0x55cd4f1fcdfe <unknown>\n#13 0x55cd4f214e42 <unknown>\n#14 0x55cd4f1e179f <unknown>\n#15 0x55cd4f239178 <unknown>\n#16 0x55cd4f23934b <unknown>\n#17 0x55cd4f248fbc <unknown>\n#18 0x7fbc8acbf134 <unknown>","time":{"start":1716598533711,"stop":1716598534135,"duration":424}},{"uid":"94f428b6fa885f17","reportUrl":"https://Nat754.github.io/StroyremAutomation/317//#testresult/94f428b6fa885f17","status":"skipped","statusDetails":"XFAIL\n\nselenium.common.exceptions.NoSuchElementException: Message: no such element: Unable to locate element: {\"method\":\"xpath\",\"selector\":\"(//a[@class='add-to-cart yellow-btn'])[1]\"}\n  (Session info: chrome-headless-shell=125.0.6422.78); For documentation on this error, please visit: https://www.selenium.dev/documentation/webdriver/troubleshooting/errors#no-such-element-exception\nStacktrace:\n#0 0x56500e4b7e8a <unknown>\n#1 0x56500e1a145c <unknown>\n#2 0x56500e1ed5b5 <unknown>\n#3 0x56500e1ed671 <unknown>\n#4 0x56500e231f14 <unknown>\n#5 0x56500e2104dd <unknown>\n#6 0x56500e22f2cc <unknown>\n#7 0x56500e210253 <unknown>\n#8 0x56500e1e01c7 <unknown>\n#9 0x56500e1e0b3e <unknown>\n#10 0x56500e47e2cb <unknown>\n#11 0x56500e482377 <unknown>\n#12 0x56500e46adfe <unknown>\n#13 0x56500e482e42 <unknown>\n#14 0x56500e44f79f <unknown>\n#15 0x56500e4a7178 <unknown>\n#16 0x56500e4a734b <unknown>\n#17 0x56500e4b6fbc <unknown>\n#18 0x7f8b6082c134 <unknown>","time":{"start":1716512244920,"stop":1716512245329,"duration":409}},{"uid":"301c7ac4df74e579","reportUrl":"https://Nat754.github.io/StroyremAutomation/316//#testresult/301c7ac4df74e579","status":"skipped","statusDetails":"XFAIL\n\nselenium.common.exceptions.NoSuchElementException: Message: no such element: Unable to locate element: {\"method\":\"xpath\",\"selector\":\"(//a[@class='add-to-cart yellow-btn'])[1]\"}\n  (Session info: chrome-headless-shell=125.0.6422.76); For documentation on this error, please visit: https://www.selenium.dev/documentation/webdriver/troubleshooting/errors#no-such-element-exception\nStacktrace:\n#0 0x55da206b9e9a <unknown>\n#1 0x55da203a345c <unknown>\n#2 0x55da203ef5b5 <unknown>\n#3 0x55da203ef671 <unknown>\n#4 0x55da20433f14 <unknown>\n#5 0x55da204124dd <unknown>\n#6 0x55da204312cc <unknown>\n#7 0x55da20412253 <unknown>\n#8 0x55da203e21c7 <unknown>\n#9 0x55da203e2b3e <unknown>\n#10 0x55da206802db <unknown>\n#11 0x55da20684387 <unknown>\n#12 0x55da2066ce0e <unknown>\n#13 0x55da20684e52 <unknown>\n#14 0x55da206517af <unknown>\n#15 0x55da206a9188 <unknown>\n#16 0x55da206a935b <unknown>\n#17 0x55da206b8fcc <unknown>\n#18 0x7f1a444fb134 <unknown>","time":{"start":1716425777866,"stop":1716425778510,"duration":644}},{"uid":"4f6ae715cd575e96","reportUrl":"https://Nat754.github.io/StroyremAutomation/315//#testresult/4f6ae715cd575e96","status":"skipped","statusDetails":"XFAIL\n\nselenium.common.exceptions.NoSuchElementException: Message: no such element: Unable to locate element: {\"method\":\"xpath\",\"selector\":\"(//a[@class='add-to-cart yellow-btn'])[1]\"}\n  (Session info: chrome-headless-shell=125.0.6422.76); For documentation on this error, please visit: https://www.selenium.dev/documentation/webdriver/troubleshooting/errors#no-such-element-exception\nStacktrace:\n#0 0x55c4a3e59e9a <unknown>\n#1 0x55c4a3b4345c <unknown>\n#2 0x55c4a3b8f5b5 <unknown>\n#3 0x55c4a3b8f671 <unknown>\n#4 0x55c4a3bd3f14 <unknown>\n#5 0x55c4a3bb24dd <unknown>\n#6 0x55c4a3bd12cc <unknown>\n#7 0x55c4a3bb2253 <unknown>\n#8 0x55c4a3b821c7 <unknown>\n#9 0x55c4a3b82b3e <unknown>\n#10 0x55c4a3e202db <unknown>\n#11 0x55c4a3e24387 <unknown>\n#12 0x55c4a3e0ce0e <unknown>\n#13 0x55c4a3e24e52 <unknown>\n#14 0x55c4a3df17af <unknown>\n#15 0x55c4a3e49188 <unknown>\n#16 0x55c4a3e4935b <unknown>\n#17 0x55c4a3e58fcc <unknown>\n#18 0x7fe202544134 <unknown>","time":{"start":1716339382731,"stop":1716339383033,"duration":302}},{"uid":"df20e5de536db54e","reportUrl":"https://Nat754.github.io/StroyremAutomation/314//#testresult/df20e5de536db54e","status":"skipped","statusDetails":"XFAIL\n\nselenium.common.exceptions.NoSuchElementException: Message: no such element: Unable to locate element: {\"method\":\"xpath\",\"selector\":\"(//a[@class='add-to-cart yellow-btn'])[1]\"}\n  (Session info: chrome-headless-shell=125.0.6422.60); For documentation on this error, please visit: https://www.selenium.dev/documentation/webdriver/troubleshooting/errors#no-such-element-exception\nStacktrace:\n#0 0x55e8f0af3eca <unknown>\n#1 0x55e8f07dd45c <unknown>\n#2 0x55e8f08295b5 <unknown>\n#3 0x55e8f0829671 <unknown>\n#4 0x55e8f086df14 <unknown>\n#5 0x55e8f084c4dd <unknown>\n#6 0x55e8f086b2cc <unknown>\n#7 0x55e8f084c253 <unknown>\n#8 0x55e8f081c1c7 <unknown>\n#9 0x55e8f081cb3e <unknown>\n#10 0x55e8f0aba30b <unknown>\n#11 0x55e8f0abe3b7 <unknown>\n#12 0x55e8f0aa6e3e <unknown>\n#13 0x55e8f0abee82 <unknown>\n#14 0x55e8f0a8b7df <unknown>\n#15 0x55e8f0ae31b8 <unknown>\n#16 0x55e8f0ae338b <unknown>\n#17 0x55e8f0af2ffc <unknown>\n#18 0x7f7b9b278134 <unknown>","time":{"start":1716253036885,"stop":1716253037484,"duration":599}},{"uid":"867346dbed221a4f","reportUrl":"https://Nat754.github.io/StroyremAutomation/313//#testresult/867346dbed221a4f","status":"skipped","statusDetails":"XFAIL\n\nselenium.common.exceptions.NoSuchElementException: Message: no such element: Unable to locate element: {\"method\":\"xpath\",\"selector\":\"(//a[@class='add-to-cart yellow-btn'])[1]\"}\n  (Session info: chrome-headless-shell=125.0.6422.60); For documentation on this error, please visit: https://www.selenium.dev/documentation/webdriver/troubleshooting/errors#no-such-element-exception\nStacktrace:\n#0 0x55a41e36feca <unknown>\n#1 0x55a41e05945c <unknown>\n#2 0x55a41e0a55b5 <unknown>\n#3 0x55a41e0a5671 <unknown>\n#4 0x55a41e0e9f14 <unknown>\n#5 0x55a41e0c84dd <unknown>\n#6 0x55a41e0e72cc <unknown>\n#7 0x55a41e0c8253 <unknown>\n#8 0x55a41e0981c7 <unknown>\n#9 0x55a41e098b3e <unknown>\n#10 0x55a41e33630b <unknown>\n#11 0x55a41e33a3b7 <unknown>\n#12 0x55a41e322e3e <unknown>\n#13 0x55a41e33ae82 <unknown>\n#14 0x55a41e3077df <unknown>\n#15 0x55a41e35f1b8 <unknown>\n#16 0x55a41e35f38b <unknown>\n#17 0x55a41e36effc <unknown>\n#18 0x7f9b00759134 <unknown>","time":{"start":1716166624534,"stop":1716166624998,"duration":464}},{"uid":"3cfc82df0fe028bc","reportUrl":"https://Nat754.github.io/StroyremAutomation/312//#testresult/3cfc82df0fe028bc","status":"skipped","statusDetails":"XFAIL\n\nselenium.common.exceptions.NoSuchElementException: Message: no such element: Unable to locate element: {\"method\":\"xpath\",\"selector\":\"(//a[@class='add-to-cart yellow-btn'])[1]\"}\n  (Session info: chrome-headless-shell=125.0.6422.60); For documentation on this error, please visit: https://www.selenium.dev/documentation/webdriver/troubleshooting/errors#no-such-element-exception\nStacktrace:\n#0 0x555609048eca <unknown>\n#1 0x555608d3245c <unknown>\n#2 0x555608d7e5b5 <unknown>\n#3 0x555608d7e671 <unknown>\n#4 0x555608dc2f14 <unknown>\n#5 0x555608da14dd <unknown>\n#6 0x555608dc02cc <unknown>\n#7 0x555608da1253 <unknown>\n#8 0x555608d711c7 <unknown>\n#9 0x555608d71b3e <unknown>\n#10 0x55560900f30b <unknown>\n#11 0x5556090133b7 <unknown>\n#12 0x555608ffbe3e <unknown>\n#13 0x555609013e82 <unknown>\n#14 0x555608fe07df <unknown>\n#15 0x5556090381b8 <unknown>\n#16 0x55560903838b <unknown>\n#17 0x555609047ffc <unknown>\n#18 0x7f2a5d163134 <unknown>","time":{"start":1716080413599,"stop":1716080414019,"duration":420}},{"uid":"c54599cdc7c64332","reportUrl":"https://Nat754.github.io/StroyremAutomation/311//#testresult/c54599cdc7c64332","status":"skipped","statusDetails":"XFAIL\n\nselenium.common.exceptions.NoSuchElementException: Message: no such element: Unable to locate element: {\"method\":\"xpath\",\"selector\":\"(//a[@class='add-to-cart yellow-btn'])[1]\"}\n  (Session info: chrome-headless-shell=125.0.6422.60); For documentation on this error, please visit: https://www.selenium.dev/documentation/webdriver/troubleshooting/errors#no-such-element-exception\nStacktrace:\n#0 0x5636033b5eca <unknown>\n#1 0x56360309f45c <unknown>\n#2 0x5636030eb5b5 <unknown>\n#3 0x5636030eb671 <unknown>\n#4 0x56360312ff14 <unknown>\n#5 0x56360310e4dd <unknown>\n#6 0x56360312d2cc <unknown>\n#7 0x56360310e253 <unknown>\n#8 0x5636030de1c7 <unknown>\n#9 0x5636030deb3e <unknown>\n#10 0x56360337c30b <unknown>\n#11 0x5636033803b7 <unknown>\n#12 0x563603368e3e <unknown>\n#13 0x563603380e82 <unknown>\n#14 0x56360334d7df <unknown>\n#15 0x5636033a51b8 <unknown>\n#16 0x5636033a538b <unknown>\n#17 0x5636033b4ffc <unknown>\n#18 0x7f07cb14d134 <unknown>","time":{"start":1715993797088,"stop":1715993797837,"duration":749}},{"uid":"b723a12577193bbc","reportUrl":"https://Nat754.github.io/StroyremAutomation/310//#testresult/b723a12577193bbc","status":"skipped","statusDetails":"XFAIL\n\nselenium.common.exceptions.NoSuchElementException: Message: no such element: Unable to locate element: {\"method\":\"xpath\",\"selector\":\"(//a[@class='add-to-cart yellow-btn'])[1]\"}\n  (Session info: chrome-headless-shell=125.0.6422.60); For documentation on this error, please visit: https://www.selenium.dev/documentation/webdriver/troubleshooting/errors#no-such-element-exception\nStacktrace:\n#0 0x560463c2deca <unknown>\n#1 0x56046391745c <unknown>\n#2 0x5604639635b5 <unknown>\n#3 0x560463963671 <unknown>\n#4 0x5604639a7f14 <unknown>\n#5 0x5604639864dd <unknown>\n#6 0x5604639a52cc <unknown>\n#7 0x560463986253 <unknown>\n#8 0x5604639561c7 <unknown>\n#9 0x560463956b3e <unknown>\n#10 0x560463bf430b <unknown>\n#11 0x560463bf83b7 <unknown>\n#12 0x560463be0e3e <unknown>\n#13 0x560463bf8e82 <unknown>\n#14 0x560463bc57df <unknown>\n#15 0x560463c1d1b8 <unknown>\n#16 0x560463c1d38b <unknown>\n#17 0x560463c2cffc <unknown>\n#18 0x7f7fb9aad134 <unknown>","time":{"start":1715907381750,"stop":1715907382153,"duration":403}},{"uid":"92f2160f9081d393","reportUrl":"https://Nat754.github.io/StroyremAutomation/309//#testresult/92f2160f9081d393","status":"skipped","statusDetails":"XFAIL\n\nselenium.common.exceptions.NoSuchElementException: Message: no such element: Unable to locate element: {\"method\":\"xpath\",\"selector\":\"(//a[@class='add-to-cart yellow-btn'])[1]\"}\n  (Session info: chrome-headless-shell=125.0.6422.60); For documentation on this error, please visit: https://www.selenium.dev/documentation/webdriver/troubleshooting/errors#no-such-element-exception\nStacktrace:\n#0 0x55c460bf1eca <unknown>\n#1 0x55c4608db45c <unknown>\n#2 0x55c4609275b5 <unknown>\n#3 0x55c460927671 <unknown>\n#4 0x55c46096bf14 <unknown>\n#5 0x55c46094a4dd <unknown>\n#6 0x55c4609692cc <unknown>\n#7 0x55c46094a253 <unknown>\n#8 0x55c46091a1c7 <unknown>\n#9 0x55c46091ab3e <unknown>\n#10 0x55c460bb830b <unknown>\n#11 0x55c460bbc3b7 <unknown>\n#12 0x55c460ba4e3e <unknown>\n#13 0x55c460bbce82 <unknown>\n#14 0x55c460b897df <unknown>\n#15 0x55c460be11b8 <unknown>\n#16 0x55c460be138b <unknown>\n#17 0x55c460bf0ffc <unknown>\n#18 0x7fa75c7c4134 <unknown>","time":{"start":1715821050205,"stop":1715821050604,"duration":399}},{"uid":"5850c2c2c9ad8971","reportUrl":"https://Nat754.github.io/StroyremAutomation/308//#testresult/5850c2c2c9ad8971","status":"skipped","statusDetails":"XFAIL\n\nselenium.common.exceptions.NoSuchElementException: Message: no such element: Unable to locate element: {\"method\":\"xpath\",\"selector\":\"(//a[@class='add-to-cart yellow-btn'])[1]\"}\n  (Session info: chrome-headless-shell=124.0.6367.207); For documentation on this error, please visit: https://www.selenium.dev/documentation/webdriver/troubleshooting/errors#no-such-element-exception\nStacktrace:\n#0 0x5628a8789dc3 <unknown>\n#1 0x5628a84784e7 <unknown>\n#2 0x5628a84c335d <unknown>\n#3 0x5628a84c3411 <unknown>\n#4 0x5628a8506774 <unknown>\n#5 0x5628a84e547d <unknown>\n#6 0x5628a8503c29 <unknown>\n#7 0x5628a84e51f3 <unknown>\n#8 0x5628a84b628a <unknown>\n#9 0x5628a84b6c5e <unknown>\n#10 0x5628a874e0eb <unknown>\n#11 0x5628a875203b <unknown>\n#12 0x5628a873a201 <unknown>\n#13 0x5628a8752ba2 <unknown>\n#14 0x5628a871f0bf <unknown>\n#15 0x5628a8778f18 <unknown>\n#16 0x5628a87790f0 <unknown>\n#17 0x5628a8788f14 <unknown>\n#18 0x7fdd0e819134 <unknown>","time":{"start":1715734570766,"stop":1715734571182,"duration":416}},{"uid":"b66eba25bc3751e7","reportUrl":"https://Nat754.github.io/StroyremAutomation/307//#testresult/b66eba25bc3751e7","status":"skipped","statusDetails":"XFAIL\n\nselenium.common.exceptions.NoSuchElementException: Message: no such element: Unable to locate element: {\"method\":\"xpath\",\"selector\":\"(//a[@class='add-to-cart yellow-btn'])[1]\"}\n  (Session info: chrome-headless-shell=124.0.6367.207); For documentation on this error, please visit: https://www.selenium.dev/documentation/webdriver/troubleshooting/errors#no-such-element-exception\nStacktrace:\n#0 0x556d25957dc3 <unknown>\n#1 0x556d256464e7 <unknown>\n#2 0x556d2569135d <unknown>\n#3 0x556d25691411 <unknown>\n#4 0x556d256d4774 <unknown>\n#5 0x556d256b347d <unknown>\n#6 0x556d256d1c29 <unknown>\n#7 0x556d256b31f3 <unknown>\n#8 0x556d2568428a <unknown>\n#9 0x556d25684c5e <unknown>\n#10 0x556d2591c0eb <unknown>\n#11 0x556d2592003b <unknown>\n#12 0x556d25908201 <unknown>\n#13 0x556d25920ba2 <unknown>\n#14 0x556d258ed0bf <unknown>\n#15 0x556d25946f18 <unknown>\n#16 0x556d259470f0 <unknown>\n#17 0x556d25956f14 <unknown>\n#18 0x7fcebf31d134 <unknown>","time":{"start":1715648179199,"stop":1715648179500,"duration":301}},{"uid":"d94e5f13ab9cde6e","reportUrl":"https://Nat754.github.io/StroyremAutomation/306//#testresult/d94e5f13ab9cde6e","status":"skipped","statusDetails":"XFAIL\n\nselenium.common.exceptions.NoSuchElementException: Message: no such element: Unable to locate element: {\"method\":\"xpath\",\"selector\":\"(//a[@class='add-to-cart yellow-btn'])[1]\"}\n  (Session info: chrome-headless-shell=124.0.6367.201); For documentation on this error, please visit: https://www.selenium.dev/documentation/webdriver/troubleshooting/errors#no-such-element-exception\nStacktrace:\n#0 0x55e430ff6e43 <unknown>\n#1 0x55e430ce54e7 <unknown>\n#2 0x55e430d3035d <unknown>\n#3 0x55e430d30411 <unknown>\n#4 0x55e430d73774 <unknown>\n#5 0x55e430d5247d <unknown>\n#6 0x55e430d70c29 <unknown>\n#7 0x55e430d521f3 <unknown>\n#8 0x55e430d2328a <unknown>\n#9 0x55e430d23c5e <unknown>\n#10 0x55e430fbb16b <unknown>\n#11 0x55e430fbf0bb <unknown>\n#12 0x55e430fa7281 <unknown>\n#13 0x55e430fbfc22 <unknown>\n#14 0x55e430f8c13f <unknown>\n#15 0x55e430fe5f98 <unknown>\n#16 0x55e430fe6170 <unknown>\n#17 0x55e430ff5f94 <unknown>\n#18 0x7f5c6f22c134 <unknown>","time":{"start":1715561887899,"stop":1715561888517,"duration":618}},{"uid":"148bfa15154b1dd4","reportUrl":"https://Nat754.github.io/StroyremAutomation/305//#testresult/148bfa15154b1dd4","status":"skipped","statusDetails":"XFAIL\n\nselenium.common.exceptions.NoSuchElementException: Message: no such element: Unable to locate element: {\"method\":\"xpath\",\"selector\":\"(//a[@class='add-to-cart yellow-btn'])[1]\"}\n  (Session info: chrome-headless-shell=124.0.6367.201); For documentation on this error, please visit: https://www.selenium.dev/documentation/webdriver/troubleshooting/errors#no-such-element-exception\nStacktrace:\n#0 0x5617342d9e43 <unknown>\n#1 0x561733fc84e7 <unknown>\n#2 0x56173401335d <unknown>\n#3 0x561734013411 <unknown>\n#4 0x561734056774 <unknown>\n#5 0x56173403547d <unknown>\n#6 0x561734053c29 <unknown>\n#7 0x5617340351f3 <unknown>\n#8 0x56173400628a <unknown>\n#9 0x561734006c5e <unknown>\n#10 0x56173429e16b <unknown>\n#11 0x5617342a20bb <unknown>\n#12 0x56173428a281 <unknown>\n#13 0x5617342a2c22 <unknown>\n#14 0x56173426f13f <unknown>\n#15 0x5617342c8f98 <unknown>\n#16 0x5617342c9170 <unknown>\n#17 0x5617342d8f94 <unknown>\n#18 0x7f94c7850134 <unknown>","time":{"start":1715475562758,"stop":1715475563172,"duration":414}},{"uid":"2371dd96b7054358","reportUrl":"https://Nat754.github.io/StroyremAutomation/304//#testresult/2371dd96b7054358","status":"skipped","statusDetails":"XFAIL\n\nselenium.common.exceptions.NoSuchElementException: Message: no such element: Unable to locate element: {\"method\":\"xpath\",\"selector\":\"(//a[@class='add-to-cart yellow-btn'])[1]\"}\n  (Session info: chrome-headless-shell=124.0.6367.201); For documentation on this error, please visit: https://www.selenium.dev/documentation/webdriver/troubleshooting/errors#no-such-element-exception\nStacktrace:\n#0 0x5584a7141e43 <unknown>\n#1 0x5584a6e304e7 <unknown>\n#2 0x5584a6e7b35d <unknown>\n#3 0x5584a6e7b411 <unknown>\n#4 0x5584a6ebe774 <unknown>\n#5 0x5584a6e9d47d <unknown>\n#6 0x5584a6ebbc29 <unknown>\n#7 0x5584a6e9d1f3 <unknown>\n#8 0x5584a6e6e28a <unknown>\n#9 0x5584a6e6ec5e <unknown>\n#10 0x5584a710616b <unknown>\n#11 0x5584a710a0bb <unknown>\n#12 0x5584a70f2281 <unknown>\n#13 0x5584a710ac22 <unknown>\n#14 0x5584a70d713f <unknown>\n#15 0x5584a7130f98 <unknown>\n#16 0x5584a7131170 <unknown>\n#17 0x5584a7140f94 <unknown>\n#18 0x7f39316c0134 <unknown>","time":{"start":1715388847893,"stop":1715388848522,"duration":629}},{"uid":"3cce2267b3062671","reportUrl":"https://Nat754.github.io/StroyremAutomation/303//#testresult/3cce2267b3062671","status":"skipped","statusDetails":"XFAIL\n\nselenium.common.exceptions.NoSuchElementException: Message: no such element: Unable to locate element: {\"method\":\"xpath\",\"selector\":\"(//a[@class='add-to-cart yellow-btn'])[1]\"}\n  (Session info: chrome-headless-shell=124.0.6367.201); For documentation on this error, please visit: https://www.selenium.dev/documentation/webdriver/troubleshooting/errors#no-such-element-exception\nStacktrace:\n#0 0x556881722e43 <unknown>\n#1 0x5568814114e7 <unknown>\n#2 0x55688145c35d <unknown>\n#3 0x55688145c411 <unknown>\n#4 0x55688149f774 <unknown>\n#5 0x55688147e47d <unknown>\n#6 0x55688149cc29 <unknown>\n#7 0x55688147e1f3 <unknown>\n#8 0x55688144f28a <unknown>\n#9 0x55688144fc5e <unknown>\n#10 0x5568816e716b <unknown>\n#11 0x5568816eb0bb <unknown>\n#12 0x5568816d3281 <unknown>\n#13 0x5568816ebc22 <unknown>\n#14 0x5568816b813f <unknown>\n#15 0x556881711f98 <unknown>\n#16 0x556881712170 <unknown>\n#17 0x556881721f94 <unknown>\n#18 0x7f60b8e08134 <unknown>","time":{"start":1715302590005,"stop":1715302590431,"duration":426}},{"uid":"84e13c1ff1460e57","reportUrl":"https://Nat754.github.io/StroyremAutomation/302//#testresult/84e13c1ff1460e57","status":"skipped","statusDetails":"XFAIL\n\nselenium.common.exceptions.NoSuchElementException: Message: no such element: Unable to locate element: {\"method\":\"xpath\",\"selector\":\"(//a[@class='add-to-cart yellow-btn'])[1]\"}\n  (Session info: chrome-headless-shell=124.0.6367.155); For documentation on this error, please visit: https://www.selenium.dev/documentation/webdriver/troubleshooting/errors#no-such-element-exception\nStacktrace:\n#0 0x555a0fa21df3 <unknown>\n#1 0x555a0f7104e7 <unknown>\n#2 0x555a0f75b35d <unknown>\n#3 0x555a0f75b411 <unknown>\n#4 0x555a0f79e774 <unknown>\n#5 0x555a0f77d47d <unknown>\n#6 0x555a0f79bc29 <unknown>\n#7 0x555a0f77d1f3 <unknown>\n#8 0x555a0f74e28a <unknown>\n#9 0x555a0f74ec5e <unknown>\n#10 0x555a0f9e611b <unknown>\n#11 0x555a0f9ea06b <unknown>\n#12 0x555a0f9d2231 <unknown>\n#13 0x555a0f9eabd2 <unknown>\n#14 0x555a0f9b70ef <unknown>\n#15 0x555a0fa10f48 <unknown>\n#16 0x555a0fa11120 <unknown>\n#17 0x555a0fa20f44 <unknown>\n#18 0x7f54c9b03134 <unknown>","time":{"start":1715216105156,"stop":1715216105696,"duration":540}},{"uid":"68eca8c3025a37da","reportUrl":"https://Nat754.github.io/StroyremAutomation/301//#testresult/68eca8c3025a37da","status":"skipped","statusDetails":"XFAIL\n\nselenium.common.exceptions.NoSuchElementException: Message: no such element: Unable to locate element: {\"method\":\"xpath\",\"selector\":\"(//a[@class='add-to-cart yellow-btn'])[1]\"}\n  (Session info: chrome-headless-shell=124.0.6367.155); For documentation on this error, please visit: https://www.selenium.dev/documentation/webdriver/troubleshooting/errors#no-such-element-exception\nStacktrace:\n#0 0x55ff56245df3 <unknown>\n#1 0x55ff55f344e7 <unknown>\n#2 0x55ff55f7f35d <unknown>\n#3 0x55ff55f7f411 <unknown>\n#4 0x55ff55fc2774 <unknown>\n#5 0x55ff55fa147d <unknown>\n#6 0x55ff55fbfc29 <unknown>\n#7 0x55ff55fa11f3 <unknown>\n#8 0x55ff55f7228a <unknown>\n#9 0x55ff55f72c5e <unknown>\n#10 0x55ff5620a11b <unknown>\n#11 0x55ff5620e06b <unknown>\n#12 0x55ff561f6231 <unknown>\n#13 0x55ff5620ebd2 <unknown>\n#14 0x55ff561db0ef <unknown>\n#15 0x55ff56234f48 <unknown>\n#16 0x55ff56235120 <unknown>\n#17 0x55ff56244f44 <unknown>\n#18 0x7fc182936134 <unknown>","time":{"start":1715129198556,"stop":1715129198987,"duration":431}},{"uid":"e58485ab7d827599","reportUrl":"https://Nat754.github.io/StroyremAutomation/300//#testresult/e58485ab7d827599","status":"skipped","statusDetails":"XFAIL\n\nselenium.common.exceptions.NoSuchElementException: Message: no such element: Unable to locate element: {\"method\":\"xpath\",\"selector\":\"(//a[@class='add-to-cart yellow-btn'])[1]\"}\n  (Session info: chrome-headless-shell=124.0.6367.91); For documentation on this error, please visit: https://www.selenium.dev/documentation/webdriver/troubleshooting/errors#no-such-element-exception\nStacktrace:\n#0 0x55988a5eecb3 <unknown>\n#1 0x55988a2dd4a7 <unknown>\n#2 0x55988a32831d <unknown>\n#3 0x55988a3283d1 <unknown>\n#4 0x55988a36b734 <unknown>\n#5 0x55988a34a43d <unknown>\n#6 0x55988a368be9 <unknown>\n#7 0x55988a34a1b3 <unknown>\n#8 0x55988a31b24a <unknown>\n#9 0x55988a31bc1e <unknown>\n#10 0x55988a5b2fdb <unknown>\n#11 0x55988a5b6f2b <unknown>\n#12 0x55988a59f0f1 <unknown>\n#13 0x55988a5b7a92 <unknown>\n#14 0x55988a583faf <unknown>\n#15 0x55988a5dde08 <unknown>\n#16 0x55988a5ddfe0 <unknown>\n#17 0x55988a5ede04 <unknown>\n#18 0x7f58ac48f134 <unknown>","time":{"start":1715043286804,"stop":1715043287210,"duration":406}}]},"tags":["@pytest.mark.xfail","smoke_test"]},"source":"4e80a848d2082cbb.json","parameterValues":["2480","25","'TD 006'","1990","'products/shtukaturka-gipsovaya-aksolit-m50-30-kg-mashinnogo-naneseniya'","990","'https://sandboxtest.stroyrem-nn.ru/'","1700"]}