{"uid":"5eb28e232d364639","name":"TD 019 Доставка товара весом до 1700кг. в синей зоне","fullName":"tests.delivery.test_delivery_calculation.TestDeliveryPageCalculation#test_positive_delivery_blue_zone_smoke","historyId":"7de17ed6f423399e8e6f079409b2bd41","time":{"start":1716771452642,"stop":1716771453197,"duration":555},"status":"skipped","statusMessage":"XFAIL\n\nselenium.common.exceptions.NoSuchElementException: Message: no such element: Unable to locate element: {\"method\":\"xpath\",\"selector\":\"(//a[@class='add-to-cart yellow-btn'])[1]\"}\n  (Session info: chrome-headless-shell=125.0.6422.78); For documentation on this error, please visit: https://www.selenium.dev/documentation/webdriver/troubleshooting/errors#no-such-element-exception\nStacktrace:\n#0 0x55eae2894e8a <unknown>\n#1 0x55eae257e45c <unknown>\n#2 0x55eae25ca5b5 <unknown>\n#3 0x55eae25ca671 <unknown>\n#4 0x55eae260ef14 <unknown>\n#5 0x55eae25ed4dd <unknown>\n#6 0x55eae260c2cc <unknown>\n#7 0x55eae25ed253 <unknown>\n#8 0x55eae25bd1c7 <unknown>\n#9 0x55eae25bdb3e <unknown>\n#10 0x55eae285b2cb <unknown>\n#11 0x55eae285f377 <unknown>\n#12 0x55eae2847dfe <unknown>\n#13 0x55eae285fe42 <unknown>\n#14 0x55eae282c79f <unknown>\n#15 0x55eae2884178 <unknown>\n#16 0x55eae288434b <unknown>\n#17 0x55eae2893fbc <unknown>\n#18 0x7f0e071cf134 <unknown>","statusTrace":"self = <tests.delivery.test_delivery_calculation.TestDeliveryPageCalculation object at 0x7fe8538a9750>\ndriver = <selenium.webdriver.chrome.webdriver.WebDriver (session=\"3a48f7e9e785b6f20eae4a0b2d5de2bc\")>\nurl = 'https://sandboxtest.stroyrem-nn.ru/', case_id = 'TD 019'\nlink_item = 'products/shtukaturka-gipsovaya-aksolit-m50-30-kg-mashinnogo-naneseniya'\namount = 25, weight = 1700, standard = 1150, in_time = 2490, all_time = 3320\n\n    @pytest.mark.parametrize('case_id, link_item, amount, weight, standard, in_time, all_time', [\n        (\"TD 015\", bundeks_25, 1, 30, 650, 2390, 3320),\n        pytest.param(\n            \"TD 016\", aksolit_30, 8, 300, 650, 2390, 3320,\n            marks=pytest.mark.xfail(reson=\"Цена доставки: - - -\")\n        ),\n        (\"TD 017\", aksolit_30, 13, 400, 650, 2390, 3320),\n        (\"TD 018\", aksolit_30, 16, 500, 850, 2490, 3320),\n        (\"TD 019\", aksolit_30, 25, 1700, 1150, 2490, 3320),\n        (\"TD 020\", aksolit_30, 66, 2000, 1500, 2990, 3650),\n        (\"TD 021\", aksolit_30, 149, 4500, 2600, 4380, 4890),\n        (\"TD 022\", aksolit_30, 166, 5000, 2800, 5490, 5980),\n        pytest.param(\n            \"TD 023\", aksolit_30, 206, 6200, 3300, 7500, 8000,\n            marks=pytest.mark.xfail(reson=\"Цена доставки: 4300 9900 11440\")\n        ),\n        (\"TD 024\", aksolit_30, 299, 9000, 4300, 9900, 11440),\n        (\"TD 025\", aksolit_30, 333, 10000, 7000, 13900, 15900),\n        pytest.param(\n            \"TD 026\", aksolit_30, 366, 11000, 8000, 14900, 19900,\n            marks=pytest.mark.xfail(reson=\"Цена доставки: 7000 13900 15900\")\n        ),\n        pytest.param(\n            \"TD 027\", aksolit_30, 666, 20000, 14000, 16900, 23900,\n            marks=pytest.mark.xfail(reson=\"Цена доставки: 7000 13900 15900\")\n        )\n    ])\n    @pytest.mark.xfail\n    @pytest.mark.smoke_test\n    def test_positive_delivery_blue_zone_smoke(\n            self, driver, url, case_id, link_item, amount, weight, standard, in_time, all_time\n    ):\n        allure.dynamic.title(f\"{case_id} Доставка товара весом до {weight}кг. в синей зоне\")\n    \n        driver.get(f'{url}{link_item}')\n        item_page = ItemPage(driver)\n>       item_page.add_item_to_cart(amount).click_on_cart()\n\ntests/delivery/test_delivery_calculation.py:132: \n_ _ _ _ _ _ _ _ _ _ _ _ _ _ _ _ _ _ _ _ _ _ _ _ _ _ _ _ _ _ _ _ _ _ _ _ _ _ _ _ \npages/item_page.py:40: in add_item_to_cart\n    self.find_element(self._add_item).click()\nbase/seleniumbase.py:17: in find_element\n    return self.driver.find_element(*locator)\n/usr/local/lib/python3.11/site-packages/selenium/webdriver/remote/webdriver.py:739: in find_element\n    return self.execute(Command.FIND_ELEMENT, {\"using\": by, \"value\": value})[\"value\"]\n/usr/local/lib/python3.11/site-packages/selenium/webdriver/remote/webdriver.py:345: in execute\n    self.error_handler.check_response(response)\n_ _ _ _ _ _ _ _ _ _ _ _ _ _ _ _ _ _ _ _ _ _ _ _ _ _ _ _ _ _ _ _ _ _ _ _ _ _ _ _ \n\nself = <selenium.webdriver.remote.errorhandler.ErrorHandler object at 0x7fe8531fc310>\nresponse = {'status': 404, 'value': '{\"value\":{\"error\":\"no such element\",\"message\":\"no such element: Unable to locate element: {\\...\\\\n#16 0x55eae288434b \\\\u003Cunknown>\\\\n#17 0x55eae2893fbc \\\\u003Cunknown>\\\\n#18 0x7f0e071cf134 \\\\u003Cunknown>\\\\n\"}}'}\n\n    def check_response(self, response: Dict[str, Any]) -> None:\n        \"\"\"Checks that a JSON response from the WebDriver does not have an\n        error.\n    \n        :Args:\n         - response - The JSON response from the WebDriver server as a dictionary\n           object.\n    \n        :Raises: If the response contains an error message.\n        \"\"\"\n        status = response.get(\"status\", None)\n        if not status or status == ErrorCode.SUCCESS:\n            return\n        value = None\n        message = response.get(\"message\", \"\")\n        screen: str = response.get(\"screen\", \"\")\n        stacktrace = None\n        if isinstance(status, int):\n            value_json = response.get(\"value\", None)\n            if value_json and isinstance(value_json, str):\n                import json\n    \n                try:\n                    value = json.loads(value_json)\n                    if len(value) == 1:\n                        value = value[\"value\"]\n                    status = value.get(\"error\", None)\n                    if not status:\n                        status = value.get(\"status\", ErrorCode.UNKNOWN_ERROR)\n                        message = value.get(\"value\") or value.get(\"message\")\n                        if not isinstance(message, str):\n                            value = message\n                            message = message.get(\"message\")\n                    else:\n                        message = value.get(\"message\", None)\n                except ValueError:\n                    pass\n    \n        exception_class: Type[WebDriverException]\n        e = ErrorCode()\n        error_codes = [item for item in dir(e) if not item.startswith(\"__\")]\n        for error_code in error_codes:\n            error_info = getattr(ErrorCode, error_code)\n            if isinstance(error_info, list) and status in error_info:\n                exception_class = getattr(ExceptionMapping, error_code, WebDriverException)\n                break\n        else:\n            exception_class = WebDriverException\n    \n        if not value:\n            value = response[\"value\"]\n        if isinstance(value, str):\n            raise exception_class(value)\n        if message == \"\" and \"message\" in value:\n            message = value[\"message\"]\n    \n        screen = None  # type: ignore[assignment]\n        if \"screen\" in value:\n            screen = value[\"screen\"]\n    \n        stacktrace = None\n        st_value = value.get(\"stackTrace\") or value.get(\"stacktrace\")\n        if st_value:\n            if isinstance(st_value, str):\n                stacktrace = st_value.split(\"\\n\")\n            else:\n                stacktrace = []\n                try:\n                    for frame in st_value:\n                        line = frame.get(\"lineNumber\", \"\")\n                        file = frame.get(\"fileName\", \"<anonymous>\")\n                        if line:\n                            file = f\"{file}:{line}\"\n                        meth = frame.get(\"methodName\", \"<anonymous>\")\n                        if \"className\" in frame:\n                            meth = f\"{frame['className']}.{meth}\"\n                        msg = \"    at %s (%s)\"\n                        msg = msg % (meth, file)\n                        stacktrace.append(msg)\n                except TypeError:\n                    pass\n        if exception_class == UnexpectedAlertPresentException:\n            alert_text = None\n            if \"data\" in value:\n                alert_text = value[\"data\"].get(\"text\")\n            elif \"alert\" in value:\n                alert_text = value[\"alert\"].get(\"text\")\n            raise exception_class(message, screen, stacktrace, alert_text)  # type: ignore[call-arg]  # mypy is not smart enough here\n>       raise exception_class(message, screen, stacktrace)\nE       selenium.common.exceptions.NoSuchElementException: Message: no such element: Unable to locate element: {\"method\":\"xpath\",\"selector\":\"(//a[@class='add-to-cart yellow-btn'])[1]\"}\nE         (Session info: chrome-headless-shell=125.0.6422.78); For documentation on this error, please visit: https://www.selenium.dev/documentation/webdriver/troubleshooting/errors#no-such-element-exception\nE       Stacktrace:\nE       #0 0x55eae2894e8a <unknown>\nE       #1 0x55eae257e45c <unknown>\nE       #2 0x55eae25ca5b5 <unknown>\nE       #3 0x55eae25ca671 <unknown>\nE       #4 0x55eae260ef14 <unknown>\nE       #5 0x55eae25ed4dd <unknown>\nE       #6 0x55eae260c2cc <unknown>\nE       #7 0x55eae25ed253 <unknown>\nE       #8 0x55eae25bd1c7 <unknown>\nE       #9 0x55eae25bdb3e <unknown>\nE       #10 0x55eae285b2cb <unknown>\nE       #11 0x55eae285f377 <unknown>\nE       #12 0x55eae2847dfe <unknown>\nE       #13 0x55eae285fe42 <unknown>\nE       #14 0x55eae282c79f <unknown>\nE       #15 0x55eae2884178 <unknown>\nE       #16 0x55eae288434b <unknown>\nE       #17 0x55eae2893fbc <unknown>\nE       #18 0x7f0e071cf134 <unknown>\n\n/usr/local/lib/python3.11/site-packages/selenium/webdriver/remote/errorhandler.py:229: NoSuchElementException","flaky":false,"newFailed":false,"newBroken":false,"newPassed":false,"retriesCount":0,"retriesStatusChange":false,"beforeStages":[{"name":"_session_faker","time":{"start":1716771214488,"stop":1716771214560,"duration":72},"status":"passed","steps":[],"attachments":[],"parameters":[],"shouldDisplayMessage":false,"stepsCount":0,"attachmentsCount":0,"hasContent":false,"attachmentStep":false},{"name":"clear_allure_results_folder","time":{"start":1716771214560,"stop":1716771214560,"duration":0},"status":"passed","steps":[],"attachments":[],"parameters":[],"shouldDisplayMessage":false,"stepsCount":0,"attachmentsCount":0,"hasContent":false,"attachmentStep":false},{"name":"driver","time":{"start":1716771451939,"stop":1716771452641,"duration":702},"status":"passed","steps":[],"attachments":[],"parameters":[],"shouldDisplayMessage":false,"stepsCount":0,"attachmentsCount":0,"hasContent":false,"attachmentStep":false},{"name":"setup","time":{"start":1716771452641,"stop":1716771452641,"duration":0},"status":"passed","steps":[],"attachments":[],"parameters":[],"shouldDisplayMessage":false,"stepsCount":0,"attachmentsCount":0,"hasContent":false,"attachmentStep":false}],"testStage":{"status":"skipped","statusMessage":"XFAIL\n\nselenium.common.exceptions.NoSuchElementException: Message: no such element: Unable to locate element: {\"method\":\"xpath\",\"selector\":\"(//a[@class='add-to-cart yellow-btn'])[1]\"}\n  (Session info: chrome-headless-shell=125.0.6422.78); For documentation on this error, please visit: https://www.selenium.dev/documentation/webdriver/troubleshooting/errors#no-such-element-exception\nStacktrace:\n#0 0x55eae2894e8a <unknown>\n#1 0x55eae257e45c <unknown>\n#2 0x55eae25ca5b5 <unknown>\n#3 0x55eae25ca671 <unknown>\n#4 0x55eae260ef14 <unknown>\n#5 0x55eae25ed4dd <unknown>\n#6 0x55eae260c2cc <unknown>\n#7 0x55eae25ed253 <unknown>\n#8 0x55eae25bd1c7 <unknown>\n#9 0x55eae25bdb3e <unknown>\n#10 0x55eae285b2cb <unknown>\n#11 0x55eae285f377 <unknown>\n#12 0x55eae2847dfe <unknown>\n#13 0x55eae285fe42 <unknown>\n#14 0x55eae282c79f <unknown>\n#15 0x55eae2884178 <unknown>\n#16 0x55eae288434b <unknown>\n#17 0x55eae2893fbc <unknown>\n#18 0x7f0e071cf134 <unknown>","statusTrace":"self = <tests.delivery.test_delivery_calculation.TestDeliveryPageCalculation object at 0x7fe8538a9750>\ndriver = <selenium.webdriver.chrome.webdriver.WebDriver (session=\"3a48f7e9e785b6f20eae4a0b2d5de2bc\")>\nurl = 'https://sandboxtest.stroyrem-nn.ru/', case_id = 'TD 019'\nlink_item = 'products/shtukaturka-gipsovaya-aksolit-m50-30-kg-mashinnogo-naneseniya'\namount = 25, weight = 1700, standard = 1150, in_time = 2490, all_time = 3320\n\n    @pytest.mark.parametrize('case_id, link_item, amount, weight, standard, in_time, all_time', [\n        (\"TD 015\", bundeks_25, 1, 30, 650, 2390, 3320),\n        pytest.param(\n            \"TD 016\", aksolit_30, 8, 300, 650, 2390, 3320,\n            marks=pytest.mark.xfail(reson=\"Цена доставки: - - -\")\n        ),\n        (\"TD 017\", aksolit_30, 13, 400, 650, 2390, 3320),\n        (\"TD 018\", aksolit_30, 16, 500, 850, 2490, 3320),\n        (\"TD 019\", aksolit_30, 25, 1700, 1150, 2490, 3320),\n        (\"TD 020\", aksolit_30, 66, 2000, 1500, 2990, 3650),\n        (\"TD 021\", aksolit_30, 149, 4500, 2600, 4380, 4890),\n        (\"TD 022\", aksolit_30, 166, 5000, 2800, 5490, 5980),\n        pytest.param(\n            \"TD 023\", aksolit_30, 206, 6200, 3300, 7500, 8000,\n            marks=pytest.mark.xfail(reson=\"Цена доставки: 4300 9900 11440\")\n        ),\n        (\"TD 024\", aksolit_30, 299, 9000, 4300, 9900, 11440),\n        (\"TD 025\", aksolit_30, 333, 10000, 7000, 13900, 15900),\n        pytest.param(\n            \"TD 026\", aksolit_30, 366, 11000, 8000, 14900, 19900,\n            marks=pytest.mark.xfail(reson=\"Цена доставки: 7000 13900 15900\")\n        ),\n        pytest.param(\n            \"TD 027\", aksolit_30, 666, 20000, 14000, 16900, 23900,\n            marks=pytest.mark.xfail(reson=\"Цена доставки: 7000 13900 15900\")\n        )\n    ])\n    @pytest.mark.xfail\n    @pytest.mark.smoke_test\n    def test_positive_delivery_blue_zone_smoke(\n            self, driver, url, case_id, link_item, amount, weight, standard, in_time, all_time\n    ):\n        allure.dynamic.title(f\"{case_id} Доставка товара весом до {weight}кг. в синей зоне\")\n    \n        driver.get(f'{url}{link_item}')\n        item_page = ItemPage(driver)\n>       item_page.add_item_to_cart(amount).click_on_cart()\n\ntests/delivery/test_delivery_calculation.py:132: \n_ _ _ _ _ _ _ _ _ _ _ _ _ _ _ _ _ _ _ _ _ _ _ _ _ _ _ _ _ _ _ _ _ _ _ _ _ _ _ _ \npages/item_page.py:40: in add_item_to_cart\n    self.find_element(self._add_item).click()\nbase/seleniumbase.py:17: in find_element\n    return self.driver.find_element(*locator)\n/usr/local/lib/python3.11/site-packages/selenium/webdriver/remote/webdriver.py:739: in find_element\n    return self.execute(Command.FIND_ELEMENT, {\"using\": by, \"value\": value})[\"value\"]\n/usr/local/lib/python3.11/site-packages/selenium/webdriver/remote/webdriver.py:345: in execute\n    self.error_handler.check_response(response)\n_ _ _ _ _ _ _ _ _ _ _ _ _ _ _ _ _ _ _ _ _ _ _ _ _ _ _ _ _ _ _ _ _ _ _ _ _ _ _ _ \n\nself = <selenium.webdriver.remote.errorhandler.ErrorHandler object at 0x7fe8531fc310>\nresponse = {'status': 404, 'value': '{\"value\":{\"error\":\"no such element\",\"message\":\"no such element: Unable to locate element: {\\...\\\\n#16 0x55eae288434b \\\\u003Cunknown>\\\\n#17 0x55eae2893fbc \\\\u003Cunknown>\\\\n#18 0x7f0e071cf134 \\\\u003Cunknown>\\\\n\"}}'}\n\n    def check_response(self, response: Dict[str, Any]) -> None:\n        \"\"\"Checks that a JSON response from the WebDriver does not have an\n        error.\n    \n        :Args:\n         - response - The JSON response from the WebDriver server as a dictionary\n           object.\n    \n        :Raises: If the response contains an error message.\n        \"\"\"\n        status = response.get(\"status\", None)\n        if not status or status == ErrorCode.SUCCESS:\n            return\n        value = None\n        message = response.get(\"message\", \"\")\n        screen: str = response.get(\"screen\", \"\")\n        stacktrace = None\n        if isinstance(status, int):\n            value_json = response.get(\"value\", None)\n            if value_json and isinstance(value_json, str):\n                import json\n    \n                try:\n                    value = json.loads(value_json)\n                    if len(value) == 1:\n                        value = value[\"value\"]\n                    status = value.get(\"error\", None)\n                    if not status:\n                        status = value.get(\"status\", ErrorCode.UNKNOWN_ERROR)\n                        message = value.get(\"value\") or value.get(\"message\")\n                        if not isinstance(message, str):\n                            value = message\n                            message = message.get(\"message\")\n                    else:\n                        message = value.get(\"message\", None)\n                except ValueError:\n                    pass\n    \n        exception_class: Type[WebDriverException]\n        e = ErrorCode()\n        error_codes = [item for item in dir(e) if not item.startswith(\"__\")]\n        for error_code in error_codes:\n            error_info = getattr(ErrorCode, error_code)\n            if isinstance(error_info, list) and status in error_info:\n                exception_class = getattr(ExceptionMapping, error_code, WebDriverException)\n                break\n        else:\n            exception_class = WebDriverException\n    \n        if not value:\n            value = response[\"value\"]\n        if isinstance(value, str):\n            raise exception_class(value)\n        if message == \"\" and \"message\" in value:\n            message = value[\"message\"]\n    \n        screen = None  # type: ignore[assignment]\n        if \"screen\" in value:\n            screen = value[\"screen\"]\n    \n        stacktrace = None\n        st_value = value.get(\"stackTrace\") or value.get(\"stacktrace\")\n        if st_value:\n            if isinstance(st_value, str):\n                stacktrace = st_value.split(\"\\n\")\n            else:\n                stacktrace = []\n                try:\n                    for frame in st_value:\n                        line = frame.get(\"lineNumber\", \"\")\n                        file = frame.get(\"fileName\", \"<anonymous>\")\n                        if line:\n                            file = f\"{file}:{line}\"\n                        meth = frame.get(\"methodName\", \"<anonymous>\")\n                        if \"className\" in frame:\n                            meth = f\"{frame['className']}.{meth}\"\n                        msg = \"    at %s (%s)\"\n                        msg = msg % (meth, file)\n                        stacktrace.append(msg)\n                except TypeError:\n                    pass\n        if exception_class == UnexpectedAlertPresentException:\n            alert_text = None\n            if \"data\" in value:\n                alert_text = value[\"data\"].get(\"text\")\n            elif \"alert\" in value:\n                alert_text = value[\"alert\"].get(\"text\")\n            raise exception_class(message, screen, stacktrace, alert_text)  # type: ignore[call-arg]  # mypy is not smart enough here\n>       raise exception_class(message, screen, stacktrace)\nE       selenium.common.exceptions.NoSuchElementException: Message: no such element: Unable to locate element: {\"method\":\"xpath\",\"selector\":\"(//a[@class='add-to-cart yellow-btn'])[1]\"}\nE         (Session info: chrome-headless-shell=125.0.6422.78); For documentation on this error, please visit: https://www.selenium.dev/documentation/webdriver/troubleshooting/errors#no-such-element-exception\nE       Stacktrace:\nE       #0 0x55eae2894e8a <unknown>\nE       #1 0x55eae257e45c <unknown>\nE       #2 0x55eae25ca5b5 <unknown>\nE       #3 0x55eae25ca671 <unknown>\nE       #4 0x55eae260ef14 <unknown>\nE       #5 0x55eae25ed4dd <unknown>\nE       #6 0x55eae260c2cc <unknown>\nE       #7 0x55eae25ed253 <unknown>\nE       #8 0x55eae25bd1c7 <unknown>\nE       #9 0x55eae25bdb3e <unknown>\nE       #10 0x55eae285b2cb <unknown>\nE       #11 0x55eae285f377 <unknown>\nE       #12 0x55eae2847dfe <unknown>\nE       #13 0x55eae285fe42 <unknown>\nE       #14 0x55eae282c79f <unknown>\nE       #15 0x55eae2884178 <unknown>\nE       #16 0x55eae288434b <unknown>\nE       #17 0x55eae2893fbc <unknown>\nE       #18 0x7f0e071cf134 <unknown>\n\n/usr/local/lib/python3.11/site-packages/selenium/webdriver/remote/errorhandler.py:229: NoSuchElementException","steps":[{"name":"Добавляем товар в корзину в количестве 25","time":{"start":1716771453181,"stop":1716771453197,"duration":16},"status":"broken","statusMessage":"selenium.common.exceptions.NoSuchElementException: Message: no such element: Unable to locate element: {\"method\":\"xpath\",\"selector\":\"(//a[@class='add-to-cart yellow-btn'])[1]\"}\n  (Session info: chrome-headless-shell=125.0.6422.78); For documentation on this error, please visit: https://www.selenium.dev/documentation/webdriver/troubleshooting/errors#no-such-element-exception\nStacktrace:\n#0 0x55eae2894e8a <unknown>\n#1 0x55eae257e45c <unknown>\n#2 0x55eae25ca5b5 <unknown>\n#3 0x55eae25ca671 <unknown>\n#4 0x55eae260ef14 <unknown>\n#5 0x55eae25ed4dd <unknown>\n#6 0x55eae260c2cc <unknown>\n#7 0x55eae25ed253 <unknown>\n#8 0x55eae25bd1c7 <unknown>\n#9 0x55eae25bdb3e <unknown>\n#10 0x55eae285b2cb <unknown>\n#11 0x55eae285f377 <unknown>\n#12 0x55eae2847dfe <unknown>\n#13 0x55eae285fe42 <unknown>\n#14 0x55eae282c79f <unknown>\n#15 0x55eae2884178 <unknown>\n#16 0x55eae288434b <unknown>\n#17 0x55eae2893fbc <unknown>\n#18 0x7f0e071cf134 <unknown>\n\n","statusTrace":"  File \"/usr/local/lib/python3.11/site-packages/allure_commons/_allure.py\", line 192, in impl\n    return func(*a, **kw)\n           ^^^^^^^^^^^^^^\n  File \"/app/pages/item_page.py\", line 40, in add_item_to_cart\n    self.find_element(self._add_item).click()\n    ^^^^^^^^^^^^^^^^^^^^^^^^^^^^^^^^^\n  File \"/app/base/seleniumbase.py\", line 17, in find_element\n    return self.driver.find_element(*locator)\n           ^^^^^^^^^^^^^^^^^^^^^^^^^^^^^^^^^^\n  File \"/usr/local/lib/python3.11/site-packages/selenium/webdriver/remote/webdriver.py\", line 739, in find_element\n    return self.execute(Command.FIND_ELEMENT, {\"using\": by, \"value\": value})[\"value\"]\n           ^^^^^^^^^^^^^^^^^^^^^^^^^^^^^^^^^^^^^^^^^^^^^^^^^^^^^^^^^^^^^^^^^\n  File \"/usr/local/lib/python3.11/site-packages/selenium/webdriver/remote/webdriver.py\", line 345, in execute\n    self.error_handler.check_response(response)\n  File \"/usr/local/lib/python3.11/site-packages/selenium/webdriver/remote/errorhandler.py\", line 229, in check_response\n    raise exception_class(message, screen, stacktrace)\n","steps":[],"attachments":[],"parameters":[{"name":"amount","value":"25"}],"shouldDisplayMessage":true,"stepsCount":0,"attachmentsCount":0,"hasContent":true,"attachmentStep":false}],"attachments":[{"uid":"c2aa1adc7e52e66b","name":"Screenshot","source":"c2aa1adc7e52e66b.png","type":"image/png","size":4720},{"uid":"a70d1268c3ac7a35","name":"HTML source","source":"a70d1268c3ac7a35.html","type":"text/html","size":39}],"parameters":[],"shouldDisplayMessage":true,"stepsCount":1,"attachmentsCount":2,"hasContent":true,"attachmentStep":false},"afterStages":[{"name":"setup::0","time":{"start":1716771453293,"stop":1716771453293,"duration":0},"status":"passed","steps":[],"attachments":[],"parameters":[],"shouldDisplayMessage":false,"stepsCount":0,"attachmentsCount":0,"hasContent":false,"attachmentStep":false},{"name":"driver::0","time":{"start":1716771453294,"stop":1716771453353,"duration":59},"status":"passed","steps":[],"attachments":[],"parameters":[],"shouldDisplayMessage":false,"stepsCount":0,"attachmentsCount":0,"hasContent":false,"attachmentStep":false}],"labels":[{"name":"epic","value":"Delivery Page - calculation"},{"name":"tag","value":"smoke_test"},{"name":"tag","value":"@pytest.mark.xfail"},{"name":"parentSuite","value":"tests.delivery"},{"name":"suite","value":"test_delivery_calculation"},{"name":"subSuite","value":"TestDeliveryPageCalculation"},{"name":"host","value":"106d80a92325"},{"name":"thread","value":"1-MainThread"},{"name":"framework","value":"pytest"},{"name":"language","value":"cpython3"},{"name":"package","value":"tests.delivery.test_delivery_calculation"},{"name":"resultFormat","value":"allure2"}],"parameters":[{"name":"all_time","value":"3320"},{"name":"amount","value":"25"},{"name":"case_id","value":"'TD 019'"},{"name":"in_time","value":"2490"},{"name":"link_item","value":"'products/shtukaturka-gipsovaya-aksolit-m50-30-kg-mashinnogo-naneseniya'"},{"name":"standard","value":"1150"},{"name":"url","value":"'https://sandboxtest.stroyrem-nn.ru/'"},{"name":"weight","value":"1700"}],"links":[],"hidden":false,"retry":false,"extra":{"severity":"normal","retries":[],"categories":[],"history":{"statistic":{"failed":0,"broken":13,"skipped":259,"passed":0,"unknown":0,"total":272},"items":[{"uid":"c92dcd4253d13b36","reportUrl":"https://Nat754.github.io/StroyremAutomation/319//#testresult/c92dcd4253d13b36","status":"skipped","statusDetails":"XFAIL\n\nselenium.common.exceptions.NoSuchElementException: Message: no such element: Unable to locate element: {\"method\":\"xpath\",\"selector\":\"(//a[@class='add-to-cart yellow-btn'])[1]\"}\n  (Session info: chrome-headless-shell=125.0.6422.78); For documentation on this error, please visit: https://www.selenium.dev/documentation/webdriver/troubleshooting/errors#no-such-element-exception\nStacktrace:\n#0 0x55b6f04b8e8a <unknown>\n#1 0x55b6f01a245c <unknown>\n#2 0x55b6f01ee5b5 <unknown>\n#3 0x55b6f01ee671 <unknown>\n#4 0x55b6f0232f14 <unknown>\n#5 0x55b6f02114dd <unknown>\n#6 0x55b6f02302cc <unknown>\n#7 0x55b6f0211253 <unknown>\n#8 0x55b6f01e11c7 <unknown>\n#9 0x55b6f01e1b3e <unknown>\n#10 0x55b6f047f2cb <unknown>\n#11 0x55b6f0483377 <unknown>\n#12 0x55b6f046bdfe <unknown>\n#13 0x55b6f0483e42 <unknown>\n#14 0x55b6f045079f <unknown>\n#15 0x55b6f04a8178 <unknown>\n#16 0x55b6f04a834b <unknown>\n#17 0x55b6f04b7fbc <unknown>\n#18 0x7ff97b092134 <unknown>","time":{"start":1716685218336,"stop":1716685218769,"duration":433}},{"uid":"f0e070e0dca45776","reportUrl":"https://Nat754.github.io/StroyremAutomation/318//#testresult/f0e070e0dca45776","status":"skipped","statusDetails":"XFAIL\n\nselenium.common.exceptions.NoSuchElementException: Message: no such element: Unable to locate element: {\"method\":\"xpath\",\"selector\":\"(//a[@class='add-to-cart yellow-btn'])[1]\"}\n  (Session info: chrome-headless-shell=125.0.6422.78); For documentation on this error, please visit: https://www.selenium.dev/documentation/webdriver/troubleshooting/errors#no-such-element-exception\nStacktrace:\n#0 0x559c82cd2e8a <unknown>\n#1 0x559c829bc45c <unknown>\n#2 0x559c82a085b5 <unknown>\n#3 0x559c82a08671 <unknown>\n#4 0x559c82a4cf14 <unknown>\n#5 0x559c82a2b4dd <unknown>\n#6 0x559c82a4a2cc <unknown>\n#7 0x559c82a2b253 <unknown>\n#8 0x559c829fb1c7 <unknown>\n#9 0x559c829fbb3e <unknown>\n#10 0x559c82c992cb <unknown>\n#11 0x559c82c9d377 <unknown>\n#12 0x559c82c85dfe <unknown>\n#13 0x559c82c9de42 <unknown>\n#14 0x559c82c6a79f <unknown>\n#15 0x559c82cc2178 <unknown>\n#16 0x559c82cc234b <unknown>\n#17 0x559c82cd1fbc <unknown>\n#18 0x7f96ccd84134 <unknown>","time":{"start":1716598550686,"stop":1716598550994,"duration":308}},{"uid":"19743e2767c40614","reportUrl":"https://Nat754.github.io/StroyremAutomation/317//#testresult/19743e2767c40614","status":"skipped","statusDetails":"XFAIL\n\nselenium.common.exceptions.NoSuchElementException: Message: no such element: Unable to locate element: {\"method\":\"xpath\",\"selector\":\"(//a[@class='add-to-cart yellow-btn'])[1]\"}\n  (Session info: chrome-headless-shell=125.0.6422.78); For documentation on this error, please visit: https://www.selenium.dev/documentation/webdriver/troubleshooting/errors#no-such-element-exception\nStacktrace:\n#0 0x55725f81be8a <unknown>\n#1 0x55725f50545c <unknown>\n#2 0x55725f5515b5 <unknown>\n#3 0x55725f551671 <unknown>\n#4 0x55725f595f14 <unknown>\n#5 0x55725f5744dd <unknown>\n#6 0x55725f5932cc <unknown>\n#7 0x55725f574253 <unknown>\n#8 0x55725f5441c7 <unknown>\n#9 0x55725f544b3e <unknown>\n#10 0x55725f7e22cb <unknown>\n#11 0x55725f7e6377 <unknown>\n#12 0x55725f7cedfe <unknown>\n#13 0x55725f7e6e42 <unknown>\n#14 0x55725f7b379f <unknown>\n#15 0x55725f80b178 <unknown>\n#16 0x55725f80b34b <unknown>\n#17 0x55725f81afbc <unknown>\n#18 0x7f5d90fa4134 <unknown>","time":{"start":1716512261618,"stop":1716512262020,"duration":402}},{"uid":"78deb75fd8d74806","reportUrl":"https://Nat754.github.io/StroyremAutomation/316//#testresult/78deb75fd8d74806","status":"skipped","statusDetails":"XFAIL\n\nselenium.common.exceptions.NoSuchElementException: Message: no such element: Unable to locate element: {\"method\":\"xpath\",\"selector\":\"(//a[@class='add-to-cart yellow-btn'])[1]\"}\n  (Session info: chrome-headless-shell=125.0.6422.76); For documentation on this error, please visit: https://www.selenium.dev/documentation/webdriver/troubleshooting/errors#no-such-element-exception\nStacktrace:\n#0 0x55ff9ff4be9a <unknown>\n#1 0x55ff9fc3545c <unknown>\n#2 0x55ff9fc815b5 <unknown>\n#3 0x55ff9fc81671 <unknown>\n#4 0x55ff9fcc5f14 <unknown>\n#5 0x55ff9fca44dd <unknown>\n#6 0x55ff9fcc32cc <unknown>\n#7 0x55ff9fca4253 <unknown>\n#8 0x55ff9fc741c7 <unknown>\n#9 0x55ff9fc74b3e <unknown>\n#10 0x55ff9ff122db <unknown>\n#11 0x55ff9ff16387 <unknown>\n#12 0x55ff9fefee0e <unknown>\n#13 0x55ff9ff16e52 <unknown>\n#14 0x55ff9fee37af <unknown>\n#15 0x55ff9ff3b188 <unknown>\n#16 0x55ff9ff3b35b <unknown>\n#17 0x55ff9ff4afcc <unknown>\n#18 0x7f6cc91aa134 <unknown>","time":{"start":1716425794540,"stop":1716425794851,"duration":311}},{"uid":"5e791522e9eebd53","reportUrl":"https://Nat754.github.io/StroyremAutomation/315//#testresult/5e791522e9eebd53","status":"skipped","statusDetails":"XFAIL\n\nselenium.common.exceptions.NoSuchElementException: Message: no such element: Unable to locate element: {\"method\":\"xpath\",\"selector\":\"(//a[@class='add-to-cart yellow-btn'])[1]\"}\n  (Session info: chrome-headless-shell=125.0.6422.76); For documentation on this error, please visit: https://www.selenium.dev/documentation/webdriver/troubleshooting/errors#no-such-element-exception\nStacktrace:\n#0 0x56379a080e9a <unknown>\n#1 0x563799d6a45c <unknown>\n#2 0x563799db65b5 <unknown>\n#3 0x563799db6671 <unknown>\n#4 0x563799dfaf14 <unknown>\n#5 0x563799dd94dd <unknown>\n#6 0x563799df82cc <unknown>\n#7 0x563799dd9253 <unknown>\n#8 0x563799da91c7 <unknown>\n#9 0x563799da9b3e <unknown>\n#10 0x56379a0472db <unknown>\n#11 0x56379a04b387 <unknown>\n#12 0x56379a033e0e <unknown>\n#13 0x56379a04be52 <unknown>\n#14 0x56379a0187af <unknown>\n#15 0x56379a070188 <unknown>\n#16 0x56379a07035b <unknown>\n#17 0x56379a07ffcc <unknown>\n#18 0x7fb9d6e43134 <unknown>","time":{"start":1716339399296,"stop":1716339399598,"duration":302}},{"uid":"f772fb8ea077fae5","reportUrl":"https://Nat754.github.io/StroyremAutomation/314//#testresult/f772fb8ea077fae5","status":"skipped","statusDetails":"XFAIL\n\nselenium.common.exceptions.NoSuchElementException: Message: no such element: Unable to locate element: {\"method\":\"xpath\",\"selector\":\"(//a[@class='add-to-cart yellow-btn'])[1]\"}\n  (Session info: chrome-headless-shell=125.0.6422.60); For documentation on this error, please visit: https://www.selenium.dev/documentation/webdriver/troubleshooting/errors#no-such-element-exception\nStacktrace:\n#0 0x562624a7aeca <unknown>\n#1 0x56262476445c <unknown>\n#2 0x5626247b05b5 <unknown>\n#3 0x5626247b0671 <unknown>\n#4 0x5626247f4f14 <unknown>\n#5 0x5626247d34dd <unknown>\n#6 0x5626247f22cc <unknown>\n#7 0x5626247d3253 <unknown>\n#8 0x5626247a31c7 <unknown>\n#9 0x5626247a3b3e <unknown>\n#10 0x562624a4130b <unknown>\n#11 0x562624a453b7 <unknown>\n#12 0x562624a2de3e <unknown>\n#13 0x562624a45e82 <unknown>\n#14 0x562624a127df <unknown>\n#15 0x562624a6a1b8 <unknown>\n#16 0x562624a6a38b <unknown>\n#17 0x562624a79ffc <unknown>\n#18 0x7f7c02bf2134 <unknown>","time":{"start":1716253054573,"stop":1716253054998,"duration":425}},{"uid":"a5b556cca7fda948","reportUrl":"https://Nat754.github.io/StroyremAutomation/313//#testresult/a5b556cca7fda948","status":"skipped","statusDetails":"XFAIL\n\nselenium.common.exceptions.NoSuchElementException: Message: no such element: Unable to locate element: {\"method\":\"xpath\",\"selector\":\"(//a[@class='add-to-cart yellow-btn'])[1]\"}\n  (Session info: chrome-headless-shell=125.0.6422.60); For documentation on this error, please visit: https://www.selenium.dev/documentation/webdriver/troubleshooting/errors#no-such-element-exception\nStacktrace:\n#0 0x56264347beca <unknown>\n#1 0x56264316545c <unknown>\n#2 0x5626431b15b5 <unknown>\n#3 0x5626431b1671 <unknown>\n#4 0x5626431f5f14 <unknown>\n#5 0x5626431d44dd <unknown>\n#6 0x5626431f32cc <unknown>\n#7 0x5626431d4253 <unknown>\n#8 0x5626431a41c7 <unknown>\n#9 0x5626431a4b3e <unknown>\n#10 0x56264344230b <unknown>\n#11 0x5626434463b7 <unknown>\n#12 0x56264342ee3e <unknown>\n#13 0x562643446e82 <unknown>\n#14 0x5626434137df <unknown>\n#15 0x56264346b1b8 <unknown>\n#16 0x56264346b38b <unknown>\n#17 0x56264347affc <unknown>\n#18 0x7f27b0ebc134 <unknown>","time":{"start":1716166640595,"stop":1716166640917,"duration":322}},{"uid":"35659197f40a43e","reportUrl":"https://Nat754.github.io/StroyremAutomation/312//#testresult/35659197f40a43e","status":"skipped","statusDetails":"XFAIL\n\nselenium.common.exceptions.NoSuchElementException: Message: no such element: Unable to locate element: {\"method\":\"xpath\",\"selector\":\"(//a[@class='add-to-cart yellow-btn'])[1]\"}\n  (Session info: chrome-headless-shell=125.0.6422.60); For documentation on this error, please visit: https://www.selenium.dev/documentation/webdriver/troubleshooting/errors#no-such-element-exception\nStacktrace:\n#0 0x55aeb27efeca <unknown>\n#1 0x55aeb24d945c <unknown>\n#2 0x55aeb25255b5 <unknown>\n#3 0x55aeb2525671 <unknown>\n#4 0x55aeb2569f14 <unknown>\n#5 0x55aeb25484dd <unknown>\n#6 0x55aeb25672cc <unknown>\n#7 0x55aeb2548253 <unknown>\n#8 0x55aeb25181c7 <unknown>\n#9 0x55aeb2518b3e <unknown>\n#10 0x55aeb27b630b <unknown>\n#11 0x55aeb27ba3b7 <unknown>\n#12 0x55aeb27a2e3e <unknown>\n#13 0x55aeb27bae82 <unknown>\n#14 0x55aeb27877df <unknown>\n#15 0x55aeb27df1b8 <unknown>\n#16 0x55aeb27df38b <unknown>\n#17 0x55aeb27eeffc <unknown>\n#18 0x7f847a0c6134 <unknown>","time":{"start":1716080430451,"stop":1716080430748,"duration":297}},{"uid":"8e627a7c2a2146a9","reportUrl":"https://Nat754.github.io/StroyremAutomation/311//#testresult/8e627a7c2a2146a9","status":"skipped","statusDetails":"XFAIL\n\nselenium.common.exceptions.NoSuchElementException: Message: no such element: Unable to locate element: {\"method\":\"xpath\",\"selector\":\"(//a[@class='add-to-cart yellow-btn'])[1]\"}\n  (Session info: chrome-headless-shell=125.0.6422.60); For documentation on this error, please visit: https://www.selenium.dev/documentation/webdriver/troubleshooting/errors#no-such-element-exception\nStacktrace:\n#0 0x55b5e2ed8eca <unknown>\n#1 0x55b5e2bc245c <unknown>\n#2 0x55b5e2c0e5b5 <unknown>\n#3 0x55b5e2c0e671 <unknown>\n#4 0x55b5e2c52f14 <unknown>\n#5 0x55b5e2c314dd <unknown>\n#6 0x55b5e2c502cc <unknown>\n#7 0x55b5e2c31253 <unknown>\n#8 0x55b5e2c011c7 <unknown>\n#9 0x55b5e2c01b3e <unknown>\n#10 0x55b5e2e9f30b <unknown>\n#11 0x55b5e2ea33b7 <unknown>\n#12 0x55b5e2e8be3e <unknown>\n#13 0x55b5e2ea3e82 <unknown>\n#14 0x55b5e2e707df <unknown>\n#15 0x55b5e2ec81b8 <unknown>\n#16 0x55b5e2ec838b <unknown>\n#17 0x55b5e2ed7ffc <unknown>\n#18 0x7f9205f55134 <unknown>","time":{"start":1715993814886,"stop":1715993815485,"duration":599}},{"uid":"950fd1885c19edad","reportUrl":"https://Nat754.github.io/StroyremAutomation/310//#testresult/950fd1885c19edad","status":"skipped","statusDetails":"XFAIL\n\nselenium.common.exceptions.NoSuchElementException: Message: no such element: Unable to locate element: {\"method\":\"xpath\",\"selector\":\"(//a[@class='add-to-cart yellow-btn'])[1]\"}\n  (Session info: chrome-headless-shell=125.0.6422.60); For documentation on this error, please visit: https://www.selenium.dev/documentation/webdriver/troubleshooting/errors#no-such-element-exception\nStacktrace:\n#0 0x55588c1daeca <unknown>\n#1 0x55588bec445c <unknown>\n#2 0x55588bf105b5 <unknown>\n#3 0x55588bf10671 <unknown>\n#4 0x55588bf54f14 <unknown>\n#5 0x55588bf334dd <unknown>\n#6 0x55588bf522cc <unknown>\n#7 0x55588bf33253 <unknown>\n#8 0x55588bf031c7 <unknown>\n#9 0x55588bf03b3e <unknown>\n#10 0x55588c1a130b <unknown>\n#11 0x55588c1a53b7 <unknown>\n#12 0x55588c18de3e <unknown>\n#13 0x55588c1a5e82 <unknown>\n#14 0x55588c1727df <unknown>\n#15 0x55588c1ca1b8 <unknown>\n#16 0x55588c1ca38b <unknown>\n#17 0x55588c1d9ffc <unknown>\n#18 0x7f50cdeb8134 <unknown>","time":{"start":1715907398196,"stop":1715907398747,"duration":551}},{"uid":"4e6c84e68bff16a5","reportUrl":"https://Nat754.github.io/StroyremAutomation/309//#testresult/4e6c84e68bff16a5","status":"skipped","statusDetails":"XFAIL\n\nselenium.common.exceptions.NoSuchElementException: Message: no such element: Unable to locate element: {\"method\":\"xpath\",\"selector\":\"(//a[@class='add-to-cart yellow-btn'])[1]\"}\n  (Session info: chrome-headless-shell=125.0.6422.60); For documentation on this error, please visit: https://www.selenium.dev/documentation/webdriver/troubleshooting/errors#no-such-element-exception\nStacktrace:\n#0 0x562801304eca <unknown>\n#1 0x562800fee45c <unknown>\n#2 0x56280103a5b5 <unknown>\n#3 0x56280103a671 <unknown>\n#4 0x56280107ef14 <unknown>\n#5 0x56280105d4dd <unknown>\n#6 0x56280107c2cc <unknown>\n#7 0x56280105d253 <unknown>\n#8 0x56280102d1c7 <unknown>\n#9 0x56280102db3e <unknown>\n#10 0x5628012cb30b <unknown>\n#11 0x5628012cf3b7 <unknown>\n#12 0x5628012b7e3e <unknown>\n#13 0x5628012cfe82 <unknown>\n#14 0x56280129c7df <unknown>\n#15 0x5628012f41b8 <unknown>\n#16 0x5628012f438b <unknown>\n#17 0x562801303ffc <unknown>\n#18 0x7f88bdeb8134 <unknown>","time":{"start":1715821066766,"stop":1715821067156,"duration":390}},{"uid":"4f4e657bdd103bc1","reportUrl":"https://Nat754.github.io/StroyremAutomation/308//#testresult/4f4e657bdd103bc1","status":"skipped","statusDetails":"XFAIL\n\nselenium.common.exceptions.NoSuchElementException: Message: no such element: Unable to locate element: {\"method\":\"xpath\",\"selector\":\"(//a[@class='add-to-cart yellow-btn'])[1]\"}\n  (Session info: chrome-headless-shell=124.0.6367.207); For documentation on this error, please visit: https://www.selenium.dev/documentation/webdriver/troubleshooting/errors#no-such-element-exception\nStacktrace:\n#0 0x55f4fee3bdc3 <unknown>\n#1 0x55f4feb2a4e7 <unknown>\n#2 0x55f4feb7535d <unknown>\n#3 0x55f4feb75411 <unknown>\n#4 0x55f4febb8774 <unknown>\n#5 0x55f4feb9747d <unknown>\n#6 0x55f4febb5c29 <unknown>\n#7 0x55f4feb971f3 <unknown>\n#8 0x55f4feb6828a <unknown>\n#9 0x55f4feb68c5e <unknown>\n#10 0x55f4fee000eb <unknown>\n#11 0x55f4fee0403b <unknown>\n#12 0x55f4fedec201 <unknown>\n#13 0x55f4fee04ba2 <unknown>\n#14 0x55f4fedd10bf <unknown>\n#15 0x55f4fee2af18 <unknown>\n#16 0x55f4fee2b0f0 <unknown>\n#17 0x55f4fee3af14 <unknown>\n#18 0x7f24a8826134 <unknown>","time":{"start":1715734587363,"stop":1715734587668,"duration":305}},{"uid":"81af1315172f5753","reportUrl":"https://Nat754.github.io/StroyremAutomation/307//#testresult/81af1315172f5753","status":"skipped","statusDetails":"XFAIL\n\nselenium.common.exceptions.NoSuchElementException: Message: no such element: Unable to locate element: {\"method\":\"xpath\",\"selector\":\"(//a[@class='add-to-cart yellow-btn'])[1]\"}\n  (Session info: chrome-headless-shell=124.0.6367.207); For documentation on this error, please visit: https://www.selenium.dev/documentation/webdriver/troubleshooting/errors#no-such-element-exception\nStacktrace:\n#0 0x564f078ffdc3 <unknown>\n#1 0x564f075ee4e7 <unknown>\n#2 0x564f0763935d <unknown>\n#3 0x564f07639411 <unknown>\n#4 0x564f0767c774 <unknown>\n#5 0x564f0765b47d <unknown>\n#6 0x564f07679c29 <unknown>\n#7 0x564f0765b1f3 <unknown>\n#8 0x564f0762c28a <unknown>\n#9 0x564f0762cc5e <unknown>\n#10 0x564f078c40eb <unknown>\n#11 0x564f078c803b <unknown>\n#12 0x564f078b0201 <unknown>\n#13 0x564f078c8ba2 <unknown>\n#14 0x564f078950bf <unknown>\n#15 0x564f078eef18 <unknown>\n#16 0x564f078ef0f0 <unknown>\n#17 0x564f078fef14 <unknown>\n#18 0x7fd991f9a134 <unknown>","time":{"start":1715648195943,"stop":1715648196359,"duration":416}},{"uid":"e3d14c1b09aa44eb","reportUrl":"https://Nat754.github.io/StroyremAutomation/306//#testresult/e3d14c1b09aa44eb","status":"skipped","statusDetails":"XFAIL\n\nselenium.common.exceptions.NoSuchElementException: Message: no such element: Unable to locate element: {\"method\":\"xpath\",\"selector\":\"(//a[@class='add-to-cart yellow-btn'])[1]\"}\n  (Session info: chrome-headless-shell=124.0.6367.201); For documentation on this error, please visit: https://www.selenium.dev/documentation/webdriver/troubleshooting/errors#no-such-element-exception\nStacktrace:\n#0 0x5559abceee43 <unknown>\n#1 0x5559ab9dd4e7 <unknown>\n#2 0x5559aba2835d <unknown>\n#3 0x5559aba28411 <unknown>\n#4 0x5559aba6b774 <unknown>\n#5 0x5559aba4a47d <unknown>\n#6 0x5559aba68c29 <unknown>\n#7 0x5559aba4a1f3 <unknown>\n#8 0x5559aba1b28a <unknown>\n#9 0x5559aba1bc5e <unknown>\n#10 0x5559abcb316b <unknown>\n#11 0x5559abcb70bb <unknown>\n#12 0x5559abc9f281 <unknown>\n#13 0x5559abcb7c22 <unknown>\n#14 0x5559abc8413f <unknown>\n#15 0x5559abcddf98 <unknown>\n#16 0x5559abcde170 <unknown>\n#17 0x5559abcedf94 <unknown>\n#18 0x7f6bf4ca0134 <unknown>","time":{"start":1715561905809,"stop":1715561906244,"duration":435}},{"uid":"88e09cb8f658681d","reportUrl":"https://Nat754.github.io/StroyremAutomation/305//#testresult/88e09cb8f658681d","status":"skipped","statusDetails":"XFAIL\n\nselenium.common.exceptions.NoSuchElementException: Message: no such element: Unable to locate element: {\"method\":\"xpath\",\"selector\":\"(//a[@class='add-to-cart yellow-btn'])[1]\"}\n  (Session info: chrome-headless-shell=124.0.6367.201); For documentation on this error, please visit: https://www.selenium.dev/documentation/webdriver/troubleshooting/errors#no-such-element-exception\nStacktrace:\n#0 0x555e2f5dde43 <unknown>\n#1 0x555e2f2cc4e7 <unknown>\n#2 0x555e2f31735d <unknown>\n#3 0x555e2f317411 <unknown>\n#4 0x555e2f35a774 <unknown>\n#5 0x555e2f33947d <unknown>\n#6 0x555e2f357c29 <unknown>\n#7 0x555e2f3391f3 <unknown>\n#8 0x555e2f30a28a <unknown>\n#9 0x555e2f30ac5e <unknown>\n#10 0x555e2f5a216b <unknown>\n#11 0x555e2f5a60bb <unknown>\n#12 0x555e2f58e281 <unknown>\n#13 0x555e2f5a6c22 <unknown>\n#14 0x555e2f57313f <unknown>\n#15 0x555e2f5ccf98 <unknown>\n#16 0x555e2f5cd170 <unknown>\n#17 0x555e2f5dcf94 <unknown>\n#18 0x7fdb20ca1134 <unknown>","time":{"start":1715475579645,"stop":1715475579943,"duration":298}},{"uid":"ee1855690b09bcca","reportUrl":"https://Nat754.github.io/StroyremAutomation/304//#testresult/ee1855690b09bcca","status":"skipped","statusDetails":"XFAIL\n\nselenium.common.exceptions.NoSuchElementException: Message: no such element: Unable to locate element: {\"method\":\"xpath\",\"selector\":\"(//a[@class='add-to-cart yellow-btn'])[1]\"}\n  (Session info: chrome-headless-shell=124.0.6367.201); For documentation on this error, please visit: https://www.selenium.dev/documentation/webdriver/troubleshooting/errors#no-such-element-exception\nStacktrace:\n#0 0x55c36e8bae43 <unknown>\n#1 0x55c36e5a94e7 <unknown>\n#2 0x55c36e5f435d <unknown>\n#3 0x55c36e5f4411 <unknown>\n#4 0x55c36e637774 <unknown>\n#5 0x55c36e61647d <unknown>\n#6 0x55c36e634c29 <unknown>\n#7 0x55c36e6161f3 <unknown>\n#8 0x55c36e5e728a <unknown>\n#9 0x55c36e5e7c5e <unknown>\n#10 0x55c36e87f16b <unknown>\n#11 0x55c36e8830bb <unknown>\n#12 0x55c36e86b281 <unknown>\n#13 0x55c36e883c22 <unknown>\n#14 0x55c36e85013f <unknown>\n#15 0x55c36e8a9f98 <unknown>\n#16 0x55c36e8aa170 <unknown>\n#17 0x55c36e8b9f94 <unknown>\n#18 0x7fca44f06134 <unknown>","time":{"start":1715388864109,"stop":1715388864530,"duration":421}},{"uid":"6e2fd472034ae53c","reportUrl":"https://Nat754.github.io/StroyremAutomation/303//#testresult/6e2fd472034ae53c","status":"skipped","statusDetails":"XFAIL\n\nselenium.common.exceptions.NoSuchElementException: Message: no such element: Unable to locate element: {\"method\":\"xpath\",\"selector\":\"(//a[@class='add-to-cart yellow-btn'])[1]\"}\n  (Session info: chrome-headless-shell=124.0.6367.201); For documentation on this error, please visit: https://www.selenium.dev/documentation/webdriver/troubleshooting/errors#no-such-element-exception\nStacktrace:\n#0 0x56474da65e43 <unknown>\n#1 0x56474d7544e7 <unknown>\n#2 0x56474d79f35d <unknown>\n#3 0x56474d79f411 <unknown>\n#4 0x56474d7e2774 <unknown>\n#5 0x56474d7c147d <unknown>\n#6 0x56474d7dfc29 <unknown>\n#7 0x56474d7c11f3 <unknown>\n#8 0x56474d79228a <unknown>\n#9 0x56474d792c5e <unknown>\n#10 0x56474da2a16b <unknown>\n#11 0x56474da2e0bb <unknown>\n#12 0x56474da16281 <unknown>\n#13 0x56474da2ec22 <unknown>\n#14 0x56474d9fb13f <unknown>\n#15 0x56474da54f98 <unknown>\n#16 0x56474da55170 <unknown>\n#17 0x56474da64f94 <unknown>\n#18 0x7f6af6b0e134 <unknown>","time":{"start":1715302608122,"stop":1715302608549,"duration":427}},{"uid":"e770b28b789ee796","reportUrl":"https://Nat754.github.io/StroyremAutomation/302//#testresult/e770b28b789ee796","status":"skipped","statusDetails":"XFAIL\n\nselenium.common.exceptions.NoSuchElementException: Message: no such element: Unable to locate element: {\"method\":\"xpath\",\"selector\":\"(//a[@class='add-to-cart yellow-btn'])[1]\"}\n  (Session info: chrome-headless-shell=124.0.6367.155); For documentation on this error, please visit: https://www.selenium.dev/documentation/webdriver/troubleshooting/errors#no-such-element-exception\nStacktrace:\n#0 0x5653fbec5df3 <unknown>\n#1 0x5653fbbb44e7 <unknown>\n#2 0x5653fbbff35d <unknown>\n#3 0x5653fbbff411 <unknown>\n#4 0x5653fbc42774 <unknown>\n#5 0x5653fbc2147d <unknown>\n#6 0x5653fbc3fc29 <unknown>\n#7 0x5653fbc211f3 <unknown>\n#8 0x5653fbbf228a <unknown>\n#9 0x5653fbbf2c5e <unknown>\n#10 0x5653fbe8a11b <unknown>\n#11 0x5653fbe8e06b <unknown>\n#12 0x5653fbe76231 <unknown>\n#13 0x5653fbe8ebd2 <unknown>\n#14 0x5653fbe5b0ef <unknown>\n#15 0x5653fbeb4f48 <unknown>\n#16 0x5653fbeb5120 <unknown>\n#17 0x5653fbec4f44 <unknown>\n#18 0x7ff417155134 <unknown>","time":{"start":1715216121538,"stop":1715216122063,"duration":525}},{"uid":"1b7514c13b2c099b","reportUrl":"https://Nat754.github.io/StroyremAutomation/301//#testresult/1b7514c13b2c099b","status":"skipped","statusDetails":"XFAIL\n\nselenium.common.exceptions.NoSuchElementException: Message: no such element: Unable to locate element: {\"method\":\"xpath\",\"selector\":\"(//a[@class='add-to-cart yellow-btn'])[1]\"}\n  (Session info: chrome-headless-shell=124.0.6367.155); For documentation on this error, please visit: https://www.selenium.dev/documentation/webdriver/troubleshooting/errors#no-such-element-exception\nStacktrace:\n#0 0x56293d21bdf3 <unknown>\n#1 0x56293cf0a4e7 <unknown>\n#2 0x56293cf5535d <unknown>\n#3 0x56293cf55411 <unknown>\n#4 0x56293cf98774 <unknown>\n#5 0x56293cf7747d <unknown>\n#6 0x56293cf95c29 <unknown>\n#7 0x56293cf771f3 <unknown>\n#8 0x56293cf4828a <unknown>\n#9 0x56293cf48c5e <unknown>\n#10 0x56293d1e011b <unknown>\n#11 0x56293d1e406b <unknown>\n#12 0x56293d1cc231 <unknown>\n#13 0x56293d1e4bd2 <unknown>\n#14 0x56293d1b10ef <unknown>\n#15 0x56293d20af48 <unknown>\n#16 0x56293d20b120 <unknown>\n#17 0x56293d21af44 <unknown>\n#18 0x7f19b3359134 <unknown>","time":{"start":1715129217270,"stop":1715129217702,"duration":432}},{"uid":"95aba3e2892b2638","reportUrl":"https://Nat754.github.io/StroyremAutomation/300//#testresult/95aba3e2892b2638","status":"skipped","statusDetails":"XFAIL\n\nselenium.common.exceptions.NoSuchElementException: Message: no such element: Unable to locate element: {\"method\":\"xpath\",\"selector\":\"(//a[@class='add-to-cart yellow-btn'])[1]\"}\n  (Session info: chrome-headless-shell=124.0.6367.91); For documentation on this error, please visit: https://www.selenium.dev/documentation/webdriver/troubleshooting/errors#no-such-element-exception\nStacktrace:\n#0 0x5580682b9cb3 <unknown>\n#1 0x558067fa84a7 <unknown>\n#2 0x558067ff331d <unknown>\n#3 0x558067ff33d1 <unknown>\n#4 0x558068036734 <unknown>\n#5 0x55806801543d <unknown>\n#6 0x558068033be9 <unknown>\n#7 0x5580680151b3 <unknown>\n#8 0x558067fe624a <unknown>\n#9 0x558067fe6c1e <unknown>\n#10 0x55806827dfdb <unknown>\n#11 0x558068281f2b <unknown>\n#12 0x55806826a0f1 <unknown>\n#13 0x558068282a92 <unknown>\n#14 0x55806824efaf <unknown>\n#15 0x5580682a8e08 <unknown>\n#16 0x5580682a8fe0 <unknown>\n#17 0x5580682b8e04 <unknown>\n#18 0x7f1f99ef1134 <unknown>","time":{"start":1715043303065,"stop":1715043303472,"duration":407}}]},"tags":["@pytest.mark.xfail","smoke_test"]},"source":"5eb28e232d364639.json","parameterValues":["3320","25","'TD 019'","2490","'products/shtukaturka-gipsovaya-aksolit-m50-30-kg-mashinnogo-naneseniya'","1150","'https://sandboxtest.stroyrem-nn.ru/'","1700"]}