{"uid":"b2887e5a3bb2f920","name":"test_positive_delivery_green_zone_smoke[TD 005-products/shtukaturka-gipsovaya-aksolit-m50-30-kg-mashinnogo-naneseniya-16-500-600-1590-2190-https://sandboxtest.stroyrem-nn.ru/]","fullName":"tests.delivery.test_delivery_calculation.TestDeliveryPageCalculation#test_positive_delivery_green_zone_smoke","historyId":"e6058ae35d5a637089e6a6aa5edf052c","time":{"start":1696380796153,"stop":1696380796619,"duration":466},"status":"skipped","statusMessage":"XFAIL\n\nselenium.common.exceptions.NoSuchElementException: Message: no such element: Unable to locate element: {\"method\":\"xpath\",\"selector\":\"(//a[@class='add-to-cart yellow-btn'])[1]\"}\n  (Session info: headless chrome=117.0.5938.92); For documentation on this error, please visit: https://www.selenium.dev/documentation/webdriver/troubleshooting/errors#no-such-element-exception\nStacktrace:\n#0 0x5653861046b3 <unknown>\n#1 0x565385dda1e7 <unknown>\n#2 0x565385e21566 <unknown>\n#3 0x565385e21651 <unknown>\n#4 0x565385e5ea74 <unknown>\n#5 0x565385e430ed <unknown>\n#6 0x565385e5c322 <unknown>\n#7 0x565385e42e93 <unknown>\n#8 0x565385e15934 <unknown>\n#9 0x565385e1671e <unknown>\n#10 0x5653860c9cb8 <unknown>\n#11 0x5653860cdbf0 <unknown>\n#12 0x5653860d819c <unknown>\n#13 0x5653860ce808 <unknown>\n#14 0x56538609b27f <unknown>\n#15 0x5653860f2e88 <unknown>\n#16 0x5653860f3059 <unknown>\n#17 0x565386103843 <unknown>\n#18 0x7fda57964044 <unknown>","statusTrace":"self = <tests.delivery.test_delivery_calculation.TestDeliveryPageCalculation object at 0x7f1633af4f50>\ndriver = <selenium.webdriver.chrome.webdriver.WebDriver (session=\"fac03cf578fa4c22415381de55f7b03b\")>\nurl = 'https://sandboxtest.stroyrem-nn.ru/', case_id = 'TD 005'\nlink_item = 'products/shtukaturka-gipsovaya-aksolit-m50-30-kg-mashinnogo-naneseniya'\namount = 16, weight = 500, standard = 600, in_time = 1590, all_time = 2190\n\n    @pytest.mark.parametrize('case_id, link_item, amount, weight, standard, in_time, all_time', [\n        (\"TD 001\", uroven_3000, 1, 30, 0, 1590, 2190),\n        (\"TD 002\", bundeks_25, 1, 30, 400, 1590, 2190),\n        (\"TD 003\", aksolit_30, 8, 300, 400, 1590, 2190),\n        (\"TD 004\", aksolit_30, 13, 400, 450, 1590, 2190),\n        (\"TD 005\", aksolit_30, 16, 500, 600, 1590, 2190),\n        (\"TD 006\", aksolit_30, 25, 1700, 990, 1990, 2480),\n        (\"TD 007\", aksolit_30, 66, 2000, 1300, 2490, 2980),\n        (\"TD 008\", aksolit_30, 149, 4500, 2300, 3980, 4490),\n        (\"TD 009\", aksolit_30, 166, 5000, 2500, 4990, 5480),\n        pytest.param(\n            \"TD 010\", aksolit_30, 206, 6200, 2900, 5570, 6120,\n            marks=pytest.mark.xfail(reson=\"Цена доставки 3600 7960 8980\")\n        ),\n        (\"TD 011\", aksolit_30, 299, 9000, 3600, 7960, 8980),\n        (\"TD 012\", aksolit_30, 333, 10000, 4450, 11990, 12500),\n        pytest.param(\n            \"TD 013\", aksolit_30, 366, 11000, 4800, 12450, 13480,\n            marks=pytest.mark.xfail(reason=\"Цена стандартной доставки 4450\")\n        ),\n        pytest.param(\n            \"TD 014\", aksolit_30, 666, 20000, 5400, 15600, 17490,\n            marks=pytest.mark.xfail(reason=\"Цена стандартной доставки 4450\")\n        )\n    ])\n    @pytest.mark.xfail\n    @pytest.mark.smoke_test\n    def test_positive_delivery_green_zone_smoke(\n            self, driver, url, case_id, link_item, amount, weight, standard, in_time, all_time\n    ):\n    \n        driver.get(f'{url}{link_item}')\n        item_page = ItemPage(driver)\n>       item_page.add_item_to_cart(amount).click_on_cart()\n\ntests/delivery/test_delivery_calculation.py:50: \n_ _ _ _ _ _ _ _ _ _ _ _ _ _ _ _ _ _ _ _ _ _ _ _ _ _ _ _ _ _ _ _ _ _ _ _ _ _ _ _ \npages/item_page.py:40: in add_item_to_cart\n    self.find_element(self._add_item).click()\nbase/seleniumbase.py:17: in find_element\n    return self.driver.find_element(*locator)\n/usr/local/lib/python3.11/site-packages/selenium/webdriver/remote/webdriver.py:739: in find_element\n    return self.execute(Command.FIND_ELEMENT, {\"using\": by, \"value\": value})[\"value\"]\n/usr/local/lib/python3.11/site-packages/selenium/webdriver/remote/webdriver.py:345: in execute\n    self.error_handler.check_response(response)\n_ _ _ _ _ _ _ _ _ _ _ _ _ _ _ _ _ _ _ _ _ _ _ _ _ _ _ _ _ _ _ _ _ _ _ _ _ _ _ _ \n\nself = <selenium.webdriver.remote.errorhandler.ErrorHandler object at 0x7f1634a62510>\nresponse = {'status': 404, 'value': '{\"value\":{\"error\":\"no such element\",\"message\":\"no such element: Unable to locate element: {\\...\\\\n#16 0x5653860f3059 \\\\u003Cunknown>\\\\n#17 0x565386103843 \\\\u003Cunknown>\\\\n#18 0x7fda57964044 \\\\u003Cunknown>\\\\n\"}}'}\n\n    def check_response(self, response: Dict[str, Any]) -> None:\n        \"\"\"Checks that a JSON response from the WebDriver does not have an\n        error.\n    \n        :Args:\n         - response - The JSON response from the WebDriver server as a dictionary\n           object.\n    \n        :Raises: If the response contains an error message.\n        \"\"\"\n        status = response.get(\"status\", None)\n        if not status or status == ErrorCode.SUCCESS:\n            return\n        value = None\n        message = response.get(\"message\", \"\")\n        screen: str = response.get(\"screen\", \"\")\n        stacktrace = None\n        if isinstance(status, int):\n            value_json = response.get(\"value\", None)\n            if value_json and isinstance(value_json, str):\n                import json\n    \n                try:\n                    value = json.loads(value_json)\n                    if len(value) == 1:\n                        value = value[\"value\"]\n                    status = value.get(\"error\", None)\n                    if not status:\n                        status = value.get(\"status\", ErrorCode.UNKNOWN_ERROR)\n                        message = value.get(\"value\") or value.get(\"message\")\n                        if not isinstance(message, str):\n                            value = message\n                            message = message.get(\"message\")\n                    else:\n                        message = value.get(\"message\", None)\n                except ValueError:\n                    pass\n    \n        exception_class: Type[WebDriverException]\n        e = ErrorCode()\n        error_codes = [item for item in dir(e) if not item.startswith(\"__\")]\n        for error_code in error_codes:\n            error_info = getattr(ErrorCode, error_code)\n            if isinstance(error_info, list) and status in error_info:\n                exception_class = getattr(ExceptionMapping, error_code, WebDriverException)\n                break\n        else:\n            exception_class = WebDriverException\n    \n        if not value:\n            value = response[\"value\"]\n        if isinstance(value, str):\n            raise exception_class(value)\n        if message == \"\" and \"message\" in value:\n            message = value[\"message\"]\n    \n        screen = None  # type: ignore[assignment]\n        if \"screen\" in value:\n            screen = value[\"screen\"]\n    \n        stacktrace = None\n        st_value = value.get(\"stackTrace\") or value.get(\"stacktrace\")\n        if st_value:\n            if isinstance(st_value, str):\n                stacktrace = st_value.split(\"\\n\")\n            else:\n                stacktrace = []\n                try:\n                    for frame in st_value:\n                        line = frame.get(\"lineNumber\", \"\")\n                        file = frame.get(\"fileName\", \"<anonymous>\")\n                        if line:\n                            file = f\"{file}:{line}\"\n                        meth = frame.get(\"methodName\", \"<anonymous>\")\n                        if \"className\" in frame:\n                            meth = f\"{frame['className']}.{meth}\"\n                        msg = \"    at %s (%s)\"\n                        msg = msg % (meth, file)\n                        stacktrace.append(msg)\n                except TypeError:\n                    pass\n        if exception_class == UnexpectedAlertPresentException:\n            alert_text = None\n            if \"data\" in value:\n                alert_text = value[\"data\"].get(\"text\")\n            elif \"alert\" in value:\n                alert_text = value[\"alert\"].get(\"text\")\n            raise exception_class(message, screen, stacktrace, alert_text)  # type: ignore[call-arg]  # mypy is not smart enough here\n>       raise exception_class(message, screen, stacktrace)\nE       selenium.common.exceptions.NoSuchElementException: Message: no such element: Unable to locate element: {\"method\":\"xpath\",\"selector\":\"(//a[@class='add-to-cart yellow-btn'])[1]\"}\nE         (Session info: headless chrome=117.0.5938.92); For documentation on this error, please visit: https://www.selenium.dev/documentation/webdriver/troubleshooting/errors#no-such-element-exception\nE       Stacktrace:\nE       #0 0x5653861046b3 <unknown>\nE       #1 0x565385dda1e7 <unknown>\nE       #2 0x565385e21566 <unknown>\nE       #3 0x565385e21651 <unknown>\nE       #4 0x565385e5ea74 <unknown>\nE       #5 0x565385e430ed <unknown>\nE       #6 0x565385e5c322 <unknown>\nE       #7 0x565385e42e93 <unknown>\nE       #8 0x565385e15934 <unknown>\nE       #9 0x565385e1671e <unknown>\nE       #10 0x5653860c9cb8 <unknown>\nE       #11 0x5653860cdbf0 <unknown>\nE       #12 0x5653860d819c <unknown>\nE       #13 0x5653860ce808 <unknown>\nE       #14 0x56538609b27f <unknown>\nE       #15 0x5653860f2e88 <unknown>\nE       #16 0x5653860f3059 <unknown>\nE       #17 0x565386103843 <unknown>\nE       #18 0x7fda57964044 <unknown>\n\n/usr/local/lib/python3.11/site-packages/selenium/webdriver/remote/errorhandler.py:229: NoSuchElementException","flaky":false,"newFailed":false,"newBroken":false,"newPassed":false,"retriesCount":0,"retriesStatusChange":false,"beforeStages":[{"name":"_session_faker","time":{"start":1696380501434,"stop":1696380501517,"duration":83},"status":"passed","steps":[],"attachments":[],"parameters":[],"shouldDisplayMessage":false,"stepsCount":0,"attachmentsCount":0,"hasContent":false},{"name":"clear_allure_results_folder","time":{"start":1696380501517,"stop":1696380501517,"duration":0},"status":"passed","steps":[],"attachments":[],"parameters":[],"shouldDisplayMessage":false,"stepsCount":0,"attachmentsCount":0,"hasContent":false},{"name":"driver","time":{"start":1696380795335,"stop":1696380796151,"duration":816},"status":"passed","steps":[],"attachments":[],"parameters":[],"shouldDisplayMessage":false,"stepsCount":0,"attachmentsCount":0,"hasContent":false},{"name":"setup","time":{"start":1696380796151,"stop":1696380796151,"duration":0},"status":"passed","steps":[],"attachments":[],"parameters":[],"shouldDisplayMessage":false,"stepsCount":0,"attachmentsCount":0,"hasContent":false}],"testStage":{"status":"skipped","statusMessage":"XFAIL\n\nselenium.common.exceptions.NoSuchElementException: Message: no such element: Unable to locate element: {\"method\":\"xpath\",\"selector\":\"(//a[@class='add-to-cart yellow-btn'])[1]\"}\n  (Session info: headless chrome=117.0.5938.92); For documentation on this error, please visit: https://www.selenium.dev/documentation/webdriver/troubleshooting/errors#no-such-element-exception\nStacktrace:\n#0 0x5653861046b3 <unknown>\n#1 0x565385dda1e7 <unknown>\n#2 0x565385e21566 <unknown>\n#3 0x565385e21651 <unknown>\n#4 0x565385e5ea74 <unknown>\n#5 0x565385e430ed <unknown>\n#6 0x565385e5c322 <unknown>\n#7 0x565385e42e93 <unknown>\n#8 0x565385e15934 <unknown>\n#9 0x565385e1671e <unknown>\n#10 0x5653860c9cb8 <unknown>\n#11 0x5653860cdbf0 <unknown>\n#12 0x5653860d819c <unknown>\n#13 0x5653860ce808 <unknown>\n#14 0x56538609b27f <unknown>\n#15 0x5653860f2e88 <unknown>\n#16 0x5653860f3059 <unknown>\n#17 0x565386103843 <unknown>\n#18 0x7fda57964044 <unknown>","statusTrace":"self = <tests.delivery.test_delivery_calculation.TestDeliveryPageCalculation object at 0x7f1633af4f50>\ndriver = <selenium.webdriver.chrome.webdriver.WebDriver (session=\"fac03cf578fa4c22415381de55f7b03b\")>\nurl = 'https://sandboxtest.stroyrem-nn.ru/', case_id = 'TD 005'\nlink_item = 'products/shtukaturka-gipsovaya-aksolit-m50-30-kg-mashinnogo-naneseniya'\namount = 16, weight = 500, standard = 600, in_time = 1590, all_time = 2190\n\n    @pytest.mark.parametrize('case_id, link_item, amount, weight, standard, in_time, all_time', [\n        (\"TD 001\", uroven_3000, 1, 30, 0, 1590, 2190),\n        (\"TD 002\", bundeks_25, 1, 30, 400, 1590, 2190),\n        (\"TD 003\", aksolit_30, 8, 300, 400, 1590, 2190),\n        (\"TD 004\", aksolit_30, 13, 400, 450, 1590, 2190),\n        (\"TD 005\", aksolit_30, 16, 500, 600, 1590, 2190),\n        (\"TD 006\", aksolit_30, 25, 1700, 990, 1990, 2480),\n        (\"TD 007\", aksolit_30, 66, 2000, 1300, 2490, 2980),\n        (\"TD 008\", aksolit_30, 149, 4500, 2300, 3980, 4490),\n        (\"TD 009\", aksolit_30, 166, 5000, 2500, 4990, 5480),\n        pytest.param(\n            \"TD 010\", aksolit_30, 206, 6200, 2900, 5570, 6120,\n            marks=pytest.mark.xfail(reson=\"Цена доставки 3600 7960 8980\")\n        ),\n        (\"TD 011\", aksolit_30, 299, 9000, 3600, 7960, 8980),\n        (\"TD 012\", aksolit_30, 333, 10000, 4450, 11990, 12500),\n        pytest.param(\n            \"TD 013\", aksolit_30, 366, 11000, 4800, 12450, 13480,\n            marks=pytest.mark.xfail(reason=\"Цена стандартной доставки 4450\")\n        ),\n        pytest.param(\n            \"TD 014\", aksolit_30, 666, 20000, 5400, 15600, 17490,\n            marks=pytest.mark.xfail(reason=\"Цена стандартной доставки 4450\")\n        )\n    ])\n    @pytest.mark.xfail\n    @pytest.mark.smoke_test\n    def test_positive_delivery_green_zone_smoke(\n            self, driver, url, case_id, link_item, amount, weight, standard, in_time, all_time\n    ):\n    \n        driver.get(f'{url}{link_item}')\n        item_page = ItemPage(driver)\n>       item_page.add_item_to_cart(amount).click_on_cart()\n\ntests/delivery/test_delivery_calculation.py:50: \n_ _ _ _ _ _ _ _ _ _ _ _ _ _ _ _ _ _ _ _ _ _ _ _ _ _ _ _ _ _ _ _ _ _ _ _ _ _ _ _ \npages/item_page.py:40: in add_item_to_cart\n    self.find_element(self._add_item).click()\nbase/seleniumbase.py:17: in find_element\n    return self.driver.find_element(*locator)\n/usr/local/lib/python3.11/site-packages/selenium/webdriver/remote/webdriver.py:739: in find_element\n    return self.execute(Command.FIND_ELEMENT, {\"using\": by, \"value\": value})[\"value\"]\n/usr/local/lib/python3.11/site-packages/selenium/webdriver/remote/webdriver.py:345: in execute\n    self.error_handler.check_response(response)\n_ _ _ _ _ _ _ _ _ _ _ _ _ _ _ _ _ _ _ _ _ _ _ _ _ _ _ _ _ _ _ _ _ _ _ _ _ _ _ _ \n\nself = <selenium.webdriver.remote.errorhandler.ErrorHandler object at 0x7f1634a62510>\nresponse = {'status': 404, 'value': '{\"value\":{\"error\":\"no such element\",\"message\":\"no such element: Unable to locate element: {\\...\\\\n#16 0x5653860f3059 \\\\u003Cunknown>\\\\n#17 0x565386103843 \\\\u003Cunknown>\\\\n#18 0x7fda57964044 \\\\u003Cunknown>\\\\n\"}}'}\n\n    def check_response(self, response: Dict[str, Any]) -> None:\n        \"\"\"Checks that a JSON response from the WebDriver does not have an\n        error.\n    \n        :Args:\n         - response - The JSON response from the WebDriver server as a dictionary\n           object.\n    \n        :Raises: If the response contains an error message.\n        \"\"\"\n        status = response.get(\"status\", None)\n        if not status or status == ErrorCode.SUCCESS:\n            return\n        value = None\n        message = response.get(\"message\", \"\")\n        screen: str = response.get(\"screen\", \"\")\n        stacktrace = None\n        if isinstance(status, int):\n            value_json = response.get(\"value\", None)\n            if value_json and isinstance(value_json, str):\n                import json\n    \n                try:\n                    value = json.loads(value_json)\n                    if len(value) == 1:\n                        value = value[\"value\"]\n                    status = value.get(\"error\", None)\n                    if not status:\n                        status = value.get(\"status\", ErrorCode.UNKNOWN_ERROR)\n                        message = value.get(\"value\") or value.get(\"message\")\n                        if not isinstance(message, str):\n                            value = message\n                            message = message.get(\"message\")\n                    else:\n                        message = value.get(\"message\", None)\n                except ValueError:\n                    pass\n    \n        exception_class: Type[WebDriverException]\n        e = ErrorCode()\n        error_codes = [item for item in dir(e) if not item.startswith(\"__\")]\n        for error_code in error_codes:\n            error_info = getattr(ErrorCode, error_code)\n            if isinstance(error_info, list) and status in error_info:\n                exception_class = getattr(ExceptionMapping, error_code, WebDriverException)\n                break\n        else:\n            exception_class = WebDriverException\n    \n        if not value:\n            value = response[\"value\"]\n        if isinstance(value, str):\n            raise exception_class(value)\n        if message == \"\" and \"message\" in value:\n            message = value[\"message\"]\n    \n        screen = None  # type: ignore[assignment]\n        if \"screen\" in value:\n            screen = value[\"screen\"]\n    \n        stacktrace = None\n        st_value = value.get(\"stackTrace\") or value.get(\"stacktrace\")\n        if st_value:\n            if isinstance(st_value, str):\n                stacktrace = st_value.split(\"\\n\")\n            else:\n                stacktrace = []\n                try:\n                    for frame in st_value:\n                        line = frame.get(\"lineNumber\", \"\")\n                        file = frame.get(\"fileName\", \"<anonymous>\")\n                        if line:\n                            file = f\"{file}:{line}\"\n                        meth = frame.get(\"methodName\", \"<anonymous>\")\n                        if \"className\" in frame:\n                            meth = f\"{frame['className']}.{meth}\"\n                        msg = \"    at %s (%s)\"\n                        msg = msg % (meth, file)\n                        stacktrace.append(msg)\n                except TypeError:\n                    pass\n        if exception_class == UnexpectedAlertPresentException:\n            alert_text = None\n            if \"data\" in value:\n                alert_text = value[\"data\"].get(\"text\")\n            elif \"alert\" in value:\n                alert_text = value[\"alert\"].get(\"text\")\n            raise exception_class(message, screen, stacktrace, alert_text)  # type: ignore[call-arg]  # mypy is not smart enough here\n>       raise exception_class(message, screen, stacktrace)\nE       selenium.common.exceptions.NoSuchElementException: Message: no such element: Unable to locate element: {\"method\":\"xpath\",\"selector\":\"(//a[@class='add-to-cart yellow-btn'])[1]\"}\nE         (Session info: headless chrome=117.0.5938.92); For documentation on this error, please visit: https://www.selenium.dev/documentation/webdriver/troubleshooting/errors#no-such-element-exception\nE       Stacktrace:\nE       #0 0x5653861046b3 <unknown>\nE       #1 0x565385dda1e7 <unknown>\nE       #2 0x565385e21566 <unknown>\nE       #3 0x565385e21651 <unknown>\nE       #4 0x565385e5ea74 <unknown>\nE       #5 0x565385e430ed <unknown>\nE       #6 0x565385e5c322 <unknown>\nE       #7 0x565385e42e93 <unknown>\nE       #8 0x565385e15934 <unknown>\nE       #9 0x565385e1671e <unknown>\nE       #10 0x5653860c9cb8 <unknown>\nE       #11 0x5653860cdbf0 <unknown>\nE       #12 0x5653860d819c <unknown>\nE       #13 0x5653860ce808 <unknown>\nE       #14 0x56538609b27f <unknown>\nE       #15 0x5653860f2e88 <unknown>\nE       #16 0x5653860f3059 <unknown>\nE       #17 0x565386103843 <unknown>\nE       #18 0x7fda57964044 <unknown>\n\n/usr/local/lib/python3.11/site-packages/selenium/webdriver/remote/errorhandler.py:229: NoSuchElementException","steps":[{"name":"Добавляем товар в корзину в количестве 16","time":{"start":1696380796604,"stop":1696380796619,"duration":15},"status":"broken","statusMessage":"selenium.common.exceptions.NoSuchElementException: Message: no such element: Unable to locate element: {\"method\":\"xpath\",\"selector\":\"(//a[@class='add-to-cart yellow-btn'])[1]\"}\n  (Session info: headless chrome=117.0.5938.92); For documentation on this error, please visit: https://www.selenium.dev/documentation/webdriver/troubleshooting/errors#no-such-element-exception\nStacktrace:\n#0 0x5653861046b3 <unknown>\n#1 0x565385dda1e7 <unknown>\n#2 0x565385e21566 <unknown>\n#3 0x565385e21651 <unknown>\n#4 0x565385e5ea74 <unknown>\n#5 0x565385e430ed <unknown>\n#6 0x565385e5c322 <unknown>\n#7 0x565385e42e93 <unknown>\n#8 0x565385e15934 <unknown>\n#9 0x565385e1671e <unknown>\n#10 0x5653860c9cb8 <unknown>\n#11 0x5653860cdbf0 <unknown>\n#12 0x5653860d819c <unknown>\n#13 0x5653860ce808 <unknown>\n#14 0x56538609b27f <unknown>\n#15 0x5653860f2e88 <unknown>\n#16 0x5653860f3059 <unknown>\n#17 0x565386103843 <unknown>\n#18 0x7fda57964044 <unknown>\n\n","statusTrace":"  File \"/usr/local/lib/python3.11/site-packages/allure_commons/_allure.py\", line 192, in impl\n    return func(*a, **kw)\n           ^^^^^^^^^^^^^^\n  File \"/app/pages/item_page.py\", line 40, in add_item_to_cart\n    self.find_element(self._add_item).click()\n    ^^^^^^^^^^^^^^^^^^^^^^^^^^^^^^^^^\n  File \"/app/base/seleniumbase.py\", line 17, in find_element\n    return self.driver.find_element(*locator)\n           ^^^^^^^^^^^^^^^^^^^^^^^^^^^^^^^^^^\n  File \"/usr/local/lib/python3.11/site-packages/selenium/webdriver/remote/webdriver.py\", line 739, in find_element\n    return self.execute(Command.FIND_ELEMENT, {\"using\": by, \"value\": value})[\"value\"]\n           ^^^^^^^^^^^^^^^^^^^^^^^^^^^^^^^^^^^^^^^^^^^^^^^^^^^^^^^^^^^^^^^^^\n  File \"/usr/local/lib/python3.11/site-packages/selenium/webdriver/remote/webdriver.py\", line 345, in execute\n    self.error_handler.check_response(response)\n  File \"/usr/local/lib/python3.11/site-packages/selenium/webdriver/remote/errorhandler.py\", line 229, in check_response\n    raise exception_class(message, screen, stacktrace)\n","steps":[],"attachments":[],"parameters":[{"name":"amount","value":"16"}],"shouldDisplayMessage":true,"stepsCount":0,"attachmentsCount":0,"hasContent":true}],"attachments":[{"uid":"96c97fb23488e332","name":"Screenshot","source":"96c97fb23488e332.png","type":"image/png","size":39917},{"uid":"717063f4ce7c48f7","name":"HTML source","source":"717063f4ce7c48f7.html","type":"text/html","size":544}],"parameters":[],"shouldDisplayMessage":true,"stepsCount":1,"attachmentsCount":2,"hasContent":true},"afterStages":[{"name":"setup::0","time":{"start":1696380796761,"stop":1696380796761,"duration":0},"status":"passed","steps":[],"attachments":[],"parameters":[],"shouldDisplayMessage":false,"stepsCount":0,"attachmentsCount":0,"hasContent":false},{"name":"driver::0","time":{"start":1696380796762,"stop":1696380796817,"duration":55},"status":"passed","steps":[],"attachments":[],"parameters":[],"shouldDisplayMessage":false,"stepsCount":0,"attachmentsCount":0,"hasContent":false}],"labels":[{"name":"epic","value":"Delivery Page - calculation"},{"name":"tag","value":"smoke_test"},{"name":"tag","value":"@pytest.mark.xfail"},{"name":"parentSuite","value":"tests.delivery"},{"name":"suite","value":"test_delivery_calculation"},{"name":"subSuite","value":"TestDeliveryPageCalculation"},{"name":"host","value":"3fc59d2b2c2e"},{"name":"thread","value":"1-MainThread"},{"name":"framework","value":"pytest"},{"name":"language","value":"cpython3"},{"name":"package","value":"tests.delivery.test_delivery_calculation"},{"name":"resultFormat","value":"allure2"}],"parameters":[{"name":"all_time","value":"2190"},{"name":"amount","value":"16"},{"name":"case_id","value":"'TD 005'"},{"name":"in_time","value":"1590"},{"name":"link_item","value":"'products/shtukaturka-gipsovaya-aksolit-m50-30-kg-mashinnogo-naneseniya'"},{"name":"standard","value":"600"},{"name":"url","value":"'https://sandboxtest.stroyrem-nn.ru/'"},{"name":"weight","value":"500"}],"links":[],"hidden":false,"retry":false,"extra":{"severity":"normal","retries":[],"categories":[],"history":{"statistic":{"failed":0,"broken":13,"skipped":43,"passed":0,"unknown":0,"total":56},"items":[{"uid":"68b31eac5399f805","reportUrl":"https://Nat754.github.io/StroyremAutomation/83//#testresult/68b31eac5399f805","status":"skipped","statusDetails":"XFAIL\n\nselenium.common.exceptions.NoSuchElementException: Message: no such element: Unable to locate element: {\"method\":\"xpath\",\"selector\":\"(//a[@class='add-to-cart yellow-btn'])[1]\"}\n  (Session info: headless chrome=117.0.5938.92); For documentation on this error, please visit: https://www.selenium.dev/documentation/webdriver/troubleshooting/errors#no-such-element-exception\nStacktrace:\n#0 0x5634383e46b3 <unknown>\n#1 0x5634380ba1e7 <unknown>\n#2 0x563438101566 <unknown>\n#3 0x563438101651 <unknown>\n#4 0x56343813ea74 <unknown>\n#5 0x5634381230ed <unknown>\n#6 0x56343813c322 <unknown>\n#7 0x563438122e93 <unknown>\n#8 0x5634380f5934 <unknown>\n#9 0x5634380f671e <unknown>\n#10 0x5634383a9cb8 <unknown>\n#11 0x5634383adbf0 <unknown>\n#12 0x5634383b819c <unknown>\n#13 0x5634383ae808 <unknown>\n#14 0x56343837b27f <unknown>\n#15 0x5634383d2e88 <unknown>\n#16 0x5634383d3059 <unknown>\n#17 0x5634383e3843 <unknown>\n#18 0x7fb8b4ee8044 <unknown>","time":{"start":1696294381079,"stop":1696294381496,"duration":417}},{"uid":"beeea2f2027d9348","reportUrl":"https://Nat754.github.io/StroyremAutomation/82//#testresult/beeea2f2027d9348","status":"skipped","statusDetails":"XFAIL\n\nselenium.common.exceptions.NoSuchElementException: Message: no such element: Unable to locate element: {\"method\":\"xpath\",\"selector\":\"(//a[@class='add-to-cart yellow-btn'])[1]\"}\n  (Session info: headless chrome=117.0.5938.92); For documentation on this error, please visit: https://www.selenium.dev/documentation/webdriver/troubleshooting/errors#no-such-element-exception\nStacktrace:\n#0 0x565382aed6b3 <unknown>\n#1 0x5653827c31e7 <unknown>\n#2 0x56538280a566 <unknown>\n#3 0x56538280a651 <unknown>\n#4 0x565382847a74 <unknown>\n#5 0x56538282c0ed <unknown>\n#6 0x565382845322 <unknown>\n#7 0x56538282be93 <unknown>\n#8 0x5653827fe934 <unknown>\n#9 0x5653827ff71e <unknown>\n#10 0x565382ab2cb8 <unknown>\n#11 0x565382ab6bf0 <unknown>\n#12 0x565382ac119c <unknown>\n#13 0x565382ab7808 <unknown>\n#14 0x565382a8427f <unknown>\n#15 0x565382adbe88 <unknown>\n#16 0x565382adc059 <unknown>\n#17 0x565382aec843 <unknown>\n#18 0x7f2545ddb044 <unknown>","time":{"start":1696282071010,"stop":1696282072014,"duration":1004}},{"uid":"cfd766ccbc747c9e","reportUrl":"https://Nat754.github.io/StroyremAutomation/81//#testresult/cfd766ccbc747c9e","status":"skipped","statusDetails":"XFAIL\n\nselenium.common.exceptions.NoSuchElementException: Message: no such element: Unable to locate element: {\"method\":\"xpath\",\"selector\":\"(//a[@class='add-to-cart yellow-btn'])[1]\"}\n  (Session info: headless chrome=117.0.5938.92); For documentation on this error, please visit: https://www.selenium.dev/documentation/webdriver/troubleshooting/errors#no-such-element-exception\nStacktrace:\n#0 0x56061dc126b3 <unknown>\n#1 0x56061d8e81e7 <unknown>\n#2 0x56061d92f566 <unknown>\n#3 0x56061d92f651 <unknown>\n#4 0x56061d96ca74 <unknown>\n#5 0x56061d9510ed <unknown>\n#6 0x56061d96a322 <unknown>\n#7 0x56061d950e93 <unknown>\n#8 0x56061d923934 <unknown>\n#9 0x56061d92471e <unknown>\n#10 0x56061dbd7cb8 <unknown>\n#11 0x56061dbdbbf0 <unknown>\n#12 0x56061dbe619c <unknown>\n#13 0x56061dbdc808 <unknown>\n#14 0x56061dba927f <unknown>\n#15 0x56061dc00e88 <unknown>\n#16 0x56061dc01059 <unknown>\n#17 0x56061dc11843 <unknown>\n#18 0x7f77c8b07044 <unknown>","time":{"start":1696258191472,"stop":1696258192158,"duration":686}},{"uid":"618413160dd251f5","reportUrl":"https://Nat754.github.io/StroyremAutomation/81//#testresult/618413160dd251f5","status":"skipped","statusDetails":"XFAIL\n\nselenium.common.exceptions.NoSuchElementException: Message: no such element: Unable to locate element: {\"method\":\"xpath\",\"selector\":\"(//a[@class='add-to-cart yellow-btn'])[1]\"}\n  (Session info: headless chrome=117.0.5938.92); For documentation on this error, please visit: https://www.selenium.dev/documentation/webdriver/troubleshooting/errors#no-such-element-exception\nStacktrace:\n#0 0x5591ffe726b3 <unknown>\n#1 0x5591ffb481e7 <unknown>\n#2 0x5591ffb8f566 <unknown>\n#3 0x5591ffb8f651 <unknown>\n#4 0x5591ffbcca74 <unknown>\n#5 0x5591ffbb10ed <unknown>\n#6 0x5591ffbca322 <unknown>\n#7 0x5591ffbb0e93 <unknown>\n#8 0x5591ffb83934 <unknown>\n#9 0x5591ffb8471e <unknown>\n#10 0x5591ffe37cb8 <unknown>\n#11 0x5591ffe3bbf0 <unknown>\n#12 0x5591ffe4619c <unknown>\n#13 0x5591ffe3c808 <unknown>\n#14 0x5591ffe0927f <unknown>\n#15 0x5591ffe60e88 <unknown>\n#16 0x5591ffe61059 <unknown>\n#17 0x5591ffe71843 <unknown>\n#18 0x7fa9be6cd044 <unknown>","time":{"start":1696208339604,"stop":1696208340150,"duration":546}},{"uid":"f02f6c8c7f50fb3e","reportUrl":"https://Nat754.github.io/StroyremAutomation/80//#testresult/f02f6c8c7f50fb3e","status":"skipped","statusDetails":"XFAIL\n\nselenium.common.exceptions.NoSuchElementException: Message: no such element: Unable to locate element: {\"method\":\"xpath\",\"selector\":\"(//a[@class='add-to-cart yellow-btn'])[1]\"}\n  (Session info: headless chrome=117.0.5938.92); For documentation on this error, please visit: https://www.selenium.dev/documentation/webdriver/troubleshooting/errors#no-such-element-exception\nStacktrace:\n#0 0x5634d84426b3 <unknown>\n#1 0x5634d81181e7 <unknown>\n#2 0x5634d815f566 <unknown>\n#3 0x5634d815f651 <unknown>\n#4 0x5634d819ca74 <unknown>\n#5 0x5634d81810ed <unknown>\n#6 0x5634d819a322 <unknown>\n#7 0x5634d8180e93 <unknown>\n#8 0x5634d8153934 <unknown>\n#9 0x5634d815471e <unknown>\n#10 0x5634d8407cb8 <unknown>\n#11 0x5634d840bbf0 <unknown>\n#12 0x5634d841619c <unknown>\n#13 0x5634d840c808 <unknown>\n#14 0x5634d83d927f <unknown>\n#15 0x5634d8430e88 <unknown>\n#16 0x5634d8431059 <unknown>\n#17 0x5634d8441843 <unknown>\n#18 0x7f92e7b5b044 <unknown>","time":{"start":1696122327617,"stop":1696122328273,"duration":656}},{"uid":"634cef022818fde7","reportUrl":"https://Nat754.github.io/StroyremAutomation/79//#testresult/634cef022818fde7","status":"skipped","statusDetails":"XFAIL\n\nselenium.common.exceptions.NoSuchElementException: Message: no such element: Unable to locate element: {\"method\":\"xpath\",\"selector\":\"(//a[@class='add-to-cart yellow-btn'])[1]\"}\n  (Session info: headless chrome=117.0.5938.92); For documentation on this error, please visit: https://www.selenium.dev/documentation/webdriver/troubleshooting/errors#no-such-element-exception\nStacktrace:\n#0 0x557f8b6b06b3 <unknown>\n#1 0x557f8b3861e7 <unknown>\n#2 0x557f8b3cd566 <unknown>\n#3 0x557f8b3cd651 <unknown>\n#4 0x557f8b40aa74 <unknown>\n#5 0x557f8b3ef0ed <unknown>\n#6 0x557f8b408322 <unknown>\n#7 0x557f8b3eee93 <unknown>\n#8 0x557f8b3c1934 <unknown>\n#9 0x557f8b3c271e <unknown>\n#10 0x557f8b675cb8 <unknown>\n#11 0x557f8b679bf0 <unknown>\n#12 0x557f8b68419c <unknown>\n#13 0x557f8b67a808 <unknown>\n#14 0x557f8b64727f <unknown>\n#15 0x557f8b69ee88 <unknown>\n#16 0x557f8b69f059 <unknown>\n#17 0x557f8b6af843 <unknown>\n#18 0x7f8c5f801044 <unknown>","time":{"start":1696035319504,"stop":1696035320050,"duration":546}},{"uid":"1bd44b6dd5d76f45","reportUrl":"https://Nat754.github.io/StroyremAutomation/78//#testresult/1bd44b6dd5d76f45","status":"skipped","statusDetails":"XFAIL\n\nselenium.common.exceptions.NoSuchElementException: Message: no such element: Unable to locate element: {\"method\":\"xpath\",\"selector\":\"(//a[@class='add-to-cart yellow-btn'])[1]\"}\n  (Session info: headless chrome=117.0.5938.92); For documentation on this error, please visit: https://www.selenium.dev/documentation/webdriver/troubleshooting/errors#no-such-element-exception\nStacktrace:\n#0 0x5648d27986b3 <unknown>\n#1 0x5648d246e1e7 <unknown>\n#2 0x5648d24b5566 <unknown>\n#3 0x5648d24b5651 <unknown>\n#4 0x5648d24f2a74 <unknown>\n#5 0x5648d24d70ed <unknown>\n#6 0x5648d24f0322 <unknown>\n#7 0x5648d24d6e93 <unknown>\n#8 0x5648d24a9934 <unknown>\n#9 0x5648d24aa71e <unknown>\n#10 0x5648d275dcb8 <unknown>\n#11 0x5648d2761bf0 <unknown>\n#12 0x5648d276c19c <unknown>\n#13 0x5648d2762808 <unknown>\n#14 0x5648d272f27f <unknown>\n#15 0x5648d2786e88 <unknown>\n#16 0x5648d2787059 <unknown>\n#17 0x5648d2797843 <unknown>\n#18 0x7fc4526eb044 <unknown>","time":{"start":1695949048850,"stop":1695949049519,"duration":669}},{"uid":"44332e7c57dde35a","reportUrl":"https://Nat754.github.io/StroyremAutomation/77//#testresult/44332e7c57dde35a","status":"skipped","statusDetails":"XFAIL\n\nselenium.common.exceptions.NoSuchElementException: Message: no such element: Unable to locate element: {\"method\":\"xpath\",\"selector\":\"(//a[@class='add-to-cart yellow-btn'])[1]\"}\n  (Session info: headless chrome=117.0.5938.92); For documentation on this error, please visit: https://www.selenium.dev/documentation/webdriver/troubleshooting/errors#no-such-element-exception\nStacktrace:\n#0 0x557086c536b3 <unknown>\n#1 0x5570869291e7 <unknown>\n#2 0x557086970566 <unknown>\n#3 0x557086970651 <unknown>\n#4 0x5570869ada74 <unknown>\n#5 0x5570869920ed <unknown>\n#6 0x5570869ab322 <unknown>\n#7 0x557086991e93 <unknown>\n#8 0x557086964934 <unknown>\n#9 0x55708696571e <unknown>\n#10 0x557086c18cb8 <unknown>\n#11 0x557086c1cbf0 <unknown>\n#12 0x557086c2719c <unknown>\n#13 0x557086c1d808 <unknown>\n#14 0x557086bea27f <unknown>\n#15 0x557086c41e88 <unknown>\n#16 0x557086c42059 <unknown>\n#17 0x557086c52843 <unknown>\n#18 0x7fc52d410044 <unknown>","time":{"start":1695862808270,"stop":1695862809095,"duration":825}},{"uid":"193ff0bf2845152f","reportUrl":"https://Nat754.github.io/StroyremAutomation/76//#testresult/193ff0bf2845152f","status":"skipped","statusDetails":"XFAIL\n\nselenium.common.exceptions.ElementNotInteractableException: Message: element not interactable\n  (Session info: headless chrome=117.0.5938.92)\nStacktrace:\n#0 0x555c481496b3 <unknown>\n#1 0x555c47e1f036 <unknown>\n#2 0x555c47e5dc1d <unknown>\n#3 0x555c47e880c2 <unknown>\n#4 0x555c47e5bf16 <unknown>\n#5 0x555c47e8828e <unknown>\n#6 0x555c47ea1322 <unknown>\n#7 0x555c47e87e93 <unknown>\n#8 0x555c47e5a934 <unknown>\n#9 0x555c47e5b71e <unknown>\n#10 0x555c4810ecb8 <unknown>\n#11 0x555c48112bf0 <unknown>\n#12 0x555c4811d19c <unknown>\n#13 0x555c48113808 <unknown>\n#14 0x555c480e027f <unknown>\n#15 0x555c48137e88 <unknown>\n#16 0x555c48138059 <unknown>\n#17 0x555c48148843 <unknown>\n#18 0x7f7f5fdf8044 <unknown>","time":{"start":1695776473423,"stop":1695776480448,"duration":7025}},{"uid":"68124d74f497e8db","reportUrl":"https://Nat754.github.io/StroyremAutomation/75//#testresult/68124d74f497e8db","status":"skipped","statusDetails":"XFAIL\n\nselenium.common.exceptions.NoSuchElementException: Message: no such element: Unable to locate element: {\"method\":\"xpath\",\"selector\":\"(//a[@class='add-to-cart yellow-btn'])[1]\"}\n  (Session info: headless chrome=117.0.5938.92); For documentation on this error, please visit: https://www.selenium.dev/documentation/webdriver/troubleshooting/errors#no-such-element-exception\nStacktrace:\n#0 0x55afb54916b3 <unknown>\n#1 0x55afb51671e7 <unknown>\n#2 0x55afb51ae566 <unknown>\n#3 0x55afb51ae651 <unknown>\n#4 0x55afb51eba74 <unknown>\n#5 0x55afb51d00ed <unknown>\n#6 0x55afb51e9322 <unknown>\n#7 0x55afb51cfe93 <unknown>\n#8 0x55afb51a2934 <unknown>\n#9 0x55afb51a371e <unknown>\n#10 0x55afb5456cb8 <unknown>\n#11 0x55afb545abf0 <unknown>\n#12 0x55afb546519c <unknown>\n#13 0x55afb545b808 <unknown>\n#14 0x55afb542827f <unknown>\n#15 0x55afb547fe88 <unknown>\n#16 0x55afb5480059 <unknown>\n#17 0x55afb5490843 <unknown>\n#18 0x7f49dbd29044 <unknown>","time":{"start":1695690081697,"stop":1695690082389,"duration":692}},{"uid":"9be6419f3cb8777d","reportUrl":"https://Nat754.github.io/StroyremAutomation/74//#testresult/9be6419f3cb8777d","status":"skipped","statusDetails":"XFAIL\n\nselenium.common.exceptions.NoSuchElementException: Message: no such element: Unable to locate element: {\"method\":\"xpath\",\"selector\":\"(//a[@class='add-to-cart yellow-btn'])[1]\"}\n  (Session info: headless chrome=117.0.5938.92); For documentation on this error, please visit: https://www.selenium.dev/documentation/webdriver/troubleshooting/errors#no-such-element-exception\nStacktrace:\n#0 0x5596aeb8c6b3 <unknown>\n#1 0x5596ae8621e7 <unknown>\n#2 0x5596ae8a9566 <unknown>\n#3 0x5596ae8a9651 <unknown>\n#4 0x5596ae8e6a74 <unknown>\n#5 0x5596ae8cb0ed <unknown>\n#6 0x5596ae8e4322 <unknown>\n#7 0x5596ae8cae93 <unknown>\n#8 0x5596ae89d934 <unknown>\n#9 0x5596ae89e71e <unknown>\n#10 0x5596aeb51cb8 <unknown>\n#11 0x5596aeb55bf0 <unknown>\n#12 0x5596aeb6019c <unknown>\n#13 0x5596aeb56808 <unknown>\n#14 0x5596aeb2327f <unknown>\n#15 0x5596aeb7ae88 <unknown>\n#16 0x5596aeb7b059 <unknown>\n#17 0x5596aeb8b843 <unknown>\n#18 0x7f3be3701044 <unknown>","time":{"start":1695603662948,"stop":1695603663781,"duration":833}},{"uid":"3a5402efd97be75a","reportUrl":"https://Nat754.github.io/StroyremAutomation/73//#testresult/3a5402efd97be75a","status":"skipped","statusDetails":"XFAIL\n\nselenium.common.exceptions.NoSuchElementException: Message: no such element: Unable to locate element: {\"method\":\"xpath\",\"selector\":\"(//a[@class='add-to-cart yellow-btn'])[1]\"}\n  (Session info: headless chrome=117.0.5938.92); For documentation on this error, please visit: https://www.selenium.dev/documentation/webdriver/troubleshooting/errors#no-such-element-exception\nStacktrace:\n#0 0x564d77f9e6b3 <unknown>\n#1 0x564d77c741e7 <unknown>\n#2 0x564d77cbb566 <unknown>\n#3 0x564d77cbb651 <unknown>\n#4 0x564d77cf8a74 <unknown>\n#5 0x564d77cdd0ed <unknown>\n#6 0x564d77cf6322 <unknown>\n#7 0x564d77cdce93 <unknown>\n#8 0x564d77caf934 <unknown>\n#9 0x564d77cb071e <unknown>\n#10 0x564d77f63cb8 <unknown>\n#11 0x564d77f67bf0 <unknown>\n#12 0x564d77f7219c <unknown>\n#13 0x564d77f68808 <unknown>\n#14 0x564d77f3527f <unknown>\n#15 0x564d77f8ce88 <unknown>\n#16 0x564d77f8d059 <unknown>\n#17 0x564d77f9d843 <unknown>\n#18 0x7f5d9b215044 <unknown>","time":{"start":1695517175129,"stop":1695517175784,"duration":655}},{"uid":"7687cc0019089103","reportUrl":"https://Nat754.github.io/StroyremAutomation/72//#testresult/7687cc0019089103","status":"skipped","statusDetails":"XFAIL\n\nselenium.common.exceptions.NoSuchElementException: Message: no such element: Unable to locate element: {\"method\":\"xpath\",\"selector\":\"(//a[@class='add-to-cart yellow-btn'])[1]\"}\n  (Session info: headless chrome=117.0.5938.92); For documentation on this error, please visit: https://www.selenium.dev/documentation/webdriver/troubleshooting/errors#no-such-element-exception\nStacktrace:\n#0 0x55b17f9b26b3 <unknown>\n#1 0x55b17f6881e7 <unknown>\n#2 0x55b17f6cf566 <unknown>\n#3 0x55b17f6cf651 <unknown>\n#4 0x55b17f70ca74 <unknown>\n#5 0x55b17f6f10ed <unknown>\n#6 0x55b17f70a322 <unknown>\n#7 0x55b17f6f0e93 <unknown>\n#8 0x55b17f6c3934 <unknown>\n#9 0x55b17f6c471e <unknown>\n#10 0x55b17f977cb8 <unknown>\n#11 0x55b17f97bbf0 <unknown>\n#12 0x55b17f98619c <unknown>\n#13 0x55b17f97c808 <unknown>\n#14 0x55b17f94927f <unknown>\n#15 0x55b17f9a0e88 <unknown>\n#16 0x55b17f9a1059 <unknown>\n#17 0x55b17f9b1843 <unknown>\n#18 0x7f6933be9044 <unknown>","time":{"start":1695430688422,"stop":1695430689096,"duration":674}},{"uid":"73604efd9354e0f5","reportUrl":"https://Nat754.github.io/StroyremAutomation/71//#testresult/73604efd9354e0f5","status":"skipped","statusDetails":"XFAIL\n\nselenium.common.exceptions.NoSuchElementException: Message: no such element: Unable to locate element: {\"method\":\"xpath\",\"selector\":\"(//a[@class='add-to-cart yellow-btn'])[1]\"}\n  (Session info: headless chrome=117.0.5938.92); For documentation on this error, please visit: https://www.selenium.dev/documentation/webdriver/troubleshooting/errors#no-such-element-exception\nStacktrace:\n#0 0x55c0e5a1d6b3 <unknown>\n#1 0x55c0e56f31e7 <unknown>\n#2 0x55c0e573a566 <unknown>\n#3 0x55c0e573a651 <unknown>\n#4 0x55c0e5777a74 <unknown>\n#5 0x55c0e575c0ed <unknown>\n#6 0x55c0e5775322 <unknown>\n#7 0x55c0e575be93 <unknown>\n#8 0x55c0e572e934 <unknown>\n#9 0x55c0e572f71e <unknown>\n#10 0x55c0e59e2cb8 <unknown>\n#11 0x55c0e59e6bf0 <unknown>\n#12 0x55c0e59f119c <unknown>\n#13 0x55c0e59e7808 <unknown>\n#14 0x55c0e59b427f <unknown>\n#15 0x55c0e5a0be88 <unknown>\n#16 0x55c0e5a0c059 <unknown>\n#17 0x55c0e5a1c843 <unknown>\n#18 0x7ffaff8e2044 <unknown>","time":{"start":1695405997943,"stop":1695405998775,"duration":832}},{"uid":"6fcb58d5e343271d","reportUrl":"https://Nat754.github.io/StroyremAutomation/71//#testresult/6fcb58d5e343271d","status":"skipped","statusDetails":"XFAIL\n\nselenium.common.exceptions.NoSuchElementException: Message: no such element: Unable to locate element: {\"method\":\"xpath\",\"selector\":\"(//a[@class='add-to-cart yellow-btn'])[1]\"}\n  (Session info: headless chrome=117.0.5938.92); For documentation on this error, please visit: https://www.selenium.dev/documentation/webdriver/troubleshooting/errors#no-such-element-exception\nStacktrace:\n#0 0x55a044ab16b3 <unknown>\n#1 0x55a0447871e7 <unknown>\n#2 0x55a0447ce566 <unknown>\n#3 0x55a0447ce651 <unknown>\n#4 0x55a04480ba74 <unknown>\n#5 0x55a0447f00ed <unknown>\n#6 0x55a044809322 <unknown>\n#7 0x55a0447efe93 <unknown>\n#8 0x55a0447c2934 <unknown>\n#9 0x55a0447c371e <unknown>\n#10 0x55a044a76cb8 <unknown>\n#11 0x55a044a7abf0 <unknown>\n#12 0x55a044a8519c <unknown>\n#13 0x55a044a7b808 <unknown>\n#14 0x55a044a4827f <unknown>\n#15 0x55a044a9fe88 <unknown>\n#16 0x55a044aa0059 <unknown>\n#17 0x55a044ab0843 <unknown>\n#18 0x7fe624039044 <unknown>","time":{"start":1695344231132,"stop":1695344231682,"duration":550}},{"uid":"23fc9e10103c4201","reportUrl":"https://Nat754.github.io/StroyremAutomation/70//#testresult/23fc9e10103c4201","status":"skipped","statusDetails":"XFAIL\n\nselenium.common.exceptions.NoSuchElementException: Message: no such element: Unable to locate element: {\"method\":\"xpath\",\"selector\":\"(//a[@class='add-to-cart yellow-btn'])[1]\"}\n  (Session info: headless chrome=117.0.5938.88); For documentation on this error, please visit: https://www.selenium.dev/documentation/webdriver/troubleshooting/errors#no-such-element-exception\nStacktrace:\n#0 0x556ef2ac66c3 <unknown>\n#1 0x556ef279c1e7 <unknown>\n#2 0x556ef27e3566 <unknown>\n#3 0x556ef27e3651 <unknown>\n#4 0x556ef2820a74 <unknown>\n#5 0x556ef28050ed <unknown>\n#6 0x556ef281e322 <unknown>\n#7 0x556ef2804e93 <unknown>\n#8 0x556ef27d7934 <unknown>\n#9 0x556ef27d871e <unknown>\n#10 0x556ef2a8bcc8 <unknown>\n#11 0x556ef2a8fc00 <unknown>\n#12 0x556ef2a9a1ac <unknown>\n#13 0x556ef2a90818 <unknown>\n#14 0x556ef2a5d28f <unknown>\n#15 0x556ef2ab4e98 <unknown>\n#16 0x556ef2ab5069 <unknown>\n#17 0x556ef2ac5853 <unknown>\n#18 0x7f8a78bfe044 <unknown>","time":{"start":1695257810620,"stop":1695257811195,"duration":575}},{"uid":"f1f24f3bfba6aef6","reportUrl":"https://Nat754.github.io/StroyremAutomation/69//#testresult/f1f24f3bfba6aef6","status":"skipped","statusDetails":"XFAIL\n\nselenium.common.exceptions.ElementNotInteractableException: Message: element not interactable\n  (Session info: headless chrome=117.0.5938.88)\nStacktrace:\n#0 0x563a88b186c3 <unknown>\n#1 0x563a887ee036 <unknown>\n#2 0x563a8882cc1d <unknown>\n#3 0x563a888570c2 <unknown>\n#4 0x563a8882af16 <unknown>\n#5 0x563a8885728e <unknown>\n#6 0x563a88870322 <unknown>\n#7 0x563a88856e93 <unknown>\n#8 0x563a88829934 <unknown>\n#9 0x563a8882a71e <unknown>\n#10 0x563a88addcc8 <unknown>\n#11 0x563a88ae1c00 <unknown>\n#12 0x563a88aec1ac <unknown>\n#13 0x563a88ae2818 <unknown>\n#14 0x563a88aaf28f <unknown>\n#15 0x563a88b06e98 <unknown>\n#16 0x563a88b07069 <unknown>\n#17 0x563a88b17853 <unknown>\n#18 0x7ffbf062d044 <unknown>","time":{"start":1695171642929,"stop":1695171649052,"duration":6123}},{"uid":"3137decbcc44d6a3","reportUrl":"https://Nat754.github.io/StroyremAutomation/68//#testresult/3137decbcc44d6a3","status":"skipped","statusDetails":"XFAIL\n\nselenium.common.exceptions.NoSuchElementException: Message: no such element: Unable to locate element: {\"method\":\"xpath\",\"selector\":\"(//a[@class='add-to-cart yellow-btn'])[1]\"}\n  (Session info: headless chrome=117.0.5938.88); For documentation on this error, please visit: https://www.selenium.dev/documentation/webdriver/troubleshooting/errors#no-such-element-exception\nStacktrace:\n#0 0x55936f2b76c3 <unknown>\n#1 0x55936ef8d1e7 <unknown>\n#2 0x55936efd4566 <unknown>\n#3 0x55936efd4651 <unknown>\n#4 0x55936f011a74 <unknown>\n#5 0x55936eff60ed <unknown>\n#6 0x55936f00f322 <unknown>\n#7 0x55936eff5e93 <unknown>\n#8 0x55936efc8934 <unknown>\n#9 0x55936efc971e <unknown>\n#10 0x55936f27ccc8 <unknown>\n#11 0x55936f280c00 <unknown>\n#12 0x55936f28b1ac <unknown>\n#13 0x55936f281818 <unknown>\n#14 0x55936f24e28f <unknown>\n#15 0x55936f2a5e98 <unknown>\n#16 0x55936f2a6069 <unknown>\n#17 0x55936f2b6853 <unknown>\n#18 0x7f7b2abe5044 <unknown>","time":{"start":1695085131526,"stop":1695085132070,"duration":544}},{"uid":"f5fdb01b107656ca","reportUrl":"https://Nat754.github.io/StroyremAutomation/67//#testresult/f5fdb01b107656ca","status":"skipped","statusDetails":"XFAIL\n\nselenium.common.exceptions.NoSuchElementException: Message: no such element: Unable to locate element: {\"method\":\"xpath\",\"selector\":\"(//a[@class='add-to-cart yellow-btn'])[1]\"}\n  (Session info: headless chrome=117.0.5938.88); For documentation on this error, please visit: https://www.selenium.dev/documentation/webdriver/troubleshooting/errors#no-such-element-exception\nStacktrace:\n#0 0x55e17efd56c3 <unknown>\n#1 0x55e17ecab1e7 <unknown>\n#2 0x55e17ecf2566 <unknown>\n#3 0x55e17ecf2651 <unknown>\n#4 0x55e17ed2fa74 <unknown>\n#5 0x55e17ed140ed <unknown>\n#6 0x55e17ed2d322 <unknown>\n#7 0x55e17ed13e93 <unknown>\n#8 0x55e17ece6934 <unknown>\n#9 0x55e17ece771e <unknown>\n#10 0x55e17ef9acc8 <unknown>\n#11 0x55e17ef9ec00 <unknown>\n#12 0x55e17efa91ac <unknown>\n#13 0x55e17ef9f818 <unknown>\n#14 0x55e17ef6c28f <unknown>\n#15 0x55e17efc3e98 <unknown>\n#16 0x55e17efc4069 <unknown>\n#17 0x55e17efd4853 <unknown>\n#18 0x7f523753e044 <unknown>","time":{"start":1695063642769,"stop":1695063643475,"duration":706}},{"uid":"54f8eb44696e6fa0","reportUrl":"https://Nat754.github.io/StroyremAutomation/66//#testresult/54f8eb44696e6fa0","status":"skipped","statusDetails":"XFAIL\n\nselenium.common.exceptions.NoSuchElementException: Message: no such element: Unable to locate element: {\"method\":\"xpath\",\"selector\":\"(//a[@class='add-to-cart yellow-btn'])[1]\"}\n  (Session info: headless chrome=117.0.5938.88); For documentation on this error, please visit: https://www.selenium.dev/documentation/webdriver/troubleshooting/errors#no-such-element-exception\nStacktrace:\n#0 0x55e8217786c3 <unknown>\n#1 0x55e82144e1e7 <unknown>\n#2 0x55e821495566 <unknown>\n#3 0x55e821495651 <unknown>\n#4 0x55e8214d2a74 <unknown>\n#5 0x55e8214b70ed <unknown>\n#6 0x55e8214d0322 <unknown>\n#7 0x55e8214b6e93 <unknown>\n#8 0x55e821489934 <unknown>\n#9 0x55e82148a71e <unknown>\n#10 0x55e82173dcc8 <unknown>\n#11 0x55e821741c00 <unknown>\n#12 0x55e82174c1ac <unknown>\n#13 0x55e821742818 <unknown>\n#14 0x55e82170f28f <unknown>\n#15 0x55e821766e98 <unknown>\n#16 0x55e821767069 <unknown>\n#17 0x55e821777853 <unknown>\n#18 0x7fb697617044 <unknown>","time":{"start":1695060453634,"stop":1695060454044,"duration":410}}]},"tags":["@pytest.mark.xfail","smoke_test"]},"source":"b2887e5a3bb2f920.json","parameterValues":["2190","16","'TD 005'","1590","'products/shtukaturka-gipsovaya-aksolit-m50-30-kg-mashinnogo-naneseniya'","600","'https://sandboxtest.stroyrem-nn.ru/'","500"]}