{"uid":"cf7c720f9dc2b271","name":"test_positive_delivery_green_zone_smoke[TD 012-products/shtukaturka-gipsovaya-aksolit-m50-30-kg-mashinnogo-naneseniya-333-10000-4450-11990-12500-https://sandboxtest.stroyrem-nn.ru/]","fullName":"tests.delivery.test_delivery_calculation.TestDeliveryPageCalculation#test_positive_delivery_green_zone_smoke","historyId":"9d39cbb8c1423d43dfc259c1b0a6c01f","time":{"start":1696380807031,"stop":1696380807513,"duration":482},"status":"skipped","statusMessage":"XFAIL\n\nselenium.common.exceptions.NoSuchElementException: Message: no such element: Unable to locate element: {\"method\":\"xpath\",\"selector\":\"(//a[@class='add-to-cart yellow-btn'])[1]\"}\n  (Session info: headless chrome=117.0.5938.92); For documentation on this error, please visit: https://www.selenium.dev/documentation/webdriver/troubleshooting/errors#no-such-element-exception\nStacktrace:\n#0 0x55db3c1386b3 <unknown>\n#1 0x55db3be0e1e7 <unknown>\n#2 0x55db3be55566 <unknown>\n#3 0x55db3be55651 <unknown>\n#4 0x55db3be92a74 <unknown>\n#5 0x55db3be770ed <unknown>\n#6 0x55db3be90322 <unknown>\n#7 0x55db3be76e93 <unknown>\n#8 0x55db3be49934 <unknown>\n#9 0x55db3be4a71e <unknown>\n#10 0x55db3c0fdcb8 <unknown>\n#11 0x55db3c101bf0 <unknown>\n#12 0x55db3c10c19c <unknown>\n#13 0x55db3c102808 <unknown>\n#14 0x55db3c0cf27f <unknown>\n#15 0x55db3c126e88 <unknown>\n#16 0x55db3c127059 <unknown>\n#17 0x55db3c137843 <unknown>\n#18 0x7f90a1093044 <unknown>","statusTrace":"self = <tests.delivery.test_delivery_calculation.TestDeliveryPageCalculation object at 0x7f1633af61d0>\ndriver = <selenium.webdriver.chrome.webdriver.WebDriver (session=\"9b85ce45be58654e79c2c96ca9c03185\")>\nurl = 'https://sandboxtest.stroyrem-nn.ru/', case_id = 'TD 012'\nlink_item = 'products/shtukaturka-gipsovaya-aksolit-m50-30-kg-mashinnogo-naneseniya'\namount = 333, weight = 10000, standard = 4450, in_time = 11990, all_time = 12500\n\n    @pytest.mark.parametrize('case_id, link_item, amount, weight, standard, in_time, all_time', [\n        (\"TD 001\", uroven_3000, 1, 30, 0, 1590, 2190),\n        (\"TD 002\", bundeks_25, 1, 30, 400, 1590, 2190),\n        (\"TD 003\", aksolit_30, 8, 300, 400, 1590, 2190),\n        (\"TD 004\", aksolit_30, 13, 400, 450, 1590, 2190),\n        (\"TD 005\", aksolit_30, 16, 500, 600, 1590, 2190),\n        (\"TD 006\", aksolit_30, 25, 1700, 990, 1990, 2480),\n        (\"TD 007\", aksolit_30, 66, 2000, 1300, 2490, 2980),\n        (\"TD 008\", aksolit_30, 149, 4500, 2300, 3980, 4490),\n        (\"TD 009\", aksolit_30, 166, 5000, 2500, 4990, 5480),\n        pytest.param(\n            \"TD 010\", aksolit_30, 206, 6200, 2900, 5570, 6120,\n            marks=pytest.mark.xfail(reson=\"Цена доставки 3600 7960 8980\")\n        ),\n        (\"TD 011\", aksolit_30, 299, 9000, 3600, 7960, 8980),\n        (\"TD 012\", aksolit_30, 333, 10000, 4450, 11990, 12500),\n        pytest.param(\n            \"TD 013\", aksolit_30, 366, 11000, 4800, 12450, 13480,\n            marks=pytest.mark.xfail(reason=\"Цена стандартной доставки 4450\")\n        ),\n        pytest.param(\n            \"TD 014\", aksolit_30, 666, 20000, 5400, 15600, 17490,\n            marks=pytest.mark.xfail(reason=\"Цена стандартной доставки 4450\")\n        )\n    ])\n    @pytest.mark.xfail\n    @pytest.mark.smoke_test\n    def test_positive_delivery_green_zone_smoke(\n            self, driver, url, case_id, link_item, amount, weight, standard, in_time, all_time\n    ):\n    \n        driver.get(f'{url}{link_item}')\n        item_page = ItemPage(driver)\n>       item_page.add_item_to_cart(amount).click_on_cart()\n\ntests/delivery/test_delivery_calculation.py:50: \n_ _ _ _ _ _ _ _ _ _ _ _ _ _ _ _ _ _ _ _ _ _ _ _ _ _ _ _ _ _ _ _ _ _ _ _ _ _ _ _ \npages/item_page.py:40: in add_item_to_cart\n    self.find_element(self._add_item).click()\nbase/seleniumbase.py:17: in find_element\n    return self.driver.find_element(*locator)\n/usr/local/lib/python3.11/site-packages/selenium/webdriver/remote/webdriver.py:739: in find_element\n    return self.execute(Command.FIND_ELEMENT, {\"using\": by, \"value\": value})[\"value\"]\n/usr/local/lib/python3.11/site-packages/selenium/webdriver/remote/webdriver.py:345: in execute\n    self.error_handler.check_response(response)\n_ _ _ _ _ _ _ _ _ _ _ _ _ _ _ _ _ _ _ _ _ _ _ _ _ _ _ _ _ _ _ _ _ _ _ _ _ _ _ _ \n\nself = <selenium.webdriver.remote.errorhandler.ErrorHandler object at 0x7f1633d21b50>\nresponse = {'status': 404, 'value': '{\"value\":{\"error\":\"no such element\",\"message\":\"no such element: Unable to locate element: {\\...\\\\n#16 0x55db3c127059 \\\\u003Cunknown>\\\\n#17 0x55db3c137843 \\\\u003Cunknown>\\\\n#18 0x7f90a1093044 \\\\u003Cunknown>\\\\n\"}}'}\n\n    def check_response(self, response: Dict[str, Any]) -> None:\n        \"\"\"Checks that a JSON response from the WebDriver does not have an\n        error.\n    \n        :Args:\n         - response - The JSON response from the WebDriver server as a dictionary\n           object.\n    \n        :Raises: If the response contains an error message.\n        \"\"\"\n        status = response.get(\"status\", None)\n        if not status or status == ErrorCode.SUCCESS:\n            return\n        value = None\n        message = response.get(\"message\", \"\")\n        screen: str = response.get(\"screen\", \"\")\n        stacktrace = None\n        if isinstance(status, int):\n            value_json = response.get(\"value\", None)\n            if value_json and isinstance(value_json, str):\n                import json\n    \n                try:\n                    value = json.loads(value_json)\n                    if len(value) == 1:\n                        value = value[\"value\"]\n                    status = value.get(\"error\", None)\n                    if not status:\n                        status = value.get(\"status\", ErrorCode.UNKNOWN_ERROR)\n                        message = value.get(\"value\") or value.get(\"message\")\n                        if not isinstance(message, str):\n                            value = message\n                            message = message.get(\"message\")\n                    else:\n                        message = value.get(\"message\", None)\n                except ValueError:\n                    pass\n    \n        exception_class: Type[WebDriverException]\n        e = ErrorCode()\n        error_codes = [item for item in dir(e) if not item.startswith(\"__\")]\n        for error_code in error_codes:\n            error_info = getattr(ErrorCode, error_code)\n            if isinstance(error_info, list) and status in error_info:\n                exception_class = getattr(ExceptionMapping, error_code, WebDriverException)\n                break\n        else:\n            exception_class = WebDriverException\n    \n        if not value:\n            value = response[\"value\"]\n        if isinstance(value, str):\n            raise exception_class(value)\n        if message == \"\" and \"message\" in value:\n            message = value[\"message\"]\n    \n        screen = None  # type: ignore[assignment]\n        if \"screen\" in value:\n            screen = value[\"screen\"]\n    \n        stacktrace = None\n        st_value = value.get(\"stackTrace\") or value.get(\"stacktrace\")\n        if st_value:\n            if isinstance(st_value, str):\n                stacktrace = st_value.split(\"\\n\")\n            else:\n                stacktrace = []\n                try:\n                    for frame in st_value:\n                        line = frame.get(\"lineNumber\", \"\")\n                        file = frame.get(\"fileName\", \"<anonymous>\")\n                        if line:\n                            file = f\"{file}:{line}\"\n                        meth = frame.get(\"methodName\", \"<anonymous>\")\n                        if \"className\" in frame:\n                            meth = f\"{frame['className']}.{meth}\"\n                        msg = \"    at %s (%s)\"\n                        msg = msg % (meth, file)\n                        stacktrace.append(msg)\n                except TypeError:\n                    pass\n        if exception_class == UnexpectedAlertPresentException:\n            alert_text = None\n            if \"data\" in value:\n                alert_text = value[\"data\"].get(\"text\")\n            elif \"alert\" in value:\n                alert_text = value[\"alert\"].get(\"text\")\n            raise exception_class(message, screen, stacktrace, alert_text)  # type: ignore[call-arg]  # mypy is not smart enough here\n>       raise exception_class(message, screen, stacktrace)\nE       selenium.common.exceptions.NoSuchElementException: Message: no such element: Unable to locate element: {\"method\":\"xpath\",\"selector\":\"(//a[@class='add-to-cart yellow-btn'])[1]\"}\nE         (Session info: headless chrome=117.0.5938.92); For documentation on this error, please visit: https://www.selenium.dev/documentation/webdriver/troubleshooting/errors#no-such-element-exception\nE       Stacktrace:\nE       #0 0x55db3c1386b3 <unknown>\nE       #1 0x55db3be0e1e7 <unknown>\nE       #2 0x55db3be55566 <unknown>\nE       #3 0x55db3be55651 <unknown>\nE       #4 0x55db3be92a74 <unknown>\nE       #5 0x55db3be770ed <unknown>\nE       #6 0x55db3be90322 <unknown>\nE       #7 0x55db3be76e93 <unknown>\nE       #8 0x55db3be49934 <unknown>\nE       #9 0x55db3be4a71e <unknown>\nE       #10 0x55db3c0fdcb8 <unknown>\nE       #11 0x55db3c101bf0 <unknown>\nE       #12 0x55db3c10c19c <unknown>\nE       #13 0x55db3c102808 <unknown>\nE       #14 0x55db3c0cf27f <unknown>\nE       #15 0x55db3c126e88 <unknown>\nE       #16 0x55db3c127059 <unknown>\nE       #17 0x55db3c137843 <unknown>\nE       #18 0x7f90a1093044 <unknown>\n\n/usr/local/lib/python3.11/site-packages/selenium/webdriver/remote/errorhandler.py:229: NoSuchElementException","flaky":false,"newFailed":false,"newBroken":false,"newPassed":false,"retriesCount":0,"retriesStatusChange":false,"beforeStages":[{"name":"_session_faker","time":{"start":1696380501434,"stop":1696380501517,"duration":83},"status":"passed","steps":[],"attachments":[],"parameters":[],"shouldDisplayMessage":false,"stepsCount":0,"attachmentsCount":0,"hasContent":false},{"name":"clear_allure_results_folder","time":{"start":1696380501517,"stop":1696380501517,"duration":0},"status":"passed","steps":[],"attachments":[],"parameters":[],"shouldDisplayMessage":false,"stepsCount":0,"attachmentsCount":0,"hasContent":false},{"name":"driver","time":{"start":1696380806217,"stop":1696380807030,"duration":813},"status":"passed","steps":[],"attachments":[],"parameters":[],"shouldDisplayMessage":false,"stepsCount":0,"attachmentsCount":0,"hasContent":false},{"name":"setup","time":{"start":1696380807030,"stop":1696380807030,"duration":0},"status":"passed","steps":[],"attachments":[],"parameters":[],"shouldDisplayMessage":false,"stepsCount":0,"attachmentsCount":0,"hasContent":false}],"testStage":{"status":"skipped","statusMessage":"XFAIL\n\nselenium.common.exceptions.NoSuchElementException: Message: no such element: Unable to locate element: {\"method\":\"xpath\",\"selector\":\"(//a[@class='add-to-cart yellow-btn'])[1]\"}\n  (Session info: headless chrome=117.0.5938.92); For documentation on this error, please visit: https://www.selenium.dev/documentation/webdriver/troubleshooting/errors#no-such-element-exception\nStacktrace:\n#0 0x55db3c1386b3 <unknown>\n#1 0x55db3be0e1e7 <unknown>\n#2 0x55db3be55566 <unknown>\n#3 0x55db3be55651 <unknown>\n#4 0x55db3be92a74 <unknown>\n#5 0x55db3be770ed <unknown>\n#6 0x55db3be90322 <unknown>\n#7 0x55db3be76e93 <unknown>\n#8 0x55db3be49934 <unknown>\n#9 0x55db3be4a71e <unknown>\n#10 0x55db3c0fdcb8 <unknown>\n#11 0x55db3c101bf0 <unknown>\n#12 0x55db3c10c19c <unknown>\n#13 0x55db3c102808 <unknown>\n#14 0x55db3c0cf27f <unknown>\n#15 0x55db3c126e88 <unknown>\n#16 0x55db3c127059 <unknown>\n#17 0x55db3c137843 <unknown>\n#18 0x7f90a1093044 <unknown>","statusTrace":"self = <tests.delivery.test_delivery_calculation.TestDeliveryPageCalculation object at 0x7f1633af61d0>\ndriver = <selenium.webdriver.chrome.webdriver.WebDriver (session=\"9b85ce45be58654e79c2c96ca9c03185\")>\nurl = 'https://sandboxtest.stroyrem-nn.ru/', case_id = 'TD 012'\nlink_item = 'products/shtukaturka-gipsovaya-aksolit-m50-30-kg-mashinnogo-naneseniya'\namount = 333, weight = 10000, standard = 4450, in_time = 11990, all_time = 12500\n\n    @pytest.mark.parametrize('case_id, link_item, amount, weight, standard, in_time, all_time', [\n        (\"TD 001\", uroven_3000, 1, 30, 0, 1590, 2190),\n        (\"TD 002\", bundeks_25, 1, 30, 400, 1590, 2190),\n        (\"TD 003\", aksolit_30, 8, 300, 400, 1590, 2190),\n        (\"TD 004\", aksolit_30, 13, 400, 450, 1590, 2190),\n        (\"TD 005\", aksolit_30, 16, 500, 600, 1590, 2190),\n        (\"TD 006\", aksolit_30, 25, 1700, 990, 1990, 2480),\n        (\"TD 007\", aksolit_30, 66, 2000, 1300, 2490, 2980),\n        (\"TD 008\", aksolit_30, 149, 4500, 2300, 3980, 4490),\n        (\"TD 009\", aksolit_30, 166, 5000, 2500, 4990, 5480),\n        pytest.param(\n            \"TD 010\", aksolit_30, 206, 6200, 2900, 5570, 6120,\n            marks=pytest.mark.xfail(reson=\"Цена доставки 3600 7960 8980\")\n        ),\n        (\"TD 011\", aksolit_30, 299, 9000, 3600, 7960, 8980),\n        (\"TD 012\", aksolit_30, 333, 10000, 4450, 11990, 12500),\n        pytest.param(\n            \"TD 013\", aksolit_30, 366, 11000, 4800, 12450, 13480,\n            marks=pytest.mark.xfail(reason=\"Цена стандартной доставки 4450\")\n        ),\n        pytest.param(\n            \"TD 014\", aksolit_30, 666, 20000, 5400, 15600, 17490,\n            marks=pytest.mark.xfail(reason=\"Цена стандартной доставки 4450\")\n        )\n    ])\n    @pytest.mark.xfail\n    @pytest.mark.smoke_test\n    def test_positive_delivery_green_zone_smoke(\n            self, driver, url, case_id, link_item, amount, weight, standard, in_time, all_time\n    ):\n    \n        driver.get(f'{url}{link_item}')\n        item_page = ItemPage(driver)\n>       item_page.add_item_to_cart(amount).click_on_cart()\n\ntests/delivery/test_delivery_calculation.py:50: \n_ _ _ _ _ _ _ _ _ _ _ _ _ _ _ _ _ _ _ _ _ _ _ _ _ _ _ _ _ _ _ _ _ _ _ _ _ _ _ _ \npages/item_page.py:40: in add_item_to_cart\n    self.find_element(self._add_item).click()\nbase/seleniumbase.py:17: in find_element\n    return self.driver.find_element(*locator)\n/usr/local/lib/python3.11/site-packages/selenium/webdriver/remote/webdriver.py:739: in find_element\n    return self.execute(Command.FIND_ELEMENT, {\"using\": by, \"value\": value})[\"value\"]\n/usr/local/lib/python3.11/site-packages/selenium/webdriver/remote/webdriver.py:345: in execute\n    self.error_handler.check_response(response)\n_ _ _ _ _ _ _ _ _ _ _ _ _ _ _ _ _ _ _ _ _ _ _ _ _ _ _ _ _ _ _ _ _ _ _ _ _ _ _ _ \n\nself = <selenium.webdriver.remote.errorhandler.ErrorHandler object at 0x7f1633d21b50>\nresponse = {'status': 404, 'value': '{\"value\":{\"error\":\"no such element\",\"message\":\"no such element: Unable to locate element: {\\...\\\\n#16 0x55db3c127059 \\\\u003Cunknown>\\\\n#17 0x55db3c137843 \\\\u003Cunknown>\\\\n#18 0x7f90a1093044 \\\\u003Cunknown>\\\\n\"}}'}\n\n    def check_response(self, response: Dict[str, Any]) -> None:\n        \"\"\"Checks that a JSON response from the WebDriver does not have an\n        error.\n    \n        :Args:\n         - response - The JSON response from the WebDriver server as a dictionary\n           object.\n    \n        :Raises: If the response contains an error message.\n        \"\"\"\n        status = response.get(\"status\", None)\n        if not status or status == ErrorCode.SUCCESS:\n            return\n        value = None\n        message = response.get(\"message\", \"\")\n        screen: str = response.get(\"screen\", \"\")\n        stacktrace = None\n        if isinstance(status, int):\n            value_json = response.get(\"value\", None)\n            if value_json and isinstance(value_json, str):\n                import json\n    \n                try:\n                    value = json.loads(value_json)\n                    if len(value) == 1:\n                        value = value[\"value\"]\n                    status = value.get(\"error\", None)\n                    if not status:\n                        status = value.get(\"status\", ErrorCode.UNKNOWN_ERROR)\n                        message = value.get(\"value\") or value.get(\"message\")\n                        if not isinstance(message, str):\n                            value = message\n                            message = message.get(\"message\")\n                    else:\n                        message = value.get(\"message\", None)\n                except ValueError:\n                    pass\n    \n        exception_class: Type[WebDriverException]\n        e = ErrorCode()\n        error_codes = [item for item in dir(e) if not item.startswith(\"__\")]\n        for error_code in error_codes:\n            error_info = getattr(ErrorCode, error_code)\n            if isinstance(error_info, list) and status in error_info:\n                exception_class = getattr(ExceptionMapping, error_code, WebDriverException)\n                break\n        else:\n            exception_class = WebDriverException\n    \n        if not value:\n            value = response[\"value\"]\n        if isinstance(value, str):\n            raise exception_class(value)\n        if message == \"\" and \"message\" in value:\n            message = value[\"message\"]\n    \n        screen = None  # type: ignore[assignment]\n        if \"screen\" in value:\n            screen = value[\"screen\"]\n    \n        stacktrace = None\n        st_value = value.get(\"stackTrace\") or value.get(\"stacktrace\")\n        if st_value:\n            if isinstance(st_value, str):\n                stacktrace = st_value.split(\"\\n\")\n            else:\n                stacktrace = []\n                try:\n                    for frame in st_value:\n                        line = frame.get(\"lineNumber\", \"\")\n                        file = frame.get(\"fileName\", \"<anonymous>\")\n                        if line:\n                            file = f\"{file}:{line}\"\n                        meth = frame.get(\"methodName\", \"<anonymous>\")\n                        if \"className\" in frame:\n                            meth = f\"{frame['className']}.{meth}\"\n                        msg = \"    at %s (%s)\"\n                        msg = msg % (meth, file)\n                        stacktrace.append(msg)\n                except TypeError:\n                    pass\n        if exception_class == UnexpectedAlertPresentException:\n            alert_text = None\n            if \"data\" in value:\n                alert_text = value[\"data\"].get(\"text\")\n            elif \"alert\" in value:\n                alert_text = value[\"alert\"].get(\"text\")\n            raise exception_class(message, screen, stacktrace, alert_text)  # type: ignore[call-arg]  # mypy is not smart enough here\n>       raise exception_class(message, screen, stacktrace)\nE       selenium.common.exceptions.NoSuchElementException: Message: no such element: Unable to locate element: {\"method\":\"xpath\",\"selector\":\"(//a[@class='add-to-cart yellow-btn'])[1]\"}\nE         (Session info: headless chrome=117.0.5938.92); For documentation on this error, please visit: https://www.selenium.dev/documentation/webdriver/troubleshooting/errors#no-such-element-exception\nE       Stacktrace:\nE       #0 0x55db3c1386b3 <unknown>\nE       #1 0x55db3be0e1e7 <unknown>\nE       #2 0x55db3be55566 <unknown>\nE       #3 0x55db3be55651 <unknown>\nE       #4 0x55db3be92a74 <unknown>\nE       #5 0x55db3be770ed <unknown>\nE       #6 0x55db3be90322 <unknown>\nE       #7 0x55db3be76e93 <unknown>\nE       #8 0x55db3be49934 <unknown>\nE       #9 0x55db3be4a71e <unknown>\nE       #10 0x55db3c0fdcb8 <unknown>\nE       #11 0x55db3c101bf0 <unknown>\nE       #12 0x55db3c10c19c <unknown>\nE       #13 0x55db3c102808 <unknown>\nE       #14 0x55db3c0cf27f <unknown>\nE       #15 0x55db3c126e88 <unknown>\nE       #16 0x55db3c127059 <unknown>\nE       #17 0x55db3c137843 <unknown>\nE       #18 0x7f90a1093044 <unknown>\n\n/usr/local/lib/python3.11/site-packages/selenium/webdriver/remote/errorhandler.py:229: NoSuchElementException","steps":[{"name":"Добавляем товар в корзину в количестве 333","time":{"start":1696380807498,"stop":1696380807513,"duration":15},"status":"broken","statusMessage":"selenium.common.exceptions.NoSuchElementException: Message: no such element: Unable to locate element: {\"method\":\"xpath\",\"selector\":\"(//a[@class='add-to-cart yellow-btn'])[1]\"}\n  (Session info: headless chrome=117.0.5938.92); For documentation on this error, please visit: https://www.selenium.dev/documentation/webdriver/troubleshooting/errors#no-such-element-exception\nStacktrace:\n#0 0x55db3c1386b3 <unknown>\n#1 0x55db3be0e1e7 <unknown>\n#2 0x55db3be55566 <unknown>\n#3 0x55db3be55651 <unknown>\n#4 0x55db3be92a74 <unknown>\n#5 0x55db3be770ed <unknown>\n#6 0x55db3be90322 <unknown>\n#7 0x55db3be76e93 <unknown>\n#8 0x55db3be49934 <unknown>\n#9 0x55db3be4a71e <unknown>\n#10 0x55db3c0fdcb8 <unknown>\n#11 0x55db3c101bf0 <unknown>\n#12 0x55db3c10c19c <unknown>\n#13 0x55db3c102808 <unknown>\n#14 0x55db3c0cf27f <unknown>\n#15 0x55db3c126e88 <unknown>\n#16 0x55db3c127059 <unknown>\n#17 0x55db3c137843 <unknown>\n#18 0x7f90a1093044 <unknown>\n\n","statusTrace":"  File \"/usr/local/lib/python3.11/site-packages/allure_commons/_allure.py\", line 192, in impl\n    return func(*a, **kw)\n           ^^^^^^^^^^^^^^\n  File \"/app/pages/item_page.py\", line 40, in add_item_to_cart\n    self.find_element(self._add_item).click()\n    ^^^^^^^^^^^^^^^^^^^^^^^^^^^^^^^^^\n  File \"/app/base/seleniumbase.py\", line 17, in find_element\n    return self.driver.find_element(*locator)\n           ^^^^^^^^^^^^^^^^^^^^^^^^^^^^^^^^^^\n  File \"/usr/local/lib/python3.11/site-packages/selenium/webdriver/remote/webdriver.py\", line 739, in find_element\n    return self.execute(Command.FIND_ELEMENT, {\"using\": by, \"value\": value})[\"value\"]\n           ^^^^^^^^^^^^^^^^^^^^^^^^^^^^^^^^^^^^^^^^^^^^^^^^^^^^^^^^^^^^^^^^^\n  File \"/usr/local/lib/python3.11/site-packages/selenium/webdriver/remote/webdriver.py\", line 345, in execute\n    self.error_handler.check_response(response)\n  File \"/usr/local/lib/python3.11/site-packages/selenium/webdriver/remote/errorhandler.py\", line 229, in check_response\n    raise exception_class(message, screen, stacktrace)\n","steps":[],"attachments":[],"parameters":[{"name":"amount","value":"333"}],"shouldDisplayMessage":true,"stepsCount":0,"attachmentsCount":0,"hasContent":true}],"attachments":[{"uid":"d78eb923dfe69a4e","name":"Screenshot","source":"d78eb923dfe69a4e.png","type":"image/png","size":39917},{"uid":"e6a0ac317045ef6e","name":"HTML source","source":"e6a0ac317045ef6e.html","type":"text/html","size":544}],"parameters":[],"shouldDisplayMessage":true,"stepsCount":1,"attachmentsCount":2,"hasContent":true},"afterStages":[{"name":"driver::0","time":{"start":1696380807642,"stop":1696380807697,"duration":55},"status":"passed","steps":[],"attachments":[],"parameters":[],"shouldDisplayMessage":false,"stepsCount":0,"attachmentsCount":0,"hasContent":false},{"name":"setup::0","time":{"start":1696380807642,"stop":1696380807642,"duration":0},"status":"passed","steps":[],"attachments":[],"parameters":[],"shouldDisplayMessage":false,"stepsCount":0,"attachmentsCount":0,"hasContent":false}],"labels":[{"name":"epic","value":"Delivery Page - calculation"},{"name":"tag","value":"smoke_test"},{"name":"tag","value":"@pytest.mark.xfail"},{"name":"parentSuite","value":"tests.delivery"},{"name":"suite","value":"test_delivery_calculation"},{"name":"subSuite","value":"TestDeliveryPageCalculation"},{"name":"host","value":"3fc59d2b2c2e"},{"name":"thread","value":"1-MainThread"},{"name":"framework","value":"pytest"},{"name":"language","value":"cpython3"},{"name":"package","value":"tests.delivery.test_delivery_calculation"},{"name":"resultFormat","value":"allure2"}],"parameters":[{"name":"all_time","value":"12500"},{"name":"amount","value":"333"},{"name":"case_id","value":"'TD 012'"},{"name":"in_time","value":"11990"},{"name":"link_item","value":"'products/shtukaturka-gipsovaya-aksolit-m50-30-kg-mashinnogo-naneseniya'"},{"name":"standard","value":"4450"},{"name":"url","value":"'https://sandboxtest.stroyrem-nn.ru/'"},{"name":"weight","value":"10000"}],"links":[],"hidden":false,"retry":false,"extra":{"severity":"normal","retries":[],"categories":[],"history":{"statistic":{"failed":0,"broken":13,"skipped":43,"passed":0,"unknown":0,"total":56},"items":[{"uid":"5f2248a5ecd1cf5f","reportUrl":"https://Nat754.github.io/StroyremAutomation/83//#testresult/5f2248a5ecd1cf5f","status":"skipped","statusDetails":"XFAIL\n\nselenium.common.exceptions.NoSuchElementException: Message: no such element: Unable to locate element: {\"method\":\"xpath\",\"selector\":\"(//a[@class='add-to-cart yellow-btn'])[1]\"}\n  (Session info: headless chrome=117.0.5938.92); For documentation on this error, please visit: https://www.selenium.dev/documentation/webdriver/troubleshooting/errors#no-such-element-exception\nStacktrace:\n#0 0x55803e9bc6b3 <unknown>\n#1 0x55803e6921e7 <unknown>\n#2 0x55803e6d9566 <unknown>\n#3 0x55803e6d9651 <unknown>\n#4 0x55803e716a74 <unknown>\n#5 0x55803e6fb0ed <unknown>\n#6 0x55803e714322 <unknown>\n#7 0x55803e6fae93 <unknown>\n#8 0x55803e6cd934 <unknown>\n#9 0x55803e6ce71e <unknown>\n#10 0x55803e981cb8 <unknown>\n#11 0x55803e985bf0 <unknown>\n#12 0x55803e99019c <unknown>\n#13 0x55803e986808 <unknown>\n#14 0x55803e95327f <unknown>\n#15 0x55803e9aae88 <unknown>\n#16 0x55803e9ab059 <unknown>\n#17 0x55803e9bb843 <unknown>\n#18 0x7f240a257044 <unknown>","time":{"start":1696294391756,"stop":1696294392160,"duration":404}},{"uid":"c8c53c30f79c6b93","reportUrl":"https://Nat754.github.io/StroyremAutomation/82//#testresult/c8c53c30f79c6b93","status":"skipped","statusDetails":"XFAIL\n\nselenium.common.exceptions.NoSuchElementException: Message: no such element: Unable to locate element: {\"method\":\"xpath\",\"selector\":\"(//a[@class='add-to-cart yellow-btn'])[1]\"}\n  (Session info: headless chrome=117.0.5938.92); For documentation on this error, please visit: https://www.selenium.dev/documentation/webdriver/troubleshooting/errors#no-such-element-exception\nStacktrace:\n#0 0x55761cc536b3 <unknown>\n#1 0x55761c9291e7 <unknown>\n#2 0x55761c970566 <unknown>\n#3 0x55761c970651 <unknown>\n#4 0x55761c9ada74 <unknown>\n#5 0x55761c9920ed <unknown>\n#6 0x55761c9ab322 <unknown>\n#7 0x55761c991e93 <unknown>\n#8 0x55761c964934 <unknown>\n#9 0x55761c96571e <unknown>\n#10 0x55761cc18cb8 <unknown>\n#11 0x55761cc1cbf0 <unknown>\n#12 0x55761cc2719c <unknown>\n#13 0x55761cc1d808 <unknown>\n#14 0x55761cbea27f <unknown>\n#15 0x55761cc41e88 <unknown>\n#16 0x55761cc42059 <unknown>\n#17 0x55761cc52843 <unknown>\n#18 0x7fa93977b044 <unknown>","time":{"start":1696282083989,"stop":1696282084613,"duration":624}},{"uid":"e68928469b0d4cee","reportUrl":"https://Nat754.github.io/StroyremAutomation/81//#testresult/e68928469b0d4cee","status":"skipped","statusDetails":"XFAIL\n\nselenium.common.exceptions.NoSuchElementException: Message: no such element: Unable to locate element: {\"method\":\"xpath\",\"selector\":\"(//a[@class='add-to-cart yellow-btn'])[1]\"}\n  (Session info: headless chrome=117.0.5938.92); For documentation on this error, please visit: https://www.selenium.dev/documentation/webdriver/troubleshooting/errors#no-such-element-exception\nStacktrace:\n#0 0x5563149006b3 <unknown>\n#1 0x5563145d61e7 <unknown>\n#2 0x55631461d566 <unknown>\n#3 0x55631461d651 <unknown>\n#4 0x55631465aa74 <unknown>\n#5 0x55631463f0ed <unknown>\n#6 0x556314658322 <unknown>\n#7 0x55631463ee93 <unknown>\n#8 0x556314611934 <unknown>\n#9 0x55631461271e <unknown>\n#10 0x5563148c5cb8 <unknown>\n#11 0x5563148c9bf0 <unknown>\n#12 0x5563148d419c <unknown>\n#13 0x5563148ca808 <unknown>\n#14 0x55631489727f <unknown>\n#15 0x5563148eee88 <unknown>\n#16 0x5563148ef059 <unknown>\n#17 0x5563148ff843 <unknown>\n#18 0x7f481f34e044 <unknown>","time":{"start":1696258203559,"stop":1696258204238,"duration":679}},{"uid":"eca7dcbded9cae28","reportUrl":"https://Nat754.github.io/StroyremAutomation/81//#testresult/eca7dcbded9cae28","status":"skipped","statusDetails":"XFAIL\n\nselenium.common.exceptions.NoSuchElementException: Message: no such element: Unable to locate element: {\"method\":\"xpath\",\"selector\":\"(//a[@class='add-to-cart yellow-btn'])[1]\"}\n  (Session info: headless chrome=117.0.5938.92); For documentation on this error, please visit: https://www.selenium.dev/documentation/webdriver/troubleshooting/errors#no-such-element-exception\nStacktrace:\n#0 0x558de3a3b6b3 <unknown>\n#1 0x558de37111e7 <unknown>\n#2 0x558de3758566 <unknown>\n#3 0x558de3758651 <unknown>\n#4 0x558de3795a74 <unknown>\n#5 0x558de377a0ed <unknown>\n#6 0x558de3793322 <unknown>\n#7 0x558de3779e93 <unknown>\n#8 0x558de374c934 <unknown>\n#9 0x558de374d71e <unknown>\n#10 0x558de3a00cb8 <unknown>\n#11 0x558de3a04bf0 <unknown>\n#12 0x558de3a0f19c <unknown>\n#13 0x558de3a05808 <unknown>\n#14 0x558de39d227f <unknown>\n#15 0x558de3a29e88 <unknown>\n#16 0x558de3a2a059 <unknown>\n#17 0x558de3a3a843 <unknown>\n#18 0x7f7a802bf044 <unknown>","time":{"start":1696208350929,"stop":1696208351387,"duration":458}},{"uid":"fb1ec36c992ca003","reportUrl":"https://Nat754.github.io/StroyremAutomation/80//#testresult/fb1ec36c992ca003","status":"skipped","statusDetails":"XFAIL\n\nselenium.common.exceptions.NoSuchElementException: Message: no such element: Unable to locate element: {\"method\":\"xpath\",\"selector\":\"(//a[@class='add-to-cart yellow-btn'])[1]\"}\n  (Session info: headless chrome=117.0.5938.92); For documentation on this error, please visit: https://www.selenium.dev/documentation/webdriver/troubleshooting/errors#no-such-element-exception\nStacktrace:\n#0 0x556f638636b3 <unknown>\n#1 0x556f635391e7 <unknown>\n#2 0x556f63580566 <unknown>\n#3 0x556f63580651 <unknown>\n#4 0x556f635bda74 <unknown>\n#5 0x556f635a20ed <unknown>\n#6 0x556f635bb322 <unknown>\n#7 0x556f635a1e93 <unknown>\n#8 0x556f63574934 <unknown>\n#9 0x556f6357571e <unknown>\n#10 0x556f63828cb8 <unknown>\n#11 0x556f6382cbf0 <unknown>\n#12 0x556f6383719c <unknown>\n#13 0x556f6382d808 <unknown>\n#14 0x556f637fa27f <unknown>\n#15 0x556f63851e88 <unknown>\n#16 0x556f63852059 <unknown>\n#17 0x556f63862843 <unknown>\n#18 0x7f5ecb6c0044 <unknown>","time":{"start":1696122338727,"stop":1696122339367,"duration":640}},{"uid":"9bcbf4fa4bc97882","reportUrl":"https://Nat754.github.io/StroyremAutomation/79//#testresult/9bcbf4fa4bc97882","status":"skipped","statusDetails":"XFAIL\n\nselenium.common.exceptions.NoSuchElementException: Message: no such element: Unable to locate element: {\"method\":\"xpath\",\"selector\":\"(//a[@class='add-to-cart yellow-btn'])[1]\"}\n  (Session info: headless chrome=117.0.5938.92); For documentation on this error, please visit: https://www.selenium.dev/documentation/webdriver/troubleshooting/errors#no-such-element-exception\nStacktrace:\n#0 0x55ff5cec26b3 <unknown>\n#1 0x55ff5cb981e7 <unknown>\n#2 0x55ff5cbdf566 <unknown>\n#3 0x55ff5cbdf651 <unknown>\n#4 0x55ff5cc1ca74 <unknown>\n#5 0x55ff5cc010ed <unknown>\n#6 0x55ff5cc1a322 <unknown>\n#7 0x55ff5cc00e93 <unknown>\n#8 0x55ff5cbd3934 <unknown>\n#9 0x55ff5cbd471e <unknown>\n#10 0x55ff5ce87cb8 <unknown>\n#11 0x55ff5ce8bbf0 <unknown>\n#12 0x55ff5ce9619c <unknown>\n#13 0x55ff5ce8c808 <unknown>\n#14 0x55ff5ce5927f <unknown>\n#15 0x55ff5ceb0e88 <unknown>\n#16 0x55ff5ceb1059 <unknown>\n#17 0x55ff5cec1843 <unknown>\n#18 0x7fe8eda8e044 <unknown>","time":{"start":1696035330171,"stop":1696035330591,"duration":420}},{"uid":"e7666628dd10bb3b","reportUrl":"https://Nat754.github.io/StroyremAutomation/78//#testresult/e7666628dd10bb3b","status":"skipped","statusDetails":"XFAIL\n\nselenium.common.exceptions.NoSuchElementException: Message: no such element: Unable to locate element: {\"method\":\"xpath\",\"selector\":\"(//a[@class='add-to-cart yellow-btn'])[1]\"}\n  (Session info: headless chrome=117.0.5938.92); For documentation on this error, please visit: https://www.selenium.dev/documentation/webdriver/troubleshooting/errors#no-such-element-exception\nStacktrace:\n#0 0x56152f8016b3 <unknown>\n#1 0x56152f4d71e7 <unknown>\n#2 0x56152f51e566 <unknown>\n#3 0x56152f51e651 <unknown>\n#4 0x56152f55ba74 <unknown>\n#5 0x56152f5400ed <unknown>\n#6 0x56152f559322 <unknown>\n#7 0x56152f53fe93 <unknown>\n#8 0x56152f512934 <unknown>\n#9 0x56152f51371e <unknown>\n#10 0x56152f7c6cb8 <unknown>\n#11 0x56152f7cabf0 <unknown>\n#12 0x56152f7d519c <unknown>\n#13 0x56152f7cb808 <unknown>\n#14 0x56152f79827f <unknown>\n#15 0x56152f7efe88 <unknown>\n#16 0x56152f7f0059 <unknown>\n#17 0x56152f800843 <unknown>\n#18 0x7f9c8fe5c044 <unknown>","time":{"start":1695949059513,"stop":1695949060049,"duration":536}},{"uid":"890a43d6721c6ea1","reportUrl":"https://Nat754.github.io/StroyremAutomation/77//#testresult/890a43d6721c6ea1","status":"skipped","statusDetails":"XFAIL\n\nselenium.common.exceptions.NoSuchElementException: Message: no such element: Unable to locate element: {\"method\":\"xpath\",\"selector\":\"(//a[@class='add-to-cart yellow-btn'])[1]\"}\n  (Session info: headless chrome=117.0.5938.92); For documentation on this error, please visit: https://www.selenium.dev/documentation/webdriver/troubleshooting/errors#no-such-element-exception\nStacktrace:\n#0 0x5647394ae6b3 <unknown>\n#1 0x5647391841e7 <unknown>\n#2 0x5647391cb566 <unknown>\n#3 0x5647391cb651 <unknown>\n#4 0x564739208a74 <unknown>\n#5 0x5647391ed0ed <unknown>\n#6 0x564739206322 <unknown>\n#7 0x5647391ece93 <unknown>\n#8 0x5647391bf934 <unknown>\n#9 0x5647391c071e <unknown>\n#10 0x564739473cb8 <unknown>\n#11 0x564739477bf0 <unknown>\n#12 0x56473948219c <unknown>\n#13 0x564739478808 <unknown>\n#14 0x56473944527f <unknown>\n#15 0x56473949ce88 <unknown>\n#16 0x56473949d059 <unknown>\n#17 0x5647394ad843 <unknown>\n#18 0x7f476e288044 <unknown>","time":{"start":1695862820927,"stop":1695862821748,"duration":821}},{"uid":"ac9d297f66d0070b","reportUrl":"https://Nat754.github.io/StroyremAutomation/76//#testresult/ac9d297f66d0070b","status":"skipped","statusDetails":"XFAIL\n\nselenium.common.exceptions.ElementNotInteractableException: Message: element not interactable\n  (Session info: headless chrome=117.0.5938.92)\nStacktrace:\n#0 0x5590e46046b3 <unknown>\n#1 0x5590e42da036 <unknown>\n#2 0x5590e4318c1d <unknown>\n#3 0x5590e43430c2 <unknown>\n#4 0x5590e4316f16 <unknown>\n#5 0x5590e434328e <unknown>\n#6 0x5590e435c322 <unknown>\n#7 0x5590e4342e93 <unknown>\n#8 0x5590e4315934 <unknown>\n#9 0x5590e431671e <unknown>\n#10 0x5590e45c9cb8 <unknown>\n#11 0x5590e45cdbf0 <unknown>\n#12 0x5590e45d819c <unknown>\n#13 0x5590e45ce808 <unknown>\n#14 0x5590e459b27f <unknown>\n#15 0x5590e45f2e88 <unknown>\n#16 0x5590e45f3059 <unknown>\n#17 0x5590e4603843 <unknown>\n#18 0x7f2112138044 <unknown>","time":{"start":1695776533043,"stop":1695776540758,"duration":7715}},{"uid":"3b9d1421e0e8cd61","reportUrl":"https://Nat754.github.io/StroyremAutomation/75//#testresult/3b9d1421e0e8cd61","status":"skipped","statusDetails":"XFAIL\n\nselenium.common.exceptions.NoSuchElementException: Message: no such element: Unable to locate element: {\"method\":\"xpath\",\"selector\":\"(//a[@class='add-to-cart yellow-btn'])[1]\"}\n  (Session info: headless chrome=117.0.5938.92); For documentation on this error, please visit: https://www.selenium.dev/documentation/webdriver/troubleshooting/errors#no-such-element-exception\nStacktrace:\n#0 0x55c55a6196b3 <unknown>\n#1 0x55c55a2ef1e7 <unknown>\n#2 0x55c55a336566 <unknown>\n#3 0x55c55a336651 <unknown>\n#4 0x55c55a373a74 <unknown>\n#5 0x55c55a3580ed <unknown>\n#6 0x55c55a371322 <unknown>\n#7 0x55c55a357e93 <unknown>\n#8 0x55c55a32a934 <unknown>\n#9 0x55c55a32b71e <unknown>\n#10 0x55c55a5decb8 <unknown>\n#11 0x55c55a5e2bf0 <unknown>\n#12 0x55c55a5ed19c <unknown>\n#13 0x55c55a5e3808 <unknown>\n#14 0x55c55a5b027f <unknown>\n#15 0x55c55a607e88 <unknown>\n#16 0x55c55a608059 <unknown>\n#17 0x55c55a618843 <unknown>\n#18 0x7fe0b6235044 <unknown>","time":{"start":1695690093070,"stop":1695690093739,"duration":669}},{"uid":"63cc22b9ec0642a8","reportUrl":"https://Nat754.github.io/StroyremAutomation/74//#testresult/63cc22b9ec0642a8","status":"skipped","statusDetails":"XFAIL\n\nselenium.common.exceptions.NoSuchElementException: Message: no such element: Unable to locate element: {\"method\":\"xpath\",\"selector\":\"(//a[@class='add-to-cart yellow-btn'])[1]\"}\n  (Session info: headless chrome=117.0.5938.92); For documentation on this error, please visit: https://www.selenium.dev/documentation/webdriver/troubleshooting/errors#no-such-element-exception\nStacktrace:\n#0 0x55e7d49526b3 <unknown>\n#1 0x55e7d46281e7 <unknown>\n#2 0x55e7d466f566 <unknown>\n#3 0x55e7d466f651 <unknown>\n#4 0x55e7d46aca74 <unknown>\n#5 0x55e7d46910ed <unknown>\n#6 0x55e7d46aa322 <unknown>\n#7 0x55e7d4690e93 <unknown>\n#8 0x55e7d4663934 <unknown>\n#9 0x55e7d466471e <unknown>\n#10 0x55e7d4917cb8 <unknown>\n#11 0x55e7d491bbf0 <unknown>\n#12 0x55e7d492619c <unknown>\n#13 0x55e7d491c808 <unknown>\n#14 0x55e7d48e927f <unknown>\n#15 0x55e7d4940e88 <unknown>\n#16 0x55e7d4941059 <unknown>\n#17 0x55e7d4951843 <unknown>\n#18 0x7f76f325f044 <unknown>","time":{"start":1695603675935,"stop":1695603676745,"duration":810}},{"uid":"6ddb3fc8f276303c","reportUrl":"https://Nat754.github.io/StroyremAutomation/73//#testresult/6ddb3fc8f276303c","status":"skipped","statusDetails":"XFAIL\n\nselenium.common.exceptions.NoSuchElementException: Message: no such element: Unable to locate element: {\"method\":\"xpath\",\"selector\":\"(//a[@class='add-to-cart yellow-btn'])[1]\"}\n  (Session info: headless chrome=117.0.5938.92); For documentation on this error, please visit: https://www.selenium.dev/documentation/webdriver/troubleshooting/errors#no-such-element-exception\nStacktrace:\n#0 0x55ee2d8516b3 <unknown>\n#1 0x55ee2d5271e7 <unknown>\n#2 0x55ee2d56e566 <unknown>\n#3 0x55ee2d56e651 <unknown>\n#4 0x55ee2d5aba74 <unknown>\n#5 0x55ee2d5900ed <unknown>\n#6 0x55ee2d5a9322 <unknown>\n#7 0x55ee2d58fe93 <unknown>\n#8 0x55ee2d562934 <unknown>\n#9 0x55ee2d56371e <unknown>\n#10 0x55ee2d816cb8 <unknown>\n#11 0x55ee2d81abf0 <unknown>\n#12 0x55ee2d82519c <unknown>\n#13 0x55ee2d81b808 <unknown>\n#14 0x55ee2d7e827f <unknown>\n#15 0x55ee2d83fe88 <unknown>\n#16 0x55ee2d840059 <unknown>\n#17 0x55ee2d850843 <unknown>\n#18 0x7f64908bc044 <unknown>","time":{"start":1695517185490,"stop":1695517186006,"duration":516}},{"uid":"64775ae4f796e4c4","reportUrl":"https://Nat754.github.io/StroyremAutomation/72//#testresult/64775ae4f796e4c4","status":"skipped","statusDetails":"XFAIL\n\nselenium.common.exceptions.NoSuchElementException: Message: no such element: Unable to locate element: {\"method\":\"xpath\",\"selector\":\"(//a[@class='add-to-cart yellow-btn'])[1]\"}\n  (Session info: headless chrome=117.0.5938.92); For documentation on this error, please visit: https://www.selenium.dev/documentation/webdriver/troubleshooting/errors#no-such-element-exception\nStacktrace:\n#0 0x55c80ac496b3 <unknown>\n#1 0x55c80a91f1e7 <unknown>\n#2 0x55c80a966566 <unknown>\n#3 0x55c80a966651 <unknown>\n#4 0x55c80a9a3a74 <unknown>\n#5 0x55c80a9880ed <unknown>\n#6 0x55c80a9a1322 <unknown>\n#7 0x55c80a987e93 <unknown>\n#8 0x55c80a95a934 <unknown>\n#9 0x55c80a95b71e <unknown>\n#10 0x55c80ac0ecb8 <unknown>\n#11 0x55c80ac12bf0 <unknown>\n#12 0x55c80ac1d19c <unknown>\n#13 0x55c80ac13808 <unknown>\n#14 0x55c80abe027f <unknown>\n#15 0x55c80ac37e88 <unknown>\n#16 0x55c80ac38059 <unknown>\n#17 0x55c80ac48843 <unknown>\n#18 0x7fa49de23044 <unknown>","time":{"start":1695430701689,"stop":1695430702367,"duration":678}},{"uid":"3883637ea75233cb","reportUrl":"https://Nat754.github.io/StroyremAutomation/71//#testresult/3883637ea75233cb","status":"skipped","statusDetails":"XFAIL\n\nselenium.common.exceptions.NoSuchElementException: Message: no such element: Unable to locate element: {\"method\":\"xpath\",\"selector\":\"(//a[@class='add-to-cart yellow-btn'])[1]\"}\n  (Session info: headless chrome=117.0.5938.92); For documentation on this error, please visit: https://www.selenium.dev/documentation/webdriver/troubleshooting/errors#no-such-element-exception\nStacktrace:\n#0 0x55f1b7daa6b3 <unknown>\n#1 0x55f1b7a801e7 <unknown>\n#2 0x55f1b7ac7566 <unknown>\n#3 0x55f1b7ac7651 <unknown>\n#4 0x55f1b7b04a74 <unknown>\n#5 0x55f1b7ae90ed <unknown>\n#6 0x55f1b7b02322 <unknown>\n#7 0x55f1b7ae8e93 <unknown>\n#8 0x55f1b7abb934 <unknown>\n#9 0x55f1b7abc71e <unknown>\n#10 0x55f1b7d6fcb8 <unknown>\n#11 0x55f1b7d73bf0 <unknown>\n#12 0x55f1b7d7e19c <unknown>\n#13 0x55f1b7d74808 <unknown>\n#14 0x55f1b7d4127f <unknown>\n#15 0x55f1b7d98e88 <unknown>\n#16 0x55f1b7d99059 <unknown>\n#17 0x55f1b7da9843 <unknown>\n#18 0x7f0ecee5f044 <unknown>","time":{"start":1695406011181,"stop":1695406012006,"duration":825}},{"uid":"bafce629807a0c7a","reportUrl":"https://Nat754.github.io/StroyremAutomation/71//#testresult/bafce629807a0c7a","status":"skipped","statusDetails":"XFAIL\n\nselenium.common.exceptions.NoSuchElementException: Message: no such element: Unable to locate element: {\"method\":\"xpath\",\"selector\":\"(//a[@class='add-to-cart yellow-btn'])[1]\"}\n  (Session info: headless chrome=117.0.5938.92); For documentation on this error, please visit: https://www.selenium.dev/documentation/webdriver/troubleshooting/errors#no-such-element-exception\nStacktrace:\n#0 0x5639877216b3 <unknown>\n#1 0x5639873f71e7 <unknown>\n#2 0x56398743e566 <unknown>\n#3 0x56398743e651 <unknown>\n#4 0x56398747ba74 <unknown>\n#5 0x5639874600ed <unknown>\n#6 0x563987479322 <unknown>\n#7 0x56398745fe93 <unknown>\n#8 0x563987432934 <unknown>\n#9 0x56398743371e <unknown>\n#10 0x5639876e6cb8 <unknown>\n#11 0x5639876eabf0 <unknown>\n#12 0x5639876f519c <unknown>\n#13 0x5639876eb808 <unknown>\n#14 0x5639876b827f <unknown>\n#15 0x56398770fe88 <unknown>\n#16 0x563987710059 <unknown>\n#17 0x563987720843 <unknown>\n#18 0x7f13177ab044 <unknown>","time":{"start":1695344241717,"stop":1695344242275,"duration":558}},{"uid":"67e7823e588b395e","reportUrl":"https://Nat754.github.io/StroyremAutomation/70//#testresult/67e7823e588b395e","status":"skipped","statusDetails":"XFAIL\n\nselenium.common.exceptions.NoSuchElementException: Message: no such element: Unable to locate element: {\"method\":\"xpath\",\"selector\":\"(//a[@class='add-to-cart yellow-btn'])[1]\"}\n  (Session info: headless chrome=117.0.5938.88); For documentation on this error, please visit: https://www.selenium.dev/documentation/webdriver/troubleshooting/errors#no-such-element-exception\nStacktrace:\n#0 0x55e739aaa6c3 <unknown>\n#1 0x55e7397801e7 <unknown>\n#2 0x55e7397c7566 <unknown>\n#3 0x55e7397c7651 <unknown>\n#4 0x55e739804a74 <unknown>\n#5 0x55e7397e90ed <unknown>\n#6 0x55e739802322 <unknown>\n#7 0x55e7397e8e93 <unknown>\n#8 0x55e7397bb934 <unknown>\n#9 0x55e7397bc71e <unknown>\n#10 0x55e739a6fcc8 <unknown>\n#11 0x55e739a73c00 <unknown>\n#12 0x55e739a7e1ac <unknown>\n#13 0x55e739a74818 <unknown>\n#14 0x55e739a4128f <unknown>\n#15 0x55e739a98e98 <unknown>\n#16 0x55e739a99069 <unknown>\n#17 0x55e739aa9853 <unknown>\n#18 0x7ffa82160044 <unknown>","time":{"start":1695257821313,"stop":1695257821753,"duration":440}},{"uid":"ec9b624f9e8f0555","reportUrl":"https://Nat754.github.io/StroyremAutomation/69//#testresult/ec9b624f9e8f0555","status":"skipped","statusDetails":"XFAIL\n\nselenium.common.exceptions.ElementNotInteractableException: Message: element not interactable\n  (Session info: headless chrome=117.0.5938.88)\nStacktrace:\n#0 0x55d9b2e076c3 <unknown>\n#1 0x55d9b2add036 <unknown>\n#2 0x55d9b2b1bc1d <unknown>\n#3 0x55d9b2b460c2 <unknown>\n#4 0x55d9b2b19f16 <unknown>\n#5 0x55d9b2b4628e <unknown>\n#6 0x55d9b2b5f322 <unknown>\n#7 0x55d9b2b45e93 <unknown>\n#8 0x55d9b2b18934 <unknown>\n#9 0x55d9b2b1971e <unknown>\n#10 0x55d9b2dcccc8 <unknown>\n#11 0x55d9b2dd0c00 <unknown>\n#12 0x55d9b2ddb1ac <unknown>\n#13 0x55d9b2dd1818 <unknown>\n#14 0x55d9b2d9e28f <unknown>\n#15 0x55d9b2df5e98 <unknown>\n#16 0x55d9b2df6069 <unknown>\n#17 0x55d9b2e06853 <unknown>\n#18 0x7f7f6e3ad044 <unknown>","time":{"start":1695171693190,"stop":1695171699023,"duration":5833}},{"uid":"7553818db870633","reportUrl":"https://Nat754.github.io/StroyremAutomation/68//#testresult/7553818db870633","status":"skipped","statusDetails":"XFAIL\n\nselenium.common.exceptions.NoSuchElementException: Message: no such element: Unable to locate element: {\"method\":\"xpath\",\"selector\":\"(//a[@class='add-to-cart yellow-btn'])[1]\"}\n  (Session info: headless chrome=117.0.5938.88); For documentation on this error, please visit: https://www.selenium.dev/documentation/webdriver/troubleshooting/errors#no-such-element-exception\nStacktrace:\n#0 0x5564ea3a26c3 <unknown>\n#1 0x5564ea0781e7 <unknown>\n#2 0x5564ea0bf566 <unknown>\n#3 0x5564ea0bf651 <unknown>\n#4 0x5564ea0fca74 <unknown>\n#5 0x5564ea0e10ed <unknown>\n#6 0x5564ea0fa322 <unknown>\n#7 0x5564ea0e0e93 <unknown>\n#8 0x5564ea0b3934 <unknown>\n#9 0x5564ea0b471e <unknown>\n#10 0x5564ea367cc8 <unknown>\n#11 0x5564ea36bc00 <unknown>\n#12 0x5564ea3761ac <unknown>\n#13 0x5564ea36c818 <unknown>\n#14 0x5564ea33928f <unknown>\n#15 0x5564ea390e98 <unknown>\n#16 0x5564ea391069 <unknown>\n#17 0x5564ea3a1853 <unknown>\n#18 0x7feb96335044 <unknown>","time":{"start":1695085143030,"stop":1695085143718,"duration":688}},{"uid":"8ccc4189a177bc00","reportUrl":"https://Nat754.github.io/StroyremAutomation/67//#testresult/8ccc4189a177bc00","status":"skipped","statusDetails":"XFAIL\n\nselenium.common.exceptions.NoSuchElementException: Message: no such element: Unable to locate element: {\"method\":\"xpath\",\"selector\":\"(//a[@class='add-to-cart yellow-btn'])[1]\"}\n  (Session info: headless chrome=117.0.5938.88); For documentation on this error, please visit: https://www.selenium.dev/documentation/webdriver/troubleshooting/errors#no-such-element-exception\nStacktrace:\n#0 0x5565d860c6c3 <unknown>\n#1 0x5565d82e21e7 <unknown>\n#2 0x5565d8329566 <unknown>\n#3 0x5565d8329651 <unknown>\n#4 0x5565d8366a74 <unknown>\n#5 0x5565d834b0ed <unknown>\n#6 0x5565d8364322 <unknown>\n#7 0x5565d834ae93 <unknown>\n#8 0x5565d831d934 <unknown>\n#9 0x5565d831e71e <unknown>\n#10 0x5565d85d1cc8 <unknown>\n#11 0x5565d85d5c00 <unknown>\n#12 0x5565d85e01ac <unknown>\n#13 0x5565d85d6818 <unknown>\n#14 0x5565d85a328f <unknown>\n#15 0x5565d85fae98 <unknown>\n#16 0x5565d85fb069 <unknown>\n#17 0x5565d860b853 <unknown>\n#18 0x7f24a5f2d044 <unknown>","time":{"start":1695063655438,"stop":1695063656005,"duration":567}},{"uid":"d2399187a0f518f7","reportUrl":"https://Nat754.github.io/StroyremAutomation/66//#testresult/d2399187a0f518f7","status":"skipped","statusDetails":"XFAIL\n\nselenium.common.exceptions.NoSuchElementException: Message: no such element: Unable to locate element: {\"method\":\"xpath\",\"selector\":\"(//a[@class='add-to-cart yellow-btn'])[1]\"}\n  (Session info: headless chrome=117.0.5938.88); For documentation on this error, please visit: https://www.selenium.dev/documentation/webdriver/troubleshooting/errors#no-such-element-exception\nStacktrace:\n#0 0x5582863116c3 <unknown>\n#1 0x558285fe71e7 <unknown>\n#2 0x55828602e566 <unknown>\n#3 0x55828602e651 <unknown>\n#4 0x55828606ba74 <unknown>\n#5 0x5582860500ed <unknown>\n#6 0x558286069322 <unknown>\n#7 0x55828604fe93 <unknown>\n#8 0x558286022934 <unknown>\n#9 0x55828602371e <unknown>\n#10 0x5582862d6cc8 <unknown>\n#11 0x5582862dac00 <unknown>\n#12 0x5582862e51ac <unknown>\n#13 0x5582862db818 <unknown>\n#14 0x5582862a828f <unknown>\n#15 0x5582862ffe98 <unknown>\n#16 0x558286300069 <unknown>\n#17 0x558286310853 <unknown>\n#18 0x7f6033406044 <unknown>","time":{"start":1695060468204,"stop":1695060468730,"duration":526}}]},"tags":["@pytest.mark.xfail","smoke_test"]},"source":"cf7c720f9dc2b271.json","parameterValues":["12500","333","'TD 012'","11990","'products/shtukaturka-gipsovaya-aksolit-m50-30-kg-mashinnogo-naneseniya'","4450","'https://sandboxtest.stroyrem-nn.ru/'","10000"]}