{"uid":"d64eab5562c87a59","name":"TD 022 Доставка товара весом до 5000кг. в синей зоне","fullName":"tests.delivery.test_delivery_calculation.TestDeliveryPageCalculation#test_positive_delivery_blue_zone_smoke","historyId":"88e507e8c34e246e904b871854b91bc0","time":{"start":1711414404399,"stop":1711414404788,"duration":389},"status":"skipped","statusMessage":"XFAIL\n\nselenium.common.exceptions.NoSuchElementException: Message: no such element: Unable to locate element: {\"method\":\"xpath\",\"selector\":\"(//a[@class='add-to-cart yellow-btn'])[1]\"}\n  (Session info: chrome-headless-shell=123.0.6312.58); For documentation on this error, please visit: https://www.selenium.dev/documentation/webdriver/troubleshooting/errors#no-such-element-exception\nStacktrace:\n#0 0x5580552c6993 <unknown>\n#1 0x558054fc1136 <unknown>\n#2 0x55805500bd48 <unknown>\n#3 0x55805500be01 <unknown>\n#4 0x55805504ee44 <unknown>\n#5 0x55805502dcfd <unknown>\n#6 0x55805504c319 <unknown>\n#7 0x55805502da73 <unknown>\n#8 0x558054ffec93 <unknown>\n#9 0x558054fff65e <unknown>\n#10 0x55805528b08b <unknown>\n#11 0x55805528f005 <unknown>\n#12 0x558055279491 <unknown>\n#13 0x55805528fb92 <unknown>\n#14 0x55805525e9ef <unknown>\n#15 0x5580552b5df8 <unknown>\n#16 0x5580552b5fcb <unknown>\n#17 0x5580552c5ae4 <unknown>\n#18 0x7f06771ae134 <unknown>","statusTrace":"self = <tests.delivery.test_delivery_calculation.TestDeliveryPageCalculation object at 0x7f53cf7174d0>\ndriver = <selenium.webdriver.chrome.webdriver.WebDriver (session=\"e1a2500ddc810b793ae22f67e3748b85\")>\nurl = 'https://sandboxtest.stroyrem-nn.ru/', case_id = 'TD 022'\nlink_item = 'products/shtukaturka-gipsovaya-aksolit-m50-30-kg-mashinnogo-naneseniya'\namount = 166, weight = 5000, standard = 2800, in_time = 5490, all_time = 5980\n\n    @pytest.mark.parametrize('case_id, link_item, amount, weight, standard, in_time, all_time', [\n        (\"TD 015\", bundeks_25, 1, 30, 650, 2390, 3320),\n        pytest.param(\n            \"TD 016\", aksolit_30, 8, 300, 650, 2390, 3320,\n            marks=pytest.mark.xfail(reson=\"Цена доставки: - - -\")\n        ),\n        (\"TD 017\", aksolit_30, 13, 400, 650, 2390, 3320),\n        (\"TD 018\", aksolit_30, 16, 500, 850, 2490, 3320),\n        (\"TD 019\", aksolit_30, 25, 1700, 1150, 2490, 3320),\n        (\"TD 020\", aksolit_30, 66, 2000, 1500, 2990, 3650),\n        (\"TD 021\", aksolit_30, 149, 4500, 2600, 4380, 4890),\n        (\"TD 022\", aksolit_30, 166, 5000, 2800, 5490, 5980),\n        pytest.param(\n            \"TD 023\", aksolit_30, 206, 6200, 3300, 7500, 8000,\n            marks=pytest.mark.xfail(reson=\"Цена доставки: 4300 9900 11440\")\n        ),\n        (\"TD 024\", aksolit_30, 299, 9000, 4300, 9900, 11440),\n        (\"TD 025\", aksolit_30, 333, 10000, 7000, 13900, 15900),\n        pytest.param(\n            \"TD 026\", aksolit_30, 366, 11000, 8000, 14900, 19900,\n            marks=pytest.mark.xfail(reson=\"Цена доставки: 7000 13900 15900\")\n        ),\n        pytest.param(\n            \"TD 027\", aksolit_30, 666, 20000, 14000, 16900, 23900,\n            marks=pytest.mark.xfail(reson=\"Цена доставки: 7000 13900 15900\")\n        )\n    ])\n    @pytest.mark.xfail\n    @pytest.mark.smoke_test\n    def test_positive_delivery_blue_zone_smoke(\n            self, driver, url, case_id, link_item, amount, weight, standard, in_time, all_time\n    ):\n        allure.dynamic.title(f\"{case_id} Доставка товара весом до {weight}кг. в синей зоне\")\n    \n        driver.get(f'{url}{link_item}')\n        item_page = ItemPage(driver)\n>       item_page.add_item_to_cart(amount).click_on_cart()\n\ntests/delivery/test_delivery_calculation.py:132: \n_ _ _ _ _ _ _ _ _ _ _ _ _ _ _ _ _ _ _ _ _ _ _ _ _ _ _ _ _ _ _ _ _ _ _ _ _ _ _ _ \npages/item_page.py:40: in add_item_to_cart\n    self.find_element(self._add_item).click()\nbase/seleniumbase.py:17: in find_element\n    return self.driver.find_element(*locator)\n/usr/local/lib/python3.11/site-packages/selenium/webdriver/remote/webdriver.py:739: in find_element\n    return self.execute(Command.FIND_ELEMENT, {\"using\": by, \"value\": value})[\"value\"]\n/usr/local/lib/python3.11/site-packages/selenium/webdriver/remote/webdriver.py:345: in execute\n    self.error_handler.check_response(response)\n_ _ _ _ _ _ _ _ _ _ _ _ _ _ _ _ _ _ _ _ _ _ _ _ _ _ _ _ _ _ _ _ _ _ _ _ _ _ _ _ \n\nself = <selenium.webdriver.remote.errorhandler.ErrorHandler object at 0x7f53cf9197d0>\nresponse = {'status': 404, 'value': '{\"value\":{\"error\":\"no such element\",\"message\":\"no such element: Unable to locate element: {\\...\\\\n#16 0x5580552b5fcb \\\\u003Cunknown>\\\\n#17 0x5580552c5ae4 \\\\u003Cunknown>\\\\n#18 0x7f06771ae134 \\\\u003Cunknown>\\\\n\"}}'}\n\n    def check_response(self, response: Dict[str, Any]) -> None:\n        \"\"\"Checks that a JSON response from the WebDriver does not have an\n        error.\n    \n        :Args:\n         - response - The JSON response from the WebDriver server as a dictionary\n           object.\n    \n        :Raises: If the response contains an error message.\n        \"\"\"\n        status = response.get(\"status\", None)\n        if not status or status == ErrorCode.SUCCESS:\n            return\n        value = None\n        message = response.get(\"message\", \"\")\n        screen: str = response.get(\"screen\", \"\")\n        stacktrace = None\n        if isinstance(status, int):\n            value_json = response.get(\"value\", None)\n            if value_json and isinstance(value_json, str):\n                import json\n    \n                try:\n                    value = json.loads(value_json)\n                    if len(value) == 1:\n                        value = value[\"value\"]\n                    status = value.get(\"error\", None)\n                    if not status:\n                        status = value.get(\"status\", ErrorCode.UNKNOWN_ERROR)\n                        message = value.get(\"value\") or value.get(\"message\")\n                        if not isinstance(message, str):\n                            value = message\n                            message = message.get(\"message\")\n                    else:\n                        message = value.get(\"message\", None)\n                except ValueError:\n                    pass\n    \n        exception_class: Type[WebDriverException]\n        e = ErrorCode()\n        error_codes = [item for item in dir(e) if not item.startswith(\"__\")]\n        for error_code in error_codes:\n            error_info = getattr(ErrorCode, error_code)\n            if isinstance(error_info, list) and status in error_info:\n                exception_class = getattr(ExceptionMapping, error_code, WebDriverException)\n                break\n        else:\n            exception_class = WebDriverException\n    \n        if not value:\n            value = response[\"value\"]\n        if isinstance(value, str):\n            raise exception_class(value)\n        if message == \"\" and \"message\" in value:\n            message = value[\"message\"]\n    \n        screen = None  # type: ignore[assignment]\n        if \"screen\" in value:\n            screen = value[\"screen\"]\n    \n        stacktrace = None\n        st_value = value.get(\"stackTrace\") or value.get(\"stacktrace\")\n        if st_value:\n            if isinstance(st_value, str):\n                stacktrace = st_value.split(\"\\n\")\n            else:\n                stacktrace = []\n                try:\n                    for frame in st_value:\n                        line = frame.get(\"lineNumber\", \"\")\n                        file = frame.get(\"fileName\", \"<anonymous>\")\n                        if line:\n                            file = f\"{file}:{line}\"\n                        meth = frame.get(\"methodName\", \"<anonymous>\")\n                        if \"className\" in frame:\n                            meth = f\"{frame['className']}.{meth}\"\n                        msg = \"    at %s (%s)\"\n                        msg = msg % (meth, file)\n                        stacktrace.append(msg)\n                except TypeError:\n                    pass\n        if exception_class == UnexpectedAlertPresentException:\n            alert_text = None\n            if \"data\" in value:\n                alert_text = value[\"data\"].get(\"text\")\n            elif \"alert\" in value:\n                alert_text = value[\"alert\"].get(\"text\")\n            raise exception_class(message, screen, stacktrace, alert_text)  # type: ignore[call-arg]  # mypy is not smart enough here\n>       raise exception_class(message, screen, stacktrace)\nE       selenium.common.exceptions.NoSuchElementException: Message: no such element: Unable to locate element: {\"method\":\"xpath\",\"selector\":\"(//a[@class='add-to-cart yellow-btn'])[1]\"}\nE         (Session info: chrome-headless-shell=123.0.6312.58); For documentation on this error, please visit: https://www.selenium.dev/documentation/webdriver/troubleshooting/errors#no-such-element-exception\nE       Stacktrace:\nE       #0 0x5580552c6993 <unknown>\nE       #1 0x558054fc1136 <unknown>\nE       #2 0x55805500bd48 <unknown>\nE       #3 0x55805500be01 <unknown>\nE       #4 0x55805504ee44 <unknown>\nE       #5 0x55805502dcfd <unknown>\nE       #6 0x55805504c319 <unknown>\nE       #7 0x55805502da73 <unknown>\nE       #8 0x558054ffec93 <unknown>\nE       #9 0x558054fff65e <unknown>\nE       #10 0x55805528b08b <unknown>\nE       #11 0x55805528f005 <unknown>\nE       #12 0x558055279491 <unknown>\nE       #13 0x55805528fb92 <unknown>\nE       #14 0x55805525e9ef <unknown>\nE       #15 0x5580552b5df8 <unknown>\nE       #16 0x5580552b5fcb <unknown>\nE       #17 0x5580552c5ae4 <unknown>\nE       #18 0x7f06771ae134 <unknown>\n\n/usr/local/lib/python3.11/site-packages/selenium/webdriver/remote/errorhandler.py:229: NoSuchElementException","flaky":false,"newFailed":false,"newBroken":false,"newPassed":false,"retriesCount":0,"retriesStatusChange":false,"beforeStages":[{"name":"_session_faker","time":{"start":1711414100735,"stop":1711414100805,"duration":70},"status":"passed","steps":[],"attachments":[],"parameters":[],"shouldDisplayMessage":false,"stepsCount":0,"attachmentsCount":0,"hasContent":false,"attachmentStep":false},{"name":"clear_allure_results_folder","time":{"start":1711414100805,"stop":1711414100805,"duration":0},"status":"passed","steps":[],"attachments":[],"parameters":[],"shouldDisplayMessage":false,"stepsCount":0,"attachmentsCount":0,"hasContent":false,"attachmentStep":false},{"name":"driver","time":{"start":1711414403626,"stop":1711414404398,"duration":772},"status":"passed","steps":[],"attachments":[],"parameters":[],"shouldDisplayMessage":false,"stepsCount":0,"attachmentsCount":0,"hasContent":false,"attachmentStep":false},{"name":"setup","time":{"start":1711414404398,"stop":1711414404398,"duration":0},"status":"passed","steps":[],"attachments":[],"parameters":[],"shouldDisplayMessage":false,"stepsCount":0,"attachmentsCount":0,"hasContent":false,"attachmentStep":false}],"testStage":{"status":"skipped","statusMessage":"XFAIL\n\nselenium.common.exceptions.NoSuchElementException: Message: no such element: Unable to locate element: {\"method\":\"xpath\",\"selector\":\"(//a[@class='add-to-cart yellow-btn'])[1]\"}\n  (Session info: chrome-headless-shell=123.0.6312.58); For documentation on this error, please visit: https://www.selenium.dev/documentation/webdriver/troubleshooting/errors#no-such-element-exception\nStacktrace:\n#0 0x5580552c6993 <unknown>\n#1 0x558054fc1136 <unknown>\n#2 0x55805500bd48 <unknown>\n#3 0x55805500be01 <unknown>\n#4 0x55805504ee44 <unknown>\n#5 0x55805502dcfd <unknown>\n#6 0x55805504c319 <unknown>\n#7 0x55805502da73 <unknown>\n#8 0x558054ffec93 <unknown>\n#9 0x558054fff65e <unknown>\n#10 0x55805528b08b <unknown>\n#11 0x55805528f005 <unknown>\n#12 0x558055279491 <unknown>\n#13 0x55805528fb92 <unknown>\n#14 0x55805525e9ef <unknown>\n#15 0x5580552b5df8 <unknown>\n#16 0x5580552b5fcb <unknown>\n#17 0x5580552c5ae4 <unknown>\n#18 0x7f06771ae134 <unknown>","statusTrace":"self = <tests.delivery.test_delivery_calculation.TestDeliveryPageCalculation object at 0x7f53cf7174d0>\ndriver = <selenium.webdriver.chrome.webdriver.WebDriver (session=\"e1a2500ddc810b793ae22f67e3748b85\")>\nurl = 'https://sandboxtest.stroyrem-nn.ru/', case_id = 'TD 022'\nlink_item = 'products/shtukaturka-gipsovaya-aksolit-m50-30-kg-mashinnogo-naneseniya'\namount = 166, weight = 5000, standard = 2800, in_time = 5490, all_time = 5980\n\n    @pytest.mark.parametrize('case_id, link_item, amount, weight, standard, in_time, all_time', [\n        (\"TD 015\", bundeks_25, 1, 30, 650, 2390, 3320),\n        pytest.param(\n            \"TD 016\", aksolit_30, 8, 300, 650, 2390, 3320,\n            marks=pytest.mark.xfail(reson=\"Цена доставки: - - -\")\n        ),\n        (\"TD 017\", aksolit_30, 13, 400, 650, 2390, 3320),\n        (\"TD 018\", aksolit_30, 16, 500, 850, 2490, 3320),\n        (\"TD 019\", aksolit_30, 25, 1700, 1150, 2490, 3320),\n        (\"TD 020\", aksolit_30, 66, 2000, 1500, 2990, 3650),\n        (\"TD 021\", aksolit_30, 149, 4500, 2600, 4380, 4890),\n        (\"TD 022\", aksolit_30, 166, 5000, 2800, 5490, 5980),\n        pytest.param(\n            \"TD 023\", aksolit_30, 206, 6200, 3300, 7500, 8000,\n            marks=pytest.mark.xfail(reson=\"Цена доставки: 4300 9900 11440\")\n        ),\n        (\"TD 024\", aksolit_30, 299, 9000, 4300, 9900, 11440),\n        (\"TD 025\", aksolit_30, 333, 10000, 7000, 13900, 15900),\n        pytest.param(\n            \"TD 026\", aksolit_30, 366, 11000, 8000, 14900, 19900,\n            marks=pytest.mark.xfail(reson=\"Цена доставки: 7000 13900 15900\")\n        ),\n        pytest.param(\n            \"TD 027\", aksolit_30, 666, 20000, 14000, 16900, 23900,\n            marks=pytest.mark.xfail(reson=\"Цена доставки: 7000 13900 15900\")\n        )\n    ])\n    @pytest.mark.xfail\n    @pytest.mark.smoke_test\n    def test_positive_delivery_blue_zone_smoke(\n            self, driver, url, case_id, link_item, amount, weight, standard, in_time, all_time\n    ):\n        allure.dynamic.title(f\"{case_id} Доставка товара весом до {weight}кг. в синей зоне\")\n    \n        driver.get(f'{url}{link_item}')\n        item_page = ItemPage(driver)\n>       item_page.add_item_to_cart(amount).click_on_cart()\n\ntests/delivery/test_delivery_calculation.py:132: \n_ _ _ _ _ _ _ _ _ _ _ _ _ _ _ _ _ _ _ _ _ _ _ _ _ _ _ _ _ _ _ _ _ _ _ _ _ _ _ _ \npages/item_page.py:40: in add_item_to_cart\n    self.find_element(self._add_item).click()\nbase/seleniumbase.py:17: in find_element\n    return self.driver.find_element(*locator)\n/usr/local/lib/python3.11/site-packages/selenium/webdriver/remote/webdriver.py:739: in find_element\n    return self.execute(Command.FIND_ELEMENT, {\"using\": by, \"value\": value})[\"value\"]\n/usr/local/lib/python3.11/site-packages/selenium/webdriver/remote/webdriver.py:345: in execute\n    self.error_handler.check_response(response)\n_ _ _ _ _ _ _ _ _ _ _ _ _ _ _ _ _ _ _ _ _ _ _ _ _ _ _ _ _ _ _ _ _ _ _ _ _ _ _ _ \n\nself = <selenium.webdriver.remote.errorhandler.ErrorHandler object at 0x7f53cf9197d0>\nresponse = {'status': 404, 'value': '{\"value\":{\"error\":\"no such element\",\"message\":\"no such element: Unable to locate element: {\\...\\\\n#16 0x5580552b5fcb \\\\u003Cunknown>\\\\n#17 0x5580552c5ae4 \\\\u003Cunknown>\\\\n#18 0x7f06771ae134 \\\\u003Cunknown>\\\\n\"}}'}\n\n    def check_response(self, response: Dict[str, Any]) -> None:\n        \"\"\"Checks that a JSON response from the WebDriver does not have an\n        error.\n    \n        :Args:\n         - response - The JSON response from the WebDriver server as a dictionary\n           object.\n    \n        :Raises: If the response contains an error message.\n        \"\"\"\n        status = response.get(\"status\", None)\n        if not status or status == ErrorCode.SUCCESS:\n            return\n        value = None\n        message = response.get(\"message\", \"\")\n        screen: str = response.get(\"screen\", \"\")\n        stacktrace = None\n        if isinstance(status, int):\n            value_json = response.get(\"value\", None)\n            if value_json and isinstance(value_json, str):\n                import json\n    \n                try:\n                    value = json.loads(value_json)\n                    if len(value) == 1:\n                        value = value[\"value\"]\n                    status = value.get(\"error\", None)\n                    if not status:\n                        status = value.get(\"status\", ErrorCode.UNKNOWN_ERROR)\n                        message = value.get(\"value\") or value.get(\"message\")\n                        if not isinstance(message, str):\n                            value = message\n                            message = message.get(\"message\")\n                    else:\n                        message = value.get(\"message\", None)\n                except ValueError:\n                    pass\n    \n        exception_class: Type[WebDriverException]\n        e = ErrorCode()\n        error_codes = [item for item in dir(e) if not item.startswith(\"__\")]\n        for error_code in error_codes:\n            error_info = getattr(ErrorCode, error_code)\n            if isinstance(error_info, list) and status in error_info:\n                exception_class = getattr(ExceptionMapping, error_code, WebDriverException)\n                break\n        else:\n            exception_class = WebDriverException\n    \n        if not value:\n            value = response[\"value\"]\n        if isinstance(value, str):\n            raise exception_class(value)\n        if message == \"\" and \"message\" in value:\n            message = value[\"message\"]\n    \n        screen = None  # type: ignore[assignment]\n        if \"screen\" in value:\n            screen = value[\"screen\"]\n    \n        stacktrace = None\n        st_value = value.get(\"stackTrace\") or value.get(\"stacktrace\")\n        if st_value:\n            if isinstance(st_value, str):\n                stacktrace = st_value.split(\"\\n\")\n            else:\n                stacktrace = []\n                try:\n                    for frame in st_value:\n                        line = frame.get(\"lineNumber\", \"\")\n                        file = frame.get(\"fileName\", \"<anonymous>\")\n                        if line:\n                            file = f\"{file}:{line}\"\n                        meth = frame.get(\"methodName\", \"<anonymous>\")\n                        if \"className\" in frame:\n                            meth = f\"{frame['className']}.{meth}\"\n                        msg = \"    at %s (%s)\"\n                        msg = msg % (meth, file)\n                        stacktrace.append(msg)\n                except TypeError:\n                    pass\n        if exception_class == UnexpectedAlertPresentException:\n            alert_text = None\n            if \"data\" in value:\n                alert_text = value[\"data\"].get(\"text\")\n            elif \"alert\" in value:\n                alert_text = value[\"alert\"].get(\"text\")\n            raise exception_class(message, screen, stacktrace, alert_text)  # type: ignore[call-arg]  # mypy is not smart enough here\n>       raise exception_class(message, screen, stacktrace)\nE       selenium.common.exceptions.NoSuchElementException: Message: no such element: Unable to locate element: {\"method\":\"xpath\",\"selector\":\"(//a[@class='add-to-cart yellow-btn'])[1]\"}\nE         (Session info: chrome-headless-shell=123.0.6312.58); For documentation on this error, please visit: https://www.selenium.dev/documentation/webdriver/troubleshooting/errors#no-such-element-exception\nE       Stacktrace:\nE       #0 0x5580552c6993 <unknown>\nE       #1 0x558054fc1136 <unknown>\nE       #2 0x55805500bd48 <unknown>\nE       #3 0x55805500be01 <unknown>\nE       #4 0x55805504ee44 <unknown>\nE       #5 0x55805502dcfd <unknown>\nE       #6 0x55805504c319 <unknown>\nE       #7 0x55805502da73 <unknown>\nE       #8 0x558054ffec93 <unknown>\nE       #9 0x558054fff65e <unknown>\nE       #10 0x55805528b08b <unknown>\nE       #11 0x55805528f005 <unknown>\nE       #12 0x558055279491 <unknown>\nE       #13 0x55805528fb92 <unknown>\nE       #14 0x55805525e9ef <unknown>\nE       #15 0x5580552b5df8 <unknown>\nE       #16 0x5580552b5fcb <unknown>\nE       #17 0x5580552c5ae4 <unknown>\nE       #18 0x7f06771ae134 <unknown>\n\n/usr/local/lib/python3.11/site-packages/selenium/webdriver/remote/errorhandler.py:229: NoSuchElementException","steps":[{"name":"Добавляем товар в корзину в количестве 166","time":{"start":1711414404775,"stop":1711414404787,"duration":12},"status":"broken","statusMessage":"selenium.common.exceptions.NoSuchElementException: Message: no such element: Unable to locate element: {\"method\":\"xpath\",\"selector\":\"(//a[@class='add-to-cart yellow-btn'])[1]\"}\n  (Session info: chrome-headless-shell=123.0.6312.58); For documentation on this error, please visit: https://www.selenium.dev/documentation/webdriver/troubleshooting/errors#no-such-element-exception\nStacktrace:\n#0 0x5580552c6993 <unknown>\n#1 0x558054fc1136 <unknown>\n#2 0x55805500bd48 <unknown>\n#3 0x55805500be01 <unknown>\n#4 0x55805504ee44 <unknown>\n#5 0x55805502dcfd <unknown>\n#6 0x55805504c319 <unknown>\n#7 0x55805502da73 <unknown>\n#8 0x558054ffec93 <unknown>\n#9 0x558054fff65e <unknown>\n#10 0x55805528b08b <unknown>\n#11 0x55805528f005 <unknown>\n#12 0x558055279491 <unknown>\n#13 0x55805528fb92 <unknown>\n#14 0x55805525e9ef <unknown>\n#15 0x5580552b5df8 <unknown>\n#16 0x5580552b5fcb <unknown>\n#17 0x5580552c5ae4 <unknown>\n#18 0x7f06771ae134 <unknown>\n\n","statusTrace":"  File \"/usr/local/lib/python3.11/site-packages/allure_commons/_allure.py\", line 192, in impl\n    return func(*a, **kw)\n           ^^^^^^^^^^^^^^\n  File \"/app/pages/item_page.py\", line 40, in add_item_to_cart\n    self.find_element(self._add_item).click()\n    ^^^^^^^^^^^^^^^^^^^^^^^^^^^^^^^^^\n  File \"/app/base/seleniumbase.py\", line 17, in find_element\n    return self.driver.find_element(*locator)\n           ^^^^^^^^^^^^^^^^^^^^^^^^^^^^^^^^^^\n  File \"/usr/local/lib/python3.11/site-packages/selenium/webdriver/remote/webdriver.py\", line 739, in find_element\n    return self.execute(Command.FIND_ELEMENT, {\"using\": by, \"value\": value})[\"value\"]\n           ^^^^^^^^^^^^^^^^^^^^^^^^^^^^^^^^^^^^^^^^^^^^^^^^^^^^^^^^^^^^^^^^^\n  File \"/usr/local/lib/python3.11/site-packages/selenium/webdriver/remote/webdriver.py\", line 345, in execute\n    self.error_handler.check_response(response)\n  File \"/usr/local/lib/python3.11/site-packages/selenium/webdriver/remote/errorhandler.py\", line 229, in check_response\n    raise exception_class(message, screen, stacktrace)\n","steps":[],"attachments":[],"parameters":[{"name":"amount","value":"166"}],"shouldDisplayMessage":true,"stepsCount":0,"attachmentsCount":0,"hasContent":true,"attachmentStep":false}],"attachments":[{"uid":"1be25695aa9fe142","name":"Screenshot","source":"1be25695aa9fe142.png","type":"image/png","size":5862},{"uid":"6c8a8b2f24302a33","name":"HTML source","source":"6c8a8b2f24302a33.html","type":"text/html","size":39}],"parameters":[],"shouldDisplayMessage":true,"stepsCount":1,"attachmentsCount":2,"hasContent":true,"attachmentStep":false},"afterStages":[{"name":"driver::0","time":{"start":1711414404884,"stop":1711414404941,"duration":57},"status":"passed","steps":[],"attachments":[],"parameters":[],"shouldDisplayMessage":false,"stepsCount":0,"attachmentsCount":0,"hasContent":false,"attachmentStep":false},{"name":"setup::0","time":{"start":1711414404884,"stop":1711414404884,"duration":0},"status":"passed","steps":[],"attachments":[],"parameters":[],"shouldDisplayMessage":false,"stepsCount":0,"attachmentsCount":0,"hasContent":false,"attachmentStep":false}],"labels":[{"name":"epic","value":"Delivery Page - calculation"},{"name":"tag","value":"smoke_test"},{"name":"tag","value":"@pytest.mark.xfail"},{"name":"parentSuite","value":"tests.delivery"},{"name":"suite","value":"test_delivery_calculation"},{"name":"subSuite","value":"TestDeliveryPageCalculation"},{"name":"host","value":"de3a856520e1"},{"name":"thread","value":"1-MainThread"},{"name":"framework","value":"pytest"},{"name":"language","value":"cpython3"},{"name":"package","value":"tests.delivery.test_delivery_calculation"},{"name":"resultFormat","value":"allure2"}],"parameters":[{"name":"all_time","value":"5980"},{"name":"amount","value":"166"},{"name":"case_id","value":"'TD 022'"},{"name":"in_time","value":"5490"},{"name":"link_item","value":"'products/shtukaturka-gipsovaya-aksolit-m50-30-kg-mashinnogo-naneseniya'"},{"name":"standard","value":"2800"},{"name":"url","value":"'https://sandboxtest.stroyrem-nn.ru/'"},{"name":"weight","value":"5000"}],"links":[],"hidden":false,"retry":false,"extra":{"severity":"normal","retries":[],"categories":[],"history":{"statistic":{"failed":0,"broken":13,"skipped":197,"passed":0,"unknown":0,"total":210},"items":[{"uid":"77fb862a5c092dc7","reportUrl":"https://Nat754.github.io/StroyremAutomation/257//#testresult/77fb862a5c092dc7","status":"skipped","statusDetails":"XFAIL\n\nselenium.common.exceptions.NoSuchElementException: Message: no such element: Unable to locate element: {\"method\":\"xpath\",\"selector\":\"(//a[@class='add-to-cart yellow-btn'])[1]\"}\n  (Session info: chrome-headless-shell=123.0.6312.58); For documentation on this error, please visit: https://www.selenium.dev/documentation/webdriver/troubleshooting/errors#no-such-element-exception\nStacktrace:\n#0 0x55a6b159f993 <unknown>\n#1 0x55a6b129a136 <unknown>\n#2 0x55a6b12e4d48 <unknown>\n#3 0x55a6b12e4e01 <unknown>\n#4 0x55a6b1327e44 <unknown>\n#5 0x55a6b1306cfd <unknown>\n#6 0x55a6b1325319 <unknown>\n#7 0x55a6b1306a73 <unknown>\n#8 0x55a6b12d7c93 <unknown>\n#9 0x55a6b12d865e <unknown>\n#10 0x55a6b156408b <unknown>\n#11 0x55a6b1568005 <unknown>\n#12 0x55a6b1552491 <unknown>\n#13 0x55a6b1568b92 <unknown>\n#14 0x55a6b15379ef <unknown>\n#15 0x55a6b158edf8 <unknown>\n#16 0x55a6b158efcb <unknown>\n#17 0x55a6b159eae4 <unknown>\n#18 0x7f61f9789134 <unknown>","time":{"start":1711328071173,"stop":1711328071791,"duration":618}},{"uid":"405adb012f860952","reportUrl":"https://Nat754.github.io/StroyremAutomation/256//#testresult/405adb012f860952","status":"skipped","statusDetails":"XFAIL\n\nselenium.common.exceptions.NoSuchElementException: Message: no such element: Unable to locate element: {\"method\":\"xpath\",\"selector\":\"(//a[@class='add-to-cart yellow-btn'])[1]\"}\n  (Session info: chrome-headless-shell=123.0.6312.58); For documentation on this error, please visit: https://www.selenium.dev/documentation/webdriver/troubleshooting/errors#no-such-element-exception\nStacktrace:\n#0 0x561726c6f993 <unknown>\n#1 0x56172696a136 <unknown>\n#2 0x5617269b4d48 <unknown>\n#3 0x5617269b4e01 <unknown>\n#4 0x5617269f7e44 <unknown>\n#5 0x5617269d6cfd <unknown>\n#6 0x5617269f5319 <unknown>\n#7 0x5617269d6a73 <unknown>\n#8 0x5617269a7c93 <unknown>\n#9 0x5617269a865e <unknown>\n#10 0x561726c3408b <unknown>\n#11 0x561726c38005 <unknown>\n#12 0x561726c22491 <unknown>\n#13 0x561726c38b92 <unknown>\n#14 0x561726c079ef <unknown>\n#15 0x561726c5edf8 <unknown>\n#16 0x561726c5efcb <unknown>\n#17 0x561726c6eae4 <unknown>\n#18 0x7f3e9aad1134 <unknown>","time":{"start":1711241899387,"stop":1711241899711,"duration":324}},{"uid":"61f1bd1b5a6b3466","reportUrl":"https://Nat754.github.io/StroyremAutomation/255//#testresult/61f1bd1b5a6b3466","status":"skipped","statusDetails":"XFAIL\n\nselenium.common.exceptions.NoSuchElementException: Message: no such element: Unable to locate element: {\"method\":\"xpath\",\"selector\":\"(//a[@class='add-to-cart yellow-btn'])[1]\"}\n  (Session info: chrome-headless-shell=123.0.6312.58); For documentation on this error, please visit: https://www.selenium.dev/documentation/webdriver/troubleshooting/errors#no-such-element-exception\nStacktrace:\n#0 0x55db75105993 <unknown>\n#1 0x55db74e00136 <unknown>\n#2 0x55db74e4ad48 <unknown>\n#3 0x55db74e4ae01 <unknown>\n#4 0x55db74e8de44 <unknown>\n#5 0x55db74e6ccfd <unknown>\n#6 0x55db74e8b319 <unknown>\n#7 0x55db74e6ca73 <unknown>\n#8 0x55db74e3dc93 <unknown>\n#9 0x55db74e3e65e <unknown>\n#10 0x55db750ca08b <unknown>\n#11 0x55db750ce005 <unknown>\n#12 0x55db750b8491 <unknown>\n#13 0x55db750ceb92 <unknown>\n#14 0x55db7509d9ef <unknown>\n#15 0x55db750f4df8 <unknown>\n#16 0x55db750f4fcb <unknown>\n#17 0x55db75104ae4 <unknown>\n#18 0x7f6e47035134 <unknown>","time":{"start":1711155063165,"stop":1711155063453,"duration":288}},{"uid":"2ec5fe9419e1da0a","reportUrl":"https://Nat754.github.io/StroyremAutomation/254//#testresult/2ec5fe9419e1da0a","status":"skipped","statusDetails":"XFAIL\n\nselenium.common.exceptions.NoSuchElementException: Message: no such element: Unable to locate element: {\"method\":\"xpath\",\"selector\":\"(//a[@class='add-to-cart yellow-btn'])[1]\"}\n  (Session info: chrome-headless-shell=123.0.6312.58); For documentation on this error, please visit: https://www.selenium.dev/documentation/webdriver/troubleshooting/errors#no-such-element-exception\nStacktrace:\n#0 0x56123952f993 <unknown>\n#1 0x56123922a136 <unknown>\n#2 0x561239274d48 <unknown>\n#3 0x561239274e01 <unknown>\n#4 0x5612392b7e44 <unknown>\n#5 0x561239296cfd <unknown>\n#6 0x5612392b5319 <unknown>\n#7 0x561239296a73 <unknown>\n#8 0x561239267c93 <unknown>\n#9 0x56123926865e <unknown>\n#10 0x5612394f408b <unknown>\n#11 0x5612394f8005 <unknown>\n#12 0x5612394e2491 <unknown>\n#13 0x5612394f8b92 <unknown>\n#14 0x5612394c79ef <unknown>\n#15 0x56123951edf8 <unknown>\n#16 0x56123951efcb <unknown>\n#17 0x56123952eae4 <unknown>\n#18 0x7fb0132af134 <unknown>","time":{"start":1711068730687,"stop":1711068730976,"duration":289}},{"uid":"a32e6db904386718","reportUrl":"https://Nat754.github.io/StroyremAutomation/253//#testresult/a32e6db904386718","status":"skipped","statusDetails":"XFAIL\n\nselenium.common.exceptions.NoSuchElementException: Message: no such element: Unable to locate element: {\"method\":\"xpath\",\"selector\":\"(//a[@class='add-to-cart yellow-btn'])[1]\"}\n  (Session info: chrome-headless-shell=123.0.6312.58); For documentation on this error, please visit: https://www.selenium.dev/documentation/webdriver/troubleshooting/errors#no-such-element-exception\nStacktrace:\n#0 0x55560fb6c993 <unknown>\n#1 0x55560f867136 <unknown>\n#2 0x55560f8b1d48 <unknown>\n#3 0x55560f8b1e01 <unknown>\n#4 0x55560f8f4e44 <unknown>\n#5 0x55560f8d3cfd <unknown>\n#6 0x55560f8f2319 <unknown>\n#7 0x55560f8d3a73 <unknown>\n#8 0x55560f8a4c93 <unknown>\n#9 0x55560f8a565e <unknown>\n#10 0x55560fb3108b <unknown>\n#11 0x55560fb35005 <unknown>\n#12 0x55560fb1f491 <unknown>\n#13 0x55560fb35b92 <unknown>\n#14 0x55560fb049ef <unknown>\n#15 0x55560fb5bdf8 <unknown>\n#16 0x55560fb5bfcb <unknown>\n#17 0x55560fb6bae4 <unknown>\n#18 0x7fd2c5c19134 <unknown>","time":{"start":1710982502636,"stop":1710982503241,"duration":605}},{"uid":"b68b936f55c416de","reportUrl":"https://Nat754.github.io/StroyremAutomation/252//#testresult/b68b936f55c416de","status":"skipped","statusDetails":"XFAIL\n\nselenium.common.exceptions.NoSuchElementException: Message: no such element: Unable to locate element: {\"method\":\"xpath\",\"selector\":\"(//a[@class='add-to-cart yellow-btn'])[1]\"}\n  (Session info: chrome-headless-shell=123.0.6312.58); For documentation on this error, please visit: https://www.selenium.dev/documentation/webdriver/troubleshooting/errors#no-such-element-exception\nStacktrace:\n#0 0x582ec5b32993 <unknown>\n#1 0x582ec582d136 <unknown>\n#2 0x582ec5877d48 <unknown>\n#3 0x582ec5877e01 <unknown>\n#4 0x582ec58bae44 <unknown>\n#5 0x582ec5899cfd <unknown>\n#6 0x582ec58b8319 <unknown>\n#7 0x582ec5899a73 <unknown>\n#8 0x582ec586ac93 <unknown>\n#9 0x582ec586b65e <unknown>\n#10 0x582ec5af708b <unknown>\n#11 0x582ec5afb005 <unknown>\n#12 0x582ec5ae5491 <unknown>\n#13 0x582ec5afbb92 <unknown>\n#14 0x582ec5aca9ef <unknown>\n#15 0x582ec5b21df8 <unknown>\n#16 0x582ec5b21fcb <unknown>\n#17 0x582ec5b31ae4 <unknown>\n#18 0x783fa210a134 <unknown>","time":{"start":1710895903257,"stop":1710895903554,"duration":297}},{"uid":"61d76add35d2bf45","reportUrl":"https://Nat754.github.io/StroyremAutomation/251//#testresult/61d76add35d2bf45","status":"skipped","statusDetails":"XFAIL\n\nselenium.common.exceptions.NoSuchElementException: Message: no such element: Unable to locate element: {\"method\":\"xpath\",\"selector\":\"(//a[@class='add-to-cart yellow-btn'])[1]\"}\n  (Session info: chrome-headless-shell=122.0.6261.128); For documentation on this error, please visit: https://www.selenium.dev/documentation/webdriver/troubleshooting/errors#no-such-element-exception\nStacktrace:\n#0 0x55f1d5611f33 <unknown>\n#1 0x55f1d5309ce6 <unknown>\n#2 0x55f1d5354e48 <unknown>\n#3 0x55f1d5354f01 <unknown>\n#4 0x55f1d53983f4 <unknown>\n#5 0x55f1d5376edd <unknown>\n#6 0x55f1d5395899 <unknown>\n#7 0x55f1d5376c53 <unknown>\n#8 0x55f1d5347db3 <unknown>\n#9 0x55f1d534877e <unknown>\n#10 0x55f1d55d786b <unknown>\n#11 0x55f1d55db885 <unknown>\n#12 0x55f1d55c5181 <unknown>\n#13 0x55f1d55dc412 <unknown>\n#14 0x55f1d55a925f <unknown>\n#15 0x55f1d5600528 <unknown>\n#16 0x55f1d5600723 <unknown>\n#17 0x55f1d56110e4 <unknown>\n#18 0x7fa8386ef134 <unknown>","time":{"start":1710809543984,"stop":1710809544275,"duration":291}},{"uid":"43aa32bc04a9188d","reportUrl":"https://Nat754.github.io/StroyremAutomation/250//#testresult/43aa32bc04a9188d","status":"skipped","statusDetails":"XFAIL\n\nselenium.common.exceptions.NoSuchElementException: Message: no such element: Unable to locate element: {\"method\":\"xpath\",\"selector\":\"(//a[@class='add-to-cart yellow-btn'])[1]\"}\n  (Session info: chrome-headless-shell=122.0.6261.128); For documentation on this error, please visit: https://www.selenium.dev/documentation/webdriver/troubleshooting/errors#no-such-element-exception\nStacktrace:\n#0 0x58cdc62a4f33 <unknown>\n#1 0x58cdc5f9cce6 <unknown>\n#2 0x58cdc5fe7e48 <unknown>\n#3 0x58cdc5fe7f01 <unknown>\n#4 0x58cdc602b3f4 <unknown>\n#5 0x58cdc6009edd <unknown>\n#6 0x58cdc6028899 <unknown>\n#7 0x58cdc6009c53 <unknown>\n#8 0x58cdc5fdadb3 <unknown>\n#9 0x58cdc5fdb77e <unknown>\n#10 0x58cdc626a86b <unknown>\n#11 0x58cdc626e885 <unknown>\n#12 0x58cdc6258181 <unknown>\n#13 0x58cdc626f412 <unknown>\n#14 0x58cdc623c25f <unknown>\n#15 0x58cdc6293528 <unknown>\n#16 0x58cdc6293723 <unknown>\n#17 0x58cdc62a40e4 <unknown>\n#18 0x74669f3a1134 <unknown>","time":{"start":1710723197612,"stop":1710723197940,"duration":328}},{"uid":"9a4e88ca9ae77d29","reportUrl":"https://Nat754.github.io/StroyremAutomation/249//#testresult/9a4e88ca9ae77d29","status":"skipped","statusDetails":"XFAIL\n\nselenium.common.exceptions.NoSuchElementException: Message: no such element: Unable to locate element: {\"method\":\"xpath\",\"selector\":\"(//a[@class='add-to-cart yellow-btn'])[1]\"}\n  (Session info: chrome-headless-shell=122.0.6261.128); For documentation on this error, please visit: https://www.selenium.dev/documentation/webdriver/troubleshooting/errors#no-such-element-exception\nStacktrace:\n#0 0x5861541b7f33 <unknown>\n#1 0x586153eafce6 <unknown>\n#2 0x586153efae48 <unknown>\n#3 0x586153efaf01 <unknown>\n#4 0x586153f3e3f4 <unknown>\n#5 0x586153f1cedd <unknown>\n#6 0x586153f3b899 <unknown>\n#7 0x586153f1cc53 <unknown>\n#8 0x586153eeddb3 <unknown>\n#9 0x586153eee77e <unknown>\n#10 0x58615417d86b <unknown>\n#11 0x586154181885 <unknown>\n#12 0x58615416b181 <unknown>\n#13 0x586154182412 <unknown>\n#14 0x58615414f25f <unknown>\n#15 0x5861541a6528 <unknown>\n#16 0x5861541a6723 <unknown>\n#17 0x5861541b70e4 <unknown>\n#18 0x7169eaa6c134 <unknown>","time":{"start":1710636967244,"stop":1710636967798,"duration":554}},{"uid":"69eeac98b27dd826","reportUrl":"https://Nat754.github.io/StroyremAutomation/248//#testresult/69eeac98b27dd826","status":"skipped","statusDetails":"XFAIL\n\nselenium.common.exceptions.NoSuchElementException: Message: no such element: Unable to locate element: {\"method\":\"xpath\",\"selector\":\"(//a[@class='add-to-cart yellow-btn'])[1]\"}\n  (Session info: chrome-headless-shell=122.0.6261.128); For documentation on this error, please visit: https://www.selenium.dev/documentation/webdriver/troubleshooting/errors#no-such-element-exception\nStacktrace:\n#0 0x5d0924b4ef33 <unknown>\n#1 0x5d0924846ce6 <unknown>\n#2 0x5d0924891e48 <unknown>\n#3 0x5d0924891f01 <unknown>\n#4 0x5d09248d53f4 <unknown>\n#5 0x5d09248b3edd <unknown>\n#6 0x5d09248d2899 <unknown>\n#7 0x5d09248b3c53 <unknown>\n#8 0x5d0924884db3 <unknown>\n#9 0x5d092488577e <unknown>\n#10 0x5d0924b1486b <unknown>\n#11 0x5d0924b18885 <unknown>\n#12 0x5d0924b02181 <unknown>\n#13 0x5d0924b19412 <unknown>\n#14 0x5d0924ae625f <unknown>\n#15 0x5d0924b3d528 <unknown>\n#16 0x5d0924b3d723 <unknown>\n#17 0x5d0924b4e0e4 <unknown>\n#18 0x797780871134 <unknown>","time":{"start":1710550242458,"stop":1710550243019,"duration":561}},{"uid":"22434eb9d95452bd","reportUrl":"https://Nat754.github.io/StroyremAutomation/247//#testresult/22434eb9d95452bd","status":"skipped","statusDetails":"XFAIL\n\nselenium.common.exceptions.NoSuchElementException: Message: no such element: Unable to locate element: {\"method\":\"xpath\",\"selector\":\"(//a[@class='add-to-cart yellow-btn'])[1]\"}\n  (Session info: chrome-headless-shell=122.0.6261.128); For documentation on this error, please visit: https://www.selenium.dev/documentation/webdriver/troubleshooting/errors#no-such-element-exception\nStacktrace:\n#0 0x597049a9ef33 <unknown>\n#1 0x597049796ce6 <unknown>\n#2 0x5970497e1e48 <unknown>\n#3 0x5970497e1f01 <unknown>\n#4 0x5970498253f4 <unknown>\n#5 0x597049803edd <unknown>\n#6 0x597049822899 <unknown>\n#7 0x597049803c53 <unknown>\n#8 0x5970497d4db3 <unknown>\n#9 0x5970497d577e <unknown>\n#10 0x597049a6486b <unknown>\n#11 0x597049a68885 <unknown>\n#12 0x597049a52181 <unknown>\n#13 0x597049a69412 <unknown>\n#14 0x597049a3625f <unknown>\n#15 0x597049a8d528 <unknown>\n#16 0x597049a8d723 <unknown>\n#17 0x597049a9e0e4 <unknown>\n#18 0x7e244a48a134 <unknown>","time":{"start":1710463980810,"stop":1710463981160,"duration":350}},{"uid":"5acf349754113a3e","reportUrl":"https://Nat754.github.io/StroyremAutomation/246//#testresult/5acf349754113a3e","status":"skipped","statusDetails":"XFAIL\n\nselenium.common.exceptions.NoSuchElementException: Message: no such element: Unable to locate element: {\"method\":\"xpath\",\"selector\":\"(//a[@class='add-to-cart yellow-btn'])[1]\"}\n  (Session info: chrome-headless-shell=122.0.6261.128); For documentation on this error, please visit: https://www.selenium.dev/documentation/webdriver/troubleshooting/errors#no-such-element-exception\nStacktrace:\n#0 0x56a6ae315f33 <unknown>\n#1 0x56a6ae00dce6 <unknown>\n#2 0x56a6ae058e48 <unknown>\n#3 0x56a6ae058f01 <unknown>\n#4 0x56a6ae09c3f4 <unknown>\n#5 0x56a6ae07aedd <unknown>\n#6 0x56a6ae099899 <unknown>\n#7 0x56a6ae07ac53 <unknown>\n#8 0x56a6ae04bdb3 <unknown>\n#9 0x56a6ae04c77e <unknown>\n#10 0x56a6ae2db86b <unknown>\n#11 0x56a6ae2df885 <unknown>\n#12 0x56a6ae2c9181 <unknown>\n#13 0x56a6ae2e0412 <unknown>\n#14 0x56a6ae2ad25f <unknown>\n#15 0x56a6ae304528 <unknown>\n#16 0x56a6ae304723 <unknown>\n#17 0x56a6ae3150e4 <unknown>\n#18 0x75b8f1446134 <unknown>","time":{"start":1710377561884,"stop":1710377562226,"duration":342}},{"uid":"373825b0da2f820","reportUrl":"https://Nat754.github.io/StroyremAutomation/245//#testresult/373825b0da2f820","status":"skipped","statusDetails":"XFAIL\n\nselenium.common.exceptions.NoSuchElementException: Message: no such element: Unable to locate element: {\"method\":\"xpath\",\"selector\":\"(//a[@class='add-to-cart yellow-btn'])[1]\"}\n  (Session info: chrome-headless-shell=122.0.6261.128); For documentation on this error, please visit: https://www.selenium.dev/documentation/webdriver/troubleshooting/errors#no-such-element-exception\nStacktrace:\n#0 0x55ad20a13f33 <unknown>\n#1 0x55ad2070bce6 <unknown>\n#2 0x55ad20756e48 <unknown>\n#3 0x55ad20756f01 <unknown>\n#4 0x55ad2079a3f4 <unknown>\n#5 0x55ad20778edd <unknown>\n#6 0x55ad20797899 <unknown>\n#7 0x55ad20778c53 <unknown>\n#8 0x55ad20749db3 <unknown>\n#9 0x55ad2074a77e <unknown>\n#10 0x55ad209d986b <unknown>\n#11 0x55ad209dd885 <unknown>\n#12 0x55ad209c7181 <unknown>\n#13 0x55ad209de412 <unknown>\n#14 0x55ad209ab25f <unknown>\n#15 0x55ad20a02528 <unknown>\n#16 0x55ad20a02723 <unknown>\n#17 0x55ad20a130e4 <unknown>\n#18 0x7f1db5d05134 <unknown>","time":{"start":1710291228555,"stop":1710291228986,"duration":431}},{"uid":"4aa45b1e3d094554","reportUrl":"https://Nat754.github.io/StroyremAutomation/244//#testresult/4aa45b1e3d094554","status":"skipped","statusDetails":"XFAIL\n\nselenium.common.exceptions.NoSuchElementException: Message: no such element: Unable to locate element: {\"method\":\"xpath\",\"selector\":\"(//a[@class='add-to-cart yellow-btn'])[1]\"}\n  (Session info: chrome-headless-shell=122.0.6261.111); For documentation on this error, please visit: https://www.selenium.dev/documentation/webdriver/troubleshooting/errors#no-such-element-exception\nStacktrace:\n#0 0x55bce1d82ec3 <unknown>\n#1 0x55bce1a7ace6 <unknown>\n#2 0x55bce1ac5e48 <unknown>\n#3 0x55bce1ac5f01 <unknown>\n#4 0x55bce1b093f4 <unknown>\n#5 0x55bce1ae7edd <unknown>\n#6 0x55bce1b06899 <unknown>\n#7 0x55bce1ae7c53 <unknown>\n#8 0x55bce1ab8db3 <unknown>\n#9 0x55bce1ab977e <unknown>\n#10 0x55bce1d487fb <unknown>\n#11 0x55bce1d4c815 <unknown>\n#12 0x55bce1d36111 <unknown>\n#13 0x55bce1d4d3a2 <unknown>\n#14 0x55bce1d1a1ef <unknown>\n#15 0x55bce1d714b8 <unknown>\n#16 0x55bce1d716b3 <unknown>\n#17 0x55bce1d82074 <unknown>\n#18 0x7f8e8cf42134 <unknown>","time":{"start":1710204693834,"stop":1710204694661,"duration":827}},{"uid":"388699b899dd5abe","reportUrl":"https://Nat754.github.io/StroyremAutomation/243//#testresult/388699b899dd5abe","status":"skipped","statusDetails":"XFAIL\n\nselenium.common.exceptions.NoSuchElementException: Message: no such element: Unable to locate element: {\"method\":\"xpath\",\"selector\":\"(//a[@class='add-to-cart yellow-btn'])[1]\"}\n  (Session info: chrome-headless-shell=122.0.6261.111); For documentation on this error, please visit: https://www.selenium.dev/documentation/webdriver/troubleshooting/errors#no-such-element-exception\nStacktrace:\n#0 0x556090dbbec3 <unknown>\n#1 0x556090ab3ce6 <unknown>\n#2 0x556090afee48 <unknown>\n#3 0x556090afef01 <unknown>\n#4 0x556090b423f4 <unknown>\n#5 0x556090b20edd <unknown>\n#6 0x556090b3f899 <unknown>\n#7 0x556090b20c53 <unknown>\n#8 0x556090af1db3 <unknown>\n#9 0x556090af277e <unknown>\n#10 0x556090d817fb <unknown>\n#11 0x556090d85815 <unknown>\n#12 0x556090d6f111 <unknown>\n#13 0x556090d863a2 <unknown>\n#14 0x556090d531ef <unknown>\n#15 0x556090daa4b8 <unknown>\n#16 0x556090daa6b3 <unknown>\n#17 0x556090dbb074 <unknown>\n#18 0x7fdfa504f134 <unknown>","time":{"start":1710118429022,"stop":1710118429457,"duration":435}},{"uid":"5d035656a89b7fe3","reportUrl":"https://Nat754.github.io/StroyremAutomation/242//#testresult/5d035656a89b7fe3","status":"skipped","statusDetails":"XFAIL\n\nselenium.common.exceptions.NoSuchElementException: Message: no such element: Unable to locate element: {\"method\":\"xpath\",\"selector\":\"(//a[@class='add-to-cart yellow-btn'])[1]\"}\n  (Session info: chrome-headless-shell=122.0.6261.111); For documentation on this error, please visit: https://www.selenium.dev/documentation/webdriver/troubleshooting/errors#no-such-element-exception\nStacktrace:\n#0 0x5571aa6f6ec3 <unknown>\n#1 0x5571aa3eece6 <unknown>\n#2 0x5571aa439e48 <unknown>\n#3 0x5571aa439f01 <unknown>\n#4 0x5571aa47d3f4 <unknown>\n#5 0x5571aa45bedd <unknown>\n#6 0x5571aa47a899 <unknown>\n#7 0x5571aa45bc53 <unknown>\n#8 0x5571aa42cdb3 <unknown>\n#9 0x5571aa42d77e <unknown>\n#10 0x5571aa6bc7fb <unknown>\n#11 0x5571aa6c0815 <unknown>\n#12 0x5571aa6aa111 <unknown>\n#13 0x5571aa6c13a2 <unknown>\n#14 0x5571aa68e1ef <unknown>\n#15 0x5571aa6e54b8 <unknown>\n#16 0x5571aa6e56b3 <unknown>\n#17 0x5571aa6f6074 <unknown>\n#18 0x7f9522483134 <unknown>","time":{"start":1710032195359,"stop":1710032195676,"duration":317}},{"uid":"e329e7f98d5c38b7","reportUrl":"https://Nat754.github.io/StroyremAutomation/241//#testresult/e329e7f98d5c38b7","status":"skipped","statusDetails":"XFAIL\n\nselenium.common.exceptions.NoSuchElementException: Message: no such element: Unable to locate element: {\"method\":\"xpath\",\"selector\":\"(//a[@class='add-to-cart yellow-btn'])[1]\"}\n  (Session info: chrome-headless-shell=122.0.6261.111); For documentation on this error, please visit: https://www.selenium.dev/documentation/webdriver/troubleshooting/errors#no-such-element-exception\nStacktrace:\n#0 0x55704ff68ec3 <unknown>\n#1 0x55704fc60ce6 <unknown>\n#2 0x55704fcabe48 <unknown>\n#3 0x55704fcabf01 <unknown>\n#4 0x55704fcef3f4 <unknown>\n#5 0x55704fccdedd <unknown>\n#6 0x55704fcec899 <unknown>\n#7 0x55704fccdc53 <unknown>\n#8 0x55704fc9edb3 <unknown>\n#9 0x55704fc9f77e <unknown>\n#10 0x55704ff2e7fb <unknown>\n#11 0x55704ff32815 <unknown>\n#12 0x55704ff1c111 <unknown>\n#13 0x55704ff333a2 <unknown>\n#14 0x55704ff001ef <unknown>\n#15 0x55704ff574b8 <unknown>\n#16 0x55704ff576b3 <unknown>\n#17 0x55704ff68074 <unknown>\n#18 0x7f30a7627134 <unknown>","time":{"start":1709945405296,"stop":1709945405619,"duration":323}},{"uid":"e21565ac10457afe","reportUrl":"https://Nat754.github.io/StroyremAutomation/240//#testresult/e21565ac10457afe","status":"skipped","statusDetails":"XFAIL\n\nselenium.common.exceptions.NoSuchElementException: Message: no such element: Unable to locate element: {\"method\":\"xpath\",\"selector\":\"(//a[@class='add-to-cart yellow-btn'])[1]\"}\n  (Session info: chrome-headless-shell=122.0.6261.111); For documentation on this error, please visit: https://www.selenium.dev/documentation/webdriver/troubleshooting/errors#no-such-element-exception\nStacktrace:\n#0 0x5607b5cc9ec3 <unknown>\n#1 0x5607b59c1ce6 <unknown>\n#2 0x5607b5a0ce48 <unknown>\n#3 0x5607b5a0cf01 <unknown>\n#4 0x5607b5a503f4 <unknown>\n#5 0x5607b5a2eedd <unknown>\n#6 0x5607b5a4d899 <unknown>\n#7 0x5607b5a2ec53 <unknown>\n#8 0x5607b59ffdb3 <unknown>\n#9 0x5607b5a0077e <unknown>\n#10 0x5607b5c8f7fb <unknown>\n#11 0x5607b5c93815 <unknown>\n#12 0x5607b5c7d111 <unknown>\n#13 0x5607b5c943a2 <unknown>\n#14 0x5607b5c611ef <unknown>\n#15 0x5607b5cb84b8 <unknown>\n#16 0x5607b5cb86b3 <unknown>\n#17 0x5607b5cc9074 <unknown>\n#18 0x7f1562d47134 <unknown>","time":{"start":1709859088326,"stop":1709859088650,"duration":324}},{"uid":"bc369dde1d2f8d0f","reportUrl":"https://Nat754.github.io/StroyremAutomation/239//#testresult/bc369dde1d2f8d0f","status":"skipped","statusDetails":"XFAIL\n\nselenium.common.exceptions.NoSuchElementException: Message: no such element: Unable to locate element: {\"method\":\"xpath\",\"selector\":\"(//a[@class='add-to-cart yellow-btn'])[1]\"}\n  (Session info: chrome-headless-shell=122.0.6261.94); For documentation on this error, please visit: https://www.selenium.dev/documentation/webdriver/troubleshooting/errors#no-such-element-exception\nStacktrace:\n#0 0x562662378e93 <unknown>\n#1 0x562662070ce6 <unknown>\n#2 0x5626620bbe48 <unknown>\n#3 0x5626620bbf01 <unknown>\n#4 0x5626620ff3f4 <unknown>\n#5 0x5626620ddedd <unknown>\n#6 0x5626620fc899 <unknown>\n#7 0x5626620ddc53 <unknown>\n#8 0x5626620aedb3 <unknown>\n#9 0x5626620af77e <unknown>\n#10 0x56266233e7cb <unknown>\n#11 0x5626623427e5 <unknown>\n#12 0x56266232c0e1 <unknown>\n#13 0x562662343372 <unknown>\n#14 0x5626623101bf <unknown>\n#15 0x562662367488 <unknown>\n#16 0x562662367683 <unknown>\n#17 0x562662378044 <unknown>\n#18 0x7f6ebd5db134 <unknown>","time":{"start":1709772144978,"stop":1709772145792,"duration":814}},{"uid":"665aef5afcfd10be","reportUrl":"https://Nat754.github.io/StroyremAutomation/238//#testresult/665aef5afcfd10be","status":"skipped","statusDetails":"XFAIL\n\nselenium.common.exceptions.NoSuchElementException: Message: no such element: Unable to locate element: {\"method\":\"xpath\",\"selector\":\"(//a[@class='add-to-cart yellow-btn'])[1]\"}\n  (Session info: chrome-headless-shell=122.0.6261.94); For documentation on this error, please visit: https://www.selenium.dev/documentation/webdriver/troubleshooting/errors#no-such-element-exception\nStacktrace:\n#0 0x55b21d5fde93 <unknown>\n#1 0x55b21d2f5ce6 <unknown>\n#2 0x55b21d340e48 <unknown>\n#3 0x55b21d340f01 <unknown>\n#4 0x55b21d3843f4 <unknown>\n#5 0x55b21d362edd <unknown>\n#6 0x55b21d381899 <unknown>\n#7 0x55b21d362c53 <unknown>\n#8 0x55b21d333db3 <unknown>\n#9 0x55b21d33477e <unknown>\n#10 0x55b21d5c37cb <unknown>\n#11 0x55b21d5c77e5 <unknown>\n#12 0x55b21d5b10e1 <unknown>\n#13 0x55b21d5c8372 <unknown>\n#14 0x55b21d5951bf <unknown>\n#15 0x55b21d5ec488 <unknown>\n#16 0x55b21d5ec683 <unknown>\n#17 0x55b21d5fd044 <unknown>\n#18 0x7f282e9c9134 <unknown>","time":{"start":1709686352122,"stop":1709686352468,"duration":346}}]},"tags":["@pytest.mark.xfail","smoke_test"]},"source":"d64eab5562c87a59.json","parameterValues":["5980","166","'TD 022'","5490","'products/shtukaturka-gipsovaya-aksolit-m50-30-kg-mashinnogo-naneseniya'","2800","'https://sandboxtest.stroyrem-nn.ru/'","5000"]}