{"uid":"eb8ca7f9e40b629e","name":"test_positive_delivery_green_zone_smoke[TD 012-products/shtukaturka-gipsovaya-aksolit-m50-30-kg-mashinnogo-naneseniya-333-10000-4450-11990-12500-https://sandboxtest.stroyrem-nn.ru/]","fullName":"tests.delivery.test_delivery_calculation.TestDeliveryPageCalculation#test_positive_delivery_green_zone_smoke","historyId":"9d39cbb8c1423d43dfc259c1b0a6c01f","time":{"start":1711414390850,"stop":1711414391244,"duration":394},"status":"skipped","statusMessage":"XFAIL\n\nselenium.common.exceptions.NoSuchElementException: Message: no such element: Unable to locate element: {\"method\":\"xpath\",\"selector\":\"(//a[@class='add-to-cart yellow-btn'])[1]\"}\n  (Session info: chrome-headless-shell=123.0.6312.58); For documentation on this error, please visit: https://www.selenium.dev/documentation/webdriver/troubleshooting/errors#no-such-element-exception\nStacktrace:\n#0 0x55f9f9745993 <unknown>\n#1 0x55f9f9440136 <unknown>\n#2 0x55f9f948ad48 <unknown>\n#3 0x55f9f948ae01 <unknown>\n#4 0x55f9f94cde44 <unknown>\n#5 0x55f9f94accfd <unknown>\n#6 0x55f9f94cb319 <unknown>\n#7 0x55f9f94aca73 <unknown>\n#8 0x55f9f947dc93 <unknown>\n#9 0x55f9f947e65e <unknown>\n#10 0x55f9f970a08b <unknown>\n#11 0x55f9f970e005 <unknown>\n#12 0x55f9f96f8491 <unknown>\n#13 0x55f9f970eb92 <unknown>\n#14 0x55f9f96dd9ef <unknown>\n#15 0x55f9f9734df8 <unknown>\n#16 0x55f9f9734fcb <unknown>\n#17 0x55f9f9744ae4 <unknown>\n#18 0x7f28cc65f134 <unknown>","statusTrace":"self = <tests.delivery.test_delivery_calculation.TestDeliveryPageCalculation object at 0x7f53cf7588d0>\ndriver = <selenium.webdriver.chrome.webdriver.WebDriver (session=\"3e59ca52ae1a6f1937c5711a85ea7af1\")>\nurl = 'https://sandboxtest.stroyrem-nn.ru/', case_id = 'TD 012'\nlink_item = 'products/shtukaturka-gipsovaya-aksolit-m50-30-kg-mashinnogo-naneseniya'\namount = 333, weight = 10000, standard = 4450, in_time = 11990, all_time = 12500\n\n    @pytest.mark.parametrize('case_id, link_item, amount, weight, standard, in_time, all_time', [\n        (\"TD 001\", uroven_3000, 1, 30, 0, 1590, 2190),\n        (\"TD 002\", bundeks_25, 1, 30, 400, 1590, 2190),\n        (\"TD 003\", aksolit_30, 8, 300, 400, 1590, 2190),\n        (\"TD 004\", aksolit_30, 13, 400, 450, 1590, 2190),\n        (\"TD 005\", aksolit_30, 16, 500, 600, 1590, 2190),\n        (\"TD 006\", aksolit_30, 25, 1700, 990, 1990, 2480),\n        (\"TD 007\", aksolit_30, 66, 2000, 1300, 2490, 2980),\n        (\"TD 008\", aksolit_30, 149, 4500, 2300, 3980, 4490),\n        (\"TD 009\", aksolit_30, 166, 5000, 2500, 4990, 5480),\n        pytest.param(\n            \"TD 010\", aksolit_30, 206, 6200, 2900, 5570, 6120,\n            marks=pytest.mark.xfail(reson=\"Цена доставки 3600 7960 8980\")\n        ),\n        (\"TD 011\", aksolit_30, 299, 9000, 3600, 7960, 8980),\n        (\"TD 012\", aksolit_30, 333, 10000, 4450, 11990, 12500),\n        pytest.param(\n            \"TD 013\", aksolit_30, 366, 11000, 4800, 12450, 13480,\n            marks=pytest.mark.xfail(reason=\"Цена стандартной доставки 4450\")\n        ),\n        pytest.param(\n            \"TD 014\", aksolit_30, 666, 20000, 5400, 15600, 17490,\n            marks=pytest.mark.xfail(reason=\"Цена стандартной доставки 4450\")\n        )\n    ])\n    @pytest.mark.xfail\n    @pytest.mark.smoke_test\n    def test_positive_delivery_green_zone_smoke(\n            self, driver, url, case_id, link_item, amount, weight, standard, in_time, all_time\n    ):\n    \n        driver.get(f'{url}{link_item}')\n        item_page = ItemPage(driver)\n>       item_page.add_item_to_cart(amount).click_on_cart()\n\ntests/delivery/test_delivery_calculation.py:50: \n_ _ _ _ _ _ _ _ _ _ _ _ _ _ _ _ _ _ _ _ _ _ _ _ _ _ _ _ _ _ _ _ _ _ _ _ _ _ _ _ \npages/item_page.py:40: in add_item_to_cart\n    self.find_element(self._add_item).click()\nbase/seleniumbase.py:17: in find_element\n    return self.driver.find_element(*locator)\n/usr/local/lib/python3.11/site-packages/selenium/webdriver/remote/webdriver.py:739: in find_element\n    return self.execute(Command.FIND_ELEMENT, {\"using\": by, \"value\": value})[\"value\"]\n/usr/local/lib/python3.11/site-packages/selenium/webdriver/remote/webdriver.py:345: in execute\n    self.error_handler.check_response(response)\n_ _ _ _ _ _ _ _ _ _ _ _ _ _ _ _ _ _ _ _ _ _ _ _ _ _ _ _ _ _ _ _ _ _ _ _ _ _ _ _ \n\nself = <selenium.webdriver.remote.errorhandler.ErrorHandler object at 0x7f53cf925ad0>\nresponse = {'status': 404, 'value': '{\"value\":{\"error\":\"no such element\",\"message\":\"no such element: Unable to locate element: {\\...\\\\n#16 0x55f9f9734fcb \\\\u003Cunknown>\\\\n#17 0x55f9f9744ae4 \\\\u003Cunknown>\\\\n#18 0x7f28cc65f134 \\\\u003Cunknown>\\\\n\"}}'}\n\n    def check_response(self, response: Dict[str, Any]) -> None:\n        \"\"\"Checks that a JSON response from the WebDriver does not have an\n        error.\n    \n        :Args:\n         - response - The JSON response from the WebDriver server as a dictionary\n           object.\n    \n        :Raises: If the response contains an error message.\n        \"\"\"\n        status = response.get(\"status\", None)\n        if not status or status == ErrorCode.SUCCESS:\n            return\n        value = None\n        message = response.get(\"message\", \"\")\n        screen: str = response.get(\"screen\", \"\")\n        stacktrace = None\n        if isinstance(status, int):\n            value_json = response.get(\"value\", None)\n            if value_json and isinstance(value_json, str):\n                import json\n    \n                try:\n                    value = json.loads(value_json)\n                    if len(value) == 1:\n                        value = value[\"value\"]\n                    status = value.get(\"error\", None)\n                    if not status:\n                        status = value.get(\"status\", ErrorCode.UNKNOWN_ERROR)\n                        message = value.get(\"value\") or value.get(\"message\")\n                        if not isinstance(message, str):\n                            value = message\n                            message = message.get(\"message\")\n                    else:\n                        message = value.get(\"message\", None)\n                except ValueError:\n                    pass\n    \n        exception_class: Type[WebDriverException]\n        e = ErrorCode()\n        error_codes = [item for item in dir(e) if not item.startswith(\"__\")]\n        for error_code in error_codes:\n            error_info = getattr(ErrorCode, error_code)\n            if isinstance(error_info, list) and status in error_info:\n                exception_class = getattr(ExceptionMapping, error_code, WebDriverException)\n                break\n        else:\n            exception_class = WebDriverException\n    \n        if not value:\n            value = response[\"value\"]\n        if isinstance(value, str):\n            raise exception_class(value)\n        if message == \"\" and \"message\" in value:\n            message = value[\"message\"]\n    \n        screen = None  # type: ignore[assignment]\n        if \"screen\" in value:\n            screen = value[\"screen\"]\n    \n        stacktrace = None\n        st_value = value.get(\"stackTrace\") or value.get(\"stacktrace\")\n        if st_value:\n            if isinstance(st_value, str):\n                stacktrace = st_value.split(\"\\n\")\n            else:\n                stacktrace = []\n                try:\n                    for frame in st_value:\n                        line = frame.get(\"lineNumber\", \"\")\n                        file = frame.get(\"fileName\", \"<anonymous>\")\n                        if line:\n                            file = f\"{file}:{line}\"\n                        meth = frame.get(\"methodName\", \"<anonymous>\")\n                        if \"className\" in frame:\n                            meth = f\"{frame['className']}.{meth}\"\n                        msg = \"    at %s (%s)\"\n                        msg = msg % (meth, file)\n                        stacktrace.append(msg)\n                except TypeError:\n                    pass\n        if exception_class == UnexpectedAlertPresentException:\n            alert_text = None\n            if \"data\" in value:\n                alert_text = value[\"data\"].get(\"text\")\n            elif \"alert\" in value:\n                alert_text = value[\"alert\"].get(\"text\")\n            raise exception_class(message, screen, stacktrace, alert_text)  # type: ignore[call-arg]  # mypy is not smart enough here\n>       raise exception_class(message, screen, stacktrace)\nE       selenium.common.exceptions.NoSuchElementException: Message: no such element: Unable to locate element: {\"method\":\"xpath\",\"selector\":\"(//a[@class='add-to-cart yellow-btn'])[1]\"}\nE         (Session info: chrome-headless-shell=123.0.6312.58); For documentation on this error, please visit: https://www.selenium.dev/documentation/webdriver/troubleshooting/errors#no-such-element-exception\nE       Stacktrace:\nE       #0 0x55f9f9745993 <unknown>\nE       #1 0x55f9f9440136 <unknown>\nE       #2 0x55f9f948ad48 <unknown>\nE       #3 0x55f9f948ae01 <unknown>\nE       #4 0x55f9f94cde44 <unknown>\nE       #5 0x55f9f94accfd <unknown>\nE       #6 0x55f9f94cb319 <unknown>\nE       #7 0x55f9f94aca73 <unknown>\nE       #8 0x55f9f947dc93 <unknown>\nE       #9 0x55f9f947e65e <unknown>\nE       #10 0x55f9f970a08b <unknown>\nE       #11 0x55f9f970e005 <unknown>\nE       #12 0x55f9f96f8491 <unknown>\nE       #13 0x55f9f970eb92 <unknown>\nE       #14 0x55f9f96dd9ef <unknown>\nE       #15 0x55f9f9734df8 <unknown>\nE       #16 0x55f9f9734fcb <unknown>\nE       #17 0x55f9f9744ae4 <unknown>\nE       #18 0x7f28cc65f134 <unknown>\n\n/usr/local/lib/python3.11/site-packages/selenium/webdriver/remote/errorhandler.py:229: NoSuchElementException","flaky":false,"newFailed":false,"newBroken":false,"newPassed":false,"retriesCount":0,"retriesStatusChange":false,"beforeStages":[{"name":"_session_faker","time":{"start":1711414100735,"stop":1711414100805,"duration":70},"status":"passed","steps":[],"attachments":[],"parameters":[],"shouldDisplayMessage":false,"stepsCount":0,"attachmentsCount":0,"hasContent":false,"attachmentStep":false},{"name":"clear_allure_results_folder","time":{"start":1711414100805,"stop":1711414100805,"duration":0},"status":"passed","steps":[],"attachments":[],"parameters":[],"shouldDisplayMessage":false,"stepsCount":0,"attachmentsCount":0,"hasContent":false,"attachmentStep":false},{"name":"driver","time":{"start":1711414390077,"stop":1711414390849,"duration":772},"status":"passed","steps":[],"attachments":[],"parameters":[],"shouldDisplayMessage":false,"stepsCount":0,"attachmentsCount":0,"hasContent":false,"attachmentStep":false},{"name":"setup","time":{"start":1711414390849,"stop":1711414390849,"duration":0},"status":"passed","steps":[],"attachments":[],"parameters":[],"shouldDisplayMessage":false,"stepsCount":0,"attachmentsCount":0,"hasContent":false,"attachmentStep":false}],"testStage":{"status":"skipped","statusMessage":"XFAIL\n\nselenium.common.exceptions.NoSuchElementException: Message: no such element: Unable to locate element: {\"method\":\"xpath\",\"selector\":\"(//a[@class='add-to-cart yellow-btn'])[1]\"}\n  (Session info: chrome-headless-shell=123.0.6312.58); For documentation on this error, please visit: https://www.selenium.dev/documentation/webdriver/troubleshooting/errors#no-such-element-exception\nStacktrace:\n#0 0x55f9f9745993 <unknown>\n#1 0x55f9f9440136 <unknown>\n#2 0x55f9f948ad48 <unknown>\n#3 0x55f9f948ae01 <unknown>\n#4 0x55f9f94cde44 <unknown>\n#5 0x55f9f94accfd <unknown>\n#6 0x55f9f94cb319 <unknown>\n#7 0x55f9f94aca73 <unknown>\n#8 0x55f9f947dc93 <unknown>\n#9 0x55f9f947e65e <unknown>\n#10 0x55f9f970a08b <unknown>\n#11 0x55f9f970e005 <unknown>\n#12 0x55f9f96f8491 <unknown>\n#13 0x55f9f970eb92 <unknown>\n#14 0x55f9f96dd9ef <unknown>\n#15 0x55f9f9734df8 <unknown>\n#16 0x55f9f9734fcb <unknown>\n#17 0x55f9f9744ae4 <unknown>\n#18 0x7f28cc65f134 <unknown>","statusTrace":"self = <tests.delivery.test_delivery_calculation.TestDeliveryPageCalculation object at 0x7f53cf7588d0>\ndriver = <selenium.webdriver.chrome.webdriver.WebDriver (session=\"3e59ca52ae1a6f1937c5711a85ea7af1\")>\nurl = 'https://sandboxtest.stroyrem-nn.ru/', case_id = 'TD 012'\nlink_item = 'products/shtukaturka-gipsovaya-aksolit-m50-30-kg-mashinnogo-naneseniya'\namount = 333, weight = 10000, standard = 4450, in_time = 11990, all_time = 12500\n\n    @pytest.mark.parametrize('case_id, link_item, amount, weight, standard, in_time, all_time', [\n        (\"TD 001\", uroven_3000, 1, 30, 0, 1590, 2190),\n        (\"TD 002\", bundeks_25, 1, 30, 400, 1590, 2190),\n        (\"TD 003\", aksolit_30, 8, 300, 400, 1590, 2190),\n        (\"TD 004\", aksolit_30, 13, 400, 450, 1590, 2190),\n        (\"TD 005\", aksolit_30, 16, 500, 600, 1590, 2190),\n        (\"TD 006\", aksolit_30, 25, 1700, 990, 1990, 2480),\n        (\"TD 007\", aksolit_30, 66, 2000, 1300, 2490, 2980),\n        (\"TD 008\", aksolit_30, 149, 4500, 2300, 3980, 4490),\n        (\"TD 009\", aksolit_30, 166, 5000, 2500, 4990, 5480),\n        pytest.param(\n            \"TD 010\", aksolit_30, 206, 6200, 2900, 5570, 6120,\n            marks=pytest.mark.xfail(reson=\"Цена доставки 3600 7960 8980\")\n        ),\n        (\"TD 011\", aksolit_30, 299, 9000, 3600, 7960, 8980),\n        (\"TD 012\", aksolit_30, 333, 10000, 4450, 11990, 12500),\n        pytest.param(\n            \"TD 013\", aksolit_30, 366, 11000, 4800, 12450, 13480,\n            marks=pytest.mark.xfail(reason=\"Цена стандартной доставки 4450\")\n        ),\n        pytest.param(\n            \"TD 014\", aksolit_30, 666, 20000, 5400, 15600, 17490,\n            marks=pytest.mark.xfail(reason=\"Цена стандартной доставки 4450\")\n        )\n    ])\n    @pytest.mark.xfail\n    @pytest.mark.smoke_test\n    def test_positive_delivery_green_zone_smoke(\n            self, driver, url, case_id, link_item, amount, weight, standard, in_time, all_time\n    ):\n    \n        driver.get(f'{url}{link_item}')\n        item_page = ItemPage(driver)\n>       item_page.add_item_to_cart(amount).click_on_cart()\n\ntests/delivery/test_delivery_calculation.py:50: \n_ _ _ _ _ _ _ _ _ _ _ _ _ _ _ _ _ _ _ _ _ _ _ _ _ _ _ _ _ _ _ _ _ _ _ _ _ _ _ _ \npages/item_page.py:40: in add_item_to_cart\n    self.find_element(self._add_item).click()\nbase/seleniumbase.py:17: in find_element\n    return self.driver.find_element(*locator)\n/usr/local/lib/python3.11/site-packages/selenium/webdriver/remote/webdriver.py:739: in find_element\n    return self.execute(Command.FIND_ELEMENT, {\"using\": by, \"value\": value})[\"value\"]\n/usr/local/lib/python3.11/site-packages/selenium/webdriver/remote/webdriver.py:345: in execute\n    self.error_handler.check_response(response)\n_ _ _ _ _ _ _ _ _ _ _ _ _ _ _ _ _ _ _ _ _ _ _ _ _ _ _ _ _ _ _ _ _ _ _ _ _ _ _ _ \n\nself = <selenium.webdriver.remote.errorhandler.ErrorHandler object at 0x7f53cf925ad0>\nresponse = {'status': 404, 'value': '{\"value\":{\"error\":\"no such element\",\"message\":\"no such element: Unable to locate element: {\\...\\\\n#16 0x55f9f9734fcb \\\\u003Cunknown>\\\\n#17 0x55f9f9744ae4 \\\\u003Cunknown>\\\\n#18 0x7f28cc65f134 \\\\u003Cunknown>\\\\n\"}}'}\n\n    def check_response(self, response: Dict[str, Any]) -> None:\n        \"\"\"Checks that a JSON response from the WebDriver does not have an\n        error.\n    \n        :Args:\n         - response - The JSON response from the WebDriver server as a dictionary\n           object.\n    \n        :Raises: If the response contains an error message.\n        \"\"\"\n        status = response.get(\"status\", None)\n        if not status or status == ErrorCode.SUCCESS:\n            return\n        value = None\n        message = response.get(\"message\", \"\")\n        screen: str = response.get(\"screen\", \"\")\n        stacktrace = None\n        if isinstance(status, int):\n            value_json = response.get(\"value\", None)\n            if value_json and isinstance(value_json, str):\n                import json\n    \n                try:\n                    value = json.loads(value_json)\n                    if len(value) == 1:\n                        value = value[\"value\"]\n                    status = value.get(\"error\", None)\n                    if not status:\n                        status = value.get(\"status\", ErrorCode.UNKNOWN_ERROR)\n                        message = value.get(\"value\") or value.get(\"message\")\n                        if not isinstance(message, str):\n                            value = message\n                            message = message.get(\"message\")\n                    else:\n                        message = value.get(\"message\", None)\n                except ValueError:\n                    pass\n    \n        exception_class: Type[WebDriverException]\n        e = ErrorCode()\n        error_codes = [item for item in dir(e) if not item.startswith(\"__\")]\n        for error_code in error_codes:\n            error_info = getattr(ErrorCode, error_code)\n            if isinstance(error_info, list) and status in error_info:\n                exception_class = getattr(ExceptionMapping, error_code, WebDriverException)\n                break\n        else:\n            exception_class = WebDriverException\n    \n        if not value:\n            value = response[\"value\"]\n        if isinstance(value, str):\n            raise exception_class(value)\n        if message == \"\" and \"message\" in value:\n            message = value[\"message\"]\n    \n        screen = None  # type: ignore[assignment]\n        if \"screen\" in value:\n            screen = value[\"screen\"]\n    \n        stacktrace = None\n        st_value = value.get(\"stackTrace\") or value.get(\"stacktrace\")\n        if st_value:\n            if isinstance(st_value, str):\n                stacktrace = st_value.split(\"\\n\")\n            else:\n                stacktrace = []\n                try:\n                    for frame in st_value:\n                        line = frame.get(\"lineNumber\", \"\")\n                        file = frame.get(\"fileName\", \"<anonymous>\")\n                        if line:\n                            file = f\"{file}:{line}\"\n                        meth = frame.get(\"methodName\", \"<anonymous>\")\n                        if \"className\" in frame:\n                            meth = f\"{frame['className']}.{meth}\"\n                        msg = \"    at %s (%s)\"\n                        msg = msg % (meth, file)\n                        stacktrace.append(msg)\n                except TypeError:\n                    pass\n        if exception_class == UnexpectedAlertPresentException:\n            alert_text = None\n            if \"data\" in value:\n                alert_text = value[\"data\"].get(\"text\")\n            elif \"alert\" in value:\n                alert_text = value[\"alert\"].get(\"text\")\n            raise exception_class(message, screen, stacktrace, alert_text)  # type: ignore[call-arg]  # mypy is not smart enough here\n>       raise exception_class(message, screen, stacktrace)\nE       selenium.common.exceptions.NoSuchElementException: Message: no such element: Unable to locate element: {\"method\":\"xpath\",\"selector\":\"(//a[@class='add-to-cart yellow-btn'])[1]\"}\nE         (Session info: chrome-headless-shell=123.0.6312.58); For documentation on this error, please visit: https://www.selenium.dev/documentation/webdriver/troubleshooting/errors#no-such-element-exception\nE       Stacktrace:\nE       #0 0x55f9f9745993 <unknown>\nE       #1 0x55f9f9440136 <unknown>\nE       #2 0x55f9f948ad48 <unknown>\nE       #3 0x55f9f948ae01 <unknown>\nE       #4 0x55f9f94cde44 <unknown>\nE       #5 0x55f9f94accfd <unknown>\nE       #6 0x55f9f94cb319 <unknown>\nE       #7 0x55f9f94aca73 <unknown>\nE       #8 0x55f9f947dc93 <unknown>\nE       #9 0x55f9f947e65e <unknown>\nE       #10 0x55f9f970a08b <unknown>\nE       #11 0x55f9f970e005 <unknown>\nE       #12 0x55f9f96f8491 <unknown>\nE       #13 0x55f9f970eb92 <unknown>\nE       #14 0x55f9f96dd9ef <unknown>\nE       #15 0x55f9f9734df8 <unknown>\nE       #16 0x55f9f9734fcb <unknown>\nE       #17 0x55f9f9744ae4 <unknown>\nE       #18 0x7f28cc65f134 <unknown>\n\n/usr/local/lib/python3.11/site-packages/selenium/webdriver/remote/errorhandler.py:229: NoSuchElementException","steps":[{"name":"Добавляем товар в корзину в количестве 333","time":{"start":1711414391231,"stop":1711414391243,"duration":12},"status":"broken","statusMessage":"selenium.common.exceptions.NoSuchElementException: Message: no such element: Unable to locate element: {\"method\":\"xpath\",\"selector\":\"(//a[@class='add-to-cart yellow-btn'])[1]\"}\n  (Session info: chrome-headless-shell=123.0.6312.58); For documentation on this error, please visit: https://www.selenium.dev/documentation/webdriver/troubleshooting/errors#no-such-element-exception\nStacktrace:\n#0 0x55f9f9745993 <unknown>\n#1 0x55f9f9440136 <unknown>\n#2 0x55f9f948ad48 <unknown>\n#3 0x55f9f948ae01 <unknown>\n#4 0x55f9f94cde44 <unknown>\n#5 0x55f9f94accfd <unknown>\n#6 0x55f9f94cb319 <unknown>\n#7 0x55f9f94aca73 <unknown>\n#8 0x55f9f947dc93 <unknown>\n#9 0x55f9f947e65e <unknown>\n#10 0x55f9f970a08b <unknown>\n#11 0x55f9f970e005 <unknown>\n#12 0x55f9f96f8491 <unknown>\n#13 0x55f9f970eb92 <unknown>\n#14 0x55f9f96dd9ef <unknown>\n#15 0x55f9f9734df8 <unknown>\n#16 0x55f9f9734fcb <unknown>\n#17 0x55f9f9744ae4 <unknown>\n#18 0x7f28cc65f134 <unknown>\n\n","statusTrace":"  File \"/usr/local/lib/python3.11/site-packages/allure_commons/_allure.py\", line 192, in impl\n    return func(*a, **kw)\n           ^^^^^^^^^^^^^^\n  File \"/app/pages/item_page.py\", line 40, in add_item_to_cart\n    self.find_element(self._add_item).click()\n    ^^^^^^^^^^^^^^^^^^^^^^^^^^^^^^^^^\n  File \"/app/base/seleniumbase.py\", line 17, in find_element\n    return self.driver.find_element(*locator)\n           ^^^^^^^^^^^^^^^^^^^^^^^^^^^^^^^^^^\n  File \"/usr/local/lib/python3.11/site-packages/selenium/webdriver/remote/webdriver.py\", line 739, in find_element\n    return self.execute(Command.FIND_ELEMENT, {\"using\": by, \"value\": value})[\"value\"]\n           ^^^^^^^^^^^^^^^^^^^^^^^^^^^^^^^^^^^^^^^^^^^^^^^^^^^^^^^^^^^^^^^^^\n  File \"/usr/local/lib/python3.11/site-packages/selenium/webdriver/remote/webdriver.py\", line 345, in execute\n    self.error_handler.check_response(response)\n  File \"/usr/local/lib/python3.11/site-packages/selenium/webdriver/remote/errorhandler.py\", line 229, in check_response\n    raise exception_class(message, screen, stacktrace)\n","steps":[],"attachments":[],"parameters":[{"name":"amount","value":"333"}],"shouldDisplayMessage":true,"stepsCount":0,"attachmentsCount":0,"hasContent":true,"attachmentStep":false}],"attachments":[{"uid":"5a46d3015407631b","name":"Screenshot","source":"5a46d3015407631b.png","type":"image/png","size":5862},{"uid":"b7e314da3af28db0","name":"HTML source","source":"b7e314da3af28db0.html","type":"text/html","size":39}],"parameters":[],"shouldDisplayMessage":true,"stepsCount":1,"attachmentsCount":2,"hasContent":true,"attachmentStep":false},"afterStages":[{"name":"driver::0","time":{"start":1711414391352,"stop":1711414391409,"duration":57},"status":"passed","steps":[],"attachments":[],"parameters":[],"shouldDisplayMessage":false,"stepsCount":0,"attachmentsCount":0,"hasContent":false,"attachmentStep":false},{"name":"setup::0","time":{"start":1711414391352,"stop":1711414391352,"duration":0},"status":"passed","steps":[],"attachments":[],"parameters":[],"shouldDisplayMessage":false,"stepsCount":0,"attachmentsCount":0,"hasContent":false,"attachmentStep":false}],"labels":[{"name":"epic","value":"Delivery Page - calculation"},{"name":"tag","value":"smoke_test"},{"name":"tag","value":"@pytest.mark.xfail"},{"name":"parentSuite","value":"tests.delivery"},{"name":"suite","value":"test_delivery_calculation"},{"name":"subSuite","value":"TestDeliveryPageCalculation"},{"name":"host","value":"de3a856520e1"},{"name":"thread","value":"1-MainThread"},{"name":"framework","value":"pytest"},{"name":"language","value":"cpython3"},{"name":"package","value":"tests.delivery.test_delivery_calculation"},{"name":"resultFormat","value":"allure2"}],"parameters":[{"name":"all_time","value":"12500"},{"name":"amount","value":"333"},{"name":"case_id","value":"'TD 012'"},{"name":"in_time","value":"11990"},{"name":"link_item","value":"'products/shtukaturka-gipsovaya-aksolit-m50-30-kg-mashinnogo-naneseniya'"},{"name":"standard","value":"4450"},{"name":"url","value":"'https://sandboxtest.stroyrem-nn.ru/'"},{"name":"weight","value":"10000"}],"links":[],"hidden":false,"retry":false,"extra":{"severity":"normal","retries":[],"categories":[],"history":{"statistic":{"failed":0,"broken":13,"skipped":197,"passed":0,"unknown":0,"total":210},"items":[{"uid":"c797b44acb6df60c","reportUrl":"https://Nat754.github.io/StroyremAutomation/257//#testresult/c797b44acb6df60c","status":"skipped","statusDetails":"XFAIL\n\nselenium.common.exceptions.NoSuchElementException: Message: no such element: Unable to locate element: {\"method\":\"xpath\",\"selector\":\"(//a[@class='add-to-cart yellow-btn'])[1]\"}\n  (Session info: chrome-headless-shell=123.0.6312.58); For documentation on this error, please visit: https://www.selenium.dev/documentation/webdriver/troubleshooting/errors#no-such-element-exception\nStacktrace:\n#0 0x558e8c010993 <unknown>\n#1 0x558e8bd0b136 <unknown>\n#2 0x558e8bd55d48 <unknown>\n#3 0x558e8bd55e01 <unknown>\n#4 0x558e8bd98e44 <unknown>\n#5 0x558e8bd77cfd <unknown>\n#6 0x558e8bd96319 <unknown>\n#7 0x558e8bd77a73 <unknown>\n#8 0x558e8bd48c93 <unknown>\n#9 0x558e8bd4965e <unknown>\n#10 0x558e8bfd508b <unknown>\n#11 0x558e8bfd9005 <unknown>\n#12 0x558e8bfc3491 <unknown>\n#13 0x558e8bfd9b92 <unknown>\n#14 0x558e8bfa89ef <unknown>\n#15 0x558e8bfffdf8 <unknown>\n#16 0x558e8bffffcb <unknown>\n#17 0x558e8c00fae4 <unknown>\n#18 0x7fb1c2e24134 <unknown>","time":{"start":1711328056578,"stop":1711328057195,"duration":617}},{"uid":"b1bfa616fed78118","reportUrl":"https://Nat754.github.io/StroyremAutomation/256//#testresult/b1bfa616fed78118","status":"skipped","statusDetails":"XFAIL\n\nselenium.common.exceptions.NoSuchElementException: Message: no such element: Unable to locate element: {\"method\":\"xpath\",\"selector\":\"(//a[@class='add-to-cart yellow-btn'])[1]\"}\n  (Session info: chrome-headless-shell=123.0.6312.58); For documentation on this error, please visit: https://www.selenium.dev/documentation/webdriver/troubleshooting/errors#no-such-element-exception\nStacktrace:\n#0 0x55991143c993 <unknown>\n#1 0x559911137136 <unknown>\n#2 0x559911181d48 <unknown>\n#3 0x559911181e01 <unknown>\n#4 0x5599111c4e44 <unknown>\n#5 0x5599111a3cfd <unknown>\n#6 0x5599111c2319 <unknown>\n#7 0x5599111a3a73 <unknown>\n#8 0x559911174c93 <unknown>\n#9 0x55991117565e <unknown>\n#10 0x55991140108b <unknown>\n#11 0x559911405005 <unknown>\n#12 0x5599113ef491 <unknown>\n#13 0x559911405b92 <unknown>\n#14 0x5599113d49ef <unknown>\n#15 0x55991142bdf8 <unknown>\n#16 0x55991142bfcb <unknown>\n#17 0x55991143bae4 <unknown>\n#18 0x7f12c51b2134 <unknown>","time":{"start":1711241885709,"stop":1711241886174,"duration":465}},{"uid":"d710069ab6f5cd7f","reportUrl":"https://Nat754.github.io/StroyremAutomation/255//#testresult/d710069ab6f5cd7f","status":"skipped","statusDetails":"XFAIL\n\nselenium.common.exceptions.NoSuchElementException: Message: no such element: Unable to locate element: {\"method\":\"xpath\",\"selector\":\"(//a[@class='add-to-cart yellow-btn'])[1]\"}\n  (Session info: chrome-headless-shell=123.0.6312.58); For documentation on this error, please visit: https://www.selenium.dev/documentation/webdriver/troubleshooting/errors#no-such-element-exception\nStacktrace:\n#0 0x55aa6c01d993 <unknown>\n#1 0x55aa6bd18136 <unknown>\n#2 0x55aa6bd62d48 <unknown>\n#3 0x55aa6bd62e01 <unknown>\n#4 0x55aa6bda5e44 <unknown>\n#5 0x55aa6bd84cfd <unknown>\n#6 0x55aa6bda3319 <unknown>\n#7 0x55aa6bd84a73 <unknown>\n#8 0x55aa6bd55c93 <unknown>\n#9 0x55aa6bd5665e <unknown>\n#10 0x55aa6bfe208b <unknown>\n#11 0x55aa6bfe6005 <unknown>\n#12 0x55aa6bfd0491 <unknown>\n#13 0x55aa6bfe6b92 <unknown>\n#14 0x55aa6bfb59ef <unknown>\n#15 0x55aa6c00cdf8 <unknown>\n#16 0x55aa6c00cfcb <unknown>\n#17 0x55aa6c01cae4 <unknown>\n#18 0x7f41ff7a9134 <unknown>","time":{"start":1711155049517,"stop":1711155049923,"duration":406}},{"uid":"a60a8025b504f02d","reportUrl":"https://Nat754.github.io/StroyremAutomation/254//#testresult/a60a8025b504f02d","status":"skipped","statusDetails":"XFAIL\n\nselenium.common.exceptions.NoSuchElementException: Message: no such element: Unable to locate element: {\"method\":\"xpath\",\"selector\":\"(//a[@class='add-to-cart yellow-btn'])[1]\"}\n  (Session info: chrome-headless-shell=123.0.6312.58); For documentation on this error, please visit: https://www.selenium.dev/documentation/webdriver/troubleshooting/errors#no-such-element-exception\nStacktrace:\n#0 0x565546077993 <unknown>\n#1 0x565545d72136 <unknown>\n#2 0x565545dbcd48 <unknown>\n#3 0x565545dbce01 <unknown>\n#4 0x565545dffe44 <unknown>\n#5 0x565545ddecfd <unknown>\n#6 0x565545dfd319 <unknown>\n#7 0x565545ddea73 <unknown>\n#8 0x565545dafc93 <unknown>\n#9 0x565545db065e <unknown>\n#10 0x56554603c08b <unknown>\n#11 0x565546040005 <unknown>\n#12 0x56554602a491 <unknown>\n#13 0x565546040b92 <unknown>\n#14 0x56554600f9ef <unknown>\n#15 0x565546066df8 <unknown>\n#16 0x565546066fcb <unknown>\n#17 0x565546076ae4 <unknown>\n#18 0x7fea72755134 <unknown>","time":{"start":1711068717718,"stop":1711068718121,"duration":403}},{"uid":"ca695b62d043ad6f","reportUrl":"https://Nat754.github.io/StroyremAutomation/253//#testresult/ca695b62d043ad6f","status":"skipped","statusDetails":"XFAIL\n\nselenium.common.exceptions.NoSuchElementException: Message: no such element: Unable to locate element: {\"method\":\"xpath\",\"selector\":\"(//a[@class='add-to-cart yellow-btn'])[1]\"}\n  (Session info: chrome-headless-shell=123.0.6312.58); For documentation on this error, please visit: https://www.selenium.dev/documentation/webdriver/troubleshooting/errors#no-such-element-exception\nStacktrace:\n#0 0x5561aa8da993 <unknown>\n#1 0x5561aa5d5136 <unknown>\n#2 0x5561aa61fd48 <unknown>\n#3 0x5561aa61fe01 <unknown>\n#4 0x5561aa662e44 <unknown>\n#5 0x5561aa641cfd <unknown>\n#6 0x5561aa660319 <unknown>\n#7 0x5561aa641a73 <unknown>\n#8 0x5561aa612c93 <unknown>\n#9 0x5561aa61365e <unknown>\n#10 0x5561aa89f08b <unknown>\n#11 0x5561aa8a3005 <unknown>\n#12 0x5561aa88d491 <unknown>\n#13 0x5561aa8a3b92 <unknown>\n#14 0x5561aa8729ef <unknown>\n#15 0x5561aa8c9df8 <unknown>\n#16 0x5561aa8c9fcb <unknown>\n#17 0x5561aa8d9ae4 <unknown>\n#18 0x7f683edde134 <unknown>","time":{"start":1710982488291,"stop":1710982488714,"duration":423}},{"uid":"51108b76a1574baa","reportUrl":"https://Nat754.github.io/StroyremAutomation/252//#testresult/51108b76a1574baa","status":"skipped","statusDetails":"XFAIL\n\nselenium.common.exceptions.NoSuchElementException: Message: no such element: Unable to locate element: {\"method\":\"xpath\",\"selector\":\"(//a[@class='add-to-cart yellow-btn'])[1]\"}\n  (Session info: chrome-headless-shell=123.0.6312.58); For documentation on this error, please visit: https://www.selenium.dev/documentation/webdriver/troubleshooting/errors#no-such-element-exception\nStacktrace:\n#0 0x5c5981d24993 <unknown>\n#1 0x5c5981a1f136 <unknown>\n#2 0x5c5981a69d48 <unknown>\n#3 0x5c5981a69e01 <unknown>\n#4 0x5c5981aace44 <unknown>\n#5 0x5c5981a8bcfd <unknown>\n#6 0x5c5981aaa319 <unknown>\n#7 0x5c5981a8ba73 <unknown>\n#8 0x5c5981a5cc93 <unknown>\n#9 0x5c5981a5d65e <unknown>\n#10 0x5c5981ce908b <unknown>\n#11 0x5c5981ced005 <unknown>\n#12 0x5c5981cd7491 <unknown>\n#13 0x5c5981cedb92 <unknown>\n#14 0x5c5981cbc9ef <unknown>\n#15 0x5c5981d13df8 <unknown>\n#16 0x5c5981d13fcb <unknown>\n#17 0x5c5981d23ae4 <unknown>\n#18 0x72aa9834f134 <unknown>","time":{"start":1710895889197,"stop":1710895889511,"duration":314}},{"uid":"2da714d710bfb918","reportUrl":"https://Nat754.github.io/StroyremAutomation/251//#testresult/2da714d710bfb918","status":"skipped","statusDetails":"XFAIL\n\nselenium.common.exceptions.NoSuchElementException: Message: no such element: Unable to locate element: {\"method\":\"xpath\",\"selector\":\"(//a[@class='add-to-cart yellow-btn'])[1]\"}\n  (Session info: chrome-headless-shell=122.0.6261.128); For documentation on this error, please visit: https://www.selenium.dev/documentation/webdriver/troubleshooting/errors#no-such-element-exception\nStacktrace:\n#0 0x55662be98f33 <unknown>\n#1 0x55662bb90ce6 <unknown>\n#2 0x55662bbdbe48 <unknown>\n#3 0x55662bbdbf01 <unknown>\n#4 0x55662bc1f3f4 <unknown>\n#5 0x55662bbfdedd <unknown>\n#6 0x55662bc1c899 <unknown>\n#7 0x55662bbfdc53 <unknown>\n#8 0x55662bbcedb3 <unknown>\n#9 0x55662bbcf77e <unknown>\n#10 0x55662be5e86b <unknown>\n#11 0x55662be62885 <unknown>\n#12 0x55662be4c181 <unknown>\n#13 0x55662be63412 <unknown>\n#14 0x55662be3025f <unknown>\n#15 0x55662be87528 <unknown>\n#16 0x55662be87723 <unknown>\n#17 0x55662be980e4 <unknown>\n#18 0x7facdeed7134 <unknown>","time":{"start":1710809530802,"stop":1710809531087,"duration":285}},{"uid":"848181288096f9ac","reportUrl":"https://Nat754.github.io/StroyremAutomation/250//#testresult/848181288096f9ac","status":"skipped","statusDetails":"XFAIL\n\nselenium.common.exceptions.NoSuchElementException: Message: no such element: Unable to locate element: {\"method\":\"xpath\",\"selector\":\"(//a[@class='add-to-cart yellow-btn'])[1]\"}\n  (Session info: chrome-headless-shell=122.0.6261.128); For documentation on this error, please visit: https://www.selenium.dev/documentation/webdriver/troubleshooting/errors#no-such-element-exception\nStacktrace:\n#0 0x5783cdf03f33 <unknown>\n#1 0x5783cdbfbce6 <unknown>\n#2 0x5783cdc46e48 <unknown>\n#3 0x5783cdc46f01 <unknown>\n#4 0x5783cdc8a3f4 <unknown>\n#5 0x5783cdc68edd <unknown>\n#6 0x5783cdc87899 <unknown>\n#7 0x5783cdc68c53 <unknown>\n#8 0x5783cdc39db3 <unknown>\n#9 0x5783cdc3a77e <unknown>\n#10 0x5783cdec986b <unknown>\n#11 0x5783cdecd885 <unknown>\n#12 0x5783cdeb7181 <unknown>\n#13 0x5783cdece412 <unknown>\n#14 0x5783cde9b25f <unknown>\n#15 0x5783cdef2528 <unknown>\n#16 0x5783cdef2723 <unknown>\n#17 0x5783cdf030e4 <unknown>\n#18 0x751fb8c1a134 <unknown>","time":{"start":1710723184840,"stop":1710723185166,"duration":326}},{"uid":"607d515132320232","reportUrl":"https://Nat754.github.io/StroyremAutomation/249//#testresult/607d515132320232","status":"skipped","statusDetails":"XFAIL\n\nselenium.common.exceptions.NoSuchElementException: Message: no such element: Unable to locate element: {\"method\":\"xpath\",\"selector\":\"(//a[@class='add-to-cart yellow-btn'])[1]\"}\n  (Session info: chrome-headless-shell=122.0.6261.128); For documentation on this error, please visit: https://www.selenium.dev/documentation/webdriver/troubleshooting/errors#no-such-element-exception\nStacktrace:\n#0 0x5ebfda5c9f33 <unknown>\n#1 0x5ebfda2c1ce6 <unknown>\n#2 0x5ebfda30ce48 <unknown>\n#3 0x5ebfda30cf01 <unknown>\n#4 0x5ebfda3503f4 <unknown>\n#5 0x5ebfda32eedd <unknown>\n#6 0x5ebfda34d899 <unknown>\n#7 0x5ebfda32ec53 <unknown>\n#8 0x5ebfda2ffdb3 <unknown>\n#9 0x5ebfda30077e <unknown>\n#10 0x5ebfda58f86b <unknown>\n#11 0x5ebfda593885 <unknown>\n#12 0x5ebfda57d181 <unknown>\n#13 0x5ebfda594412 <unknown>\n#14 0x5ebfda56125f <unknown>\n#15 0x5ebfda5b8528 <unknown>\n#16 0x5ebfda5b8723 <unknown>\n#17 0x5ebfda5c90e4 <unknown>\n#18 0x745e2af55134 <unknown>","time":{"start":1710636953862,"stop":1710636954266,"duration":404}},{"uid":"3ae3d6839530e41e","reportUrl":"https://Nat754.github.io/StroyremAutomation/248//#testresult/3ae3d6839530e41e","status":"skipped","statusDetails":"XFAIL\n\nselenium.common.exceptions.NoSuchElementException: Message: no such element: Unable to locate element: {\"method\":\"xpath\",\"selector\":\"(//a[@class='add-to-cart yellow-btn'])[1]\"}\n  (Session info: chrome-headless-shell=122.0.6261.128); For documentation on this error, please visit: https://www.selenium.dev/documentation/webdriver/troubleshooting/errors#no-such-element-exception\nStacktrace:\n#0 0x61e814c6df33 <unknown>\n#1 0x61e814965ce6 <unknown>\n#2 0x61e8149b0e48 <unknown>\n#3 0x61e8149b0f01 <unknown>\n#4 0x61e8149f43f4 <unknown>\n#5 0x61e8149d2edd <unknown>\n#6 0x61e8149f1899 <unknown>\n#7 0x61e8149d2c53 <unknown>\n#8 0x61e8149a3db3 <unknown>\n#9 0x61e8149a477e <unknown>\n#10 0x61e814c3386b <unknown>\n#11 0x61e814c37885 <unknown>\n#12 0x61e814c21181 <unknown>\n#13 0x61e814c38412 <unknown>\n#14 0x61e814c0525f <unknown>\n#15 0x61e814c5c528 <unknown>\n#16 0x61e814c5c723 <unknown>\n#17 0x61e814c6d0e4 <unknown>\n#18 0x7dcee7c8f134 <unknown>","time":{"start":1710550229839,"stop":1710550230131,"duration":292}},{"uid":"762de5130b47cb62","reportUrl":"https://Nat754.github.io/StroyremAutomation/247//#testresult/762de5130b47cb62","status":"skipped","statusDetails":"XFAIL\n\nselenium.common.exceptions.NoSuchElementException: Message: no such element: Unable to locate element: {\"method\":\"xpath\",\"selector\":\"(//a[@class='add-to-cart yellow-btn'])[1]\"}\n  (Session info: chrome-headless-shell=122.0.6261.128); For documentation on this error, please visit: https://www.selenium.dev/documentation/webdriver/troubleshooting/errors#no-such-element-exception\nStacktrace:\n#0 0x5b8357990f33 <unknown>\n#1 0x5b8357688ce6 <unknown>\n#2 0x5b83576d3e48 <unknown>\n#3 0x5b83576d3f01 <unknown>\n#4 0x5b83577173f4 <unknown>\n#5 0x5b83576f5edd <unknown>\n#6 0x5b8357714899 <unknown>\n#7 0x5b83576f5c53 <unknown>\n#8 0x5b83576c6db3 <unknown>\n#9 0x5b83576c777e <unknown>\n#10 0x5b835795686b <unknown>\n#11 0x5b835795a885 <unknown>\n#12 0x5b8357944181 <unknown>\n#13 0x5b835795b412 <unknown>\n#14 0x5b835792825f <unknown>\n#15 0x5b835797f528 <unknown>\n#16 0x5b835797f723 <unknown>\n#17 0x5b83579900e4 <unknown>\n#18 0x7c23638d7134 <unknown>","time":{"start":1710463967777,"stop":1710463968115,"duration":338}},{"uid":"529d2f8050d294b0","reportUrl":"https://Nat754.github.io/StroyremAutomation/246//#testresult/529d2f8050d294b0","status":"skipped","statusDetails":"XFAIL\n\nselenium.common.exceptions.NoSuchElementException: Message: no such element: Unable to locate element: {\"method\":\"xpath\",\"selector\":\"(//a[@class='add-to-cart yellow-btn'])[1]\"}\n  (Session info: chrome-headless-shell=122.0.6261.128); For documentation on this error, please visit: https://www.selenium.dev/documentation/webdriver/troubleshooting/errors#no-such-element-exception\nStacktrace:\n#0 0x604fe9f84f33 <unknown>\n#1 0x604fe9c7cce6 <unknown>\n#2 0x604fe9cc7e48 <unknown>\n#3 0x604fe9cc7f01 <unknown>\n#4 0x604fe9d0b3f4 <unknown>\n#5 0x604fe9ce9edd <unknown>\n#6 0x604fe9d08899 <unknown>\n#7 0x604fe9ce9c53 <unknown>\n#8 0x604fe9cbadb3 <unknown>\n#9 0x604fe9cbb77e <unknown>\n#10 0x604fe9f4a86b <unknown>\n#11 0x604fe9f4e885 <unknown>\n#12 0x604fe9f38181 <unknown>\n#13 0x604fe9f4f412 <unknown>\n#14 0x604fe9f1c25f <unknown>\n#15 0x604fe9f73528 <unknown>\n#16 0x604fe9f73723 <unknown>\n#17 0x604fe9f840e4 <unknown>\n#18 0x7ada97ab2134 <unknown>","time":{"start":1710377548455,"stop":1710377548798,"duration":343}},{"uid":"3b9167d83636bfc7","reportUrl":"https://Nat754.github.io/StroyremAutomation/245//#testresult/3b9167d83636bfc7","status":"skipped","statusDetails":"XFAIL\n\nselenium.common.exceptions.NoSuchElementException: Message: no such element: Unable to locate element: {\"method\":\"xpath\",\"selector\":\"(//a[@class='add-to-cart yellow-btn'])[1]\"}\n  (Session info: chrome-headless-shell=122.0.6261.128); For documentation on this error, please visit: https://www.selenium.dev/documentation/webdriver/troubleshooting/errors#no-such-element-exception\nStacktrace:\n#0 0x55a76a925f33 <unknown>\n#1 0x55a76a61dce6 <unknown>\n#2 0x55a76a668e48 <unknown>\n#3 0x55a76a668f01 <unknown>\n#4 0x55a76a6ac3f4 <unknown>\n#5 0x55a76a68aedd <unknown>\n#6 0x55a76a6a9899 <unknown>\n#7 0x55a76a68ac53 <unknown>\n#8 0x55a76a65bdb3 <unknown>\n#9 0x55a76a65c77e <unknown>\n#10 0x55a76a8eb86b <unknown>\n#11 0x55a76a8ef885 <unknown>\n#12 0x55a76a8d9181 <unknown>\n#13 0x55a76a8f0412 <unknown>\n#14 0x55a76a8bd25f <unknown>\n#15 0x55a76a914528 <unknown>\n#16 0x55a76a914723 <unknown>\n#17 0x55a76a9250e4 <unknown>\n#18 0x7fd7e71fe134 <unknown>","time":{"start":1710291214326,"stop":1710291214753,"duration":427}},{"uid":"3bee5e74a0e6fce0","reportUrl":"https://Nat754.github.io/StroyremAutomation/244//#testresult/3bee5e74a0e6fce0","status":"skipped","statusDetails":"XFAIL\n\nselenium.common.exceptions.NoSuchElementException: Message: no such element: Unable to locate element: {\"method\":\"xpath\",\"selector\":\"(//a[@class='add-to-cart yellow-btn'])[1]\"}\n  (Session info: chrome-headless-shell=122.0.6261.111); For documentation on this error, please visit: https://www.selenium.dev/documentation/webdriver/troubleshooting/errors#no-such-element-exception\nStacktrace:\n#0 0x560e4ecb5ec3 <unknown>\n#1 0x560e4e9adce6 <unknown>\n#2 0x560e4e9f8e48 <unknown>\n#3 0x560e4e9f8f01 <unknown>\n#4 0x560e4ea3c3f4 <unknown>\n#5 0x560e4ea1aedd <unknown>\n#6 0x560e4ea39899 <unknown>\n#7 0x560e4ea1ac53 <unknown>\n#8 0x560e4e9ebdb3 <unknown>\n#9 0x560e4e9ec77e <unknown>\n#10 0x560e4ec7b7fb <unknown>\n#11 0x560e4ec7f815 <unknown>\n#12 0x560e4ec69111 <unknown>\n#13 0x560e4ec803a2 <unknown>\n#14 0x560e4ec4d1ef <unknown>\n#15 0x560e4eca44b8 <unknown>\n#16 0x560e4eca46b3 <unknown>\n#17 0x560e4ecb5074 <unknown>\n#18 0x7fb740861134 <unknown>","time":{"start":1710204679312,"stop":1710204679918,"duration":606}},{"uid":"baaed4b34e78303f","reportUrl":"https://Nat754.github.io/StroyremAutomation/243//#testresult/baaed4b34e78303f","status":"skipped","statusDetails":"XFAIL\n\nselenium.common.exceptions.NoSuchElementException: Message: no such element: Unable to locate element: {\"method\":\"xpath\",\"selector\":\"(//a[@class='add-to-cart yellow-btn'])[1]\"}\n  (Session info: chrome-headless-shell=122.0.6261.111); For documentation on this error, please visit: https://www.selenium.dev/documentation/webdriver/troubleshooting/errors#no-such-element-exception\nStacktrace:\n#0 0x55bc3e437ec3 <unknown>\n#1 0x55bc3e12fce6 <unknown>\n#2 0x55bc3e17ae48 <unknown>\n#3 0x55bc3e17af01 <unknown>\n#4 0x55bc3e1be3f4 <unknown>\n#5 0x55bc3e19cedd <unknown>\n#6 0x55bc3e1bb899 <unknown>\n#7 0x55bc3e19cc53 <unknown>\n#8 0x55bc3e16ddb3 <unknown>\n#9 0x55bc3e16e77e <unknown>\n#10 0x55bc3e3fd7fb <unknown>\n#11 0x55bc3e401815 <unknown>\n#12 0x55bc3e3eb111 <unknown>\n#13 0x55bc3e4023a2 <unknown>\n#14 0x55bc3e3cf1ef <unknown>\n#15 0x55bc3e4264b8 <unknown>\n#16 0x55bc3e4266b3 <unknown>\n#17 0x55bc3e437074 <unknown>\n#18 0x7f47a8735134 <unknown>","time":{"start":1710118414768,"stop":1710118415189,"duration":421}},{"uid":"76124b62c52b4c97","reportUrl":"https://Nat754.github.io/StroyremAutomation/242//#testresult/76124b62c52b4c97","status":"skipped","statusDetails":"XFAIL\n\nselenium.common.exceptions.NoSuchElementException: Message: no such element: Unable to locate element: {\"method\":\"xpath\",\"selector\":\"(//a[@class='add-to-cart yellow-btn'])[1]\"}\n  (Session info: chrome-headless-shell=122.0.6261.111); For documentation on this error, please visit: https://www.selenium.dev/documentation/webdriver/troubleshooting/errors#no-such-element-exception\nStacktrace:\n#0 0x55ca94525ec3 <unknown>\n#1 0x55ca9421dce6 <unknown>\n#2 0x55ca94268e48 <unknown>\n#3 0x55ca94268f01 <unknown>\n#4 0x55ca942ac3f4 <unknown>\n#5 0x55ca9428aedd <unknown>\n#6 0x55ca942a9899 <unknown>\n#7 0x55ca9428ac53 <unknown>\n#8 0x55ca9425bdb3 <unknown>\n#9 0x55ca9425c77e <unknown>\n#10 0x55ca944eb7fb <unknown>\n#11 0x55ca944ef815 <unknown>\n#12 0x55ca944d9111 <unknown>\n#13 0x55ca944f03a2 <unknown>\n#14 0x55ca944bd1ef <unknown>\n#15 0x55ca945144b8 <unknown>\n#16 0x55ca945146b3 <unknown>\n#17 0x55ca94525074 <unknown>\n#18 0x7fe397db7134 <unknown>","time":{"start":1710032182711,"stop":1710032183025,"duration":314}},{"uid":"df96d8fb94acac17","reportUrl":"https://Nat754.github.io/StroyremAutomation/241//#testresult/df96d8fb94acac17","status":"skipped","statusDetails":"XFAIL\n\nselenium.common.exceptions.NoSuchElementException: Message: no such element: Unable to locate element: {\"method\":\"xpath\",\"selector\":\"(//a[@class='add-to-cart yellow-btn'])[1]\"}\n  (Session info: chrome-headless-shell=122.0.6261.111); For documentation on this error, please visit: https://www.selenium.dev/documentation/webdriver/troubleshooting/errors#no-such-element-exception\nStacktrace:\n#0 0x55a3b9468ec3 <unknown>\n#1 0x55a3b9160ce6 <unknown>\n#2 0x55a3b91abe48 <unknown>\n#3 0x55a3b91abf01 <unknown>\n#4 0x55a3b91ef3f4 <unknown>\n#5 0x55a3b91cdedd <unknown>\n#6 0x55a3b91ec899 <unknown>\n#7 0x55a3b91cdc53 <unknown>\n#8 0x55a3b919edb3 <unknown>\n#9 0x55a3b919f77e <unknown>\n#10 0x55a3b942e7fb <unknown>\n#11 0x55a3b9432815 <unknown>\n#12 0x55a3b941c111 <unknown>\n#13 0x55a3b94333a2 <unknown>\n#14 0x55a3b94001ef <unknown>\n#15 0x55a3b94574b8 <unknown>\n#16 0x55a3b94576b3 <unknown>\n#17 0x55a3b9468074 <unknown>\n#18 0x7f45c72d2134 <unknown>","time":{"start":1709945392414,"stop":1709945392876,"duration":462}},{"uid":"c44546bbd4fa2179","reportUrl":"https://Nat754.github.io/StroyremAutomation/240//#testresult/c44546bbd4fa2179","status":"skipped","statusDetails":"XFAIL\n\nselenium.common.exceptions.NoSuchElementException: Message: no such element: Unable to locate element: {\"method\":\"xpath\",\"selector\":\"(//a[@class='add-to-cart yellow-btn'])[1]\"}\n  (Session info: chrome-headless-shell=122.0.6261.111); For documentation on this error, please visit: https://www.selenium.dev/documentation/webdriver/troubleshooting/errors#no-such-element-exception\nStacktrace:\n#0 0x561e60a86ec3 <unknown>\n#1 0x561e6077ece6 <unknown>\n#2 0x561e607c9e48 <unknown>\n#3 0x561e607c9f01 <unknown>\n#4 0x561e6080d3f4 <unknown>\n#5 0x561e607ebedd <unknown>\n#6 0x561e6080a899 <unknown>\n#7 0x561e607ebc53 <unknown>\n#8 0x561e607bcdb3 <unknown>\n#9 0x561e607bd77e <unknown>\n#10 0x561e60a4c7fb <unknown>\n#11 0x561e60a50815 <unknown>\n#12 0x561e60a3a111 <unknown>\n#13 0x561e60a513a2 <unknown>\n#14 0x561e60a1e1ef <unknown>\n#15 0x561e60a754b8 <unknown>\n#16 0x561e60a756b3 <unknown>\n#17 0x561e60a86074 <unknown>\n#18 0x7f105fe2f134 <unknown>","time":{"start":1709859074494,"stop":1709859074936,"duration":442}},{"uid":"8a12b9a6c39ed041","reportUrl":"https://Nat754.github.io/StroyremAutomation/239//#testresult/8a12b9a6c39ed041","status":"skipped","statusDetails":"XFAIL\n\nselenium.common.exceptions.NoSuchElementException: Message: no such element: Unable to locate element: {\"method\":\"xpath\",\"selector\":\"(//a[@class='add-to-cart yellow-btn'])[1]\"}\n  (Session info: chrome-headless-shell=122.0.6261.94); For documentation on this error, please visit: https://www.selenium.dev/documentation/webdriver/troubleshooting/errors#no-such-element-exception\nStacktrace:\n#0 0x5639d1a47e93 <unknown>\n#1 0x5639d173fce6 <unknown>\n#2 0x5639d178ae48 <unknown>\n#3 0x5639d178af01 <unknown>\n#4 0x5639d17ce3f4 <unknown>\n#5 0x5639d17acedd <unknown>\n#6 0x5639d17cb899 <unknown>\n#7 0x5639d17acc53 <unknown>\n#8 0x5639d177ddb3 <unknown>\n#9 0x5639d177e77e <unknown>\n#10 0x5639d1a0d7cb <unknown>\n#11 0x5639d1a117e5 <unknown>\n#12 0x5639d19fb0e1 <unknown>\n#13 0x5639d1a12372 <unknown>\n#14 0x5639d19df1bf <unknown>\n#15 0x5639d1a36488 <unknown>\n#16 0x5639d1a36683 <unknown>\n#17 0x5639d1a47044 <unknown>\n#18 0x7f932662c134 <unknown>","time":{"start":1709772131903,"stop":1709772132468,"duration":565}},{"uid":"819d38a1dd9c056","reportUrl":"https://Nat754.github.io/StroyremAutomation/238//#testresult/819d38a1dd9c056","status":"skipped","statusDetails":"XFAIL\n\nselenium.common.exceptions.NoSuchElementException: Message: no such element: Unable to locate element: {\"method\":\"xpath\",\"selector\":\"(//a[@class='add-to-cart yellow-btn'])[1]\"}\n  (Session info: chrome-headless-shell=122.0.6261.94); For documentation on this error, please visit: https://www.selenium.dev/documentation/webdriver/troubleshooting/errors#no-such-element-exception\nStacktrace:\n#0 0x55ea5a9aee93 <unknown>\n#1 0x55ea5a6a6ce6 <unknown>\n#2 0x55ea5a6f1e48 <unknown>\n#3 0x55ea5a6f1f01 <unknown>\n#4 0x55ea5a7353f4 <unknown>\n#5 0x55ea5a713edd <unknown>\n#6 0x55ea5a732899 <unknown>\n#7 0x55ea5a713c53 <unknown>\n#8 0x55ea5a6e4db3 <unknown>\n#9 0x55ea5a6e577e <unknown>\n#10 0x55ea5a9747cb <unknown>\n#11 0x55ea5a9787e5 <unknown>\n#12 0x55ea5a9620e1 <unknown>\n#13 0x55ea5a979372 <unknown>\n#14 0x55ea5a9461bf <unknown>\n#15 0x55ea5a99d488 <unknown>\n#16 0x55ea5a99d683 <unknown>\n#17 0x55ea5a9ae044 <unknown>\n#18 0x7f1d49f35134 <unknown>","time":{"start":1709686339338,"stop":1709686339682,"duration":344}}]},"tags":["@pytest.mark.xfail","smoke_test"]},"source":"eb8ca7f9e40b629e.json","parameterValues":["12500","333","'TD 012'","11990","'products/shtukaturka-gipsovaya-aksolit-m50-30-kg-mashinnogo-naneseniya'","4450","'https://sandboxtest.stroyrem-nn.ru/'","10000"]}