{"uid":"b6234e67106e259e","name":"TD 018 Доставка товара весом до 500кг. в синей зоне","fullName":"tests.delivery.test_delivery_calculation.TestDeliveryPageCalculation#test_positive_delivery_blue_zone_smoke","historyId":"95f694f6adc130155d4f19b21da55956","time":{"start":1703724795389,"stop":1703724795749,"duration":360},"status":"skipped","statusMessage":"XFAIL\n\nselenium.common.exceptions.NoSuchElementException: Message: no such element: Unable to locate element: {\"method\":\"xpath\",\"selector\":\"(//a[@class='add-to-cart yellow-btn'])[1]\"}\n  (Session info: chrome-headless-shell=120.0.6099.109); For documentation on this error, please visit: https://www.selenium.dev/documentation/webdriver/troubleshooting/errors#no-such-element-exception\nStacktrace:\n#0 0x55785b943f83 <unknown>\n#1 0x55785b5fccf7 <unknown>\n#2 0x55785b64c99e <unknown>\n#3 0x55785b64caa1 <unknown>\n#4 0x55785b697d64 <unknown>\n#5 0x55785b6760dd <unknown>\n#6 0x55785b695006 <unknown>\n#7 0x55785b675e53 <unknown>\n#8 0x55785b63ddd4 <unknown>\n#9 0x55785b63f1de <unknown>\n#10 0x55785b908531 <unknown>\n#11 0x55785b90c455 <unknown>\n#12 0x55785b8f4f55 <unknown>\n#13 0x55785b90d0ef <unknown>\n#14 0x55785b8d899f <unknown>\n#15 0x55785b931008 <unknown>\n#16 0x55785b9311d7 <unknown>\n#17 0x55785b943124 <unknown>\n#18 0x7f2f0b2b8044 <unknown>","statusTrace":"self = <tests.delivery.test_delivery_calculation.TestDeliveryPageCalculation object at 0x7f37fbd8b010>\ndriver = <selenium.webdriver.chrome.webdriver.WebDriver (session=\"01242262b4b945bfce2c37d283694893\")>\nurl = 'https://sandboxtest.stroyrem-nn.ru/', case_id = 'TD 018'\nlink_item = 'products/shtukaturka-gipsovaya-aksolit-m50-30-kg-mashinnogo-naneseniya'\namount = 16, weight = 500, standard = 850, in_time = 2490, all_time = 3320\n\n    @pytest.mark.parametrize('case_id, link_item, amount, weight, standard, in_time, all_time', [\n        (\"TD 015\", bundeks_25, 1, 30, 650, 2390, 3320),\n        pytest.param(\n            \"TD 016\", aksolit_30, 8, 300, 650, 2390, 3320,\n            marks=pytest.mark.xfail(reson=\"Цена доставки: - - -\")\n        ),\n        (\"TD 017\", aksolit_30, 13, 400, 650, 2390, 3320),\n        (\"TD 018\", aksolit_30, 16, 500, 850, 2490, 3320),\n        (\"TD 019\", aksolit_30, 25, 1700, 1150, 2490, 3320),\n        (\"TD 020\", aksolit_30, 66, 2000, 1500, 2990, 3650),\n        (\"TD 021\", aksolit_30, 149, 4500, 2600, 4380, 4890),\n        (\"TD 022\", aksolit_30, 166, 5000, 2800, 5490, 5980),\n        pytest.param(\n            \"TD 023\", aksolit_30, 206, 6200, 3300, 7500, 8000,\n            marks=pytest.mark.xfail(reson=\"Цена доставки: 4300 9900 11440\")\n        ),\n        (\"TD 024\", aksolit_30, 299, 9000, 4300, 9900, 11440),\n        (\"TD 025\", aksolit_30, 333, 10000, 7000, 13900, 15900),\n        pytest.param(\n            \"TD 026\", aksolit_30, 366, 11000, 8000, 14900, 19900,\n            marks=pytest.mark.xfail(reson=\"Цена доставки: 7000 13900 15900\")\n        ),\n        pytest.param(\n            \"TD 027\", aksolit_30, 666, 20000, 14000, 16900, 23900,\n            marks=pytest.mark.xfail(reson=\"Цена доставки: 7000 13900 15900\")\n        )\n    ])\n    @pytest.mark.xfail\n    @pytest.mark.smoke_test\n    def test_positive_delivery_blue_zone_smoke(\n            self, driver, url, case_id, link_item, amount, weight, standard, in_time, all_time\n    ):\n        allure.dynamic.title(f\"{case_id} Доставка товара весом до {weight}кг. в синей зоне\")\n    \n        driver.get(f'{url}{link_item}')\n        item_page = ItemPage(driver)\n>       item_page.add_item_to_cart(amount).click_on_cart()\n\ntests/delivery/test_delivery_calculation.py:132: \n_ _ _ _ _ _ _ _ _ _ _ _ _ _ _ _ _ _ _ _ _ _ _ _ _ _ _ _ _ _ _ _ _ _ _ _ _ _ _ _ \npages/item_page.py:40: in add_item_to_cart\n    self.find_element(self._add_item).click()\nbase/seleniumbase.py:17: in find_element\n    return self.driver.find_element(*locator)\n/usr/local/lib/python3.11/site-packages/selenium/webdriver/remote/webdriver.py:739: in find_element\n    return self.execute(Command.FIND_ELEMENT, {\"using\": by, \"value\": value})[\"value\"]\n/usr/local/lib/python3.11/site-packages/selenium/webdriver/remote/webdriver.py:345: in execute\n    self.error_handler.check_response(response)\n_ _ _ _ _ _ _ _ _ _ _ _ _ _ _ _ _ _ _ _ _ _ _ _ _ _ _ _ _ _ _ _ _ _ _ _ _ _ _ _ \n\nself = <selenium.webdriver.remote.errorhandler.ErrorHandler object at 0x7f37fb364650>\nresponse = {'status': 404, 'value': '{\"value\":{\"error\":\"no such element\",\"message\":\"no such element: Unable to locate element: {\\...\\\\n#16 0x55785b9311d7 \\\\u003Cunknown>\\\\n#17 0x55785b943124 \\\\u003Cunknown>\\\\n#18 0x7f2f0b2b8044 \\\\u003Cunknown>\\\\n\"}}'}\n\n    def check_response(self, response: Dict[str, Any]) -> None:\n        \"\"\"Checks that a JSON response from the WebDriver does not have an\n        error.\n    \n        :Args:\n         - response - The JSON response from the WebDriver server as a dictionary\n           object.\n    \n        :Raises: If the response contains an error message.\n        \"\"\"\n        status = response.get(\"status\", None)\n        if not status or status == ErrorCode.SUCCESS:\n            return\n        value = None\n        message = response.get(\"message\", \"\")\n        screen: str = response.get(\"screen\", \"\")\n        stacktrace = None\n        if isinstance(status, int):\n            value_json = response.get(\"value\", None)\n            if value_json and isinstance(value_json, str):\n                import json\n    \n                try:\n                    value = json.loads(value_json)\n                    if len(value) == 1:\n                        value = value[\"value\"]\n                    status = value.get(\"error\", None)\n                    if not status:\n                        status = value.get(\"status\", ErrorCode.UNKNOWN_ERROR)\n                        message = value.get(\"value\") or value.get(\"message\")\n                        if not isinstance(message, str):\n                            value = message\n                            message = message.get(\"message\")\n                    else:\n                        message = value.get(\"message\", None)\n                except ValueError:\n                    pass\n    \n        exception_class: Type[WebDriverException]\n        e = ErrorCode()\n        error_codes = [item for item in dir(e) if not item.startswith(\"__\")]\n        for error_code in error_codes:\n            error_info = getattr(ErrorCode, error_code)\n            if isinstance(error_info, list) and status in error_info:\n                exception_class = getattr(ExceptionMapping, error_code, WebDriverException)\n                break\n        else:\n            exception_class = WebDriverException\n    \n        if not value:\n            value = response[\"value\"]\n        if isinstance(value, str):\n            raise exception_class(value)\n        if message == \"\" and \"message\" in value:\n            message = value[\"message\"]\n    \n        screen = None  # type: ignore[assignment]\n        if \"screen\" in value:\n            screen = value[\"screen\"]\n    \n        stacktrace = None\n        st_value = value.get(\"stackTrace\") or value.get(\"stacktrace\")\n        if st_value:\n            if isinstance(st_value, str):\n                stacktrace = st_value.split(\"\\n\")\n            else:\n                stacktrace = []\n                try:\n                    for frame in st_value:\n                        line = frame.get(\"lineNumber\", \"\")\n                        file = frame.get(\"fileName\", \"<anonymous>\")\n                        if line:\n                            file = f\"{file}:{line}\"\n                        meth = frame.get(\"methodName\", \"<anonymous>\")\n                        if \"className\" in frame:\n                            meth = f\"{frame['className']}.{meth}\"\n                        msg = \"    at %s (%s)\"\n                        msg = msg % (meth, file)\n                        stacktrace.append(msg)\n                except TypeError:\n                    pass\n        if exception_class == UnexpectedAlertPresentException:\n            alert_text = None\n            if \"data\" in value:\n                alert_text = value[\"data\"].get(\"text\")\n            elif \"alert\" in value:\n                alert_text = value[\"alert\"].get(\"text\")\n            raise exception_class(message, screen, stacktrace, alert_text)  # type: ignore[call-arg]  # mypy is not smart enough here\n>       raise exception_class(message, screen, stacktrace)\nE       selenium.common.exceptions.NoSuchElementException: Message: no such element: Unable to locate element: {\"method\":\"xpath\",\"selector\":\"(//a[@class='add-to-cart yellow-btn'])[1]\"}\nE         (Session info: chrome-headless-shell=120.0.6099.109); For documentation on this error, please visit: https://www.selenium.dev/documentation/webdriver/troubleshooting/errors#no-such-element-exception\nE       Stacktrace:\nE       #0 0x55785b943f83 <unknown>\nE       #1 0x55785b5fccf7 <unknown>\nE       #2 0x55785b64c99e <unknown>\nE       #3 0x55785b64caa1 <unknown>\nE       #4 0x55785b697d64 <unknown>\nE       #5 0x55785b6760dd <unknown>\nE       #6 0x55785b695006 <unknown>\nE       #7 0x55785b675e53 <unknown>\nE       #8 0x55785b63ddd4 <unknown>\nE       #9 0x55785b63f1de <unknown>\nE       #10 0x55785b908531 <unknown>\nE       #11 0x55785b90c455 <unknown>\nE       #12 0x55785b8f4f55 <unknown>\nE       #13 0x55785b90d0ef <unknown>\nE       #14 0x55785b8d899f <unknown>\nE       #15 0x55785b931008 <unknown>\nE       #16 0x55785b9311d7 <unknown>\nE       #17 0x55785b943124 <unknown>\nE       #18 0x7f2f0b2b8044 <unknown>\n\n/usr/local/lib/python3.11/site-packages/selenium/webdriver/remote/errorhandler.py:229: NoSuchElementException","flaky":false,"newFailed":false,"newBroken":false,"newPassed":false,"retriesCount":0,"retriesStatusChange":false,"beforeStages":[{"name":"_session_faker","time":{"start":1703724515125,"stop":1703724515194,"duration":69},"status":"passed","steps":[],"attachments":[],"parameters":[],"shouldDisplayMessage":false,"stepsCount":0,"attachmentsCount":0,"hasContent":false,"attachmentStep":false},{"name":"clear_allure_results_folder","time":{"start":1703724515194,"stop":1703724515195,"duration":1},"status":"passed","steps":[],"attachments":[],"parameters":[],"shouldDisplayMessage":false,"stepsCount":0,"attachmentsCount":0,"hasContent":false,"attachmentStep":false},{"name":"driver","time":{"start":1703724794611,"stop":1703724795387,"duration":776},"status":"passed","steps":[],"attachments":[],"parameters":[],"shouldDisplayMessage":false,"stepsCount":0,"attachmentsCount":0,"hasContent":false,"attachmentStep":false},{"name":"setup","time":{"start":1703724795387,"stop":1703724795388,"duration":1},"status":"passed","steps":[],"attachments":[],"parameters":[],"shouldDisplayMessage":false,"stepsCount":0,"attachmentsCount":0,"hasContent":false,"attachmentStep":false}],"testStage":{"status":"skipped","statusMessage":"XFAIL\n\nselenium.common.exceptions.NoSuchElementException: Message: no such element: Unable to locate element: {\"method\":\"xpath\",\"selector\":\"(//a[@class='add-to-cart yellow-btn'])[1]\"}\n  (Session info: chrome-headless-shell=120.0.6099.109); For documentation on this error, please visit: https://www.selenium.dev/documentation/webdriver/troubleshooting/errors#no-such-element-exception\nStacktrace:\n#0 0x55785b943f83 <unknown>\n#1 0x55785b5fccf7 <unknown>\n#2 0x55785b64c99e <unknown>\n#3 0x55785b64caa1 <unknown>\n#4 0x55785b697d64 <unknown>\n#5 0x55785b6760dd <unknown>\n#6 0x55785b695006 <unknown>\n#7 0x55785b675e53 <unknown>\n#8 0x55785b63ddd4 <unknown>\n#9 0x55785b63f1de <unknown>\n#10 0x55785b908531 <unknown>\n#11 0x55785b90c455 <unknown>\n#12 0x55785b8f4f55 <unknown>\n#13 0x55785b90d0ef <unknown>\n#14 0x55785b8d899f <unknown>\n#15 0x55785b931008 <unknown>\n#16 0x55785b9311d7 <unknown>\n#17 0x55785b943124 <unknown>\n#18 0x7f2f0b2b8044 <unknown>","statusTrace":"self = <tests.delivery.test_delivery_calculation.TestDeliveryPageCalculation object at 0x7f37fbd8b010>\ndriver = <selenium.webdriver.chrome.webdriver.WebDriver (session=\"01242262b4b945bfce2c37d283694893\")>\nurl = 'https://sandboxtest.stroyrem-nn.ru/', case_id = 'TD 018'\nlink_item = 'products/shtukaturka-gipsovaya-aksolit-m50-30-kg-mashinnogo-naneseniya'\namount = 16, weight = 500, standard = 850, in_time = 2490, all_time = 3320\n\n    @pytest.mark.parametrize('case_id, link_item, amount, weight, standard, in_time, all_time', [\n        (\"TD 015\", bundeks_25, 1, 30, 650, 2390, 3320),\n        pytest.param(\n            \"TD 016\", aksolit_30, 8, 300, 650, 2390, 3320,\n            marks=pytest.mark.xfail(reson=\"Цена доставки: - - -\")\n        ),\n        (\"TD 017\", aksolit_30, 13, 400, 650, 2390, 3320),\n        (\"TD 018\", aksolit_30, 16, 500, 850, 2490, 3320),\n        (\"TD 019\", aksolit_30, 25, 1700, 1150, 2490, 3320),\n        (\"TD 020\", aksolit_30, 66, 2000, 1500, 2990, 3650),\n        (\"TD 021\", aksolit_30, 149, 4500, 2600, 4380, 4890),\n        (\"TD 022\", aksolit_30, 166, 5000, 2800, 5490, 5980),\n        pytest.param(\n            \"TD 023\", aksolit_30, 206, 6200, 3300, 7500, 8000,\n            marks=pytest.mark.xfail(reson=\"Цена доставки: 4300 9900 11440\")\n        ),\n        (\"TD 024\", aksolit_30, 299, 9000, 4300, 9900, 11440),\n        (\"TD 025\", aksolit_30, 333, 10000, 7000, 13900, 15900),\n        pytest.param(\n            \"TD 026\", aksolit_30, 366, 11000, 8000, 14900, 19900,\n            marks=pytest.mark.xfail(reson=\"Цена доставки: 7000 13900 15900\")\n        ),\n        pytest.param(\n            \"TD 027\", aksolit_30, 666, 20000, 14000, 16900, 23900,\n            marks=pytest.mark.xfail(reson=\"Цена доставки: 7000 13900 15900\")\n        )\n    ])\n    @pytest.mark.xfail\n    @pytest.mark.smoke_test\n    def test_positive_delivery_blue_zone_smoke(\n            self, driver, url, case_id, link_item, amount, weight, standard, in_time, all_time\n    ):\n        allure.dynamic.title(f\"{case_id} Доставка товара весом до {weight}кг. в синей зоне\")\n    \n        driver.get(f'{url}{link_item}')\n        item_page = ItemPage(driver)\n>       item_page.add_item_to_cart(amount).click_on_cart()\n\ntests/delivery/test_delivery_calculation.py:132: \n_ _ _ _ _ _ _ _ _ _ _ _ _ _ _ _ _ _ _ _ _ _ _ _ _ _ _ _ _ _ _ _ _ _ _ _ _ _ _ _ \npages/item_page.py:40: in add_item_to_cart\n    self.find_element(self._add_item).click()\nbase/seleniumbase.py:17: in find_element\n    return self.driver.find_element(*locator)\n/usr/local/lib/python3.11/site-packages/selenium/webdriver/remote/webdriver.py:739: in find_element\n    return self.execute(Command.FIND_ELEMENT, {\"using\": by, \"value\": value})[\"value\"]\n/usr/local/lib/python3.11/site-packages/selenium/webdriver/remote/webdriver.py:345: in execute\n    self.error_handler.check_response(response)\n_ _ _ _ _ _ _ _ _ _ _ _ _ _ _ _ _ _ _ _ _ _ _ _ _ _ _ _ _ _ _ _ _ _ _ _ _ _ _ _ \n\nself = <selenium.webdriver.remote.errorhandler.ErrorHandler object at 0x7f37fb364650>\nresponse = {'status': 404, 'value': '{\"value\":{\"error\":\"no such element\",\"message\":\"no such element: Unable to locate element: {\\...\\\\n#16 0x55785b9311d7 \\\\u003Cunknown>\\\\n#17 0x55785b943124 \\\\u003Cunknown>\\\\n#18 0x7f2f0b2b8044 \\\\u003Cunknown>\\\\n\"}}'}\n\n    def check_response(self, response: Dict[str, Any]) -> None:\n        \"\"\"Checks that a JSON response from the WebDriver does not have an\n        error.\n    \n        :Args:\n         - response - The JSON response from the WebDriver server as a dictionary\n           object.\n    \n        :Raises: If the response contains an error message.\n        \"\"\"\n        status = response.get(\"status\", None)\n        if not status or status == ErrorCode.SUCCESS:\n            return\n        value = None\n        message = response.get(\"message\", \"\")\n        screen: str = response.get(\"screen\", \"\")\n        stacktrace = None\n        if isinstance(status, int):\n            value_json = response.get(\"value\", None)\n            if value_json and isinstance(value_json, str):\n                import json\n    \n                try:\n                    value = json.loads(value_json)\n                    if len(value) == 1:\n                        value = value[\"value\"]\n                    status = value.get(\"error\", None)\n                    if not status:\n                        status = value.get(\"status\", ErrorCode.UNKNOWN_ERROR)\n                        message = value.get(\"value\") or value.get(\"message\")\n                        if not isinstance(message, str):\n                            value = message\n                            message = message.get(\"message\")\n                    else:\n                        message = value.get(\"message\", None)\n                except ValueError:\n                    pass\n    \n        exception_class: Type[WebDriverException]\n        e = ErrorCode()\n        error_codes = [item for item in dir(e) if not item.startswith(\"__\")]\n        for error_code in error_codes:\n            error_info = getattr(ErrorCode, error_code)\n            if isinstance(error_info, list) and status in error_info:\n                exception_class = getattr(ExceptionMapping, error_code, WebDriverException)\n                break\n        else:\n            exception_class = WebDriverException\n    \n        if not value:\n            value = response[\"value\"]\n        if isinstance(value, str):\n            raise exception_class(value)\n        if message == \"\" and \"message\" in value:\n            message = value[\"message\"]\n    \n        screen = None  # type: ignore[assignment]\n        if \"screen\" in value:\n            screen = value[\"screen\"]\n    \n        stacktrace = None\n        st_value = value.get(\"stackTrace\") or value.get(\"stacktrace\")\n        if st_value:\n            if isinstance(st_value, str):\n                stacktrace = st_value.split(\"\\n\")\n            else:\n                stacktrace = []\n                try:\n                    for frame in st_value:\n                        line = frame.get(\"lineNumber\", \"\")\n                        file = frame.get(\"fileName\", \"<anonymous>\")\n                        if line:\n                            file = f\"{file}:{line}\"\n                        meth = frame.get(\"methodName\", \"<anonymous>\")\n                        if \"className\" in frame:\n                            meth = f\"{frame['className']}.{meth}\"\n                        msg = \"    at %s (%s)\"\n                        msg = msg % (meth, file)\n                        stacktrace.append(msg)\n                except TypeError:\n                    pass\n        if exception_class == UnexpectedAlertPresentException:\n            alert_text = None\n            if \"data\" in value:\n                alert_text = value[\"data\"].get(\"text\")\n            elif \"alert\" in value:\n                alert_text = value[\"alert\"].get(\"text\")\n            raise exception_class(message, screen, stacktrace, alert_text)  # type: ignore[call-arg]  # mypy is not smart enough here\n>       raise exception_class(message, screen, stacktrace)\nE       selenium.common.exceptions.NoSuchElementException: Message: no such element: Unable to locate element: {\"method\":\"xpath\",\"selector\":\"(//a[@class='add-to-cart yellow-btn'])[1]\"}\nE         (Session info: chrome-headless-shell=120.0.6099.109); For documentation on this error, please visit: https://www.selenium.dev/documentation/webdriver/troubleshooting/errors#no-such-element-exception\nE       Stacktrace:\nE       #0 0x55785b943f83 <unknown>\nE       #1 0x55785b5fccf7 <unknown>\nE       #2 0x55785b64c99e <unknown>\nE       #3 0x55785b64caa1 <unknown>\nE       #4 0x55785b697d64 <unknown>\nE       #5 0x55785b6760dd <unknown>\nE       #6 0x55785b695006 <unknown>\nE       #7 0x55785b675e53 <unknown>\nE       #8 0x55785b63ddd4 <unknown>\nE       #9 0x55785b63f1de <unknown>\nE       #10 0x55785b908531 <unknown>\nE       #11 0x55785b90c455 <unknown>\nE       #12 0x55785b8f4f55 <unknown>\nE       #13 0x55785b90d0ef <unknown>\nE       #14 0x55785b8d899f <unknown>\nE       #15 0x55785b931008 <unknown>\nE       #16 0x55785b9311d7 <unknown>\nE       #17 0x55785b943124 <unknown>\nE       #18 0x7f2f0b2b8044 <unknown>\n\n/usr/local/lib/python3.11/site-packages/selenium/webdriver/remote/errorhandler.py:229: NoSuchElementException","steps":[{"name":"Добавляем товар в корзину в количестве 16","time":{"start":1703724795737,"stop":1703724795749,"duration":12},"status":"broken","statusMessage":"selenium.common.exceptions.NoSuchElementException: Message: no such element: Unable to locate element: {\"method\":\"xpath\",\"selector\":\"(//a[@class='add-to-cart yellow-btn'])[1]\"}\n  (Session info: chrome-headless-shell=120.0.6099.109); For documentation on this error, please visit: https://www.selenium.dev/documentation/webdriver/troubleshooting/errors#no-such-element-exception\nStacktrace:\n#0 0x55785b943f83 <unknown>\n#1 0x55785b5fccf7 <unknown>\n#2 0x55785b64c99e <unknown>\n#3 0x55785b64caa1 <unknown>\n#4 0x55785b697d64 <unknown>\n#5 0x55785b6760dd <unknown>\n#6 0x55785b695006 <unknown>\n#7 0x55785b675e53 <unknown>\n#8 0x55785b63ddd4 <unknown>\n#9 0x55785b63f1de <unknown>\n#10 0x55785b908531 <unknown>\n#11 0x55785b90c455 <unknown>\n#12 0x55785b8f4f55 <unknown>\n#13 0x55785b90d0ef <unknown>\n#14 0x55785b8d899f <unknown>\n#15 0x55785b931008 <unknown>\n#16 0x55785b9311d7 <unknown>\n#17 0x55785b943124 <unknown>\n#18 0x7f2f0b2b8044 <unknown>\n\n","statusTrace":"  File \"/usr/local/lib/python3.11/site-packages/allure_commons/_allure.py\", line 192, in impl\n    return func(*a, **kw)\n           ^^^^^^^^^^^^^^\n  File \"/app/pages/item_page.py\", line 40, in add_item_to_cart\n    self.find_element(self._add_item).click()\n    ^^^^^^^^^^^^^^^^^^^^^^^^^^^^^^^^^\n  File \"/app/base/seleniumbase.py\", line 17, in find_element\n    return self.driver.find_element(*locator)\n           ^^^^^^^^^^^^^^^^^^^^^^^^^^^^^^^^^^\n  File \"/usr/local/lib/python3.11/site-packages/selenium/webdriver/remote/webdriver.py\", line 739, in find_element\n    return self.execute(Command.FIND_ELEMENT, {\"using\": by, \"value\": value})[\"value\"]\n           ^^^^^^^^^^^^^^^^^^^^^^^^^^^^^^^^^^^^^^^^^^^^^^^^^^^^^^^^^^^^^^^^^\n  File \"/usr/local/lib/python3.11/site-packages/selenium/webdriver/remote/webdriver.py\", line 345, in execute\n    self.error_handler.check_response(response)\n  File \"/usr/local/lib/python3.11/site-packages/selenium/webdriver/remote/errorhandler.py\", line 229, in check_response\n    raise exception_class(message, screen, stacktrace)\n","steps":[],"attachments":[],"parameters":[{"name":"amount","value":"16"}],"shouldDisplayMessage":true,"stepsCount":0,"attachmentsCount":0,"hasContent":true,"attachmentStep":false}],"attachments":[{"uid":"e04b3b471d14e5c3","name":"Screenshot","source":"e04b3b471d14e5c3.png","type":"image/png","size":5862},{"uid":"876a3ae138622bf5","name":"HTML source","source":"876a3ae138622bf5.html","type":"text/html","size":39}],"parameters":[],"shouldDisplayMessage":true,"stepsCount":1,"attachmentsCount":2,"hasContent":true,"attachmentStep":false},"afterStages":[{"name":"setup::0","time":{"start":1703724795864,"stop":1703724795864,"duration":0},"status":"passed","steps":[],"attachments":[],"parameters":[],"shouldDisplayMessage":false,"stepsCount":0,"attachmentsCount":0,"hasContent":false,"attachmentStep":false},{"name":"driver::0","time":{"start":1703724795864,"stop":1703724795921,"duration":57},"status":"passed","steps":[],"attachments":[],"parameters":[],"shouldDisplayMessage":false,"stepsCount":0,"attachmentsCount":0,"hasContent":false,"attachmentStep":false}],"labels":[{"name":"epic","value":"Delivery Page - calculation"},{"name":"tag","value":"smoke_test"},{"name":"tag","value":"@pytest.mark.xfail"},{"name":"parentSuite","value":"tests.delivery"},{"name":"suite","value":"test_delivery_calculation"},{"name":"subSuite","value":"TestDeliveryPageCalculation"},{"name":"host","value":"27d07aa805db"},{"name":"thread","value":"1-MainThread"},{"name":"framework","value":"pytest"},{"name":"language","value":"cpython3"},{"name":"package","value":"tests.delivery.test_delivery_calculation"},{"name":"resultFormat","value":"allure2"}],"parameters":[{"name":"all_time","value":"3320"},{"name":"amount","value":"16"},{"name":"case_id","value":"'TD 018'"},{"name":"in_time","value":"2490"},{"name":"link_item","value":"'products/shtukaturka-gipsovaya-aksolit-m50-30-kg-mashinnogo-naneseniya'"},{"name":"standard","value":"850"},{"name":"url","value":"'https://sandboxtest.stroyrem-nn.ru/'"},{"name":"weight","value":"500"}],"links":[],"hidden":false,"retry":false,"extra":{"severity":"normal","retries":[],"categories":[],"history":{"statistic":{"failed":0,"broken":13,"skipped":108,"passed":0,"unknown":0,"total":121},"items":[{"uid":"286f1a9c2b25ced6","reportUrl":"https://Nat754.github.io/StroyremAutomation/168//#testresult/286f1a9c2b25ced6","status":"skipped","statusDetails":"XFAIL\n\nselenium.common.exceptions.NoSuchElementException: Message: no such element: Unable to locate element: {\"method\":\"xpath\",\"selector\":\"(//a[@class='add-to-cart yellow-btn'])[1]\"}\n  (Session info: chrome-headless-shell=120.0.6099.109); For documentation on this error, please visit: https://www.selenium.dev/documentation/webdriver/troubleshooting/errors#no-such-element-exception\nStacktrace:\n#0 0x560e6ad2ef83 <unknown>\n#1 0x560e6a9e7cf7 <unknown>\n#2 0x560e6aa3799e <unknown>\n#3 0x560e6aa37aa1 <unknown>\n#4 0x560e6aa82d64 <unknown>\n#5 0x560e6aa610dd <unknown>\n#6 0x560e6aa80006 <unknown>\n#7 0x560e6aa60e53 <unknown>\n#8 0x560e6aa28dd4 <unknown>\n#9 0x560e6aa2a1de <unknown>\n#10 0x560e6acf3531 <unknown>\n#11 0x560e6acf7455 <unknown>\n#12 0x560e6acdff55 <unknown>\n#13 0x560e6acf80ef <unknown>\n#14 0x560e6acc399f <unknown>\n#15 0x560e6ad1c008 <unknown>\n#16 0x560e6ad1c1d7 <unknown>\n#17 0x560e6ad2e124 <unknown>\n#18 0x7f23d0a29044 <unknown>","time":{"start":1703638431784,"stop":1703638432434,"duration":650}},{"uid":"bb9e3fe46b7a300d","reportUrl":"https://Nat754.github.io/StroyremAutomation/167//#testresult/bb9e3fe46b7a300d","status":"skipped","statusDetails":"XFAIL\n\nselenium.common.exceptions.NoSuchElementException: Message: no such element: Unable to locate element: {\"method\":\"xpath\",\"selector\":\"(//a[@class='add-to-cart yellow-btn'])[1]\"}\n  (Session info: chrome-headless-shell=120.0.6099.109); For documentation on this error, please visit: https://www.selenium.dev/documentation/webdriver/troubleshooting/errors#no-such-element-exception\nStacktrace:\n#0 0x56288de2ef83 <unknown>\n#1 0x56288dae7cf7 <unknown>\n#2 0x56288db3799e <unknown>\n#3 0x56288db37aa1 <unknown>\n#4 0x56288db82d64 <unknown>\n#5 0x56288db610dd <unknown>\n#6 0x56288db80006 <unknown>\n#7 0x56288db60e53 <unknown>\n#8 0x56288db28dd4 <unknown>\n#9 0x56288db2a1de <unknown>\n#10 0x56288ddf3531 <unknown>\n#11 0x56288ddf7455 <unknown>\n#12 0x56288dddff55 <unknown>\n#13 0x56288ddf80ef <unknown>\n#14 0x56288ddc399f <unknown>\n#15 0x56288de1c008 <unknown>\n#16 0x56288de1c1d7 <unknown>\n#17 0x56288de2e124 <unknown>\n#18 0x7fd55075a044 <unknown>","time":{"start":1703551972411,"stop":1703551972871,"duration":460}},{"uid":"32969e844a859242","reportUrl":"https://Nat754.github.io/StroyremAutomation/166//#testresult/32969e844a859242","status":"skipped","statusDetails":"XFAIL\n\nselenium.common.exceptions.NoSuchElementException: Message: no such element: Unable to locate element: {\"method\":\"xpath\",\"selector\":\"(//a[@class='add-to-cart yellow-btn'])[1]\"}\n  (Session info: chrome-headless-shell=120.0.6099.109); For documentation on this error, please visit: https://www.selenium.dev/documentation/webdriver/troubleshooting/errors#no-such-element-exception\nStacktrace:\n#0 0x5613beb2bf83 <unknown>\n#1 0x5613be7e4cf7 <unknown>\n#2 0x5613be83499e <unknown>\n#3 0x5613be834aa1 <unknown>\n#4 0x5613be87fd64 <unknown>\n#5 0x5613be85e0dd <unknown>\n#6 0x5613be87d006 <unknown>\n#7 0x5613be85de53 <unknown>\n#8 0x5613be825dd4 <unknown>\n#9 0x5613be8271de <unknown>\n#10 0x5613beaf0531 <unknown>\n#11 0x5613beaf4455 <unknown>\n#12 0x5613beadcf55 <unknown>\n#13 0x5613beaf50ef <unknown>\n#14 0x5613beac099f <unknown>\n#15 0x5613beb19008 <unknown>\n#16 0x5613beb191d7 <unknown>\n#17 0x5613beb2b124 <unknown>\n#18 0x7f944c09b044 <unknown>","time":{"start":1703465798882,"stop":1703465799337,"duration":455}},{"uid":"28bb4057fa55fe46","reportUrl":"https://Nat754.github.io/StroyremAutomation/165//#testresult/28bb4057fa55fe46","status":"skipped","statusDetails":"XFAIL\n\nselenium.common.exceptions.NoSuchElementException: Message: no such element: Unable to locate element: {\"method\":\"xpath\",\"selector\":\"(//a[@class='add-to-cart yellow-btn'])[1]\"}\n  (Session info: chrome-headless-shell=120.0.6099.109); For documentation on this error, please visit: https://www.selenium.dev/documentation/webdriver/troubleshooting/errors#no-such-element-exception\nStacktrace:\n#0 0x55fec326ff83 <unknown>\n#1 0x55fec2f28cf7 <unknown>\n#2 0x55fec2f7899e <unknown>\n#3 0x55fec2f78aa1 <unknown>\n#4 0x55fec2fc3d64 <unknown>\n#5 0x55fec2fa20dd <unknown>\n#6 0x55fec2fc1006 <unknown>\n#7 0x55fec2fa1e53 <unknown>\n#8 0x55fec2f69dd4 <unknown>\n#9 0x55fec2f6b1de <unknown>\n#10 0x55fec3234531 <unknown>\n#11 0x55fec3238455 <unknown>\n#12 0x55fec3220f55 <unknown>\n#13 0x55fec32390ef <unknown>\n#14 0x55fec320499f <unknown>\n#15 0x55fec325d008 <unknown>\n#16 0x55fec325d1d7 <unknown>\n#17 0x55fec326f124 <unknown>\n#18 0x7fbc4b188044 <unknown>","time":{"start":1703379534686,"stop":1703379535315,"duration":629}},{"uid":"ccbc179cb842eceb","reportUrl":"https://Nat754.github.io/StroyremAutomation/164//#testresult/ccbc179cb842eceb","status":"skipped","statusDetails":"XFAIL\n\nselenium.common.exceptions.NoSuchElementException: Message: no such element: Unable to locate element: {\"method\":\"xpath\",\"selector\":\"(//a[@class='add-to-cart yellow-btn'])[1]\"}\n  (Session info: chrome-headless-shell=120.0.6099.109); For documentation on this error, please visit: https://www.selenium.dev/documentation/webdriver/troubleshooting/errors#no-such-element-exception\nStacktrace:\n#0 0x55d9c569df83 <unknown>\n#1 0x55d9c5356cf7 <unknown>\n#2 0x55d9c53a699e <unknown>\n#3 0x55d9c53a6aa1 <unknown>\n#4 0x55d9c53f1d64 <unknown>\n#5 0x55d9c53d00dd <unknown>\n#6 0x55d9c53ef006 <unknown>\n#7 0x55d9c53cfe53 <unknown>\n#8 0x55d9c5397dd4 <unknown>\n#9 0x55d9c53991de <unknown>\n#10 0x55d9c5662531 <unknown>\n#11 0x55d9c5666455 <unknown>\n#12 0x55d9c564ef55 <unknown>\n#13 0x55d9c56670ef <unknown>\n#14 0x55d9c563299f <unknown>\n#15 0x55d9c568b008 <unknown>\n#16 0x55d9c568b1d7 <unknown>\n#17 0x55d9c569d124 <unknown>\n#18 0x7f56eb0d0044 <unknown>","time":{"start":1703292739108,"stop":1703292739444,"duration":336}},{"uid":"5603196252aa0254","reportUrl":"https://Nat754.github.io/StroyremAutomation/163//#testresult/5603196252aa0254","status":"skipped","statusDetails":"XFAIL\n\nselenium.common.exceptions.NoSuchElementException: Message: no such element: Unable to locate element: {\"method\":\"xpath\",\"selector\":\"(//a[@class='add-to-cart yellow-btn'])[1]\"}\n  (Session info: chrome-headless-shell=120.0.6099.109); For documentation on this error, please visit: https://www.selenium.dev/documentation/webdriver/troubleshooting/errors#no-such-element-exception\nStacktrace:\n#0 0x561c90b1df83 <unknown>\n#1 0x561c907d6cf7 <unknown>\n#2 0x561c9082699e <unknown>\n#3 0x561c90826aa1 <unknown>\n#4 0x561c90871d64 <unknown>\n#5 0x561c908500dd <unknown>\n#6 0x561c9086f006 <unknown>\n#7 0x561c9084fe53 <unknown>\n#8 0x561c90817dd4 <unknown>\n#9 0x561c908191de <unknown>\n#10 0x561c90ae2531 <unknown>\n#11 0x561c90ae6455 <unknown>\n#12 0x561c90acef55 <unknown>\n#13 0x561c90ae70ef <unknown>\n#14 0x561c90ab299f <unknown>\n#15 0x561c90b0b008 <unknown>\n#16 0x561c90b0b1d7 <unknown>\n#17 0x561c90b1d124 <unknown>\n#18 0x7f0db6c67044 <unknown>","time":{"start":1703206469754,"stop":1703206470107,"duration":353}},{"uid":"aa2c8ae08ed6936b","reportUrl":"https://Nat754.github.io/StroyremAutomation/162//#testresult/aa2c8ae08ed6936b","status":"skipped","statusDetails":"XFAIL\n\nselenium.common.exceptions.NoSuchElementException: Message: no such element: Unable to locate element: {\"method\":\"xpath\",\"selector\":\"(//a[@class='add-to-cart yellow-btn'])[1]\"}\n  (Session info: chrome-headless-shell=120.0.6099.109); For documentation on this error, please visit: https://www.selenium.dev/documentation/webdriver/troubleshooting/errors#no-such-element-exception\nStacktrace:\n#0 0x556d02ba7f83 <unknown>\n#1 0x556d02860cf7 <unknown>\n#2 0x556d028b099e <unknown>\n#3 0x556d028b0aa1 <unknown>\n#4 0x556d028fbd64 <unknown>\n#5 0x556d028da0dd <unknown>\n#6 0x556d028f9006 <unknown>\n#7 0x556d028d9e53 <unknown>\n#8 0x556d028a1dd4 <unknown>\n#9 0x556d028a31de <unknown>\n#10 0x556d02b6c531 <unknown>\n#11 0x556d02b70455 <unknown>\n#12 0x556d02b58f55 <unknown>\n#13 0x556d02b710ef <unknown>\n#14 0x556d02b3c99f <unknown>\n#15 0x556d02b95008 <unknown>\n#16 0x556d02b951d7 <unknown>\n#17 0x556d02ba7124 <unknown>\n#18 0x7fe6d2aca044 <unknown>","time":{"start":1703120089525,"stop":1703120089922,"duration":397}},{"uid":"288cd0ea1187b5","reportUrl":"https://Nat754.github.io/StroyremAutomation/161//#testresult/288cd0ea1187b5","status":"skipped","statusDetails":"XFAIL\n\nselenium.common.exceptions.NoSuchElementException: Message: no such element: Unable to locate element: {\"method\":\"xpath\",\"selector\":\"(//a[@class='add-to-cart yellow-btn'])[1]\"}\n  (Session info: chrome-headless-shell=120.0.6099.109); For documentation on this error, please visit: https://www.selenium.dev/documentation/webdriver/troubleshooting/errors#no-such-element-exception\nStacktrace:\n#0 0x555994d4df83 <unknown>\n#1 0x555994a06cf7 <unknown>\n#2 0x555994a5699e <unknown>\n#3 0x555994a56aa1 <unknown>\n#4 0x555994aa1d64 <unknown>\n#5 0x555994a800dd <unknown>\n#6 0x555994a9f006 <unknown>\n#7 0x555994a7fe53 <unknown>\n#8 0x555994a47dd4 <unknown>\n#9 0x555994a491de <unknown>\n#10 0x555994d12531 <unknown>\n#11 0x555994d16455 <unknown>\n#12 0x555994cfef55 <unknown>\n#13 0x555994d170ef <unknown>\n#14 0x555994ce299f <unknown>\n#15 0x555994d3b008 <unknown>\n#16 0x555994d3b1d7 <unknown>\n#17 0x555994d4d124 <unknown>\n#18 0x7fe31b37b044 <unknown>","time":{"start":1703033164418,"stop":1703033164797,"duration":379}},{"uid":"a90c71c13ddea273","reportUrl":"https://Nat754.github.io/StroyremAutomation/160//#testresult/a90c71c13ddea273","status":"skipped","statusDetails":"XFAIL\n\nselenium.common.exceptions.NoSuchElementException: Message: no such element: Unable to locate element: {\"method\":\"xpath\",\"selector\":\"(//a[@class='add-to-cart yellow-btn'])[1]\"}\n  (Session info: chrome-headless-shell=120.0.6099.109); For documentation on this error, please visit: https://www.selenium.dev/documentation/webdriver/troubleshooting/errors#no-such-element-exception\nStacktrace:\n#0 0x55ca3fd5df83 <unknown>\n#1 0x55ca3fa16cf7 <unknown>\n#2 0x55ca3fa6699e <unknown>\n#3 0x55ca3fa66aa1 <unknown>\n#4 0x55ca3fab1d64 <unknown>\n#5 0x55ca3fa900dd <unknown>\n#6 0x55ca3faaf006 <unknown>\n#7 0x55ca3fa8fe53 <unknown>\n#8 0x55ca3fa57dd4 <unknown>\n#9 0x55ca3fa591de <unknown>\n#10 0x55ca3fd22531 <unknown>\n#11 0x55ca3fd26455 <unknown>\n#12 0x55ca3fd0ef55 <unknown>\n#13 0x55ca3fd270ef <unknown>\n#14 0x55ca3fcf299f <unknown>\n#15 0x55ca3fd4b008 <unknown>\n#16 0x55ca3fd4b1d7 <unknown>\n#17 0x55ca3fd5d124 <unknown>\n#18 0x7f2487f7a044 <unknown>","time":{"start":1702947311753,"stop":1702947312353,"duration":600}},{"uid":"474d97c59e858cf1","reportUrl":"https://Nat754.github.io/StroyremAutomation/159//#testresult/474d97c59e858cf1","status":"skipped","statusDetails":"XFAIL\n\nselenium.common.exceptions.NoSuchElementException: Message: no such element: Unable to locate element: {\"method\":\"xpath\",\"selector\":\"(//a[@class='add-to-cart yellow-btn'])[1]\"}\n  (Session info: chrome-headless-shell=120.0.6099.71); For documentation on this error, please visit: https://www.selenium.dev/documentation/webdriver/troubleshooting/errors#no-such-element-exception\nStacktrace:\n#0 0x564edc6aed33 <unknown>\n#1 0x564edc36bf87 <unknown>\n#2 0x564edc3bbc0e <unknown>\n#3 0x564edc3bbd11 <unknown>\n#4 0x564edc407004 <unknown>\n#5 0x564edc3e536d <unknown>\n#6 0x564edc404297 <unknown>\n#7 0x564edc3e50e3 <unknown>\n#8 0x564edc3ad044 <unknown>\n#9 0x564edc3ae44e <unknown>\n#10 0x564edc673861 <unknown>\n#11 0x564edc677785 <unknown>\n#12 0x564edc661285 <unknown>\n#13 0x564edc67841f <unknown>\n#14 0x564edc64520f <unknown>\n#15 0x564edc69c028 <unknown>\n#16 0x564edc69c1f7 <unknown>\n#17 0x564edc6aded4 <unknown>\n#18 0x7fc47eeae044 <unknown>","time":{"start":1702861000265,"stop":1702861000842,"duration":577}},{"uid":"c2352c08750a7ff8","reportUrl":"https://Nat754.github.io/StroyremAutomation/158//#testresult/c2352c08750a7ff8","status":"skipped","statusDetails":"XFAIL\n\nselenium.common.exceptions.NoSuchElementException: Message: no such element: Unable to locate element: {\"method\":\"xpath\",\"selector\":\"(//a[@class='add-to-cart yellow-btn'])[1]\"}\n  (Session info: chrome-headless-shell=120.0.6099.71); For documentation on this error, please visit: https://www.selenium.dev/documentation/webdriver/troubleshooting/errors#no-such-element-exception\nStacktrace:\n#0 0x55a4e55f9d33 <unknown>\n#1 0x55a4e52b6f87 <unknown>\n#2 0x55a4e5306c0e <unknown>\n#3 0x55a4e5306d11 <unknown>\n#4 0x55a4e5352004 <unknown>\n#5 0x55a4e533036d <unknown>\n#6 0x55a4e534f297 <unknown>\n#7 0x55a4e53300e3 <unknown>\n#8 0x55a4e52f8044 <unknown>\n#9 0x55a4e52f944e <unknown>\n#10 0x55a4e55be861 <unknown>\n#11 0x55a4e55c2785 <unknown>\n#12 0x55a4e55ac285 <unknown>\n#13 0x55a4e55c341f <unknown>\n#14 0x55a4e559020f <unknown>\n#15 0x55a4e55e7028 <unknown>\n#16 0x55a4e55e71f7 <unknown>\n#17 0x55a4e55f8ed4 <unknown>\n#18 0x7fa98a61c044 <unknown>","time":{"start":1702774739827,"stop":1702774740228,"duration":401}},{"uid":"303e759598ecf6fd","reportUrl":"https://Nat754.github.io/StroyremAutomation/157//#testresult/303e759598ecf6fd","status":"skipped","statusDetails":"XFAIL\n\nselenium.common.exceptions.NoSuchElementException: Message: no such element: Unable to locate element: {\"method\":\"xpath\",\"selector\":\"(//a[@class='add-to-cart yellow-btn'])[1]\"}\n  (Session info: chrome-headless-shell=120.0.6099.71); For documentation on this error, please visit: https://www.selenium.dev/documentation/webdriver/troubleshooting/errors#no-such-element-exception\nStacktrace:\n#0 0x5592c9212d33 <unknown>\n#1 0x5592c8ecff87 <unknown>\n#2 0x5592c8f1fc0e <unknown>\n#3 0x5592c8f1fd11 <unknown>\n#4 0x5592c8f6b004 <unknown>\n#5 0x5592c8f4936d <unknown>\n#6 0x5592c8f68297 <unknown>\n#7 0x5592c8f490e3 <unknown>\n#8 0x5592c8f11044 <unknown>\n#9 0x5592c8f1244e <unknown>\n#10 0x5592c91d7861 <unknown>\n#11 0x5592c91db785 <unknown>\n#12 0x5592c91c5285 <unknown>\n#13 0x5592c91dc41f <unknown>\n#14 0x5592c91a920f <unknown>\n#15 0x5592c9200028 <unknown>\n#16 0x5592c92001f7 <unknown>\n#17 0x5592c9211ed4 <unknown>\n#18 0x7f9e4f6e4044 <unknown>","time":{"start":1702688059459,"stop":1702688059846,"duration":387}},{"uid":"8385219d8d6903bc","reportUrl":"https://Nat754.github.io/StroyremAutomation/156//#testresult/8385219d8d6903bc","status":"skipped","statusDetails":"XFAIL\n\nselenium.common.exceptions.NoSuchElementException: Message: no such element: Unable to locate element: {\"method\":\"xpath\",\"selector\":\"(//a[@class='add-to-cart yellow-btn'])[1]\"}\n  (Session info: chrome-headless-shell=120.0.6099.71); For documentation on this error, please visit: https://www.selenium.dev/documentation/webdriver/troubleshooting/errors#no-such-element-exception\nStacktrace:\n#0 0x55cf3b16ed33 <unknown>\n#1 0x55cf3ae2bf87 <unknown>\n#2 0x55cf3ae7bc0e <unknown>\n#3 0x55cf3ae7bd11 <unknown>\n#4 0x55cf3aec7004 <unknown>\n#5 0x55cf3aea536d <unknown>\n#6 0x55cf3aec4297 <unknown>\n#7 0x55cf3aea50e3 <unknown>\n#8 0x55cf3ae6d044 <unknown>\n#9 0x55cf3ae6e44e <unknown>\n#10 0x55cf3b133861 <unknown>\n#11 0x55cf3b137785 <unknown>\n#12 0x55cf3b121285 <unknown>\n#13 0x55cf3b13841f <unknown>\n#14 0x55cf3b10520f <unknown>\n#15 0x55cf3b15c028 <unknown>\n#16 0x55cf3b15c1f7 <unknown>\n#17 0x55cf3b16ded4 <unknown>\n#18 0x7fb218d7c044 <unknown>","time":{"start":1702601780316,"stop":1702601780679,"duration":363}},{"uid":"e7a16ab1812af713","reportUrl":"https://Nat754.github.io/StroyremAutomation/155//#testresult/e7a16ab1812af713","status":"skipped","statusDetails":"XFAIL\n\nselenium.common.exceptions.NoSuchElementException: Message: no such element: Unable to locate element: {\"method\":\"xpath\",\"selector\":\"(//a[@class='add-to-cart yellow-btn'])[1]\"}\n  (Session info: chrome-headless-shell=120.0.6099.71); For documentation on this error, please visit: https://www.selenium.dev/documentation/webdriver/troubleshooting/errors#no-such-element-exception\nStacktrace:\n#0 0x558a31104d33 <unknown>\n#1 0x558a30dc1f87 <unknown>\n#2 0x558a30e11c0e <unknown>\n#3 0x558a30e11d11 <unknown>\n#4 0x558a30e5d004 <unknown>\n#5 0x558a30e3b36d <unknown>\n#6 0x558a30e5a297 <unknown>\n#7 0x558a30e3b0e3 <unknown>\n#8 0x558a30e03044 <unknown>\n#9 0x558a30e0444e <unknown>\n#10 0x558a310c9861 <unknown>\n#11 0x558a310cd785 <unknown>\n#12 0x558a310b7285 <unknown>\n#13 0x558a310ce41f <unknown>\n#14 0x558a3109b20f <unknown>\n#15 0x558a310f2028 <unknown>\n#16 0x558a310f21f7 <unknown>\n#17 0x558a31103ed4 <unknown>\n#18 0x7f17818c4044 <unknown>","time":{"start":1702515237168,"stop":1702515237503,"duration":335}},{"uid":"5f5785dedaae8a37","reportUrl":"https://Nat754.github.io/StroyremAutomation/154//#testresult/5f5785dedaae8a37","status":"skipped","statusDetails":"XFAIL\n\nselenium.common.exceptions.NoSuchElementException: Message: no such element: Unable to locate element: {\"method\":\"xpath\",\"selector\":\"(//a[@class='add-to-cart yellow-btn'])[1]\"}\n  (Session info: chrome-headless-shell=120.0.6099.71); For documentation on this error, please visit: https://www.selenium.dev/documentation/webdriver/troubleshooting/errors#no-such-element-exception\nStacktrace:\n#0 0x558064797d33 <unknown>\n#1 0x558064454f87 <unknown>\n#2 0x5580644a4c0e <unknown>\n#3 0x5580644a4d11 <unknown>\n#4 0x5580644f0004 <unknown>\n#5 0x5580644ce36d <unknown>\n#6 0x5580644ed297 <unknown>\n#7 0x5580644ce0e3 <unknown>\n#8 0x558064496044 <unknown>\n#9 0x55806449744e <unknown>\n#10 0x55806475c861 <unknown>\n#11 0x558064760785 <unknown>\n#12 0x55806474a285 <unknown>\n#13 0x55806476141f <unknown>\n#14 0x55806472e20f <unknown>\n#15 0x558064785028 <unknown>\n#16 0x5580647851f7 <unknown>\n#17 0x558064796ed4 <unknown>\n#18 0x7f9683861044 <unknown>","time":{"start":1702452971986,"stop":1702452972345,"duration":359}},{"uid":"d631607535766e51","reportUrl":"https://Nat754.github.io/StroyremAutomation/133//#testresult/d631607535766e51","status":"skipped","statusDetails":"XFAIL\n\nselenium.common.exceptions.NoSuchElementException: Message: no such element: Unable to locate element: {\"method\":\"xpath\",\"selector\":\"//input[@class='amount']\"}\n  (Session info: headless chrome=119.0.6045.105); For documentation on this error, please visit: https://www.selenium.dev/documentation/webdriver/troubleshooting/errors#no-such-element-exception\nStacktrace:\n#0 0x559e73ead5e3 <unknown>\n#1 0x559e73b700b7 <unknown>\n#2 0x559e73bbdf53 <unknown>\n#3 0x559e73bbe051 <unknown>\n#4 0x559e73c039c4 <unknown>\n#5 0x559e73be4f1d <unknown>\n#6 0x559e73c00b3d <unknown>\n#7 0x559e73be4cc3 <unknown>\n#8 0x559e73bb00e4 <unknown>\n#9 0x559e73bb10ae <unknown>\n#10 0x559e73e73ce1 <unknown>\n#11 0x559e73e77b7e <unknown>\n#12 0x559e73e614b5 <unknown>\n#13 0x559e73e787d6 <unknown>\n#14 0x559e73e44dbf <unknown>\n#15 0x559e73e9b748 <unknown>\n#16 0x559e73e9b917 <unknown>\n#17 0x559e73eac773 <unknown>\n#18 0x7f9c8367b044 <unknown>","time":{"start":1700614621182,"stop":1700614624461,"duration":3279}},{"uid":"4bf65fba7f03ab7e","reportUrl":"https://Nat754.github.io/StroyremAutomation/132//#testresult/4bf65fba7f03ab7e","status":"skipped","statusDetails":"XFAIL\n\nselenium.common.exceptions.NoSuchElementException: Message: no such element: Unable to locate element: {\"method\":\"xpath\",\"selector\":\"//input[@class='amount']\"}\n  (Session info: headless chrome=119.0.6045.105); For documentation on this error, please visit: https://www.selenium.dev/documentation/webdriver/troubleshooting/errors#no-such-element-exception\nStacktrace:\n#0 0x561a4472d5e3 <unknown>\n#1 0x561a443f00b7 <unknown>\n#2 0x561a4443df53 <unknown>\n#3 0x561a4443e051 <unknown>\n#4 0x561a444839c4 <unknown>\n#5 0x561a44464f1d <unknown>\n#6 0x561a44480b3d <unknown>\n#7 0x561a44464cc3 <unknown>\n#8 0x561a444300e4 <unknown>\n#9 0x561a444310ae <unknown>\n#10 0x561a446f3ce1 <unknown>\n#11 0x561a446f7b7e <unknown>\n#12 0x561a446e14b5 <unknown>\n#13 0x561a446f87d6 <unknown>\n#14 0x561a446c4dbf <unknown>\n#15 0x561a4471b748 <unknown>\n#16 0x561a4471b917 <unknown>\n#17 0x561a4472c773 <unknown>\n#18 0x7fe8e6b36044 <unknown>","time":{"start":1700528243076,"stop":1700528247716,"duration":4640}},{"uid":"723500fe632f6813","reportUrl":"https://Nat754.github.io/StroyremAutomation/131//#testresult/723500fe632f6813","status":"skipped","statusDetails":"XFAIL\n\nselenium.common.exceptions.NoSuchElementException: Message: no such element: Unable to locate element: {\"method\":\"xpath\",\"selector\":\"//input[@class='amount']\"}\n  (Session info: headless chrome=119.0.6045.105); For documentation on this error, please visit: https://www.selenium.dev/documentation/webdriver/troubleshooting/errors#no-such-element-exception\nStacktrace:\n#0 0x55c4d55175e3 <unknown>\n#1 0x55c4d51da0b7 <unknown>\n#2 0x55c4d5227f53 <unknown>\n#3 0x55c4d5228051 <unknown>\n#4 0x55c4d526d9c4 <unknown>\n#5 0x55c4d524ef1d <unknown>\n#6 0x55c4d526ab3d <unknown>\n#7 0x55c4d524ecc3 <unknown>\n#8 0x55c4d521a0e4 <unknown>\n#9 0x55c4d521b0ae <unknown>\n#10 0x55c4d54ddce1 <unknown>\n#11 0x55c4d54e1b7e <unknown>\n#12 0x55c4d54cb4b5 <unknown>\n#13 0x55c4d54e27d6 <unknown>\n#14 0x55c4d54aedbf <unknown>\n#15 0x55c4d5505748 <unknown>\n#16 0x55c4d5505917 <unknown>\n#17 0x55c4d5516773 <unknown>\n#18 0x7f36952d4044 <unknown>","time":{"start":1700441797243,"stop":1700441801362,"duration":4119}},{"uid":"380349567d597c6d","reportUrl":"https://Nat754.github.io/StroyremAutomation/130//#testresult/380349567d597c6d","status":"skipped","statusDetails":"XFAIL\n\nselenium.common.exceptions.NoSuchElementException: Message: no such element: Unable to locate element: {\"method\":\"xpath\",\"selector\":\"//input[@class='amount']\"}\n  (Session info: headless chrome=119.0.6045.105); For documentation on this error, please visit: https://www.selenium.dev/documentation/webdriver/troubleshooting/errors#no-such-element-exception\nStacktrace:\n#0 0x55e5b60de5e3 <unknown>\n#1 0x55e5b5da10b7 <unknown>\n#2 0x55e5b5deef53 <unknown>\n#3 0x55e5b5def051 <unknown>\n#4 0x55e5b5e349c4 <unknown>\n#5 0x55e5b5e15f1d <unknown>\n#6 0x55e5b5e31b3d <unknown>\n#7 0x55e5b5e15cc3 <unknown>\n#8 0x55e5b5de10e4 <unknown>\n#9 0x55e5b5de20ae <unknown>\n#10 0x55e5b60a4ce1 <unknown>\n#11 0x55e5b60a8b7e <unknown>\n#12 0x55e5b60924b5 <unknown>\n#13 0x55e5b60a97d6 <unknown>\n#14 0x55e5b6075dbf <unknown>\n#15 0x55e5b60cc748 <unknown>\n#16 0x55e5b60cc917 <unknown>\n#17 0x55e5b60dd773 <unknown>\n#18 0x7f1cf51ba044 <unknown>","time":{"start":1700355528008,"stop":1700355531473,"duration":3465}},{"uid":"2660aad614ada9a5","reportUrl":"https://Nat754.github.io/StroyremAutomation/129//#testresult/2660aad614ada9a5","status":"skipped","statusDetails":"XFAIL\n\nselenium.common.exceptions.NoSuchElementException: Message: no such element: Unable to locate element: {\"method\":\"xpath\",\"selector\":\"//input[@class='amount']\"}\n  (Session info: headless chrome=119.0.6045.105); For documentation on this error, please visit: https://www.selenium.dev/documentation/webdriver/troubleshooting/errors#no-such-element-exception\nStacktrace:\n#0 0x5561d98605e3 <unknown>\n#1 0x5561d95230b7 <unknown>\n#2 0x5561d9570f53 <unknown>\n#3 0x5561d9571051 <unknown>\n#4 0x5561d95b69c4 <unknown>\n#5 0x5561d9597f1d <unknown>\n#6 0x5561d95b3b3d <unknown>\n#7 0x5561d9597cc3 <unknown>\n#8 0x5561d95630e4 <unknown>\n#9 0x5561d95640ae <unknown>\n#10 0x5561d9826ce1 <unknown>\n#11 0x5561d982ab7e <unknown>\n#12 0x5561d98144b5 <unknown>\n#13 0x5561d982b7d6 <unknown>\n#14 0x5561d97f7dbf <unknown>\n#15 0x5561d984e748 <unknown>\n#16 0x5561d984e917 <unknown>\n#17 0x5561d985f773 <unknown>\n#18 0x7f546675b044 <unknown>","time":{"start":1700268854083,"stop":1700268857635,"duration":3552}}]},"tags":["@pytest.mark.xfail","smoke_test"]},"source":"b6234e67106e259e.json","parameterValues":["3320","16","'TD 018'","2490","'products/shtukaturka-gipsovaya-aksolit-m50-30-kg-mashinnogo-naneseniya'","850","'https://sandboxtest.stroyrem-nn.ru/'","500"]}