{"uid":"f272d7b1d4424e42","name":"TD 018 Доставка товара весом до 500кг. в синей зоне","fullName":"tests.delivery.test_delivery_calculation.TestDeliveryPageCalculation#test_positive_delivery_blue_zone_smoke","historyId":"95f694f6adc130155d4f19b21da55956","time":{"start":1710118423399,"stop":1710118423814,"duration":415},"status":"skipped","statusMessage":"XFAIL\n\nselenium.common.exceptions.NoSuchElementException: Message: no such element: Unable to locate element: {\"method\":\"xpath\",\"selector\":\"(//a[@class='add-to-cart yellow-btn'])[1]\"}\n  (Session info: chrome-headless-shell=122.0.6261.111); For documentation on this error, please visit: https://www.selenium.dev/documentation/webdriver/troubleshooting/errors#no-such-element-exception\nStacktrace:\n#0 0x55943e3deec3 <unknown>\n#1 0x55943e0d6ce6 <unknown>\n#2 0x55943e121e48 <unknown>\n#3 0x55943e121f01 <unknown>\n#4 0x55943e1653f4 <unknown>\n#5 0x55943e143edd <unknown>\n#6 0x55943e162899 <unknown>\n#7 0x55943e143c53 <unknown>\n#8 0x55943e114db3 <unknown>\n#9 0x55943e11577e <unknown>\n#10 0x55943e3a47fb <unknown>\n#11 0x55943e3a8815 <unknown>\n#12 0x55943e392111 <unknown>\n#13 0x55943e3a93a2 <unknown>\n#14 0x55943e3761ef <unknown>\n#15 0x55943e3cd4b8 <unknown>\n#16 0x55943e3cd6b3 <unknown>\n#17 0x55943e3de074 <unknown>\n#18 0x7f77e9218134 <unknown>","statusTrace":"self = <tests.delivery.test_delivery_calculation.TestDeliveryPageCalculation object at 0x7f99f51fed50>\ndriver = <selenium.webdriver.chrome.webdriver.WebDriver (session=\"59187f190d896c0e2388245d691bf53f\")>\nurl = 'https://sandboxtest.stroyrem-nn.ru/', case_id = 'TD 018'\nlink_item = 'products/shtukaturka-gipsovaya-aksolit-m50-30-kg-mashinnogo-naneseniya'\namount = 16, weight = 500, standard = 850, in_time = 2490, all_time = 3320\n\n    @pytest.mark.parametrize('case_id, link_item, amount, weight, standard, in_time, all_time', [\n        (\"TD 015\", bundeks_25, 1, 30, 650, 2390, 3320),\n        pytest.param(\n            \"TD 016\", aksolit_30, 8, 300, 650, 2390, 3320,\n            marks=pytest.mark.xfail(reson=\"Цена доставки: - - -\")\n        ),\n        (\"TD 017\", aksolit_30, 13, 400, 650, 2390, 3320),\n        (\"TD 018\", aksolit_30, 16, 500, 850, 2490, 3320),\n        (\"TD 019\", aksolit_30, 25, 1700, 1150, 2490, 3320),\n        (\"TD 020\", aksolit_30, 66, 2000, 1500, 2990, 3650),\n        (\"TD 021\", aksolit_30, 149, 4500, 2600, 4380, 4890),\n        (\"TD 022\", aksolit_30, 166, 5000, 2800, 5490, 5980),\n        pytest.param(\n            \"TD 023\", aksolit_30, 206, 6200, 3300, 7500, 8000,\n            marks=pytest.mark.xfail(reson=\"Цена доставки: 4300 9900 11440\")\n        ),\n        (\"TD 024\", aksolit_30, 299, 9000, 4300, 9900, 11440),\n        (\"TD 025\", aksolit_30, 333, 10000, 7000, 13900, 15900),\n        pytest.param(\n            \"TD 026\", aksolit_30, 366, 11000, 8000, 14900, 19900,\n            marks=pytest.mark.xfail(reson=\"Цена доставки: 7000 13900 15900\")\n        ),\n        pytest.param(\n            \"TD 027\", aksolit_30, 666, 20000, 14000, 16900, 23900,\n            marks=pytest.mark.xfail(reson=\"Цена доставки: 7000 13900 15900\")\n        )\n    ])\n    @pytest.mark.xfail\n    @pytest.mark.smoke_test\n    def test_positive_delivery_blue_zone_smoke(\n            self, driver, url, case_id, link_item, amount, weight, standard, in_time, all_time\n    ):\n        allure.dynamic.title(f\"{case_id} Доставка товара весом до {weight}кг. в синей зоне\")\n    \n        driver.get(f'{url}{link_item}')\n        item_page = ItemPage(driver)\n>       item_page.add_item_to_cart(amount).click_on_cart()\n\ntests/delivery/test_delivery_calculation.py:132: \n_ _ _ _ _ _ _ _ _ _ _ _ _ _ _ _ _ _ _ _ _ _ _ _ _ _ _ _ _ _ _ _ _ _ _ _ _ _ _ _ \npages/item_page.py:40: in add_item_to_cart\n    self.find_element(self._add_item).click()\nbase/seleniumbase.py:17: in find_element\n    return self.driver.find_element(*locator)\n/usr/local/lib/python3.11/site-packages/selenium/webdriver/remote/webdriver.py:739: in find_element\n    return self.execute(Command.FIND_ELEMENT, {\"using\": by, \"value\": value})[\"value\"]\n/usr/local/lib/python3.11/site-packages/selenium/webdriver/remote/webdriver.py:345: in execute\n    self.error_handler.check_response(response)\n_ _ _ _ _ _ _ _ _ _ _ _ _ _ _ _ _ _ _ _ _ _ _ _ _ _ _ _ _ _ _ _ _ _ _ _ _ _ _ _ \n\nself = <selenium.webdriver.remote.errorhandler.ErrorHandler object at 0x7f99f5198650>\nresponse = {'status': 404, 'value': '{\"value\":{\"error\":\"no such element\",\"message\":\"no such element: Unable to locate element: {\\...\\\\n#16 0x55943e3cd6b3 \\\\u003Cunknown>\\\\n#17 0x55943e3de074 \\\\u003Cunknown>\\\\n#18 0x7f77e9218134 \\\\u003Cunknown>\\\\n\"}}'}\n\n    def check_response(self, response: Dict[str, Any]) -> None:\n        \"\"\"Checks that a JSON response from the WebDriver does not have an\n        error.\n    \n        :Args:\n         - response - The JSON response from the WebDriver server as a dictionary\n           object.\n    \n        :Raises: If the response contains an error message.\n        \"\"\"\n        status = response.get(\"status\", None)\n        if not status or status == ErrorCode.SUCCESS:\n            return\n        value = None\n        message = response.get(\"message\", \"\")\n        screen: str = response.get(\"screen\", \"\")\n        stacktrace = None\n        if isinstance(status, int):\n            value_json = response.get(\"value\", None)\n            if value_json and isinstance(value_json, str):\n                import json\n    \n                try:\n                    value = json.loads(value_json)\n                    if len(value) == 1:\n                        value = value[\"value\"]\n                    status = value.get(\"error\", None)\n                    if not status:\n                        status = value.get(\"status\", ErrorCode.UNKNOWN_ERROR)\n                        message = value.get(\"value\") or value.get(\"message\")\n                        if not isinstance(message, str):\n                            value = message\n                            message = message.get(\"message\")\n                    else:\n                        message = value.get(\"message\", None)\n                except ValueError:\n                    pass\n    \n        exception_class: Type[WebDriverException]\n        e = ErrorCode()\n        error_codes = [item for item in dir(e) if not item.startswith(\"__\")]\n        for error_code in error_codes:\n            error_info = getattr(ErrorCode, error_code)\n            if isinstance(error_info, list) and status in error_info:\n                exception_class = getattr(ExceptionMapping, error_code, WebDriverException)\n                break\n        else:\n            exception_class = WebDriverException\n    \n        if not value:\n            value = response[\"value\"]\n        if isinstance(value, str):\n            raise exception_class(value)\n        if message == \"\" and \"message\" in value:\n            message = value[\"message\"]\n    \n        screen = None  # type: ignore[assignment]\n        if \"screen\" in value:\n            screen = value[\"screen\"]\n    \n        stacktrace = None\n        st_value = value.get(\"stackTrace\") or value.get(\"stacktrace\")\n        if st_value:\n            if isinstance(st_value, str):\n                stacktrace = st_value.split(\"\\n\")\n            else:\n                stacktrace = []\n                try:\n                    for frame in st_value:\n                        line = frame.get(\"lineNumber\", \"\")\n                        file = frame.get(\"fileName\", \"<anonymous>\")\n                        if line:\n                            file = f\"{file}:{line}\"\n                        meth = frame.get(\"methodName\", \"<anonymous>\")\n                        if \"className\" in frame:\n                            meth = f\"{frame['className']}.{meth}\"\n                        msg = \"    at %s (%s)\"\n                        msg = msg % (meth, file)\n                        stacktrace.append(msg)\n                except TypeError:\n                    pass\n        if exception_class == UnexpectedAlertPresentException:\n            alert_text = None\n            if \"data\" in value:\n                alert_text = value[\"data\"].get(\"text\")\n            elif \"alert\" in value:\n                alert_text = value[\"alert\"].get(\"text\")\n            raise exception_class(message, screen, stacktrace, alert_text)  # type: ignore[call-arg]  # mypy is not smart enough here\n>       raise exception_class(message, screen, stacktrace)\nE       selenium.common.exceptions.NoSuchElementException: Message: no such element: Unable to locate element: {\"method\":\"xpath\",\"selector\":\"(//a[@class='add-to-cart yellow-btn'])[1]\"}\nE         (Session info: chrome-headless-shell=122.0.6261.111); For documentation on this error, please visit: https://www.selenium.dev/documentation/webdriver/troubleshooting/errors#no-such-element-exception\nE       Stacktrace:\nE       #0 0x55943e3deec3 <unknown>\nE       #1 0x55943e0d6ce6 <unknown>\nE       #2 0x55943e121e48 <unknown>\nE       #3 0x55943e121f01 <unknown>\nE       #4 0x55943e1653f4 <unknown>\nE       #5 0x55943e143edd <unknown>\nE       #6 0x55943e162899 <unknown>\nE       #7 0x55943e143c53 <unknown>\nE       #8 0x55943e114db3 <unknown>\nE       #9 0x55943e11577e <unknown>\nE       #10 0x55943e3a47fb <unknown>\nE       #11 0x55943e3a8815 <unknown>\nE       #12 0x55943e392111 <unknown>\nE       #13 0x55943e3a93a2 <unknown>\nE       #14 0x55943e3761ef <unknown>\nE       #15 0x55943e3cd4b8 <unknown>\nE       #16 0x55943e3cd6b3 <unknown>\nE       #17 0x55943e3de074 <unknown>\nE       #18 0x7f77e9218134 <unknown>\n\n/usr/local/lib/python3.11/site-packages/selenium/webdriver/remote/errorhandler.py:229: NoSuchElementException","flaky":false,"newFailed":false,"newBroken":false,"newPassed":false,"retriesCount":0,"retriesStatusChange":false,"beforeStages":[{"name":"_session_faker","time":{"start":1710118137419,"stop":1710118137488,"duration":69},"status":"passed","steps":[],"attachments":[],"parameters":[],"shouldDisplayMessage":false,"stepsCount":0,"attachmentsCount":0,"hasContent":false,"attachmentStep":false},{"name":"clear_allure_results_folder","time":{"start":1710118137488,"stop":1710118137488,"duration":0},"status":"passed","steps":[],"attachments":[],"parameters":[],"shouldDisplayMessage":false,"stepsCount":0,"attachmentsCount":0,"hasContent":false,"attachmentStep":false},{"name":"driver","time":{"start":1710118422614,"stop":1710118423398,"duration":784},"status":"passed","steps":[],"attachments":[],"parameters":[],"shouldDisplayMessage":false,"stepsCount":0,"attachmentsCount":0,"hasContent":false,"attachmentStep":false},{"name":"setup","time":{"start":1710118423398,"stop":1710118423398,"duration":0},"status":"passed","steps":[],"attachments":[],"parameters":[],"shouldDisplayMessage":false,"stepsCount":0,"attachmentsCount":0,"hasContent":false,"attachmentStep":false}],"testStage":{"status":"skipped","statusMessage":"XFAIL\n\nselenium.common.exceptions.NoSuchElementException: Message: no such element: Unable to locate element: {\"method\":\"xpath\",\"selector\":\"(//a[@class='add-to-cart yellow-btn'])[1]\"}\n  (Session info: chrome-headless-shell=122.0.6261.111); For documentation on this error, please visit: https://www.selenium.dev/documentation/webdriver/troubleshooting/errors#no-such-element-exception\nStacktrace:\n#0 0x55943e3deec3 <unknown>\n#1 0x55943e0d6ce6 <unknown>\n#2 0x55943e121e48 <unknown>\n#3 0x55943e121f01 <unknown>\n#4 0x55943e1653f4 <unknown>\n#5 0x55943e143edd <unknown>\n#6 0x55943e162899 <unknown>\n#7 0x55943e143c53 <unknown>\n#8 0x55943e114db3 <unknown>\n#9 0x55943e11577e <unknown>\n#10 0x55943e3a47fb <unknown>\n#11 0x55943e3a8815 <unknown>\n#12 0x55943e392111 <unknown>\n#13 0x55943e3a93a2 <unknown>\n#14 0x55943e3761ef <unknown>\n#15 0x55943e3cd4b8 <unknown>\n#16 0x55943e3cd6b3 <unknown>\n#17 0x55943e3de074 <unknown>\n#18 0x7f77e9218134 <unknown>","statusTrace":"self = <tests.delivery.test_delivery_calculation.TestDeliveryPageCalculation object at 0x7f99f51fed50>\ndriver = <selenium.webdriver.chrome.webdriver.WebDriver (session=\"59187f190d896c0e2388245d691bf53f\")>\nurl = 'https://sandboxtest.stroyrem-nn.ru/', case_id = 'TD 018'\nlink_item = 'products/shtukaturka-gipsovaya-aksolit-m50-30-kg-mashinnogo-naneseniya'\namount = 16, weight = 500, standard = 850, in_time = 2490, all_time = 3320\n\n    @pytest.mark.parametrize('case_id, link_item, amount, weight, standard, in_time, all_time', [\n        (\"TD 015\", bundeks_25, 1, 30, 650, 2390, 3320),\n        pytest.param(\n            \"TD 016\", aksolit_30, 8, 300, 650, 2390, 3320,\n            marks=pytest.mark.xfail(reson=\"Цена доставки: - - -\")\n        ),\n        (\"TD 017\", aksolit_30, 13, 400, 650, 2390, 3320),\n        (\"TD 018\", aksolit_30, 16, 500, 850, 2490, 3320),\n        (\"TD 019\", aksolit_30, 25, 1700, 1150, 2490, 3320),\n        (\"TD 020\", aksolit_30, 66, 2000, 1500, 2990, 3650),\n        (\"TD 021\", aksolit_30, 149, 4500, 2600, 4380, 4890),\n        (\"TD 022\", aksolit_30, 166, 5000, 2800, 5490, 5980),\n        pytest.param(\n            \"TD 023\", aksolit_30, 206, 6200, 3300, 7500, 8000,\n            marks=pytest.mark.xfail(reson=\"Цена доставки: 4300 9900 11440\")\n        ),\n        (\"TD 024\", aksolit_30, 299, 9000, 4300, 9900, 11440),\n        (\"TD 025\", aksolit_30, 333, 10000, 7000, 13900, 15900),\n        pytest.param(\n            \"TD 026\", aksolit_30, 366, 11000, 8000, 14900, 19900,\n            marks=pytest.mark.xfail(reson=\"Цена доставки: 7000 13900 15900\")\n        ),\n        pytest.param(\n            \"TD 027\", aksolit_30, 666, 20000, 14000, 16900, 23900,\n            marks=pytest.mark.xfail(reson=\"Цена доставки: 7000 13900 15900\")\n        )\n    ])\n    @pytest.mark.xfail\n    @pytest.mark.smoke_test\n    def test_positive_delivery_blue_zone_smoke(\n            self, driver, url, case_id, link_item, amount, weight, standard, in_time, all_time\n    ):\n        allure.dynamic.title(f\"{case_id} Доставка товара весом до {weight}кг. в синей зоне\")\n    \n        driver.get(f'{url}{link_item}')\n        item_page = ItemPage(driver)\n>       item_page.add_item_to_cart(amount).click_on_cart()\n\ntests/delivery/test_delivery_calculation.py:132: \n_ _ _ _ _ _ _ _ _ _ _ _ _ _ _ _ _ _ _ _ _ _ _ _ _ _ _ _ _ _ _ _ _ _ _ _ _ _ _ _ \npages/item_page.py:40: in add_item_to_cart\n    self.find_element(self._add_item).click()\nbase/seleniumbase.py:17: in find_element\n    return self.driver.find_element(*locator)\n/usr/local/lib/python3.11/site-packages/selenium/webdriver/remote/webdriver.py:739: in find_element\n    return self.execute(Command.FIND_ELEMENT, {\"using\": by, \"value\": value})[\"value\"]\n/usr/local/lib/python3.11/site-packages/selenium/webdriver/remote/webdriver.py:345: in execute\n    self.error_handler.check_response(response)\n_ _ _ _ _ _ _ _ _ _ _ _ _ _ _ _ _ _ _ _ _ _ _ _ _ _ _ _ _ _ _ _ _ _ _ _ _ _ _ _ \n\nself = <selenium.webdriver.remote.errorhandler.ErrorHandler object at 0x7f99f5198650>\nresponse = {'status': 404, 'value': '{\"value\":{\"error\":\"no such element\",\"message\":\"no such element: Unable to locate element: {\\...\\\\n#16 0x55943e3cd6b3 \\\\u003Cunknown>\\\\n#17 0x55943e3de074 \\\\u003Cunknown>\\\\n#18 0x7f77e9218134 \\\\u003Cunknown>\\\\n\"}}'}\n\n    def check_response(self, response: Dict[str, Any]) -> None:\n        \"\"\"Checks that a JSON response from the WebDriver does not have an\n        error.\n    \n        :Args:\n         - response - The JSON response from the WebDriver server as a dictionary\n           object.\n    \n        :Raises: If the response contains an error message.\n        \"\"\"\n        status = response.get(\"status\", None)\n        if not status or status == ErrorCode.SUCCESS:\n            return\n        value = None\n        message = response.get(\"message\", \"\")\n        screen: str = response.get(\"screen\", \"\")\n        stacktrace = None\n        if isinstance(status, int):\n            value_json = response.get(\"value\", None)\n            if value_json and isinstance(value_json, str):\n                import json\n    \n                try:\n                    value = json.loads(value_json)\n                    if len(value) == 1:\n                        value = value[\"value\"]\n                    status = value.get(\"error\", None)\n                    if not status:\n                        status = value.get(\"status\", ErrorCode.UNKNOWN_ERROR)\n                        message = value.get(\"value\") or value.get(\"message\")\n                        if not isinstance(message, str):\n                            value = message\n                            message = message.get(\"message\")\n                    else:\n                        message = value.get(\"message\", None)\n                except ValueError:\n                    pass\n    \n        exception_class: Type[WebDriverException]\n        e = ErrorCode()\n        error_codes = [item for item in dir(e) if not item.startswith(\"__\")]\n        for error_code in error_codes:\n            error_info = getattr(ErrorCode, error_code)\n            if isinstance(error_info, list) and status in error_info:\n                exception_class = getattr(ExceptionMapping, error_code, WebDriverException)\n                break\n        else:\n            exception_class = WebDriverException\n    \n        if not value:\n            value = response[\"value\"]\n        if isinstance(value, str):\n            raise exception_class(value)\n        if message == \"\" and \"message\" in value:\n            message = value[\"message\"]\n    \n        screen = None  # type: ignore[assignment]\n        if \"screen\" in value:\n            screen = value[\"screen\"]\n    \n        stacktrace = None\n        st_value = value.get(\"stackTrace\") or value.get(\"stacktrace\")\n        if st_value:\n            if isinstance(st_value, str):\n                stacktrace = st_value.split(\"\\n\")\n            else:\n                stacktrace = []\n                try:\n                    for frame in st_value:\n                        line = frame.get(\"lineNumber\", \"\")\n                        file = frame.get(\"fileName\", \"<anonymous>\")\n                        if line:\n                            file = f\"{file}:{line}\"\n                        meth = frame.get(\"methodName\", \"<anonymous>\")\n                        if \"className\" in frame:\n                            meth = f\"{frame['className']}.{meth}\"\n                        msg = \"    at %s (%s)\"\n                        msg = msg % (meth, file)\n                        stacktrace.append(msg)\n                except TypeError:\n                    pass\n        if exception_class == UnexpectedAlertPresentException:\n            alert_text = None\n            if \"data\" in value:\n                alert_text = value[\"data\"].get(\"text\")\n            elif \"alert\" in value:\n                alert_text = value[\"alert\"].get(\"text\")\n            raise exception_class(message, screen, stacktrace, alert_text)  # type: ignore[call-arg]  # mypy is not smart enough here\n>       raise exception_class(message, screen, stacktrace)\nE       selenium.common.exceptions.NoSuchElementException: Message: no such element: Unable to locate element: {\"method\":\"xpath\",\"selector\":\"(//a[@class='add-to-cart yellow-btn'])[1]\"}\nE         (Session info: chrome-headless-shell=122.0.6261.111); For documentation on this error, please visit: https://www.selenium.dev/documentation/webdriver/troubleshooting/errors#no-such-element-exception\nE       Stacktrace:\nE       #0 0x55943e3deec3 <unknown>\nE       #1 0x55943e0d6ce6 <unknown>\nE       #2 0x55943e121e48 <unknown>\nE       #3 0x55943e121f01 <unknown>\nE       #4 0x55943e1653f4 <unknown>\nE       #5 0x55943e143edd <unknown>\nE       #6 0x55943e162899 <unknown>\nE       #7 0x55943e143c53 <unknown>\nE       #8 0x55943e114db3 <unknown>\nE       #9 0x55943e11577e <unknown>\nE       #10 0x55943e3a47fb <unknown>\nE       #11 0x55943e3a8815 <unknown>\nE       #12 0x55943e392111 <unknown>\nE       #13 0x55943e3a93a2 <unknown>\nE       #14 0x55943e3761ef <unknown>\nE       #15 0x55943e3cd4b8 <unknown>\nE       #16 0x55943e3cd6b3 <unknown>\nE       #17 0x55943e3de074 <unknown>\nE       #18 0x7f77e9218134 <unknown>\n\n/usr/local/lib/python3.11/site-packages/selenium/webdriver/remote/errorhandler.py:229: NoSuchElementException","steps":[{"name":"Добавляем товар в корзину в количестве 16","time":{"start":1710118423802,"stop":1710118423814,"duration":12},"status":"broken","statusMessage":"selenium.common.exceptions.NoSuchElementException: Message: no such element: Unable to locate element: {\"method\":\"xpath\",\"selector\":\"(//a[@class='add-to-cart yellow-btn'])[1]\"}\n  (Session info: chrome-headless-shell=122.0.6261.111); For documentation on this error, please visit: https://www.selenium.dev/documentation/webdriver/troubleshooting/errors#no-such-element-exception\nStacktrace:\n#0 0x55943e3deec3 <unknown>\n#1 0x55943e0d6ce6 <unknown>\n#2 0x55943e121e48 <unknown>\n#3 0x55943e121f01 <unknown>\n#4 0x55943e1653f4 <unknown>\n#5 0x55943e143edd <unknown>\n#6 0x55943e162899 <unknown>\n#7 0x55943e143c53 <unknown>\n#8 0x55943e114db3 <unknown>\n#9 0x55943e11577e <unknown>\n#10 0x55943e3a47fb <unknown>\n#11 0x55943e3a8815 <unknown>\n#12 0x55943e392111 <unknown>\n#13 0x55943e3a93a2 <unknown>\n#14 0x55943e3761ef <unknown>\n#15 0x55943e3cd4b8 <unknown>\n#16 0x55943e3cd6b3 <unknown>\n#17 0x55943e3de074 <unknown>\n#18 0x7f77e9218134 <unknown>\n\n","statusTrace":"  File \"/usr/local/lib/python3.11/site-packages/allure_commons/_allure.py\", line 192, in impl\n    return func(*a, **kw)\n           ^^^^^^^^^^^^^^\n  File \"/app/pages/item_page.py\", line 40, in add_item_to_cart\n    self.find_element(self._add_item).click()\n    ^^^^^^^^^^^^^^^^^^^^^^^^^^^^^^^^^\n  File \"/app/base/seleniumbase.py\", line 17, in find_element\n    return self.driver.find_element(*locator)\n           ^^^^^^^^^^^^^^^^^^^^^^^^^^^^^^^^^^\n  File \"/usr/local/lib/python3.11/site-packages/selenium/webdriver/remote/webdriver.py\", line 739, in find_element\n    return self.execute(Command.FIND_ELEMENT, {\"using\": by, \"value\": value})[\"value\"]\n           ^^^^^^^^^^^^^^^^^^^^^^^^^^^^^^^^^^^^^^^^^^^^^^^^^^^^^^^^^^^^^^^^^\n  File \"/usr/local/lib/python3.11/site-packages/selenium/webdriver/remote/webdriver.py\", line 345, in execute\n    self.error_handler.check_response(response)\n  File \"/usr/local/lib/python3.11/site-packages/selenium/webdriver/remote/errorhandler.py\", line 229, in check_response\n    raise exception_class(message, screen, stacktrace)\n","steps":[],"attachments":[],"parameters":[{"name":"amount","value":"16"}],"shouldDisplayMessage":true,"stepsCount":0,"attachmentsCount":0,"hasContent":true,"attachmentStep":false}],"attachments":[{"uid":"5fcfdb278b2d8b5b","name":"Screenshot","source":"5fcfdb278b2d8b5b.png","type":"image/png","size":5862},{"uid":"1d6c1cc615ee095d","name":"HTML source","source":"1d6c1cc615ee095d.html","type":"text/html","size":39}],"parameters":[],"shouldDisplayMessage":true,"stepsCount":1,"attachmentsCount":2,"hasContent":true,"attachmentStep":false},"afterStages":[{"name":"driver::0","time":{"start":1710118423935,"stop":1710118423992,"duration":57},"status":"passed","steps":[],"attachments":[],"parameters":[],"shouldDisplayMessage":false,"stepsCount":0,"attachmentsCount":0,"hasContent":false,"attachmentStep":false},{"name":"setup::0","time":{"start":1710118423935,"stop":1710118423935,"duration":0},"status":"passed","steps":[],"attachments":[],"parameters":[],"shouldDisplayMessage":false,"stepsCount":0,"attachmentsCount":0,"hasContent":false,"attachmentStep":false}],"labels":[{"name":"epic","value":"Delivery Page - calculation"},{"name":"tag","value":"smoke_test"},{"name":"tag","value":"@pytest.mark.xfail"},{"name":"parentSuite","value":"tests.delivery"},{"name":"suite","value":"test_delivery_calculation"},{"name":"subSuite","value":"TestDeliveryPageCalculation"},{"name":"host","value":"21be3611ac51"},{"name":"thread","value":"1-MainThread"},{"name":"framework","value":"pytest"},{"name":"language","value":"cpython3"},{"name":"package","value":"tests.delivery.test_delivery_calculation"},{"name":"resultFormat","value":"allure2"}],"parameters":[{"name":"all_time","value":"3320"},{"name":"amount","value":"16"},{"name":"case_id","value":"'TD 018'"},{"name":"in_time","value":"2490"},{"name":"link_item","value":"'products/shtukaturka-gipsovaya-aksolit-m50-30-kg-mashinnogo-naneseniya'"},{"name":"standard","value":"850"},{"name":"url","value":"'https://sandboxtest.stroyrem-nn.ru/'"},{"name":"weight","value":"500"}],"links":[],"hidden":false,"retry":false,"extra":{"severity":"normal","retries":[],"categories":[],"history":{"statistic":{"failed":0,"broken":13,"skipped":182,"passed":0,"unknown":0,"total":195},"items":[{"uid":"d03c1626d469f955","reportUrl":"https://Nat754.github.io/StroyremAutomation/242//#testresult/d03c1626d469f955","status":"skipped","statusDetails":"XFAIL\n\nselenium.common.exceptions.NoSuchElementException: Message: no such element: Unable to locate element: {\"method\":\"xpath\",\"selector\":\"(//a[@class='add-to-cart yellow-btn'])[1]\"}\n  (Session info: chrome-headless-shell=122.0.6261.111); For documentation on this error, please visit: https://www.selenium.dev/documentation/webdriver/troubleshooting/errors#no-such-element-exception\nStacktrace:\n#0 0x559b87a5fec3 <unknown>\n#1 0x559b87757ce6 <unknown>\n#2 0x559b877a2e48 <unknown>\n#3 0x559b877a2f01 <unknown>\n#4 0x559b877e63f4 <unknown>\n#5 0x559b877c4edd <unknown>\n#6 0x559b877e3899 <unknown>\n#7 0x559b877c4c53 <unknown>\n#8 0x559b87795db3 <unknown>\n#9 0x559b8779677e <unknown>\n#10 0x559b87a257fb <unknown>\n#11 0x559b87a29815 <unknown>\n#12 0x559b87a13111 <unknown>\n#13 0x559b87a2a3a2 <unknown>\n#14 0x559b879f71ef <unknown>\n#15 0x559b87a4e4b8 <unknown>\n#16 0x559b87a4e6b3 <unknown>\n#17 0x559b87a5f074 <unknown>\n#18 0x7ff15a23f134 <unknown>","time":{"start":1710032190292,"stop":1710032190623,"duration":331}},{"uid":"f27da480ddc6dc28","reportUrl":"https://Nat754.github.io/StroyremAutomation/241//#testresult/f27da480ddc6dc28","status":"skipped","statusDetails":"XFAIL\n\nselenium.common.exceptions.NoSuchElementException: Message: no such element: Unable to locate element: {\"method\":\"xpath\",\"selector\":\"(//a[@class='add-to-cart yellow-btn'])[1]\"}\n  (Session info: chrome-headless-shell=122.0.6261.111); For documentation on this error, please visit: https://www.selenium.dev/documentation/webdriver/troubleshooting/errors#no-such-element-exception\nStacktrace:\n#0 0x5624630b5ec3 <unknown>\n#1 0x562462dadce6 <unknown>\n#2 0x562462df8e48 <unknown>\n#3 0x562462df8f01 <unknown>\n#4 0x562462e3c3f4 <unknown>\n#5 0x562462e1aedd <unknown>\n#6 0x562462e39899 <unknown>\n#7 0x562462e1ac53 <unknown>\n#8 0x562462debdb3 <unknown>\n#9 0x562462dec77e <unknown>\n#10 0x56246307b7fb <unknown>\n#11 0x56246307f815 <unknown>\n#12 0x562463069111 <unknown>\n#13 0x5624630803a2 <unknown>\n#14 0x56246304d1ef <unknown>\n#15 0x5624630a44b8 <unknown>\n#16 0x5624630a46b3 <unknown>\n#17 0x5624630b5074 <unknown>\n#18 0x7f9516366134 <unknown>","time":{"start":1709945400164,"stop":1709945400503,"duration":339}},{"uid":"e6ed0fc4303a5a68","reportUrl":"https://Nat754.github.io/StroyremAutomation/240//#testresult/e6ed0fc4303a5a68","status":"skipped","statusDetails":"XFAIL\n\nselenium.common.exceptions.NoSuchElementException: Message: no such element: Unable to locate element: {\"method\":\"xpath\",\"selector\":\"(//a[@class='add-to-cart yellow-btn'])[1]\"}\n  (Session info: chrome-headless-shell=122.0.6261.111); For documentation on this error, please visit: https://www.selenium.dev/documentation/webdriver/troubleshooting/errors#no-such-element-exception\nStacktrace:\n#0 0x55a03b1c0ec3 <unknown>\n#1 0x55a03aeb8ce6 <unknown>\n#2 0x55a03af03e48 <unknown>\n#3 0x55a03af03f01 <unknown>\n#4 0x55a03af473f4 <unknown>\n#5 0x55a03af25edd <unknown>\n#6 0x55a03af44899 <unknown>\n#7 0x55a03af25c53 <unknown>\n#8 0x55a03aef6db3 <unknown>\n#9 0x55a03aef777e <unknown>\n#10 0x55a03b1867fb <unknown>\n#11 0x55a03b18a815 <unknown>\n#12 0x55a03b174111 <unknown>\n#13 0x55a03b18b3a2 <unknown>\n#14 0x55a03b1581ef <unknown>\n#15 0x55a03b1af4b8 <unknown>\n#16 0x55a03b1af6b3 <unknown>\n#17 0x55a03b1c0074 <unknown>\n#18 0x7fba6e1ea134 <unknown>","time":{"start":1709859083184,"stop":1709859083506,"duration":322}},{"uid":"a9795c868bd999d8","reportUrl":"https://Nat754.github.io/StroyremAutomation/239//#testresult/a9795c868bd999d8","status":"skipped","statusDetails":"XFAIL\n\nselenium.common.exceptions.NoSuchElementException: Message: no such element: Unable to locate element: {\"method\":\"xpath\",\"selector\":\"(//a[@class='add-to-cart yellow-btn'])[1]\"}\n  (Session info: chrome-headless-shell=122.0.6261.94); For documentation on this error, please visit: https://www.selenium.dev/documentation/webdriver/troubleshooting/errors#no-such-element-exception\nStacktrace:\n#0 0x558fc9e72e93 <unknown>\n#1 0x558fc9b6ace6 <unknown>\n#2 0x558fc9bb5e48 <unknown>\n#3 0x558fc9bb5f01 <unknown>\n#4 0x558fc9bf93f4 <unknown>\n#5 0x558fc9bd7edd <unknown>\n#6 0x558fc9bf6899 <unknown>\n#7 0x558fc9bd7c53 <unknown>\n#8 0x558fc9ba8db3 <unknown>\n#9 0x558fc9ba977e <unknown>\n#10 0x558fc9e387cb <unknown>\n#11 0x558fc9e3c7e5 <unknown>\n#12 0x558fc9e260e1 <unknown>\n#13 0x558fc9e3d372 <unknown>\n#14 0x558fc9e0a1bf <unknown>\n#15 0x558fc9e61488 <unknown>\n#16 0x558fc9e61683 <unknown>\n#17 0x558fc9e72044 <unknown>\n#18 0x7f9a175d8134 <unknown>","time":{"start":1709772140040,"stop":1709772140346,"duration":306}},{"uid":"bcb096ed752b96eb","reportUrl":"https://Nat754.github.io/StroyremAutomation/238//#testresult/bcb096ed752b96eb","status":"skipped","statusDetails":"XFAIL\n\nselenium.common.exceptions.NoSuchElementException: Message: no such element: Unable to locate element: {\"method\":\"xpath\",\"selector\":\"(//a[@class='add-to-cart yellow-btn'])[1]\"}\n  (Session info: chrome-headless-shell=122.0.6261.94); For documentation on this error, please visit: https://www.selenium.dev/documentation/webdriver/troubleshooting/errors#no-such-element-exception\nStacktrace:\n#0 0x5599fa1bae93 <unknown>\n#1 0x5599f9eb2ce6 <unknown>\n#2 0x5599f9efde48 <unknown>\n#3 0x5599f9efdf01 <unknown>\n#4 0x5599f9f413f4 <unknown>\n#5 0x5599f9f1fedd <unknown>\n#6 0x5599f9f3e899 <unknown>\n#7 0x5599f9f1fc53 <unknown>\n#8 0x5599f9ef0db3 <unknown>\n#9 0x5599f9ef177e <unknown>\n#10 0x5599fa1807cb <unknown>\n#11 0x5599fa1847e5 <unknown>\n#12 0x5599fa16e0e1 <unknown>\n#13 0x5599fa185372 <unknown>\n#14 0x5599fa1521bf <unknown>\n#15 0x5599fa1a9488 <unknown>\n#16 0x5599fa1a9683 <unknown>\n#17 0x5599fa1ba044 <unknown>\n#18 0x7fcb6e617134 <unknown>","time":{"start":1709686347077,"stop":1709686347401,"duration":324}},{"uid":"b4d1affb3b0b7dff","reportUrl":"https://Nat754.github.io/StroyremAutomation/237//#testresult/b4d1affb3b0b7dff","status":"skipped","statusDetails":"XFAIL\n\nselenium.common.exceptions.NoSuchElementException: Message: no such element: Unable to locate element: {\"method\":\"xpath\",\"selector\":\"(//a[@class='add-to-cart yellow-btn'])[1]\"}\n  (Session info: chrome-headless-shell=122.0.6261.94); For documentation on this error, please visit: https://www.selenium.dev/documentation/webdriver/troubleshooting/errors#no-such-element-exception\nStacktrace:\n#0 0x55edecc37e93 <unknown>\n#1 0x55edec92fce6 <unknown>\n#2 0x55edec97ae48 <unknown>\n#3 0x55edec97af01 <unknown>\n#4 0x55edec9be3f4 <unknown>\n#5 0x55edec99cedd <unknown>\n#6 0x55edec9bb899 <unknown>\n#7 0x55edec99cc53 <unknown>\n#8 0x55edec96ddb3 <unknown>\n#9 0x55edec96e77e <unknown>\n#10 0x55edecbfd7cb <unknown>\n#11 0x55edecc017e5 <unknown>\n#12 0x55edecbeb0e1 <unknown>\n#13 0x55edecc02372 <unknown>\n#14 0x55edecbcf1bf <unknown>\n#15 0x55edecc26488 <unknown>\n#16 0x55edecc26683 <unknown>\n#17 0x55edecc37044 <unknown>\n#18 0x7f987a58d134 <unknown>","time":{"start":1709599925666,"stop":1709599926003,"duration":337}},{"uid":"e38891f4be8a5b69","reportUrl":"https://Nat754.github.io/StroyremAutomation/236//#testresult/e38891f4be8a5b69","status":"skipped","statusDetails":"XFAIL\n\nselenium.common.exceptions.NoSuchElementException: Message: no such element: Unable to locate element: {\"method\":\"xpath\",\"selector\":\"(//a[@class='add-to-cart yellow-btn'])[1]\"}\n  (Session info: chrome-headless-shell=122.0.6261.94); For documentation on this error, please visit: https://www.selenium.dev/documentation/webdriver/troubleshooting/errors#no-such-element-exception\nStacktrace:\n#0 0x560248adde93 <unknown>\n#1 0x5602487d5ce6 <unknown>\n#2 0x560248820e48 <unknown>\n#3 0x560248820f01 <unknown>\n#4 0x5602488643f4 <unknown>\n#5 0x560248842edd <unknown>\n#6 0x560248861899 <unknown>\n#7 0x560248842c53 <unknown>\n#8 0x560248813db3 <unknown>\n#9 0x56024881477e <unknown>\n#10 0x560248aa37cb <unknown>\n#11 0x560248aa77e5 <unknown>\n#12 0x560248a910e1 <unknown>\n#13 0x560248aa8372 <unknown>\n#14 0x560248a751bf <unknown>\n#15 0x560248acc488 <unknown>\n#16 0x560248acc683 <unknown>\n#17 0x560248add044 <unknown>\n#18 0x7fd8565ce134 <unknown>","time":{"start":1709513631661,"stop":1709513632100,"duration":439}},{"uid":"4691c79e9e1433c9","reportUrl":"https://Nat754.github.io/StroyremAutomation/235//#testresult/4691c79e9e1433c9","status":"skipped","statusDetails":"XFAIL\n\nselenium.common.exceptions.NoSuchElementException: Message: no such element: Unable to locate element: {\"method\":\"xpath\",\"selector\":\"(//a[@class='add-to-cart yellow-btn'])[1]\"}\n  (Session info: chrome-headless-shell=122.0.6261.94); For documentation on this error, please visit: https://www.selenium.dev/documentation/webdriver/troubleshooting/errors#no-such-element-exception\nStacktrace:\n#0 0x55ee1ce65e93 <unknown>\n#1 0x55ee1cb5dce6 <unknown>\n#2 0x55ee1cba8e48 <unknown>\n#3 0x55ee1cba8f01 <unknown>\n#4 0x55ee1cbec3f4 <unknown>\n#5 0x55ee1cbcaedd <unknown>\n#6 0x55ee1cbe9899 <unknown>\n#7 0x55ee1cbcac53 <unknown>\n#8 0x55ee1cb9bdb3 <unknown>\n#9 0x55ee1cb9c77e <unknown>\n#10 0x55ee1ce2b7cb <unknown>\n#11 0x55ee1ce2f7e5 <unknown>\n#12 0x55ee1ce190e1 <unknown>\n#13 0x55ee1ce30372 <unknown>\n#14 0x55ee1cdfd1bf <unknown>\n#15 0x55ee1ce54488 <unknown>\n#16 0x55ee1ce54683 <unknown>\n#17 0x55ee1ce65044 <unknown>\n#18 0x7f52de69a134 <unknown>","time":{"start":1709427365779,"stop":1709427366216,"duration":437}},{"uid":"fb42e43243fecc14","reportUrl":"https://Nat754.github.io/StroyremAutomation/234//#testresult/fb42e43243fecc14","status":"skipped","statusDetails":"XFAIL\n\nselenium.common.exceptions.NoSuchElementException: Message: no such element: Unable to locate element: {\"method\":\"xpath\",\"selector\":\"(//a[@class='add-to-cart yellow-btn'])[1]\"}\n  (Session info: chrome-headless-shell=122.0.6261.94); For documentation on this error, please visit: https://www.selenium.dev/documentation/webdriver/troubleshooting/errors#no-such-element-exception\nStacktrace:\n#0 0x561f7bddce93 <unknown>\n#1 0x561f7bad4ce6 <unknown>\n#2 0x561f7bb1fe48 <unknown>\n#3 0x561f7bb1ff01 <unknown>\n#4 0x561f7bb633f4 <unknown>\n#5 0x561f7bb41edd <unknown>\n#6 0x561f7bb60899 <unknown>\n#7 0x561f7bb41c53 <unknown>\n#8 0x561f7bb12db3 <unknown>\n#9 0x561f7bb1377e <unknown>\n#10 0x561f7bda27cb <unknown>\n#11 0x561f7bda67e5 <unknown>\n#12 0x561f7bd900e1 <unknown>\n#13 0x561f7bda7372 <unknown>\n#14 0x561f7bd741bf <unknown>\n#15 0x561f7bdcb488 <unknown>\n#16 0x561f7bdcb683 <unknown>\n#17 0x561f7bddc044 <unknown>\n#18 0x7f480ab7d134 <unknown>","time":{"start":1709340626154,"stop":1709340626452,"duration":298}},{"uid":"b767a369add3c417","reportUrl":"https://Nat754.github.io/StroyremAutomation/233//#testresult/b767a369add3c417","status":"skipped","statusDetails":"XFAIL\n\nselenium.common.exceptions.NoSuchElementException: Message: no such element: Unable to locate element: {\"method\":\"xpath\",\"selector\":\"(//a[@class='add-to-cart yellow-btn'])[1]\"}\n  (Session info: chrome-headless-shell=122.0.6261.94); For documentation on this error, please visit: https://www.selenium.dev/documentation/webdriver/troubleshooting/errors#no-such-element-exception\nStacktrace:\n#0 0x55e1ef466e93 <unknown>\n#1 0x55e1ef15ece6 <unknown>\n#2 0x55e1ef1a9e48 <unknown>\n#3 0x55e1ef1a9f01 <unknown>\n#4 0x55e1ef1ed3f4 <unknown>\n#5 0x55e1ef1cbedd <unknown>\n#6 0x55e1ef1ea899 <unknown>\n#7 0x55e1ef1cbc53 <unknown>\n#8 0x55e1ef19cdb3 <unknown>\n#9 0x55e1ef19d77e <unknown>\n#10 0x55e1ef42c7cb <unknown>\n#11 0x55e1ef4307e5 <unknown>\n#12 0x55e1ef41a0e1 <unknown>\n#13 0x55e1ef431372 <unknown>\n#14 0x55e1ef3fe1bf <unknown>\n#15 0x55e1ef455488 <unknown>\n#16 0x55e1ef455683 <unknown>\n#17 0x55e1ef466044 <unknown>\n#18 0x7fba014c4134 <unknown>","time":{"start":1709254616837,"stop":1709254617134,"duration":297}},{"uid":"386990d2303e014a","reportUrl":"https://Nat754.github.io/StroyremAutomation/232//#testresult/386990d2303e014a","status":"skipped","statusDetails":"XFAIL\n\nselenium.common.exceptions.NoSuchElementException: Message: no such element: Unable to locate element: {\"method\":\"xpath\",\"selector\":\"(//a[@class='add-to-cart yellow-btn'])[1]\"}\n  (Session info: chrome-headless-shell=122.0.6261.94); For documentation on this error, please visit: https://www.selenium.dev/documentation/webdriver/troubleshooting/errors#no-such-element-exception\nStacktrace:\n#0 0x562ef3d7be93 <unknown>\n#1 0x562ef3a73ce6 <unknown>\n#2 0x562ef3abee48 <unknown>\n#3 0x562ef3abef01 <unknown>\n#4 0x562ef3b023f4 <unknown>\n#5 0x562ef3ae0edd <unknown>\n#6 0x562ef3aff899 <unknown>\n#7 0x562ef3ae0c53 <unknown>\n#8 0x562ef3ab1db3 <unknown>\n#9 0x562ef3ab277e <unknown>\n#10 0x562ef3d417cb <unknown>\n#11 0x562ef3d457e5 <unknown>\n#12 0x562ef3d2f0e1 <unknown>\n#13 0x562ef3d46372 <unknown>\n#14 0x562ef3d131bf <unknown>\n#15 0x562ef3d6a488 <unknown>\n#16 0x562ef3d6a683 <unknown>\n#17 0x562ef3d7b044 <unknown>\n#18 0x7f66d02a2134 <unknown>","time":{"start":1709167864277,"stop":1709167864816,"duration":539}},{"uid":"750f320fea25b199","reportUrl":"https://Nat754.github.io/StroyremAutomation/231//#testresult/750f320fea25b199","status":"skipped","statusDetails":"XFAIL\n\nselenium.common.exceptions.NoSuchElementException: Message: no such element: Unable to locate element: {\"method\":\"xpath\",\"selector\":\"(//a[@class='add-to-cart yellow-btn'])[1]\"}\n  (Session info: chrome-headless-shell=122.0.6261.94); For documentation on this error, please visit: https://www.selenium.dev/documentation/webdriver/troubleshooting/errors#no-such-element-exception\nStacktrace:\n#0 0x55c3a7da3e93 <unknown>\n#1 0x55c3a7a9bce6 <unknown>\n#2 0x55c3a7ae6e48 <unknown>\n#3 0x55c3a7ae6f01 <unknown>\n#4 0x55c3a7b2a3f4 <unknown>\n#5 0x55c3a7b08edd <unknown>\n#6 0x55c3a7b27899 <unknown>\n#7 0x55c3a7b08c53 <unknown>\n#8 0x55c3a7ad9db3 <unknown>\n#9 0x55c3a7ada77e <unknown>\n#10 0x55c3a7d697cb <unknown>\n#11 0x55c3a7d6d7e5 <unknown>\n#12 0x55c3a7d570e1 <unknown>\n#13 0x55c3a7d6e372 <unknown>\n#14 0x55c3a7d3b1bf <unknown>\n#15 0x55c3a7d92488 <unknown>\n#16 0x55c3a7d92683 <unknown>\n#17 0x55c3a7da3044 <unknown>\n#18 0x7fee3d223134 <unknown>","time":{"start":1709081467601,"stop":1709081467890,"duration":289}},{"uid":"e0f61d163eaf6378","reportUrl":"https://Nat754.github.io/StroyremAutomation/230//#testresult/e0f61d163eaf6378","status":"skipped","statusDetails":"XFAIL\n\nselenium.common.exceptions.NoSuchElementException: Message: no such element: Unable to locate element: {\"method\":\"xpath\",\"selector\":\"(//a[@class='add-to-cart yellow-btn'])[1]\"}\n  (Session info: chrome-headless-shell=122.0.6261.69); For documentation on this error, please visit: https://www.selenium.dev/documentation/webdriver/troubleshooting/errors#no-such-element-exception\nStacktrace:\n#0 0x55854cc49793 <unknown>\n#1 0x55854c93d1c6 <unknown>\n#2 0x55854c988358 <unknown>\n#3 0x55854c988411 <unknown>\n#4 0x55854c9cb934 <unknown>\n#5 0x55854c9aa3fd <unknown>\n#6 0x55854c9c8dd9 <unknown>\n#7 0x55854c9aa173 <unknown>\n#8 0x55854c97b2d3 <unknown>\n#9 0x55854c97bc9e <unknown>\n#10 0x55854cc0d8cb <unknown>\n#11 0x55854cc11745 <unknown>\n#12 0x55854cbfa2e1 <unknown>\n#13 0x55854cc122d2 <unknown>\n#14 0x55854cbde17f <unknown>\n#15 0x55854cc37dc8 <unknown>\n#16 0x55854cc37fc3 <unknown>\n#17 0x55854cc48944 <unknown>\n#18 0x7f32f8f18134 <unknown>","time":{"start":1708995079109,"stop":1708995079517,"duration":408}},{"uid":"fe737dc48e8aefa6","reportUrl":"https://Nat754.github.io/StroyremAutomation/229//#testresult/fe737dc48e8aefa6","status":"skipped","statusDetails":"XFAIL\n\nselenium.common.exceptions.NoSuchElementException: Message: no such element: Unable to locate element: {\"method\":\"xpath\",\"selector\":\"(//a[@class='add-to-cart yellow-btn'])[1]\"}\n  (Session info: chrome-headless-shell=122.0.6261.69); For documentation on this error, please visit: https://www.selenium.dev/documentation/webdriver/troubleshooting/errors#no-such-element-exception\nStacktrace:\n#0 0x5559cc83b793 <unknown>\n#1 0x5559cc52f1c6 <unknown>\n#2 0x5559cc57a358 <unknown>\n#3 0x5559cc57a411 <unknown>\n#4 0x5559cc5bd934 <unknown>\n#5 0x5559cc59c3fd <unknown>\n#6 0x5559cc5badd9 <unknown>\n#7 0x5559cc59c173 <unknown>\n#8 0x5559cc56d2d3 <unknown>\n#9 0x5559cc56dc9e <unknown>\n#10 0x5559cc7ff8cb <unknown>\n#11 0x5559cc803745 <unknown>\n#12 0x5559cc7ec2e1 <unknown>\n#13 0x5559cc8042d2 <unknown>\n#14 0x5559cc7d017f <unknown>\n#15 0x5559cc829dc8 <unknown>\n#16 0x5559cc829fc3 <unknown>\n#17 0x5559cc83a944 <unknown>\n#18 0x7fb3fa866134 <unknown>","time":{"start":1708908776625,"stop":1708908776912,"duration":287}},{"uid":"2f78e050fd96fe1","reportUrl":"https://Nat754.github.io/StroyremAutomation/228//#testresult/2f78e050fd96fe1","status":"skipped","statusDetails":"XFAIL\n\nselenium.common.exceptions.NoSuchElementException: Message: no such element: Unable to locate element: {\"method\":\"xpath\",\"selector\":\"(//a[@class='add-to-cart yellow-btn'])[1]\"}\n  (Session info: chrome-headless-shell=122.0.6261.69); For documentation on this error, please visit: https://www.selenium.dev/documentation/webdriver/troubleshooting/errors#no-such-element-exception\nStacktrace:\n#0 0x56005c3f8793 <unknown>\n#1 0x56005c0ec1c6 <unknown>\n#2 0x56005c137358 <unknown>\n#3 0x56005c137411 <unknown>\n#4 0x56005c17a934 <unknown>\n#5 0x56005c1593fd <unknown>\n#6 0x56005c177dd9 <unknown>\n#7 0x56005c159173 <unknown>\n#8 0x56005c12a2d3 <unknown>\n#9 0x56005c12ac9e <unknown>\n#10 0x56005c3bc8cb <unknown>\n#11 0x56005c3c0745 <unknown>\n#12 0x56005c3a92e1 <unknown>\n#13 0x56005c3c12d2 <unknown>\n#14 0x56005c38d17f <unknown>\n#15 0x56005c3e6dc8 <unknown>\n#16 0x56005c3e6fc3 <unknown>\n#17 0x56005c3f7944 <unknown>\n#18 0x7f6c5856f134 <unknown>","time":{"start":1708822562811,"stop":1708822563161,"duration":350}},{"uid":"ac28b0ab6a49fd4d","reportUrl":"https://Nat754.github.io/StroyremAutomation/227//#testresult/ac28b0ab6a49fd4d","status":"skipped","statusDetails":"XFAIL\n\nselenium.common.exceptions.NoSuchElementException: Message: no such element: Unable to locate element: {\"method\":\"xpath\",\"selector\":\"(//a[@class='add-to-cart yellow-btn'])[1]\"}\n  (Session info: chrome-headless-shell=122.0.6261.69); For documentation on this error, please visit: https://www.selenium.dev/documentation/webdriver/troubleshooting/errors#no-such-element-exception\nStacktrace:\n#0 0x55877c4b8793 <unknown>\n#1 0x55877c1ac1c6 <unknown>\n#2 0x55877c1f7358 <unknown>\n#3 0x55877c1f7411 <unknown>\n#4 0x55877c23a934 <unknown>\n#5 0x55877c2193fd <unknown>\n#6 0x55877c237dd9 <unknown>\n#7 0x55877c219173 <unknown>\n#8 0x55877c1ea2d3 <unknown>\n#9 0x55877c1eac9e <unknown>\n#10 0x55877c47c8cb <unknown>\n#11 0x55877c480745 <unknown>\n#12 0x55877c4692e1 <unknown>\n#13 0x55877c4812d2 <unknown>\n#14 0x55877c44d17f <unknown>\n#15 0x55877c4a6dc8 <unknown>\n#16 0x55877c4a6fc3 <unknown>\n#17 0x55877c4b7944 <unknown>\n#18 0x7f2d37bfd134 <unknown>","time":{"start":1708735758957,"stop":1708735759249,"duration":292}},{"uid":"f8ba7f9d18f6cea0","reportUrl":"https://Nat754.github.io/StroyremAutomation/226//#testresult/f8ba7f9d18f6cea0","status":"skipped","statusDetails":"XFAIL\n\nselenium.common.exceptions.NoSuchElementException: Message: no such element: Unable to locate element: {\"method\":\"xpath\",\"selector\":\"(//a[@class='add-to-cart yellow-btn'])[1]\"}\n  (Session info: chrome-headless-shell=122.0.6261.69); For documentation on this error, please visit: https://www.selenium.dev/documentation/webdriver/troubleshooting/errors#no-such-element-exception\nStacktrace:\n#0 0x5618ac7e5793 <unknown>\n#1 0x5618ac4d91c6 <unknown>\n#2 0x5618ac524358 <unknown>\n#3 0x5618ac524411 <unknown>\n#4 0x5618ac567934 <unknown>\n#5 0x5618ac5463fd <unknown>\n#6 0x5618ac564dd9 <unknown>\n#7 0x5618ac546173 <unknown>\n#8 0x5618ac5172d3 <unknown>\n#9 0x5618ac517c9e <unknown>\n#10 0x5618ac7a98cb <unknown>\n#11 0x5618ac7ad745 <unknown>\n#12 0x5618ac7962e1 <unknown>\n#13 0x5618ac7ae2d2 <unknown>\n#14 0x5618ac77a17f <unknown>\n#15 0x5618ac7d3dc8 <unknown>\n#16 0x5618ac7d3fc3 <unknown>\n#17 0x5618ac7e4944 <unknown>\n#18 0x7f0524b7f134 <unknown>","time":{"start":1708649471555,"stop":1708649471867,"duration":312}},{"uid":"85621596e94a9ba7","reportUrl":"https://Nat754.github.io/StroyremAutomation/225//#testresult/85621596e94a9ba7","status":"skipped","statusDetails":"XFAIL\n\nselenium.common.exceptions.NoSuchElementException: Message: no such element: Unable to locate element: {\"method\":\"xpath\",\"selector\":\"(//a[@class='add-to-cart yellow-btn'])[1]\"}\n  (Session info: chrome-headless-shell=122.0.6261.57); For documentation on this error, please visit: https://www.selenium.dev/documentation/webdriver/troubleshooting/errors#no-such-element-exception\nStacktrace:\n#0 0x55a84ebc97d3 <unknown>\n#1 0x55a84e8bd1c6 <unknown>\n#2 0x55a84e908358 <unknown>\n#3 0x55a84e908411 <unknown>\n#4 0x55a84e94b934 <unknown>\n#5 0x55a84e92a3fd <unknown>\n#6 0x55a84e948dd9 <unknown>\n#7 0x55a84e92a173 <unknown>\n#8 0x55a84e8fb2d3 <unknown>\n#9 0x55a84e8fbc9e <unknown>\n#10 0x55a84eb8d90b <unknown>\n#11 0x55a84eb91785 <unknown>\n#12 0x55a84eb7a321 <unknown>\n#13 0x55a84eb92312 <unknown>\n#14 0x55a84eb5e1bf <unknown>\n#15 0x55a84ebb7e08 <unknown>\n#16 0x55a84ebb8003 <unknown>\n#17 0x55a84ebc8984 <unknown>\n#18 0x7fe0cd72d134 <unknown>","time":{"start":1708563137739,"stop":1708563138504,"duration":765}},{"uid":"6e25f5a70137b0fb","reportUrl":"https://Nat754.github.io/StroyremAutomation/224//#testresult/6e25f5a70137b0fb","status":"skipped","statusDetails":"XFAIL\n\nselenium.common.exceptions.NoSuchElementException: Message: no such element: Unable to locate element: {\"method\":\"xpath\",\"selector\":\"(//a[@class='add-to-cart yellow-btn'])[1]\"}\n  (Session info: chrome-headless-shell=122.0.6261.57); For documentation on this error, please visit: https://www.selenium.dev/documentation/webdriver/troubleshooting/errors#no-such-element-exception\nStacktrace:\n#0 0x559fbfb747d3 <unknown>\n#1 0x559fbf8681c6 <unknown>\n#2 0x559fbf8b3358 <unknown>\n#3 0x559fbf8b3411 <unknown>\n#4 0x559fbf8f6934 <unknown>\n#5 0x559fbf8d53fd <unknown>\n#6 0x559fbf8f3dd9 <unknown>\n#7 0x559fbf8d5173 <unknown>\n#8 0x559fbf8a62d3 <unknown>\n#9 0x559fbf8a6c9e <unknown>\n#10 0x559fbfb3890b <unknown>\n#11 0x559fbfb3c785 <unknown>\n#12 0x559fbfb25321 <unknown>\n#13 0x559fbfb3d312 <unknown>\n#14 0x559fbfb091bf <unknown>\n#15 0x559fbfb62e08 <unknown>\n#16 0x559fbfb63003 <unknown>\n#17 0x559fbfb73984 <unknown>\n#18 0x7f0be5749134 <unknown>","time":{"start":1708476786947,"stop":1708476787352,"duration":405}},{"uid":"5fd19e90efb636ed","reportUrl":"https://Nat754.github.io/StroyremAutomation/223//#testresult/5fd19e90efb636ed","status":"skipped","statusDetails":"XFAIL\n\nselenium.common.exceptions.NoSuchElementException: Message: no such element: Unable to locate element: {\"method\":\"xpath\",\"selector\":\"(//a[@class='add-to-cart yellow-btn'])[1]\"}\n  (Session info: chrome-headless-shell=121.0.6167.184); For documentation on this error, please visit: https://www.selenium.dev/documentation/webdriver/troubleshooting/errors#no-such-element-exception\nStacktrace:\n#0 0x55cd660f3303 <unknown>\n#1 0x55cd65dd82b7 <unknown>\n#2 0x55cd65e23cc0 <unknown>\n#3 0x55cd65e23db1 <unknown>\n#4 0x55cd65e67b44 <unknown>\n#5 0x55cd65e463ad <unknown>\n#6 0x55cd65e6507c <unknown>\n#7 0x55cd65e46123 <unknown>\n#8 0x55cd65e16095 <unknown>\n#9 0x55cd65e1709e <unknown>\n#10 0x55cd660b76ab <unknown>\n#11 0x55cd660bb4ba <unknown>\n#12 0x55cd660a3f85 <unknown>\n#13 0x55cd660bc12f <unknown>\n#14 0x55cd66087e6f <unknown>\n#15 0x55cd660e05f8 <unknown>\n#16 0x55cd660e07c2 <unknown>\n#17 0x55cd660f24a4 <unknown>\n#18 0x7f86a85d9134 <unknown>","time":{"start":1708390264390,"stop":1708390264851,"duration":461}}]},"tags":["@pytest.mark.xfail","smoke_test"]},"source":"f272d7b1d4424e42.json","parameterValues":["3320","16","'TD 018'","2490","'products/shtukaturka-gipsovaya-aksolit-m50-30-kg-mashinnogo-naneseniya'","850","'https://sandboxtest.stroyrem-nn.ru/'","500"]}