{"uid":"86a09b4a17783093","name":"Авторизация с помощью аккаунта ya.ru","fullName":"tests.test_sign_in.test_sign_in_page.TestSignInPage#test_positive_authorization_first_time_using_YA_smoke","historyId":"dad914aa68b78287aa131957fc42820c","time":{"start":1706404783683,"stop":1706404788762,"duration":5079},"status":"skipped","statusMessage":"XFAIL Появляется капча Яндекса при запуске теста на Github\n\nselenium.common.exceptions.InvalidCookieDomainException: Message: invalid cookie domain: Cookie 'domain' mismatch\n  (Session info: chrome-headless-shell=121.0.6167.85)\nStacktrace:\n#0 0x55b64ec24d93 <unknown>\n#1 0x55b64e908337 <unknown>\n#2 0x55b64e9a77ea <unknown>\n#3 0x55b64e976442 <unknown>\n#4 0x55b64e99512d <unknown>\n#5 0x55b64e9761e3 <unknown>\n#6 0x55b64e946135 <unknown>\n#7 0x55b64e94713e <unknown>\n#8 0x55b64ebe8e4b <unknown>\n#9 0x55b64ebecdfa <unknown>\n#10 0x55b64ebd56d5 <unknown>\n#11 0x55b64ebeda6f <unknown>\n#12 0x55b64ebb969f <unknown>\n#13 0x55b64ec12098 <unknown>\n#14 0x55b64ec12262 <unknown>\n#15 0x55b64ec23f34 <unknown>\n#16 0x7f15b95d3044 <unknown>","statusTrace":"self = <tests.test_sign_in.test_sign_in_page.TestSignInPage object at 0x7fe075b371d0>\ndriver = <selenium.webdriver.chrome.webdriver.WebDriver (session=\"d92a30e054499fe55c3f59e6c9d384f6\")>\nsign_in_page = <pages.sign_in_page.SignInPage object at 0x7fe0739f5cd0>\nopen_sign_in_window = None\n\n    @allure.title(\"Авторизация с помощью аккаунта ya.ru\")\n    @pytest.mark.xfail(reason=\"Появляется капча Яндекса при запуске теста на Github\")\n    @pytest.mark.smoke_test\n    def test_positive_authorization_first_time_using_YA_smoke(self, driver, sign_in_page, open_sign_in_window):\n        sign_in_page.get_ya_ru_auth_icon().click()\n        driver.switch_to.window(driver.window_handles[1])\n        # driver.delete_all_cookies()\n>       driver.add_cookie({'name': 'uniqueuid',\n                           'value': '384528911692006899',\n                           'domain': 'passport.yandex.ru',\n                           'httpOnly': True,\n                           'path': '/',\n                           'expiry': 1723499808,\n                           'sameSite': 'Lax',\n                           'secure': True})\n\ntests/test_sign_in/test_sign_in_page.py:137: \n_ _ _ _ _ _ _ _ _ _ _ _ _ _ _ _ _ _ _ _ _ _ _ _ _ _ _ _ _ _ _ _ _ _ _ _ _ _ _ _ \n/usr/local/lib/python3.11/site-packages/selenium/webdriver/remote/webdriver.py:632: in add_cookie\n    self.execute(Command.ADD_COOKIE, {\"cookie\": cookie_dict})\n/usr/local/lib/python3.11/site-packages/selenium/webdriver/remote/webdriver.py:345: in execute\n    self.error_handler.check_response(response)\n_ _ _ _ _ _ _ _ _ _ _ _ _ _ _ _ _ _ _ _ _ _ _ _ _ _ _ _ _ _ _ _ _ _ _ _ _ _ _ _ \n\nself = <selenium.webdriver.remote.errorhandler.ErrorHandler object at 0x7fe0739cca90>\nresponse = {'status': 400, 'value': '{\"value\":{\"error\":\"invalid cookie domain\",\"message\":\"invalid cookie domain: Cookie \\'domain\\...\\\\n#14 0x55b64ec12262 \\\\u003Cunknown>\\\\n#15 0x55b64ec23f34 \\\\u003Cunknown>\\\\n#16 0x7f15b95d3044 \\\\u003Cunknown>\\\\n\"}}'}\n\n    def check_response(self, response: Dict[str, Any]) -> None:\n        \"\"\"Checks that a JSON response from the WebDriver does not have an\n        error.\n    \n        :Args:\n         - response - The JSON response from the WebDriver server as a dictionary\n           object.\n    \n        :Raises: If the response contains an error message.\n        \"\"\"\n        status = response.get(\"status\", None)\n        if not status or status == ErrorCode.SUCCESS:\n            return\n        value = None\n        message = response.get(\"message\", \"\")\n        screen: str = response.get(\"screen\", \"\")\n        stacktrace = None\n        if isinstance(status, int):\n            value_json = response.get(\"value\", None)\n            if value_json and isinstance(value_json, str):\n                import json\n    \n                try:\n                    value = json.loads(value_json)\n                    if len(value) == 1:\n                        value = value[\"value\"]\n                    status = value.get(\"error\", None)\n                    if not status:\n                        status = value.get(\"status\", ErrorCode.UNKNOWN_ERROR)\n                        message = value.get(\"value\") or value.get(\"message\")\n                        if not isinstance(message, str):\n                            value = message\n                            message = message.get(\"message\")\n                    else:\n                        message = value.get(\"message\", None)\n                except ValueError:\n                    pass\n    \n        exception_class: Type[WebDriverException]\n        e = ErrorCode()\n        error_codes = [item for item in dir(e) if not item.startswith(\"__\")]\n        for error_code in error_codes:\n            error_info = getattr(ErrorCode, error_code)\n            if isinstance(error_info, list) and status in error_info:\n                exception_class = getattr(ExceptionMapping, error_code, WebDriverException)\n                break\n        else:\n            exception_class = WebDriverException\n    \n        if not value:\n            value = response[\"value\"]\n        if isinstance(value, str):\n            raise exception_class(value)\n        if message == \"\" and \"message\" in value:\n            message = value[\"message\"]\n    \n        screen = None  # type: ignore[assignment]\n        if \"screen\" in value:\n            screen = value[\"screen\"]\n    \n        stacktrace = None\n        st_value = value.get(\"stackTrace\") or value.get(\"stacktrace\")\n        if st_value:\n            if isinstance(st_value, str):\n                stacktrace = st_value.split(\"\\n\")\n            else:\n                stacktrace = []\n                try:\n                    for frame in st_value:\n                        line = frame.get(\"lineNumber\", \"\")\n                        file = frame.get(\"fileName\", \"<anonymous>\")\n                        if line:\n                            file = f\"{file}:{line}\"\n                        meth = frame.get(\"methodName\", \"<anonymous>\")\n                        if \"className\" in frame:\n                            meth = f\"{frame['className']}.{meth}\"\n                        msg = \"    at %s (%s)\"\n                        msg = msg % (meth, file)\n                        stacktrace.append(msg)\n                except TypeError:\n                    pass\n        if exception_class == UnexpectedAlertPresentException:\n            alert_text = None\n            if \"data\" in value:\n                alert_text = value[\"data\"].get(\"text\")\n            elif \"alert\" in value:\n                alert_text = value[\"alert\"].get(\"text\")\n            raise exception_class(message, screen, stacktrace, alert_text)  # type: ignore[call-arg]  # mypy is not smart enough here\n>       raise exception_class(message, screen, stacktrace)\nE       selenium.common.exceptions.InvalidCookieDomainException: Message: invalid cookie domain: Cookie 'domain' mismatch\nE         (Session info: chrome-headless-shell=121.0.6167.85)\nE       Stacktrace:\nE       #0 0x55b64ec24d93 <unknown>\nE       #1 0x55b64e908337 <unknown>\nE       #2 0x55b64e9a77ea <unknown>\nE       #3 0x55b64e976442 <unknown>\nE       #4 0x55b64e99512d <unknown>\nE       #5 0x55b64e9761e3 <unknown>\nE       #6 0x55b64e946135 <unknown>\nE       #7 0x55b64e94713e <unknown>\nE       #8 0x55b64ebe8e4b <unknown>\nE       #9 0x55b64ebecdfa <unknown>\nE       #10 0x55b64ebd56d5 <unknown>\nE       #11 0x55b64ebeda6f <unknown>\nE       #12 0x55b64ebb969f <unknown>\nE       #13 0x55b64ec12098 <unknown>\nE       #14 0x55b64ec12262 <unknown>\nE       #15 0x55b64ec23f34 <unknown>\nE       #16 0x7f15b95d3044 <unknown>\n\n/usr/local/lib/python3.11/site-packages/selenium/webdriver/remote/errorhandler.py:229: InvalidCookieDomainException","flaky":false,"newFailed":false,"newBroken":false,"newPassed":false,"retriesCount":0,"retriesStatusChange":false,"beforeStages":[{"name":"_session_faker","time":{"start":1706403092530,"stop":1706403092597,"duration":67},"status":"passed","steps":[],"attachments":[],"parameters":[],"shouldDisplayMessage":false,"stepsCount":0,"attachmentsCount":0,"hasContent":false,"attachmentStep":false},{"name":"clear_allure_results_folder","time":{"start":1706403092597,"stop":1706403092597,"duration":0},"status":"passed","steps":[],"attachments":[],"parameters":[],"shouldDisplayMessage":false,"stepsCount":0,"attachmentsCount":0,"hasContent":false,"attachmentStep":false},{"name":"driver","time":{"start":1706404772943,"stop":1706404773721,"duration":778},"status":"passed","steps":[],"attachments":[],"parameters":[],"shouldDisplayMessage":false,"stepsCount":0,"attachmentsCount":0,"hasContent":false,"attachmentStep":false},{"name":"setup","time":{"start":1706404773721,"stop":1706404773721,"duration":0},"status":"passed","steps":[],"attachments":[],"parameters":[],"shouldDisplayMessage":false,"stepsCount":0,"attachmentsCount":0,"hasContent":false,"attachmentStep":false},{"name":"sign_in_page","time":{"start":1706404773721,"stop":1706404783347,"duration":9626},"status":"passed","steps":[],"attachments":[],"parameters":[],"shouldDisplayMessage":false,"stepsCount":0,"attachmentsCount":0,"hasContent":false,"attachmentStep":false},{"name":"open_sign_in_window","time":{"start":1706404783348,"stop":1706404783683,"duration":335},"status":"passed","steps":[{"name":"Нахождение элемента: иконка профиля в хедере","time":{"start":1706404783348,"stop":1706404783357,"duration":9},"status":"passed","steps":[],"attachments":[],"parameters":[],"shouldDisplayMessage":false,"stepsCount":0,"attachmentsCount":0,"hasContent":false,"attachmentStep":false}],"attachments":[],"parameters":[],"shouldDisplayMessage":false,"stepsCount":1,"attachmentsCount":0,"hasContent":true,"attachmentStep":false}],"testStage":{"status":"skipped","statusMessage":"XFAIL Появляется капча Яндекса при запуске теста на Github\n\nselenium.common.exceptions.InvalidCookieDomainException: Message: invalid cookie domain: Cookie 'domain' mismatch\n  (Session info: chrome-headless-shell=121.0.6167.85)\nStacktrace:\n#0 0x55b64ec24d93 <unknown>\n#1 0x55b64e908337 <unknown>\n#2 0x55b64e9a77ea <unknown>\n#3 0x55b64e976442 <unknown>\n#4 0x55b64e99512d <unknown>\n#5 0x55b64e9761e3 <unknown>\n#6 0x55b64e946135 <unknown>\n#7 0x55b64e94713e <unknown>\n#8 0x55b64ebe8e4b <unknown>\n#9 0x55b64ebecdfa <unknown>\n#10 0x55b64ebd56d5 <unknown>\n#11 0x55b64ebeda6f <unknown>\n#12 0x55b64ebb969f <unknown>\n#13 0x55b64ec12098 <unknown>\n#14 0x55b64ec12262 <unknown>\n#15 0x55b64ec23f34 <unknown>\n#16 0x7f15b95d3044 <unknown>","statusTrace":"self = <tests.test_sign_in.test_sign_in_page.TestSignInPage object at 0x7fe075b371d0>\ndriver = <selenium.webdriver.chrome.webdriver.WebDriver (session=\"d92a30e054499fe55c3f59e6c9d384f6\")>\nsign_in_page = <pages.sign_in_page.SignInPage object at 0x7fe0739f5cd0>\nopen_sign_in_window = None\n\n    @allure.title(\"Авторизация с помощью аккаунта ya.ru\")\n    @pytest.mark.xfail(reason=\"Появляется капча Яндекса при запуске теста на Github\")\n    @pytest.mark.smoke_test\n    def test_positive_authorization_first_time_using_YA_smoke(self, driver, sign_in_page, open_sign_in_window):\n        sign_in_page.get_ya_ru_auth_icon().click()\n        driver.switch_to.window(driver.window_handles[1])\n        # driver.delete_all_cookies()\n>       driver.add_cookie({'name': 'uniqueuid',\n                           'value': '384528911692006899',\n                           'domain': 'passport.yandex.ru',\n                           'httpOnly': True,\n                           'path': '/',\n                           'expiry': 1723499808,\n                           'sameSite': 'Lax',\n                           'secure': True})\n\ntests/test_sign_in/test_sign_in_page.py:137: \n_ _ _ _ _ _ _ _ _ _ _ _ _ _ _ _ _ _ _ _ _ _ _ _ _ _ _ _ _ _ _ _ _ _ _ _ _ _ _ _ \n/usr/local/lib/python3.11/site-packages/selenium/webdriver/remote/webdriver.py:632: in add_cookie\n    self.execute(Command.ADD_COOKIE, {\"cookie\": cookie_dict})\n/usr/local/lib/python3.11/site-packages/selenium/webdriver/remote/webdriver.py:345: in execute\n    self.error_handler.check_response(response)\n_ _ _ _ _ _ _ _ _ _ _ _ _ _ _ _ _ _ _ _ _ _ _ _ _ _ _ _ _ _ _ _ _ _ _ _ _ _ _ _ \n\nself = <selenium.webdriver.remote.errorhandler.ErrorHandler object at 0x7fe0739cca90>\nresponse = {'status': 400, 'value': '{\"value\":{\"error\":\"invalid cookie domain\",\"message\":\"invalid cookie domain: Cookie \\'domain\\...\\\\n#14 0x55b64ec12262 \\\\u003Cunknown>\\\\n#15 0x55b64ec23f34 \\\\u003Cunknown>\\\\n#16 0x7f15b95d3044 \\\\u003Cunknown>\\\\n\"}}'}\n\n    def check_response(self, response: Dict[str, Any]) -> None:\n        \"\"\"Checks that a JSON response from the WebDriver does not have an\n        error.\n    \n        :Args:\n         - response - The JSON response from the WebDriver server as a dictionary\n           object.\n    \n        :Raises: If the response contains an error message.\n        \"\"\"\n        status = response.get(\"status\", None)\n        if not status or status == ErrorCode.SUCCESS:\n            return\n        value = None\n        message = response.get(\"message\", \"\")\n        screen: str = response.get(\"screen\", \"\")\n        stacktrace = None\n        if isinstance(status, int):\n            value_json = response.get(\"value\", None)\n            if value_json and isinstance(value_json, str):\n                import json\n    \n                try:\n                    value = json.loads(value_json)\n                    if len(value) == 1:\n                        value = value[\"value\"]\n                    status = value.get(\"error\", None)\n                    if not status:\n                        status = value.get(\"status\", ErrorCode.UNKNOWN_ERROR)\n                        message = value.get(\"value\") or value.get(\"message\")\n                        if not isinstance(message, str):\n                            value = message\n                            message = message.get(\"message\")\n                    else:\n                        message = value.get(\"message\", None)\n                except ValueError:\n                    pass\n    \n        exception_class: Type[WebDriverException]\n        e = ErrorCode()\n        error_codes = [item for item in dir(e) if not item.startswith(\"__\")]\n        for error_code in error_codes:\n            error_info = getattr(ErrorCode, error_code)\n            if isinstance(error_info, list) and status in error_info:\n                exception_class = getattr(ExceptionMapping, error_code, WebDriverException)\n                break\n        else:\n            exception_class = WebDriverException\n    \n        if not value:\n            value = response[\"value\"]\n        if isinstance(value, str):\n            raise exception_class(value)\n        if message == \"\" and \"message\" in value:\n            message = value[\"message\"]\n    \n        screen = None  # type: ignore[assignment]\n        if \"screen\" in value:\n            screen = value[\"screen\"]\n    \n        stacktrace = None\n        st_value = value.get(\"stackTrace\") or value.get(\"stacktrace\")\n        if st_value:\n            if isinstance(st_value, str):\n                stacktrace = st_value.split(\"\\n\")\n            else:\n                stacktrace = []\n                try:\n                    for frame in st_value:\n                        line = frame.get(\"lineNumber\", \"\")\n                        file = frame.get(\"fileName\", \"<anonymous>\")\n                        if line:\n                            file = f\"{file}:{line}\"\n                        meth = frame.get(\"methodName\", \"<anonymous>\")\n                        if \"className\" in frame:\n                            meth = f\"{frame['className']}.{meth}\"\n                        msg = \"    at %s (%s)\"\n                        msg = msg % (meth, file)\n                        stacktrace.append(msg)\n                except TypeError:\n                    pass\n        if exception_class == UnexpectedAlertPresentException:\n            alert_text = None\n            if \"data\" in value:\n                alert_text = value[\"data\"].get(\"text\")\n            elif \"alert\" in value:\n                alert_text = value[\"alert\"].get(\"text\")\n            raise exception_class(message, screen, stacktrace, alert_text)  # type: ignore[call-arg]  # mypy is not smart enough here\n>       raise exception_class(message, screen, stacktrace)\nE       selenium.common.exceptions.InvalidCookieDomainException: Message: invalid cookie domain: Cookie 'domain' mismatch\nE         (Session info: chrome-headless-shell=121.0.6167.85)\nE       Stacktrace:\nE       #0 0x55b64ec24d93 <unknown>\nE       #1 0x55b64e908337 <unknown>\nE       #2 0x55b64e9a77ea <unknown>\nE       #3 0x55b64e976442 <unknown>\nE       #4 0x55b64e99512d <unknown>\nE       #5 0x55b64e9761e3 <unknown>\nE       #6 0x55b64e946135 <unknown>\nE       #7 0x55b64e94713e <unknown>\nE       #8 0x55b64ebe8e4b <unknown>\nE       #9 0x55b64ebecdfa <unknown>\nE       #10 0x55b64ebd56d5 <unknown>\nE       #11 0x55b64ebeda6f <unknown>\nE       #12 0x55b64ebb969f <unknown>\nE       #13 0x55b64ec12098 <unknown>\nE       #14 0x55b64ec12262 <unknown>\nE       #15 0x55b64ec23f34 <unknown>\nE       #16 0x7f15b95d3044 <unknown>\n\n/usr/local/lib/python3.11/site-packages/selenium/webdriver/remote/errorhandler.py:229: InvalidCookieDomainException","steps":[{"name":"Нахождение элемента: иконка 'ya.ru' окна авторизации","time":{"start":1706404783683,"stop":1706404783696,"duration":13},"status":"passed","steps":[],"attachments":[],"parameters":[],"shouldDisplayMessage":false,"stepsCount":0,"attachmentsCount":0,"hasContent":false,"attachmentStep":false}],"attachments":[{"uid":"c2b74e5a8d37bce7","name":"Screenshot","source":"c2b74e5a8d37bce7.png","type":"image/png","size":382471},{"uid":"3dfabcfb142f1f11","name":"HTML source","source":"3dfabcfb142f1f11.html","type":"text/html","size":18522}],"parameters":[],"shouldDisplayMessage":true,"stepsCount":1,"attachmentsCount":2,"hasContent":true,"attachmentStep":false},"afterStages":[{"name":"setup::0","time":{"start":1706404788906,"stop":1706404788906,"duration":0},"status":"passed","steps":[],"attachments":[],"parameters":[],"shouldDisplayMessage":false,"stepsCount":0,"attachmentsCount":0,"hasContent":false,"attachmentStep":false},{"name":"driver::0","time":{"start":1706404788907,"stop":1706404788979,"duration":72},"status":"passed","steps":[],"attachments":[],"parameters":[],"shouldDisplayMessage":false,"stepsCount":0,"attachmentsCount":0,"hasContent":false,"attachmentStep":false}],"labels":[{"name":"epic","value":"Sign In Page"},{"name":"tag","value":"smoke_test"},{"name":"tag","value":"@pytest.mark.xfail(reason='Появляется капча Яндекса при запуске теста на Github')"},{"name":"parentSuite","value":"tests.test_sign_in"},{"name":"suite","value":"test_sign_in_page"},{"name":"subSuite","value":"TestSignInPage"},{"name":"host","value":"e1e493613001"},{"name":"thread","value":"1-MainThread"},{"name":"framework","value":"pytest"},{"name":"language","value":"cpython3"},{"name":"package","value":"tests.test_sign_in.test_sign_in_page"},{"name":"resultFormat","value":"allure2"}],"parameters":[],"links":[],"hidden":false,"retry":false,"extra":{"severity":"normal","retries":[],"categories":[],"history":{"statistic":{"failed":0,"broken":0,"skipped":179,"passed":4,"unknown":0,"total":183},"items":[{"uid":"7ea66e2c8100274f","reportUrl":"https://Nat754.github.io/StroyremAutomation/199//#testresult/7ea66e2c8100274f","status":"skipped","statusDetails":"XFAIL Появляется капча Яндекса при запуске теста на Github\n\nselenium.common.exceptions.TimeoutException: Message: \nStacktrace:\n#0 0x55c72e386d93 <unknown>\n#1 0x55c72e06a337 <unknown>\n#2 0x55c72e0b5d60 <unknown>\n#3 0x55c72e0b5e51 <unknown>\n#4 0x55c72e0f9bc4 <unknown>\n#5 0x55c72e0d846d <unknown>\n#6 0x55c72e0f712d <unknown>\n#7 0x55c72e0d81e3 <unknown>\n#8 0x55c72e0a8135 <unknown>\n#9 0x55c72e0a913e <unknown>\n#10 0x55c72e34ae4b <unknown>\n#11 0x55c72e34edfa <unknown>\n#12 0x55c72e3376d5 <unknown>\n#13 0x55c72e34fa6f <unknown>\n#14 0x55c72e31b69f <unknown>\n#15 0x55c72e374098 <unknown>\n#16 0x55c72e374262 <unknown>\n#17 0x55c72e385f34 <unknown>\n#18 0x7f6fc8939044 <unknown>","time":{"start":1706317762458,"stop":1706317781322,"duration":18864}},{"uid":"ab56663253858b55","reportUrl":"https://Nat754.github.io/StroyremAutomation/198//#testresult/ab56663253858b55","status":"skipped","statusDetails":"XFAIL Появляется капча Яндекса при запуске теста на Github\n\nselenium.common.exceptions.TimeoutException: Message: \nStacktrace:\n#0 0x55a1bc7e3d93 <unknown>\n#1 0x55a1bc4c7337 <unknown>\n#2 0x55a1bc512d60 <unknown>\n#3 0x55a1bc512e51 <unknown>\n#4 0x55a1bc556bc4 <unknown>\n#5 0x55a1bc53546d <unknown>\n#6 0x55a1bc55412d <unknown>\n#7 0x55a1bc5351e3 <unknown>\n#8 0x55a1bc505135 <unknown>\n#9 0x55a1bc50613e <unknown>\n#10 0x55a1bc7a7e4b <unknown>\n#11 0x55a1bc7abdfa <unknown>\n#12 0x55a1bc7946d5 <unknown>\n#13 0x55a1bc7aca6f <unknown>\n#14 0x55a1bc77869f <unknown>\n#15 0x55a1bc7d1098 <unknown>\n#16 0x55a1bc7d1262 <unknown>\n#17 0x55a1bc7e2f34 <unknown>\n#18 0x7fd717b0d044 <unknown>","time":{"start":1706231555968,"stop":1706231575685,"duration":19717}},{"uid":"33690b721a5d0a96","reportUrl":"https://Nat754.github.io/StroyremAutomation/197//#testresult/33690b721a5d0a96","status":"skipped","statusDetails":"XFAIL Появляется капча Яндекса при запуске теста на Github\n\nselenium.common.exceptions.NoSuchElementException: Message: no such element: Unable to locate element: {\"method\":\"css selector\",\"selector\":\"button[data-t='button:clear']\"}\n  (Session info: chrome-headless-shell=121.0.6167.85); For documentation on this error, please visit: https://www.selenium.dev/documentation/webdriver/troubleshooting/errors#no-such-element-exception\nStacktrace:\n#0 0x55571a7f8d93 <unknown>\n#1 0x55571a4dc337 <unknown>\n#2 0x55571a527d60 <unknown>\n#3 0x55571a527e51 <unknown>\n#4 0x55571a56bbc4 <unknown>\n#5 0x55571a54a46d <unknown>\n#6 0x55571a56912d <unknown>\n#7 0x55571a54a1e3 <unknown>\n#8 0x55571a51a135 <unknown>\n#9 0x55571a51b13e <unknown>\n#10 0x55571a7bce4b <unknown>\n#11 0x55571a7c0dfa <unknown>\n#12 0x55571a7a96d5 <unknown>\n#13 0x55571a7c1a6f <unknown>\n#14 0x55571a78d69f <unknown>\n#15 0x55571a7e6098 <unknown>\n#16 0x55571a7e6262 <unknown>\n#17 0x55571a7f7f34 <unknown>\n#18 0x7f1d33cfd044 <unknown>","time":{"start":1706149188185,"stop":1706149193710,"duration":5525}},{"uid":"c036b09db183d05a","reportUrl":"https://Nat754.github.io/StroyremAutomation/196//#testresult/c036b09db183d05a","status":"skipped","statusDetails":"XFAIL Появляется капча Яндекса при запуске теста на Github\n\nselenium.common.exceptions.NoSuchElementException: Message: no such element: Unable to locate element: {\"method\":\"css selector\",\"selector\":\"button[data-t='button:clear']\"}\n  (Session info: chrome-headless-shell=121.0.6167.85); For documentation on this error, please visit: https://www.selenium.dev/documentation/webdriver/troubleshooting/errors#no-such-element-exception\nStacktrace:\n#0 0x55d96ba6fd93 <unknown>\n#1 0x55d96b753337 <unknown>\n#2 0x55d96b79ed60 <unknown>\n#3 0x55d96b79ee51 <unknown>\n#4 0x55d96b7e2bc4 <unknown>\n#5 0x55d96b7c146d <unknown>\n#6 0x55d96b7e012d <unknown>\n#7 0x55d96b7c11e3 <unknown>\n#8 0x55d96b791135 <unknown>\n#9 0x55d96b79213e <unknown>\n#10 0x55d96ba33e4b <unknown>\n#11 0x55d96ba37dfa <unknown>\n#12 0x55d96ba206d5 <unknown>\n#13 0x55d96ba38a6f <unknown>\n#14 0x55d96ba0469f <unknown>\n#15 0x55d96ba5d098 <unknown>\n#16 0x55d96ba5d262 <unknown>\n#17 0x55d96ba6ef34 <unknown>\n#18 0x7f386dd93044 <unknown>","time":{"start":1706059306765,"stop":1706059312137,"duration":5372}},{"uid":"d73913adb0555b56","reportUrl":"https://Nat754.github.io/StroyremAutomation/195//#testresult/d73913adb0555b56","status":"skipped","statusDetails":"XFAIL Появляется капча Яндекса при запуске теста на Github\n\nselenium.common.exceptions.InvalidCookieDomainException: Message: invalid cookie domain: Cookie 'domain' mismatch\n  (Session info: chrome-headless-shell=120.0.6099.109)\nStacktrace:\n#0 0x55aa3654ef83 <unknown>\n#1 0x55aa36207cf7 <unknown>\n#2 0x55aa362b4538 <unknown>\n#3 0x55aa362810b2 <unknown>\n#4 0x55aa362a0006 <unknown>\n#5 0x55aa36280e53 <unknown>\n#6 0x55aa36248dd4 <unknown>\n#7 0x55aa3624a1de <unknown>\n#8 0x55aa36513531 <unknown>\n#9 0x55aa36517455 <unknown>\n#10 0x55aa364fff55 <unknown>\n#11 0x55aa365180ef <unknown>\n#12 0x55aa364e399f <unknown>\n#13 0x55aa3653c008 <unknown>\n#14 0x55aa3653c1d7 <unknown>\n#15 0x55aa3654e124 <unknown>\n#16 0x7f1333f10044 <unknown>","time":{"start":1705976068994,"stop":1705976072660,"duration":3666}},{"uid":"f280841d846e0cad","reportUrl":"https://Nat754.github.io/StroyremAutomation/194//#testresult/f280841d846e0cad","status":"skipped","statusDetails":"XFAIL Появляется капча Яндекса при запуске теста на Github\n\nselenium.common.exceptions.NoSuchElementException: Message: no such element: Unable to locate element: {\"method\":\"css selector\",\"selector\":\"button[data-t='button:clear']\"}\n  (Session info: chrome-headless-shell=120.0.6099.109); For documentation on this error, please visit: https://www.selenium.dev/documentation/webdriver/troubleshooting/errors#no-such-element-exception\nStacktrace:\n#0 0x55b68a125f83 <unknown>\n#1 0x55b689ddecf7 <unknown>\n#2 0x55b689e2e99e <unknown>\n#3 0x55b689e2eaa1 <unknown>\n#4 0x55b689e79d64 <unknown>\n#5 0x55b689e580dd <unknown>\n#6 0x55b689e77006 <unknown>\n#7 0x55b689e57e53 <unknown>\n#8 0x55b689e1fdd4 <unknown>\n#9 0x55b689e211de <unknown>\n#10 0x55b68a0ea531 <unknown>\n#11 0x55b68a0ee455 <unknown>\n#12 0x55b68a0d6f55 <unknown>\n#13 0x55b68a0ef0ef <unknown>\n#14 0x55b68a0ba99f <unknown>\n#15 0x55b68a113008 <unknown>\n#16 0x55b68a1131d7 <unknown>\n#17 0x55b68a125124 <unknown>\n#18 0x7f78fe2e2044 <unknown>","time":{"start":1705889858157,"stop":1705889861776,"duration":3619}},{"uid":"455bdf9226444740","reportUrl":"https://Nat754.github.io/StroyremAutomation/193//#testresult/455bdf9226444740","status":"skipped","statusDetails":"XFAIL Появляется капча Яндекса при запуске теста на Github\n\nselenium.common.exceptions.NoSuchElementException: Message: no such element: Unable to locate element: {\"method\":\"css selector\",\"selector\":\"button[data-t='button:clear']\"}\n  (Session info: chrome-headless-shell=120.0.6099.109); For documentation on this error, please visit: https://www.selenium.dev/documentation/webdriver/troubleshooting/errors#no-such-element-exception\nStacktrace:\n#0 0x55bf5493ef83 <unknown>\n#1 0x55bf545f7cf7 <unknown>\n#2 0x55bf5464799e <unknown>\n#3 0x55bf54647aa1 <unknown>\n#4 0x55bf54692d64 <unknown>\n#5 0x55bf546710dd <unknown>\n#6 0x55bf54690006 <unknown>\n#7 0x55bf54670e53 <unknown>\n#8 0x55bf54638dd4 <unknown>\n#9 0x55bf5463a1de <unknown>\n#10 0x55bf54903531 <unknown>\n#11 0x55bf54907455 <unknown>\n#12 0x55bf548eff55 <unknown>\n#13 0x55bf549080ef <unknown>\n#14 0x55bf548d399f <unknown>\n#15 0x55bf5492c008 <unknown>\n#16 0x55bf5492c1d7 <unknown>\n#17 0x55bf5493e124 <unknown>\n#18 0x7fe1512c2044 <unknown>","time":{"start":1705803536268,"stop":1705803541129,"duration":4861}},{"uid":"3a9a5a5526f38493","reportUrl":"https://Nat754.github.io/StroyremAutomation/192//#testresult/3a9a5a5526f38493","status":"skipped","statusDetails":"XFAIL Появляется капча Яндекса при запуске теста на Github\n\nselenium.common.exceptions.NoSuchElementException: Message: no such element: Unable to locate element: {\"method\":\"css selector\",\"selector\":\"button[data-t='button:clear']\"}\n  (Session info: chrome-headless-shell=120.0.6099.109); For documentation on this error, please visit: https://www.selenium.dev/documentation/webdriver/troubleshooting/errors#no-such-element-exception\nStacktrace:\n#0 0x55f035622f83 <unknown>\n#1 0x55f0352dbcf7 <unknown>\n#2 0x55f03532b99e <unknown>\n#3 0x55f03532baa1 <unknown>\n#4 0x55f035376d64 <unknown>\n#5 0x55f0353550dd <unknown>\n#6 0x55f035374006 <unknown>\n#7 0x55f035354e53 <unknown>\n#8 0x55f03531cdd4 <unknown>\n#9 0x55f03531e1de <unknown>\n#10 0x55f0355e7531 <unknown>\n#11 0x55f0355eb455 <unknown>\n#12 0x55f0355d3f55 <unknown>\n#13 0x55f0355ec0ef <unknown>\n#14 0x55f0355b799f <unknown>\n#15 0x55f035610008 <unknown>\n#16 0x55f0356101d7 <unknown>\n#17 0x55f035622124 <unknown>\n#18 0x7ff9c038f044 <unknown>","time":{"start":1705716763766,"stop":1705716767521,"duration":3755}},{"uid":"e658d5d593b2c037","reportUrl":"https://Nat754.github.io/StroyremAutomation/191//#testresult/e658d5d593b2c037","status":"skipped","statusDetails":"XFAIL Появляется капча Яндекса при запуске теста на Github\n\nselenium.common.exceptions.InvalidCookieDomainException: Message: invalid cookie domain: Cookie 'domain' mismatch\n  (Session info: chrome-headless-shell=120.0.6099.109)\nStacktrace:\n#0 0x560f5d85cf83 <unknown>\n#1 0x560f5d515cf7 <unknown>\n#2 0x560f5d5c2538 <unknown>\n#3 0x560f5d58f0b2 <unknown>\n#4 0x560f5d5ae006 <unknown>\n#5 0x560f5d58ee53 <unknown>\n#6 0x560f5d556dd4 <unknown>\n#7 0x560f5d5581de <unknown>\n#8 0x560f5d821531 <unknown>\n#9 0x560f5d825455 <unknown>\n#10 0x560f5d80df55 <unknown>\n#11 0x560f5d8260ef <unknown>\n#12 0x560f5d7f199f <unknown>\n#13 0x560f5d84a008 <unknown>\n#14 0x560f5d84a1d7 <unknown>\n#15 0x560f5d85c124 <unknown>\n#16 0x7f432461b044 <unknown>","time":{"start":1705630479835,"stop":1705630532048,"duration":52213}},{"uid":"920bc3bea9e630a0","reportUrl":"https://Nat754.github.io/StroyremAutomation/190//#testresult/920bc3bea9e630a0","status":"skipped","statusDetails":"XFAIL Появляется капча Яндекса при запуске теста на Github\n\nselenium.common.exceptions.NoSuchElementException: Message: no such element: Unable to locate element: {\"method\":\"css selector\",\"selector\":\"button[data-t='button:clear']\"}\n  (Session info: chrome-headless-shell=120.0.6099.109); For documentation on this error, please visit: https://www.selenium.dev/documentation/webdriver/troubleshooting/errors#no-such-element-exception\nStacktrace:\n#0 0x56106ea09f83 <unknown>\n#1 0x56106e6c2cf7 <unknown>\n#2 0x56106e71299e <unknown>\n#3 0x56106e712aa1 <unknown>\n#4 0x56106e75dd64 <unknown>\n#5 0x56106e73c0dd <unknown>\n#6 0x56106e75b006 <unknown>\n#7 0x56106e73be53 <unknown>\n#8 0x56106e703dd4 <unknown>\n#9 0x56106e7051de <unknown>\n#10 0x56106e9ce531 <unknown>\n#11 0x56106e9d2455 <unknown>\n#12 0x56106e9baf55 <unknown>\n#13 0x56106e9d30ef <unknown>\n#14 0x56106e99e99f <unknown>\n#15 0x56106e9f7008 <unknown>\n#16 0x56106e9f71d7 <unknown>\n#17 0x56106ea09124 <unknown>\n#18 0x7f8ab96b6044 <unknown>","time":{"start":1705544228463,"stop":1705544233717,"duration":5254}},{"uid":"af41c6f0b984a2bb","reportUrl":"https://Nat754.github.io/StroyremAutomation/189//#testresult/af41c6f0b984a2bb","status":"skipped","statusDetails":"XFAIL Появляется капча Яндекса при запуске теста на Github\n\nselenium.common.exceptions.NoSuchElementException: Message: no such element: Unable to locate element: {\"method\":\"css selector\",\"selector\":\"button[data-t='button:clear']\"}\n  (Session info: chrome-headless-shell=120.0.6099.109); For documentation on this error, please visit: https://www.selenium.dev/documentation/webdriver/troubleshooting/errors#no-such-element-exception\nStacktrace:\n#0 0x5653d5a21f83 <unknown>\n#1 0x5653d56dacf7 <unknown>\n#2 0x5653d572a99e <unknown>\n#3 0x5653d572aaa1 <unknown>\n#4 0x5653d5775d64 <unknown>\n#5 0x5653d57540dd <unknown>\n#6 0x5653d5773006 <unknown>\n#7 0x5653d5753e53 <unknown>\n#8 0x5653d571bdd4 <unknown>\n#9 0x5653d571d1de <unknown>\n#10 0x5653d59e6531 <unknown>\n#11 0x5653d59ea455 <unknown>\n#12 0x5653d59d2f55 <unknown>\n#13 0x5653d59eb0ef <unknown>\n#14 0x5653d59b699f <unknown>\n#15 0x5653d5a0f008 <unknown>\n#16 0x5653d5a0f1d7 <unknown>\n#17 0x5653d5a21124 <unknown>\n#18 0x7fc80d68f044 <unknown>","time":{"start":1705457917655,"stop":1705457923106,"duration":5451}},{"uid":"573039525bde4128","reportUrl":"https://Nat754.github.io/StroyremAutomation/188//#testresult/573039525bde4128","status":"skipped","statusDetails":"XFAIL Появляется капча Яндекса при запуске теста на Github\n\nselenium.common.exceptions.InvalidCookieDomainException: Message: invalid cookie domain: Cookie 'domain' mismatch\n  (Session info: chrome-headless-shell=120.0.6099.109)\nStacktrace:\n#0 0x56228b1c7f83 <unknown>\n#1 0x56228ae80cf7 <unknown>\n#2 0x56228af2d538 <unknown>\n#3 0x56228aefa0b2 <unknown>\n#4 0x56228af19006 <unknown>\n#5 0x56228aef9e53 <unknown>\n#6 0x56228aec1dd4 <unknown>\n#7 0x56228aec31de <unknown>\n#8 0x56228b18c531 <unknown>\n#9 0x56228b190455 <unknown>\n#10 0x56228b178f55 <unknown>\n#11 0x56228b1910ef <unknown>\n#12 0x56228b15c99f <unknown>\n#13 0x56228b1b5008 <unknown>\n#14 0x56228b1b51d7 <unknown>\n#15 0x56228b1c7124 <unknown>\n#16 0x7f1f70e6f044 <unknown>","time":{"start":1705371327396,"stop":1705371331000,"duration":3604}},{"uid":"e0152c1be24c8a0b","reportUrl":"https://Nat754.github.io/StroyremAutomation/187//#testresult/e0152c1be24c8a0b","status":"skipped","statusDetails":"XFAIL Появляется капча Яндекса при запуске теста на Github\n\nselenium.common.exceptions.NoSuchElementException: Message: no such element: Unable to locate element: {\"method\":\"css selector\",\"selector\":\"button[data-t='button:clear']\"}\n  (Session info: chrome-headless-shell=120.0.6099.109); For documentation on this error, please visit: https://www.selenium.dev/documentation/webdriver/troubleshooting/errors#no-such-element-exception\nStacktrace:\n#0 0x555bd0131f83 <unknown>\n#1 0x555bcfdeacf7 <unknown>\n#2 0x555bcfe3a99e <unknown>\n#3 0x555bcfe3aaa1 <unknown>\n#4 0x555bcfe85d64 <unknown>\n#5 0x555bcfe640dd <unknown>\n#6 0x555bcfe83006 <unknown>\n#7 0x555bcfe63e53 <unknown>\n#8 0x555bcfe2bdd4 <unknown>\n#9 0x555bcfe2d1de <unknown>\n#10 0x555bd00f6531 <unknown>\n#11 0x555bd00fa455 <unknown>\n#12 0x555bd00e2f55 <unknown>\n#13 0x555bd00fb0ef <unknown>\n#14 0x555bd00c699f <unknown>\n#15 0x555bd011f008 <unknown>\n#16 0x555bd011f1d7 <unknown>\n#17 0x555bd0131124 <unknown>\n#18 0x7f62381a0044 <unknown>","time":{"start":1705281568836,"stop":1705281573130,"duration":4294}},{"uid":"d09401bfb76acc93","reportUrl":"https://Nat754.github.io/StroyremAutomation/186//#testresult/d09401bfb76acc93","status":"skipped","statusDetails":"XFAIL Появляется капча Яндекса при запуске теста на Github\n\nselenium.common.exceptions.NoSuchElementException: Message: no such element: Unable to locate element: {\"method\":\"css selector\",\"selector\":\"button[data-t='button:clear']\"}\n  (Session info: chrome-headless-shell=120.0.6099.109); For documentation on this error, please visit: https://www.selenium.dev/documentation/webdriver/troubleshooting/errors#no-such-element-exception\nStacktrace:\n#0 0x56554242af83 <unknown>\n#1 0x5655420e3cf7 <unknown>\n#2 0x56554213399e <unknown>\n#3 0x565542133aa1 <unknown>\n#4 0x56554217ed64 <unknown>\n#5 0x56554215d0dd <unknown>\n#6 0x56554217c006 <unknown>\n#7 0x56554215ce53 <unknown>\n#8 0x565542124dd4 <unknown>\n#9 0x5655421261de <unknown>\n#10 0x5655423ef531 <unknown>\n#11 0x5655423f3455 <unknown>\n#12 0x5655423dbf55 <unknown>\n#13 0x5655423f40ef <unknown>\n#14 0x5655423bf99f <unknown>\n#15 0x565542418008 <unknown>\n#16 0x5655424181d7 <unknown>\n#17 0x56554242a124 <unknown>\n#18 0x7f4288c3b044 <unknown>","time":{"start":1705195472624,"stop":1705195478059,"duration":5435}},{"uid":"e160888f52323ccb","reportUrl":"https://Nat754.github.io/StroyremAutomation/185//#testresult/e160888f52323ccb","status":"skipped","statusDetails":"XFAIL Появляется капча Яндекса при запуске теста на Github\n\nselenium.common.exceptions.NoSuchElementException: Message: no such element: Unable to locate element: {\"method\":\"css selector\",\"selector\":\"button[data-t='button:clear']\"}\n  (Session info: chrome-headless-shell=120.0.6099.109); For documentation on this error, please visit: https://www.selenium.dev/documentation/webdriver/troubleshooting/errors#no-such-element-exception\nStacktrace:\n#0 0x55df81150f83 <unknown>\n#1 0x55df80e09cf7 <unknown>\n#2 0x55df80e5999e <unknown>\n#3 0x55df80e59aa1 <unknown>\n#4 0x55df80ea4d64 <unknown>\n#5 0x55df80e830dd <unknown>\n#6 0x55df80ea2006 <unknown>\n#7 0x55df80e82e53 <unknown>\n#8 0x55df80e4add4 <unknown>\n#9 0x55df80e4c1de <unknown>\n#10 0x55df81115531 <unknown>\n#11 0x55df81119455 <unknown>\n#12 0x55df81101f55 <unknown>\n#13 0x55df8111a0ef <unknown>\n#14 0x55df810e599f <unknown>\n#15 0x55df8113e008 <unknown>\n#16 0x55df8113e1d7 <unknown>\n#17 0x55df81150124 <unknown>\n#18 0x7ff60160d044 <unknown>","time":{"start":1705108720295,"stop":1705108725251,"duration":4956}},{"uid":"5463995f588e14e0","reportUrl":"https://Nat754.github.io/StroyremAutomation/184//#testresult/5463995f588e14e0","status":"skipped","statusDetails":"XFAIL Появляется капча Яндекса при запуске теста на Github\n\nselenium.common.exceptions.NoSuchElementException: Message: no such element: Unable to locate element: {\"method\":\"css selector\",\"selector\":\"button[data-t='button:clear']\"}\n  (Session info: chrome-headless-shell=120.0.6099.109); For documentation on this error, please visit: https://www.selenium.dev/documentation/webdriver/troubleshooting/errors#no-such-element-exception\nStacktrace:\n#0 0x555f48e0ff83 <unknown>\n#1 0x555f48ac8cf7 <unknown>\n#2 0x555f48b1899e <unknown>\n#3 0x555f48b18aa1 <unknown>\n#4 0x555f48b63d64 <unknown>\n#5 0x555f48b420dd <unknown>\n#6 0x555f48b61006 <unknown>\n#7 0x555f48b41e53 <unknown>\n#8 0x555f48b09dd4 <unknown>\n#9 0x555f48b0b1de <unknown>\n#10 0x555f48dd4531 <unknown>\n#11 0x555f48dd8455 <unknown>\n#12 0x555f48dc0f55 <unknown>\n#13 0x555f48dd90ef <unknown>\n#14 0x555f48da499f <unknown>\n#15 0x555f48dfd008 <unknown>\n#16 0x555f48dfd1d7 <unknown>\n#17 0x555f48e0f124 <unknown>\n#18 0x7f305ce59044 <unknown>","time":{"start":1705022162883,"stop":1705022167691,"duration":4808}},{"uid":"2d541e2b97051c86","reportUrl":"https://Nat754.github.io/StroyremAutomation/183//#testresult/2d541e2b97051c86","status":"skipped","statusDetails":"XFAIL Появляется капча Яндекса при запуске теста на Github\n\nselenium.common.exceptions.NoSuchElementException: Message: no such element: Unable to locate element: {\"method\":\"css selector\",\"selector\":\"button[data-t='button:clear']\"}\n  (Session info: chrome-headless-shell=120.0.6099.109); For documentation on this error, please visit: https://www.selenium.dev/documentation/webdriver/troubleshooting/errors#no-such-element-exception\nStacktrace:\n#0 0x55b6a7bb7f83 <unknown>\n#1 0x55b6a7870cf7 <unknown>\n#2 0x55b6a78c099e <unknown>\n#3 0x55b6a78c0aa1 <unknown>\n#4 0x55b6a790bd64 <unknown>\n#5 0x55b6a78ea0dd <unknown>\n#6 0x55b6a7909006 <unknown>\n#7 0x55b6a78e9e53 <unknown>\n#8 0x55b6a78b1dd4 <unknown>\n#9 0x55b6a78b31de <unknown>\n#10 0x55b6a7b7c531 <unknown>\n#11 0x55b6a7b80455 <unknown>\n#12 0x55b6a7b68f55 <unknown>\n#13 0x55b6a7b810ef <unknown>\n#14 0x55b6a7b4c99f <unknown>\n#15 0x55b6a7ba5008 <unknown>\n#16 0x55b6a7ba51d7 <unknown>\n#17 0x55b6a7bb7124 <unknown>\n#18 0x7fa3801c1044 <unknown>","time":{"start":1704935960856,"stop":1704935965982,"duration":5126}},{"uid":"e1682f00193bf002","reportUrl":"https://Nat754.github.io/StroyremAutomation/182//#testresult/e1682f00193bf002","status":"skipped","statusDetails":"XFAIL Появляется капча Яндекса при запуске теста на Github\n\nselenium.common.exceptions.NoSuchElementException: Message: no such element: Unable to locate element: {\"method\":\"css selector\",\"selector\":\"button[data-t='button:clear']\"}\n  (Session info: chrome-headless-shell=120.0.6099.109); For documentation on this error, please visit: https://www.selenium.dev/documentation/webdriver/troubleshooting/errors#no-such-element-exception\nStacktrace:\n#0 0x556bf2b0df83 <unknown>\n#1 0x556bf27c6cf7 <unknown>\n#2 0x556bf281699e <unknown>\n#3 0x556bf2816aa1 <unknown>\n#4 0x556bf2861d64 <unknown>\n#5 0x556bf28400dd <unknown>\n#6 0x556bf285f006 <unknown>\n#7 0x556bf283fe53 <unknown>\n#8 0x556bf2807dd4 <unknown>\n#9 0x556bf28091de <unknown>\n#10 0x556bf2ad2531 <unknown>\n#11 0x556bf2ad6455 <unknown>\n#12 0x556bf2abef55 <unknown>\n#13 0x556bf2ad70ef <unknown>\n#14 0x556bf2aa299f <unknown>\n#15 0x556bf2afb008 <unknown>\n#16 0x556bf2afb1d7 <unknown>\n#17 0x556bf2b0d124 <unknown>\n#18 0x7ff495d30044 <unknown>","time":{"start":1704849565838,"stop":1704849571073,"duration":5235}},{"uid":"646d40b79431b26b","reportUrl":"https://Nat754.github.io/StroyremAutomation/181//#testresult/646d40b79431b26b","status":"skipped","statusDetails":"XFAIL Появляется капча Яндекса при запуске теста на Github\n\nselenium.common.exceptions.NoSuchElementException: Message: no such element: Unable to locate element: {\"method\":\"css selector\",\"selector\":\"button[data-t='button:clear']\"}\n  (Session info: chrome-headless-shell=120.0.6099.109); For documentation on this error, please visit: https://www.selenium.dev/documentation/webdriver/troubleshooting/errors#no-such-element-exception\nStacktrace:\n#0 0x56534e9d4f83 <unknown>\n#1 0x56534e68dcf7 <unknown>\n#2 0x56534e6dd99e <unknown>\n#3 0x56534e6ddaa1 <unknown>\n#4 0x56534e728d64 <unknown>\n#5 0x56534e7070dd <unknown>\n#6 0x56534e726006 <unknown>\n#7 0x56534e706e53 <unknown>\n#8 0x56534e6cedd4 <unknown>\n#9 0x56534e6d01de <unknown>\n#10 0x56534e999531 <unknown>\n#11 0x56534e99d455 <unknown>\n#12 0x56534e985f55 <unknown>\n#13 0x56534e99e0ef <unknown>\n#14 0x56534e96999f <unknown>\n#15 0x56534e9c2008 <unknown>\n#16 0x56534e9c21d7 <unknown>\n#17 0x56534e9d4124 <unknown>\n#18 0x7fec7fcbe044 <unknown>","time":{"start":1704762830258,"stop":1704762833938,"duration":3680}},{"uid":"c91762277916a136","reportUrl":"https://Nat754.github.io/StroyremAutomation/180//#testresult/c91762277916a136","status":"skipped","statusDetails":"XFAIL Появляется капча Яндекса при запуске теста на Github\n\nselenium.common.exceptions.InvalidCookieDomainException: Message: invalid cookie domain: Cookie 'domain' mismatch\n  (Session info: chrome-headless-shell=120.0.6099.109)\nStacktrace:\n#0 0x55640e4c2f83 <unknown>\n#1 0x55640e17bcf7 <unknown>\n#2 0x55640e228538 <unknown>\n#3 0x55640e1f50b2 <unknown>\n#4 0x55640e214006 <unknown>\n#5 0x55640e1f4e53 <unknown>\n#6 0x55640e1bcdd4 <unknown>\n#7 0x55640e1be1de <unknown>\n#8 0x55640e487531 <unknown>\n#9 0x55640e48b455 <unknown>\n#10 0x55640e473f55 <unknown>\n#11 0x55640e48c0ef <unknown>\n#12 0x55640e45799f <unknown>\n#13 0x55640e4b0008 <unknown>\n#14 0x55640e4b01d7 <unknown>\n#15 0x55640e4c2124 <unknown>\n#16 0x7f9c48f90044 <unknown>","time":{"start":1704676479079,"stop":1704676482889,"duration":3810}}]},"tags":["@pytest.mark.xfail(reason='Появляется капча Яндекса при запуске теста на Github')","smoke_test"]},"source":"86a09b4a17783093.json","parameterValues":[]}