{"uid":"7ae6b44840dffd96","name":"TD 015 Доставка товара весом до 30кг. в синей зоне","fullName":"tests.delivery.test_delivery_calculation.TestDeliveryPageCalculation#test_positive_delivery_blue_zone_smoke","historyId":"ae12a59ab9fb9a38e23182dccc7cf409","time":{"start":1725584673672,"stop":1725584674141,"duration":469},"status":"skipped","statusMessage":"XFAIL\n\nselenium.common.exceptions.NoSuchElementException: Message: no such element: Unable to locate element: {\"method\":\"xpath\",\"selector\":\"(//a[@class='add-to-cart yellow-btn'])[1]\"}\n  (Session info: chrome=128.0.6613.119); For documentation on this error, please visit: https://www.selenium.dev/documentation/webdriver/troubleshooting/errors#no-such-element-exception\nStacktrace:\n#0 0x56411cae586a <unknown>\n#1 0x56411c7b3e50 <unknown>\n#2 0x56411c803644 <unknown>\n#3 0x56411c803931 <unknown>\n#4 0x56411c849534 <unknown>\n#5 0x56411c8284bd <unknown>\n#6 0x56411c8469c6 <unknown>\n#7 0x56411c828233 <unknown>\n#8 0x56411c7f6093 <unknown>\n#9 0x56411c7f709e <unknown>\n#10 0x56411caacacb <unknown>\n#11 0x56411cab0a81 <unknown>\n#12 0x56411ca98695 <unknown>\n#13 0x56411cab15f2 <unknown>\n#14 0x56411ca7d86f <unknown>\n#15 0x56411cad4668 <unknown>\n#16 0x56411cad4832 <unknown>\n#17 0x56411cae465c <unknown>\n#18 0x7fe50ab7e144 <unknown>","statusTrace":"self = <tests.delivery.test_delivery_calculation.TestDeliveryPageCalculation object at 0x7fe4646ec390>\ndriver = <selenium.webdriver.chrome.webdriver.WebDriver (session=\"1a19d9e8a7a5392b835141112a1f6f8f\")>\nurl = 'https://sandboxtest.stroyrem-nn.ru/', case_id = 'TD 015'\nlink_item = 'products/shtukaturka-tsementnaya-bergauf-bau-putts-tsement-25kg-56sht'\namount = 1, weight = 30, standard = 650, in_time = 2390, all_time = 3320\n\n    @pytest.mark.parametrize('case_id, link_item, amount, weight, standard, in_time, all_time', [\n        (\"TD 015\", bundeks_25, 1, 30, 650, 2390, 3320),\n        pytest.param(\n            \"TD 016\", aksolit_30, 8, 300, 650, 2390, 3320,\n            marks=pytest.mark.xfail(reson=\"Цена доставки: - - -\")\n        ),\n        (\"TD 017\", aksolit_30, 13, 400, 650, 2390, 3320),\n        (\"TD 018\", aksolit_30, 16, 500, 850, 2490, 3320),\n        (\"TD 019\", aksolit_30, 25, 1700, 1150, 2490, 3320),\n        (\"TD 020\", aksolit_30, 66, 2000, 1500, 2990, 3650),\n        (\"TD 021\", aksolit_30, 149, 4500, 2600, 4380, 4890),\n        (\"TD 022\", aksolit_30, 166, 5000, 2800, 5490, 5980),\n        pytest.param(\n            \"TD 023\", aksolit_30, 206, 6200, 3300, 7500, 8000,\n            marks=pytest.mark.xfail(reson=\"Цена доставки: 4300 9900 11440\")\n        ),\n        (\"TD 024\", aksolit_30, 299, 9000, 4300, 9900, 11440),\n        (\"TD 025\", aksolit_30, 333, 10000, 7000, 13900, 15900),\n        pytest.param(\n            \"TD 026\", aksolit_30, 366, 11000, 8000, 14900, 19900,\n            marks=pytest.mark.xfail(reson=\"Цена доставки: 7000 13900 15900\")\n        ),\n        pytest.param(\n            \"TD 027\", aksolit_30, 666, 20000, 14000, 16900, 23900,\n            marks=pytest.mark.xfail(reson=\"Цена доставки: 7000 13900 15900\")\n        )\n    ])\n    @pytest.mark.xfail\n    @pytest.mark.smoke_test\n    def test_positive_delivery_blue_zone_smoke(\n            self, driver, url, case_id, link_item, amount, weight, standard, in_time, all_time\n    ):\n        allure.dynamic.title(f\"{case_id} Доставка товара весом до {weight}кг. в синей зоне\")\n    \n        driver.get(f'{url}{link_item}')\n        item_page = ItemPage(driver)\n>       item_page.add_item_to_cart(amount).click_on_cart()\n\ntests/delivery/test_delivery_calculation.py:132: \n_ _ _ _ _ _ _ _ _ _ _ _ _ _ _ _ _ _ _ _ _ _ _ _ _ _ _ _ _ _ _ _ _ _ _ _ _ _ _ _ \npages/item_page.py:40: in add_item_to_cart\n    self.find_element(self._add_item).click()\nbase/seleniumbase.py:17: in find_element\n    return self.driver.find_element(*locator)\n/usr/local/lib/python3.11/site-packages/selenium/webdriver/remote/webdriver.py:739: in find_element\n    return self.execute(Command.FIND_ELEMENT, {\"using\": by, \"value\": value})[\"value\"]\n/usr/local/lib/python3.11/site-packages/selenium/webdriver/remote/webdriver.py:345: in execute\n    self.error_handler.check_response(response)\n_ _ _ _ _ _ _ _ _ _ _ _ _ _ _ _ _ _ _ _ _ _ _ _ _ _ _ _ _ _ _ _ _ _ _ _ _ _ _ _ \n\nself = <selenium.webdriver.remote.errorhandler.ErrorHandler object at 0x7fe463d1b3d0>\nresponse = {'status': 404, 'value': '{\"value\":{\"error\":\"no such element\",\"message\":\"no such element: Unable to locate element: {\\...\\\\n#16 0x56411cad4832 \\\\u003Cunknown>\\\\n#17 0x56411cae465c \\\\u003Cunknown>\\\\n#18 0x7fe50ab7e144 \\\\u003Cunknown>\\\\n\"}}'}\n\n    def check_response(self, response: Dict[str, Any]) -> None:\n        \"\"\"Checks that a JSON response from the WebDriver does not have an\n        error.\n    \n        :Args:\n         - response - The JSON response from the WebDriver server as a dictionary\n           object.\n    \n        :Raises: If the response contains an error message.\n        \"\"\"\n        status = response.get(\"status\", None)\n        if not status or status == ErrorCode.SUCCESS:\n            return\n        value = None\n        message = response.get(\"message\", \"\")\n        screen: str = response.get(\"screen\", \"\")\n        stacktrace = None\n        if isinstance(status, int):\n            value_json = response.get(\"value\", None)\n            if value_json and isinstance(value_json, str):\n                import json\n    \n                try:\n                    value = json.loads(value_json)\n                    if len(value) == 1:\n                        value = value[\"value\"]\n                    status = value.get(\"error\", None)\n                    if not status:\n                        status = value.get(\"status\", ErrorCode.UNKNOWN_ERROR)\n                        message = value.get(\"value\") or value.get(\"message\")\n                        if not isinstance(message, str):\n                            value = message\n                            message = message.get(\"message\")\n                    else:\n                        message = value.get(\"message\", None)\n                except ValueError:\n                    pass\n    \n        exception_class: Type[WebDriverException]\n        e = ErrorCode()\n        error_codes = [item for item in dir(e) if not item.startswith(\"__\")]\n        for error_code in error_codes:\n            error_info = getattr(ErrorCode, error_code)\n            if isinstance(error_info, list) and status in error_info:\n                exception_class = getattr(ExceptionMapping, error_code, WebDriverException)\n                break\n        else:\n            exception_class = WebDriverException\n    \n        if not value:\n            value = response[\"value\"]\n        if isinstance(value, str):\n            raise exception_class(value)\n        if message == \"\" and \"message\" in value:\n            message = value[\"message\"]\n    \n        screen = None  # type: ignore[assignment]\n        if \"screen\" in value:\n            screen = value[\"screen\"]\n    \n        stacktrace = None\n        st_value = value.get(\"stackTrace\") or value.get(\"stacktrace\")\n        if st_value:\n            if isinstance(st_value, str):\n                stacktrace = st_value.split(\"\\n\")\n            else:\n                stacktrace = []\n                try:\n                    for frame in st_value:\n                        line = frame.get(\"lineNumber\", \"\")\n                        file = frame.get(\"fileName\", \"<anonymous>\")\n                        if line:\n                            file = f\"{file}:{line}\"\n                        meth = frame.get(\"methodName\", \"<anonymous>\")\n                        if \"className\" in frame:\n                            meth = f\"{frame['className']}.{meth}\"\n                        msg = \"    at %s (%s)\"\n                        msg = msg % (meth, file)\n                        stacktrace.append(msg)\n                except TypeError:\n                    pass\n        if exception_class == UnexpectedAlertPresentException:\n            alert_text = None\n            if \"data\" in value:\n                alert_text = value[\"data\"].get(\"text\")\n            elif \"alert\" in value:\n                alert_text = value[\"alert\"].get(\"text\")\n            raise exception_class(message, screen, stacktrace, alert_text)  # type: ignore[call-arg]  # mypy is not smart enough here\n>       raise exception_class(message, screen, stacktrace)\nE       selenium.common.exceptions.NoSuchElementException: Message: no such element: Unable to locate element: {\"method\":\"xpath\",\"selector\":\"(//a[@class='add-to-cart yellow-btn'])[1]\"}\nE         (Session info: chrome=128.0.6613.119); For documentation on this error, please visit: https://www.selenium.dev/documentation/webdriver/troubleshooting/errors#no-such-element-exception\nE       Stacktrace:\nE       #0 0x56411cae586a <unknown>\nE       #1 0x56411c7b3e50 <unknown>\nE       #2 0x56411c803644 <unknown>\nE       #3 0x56411c803931 <unknown>\nE       #4 0x56411c849534 <unknown>\nE       #5 0x56411c8284bd <unknown>\nE       #6 0x56411c8469c6 <unknown>\nE       #7 0x56411c828233 <unknown>\nE       #8 0x56411c7f6093 <unknown>\nE       #9 0x56411c7f709e <unknown>\nE       #10 0x56411caacacb <unknown>\nE       #11 0x56411cab0a81 <unknown>\nE       #12 0x56411ca98695 <unknown>\nE       #13 0x56411cab15f2 <unknown>\nE       #14 0x56411ca7d86f <unknown>\nE       #15 0x56411cad4668 <unknown>\nE       #16 0x56411cad4832 <unknown>\nE       #17 0x56411cae465c <unknown>\nE       #18 0x7fe50ab7e144 <unknown>\n\n/usr/local/lib/python3.11/site-packages/selenium/webdriver/remote/errorhandler.py:229: NoSuchElementException","flaky":false,"newFailed":false,"newBroken":false,"newPassed":false,"retriesCount":0,"retriesStatusChange":false,"beforeStages":[{"name":"_session_faker","time":{"start":1725584404811,"stop":1725584404882,"duration":71},"status":"passed","steps":[],"attachments":[],"parameters":[],"shouldDisplayMessage":false,"stepsCount":0,"attachmentsCount":0,"hasContent":false,"attachmentStep":false},{"name":"clear_allure_results_folder","time":{"start":1725584404882,"stop":1725584404882,"duration":0},"status":"passed","steps":[],"attachments":[],"parameters":[],"shouldDisplayMessage":false,"stepsCount":0,"attachmentsCount":0,"hasContent":false,"attachmentStep":false},{"name":"driver","time":{"start":1725584672867,"stop":1725584673671,"duration":804},"status":"passed","steps":[],"attachments":[],"parameters":[],"shouldDisplayMessage":false,"stepsCount":0,"attachmentsCount":0,"hasContent":false,"attachmentStep":false},{"name":"setup","time":{"start":1725584673671,"stop":1725584673671,"duration":0},"status":"passed","steps":[],"attachments":[],"parameters":[],"shouldDisplayMessage":false,"stepsCount":0,"attachmentsCount":0,"hasContent":false,"attachmentStep":false}],"testStage":{"status":"skipped","statusMessage":"XFAIL\n\nselenium.common.exceptions.NoSuchElementException: Message: no such element: Unable to locate element: {\"method\":\"xpath\",\"selector\":\"(//a[@class='add-to-cart yellow-btn'])[1]\"}\n  (Session info: chrome=128.0.6613.119); For documentation on this error, please visit: https://www.selenium.dev/documentation/webdriver/troubleshooting/errors#no-such-element-exception\nStacktrace:\n#0 0x56411cae586a <unknown>\n#1 0x56411c7b3e50 <unknown>\n#2 0x56411c803644 <unknown>\n#3 0x56411c803931 <unknown>\n#4 0x56411c849534 <unknown>\n#5 0x56411c8284bd <unknown>\n#6 0x56411c8469c6 <unknown>\n#7 0x56411c828233 <unknown>\n#8 0x56411c7f6093 <unknown>\n#9 0x56411c7f709e <unknown>\n#10 0x56411caacacb <unknown>\n#11 0x56411cab0a81 <unknown>\n#12 0x56411ca98695 <unknown>\n#13 0x56411cab15f2 <unknown>\n#14 0x56411ca7d86f <unknown>\n#15 0x56411cad4668 <unknown>\n#16 0x56411cad4832 <unknown>\n#17 0x56411cae465c <unknown>\n#18 0x7fe50ab7e144 <unknown>","statusTrace":"self = <tests.delivery.test_delivery_calculation.TestDeliveryPageCalculation object at 0x7fe4646ec390>\ndriver = <selenium.webdriver.chrome.webdriver.WebDriver (session=\"1a19d9e8a7a5392b835141112a1f6f8f\")>\nurl = 'https://sandboxtest.stroyrem-nn.ru/', case_id = 'TD 015'\nlink_item = 'products/shtukaturka-tsementnaya-bergauf-bau-putts-tsement-25kg-56sht'\namount = 1, weight = 30, standard = 650, in_time = 2390, all_time = 3320\n\n    @pytest.mark.parametrize('case_id, link_item, amount, weight, standard, in_time, all_time', [\n        (\"TD 015\", bundeks_25, 1, 30, 650, 2390, 3320),\n        pytest.param(\n            \"TD 016\", aksolit_30, 8, 300, 650, 2390, 3320,\n            marks=pytest.mark.xfail(reson=\"Цена доставки: - - -\")\n        ),\n        (\"TD 017\", aksolit_30, 13, 400, 650, 2390, 3320),\n        (\"TD 018\", aksolit_30, 16, 500, 850, 2490, 3320),\n        (\"TD 019\", aksolit_30, 25, 1700, 1150, 2490, 3320),\n        (\"TD 020\", aksolit_30, 66, 2000, 1500, 2990, 3650),\n        (\"TD 021\", aksolit_30, 149, 4500, 2600, 4380, 4890),\n        (\"TD 022\", aksolit_30, 166, 5000, 2800, 5490, 5980),\n        pytest.param(\n            \"TD 023\", aksolit_30, 206, 6200, 3300, 7500, 8000,\n            marks=pytest.mark.xfail(reson=\"Цена доставки: 4300 9900 11440\")\n        ),\n        (\"TD 024\", aksolit_30, 299, 9000, 4300, 9900, 11440),\n        (\"TD 025\", aksolit_30, 333, 10000, 7000, 13900, 15900),\n        pytest.param(\n            \"TD 026\", aksolit_30, 366, 11000, 8000, 14900, 19900,\n            marks=pytest.mark.xfail(reson=\"Цена доставки: 7000 13900 15900\")\n        ),\n        pytest.param(\n            \"TD 027\", aksolit_30, 666, 20000, 14000, 16900, 23900,\n            marks=pytest.mark.xfail(reson=\"Цена доставки: 7000 13900 15900\")\n        )\n    ])\n    @pytest.mark.xfail\n    @pytest.mark.smoke_test\n    def test_positive_delivery_blue_zone_smoke(\n            self, driver, url, case_id, link_item, amount, weight, standard, in_time, all_time\n    ):\n        allure.dynamic.title(f\"{case_id} Доставка товара весом до {weight}кг. в синей зоне\")\n    \n        driver.get(f'{url}{link_item}')\n        item_page = ItemPage(driver)\n>       item_page.add_item_to_cart(amount).click_on_cart()\n\ntests/delivery/test_delivery_calculation.py:132: \n_ _ _ _ _ _ _ _ _ _ _ _ _ _ _ _ _ _ _ _ _ _ _ _ _ _ _ _ _ _ _ _ _ _ _ _ _ _ _ _ \npages/item_page.py:40: in add_item_to_cart\n    self.find_element(self._add_item).click()\nbase/seleniumbase.py:17: in find_element\n    return self.driver.find_element(*locator)\n/usr/local/lib/python3.11/site-packages/selenium/webdriver/remote/webdriver.py:739: in find_element\n    return self.execute(Command.FIND_ELEMENT, {\"using\": by, \"value\": value})[\"value\"]\n/usr/local/lib/python3.11/site-packages/selenium/webdriver/remote/webdriver.py:345: in execute\n    self.error_handler.check_response(response)\n_ _ _ _ _ _ _ _ _ _ _ _ _ _ _ _ _ _ _ _ _ _ _ _ _ _ _ _ _ _ _ _ _ _ _ _ _ _ _ _ \n\nself = <selenium.webdriver.remote.errorhandler.ErrorHandler object at 0x7fe463d1b3d0>\nresponse = {'status': 404, 'value': '{\"value\":{\"error\":\"no such element\",\"message\":\"no such element: Unable to locate element: {\\...\\\\n#16 0x56411cad4832 \\\\u003Cunknown>\\\\n#17 0x56411cae465c \\\\u003Cunknown>\\\\n#18 0x7fe50ab7e144 \\\\u003Cunknown>\\\\n\"}}'}\n\n    def check_response(self, response: Dict[str, Any]) -> None:\n        \"\"\"Checks that a JSON response from the WebDriver does not have an\n        error.\n    \n        :Args:\n         - response - The JSON response from the WebDriver server as a dictionary\n           object.\n    \n        :Raises: If the response contains an error message.\n        \"\"\"\n        status = response.get(\"status\", None)\n        if not status or status == ErrorCode.SUCCESS:\n            return\n        value = None\n        message = response.get(\"message\", \"\")\n        screen: str = response.get(\"screen\", \"\")\n        stacktrace = None\n        if isinstance(status, int):\n            value_json = response.get(\"value\", None)\n            if value_json and isinstance(value_json, str):\n                import json\n    \n                try:\n                    value = json.loads(value_json)\n                    if len(value) == 1:\n                        value = value[\"value\"]\n                    status = value.get(\"error\", None)\n                    if not status:\n                        status = value.get(\"status\", ErrorCode.UNKNOWN_ERROR)\n                        message = value.get(\"value\") or value.get(\"message\")\n                        if not isinstance(message, str):\n                            value = message\n                            message = message.get(\"message\")\n                    else:\n                        message = value.get(\"message\", None)\n                except ValueError:\n                    pass\n    \n        exception_class: Type[WebDriverException]\n        e = ErrorCode()\n        error_codes = [item for item in dir(e) if not item.startswith(\"__\")]\n        for error_code in error_codes:\n            error_info = getattr(ErrorCode, error_code)\n            if isinstance(error_info, list) and status in error_info:\n                exception_class = getattr(ExceptionMapping, error_code, WebDriverException)\n                break\n        else:\n            exception_class = WebDriverException\n    \n        if not value:\n            value = response[\"value\"]\n        if isinstance(value, str):\n            raise exception_class(value)\n        if message == \"\" and \"message\" in value:\n            message = value[\"message\"]\n    \n        screen = None  # type: ignore[assignment]\n        if \"screen\" in value:\n            screen = value[\"screen\"]\n    \n        stacktrace = None\n        st_value = value.get(\"stackTrace\") or value.get(\"stacktrace\")\n        if st_value:\n            if isinstance(st_value, str):\n                stacktrace = st_value.split(\"\\n\")\n            else:\n                stacktrace = []\n                try:\n                    for frame in st_value:\n                        line = frame.get(\"lineNumber\", \"\")\n                        file = frame.get(\"fileName\", \"<anonymous>\")\n                        if line:\n                            file = f\"{file}:{line}\"\n                        meth = frame.get(\"methodName\", \"<anonymous>\")\n                        if \"className\" in frame:\n                            meth = f\"{frame['className']}.{meth}\"\n                        msg = \"    at %s (%s)\"\n                        msg = msg % (meth, file)\n                        stacktrace.append(msg)\n                except TypeError:\n                    pass\n        if exception_class == UnexpectedAlertPresentException:\n            alert_text = None\n            if \"data\" in value:\n                alert_text = value[\"data\"].get(\"text\")\n            elif \"alert\" in value:\n                alert_text = value[\"alert\"].get(\"text\")\n            raise exception_class(message, screen, stacktrace, alert_text)  # type: ignore[call-arg]  # mypy is not smart enough here\n>       raise exception_class(message, screen, stacktrace)\nE       selenium.common.exceptions.NoSuchElementException: Message: no such element: Unable to locate element: {\"method\":\"xpath\",\"selector\":\"(//a[@class='add-to-cart yellow-btn'])[1]\"}\nE         (Session info: chrome=128.0.6613.119); For documentation on this error, please visit: https://www.selenium.dev/documentation/webdriver/troubleshooting/errors#no-such-element-exception\nE       Stacktrace:\nE       #0 0x56411cae586a <unknown>\nE       #1 0x56411c7b3e50 <unknown>\nE       #2 0x56411c803644 <unknown>\nE       #3 0x56411c803931 <unknown>\nE       #4 0x56411c849534 <unknown>\nE       #5 0x56411c8284bd <unknown>\nE       #6 0x56411c8469c6 <unknown>\nE       #7 0x56411c828233 <unknown>\nE       #8 0x56411c7f6093 <unknown>\nE       #9 0x56411c7f709e <unknown>\nE       #10 0x56411caacacb <unknown>\nE       #11 0x56411cab0a81 <unknown>\nE       #12 0x56411ca98695 <unknown>\nE       #13 0x56411cab15f2 <unknown>\nE       #14 0x56411ca7d86f <unknown>\nE       #15 0x56411cad4668 <unknown>\nE       #16 0x56411cad4832 <unknown>\nE       #17 0x56411cae465c <unknown>\nE       #18 0x7fe50ab7e144 <unknown>\n\n/usr/local/lib/python3.11/site-packages/selenium/webdriver/remote/errorhandler.py:229: NoSuchElementException","steps":[{"name":"Добавляем товар в корзину в количестве 1","time":{"start":1725584674118,"stop":1725584674140,"duration":22},"status":"broken","statusMessage":"selenium.common.exceptions.NoSuchElementException: Message: no such element: Unable to locate element: {\"method\":\"xpath\",\"selector\":\"(//a[@class='add-to-cart yellow-btn'])[1]\"}\n  (Session info: chrome=128.0.6613.119); For documentation on this error, please visit: https://www.selenium.dev/documentation/webdriver/troubleshooting/errors#no-such-element-exception\nStacktrace:\n#0 0x56411cae586a <unknown>\n#1 0x56411c7b3e50 <unknown>\n#2 0x56411c803644 <unknown>\n#3 0x56411c803931 <unknown>\n#4 0x56411c849534 <unknown>\n#5 0x56411c8284bd <unknown>\n#6 0x56411c8469c6 <unknown>\n#7 0x56411c828233 <unknown>\n#8 0x56411c7f6093 <unknown>\n#9 0x56411c7f709e <unknown>\n#10 0x56411caacacb <unknown>\n#11 0x56411cab0a81 <unknown>\n#12 0x56411ca98695 <unknown>\n#13 0x56411cab15f2 <unknown>\n#14 0x56411ca7d86f <unknown>\n#15 0x56411cad4668 <unknown>\n#16 0x56411cad4832 <unknown>\n#17 0x56411cae465c <unknown>\n#18 0x7fe50ab7e144 <unknown>\n\n","statusTrace":"  File \"/usr/local/lib/python3.11/site-packages/allure_commons/_allure.py\", line 192, in impl\n    return func(*a, **kw)\n           ^^^^^^^^^^^^^^\n  File \"/app/pages/item_page.py\", line 40, in add_item_to_cart\n    self.find_element(self._add_item).click()\n    ^^^^^^^^^^^^^^^^^^^^^^^^^^^^^^^^^\n  File \"/app/base/seleniumbase.py\", line 17, in find_element\n    return self.driver.find_element(*locator)\n           ^^^^^^^^^^^^^^^^^^^^^^^^^^^^^^^^^^\n  File \"/usr/local/lib/python3.11/site-packages/selenium/webdriver/remote/webdriver.py\", line 739, in find_element\n    return self.execute(Command.FIND_ELEMENT, {\"using\": by, \"value\": value})[\"value\"]\n           ^^^^^^^^^^^^^^^^^^^^^^^^^^^^^^^^^^^^^^^^^^^^^^^^^^^^^^^^^^^^^^^^^\n  File \"/usr/local/lib/python3.11/site-packages/selenium/webdriver/remote/webdriver.py\", line 345, in execute\n    self.error_handler.check_response(response)\n  File \"/usr/local/lib/python3.11/site-packages/selenium/webdriver/remote/errorhandler.py\", line 229, in check_response\n    raise exception_class(message, screen, stacktrace)\n","steps":[],"attachments":[],"parameters":[{"name":"amount","value":"1"}],"shouldDisplayMessage":true,"stepsCount":0,"attachmentsCount":0,"hasContent":true,"attachmentStep":false}],"attachments":[{"uid":"1f6d01178d41a646","name":"Screenshot","source":"1f6d01178d41a646.png","type":"image/png","size":46834},{"uid":"7aeb13646aab3439","name":"HTML source","source":"7aeb13646aab3439.html","type":"text/html","size":133699}],"parameters":[],"shouldDisplayMessage":true,"stepsCount":1,"attachmentsCount":2,"hasContent":true,"attachmentStep":false},"afterStages":[{"name":"driver::0","time":{"start":1725584674249,"stop":1725584674314,"duration":65},"status":"passed","steps":[],"attachments":[],"parameters":[],"shouldDisplayMessage":false,"stepsCount":0,"attachmentsCount":0,"hasContent":false,"attachmentStep":false},{"name":"setup::0","time":{"start":1725584674249,"stop":1725584674249,"duration":0},"status":"passed","steps":[],"attachments":[],"parameters":[],"shouldDisplayMessage":false,"stepsCount":0,"attachmentsCount":0,"hasContent":false,"attachmentStep":false}],"labels":[{"name":"epic","value":"Delivery Page - calculation"},{"name":"tag","value":"smoke_test"},{"name":"tag","value":"@pytest.mark.xfail"},{"name":"parentSuite","value":"tests.delivery"},{"name":"suite","value":"test_delivery_calculation"},{"name":"subSuite","value":"TestDeliveryPageCalculation"},{"name":"host","value":"7bdd55d237e7"},{"name":"thread","value":"1-MainThread"},{"name":"framework","value":"pytest"},{"name":"language","value":"cpython3"},{"name":"package","value":"tests.delivery.test_delivery_calculation"},{"name":"resultFormat","value":"allure2"}],"parameters":[{"name":"all_time","value":"3320"},{"name":"amount","value":"1"},{"name":"case_id","value":"'TD 015'"},{"name":"in_time","value":"2390"},{"name":"link_item","value":"'products/shtukaturka-tsementnaya-bergauf-bau-putts-tsement-25kg-56sht'"},{"name":"standard","value":"650"},{"name":"url","value":"'https://sandboxtest.stroyrem-nn.ru/'"},{"name":"weight","value":"30"}],"links":[],"hidden":false,"retry":false,"extra":{"severity":"normal","retries":[],"categories":[],"history":{"statistic":{"failed":0,"broken":0,"skipped":99,"passed":0,"unknown":0,"total":99},"items":[{"uid":"975748277f3db29d","reportUrl":"https://Nat754.github.io/StroyremAutomation/421//#testresult/975748277f3db29d","status":"skipped","statusDetails":"XFAIL\n\nselenium.common.exceptions.NoSuchElementException: Message: no such element: Unable to locate element: {\"method\":\"xpath\",\"selector\":\"(//a[@class='add-to-cart yellow-btn'])[1]\"}\n  (Session info: chrome=128.0.6613.119); For documentation on this error, please visit: https://www.selenium.dev/documentation/webdriver/troubleshooting/errors#no-such-element-exception\nStacktrace:\n#0 0x560a7d21d86a <unknown>\n#1 0x560a7ceebe50 <unknown>\n#2 0x560a7cf3b644 <unknown>\n#3 0x560a7cf3b931 <unknown>\n#4 0x560a7cf81534 <unknown>\n#5 0x560a7cf604bd <unknown>\n#6 0x560a7cf7e9c6 <unknown>\n#7 0x560a7cf60233 <unknown>\n#8 0x560a7cf2e093 <unknown>\n#9 0x560a7cf2f09e <unknown>\n#10 0x560a7d1e4acb <unknown>\n#11 0x560a7d1e8a81 <unknown>\n#12 0x560a7d1d0695 <unknown>\n#13 0x560a7d1e95f2 <unknown>\n#14 0x560a7d1b586f <unknown>\n#15 0x560a7d20c668 <unknown>\n#16 0x560a7d20c832 <unknown>\n#17 0x560a7d21c65c <unknown>\n#18 0x7fab89958144 <unknown>","time":{"start":1725498289232,"stop":1725498289657,"duration":425}},{"uid":"989156924a4c15d","reportUrl":"https://Nat754.github.io/StroyremAutomation/420//#testresult/989156924a4c15d","status":"skipped","statusDetails":"XFAIL\n\nselenium.common.exceptions.NoSuchElementException: Message: no such element: Unable to locate element: {\"method\":\"xpath\",\"selector\":\"(//a[@class='add-to-cart yellow-btn'])[1]\"}\n  (Session info: chrome=128.0.6613.119); For documentation on this error, please visit: https://www.selenium.dev/documentation/webdriver/troubleshooting/errors#no-such-element-exception\nStacktrace:\n#0 0x5648734e886a <unknown>\n#1 0x5648731b6e50 <unknown>\n#2 0x564873206644 <unknown>\n#3 0x564873206931 <unknown>\n#4 0x56487324c534 <unknown>\n#5 0x56487322b4bd <unknown>\n#6 0x5648732499c6 <unknown>\n#7 0x56487322b233 <unknown>\n#8 0x5648731f9093 <unknown>\n#9 0x5648731fa09e <unknown>\n#10 0x5648734afacb <unknown>\n#11 0x5648734b3a81 <unknown>\n#12 0x56487349b695 <unknown>\n#13 0x5648734b45f2 <unknown>\n#14 0x56487348086f <unknown>\n#15 0x5648734d7668 <unknown>\n#16 0x5648734d7832 <unknown>\n#17 0x5648734e765c <unknown>\n#18 0x7f941579c134 <unknown>","time":{"start":1725411834608,"stop":1725411835022,"duration":414}},{"uid":"a0099bfb8a7d82d1","reportUrl":"https://Nat754.github.io/StroyremAutomation/419//#testresult/a0099bfb8a7d82d1","status":"skipped","statusDetails":"XFAIL\n\nselenium.common.exceptions.NoSuchElementException: Message: no such element: Unable to locate element: {\"method\":\"xpath\",\"selector\":\"(//a[@class='add-to-cart yellow-btn'])[1]\"}\n  (Session info: chrome=128.0.6613.119); For documentation on this error, please visit: https://www.selenium.dev/documentation/webdriver/troubleshooting/errors#no-such-element-exception\nStacktrace:\n#0 0x55a4b637486a <unknown>\n#1 0x55a4b6042e50 <unknown>\n#2 0x55a4b6092644 <unknown>\n#3 0x55a4b6092931 <unknown>\n#4 0x55a4b60d8534 <unknown>\n#5 0x55a4b60b74bd <unknown>\n#6 0x55a4b60d59c6 <unknown>\n#7 0x55a4b60b7233 <unknown>\n#8 0x55a4b6085093 <unknown>\n#9 0x55a4b608609e <unknown>\n#10 0x55a4b633bacb <unknown>\n#11 0x55a4b633fa81 <unknown>\n#12 0x55a4b6327695 <unknown>\n#13 0x55a4b63405f2 <unknown>\n#14 0x55a4b630c86f <unknown>\n#15 0x55a4b6363668 <unknown>\n#16 0x55a4b6363832 <unknown>\n#17 0x55a4b637365c <unknown>\n#18 0x7fe1a93a0134 <unknown>","time":{"start":1725325385745,"stop":1725325386170,"duration":425}},{"uid":"b5abed71529b9a63","reportUrl":"https://Nat754.github.io/StroyremAutomation/418//#testresult/b5abed71529b9a63","status":"skipped","statusDetails":"XFAIL\n\nselenium.common.exceptions.NoSuchElementException: Message: no such element: Unable to locate element: {\"method\":\"xpath\",\"selector\":\"(//a[@class='add-to-cart yellow-btn'])[1]\"}\n  (Session info: chrome=128.0.6613.86); For documentation on this error, please visit: https://www.selenium.dev/documentation/webdriver/troubleshooting/errors#no-such-element-exception\nStacktrace:\n#0 0x55c904f5b8da <unknown>\n#1 0x55c904c29e50 <unknown>\n#2 0x55c904c79644 <unknown>\n#3 0x55c904c79931 <unknown>\n#4 0x55c904cbf534 <unknown>\n#5 0x55c904c9e4bd <unknown>\n#6 0x55c904cbc9c6 <unknown>\n#7 0x55c904c9e233 <unknown>\n#8 0x55c904c6c093 <unknown>\n#9 0x55c904c6d09e <unknown>\n#10 0x55c904f22b3b <unknown>\n#11 0x55c904f26af1 <unknown>\n#12 0x55c904f0e705 <unknown>\n#13 0x55c904f27662 <unknown>\n#14 0x55c904ef38df <unknown>\n#15 0x55c904f4a6d8 <unknown>\n#16 0x55c904f4a8a2 <unknown>\n#17 0x55c904f5a6cc <unknown>\n#18 0x7fd9932ab134 <unknown>","time":{"start":1725239095677,"stop":1725239095984,"duration":307}},{"uid":"529767ad816d055f","reportUrl":"https://Nat754.github.io/StroyremAutomation/417//#testresult/529767ad816d055f","status":"skipped","statusDetails":"XFAIL\n\nselenium.common.exceptions.NoSuchElementException: Message: no such element: Unable to locate element: {\"method\":\"xpath\",\"selector\":\"(//a[@class='add-to-cart yellow-btn'])[1]\"}\n  (Session info: chrome=128.0.6613.86); For documentation on this error, please visit: https://www.selenium.dev/documentation/webdriver/troubleshooting/errors#no-such-element-exception\nStacktrace:\n#0 0x5580ab08c8da <unknown>\n#1 0x5580aad5ae50 <unknown>\n#2 0x5580aadaa644 <unknown>\n#3 0x5580aadaa931 <unknown>\n#4 0x5580aadf0534 <unknown>\n#5 0x5580aadcf4bd <unknown>\n#6 0x5580aaded9c6 <unknown>\n#7 0x5580aadcf233 <unknown>\n#8 0x5580aad9d093 <unknown>\n#9 0x5580aad9e09e <unknown>\n#10 0x5580ab053b3b <unknown>\n#11 0x5580ab057af1 <unknown>\n#12 0x5580ab03f705 <unknown>\n#13 0x5580ab058662 <unknown>\n#14 0x5580ab0248df <unknown>\n#15 0x5580ab07b6d8 <unknown>\n#16 0x5580ab07b8a2 <unknown>\n#17 0x5580ab08b6cc <unknown>\n#18 0x7fe6005af134 <unknown>","time":{"start":1725153274215,"stop":1725153274823,"duration":608}},{"uid":"f0b566af4cc2901d","reportUrl":"https://Nat754.github.io/StroyremAutomation/416//#testresult/f0b566af4cc2901d","status":"skipped","statusDetails":"XFAIL\n\nselenium.common.exceptions.NoSuchElementException: Message: no such element: Unable to locate element: {\"method\":\"xpath\",\"selector\":\"(//a[@class='add-to-cart yellow-btn'])[1]\"}\n  (Session info: chrome=128.0.6613.86); For documentation on this error, please visit: https://www.selenium.dev/documentation/webdriver/troubleshooting/errors#no-such-element-exception\nStacktrace:\n#0 0x55b6a2fcc8da <unknown>\n#1 0x55b6a2c9ae50 <unknown>\n#2 0x55b6a2cea644 <unknown>\n#3 0x55b6a2cea931 <unknown>\n#4 0x55b6a2d30534 <unknown>\n#5 0x55b6a2d0f4bd <unknown>\n#6 0x55b6a2d2d9c6 <unknown>\n#7 0x55b6a2d0f233 <unknown>\n#8 0x55b6a2cdd093 <unknown>\n#9 0x55b6a2cde09e <unknown>\n#10 0x55b6a2f93b3b <unknown>\n#11 0x55b6a2f97af1 <unknown>\n#12 0x55b6a2f7f705 <unknown>\n#13 0x55b6a2f98662 <unknown>\n#14 0x55b6a2f648df <unknown>\n#15 0x55b6a2fbb6d8 <unknown>\n#16 0x55b6a2fbb8a2 <unknown>\n#17 0x55b6a2fcb6cc <unknown>\n#18 0x7fb0149a2134 <unknown>","time":{"start":1725066224083,"stop":1725066224553,"duration":470}},{"uid":"6aa1827f74dfe1ce","reportUrl":"https://Nat754.github.io/StroyremAutomation/415//#testresult/6aa1827f74dfe1ce","status":"skipped","statusDetails":"XFAIL\n\nselenium.common.exceptions.NoSuchElementException: Message: no such element: Unable to locate element: {\"method\":\"xpath\",\"selector\":\"(//a[@class='add-to-cart yellow-btn'])[1]\"}\n  (Session info: chrome=128.0.6613.86); For documentation on this error, please visit: https://www.selenium.dev/documentation/webdriver/troubleshooting/errors#no-such-element-exception\nStacktrace:\n#0 0x55eaeb9228da <unknown>\n#1 0x55eaeb5f0e50 <unknown>\n#2 0x55eaeb640644 <unknown>\n#3 0x55eaeb640931 <unknown>\n#4 0x55eaeb686534 <unknown>\n#5 0x55eaeb6654bd <unknown>\n#6 0x55eaeb6839c6 <unknown>\n#7 0x55eaeb665233 <unknown>\n#8 0x55eaeb633093 <unknown>\n#9 0x55eaeb63409e <unknown>\n#10 0x55eaeb8e9b3b <unknown>\n#11 0x55eaeb8edaf1 <unknown>\n#12 0x55eaeb8d5705 <unknown>\n#13 0x55eaeb8ee662 <unknown>\n#14 0x55eaeb8ba8df <unknown>\n#15 0x55eaeb9116d8 <unknown>\n#16 0x55eaeb9118a2 <unknown>\n#17 0x55eaeb9216cc <unknown>\n#18 0x7f9e4c4b8134 <unknown>","time":{"start":1724979809897,"stop":1724979810299,"duration":402}},{"uid":"db2155a711cde65","reportUrl":"https://Nat754.github.io/StroyremAutomation/414//#testresult/db2155a711cde65","status":"skipped","statusDetails":"XFAIL\n\nselenium.common.exceptions.NoSuchElementException: Message: no such element: Unable to locate element: {\"method\":\"xpath\",\"selector\":\"(//a[@class='add-to-cart yellow-btn'])[1]\"}\n  (Session info: chrome=128.0.6613.86); For documentation on this error, please visit: https://www.selenium.dev/documentation/webdriver/troubleshooting/errors#no-such-element-exception\nStacktrace:\n#0 0x5608ddb788da <unknown>\n#1 0x5608dd846e50 <unknown>\n#2 0x5608dd896644 <unknown>\n#3 0x5608dd896931 <unknown>\n#4 0x5608dd8dc534 <unknown>\n#5 0x5608dd8bb4bd <unknown>\n#6 0x5608dd8d99c6 <unknown>\n#7 0x5608dd8bb233 <unknown>\n#8 0x5608dd889093 <unknown>\n#9 0x5608dd88a09e <unknown>\n#10 0x5608ddb3fb3b <unknown>\n#11 0x5608ddb43af1 <unknown>\n#12 0x5608ddb2b705 <unknown>\n#13 0x5608ddb44662 <unknown>\n#14 0x5608ddb108df <unknown>\n#15 0x5608ddb676d8 <unknown>\n#16 0x5608ddb678a2 <unknown>\n#17 0x5608ddb776cc <unknown>\n#18 0x7f5bb8335134 <unknown>","time":{"start":1724893483824,"stop":1724893484257,"duration":433}},{"uid":"16cf258c6ee78482","reportUrl":"https://Nat754.github.io/StroyremAutomation/413//#testresult/16cf258c6ee78482","status":"skipped","statusDetails":"XFAIL\n\nselenium.common.exceptions.NoSuchElementException: Message: no such element: Unable to locate element: {\"method\":\"xpath\",\"selector\":\"(//a[@class='add-to-cart yellow-btn'])[1]\"}\n  (Session info: chrome=128.0.6613.84); For documentation on this error, please visit: https://www.selenium.dev/documentation/webdriver/troubleshooting/errors#no-such-element-exception\nStacktrace:\n#0 0x5627d9a9c81a <unknown>\n#1 0x5627d976ae50 <unknown>\n#2 0x5627d97ba644 <unknown>\n#3 0x5627d97ba931 <unknown>\n#4 0x5627d9800534 <unknown>\n#5 0x5627d97df4bd <unknown>\n#6 0x5627d97fd9c6 <unknown>\n#7 0x5627d97df233 <unknown>\n#8 0x5627d97ad093 <unknown>\n#9 0x5627d97ae09e <unknown>\n#10 0x5627d9a63a7b <unknown>\n#11 0x5627d9a67a31 <unknown>\n#12 0x5627d9a4f645 <unknown>\n#13 0x5627d9a685a2 <unknown>\n#14 0x5627d9a3481f <unknown>\n#15 0x5627d9a8b618 <unknown>\n#16 0x5627d9a8b7e2 <unknown>\n#17 0x5627d9a9b60c <unknown>\n#18 0x7fa3ea30b134 <unknown>","time":{"start":1724806980441,"stop":1724806981006,"duration":565}},{"uid":"2e94de31a467f83d","reportUrl":"https://Nat754.github.io/StroyremAutomation/412//#testresult/2e94de31a467f83d","status":"skipped","statusDetails":"XFAIL\n\nselenium.common.exceptions.NoSuchElementException: Message: no such element: Unable to locate element: {\"method\":\"xpath\",\"selector\":\"(//a[@class='add-to-cart yellow-btn'])[1]\"}\n  (Session info: chrome=128.0.6613.84); For documentation on this error, please visit: https://www.selenium.dev/documentation/webdriver/troubleshooting/errors#no-such-element-exception\nStacktrace:\n#0 0x55d16a14a81a <unknown>\n#1 0x55d169e18e50 <unknown>\n#2 0x55d169e68644 <unknown>\n#3 0x55d169e68931 <unknown>\n#4 0x55d169eae534 <unknown>\n#5 0x55d169e8d4bd <unknown>\n#6 0x55d169eab9c6 <unknown>\n#7 0x55d169e8d233 <unknown>\n#8 0x55d169e5b093 <unknown>\n#9 0x55d169e5c09e <unknown>\n#10 0x55d16a111a7b <unknown>\n#11 0x55d16a115a31 <unknown>\n#12 0x55d16a0fd645 <unknown>\n#13 0x55d16a1165a2 <unknown>\n#14 0x55d16a0e281f <unknown>\n#15 0x55d16a139618 <unknown>\n#16 0x55d16a1397e2 <unknown>\n#17 0x55d16a14960c <unknown>\n#18 0x7f7b5fd12134 <unknown>","time":{"start":1724720544300,"stop":1724720544731,"duration":431}},{"uid":"786fee1f2d418799","reportUrl":"https://Nat754.github.io/StroyremAutomation/411//#testresult/786fee1f2d418799","status":"skipped","statusDetails":"XFAIL\n\nselenium.common.exceptions.NoSuchElementException: Message: no such element: Unable to locate element: {\"method\":\"xpath\",\"selector\":\"(//a[@class='add-to-cart yellow-btn'])[1]\"}\n  (Session info: chrome=128.0.6613.84); For documentation on this error, please visit: https://www.selenium.dev/documentation/webdriver/troubleshooting/errors#no-such-element-exception\nStacktrace:\n#0 0x556908f0f81a <unknown>\n#1 0x556908bdde50 <unknown>\n#2 0x556908c2d644 <unknown>\n#3 0x556908c2d931 <unknown>\n#4 0x556908c73534 <unknown>\n#5 0x556908c524bd <unknown>\n#6 0x556908c709c6 <unknown>\n#7 0x556908c52233 <unknown>\n#8 0x556908c20093 <unknown>\n#9 0x556908c2109e <unknown>\n#10 0x556908ed6a7b <unknown>\n#11 0x556908edaa31 <unknown>\n#12 0x556908ec2645 <unknown>\n#13 0x556908edb5a2 <unknown>\n#14 0x556908ea781f <unknown>\n#15 0x556908efe618 <unknown>\n#16 0x556908efe7e2 <unknown>\n#17 0x556908f0e60c <unknown>\n#18 0x7fa863ba2134 <unknown>","time":{"start":1724634146846,"stop":1724634147308,"duration":462}},{"uid":"674f8e701a31f167","reportUrl":"https://Nat754.github.io/StroyremAutomation/410//#testresult/674f8e701a31f167","status":"skipped","statusDetails":"XFAIL\n\nselenium.common.exceptions.NoSuchElementException: Message: no such element: Unable to locate element: {\"method\":\"xpath\",\"selector\":\"(//a[@class='add-to-cart yellow-btn'])[1]\"}\n  (Session info: chrome=128.0.6613.84); For documentation on this error, please visit: https://www.selenium.dev/documentation/webdriver/troubleshooting/errors#no-such-element-exception\nStacktrace:\n#0 0x561dee2a181a <unknown>\n#1 0x561dedf6fe50 <unknown>\n#2 0x561dedfbf644 <unknown>\n#3 0x561dedfbf931 <unknown>\n#4 0x561dee005534 <unknown>\n#5 0x561dedfe44bd <unknown>\n#6 0x561dee0029c6 <unknown>\n#7 0x561dedfe4233 <unknown>\n#8 0x561dedfb2093 <unknown>\n#9 0x561dedfb309e <unknown>\n#10 0x561dee268a7b <unknown>\n#11 0x561dee26ca31 <unknown>\n#12 0x561dee254645 <unknown>\n#13 0x561dee26d5a2 <unknown>\n#14 0x561dee23981f <unknown>\n#15 0x561dee290618 <unknown>\n#16 0x561dee2907e2 <unknown>\n#17 0x561dee2a060c <unknown>\n#18 0x7f5e0dbae134 <unknown>","time":{"start":1724548019871,"stop":1724548020351,"duration":480}},{"uid":"d733d7cfab366462","reportUrl":"https://Nat754.github.io/StroyremAutomation/409//#testresult/d733d7cfab366462","status":"skipped","statusDetails":"XFAIL\n\nselenium.common.exceptions.NoSuchElementException: Message: no such element: Unable to locate element: {\"method\":\"xpath\",\"selector\":\"(//a[@class='add-to-cart yellow-btn'])[1]\"}\n  (Session info: chrome=128.0.6613.84); For documentation on this error, please visit: https://www.selenium.dev/documentation/webdriver/troubleshooting/errors#no-such-element-exception\nStacktrace:\n#0 0x55e308d1b81a <unknown>\n#1 0x55e3089e9e50 <unknown>\n#2 0x55e308a39644 <unknown>\n#3 0x55e308a39931 <unknown>\n#4 0x55e308a7f534 <unknown>\n#5 0x55e308a5e4bd <unknown>\n#6 0x55e308a7c9c6 <unknown>\n#7 0x55e308a5e233 <unknown>\n#8 0x55e308a2c093 <unknown>\n#9 0x55e308a2d09e <unknown>\n#10 0x55e308ce2a7b <unknown>\n#11 0x55e308ce6a31 <unknown>\n#12 0x55e308cce645 <unknown>\n#13 0x55e308ce75a2 <unknown>\n#14 0x55e308cb381f <unknown>\n#15 0x55e308d0a618 <unknown>\n#16 0x55e308d0a7e2 <unknown>\n#17 0x55e308d1a60c <unknown>\n#18 0x7f22e338a134 <unknown>","time":{"start":1724461251425,"stop":1724461251922,"duration":497}},{"uid":"f826852d511d326a","reportUrl":"https://Nat754.github.io/StroyremAutomation/407//#testresult/f826852d511d326a","status":"skipped","statusDetails":"XFAIL\n\nselenium.common.exceptions.NoSuchElementException: Message: no such element: Unable to locate element: {\"method\":\"xpath\",\"selector\":\"(//a[@class='add-to-cart yellow-btn'])[1]\"}\n  (Session info: chrome=128.0.6613.84); For documentation on this error, please visit: https://www.selenium.dev/documentation/webdriver/troubleshooting/errors#no-such-element-exception\nStacktrace:\n#0 0x560e776bb81a <unknown>\n#1 0x560e77389e50 <unknown>\n#2 0x560e773d9644 <unknown>\n#3 0x560e773d9931 <unknown>\n#4 0x560e7741f534 <unknown>\n#5 0x560e773fe4bd <unknown>\n#6 0x560e7741c9c6 <unknown>\n#7 0x560e773fe233 <unknown>\n#8 0x560e773cc093 <unknown>\n#9 0x560e773cd09e <unknown>\n#10 0x560e77682a7b <unknown>\n#11 0x560e77686a31 <unknown>\n#12 0x560e7766e645 <unknown>\n#13 0x560e776875a2 <unknown>\n#14 0x560e7765381f <unknown>\n#15 0x560e776aa618 <unknown>\n#16 0x560e776aa7e2 <unknown>\n#17 0x560e776ba60c <unknown>\n#18 0x7f6baa397134 <unknown>","time":{"start":1724288567467,"stop":1724288567947,"duration":480}},{"uid":"aa156e8dc5eb9dcc","reportUrl":"https://Nat754.github.io/StroyremAutomation/406//#testresult/aa156e8dc5eb9dcc","status":"skipped","statusDetails":"XFAIL\n\nselenium.common.exceptions.NoSuchElementException: Message: no such element: Unable to locate element: {\"method\":\"xpath\",\"selector\":\"(//a[@class='add-to-cart yellow-btn'])[1]\"}\n  (Session info: chrome-headless-shell=127.0.6533.119); For documentation on this error, please visit: https://www.selenium.dev/documentation/webdriver/troubleshooting/errors#no-such-element-exception\nStacktrace:\n#0 0x56371457d6ca <unknown>\n#1 0x56371424e600 <unknown>\n#2 0x56371429dbcb <unknown>\n#3 0x56371429deb1 <unknown>\n#4 0x5637142e1b24 <unknown>\n#5 0x5637142c08cd <unknown>\n#6 0x5637142df04a <unknown>\n#7 0x5637142c0643 <unknown>\n#8 0x563714290d31 <unknown>\n#9 0x56371429179e <unknown>\n#10 0x56371454525b <unknown>\n#11 0x5637145491f2 <unknown>\n#12 0x563714532615 <unknown>\n#13 0x563714549d82 <unknown>\n#14 0x56371451725f <unknown>\n#15 0x56371456ce68 <unknown>\n#16 0x56371456d040 <unknown>\n#17 0x56371457c49c <unknown>\n#18 0x7efe196e5134 <unknown>","time":{"start":1724202132628,"stop":1724202133064,"duration":436}},{"uid":"ec8f5dcf417f1e84","reportUrl":"https://Nat754.github.io/StroyremAutomation/405//#testresult/ec8f5dcf417f1e84","status":"skipped","statusDetails":"XFAIL\n\nselenium.common.exceptions.NoSuchElementException: Message: no such element: Unable to locate element: {\"method\":\"xpath\",\"selector\":\"(//a[@class='add-to-cart yellow-btn'])[1]\"}\n  (Session info: chrome-headless-shell=127.0.6533.119); For documentation on this error, please visit: https://www.selenium.dev/documentation/webdriver/troubleshooting/errors#no-such-element-exception\nStacktrace:\n#0 0x5557e22fe6ca <unknown>\n#1 0x5557e1fcf600 <unknown>\n#2 0x5557e201ebcb <unknown>\n#3 0x5557e201eeb1 <unknown>\n#4 0x5557e2062b24 <unknown>\n#5 0x5557e20418cd <unknown>\n#6 0x5557e206004a <unknown>\n#7 0x5557e2041643 <unknown>\n#8 0x5557e2011d31 <unknown>\n#9 0x5557e201279e <unknown>\n#10 0x5557e22c625b <unknown>\n#11 0x5557e22ca1f2 <unknown>\n#12 0x5557e22b3615 <unknown>\n#13 0x5557e22cad82 <unknown>\n#14 0x5557e229825f <unknown>\n#15 0x5557e22ede68 <unknown>\n#16 0x5557e22ee040 <unknown>\n#17 0x5557e22fd49c <unknown>\n#18 0x7fa5a7a9c134 <unknown>","time":{"start":1724115736312,"stop":1724115736932,"duration":620}},{"uid":"14c203ee07891b87","reportUrl":"https://Nat754.github.io/StroyremAutomation/404//#testresult/14c203ee07891b87","status":"skipped","statusDetails":"XFAIL\n\nselenium.common.exceptions.NoSuchElementException: Message: no such element: Unable to locate element: {\"method\":\"xpath\",\"selector\":\"(//a[@class='add-to-cart yellow-btn'])[1]\"}\n  (Session info: chrome-headless-shell=127.0.6533.119); For documentation on this error, please visit: https://www.selenium.dev/documentation/webdriver/troubleshooting/errors#no-such-element-exception\nStacktrace:\n#0 0x55fe546e06ca <unknown>\n#1 0x55fe543b1600 <unknown>\n#2 0x55fe54400bcb <unknown>\n#3 0x55fe54400eb1 <unknown>\n#4 0x55fe54444b24 <unknown>\n#5 0x55fe544238cd <unknown>\n#6 0x55fe5444204a <unknown>\n#7 0x55fe54423643 <unknown>\n#8 0x55fe543f3d31 <unknown>\n#9 0x55fe543f479e <unknown>\n#10 0x55fe546a825b <unknown>\n#11 0x55fe546ac1f2 <unknown>\n#12 0x55fe54695615 <unknown>\n#13 0x55fe546acd82 <unknown>\n#14 0x55fe5467a25f <unknown>\n#15 0x55fe546cfe68 <unknown>\n#16 0x55fe546d0040 <unknown>\n#17 0x55fe546df49c <unknown>\n#18 0x7fa2ba19f134 <unknown>","time":{"start":1724029315788,"stop":1724029316083,"duration":295}},{"uid":"e6c619829d3ca9cd","reportUrl":"https://Nat754.github.io/StroyremAutomation/403//#testresult/e6c619829d3ca9cd","status":"skipped","statusDetails":"XFAIL\n\nselenium.common.exceptions.NoSuchElementException: Message: no such element: Unable to locate element: {\"method\":\"xpath\",\"selector\":\"(//a[@class='add-to-cart yellow-btn'])[1]\"}\n  (Session info: chrome-headless-shell=127.0.6533.119); For documentation on this error, please visit: https://www.selenium.dev/documentation/webdriver/troubleshooting/errors#no-such-element-exception\nStacktrace:\n#0 0x555b7363f6ca <unknown>\n#1 0x555b73310600 <unknown>\n#2 0x555b7335fbcb <unknown>\n#3 0x555b7335feb1 <unknown>\n#4 0x555b733a3b24 <unknown>\n#5 0x555b733828cd <unknown>\n#6 0x555b733a104a <unknown>\n#7 0x555b73382643 <unknown>\n#8 0x555b73352d31 <unknown>\n#9 0x555b7335379e <unknown>\n#10 0x555b7360725b <unknown>\n#11 0x555b7360b1f2 <unknown>\n#12 0x555b735f4615 <unknown>\n#13 0x555b7360bd82 <unknown>\n#14 0x555b735d925f <unknown>\n#15 0x555b7362ee68 <unknown>\n#16 0x555b7362f040 <unknown>\n#17 0x555b7363e49c <unknown>\n#18 0x7fab9024e134 <unknown>","time":{"start":1723943121236,"stop":1723943121572,"duration":336}},{"uid":"d45c513236ce4aa4","reportUrl":"https://Nat754.github.io/StroyremAutomation/402//#testresult/d45c513236ce4aa4","status":"skipped","statusDetails":"XFAIL\n\nselenium.common.exceptions.NoSuchElementException: Message: no such element: Unable to locate element: {\"method\":\"xpath\",\"selector\":\"(//a[@class='add-to-cart yellow-btn'])[1]\"}\n  (Session info: chrome-headless-shell=127.0.6533.119); For documentation on this error, please visit: https://www.selenium.dev/documentation/webdriver/troubleshooting/errors#no-such-element-exception\nStacktrace:\n#0 0x5567f8bec6ca <unknown>\n#1 0x5567f88bd600 <unknown>\n#2 0x5567f890cbcb <unknown>\n#3 0x5567f890ceb1 <unknown>\n#4 0x5567f8950b24 <unknown>\n#5 0x5567f892f8cd <unknown>\n#6 0x5567f894e04a <unknown>\n#7 0x5567f892f643 <unknown>\n#8 0x5567f88ffd31 <unknown>\n#9 0x5567f890079e <unknown>\n#10 0x5567f8bb425b <unknown>\n#11 0x5567f8bb81f2 <unknown>\n#12 0x5567f8ba1615 <unknown>\n#13 0x5567f8bb8d82 <unknown>\n#14 0x5567f8b8625f <unknown>\n#15 0x5567f8bdbe68 <unknown>\n#16 0x5567f8bdc040 <unknown>\n#17 0x5567f8beb49c <unknown>\n#18 0x7f6e3e872134 <unknown>","time":{"start":1723856366657,"stop":1723856367083,"duration":426}},{"uid":"7ee041fe6b9e7e58","reportUrl":"https://Nat754.github.io/StroyremAutomation/401//#testresult/7ee041fe6b9e7e58","status":"skipped","statusDetails":"XFAIL\n\nselenium.common.exceptions.NoSuchElementException: Message: no such element: Unable to locate element: {\"method\":\"xpath\",\"selector\":\"(//a[@class='add-to-cart yellow-btn'])[1]\"}\n  (Session info: chrome-headless-shell=127.0.6533.119); For documentation on this error, please visit: https://www.selenium.dev/documentation/webdriver/troubleshooting/errors#no-such-element-exception\nStacktrace:\n#0 0x55d34396b6ca <unknown>\n#1 0x55d34363c600 <unknown>\n#2 0x55d34368bbcb <unknown>\n#3 0x55d34368beb1 <unknown>\n#4 0x55d3436cfb24 <unknown>\n#5 0x55d3436ae8cd <unknown>\n#6 0x55d3436cd04a <unknown>\n#7 0x55d3436ae643 <unknown>\n#8 0x55d34367ed31 <unknown>\n#9 0x55d34367f79e <unknown>\n#10 0x55d34393325b <unknown>\n#11 0x55d3439371f2 <unknown>\n#12 0x55d343920615 <unknown>\n#13 0x55d343937d82 <unknown>\n#14 0x55d34390525f <unknown>\n#15 0x55d34395ae68 <unknown>\n#16 0x55d34395b040 <unknown>\n#17 0x55d34396a49c <unknown>\n#18 0x7f385fd1b134 <unknown>","time":{"start":1723770074061,"stop":1723770074529,"duration":468}}]},"tags":["@pytest.mark.xfail","smoke_test"]},"source":"7ae6b44840dffd96.json","parameterValues":["3320","1","'TD 015'","2390","'products/shtukaturka-tsementnaya-bergauf-bau-putts-tsement-25kg-56sht'","650","'https://sandboxtest.stroyrem-nn.ru/'","30"]}