{"uid":"b6de0cbd61b48ad3","name":"TD 024 Доставка товара весом до 9000кг. в синей зоне","fullName":"tests.delivery.test_delivery_calculation.TestDeliveryPageCalculation#test_positive_delivery_blue_zone_smoke","historyId":"69e5dca98f2a435ef5ba1c77ef0ca605","time":{"start":1721437204855,"stop":1721437205249,"duration":394},"status":"skipped","statusMessage":"XFAIL\n\nselenium.common.exceptions.NoSuchElementException: Message: no such element: Unable to locate element: {\"method\":\"xpath\",\"selector\":\"(//a[@class='add-to-cart yellow-btn'])[1]\"}\n  (Session info: chrome-headless-shell=126.0.6478.182); For documentation on this error, please visit: https://www.selenium.dev/documentation/webdriver/troubleshooting/errors#no-such-element-exception\nStacktrace:\n#0 0x555d17587c5a <unknown>\n#1 0x555d1726ae2c <unknown>\n#2 0x555d172b7661 <unknown>\n#3 0x555d172b7751 <unknown>\n#4 0x555d172fbf64 <unknown>\n#5 0x555d172da5ed <unknown>\n#6 0x555d172f9303 <unknown>\n#7 0x555d172da363 <unknown>\n#8 0x555d172aa247 <unknown>\n#9 0x555d172aab9e <unknown>\n#10 0x555d1754e22b <unknown>\n#11 0x555d175522d1 <unknown>\n#12 0x555d17539ade <unknown>\n#13 0x555d17552e32 <unknown>\n#14 0x555d1751e77f <unknown>\n#15 0x555d17577618 <unknown>\n#16 0x555d175777f0 <unknown>\n#17 0x555d17586d8c <unknown>\n#18 0x7fb1eeef7134 <unknown>","statusTrace":"self = <tests.delivery.test_delivery_calculation.TestDeliveryPageCalculation object at 0x7f850dd3ad90>\ndriver = <selenium.webdriver.chrome.webdriver.WebDriver (session=\"27e1480d4920bf948521d4944211c877\")>\nurl = 'https://sandboxtest.stroyrem-nn.ru/', case_id = 'TD 024'\nlink_item = 'products/shtukaturka-gipsovaya-aksolit-m50-30-kg-mashinnogo-naneseniya'\namount = 299, weight = 9000, standard = 4300, in_time = 9900, all_time = 11440\n\n    @pytest.mark.parametrize('case_id, link_item, amount, weight, standard, in_time, all_time', [\n        (\"TD 015\", bundeks_25, 1, 30, 650, 2390, 3320),\n        pytest.param(\n            \"TD 016\", aksolit_30, 8, 300, 650, 2390, 3320,\n            marks=pytest.mark.xfail(reson=\"Цена доставки: - - -\")\n        ),\n        (\"TD 017\", aksolit_30, 13, 400, 650, 2390, 3320),\n        (\"TD 018\", aksolit_30, 16, 500, 850, 2490, 3320),\n        (\"TD 019\", aksolit_30, 25, 1700, 1150, 2490, 3320),\n        (\"TD 020\", aksolit_30, 66, 2000, 1500, 2990, 3650),\n        (\"TD 021\", aksolit_30, 149, 4500, 2600, 4380, 4890),\n        (\"TD 022\", aksolit_30, 166, 5000, 2800, 5490, 5980),\n        pytest.param(\n            \"TD 023\", aksolit_30, 206, 6200, 3300, 7500, 8000,\n            marks=pytest.mark.xfail(reson=\"Цена доставки: 4300 9900 11440\")\n        ),\n        (\"TD 024\", aksolit_30, 299, 9000, 4300, 9900, 11440),\n        (\"TD 025\", aksolit_30, 333, 10000, 7000, 13900, 15900),\n        pytest.param(\n            \"TD 026\", aksolit_30, 366, 11000, 8000, 14900, 19900,\n            marks=pytest.mark.xfail(reson=\"Цена доставки: 7000 13900 15900\")\n        ),\n        pytest.param(\n            \"TD 027\", aksolit_30, 666, 20000, 14000, 16900, 23900,\n            marks=pytest.mark.xfail(reson=\"Цена доставки: 7000 13900 15900\")\n        )\n    ])\n    @pytest.mark.xfail\n    @pytest.mark.smoke_test\n    def test_positive_delivery_blue_zone_smoke(\n            self, driver, url, case_id, link_item, amount, weight, standard, in_time, all_time\n    ):\n        allure.dynamic.title(f\"{case_id} Доставка товара весом до {weight}кг. в синей зоне\")\n    \n        driver.get(f'{url}{link_item}')\n        item_page = ItemPage(driver)\n>       item_page.add_item_to_cart(amount).click_on_cart()\n\ntests/delivery/test_delivery_calculation.py:132: \n_ _ _ _ _ _ _ _ _ _ _ _ _ _ _ _ _ _ _ _ _ _ _ _ _ _ _ _ _ _ _ _ _ _ _ _ _ _ _ _ \npages/item_page.py:40: in add_item_to_cart\n    self.find_element(self._add_item).click()\nbase/seleniumbase.py:17: in find_element\n    return self.driver.find_element(*locator)\n/usr/local/lib/python3.11/site-packages/selenium/webdriver/remote/webdriver.py:739: in find_element\n    return self.execute(Command.FIND_ELEMENT, {\"using\": by, \"value\": value})[\"value\"]\n/usr/local/lib/python3.11/site-packages/selenium/webdriver/remote/webdriver.py:345: in execute\n    self.error_handler.check_response(response)\n_ _ _ _ _ _ _ _ _ _ _ _ _ _ _ _ _ _ _ _ _ _ _ _ _ _ _ _ _ _ _ _ _ _ _ _ _ _ _ _ \n\nself = <selenium.webdriver.remote.errorhandler.ErrorHandler object at 0x7f850e496690>\nresponse = {'status': 404, 'value': '{\"value\":{\"error\":\"no such element\",\"message\":\"no such element: Unable to locate element: {\\...\\\\n#16 0x555d175777f0 \\\\u003Cunknown>\\\\n#17 0x555d17586d8c \\\\u003Cunknown>\\\\n#18 0x7fb1eeef7134 \\\\u003Cunknown>\\\\n\"}}'}\n\n    def check_response(self, response: Dict[str, Any]) -> None:\n        \"\"\"Checks that a JSON response from the WebDriver does not have an\n        error.\n    \n        :Args:\n         - response - The JSON response from the WebDriver server as a dictionary\n           object.\n    \n        :Raises: If the response contains an error message.\n        \"\"\"\n        status = response.get(\"status\", None)\n        if not status or status == ErrorCode.SUCCESS:\n            return\n        value = None\n        message = response.get(\"message\", \"\")\n        screen: str = response.get(\"screen\", \"\")\n        stacktrace = None\n        if isinstance(status, int):\n            value_json = response.get(\"value\", None)\n            if value_json and isinstance(value_json, str):\n                import json\n    \n                try:\n                    value = json.loads(value_json)\n                    if len(value) == 1:\n                        value = value[\"value\"]\n                    status = value.get(\"error\", None)\n                    if not status:\n                        status = value.get(\"status\", ErrorCode.UNKNOWN_ERROR)\n                        message = value.get(\"value\") or value.get(\"message\")\n                        if not isinstance(message, str):\n                            value = message\n                            message = message.get(\"message\")\n                    else:\n                        message = value.get(\"message\", None)\n                except ValueError:\n                    pass\n    \n        exception_class: Type[WebDriverException]\n        e = ErrorCode()\n        error_codes = [item for item in dir(e) if not item.startswith(\"__\")]\n        for error_code in error_codes:\n            error_info = getattr(ErrorCode, error_code)\n            if isinstance(error_info, list) and status in error_info:\n                exception_class = getattr(ExceptionMapping, error_code, WebDriverException)\n                break\n        else:\n            exception_class = WebDriverException\n    \n        if not value:\n            value = response[\"value\"]\n        if isinstance(value, str):\n            raise exception_class(value)\n        if message == \"\" and \"message\" in value:\n            message = value[\"message\"]\n    \n        screen = None  # type: ignore[assignment]\n        if \"screen\" in value:\n            screen = value[\"screen\"]\n    \n        stacktrace = None\n        st_value = value.get(\"stackTrace\") or value.get(\"stacktrace\")\n        if st_value:\n            if isinstance(st_value, str):\n                stacktrace = st_value.split(\"\\n\")\n            else:\n                stacktrace = []\n                try:\n                    for frame in st_value:\n                        line = frame.get(\"lineNumber\", \"\")\n                        file = frame.get(\"fileName\", \"<anonymous>\")\n                        if line:\n                            file = f\"{file}:{line}\"\n                        meth = frame.get(\"methodName\", \"<anonymous>\")\n                        if \"className\" in frame:\n                            meth = f\"{frame['className']}.{meth}\"\n                        msg = \"    at %s (%s)\"\n                        msg = msg % (meth, file)\n                        stacktrace.append(msg)\n                except TypeError:\n                    pass\n        if exception_class == UnexpectedAlertPresentException:\n            alert_text = None\n            if \"data\" in value:\n                alert_text = value[\"data\"].get(\"text\")\n            elif \"alert\" in value:\n                alert_text = value[\"alert\"].get(\"text\")\n            raise exception_class(message, screen, stacktrace, alert_text)  # type: ignore[call-arg]  # mypy is not smart enough here\n>       raise exception_class(message, screen, stacktrace)\nE       selenium.common.exceptions.NoSuchElementException: Message: no such element: Unable to locate element: {\"method\":\"xpath\",\"selector\":\"(//a[@class='add-to-cart yellow-btn'])[1]\"}\nE         (Session info: chrome-headless-shell=126.0.6478.182); For documentation on this error, please visit: https://www.selenium.dev/documentation/webdriver/troubleshooting/errors#no-such-element-exception\nE       Stacktrace:\nE       #0 0x555d17587c5a <unknown>\nE       #1 0x555d1726ae2c <unknown>\nE       #2 0x555d172b7661 <unknown>\nE       #3 0x555d172b7751 <unknown>\nE       #4 0x555d172fbf64 <unknown>\nE       #5 0x555d172da5ed <unknown>\nE       #6 0x555d172f9303 <unknown>\nE       #7 0x555d172da363 <unknown>\nE       #8 0x555d172aa247 <unknown>\nE       #9 0x555d172aab9e <unknown>\nE       #10 0x555d1754e22b <unknown>\nE       #11 0x555d175522d1 <unknown>\nE       #12 0x555d17539ade <unknown>\nE       #13 0x555d17552e32 <unknown>\nE       #14 0x555d1751e77f <unknown>\nE       #15 0x555d17577618 <unknown>\nE       #16 0x555d175777f0 <unknown>\nE       #17 0x555d17586d8c <unknown>\nE       #18 0x7fb1eeef7134 <unknown>\n\n/usr/local/lib/python3.11/site-packages/selenium/webdriver/remote/errorhandler.py:229: NoSuchElementException","flaky":false,"newFailed":false,"newBroken":false,"newPassed":false,"retriesCount":0,"retriesStatusChange":false,"beforeStages":[{"name":"_session_faker","time":{"start":1721436907673,"stop":1721436907741,"duration":68},"status":"passed","steps":[],"attachments":[],"parameters":[],"shouldDisplayMessage":false,"stepsCount":0,"attachmentsCount":0,"hasContent":false,"attachmentStep":false},{"name":"clear_allure_results_folder","time":{"start":1721436907741,"stop":1721436907741,"duration":0},"status":"passed","steps":[],"attachments":[],"parameters":[],"shouldDisplayMessage":false,"stepsCount":0,"attachmentsCount":0,"hasContent":false,"attachmentStep":false},{"name":"driver","time":{"start":1721437204170,"stop":1721437204854,"duration":684},"status":"passed","steps":[],"attachments":[],"parameters":[],"shouldDisplayMessage":false,"stepsCount":0,"attachmentsCount":0,"hasContent":false,"attachmentStep":false},{"name":"setup","time":{"start":1721437204854,"stop":1721437204854,"duration":0},"status":"passed","steps":[],"attachments":[],"parameters":[],"shouldDisplayMessage":false,"stepsCount":0,"attachmentsCount":0,"hasContent":false,"attachmentStep":false}],"testStage":{"status":"skipped","statusMessage":"XFAIL\n\nselenium.common.exceptions.NoSuchElementException: Message: no such element: Unable to locate element: {\"method\":\"xpath\",\"selector\":\"(//a[@class='add-to-cart yellow-btn'])[1]\"}\n  (Session info: chrome-headless-shell=126.0.6478.182); For documentation on this error, please visit: https://www.selenium.dev/documentation/webdriver/troubleshooting/errors#no-such-element-exception\nStacktrace:\n#0 0x555d17587c5a <unknown>\n#1 0x555d1726ae2c <unknown>\n#2 0x555d172b7661 <unknown>\n#3 0x555d172b7751 <unknown>\n#4 0x555d172fbf64 <unknown>\n#5 0x555d172da5ed <unknown>\n#6 0x555d172f9303 <unknown>\n#7 0x555d172da363 <unknown>\n#8 0x555d172aa247 <unknown>\n#9 0x555d172aab9e <unknown>\n#10 0x555d1754e22b <unknown>\n#11 0x555d175522d1 <unknown>\n#12 0x555d17539ade <unknown>\n#13 0x555d17552e32 <unknown>\n#14 0x555d1751e77f <unknown>\n#15 0x555d17577618 <unknown>\n#16 0x555d175777f0 <unknown>\n#17 0x555d17586d8c <unknown>\n#18 0x7fb1eeef7134 <unknown>","statusTrace":"self = <tests.delivery.test_delivery_calculation.TestDeliveryPageCalculation object at 0x7f850dd3ad90>\ndriver = <selenium.webdriver.chrome.webdriver.WebDriver (session=\"27e1480d4920bf948521d4944211c877\")>\nurl = 'https://sandboxtest.stroyrem-nn.ru/', case_id = 'TD 024'\nlink_item = 'products/shtukaturka-gipsovaya-aksolit-m50-30-kg-mashinnogo-naneseniya'\namount = 299, weight = 9000, standard = 4300, in_time = 9900, all_time = 11440\n\n    @pytest.mark.parametrize('case_id, link_item, amount, weight, standard, in_time, all_time', [\n        (\"TD 015\", bundeks_25, 1, 30, 650, 2390, 3320),\n        pytest.param(\n            \"TD 016\", aksolit_30, 8, 300, 650, 2390, 3320,\n            marks=pytest.mark.xfail(reson=\"Цена доставки: - - -\")\n        ),\n        (\"TD 017\", aksolit_30, 13, 400, 650, 2390, 3320),\n        (\"TD 018\", aksolit_30, 16, 500, 850, 2490, 3320),\n        (\"TD 019\", aksolit_30, 25, 1700, 1150, 2490, 3320),\n        (\"TD 020\", aksolit_30, 66, 2000, 1500, 2990, 3650),\n        (\"TD 021\", aksolit_30, 149, 4500, 2600, 4380, 4890),\n        (\"TD 022\", aksolit_30, 166, 5000, 2800, 5490, 5980),\n        pytest.param(\n            \"TD 023\", aksolit_30, 206, 6200, 3300, 7500, 8000,\n            marks=pytest.mark.xfail(reson=\"Цена доставки: 4300 9900 11440\")\n        ),\n        (\"TD 024\", aksolit_30, 299, 9000, 4300, 9900, 11440),\n        (\"TD 025\", aksolit_30, 333, 10000, 7000, 13900, 15900),\n        pytest.param(\n            \"TD 026\", aksolit_30, 366, 11000, 8000, 14900, 19900,\n            marks=pytest.mark.xfail(reson=\"Цена доставки: 7000 13900 15900\")\n        ),\n        pytest.param(\n            \"TD 027\", aksolit_30, 666, 20000, 14000, 16900, 23900,\n            marks=pytest.mark.xfail(reson=\"Цена доставки: 7000 13900 15900\")\n        )\n    ])\n    @pytest.mark.xfail\n    @pytest.mark.smoke_test\n    def test_positive_delivery_blue_zone_smoke(\n            self, driver, url, case_id, link_item, amount, weight, standard, in_time, all_time\n    ):\n        allure.dynamic.title(f\"{case_id} Доставка товара весом до {weight}кг. в синей зоне\")\n    \n        driver.get(f'{url}{link_item}')\n        item_page = ItemPage(driver)\n>       item_page.add_item_to_cart(amount).click_on_cart()\n\ntests/delivery/test_delivery_calculation.py:132: \n_ _ _ _ _ _ _ _ _ _ _ _ _ _ _ _ _ _ _ _ _ _ _ _ _ _ _ _ _ _ _ _ _ _ _ _ _ _ _ _ \npages/item_page.py:40: in add_item_to_cart\n    self.find_element(self._add_item).click()\nbase/seleniumbase.py:17: in find_element\n    return self.driver.find_element(*locator)\n/usr/local/lib/python3.11/site-packages/selenium/webdriver/remote/webdriver.py:739: in find_element\n    return self.execute(Command.FIND_ELEMENT, {\"using\": by, \"value\": value})[\"value\"]\n/usr/local/lib/python3.11/site-packages/selenium/webdriver/remote/webdriver.py:345: in execute\n    self.error_handler.check_response(response)\n_ _ _ _ _ _ _ _ _ _ _ _ _ _ _ _ _ _ _ _ _ _ _ _ _ _ _ _ _ _ _ _ _ _ _ _ _ _ _ _ \n\nself = <selenium.webdriver.remote.errorhandler.ErrorHandler object at 0x7f850e496690>\nresponse = {'status': 404, 'value': '{\"value\":{\"error\":\"no such element\",\"message\":\"no such element: Unable to locate element: {\\...\\\\n#16 0x555d175777f0 \\\\u003Cunknown>\\\\n#17 0x555d17586d8c \\\\u003Cunknown>\\\\n#18 0x7fb1eeef7134 \\\\u003Cunknown>\\\\n\"}}'}\n\n    def check_response(self, response: Dict[str, Any]) -> None:\n        \"\"\"Checks that a JSON response from the WebDriver does not have an\n        error.\n    \n        :Args:\n         - response - The JSON response from the WebDriver server as a dictionary\n           object.\n    \n        :Raises: If the response contains an error message.\n        \"\"\"\n        status = response.get(\"status\", None)\n        if not status or status == ErrorCode.SUCCESS:\n            return\n        value = None\n        message = response.get(\"message\", \"\")\n        screen: str = response.get(\"screen\", \"\")\n        stacktrace = None\n        if isinstance(status, int):\n            value_json = response.get(\"value\", None)\n            if value_json and isinstance(value_json, str):\n                import json\n    \n                try:\n                    value = json.loads(value_json)\n                    if len(value) == 1:\n                        value = value[\"value\"]\n                    status = value.get(\"error\", None)\n                    if not status:\n                        status = value.get(\"status\", ErrorCode.UNKNOWN_ERROR)\n                        message = value.get(\"value\") or value.get(\"message\")\n                        if not isinstance(message, str):\n                            value = message\n                            message = message.get(\"message\")\n                    else:\n                        message = value.get(\"message\", None)\n                except ValueError:\n                    pass\n    \n        exception_class: Type[WebDriverException]\n        e = ErrorCode()\n        error_codes = [item for item in dir(e) if not item.startswith(\"__\")]\n        for error_code in error_codes:\n            error_info = getattr(ErrorCode, error_code)\n            if isinstance(error_info, list) and status in error_info:\n                exception_class = getattr(ExceptionMapping, error_code, WebDriverException)\n                break\n        else:\n            exception_class = WebDriverException\n    \n        if not value:\n            value = response[\"value\"]\n        if isinstance(value, str):\n            raise exception_class(value)\n        if message == \"\" and \"message\" in value:\n            message = value[\"message\"]\n    \n        screen = None  # type: ignore[assignment]\n        if \"screen\" in value:\n            screen = value[\"screen\"]\n    \n        stacktrace = None\n        st_value = value.get(\"stackTrace\") or value.get(\"stacktrace\")\n        if st_value:\n            if isinstance(st_value, str):\n                stacktrace = st_value.split(\"\\n\")\n            else:\n                stacktrace = []\n                try:\n                    for frame in st_value:\n                        line = frame.get(\"lineNumber\", \"\")\n                        file = frame.get(\"fileName\", \"<anonymous>\")\n                        if line:\n                            file = f\"{file}:{line}\"\n                        meth = frame.get(\"methodName\", \"<anonymous>\")\n                        if \"className\" in frame:\n                            meth = f\"{frame['className']}.{meth}\"\n                        msg = \"    at %s (%s)\"\n                        msg = msg % (meth, file)\n                        stacktrace.append(msg)\n                except TypeError:\n                    pass\n        if exception_class == UnexpectedAlertPresentException:\n            alert_text = None\n            if \"data\" in value:\n                alert_text = value[\"data\"].get(\"text\")\n            elif \"alert\" in value:\n                alert_text = value[\"alert\"].get(\"text\")\n            raise exception_class(message, screen, stacktrace, alert_text)  # type: ignore[call-arg]  # mypy is not smart enough here\n>       raise exception_class(message, screen, stacktrace)\nE       selenium.common.exceptions.NoSuchElementException: Message: no such element: Unable to locate element: {\"method\":\"xpath\",\"selector\":\"(//a[@class='add-to-cart yellow-btn'])[1]\"}\nE         (Session info: chrome-headless-shell=126.0.6478.182); For documentation on this error, please visit: https://www.selenium.dev/documentation/webdriver/troubleshooting/errors#no-such-element-exception\nE       Stacktrace:\nE       #0 0x555d17587c5a <unknown>\nE       #1 0x555d1726ae2c <unknown>\nE       #2 0x555d172b7661 <unknown>\nE       #3 0x555d172b7751 <unknown>\nE       #4 0x555d172fbf64 <unknown>\nE       #5 0x555d172da5ed <unknown>\nE       #6 0x555d172f9303 <unknown>\nE       #7 0x555d172da363 <unknown>\nE       #8 0x555d172aa247 <unknown>\nE       #9 0x555d172aab9e <unknown>\nE       #10 0x555d1754e22b <unknown>\nE       #11 0x555d175522d1 <unknown>\nE       #12 0x555d17539ade <unknown>\nE       #13 0x555d17552e32 <unknown>\nE       #14 0x555d1751e77f <unknown>\nE       #15 0x555d17577618 <unknown>\nE       #16 0x555d175777f0 <unknown>\nE       #17 0x555d17586d8c <unknown>\nE       #18 0x7fb1eeef7134 <unknown>\n\n/usr/local/lib/python3.11/site-packages/selenium/webdriver/remote/errorhandler.py:229: NoSuchElementException","steps":[{"name":"Добавляем товар в корзину в количестве 299","time":{"start":1721437205233,"stop":1721437205248,"duration":15},"status":"broken","statusMessage":"selenium.common.exceptions.NoSuchElementException: Message: no such element: Unable to locate element: {\"method\":\"xpath\",\"selector\":\"(//a[@class='add-to-cart yellow-btn'])[1]\"}\n  (Session info: chrome-headless-shell=126.0.6478.182); For documentation on this error, please visit: https://www.selenium.dev/documentation/webdriver/troubleshooting/errors#no-such-element-exception\nStacktrace:\n#0 0x555d17587c5a <unknown>\n#1 0x555d1726ae2c <unknown>\n#2 0x555d172b7661 <unknown>\n#3 0x555d172b7751 <unknown>\n#4 0x555d172fbf64 <unknown>\n#5 0x555d172da5ed <unknown>\n#6 0x555d172f9303 <unknown>\n#7 0x555d172da363 <unknown>\n#8 0x555d172aa247 <unknown>\n#9 0x555d172aab9e <unknown>\n#10 0x555d1754e22b <unknown>\n#11 0x555d175522d1 <unknown>\n#12 0x555d17539ade <unknown>\n#13 0x555d17552e32 <unknown>\n#14 0x555d1751e77f <unknown>\n#15 0x555d17577618 <unknown>\n#16 0x555d175777f0 <unknown>\n#17 0x555d17586d8c <unknown>\n#18 0x7fb1eeef7134 <unknown>\n\n","statusTrace":"  File \"/usr/local/lib/python3.11/site-packages/allure_commons/_allure.py\", line 192, in impl\n    return func(*a, **kw)\n           ^^^^^^^^^^^^^^\n  File \"/app/pages/item_page.py\", line 40, in add_item_to_cart\n    self.find_element(self._add_item).click()\n    ^^^^^^^^^^^^^^^^^^^^^^^^^^^^^^^^^\n  File \"/app/base/seleniumbase.py\", line 17, in find_element\n    return self.driver.find_element(*locator)\n           ^^^^^^^^^^^^^^^^^^^^^^^^^^^^^^^^^^\n  File \"/usr/local/lib/python3.11/site-packages/selenium/webdriver/remote/webdriver.py\", line 739, in find_element\n    return self.execute(Command.FIND_ELEMENT, {\"using\": by, \"value\": value})[\"value\"]\n           ^^^^^^^^^^^^^^^^^^^^^^^^^^^^^^^^^^^^^^^^^^^^^^^^^^^^^^^^^^^^^^^^^\n  File \"/usr/local/lib/python3.11/site-packages/selenium/webdriver/remote/webdriver.py\", line 345, in execute\n    self.error_handler.check_response(response)\n  File \"/usr/local/lib/python3.11/site-packages/selenium/webdriver/remote/errorhandler.py\", line 229, in check_response\n    raise exception_class(message, screen, stacktrace)\n","steps":[],"attachments":[],"parameters":[{"name":"amount","value":"299"}],"shouldDisplayMessage":true,"stepsCount":0,"attachmentsCount":0,"hasContent":true,"attachmentStep":false}],"attachments":[{"uid":"514964293592ae1e","name":"Screenshot","source":"514964293592ae1e.png","type":"image/png","size":4720},{"uid":"22ae8084dd0c640e","name":"HTML source","source":"22ae8084dd0c640e.html","type":"text/html","size":39}],"parameters":[],"shouldDisplayMessage":true,"stepsCount":1,"attachmentsCount":2,"hasContent":true,"attachmentStep":false},"afterStages":[{"name":"driver::0","time":{"start":1721437205342,"stop":1721437205401,"duration":59},"status":"passed","steps":[],"attachments":[],"parameters":[],"shouldDisplayMessage":false,"stepsCount":0,"attachmentsCount":0,"hasContent":false,"attachmentStep":false},{"name":"setup::0","time":{"start":1721437205342,"stop":1721437205342,"duration":0},"status":"passed","steps":[],"attachments":[],"parameters":[],"shouldDisplayMessage":false,"stepsCount":0,"attachmentsCount":0,"hasContent":false,"attachmentStep":false}],"labels":[{"name":"epic","value":"Delivery Page - calculation"},{"name":"tag","value":"smoke_test"},{"name":"tag","value":"@pytest.mark.xfail"},{"name":"parentSuite","value":"tests.delivery"},{"name":"suite","value":"test_delivery_calculation"},{"name":"subSuite","value":"TestDeliveryPageCalculation"},{"name":"host","value":"9317d4a23ef6"},{"name":"thread","value":"1-MainThread"},{"name":"framework","value":"pytest"},{"name":"language","value":"cpython3"},{"name":"package","value":"tests.delivery.test_delivery_calculation"},{"name":"resultFormat","value":"allure2"}],"parameters":[{"name":"all_time","value":"11440"},{"name":"amount","value":"299"},{"name":"case_id","value":"'TD 024'"},{"name":"in_time","value":"9900"},{"name":"link_item","value":"'products/shtukaturka-gipsovaya-aksolit-m50-30-kg-mashinnogo-naneseniya'"},{"name":"standard","value":"4300"},{"name":"url","value":"'https://sandboxtest.stroyrem-nn.ru/'"},{"name":"weight","value":"9000"}],"links":[],"hidden":false,"retry":false,"extra":{"severity":"normal","retries":[],"categories":[],"history":{"statistic":{"failed":0,"broken":0,"skipped":52,"passed":0,"unknown":0,"total":52},"items":[{"uid":"b3b00a4e73706a18","reportUrl":"https://Nat754.github.io/StroyremAutomation/373//#testresult/b3b00a4e73706a18","status":"skipped","statusDetails":"XFAIL\n\nselenium.common.exceptions.NoSuchElementException: Message: no such element: Unable to locate element: {\"method\":\"xpath\",\"selector\":\"(//a[@class='add-to-cart yellow-btn'])[1]\"}\n  (Session info: chrome-headless-shell=126.0.6478.182); For documentation on this error, please visit: https://www.selenium.dev/documentation/webdriver/troubleshooting/errors#no-such-element-exception\nStacktrace:\n#0 0x561617ea9c5a <unknown>\n#1 0x561617b8ce2c <unknown>\n#2 0x561617bd9661 <unknown>\n#3 0x561617bd9751 <unknown>\n#4 0x561617c1df64 <unknown>\n#5 0x561617bfc5ed <unknown>\n#6 0x561617c1b303 <unknown>\n#7 0x561617bfc363 <unknown>\n#8 0x561617bcc247 <unknown>\n#9 0x561617bccb9e <unknown>\n#10 0x561617e7022b <unknown>\n#11 0x561617e742d1 <unknown>\n#12 0x561617e5bade <unknown>\n#13 0x561617e74e32 <unknown>\n#14 0x561617e4077f <unknown>\n#15 0x561617e99618 <unknown>\n#16 0x561617e997f0 <unknown>\n#17 0x561617ea8d8c <unknown>\n#18 0x7f6ac848d134 <unknown>","time":{"start":1721350852527,"stop":1721350853132,"duration":605}},{"uid":"80dd2c0f19c13414","reportUrl":"https://Nat754.github.io/StroyremAutomation/372//#testresult/80dd2c0f19c13414","status":"skipped","statusDetails":"XFAIL\n\nselenium.common.exceptions.NoSuchElementException: Message: no such element: Unable to locate element: {\"method\":\"xpath\",\"selector\":\"(//a[@class='add-to-cart yellow-btn'])[1]\"}\n  (Session info: chrome-headless-shell=126.0.6478.182); For documentation on this error, please visit: https://www.selenium.dev/documentation/webdriver/troubleshooting/errors#no-such-element-exception\nStacktrace:\n#0 0x5625edbe7c5a <unknown>\n#1 0x5625ed8cae2c <unknown>\n#2 0x5625ed917661 <unknown>\n#3 0x5625ed917751 <unknown>\n#4 0x5625ed95bf64 <unknown>\n#5 0x5625ed93a5ed <unknown>\n#6 0x5625ed959303 <unknown>\n#7 0x5625ed93a363 <unknown>\n#8 0x5625ed90a247 <unknown>\n#9 0x5625ed90ab9e <unknown>\n#10 0x5625edbae22b <unknown>\n#11 0x5625edbb22d1 <unknown>\n#12 0x5625edb99ade <unknown>\n#13 0x5625edbb2e32 <unknown>\n#14 0x5625edb7e77f <unknown>\n#15 0x5625edbd7618 <unknown>\n#16 0x5625edbd77f0 <unknown>\n#17 0x5625edbe6d8c <unknown>\n#18 0x7fece1dcd134 <unknown>","time":{"start":1721264425923,"stop":1721264426315,"duration":392}},{"uid":"8fc0b8bae3d20898","reportUrl":"https://Nat754.github.io/StroyremAutomation/371//#testresult/8fc0b8bae3d20898","status":"skipped","statusDetails":"XFAIL\n\nselenium.common.exceptions.NoSuchElementException: Message: no such element: Unable to locate element: {\"method\":\"xpath\",\"selector\":\"(//a[@class='add-to-cart yellow-btn'])[1]\"}\n  (Session info: chrome-headless-shell=126.0.6478.182); For documentation on this error, please visit: https://www.selenium.dev/documentation/webdriver/troubleshooting/errors#no-such-element-exception\nStacktrace:\n#0 0x5608c544fc5a <unknown>\n#1 0x5608c5132e2c <unknown>\n#2 0x5608c517f661 <unknown>\n#3 0x5608c517f751 <unknown>\n#4 0x5608c51c3f64 <unknown>\n#5 0x5608c51a25ed <unknown>\n#6 0x5608c51c1303 <unknown>\n#7 0x5608c51a2363 <unknown>\n#8 0x5608c5172247 <unknown>\n#9 0x5608c5172b9e <unknown>\n#10 0x5608c541622b <unknown>\n#11 0x5608c541a2d1 <unknown>\n#12 0x5608c5401ade <unknown>\n#13 0x5608c541ae32 <unknown>\n#14 0x5608c53e677f <unknown>\n#15 0x5608c543f618 <unknown>\n#16 0x5608c543f7f0 <unknown>\n#17 0x5608c544ed8c <unknown>\n#18 0x7f258f7d2134 <unknown>","time":{"start":1721178046196,"stop":1721178046495,"duration":299}},{"uid":"112eb7e727c9c462","reportUrl":"https://Nat754.github.io/StroyremAutomation/370//#testresult/112eb7e727c9c462","status":"skipped","statusDetails":"XFAIL\n\nselenium.common.exceptions.NoSuchElementException: Message: no such element: Unable to locate element: {\"method\":\"xpath\",\"selector\":\"(//a[@class='add-to-cart yellow-btn'])[1]\"}\n  (Session info: chrome-headless-shell=126.0.6478.126); For documentation on this error, please visit: https://www.selenium.dev/documentation/webdriver/troubleshooting/errors#no-such-element-exception\nStacktrace:\n#0 0x5641b797dc7a <unknown>\n#1 0x5641b7660e2c <unknown>\n#2 0x5641b76ad661 <unknown>\n#3 0x5641b76ad751 <unknown>\n#4 0x5641b76f1f64 <unknown>\n#5 0x5641b76d05ed <unknown>\n#6 0x5641b76ef303 <unknown>\n#7 0x5641b76d0363 <unknown>\n#8 0x5641b76a0247 <unknown>\n#9 0x5641b76a0b9e <unknown>\n#10 0x5641b794424b <unknown>\n#11 0x5641b79482f1 <unknown>\n#12 0x5641b792fafe <unknown>\n#13 0x5641b7948e52 <unknown>\n#14 0x5641b791479f <unknown>\n#15 0x5641b796d638 <unknown>\n#16 0x5641b796d810 <unknown>\n#17 0x5641b797cdac <unknown>\n#18 0x7f77c64e4134 <unknown>","time":{"start":1721091687649,"stop":1721091688077,"duration":428}},{"uid":"f8e35a810e39e955","reportUrl":"https://Nat754.github.io/StroyremAutomation/369//#testresult/f8e35a810e39e955","status":"skipped","statusDetails":"XFAIL\n\nselenium.common.exceptions.NoSuchElementException: Message: no such element: Unable to locate element: {\"method\":\"xpath\",\"selector\":\"(//a[@class='add-to-cart yellow-btn'])[1]\"}\n  (Session info: chrome-headless-shell=126.0.6478.126); For documentation on this error, please visit: https://www.selenium.dev/documentation/webdriver/troubleshooting/errors#no-such-element-exception\nStacktrace:\n#0 0x5570285c9c7a <unknown>\n#1 0x5570282ace2c <unknown>\n#2 0x5570282f9661 <unknown>\n#3 0x5570282f9751 <unknown>\n#4 0x55702833df64 <unknown>\n#5 0x55702831c5ed <unknown>\n#6 0x55702833b303 <unknown>\n#7 0x55702831c363 <unknown>\n#8 0x5570282ec247 <unknown>\n#9 0x5570282ecb9e <unknown>\n#10 0x55702859024b <unknown>\n#11 0x5570285942f1 <unknown>\n#12 0x55702857bafe <unknown>\n#13 0x557028594e52 <unknown>\n#14 0x55702856079f <unknown>\n#15 0x5570285b9638 <unknown>\n#16 0x5570285b9810 <unknown>\n#17 0x5570285c8dac <unknown>\n#18 0x7fb63292c134 <unknown>","time":{"start":1721005391049,"stop":1721005391486,"duration":437}},{"uid":"8797ec04667eac13","reportUrl":"https://Nat754.github.io/StroyremAutomation/368//#testresult/8797ec04667eac13","status":"skipped","statusDetails":"XFAIL\n\nselenium.common.exceptions.NoSuchElementException: Message: no such element: Unable to locate element: {\"method\":\"xpath\",\"selector\":\"(//a[@class='add-to-cart yellow-btn'])[1]\"}\n  (Session info: chrome-headless-shell=126.0.6478.126); For documentation on this error, please visit: https://www.selenium.dev/documentation/webdriver/troubleshooting/errors#no-such-element-exception\nStacktrace:\n#0 0x556b718bec7a <unknown>\n#1 0x556b715a1e2c <unknown>\n#2 0x556b715ee661 <unknown>\n#3 0x556b715ee751 <unknown>\n#4 0x556b71632f64 <unknown>\n#5 0x556b716115ed <unknown>\n#6 0x556b71630303 <unknown>\n#7 0x556b71611363 <unknown>\n#8 0x556b715e1247 <unknown>\n#9 0x556b715e1b9e <unknown>\n#10 0x556b7188524b <unknown>\n#11 0x556b718892f1 <unknown>\n#12 0x556b71870afe <unknown>\n#13 0x556b71889e52 <unknown>\n#14 0x556b7185579f <unknown>\n#15 0x556b718ae638 <unknown>\n#16 0x556b718ae810 <unknown>\n#17 0x556b718bddac <unknown>\n#18 0x7f387b6b0134 <unknown>","time":{"start":1720919105198,"stop":1720919105669,"duration":471}},{"uid":"da6cc1e16f84226b","reportUrl":"https://Nat754.github.io/StroyremAutomation/367//#testresult/da6cc1e16f84226b","status":"skipped","statusDetails":"XFAIL\n\nselenium.common.exceptions.NoSuchElementException: Message: no such element: Unable to locate element: {\"method\":\"xpath\",\"selector\":\"(//a[@class='add-to-cart yellow-btn'])[1]\"}\n  (Session info: chrome-headless-shell=126.0.6478.126); For documentation on this error, please visit: https://www.selenium.dev/documentation/webdriver/troubleshooting/errors#no-such-element-exception\nStacktrace:\n#0 0x55d088a70c7a <unknown>\n#1 0x55d088753e2c <unknown>\n#2 0x55d0887a0661 <unknown>\n#3 0x55d0887a0751 <unknown>\n#4 0x55d0887e4f64 <unknown>\n#5 0x55d0887c35ed <unknown>\n#6 0x55d0887e2303 <unknown>\n#7 0x55d0887c3363 <unknown>\n#8 0x55d088793247 <unknown>\n#9 0x55d088793b9e <unknown>\n#10 0x55d088a3724b <unknown>\n#11 0x55d088a3b2f1 <unknown>\n#12 0x55d088a22afe <unknown>\n#13 0x55d088a3be52 <unknown>\n#14 0x55d088a0779f <unknown>\n#15 0x55d088a60638 <unknown>\n#16 0x55d088a60810 <unknown>\n#17 0x55d088a6fdac <unknown>\n#18 0x7f0102ddd134 <unknown>","time":{"start":1720832407097,"stop":1720832407387,"duration":290}},{"uid":"cfa33b82590075e3","reportUrl":"https://Nat754.github.io/StroyremAutomation/366//#testresult/cfa33b82590075e3","status":"skipped","statusDetails":"XFAIL\n\nselenium.common.exceptions.NoSuchElementException: Message: no such element: Unable to locate element: {\"method\":\"xpath\",\"selector\":\"(//a[@class='add-to-cart yellow-btn'])[1]\"}\n  (Session info: chrome-headless-shell=126.0.6478.126); For documentation on this error, please visit: https://www.selenium.dev/documentation/webdriver/troubleshooting/errors#no-such-element-exception\nStacktrace:\n#0 0x556e5f707c7a <unknown>\n#1 0x556e5f3eae2c <unknown>\n#2 0x556e5f437661 <unknown>\n#3 0x556e5f437751 <unknown>\n#4 0x556e5f47bf64 <unknown>\n#5 0x556e5f45a5ed <unknown>\n#6 0x556e5f479303 <unknown>\n#7 0x556e5f45a363 <unknown>\n#8 0x556e5f42a247 <unknown>\n#9 0x556e5f42ab9e <unknown>\n#10 0x556e5f6ce24b <unknown>\n#11 0x556e5f6d22f1 <unknown>\n#12 0x556e5f6b9afe <unknown>\n#13 0x556e5f6d2e52 <unknown>\n#14 0x556e5f69e79f <unknown>\n#15 0x556e5f6f7638 <unknown>\n#16 0x556e5f6f7810 <unknown>\n#17 0x556e5f706dac <unknown>\n#18 0x7f9890fa1134 <unknown>","time":{"start":1720746020824,"stop":1720746021251,"duration":427}},{"uid":"a73789908d92e285","reportUrl":"https://Nat754.github.io/StroyremAutomation/365//#testresult/a73789908d92e285","status":"skipped","statusDetails":"XFAIL\n\nselenium.common.exceptions.NoSuchElementException: Message: no such element: Unable to locate element: {\"method\":\"xpath\",\"selector\":\"(//a[@class='add-to-cart yellow-btn'])[1]\"}\n  (Session info: chrome-headless-shell=126.0.6478.126); For documentation on this error, please visit: https://www.selenium.dev/documentation/webdriver/troubleshooting/errors#no-such-element-exception\nStacktrace:\n#0 0x5598f730ac7a <unknown>\n#1 0x5598f6fede2c <unknown>\n#2 0x5598f703a661 <unknown>\n#3 0x5598f703a751 <unknown>\n#4 0x5598f707ef64 <unknown>\n#5 0x5598f705d5ed <unknown>\n#6 0x5598f707c303 <unknown>\n#7 0x5598f705d363 <unknown>\n#8 0x5598f702d247 <unknown>\n#9 0x5598f702db9e <unknown>\n#10 0x5598f72d124b <unknown>\n#11 0x5598f72d52f1 <unknown>\n#12 0x5598f72bcafe <unknown>\n#13 0x5598f72d5e52 <unknown>\n#14 0x5598f72a179f <unknown>\n#15 0x5598f72fa638 <unknown>\n#16 0x5598f72fa810 <unknown>\n#17 0x5598f7309dac <unknown>\n#18 0x7f70ee399134 <unknown>","time":{"start":1720659654600,"stop":1720659655065,"duration":465}},{"uid":"5c5497a4fa36879","reportUrl":"https://Nat754.github.io/StroyremAutomation/364//#testresult/5c5497a4fa36879","status":"skipped","statusDetails":"XFAIL\n\nselenium.common.exceptions.NoSuchElementException: Message: no such element: Unable to locate element: {\"method\":\"xpath\",\"selector\":\"(//a[@class='add-to-cart yellow-btn'])[1]\"}\n  (Session info: chrome-headless-shell=126.0.6478.126); For documentation on this error, please visit: https://www.selenium.dev/documentation/webdriver/troubleshooting/errors#no-such-element-exception\nStacktrace:\n#0 0x5625c698cc7a <unknown>\n#1 0x5625c666fe2c <unknown>\n#2 0x5625c66bc661 <unknown>\n#3 0x5625c66bc751 <unknown>\n#4 0x5625c6700f64 <unknown>\n#5 0x5625c66df5ed <unknown>\n#6 0x5625c66fe303 <unknown>\n#7 0x5625c66df363 <unknown>\n#8 0x5625c66af247 <unknown>\n#9 0x5625c66afb9e <unknown>\n#10 0x5625c695324b <unknown>\n#11 0x5625c69572f1 <unknown>\n#12 0x5625c693eafe <unknown>\n#13 0x5625c6957e52 <unknown>\n#14 0x5625c692379f <unknown>\n#15 0x5625c697c638 <unknown>\n#16 0x5625c697c810 <unknown>\n#17 0x5625c698bdac <unknown>\n#18 0x7f6393942134 <unknown>","time":{"start":1720573261046,"stop":1720573261379,"duration":333}},{"uid":"53b407771f243592","reportUrl":"https://Nat754.github.io/StroyremAutomation/363//#testresult/53b407771f243592","status":"skipped","statusDetails":"XFAIL\n\nselenium.common.exceptions.NoSuchElementException: Message: no such element: Unable to locate element: {\"method\":\"xpath\",\"selector\":\"(//a[@class='add-to-cart yellow-btn'])[1]\"}\n  (Session info: chrome-headless-shell=126.0.6478.126); For documentation on this error, please visit: https://www.selenium.dev/documentation/webdriver/troubleshooting/errors#no-such-element-exception\nStacktrace:\n#0 0x557c02827c7a <unknown>\n#1 0x557c0250ae2c <unknown>\n#2 0x557c02557661 <unknown>\n#3 0x557c02557751 <unknown>\n#4 0x557c0259bf64 <unknown>\n#5 0x557c0257a5ed <unknown>\n#6 0x557c02599303 <unknown>\n#7 0x557c0257a363 <unknown>\n#8 0x557c0254a247 <unknown>\n#9 0x557c0254ab9e <unknown>\n#10 0x557c027ee24b <unknown>\n#11 0x557c027f22f1 <unknown>\n#12 0x557c027d9afe <unknown>\n#13 0x557c027f2e52 <unknown>\n#14 0x557c027be79f <unknown>\n#15 0x557c02817638 <unknown>\n#16 0x557c02817810 <unknown>\n#17 0x557c02826dac <unknown>\n#18 0x7f8e0dc12134 <unknown>","time":{"start":1720486836918,"stop":1720486837310,"duration":392}},{"uid":"f6292047726c0b58","reportUrl":"https://Nat754.github.io/StroyremAutomation/362//#testresult/f6292047726c0b58","status":"skipped","statusDetails":"XFAIL\n\nselenium.common.exceptions.NoSuchElementException: Message: no such element: Unable to locate element: {\"method\":\"xpath\",\"selector\":\"(//a[@class='add-to-cart yellow-btn'])[1]\"}\n  (Session info: chrome-headless-shell=126.0.6478.126); For documentation on this error, please visit: https://www.selenium.dev/documentation/webdriver/troubleshooting/errors#no-such-element-exception\nStacktrace:\n#0 0x5633d529dc7a <unknown>\n#1 0x5633d4f80e2c <unknown>\n#2 0x5633d4fcd661 <unknown>\n#3 0x5633d4fcd751 <unknown>\n#4 0x5633d5011f64 <unknown>\n#5 0x5633d4ff05ed <unknown>\n#6 0x5633d500f303 <unknown>\n#7 0x5633d4ff0363 <unknown>\n#8 0x5633d4fc0247 <unknown>\n#9 0x5633d4fc0b9e <unknown>\n#10 0x5633d526424b <unknown>\n#11 0x5633d52682f1 <unknown>\n#12 0x5633d524fafe <unknown>\n#13 0x5633d5268e52 <unknown>\n#14 0x5633d523479f <unknown>\n#15 0x5633d528d638 <unknown>\n#16 0x5633d528d810 <unknown>\n#17 0x5633d529cdac <unknown>\n#18 0x7f9265c03134 <unknown>","time":{"start":1720400468115,"stop":1720400468415,"duration":300}},{"uid":"8970a21db2d5cbf","reportUrl":"https://Nat754.github.io/StroyremAutomation/361//#testresult/8970a21db2d5cbf","status":"skipped","statusDetails":"XFAIL\n\nselenium.common.exceptions.NoSuchElementException: Message: no such element: Unable to locate element: {\"method\":\"xpath\",\"selector\":\"(//a[@class='add-to-cart yellow-btn'])[1]\"}\n  (Session info: chrome-headless-shell=126.0.6478.126); For documentation on this error, please visit: https://www.selenium.dev/documentation/webdriver/troubleshooting/errors#no-such-element-exception\nStacktrace:\n#0 0x55f42a153c7a <unknown>\n#1 0x55f429e36e2c <unknown>\n#2 0x55f429e83661 <unknown>\n#3 0x55f429e83751 <unknown>\n#4 0x55f429ec7f64 <unknown>\n#5 0x55f429ea65ed <unknown>\n#6 0x55f429ec5303 <unknown>\n#7 0x55f429ea6363 <unknown>\n#8 0x55f429e76247 <unknown>\n#9 0x55f429e76b9e <unknown>\n#10 0x55f42a11a24b <unknown>\n#11 0x55f42a11e2f1 <unknown>\n#12 0x55f42a105afe <unknown>\n#13 0x55f42a11ee52 <unknown>\n#14 0x55f42a0ea79f <unknown>\n#15 0x55f42a143638 <unknown>\n#16 0x55f42a143810 <unknown>\n#17 0x55f42a152dac <unknown>\n#18 0x7fcb67b56134 <unknown>","time":{"start":1720314229668,"stop":1720314229961,"duration":293}},{"uid":"23d9da9819d20b62","reportUrl":"https://Nat754.github.io/StroyremAutomation/360//#testresult/23d9da9819d20b62","status":"skipped","statusDetails":"XFAIL\n\nselenium.common.exceptions.NoSuchElementException: Message: no such element: Unable to locate element: {\"method\":\"xpath\",\"selector\":\"(//a[@class='add-to-cart yellow-btn'])[1]\"}\n  (Session info: chrome-headless-shell=126.0.6478.126); For documentation on this error, please visit: https://www.selenium.dev/documentation/webdriver/troubleshooting/errors#no-such-element-exception\nStacktrace:\n#0 0x55b71c2b6c7a <unknown>\n#1 0x55b71bf99e2c <unknown>\n#2 0x55b71bfe6661 <unknown>\n#3 0x55b71bfe6751 <unknown>\n#4 0x55b71c02af64 <unknown>\n#5 0x55b71c0095ed <unknown>\n#6 0x55b71c028303 <unknown>\n#7 0x55b71c009363 <unknown>\n#8 0x55b71bfd9247 <unknown>\n#9 0x55b71bfd9b9e <unknown>\n#10 0x55b71c27d24b <unknown>\n#11 0x55b71c2812f1 <unknown>\n#12 0x55b71c268afe <unknown>\n#13 0x55b71c281e52 <unknown>\n#14 0x55b71c24d79f <unknown>\n#15 0x55b71c2a6638 <unknown>\n#16 0x55b71c2a6810 <unknown>\n#17 0x55b71c2b5dac <unknown>\n#18 0x7f1730c28134 <unknown>","time":{"start":1720227493686,"stop":1720227494149,"duration":463}},{"uid":"fc73575c18370d61","reportUrl":"https://Nat754.github.io/StroyremAutomation/359//#testresult/fc73575c18370d61","status":"skipped","statusDetails":"XFAIL\n\nselenium.common.exceptions.NoSuchElementException: Message: no such element: Unable to locate element: {\"method\":\"xpath\",\"selector\":\"(//a[@class='add-to-cart yellow-btn'])[1]\"}\n  (Session info: chrome-headless-shell=126.0.6478.126); For documentation on this error, please visit: https://www.selenium.dev/documentation/webdriver/troubleshooting/errors#no-such-element-exception\nStacktrace:\n#0 0x557c52ca5c7a <unknown>\n#1 0x557c52988e2c <unknown>\n#2 0x557c529d5661 <unknown>\n#3 0x557c529d5751 <unknown>\n#4 0x557c52a19f64 <unknown>\n#5 0x557c529f85ed <unknown>\n#6 0x557c52a17303 <unknown>\n#7 0x557c529f8363 <unknown>\n#8 0x557c529c8247 <unknown>\n#9 0x557c529c8b9e <unknown>\n#10 0x557c52c6c24b <unknown>\n#11 0x557c52c702f1 <unknown>\n#12 0x557c52c57afe <unknown>\n#13 0x557c52c70e52 <unknown>\n#14 0x557c52c3c79f <unknown>\n#15 0x557c52c95638 <unknown>\n#16 0x557c52c95810 <unknown>\n#17 0x557c52ca4dac <unknown>\n#18 0x7f4ec578c134 <unknown>","time":{"start":1720141129699,"stop":1720141130003,"duration":304}},{"uid":"c67322e74d63734c","reportUrl":"https://Nat754.github.io/StroyremAutomation/358//#testresult/c67322e74d63734c","status":"skipped","statusDetails":"XFAIL\n\nselenium.common.exceptions.NoSuchElementException: Message: no such element: Unable to locate element: {\"method\":\"xpath\",\"selector\":\"(//a[@class='add-to-cart yellow-btn'])[1]\"}\n  (Session info: chrome-headless-shell=126.0.6478.126); For documentation on this error, please visit: https://www.selenium.dev/documentation/webdriver/troubleshooting/errors#no-such-element-exception\nStacktrace:\n#0 0x560072ebac7a <unknown>\n#1 0x560072b9de2c <unknown>\n#2 0x560072bea661 <unknown>\n#3 0x560072bea751 <unknown>\n#4 0x560072c2ef64 <unknown>\n#5 0x560072c0d5ed <unknown>\n#6 0x560072c2c303 <unknown>\n#7 0x560072c0d363 <unknown>\n#8 0x560072bdd247 <unknown>\n#9 0x560072bddb9e <unknown>\n#10 0x560072e8124b <unknown>\n#11 0x560072e852f1 <unknown>\n#12 0x560072e6cafe <unknown>\n#13 0x560072e85e52 <unknown>\n#14 0x560072e5179f <unknown>\n#15 0x560072eaa638 <unknown>\n#16 0x560072eaa810 <unknown>\n#17 0x560072eb9dac <unknown>\n#18 0x7f398498d134 <unknown>","time":{"start":1720054758946,"stop":1720054759274,"duration":328}},{"uid":"d0a2b8073cc07bf7","reportUrl":"https://Nat754.github.io/StroyremAutomation/357//#testresult/d0a2b8073cc07bf7","status":"skipped","statusDetails":"XFAIL\n\nselenium.common.exceptions.NoSuchElementException: Message: no such element: Unable to locate element: {\"method\":\"xpath\",\"selector\":\"(//a[@class='add-to-cart yellow-btn'])[1]\"}\n  (Session info: chrome-headless-shell=126.0.6478.126); For documentation on this error, please visit: https://www.selenium.dev/documentation/webdriver/troubleshooting/errors#no-such-element-exception\nStacktrace:\n#0 0x55794be58c7a <unknown>\n#1 0x55794bb3be2c <unknown>\n#2 0x55794bb88661 <unknown>\n#3 0x55794bb88751 <unknown>\n#4 0x55794bbccf64 <unknown>\n#5 0x55794bbab5ed <unknown>\n#6 0x55794bbca303 <unknown>\n#7 0x55794bbab363 <unknown>\n#8 0x55794bb7b247 <unknown>\n#9 0x55794bb7bb9e <unknown>\n#10 0x55794be1f24b <unknown>\n#11 0x55794be232f1 <unknown>\n#12 0x55794be0aafe <unknown>\n#13 0x55794be23e52 <unknown>\n#14 0x55794bdef79f <unknown>\n#15 0x55794be48638 <unknown>\n#16 0x55794be48810 <unknown>\n#17 0x55794be57dac <unknown>\n#18 0x7f10aa401134 <unknown>","time":{"start":1719968405163,"stop":1719968405496,"duration":333}},{"uid":"a85384f6ee95480c","reportUrl":"https://Nat754.github.io/StroyremAutomation/356//#testresult/a85384f6ee95480c","status":"skipped","statusDetails":"XFAIL\n\nselenium.common.exceptions.NoSuchElementException: Message: no such element: Unable to locate element: {\"method\":\"xpath\",\"selector\":\"(//a[@class='add-to-cart yellow-btn'])[1]\"}\n  (Session info: chrome-headless-shell=126.0.6478.126); For documentation on this error, please visit: https://www.selenium.dev/documentation/webdriver/troubleshooting/errors#no-such-element-exception\nStacktrace:\n#0 0x558afc89cc7a <unknown>\n#1 0x558afc57fe2c <unknown>\n#2 0x558afc5cc661 <unknown>\n#3 0x558afc5cc751 <unknown>\n#4 0x558afc610f64 <unknown>\n#5 0x558afc5ef5ed <unknown>\n#6 0x558afc60e303 <unknown>\n#7 0x558afc5ef363 <unknown>\n#8 0x558afc5bf247 <unknown>\n#9 0x558afc5bfb9e <unknown>\n#10 0x558afc86324b <unknown>\n#11 0x558afc8672f1 <unknown>\n#12 0x558afc84eafe <unknown>\n#13 0x558afc867e52 <unknown>\n#14 0x558afc83379f <unknown>\n#15 0x558afc88c638 <unknown>\n#16 0x558afc88c810 <unknown>\n#17 0x558afc89bdac <unknown>\n#18 0x7f3f2ef16134 <unknown>","time":{"start":1719881981631,"stop":1719881981961,"duration":330}},{"uid":"c34ab3f0746b2a7","reportUrl":"https://Nat754.github.io/StroyremAutomation/355//#testresult/c34ab3f0746b2a7","status":"skipped","statusDetails":"XFAIL\n\nselenium.common.exceptions.NoSuchElementException: Message: no such element: Unable to locate element: {\"method\":\"xpath\",\"selector\":\"(//a[@class='add-to-cart yellow-btn'])[1]\"}\n  (Session info: chrome-headless-shell=126.0.6478.126); For documentation on this error, please visit: https://www.selenium.dev/documentation/webdriver/troubleshooting/errors#no-such-element-exception\nStacktrace:\n#0 0x560bdb811c7a <unknown>\n#1 0x560bdb4f4e2c <unknown>\n#2 0x560bdb541661 <unknown>\n#3 0x560bdb541751 <unknown>\n#4 0x560bdb585f64 <unknown>\n#5 0x560bdb5645ed <unknown>\n#6 0x560bdb583303 <unknown>\n#7 0x560bdb564363 <unknown>\n#8 0x560bdb534247 <unknown>\n#9 0x560bdb534b9e <unknown>\n#10 0x560bdb7d824b <unknown>\n#11 0x560bdb7dc2f1 <unknown>\n#12 0x560bdb7c3afe <unknown>\n#13 0x560bdb7dce52 <unknown>\n#14 0x560bdb7a879f <unknown>\n#15 0x560bdb801638 <unknown>\n#16 0x560bdb801810 <unknown>\n#17 0x560bdb810dac <unknown>\n#18 0x7f00543b9134 <unknown>","time":{"start":1719795908602,"stop":1719795908891,"duration":289}},{"uid":"4604df4ce9c662d","reportUrl":"https://Nat754.github.io/StroyremAutomation/354//#testresult/4604df4ce9c662d","status":"skipped","statusDetails":"XFAIL\n\nselenium.common.exceptions.NoSuchElementException: Message: no such element: Unable to locate element: {\"method\":\"xpath\",\"selector\":\"(//a[@class='add-to-cart yellow-btn'])[1]\"}\n  (Session info: chrome-headless-shell=126.0.6478.126); For documentation on this error, please visit: https://www.selenium.dev/documentation/webdriver/troubleshooting/errors#no-such-element-exception\nStacktrace:\n#0 0x55bdf59dbc7a <unknown>\n#1 0x55bdf56bee2c <unknown>\n#2 0x55bdf570b661 <unknown>\n#3 0x55bdf570b751 <unknown>\n#4 0x55bdf574ff64 <unknown>\n#5 0x55bdf572e5ed <unknown>\n#6 0x55bdf574d303 <unknown>\n#7 0x55bdf572e363 <unknown>\n#8 0x55bdf56fe247 <unknown>\n#9 0x55bdf56feb9e <unknown>\n#10 0x55bdf59a224b <unknown>\n#11 0x55bdf59a62f1 <unknown>\n#12 0x55bdf598dafe <unknown>\n#13 0x55bdf59a6e52 <unknown>\n#14 0x55bdf597279f <unknown>\n#15 0x55bdf59cb638 <unknown>\n#16 0x55bdf59cb810 <unknown>\n#17 0x55bdf59dadac <unknown>\n#18 0x7fde42bd6134 <unknown>","time":{"start":1719709413301,"stop":1719709413596,"duration":295}}]},"tags":["@pytest.mark.xfail","smoke_test"]},"source":"b6de0cbd61b48ad3.json","parameterValues":["11440","299","'TD 024'","9900","'products/shtukaturka-gipsovaya-aksolit-m50-30-kg-mashinnogo-naneseniya'","4300","'https://sandboxtest.stroyrem-nn.ru/'","9000"]}