{"uid":"d1dd783395053240","name":"test_positive_delivery_green_zone_smoke[TD 001-products/uroven---uglomer-elektronnyj-kapro-992-1-30-0-1590-2190-https://sandboxtest.stroyrem-nn.ru/]","fullName":"tests.delivery.test_delivery_calculation.TestDeliveryPageCalculation#test_positive_delivery_green_zone_smoke","historyId":"7d50f9d85ab9724fc9bef1ba931d63a5","time":{"start":1721437175166,"stop":1721437175732,"duration":566},"status":"skipped","statusMessage":"XFAIL\n\nselenium.common.exceptions.NoSuchElementException: Message: no such element: Unable to locate element: {\"method\":\"xpath\",\"selector\":\"(//a[@class='add-to-cart yellow-btn'])[1]\"}\n  (Session info: chrome-headless-shell=126.0.6478.182); For documentation on this error, please visit: https://www.selenium.dev/documentation/webdriver/troubleshooting/errors#no-such-element-exception\nStacktrace:\n#0 0x55b0f9199c5a <unknown>\n#1 0x55b0f8e7ce2c <unknown>\n#2 0x55b0f8ec9661 <unknown>\n#3 0x55b0f8ec9751 <unknown>\n#4 0x55b0f8f0df64 <unknown>\n#5 0x55b0f8eec5ed <unknown>\n#6 0x55b0f8f0b303 <unknown>\n#7 0x55b0f8eec363 <unknown>\n#8 0x55b0f8ebc247 <unknown>\n#9 0x55b0f8ebcb9e <unknown>\n#10 0x55b0f916022b <unknown>\n#11 0x55b0f91642d1 <unknown>\n#12 0x55b0f914bade <unknown>\n#13 0x55b0f9164e32 <unknown>\n#14 0x55b0f913077f <unknown>\n#15 0x55b0f9189618 <unknown>\n#16 0x55b0f91897f0 <unknown>\n#17 0x55b0f9198d8c <unknown>\n#18 0x7f6910d99134 <unknown>","statusTrace":"self = <tests.delivery.test_delivery_calculation.TestDeliveryPageCalculation object at 0x7f850df87c10>\ndriver = <selenium.webdriver.chrome.webdriver.WebDriver (session=\"9c298b3d4af8bb0a78e027def49e18a2\")>\nurl = 'https://sandboxtest.stroyrem-nn.ru/', case_id = 'TD 001'\nlink_item = 'products/uroven---uglomer-elektronnyj-kapro-992', amount = 1\nweight = 30, standard = 0, in_time = 1590, all_time = 2190\n\n    @pytest.mark.parametrize('case_id, link_item, amount, weight, standard, in_time, all_time', [\n        (\"TD 001\", uroven_3000, 1, 30, 0, 1590, 2190),\n        (\"TD 002\", bundeks_25, 1, 30, 400, 1590, 2190),\n        (\"TD 003\", aksolit_30, 8, 300, 400, 1590, 2190),\n        (\"TD 004\", aksolit_30, 13, 400, 450, 1590, 2190),\n        (\"TD 005\", aksolit_30, 16, 500, 600, 1590, 2190),\n        (\"TD 006\", aksolit_30, 25, 1700, 990, 1990, 2480),\n        (\"TD 007\", aksolit_30, 66, 2000, 1300, 2490, 2980),\n        (\"TD 008\", aksolit_30, 149, 4500, 2300, 3980, 4490),\n        (\"TD 009\", aksolit_30, 166, 5000, 2500, 4990, 5480),\n        pytest.param(\n            \"TD 010\", aksolit_30, 206, 6200, 2900, 5570, 6120,\n            marks=pytest.mark.xfail(reson=\"Цена доставки 3600 7960 8980\")\n        ),\n        (\"TD 011\", aksolit_30, 299, 9000, 3600, 7960, 8980),\n        (\"TD 012\", aksolit_30, 333, 10000, 4450, 11990, 12500),\n        pytest.param(\n            \"TD 013\", aksolit_30, 366, 11000, 4800, 12450, 13480,\n            marks=pytest.mark.xfail(reason=\"Цена стандартной доставки 4450\")\n        ),\n        pytest.param(\n            \"TD 014\", aksolit_30, 666, 20000, 5400, 15600, 17490,\n            marks=pytest.mark.xfail(reason=\"Цена стандартной доставки 4450\")\n        )\n    ])\n    @pytest.mark.xfail\n    @pytest.mark.smoke_test\n    def test_positive_delivery_green_zone_smoke(\n            self, driver, url, case_id, link_item, amount, weight, standard, in_time, all_time\n    ):\n    \n        driver.get(f'{url}{link_item}')\n        item_page = ItemPage(driver)\n>       item_page.add_item_to_cart(amount).click_on_cart()\n\ntests/delivery/test_delivery_calculation.py:50: \n_ _ _ _ _ _ _ _ _ _ _ _ _ _ _ _ _ _ _ _ _ _ _ _ _ _ _ _ _ _ _ _ _ _ _ _ _ _ _ _ \npages/item_page.py:40: in add_item_to_cart\n    self.find_element(self._add_item).click()\nbase/seleniumbase.py:17: in find_element\n    return self.driver.find_element(*locator)\n/usr/local/lib/python3.11/site-packages/selenium/webdriver/remote/webdriver.py:739: in find_element\n    return self.execute(Command.FIND_ELEMENT, {\"using\": by, \"value\": value})[\"value\"]\n/usr/local/lib/python3.11/site-packages/selenium/webdriver/remote/webdriver.py:345: in execute\n    self.error_handler.check_response(response)\n_ _ _ _ _ _ _ _ _ _ _ _ _ _ _ _ _ _ _ _ _ _ _ _ _ _ _ _ _ _ _ _ _ _ _ _ _ _ _ _ \n\nself = <selenium.webdriver.remote.errorhandler.ErrorHandler object at 0x7f850de020d0>\nresponse = {'status': 404, 'value': '{\"value\":{\"error\":\"no such element\",\"message\":\"no such element: Unable to locate element: {\\...\\\\n#16 0x55b0f91897f0 \\\\u003Cunknown>\\\\n#17 0x55b0f9198d8c \\\\u003Cunknown>\\\\n#18 0x7f6910d99134 \\\\u003Cunknown>\\\\n\"}}'}\n\n    def check_response(self, response: Dict[str, Any]) -> None:\n        \"\"\"Checks that a JSON response from the WebDriver does not have an\n        error.\n    \n        :Args:\n         - response - The JSON response from the WebDriver server as a dictionary\n           object.\n    \n        :Raises: If the response contains an error message.\n        \"\"\"\n        status = response.get(\"status\", None)\n        if not status or status == ErrorCode.SUCCESS:\n            return\n        value = None\n        message = response.get(\"message\", \"\")\n        screen: str = response.get(\"screen\", \"\")\n        stacktrace = None\n        if isinstance(status, int):\n            value_json = response.get(\"value\", None)\n            if value_json and isinstance(value_json, str):\n                import json\n    \n                try:\n                    value = json.loads(value_json)\n                    if len(value) == 1:\n                        value = value[\"value\"]\n                    status = value.get(\"error\", None)\n                    if not status:\n                        status = value.get(\"status\", ErrorCode.UNKNOWN_ERROR)\n                        message = value.get(\"value\") or value.get(\"message\")\n                        if not isinstance(message, str):\n                            value = message\n                            message = message.get(\"message\")\n                    else:\n                        message = value.get(\"message\", None)\n                except ValueError:\n                    pass\n    \n        exception_class: Type[WebDriverException]\n        e = ErrorCode()\n        error_codes = [item for item in dir(e) if not item.startswith(\"__\")]\n        for error_code in error_codes:\n            error_info = getattr(ErrorCode, error_code)\n            if isinstance(error_info, list) and status in error_info:\n                exception_class = getattr(ExceptionMapping, error_code, WebDriverException)\n                break\n        else:\n            exception_class = WebDriverException\n    \n        if not value:\n            value = response[\"value\"]\n        if isinstance(value, str):\n            raise exception_class(value)\n        if message == \"\" and \"message\" in value:\n            message = value[\"message\"]\n    \n        screen = None  # type: ignore[assignment]\n        if \"screen\" in value:\n            screen = value[\"screen\"]\n    \n        stacktrace = None\n        st_value = value.get(\"stackTrace\") or value.get(\"stacktrace\")\n        if st_value:\n            if isinstance(st_value, str):\n                stacktrace = st_value.split(\"\\n\")\n            else:\n                stacktrace = []\n                try:\n                    for frame in st_value:\n                        line = frame.get(\"lineNumber\", \"\")\n                        file = frame.get(\"fileName\", \"<anonymous>\")\n                        if line:\n                            file = f\"{file}:{line}\"\n                        meth = frame.get(\"methodName\", \"<anonymous>\")\n                        if \"className\" in frame:\n                            meth = f\"{frame['className']}.{meth}\"\n                        msg = \"    at %s (%s)\"\n                        msg = msg % (meth, file)\n                        stacktrace.append(msg)\n                except TypeError:\n                    pass\n        if exception_class == UnexpectedAlertPresentException:\n            alert_text = None\n            if \"data\" in value:\n                alert_text = value[\"data\"].get(\"text\")\n            elif \"alert\" in value:\n                alert_text = value[\"alert\"].get(\"text\")\n            raise exception_class(message, screen, stacktrace, alert_text)  # type: ignore[call-arg]  # mypy is not smart enough here\n>       raise exception_class(message, screen, stacktrace)\nE       selenium.common.exceptions.NoSuchElementException: Message: no such element: Unable to locate element: {\"method\":\"xpath\",\"selector\":\"(//a[@class='add-to-cart yellow-btn'])[1]\"}\nE         (Session info: chrome-headless-shell=126.0.6478.182); For documentation on this error, please visit: https://www.selenium.dev/documentation/webdriver/troubleshooting/errors#no-such-element-exception\nE       Stacktrace:\nE       #0 0x55b0f9199c5a <unknown>\nE       #1 0x55b0f8e7ce2c <unknown>\nE       #2 0x55b0f8ec9661 <unknown>\nE       #3 0x55b0f8ec9751 <unknown>\nE       #4 0x55b0f8f0df64 <unknown>\nE       #5 0x55b0f8eec5ed <unknown>\nE       #6 0x55b0f8f0b303 <unknown>\nE       #7 0x55b0f8eec363 <unknown>\nE       #8 0x55b0f8ebc247 <unknown>\nE       #9 0x55b0f8ebcb9e <unknown>\nE       #10 0x55b0f916022b <unknown>\nE       #11 0x55b0f91642d1 <unknown>\nE       #12 0x55b0f914bade <unknown>\nE       #13 0x55b0f9164e32 <unknown>\nE       #14 0x55b0f913077f <unknown>\nE       #15 0x55b0f9189618 <unknown>\nE       #16 0x55b0f91897f0 <unknown>\nE       #17 0x55b0f9198d8c <unknown>\nE       #18 0x7f6910d99134 <unknown>\n\n/usr/local/lib/python3.11/site-packages/selenium/webdriver/remote/errorhandler.py:229: NoSuchElementException","flaky":false,"newFailed":false,"newBroken":false,"newPassed":false,"retriesCount":0,"retriesStatusChange":false,"beforeStages":[{"name":"_session_faker","time":{"start":1721436907673,"stop":1721436907741,"duration":68},"status":"passed","steps":[],"attachments":[],"parameters":[],"shouldDisplayMessage":false,"stepsCount":0,"attachmentsCount":0,"hasContent":false,"attachmentStep":false},{"name":"clear_allure_results_folder","time":{"start":1721436907741,"stop":1721436907741,"duration":0},"status":"passed","steps":[],"attachments":[],"parameters":[],"shouldDisplayMessage":false,"stepsCount":0,"attachmentsCount":0,"hasContent":false,"attachmentStep":false},{"name":"driver","time":{"start":1721437174479,"stop":1721437175165,"duration":686},"status":"passed","steps":[],"attachments":[],"parameters":[],"shouldDisplayMessage":false,"stepsCount":0,"attachmentsCount":0,"hasContent":false,"attachmentStep":false},{"name":"setup","time":{"start":1721437175165,"stop":1721437175165,"duration":0},"status":"passed","steps":[],"attachments":[],"parameters":[],"shouldDisplayMessage":false,"stepsCount":0,"attachmentsCount":0,"hasContent":false,"attachmentStep":false}],"testStage":{"status":"skipped","statusMessage":"XFAIL\n\nselenium.common.exceptions.NoSuchElementException: Message: no such element: Unable to locate element: {\"method\":\"xpath\",\"selector\":\"(//a[@class='add-to-cart yellow-btn'])[1]\"}\n  (Session info: chrome-headless-shell=126.0.6478.182); For documentation on this error, please visit: https://www.selenium.dev/documentation/webdriver/troubleshooting/errors#no-such-element-exception\nStacktrace:\n#0 0x55b0f9199c5a <unknown>\n#1 0x55b0f8e7ce2c <unknown>\n#2 0x55b0f8ec9661 <unknown>\n#3 0x55b0f8ec9751 <unknown>\n#4 0x55b0f8f0df64 <unknown>\n#5 0x55b0f8eec5ed <unknown>\n#6 0x55b0f8f0b303 <unknown>\n#7 0x55b0f8eec363 <unknown>\n#8 0x55b0f8ebc247 <unknown>\n#9 0x55b0f8ebcb9e <unknown>\n#10 0x55b0f916022b <unknown>\n#11 0x55b0f91642d1 <unknown>\n#12 0x55b0f914bade <unknown>\n#13 0x55b0f9164e32 <unknown>\n#14 0x55b0f913077f <unknown>\n#15 0x55b0f9189618 <unknown>\n#16 0x55b0f91897f0 <unknown>\n#17 0x55b0f9198d8c <unknown>\n#18 0x7f6910d99134 <unknown>","statusTrace":"self = <tests.delivery.test_delivery_calculation.TestDeliveryPageCalculation object at 0x7f850df87c10>\ndriver = <selenium.webdriver.chrome.webdriver.WebDriver (session=\"9c298b3d4af8bb0a78e027def49e18a2\")>\nurl = 'https://sandboxtest.stroyrem-nn.ru/', case_id = 'TD 001'\nlink_item = 'products/uroven---uglomer-elektronnyj-kapro-992', amount = 1\nweight = 30, standard = 0, in_time = 1590, all_time = 2190\n\n    @pytest.mark.parametrize('case_id, link_item, amount, weight, standard, in_time, all_time', [\n        (\"TD 001\", uroven_3000, 1, 30, 0, 1590, 2190),\n        (\"TD 002\", bundeks_25, 1, 30, 400, 1590, 2190),\n        (\"TD 003\", aksolit_30, 8, 300, 400, 1590, 2190),\n        (\"TD 004\", aksolit_30, 13, 400, 450, 1590, 2190),\n        (\"TD 005\", aksolit_30, 16, 500, 600, 1590, 2190),\n        (\"TD 006\", aksolit_30, 25, 1700, 990, 1990, 2480),\n        (\"TD 007\", aksolit_30, 66, 2000, 1300, 2490, 2980),\n        (\"TD 008\", aksolit_30, 149, 4500, 2300, 3980, 4490),\n        (\"TD 009\", aksolit_30, 166, 5000, 2500, 4990, 5480),\n        pytest.param(\n            \"TD 010\", aksolit_30, 206, 6200, 2900, 5570, 6120,\n            marks=pytest.mark.xfail(reson=\"Цена доставки 3600 7960 8980\")\n        ),\n        (\"TD 011\", aksolit_30, 299, 9000, 3600, 7960, 8980),\n        (\"TD 012\", aksolit_30, 333, 10000, 4450, 11990, 12500),\n        pytest.param(\n            \"TD 013\", aksolit_30, 366, 11000, 4800, 12450, 13480,\n            marks=pytest.mark.xfail(reason=\"Цена стандартной доставки 4450\")\n        ),\n        pytest.param(\n            \"TD 014\", aksolit_30, 666, 20000, 5400, 15600, 17490,\n            marks=pytest.mark.xfail(reason=\"Цена стандартной доставки 4450\")\n        )\n    ])\n    @pytest.mark.xfail\n    @pytest.mark.smoke_test\n    def test_positive_delivery_green_zone_smoke(\n            self, driver, url, case_id, link_item, amount, weight, standard, in_time, all_time\n    ):\n    \n        driver.get(f'{url}{link_item}')\n        item_page = ItemPage(driver)\n>       item_page.add_item_to_cart(amount).click_on_cart()\n\ntests/delivery/test_delivery_calculation.py:50: \n_ _ _ _ _ _ _ _ _ _ _ _ _ _ _ _ _ _ _ _ _ _ _ _ _ _ _ _ _ _ _ _ _ _ _ _ _ _ _ _ \npages/item_page.py:40: in add_item_to_cart\n    self.find_element(self._add_item).click()\nbase/seleniumbase.py:17: in find_element\n    return self.driver.find_element(*locator)\n/usr/local/lib/python3.11/site-packages/selenium/webdriver/remote/webdriver.py:739: in find_element\n    return self.execute(Command.FIND_ELEMENT, {\"using\": by, \"value\": value})[\"value\"]\n/usr/local/lib/python3.11/site-packages/selenium/webdriver/remote/webdriver.py:345: in execute\n    self.error_handler.check_response(response)\n_ _ _ _ _ _ _ _ _ _ _ _ _ _ _ _ _ _ _ _ _ _ _ _ _ _ _ _ _ _ _ _ _ _ _ _ _ _ _ _ \n\nself = <selenium.webdriver.remote.errorhandler.ErrorHandler object at 0x7f850de020d0>\nresponse = {'status': 404, 'value': '{\"value\":{\"error\":\"no such element\",\"message\":\"no such element: Unable to locate element: {\\...\\\\n#16 0x55b0f91897f0 \\\\u003Cunknown>\\\\n#17 0x55b0f9198d8c \\\\u003Cunknown>\\\\n#18 0x7f6910d99134 \\\\u003Cunknown>\\\\n\"}}'}\n\n    def check_response(self, response: Dict[str, Any]) -> None:\n        \"\"\"Checks that a JSON response from the WebDriver does not have an\n        error.\n    \n        :Args:\n         - response - The JSON response from the WebDriver server as a dictionary\n           object.\n    \n        :Raises: If the response contains an error message.\n        \"\"\"\n        status = response.get(\"status\", None)\n        if not status or status == ErrorCode.SUCCESS:\n            return\n        value = None\n        message = response.get(\"message\", \"\")\n        screen: str = response.get(\"screen\", \"\")\n        stacktrace = None\n        if isinstance(status, int):\n            value_json = response.get(\"value\", None)\n            if value_json and isinstance(value_json, str):\n                import json\n    \n                try:\n                    value = json.loads(value_json)\n                    if len(value) == 1:\n                        value = value[\"value\"]\n                    status = value.get(\"error\", None)\n                    if not status:\n                        status = value.get(\"status\", ErrorCode.UNKNOWN_ERROR)\n                        message = value.get(\"value\") or value.get(\"message\")\n                        if not isinstance(message, str):\n                            value = message\n                            message = message.get(\"message\")\n                    else:\n                        message = value.get(\"message\", None)\n                except ValueError:\n                    pass\n    \n        exception_class: Type[WebDriverException]\n        e = ErrorCode()\n        error_codes = [item for item in dir(e) if not item.startswith(\"__\")]\n        for error_code in error_codes:\n            error_info = getattr(ErrorCode, error_code)\n            if isinstance(error_info, list) and status in error_info:\n                exception_class = getattr(ExceptionMapping, error_code, WebDriverException)\n                break\n        else:\n            exception_class = WebDriverException\n    \n        if not value:\n            value = response[\"value\"]\n        if isinstance(value, str):\n            raise exception_class(value)\n        if message == \"\" and \"message\" in value:\n            message = value[\"message\"]\n    \n        screen = None  # type: ignore[assignment]\n        if \"screen\" in value:\n            screen = value[\"screen\"]\n    \n        stacktrace = None\n        st_value = value.get(\"stackTrace\") or value.get(\"stacktrace\")\n        if st_value:\n            if isinstance(st_value, str):\n                stacktrace = st_value.split(\"\\n\")\n            else:\n                stacktrace = []\n                try:\n                    for frame in st_value:\n                        line = frame.get(\"lineNumber\", \"\")\n                        file = frame.get(\"fileName\", \"<anonymous>\")\n                        if line:\n                            file = f\"{file}:{line}\"\n                        meth = frame.get(\"methodName\", \"<anonymous>\")\n                        if \"className\" in frame:\n                            meth = f\"{frame['className']}.{meth}\"\n                        msg = \"    at %s (%s)\"\n                        msg = msg % (meth, file)\n                        stacktrace.append(msg)\n                except TypeError:\n                    pass\n        if exception_class == UnexpectedAlertPresentException:\n            alert_text = None\n            if \"data\" in value:\n                alert_text = value[\"data\"].get(\"text\")\n            elif \"alert\" in value:\n                alert_text = value[\"alert\"].get(\"text\")\n            raise exception_class(message, screen, stacktrace, alert_text)  # type: ignore[call-arg]  # mypy is not smart enough here\n>       raise exception_class(message, screen, stacktrace)\nE       selenium.common.exceptions.NoSuchElementException: Message: no such element: Unable to locate element: {\"method\":\"xpath\",\"selector\":\"(//a[@class='add-to-cart yellow-btn'])[1]\"}\nE         (Session info: chrome-headless-shell=126.0.6478.182); For documentation on this error, please visit: https://www.selenium.dev/documentation/webdriver/troubleshooting/errors#no-such-element-exception\nE       Stacktrace:\nE       #0 0x55b0f9199c5a <unknown>\nE       #1 0x55b0f8e7ce2c <unknown>\nE       #2 0x55b0f8ec9661 <unknown>\nE       #3 0x55b0f8ec9751 <unknown>\nE       #4 0x55b0f8f0df64 <unknown>\nE       #5 0x55b0f8eec5ed <unknown>\nE       #6 0x55b0f8f0b303 <unknown>\nE       #7 0x55b0f8eec363 <unknown>\nE       #8 0x55b0f8ebc247 <unknown>\nE       #9 0x55b0f8ebcb9e <unknown>\nE       #10 0x55b0f916022b <unknown>\nE       #11 0x55b0f91642d1 <unknown>\nE       #12 0x55b0f914bade <unknown>\nE       #13 0x55b0f9164e32 <unknown>\nE       #14 0x55b0f913077f <unknown>\nE       #15 0x55b0f9189618 <unknown>\nE       #16 0x55b0f91897f0 <unknown>\nE       #17 0x55b0f9198d8c <unknown>\nE       #18 0x7f6910d99134 <unknown>\n\n/usr/local/lib/python3.11/site-packages/selenium/webdriver/remote/errorhandler.py:229: NoSuchElementException","steps":[{"name":"Добавляем товар в корзину в количестве 1","time":{"start":1721437175716,"stop":1721437175731,"duration":15},"status":"broken","statusMessage":"selenium.common.exceptions.NoSuchElementException: Message: no such element: Unable to locate element: {\"method\":\"xpath\",\"selector\":\"(//a[@class='add-to-cart yellow-btn'])[1]\"}\n  (Session info: chrome-headless-shell=126.0.6478.182); For documentation on this error, please visit: https://www.selenium.dev/documentation/webdriver/troubleshooting/errors#no-such-element-exception\nStacktrace:\n#0 0x55b0f9199c5a <unknown>\n#1 0x55b0f8e7ce2c <unknown>\n#2 0x55b0f8ec9661 <unknown>\n#3 0x55b0f8ec9751 <unknown>\n#4 0x55b0f8f0df64 <unknown>\n#5 0x55b0f8eec5ed <unknown>\n#6 0x55b0f8f0b303 <unknown>\n#7 0x55b0f8eec363 <unknown>\n#8 0x55b0f8ebc247 <unknown>\n#9 0x55b0f8ebcb9e <unknown>\n#10 0x55b0f916022b <unknown>\n#11 0x55b0f91642d1 <unknown>\n#12 0x55b0f914bade <unknown>\n#13 0x55b0f9164e32 <unknown>\n#14 0x55b0f913077f <unknown>\n#15 0x55b0f9189618 <unknown>\n#16 0x55b0f91897f0 <unknown>\n#17 0x55b0f9198d8c <unknown>\n#18 0x7f6910d99134 <unknown>\n\n","statusTrace":"  File \"/usr/local/lib/python3.11/site-packages/allure_commons/_allure.py\", line 192, in impl\n    return func(*a, **kw)\n           ^^^^^^^^^^^^^^\n  File \"/app/pages/item_page.py\", line 40, in add_item_to_cart\n    self.find_element(self._add_item).click()\n    ^^^^^^^^^^^^^^^^^^^^^^^^^^^^^^^^^\n  File \"/app/base/seleniumbase.py\", line 17, in find_element\n    return self.driver.find_element(*locator)\n           ^^^^^^^^^^^^^^^^^^^^^^^^^^^^^^^^^^\n  File \"/usr/local/lib/python3.11/site-packages/selenium/webdriver/remote/webdriver.py\", line 739, in find_element\n    return self.execute(Command.FIND_ELEMENT, {\"using\": by, \"value\": value})[\"value\"]\n           ^^^^^^^^^^^^^^^^^^^^^^^^^^^^^^^^^^^^^^^^^^^^^^^^^^^^^^^^^^^^^^^^^\n  File \"/usr/local/lib/python3.11/site-packages/selenium/webdriver/remote/webdriver.py\", line 345, in execute\n    self.error_handler.check_response(response)\n  File \"/usr/local/lib/python3.11/site-packages/selenium/webdriver/remote/errorhandler.py\", line 229, in check_response\n    raise exception_class(message, screen, stacktrace)\n","steps":[],"attachments":[],"parameters":[{"name":"amount","value":"1"}],"shouldDisplayMessage":true,"stepsCount":0,"attachmentsCount":0,"hasContent":true,"attachmentStep":false}],"attachments":[{"uid":"3b97c32b744030","name":"Screenshot","source":"3b97c32b744030.png","type":"image/png","size":4720},{"uid":"792c51d85a8a7b94","name":"HTML source","source":"792c51d85a8a7b94.html","type":"text/html","size":39}],"parameters":[],"shouldDisplayMessage":true,"stepsCount":1,"attachmentsCount":2,"hasContent":true,"attachmentStep":false},"afterStages":[{"name":"setup::0","time":{"start":1721437175825,"stop":1721437175825,"duration":0},"status":"passed","steps":[],"attachments":[],"parameters":[],"shouldDisplayMessage":false,"stepsCount":0,"attachmentsCount":0,"hasContent":false,"attachmentStep":false},{"name":"driver::0","time":{"start":1721437175825,"stop":1721437175885,"duration":60},"status":"passed","steps":[],"attachments":[],"parameters":[],"shouldDisplayMessage":false,"stepsCount":0,"attachmentsCount":0,"hasContent":false,"attachmentStep":false}],"labels":[{"name":"epic","value":"Delivery Page - calculation"},{"name":"tag","value":"smoke_test"},{"name":"tag","value":"@pytest.mark.xfail"},{"name":"parentSuite","value":"tests.delivery"},{"name":"suite","value":"test_delivery_calculation"},{"name":"subSuite","value":"TestDeliveryPageCalculation"},{"name":"host","value":"9317d4a23ef6"},{"name":"thread","value":"1-MainThread"},{"name":"framework","value":"pytest"},{"name":"language","value":"cpython3"},{"name":"package","value":"tests.delivery.test_delivery_calculation"},{"name":"resultFormat","value":"allure2"}],"parameters":[{"name":"all_time","value":"2190"},{"name":"amount","value":"1"},{"name":"case_id","value":"'TD 001'"},{"name":"in_time","value":"1590"},{"name":"link_item","value":"'products/uroven---uglomer-elektronnyj-kapro-992'"},{"name":"standard","value":"0"},{"name":"url","value":"'https://sandboxtest.stroyrem-nn.ru/'"},{"name":"weight","value":"30"}],"links":[],"hidden":false,"retry":false,"extra":{"severity":"normal","retries":[],"categories":[],"history":{"statistic":{"failed":0,"broken":0,"skipped":52,"passed":0,"unknown":0,"total":52},"items":[{"uid":"97e4d4ee497d161d","reportUrl":"https://Nat754.github.io/StroyremAutomation/373//#testresult/97e4d4ee497d161d","status":"skipped","statusDetails":"XFAIL\n\nselenium.common.exceptions.NoSuchElementException: Message: no such element: Unable to locate element: {\"method\":\"xpath\",\"selector\":\"(//a[@class='add-to-cart yellow-btn'])[1]\"}\n  (Session info: chrome-headless-shell=126.0.6478.182); For documentation on this error, please visit: https://www.selenium.dev/documentation/webdriver/troubleshooting/errors#no-such-element-exception\nStacktrace:\n#0 0x5630ccf0dc5a <unknown>\n#1 0x5630ccbf0e2c <unknown>\n#2 0x5630ccc3d661 <unknown>\n#3 0x5630ccc3d751 <unknown>\n#4 0x5630ccc81f64 <unknown>\n#5 0x5630ccc605ed <unknown>\n#6 0x5630ccc7f303 <unknown>\n#7 0x5630ccc60363 <unknown>\n#8 0x5630ccc30247 <unknown>\n#9 0x5630ccc30b9e <unknown>\n#10 0x5630cced422b <unknown>\n#11 0x5630cced82d1 <unknown>\n#12 0x5630ccebfade <unknown>\n#13 0x5630cced8e32 <unknown>\n#14 0x5630ccea477f <unknown>\n#15 0x5630ccefd618 <unknown>\n#16 0x5630ccefd7f0 <unknown>\n#17 0x5630ccf0cd8c <unknown>\n#18 0x7fbcc3b0a134 <unknown>","time":{"start":1721350821021,"stop":1721350821624,"duration":603}},{"uid":"de1cff0406a198be","reportUrl":"https://Nat754.github.io/StroyremAutomation/372//#testresult/de1cff0406a198be","status":"skipped","statusDetails":"XFAIL\n\nselenium.common.exceptions.NoSuchElementException: Message: no such element: Unable to locate element: {\"method\":\"xpath\",\"selector\":\"(//a[@class='add-to-cart yellow-btn'])[1]\"}\n  (Session info: chrome-headless-shell=126.0.6478.182); For documentation on this error, please visit: https://www.selenium.dev/documentation/webdriver/troubleshooting/errors#no-such-element-exception\nStacktrace:\n#0 0x55a3f001bc5a <unknown>\n#1 0x55a3efcfee2c <unknown>\n#2 0x55a3efd4b661 <unknown>\n#3 0x55a3efd4b751 <unknown>\n#4 0x55a3efd8ff64 <unknown>\n#5 0x55a3efd6e5ed <unknown>\n#6 0x55a3efd8d303 <unknown>\n#7 0x55a3efd6e363 <unknown>\n#8 0x55a3efd3e247 <unknown>\n#9 0x55a3efd3eb9e <unknown>\n#10 0x55a3effe222b <unknown>\n#11 0x55a3effe62d1 <unknown>\n#12 0x55a3effcdade <unknown>\n#13 0x55a3effe6e32 <unknown>\n#14 0x55a3effb277f <unknown>\n#15 0x55a3f000b618 <unknown>\n#16 0x55a3f000b7f0 <unknown>\n#17 0x55a3f001ad8c <unknown>\n#18 0x7faeea690134 <unknown>","time":{"start":1721264396183,"stop":1721264396734,"duration":551}},{"uid":"6b2af2a4e78f6f2f","reportUrl":"https://Nat754.github.io/StroyremAutomation/371//#testresult/6b2af2a4e78f6f2f","status":"skipped","statusDetails":"XFAIL\n\nselenium.common.exceptions.NoSuchElementException: Message: no such element: Unable to locate element: {\"method\":\"xpath\",\"selector\":\"(//a[@class='add-to-cart yellow-btn'])[1]\"}\n  (Session info: chrome-headless-shell=126.0.6478.182); For documentation on this error, please visit: https://www.selenium.dev/documentation/webdriver/troubleshooting/errors#no-such-element-exception\nStacktrace:\n#0 0x563ac9ab6c5a <unknown>\n#1 0x563ac9799e2c <unknown>\n#2 0x563ac97e6661 <unknown>\n#3 0x563ac97e6751 <unknown>\n#4 0x563ac982af64 <unknown>\n#5 0x563ac98095ed <unknown>\n#6 0x563ac9828303 <unknown>\n#7 0x563ac9809363 <unknown>\n#8 0x563ac97d9247 <unknown>\n#9 0x563ac97d9b9e <unknown>\n#10 0x563ac9a7d22b <unknown>\n#11 0x563ac9a812d1 <unknown>\n#12 0x563ac9a68ade <unknown>\n#13 0x563ac9a81e32 <unknown>\n#14 0x563ac9a4d77f <unknown>\n#15 0x563ac9aa6618 <unknown>\n#16 0x563ac9aa67f0 <unknown>\n#17 0x563ac9ab5d8c <unknown>\n#18 0x7f40ace3d134 <unknown>","time":{"start":1721178016850,"stop":1721178017363,"duration":513}},{"uid":"a8be267f81b58021","reportUrl":"https://Nat754.github.io/StroyremAutomation/370//#testresult/a8be267f81b58021","status":"skipped","statusDetails":"XFAIL\n\nselenium.common.exceptions.NoSuchElementException: Message: no such element: Unable to locate element: {\"method\":\"xpath\",\"selector\":\"(//a[@class='add-to-cart yellow-btn'])[1]\"}\n  (Session info: chrome-headless-shell=126.0.6478.126); For documentation on this error, please visit: https://www.selenium.dev/documentation/webdriver/troubleshooting/errors#no-such-element-exception\nStacktrace:\n#0 0x562e6ca16c7a <unknown>\n#1 0x562e6c6f9e2c <unknown>\n#2 0x562e6c746661 <unknown>\n#3 0x562e6c746751 <unknown>\n#4 0x562e6c78af64 <unknown>\n#5 0x562e6c7695ed <unknown>\n#6 0x562e6c788303 <unknown>\n#7 0x562e6c769363 <unknown>\n#8 0x562e6c739247 <unknown>\n#9 0x562e6c739b9e <unknown>\n#10 0x562e6c9dd24b <unknown>\n#11 0x562e6c9e12f1 <unknown>\n#12 0x562e6c9c8afe <unknown>\n#13 0x562e6c9e1e52 <unknown>\n#14 0x562e6c9ad79f <unknown>\n#15 0x562e6ca06638 <unknown>\n#16 0x562e6ca06810 <unknown>\n#17 0x562e6ca15dac <unknown>\n#18 0x7fec512f7134 <unknown>","time":{"start":1721091655863,"stop":1721091656479,"duration":616}},{"uid":"e4bb3fbde94f41b3","reportUrl":"https://Nat754.github.io/StroyremAutomation/369//#testresult/e4bb3fbde94f41b3","status":"skipped","statusDetails":"XFAIL\n\nselenium.common.exceptions.NoSuchElementException: Message: no such element: Unable to locate element: {\"method\":\"xpath\",\"selector\":\"(//a[@class='add-to-cart yellow-btn'])[1]\"}\n  (Session info: chrome-headless-shell=126.0.6478.126); For documentation on this error, please visit: https://www.selenium.dev/documentation/webdriver/troubleshooting/errors#no-such-element-exception\nStacktrace:\n#0 0x55ff3647cc7a <unknown>\n#1 0x55ff3615fe2c <unknown>\n#2 0x55ff361ac661 <unknown>\n#3 0x55ff361ac751 <unknown>\n#4 0x55ff361f0f64 <unknown>\n#5 0x55ff361cf5ed <unknown>\n#6 0x55ff361ee303 <unknown>\n#7 0x55ff361cf363 <unknown>\n#8 0x55ff3619f247 <unknown>\n#9 0x55ff3619fb9e <unknown>\n#10 0x55ff3644324b <unknown>\n#11 0x55ff364472f1 <unknown>\n#12 0x55ff3642eafe <unknown>\n#13 0x55ff36447e52 <unknown>\n#14 0x55ff3641379f <unknown>\n#15 0x55ff3646c638 <unknown>\n#16 0x55ff3646c810 <unknown>\n#17 0x55ff3647bdac <unknown>\n#18 0x7f498c5ed134 <unknown>","time":{"start":1721005359135,"stop":1721005359749,"duration":614}},{"uid":"cd3d879aa3884d79","reportUrl":"https://Nat754.github.io/StroyremAutomation/368//#testresult/cd3d879aa3884d79","status":"skipped","statusDetails":"XFAIL\n\nselenium.common.exceptions.NoSuchElementException: Message: no such element: Unable to locate element: {\"method\":\"xpath\",\"selector\":\"(//a[@class='add-to-cart yellow-btn'])[1]\"}\n  (Session info: chrome-headless-shell=126.0.6478.126); For documentation on this error, please visit: https://www.selenium.dev/documentation/webdriver/troubleshooting/errors#no-such-element-exception\nStacktrace:\n#0 0x56552fbcac7a <unknown>\n#1 0x56552f8ade2c <unknown>\n#2 0x56552f8fa661 <unknown>\n#3 0x56552f8fa751 <unknown>\n#4 0x56552f93ef64 <unknown>\n#5 0x56552f91d5ed <unknown>\n#6 0x56552f93c303 <unknown>\n#7 0x56552f91d363 <unknown>\n#8 0x56552f8ed247 <unknown>\n#9 0x56552f8edb9e <unknown>\n#10 0x56552fb9124b <unknown>\n#11 0x56552fb952f1 <unknown>\n#12 0x56552fb7cafe <unknown>\n#13 0x56552fb95e52 <unknown>\n#14 0x56552fb6179f <unknown>\n#15 0x56552fbba638 <unknown>\n#16 0x56552fbba810 <unknown>\n#17 0x56552fbc9dac <unknown>\n#18 0x7fa3a5d4a134 <unknown>","time":{"start":1720919075914,"stop":1720919076323,"duration":409}},{"uid":"6693e47a2bacfad1","reportUrl":"https://Nat754.github.io/StroyremAutomation/367//#testresult/6693e47a2bacfad1","status":"skipped","statusDetails":"XFAIL\n\nselenium.common.exceptions.NoSuchElementException: Message: no such element: Unable to locate element: {\"method\":\"xpath\",\"selector\":\"(//a[@class='add-to-cart yellow-btn'])[1]\"}\n  (Session info: chrome-headless-shell=126.0.6478.126); For documentation on this error, please visit: https://www.selenium.dev/documentation/webdriver/troubleshooting/errors#no-such-element-exception\nStacktrace:\n#0 0x55c23dbefc7a <unknown>\n#1 0x55c23d8d2e2c <unknown>\n#2 0x55c23d91f661 <unknown>\n#3 0x55c23d91f751 <unknown>\n#4 0x55c23d963f64 <unknown>\n#5 0x55c23d9425ed <unknown>\n#6 0x55c23d961303 <unknown>\n#7 0x55c23d942363 <unknown>\n#8 0x55c23d912247 <unknown>\n#9 0x55c23d912b9e <unknown>\n#10 0x55c23dbb624b <unknown>\n#11 0x55c23dbba2f1 <unknown>\n#12 0x55c23dba1afe <unknown>\n#13 0x55c23dbbae52 <unknown>\n#14 0x55c23db8679f <unknown>\n#15 0x55c23dbdf638 <unknown>\n#16 0x55c23dbdf810 <unknown>\n#17 0x55c23dbeedac <unknown>\n#18 0x7fe05c21d134 <unknown>","time":{"start":1720832377508,"stop":1720832377915,"duration":407}},{"uid":"7ce80c74d3c735ad","reportUrl":"https://Nat754.github.io/StroyremAutomation/366//#testresult/7ce80c74d3c735ad","status":"skipped","statusDetails":"XFAIL\n\nselenium.common.exceptions.NoSuchElementException: Message: no such element: Unable to locate element: {\"method\":\"xpath\",\"selector\":\"(//a[@class='add-to-cart yellow-btn'])[1]\"}\n  (Session info: chrome-headless-shell=126.0.6478.126); For documentation on this error, please visit: https://www.selenium.dev/documentation/webdriver/troubleshooting/errors#no-such-element-exception\nStacktrace:\n#0 0x556f91080c7a <unknown>\n#1 0x556f90d63e2c <unknown>\n#2 0x556f90db0661 <unknown>\n#3 0x556f90db0751 <unknown>\n#4 0x556f90df4f64 <unknown>\n#5 0x556f90dd35ed <unknown>\n#6 0x556f90df2303 <unknown>\n#7 0x556f90dd3363 <unknown>\n#8 0x556f90da3247 <unknown>\n#9 0x556f90da3b9e <unknown>\n#10 0x556f9104724b <unknown>\n#11 0x556f9104b2f1 <unknown>\n#12 0x556f91032afe <unknown>\n#13 0x556f9104be52 <unknown>\n#14 0x556f9101779f <unknown>\n#15 0x556f91070638 <unknown>\n#16 0x556f91070810 <unknown>\n#17 0x556f9107fdac <unknown>\n#18 0x7f16882c6134 <unknown>","time":{"start":1720745988917,"stop":1720745989540,"duration":623}},{"uid":"2362ac95142c0ac1","reportUrl":"https://Nat754.github.io/StroyremAutomation/365//#testresult/2362ac95142c0ac1","status":"skipped","statusDetails":"XFAIL\n\nselenium.common.exceptions.NoSuchElementException: Message: no such element: Unable to locate element: {\"method\":\"xpath\",\"selector\":\"(//a[@class='add-to-cart yellow-btn'])[1]\"}\n  (Session info: chrome-headless-shell=126.0.6478.126); For documentation on this error, please visit: https://www.selenium.dev/documentation/webdriver/troubleshooting/errors#no-such-element-exception\nStacktrace:\n#0 0x55a370cf3c7a <unknown>\n#1 0x55a3709d6e2c <unknown>\n#2 0x55a370a23661 <unknown>\n#3 0x55a370a23751 <unknown>\n#4 0x55a370a67f64 <unknown>\n#5 0x55a370a465ed <unknown>\n#6 0x55a370a65303 <unknown>\n#7 0x55a370a46363 <unknown>\n#8 0x55a370a16247 <unknown>\n#9 0x55a370a16b9e <unknown>\n#10 0x55a370cba24b <unknown>\n#11 0x55a370cbe2f1 <unknown>\n#12 0x55a370ca5afe <unknown>\n#13 0x55a370cbee52 <unknown>\n#14 0x55a370c8a79f <unknown>\n#15 0x55a370ce3638 <unknown>\n#16 0x55a370ce3810 <unknown>\n#17 0x55a370cf2dac <unknown>\n#18 0x7ff7d3386134 <unknown>","time":{"start":1720659625712,"stop":1720659626184,"duration":472}},{"uid":"4cb0af2c517c484c","reportUrl":"https://Nat754.github.io/StroyremAutomation/364//#testresult/4cb0af2c517c484c","status":"skipped","statusDetails":"XFAIL\n\nselenium.common.exceptions.NoSuchElementException: Message: no such element: Unable to locate element: {\"method\":\"xpath\",\"selector\":\"(//a[@class='add-to-cart yellow-btn'])[1]\"}\n  (Session info: chrome-headless-shell=126.0.6478.126); For documentation on this error, please visit: https://www.selenium.dev/documentation/webdriver/troubleshooting/errors#no-such-element-exception\nStacktrace:\n#0 0x560f07a62c7a <unknown>\n#1 0x560f07745e2c <unknown>\n#2 0x560f07792661 <unknown>\n#3 0x560f07792751 <unknown>\n#4 0x560f077d6f64 <unknown>\n#5 0x560f077b55ed <unknown>\n#6 0x560f077d4303 <unknown>\n#7 0x560f077b5363 <unknown>\n#8 0x560f07785247 <unknown>\n#9 0x560f07785b9e <unknown>\n#10 0x560f07a2924b <unknown>\n#11 0x560f07a2d2f1 <unknown>\n#12 0x560f07a14afe <unknown>\n#13 0x560f07a2de52 <unknown>\n#14 0x560f079f979f <unknown>\n#15 0x560f07a52638 <unknown>\n#16 0x560f07a52810 <unknown>\n#17 0x560f07a61dac <unknown>\n#18 0x7f257387a134 <unknown>","time":{"start":1720573232204,"stop":1720573232671,"duration":467}},{"uid":"5af17fbffd3eae","reportUrl":"https://Nat754.github.io/StroyremAutomation/363//#testresult/5af17fbffd3eae","status":"skipped","statusDetails":"XFAIL\n\nselenium.common.exceptions.NoSuchElementException: Message: no such element: Unable to locate element: {\"method\":\"xpath\",\"selector\":\"(//a[@class='add-to-cart yellow-btn'])[1]\"}\n  (Session info: chrome-headless-shell=126.0.6478.126); For documentation on this error, please visit: https://www.selenium.dev/documentation/webdriver/troubleshooting/errors#no-such-element-exception\nStacktrace:\n#0 0x55f374d97c7a <unknown>\n#1 0x55f374a7ae2c <unknown>\n#2 0x55f374ac7661 <unknown>\n#3 0x55f374ac7751 <unknown>\n#4 0x55f374b0bf64 <unknown>\n#5 0x55f374aea5ed <unknown>\n#6 0x55f374b09303 <unknown>\n#7 0x55f374aea363 <unknown>\n#8 0x55f374aba247 <unknown>\n#9 0x55f374abab9e <unknown>\n#10 0x55f374d5e24b <unknown>\n#11 0x55f374d622f1 <unknown>\n#12 0x55f374d49afe <unknown>\n#13 0x55f374d62e52 <unknown>\n#14 0x55f374d2e79f <unknown>\n#15 0x55f374d87638 <unknown>\n#16 0x55f374d87810 <unknown>\n#17 0x55f374d96dac <unknown>\n#18 0x7f86e7e37134 <unknown>","time":{"start":1720486807272,"stop":1720486807867,"duration":595}},{"uid":"bb8b246de3dd1f49","reportUrl":"https://Nat754.github.io/StroyremAutomation/362//#testresult/bb8b246de3dd1f49","status":"skipped","statusDetails":"XFAIL\n\nselenium.common.exceptions.NoSuchElementException: Message: no such element: Unable to locate element: {\"method\":\"xpath\",\"selector\":\"(//a[@class='add-to-cart yellow-btn'])[1]\"}\n  (Session info: chrome-headless-shell=126.0.6478.126); For documentation on this error, please visit: https://www.selenium.dev/documentation/webdriver/troubleshooting/errors#no-such-element-exception\nStacktrace:\n#0 0x55fdb0067c7a <unknown>\n#1 0x55fdafd4ae2c <unknown>\n#2 0x55fdafd97661 <unknown>\n#3 0x55fdafd97751 <unknown>\n#4 0x55fdafddbf64 <unknown>\n#5 0x55fdafdba5ed <unknown>\n#6 0x55fdafdd9303 <unknown>\n#7 0x55fdafdba363 <unknown>\n#8 0x55fdafd8a247 <unknown>\n#9 0x55fdafd8ab9e <unknown>\n#10 0x55fdb002e24b <unknown>\n#11 0x55fdb00322f1 <unknown>\n#12 0x55fdb0019afe <unknown>\n#13 0x55fdb0032e52 <unknown>\n#14 0x55fdafffe79f <unknown>\n#15 0x55fdb0057638 <unknown>\n#16 0x55fdb0057810 <unknown>\n#17 0x55fdb0066dac <unknown>\n#18 0x7f2f3978c134 <unknown>","time":{"start":1720400439081,"stop":1720400439629,"duration":548}},{"uid":"c55a29d2e4d87c3f","reportUrl":"https://Nat754.github.io/StroyremAutomation/361//#testresult/c55a29d2e4d87c3f","status":"skipped","statusDetails":"XFAIL\n\nselenium.common.exceptions.NoSuchElementException: Message: no such element: Unable to locate element: {\"method\":\"xpath\",\"selector\":\"(//a[@class='add-to-cart yellow-btn'])[1]\"}\n  (Session info: chrome-headless-shell=126.0.6478.126); For documentation on this error, please visit: https://www.selenium.dev/documentation/webdriver/troubleshooting/errors#no-such-element-exception\nStacktrace:\n#0 0x562125e1fc7a <unknown>\n#1 0x562125b02e2c <unknown>\n#2 0x562125b4f661 <unknown>\n#3 0x562125b4f751 <unknown>\n#4 0x562125b93f64 <unknown>\n#5 0x562125b725ed <unknown>\n#6 0x562125b91303 <unknown>\n#7 0x562125b72363 <unknown>\n#8 0x562125b42247 <unknown>\n#9 0x562125b42b9e <unknown>\n#10 0x562125de624b <unknown>\n#11 0x562125dea2f1 <unknown>\n#12 0x562125dd1afe <unknown>\n#13 0x562125deae52 <unknown>\n#14 0x562125db679f <unknown>\n#15 0x562125e0f638 <unknown>\n#16 0x562125e0f810 <unknown>\n#17 0x562125e1edac <unknown>\n#18 0x7fc0a974c134 <unknown>","time":{"start":1720314200809,"stop":1720314201373,"duration":564}},{"uid":"3e2cbe073d799645","reportUrl":"https://Nat754.github.io/StroyremAutomation/360//#testresult/3e2cbe073d799645","status":"skipped","statusDetails":"XFAIL\n\nselenium.common.exceptions.NoSuchElementException: Message: no such element: Unable to locate element: {\"method\":\"xpath\",\"selector\":\"(//a[@class='add-to-cart yellow-btn'])[1]\"}\n  (Session info: chrome-headless-shell=126.0.6478.126); For documentation on this error, please visit: https://www.selenium.dev/documentation/webdriver/troubleshooting/errors#no-such-element-exception\nStacktrace:\n#0 0x5628b1ba0c7a <unknown>\n#1 0x5628b1883e2c <unknown>\n#2 0x5628b18d0661 <unknown>\n#3 0x5628b18d0751 <unknown>\n#4 0x5628b1914f64 <unknown>\n#5 0x5628b18f35ed <unknown>\n#6 0x5628b1912303 <unknown>\n#7 0x5628b18f3363 <unknown>\n#8 0x5628b18c3247 <unknown>\n#9 0x5628b18c3b9e <unknown>\n#10 0x5628b1b6724b <unknown>\n#11 0x5628b1b6b2f1 <unknown>\n#12 0x5628b1b52afe <unknown>\n#13 0x5628b1b6be52 <unknown>\n#14 0x5628b1b3779f <unknown>\n#15 0x5628b1b90638 <unknown>\n#16 0x5628b1b90810 <unknown>\n#17 0x5628b1b9fdac <unknown>\n#18 0x7f00f9457134 <unknown>","time":{"start":1720227461335,"stop":1720227461805,"duration":470}},{"uid":"1772946182dd661","reportUrl":"https://Nat754.github.io/StroyremAutomation/359//#testresult/1772946182dd661","status":"skipped","statusDetails":"XFAIL\n\nselenium.common.exceptions.NoSuchElementException: Message: no such element: Unable to locate element: {\"method\":\"xpath\",\"selector\":\"(//a[@class='add-to-cart yellow-btn'])[1]\"}\n  (Session info: chrome-headless-shell=126.0.6478.126); For documentation on this error, please visit: https://www.selenium.dev/documentation/webdriver/troubleshooting/errors#no-such-element-exception\nStacktrace:\n#0 0x559d2904fc7a <unknown>\n#1 0x559d28d32e2c <unknown>\n#2 0x559d28d7f661 <unknown>\n#3 0x559d28d7f751 <unknown>\n#4 0x559d28dc3f64 <unknown>\n#5 0x559d28da25ed <unknown>\n#6 0x559d28dc1303 <unknown>\n#7 0x559d28da2363 <unknown>\n#8 0x559d28d72247 <unknown>\n#9 0x559d28d72b9e <unknown>\n#10 0x559d2901624b <unknown>\n#11 0x559d2901a2f1 <unknown>\n#12 0x559d29001afe <unknown>\n#13 0x559d2901ae52 <unknown>\n#14 0x559d28fe679f <unknown>\n#15 0x559d2903f638 <unknown>\n#16 0x559d2903f810 <unknown>\n#17 0x559d2904edac <unknown>\n#18 0x7f6cbee80134 <unknown>","time":{"start":1720141100672,"stop":1720141101232,"duration":560}},{"uid":"f2c59ac071d40ad7","reportUrl":"https://Nat754.github.io/StroyremAutomation/358//#testresult/f2c59ac071d40ad7","status":"skipped","statusDetails":"XFAIL\n\nselenium.common.exceptions.NoSuchElementException: Message: no such element: Unable to locate element: {\"method\":\"xpath\",\"selector\":\"(//a[@class='add-to-cart yellow-btn'])[1]\"}\n  (Session info: chrome-headless-shell=126.0.6478.126); For documentation on this error, please visit: https://www.selenium.dev/documentation/webdriver/troubleshooting/errors#no-such-element-exception\nStacktrace:\n#0 0x55c3b6e4cc7a <unknown>\n#1 0x55c3b6b2fe2c <unknown>\n#2 0x55c3b6b7c661 <unknown>\n#3 0x55c3b6b7c751 <unknown>\n#4 0x55c3b6bc0f64 <unknown>\n#5 0x55c3b6b9f5ed <unknown>\n#6 0x55c3b6bbe303 <unknown>\n#7 0x55c3b6b9f363 <unknown>\n#8 0x55c3b6b6f247 <unknown>\n#9 0x55c3b6b6fb9e <unknown>\n#10 0x55c3b6e1324b <unknown>\n#11 0x55c3b6e172f1 <unknown>\n#12 0x55c3b6dfeafe <unknown>\n#13 0x55c3b6e17e52 <unknown>\n#14 0x55c3b6de379f <unknown>\n#15 0x55c3b6e3c638 <unknown>\n#16 0x55c3b6e3c810 <unknown>\n#17 0x55c3b6e4bdac <unknown>\n#18 0x7fd97d190134 <unknown>","time":{"start":1720054730138,"stop":1720054730745,"duration":607}},{"uid":"c33d425b7f920902","reportUrl":"https://Nat754.github.io/StroyremAutomation/357//#testresult/c33d425b7f920902","status":"skipped","statusDetails":"XFAIL\n\nselenium.common.exceptions.NoSuchElementException: Message: no such element: Unable to locate element: {\"method\":\"xpath\",\"selector\":\"(//a[@class='add-to-cart yellow-btn'])[1]\"}\n  (Session info: chrome-headless-shell=126.0.6478.126); For documentation on this error, please visit: https://www.selenium.dev/documentation/webdriver/troubleshooting/errors#no-such-element-exception\nStacktrace:\n#0 0x5619dc175c7a <unknown>\n#1 0x5619dbe58e2c <unknown>\n#2 0x5619dbea5661 <unknown>\n#3 0x5619dbea5751 <unknown>\n#4 0x5619dbee9f64 <unknown>\n#5 0x5619dbec85ed <unknown>\n#6 0x5619dbee7303 <unknown>\n#7 0x5619dbec8363 <unknown>\n#8 0x5619dbe98247 <unknown>\n#9 0x5619dbe98b9e <unknown>\n#10 0x5619dc13c24b <unknown>\n#11 0x5619dc1402f1 <unknown>\n#12 0x5619dc127afe <unknown>\n#13 0x5619dc140e52 <unknown>\n#14 0x5619dc10c79f <unknown>\n#15 0x5619dc165638 <unknown>\n#16 0x5619dc165810 <unknown>\n#17 0x5619dc174dac <unknown>\n#18 0x7fa4cfabf134 <unknown>","time":{"start":1719968376552,"stop":1719968377024,"duration":472}},{"uid":"dfdba6f80902b184","reportUrl":"https://Nat754.github.io/StroyremAutomation/356//#testresult/dfdba6f80902b184","status":"skipped","statusDetails":"XFAIL\n\nselenium.common.exceptions.NoSuchElementException: Message: no such element: Unable to locate element: {\"method\":\"xpath\",\"selector\":\"(//a[@class='add-to-cart yellow-btn'])[1]\"}\n  (Session info: chrome-headless-shell=126.0.6478.126); For documentation on this error, please visit: https://www.selenium.dev/documentation/webdriver/troubleshooting/errors#no-such-element-exception\nStacktrace:\n#0 0x55a5f4815c7a <unknown>\n#1 0x55a5f44f8e2c <unknown>\n#2 0x55a5f4545661 <unknown>\n#3 0x55a5f4545751 <unknown>\n#4 0x55a5f4589f64 <unknown>\n#5 0x55a5f45685ed <unknown>\n#6 0x55a5f4587303 <unknown>\n#7 0x55a5f4568363 <unknown>\n#8 0x55a5f4538247 <unknown>\n#9 0x55a5f4538b9e <unknown>\n#10 0x55a5f47dc24b <unknown>\n#11 0x55a5f47e02f1 <unknown>\n#12 0x55a5f47c7afe <unknown>\n#13 0x55a5f47e0e52 <unknown>\n#14 0x55a5f47ac79f <unknown>\n#15 0x55a5f4805638 <unknown>\n#16 0x55a5f4805810 <unknown>\n#17 0x55a5f4814dac <unknown>\n#18 0x7fb21175d134 <unknown>","time":{"start":1719881952833,"stop":1719881953462,"duration":629}},{"uid":"ec5f673de5727e36","reportUrl":"https://Nat754.github.io/StroyremAutomation/355//#testresult/ec5f673de5727e36","status":"skipped","statusDetails":"XFAIL\n\nselenium.common.exceptions.NoSuchElementException: Message: no such element: Unable to locate element: {\"method\":\"xpath\",\"selector\":\"(//a[@class='add-to-cart yellow-btn'])[1]\"}\n  (Session info: chrome-headless-shell=126.0.6478.126); For documentation on this error, please visit: https://www.selenium.dev/documentation/webdriver/troubleshooting/errors#no-such-element-exception\nStacktrace:\n#0 0x55743ce9ac7a <unknown>\n#1 0x55743cb7de2c <unknown>\n#2 0x55743cbca661 <unknown>\n#3 0x55743cbca751 <unknown>\n#4 0x55743cc0ef64 <unknown>\n#5 0x55743cbed5ed <unknown>\n#6 0x55743cc0c303 <unknown>\n#7 0x55743cbed363 <unknown>\n#8 0x55743cbbd247 <unknown>\n#9 0x55743cbbdb9e <unknown>\n#10 0x55743ce6124b <unknown>\n#11 0x55743ce652f1 <unknown>\n#12 0x55743ce4cafe <unknown>\n#13 0x55743ce65e52 <unknown>\n#14 0x55743ce3179f <unknown>\n#15 0x55743ce8a638 <unknown>\n#16 0x55743ce8a810 <unknown>\n#17 0x55743ce99dac <unknown>\n#18 0x7ff775e13134 <unknown>","time":{"start":1719795878732,"stop":1719795879135,"duration":403}},{"uid":"7576db53c91ddf6","reportUrl":"https://Nat754.github.io/StroyremAutomation/354//#testresult/7576db53c91ddf6","status":"skipped","statusDetails":"XFAIL\n\nselenium.common.exceptions.NoSuchElementException: Message: no such element: Unable to locate element: {\"method\":\"xpath\",\"selector\":\"(//a[@class='add-to-cart yellow-btn'])[1]\"}\n  (Session info: chrome-headless-shell=126.0.6478.126); For documentation on this error, please visit: https://www.selenium.dev/documentation/webdriver/troubleshooting/errors#no-such-element-exception\nStacktrace:\n#0 0x555ef3d1ec7a <unknown>\n#1 0x555ef3a01e2c <unknown>\n#2 0x555ef3a4e661 <unknown>\n#3 0x555ef3a4e751 <unknown>\n#4 0x555ef3a92f64 <unknown>\n#5 0x555ef3a715ed <unknown>\n#6 0x555ef3a90303 <unknown>\n#7 0x555ef3a71363 <unknown>\n#8 0x555ef3a41247 <unknown>\n#9 0x555ef3a41b9e <unknown>\n#10 0x555ef3ce524b <unknown>\n#11 0x555ef3ce92f1 <unknown>\n#12 0x555ef3cd0afe <unknown>\n#13 0x555ef3ce9e52 <unknown>\n#14 0x555ef3cb579f <unknown>\n#15 0x555ef3d0e638 <unknown>\n#16 0x555ef3d0e810 <unknown>\n#17 0x555ef3d1ddac <unknown>\n#18 0x7f9087ce9134 <unknown>","time":{"start":1719709384757,"stop":1719709385171,"duration":414}}]},"tags":["@pytest.mark.xfail","smoke_test"]},"source":"d1dd783395053240.json","parameterValues":["2190","1","'TD 001'","1590","'products/uroven---uglomer-elektronnyj-kapro-992'","0","'https://sandboxtest.stroyrem-nn.ru/'","30"]}