{"uid":"30b31ea36cd6b3f8","name":"TD 017 Доставка товара весом до 400кг. в синей зоне","fullName":"tests.delivery.test_delivery_calculation.TestDeliveryPageCalculation#test_positive_delivery_blue_zone_smoke","historyId":"81af0bc3e563f7b2736d18e07047a083","time":{"start":1715993811936,"stop":1715993812758,"duration":822},"status":"skipped","statusMessage":"XFAIL\n\nselenium.common.exceptions.NoSuchElementException: Message: no such element: Unable to locate element: {\"method\":\"xpath\",\"selector\":\"(//a[@class='add-to-cart yellow-btn'])[1]\"}\n  (Session info: chrome-headless-shell=125.0.6422.60); For documentation on this error, please visit: https://www.selenium.dev/documentation/webdriver/troubleshooting/errors#no-such-element-exception\nStacktrace:\n#0 0x561ce5e04eca <unknown>\n#1 0x561ce5aee45c <unknown>\n#2 0x561ce5b3a5b5 <unknown>\n#3 0x561ce5b3a671 <unknown>\n#4 0x561ce5b7ef14 <unknown>\n#5 0x561ce5b5d4dd <unknown>\n#6 0x561ce5b7c2cc <unknown>\n#7 0x561ce5b5d253 <unknown>\n#8 0x561ce5b2d1c7 <unknown>\n#9 0x561ce5b2db3e <unknown>\n#10 0x561ce5dcb30b <unknown>\n#11 0x561ce5dcf3b7 <unknown>\n#12 0x561ce5db7e3e <unknown>\n#13 0x561ce5dcfe82 <unknown>\n#14 0x561ce5d9c7df <unknown>\n#15 0x561ce5df41b8 <unknown>\n#16 0x561ce5df438b <unknown>\n#17 0x561ce5e03ffc <unknown>\n#18 0x7fe0a17a4134 <unknown>","statusTrace":"self = <tests.delivery.test_delivery_calculation.TestDeliveryPageCalculation object at 0x7fae14195390>\ndriver = <selenium.webdriver.chrome.webdriver.WebDriver (session=\"935a78a15a56fad15a5ae779758e94c0\")>\nurl = 'https://sandboxtest.stroyrem-nn.ru/', case_id = 'TD 017'\nlink_item = 'products/shtukaturka-gipsovaya-aksolit-m50-30-kg-mashinnogo-naneseniya'\namount = 13, weight = 400, standard = 650, in_time = 2390, all_time = 3320\n\n    @pytest.mark.parametrize('case_id, link_item, amount, weight, standard, in_time, all_time', [\n        (\"TD 015\", bundeks_25, 1, 30, 650, 2390, 3320),\n        pytest.param(\n            \"TD 016\", aksolit_30, 8, 300, 650, 2390, 3320,\n            marks=pytest.mark.xfail(reson=\"Цена доставки: - - -\")\n        ),\n        (\"TD 017\", aksolit_30, 13, 400, 650, 2390, 3320),\n        (\"TD 018\", aksolit_30, 16, 500, 850, 2490, 3320),\n        (\"TD 019\", aksolit_30, 25, 1700, 1150, 2490, 3320),\n        (\"TD 020\", aksolit_30, 66, 2000, 1500, 2990, 3650),\n        (\"TD 021\", aksolit_30, 149, 4500, 2600, 4380, 4890),\n        (\"TD 022\", aksolit_30, 166, 5000, 2800, 5490, 5980),\n        pytest.param(\n            \"TD 023\", aksolit_30, 206, 6200, 3300, 7500, 8000,\n            marks=pytest.mark.xfail(reson=\"Цена доставки: 4300 9900 11440\")\n        ),\n        (\"TD 024\", aksolit_30, 299, 9000, 4300, 9900, 11440),\n        (\"TD 025\", aksolit_30, 333, 10000, 7000, 13900, 15900),\n        pytest.param(\n            \"TD 026\", aksolit_30, 366, 11000, 8000, 14900, 19900,\n            marks=pytest.mark.xfail(reson=\"Цена доставки: 7000 13900 15900\")\n        ),\n        pytest.param(\n            \"TD 027\", aksolit_30, 666, 20000, 14000, 16900, 23900,\n            marks=pytest.mark.xfail(reson=\"Цена доставки: 7000 13900 15900\")\n        )\n    ])\n    @pytest.mark.xfail\n    @pytest.mark.smoke_test\n    def test_positive_delivery_blue_zone_smoke(\n            self, driver, url, case_id, link_item, amount, weight, standard, in_time, all_time\n    ):\n        allure.dynamic.title(f\"{case_id} Доставка товара весом до {weight}кг. в синей зоне\")\n    \n        driver.get(f'{url}{link_item}')\n        item_page = ItemPage(driver)\n>       item_page.add_item_to_cart(amount).click_on_cart()\n\ntests/delivery/test_delivery_calculation.py:132: \n_ _ _ _ _ _ _ _ _ _ _ _ _ _ _ _ _ _ _ _ _ _ _ _ _ _ _ _ _ _ _ _ _ _ _ _ _ _ _ _ \npages/item_page.py:40: in add_item_to_cart\n    self.find_element(self._add_item).click()\nbase/seleniumbase.py:17: in find_element\n    return self.driver.find_element(*locator)\n/usr/local/lib/python3.11/site-packages/selenium/webdriver/remote/webdriver.py:739: in find_element\n    return self.execute(Command.FIND_ELEMENT, {\"using\": by, \"value\": value})[\"value\"]\n/usr/local/lib/python3.11/site-packages/selenium/webdriver/remote/webdriver.py:345: in execute\n    self.error_handler.check_response(response)\n_ _ _ _ _ _ _ _ _ _ _ _ _ _ _ _ _ _ _ _ _ _ _ _ _ _ _ _ _ _ _ _ _ _ _ _ _ _ _ _ \n\nself = <selenium.webdriver.remote.errorhandler.ErrorHandler object at 0x7fae13ba15d0>\nresponse = {'status': 404, 'value': '{\"value\":{\"error\":\"no such element\",\"message\":\"no such element: Unable to locate element: {\\...\\\\n#16 0x561ce5df438b \\\\u003Cunknown>\\\\n#17 0x561ce5e03ffc \\\\u003Cunknown>\\\\n#18 0x7fe0a17a4134 \\\\u003Cunknown>\\\\n\"}}'}\n\n    def check_response(self, response: Dict[str, Any]) -> None:\n        \"\"\"Checks that a JSON response from the WebDriver does not have an\n        error.\n    \n        :Args:\n         - response - The JSON response from the WebDriver server as a dictionary\n           object.\n    \n        :Raises: If the response contains an error message.\n        \"\"\"\n        status = response.get(\"status\", None)\n        if not status or status == ErrorCode.SUCCESS:\n            return\n        value = None\n        message = response.get(\"message\", \"\")\n        screen: str = response.get(\"screen\", \"\")\n        stacktrace = None\n        if isinstance(status, int):\n            value_json = response.get(\"value\", None)\n            if value_json and isinstance(value_json, str):\n                import json\n    \n                try:\n                    value = json.loads(value_json)\n                    if len(value) == 1:\n                        value = value[\"value\"]\n                    status = value.get(\"error\", None)\n                    if not status:\n                        status = value.get(\"status\", ErrorCode.UNKNOWN_ERROR)\n                        message = value.get(\"value\") or value.get(\"message\")\n                        if not isinstance(message, str):\n                            value = message\n                            message = message.get(\"message\")\n                    else:\n                        message = value.get(\"message\", None)\n                except ValueError:\n                    pass\n    \n        exception_class: Type[WebDriverException]\n        e = ErrorCode()\n        error_codes = [item for item in dir(e) if not item.startswith(\"__\")]\n        for error_code in error_codes:\n            error_info = getattr(ErrorCode, error_code)\n            if isinstance(error_info, list) and status in error_info:\n                exception_class = getattr(ExceptionMapping, error_code, WebDriverException)\n                break\n        else:\n            exception_class = WebDriverException\n    \n        if not value:\n            value = response[\"value\"]\n        if isinstance(value, str):\n            raise exception_class(value)\n        if message == \"\" and \"message\" in value:\n            message = value[\"message\"]\n    \n        screen = None  # type: ignore[assignment]\n        if \"screen\" in value:\n            screen = value[\"screen\"]\n    \n        stacktrace = None\n        st_value = value.get(\"stackTrace\") or value.get(\"stacktrace\")\n        if st_value:\n            if isinstance(st_value, str):\n                stacktrace = st_value.split(\"\\n\")\n            else:\n                stacktrace = []\n                try:\n                    for frame in st_value:\n                        line = frame.get(\"lineNumber\", \"\")\n                        file = frame.get(\"fileName\", \"<anonymous>\")\n                        if line:\n                            file = f\"{file}:{line}\"\n                        meth = frame.get(\"methodName\", \"<anonymous>\")\n                        if \"className\" in frame:\n                            meth = f\"{frame['className']}.{meth}\"\n                        msg = \"    at %s (%s)\"\n                        msg = msg % (meth, file)\n                        stacktrace.append(msg)\n                except TypeError:\n                    pass\n        if exception_class == UnexpectedAlertPresentException:\n            alert_text = None\n            if \"data\" in value:\n                alert_text = value[\"data\"].get(\"text\")\n            elif \"alert\" in value:\n                alert_text = value[\"alert\"].get(\"text\")\n            raise exception_class(message, screen, stacktrace, alert_text)  # type: ignore[call-arg]  # mypy is not smart enough here\n>       raise exception_class(message, screen, stacktrace)\nE       selenium.common.exceptions.NoSuchElementException: Message: no such element: Unable to locate element: {\"method\":\"xpath\",\"selector\":\"(//a[@class='add-to-cart yellow-btn'])[1]\"}\nE         (Session info: chrome-headless-shell=125.0.6422.60); For documentation on this error, please visit: https://www.selenium.dev/documentation/webdriver/troubleshooting/errors#no-such-element-exception\nE       Stacktrace:\nE       #0 0x561ce5e04eca <unknown>\nE       #1 0x561ce5aee45c <unknown>\nE       #2 0x561ce5b3a5b5 <unknown>\nE       #3 0x561ce5b3a671 <unknown>\nE       #4 0x561ce5b7ef14 <unknown>\nE       #5 0x561ce5b5d4dd <unknown>\nE       #6 0x561ce5b7c2cc <unknown>\nE       #7 0x561ce5b5d253 <unknown>\nE       #8 0x561ce5b2d1c7 <unknown>\nE       #9 0x561ce5b2db3e <unknown>\nE       #10 0x561ce5dcb30b <unknown>\nE       #11 0x561ce5dcf3b7 <unknown>\nE       #12 0x561ce5db7e3e <unknown>\nE       #13 0x561ce5dcfe82 <unknown>\nE       #14 0x561ce5d9c7df <unknown>\nE       #15 0x561ce5df41b8 <unknown>\nE       #16 0x561ce5df438b <unknown>\nE       #17 0x561ce5e03ffc <unknown>\nE       #18 0x7fe0a17a4134 <unknown>\n\n/usr/local/lib/python3.11/site-packages/selenium/webdriver/remote/errorhandler.py:229: NoSuchElementException","flaky":false,"newFailed":false,"newBroken":false,"newPassed":false,"retriesCount":0,"retriesStatusChange":false,"beforeStages":[{"name":"_session_faker","time":{"start":1715993488922,"stop":1715993488991,"duration":69},"status":"passed","steps":[],"attachments":[],"parameters":[],"shouldDisplayMessage":false,"stepsCount":0,"attachmentsCount":0,"hasContent":false,"attachmentStep":false},{"name":"clear_allure_results_folder","time":{"start":1715993488991,"stop":1715993488991,"duration":0},"status":"passed","steps":[],"attachments":[],"parameters":[],"shouldDisplayMessage":false,"stepsCount":0,"attachmentsCount":0,"hasContent":false,"attachmentStep":false},{"name":"driver","time":{"start":1715993811245,"stop":1715993811934,"duration":689},"status":"passed","steps":[],"attachments":[],"parameters":[],"shouldDisplayMessage":false,"stepsCount":0,"attachmentsCount":0,"hasContent":false,"attachmentStep":false},{"name":"setup","time":{"start":1715993811934,"stop":1715993811934,"duration":0},"status":"passed","steps":[],"attachments":[],"parameters":[],"shouldDisplayMessage":false,"stepsCount":0,"attachmentsCount":0,"hasContent":false,"attachmentStep":false}],"testStage":{"status":"skipped","statusMessage":"XFAIL\n\nselenium.common.exceptions.NoSuchElementException: Message: no such element: Unable to locate element: {\"method\":\"xpath\",\"selector\":\"(//a[@class='add-to-cart yellow-btn'])[1]\"}\n  (Session info: chrome-headless-shell=125.0.6422.60); For documentation on this error, please visit: https://www.selenium.dev/documentation/webdriver/troubleshooting/errors#no-such-element-exception\nStacktrace:\n#0 0x561ce5e04eca <unknown>\n#1 0x561ce5aee45c <unknown>\n#2 0x561ce5b3a5b5 <unknown>\n#3 0x561ce5b3a671 <unknown>\n#4 0x561ce5b7ef14 <unknown>\n#5 0x561ce5b5d4dd <unknown>\n#6 0x561ce5b7c2cc <unknown>\n#7 0x561ce5b5d253 <unknown>\n#8 0x561ce5b2d1c7 <unknown>\n#9 0x561ce5b2db3e <unknown>\n#10 0x561ce5dcb30b <unknown>\n#11 0x561ce5dcf3b7 <unknown>\n#12 0x561ce5db7e3e <unknown>\n#13 0x561ce5dcfe82 <unknown>\n#14 0x561ce5d9c7df <unknown>\n#15 0x561ce5df41b8 <unknown>\n#16 0x561ce5df438b <unknown>\n#17 0x561ce5e03ffc <unknown>\n#18 0x7fe0a17a4134 <unknown>","statusTrace":"self = <tests.delivery.test_delivery_calculation.TestDeliveryPageCalculation object at 0x7fae14195390>\ndriver = <selenium.webdriver.chrome.webdriver.WebDriver (session=\"935a78a15a56fad15a5ae779758e94c0\")>\nurl = 'https://sandboxtest.stroyrem-nn.ru/', case_id = 'TD 017'\nlink_item = 'products/shtukaturka-gipsovaya-aksolit-m50-30-kg-mashinnogo-naneseniya'\namount = 13, weight = 400, standard = 650, in_time = 2390, all_time = 3320\n\n    @pytest.mark.parametrize('case_id, link_item, amount, weight, standard, in_time, all_time', [\n        (\"TD 015\", bundeks_25, 1, 30, 650, 2390, 3320),\n        pytest.param(\n            \"TD 016\", aksolit_30, 8, 300, 650, 2390, 3320,\n            marks=pytest.mark.xfail(reson=\"Цена доставки: - - -\")\n        ),\n        (\"TD 017\", aksolit_30, 13, 400, 650, 2390, 3320),\n        (\"TD 018\", aksolit_30, 16, 500, 850, 2490, 3320),\n        (\"TD 019\", aksolit_30, 25, 1700, 1150, 2490, 3320),\n        (\"TD 020\", aksolit_30, 66, 2000, 1500, 2990, 3650),\n        (\"TD 021\", aksolit_30, 149, 4500, 2600, 4380, 4890),\n        (\"TD 022\", aksolit_30, 166, 5000, 2800, 5490, 5980),\n        pytest.param(\n            \"TD 023\", aksolit_30, 206, 6200, 3300, 7500, 8000,\n            marks=pytest.mark.xfail(reson=\"Цена доставки: 4300 9900 11440\")\n        ),\n        (\"TD 024\", aksolit_30, 299, 9000, 4300, 9900, 11440),\n        (\"TD 025\", aksolit_30, 333, 10000, 7000, 13900, 15900),\n        pytest.param(\n            \"TD 026\", aksolit_30, 366, 11000, 8000, 14900, 19900,\n            marks=pytest.mark.xfail(reson=\"Цена доставки: 7000 13900 15900\")\n        ),\n        pytest.param(\n            \"TD 027\", aksolit_30, 666, 20000, 14000, 16900, 23900,\n            marks=pytest.mark.xfail(reson=\"Цена доставки: 7000 13900 15900\")\n        )\n    ])\n    @pytest.mark.xfail\n    @pytest.mark.smoke_test\n    def test_positive_delivery_blue_zone_smoke(\n            self, driver, url, case_id, link_item, amount, weight, standard, in_time, all_time\n    ):\n        allure.dynamic.title(f\"{case_id} Доставка товара весом до {weight}кг. в синей зоне\")\n    \n        driver.get(f'{url}{link_item}')\n        item_page = ItemPage(driver)\n>       item_page.add_item_to_cart(amount).click_on_cart()\n\ntests/delivery/test_delivery_calculation.py:132: \n_ _ _ _ _ _ _ _ _ _ _ _ _ _ _ _ _ _ _ _ _ _ _ _ _ _ _ _ _ _ _ _ _ _ _ _ _ _ _ _ \npages/item_page.py:40: in add_item_to_cart\n    self.find_element(self._add_item).click()\nbase/seleniumbase.py:17: in find_element\n    return self.driver.find_element(*locator)\n/usr/local/lib/python3.11/site-packages/selenium/webdriver/remote/webdriver.py:739: in find_element\n    return self.execute(Command.FIND_ELEMENT, {\"using\": by, \"value\": value})[\"value\"]\n/usr/local/lib/python3.11/site-packages/selenium/webdriver/remote/webdriver.py:345: in execute\n    self.error_handler.check_response(response)\n_ _ _ _ _ _ _ _ _ _ _ _ _ _ _ _ _ _ _ _ _ _ _ _ _ _ _ _ _ _ _ _ _ _ _ _ _ _ _ _ \n\nself = <selenium.webdriver.remote.errorhandler.ErrorHandler object at 0x7fae13ba15d0>\nresponse = {'status': 404, 'value': '{\"value\":{\"error\":\"no such element\",\"message\":\"no such element: Unable to locate element: {\\...\\\\n#16 0x561ce5df438b \\\\u003Cunknown>\\\\n#17 0x561ce5e03ffc \\\\u003Cunknown>\\\\n#18 0x7fe0a17a4134 \\\\u003Cunknown>\\\\n\"}}'}\n\n    def check_response(self, response: Dict[str, Any]) -> None:\n        \"\"\"Checks that a JSON response from the WebDriver does not have an\n        error.\n    \n        :Args:\n         - response - The JSON response from the WebDriver server as a dictionary\n           object.\n    \n        :Raises: If the response contains an error message.\n        \"\"\"\n        status = response.get(\"status\", None)\n        if not status or status == ErrorCode.SUCCESS:\n            return\n        value = None\n        message = response.get(\"message\", \"\")\n        screen: str = response.get(\"screen\", \"\")\n        stacktrace = None\n        if isinstance(status, int):\n            value_json = response.get(\"value\", None)\n            if value_json and isinstance(value_json, str):\n                import json\n    \n                try:\n                    value = json.loads(value_json)\n                    if len(value) == 1:\n                        value = value[\"value\"]\n                    status = value.get(\"error\", None)\n                    if not status:\n                        status = value.get(\"status\", ErrorCode.UNKNOWN_ERROR)\n                        message = value.get(\"value\") or value.get(\"message\")\n                        if not isinstance(message, str):\n                            value = message\n                            message = message.get(\"message\")\n                    else:\n                        message = value.get(\"message\", None)\n                except ValueError:\n                    pass\n    \n        exception_class: Type[WebDriverException]\n        e = ErrorCode()\n        error_codes = [item for item in dir(e) if not item.startswith(\"__\")]\n        for error_code in error_codes:\n            error_info = getattr(ErrorCode, error_code)\n            if isinstance(error_info, list) and status in error_info:\n                exception_class = getattr(ExceptionMapping, error_code, WebDriverException)\n                break\n        else:\n            exception_class = WebDriverException\n    \n        if not value:\n            value = response[\"value\"]\n        if isinstance(value, str):\n            raise exception_class(value)\n        if message == \"\" and \"message\" in value:\n            message = value[\"message\"]\n    \n        screen = None  # type: ignore[assignment]\n        if \"screen\" in value:\n            screen = value[\"screen\"]\n    \n        stacktrace = None\n        st_value = value.get(\"stackTrace\") or value.get(\"stacktrace\")\n        if st_value:\n            if isinstance(st_value, str):\n                stacktrace = st_value.split(\"\\n\")\n            else:\n                stacktrace = []\n                try:\n                    for frame in st_value:\n                        line = frame.get(\"lineNumber\", \"\")\n                        file = frame.get(\"fileName\", \"<anonymous>\")\n                        if line:\n                            file = f\"{file}:{line}\"\n                        meth = frame.get(\"methodName\", \"<anonymous>\")\n                        if \"className\" in frame:\n                            meth = f\"{frame['className']}.{meth}\"\n                        msg = \"    at %s (%s)\"\n                        msg = msg % (meth, file)\n                        stacktrace.append(msg)\n                except TypeError:\n                    pass\n        if exception_class == UnexpectedAlertPresentException:\n            alert_text = None\n            if \"data\" in value:\n                alert_text = value[\"data\"].get(\"text\")\n            elif \"alert\" in value:\n                alert_text = value[\"alert\"].get(\"text\")\n            raise exception_class(message, screen, stacktrace, alert_text)  # type: ignore[call-arg]  # mypy is not smart enough here\n>       raise exception_class(message, screen, stacktrace)\nE       selenium.common.exceptions.NoSuchElementException: Message: no such element: Unable to locate element: {\"method\":\"xpath\",\"selector\":\"(//a[@class='add-to-cart yellow-btn'])[1]\"}\nE         (Session info: chrome-headless-shell=125.0.6422.60); For documentation on this error, please visit: https://www.selenium.dev/documentation/webdriver/troubleshooting/errors#no-such-element-exception\nE       Stacktrace:\nE       #0 0x561ce5e04eca <unknown>\nE       #1 0x561ce5aee45c <unknown>\nE       #2 0x561ce5b3a5b5 <unknown>\nE       #3 0x561ce5b3a671 <unknown>\nE       #4 0x561ce5b7ef14 <unknown>\nE       #5 0x561ce5b5d4dd <unknown>\nE       #6 0x561ce5b7c2cc <unknown>\nE       #7 0x561ce5b5d253 <unknown>\nE       #8 0x561ce5b2d1c7 <unknown>\nE       #9 0x561ce5b2db3e <unknown>\nE       #10 0x561ce5dcb30b <unknown>\nE       #11 0x561ce5dcf3b7 <unknown>\nE       #12 0x561ce5db7e3e <unknown>\nE       #13 0x561ce5dcfe82 <unknown>\nE       #14 0x561ce5d9c7df <unknown>\nE       #15 0x561ce5df41b8 <unknown>\nE       #16 0x561ce5df438b <unknown>\nE       #17 0x561ce5e03ffc <unknown>\nE       #18 0x7fe0a17a4134 <unknown>\n\n/usr/local/lib/python3.11/site-packages/selenium/webdriver/remote/errorhandler.py:229: NoSuchElementException","steps":[{"name":"Добавляем товар в корзину в количестве 13","time":{"start":1715993812742,"stop":1715993812758,"duration":16},"status":"broken","statusMessage":"selenium.common.exceptions.NoSuchElementException: Message: no such element: Unable to locate element: {\"method\":\"xpath\",\"selector\":\"(//a[@class='add-to-cart yellow-btn'])[1]\"}\n  (Session info: chrome-headless-shell=125.0.6422.60); For documentation on this error, please visit: https://www.selenium.dev/documentation/webdriver/troubleshooting/errors#no-such-element-exception\nStacktrace:\n#0 0x561ce5e04eca <unknown>\n#1 0x561ce5aee45c <unknown>\n#2 0x561ce5b3a5b5 <unknown>\n#3 0x561ce5b3a671 <unknown>\n#4 0x561ce5b7ef14 <unknown>\n#5 0x561ce5b5d4dd <unknown>\n#6 0x561ce5b7c2cc <unknown>\n#7 0x561ce5b5d253 <unknown>\n#8 0x561ce5b2d1c7 <unknown>\n#9 0x561ce5b2db3e <unknown>\n#10 0x561ce5dcb30b <unknown>\n#11 0x561ce5dcf3b7 <unknown>\n#12 0x561ce5db7e3e <unknown>\n#13 0x561ce5dcfe82 <unknown>\n#14 0x561ce5d9c7df <unknown>\n#15 0x561ce5df41b8 <unknown>\n#16 0x561ce5df438b <unknown>\n#17 0x561ce5e03ffc <unknown>\n#18 0x7fe0a17a4134 <unknown>\n\n","statusTrace":"  File \"/usr/local/lib/python3.11/site-packages/allure_commons/_allure.py\", line 192, in impl\n    return func(*a, **kw)\n           ^^^^^^^^^^^^^^\n  File \"/app/pages/item_page.py\", line 40, in add_item_to_cart\n    self.find_element(self._add_item).click()\n    ^^^^^^^^^^^^^^^^^^^^^^^^^^^^^^^^^\n  File \"/app/base/seleniumbase.py\", line 17, in find_element\n    return self.driver.find_element(*locator)\n           ^^^^^^^^^^^^^^^^^^^^^^^^^^^^^^^^^^\n  File \"/usr/local/lib/python3.11/site-packages/selenium/webdriver/remote/webdriver.py\", line 739, in find_element\n    return self.execute(Command.FIND_ELEMENT, {\"using\": by, \"value\": value})[\"value\"]\n           ^^^^^^^^^^^^^^^^^^^^^^^^^^^^^^^^^^^^^^^^^^^^^^^^^^^^^^^^^^^^^^^^^\n  File \"/usr/local/lib/python3.11/site-packages/selenium/webdriver/remote/webdriver.py\", line 345, in execute\n    self.error_handler.check_response(response)\n  File \"/usr/local/lib/python3.11/site-packages/selenium/webdriver/remote/errorhandler.py\", line 229, in check_response\n    raise exception_class(message, screen, stacktrace)\n","steps":[],"attachments":[],"parameters":[{"name":"amount","value":"13"}],"shouldDisplayMessage":true,"stepsCount":0,"attachmentsCount":0,"hasContent":true,"attachmentStep":false}],"attachments":[{"uid":"ec1042321f63abda","name":"Screenshot","source":"ec1042321f63abda.png","type":"image/png","size":4720},{"uid":"1b7263735f4a6f6","name":"HTML source","source":"1b7263735f4a6f6.html","type":"text/html","size":39}],"parameters":[],"shouldDisplayMessage":true,"stepsCount":1,"attachmentsCount":2,"hasContent":true,"attachmentStep":false},"afterStages":[{"name":"driver::0","time":{"start":1715993812850,"stop":1715993812909,"duration":59},"status":"passed","steps":[],"attachments":[],"parameters":[],"shouldDisplayMessage":false,"stepsCount":0,"attachmentsCount":0,"hasContent":false,"attachmentStep":false},{"name":"setup::0","time":{"start":1715993812850,"stop":1715993812850,"duration":0},"status":"passed","steps":[],"attachments":[],"parameters":[],"shouldDisplayMessage":false,"stepsCount":0,"attachmentsCount":0,"hasContent":false,"attachmentStep":false}],"labels":[{"name":"epic","value":"Delivery Page - calculation"},{"name":"tag","value":"smoke_test"},{"name":"tag","value":"@pytest.mark.xfail"},{"name":"parentSuite","value":"tests.delivery"},{"name":"suite","value":"test_delivery_calculation"},{"name":"subSuite","value":"TestDeliveryPageCalculation"},{"name":"host","value":"7d0e22c15540"},{"name":"thread","value":"1-MainThread"},{"name":"framework","value":"pytest"},{"name":"language","value":"cpython3"},{"name":"package","value":"tests.delivery.test_delivery_calculation"},{"name":"resultFormat","value":"allure2"}],"parameters":[{"name":"all_time","value":"3320"},{"name":"amount","value":"13"},{"name":"case_id","value":"'TD 017'"},{"name":"in_time","value":"2390"},{"name":"link_item","value":"'products/shtukaturka-gipsovaya-aksolit-m50-30-kg-mashinnogo-naneseniya'"},{"name":"standard","value":"650"},{"name":"url","value":"'https://sandboxtest.stroyrem-nn.ru/'"},{"name":"weight","value":"400"}],"links":[],"hidden":false,"retry":false,"extra":{"severity":"normal","retries":[],"categories":[],"history":{"statistic":{"failed":0,"broken":13,"skipped":250,"passed":0,"unknown":0,"total":263},"items":[{"uid":"2576302bfd269e4a","reportUrl":"https://Nat754.github.io/StroyremAutomation/310//#testresult/2576302bfd269e4a","status":"skipped","statusDetails":"XFAIL\n\nselenium.common.exceptions.NoSuchElementException: Message: no such element: Unable to locate element: {\"method\":\"xpath\",\"selector\":\"(//a[@class='add-to-cart yellow-btn'])[1]\"}\n  (Session info: chrome-headless-shell=125.0.6422.60); For documentation on this error, please visit: https://www.selenium.dev/documentation/webdriver/troubleshooting/errors#no-such-element-exception\nStacktrace:\n#0 0x563bcd124eca <unknown>\n#1 0x563bcce0e45c <unknown>\n#2 0x563bcce5a5b5 <unknown>\n#3 0x563bcce5a671 <unknown>\n#4 0x563bcce9ef14 <unknown>\n#5 0x563bcce7d4dd <unknown>\n#6 0x563bcce9c2cc <unknown>\n#7 0x563bcce7d253 <unknown>\n#8 0x563bcce4d1c7 <unknown>\n#9 0x563bcce4db3e <unknown>\n#10 0x563bcd0eb30b <unknown>\n#11 0x563bcd0ef3b7 <unknown>\n#12 0x563bcd0d7e3e <unknown>\n#13 0x563bcd0efe82 <unknown>\n#14 0x563bcd0bc7df <unknown>\n#15 0x563bcd1141b8 <unknown>\n#16 0x563bcd11438b <unknown>\n#17 0x563bcd123ffc <unknown>\n#18 0x7f8575958134 <unknown>","time":{"start":1715907395500,"stop":1715907396179,"duration":679}},{"uid":"4b374dad1818236a","reportUrl":"https://Nat754.github.io/StroyremAutomation/309//#testresult/4b374dad1818236a","status":"skipped","statusDetails":"XFAIL\n\nselenium.common.exceptions.NoSuchElementException: Message: no such element: Unable to locate element: {\"method\":\"xpath\",\"selector\":\"(//a[@class='add-to-cart yellow-btn'])[1]\"}\n  (Session info: chrome-headless-shell=125.0.6422.60); For documentation on this error, please visit: https://www.selenium.dev/documentation/webdriver/troubleshooting/errors#no-such-element-exception\nStacktrace:\n#0 0x562fb6dfaeca <unknown>\n#1 0x562fb6ae445c <unknown>\n#2 0x562fb6b305b5 <unknown>\n#3 0x562fb6b30671 <unknown>\n#4 0x562fb6b74f14 <unknown>\n#5 0x562fb6b534dd <unknown>\n#6 0x562fb6b722cc <unknown>\n#7 0x562fb6b53253 <unknown>\n#8 0x562fb6b231c7 <unknown>\n#9 0x562fb6b23b3e <unknown>\n#10 0x562fb6dc130b <unknown>\n#11 0x562fb6dc53b7 <unknown>\n#12 0x562fb6dade3e <unknown>\n#13 0x562fb6dc5e82 <unknown>\n#14 0x562fb6d927df <unknown>\n#15 0x562fb6dea1b8 <unknown>\n#16 0x562fb6dea38b <unknown>\n#17 0x562fb6df9ffc <unknown>\n#18 0x7f2101717134 <unknown>","time":{"start":1715821064286,"stop":1715821064678,"duration":392}},{"uid":"25ed991a6c4f8b6e","reportUrl":"https://Nat754.github.io/StroyremAutomation/308//#testresult/25ed991a6c4f8b6e","status":"skipped","statusDetails":"XFAIL\n\nselenium.common.exceptions.NoSuchElementException: Message: no such element: Unable to locate element: {\"method\":\"xpath\",\"selector\":\"(//a[@class='add-to-cart yellow-btn'])[1]\"}\n  (Session info: chrome-headless-shell=124.0.6367.207); For documentation on this error, please visit: https://www.selenium.dev/documentation/webdriver/troubleshooting/errors#no-such-element-exception\nStacktrace:\n#0 0x5639a3670dc3 <unknown>\n#1 0x5639a335f4e7 <unknown>\n#2 0x5639a33aa35d <unknown>\n#3 0x5639a33aa411 <unknown>\n#4 0x5639a33ed774 <unknown>\n#5 0x5639a33cc47d <unknown>\n#6 0x5639a33eac29 <unknown>\n#7 0x5639a33cc1f3 <unknown>\n#8 0x5639a339d28a <unknown>\n#9 0x5639a339dc5e <unknown>\n#10 0x5639a36350eb <unknown>\n#11 0x5639a363903b <unknown>\n#12 0x5639a3621201 <unknown>\n#13 0x5639a3639ba2 <unknown>\n#14 0x5639a36060bf <unknown>\n#15 0x5639a365ff18 <unknown>\n#16 0x5639a36600f0 <unknown>\n#17 0x5639a366ff14 <unknown>\n#18 0x7f3e5761d134 <unknown>","time":{"start":1715734584931,"stop":1715734585231,"duration":300}},{"uid":"c7f072331762371d","reportUrl":"https://Nat754.github.io/StroyremAutomation/307//#testresult/c7f072331762371d","status":"skipped","statusDetails":"XFAIL\n\nselenium.common.exceptions.NoSuchElementException: Message: no such element: Unable to locate element: {\"method\":\"xpath\",\"selector\":\"(//a[@class='add-to-cart yellow-btn'])[1]\"}\n  (Session info: chrome-headless-shell=124.0.6367.207); For documentation on this error, please visit: https://www.selenium.dev/documentation/webdriver/troubleshooting/errors#no-such-element-exception\nStacktrace:\n#0 0x5557d2ed9dc3 <unknown>\n#1 0x5557d2bc84e7 <unknown>\n#2 0x5557d2c1335d <unknown>\n#3 0x5557d2c13411 <unknown>\n#4 0x5557d2c56774 <unknown>\n#5 0x5557d2c3547d <unknown>\n#6 0x5557d2c53c29 <unknown>\n#7 0x5557d2c351f3 <unknown>\n#8 0x5557d2c0628a <unknown>\n#9 0x5557d2c06c5e <unknown>\n#10 0x5557d2e9e0eb <unknown>\n#11 0x5557d2ea203b <unknown>\n#12 0x5557d2e8a201 <unknown>\n#13 0x5557d2ea2ba2 <unknown>\n#14 0x5557d2e6f0bf <unknown>\n#15 0x5557d2ec8f18 <unknown>\n#16 0x5557d2ec90f0 <unknown>\n#17 0x5557d2ed8f14 <unknown>\n#18 0x7fba569dd134 <unknown>","time":{"start":1715648193397,"stop":1715648193814,"duration":417}},{"uid":"dd9e3ac5bf388542","reportUrl":"https://Nat754.github.io/StroyremAutomation/306//#testresult/dd9e3ac5bf388542","status":"skipped","statusDetails":"XFAIL\n\nselenium.common.exceptions.NoSuchElementException: Message: no such element: Unable to locate element: {\"method\":\"xpath\",\"selector\":\"(//a[@class='add-to-cart yellow-btn'])[1]\"}\n  (Session info: chrome-headless-shell=124.0.6367.201); For documentation on this error, please visit: https://www.selenium.dev/documentation/webdriver/troubleshooting/errors#no-such-element-exception\nStacktrace:\n#0 0x55ec4527de43 <unknown>\n#1 0x55ec44f6c4e7 <unknown>\n#2 0x55ec44fb735d <unknown>\n#3 0x55ec44fb7411 <unknown>\n#4 0x55ec44ffa774 <unknown>\n#5 0x55ec44fd947d <unknown>\n#6 0x55ec44ff7c29 <unknown>\n#7 0x55ec44fd91f3 <unknown>\n#8 0x55ec44faa28a <unknown>\n#9 0x55ec44faac5e <unknown>\n#10 0x55ec4524216b <unknown>\n#11 0x55ec452460bb <unknown>\n#12 0x55ec4522e281 <unknown>\n#13 0x55ec45246c22 <unknown>\n#14 0x55ec4521313f <unknown>\n#15 0x55ec4526cf98 <unknown>\n#16 0x55ec4526d170 <unknown>\n#17 0x55ec4527cf94 <unknown>\n#18 0x7fbc0295a134 <unknown>","time":{"start":1715561903231,"stop":1715561903670,"duration":439}},{"uid":"a86cc2c5cd61f55a","reportUrl":"https://Nat754.github.io/StroyremAutomation/305//#testresult/a86cc2c5cd61f55a","status":"skipped","statusDetails":"XFAIL\n\nselenium.common.exceptions.NoSuchElementException: Message: no such element: Unable to locate element: {\"method\":\"xpath\",\"selector\":\"(//a[@class='add-to-cart yellow-btn'])[1]\"}\n  (Session info: chrome-headless-shell=124.0.6367.201); For documentation on this error, please visit: https://www.selenium.dev/documentation/webdriver/troubleshooting/errors#no-such-element-exception\nStacktrace:\n#0 0x55ae7bc43e43 <unknown>\n#1 0x55ae7b9324e7 <unknown>\n#2 0x55ae7b97d35d <unknown>\n#3 0x55ae7b97d411 <unknown>\n#4 0x55ae7b9c0774 <unknown>\n#5 0x55ae7b99f47d <unknown>\n#6 0x55ae7b9bdc29 <unknown>\n#7 0x55ae7b99f1f3 <unknown>\n#8 0x55ae7b97028a <unknown>\n#9 0x55ae7b970c5e <unknown>\n#10 0x55ae7bc0816b <unknown>\n#11 0x55ae7bc0c0bb <unknown>\n#12 0x55ae7bbf4281 <unknown>\n#13 0x55ae7bc0cc22 <unknown>\n#14 0x55ae7bbd913f <unknown>\n#15 0x55ae7bc32f98 <unknown>\n#16 0x55ae7bc33170 <unknown>\n#17 0x55ae7bc42f94 <unknown>\n#18 0x7f42a33a3134 <unknown>","time":{"start":1715475577212,"stop":1715475577629,"duration":417}},{"uid":"7975b3daca7587a8","reportUrl":"https://Nat754.github.io/StroyremAutomation/304//#testresult/7975b3daca7587a8","status":"skipped","statusDetails":"XFAIL\n\nselenium.common.exceptions.NoSuchElementException: Message: no such element: Unable to locate element: {\"method\":\"xpath\",\"selector\":\"(//a[@class='add-to-cart yellow-btn'])[1]\"}\n  (Session info: chrome-headless-shell=124.0.6367.201); For documentation on this error, please visit: https://www.selenium.dev/documentation/webdriver/troubleshooting/errors#no-such-element-exception\nStacktrace:\n#0 0x56400b36de43 <unknown>\n#1 0x56400b05c4e7 <unknown>\n#2 0x56400b0a735d <unknown>\n#3 0x56400b0a7411 <unknown>\n#4 0x56400b0ea774 <unknown>\n#5 0x56400b0c947d <unknown>\n#6 0x56400b0e7c29 <unknown>\n#7 0x56400b0c91f3 <unknown>\n#8 0x56400b09a28a <unknown>\n#9 0x56400b09ac5e <unknown>\n#10 0x56400b33216b <unknown>\n#11 0x56400b3360bb <unknown>\n#12 0x56400b31e281 <unknown>\n#13 0x56400b336c22 <unknown>\n#14 0x56400b30313f <unknown>\n#15 0x56400b35cf98 <unknown>\n#16 0x56400b35d170 <unknown>\n#17 0x56400b36cf94 <unknown>\n#18 0x7f08c67fb134 <unknown>","time":{"start":1715388861779,"stop":1715388862090,"duration":311}},{"uid":"17013677d96fbe6f","reportUrl":"https://Nat754.github.io/StroyremAutomation/303//#testresult/17013677d96fbe6f","status":"skipped","statusDetails":"XFAIL\n\nselenium.common.exceptions.NoSuchElementException: Message: no such element: Unable to locate element: {\"method\":\"xpath\",\"selector\":\"(//a[@class='add-to-cart yellow-btn'])[1]\"}\n  (Session info: chrome-headless-shell=124.0.6367.201); For documentation on this error, please visit: https://www.selenium.dev/documentation/webdriver/troubleshooting/errors#no-such-element-exception\nStacktrace:\n#0 0x557533760e43 <unknown>\n#1 0x55753344f4e7 <unknown>\n#2 0x55753349a35d <unknown>\n#3 0x55753349a411 <unknown>\n#4 0x5575334dd774 <unknown>\n#5 0x5575334bc47d <unknown>\n#6 0x5575334dac29 <unknown>\n#7 0x5575334bc1f3 <unknown>\n#8 0x55753348d28a <unknown>\n#9 0x55753348dc5e <unknown>\n#10 0x55753372516b <unknown>\n#11 0x5575337290bb <unknown>\n#12 0x557533711281 <unknown>\n#13 0x557533729c22 <unknown>\n#14 0x5575336f613f <unknown>\n#15 0x55753374ff98 <unknown>\n#16 0x557533750170 <unknown>\n#17 0x55753375ff94 <unknown>\n#18 0x7f81a032b134 <unknown>","time":{"start":1715302605378,"stop":1715302605804,"duration":426}},{"uid":"bff322c66e363603","reportUrl":"https://Nat754.github.io/StroyremAutomation/302//#testresult/bff322c66e363603","status":"skipped","statusDetails":"XFAIL\n\nselenium.common.exceptions.NoSuchElementException: Message: no such element: Unable to locate element: {\"method\":\"xpath\",\"selector\":\"(//a[@class='add-to-cart yellow-btn'])[1]\"}\n  (Session info: chrome-headless-shell=124.0.6367.155); For documentation on this error, please visit: https://www.selenium.dev/documentation/webdriver/troubleshooting/errors#no-such-element-exception\nStacktrace:\n#0 0x556da1ff7df3 <unknown>\n#1 0x556da1ce64e7 <unknown>\n#2 0x556da1d3135d <unknown>\n#3 0x556da1d31411 <unknown>\n#4 0x556da1d74774 <unknown>\n#5 0x556da1d5347d <unknown>\n#6 0x556da1d71c29 <unknown>\n#7 0x556da1d531f3 <unknown>\n#8 0x556da1d2428a <unknown>\n#9 0x556da1d24c5e <unknown>\n#10 0x556da1fbc11b <unknown>\n#11 0x556da1fc006b <unknown>\n#12 0x556da1fa8231 <unknown>\n#13 0x556da1fc0bd2 <unknown>\n#14 0x556da1f8d0ef <unknown>\n#15 0x556da1fe6f48 <unknown>\n#16 0x556da1fe7120 <unknown>\n#17 0x556da1ff6f44 <unknown>\n#18 0x7f7a3667b134 <unknown>","time":{"start":1715216118888,"stop":1715216119297,"duration":409}},{"uid":"f408d1e91be3139f","reportUrl":"https://Nat754.github.io/StroyremAutomation/301//#testresult/f408d1e91be3139f","status":"skipped","statusDetails":"XFAIL\n\nselenium.common.exceptions.NoSuchElementException: Message: no such element: Unable to locate element: {\"method\":\"xpath\",\"selector\":\"(//a[@class='add-to-cart yellow-btn'])[1]\"}\n  (Session info: chrome-headless-shell=124.0.6367.155); For documentation on this error, please visit: https://www.selenium.dev/documentation/webdriver/troubleshooting/errors#no-such-element-exception\nStacktrace:\n#0 0x557a48678df3 <unknown>\n#1 0x557a483674e7 <unknown>\n#2 0x557a483b235d <unknown>\n#3 0x557a483b2411 <unknown>\n#4 0x557a483f5774 <unknown>\n#5 0x557a483d447d <unknown>\n#6 0x557a483f2c29 <unknown>\n#7 0x557a483d41f3 <unknown>\n#8 0x557a483a528a <unknown>\n#9 0x557a483a5c5e <unknown>\n#10 0x557a4863d11b <unknown>\n#11 0x557a4864106b <unknown>\n#12 0x557a48629231 <unknown>\n#13 0x557a48641bd2 <unknown>\n#14 0x557a4860e0ef <unknown>\n#15 0x557a48667f48 <unknown>\n#16 0x557a48668120 <unknown>\n#17 0x557a48677f44 <unknown>\n#18 0x7ff0b7c39134 <unknown>","time":{"start":1715129214138,"stop":1715129214754,"duration":616}},{"uid":"4508234c679531ef","reportUrl":"https://Nat754.github.io/StroyremAutomation/300//#testresult/4508234c679531ef","status":"skipped","statusDetails":"XFAIL\n\nselenium.common.exceptions.NoSuchElementException: Message: no such element: Unable to locate element: {\"method\":\"xpath\",\"selector\":\"(//a[@class='add-to-cart yellow-btn'])[1]\"}\n  (Session info: chrome-headless-shell=124.0.6367.91); For documentation on this error, please visit: https://www.selenium.dev/documentation/webdriver/troubleshooting/errors#no-such-element-exception\nStacktrace:\n#0 0x556fe80b4cb3 <unknown>\n#1 0x556fe7da34a7 <unknown>\n#2 0x556fe7dee31d <unknown>\n#3 0x556fe7dee3d1 <unknown>\n#4 0x556fe7e31734 <unknown>\n#5 0x556fe7e1043d <unknown>\n#6 0x556fe7e2ebe9 <unknown>\n#7 0x556fe7e101b3 <unknown>\n#8 0x556fe7de124a <unknown>\n#9 0x556fe7de1c1e <unknown>\n#10 0x556fe8078fdb <unknown>\n#11 0x556fe807cf2b <unknown>\n#12 0x556fe80650f1 <unknown>\n#13 0x556fe807da92 <unknown>\n#14 0x556fe8049faf <unknown>\n#15 0x556fe80a3e08 <unknown>\n#16 0x556fe80a3fe0 <unknown>\n#17 0x556fe80b3e04 <unknown>\n#18 0x7f2b07029134 <unknown>","time":{"start":1715043300606,"stop":1715043300897,"duration":291}},{"uid":"dd49831995fdd92f","reportUrl":"https://Nat754.github.io/StroyremAutomation/299//#testresult/dd49831995fdd92f","status":"skipped","statusDetails":"XFAIL\n\nselenium.common.exceptions.NoSuchElementException: Message: no such element: Unable to locate element: {\"method\":\"xpath\",\"selector\":\"(//a[@class='add-to-cart yellow-btn'])[1]\"}\n  (Session info: chrome-headless-shell=124.0.6367.91); For documentation on this error, please visit: https://www.selenium.dev/documentation/webdriver/troubleshooting/errors#no-such-element-exception\nStacktrace:\n#0 0x55bd1a511cb3 <unknown>\n#1 0x55bd1a2004a7 <unknown>\n#2 0x55bd1a24b31d <unknown>\n#3 0x55bd1a24b3d1 <unknown>\n#4 0x55bd1a28e734 <unknown>\n#5 0x55bd1a26d43d <unknown>\n#6 0x55bd1a28bbe9 <unknown>\n#7 0x55bd1a26d1b3 <unknown>\n#8 0x55bd1a23e24a <unknown>\n#9 0x55bd1a23ec1e <unknown>\n#10 0x55bd1a4d5fdb <unknown>\n#11 0x55bd1a4d9f2b <unknown>\n#12 0x55bd1a4c20f1 <unknown>\n#13 0x55bd1a4daa92 <unknown>\n#14 0x55bd1a4a6faf <unknown>\n#15 0x55bd1a500e08 <unknown>\n#16 0x55bd1a500fe0 <unknown>\n#17 0x55bd1a510e04 <unknown>\n#18 0x7f25adef4134 <unknown>","time":{"start":1714956957337,"stop":1714956957626,"duration":289}},{"uid":"d5b84fb53abf3af","reportUrl":"https://Nat754.github.io/StroyremAutomation/298//#testresult/d5b84fb53abf3af","status":"skipped","statusDetails":"XFAIL\n\nselenium.common.exceptions.NoSuchElementException: Message: no such element: Unable to locate element: {\"method\":\"xpath\",\"selector\":\"(//a[@class='add-to-cart yellow-btn'])[1]\"}\n  (Session info: chrome-headless-shell=124.0.6367.91); For documentation on this error, please visit: https://www.selenium.dev/documentation/webdriver/troubleshooting/errors#no-such-element-exception\nStacktrace:\n#0 0x558ff3baecb3 <unknown>\n#1 0x558ff389d4a7 <unknown>\n#2 0x558ff38e831d <unknown>\n#3 0x558ff38e83d1 <unknown>\n#4 0x558ff392b734 <unknown>\n#5 0x558ff390a43d <unknown>\n#6 0x558ff3928be9 <unknown>\n#7 0x558ff390a1b3 <unknown>\n#8 0x558ff38db24a <unknown>\n#9 0x558ff38dbc1e <unknown>\n#10 0x558ff3b72fdb <unknown>\n#11 0x558ff3b76f2b <unknown>\n#12 0x558ff3b5f0f1 <unknown>\n#13 0x558ff3b77a92 <unknown>\n#14 0x558ff3b43faf <unknown>\n#15 0x558ff3b9de08 <unknown>\n#16 0x558ff3b9dfe0 <unknown>\n#17 0x558ff3bade04 <unknown>\n#18 0x7f05e616e134 <unknown>","time":{"start":1714870690955,"stop":1714870691368,"duration":413}},{"uid":"367b9bb5615b6f5c","reportUrl":"https://Nat754.github.io/StroyremAutomation/297//#testresult/367b9bb5615b6f5c","status":"skipped","statusDetails":"XFAIL\n\nselenium.common.exceptions.NoSuchElementException: Message: no such element: Unable to locate element: {\"method\":\"xpath\",\"selector\":\"(//a[@class='add-to-cart yellow-btn'])[1]\"}\n  (Session info: chrome-headless-shell=124.0.6367.91); For documentation on this error, please visit: https://www.selenium.dev/documentation/webdriver/troubleshooting/errors#no-such-element-exception\nStacktrace:\n#0 0x559837a18cb3 <unknown>\n#1 0x5598377074a7 <unknown>\n#2 0x55983775231d <unknown>\n#3 0x5598377523d1 <unknown>\n#4 0x559837795734 <unknown>\n#5 0x55983777443d <unknown>\n#6 0x559837792be9 <unknown>\n#7 0x5598377741b3 <unknown>\n#8 0x55983774524a <unknown>\n#9 0x559837745c1e <unknown>\n#10 0x5598379dcfdb <unknown>\n#11 0x5598379e0f2b <unknown>\n#12 0x5598379c90f1 <unknown>\n#13 0x5598379e1a92 <unknown>\n#14 0x5598379adfaf <unknown>\n#15 0x559837a07e08 <unknown>\n#16 0x559837a07fe0 <unknown>\n#17 0x559837a17e04 <unknown>\n#18 0x7f097df20134 <unknown>","time":{"start":1714784082313,"stop":1714784082739,"duration":426}},{"uid":"91f1734763940b","reportUrl":"https://Nat754.github.io/StroyremAutomation/296//#testresult/91f1734763940b","status":"skipped","statusDetails":"XFAIL\n\nselenium.common.exceptions.NoSuchElementException: Message: no such element: Unable to locate element: {\"method\":\"xpath\",\"selector\":\"(//a[@class='add-to-cart yellow-btn'])[1]\"}\n  (Session info: chrome-headless-shell=124.0.6367.91); For documentation on this error, please visit: https://www.selenium.dev/documentation/webdriver/troubleshooting/errors#no-such-element-exception\nStacktrace:\n#0 0x564b761a0cb3 <unknown>\n#1 0x564b75e8f4a7 <unknown>\n#2 0x564b75eda31d <unknown>\n#3 0x564b75eda3d1 <unknown>\n#4 0x564b75f1d734 <unknown>\n#5 0x564b75efc43d <unknown>\n#6 0x564b75f1abe9 <unknown>\n#7 0x564b75efc1b3 <unknown>\n#8 0x564b75ecd24a <unknown>\n#9 0x564b75ecdc1e <unknown>\n#10 0x564b76164fdb <unknown>\n#11 0x564b76168f2b <unknown>\n#12 0x564b761510f1 <unknown>\n#13 0x564b76169a92 <unknown>\n#14 0x564b76135faf <unknown>\n#15 0x564b7618fe08 <unknown>\n#16 0x564b7618ffe0 <unknown>\n#17 0x564b7619fe04 <unknown>\n#18 0x7fe4f7b50134 <unknown>","time":{"start":1714697885433,"stop":1714697885767,"duration":334}},{"uid":"8768f8af0444a9b8","reportUrl":"https://Nat754.github.io/StroyremAutomation/295//#testresult/8768f8af0444a9b8","status":"skipped","statusDetails":"XFAIL\n\nselenium.common.exceptions.NoSuchElementException: Message: no such element: Unable to locate element: {\"method\":\"xpath\",\"selector\":\"(//a[@class='add-to-cart yellow-btn'])[1]\"}\n  (Session info: chrome-headless-shell=124.0.6367.91); For documentation on this error, please visit: https://www.selenium.dev/documentation/webdriver/troubleshooting/errors#no-such-element-exception\nStacktrace:\n#0 0x555f7befbcb3 <unknown>\n#1 0x555f7bbea4a7 <unknown>\n#2 0x555f7bc3531d <unknown>\n#3 0x555f7bc353d1 <unknown>\n#4 0x555f7bc78734 <unknown>\n#5 0x555f7bc5743d <unknown>\n#6 0x555f7bc75be9 <unknown>\n#7 0x555f7bc571b3 <unknown>\n#8 0x555f7bc2824a <unknown>\n#9 0x555f7bc28c1e <unknown>\n#10 0x555f7bebffdb <unknown>\n#11 0x555f7bec3f2b <unknown>\n#12 0x555f7beac0f1 <unknown>\n#13 0x555f7bec4a92 <unknown>\n#14 0x555f7be90faf <unknown>\n#15 0x555f7beeae08 <unknown>\n#16 0x555f7beeafe0 <unknown>\n#17 0x555f7befae04 <unknown>\n#18 0x7f974d3d7134 <unknown>","time":{"start":1714611232382,"stop":1714611232916,"duration":534}},{"uid":"4174b95c4027e09e","reportUrl":"https://Nat754.github.io/StroyremAutomation/294//#testresult/4174b95c4027e09e","status":"skipped","statusDetails":"XFAIL\n\nselenium.common.exceptions.NoSuchElementException: Message: no such element: Unable to locate element: {\"method\":\"xpath\",\"selector\":\"(//a[@class='add-to-cart yellow-btn'])[1]\"}\n  (Session info: chrome-headless-shell=124.0.6367.91); For documentation on this error, please visit: https://www.selenium.dev/documentation/webdriver/troubleshooting/errors#no-such-element-exception\nStacktrace:\n#0 0x55848280ecb3 <unknown>\n#1 0x5584824fd4a7 <unknown>\n#2 0x55848254831d <unknown>\n#3 0x5584825483d1 <unknown>\n#4 0x55848258b734 <unknown>\n#5 0x55848256a43d <unknown>\n#6 0x558482588be9 <unknown>\n#7 0x55848256a1b3 <unknown>\n#8 0x55848253b24a <unknown>\n#9 0x55848253bc1e <unknown>\n#10 0x5584827d2fdb <unknown>\n#11 0x5584827d6f2b <unknown>\n#12 0x5584827bf0f1 <unknown>\n#13 0x5584827d7a92 <unknown>\n#14 0x5584827a3faf <unknown>\n#15 0x5584827fde08 <unknown>\n#16 0x5584827fdfe0 <unknown>\n#17 0x55848280de04 <unknown>\n#18 0x7f1e013f5134 <unknown>","time":{"start":1714525102188,"stop":1714525102486,"duration":298}},{"uid":"d5e5984dfca78bd","reportUrl":"https://Nat754.github.io/StroyremAutomation/293//#testresult/d5e5984dfca78bd","status":"skipped","statusDetails":"XFAIL\n\nselenium.common.exceptions.NoSuchElementException: Message: no such element: Unable to locate element: {\"method\":\"xpath\",\"selector\":\"(//a[@class='add-to-cart yellow-btn'])[1]\"}\n  (Session info: chrome-headless-shell=124.0.6367.91); For documentation on this error, please visit: https://www.selenium.dev/documentation/webdriver/troubleshooting/errors#no-such-element-exception\nStacktrace:\n#0 0x55db53e31cb3 <unknown>\n#1 0x55db53b204a7 <unknown>\n#2 0x55db53b6b31d <unknown>\n#3 0x55db53b6b3d1 <unknown>\n#4 0x55db53bae734 <unknown>\n#5 0x55db53b8d43d <unknown>\n#6 0x55db53babbe9 <unknown>\n#7 0x55db53b8d1b3 <unknown>\n#8 0x55db53b5e24a <unknown>\n#9 0x55db53b5ec1e <unknown>\n#10 0x55db53df5fdb <unknown>\n#11 0x55db53df9f2b <unknown>\n#12 0x55db53de20f1 <unknown>\n#13 0x55db53dfaa92 <unknown>\n#14 0x55db53dc6faf <unknown>\n#15 0x55db53e20e08 <unknown>\n#16 0x55db53e20fe0 <unknown>\n#17 0x55db53e30e04 <unknown>\n#18 0x7fbd18815134 <unknown>","time":{"start":1714438456662,"stop":1714438457198,"duration":536}},{"uid":"9390d027d6ce86f","reportUrl":"https://Nat754.github.io/StroyremAutomation/292//#testresult/9390d027d6ce86f","status":"skipped","statusDetails":"XFAIL\n\nselenium.common.exceptions.NoSuchElementException: Message: no such element: Unable to locate element: {\"method\":\"xpath\",\"selector\":\"(//a[@class='add-to-cart yellow-btn'])[1]\"}\n  (Session info: chrome-headless-shell=124.0.6367.91); For documentation on this error, please visit: https://www.selenium.dev/documentation/webdriver/troubleshooting/errors#no-such-element-exception\nStacktrace:\n#0 0x558f6f408cb3 <unknown>\n#1 0x558f6f0f74a7 <unknown>\n#2 0x558f6f14231d <unknown>\n#3 0x558f6f1423d1 <unknown>\n#4 0x558f6f185734 <unknown>\n#5 0x558f6f16443d <unknown>\n#6 0x558f6f182be9 <unknown>\n#7 0x558f6f1641b3 <unknown>\n#8 0x558f6f13524a <unknown>\n#9 0x558f6f135c1e <unknown>\n#10 0x558f6f3ccfdb <unknown>\n#11 0x558f6f3d0f2b <unknown>\n#12 0x558f6f3b90f1 <unknown>\n#13 0x558f6f3d1a92 <unknown>\n#14 0x558f6f39dfaf <unknown>\n#15 0x558f6f3f7e08 <unknown>\n#16 0x558f6f3f7fe0 <unknown>\n#17 0x558f6f407e04 <unknown>\n#18 0x7fa223e46134 <unknown>","time":{"start":1714352149222,"stop":1714352149518,"duration":296}},{"uid":"4aa2a0d902b76c2","reportUrl":"https://Nat754.github.io/StroyremAutomation/291//#testresult/4aa2a0d902b76c2","status":"skipped","statusDetails":"XFAIL\n\nselenium.common.exceptions.NoSuchElementException: Message: no such element: Unable to locate element: {\"method\":\"xpath\",\"selector\":\"(//a[@class='add-to-cart yellow-btn'])[1]\"}\n  (Session info: chrome-headless-shell=124.0.6367.91); For documentation on this error, please visit: https://www.selenium.dev/documentation/webdriver/troubleshooting/errors#no-such-element-exception\nStacktrace:\n#0 0x563fde4e2cb3 <unknown>\n#1 0x563fde1d14a7 <unknown>\n#2 0x563fde21c31d <unknown>\n#3 0x563fde21c3d1 <unknown>\n#4 0x563fde25f734 <unknown>\n#5 0x563fde23e43d <unknown>\n#6 0x563fde25cbe9 <unknown>\n#7 0x563fde23e1b3 <unknown>\n#8 0x563fde20f24a <unknown>\n#9 0x563fde20fc1e <unknown>\n#10 0x563fde4a6fdb <unknown>\n#11 0x563fde4aaf2b <unknown>\n#12 0x563fde4930f1 <unknown>\n#13 0x563fde4aba92 <unknown>\n#14 0x563fde477faf <unknown>\n#15 0x563fde4d1e08 <unknown>\n#16 0x563fde4d1fe0 <unknown>\n#17 0x563fde4e1e04 <unknown>\n#18 0x7fdba53dd134 <unknown>","time":{"start":1714265955490,"stop":1714265955875,"duration":385}}]},"tags":["@pytest.mark.xfail","smoke_test"]},"source":"30b31ea36cd6b3f8.json","parameterValues":["3320","13","'TD 017'","2390","'products/shtukaturka-gipsovaya-aksolit-m50-30-kg-mashinnogo-naneseniya'","650","'https://sandboxtest.stroyrem-nn.ru/'","400"]}