{"uid":"b7dcf37bd8045b49","name":"test_positive_delivery_green_zone_smoke[TD 006-products/shtukaturka-gipsovaya-aksolit-m50-30-kg-mashinnogo-naneseniya-25-1700-990-1990-2480-https://sandboxtest.stroyrem-nn.ru/]","fullName":"tests.delivery.test_delivery_calculation.TestDeliveryPageCalculation#test_positive_delivery_green_zone_smoke","historyId":"1df20f878cd9f5f7374b8a6cd977ef7b","time":{"start":1696553546293,"stop":1696553546887,"duration":594},"status":"skipped","statusMessage":"XFAIL\n\nselenium.common.exceptions.NoSuchElementException: Message: no such element: Unable to locate element: {\"method\":\"xpath\",\"selector\":\"(//a[@class='add-to-cart yellow-btn'])[1]\"}\n  (Session info: headless chrome=117.0.5938.149); For documentation on this error, please visit: https://www.selenium.dev/documentation/webdriver/troubleshooting/errors#no-such-element-exception\nStacktrace:\n#0 0x56278c903933 <unknown>\n#1 0x56278c5dd6f7 <unknown>\n#2 0x56278c624aa6 <unknown>\n#3 0x56278c624b91 <unknown>\n#4 0x56278c661fc4 <unknown>\n#5 0x56278c64662d <unknown>\n#6 0x56278c65f857 <unknown>\n#7 0x56278c6463d3 <unknown>\n#8 0x56278c618e64 <unknown>\n#9 0x56278c619c4e <unknown>\n#10 0x56278c8c9558 <unknown>\n#11 0x56278c8cd4a0 <unknown>\n#12 0x56278c8d797c <unknown>\n#13 0x56278c8ce0b8 <unknown>\n#14 0x56278c899cdf <unknown>\n#15 0x56278c8f2048 <unknown>\n#16 0x56278c8f2219 <unknown>\n#17 0x56278c902ac3 <unknown>\n#18 0x7fc74d1d5044 <unknown>","statusTrace":"self = <tests.delivery.test_delivery_calculation.TestDeliveryPageCalculation object at 0x7f5b84a84590>\ndriver = <selenium.webdriver.chrome.webdriver.WebDriver (session=\"5f1e139abae2795c82ab686ca3d223b5\")>\nurl = 'https://sandboxtest.stroyrem-nn.ru/', case_id = 'TD 006'\nlink_item = 'products/shtukaturka-gipsovaya-aksolit-m50-30-kg-mashinnogo-naneseniya'\namount = 25, weight = 1700, standard = 990, in_time = 1990, all_time = 2480\n\n    @pytest.mark.parametrize('case_id, link_item, amount, weight, standard, in_time, all_time', [\n        (\"TD 001\", uroven_3000, 1, 30, 0, 1590, 2190),\n        (\"TD 002\", bundeks_25, 1, 30, 400, 1590, 2190),\n        (\"TD 003\", aksolit_30, 8, 300, 400, 1590, 2190),\n        (\"TD 004\", aksolit_30, 13, 400, 450, 1590, 2190),\n        (\"TD 005\", aksolit_30, 16, 500, 600, 1590, 2190),\n        (\"TD 006\", aksolit_30, 25, 1700, 990, 1990, 2480),\n        (\"TD 007\", aksolit_30, 66, 2000, 1300, 2490, 2980),\n        (\"TD 008\", aksolit_30, 149, 4500, 2300, 3980, 4490),\n        (\"TD 009\", aksolit_30, 166, 5000, 2500, 4990, 5480),\n        pytest.param(\n            \"TD 010\", aksolit_30, 206, 6200, 2900, 5570, 6120,\n            marks=pytest.mark.xfail(reson=\"Цена доставки 3600 7960 8980\")\n        ),\n        (\"TD 011\", aksolit_30, 299, 9000, 3600, 7960, 8980),\n        (\"TD 012\", aksolit_30, 333, 10000, 4450, 11990, 12500),\n        pytest.param(\n            \"TD 013\", aksolit_30, 366, 11000, 4800, 12450, 13480,\n            marks=pytest.mark.xfail(reason=\"Цена стандартной доставки 4450\")\n        ),\n        pytest.param(\n            \"TD 014\", aksolit_30, 666, 20000, 5400, 15600, 17490,\n            marks=pytest.mark.xfail(reason=\"Цена стандартной доставки 4450\")\n        )\n    ])\n    @pytest.mark.xfail\n    @pytest.mark.smoke_test\n    def test_positive_delivery_green_zone_smoke(\n            self, driver, url, case_id, link_item, amount, weight, standard, in_time, all_time\n    ):\n    \n        driver.get(f'{url}{link_item}')\n        item_page = ItemPage(driver)\n>       item_page.add_item_to_cart(amount).click_on_cart()\n\ntests/delivery/test_delivery_calculation.py:50: \n_ _ _ _ _ _ _ _ _ _ _ _ _ _ _ _ _ _ _ _ _ _ _ _ _ _ _ _ _ _ _ _ _ _ _ _ _ _ _ _ \npages/item_page.py:40: in add_item_to_cart\n    self.find_element(self._add_item).click()\nbase/seleniumbase.py:17: in find_element\n    return self.driver.find_element(*locator)\n/usr/local/lib/python3.11/site-packages/selenium/webdriver/remote/webdriver.py:739: in find_element\n    return self.execute(Command.FIND_ELEMENT, {\"using\": by, \"value\": value})[\"value\"]\n/usr/local/lib/python3.11/site-packages/selenium/webdriver/remote/webdriver.py:345: in execute\n    self.error_handler.check_response(response)\n_ _ _ _ _ _ _ _ _ _ _ _ _ _ _ _ _ _ _ _ _ _ _ _ _ _ _ _ _ _ _ _ _ _ _ _ _ _ _ _ \n\nself = <selenium.webdriver.remote.errorhandler.ErrorHandler object at 0x7f5b854c0bd0>\nresponse = {'status': 404, 'value': '{\"value\":{\"error\":\"no such element\",\"message\":\"no such element: Unable to locate element: {\\...\\\\n#16 0x56278c8f2219 \\\\u003Cunknown>\\\\n#17 0x56278c902ac3 \\\\u003Cunknown>\\\\n#18 0x7fc74d1d5044 \\\\u003Cunknown>\\\\n\"}}'}\n\n    def check_response(self, response: Dict[str, Any]) -> None:\n        \"\"\"Checks that a JSON response from the WebDriver does not have an\n        error.\n    \n        :Args:\n         - response - The JSON response from the WebDriver server as a dictionary\n           object.\n    \n        :Raises: If the response contains an error message.\n        \"\"\"\n        status = response.get(\"status\", None)\n        if not status or status == ErrorCode.SUCCESS:\n            return\n        value = None\n        message = response.get(\"message\", \"\")\n        screen: str = response.get(\"screen\", \"\")\n        stacktrace = None\n        if isinstance(status, int):\n            value_json = response.get(\"value\", None)\n            if value_json and isinstance(value_json, str):\n                import json\n    \n                try:\n                    value = json.loads(value_json)\n                    if len(value) == 1:\n                        value = value[\"value\"]\n                    status = value.get(\"error\", None)\n                    if not status:\n                        status = value.get(\"status\", ErrorCode.UNKNOWN_ERROR)\n                        message = value.get(\"value\") or value.get(\"message\")\n                        if not isinstance(message, str):\n                            value = message\n                            message = message.get(\"message\")\n                    else:\n                        message = value.get(\"message\", None)\n                except ValueError:\n                    pass\n    \n        exception_class: Type[WebDriverException]\n        e = ErrorCode()\n        error_codes = [item for item in dir(e) if not item.startswith(\"__\")]\n        for error_code in error_codes:\n            error_info = getattr(ErrorCode, error_code)\n            if isinstance(error_info, list) and status in error_info:\n                exception_class = getattr(ExceptionMapping, error_code, WebDriverException)\n                break\n        else:\n            exception_class = WebDriverException\n    \n        if not value:\n            value = response[\"value\"]\n        if isinstance(value, str):\n            raise exception_class(value)\n        if message == \"\" and \"message\" in value:\n            message = value[\"message\"]\n    \n        screen = None  # type: ignore[assignment]\n        if \"screen\" in value:\n            screen = value[\"screen\"]\n    \n        stacktrace = None\n        st_value = value.get(\"stackTrace\") or value.get(\"stacktrace\")\n        if st_value:\n            if isinstance(st_value, str):\n                stacktrace = st_value.split(\"\\n\")\n            else:\n                stacktrace = []\n                try:\n                    for frame in st_value:\n                        line = frame.get(\"lineNumber\", \"\")\n                        file = frame.get(\"fileName\", \"<anonymous>\")\n                        if line:\n                            file = f\"{file}:{line}\"\n                        meth = frame.get(\"methodName\", \"<anonymous>\")\n                        if \"className\" in frame:\n                            meth = f\"{frame['className']}.{meth}\"\n                        msg = \"    at %s (%s)\"\n                        msg = msg % (meth, file)\n                        stacktrace.append(msg)\n                except TypeError:\n                    pass\n        if exception_class == UnexpectedAlertPresentException:\n            alert_text = None\n            if \"data\" in value:\n                alert_text = value[\"data\"].get(\"text\")\n            elif \"alert\" in value:\n                alert_text = value[\"alert\"].get(\"text\")\n            raise exception_class(message, screen, stacktrace, alert_text)  # type: ignore[call-arg]  # mypy is not smart enough here\n>       raise exception_class(message, screen, stacktrace)\nE       selenium.common.exceptions.NoSuchElementException: Message: no such element: Unable to locate element: {\"method\":\"xpath\",\"selector\":\"(//a[@class='add-to-cart yellow-btn'])[1]\"}\nE         (Session info: headless chrome=117.0.5938.149); For documentation on this error, please visit: https://www.selenium.dev/documentation/webdriver/troubleshooting/errors#no-such-element-exception\nE       Stacktrace:\nE       #0 0x56278c903933 <unknown>\nE       #1 0x56278c5dd6f7 <unknown>\nE       #2 0x56278c624aa6 <unknown>\nE       #3 0x56278c624b91 <unknown>\nE       #4 0x56278c661fc4 <unknown>\nE       #5 0x56278c64662d <unknown>\nE       #6 0x56278c65f857 <unknown>\nE       #7 0x56278c6463d3 <unknown>\nE       #8 0x56278c618e64 <unknown>\nE       #9 0x56278c619c4e <unknown>\nE       #10 0x56278c8c9558 <unknown>\nE       #11 0x56278c8cd4a0 <unknown>\nE       #12 0x56278c8d797c <unknown>\nE       #13 0x56278c8ce0b8 <unknown>\nE       #14 0x56278c899cdf <unknown>\nE       #15 0x56278c8f2048 <unknown>\nE       #16 0x56278c8f2219 <unknown>\nE       #17 0x56278c902ac3 <unknown>\nE       #18 0x7fc74d1d5044 <unknown>\n\n/usr/local/lib/python3.11/site-packages/selenium/webdriver/remote/errorhandler.py:229: NoSuchElementException","flaky":false,"newFailed":false,"newBroken":false,"newPassed":false,"retriesCount":0,"retriesStatusChange":false,"beforeStages":[{"name":"_session_faker","time":{"start":1696553267887,"stop":1696553267975,"duration":88},"status":"passed","steps":[],"attachments":[],"parameters":[],"shouldDisplayMessage":false,"stepsCount":0,"attachmentsCount":0,"hasContent":false},{"name":"clear_allure_results_folder","time":{"start":1696553267976,"stop":1696553267976,"duration":0},"status":"passed","steps":[],"attachments":[],"parameters":[],"shouldDisplayMessage":false,"stepsCount":0,"attachmentsCount":0,"hasContent":false},{"name":"driver","time":{"start":1696553545464,"stop":1696553546292,"duration":828},"status":"passed","steps":[],"attachments":[],"parameters":[],"shouldDisplayMessage":false,"stepsCount":0,"attachmentsCount":0,"hasContent":false},{"name":"setup","time":{"start":1696553546292,"stop":1696553546292,"duration":0},"status":"passed","steps":[],"attachments":[],"parameters":[],"shouldDisplayMessage":false,"stepsCount":0,"attachmentsCount":0,"hasContent":false}],"testStage":{"status":"skipped","statusMessage":"XFAIL\n\nselenium.common.exceptions.NoSuchElementException: Message: no such element: Unable to locate element: {\"method\":\"xpath\",\"selector\":\"(//a[@class='add-to-cart yellow-btn'])[1]\"}\n  (Session info: headless chrome=117.0.5938.149); For documentation on this error, please visit: https://www.selenium.dev/documentation/webdriver/troubleshooting/errors#no-such-element-exception\nStacktrace:\n#0 0x56278c903933 <unknown>\n#1 0x56278c5dd6f7 <unknown>\n#2 0x56278c624aa6 <unknown>\n#3 0x56278c624b91 <unknown>\n#4 0x56278c661fc4 <unknown>\n#5 0x56278c64662d <unknown>\n#6 0x56278c65f857 <unknown>\n#7 0x56278c6463d3 <unknown>\n#8 0x56278c618e64 <unknown>\n#9 0x56278c619c4e <unknown>\n#10 0x56278c8c9558 <unknown>\n#11 0x56278c8cd4a0 <unknown>\n#12 0x56278c8d797c <unknown>\n#13 0x56278c8ce0b8 <unknown>\n#14 0x56278c899cdf <unknown>\n#15 0x56278c8f2048 <unknown>\n#16 0x56278c8f2219 <unknown>\n#17 0x56278c902ac3 <unknown>\n#18 0x7fc74d1d5044 <unknown>","statusTrace":"self = <tests.delivery.test_delivery_calculation.TestDeliveryPageCalculation object at 0x7f5b84a84590>\ndriver = <selenium.webdriver.chrome.webdriver.WebDriver (session=\"5f1e139abae2795c82ab686ca3d223b5\")>\nurl = 'https://sandboxtest.stroyrem-nn.ru/', case_id = 'TD 006'\nlink_item = 'products/shtukaturka-gipsovaya-aksolit-m50-30-kg-mashinnogo-naneseniya'\namount = 25, weight = 1700, standard = 990, in_time = 1990, all_time = 2480\n\n    @pytest.mark.parametrize('case_id, link_item, amount, weight, standard, in_time, all_time', [\n        (\"TD 001\", uroven_3000, 1, 30, 0, 1590, 2190),\n        (\"TD 002\", bundeks_25, 1, 30, 400, 1590, 2190),\n        (\"TD 003\", aksolit_30, 8, 300, 400, 1590, 2190),\n        (\"TD 004\", aksolit_30, 13, 400, 450, 1590, 2190),\n        (\"TD 005\", aksolit_30, 16, 500, 600, 1590, 2190),\n        (\"TD 006\", aksolit_30, 25, 1700, 990, 1990, 2480),\n        (\"TD 007\", aksolit_30, 66, 2000, 1300, 2490, 2980),\n        (\"TD 008\", aksolit_30, 149, 4500, 2300, 3980, 4490),\n        (\"TD 009\", aksolit_30, 166, 5000, 2500, 4990, 5480),\n        pytest.param(\n            \"TD 010\", aksolit_30, 206, 6200, 2900, 5570, 6120,\n            marks=pytest.mark.xfail(reson=\"Цена доставки 3600 7960 8980\")\n        ),\n        (\"TD 011\", aksolit_30, 299, 9000, 3600, 7960, 8980),\n        (\"TD 012\", aksolit_30, 333, 10000, 4450, 11990, 12500),\n        pytest.param(\n            \"TD 013\", aksolit_30, 366, 11000, 4800, 12450, 13480,\n            marks=pytest.mark.xfail(reason=\"Цена стандартной доставки 4450\")\n        ),\n        pytest.param(\n            \"TD 014\", aksolit_30, 666, 20000, 5400, 15600, 17490,\n            marks=pytest.mark.xfail(reason=\"Цена стандартной доставки 4450\")\n        )\n    ])\n    @pytest.mark.xfail\n    @pytest.mark.smoke_test\n    def test_positive_delivery_green_zone_smoke(\n            self, driver, url, case_id, link_item, amount, weight, standard, in_time, all_time\n    ):\n    \n        driver.get(f'{url}{link_item}')\n        item_page = ItemPage(driver)\n>       item_page.add_item_to_cart(amount).click_on_cart()\n\ntests/delivery/test_delivery_calculation.py:50: \n_ _ _ _ _ _ _ _ _ _ _ _ _ _ _ _ _ _ _ _ _ _ _ _ _ _ _ _ _ _ _ _ _ _ _ _ _ _ _ _ \npages/item_page.py:40: in add_item_to_cart\n    self.find_element(self._add_item).click()\nbase/seleniumbase.py:17: in find_element\n    return self.driver.find_element(*locator)\n/usr/local/lib/python3.11/site-packages/selenium/webdriver/remote/webdriver.py:739: in find_element\n    return self.execute(Command.FIND_ELEMENT, {\"using\": by, \"value\": value})[\"value\"]\n/usr/local/lib/python3.11/site-packages/selenium/webdriver/remote/webdriver.py:345: in execute\n    self.error_handler.check_response(response)\n_ _ _ _ _ _ _ _ _ _ _ _ _ _ _ _ _ _ _ _ _ _ _ _ _ _ _ _ _ _ _ _ _ _ _ _ _ _ _ _ \n\nself = <selenium.webdriver.remote.errorhandler.ErrorHandler object at 0x7f5b854c0bd0>\nresponse = {'status': 404, 'value': '{\"value\":{\"error\":\"no such element\",\"message\":\"no such element: Unable to locate element: {\\...\\\\n#16 0x56278c8f2219 \\\\u003Cunknown>\\\\n#17 0x56278c902ac3 \\\\u003Cunknown>\\\\n#18 0x7fc74d1d5044 \\\\u003Cunknown>\\\\n\"}}'}\n\n    def check_response(self, response: Dict[str, Any]) -> None:\n        \"\"\"Checks that a JSON response from the WebDriver does not have an\n        error.\n    \n        :Args:\n         - response - The JSON response from the WebDriver server as a dictionary\n           object.\n    \n        :Raises: If the response contains an error message.\n        \"\"\"\n        status = response.get(\"status\", None)\n        if not status or status == ErrorCode.SUCCESS:\n            return\n        value = None\n        message = response.get(\"message\", \"\")\n        screen: str = response.get(\"screen\", \"\")\n        stacktrace = None\n        if isinstance(status, int):\n            value_json = response.get(\"value\", None)\n            if value_json and isinstance(value_json, str):\n                import json\n    \n                try:\n                    value = json.loads(value_json)\n                    if len(value) == 1:\n                        value = value[\"value\"]\n                    status = value.get(\"error\", None)\n                    if not status:\n                        status = value.get(\"status\", ErrorCode.UNKNOWN_ERROR)\n                        message = value.get(\"value\") or value.get(\"message\")\n                        if not isinstance(message, str):\n                            value = message\n                            message = message.get(\"message\")\n                    else:\n                        message = value.get(\"message\", None)\n                except ValueError:\n                    pass\n    \n        exception_class: Type[WebDriverException]\n        e = ErrorCode()\n        error_codes = [item for item in dir(e) if not item.startswith(\"__\")]\n        for error_code in error_codes:\n            error_info = getattr(ErrorCode, error_code)\n            if isinstance(error_info, list) and status in error_info:\n                exception_class = getattr(ExceptionMapping, error_code, WebDriverException)\n                break\n        else:\n            exception_class = WebDriverException\n    \n        if not value:\n            value = response[\"value\"]\n        if isinstance(value, str):\n            raise exception_class(value)\n        if message == \"\" and \"message\" in value:\n            message = value[\"message\"]\n    \n        screen = None  # type: ignore[assignment]\n        if \"screen\" in value:\n            screen = value[\"screen\"]\n    \n        stacktrace = None\n        st_value = value.get(\"stackTrace\") or value.get(\"stacktrace\")\n        if st_value:\n            if isinstance(st_value, str):\n                stacktrace = st_value.split(\"\\n\")\n            else:\n                stacktrace = []\n                try:\n                    for frame in st_value:\n                        line = frame.get(\"lineNumber\", \"\")\n                        file = frame.get(\"fileName\", \"<anonymous>\")\n                        if line:\n                            file = f\"{file}:{line}\"\n                        meth = frame.get(\"methodName\", \"<anonymous>\")\n                        if \"className\" in frame:\n                            meth = f\"{frame['className']}.{meth}\"\n                        msg = \"    at %s (%s)\"\n                        msg = msg % (meth, file)\n                        stacktrace.append(msg)\n                except TypeError:\n                    pass\n        if exception_class == UnexpectedAlertPresentException:\n            alert_text = None\n            if \"data\" in value:\n                alert_text = value[\"data\"].get(\"text\")\n            elif \"alert\" in value:\n                alert_text = value[\"alert\"].get(\"text\")\n            raise exception_class(message, screen, stacktrace, alert_text)  # type: ignore[call-arg]  # mypy is not smart enough here\n>       raise exception_class(message, screen, stacktrace)\nE       selenium.common.exceptions.NoSuchElementException: Message: no such element: Unable to locate element: {\"method\":\"xpath\",\"selector\":\"(//a[@class='add-to-cart yellow-btn'])[1]\"}\nE         (Session info: headless chrome=117.0.5938.149); For documentation on this error, please visit: https://www.selenium.dev/documentation/webdriver/troubleshooting/errors#no-such-element-exception\nE       Stacktrace:\nE       #0 0x56278c903933 <unknown>\nE       #1 0x56278c5dd6f7 <unknown>\nE       #2 0x56278c624aa6 <unknown>\nE       #3 0x56278c624b91 <unknown>\nE       #4 0x56278c661fc4 <unknown>\nE       #5 0x56278c64662d <unknown>\nE       #6 0x56278c65f857 <unknown>\nE       #7 0x56278c6463d3 <unknown>\nE       #8 0x56278c618e64 <unknown>\nE       #9 0x56278c619c4e <unknown>\nE       #10 0x56278c8c9558 <unknown>\nE       #11 0x56278c8cd4a0 <unknown>\nE       #12 0x56278c8d797c <unknown>\nE       #13 0x56278c8ce0b8 <unknown>\nE       #14 0x56278c899cdf <unknown>\nE       #15 0x56278c8f2048 <unknown>\nE       #16 0x56278c8f2219 <unknown>\nE       #17 0x56278c902ac3 <unknown>\nE       #18 0x7fc74d1d5044 <unknown>\n\n/usr/local/lib/python3.11/site-packages/selenium/webdriver/remote/errorhandler.py:229: NoSuchElementException","steps":[{"name":"Добавляем товар в корзину в количестве 25","time":{"start":1696553546871,"stop":1696553546886,"duration":15},"status":"broken","statusMessage":"selenium.common.exceptions.NoSuchElementException: Message: no such element: Unable to locate element: {\"method\":\"xpath\",\"selector\":\"(//a[@class='add-to-cart yellow-btn'])[1]\"}\n  (Session info: headless chrome=117.0.5938.149); For documentation on this error, please visit: https://www.selenium.dev/documentation/webdriver/troubleshooting/errors#no-such-element-exception\nStacktrace:\n#0 0x56278c903933 <unknown>\n#1 0x56278c5dd6f7 <unknown>\n#2 0x56278c624aa6 <unknown>\n#3 0x56278c624b91 <unknown>\n#4 0x56278c661fc4 <unknown>\n#5 0x56278c64662d <unknown>\n#6 0x56278c65f857 <unknown>\n#7 0x56278c6463d3 <unknown>\n#8 0x56278c618e64 <unknown>\n#9 0x56278c619c4e <unknown>\n#10 0x56278c8c9558 <unknown>\n#11 0x56278c8cd4a0 <unknown>\n#12 0x56278c8d797c <unknown>\n#13 0x56278c8ce0b8 <unknown>\n#14 0x56278c899cdf <unknown>\n#15 0x56278c8f2048 <unknown>\n#16 0x56278c8f2219 <unknown>\n#17 0x56278c902ac3 <unknown>\n#18 0x7fc74d1d5044 <unknown>\n\n","statusTrace":"  File \"/usr/local/lib/python3.11/site-packages/allure_commons/_allure.py\", line 192, in impl\n    return func(*a, **kw)\n           ^^^^^^^^^^^^^^\n  File \"/app/pages/item_page.py\", line 40, in add_item_to_cart\n    self.find_element(self._add_item).click()\n    ^^^^^^^^^^^^^^^^^^^^^^^^^^^^^^^^^\n  File \"/app/base/seleniumbase.py\", line 17, in find_element\n    return self.driver.find_element(*locator)\n           ^^^^^^^^^^^^^^^^^^^^^^^^^^^^^^^^^^\n  File \"/usr/local/lib/python3.11/site-packages/selenium/webdriver/remote/webdriver.py\", line 739, in find_element\n    return self.execute(Command.FIND_ELEMENT, {\"using\": by, \"value\": value})[\"value\"]\n           ^^^^^^^^^^^^^^^^^^^^^^^^^^^^^^^^^^^^^^^^^^^^^^^^^^^^^^^^^^^^^^^^^\n  File \"/usr/local/lib/python3.11/site-packages/selenium/webdriver/remote/webdriver.py\", line 345, in execute\n    self.error_handler.check_response(response)\n  File \"/usr/local/lib/python3.11/site-packages/selenium/webdriver/remote/errorhandler.py\", line 229, in check_response\n    raise exception_class(message, screen, stacktrace)\n","steps":[],"attachments":[],"parameters":[{"name":"amount","value":"25"}],"shouldDisplayMessage":true,"stepsCount":0,"attachmentsCount":0,"hasContent":true}],"attachments":[{"uid":"2e6d1ac207568744","name":"Screenshot","source":"2e6d1ac207568744.png","type":"image/png","size":39917},{"uid":"ddb362542ff2af9b","name":"HTML source","source":"ddb362542ff2af9b.html","type":"text/html","size":544}],"parameters":[],"shouldDisplayMessage":true,"stepsCount":1,"attachmentsCount":2,"hasContent":true},"afterStages":[{"name":"setup::0","time":{"start":1696553547005,"stop":1696553547005,"duration":0},"status":"passed","steps":[],"attachments":[],"parameters":[],"shouldDisplayMessage":false,"stepsCount":0,"attachmentsCount":0,"hasContent":false},{"name":"driver::0","time":{"start":1696553547006,"stop":1696553547060,"duration":54},"status":"passed","steps":[],"attachments":[],"parameters":[],"shouldDisplayMessage":false,"stepsCount":0,"attachmentsCount":0,"hasContent":false}],"labels":[{"name":"epic","value":"Delivery Page - calculation"},{"name":"tag","value":"smoke_test"},{"name":"tag","value":"@pytest.mark.xfail"},{"name":"parentSuite","value":"tests.delivery"},{"name":"suite","value":"test_delivery_calculation"},{"name":"subSuite","value":"TestDeliveryPageCalculation"},{"name":"host","value":"7413cbc02f92"},{"name":"thread","value":"1-MainThread"},{"name":"framework","value":"pytest"},{"name":"language","value":"cpython3"},{"name":"package","value":"tests.delivery.test_delivery_calculation"},{"name":"resultFormat","value":"allure2"}],"parameters":[{"name":"all_time","value":"2480"},{"name":"amount","value":"25"},{"name":"case_id","value":"'TD 006'"},{"name":"in_time","value":"1990"},{"name":"link_item","value":"'products/shtukaturka-gipsovaya-aksolit-m50-30-kg-mashinnogo-naneseniya'"},{"name":"standard","value":"990"},{"name":"url","value":"'https://sandboxtest.stroyrem-nn.ru/'"},{"name":"weight","value":"1700"}],"links":[],"hidden":false,"retry":false,"extra":{"severity":"normal","retries":[],"categories":[],"history":{"statistic":{"failed":0,"broken":13,"skipped":45,"passed":0,"unknown":0,"total":58},"items":[{"uid":"eb16a58a32f1e46f","reportUrl":"https://Nat754.github.io/StroyremAutomation/85//#testresult/eb16a58a32f1e46f","status":"skipped","statusDetails":"XFAIL\n\nselenium.common.exceptions.NoSuchElementException: Message: no such element: Unable to locate element: {\"method\":\"xpath\",\"selector\":\"(//a[@class='add-to-cart yellow-btn'])[1]\"}\n  (Session info: headless chrome=117.0.5938.149); For documentation on this error, please visit: https://www.selenium.dev/documentation/webdriver/troubleshooting/errors#no-such-element-exception\nStacktrace:\n#0 0x55631ca41933 <unknown>\n#1 0x55631c71b6f7 <unknown>\n#2 0x55631c762aa6 <unknown>\n#3 0x55631c762b91 <unknown>\n#4 0x55631c79ffc4 <unknown>\n#5 0x55631c78462d <unknown>\n#6 0x55631c79d857 <unknown>\n#7 0x55631c7843d3 <unknown>\n#8 0x55631c756e64 <unknown>\n#9 0x55631c757c4e <unknown>\n#10 0x55631ca07558 <unknown>\n#11 0x55631ca0b4a0 <unknown>\n#12 0x55631ca1597c <unknown>\n#13 0x55631ca0c0b8 <unknown>\n#14 0x55631c9d7cdf <unknown>\n#15 0x55631ca30048 <unknown>\n#16 0x55631ca30219 <unknown>\n#17 0x55631ca40ac3 <unknown>\n#18 0x7f345c140044 <unknown>","time":{"start":1696467270996,"stop":1696467271858,"duration":862}},{"uid":"29487b17d7bbbed","reportUrl":"https://Nat754.github.io/StroyremAutomation/84//#testresult/29487b17d7bbbed","status":"skipped","statusDetails":"XFAIL\n\nselenium.common.exceptions.NoSuchElementException: Message: no such element: Unable to locate element: {\"method\":\"xpath\",\"selector\":\"(//a[@class='add-to-cart yellow-btn'])[1]\"}\n  (Session info: headless chrome=117.0.5938.92); For documentation on this error, please visit: https://www.selenium.dev/documentation/webdriver/troubleshooting/errors#no-such-element-exception\nStacktrace:\n#0 0x563741f5d6b3 <unknown>\n#1 0x563741c331e7 <unknown>\n#2 0x563741c7a566 <unknown>\n#3 0x563741c7a651 <unknown>\n#4 0x563741cb7a74 <unknown>\n#5 0x563741c9c0ed <unknown>\n#6 0x563741cb5322 <unknown>\n#7 0x563741c9be93 <unknown>\n#8 0x563741c6e934 <unknown>\n#9 0x563741c6f71e <unknown>\n#10 0x563741f22cb8 <unknown>\n#11 0x563741f26bf0 <unknown>\n#12 0x563741f3119c <unknown>\n#13 0x563741f27808 <unknown>\n#14 0x563741ef427f <unknown>\n#15 0x563741f4be88 <unknown>\n#16 0x563741f4c059 <unknown>\n#17 0x563741f5c843 <unknown>\n#18 0x7ff1cf913044 <unknown>","time":{"start":1696380797648,"stop":1696380798247,"duration":599}},{"uid":"e2a2e211a296c870","reportUrl":"https://Nat754.github.io/StroyremAutomation/83//#testresult/e2a2e211a296c870","status":"skipped","statusDetails":"XFAIL\n\nselenium.common.exceptions.NoSuchElementException: Message: no such element: Unable to locate element: {\"method\":\"xpath\",\"selector\":\"(//a[@class='add-to-cart yellow-btn'])[1]\"}\n  (Session info: headless chrome=117.0.5938.92); For documentation on this error, please visit: https://www.selenium.dev/documentation/webdriver/troubleshooting/errors#no-such-element-exception\nStacktrace:\n#0 0x55e7f62546b3 <unknown>\n#1 0x55e7f5f2a1e7 <unknown>\n#2 0x55e7f5f71566 <unknown>\n#3 0x55e7f5f71651 <unknown>\n#4 0x55e7f5faea74 <unknown>\n#5 0x55e7f5f930ed <unknown>\n#6 0x55e7f5fac322 <unknown>\n#7 0x55e7f5f92e93 <unknown>\n#8 0x55e7f5f65934 <unknown>\n#9 0x55e7f5f6671e <unknown>\n#10 0x55e7f6219cb8 <unknown>\n#11 0x55e7f621dbf0 <unknown>\n#12 0x55e7f622819c <unknown>\n#13 0x55e7f621e808 <unknown>\n#14 0x55e7f61eb27f <unknown>\n#15 0x55e7f6242e88 <unknown>\n#16 0x55e7f6243059 <unknown>\n#17 0x55e7f6253843 <unknown>\n#18 0x7fbab5374044 <unknown>","time":{"start":1696294382484,"stop":1696294383015,"duration":531}},{"uid":"8b747acadbd256b6","reportUrl":"https://Nat754.github.io/StroyremAutomation/82//#testresult/8b747acadbd256b6","status":"skipped","statusDetails":"XFAIL\n\nselenium.common.exceptions.NoSuchElementException: Message: no such element: Unable to locate element: {\"method\":\"xpath\",\"selector\":\"(//a[@class='add-to-cart yellow-btn'])[1]\"}\n  (Session info: headless chrome=117.0.5938.92); For documentation on this error, please visit: https://www.selenium.dev/documentation/webdriver/troubleshooting/errors#no-such-element-exception\nStacktrace:\n#0 0x5564006586b3 <unknown>\n#1 0x55640032e1e7 <unknown>\n#2 0x556400375566 <unknown>\n#3 0x556400375651 <unknown>\n#4 0x5564003b2a74 <unknown>\n#5 0x5564003970ed <unknown>\n#6 0x5564003b0322 <unknown>\n#7 0x556400396e93 <unknown>\n#8 0x556400369934 <unknown>\n#9 0x55640036a71e <unknown>\n#10 0x55640061dcb8 <unknown>\n#11 0x556400621bf0 <unknown>\n#12 0x55640062c19c <unknown>\n#13 0x556400622808 <unknown>\n#14 0x5564005ef27f <unknown>\n#15 0x556400646e88 <unknown>\n#16 0x556400647059 <unknown>\n#17 0x556400657843 <unknown>\n#18 0x7fe0fe4f6044 <unknown>","time":{"start":1696282073110,"stop":1696282073906,"duration":796}},{"uid":"4ade61a972c397eb","reportUrl":"https://Nat754.github.io/StroyremAutomation/81//#testresult/4ade61a972c397eb","status":"skipped","statusDetails":"XFAIL\n\nselenium.common.exceptions.NoSuchElementException: Message: no such element: Unable to locate element: {\"method\":\"xpath\",\"selector\":\"(//a[@class='add-to-cart yellow-btn'])[1]\"}\n  (Session info: headless chrome=117.0.5938.92); For documentation on this error, please visit: https://www.selenium.dev/documentation/webdriver/troubleshooting/errors#no-such-element-exception\nStacktrace:\n#0 0x55a6d90db6b3 <unknown>\n#1 0x55a6d8db11e7 <unknown>\n#2 0x55a6d8df8566 <unknown>\n#3 0x55a6d8df8651 <unknown>\n#4 0x55a6d8e35a74 <unknown>\n#5 0x55a6d8e1a0ed <unknown>\n#6 0x55a6d8e33322 <unknown>\n#7 0x55a6d8e19e93 <unknown>\n#8 0x55a6d8dec934 <unknown>\n#9 0x55a6d8ded71e <unknown>\n#10 0x55a6d90a0cb8 <unknown>\n#11 0x55a6d90a4bf0 <unknown>\n#12 0x55a6d90af19c <unknown>\n#13 0x55a6d90a5808 <unknown>\n#14 0x55a6d907227f <unknown>\n#15 0x55a6d90c9e88 <unknown>\n#16 0x55a6d90ca059 <unknown>\n#17 0x55a6d90da843 <unknown>\n#18 0x7fe0d6e41044 <unknown>","time":{"start":1696258193265,"stop":1696258193938,"duration":673}},{"uid":"2ae27d579ad5dcac","reportUrl":"https://Nat754.github.io/StroyremAutomation/81//#testresult/2ae27d579ad5dcac","status":"skipped","statusDetails":"XFAIL\n\nselenium.common.exceptions.NoSuchElementException: Message: no such element: Unable to locate element: {\"method\":\"xpath\",\"selector\":\"(//a[@class='add-to-cart yellow-btn'])[1]\"}\n  (Session info: headless chrome=117.0.5938.92); For documentation on this error, please visit: https://www.selenium.dev/documentation/webdriver/troubleshooting/errors#no-such-element-exception\nStacktrace:\n#0 0x564585fb56b3 <unknown>\n#1 0x564585c8b1e7 <unknown>\n#2 0x564585cd2566 <unknown>\n#3 0x564585cd2651 <unknown>\n#4 0x564585d0fa74 <unknown>\n#5 0x564585cf40ed <unknown>\n#6 0x564585d0d322 <unknown>\n#7 0x564585cf3e93 <unknown>\n#8 0x564585cc6934 <unknown>\n#9 0x564585cc771e <unknown>\n#10 0x564585f7acb8 <unknown>\n#11 0x564585f7ebf0 <unknown>\n#12 0x564585f8919c <unknown>\n#13 0x564585f7f808 <unknown>\n#14 0x564585f4c27f <unknown>\n#15 0x564585fa3e88 <unknown>\n#16 0x564585fa4059 <unknown>\n#17 0x564585fb4843 <unknown>\n#18 0x7f85ffdab044 <unknown>","time":{"start":1696208341277,"stop":1696208341834,"duration":557}},{"uid":"ad4315f76e377920","reportUrl":"https://Nat754.github.io/StroyremAutomation/80//#testresult/ad4315f76e377920","status":"skipped","statusDetails":"XFAIL\n\nselenium.common.exceptions.NoSuchElementException: Message: no such element: Unable to locate element: {\"method\":\"xpath\",\"selector\":\"(//a[@class='add-to-cart yellow-btn'])[1]\"}\n  (Session info: headless chrome=117.0.5938.92); For documentation on this error, please visit: https://www.selenium.dev/documentation/webdriver/troubleshooting/errors#no-such-element-exception\nStacktrace:\n#0 0x55c37d5eb6b3 <unknown>\n#1 0x55c37d2c11e7 <unknown>\n#2 0x55c37d308566 <unknown>\n#3 0x55c37d308651 <unknown>\n#4 0x55c37d345a74 <unknown>\n#5 0x55c37d32a0ed <unknown>\n#6 0x55c37d343322 <unknown>\n#7 0x55c37d329e93 <unknown>\n#8 0x55c37d2fc934 <unknown>\n#9 0x55c37d2fd71e <unknown>\n#10 0x55c37d5b0cb8 <unknown>\n#11 0x55c37d5b4bf0 <unknown>\n#12 0x55c37d5bf19c <unknown>\n#13 0x55c37d5b5808 <unknown>\n#14 0x55c37d58227f <unknown>\n#15 0x55c37d5d9e88 <unknown>\n#16 0x55c37d5da059 <unknown>\n#17 0x55c37d5ea843 <unknown>\n#18 0x7f4324660044 <unknown>","time":{"start":1696122329266,"stop":1696122329913,"duration":647}},{"uid":"23d57c3cbf12497f","reportUrl":"https://Nat754.github.io/StroyremAutomation/79//#testresult/23d57c3cbf12497f","status":"skipped","statusDetails":"XFAIL\n\nselenium.common.exceptions.NoSuchElementException: Message: no such element: Unable to locate element: {\"method\":\"xpath\",\"selector\":\"(//a[@class='add-to-cart yellow-btn'])[1]\"}\n  (Session info: headless chrome=117.0.5938.92); For documentation on this error, please visit: https://www.selenium.dev/documentation/webdriver/troubleshooting/errors#no-such-element-exception\nStacktrace:\n#0 0x56447657c6b3 <unknown>\n#1 0x5644762521e7 <unknown>\n#2 0x564476299566 <unknown>\n#3 0x564476299651 <unknown>\n#4 0x5644762d6a74 <unknown>\n#5 0x5644762bb0ed <unknown>\n#6 0x5644762d4322 <unknown>\n#7 0x5644762bae93 <unknown>\n#8 0x56447628d934 <unknown>\n#9 0x56447628e71e <unknown>\n#10 0x564476541cb8 <unknown>\n#11 0x564476545bf0 <unknown>\n#12 0x56447655019c <unknown>\n#13 0x564476546808 <unknown>\n#14 0x56447651327f <unknown>\n#15 0x56447656ae88 <unknown>\n#16 0x56447656b059 <unknown>\n#17 0x56447657b843 <unknown>\n#18 0x7fb291d6a044 <unknown>","time":{"start":1696035321075,"stop":1696035321525,"duration":450}},{"uid":"bb6b2c9bf0ba3567","reportUrl":"https://Nat754.github.io/StroyremAutomation/78//#testresult/bb6b2c9bf0ba3567","status":"skipped","statusDetails":"XFAIL\n\nselenium.common.exceptions.NoSuchElementException: Message: no such element: Unable to locate element: {\"method\":\"xpath\",\"selector\":\"(//a[@class='add-to-cart yellow-btn'])[1]\"}\n  (Session info: headless chrome=117.0.5938.92); For documentation on this error, please visit: https://www.selenium.dev/documentation/webdriver/troubleshooting/errors#no-such-element-exception\nStacktrace:\n#0 0x561e4d6126b3 <unknown>\n#1 0x561e4d2e81e7 <unknown>\n#2 0x561e4d32f566 <unknown>\n#3 0x561e4d32f651 <unknown>\n#4 0x561e4d36ca74 <unknown>\n#5 0x561e4d3510ed <unknown>\n#6 0x561e4d36a322 <unknown>\n#7 0x561e4d350e93 <unknown>\n#8 0x561e4d323934 <unknown>\n#9 0x561e4d32471e <unknown>\n#10 0x561e4d5d7cb8 <unknown>\n#11 0x561e4d5dbbf0 <unknown>\n#12 0x561e4d5e619c <unknown>\n#13 0x561e4d5dc808 <unknown>\n#14 0x561e4d5a927f <unknown>\n#15 0x561e4d600e88 <unknown>\n#16 0x561e4d601059 <unknown>\n#17 0x561e4d611843 <unknown>\n#18 0x7f3b6e35f044 <unknown>","time":{"start":1695949050511,"stop":1695949051044,"duration":533}},{"uid":"b8094712a7e6d303","reportUrl":"https://Nat754.github.io/StroyremAutomation/77//#testresult/b8094712a7e6d303","status":"skipped","statusDetails":"XFAIL\n\nselenium.common.exceptions.NoSuchElementException: Message: no such element: Unable to locate element: {\"method\":\"xpath\",\"selector\":\"(//a[@class='add-to-cart yellow-btn'])[1]\"}\n  (Session info: headless chrome=117.0.5938.92); For documentation on this error, please visit: https://www.selenium.dev/documentation/webdriver/troubleshooting/errors#no-such-element-exception\nStacktrace:\n#0 0x56410949a6b3 <unknown>\n#1 0x5641091701e7 <unknown>\n#2 0x5641091b7566 <unknown>\n#3 0x5641091b7651 <unknown>\n#4 0x5641091f4a74 <unknown>\n#5 0x5641091d90ed <unknown>\n#6 0x5641091f2322 <unknown>\n#7 0x5641091d8e93 <unknown>\n#8 0x5641091ab934 <unknown>\n#9 0x5641091ac71e <unknown>\n#10 0x56410945fcb8 <unknown>\n#11 0x564109463bf0 <unknown>\n#12 0x56410946e19c <unknown>\n#13 0x564109464808 <unknown>\n#14 0x56410943127f <unknown>\n#15 0x564109488e88 <unknown>\n#16 0x564109489059 <unknown>\n#17 0x564109499843 <unknown>\n#18 0x7f032e791044 <unknown>","time":{"start":1695862810206,"stop":1695862810835,"duration":629}},{"uid":"1f668c805d44e113","reportUrl":"https://Nat754.github.io/StroyremAutomation/76//#testresult/1f668c805d44e113","status":"skipped","statusDetails":"XFAIL\n\nselenium.common.exceptions.ElementNotInteractableException: Message: element not interactable\n  (Session info: headless chrome=117.0.5938.92)\nStacktrace:\n#0 0x55febe70f6b3 <unknown>\n#1 0x55febe3e5036 <unknown>\n#2 0x55febe423c1d <unknown>\n#3 0x55febe44e0c2 <unknown>\n#4 0x55febe421f16 <unknown>\n#5 0x55febe44e28e <unknown>\n#6 0x55febe467322 <unknown>\n#7 0x55febe44de93 <unknown>\n#8 0x55febe420934 <unknown>\n#9 0x55febe42171e <unknown>\n#10 0x55febe6d4cb8 <unknown>\n#11 0x55febe6d8bf0 <unknown>\n#12 0x55febe6e319c <unknown>\n#13 0x55febe6d9808 <unknown>\n#14 0x55febe6a627f <unknown>\n#15 0x55febe6fde88 <unknown>\n#16 0x55febe6fe059 <unknown>\n#17 0x55febe70e843 <unknown>\n#18 0x7f7648918044 <unknown>","time":{"start":1695776481624,"stop":1695776489113,"duration":7489}},{"uid":"159210d20e727484","reportUrl":"https://Nat754.github.io/StroyremAutomation/75//#testresult/159210d20e727484","status":"skipped","statusDetails":"XFAIL\n\nselenium.common.exceptions.NoSuchElementException: Message: no such element: Unable to locate element: {\"method\":\"xpath\",\"selector\":\"(//a[@class='add-to-cart yellow-btn'])[1]\"}\n  (Session info: headless chrome=117.0.5938.92); For documentation on this error, please visit: https://www.selenium.dev/documentation/webdriver/troubleshooting/errors#no-such-element-exception\nStacktrace:\n#0 0x55bbd62bd6b3 <unknown>\n#1 0x55bbd5f931e7 <unknown>\n#2 0x55bbd5fda566 <unknown>\n#3 0x55bbd5fda651 <unknown>\n#4 0x55bbd6017a74 <unknown>\n#5 0x55bbd5ffc0ed <unknown>\n#6 0x55bbd6015322 <unknown>\n#7 0x55bbd5ffbe93 <unknown>\n#8 0x55bbd5fce934 <unknown>\n#9 0x55bbd5fcf71e <unknown>\n#10 0x55bbd6282cb8 <unknown>\n#11 0x55bbd6286bf0 <unknown>\n#12 0x55bbd629119c <unknown>\n#13 0x55bbd6287808 <unknown>\n#14 0x55bbd625427f <unknown>\n#15 0x55bbd62abe88 <unknown>\n#16 0x55bbd62ac059 <unknown>\n#17 0x55bbd62bc843 <unknown>\n#18 0x7fbfca2d5044 <unknown>","time":{"start":1695690083394,"stop":1695690083938,"duration":544}},{"uid":"7fe7abcf21e65edc","reportUrl":"https://Nat754.github.io/StroyremAutomation/74//#testresult/7fe7abcf21e65edc","status":"skipped","statusDetails":"XFAIL\n\nselenium.common.exceptions.NoSuchElementException: Message: no such element: Unable to locate element: {\"method\":\"xpath\",\"selector\":\"(//a[@class='add-to-cart yellow-btn'])[1]\"}\n  (Session info: headless chrome=117.0.5938.92); For documentation on this error, please visit: https://www.selenium.dev/documentation/webdriver/troubleshooting/errors#no-such-element-exception\nStacktrace:\n#0 0x55e6ebbe26b3 <unknown>\n#1 0x55e6eb8b81e7 <unknown>\n#2 0x55e6eb8ff566 <unknown>\n#3 0x55e6eb8ff651 <unknown>\n#4 0x55e6eb93ca74 <unknown>\n#5 0x55e6eb9210ed <unknown>\n#6 0x55e6eb93a322 <unknown>\n#7 0x55e6eb920e93 <unknown>\n#8 0x55e6eb8f3934 <unknown>\n#9 0x55e6eb8f471e <unknown>\n#10 0x55e6ebba7cb8 <unknown>\n#11 0x55e6ebbabbf0 <unknown>\n#12 0x55e6ebbb619c <unknown>\n#13 0x55e6ebbac808 <unknown>\n#14 0x55e6ebb7927f <unknown>\n#15 0x55e6ebbd0e88 <unknown>\n#16 0x55e6ebbd1059 <unknown>\n#17 0x55e6ebbe1843 <unknown>\n#18 0x7f415ad49044 <unknown>","time":{"start":1695603664824,"stop":1695603665678,"duration":854}},{"uid":"1439c5a85502f203","reportUrl":"https://Nat754.github.io/StroyremAutomation/73//#testresult/1439c5a85502f203","status":"skipped","statusDetails":"XFAIL\n\nselenium.common.exceptions.NoSuchElementException: Message: no such element: Unable to locate element: {\"method\":\"xpath\",\"selector\":\"(//a[@class='add-to-cart yellow-btn'])[1]\"}\n  (Session info: headless chrome=117.0.5938.92); For documentation on this error, please visit: https://www.selenium.dev/documentation/webdriver/troubleshooting/errors#no-such-element-exception\nStacktrace:\n#0 0x5646273a06b3 <unknown>\n#1 0x5646270761e7 <unknown>\n#2 0x5646270bd566 <unknown>\n#3 0x5646270bd651 <unknown>\n#4 0x5646270faa74 <unknown>\n#5 0x5646270df0ed <unknown>\n#6 0x5646270f8322 <unknown>\n#7 0x5646270dee93 <unknown>\n#8 0x5646270b1934 <unknown>\n#9 0x5646270b271e <unknown>\n#10 0x564627365cb8 <unknown>\n#11 0x564627369bf0 <unknown>\n#12 0x56462737419c <unknown>\n#13 0x56462736a808 <unknown>\n#14 0x56462733727f <unknown>\n#15 0x56462738ee88 <unknown>\n#16 0x56462738f059 <unknown>\n#17 0x56462739f843 <unknown>\n#18 0x7fe45ef8e044 <unknown>","time":{"start":1695517176787,"stop":1695517177331,"duration":544}},{"uid":"1f328ab895adb13","reportUrl":"https://Nat754.github.io/StroyremAutomation/72//#testresult/1f328ab895adb13","status":"skipped","statusDetails":"XFAIL\n\nselenium.common.exceptions.NoSuchElementException: Message: no such element: Unable to locate element: {\"method\":\"xpath\",\"selector\":\"(//a[@class='add-to-cart yellow-btn'])[1]\"}\n  (Session info: headless chrome=117.0.5938.92); For documentation on this error, please visit: https://www.selenium.dev/documentation/webdriver/troubleshooting/errors#no-such-element-exception\nStacktrace:\n#0 0x5576297af6b3 <unknown>\n#1 0x5576294851e7 <unknown>\n#2 0x5576294cc566 <unknown>\n#3 0x5576294cc651 <unknown>\n#4 0x557629509a74 <unknown>\n#5 0x5576294ee0ed <unknown>\n#6 0x557629507322 <unknown>\n#7 0x5576294ede93 <unknown>\n#8 0x5576294c0934 <unknown>\n#9 0x5576294c171e <unknown>\n#10 0x557629774cb8 <unknown>\n#11 0x557629778bf0 <unknown>\n#12 0x55762978319c <unknown>\n#13 0x557629779808 <unknown>\n#14 0x55762974627f <unknown>\n#15 0x55762979de88 <unknown>\n#16 0x55762979e059 <unknown>\n#17 0x5576297ae843 <unknown>\n#18 0x7fe4e4206044 <unknown>","time":{"start":1695430690216,"stop":1695430691064,"duration":848}},{"uid":"ae094460f0e03ead","reportUrl":"https://Nat754.github.io/StroyremAutomation/71//#testresult/ae094460f0e03ead","status":"skipped","statusDetails":"XFAIL\n\nselenium.common.exceptions.NoSuchElementException: Message: no such element: Unable to locate element: {\"method\":\"xpath\",\"selector\":\"(//a[@class='add-to-cart yellow-btn'])[1]\"}\n  (Session info: headless chrome=117.0.5938.92); For documentation on this error, please visit: https://www.selenium.dev/documentation/webdriver/troubleshooting/errors#no-such-element-exception\nStacktrace:\n#0 0x5635427676b3 <unknown>\n#1 0x56354243d1e7 <unknown>\n#2 0x563542484566 <unknown>\n#3 0x563542484651 <unknown>\n#4 0x5635424c1a74 <unknown>\n#5 0x5635424a60ed <unknown>\n#6 0x5635424bf322 <unknown>\n#7 0x5635424a5e93 <unknown>\n#8 0x563542478934 <unknown>\n#9 0x56354247971e <unknown>\n#10 0x56354272ccb8 <unknown>\n#11 0x563542730bf0 <unknown>\n#12 0x56354273b19c <unknown>\n#13 0x563542731808 <unknown>\n#14 0x5635426fe27f <unknown>\n#15 0x563542755e88 <unknown>\n#16 0x563542756059 <unknown>\n#17 0x563542766843 <unknown>\n#18 0x7f7309cc7044 <unknown>","time":{"start":1695405999890,"stop":1695406000525,"duration":635}},{"uid":"4784a5f3ca7cad39","reportUrl":"https://Nat754.github.io/StroyremAutomation/71//#testresult/4784a5f3ca7cad39","status":"skipped","statusDetails":"XFAIL\n\nselenium.common.exceptions.NoSuchElementException: Message: no such element: Unable to locate element: {\"method\":\"xpath\",\"selector\":\"(//a[@class='add-to-cart yellow-btn'])[1]\"}\n  (Session info: headless chrome=117.0.5938.92); For documentation on this error, please visit: https://www.selenium.dev/documentation/webdriver/troubleshooting/errors#no-such-element-exception\nStacktrace:\n#0 0x563088a0d6b3 <unknown>\n#1 0x5630886e31e7 <unknown>\n#2 0x56308872a566 <unknown>\n#3 0x56308872a651 <unknown>\n#4 0x563088767a74 <unknown>\n#5 0x56308874c0ed <unknown>\n#6 0x563088765322 <unknown>\n#7 0x56308874be93 <unknown>\n#8 0x56308871e934 <unknown>\n#9 0x56308871f71e <unknown>\n#10 0x5630889d2cb8 <unknown>\n#11 0x5630889d6bf0 <unknown>\n#12 0x5630889e119c <unknown>\n#13 0x5630889d7808 <unknown>\n#14 0x5630889a427f <unknown>\n#15 0x5630889fbe88 <unknown>\n#16 0x5630889fc059 <unknown>\n#17 0x563088a0c843 <unknown>\n#18 0x7fb0ba3df044 <unknown>","time":{"start":1695344232676,"stop":1695344233197,"duration":521}},{"uid":"398396d6dcc0f7ad","reportUrl":"https://Nat754.github.io/StroyremAutomation/70//#testresult/398396d6dcc0f7ad","status":"skipped","statusDetails":"XFAIL\n\nselenium.common.exceptions.NoSuchElementException: Message: no such element: Unable to locate element: {\"method\":\"xpath\",\"selector\":\"(//a[@class='add-to-cart yellow-btn'])[1]\"}\n  (Session info: headless chrome=117.0.5938.88); For documentation on this error, please visit: https://www.selenium.dev/documentation/webdriver/troubleshooting/errors#no-such-element-exception\nStacktrace:\n#0 0x55f63bde56c3 <unknown>\n#1 0x55f63babb1e7 <unknown>\n#2 0x55f63bb02566 <unknown>\n#3 0x55f63bb02651 <unknown>\n#4 0x55f63bb3fa74 <unknown>\n#5 0x55f63bb240ed <unknown>\n#6 0x55f63bb3d322 <unknown>\n#7 0x55f63bb23e93 <unknown>\n#8 0x55f63baf6934 <unknown>\n#9 0x55f63baf771e <unknown>\n#10 0x55f63bdaacc8 <unknown>\n#11 0x55f63bdaec00 <unknown>\n#12 0x55f63bdb91ac <unknown>\n#13 0x55f63bdaf818 <unknown>\n#14 0x55f63bd7c28f <unknown>\n#15 0x55f63bdd3e98 <unknown>\n#16 0x55f63bdd4069 <unknown>\n#17 0x55f63bde4853 <unknown>\n#18 0x7fa4b098a044 <unknown>","time":{"start":1695257812221,"stop":1695257812668,"duration":447}},{"uid":"3234254c83c4af0d","reportUrl":"https://Nat754.github.io/StroyremAutomation/69//#testresult/3234254c83c4af0d","status":"skipped","statusDetails":"XFAIL\n\nselenium.common.exceptions.ElementNotInteractableException: Message: element not interactable\n  (Session info: headless chrome=117.0.5938.88)\nStacktrace:\n#0 0x56222e4af6c3 <unknown>\n#1 0x56222e185036 <unknown>\n#2 0x56222e1c3c1d <unknown>\n#3 0x56222e1ee0c2 <unknown>\n#4 0x56222e1c1f16 <unknown>\n#5 0x56222e1ee28e <unknown>\n#6 0x56222e207322 <unknown>\n#7 0x56222e1ede93 <unknown>\n#8 0x56222e1c0934 <unknown>\n#9 0x56222e1c171e <unknown>\n#10 0x56222e474cc8 <unknown>\n#11 0x56222e478c00 <unknown>\n#12 0x56222e4831ac <unknown>\n#13 0x56222e479818 <unknown>\n#14 0x56222e44628f <unknown>\n#15 0x56222e49de98 <unknown>\n#16 0x56222e49e069 <unknown>\n#17 0x56222e4ae853 <unknown>\n#18 0x7f4f638fa044 <unknown>","time":{"start":1695171650258,"stop":1695171656510,"duration":6252}},{"uid":"9e1a21433c59dd6e","reportUrl":"https://Nat754.github.io/StroyremAutomation/68//#testresult/9e1a21433c59dd6e","status":"skipped","statusDetails":"XFAIL\n\nselenium.common.exceptions.NoSuchElementException: Message: no such element: Unable to locate element: {\"method\":\"xpath\",\"selector\":\"(//a[@class='add-to-cart yellow-btn'])[1]\"}\n  (Session info: headless chrome=117.0.5938.88); For documentation on this error, please visit: https://www.selenium.dev/documentation/webdriver/troubleshooting/errors#no-such-element-exception\nStacktrace:\n#0 0x559cfc1366c3 <unknown>\n#1 0x559cfbe0c1e7 <unknown>\n#2 0x559cfbe53566 <unknown>\n#3 0x559cfbe53651 <unknown>\n#4 0x559cfbe90a74 <unknown>\n#5 0x559cfbe750ed <unknown>\n#6 0x559cfbe8e322 <unknown>\n#7 0x559cfbe74e93 <unknown>\n#8 0x559cfbe47934 <unknown>\n#9 0x559cfbe4871e <unknown>\n#10 0x559cfc0fbcc8 <unknown>\n#11 0x559cfc0ffc00 <unknown>\n#12 0x559cfc10a1ac <unknown>\n#13 0x559cfc100818 <unknown>\n#14 0x559cfc0cd28f <unknown>\n#15 0x559cfc124e98 <unknown>\n#16 0x559cfc125069 <unknown>\n#17 0x559cfc135853 <unknown>\n#18 0x7f51a956a044 <unknown>","time":{"start":1695085133080,"stop":1695085133767,"duration":687}}]},"tags":["@pytest.mark.xfail","smoke_test"]},"source":"b7dcf37bd8045b49.json","parameterValues":["2480","25","'TD 006'","1990","'products/shtukaturka-gipsovaya-aksolit-m50-30-kg-mashinnogo-naneseniya'","990","'https://sandboxtest.stroyrem-nn.ru/'","1700"]}