{"uid":"4e4fe7bcd29b3b43","name":"Авторизация с помощью формы авторизации","fullName":"tests.test_sign_in.test_sign_in_page.TestSignInPage#test_positive_login_with_correct_email_and_password_smoke","historyId":"a273ddf50e4fb1739e30fefb7e3443ae","time":{"start":1717291613881,"stop":1717291614025,"duration":144},"status":"skipped","statusMessage":"XFAIL\n\nselenium.common.exceptions.NoSuchElementException: Message: no such element: Unable to locate element: {\"method\":\"css selector\",\"selector\":\"input[value='Войти']\"}\n  (Session info: chrome-headless-shell=125.0.6422.141); For documentation on this error, please visit: https://www.selenium.dev/documentation/webdriver/troubleshooting/errors#no-such-element-exception\nStacktrace:\n#0 0x5565cf217e3a <unknown>\n#1 0x5565cef0145c <unknown>\n#2 0x5565cef4d5b5 <unknown>\n#3 0x5565cef4d671 <unknown>\n#4 0x5565cef91f14 <unknown>\n#5 0x5565cef704dd <unknown>\n#6 0x5565cef8f2cc <unknown>\n#7 0x5565cef70253 <unknown>\n#8 0x5565cef401c7 <unknown>\n#9 0x5565cef40b3e <unknown>\n#10 0x5565cf1de27b <unknown>\n#11 0x5565cf1e2327 <unknown>\n#12 0x5565cf1cadae <unknown>\n#13 0x5565cf1e2df2 <unknown>\n#14 0x5565cf1af74f <unknown>\n#15 0x5565cf207128 <unknown>\n#16 0x5565cf2072fb <unknown>\n#17 0x5565cf216f6c <unknown>\n#18 0x7f7a4bea2134 <unknown>","statusTrace":"self = <tests.test_sign_in.test_sign_in_page.TestSignInPage object at 0x7f8cf9a2fa90>\ndriver = <selenium.webdriver.chrome.webdriver.WebDriver (session=\"92461653cb5de32f6bfa0b775594a2ac\")>\nsign_in_page = <pages.sign_in_page.SignInPage object at 0x7f8cf9fe27d0>\nopen_sign_in_window = None\n\n    @allure.title(\"Авторизация с помощью формы авторизации\")\n    @pytest.mark.smoke_test\n    @pytest.mark.xfail\n    def test_positive_login_with_correct_email_and_password_smoke(self, driver, sign_in_page, open_sign_in_window):\n        sign_in_page.get_email_field().send_keys(credentials['email'])\n        sign_in_page.get_password_field().send_keys(credentials['password'])\n>       sign_in_page.get_sign_in_button().click()\n\ntests/test_sign_in/test_sign_in_page.py:237: \n_ _ _ _ _ _ _ _ _ _ _ _ _ _ _ _ _ _ _ _ _ _ _ _ _ _ _ _ _ _ _ _ _ _ _ _ _ _ _ _ \npages/sign_in_page.py:99: in get_sign_in_button\n    return self.find_element(self._sign_in_button)\nbase/seleniumbase.py:17: in find_element\n    return self.driver.find_element(*locator)\n/usr/local/lib/python3.11/site-packages/selenium/webdriver/remote/webdriver.py:739: in find_element\n    return self.execute(Command.FIND_ELEMENT, {\"using\": by, \"value\": value})[\"value\"]\n/usr/local/lib/python3.11/site-packages/selenium/webdriver/remote/webdriver.py:345: in execute\n    self.error_handler.check_response(response)\n_ _ _ _ _ _ _ _ _ _ _ _ _ _ _ _ _ _ _ _ _ _ _ _ _ _ _ _ _ _ _ _ _ _ _ _ _ _ _ _ \n\nself = <selenium.webdriver.remote.errorhandler.ErrorHandler object at 0x7f8cf993d1d0>\nresponse = {'status': 404, 'value': '{\"value\":{\"error\":\"no such element\",\"message\":\"no such element: Unable to locate element: {\\...\\\\n#16 0x5565cf2072fb \\\\u003Cunknown>\\\\n#17 0x5565cf216f6c \\\\u003Cunknown>\\\\n#18 0x7f7a4bea2134 \\\\u003Cunknown>\\\\n\"}}'}\n\n    def check_response(self, response: Dict[str, Any]) -> None:\n        \"\"\"Checks that a JSON response from the WebDriver does not have an\n        error.\n    \n        :Args:\n         - response - The JSON response from the WebDriver server as a dictionary\n           object.\n    \n        :Raises: If the response contains an error message.\n        \"\"\"\n        status = response.get(\"status\", None)\n        if not status or status == ErrorCode.SUCCESS:\n            return\n        value = None\n        message = response.get(\"message\", \"\")\n        screen: str = response.get(\"screen\", \"\")\n        stacktrace = None\n        if isinstance(status, int):\n            value_json = response.get(\"value\", None)\n            if value_json and isinstance(value_json, str):\n                import json\n    \n                try:\n                    value = json.loads(value_json)\n                    if len(value) == 1:\n                        value = value[\"value\"]\n                    status = value.get(\"error\", None)\n                    if not status:\n                        status = value.get(\"status\", ErrorCode.UNKNOWN_ERROR)\n                        message = value.get(\"value\") or value.get(\"message\")\n                        if not isinstance(message, str):\n                            value = message\n                            message = message.get(\"message\")\n                    else:\n                        message = value.get(\"message\", None)\n                except ValueError:\n                    pass\n    \n        exception_class: Type[WebDriverException]\n        e = ErrorCode()\n        error_codes = [item for item in dir(e) if not item.startswith(\"__\")]\n        for error_code in error_codes:\n            error_info = getattr(ErrorCode, error_code)\n            if isinstance(error_info, list) and status in error_info:\n                exception_class = getattr(ExceptionMapping, error_code, WebDriverException)\n                break\n        else:\n            exception_class = WebDriverException\n    \n        if not value:\n            value = response[\"value\"]\n        if isinstance(value, str):\n            raise exception_class(value)\n        if message == \"\" and \"message\" in value:\n            message = value[\"message\"]\n    \n        screen = None  # type: ignore[assignment]\n        if \"screen\" in value:\n            screen = value[\"screen\"]\n    \n        stacktrace = None\n        st_value = value.get(\"stackTrace\") or value.get(\"stacktrace\")\n        if st_value:\n            if isinstance(st_value, str):\n                stacktrace = st_value.split(\"\\n\")\n            else:\n                stacktrace = []\n                try:\n                    for frame in st_value:\n                        line = frame.get(\"lineNumber\", \"\")\n                        file = frame.get(\"fileName\", \"<anonymous>\")\n                        if line:\n                            file = f\"{file}:{line}\"\n                        meth = frame.get(\"methodName\", \"<anonymous>\")\n                        if \"className\" in frame:\n                            meth = f\"{frame['className']}.{meth}\"\n                        msg = \"    at %s (%s)\"\n                        msg = msg % (meth, file)\n                        stacktrace.append(msg)\n                except TypeError:\n                    pass\n        if exception_class == UnexpectedAlertPresentException:\n            alert_text = None\n            if \"data\" in value:\n                alert_text = value[\"data\"].get(\"text\")\n            elif \"alert\" in value:\n                alert_text = value[\"alert\"].get(\"text\")\n            raise exception_class(message, screen, stacktrace, alert_text)  # type: ignore[call-arg]  # mypy is not smart enough here\n>       raise exception_class(message, screen, stacktrace)\nE       selenium.common.exceptions.NoSuchElementException: Message: no such element: Unable to locate element: {\"method\":\"css selector\",\"selector\":\"input[value='Войти']\"}\nE         (Session info: chrome-headless-shell=125.0.6422.141); For documentation on this error, please visit: https://www.selenium.dev/documentation/webdriver/troubleshooting/errors#no-such-element-exception\nE       Stacktrace:\nE       #0 0x5565cf217e3a <unknown>\nE       #1 0x5565cef0145c <unknown>\nE       #2 0x5565cef4d5b5 <unknown>\nE       #3 0x5565cef4d671 <unknown>\nE       #4 0x5565cef91f14 <unknown>\nE       #5 0x5565cef704dd <unknown>\nE       #6 0x5565cef8f2cc <unknown>\nE       #7 0x5565cef70253 <unknown>\nE       #8 0x5565cef401c7 <unknown>\nE       #9 0x5565cef40b3e <unknown>\nE       #10 0x5565cf1de27b <unknown>\nE       #11 0x5565cf1e2327 <unknown>\nE       #12 0x5565cf1cadae <unknown>\nE       #13 0x5565cf1e2df2 <unknown>\nE       #14 0x5565cf1af74f <unknown>\nE       #15 0x5565cf207128 <unknown>\nE       #16 0x5565cf2072fb <unknown>\nE       #17 0x5565cf216f6c <unknown>\nE       #18 0x7f7a4bea2134 <unknown>\n\n/usr/local/lib/python3.11/site-packages/selenium/webdriver/remote/errorhandler.py:229: NoSuchElementException","flaky":false,"newFailed":false,"newBroken":false,"newPassed":false,"retriesCount":0,"retriesStatusChange":false,"beforeStages":[{"name":"_session_faker","time":{"start":1717289807964,"stop":1717289808034,"duration":70},"status":"passed","steps":[],"attachments":[],"parameters":[],"shouldDisplayMessage":false,"stepsCount":0,"attachmentsCount":0,"hasContent":false,"attachmentStep":false},{"name":"clear_allure_results_folder","time":{"start":1717289808034,"stop":1717289808034,"duration":0},"status":"passed","steps":[],"attachments":[],"parameters":[],"shouldDisplayMessage":false,"stepsCount":0,"attachmentsCount":0,"hasContent":false,"attachmentStep":false},{"name":"driver","time":{"start":1717291603108,"stop":1717291603796,"duration":688},"status":"passed","steps":[],"attachments":[],"parameters":[],"shouldDisplayMessage":false,"stepsCount":0,"attachmentsCount":0,"hasContent":false,"attachmentStep":false},{"name":"setup","time":{"start":1717291603796,"stop":1717291603796,"duration":0},"status":"passed","steps":[],"attachments":[],"parameters":[],"shouldDisplayMessage":false,"stepsCount":0,"attachmentsCount":0,"hasContent":false,"attachmentStep":false},{"name":"sign_in_page","time":{"start":1717291603796,"stop":1717291613533,"duration":9737},"status":"passed","steps":[],"attachments":[],"parameters":[],"shouldDisplayMessage":false,"stepsCount":0,"attachmentsCount":0,"hasContent":false,"attachmentStep":false},{"name":"open_sign_in_window","time":{"start":1717291613534,"stop":1717291613881,"duration":347},"status":"passed","steps":[{"name":"Нахождение элемента: иконка профиля в хедере","time":{"start":1717291613534,"stop":1717291613542,"duration":8},"status":"passed","steps":[],"attachments":[],"parameters":[],"shouldDisplayMessage":false,"stepsCount":0,"attachmentsCount":0,"hasContent":false,"attachmentStep":false}],"attachments":[],"parameters":[],"shouldDisplayMessage":false,"stepsCount":1,"attachmentsCount":0,"hasContent":true,"attachmentStep":false}],"testStage":{"status":"skipped","statusMessage":"XFAIL\n\nselenium.common.exceptions.NoSuchElementException: Message: no such element: Unable to locate element: {\"method\":\"css selector\",\"selector\":\"input[value='Войти']\"}\n  (Session info: chrome-headless-shell=125.0.6422.141); For documentation on this error, please visit: https://www.selenium.dev/documentation/webdriver/troubleshooting/errors#no-such-element-exception\nStacktrace:\n#0 0x5565cf217e3a <unknown>\n#1 0x5565cef0145c <unknown>\n#2 0x5565cef4d5b5 <unknown>\n#3 0x5565cef4d671 <unknown>\n#4 0x5565cef91f14 <unknown>\n#5 0x5565cef704dd <unknown>\n#6 0x5565cef8f2cc <unknown>\n#7 0x5565cef70253 <unknown>\n#8 0x5565cef401c7 <unknown>\n#9 0x5565cef40b3e <unknown>\n#10 0x5565cf1de27b <unknown>\n#11 0x5565cf1e2327 <unknown>\n#12 0x5565cf1cadae <unknown>\n#13 0x5565cf1e2df2 <unknown>\n#14 0x5565cf1af74f <unknown>\n#15 0x5565cf207128 <unknown>\n#16 0x5565cf2072fb <unknown>\n#17 0x5565cf216f6c <unknown>\n#18 0x7f7a4bea2134 <unknown>","statusTrace":"self = <tests.test_sign_in.test_sign_in_page.TestSignInPage object at 0x7f8cf9a2fa90>\ndriver = <selenium.webdriver.chrome.webdriver.WebDriver (session=\"92461653cb5de32f6bfa0b775594a2ac\")>\nsign_in_page = <pages.sign_in_page.SignInPage object at 0x7f8cf9fe27d0>\nopen_sign_in_window = None\n\n    @allure.title(\"Авторизация с помощью формы авторизации\")\n    @pytest.mark.smoke_test\n    @pytest.mark.xfail\n    def test_positive_login_with_correct_email_and_password_smoke(self, driver, sign_in_page, open_sign_in_window):\n        sign_in_page.get_email_field().send_keys(credentials['email'])\n        sign_in_page.get_password_field().send_keys(credentials['password'])\n>       sign_in_page.get_sign_in_button().click()\n\ntests/test_sign_in/test_sign_in_page.py:237: \n_ _ _ _ _ _ _ _ _ _ _ _ _ _ _ _ _ _ _ _ _ _ _ _ _ _ _ _ _ _ _ _ _ _ _ _ _ _ _ _ \npages/sign_in_page.py:99: in get_sign_in_button\n    return self.find_element(self._sign_in_button)\nbase/seleniumbase.py:17: in find_element\n    return self.driver.find_element(*locator)\n/usr/local/lib/python3.11/site-packages/selenium/webdriver/remote/webdriver.py:739: in find_element\n    return self.execute(Command.FIND_ELEMENT, {\"using\": by, \"value\": value})[\"value\"]\n/usr/local/lib/python3.11/site-packages/selenium/webdriver/remote/webdriver.py:345: in execute\n    self.error_handler.check_response(response)\n_ _ _ _ _ _ _ _ _ _ _ _ _ _ _ _ _ _ _ _ _ _ _ _ _ _ _ _ _ _ _ _ _ _ _ _ _ _ _ _ \n\nself = <selenium.webdriver.remote.errorhandler.ErrorHandler object at 0x7f8cf993d1d0>\nresponse = {'status': 404, 'value': '{\"value\":{\"error\":\"no such element\",\"message\":\"no such element: Unable to locate element: {\\...\\\\n#16 0x5565cf2072fb \\\\u003Cunknown>\\\\n#17 0x5565cf216f6c \\\\u003Cunknown>\\\\n#18 0x7f7a4bea2134 \\\\u003Cunknown>\\\\n\"}}'}\n\n    def check_response(self, response: Dict[str, Any]) -> None:\n        \"\"\"Checks that a JSON response from the WebDriver does not have an\n        error.\n    \n        :Args:\n         - response - The JSON response from the WebDriver server as a dictionary\n           object.\n    \n        :Raises: If the response contains an error message.\n        \"\"\"\n        status = response.get(\"status\", None)\n        if not status or status == ErrorCode.SUCCESS:\n            return\n        value = None\n        message = response.get(\"message\", \"\")\n        screen: str = response.get(\"screen\", \"\")\n        stacktrace = None\n        if isinstance(status, int):\n            value_json = response.get(\"value\", None)\n            if value_json and isinstance(value_json, str):\n                import json\n    \n                try:\n                    value = json.loads(value_json)\n                    if len(value) == 1:\n                        value = value[\"value\"]\n                    status = value.get(\"error\", None)\n                    if not status:\n                        status = value.get(\"status\", ErrorCode.UNKNOWN_ERROR)\n                        message = value.get(\"value\") or value.get(\"message\")\n                        if not isinstance(message, str):\n                            value = message\n                            message = message.get(\"message\")\n                    else:\n                        message = value.get(\"message\", None)\n                except ValueError:\n                    pass\n    \n        exception_class: Type[WebDriverException]\n        e = ErrorCode()\n        error_codes = [item for item in dir(e) if not item.startswith(\"__\")]\n        for error_code in error_codes:\n            error_info = getattr(ErrorCode, error_code)\n            if isinstance(error_info, list) and status in error_info:\n                exception_class = getattr(ExceptionMapping, error_code, WebDriverException)\n                break\n        else:\n            exception_class = WebDriverException\n    \n        if not value:\n            value = response[\"value\"]\n        if isinstance(value, str):\n            raise exception_class(value)\n        if message == \"\" and \"message\" in value:\n            message = value[\"message\"]\n    \n        screen = None  # type: ignore[assignment]\n        if \"screen\" in value:\n            screen = value[\"screen\"]\n    \n        stacktrace = None\n        st_value = value.get(\"stackTrace\") or value.get(\"stacktrace\")\n        if st_value:\n            if isinstance(st_value, str):\n                stacktrace = st_value.split(\"\\n\")\n            else:\n                stacktrace = []\n                try:\n                    for frame in st_value:\n                        line = frame.get(\"lineNumber\", \"\")\n                        file = frame.get(\"fileName\", \"<anonymous>\")\n                        if line:\n                            file = f\"{file}:{line}\"\n                        meth = frame.get(\"methodName\", \"<anonymous>\")\n                        if \"className\" in frame:\n                            meth = f\"{frame['className']}.{meth}\"\n                        msg = \"    at %s (%s)\"\n                        msg = msg % (meth, file)\n                        stacktrace.append(msg)\n                except TypeError:\n                    pass\n        if exception_class == UnexpectedAlertPresentException:\n            alert_text = None\n            if \"data\" in value:\n                alert_text = value[\"data\"].get(\"text\")\n            elif \"alert\" in value:\n                alert_text = value[\"alert\"].get(\"text\")\n            raise exception_class(message, screen, stacktrace, alert_text)  # type: ignore[call-arg]  # mypy is not smart enough here\n>       raise exception_class(message, screen, stacktrace)\nE       selenium.common.exceptions.NoSuchElementException: Message: no such element: Unable to locate element: {\"method\":\"css selector\",\"selector\":\"input[value='Войти']\"}\nE         (Session info: chrome-headless-shell=125.0.6422.141); For documentation on this error, please visit: https://www.selenium.dev/documentation/webdriver/troubleshooting/errors#no-such-element-exception\nE       Stacktrace:\nE       #0 0x5565cf217e3a <unknown>\nE       #1 0x5565cef0145c <unknown>\nE       #2 0x5565cef4d5b5 <unknown>\nE       #3 0x5565cef4d671 <unknown>\nE       #4 0x5565cef91f14 <unknown>\nE       #5 0x5565cef704dd <unknown>\nE       #6 0x5565cef8f2cc <unknown>\nE       #7 0x5565cef70253 <unknown>\nE       #8 0x5565cef401c7 <unknown>\nE       #9 0x5565cef40b3e <unknown>\nE       #10 0x5565cf1de27b <unknown>\nE       #11 0x5565cf1e2327 <unknown>\nE       #12 0x5565cf1cadae <unknown>\nE       #13 0x5565cf1e2df2 <unknown>\nE       #14 0x5565cf1af74f <unknown>\nE       #15 0x5565cf207128 <unknown>\nE       #16 0x5565cf2072fb <unknown>\nE       #17 0x5565cf216f6c <unknown>\nE       #18 0x7f7a4bea2134 <unknown>\n\n/usr/local/lib/python3.11/site-packages/selenium/webdriver/remote/errorhandler.py:229: NoSuchElementException","steps":[{"name":"Нахождение элемента: поле ввода Email окна авторизации","time":{"start":1717291613882,"stop":1717291613894,"duration":12},"status":"passed","steps":[],"attachments":[],"parameters":[],"shouldDisplayMessage":false,"stepsCount":0,"attachmentsCount":0,"hasContent":false,"attachmentStep":false},{"name":"Нахождение элемента: поле ввода пароля окна авторизации","time":{"start":1717291613957,"stop":1717291613966,"duration":9},"status":"passed","steps":[],"attachments":[],"parameters":[],"shouldDisplayMessage":false,"stepsCount":0,"attachmentsCount":0,"hasContent":false,"attachmentStep":false},{"name":"Нахождение элемента: кнопка 'Войти' окна авторизации","time":{"start":1717291614007,"stop":1717291614024,"duration":17},"status":"broken","statusMessage":"selenium.common.exceptions.NoSuchElementException: Message: no such element: Unable to locate element: {\"method\":\"css selector\",\"selector\":\"input[value='Войти']\"}\n  (Session info: chrome-headless-shell=125.0.6422.141); For documentation on this error, please visit: https://www.selenium.dev/documentation/webdriver/troubleshooting/errors#no-such-element-exception\nStacktrace:\n#0 0x5565cf217e3a <unknown>\n#1 0x5565cef0145c <unknown>\n#2 0x5565cef4d5b5 <unknown>\n#3 0x5565cef4d671 <unknown>\n#4 0x5565cef91f14 <unknown>\n#5 0x5565cef704dd <unknown>\n#6 0x5565cef8f2cc <unknown>\n#7 0x5565cef70253 <unknown>\n#8 0x5565cef401c7 <unknown>\n#9 0x5565cef40b3e <unknown>\n#10 0x5565cf1de27b <unknown>\n#11 0x5565cf1e2327 <unknown>\n#12 0x5565cf1cadae <unknown>\n#13 0x5565cf1e2df2 <unknown>\n#14 0x5565cf1af74f <unknown>\n#15 0x5565cf207128 <unknown>\n#16 0x5565cf2072fb <unknown>\n#17 0x5565cf216f6c <unknown>\n#18 0x7f7a4bea2134 <unknown>\n\n","statusTrace":"  File \"/usr/local/lib/python3.11/site-packages/allure_commons/_allure.py\", line 192, in impl\n    return func(*a, **kw)\n           ^^^^^^^^^^^^^^\n  File \"/app/pages/sign_in_page.py\", line 99, in get_sign_in_button\n    return self.find_element(self._sign_in_button)\n           ^^^^^^^^^^^^^^^^^^^^^^^^^^^^^^^^^^^^^^^\n  File \"/app/base/seleniumbase.py\", line 17, in find_element\n    return self.driver.find_element(*locator)\n           ^^^^^^^^^^^^^^^^^^^^^^^^^^^^^^^^^^\n  File \"/usr/local/lib/python3.11/site-packages/selenium/webdriver/remote/webdriver.py\", line 739, in find_element\n    return self.execute(Command.FIND_ELEMENT, {\"using\": by, \"value\": value})[\"value\"]\n           ^^^^^^^^^^^^^^^^^^^^^^^^^^^^^^^^^^^^^^^^^^^^^^^^^^^^^^^^^^^^^^^^^\n  File \"/usr/local/lib/python3.11/site-packages/selenium/webdriver/remote/webdriver.py\", line 345, in execute\n    self.error_handler.check_response(response)\n  File \"/usr/local/lib/python3.11/site-packages/selenium/webdriver/remote/errorhandler.py\", line 229, in check_response\n    raise exception_class(message, screen, stacktrace)\n","steps":[],"attachments":[],"parameters":[],"shouldDisplayMessage":true,"stepsCount":0,"attachmentsCount":0,"hasContent":true,"attachmentStep":false}],"attachments":[{"uid":"fccada360adf0453","name":"Screenshot","source":"fccada360adf0453.png","type":"image/png","size":34460},{"uid":"4bcc4081da4b178e","name":"HTML source","source":"4bcc4081da4b178e.html","type":"text/html","size":408123}],"parameters":[],"shouldDisplayMessage":true,"stepsCount":3,"attachmentsCount":2,"hasContent":true,"attachmentStep":false},"afterStages":[{"name":"setup::0","time":{"start":1717291614147,"stop":1717291614148,"duration":1},"status":"passed","steps":[],"attachments":[],"parameters":[],"shouldDisplayMessage":false,"stepsCount":0,"attachmentsCount":0,"hasContent":false,"attachmentStep":false},{"name":"driver::0","time":{"start":1717291614148,"stop":1717291614221,"duration":73},"status":"passed","steps":[],"attachments":[],"parameters":[],"shouldDisplayMessage":false,"stepsCount":0,"attachmentsCount":0,"hasContent":false,"attachmentStep":false}],"labels":[{"name":"epic","value":"Sign In Page"},{"name":"tag","value":"@pytest.mark.xfail"},{"name":"tag","value":"smoke_test"},{"name":"parentSuite","value":"tests.test_sign_in"},{"name":"suite","value":"test_sign_in_page"},{"name":"subSuite","value":"TestSignInPage"},{"name":"host","value":"5b6392332f2e"},{"name":"thread","value":"1-MainThread"},{"name":"framework","value":"pytest"},{"name":"language","value":"cpython3"},{"name":"package","value":"tests.test_sign_in.test_sign_in_page"},{"name":"resultFormat","value":"allure2"}],"parameters":[],"links":[],"hidden":false,"retry":false,"extra":{"severity":"normal","retries":[],"categories":[],"history":{"statistic":{"failed":0,"broken":0,"skipped":4,"passed":0,"unknown":0,"total":4},"items":[{"uid":"eeb0213c3f76db8","reportUrl":"https://Nat754.github.io/StroyremAutomation/325//#testresult/eeb0213c3f76db8","status":"skipped","statusDetails":"XFAIL\n\nselenium.common.exceptions.NoSuchElementException: Message: no such element: Unable to locate element: {\"method\":\"css selector\",\"selector\":\"input[value='Войти']\"}\n  (Session info: chrome-headless-shell=125.0.6422.141); For documentation on this error, please visit: https://www.selenium.dev/documentation/webdriver/troubleshooting/errors#no-such-element-exception\nStacktrace:\n#0 0x55fb23b15e3a <unknown>\n#1 0x55fb237ff45c <unknown>\n#2 0x55fb2384b5b5 <unknown>\n#3 0x55fb2384b671 <unknown>\n#4 0x55fb2388ff14 <unknown>\n#5 0x55fb2386e4dd <unknown>\n#6 0x55fb2388d2cc <unknown>\n#7 0x55fb2386e253 <unknown>\n#8 0x55fb2383e1c7 <unknown>\n#9 0x55fb2383eb3e <unknown>\n#10 0x55fb23adc27b <unknown>\n#11 0x55fb23ae0327 <unknown>\n#12 0x55fb23ac8dae <unknown>\n#13 0x55fb23ae0df2 <unknown>\n#14 0x55fb23aad74f <unknown>\n#15 0x55fb23b05128 <unknown>\n#16 0x55fb23b052fb <unknown>\n#17 0x55fb23b14f6c <unknown>\n#18 0x7fa70f6b5134 <unknown>","time":{"start":1717204852381,"stop":1717204852527,"duration":146}},{"uid":"b9d398f8406e21d7","reportUrl":"https://Nat754.github.io/StroyremAutomation/324//#testresult/b9d398f8406e21d7","status":"skipped","statusDetails":"XFAIL\n\nselenium.common.exceptions.NoSuchElementException: Message: no such element: Unable to locate element: {\"method\":\"css selector\",\"selector\":\"input[value='Войти']\"}\n  (Session info: chrome-headless-shell=125.0.6422.141); For documentation on this error, please visit: https://www.selenium.dev/documentation/webdriver/troubleshooting/errors#no-such-element-exception\nStacktrace:\n#0 0x55b86b45be3a <unknown>\n#1 0x55b86b14545c <unknown>\n#2 0x55b86b1915b5 <unknown>\n#3 0x55b86b191671 <unknown>\n#4 0x55b86b1d5f14 <unknown>\n#5 0x55b86b1b44dd <unknown>\n#6 0x55b86b1d32cc <unknown>\n#7 0x55b86b1b4253 <unknown>\n#8 0x55b86b1841c7 <unknown>\n#9 0x55b86b184b3e <unknown>\n#10 0x55b86b42227b <unknown>\n#11 0x55b86b426327 <unknown>\n#12 0x55b86b40edae <unknown>\n#13 0x55b86b426df2 <unknown>\n#14 0x55b86b3f374f <unknown>\n#15 0x55b86b44b128 <unknown>\n#16 0x55b86b44b2fb <unknown>\n#17 0x55b86b45af6c <unknown>\n#18 0x7f4cb1bfa134 <unknown>","time":{"start":1717118656868,"stop":1717118657011,"duration":143}},{"uid":"420792edd507883d","reportUrl":"https://Nat754.github.io/StroyremAutomation/323//#testresult/420792edd507883d","status":"skipped","statusDetails":"XFAIL\n\nselenium.common.exceptions.NoSuchElementException: Message: no such element: Unable to locate element: {\"method\":\"css selector\",\"selector\":\"input[value='Войти']\"}\n  (Session info: chrome-headless-shell=125.0.6422.78); For documentation on this error, please visit: https://www.selenium.dev/documentation/webdriver/troubleshooting/errors#no-such-element-exception\nStacktrace:\n#0 0x55572515ee8a <unknown>\n#1 0x555724e4845c <unknown>\n#2 0x555724e945b5 <unknown>\n#3 0x555724e94671 <unknown>\n#4 0x555724ed8f14 <unknown>\n#5 0x555724eb74dd <unknown>\n#6 0x555724ed62cc <unknown>\n#7 0x555724eb7253 <unknown>\n#8 0x555724e871c7 <unknown>\n#9 0x555724e87b3e <unknown>\n#10 0x5557251252cb <unknown>\n#11 0x555725129377 <unknown>\n#12 0x555725111dfe <unknown>\n#13 0x555725129e42 <unknown>\n#14 0x5557250f679f <unknown>\n#15 0x55572514e178 <unknown>\n#16 0x55572514e34b <unknown>\n#17 0x55572515dfbc <unknown>\n#18 0x7fdb9cd08134 <unknown>","time":{"start":1717031853871,"stop":1717031854017,"duration":146}}]},"tags":["@pytest.mark.xfail","smoke_test"]},"source":"4e4fe7bcd29b3b43.json","parameterValues":[]}