{"uid":"214f470bcb34e084","name":"TD 022 Доставка товара весом до 5000кг. в синей зоне","fullName":"tests.delivery.test_delivery_calculation.TestDeliveryPageCalculation#test_positive_delivery_blue_zone_smoke","historyId":"88e507e8c34e246e904b871854b91bc0","time":{"start":1694196658154,"stop":1694196658568,"duration":414},"status":"broken","statusMessage":"selenium.common.exceptions.NoSuchElementException: Message: no such element: Unable to locate element: {\"method\":\"xpath\",\"selector\":\"(//a[@class='add-to-cart yellow-btn'])[1]\"}\n  (Session info: headless chrome=116.0.5845.96); For documentation on this error, please visit: https://www.selenium.dev/documentation/webdriver/troubleshooting/errors#no-such-element-exception\nStacktrace:\n#0 0x558d50e74e23 <unknown>\n#1 0x558d50b9d7a7 <unknown>\n#2 0x558d50bdc1d3 <unknown>\n#3 0x558d50bdc2c1 <unknown>\n#4 0x558d50c17a04 <unknown>\n#5 0x558d50bfd03d <unknown>\n#6 0x558d50c15369 <unknown>\n#7 0x558d50bfcde3 <unknown>\n#8 0x558d50bd0a7b <unknown>\n#9 0x558d50bd181e <unknown>\n#10 0x558d50e36638 <unknown>\n#11 0x558d50e3a507 <unknown>\n#12 0x558d50e44c4c <unknown>\n#13 0x558d50e3b136 <unknown>\n#14 0x558d50e099cf <unknown>\n#15 0x558d50e5eb98 <unknown>\n#16 0x558d50e5ed68 <unknown>\n#17 0x558d50e6dcb3 <unknown>\n#18 0x7fe672aa2044 <unknown>","statusTrace":"self = <tests.delivery.test_delivery_calculation.TestDeliveryPageCalculation object at 0x7f1426ef8f50>\ndriver = <selenium.webdriver.chrome.webdriver.WebDriver (session=\"1b4edbccf54cf379eb0f6a99265500bf\")>\nurl = 'https://sandboxtest.stroyrem-nn.ru/', case_id = 'TD 022'\nlink_item = 'products/shtukaturka-gipsovaya-aksolit-m50-30-kg-mashinnogo-naneseniya'\namount = 166, weight = 5000, standard = 2800, in_time = 5490, all_time = 5980\n\n    @pytest.mark.parametrize('case_id, link_item, amount, weight, standard, in_time, all_time', [\n        (\"TD 015\", bundeks_25, 1, 30, 650, 2390, 3320),\n        pytest.param(\n            \"TD 016\", aksolit_30, 8, 300, 650, 2390, 3320,\n            marks=pytest.mark.xfail(reson=\"Цена доставки: - - -\")\n        ),\n        (\"TD 017\", aksolit_30, 13, 400, 650, 2390, 3320),\n        (\"TD 018\", aksolit_30, 16, 500, 850, 2490, 3320),\n        (\"TD 019\", aksolit_30, 25, 1700, 1150, 2490, 3320),\n        (\"TD 020\", aksolit_30, 66, 2000, 1500, 2990, 3650),\n        (\"TD 021\", aksolit_30, 149, 4500, 2600, 4380, 4890),\n        (\"TD 022\", aksolit_30, 166, 5000, 2800, 5490, 5980),\n        pytest.param(\n            \"TD 023\", aksolit_30, 206, 6200, 3300, 7500, 8000,\n            marks=pytest.mark.xfail(reson=\"Цена доставки: 4300 9900 11440\")\n        ),\n        (\"TD 024\", aksolit_30, 299, 9000, 4300, 9900, 11440),\n        (\"TD 025\", aksolit_30, 333, 10000, 7000, 13900, 15900),\n        pytest.param(\n            \"TD 026\", aksolit_30, 366, 11000, 8000, 14900, 19900,\n            marks=pytest.mark.xfail(reson=\"Цена доставки: 7000 13900 15900\")\n        ),\n        pytest.param(\n            \"TD 027\", aksolit_30, 666, 20000, 14000, 16900, 23900,\n            marks=pytest.mark.xfail(reson=\"Цена доставки: 7000 13900 15900\")\n        )\n    ])\n    @pytest.mark.smoke\n    def test_positive_delivery_blue_zone_smoke(\n            self, driver, url, case_id, link_item, amount, weight, standard, in_time, all_time\n    ):\n        allure.dynamic.title(f\"{case_id} Доставка товара весом до {weight}кг. в синей зоне\")\n    \n        driver.get(f'{url}{link_item}')\n        item_page = ItemPage(driver)\n>       item_page.add_item_to_cart(amount).click_on_cart()\n\ntests/delivery/test_delivery_calculation.py:130: \n_ _ _ _ _ _ _ _ _ _ _ _ _ _ _ _ _ _ _ _ _ _ _ _ _ _ _ _ _ _ _ _ _ _ _ _ _ _ _ _ \npages/item_page.py:40: in add_item_to_cart\n    self.find_element(self._add_item).click()\nbase/seleniumbase.py:17: in find_element\n    return self.driver.find_element(*locator)\n/usr/local/lib/python3.11/site-packages/selenium/webdriver/remote/webdriver.py:738: in find_element\n    return self.execute(Command.FIND_ELEMENT, {\"using\": by, \"value\": value})[\"value\"]\n/usr/local/lib/python3.11/site-packages/selenium/webdriver/remote/webdriver.py:344: in execute\n    self.error_handler.check_response(response)\n_ _ _ _ _ _ _ _ _ _ _ _ _ _ _ _ _ _ _ _ _ _ _ _ _ _ _ _ _ _ _ _ _ _ _ _ _ _ _ _ \n\nself = <selenium.webdriver.remote.errorhandler.ErrorHandler object at 0x7f1427367490>\nresponse = {'status': 404, 'value': '{\"value\":{\"error\":\"no such element\",\"message\":\"no such element: Unable to locate element: {\\...\\\\n#16 0x558d50e5ed68 \\\\u003Cunknown>\\\\n#17 0x558d50e6dcb3 \\\\u003Cunknown>\\\\n#18 0x7fe672aa2044 \\\\u003Cunknown>\\\\n\"}}'}\n\n    def check_response(self, response: Dict[str, Any]) -> None:\n        \"\"\"Checks that a JSON response from the WebDriver does not have an\n        error.\n    \n        :Args:\n         - response - The JSON response from the WebDriver server as a dictionary\n           object.\n    \n        :Raises: If the response contains an error message.\n        \"\"\"\n        status = response.get(\"status\", None)\n        if not status or status == ErrorCode.SUCCESS:\n            return\n        value = None\n        message = response.get(\"message\", \"\")\n        screen: str = response.get(\"screen\", \"\")\n        stacktrace = None\n        if isinstance(status, int):\n            value_json = response.get(\"value\", None)\n            if value_json and isinstance(value_json, str):\n                import json\n    \n                try:\n                    value = json.loads(value_json)\n                    if len(value) == 1:\n                        value = value[\"value\"]\n                    status = value.get(\"error\", None)\n                    if not status:\n                        status = value.get(\"status\", ErrorCode.UNKNOWN_ERROR)\n                        message = value.get(\"value\") or value.get(\"message\")\n                        if not isinstance(message, str):\n                            value = message\n                            message = message.get(\"message\")\n                    else:\n                        message = value.get(\"message\", None)\n                except ValueError:\n                    pass\n    \n        exception_class: Type[WebDriverException]\n        e = ErrorCode()\n        error_codes = [item for item in dir(e) if not item.startswith(\"__\")]\n        for error_code in error_codes:\n            error_info = getattr(ErrorCode, error_code)\n            if isinstance(error_info, list) and status in error_info:\n                exception_class = getattr(ExceptionMapping, error_code, WebDriverException)\n                break\n        else:\n            exception_class = WebDriverException\n    \n        if not value:\n            value = response[\"value\"]\n        if isinstance(value, str):\n            raise exception_class(value)\n        if message == \"\" and \"message\" in value:\n            message = value[\"message\"]\n    \n        screen = None  # type: ignore[assignment]\n        if \"screen\" in value:\n            screen = value[\"screen\"]\n    \n        stacktrace = None\n        st_value = value.get(\"stackTrace\") or value.get(\"stacktrace\")\n        if st_value:\n            if isinstance(st_value, str):\n                stacktrace = st_value.split(\"\\n\")\n            else:\n                stacktrace = []\n                try:\n                    for frame in st_value:\n                        line = frame.get(\"lineNumber\", \"\")\n                        file = frame.get(\"fileName\", \"<anonymous>\")\n                        if line:\n                            file = f\"{file}:{line}\"\n                        meth = frame.get(\"methodName\", \"<anonymous>\")\n                        if \"className\" in frame:\n                            meth = f\"{frame['className']}.{meth}\"\n                        msg = \"    at %s (%s)\"\n                        msg = msg % (meth, file)\n                        stacktrace.append(msg)\n                except TypeError:\n                    pass\n        if exception_class == UnexpectedAlertPresentException:\n            alert_text = None\n            if \"data\" in value:\n                alert_text = value[\"data\"].get(\"text\")\n            elif \"alert\" in value:\n                alert_text = value[\"alert\"].get(\"text\")\n            raise exception_class(message, screen, stacktrace, alert_text)  # type: ignore[call-arg]  # mypy is not smart enough here\n>       raise exception_class(message, screen, stacktrace)\nE       selenium.common.exceptions.NoSuchElementException: Message: no such element: Unable to locate element: {\"method\":\"xpath\",\"selector\":\"(//a[@class='add-to-cart yellow-btn'])[1]\"}\nE         (Session info: headless chrome=116.0.5845.96); For documentation on this error, please visit: https://www.selenium.dev/documentation/webdriver/troubleshooting/errors#no-such-element-exception\nE       Stacktrace:\nE       #0 0x558d50e74e23 <unknown>\nE       #1 0x558d50b9d7a7 <unknown>\nE       #2 0x558d50bdc1d3 <unknown>\nE       #3 0x558d50bdc2c1 <unknown>\nE       #4 0x558d50c17a04 <unknown>\nE       #5 0x558d50bfd03d <unknown>\nE       #6 0x558d50c15369 <unknown>\nE       #7 0x558d50bfcde3 <unknown>\nE       #8 0x558d50bd0a7b <unknown>\nE       #9 0x558d50bd181e <unknown>\nE       #10 0x558d50e36638 <unknown>\nE       #11 0x558d50e3a507 <unknown>\nE       #12 0x558d50e44c4c <unknown>\nE       #13 0x558d50e3b136 <unknown>\nE       #14 0x558d50e099cf <unknown>\nE       #15 0x558d50e5eb98 <unknown>\nE       #16 0x558d50e5ed68 <unknown>\nE       #17 0x558d50e6dcb3 <unknown>\nE       #18 0x7fe672aa2044 <unknown>\n\n/usr/local/lib/python3.11/site-packages/selenium/webdriver/remote/errorhandler.py:229: NoSuchElementException","flaky":false,"newFailed":false,"newBroken":false,"newPassed":false,"retriesCount":0,"retriesStatusChange":false,"beforeStages":[{"name":"_session_faker","time":{"start":1694196481128,"stop":1694196481209,"duration":81},"status":"passed","steps":[],"attachments":[],"parameters":[],"shouldDisplayMessage":false,"stepsCount":0,"attachmentsCount":0,"hasContent":false},{"name":"clear_allure_results_folder","time":{"start":1694196481209,"stop":1694196481209,"duration":0},"status":"passed","steps":[],"attachments":[],"parameters":[],"shouldDisplayMessage":false,"stepsCount":0,"attachmentsCount":0,"hasContent":false},{"name":"driver","time":{"start":1694196657349,"stop":1694196658153,"duration":804},"status":"passed","steps":[],"attachments":[],"parameters":[],"shouldDisplayMessage":false,"stepsCount":0,"attachmentsCount":0,"hasContent":false},{"name":"setup","time":{"start":1694196658153,"stop":1694196658153,"duration":0},"status":"passed","steps":[],"attachments":[],"parameters":[],"shouldDisplayMessage":false,"stepsCount":0,"attachmentsCount":0,"hasContent":false}],"testStage":{"status":"broken","statusMessage":"selenium.common.exceptions.NoSuchElementException: Message: no such element: Unable to locate element: {\"method\":\"xpath\",\"selector\":\"(//a[@class='add-to-cart yellow-btn'])[1]\"}\n  (Session info: headless chrome=116.0.5845.96); For documentation on this error, please visit: https://www.selenium.dev/documentation/webdriver/troubleshooting/errors#no-such-element-exception\nStacktrace:\n#0 0x558d50e74e23 <unknown>\n#1 0x558d50b9d7a7 <unknown>\n#2 0x558d50bdc1d3 <unknown>\n#3 0x558d50bdc2c1 <unknown>\n#4 0x558d50c17a04 <unknown>\n#5 0x558d50bfd03d <unknown>\n#6 0x558d50c15369 <unknown>\n#7 0x558d50bfcde3 <unknown>\n#8 0x558d50bd0a7b <unknown>\n#9 0x558d50bd181e <unknown>\n#10 0x558d50e36638 <unknown>\n#11 0x558d50e3a507 <unknown>\n#12 0x558d50e44c4c <unknown>\n#13 0x558d50e3b136 <unknown>\n#14 0x558d50e099cf <unknown>\n#15 0x558d50e5eb98 <unknown>\n#16 0x558d50e5ed68 <unknown>\n#17 0x558d50e6dcb3 <unknown>\n#18 0x7fe672aa2044 <unknown>","statusTrace":"self = <tests.delivery.test_delivery_calculation.TestDeliveryPageCalculation object at 0x7f1426ef8f50>\ndriver = <selenium.webdriver.chrome.webdriver.WebDriver (session=\"1b4edbccf54cf379eb0f6a99265500bf\")>\nurl = 'https://sandboxtest.stroyrem-nn.ru/', case_id = 'TD 022'\nlink_item = 'products/shtukaturka-gipsovaya-aksolit-m50-30-kg-mashinnogo-naneseniya'\namount = 166, weight = 5000, standard = 2800, in_time = 5490, all_time = 5980\n\n    @pytest.mark.parametrize('case_id, link_item, amount, weight, standard, in_time, all_time', [\n        (\"TD 015\", bundeks_25, 1, 30, 650, 2390, 3320),\n        pytest.param(\n            \"TD 016\", aksolit_30, 8, 300, 650, 2390, 3320,\n            marks=pytest.mark.xfail(reson=\"Цена доставки: - - -\")\n        ),\n        (\"TD 017\", aksolit_30, 13, 400, 650, 2390, 3320),\n        (\"TD 018\", aksolit_30, 16, 500, 850, 2490, 3320),\n        (\"TD 019\", aksolit_30, 25, 1700, 1150, 2490, 3320),\n        (\"TD 020\", aksolit_30, 66, 2000, 1500, 2990, 3650),\n        (\"TD 021\", aksolit_30, 149, 4500, 2600, 4380, 4890),\n        (\"TD 022\", aksolit_30, 166, 5000, 2800, 5490, 5980),\n        pytest.param(\n            \"TD 023\", aksolit_30, 206, 6200, 3300, 7500, 8000,\n            marks=pytest.mark.xfail(reson=\"Цена доставки: 4300 9900 11440\")\n        ),\n        (\"TD 024\", aksolit_30, 299, 9000, 4300, 9900, 11440),\n        (\"TD 025\", aksolit_30, 333, 10000, 7000, 13900, 15900),\n        pytest.param(\n            \"TD 026\", aksolit_30, 366, 11000, 8000, 14900, 19900,\n            marks=pytest.mark.xfail(reson=\"Цена доставки: 7000 13900 15900\")\n        ),\n        pytest.param(\n            \"TD 027\", aksolit_30, 666, 20000, 14000, 16900, 23900,\n            marks=pytest.mark.xfail(reson=\"Цена доставки: 7000 13900 15900\")\n        )\n    ])\n    @pytest.mark.smoke\n    def test_positive_delivery_blue_zone_smoke(\n            self, driver, url, case_id, link_item, amount, weight, standard, in_time, all_time\n    ):\n        allure.dynamic.title(f\"{case_id} Доставка товара весом до {weight}кг. в синей зоне\")\n    \n        driver.get(f'{url}{link_item}')\n        item_page = ItemPage(driver)\n>       item_page.add_item_to_cart(amount).click_on_cart()\n\ntests/delivery/test_delivery_calculation.py:130: \n_ _ _ _ _ _ _ _ _ _ _ _ _ _ _ _ _ _ _ _ _ _ _ _ _ _ _ _ _ _ _ _ _ _ _ _ _ _ _ _ \npages/item_page.py:40: in add_item_to_cart\n    self.find_element(self._add_item).click()\nbase/seleniumbase.py:17: in find_element\n    return self.driver.find_element(*locator)\n/usr/local/lib/python3.11/site-packages/selenium/webdriver/remote/webdriver.py:738: in find_element\n    return self.execute(Command.FIND_ELEMENT, {\"using\": by, \"value\": value})[\"value\"]\n/usr/local/lib/python3.11/site-packages/selenium/webdriver/remote/webdriver.py:344: in execute\n    self.error_handler.check_response(response)\n_ _ _ _ _ _ _ _ _ _ _ _ _ _ _ _ _ _ _ _ _ _ _ _ _ _ _ _ _ _ _ _ _ _ _ _ _ _ _ _ \n\nself = <selenium.webdriver.remote.errorhandler.ErrorHandler object at 0x7f1427367490>\nresponse = {'status': 404, 'value': '{\"value\":{\"error\":\"no such element\",\"message\":\"no such element: Unable to locate element: {\\...\\\\n#16 0x558d50e5ed68 \\\\u003Cunknown>\\\\n#17 0x558d50e6dcb3 \\\\u003Cunknown>\\\\n#18 0x7fe672aa2044 \\\\u003Cunknown>\\\\n\"}}'}\n\n    def check_response(self, response: Dict[str, Any]) -> None:\n        \"\"\"Checks that a JSON response from the WebDriver does not have an\n        error.\n    \n        :Args:\n         - response - The JSON response from the WebDriver server as a dictionary\n           object.\n    \n        :Raises: If the response contains an error message.\n        \"\"\"\n        status = response.get(\"status\", None)\n        if not status or status == ErrorCode.SUCCESS:\n            return\n        value = None\n        message = response.get(\"message\", \"\")\n        screen: str = response.get(\"screen\", \"\")\n        stacktrace = None\n        if isinstance(status, int):\n            value_json = response.get(\"value\", None)\n            if value_json and isinstance(value_json, str):\n                import json\n    \n                try:\n                    value = json.loads(value_json)\n                    if len(value) == 1:\n                        value = value[\"value\"]\n                    status = value.get(\"error\", None)\n                    if not status:\n                        status = value.get(\"status\", ErrorCode.UNKNOWN_ERROR)\n                        message = value.get(\"value\") or value.get(\"message\")\n                        if not isinstance(message, str):\n                            value = message\n                            message = message.get(\"message\")\n                    else:\n                        message = value.get(\"message\", None)\n                except ValueError:\n                    pass\n    \n        exception_class: Type[WebDriverException]\n        e = ErrorCode()\n        error_codes = [item for item in dir(e) if not item.startswith(\"__\")]\n        for error_code in error_codes:\n            error_info = getattr(ErrorCode, error_code)\n            if isinstance(error_info, list) and status in error_info:\n                exception_class = getattr(ExceptionMapping, error_code, WebDriverException)\n                break\n        else:\n            exception_class = WebDriverException\n    \n        if not value:\n            value = response[\"value\"]\n        if isinstance(value, str):\n            raise exception_class(value)\n        if message == \"\" and \"message\" in value:\n            message = value[\"message\"]\n    \n        screen = None  # type: ignore[assignment]\n        if \"screen\" in value:\n            screen = value[\"screen\"]\n    \n        stacktrace = None\n        st_value = value.get(\"stackTrace\") or value.get(\"stacktrace\")\n        if st_value:\n            if isinstance(st_value, str):\n                stacktrace = st_value.split(\"\\n\")\n            else:\n                stacktrace = []\n                try:\n                    for frame in st_value:\n                        line = frame.get(\"lineNumber\", \"\")\n                        file = frame.get(\"fileName\", \"<anonymous>\")\n                        if line:\n                            file = f\"{file}:{line}\"\n                        meth = frame.get(\"methodName\", \"<anonymous>\")\n                        if \"className\" in frame:\n                            meth = f\"{frame['className']}.{meth}\"\n                        msg = \"    at %s (%s)\"\n                        msg = msg % (meth, file)\n                        stacktrace.append(msg)\n                except TypeError:\n                    pass\n        if exception_class == UnexpectedAlertPresentException:\n            alert_text = None\n            if \"data\" in value:\n                alert_text = value[\"data\"].get(\"text\")\n            elif \"alert\" in value:\n                alert_text = value[\"alert\"].get(\"text\")\n            raise exception_class(message, screen, stacktrace, alert_text)  # type: ignore[call-arg]  # mypy is not smart enough here\n>       raise exception_class(message, screen, stacktrace)\nE       selenium.common.exceptions.NoSuchElementException: Message: no such element: Unable to locate element: {\"method\":\"xpath\",\"selector\":\"(//a[@class='add-to-cart yellow-btn'])[1]\"}\nE         (Session info: headless chrome=116.0.5845.96); For documentation on this error, please visit: https://www.selenium.dev/documentation/webdriver/troubleshooting/errors#no-such-element-exception\nE       Stacktrace:\nE       #0 0x558d50e74e23 <unknown>\nE       #1 0x558d50b9d7a7 <unknown>\nE       #2 0x558d50bdc1d3 <unknown>\nE       #3 0x558d50bdc2c1 <unknown>\nE       #4 0x558d50c17a04 <unknown>\nE       #5 0x558d50bfd03d <unknown>\nE       #6 0x558d50c15369 <unknown>\nE       #7 0x558d50bfcde3 <unknown>\nE       #8 0x558d50bd0a7b <unknown>\nE       #9 0x558d50bd181e <unknown>\nE       #10 0x558d50e36638 <unknown>\nE       #11 0x558d50e3a507 <unknown>\nE       #12 0x558d50e44c4c <unknown>\nE       #13 0x558d50e3b136 <unknown>\nE       #14 0x558d50e099cf <unknown>\nE       #15 0x558d50e5eb98 <unknown>\nE       #16 0x558d50e5ed68 <unknown>\nE       #17 0x558d50e6dcb3 <unknown>\nE       #18 0x7fe672aa2044 <unknown>\n\n/usr/local/lib/python3.11/site-packages/selenium/webdriver/remote/errorhandler.py:229: NoSuchElementException","steps":[{"name":"Добавляем товар в корзину в количестве 166","time":{"start":1694196658550,"stop":1694196658568,"duration":18},"status":"broken","statusMessage":"selenium.common.exceptions.NoSuchElementException: Message: no such element: Unable to locate element: {\"method\":\"xpath\",\"selector\":\"(//a[@class='add-to-cart yellow-btn'])[1]\"}\n  (Session info: headless chrome=116.0.5845.96); For documentation on this error, please visit: https://www.selenium.dev/documentation/webdriver/troubleshooting/errors#no-such-element-exception\nStacktrace:\n#0 0x558d50e74e23 <unknown>\n#1 0x558d50b9d7a7 <unknown>\n#2 0x558d50bdc1d3 <unknown>\n#3 0x558d50bdc2c1 <unknown>\n#4 0x558d50c17a04 <unknown>\n#5 0x558d50bfd03d <unknown>\n#6 0x558d50c15369 <unknown>\n#7 0x558d50bfcde3 <unknown>\n#8 0x558d50bd0a7b <unknown>\n#9 0x558d50bd181e <unknown>\n#10 0x558d50e36638 <unknown>\n#11 0x558d50e3a507 <unknown>\n#12 0x558d50e44c4c <unknown>\n#13 0x558d50e3b136 <unknown>\n#14 0x558d50e099cf <unknown>\n#15 0x558d50e5eb98 <unknown>\n#16 0x558d50e5ed68 <unknown>\n#17 0x558d50e6dcb3 <unknown>\n#18 0x7fe672aa2044 <unknown>\n\n","statusTrace":"  File \"/usr/local/lib/python3.11/site-packages/allure_commons/_allure.py\", line 192, in impl\n    return func(*a, **kw)\n           ^^^^^^^^^^^^^^\n  File \"/app/pages/item_page.py\", line 40, in add_item_to_cart\n    self.find_element(self._add_item).click()\n    ^^^^^^^^^^^^^^^^^^^^^^^^^^^^^^^^^\n  File \"/app/base/seleniumbase.py\", line 17, in find_element\n    return self.driver.find_element(*locator)\n           ^^^^^^^^^^^^^^^^^^^^^^^^^^^^^^^^^^\n  File \"/usr/local/lib/python3.11/site-packages/selenium/webdriver/remote/webdriver.py\", line 738, in find_element\n    return self.execute(Command.FIND_ELEMENT, {\"using\": by, \"value\": value})[\"value\"]\n           ^^^^^^^^^^^^^^^^^^^^^^^^^^^^^^^^^^^^^^^^^^^^^^^^^^^^^^^^^^^^^^^^^\n  File \"/usr/local/lib/python3.11/site-packages/selenium/webdriver/remote/webdriver.py\", line 344, in execute\n    self.error_handler.check_response(response)\n  File \"/usr/local/lib/python3.11/site-packages/selenium/webdriver/remote/errorhandler.py\", line 229, in check_response\n    raise exception_class(message, screen, stacktrace)\n","steps":[],"attachments":[],"parameters":[{"name":"amount","value":"166"}],"shouldDisplayMessage":true,"stepsCount":0,"attachmentsCount":0,"hasContent":true}],"attachments":[{"uid":"862860c4ccf254a7","name":"Screenshot","source":"862860c4ccf254a7.png","type":"image/png","size":39917},{"uid":"4fadd9b4ab6786ac","name":"HTML source","source":"4fadd9b4ab6786ac.html","type":"text/html","size":544}],"parameters":[],"shouldDisplayMessage":true,"stepsCount":1,"attachmentsCount":2,"hasContent":true},"afterStages":[{"name":"setup::0","time":{"start":1694196658693,"stop":1694196658694,"duration":1},"status":"passed","steps":[],"attachments":[],"parameters":[],"shouldDisplayMessage":false,"stepsCount":0,"attachmentsCount":0,"hasContent":false},{"name":"driver::0","time":{"start":1694196658694,"stop":1694196658750,"duration":56},"status":"passed","steps":[],"attachments":[],"parameters":[],"shouldDisplayMessage":false,"stepsCount":0,"attachmentsCount":0,"hasContent":false}],"labels":[{"name":"epic","value":"Delivery Page - calculation"},{"name":"tag","value":"smoke"},{"name":"parentSuite","value":"tests.delivery"},{"name":"suite","value":"test_delivery_calculation"},{"name":"subSuite","value":"TestDeliveryPageCalculation"},{"name":"host","value":"46ec21ef0b75"},{"name":"thread","value":"9-MainThread"},{"name":"framework","value":"pytest"},{"name":"language","value":"cpython3"},{"name":"package","value":"tests.delivery.test_delivery_calculation"},{"name":"resultFormat","value":"allure2"}],"parameters":[{"name":"all_time","value":"5980"},{"name":"amount","value":"166"},{"name":"case_id","value":"'TD 022'"},{"name":"in_time","value":"5490"},{"name":"link_item","value":"'products/shtukaturka-gipsovaya-aksolit-m50-30-kg-mashinnogo-naneseniya'"},{"name":"standard","value":"2800"},{"name":"url","value":"'https://sandboxtest.stroyrem-nn.ru/'"},{"name":"weight","value":"5000"}],"links":[],"hidden":false,"retry":false,"extra":{"severity":"normal","retries":[],"categories":[{"name":"Test defects","matchedStatuses":[],"flaky":false}],"history":{"statistic":{"failed":0,"broken":13,"skipped":2,"passed":0,"unknown":0,"total":15},"items":[{"uid":"1d0113444c0d644d","reportUrl":"https://Nat754.github.io/StroyremAutomation/53//#testresult/1d0113444c0d644d","status":"skipped","statusDetails":"XFAIL\n\nselenium.common.exceptions.NoSuchElementException: Message: no such element: Unable to locate element: {\"method\":\"xpath\",\"selector\":\"(//a[@class='add-to-cart yellow-btn'])[1]\"}\n  (Session info: headless chrome=116.0.5845.96); For documentation on this error, please visit: https://www.selenium.dev/documentation/webdriver/troubleshooting/errors#no-such-element-exception\nStacktrace:\n#0 0x55c09755ee23 <unknown>\n#1 0x55c0972877a7 <unknown>\n#2 0x55c0972c61d3 <unknown>\n#3 0x55c0972c62c1 <unknown>\n#4 0x55c097301a04 <unknown>\n#5 0x55c0972e703d <unknown>\n#6 0x55c0972ff369 <unknown>\n#7 0x55c0972e6de3 <unknown>\n#8 0x55c0972baa7b <unknown>\n#9 0x55c0972bb81e <unknown>\n#10 0x55c097520638 <unknown>\n#11 0x55c097524507 <unknown>\n#12 0x55c09752ec4c <unknown>\n#13 0x55c097525136 <unknown>\n#14 0x55c0974f39cf <unknown>\n#15 0x55c097548b98 <unknown>\n#16 0x55c097548d68 <unknown>\n#17 0x55c097557cb3 <unknown>\n#18 0x7fb450ef8044 <unknown>","time":{"start":1694207120454,"stop":1694207121001,"duration":547}},{"uid":"a2fed182e9a3d6a5","reportUrl":"https://Nat754.github.io/StroyremAutomation/53//#testresult/a2fed182e9a3d6a5","status":"skipped","statusDetails":"XFAIL\n\nselenium.common.exceptions.NoSuchElementException: Message: no such element: Unable to locate element: {\"method\":\"xpath\",\"selector\":\"(//a[@class='add-to-cart yellow-btn'])[1]\"}\n  (Session info: headless chrome=116.0.5845.96); For documentation on this error, please visit: https://www.selenium.dev/documentation/webdriver/troubleshooting/errors#no-such-element-exception\nStacktrace:\n#0 0x5632cc371e23 <unknown>\n#1 0x5632cc09a7a7 <unknown>\n#2 0x5632cc0d91d3 <unknown>\n#3 0x5632cc0d92c1 <unknown>\n#4 0x5632cc114a04 <unknown>\n#5 0x5632cc0fa03d <unknown>\n#6 0x5632cc112369 <unknown>\n#7 0x5632cc0f9de3 <unknown>\n#8 0x5632cc0cda7b <unknown>\n#9 0x5632cc0ce81e <unknown>\n#10 0x5632cc333638 <unknown>\n#11 0x5632cc337507 <unknown>\n#12 0x5632cc341c4c <unknown>\n#13 0x5632cc338136 <unknown>\n#14 0x5632cc3069cf <unknown>\n#15 0x5632cc35bb98 <unknown>\n#16 0x5632cc35bd68 <unknown>\n#17 0x5632cc36acb3 <unknown>\n#18 0x7f5155565044 <unknown>","time":{"start":1694198956335,"stop":1694198956862,"duration":527}},{"uid":"c28a524f535cafd6","reportUrl":"https://Nat754.github.io/StroyremAutomation/4//#testresult/c28a524f535cafd6","status":"broken","statusDetails":"selenium.common.exceptions.NoSuchElementException: Message: no such element: Unable to locate element: {\"method\":\"xpath\",\"selector\":\"(//a[@class='add-to-cart yellow-btn'])[1]\"}\n  (Session info: headless chrome=116.0.5845.96); For documentation on this error, please visit: https://www.selenium.dev/documentation/webdriver/troubleshooting/errors#no-such-element-exception\nStacktrace:\n#0 0x55c5a51f9e23 <unknown>\n#1 0x55c5a4f227a7 <unknown>\n#2 0x55c5a4f611d3 <unknown>\n#3 0x55c5a4f612c1 <unknown>\n#4 0x55c5a4f9ca04 <unknown>\n#5 0x55c5a4f8203d <unknown>\n#6 0x55c5a4f9a369 <unknown>\n#7 0x55c5a4f81de3 <unknown>\n#8 0x55c5a4f55a7b <unknown>\n#9 0x55c5a4f5681e <unknown>\n#10 0x55c5a51bb638 <unknown>\n#11 0x55c5a51bf507 <unknown>\n#12 0x55c5a51c9c4c <unknown>\n#13 0x55c5a51c0136 <unknown>\n#14 0x55c5a518e9cf <unknown>\n#15 0x55c5a51e3b98 <unknown>\n#16 0x55c5a51e3d68 <unknown>\n#17 0x55c5a51f2cb3 <unknown>\n#18 0x7fe0733ee044 <unknown>","time":{"start":1694183592206,"stop":1694183592621,"duration":415}},{"uid":"a1b4c16e0a860dfe","reportUrl":"https://Nat754.github.io/StroyremAutomation/52//#testresult/a1b4c16e0a860dfe","status":"broken","statusDetails":"selenium.common.exceptions.NoSuchElementException: Message: no such element: Unable to locate element: {\"method\":\"xpath\",\"selector\":\"(//a[@class='add-to-cart yellow-btn'])[1]\"}\n  (Session info: headless chrome=116.0.5845.96); For documentation on this error, please visit: https://www.selenium.dev/documentation/webdriver/troubleshooting/errors#no-such-element-exception\nStacktrace:\n#0 0x55b18cad8e23 <unknown>\n#1 0x55b18c8017a7 <unknown>\n#2 0x55b18c8401d3 <unknown>\n#3 0x55b18c8402c1 <unknown>\n#4 0x55b18c87ba04 <unknown>\n#5 0x55b18c86103d <unknown>\n#6 0x55b18c879369 <unknown>\n#7 0x55b18c860de3 <unknown>\n#8 0x55b18c834a7b <unknown>\n#9 0x55b18c83581e <unknown>\n#10 0x55b18ca9a638 <unknown>\n#11 0x55b18ca9e507 <unknown>\n#12 0x55b18caa8c4c <unknown>\n#13 0x55b18ca9f136 <unknown>\n#14 0x55b18ca6d9cf <unknown>\n#15 0x55b18cac2b98 <unknown>\n#16 0x55b18cac2d68 <unknown>\n#17 0x55b18cad1cb3 <unknown>\n#18 0x7fe137121044 <unknown>","time":{"start":1694134650082,"stop":1694134650575,"duration":493}},{"uid":"28841523448a3922","reportUrl":"https://Nat754.github.io/StroyremAutomation/51//#testresult/28841523448a3922","status":"broken","statusDetails":"selenium.common.exceptions.NoSuchElementException: Message: no such element: Unable to locate element: {\"method\":\"xpath\",\"selector\":\"(//a[@class='add-to-cart yellow-btn'])[1]\"}\n  (Session info: headless chrome=116.0.5845.96); For documentation on this error, please visit: https://www.selenium.dev/documentation/webdriver/troubleshooting/errors#no-such-element-exception\nStacktrace:\n#0 0x55bfbcabbe23 <unknown>\n#1 0x55bfbc7e47a7 <unknown>\n#2 0x55bfbc8231d3 <unknown>\n#3 0x55bfbc8232c1 <unknown>\n#4 0x55bfbc85ea04 <unknown>\n#5 0x55bfbc84403d <unknown>\n#6 0x55bfbc85c369 <unknown>\n#7 0x55bfbc843de3 <unknown>\n#8 0x55bfbc817a7b <unknown>\n#9 0x55bfbc81881e <unknown>\n#10 0x55bfbca7d638 <unknown>\n#11 0x55bfbca81507 <unknown>\n#12 0x55bfbca8bc4c <unknown>\n#13 0x55bfbca82136 <unknown>\n#14 0x55bfbca509cf <unknown>\n#15 0x55bfbcaa5b98 <unknown>\n#16 0x55bfbcaa5d68 <unknown>\n#17 0x55bfbcab4cb3 <unknown>\n#18 0x7f9e0a26a044 <unknown>","time":{"start":1694048095481,"stop":1694048095936,"duration":455}},{"uid":"cd00ed1c29f60cb3","reportUrl":"https://Nat754.github.io/StroyremAutomation/50//#testresult/cd00ed1c29f60cb3","status":"broken","statusDetails":"selenium.common.exceptions.ElementNotInteractableException: Message: element not interactable\n  (Session info: headless chrome=116.0.5845.96)\nStacktrace:\n#0 0x55b0a2200e23 <unknown>\n#1 0x55b0a1f295f6 <unknown>\n#2 0x55b0a1f5fc5d <unknown>\n#3 0x55b0a1f89012 <unknown>\n#4 0x55b0a1f5dfb6 <unknown>\n#5 0x55b0a1f891de <unknown>\n#6 0x55b0a1fa1369 <unknown>\n#7 0x55b0a1f88de3 <unknown>\n#8 0x55b0a1f5ca7b <unknown>\n#9 0x55b0a1f5d81e <unknown>\n#10 0x55b0a21c2638 <unknown>\n#11 0x55b0a21c6507 <unknown>\n#12 0x55b0a21d0c4c <unknown>\n#13 0x55b0a21c7136 <unknown>\n#14 0x55b0a21959cf <unknown>\n#15 0x55b0a21eab98 <unknown>\n#16 0x55b0a21ead68 <unknown>\n#17 0x55b0a21f9cb3 <unknown>\n#18 0x7f9e2d001044 <unknown>","time":{"start":1693962030024,"stop":1693962036048,"duration":6024}},{"uid":"812d1b24d4ed651f","reportUrl":"https://Nat754.github.io/StroyremAutomation/49//#testresult/812d1b24d4ed651f","status":"broken","statusDetails":"selenium.common.exceptions.NoSuchElementException: Message: no such element: Unable to locate element: {\"method\":\"xpath\",\"selector\":\"(//a[@class='add-to-cart yellow-btn'])[1]\"}\n  (Session info: headless chrome=116.0.5845.96); For documentation on this error, please visit: https://www.selenium.dev/documentation/webdriver/troubleshooting/errors#no-such-element-exception\nStacktrace:\n#0 0x557a79f28e23 <unknown>\n#1 0x557a79c517a7 <unknown>\n#2 0x557a79c901d3 <unknown>\n#3 0x557a79c902c1 <unknown>\n#4 0x557a79ccba04 <unknown>\n#5 0x557a79cb103d <unknown>\n#6 0x557a79cc9369 <unknown>\n#7 0x557a79cb0de3 <unknown>\n#8 0x557a79c84a7b <unknown>\n#9 0x557a79c8581e <unknown>\n#10 0x557a79eea638 <unknown>\n#11 0x557a79eee507 <unknown>\n#12 0x557a79ef8c4c <unknown>\n#13 0x557a79eef136 <unknown>\n#14 0x557a79ebd9cf <unknown>\n#15 0x557a79f12b98 <unknown>\n#16 0x557a79f12d68 <unknown>\n#17 0x557a79f21cb3 <unknown>\n#18 0x7f9f6e4ef044 <unknown>","time":{"start":1693875262218,"stop":1693875262682,"duration":464}},{"uid":"12dac97cb3bc1cf0","reportUrl":"https://Nat754.github.io/StroyremAutomation/48//#testresult/12dac97cb3bc1cf0","status":"broken","statusDetails":"selenium.common.exceptions.ElementNotInteractableException: Message: element not interactable\n  (Session info: headless chrome=116.0.5845.96)\nStacktrace:\n#0 0x56124f7bae23 <unknown>\n#1 0x56124f4e35f6 <unknown>\n#2 0x56124f519c5d <unknown>\n#3 0x56124f543012 <unknown>\n#4 0x56124f517fb6 <unknown>\n#5 0x56124f5431de <unknown>\n#6 0x56124f55b369 <unknown>\n#7 0x56124f542de3 <unknown>\n#8 0x56124f516a7b <unknown>\n#9 0x56124f51781e <unknown>\n#10 0x56124f77c638 <unknown>\n#11 0x56124f780507 <unknown>\n#12 0x56124f78ac4c <unknown>\n#13 0x56124f781136 <unknown>\n#14 0x56124f74f9cf <unknown>\n#15 0x56124f7a4b98 <unknown>\n#16 0x56124f7a4d68 <unknown>\n#17 0x56124f7b3cb3 <unknown>\n#18 0x7f425040e044 <unknown>","time":{"start":1693789219265,"stop":1693789225264,"duration":5999}},{"uid":"564b4ae9190ece7a","reportUrl":"https://Nat754.github.io/StroyremAutomation/3//#testresult/564b4ae9190ece7a","status":"broken","statusDetails":"selenium.common.exceptions.ElementNotInteractableException: Message: element not interactable\n  (Session info: headless chrome=116.0.5845.96)\nStacktrace:\n#0 0x5626e4529e23 <unknown>\n#1 0x5626e42525f6 <unknown>\n#2 0x5626e4288c5d <unknown>\n#3 0x5626e42b2012 <unknown>\n#4 0x5626e4286fb6 <unknown>\n#5 0x5626e42b21de <unknown>\n#6 0x5626e42ca369 <unknown>\n#7 0x5626e42b1de3 <unknown>\n#8 0x5626e4285a7b <unknown>\n#9 0x5626e428681e <unknown>\n#10 0x5626e44eb638 <unknown>\n#11 0x5626e44ef507 <unknown>\n#12 0x5626e44f9c4c <unknown>\n#13 0x5626e44f0136 <unknown>\n#14 0x5626e44be9cf <unknown>\n#15 0x5626e4513b98 <unknown>\n#16 0x5626e4513d68 <unknown>\n#17 0x5626e4522cb3 <unknown>\n#18 0x7fda1a464044 <unknown>","time":{"start":1693730223172,"stop":1693730227662,"duration":4490}},{"uid":"4e717bd27238ce08","reportUrl":"https://Nat754.github.io/StroyremAutomation/47//#testresult/4e717bd27238ce08","status":"broken","statusDetails":"selenium.common.exceptions.ElementNotInteractableException: Message: element not interactable\n  (Session info: headless chrome=116.0.5845.96)\nStacktrace:\n#0 0x56221157de23 <unknown>\n#1 0x5622112a65f6 <unknown>\n#2 0x5622112dcc5d <unknown>\n#3 0x562211306012 <unknown>\n#4 0x5622112dafb6 <unknown>\n#5 0x5622113061de <unknown>\n#6 0x56221131e369 <unknown>\n#7 0x562211305de3 <unknown>\n#8 0x5622112d9a7b <unknown>\n#9 0x5622112da81e <unknown>\n#10 0x56221153f638 <unknown>\n#11 0x562211543507 <unknown>\n#12 0x56221154dc4c <unknown>\n#13 0x562211544136 <unknown>\n#14 0x5622115129cf <unknown>\n#15 0x562211567b98 <unknown>\n#16 0x562211567d68 <unknown>\n#17 0x562211576cb3 <unknown>\n#18 0x7f3ae8d2a044 <unknown>","time":{"start":1693730717318,"stop":1693730723808,"duration":6490}},{"uid":"5378038e617786cf","reportUrl":"https://Nat754.github.io/StroyremAutomation/47//#testresult/5378038e617786cf","status":"broken","statusDetails":"selenium.common.exceptions.ElementNotInteractableException: Message: element not interactable\n  (Session info: headless chrome=116.0.5845.96)\nStacktrace:\n#0 0x55b7df136e23 <unknown>\n#1 0x55b7dee5f5f6 <unknown>\n#2 0x55b7dee95c5d <unknown>\n#3 0x55b7deebf012 <unknown>\n#4 0x55b7dee93fb6 <unknown>\n#5 0x55b7deebf1de <unknown>\n#6 0x55b7deed7369 <unknown>\n#7 0x55b7deebede3 <unknown>\n#8 0x55b7dee92a7b <unknown>\n#9 0x55b7dee9381e <unknown>\n#10 0x55b7df0f8638 <unknown>\n#11 0x55b7df0fc507 <unknown>\n#12 0x55b7df106c4c <unknown>\n#13 0x55b7df0fd136 <unknown>\n#14 0x55b7df0cb9cf <unknown>\n#15 0x55b7df120b98 <unknown>\n#16 0x55b7df120d68 <unknown>\n#17 0x55b7df12fcb3 <unknown>\n#18 0x7f3063e12044 <unknown>","time":{"start":1693703026064,"stop":1693703032627,"duration":6563}},{"uid":"a9d3a7af2356b066","reportUrl":"https://Nat754.github.io/StroyremAutomation/46//#testresult/a9d3a7af2356b066","status":"broken","statusDetails":"selenium.common.exceptions.WebDriverException: Message: unknown error: net::ERR_CONNECTION_REFUSED\n  (Session info: headless chrome=116.0.5845.96)\nStacktrace:\n#0 0x55579f4bce23 <unknown>\n#1 0x55579f1e57a7 <unknown>\n#2 0x55579f1dd829 <unknown>\n#3 0x55579f1cd2c2 <unknown>\n#4 0x55579f1ce9fb <unknown>\n#5 0x55579f1cd69d <unknown>\n#6 0x55579f1cc65c <unknown>\n#7 0x55579f1cc5ce <unknown>\n#8 0x55579f1cb28a <unknown>\n#9 0x55579f1cb6da <unknown>\n#10 0x55579f1e7630 <unknown>\n#11 0x55579f25db15 <unknown>\n#12 0x55579f245012 <unknown>\n#13 0x55579f25d369 <unknown>\n#14 0x55579f244de3 <unknown>\n#15 0x55579f218a7b <unknown>\n#16 0x55579f21981e <unknown>\n#17 0x55579f47e638 <unknown>\n#18 0x55579f482507 <unknown>\n#19 0x55579f48cc4c <unknown>\n#20 0x55579f483136 <unknown>\n#21 0x55579f4519cf <unknown>\n#22 0x55579f4a6b98 <unknown>\n#23 0x55579f4a6d68 <unknown>\n#24 0x55579f4b5cb3 <unknown>\n#25 0x7f4714d0b044 <unknown>","time":{"start":1693616215891,"stop":1693616216145,"duration":254}},{"uid":"39952f21d0ba73c3","reportUrl":"https://Nat754.github.io/StroyremAutomation/45//#testresult/39952f21d0ba73c3","status":"broken","statusDetails":"selenium.common.exceptions.WebDriverException: Message: unknown error: net::ERR_CONNECTION_REFUSED\n  (Session info: headless chrome=116.0.5845.96)\nStacktrace:\n#0 0x55f2a5efce23 <unknown>\n#1 0x55f2a5c257a7 <unknown>\n#2 0x55f2a5c1d829 <unknown>\n#3 0x55f2a5c0d2c2 <unknown>\n#4 0x55f2a5c0e9fb <unknown>\n#5 0x55f2a5c0d69d <unknown>\n#6 0x55f2a5c0c65c <unknown>\n#7 0x55f2a5c0c5ce <unknown>\n#8 0x55f2a5c0b28a <unknown>\n#9 0x55f2a5c0b6da <unknown>\n#10 0x55f2a5c27630 <unknown>\n#11 0x55f2a5c9db15 <unknown>\n#12 0x55f2a5c85012 <unknown>\n#13 0x55f2a5c9d369 <unknown>\n#14 0x55f2a5c84de3 <unknown>\n#15 0x55f2a5c58a7b <unknown>\n#16 0x55f2a5c5981e <unknown>\n#17 0x55f2a5ebe638 <unknown>\n#18 0x55f2a5ec2507 <unknown>\n#19 0x55f2a5eccc4c <unknown>\n#20 0x55f2a5ec3136 <unknown>\n#21 0x55f2a5e919cf <unknown>\n#22 0x55f2a5ee6b98 <unknown>\n#23 0x55f2a5ee6d68 <unknown>\n#24 0x55f2a5ef5cb3 <unknown>\n#25 0x7f0c56d7d044 <unknown>","time":{"start":1693530139628,"stop":1693530139864,"duration":236}},{"uid":"d9938486747ba7f6","reportUrl":"https://Nat754.github.io/StroyremAutomation/2//#testresult/d9938486747ba7f6","status":"broken","statusDetails":"selenium.common.exceptions.NoSuchElementException: Message: no such element: Unable to locate element: {\"method\":\"xpath\",\"selector\":\"(//a[@class='add-to-cart yellow-btn'])[1]\"}\n  (Session info: headless chrome=116.0.5845.96); For documentation on this error, please visit: https://www.selenium.dev/documentation/webdriver/troubleshooting/errors#no-such-element-exception\nStacktrace:\n#0 0x562aeb04ae23 <unknown>\n#1 0x562aead737a7 <unknown>\n#2 0x562aeadb21d3 <unknown>\n#3 0x562aeadb22c1 <unknown>\n#4 0x562aeadeda04 <unknown>\n#5 0x562aeadd303d <unknown>\n#6 0x562aeadeb369 <unknown>\n#7 0x562aeadd2de3 <unknown>\n#8 0x562aeada6a7b <unknown>\n#9 0x562aeada781e <unknown>\n#10 0x562aeb00c638 <unknown>\n#11 0x562aeb010507 <unknown>\n#12 0x562aeb01ac4c <unknown>\n#13 0x562aeb011136 <unknown>\n#14 0x562aeafdf9cf <unknown>\n#15 0x562aeb034b98 <unknown>\n#16 0x562aeb034d68 <unknown>\n#17 0x562aeb043cb3 <unknown>\n#18 0x7fb12e75d044 <unknown>","time":{"start":1693476189606,"stop":1693476190222,"duration":616}}]},"tags":["smoke"]},"source":"214f470bcb34e084.json","parameterValues":["5980","166","'TD 022'","5490","'products/shtukaturka-gipsovaya-aksolit-m50-30-kg-mashinnogo-naneseniya'","2800","'https://sandboxtest.stroyrem-nn.ru/'","5000"]}