{"uid":"bdcd2e0df408d15e","name":"test_positive_delivery_green_zone_smoke[TD 007-products/shtukaturka-gipsovaya-aksolit-m50-30-kg-mashinnogo-naneseniya-66-2000-1300-2490-2980-https://sandboxtest.stroyrem-nn.ru/]","fullName":"tests.delivery.test_delivery_calculation.TestDeliveryPageCalculation#test_positive_delivery_green_zone_smoke","historyId":"01706720b82fe343c373f6b78a174407","time":{"start":1707180722267,"stop":1707180722708,"duration":441},"status":"skipped","statusMessage":"XFAIL\n\nselenium.common.exceptions.NoSuchElementException: Message: no such element: Unable to locate element: {\"method\":\"xpath\",\"selector\":\"(//a[@class='add-to-cart yellow-btn'])[1]\"}\n  (Session info: chrome-headless-shell=121.0.6167.85); For documentation on this error, please visit: https://www.selenium.dev/documentation/webdriver/troubleshooting/errors#no-such-element-exception\nStacktrace:\n#0 0x5580a533cd93 <unknown>\n#1 0x5580a5020337 <unknown>\n#2 0x5580a506bd60 <unknown>\n#3 0x5580a506be51 <unknown>\n#4 0x5580a50afbc4 <unknown>\n#5 0x5580a508e46d <unknown>\n#6 0x5580a50ad12d <unknown>\n#7 0x5580a508e1e3 <unknown>\n#8 0x5580a505e135 <unknown>\n#9 0x5580a505f13e <unknown>\n#10 0x5580a5300e4b <unknown>\n#11 0x5580a5304dfa <unknown>\n#12 0x5580a52ed6d5 <unknown>\n#13 0x5580a5305a6f <unknown>\n#14 0x5580a52d169f <unknown>\n#15 0x5580a532a098 <unknown>\n#16 0x5580a532a262 <unknown>\n#17 0x5580a533bf34 <unknown>\n#18 0x7fecbc7de134 <unknown>","statusTrace":"self = <tests.delivery.test_delivery_calculation.TestDeliveryPageCalculation object at 0x7f9a1a7c2b50>\ndriver = <selenium.webdriver.chrome.webdriver.WebDriver (session=\"1f67f4e45ffb9ee2c845bdec5cb133cd\")>\nurl = 'https://sandboxtest.stroyrem-nn.ru/', case_id = 'TD 007'\nlink_item = 'products/shtukaturka-gipsovaya-aksolit-m50-30-kg-mashinnogo-naneseniya'\namount = 66, weight = 2000, standard = 1300, in_time = 2490, all_time = 2980\n\n    @pytest.mark.parametrize('case_id, link_item, amount, weight, standard, in_time, all_time', [\n        (\"TD 001\", uroven_3000, 1, 30, 0, 1590, 2190),\n        (\"TD 002\", bundeks_25, 1, 30, 400, 1590, 2190),\n        (\"TD 003\", aksolit_30, 8, 300, 400, 1590, 2190),\n        (\"TD 004\", aksolit_30, 13, 400, 450, 1590, 2190),\n        (\"TD 005\", aksolit_30, 16, 500, 600, 1590, 2190),\n        (\"TD 006\", aksolit_30, 25, 1700, 990, 1990, 2480),\n        (\"TD 007\", aksolit_30, 66, 2000, 1300, 2490, 2980),\n        (\"TD 008\", aksolit_30, 149, 4500, 2300, 3980, 4490),\n        (\"TD 009\", aksolit_30, 166, 5000, 2500, 4990, 5480),\n        pytest.param(\n            \"TD 010\", aksolit_30, 206, 6200, 2900, 5570, 6120,\n            marks=pytest.mark.xfail(reson=\"Цена доставки 3600 7960 8980\")\n        ),\n        (\"TD 011\", aksolit_30, 299, 9000, 3600, 7960, 8980),\n        (\"TD 012\", aksolit_30, 333, 10000, 4450, 11990, 12500),\n        pytest.param(\n            \"TD 013\", aksolit_30, 366, 11000, 4800, 12450, 13480,\n            marks=pytest.mark.xfail(reason=\"Цена стандартной доставки 4450\")\n        ),\n        pytest.param(\n            \"TD 014\", aksolit_30, 666, 20000, 5400, 15600, 17490,\n            marks=pytest.mark.xfail(reason=\"Цена стандартной доставки 4450\")\n        )\n    ])\n    @pytest.mark.xfail\n    @pytest.mark.smoke_test\n    def test_positive_delivery_green_zone_smoke(\n            self, driver, url, case_id, link_item, amount, weight, standard, in_time, all_time\n    ):\n    \n        driver.get(f'{url}{link_item}')\n        item_page = ItemPage(driver)\n>       item_page.add_item_to_cart(amount).click_on_cart()\n\ntests/delivery/test_delivery_calculation.py:50: \n_ _ _ _ _ _ _ _ _ _ _ _ _ _ _ _ _ _ _ _ _ _ _ _ _ _ _ _ _ _ _ _ _ _ _ _ _ _ _ _ \npages/item_page.py:40: in add_item_to_cart\n    self.find_element(self._add_item).click()\nbase/seleniumbase.py:17: in find_element\n    return self.driver.find_element(*locator)\n/usr/local/lib/python3.11/site-packages/selenium/webdriver/remote/webdriver.py:739: in find_element\n    return self.execute(Command.FIND_ELEMENT, {\"using\": by, \"value\": value})[\"value\"]\n/usr/local/lib/python3.11/site-packages/selenium/webdriver/remote/webdriver.py:345: in execute\n    self.error_handler.check_response(response)\n_ _ _ _ _ _ _ _ _ _ _ _ _ _ _ _ _ _ _ _ _ _ _ _ _ _ _ _ _ _ _ _ _ _ _ _ _ _ _ _ \n\nself = <selenium.webdriver.remote.errorhandler.ErrorHandler object at 0x7f9a1a7a9bd0>\nresponse = {'status': 404, 'value': '{\"value\":{\"error\":\"no such element\",\"message\":\"no such element: Unable to locate element: {\\...\\\\n#16 0x5580a532a262 \\\\u003Cunknown>\\\\n#17 0x5580a533bf34 \\\\u003Cunknown>\\\\n#18 0x7fecbc7de134 \\\\u003Cunknown>\\\\n\"}}'}\n\n    def check_response(self, response: Dict[str, Any]) -> None:\n        \"\"\"Checks that a JSON response from the WebDriver does not have an\n        error.\n    \n        :Args:\n         - response - The JSON response from the WebDriver server as a dictionary\n           object.\n    \n        :Raises: If the response contains an error message.\n        \"\"\"\n        status = response.get(\"status\", None)\n        if not status or status == ErrorCode.SUCCESS:\n            return\n        value = None\n        message = response.get(\"message\", \"\")\n        screen: str = response.get(\"screen\", \"\")\n        stacktrace = None\n        if isinstance(status, int):\n            value_json = response.get(\"value\", None)\n            if value_json and isinstance(value_json, str):\n                import json\n    \n                try:\n                    value = json.loads(value_json)\n                    if len(value) == 1:\n                        value = value[\"value\"]\n                    status = value.get(\"error\", None)\n                    if not status:\n                        status = value.get(\"status\", ErrorCode.UNKNOWN_ERROR)\n                        message = value.get(\"value\") or value.get(\"message\")\n                        if not isinstance(message, str):\n                            value = message\n                            message = message.get(\"message\")\n                    else:\n                        message = value.get(\"message\", None)\n                except ValueError:\n                    pass\n    \n        exception_class: Type[WebDriverException]\n        e = ErrorCode()\n        error_codes = [item for item in dir(e) if not item.startswith(\"__\")]\n        for error_code in error_codes:\n            error_info = getattr(ErrorCode, error_code)\n            if isinstance(error_info, list) and status in error_info:\n                exception_class = getattr(ExceptionMapping, error_code, WebDriverException)\n                break\n        else:\n            exception_class = WebDriverException\n    \n        if not value:\n            value = response[\"value\"]\n        if isinstance(value, str):\n            raise exception_class(value)\n        if message == \"\" and \"message\" in value:\n            message = value[\"message\"]\n    \n        screen = None  # type: ignore[assignment]\n        if \"screen\" in value:\n            screen = value[\"screen\"]\n    \n        stacktrace = None\n        st_value = value.get(\"stackTrace\") or value.get(\"stacktrace\")\n        if st_value:\n            if isinstance(st_value, str):\n                stacktrace = st_value.split(\"\\n\")\n            else:\n                stacktrace = []\n                try:\n                    for frame in st_value:\n                        line = frame.get(\"lineNumber\", \"\")\n                        file = frame.get(\"fileName\", \"<anonymous>\")\n                        if line:\n                            file = f\"{file}:{line}\"\n                        meth = frame.get(\"methodName\", \"<anonymous>\")\n                        if \"className\" in frame:\n                            meth = f\"{frame['className']}.{meth}\"\n                        msg = \"    at %s (%s)\"\n                        msg = msg % (meth, file)\n                        stacktrace.append(msg)\n                except TypeError:\n                    pass\n        if exception_class == UnexpectedAlertPresentException:\n            alert_text = None\n            if \"data\" in value:\n                alert_text = value[\"data\"].get(\"text\")\n            elif \"alert\" in value:\n                alert_text = value[\"alert\"].get(\"text\")\n            raise exception_class(message, screen, stacktrace, alert_text)  # type: ignore[call-arg]  # mypy is not smart enough here\n>       raise exception_class(message, screen, stacktrace)\nE       selenium.common.exceptions.NoSuchElementException: Message: no such element: Unable to locate element: {\"method\":\"xpath\",\"selector\":\"(//a[@class='add-to-cart yellow-btn'])[1]\"}\nE         (Session info: chrome-headless-shell=121.0.6167.85); For documentation on this error, please visit: https://www.selenium.dev/documentation/webdriver/troubleshooting/errors#no-such-element-exception\nE       Stacktrace:\nE       #0 0x5580a533cd93 <unknown>\nE       #1 0x5580a5020337 <unknown>\nE       #2 0x5580a506bd60 <unknown>\nE       #3 0x5580a506be51 <unknown>\nE       #4 0x5580a50afbc4 <unknown>\nE       #5 0x5580a508e46d <unknown>\nE       #6 0x5580a50ad12d <unknown>\nE       #7 0x5580a508e1e3 <unknown>\nE       #8 0x5580a505e135 <unknown>\nE       #9 0x5580a505f13e <unknown>\nE       #10 0x5580a5300e4b <unknown>\nE       #11 0x5580a5304dfa <unknown>\nE       #12 0x5580a52ed6d5 <unknown>\nE       #13 0x5580a5305a6f <unknown>\nE       #14 0x5580a52d169f <unknown>\nE       #15 0x5580a532a098 <unknown>\nE       #16 0x5580a532a262 <unknown>\nE       #17 0x5580a533bf34 <unknown>\nE       #18 0x7fecbc7de134 <unknown>\n\n/usr/local/lib/python3.11/site-packages/selenium/webdriver/remote/errorhandler.py:229: NoSuchElementException","flaky":false,"newFailed":false,"newBroken":false,"newPassed":false,"retriesCount":0,"retriesStatusChange":false,"beforeStages":[{"name":"_session_faker","time":{"start":1707180444029,"stop":1707180444100,"duration":71},"status":"passed","steps":[],"attachments":[],"parameters":[],"shouldDisplayMessage":false,"stepsCount":0,"attachmentsCount":0,"hasContent":false,"attachmentStep":false},{"name":"clear_allure_results_folder","time":{"start":1707180444100,"stop":1707180444100,"duration":0},"status":"passed","steps":[],"attachments":[],"parameters":[],"shouldDisplayMessage":false,"stepsCount":0,"attachmentsCount":0,"hasContent":false,"attachmentStep":false},{"name":"driver","time":{"start":1707180721486,"stop":1707180722265,"duration":779},"status":"passed","steps":[],"attachments":[],"parameters":[],"shouldDisplayMessage":false,"stepsCount":0,"attachmentsCount":0,"hasContent":false,"attachmentStep":false},{"name":"setup","time":{"start":1707180722265,"stop":1707180722266,"duration":1},"status":"passed","steps":[],"attachments":[],"parameters":[],"shouldDisplayMessage":false,"stepsCount":0,"attachmentsCount":0,"hasContent":false,"attachmentStep":false}],"testStage":{"status":"skipped","statusMessage":"XFAIL\n\nselenium.common.exceptions.NoSuchElementException: Message: no such element: Unable to locate element: {\"method\":\"xpath\",\"selector\":\"(//a[@class='add-to-cart yellow-btn'])[1]\"}\n  (Session info: chrome-headless-shell=121.0.6167.85); For documentation on this error, please visit: https://www.selenium.dev/documentation/webdriver/troubleshooting/errors#no-such-element-exception\nStacktrace:\n#0 0x5580a533cd93 <unknown>\n#1 0x5580a5020337 <unknown>\n#2 0x5580a506bd60 <unknown>\n#3 0x5580a506be51 <unknown>\n#4 0x5580a50afbc4 <unknown>\n#5 0x5580a508e46d <unknown>\n#6 0x5580a50ad12d <unknown>\n#7 0x5580a508e1e3 <unknown>\n#8 0x5580a505e135 <unknown>\n#9 0x5580a505f13e <unknown>\n#10 0x5580a5300e4b <unknown>\n#11 0x5580a5304dfa <unknown>\n#12 0x5580a52ed6d5 <unknown>\n#13 0x5580a5305a6f <unknown>\n#14 0x5580a52d169f <unknown>\n#15 0x5580a532a098 <unknown>\n#16 0x5580a532a262 <unknown>\n#17 0x5580a533bf34 <unknown>\n#18 0x7fecbc7de134 <unknown>","statusTrace":"self = <tests.delivery.test_delivery_calculation.TestDeliveryPageCalculation object at 0x7f9a1a7c2b50>\ndriver = <selenium.webdriver.chrome.webdriver.WebDriver (session=\"1f67f4e45ffb9ee2c845bdec5cb133cd\")>\nurl = 'https://sandboxtest.stroyrem-nn.ru/', case_id = 'TD 007'\nlink_item = 'products/shtukaturka-gipsovaya-aksolit-m50-30-kg-mashinnogo-naneseniya'\namount = 66, weight = 2000, standard = 1300, in_time = 2490, all_time = 2980\n\n    @pytest.mark.parametrize('case_id, link_item, amount, weight, standard, in_time, all_time', [\n        (\"TD 001\", uroven_3000, 1, 30, 0, 1590, 2190),\n        (\"TD 002\", bundeks_25, 1, 30, 400, 1590, 2190),\n        (\"TD 003\", aksolit_30, 8, 300, 400, 1590, 2190),\n        (\"TD 004\", aksolit_30, 13, 400, 450, 1590, 2190),\n        (\"TD 005\", aksolit_30, 16, 500, 600, 1590, 2190),\n        (\"TD 006\", aksolit_30, 25, 1700, 990, 1990, 2480),\n        (\"TD 007\", aksolit_30, 66, 2000, 1300, 2490, 2980),\n        (\"TD 008\", aksolit_30, 149, 4500, 2300, 3980, 4490),\n        (\"TD 009\", aksolit_30, 166, 5000, 2500, 4990, 5480),\n        pytest.param(\n            \"TD 010\", aksolit_30, 206, 6200, 2900, 5570, 6120,\n            marks=pytest.mark.xfail(reson=\"Цена доставки 3600 7960 8980\")\n        ),\n        (\"TD 011\", aksolit_30, 299, 9000, 3600, 7960, 8980),\n        (\"TD 012\", aksolit_30, 333, 10000, 4450, 11990, 12500),\n        pytest.param(\n            \"TD 013\", aksolit_30, 366, 11000, 4800, 12450, 13480,\n            marks=pytest.mark.xfail(reason=\"Цена стандартной доставки 4450\")\n        ),\n        pytest.param(\n            \"TD 014\", aksolit_30, 666, 20000, 5400, 15600, 17490,\n            marks=pytest.mark.xfail(reason=\"Цена стандартной доставки 4450\")\n        )\n    ])\n    @pytest.mark.xfail\n    @pytest.mark.smoke_test\n    def test_positive_delivery_green_zone_smoke(\n            self, driver, url, case_id, link_item, amount, weight, standard, in_time, all_time\n    ):\n    \n        driver.get(f'{url}{link_item}')\n        item_page = ItemPage(driver)\n>       item_page.add_item_to_cart(amount).click_on_cart()\n\ntests/delivery/test_delivery_calculation.py:50: \n_ _ _ _ _ _ _ _ _ _ _ _ _ _ _ _ _ _ _ _ _ _ _ _ _ _ _ _ _ _ _ _ _ _ _ _ _ _ _ _ \npages/item_page.py:40: in add_item_to_cart\n    self.find_element(self._add_item).click()\nbase/seleniumbase.py:17: in find_element\n    return self.driver.find_element(*locator)\n/usr/local/lib/python3.11/site-packages/selenium/webdriver/remote/webdriver.py:739: in find_element\n    return self.execute(Command.FIND_ELEMENT, {\"using\": by, \"value\": value})[\"value\"]\n/usr/local/lib/python3.11/site-packages/selenium/webdriver/remote/webdriver.py:345: in execute\n    self.error_handler.check_response(response)\n_ _ _ _ _ _ _ _ _ _ _ _ _ _ _ _ _ _ _ _ _ _ _ _ _ _ _ _ _ _ _ _ _ _ _ _ _ _ _ _ \n\nself = <selenium.webdriver.remote.errorhandler.ErrorHandler object at 0x7f9a1a7a9bd0>\nresponse = {'status': 404, 'value': '{\"value\":{\"error\":\"no such element\",\"message\":\"no such element: Unable to locate element: {\\...\\\\n#16 0x5580a532a262 \\\\u003Cunknown>\\\\n#17 0x5580a533bf34 \\\\u003Cunknown>\\\\n#18 0x7fecbc7de134 \\\\u003Cunknown>\\\\n\"}}'}\n\n    def check_response(self, response: Dict[str, Any]) -> None:\n        \"\"\"Checks that a JSON response from the WebDriver does not have an\n        error.\n    \n        :Args:\n         - response - The JSON response from the WebDriver server as a dictionary\n           object.\n    \n        :Raises: If the response contains an error message.\n        \"\"\"\n        status = response.get(\"status\", None)\n        if not status or status == ErrorCode.SUCCESS:\n            return\n        value = None\n        message = response.get(\"message\", \"\")\n        screen: str = response.get(\"screen\", \"\")\n        stacktrace = None\n        if isinstance(status, int):\n            value_json = response.get(\"value\", None)\n            if value_json and isinstance(value_json, str):\n                import json\n    \n                try:\n                    value = json.loads(value_json)\n                    if len(value) == 1:\n                        value = value[\"value\"]\n                    status = value.get(\"error\", None)\n                    if not status:\n                        status = value.get(\"status\", ErrorCode.UNKNOWN_ERROR)\n                        message = value.get(\"value\") or value.get(\"message\")\n                        if not isinstance(message, str):\n                            value = message\n                            message = message.get(\"message\")\n                    else:\n                        message = value.get(\"message\", None)\n                except ValueError:\n                    pass\n    \n        exception_class: Type[WebDriverException]\n        e = ErrorCode()\n        error_codes = [item for item in dir(e) if not item.startswith(\"__\")]\n        for error_code in error_codes:\n            error_info = getattr(ErrorCode, error_code)\n            if isinstance(error_info, list) and status in error_info:\n                exception_class = getattr(ExceptionMapping, error_code, WebDriverException)\n                break\n        else:\n            exception_class = WebDriverException\n    \n        if not value:\n            value = response[\"value\"]\n        if isinstance(value, str):\n            raise exception_class(value)\n        if message == \"\" and \"message\" in value:\n            message = value[\"message\"]\n    \n        screen = None  # type: ignore[assignment]\n        if \"screen\" in value:\n            screen = value[\"screen\"]\n    \n        stacktrace = None\n        st_value = value.get(\"stackTrace\") or value.get(\"stacktrace\")\n        if st_value:\n            if isinstance(st_value, str):\n                stacktrace = st_value.split(\"\\n\")\n            else:\n                stacktrace = []\n                try:\n                    for frame in st_value:\n                        line = frame.get(\"lineNumber\", \"\")\n                        file = frame.get(\"fileName\", \"<anonymous>\")\n                        if line:\n                            file = f\"{file}:{line}\"\n                        meth = frame.get(\"methodName\", \"<anonymous>\")\n                        if \"className\" in frame:\n                            meth = f\"{frame['className']}.{meth}\"\n                        msg = \"    at %s (%s)\"\n                        msg = msg % (meth, file)\n                        stacktrace.append(msg)\n                except TypeError:\n                    pass\n        if exception_class == UnexpectedAlertPresentException:\n            alert_text = None\n            if \"data\" in value:\n                alert_text = value[\"data\"].get(\"text\")\n            elif \"alert\" in value:\n                alert_text = value[\"alert\"].get(\"text\")\n            raise exception_class(message, screen, stacktrace, alert_text)  # type: ignore[call-arg]  # mypy is not smart enough here\n>       raise exception_class(message, screen, stacktrace)\nE       selenium.common.exceptions.NoSuchElementException: Message: no such element: Unable to locate element: {\"method\":\"xpath\",\"selector\":\"(//a[@class='add-to-cart yellow-btn'])[1]\"}\nE         (Session info: chrome-headless-shell=121.0.6167.85); For documentation on this error, please visit: https://www.selenium.dev/documentation/webdriver/troubleshooting/errors#no-such-element-exception\nE       Stacktrace:\nE       #0 0x5580a533cd93 <unknown>\nE       #1 0x5580a5020337 <unknown>\nE       #2 0x5580a506bd60 <unknown>\nE       #3 0x5580a506be51 <unknown>\nE       #4 0x5580a50afbc4 <unknown>\nE       #5 0x5580a508e46d <unknown>\nE       #6 0x5580a50ad12d <unknown>\nE       #7 0x5580a508e1e3 <unknown>\nE       #8 0x5580a505e135 <unknown>\nE       #9 0x5580a505f13e <unknown>\nE       #10 0x5580a5300e4b <unknown>\nE       #11 0x5580a5304dfa <unknown>\nE       #12 0x5580a52ed6d5 <unknown>\nE       #13 0x5580a5305a6f <unknown>\nE       #14 0x5580a52d169f <unknown>\nE       #15 0x5580a532a098 <unknown>\nE       #16 0x5580a532a262 <unknown>\nE       #17 0x5580a533bf34 <unknown>\nE       #18 0x7fecbc7de134 <unknown>\n\n/usr/local/lib/python3.11/site-packages/selenium/webdriver/remote/errorhandler.py:229: NoSuchElementException","steps":[{"name":"Добавляем товар в корзину в количестве 66","time":{"start":1707180722696,"stop":1707180722708,"duration":12},"status":"broken","statusMessage":"selenium.common.exceptions.NoSuchElementException: Message: no such element: Unable to locate element: {\"method\":\"xpath\",\"selector\":\"(//a[@class='add-to-cart yellow-btn'])[1]\"}\n  (Session info: chrome-headless-shell=121.0.6167.85); For documentation on this error, please visit: https://www.selenium.dev/documentation/webdriver/troubleshooting/errors#no-such-element-exception\nStacktrace:\n#0 0x5580a533cd93 <unknown>\n#1 0x5580a5020337 <unknown>\n#2 0x5580a506bd60 <unknown>\n#3 0x5580a506be51 <unknown>\n#4 0x5580a50afbc4 <unknown>\n#5 0x5580a508e46d <unknown>\n#6 0x5580a50ad12d <unknown>\n#7 0x5580a508e1e3 <unknown>\n#8 0x5580a505e135 <unknown>\n#9 0x5580a505f13e <unknown>\n#10 0x5580a5300e4b <unknown>\n#11 0x5580a5304dfa <unknown>\n#12 0x5580a52ed6d5 <unknown>\n#13 0x5580a5305a6f <unknown>\n#14 0x5580a52d169f <unknown>\n#15 0x5580a532a098 <unknown>\n#16 0x5580a532a262 <unknown>\n#17 0x5580a533bf34 <unknown>\n#18 0x7fecbc7de134 <unknown>\n\n","statusTrace":"  File \"/usr/local/lib/python3.11/site-packages/allure_commons/_allure.py\", line 192, in impl\n    return func(*a, **kw)\n           ^^^^^^^^^^^^^^\n  File \"/app/pages/item_page.py\", line 40, in add_item_to_cart\n    self.find_element(self._add_item).click()\n    ^^^^^^^^^^^^^^^^^^^^^^^^^^^^^^^^^\n  File \"/app/base/seleniumbase.py\", line 17, in find_element\n    return self.driver.find_element(*locator)\n           ^^^^^^^^^^^^^^^^^^^^^^^^^^^^^^^^^^\n  File \"/usr/local/lib/python3.11/site-packages/selenium/webdriver/remote/webdriver.py\", line 739, in find_element\n    return self.execute(Command.FIND_ELEMENT, {\"using\": by, \"value\": value})[\"value\"]\n           ^^^^^^^^^^^^^^^^^^^^^^^^^^^^^^^^^^^^^^^^^^^^^^^^^^^^^^^^^^^^^^^^^\n  File \"/usr/local/lib/python3.11/site-packages/selenium/webdriver/remote/webdriver.py\", line 345, in execute\n    self.error_handler.check_response(response)\n  File \"/usr/local/lib/python3.11/site-packages/selenium/webdriver/remote/errorhandler.py\", line 229, in check_response\n    raise exception_class(message, screen, stacktrace)\n","steps":[],"attachments":[],"parameters":[{"name":"amount","value":"66"}],"shouldDisplayMessage":true,"stepsCount":0,"attachmentsCount":0,"hasContent":true,"attachmentStep":false}],"attachments":[{"uid":"98442776fce2893a","name":"Screenshot","source":"98442776fce2893a.png","type":"image/png","size":5862},{"uid":"bdae81d563a6780b","name":"HTML source","source":"bdae81d563a6780b.html","type":"text/html","size":39}],"parameters":[],"shouldDisplayMessage":true,"stepsCount":1,"attachmentsCount":2,"hasContent":true,"attachmentStep":false},"afterStages":[{"name":"setup::0","time":{"start":1707180722810,"stop":1707180722810,"duration":0},"status":"passed","steps":[],"attachments":[],"parameters":[],"shouldDisplayMessage":false,"stepsCount":0,"attachmentsCount":0,"hasContent":false,"attachmentStep":false},{"name":"driver::0","time":{"start":1707180722810,"stop":1707180722867,"duration":57},"status":"passed","steps":[],"attachments":[],"parameters":[],"shouldDisplayMessage":false,"stepsCount":0,"attachmentsCount":0,"hasContent":false,"attachmentStep":false}],"labels":[{"name":"epic","value":"Delivery Page - calculation"},{"name":"tag","value":"smoke_test"},{"name":"tag","value":"@pytest.mark.xfail"},{"name":"parentSuite","value":"tests.delivery"},{"name":"suite","value":"test_delivery_calculation"},{"name":"subSuite","value":"TestDeliveryPageCalculation"},{"name":"host","value":"32790ffab348"},{"name":"thread","value":"1-MainThread"},{"name":"framework","value":"pytest"},{"name":"language","value":"cpython3"},{"name":"package","value":"tests.delivery.test_delivery_calculation"},{"name":"resultFormat","value":"allure2"}],"parameters":[{"name":"all_time","value":"2980"},{"name":"amount","value":"66"},{"name":"case_id","value":"'TD 007'"},{"name":"in_time","value":"2490"},{"name":"link_item","value":"'products/shtukaturka-gipsovaya-aksolit-m50-30-kg-mashinnogo-naneseniya'"},{"name":"standard","value":"1300"},{"name":"url","value":"'https://sandboxtest.stroyrem-nn.ru/'"},{"name":"weight","value":"2000"}],"links":[],"hidden":false,"retry":false,"extra":{"severity":"normal","retries":[],"categories":[],"history":{"statistic":{"failed":0,"broken":13,"skipped":148,"passed":0,"unknown":0,"total":161},"items":[{"uid":"5019de1a9fe5c3ce","reportUrl":"https://Nat754.github.io/StroyremAutomation/208//#testresult/5019de1a9fe5c3ce","status":"skipped","statusDetails":"XFAIL\n\nselenium.common.exceptions.NoSuchElementException: Message: no such element: Unable to locate element: {\"method\":\"xpath\",\"selector\":\"(//a[@class='add-to-cart yellow-btn'])[1]\"}\n  (Session info: chrome-headless-shell=121.0.6167.85); For documentation on this error, please visit: https://www.selenium.dev/documentation/webdriver/troubleshooting/errors#no-such-element-exception\nStacktrace:\n#0 0x562d7482dd93 <unknown>\n#1 0x562d74511337 <unknown>\n#2 0x562d7455cd60 <unknown>\n#3 0x562d7455ce51 <unknown>\n#4 0x562d745a0bc4 <unknown>\n#5 0x562d7457f46d <unknown>\n#6 0x562d7459e12d <unknown>\n#7 0x562d7457f1e3 <unknown>\n#8 0x562d7454f135 <unknown>\n#9 0x562d7455013e <unknown>\n#10 0x562d747f1e4b <unknown>\n#11 0x562d747f5dfa <unknown>\n#12 0x562d747de6d5 <unknown>\n#13 0x562d747f6a6f <unknown>\n#14 0x562d747c269f <unknown>\n#15 0x562d7481b098 <unknown>\n#16 0x562d7481b262 <unknown>\n#17 0x562d7482cf34 <unknown>\n#18 0x7f08d00ff134 <unknown>","time":{"start":1707094485653,"stop":1707094486068,"duration":415}},{"uid":"bc4a83abbeae4d59","reportUrl":"https://Nat754.github.io/StroyremAutomation/207//#testresult/bc4a83abbeae4d59","status":"skipped","statusDetails":"XFAIL\n\nselenium.common.exceptions.NoSuchElementException: Message: no such element: Unable to locate element: {\"method\":\"xpath\",\"selector\":\"(//a[@class='add-to-cart yellow-btn'])[1]\"}\n  (Session info: chrome-headless-shell=121.0.6167.85); For documentation on this error, please visit: https://www.selenium.dev/documentation/webdriver/troubleshooting/errors#no-such-element-exception\nStacktrace:\n#0 0x56097d304d93 <unknown>\n#1 0x56097cfe8337 <unknown>\n#2 0x56097d033d60 <unknown>\n#3 0x56097d033e51 <unknown>\n#4 0x56097d077bc4 <unknown>\n#5 0x56097d05646d <unknown>\n#6 0x56097d07512d <unknown>\n#7 0x56097d0561e3 <unknown>\n#8 0x56097d026135 <unknown>\n#9 0x56097d02713e <unknown>\n#10 0x56097d2c8e4b <unknown>\n#11 0x56097d2ccdfa <unknown>\n#12 0x56097d2b56d5 <unknown>\n#13 0x56097d2cda6f <unknown>\n#14 0x56097d29969f <unknown>\n#15 0x56097d2f2098 <unknown>\n#16 0x56097d2f2262 <unknown>\n#17 0x56097d303f34 <unknown>\n#18 0x7f02628e6134 <unknown>","time":{"start":1707008198403,"stop":1707008199111,"duration":708}},{"uid":"cfe60fc54670d5a","reportUrl":"https://Nat754.github.io/StroyremAutomation/206//#testresult/cfe60fc54670d5a","status":"skipped","statusDetails":"XFAIL\n\nselenium.common.exceptions.NoSuchElementException: Message: no such element: Unable to locate element: {\"method\":\"xpath\",\"selector\":\"(//a[@class='add-to-cart yellow-btn'])[1]\"}\n  (Session info: chrome-headless-shell=121.0.6167.85); For documentation on this error, please visit: https://www.selenium.dev/documentation/webdriver/troubleshooting/errors#no-such-element-exception\nStacktrace:\n#0 0x55b220c89d93 <unknown>\n#1 0x55b22096d337 <unknown>\n#2 0x55b2209b8d60 <unknown>\n#3 0x55b2209b8e51 <unknown>\n#4 0x55b2209fcbc4 <unknown>\n#5 0x55b2209db46d <unknown>\n#6 0x55b2209fa12d <unknown>\n#7 0x55b2209db1e3 <unknown>\n#8 0x55b2209ab135 <unknown>\n#9 0x55b2209ac13e <unknown>\n#10 0x55b220c4de4b <unknown>\n#11 0x55b220c51dfa <unknown>\n#12 0x55b220c3a6d5 <unknown>\n#13 0x55b220c52a6f <unknown>\n#14 0x55b220c1e69f <unknown>\n#15 0x55b220c77098 <unknown>\n#16 0x55b220c77262 <unknown>\n#17 0x55b220c88f34 <unknown>\n#18 0x7f71b5902134 <unknown>","time":{"start":1706921506497,"stop":1706921506937,"duration":440}},{"uid":"aef61e72b6e2ef2a","reportUrl":"https://Nat754.github.io/StroyremAutomation/205//#testresult/aef61e72b6e2ef2a","status":"skipped","statusDetails":"XFAIL\n\nselenium.common.exceptions.NoSuchElementException: Message: no such element: Unable to locate element: {\"method\":\"xpath\",\"selector\":\"(//a[@class='add-to-cart yellow-btn'])[1]\"}\n  (Session info: chrome-headless-shell=121.0.6167.85); For documentation on this error, please visit: https://www.selenium.dev/documentation/webdriver/troubleshooting/errors#no-such-element-exception\nStacktrace:\n#0 0x56442f3ead93 <unknown>\n#1 0x56442f0ce337 <unknown>\n#2 0x56442f119d60 <unknown>\n#3 0x56442f119e51 <unknown>\n#4 0x56442f15dbc4 <unknown>\n#5 0x56442f13c46d <unknown>\n#6 0x56442f15b12d <unknown>\n#7 0x56442f13c1e3 <unknown>\n#8 0x56442f10c135 <unknown>\n#9 0x56442f10d13e <unknown>\n#10 0x56442f3aee4b <unknown>\n#11 0x56442f3b2dfa <unknown>\n#12 0x56442f39b6d5 <unknown>\n#13 0x56442f3b3a6f <unknown>\n#14 0x56442f37f69f <unknown>\n#15 0x56442f3d8098 <unknown>\n#16 0x56442f3d8262 <unknown>\n#17 0x56442f3e9f34 <unknown>\n#18 0x7f1cef17c134 <unknown>","time":{"start":1706835154379,"stop":1706835154928,"duration":549}},{"uid":"f958d77fd18b6128","reportUrl":"https://Nat754.github.io/StroyremAutomation/204//#testresult/f958d77fd18b6128","status":"skipped","statusDetails":"XFAIL\n\nselenium.common.exceptions.NoSuchElementException: Message: no such element: Unable to locate element: {\"method\":\"xpath\",\"selector\":\"(//a[@class='add-to-cart yellow-btn'])[1]\"}\n  (Session info: chrome-headless-shell=121.0.6167.85); For documentation on this error, please visit: https://www.selenium.dev/documentation/webdriver/troubleshooting/errors#no-such-element-exception\nStacktrace:\n#0 0x56149f0c4d93 <unknown>\n#1 0x56149eda8337 <unknown>\n#2 0x56149edf3d60 <unknown>\n#3 0x56149edf3e51 <unknown>\n#4 0x56149ee37bc4 <unknown>\n#5 0x56149ee1646d <unknown>\n#6 0x56149ee3512d <unknown>\n#7 0x56149ee161e3 <unknown>\n#8 0x56149ede6135 <unknown>\n#9 0x56149ede713e <unknown>\n#10 0x56149f088e4b <unknown>\n#11 0x56149f08cdfa <unknown>\n#12 0x56149f0756d5 <unknown>\n#13 0x56149f08da6f <unknown>\n#14 0x56149f05969f <unknown>\n#15 0x56149f0b2098 <unknown>\n#16 0x56149f0b2262 <unknown>\n#17 0x56149f0c3f34 <unknown>\n#18 0x7efe270d5044 <unknown>","time":{"start":1706748925277,"stop":1706748925926,"duration":649}},{"uid":"e8017900036b4618","reportUrl":"https://Nat754.github.io/StroyremAutomation/203//#testresult/e8017900036b4618","status":"skipped","statusDetails":"XFAIL\n\nselenium.common.exceptions.NoSuchElementException: Message: no such element: Unable to locate element: {\"method\":\"xpath\",\"selector\":\"(//a[@class='add-to-cart yellow-btn'])[1]\"}\n  (Session info: chrome-headless-shell=121.0.6167.85); For documentation on this error, please visit: https://www.selenium.dev/documentation/webdriver/troubleshooting/errors#no-such-element-exception\nStacktrace:\n#0 0x5584a34d1d93 <unknown>\n#1 0x5584a31b5337 <unknown>\n#2 0x5584a3200d60 <unknown>\n#3 0x5584a3200e51 <unknown>\n#4 0x5584a3244bc4 <unknown>\n#5 0x5584a322346d <unknown>\n#6 0x5584a324212d <unknown>\n#7 0x5584a32231e3 <unknown>\n#8 0x5584a31f3135 <unknown>\n#9 0x5584a31f413e <unknown>\n#10 0x5584a3495e4b <unknown>\n#11 0x5584a3499dfa <unknown>\n#12 0x5584a34826d5 <unknown>\n#13 0x5584a349aa6f <unknown>\n#14 0x5584a346669f <unknown>\n#15 0x5584a34bf098 <unknown>\n#16 0x5584a34bf262 <unknown>\n#17 0x5584a34d0f34 <unknown>\n#18 0x7f28206e5044 <unknown>","time":{"start":1706662362100,"stop":1706662362576,"duration":476}},{"uid":"c1d308df01844a64","reportUrl":"https://Nat754.github.io/StroyremAutomation/202//#testresult/c1d308df01844a64","status":"skipped","statusDetails":"XFAIL\n\nselenium.common.exceptions.NoSuchElementException: Message: no such element: Unable to locate element: {\"method\":\"xpath\",\"selector\":\"(//a[@class='add-to-cart yellow-btn'])[1]\"}\n  (Session info: chrome-headless-shell=121.0.6167.85); For documentation on this error, please visit: https://www.selenium.dev/documentation/webdriver/troubleshooting/errors#no-such-element-exception\nStacktrace:\n#0 0x563ce1951d93 <unknown>\n#1 0x563ce1635337 <unknown>\n#2 0x563ce1680d60 <unknown>\n#3 0x563ce1680e51 <unknown>\n#4 0x563ce16c4bc4 <unknown>\n#5 0x563ce16a346d <unknown>\n#6 0x563ce16c212d <unknown>\n#7 0x563ce16a31e3 <unknown>\n#8 0x563ce1673135 <unknown>\n#9 0x563ce167413e <unknown>\n#10 0x563ce1915e4b <unknown>\n#11 0x563ce1919dfa <unknown>\n#12 0x563ce19026d5 <unknown>\n#13 0x563ce191aa6f <unknown>\n#14 0x563ce18e669f <unknown>\n#15 0x563ce193f098 <unknown>\n#16 0x563ce193f262 <unknown>\n#17 0x563ce1950f34 <unknown>\n#18 0x7fc4e8195044 <unknown>","time":{"start":1706575914115,"stop":1706575914737,"duration":622}},{"uid":"c257ca89abc50847","reportUrl":"https://Nat754.github.io/StroyremAutomation/201//#testresult/c257ca89abc50847","status":"skipped","statusDetails":"XFAIL\n\nselenium.common.exceptions.NoSuchElementException: Message: no such element: Unable to locate element: {\"method\":\"xpath\",\"selector\":\"(//a[@class='add-to-cart yellow-btn'])[1]\"}\n  (Session info: chrome-headless-shell=121.0.6167.85); For documentation on this error, please visit: https://www.selenium.dev/documentation/webdriver/troubleshooting/errors#no-such-element-exception\nStacktrace:\n#0 0x560d425a3d93 <unknown>\n#1 0x560d42287337 <unknown>\n#2 0x560d422d2d60 <unknown>\n#3 0x560d422d2e51 <unknown>\n#4 0x560d42316bc4 <unknown>\n#5 0x560d422f546d <unknown>\n#6 0x560d4231412d <unknown>\n#7 0x560d422f51e3 <unknown>\n#8 0x560d422c5135 <unknown>\n#9 0x560d422c613e <unknown>\n#10 0x560d42567e4b <unknown>\n#11 0x560d4256bdfa <unknown>\n#12 0x560d425546d5 <unknown>\n#13 0x560d4256ca6f <unknown>\n#14 0x560d4253869f <unknown>\n#15 0x560d42591098 <unknown>\n#16 0x560d42591262 <unknown>\n#17 0x560d425a2f34 <unknown>\n#18 0x7ff080293044 <unknown>","time":{"start":1706489607387,"stop":1706489607796,"duration":409}},{"uid":"43c05f4f7dc6194b","reportUrl":"https://Nat754.github.io/StroyremAutomation/200//#testresult/43c05f4f7dc6194b","status":"skipped","statusDetails":"XFAIL\n\nselenium.common.exceptions.NoSuchElementException: Message: no such element: Unable to locate element: {\"method\":\"xpath\",\"selector\":\"(//a[@class='add-to-cart yellow-btn'])[1]\"}\n  (Session info: chrome-headless-shell=121.0.6167.85); For documentation on this error, please visit: https://www.selenium.dev/documentation/webdriver/troubleshooting/errors#no-such-element-exception\nStacktrace:\n#0 0x558b56529d93 <unknown>\n#1 0x558b5620d337 <unknown>\n#2 0x558b56258d60 <unknown>\n#3 0x558b56258e51 <unknown>\n#4 0x558b5629cbc4 <unknown>\n#5 0x558b5627b46d <unknown>\n#6 0x558b5629a12d <unknown>\n#7 0x558b5627b1e3 <unknown>\n#8 0x558b5624b135 <unknown>\n#9 0x558b5624c13e <unknown>\n#10 0x558b564ede4b <unknown>\n#11 0x558b564f1dfa <unknown>\n#12 0x558b564da6d5 <unknown>\n#13 0x558b564f2a6f <unknown>\n#14 0x558b564be69f <unknown>\n#15 0x558b56517098 <unknown>\n#16 0x558b56517262 <unknown>\n#17 0x558b56528f34 <unknown>\n#18 0x7fccdc152044 <unknown>","time":{"start":1706403365623,"stop":1706403366455,"duration":832}},{"uid":"ab05026a494fc1","reportUrl":"https://Nat754.github.io/StroyremAutomation/199//#testresult/ab05026a494fc1","status":"skipped","statusDetails":"XFAIL\n\nselenium.common.exceptions.NoSuchElementException: Message: no such element: Unable to locate element: {\"method\":\"xpath\",\"selector\":\"(//a[@class='add-to-cart yellow-btn'])[1]\"}\n  (Session info: chrome-headless-shell=121.0.6167.85); For documentation on this error, please visit: https://www.selenium.dev/documentation/webdriver/troubleshooting/errors#no-such-element-exception\nStacktrace:\n#0 0x55ca51f20d93 <unknown>\n#1 0x55ca51c04337 <unknown>\n#2 0x55ca51c4fd60 <unknown>\n#3 0x55ca51c4fe51 <unknown>\n#4 0x55ca51c93bc4 <unknown>\n#5 0x55ca51c7246d <unknown>\n#6 0x55ca51c9112d <unknown>\n#7 0x55ca51c721e3 <unknown>\n#8 0x55ca51c42135 <unknown>\n#9 0x55ca51c4313e <unknown>\n#10 0x55ca51ee4e4b <unknown>\n#11 0x55ca51ee8dfa <unknown>\n#12 0x55ca51ed16d5 <unknown>\n#13 0x55ca51ee9a6f <unknown>\n#14 0x55ca51eb569f <unknown>\n#15 0x55ca51f0e098 <unknown>\n#16 0x55ca51f0e262 <unknown>\n#17 0x55ca51f1ff34 <unknown>\n#18 0x7f8af5df7044 <unknown>","time":{"start":1706316687911,"stop":1706316688433,"duration":522}},{"uid":"919b6285f14c76f2","reportUrl":"https://Nat754.github.io/StroyremAutomation/198//#testresult/919b6285f14c76f2","status":"skipped","statusDetails":"XFAIL\n\nselenium.common.exceptions.NoSuchElementException: Message: no such element: Unable to locate element: {\"method\":\"xpath\",\"selector\":\"(//a[@class='add-to-cart yellow-btn'])[1]\"}\n  (Session info: chrome-headless-shell=121.0.6167.85); For documentation on this error, please visit: https://www.selenium.dev/documentation/webdriver/troubleshooting/errors#no-such-element-exception\nStacktrace:\n#0 0x56220eb71d93 <unknown>\n#1 0x56220e855337 <unknown>\n#2 0x56220e8a0d60 <unknown>\n#3 0x56220e8a0e51 <unknown>\n#4 0x56220e8e4bc4 <unknown>\n#5 0x56220e8c346d <unknown>\n#6 0x56220e8e212d <unknown>\n#7 0x56220e8c31e3 <unknown>\n#8 0x56220e893135 <unknown>\n#9 0x56220e89413e <unknown>\n#10 0x56220eb35e4b <unknown>\n#11 0x56220eb39dfa <unknown>\n#12 0x56220eb226d5 <unknown>\n#13 0x56220eb3aa6f <unknown>\n#14 0x56220eb0669f <unknown>\n#15 0x56220eb5f098 <unknown>\n#16 0x56220eb5f262 <unknown>\n#17 0x56220eb70f34 <unknown>\n#18 0x7f746e0d3044 <unknown>","time":{"start":1706230375836,"stop":1706230376312,"duration":476}},{"uid":"d08378adfc431748","reportUrl":"https://Nat754.github.io/StroyremAutomation/197//#testresult/d08378adfc431748","status":"skipped","statusDetails":"XFAIL\n\nselenium.common.exceptions.WebDriverException: Message: unknown error: net::ERR_CONNECTION_TIMED_OUT\n  (Session info: chrome-headless-shell=121.0.6167.85)\nStacktrace:\n#0 0x55df839f0d93 <unknown>\n#1 0x55df836d4337 <unknown>\n#2 0x55df836cc193 <unknown>\n#3 0x55df836bc161 <unknown>\n#4 0x55df836bd5cb <unknown>\n#5 0x55df836bc414 <unknown>\n#6 0x55df836bb5e5 <unknown>\n#7 0x55df836bb557 <unknown>\n#8 0x55df836b9c1a <unknown>\n#9 0x55df836ba1ca <unknown>\n#10 0x55df836d6b6e <unknown>\n#11 0x55df83761d45 <unknown>\n#12 0x55df83742442 <unknown>\n#13 0x55df8376112d <unknown>\n#14 0x55df837421e3 <unknown>\n#15 0x55df83712135 <unknown>\n#16 0x55df8371313e <unknown>\n#17 0x55df839b4e4b <unknown>\n#18 0x55df839b8dfa <unknown>\n#19 0x55df839a16d5 <unknown>\n#20 0x55df839b9a6f <unknown>\n#21 0x55df8398569f <unknown>\n#22 0x55df839de098 <unknown>\n#23 0x55df839de262 <unknown>\n#24 0x55df839eff34 <unknown>\n#25 0x7f9a34b8f044 <unknown>","time":{"start":1706145044618,"stop":1706145174760,"duration":130142}},{"uid":"64f75b71d042a5","reportUrl":"https://Nat754.github.io/StroyremAutomation/196//#testresult/64f75b71d042a5","status":"skipped","statusDetails":"XFAIL\n\nselenium.common.exceptions.WebDriverException: Message: unknown error: net::ERR_CONNECTION_REFUSED\n  (Session info: chrome-headless-shell=121.0.6167.85)\nStacktrace:\n#0 0x560438e14d93 <unknown>\n#1 0x560438af8337 <unknown>\n#2 0x560438af0193 <unknown>\n#3 0x560438ae0161 <unknown>\n#4 0x560438ae15cb <unknown>\n#5 0x560438ae0414 <unknown>\n#6 0x560438adf5e5 <unknown>\n#7 0x560438adf557 <unknown>\n#8 0x560438addc1a <unknown>\n#9 0x560438ade1ca <unknown>\n#10 0x560438afab6e <unknown>\n#11 0x560438b85d45 <unknown>\n#12 0x560438b66442 <unknown>\n#13 0x560438b8512d <unknown>\n#14 0x560438b661e3 <unknown>\n#15 0x560438b36135 <unknown>\n#16 0x560438b3713e <unknown>\n#17 0x560438dd8e4b <unknown>\n#18 0x560438ddcdfa <unknown>\n#19 0x560438dc56d5 <unknown>\n#20 0x560438ddda6f <unknown>\n#21 0x560438da969f <unknown>\n#22 0x560438e02098 <unknown>\n#23 0x560438e02262 <unknown>\n#24 0x560438e13f34 <unknown>\n#25 0x7f32fbaf0044 <unknown>","time":{"start":1706057907103,"stop":1706057907651,"duration":548}},{"uid":"76c11890fd9e2003","reportUrl":"https://Nat754.github.io/StroyremAutomation/195//#testresult/76c11890fd9e2003","status":"skipped","statusDetails":"XFAIL\n\nselenium.common.exceptions.WebDriverException: Message: unknown error: net::ERR_CONNECTION_TIMED_OUT\n  (Session info: chrome-headless-shell=120.0.6099.109)\nStacktrace:\n#0 0x55c4a8b4ff83 <unknown>\n#1 0x55c4a8808cf7 <unknown>\n#2 0x55c4a88006ea <unknown>\n#3 0x55c4a87ef5a1 <unknown>\n#4 0x55c4a87f0d40 <unknown>\n#5 0x55c4a87ef854 <unknown>\n#6 0x55c4a87ee586 <unknown>\n#7 0x55c4a87ee44a <unknown>\n#8 0x55c4a87ec7e1 <unknown>\n#9 0x55c4a87ed01a <unknown>\n#10 0x55c4a880bbbe <unknown>\n#11 0x55c4a88a17a5 <unknown>\n#12 0x55c4a88820b2 <unknown>\n#13 0x55c4a88a1006 <unknown>\n#14 0x55c4a8881e53 <unknown>\n#15 0x55c4a8849dd4 <unknown>\n#16 0x55c4a884b1de <unknown>\n#17 0x55c4a8b14531 <unknown>\n#18 0x55c4a8b18455 <unknown>\n#19 0x55c4a8b00f55 <unknown>\n#20 0x55c4a8b190ef <unknown>\n#21 0x55c4a8ae499f <unknown>\n#22 0x55c4a8b3d008 <unknown>\n#23 0x55c4a8b3d1d7 <unknown>\n#24 0x55c4a8b4f124 <unknown>\n#25 0x7fc53b704044 <unknown>","time":{"start":1705972227907,"stop":1705972358031,"duration":130124}},{"uid":"23e180ba78f3d35a","reportUrl":"https://Nat754.github.io/StroyremAutomation/194//#testresult/23e180ba78f3d35a","status":"skipped","statusDetails":"XFAIL\n\nselenium.common.exceptions.WebDriverException: Message: unknown error: net::ERR_CONNECTION_TIMED_OUT\n  (Session info: chrome-headless-shell=120.0.6099.109)\nStacktrace:\n#0 0x55846ced6f83 <unknown>\n#1 0x55846cb8fcf7 <unknown>\n#2 0x55846cb876ea <unknown>\n#3 0x55846cb765a1 <unknown>\n#4 0x55846cb77d40 <unknown>\n#5 0x55846cb76854 <unknown>\n#6 0x55846cb75586 <unknown>\n#7 0x55846cb7544a <unknown>\n#8 0x55846cb737e1 <unknown>\n#9 0x55846cb7401a <unknown>\n#10 0x55846cb92bbe <unknown>\n#11 0x55846cc287a5 <unknown>\n#12 0x55846cc090b2 <unknown>\n#13 0x55846cc28006 <unknown>\n#14 0x55846cc08e53 <unknown>\n#15 0x55846cbd0dd4 <unknown>\n#16 0x55846cbd21de <unknown>\n#17 0x55846ce9b531 <unknown>\n#18 0x55846ce9f455 <unknown>\n#19 0x55846ce87f55 <unknown>\n#20 0x55846cea00ef <unknown>\n#21 0x55846ce6b99f <unknown>\n#22 0x55846cec4008 <unknown>\n#23 0x55846cec41d7 <unknown>\n#24 0x55846ced6124 <unknown>\n#25 0x7fdd637d3044 <unknown>","time":{"start":1705886024597,"stop":1705886154719,"duration":130122}},{"uid":"82cf33e424f932b3","reportUrl":"https://Nat754.github.io/StroyremAutomation/193//#testresult/82cf33e424f932b3","status":"skipped","statusDetails":"XFAIL\n\nselenium.common.exceptions.WebDriverException: Message: unknown error: net::ERR_CONNECTION_TIMED_OUT\n  (Session info: chrome-headless-shell=120.0.6099.109)\nStacktrace:\n#0 0x563570a85f83 <unknown>\n#1 0x56357073ecf7 <unknown>\n#2 0x5635707366ea <unknown>\n#3 0x5635707255a1 <unknown>\n#4 0x563570726d40 <unknown>\n#5 0x563570725854 <unknown>\n#6 0x563570724586 <unknown>\n#7 0x56357072444a <unknown>\n#8 0x5635707227e1 <unknown>\n#9 0x56357072301a <unknown>\n#10 0x563570741bbe <unknown>\n#11 0x5635707d77a5 <unknown>\n#12 0x5635707b80b2 <unknown>\n#13 0x5635707d7006 <unknown>\n#14 0x5635707b7e53 <unknown>\n#15 0x56357077fdd4 <unknown>\n#16 0x5635707811de <unknown>\n#17 0x563570a4a531 <unknown>\n#18 0x563570a4e455 <unknown>\n#19 0x563570a36f55 <unknown>\n#20 0x563570a4f0ef <unknown>\n#21 0x563570a1a99f <unknown>\n#22 0x563570a73008 <unknown>\n#23 0x563570a731d7 <unknown>\n#24 0x563570a85124 <unknown>\n#25 0x7f3096d90044 <unknown>","time":{"start":1705799613078,"stop":1705799743214,"duration":130136}},{"uid":"91055b0ffe63c84b","reportUrl":"https://Nat754.github.io/StroyremAutomation/192//#testresult/91055b0ffe63c84b","status":"skipped","statusDetails":"XFAIL\n\nselenium.common.exceptions.WebDriverException: Message: unknown error: net::ERR_CONNECTION_TIMED_OUT\n  (Session info: chrome-headless-shell=120.0.6099.109)\nStacktrace:\n#0 0x55c65456bf83 <unknown>\n#1 0x55c654224cf7 <unknown>\n#2 0x55c65421c6ea <unknown>\n#3 0x55c65420b5a1 <unknown>\n#4 0x55c65420cd40 <unknown>\n#5 0x55c65420b854 <unknown>\n#6 0x55c65420a586 <unknown>\n#7 0x55c65420a44a <unknown>\n#8 0x55c6542087e1 <unknown>\n#9 0x55c65420901a <unknown>\n#10 0x55c654227bbe <unknown>\n#11 0x55c6542bd7a5 <unknown>\n#12 0x55c65429e0b2 <unknown>\n#13 0x55c6542bd006 <unknown>\n#14 0x55c65429de53 <unknown>\n#15 0x55c654265dd4 <unknown>\n#16 0x55c6542671de <unknown>\n#17 0x55c654530531 <unknown>\n#18 0x55c654534455 <unknown>\n#19 0x55c65451cf55 <unknown>\n#20 0x55c6545350ef <unknown>\n#21 0x55c65450099f <unknown>\n#22 0x55c654559008 <unknown>\n#23 0x55c6545591d7 <unknown>\n#24 0x55c65456b124 <unknown>\n#25 0x7f2982650044 <unknown>","time":{"start":1705712914688,"stop":1705713044819,"duration":130131}},{"uid":"da91d1d29857743d","reportUrl":"https://Nat754.github.io/StroyremAutomation/191//#testresult/da91d1d29857743d","status":"skipped","statusDetails":"XFAIL\n\nselenium.common.exceptions.WebDriverException: Message: unknown error: net::ERR_CONNECTION_TIMED_OUT\n  (Session info: chrome-headless-shell=120.0.6099.109)\nStacktrace:\n#0 0x5604956b4f83 <unknown>\n#1 0x56049536dcf7 <unknown>\n#2 0x5604953656ea <unknown>\n#3 0x5604953545a1 <unknown>\n#4 0x560495355d40 <unknown>\n#5 0x560495354854 <unknown>\n#6 0x560495353586 <unknown>\n#7 0x56049535344a <unknown>\n#8 0x5604953517e1 <unknown>\n#9 0x56049535201a <unknown>\n#10 0x560495370bbe <unknown>\n#11 0x5604954067a5 <unknown>\n#12 0x5604953e70b2 <unknown>\n#13 0x560495406006 <unknown>\n#14 0x5604953e6e53 <unknown>\n#15 0x5604953aedd4 <unknown>\n#16 0x5604953b01de <unknown>\n#17 0x560495679531 <unknown>\n#18 0x56049567d455 <unknown>\n#19 0x560495665f55 <unknown>\n#20 0x56049567e0ef <unknown>\n#21 0x56049564999f <unknown>\n#22 0x5604956a2008 <unknown>\n#23 0x5604956a21d7 <unknown>\n#24 0x5604956b4124 <unknown>\n#25 0x7f4d8e9c8044 <unknown>","time":{"start":1705626565157,"stop":1705626695302,"duration":130145}},{"uid":"7118201053e91bdf","reportUrl":"https://Nat754.github.io/StroyremAutomation/190//#testresult/7118201053e91bdf","status":"skipped","statusDetails":"XFAIL\n\nselenium.common.exceptions.WebDriverException: Message: unknown error: net::ERR_CONNECTION_TIMED_OUT\n  (Session info: chrome-headless-shell=120.0.6099.109)\nStacktrace:\n#0 0x56469d413f83 <unknown>\n#1 0x56469d0cccf7 <unknown>\n#2 0x56469d0c46ea <unknown>\n#3 0x56469d0b35a1 <unknown>\n#4 0x56469d0b4d40 <unknown>\n#5 0x56469d0b3854 <unknown>\n#6 0x56469d0b2586 <unknown>\n#7 0x56469d0b244a <unknown>\n#8 0x56469d0b07e1 <unknown>\n#9 0x56469d0b101a <unknown>\n#10 0x56469d0cfbbe <unknown>\n#11 0x56469d1657a5 <unknown>\n#12 0x56469d1460b2 <unknown>\n#13 0x56469d165006 <unknown>\n#14 0x56469d145e53 <unknown>\n#15 0x56469d10ddd4 <unknown>\n#16 0x56469d10f1de <unknown>\n#17 0x56469d3d8531 <unknown>\n#18 0x56469d3dc455 <unknown>\n#19 0x56469d3c4f55 <unknown>\n#20 0x56469d3dd0ef <unknown>\n#21 0x56469d3a899f <unknown>\n#22 0x56469d401008 <unknown>\n#23 0x56469d4011d7 <unknown>\n#24 0x56469d413124 <unknown>\n#25 0x7f33f7c4a044 <unknown>","time":{"start":1705540134572,"stop":1705540264697,"duration":130125}},{"uid":"8c826031841572dc","reportUrl":"https://Nat754.github.io/StroyremAutomation/189//#testresult/8c826031841572dc","status":"skipped","statusDetails":"XFAIL\n\nselenium.common.exceptions.WebDriverException: Message: unknown error: net::ERR_CONNECTION_TIMED_OUT\n  (Session info: chrome-headless-shell=120.0.6099.109)\nStacktrace:\n#0 0x56280b4b9f83 <unknown>\n#1 0x56280b172cf7 <unknown>\n#2 0x56280b16a6ea <unknown>\n#3 0x56280b1595a1 <unknown>\n#4 0x56280b15ad40 <unknown>\n#5 0x56280b159854 <unknown>\n#6 0x56280b158586 <unknown>\n#7 0x56280b15844a <unknown>\n#8 0x56280b1567e1 <unknown>\n#9 0x56280b15701a <unknown>\n#10 0x56280b175bbe <unknown>\n#11 0x56280b20b7a5 <unknown>\n#12 0x56280b1ec0b2 <unknown>\n#13 0x56280b20b006 <unknown>\n#14 0x56280b1ebe53 <unknown>\n#15 0x56280b1b3dd4 <unknown>\n#16 0x56280b1b51de <unknown>\n#17 0x56280b47e531 <unknown>\n#18 0x56280b482455 <unknown>\n#19 0x56280b46af55 <unknown>\n#20 0x56280b4830ef <unknown>\n#21 0x56280b44e99f <unknown>\n#22 0x56280b4a7008 <unknown>\n#23 0x56280b4a71d7 <unknown>\n#24 0x56280b4b9124 <unknown>\n#25 0x7f63af87f044 <unknown>","time":{"start":1705453761929,"stop":1705453892051,"duration":130122}}]},"tags":["@pytest.mark.xfail","smoke_test"]},"source":"bdcd2e0df408d15e.json","parameterValues":["2980","66","'TD 007'","2490","'products/shtukaturka-gipsovaya-aksolit-m50-30-kg-mashinnogo-naneseniya'","1300","'https://sandboxtest.stroyrem-nn.ru/'","2000"]}