{"uid":"2dd41649b144b07d","name":"TD 015 Доставка товара весом до 30кг. в синей зоне","fullName":"tests.delivery.test_delivery_calculation.TestDeliveryPageCalculation#test_positive_delivery_blue_zone_smoke","historyId":"ae12a59ab9fb9a38e23182dccc7cf409","time":{"start":1702688055446,"stop":1702688055831,"duration":385},"status":"skipped","statusMessage":"XFAIL\n\nselenium.common.exceptions.NoSuchElementException: Message: no such element: Unable to locate element: {\"method\":\"xpath\",\"selector\":\"(//a[@class='add-to-cart yellow-btn'])[1]\"}\n  (Session info: chrome-headless-shell=120.0.6099.71); For documentation on this error, please visit: https://www.selenium.dev/documentation/webdriver/troubleshooting/errors#no-such-element-exception\nStacktrace:\n#0 0x561da7dbbd33 <unknown>\n#1 0x561da7a78f87 <unknown>\n#2 0x561da7ac8c0e <unknown>\n#3 0x561da7ac8d11 <unknown>\n#4 0x561da7b14004 <unknown>\n#5 0x561da7af236d <unknown>\n#6 0x561da7b11297 <unknown>\n#7 0x561da7af20e3 <unknown>\n#8 0x561da7aba044 <unknown>\n#9 0x561da7abb44e <unknown>\n#10 0x561da7d80861 <unknown>\n#11 0x561da7d84785 <unknown>\n#12 0x561da7d6e285 <unknown>\n#13 0x561da7d8541f <unknown>\n#14 0x561da7d5220f <unknown>\n#15 0x561da7da9028 <unknown>\n#16 0x561da7da91f7 <unknown>\n#17 0x561da7dbaed4 <unknown>\n#18 0x7f53bedb8044 <unknown>","statusTrace":"self = <tests.delivery.test_delivery_calculation.TestDeliveryPageCalculation object at 0x7f01720a63d0>\ndriver = <selenium.webdriver.chrome.webdriver.WebDriver (session=\"d383920d9ccb59f79337a66e52944eaf\")>\nurl = 'https://sandboxtest.stroyrem-nn.ru/', case_id = 'TD 015'\nlink_item = 'products/shtukaturka-tsementnaya-bergauf-bau-putts-tsement-25kg-56sht'\namount = 1, weight = 30, standard = 650, in_time = 2390, all_time = 3320\n\n    @pytest.mark.parametrize('case_id, link_item, amount, weight, standard, in_time, all_time', [\n        (\"TD 015\", bundeks_25, 1, 30, 650, 2390, 3320),\n        pytest.param(\n            \"TD 016\", aksolit_30, 8, 300, 650, 2390, 3320,\n            marks=pytest.mark.xfail(reson=\"Цена доставки: - - -\")\n        ),\n        (\"TD 017\", aksolit_30, 13, 400, 650, 2390, 3320),\n        (\"TD 018\", aksolit_30, 16, 500, 850, 2490, 3320),\n        (\"TD 019\", aksolit_30, 25, 1700, 1150, 2490, 3320),\n        (\"TD 020\", aksolit_30, 66, 2000, 1500, 2990, 3650),\n        (\"TD 021\", aksolit_30, 149, 4500, 2600, 4380, 4890),\n        (\"TD 022\", aksolit_30, 166, 5000, 2800, 5490, 5980),\n        pytest.param(\n            \"TD 023\", aksolit_30, 206, 6200, 3300, 7500, 8000,\n            marks=pytest.mark.xfail(reson=\"Цена доставки: 4300 9900 11440\")\n        ),\n        (\"TD 024\", aksolit_30, 299, 9000, 4300, 9900, 11440),\n        (\"TD 025\", aksolit_30, 333, 10000, 7000, 13900, 15900),\n        pytest.param(\n            \"TD 026\", aksolit_30, 366, 11000, 8000, 14900, 19900,\n            marks=pytest.mark.xfail(reson=\"Цена доставки: 7000 13900 15900\")\n        ),\n        pytest.param(\n            \"TD 027\", aksolit_30, 666, 20000, 14000, 16900, 23900,\n            marks=pytest.mark.xfail(reson=\"Цена доставки: 7000 13900 15900\")\n        )\n    ])\n    @pytest.mark.xfail\n    @pytest.mark.smoke_test\n    def test_positive_delivery_blue_zone_smoke(\n            self, driver, url, case_id, link_item, amount, weight, standard, in_time, all_time\n    ):\n        allure.dynamic.title(f\"{case_id} Доставка товара весом до {weight}кг. в синей зоне\")\n    \n        driver.get(f'{url}{link_item}')\n        item_page = ItemPage(driver)\n>       item_page.add_item_to_cart(amount).click_on_cart()\n\ntests/delivery/test_delivery_calculation.py:132: \n_ _ _ _ _ _ _ _ _ _ _ _ _ _ _ _ _ _ _ _ _ _ _ _ _ _ _ _ _ _ _ _ _ _ _ _ _ _ _ _ \npages/item_page.py:40: in add_item_to_cart\n    self.find_element(self._add_item).click()\nbase/seleniumbase.py:17: in find_element\n    return self.driver.find_element(*locator)\n/usr/local/lib/python3.11/site-packages/selenium/webdriver/remote/webdriver.py:739: in find_element\n    return self.execute(Command.FIND_ELEMENT, {\"using\": by, \"value\": value})[\"value\"]\n/usr/local/lib/python3.11/site-packages/selenium/webdriver/remote/webdriver.py:345: in execute\n    self.error_handler.check_response(response)\n_ _ _ _ _ _ _ _ _ _ _ _ _ _ _ _ _ _ _ _ _ _ _ _ _ _ _ _ _ _ _ _ _ _ _ _ _ _ _ _ \n\nself = <selenium.webdriver.remote.errorhandler.ErrorHandler object at 0x7f0171de95d0>\nresponse = {'status': 404, 'value': '{\"value\":{\"error\":\"no such element\",\"message\":\"no such element: Unable to locate element: {\\...\\\\n#16 0x561da7da91f7 \\\\u003Cunknown>\\\\n#17 0x561da7dbaed4 \\\\u003Cunknown>\\\\n#18 0x7f53bedb8044 \\\\u003Cunknown>\\\\n\"}}'}\n\n    def check_response(self, response: Dict[str, Any]) -> None:\n        \"\"\"Checks that a JSON response from the WebDriver does not have an\n        error.\n    \n        :Args:\n         - response - The JSON response from the WebDriver server as a dictionary\n           object.\n    \n        :Raises: If the response contains an error message.\n        \"\"\"\n        status = response.get(\"status\", None)\n        if not status or status == ErrorCode.SUCCESS:\n            return\n        value = None\n        message = response.get(\"message\", \"\")\n        screen: str = response.get(\"screen\", \"\")\n        stacktrace = None\n        if isinstance(status, int):\n            value_json = response.get(\"value\", None)\n            if value_json and isinstance(value_json, str):\n                import json\n    \n                try:\n                    value = json.loads(value_json)\n                    if len(value) == 1:\n                        value = value[\"value\"]\n                    status = value.get(\"error\", None)\n                    if not status:\n                        status = value.get(\"status\", ErrorCode.UNKNOWN_ERROR)\n                        message = value.get(\"value\") or value.get(\"message\")\n                        if not isinstance(message, str):\n                            value = message\n                            message = message.get(\"message\")\n                    else:\n                        message = value.get(\"message\", None)\n                except ValueError:\n                    pass\n    \n        exception_class: Type[WebDriverException]\n        e = ErrorCode()\n        error_codes = [item for item in dir(e) if not item.startswith(\"__\")]\n        for error_code in error_codes:\n            error_info = getattr(ErrorCode, error_code)\n            if isinstance(error_info, list) and status in error_info:\n                exception_class = getattr(ExceptionMapping, error_code, WebDriverException)\n                break\n        else:\n            exception_class = WebDriverException\n    \n        if not value:\n            value = response[\"value\"]\n        if isinstance(value, str):\n            raise exception_class(value)\n        if message == \"\" and \"message\" in value:\n            message = value[\"message\"]\n    \n        screen = None  # type: ignore[assignment]\n        if \"screen\" in value:\n            screen = value[\"screen\"]\n    \n        stacktrace = None\n        st_value = value.get(\"stackTrace\") or value.get(\"stacktrace\")\n        if st_value:\n            if isinstance(st_value, str):\n                stacktrace = st_value.split(\"\\n\")\n            else:\n                stacktrace = []\n                try:\n                    for frame in st_value:\n                        line = frame.get(\"lineNumber\", \"\")\n                        file = frame.get(\"fileName\", \"<anonymous>\")\n                        if line:\n                            file = f\"{file}:{line}\"\n                        meth = frame.get(\"methodName\", \"<anonymous>\")\n                        if \"className\" in frame:\n                            meth = f\"{frame['className']}.{meth}\"\n                        msg = \"    at %s (%s)\"\n                        msg = msg % (meth, file)\n                        stacktrace.append(msg)\n                except TypeError:\n                    pass\n        if exception_class == UnexpectedAlertPresentException:\n            alert_text = None\n            if \"data\" in value:\n                alert_text = value[\"data\"].get(\"text\")\n            elif \"alert\" in value:\n                alert_text = value[\"alert\"].get(\"text\")\n            raise exception_class(message, screen, stacktrace, alert_text)  # type: ignore[call-arg]  # mypy is not smart enough here\n>       raise exception_class(message, screen, stacktrace)\nE       selenium.common.exceptions.NoSuchElementException: Message: no such element: Unable to locate element: {\"method\":\"xpath\",\"selector\":\"(//a[@class='add-to-cart yellow-btn'])[1]\"}\nE         (Session info: chrome-headless-shell=120.0.6099.71); For documentation on this error, please visit: https://www.selenium.dev/documentation/webdriver/troubleshooting/errors#no-such-element-exception\nE       Stacktrace:\nE       #0 0x561da7dbbd33 <unknown>\nE       #1 0x561da7a78f87 <unknown>\nE       #2 0x561da7ac8c0e <unknown>\nE       #3 0x561da7ac8d11 <unknown>\nE       #4 0x561da7b14004 <unknown>\nE       #5 0x561da7af236d <unknown>\nE       #6 0x561da7b11297 <unknown>\nE       #7 0x561da7af20e3 <unknown>\nE       #8 0x561da7aba044 <unknown>\nE       #9 0x561da7abb44e <unknown>\nE       #10 0x561da7d80861 <unknown>\nE       #11 0x561da7d84785 <unknown>\nE       #12 0x561da7d6e285 <unknown>\nE       #13 0x561da7d8541f <unknown>\nE       #14 0x561da7d5220f <unknown>\nE       #15 0x561da7da9028 <unknown>\nE       #16 0x561da7da91f7 <unknown>\nE       #17 0x561da7dbaed4 <unknown>\nE       #18 0x7f53bedb8044 <unknown>\n\n/usr/local/lib/python3.11/site-packages/selenium/webdriver/remote/errorhandler.py:229: NoSuchElementException","flaky":false,"newFailed":false,"newBroken":false,"newPassed":false,"retriesCount":0,"retriesStatusChange":false,"beforeStages":[{"name":"_session_faker","time":{"start":1702687827612,"stop":1702687827679,"duration":67},"status":"passed","steps":[],"attachments":[],"parameters":[],"shouldDisplayMessage":false,"stepsCount":0,"attachmentsCount":0,"hasContent":false,"attachmentStep":false},{"name":"clear_allure_results_folder","time":{"start":1702687827680,"stop":1702687827680,"duration":0},"status":"passed","steps":[],"attachments":[],"parameters":[],"shouldDisplayMessage":false,"stepsCount":0,"attachmentsCount":0,"hasContent":false,"attachmentStep":false},{"name":"driver","time":{"start":1702688054669,"stop":1702688055445,"duration":776},"status":"passed","steps":[],"attachments":[],"parameters":[],"shouldDisplayMessage":false,"stepsCount":0,"attachmentsCount":0,"hasContent":false,"attachmentStep":false},{"name":"setup","time":{"start":1702688055445,"stop":1702688055445,"duration":0},"status":"passed","steps":[],"attachments":[],"parameters":[],"shouldDisplayMessage":false,"stepsCount":0,"attachmentsCount":0,"hasContent":false,"attachmentStep":false}],"testStage":{"status":"skipped","statusMessage":"XFAIL\n\nselenium.common.exceptions.NoSuchElementException: Message: no such element: Unable to locate element: {\"method\":\"xpath\",\"selector\":\"(//a[@class='add-to-cart yellow-btn'])[1]\"}\n  (Session info: chrome-headless-shell=120.0.6099.71); For documentation on this error, please visit: https://www.selenium.dev/documentation/webdriver/troubleshooting/errors#no-such-element-exception\nStacktrace:\n#0 0x561da7dbbd33 <unknown>\n#1 0x561da7a78f87 <unknown>\n#2 0x561da7ac8c0e <unknown>\n#3 0x561da7ac8d11 <unknown>\n#4 0x561da7b14004 <unknown>\n#5 0x561da7af236d <unknown>\n#6 0x561da7b11297 <unknown>\n#7 0x561da7af20e3 <unknown>\n#8 0x561da7aba044 <unknown>\n#9 0x561da7abb44e <unknown>\n#10 0x561da7d80861 <unknown>\n#11 0x561da7d84785 <unknown>\n#12 0x561da7d6e285 <unknown>\n#13 0x561da7d8541f <unknown>\n#14 0x561da7d5220f <unknown>\n#15 0x561da7da9028 <unknown>\n#16 0x561da7da91f7 <unknown>\n#17 0x561da7dbaed4 <unknown>\n#18 0x7f53bedb8044 <unknown>","statusTrace":"self = <tests.delivery.test_delivery_calculation.TestDeliveryPageCalculation object at 0x7f01720a63d0>\ndriver = <selenium.webdriver.chrome.webdriver.WebDriver (session=\"d383920d9ccb59f79337a66e52944eaf\")>\nurl = 'https://sandboxtest.stroyrem-nn.ru/', case_id = 'TD 015'\nlink_item = 'products/shtukaturka-tsementnaya-bergauf-bau-putts-tsement-25kg-56sht'\namount = 1, weight = 30, standard = 650, in_time = 2390, all_time = 3320\n\n    @pytest.mark.parametrize('case_id, link_item, amount, weight, standard, in_time, all_time', [\n        (\"TD 015\", bundeks_25, 1, 30, 650, 2390, 3320),\n        pytest.param(\n            \"TD 016\", aksolit_30, 8, 300, 650, 2390, 3320,\n            marks=pytest.mark.xfail(reson=\"Цена доставки: - - -\")\n        ),\n        (\"TD 017\", aksolit_30, 13, 400, 650, 2390, 3320),\n        (\"TD 018\", aksolit_30, 16, 500, 850, 2490, 3320),\n        (\"TD 019\", aksolit_30, 25, 1700, 1150, 2490, 3320),\n        (\"TD 020\", aksolit_30, 66, 2000, 1500, 2990, 3650),\n        (\"TD 021\", aksolit_30, 149, 4500, 2600, 4380, 4890),\n        (\"TD 022\", aksolit_30, 166, 5000, 2800, 5490, 5980),\n        pytest.param(\n            \"TD 023\", aksolit_30, 206, 6200, 3300, 7500, 8000,\n            marks=pytest.mark.xfail(reson=\"Цена доставки: 4300 9900 11440\")\n        ),\n        (\"TD 024\", aksolit_30, 299, 9000, 4300, 9900, 11440),\n        (\"TD 025\", aksolit_30, 333, 10000, 7000, 13900, 15900),\n        pytest.param(\n            \"TD 026\", aksolit_30, 366, 11000, 8000, 14900, 19900,\n            marks=pytest.mark.xfail(reson=\"Цена доставки: 7000 13900 15900\")\n        ),\n        pytest.param(\n            \"TD 027\", aksolit_30, 666, 20000, 14000, 16900, 23900,\n            marks=pytest.mark.xfail(reson=\"Цена доставки: 7000 13900 15900\")\n        )\n    ])\n    @pytest.mark.xfail\n    @pytest.mark.smoke_test\n    def test_positive_delivery_blue_zone_smoke(\n            self, driver, url, case_id, link_item, amount, weight, standard, in_time, all_time\n    ):\n        allure.dynamic.title(f\"{case_id} Доставка товара весом до {weight}кг. в синей зоне\")\n    \n        driver.get(f'{url}{link_item}')\n        item_page = ItemPage(driver)\n>       item_page.add_item_to_cart(amount).click_on_cart()\n\ntests/delivery/test_delivery_calculation.py:132: \n_ _ _ _ _ _ _ _ _ _ _ _ _ _ _ _ _ _ _ _ _ _ _ _ _ _ _ _ _ _ _ _ _ _ _ _ _ _ _ _ \npages/item_page.py:40: in add_item_to_cart\n    self.find_element(self._add_item).click()\nbase/seleniumbase.py:17: in find_element\n    return self.driver.find_element(*locator)\n/usr/local/lib/python3.11/site-packages/selenium/webdriver/remote/webdriver.py:739: in find_element\n    return self.execute(Command.FIND_ELEMENT, {\"using\": by, \"value\": value})[\"value\"]\n/usr/local/lib/python3.11/site-packages/selenium/webdriver/remote/webdriver.py:345: in execute\n    self.error_handler.check_response(response)\n_ _ _ _ _ _ _ _ _ _ _ _ _ _ _ _ _ _ _ _ _ _ _ _ _ _ _ _ _ _ _ _ _ _ _ _ _ _ _ _ \n\nself = <selenium.webdriver.remote.errorhandler.ErrorHandler object at 0x7f0171de95d0>\nresponse = {'status': 404, 'value': '{\"value\":{\"error\":\"no such element\",\"message\":\"no such element: Unable to locate element: {\\...\\\\n#16 0x561da7da91f7 \\\\u003Cunknown>\\\\n#17 0x561da7dbaed4 \\\\u003Cunknown>\\\\n#18 0x7f53bedb8044 \\\\u003Cunknown>\\\\n\"}}'}\n\n    def check_response(self, response: Dict[str, Any]) -> None:\n        \"\"\"Checks that a JSON response from the WebDriver does not have an\n        error.\n    \n        :Args:\n         - response - The JSON response from the WebDriver server as a dictionary\n           object.\n    \n        :Raises: If the response contains an error message.\n        \"\"\"\n        status = response.get(\"status\", None)\n        if not status or status == ErrorCode.SUCCESS:\n            return\n        value = None\n        message = response.get(\"message\", \"\")\n        screen: str = response.get(\"screen\", \"\")\n        stacktrace = None\n        if isinstance(status, int):\n            value_json = response.get(\"value\", None)\n            if value_json and isinstance(value_json, str):\n                import json\n    \n                try:\n                    value = json.loads(value_json)\n                    if len(value) == 1:\n                        value = value[\"value\"]\n                    status = value.get(\"error\", None)\n                    if not status:\n                        status = value.get(\"status\", ErrorCode.UNKNOWN_ERROR)\n                        message = value.get(\"value\") or value.get(\"message\")\n                        if not isinstance(message, str):\n                            value = message\n                            message = message.get(\"message\")\n                    else:\n                        message = value.get(\"message\", None)\n                except ValueError:\n                    pass\n    \n        exception_class: Type[WebDriverException]\n        e = ErrorCode()\n        error_codes = [item for item in dir(e) if not item.startswith(\"__\")]\n        for error_code in error_codes:\n            error_info = getattr(ErrorCode, error_code)\n            if isinstance(error_info, list) and status in error_info:\n                exception_class = getattr(ExceptionMapping, error_code, WebDriverException)\n                break\n        else:\n            exception_class = WebDriverException\n    \n        if not value:\n            value = response[\"value\"]\n        if isinstance(value, str):\n            raise exception_class(value)\n        if message == \"\" and \"message\" in value:\n            message = value[\"message\"]\n    \n        screen = None  # type: ignore[assignment]\n        if \"screen\" in value:\n            screen = value[\"screen\"]\n    \n        stacktrace = None\n        st_value = value.get(\"stackTrace\") or value.get(\"stacktrace\")\n        if st_value:\n            if isinstance(st_value, str):\n                stacktrace = st_value.split(\"\\n\")\n            else:\n                stacktrace = []\n                try:\n                    for frame in st_value:\n                        line = frame.get(\"lineNumber\", \"\")\n                        file = frame.get(\"fileName\", \"<anonymous>\")\n                        if line:\n                            file = f\"{file}:{line}\"\n                        meth = frame.get(\"methodName\", \"<anonymous>\")\n                        if \"className\" in frame:\n                            meth = f\"{frame['className']}.{meth}\"\n                        msg = \"    at %s (%s)\"\n                        msg = msg % (meth, file)\n                        stacktrace.append(msg)\n                except TypeError:\n                    pass\n        if exception_class == UnexpectedAlertPresentException:\n            alert_text = None\n            if \"data\" in value:\n                alert_text = value[\"data\"].get(\"text\")\n            elif \"alert\" in value:\n                alert_text = value[\"alert\"].get(\"text\")\n            raise exception_class(message, screen, stacktrace, alert_text)  # type: ignore[call-arg]  # mypy is not smart enough here\n>       raise exception_class(message, screen, stacktrace)\nE       selenium.common.exceptions.NoSuchElementException: Message: no such element: Unable to locate element: {\"method\":\"xpath\",\"selector\":\"(//a[@class='add-to-cart yellow-btn'])[1]\"}\nE         (Session info: chrome-headless-shell=120.0.6099.71); For documentation on this error, please visit: https://www.selenium.dev/documentation/webdriver/troubleshooting/errors#no-such-element-exception\nE       Stacktrace:\nE       #0 0x561da7dbbd33 <unknown>\nE       #1 0x561da7a78f87 <unknown>\nE       #2 0x561da7ac8c0e <unknown>\nE       #3 0x561da7ac8d11 <unknown>\nE       #4 0x561da7b14004 <unknown>\nE       #5 0x561da7af236d <unknown>\nE       #6 0x561da7b11297 <unknown>\nE       #7 0x561da7af20e3 <unknown>\nE       #8 0x561da7aba044 <unknown>\nE       #9 0x561da7abb44e <unknown>\nE       #10 0x561da7d80861 <unknown>\nE       #11 0x561da7d84785 <unknown>\nE       #12 0x561da7d6e285 <unknown>\nE       #13 0x561da7d8541f <unknown>\nE       #14 0x561da7d5220f <unknown>\nE       #15 0x561da7da9028 <unknown>\nE       #16 0x561da7da91f7 <unknown>\nE       #17 0x561da7dbaed4 <unknown>\nE       #18 0x7f53bedb8044 <unknown>\n\n/usr/local/lib/python3.11/site-packages/selenium/webdriver/remote/errorhandler.py:229: NoSuchElementException","steps":[{"name":"Добавляем товар в корзину в количестве 1","time":{"start":1702688055819,"stop":1702688055831,"duration":12},"status":"broken","statusMessage":"selenium.common.exceptions.NoSuchElementException: Message: no such element: Unable to locate element: {\"method\":\"xpath\",\"selector\":\"(//a[@class='add-to-cart yellow-btn'])[1]\"}\n  (Session info: chrome-headless-shell=120.0.6099.71); For documentation on this error, please visit: https://www.selenium.dev/documentation/webdriver/troubleshooting/errors#no-such-element-exception\nStacktrace:\n#0 0x561da7dbbd33 <unknown>\n#1 0x561da7a78f87 <unknown>\n#2 0x561da7ac8c0e <unknown>\n#3 0x561da7ac8d11 <unknown>\n#4 0x561da7b14004 <unknown>\n#5 0x561da7af236d <unknown>\n#6 0x561da7b11297 <unknown>\n#7 0x561da7af20e3 <unknown>\n#8 0x561da7aba044 <unknown>\n#9 0x561da7abb44e <unknown>\n#10 0x561da7d80861 <unknown>\n#11 0x561da7d84785 <unknown>\n#12 0x561da7d6e285 <unknown>\n#13 0x561da7d8541f <unknown>\n#14 0x561da7d5220f <unknown>\n#15 0x561da7da9028 <unknown>\n#16 0x561da7da91f7 <unknown>\n#17 0x561da7dbaed4 <unknown>\n#18 0x7f53bedb8044 <unknown>\n\n","statusTrace":"  File \"/usr/local/lib/python3.11/site-packages/allure_commons/_allure.py\", line 192, in impl\n    return func(*a, **kw)\n           ^^^^^^^^^^^^^^\n  File \"/app/pages/item_page.py\", line 40, in add_item_to_cart\n    self.find_element(self._add_item).click()\n    ^^^^^^^^^^^^^^^^^^^^^^^^^^^^^^^^^\n  File \"/app/base/seleniumbase.py\", line 17, in find_element\n    return self.driver.find_element(*locator)\n           ^^^^^^^^^^^^^^^^^^^^^^^^^^^^^^^^^^\n  File \"/usr/local/lib/python3.11/site-packages/selenium/webdriver/remote/webdriver.py\", line 739, in find_element\n    return self.execute(Command.FIND_ELEMENT, {\"using\": by, \"value\": value})[\"value\"]\n           ^^^^^^^^^^^^^^^^^^^^^^^^^^^^^^^^^^^^^^^^^^^^^^^^^^^^^^^^^^^^^^^^^\n  File \"/usr/local/lib/python3.11/site-packages/selenium/webdriver/remote/webdriver.py\", line 345, in execute\n    self.error_handler.check_response(response)\n  File \"/usr/local/lib/python3.11/site-packages/selenium/webdriver/remote/errorhandler.py\", line 229, in check_response\n    raise exception_class(message, screen, stacktrace)\n","steps":[],"attachments":[],"parameters":[{"name":"amount","value":"1"}],"shouldDisplayMessage":true,"stepsCount":0,"attachmentsCount":0,"hasContent":true,"attachmentStep":false}],"attachments":[{"uid":"e0beb17fb2284071","name":"Screenshot","source":"e0beb17fb2284071.png","type":"image/png","size":5862},{"uid":"a7fad533aa3a92d8","name":"HTML source","source":"a7fad533aa3a92d8.html","type":"text/html","size":39}],"parameters":[],"shouldDisplayMessage":true,"stepsCount":1,"attachmentsCount":2,"hasContent":true,"attachmentStep":false},"afterStages":[{"name":"setup::0","time":{"start":1702688055943,"stop":1702688055943,"duration":0},"status":"passed","steps":[],"attachments":[],"parameters":[],"shouldDisplayMessage":false,"stepsCount":0,"attachmentsCount":0,"hasContent":false,"attachmentStep":false},{"name":"driver::0","time":{"start":1702688055943,"stop":1702688056000,"duration":57},"status":"passed","steps":[],"attachments":[],"parameters":[],"shouldDisplayMessage":false,"stepsCount":0,"attachmentsCount":0,"hasContent":false,"attachmentStep":false}],"labels":[{"name":"epic","value":"Delivery Page - calculation"},{"name":"tag","value":"smoke_test"},{"name":"tag","value":"@pytest.mark.xfail"},{"name":"parentSuite","value":"tests.delivery"},{"name":"suite","value":"test_delivery_calculation"},{"name":"subSuite","value":"TestDeliveryPageCalculation"},{"name":"host","value":"706fdace8871"},{"name":"thread","value":"1-MainThread"},{"name":"framework","value":"pytest"},{"name":"language","value":"cpython3"},{"name":"package","value":"tests.delivery.test_delivery_calculation"},{"name":"resultFormat","value":"allure2"}],"parameters":[{"name":"all_time","value":"3320"},{"name":"amount","value":"1"},{"name":"case_id","value":"'TD 015'"},{"name":"in_time","value":"2390"},{"name":"link_item","value":"'products/shtukaturka-tsementnaya-bergauf-bau-putts-tsement-25kg-56sht'"},{"name":"standard","value":"650"},{"name":"url","value":"'https://sandboxtest.stroyrem-nn.ru/'"},{"name":"weight","value":"30"}],"links":[],"hidden":false,"retry":false,"extra":{"severity":"normal","retries":[],"categories":[],"history":{"statistic":{"failed":0,"broken":13,"skipped":96,"passed":0,"unknown":0,"total":109},"items":[{"uid":"933e1398f482ea89","reportUrl":"https://Nat754.github.io/StroyremAutomation/156//#testresult/933e1398f482ea89","status":"skipped","statusDetails":"XFAIL\n\nselenium.common.exceptions.NoSuchElementException: Message: no such element: Unable to locate element: {\"method\":\"xpath\",\"selector\":\"(//a[@class='add-to-cart yellow-btn'])[1]\"}\n  (Session info: chrome-headless-shell=120.0.6099.71); For documentation on this error, please visit: https://www.selenium.dev/documentation/webdriver/troubleshooting/errors#no-such-element-exception\nStacktrace:\n#0 0x55ae3147bd33 <unknown>\n#1 0x55ae31138f87 <unknown>\n#2 0x55ae31188c0e <unknown>\n#3 0x55ae31188d11 <unknown>\n#4 0x55ae311d4004 <unknown>\n#5 0x55ae311b236d <unknown>\n#6 0x55ae311d1297 <unknown>\n#7 0x55ae311b20e3 <unknown>\n#8 0x55ae3117a044 <unknown>\n#9 0x55ae3117b44e <unknown>\n#10 0x55ae31440861 <unknown>\n#11 0x55ae31444785 <unknown>\n#12 0x55ae3142e285 <unknown>\n#13 0x55ae3144541f <unknown>\n#14 0x55ae3141220f <unknown>\n#15 0x55ae31469028 <unknown>\n#16 0x55ae314691f7 <unknown>\n#17 0x55ae3147aed4 <unknown>\n#18 0x7fd64c751044 <unknown>","time":{"start":1702601776000,"stop":1702601776630,"duration":630}},{"uid":"b05eaf1a26b1d4c4","reportUrl":"https://Nat754.github.io/StroyremAutomation/155//#testresult/b05eaf1a26b1d4c4","status":"skipped","statusDetails":"XFAIL\n\nselenium.common.exceptions.NoSuchElementException: Message: no such element: Unable to locate element: {\"method\":\"xpath\",\"selector\":\"(//a[@class='add-to-cart yellow-btn'])[1]\"}\n  (Session info: chrome-headless-shell=120.0.6099.71); For documentation on this error, please visit: https://www.selenium.dev/documentation/webdriver/troubleshooting/errors#no-such-element-exception\nStacktrace:\n#0 0x55e8dad26d33 <unknown>\n#1 0x55e8da9e3f87 <unknown>\n#2 0x55e8daa33c0e <unknown>\n#3 0x55e8daa33d11 <unknown>\n#4 0x55e8daa7f004 <unknown>\n#5 0x55e8daa5d36d <unknown>\n#6 0x55e8daa7c297 <unknown>\n#7 0x55e8daa5d0e3 <unknown>\n#8 0x55e8daa25044 <unknown>\n#9 0x55e8daa2644e <unknown>\n#10 0x55e8daceb861 <unknown>\n#11 0x55e8dacef785 <unknown>\n#12 0x55e8dacd9285 <unknown>\n#13 0x55e8dacf041f <unknown>\n#14 0x55e8dacbd20f <unknown>\n#15 0x55e8dad14028 <unknown>\n#16 0x55e8dad141f7 <unknown>\n#17 0x55e8dad25ed4 <unknown>\n#18 0x7fbc6cb24044 <unknown>","time":{"start":1702515233187,"stop":1702515233668,"duration":481}},{"uid":"58240d74553db2e3","reportUrl":"https://Nat754.github.io/StroyremAutomation/154//#testresult/58240d74553db2e3","status":"skipped","statusDetails":"XFAIL\n\nselenium.common.exceptions.NoSuchElementException: Message: no such element: Unable to locate element: {\"method\":\"xpath\",\"selector\":\"(//a[@class='add-to-cart yellow-btn'])[1]\"}\n  (Session info: chrome-headless-shell=120.0.6099.71); For documentation on this error, please visit: https://www.selenium.dev/documentation/webdriver/troubleshooting/errors#no-such-element-exception\nStacktrace:\n#0 0x56417b8edd33 <unknown>\n#1 0x56417b5aaf87 <unknown>\n#2 0x56417b5fac0e <unknown>\n#3 0x56417b5fad11 <unknown>\n#4 0x56417b646004 <unknown>\n#5 0x56417b62436d <unknown>\n#6 0x56417b643297 <unknown>\n#7 0x56417b6240e3 <unknown>\n#8 0x56417b5ec044 <unknown>\n#9 0x56417b5ed44e <unknown>\n#10 0x56417b8b2861 <unknown>\n#11 0x56417b8b6785 <unknown>\n#12 0x56417b8a0285 <unknown>\n#13 0x56417b8b741f <unknown>\n#14 0x56417b88420f <unknown>\n#15 0x56417b8db028 <unknown>\n#16 0x56417b8db1f7 <unknown>\n#17 0x56417b8eced4 <unknown>\n#18 0x7f4c673b6044 <unknown>","time":{"start":1702452968100,"stop":1702452968447,"duration":347}},{"uid":"5531e69376258ff4","reportUrl":"https://Nat754.github.io/StroyremAutomation/133//#testresult/5531e69376258ff4","status":"skipped","statusDetails":"XFAIL\n\nselenium.common.exceptions.NoSuchElementException: Message: no such element: Unable to locate element: {\"method\":\"xpath\",\"selector\":\"//input[@class='amount']\"}\n  (Session info: headless chrome=119.0.6045.105); For documentation on this error, please visit: https://www.selenium.dev/documentation/webdriver/troubleshooting/errors#no-such-element-exception\nStacktrace:\n#0 0x55ff31b955e3 <unknown>\n#1 0x55ff318580b7 <unknown>\n#2 0x55ff318a5f53 <unknown>\n#3 0x55ff318a6051 <unknown>\n#4 0x55ff318eb9c4 <unknown>\n#5 0x55ff318ccf1d <unknown>\n#6 0x55ff318e8b3d <unknown>\n#7 0x55ff318cccc3 <unknown>\n#8 0x55ff318980e4 <unknown>\n#9 0x55ff318990ae <unknown>\n#10 0x55ff31b5bce1 <unknown>\n#11 0x55ff31b5fb7e <unknown>\n#12 0x55ff31b494b5 <unknown>\n#13 0x55ff31b607d6 <unknown>\n#14 0x55ff31b2cdbf <unknown>\n#15 0x55ff31b83748 <unknown>\n#16 0x55ff31b83917 <unknown>\n#17 0x55ff31b94773 <unknown>\n#18 0x7f05f3a7b044 <unknown>","time":{"start":1700614607935,"stop":1700614611208,"duration":3273}},{"uid":"b38dff43328d1518","reportUrl":"https://Nat754.github.io/StroyremAutomation/132//#testresult/b38dff43328d1518","status":"skipped","statusDetails":"XFAIL\n\nselenium.common.exceptions.NoSuchElementException: Message: no such element: Unable to locate element: {\"method\":\"xpath\",\"selector\":\"//input[@class='amount']\"}\n  (Session info: headless chrome=119.0.6045.105); For documentation on this error, please visit: https://www.selenium.dev/documentation/webdriver/troubleshooting/errors#no-such-element-exception\nStacktrace:\n#0 0x55c9705985e3 <unknown>\n#1 0x55c97025b0b7 <unknown>\n#2 0x55c9702a8f53 <unknown>\n#3 0x55c9702a9051 <unknown>\n#4 0x55c9702ee9c4 <unknown>\n#5 0x55c9702cff1d <unknown>\n#6 0x55c9702ebb3d <unknown>\n#7 0x55c9702cfcc3 <unknown>\n#8 0x55c97029b0e4 <unknown>\n#9 0x55c97029c0ae <unknown>\n#10 0x55c97055ece1 <unknown>\n#11 0x55c970562b7e <unknown>\n#12 0x55c97054c4b5 <unknown>\n#13 0x55c9705637d6 <unknown>\n#14 0x55c97052fdbf <unknown>\n#15 0x55c970586748 <unknown>\n#16 0x55c970586917 <unknown>\n#17 0x55c970597773 <unknown>\n#18 0x7f8765fb9044 <unknown>","time":{"start":1700528224932,"stop":1700528229692,"duration":4760}},{"uid":"a2023409d82b2da4","reportUrl":"https://Nat754.github.io/StroyremAutomation/131//#testresult/a2023409d82b2da4","status":"skipped","statusDetails":"XFAIL\n\nselenium.common.exceptions.NoSuchElementException: Message: no such element: Unable to locate element: {\"method\":\"xpath\",\"selector\":\"//input[@class='amount']\"}\n  (Session info: headless chrome=119.0.6045.105); For documentation on this error, please visit: https://www.selenium.dev/documentation/webdriver/troubleshooting/errors#no-such-element-exception\nStacktrace:\n#0 0x56297c0b15e3 <unknown>\n#1 0x56297bd740b7 <unknown>\n#2 0x56297bdc1f53 <unknown>\n#3 0x56297bdc2051 <unknown>\n#4 0x56297be079c4 <unknown>\n#5 0x56297bde8f1d <unknown>\n#6 0x56297be04b3d <unknown>\n#7 0x56297bde8cc3 <unknown>\n#8 0x56297bdb40e4 <unknown>\n#9 0x56297bdb50ae <unknown>\n#10 0x56297c077ce1 <unknown>\n#11 0x56297c07bb7e <unknown>\n#12 0x56297c0654b5 <unknown>\n#13 0x56297c07c7d6 <unknown>\n#14 0x56297c048dbf <unknown>\n#15 0x56297c09f748 <unknown>\n#16 0x56297c09f917 <unknown>\n#17 0x56297c0b0773 <unknown>\n#18 0x7f6177900044 <unknown>","time":{"start":1700441782833,"stop":1700441786702,"duration":3869}},{"uid":"8ef731228fd5bf3c","reportUrl":"https://Nat754.github.io/StroyremAutomation/130//#testresult/8ef731228fd5bf3c","status":"skipped","statusDetails":"XFAIL\n\nselenium.common.exceptions.NoSuchElementException: Message: no such element: Unable to locate element: {\"method\":\"xpath\",\"selector\":\"//input[@class='amount']\"}\n  (Session info: headless chrome=119.0.6045.105); For documentation on this error, please visit: https://www.selenium.dev/documentation/webdriver/troubleshooting/errors#no-such-element-exception\nStacktrace:\n#0 0x561c4b0c55e3 <unknown>\n#1 0x561c4ad880b7 <unknown>\n#2 0x561c4add5f53 <unknown>\n#3 0x561c4add6051 <unknown>\n#4 0x561c4ae1b9c4 <unknown>\n#5 0x561c4adfcf1d <unknown>\n#6 0x561c4ae18b3d <unknown>\n#7 0x561c4adfccc3 <unknown>\n#8 0x561c4adc80e4 <unknown>\n#9 0x561c4adc90ae <unknown>\n#10 0x561c4b08bce1 <unknown>\n#11 0x561c4b08fb7e <unknown>\n#12 0x561c4b0794b5 <unknown>\n#13 0x561c4b0907d6 <unknown>\n#14 0x561c4b05cdbf <unknown>\n#15 0x561c4b0b3748 <unknown>\n#16 0x561c4b0b3917 <unknown>\n#17 0x561c4b0c4773 <unknown>\n#18 0x7fae678ce044 <unknown>","time":{"start":1700355514764,"stop":1700355518397,"duration":3633}},{"uid":"a21c68cdf5e29c69","reportUrl":"https://Nat754.github.io/StroyremAutomation/129//#testresult/a21c68cdf5e29c69","status":"skipped","statusDetails":"XFAIL\n\nselenium.common.exceptions.NoSuchElementException: Message: no such element: Unable to locate element: {\"method\":\"xpath\",\"selector\":\"//input[@class='amount']\"}\n  (Session info: headless chrome=119.0.6045.105); For documentation on this error, please visit: https://www.selenium.dev/documentation/webdriver/troubleshooting/errors#no-such-element-exception\nStacktrace:\n#0 0x555fb6e875e3 <unknown>\n#1 0x555fb6b4a0b7 <unknown>\n#2 0x555fb6b97f53 <unknown>\n#3 0x555fb6b98051 <unknown>\n#4 0x555fb6bdd9c4 <unknown>\n#5 0x555fb6bbef1d <unknown>\n#6 0x555fb6bdab3d <unknown>\n#7 0x555fb6bbecc3 <unknown>\n#8 0x555fb6b8a0e4 <unknown>\n#9 0x555fb6b8b0ae <unknown>\n#10 0x555fb6e4dce1 <unknown>\n#11 0x555fb6e51b7e <unknown>\n#12 0x555fb6e3b4b5 <unknown>\n#13 0x555fb6e527d6 <unknown>\n#14 0x555fb6e1edbf <unknown>\n#15 0x555fb6e75748 <unknown>\n#16 0x555fb6e75917 <unknown>\n#17 0x555fb6e86773 <unknown>\n#18 0x7f17b41a4044 <unknown>","time":{"start":1700268840247,"stop":1700268843785,"duration":3538}},{"uid":"c14f3aac6739e935","reportUrl":"https://Nat754.github.io/StroyremAutomation/128//#testresult/c14f3aac6739e935","status":"skipped","statusDetails":"XFAIL\n\nselenium.common.exceptions.NoSuchElementException: Message: no such element: Unable to locate element: {\"method\":\"xpath\",\"selector\":\"//input[@class='amount']\"}\n  (Session info: headless chrome=119.0.6045.105); For documentation on this error, please visit: https://www.selenium.dev/documentation/webdriver/troubleshooting/errors#no-such-element-exception\nStacktrace:\n#0 0x55e36f2de5e3 <unknown>\n#1 0x55e36efa10b7 <unknown>\n#2 0x55e36efeef53 <unknown>\n#3 0x55e36efef051 <unknown>\n#4 0x55e36f0349c4 <unknown>\n#5 0x55e36f015f1d <unknown>\n#6 0x55e36f031b3d <unknown>\n#7 0x55e36f015cc3 <unknown>\n#8 0x55e36efe10e4 <unknown>\n#9 0x55e36efe20ae <unknown>\n#10 0x55e36f2a4ce1 <unknown>\n#11 0x55e36f2a8b7e <unknown>\n#12 0x55e36f2924b5 <unknown>\n#13 0x55e36f2a97d6 <unknown>\n#14 0x55e36f275dbf <unknown>\n#15 0x55e36f2cc748 <unknown>\n#16 0x55e36f2cc917 <unknown>\n#17 0x55e36f2dd773 <unknown>\n#18 0x7f7b2ef54044 <unknown>","time":{"start":1700182580373,"stop":1700182584828,"duration":4455}},{"uid":"1c0802a021516b8d","reportUrl":"https://Nat754.github.io/StroyremAutomation/127//#testresult/1c0802a021516b8d","status":"skipped","statusDetails":"XFAIL\n\nselenium.common.exceptions.NoSuchElementException: Message: no such element: Unable to locate element: {\"method\":\"xpath\",\"selector\":\"//input[@class='amount']\"}\n  (Session info: headless chrome=119.0.6045.105); For documentation on this error, please visit: https://www.selenium.dev/documentation/webdriver/troubleshooting/errors#no-such-element-exception\nStacktrace:\n#0 0x55b83cf8b5e3 <unknown>\n#1 0x55b83cc4e0b7 <unknown>\n#2 0x55b83cc9bf53 <unknown>\n#3 0x55b83cc9c051 <unknown>\n#4 0x55b83cce19c4 <unknown>\n#5 0x55b83ccc2f1d <unknown>\n#6 0x55b83ccdeb3d <unknown>\n#7 0x55b83ccc2cc3 <unknown>\n#8 0x55b83cc8e0e4 <unknown>\n#9 0x55b83cc8f0ae <unknown>\n#10 0x55b83cf51ce1 <unknown>\n#11 0x55b83cf55b7e <unknown>\n#12 0x55b83cf3f4b5 <unknown>\n#13 0x55b83cf567d6 <unknown>\n#14 0x55b83cf22dbf <unknown>\n#15 0x55b83cf79748 <unknown>\n#16 0x55b83cf79917 <unknown>\n#17 0x55b83cf8a773 <unknown>\n#18 0x7f495a73a044 <unknown>","time":{"start":1700096163758,"stop":1700096167477,"duration":3719}},{"uid":"77779e0706e4f3c1","reportUrl":"https://Nat754.github.io/StroyremAutomation/126//#testresult/77779e0706e4f3c1","status":"skipped","statusDetails":"XFAIL\n\nselenium.common.exceptions.NoSuchElementException: Message: no such element: Unable to locate element: {\"method\":\"xpath\",\"selector\":\"//input[@class='amount']\"}\n  (Session info: headless chrome=119.0.6045.105); For documentation on this error, please visit: https://www.selenium.dev/documentation/webdriver/troubleshooting/errors#no-such-element-exception\nStacktrace:\n#0 0x564bb6bb35e3 <unknown>\n#1 0x564bb68760b7 <unknown>\n#2 0x564bb68c3f53 <unknown>\n#3 0x564bb68c4051 <unknown>\n#4 0x564bb69099c4 <unknown>\n#5 0x564bb68eaf1d <unknown>\n#6 0x564bb6906b3d <unknown>\n#7 0x564bb68eacc3 <unknown>\n#8 0x564bb68b60e4 <unknown>\n#9 0x564bb68b70ae <unknown>\n#10 0x564bb6b79ce1 <unknown>\n#11 0x564bb6b7db7e <unknown>\n#12 0x564bb6b674b5 <unknown>\n#13 0x564bb6b7e7d6 <unknown>\n#14 0x564bb6b4adbf <unknown>\n#15 0x564bb6ba1748 <unknown>\n#16 0x564bb6ba1917 <unknown>\n#17 0x564bb6bb2773 <unknown>\n#18 0x7ff96ed4d044 <unknown>","time":{"start":1700009754317,"stop":1700009758740,"duration":4423}},{"uid":"3a2da5e58e8fbe93","reportUrl":"https://Nat754.github.io/StroyremAutomation/125//#testresult/3a2da5e58e8fbe93","status":"skipped","statusDetails":"XFAIL\n\nselenium.common.exceptions.NoSuchElementException: Message: no such element: Unable to locate element: {\"method\":\"xpath\",\"selector\":\"//input[@class='amount']\"}\n  (Session info: headless chrome=119.0.6045.105); For documentation on this error, please visit: https://www.selenium.dev/documentation/webdriver/troubleshooting/errors#no-such-element-exception\nStacktrace:\n#0 0x55d02881d5e3 <unknown>\n#1 0x55d0284e00b7 <unknown>\n#2 0x55d02852df53 <unknown>\n#3 0x55d02852e051 <unknown>\n#4 0x55d0285739c4 <unknown>\n#5 0x55d028554f1d <unknown>\n#6 0x55d028570b3d <unknown>\n#7 0x55d028554cc3 <unknown>\n#8 0x55d0285200e4 <unknown>\n#9 0x55d0285210ae <unknown>\n#10 0x55d0287e3ce1 <unknown>\n#11 0x55d0287e7b7e <unknown>\n#12 0x55d0287d14b5 <unknown>\n#13 0x55d0287e87d6 <unknown>\n#14 0x55d0287b4dbf <unknown>\n#15 0x55d02880b748 <unknown>\n#16 0x55d02880b917 <unknown>\n#17 0x55d02881c773 <unknown>\n#18 0x7f69c6092044 <unknown>","time":{"start":1699923168490,"stop":1699923171835,"duration":3345}},{"uid":"e521394265b8c605","reportUrl":"https://Nat754.github.io/StroyremAutomation/124//#testresult/e521394265b8c605","status":"skipped","statusDetails":"XFAIL\n\nselenium.common.exceptions.NoSuchElementException: Message: no such element: Unable to locate element: {\"method\":\"xpath\",\"selector\":\"//input[@class='amount']\"}\n  (Session info: headless chrome=119.0.6045.105); For documentation on this error, please visit: https://www.selenium.dev/documentation/webdriver/troubleshooting/errors#no-such-element-exception\nStacktrace:\n#0 0x55eb7132a5e3 <unknown>\n#1 0x55eb70fed0b7 <unknown>\n#2 0x55eb7103af53 <unknown>\n#3 0x55eb7103b051 <unknown>\n#4 0x55eb710809c4 <unknown>\n#5 0x55eb71061f1d <unknown>\n#6 0x55eb7107db3d <unknown>\n#7 0x55eb71061cc3 <unknown>\n#8 0x55eb7102d0e4 <unknown>\n#9 0x55eb7102e0ae <unknown>\n#10 0x55eb712f0ce1 <unknown>\n#11 0x55eb712f4b7e <unknown>\n#12 0x55eb712de4b5 <unknown>\n#13 0x55eb712f57d6 <unknown>\n#14 0x55eb712c1dbf <unknown>\n#15 0x55eb71318748 <unknown>\n#16 0x55eb71318917 <unknown>\n#17 0x55eb71329773 <unknown>\n#18 0x7f34f90f5044 <unknown>","time":{"start":1699836920828,"stop":1699836924870,"duration":4042}},{"uid":"4c28402cde23470b","reportUrl":"https://Nat754.github.io/StroyremAutomation/123//#testresult/4c28402cde23470b","status":"skipped","statusDetails":"XFAIL\n\nselenium.common.exceptions.NoSuchElementException: Message: no such element: Unable to locate element: {\"method\":\"xpath\",\"selector\":\"//input[@class='amount']\"}\n  (Session info: headless chrome=119.0.6045.105); For documentation on this error, please visit: https://www.selenium.dev/documentation/webdriver/troubleshooting/errors#no-such-element-exception\nStacktrace:\n#0 0x556691d485e3 <unknown>\n#1 0x556691a0b0b7 <unknown>\n#2 0x556691a58f53 <unknown>\n#3 0x556691a59051 <unknown>\n#4 0x556691a9e9c4 <unknown>\n#5 0x556691a7ff1d <unknown>\n#6 0x556691a9bb3d <unknown>\n#7 0x556691a7fcc3 <unknown>\n#8 0x556691a4b0e4 <unknown>\n#9 0x556691a4c0ae <unknown>\n#10 0x556691d0ece1 <unknown>\n#11 0x556691d12b7e <unknown>\n#12 0x556691cfc4b5 <unknown>\n#13 0x556691d137d6 <unknown>\n#14 0x556691cdfdbf <unknown>\n#15 0x556691d36748 <unknown>\n#16 0x556691d36917 <unknown>\n#17 0x556691d47773 <unknown>\n#18 0x7f8260ce8044 <unknown>","time":{"start":1699750644818,"stop":1699750648273,"duration":3455}},{"uid":"59d7b354a520cc2a","reportUrl":"https://Nat754.github.io/StroyremAutomation/122//#testresult/59d7b354a520cc2a","status":"skipped","statusDetails":"XFAIL\n\nselenium.common.exceptions.NoSuchElementException: Message: no such element: Unable to locate element: {\"method\":\"xpath\",\"selector\":\"//input[@class='amount']\"}\n  (Session info: headless chrome=119.0.6045.105); For documentation on this error, please visit: https://www.selenium.dev/documentation/webdriver/troubleshooting/errors#no-such-element-exception\nStacktrace:\n#0 0x55db7f9615e3 <unknown>\n#1 0x55db7f6240b7 <unknown>\n#2 0x55db7f671f53 <unknown>\n#3 0x55db7f672051 <unknown>\n#4 0x55db7f6b79c4 <unknown>\n#5 0x55db7f698f1d <unknown>\n#6 0x55db7f6b4b3d <unknown>\n#7 0x55db7f698cc3 <unknown>\n#8 0x55db7f6640e4 <unknown>\n#9 0x55db7f6650ae <unknown>\n#10 0x55db7f927ce1 <unknown>\n#11 0x55db7f92bb7e <unknown>\n#12 0x55db7f9154b5 <unknown>\n#13 0x55db7f92c7d6 <unknown>\n#14 0x55db7f8f8dbf <unknown>\n#15 0x55db7f94f748 <unknown>\n#16 0x55db7f94f917 <unknown>\n#17 0x55db7f960773 <unknown>\n#18 0x7f5c58c1b044 <unknown>","time":{"start":1699663988373,"stop":1699663992813,"duration":4440}},{"uid":"ecbb8af5c7097cb0","reportUrl":"https://Nat754.github.io/StroyremAutomation/121//#testresult/ecbb8af5c7097cb0","status":"skipped","statusDetails":"XFAIL\n\nselenium.common.exceptions.NoSuchElementException: Message: no such element: Unable to locate element: {\"method\":\"xpath\",\"selector\":\"//input[@class='amount']\"}\n  (Session info: headless chrome=119.0.6045.105); For documentation on this error, please visit: https://www.selenium.dev/documentation/webdriver/troubleshooting/errors#no-such-element-exception\nStacktrace:\n#0 0x55c72c3f95e3 <unknown>\n#1 0x55c72c0bc0b7 <unknown>\n#2 0x55c72c109f53 <unknown>\n#3 0x55c72c10a051 <unknown>\n#4 0x55c72c14f9c4 <unknown>\n#5 0x55c72c130f1d <unknown>\n#6 0x55c72c14cb3d <unknown>\n#7 0x55c72c130cc3 <unknown>\n#8 0x55c72c0fc0e4 <unknown>\n#9 0x55c72c0fd0ae <unknown>\n#10 0x55c72c3bfce1 <unknown>\n#11 0x55c72c3c3b7e <unknown>\n#12 0x55c72c3ad4b5 <unknown>\n#13 0x55c72c3c47d6 <unknown>\n#14 0x55c72c390dbf <unknown>\n#15 0x55c72c3e7748 <unknown>\n#16 0x55c72c3e7917 <unknown>\n#17 0x55c72c3f8773 <unknown>\n#18 0x7fd923a5d044 <unknown>","time":{"start":1699577578339,"stop":1699577582340,"duration":4001}},{"uid":"72d830abad8315d0","reportUrl":"https://Nat754.github.io/StroyremAutomation/120//#testresult/72d830abad8315d0","status":"skipped","statusDetails":"XFAIL\n\nselenium.common.exceptions.NoSuchElementException: Message: no such element: Unable to locate element: {\"method\":\"xpath\",\"selector\":\"//input[@class='amount']\"}\n  (Session info: headless chrome=119.0.6045.105); For documentation on this error, please visit: https://www.selenium.dev/documentation/webdriver/troubleshooting/errors#no-such-element-exception\nStacktrace:\n#0 0x561f2943a5e3 <unknown>\n#1 0x561f290fd0b7 <unknown>\n#2 0x561f2914af53 <unknown>\n#3 0x561f2914b051 <unknown>\n#4 0x561f291909c4 <unknown>\n#5 0x561f29171f1d <unknown>\n#6 0x561f2918db3d <unknown>\n#7 0x561f29171cc3 <unknown>\n#8 0x561f2913d0e4 <unknown>\n#9 0x561f2913e0ae <unknown>\n#10 0x561f29400ce1 <unknown>\n#11 0x561f29404b7e <unknown>\n#12 0x561f293ee4b5 <unknown>\n#13 0x561f294057d6 <unknown>\n#14 0x561f293d1dbf <unknown>\n#15 0x561f29428748 <unknown>\n#16 0x561f29428917 <unknown>\n#17 0x561f29439773 <unknown>\n#18 0x7f184e6fe044 <unknown>","time":{"start":1699491158441,"stop":1699491161651,"duration":3210}},{"uid":"186c2f54249be8db","reportUrl":"https://Nat754.github.io/StroyremAutomation/119//#testresult/186c2f54249be8db","status":"skipped","statusDetails":"XFAIL\n\nselenium.common.exceptions.NoSuchElementException: Message: no such element: Unable to locate element: {\"method\":\"xpath\",\"selector\":\"//input[@class='amount']\"}\n  (Session info: headless chrome=119.0.6045.105); For documentation on this error, please visit: https://www.selenium.dev/documentation/webdriver/troubleshooting/errors#no-such-element-exception\nStacktrace:\n#0 0x565047e465e3 <unknown>\n#1 0x565047b090b7 <unknown>\n#2 0x565047b56f53 <unknown>\n#3 0x565047b57051 <unknown>\n#4 0x565047b9c9c4 <unknown>\n#5 0x565047b7df1d <unknown>\n#6 0x565047b99b3d <unknown>\n#7 0x565047b7dcc3 <unknown>\n#8 0x565047b490e4 <unknown>\n#9 0x565047b4a0ae <unknown>\n#10 0x565047e0cce1 <unknown>\n#11 0x565047e10b7e <unknown>\n#12 0x565047dfa4b5 <unknown>\n#13 0x565047e117d6 <unknown>\n#14 0x565047ddddbf <unknown>\n#15 0x565047e34748 <unknown>\n#16 0x565047e34917 <unknown>\n#17 0x565047e45773 <unknown>\n#18 0x7f76cd250044 <unknown>","time":{"start":1699404825741,"stop":1699404829907,"duration":4166}},{"uid":"59cf4fc7e4837470","reportUrl":"https://Nat754.github.io/StroyremAutomation/118//#testresult/59cf4fc7e4837470","status":"skipped","statusDetails":"XFAIL\n\nselenium.common.exceptions.NoSuchElementException: Message: no such element: Unable to locate element: {\"method\":\"xpath\",\"selector\":\"//input[@class='amount']\"}\n  (Session info: headless chrome=119.0.6045.105); For documentation on this error, please visit: https://www.selenium.dev/documentation/webdriver/troubleshooting/errors#no-such-element-exception\nStacktrace:\n#0 0x556e50d445e3 <unknown>\n#1 0x556e50a070b7 <unknown>\n#2 0x556e50a54f53 <unknown>\n#3 0x556e50a55051 <unknown>\n#4 0x556e50a9a9c4 <unknown>\n#5 0x556e50a7bf1d <unknown>\n#6 0x556e50a97b3d <unknown>\n#7 0x556e50a7bcc3 <unknown>\n#8 0x556e50a470e4 <unknown>\n#9 0x556e50a480ae <unknown>\n#10 0x556e50d0ace1 <unknown>\n#11 0x556e50d0eb7e <unknown>\n#12 0x556e50cf84b5 <unknown>\n#13 0x556e50d0f7d6 <unknown>\n#14 0x556e50cdbdbf <unknown>\n#15 0x556e50d32748 <unknown>\n#16 0x556e50d32917 <unknown>\n#17 0x556e50d43773 <unknown>\n#18 0x7feebf41e044 <unknown>","time":{"start":1699318499871,"stop":1699318503558,"duration":3687}},{"uid":"8ca50a12f8cb5e79","reportUrl":"https://Nat754.github.io/StroyremAutomation/117//#testresult/8ca50a12f8cb5e79","status":"skipped","statusDetails":"XFAIL\n\nselenium.common.exceptions.NoSuchElementException: Message: no such element: Unable to locate element: {\"method\":\"xpath\",\"selector\":\"//input[@class='amount']\"}\n  (Session info: headless chrome=119.0.6045.105); For documentation on this error, please visit: https://www.selenium.dev/documentation/webdriver/troubleshooting/errors#no-such-element-exception\nStacktrace:\n#0 0x5590359b45e3 <unknown>\n#1 0x5590356770b7 <unknown>\n#2 0x5590356c4f53 <unknown>\n#3 0x5590356c5051 <unknown>\n#4 0x55903570a9c4 <unknown>\n#5 0x5590356ebf1d <unknown>\n#6 0x559035707b3d <unknown>\n#7 0x5590356ebcc3 <unknown>\n#8 0x5590356b70e4 <unknown>\n#9 0x5590356b80ae <unknown>\n#10 0x55903597ace1 <unknown>\n#11 0x55903597eb7e <unknown>\n#12 0x5590359684b5 <unknown>\n#13 0x55903597f7d6 <unknown>\n#14 0x55903594bdbf <unknown>\n#15 0x5590359a2748 <unknown>\n#16 0x5590359a2917 <unknown>\n#17 0x5590359b3773 <unknown>\n#18 0x7f2f908b1044 <unknown>","time":{"start":1699232162375,"stop":1699232166107,"duration":3732}}]},"tags":["@pytest.mark.xfail","smoke_test"]},"source":"2dd41649b144b07d.json","parameterValues":["3320","1","'TD 015'","2390","'products/shtukaturka-tsementnaya-bergauf-bau-putts-tsement-25kg-56sht'","650","'https://sandboxtest.stroyrem-nn.ru/'","30"]}