{"uid":"26e79240a9e372da","name":"test_positive_delivery_green_zone_smoke[TD 002-products/shtukaturka-tsementnaya-bergauf-bau-putts-tsement-25kg-56sht-1-30-400-1590-2190-https://sandboxtest.stroyrem-nn.ru/]","fullName":"tests.delivery.test_delivery_calculation.TestDeliveryPageCalculation#test_positive_delivery_green_zone_smoke","historyId":"664bacae59a5acf1e4ceda0def0913e7","time":{"start":1705539479208,"stop":1705539609338,"duration":130130},"status":"skipped","statusMessage":"XFAIL\n\nselenium.common.exceptions.WebDriverException: Message: unknown error: net::ERR_CONNECTION_TIMED_OUT\n  (Session info: chrome-headless-shell=120.0.6099.109)\nStacktrace:\n#0 0x56374a7abf83 <unknown>\n#1 0x56374a464cf7 <unknown>\n#2 0x56374a45c6ea <unknown>\n#3 0x56374a44b5a1 <unknown>\n#4 0x56374a44cd40 <unknown>\n#5 0x56374a44b854 <unknown>\n#6 0x56374a44a586 <unknown>\n#7 0x56374a44a44a <unknown>\n#8 0x56374a4487e1 <unknown>\n#9 0x56374a44901a <unknown>\n#10 0x56374a467bbe <unknown>\n#11 0x56374a4fd7a5 <unknown>\n#12 0x56374a4de0b2 <unknown>\n#13 0x56374a4fd006 <unknown>\n#14 0x56374a4dde53 <unknown>\n#15 0x56374a4a5dd4 <unknown>\n#16 0x56374a4a71de <unknown>\n#17 0x56374a770531 <unknown>\n#18 0x56374a774455 <unknown>\n#19 0x56374a75cf55 <unknown>\n#20 0x56374a7750ef <unknown>\n#21 0x56374a74099f <unknown>\n#22 0x56374a799008 <unknown>\n#23 0x56374a7991d7 <unknown>\n#24 0x56374a7ab124 <unknown>\n#25 0x7f486df49044 <unknown>","statusTrace":"self = <tests.delivery.test_delivery_calculation.TestDeliveryPageCalculation object at 0x7fb6906134d0>\ndriver = <selenium.webdriver.chrome.webdriver.WebDriver (session=\"7d686c239b816f9fcab0b9e18ffc08be\")>\nurl = 'https://sandboxtest.stroyrem-nn.ru/', case_id = 'TD 002'\nlink_item = 'products/shtukaturka-tsementnaya-bergauf-bau-putts-tsement-25kg-56sht'\namount = 1, weight = 30, standard = 400, in_time = 1590, all_time = 2190\n\n    @pytest.mark.parametrize('case_id, link_item, amount, weight, standard, in_time, all_time', [\n        (\"TD 001\", uroven_3000, 1, 30, 0, 1590, 2190),\n        (\"TD 002\", bundeks_25, 1, 30, 400, 1590, 2190),\n        (\"TD 003\", aksolit_30, 8, 300, 400, 1590, 2190),\n        (\"TD 004\", aksolit_30, 13, 400, 450, 1590, 2190),\n        (\"TD 005\", aksolit_30, 16, 500, 600, 1590, 2190),\n        (\"TD 006\", aksolit_30, 25, 1700, 990, 1990, 2480),\n        (\"TD 007\", aksolit_30, 66, 2000, 1300, 2490, 2980),\n        (\"TD 008\", aksolit_30, 149, 4500, 2300, 3980, 4490),\n        (\"TD 009\", aksolit_30, 166, 5000, 2500, 4990, 5480),\n        pytest.param(\n            \"TD 010\", aksolit_30, 206, 6200, 2900, 5570, 6120,\n            marks=pytest.mark.xfail(reson=\"Цена доставки 3600 7960 8980\")\n        ),\n        (\"TD 011\", aksolit_30, 299, 9000, 3600, 7960, 8980),\n        (\"TD 012\", aksolit_30, 333, 10000, 4450, 11990, 12500),\n        pytest.param(\n            \"TD 013\", aksolit_30, 366, 11000, 4800, 12450, 13480,\n            marks=pytest.mark.xfail(reason=\"Цена стандартной доставки 4450\")\n        ),\n        pytest.param(\n            \"TD 014\", aksolit_30, 666, 20000, 5400, 15600, 17490,\n            marks=pytest.mark.xfail(reason=\"Цена стандартной доставки 4450\")\n        )\n    ])\n    @pytest.mark.xfail\n    @pytest.mark.smoke_test\n    def test_positive_delivery_green_zone_smoke(\n            self, driver, url, case_id, link_item, amount, weight, standard, in_time, all_time\n    ):\n    \n>       driver.get(f'{url}{link_item}')\n\ntests/delivery/test_delivery_calculation.py:48: \n_ _ _ _ _ _ _ _ _ _ _ _ _ _ _ _ _ _ _ _ _ _ _ _ _ _ _ _ _ _ _ _ _ _ _ _ _ _ _ _ \n/usr/local/lib/python3.11/site-packages/selenium/webdriver/remote/webdriver.py:354: in get\n    self.execute(Command.GET, {\"url\": url})\n/usr/local/lib/python3.11/site-packages/selenium/webdriver/remote/webdriver.py:345: in execute\n    self.error_handler.check_response(response)\n_ _ _ _ _ _ _ _ _ _ _ _ _ _ _ _ _ _ _ _ _ _ _ _ _ _ _ _ _ _ _ _ _ _ _ _ _ _ _ _ \n\nself = <selenium.webdriver.remote.errorhandler.ErrorHandler object at 0x7fb69062a390>\nresponse = {'status': 500, 'value': '{\"value\":{\"error\":\"unknown error\",\"message\":\"unknown error: net::ERR_CONNECTION_TIMED_OUT\\\\n...\\\\n#23 0x56374a7991d7 \\\\u003Cunknown>\\\\n#24 0x56374a7ab124 \\\\u003Cunknown>\\\\n#25 0x7f486df49044 \\\\u003Cunknown>\\\\n\"}}'}\n\n    def check_response(self, response: Dict[str, Any]) -> None:\n        \"\"\"Checks that a JSON response from the WebDriver does not have an\n        error.\n    \n        :Args:\n         - response - The JSON response from the WebDriver server as a dictionary\n           object.\n    \n        :Raises: If the response contains an error message.\n        \"\"\"\n        status = response.get(\"status\", None)\n        if not status or status == ErrorCode.SUCCESS:\n            return\n        value = None\n        message = response.get(\"message\", \"\")\n        screen: str = response.get(\"screen\", \"\")\n        stacktrace = None\n        if isinstance(status, int):\n            value_json = response.get(\"value\", None)\n            if value_json and isinstance(value_json, str):\n                import json\n    \n                try:\n                    value = json.loads(value_json)\n                    if len(value) == 1:\n                        value = value[\"value\"]\n                    status = value.get(\"error\", None)\n                    if not status:\n                        status = value.get(\"status\", ErrorCode.UNKNOWN_ERROR)\n                        message = value.get(\"value\") or value.get(\"message\")\n                        if not isinstance(message, str):\n                            value = message\n                            message = message.get(\"message\")\n                    else:\n                        message = value.get(\"message\", None)\n                except ValueError:\n                    pass\n    \n        exception_class: Type[WebDriverException]\n        e = ErrorCode()\n        error_codes = [item for item in dir(e) if not item.startswith(\"__\")]\n        for error_code in error_codes:\n            error_info = getattr(ErrorCode, error_code)\n            if isinstance(error_info, list) and status in error_info:\n                exception_class = getattr(ExceptionMapping, error_code, WebDriverException)\n                break\n        else:\n            exception_class = WebDriverException\n    \n        if not value:\n            value = response[\"value\"]\n        if isinstance(value, str):\n            raise exception_class(value)\n        if message == \"\" and \"message\" in value:\n            message = value[\"message\"]\n    \n        screen = None  # type: ignore[assignment]\n        if \"screen\" in value:\n            screen = value[\"screen\"]\n    \n        stacktrace = None\n        st_value = value.get(\"stackTrace\") or value.get(\"stacktrace\")\n        if st_value:\n            if isinstance(st_value, str):\n                stacktrace = st_value.split(\"\\n\")\n            else:\n                stacktrace = []\n                try:\n                    for frame in st_value:\n                        line = frame.get(\"lineNumber\", \"\")\n                        file = frame.get(\"fileName\", \"<anonymous>\")\n                        if line:\n                            file = f\"{file}:{line}\"\n                        meth = frame.get(\"methodName\", \"<anonymous>\")\n                        if \"className\" in frame:\n                            meth = f\"{frame['className']}.{meth}\"\n                        msg = \"    at %s (%s)\"\n                        msg = msg % (meth, file)\n                        stacktrace.append(msg)\n                except TypeError:\n                    pass\n        if exception_class == UnexpectedAlertPresentException:\n            alert_text = None\n            if \"data\" in value:\n                alert_text = value[\"data\"].get(\"text\")\n            elif \"alert\" in value:\n                alert_text = value[\"alert\"].get(\"text\")\n            raise exception_class(message, screen, stacktrace, alert_text)  # type: ignore[call-arg]  # mypy is not smart enough here\n>       raise exception_class(message, screen, stacktrace)\nE       selenium.common.exceptions.WebDriverException: Message: unknown error: net::ERR_CONNECTION_TIMED_OUT\nE         (Session info: chrome-headless-shell=120.0.6099.109)\nE       Stacktrace:\nE       #0 0x56374a7abf83 <unknown>\nE       #1 0x56374a464cf7 <unknown>\nE       #2 0x56374a45c6ea <unknown>\nE       #3 0x56374a44b5a1 <unknown>\nE       #4 0x56374a44cd40 <unknown>\nE       #5 0x56374a44b854 <unknown>\nE       #6 0x56374a44a586 <unknown>\nE       #7 0x56374a44a44a <unknown>\nE       #8 0x56374a4487e1 <unknown>\nE       #9 0x56374a44901a <unknown>\nE       #10 0x56374a467bbe <unknown>\nE       #11 0x56374a4fd7a5 <unknown>\nE       #12 0x56374a4de0b2 <unknown>\nE       #13 0x56374a4fd006 <unknown>\nE       #14 0x56374a4dde53 <unknown>\nE       #15 0x56374a4a5dd4 <unknown>\nE       #16 0x56374a4a71de <unknown>\nE       #17 0x56374a770531 <unknown>\nE       #18 0x56374a774455 <unknown>\nE       #19 0x56374a75cf55 <unknown>\nE       #20 0x56374a7750ef <unknown>\nE       #21 0x56374a74099f <unknown>\nE       #22 0x56374a799008 <unknown>\nE       #23 0x56374a7991d7 <unknown>\nE       #24 0x56374a7ab124 <unknown>\nE       #25 0x7f486df49044 <unknown>\n\n/usr/local/lib/python3.11/site-packages/selenium/webdriver/remote/errorhandler.py:229: WebDriverException","flaky":false,"newFailed":false,"newBroken":false,"newPassed":false,"retriesCount":0,"retriesStatusChange":false,"beforeStages":[{"name":"_session_faker","time":{"start":1705539112215,"stop":1705539112282,"duration":67},"status":"passed","steps":[],"attachments":[],"parameters":[],"shouldDisplayMessage":false,"stepsCount":0,"attachmentsCount":0,"hasContent":false,"attachmentStep":false},{"name":"clear_allure_results_folder","time":{"start":1705539112282,"stop":1705539112282,"duration":0},"status":"passed","steps":[],"attachments":[],"parameters":[],"shouldDisplayMessage":false,"stepsCount":0,"attachmentsCount":0,"hasContent":false,"attachmentStep":false},{"name":"driver","time":{"start":1705539478427,"stop":1705539479207,"duration":780},"status":"passed","steps":[],"attachments":[],"parameters":[],"shouldDisplayMessage":false,"stepsCount":0,"attachmentsCount":0,"hasContent":false,"attachmentStep":false},{"name":"setup","time":{"start":1705539479207,"stop":1705539479207,"duration":0},"status":"passed","steps":[],"attachments":[],"parameters":[],"shouldDisplayMessage":false,"stepsCount":0,"attachmentsCount":0,"hasContent":false,"attachmentStep":false}],"testStage":{"status":"skipped","statusMessage":"XFAIL\n\nselenium.common.exceptions.WebDriverException: Message: unknown error: net::ERR_CONNECTION_TIMED_OUT\n  (Session info: chrome-headless-shell=120.0.6099.109)\nStacktrace:\n#0 0x56374a7abf83 <unknown>\n#1 0x56374a464cf7 <unknown>\n#2 0x56374a45c6ea <unknown>\n#3 0x56374a44b5a1 <unknown>\n#4 0x56374a44cd40 <unknown>\n#5 0x56374a44b854 <unknown>\n#6 0x56374a44a586 <unknown>\n#7 0x56374a44a44a <unknown>\n#8 0x56374a4487e1 <unknown>\n#9 0x56374a44901a <unknown>\n#10 0x56374a467bbe <unknown>\n#11 0x56374a4fd7a5 <unknown>\n#12 0x56374a4de0b2 <unknown>\n#13 0x56374a4fd006 <unknown>\n#14 0x56374a4dde53 <unknown>\n#15 0x56374a4a5dd4 <unknown>\n#16 0x56374a4a71de <unknown>\n#17 0x56374a770531 <unknown>\n#18 0x56374a774455 <unknown>\n#19 0x56374a75cf55 <unknown>\n#20 0x56374a7750ef <unknown>\n#21 0x56374a74099f <unknown>\n#22 0x56374a799008 <unknown>\n#23 0x56374a7991d7 <unknown>\n#24 0x56374a7ab124 <unknown>\n#25 0x7f486df49044 <unknown>","statusTrace":"self = <tests.delivery.test_delivery_calculation.TestDeliveryPageCalculation object at 0x7fb6906134d0>\ndriver = <selenium.webdriver.chrome.webdriver.WebDriver (session=\"7d686c239b816f9fcab0b9e18ffc08be\")>\nurl = 'https://sandboxtest.stroyrem-nn.ru/', case_id = 'TD 002'\nlink_item = 'products/shtukaturka-tsementnaya-bergauf-bau-putts-tsement-25kg-56sht'\namount = 1, weight = 30, standard = 400, in_time = 1590, all_time = 2190\n\n    @pytest.mark.parametrize('case_id, link_item, amount, weight, standard, in_time, all_time', [\n        (\"TD 001\", uroven_3000, 1, 30, 0, 1590, 2190),\n        (\"TD 002\", bundeks_25, 1, 30, 400, 1590, 2190),\n        (\"TD 003\", aksolit_30, 8, 300, 400, 1590, 2190),\n        (\"TD 004\", aksolit_30, 13, 400, 450, 1590, 2190),\n        (\"TD 005\", aksolit_30, 16, 500, 600, 1590, 2190),\n        (\"TD 006\", aksolit_30, 25, 1700, 990, 1990, 2480),\n        (\"TD 007\", aksolit_30, 66, 2000, 1300, 2490, 2980),\n        (\"TD 008\", aksolit_30, 149, 4500, 2300, 3980, 4490),\n        (\"TD 009\", aksolit_30, 166, 5000, 2500, 4990, 5480),\n        pytest.param(\n            \"TD 010\", aksolit_30, 206, 6200, 2900, 5570, 6120,\n            marks=pytest.mark.xfail(reson=\"Цена доставки 3600 7960 8980\")\n        ),\n        (\"TD 011\", aksolit_30, 299, 9000, 3600, 7960, 8980),\n        (\"TD 012\", aksolit_30, 333, 10000, 4450, 11990, 12500),\n        pytest.param(\n            \"TD 013\", aksolit_30, 366, 11000, 4800, 12450, 13480,\n            marks=pytest.mark.xfail(reason=\"Цена стандартной доставки 4450\")\n        ),\n        pytest.param(\n            \"TD 014\", aksolit_30, 666, 20000, 5400, 15600, 17490,\n            marks=pytest.mark.xfail(reason=\"Цена стандартной доставки 4450\")\n        )\n    ])\n    @pytest.mark.xfail\n    @pytest.mark.smoke_test\n    def test_positive_delivery_green_zone_smoke(\n            self, driver, url, case_id, link_item, amount, weight, standard, in_time, all_time\n    ):\n    \n>       driver.get(f'{url}{link_item}')\n\ntests/delivery/test_delivery_calculation.py:48: \n_ _ _ _ _ _ _ _ _ _ _ _ _ _ _ _ _ _ _ _ _ _ _ _ _ _ _ _ _ _ _ _ _ _ _ _ _ _ _ _ \n/usr/local/lib/python3.11/site-packages/selenium/webdriver/remote/webdriver.py:354: in get\n    self.execute(Command.GET, {\"url\": url})\n/usr/local/lib/python3.11/site-packages/selenium/webdriver/remote/webdriver.py:345: in execute\n    self.error_handler.check_response(response)\n_ _ _ _ _ _ _ _ _ _ _ _ _ _ _ _ _ _ _ _ _ _ _ _ _ _ _ _ _ _ _ _ _ _ _ _ _ _ _ _ \n\nself = <selenium.webdriver.remote.errorhandler.ErrorHandler object at 0x7fb69062a390>\nresponse = {'status': 500, 'value': '{\"value\":{\"error\":\"unknown error\",\"message\":\"unknown error: net::ERR_CONNECTION_TIMED_OUT\\\\n...\\\\n#23 0x56374a7991d7 \\\\u003Cunknown>\\\\n#24 0x56374a7ab124 \\\\u003Cunknown>\\\\n#25 0x7f486df49044 \\\\u003Cunknown>\\\\n\"}}'}\n\n    def check_response(self, response: Dict[str, Any]) -> None:\n        \"\"\"Checks that a JSON response from the WebDriver does not have an\n        error.\n    \n        :Args:\n         - response - The JSON response from the WebDriver server as a dictionary\n           object.\n    \n        :Raises: If the response contains an error message.\n        \"\"\"\n        status = response.get(\"status\", None)\n        if not status or status == ErrorCode.SUCCESS:\n            return\n        value = None\n        message = response.get(\"message\", \"\")\n        screen: str = response.get(\"screen\", \"\")\n        stacktrace = None\n        if isinstance(status, int):\n            value_json = response.get(\"value\", None)\n            if value_json and isinstance(value_json, str):\n                import json\n    \n                try:\n                    value = json.loads(value_json)\n                    if len(value) == 1:\n                        value = value[\"value\"]\n                    status = value.get(\"error\", None)\n                    if not status:\n                        status = value.get(\"status\", ErrorCode.UNKNOWN_ERROR)\n                        message = value.get(\"value\") or value.get(\"message\")\n                        if not isinstance(message, str):\n                            value = message\n                            message = message.get(\"message\")\n                    else:\n                        message = value.get(\"message\", None)\n                except ValueError:\n                    pass\n    \n        exception_class: Type[WebDriverException]\n        e = ErrorCode()\n        error_codes = [item for item in dir(e) if not item.startswith(\"__\")]\n        for error_code in error_codes:\n            error_info = getattr(ErrorCode, error_code)\n            if isinstance(error_info, list) and status in error_info:\n                exception_class = getattr(ExceptionMapping, error_code, WebDriverException)\n                break\n        else:\n            exception_class = WebDriverException\n    \n        if not value:\n            value = response[\"value\"]\n        if isinstance(value, str):\n            raise exception_class(value)\n        if message == \"\" and \"message\" in value:\n            message = value[\"message\"]\n    \n        screen = None  # type: ignore[assignment]\n        if \"screen\" in value:\n            screen = value[\"screen\"]\n    \n        stacktrace = None\n        st_value = value.get(\"stackTrace\") or value.get(\"stacktrace\")\n        if st_value:\n            if isinstance(st_value, str):\n                stacktrace = st_value.split(\"\\n\")\n            else:\n                stacktrace = []\n                try:\n                    for frame in st_value:\n                        line = frame.get(\"lineNumber\", \"\")\n                        file = frame.get(\"fileName\", \"<anonymous>\")\n                        if line:\n                            file = f\"{file}:{line}\"\n                        meth = frame.get(\"methodName\", \"<anonymous>\")\n                        if \"className\" in frame:\n                            meth = f\"{frame['className']}.{meth}\"\n                        msg = \"    at %s (%s)\"\n                        msg = msg % (meth, file)\n                        stacktrace.append(msg)\n                except TypeError:\n                    pass\n        if exception_class == UnexpectedAlertPresentException:\n            alert_text = None\n            if \"data\" in value:\n                alert_text = value[\"data\"].get(\"text\")\n            elif \"alert\" in value:\n                alert_text = value[\"alert\"].get(\"text\")\n            raise exception_class(message, screen, stacktrace, alert_text)  # type: ignore[call-arg]  # mypy is not smart enough here\n>       raise exception_class(message, screen, stacktrace)\nE       selenium.common.exceptions.WebDriverException: Message: unknown error: net::ERR_CONNECTION_TIMED_OUT\nE         (Session info: chrome-headless-shell=120.0.6099.109)\nE       Stacktrace:\nE       #0 0x56374a7abf83 <unknown>\nE       #1 0x56374a464cf7 <unknown>\nE       #2 0x56374a45c6ea <unknown>\nE       #3 0x56374a44b5a1 <unknown>\nE       #4 0x56374a44cd40 <unknown>\nE       #5 0x56374a44b854 <unknown>\nE       #6 0x56374a44a586 <unknown>\nE       #7 0x56374a44a44a <unknown>\nE       #8 0x56374a4487e1 <unknown>\nE       #9 0x56374a44901a <unknown>\nE       #10 0x56374a467bbe <unknown>\nE       #11 0x56374a4fd7a5 <unknown>\nE       #12 0x56374a4de0b2 <unknown>\nE       #13 0x56374a4fd006 <unknown>\nE       #14 0x56374a4dde53 <unknown>\nE       #15 0x56374a4a5dd4 <unknown>\nE       #16 0x56374a4a71de <unknown>\nE       #17 0x56374a770531 <unknown>\nE       #18 0x56374a774455 <unknown>\nE       #19 0x56374a75cf55 <unknown>\nE       #20 0x56374a7750ef <unknown>\nE       #21 0x56374a74099f <unknown>\nE       #22 0x56374a799008 <unknown>\nE       #23 0x56374a7991d7 <unknown>\nE       #24 0x56374a7ab124 <unknown>\nE       #25 0x7f486df49044 <unknown>\n\n/usr/local/lib/python3.11/site-packages/selenium/webdriver/remote/errorhandler.py:229: WebDriverException","steps":[],"attachments":[{"uid":"b7e3e03170c7c2f5","name":"Screenshot","source":"b7e3e03170c7c2f5.png","type":"image/png","size":5862},{"uid":"2ffc0fc984e469a1","name":"HTML source","source":"2ffc0fc984e469a1.html","type":"text/html","size":39}],"parameters":[],"shouldDisplayMessage":true,"stepsCount":0,"attachmentsCount":2,"hasContent":true,"attachmentStep":false},"afterStages":[{"name":"setup::0","time":{"start":1705539609446,"stop":1705539609446,"duration":0},"status":"passed","steps":[],"attachments":[],"parameters":[],"shouldDisplayMessage":false,"stepsCount":0,"attachmentsCount":0,"hasContent":false,"attachmentStep":false},{"name":"driver::0","time":{"start":1705539609446,"stop":1705539609503,"duration":57},"status":"passed","steps":[],"attachments":[],"parameters":[],"shouldDisplayMessage":false,"stepsCount":0,"attachmentsCount":0,"hasContent":false,"attachmentStep":false}],"labels":[{"name":"epic","value":"Delivery Page - calculation"},{"name":"tag","value":"smoke_test"},{"name":"tag","value":"@pytest.mark.xfail"},{"name":"parentSuite","value":"tests.delivery"},{"name":"suite","value":"test_delivery_calculation"},{"name":"subSuite","value":"TestDeliveryPageCalculation"},{"name":"host","value":"aea21bf909b0"},{"name":"thread","value":"1-MainThread"},{"name":"framework","value":"pytest"},{"name":"language","value":"cpython3"},{"name":"package","value":"tests.delivery.test_delivery_calculation"},{"name":"resultFormat","value":"allure2"}],"parameters":[{"name":"all_time","value":"2190"},{"name":"amount","value":"1"},{"name":"case_id","value":"'TD 002'"},{"name":"in_time","value":"1590"},{"name":"link_item","value":"'products/shtukaturka-tsementnaya-bergauf-bau-putts-tsement-25kg-56sht'"},{"name":"standard","value":"400"},{"name":"url","value":"'https://sandboxtest.stroyrem-nn.ru/'"},{"name":"weight","value":"30"}],"links":[],"hidden":false,"retry":false,"extra":{"severity":"normal","retries":[],"categories":[],"history":{"statistic":{"failed":0,"broken":13,"skipped":129,"passed":0,"unknown":0,"total":142},"items":[{"uid":"a4c9d746187ef7b5","reportUrl":"https://Nat754.github.io/StroyremAutomation/189//#testresult/a4c9d746187ef7b5","status":"skipped","statusDetails":"XFAIL\n\nselenium.common.exceptions.WebDriverException: Message: unknown error: net::ERR_CONNECTION_TIMED_OUT\n  (Session info: chrome-headless-shell=120.0.6099.109)\nStacktrace:\n#0 0x555927bf9f83 <unknown>\n#1 0x5559278b2cf7 <unknown>\n#2 0x5559278aa6ea <unknown>\n#3 0x5559278995a1 <unknown>\n#4 0x55592789ad40 <unknown>\n#5 0x555927899854 <unknown>\n#6 0x555927898586 <unknown>\n#7 0x55592789844a <unknown>\n#8 0x5559278967e1 <unknown>\n#9 0x55592789701a <unknown>\n#10 0x5559278b5bbe <unknown>\n#11 0x55592794b7a5 <unknown>\n#12 0x55592792c0b2 <unknown>\n#13 0x55592794b006 <unknown>\n#14 0x55592792be53 <unknown>\n#15 0x5559278f3dd4 <unknown>\n#16 0x5559278f51de <unknown>\n#17 0x555927bbe531 <unknown>\n#18 0x555927bc2455 <unknown>\n#19 0x555927baaf55 <unknown>\n#20 0x555927bc30ef <unknown>\n#21 0x555927b8e99f <unknown>\n#22 0x555927be7008 <unknown>\n#23 0x555927be71d7 <unknown>\n#24 0x555927bf9124 <unknown>\n#25 0x7f31df40b044 <unknown>","time":{"start":1705453106552,"stop":1705453236690,"duration":130138}},{"uid":"757575b20904697e","reportUrl":"https://Nat754.github.io/StroyremAutomation/188//#testresult/757575b20904697e","status":"skipped","statusDetails":"XFAIL\n\nselenium.common.exceptions.WebDriverException: Message: unknown error: net::ERR_CONNECTION_TIMED_OUT\n  (Session info: chrome-headless-shell=120.0.6099.109)\nStacktrace:\n#0 0x55b381c37f83 <unknown>\n#1 0x55b3818f0cf7 <unknown>\n#2 0x55b3818e86ea <unknown>\n#3 0x55b3818d75a1 <unknown>\n#4 0x55b3818d8d40 <unknown>\n#5 0x55b3818d7854 <unknown>\n#6 0x55b3818d6586 <unknown>\n#7 0x55b3818d644a <unknown>\n#8 0x55b3818d47e1 <unknown>\n#9 0x55b3818d501a <unknown>\n#10 0x55b3818f3bbe <unknown>\n#11 0x55b3819897a5 <unknown>\n#12 0x55b38196a0b2 <unknown>\n#13 0x55b381989006 <unknown>\n#14 0x55b381969e53 <unknown>\n#15 0x55b381931dd4 <unknown>\n#16 0x55b3819331de <unknown>\n#17 0x55b381bfc531 <unknown>\n#18 0x55b381c00455 <unknown>\n#19 0x55b381be8f55 <unknown>\n#20 0x55b381c010ef <unknown>\n#21 0x55b381bcc99f <unknown>\n#22 0x55b381c25008 <unknown>\n#23 0x55b381c251d7 <unknown>\n#24 0x55b381c37124 <unknown>\n#25 0x7f90da53e044 <unknown>","time":{"start":1705366823110,"stop":1705366953249,"duration":130139}},{"uid":"cc3010ad83cd7f87","reportUrl":"https://Nat754.github.io/StroyremAutomation/187//#testresult/cc3010ad83cd7f87","status":"skipped","statusDetails":"XFAIL\n\nselenium.common.exceptions.NoSuchElementException: Message: no such element: Unable to locate element: {\"method\":\"xpath\",\"selector\":\"(//a[@class='add-to-cart yellow-btn'])[1]\"}\n  (Session info: chrome-headless-shell=120.0.6099.109); For documentation on this error, please visit: https://www.selenium.dev/documentation/webdriver/troubleshooting/errors#no-such-element-exception\nStacktrace:\n#0 0x55cf192e4f83 <unknown>\n#1 0x55cf18f9dcf7 <unknown>\n#2 0x55cf18fed99e <unknown>\n#3 0x55cf18fedaa1 <unknown>\n#4 0x55cf19038d64 <unknown>\n#5 0x55cf190170dd <unknown>\n#6 0x55cf19036006 <unknown>\n#7 0x55cf19016e53 <unknown>\n#8 0x55cf18fdedd4 <unknown>\n#9 0x55cf18fe01de <unknown>\n#10 0x55cf192a9531 <unknown>\n#11 0x55cf192ad455 <unknown>\n#12 0x55cf19295f55 <unknown>\n#13 0x55cf192ae0ef <unknown>\n#14 0x55cf1927999f <unknown>\n#15 0x55cf192d2008 <unknown>\n#16 0x55cf192d21d7 <unknown>\n#17 0x55cf192e4124 <unknown>\n#18 0x7f742c3f9044 <unknown>","time":{"start":1705280306688,"stop":1705280307390,"duration":702}},{"uid":"572637b5895798de","reportUrl":"https://Nat754.github.io/StroyremAutomation/186//#testresult/572637b5895798de","status":"skipped","statusDetails":"XFAIL\n\nselenium.common.exceptions.NoSuchElementException: Message: no such element: Unable to locate element: {\"method\":\"xpath\",\"selector\":\"(//a[@class='add-to-cart yellow-btn'])[1]\"}\n  (Session info: chrome-headless-shell=120.0.6099.109); For documentation on this error, please visit: https://www.selenium.dev/documentation/webdriver/troubleshooting/errors#no-such-element-exception\nStacktrace:\n#0 0x55aa821c9f83 <unknown>\n#1 0x55aa81e82cf7 <unknown>\n#2 0x55aa81ed299e <unknown>\n#3 0x55aa81ed2aa1 <unknown>\n#4 0x55aa81f1dd64 <unknown>\n#5 0x55aa81efc0dd <unknown>\n#6 0x55aa81f1b006 <unknown>\n#7 0x55aa81efbe53 <unknown>\n#8 0x55aa81ec3dd4 <unknown>\n#9 0x55aa81ec51de <unknown>\n#10 0x55aa8218e531 <unknown>\n#11 0x55aa82192455 <unknown>\n#12 0x55aa8217af55 <unknown>\n#13 0x55aa821930ef <unknown>\n#14 0x55aa8215e99f <unknown>\n#15 0x55aa821b7008 <unknown>\n#16 0x55aa821b71d7 <unknown>\n#17 0x55aa821c9124 <unknown>\n#18 0x7f741c04e044 <unknown>","time":{"start":1705194054375,"stop":1705194054998,"duration":623}},{"uid":"19e8353228342f99","reportUrl":"https://Nat754.github.io/StroyremAutomation/185//#testresult/19e8353228342f99","status":"skipped","statusDetails":"XFAIL\n\nselenium.common.exceptions.NoSuchElementException: Message: no such element: Unable to locate element: {\"method\":\"xpath\",\"selector\":\"(//a[@class='add-to-cart yellow-btn'])[1]\"}\n  (Session info: chrome-headless-shell=120.0.6099.109); For documentation on this error, please visit: https://www.selenium.dev/documentation/webdriver/troubleshooting/errors#no-such-element-exception\nStacktrace:\n#0 0x5633afd9df83 <unknown>\n#1 0x5633afa56cf7 <unknown>\n#2 0x5633afaa699e <unknown>\n#3 0x5633afaa6aa1 <unknown>\n#4 0x5633afaf1d64 <unknown>\n#5 0x5633afad00dd <unknown>\n#6 0x5633afaef006 <unknown>\n#7 0x5633afacfe53 <unknown>\n#8 0x5633afa97dd4 <unknown>\n#9 0x5633afa991de <unknown>\n#10 0x5633afd62531 <unknown>\n#11 0x5633afd66455 <unknown>\n#12 0x5633afd4ef55 <unknown>\n#13 0x5633afd670ef <unknown>\n#14 0x5633afd3299f <unknown>\n#15 0x5633afd8b008 <unknown>\n#16 0x5633afd8b1d7 <unknown>\n#17 0x5633afd9d124 <unknown>\n#18 0x7f25bee76044 <unknown>","time":{"start":1705107365664,"stop":1705107366345,"duration":681}},{"uid":"94d8b35a73a60d14","reportUrl":"https://Nat754.github.io/StroyremAutomation/184//#testresult/94d8b35a73a60d14","status":"skipped","statusDetails":"XFAIL\n\nselenium.common.exceptions.NoSuchElementException: Message: no such element: Unable to locate element: {\"method\":\"xpath\",\"selector\":\"(//a[@class='add-to-cart yellow-btn'])[1]\"}\n  (Session info: chrome-headless-shell=120.0.6099.109); For documentation on this error, please visit: https://www.selenium.dev/documentation/webdriver/troubleshooting/errors#no-such-element-exception\nStacktrace:\n#0 0x5615d06a5f83 <unknown>\n#1 0x5615d035ecf7 <unknown>\n#2 0x5615d03ae99e <unknown>\n#3 0x5615d03aeaa1 <unknown>\n#4 0x5615d03f9d64 <unknown>\n#5 0x5615d03d80dd <unknown>\n#6 0x5615d03f7006 <unknown>\n#7 0x5615d03d7e53 <unknown>\n#8 0x5615d039fdd4 <unknown>\n#9 0x5615d03a11de <unknown>\n#10 0x5615d066a531 <unknown>\n#11 0x5615d066e455 <unknown>\n#12 0x5615d0656f55 <unknown>\n#13 0x5615d066f0ef <unknown>\n#14 0x5615d063a99f <unknown>\n#15 0x5615d0693008 <unknown>\n#16 0x5615d06931d7 <unknown>\n#17 0x5615d06a5124 <unknown>\n#18 0x7f0b471d5044 <unknown>","time":{"start":1705020999416,"stop":1705020999958,"duration":542}},{"uid":"cd4abe14afbb5aef","reportUrl":"https://Nat754.github.io/StroyremAutomation/183//#testresult/cd4abe14afbb5aef","status":"skipped","statusDetails":"XFAIL\n\nselenium.common.exceptions.NoSuchElementException: Message: no such element: Unable to locate element: {\"method\":\"xpath\",\"selector\":\"(//a[@class='add-to-cart yellow-btn'])[1]\"}\n  (Session info: chrome-headless-shell=120.0.6099.109); For documentation on this error, please visit: https://www.selenium.dev/documentation/webdriver/troubleshooting/errors#no-such-element-exception\nStacktrace:\n#0 0x5628be146f83 <unknown>\n#1 0x5628bddffcf7 <unknown>\n#2 0x5628bde4f99e <unknown>\n#3 0x5628bde4faa1 <unknown>\n#4 0x5628bde9ad64 <unknown>\n#5 0x5628bde790dd <unknown>\n#6 0x5628bde98006 <unknown>\n#7 0x5628bde78e53 <unknown>\n#8 0x5628bde40dd4 <unknown>\n#9 0x5628bde421de <unknown>\n#10 0x5628be10b531 <unknown>\n#11 0x5628be10f455 <unknown>\n#12 0x5628be0f7f55 <unknown>\n#13 0x5628be1100ef <unknown>\n#14 0x5628be0db99f <unknown>\n#15 0x5628be134008 <unknown>\n#16 0x5628be1341d7 <unknown>\n#17 0x5628be146124 <unknown>\n#18 0x7fd4d772d044 <unknown>","time":{"start":1704934598238,"stop":1704934599001,"duration":763}},{"uid":"f6a162f1d096db80","reportUrl":"https://Nat754.github.io/StroyremAutomation/182//#testresult/f6a162f1d096db80","status":"skipped","statusDetails":"XFAIL\n\nselenium.common.exceptions.NoSuchElementException: Message: no such element: Unable to locate element: {\"method\":\"xpath\",\"selector\":\"(//a[@class='add-to-cart yellow-btn'])[1]\"}\n  (Session info: chrome-headless-shell=120.0.6099.109); For documentation on this error, please visit: https://www.selenium.dev/documentation/webdriver/troubleshooting/errors#no-such-element-exception\nStacktrace:\n#0 0x5570f7c57f83 <unknown>\n#1 0x5570f7910cf7 <unknown>\n#2 0x5570f796099e <unknown>\n#3 0x5570f7960aa1 <unknown>\n#4 0x5570f79abd64 <unknown>\n#5 0x5570f798a0dd <unknown>\n#6 0x5570f79a9006 <unknown>\n#7 0x5570f7989e53 <unknown>\n#8 0x5570f7951dd4 <unknown>\n#9 0x5570f79531de <unknown>\n#10 0x5570f7c1c531 <unknown>\n#11 0x5570f7c20455 <unknown>\n#12 0x5570f7c08f55 <unknown>\n#13 0x5570f7c210ef <unknown>\n#14 0x5570f7bec99f <unknown>\n#15 0x5570f7c45008 <unknown>\n#16 0x5570f7c451d7 <unknown>\n#17 0x5570f7c57124 <unknown>\n#18 0x7fb9e8e98044 <unknown>","time":{"start":1704848208911,"stop":1704848209395,"duration":484}},{"uid":"5f218790caa397c1","reportUrl":"https://Nat754.github.io/StroyremAutomation/181//#testresult/5f218790caa397c1","status":"skipped","statusDetails":"XFAIL\n\nselenium.common.exceptions.NoSuchElementException: Message: no such element: Unable to locate element: {\"method\":\"xpath\",\"selector\":\"(//a[@class='add-to-cart yellow-btn'])[1]\"}\n  (Session info: chrome-headless-shell=120.0.6099.109); For documentation on this error, please visit: https://www.selenium.dev/documentation/webdriver/troubleshooting/errors#no-such-element-exception\nStacktrace:\n#0 0x55df0649bf83 <unknown>\n#1 0x55df06154cf7 <unknown>\n#2 0x55df061a499e <unknown>\n#3 0x55df061a4aa1 <unknown>\n#4 0x55df061efd64 <unknown>\n#5 0x55df061ce0dd <unknown>\n#6 0x55df061ed006 <unknown>\n#7 0x55df061cde53 <unknown>\n#8 0x55df06195dd4 <unknown>\n#9 0x55df061971de <unknown>\n#10 0x55df06460531 <unknown>\n#11 0x55df06464455 <unknown>\n#12 0x55df0644cf55 <unknown>\n#13 0x55df064650ef <unknown>\n#14 0x55df0643099f <unknown>\n#15 0x55df06489008 <unknown>\n#16 0x55df064891d7 <unknown>\n#17 0x55df0649b124 <unknown>\n#18 0x7fd373e2c044 <unknown>","time":{"start":1704761748988,"stop":1704761749411,"duration":423}},{"uid":"248b4c1ef7936be9","reportUrl":"https://Nat754.github.io/StroyremAutomation/180//#testresult/248b4c1ef7936be9","status":"skipped","statusDetails":"XFAIL\n\nselenium.common.exceptions.NoSuchElementException: Message: no such element: Unable to locate element: {\"method\":\"xpath\",\"selector\":\"(//a[@class='add-to-cart yellow-btn'])[1]\"}\n  (Session info: chrome-headless-shell=120.0.6099.109); For documentation on this error, please visit: https://www.selenium.dev/documentation/webdriver/troubleshooting/errors#no-such-element-exception\nStacktrace:\n#0 0x5589397eaf83 <unknown>\n#1 0x5589394a3cf7 <unknown>\n#2 0x5589394f399e <unknown>\n#3 0x5589394f3aa1 <unknown>\n#4 0x55893953ed64 <unknown>\n#5 0x55893951d0dd <unknown>\n#6 0x55893953c006 <unknown>\n#7 0x55893951ce53 <unknown>\n#8 0x5589394e4dd4 <unknown>\n#9 0x5589394e61de <unknown>\n#10 0x5589397af531 <unknown>\n#11 0x5589397b3455 <unknown>\n#12 0x55893979bf55 <unknown>\n#13 0x5589397b40ef <unknown>\n#14 0x55893977f99f <unknown>\n#15 0x5589397d8008 <unknown>\n#16 0x5589397d81d7 <unknown>\n#17 0x5589397ea124 <unknown>\n#18 0x7f19ce1cd044 <unknown>","time":{"start":1704675366589,"stop":1704675367318,"duration":729}},{"uid":"908f5b538d8ece3b","reportUrl":"https://Nat754.github.io/StroyremAutomation/179//#testresult/908f5b538d8ece3b","status":"skipped","statusDetails":"XFAIL\n\nselenium.common.exceptions.NoSuchElementException: Message: no such element: Unable to locate element: {\"method\":\"xpath\",\"selector\":\"(//a[@class='add-to-cart yellow-btn'])[1]\"}\n  (Session info: chrome-headless-shell=120.0.6099.109); For documentation on this error, please visit: https://www.selenium.dev/documentation/webdriver/troubleshooting/errors#no-such-element-exception\nStacktrace:\n#0 0x558cc4e13f83 <unknown>\n#1 0x558cc4acccf7 <unknown>\n#2 0x558cc4b1c99e <unknown>\n#3 0x558cc4b1caa1 <unknown>\n#4 0x558cc4b67d64 <unknown>\n#5 0x558cc4b460dd <unknown>\n#6 0x558cc4b65006 <unknown>\n#7 0x558cc4b45e53 <unknown>\n#8 0x558cc4b0ddd4 <unknown>\n#9 0x558cc4b0f1de <unknown>\n#10 0x558cc4dd8531 <unknown>\n#11 0x558cc4ddc455 <unknown>\n#12 0x558cc4dc4f55 <unknown>\n#13 0x558cc4ddd0ef <unknown>\n#14 0x558cc4da899f <unknown>\n#15 0x558cc4e01008 <unknown>\n#16 0x558cc4e011d7 <unknown>\n#17 0x558cc4e13124 <unknown>\n#18 0x7f344b8f1044 <unknown>","time":{"start":1704589199622,"stop":1704589200516,"duration":894}},{"uid":"7b858c8ad60c7295","reportUrl":"https://Nat754.github.io/StroyremAutomation/178//#testresult/7b858c8ad60c7295","status":"skipped","statusDetails":"XFAIL\n\nselenium.common.exceptions.NoSuchElementException: Message: no such element: Unable to locate element: {\"method\":\"xpath\",\"selector\":\"(//a[@class='add-to-cart yellow-btn'])[1]\"}\n  (Session info: chrome-headless-shell=120.0.6099.109); For documentation on this error, please visit: https://www.selenium.dev/documentation/webdriver/troubleshooting/errors#no-such-element-exception\nStacktrace:\n#0 0x55f67fc04f83 <unknown>\n#1 0x55f67f8bdcf7 <unknown>\n#2 0x55f67f90d99e <unknown>\n#3 0x55f67f90daa1 <unknown>\n#4 0x55f67f958d64 <unknown>\n#5 0x55f67f9370dd <unknown>\n#6 0x55f67f956006 <unknown>\n#7 0x55f67f936e53 <unknown>\n#8 0x55f67f8fedd4 <unknown>\n#9 0x55f67f9001de <unknown>\n#10 0x55f67fbc9531 <unknown>\n#11 0x55f67fbcd455 <unknown>\n#12 0x55f67fbb5f55 <unknown>\n#13 0x55f67fbce0ef <unknown>\n#14 0x55f67fb9999f <unknown>\n#15 0x55f67fbf2008 <unknown>\n#16 0x55f67fbf21d7 <unknown>\n#17 0x55f67fc04124 <unknown>\n#18 0x7fcf3412d044 <unknown>","time":{"start":1704502462100,"stop":1704502462918,"duration":818}},{"uid":"e437e8cb2a1d6cae","reportUrl":"https://Nat754.github.io/StroyremAutomation/177//#testresult/e437e8cb2a1d6cae","status":"skipped","statusDetails":"XFAIL\n\nselenium.common.exceptions.NoSuchElementException: Message: no such element: Unable to locate element: {\"method\":\"xpath\",\"selector\":\"(//a[@class='add-to-cart yellow-btn'])[1]\"}\n  (Session info: chrome-headless-shell=120.0.6099.109); For documentation on this error, please visit: https://www.selenium.dev/documentation/webdriver/troubleshooting/errors#no-such-element-exception\nStacktrace:\n#0 0x56265755af83 <unknown>\n#1 0x562657213cf7 <unknown>\n#2 0x56265726399e <unknown>\n#3 0x562657263aa1 <unknown>\n#4 0x5626572aed64 <unknown>\n#5 0x56265728d0dd <unknown>\n#6 0x5626572ac006 <unknown>\n#7 0x56265728ce53 <unknown>\n#8 0x562657254dd4 <unknown>\n#9 0x5626572561de <unknown>\n#10 0x56265751f531 <unknown>\n#11 0x562657523455 <unknown>\n#12 0x56265750bf55 <unknown>\n#13 0x5626575240ef <unknown>\n#14 0x5626574ef99f <unknown>\n#15 0x562657548008 <unknown>\n#16 0x5626575481d7 <unknown>\n#17 0x56265755a124 <unknown>\n#18 0x7fa49e4d1044 <unknown>","time":{"start":1704416095435,"stop":1704416096025,"duration":590}},{"uid":"b791ea628a33e07d","reportUrl":"https://Nat754.github.io/StroyremAutomation/176//#testresult/b791ea628a33e07d","status":"skipped","statusDetails":"XFAIL\n\nselenium.common.exceptions.NoSuchElementException: Message: no such element: Unable to locate element: {\"method\":\"xpath\",\"selector\":\"(//a[@class='add-to-cart yellow-btn'])[1]\"}\n  (Session info: chrome-headless-shell=120.0.6099.109); For documentation on this error, please visit: https://www.selenium.dev/documentation/webdriver/troubleshooting/errors#no-such-element-exception\nStacktrace:\n#0 0x564a9966ef83 <unknown>\n#1 0x564a99327cf7 <unknown>\n#2 0x564a9937799e <unknown>\n#3 0x564a99377aa1 <unknown>\n#4 0x564a993c2d64 <unknown>\n#5 0x564a993a10dd <unknown>\n#6 0x564a993c0006 <unknown>\n#7 0x564a993a0e53 <unknown>\n#8 0x564a99368dd4 <unknown>\n#9 0x564a9936a1de <unknown>\n#10 0x564a99633531 <unknown>\n#11 0x564a99637455 <unknown>\n#12 0x564a9961ff55 <unknown>\n#13 0x564a996380ef <unknown>\n#14 0x564a9960399f <unknown>\n#15 0x564a9965c008 <unknown>\n#16 0x564a9965c1d7 <unknown>\n#17 0x564a9966e124 <unknown>\n#18 0x7eff4f252044 <unknown>","time":{"start":1704329668762,"stop":1704329669386,"duration":624}},{"uid":"3828aa3ed327fdb0","reportUrl":"https://Nat754.github.io/StroyremAutomation/175//#testresult/3828aa3ed327fdb0","status":"skipped","statusDetails":"XFAIL\n\nselenium.common.exceptions.NoSuchElementException: Message: no such element: Unable to locate element: {\"method\":\"xpath\",\"selector\":\"(//a[@class='add-to-cart yellow-btn'])[1]\"}\n  (Session info: chrome-headless-shell=120.0.6099.109); For documentation on this error, please visit: https://www.selenium.dev/documentation/webdriver/troubleshooting/errors#no-such-element-exception\nStacktrace:\n#0 0x558ec2811f83 <unknown>\n#1 0x558ec24cacf7 <unknown>\n#2 0x558ec251a99e <unknown>\n#3 0x558ec251aaa1 <unknown>\n#4 0x558ec2565d64 <unknown>\n#5 0x558ec25440dd <unknown>\n#6 0x558ec2563006 <unknown>\n#7 0x558ec2543e53 <unknown>\n#8 0x558ec250bdd4 <unknown>\n#9 0x558ec250d1de <unknown>\n#10 0x558ec27d6531 <unknown>\n#11 0x558ec27da455 <unknown>\n#12 0x558ec27c2f55 <unknown>\n#13 0x558ec27db0ef <unknown>\n#14 0x558ec27a699f <unknown>\n#15 0x558ec27ff008 <unknown>\n#16 0x558ec27ff1d7 <unknown>\n#17 0x558ec2811124 <unknown>\n#18 0x7f4c019cc044 <unknown>","time":{"start":1704243294454,"stop":1704243294979,"duration":525}},{"uid":"c750521d5efb5d54","reportUrl":"https://Nat754.github.io/StroyremAutomation/174//#testresult/c750521d5efb5d54","status":"skipped","statusDetails":"XFAIL\n\nselenium.common.exceptions.NoSuchElementException: Message: no such element: Unable to locate element: {\"method\":\"xpath\",\"selector\":\"(//a[@class='add-to-cart yellow-btn'])[1]\"}\n  (Session info: chrome-headless-shell=120.0.6099.109); For documentation on this error, please visit: https://www.selenium.dev/documentation/webdriver/troubleshooting/errors#no-such-element-exception\nStacktrace:\n#0 0x564264244f83 <unknown>\n#1 0x564263efdcf7 <unknown>\n#2 0x564263f4d99e <unknown>\n#3 0x564263f4daa1 <unknown>\n#4 0x564263f98d64 <unknown>\n#5 0x564263f770dd <unknown>\n#6 0x564263f96006 <unknown>\n#7 0x564263f76e53 <unknown>\n#8 0x564263f3edd4 <unknown>\n#9 0x564263f401de <unknown>\n#10 0x564264209531 <unknown>\n#11 0x56426420d455 <unknown>\n#12 0x5642641f5f55 <unknown>\n#13 0x56426420e0ef <unknown>\n#14 0x5642641d999f <unknown>\n#15 0x564264232008 <unknown>\n#16 0x5642642321d7 <unknown>\n#17 0x564264244124 <unknown>\n#18 0x7f891f845044 <unknown>","time":{"start":1704156781946,"stop":1704156782546,"duration":600}},{"uid":"442691803f6b2919","reportUrl":"https://Nat754.github.io/StroyremAutomation/173//#testresult/442691803f6b2919","status":"skipped","statusDetails":"XFAIL\n\nselenium.common.exceptions.NoSuchElementException: Message: no such element: Unable to locate element: {\"method\":\"xpath\",\"selector\":\"(//a[@class='add-to-cart yellow-btn'])[1]\"}\n  (Session info: chrome-headless-shell=120.0.6099.109); For documentation on this error, please visit: https://www.selenium.dev/documentation/webdriver/troubleshooting/errors#no-such-element-exception\nStacktrace:\n#0 0x561ad951df83 <unknown>\n#1 0x561ad91d6cf7 <unknown>\n#2 0x561ad922699e <unknown>\n#3 0x561ad9226aa1 <unknown>\n#4 0x561ad9271d64 <unknown>\n#5 0x561ad92500dd <unknown>\n#6 0x561ad926f006 <unknown>\n#7 0x561ad924fe53 <unknown>\n#8 0x561ad9217dd4 <unknown>\n#9 0x561ad92191de <unknown>\n#10 0x561ad94e2531 <unknown>\n#11 0x561ad94e6455 <unknown>\n#12 0x561ad94cef55 <unknown>\n#13 0x561ad94e70ef <unknown>\n#14 0x561ad94b299f <unknown>\n#15 0x561ad950b008 <unknown>\n#16 0x561ad950b1d7 <unknown>\n#17 0x561ad951d124 <unknown>\n#18 0x7f6b1ccdb044 <unknown>","time":{"start":1704070736219,"stop":1704070736772,"duration":553}},{"uid":"b255bc814d68c3bb","reportUrl":"https://Nat754.github.io/StroyremAutomation/172//#testresult/b255bc814d68c3bb","status":"skipped","statusDetails":"XFAIL\n\nselenium.common.exceptions.NoSuchElementException: Message: no such element: Unable to locate element: {\"method\":\"xpath\",\"selector\":\"(//a[@class='add-to-cart yellow-btn'])[1]\"}\n  (Session info: chrome-headless-shell=120.0.6099.109); For documentation on this error, please visit: https://www.selenium.dev/documentation/webdriver/troubleshooting/errors#no-such-element-exception\nStacktrace:\n#0 0x5561f7f35f83 <unknown>\n#1 0x5561f7beecf7 <unknown>\n#2 0x5561f7c3e99e <unknown>\n#3 0x5561f7c3eaa1 <unknown>\n#4 0x5561f7c89d64 <unknown>\n#5 0x5561f7c680dd <unknown>\n#6 0x5561f7c87006 <unknown>\n#7 0x5561f7c67e53 <unknown>\n#8 0x5561f7c2fdd4 <unknown>\n#9 0x5561f7c311de <unknown>\n#10 0x5561f7efa531 <unknown>\n#11 0x5561f7efe455 <unknown>\n#12 0x5561f7ee6f55 <unknown>\n#13 0x5561f7eff0ef <unknown>\n#14 0x5561f7eca99f <unknown>\n#15 0x5561f7f23008 <unknown>\n#16 0x5561f7f231d7 <unknown>\n#17 0x5561f7f35124 <unknown>\n#18 0x7fe5c2d07044 <unknown>","time":{"start":1703984247071,"stop":1703984247543,"duration":472}},{"uid":"41be3b3f0d356c72","reportUrl":"https://Nat754.github.io/StroyremAutomation/171//#testresult/41be3b3f0d356c72","status":"skipped","statusDetails":"XFAIL\n\nselenium.common.exceptions.NoSuchElementException: Message: no such element: Unable to locate element: {\"method\":\"xpath\",\"selector\":\"(//a[@class='add-to-cart yellow-btn'])[1]\"}\n  (Session info: chrome-headless-shell=120.0.6099.109); For documentation on this error, please visit: https://www.selenium.dev/documentation/webdriver/troubleshooting/errors#no-such-element-exception\nStacktrace:\n#0 0x55cee4425f83 <unknown>\n#1 0x55cee40decf7 <unknown>\n#2 0x55cee412e99e <unknown>\n#3 0x55cee412eaa1 <unknown>\n#4 0x55cee4179d64 <unknown>\n#5 0x55cee41580dd <unknown>\n#6 0x55cee4177006 <unknown>\n#7 0x55cee4157e53 <unknown>\n#8 0x55cee411fdd4 <unknown>\n#9 0x55cee41211de <unknown>\n#10 0x55cee43ea531 <unknown>\n#11 0x55cee43ee455 <unknown>\n#12 0x55cee43d6f55 <unknown>\n#13 0x55cee43ef0ef <unknown>\n#14 0x55cee43ba99f <unknown>\n#15 0x55cee4413008 <unknown>\n#16 0x55cee44131d7 <unknown>\n#17 0x55cee4425124 <unknown>\n#18 0x7f96f23af044 <unknown>","time":{"start":1703897528052,"stop":1703897528581,"duration":529}},{"uid":"6bdc3b6403214562","reportUrl":"https://Nat754.github.io/StroyremAutomation/170//#testresult/6bdc3b6403214562","status":"skipped","statusDetails":"XFAIL\n\nselenium.common.exceptions.NoSuchElementException: Message: no such element: Unable to locate element: {\"method\":\"xpath\",\"selector\":\"(//a[@class='add-to-cart yellow-btn'])[1]\"}\n  (Session info: chrome-headless-shell=120.0.6099.109); For documentation on this error, please visit: https://www.selenium.dev/documentation/webdriver/troubleshooting/errors#no-such-element-exception\nStacktrace:\n#0 0x55b8bf5b2f83 <unknown>\n#1 0x55b8bf26bcf7 <unknown>\n#2 0x55b8bf2bb99e <unknown>\n#3 0x55b8bf2bbaa1 <unknown>\n#4 0x55b8bf306d64 <unknown>\n#5 0x55b8bf2e50dd <unknown>\n#6 0x55b8bf304006 <unknown>\n#7 0x55b8bf2e4e53 <unknown>\n#8 0x55b8bf2acdd4 <unknown>\n#9 0x55b8bf2ae1de <unknown>\n#10 0x55b8bf577531 <unknown>\n#11 0x55b8bf57b455 <unknown>\n#12 0x55b8bf563f55 <unknown>\n#13 0x55b8bf57c0ef <unknown>\n#14 0x55b8bf54799f <unknown>\n#15 0x55b8bf5a0008 <unknown>\n#16 0x55b8bf5a01d7 <unknown>\n#17 0x55b8bf5b2124 <unknown>\n#18 0x7f873a861044 <unknown>","time":{"start":1703810704981,"stop":1703810705775,"duration":794}}]},"tags":["@pytest.mark.xfail","smoke_test"]},"source":"26e79240a9e372da.json","parameterValues":["2190","1","'TD 002'","1590","'products/shtukaturka-tsementnaya-bergauf-bau-putts-tsement-25kg-56sht'","400","'https://sandboxtest.stroyrem-nn.ru/'","30"]}