{"uid":"c620e7ef19e01e15","name":"test_positive_delivery_green_zone_smoke[TD 001-products/uroven---uglomer-elektronnyj-kapro-992-1-30-0-1590-2190-https://sandboxtest.stroyrem-nn.ru/]","fullName":"tests.delivery.test_delivery_calculation.TestDeliveryPageCalculation#test_positive_delivery_green_zone_smoke","historyId":"7d50f9d85ab9724fc9bef1ba931d63a5","time":{"start":1698108762065,"stop":1698108767709,"duration":5644},"status":"skipped","statusMessage":"XFAIL\n\nselenium.common.exceptions.NoSuchElementException: Message: no such element: Unable to locate element: {\"method\":\"xpath\",\"selector\":\"//input[@class='amount']\"}\n  (Session info: headless chrome=118.0.5993.70); For documentation on this error, please visit: https://www.selenium.dev/documentation/webdriver/troubleshooting/errors#no-such-element-exception\nStacktrace:\n#0 0x55902db1afb3 <unknown>\n#1 0x55902d7ee4a7 <unknown>\n#2 0x55902d835dd6 <unknown>\n#3 0x55902d835ec1 <unknown>\n#4 0x55902d873354 <unknown>\n#5 0x55902d85796d <unknown>\n#6 0x55902d870c02 <unknown>\n#7 0x55902d857713 <unknown>\n#8 0x55902d82a18b <unknown>\n#9 0x55902d82af7e <unknown>\n#10 0x55902dae08d8 <unknown>\n#11 0x55902dae4800 <unknown>\n#12 0x55902daeecfc <unknown>\n#13 0x55902dae5418 <unknown>\n#14 0x55902dab242f <unknown>\n#15 0x55902db094e8 <unknown>\n#16 0x55902db096b4 <unknown>\n#17 0x55902db1a143 <unknown>\n#18 0x7faf29a55044 <unknown>","statusTrace":"self = <tests.delivery.test_delivery_calculation.TestDeliveryPageCalculation object at 0x7eff8495e290>\ndriver = <selenium.webdriver.chrome.webdriver.WebDriver (session=\"154f6f0b836a2adcb0fff565b4bc5ebc\")>\nurl = 'https://sandboxtest.stroyrem-nn.ru/', case_id = 'TD 001'\nlink_item = 'products/uroven---uglomer-elektronnyj-kapro-992', amount = 1\nweight = 30, standard = 0, in_time = 1590, all_time = 2190\n\n    @pytest.mark.parametrize('case_id, link_item, amount, weight, standard, in_time, all_time', [\n        (\"TD 001\", uroven_3000, 1, 30, 0, 1590, 2190),\n        (\"TD 002\", bundeks_25, 1, 30, 400, 1590, 2190),\n        (\"TD 003\", aksolit_30, 8, 300, 400, 1590, 2190),\n        (\"TD 004\", aksolit_30, 13, 400, 450, 1590, 2190),\n        (\"TD 005\", aksolit_30, 16, 500, 600, 1590, 2190),\n        (\"TD 006\", aksolit_30, 25, 1700, 990, 1990, 2480),\n        (\"TD 007\", aksolit_30, 66, 2000, 1300, 2490, 2980),\n        (\"TD 008\", aksolit_30, 149, 4500, 2300, 3980, 4490),\n        (\"TD 009\", aksolit_30, 166, 5000, 2500, 4990, 5480),\n        pytest.param(\n            \"TD 010\", aksolit_30, 206, 6200, 2900, 5570, 6120,\n            marks=pytest.mark.xfail(reson=\"Цена доставки 3600 7960 8980\")\n        ),\n        (\"TD 011\", aksolit_30, 299, 9000, 3600, 7960, 8980),\n        (\"TD 012\", aksolit_30, 333, 10000, 4450, 11990, 12500),\n        pytest.param(\n            \"TD 013\", aksolit_30, 366, 11000, 4800, 12450, 13480,\n            marks=pytest.mark.xfail(reason=\"Цена стандартной доставки 4450\")\n        ),\n        pytest.param(\n            \"TD 014\", aksolit_30, 666, 20000, 5400, 15600, 17490,\n            marks=pytest.mark.xfail(reason=\"Цена стандартной доставки 4450\")\n        )\n    ])\n    @pytest.mark.xfail\n    @pytest.mark.smoke_test\n    def test_positive_delivery_green_zone_smoke(\n            self, driver, url, case_id, link_item, amount, weight, standard, in_time, all_time\n    ):\n    \n        driver.get(f'{url}{link_item}')\n        item_page = ItemPage(driver)\n>       item_page.add_item_to_cart(amount).click_on_cart()\n\ntests/delivery/test_delivery_calculation.py:50: \n_ _ _ _ _ _ _ _ _ _ _ _ _ _ _ _ _ _ _ _ _ _ _ _ _ _ _ _ _ _ _ _ _ _ _ _ _ _ _ _ \npages/item_page.py:41: in add_item_to_cart\n    amount_field = self.find_element(self._item_amount)\nbase/seleniumbase.py:17: in find_element\n    return self.driver.find_element(*locator)\n/usr/local/lib/python3.11/site-packages/selenium/webdriver/remote/webdriver.py:739: in find_element\n    return self.execute(Command.FIND_ELEMENT, {\"using\": by, \"value\": value})[\"value\"]\n/usr/local/lib/python3.11/site-packages/selenium/webdriver/remote/webdriver.py:345: in execute\n    self.error_handler.check_response(response)\n_ _ _ _ _ _ _ _ _ _ _ _ _ _ _ _ _ _ _ _ _ _ _ _ _ _ _ _ _ _ _ _ _ _ _ _ _ _ _ _ \n\nself = <selenium.webdriver.remote.errorhandler.ErrorHandler object at 0x7eff8458a110>\nresponse = {'status': 404, 'value': '{\"value\":{\"error\":\"no such element\",\"message\":\"no such element: Unable to locate element: {\\...\\\\n#16 0x55902db096b4 \\\\u003Cunknown>\\\\n#17 0x55902db1a143 \\\\u003Cunknown>\\\\n#18 0x7faf29a55044 \\\\u003Cunknown>\\\\n\"}}'}\n\n    def check_response(self, response: Dict[str, Any]) -> None:\n        \"\"\"Checks that a JSON response from the WebDriver does not have an\n        error.\n    \n        :Args:\n         - response - The JSON response from the WebDriver server as a dictionary\n           object.\n    \n        :Raises: If the response contains an error message.\n        \"\"\"\n        status = response.get(\"status\", None)\n        if not status or status == ErrorCode.SUCCESS:\n            return\n        value = None\n        message = response.get(\"message\", \"\")\n        screen: str = response.get(\"screen\", \"\")\n        stacktrace = None\n        if isinstance(status, int):\n            value_json = response.get(\"value\", None)\n            if value_json and isinstance(value_json, str):\n                import json\n    \n                try:\n                    value = json.loads(value_json)\n                    if len(value) == 1:\n                        value = value[\"value\"]\n                    status = value.get(\"error\", None)\n                    if not status:\n                        status = value.get(\"status\", ErrorCode.UNKNOWN_ERROR)\n                        message = value.get(\"value\") or value.get(\"message\")\n                        if not isinstance(message, str):\n                            value = message\n                            message = message.get(\"message\")\n                    else:\n                        message = value.get(\"message\", None)\n                except ValueError:\n                    pass\n    \n        exception_class: Type[WebDriverException]\n        e = ErrorCode()\n        error_codes = [item for item in dir(e) if not item.startswith(\"__\")]\n        for error_code in error_codes:\n            error_info = getattr(ErrorCode, error_code)\n            if isinstance(error_info, list) and status in error_info:\n                exception_class = getattr(ExceptionMapping, error_code, WebDriverException)\n                break\n        else:\n            exception_class = WebDriverException\n    \n        if not value:\n            value = response[\"value\"]\n        if isinstance(value, str):\n            raise exception_class(value)\n        if message == \"\" and \"message\" in value:\n            message = value[\"message\"]\n    \n        screen = None  # type: ignore[assignment]\n        if \"screen\" in value:\n            screen = value[\"screen\"]\n    \n        stacktrace = None\n        st_value = value.get(\"stackTrace\") or value.get(\"stacktrace\")\n        if st_value:\n            if isinstance(st_value, str):\n                stacktrace = st_value.split(\"\\n\")\n            else:\n                stacktrace = []\n                try:\n                    for frame in st_value:\n                        line = frame.get(\"lineNumber\", \"\")\n                        file = frame.get(\"fileName\", \"<anonymous>\")\n                        if line:\n                            file = f\"{file}:{line}\"\n                        meth = frame.get(\"methodName\", \"<anonymous>\")\n                        if \"className\" in frame:\n                            meth = f\"{frame['className']}.{meth}\"\n                        msg = \"    at %s (%s)\"\n                        msg = msg % (meth, file)\n                        stacktrace.append(msg)\n                except TypeError:\n                    pass\n        if exception_class == UnexpectedAlertPresentException:\n            alert_text = None\n            if \"data\" in value:\n                alert_text = value[\"data\"].get(\"text\")\n            elif \"alert\" in value:\n                alert_text = value[\"alert\"].get(\"text\")\n            raise exception_class(message, screen, stacktrace, alert_text)  # type: ignore[call-arg]  # mypy is not smart enough here\n>       raise exception_class(message, screen, stacktrace)\nE       selenium.common.exceptions.NoSuchElementException: Message: no such element: Unable to locate element: {\"method\":\"xpath\",\"selector\":\"//input[@class='amount']\"}\nE         (Session info: headless chrome=118.0.5993.70); For documentation on this error, please visit: https://www.selenium.dev/documentation/webdriver/troubleshooting/errors#no-such-element-exception\nE       Stacktrace:\nE       #0 0x55902db1afb3 <unknown>\nE       #1 0x55902d7ee4a7 <unknown>\nE       #2 0x55902d835dd6 <unknown>\nE       #3 0x55902d835ec1 <unknown>\nE       #4 0x55902d873354 <unknown>\nE       #5 0x55902d85796d <unknown>\nE       #6 0x55902d870c02 <unknown>\nE       #7 0x55902d857713 <unknown>\nE       #8 0x55902d82a18b <unknown>\nE       #9 0x55902d82af7e <unknown>\nE       #10 0x55902dae08d8 <unknown>\nE       #11 0x55902dae4800 <unknown>\nE       #12 0x55902daeecfc <unknown>\nE       #13 0x55902dae5418 <unknown>\nE       #14 0x55902dab242f <unknown>\nE       #15 0x55902db094e8 <unknown>\nE       #16 0x55902db096b4 <unknown>\nE       #17 0x55902db1a143 <unknown>\nE       #18 0x7faf29a55044 <unknown>\n\n/usr/local/lib/python3.11/site-packages/selenium/webdriver/remote/errorhandler.py:229: NoSuchElementException","flaky":false,"newFailed":false,"newBroken":false,"newPassed":false,"retriesCount":0,"retriesStatusChange":false,"beforeStages":[{"name":"_session_faker","time":{"start":1698108484529,"stop":1698108484614,"duration":85},"status":"passed","steps":[],"attachments":[],"parameters":[],"shouldDisplayMessage":false,"stepsCount":0,"attachmentsCount":0,"hasContent":false},{"name":"clear_allure_results_folder","time":{"start":1698108484614,"stop":1698108484614,"duration":0},"status":"passed","steps":[],"attachments":[],"parameters":[],"shouldDisplayMessage":false,"stepsCount":0,"attachmentsCount":0,"hasContent":false},{"name":"driver","time":{"start":1698108761223,"stop":1698108762064,"duration":841},"status":"passed","steps":[],"attachments":[],"parameters":[],"shouldDisplayMessage":false,"stepsCount":0,"attachmentsCount":0,"hasContent":false},{"name":"setup","time":{"start":1698108762064,"stop":1698108762064,"duration":0},"status":"passed","steps":[],"attachments":[],"parameters":[],"shouldDisplayMessage":false,"stepsCount":0,"attachmentsCount":0,"hasContent":false}],"testStage":{"status":"skipped","statusMessage":"XFAIL\n\nselenium.common.exceptions.NoSuchElementException: Message: no such element: Unable to locate element: {\"method\":\"xpath\",\"selector\":\"//input[@class='amount']\"}\n  (Session info: headless chrome=118.0.5993.70); For documentation on this error, please visit: https://www.selenium.dev/documentation/webdriver/troubleshooting/errors#no-such-element-exception\nStacktrace:\n#0 0x55902db1afb3 <unknown>\n#1 0x55902d7ee4a7 <unknown>\n#2 0x55902d835dd6 <unknown>\n#3 0x55902d835ec1 <unknown>\n#4 0x55902d873354 <unknown>\n#5 0x55902d85796d <unknown>\n#6 0x55902d870c02 <unknown>\n#7 0x55902d857713 <unknown>\n#8 0x55902d82a18b <unknown>\n#9 0x55902d82af7e <unknown>\n#10 0x55902dae08d8 <unknown>\n#11 0x55902dae4800 <unknown>\n#12 0x55902daeecfc <unknown>\n#13 0x55902dae5418 <unknown>\n#14 0x55902dab242f <unknown>\n#15 0x55902db094e8 <unknown>\n#16 0x55902db096b4 <unknown>\n#17 0x55902db1a143 <unknown>\n#18 0x7faf29a55044 <unknown>","statusTrace":"self = <tests.delivery.test_delivery_calculation.TestDeliveryPageCalculation object at 0x7eff8495e290>\ndriver = <selenium.webdriver.chrome.webdriver.WebDriver (session=\"154f6f0b836a2adcb0fff565b4bc5ebc\")>\nurl = 'https://sandboxtest.stroyrem-nn.ru/', case_id = 'TD 001'\nlink_item = 'products/uroven---uglomer-elektronnyj-kapro-992', amount = 1\nweight = 30, standard = 0, in_time = 1590, all_time = 2190\n\n    @pytest.mark.parametrize('case_id, link_item, amount, weight, standard, in_time, all_time', [\n        (\"TD 001\", uroven_3000, 1, 30, 0, 1590, 2190),\n        (\"TD 002\", bundeks_25, 1, 30, 400, 1590, 2190),\n        (\"TD 003\", aksolit_30, 8, 300, 400, 1590, 2190),\n        (\"TD 004\", aksolit_30, 13, 400, 450, 1590, 2190),\n        (\"TD 005\", aksolit_30, 16, 500, 600, 1590, 2190),\n        (\"TD 006\", aksolit_30, 25, 1700, 990, 1990, 2480),\n        (\"TD 007\", aksolit_30, 66, 2000, 1300, 2490, 2980),\n        (\"TD 008\", aksolit_30, 149, 4500, 2300, 3980, 4490),\n        (\"TD 009\", aksolit_30, 166, 5000, 2500, 4990, 5480),\n        pytest.param(\n            \"TD 010\", aksolit_30, 206, 6200, 2900, 5570, 6120,\n            marks=pytest.mark.xfail(reson=\"Цена доставки 3600 7960 8980\")\n        ),\n        (\"TD 011\", aksolit_30, 299, 9000, 3600, 7960, 8980),\n        (\"TD 012\", aksolit_30, 333, 10000, 4450, 11990, 12500),\n        pytest.param(\n            \"TD 013\", aksolit_30, 366, 11000, 4800, 12450, 13480,\n            marks=pytest.mark.xfail(reason=\"Цена стандартной доставки 4450\")\n        ),\n        pytest.param(\n            \"TD 014\", aksolit_30, 666, 20000, 5400, 15600, 17490,\n            marks=pytest.mark.xfail(reason=\"Цена стандартной доставки 4450\")\n        )\n    ])\n    @pytest.mark.xfail\n    @pytest.mark.smoke_test\n    def test_positive_delivery_green_zone_smoke(\n            self, driver, url, case_id, link_item, amount, weight, standard, in_time, all_time\n    ):\n    \n        driver.get(f'{url}{link_item}')\n        item_page = ItemPage(driver)\n>       item_page.add_item_to_cart(amount).click_on_cart()\n\ntests/delivery/test_delivery_calculation.py:50: \n_ _ _ _ _ _ _ _ _ _ _ _ _ _ _ _ _ _ _ _ _ _ _ _ _ _ _ _ _ _ _ _ _ _ _ _ _ _ _ _ \npages/item_page.py:41: in add_item_to_cart\n    amount_field = self.find_element(self._item_amount)\nbase/seleniumbase.py:17: in find_element\n    return self.driver.find_element(*locator)\n/usr/local/lib/python3.11/site-packages/selenium/webdriver/remote/webdriver.py:739: in find_element\n    return self.execute(Command.FIND_ELEMENT, {\"using\": by, \"value\": value})[\"value\"]\n/usr/local/lib/python3.11/site-packages/selenium/webdriver/remote/webdriver.py:345: in execute\n    self.error_handler.check_response(response)\n_ _ _ _ _ _ _ _ _ _ _ _ _ _ _ _ _ _ _ _ _ _ _ _ _ _ _ _ _ _ _ _ _ _ _ _ _ _ _ _ \n\nself = <selenium.webdriver.remote.errorhandler.ErrorHandler object at 0x7eff8458a110>\nresponse = {'status': 404, 'value': '{\"value\":{\"error\":\"no such element\",\"message\":\"no such element: Unable to locate element: {\\...\\\\n#16 0x55902db096b4 \\\\u003Cunknown>\\\\n#17 0x55902db1a143 \\\\u003Cunknown>\\\\n#18 0x7faf29a55044 \\\\u003Cunknown>\\\\n\"}}'}\n\n    def check_response(self, response: Dict[str, Any]) -> None:\n        \"\"\"Checks that a JSON response from the WebDriver does not have an\n        error.\n    \n        :Args:\n         - response - The JSON response from the WebDriver server as a dictionary\n           object.\n    \n        :Raises: If the response contains an error message.\n        \"\"\"\n        status = response.get(\"status\", None)\n        if not status or status == ErrorCode.SUCCESS:\n            return\n        value = None\n        message = response.get(\"message\", \"\")\n        screen: str = response.get(\"screen\", \"\")\n        stacktrace = None\n        if isinstance(status, int):\n            value_json = response.get(\"value\", None)\n            if value_json and isinstance(value_json, str):\n                import json\n    \n                try:\n                    value = json.loads(value_json)\n                    if len(value) == 1:\n                        value = value[\"value\"]\n                    status = value.get(\"error\", None)\n                    if not status:\n                        status = value.get(\"status\", ErrorCode.UNKNOWN_ERROR)\n                        message = value.get(\"value\") or value.get(\"message\")\n                        if not isinstance(message, str):\n                            value = message\n                            message = message.get(\"message\")\n                    else:\n                        message = value.get(\"message\", None)\n                except ValueError:\n                    pass\n    \n        exception_class: Type[WebDriverException]\n        e = ErrorCode()\n        error_codes = [item for item in dir(e) if not item.startswith(\"__\")]\n        for error_code in error_codes:\n            error_info = getattr(ErrorCode, error_code)\n            if isinstance(error_info, list) and status in error_info:\n                exception_class = getattr(ExceptionMapping, error_code, WebDriverException)\n                break\n        else:\n            exception_class = WebDriverException\n    \n        if not value:\n            value = response[\"value\"]\n        if isinstance(value, str):\n            raise exception_class(value)\n        if message == \"\" and \"message\" in value:\n            message = value[\"message\"]\n    \n        screen = None  # type: ignore[assignment]\n        if \"screen\" in value:\n            screen = value[\"screen\"]\n    \n        stacktrace = None\n        st_value = value.get(\"stackTrace\") or value.get(\"stacktrace\")\n        if st_value:\n            if isinstance(st_value, str):\n                stacktrace = st_value.split(\"\\n\")\n            else:\n                stacktrace = []\n                try:\n                    for frame in st_value:\n                        line = frame.get(\"lineNumber\", \"\")\n                        file = frame.get(\"fileName\", \"<anonymous>\")\n                        if line:\n                            file = f\"{file}:{line}\"\n                        meth = frame.get(\"methodName\", \"<anonymous>\")\n                        if \"className\" in frame:\n                            meth = f\"{frame['className']}.{meth}\"\n                        msg = \"    at %s (%s)\"\n                        msg = msg % (meth, file)\n                        stacktrace.append(msg)\n                except TypeError:\n                    pass\n        if exception_class == UnexpectedAlertPresentException:\n            alert_text = None\n            if \"data\" in value:\n                alert_text = value[\"data\"].get(\"text\")\n            elif \"alert\" in value:\n                alert_text = value[\"alert\"].get(\"text\")\n            raise exception_class(message, screen, stacktrace, alert_text)  # type: ignore[call-arg]  # mypy is not smart enough here\n>       raise exception_class(message, screen, stacktrace)\nE       selenium.common.exceptions.NoSuchElementException: Message: no such element: Unable to locate element: {\"method\":\"xpath\",\"selector\":\"//input[@class='amount']\"}\nE         (Session info: headless chrome=118.0.5993.70); For documentation on this error, please visit: https://www.selenium.dev/documentation/webdriver/troubleshooting/errors#no-such-element-exception\nE       Stacktrace:\nE       #0 0x55902db1afb3 <unknown>\nE       #1 0x55902d7ee4a7 <unknown>\nE       #2 0x55902d835dd6 <unknown>\nE       #3 0x55902d835ec1 <unknown>\nE       #4 0x55902d873354 <unknown>\nE       #5 0x55902d85796d <unknown>\nE       #6 0x55902d870c02 <unknown>\nE       #7 0x55902d857713 <unknown>\nE       #8 0x55902d82a18b <unknown>\nE       #9 0x55902d82af7e <unknown>\nE       #10 0x55902dae08d8 <unknown>\nE       #11 0x55902dae4800 <unknown>\nE       #12 0x55902daeecfc <unknown>\nE       #13 0x55902dae5418 <unknown>\nE       #14 0x55902dab242f <unknown>\nE       #15 0x55902db094e8 <unknown>\nE       #16 0x55902db096b4 <unknown>\nE       #17 0x55902db1a143 <unknown>\nE       #18 0x7faf29a55044 <unknown>\n\n/usr/local/lib/python3.11/site-packages/selenium/webdriver/remote/errorhandler.py:229: NoSuchElementException","steps":[{"name":"Добавляем товар в корзину в количестве 1","time":{"start":1698108767623,"stop":1698108767707,"duration":84},"status":"broken","statusMessage":"selenium.common.exceptions.NoSuchElementException: Message: no such element: Unable to locate element: {\"method\":\"xpath\",\"selector\":\"//input[@class='amount']\"}\n  (Session info: headless chrome=118.0.5993.70); For documentation on this error, please visit: https://www.selenium.dev/documentation/webdriver/troubleshooting/errors#no-such-element-exception\nStacktrace:\n#0 0x55902db1afb3 <unknown>\n#1 0x55902d7ee4a7 <unknown>\n#2 0x55902d835dd6 <unknown>\n#3 0x55902d835ec1 <unknown>\n#4 0x55902d873354 <unknown>\n#5 0x55902d85796d <unknown>\n#6 0x55902d870c02 <unknown>\n#7 0x55902d857713 <unknown>\n#8 0x55902d82a18b <unknown>\n#9 0x55902d82af7e <unknown>\n#10 0x55902dae08d8 <unknown>\n#11 0x55902dae4800 <unknown>\n#12 0x55902daeecfc <unknown>\n#13 0x55902dae5418 <unknown>\n#14 0x55902dab242f <unknown>\n#15 0x55902db094e8 <unknown>\n#16 0x55902db096b4 <unknown>\n#17 0x55902db1a143 <unknown>\n#18 0x7faf29a55044 <unknown>\n\n","statusTrace":"  File \"/usr/local/lib/python3.11/site-packages/allure_commons/_allure.py\", line 192, in impl\n    return func(*a, **kw)\n           ^^^^^^^^^^^^^^\n  File \"/app/pages/item_page.py\", line 41, in add_item_to_cart\n    amount_field = self.find_element(self._item_amount)\n                   ^^^^^^^^^^^^^^^^^^^^^^^^^^^^^^^^^^^^\n  File \"/app/base/seleniumbase.py\", line 17, in find_element\n    return self.driver.find_element(*locator)\n           ^^^^^^^^^^^^^^^^^^^^^^^^^^^^^^^^^^\n  File \"/usr/local/lib/python3.11/site-packages/selenium/webdriver/remote/webdriver.py\", line 739, in find_element\n    return self.execute(Command.FIND_ELEMENT, {\"using\": by, \"value\": value})[\"value\"]\n           ^^^^^^^^^^^^^^^^^^^^^^^^^^^^^^^^^^^^^^^^^^^^^^^^^^^^^^^^^^^^^^^^^\n  File \"/usr/local/lib/python3.11/site-packages/selenium/webdriver/remote/webdriver.py\", line 345, in execute\n    self.error_handler.check_response(response)\n  File \"/usr/local/lib/python3.11/site-packages/selenium/webdriver/remote/errorhandler.py\", line 229, in check_response\n    raise exception_class(message, screen, stacktrace)\n","steps":[],"attachments":[],"parameters":[{"name":"amount","value":"1"}],"shouldDisplayMessage":true,"stepsCount":0,"attachmentsCount":0,"hasContent":true}],"attachments":[{"uid":"8a69ff4b9f8757fe","name":"Screenshot","source":"8a69ff4b9f8757fe.png","type":"image/png","size":115178},{"uid":"3898e78607c437f7","name":"HTML source","source":"3898e78607c437f7.html","type":"text/html","size":303965}],"parameters":[],"shouldDisplayMessage":true,"stepsCount":1,"attachmentsCount":2,"hasContent":true},"afterStages":[{"name":"setup::0","time":{"start":1698108767896,"stop":1698108767896,"duration":0},"status":"passed","steps":[],"attachments":[],"parameters":[],"shouldDisplayMessage":false,"stepsCount":0,"attachmentsCount":0,"hasContent":false},{"name":"driver::0","time":{"start":1698108767897,"stop":1698108767957,"duration":60},"status":"passed","steps":[],"attachments":[],"parameters":[],"shouldDisplayMessage":false,"stepsCount":0,"attachmentsCount":0,"hasContent":false}],"labels":[{"name":"epic","value":"Delivery Page - calculation"},{"name":"tag","value":"smoke_test"},{"name":"tag","value":"@pytest.mark.xfail"},{"name":"parentSuite","value":"tests.delivery"},{"name":"suite","value":"test_delivery_calculation"},{"name":"subSuite","value":"TestDeliveryPageCalculation"},{"name":"host","value":"46ca82f88ad6"},{"name":"thread","value":"1-MainThread"},{"name":"framework","value":"pytest"},{"name":"language","value":"cpython3"},{"name":"package","value":"tests.delivery.test_delivery_calculation"},{"name":"resultFormat","value":"allure2"}],"parameters":[{"name":"all_time","value":"2190"},{"name":"amount","value":"1"},{"name":"case_id","value":"'TD 001'"},{"name":"in_time","value":"1590"},{"name":"link_item","value":"'products/uroven---uglomer-elektronnyj-kapro-992'"},{"name":"standard","value":"0"},{"name":"url","value":"'https://sandboxtest.stroyrem-nn.ru/'"},{"name":"weight","value":"30"}],"links":[],"hidden":false,"retry":false,"extra":{"severity":"normal","retries":[],"categories":[],"history":{"statistic":{"failed":0,"broken":13,"skipped":63,"passed":0,"unknown":0,"total":76},"items":[{"uid":"1f951f9b7b790691","reportUrl":"https://Nat754.github.io/StroyremAutomation/103//#testresult/1f951f9b7b790691","status":"skipped","statusDetails":"XFAIL\n\nselenium.common.exceptions.NoSuchElementException: Message: no such element: Unable to locate element: {\"method\":\"xpath\",\"selector\":\"//input[@class='amount']\"}\n  (Session info: headless chrome=118.0.5993.70); For documentation on this error, please visit: https://www.selenium.dev/documentation/webdriver/troubleshooting/errors#no-such-element-exception\nStacktrace:\n#0 0x559fa3757fb3 <unknown>\n#1 0x559fa342b4a7 <unknown>\n#2 0x559fa3472dd6 <unknown>\n#3 0x559fa3472ec1 <unknown>\n#4 0x559fa34b0354 <unknown>\n#5 0x559fa349496d <unknown>\n#6 0x559fa34adc02 <unknown>\n#7 0x559fa3494713 <unknown>\n#8 0x559fa346718b <unknown>\n#9 0x559fa3467f7e <unknown>\n#10 0x559fa371d8d8 <unknown>\n#11 0x559fa3721800 <unknown>\n#12 0x559fa372bcfc <unknown>\n#13 0x559fa3722418 <unknown>\n#14 0x559fa36ef42f <unknown>\n#15 0x559fa37464e8 <unknown>\n#16 0x559fa37466b4 <unknown>\n#17 0x559fa3757143 <unknown>\n#18 0x7f897ce33044 <unknown>","time":{"start":1698022469662,"stop":1698022475568,"duration":5906}},{"uid":"f3e9d83d73bf8b96","reportUrl":"https://Nat754.github.io/StroyremAutomation/102//#testresult/f3e9d83d73bf8b96","status":"skipped","statusDetails":"XFAIL\n\nselenium.common.exceptions.NoSuchElementException: Message: no such element: Unable to locate element: {\"method\":\"xpath\",\"selector\":\"//input[@class='amount']\"}\n  (Session info: headless chrome=118.0.5993.70); For documentation on this error, please visit: https://www.selenium.dev/documentation/webdriver/troubleshooting/errors#no-such-element-exception\nStacktrace:\n#0 0x558fd0779fb3 <unknown>\n#1 0x558fd044d4a7 <unknown>\n#2 0x558fd0494dd6 <unknown>\n#3 0x558fd0494ec1 <unknown>\n#4 0x558fd04d2354 <unknown>\n#5 0x558fd04b696d <unknown>\n#6 0x558fd04cfc02 <unknown>\n#7 0x558fd04b6713 <unknown>\n#8 0x558fd048918b <unknown>\n#9 0x558fd0489f7e <unknown>\n#10 0x558fd073f8d8 <unknown>\n#11 0x558fd0743800 <unknown>\n#12 0x558fd074dcfc <unknown>\n#13 0x558fd0744418 <unknown>\n#14 0x558fd071142f <unknown>\n#15 0x558fd07684e8 <unknown>\n#16 0x558fd07686b4 <unknown>\n#17 0x558fd0779143 <unknown>\n#18 0x7fb79f3bb044 <unknown>","time":{"start":1697936163514,"stop":1697936168618,"duration":5104}},{"uid":"e6e6ba0422a84f06","reportUrl":"https://Nat754.github.io/StroyremAutomation/101//#testresult/e6e6ba0422a84f06","status":"skipped","statusDetails":"XFAIL\n\nselenium.common.exceptions.NoSuchElementException: Message: no such element: Unable to locate element: {\"method\":\"xpath\",\"selector\":\"//input[@class='amount']\"}\n  (Session info: headless chrome=118.0.5993.70); For documentation on this error, please visit: https://www.selenium.dev/documentation/webdriver/troubleshooting/errors#no-such-element-exception\nStacktrace:\n#0 0x55cd44fc0fb3 <unknown>\n#1 0x55cd44c944a7 <unknown>\n#2 0x55cd44cdbdd6 <unknown>\n#3 0x55cd44cdbec1 <unknown>\n#4 0x55cd44d19354 <unknown>\n#5 0x55cd44cfd96d <unknown>\n#6 0x55cd44d16c02 <unknown>\n#7 0x55cd44cfd713 <unknown>\n#8 0x55cd44cd018b <unknown>\n#9 0x55cd44cd0f7e <unknown>\n#10 0x55cd44f868d8 <unknown>\n#11 0x55cd44f8a800 <unknown>\n#12 0x55cd44f94cfc <unknown>\n#13 0x55cd44f8b418 <unknown>\n#14 0x55cd44f5842f <unknown>\n#15 0x55cd44faf4e8 <unknown>\n#16 0x55cd44faf6b4 <unknown>\n#17 0x55cd44fc0143 <unknown>\n#18 0x7efc63dfd044 <unknown>","time":{"start":1697849499133,"stop":1697849505687,"duration":6554}},{"uid":"377b43793e5feb2d","reportUrl":"https://Nat754.github.io/StroyremAutomation/100//#testresult/377b43793e5feb2d","status":"skipped","statusDetails":"XFAIL\n\nselenium.common.exceptions.NoSuchElementException: Message: no such element: Unable to locate element: {\"method\":\"xpath\",\"selector\":\"//input[@class='amount']\"}\n  (Session info: headless chrome=118.0.5993.70); For documentation on this error, please visit: https://www.selenium.dev/documentation/webdriver/troubleshooting/errors#no-such-element-exception\nStacktrace:\n#0 0x55dd4e75ffb3 <unknown>\n#1 0x55dd4e4334a7 <unknown>\n#2 0x55dd4e47add6 <unknown>\n#3 0x55dd4e47aec1 <unknown>\n#4 0x55dd4e4b8354 <unknown>\n#5 0x55dd4e49c96d <unknown>\n#6 0x55dd4e4b5c02 <unknown>\n#7 0x55dd4e49c713 <unknown>\n#8 0x55dd4e46f18b <unknown>\n#9 0x55dd4e46ff7e <unknown>\n#10 0x55dd4e7258d8 <unknown>\n#11 0x55dd4e729800 <unknown>\n#12 0x55dd4e733cfc <unknown>\n#13 0x55dd4e72a418 <unknown>\n#14 0x55dd4e6f742f <unknown>\n#15 0x55dd4e74e4e8 <unknown>\n#16 0x55dd4e74e6b4 <unknown>\n#17 0x55dd4e75f143 <unknown>\n#18 0x7ff2076b1044 <unknown>","time":{"start":1697763151952,"stop":1697763160587,"duration":8635}},{"uid":"697905b6d005ba4","reportUrl":"https://Nat754.github.io/StroyremAutomation/99//#testresult/697905b6d005ba4","status":"skipped","statusDetails":"XFAIL\n\nselenium.common.exceptions.NoSuchElementException: Message: no such element: Unable to locate element: {\"method\":\"xpath\",\"selector\":\"//input[@class='amount']\"}\n  (Session info: headless chrome=118.0.5993.70); For documentation on this error, please visit: https://www.selenium.dev/documentation/webdriver/troubleshooting/errors#no-such-element-exception\nStacktrace:\n#0 0x55da91bb5fb3 <unknown>\n#1 0x55da918894a7 <unknown>\n#2 0x55da918d0dd6 <unknown>\n#3 0x55da918d0ec1 <unknown>\n#4 0x55da9190e354 <unknown>\n#5 0x55da918f296d <unknown>\n#6 0x55da9190bc02 <unknown>\n#7 0x55da918f2713 <unknown>\n#8 0x55da918c518b <unknown>\n#9 0x55da918c5f7e <unknown>\n#10 0x55da91b7b8d8 <unknown>\n#11 0x55da91b7f800 <unknown>\n#12 0x55da91b89cfc <unknown>\n#13 0x55da91b80418 <unknown>\n#14 0x55da91b4d42f <unknown>\n#15 0x55da91ba44e8 <unknown>\n#16 0x55da91ba46b4 <unknown>\n#17 0x55da91bb5143 <unknown>\n#18 0x7f5f345ef044 <unknown>","time":{"start":1697676751131,"stop":1697676759527,"duration":8396}},{"uid":"78de2014f01f8546","reportUrl":"https://Nat754.github.io/StroyremAutomation/98//#testresult/78de2014f01f8546","status":"skipped","statusDetails":"XFAIL\n\nselenium.common.exceptions.NoSuchElementException: Message: no such element: Unable to locate element: {\"method\":\"xpath\",\"selector\":\"//input[@class='amount']\"}\n  (Session info: headless chrome=118.0.5993.70); For documentation on this error, please visit: https://www.selenium.dev/documentation/webdriver/troubleshooting/errors#no-such-element-exception\nStacktrace:\n#0 0x563c3c5cefb3 <unknown>\n#1 0x563c3c2a24a7 <unknown>\n#2 0x563c3c2e9dd6 <unknown>\n#3 0x563c3c2e9ec1 <unknown>\n#4 0x563c3c327354 <unknown>\n#5 0x563c3c30b96d <unknown>\n#6 0x563c3c324c02 <unknown>\n#7 0x563c3c30b713 <unknown>\n#8 0x563c3c2de18b <unknown>\n#9 0x563c3c2def7e <unknown>\n#10 0x563c3c5948d8 <unknown>\n#11 0x563c3c598800 <unknown>\n#12 0x563c3c5a2cfc <unknown>\n#13 0x563c3c599418 <unknown>\n#14 0x563c3c56642f <unknown>\n#15 0x563c3c5bd4e8 <unknown>\n#16 0x563c3c5bd6b4 <unknown>\n#17 0x563c3c5ce143 <unknown>\n#18 0x7f9ba7cd6044 <unknown>","time":{"start":1697590345530,"stop":1697590350827,"duration":5297}},{"uid":"2842a536c1cc1a48","reportUrl":"https://Nat754.github.io/StroyremAutomation/97//#testresult/2842a536c1cc1a48","status":"skipped","statusDetails":"XFAIL\n\nselenium.common.exceptions.NoSuchElementException: Message: no such element: Unable to locate element: {\"method\":\"xpath\",\"selector\":\"//input[@class='amount']\"}\n  (Session info: headless chrome=118.0.5993.70); For documentation on this error, please visit: https://www.selenium.dev/documentation/webdriver/troubleshooting/errors#no-such-element-exception\nStacktrace:\n#0 0x560253e45fb3 <unknown>\n#1 0x560253b194a7 <unknown>\n#2 0x560253b60dd6 <unknown>\n#3 0x560253b60ec1 <unknown>\n#4 0x560253b9e354 <unknown>\n#5 0x560253b8296d <unknown>\n#6 0x560253b9bc02 <unknown>\n#7 0x560253b82713 <unknown>\n#8 0x560253b5518b <unknown>\n#9 0x560253b55f7e <unknown>\n#10 0x560253e0b8d8 <unknown>\n#11 0x560253e0f800 <unknown>\n#12 0x560253e19cfc <unknown>\n#13 0x560253e10418 <unknown>\n#14 0x560253ddd42f <unknown>\n#15 0x560253e344e8 <unknown>\n#16 0x560253e346b4 <unknown>\n#17 0x560253e45143 <unknown>\n#18 0x7f10a7b3c044 <unknown>","time":{"start":1697504009253,"stop":1697504015319,"duration":6066}},{"uid":"25bf340e39107bc9","reportUrl":"https://Nat754.github.io/StroyremAutomation/96//#testresult/25bf340e39107bc9","status":"skipped","statusDetails":"XFAIL\n\nselenium.common.exceptions.NoSuchElementException: Message: no such element: Unable to locate element: {\"method\":\"xpath\",\"selector\":\"//input[@class='amount']\"}\n  (Session info: headless chrome=118.0.5993.70); For documentation on this error, please visit: https://www.selenium.dev/documentation/webdriver/troubleshooting/errors#no-such-element-exception\nStacktrace:\n#0 0x56128100ffb3 <unknown>\n#1 0x561280ce34a7 <unknown>\n#2 0x561280d2add6 <unknown>\n#3 0x561280d2aec1 <unknown>\n#4 0x561280d68354 <unknown>\n#5 0x561280d4c96d <unknown>\n#6 0x561280d65c02 <unknown>\n#7 0x561280d4c713 <unknown>\n#8 0x561280d1f18b <unknown>\n#9 0x561280d1ff7e <unknown>\n#10 0x561280fd58d8 <unknown>\n#11 0x561280fd9800 <unknown>\n#12 0x561280fe3cfc <unknown>\n#13 0x561280fda418 <unknown>\n#14 0x561280fa742f <unknown>\n#15 0x561280ffe4e8 <unknown>\n#16 0x561280ffe6b4 <unknown>\n#17 0x56128100f143 <unknown>\n#18 0x7f119e6a1044 <unknown>","time":{"start":1697417641255,"stop":1697417647118,"duration":5863}},{"uid":"61ca08c188bb825d","reportUrl":"https://Nat754.github.io/StroyremAutomation/95//#testresult/61ca08c188bb825d","status":"skipped","statusDetails":"XFAIL\n\nselenium.common.exceptions.NoSuchElementException: Message: no such element: Unable to locate element: {\"method\":\"xpath\",\"selector\":\"(//a[@class='add-to-cart yellow-btn'])[1]\"}\n  (Session info: headless chrome=118.0.5993.70); For documentation on this error, please visit: https://www.selenium.dev/documentation/webdriver/troubleshooting/errors#no-such-element-exception\nStacktrace:\n#0 0x55fc3c509fb3 <unknown>\n#1 0x55fc3c1dd4a7 <unknown>\n#2 0x55fc3c224dd6 <unknown>\n#3 0x55fc3c224ec1 <unknown>\n#4 0x55fc3c262354 <unknown>\n#5 0x55fc3c24696d <unknown>\n#6 0x55fc3c25fc02 <unknown>\n#7 0x55fc3c246713 <unknown>\n#8 0x55fc3c21918b <unknown>\n#9 0x55fc3c219f7e <unknown>\n#10 0x55fc3c4cf8d8 <unknown>\n#11 0x55fc3c4d3800 <unknown>\n#12 0x55fc3c4ddcfc <unknown>\n#13 0x55fc3c4d4418 <unknown>\n#14 0x55fc3c4a142f <unknown>\n#15 0x55fc3c4f84e8 <unknown>\n#16 0x55fc3c4f86b4 <unknown>\n#17 0x55fc3c509143 <unknown>\n#18 0x7f45cad6e044 <unknown>","time":{"start":1697331451213,"stop":1697331452069,"duration":856}},{"uid":"8adbd7f45b53b501","reportUrl":"https://Nat754.github.io/StroyremAutomation/94//#testresult/8adbd7f45b53b501","status":"skipped","statusDetails":"XFAIL\n\nselenium.common.exceptions.NoSuchElementException: Message: no such element: Unable to locate element: {\"method\":\"xpath\",\"selector\":\"//input[@class='amount']\"}\n  (Session info: headless chrome=118.0.5993.70); For documentation on this error, please visit: https://www.selenium.dev/documentation/webdriver/troubleshooting/errors#no-such-element-exception\nStacktrace:\n#0 0x563f6326bfb3 <unknown>\n#1 0x563f62f3f4a7 <unknown>\n#2 0x563f62f86dd6 <unknown>\n#3 0x563f62f86ec1 <unknown>\n#4 0x563f62fc4354 <unknown>\n#5 0x563f62fa896d <unknown>\n#6 0x563f62fc1c02 <unknown>\n#7 0x563f62fa8713 <unknown>\n#8 0x563f62f7b18b <unknown>\n#9 0x563f62f7bf7e <unknown>\n#10 0x563f632318d8 <unknown>\n#11 0x563f63235800 <unknown>\n#12 0x563f6323fcfc <unknown>\n#13 0x563f63236418 <unknown>\n#14 0x563f6320342f <unknown>\n#15 0x563f6325a4e8 <unknown>\n#16 0x563f6325a6b4 <unknown>\n#17 0x563f6326b143 <unknown>\n#18 0x7ff662dbc044 <unknown>","time":{"start":1697244745838,"stop":1697244756020,"duration":10182}},{"uid":"5cc9bfd1b8f681e0","reportUrl":"https://Nat754.github.io/StroyremAutomation/93//#testresult/5cc9bfd1b8f681e0","status":"skipped","statusDetails":"XFAIL\n\nselenium.common.exceptions.NoSuchElementException: Message: no such element: Unable to locate element: {\"method\":\"xpath\",\"selector\":\"(//a[@class='add-to-cart yellow-btn'])[1]\"}\n  (Session info: headless chrome=118.0.5993.70); For documentation on this error, please visit: https://www.selenium.dev/documentation/webdriver/troubleshooting/errors#no-such-element-exception\nStacktrace:\n#0 0x55d5675adfb3 <unknown>\n#1 0x55d5672814a7 <unknown>\n#2 0x55d5672c8dd6 <unknown>\n#3 0x55d5672c8ec1 <unknown>\n#4 0x55d567306354 <unknown>\n#5 0x55d5672ea96d <unknown>\n#6 0x55d567303c02 <unknown>\n#7 0x55d5672ea713 <unknown>\n#8 0x55d5672bd18b <unknown>\n#9 0x55d5672bdf7e <unknown>\n#10 0x55d5675738d8 <unknown>\n#11 0x55d567577800 <unknown>\n#12 0x55d567581cfc <unknown>\n#13 0x55d567578418 <unknown>\n#14 0x55d56754542f <unknown>\n#15 0x55d56759c4e8 <unknown>\n#16 0x55d56759c6b4 <unknown>\n#17 0x55d5675ad143 <unknown>\n#18 0x7efcbaa5c044 <unknown>","time":{"start":1697158443394,"stop":1697158453552,"duration":10158}},{"uid":"cb1f1960f470ea63","reportUrl":"https://Nat754.github.io/StroyremAutomation/92//#testresult/cb1f1960f470ea63","status":"skipped","statusDetails":"XFAIL\n\nselenium.common.exceptions.NoSuchElementException: Message: no such element: Unable to locate element: {\"method\":\"xpath\",\"selector\":\"(//a[@class='add-to-cart yellow-btn'])[1]\"}\n  (Session info: headless chrome=118.0.5993.70); For documentation on this error, please visit: https://www.selenium.dev/documentation/webdriver/troubleshooting/errors#no-such-element-exception\nStacktrace:\n#0 0x55a69d9e7fb3 <unknown>\n#1 0x55a69d6bb4a7 <unknown>\n#2 0x55a69d702dd6 <unknown>\n#3 0x55a69d702ec1 <unknown>\n#4 0x55a69d740354 <unknown>\n#5 0x55a69d72496d <unknown>\n#6 0x55a69d73dc02 <unknown>\n#7 0x55a69d724713 <unknown>\n#8 0x55a69d6f718b <unknown>\n#9 0x55a69d6f7f7e <unknown>\n#10 0x55a69d9ad8d8 <unknown>\n#11 0x55a69d9b1800 <unknown>\n#12 0x55a69d9bbcfc <unknown>\n#13 0x55a69d9b2418 <unknown>\n#14 0x55a69d97f42f <unknown>\n#15 0x55a69d9d64e8 <unknown>\n#16 0x55a69d9d66b4 <unknown>\n#17 0x55a69d9e7143 <unknown>\n#18 0x7f3f85d60044 <unknown>","time":{"start":1697071846093,"stop":1697071849777,"duration":3684}},{"uid":"2509a71edb831537","reportUrl":"https://Nat754.github.io/StroyremAutomation/91//#testresult/2509a71edb831537","status":"skipped","statusDetails":"XFAIL\n\nselenium.common.exceptions.NoSuchElementException: Message: no such element: Unable to locate element: {\"method\":\"xpath\",\"selector\":\"(//a[@class='add-to-cart yellow-btn'])[1]\"}\n  (Session info: headless chrome=118.0.5993.70); For documentation on this error, please visit: https://www.selenium.dev/documentation/webdriver/troubleshooting/errors#no-such-element-exception\nStacktrace:\n#0 0x55c2c7949fb3 <unknown>\n#1 0x55c2c761d4a7 <unknown>\n#2 0x55c2c7664dd6 <unknown>\n#3 0x55c2c7664ec1 <unknown>\n#4 0x55c2c76a2354 <unknown>\n#5 0x55c2c768696d <unknown>\n#6 0x55c2c769fc02 <unknown>\n#7 0x55c2c7686713 <unknown>\n#8 0x55c2c765918b <unknown>\n#9 0x55c2c7659f7e <unknown>\n#10 0x55c2c790f8d8 <unknown>\n#11 0x55c2c7913800 <unknown>\n#12 0x55c2c791dcfc <unknown>\n#13 0x55c2c7914418 <unknown>\n#14 0x55c2c78e142f <unknown>\n#15 0x55c2c79384e8 <unknown>\n#16 0x55c2c79386b4 <unknown>\n#17 0x55c2c7949143 <unknown>\n#18 0x7fcc05618044 <unknown>","time":{"start":1696985542140,"stop":1696985545005,"duration":2865}},{"uid":"fd8535db186ac88d","reportUrl":"https://Nat754.github.io/StroyremAutomation/90//#testresult/fd8535db186ac88d","status":"skipped","statusDetails":"XFAIL\n\nselenium.common.exceptions.NoSuchElementException: Message: no such element: Unable to locate element: {\"method\":\"xpath\",\"selector\":\"(//a[@class='add-to-cart yellow-btn'])[1]\"}\n  (Session info: headless chrome=117.0.5938.149); For documentation on this error, please visit: https://www.selenium.dev/documentation/webdriver/troubleshooting/errors#no-such-element-exception\nStacktrace:\n#0 0x55a6478b1933 <unknown>\n#1 0x55a64758b6f7 <unknown>\n#2 0x55a6475d2aa6 <unknown>\n#3 0x55a6475d2b91 <unknown>\n#4 0x55a64760ffc4 <unknown>\n#5 0x55a6475f462d <unknown>\n#6 0x55a64760d857 <unknown>\n#7 0x55a6475f43d3 <unknown>\n#8 0x55a6475c6e64 <unknown>\n#9 0x55a6475c7c4e <unknown>\n#10 0x55a647877558 <unknown>\n#11 0x55a64787b4a0 <unknown>\n#12 0x55a64788597c <unknown>\n#13 0x55a64787c0b8 <unknown>\n#14 0x55a647847cdf <unknown>\n#15 0x55a6478a0048 <unknown>\n#16 0x55a6478a0219 <unknown>\n#17 0x55a6478b0ac3 <unknown>\n#18 0x7ff331b64044 <unknown>","time":{"start":1696899143540,"stop":1696899144223,"duration":683}},{"uid":"dd4e212dce004ed","reportUrl":"https://Nat754.github.io/StroyremAutomation/89//#testresult/dd4e212dce004ed","status":"skipped","statusDetails":"XFAIL\n\nselenium.common.exceptions.NoSuchElementException: Message: no such element: Unable to locate element: {\"method\":\"xpath\",\"selector\":\"(//a[@class='add-to-cart yellow-btn'])[1]\"}\n  (Session info: headless chrome=117.0.5938.149); For documentation on this error, please visit: https://www.selenium.dev/documentation/webdriver/troubleshooting/errors#no-such-element-exception\nStacktrace:\n#0 0x564f9e813933 <unknown>\n#1 0x564f9e4ed6f7 <unknown>\n#2 0x564f9e534aa6 <unknown>\n#3 0x564f9e534b91 <unknown>\n#4 0x564f9e571fc4 <unknown>\n#5 0x564f9e55662d <unknown>\n#6 0x564f9e56f857 <unknown>\n#7 0x564f9e5563d3 <unknown>\n#8 0x564f9e528e64 <unknown>\n#9 0x564f9e529c4e <unknown>\n#10 0x564f9e7d9558 <unknown>\n#11 0x564f9e7dd4a0 <unknown>\n#12 0x564f9e7e797c <unknown>\n#13 0x564f9e7de0b8 <unknown>\n#14 0x564f9e7a9cdf <unknown>\n#15 0x564f9e802048 <unknown>\n#16 0x564f9e802219 <unknown>\n#17 0x564f9e812ac3 <unknown>\n#18 0x7fc2bd9c2044 <unknown>","time":{"start":1696812764139,"stop":1696812764805,"duration":666}},{"uid":"680c8e3c318a89af","reportUrl":"https://Nat754.github.io/StroyremAutomation/88//#testresult/680c8e3c318a89af","status":"skipped","statusDetails":"XFAIL\n\nselenium.common.exceptions.NoSuchElementException: Message: no such element: Unable to locate element: {\"method\":\"xpath\",\"selector\":\"(//a[@class='add-to-cart yellow-btn'])[1]\"}\n  (Session info: headless chrome=117.0.5938.149); For documentation on this error, please visit: https://www.selenium.dev/documentation/webdriver/troubleshooting/errors#no-such-element-exception\nStacktrace:\n#0 0x55ef06e37933 <unknown>\n#1 0x55ef06b116f7 <unknown>\n#2 0x55ef06b58aa6 <unknown>\n#3 0x55ef06b58b91 <unknown>\n#4 0x55ef06b95fc4 <unknown>\n#5 0x55ef06b7a62d <unknown>\n#6 0x55ef06b93857 <unknown>\n#7 0x55ef06b7a3d3 <unknown>\n#8 0x55ef06b4ce64 <unknown>\n#9 0x55ef06b4dc4e <unknown>\n#10 0x55ef06dfd558 <unknown>\n#11 0x55ef06e014a0 <unknown>\n#12 0x55ef06e0b97c <unknown>\n#13 0x55ef06e020b8 <unknown>\n#14 0x55ef06dcdcdf <unknown>\n#15 0x55ef06e26048 <unknown>\n#16 0x55ef06e26219 <unknown>\n#17 0x55ef06e36ac3 <unknown>\n#18 0x7fe16b79f044 <unknown>","time":{"start":1696726671577,"stop":1696726672658,"duration":1081}},{"uid":"3553fea5cc189707","reportUrl":"https://Nat754.github.io/StroyremAutomation/87//#testresult/3553fea5cc189707","status":"skipped","statusDetails":"XFAIL\n\nselenium.common.exceptions.NoSuchElementException: Message: no such element: Unable to locate element: {\"method\":\"xpath\",\"selector\":\"(//a[@class='add-to-cart yellow-btn'])[1]\"}\n  (Session info: headless chrome=117.0.5938.149); For documentation on this error, please visit: https://www.selenium.dev/documentation/webdriver/troubleshooting/errors#no-such-element-exception\nStacktrace:\n#0 0x56308a09a933 <unknown>\n#1 0x563089d746f7 <unknown>\n#2 0x563089dbbaa6 <unknown>\n#3 0x563089dbbb91 <unknown>\n#4 0x563089df8fc4 <unknown>\n#5 0x563089ddd62d <unknown>\n#6 0x563089df6857 <unknown>\n#7 0x563089ddd3d3 <unknown>\n#8 0x563089dafe64 <unknown>\n#9 0x563089db0c4e <unknown>\n#10 0x56308a060558 <unknown>\n#11 0x56308a0644a0 <unknown>\n#12 0x56308a06e97c <unknown>\n#13 0x56308a0650b8 <unknown>\n#14 0x56308a030cdf <unknown>\n#15 0x56308a089048 <unknown>\n#16 0x56308a089219 <unknown>\n#17 0x56308a099ac3 <unknown>\n#18 0x7f2984f9d044 <unknown>","time":{"start":1696639893094,"stop":1696639893697,"duration":603}},{"uid":"80e897d0461f168d","reportUrl":"https://Nat754.github.io/StroyremAutomation/86//#testresult/80e897d0461f168d","status":"skipped","statusDetails":"XFAIL\n\nselenium.common.exceptions.NoSuchElementException: Message: no such element: Unable to locate element: {\"method\":\"xpath\",\"selector\":\"(//a[@class='add-to-cart yellow-btn'])[1]\"}\n  (Session info: headless chrome=117.0.5938.149); For documentation on this error, please visit: https://www.selenium.dev/documentation/webdriver/troubleshooting/errors#no-such-element-exception\nStacktrace:\n#0 0x55bdff5c3933 <unknown>\n#1 0x55bdff29d6f7 <unknown>\n#2 0x55bdff2e4aa6 <unknown>\n#3 0x55bdff2e4b91 <unknown>\n#4 0x55bdff321fc4 <unknown>\n#5 0x55bdff30662d <unknown>\n#6 0x55bdff31f857 <unknown>\n#7 0x55bdff3063d3 <unknown>\n#8 0x55bdff2d8e64 <unknown>\n#9 0x55bdff2d9c4e <unknown>\n#10 0x55bdff589558 <unknown>\n#11 0x55bdff58d4a0 <unknown>\n#12 0x55bdff59797c <unknown>\n#13 0x55bdff58e0b8 <unknown>\n#14 0x55bdff559cdf <unknown>\n#15 0x55bdff5b2048 <unknown>\n#16 0x55bdff5b2219 <unknown>\n#17 0x55bdff5c2ac3 <unknown>\n#18 0x7f3b9180a044 <unknown>","time":{"start":1696553537859,"stop":1696553538428,"duration":569}},{"uid":"1ca8b96de49ef761","reportUrl":"https://Nat754.github.io/StroyremAutomation/85//#testresult/1ca8b96de49ef761","status":"skipped","statusDetails":"XFAIL\n\nselenium.common.exceptions.NoSuchElementException: Message: no such element: Unable to locate element: {\"method\":\"xpath\",\"selector\":\"(//a[@class='add-to-cart yellow-btn'])[1]\"}\n  (Session info: headless chrome=117.0.5938.149); For documentation on this error, please visit: https://www.selenium.dev/documentation/webdriver/troubleshooting/errors#no-such-element-exception\nStacktrace:\n#0 0x55ca2232d933 <unknown>\n#1 0x55ca220076f7 <unknown>\n#2 0x55ca2204eaa6 <unknown>\n#3 0x55ca2204eb91 <unknown>\n#4 0x55ca2208bfc4 <unknown>\n#5 0x55ca2207062d <unknown>\n#6 0x55ca22089857 <unknown>\n#7 0x55ca220703d3 <unknown>\n#8 0x55ca22042e64 <unknown>\n#9 0x55ca22043c4e <unknown>\n#10 0x55ca222f3558 <unknown>\n#11 0x55ca222f74a0 <unknown>\n#12 0x55ca2230197c <unknown>\n#13 0x55ca222f80b8 <unknown>\n#14 0x55ca222c3cdf <unknown>\n#15 0x55ca2231c048 <unknown>\n#16 0x55ca2231c219 <unknown>\n#17 0x55ca2232cac3 <unknown>\n#18 0x7f731a530044 <unknown>","time":{"start":1696467262589,"stop":1696467263319,"duration":730}},{"uid":"4b02ad94c6895112","reportUrl":"https://Nat754.github.io/StroyremAutomation/84//#testresult/4b02ad94c6895112","status":"skipped","statusDetails":"XFAIL\n\nselenium.common.exceptions.NoSuchElementException: Message: no such element: Unable to locate element: {\"method\":\"xpath\",\"selector\":\"(//a[@class='add-to-cart yellow-btn'])[1]\"}\n  (Session info: headless chrome=117.0.5938.92); For documentation on this error, please visit: https://www.selenium.dev/documentation/webdriver/troubleshooting/errors#no-such-element-exception\nStacktrace:\n#0 0x559479f656b3 <unknown>\n#1 0x559479c3b1e7 <unknown>\n#2 0x559479c82566 <unknown>\n#3 0x559479c82651 <unknown>\n#4 0x559479cbfa74 <unknown>\n#5 0x559479ca40ed <unknown>\n#6 0x559479cbd322 <unknown>\n#7 0x559479ca3e93 <unknown>\n#8 0x559479c76934 <unknown>\n#9 0x559479c7771e <unknown>\n#10 0x559479f2acb8 <unknown>\n#11 0x559479f2ebf0 <unknown>\n#12 0x559479f3919c <unknown>\n#13 0x559479f2f808 <unknown>\n#14 0x559479efc27f <unknown>\n#15 0x559479f53e88 <unknown>\n#16 0x559479f54059 <unknown>\n#17 0x559479f64843 <unknown>\n#18 0x7ff69b562044 <unknown>","time":{"start":1696380789502,"stop":1696380790076,"duration":574}}]},"tags":["@pytest.mark.xfail","smoke_test"]},"source":"c620e7ef19e01e15.json","parameterValues":["2190","1","'TD 001'","1590","'products/uroven---uglomer-elektronnyj-kapro-992'","0","'https://sandboxtest.stroyrem-nn.ru/'","30"]}