{"uid":"f9cc4b08b1528ce5","name":"TC 013 - Проверка функциональности ссылки 'Новинки'","fullName":"tests.main.test_main_page.TestMainPage#test_positive_footer_new_in_stock_smoke","historyId":"fd93f97e26ca0e0841498a075d6b2324","time":{"start":1698109194976,"stop":1698109194995,"duration":19},"status":"broken","statusMessage":"selenium.common.exceptions.NoSuchElementException: Message: no such element: Unable to locate element: {\"method\":\"xpath\",\"selector\":\"(//a[@href='/catalog/new'])[3]\"}\n  (Session info: headless chrome=118.0.5993.70); For documentation on this error, please visit: https://www.selenium.dev/documentation/webdriver/troubleshooting/errors#no-such-element-exception\nStacktrace:\n#0 0x55e1409b6fb3 <unknown>\n#1 0x55e14068a4a7 <unknown>\n#2 0x55e1406d1dd6 <unknown>\n#3 0x55e1406d1ec1 <unknown>\n#4 0x55e14070f354 <unknown>\n#5 0x55e1406f396d <unknown>\n#6 0x55e14070cc02 <unknown>\n#7 0x55e1406f3713 <unknown>\n#8 0x55e1406c618b <unknown>\n#9 0x55e1406c6f7e <unknown>\n#10 0x55e14097c8d8 <unknown>\n#11 0x55e140980800 <unknown>\n#12 0x55e14098acfc <unknown>\n#13 0x55e140981418 <unknown>\n#14 0x55e14094e42f <unknown>\n#15 0x55e1409a54e8 <unknown>\n#16 0x55e1409a56b4 <unknown>\n#17 0x55e1409b6143 <unknown>\n#18 0x7f75c67c5044 <unknown>","statusTrace":"self = <tests.main.test_main_page.TestMainPage object at 0x7eff84c02890>\nmain_page = <pages.main_page.MainPage object at 0x7eff845c0a50>\n\n    @allure.feature(\"Footer functionality\")\n    @allure.title(\"TC 013 - Проверка функциональности ссылки 'Новинки'\")\n    @pytest.mark.smoke_test\n    def test_positive_footer_new_in_stock_smoke(self, main_page):\n        catalog_page = CatalogPage(main_page.driver)\n>       main_page.check_new_in_stock_link()\n\ntests/main/test_main_page.py:118: \n_ _ _ _ _ _ _ _ _ _ _ _ _ _ _ _ _ _ _ _ _ _ _ _ _ _ _ _ _ _ _ _ _ _ _ _ _ _ _ _ \npages/main_page.py:154: in check_new_in_stock_link\n    self.driver.find_element(*self._new_products_link).click()\n/usr/local/lib/python3.11/site-packages/selenium/webdriver/remote/webdriver.py:739: in find_element\n    return self.execute(Command.FIND_ELEMENT, {\"using\": by, \"value\": value})[\"value\"]\n/usr/local/lib/python3.11/site-packages/selenium/webdriver/remote/webdriver.py:345: in execute\n    self.error_handler.check_response(response)\n_ _ _ _ _ _ _ _ _ _ _ _ _ _ _ _ _ _ _ _ _ _ _ _ _ _ _ _ _ _ _ _ _ _ _ _ _ _ _ _ \n\nself = <selenium.webdriver.remote.errorhandler.ErrorHandler object at 0x7eff85415a90>\nresponse = {'status': 404, 'value': '{\"value\":{\"error\":\"no such element\",\"message\":\"no such element: Unable to locate element: {\\...\\\\n#16 0x55e1409a56b4 \\\\u003Cunknown>\\\\n#17 0x55e1409b6143 \\\\u003Cunknown>\\\\n#18 0x7f75c67c5044 \\\\u003Cunknown>\\\\n\"}}'}\n\n    def check_response(self, response: Dict[str, Any]) -> None:\n        \"\"\"Checks that a JSON response from the WebDriver does not have an\n        error.\n    \n        :Args:\n         - response - The JSON response from the WebDriver server as a dictionary\n           object.\n    \n        :Raises: If the response contains an error message.\n        \"\"\"\n        status = response.get(\"status\", None)\n        if not status or status == ErrorCode.SUCCESS:\n            return\n        value = None\n        message = response.get(\"message\", \"\")\n        screen: str = response.get(\"screen\", \"\")\n        stacktrace = None\n        if isinstance(status, int):\n            value_json = response.get(\"value\", None)\n            if value_json and isinstance(value_json, str):\n                import json\n    \n                try:\n                    value = json.loads(value_json)\n                    if len(value) == 1:\n                        value = value[\"value\"]\n                    status = value.get(\"error\", None)\n                    if not status:\n                        status = value.get(\"status\", ErrorCode.UNKNOWN_ERROR)\n                        message = value.get(\"value\") or value.get(\"message\")\n                        if not isinstance(message, str):\n                            value = message\n                            message = message.get(\"message\")\n                    else:\n                        message = value.get(\"message\", None)\n                except ValueError:\n                    pass\n    \n        exception_class: Type[WebDriverException]\n        e = ErrorCode()\n        error_codes = [item for item in dir(e) if not item.startswith(\"__\")]\n        for error_code in error_codes:\n            error_info = getattr(ErrorCode, error_code)\n            if isinstance(error_info, list) and status in error_info:\n                exception_class = getattr(ExceptionMapping, error_code, WebDriverException)\n                break\n        else:\n            exception_class = WebDriverException\n    \n        if not value:\n            value = response[\"value\"]\n        if isinstance(value, str):\n            raise exception_class(value)\n        if message == \"\" and \"message\" in value:\n            message = value[\"message\"]\n    \n        screen = None  # type: ignore[assignment]\n        if \"screen\" in value:\n            screen = value[\"screen\"]\n    \n        stacktrace = None\n        st_value = value.get(\"stackTrace\") or value.get(\"stacktrace\")\n        if st_value:\n            if isinstance(st_value, str):\n                stacktrace = st_value.split(\"\\n\")\n            else:\n                stacktrace = []\n                try:\n                    for frame in st_value:\n                        line = frame.get(\"lineNumber\", \"\")\n                        file = frame.get(\"fileName\", \"<anonymous>\")\n                        if line:\n                            file = f\"{file}:{line}\"\n                        meth = frame.get(\"methodName\", \"<anonymous>\")\n                        if \"className\" in frame:\n                            meth = f\"{frame['className']}.{meth}\"\n                        msg = \"    at %s (%s)\"\n                        msg = msg % (meth, file)\n                        stacktrace.append(msg)\n                except TypeError:\n                    pass\n        if exception_class == UnexpectedAlertPresentException:\n            alert_text = None\n            if \"data\" in value:\n                alert_text = value[\"data\"].get(\"text\")\n            elif \"alert\" in value:\n                alert_text = value[\"alert\"].get(\"text\")\n            raise exception_class(message, screen, stacktrace, alert_text)  # type: ignore[call-arg]  # mypy is not smart enough here\n>       raise exception_class(message, screen, stacktrace)\nE       selenium.common.exceptions.NoSuchElementException: Message: no such element: Unable to locate element: {\"method\":\"xpath\",\"selector\":\"(//a[@href='/catalog/new'])[3]\"}\nE         (Session info: headless chrome=118.0.5993.70); For documentation on this error, please visit: https://www.selenium.dev/documentation/webdriver/troubleshooting/errors#no-such-element-exception\nE       Stacktrace:\nE       #0 0x55e1409b6fb3 <unknown>\nE       #1 0x55e14068a4a7 <unknown>\nE       #2 0x55e1406d1dd6 <unknown>\nE       #3 0x55e1406d1ec1 <unknown>\nE       #4 0x55e14070f354 <unknown>\nE       #5 0x55e1406f396d <unknown>\nE       #6 0x55e14070cc02 <unknown>\nE       #7 0x55e1406f3713 <unknown>\nE       #8 0x55e1406c618b <unknown>\nE       #9 0x55e1406c6f7e <unknown>\nE       #10 0x55e14097c8d8 <unknown>\nE       #11 0x55e140980800 <unknown>\nE       #12 0x55e14098acfc <unknown>\nE       #13 0x55e140981418 <unknown>\nE       #14 0x55e14094e42f <unknown>\nE       #15 0x55e1409a54e8 <unknown>\nE       #16 0x55e1409a56b4 <unknown>\nE       #17 0x55e1409b6143 <unknown>\nE       #18 0x7f75c67c5044 <unknown>\n\n/usr/local/lib/python3.11/site-packages/selenium/webdriver/remote/errorhandler.py:229: NoSuchElementException","flaky":false,"newFailed":false,"newBroken":false,"newPassed":false,"retriesCount":0,"retriesStatusChange":false,"beforeStages":[{"name":"_session_faker","time":{"start":1698108484529,"stop":1698108484614,"duration":85},"status":"passed","steps":[],"attachments":[],"parameters":[],"shouldDisplayMessage":false,"stepsCount":0,"attachmentsCount":0,"hasContent":false},{"name":"clear_allure_results_folder","time":{"start":1698108484614,"stop":1698108484614,"duration":0},"status":"passed","steps":[],"attachments":[],"parameters":[],"shouldDisplayMessage":false,"stepsCount":0,"attachmentsCount":0,"hasContent":false},{"name":"driver","time":{"start":1698109187171,"stop":1698109188043,"duration":872},"status":"passed","steps":[],"attachments":[],"parameters":[],"shouldDisplayMessage":false,"stepsCount":0,"attachmentsCount":0,"hasContent":false},{"name":"setup","time":{"start":1698109188043,"stop":1698109188043,"duration":0},"status":"passed","steps":[],"attachments":[],"parameters":[],"shouldDisplayMessage":false,"stepsCount":0,"attachmentsCount":0,"hasContent":false},{"name":"main_page","time":{"start":1698109188044,"stop":1698109194975,"duration":6931},"status":"passed","steps":[],"attachments":[],"parameters":[],"shouldDisplayMessage":false,"stepsCount":0,"attachmentsCount":0,"hasContent":false},{"name":"setup","time":{"start":1698109293184,"stop":1698109293184,"duration":0},"status":"passed","steps":[],"attachments":[],"parameters":[],"shouldDisplayMessage":false,"stepsCount":0,"attachmentsCount":0,"hasContent":false}],"testStage":{"status":"broken","statusMessage":"selenium.common.exceptions.NoSuchElementException: Message: no such element: Unable to locate element: {\"method\":\"xpath\",\"selector\":\"(//a[@href='/catalog/new'])[3]\"}\n  (Session info: headless chrome=118.0.5993.70); For documentation on this error, please visit: https://www.selenium.dev/documentation/webdriver/troubleshooting/errors#no-such-element-exception\nStacktrace:\n#0 0x55e1409b6fb3 <unknown>\n#1 0x55e14068a4a7 <unknown>\n#2 0x55e1406d1dd6 <unknown>\n#3 0x55e1406d1ec1 <unknown>\n#4 0x55e14070f354 <unknown>\n#5 0x55e1406f396d <unknown>\n#6 0x55e14070cc02 <unknown>\n#7 0x55e1406f3713 <unknown>\n#8 0x55e1406c618b <unknown>\n#9 0x55e1406c6f7e <unknown>\n#10 0x55e14097c8d8 <unknown>\n#11 0x55e140980800 <unknown>\n#12 0x55e14098acfc <unknown>\n#13 0x55e140981418 <unknown>\n#14 0x55e14094e42f <unknown>\n#15 0x55e1409a54e8 <unknown>\n#16 0x55e1409a56b4 <unknown>\n#17 0x55e1409b6143 <unknown>\n#18 0x7f75c67c5044 <unknown>","statusTrace":"self = <tests.main.test_main_page.TestMainPage object at 0x7eff84c02890>\nmain_page = <pages.main_page.MainPage object at 0x7eff845c0a50>\n\n    @allure.feature(\"Footer functionality\")\n    @allure.title(\"TC 013 - Проверка функциональности ссылки 'Новинки'\")\n    @pytest.mark.smoke_test\n    def test_positive_footer_new_in_stock_smoke(self, main_page):\n        catalog_page = CatalogPage(main_page.driver)\n>       main_page.check_new_in_stock_link()\n\ntests/main/test_main_page.py:118: \n_ _ _ _ _ _ _ _ _ _ _ _ _ _ _ _ _ _ _ _ _ _ _ _ _ _ _ _ _ _ _ _ _ _ _ _ _ _ _ _ \npages/main_page.py:154: in check_new_in_stock_link\n    self.driver.find_element(*self._new_products_link).click()\n/usr/local/lib/python3.11/site-packages/selenium/webdriver/remote/webdriver.py:739: in find_element\n    return self.execute(Command.FIND_ELEMENT, {\"using\": by, \"value\": value})[\"value\"]\n/usr/local/lib/python3.11/site-packages/selenium/webdriver/remote/webdriver.py:345: in execute\n    self.error_handler.check_response(response)\n_ _ _ _ _ _ _ _ _ _ _ _ _ _ _ _ _ _ _ _ _ _ _ _ _ _ _ _ _ _ _ _ _ _ _ _ _ _ _ _ \n\nself = <selenium.webdriver.remote.errorhandler.ErrorHandler object at 0x7eff85415a90>\nresponse = {'status': 404, 'value': '{\"value\":{\"error\":\"no such element\",\"message\":\"no such element: Unable to locate element: {\\...\\\\n#16 0x55e1409a56b4 \\\\u003Cunknown>\\\\n#17 0x55e1409b6143 \\\\u003Cunknown>\\\\n#18 0x7f75c67c5044 \\\\u003Cunknown>\\\\n\"}}'}\n\n    def check_response(self, response: Dict[str, Any]) -> None:\n        \"\"\"Checks that a JSON response from the WebDriver does not have an\n        error.\n    \n        :Args:\n         - response - The JSON response from the WebDriver server as a dictionary\n           object.\n    \n        :Raises: If the response contains an error message.\n        \"\"\"\n        status = response.get(\"status\", None)\n        if not status or status == ErrorCode.SUCCESS:\n            return\n        value = None\n        message = response.get(\"message\", \"\")\n        screen: str = response.get(\"screen\", \"\")\n        stacktrace = None\n        if isinstance(status, int):\n            value_json = response.get(\"value\", None)\n            if value_json and isinstance(value_json, str):\n                import json\n    \n                try:\n                    value = json.loads(value_json)\n                    if len(value) == 1:\n                        value = value[\"value\"]\n                    status = value.get(\"error\", None)\n                    if not status:\n                        status = value.get(\"status\", ErrorCode.UNKNOWN_ERROR)\n                        message = value.get(\"value\") or value.get(\"message\")\n                        if not isinstance(message, str):\n                            value = message\n                            message = message.get(\"message\")\n                    else:\n                        message = value.get(\"message\", None)\n                except ValueError:\n                    pass\n    \n        exception_class: Type[WebDriverException]\n        e = ErrorCode()\n        error_codes = [item for item in dir(e) if not item.startswith(\"__\")]\n        for error_code in error_codes:\n            error_info = getattr(ErrorCode, error_code)\n            if isinstance(error_info, list) and status in error_info:\n                exception_class = getattr(ExceptionMapping, error_code, WebDriverException)\n                break\n        else:\n            exception_class = WebDriverException\n    \n        if not value:\n            value = response[\"value\"]\n        if isinstance(value, str):\n            raise exception_class(value)\n        if message == \"\" and \"message\" in value:\n            message = value[\"message\"]\n    \n        screen = None  # type: ignore[assignment]\n        if \"screen\" in value:\n            screen = value[\"screen\"]\n    \n        stacktrace = None\n        st_value = value.get(\"stackTrace\") or value.get(\"stacktrace\")\n        if st_value:\n            if isinstance(st_value, str):\n                stacktrace = st_value.split(\"\\n\")\n            else:\n                stacktrace = []\n                try:\n                    for frame in st_value:\n                        line = frame.get(\"lineNumber\", \"\")\n                        file = frame.get(\"fileName\", \"<anonymous>\")\n                        if line:\n                            file = f\"{file}:{line}\"\n                        meth = frame.get(\"methodName\", \"<anonymous>\")\n                        if \"className\" in frame:\n                            meth = f\"{frame['className']}.{meth}\"\n                        msg = \"    at %s (%s)\"\n                        msg = msg % (meth, file)\n                        stacktrace.append(msg)\n                except TypeError:\n                    pass\n        if exception_class == UnexpectedAlertPresentException:\n            alert_text = None\n            if \"data\" in value:\n                alert_text = value[\"data\"].get(\"text\")\n            elif \"alert\" in value:\n                alert_text = value[\"alert\"].get(\"text\")\n            raise exception_class(message, screen, stacktrace, alert_text)  # type: ignore[call-arg]  # mypy is not smart enough here\n>       raise exception_class(message, screen, stacktrace)\nE       selenium.common.exceptions.NoSuchElementException: Message: no such element: Unable to locate element: {\"method\":\"xpath\",\"selector\":\"(//a[@href='/catalog/new'])[3]\"}\nE         (Session info: headless chrome=118.0.5993.70); For documentation on this error, please visit: https://www.selenium.dev/documentation/webdriver/troubleshooting/errors#no-such-element-exception\nE       Stacktrace:\nE       #0 0x55e1409b6fb3 <unknown>\nE       #1 0x55e14068a4a7 <unknown>\nE       #2 0x55e1406d1dd6 <unknown>\nE       #3 0x55e1406d1ec1 <unknown>\nE       #4 0x55e14070f354 <unknown>\nE       #5 0x55e1406f396d <unknown>\nE       #6 0x55e14070cc02 <unknown>\nE       #7 0x55e1406f3713 <unknown>\nE       #8 0x55e1406c618b <unknown>\nE       #9 0x55e1406c6f7e <unknown>\nE       #10 0x55e14097c8d8 <unknown>\nE       #11 0x55e140980800 <unknown>\nE       #12 0x55e14098acfc <unknown>\nE       #13 0x55e140981418 <unknown>\nE       #14 0x55e14094e42f <unknown>\nE       #15 0x55e1409a54e8 <unknown>\nE       #16 0x55e1409a56b4 <unknown>\nE       #17 0x55e1409b6143 <unknown>\nE       #18 0x7f75c67c5044 <unknown>\n\n/usr/local/lib/python3.11/site-packages/selenium/webdriver/remote/errorhandler.py:229: NoSuchElementException","steps":[{"name":"Проверка функциональности ссылки 'Новинки'","time":{"start":1698109194976,"stop":1698109194995,"duration":19},"status":"broken","statusMessage":"selenium.common.exceptions.NoSuchElementException: Message: no such element: Unable to locate element: {\"method\":\"xpath\",\"selector\":\"(//a[@href='/catalog/new'])[3]\"}\n  (Session info: headless chrome=118.0.5993.70); For documentation on this error, please visit: https://www.selenium.dev/documentation/webdriver/troubleshooting/errors#no-such-element-exception\nStacktrace:\n#0 0x55e1409b6fb3 <unknown>\n#1 0x55e14068a4a7 <unknown>\n#2 0x55e1406d1dd6 <unknown>\n#3 0x55e1406d1ec1 <unknown>\n#4 0x55e14070f354 <unknown>\n#5 0x55e1406f396d <unknown>\n#6 0x55e14070cc02 <unknown>\n#7 0x55e1406f3713 <unknown>\n#8 0x55e1406c618b <unknown>\n#9 0x55e1406c6f7e <unknown>\n#10 0x55e14097c8d8 <unknown>\n#11 0x55e140980800 <unknown>\n#12 0x55e14098acfc <unknown>\n#13 0x55e140981418 <unknown>\n#14 0x55e14094e42f <unknown>\n#15 0x55e1409a54e8 <unknown>\n#16 0x55e1409a56b4 <unknown>\n#17 0x55e1409b6143 <unknown>\n#18 0x7f75c67c5044 <unknown>\n\n","statusTrace":"  File \"/usr/local/lib/python3.11/site-packages/allure_commons/_allure.py\", line 192, in impl\n    return func(*a, **kw)\n           ^^^^^^^^^^^^^^\n  File \"/app/pages/main_page.py\", line 154, in check_new_in_stock_link\n    self.driver.find_element(*self._new_products_link).click()\n    ^^^^^^^^^^^^^^^^^^^^^^^^^^^^^^^^^^^^^^^^^^^^^^^^^^\n  File \"/usr/local/lib/python3.11/site-packages/selenium/webdriver/remote/webdriver.py\", line 739, in find_element\n    return self.execute(Command.FIND_ELEMENT, {\"using\": by, \"value\": value})[\"value\"]\n           ^^^^^^^^^^^^^^^^^^^^^^^^^^^^^^^^^^^^^^^^^^^^^^^^^^^^^^^^^^^^^^^^^\n  File \"/usr/local/lib/python3.11/site-packages/selenium/webdriver/remote/webdriver.py\", line 345, in execute\n    self.error_handler.check_response(response)\n  File \"/usr/local/lib/python3.11/site-packages/selenium/webdriver/remote/errorhandler.py\", line 229, in check_response\n    raise exception_class(message, screen, stacktrace)\n","steps":[],"attachments":[],"parameters":[],"shouldDisplayMessage":true,"stepsCount":0,"attachmentsCount":0,"hasContent":true}],"attachments":[{"uid":"efac916d52e6bd55","name":"Screenshot","source":"efac916d52e6bd55.png","type":"image/png","size":168717},{"uid":"9611c71662a6a5c","name":"HTML source","source":"9611c71662a6a5c.html","type":"text/html","size":380849}],"parameters":[],"shouldDisplayMessage":true,"stepsCount":1,"attachmentsCount":2,"hasContent":true},"afterStages":[{"name":"setup::0","time":{"start":1698109195230,"stop":1698109195230,"duration":0},"status":"passed","steps":[],"attachments":[],"parameters":[],"shouldDisplayMessage":false,"stepsCount":0,"attachmentsCount":0,"hasContent":false},{"name":"driver::0","time":{"start":1698109195231,"stop":1698109196296,"duration":1065},"status":"passed","steps":[],"attachments":[],"parameters":[],"shouldDisplayMessage":false,"stepsCount":0,"attachmentsCount":0,"hasContent":false},{"name":"setup::0","time":{"start":1698109309607,"stop":1698109309607,"duration":0},"status":"passed","steps":[],"attachments":[],"parameters":[],"shouldDisplayMessage":false,"stepsCount":0,"attachmentsCount":0,"hasContent":false}],"labels":[{"name":"feature","value":"Footer functionality"},{"name":"epic","value":"Main Page"},{"name":"tag","value":"smoke_test"},{"name":"parentSuite","value":"tests.main"},{"name":"suite","value":"test_main_page"},{"name":"subSuite","value":"TestMainPage"},{"name":"host","value":"46ca82f88ad6"},{"name":"thread","value":"1-MainThread"},{"name":"framework","value":"pytest"},{"name":"language","value":"cpython3"},{"name":"package","value":"tests.main.test_main_page"},{"name":"resultFormat","value":"allure2"}],"parameters":[{"name":"url","value":"'https://dev:123456@test2.stroyrem-nn.ru/'"}],"links":[],"hidden":false,"retry":false,"extra":{"severity":"normal","retries":[],"categories":[{"name":"Test defects","matchedStatuses":[],"flaky":false}],"history":{"statistic":{"failed":0,"broken":2,"skipped":0,"passed":21,"unknown":0,"total":23},"items":[{"uid":"c5775354ebdfcbf","reportUrl":"https://Nat754.github.io/StroyremAutomation/103//#testresult/c5775354ebdfcbf","status":"broken","statusDetails":"selenium.common.exceptions.NoSuchElementException: Message: no such element: Unable to locate element: {\"method\":\"xpath\",\"selector\":\"(//a[@href='/catalog/new'])[3]\"}\n  (Session info: headless chrome=118.0.5993.70); For documentation on this error, please visit: https://www.selenium.dev/documentation/webdriver/troubleshooting/errors#no-such-element-exception\nStacktrace:\n#0 0x559a67651fb3 <unknown>\n#1 0x559a673254a7 <unknown>\n#2 0x559a6736cdd6 <unknown>\n#3 0x559a6736cec1 <unknown>\n#4 0x559a673aa354 <unknown>\n#5 0x559a6738e96d <unknown>\n#6 0x559a673a7c02 <unknown>\n#7 0x559a6738e713 <unknown>\n#8 0x559a6736118b <unknown>\n#9 0x559a67361f7e <unknown>\n#10 0x559a676178d8 <unknown>\n#11 0x559a6761b800 <unknown>\n#12 0x559a67625cfc <unknown>\n#13 0x559a6761c418 <unknown>\n#14 0x559a675e942f <unknown>\n#15 0x559a676404e8 <unknown>\n#16 0x559a676406b4 <unknown>\n#17 0x559a67651143 <unknown>\n#18 0x7fb66a94a044 <unknown>","time":{"start":1698022953968,"stop":1698022953989,"duration":21}},{"uid":"9735f1b47a3b1ea1","reportUrl":"https://Nat754.github.io/StroyremAutomation/102//#testresult/9735f1b47a3b1ea1","status":"passed","time":{"start":1697936531155,"stop":1697936536015,"duration":4860}},{"uid":"657233982c9be54f","reportUrl":"https://Nat754.github.io/StroyremAutomation/101//#testresult/657233982c9be54f","status":"passed","time":{"start":1697850011427,"stop":1697850019000,"duration":7573}},{"uid":"63a4f2da202597e3","reportUrl":"https://Nat754.github.io/StroyremAutomation/100//#testresult/63a4f2da202597e3","status":"passed","time":{"start":1697763556867,"stop":1697763561949,"duration":5082}},{"uid":"933ee15f2e09d59c","reportUrl":"https://Nat754.github.io/StroyremAutomation/99//#testresult/933ee15f2e09d59c","status":"passed","time":{"start":1697677144564,"stop":1697677149336,"duration":4772}},{"uid":"aafda54d8ca08343","reportUrl":"https://Nat754.github.io/StroyremAutomation/98//#testresult/aafda54d8ca08343","status":"passed","time":{"start":1697590756033,"stop":1697590760949,"duration":4916}},{"uid":"f697c2b17f3a6e97","reportUrl":"https://Nat754.github.io/StroyremAutomation/97//#testresult/f697c2b17f3a6e97","status":"passed","time":{"start":1697504453168,"stop":1697504459056,"duration":5888}},{"uid":"3505a5d21de9cd8f","reportUrl":"https://Nat754.github.io/StroyremAutomation/96//#testresult/3505a5d21de9cd8f","status":"passed","time":{"start":1697418098744,"stop":1697418105202,"duration":6458}},{"uid":"178988b7a30f27b5","reportUrl":"https://Nat754.github.io/StroyremAutomation/95//#testresult/178988b7a30f27b5","status":"passed","time":{"start":1697331801653,"stop":1697331809181,"duration":7528}},{"uid":"4a6f01d85552724a","reportUrl":"https://Nat754.github.io/StroyremAutomation/94//#testresult/4a6f01d85552724a","status":"passed","time":{"start":1697245422667,"stop":1697245431427,"duration":8760}},{"uid":"1fac4f19f8fe0d0f","reportUrl":"https://Nat754.github.io/StroyremAutomation/93//#testresult/1fac4f19f8fe0d0f","status":"passed","time":{"start":1697158860655,"stop":1697158870663,"duration":10008}},{"uid":"dfa28621e3f01e0a","reportUrl":"https://Nat754.github.io/StroyremAutomation/92//#testresult/dfa28621e3f01e0a","status":"passed","time":{"start":1697072283377,"stop":1697072290912,"duration":7535}},{"uid":"90772359b18fe31","reportUrl":"https://Nat754.github.io/StroyremAutomation/91//#testresult/90772359b18fe31","status":"passed","time":{"start":1696985909572,"stop":1696985915130,"duration":5558}},{"uid":"762a07e8b612a895","reportUrl":"https://Nat754.github.io/StroyremAutomation/90//#testresult/762a07e8b612a895","status":"passed","time":{"start":1696899457566,"stop":1696899463762,"duration":6196}},{"uid":"4e496aa1dcb4dec","reportUrl":"https://Nat754.github.io/StroyremAutomation/89//#testresult/4e496aa1dcb4dec","status":"passed","time":{"start":1696813031406,"stop":1696813036703,"duration":5297}},{"uid":"89b0bd6d94c0438f","reportUrl":"https://Nat754.github.io/StroyremAutomation/88//#testresult/89b0bd6d94c0438f","status":"passed","time":{"start":1696727072394,"stop":1696727080803,"duration":8409}},{"uid":"63d25e884b7848c4","reportUrl":"https://Nat754.github.io/StroyremAutomation/87//#testresult/63d25e884b7848c4","status":"passed","time":{"start":1696640194023,"stop":1696640199852,"duration":5829}},{"uid":"c53dfbdb503cb249","reportUrl":"https://Nat754.github.io/StroyremAutomation/86//#testresult/c53dfbdb503cb249","status":"passed","time":{"start":1696553830492,"stop":1696553835496,"duration":5004}},{"uid":"f95c93db4c6cfb9a","reportUrl":"https://Nat754.github.io/StroyremAutomation/85//#testresult/f95c93db4c6cfb9a","status":"passed","time":{"start":1696467719330,"stop":1696467729867,"duration":10537}},{"uid":"9175e8158c38c944","reportUrl":"https://Nat754.github.io/StroyremAutomation/84//#testresult/9175e8158c38c944","status":"passed","time":{"start":1696381082852,"stop":1696381088993,"duration":6141}}]},"tags":["smoke_test"]},"source":"f9cc4b08b1528ce5.json","parameterValues":["'https://dev:123456@test2.stroyrem-nn.ru/'"]}