{"uid":"34306d90d6ba1471","name":"TD 018 Доставка товара весом до 500кг. в синей зоне","fullName":"tests.delivery.test_delivery_calculation.TestDeliveryPageCalculation#test_positive_delivery_blue_zone_smoke","historyId":"95f694f6adc130155d4f19b21da55956","time":{"start":1723856370794,"stop":1723856371231,"duration":437},"status":"skipped","statusMessage":"XFAIL\n\nselenium.common.exceptions.NoSuchElementException: Message: no such element: Unable to locate element: {\"method\":\"xpath\",\"selector\":\"(//a[@class='add-to-cart yellow-btn'])[1]\"}\n  (Session info: chrome-headless-shell=127.0.6533.119); For documentation on this error, please visit: https://www.selenium.dev/documentation/webdriver/troubleshooting/errors#no-such-element-exception\nStacktrace:\n#0 0x5638d48f06ca <unknown>\n#1 0x5638d45c1600 <unknown>\n#2 0x5638d4610bcb <unknown>\n#3 0x5638d4610eb1 <unknown>\n#4 0x5638d4654b24 <unknown>\n#5 0x5638d46338cd <unknown>\n#6 0x5638d465204a <unknown>\n#7 0x5638d4633643 <unknown>\n#8 0x5638d4603d31 <unknown>\n#9 0x5638d460479e <unknown>\n#10 0x5638d48b825b <unknown>\n#11 0x5638d48bc1f2 <unknown>\n#12 0x5638d48a5615 <unknown>\n#13 0x5638d48bcd82 <unknown>\n#14 0x5638d488a25f <unknown>\n#15 0x5638d48dfe68 <unknown>\n#16 0x5638d48e0040 <unknown>\n#17 0x5638d48ef49c <unknown>\n#18 0x7f72ab1d2134 <unknown>","statusTrace":"self = <tests.delivery.test_delivery_calculation.TestDeliveryPageCalculation object at 0x7f00bb4b4f10>\ndriver = <selenium.webdriver.chrome.webdriver.WebDriver (session=\"28aaf73e7f8401af380b0ac836222408\")>\nurl = 'https://sandboxtest.stroyrem-nn.ru/', case_id = 'TD 018'\nlink_item = 'products/shtukaturka-gipsovaya-aksolit-m50-30-kg-mashinnogo-naneseniya'\namount = 16, weight = 500, standard = 850, in_time = 2490, all_time = 3320\n\n    @pytest.mark.parametrize('case_id, link_item, amount, weight, standard, in_time, all_time', [\n        (\"TD 015\", bundeks_25, 1, 30, 650, 2390, 3320),\n        pytest.param(\n            \"TD 016\", aksolit_30, 8, 300, 650, 2390, 3320,\n            marks=pytest.mark.xfail(reson=\"Цена доставки: - - -\")\n        ),\n        (\"TD 017\", aksolit_30, 13, 400, 650, 2390, 3320),\n        (\"TD 018\", aksolit_30, 16, 500, 850, 2490, 3320),\n        (\"TD 019\", aksolit_30, 25, 1700, 1150, 2490, 3320),\n        (\"TD 020\", aksolit_30, 66, 2000, 1500, 2990, 3650),\n        (\"TD 021\", aksolit_30, 149, 4500, 2600, 4380, 4890),\n        (\"TD 022\", aksolit_30, 166, 5000, 2800, 5490, 5980),\n        pytest.param(\n            \"TD 023\", aksolit_30, 206, 6200, 3300, 7500, 8000,\n            marks=pytest.mark.xfail(reson=\"Цена доставки: 4300 9900 11440\")\n        ),\n        (\"TD 024\", aksolit_30, 299, 9000, 4300, 9900, 11440),\n        (\"TD 025\", aksolit_30, 333, 10000, 7000, 13900, 15900),\n        pytest.param(\n            \"TD 026\", aksolit_30, 366, 11000, 8000, 14900, 19900,\n            marks=pytest.mark.xfail(reson=\"Цена доставки: 7000 13900 15900\")\n        ),\n        pytest.param(\n            \"TD 027\", aksolit_30, 666, 20000, 14000, 16900, 23900,\n            marks=pytest.mark.xfail(reson=\"Цена доставки: 7000 13900 15900\")\n        )\n    ])\n    @pytest.mark.xfail\n    @pytest.mark.smoke_test\n    def test_positive_delivery_blue_zone_smoke(\n            self, driver, url, case_id, link_item, amount, weight, standard, in_time, all_time\n    ):\n        allure.dynamic.title(f\"{case_id} Доставка товара весом до {weight}кг. в синей зоне\")\n    \n        driver.get(f'{url}{link_item}')\n        item_page = ItemPage(driver)\n>       item_page.add_item_to_cart(amount).click_on_cart()\n\ntests/delivery/test_delivery_calculation.py:132: \n_ _ _ _ _ _ _ _ _ _ _ _ _ _ _ _ _ _ _ _ _ _ _ _ _ _ _ _ _ _ _ _ _ _ _ _ _ _ _ _ \npages/item_page.py:40: in add_item_to_cart\n    self.find_element(self._add_item).click()\nbase/seleniumbase.py:17: in find_element\n    return self.driver.find_element(*locator)\n/usr/local/lib/python3.11/site-packages/selenium/webdriver/remote/webdriver.py:739: in find_element\n    return self.execute(Command.FIND_ELEMENT, {\"using\": by, \"value\": value})[\"value\"]\n/usr/local/lib/python3.11/site-packages/selenium/webdriver/remote/webdriver.py:345: in execute\n    self.error_handler.check_response(response)\n_ _ _ _ _ _ _ _ _ _ _ _ _ _ _ _ _ _ _ _ _ _ _ _ _ _ _ _ _ _ _ _ _ _ _ _ _ _ _ _ \n\nself = <selenium.webdriver.remote.errorhandler.ErrorHandler object at 0x7f00bbd205d0>\nresponse = {'status': 404, 'value': '{\"value\":{\"error\":\"no such element\",\"message\":\"no such element: Unable to locate element: {\\...\\\\n#16 0x5638d48e0040 \\\\u003Cunknown>\\\\n#17 0x5638d48ef49c \\\\u003Cunknown>\\\\n#18 0x7f72ab1d2134 \\\\u003Cunknown>\\\\n\"}}'}\n\n    def check_response(self, response: Dict[str, Any]) -> None:\n        \"\"\"Checks that a JSON response from the WebDriver does not have an\n        error.\n    \n        :Args:\n         - response - The JSON response from the WebDriver server as a dictionary\n           object.\n    \n        :Raises: If the response contains an error message.\n        \"\"\"\n        status = response.get(\"status\", None)\n        if not status or status == ErrorCode.SUCCESS:\n            return\n        value = None\n        message = response.get(\"message\", \"\")\n        screen: str = response.get(\"screen\", \"\")\n        stacktrace = None\n        if isinstance(status, int):\n            value_json = response.get(\"value\", None)\n            if value_json and isinstance(value_json, str):\n                import json\n    \n                try:\n                    value = json.loads(value_json)\n                    if len(value) == 1:\n                        value = value[\"value\"]\n                    status = value.get(\"error\", None)\n                    if not status:\n                        status = value.get(\"status\", ErrorCode.UNKNOWN_ERROR)\n                        message = value.get(\"value\") or value.get(\"message\")\n                        if not isinstance(message, str):\n                            value = message\n                            message = message.get(\"message\")\n                    else:\n                        message = value.get(\"message\", None)\n                except ValueError:\n                    pass\n    \n        exception_class: Type[WebDriverException]\n        e = ErrorCode()\n        error_codes = [item for item in dir(e) if not item.startswith(\"__\")]\n        for error_code in error_codes:\n            error_info = getattr(ErrorCode, error_code)\n            if isinstance(error_info, list) and status in error_info:\n                exception_class = getattr(ExceptionMapping, error_code, WebDriverException)\n                break\n        else:\n            exception_class = WebDriverException\n    \n        if not value:\n            value = response[\"value\"]\n        if isinstance(value, str):\n            raise exception_class(value)\n        if message == \"\" and \"message\" in value:\n            message = value[\"message\"]\n    \n        screen = None  # type: ignore[assignment]\n        if \"screen\" in value:\n            screen = value[\"screen\"]\n    \n        stacktrace = None\n        st_value = value.get(\"stackTrace\") or value.get(\"stacktrace\")\n        if st_value:\n            if isinstance(st_value, str):\n                stacktrace = st_value.split(\"\\n\")\n            else:\n                stacktrace = []\n                try:\n                    for frame in st_value:\n                        line = frame.get(\"lineNumber\", \"\")\n                        file = frame.get(\"fileName\", \"<anonymous>\")\n                        if line:\n                            file = f\"{file}:{line}\"\n                        meth = frame.get(\"methodName\", \"<anonymous>\")\n                        if \"className\" in frame:\n                            meth = f\"{frame['className']}.{meth}\"\n                        msg = \"    at %s (%s)\"\n                        msg = msg % (meth, file)\n                        stacktrace.append(msg)\n                except TypeError:\n                    pass\n        if exception_class == UnexpectedAlertPresentException:\n            alert_text = None\n            if \"data\" in value:\n                alert_text = value[\"data\"].get(\"text\")\n            elif \"alert\" in value:\n                alert_text = value[\"alert\"].get(\"text\")\n            raise exception_class(message, screen, stacktrace, alert_text)  # type: ignore[call-arg]  # mypy is not smart enough here\n>       raise exception_class(message, screen, stacktrace)\nE       selenium.common.exceptions.NoSuchElementException: Message: no such element: Unable to locate element: {\"method\":\"xpath\",\"selector\":\"(//a[@class='add-to-cart yellow-btn'])[1]\"}\nE         (Session info: chrome-headless-shell=127.0.6533.119); For documentation on this error, please visit: https://www.selenium.dev/documentation/webdriver/troubleshooting/errors#no-such-element-exception\nE       Stacktrace:\nE       #0 0x5638d48f06ca <unknown>\nE       #1 0x5638d45c1600 <unknown>\nE       #2 0x5638d4610bcb <unknown>\nE       #3 0x5638d4610eb1 <unknown>\nE       #4 0x5638d4654b24 <unknown>\nE       #5 0x5638d46338cd <unknown>\nE       #6 0x5638d465204a <unknown>\nE       #7 0x5638d4633643 <unknown>\nE       #8 0x5638d4603d31 <unknown>\nE       #9 0x5638d460479e <unknown>\nE       #10 0x5638d48b825b <unknown>\nE       #11 0x5638d48bc1f2 <unknown>\nE       #12 0x5638d48a5615 <unknown>\nE       #13 0x5638d48bcd82 <unknown>\nE       #14 0x5638d488a25f <unknown>\nE       #15 0x5638d48dfe68 <unknown>\nE       #16 0x5638d48e0040 <unknown>\nE       #17 0x5638d48ef49c <unknown>\nE       #18 0x7f72ab1d2134 <unknown>\n\n/usr/local/lib/python3.11/site-packages/selenium/webdriver/remote/errorhandler.py:229: NoSuchElementException","flaky":false,"newFailed":false,"newBroken":false,"newPassed":false,"retriesCount":0,"retriesStatusChange":false,"beforeStages":[{"name":"_session_faker","time":{"start":1723856130341,"stop":1723856130410,"duration":69},"status":"passed","steps":[],"attachments":[],"parameters":[],"shouldDisplayMessage":false,"stepsCount":0,"attachmentsCount":0,"hasContent":false,"attachmentStep":false},{"name":"clear_allure_results_folder","time":{"start":1723856130410,"stop":1723856130410,"duration":0},"status":"passed","steps":[],"attachments":[],"parameters":[],"shouldDisplayMessage":false,"stepsCount":0,"attachmentsCount":0,"hasContent":false,"attachmentStep":false},{"name":"driver","time":{"start":1723856370096,"stop":1723856370793,"duration":697},"status":"passed","steps":[],"attachments":[],"parameters":[],"shouldDisplayMessage":false,"stepsCount":0,"attachmentsCount":0,"hasContent":false,"attachmentStep":false},{"name":"setup","time":{"start":1723856370793,"stop":1723856370793,"duration":0},"status":"passed","steps":[],"attachments":[],"parameters":[],"shouldDisplayMessage":false,"stepsCount":0,"attachmentsCount":0,"hasContent":false,"attachmentStep":false}],"testStage":{"status":"skipped","statusMessage":"XFAIL\n\nselenium.common.exceptions.NoSuchElementException: Message: no such element: Unable to locate element: {\"method\":\"xpath\",\"selector\":\"(//a[@class='add-to-cart yellow-btn'])[1]\"}\n  (Session info: chrome-headless-shell=127.0.6533.119); For documentation on this error, please visit: https://www.selenium.dev/documentation/webdriver/troubleshooting/errors#no-such-element-exception\nStacktrace:\n#0 0x5638d48f06ca <unknown>\n#1 0x5638d45c1600 <unknown>\n#2 0x5638d4610bcb <unknown>\n#3 0x5638d4610eb1 <unknown>\n#4 0x5638d4654b24 <unknown>\n#5 0x5638d46338cd <unknown>\n#6 0x5638d465204a <unknown>\n#7 0x5638d4633643 <unknown>\n#8 0x5638d4603d31 <unknown>\n#9 0x5638d460479e <unknown>\n#10 0x5638d48b825b <unknown>\n#11 0x5638d48bc1f2 <unknown>\n#12 0x5638d48a5615 <unknown>\n#13 0x5638d48bcd82 <unknown>\n#14 0x5638d488a25f <unknown>\n#15 0x5638d48dfe68 <unknown>\n#16 0x5638d48e0040 <unknown>\n#17 0x5638d48ef49c <unknown>\n#18 0x7f72ab1d2134 <unknown>","statusTrace":"self = <tests.delivery.test_delivery_calculation.TestDeliveryPageCalculation object at 0x7f00bb4b4f10>\ndriver = <selenium.webdriver.chrome.webdriver.WebDriver (session=\"28aaf73e7f8401af380b0ac836222408\")>\nurl = 'https://sandboxtest.stroyrem-nn.ru/', case_id = 'TD 018'\nlink_item = 'products/shtukaturka-gipsovaya-aksolit-m50-30-kg-mashinnogo-naneseniya'\namount = 16, weight = 500, standard = 850, in_time = 2490, all_time = 3320\n\n    @pytest.mark.parametrize('case_id, link_item, amount, weight, standard, in_time, all_time', [\n        (\"TD 015\", bundeks_25, 1, 30, 650, 2390, 3320),\n        pytest.param(\n            \"TD 016\", aksolit_30, 8, 300, 650, 2390, 3320,\n            marks=pytest.mark.xfail(reson=\"Цена доставки: - - -\")\n        ),\n        (\"TD 017\", aksolit_30, 13, 400, 650, 2390, 3320),\n        (\"TD 018\", aksolit_30, 16, 500, 850, 2490, 3320),\n        (\"TD 019\", aksolit_30, 25, 1700, 1150, 2490, 3320),\n        (\"TD 020\", aksolit_30, 66, 2000, 1500, 2990, 3650),\n        (\"TD 021\", aksolit_30, 149, 4500, 2600, 4380, 4890),\n        (\"TD 022\", aksolit_30, 166, 5000, 2800, 5490, 5980),\n        pytest.param(\n            \"TD 023\", aksolit_30, 206, 6200, 3300, 7500, 8000,\n            marks=pytest.mark.xfail(reson=\"Цена доставки: 4300 9900 11440\")\n        ),\n        (\"TD 024\", aksolit_30, 299, 9000, 4300, 9900, 11440),\n        (\"TD 025\", aksolit_30, 333, 10000, 7000, 13900, 15900),\n        pytest.param(\n            \"TD 026\", aksolit_30, 366, 11000, 8000, 14900, 19900,\n            marks=pytest.mark.xfail(reson=\"Цена доставки: 7000 13900 15900\")\n        ),\n        pytest.param(\n            \"TD 027\", aksolit_30, 666, 20000, 14000, 16900, 23900,\n            marks=pytest.mark.xfail(reson=\"Цена доставки: 7000 13900 15900\")\n        )\n    ])\n    @pytest.mark.xfail\n    @pytest.mark.smoke_test\n    def test_positive_delivery_blue_zone_smoke(\n            self, driver, url, case_id, link_item, amount, weight, standard, in_time, all_time\n    ):\n        allure.dynamic.title(f\"{case_id} Доставка товара весом до {weight}кг. в синей зоне\")\n    \n        driver.get(f'{url}{link_item}')\n        item_page = ItemPage(driver)\n>       item_page.add_item_to_cart(amount).click_on_cart()\n\ntests/delivery/test_delivery_calculation.py:132: \n_ _ _ _ _ _ _ _ _ _ _ _ _ _ _ _ _ _ _ _ _ _ _ _ _ _ _ _ _ _ _ _ _ _ _ _ _ _ _ _ \npages/item_page.py:40: in add_item_to_cart\n    self.find_element(self._add_item).click()\nbase/seleniumbase.py:17: in find_element\n    return self.driver.find_element(*locator)\n/usr/local/lib/python3.11/site-packages/selenium/webdriver/remote/webdriver.py:739: in find_element\n    return self.execute(Command.FIND_ELEMENT, {\"using\": by, \"value\": value})[\"value\"]\n/usr/local/lib/python3.11/site-packages/selenium/webdriver/remote/webdriver.py:345: in execute\n    self.error_handler.check_response(response)\n_ _ _ _ _ _ _ _ _ _ _ _ _ _ _ _ _ _ _ _ _ _ _ _ _ _ _ _ _ _ _ _ _ _ _ _ _ _ _ _ \n\nself = <selenium.webdriver.remote.errorhandler.ErrorHandler object at 0x7f00bbd205d0>\nresponse = {'status': 404, 'value': '{\"value\":{\"error\":\"no such element\",\"message\":\"no such element: Unable to locate element: {\\...\\\\n#16 0x5638d48e0040 \\\\u003Cunknown>\\\\n#17 0x5638d48ef49c \\\\u003Cunknown>\\\\n#18 0x7f72ab1d2134 \\\\u003Cunknown>\\\\n\"}}'}\n\n    def check_response(self, response: Dict[str, Any]) -> None:\n        \"\"\"Checks that a JSON response from the WebDriver does not have an\n        error.\n    \n        :Args:\n         - response - The JSON response from the WebDriver server as a dictionary\n           object.\n    \n        :Raises: If the response contains an error message.\n        \"\"\"\n        status = response.get(\"status\", None)\n        if not status or status == ErrorCode.SUCCESS:\n            return\n        value = None\n        message = response.get(\"message\", \"\")\n        screen: str = response.get(\"screen\", \"\")\n        stacktrace = None\n        if isinstance(status, int):\n            value_json = response.get(\"value\", None)\n            if value_json and isinstance(value_json, str):\n                import json\n    \n                try:\n                    value = json.loads(value_json)\n                    if len(value) == 1:\n                        value = value[\"value\"]\n                    status = value.get(\"error\", None)\n                    if not status:\n                        status = value.get(\"status\", ErrorCode.UNKNOWN_ERROR)\n                        message = value.get(\"value\") or value.get(\"message\")\n                        if not isinstance(message, str):\n                            value = message\n                            message = message.get(\"message\")\n                    else:\n                        message = value.get(\"message\", None)\n                except ValueError:\n                    pass\n    \n        exception_class: Type[WebDriverException]\n        e = ErrorCode()\n        error_codes = [item for item in dir(e) if not item.startswith(\"__\")]\n        for error_code in error_codes:\n            error_info = getattr(ErrorCode, error_code)\n            if isinstance(error_info, list) and status in error_info:\n                exception_class = getattr(ExceptionMapping, error_code, WebDriverException)\n                break\n        else:\n            exception_class = WebDriverException\n    \n        if not value:\n            value = response[\"value\"]\n        if isinstance(value, str):\n            raise exception_class(value)\n        if message == \"\" and \"message\" in value:\n            message = value[\"message\"]\n    \n        screen = None  # type: ignore[assignment]\n        if \"screen\" in value:\n            screen = value[\"screen\"]\n    \n        stacktrace = None\n        st_value = value.get(\"stackTrace\") or value.get(\"stacktrace\")\n        if st_value:\n            if isinstance(st_value, str):\n                stacktrace = st_value.split(\"\\n\")\n            else:\n                stacktrace = []\n                try:\n                    for frame in st_value:\n                        line = frame.get(\"lineNumber\", \"\")\n                        file = frame.get(\"fileName\", \"<anonymous>\")\n                        if line:\n                            file = f\"{file}:{line}\"\n                        meth = frame.get(\"methodName\", \"<anonymous>\")\n                        if \"className\" in frame:\n                            meth = f\"{frame['className']}.{meth}\"\n                        msg = \"    at %s (%s)\"\n                        msg = msg % (meth, file)\n                        stacktrace.append(msg)\n                except TypeError:\n                    pass\n        if exception_class == UnexpectedAlertPresentException:\n            alert_text = None\n            if \"data\" in value:\n                alert_text = value[\"data\"].get(\"text\")\n            elif \"alert\" in value:\n                alert_text = value[\"alert\"].get(\"text\")\n            raise exception_class(message, screen, stacktrace, alert_text)  # type: ignore[call-arg]  # mypy is not smart enough here\n>       raise exception_class(message, screen, stacktrace)\nE       selenium.common.exceptions.NoSuchElementException: Message: no such element: Unable to locate element: {\"method\":\"xpath\",\"selector\":\"(//a[@class='add-to-cart yellow-btn'])[1]\"}\nE         (Session info: chrome-headless-shell=127.0.6533.119); For documentation on this error, please visit: https://www.selenium.dev/documentation/webdriver/troubleshooting/errors#no-such-element-exception\nE       Stacktrace:\nE       #0 0x5638d48f06ca <unknown>\nE       #1 0x5638d45c1600 <unknown>\nE       #2 0x5638d4610bcb <unknown>\nE       #3 0x5638d4610eb1 <unknown>\nE       #4 0x5638d4654b24 <unknown>\nE       #5 0x5638d46338cd <unknown>\nE       #6 0x5638d465204a <unknown>\nE       #7 0x5638d4633643 <unknown>\nE       #8 0x5638d4603d31 <unknown>\nE       #9 0x5638d460479e <unknown>\nE       #10 0x5638d48b825b <unknown>\nE       #11 0x5638d48bc1f2 <unknown>\nE       #12 0x5638d48a5615 <unknown>\nE       #13 0x5638d48bcd82 <unknown>\nE       #14 0x5638d488a25f <unknown>\nE       #15 0x5638d48dfe68 <unknown>\nE       #16 0x5638d48e0040 <unknown>\nE       #17 0x5638d48ef49c <unknown>\nE       #18 0x7f72ab1d2134 <unknown>\n\n/usr/local/lib/python3.11/site-packages/selenium/webdriver/remote/errorhandler.py:229: NoSuchElementException","steps":[{"name":"Добавляем товар в корзину в количестве 16","time":{"start":1723856371213,"stop":1723856371230,"duration":17},"status":"broken","statusMessage":"selenium.common.exceptions.NoSuchElementException: Message: no such element: Unable to locate element: {\"method\":\"xpath\",\"selector\":\"(//a[@class='add-to-cart yellow-btn'])[1]\"}\n  (Session info: chrome-headless-shell=127.0.6533.119); For documentation on this error, please visit: https://www.selenium.dev/documentation/webdriver/troubleshooting/errors#no-such-element-exception\nStacktrace:\n#0 0x5638d48f06ca <unknown>\n#1 0x5638d45c1600 <unknown>\n#2 0x5638d4610bcb <unknown>\n#3 0x5638d4610eb1 <unknown>\n#4 0x5638d4654b24 <unknown>\n#5 0x5638d46338cd <unknown>\n#6 0x5638d465204a <unknown>\n#7 0x5638d4633643 <unknown>\n#8 0x5638d4603d31 <unknown>\n#9 0x5638d460479e <unknown>\n#10 0x5638d48b825b <unknown>\n#11 0x5638d48bc1f2 <unknown>\n#12 0x5638d48a5615 <unknown>\n#13 0x5638d48bcd82 <unknown>\n#14 0x5638d488a25f <unknown>\n#15 0x5638d48dfe68 <unknown>\n#16 0x5638d48e0040 <unknown>\n#17 0x5638d48ef49c <unknown>\n#18 0x7f72ab1d2134 <unknown>\n\n","statusTrace":"  File \"/usr/local/lib/python3.11/site-packages/allure_commons/_allure.py\", line 192, in impl\n    return func(*a, **kw)\n           ^^^^^^^^^^^^^^\n  File \"/app/pages/item_page.py\", line 40, in add_item_to_cart\n    self.find_element(self._add_item).click()\n    ^^^^^^^^^^^^^^^^^^^^^^^^^^^^^^^^^\n  File \"/app/base/seleniumbase.py\", line 17, in find_element\n    return self.driver.find_element(*locator)\n           ^^^^^^^^^^^^^^^^^^^^^^^^^^^^^^^^^^\n  File \"/usr/local/lib/python3.11/site-packages/selenium/webdriver/remote/webdriver.py\", line 739, in find_element\n    return self.execute(Command.FIND_ELEMENT, {\"using\": by, \"value\": value})[\"value\"]\n           ^^^^^^^^^^^^^^^^^^^^^^^^^^^^^^^^^^^^^^^^^^^^^^^^^^^^^^^^^^^^^^^^^\n  File \"/usr/local/lib/python3.11/site-packages/selenium/webdriver/remote/webdriver.py\", line 345, in execute\n    self.error_handler.check_response(response)\n  File \"/usr/local/lib/python3.11/site-packages/selenium/webdriver/remote/errorhandler.py\", line 229, in check_response\n    raise exception_class(message, screen, stacktrace)\n","steps":[],"attachments":[],"parameters":[{"name":"amount","value":"16"}],"shouldDisplayMessage":true,"stepsCount":0,"attachmentsCount":0,"hasContent":true,"attachmentStep":false}],"attachments":[{"uid":"5e36c313b07bdd37","name":"Screenshot","source":"5e36c313b07bdd37.png","type":"image/png","size":4720},{"uid":"9f468fe4d56b681a","name":"HTML source","source":"9f468fe4d56b681a.html","type":"text/html","size":39}],"parameters":[],"shouldDisplayMessage":true,"stepsCount":1,"attachmentsCount":2,"hasContent":true,"attachmentStep":false},"afterStages":[{"name":"driver::0","time":{"start":1723856371348,"stop":1723856371409,"duration":61},"status":"passed","steps":[],"attachments":[],"parameters":[],"shouldDisplayMessage":false,"stepsCount":0,"attachmentsCount":0,"hasContent":false,"attachmentStep":false},{"name":"setup::0","time":{"start":1723856371348,"stop":1723856371348,"duration":0},"status":"passed","steps":[],"attachments":[],"parameters":[],"shouldDisplayMessage":false,"stepsCount":0,"attachmentsCount":0,"hasContent":false,"attachmentStep":false}],"labels":[{"name":"epic","value":"Delivery Page - calculation"},{"name":"tag","value":"smoke_test"},{"name":"tag","value":"@pytest.mark.xfail"},{"name":"parentSuite","value":"tests.delivery"},{"name":"suite","value":"test_delivery_calculation"},{"name":"subSuite","value":"TestDeliveryPageCalculation"},{"name":"host","value":"360cb3f99fed"},{"name":"thread","value":"1-MainThread"},{"name":"framework","value":"pytest"},{"name":"language","value":"cpython3"},{"name":"package","value":"tests.delivery.test_delivery_calculation"},{"name":"resultFormat","value":"allure2"}],"parameters":[{"name":"all_time","value":"3320"},{"name":"amount","value":"16"},{"name":"case_id","value":"'TD 018'"},{"name":"in_time","value":"2490"},{"name":"link_item","value":"'products/shtukaturka-gipsovaya-aksolit-m50-30-kg-mashinnogo-naneseniya'"},{"name":"standard","value":"850"},{"name":"url","value":"'https://sandboxtest.stroyrem-nn.ru/'"},{"name":"weight","value":"500"}],"links":[],"hidden":false,"retry":false,"extra":{"severity":"normal","retries":[],"categories":[],"history":{"statistic":{"failed":0,"broken":0,"skipped":80,"passed":0,"unknown":0,"total":80},"items":[{"uid":"417139344d82d3d3","reportUrl":"https://Nat754.github.io/StroyremAutomation/401//#testresult/417139344d82d3d3","status":"skipped","statusDetails":"XFAIL\n\nselenium.common.exceptions.NoSuchElementException: Message: no such element: Unable to locate element: {\"method\":\"xpath\",\"selector\":\"(//a[@class='add-to-cart yellow-btn'])[1]\"}\n  (Session info: chrome-headless-shell=127.0.6533.119); For documentation on this error, please visit: https://www.selenium.dev/documentation/webdriver/troubleshooting/errors#no-such-element-exception\nStacktrace:\n#0 0x559f1c93a6ca <unknown>\n#1 0x559f1c60b600 <unknown>\n#2 0x559f1c65abcb <unknown>\n#3 0x559f1c65aeb1 <unknown>\n#4 0x559f1c69eb24 <unknown>\n#5 0x559f1c67d8cd <unknown>\n#6 0x559f1c69c04a <unknown>\n#7 0x559f1c67d643 <unknown>\n#8 0x559f1c64dd31 <unknown>\n#9 0x559f1c64e79e <unknown>\n#10 0x559f1c90225b <unknown>\n#11 0x559f1c9061f2 <unknown>\n#12 0x559f1c8ef615 <unknown>\n#13 0x559f1c906d82 <unknown>\n#14 0x559f1c8d425f <unknown>\n#15 0x559f1c929e68 <unknown>\n#16 0x559f1c92a040 <unknown>\n#17 0x559f1c93949c <unknown>\n#18 0x7f31775a2134 <unknown>","time":{"start":1723770077741,"stop":1723770078072,"duration":331}},{"uid":"913388e98706ff7c","reportUrl":"https://Nat754.github.io/StroyremAutomation/400//#testresult/913388e98706ff7c","status":"skipped","statusDetails":"XFAIL\n\nselenium.common.exceptions.NoSuchElementException: Message: no such element: Unable to locate element: {\"method\":\"xpath\",\"selector\":\"(//a[@class='add-to-cart yellow-btn'])[1]\"}\n  (Session info: chrome-headless-shell=127.0.6533.119); For documentation on this error, please visit: https://www.selenium.dev/documentation/webdriver/troubleshooting/errors#no-such-element-exception\nStacktrace:\n#0 0x556576b8e6ca <unknown>\n#1 0x55657685f600 <unknown>\n#2 0x5565768aebcb <unknown>\n#3 0x5565768aeeb1 <unknown>\n#4 0x5565768f2b24 <unknown>\n#5 0x5565768d18cd <unknown>\n#6 0x5565768f004a <unknown>\n#7 0x5565768d1643 <unknown>\n#8 0x5565768a1d31 <unknown>\n#9 0x5565768a279e <unknown>\n#10 0x556576b5625b <unknown>\n#11 0x556576b5a1f2 <unknown>\n#12 0x556576b43615 <unknown>\n#13 0x556576b5ad82 <unknown>\n#14 0x556576b2825f <unknown>\n#15 0x556576b7de68 <unknown>\n#16 0x556576b7e040 <unknown>\n#17 0x556576b8d49c <unknown>\n#18 0x7f72d6a41134 <unknown>","time":{"start":1723683564598,"stop":1723683565071,"duration":473}},{"uid":"5576bb64a26ed070","reportUrl":"https://Nat754.github.io/StroyremAutomation/399//#testresult/5576bb64a26ed070","status":"skipped","statusDetails":"XFAIL\n\nselenium.common.exceptions.NoSuchElementException: Message: no such element: Unable to locate element: {\"method\":\"xpath\",\"selector\":\"(//a[@class='add-to-cart yellow-btn'])[1]\"}\n  (Session info: chrome-headless-shell=127.0.6533.119); For documentation on this error, please visit: https://www.selenium.dev/documentation/webdriver/troubleshooting/errors#no-such-element-exception\nStacktrace:\n#0 0x56365a6516ca <unknown>\n#1 0x56365a322600 <unknown>\n#2 0x56365a371bcb <unknown>\n#3 0x56365a371eb1 <unknown>\n#4 0x56365a3b5b24 <unknown>\n#5 0x56365a3948cd <unknown>\n#6 0x56365a3b304a <unknown>\n#7 0x56365a394643 <unknown>\n#8 0x56365a364d31 <unknown>\n#9 0x56365a36579e <unknown>\n#10 0x56365a61925b <unknown>\n#11 0x56365a61d1f2 <unknown>\n#12 0x56365a606615 <unknown>\n#13 0x56365a61dd82 <unknown>\n#14 0x56365a5eb25f <unknown>\n#15 0x56365a640e68 <unknown>\n#16 0x56365a641040 <unknown>\n#17 0x56365a65049c <unknown>\n#18 0x7f77b11d9134 <unknown>","time":{"start":1723597295906,"stop":1723597296213,"duration":307}},{"uid":"5717ac34693ef57e","reportUrl":"https://Nat754.github.io/StroyremAutomation/398//#testresult/5717ac34693ef57e","status":"skipped","statusDetails":"XFAIL\n\nselenium.common.exceptions.NoSuchElementException: Message: no such element: Unable to locate element: {\"method\":\"xpath\",\"selector\":\"(//a[@class='add-to-cart yellow-btn'])[1]\"}\n  (Session info: chrome-headless-shell=127.0.6533.99); For documentation on this error, please visit: https://www.selenium.dev/documentation/webdriver/troubleshooting/errors#no-such-element-exception\nStacktrace:\n#0 0x557f17eb06aa <unknown>\n#1 0x557f17b81600 <unknown>\n#2 0x557f17bd0bcb <unknown>\n#3 0x557f17bd0eb1 <unknown>\n#4 0x557f17c14b24 <unknown>\n#5 0x557f17bf38cd <unknown>\n#6 0x557f17c1204a <unknown>\n#7 0x557f17bf3643 <unknown>\n#8 0x557f17bc3d31 <unknown>\n#9 0x557f17bc479e <unknown>\n#10 0x557f17e7823b <unknown>\n#11 0x557f17e7c1d2 <unknown>\n#12 0x557f17e655f5 <unknown>\n#13 0x557f17e7cd62 <unknown>\n#14 0x557f17e4a23f <unknown>\n#15 0x557f17e9fe48 <unknown>\n#16 0x557f17ea0020 <unknown>\n#17 0x557f17eaf47c <unknown>\n#18 0x7f8372ace134 <unknown>","time":{"start":1723510995844,"stop":1723510996265,"duration":421}},{"uid":"9e03edc96592e4b3","reportUrl":"https://Nat754.github.io/StroyremAutomation/397//#testresult/9e03edc96592e4b3","status":"skipped","statusDetails":"XFAIL\n\nselenium.common.exceptions.NoSuchElementException: Message: no such element: Unable to locate element: {\"method\":\"xpath\",\"selector\":\"(//a[@class='add-to-cart yellow-btn'])[1]\"}\n  (Session info: chrome-headless-shell=127.0.6533.99); For documentation on this error, please visit: https://www.selenium.dev/documentation/webdriver/troubleshooting/errors#no-such-element-exception\nStacktrace:\n#0 0x55a283c896aa <unknown>\n#1 0x55a28395a600 <unknown>\n#2 0x55a2839a9bcb <unknown>\n#3 0x55a2839a9eb1 <unknown>\n#4 0x55a2839edb24 <unknown>\n#5 0x55a2839cc8cd <unknown>\n#6 0x55a2839eb04a <unknown>\n#7 0x55a2839cc643 <unknown>\n#8 0x55a28399cd31 <unknown>\n#9 0x55a28399d79e <unknown>\n#10 0x55a283c5123b <unknown>\n#11 0x55a283c551d2 <unknown>\n#12 0x55a283c3e5f5 <unknown>\n#13 0x55a283c55d62 <unknown>\n#14 0x55a283c2323f <unknown>\n#15 0x55a283c78e48 <unknown>\n#16 0x55a283c79020 <unknown>\n#17 0x55a283c8847c <unknown>\n#18 0x7f6294ef3134 <unknown>","time":{"start":1723424623347,"stop":1723424623671,"duration":324}},{"uid":"d89a921782c76029","reportUrl":"https://Nat754.github.io/StroyremAutomation/396//#testresult/d89a921782c76029","status":"skipped","statusDetails":"XFAIL\n\nselenium.common.exceptions.NoSuchElementException: Message: no such element: Unable to locate element: {\"method\":\"xpath\",\"selector\":\"(//a[@class='add-to-cart yellow-btn'])[1]\"}\n  (Session info: chrome-headless-shell=127.0.6533.99); For documentation on this error, please visit: https://www.selenium.dev/documentation/webdriver/troubleshooting/errors#no-such-element-exception\nStacktrace:\n#0 0x5620411fe6aa <unknown>\n#1 0x562040ecf600 <unknown>\n#2 0x562040f1ebcb <unknown>\n#3 0x562040f1eeb1 <unknown>\n#4 0x562040f62b24 <unknown>\n#5 0x562040f418cd <unknown>\n#6 0x562040f6004a <unknown>\n#7 0x562040f41643 <unknown>\n#8 0x562040f11d31 <unknown>\n#9 0x562040f1279e <unknown>\n#10 0x5620411c623b <unknown>\n#11 0x5620411ca1d2 <unknown>\n#12 0x5620411b35f5 <unknown>\n#13 0x5620411cad62 <unknown>\n#14 0x56204119823f <unknown>\n#15 0x5620411ede48 <unknown>\n#16 0x5620411ee020 <unknown>\n#17 0x5620411fd47c <unknown>\n#18 0x7f97009be134 <unknown>","time":{"start":1723338430479,"stop":1723338430915,"duration":436}},{"uid":"c12c1d149f45cc33","reportUrl":"https://Nat754.github.io/StroyremAutomation/395//#testresult/c12c1d149f45cc33","status":"skipped","statusDetails":"XFAIL\n\nselenium.common.exceptions.NoSuchElementException: Message: no such element: Unable to locate element: {\"method\":\"xpath\",\"selector\":\"(//a[@class='add-to-cart yellow-btn'])[1]\"}\n  (Session info: chrome-headless-shell=127.0.6533.99); For documentation on this error, please visit: https://www.selenium.dev/documentation/webdriver/troubleshooting/errors#no-such-element-exception\nStacktrace:\n#0 0x55930e8ec6aa <unknown>\n#1 0x55930e5bd600 <unknown>\n#2 0x55930e60cbcb <unknown>\n#3 0x55930e60ceb1 <unknown>\n#4 0x55930e650b24 <unknown>\n#5 0x55930e62f8cd <unknown>\n#6 0x55930e64e04a <unknown>\n#7 0x55930e62f643 <unknown>\n#8 0x55930e5ffd31 <unknown>\n#9 0x55930e60079e <unknown>\n#10 0x55930e8b423b <unknown>\n#11 0x55930e8b81d2 <unknown>\n#12 0x55930e8a15f5 <unknown>\n#13 0x55930e8b8d62 <unknown>\n#14 0x55930e88623f <unknown>\n#15 0x55930e8dbe48 <unknown>\n#16 0x55930e8dc020 <unknown>\n#17 0x55930e8eb47c <unknown>\n#18 0x7fa6b9594134 <unknown>","time":{"start":1723251661706,"stop":1723251662286,"duration":580}},{"uid":"35a5c87b48a88e3c","reportUrl":"https://Nat754.github.io/StroyremAutomation/394//#testresult/35a5c87b48a88e3c","status":"skipped","statusDetails":"XFAIL\n\nselenium.common.exceptions.NoSuchElementException: Message: no such element: Unable to locate element: {\"method\":\"xpath\",\"selector\":\"(//a[@class='add-to-cart yellow-btn'])[1]\"}\n  (Session info: chrome-headless-shell=127.0.6533.99); For documentation on this error, please visit: https://www.selenium.dev/documentation/webdriver/troubleshooting/errors#no-such-element-exception\nStacktrace:\n#0 0x55bda534c6aa <unknown>\n#1 0x55bda501d600 <unknown>\n#2 0x55bda506cbcb <unknown>\n#3 0x55bda506ceb1 <unknown>\n#4 0x55bda50b0b24 <unknown>\n#5 0x55bda508f8cd <unknown>\n#6 0x55bda50ae04a <unknown>\n#7 0x55bda508f643 <unknown>\n#8 0x55bda505fd31 <unknown>\n#9 0x55bda506079e <unknown>\n#10 0x55bda531423b <unknown>\n#11 0x55bda53181d2 <unknown>\n#12 0x55bda53015f5 <unknown>\n#13 0x55bda5318d62 <unknown>\n#14 0x55bda52e623f <unknown>\n#15 0x55bda533be48 <unknown>\n#16 0x55bda533c020 <unknown>\n#17 0x55bda534b47c <unknown>\n#18 0x7fe4d2880134 <unknown>","time":{"start":1723165327658,"stop":1723165328118,"duration":460}},{"uid":"cd0d5adcaf228585","reportUrl":"https://Nat754.github.io/StroyremAutomation/393//#testresult/cd0d5adcaf228585","status":"skipped","statusDetails":"XFAIL\n\nselenium.common.exceptions.NoSuchElementException: Message: no such element: Unable to locate element: {\"method\":\"xpath\",\"selector\":\"(//a[@class='add-to-cart yellow-btn'])[1]\"}\n  (Session info: chrome-headless-shell=127.0.6533.99); For documentation on this error, please visit: https://www.selenium.dev/documentation/webdriver/troubleshooting/errors#no-such-element-exception\nStacktrace:\n#0 0x56361cecd6aa <unknown>\n#1 0x56361cb9e600 <unknown>\n#2 0x56361cbedbcb <unknown>\n#3 0x56361cbedeb1 <unknown>\n#4 0x56361cc31b24 <unknown>\n#5 0x56361cc108cd <unknown>\n#6 0x56361cc2f04a <unknown>\n#7 0x56361cc10643 <unknown>\n#8 0x56361cbe0d31 <unknown>\n#9 0x56361cbe179e <unknown>\n#10 0x56361ce9523b <unknown>\n#11 0x56361ce991d2 <unknown>\n#12 0x56361ce825f5 <unknown>\n#13 0x56361ce99d62 <unknown>\n#14 0x56361ce6723f <unknown>\n#15 0x56361cebce48 <unknown>\n#16 0x56361cebd020 <unknown>\n#17 0x56361cecc47c <unknown>\n#18 0x7f0bad6b6134 <unknown>","time":{"start":1723078900983,"stop":1723078901289,"duration":306}},{"uid":"3df5faa36a9fd519","reportUrl":"https://Nat754.github.io/StroyremAutomation/392//#testresult/3df5faa36a9fd519","status":"skipped","statusDetails":"XFAIL\n\nselenium.common.exceptions.NoSuchElementException: Message: no such element: Unable to locate element: {\"method\":\"xpath\",\"selector\":\"(//a[@class='add-to-cart yellow-btn'])[1]\"}\n  (Session info: chrome-headless-shell=127.0.6533.99); For documentation on this error, please visit: https://www.selenium.dev/documentation/webdriver/troubleshooting/errors#no-such-element-exception\nStacktrace:\n#0 0x5651c24166aa <unknown>\n#1 0x5651c20e7600 <unknown>\n#2 0x5651c2136bcb <unknown>\n#3 0x5651c2136eb1 <unknown>\n#4 0x5651c217ab24 <unknown>\n#5 0x5651c21598cd <unknown>\n#6 0x5651c217804a <unknown>\n#7 0x5651c2159643 <unknown>\n#8 0x5651c2129d31 <unknown>\n#9 0x5651c212a79e <unknown>\n#10 0x5651c23de23b <unknown>\n#11 0x5651c23e21d2 <unknown>\n#12 0x5651c23cb5f5 <unknown>\n#13 0x5651c23e2d62 <unknown>\n#14 0x5651c23b023f <unknown>\n#15 0x5651c2405e48 <unknown>\n#16 0x5651c2406020 <unknown>\n#17 0x5651c241547c <unknown>\n#18 0x7f1e39b34134 <unknown>","time":{"start":1722992550688,"stop":1722992551027,"duration":339}},{"uid":"dbbfa3124fa3edb6","reportUrl":"https://Nat754.github.io/StroyremAutomation/391//#testresult/dbbfa3124fa3edb6","status":"skipped","statusDetails":"XFAIL\n\nselenium.common.exceptions.NoSuchElementException: Message: no such element: Unable to locate element: {\"method\":\"xpath\",\"selector\":\"(//a[@class='add-to-cart yellow-btn'])[1]\"}\n  (Session info: chrome-headless-shell=127.0.6533.88); For documentation on this error, please visit: https://www.selenium.dev/documentation/webdriver/troubleshooting/errors#no-such-element-exception\nStacktrace:\n#0 0x55b2c8ed171a <unknown>\n#1 0x55b2c8ba2640 <unknown>\n#2 0x55b2c8bf1c0b <unknown>\n#3 0x55b2c8bf1ef1 <unknown>\n#4 0x55b2c8c35b64 <unknown>\n#5 0x55b2c8c1490d <unknown>\n#6 0x55b2c8c3308a <unknown>\n#7 0x55b2c8c14683 <unknown>\n#8 0x55b2c8be4d71 <unknown>\n#9 0x55b2c8be57de <unknown>\n#10 0x55b2c8e992ab <unknown>\n#11 0x55b2c8e9d242 <unknown>\n#12 0x55b2c8e86665 <unknown>\n#13 0x55b2c8e9ddd2 <unknown>\n#14 0x55b2c8e6b2af <unknown>\n#15 0x55b2c8ec0eb8 <unknown>\n#16 0x55b2c8ec1090 <unknown>\n#17 0x55b2c8ed04ec <unknown>\n#18 0x7f9772b5a134 <unknown>","time":{"start":1722906067155,"stop":1722906067448,"duration":293}},{"uid":"37e35f04f569011e","reportUrl":"https://Nat754.github.io/StroyremAutomation/390//#testresult/37e35f04f569011e","status":"skipped","statusDetails":"XFAIL\n\nselenium.common.exceptions.NoSuchElementException: Message: no such element: Unable to locate element: {\"method\":\"xpath\",\"selector\":\"(//a[@class='add-to-cart yellow-btn'])[1]\"}\n  (Session info: chrome-headless-shell=127.0.6533.88); For documentation on this error, please visit: https://www.selenium.dev/documentation/webdriver/troubleshooting/errors#no-such-element-exception\nStacktrace:\n#0 0x5585c0b2371a <unknown>\n#1 0x5585c07f4640 <unknown>\n#2 0x5585c0843c0b <unknown>\n#3 0x5585c0843ef1 <unknown>\n#4 0x5585c0887b64 <unknown>\n#5 0x5585c086690d <unknown>\n#6 0x5585c088508a <unknown>\n#7 0x5585c0866683 <unknown>\n#8 0x5585c0836d71 <unknown>\n#9 0x5585c08377de <unknown>\n#10 0x5585c0aeb2ab <unknown>\n#11 0x5585c0aef242 <unknown>\n#12 0x5585c0ad8665 <unknown>\n#13 0x5585c0aefdd2 <unknown>\n#14 0x5585c0abd2af <unknown>\n#15 0x5585c0b12eb8 <unknown>\n#16 0x5585c0b13090 <unknown>\n#17 0x5585c0b224ec <unknown>\n#18 0x7f34cc4eb134 <unknown>","time":{"start":1722819774954,"stop":1722819775496,"duration":542}},{"uid":"27caaccd7c4cf7d3","reportUrl":"https://Nat754.github.io/StroyremAutomation/389//#testresult/27caaccd7c4cf7d3","status":"skipped","statusDetails":"XFAIL\n\nselenium.common.exceptions.NoSuchElementException: Message: no such element: Unable to locate element: {\"method\":\"xpath\",\"selector\":\"(//a[@class='add-to-cart yellow-btn'])[1]\"}\n  (Session info: chrome-headless-shell=127.0.6533.88); For documentation on this error, please visit: https://www.selenium.dev/documentation/webdriver/troubleshooting/errors#no-such-element-exception\nStacktrace:\n#0 0x55abd29eb71a <unknown>\n#1 0x55abd26bc640 <unknown>\n#2 0x55abd270bc0b <unknown>\n#3 0x55abd270bef1 <unknown>\n#4 0x55abd274fb64 <unknown>\n#5 0x55abd272e90d <unknown>\n#6 0x55abd274d08a <unknown>\n#7 0x55abd272e683 <unknown>\n#8 0x55abd26fed71 <unknown>\n#9 0x55abd26ff7de <unknown>\n#10 0x55abd29b32ab <unknown>\n#11 0x55abd29b7242 <unknown>\n#12 0x55abd29a0665 <unknown>\n#13 0x55abd29b7dd2 <unknown>\n#14 0x55abd29852af <unknown>\n#15 0x55abd29daeb8 <unknown>\n#16 0x55abd29db090 <unknown>\n#17 0x55abd29ea4ec <unknown>\n#18 0x7fe2d5662134 <unknown>","time":{"start":1722733552966,"stop":1722733553397,"duration":431}},{"uid":"89ab9eb058626521","reportUrl":"https://Nat754.github.io/StroyremAutomation/388//#testresult/89ab9eb058626521","status":"skipped","statusDetails":"XFAIL\n\nselenium.common.exceptions.NoSuchElementException: Message: no such element: Unable to locate element: {\"method\":\"xpath\",\"selector\":\"(//a[@class='add-to-cart yellow-btn'])[1]\"}\n  (Session info: chrome-headless-shell=127.0.6533.88); For documentation on this error, please visit: https://www.selenium.dev/documentation/webdriver/troubleshooting/errors#no-such-element-exception\nStacktrace:\n#0 0x55e60efd971a <unknown>\n#1 0x55e60ecaa640 <unknown>\n#2 0x55e60ecf9c0b <unknown>\n#3 0x55e60ecf9ef1 <unknown>\n#4 0x55e60ed3db64 <unknown>\n#5 0x55e60ed1c90d <unknown>\n#6 0x55e60ed3b08a <unknown>\n#7 0x55e60ed1c683 <unknown>\n#8 0x55e60ececd71 <unknown>\n#9 0x55e60eced7de <unknown>\n#10 0x55e60efa12ab <unknown>\n#11 0x55e60efa5242 <unknown>\n#12 0x55e60ef8e665 <unknown>\n#13 0x55e60efa5dd2 <unknown>\n#14 0x55e60ef732af <unknown>\n#15 0x55e60efc8eb8 <unknown>\n#16 0x55e60efc9090 <unknown>\n#17 0x55e60efd84ec <unknown>\n#18 0x7f25d6ea5134 <unknown>","time":{"start":1722646855598,"stop":1722646856024,"duration":426}},{"uid":"a9c6e07711b29e87","reportUrl":"https://Nat754.github.io/StroyremAutomation/387//#testresult/a9c6e07711b29e87","status":"skipped","statusDetails":"XFAIL\n\nselenium.common.exceptions.NoSuchElementException: Message: no such element: Unable to locate element: {\"method\":\"xpath\",\"selector\":\"(//a[@class='add-to-cart yellow-btn'])[1]\"}\n  (Session info: chrome-headless-shell=127.0.6533.88); For documentation on this error, please visit: https://www.selenium.dev/documentation/webdriver/troubleshooting/errors#no-such-element-exception\nStacktrace:\n#0 0x55ac281b971a <unknown>\n#1 0x55ac27e8a640 <unknown>\n#2 0x55ac27ed9c0b <unknown>\n#3 0x55ac27ed9ef1 <unknown>\n#4 0x55ac27f1db64 <unknown>\n#5 0x55ac27efc90d <unknown>\n#6 0x55ac27f1b08a <unknown>\n#7 0x55ac27efc683 <unknown>\n#8 0x55ac27eccd71 <unknown>\n#9 0x55ac27ecd7de <unknown>\n#10 0x55ac281812ab <unknown>\n#11 0x55ac28185242 <unknown>\n#12 0x55ac2816e665 <unknown>\n#13 0x55ac28185dd2 <unknown>\n#14 0x55ac281532af <unknown>\n#15 0x55ac281a8eb8 <unknown>\n#16 0x55ac281a9090 <unknown>\n#17 0x55ac281b84ec <unknown>\n#18 0x7f6cb55fc134 <unknown>","time":{"start":1722560438411,"stop":1722560438940,"duration":529}},{"uid":"b969157e91b1d690","reportUrl":"https://Nat754.github.io/StroyremAutomation/386//#testresult/b969157e91b1d690","status":"skipped","statusDetails":"XFAIL\n\nselenium.common.exceptions.NoSuchElementException: Message: no such element: Unable to locate element: {\"method\":\"xpath\",\"selector\":\"(//a[@class='add-to-cart yellow-btn'])[1]\"}\n  (Session info: chrome-headless-shell=127.0.6533.88); For documentation on this error, please visit: https://www.selenium.dev/documentation/webdriver/troubleshooting/errors#no-such-element-exception\nStacktrace:\n#0 0x55e4cd3ea71a <unknown>\n#1 0x55e4cd0bb640 <unknown>\n#2 0x55e4cd10ac0b <unknown>\n#3 0x55e4cd10aef1 <unknown>\n#4 0x55e4cd14eb64 <unknown>\n#5 0x55e4cd12d90d <unknown>\n#6 0x55e4cd14c08a <unknown>\n#7 0x55e4cd12d683 <unknown>\n#8 0x55e4cd0fdd71 <unknown>\n#9 0x55e4cd0fe7de <unknown>\n#10 0x55e4cd3b22ab <unknown>\n#11 0x55e4cd3b6242 <unknown>\n#12 0x55e4cd39f665 <unknown>\n#13 0x55e4cd3b6dd2 <unknown>\n#14 0x55e4cd3842af <unknown>\n#15 0x55e4cd3d9eb8 <unknown>\n#16 0x55e4cd3da090 <unknown>\n#17 0x55e4cd3e94ec <unknown>\n#18 0x7f145f302134 <unknown>","time":{"start":1722474344006,"stop":1722474344335,"duration":329}},{"uid":"8d98030424bddc8e","reportUrl":"https://Nat754.github.io/StroyremAutomation/385//#testresult/8d98030424bddc8e","status":"skipped","statusDetails":"XFAIL\n\nselenium.common.exceptions.NoSuchElementException: Message: no such element: Unable to locate element: {\"method\":\"xpath\",\"selector\":\"(//a[@class='add-to-cart yellow-btn'])[1]\"}\n  (Session info: chrome-headless-shell=127.0.6533.88); For documentation on this error, please visit: https://www.selenium.dev/documentation/webdriver/troubleshooting/errors#no-such-element-exception\nStacktrace:\n#0 0x56489e2f571a <unknown>\n#1 0x56489dfc6640 <unknown>\n#2 0x56489e015c0b <unknown>\n#3 0x56489e015ef1 <unknown>\n#4 0x56489e059b64 <unknown>\n#5 0x56489e03890d <unknown>\n#6 0x56489e05708a <unknown>\n#7 0x56489e038683 <unknown>\n#8 0x56489e008d71 <unknown>\n#9 0x56489e0097de <unknown>\n#10 0x56489e2bd2ab <unknown>\n#11 0x56489e2c1242 <unknown>\n#12 0x56489e2aa665 <unknown>\n#13 0x56489e2c1dd2 <unknown>\n#14 0x56489e28f2af <unknown>\n#15 0x56489e2e4eb8 <unknown>\n#16 0x56489e2e5090 <unknown>\n#17 0x56489e2f44ec <unknown>\n#18 0x7f09fc418134 <unknown>","time":{"start":1722387038504,"stop":1722387038921,"duration":417}},{"uid":"e2315e4e98ebf931","reportUrl":"https://Nat754.github.io/StroyremAutomation/384//#testresult/e2315e4e98ebf931","status":"skipped","statusDetails":"XFAIL\n\nselenium.common.exceptions.NoSuchElementException: Message: no such element: Unable to locate element: {\"method\":\"xpath\",\"selector\":\"(//a[@class='add-to-cart yellow-btn'])[1]\"}\n  (Session info: chrome-headless-shell=127.0.6533.72); For documentation on this error, please visit: https://www.selenium.dev/documentation/webdriver/troubleshooting/errors#no-such-element-exception\nStacktrace:\n#0 0x5616f4f126ba <unknown>\n#1 0x5616f4be2730 <unknown>\n#2 0x5616f4c31d9b <unknown>\n#3 0x5616f4c32081 <unknown>\n#4 0x5616f4c75cd4 <unknown>\n#5 0x5616f4c54a7d <unknown>\n#6 0x5616f4c731ca <unknown>\n#7 0x5616f4c547f3 <unknown>\n#8 0x5616f4c24ec9 <unknown>\n#9 0x5616f4c2591e <unknown>\n#10 0x5616f4ed89eb <unknown>\n#11 0x5616f4edc972 <unknown>\n#12 0x5616f4ec5e15 <unknown>\n#13 0x5616f4edd502 <unknown>\n#14 0x5616f4eaad2f <unknown>\n#15 0x5616f4f01578 <unknown>\n#16 0x5616f4f01750 <unknown>\n#17 0x5616f4f1148c <unknown>\n#18 0x7f1879c63134 <unknown>","time":{"start":1722301223713,"stop":1722301224120,"duration":407}},{"uid":"c39a28ac143ac1e4","reportUrl":"https://Nat754.github.io/StroyremAutomation/383//#testresult/c39a28ac143ac1e4","status":"skipped","statusDetails":"XFAIL\n\nselenium.common.exceptions.NoSuchElementException: Message: no such element: Unable to locate element: {\"method\":\"xpath\",\"selector\":\"(//a[@class='add-to-cart yellow-btn'])[1]\"}\n  (Session info: chrome-headless-shell=127.0.6533.72); For documentation on this error, please visit: https://www.selenium.dev/documentation/webdriver/troubleshooting/errors#no-such-element-exception\nStacktrace:\n#0 0x5593772e36ba <unknown>\n#1 0x559376fb3730 <unknown>\n#2 0x559377002d9b <unknown>\n#3 0x559377003081 <unknown>\n#4 0x559377046cd4 <unknown>\n#5 0x559377025a7d <unknown>\n#6 0x5593770441ca <unknown>\n#7 0x5593770257f3 <unknown>\n#8 0x559376ff5ec9 <unknown>\n#9 0x559376ff691e <unknown>\n#10 0x5593772a99eb <unknown>\n#11 0x5593772ad972 <unknown>\n#12 0x559377296e15 <unknown>\n#13 0x5593772ae502 <unknown>\n#14 0x55937727bd2f <unknown>\n#15 0x5593772d2578 <unknown>\n#16 0x5593772d2750 <unknown>\n#17 0x5593772e248c <unknown>\n#18 0x7fd0f8b53134 <unknown>","time":{"start":1722214917435,"stop":1722214917738,"duration":303}},{"uid":"f7b75e3e41d841ad","reportUrl":"https://Nat754.github.io/StroyremAutomation/382//#testresult/f7b75e3e41d841ad","status":"skipped","statusDetails":"XFAIL\n\nselenium.common.exceptions.NoSuchElementException: Message: no such element: Unable to locate element: {\"method\":\"xpath\",\"selector\":\"(//a[@class='add-to-cart yellow-btn'])[1]\"}\n  (Session info: chrome-headless-shell=127.0.6533.72); For documentation on this error, please visit: https://www.selenium.dev/documentation/webdriver/troubleshooting/errors#no-such-element-exception\nStacktrace:\n#0 0x55dfb0be86ba <unknown>\n#1 0x55dfb08b8730 <unknown>\n#2 0x55dfb0907d9b <unknown>\n#3 0x55dfb0908081 <unknown>\n#4 0x55dfb094bcd4 <unknown>\n#5 0x55dfb092aa7d <unknown>\n#6 0x55dfb09491ca <unknown>\n#7 0x55dfb092a7f3 <unknown>\n#8 0x55dfb08faec9 <unknown>\n#9 0x55dfb08fb91e <unknown>\n#10 0x55dfb0bae9eb <unknown>\n#11 0x55dfb0bb2972 <unknown>\n#12 0x55dfb0b9be15 <unknown>\n#13 0x55dfb0bb3502 <unknown>\n#14 0x55dfb0b80d2f <unknown>\n#15 0x55dfb0bd7578 <unknown>\n#16 0x55dfb0bd7750 <unknown>\n#17 0x55dfb0be748c <unknown>\n#18 0x7ff4e79e0134 <unknown>","time":{"start":1722128711798,"stop":1722128712124,"duration":326}}]},"tags":["@pytest.mark.xfail","smoke_test"]},"source":"34306d90d6ba1471.json","parameterValues":["3320","16","'TD 018'","2490","'products/shtukaturka-gipsovaya-aksolit-m50-30-kg-mashinnogo-naneseniya'","850","'https://sandboxtest.stroyrem-nn.ru/'","500"]}