{"uid":"6db8271773f250f9","name":"TD 021 Доставка товара весом до 4500кг. в синей зоне","fullName":"tests.delivery.test_delivery_calculation.TestDeliveryPageCalculation#test_positive_delivery_blue_zone_smoke","historyId":"4272fd29f73ebe2bebbe6ac82260cc7b","time":{"start":1695517198999,"stop":1695517199396,"duration":397},"status":"skipped","statusMessage":"XFAIL\n\nselenium.common.exceptions.NoSuchElementException: Message: no such element: Unable to locate element: {\"method\":\"xpath\",\"selector\":\"(//a[@class='add-to-cart yellow-btn'])[1]\"}\n  (Session info: headless chrome=117.0.5938.92); For documentation on this error, please visit: https://www.selenium.dev/documentation/webdriver/troubleshooting/errors#no-such-element-exception\nStacktrace:\n#0 0x5578d7e8c6b3 <unknown>\n#1 0x5578d7b621e7 <unknown>\n#2 0x5578d7ba9566 <unknown>\n#3 0x5578d7ba9651 <unknown>\n#4 0x5578d7be6a74 <unknown>\n#5 0x5578d7bcb0ed <unknown>\n#6 0x5578d7be4322 <unknown>\n#7 0x5578d7bcae93 <unknown>\n#8 0x5578d7b9d934 <unknown>\n#9 0x5578d7b9e71e <unknown>\n#10 0x5578d7e51cb8 <unknown>\n#11 0x5578d7e55bf0 <unknown>\n#12 0x5578d7e6019c <unknown>\n#13 0x5578d7e56808 <unknown>\n#14 0x5578d7e2327f <unknown>\n#15 0x5578d7e7ae88 <unknown>\n#16 0x5578d7e7b059 <unknown>\n#17 0x5578d7e8b843 <unknown>\n#18 0x7f2d478ee044 <unknown>","statusTrace":"self = <tests.delivery.test_delivery_calculation.TestDeliveryPageCalculation object at 0x7ff6ac3c1950>\ndriver = <selenium.webdriver.chrome.webdriver.WebDriver (session=\"20fd546c8b063171a46e5f6ff3056dd7\")>\nurl = 'https://sandboxtest.stroyrem-nn.ru/', case_id = 'TD 021'\nlink_item = 'products/shtukaturka-gipsovaya-aksolit-m50-30-kg-mashinnogo-naneseniya'\namount = 149, weight = 4500, standard = 2600, in_time = 4380, all_time = 4890\n\n    @pytest.mark.parametrize('case_id, link_item, amount, weight, standard, in_time, all_time', [\n        (\"TD 015\", bundeks_25, 1, 30, 650, 2390, 3320),\n        pytest.param(\n            \"TD 016\", aksolit_30, 8, 300, 650, 2390, 3320,\n            marks=pytest.mark.xfail(reson=\"Цена доставки: - - -\")\n        ),\n        (\"TD 017\", aksolit_30, 13, 400, 650, 2390, 3320),\n        (\"TD 018\", aksolit_30, 16, 500, 850, 2490, 3320),\n        (\"TD 019\", aksolit_30, 25, 1700, 1150, 2490, 3320),\n        (\"TD 020\", aksolit_30, 66, 2000, 1500, 2990, 3650),\n        (\"TD 021\", aksolit_30, 149, 4500, 2600, 4380, 4890),\n        (\"TD 022\", aksolit_30, 166, 5000, 2800, 5490, 5980),\n        pytest.param(\n            \"TD 023\", aksolit_30, 206, 6200, 3300, 7500, 8000,\n            marks=pytest.mark.xfail(reson=\"Цена доставки: 4300 9900 11440\")\n        ),\n        (\"TD 024\", aksolit_30, 299, 9000, 4300, 9900, 11440),\n        (\"TD 025\", aksolit_30, 333, 10000, 7000, 13900, 15900),\n        pytest.param(\n            \"TD 026\", aksolit_30, 366, 11000, 8000, 14900, 19900,\n            marks=pytest.mark.xfail(reson=\"Цена доставки: 7000 13900 15900\")\n        ),\n        pytest.param(\n            \"TD 027\", aksolit_30, 666, 20000, 14000, 16900, 23900,\n            marks=pytest.mark.xfail(reson=\"Цена доставки: 7000 13900 15900\")\n        )\n    ])\n    @pytest.mark.xfail\n    @pytest.mark.smoke_test\n    def test_positive_delivery_blue_zone_smoke(\n            self, driver, url, case_id, link_item, amount, weight, standard, in_time, all_time\n    ):\n        allure.dynamic.title(f\"{case_id} Доставка товара весом до {weight}кг. в синей зоне\")\n    \n        driver.get(f'{url}{link_item}')\n        item_page = ItemPage(driver)\n>       item_page.add_item_to_cart(amount).click_on_cart()\n\ntests/delivery/test_delivery_calculation.py:132: \n_ _ _ _ _ _ _ _ _ _ _ _ _ _ _ _ _ _ _ _ _ _ _ _ _ _ _ _ _ _ _ _ _ _ _ _ _ _ _ _ \npages/item_page.py:40: in add_item_to_cart\n    self.find_element(self._add_item).click()\nbase/seleniumbase.py:17: in find_element\n    return self.driver.find_element(*locator)\n/usr/local/lib/python3.11/site-packages/selenium/webdriver/remote/webdriver.py:739: in find_element\n    return self.execute(Command.FIND_ELEMENT, {\"using\": by, \"value\": value})[\"value\"]\n/usr/local/lib/python3.11/site-packages/selenium/webdriver/remote/webdriver.py:345: in execute\n    self.error_handler.check_response(response)\n_ _ _ _ _ _ _ _ _ _ _ _ _ _ _ _ _ _ _ _ _ _ _ _ _ _ _ _ _ _ _ _ _ _ _ _ _ _ _ _ \n\nself = <selenium.webdriver.remote.errorhandler.ErrorHandler object at 0x7ff6abf6ad10>\nresponse = {'status': 404, 'value': '{\"value\":{\"error\":\"no such element\",\"message\":\"no such element: Unable to locate element: {\\...\\\\n#16 0x5578d7e7b059 \\\\u003Cunknown>\\\\n#17 0x5578d7e8b843 \\\\u003Cunknown>\\\\n#18 0x7f2d478ee044 \\\\u003Cunknown>\\\\n\"}}'}\n\n    def check_response(self, response: Dict[str, Any]) -> None:\n        \"\"\"Checks that a JSON response from the WebDriver does not have an\n        error.\n    \n        :Args:\n         - response - The JSON response from the WebDriver server as a dictionary\n           object.\n    \n        :Raises: If the response contains an error message.\n        \"\"\"\n        status = response.get(\"status\", None)\n        if not status or status == ErrorCode.SUCCESS:\n            return\n        value = None\n        message = response.get(\"message\", \"\")\n        screen: str = response.get(\"screen\", \"\")\n        stacktrace = None\n        if isinstance(status, int):\n            value_json = response.get(\"value\", None)\n            if value_json and isinstance(value_json, str):\n                import json\n    \n                try:\n                    value = json.loads(value_json)\n                    if len(value) == 1:\n                        value = value[\"value\"]\n                    status = value.get(\"error\", None)\n                    if not status:\n                        status = value.get(\"status\", ErrorCode.UNKNOWN_ERROR)\n                        message = value.get(\"value\") or value.get(\"message\")\n                        if not isinstance(message, str):\n                            value = message\n                            message = message.get(\"message\")\n                    else:\n                        message = value.get(\"message\", None)\n                except ValueError:\n                    pass\n    \n        exception_class: Type[WebDriverException]\n        e = ErrorCode()\n        error_codes = [item for item in dir(e) if not item.startswith(\"__\")]\n        for error_code in error_codes:\n            error_info = getattr(ErrorCode, error_code)\n            if isinstance(error_info, list) and status in error_info:\n                exception_class = getattr(ExceptionMapping, error_code, WebDriverException)\n                break\n        else:\n            exception_class = WebDriverException\n    \n        if not value:\n            value = response[\"value\"]\n        if isinstance(value, str):\n            raise exception_class(value)\n        if message == \"\" and \"message\" in value:\n            message = value[\"message\"]\n    \n        screen = None  # type: ignore[assignment]\n        if \"screen\" in value:\n            screen = value[\"screen\"]\n    \n        stacktrace = None\n        st_value = value.get(\"stackTrace\") or value.get(\"stacktrace\")\n        if st_value:\n            if isinstance(st_value, str):\n                stacktrace = st_value.split(\"\\n\")\n            else:\n                stacktrace = []\n                try:\n                    for frame in st_value:\n                        line = frame.get(\"lineNumber\", \"\")\n                        file = frame.get(\"fileName\", \"<anonymous>\")\n                        if line:\n                            file = f\"{file}:{line}\"\n                        meth = frame.get(\"methodName\", \"<anonymous>\")\n                        if \"className\" in frame:\n                            meth = f\"{frame['className']}.{meth}\"\n                        msg = \"    at %s (%s)\"\n                        msg = msg % (meth, file)\n                        stacktrace.append(msg)\n                except TypeError:\n                    pass\n        if exception_class == UnexpectedAlertPresentException:\n            alert_text = None\n            if \"data\" in value:\n                alert_text = value[\"data\"].get(\"text\")\n            elif \"alert\" in value:\n                alert_text = value[\"alert\"].get(\"text\")\n            raise exception_class(message, screen, stacktrace, alert_text)  # type: ignore[call-arg]  # mypy is not smart enough here\n>       raise exception_class(message, screen, stacktrace)\nE       selenium.common.exceptions.NoSuchElementException: Message: no such element: Unable to locate element: {\"method\":\"xpath\",\"selector\":\"(//a[@class='add-to-cart yellow-btn'])[1]\"}\nE         (Session info: headless chrome=117.0.5938.92); For documentation on this error, please visit: https://www.selenium.dev/documentation/webdriver/troubleshooting/errors#no-such-element-exception\nE       Stacktrace:\nE       #0 0x5578d7e8c6b3 <unknown>\nE       #1 0x5578d7b621e7 <unknown>\nE       #2 0x5578d7ba9566 <unknown>\nE       #3 0x5578d7ba9651 <unknown>\nE       #4 0x5578d7be6a74 <unknown>\nE       #5 0x5578d7bcb0ed <unknown>\nE       #6 0x5578d7be4322 <unknown>\nE       #7 0x5578d7bcae93 <unknown>\nE       #8 0x5578d7b9d934 <unknown>\nE       #9 0x5578d7b9e71e <unknown>\nE       #10 0x5578d7e51cb8 <unknown>\nE       #11 0x5578d7e55bf0 <unknown>\nE       #12 0x5578d7e6019c <unknown>\nE       #13 0x5578d7e56808 <unknown>\nE       #14 0x5578d7e2327f <unknown>\nE       #15 0x5578d7e7ae88 <unknown>\nE       #16 0x5578d7e7b059 <unknown>\nE       #17 0x5578d7e8b843 <unknown>\nE       #18 0x7f2d478ee044 <unknown>\n\n/usr/local/lib/python3.11/site-packages/selenium/webdriver/remote/errorhandler.py:229: NoSuchElementException","flaky":false,"newFailed":false,"newBroken":false,"newPassed":false,"retriesCount":0,"retriesStatusChange":false,"beforeStages":[{"name":"_session_faker","time":{"start":1695516613171,"stop":1695516613251,"duration":80},"status":"passed","steps":[],"attachments":[],"parameters":[],"shouldDisplayMessage":false,"stepsCount":0,"attachmentsCount":0,"hasContent":false},{"name":"clear_allure_results_folder","time":{"start":1695516613252,"stop":1695516613252,"duration":0},"status":"passed","steps":[],"attachments":[],"parameters":[],"shouldDisplayMessage":false,"stepsCount":0,"attachmentsCount":0,"hasContent":false},{"name":"driver","time":{"start":1695517198173,"stop":1695517198997,"duration":824},"status":"passed","steps":[],"attachments":[],"parameters":[],"shouldDisplayMessage":false,"stepsCount":0,"attachmentsCount":0,"hasContent":false},{"name":"setup","time":{"start":1695517198997,"stop":1695517198997,"duration":0},"status":"passed","steps":[],"attachments":[],"parameters":[],"shouldDisplayMessage":false,"stepsCount":0,"attachmentsCount":0,"hasContent":false}],"testStage":{"status":"skipped","statusMessage":"XFAIL\n\nselenium.common.exceptions.NoSuchElementException: Message: no such element: Unable to locate element: {\"method\":\"xpath\",\"selector\":\"(//a[@class='add-to-cart yellow-btn'])[1]\"}\n  (Session info: headless chrome=117.0.5938.92); For documentation on this error, please visit: https://www.selenium.dev/documentation/webdriver/troubleshooting/errors#no-such-element-exception\nStacktrace:\n#0 0x5578d7e8c6b3 <unknown>\n#1 0x5578d7b621e7 <unknown>\n#2 0x5578d7ba9566 <unknown>\n#3 0x5578d7ba9651 <unknown>\n#4 0x5578d7be6a74 <unknown>\n#5 0x5578d7bcb0ed <unknown>\n#6 0x5578d7be4322 <unknown>\n#7 0x5578d7bcae93 <unknown>\n#8 0x5578d7b9d934 <unknown>\n#9 0x5578d7b9e71e <unknown>\n#10 0x5578d7e51cb8 <unknown>\n#11 0x5578d7e55bf0 <unknown>\n#12 0x5578d7e6019c <unknown>\n#13 0x5578d7e56808 <unknown>\n#14 0x5578d7e2327f <unknown>\n#15 0x5578d7e7ae88 <unknown>\n#16 0x5578d7e7b059 <unknown>\n#17 0x5578d7e8b843 <unknown>\n#18 0x7f2d478ee044 <unknown>","statusTrace":"self = <tests.delivery.test_delivery_calculation.TestDeliveryPageCalculation object at 0x7ff6ac3c1950>\ndriver = <selenium.webdriver.chrome.webdriver.WebDriver (session=\"20fd546c8b063171a46e5f6ff3056dd7\")>\nurl = 'https://sandboxtest.stroyrem-nn.ru/', case_id = 'TD 021'\nlink_item = 'products/shtukaturka-gipsovaya-aksolit-m50-30-kg-mashinnogo-naneseniya'\namount = 149, weight = 4500, standard = 2600, in_time = 4380, all_time = 4890\n\n    @pytest.mark.parametrize('case_id, link_item, amount, weight, standard, in_time, all_time', [\n        (\"TD 015\", bundeks_25, 1, 30, 650, 2390, 3320),\n        pytest.param(\n            \"TD 016\", aksolit_30, 8, 300, 650, 2390, 3320,\n            marks=pytest.mark.xfail(reson=\"Цена доставки: - - -\")\n        ),\n        (\"TD 017\", aksolit_30, 13, 400, 650, 2390, 3320),\n        (\"TD 018\", aksolit_30, 16, 500, 850, 2490, 3320),\n        (\"TD 019\", aksolit_30, 25, 1700, 1150, 2490, 3320),\n        (\"TD 020\", aksolit_30, 66, 2000, 1500, 2990, 3650),\n        (\"TD 021\", aksolit_30, 149, 4500, 2600, 4380, 4890),\n        (\"TD 022\", aksolit_30, 166, 5000, 2800, 5490, 5980),\n        pytest.param(\n            \"TD 023\", aksolit_30, 206, 6200, 3300, 7500, 8000,\n            marks=pytest.mark.xfail(reson=\"Цена доставки: 4300 9900 11440\")\n        ),\n        (\"TD 024\", aksolit_30, 299, 9000, 4300, 9900, 11440),\n        (\"TD 025\", aksolit_30, 333, 10000, 7000, 13900, 15900),\n        pytest.param(\n            \"TD 026\", aksolit_30, 366, 11000, 8000, 14900, 19900,\n            marks=pytest.mark.xfail(reson=\"Цена доставки: 7000 13900 15900\")\n        ),\n        pytest.param(\n            \"TD 027\", aksolit_30, 666, 20000, 14000, 16900, 23900,\n            marks=pytest.mark.xfail(reson=\"Цена доставки: 7000 13900 15900\")\n        )\n    ])\n    @pytest.mark.xfail\n    @pytest.mark.smoke_test\n    def test_positive_delivery_blue_zone_smoke(\n            self, driver, url, case_id, link_item, amount, weight, standard, in_time, all_time\n    ):\n        allure.dynamic.title(f\"{case_id} Доставка товара весом до {weight}кг. в синей зоне\")\n    \n        driver.get(f'{url}{link_item}')\n        item_page = ItemPage(driver)\n>       item_page.add_item_to_cart(amount).click_on_cart()\n\ntests/delivery/test_delivery_calculation.py:132: \n_ _ _ _ _ _ _ _ _ _ _ _ _ _ _ _ _ _ _ _ _ _ _ _ _ _ _ _ _ _ _ _ _ _ _ _ _ _ _ _ \npages/item_page.py:40: in add_item_to_cart\n    self.find_element(self._add_item).click()\nbase/seleniumbase.py:17: in find_element\n    return self.driver.find_element(*locator)\n/usr/local/lib/python3.11/site-packages/selenium/webdriver/remote/webdriver.py:739: in find_element\n    return self.execute(Command.FIND_ELEMENT, {\"using\": by, \"value\": value})[\"value\"]\n/usr/local/lib/python3.11/site-packages/selenium/webdriver/remote/webdriver.py:345: in execute\n    self.error_handler.check_response(response)\n_ _ _ _ _ _ _ _ _ _ _ _ _ _ _ _ _ _ _ _ _ _ _ _ _ _ _ _ _ _ _ _ _ _ _ _ _ _ _ _ \n\nself = <selenium.webdriver.remote.errorhandler.ErrorHandler object at 0x7ff6abf6ad10>\nresponse = {'status': 404, 'value': '{\"value\":{\"error\":\"no such element\",\"message\":\"no such element: Unable to locate element: {\\...\\\\n#16 0x5578d7e7b059 \\\\u003Cunknown>\\\\n#17 0x5578d7e8b843 \\\\u003Cunknown>\\\\n#18 0x7f2d478ee044 \\\\u003Cunknown>\\\\n\"}}'}\n\n    def check_response(self, response: Dict[str, Any]) -> None:\n        \"\"\"Checks that a JSON response from the WebDriver does not have an\n        error.\n    \n        :Args:\n         - response - The JSON response from the WebDriver server as a dictionary\n           object.\n    \n        :Raises: If the response contains an error message.\n        \"\"\"\n        status = response.get(\"status\", None)\n        if not status or status == ErrorCode.SUCCESS:\n            return\n        value = None\n        message = response.get(\"message\", \"\")\n        screen: str = response.get(\"screen\", \"\")\n        stacktrace = None\n        if isinstance(status, int):\n            value_json = response.get(\"value\", None)\n            if value_json and isinstance(value_json, str):\n                import json\n    \n                try:\n                    value = json.loads(value_json)\n                    if len(value) == 1:\n                        value = value[\"value\"]\n                    status = value.get(\"error\", None)\n                    if not status:\n                        status = value.get(\"status\", ErrorCode.UNKNOWN_ERROR)\n                        message = value.get(\"value\") or value.get(\"message\")\n                        if not isinstance(message, str):\n                            value = message\n                            message = message.get(\"message\")\n                    else:\n                        message = value.get(\"message\", None)\n                except ValueError:\n                    pass\n    \n        exception_class: Type[WebDriverException]\n        e = ErrorCode()\n        error_codes = [item for item in dir(e) if not item.startswith(\"__\")]\n        for error_code in error_codes:\n            error_info = getattr(ErrorCode, error_code)\n            if isinstance(error_info, list) and status in error_info:\n                exception_class = getattr(ExceptionMapping, error_code, WebDriverException)\n                break\n        else:\n            exception_class = WebDriverException\n    \n        if not value:\n            value = response[\"value\"]\n        if isinstance(value, str):\n            raise exception_class(value)\n        if message == \"\" and \"message\" in value:\n            message = value[\"message\"]\n    \n        screen = None  # type: ignore[assignment]\n        if \"screen\" in value:\n            screen = value[\"screen\"]\n    \n        stacktrace = None\n        st_value = value.get(\"stackTrace\") or value.get(\"stacktrace\")\n        if st_value:\n            if isinstance(st_value, str):\n                stacktrace = st_value.split(\"\\n\")\n            else:\n                stacktrace = []\n                try:\n                    for frame in st_value:\n                        line = frame.get(\"lineNumber\", \"\")\n                        file = frame.get(\"fileName\", \"<anonymous>\")\n                        if line:\n                            file = f\"{file}:{line}\"\n                        meth = frame.get(\"methodName\", \"<anonymous>\")\n                        if \"className\" in frame:\n                            meth = f\"{frame['className']}.{meth}\"\n                        msg = \"    at %s (%s)\"\n                        msg = msg % (meth, file)\n                        stacktrace.append(msg)\n                except TypeError:\n                    pass\n        if exception_class == UnexpectedAlertPresentException:\n            alert_text = None\n            if \"data\" in value:\n                alert_text = value[\"data\"].get(\"text\")\n            elif \"alert\" in value:\n                alert_text = value[\"alert\"].get(\"text\")\n            raise exception_class(message, screen, stacktrace, alert_text)  # type: ignore[call-arg]  # mypy is not smart enough here\n>       raise exception_class(message, screen, stacktrace)\nE       selenium.common.exceptions.NoSuchElementException: Message: no such element: Unable to locate element: {\"method\":\"xpath\",\"selector\":\"(//a[@class='add-to-cart yellow-btn'])[1]\"}\nE         (Session info: headless chrome=117.0.5938.92); For documentation on this error, please visit: https://www.selenium.dev/documentation/webdriver/troubleshooting/errors#no-such-element-exception\nE       Stacktrace:\nE       #0 0x5578d7e8c6b3 <unknown>\nE       #1 0x5578d7b621e7 <unknown>\nE       #2 0x5578d7ba9566 <unknown>\nE       #3 0x5578d7ba9651 <unknown>\nE       #4 0x5578d7be6a74 <unknown>\nE       #5 0x5578d7bcb0ed <unknown>\nE       #6 0x5578d7be4322 <unknown>\nE       #7 0x5578d7bcae93 <unknown>\nE       #8 0x5578d7b9d934 <unknown>\nE       #9 0x5578d7b9e71e <unknown>\nE       #10 0x5578d7e51cb8 <unknown>\nE       #11 0x5578d7e55bf0 <unknown>\nE       #12 0x5578d7e6019c <unknown>\nE       #13 0x5578d7e56808 <unknown>\nE       #14 0x5578d7e2327f <unknown>\nE       #15 0x5578d7e7ae88 <unknown>\nE       #16 0x5578d7e7b059 <unknown>\nE       #17 0x5578d7e8b843 <unknown>\nE       #18 0x7f2d478ee044 <unknown>\n\n/usr/local/lib/python3.11/site-packages/selenium/webdriver/remote/errorhandler.py:229: NoSuchElementException","steps":[{"name":"Добавляем товар в корзину в количестве 149","time":{"start":1695517199381,"stop":1695517199396,"duration":15},"status":"broken","statusMessage":"selenium.common.exceptions.NoSuchElementException: Message: no such element: Unable to locate element: {\"method\":\"xpath\",\"selector\":\"(//a[@class='add-to-cart yellow-btn'])[1]\"}\n  (Session info: headless chrome=117.0.5938.92); For documentation on this error, please visit: https://www.selenium.dev/documentation/webdriver/troubleshooting/errors#no-such-element-exception\nStacktrace:\n#0 0x5578d7e8c6b3 <unknown>\n#1 0x5578d7b621e7 <unknown>\n#2 0x5578d7ba9566 <unknown>\n#3 0x5578d7ba9651 <unknown>\n#4 0x5578d7be6a74 <unknown>\n#5 0x5578d7bcb0ed <unknown>\n#6 0x5578d7be4322 <unknown>\n#7 0x5578d7bcae93 <unknown>\n#8 0x5578d7b9d934 <unknown>\n#9 0x5578d7b9e71e <unknown>\n#10 0x5578d7e51cb8 <unknown>\n#11 0x5578d7e55bf0 <unknown>\n#12 0x5578d7e6019c <unknown>\n#13 0x5578d7e56808 <unknown>\n#14 0x5578d7e2327f <unknown>\n#15 0x5578d7e7ae88 <unknown>\n#16 0x5578d7e7b059 <unknown>\n#17 0x5578d7e8b843 <unknown>\n#18 0x7f2d478ee044 <unknown>\n\n","statusTrace":"  File \"/usr/local/lib/python3.11/site-packages/allure_commons/_allure.py\", line 192, in impl\n    return func(*a, **kw)\n           ^^^^^^^^^^^^^^\n  File \"/app/pages/item_page.py\", line 40, in add_item_to_cart\n    self.find_element(self._add_item).click()\n    ^^^^^^^^^^^^^^^^^^^^^^^^^^^^^^^^^\n  File \"/app/base/seleniumbase.py\", line 17, in find_element\n    return self.driver.find_element(*locator)\n           ^^^^^^^^^^^^^^^^^^^^^^^^^^^^^^^^^^\n  File \"/usr/local/lib/python3.11/site-packages/selenium/webdriver/remote/webdriver.py\", line 739, in find_element\n    return self.execute(Command.FIND_ELEMENT, {\"using\": by, \"value\": value})[\"value\"]\n           ^^^^^^^^^^^^^^^^^^^^^^^^^^^^^^^^^^^^^^^^^^^^^^^^^^^^^^^^^^^^^^^^^\n  File \"/usr/local/lib/python3.11/site-packages/selenium/webdriver/remote/webdriver.py\", line 345, in execute\n    self.error_handler.check_response(response)\n  File \"/usr/local/lib/python3.11/site-packages/selenium/webdriver/remote/errorhandler.py\", line 229, in check_response\n    raise exception_class(message, screen, stacktrace)\n","steps":[],"attachments":[],"parameters":[{"name":"amount","value":"149"}],"shouldDisplayMessage":true,"stepsCount":0,"attachmentsCount":0,"hasContent":true}],"attachments":[{"uid":"a81acd7ef905b535","name":"Screenshot","source":"a81acd7ef905b535.png","type":"image/png","size":39917},{"uid":"6ae81af7cf78169","name":"HTML source","source":"6ae81af7cf78169.html","type":"text/html","size":544}],"parameters":[],"shouldDisplayMessage":true,"stepsCount":1,"attachmentsCount":2,"hasContent":true},"afterStages":[{"name":"setup::0","time":{"start":1695517199515,"stop":1695517199515,"duration":0},"status":"passed","steps":[],"attachments":[],"parameters":[],"shouldDisplayMessage":false,"stepsCount":0,"attachmentsCount":0,"hasContent":false},{"name":"driver::0","time":{"start":1695517199516,"stop":1695517199572,"duration":56},"status":"passed","steps":[],"attachments":[],"parameters":[],"shouldDisplayMessage":false,"stepsCount":0,"attachmentsCount":0,"hasContent":false}],"labels":[{"name":"epic","value":"Delivery Page - calculation"},{"name":"tag","value":"smoke_test"},{"name":"tag","value":"@pytest.mark.xfail"},{"name":"parentSuite","value":"tests.delivery"},{"name":"suite","value":"test_delivery_calculation"},{"name":"subSuite","value":"TestDeliveryPageCalculation"},{"name":"host","value":"913a9a7e9a42"},{"name":"thread","value":"1-MainThread"},{"name":"framework","value":"pytest"},{"name":"language","value":"cpython3"},{"name":"package","value":"tests.delivery.test_delivery_calculation"},{"name":"resultFormat","value":"allure2"}],"parameters":[{"name":"all_time","value":"4890"},{"name":"amount","value":"149"},{"name":"case_id","value":"'TD 021'"},{"name":"in_time","value":"4380"},{"name":"link_item","value":"'products/shtukaturka-gipsovaya-aksolit-m50-30-kg-mashinnogo-naneseniya'"},{"name":"standard","value":"2600"},{"name":"url","value":"'https://sandboxtest.stroyrem-nn.ru/'"},{"name":"weight","value":"4500"}],"links":[],"hidden":false,"retry":false,"extra":{"severity":"normal","retries":[],"categories":[],"history":{"statistic":{"failed":0,"broken":13,"skipped":31,"passed":0,"unknown":0,"total":44},"items":[{"uid":"108c0d7a708e2f50","reportUrl":"https://Nat754.github.io/StroyremAutomation/72//#testresult/108c0d7a708e2f50","status":"skipped","statusDetails":"XFAIL\n\nselenium.common.exceptions.NoSuchElementException: Message: no such element: Unable to locate element: {\"method\":\"xpath\",\"selector\":\"(//a[@class='add-to-cart yellow-btn'])[1]\"}\n  (Session info: headless chrome=117.0.5938.92); For documentation on this error, please visit: https://www.selenium.dev/documentation/webdriver/troubleshooting/errors#no-such-element-exception\nStacktrace:\n#0 0x55d053b286b3 <unknown>\n#1 0x55d0537fe1e7 <unknown>\n#2 0x55d053845566 <unknown>\n#3 0x55d053845651 <unknown>\n#4 0x55d053882a74 <unknown>\n#5 0x55d0538670ed <unknown>\n#6 0x55d053880322 <unknown>\n#7 0x55d053866e93 <unknown>\n#8 0x55d053839934 <unknown>\n#9 0x55d05383a71e <unknown>\n#10 0x55d053aedcb8 <unknown>\n#11 0x55d053af1bf0 <unknown>\n#12 0x55d053afc19c <unknown>\n#13 0x55d053af2808 <unknown>\n#14 0x55d053abf27f <unknown>\n#15 0x55d053b16e88 <unknown>\n#16 0x55d053b17059 <unknown>\n#17 0x55d053b27843 <unknown>\n#18 0x7fc91f6af044 <unknown>","time":{"start":1695430717493,"stop":1695430718339,"duration":846}},{"uid":"465636139cf12c6f","reportUrl":"https://Nat754.github.io/StroyremAutomation/71//#testresult/465636139cf12c6f","status":"skipped","statusDetails":"XFAIL\n\nselenium.common.exceptions.NoSuchElementException: Message: no such element: Unable to locate element: {\"method\":\"xpath\",\"selector\":\"(//a[@class='add-to-cart yellow-btn'])[1]\"}\n  (Session info: headless chrome=117.0.5938.92); For documentation on this error, please visit: https://www.selenium.dev/documentation/webdriver/troubleshooting/errors#no-such-element-exception\nStacktrace:\n#0 0x557f5cd866b3 <unknown>\n#1 0x557f5ca5c1e7 <unknown>\n#2 0x557f5caa3566 <unknown>\n#3 0x557f5caa3651 <unknown>\n#4 0x557f5cae0a74 <unknown>\n#5 0x557f5cac50ed <unknown>\n#6 0x557f5cade322 <unknown>\n#7 0x557f5cac4e93 <unknown>\n#8 0x557f5ca97934 <unknown>\n#9 0x557f5ca9871e <unknown>\n#10 0x557f5cd4bcb8 <unknown>\n#11 0x557f5cd4fbf0 <unknown>\n#12 0x557f5cd5a19c <unknown>\n#13 0x557f5cd50808 <unknown>\n#14 0x557f5cd1d27f <unknown>\n#15 0x557f5cd74e88 <unknown>\n#16 0x557f5cd75059 <unknown>\n#17 0x557f5cd85843 <unknown>\n#18 0x7f5741104044 <unknown>","time":{"start":1695406027451,"stop":1695406028071,"duration":620}},{"uid":"7750b74c597a291e","reportUrl":"https://Nat754.github.io/StroyremAutomation/71//#testresult/7750b74c597a291e","status":"skipped","statusDetails":"XFAIL\n\nselenium.common.exceptions.NoSuchElementException: Message: no such element: Unable to locate element: {\"method\":\"xpath\",\"selector\":\"(//a[@class='add-to-cart yellow-btn'])[1]\"}\n  (Session info: headless chrome=117.0.5938.92); For documentation on this error, please visit: https://www.selenium.dev/documentation/webdriver/troubleshooting/errors#no-such-element-exception\nStacktrace:\n#0 0x5576fdd806b3 <unknown>\n#1 0x5576fda561e7 <unknown>\n#2 0x5576fda9d566 <unknown>\n#3 0x5576fda9d651 <unknown>\n#4 0x5576fdadaa74 <unknown>\n#5 0x5576fdabf0ed <unknown>\n#6 0x5576fdad8322 <unknown>\n#7 0x5576fdabee93 <unknown>\n#8 0x5576fda91934 <unknown>\n#9 0x5576fda9271e <unknown>\n#10 0x5576fdd45cb8 <unknown>\n#11 0x5576fdd49bf0 <unknown>\n#12 0x5576fdd5419c <unknown>\n#13 0x5576fdd4a808 <unknown>\n#14 0x5576fdd1727f <unknown>\n#15 0x5576fdd6ee88 <unknown>\n#16 0x5576fdd6f059 <unknown>\n#17 0x5576fdd7f843 <unknown>\n#18 0x7f5954f34044 <unknown>","time":{"start":1695344255265,"stop":1695344255776,"duration":511}},{"uid":"c4827748c18e3e9d","reportUrl":"https://Nat754.github.io/StroyremAutomation/70//#testresult/c4827748c18e3e9d","status":"skipped","statusDetails":"XFAIL\n\nselenium.common.exceptions.NoSuchElementException: Message: no such element: Unable to locate element: {\"method\":\"xpath\",\"selector\":\"(//a[@class='add-to-cart yellow-btn'])[1]\"}\n  (Session info: headless chrome=117.0.5938.88); For documentation on this error, please visit: https://www.selenium.dev/documentation/webdriver/troubleshooting/errors#no-such-element-exception\nStacktrace:\n#0 0x564ba3c496c3 <unknown>\n#1 0x564ba391f1e7 <unknown>\n#2 0x564ba3966566 <unknown>\n#3 0x564ba3966651 <unknown>\n#4 0x564ba39a3a74 <unknown>\n#5 0x564ba39880ed <unknown>\n#6 0x564ba39a1322 <unknown>\n#7 0x564ba3987e93 <unknown>\n#8 0x564ba395a934 <unknown>\n#9 0x564ba395b71e <unknown>\n#10 0x564ba3c0ecc8 <unknown>\n#11 0x564ba3c12c00 <unknown>\n#12 0x564ba3c1d1ac <unknown>\n#13 0x564ba3c13818 <unknown>\n#14 0x564ba3be028f <unknown>\n#15 0x564ba3c37e98 <unknown>\n#16 0x564ba3c38069 <unknown>\n#17 0x564ba3c48853 <unknown>\n#18 0x7f0f31aa5044 <unknown>","time":{"start":1695257834643,"stop":1695257835072,"duration":429}},{"uid":"e2244a9266229296","reportUrl":"https://Nat754.github.io/StroyremAutomation/69//#testresult/e2244a9266229296","status":"skipped","statusDetails":"XFAIL\n\nselenium.common.exceptions.ElementNotInteractableException: Message: element not interactable\n  (Session info: headless chrome=117.0.5938.88)\nStacktrace:\n#0 0x563a379376c3 <unknown>\n#1 0x563a3760d036 <unknown>\n#2 0x563a3764bc1d <unknown>\n#3 0x563a376760c2 <unknown>\n#4 0x563a37649f16 <unknown>\n#5 0x563a3767628e <unknown>\n#6 0x563a3768f322 <unknown>\n#7 0x563a37675e93 <unknown>\n#8 0x563a37648934 <unknown>\n#9 0x563a3764971e <unknown>\n#10 0x563a378fccc8 <unknown>\n#11 0x563a37900c00 <unknown>\n#12 0x563a3790b1ac <unknown>\n#13 0x563a37901818 <unknown>\n#14 0x563a378ce28f <unknown>\n#15 0x563a37925e98 <unknown>\n#16 0x563a37926069 <unknown>\n#17 0x563a37936853 <unknown>\n#18 0x7f54f15fe044 <unknown>","time":{"start":1695171757732,"stop":1695171763682,"duration":5950}},{"uid":"d8f7b726ef291fa5","reportUrl":"https://Nat754.github.io/StroyremAutomation/68//#testresult/d8f7b726ef291fa5","status":"skipped","statusDetails":"XFAIL\n\nselenium.common.exceptions.NoSuchElementException: Message: no such element: Unable to locate element: {\"method\":\"xpath\",\"selector\":\"(//a[@class='add-to-cart yellow-btn'])[1]\"}\n  (Session info: headless chrome=117.0.5938.88); For documentation on this error, please visit: https://www.selenium.dev/documentation/webdriver/troubleshooting/errors#no-such-element-exception\nStacktrace:\n#0 0x55bc5ea546c3 <unknown>\n#1 0x55bc5e72a1e7 <unknown>\n#2 0x55bc5e771566 <unknown>\n#3 0x55bc5e771651 <unknown>\n#4 0x55bc5e7aea74 <unknown>\n#5 0x55bc5e7930ed <unknown>\n#6 0x55bc5e7ac322 <unknown>\n#7 0x55bc5e792e93 <unknown>\n#8 0x55bc5e765934 <unknown>\n#9 0x55bc5e76671e <unknown>\n#10 0x55bc5ea19cc8 <unknown>\n#11 0x55bc5ea1dc00 <unknown>\n#12 0x55bc5ea281ac <unknown>\n#13 0x55bc5ea1e818 <unknown>\n#14 0x55bc5e9eb28f <unknown>\n#15 0x55bc5ea42e98 <unknown>\n#16 0x55bc5ea43069 <unknown>\n#17 0x55bc5ea53853 <unknown>\n#18 0x7fc73d5c0044 <unknown>","time":{"start":1695085157429,"stop":1695085157919,"duration":490}},{"uid":"aadc827e1f5c0f49","reportUrl":"https://Nat754.github.io/StroyremAutomation/67//#testresult/aadc827e1f5c0f49","status":"skipped","statusDetails":"XFAIL\n\nselenium.common.exceptions.NoSuchElementException: Message: no such element: Unable to locate element: {\"method\":\"xpath\",\"selector\":\"(//a[@class='add-to-cart yellow-btn'])[1]\"}\n  (Session info: headless chrome=117.0.5938.88); For documentation on this error, please visit: https://www.selenium.dev/documentation/webdriver/troubleshooting/errors#no-such-element-exception\nStacktrace:\n#0 0x556231d8e6c3 <unknown>\n#1 0x556231a641e7 <unknown>\n#2 0x556231aab566 <unknown>\n#3 0x556231aab651 <unknown>\n#4 0x556231ae8a74 <unknown>\n#5 0x556231acd0ed <unknown>\n#6 0x556231ae6322 <unknown>\n#7 0x556231acce93 <unknown>\n#8 0x556231a9f934 <unknown>\n#9 0x556231aa071e <unknown>\n#10 0x556231d53cc8 <unknown>\n#11 0x556231d57c00 <unknown>\n#12 0x556231d621ac <unknown>\n#13 0x556231d58818 <unknown>\n#14 0x556231d2528f <unknown>\n#15 0x556231d7ce98 <unknown>\n#16 0x556231d7d069 <unknown>\n#17 0x556231d8d853 <unknown>\n#18 0x7f11ceede044 <unknown>","time":{"start":1695063670820,"stop":1695063671362,"duration":542}},{"uid":"4fa6f42b8ef3fdc4","reportUrl":"https://Nat754.github.io/StroyremAutomation/66//#testresult/4fa6f42b8ef3fdc4","status":"skipped","statusDetails":"XFAIL\n\nselenium.common.exceptions.NoSuchElementException: Message: no such element: Unable to locate element: {\"method\":\"xpath\",\"selector\":\"(//a[@class='add-to-cart yellow-btn'])[1]\"}\n  (Session info: headless chrome=117.0.5938.88); For documentation on this error, please visit: https://www.selenium.dev/documentation/webdriver/troubleshooting/errors#no-such-element-exception\nStacktrace:\n#0 0x561b4bd886c3 <unknown>\n#1 0x561b4ba5e1e7 <unknown>\n#2 0x561b4baa5566 <unknown>\n#3 0x561b4baa5651 <unknown>\n#4 0x561b4bae2a74 <unknown>\n#5 0x561b4bac70ed <unknown>\n#6 0x561b4bae0322 <unknown>\n#7 0x561b4bac6e93 <unknown>\n#8 0x561b4ba99934 <unknown>\n#9 0x561b4ba9a71e <unknown>\n#10 0x561b4bd4dcc8 <unknown>\n#11 0x561b4bd51c00 <unknown>\n#12 0x561b4bd5c1ac <unknown>\n#13 0x561b4bd52818 <unknown>\n#14 0x561b4bd1f28f <unknown>\n#15 0x561b4bd76e98 <unknown>\n#16 0x561b4bd77069 <unknown>\n#17 0x561b4bd87853 <unknown>\n#18 0x7fcb76e01044 <unknown>","time":{"start":1695060481975,"stop":1695060482415,"duration":440}},{"uid":"e6e78c3b8da836da","reportUrl":"https://Nat754.github.io/StroyremAutomation/66//#testresult/e6e78c3b8da836da","status":"skipped","statusDetails":"XFAIL\n\nselenium.common.exceptions.NoSuchElementException: Message: no such element: Unable to locate element: {\"method\":\"xpath\",\"selector\":\"(//a[@class='add-to-cart yellow-btn'])[1]\"}\n  (Session info: headless chrome=117.0.5938.88); For documentation on this error, please visit: https://www.selenium.dev/documentation/webdriver/troubleshooting/errors#no-such-element-exception\nStacktrace:\n#0 0x5654ff17a6c3 <unknown>\n#1 0x5654fee501e7 <unknown>\n#2 0x5654fee97566 <unknown>\n#3 0x5654fee97651 <unknown>\n#4 0x5654feed4a74 <unknown>\n#5 0x5654feeb90ed <unknown>\n#6 0x5654feed2322 <unknown>\n#7 0x5654feeb8e93 <unknown>\n#8 0x5654fee8b934 <unknown>\n#9 0x5654fee8c71e <unknown>\n#10 0x5654ff13fcc8 <unknown>\n#11 0x5654ff143c00 <unknown>\n#12 0x5654ff14e1ac <unknown>\n#13 0x5654ff144818 <unknown>\n#14 0x5654ff11128f <unknown>\n#15 0x5654ff168e98 <unknown>\n#16 0x5654ff169069 <unknown>\n#17 0x5654ff179853 <unknown>\n#18 0x7f98b3c61044 <unknown>","time":{"start":1694998516527,"stop":1694998517048,"duration":521}},{"uid":"f2aec0678e1ce941","reportUrl":"https://Nat754.github.io/StroyremAutomation/65//#testresult/f2aec0678e1ce941","status":"skipped","statusDetails":"XFAIL\n\nselenium.common.exceptions.NoSuchElementException: Message: no such element: Unable to locate element: {\"method\":\"xpath\",\"selector\":\"(//a[@class='add-to-cart yellow-btn'])[1]\"}\n  (Session info: headless chrome=117.0.5938.88); For documentation on this error, please visit: https://www.selenium.dev/documentation/webdriver/troubleshooting/errors#no-such-element-exception\nStacktrace:\n#0 0x557c34e7c6c3 <unknown>\n#1 0x557c34b521e7 <unknown>\n#2 0x557c34b99566 <unknown>\n#3 0x557c34b99651 <unknown>\n#4 0x557c34bd6a74 <unknown>\n#5 0x557c34bbb0ed <unknown>\n#6 0x557c34bd4322 <unknown>\n#7 0x557c34bbae93 <unknown>\n#8 0x557c34b8d934 <unknown>\n#9 0x557c34b8e71e <unknown>\n#10 0x557c34e41cc8 <unknown>\n#11 0x557c34e45c00 <unknown>\n#12 0x557c34e501ac <unknown>\n#13 0x557c34e46818 <unknown>\n#14 0x557c34e1328f <unknown>\n#15 0x557c34e6ae98 <unknown>\n#16 0x557c34e6b069 <unknown>\n#17 0x557c34e7b853 <unknown>\n#18 0x7f4616a1d044 <unknown>","time":{"start":1694929466318,"stop":1694929466913,"duration":595}},{"uid":"1d110823de23c395","reportUrl":"https://Nat754.github.io/StroyremAutomation/65//#testresult/1d110823de23c395","status":"skipped","statusDetails":"XFAIL\n\nselenium.common.exceptions.NoSuchElementException: Message: no such element: Unable to locate element: {\"method\":\"xpath\",\"selector\":\"(//a[@class='add-to-cart yellow-btn'])[1]\"}\n  (Session info: headless chrome=117.0.5938.88); For documentation on this error, please visit: https://www.selenium.dev/documentation/webdriver/troubleshooting/errors#no-such-element-exception\nStacktrace:\n#0 0x55b8b253e6c3 <unknown>\n#1 0x55b8b22141e7 <unknown>\n#2 0x55b8b225b566 <unknown>\n#3 0x55b8b225b651 <unknown>\n#4 0x55b8b2298a74 <unknown>\n#5 0x55b8b227d0ed <unknown>\n#6 0x55b8b2296322 <unknown>\n#7 0x55b8b227ce93 <unknown>\n#8 0x55b8b224f934 <unknown>\n#9 0x55b8b225071e <unknown>\n#10 0x55b8b2503cc8 <unknown>\n#11 0x55b8b2507c00 <unknown>\n#12 0x55b8b25121ac <unknown>\n#13 0x55b8b2508818 <unknown>\n#14 0x55b8b24d528f <unknown>\n#15 0x55b8b252ce98 <unknown>\n#16 0x55b8b252d069 <unknown>\n#17 0x55b8b253d853 <unknown>\n#18 0x7fd40cf82044 <unknown>","time":{"start":1694912365124,"stop":1694912365669,"duration":545}},{"uid":"ad7ce85d9e735c6c","reportUrl":"https://Nat754.github.io/StroyremAutomation/64//#testresult/ad7ce85d9e735c6c","status":"skipped","statusDetails":"XFAIL\n\nselenium.common.exceptions.NoSuchElementException: Message: no such element: Unable to locate element: {\"method\":\"xpath\",\"selector\":\"(//a[@class='add-to-cart yellow-btn'])[1]\"}\n  (Session info: headless chrome=117.0.5938.88); For documentation on this error, please visit: https://www.selenium.dev/documentation/webdriver/troubleshooting/errors#no-such-element-exception\nStacktrace:\n#0 0x5583814c76c3 <unknown>\n#1 0x55838119d1e7 <unknown>\n#2 0x5583811e4566 <unknown>\n#3 0x5583811e4651 <unknown>\n#4 0x558381221a74 <unknown>\n#5 0x5583812060ed <unknown>\n#6 0x55838121f322 <unknown>\n#7 0x558381205e93 <unknown>\n#8 0x5583811d8934 <unknown>\n#9 0x5583811d971e <unknown>\n#10 0x55838148ccc8 <unknown>\n#11 0x558381490c00 <unknown>\n#12 0x55838149b1ac <unknown>\n#13 0x558381491818 <unknown>\n#14 0x55838145e28f <unknown>\n#15 0x5583814b5e98 <unknown>\n#16 0x5583814b6069 <unknown>\n#17 0x5583814c6853 <unknown>\n#18 0x7f082316f044 <unknown>","time":{"start":1694825665933,"stop":1694825666498,"duration":565}},{"uid":"9bfcd86db96009df","reportUrl":"https://Nat754.github.io/StroyremAutomation/63//#testresult/9bfcd86db96009df","status":"skipped","statusDetails":"XFAIL\n\nselenium.common.exceptions.NoSuchElementException: Message: no such element: Unable to locate element: {\"method\":\"xpath\",\"selector\":\"(//a[@class='add-to-cart yellow-btn'])[1]\"}\n  (Session info: headless chrome=117.0.5938.62); For documentation on this error, please visit: https://www.selenium.dev/documentation/webdriver/troubleshooting/errors#no-such-element-exception\nStacktrace:\n#0 0x55c5099f6693 <unknown>\n#1 0x55c5096cc1e7 <unknown>\n#2 0x55c509713566 <unknown>\n#3 0x55c509713651 <unknown>\n#4 0x55c509750a74 <unknown>\n#5 0x55c5097350ed <unknown>\n#6 0x55c50974e322 <unknown>\n#7 0x55c509734e93 <unknown>\n#8 0x55c509707934 <unknown>\n#9 0x55c50970871e <unknown>\n#10 0x55c5099bbc98 <unknown>\n#11 0x55c5099bfbd0 <unknown>\n#12 0x55c5099ca17c <unknown>\n#13 0x55c5099c07e8 <unknown>\n#14 0x55c50998d25f <unknown>\n#15 0x55c5099e4e68 <unknown>\n#16 0x55c5099e5039 <unknown>\n#17 0x55c5099f5823 <unknown>\n#18 0x7ff2b0c8e044 <unknown>","time":{"start":1694739410219,"stop":1694739410787,"duration":568}},{"uid":"7bfbfd530a29e9b9","reportUrl":"https://Nat754.github.io/StroyremAutomation/62//#testresult/7bfbfd530a29e9b9","status":"skipped","statusDetails":"XFAIL\n\nselenium.common.exceptions.NoSuchElementException: Message: no such element: Unable to locate element: {\"method\":\"xpath\",\"selector\":\"(//a[@class='add-to-cart yellow-btn'])[1]\"}\n  (Session info: headless chrome=117.0.5938.62); For documentation on this error, please visit: https://www.selenium.dev/documentation/webdriver/troubleshooting/errors#no-such-element-exception\nStacktrace:\n#0 0x560e0030e693 <unknown>\n#1 0x560dfffe41e7 <unknown>\n#2 0x560e0002b566 <unknown>\n#3 0x560e0002b651 <unknown>\n#4 0x560e00068a74 <unknown>\n#5 0x560e0004d0ed <unknown>\n#6 0x560e00066322 <unknown>\n#7 0x560e0004ce93 <unknown>\n#8 0x560e0001f934 <unknown>\n#9 0x560e0002071e <unknown>\n#10 0x560e002d3c98 <unknown>\n#11 0x560e002d7bd0 <unknown>\n#12 0x560e002e217c <unknown>\n#13 0x560e002d87e8 <unknown>\n#14 0x560e002a525f <unknown>\n#15 0x560e002fce68 <unknown>\n#16 0x560e002fd039 <unknown>\n#17 0x560e0030d823 <unknown>\n#18 0x7f2aeffcd044 <unknown>","time":{"start":1694652949901,"stop":1694652950345,"duration":444}},{"uid":"3b96fb9842511ca3","reportUrl":"https://Nat754.github.io/StroyremAutomation/61//#testresult/3b96fb9842511ca3","status":"skipped","statusDetails":"XFAIL\n\nselenium.common.exceptions.NoSuchElementException: Message: no such element: Unable to locate element: {\"method\":\"xpath\",\"selector\":\"(//a[@class='add-to-cart yellow-btn'])[1]\"}\n  (Session info: headless chrome=117.0.5938.62); For documentation on this error, please visit: https://www.selenium.dev/documentation/webdriver/troubleshooting/errors#no-such-element-exception\nStacktrace:\n#0 0x5625931a0693 <unknown>\n#1 0x562592e761e7 <unknown>\n#2 0x562592ebd566 <unknown>\n#3 0x562592ebd651 <unknown>\n#4 0x562592efaa74 <unknown>\n#5 0x562592edf0ed <unknown>\n#6 0x562592ef8322 <unknown>\n#7 0x562592edee93 <unknown>\n#8 0x562592eb1934 <unknown>\n#9 0x562592eb271e <unknown>\n#10 0x562593165c98 <unknown>\n#11 0x562593169bd0 <unknown>\n#12 0x56259317417c <unknown>\n#13 0x56259316a7e8 <unknown>\n#14 0x56259313725f <unknown>\n#15 0x56259318ee68 <unknown>\n#16 0x56259318f039 <unknown>\n#17 0x56259319f823 <unknown>\n#18 0x7f37e1709044 <unknown>","time":{"start":1694637925492,"stop":1694637925950,"duration":458}},{"uid":"e86403119399b58e","reportUrl":"https://Nat754.github.io/StroyremAutomation/61//#testresult/e86403119399b58e","status":"skipped","statusDetails":"XFAIL\n\nselenium.common.exceptions.NoSuchElementException: Message: no such element: Unable to locate element: {\"method\":\"xpath\",\"selector\":\"(//a[@class='add-to-cart yellow-btn'])[1]\"}\n  (Session info: headless chrome=117.0.5938.62); For documentation on this error, please visit: https://www.selenium.dev/documentation/webdriver/troubleshooting/errors#no-such-element-exception\nStacktrace:\n#0 0x56472ce7f693 <unknown>\n#1 0x56472cb551e7 <unknown>\n#2 0x56472cb9c566 <unknown>\n#3 0x56472cb9c651 <unknown>\n#4 0x56472cbd9a74 <unknown>\n#5 0x56472cbbe0ed <unknown>\n#6 0x56472cbd7322 <unknown>\n#7 0x56472cbbde93 <unknown>\n#8 0x56472cb90934 <unknown>\n#9 0x56472cb9171e <unknown>\n#10 0x56472ce44c98 <unknown>\n#11 0x56472ce48bd0 <unknown>\n#12 0x56472ce5317c <unknown>\n#13 0x56472ce497e8 <unknown>\n#14 0x56472ce1625f <unknown>\n#15 0x56472ce6de68 <unknown>\n#16 0x56472ce6e039 <unknown>\n#17 0x56472ce7e823 <unknown>\n#18 0x7fb4c9cfc044 <unknown>","time":{"start":1694580711932,"stop":1694580712570,"duration":638}},{"uid":"20b252488707b11","reportUrl":"https://Nat754.github.io/StroyremAutomation/61//#testresult/20b252488707b11","status":"skipped","statusDetails":"XFAIL\n\nselenium.common.exceptions.NoSuchElementException: Message: no such element: Unable to locate element: {\"method\":\"xpath\",\"selector\":\"(//a[@class='add-to-cart yellow-btn'])[1]\"}\n  (Session info: headless chrome=117.0.5938.62); For documentation on this error, please visit: https://www.selenium.dev/documentation/webdriver/troubleshooting/errors#no-such-element-exception\nStacktrace:\n#0 0x557f267ce693 <unknown>\n#1 0x557f264a41e7 <unknown>\n#2 0x557f264eb566 <unknown>\n#3 0x557f264eb651 <unknown>\n#4 0x557f26528a74 <unknown>\n#5 0x557f2650d0ed <unknown>\n#6 0x557f26526322 <unknown>\n#7 0x557f2650ce93 <unknown>\n#8 0x557f264df934 <unknown>\n#9 0x557f264e071e <unknown>\n#10 0x557f26793c98 <unknown>\n#11 0x557f26797bd0 <unknown>\n#12 0x557f267a217c <unknown>\n#13 0x557f267987e8 <unknown>\n#14 0x557f2676525f <unknown>\n#15 0x557f267bce68 <unknown>\n#16 0x557f267bd039 <unknown>\n#17 0x557f267cd823 <unknown>\n#18 0x7f304dded044 <unknown>","time":{"start":1694566613672,"stop":1694566614166,"duration":494}},{"uid":"40a25aae9016539","reportUrl":"https://Nat754.github.io/StroyremAutomation/60//#testresult/40a25aae9016539","status":"skipped","statusDetails":"XFAIL\n\nselenium.common.exceptions.NoSuchElementException: Message: no such element: Unable to locate element: {\"method\":\"xpath\",\"selector\":\"(//a[@class='add-to-cart yellow-btn'])[1]\"}\n  (Session info: headless chrome=116.0.5845.96); For documentation on this error, please visit: https://www.selenium.dev/documentation/webdriver/troubleshooting/errors#no-such-element-exception\nStacktrace:\n#0 0x564436e21e23 <unknown>\n#1 0x564436b4a7a7 <unknown>\n#2 0x564436b891d3 <unknown>\n#3 0x564436b892c1 <unknown>\n#4 0x564436bc4a04 <unknown>\n#5 0x564436baa03d <unknown>\n#6 0x564436bc2369 <unknown>\n#7 0x564436ba9de3 <unknown>\n#8 0x564436b7da7b <unknown>\n#9 0x564436b7e81e <unknown>\n#10 0x564436de3638 <unknown>\n#11 0x564436de7507 <unknown>\n#12 0x564436df1c4c <unknown>\n#13 0x564436de8136 <unknown>\n#14 0x564436db69cf <unknown>\n#15 0x564436e0bb98 <unknown>\n#16 0x564436e0bd68 <unknown>\n#17 0x564436e1acb3 <unknown>\n#18 0x7f8a7367f044 <unknown>","time":{"start":1694504699179,"stop":1694504699889,"duration":710}},{"uid":"698e8d91dbe0649f","reportUrl":"https://Nat754.github.io/StroyremAutomation/60//#testresult/698e8d91dbe0649f","status":"skipped","statusDetails":"XFAIL\n\nselenium.common.exceptions.NoSuchElementException: Message: no such element: Unable to locate element: {\"method\":\"xpath\",\"selector\":\"(//a[@class='add-to-cart yellow-btn'])[1]\"}\n  (Session info: headless chrome=116.0.5845.96); For documentation on this error, please visit: https://www.selenium.dev/documentation/webdriver/troubleshooting/errors#no-such-element-exception\nStacktrace:\n#0 0x55f751002e23 <unknown>\n#1 0x55f750d2b7a7 <unknown>\n#2 0x55f750d6a1d3 <unknown>\n#3 0x55f750d6a2c1 <unknown>\n#4 0x55f750da5a04 <unknown>\n#5 0x55f750d8b03d <unknown>\n#6 0x55f750da3369 <unknown>\n#7 0x55f750d8ade3 <unknown>\n#8 0x55f750d5ea7b <unknown>\n#9 0x55f750d5f81e <unknown>\n#10 0x55f750fc4638 <unknown>\n#11 0x55f750fc8507 <unknown>\n#12 0x55f750fd2c4c <unknown>\n#13 0x55f750fc9136 <unknown>\n#14 0x55f750f979cf <unknown>\n#15 0x55f750fecb98 <unknown>\n#16 0x55f750fecd68 <unknown>\n#17 0x55f750ffbcb3 <unknown>\n#18 0x7f8ac3385044 <unknown>","time":{"start":1694480229150,"stop":1694480229846,"duration":696}},{"uid":"fe02372ade9ece45","reportUrl":"https://Nat754.github.io/StroyremAutomation/59//#testresult/fe02372ade9ece45","status":"skipped","statusDetails":"XFAIL\n\nselenium.common.exceptions.NoSuchElementException: Message: no such element: Unable to locate element: {\"method\":\"xpath\",\"selector\":\"(//a[@class='add-to-cart yellow-btn'])[1]\"}\n  (Session info: headless chrome=116.0.5845.96); For documentation on this error, please visit: https://www.selenium.dev/documentation/webdriver/troubleshooting/errors#no-such-element-exception\nStacktrace:\n#0 0x56072379ae23 <unknown>\n#1 0x5607234c37a7 <unknown>\n#2 0x5607235021d3 <unknown>\n#3 0x5607235022c1 <unknown>\n#4 0x56072353da04 <unknown>\n#5 0x56072352303d <unknown>\n#6 0x56072353b369 <unknown>\n#7 0x560723522de3 <unknown>\n#8 0x5607234f6a7b <unknown>\n#9 0x5607234f781e <unknown>\n#10 0x56072375c638 <unknown>\n#11 0x560723760507 <unknown>\n#12 0x56072376ac4c <unknown>\n#13 0x560723761136 <unknown>\n#14 0x56072372f9cf <unknown>\n#15 0x560723784b98 <unknown>\n#16 0x560723784d68 <unknown>\n#17 0x560723793cb3 <unknown>\n#18 0x7f1885d6f044 <unknown>","time":{"start":1694433851856,"stop":1694433852448,"duration":592}}]},"tags":["@pytest.mark.xfail","smoke_test"]},"source":"6db8271773f250f9.json","parameterValues":["4890","149","'TD 021'","4380","'products/shtukaturka-gipsovaya-aksolit-m50-30-kg-mashinnogo-naneseniya'","2600","'https://sandboxtest.stroyrem-nn.ru/'","4500"]}