{"uid":"bff152b230f6dcfa","name":"TD 024 Доставка товара весом до 9000кг. в синей зоне","fullName":"tests.delivery.test_delivery_calculation.TestDeliveryPageCalculation#test_positive_delivery_blue_zone_smoke","historyId":"69e5dca98f2a435ef5ba1c77ef0ca605","time":{"start":1695517203327,"stop":1695517203727,"duration":400},"status":"skipped","statusMessage":"XFAIL\n\nselenium.common.exceptions.NoSuchElementException: Message: no such element: Unable to locate element: {\"method\":\"xpath\",\"selector\":\"(//a[@class='add-to-cart yellow-btn'])[1]\"}\n  (Session info: headless chrome=117.0.5938.92); For documentation on this error, please visit: https://www.selenium.dev/documentation/webdriver/troubleshooting/errors#no-such-element-exception\nStacktrace:\n#0 0x55aaf496f6b3 <unknown>\n#1 0x55aaf46451e7 <unknown>\n#2 0x55aaf468c566 <unknown>\n#3 0x55aaf468c651 <unknown>\n#4 0x55aaf46c9a74 <unknown>\n#5 0x55aaf46ae0ed <unknown>\n#6 0x55aaf46c7322 <unknown>\n#7 0x55aaf46ade93 <unknown>\n#8 0x55aaf4680934 <unknown>\n#9 0x55aaf468171e <unknown>\n#10 0x55aaf4934cb8 <unknown>\n#11 0x55aaf4938bf0 <unknown>\n#12 0x55aaf494319c <unknown>\n#13 0x55aaf4939808 <unknown>\n#14 0x55aaf490627f <unknown>\n#15 0x55aaf495de88 <unknown>\n#16 0x55aaf495e059 <unknown>\n#17 0x55aaf496e843 <unknown>\n#18 0x7f52715f7044 <unknown>","statusTrace":"self = <tests.delivery.test_delivery_calculation.TestDeliveryPageCalculation object at 0x7ff6ac3c32d0>\ndriver = <selenium.webdriver.chrome.webdriver.WebDriver (session=\"ecc9973fc41fa0a8c3321e4f95d4982e\")>\nurl = 'https://sandboxtest.stroyrem-nn.ru/', case_id = 'TD 024'\nlink_item = 'products/shtukaturka-gipsovaya-aksolit-m50-30-kg-mashinnogo-naneseniya'\namount = 299, weight = 9000, standard = 4300, in_time = 9900, all_time = 11440\n\n    @pytest.mark.parametrize('case_id, link_item, amount, weight, standard, in_time, all_time', [\n        (\"TD 015\", bundeks_25, 1, 30, 650, 2390, 3320),\n        pytest.param(\n            \"TD 016\", aksolit_30, 8, 300, 650, 2390, 3320,\n            marks=pytest.mark.xfail(reson=\"Цена доставки: - - -\")\n        ),\n        (\"TD 017\", aksolit_30, 13, 400, 650, 2390, 3320),\n        (\"TD 018\", aksolit_30, 16, 500, 850, 2490, 3320),\n        (\"TD 019\", aksolit_30, 25, 1700, 1150, 2490, 3320),\n        (\"TD 020\", aksolit_30, 66, 2000, 1500, 2990, 3650),\n        (\"TD 021\", aksolit_30, 149, 4500, 2600, 4380, 4890),\n        (\"TD 022\", aksolit_30, 166, 5000, 2800, 5490, 5980),\n        pytest.param(\n            \"TD 023\", aksolit_30, 206, 6200, 3300, 7500, 8000,\n            marks=pytest.mark.xfail(reson=\"Цена доставки: 4300 9900 11440\")\n        ),\n        (\"TD 024\", aksolit_30, 299, 9000, 4300, 9900, 11440),\n        (\"TD 025\", aksolit_30, 333, 10000, 7000, 13900, 15900),\n        pytest.param(\n            \"TD 026\", aksolit_30, 366, 11000, 8000, 14900, 19900,\n            marks=pytest.mark.xfail(reson=\"Цена доставки: 7000 13900 15900\")\n        ),\n        pytest.param(\n            \"TD 027\", aksolit_30, 666, 20000, 14000, 16900, 23900,\n            marks=pytest.mark.xfail(reson=\"Цена доставки: 7000 13900 15900\")\n        )\n    ])\n    @pytest.mark.xfail\n    @pytest.mark.smoke_test\n    def test_positive_delivery_blue_zone_smoke(\n            self, driver, url, case_id, link_item, amount, weight, standard, in_time, all_time\n    ):\n        allure.dynamic.title(f\"{case_id} Доставка товара весом до {weight}кг. в синей зоне\")\n    \n        driver.get(f'{url}{link_item}')\n        item_page = ItemPage(driver)\n>       item_page.add_item_to_cart(amount).click_on_cart()\n\ntests/delivery/test_delivery_calculation.py:132: \n_ _ _ _ _ _ _ _ _ _ _ _ _ _ _ _ _ _ _ _ _ _ _ _ _ _ _ _ _ _ _ _ _ _ _ _ _ _ _ _ \npages/item_page.py:40: in add_item_to_cart\n    self.find_element(self._add_item).click()\nbase/seleniumbase.py:17: in find_element\n    return self.driver.find_element(*locator)\n/usr/local/lib/python3.11/site-packages/selenium/webdriver/remote/webdriver.py:739: in find_element\n    return self.execute(Command.FIND_ELEMENT, {\"using\": by, \"value\": value})[\"value\"]\n/usr/local/lib/python3.11/site-packages/selenium/webdriver/remote/webdriver.py:345: in execute\n    self.error_handler.check_response(response)\n_ _ _ _ _ _ _ _ _ _ _ _ _ _ _ _ _ _ _ _ _ _ _ _ _ _ _ _ _ _ _ _ _ _ _ _ _ _ _ _ \n\nself = <selenium.webdriver.remote.errorhandler.ErrorHandler object at 0x7ff6ac4029d0>\nresponse = {'status': 404, 'value': '{\"value\":{\"error\":\"no such element\",\"message\":\"no such element: Unable to locate element: {\\...\\\\n#16 0x55aaf495e059 \\\\u003Cunknown>\\\\n#17 0x55aaf496e843 \\\\u003Cunknown>\\\\n#18 0x7f52715f7044 \\\\u003Cunknown>\\\\n\"}}'}\n\n    def check_response(self, response: Dict[str, Any]) -> None:\n        \"\"\"Checks that a JSON response from the WebDriver does not have an\n        error.\n    \n        :Args:\n         - response - The JSON response from the WebDriver server as a dictionary\n           object.\n    \n        :Raises: If the response contains an error message.\n        \"\"\"\n        status = response.get(\"status\", None)\n        if not status or status == ErrorCode.SUCCESS:\n            return\n        value = None\n        message = response.get(\"message\", \"\")\n        screen: str = response.get(\"screen\", \"\")\n        stacktrace = None\n        if isinstance(status, int):\n            value_json = response.get(\"value\", None)\n            if value_json and isinstance(value_json, str):\n                import json\n    \n                try:\n                    value = json.loads(value_json)\n                    if len(value) == 1:\n                        value = value[\"value\"]\n                    status = value.get(\"error\", None)\n                    if not status:\n                        status = value.get(\"status\", ErrorCode.UNKNOWN_ERROR)\n                        message = value.get(\"value\") or value.get(\"message\")\n                        if not isinstance(message, str):\n                            value = message\n                            message = message.get(\"message\")\n                    else:\n                        message = value.get(\"message\", None)\n                except ValueError:\n                    pass\n    \n        exception_class: Type[WebDriverException]\n        e = ErrorCode()\n        error_codes = [item for item in dir(e) if not item.startswith(\"__\")]\n        for error_code in error_codes:\n            error_info = getattr(ErrorCode, error_code)\n            if isinstance(error_info, list) and status in error_info:\n                exception_class = getattr(ExceptionMapping, error_code, WebDriverException)\n                break\n        else:\n            exception_class = WebDriverException\n    \n        if not value:\n            value = response[\"value\"]\n        if isinstance(value, str):\n            raise exception_class(value)\n        if message == \"\" and \"message\" in value:\n            message = value[\"message\"]\n    \n        screen = None  # type: ignore[assignment]\n        if \"screen\" in value:\n            screen = value[\"screen\"]\n    \n        stacktrace = None\n        st_value = value.get(\"stackTrace\") or value.get(\"stacktrace\")\n        if st_value:\n            if isinstance(st_value, str):\n                stacktrace = st_value.split(\"\\n\")\n            else:\n                stacktrace = []\n                try:\n                    for frame in st_value:\n                        line = frame.get(\"lineNumber\", \"\")\n                        file = frame.get(\"fileName\", \"<anonymous>\")\n                        if line:\n                            file = f\"{file}:{line}\"\n                        meth = frame.get(\"methodName\", \"<anonymous>\")\n                        if \"className\" in frame:\n                            meth = f\"{frame['className']}.{meth}\"\n                        msg = \"    at %s (%s)\"\n                        msg = msg % (meth, file)\n                        stacktrace.append(msg)\n                except TypeError:\n                    pass\n        if exception_class == UnexpectedAlertPresentException:\n            alert_text = None\n            if \"data\" in value:\n                alert_text = value[\"data\"].get(\"text\")\n            elif \"alert\" in value:\n                alert_text = value[\"alert\"].get(\"text\")\n            raise exception_class(message, screen, stacktrace, alert_text)  # type: ignore[call-arg]  # mypy is not smart enough here\n>       raise exception_class(message, screen, stacktrace)\nE       selenium.common.exceptions.NoSuchElementException: Message: no such element: Unable to locate element: {\"method\":\"xpath\",\"selector\":\"(//a[@class='add-to-cart yellow-btn'])[1]\"}\nE         (Session info: headless chrome=117.0.5938.92); For documentation on this error, please visit: https://www.selenium.dev/documentation/webdriver/troubleshooting/errors#no-such-element-exception\nE       Stacktrace:\nE       #0 0x55aaf496f6b3 <unknown>\nE       #1 0x55aaf46451e7 <unknown>\nE       #2 0x55aaf468c566 <unknown>\nE       #3 0x55aaf468c651 <unknown>\nE       #4 0x55aaf46c9a74 <unknown>\nE       #5 0x55aaf46ae0ed <unknown>\nE       #6 0x55aaf46c7322 <unknown>\nE       #7 0x55aaf46ade93 <unknown>\nE       #8 0x55aaf4680934 <unknown>\nE       #9 0x55aaf468171e <unknown>\nE       #10 0x55aaf4934cb8 <unknown>\nE       #11 0x55aaf4938bf0 <unknown>\nE       #12 0x55aaf494319c <unknown>\nE       #13 0x55aaf4939808 <unknown>\nE       #14 0x55aaf490627f <unknown>\nE       #15 0x55aaf495de88 <unknown>\nE       #16 0x55aaf495e059 <unknown>\nE       #17 0x55aaf496e843 <unknown>\nE       #18 0x7f52715f7044 <unknown>\n\n/usr/local/lib/python3.11/site-packages/selenium/webdriver/remote/errorhandler.py:229: NoSuchElementException","flaky":false,"newFailed":false,"newBroken":false,"newPassed":false,"retriesCount":0,"retriesStatusChange":false,"beforeStages":[{"name":"_session_faker","time":{"start":1695516613171,"stop":1695516613251,"duration":80},"status":"passed","steps":[],"attachments":[],"parameters":[],"shouldDisplayMessage":false,"stepsCount":0,"attachmentsCount":0,"hasContent":false},{"name":"clear_allure_results_folder","time":{"start":1695516613252,"stop":1695516613252,"duration":0},"status":"passed","steps":[],"attachments":[],"parameters":[],"shouldDisplayMessage":false,"stepsCount":0,"attachmentsCount":0,"hasContent":false},{"name":"driver","time":{"start":1695517202508,"stop":1695517203326,"duration":818},"status":"passed","steps":[],"attachments":[],"parameters":[],"shouldDisplayMessage":false,"stepsCount":0,"attachmentsCount":0,"hasContent":false},{"name":"setup","time":{"start":1695517203326,"stop":1695517203326,"duration":0},"status":"passed","steps":[],"attachments":[],"parameters":[],"shouldDisplayMessage":false,"stepsCount":0,"attachmentsCount":0,"hasContent":false}],"testStage":{"status":"skipped","statusMessage":"XFAIL\n\nselenium.common.exceptions.NoSuchElementException: Message: no such element: Unable to locate element: {\"method\":\"xpath\",\"selector\":\"(//a[@class='add-to-cart yellow-btn'])[1]\"}\n  (Session info: headless chrome=117.0.5938.92); For documentation on this error, please visit: https://www.selenium.dev/documentation/webdriver/troubleshooting/errors#no-such-element-exception\nStacktrace:\n#0 0x55aaf496f6b3 <unknown>\n#1 0x55aaf46451e7 <unknown>\n#2 0x55aaf468c566 <unknown>\n#3 0x55aaf468c651 <unknown>\n#4 0x55aaf46c9a74 <unknown>\n#5 0x55aaf46ae0ed <unknown>\n#6 0x55aaf46c7322 <unknown>\n#7 0x55aaf46ade93 <unknown>\n#8 0x55aaf4680934 <unknown>\n#9 0x55aaf468171e <unknown>\n#10 0x55aaf4934cb8 <unknown>\n#11 0x55aaf4938bf0 <unknown>\n#12 0x55aaf494319c <unknown>\n#13 0x55aaf4939808 <unknown>\n#14 0x55aaf490627f <unknown>\n#15 0x55aaf495de88 <unknown>\n#16 0x55aaf495e059 <unknown>\n#17 0x55aaf496e843 <unknown>\n#18 0x7f52715f7044 <unknown>","statusTrace":"self = <tests.delivery.test_delivery_calculation.TestDeliveryPageCalculation object at 0x7ff6ac3c32d0>\ndriver = <selenium.webdriver.chrome.webdriver.WebDriver (session=\"ecc9973fc41fa0a8c3321e4f95d4982e\")>\nurl = 'https://sandboxtest.stroyrem-nn.ru/', case_id = 'TD 024'\nlink_item = 'products/shtukaturka-gipsovaya-aksolit-m50-30-kg-mashinnogo-naneseniya'\namount = 299, weight = 9000, standard = 4300, in_time = 9900, all_time = 11440\n\n    @pytest.mark.parametrize('case_id, link_item, amount, weight, standard, in_time, all_time', [\n        (\"TD 015\", bundeks_25, 1, 30, 650, 2390, 3320),\n        pytest.param(\n            \"TD 016\", aksolit_30, 8, 300, 650, 2390, 3320,\n            marks=pytest.mark.xfail(reson=\"Цена доставки: - - -\")\n        ),\n        (\"TD 017\", aksolit_30, 13, 400, 650, 2390, 3320),\n        (\"TD 018\", aksolit_30, 16, 500, 850, 2490, 3320),\n        (\"TD 019\", aksolit_30, 25, 1700, 1150, 2490, 3320),\n        (\"TD 020\", aksolit_30, 66, 2000, 1500, 2990, 3650),\n        (\"TD 021\", aksolit_30, 149, 4500, 2600, 4380, 4890),\n        (\"TD 022\", aksolit_30, 166, 5000, 2800, 5490, 5980),\n        pytest.param(\n            \"TD 023\", aksolit_30, 206, 6200, 3300, 7500, 8000,\n            marks=pytest.mark.xfail(reson=\"Цена доставки: 4300 9900 11440\")\n        ),\n        (\"TD 024\", aksolit_30, 299, 9000, 4300, 9900, 11440),\n        (\"TD 025\", aksolit_30, 333, 10000, 7000, 13900, 15900),\n        pytest.param(\n            \"TD 026\", aksolit_30, 366, 11000, 8000, 14900, 19900,\n            marks=pytest.mark.xfail(reson=\"Цена доставки: 7000 13900 15900\")\n        ),\n        pytest.param(\n            \"TD 027\", aksolit_30, 666, 20000, 14000, 16900, 23900,\n            marks=pytest.mark.xfail(reson=\"Цена доставки: 7000 13900 15900\")\n        )\n    ])\n    @pytest.mark.xfail\n    @pytest.mark.smoke_test\n    def test_positive_delivery_blue_zone_smoke(\n            self, driver, url, case_id, link_item, amount, weight, standard, in_time, all_time\n    ):\n        allure.dynamic.title(f\"{case_id} Доставка товара весом до {weight}кг. в синей зоне\")\n    \n        driver.get(f'{url}{link_item}')\n        item_page = ItemPage(driver)\n>       item_page.add_item_to_cart(amount).click_on_cart()\n\ntests/delivery/test_delivery_calculation.py:132: \n_ _ _ _ _ _ _ _ _ _ _ _ _ _ _ _ _ _ _ _ _ _ _ _ _ _ _ _ _ _ _ _ _ _ _ _ _ _ _ _ \npages/item_page.py:40: in add_item_to_cart\n    self.find_element(self._add_item).click()\nbase/seleniumbase.py:17: in find_element\n    return self.driver.find_element(*locator)\n/usr/local/lib/python3.11/site-packages/selenium/webdriver/remote/webdriver.py:739: in find_element\n    return self.execute(Command.FIND_ELEMENT, {\"using\": by, \"value\": value})[\"value\"]\n/usr/local/lib/python3.11/site-packages/selenium/webdriver/remote/webdriver.py:345: in execute\n    self.error_handler.check_response(response)\n_ _ _ _ _ _ _ _ _ _ _ _ _ _ _ _ _ _ _ _ _ _ _ _ _ _ _ _ _ _ _ _ _ _ _ _ _ _ _ _ \n\nself = <selenium.webdriver.remote.errorhandler.ErrorHandler object at 0x7ff6ac4029d0>\nresponse = {'status': 404, 'value': '{\"value\":{\"error\":\"no such element\",\"message\":\"no such element: Unable to locate element: {\\...\\\\n#16 0x55aaf495e059 \\\\u003Cunknown>\\\\n#17 0x55aaf496e843 \\\\u003Cunknown>\\\\n#18 0x7f52715f7044 \\\\u003Cunknown>\\\\n\"}}'}\n\n    def check_response(self, response: Dict[str, Any]) -> None:\n        \"\"\"Checks that a JSON response from the WebDriver does not have an\n        error.\n    \n        :Args:\n         - response - The JSON response from the WebDriver server as a dictionary\n           object.\n    \n        :Raises: If the response contains an error message.\n        \"\"\"\n        status = response.get(\"status\", None)\n        if not status or status == ErrorCode.SUCCESS:\n            return\n        value = None\n        message = response.get(\"message\", \"\")\n        screen: str = response.get(\"screen\", \"\")\n        stacktrace = None\n        if isinstance(status, int):\n            value_json = response.get(\"value\", None)\n            if value_json and isinstance(value_json, str):\n                import json\n    \n                try:\n                    value = json.loads(value_json)\n                    if len(value) == 1:\n                        value = value[\"value\"]\n                    status = value.get(\"error\", None)\n                    if not status:\n                        status = value.get(\"status\", ErrorCode.UNKNOWN_ERROR)\n                        message = value.get(\"value\") or value.get(\"message\")\n                        if not isinstance(message, str):\n                            value = message\n                            message = message.get(\"message\")\n                    else:\n                        message = value.get(\"message\", None)\n                except ValueError:\n                    pass\n    \n        exception_class: Type[WebDriverException]\n        e = ErrorCode()\n        error_codes = [item for item in dir(e) if not item.startswith(\"__\")]\n        for error_code in error_codes:\n            error_info = getattr(ErrorCode, error_code)\n            if isinstance(error_info, list) and status in error_info:\n                exception_class = getattr(ExceptionMapping, error_code, WebDriverException)\n                break\n        else:\n            exception_class = WebDriverException\n    \n        if not value:\n            value = response[\"value\"]\n        if isinstance(value, str):\n            raise exception_class(value)\n        if message == \"\" and \"message\" in value:\n            message = value[\"message\"]\n    \n        screen = None  # type: ignore[assignment]\n        if \"screen\" in value:\n            screen = value[\"screen\"]\n    \n        stacktrace = None\n        st_value = value.get(\"stackTrace\") or value.get(\"stacktrace\")\n        if st_value:\n            if isinstance(st_value, str):\n                stacktrace = st_value.split(\"\\n\")\n            else:\n                stacktrace = []\n                try:\n                    for frame in st_value:\n                        line = frame.get(\"lineNumber\", \"\")\n                        file = frame.get(\"fileName\", \"<anonymous>\")\n                        if line:\n                            file = f\"{file}:{line}\"\n                        meth = frame.get(\"methodName\", \"<anonymous>\")\n                        if \"className\" in frame:\n                            meth = f\"{frame['className']}.{meth}\"\n                        msg = \"    at %s (%s)\"\n                        msg = msg % (meth, file)\n                        stacktrace.append(msg)\n                except TypeError:\n                    pass\n        if exception_class == UnexpectedAlertPresentException:\n            alert_text = None\n            if \"data\" in value:\n                alert_text = value[\"data\"].get(\"text\")\n            elif \"alert\" in value:\n                alert_text = value[\"alert\"].get(\"text\")\n            raise exception_class(message, screen, stacktrace, alert_text)  # type: ignore[call-arg]  # mypy is not smart enough here\n>       raise exception_class(message, screen, stacktrace)\nE       selenium.common.exceptions.NoSuchElementException: Message: no such element: Unable to locate element: {\"method\":\"xpath\",\"selector\":\"(//a[@class='add-to-cart yellow-btn'])[1]\"}\nE         (Session info: headless chrome=117.0.5938.92); For documentation on this error, please visit: https://www.selenium.dev/documentation/webdriver/troubleshooting/errors#no-such-element-exception\nE       Stacktrace:\nE       #0 0x55aaf496f6b3 <unknown>\nE       #1 0x55aaf46451e7 <unknown>\nE       #2 0x55aaf468c566 <unknown>\nE       #3 0x55aaf468c651 <unknown>\nE       #4 0x55aaf46c9a74 <unknown>\nE       #5 0x55aaf46ae0ed <unknown>\nE       #6 0x55aaf46c7322 <unknown>\nE       #7 0x55aaf46ade93 <unknown>\nE       #8 0x55aaf4680934 <unknown>\nE       #9 0x55aaf468171e <unknown>\nE       #10 0x55aaf4934cb8 <unknown>\nE       #11 0x55aaf4938bf0 <unknown>\nE       #12 0x55aaf494319c <unknown>\nE       #13 0x55aaf4939808 <unknown>\nE       #14 0x55aaf490627f <unknown>\nE       #15 0x55aaf495de88 <unknown>\nE       #16 0x55aaf495e059 <unknown>\nE       #17 0x55aaf496e843 <unknown>\nE       #18 0x7f52715f7044 <unknown>\n\n/usr/local/lib/python3.11/site-packages/selenium/webdriver/remote/errorhandler.py:229: NoSuchElementException","steps":[{"name":"Добавляем товар в корзину в количестве 299","time":{"start":1695517203710,"stop":1695517203726,"duration":16},"status":"broken","statusMessage":"selenium.common.exceptions.NoSuchElementException: Message: no such element: Unable to locate element: {\"method\":\"xpath\",\"selector\":\"(//a[@class='add-to-cart yellow-btn'])[1]\"}\n  (Session info: headless chrome=117.0.5938.92); For documentation on this error, please visit: https://www.selenium.dev/documentation/webdriver/troubleshooting/errors#no-such-element-exception\nStacktrace:\n#0 0x55aaf496f6b3 <unknown>\n#1 0x55aaf46451e7 <unknown>\n#2 0x55aaf468c566 <unknown>\n#3 0x55aaf468c651 <unknown>\n#4 0x55aaf46c9a74 <unknown>\n#5 0x55aaf46ae0ed <unknown>\n#6 0x55aaf46c7322 <unknown>\n#7 0x55aaf46ade93 <unknown>\n#8 0x55aaf4680934 <unknown>\n#9 0x55aaf468171e <unknown>\n#10 0x55aaf4934cb8 <unknown>\n#11 0x55aaf4938bf0 <unknown>\n#12 0x55aaf494319c <unknown>\n#13 0x55aaf4939808 <unknown>\n#14 0x55aaf490627f <unknown>\n#15 0x55aaf495de88 <unknown>\n#16 0x55aaf495e059 <unknown>\n#17 0x55aaf496e843 <unknown>\n#18 0x7f52715f7044 <unknown>\n\n","statusTrace":"  File \"/usr/local/lib/python3.11/site-packages/allure_commons/_allure.py\", line 192, in impl\n    return func(*a, **kw)\n           ^^^^^^^^^^^^^^\n  File \"/app/pages/item_page.py\", line 40, in add_item_to_cart\n    self.find_element(self._add_item).click()\n    ^^^^^^^^^^^^^^^^^^^^^^^^^^^^^^^^^\n  File \"/app/base/seleniumbase.py\", line 17, in find_element\n    return self.driver.find_element(*locator)\n           ^^^^^^^^^^^^^^^^^^^^^^^^^^^^^^^^^^\n  File \"/usr/local/lib/python3.11/site-packages/selenium/webdriver/remote/webdriver.py\", line 739, in find_element\n    return self.execute(Command.FIND_ELEMENT, {\"using\": by, \"value\": value})[\"value\"]\n           ^^^^^^^^^^^^^^^^^^^^^^^^^^^^^^^^^^^^^^^^^^^^^^^^^^^^^^^^^^^^^^^^^\n  File \"/usr/local/lib/python3.11/site-packages/selenium/webdriver/remote/webdriver.py\", line 345, in execute\n    self.error_handler.check_response(response)\n  File \"/usr/local/lib/python3.11/site-packages/selenium/webdriver/remote/errorhandler.py\", line 229, in check_response\n    raise exception_class(message, screen, stacktrace)\n","steps":[],"attachments":[],"parameters":[{"name":"amount","value":"299"}],"shouldDisplayMessage":true,"stepsCount":0,"attachmentsCount":0,"hasContent":true}],"attachments":[{"uid":"129ad54964851b26","name":"Screenshot","source":"129ad54964851b26.png","type":"image/png","size":39917},{"uid":"42423f4eb18c485a","name":"HTML source","source":"42423f4eb18c485a.html","type":"text/html","size":544}],"parameters":[],"shouldDisplayMessage":true,"stepsCount":1,"attachmentsCount":2,"hasContent":true},"afterStages":[{"name":"driver::0","time":{"start":1695517203866,"stop":1695517203922,"duration":56},"status":"passed","steps":[],"attachments":[],"parameters":[],"shouldDisplayMessage":false,"stepsCount":0,"attachmentsCount":0,"hasContent":false},{"name":"setup::0","time":{"start":1695517203866,"stop":1695517203866,"duration":0},"status":"passed","steps":[],"attachments":[],"parameters":[],"shouldDisplayMessage":false,"stepsCount":0,"attachmentsCount":0,"hasContent":false}],"labels":[{"name":"epic","value":"Delivery Page - calculation"},{"name":"tag","value":"smoke_test"},{"name":"tag","value":"@pytest.mark.xfail"},{"name":"parentSuite","value":"tests.delivery"},{"name":"suite","value":"test_delivery_calculation"},{"name":"subSuite","value":"TestDeliveryPageCalculation"},{"name":"host","value":"913a9a7e9a42"},{"name":"thread","value":"1-MainThread"},{"name":"framework","value":"pytest"},{"name":"language","value":"cpython3"},{"name":"package","value":"tests.delivery.test_delivery_calculation"},{"name":"resultFormat","value":"allure2"}],"parameters":[{"name":"all_time","value":"11440"},{"name":"amount","value":"299"},{"name":"case_id","value":"'TD 024'"},{"name":"in_time","value":"9900"},{"name":"link_item","value":"'products/shtukaturka-gipsovaya-aksolit-m50-30-kg-mashinnogo-naneseniya'"},{"name":"standard","value":"4300"},{"name":"url","value":"'https://sandboxtest.stroyrem-nn.ru/'"},{"name":"weight","value":"9000"}],"links":[],"hidden":false,"retry":false,"extra":{"severity":"normal","retries":[],"categories":[],"history":{"statistic":{"failed":0,"broken":13,"skipped":31,"passed":0,"unknown":0,"total":44},"items":[{"uid":"d41441fd780afb34","reportUrl":"https://Nat754.github.io/StroyremAutomation/72//#testresult/d41441fd780afb34","status":"skipped","statusDetails":"XFAIL\n\nselenium.common.exceptions.NoSuchElementException: Message: no such element: Unable to locate element: {\"method\":\"xpath\",\"selector\":\"(//a[@class='add-to-cart yellow-btn'])[1]\"}\n  (Session info: headless chrome=117.0.5938.92); For documentation on this error, please visit: https://www.selenium.dev/documentation/webdriver/troubleshooting/errors#no-such-element-exception\nStacktrace:\n#0 0x55e3f9d266b3 <unknown>\n#1 0x55e3f99fc1e7 <unknown>\n#2 0x55e3f9a43566 <unknown>\n#3 0x55e3f9a43651 <unknown>\n#4 0x55e3f9a80a74 <unknown>\n#5 0x55e3f9a650ed <unknown>\n#6 0x55e3f9a7e322 <unknown>\n#7 0x55e3f9a64e93 <unknown>\n#8 0x55e3f9a37934 <unknown>\n#9 0x55e3f9a3871e <unknown>\n#10 0x55e3f9cebcb8 <unknown>\n#11 0x55e3f9cefbf0 <unknown>\n#12 0x55e3f9cfa19c <unknown>\n#13 0x55e3f9cf0808 <unknown>\n#14 0x55e3f9cbd27f <unknown>\n#15 0x55e3f9d14e88 <unknown>\n#16 0x55e3f9d15059 <unknown>\n#17 0x55e3f9d25843 <unknown>\n#18 0x7fed17fc5044 <unknown>","time":{"start":1695430722923,"stop":1695430723591,"duration":668}},{"uid":"6afa9b70878af791","reportUrl":"https://Nat754.github.io/StroyremAutomation/71//#testresult/6afa9b70878af791","status":"skipped","statusDetails":"XFAIL\n\nselenium.common.exceptions.NoSuchElementException: Message: no such element: Unable to locate element: {\"method\":\"xpath\",\"selector\":\"(//a[@class='add-to-cart yellow-btn'])[1]\"}\n  (Session info: headless chrome=117.0.5938.92); For documentation on this error, please visit: https://www.selenium.dev/documentation/webdriver/troubleshooting/errors#no-such-element-exception\nStacktrace:\n#0 0x56402607c6b3 <unknown>\n#1 0x564025d521e7 <unknown>\n#2 0x564025d99566 <unknown>\n#3 0x564025d99651 <unknown>\n#4 0x564025dd6a74 <unknown>\n#5 0x564025dbb0ed <unknown>\n#6 0x564025dd4322 <unknown>\n#7 0x564025dbae93 <unknown>\n#8 0x564025d8d934 <unknown>\n#9 0x564025d8e71e <unknown>\n#10 0x564026041cb8 <unknown>\n#11 0x564026045bf0 <unknown>\n#12 0x56402605019c <unknown>\n#13 0x564026046808 <unknown>\n#14 0x56402601327f <unknown>\n#15 0x56402606ae88 <unknown>\n#16 0x56402606b059 <unknown>\n#17 0x56402607b843 <unknown>\n#18 0x7fc1dc970044 <unknown>","time":{"start":1695406033012,"stop":1695406033687,"duration":675}},{"uid":"41e8c531c6617d00","reportUrl":"https://Nat754.github.io/StroyremAutomation/71//#testresult/41e8c531c6617d00","status":"skipped","statusDetails":"XFAIL\n\nselenium.common.exceptions.NoSuchElementException: Message: no such element: Unable to locate element: {\"method\":\"xpath\",\"selector\":\"(//a[@class='add-to-cart yellow-btn'])[1]\"}\n  (Session info: headless chrome=117.0.5938.92); For documentation on this error, please visit: https://www.selenium.dev/documentation/webdriver/troubleshooting/errors#no-such-element-exception\nStacktrace:\n#0 0x5556652aa6b3 <unknown>\n#1 0x555664f801e7 <unknown>\n#2 0x555664fc7566 <unknown>\n#3 0x555664fc7651 <unknown>\n#4 0x555665004a74 <unknown>\n#5 0x555664fe90ed <unknown>\n#6 0x555665002322 <unknown>\n#7 0x555664fe8e93 <unknown>\n#8 0x555664fbb934 <unknown>\n#9 0x555664fbc71e <unknown>\n#10 0x55566526fcb8 <unknown>\n#11 0x555665273bf0 <unknown>\n#12 0x55566527e19c <unknown>\n#13 0x555665274808 <unknown>\n#14 0x55566524127f <unknown>\n#15 0x555665298e88 <unknown>\n#16 0x555665299059 <unknown>\n#17 0x5556652a9843 <unknown>\n#18 0x7f1bc8805044 <unknown>","time":{"start":1695344259591,"stop":1695344259990,"duration":399}},{"uid":"8ed7a42da7c681d0","reportUrl":"https://Nat754.github.io/StroyremAutomation/70//#testresult/8ed7a42da7c681d0","status":"skipped","statusDetails":"XFAIL\n\nselenium.common.exceptions.NoSuchElementException: Message: no such element: Unable to locate element: {\"method\":\"xpath\",\"selector\":\"(//a[@class='add-to-cart yellow-btn'])[1]\"}\n  (Session info: headless chrome=117.0.5938.88); For documentation on this error, please visit: https://www.selenium.dev/documentation/webdriver/troubleshooting/errors#no-such-element-exception\nStacktrace:\n#0 0x55ac0a5386c3 <unknown>\n#1 0x55ac0a20e1e7 <unknown>\n#2 0x55ac0a255566 <unknown>\n#3 0x55ac0a255651 <unknown>\n#4 0x55ac0a292a74 <unknown>\n#5 0x55ac0a2770ed <unknown>\n#6 0x55ac0a290322 <unknown>\n#7 0x55ac0a276e93 <unknown>\n#8 0x55ac0a249934 <unknown>\n#9 0x55ac0a24a71e <unknown>\n#10 0x55ac0a4fdcc8 <unknown>\n#11 0x55ac0a501c00 <unknown>\n#12 0x55ac0a50c1ac <unknown>\n#13 0x55ac0a502818 <unknown>\n#14 0x55ac0a4cf28f <unknown>\n#15 0x55ac0a526e98 <unknown>\n#16 0x55ac0a527069 <unknown>\n#17 0x55ac0a537853 <unknown>\n#18 0x7f654eea0044 <unknown>","time":{"start":1695257839308,"stop":1695257839777,"duration":469}},{"uid":"e72f48077007d580","reportUrl":"https://Nat754.github.io/StroyremAutomation/69//#testresult/e72f48077007d580","status":"skipped","statusDetails":"XFAIL\n\nselenium.common.exceptions.ElementNotInteractableException: Message: element not interactable\n  (Session info: headless chrome=117.0.5938.88)\nStacktrace:\n#0 0x55768cb436c3 <unknown>\n#1 0x55768c819036 <unknown>\n#2 0x55768c857c1d <unknown>\n#3 0x55768c8820c2 <unknown>\n#4 0x55768c855f16 <unknown>\n#5 0x55768c88228e <unknown>\n#6 0x55768c89b322 <unknown>\n#7 0x55768c881e93 <unknown>\n#8 0x55768c854934 <unknown>\n#9 0x55768c85571e <unknown>\n#10 0x55768cb08cc8 <unknown>\n#11 0x55768cb0cc00 <unknown>\n#12 0x55768cb171ac <unknown>\n#13 0x55768cb0d818 <unknown>\n#14 0x55768cada28f <unknown>\n#15 0x55768cb31e98 <unknown>\n#16 0x55768cb32069 <unknown>\n#17 0x55768cb42853 <unknown>\n#18 0x7f0d27669044 <unknown>","time":{"start":1695171779504,"stop":1695171785993,"duration":6489}},{"uid":"cf9a94a84518b0e1","reportUrl":"https://Nat754.github.io/StroyremAutomation/68//#testresult/cf9a94a84518b0e1","status":"skipped","statusDetails":"XFAIL\n\nselenium.common.exceptions.NoSuchElementException: Message: no such element: Unable to locate element: {\"method\":\"xpath\",\"selector\":\"(//a[@class='add-to-cart yellow-btn'])[1]\"}\n  (Session info: headless chrome=117.0.5938.88); For documentation on this error, please visit: https://www.selenium.dev/documentation/webdriver/troubleshooting/errors#no-such-element-exception\nStacktrace:\n#0 0x55d9f89146c3 <unknown>\n#1 0x55d9f85ea1e7 <unknown>\n#2 0x55d9f8631566 <unknown>\n#3 0x55d9f8631651 <unknown>\n#4 0x55d9f866ea74 <unknown>\n#5 0x55d9f86530ed <unknown>\n#6 0x55d9f866c322 <unknown>\n#7 0x55d9f8652e93 <unknown>\n#8 0x55d9f8625934 <unknown>\n#9 0x55d9f862671e <unknown>\n#10 0x55d9f88d9cc8 <unknown>\n#11 0x55d9f88ddc00 <unknown>\n#12 0x55d9f88e81ac <unknown>\n#13 0x55d9f88de818 <unknown>\n#14 0x55d9f88ab28f <unknown>\n#15 0x55d9f8902e98 <unknown>\n#16 0x55d9f8903069 <unknown>\n#17 0x55d9f8913853 <unknown>\n#18 0x7f6cff2e5044 <unknown>","time":{"start":1695085162039,"stop":1695085162565,"duration":526}},{"uid":"4ea18610a9c6ff6","reportUrl":"https://Nat754.github.io/StroyremAutomation/67//#testresult/4ea18610a9c6ff6","status":"skipped","statusDetails":"XFAIL\n\nselenium.common.exceptions.NoSuchElementException: Message: no such element: Unable to locate element: {\"method\":\"xpath\",\"selector\":\"(//a[@class='add-to-cart yellow-btn'])[1]\"}\n  (Session info: headless chrome=117.0.5938.88); For documentation on this error, please visit: https://www.selenium.dev/documentation/webdriver/troubleshooting/errors#no-such-element-exception\nStacktrace:\n#0 0x559be01fe6c3 <unknown>\n#1 0x559bdfed41e7 <unknown>\n#2 0x559bdff1b566 <unknown>\n#3 0x559bdff1b651 <unknown>\n#4 0x559bdff58a74 <unknown>\n#5 0x559bdff3d0ed <unknown>\n#6 0x559bdff56322 <unknown>\n#7 0x559bdff3ce93 <unknown>\n#8 0x559bdff0f934 <unknown>\n#9 0x559bdff1071e <unknown>\n#10 0x559be01c3cc8 <unknown>\n#11 0x559be01c7c00 <unknown>\n#12 0x559be01d21ac <unknown>\n#13 0x559be01c8818 <unknown>\n#14 0x559be019528f <unknown>\n#15 0x559be01ece98 <unknown>\n#16 0x559be01ed069 <unknown>\n#17 0x559be01fd853 <unknown>\n#18 0x7fbf60092044 <unknown>","time":{"start":1695063675991,"stop":1695063676504,"duration":513}},{"uid":"5b9eda2062dccf20","reportUrl":"https://Nat754.github.io/StroyremAutomation/66//#testresult/5b9eda2062dccf20","status":"skipped","statusDetails":"XFAIL\n\nselenium.common.exceptions.NoSuchElementException: Message: no such element: Unable to locate element: {\"method\":\"xpath\",\"selector\":\"(//a[@class='add-to-cart yellow-btn'])[1]\"}\n  (Session info: headless chrome=117.0.5938.88); For documentation on this error, please visit: https://www.selenium.dev/documentation/webdriver/troubleshooting/errors#no-such-element-exception\nStacktrace:\n#0 0x5578b5e156c3 <unknown>\n#1 0x5578b5aeb1e7 <unknown>\n#2 0x5578b5b32566 <unknown>\n#3 0x5578b5b32651 <unknown>\n#4 0x5578b5b6fa74 <unknown>\n#5 0x5578b5b540ed <unknown>\n#6 0x5578b5b6d322 <unknown>\n#7 0x5578b5b53e93 <unknown>\n#8 0x5578b5b26934 <unknown>\n#9 0x5578b5b2771e <unknown>\n#10 0x5578b5ddacc8 <unknown>\n#11 0x5578b5ddec00 <unknown>\n#12 0x5578b5de91ac <unknown>\n#13 0x5578b5ddf818 <unknown>\n#14 0x5578b5dac28f <unknown>\n#15 0x5578b5e03e98 <unknown>\n#16 0x5578b5e04069 <unknown>\n#17 0x5578b5e14853 <unknown>\n#18 0x7f8435cde044 <unknown>","time":{"start":1695060486420,"stop":1695060486872,"duration":452}},{"uid":"b05296964d13c7f0","reportUrl":"https://Nat754.github.io/StroyremAutomation/66//#testresult/b05296964d13c7f0","status":"skipped","statusDetails":"XFAIL\n\nselenium.common.exceptions.NoSuchElementException: Message: no such element: Unable to locate element: {\"method\":\"xpath\",\"selector\":\"(//a[@class='add-to-cart yellow-btn'])[1]\"}\n  (Session info: headless chrome=117.0.5938.88); For documentation on this error, please visit: https://www.selenium.dev/documentation/webdriver/troubleshooting/errors#no-such-element-exception\nStacktrace:\n#0 0x55695da756c3 <unknown>\n#1 0x55695d74b1e7 <unknown>\n#2 0x55695d792566 <unknown>\n#3 0x55695d792651 <unknown>\n#4 0x55695d7cfa74 <unknown>\n#5 0x55695d7b40ed <unknown>\n#6 0x55695d7cd322 <unknown>\n#7 0x55695d7b3e93 <unknown>\n#8 0x55695d786934 <unknown>\n#9 0x55695d78771e <unknown>\n#10 0x55695da3acc8 <unknown>\n#11 0x55695da3ec00 <unknown>\n#12 0x55695da491ac <unknown>\n#13 0x55695da3f818 <unknown>\n#14 0x55695da0c28f <unknown>\n#15 0x55695da63e98 <unknown>\n#16 0x55695da64069 <unknown>\n#17 0x55695da74853 <unknown>\n#18 0x7f472bf77044 <unknown>","time":{"start":1694998520975,"stop":1694998521420,"duration":445}},{"uid":"808a19d52e028bac","reportUrl":"https://Nat754.github.io/StroyremAutomation/65//#testresult/808a19d52e028bac","status":"skipped","statusDetails":"XFAIL\n\nselenium.common.exceptions.NoSuchElementException: Message: no such element: Unable to locate element: {\"method\":\"xpath\",\"selector\":\"(//a[@class='add-to-cart yellow-btn'])[1]\"}\n  (Session info: headless chrome=117.0.5938.88); For documentation on this error, please visit: https://www.selenium.dev/documentation/webdriver/troubleshooting/errors#no-such-element-exception\nStacktrace:\n#0 0x55734c29b6c3 <unknown>\n#1 0x55734bf711e7 <unknown>\n#2 0x55734bfb8566 <unknown>\n#3 0x55734bfb8651 <unknown>\n#4 0x55734bff5a74 <unknown>\n#5 0x55734bfda0ed <unknown>\n#6 0x55734bff3322 <unknown>\n#7 0x55734bfd9e93 <unknown>\n#8 0x55734bfac934 <unknown>\n#9 0x55734bfad71e <unknown>\n#10 0x55734c260cc8 <unknown>\n#11 0x55734c264c00 <unknown>\n#12 0x55734c26f1ac <unknown>\n#13 0x55734c265818 <unknown>\n#14 0x55734c23228f <unknown>\n#15 0x55734c289e98 <unknown>\n#16 0x55734c28a069 <unknown>\n#17 0x55734c29a853 <unknown>\n#18 0x7fce598bc044 <unknown>","time":{"start":1694929470977,"stop":1694929471564,"duration":587}},{"uid":"40d1fe7e1a520fb","reportUrl":"https://Nat754.github.io/StroyremAutomation/65//#testresult/40d1fe7e1a520fb","status":"skipped","statusDetails":"XFAIL\n\nselenium.common.exceptions.NoSuchElementException: Message: no such element: Unable to locate element: {\"method\":\"xpath\",\"selector\":\"(//a[@class='add-to-cart yellow-btn'])[1]\"}\n  (Session info: headless chrome=117.0.5938.88); For documentation on this error, please visit: https://www.selenium.dev/documentation/webdriver/troubleshooting/errors#no-such-element-exception\nStacktrace:\n#0 0x559bf3fef6c3 <unknown>\n#1 0x559bf3cc51e7 <unknown>\n#2 0x559bf3d0c566 <unknown>\n#3 0x559bf3d0c651 <unknown>\n#4 0x559bf3d49a74 <unknown>\n#5 0x559bf3d2e0ed <unknown>\n#6 0x559bf3d47322 <unknown>\n#7 0x559bf3d2de93 <unknown>\n#8 0x559bf3d00934 <unknown>\n#9 0x559bf3d0171e <unknown>\n#10 0x559bf3fb4cc8 <unknown>\n#11 0x559bf3fb8c00 <unknown>\n#12 0x559bf3fc31ac <unknown>\n#13 0x559bf3fb9818 <unknown>\n#14 0x559bf3f8628f <unknown>\n#15 0x559bf3fdde98 <unknown>\n#16 0x559bf3fde069 <unknown>\n#17 0x559bf3fee853 <unknown>\n#18 0x7f9cf2db4044 <unknown>","time":{"start":1694912370114,"stop":1694912370697,"duration":583}},{"uid":"fee82a4fd869668","reportUrl":"https://Nat754.github.io/StroyremAutomation/64//#testresult/fee82a4fd869668","status":"skipped","statusDetails":"XFAIL\n\nselenium.common.exceptions.NoSuchElementException: Message: no such element: Unable to locate element: {\"method\":\"xpath\",\"selector\":\"(//a[@class='add-to-cart yellow-btn'])[1]\"}\n  (Session info: headless chrome=117.0.5938.88); For documentation on this error, please visit: https://www.selenium.dev/documentation/webdriver/troubleshooting/errors#no-such-element-exception\nStacktrace:\n#0 0x55acffff36c3 <unknown>\n#1 0x55acffcc91e7 <unknown>\n#2 0x55acffd10566 <unknown>\n#3 0x55acffd10651 <unknown>\n#4 0x55acffd4da74 <unknown>\n#5 0x55acffd320ed <unknown>\n#6 0x55acffd4b322 <unknown>\n#7 0x55acffd31e93 <unknown>\n#8 0x55acffd04934 <unknown>\n#9 0x55acffd0571e <unknown>\n#10 0x55acfffb8cc8 <unknown>\n#11 0x55acfffbcc00 <unknown>\n#12 0x55acfffc71ac <unknown>\n#13 0x55acfffbd818 <unknown>\n#14 0x55acfff8a28f <unknown>\n#15 0x55acfffe1e98 <unknown>\n#16 0x55acfffe2069 <unknown>\n#17 0x55acffff2853 <unknown>\n#18 0x7fe4edb99044 <unknown>","time":{"start":1694825670963,"stop":1694825671641,"duration":678}},{"uid":"ceafdec6eefe9478","reportUrl":"https://Nat754.github.io/StroyremAutomation/63//#testresult/ceafdec6eefe9478","status":"skipped","statusDetails":"XFAIL\n\nselenium.common.exceptions.NoSuchElementException: Message: no such element: Unable to locate element: {\"method\":\"xpath\",\"selector\":\"(//a[@class='add-to-cart yellow-btn'])[1]\"}\n  (Session info: headless chrome=117.0.5938.62); For documentation on this error, please visit: https://www.selenium.dev/documentation/webdriver/troubleshooting/errors#no-such-element-exception\nStacktrace:\n#0 0x55ba789b8693 <unknown>\n#1 0x55ba7868e1e7 <unknown>\n#2 0x55ba786d5566 <unknown>\n#3 0x55ba786d5651 <unknown>\n#4 0x55ba78712a74 <unknown>\n#5 0x55ba786f70ed <unknown>\n#6 0x55ba78710322 <unknown>\n#7 0x55ba786f6e93 <unknown>\n#8 0x55ba786c9934 <unknown>\n#9 0x55ba786ca71e <unknown>\n#10 0x55ba7897dc98 <unknown>\n#11 0x55ba78981bd0 <unknown>\n#12 0x55ba7898c17c <unknown>\n#13 0x55ba789827e8 <unknown>\n#14 0x55ba7894f25f <unknown>\n#15 0x55ba789a6e68 <unknown>\n#16 0x55ba789a7039 <unknown>\n#17 0x55ba789b7823 <unknown>\n#18 0x7fb9b17c1044 <unknown>","time":{"start":1694739415110,"stop":1694739415640,"duration":530}},{"uid":"89a29a673cf29590","reportUrl":"https://Nat754.github.io/StroyremAutomation/62//#testresult/89a29a673cf29590","status":"skipped","statusDetails":"XFAIL\n\nselenium.common.exceptions.NoSuchElementException: Message: no such element: Unable to locate element: {\"method\":\"xpath\",\"selector\":\"(//a[@class='add-to-cart yellow-btn'])[1]\"}\n  (Session info: headless chrome=117.0.5938.62); For documentation on this error, please visit: https://www.selenium.dev/documentation/webdriver/troubleshooting/errors#no-such-element-exception\nStacktrace:\n#0 0x558eb6be8693 <unknown>\n#1 0x558eb68be1e7 <unknown>\n#2 0x558eb6905566 <unknown>\n#3 0x558eb6905651 <unknown>\n#4 0x558eb6942a74 <unknown>\n#5 0x558eb69270ed <unknown>\n#6 0x558eb6940322 <unknown>\n#7 0x558eb6926e93 <unknown>\n#8 0x558eb68f9934 <unknown>\n#9 0x558eb68fa71e <unknown>\n#10 0x558eb6badc98 <unknown>\n#11 0x558eb6bb1bd0 <unknown>\n#12 0x558eb6bbc17c <unknown>\n#13 0x558eb6bb27e8 <unknown>\n#14 0x558eb6b7f25f <unknown>\n#15 0x558eb6bd6e68 <unknown>\n#16 0x558eb6bd7039 <unknown>\n#17 0x558eb6be7823 <unknown>\n#18 0x7ffa53aba044 <unknown>","time":{"start":1694652954424,"stop":1694652954964,"duration":540}},{"uid":"dda00263ed732fcc","reportUrl":"https://Nat754.github.io/StroyremAutomation/61//#testresult/dda00263ed732fcc","status":"skipped","statusDetails":"XFAIL\n\nselenium.common.exceptions.NoSuchElementException: Message: no such element: Unable to locate element: {\"method\":\"xpath\",\"selector\":\"(//a[@class='add-to-cart yellow-btn'])[1]\"}\n  (Session info: headless chrome=117.0.5938.62); For documentation on this error, please visit: https://www.selenium.dev/documentation/webdriver/troubleshooting/errors#no-such-element-exception\nStacktrace:\n#0 0x564a64260693 <unknown>\n#1 0x564a63f361e7 <unknown>\n#2 0x564a63f7d566 <unknown>\n#3 0x564a63f7d651 <unknown>\n#4 0x564a63fbaa74 <unknown>\n#5 0x564a63f9f0ed <unknown>\n#6 0x564a63fb8322 <unknown>\n#7 0x564a63f9ee93 <unknown>\n#8 0x564a63f71934 <unknown>\n#9 0x564a63f7271e <unknown>\n#10 0x564a64225c98 <unknown>\n#11 0x564a64229bd0 <unknown>\n#12 0x564a6423417c <unknown>\n#13 0x564a6422a7e8 <unknown>\n#14 0x564a641f725f <unknown>\n#15 0x564a6424ee68 <unknown>\n#16 0x564a6424f039 <unknown>\n#17 0x564a6425f823 <unknown>\n#18 0x7f8a7daea044 <unknown>","time":{"start":1694637929697,"stop":1694637930139,"duration":442}},{"uid":"be6a3bba56b2f346","reportUrl":"https://Nat754.github.io/StroyremAutomation/61//#testresult/be6a3bba56b2f346","status":"skipped","statusDetails":"XFAIL\n\nselenium.common.exceptions.NoSuchElementException: Message: no such element: Unable to locate element: {\"method\":\"xpath\",\"selector\":\"(//a[@class='add-to-cart yellow-btn'])[1]\"}\n  (Session info: headless chrome=117.0.5938.62); For documentation on this error, please visit: https://www.selenium.dev/documentation/webdriver/troubleshooting/errors#no-such-element-exception\nStacktrace:\n#0 0x55dc13aa1693 <unknown>\n#1 0x55dc137771e7 <unknown>\n#2 0x55dc137be566 <unknown>\n#3 0x55dc137be651 <unknown>\n#4 0x55dc137fba74 <unknown>\n#5 0x55dc137e00ed <unknown>\n#6 0x55dc137f9322 <unknown>\n#7 0x55dc137dfe93 <unknown>\n#8 0x55dc137b2934 <unknown>\n#9 0x55dc137b371e <unknown>\n#10 0x55dc13a66c98 <unknown>\n#11 0x55dc13a6abd0 <unknown>\n#12 0x55dc13a7517c <unknown>\n#13 0x55dc13a6b7e8 <unknown>\n#14 0x55dc13a3825f <unknown>\n#15 0x55dc13a8fe68 <unknown>\n#16 0x55dc13a90039 <unknown>\n#17 0x55dc13aa0823 <unknown>\n#18 0x7f88eaee1044 <unknown>","time":{"start":1694580717278,"stop":1694580717924,"duration":646}},{"uid":"dad2e2fe048024b5","reportUrl":"https://Nat754.github.io/StroyremAutomation/61//#testresult/dad2e2fe048024b5","status":"skipped","statusDetails":"XFAIL\n\nselenium.common.exceptions.NoSuchElementException: Message: no such element: Unable to locate element: {\"method\":\"xpath\",\"selector\":\"(//a[@class='add-to-cart yellow-btn'])[1]\"}\n  (Session info: headless chrome=117.0.5938.62); For documentation on this error, please visit: https://www.selenium.dev/documentation/webdriver/troubleshooting/errors#no-such-element-exception\nStacktrace:\n#0 0x5653e94df693 <unknown>\n#1 0x5653e91b51e7 <unknown>\n#2 0x5653e91fc566 <unknown>\n#3 0x5653e91fc651 <unknown>\n#4 0x5653e9239a74 <unknown>\n#5 0x5653e921e0ed <unknown>\n#6 0x5653e9237322 <unknown>\n#7 0x5653e921de93 <unknown>\n#8 0x5653e91f0934 <unknown>\n#9 0x5653e91f171e <unknown>\n#10 0x5653e94a4c98 <unknown>\n#11 0x5653e94a8bd0 <unknown>\n#12 0x5653e94b317c <unknown>\n#13 0x5653e94a97e8 <unknown>\n#14 0x5653e947625f <unknown>\n#15 0x5653e94cde68 <unknown>\n#16 0x5653e94ce039 <unknown>\n#17 0x5653e94de823 <unknown>\n#18 0x7f1a19b39044 <unknown>","time":{"start":1694566618384,"stop":1694566618843,"duration":459}},{"uid":"d0e13117b02fcc32","reportUrl":"https://Nat754.github.io/StroyremAutomation/60//#testresult/d0e13117b02fcc32","status":"skipped","statusDetails":"XFAIL\n\nselenium.common.exceptions.NoSuchElementException: Message: no such element: Unable to locate element: {\"method\":\"xpath\",\"selector\":\"(//a[@class='add-to-cart yellow-btn'])[1]\"}\n  (Session info: headless chrome=116.0.5845.96); For documentation on this error, please visit: https://www.selenium.dev/documentation/webdriver/troubleshooting/errors#no-such-element-exception\nStacktrace:\n#0 0x557716f1ce23 <unknown>\n#1 0x557716c457a7 <unknown>\n#2 0x557716c841d3 <unknown>\n#3 0x557716c842c1 <unknown>\n#4 0x557716cbfa04 <unknown>\n#5 0x557716ca503d <unknown>\n#6 0x557716cbd369 <unknown>\n#7 0x557716ca4de3 <unknown>\n#8 0x557716c78a7b <unknown>\n#9 0x557716c7981e <unknown>\n#10 0x557716ede638 <unknown>\n#11 0x557716ee2507 <unknown>\n#12 0x557716eecc4c <unknown>\n#13 0x557716ee3136 <unknown>\n#14 0x557716eb19cf <unknown>\n#15 0x557716f06b98 <unknown>\n#16 0x557716f06d68 <unknown>\n#17 0x557716f15cb3 <unknown>\n#18 0x7f0841c97044 <unknown>","time":{"start":1694504704562,"stop":1694504705202,"duration":640}},{"uid":"e5eab3e692acc04a","reportUrl":"https://Nat754.github.io/StroyremAutomation/60//#testresult/e5eab3e692acc04a","status":"skipped","statusDetails":"XFAIL\n\nselenium.common.exceptions.NoSuchElementException: Message: no such element: Unable to locate element: {\"method\":\"xpath\",\"selector\":\"(//a[@class='add-to-cart yellow-btn'])[1]\"}\n  (Session info: headless chrome=116.0.5845.96); For documentation on this error, please visit: https://www.selenium.dev/documentation/webdriver/troubleshooting/errors#no-such-element-exception\nStacktrace:\n#0 0x55e308545e23 <unknown>\n#1 0x55e30826e7a7 <unknown>\n#2 0x55e3082ad1d3 <unknown>\n#3 0x55e3082ad2c1 <unknown>\n#4 0x55e3082e8a04 <unknown>\n#5 0x55e3082ce03d <unknown>\n#6 0x55e3082e6369 <unknown>\n#7 0x55e3082cdde3 <unknown>\n#8 0x55e3082a1a7b <unknown>\n#9 0x55e3082a281e <unknown>\n#10 0x55e308507638 <unknown>\n#11 0x55e30850b507 <unknown>\n#12 0x55e308515c4c <unknown>\n#13 0x55e30850c136 <unknown>\n#14 0x55e3084da9cf <unknown>\n#15 0x55e30852fb98 <unknown>\n#16 0x55e30852fd68 <unknown>\n#17 0x55e30853ecb3 <unknown>\n#18 0x7f863e6fb044 <unknown>","time":{"start":1694480234615,"stop":1694480235247,"duration":632}},{"uid":"60e2d75728e3eca9","reportUrl":"https://Nat754.github.io/StroyremAutomation/59//#testresult/60e2d75728e3eca9","status":"skipped","statusDetails":"XFAIL\n\nselenium.common.exceptions.NoSuchElementException: Message: no such element: Unable to locate element: {\"method\":\"xpath\",\"selector\":\"(//a[@class='add-to-cart yellow-btn'])[1]\"}\n  (Session info: headless chrome=116.0.5845.96); For documentation on this error, please visit: https://www.selenium.dev/documentation/webdriver/troubleshooting/errors#no-such-element-exception\nStacktrace:\n#0 0x5572a9ce4e23 <unknown>\n#1 0x5572a9a0d7a7 <unknown>\n#2 0x5572a9a4c1d3 <unknown>\n#3 0x5572a9a4c2c1 <unknown>\n#4 0x5572a9a87a04 <unknown>\n#5 0x5572a9a6d03d <unknown>\n#6 0x5572a9a85369 <unknown>\n#7 0x5572a9a6cde3 <unknown>\n#8 0x5572a9a40a7b <unknown>\n#9 0x5572a9a4181e <unknown>\n#10 0x5572a9ca6638 <unknown>\n#11 0x5572a9caa507 <unknown>\n#12 0x5572a9cb4c4c <unknown>\n#13 0x5572a9cab136 <unknown>\n#14 0x5572a9c799cf <unknown>\n#15 0x5572a9cceb98 <unknown>\n#16 0x5572a9cced68 <unknown>\n#17 0x5572a9cddcb3 <unknown>\n#18 0x7fc4e27c8044 <unknown>","time":{"start":1694433856618,"stop":1694433857149,"duration":531}}]},"tags":["@pytest.mark.xfail","smoke_test"]},"source":"bff152b230f6dcfa.json","parameterValues":["11440","299","'TD 024'","9900","'products/shtukaturka-gipsovaya-aksolit-m50-30-kg-mashinnogo-naneseniya'","4300","'https://sandboxtest.stroyrem-nn.ru/'","9000"]}