{"uid":"327c353414e74496","name":"Авторизация с помощью аккаунта ya.ru","fullName":"tests.test_sign_in.test_sign_in_page.TestSignInPage#test_positive_authorization_first_time_using_YA_smoke","historyId":"dad914aa68b78287aa131957fc42820c","time":{"start":1711934492628,"stop":1711934497831,"duration":5203},"status":"skipped","statusMessage":"XFAIL Появляется капча Яндекса при запуске теста на Github\n\nselenium.common.exceptions.NoSuchElementException: Message: no such element: Unable to locate element: {\"method\":\"css selector\",\"selector\":\"button[data-t='button:clear']\"}\n  (Session info: chrome-headless-shell=123.0.6312.86); For documentation on this error, please visit: https://www.selenium.dev/documentation/webdriver/troubleshooting/errors#no-such-element-exception\nStacktrace:\n#0 0x5595f31598a3 <unknown>\n#1 0x5595f2e4f8c6 <unknown>\n#2 0x5595f2e9a618 <unknown>\n#3 0x5595f2e9a6d1 <unknown>\n#4 0x5595f2edd744 <unknown>\n#5 0x5595f2ebc5cd <unknown>\n#6 0x5595f2edac19 <unknown>\n#7 0x5595f2ebc343 <unknown>\n#8 0x5595f2e8d593 <unknown>\n#9 0x5595f2e8df5e <unknown>\n#10 0x5595f311d88b <unknown>\n#11 0x5595f31217e5 <unknown>\n#12 0x5595f310b5b1 <unknown>\n#13 0x5595f3122372 <unknown>\n#14 0x5595f30f08bf <unknown>\n#15 0x5595f3148768 <unknown>\n#16 0x5595f314893b <unknown>\n#17 0x5595f31589f4 <unknown>\n#18 0x7f6a83b7b134 <unknown>","statusTrace":"self = <tests.test_sign_in.test_sign_in_page.TestSignInPage object at 0x7f5258413a10>\ndriver = <selenium.webdriver.chrome.webdriver.WebDriver (session=\"5bb8cf91ae6e15db9e00faa73cbd4a92\")>\nsign_in_page = <pages.sign_in_page.SignInPage object at 0x7f52574d7d50>\nopen_sign_in_window = None\n\n    @allure.title(\"Авторизация с помощью аккаунта ya.ru\")\n    @pytest.mark.xfail(reason=\"Появляется капча Яндекса при запуске теста на Github\")\n    @pytest.mark.smoke_test\n    def test_positive_authorization_first_time_using_YA_smoke(self, driver, sign_in_page, open_sign_in_window):\n        sign_in_page.get_ya_ru_auth_icon().click()\n        driver.switch_to.window(driver.window_handles[1])\n        # driver.delete_all_cookies()\n        driver.add_cookie({'name': 'uniqueuid',\n                           'value': '384528911692006899',\n                           'domain': 'passport.yandex.ru',\n                           'httpOnly': True,\n                           'path': '/',\n                           'expiry': 1723499808,\n                           'sameSite': 'Lax',\n                           'secure': True})\n        driver.add_cookie({'name': 'ymex',\n                           'value': '2007366920.yrts.1692006920#2007366900.yrtsi.1692006900',\n                           'domain': '.yandex.ru',\n                           'httpOnly': False,\n                           'path': '/',\n                           'expiry': 1723499808,\n                           'secure': True})\n        driver.add_cookie({'name': 'i',\n                           'value': 'rpEp6ASpcmkXAketS0UdMiVBT6ovBbPtyYRYZIsRWdkwRjrAU27Q2rmgTx58XJTCF6sreSZhfheTbJeEsS',\n                           'domain': '.yandex.ru',\n                           'httpOnly': True,\n                           'path': '/',\n                           'expiry': 1723499808,\n                           'secure': True})\n        driver.add_cookie({'name': 'yandexuid',\n                           'value': '5114601221692006901',\n                           'domain': '.yandex.ru',\n                           'httpOnly': False,\n                           'path': '/',\n                           'expiry': 1723499808,\n                           'secure': True})\n        driver.add_cookie({'name': 'yuidss',\n                           'value': '7640250911692006900',\n                           'domain': '.yandex.ru',\n                           'httpOnly': False,\n                           'path': '/',\n                           'expiry': 1723499808,\n                           'secure': True})\n        driver.add_cookie({'name': 'gdpr',\n                           'value': '0',\n                           'domain': '.yandex.ru',\n                           'httpOnly': False,\n                           'path': '/',\n                           'expiry': 1723499808,\n                           'secure': True})\n        driver.add_cookie({'name': '_ym_uid',\n                           'value': '169200690291832112',\n                           'domain': '.yandex.ru',\n                           'httpOnly': False,\n                           'path': '/',\n                           'expiry': 1723499808,\n                           'secure': True})\n        driver.add_cookie({'name': '_ym_d',\n                           'value': '1692006902',\n                           'domain': '.yandex.ru',\n                           'httpOnly': False,\n                           'path': '/',\n                           'expiry': 1723499808,\n                           'secure': True})\n        driver.add_cookie({'name': 'bh',\n                           'value': 'Ej8iTm90L0EpQnJhbmQiO3Y9Ijk5IiwiR29vZ2xlIENocm9tZSI7dj0iMTE1IiwiQ2hyb21pdW0iO3Y9IjExNSIaBSJ4ODYiIhAiMTE1LjAuNTc5MC4xMTAiKgI',\n                           'domain': 'yandex.ru',\n                           'httpOnly': False,\n                           'path': '/',\n                           'expiry': 1723499808,\n                           'secure': False})\n        driver.add_cookie({'name': '_ym_visorc',\n                           'value': 'b',\n                           'domain': '.yandex.ru',\n                           'httpOnly': False,\n                           'path': '/',\n                           'expiry': 1723499808,\n                           'secure': True})\n        driver.execute_script(\"arguments[0].scrollIntoView();\",\n>                             sign_in_page.get_ya_ru_window_alternative_ways_to_sign_up())\n\ntests/test_sign_in/test_sign_in_page.py:209: \n_ _ _ _ _ _ _ _ _ _ _ _ _ _ _ _ _ _ _ _ _ _ _ _ _ _ _ _ _ _ _ _ _ _ _ _ _ _ _ _ \npages/sign_in_page.py:191: in get_ya_ru_window_alternative_ways_to_sign_up\n    return self.find_element(self._ya_ru_window_alternative_ways_to_sign_up)\nbase/seleniumbase.py:17: in find_element\n    return self.driver.find_element(*locator)\n/usr/local/lib/python3.11/site-packages/selenium/webdriver/remote/webdriver.py:739: in find_element\n    return self.execute(Command.FIND_ELEMENT, {\"using\": by, \"value\": value})[\"value\"]\n/usr/local/lib/python3.11/site-packages/selenium/webdriver/remote/webdriver.py:345: in execute\n    self.error_handler.check_response(response)\n_ _ _ _ _ _ _ _ _ _ _ _ _ _ _ _ _ _ _ _ _ _ _ _ _ _ _ _ _ _ _ _ _ _ _ _ _ _ _ _ \n\nself = <selenium.webdriver.remote.errorhandler.ErrorHandler object at 0x7f52564ca490>\nresponse = {'status': 404, 'value': '{\"value\":{\"error\":\"no such element\",\"message\":\"no such element: Unable to locate element: {\\...\\\\n#16 0x5595f314893b \\\\u003Cunknown>\\\\n#17 0x5595f31589f4 \\\\u003Cunknown>\\\\n#18 0x7f6a83b7b134 \\\\u003Cunknown>\\\\n\"}}'}\n\n    def check_response(self, response: Dict[str, Any]) -> None:\n        \"\"\"Checks that a JSON response from the WebDriver does not have an\n        error.\n    \n        :Args:\n         - response - The JSON response from the WebDriver server as a dictionary\n           object.\n    \n        :Raises: If the response contains an error message.\n        \"\"\"\n        status = response.get(\"status\", None)\n        if not status or status == ErrorCode.SUCCESS:\n            return\n        value = None\n        message = response.get(\"message\", \"\")\n        screen: str = response.get(\"screen\", \"\")\n        stacktrace = None\n        if isinstance(status, int):\n            value_json = response.get(\"value\", None)\n            if value_json and isinstance(value_json, str):\n                import json\n    \n                try:\n                    value = json.loads(value_json)\n                    if len(value) == 1:\n                        value = value[\"value\"]\n                    status = value.get(\"error\", None)\n                    if not status:\n                        status = value.get(\"status\", ErrorCode.UNKNOWN_ERROR)\n                        message = value.get(\"value\") or value.get(\"message\")\n                        if not isinstance(message, str):\n                            value = message\n                            message = message.get(\"message\")\n                    else:\n                        message = value.get(\"message\", None)\n                except ValueError:\n                    pass\n    \n        exception_class: Type[WebDriverException]\n        e = ErrorCode()\n        error_codes = [item for item in dir(e) if not item.startswith(\"__\")]\n        for error_code in error_codes:\n            error_info = getattr(ErrorCode, error_code)\n            if isinstance(error_info, list) and status in error_info:\n                exception_class = getattr(ExceptionMapping, error_code, WebDriverException)\n                break\n        else:\n            exception_class = WebDriverException\n    \n        if not value:\n            value = response[\"value\"]\n        if isinstance(value, str):\n            raise exception_class(value)\n        if message == \"\" and \"message\" in value:\n            message = value[\"message\"]\n    \n        screen = None  # type: ignore[assignment]\n        if \"screen\" in value:\n            screen = value[\"screen\"]\n    \n        stacktrace = None\n        st_value = value.get(\"stackTrace\") or value.get(\"stacktrace\")\n        if st_value:\n            if isinstance(st_value, str):\n                stacktrace = st_value.split(\"\\n\")\n            else:\n                stacktrace = []\n                try:\n                    for frame in st_value:\n                        line = frame.get(\"lineNumber\", \"\")\n                        file = frame.get(\"fileName\", \"<anonymous>\")\n                        if line:\n                            file = f\"{file}:{line}\"\n                        meth = frame.get(\"methodName\", \"<anonymous>\")\n                        if \"className\" in frame:\n                            meth = f\"{frame['className']}.{meth}\"\n                        msg = \"    at %s (%s)\"\n                        msg = msg % (meth, file)\n                        stacktrace.append(msg)\n                except TypeError:\n                    pass\n        if exception_class == UnexpectedAlertPresentException:\n            alert_text = None\n            if \"data\" in value:\n                alert_text = value[\"data\"].get(\"text\")\n            elif \"alert\" in value:\n                alert_text = value[\"alert\"].get(\"text\")\n            raise exception_class(message, screen, stacktrace, alert_text)  # type: ignore[call-arg]  # mypy is not smart enough here\n>       raise exception_class(message, screen, stacktrace)\nE       selenium.common.exceptions.NoSuchElementException: Message: no such element: Unable to locate element: {\"method\":\"css selector\",\"selector\":\"button[data-t='button:clear']\"}\nE         (Session info: chrome-headless-shell=123.0.6312.86); For documentation on this error, please visit: https://www.selenium.dev/documentation/webdriver/troubleshooting/errors#no-such-element-exception\nE       Stacktrace:\nE       #0 0x5595f31598a3 <unknown>\nE       #1 0x5595f2e4f8c6 <unknown>\nE       #2 0x5595f2e9a618 <unknown>\nE       #3 0x5595f2e9a6d1 <unknown>\nE       #4 0x5595f2edd744 <unknown>\nE       #5 0x5595f2ebc5cd <unknown>\nE       #6 0x5595f2edac19 <unknown>\nE       #7 0x5595f2ebc343 <unknown>\nE       #8 0x5595f2e8d593 <unknown>\nE       #9 0x5595f2e8df5e <unknown>\nE       #10 0x5595f311d88b <unknown>\nE       #11 0x5595f31217e5 <unknown>\nE       #12 0x5595f310b5b1 <unknown>\nE       #13 0x5595f3122372 <unknown>\nE       #14 0x5595f30f08bf <unknown>\nE       #15 0x5595f3148768 <unknown>\nE       #16 0x5595f314893b <unknown>\nE       #17 0x5595f31589f4 <unknown>\nE       #18 0x7f6a83b7b134 <unknown>\n\n/usr/local/lib/python3.11/site-packages/selenium/webdriver/remote/errorhandler.py:229: NoSuchElementException","flaky":false,"newFailed":false,"newBroken":false,"newPassed":false,"retriesCount":0,"retriesStatusChange":false,"beforeStages":[{"name":"_session_faker","time":{"start":1711932844197,"stop":1711932844268,"duration":71},"status":"passed","steps":[],"attachments":[],"parameters":[],"shouldDisplayMessage":false,"stepsCount":0,"attachmentsCount":0,"hasContent":false,"attachmentStep":false},{"name":"clear_allure_results_folder","time":{"start":1711932844268,"stop":1711932844268,"duration":0},"status":"passed","steps":[],"attachments":[],"parameters":[],"shouldDisplayMessage":false,"stepsCount":0,"attachmentsCount":0,"hasContent":false,"attachmentStep":false},{"name":"driver","time":{"start":1711934482344,"stop":1711934483125,"duration":781},"status":"passed","steps":[],"attachments":[],"parameters":[],"shouldDisplayMessage":false,"stepsCount":0,"attachmentsCount":0,"hasContent":false,"attachmentStep":false},{"name":"sign_in_page","time":{"start":1711934483125,"stop":1711934492293,"duration":9168},"status":"passed","steps":[],"attachments":[],"parameters":[],"shouldDisplayMessage":false,"stepsCount":0,"attachmentsCount":0,"hasContent":false,"attachmentStep":false},{"name":"setup","time":{"start":1711934483125,"stop":1711934483125,"duration":0},"status":"passed","steps":[],"attachments":[],"parameters":[],"shouldDisplayMessage":false,"stepsCount":0,"attachmentsCount":0,"hasContent":false,"attachmentStep":false},{"name":"open_sign_in_window","time":{"start":1711934492293,"stop":1711934492628,"duration":335},"status":"passed","steps":[{"name":"Нахождение элемента: иконка профиля в хедере","time":{"start":1711934492293,"stop":1711934492303,"duration":10},"status":"passed","steps":[],"attachments":[],"parameters":[],"shouldDisplayMessage":false,"stepsCount":0,"attachmentsCount":0,"hasContent":false,"attachmentStep":false}],"attachments":[],"parameters":[],"shouldDisplayMessage":false,"stepsCount":1,"attachmentsCount":0,"hasContent":true,"attachmentStep":false}],"testStage":{"status":"skipped","statusMessage":"XFAIL Появляется капча Яндекса при запуске теста на Github\n\nselenium.common.exceptions.NoSuchElementException: Message: no such element: Unable to locate element: {\"method\":\"css selector\",\"selector\":\"button[data-t='button:clear']\"}\n  (Session info: chrome-headless-shell=123.0.6312.86); For documentation on this error, please visit: https://www.selenium.dev/documentation/webdriver/troubleshooting/errors#no-such-element-exception\nStacktrace:\n#0 0x5595f31598a3 <unknown>\n#1 0x5595f2e4f8c6 <unknown>\n#2 0x5595f2e9a618 <unknown>\n#3 0x5595f2e9a6d1 <unknown>\n#4 0x5595f2edd744 <unknown>\n#5 0x5595f2ebc5cd <unknown>\n#6 0x5595f2edac19 <unknown>\n#7 0x5595f2ebc343 <unknown>\n#8 0x5595f2e8d593 <unknown>\n#9 0x5595f2e8df5e <unknown>\n#10 0x5595f311d88b <unknown>\n#11 0x5595f31217e5 <unknown>\n#12 0x5595f310b5b1 <unknown>\n#13 0x5595f3122372 <unknown>\n#14 0x5595f30f08bf <unknown>\n#15 0x5595f3148768 <unknown>\n#16 0x5595f314893b <unknown>\n#17 0x5595f31589f4 <unknown>\n#18 0x7f6a83b7b134 <unknown>","statusTrace":"self = <tests.test_sign_in.test_sign_in_page.TestSignInPage object at 0x7f5258413a10>\ndriver = <selenium.webdriver.chrome.webdriver.WebDriver (session=\"5bb8cf91ae6e15db9e00faa73cbd4a92\")>\nsign_in_page = <pages.sign_in_page.SignInPage object at 0x7f52574d7d50>\nopen_sign_in_window = None\n\n    @allure.title(\"Авторизация с помощью аккаунта ya.ru\")\n    @pytest.mark.xfail(reason=\"Появляется капча Яндекса при запуске теста на Github\")\n    @pytest.mark.smoke_test\n    def test_positive_authorization_first_time_using_YA_smoke(self, driver, sign_in_page, open_sign_in_window):\n        sign_in_page.get_ya_ru_auth_icon().click()\n        driver.switch_to.window(driver.window_handles[1])\n        # driver.delete_all_cookies()\n        driver.add_cookie({'name': 'uniqueuid',\n                           'value': '384528911692006899',\n                           'domain': 'passport.yandex.ru',\n                           'httpOnly': True,\n                           'path': '/',\n                           'expiry': 1723499808,\n                           'sameSite': 'Lax',\n                           'secure': True})\n        driver.add_cookie({'name': 'ymex',\n                           'value': '2007366920.yrts.1692006920#2007366900.yrtsi.1692006900',\n                           'domain': '.yandex.ru',\n                           'httpOnly': False,\n                           'path': '/',\n                           'expiry': 1723499808,\n                           'secure': True})\n        driver.add_cookie({'name': 'i',\n                           'value': 'rpEp6ASpcmkXAketS0UdMiVBT6ovBbPtyYRYZIsRWdkwRjrAU27Q2rmgTx58XJTCF6sreSZhfheTbJeEsS',\n                           'domain': '.yandex.ru',\n                           'httpOnly': True,\n                           'path': '/',\n                           'expiry': 1723499808,\n                           'secure': True})\n        driver.add_cookie({'name': 'yandexuid',\n                           'value': '5114601221692006901',\n                           'domain': '.yandex.ru',\n                           'httpOnly': False,\n                           'path': '/',\n                           'expiry': 1723499808,\n                           'secure': True})\n        driver.add_cookie({'name': 'yuidss',\n                           'value': '7640250911692006900',\n                           'domain': '.yandex.ru',\n                           'httpOnly': False,\n                           'path': '/',\n                           'expiry': 1723499808,\n                           'secure': True})\n        driver.add_cookie({'name': 'gdpr',\n                           'value': '0',\n                           'domain': '.yandex.ru',\n                           'httpOnly': False,\n                           'path': '/',\n                           'expiry': 1723499808,\n                           'secure': True})\n        driver.add_cookie({'name': '_ym_uid',\n                           'value': '169200690291832112',\n                           'domain': '.yandex.ru',\n                           'httpOnly': False,\n                           'path': '/',\n                           'expiry': 1723499808,\n                           'secure': True})\n        driver.add_cookie({'name': '_ym_d',\n                           'value': '1692006902',\n                           'domain': '.yandex.ru',\n                           'httpOnly': False,\n                           'path': '/',\n                           'expiry': 1723499808,\n                           'secure': True})\n        driver.add_cookie({'name': 'bh',\n                           'value': 'Ej8iTm90L0EpQnJhbmQiO3Y9Ijk5IiwiR29vZ2xlIENocm9tZSI7dj0iMTE1IiwiQ2hyb21pdW0iO3Y9IjExNSIaBSJ4ODYiIhAiMTE1LjAuNTc5MC4xMTAiKgI',\n                           'domain': 'yandex.ru',\n                           'httpOnly': False,\n                           'path': '/',\n                           'expiry': 1723499808,\n                           'secure': False})\n        driver.add_cookie({'name': '_ym_visorc',\n                           'value': 'b',\n                           'domain': '.yandex.ru',\n                           'httpOnly': False,\n                           'path': '/',\n                           'expiry': 1723499808,\n                           'secure': True})\n        driver.execute_script(\"arguments[0].scrollIntoView();\",\n>                             sign_in_page.get_ya_ru_window_alternative_ways_to_sign_up())\n\ntests/test_sign_in/test_sign_in_page.py:209: \n_ _ _ _ _ _ _ _ _ _ _ _ _ _ _ _ _ _ _ _ _ _ _ _ _ _ _ _ _ _ _ _ _ _ _ _ _ _ _ _ \npages/sign_in_page.py:191: in get_ya_ru_window_alternative_ways_to_sign_up\n    return self.find_element(self._ya_ru_window_alternative_ways_to_sign_up)\nbase/seleniumbase.py:17: in find_element\n    return self.driver.find_element(*locator)\n/usr/local/lib/python3.11/site-packages/selenium/webdriver/remote/webdriver.py:739: in find_element\n    return self.execute(Command.FIND_ELEMENT, {\"using\": by, \"value\": value})[\"value\"]\n/usr/local/lib/python3.11/site-packages/selenium/webdriver/remote/webdriver.py:345: in execute\n    self.error_handler.check_response(response)\n_ _ _ _ _ _ _ _ _ _ _ _ _ _ _ _ _ _ _ _ _ _ _ _ _ _ _ _ _ _ _ _ _ _ _ _ _ _ _ _ \n\nself = <selenium.webdriver.remote.errorhandler.ErrorHandler object at 0x7f52564ca490>\nresponse = {'status': 404, 'value': '{\"value\":{\"error\":\"no such element\",\"message\":\"no such element: Unable to locate element: {\\...\\\\n#16 0x5595f314893b \\\\u003Cunknown>\\\\n#17 0x5595f31589f4 \\\\u003Cunknown>\\\\n#18 0x7f6a83b7b134 \\\\u003Cunknown>\\\\n\"}}'}\n\n    def check_response(self, response: Dict[str, Any]) -> None:\n        \"\"\"Checks that a JSON response from the WebDriver does not have an\n        error.\n    \n        :Args:\n         - response - The JSON response from the WebDriver server as a dictionary\n           object.\n    \n        :Raises: If the response contains an error message.\n        \"\"\"\n        status = response.get(\"status\", None)\n        if not status or status == ErrorCode.SUCCESS:\n            return\n        value = None\n        message = response.get(\"message\", \"\")\n        screen: str = response.get(\"screen\", \"\")\n        stacktrace = None\n        if isinstance(status, int):\n            value_json = response.get(\"value\", None)\n            if value_json and isinstance(value_json, str):\n                import json\n    \n                try:\n                    value = json.loads(value_json)\n                    if len(value) == 1:\n                        value = value[\"value\"]\n                    status = value.get(\"error\", None)\n                    if not status:\n                        status = value.get(\"status\", ErrorCode.UNKNOWN_ERROR)\n                        message = value.get(\"value\") or value.get(\"message\")\n                        if not isinstance(message, str):\n                            value = message\n                            message = message.get(\"message\")\n                    else:\n                        message = value.get(\"message\", None)\n                except ValueError:\n                    pass\n    \n        exception_class: Type[WebDriverException]\n        e = ErrorCode()\n        error_codes = [item for item in dir(e) if not item.startswith(\"__\")]\n        for error_code in error_codes:\n            error_info = getattr(ErrorCode, error_code)\n            if isinstance(error_info, list) and status in error_info:\n                exception_class = getattr(ExceptionMapping, error_code, WebDriverException)\n                break\n        else:\n            exception_class = WebDriverException\n    \n        if not value:\n            value = response[\"value\"]\n        if isinstance(value, str):\n            raise exception_class(value)\n        if message == \"\" and \"message\" in value:\n            message = value[\"message\"]\n    \n        screen = None  # type: ignore[assignment]\n        if \"screen\" in value:\n            screen = value[\"screen\"]\n    \n        stacktrace = None\n        st_value = value.get(\"stackTrace\") or value.get(\"stacktrace\")\n        if st_value:\n            if isinstance(st_value, str):\n                stacktrace = st_value.split(\"\\n\")\n            else:\n                stacktrace = []\n                try:\n                    for frame in st_value:\n                        line = frame.get(\"lineNumber\", \"\")\n                        file = frame.get(\"fileName\", \"<anonymous>\")\n                        if line:\n                            file = f\"{file}:{line}\"\n                        meth = frame.get(\"methodName\", \"<anonymous>\")\n                        if \"className\" in frame:\n                            meth = f\"{frame['className']}.{meth}\"\n                        msg = \"    at %s (%s)\"\n                        msg = msg % (meth, file)\n                        stacktrace.append(msg)\n                except TypeError:\n                    pass\n        if exception_class == UnexpectedAlertPresentException:\n            alert_text = None\n            if \"data\" in value:\n                alert_text = value[\"data\"].get(\"text\")\n            elif \"alert\" in value:\n                alert_text = value[\"alert\"].get(\"text\")\n            raise exception_class(message, screen, stacktrace, alert_text)  # type: ignore[call-arg]  # mypy is not smart enough here\n>       raise exception_class(message, screen, stacktrace)\nE       selenium.common.exceptions.NoSuchElementException: Message: no such element: Unable to locate element: {\"method\":\"css selector\",\"selector\":\"button[data-t='button:clear']\"}\nE         (Session info: chrome-headless-shell=123.0.6312.86); For documentation on this error, please visit: https://www.selenium.dev/documentation/webdriver/troubleshooting/errors#no-such-element-exception\nE       Stacktrace:\nE       #0 0x5595f31598a3 <unknown>\nE       #1 0x5595f2e4f8c6 <unknown>\nE       #2 0x5595f2e9a618 <unknown>\nE       #3 0x5595f2e9a6d1 <unknown>\nE       #4 0x5595f2edd744 <unknown>\nE       #5 0x5595f2ebc5cd <unknown>\nE       #6 0x5595f2edac19 <unknown>\nE       #7 0x5595f2ebc343 <unknown>\nE       #8 0x5595f2e8d593 <unknown>\nE       #9 0x5595f2e8df5e <unknown>\nE       #10 0x5595f311d88b <unknown>\nE       #11 0x5595f31217e5 <unknown>\nE       #12 0x5595f310b5b1 <unknown>\nE       #13 0x5595f3122372 <unknown>\nE       #14 0x5595f30f08bf <unknown>\nE       #15 0x5595f3148768 <unknown>\nE       #16 0x5595f314893b <unknown>\nE       #17 0x5595f31589f4 <unknown>\nE       #18 0x7f6a83b7b134 <unknown>\n\n/usr/local/lib/python3.11/site-packages/selenium/webdriver/remote/errorhandler.py:229: NoSuchElementException","steps":[{"name":"Нахождение элемента: иконка 'ya.ru' окна авторизации","time":{"start":1711934492628,"stop":1711934492641,"duration":13},"status":"passed","steps":[],"attachments":[],"parameters":[],"shouldDisplayMessage":false,"stepsCount":0,"attachmentsCount":0,"hasContent":false,"attachmentStep":false},{"name":"Проверка кликабельности элемента: кнопка 'Другие способы входа' окна авторизации через 'ya.ru'","time":{"start":1711934497819,"stop":1711934497831,"duration":12},"status":"broken","statusMessage":"selenium.common.exceptions.NoSuchElementException: Message: no such element: Unable to locate element: {\"method\":\"css selector\",\"selector\":\"button[data-t='button:clear']\"}\n  (Session info: chrome-headless-shell=123.0.6312.86); For documentation on this error, please visit: https://www.selenium.dev/documentation/webdriver/troubleshooting/errors#no-such-element-exception\nStacktrace:\n#0 0x5595f31598a3 <unknown>\n#1 0x5595f2e4f8c6 <unknown>\n#2 0x5595f2e9a618 <unknown>\n#3 0x5595f2e9a6d1 <unknown>\n#4 0x5595f2edd744 <unknown>\n#5 0x5595f2ebc5cd <unknown>\n#6 0x5595f2edac19 <unknown>\n#7 0x5595f2ebc343 <unknown>\n#8 0x5595f2e8d593 <unknown>\n#9 0x5595f2e8df5e <unknown>\n#10 0x5595f311d88b <unknown>\n#11 0x5595f31217e5 <unknown>\n#12 0x5595f310b5b1 <unknown>\n#13 0x5595f3122372 <unknown>\n#14 0x5595f30f08bf <unknown>\n#15 0x5595f3148768 <unknown>\n#16 0x5595f314893b <unknown>\n#17 0x5595f31589f4 <unknown>\n#18 0x7f6a83b7b134 <unknown>\n\n","statusTrace":"  File \"/usr/local/lib/python3.11/site-packages/allure_commons/_allure.py\", line 192, in impl\n    return func(*a, **kw)\n           ^^^^^^^^^^^^^^\n  File \"/app/pages/sign_in_page.py\", line 191, in get_ya_ru_window_alternative_ways_to_sign_up\n    return self.find_element(self._ya_ru_window_alternative_ways_to_sign_up)\n           ^^^^^^^^^^^^^^^^^^^^^^^^^^^^^^^^^^^^^^^^^^^^^^^^^^^^^^^^^^^^^^^^^\n  File \"/app/base/seleniumbase.py\", line 17, in find_element\n    return self.driver.find_element(*locator)\n           ^^^^^^^^^^^^^^^^^^^^^^^^^^^^^^^^^^\n  File \"/usr/local/lib/python3.11/site-packages/selenium/webdriver/remote/webdriver.py\", line 739, in find_element\n    return self.execute(Command.FIND_ELEMENT, {\"using\": by, \"value\": value})[\"value\"]\n           ^^^^^^^^^^^^^^^^^^^^^^^^^^^^^^^^^^^^^^^^^^^^^^^^^^^^^^^^^^^^^^^^^\n  File \"/usr/local/lib/python3.11/site-packages/selenium/webdriver/remote/webdriver.py\", line 345, in execute\n    self.error_handler.check_response(response)\n  File \"/usr/local/lib/python3.11/site-packages/selenium/webdriver/remote/errorhandler.py\", line 229, in check_response\n    raise exception_class(message, screen, stacktrace)\n","steps":[],"attachments":[],"parameters":[],"shouldDisplayMessage":true,"stepsCount":0,"attachmentsCount":0,"hasContent":true,"attachmentStep":false}],"attachments":[{"uid":"d7092fde3c46b736","name":"Screenshot","source":"d7092fde3c46b736.png","type":"image/png","size":331163},{"uid":"6fba10f0fa981c65","name":"HTML source","source":"6fba10f0fa981c65.html","type":"text/html","size":27308}],"parameters":[],"shouldDisplayMessage":true,"stepsCount":2,"attachmentsCount":2,"hasContent":true,"attachmentStep":false},"afterStages":[{"name":"driver::0","time":{"start":1711934497964,"stop":1711934498036,"duration":72},"status":"passed","steps":[],"attachments":[],"parameters":[],"shouldDisplayMessage":false,"stepsCount":0,"attachmentsCount":0,"hasContent":false,"attachmentStep":false},{"name":"setup::0","time":{"start":1711934497964,"stop":1711934497964,"duration":0},"status":"passed","steps":[],"attachments":[],"parameters":[],"shouldDisplayMessage":false,"stepsCount":0,"attachmentsCount":0,"hasContent":false,"attachmentStep":false}],"labels":[{"name":"epic","value":"Sign In Page"},{"name":"tag","value":"smoke_test"},{"name":"tag","value":"@pytest.mark.xfail(reason='Появляется капча Яндекса при запуске теста на Github')"},{"name":"parentSuite","value":"tests.test_sign_in"},{"name":"suite","value":"test_sign_in_page"},{"name":"subSuite","value":"TestSignInPage"},{"name":"host","value":"23d3520f6fb1"},{"name":"thread","value":"1-MainThread"},{"name":"framework","value":"pytest"},{"name":"language","value":"cpython3"},{"name":"package","value":"tests.test_sign_in.test_sign_in_page"},{"name":"resultFormat","value":"allure2"}],"parameters":[],"links":[],"hidden":false,"retry":false,"extra":{"severity":"normal","retries":[],"categories":[],"history":{"statistic":{"failed":0,"broken":0,"skipped":243,"passed":4,"unknown":0,"total":247},"items":[{"uid":"29cb961b43c8ec67","reportUrl":"https://Nat754.github.io/StroyremAutomation/263//#testresult/29cb961b43c8ec67","status":"skipped","statusDetails":"XFAIL Появляется капча Яндекса при запуске теста на Github\n\nselenium.common.exceptions.InvalidCookieDomainException: Message: invalid cookie domain: Cookie 'domain' mismatch\n  (Session info: chrome-headless-shell=123.0.6312.86)\nStacktrace:\n#0 0x55fb6dcef8a3 <unknown>\n#1 0x55fb6d9e58c6 <unknown>\n#2 0x55fb6da82ffd <unknown>\n#3 0x55fb6da525a2 <unknown>\n#4 0x55fb6da70c19 <unknown>\n#5 0x55fb6da52343 <unknown>\n#6 0x55fb6da23593 <unknown>\n#7 0x55fb6da23f5e <unknown>\n#8 0x55fb6dcb388b <unknown>\n#9 0x55fb6dcb77e5 <unknown>\n#10 0x55fb6dca15b1 <unknown>\n#11 0x55fb6dcb8372 <unknown>\n#12 0x55fb6dc868bf <unknown>\n#13 0x55fb6dcde768 <unknown>\n#14 0x55fb6dcde93b <unknown>\n#15 0x55fb6dcee9f4 <unknown>\n#16 0x7f1b3d896134 <unknown>","time":{"start":1711847729667,"stop":1711847733131,"duration":3464}},{"uid":"f74149ecf17b2627","reportUrl":"https://Nat754.github.io/StroyremAutomation/262//#testresult/f74149ecf17b2627","status":"skipped","statusDetails":"XFAIL Появляется капча Яндекса при запуске теста на Github\n\nselenium.common.exceptions.NoSuchElementException: Message: no such element: Unable to locate element: {\"method\":\"css selector\",\"selector\":\"button[data-t='button:clear']\"}\n  (Session info: chrome-headless-shell=123.0.6312.86); For documentation on this error, please visit: https://www.selenium.dev/documentation/webdriver/troubleshooting/errors#no-such-element-exception\nStacktrace:\n#0 0x5650677dd8a3 <unknown>\n#1 0x5650674d38c6 <unknown>\n#2 0x56506751e618 <unknown>\n#3 0x56506751e6d1 <unknown>\n#4 0x565067561744 <unknown>\n#5 0x5650675405cd <unknown>\n#6 0x56506755ec19 <unknown>\n#7 0x565067540343 <unknown>\n#8 0x565067511593 <unknown>\n#9 0x565067511f5e <unknown>\n#10 0x5650677a188b <unknown>\n#11 0x5650677a57e5 <unknown>\n#12 0x56506778f5b1 <unknown>\n#13 0x5650677a6372 <unknown>\n#14 0x5650677748bf <unknown>\n#15 0x5650677cc768 <unknown>\n#16 0x5650677cc93b <unknown>\n#17 0x5650677dc9f4 <unknown>\n#18 0x7fcee466a134 <unknown>","time":{"start":1711761000179,"stop":1711761004843,"duration":4664}},{"uid":"f6ae7818fd58dd41","reportUrl":"https://Nat754.github.io/StroyremAutomation/261//#testresult/f6ae7818fd58dd41","status":"skipped","statusDetails":"XFAIL Появляется капча Яндекса при запуске теста на Github\n\nselenium.common.exceptions.NoSuchElementException: Message: no such element: Unable to locate element: {\"method\":\"css selector\",\"selector\":\"button[data-t='button:clear']\"}\n  (Session info: chrome-headless-shell=123.0.6312.86); For documentation on this error, please visit: https://www.selenium.dev/documentation/webdriver/troubleshooting/errors#no-such-element-exception\nStacktrace:\n#0 0x558a966f18a3 <unknown>\n#1 0x558a963e78c6 <unknown>\n#2 0x558a96432618 <unknown>\n#3 0x558a964326d1 <unknown>\n#4 0x558a96475744 <unknown>\n#5 0x558a964545cd <unknown>\n#6 0x558a96472c19 <unknown>\n#7 0x558a96454343 <unknown>\n#8 0x558a96425593 <unknown>\n#9 0x558a96425f5e <unknown>\n#10 0x558a966b588b <unknown>\n#11 0x558a966b97e5 <unknown>\n#12 0x558a966a35b1 <unknown>\n#13 0x558a966ba372 <unknown>\n#14 0x558a966888bf <unknown>\n#15 0x558a966e0768 <unknown>\n#16 0x558a966e093b <unknown>\n#17 0x558a966f09f4 <unknown>\n#18 0x7f9d4bb5f134 <unknown>","time":{"start":1711674769534,"stop":1711674773808,"duration":4274}},{"uid":"e84a9375b6a24472","reportUrl":"https://Nat754.github.io/StroyremAutomation/260//#testresult/e84a9375b6a24472","status":"skipped","statusDetails":"XFAIL Появляется капча Яндекса при запуске теста на Github\n\nselenium.common.exceptions.NoSuchElementException: Message: no such element: Unable to locate element: {\"method\":\"css selector\",\"selector\":\"button[data-t='button:clear']\"}\n  (Session info: chrome-headless-shell=123.0.6312.86); For documentation on this error, please visit: https://www.selenium.dev/documentation/webdriver/troubleshooting/errors#no-such-element-exception\nStacktrace:\n#0 0x55eb106488a3 <unknown>\n#1 0x55eb1033e8c6 <unknown>\n#2 0x55eb10389618 <unknown>\n#3 0x55eb103896d1 <unknown>\n#4 0x55eb103cc744 <unknown>\n#5 0x55eb103ab5cd <unknown>\n#6 0x55eb103c9c19 <unknown>\n#7 0x55eb103ab343 <unknown>\n#8 0x55eb1037c593 <unknown>\n#9 0x55eb1037cf5e <unknown>\n#10 0x55eb1060c88b <unknown>\n#11 0x55eb106107e5 <unknown>\n#12 0x55eb105fa5b1 <unknown>\n#13 0x55eb10611372 <unknown>\n#14 0x55eb105df8bf <unknown>\n#15 0x55eb10637768 <unknown>\n#16 0x55eb1063793b <unknown>\n#17 0x55eb106479f4 <unknown>\n#18 0x7f0f8e399134 <unknown>","time":{"start":1711588225092,"stop":1711588228892,"duration":3800}},{"uid":"76fae617f5d4a806","reportUrl":"https://Nat754.github.io/StroyremAutomation/259//#testresult/76fae617f5d4a806","status":"skipped","statusDetails":"XFAIL Появляется капча Яндекса при запуске теста на Github\n\nselenium.common.exceptions.NoSuchElementException: Message: no such element: Unable to locate element: {\"method\":\"css selector\",\"selector\":\"button[data-t='button:clear']\"}\n  (Session info: chrome-headless-shell=123.0.6312.86); For documentation on this error, please visit: https://www.selenium.dev/documentation/webdriver/troubleshooting/errors#no-such-element-exception\nStacktrace:\n#0 0x556c6690b8a3 <unknown>\n#1 0x556c666018c6 <unknown>\n#2 0x556c6664c618 <unknown>\n#3 0x556c6664c6d1 <unknown>\n#4 0x556c6668f744 <unknown>\n#5 0x556c6666e5cd <unknown>\n#6 0x556c6668cc19 <unknown>\n#7 0x556c6666e343 <unknown>\n#8 0x556c6663f593 <unknown>\n#9 0x556c6663ff5e <unknown>\n#10 0x556c668cf88b <unknown>\n#11 0x556c668d37e5 <unknown>\n#12 0x556c668bd5b1 <unknown>\n#13 0x556c668d4372 <unknown>\n#14 0x556c668a28bf <unknown>\n#15 0x556c668fa768 <unknown>\n#16 0x556c668fa93b <unknown>\n#17 0x556c6690a9f4 <unknown>\n#18 0x7f2dd33ce134 <unknown>","time":{"start":1711501872779,"stop":1711501876707,"duration":3928}},{"uid":"63dfe59dbafc8753","reportUrl":"https://Nat754.github.io/StroyremAutomation/258//#testresult/63dfe59dbafc8753","status":"skipped","statusDetails":"XFAIL Появляется капча Яндекса при запуске теста на Github\n\nselenium.common.exceptions.InvalidCookieDomainException: Message: invalid cookie domain: Cookie 'domain' mismatch\n  (Session info: chrome-headless-shell=123.0.6312.58)\nStacktrace:\n#0 0x558b85814993 <unknown>\n#1 0x558b8550f136 <unknown>\n#2 0x558b855ac6fd <unknown>\n#3 0x558b8557bcd2 <unknown>\n#4 0x558b8559a319 <unknown>\n#5 0x558b8557ba73 <unknown>\n#6 0x558b8554cc93 <unknown>\n#7 0x558b8554d65e <unknown>\n#8 0x558b857d908b <unknown>\n#9 0x558b857dd005 <unknown>\n#10 0x558b857c7491 <unknown>\n#11 0x558b857ddb92 <unknown>\n#12 0x558b857ac9ef <unknown>\n#13 0x558b85803df8 <unknown>\n#14 0x558b85803fcb <unknown>\n#15 0x558b85813ae4 <unknown>\n#16 0x7f103ef74134 <unknown>","time":{"start":1711415681101,"stop":1711415686017,"duration":4916}},{"uid":"fe385a1d0c03e4ca","reportUrl":"https://Nat754.github.io/StroyremAutomation/257//#testresult/fe385a1d0c03e4ca","status":"skipped","statusDetails":"XFAIL Появляется капча Яндекса при запуске теста на Github\n\nselenium.common.exceptions.NoSuchElementException: Message: no such element: Unable to locate element: {\"method\":\"css selector\",\"selector\":\"button[data-t='button:clear']\"}\n  (Session info: chrome-headless-shell=123.0.6312.58); For documentation on this error, please visit: https://www.selenium.dev/documentation/webdriver/troubleshooting/errors#no-such-element-exception\nStacktrace:\n#0 0x55a7985c3993 <unknown>\n#1 0x55a7982be136 <unknown>\n#2 0x55a798308d48 <unknown>\n#3 0x55a798308e01 <unknown>\n#4 0x55a79834be44 <unknown>\n#5 0x55a79832acfd <unknown>\n#6 0x55a798349319 <unknown>\n#7 0x55a79832aa73 <unknown>\n#8 0x55a7982fbc93 <unknown>\n#9 0x55a7982fc65e <unknown>\n#10 0x55a79858808b <unknown>\n#11 0x55a79858c005 <unknown>\n#12 0x55a798576491 <unknown>\n#13 0x55a79858cb92 <unknown>\n#14 0x55a79855b9ef <unknown>\n#15 0x55a7985b2df8 <unknown>\n#16 0x55a7985b2fcb <unknown>\n#17 0x55a7985c2ae4 <unknown>\n#18 0x7f8d075b0134 <unknown>","time":{"start":1711329108624,"stop":1711329112436,"duration":3812}},{"uid":"fddaf18d2f5bb604","reportUrl":"https://Nat754.github.io/StroyremAutomation/256//#testresult/fddaf18d2f5bb604","status":"skipped","statusDetails":"XFAIL Появляется капча Яндекса при запуске теста на Github\n\nselenium.common.exceptions.NoSuchElementException: Message: no such element: Unable to locate element: {\"method\":\"css selector\",\"selector\":\"button[data-t='button:clear']\"}\n  (Session info: chrome-headless-shell=123.0.6312.58); For documentation on this error, please visit: https://www.selenium.dev/documentation/webdriver/troubleshooting/errors#no-such-element-exception\nStacktrace:\n#0 0x55d855971993 <unknown>\n#1 0x55d85566c136 <unknown>\n#2 0x55d8556b6d48 <unknown>\n#3 0x55d8556b6e01 <unknown>\n#4 0x55d8556f9e44 <unknown>\n#5 0x55d8556d8cfd <unknown>\n#6 0x55d8556f7319 <unknown>\n#7 0x55d8556d8a73 <unknown>\n#8 0x55d8556a9c93 <unknown>\n#9 0x55d8556aa65e <unknown>\n#10 0x55d85593608b <unknown>\n#11 0x55d85593a005 <unknown>\n#12 0x55d855924491 <unknown>\n#13 0x55d85593ab92 <unknown>\n#14 0x55d8559099ef <unknown>\n#15 0x55d855960df8 <unknown>\n#16 0x55d855960fcb <unknown>\n#17 0x55d855970ae4 <unknown>\n#18 0x7f312890c134 <unknown>","time":{"start":1711243037027,"stop":1711243041702,"duration":4675}},{"uid":"84df18c0a2f05b2","reportUrl":"https://Nat754.github.io/StroyremAutomation/255//#testresult/84df18c0a2f05b2","status":"skipped","statusDetails":"XFAIL Появляется капча Яндекса при запуске теста на Github\n\nselenium.common.exceptions.NoSuchElementException: Message: no such element: Unable to locate element: {\"method\":\"css selector\",\"selector\":\"button[data-t='button:clear']\"}\n  (Session info: chrome-headless-shell=123.0.6312.58); For documentation on this error, please visit: https://www.selenium.dev/documentation/webdriver/troubleshooting/errors#no-such-element-exception\nStacktrace:\n#0 0x5573d1741993 <unknown>\n#1 0x5573d143c136 <unknown>\n#2 0x5573d1486d48 <unknown>\n#3 0x5573d1486e01 <unknown>\n#4 0x5573d14c9e44 <unknown>\n#5 0x5573d14a8cfd <unknown>\n#6 0x5573d14c7319 <unknown>\n#7 0x5573d14a8a73 <unknown>\n#8 0x5573d1479c93 <unknown>\n#9 0x5573d147a65e <unknown>\n#10 0x5573d170608b <unknown>\n#11 0x5573d170a005 <unknown>\n#12 0x5573d16f4491 <unknown>\n#13 0x5573d170ab92 <unknown>\n#14 0x5573d16d99ef <unknown>\n#15 0x5573d1730df8 <unknown>\n#16 0x5573d1730fcb <unknown>\n#17 0x5573d1740ae4 <unknown>\n#18 0x7f73a5c6a134 <unknown>","time":{"start":1711156108743,"stop":1711156112581,"duration":3838}},{"uid":"ee53de8e55d3c80e","reportUrl":"https://Nat754.github.io/StroyremAutomation/254//#testresult/ee53de8e55d3c80e","status":"skipped","statusDetails":"XFAIL Появляется капча Яндекса при запуске теста на Github\n\nselenium.common.exceptions.NoSuchElementException: Message: no such element: Unable to locate element: {\"method\":\"css selector\",\"selector\":\"button[data-t='button:clear']\"}\n  (Session info: chrome-headless-shell=123.0.6312.58); For documentation on this error, please visit: https://www.selenium.dev/documentation/webdriver/troubleshooting/errors#no-such-element-exception\nStacktrace:\n#0 0x557fa1572993 <unknown>\n#1 0x557fa126d136 <unknown>\n#2 0x557fa12b7d48 <unknown>\n#3 0x557fa12b7e01 <unknown>\n#4 0x557fa12fae44 <unknown>\n#5 0x557fa12d9cfd <unknown>\n#6 0x557fa12f8319 <unknown>\n#7 0x557fa12d9a73 <unknown>\n#8 0x557fa12aac93 <unknown>\n#9 0x557fa12ab65e <unknown>\n#10 0x557fa153708b <unknown>\n#11 0x557fa153b005 <unknown>\n#12 0x557fa1525491 <unknown>\n#13 0x557fa153bb92 <unknown>\n#14 0x557fa150a9ef <unknown>\n#15 0x557fa1561df8 <unknown>\n#16 0x557fa1561fcb <unknown>\n#17 0x557fa1571ae4 <unknown>\n#18 0x7fac3c47a134 <unknown>","time":{"start":1711069777701,"stop":1711069781682,"duration":3981}},{"uid":"ec7b05a3b2af11dd","reportUrl":"https://Nat754.github.io/StroyremAutomation/253//#testresult/ec7b05a3b2af11dd","status":"skipped","statusDetails":"XFAIL Появляется капча Яндекса при запуске теста на Github\n\nselenium.common.exceptions.NoSuchElementException: Message: no such element: Unable to locate element: {\"method\":\"css selector\",\"selector\":\"button[data-t='button:clear']\"}\n  (Session info: chrome-headless-shell=123.0.6312.58); For documentation on this error, please visit: https://www.selenium.dev/documentation/webdriver/troubleshooting/errors#no-such-element-exception\nStacktrace:\n#0 0x563e35f2f993 <unknown>\n#1 0x563e35c2a136 <unknown>\n#2 0x563e35c74d48 <unknown>\n#3 0x563e35c74e01 <unknown>\n#4 0x563e35cb7e44 <unknown>\n#5 0x563e35c96cfd <unknown>\n#6 0x563e35cb5319 <unknown>\n#7 0x563e35c96a73 <unknown>\n#8 0x563e35c67c93 <unknown>\n#9 0x563e35c6865e <unknown>\n#10 0x563e35ef408b <unknown>\n#11 0x563e35ef8005 <unknown>\n#12 0x563e35ee2491 <unknown>\n#13 0x563e35ef8b92 <unknown>\n#14 0x563e35ec79ef <unknown>\n#15 0x563e35f1edf8 <unknown>\n#16 0x563e35f1efcb <unknown>\n#17 0x563e35f2eae4 <unknown>\n#18 0x7f6b62f9b134 <unknown>","time":{"start":1710983872913,"stop":1710983878100,"duration":5187}},{"uid":"2d88ab79d96cae31","reportUrl":"https://Nat754.github.io/StroyremAutomation/252//#testresult/2d88ab79d96cae31","status":"skipped","statusDetails":"XFAIL Появляется капча Яндекса при запуске теста на Github\n\nselenium.common.exceptions.InvalidCookieDomainException: Message: invalid cookie domain: Cookie 'domain' mismatch\n  (Session info: chrome-headless-shell=123.0.6312.58)\nStacktrace:\n#0 0x5bc7cd076993 <unknown>\n#1 0x5bc7ccd71136 <unknown>\n#2 0x5bc7cce0e6fd <unknown>\n#3 0x5bc7ccdddcd2 <unknown>\n#4 0x5bc7ccdfc319 <unknown>\n#5 0x5bc7ccddda73 <unknown>\n#6 0x5bc7ccdaec93 <unknown>\n#7 0x5bc7ccdaf65e <unknown>\n#8 0x5bc7cd03b08b <unknown>\n#9 0x5bc7cd03f005 <unknown>\n#10 0x5bc7cd029491 <unknown>\n#11 0x5bc7cd03fb92 <unknown>\n#12 0x5bc7cd00e9ef <unknown>\n#13 0x5bc7cd065df8 <unknown>\n#14 0x5bc7cd065fcb <unknown>\n#15 0x5bc7cd075ae4 <unknown>\n#16 0x7bc003c49134 <unknown>","time":{"start":1710896976460,"stop":1710896980175,"duration":3715}},{"uid":"f2a899b0dfa32d3e","reportUrl":"https://Nat754.github.io/StroyremAutomation/251//#testresult/f2a899b0dfa32d3e","status":"skipped","statusDetails":"XFAIL Появляется капча Яндекса при запуске теста на Github\n\nselenium.common.exceptions.InvalidCookieDomainException: Message: invalid cookie domain: Cookie 'domain' mismatch\n  (Session info: chrome-headless-shell=122.0.6261.128)\nStacktrace:\n#0 0x562962032f33 <unknown>\n#1 0x562961d2ace6 <unknown>\n#2 0x562961dc8d0d <unknown>\n#3 0x562961d97eb2 <unknown>\n#4 0x562961db6899 <unknown>\n#5 0x562961d97c53 <unknown>\n#6 0x562961d68db3 <unknown>\n#7 0x562961d6977e <unknown>\n#8 0x562961ff886b <unknown>\n#9 0x562961ffc885 <unknown>\n#10 0x562961fe6181 <unknown>\n#11 0x562961ffd412 <unknown>\n#12 0x562961fca25f <unknown>\n#13 0x562962021528 <unknown>\n#14 0x562962021723 <unknown>\n#15 0x5629620320e4 <unknown>\n#16 0x7fc2bd64d134 <unknown>","time":{"start":1710810577493,"stop":1710810581042,"duration":3549}},{"uid":"88e9230b038e52c6","reportUrl":"https://Nat754.github.io/StroyremAutomation/250//#testresult/88e9230b038e52c6","status":"skipped","statusDetails":"XFAIL Появляется капча Яндекса при запуске теста на Github\n\nselenium.common.exceptions.NoSuchElementException: Message: no such element: Unable to locate element: {\"method\":\"css selector\",\"selector\":\"button[data-t='button:clear']\"}\n  (Session info: chrome-headless-shell=122.0.6261.128); For documentation on this error, please visit: https://www.selenium.dev/documentation/webdriver/troubleshooting/errors#no-such-element-exception\nStacktrace:\n#0 0x5cf2b479ff33 <unknown>\n#1 0x5cf2b4497ce6 <unknown>\n#2 0x5cf2b44e2e48 <unknown>\n#3 0x5cf2b44e2f01 <unknown>\n#4 0x5cf2b45263f4 <unknown>\n#5 0x5cf2b4504edd <unknown>\n#6 0x5cf2b4523899 <unknown>\n#7 0x5cf2b4504c53 <unknown>\n#8 0x5cf2b44d5db3 <unknown>\n#9 0x5cf2b44d677e <unknown>\n#10 0x5cf2b476586b <unknown>\n#11 0x5cf2b4769885 <unknown>\n#12 0x5cf2b4753181 <unknown>\n#13 0x5cf2b476a412 <unknown>\n#14 0x5cf2b473725f <unknown>\n#15 0x5cf2b478e528 <unknown>\n#16 0x5cf2b478e723 <unknown>\n#17 0x5cf2b479f0e4 <unknown>\n#18 0x71f9f523a134 <unknown>","time":{"start":1710724344016,"stop":1710724348426,"duration":4410}},{"uid":"ef0542b09c5231b9","reportUrl":"https://Nat754.github.io/StroyremAutomation/249//#testresult/ef0542b09c5231b9","status":"skipped","statusDetails":"XFAIL Появляется капча Яндекса при запуске теста на Github\n\nselenium.common.exceptions.NoSuchElementException: Message: no such element: Unable to locate element: {\"method\":\"css selector\",\"selector\":\"button[data-t='button:clear']\"}\n  (Session info: chrome-headless-shell=122.0.6261.128); For documentation on this error, please visit: https://www.selenium.dev/documentation/webdriver/troubleshooting/errors#no-such-element-exception\nStacktrace:\n#0 0x579276dd3f33 <unknown>\n#1 0x579276acbce6 <unknown>\n#2 0x579276b16e48 <unknown>\n#3 0x579276b16f01 <unknown>\n#4 0x579276b5a3f4 <unknown>\n#5 0x579276b38edd <unknown>\n#6 0x579276b57899 <unknown>\n#7 0x579276b38c53 <unknown>\n#8 0x579276b09db3 <unknown>\n#9 0x579276b0a77e <unknown>\n#10 0x579276d9986b <unknown>\n#11 0x579276d9d885 <unknown>\n#12 0x579276d87181 <unknown>\n#13 0x579276d9e412 <unknown>\n#14 0x579276d6b25f <unknown>\n#15 0x579276dc2528 <unknown>\n#16 0x579276dc2723 <unknown>\n#17 0x579276dd30e4 <unknown>\n#18 0x7119d2c8a134 <unknown>","time":{"start":1710638038308,"stop":1710638041924,"duration":3616}},{"uid":"29d24227ce27b148","reportUrl":"https://Nat754.github.io/StroyremAutomation/248//#testresult/29d24227ce27b148","status":"skipped","statusDetails":"XFAIL Появляется капча Яндекса при запуске теста на Github\n\nselenium.common.exceptions.InvalidCookieDomainException: Message: invalid cookie domain: Cookie 'domain' mismatch\n  (Session info: chrome-headless-shell=122.0.6261.128)\nStacktrace:\n#0 0x5d927cca2f33 <unknown>\n#1 0x5d927c99ace6 <unknown>\n#2 0x5d927ca38d0d <unknown>\n#3 0x5d927ca07eb2 <unknown>\n#4 0x5d927ca26899 <unknown>\n#5 0x5d927ca07c53 <unknown>\n#6 0x5d927c9d8db3 <unknown>\n#7 0x5d927c9d977e <unknown>\n#8 0x5d927cc6886b <unknown>\n#9 0x5d927cc6c885 <unknown>\n#10 0x5d927cc56181 <unknown>\n#11 0x5d927cc6d412 <unknown>\n#12 0x5d927cc3a25f <unknown>\n#13 0x5d927cc91528 <unknown>\n#14 0x5d927cc91723 <unknown>\n#15 0x5d927cca20e4 <unknown>\n#16 0x752877369134 <unknown>","time":{"start":1710551301989,"stop":1710551305543,"duration":3554}},{"uid":"21182eaf3bfec38b","reportUrl":"https://Nat754.github.io/StroyremAutomation/247//#testresult/21182eaf3bfec38b","status":"skipped","statusDetails":"XFAIL Появляется капча Яндекса при запуске теста на Github\n\nselenium.common.exceptions.NoSuchElementException: Message: no such element: Unable to locate element: {\"method\":\"css selector\",\"selector\":\"button[data-t='button:clear']\"}\n  (Session info: chrome-headless-shell=122.0.6261.128); For documentation on this error, please visit: https://www.selenium.dev/documentation/webdriver/troubleshooting/errors#no-such-element-exception\nStacktrace:\n#0 0x5fec625c3f33 <unknown>\n#1 0x5fec622bbce6 <unknown>\n#2 0x5fec62306e48 <unknown>\n#3 0x5fec62306f01 <unknown>\n#4 0x5fec6234a3f4 <unknown>\n#5 0x5fec62328edd <unknown>\n#6 0x5fec62347899 <unknown>\n#7 0x5fec62328c53 <unknown>\n#8 0x5fec622f9db3 <unknown>\n#9 0x5fec622fa77e <unknown>\n#10 0x5fec6258986b <unknown>\n#11 0x5fec6258d885 <unknown>\n#12 0x5fec62577181 <unknown>\n#13 0x5fec6258e412 <unknown>\n#14 0x5fec6255b25f <unknown>\n#15 0x5fec625b2528 <unknown>\n#16 0x5fec625b2723 <unknown>\n#17 0x5fec625c30e4 <unknown>\n#18 0x78ae9b362134 <unknown>","time":{"start":1710465158828,"stop":1710465163276,"duration":4448}},{"uid":"b9f6a463a6d2a7e0","reportUrl":"https://Nat754.github.io/StroyremAutomation/246//#testresult/b9f6a463a6d2a7e0","status":"skipped","statusDetails":"XFAIL Появляется капча Яндекса при запуске теста на Github\n\nselenium.common.exceptions.InvalidCookieDomainException: Message: invalid cookie domain: Cookie 'domain' mismatch\n  (Session info: chrome-headless-shell=122.0.6261.128)\nStacktrace:\n#0 0x581ec06dff33 <unknown>\n#1 0x581ec03d7ce6 <unknown>\n#2 0x581ec0475d0d <unknown>\n#3 0x581ec0444eb2 <unknown>\n#4 0x581ec0463899 <unknown>\n#5 0x581ec0444c53 <unknown>\n#6 0x581ec0415db3 <unknown>\n#7 0x581ec041677e <unknown>\n#8 0x581ec06a586b <unknown>\n#9 0x581ec06a9885 <unknown>\n#10 0x581ec0693181 <unknown>\n#11 0x581ec06aa412 <unknown>\n#12 0x581ec067725f <unknown>\n#13 0x581ec06ce528 <unknown>\n#14 0x581ec06ce723 <unknown>\n#15 0x581ec06df0e4 <unknown>\n#16 0x79210e5b6134 <unknown>","time":{"start":1710378744607,"stop":1710378749064,"duration":4457}},{"uid":"afafdd2590724b09","reportUrl":"https://Nat754.github.io/StroyremAutomation/245//#testresult/afafdd2590724b09","status":"skipped","statusDetails":"XFAIL Появляется капча Яндекса при запуске теста на Github\n\nselenium.common.exceptions.InvalidCookieDomainException: Message: invalid cookie domain: Cookie 'domain' mismatch\n  (Session info: chrome-headless-shell=122.0.6261.128)\nStacktrace:\n#0 0x55aa9973ef33 <unknown>\n#1 0x55aa99436ce6 <unknown>\n#2 0x55aa994d4d0d <unknown>\n#3 0x55aa994a3eb2 <unknown>\n#4 0x55aa994c2899 <unknown>\n#5 0x55aa994a3c53 <unknown>\n#6 0x55aa99474db3 <unknown>\n#7 0x55aa9947577e <unknown>\n#8 0x55aa9970486b <unknown>\n#9 0x55aa99708885 <unknown>\n#10 0x55aa996f2181 <unknown>\n#11 0x55aa99709412 <unknown>\n#12 0x55aa996d625f <unknown>\n#13 0x55aa9972d528 <unknown>\n#14 0x55aa9972d723 <unknown>\n#15 0x55aa9973e0e4 <unknown>\n#16 0x7f46bd4bb134 <unknown>","time":{"start":1710292609312,"stop":1710292614532,"duration":5220}},{"uid":"c8b0875010aab393","reportUrl":"https://Nat754.github.io/StroyremAutomation/244//#testresult/c8b0875010aab393","status":"skipped","statusDetails":"XFAIL Появляется капча Яндекса при запуске теста на Github\n\nselenium.common.exceptions.InvalidCookieDomainException: Message: invalid cookie domain: Cookie 'domain' mismatch\n  (Session info: chrome-headless-shell=122.0.6261.111)\nStacktrace:\n#0 0x558c0ea4bec3 <unknown>\n#1 0x558c0e743ce6 <unknown>\n#2 0x558c0e7e1d0d <unknown>\n#3 0x558c0e7b0eb2 <unknown>\n#4 0x558c0e7cf899 <unknown>\n#5 0x558c0e7b0c53 <unknown>\n#6 0x558c0e781db3 <unknown>\n#7 0x558c0e78277e <unknown>\n#8 0x558c0ea117fb <unknown>\n#9 0x558c0ea15815 <unknown>\n#10 0x558c0e9ff111 <unknown>\n#11 0x558c0ea163a2 <unknown>\n#12 0x558c0e9e31ef <unknown>\n#13 0x558c0ea3a4b8 <unknown>\n#14 0x558c0ea3a6b3 <unknown>\n#15 0x558c0ea4b074 <unknown>\n#16 0x7f5bb3552134 <unknown>","time":{"start":1710206051750,"stop":1710206057005,"duration":5255}}]},"tags":["@pytest.mark.xfail(reason='Появляется капча Яндекса при запуске теста на Github')","smoke_test"]},"source":"327c353414e74496.json","parameterValues":[]}