{"uid":"1febd8cd508a5d05","name":"TD 024 Доставка товара весом до 9000кг. в синей зоне","fullName":"tests.delivery.test_delivery_calculation.TestDeliveryPageCalculation#test_positive_delivery_blue_zone_smoke","historyId":"69e5dca98f2a435ef5ba1c77ef0ca605","time":{"start":1708995087790,"stop":1708995088196,"duration":406},"status":"skipped","statusMessage":"XFAIL\n\nselenium.common.exceptions.NoSuchElementException: Message: no such element: Unable to locate element: {\"method\":\"xpath\",\"selector\":\"(//a[@class='add-to-cart yellow-btn'])[1]\"}\n  (Session info: chrome-headless-shell=122.0.6261.69); For documentation on this error, please visit: https://www.selenium.dev/documentation/webdriver/troubleshooting/errors#no-such-element-exception\nStacktrace:\n#0 0x559705d32793 <unknown>\n#1 0x559705a261c6 <unknown>\n#2 0x559705a71358 <unknown>\n#3 0x559705a71411 <unknown>\n#4 0x559705ab4934 <unknown>\n#5 0x559705a933fd <unknown>\n#6 0x559705ab1dd9 <unknown>\n#7 0x559705a93173 <unknown>\n#8 0x559705a642d3 <unknown>\n#9 0x559705a64c9e <unknown>\n#10 0x559705cf68cb <unknown>\n#11 0x559705cfa745 <unknown>\n#12 0x559705ce32e1 <unknown>\n#13 0x559705cfb2d2 <unknown>\n#14 0x559705cc717f <unknown>\n#15 0x559705d20dc8 <unknown>\n#16 0x559705d20fc3 <unknown>\n#17 0x559705d31944 <unknown>\n#18 0x7f82ea0a5134 <unknown>","statusTrace":"self = <tests.delivery.test_delivery_calculation.TestDeliveryPageCalculation object at 0x7f90c2b39110>\ndriver = <selenium.webdriver.chrome.webdriver.WebDriver (session=\"6841150494e1ad4feb0fb55b29073dfc\")>\nurl = 'https://sandboxtest.stroyrem-nn.ru/', case_id = 'TD 024'\nlink_item = 'products/shtukaturka-gipsovaya-aksolit-m50-30-kg-mashinnogo-naneseniya'\namount = 299, weight = 9000, standard = 4300, in_time = 9900, all_time = 11440\n\n    @pytest.mark.parametrize('case_id, link_item, amount, weight, standard, in_time, all_time', [\n        (\"TD 015\", bundeks_25, 1, 30, 650, 2390, 3320),\n        pytest.param(\n            \"TD 016\", aksolit_30, 8, 300, 650, 2390, 3320,\n            marks=pytest.mark.xfail(reson=\"Цена доставки: - - -\")\n        ),\n        (\"TD 017\", aksolit_30, 13, 400, 650, 2390, 3320),\n        (\"TD 018\", aksolit_30, 16, 500, 850, 2490, 3320),\n        (\"TD 019\", aksolit_30, 25, 1700, 1150, 2490, 3320),\n        (\"TD 020\", aksolit_30, 66, 2000, 1500, 2990, 3650),\n        (\"TD 021\", aksolit_30, 149, 4500, 2600, 4380, 4890),\n        (\"TD 022\", aksolit_30, 166, 5000, 2800, 5490, 5980),\n        pytest.param(\n            \"TD 023\", aksolit_30, 206, 6200, 3300, 7500, 8000,\n            marks=pytest.mark.xfail(reson=\"Цена доставки: 4300 9900 11440\")\n        ),\n        (\"TD 024\", aksolit_30, 299, 9000, 4300, 9900, 11440),\n        (\"TD 025\", aksolit_30, 333, 10000, 7000, 13900, 15900),\n        pytest.param(\n            \"TD 026\", aksolit_30, 366, 11000, 8000, 14900, 19900,\n            marks=pytest.mark.xfail(reson=\"Цена доставки: 7000 13900 15900\")\n        ),\n        pytest.param(\n            \"TD 027\", aksolit_30, 666, 20000, 14000, 16900, 23900,\n            marks=pytest.mark.xfail(reson=\"Цена доставки: 7000 13900 15900\")\n        )\n    ])\n    @pytest.mark.xfail\n    @pytest.mark.smoke_test\n    def test_positive_delivery_blue_zone_smoke(\n            self, driver, url, case_id, link_item, amount, weight, standard, in_time, all_time\n    ):\n        allure.dynamic.title(f\"{case_id} Доставка товара весом до {weight}кг. в синей зоне\")\n    \n        driver.get(f'{url}{link_item}')\n        item_page = ItemPage(driver)\n>       item_page.add_item_to_cart(amount).click_on_cart()\n\ntests/delivery/test_delivery_calculation.py:132: \n_ _ _ _ _ _ _ _ _ _ _ _ _ _ _ _ _ _ _ _ _ _ _ _ _ _ _ _ _ _ _ _ _ _ _ _ _ _ _ _ \npages/item_page.py:40: in add_item_to_cart\n    self.find_element(self._add_item).click()\nbase/seleniumbase.py:17: in find_element\n    return self.driver.find_element(*locator)\n/usr/local/lib/python3.11/site-packages/selenium/webdriver/remote/webdriver.py:739: in find_element\n    return self.execute(Command.FIND_ELEMENT, {\"using\": by, \"value\": value})[\"value\"]\n/usr/local/lib/python3.11/site-packages/selenium/webdriver/remote/webdriver.py:345: in execute\n    self.error_handler.check_response(response)\n_ _ _ _ _ _ _ _ _ _ _ _ _ _ _ _ _ _ _ _ _ _ _ _ _ _ _ _ _ _ _ _ _ _ _ _ _ _ _ _ \n\nself = <selenium.webdriver.remote.errorhandler.ErrorHandler object at 0x7f90c33169d0>\nresponse = {'status': 404, 'value': '{\"value\":{\"error\":\"no such element\",\"message\":\"no such element: Unable to locate element: {\\...\\\\n#16 0x559705d20fc3 \\\\u003Cunknown>\\\\n#17 0x559705d31944 \\\\u003Cunknown>\\\\n#18 0x7f82ea0a5134 \\\\u003Cunknown>\\\\n\"}}'}\n\n    def check_response(self, response: Dict[str, Any]) -> None:\n        \"\"\"Checks that a JSON response from the WebDriver does not have an\n        error.\n    \n        :Args:\n         - response - The JSON response from the WebDriver server as a dictionary\n           object.\n    \n        :Raises: If the response contains an error message.\n        \"\"\"\n        status = response.get(\"status\", None)\n        if not status or status == ErrorCode.SUCCESS:\n            return\n        value = None\n        message = response.get(\"message\", \"\")\n        screen: str = response.get(\"screen\", \"\")\n        stacktrace = None\n        if isinstance(status, int):\n            value_json = response.get(\"value\", None)\n            if value_json and isinstance(value_json, str):\n                import json\n    \n                try:\n                    value = json.loads(value_json)\n                    if len(value) == 1:\n                        value = value[\"value\"]\n                    status = value.get(\"error\", None)\n                    if not status:\n                        status = value.get(\"status\", ErrorCode.UNKNOWN_ERROR)\n                        message = value.get(\"value\") or value.get(\"message\")\n                        if not isinstance(message, str):\n                            value = message\n                            message = message.get(\"message\")\n                    else:\n                        message = value.get(\"message\", None)\n                except ValueError:\n                    pass\n    \n        exception_class: Type[WebDriverException]\n        e = ErrorCode()\n        error_codes = [item for item in dir(e) if not item.startswith(\"__\")]\n        for error_code in error_codes:\n            error_info = getattr(ErrorCode, error_code)\n            if isinstance(error_info, list) and status in error_info:\n                exception_class = getattr(ExceptionMapping, error_code, WebDriverException)\n                break\n        else:\n            exception_class = WebDriverException\n    \n        if not value:\n            value = response[\"value\"]\n        if isinstance(value, str):\n            raise exception_class(value)\n        if message == \"\" and \"message\" in value:\n            message = value[\"message\"]\n    \n        screen = None  # type: ignore[assignment]\n        if \"screen\" in value:\n            screen = value[\"screen\"]\n    \n        stacktrace = None\n        st_value = value.get(\"stackTrace\") or value.get(\"stacktrace\")\n        if st_value:\n            if isinstance(st_value, str):\n                stacktrace = st_value.split(\"\\n\")\n            else:\n                stacktrace = []\n                try:\n                    for frame in st_value:\n                        line = frame.get(\"lineNumber\", \"\")\n                        file = frame.get(\"fileName\", \"<anonymous>\")\n                        if line:\n                            file = f\"{file}:{line}\"\n                        meth = frame.get(\"methodName\", \"<anonymous>\")\n                        if \"className\" in frame:\n                            meth = f\"{frame['className']}.{meth}\"\n                        msg = \"    at %s (%s)\"\n                        msg = msg % (meth, file)\n                        stacktrace.append(msg)\n                except TypeError:\n                    pass\n        if exception_class == UnexpectedAlertPresentException:\n            alert_text = None\n            if \"data\" in value:\n                alert_text = value[\"data\"].get(\"text\")\n            elif \"alert\" in value:\n                alert_text = value[\"alert\"].get(\"text\")\n            raise exception_class(message, screen, stacktrace, alert_text)  # type: ignore[call-arg]  # mypy is not smart enough here\n>       raise exception_class(message, screen, stacktrace)\nE       selenium.common.exceptions.NoSuchElementException: Message: no such element: Unable to locate element: {\"method\":\"xpath\",\"selector\":\"(//a[@class='add-to-cart yellow-btn'])[1]\"}\nE         (Session info: chrome-headless-shell=122.0.6261.69); For documentation on this error, please visit: https://www.selenium.dev/documentation/webdriver/troubleshooting/errors#no-such-element-exception\nE       Stacktrace:\nE       #0 0x559705d32793 <unknown>\nE       #1 0x559705a261c6 <unknown>\nE       #2 0x559705a71358 <unknown>\nE       #3 0x559705a71411 <unknown>\nE       #4 0x559705ab4934 <unknown>\nE       #5 0x559705a933fd <unknown>\nE       #6 0x559705ab1dd9 <unknown>\nE       #7 0x559705a93173 <unknown>\nE       #8 0x559705a642d3 <unknown>\nE       #9 0x559705a64c9e <unknown>\nE       #10 0x559705cf68cb <unknown>\nE       #11 0x559705cfa745 <unknown>\nE       #12 0x559705ce32e1 <unknown>\nE       #13 0x559705cfb2d2 <unknown>\nE       #14 0x559705cc717f <unknown>\nE       #15 0x559705d20dc8 <unknown>\nE       #16 0x559705d20fc3 <unknown>\nE       #17 0x559705d31944 <unknown>\nE       #18 0x7f82ea0a5134 <unknown>\n\n/usr/local/lib/python3.11/site-packages/selenium/webdriver/remote/errorhandler.py:229: NoSuchElementException","flaky":false,"newFailed":false,"newBroken":false,"newPassed":false,"retriesCount":0,"retriesStatusChange":false,"beforeStages":[{"name":"_session_faker","time":{"start":1708994808684,"stop":1708994808755,"duration":71},"status":"passed","steps":[],"attachments":[],"parameters":[],"shouldDisplayMessage":false,"stepsCount":0,"attachmentsCount":0,"hasContent":false,"attachmentStep":false},{"name":"clear_allure_results_folder","time":{"start":1708994808755,"stop":1708994808755,"duration":0},"status":"passed","steps":[],"attachments":[],"parameters":[],"shouldDisplayMessage":false,"stepsCount":0,"attachmentsCount":0,"hasContent":false,"attachmentStep":false},{"name":"driver","time":{"start":1708995087017,"stop":1708995087789,"duration":772},"status":"passed","steps":[],"attachments":[],"parameters":[],"shouldDisplayMessage":false,"stepsCount":0,"attachmentsCount":0,"hasContent":false,"attachmentStep":false},{"name":"setup","time":{"start":1708995087789,"stop":1708995087789,"duration":0},"status":"passed","steps":[],"attachments":[],"parameters":[],"shouldDisplayMessage":false,"stepsCount":0,"attachmentsCount":0,"hasContent":false,"attachmentStep":false}],"testStage":{"status":"skipped","statusMessage":"XFAIL\n\nselenium.common.exceptions.NoSuchElementException: Message: no such element: Unable to locate element: {\"method\":\"xpath\",\"selector\":\"(//a[@class='add-to-cart yellow-btn'])[1]\"}\n  (Session info: chrome-headless-shell=122.0.6261.69); For documentation on this error, please visit: https://www.selenium.dev/documentation/webdriver/troubleshooting/errors#no-such-element-exception\nStacktrace:\n#0 0x559705d32793 <unknown>\n#1 0x559705a261c6 <unknown>\n#2 0x559705a71358 <unknown>\n#3 0x559705a71411 <unknown>\n#4 0x559705ab4934 <unknown>\n#5 0x559705a933fd <unknown>\n#6 0x559705ab1dd9 <unknown>\n#7 0x559705a93173 <unknown>\n#8 0x559705a642d3 <unknown>\n#9 0x559705a64c9e <unknown>\n#10 0x559705cf68cb <unknown>\n#11 0x559705cfa745 <unknown>\n#12 0x559705ce32e1 <unknown>\n#13 0x559705cfb2d2 <unknown>\n#14 0x559705cc717f <unknown>\n#15 0x559705d20dc8 <unknown>\n#16 0x559705d20fc3 <unknown>\n#17 0x559705d31944 <unknown>\n#18 0x7f82ea0a5134 <unknown>","statusTrace":"self = <tests.delivery.test_delivery_calculation.TestDeliveryPageCalculation object at 0x7f90c2b39110>\ndriver = <selenium.webdriver.chrome.webdriver.WebDriver (session=\"6841150494e1ad4feb0fb55b29073dfc\")>\nurl = 'https://sandboxtest.stroyrem-nn.ru/', case_id = 'TD 024'\nlink_item = 'products/shtukaturka-gipsovaya-aksolit-m50-30-kg-mashinnogo-naneseniya'\namount = 299, weight = 9000, standard = 4300, in_time = 9900, all_time = 11440\n\n    @pytest.mark.parametrize('case_id, link_item, amount, weight, standard, in_time, all_time', [\n        (\"TD 015\", bundeks_25, 1, 30, 650, 2390, 3320),\n        pytest.param(\n            \"TD 016\", aksolit_30, 8, 300, 650, 2390, 3320,\n            marks=pytest.mark.xfail(reson=\"Цена доставки: - - -\")\n        ),\n        (\"TD 017\", aksolit_30, 13, 400, 650, 2390, 3320),\n        (\"TD 018\", aksolit_30, 16, 500, 850, 2490, 3320),\n        (\"TD 019\", aksolit_30, 25, 1700, 1150, 2490, 3320),\n        (\"TD 020\", aksolit_30, 66, 2000, 1500, 2990, 3650),\n        (\"TD 021\", aksolit_30, 149, 4500, 2600, 4380, 4890),\n        (\"TD 022\", aksolit_30, 166, 5000, 2800, 5490, 5980),\n        pytest.param(\n            \"TD 023\", aksolit_30, 206, 6200, 3300, 7500, 8000,\n            marks=pytest.mark.xfail(reson=\"Цена доставки: 4300 9900 11440\")\n        ),\n        (\"TD 024\", aksolit_30, 299, 9000, 4300, 9900, 11440),\n        (\"TD 025\", aksolit_30, 333, 10000, 7000, 13900, 15900),\n        pytest.param(\n            \"TD 026\", aksolit_30, 366, 11000, 8000, 14900, 19900,\n            marks=pytest.mark.xfail(reson=\"Цена доставки: 7000 13900 15900\")\n        ),\n        pytest.param(\n            \"TD 027\", aksolit_30, 666, 20000, 14000, 16900, 23900,\n            marks=pytest.mark.xfail(reson=\"Цена доставки: 7000 13900 15900\")\n        )\n    ])\n    @pytest.mark.xfail\n    @pytest.mark.smoke_test\n    def test_positive_delivery_blue_zone_smoke(\n            self, driver, url, case_id, link_item, amount, weight, standard, in_time, all_time\n    ):\n        allure.dynamic.title(f\"{case_id} Доставка товара весом до {weight}кг. в синей зоне\")\n    \n        driver.get(f'{url}{link_item}')\n        item_page = ItemPage(driver)\n>       item_page.add_item_to_cart(amount).click_on_cart()\n\ntests/delivery/test_delivery_calculation.py:132: \n_ _ _ _ _ _ _ _ _ _ _ _ _ _ _ _ _ _ _ _ _ _ _ _ _ _ _ _ _ _ _ _ _ _ _ _ _ _ _ _ \npages/item_page.py:40: in add_item_to_cart\n    self.find_element(self._add_item).click()\nbase/seleniumbase.py:17: in find_element\n    return self.driver.find_element(*locator)\n/usr/local/lib/python3.11/site-packages/selenium/webdriver/remote/webdriver.py:739: in find_element\n    return self.execute(Command.FIND_ELEMENT, {\"using\": by, \"value\": value})[\"value\"]\n/usr/local/lib/python3.11/site-packages/selenium/webdriver/remote/webdriver.py:345: in execute\n    self.error_handler.check_response(response)\n_ _ _ _ _ _ _ _ _ _ _ _ _ _ _ _ _ _ _ _ _ _ _ _ _ _ _ _ _ _ _ _ _ _ _ _ _ _ _ _ \n\nself = <selenium.webdriver.remote.errorhandler.ErrorHandler object at 0x7f90c33169d0>\nresponse = {'status': 404, 'value': '{\"value\":{\"error\":\"no such element\",\"message\":\"no such element: Unable to locate element: {\\...\\\\n#16 0x559705d20fc3 \\\\u003Cunknown>\\\\n#17 0x559705d31944 \\\\u003Cunknown>\\\\n#18 0x7f82ea0a5134 \\\\u003Cunknown>\\\\n\"}}'}\n\n    def check_response(self, response: Dict[str, Any]) -> None:\n        \"\"\"Checks that a JSON response from the WebDriver does not have an\n        error.\n    \n        :Args:\n         - response - The JSON response from the WebDriver server as a dictionary\n           object.\n    \n        :Raises: If the response contains an error message.\n        \"\"\"\n        status = response.get(\"status\", None)\n        if not status or status == ErrorCode.SUCCESS:\n            return\n        value = None\n        message = response.get(\"message\", \"\")\n        screen: str = response.get(\"screen\", \"\")\n        stacktrace = None\n        if isinstance(status, int):\n            value_json = response.get(\"value\", None)\n            if value_json and isinstance(value_json, str):\n                import json\n    \n                try:\n                    value = json.loads(value_json)\n                    if len(value) == 1:\n                        value = value[\"value\"]\n                    status = value.get(\"error\", None)\n                    if not status:\n                        status = value.get(\"status\", ErrorCode.UNKNOWN_ERROR)\n                        message = value.get(\"value\") or value.get(\"message\")\n                        if not isinstance(message, str):\n                            value = message\n                            message = message.get(\"message\")\n                    else:\n                        message = value.get(\"message\", None)\n                except ValueError:\n                    pass\n    \n        exception_class: Type[WebDriverException]\n        e = ErrorCode()\n        error_codes = [item for item in dir(e) if not item.startswith(\"__\")]\n        for error_code in error_codes:\n            error_info = getattr(ErrorCode, error_code)\n            if isinstance(error_info, list) and status in error_info:\n                exception_class = getattr(ExceptionMapping, error_code, WebDriverException)\n                break\n        else:\n            exception_class = WebDriverException\n    \n        if not value:\n            value = response[\"value\"]\n        if isinstance(value, str):\n            raise exception_class(value)\n        if message == \"\" and \"message\" in value:\n            message = value[\"message\"]\n    \n        screen = None  # type: ignore[assignment]\n        if \"screen\" in value:\n            screen = value[\"screen\"]\n    \n        stacktrace = None\n        st_value = value.get(\"stackTrace\") or value.get(\"stacktrace\")\n        if st_value:\n            if isinstance(st_value, str):\n                stacktrace = st_value.split(\"\\n\")\n            else:\n                stacktrace = []\n                try:\n                    for frame in st_value:\n                        line = frame.get(\"lineNumber\", \"\")\n                        file = frame.get(\"fileName\", \"<anonymous>\")\n                        if line:\n                            file = f\"{file}:{line}\"\n                        meth = frame.get(\"methodName\", \"<anonymous>\")\n                        if \"className\" in frame:\n                            meth = f\"{frame['className']}.{meth}\"\n                        msg = \"    at %s (%s)\"\n                        msg = msg % (meth, file)\n                        stacktrace.append(msg)\n                except TypeError:\n                    pass\n        if exception_class == UnexpectedAlertPresentException:\n            alert_text = None\n            if \"data\" in value:\n                alert_text = value[\"data\"].get(\"text\")\n            elif \"alert\" in value:\n                alert_text = value[\"alert\"].get(\"text\")\n            raise exception_class(message, screen, stacktrace, alert_text)  # type: ignore[call-arg]  # mypy is not smart enough here\n>       raise exception_class(message, screen, stacktrace)\nE       selenium.common.exceptions.NoSuchElementException: Message: no such element: Unable to locate element: {\"method\":\"xpath\",\"selector\":\"(//a[@class='add-to-cart yellow-btn'])[1]\"}\nE         (Session info: chrome-headless-shell=122.0.6261.69); For documentation on this error, please visit: https://www.selenium.dev/documentation/webdriver/troubleshooting/errors#no-such-element-exception\nE       Stacktrace:\nE       #0 0x559705d32793 <unknown>\nE       #1 0x559705a261c6 <unknown>\nE       #2 0x559705a71358 <unknown>\nE       #3 0x559705a71411 <unknown>\nE       #4 0x559705ab4934 <unknown>\nE       #5 0x559705a933fd <unknown>\nE       #6 0x559705ab1dd9 <unknown>\nE       #7 0x559705a93173 <unknown>\nE       #8 0x559705a642d3 <unknown>\nE       #9 0x559705a64c9e <unknown>\nE       #10 0x559705cf68cb <unknown>\nE       #11 0x559705cfa745 <unknown>\nE       #12 0x559705ce32e1 <unknown>\nE       #13 0x559705cfb2d2 <unknown>\nE       #14 0x559705cc717f <unknown>\nE       #15 0x559705d20dc8 <unknown>\nE       #16 0x559705d20fc3 <unknown>\nE       #17 0x559705d31944 <unknown>\nE       #18 0x7f82ea0a5134 <unknown>\n\n/usr/local/lib/python3.11/site-packages/selenium/webdriver/remote/errorhandler.py:229: NoSuchElementException","steps":[{"name":"Добавляем товар в корзину в количестве 299","time":{"start":1708995088184,"stop":1708995088195,"duration":11},"status":"broken","statusMessage":"selenium.common.exceptions.NoSuchElementException: Message: no such element: Unable to locate element: {\"method\":\"xpath\",\"selector\":\"(//a[@class='add-to-cart yellow-btn'])[1]\"}\n  (Session info: chrome-headless-shell=122.0.6261.69); For documentation on this error, please visit: https://www.selenium.dev/documentation/webdriver/troubleshooting/errors#no-such-element-exception\nStacktrace:\n#0 0x559705d32793 <unknown>\n#1 0x559705a261c6 <unknown>\n#2 0x559705a71358 <unknown>\n#3 0x559705a71411 <unknown>\n#4 0x559705ab4934 <unknown>\n#5 0x559705a933fd <unknown>\n#6 0x559705ab1dd9 <unknown>\n#7 0x559705a93173 <unknown>\n#8 0x559705a642d3 <unknown>\n#9 0x559705a64c9e <unknown>\n#10 0x559705cf68cb <unknown>\n#11 0x559705cfa745 <unknown>\n#12 0x559705ce32e1 <unknown>\n#13 0x559705cfb2d2 <unknown>\n#14 0x559705cc717f <unknown>\n#15 0x559705d20dc8 <unknown>\n#16 0x559705d20fc3 <unknown>\n#17 0x559705d31944 <unknown>\n#18 0x7f82ea0a5134 <unknown>\n\n","statusTrace":"  File \"/usr/local/lib/python3.11/site-packages/allure_commons/_allure.py\", line 192, in impl\n    return func(*a, **kw)\n           ^^^^^^^^^^^^^^\n  File \"/app/pages/item_page.py\", line 40, in add_item_to_cart\n    self.find_element(self._add_item).click()\n    ^^^^^^^^^^^^^^^^^^^^^^^^^^^^^^^^^\n  File \"/app/base/seleniumbase.py\", line 17, in find_element\n    return self.driver.find_element(*locator)\n           ^^^^^^^^^^^^^^^^^^^^^^^^^^^^^^^^^^\n  File \"/usr/local/lib/python3.11/site-packages/selenium/webdriver/remote/webdriver.py\", line 739, in find_element\n    return self.execute(Command.FIND_ELEMENT, {\"using\": by, \"value\": value})[\"value\"]\n           ^^^^^^^^^^^^^^^^^^^^^^^^^^^^^^^^^^^^^^^^^^^^^^^^^^^^^^^^^^^^^^^^^\n  File \"/usr/local/lib/python3.11/site-packages/selenium/webdriver/remote/webdriver.py\", line 345, in execute\n    self.error_handler.check_response(response)\n  File \"/usr/local/lib/python3.11/site-packages/selenium/webdriver/remote/errorhandler.py\", line 229, in check_response\n    raise exception_class(message, screen, stacktrace)\n","steps":[],"attachments":[],"parameters":[{"name":"amount","value":"299"}],"shouldDisplayMessage":true,"stepsCount":0,"attachmentsCount":0,"hasContent":true,"attachmentStep":false}],"attachments":[{"uid":"f896086f582e7237","name":"Screenshot","source":"f896086f582e7237.png","type":"image/png","size":5862},{"uid":"622132284b2d6b46","name":"HTML source","source":"622132284b2d6b46.html","type":"text/html","size":39}],"parameters":[],"shouldDisplayMessage":true,"stepsCount":1,"attachmentsCount":2,"hasContent":true,"attachmentStep":false},"afterStages":[{"name":"setup::0","time":{"start":1708995088292,"stop":1708995088292,"duration":0},"status":"passed","steps":[],"attachments":[],"parameters":[],"shouldDisplayMessage":false,"stepsCount":0,"attachmentsCount":0,"hasContent":false,"attachmentStep":false},{"name":"driver::0","time":{"start":1708995088292,"stop":1708995088349,"duration":57},"status":"passed","steps":[],"attachments":[],"parameters":[],"shouldDisplayMessage":false,"stepsCount":0,"attachmentsCount":0,"hasContent":false,"attachmentStep":false}],"labels":[{"name":"epic","value":"Delivery Page - calculation"},{"name":"tag","value":"smoke_test"},{"name":"tag","value":"@pytest.mark.xfail"},{"name":"parentSuite","value":"tests.delivery"},{"name":"suite","value":"test_delivery_calculation"},{"name":"subSuite","value":"TestDeliveryPageCalculation"},{"name":"host","value":"e7542323be67"},{"name":"thread","value":"1-MainThread"},{"name":"framework","value":"pytest"},{"name":"language","value":"cpython3"},{"name":"package","value":"tests.delivery.test_delivery_calculation"},{"name":"resultFormat","value":"allure2"}],"parameters":[{"name":"all_time","value":"11440"},{"name":"amount","value":"299"},{"name":"case_id","value":"'TD 024'"},{"name":"in_time","value":"9900"},{"name":"link_item","value":"'products/shtukaturka-gipsovaya-aksolit-m50-30-kg-mashinnogo-naneseniya'"},{"name":"standard","value":"4300"},{"name":"url","value":"'https://sandboxtest.stroyrem-nn.ru/'"},{"name":"weight","value":"9000"}],"links":[],"hidden":false,"retry":false,"extra":{"severity":"normal","retries":[],"categories":[],"history":{"statistic":{"failed":0,"broken":13,"skipped":169,"passed":0,"unknown":0,"total":182},"items":[{"uid":"f5e47730512b8d03","reportUrl":"https://Nat754.github.io/StroyremAutomation/229//#testresult/f5e47730512b8d03","status":"skipped","statusDetails":"XFAIL\n\nselenium.common.exceptions.NoSuchElementException: Message: no such element: Unable to locate element: {\"method\":\"xpath\",\"selector\":\"(//a[@class='add-to-cart yellow-btn'])[1]\"}\n  (Session info: chrome-headless-shell=122.0.6261.69); For documentation on this error, please visit: https://www.selenium.dev/documentation/webdriver/troubleshooting/errors#no-such-element-exception\nStacktrace:\n#0 0x55d7fc418793 <unknown>\n#1 0x55d7fc10c1c6 <unknown>\n#2 0x55d7fc157358 <unknown>\n#3 0x55d7fc157411 <unknown>\n#4 0x55d7fc19a934 <unknown>\n#5 0x55d7fc1793fd <unknown>\n#6 0x55d7fc197dd9 <unknown>\n#7 0x55d7fc179173 <unknown>\n#8 0x55d7fc14a2d3 <unknown>\n#9 0x55d7fc14ac9e <unknown>\n#10 0x55d7fc3dc8cb <unknown>\n#11 0x55d7fc3e0745 <unknown>\n#12 0x55d7fc3c92e1 <unknown>\n#13 0x55d7fc3e12d2 <unknown>\n#14 0x55d7fc3ad17f <unknown>\n#15 0x55d7fc406dc8 <unknown>\n#16 0x55d7fc406fc3 <unknown>\n#17 0x55d7fc417944 <unknown>\n#18 0x7ff67c046134 <unknown>","time":{"start":1708908784687,"stop":1708908785345,"duration":658}},{"uid":"df7525e02cf36d18","reportUrl":"https://Nat754.github.io/StroyremAutomation/228//#testresult/df7525e02cf36d18","status":"skipped","statusDetails":"XFAIL\n\nselenium.common.exceptions.NoSuchElementException: Message: no such element: Unable to locate element: {\"method\":\"xpath\",\"selector\":\"(//a[@class='add-to-cart yellow-btn'])[1]\"}\n  (Session info: chrome-headless-shell=122.0.6261.69); For documentation on this error, please visit: https://www.selenium.dev/documentation/webdriver/troubleshooting/errors#no-such-element-exception\nStacktrace:\n#0 0x5621cfdd7793 <unknown>\n#1 0x5621cfacb1c6 <unknown>\n#2 0x5621cfb16358 <unknown>\n#3 0x5621cfb16411 <unknown>\n#4 0x5621cfb59934 <unknown>\n#5 0x5621cfb383fd <unknown>\n#6 0x5621cfb56dd9 <unknown>\n#7 0x5621cfb38173 <unknown>\n#8 0x5621cfb092d3 <unknown>\n#9 0x5621cfb09c9e <unknown>\n#10 0x5621cfd9b8cb <unknown>\n#11 0x5621cfd9f745 <unknown>\n#12 0x5621cfd882e1 <unknown>\n#13 0x5621cfda02d2 <unknown>\n#14 0x5621cfd6c17f <unknown>\n#15 0x5621cfdc5dc8 <unknown>\n#16 0x5621cfdc5fc3 <unknown>\n#17 0x5621cfdd6944 <unknown>\n#18 0x7f16dd105134 <unknown>","time":{"start":1708822570666,"stop":1708822571004,"duration":338}},{"uid":"f6e5d29bc65d09c8","reportUrl":"https://Nat754.github.io/StroyremAutomation/227//#testresult/f6e5d29bc65d09c8","status":"skipped","statusDetails":"XFAIL\n\nselenium.common.exceptions.NoSuchElementException: Message: no such element: Unable to locate element: {\"method\":\"xpath\",\"selector\":\"(//a[@class='add-to-cart yellow-btn'])[1]\"}\n  (Session info: chrome-headless-shell=122.0.6261.69); For documentation on this error, please visit: https://www.selenium.dev/documentation/webdriver/troubleshooting/errors#no-such-element-exception\nStacktrace:\n#0 0x56303bd61793 <unknown>\n#1 0x56303ba551c6 <unknown>\n#2 0x56303baa0358 <unknown>\n#3 0x56303baa0411 <unknown>\n#4 0x56303bae3934 <unknown>\n#5 0x56303bac23fd <unknown>\n#6 0x56303bae0dd9 <unknown>\n#7 0x56303bac2173 <unknown>\n#8 0x56303ba932d3 <unknown>\n#9 0x56303ba93c9e <unknown>\n#10 0x56303bd258cb <unknown>\n#11 0x56303bd29745 <unknown>\n#12 0x56303bd122e1 <unknown>\n#13 0x56303bd2a2d2 <unknown>\n#14 0x56303bcf617f <unknown>\n#15 0x56303bd4fdc8 <unknown>\n#16 0x56303bd4ffc3 <unknown>\n#17 0x56303bd60944 <unknown>\n#18 0x7fd9435b6134 <unknown>","time":{"start":1708735766512,"stop":1708735766926,"duration":414}},{"uid":"25397ff8d9c78015","reportUrl":"https://Nat754.github.io/StroyremAutomation/226//#testresult/25397ff8d9c78015","status":"skipped","statusDetails":"XFAIL\n\nselenium.common.exceptions.NoSuchElementException: Message: no such element: Unable to locate element: {\"method\":\"xpath\",\"selector\":\"(//a[@class='add-to-cart yellow-btn'])[1]\"}\n  (Session info: chrome-headless-shell=122.0.6261.69); For documentation on this error, please visit: https://www.selenium.dev/documentation/webdriver/troubleshooting/errors#no-such-element-exception\nStacktrace:\n#0 0x55c82b85a793 <unknown>\n#1 0x55c82b54e1c6 <unknown>\n#2 0x55c82b599358 <unknown>\n#3 0x55c82b599411 <unknown>\n#4 0x55c82b5dc934 <unknown>\n#5 0x55c82b5bb3fd <unknown>\n#6 0x55c82b5d9dd9 <unknown>\n#7 0x55c82b5bb173 <unknown>\n#8 0x55c82b58c2d3 <unknown>\n#9 0x55c82b58cc9e <unknown>\n#10 0x55c82b81e8cb <unknown>\n#11 0x55c82b822745 <unknown>\n#12 0x55c82b80b2e1 <unknown>\n#13 0x55c82b8232d2 <unknown>\n#14 0x55c82b7ef17f <unknown>\n#15 0x55c82b848dc8 <unknown>\n#16 0x55c82b848fc3 <unknown>\n#17 0x55c82b859944 <unknown>\n#18 0x7ff4f7d17134 <unknown>","time":{"start":1708649479311,"stop":1708649479608,"duration":297}},{"uid":"b7b006d2e9462547","reportUrl":"https://Nat754.github.io/StroyremAutomation/225//#testresult/b7b006d2e9462547","status":"skipped","statusDetails":"XFAIL\n\nselenium.common.exceptions.NoSuchElementException: Message: no such element: Unable to locate element: {\"method\":\"xpath\",\"selector\":\"(//a[@class='add-to-cart yellow-btn'])[1]\"}\n  (Session info: chrome-headless-shell=122.0.6261.57); For documentation on this error, please visit: https://www.selenium.dev/documentation/webdriver/troubleshooting/errors#no-such-element-exception\nStacktrace:\n#0 0x562145cbc7d3 <unknown>\n#1 0x5621459b01c6 <unknown>\n#2 0x5621459fb358 <unknown>\n#3 0x5621459fb411 <unknown>\n#4 0x562145a3e934 <unknown>\n#5 0x562145a1d3fd <unknown>\n#6 0x562145a3bdd9 <unknown>\n#7 0x562145a1d173 <unknown>\n#8 0x5621459ee2d3 <unknown>\n#9 0x5621459eec9e <unknown>\n#10 0x562145c8090b <unknown>\n#11 0x562145c84785 <unknown>\n#12 0x562145c6d321 <unknown>\n#13 0x562145c85312 <unknown>\n#14 0x562145c511bf <unknown>\n#15 0x562145caae08 <unknown>\n#16 0x562145cab003 <unknown>\n#17 0x562145cbb984 <unknown>\n#18 0x7fe926941134 <unknown>","time":{"start":1708563146329,"stop":1708563146751,"duration":422}},{"uid":"f4c08274d264e991","reportUrl":"https://Nat754.github.io/StroyremAutomation/224//#testresult/f4c08274d264e991","status":"skipped","statusDetails":"XFAIL\n\nselenium.common.exceptions.NoSuchElementException: Message: no such element: Unable to locate element: {\"method\":\"xpath\",\"selector\":\"(//a[@class='add-to-cart yellow-btn'])[1]\"}\n  (Session info: chrome-headless-shell=122.0.6261.57); For documentation on this error, please visit: https://www.selenium.dev/documentation/webdriver/troubleshooting/errors#no-such-element-exception\nStacktrace:\n#0 0x55c3f6f8b7d3 <unknown>\n#1 0x55c3f6c7f1c6 <unknown>\n#2 0x55c3f6cca358 <unknown>\n#3 0x55c3f6cca411 <unknown>\n#4 0x55c3f6d0d934 <unknown>\n#5 0x55c3f6cec3fd <unknown>\n#6 0x55c3f6d0add9 <unknown>\n#7 0x55c3f6cec173 <unknown>\n#8 0x55c3f6cbd2d3 <unknown>\n#9 0x55c3f6cbdc9e <unknown>\n#10 0x55c3f6f4f90b <unknown>\n#11 0x55c3f6f53785 <unknown>\n#12 0x55c3f6f3c321 <unknown>\n#13 0x55c3f6f54312 <unknown>\n#14 0x55c3f6f201bf <unknown>\n#15 0x55c3f6f79e08 <unknown>\n#16 0x55c3f6f7a003 <unknown>\n#17 0x55c3f6f8a984 <unknown>\n#18 0x7efedac79134 <unknown>","time":{"start":1708476795017,"stop":1708476795418,"duration":401}},{"uid":"78bdeef16cd7b574","reportUrl":"https://Nat754.github.io/StroyremAutomation/223//#testresult/78bdeef16cd7b574","status":"skipped","statusDetails":"XFAIL\n\nselenium.common.exceptions.NoSuchElementException: Message: no such element: Unable to locate element: {\"method\":\"xpath\",\"selector\":\"(//a[@class='add-to-cart yellow-btn'])[1]\"}\n  (Session info: chrome-headless-shell=121.0.6167.184); For documentation on this error, please visit: https://www.selenium.dev/documentation/webdriver/troubleshooting/errors#no-such-element-exception\nStacktrace:\n#0 0x563a06c07303 <unknown>\n#1 0x563a068ec2b7 <unknown>\n#2 0x563a06937cc0 <unknown>\n#3 0x563a06937db1 <unknown>\n#4 0x563a0697bb44 <unknown>\n#5 0x563a0695a3ad <unknown>\n#6 0x563a0697907c <unknown>\n#7 0x563a0695a123 <unknown>\n#8 0x563a0692a095 <unknown>\n#9 0x563a0692b09e <unknown>\n#10 0x563a06bcb6ab <unknown>\n#11 0x563a06bcf4ba <unknown>\n#12 0x563a06bb7f85 <unknown>\n#13 0x563a06bd012f <unknown>\n#14 0x563a06b9be6f <unknown>\n#15 0x563a06bf45f8 <unknown>\n#16 0x563a06bf47c2 <unknown>\n#17 0x563a06c064a4 <unknown>\n#18 0x7fb8db291134 <unknown>","time":{"start":1708390272151,"stop":1708390272504,"duration":353}},{"uid":"2469076c751827a3","reportUrl":"https://Nat754.github.io/StroyremAutomation/222//#testresult/2469076c751827a3","status":"skipped","statusDetails":"XFAIL\n\nselenium.common.exceptions.NoSuchElementException: Message: no such element: Unable to locate element: {\"method\":\"xpath\",\"selector\":\"(//a[@class='add-to-cart yellow-btn'])[1]\"}\n  (Session info: chrome-headless-shell=121.0.6167.184); For documentation on this error, please visit: https://www.selenium.dev/documentation/webdriver/troubleshooting/errors#no-such-element-exception\nStacktrace:\n#0 0x55869838d303 <unknown>\n#1 0x5586980722b7 <unknown>\n#2 0x5586980bdcc0 <unknown>\n#3 0x5586980bddb1 <unknown>\n#4 0x558698101b44 <unknown>\n#5 0x5586980e03ad <unknown>\n#6 0x5586980ff07c <unknown>\n#7 0x5586980e0123 <unknown>\n#8 0x5586980b0095 <unknown>\n#9 0x5586980b109e <unknown>\n#10 0x5586983516ab <unknown>\n#11 0x5586983554ba <unknown>\n#12 0x55869833df85 <unknown>\n#13 0x55869835612f <unknown>\n#14 0x558698321e6f <unknown>\n#15 0x55869837a5f8 <unknown>\n#16 0x55869837a7c2 <unknown>\n#17 0x55869838c4a4 <unknown>\n#18 0x7fcc6ac44134 <unknown>","time":{"start":1708304065499,"stop":1708304065907,"duration":408}},{"uid":"cd75e55bc7a521a3","reportUrl":"https://Nat754.github.io/StroyremAutomation/221//#testresult/cd75e55bc7a521a3","status":"skipped","statusDetails":"XFAIL\n\nselenium.common.exceptions.NoSuchElementException: Message: no such element: Unable to locate element: {\"method\":\"xpath\",\"selector\":\"(//a[@class='add-to-cart yellow-btn'])[1]\"}\n  (Session info: chrome-headless-shell=121.0.6167.184); For documentation on this error, please visit: https://www.selenium.dev/documentation/webdriver/troubleshooting/errors#no-such-element-exception\nStacktrace:\n#0 0x55871624d303 <unknown>\n#1 0x558715f322b7 <unknown>\n#2 0x558715f7dcc0 <unknown>\n#3 0x558715f7ddb1 <unknown>\n#4 0x558715fc1b44 <unknown>\n#5 0x558715fa03ad <unknown>\n#6 0x558715fbf07c <unknown>\n#7 0x558715fa0123 <unknown>\n#8 0x558715f70095 <unknown>\n#9 0x558715f7109e <unknown>\n#10 0x5587162116ab <unknown>\n#11 0x5587162154ba <unknown>\n#12 0x5587161fdf85 <unknown>\n#13 0x55871621612f <unknown>\n#14 0x5587161e1e6f <unknown>\n#15 0x55871623a5f8 <unknown>\n#16 0x55871623a7c2 <unknown>\n#17 0x55871624c4a4 <unknown>\n#18 0x7f125006b134 <unknown>","time":{"start":1708217730295,"stop":1708217730707,"duration":412}},{"uid":"87274f5734b0a720","reportUrl":"https://Nat754.github.io/StroyremAutomation/220//#testresult/87274f5734b0a720","status":"skipped","statusDetails":"XFAIL\n\nselenium.common.exceptions.NoSuchElementException: Message: no such element: Unable to locate element: {\"method\":\"xpath\",\"selector\":\"(//a[@class='add-to-cart yellow-btn'])[1]\"}\n  (Session info: chrome-headless-shell=121.0.6167.184); For documentation on this error, please visit: https://www.selenium.dev/documentation/webdriver/troubleshooting/errors#no-such-element-exception\nStacktrace:\n#0 0x56196bdbf303 <unknown>\n#1 0x56196baa42b7 <unknown>\n#2 0x56196baefcc0 <unknown>\n#3 0x56196baefdb1 <unknown>\n#4 0x56196bb33b44 <unknown>\n#5 0x56196bb123ad <unknown>\n#6 0x56196bb3107c <unknown>\n#7 0x56196bb12123 <unknown>\n#8 0x56196bae2095 <unknown>\n#9 0x56196bae309e <unknown>\n#10 0x56196bd836ab <unknown>\n#11 0x56196bd874ba <unknown>\n#12 0x56196bd6ff85 <unknown>\n#13 0x56196bd8812f <unknown>\n#14 0x56196bd53e6f <unknown>\n#15 0x56196bdac5f8 <unknown>\n#16 0x56196bdac7c2 <unknown>\n#17 0x56196bdbe4a4 <unknown>\n#18 0x7fd67a237134 <unknown>","time":{"start":1708131044023,"stop":1708131044316,"duration":293}},{"uid":"dde52d8dbb0535fa","reportUrl":"https://Nat754.github.io/StroyremAutomation/219//#testresult/dde52d8dbb0535fa","status":"skipped","statusDetails":"XFAIL\n\nselenium.common.exceptions.NoSuchElementException: Message: no such element: Unable to locate element: {\"method\":\"xpath\",\"selector\":\"(//a[@class='add-to-cart yellow-btn'])[1]\"}\n  (Session info: chrome-headless-shell=121.0.6167.85); For documentation on this error, please visit: https://www.selenium.dev/documentation/webdriver/troubleshooting/errors#no-such-element-exception\nStacktrace:\n#0 0x55fdef40ed93 <unknown>\n#1 0x55fdef0f2337 <unknown>\n#2 0x55fdef13dd60 <unknown>\n#3 0x55fdef13de51 <unknown>\n#4 0x55fdef181bc4 <unknown>\n#5 0x55fdef16046d <unknown>\n#6 0x55fdef17f12d <unknown>\n#7 0x55fdef1601e3 <unknown>\n#8 0x55fdef130135 <unknown>\n#9 0x55fdef13113e <unknown>\n#10 0x55fdef3d2e4b <unknown>\n#11 0x55fdef3d6dfa <unknown>\n#12 0x55fdef3bf6d5 <unknown>\n#13 0x55fdef3d7a6f <unknown>\n#14 0x55fdef3a369f <unknown>\n#15 0x55fdef3fc098 <unknown>\n#16 0x55fdef3fc262 <unknown>\n#17 0x55fdef40df34 <unknown>\n#18 0x7f1cb1837134 <unknown>","time":{"start":1708044742361,"stop":1708044743144,"duration":783}},{"uid":"d64fa970cfdc0496","reportUrl":"https://Nat754.github.io/StroyremAutomation/218//#testresult/d64fa970cfdc0496","status":"skipped","statusDetails":"XFAIL\n\nselenium.common.exceptions.NoSuchElementException: Message: no such element: Unable to locate element: {\"method\":\"xpath\",\"selector\":\"(//a[@class='add-to-cart yellow-btn'])[1]\"}\n  (Session info: chrome-headless-shell=121.0.6167.85); For documentation on this error, please visit: https://www.selenium.dev/documentation/webdriver/troubleshooting/errors#no-such-element-exception\nStacktrace:\n#0 0x55b8028b0d93 <unknown>\n#1 0x55b802594337 <unknown>\n#2 0x55b8025dfd60 <unknown>\n#3 0x55b8025dfe51 <unknown>\n#4 0x55b802623bc4 <unknown>\n#5 0x55b80260246d <unknown>\n#6 0x55b80262112d <unknown>\n#7 0x55b8026021e3 <unknown>\n#8 0x55b8025d2135 <unknown>\n#9 0x55b8025d313e <unknown>\n#10 0x55b802874e4b <unknown>\n#11 0x55b802878dfa <unknown>\n#12 0x55b8028616d5 <unknown>\n#13 0x55b802879a6f <unknown>\n#14 0x55b80284569f <unknown>\n#15 0x55b80289e098 <unknown>\n#16 0x55b80289e262 <unknown>\n#17 0x55b8028aff34 <unknown>\n#18 0x7f93f8a3d134 <unknown>","time":{"start":1707958352925,"stop":1707958353435,"duration":510}},{"uid":"504f6e5bd013c0de","reportUrl":"https://Nat754.github.io/StroyremAutomation/217//#testresult/504f6e5bd013c0de","status":"skipped","statusDetails":"XFAIL\n\nselenium.common.exceptions.NoSuchElementException: Message: no such element: Unable to locate element: {\"method\":\"xpath\",\"selector\":\"(//a[@class='add-to-cart yellow-btn'])[1]\"}\n  (Session info: chrome-headless-shell=121.0.6167.85); For documentation on this error, please visit: https://www.selenium.dev/documentation/webdriver/troubleshooting/errors#no-such-element-exception\nStacktrace:\n#0 0x5631a1fa2d93 <unknown>\n#1 0x5631a1c86337 <unknown>\n#2 0x5631a1cd1d60 <unknown>\n#3 0x5631a1cd1e51 <unknown>\n#4 0x5631a1d15bc4 <unknown>\n#5 0x5631a1cf446d <unknown>\n#6 0x5631a1d1312d <unknown>\n#7 0x5631a1cf41e3 <unknown>\n#8 0x5631a1cc4135 <unknown>\n#9 0x5631a1cc513e <unknown>\n#10 0x5631a1f66e4b <unknown>\n#11 0x5631a1f6adfa <unknown>\n#12 0x5631a1f536d5 <unknown>\n#13 0x5631a1f6ba6f <unknown>\n#14 0x5631a1f3769f <unknown>\n#15 0x5631a1f90098 <unknown>\n#16 0x5631a1f90262 <unknown>\n#17 0x5631a1fa1f34 <unknown>\n#18 0x7f9b39e8e134 <unknown>","time":{"start":1707872035982,"stop":1707872036387,"duration":405}},{"uid":"45d4995c0a34f77","reportUrl":"https://Nat754.github.io/StroyremAutomation/216//#testresult/45d4995c0a34f77","status":"skipped","statusDetails":"XFAIL\n\nselenium.common.exceptions.NoSuchElementException: Message: no such element: Unable to locate element: {\"method\":\"xpath\",\"selector\":\"(//a[@class='add-to-cart yellow-btn'])[1]\"}\n  (Session info: chrome-headless-shell=121.0.6167.85); For documentation on this error, please visit: https://www.selenium.dev/documentation/webdriver/troubleshooting/errors#no-such-element-exception\nStacktrace:\n#0 0x564f203d0d93 <unknown>\n#1 0x564f200b4337 <unknown>\n#2 0x564f200ffd60 <unknown>\n#3 0x564f200ffe51 <unknown>\n#4 0x564f20143bc4 <unknown>\n#5 0x564f2012246d <unknown>\n#6 0x564f2014112d <unknown>\n#7 0x564f201221e3 <unknown>\n#8 0x564f200f2135 <unknown>\n#9 0x564f200f313e <unknown>\n#10 0x564f20394e4b <unknown>\n#11 0x564f20398dfa <unknown>\n#12 0x564f203816d5 <unknown>\n#13 0x564f20399a6f <unknown>\n#14 0x564f2036569f <unknown>\n#15 0x564f203be098 <unknown>\n#16 0x564f203be262 <unknown>\n#17 0x564f203cff34 <unknown>\n#18 0x7f1a8a914134 <unknown>","time":{"start":1707785644306,"stop":1707785644825,"duration":519}},{"uid":"6caa8c3ece5821d0","reportUrl":"https://Nat754.github.io/StroyremAutomation/215//#testresult/6caa8c3ece5821d0","status":"skipped","statusDetails":"XFAIL\n\nselenium.common.exceptions.NoSuchElementException: Message: no such element: Unable to locate element: {\"method\":\"xpath\",\"selector\":\"(//a[@class='add-to-cart yellow-btn'])[1]\"}\n  (Session info: chrome-headless-shell=121.0.6167.85); For documentation on this error, please visit: https://www.selenium.dev/documentation/webdriver/troubleshooting/errors#no-such-element-exception\nStacktrace:\n#0 0x55b01bd6ad93 <unknown>\n#1 0x55b01ba4e337 <unknown>\n#2 0x55b01ba99d60 <unknown>\n#3 0x55b01ba99e51 <unknown>\n#4 0x55b01baddbc4 <unknown>\n#5 0x55b01babc46d <unknown>\n#6 0x55b01badb12d <unknown>\n#7 0x55b01babc1e3 <unknown>\n#8 0x55b01ba8c135 <unknown>\n#9 0x55b01ba8d13e <unknown>\n#10 0x55b01bd2ee4b <unknown>\n#11 0x55b01bd32dfa <unknown>\n#12 0x55b01bd1b6d5 <unknown>\n#13 0x55b01bd33a6f <unknown>\n#14 0x55b01bcff69f <unknown>\n#15 0x55b01bd58098 <unknown>\n#16 0x55b01bd58262 <unknown>\n#17 0x55b01bd69f34 <unknown>\n#18 0x7f6b59e60134 <unknown>","time":{"start":1707699182232,"stop":1707699182548,"duration":316}},{"uid":"6daf0a033a25f414","reportUrl":"https://Nat754.github.io/StroyremAutomation/214//#testresult/6daf0a033a25f414","status":"skipped","statusDetails":"XFAIL\n\nselenium.common.exceptions.NoSuchElementException: Message: no such element: Unable to locate element: {\"method\":\"xpath\",\"selector\":\"(//a[@class='add-to-cart yellow-btn'])[1]\"}\n  (Session info: chrome-headless-shell=121.0.6167.85); For documentation on this error, please visit: https://www.selenium.dev/documentation/webdriver/troubleshooting/errors#no-such-element-exception\nStacktrace:\n#0 0x55eae2400d93 <unknown>\n#1 0x55eae20e4337 <unknown>\n#2 0x55eae212fd60 <unknown>\n#3 0x55eae212fe51 <unknown>\n#4 0x55eae2173bc4 <unknown>\n#5 0x55eae215246d <unknown>\n#6 0x55eae217112d <unknown>\n#7 0x55eae21521e3 <unknown>\n#8 0x55eae2122135 <unknown>\n#9 0x55eae212313e <unknown>\n#10 0x55eae23c4e4b <unknown>\n#11 0x55eae23c8dfa <unknown>\n#12 0x55eae23b16d5 <unknown>\n#13 0x55eae23c9a6f <unknown>\n#14 0x55eae239569f <unknown>\n#15 0x55eae23ee098 <unknown>\n#16 0x55eae23ee262 <unknown>\n#17 0x55eae23fff34 <unknown>\n#18 0x7ff395f55134 <unknown>","time":{"start":1707613031542,"stop":1707613031862,"duration":320}},{"uid":"9e2c6ce19e2441d7","reportUrl":"https://Nat754.github.io/StroyremAutomation/213//#testresult/9e2c6ce19e2441d7","status":"skipped","statusDetails":"XFAIL\n\nselenium.common.exceptions.NoSuchElementException: Message: no such element: Unable to locate element: {\"method\":\"xpath\",\"selector\":\"(//a[@class='add-to-cart yellow-btn'])[1]\"}\n  (Session info: chrome-headless-shell=121.0.6167.85); For documentation on this error, please visit: https://www.selenium.dev/documentation/webdriver/troubleshooting/errors#no-such-element-exception\nStacktrace:\n#0 0x557d038ddd93 <unknown>\n#1 0x557d035c1337 <unknown>\n#2 0x557d0360cd60 <unknown>\n#3 0x557d0360ce51 <unknown>\n#4 0x557d03650bc4 <unknown>\n#5 0x557d0362f46d <unknown>\n#6 0x557d0364e12d <unknown>\n#7 0x557d0362f1e3 <unknown>\n#8 0x557d035ff135 <unknown>\n#9 0x557d0360013e <unknown>\n#10 0x557d038a1e4b <unknown>\n#11 0x557d038a5dfa <unknown>\n#12 0x557d0388e6d5 <unknown>\n#13 0x557d038a6a6f <unknown>\n#14 0x557d0387269f <unknown>\n#15 0x557d038cb098 <unknown>\n#16 0x557d038cb262 <unknown>\n#17 0x557d038dcf34 <unknown>\n#18 0x7f0bc8b9d134 <unknown>","time":{"start":1707526266500,"stop":1707526266910,"duration":410}},{"uid":"be6da5319458961","reportUrl":"https://Nat754.github.io/StroyremAutomation/212//#testresult/be6da5319458961","status":"skipped","statusDetails":"XFAIL\n\nselenium.common.exceptions.NoSuchElementException: Message: no such element: Unable to locate element: {\"method\":\"xpath\",\"selector\":\"(//a[@class='add-to-cart yellow-btn'])[1]\"}\n  (Session info: chrome-headless-shell=121.0.6167.85); For documentation on this error, please visit: https://www.selenium.dev/documentation/webdriver/troubleshooting/errors#no-such-element-exception\nStacktrace:\n#0 0x5591b9c82d93 <unknown>\n#1 0x5591b9966337 <unknown>\n#2 0x5591b99b1d60 <unknown>\n#3 0x5591b99b1e51 <unknown>\n#4 0x5591b99f5bc4 <unknown>\n#5 0x5591b99d446d <unknown>\n#6 0x5591b99f312d <unknown>\n#7 0x5591b99d41e3 <unknown>\n#8 0x5591b99a4135 <unknown>\n#9 0x5591b99a513e <unknown>\n#10 0x5591b9c46e4b <unknown>\n#11 0x5591b9c4adfa <unknown>\n#12 0x5591b9c336d5 <unknown>\n#13 0x5591b9c4ba6f <unknown>\n#14 0x5591b9c1769f <unknown>\n#15 0x5591b9c70098 <unknown>\n#16 0x5591b9c70262 <unknown>\n#17 0x5591b9c81f34 <unknown>\n#18 0x7f91ad972134 <unknown>","time":{"start":1707439880241,"stop":1707439880570,"duration":329}},{"uid":"f8a2a6ff2d17f774","reportUrl":"https://Nat754.github.io/StroyremAutomation/211//#testresult/f8a2a6ff2d17f774","status":"skipped","statusDetails":"XFAIL\n\nselenium.common.exceptions.NoSuchElementException: Message: no such element: Unable to locate element: {\"method\":\"xpath\",\"selector\":\"(//a[@class='add-to-cart yellow-btn'])[1]\"}\n  (Session info: chrome-headless-shell=121.0.6167.85); For documentation on this error, please visit: https://www.selenium.dev/documentation/webdriver/troubleshooting/errors#no-such-element-exception\nStacktrace:\n#0 0x5643dfeaad93 <unknown>\n#1 0x5643dfb8e337 <unknown>\n#2 0x5643dfbd9d60 <unknown>\n#3 0x5643dfbd9e51 <unknown>\n#4 0x5643dfc1dbc4 <unknown>\n#5 0x5643dfbfc46d <unknown>\n#6 0x5643dfc1b12d <unknown>\n#7 0x5643dfbfc1e3 <unknown>\n#8 0x5643dfbcc135 <unknown>\n#9 0x5643dfbcd13e <unknown>\n#10 0x5643dfe6ee4b <unknown>\n#11 0x5643dfe72dfa <unknown>\n#12 0x5643dfe5b6d5 <unknown>\n#13 0x5643dfe73a6f <unknown>\n#14 0x5643dfe3f69f <unknown>\n#15 0x5643dfe98098 <unknown>\n#16 0x5643dfe98262 <unknown>\n#17 0x5643dfea9f34 <unknown>\n#18 0x7faa3294e134 <unknown>","time":{"start":1707353499313,"stop":1707353499643,"duration":330}},{"uid":"c4669662f4d30e22","reportUrl":"https://Nat754.github.io/StroyremAutomation/210//#testresult/c4669662f4d30e22","status":"skipped","statusDetails":"XFAIL\n\nselenium.common.exceptions.NoSuchElementException: Message: no such element: Unable to locate element: {\"method\":\"xpath\",\"selector\":\"(//a[@class='add-to-cart yellow-btn'])[1]\"}\n  (Session info: chrome-headless-shell=121.0.6167.85); For documentation on this error, please visit: https://www.selenium.dev/documentation/webdriver/troubleshooting/errors#no-such-element-exception\nStacktrace:\n#0 0x5637d252fd93 <unknown>\n#1 0x5637d2213337 <unknown>\n#2 0x5637d225ed60 <unknown>\n#3 0x5637d225ee51 <unknown>\n#4 0x5637d22a2bc4 <unknown>\n#5 0x5637d228146d <unknown>\n#6 0x5637d22a012d <unknown>\n#7 0x5637d22811e3 <unknown>\n#8 0x5637d2251135 <unknown>\n#9 0x5637d225213e <unknown>\n#10 0x5637d24f3e4b <unknown>\n#11 0x5637d24f7dfa <unknown>\n#12 0x5637d24e06d5 <unknown>\n#13 0x5637d24f8a6f <unknown>\n#14 0x5637d24c469f <unknown>\n#15 0x5637d251d098 <unknown>\n#16 0x5637d251d262 <unknown>\n#17 0x5637d252ef34 <unknown>\n#18 0x7fde9461f134 <unknown>","time":{"start":1707267031325,"stop":1707267031655,"duration":330}}]},"tags":["@pytest.mark.xfail","smoke_test"]},"source":"1febd8cd508a5d05.json","parameterValues":["11440","299","'TD 024'","9900","'products/shtukaturka-gipsovaya-aksolit-m50-30-kg-mashinnogo-naneseniya'","4300","'https://sandboxtest.stroyrem-nn.ru/'","9000"]}