{"uid":"eaf9aa303277ed22","name":"test_positive_delivery_green_zone_smoke[TD 005-products/shtukaturka-gipsovaya-aksolit-m50-30-kg-mashinnogo-naneseniya-16-500-600-1590-2190-https://sandboxtest.stroyrem-nn.ru/]","fullName":"tests.delivery.test_delivery_calculation.TestDeliveryPageCalculation#test_positive_delivery_green_zone_smoke","historyId":"e6058ae35d5a637089e6a6aa5edf052c","time":{"start":1698800232502,"stop":1698800238641,"duration":6139},"status":"skipped","statusMessage":"XFAIL\n\nselenium.common.exceptions.NoSuchElementException: Message: no such element: Unable to locate element: {\"method\":\"xpath\",\"selector\":\"//input[@class='amount']\"}\n  (Session info: headless chrome=119.0.6045.105); For documentation on this error, please visit: https://www.selenium.dev/documentation/webdriver/troubleshooting/errors#no-such-element-exception\nStacktrace:\n#0 0x5622354f45e3 <unknown>\n#1 0x5622351b70b7 <unknown>\n#2 0x562235204f53 <unknown>\n#3 0x562235205051 <unknown>\n#4 0x56223524a9c4 <unknown>\n#5 0x56223522bf1d <unknown>\n#6 0x562235247b3d <unknown>\n#7 0x56223522bcc3 <unknown>\n#8 0x5622351f70e4 <unknown>\n#9 0x5622351f80ae <unknown>\n#10 0x5622354bace1 <unknown>\n#11 0x5622354beb7e <unknown>\n#12 0x5622354a84b5 <unknown>\n#13 0x5622354bf7d6 <unknown>\n#14 0x56223548bdbf <unknown>\n#15 0x5622354e2748 <unknown>\n#16 0x5622354e2917 <unknown>\n#17 0x5622354f3773 <unknown>\n#18 0x7f75b66a3044 <unknown>","statusTrace":"self = <tests.delivery.test_delivery_calculation.TestDeliveryPageCalculation object at 0x7f06facac690>\ndriver = <selenium.webdriver.chrome.webdriver.WebDriver (session=\"c851a3d06680bab36e33b8cfee4362da\")>\nurl = 'https://sandboxtest.stroyrem-nn.ru/', case_id = 'TD 005'\nlink_item = 'products/shtukaturka-gipsovaya-aksolit-m50-30-kg-mashinnogo-naneseniya'\namount = 16, weight = 500, standard = 600, in_time = 1590, all_time = 2190\n\n    @pytest.mark.parametrize('case_id, link_item, amount, weight, standard, in_time, all_time', [\n        (\"TD 001\", uroven_3000, 1, 30, 0, 1590, 2190),\n        (\"TD 002\", bundeks_25, 1, 30, 400, 1590, 2190),\n        (\"TD 003\", aksolit_30, 8, 300, 400, 1590, 2190),\n        (\"TD 004\", aksolit_30, 13, 400, 450, 1590, 2190),\n        (\"TD 005\", aksolit_30, 16, 500, 600, 1590, 2190),\n        (\"TD 006\", aksolit_30, 25, 1700, 990, 1990, 2480),\n        (\"TD 007\", aksolit_30, 66, 2000, 1300, 2490, 2980),\n        (\"TD 008\", aksolit_30, 149, 4500, 2300, 3980, 4490),\n        (\"TD 009\", aksolit_30, 166, 5000, 2500, 4990, 5480),\n        pytest.param(\n            \"TD 010\", aksolit_30, 206, 6200, 2900, 5570, 6120,\n            marks=pytest.mark.xfail(reson=\"Цена доставки 3600 7960 8980\")\n        ),\n        (\"TD 011\", aksolit_30, 299, 9000, 3600, 7960, 8980),\n        (\"TD 012\", aksolit_30, 333, 10000, 4450, 11990, 12500),\n        pytest.param(\n            \"TD 013\", aksolit_30, 366, 11000, 4800, 12450, 13480,\n            marks=pytest.mark.xfail(reason=\"Цена стандартной доставки 4450\")\n        ),\n        pytest.param(\n            \"TD 014\", aksolit_30, 666, 20000, 5400, 15600, 17490,\n            marks=pytest.mark.xfail(reason=\"Цена стандартной доставки 4450\")\n        )\n    ])\n    @pytest.mark.xfail\n    @pytest.mark.smoke_test\n    def test_positive_delivery_green_zone_smoke(\n            self, driver, url, case_id, link_item, amount, weight, standard, in_time, all_time\n    ):\n    \n        driver.get(f'{url}{link_item}')\n        item_page = ItemPage(driver)\n>       item_page.add_item_to_cart(amount).click_on_cart()\n\ntests/delivery/test_delivery_calculation.py:50: \n_ _ _ _ _ _ _ _ _ _ _ _ _ _ _ _ _ _ _ _ _ _ _ _ _ _ _ _ _ _ _ _ _ _ _ _ _ _ _ _ \npages/item_page.py:41: in add_item_to_cart\n    amount_field = self.find_element(self._item_amount)\nbase/seleniumbase.py:17: in find_element\n    return self.driver.find_element(*locator)\n/usr/local/lib/python3.11/site-packages/selenium/webdriver/remote/webdriver.py:739: in find_element\n    return self.execute(Command.FIND_ELEMENT, {\"using\": by, \"value\": value})[\"value\"]\n/usr/local/lib/python3.11/site-packages/selenium/webdriver/remote/webdriver.py:345: in execute\n    self.error_handler.check_response(response)\n_ _ _ _ _ _ _ _ _ _ _ _ _ _ _ _ _ _ _ _ _ _ _ _ _ _ _ _ _ _ _ _ _ _ _ _ _ _ _ _ \n\nself = <selenium.webdriver.remote.errorhandler.ErrorHandler object at 0x7f06f9826c90>\nresponse = {'status': 404, 'value': '{\"value\":{\"error\":\"no such element\",\"message\":\"no such element: Unable to locate element: {\\...\\\\n#16 0x5622354e2917 \\\\u003Cunknown>\\\\n#17 0x5622354f3773 \\\\u003Cunknown>\\\\n#18 0x7f75b66a3044 \\\\u003Cunknown>\\\\n\"}}'}\n\n    def check_response(self, response: Dict[str, Any]) -> None:\n        \"\"\"Checks that a JSON response from the WebDriver does not have an\n        error.\n    \n        :Args:\n         - response - The JSON response from the WebDriver server as a dictionary\n           object.\n    \n        :Raises: If the response contains an error message.\n        \"\"\"\n        status = response.get(\"status\", None)\n        if not status or status == ErrorCode.SUCCESS:\n            return\n        value = None\n        message = response.get(\"message\", \"\")\n        screen: str = response.get(\"screen\", \"\")\n        stacktrace = None\n        if isinstance(status, int):\n            value_json = response.get(\"value\", None)\n            if value_json and isinstance(value_json, str):\n                import json\n    \n                try:\n                    value = json.loads(value_json)\n                    if len(value) == 1:\n                        value = value[\"value\"]\n                    status = value.get(\"error\", None)\n                    if not status:\n                        status = value.get(\"status\", ErrorCode.UNKNOWN_ERROR)\n                        message = value.get(\"value\") or value.get(\"message\")\n                        if not isinstance(message, str):\n                            value = message\n                            message = message.get(\"message\")\n                    else:\n                        message = value.get(\"message\", None)\n                except ValueError:\n                    pass\n    \n        exception_class: Type[WebDriverException]\n        e = ErrorCode()\n        error_codes = [item for item in dir(e) if not item.startswith(\"__\")]\n        for error_code in error_codes:\n            error_info = getattr(ErrorCode, error_code)\n            if isinstance(error_info, list) and status in error_info:\n                exception_class = getattr(ExceptionMapping, error_code, WebDriverException)\n                break\n        else:\n            exception_class = WebDriverException\n    \n        if not value:\n            value = response[\"value\"]\n        if isinstance(value, str):\n            raise exception_class(value)\n        if message == \"\" and \"message\" in value:\n            message = value[\"message\"]\n    \n        screen = None  # type: ignore[assignment]\n        if \"screen\" in value:\n            screen = value[\"screen\"]\n    \n        stacktrace = None\n        st_value = value.get(\"stackTrace\") or value.get(\"stacktrace\")\n        if st_value:\n            if isinstance(st_value, str):\n                stacktrace = st_value.split(\"\\n\")\n            else:\n                stacktrace = []\n                try:\n                    for frame in st_value:\n                        line = frame.get(\"lineNumber\", \"\")\n                        file = frame.get(\"fileName\", \"<anonymous>\")\n                        if line:\n                            file = f\"{file}:{line}\"\n                        meth = frame.get(\"methodName\", \"<anonymous>\")\n                        if \"className\" in frame:\n                            meth = f\"{frame['className']}.{meth}\"\n                        msg = \"    at %s (%s)\"\n                        msg = msg % (meth, file)\n                        stacktrace.append(msg)\n                except TypeError:\n                    pass\n        if exception_class == UnexpectedAlertPresentException:\n            alert_text = None\n            if \"data\" in value:\n                alert_text = value[\"data\"].get(\"text\")\n            elif \"alert\" in value:\n                alert_text = value[\"alert\"].get(\"text\")\n            raise exception_class(message, screen, stacktrace, alert_text)  # type: ignore[call-arg]  # mypy is not smart enough here\n>       raise exception_class(message, screen, stacktrace)\nE       selenium.common.exceptions.NoSuchElementException: Message: no such element: Unable to locate element: {\"method\":\"xpath\",\"selector\":\"//input[@class='amount']\"}\nE         (Session info: headless chrome=119.0.6045.105); For documentation on this error, please visit: https://www.selenium.dev/documentation/webdriver/troubleshooting/errors#no-such-element-exception\nE       Stacktrace:\nE       #0 0x5622354f45e3 <unknown>\nE       #1 0x5622351b70b7 <unknown>\nE       #2 0x562235204f53 <unknown>\nE       #3 0x562235205051 <unknown>\nE       #4 0x56223524a9c4 <unknown>\nE       #5 0x56223522bf1d <unknown>\nE       #6 0x562235247b3d <unknown>\nE       #7 0x56223522bcc3 <unknown>\nE       #8 0x5622351f70e4 <unknown>\nE       #9 0x5622351f80ae <unknown>\nE       #10 0x5622354bace1 <unknown>\nE       #11 0x5622354beb7e <unknown>\nE       #12 0x5622354a84b5 <unknown>\nE       #13 0x5622354bf7d6 <unknown>\nE       #14 0x56223548bdbf <unknown>\nE       #15 0x5622354e2748 <unknown>\nE       #16 0x5622354e2917 <unknown>\nE       #17 0x5622354f3773 <unknown>\nE       #18 0x7f75b66a3044 <unknown>\n\n/usr/local/lib/python3.11/site-packages/selenium/webdriver/remote/errorhandler.py:229: NoSuchElementException","flaky":false,"newFailed":false,"newBroken":false,"newPassed":false,"retriesCount":0,"retriesStatusChange":false,"beforeStages":[{"name":"_session_faker","time":{"start":1698799899071,"stop":1698799899143,"duration":72},"status":"passed","steps":[],"attachments":[],"parameters":[],"shouldDisplayMessage":false,"stepsCount":0,"attachmentsCount":0,"hasContent":false},{"name":"clear_allure_results_folder","time":{"start":1698799899143,"stop":1698799899143,"duration":0},"status":"passed","steps":[],"attachments":[],"parameters":[],"shouldDisplayMessage":false,"stepsCount":0,"attachmentsCount":0,"hasContent":false},{"name":"driver","time":{"start":1698800231725,"stop":1698800232501,"duration":776},"status":"passed","steps":[],"attachments":[],"parameters":[],"shouldDisplayMessage":false,"stepsCount":0,"attachmentsCount":0,"hasContent":false},{"name":"setup","time":{"start":1698800232501,"stop":1698800232501,"duration":0},"status":"passed","steps":[],"attachments":[],"parameters":[],"shouldDisplayMessage":false,"stepsCount":0,"attachmentsCount":0,"hasContent":false}],"testStage":{"status":"skipped","statusMessage":"XFAIL\n\nselenium.common.exceptions.NoSuchElementException: Message: no such element: Unable to locate element: {\"method\":\"xpath\",\"selector\":\"//input[@class='amount']\"}\n  (Session info: headless chrome=119.0.6045.105); For documentation on this error, please visit: https://www.selenium.dev/documentation/webdriver/troubleshooting/errors#no-such-element-exception\nStacktrace:\n#0 0x5622354f45e3 <unknown>\n#1 0x5622351b70b7 <unknown>\n#2 0x562235204f53 <unknown>\n#3 0x562235205051 <unknown>\n#4 0x56223524a9c4 <unknown>\n#5 0x56223522bf1d <unknown>\n#6 0x562235247b3d <unknown>\n#7 0x56223522bcc3 <unknown>\n#8 0x5622351f70e4 <unknown>\n#9 0x5622351f80ae <unknown>\n#10 0x5622354bace1 <unknown>\n#11 0x5622354beb7e <unknown>\n#12 0x5622354a84b5 <unknown>\n#13 0x5622354bf7d6 <unknown>\n#14 0x56223548bdbf <unknown>\n#15 0x5622354e2748 <unknown>\n#16 0x5622354e2917 <unknown>\n#17 0x5622354f3773 <unknown>\n#18 0x7f75b66a3044 <unknown>","statusTrace":"self = <tests.delivery.test_delivery_calculation.TestDeliveryPageCalculation object at 0x7f06facac690>\ndriver = <selenium.webdriver.chrome.webdriver.WebDriver (session=\"c851a3d06680bab36e33b8cfee4362da\")>\nurl = 'https://sandboxtest.stroyrem-nn.ru/', case_id = 'TD 005'\nlink_item = 'products/shtukaturka-gipsovaya-aksolit-m50-30-kg-mashinnogo-naneseniya'\namount = 16, weight = 500, standard = 600, in_time = 1590, all_time = 2190\n\n    @pytest.mark.parametrize('case_id, link_item, amount, weight, standard, in_time, all_time', [\n        (\"TD 001\", uroven_3000, 1, 30, 0, 1590, 2190),\n        (\"TD 002\", bundeks_25, 1, 30, 400, 1590, 2190),\n        (\"TD 003\", aksolit_30, 8, 300, 400, 1590, 2190),\n        (\"TD 004\", aksolit_30, 13, 400, 450, 1590, 2190),\n        (\"TD 005\", aksolit_30, 16, 500, 600, 1590, 2190),\n        (\"TD 006\", aksolit_30, 25, 1700, 990, 1990, 2480),\n        (\"TD 007\", aksolit_30, 66, 2000, 1300, 2490, 2980),\n        (\"TD 008\", aksolit_30, 149, 4500, 2300, 3980, 4490),\n        (\"TD 009\", aksolit_30, 166, 5000, 2500, 4990, 5480),\n        pytest.param(\n            \"TD 010\", aksolit_30, 206, 6200, 2900, 5570, 6120,\n            marks=pytest.mark.xfail(reson=\"Цена доставки 3600 7960 8980\")\n        ),\n        (\"TD 011\", aksolit_30, 299, 9000, 3600, 7960, 8980),\n        (\"TD 012\", aksolit_30, 333, 10000, 4450, 11990, 12500),\n        pytest.param(\n            \"TD 013\", aksolit_30, 366, 11000, 4800, 12450, 13480,\n            marks=pytest.mark.xfail(reason=\"Цена стандартной доставки 4450\")\n        ),\n        pytest.param(\n            \"TD 014\", aksolit_30, 666, 20000, 5400, 15600, 17490,\n            marks=pytest.mark.xfail(reason=\"Цена стандартной доставки 4450\")\n        )\n    ])\n    @pytest.mark.xfail\n    @pytest.mark.smoke_test\n    def test_positive_delivery_green_zone_smoke(\n            self, driver, url, case_id, link_item, amount, weight, standard, in_time, all_time\n    ):\n    \n        driver.get(f'{url}{link_item}')\n        item_page = ItemPage(driver)\n>       item_page.add_item_to_cart(amount).click_on_cart()\n\ntests/delivery/test_delivery_calculation.py:50: \n_ _ _ _ _ _ _ _ _ _ _ _ _ _ _ _ _ _ _ _ _ _ _ _ _ _ _ _ _ _ _ _ _ _ _ _ _ _ _ _ \npages/item_page.py:41: in add_item_to_cart\n    amount_field = self.find_element(self._item_amount)\nbase/seleniumbase.py:17: in find_element\n    return self.driver.find_element(*locator)\n/usr/local/lib/python3.11/site-packages/selenium/webdriver/remote/webdriver.py:739: in find_element\n    return self.execute(Command.FIND_ELEMENT, {\"using\": by, \"value\": value})[\"value\"]\n/usr/local/lib/python3.11/site-packages/selenium/webdriver/remote/webdriver.py:345: in execute\n    self.error_handler.check_response(response)\n_ _ _ _ _ _ _ _ _ _ _ _ _ _ _ _ _ _ _ _ _ _ _ _ _ _ _ _ _ _ _ _ _ _ _ _ _ _ _ _ \n\nself = <selenium.webdriver.remote.errorhandler.ErrorHandler object at 0x7f06f9826c90>\nresponse = {'status': 404, 'value': '{\"value\":{\"error\":\"no such element\",\"message\":\"no such element: Unable to locate element: {\\...\\\\n#16 0x5622354e2917 \\\\u003Cunknown>\\\\n#17 0x5622354f3773 \\\\u003Cunknown>\\\\n#18 0x7f75b66a3044 \\\\u003Cunknown>\\\\n\"}}'}\n\n    def check_response(self, response: Dict[str, Any]) -> None:\n        \"\"\"Checks that a JSON response from the WebDriver does not have an\n        error.\n    \n        :Args:\n         - response - The JSON response from the WebDriver server as a dictionary\n           object.\n    \n        :Raises: If the response contains an error message.\n        \"\"\"\n        status = response.get(\"status\", None)\n        if not status or status == ErrorCode.SUCCESS:\n            return\n        value = None\n        message = response.get(\"message\", \"\")\n        screen: str = response.get(\"screen\", \"\")\n        stacktrace = None\n        if isinstance(status, int):\n            value_json = response.get(\"value\", None)\n            if value_json and isinstance(value_json, str):\n                import json\n    \n                try:\n                    value = json.loads(value_json)\n                    if len(value) == 1:\n                        value = value[\"value\"]\n                    status = value.get(\"error\", None)\n                    if not status:\n                        status = value.get(\"status\", ErrorCode.UNKNOWN_ERROR)\n                        message = value.get(\"value\") or value.get(\"message\")\n                        if not isinstance(message, str):\n                            value = message\n                            message = message.get(\"message\")\n                    else:\n                        message = value.get(\"message\", None)\n                except ValueError:\n                    pass\n    \n        exception_class: Type[WebDriverException]\n        e = ErrorCode()\n        error_codes = [item for item in dir(e) if not item.startswith(\"__\")]\n        for error_code in error_codes:\n            error_info = getattr(ErrorCode, error_code)\n            if isinstance(error_info, list) and status in error_info:\n                exception_class = getattr(ExceptionMapping, error_code, WebDriverException)\n                break\n        else:\n            exception_class = WebDriverException\n    \n        if not value:\n            value = response[\"value\"]\n        if isinstance(value, str):\n            raise exception_class(value)\n        if message == \"\" and \"message\" in value:\n            message = value[\"message\"]\n    \n        screen = None  # type: ignore[assignment]\n        if \"screen\" in value:\n            screen = value[\"screen\"]\n    \n        stacktrace = None\n        st_value = value.get(\"stackTrace\") or value.get(\"stacktrace\")\n        if st_value:\n            if isinstance(st_value, str):\n                stacktrace = st_value.split(\"\\n\")\n            else:\n                stacktrace = []\n                try:\n                    for frame in st_value:\n                        line = frame.get(\"lineNumber\", \"\")\n                        file = frame.get(\"fileName\", \"<anonymous>\")\n                        if line:\n                            file = f\"{file}:{line}\"\n                        meth = frame.get(\"methodName\", \"<anonymous>\")\n                        if \"className\" in frame:\n                            meth = f\"{frame['className']}.{meth}\"\n                        msg = \"    at %s (%s)\"\n                        msg = msg % (meth, file)\n                        stacktrace.append(msg)\n                except TypeError:\n                    pass\n        if exception_class == UnexpectedAlertPresentException:\n            alert_text = None\n            if \"data\" in value:\n                alert_text = value[\"data\"].get(\"text\")\n            elif \"alert\" in value:\n                alert_text = value[\"alert\"].get(\"text\")\n            raise exception_class(message, screen, stacktrace, alert_text)  # type: ignore[call-arg]  # mypy is not smart enough here\n>       raise exception_class(message, screen, stacktrace)\nE       selenium.common.exceptions.NoSuchElementException: Message: no such element: Unable to locate element: {\"method\":\"xpath\",\"selector\":\"//input[@class='amount']\"}\nE         (Session info: headless chrome=119.0.6045.105); For documentation on this error, please visit: https://www.selenium.dev/documentation/webdriver/troubleshooting/errors#no-such-element-exception\nE       Stacktrace:\nE       #0 0x5622354f45e3 <unknown>\nE       #1 0x5622351b70b7 <unknown>\nE       #2 0x562235204f53 <unknown>\nE       #3 0x562235205051 <unknown>\nE       #4 0x56223524a9c4 <unknown>\nE       #5 0x56223522bf1d <unknown>\nE       #6 0x562235247b3d <unknown>\nE       #7 0x56223522bcc3 <unknown>\nE       #8 0x5622351f70e4 <unknown>\nE       #9 0x5622351f80ae <unknown>\nE       #10 0x5622354bace1 <unknown>\nE       #11 0x5622354beb7e <unknown>\nE       #12 0x5622354a84b5 <unknown>\nE       #13 0x5622354bf7d6 <unknown>\nE       #14 0x56223548bdbf <unknown>\nE       #15 0x5622354e2748 <unknown>\nE       #16 0x5622354e2917 <unknown>\nE       #17 0x5622354f3773 <unknown>\nE       #18 0x7f75b66a3044 <unknown>\n\n/usr/local/lib/python3.11/site-packages/selenium/webdriver/remote/errorhandler.py:229: NoSuchElementException","steps":[{"name":"Добавляем товар в корзину в количестве 16","time":{"start":1698800238583,"stop":1698800238641,"duration":58},"status":"broken","statusMessage":"selenium.common.exceptions.NoSuchElementException: Message: no such element: Unable to locate element: {\"method\":\"xpath\",\"selector\":\"//input[@class='amount']\"}\n  (Session info: headless chrome=119.0.6045.105); For documentation on this error, please visit: https://www.selenium.dev/documentation/webdriver/troubleshooting/errors#no-such-element-exception\nStacktrace:\n#0 0x5622354f45e3 <unknown>\n#1 0x5622351b70b7 <unknown>\n#2 0x562235204f53 <unknown>\n#3 0x562235205051 <unknown>\n#4 0x56223524a9c4 <unknown>\n#5 0x56223522bf1d <unknown>\n#6 0x562235247b3d <unknown>\n#7 0x56223522bcc3 <unknown>\n#8 0x5622351f70e4 <unknown>\n#9 0x5622351f80ae <unknown>\n#10 0x5622354bace1 <unknown>\n#11 0x5622354beb7e <unknown>\n#12 0x5622354a84b5 <unknown>\n#13 0x5622354bf7d6 <unknown>\n#14 0x56223548bdbf <unknown>\n#15 0x5622354e2748 <unknown>\n#16 0x5622354e2917 <unknown>\n#17 0x5622354f3773 <unknown>\n#18 0x7f75b66a3044 <unknown>\n\n","statusTrace":"  File \"/usr/local/lib/python3.11/site-packages/allure_commons/_allure.py\", line 192, in impl\n    return func(*a, **kw)\n           ^^^^^^^^^^^^^^\n  File \"/app/pages/item_page.py\", line 41, in add_item_to_cart\n    amount_field = self.find_element(self._item_amount)\n                   ^^^^^^^^^^^^^^^^^^^^^^^^^^^^^^^^^^^^\n  File \"/app/base/seleniumbase.py\", line 17, in find_element\n    return self.driver.find_element(*locator)\n           ^^^^^^^^^^^^^^^^^^^^^^^^^^^^^^^^^^\n  File \"/usr/local/lib/python3.11/site-packages/selenium/webdriver/remote/webdriver.py\", line 739, in find_element\n    return self.execute(Command.FIND_ELEMENT, {\"using\": by, \"value\": value})[\"value\"]\n           ^^^^^^^^^^^^^^^^^^^^^^^^^^^^^^^^^^^^^^^^^^^^^^^^^^^^^^^^^^^^^^^^^\n  File \"/usr/local/lib/python3.11/site-packages/selenium/webdriver/remote/webdriver.py\", line 345, in execute\n    self.error_handler.check_response(response)\n  File \"/usr/local/lib/python3.11/site-packages/selenium/webdriver/remote/errorhandler.py\", line 229, in check_response\n    raise exception_class(message, screen, stacktrace)\n","steps":[],"attachments":[],"parameters":[{"name":"amount","value":"16"}],"shouldDisplayMessage":true,"stepsCount":0,"attachmentsCount":0,"hasContent":true}],"attachments":[{"uid":"cc259ca234491c88","name":"Screenshot","source":"cc259ca234491c88.png","type":"image/png","size":115178},{"uid":"a97a4b51e820f876","name":"HTML source","source":"a97a4b51e820f876.html","type":"text/html","size":303988}],"parameters":[],"shouldDisplayMessage":true,"stepsCount":1,"attachmentsCount":2,"hasContent":true},"afterStages":[{"name":"driver::0","time":{"start":1698800238776,"stop":1698800238836,"duration":60},"status":"passed","steps":[],"attachments":[],"parameters":[],"shouldDisplayMessage":false,"stepsCount":0,"attachmentsCount":0,"hasContent":false},{"name":"setup::0","time":{"start":1698800238776,"stop":1698800238776,"duration":0},"status":"passed","steps":[],"attachments":[],"parameters":[],"shouldDisplayMessage":false,"stepsCount":0,"attachmentsCount":0,"hasContent":false}],"labels":[{"name":"epic","value":"Delivery Page - calculation"},{"name":"tag","value":"smoke_test"},{"name":"tag","value":"@pytest.mark.xfail"},{"name":"parentSuite","value":"tests.delivery"},{"name":"suite","value":"test_delivery_calculation"},{"name":"subSuite","value":"TestDeliveryPageCalculation"},{"name":"host","value":"fe0d8c62862c"},{"name":"thread","value":"1-MainThread"},{"name":"framework","value":"pytest"},{"name":"language","value":"cpython3"},{"name":"package","value":"tests.delivery.test_delivery_calculation"},{"name":"resultFormat","value":"allure2"}],"parameters":[{"name":"all_time","value":"2190"},{"name":"amount","value":"16"},{"name":"case_id","value":"'TD 005'"},{"name":"in_time","value":"1590"},{"name":"link_item","value":"'products/shtukaturka-gipsovaya-aksolit-m50-30-kg-mashinnogo-naneseniya'"},{"name":"standard","value":"600"},{"name":"url","value":"'https://sandboxtest.stroyrem-nn.ru/'"},{"name":"weight","value":"500"}],"links":[],"hidden":false,"retry":false,"extra":{"severity":"normal","retries":[],"categories":[],"history":{"statistic":{"failed":0,"broken":13,"skipped":71,"passed":0,"unknown":0,"total":84},"items":[{"uid":"47f664fa38d3f314","reportUrl":"https://Nat754.github.io/StroyremAutomation/111//#testresult/47f664fa38d3f314","status":"skipped","statusDetails":"XFAIL\n\nselenium.common.exceptions.NoSuchElementException: Message: no such element: Unable to locate element: {\"method\":\"xpath\",\"selector\":\"//input[@class='amount']\"}\n  (Session info: headless chrome=118.0.5993.70); For documentation on this error, please visit: https://www.selenium.dev/documentation/webdriver/troubleshooting/errors#no-such-element-exception\nStacktrace:\n#0 0x563e6425afb3 <unknown>\n#1 0x563e63f2e4a7 <unknown>\n#2 0x563e63f75dd6 <unknown>\n#3 0x563e63f75ec1 <unknown>\n#4 0x563e63fb3354 <unknown>\n#5 0x563e63f9796d <unknown>\n#6 0x563e63fb0c02 <unknown>\n#7 0x563e63f97713 <unknown>\n#8 0x563e63f6a18b <unknown>\n#9 0x563e63f6af7e <unknown>\n#10 0x563e642208d8 <unknown>\n#11 0x563e64224800 <unknown>\n#12 0x563e6422ecfc <unknown>\n#13 0x563e64225418 <unknown>\n#14 0x563e641f242f <unknown>\n#15 0x563e642494e8 <unknown>\n#16 0x563e642496b4 <unknown>\n#17 0x563e6425a143 <unknown>\n#18 0x7f063af03044 <unknown>","time":{"start":1698713614831,"stop":1698713619344,"duration":4513}},{"uid":"7779146d23949828","reportUrl":"https://Nat754.github.io/StroyremAutomation/110//#testresult/7779146d23949828","status":"skipped","statusDetails":"XFAIL\n\nselenium.common.exceptions.NoSuchElementException: Message: no such element: Unable to locate element: {\"method\":\"xpath\",\"selector\":\"//input[@class='amount']\"}\n  (Session info: headless chrome=118.0.5993.70); For documentation on this error, please visit: https://www.selenium.dev/documentation/webdriver/troubleshooting/errors#no-such-element-exception\nStacktrace:\n#0 0x563879252fb3 <unknown>\n#1 0x563878f264a7 <unknown>\n#2 0x563878f6ddd6 <unknown>\n#3 0x563878f6dec1 <unknown>\n#4 0x563878fab354 <unknown>\n#5 0x563878f8f96d <unknown>\n#6 0x563878fa8c02 <unknown>\n#7 0x563878f8f713 <unknown>\n#8 0x563878f6218b <unknown>\n#9 0x563878f62f7e <unknown>\n#10 0x5638792188d8 <unknown>\n#11 0x56387921c800 <unknown>\n#12 0x563879226cfc <unknown>\n#13 0x56387921d418 <unknown>\n#14 0x5638791ea42f <unknown>\n#15 0x5638792414e8 <unknown>\n#16 0x5638792416b4 <unknown>\n#17 0x563879252143 <unknown>\n#18 0x7f6296c83044 <unknown>","time":{"start":1698627201603,"stop":1698627206674,"duration":5071}},{"uid":"26bf2b1a2ad6189a","reportUrl":"https://Nat754.github.io/StroyremAutomation/109//#testresult/26bf2b1a2ad6189a","status":"skipped","statusDetails":"XFAIL\n\nselenium.common.exceptions.NoSuchElementException: Message: no such element: Unable to locate element: {\"method\":\"xpath\",\"selector\":\"//input[@class='amount']\"}\n  (Session info: headless chrome=118.0.5993.70); For documentation on this error, please visit: https://www.selenium.dev/documentation/webdriver/troubleshooting/errors#no-such-element-exception\nStacktrace:\n#0 0x556820a3dfb3 <unknown>\n#1 0x5568207114a7 <unknown>\n#2 0x556820758dd6 <unknown>\n#3 0x556820758ec1 <unknown>\n#4 0x556820796354 <unknown>\n#5 0x55682077a96d <unknown>\n#6 0x556820793c02 <unknown>\n#7 0x55682077a713 <unknown>\n#8 0x55682074d18b <unknown>\n#9 0x55682074df7e <unknown>\n#10 0x556820a038d8 <unknown>\n#11 0x556820a07800 <unknown>\n#12 0x556820a11cfc <unknown>\n#13 0x556820a08418 <unknown>\n#14 0x5568209d542f <unknown>\n#15 0x556820a2c4e8 <unknown>\n#16 0x556820a2c6b4 <unknown>\n#17 0x556820a3d143 <unknown>\n#18 0x7f504b0b6044 <unknown>","time":{"start":1698540977886,"stop":1698540982243,"duration":4357}},{"uid":"654ad4a12e3f989a","reportUrl":"https://Nat754.github.io/StroyremAutomation/108//#testresult/654ad4a12e3f989a","status":"skipped","statusDetails":"XFAIL\n\nselenium.common.exceptions.NoSuchElementException: Message: no such element: Unable to locate element: {\"method\":\"xpath\",\"selector\":\"//input[@class='amount']\"}\n  (Session info: headless chrome=118.0.5993.70); For documentation on this error, please visit: https://www.selenium.dev/documentation/webdriver/troubleshooting/errors#no-such-element-exception\nStacktrace:\n#0 0x55d1c72e9fb3 <unknown>\n#1 0x55d1c6fbd4a7 <unknown>\n#2 0x55d1c7004dd6 <unknown>\n#3 0x55d1c7004ec1 <unknown>\n#4 0x55d1c7042354 <unknown>\n#5 0x55d1c702696d <unknown>\n#6 0x55d1c703fc02 <unknown>\n#7 0x55d1c7026713 <unknown>\n#8 0x55d1c6ff918b <unknown>\n#9 0x55d1c6ff9f7e <unknown>\n#10 0x55d1c72af8d8 <unknown>\n#11 0x55d1c72b3800 <unknown>\n#12 0x55d1c72bdcfc <unknown>\n#13 0x55d1c72b4418 <unknown>\n#14 0x55d1c728142f <unknown>\n#15 0x55d1c72d84e8 <unknown>\n#16 0x55d1c72d86b4 <unknown>\n#17 0x55d1c72e9143 <unknown>\n#18 0x7fc466b04044 <unknown>","time":{"start":1698454304677,"stop":1698454310774,"duration":6097}},{"uid":"f1167aec8ef69d2b","reportUrl":"https://Nat754.github.io/StroyremAutomation/107//#testresult/f1167aec8ef69d2b","status":"skipped","statusDetails":"XFAIL\n\nselenium.common.exceptions.NoSuchElementException: Message: no such element: Unable to locate element: {\"method\":\"xpath\",\"selector\":\"//input[@class='amount']\"}\n  (Session info: headless chrome=118.0.5993.70); For documentation on this error, please visit: https://www.selenium.dev/documentation/webdriver/troubleshooting/errors#no-such-element-exception\nStacktrace:\n#0 0x55b6f8284fb3 <unknown>\n#1 0x55b6f7f584a7 <unknown>\n#2 0x55b6f7f9fdd6 <unknown>\n#3 0x55b6f7f9fec1 <unknown>\n#4 0x55b6f7fdd354 <unknown>\n#5 0x55b6f7fc196d <unknown>\n#6 0x55b6f7fdac02 <unknown>\n#7 0x55b6f7fc1713 <unknown>\n#8 0x55b6f7f9418b <unknown>\n#9 0x55b6f7f94f7e <unknown>\n#10 0x55b6f824a8d8 <unknown>\n#11 0x55b6f824e800 <unknown>\n#12 0x55b6f8258cfc <unknown>\n#13 0x55b6f824f418 <unknown>\n#14 0x55b6f821c42f <unknown>\n#15 0x55b6f82734e8 <unknown>\n#16 0x55b6f82736b4 <unknown>\n#17 0x55b6f8284143 <unknown>\n#18 0x7f8826948044 <unknown>","time":{"start":1698367919279,"stop":1698367924330,"duration":5051}},{"uid":"b4f25a443faa8860","reportUrl":"https://Nat754.github.io/StroyremAutomation/106//#testresult/b4f25a443faa8860","status":"skipped","statusDetails":"XFAIL\n\nselenium.common.exceptions.NoSuchElementException: Message: no such element: Unable to locate element: {\"method\":\"xpath\",\"selector\":\"//input[@class='amount']\"}\n  (Session info: headless chrome=118.0.5993.70); For documentation on this error, please visit: https://www.selenium.dev/documentation/webdriver/troubleshooting/errors#no-such-element-exception\nStacktrace:\n#0 0x55a594b4dfb3 <unknown>\n#1 0x55a5948214a7 <unknown>\n#2 0x55a594868dd6 <unknown>\n#3 0x55a594868ec1 <unknown>\n#4 0x55a5948a6354 <unknown>\n#5 0x55a59488a96d <unknown>\n#6 0x55a5948a3c02 <unknown>\n#7 0x55a59488a713 <unknown>\n#8 0x55a59485d18b <unknown>\n#9 0x55a59485df7e <unknown>\n#10 0x55a594b138d8 <unknown>\n#11 0x55a594b17800 <unknown>\n#12 0x55a594b21cfc <unknown>\n#13 0x55a594b18418 <unknown>\n#14 0x55a594ae542f <unknown>\n#15 0x55a594b3c4e8 <unknown>\n#16 0x55a594b3c6b4 <unknown>\n#17 0x55a594b4d143 <unknown>\n#18 0x7f22550c4044 <unknown>","time":{"start":1698281520795,"stop":1698281526443,"duration":5648}},{"uid":"551d62b5798d58d","reportUrl":"https://Nat754.github.io/StroyremAutomation/105//#testresult/551d62b5798d58d","status":"skipped","statusDetails":"XFAIL\n\nselenium.common.exceptions.NoSuchElementException: Message: no such element: Unable to locate element: {\"method\":\"xpath\",\"selector\":\"//input[@class='amount']\"}\n  (Session info: headless chrome=118.0.5993.70); For documentation on this error, please visit: https://www.selenium.dev/documentation/webdriver/troubleshooting/errors#no-such-element-exception\nStacktrace:\n#0 0x55a8e1e69fb3 <unknown>\n#1 0x55a8e1b3d4a7 <unknown>\n#2 0x55a8e1b84dd6 <unknown>\n#3 0x55a8e1b84ec1 <unknown>\n#4 0x55a8e1bc2354 <unknown>\n#5 0x55a8e1ba696d <unknown>\n#6 0x55a8e1bbfc02 <unknown>\n#7 0x55a8e1ba6713 <unknown>\n#8 0x55a8e1b7918b <unknown>\n#9 0x55a8e1b79f7e <unknown>\n#10 0x55a8e1e2f8d8 <unknown>\n#11 0x55a8e1e33800 <unknown>\n#12 0x55a8e1e3dcfc <unknown>\n#13 0x55a8e1e34418 <unknown>\n#14 0x55a8e1e0142f <unknown>\n#15 0x55a8e1e584e8 <unknown>\n#16 0x55a8e1e586b4 <unknown>\n#17 0x55a8e1e69143 <unknown>\n#18 0x7f598d697044 <unknown>","time":{"start":1698195157286,"stop":1698195161489,"duration":4203}},{"uid":"8b80243a435a64c3","reportUrl":"https://Nat754.github.io/StroyremAutomation/104//#testresult/8b80243a435a64c3","status":"skipped","statusDetails":"XFAIL\n\nselenium.common.exceptions.NoSuchElementException: Message: no such element: Unable to locate element: {\"method\":\"xpath\",\"selector\":\"//input[@class='amount']\"}\n  (Session info: headless chrome=118.0.5993.70); For documentation on this error, please visit: https://www.selenium.dev/documentation/webdriver/troubleshooting/errors#no-such-element-exception\nStacktrace:\n#0 0x55bf3b411fb3 <unknown>\n#1 0x55bf3b0e54a7 <unknown>\n#2 0x55bf3b12cdd6 <unknown>\n#3 0x55bf3b12cec1 <unknown>\n#4 0x55bf3b16a354 <unknown>\n#5 0x55bf3b14e96d <unknown>\n#6 0x55bf3b167c02 <unknown>\n#7 0x55bf3b14e713 <unknown>\n#8 0x55bf3b12118b <unknown>\n#9 0x55bf3b121f7e <unknown>\n#10 0x55bf3b3d78d8 <unknown>\n#11 0x55bf3b3db800 <unknown>\n#12 0x55bf3b3e5cfc <unknown>\n#13 0x55bf3b3dc418 <unknown>\n#14 0x55bf3b3a942f <unknown>\n#15 0x55bf3b4004e8 <unknown>\n#16 0x55bf3b4006b4 <unknown>\n#17 0x55bf3b411143 <unknown>\n#18 0x7f1f67423044 <unknown>","time":{"start":1698108789755,"stop":1698108795010,"duration":5255}},{"uid":"59a0c182f330f6b9","reportUrl":"https://Nat754.github.io/StroyremAutomation/103//#testresult/59a0c182f330f6b9","status":"skipped","statusDetails":"XFAIL\n\nselenium.common.exceptions.NoSuchElementException: Message: no such element: Unable to locate element: {\"method\":\"xpath\",\"selector\":\"//input[@class='amount']\"}\n  (Session info: headless chrome=118.0.5993.70); For documentation on this error, please visit: https://www.selenium.dev/documentation/webdriver/troubleshooting/errors#no-such-element-exception\nStacktrace:\n#0 0x55c9f6601fb3 <unknown>\n#1 0x55c9f62d54a7 <unknown>\n#2 0x55c9f631cdd6 <unknown>\n#3 0x55c9f631cec1 <unknown>\n#4 0x55c9f635a354 <unknown>\n#5 0x55c9f633e96d <unknown>\n#6 0x55c9f6357c02 <unknown>\n#7 0x55c9f633e713 <unknown>\n#8 0x55c9f631118b <unknown>\n#9 0x55c9f6311f7e <unknown>\n#10 0x55c9f65c78d8 <unknown>\n#11 0x55c9f65cb800 <unknown>\n#12 0x55c9f65d5cfc <unknown>\n#13 0x55c9f65cc418 <unknown>\n#14 0x55c9f659942f <unknown>\n#15 0x55c9f65f04e8 <unknown>\n#16 0x55c9f65f06b4 <unknown>\n#17 0x55c9f6601143 <unknown>\n#18 0x7f6662016044 <unknown>","time":{"start":1698022499385,"stop":1698022506579,"duration":7194}},{"uid":"8f9c067b5e2fe4d0","reportUrl":"https://Nat754.github.io/StroyremAutomation/102//#testresult/8f9c067b5e2fe4d0","status":"skipped","statusDetails":"XFAIL\n\nselenium.common.exceptions.NoSuchElementException: Message: no such element: Unable to locate element: {\"method\":\"xpath\",\"selector\":\"//input[@class='amount']\"}\n  (Session info: headless chrome=118.0.5993.70); For documentation on this error, please visit: https://www.selenium.dev/documentation/webdriver/troubleshooting/errors#no-such-element-exception\nStacktrace:\n#0 0x559426d8bfb3 <unknown>\n#1 0x559426a5f4a7 <unknown>\n#2 0x559426aa6dd6 <unknown>\n#3 0x559426aa6ec1 <unknown>\n#4 0x559426ae4354 <unknown>\n#5 0x559426ac896d <unknown>\n#6 0x559426ae1c02 <unknown>\n#7 0x559426ac8713 <unknown>\n#8 0x559426a9b18b <unknown>\n#9 0x559426a9bf7e <unknown>\n#10 0x559426d518d8 <unknown>\n#11 0x559426d55800 <unknown>\n#12 0x559426d5fcfc <unknown>\n#13 0x559426d56418 <unknown>\n#14 0x559426d2342f <unknown>\n#15 0x559426d7a4e8 <unknown>\n#16 0x559426d7a6b4 <unknown>\n#17 0x559426d8b143 <unknown>\n#18 0x7faa98dce044 <unknown>","time":{"start":1697936187212,"stop":1697936192197,"duration":4985}},{"uid":"da3f88c572c6da28","reportUrl":"https://Nat754.github.io/StroyremAutomation/101//#testresult/da3f88c572c6da28","status":"skipped","statusDetails":"XFAIL\n\nselenium.common.exceptions.NoSuchElementException: Message: no such element: Unable to locate element: {\"method\":\"xpath\",\"selector\":\"//input[@class='amount']\"}\n  (Session info: headless chrome=118.0.5993.70); For documentation on this error, please visit: https://www.selenium.dev/documentation/webdriver/troubleshooting/errors#no-such-element-exception\nStacktrace:\n#0 0x564a35528fb3 <unknown>\n#1 0x564a351fc4a7 <unknown>\n#2 0x564a35243dd6 <unknown>\n#3 0x564a35243ec1 <unknown>\n#4 0x564a35281354 <unknown>\n#5 0x564a3526596d <unknown>\n#6 0x564a3527ec02 <unknown>\n#7 0x564a35265713 <unknown>\n#8 0x564a3523818b <unknown>\n#9 0x564a35238f7e <unknown>\n#10 0x564a354ee8d8 <unknown>\n#11 0x564a354f2800 <unknown>\n#12 0x564a354fccfc <unknown>\n#13 0x564a354f3418 <unknown>\n#14 0x564a354c042f <unknown>\n#15 0x564a355174e8 <unknown>\n#16 0x564a355176b4 <unknown>\n#17 0x564a35528143 <unknown>\n#18 0x7f15e202d044 <unknown>","time":{"start":1697849529988,"stop":1697849536873,"duration":6885}},{"uid":"cb09f9b35a96c1aa","reportUrl":"https://Nat754.github.io/StroyremAutomation/100//#testresult/cb09f9b35a96c1aa","status":"skipped","statusDetails":"XFAIL\n\nselenium.common.exceptions.NoSuchElementException: Message: no such element: Unable to locate element: {\"method\":\"xpath\",\"selector\":\"//input[@class='amount']\"}\n  (Session info: headless chrome=118.0.5993.70); For documentation on this error, please visit: https://www.selenium.dev/documentation/webdriver/troubleshooting/errors#no-such-element-exception\nStacktrace:\n#0 0x55b3cdf83fb3 <unknown>\n#1 0x55b3cdc574a7 <unknown>\n#2 0x55b3cdc9edd6 <unknown>\n#3 0x55b3cdc9eec1 <unknown>\n#4 0x55b3cdcdc354 <unknown>\n#5 0x55b3cdcc096d <unknown>\n#6 0x55b3cdcd9c02 <unknown>\n#7 0x55b3cdcc0713 <unknown>\n#8 0x55b3cdc9318b <unknown>\n#9 0x55b3cdc93f7e <unknown>\n#10 0x55b3cdf498d8 <unknown>\n#11 0x55b3cdf4d800 <unknown>\n#12 0x55b3cdf57cfc <unknown>\n#13 0x55b3cdf4e418 <unknown>\n#14 0x55b3cdf1b42f <unknown>\n#15 0x55b3cdf724e8 <unknown>\n#16 0x55b3cdf726b4 <unknown>\n#17 0x55b3cdf83143 <unknown>\n#18 0x7fe23c9cc044 <unknown>","time":{"start":1697763188629,"stop":1697763198170,"duration":9541}},{"uid":"5711dfd1cd5984b8","reportUrl":"https://Nat754.github.io/StroyremAutomation/99//#testresult/5711dfd1cd5984b8","status":"skipped","statusDetails":"XFAIL\n\nselenium.common.exceptions.NoSuchElementException: Message: no such element: Unable to locate element: {\"method\":\"xpath\",\"selector\":\"//input[@class='amount']\"}\n  (Session info: headless chrome=118.0.5993.70); For documentation on this error, please visit: https://www.selenium.dev/documentation/webdriver/troubleshooting/errors#no-such-element-exception\nStacktrace:\n#0 0x55753942cfb3 <unknown>\n#1 0x5575391004a7 <unknown>\n#2 0x557539147dd6 <unknown>\n#3 0x557539147ec1 <unknown>\n#4 0x557539185354 <unknown>\n#5 0x55753916996d <unknown>\n#6 0x557539182c02 <unknown>\n#7 0x557539169713 <unknown>\n#8 0x55753913c18b <unknown>\n#9 0x55753913cf7e <unknown>\n#10 0x5575393f28d8 <unknown>\n#11 0x5575393f6800 <unknown>\n#12 0x557539400cfc <unknown>\n#13 0x5575393f7418 <unknown>\n#14 0x5575393c442f <unknown>\n#15 0x55753941b4e8 <unknown>\n#16 0x55753941b6b4 <unknown>\n#17 0x55753942c143 <unknown>\n#18 0x7fb388ac5044 <unknown>","time":{"start":1697676783783,"stop":1697676789026,"duration":5243}},{"uid":"72b1fbb05432565","reportUrl":"https://Nat754.github.io/StroyremAutomation/98//#testresult/72b1fbb05432565","status":"skipped","statusDetails":"XFAIL\n\nselenium.common.exceptions.NoSuchElementException: Message: no such element: Unable to locate element: {\"method\":\"xpath\",\"selector\":\"//input[@class='amount']\"}\n  (Session info: headless chrome=118.0.5993.70); For documentation on this error, please visit: https://www.selenium.dev/documentation/webdriver/troubleshooting/errors#no-such-element-exception\nStacktrace:\n#0 0x55ed52dedfb3 <unknown>\n#1 0x55ed52ac14a7 <unknown>\n#2 0x55ed52b08dd6 <unknown>\n#3 0x55ed52b08ec1 <unknown>\n#4 0x55ed52b46354 <unknown>\n#5 0x55ed52b2a96d <unknown>\n#6 0x55ed52b43c02 <unknown>\n#7 0x55ed52b2a713 <unknown>\n#8 0x55ed52afd18b <unknown>\n#9 0x55ed52afdf7e <unknown>\n#10 0x55ed52db38d8 <unknown>\n#11 0x55ed52db7800 <unknown>\n#12 0x55ed52dc1cfc <unknown>\n#13 0x55ed52db8418 <unknown>\n#14 0x55ed52d8542f <unknown>\n#15 0x55ed52ddc4e8 <unknown>\n#16 0x55ed52ddc6b4 <unknown>\n#17 0x55ed52ded143 <unknown>\n#18 0x7f949ebfe044 <unknown>","time":{"start":1697590370521,"stop":1697590380547,"duration":10026}},{"uid":"d24d7290877883a9","reportUrl":"https://Nat754.github.io/StroyremAutomation/97//#testresult/d24d7290877883a9","status":"skipped","statusDetails":"XFAIL\n\nselenium.common.exceptions.NoSuchElementException: Message: no such element: Unable to locate element: {\"method\":\"xpath\",\"selector\":\"//input[@class='amount']\"}\n  (Session info: headless chrome=118.0.5993.70); For documentation on this error, please visit: https://www.selenium.dev/documentation/webdriver/troubleshooting/errors#no-such-element-exception\nStacktrace:\n#0 0x56504bdabfb3 <unknown>\n#1 0x56504ba7f4a7 <unknown>\n#2 0x56504bac6dd6 <unknown>\n#3 0x56504bac6ec1 <unknown>\n#4 0x56504bb04354 <unknown>\n#5 0x56504bae896d <unknown>\n#6 0x56504bb01c02 <unknown>\n#7 0x56504bae8713 <unknown>\n#8 0x56504babb18b <unknown>\n#9 0x56504babbf7e <unknown>\n#10 0x56504bd718d8 <unknown>\n#11 0x56504bd75800 <unknown>\n#12 0x56504bd7fcfc <unknown>\n#13 0x56504bd76418 <unknown>\n#14 0x56504bd4342f <unknown>\n#15 0x56504bd9a4e8 <unknown>\n#16 0x56504bd9a6b4 <unknown>\n#17 0x56504bdab143 <unknown>\n#18 0x7f4919b68044 <unknown>","time":{"start":1697504036624,"stop":1697504042074,"duration":5450}},{"uid":"b4b6c400669ef43a","reportUrl":"https://Nat754.github.io/StroyremAutomation/96//#testresult/b4b6c400669ef43a","status":"skipped","statusDetails":"XFAIL\n\nselenium.common.exceptions.NoSuchElementException: Message: no such element: Unable to locate element: {\"method\":\"xpath\",\"selector\":\"//input[@class='amount']\"}\n  (Session info: headless chrome=118.0.5993.70); For documentation on this error, please visit: https://www.selenium.dev/documentation/webdriver/troubleshooting/errors#no-such-element-exception\nStacktrace:\n#0 0x5608b3786fb3 <unknown>\n#1 0x5608b345a4a7 <unknown>\n#2 0x5608b34a1dd6 <unknown>\n#3 0x5608b34a1ec1 <unknown>\n#4 0x5608b34df354 <unknown>\n#5 0x5608b34c396d <unknown>\n#6 0x5608b34dcc02 <unknown>\n#7 0x5608b34c3713 <unknown>\n#8 0x5608b349618b <unknown>\n#9 0x5608b3496f7e <unknown>\n#10 0x5608b374c8d8 <unknown>\n#11 0x5608b3750800 <unknown>\n#12 0x5608b375acfc <unknown>\n#13 0x5608b3751418 <unknown>\n#14 0x5608b371e42f <unknown>\n#15 0x5608b37754e8 <unknown>\n#16 0x5608b37756b4 <unknown>\n#17 0x5608b3786143 <unknown>\n#18 0x7f574478c044 <unknown>","time":{"start":1697417668357,"stop":1697417674316,"duration":5959}},{"uid":"c9677d92ec026e0d","reportUrl":"https://Nat754.github.io/StroyremAutomation/95//#testresult/c9677d92ec026e0d","status":"skipped","statusDetails":"XFAIL\n\nselenium.common.exceptions.NoSuchElementException: Message: no such element: Unable to locate element: {\"method\":\"xpath\",\"selector\":\"(//a[@class='add-to-cart yellow-btn'])[1]\"}\n  (Session info: headless chrome=118.0.5993.70); For documentation on this error, please visit: https://www.selenium.dev/documentation/webdriver/troubleshooting/errors#no-such-element-exception\nStacktrace:\n#0 0x56035fd3cfb3 <unknown>\n#1 0x56035fa104a7 <unknown>\n#2 0x56035fa57dd6 <unknown>\n#3 0x56035fa57ec1 <unknown>\n#4 0x56035fa95354 <unknown>\n#5 0x56035fa7996d <unknown>\n#6 0x56035fa92c02 <unknown>\n#7 0x56035fa79713 <unknown>\n#8 0x56035fa4c18b <unknown>\n#9 0x56035fa4cf7e <unknown>\n#10 0x56035fd028d8 <unknown>\n#11 0x56035fd06800 <unknown>\n#12 0x56035fd10cfc <unknown>\n#13 0x56035fd07418 <unknown>\n#14 0x56035fcd442f <unknown>\n#15 0x56035fd2b4e8 <unknown>\n#16 0x56035fd2b6b4 <unknown>\n#17 0x56035fd3c143 <unknown>\n#18 0x7f009c1b3044 <unknown>","time":{"start":1697331458800,"stop":1697331459652,"duration":852}},{"uid":"8b89d1d7b296d9a7","reportUrl":"https://Nat754.github.io/StroyremAutomation/94//#testresult/8b89d1d7b296d9a7","status":"skipped","statusDetails":"XFAIL\n\nselenium.common.exceptions.NoSuchElementException: Message: no such element: Unable to locate element: {\"method\":\"xpath\",\"selector\":\"//input[@class='amount']\"}\n  (Session info: headless chrome=118.0.5993.70); For documentation on this error, please visit: https://www.selenium.dev/documentation/webdriver/troubleshooting/errors#no-such-element-exception\nStacktrace:\n#0 0x5635c8106fb3 <unknown>\n#1 0x5635c7dda4a7 <unknown>\n#2 0x5635c7e21dd6 <unknown>\n#3 0x5635c7e21ec1 <unknown>\n#4 0x5635c7e5f354 <unknown>\n#5 0x5635c7e4396d <unknown>\n#6 0x5635c7e5cc02 <unknown>\n#7 0x5635c7e43713 <unknown>\n#8 0x5635c7e1618b <unknown>\n#9 0x5635c7e16f7e <unknown>\n#10 0x5635c80cc8d8 <unknown>\n#11 0x5635c80d0800 <unknown>\n#12 0x5635c80dacfc <unknown>\n#13 0x5635c80d1418 <unknown>\n#14 0x5635c809e42f <unknown>\n#15 0x5635c80f54e8 <unknown>\n#16 0x5635c80f56b4 <unknown>\n#17 0x5635c8106143 <unknown>\n#18 0x7f24ed2b5044 <unknown>","time":{"start":1697244808188,"stop":1697244813236,"duration":5048}},{"uid":"ee46c6cb4d054aa0","reportUrl":"https://Nat754.github.io/StroyremAutomation/93//#testresult/ee46c6cb4d054aa0","status":"skipped","statusDetails":"XFAIL\n\nselenium.common.exceptions.NoSuchElementException: Message: no such element: Unable to locate element: {\"method\":\"xpath\",\"selector\":\"(//a[@class='add-to-cart yellow-btn'])[1]\"}\n  (Session info: headless chrome=118.0.5993.70); For documentation on this error, please visit: https://www.selenium.dev/documentation/webdriver/troubleshooting/errors#no-such-element-exception\nStacktrace:\n#0 0x555c15046fb3 <unknown>\n#1 0x555c14d1a4a7 <unknown>\n#2 0x555c14d61dd6 <unknown>\n#3 0x555c14d61ec1 <unknown>\n#4 0x555c14d9f354 <unknown>\n#5 0x555c14d8396d <unknown>\n#6 0x555c14d9cc02 <unknown>\n#7 0x555c14d83713 <unknown>\n#8 0x555c14d5618b <unknown>\n#9 0x555c14d56f7e <unknown>\n#10 0x555c1500c8d8 <unknown>\n#11 0x555c15010800 <unknown>\n#12 0x555c1501acfc <unknown>\n#13 0x555c15011418 <unknown>\n#14 0x555c14fde42f <unknown>\n#15 0x555c150354e8 <unknown>\n#16 0x555c150356b4 <unknown>\n#17 0x555c15046143 <unknown>\n#18 0x7f4e1b3c9044 <unknown>","time":{"start":1697158477110,"stop":1697158482020,"duration":4910}},{"uid":"43bbc73e98817f53","reportUrl":"https://Nat754.github.io/StroyremAutomation/92//#testresult/43bbc73e98817f53","status":"skipped","statusDetails":"XFAIL\n\nselenium.common.exceptions.NoSuchElementException: Message: no such element: Unable to locate element: {\"method\":\"xpath\",\"selector\":\"(//a[@class='add-to-cart yellow-btn'])[1]\"}\n  (Session info: headless chrome=118.0.5993.70); For documentation on this error, please visit: https://www.selenium.dev/documentation/webdriver/troubleshooting/errors#no-such-element-exception\nStacktrace:\n#0 0x55fd606c6fb3 <unknown>\n#1 0x55fd6039a4a7 <unknown>\n#2 0x55fd603e1dd6 <unknown>\n#3 0x55fd603e1ec1 <unknown>\n#4 0x55fd6041f354 <unknown>\n#5 0x55fd6040396d <unknown>\n#6 0x55fd6041cc02 <unknown>\n#7 0x55fd60403713 <unknown>\n#8 0x55fd603d618b <unknown>\n#9 0x55fd603d6f7e <unknown>\n#10 0x55fd6068c8d8 <unknown>\n#11 0x55fd60690800 <unknown>\n#12 0x55fd6069acfc <unknown>\n#13 0x55fd60691418 <unknown>\n#14 0x55fd6065e42f <unknown>\n#15 0x55fd606b54e8 <unknown>\n#16 0x55fd606b56b4 <unknown>\n#17 0x55fd606c6143 <unknown>\n#18 0x7f77e2fa3044 <unknown>","time":{"start":1697071865309,"stop":1697071869966,"duration":4657}}]},"tags":["@pytest.mark.xfail","smoke_test"]},"source":"eaf9aa303277ed22.json","parameterValues":["2190","16","'TD 005'","1590","'products/shtukaturka-gipsovaya-aksolit-m50-30-kg-mashinnogo-naneseniya'","600","'https://sandboxtest.stroyrem-nn.ru/'","500"]}