{"uid":"fb5856e2bb9d9f02","name":"test_positive_delivery_green_zone_smoke[TD 005-products/shtukaturka-gipsovaya-aksolit-m50-30-kg-mashinnogo-naneseniya-16-500-600-1590-2190-https://sandboxtest.stroyrem-nn.ru/]","fullName":"tests.delivery.test_delivery_calculation.TestDeliveryPageCalculation#test_positive_delivery_green_zone_smoke","historyId":"e6058ae35d5a637089e6a6aa5edf052c","time":{"start":1725930285916,"stop":1725930286482,"duration":566},"status":"skipped","statusMessage":"XFAIL\n\nselenium.common.exceptions.NoSuchElementException: Message: no such element: Unable to locate element: {\"method\":\"xpath\",\"selector\":\"(//a[@class='add-to-cart yellow-btn'])[1]\"}\n  (Session info: chrome=128.0.6613.119); For documentation on this error, please visit: https://www.selenium.dev/documentation/webdriver/troubleshooting/errors#no-such-element-exception\nStacktrace:\n#0 0x55c4d1ea286a <unknown>\n#1 0x55c4d1b70e50 <unknown>\n#2 0x55c4d1bc0644 <unknown>\n#3 0x55c4d1bc0931 <unknown>\n#4 0x55c4d1c06534 <unknown>\n#5 0x55c4d1be54bd <unknown>\n#6 0x55c4d1c039c6 <unknown>\n#7 0x55c4d1be5233 <unknown>\n#8 0x55c4d1bb3093 <unknown>\n#9 0x55c4d1bb409e <unknown>\n#10 0x55c4d1e69acb <unknown>\n#11 0x55c4d1e6da81 <unknown>\n#12 0x55c4d1e55695 <unknown>\n#13 0x55c4d1e6e5f2 <unknown>\n#14 0x55c4d1e3a86f <unknown>\n#15 0x55c4d1e91668 <unknown>\n#16 0x55c4d1e91832 <unknown>\n#17 0x55c4d1ea165c <unknown>\n#18 0x7fb0eee72144 <unknown>","statusTrace":"self = <tests.delivery.test_delivery_calculation.TestDeliveryPageCalculation object at 0x7fdc35f101d0>\ndriver = <selenium.webdriver.chrome.webdriver.WebDriver (session=\"8e41c1c9fb7ed8d561badb16fa570baf\")>\nurl = 'https://sandboxtest.stroyrem-nn.ru/', case_id = 'TD 005'\nlink_item = 'products/shtukaturka-gipsovaya-aksolit-m50-30-kg-mashinnogo-naneseniya'\namount = 16, weight = 500, standard = 600, in_time = 1590, all_time = 2190\n\n    @pytest.mark.parametrize('case_id, link_item, amount, weight, standard, in_time, all_time', [\n        (\"TD 001\", uroven_3000, 1, 30, 0, 1590, 2190),\n        (\"TD 002\", bundeks_25, 1, 30, 400, 1590, 2190),\n        (\"TD 003\", aksolit_30, 8, 300, 400, 1590, 2190),\n        (\"TD 004\", aksolit_30, 13, 400, 450, 1590, 2190),\n        (\"TD 005\", aksolit_30, 16, 500, 600, 1590, 2190),\n        (\"TD 006\", aksolit_30, 25, 1700, 990, 1990, 2480),\n        (\"TD 007\", aksolit_30, 66, 2000, 1300, 2490, 2980),\n        (\"TD 008\", aksolit_30, 149, 4500, 2300, 3980, 4490),\n        (\"TD 009\", aksolit_30, 166, 5000, 2500, 4990, 5480),\n        pytest.param(\n            \"TD 010\", aksolit_30, 206, 6200, 2900, 5570, 6120,\n            marks=pytest.mark.xfail(reson=\"Цена доставки 3600 7960 8980\")\n        ),\n        (\"TD 011\", aksolit_30, 299, 9000, 3600, 7960, 8980),\n        (\"TD 012\", aksolit_30, 333, 10000, 4450, 11990, 12500),\n        pytest.param(\n            \"TD 013\", aksolit_30, 366, 11000, 4800, 12450, 13480,\n            marks=pytest.mark.xfail(reason=\"Цена стандартной доставки 4450\")\n        ),\n        pytest.param(\n            \"TD 014\", aksolit_30, 666, 20000, 5400, 15600, 17490,\n            marks=pytest.mark.xfail(reason=\"Цена стандартной доставки 4450\")\n        )\n    ])\n    @pytest.mark.xfail\n    @pytest.mark.smoke_test\n    def test_positive_delivery_green_zone_smoke(\n            self, driver, url, case_id, link_item, amount, weight, standard, in_time, all_time\n    ):\n    \n        driver.get(f'{url}{link_item}')\n        item_page = ItemPage(driver)\n>       item_page.add_item_to_cart(amount).click_on_cart()\n\ntests/delivery/test_delivery_calculation.py:50: \n_ _ _ _ _ _ _ _ _ _ _ _ _ _ _ _ _ _ _ _ _ _ _ _ _ _ _ _ _ _ _ _ _ _ _ _ _ _ _ _ \npages/item_page.py:40: in add_item_to_cart\n    self.find_element(self._add_item).click()\nbase/seleniumbase.py:17: in find_element\n    return self.driver.find_element(*locator)\n/usr/local/lib/python3.11/site-packages/selenium/webdriver/remote/webdriver.py:739: in find_element\n    return self.execute(Command.FIND_ELEMENT, {\"using\": by, \"value\": value})[\"value\"]\n/usr/local/lib/python3.11/site-packages/selenium/webdriver/remote/webdriver.py:345: in execute\n    self.error_handler.check_response(response)\n_ _ _ _ _ _ _ _ _ _ _ _ _ _ _ _ _ _ _ _ _ _ _ _ _ _ _ _ _ _ _ _ _ _ _ _ _ _ _ _ \n\nself = <selenium.webdriver.remote.errorhandler.ErrorHandler object at 0x7fdc35f04250>\nresponse = {'status': 404, 'value': '{\"value\":{\"error\":\"no such element\",\"message\":\"no such element: Unable to locate element: {\\...\\\\n#16 0x55c4d1e91832 \\\\u003Cunknown>\\\\n#17 0x55c4d1ea165c \\\\u003Cunknown>\\\\n#18 0x7fb0eee72144 \\\\u003Cunknown>\\\\n\"}}'}\n\n    def check_response(self, response: Dict[str, Any]) -> None:\n        \"\"\"Checks that a JSON response from the WebDriver does not have an\n        error.\n    \n        :Args:\n         - response - The JSON response from the WebDriver server as a dictionary\n           object.\n    \n        :Raises: If the response contains an error message.\n        \"\"\"\n        status = response.get(\"status\", None)\n        if not status or status == ErrorCode.SUCCESS:\n            return\n        value = None\n        message = response.get(\"message\", \"\")\n        screen: str = response.get(\"screen\", \"\")\n        stacktrace = None\n        if isinstance(status, int):\n            value_json = response.get(\"value\", None)\n            if value_json and isinstance(value_json, str):\n                import json\n    \n                try:\n                    value = json.loads(value_json)\n                    if len(value) == 1:\n                        value = value[\"value\"]\n                    status = value.get(\"error\", None)\n                    if not status:\n                        status = value.get(\"status\", ErrorCode.UNKNOWN_ERROR)\n                        message = value.get(\"value\") or value.get(\"message\")\n                        if not isinstance(message, str):\n                            value = message\n                            message = message.get(\"message\")\n                    else:\n                        message = value.get(\"message\", None)\n                except ValueError:\n                    pass\n    \n        exception_class: Type[WebDriverException]\n        e = ErrorCode()\n        error_codes = [item for item in dir(e) if not item.startswith(\"__\")]\n        for error_code in error_codes:\n            error_info = getattr(ErrorCode, error_code)\n            if isinstance(error_info, list) and status in error_info:\n                exception_class = getattr(ExceptionMapping, error_code, WebDriverException)\n                break\n        else:\n            exception_class = WebDriverException\n    \n        if not value:\n            value = response[\"value\"]\n        if isinstance(value, str):\n            raise exception_class(value)\n        if message == \"\" and \"message\" in value:\n            message = value[\"message\"]\n    \n        screen = None  # type: ignore[assignment]\n        if \"screen\" in value:\n            screen = value[\"screen\"]\n    \n        stacktrace = None\n        st_value = value.get(\"stackTrace\") or value.get(\"stacktrace\")\n        if st_value:\n            if isinstance(st_value, str):\n                stacktrace = st_value.split(\"\\n\")\n            else:\n                stacktrace = []\n                try:\n                    for frame in st_value:\n                        line = frame.get(\"lineNumber\", \"\")\n                        file = frame.get(\"fileName\", \"<anonymous>\")\n                        if line:\n                            file = f\"{file}:{line}\"\n                        meth = frame.get(\"methodName\", \"<anonymous>\")\n                        if \"className\" in frame:\n                            meth = f\"{frame['className']}.{meth}\"\n                        msg = \"    at %s (%s)\"\n                        msg = msg % (meth, file)\n                        stacktrace.append(msg)\n                except TypeError:\n                    pass\n        if exception_class == UnexpectedAlertPresentException:\n            alert_text = None\n            if \"data\" in value:\n                alert_text = value[\"data\"].get(\"text\")\n            elif \"alert\" in value:\n                alert_text = value[\"alert\"].get(\"text\")\n            raise exception_class(message, screen, stacktrace, alert_text)  # type: ignore[call-arg]  # mypy is not smart enough here\n>       raise exception_class(message, screen, stacktrace)\nE       selenium.common.exceptions.NoSuchElementException: Message: no such element: Unable to locate element: {\"method\":\"xpath\",\"selector\":\"(//a[@class='add-to-cart yellow-btn'])[1]\"}\nE         (Session info: chrome=128.0.6613.119); For documentation on this error, please visit: https://www.selenium.dev/documentation/webdriver/troubleshooting/errors#no-such-element-exception\nE       Stacktrace:\nE       #0 0x55c4d1ea286a <unknown>\nE       #1 0x55c4d1b70e50 <unknown>\nE       #2 0x55c4d1bc0644 <unknown>\nE       #3 0x55c4d1bc0931 <unknown>\nE       #4 0x55c4d1c06534 <unknown>\nE       #5 0x55c4d1be54bd <unknown>\nE       #6 0x55c4d1c039c6 <unknown>\nE       #7 0x55c4d1be5233 <unknown>\nE       #8 0x55c4d1bb3093 <unknown>\nE       #9 0x55c4d1bb409e <unknown>\nE       #10 0x55c4d1e69acb <unknown>\nE       #11 0x55c4d1e6da81 <unknown>\nE       #12 0x55c4d1e55695 <unknown>\nE       #13 0x55c4d1e6e5f2 <unknown>\nE       #14 0x55c4d1e3a86f <unknown>\nE       #15 0x55c4d1e91668 <unknown>\nE       #16 0x55c4d1e91832 <unknown>\nE       #17 0x55c4d1ea165c <unknown>\nE       #18 0x7fb0eee72144 <unknown>\n\n/usr/local/lib/python3.11/site-packages/selenium/webdriver/remote/errorhandler.py:229: NoSuchElementException","flaky":false,"newFailed":false,"newBroken":false,"newPassed":false,"retriesCount":0,"retriesStatusChange":false,"beforeStages":[{"name":"_session_faker","time":{"start":1725930048559,"stop":1725930048628,"duration":69},"status":"passed","steps":[],"attachments":[],"parameters":[],"shouldDisplayMessage":false,"stepsCount":0,"attachmentsCount":0,"hasContent":false,"attachmentStep":false},{"name":"clear_allure_results_folder","time":{"start":1725930048628,"stop":1725930048628,"duration":0},"status":"passed","steps":[],"attachments":[],"parameters":[],"shouldDisplayMessage":false,"stepsCount":0,"attachmentsCount":0,"hasContent":false,"attachmentStep":false},{"name":"driver","time":{"start":1725930285105,"stop":1725930285914,"duration":809},"status":"passed","steps":[],"attachments":[],"parameters":[],"shouldDisplayMessage":false,"stepsCount":0,"attachmentsCount":0,"hasContent":false,"attachmentStep":false},{"name":"setup","time":{"start":1725930285914,"stop":1725930285914,"duration":0},"status":"passed","steps":[],"attachments":[],"parameters":[],"shouldDisplayMessage":false,"stepsCount":0,"attachmentsCount":0,"hasContent":false,"attachmentStep":false}],"testStage":{"status":"skipped","statusMessage":"XFAIL\n\nselenium.common.exceptions.NoSuchElementException: Message: no such element: Unable to locate element: {\"method\":\"xpath\",\"selector\":\"(//a[@class='add-to-cart yellow-btn'])[1]\"}\n  (Session info: chrome=128.0.6613.119); For documentation on this error, please visit: https://www.selenium.dev/documentation/webdriver/troubleshooting/errors#no-such-element-exception\nStacktrace:\n#0 0x55c4d1ea286a <unknown>\n#1 0x55c4d1b70e50 <unknown>\n#2 0x55c4d1bc0644 <unknown>\n#3 0x55c4d1bc0931 <unknown>\n#4 0x55c4d1c06534 <unknown>\n#5 0x55c4d1be54bd <unknown>\n#6 0x55c4d1c039c6 <unknown>\n#7 0x55c4d1be5233 <unknown>\n#8 0x55c4d1bb3093 <unknown>\n#9 0x55c4d1bb409e <unknown>\n#10 0x55c4d1e69acb <unknown>\n#11 0x55c4d1e6da81 <unknown>\n#12 0x55c4d1e55695 <unknown>\n#13 0x55c4d1e6e5f2 <unknown>\n#14 0x55c4d1e3a86f <unknown>\n#15 0x55c4d1e91668 <unknown>\n#16 0x55c4d1e91832 <unknown>\n#17 0x55c4d1ea165c <unknown>\n#18 0x7fb0eee72144 <unknown>","statusTrace":"self = <tests.delivery.test_delivery_calculation.TestDeliveryPageCalculation object at 0x7fdc35f101d0>\ndriver = <selenium.webdriver.chrome.webdriver.WebDriver (session=\"8e41c1c9fb7ed8d561badb16fa570baf\")>\nurl = 'https://sandboxtest.stroyrem-nn.ru/', case_id = 'TD 005'\nlink_item = 'products/shtukaturka-gipsovaya-aksolit-m50-30-kg-mashinnogo-naneseniya'\namount = 16, weight = 500, standard = 600, in_time = 1590, all_time = 2190\n\n    @pytest.mark.parametrize('case_id, link_item, amount, weight, standard, in_time, all_time', [\n        (\"TD 001\", uroven_3000, 1, 30, 0, 1590, 2190),\n        (\"TD 002\", bundeks_25, 1, 30, 400, 1590, 2190),\n        (\"TD 003\", aksolit_30, 8, 300, 400, 1590, 2190),\n        (\"TD 004\", aksolit_30, 13, 400, 450, 1590, 2190),\n        (\"TD 005\", aksolit_30, 16, 500, 600, 1590, 2190),\n        (\"TD 006\", aksolit_30, 25, 1700, 990, 1990, 2480),\n        (\"TD 007\", aksolit_30, 66, 2000, 1300, 2490, 2980),\n        (\"TD 008\", aksolit_30, 149, 4500, 2300, 3980, 4490),\n        (\"TD 009\", aksolit_30, 166, 5000, 2500, 4990, 5480),\n        pytest.param(\n            \"TD 010\", aksolit_30, 206, 6200, 2900, 5570, 6120,\n            marks=pytest.mark.xfail(reson=\"Цена доставки 3600 7960 8980\")\n        ),\n        (\"TD 011\", aksolit_30, 299, 9000, 3600, 7960, 8980),\n        (\"TD 012\", aksolit_30, 333, 10000, 4450, 11990, 12500),\n        pytest.param(\n            \"TD 013\", aksolit_30, 366, 11000, 4800, 12450, 13480,\n            marks=pytest.mark.xfail(reason=\"Цена стандартной доставки 4450\")\n        ),\n        pytest.param(\n            \"TD 014\", aksolit_30, 666, 20000, 5400, 15600, 17490,\n            marks=pytest.mark.xfail(reason=\"Цена стандартной доставки 4450\")\n        )\n    ])\n    @pytest.mark.xfail\n    @pytest.mark.smoke_test\n    def test_positive_delivery_green_zone_smoke(\n            self, driver, url, case_id, link_item, amount, weight, standard, in_time, all_time\n    ):\n    \n        driver.get(f'{url}{link_item}')\n        item_page = ItemPage(driver)\n>       item_page.add_item_to_cart(amount).click_on_cart()\n\ntests/delivery/test_delivery_calculation.py:50: \n_ _ _ _ _ _ _ _ _ _ _ _ _ _ _ _ _ _ _ _ _ _ _ _ _ _ _ _ _ _ _ _ _ _ _ _ _ _ _ _ \npages/item_page.py:40: in add_item_to_cart\n    self.find_element(self._add_item).click()\nbase/seleniumbase.py:17: in find_element\n    return self.driver.find_element(*locator)\n/usr/local/lib/python3.11/site-packages/selenium/webdriver/remote/webdriver.py:739: in find_element\n    return self.execute(Command.FIND_ELEMENT, {\"using\": by, \"value\": value})[\"value\"]\n/usr/local/lib/python3.11/site-packages/selenium/webdriver/remote/webdriver.py:345: in execute\n    self.error_handler.check_response(response)\n_ _ _ _ _ _ _ _ _ _ _ _ _ _ _ _ _ _ _ _ _ _ _ _ _ _ _ _ _ _ _ _ _ _ _ _ _ _ _ _ \n\nself = <selenium.webdriver.remote.errorhandler.ErrorHandler object at 0x7fdc35f04250>\nresponse = {'status': 404, 'value': '{\"value\":{\"error\":\"no such element\",\"message\":\"no such element: Unable to locate element: {\\...\\\\n#16 0x55c4d1e91832 \\\\u003Cunknown>\\\\n#17 0x55c4d1ea165c \\\\u003Cunknown>\\\\n#18 0x7fb0eee72144 \\\\u003Cunknown>\\\\n\"}}'}\n\n    def check_response(self, response: Dict[str, Any]) -> None:\n        \"\"\"Checks that a JSON response from the WebDriver does not have an\n        error.\n    \n        :Args:\n         - response - The JSON response from the WebDriver server as a dictionary\n           object.\n    \n        :Raises: If the response contains an error message.\n        \"\"\"\n        status = response.get(\"status\", None)\n        if not status or status == ErrorCode.SUCCESS:\n            return\n        value = None\n        message = response.get(\"message\", \"\")\n        screen: str = response.get(\"screen\", \"\")\n        stacktrace = None\n        if isinstance(status, int):\n            value_json = response.get(\"value\", None)\n            if value_json and isinstance(value_json, str):\n                import json\n    \n                try:\n                    value = json.loads(value_json)\n                    if len(value) == 1:\n                        value = value[\"value\"]\n                    status = value.get(\"error\", None)\n                    if not status:\n                        status = value.get(\"status\", ErrorCode.UNKNOWN_ERROR)\n                        message = value.get(\"value\") or value.get(\"message\")\n                        if not isinstance(message, str):\n                            value = message\n                            message = message.get(\"message\")\n                    else:\n                        message = value.get(\"message\", None)\n                except ValueError:\n                    pass\n    \n        exception_class: Type[WebDriverException]\n        e = ErrorCode()\n        error_codes = [item for item in dir(e) if not item.startswith(\"__\")]\n        for error_code in error_codes:\n            error_info = getattr(ErrorCode, error_code)\n            if isinstance(error_info, list) and status in error_info:\n                exception_class = getattr(ExceptionMapping, error_code, WebDriverException)\n                break\n        else:\n            exception_class = WebDriverException\n    \n        if not value:\n            value = response[\"value\"]\n        if isinstance(value, str):\n            raise exception_class(value)\n        if message == \"\" and \"message\" in value:\n            message = value[\"message\"]\n    \n        screen = None  # type: ignore[assignment]\n        if \"screen\" in value:\n            screen = value[\"screen\"]\n    \n        stacktrace = None\n        st_value = value.get(\"stackTrace\") or value.get(\"stacktrace\")\n        if st_value:\n            if isinstance(st_value, str):\n                stacktrace = st_value.split(\"\\n\")\n            else:\n                stacktrace = []\n                try:\n                    for frame in st_value:\n                        line = frame.get(\"lineNumber\", \"\")\n                        file = frame.get(\"fileName\", \"<anonymous>\")\n                        if line:\n                            file = f\"{file}:{line}\"\n                        meth = frame.get(\"methodName\", \"<anonymous>\")\n                        if \"className\" in frame:\n                            meth = f\"{frame['className']}.{meth}\"\n                        msg = \"    at %s (%s)\"\n                        msg = msg % (meth, file)\n                        stacktrace.append(msg)\n                except TypeError:\n                    pass\n        if exception_class == UnexpectedAlertPresentException:\n            alert_text = None\n            if \"data\" in value:\n                alert_text = value[\"data\"].get(\"text\")\n            elif \"alert\" in value:\n                alert_text = value[\"alert\"].get(\"text\")\n            raise exception_class(message, screen, stacktrace, alert_text)  # type: ignore[call-arg]  # mypy is not smart enough here\n>       raise exception_class(message, screen, stacktrace)\nE       selenium.common.exceptions.NoSuchElementException: Message: no such element: Unable to locate element: {\"method\":\"xpath\",\"selector\":\"(//a[@class='add-to-cart yellow-btn'])[1]\"}\nE         (Session info: chrome=128.0.6613.119); For documentation on this error, please visit: https://www.selenium.dev/documentation/webdriver/troubleshooting/errors#no-such-element-exception\nE       Stacktrace:\nE       #0 0x55c4d1ea286a <unknown>\nE       #1 0x55c4d1b70e50 <unknown>\nE       #2 0x55c4d1bc0644 <unknown>\nE       #3 0x55c4d1bc0931 <unknown>\nE       #4 0x55c4d1c06534 <unknown>\nE       #5 0x55c4d1be54bd <unknown>\nE       #6 0x55c4d1c039c6 <unknown>\nE       #7 0x55c4d1be5233 <unknown>\nE       #8 0x55c4d1bb3093 <unknown>\nE       #9 0x55c4d1bb409e <unknown>\nE       #10 0x55c4d1e69acb <unknown>\nE       #11 0x55c4d1e6da81 <unknown>\nE       #12 0x55c4d1e55695 <unknown>\nE       #13 0x55c4d1e6e5f2 <unknown>\nE       #14 0x55c4d1e3a86f <unknown>\nE       #15 0x55c4d1e91668 <unknown>\nE       #16 0x55c4d1e91832 <unknown>\nE       #17 0x55c4d1ea165c <unknown>\nE       #18 0x7fb0eee72144 <unknown>\n\n/usr/local/lib/python3.11/site-packages/selenium/webdriver/remote/errorhandler.py:229: NoSuchElementException","steps":[{"name":"Добавляем товар в корзину в количестве 16","time":{"start":1725930286462,"stop":1725930286481,"duration":19},"status":"broken","statusMessage":"selenium.common.exceptions.NoSuchElementException: Message: no such element: Unable to locate element: {\"method\":\"xpath\",\"selector\":\"(//a[@class='add-to-cart yellow-btn'])[1]\"}\n  (Session info: chrome=128.0.6613.119); For documentation on this error, please visit: https://www.selenium.dev/documentation/webdriver/troubleshooting/errors#no-such-element-exception\nStacktrace:\n#0 0x55c4d1ea286a <unknown>\n#1 0x55c4d1b70e50 <unknown>\n#2 0x55c4d1bc0644 <unknown>\n#3 0x55c4d1bc0931 <unknown>\n#4 0x55c4d1c06534 <unknown>\n#5 0x55c4d1be54bd <unknown>\n#6 0x55c4d1c039c6 <unknown>\n#7 0x55c4d1be5233 <unknown>\n#8 0x55c4d1bb3093 <unknown>\n#9 0x55c4d1bb409e <unknown>\n#10 0x55c4d1e69acb <unknown>\n#11 0x55c4d1e6da81 <unknown>\n#12 0x55c4d1e55695 <unknown>\n#13 0x55c4d1e6e5f2 <unknown>\n#14 0x55c4d1e3a86f <unknown>\n#15 0x55c4d1e91668 <unknown>\n#16 0x55c4d1e91832 <unknown>\n#17 0x55c4d1ea165c <unknown>\n#18 0x7fb0eee72144 <unknown>\n\n","statusTrace":"  File \"/usr/local/lib/python3.11/site-packages/allure_commons/_allure.py\", line 192, in impl\n    return func(*a, **kw)\n           ^^^^^^^^^^^^^^\n  File \"/app/pages/item_page.py\", line 40, in add_item_to_cart\n    self.find_element(self._add_item).click()\n    ^^^^^^^^^^^^^^^^^^^^^^^^^^^^^^^^^\n  File \"/app/base/seleniumbase.py\", line 17, in find_element\n    return self.driver.find_element(*locator)\n           ^^^^^^^^^^^^^^^^^^^^^^^^^^^^^^^^^^\n  File \"/usr/local/lib/python3.11/site-packages/selenium/webdriver/remote/webdriver.py\", line 739, in find_element\n    return self.execute(Command.FIND_ELEMENT, {\"using\": by, \"value\": value})[\"value\"]\n           ^^^^^^^^^^^^^^^^^^^^^^^^^^^^^^^^^^^^^^^^^^^^^^^^^^^^^^^^^^^^^^^^^\n  File \"/usr/local/lib/python3.11/site-packages/selenium/webdriver/remote/webdriver.py\", line 345, in execute\n    self.error_handler.check_response(response)\n  File \"/usr/local/lib/python3.11/site-packages/selenium/webdriver/remote/errorhandler.py\", line 229, in check_response\n    raise exception_class(message, screen, stacktrace)\n","steps":[],"attachments":[],"parameters":[{"name":"amount","value":"16"}],"shouldDisplayMessage":true,"stepsCount":0,"attachmentsCount":0,"hasContent":true,"attachmentStep":false}],"attachments":[{"uid":"41a7130e4bafaa15","name":"Screenshot","source":"41a7130e4bafaa15.png","type":"image/png","size":46834},{"uid":"22e7b6371f025c1a","name":"HTML source","source":"22e7b6371f025c1a.html","type":"text/html","size":133701}],"parameters":[],"shouldDisplayMessage":true,"stepsCount":1,"attachmentsCount":2,"hasContent":true,"attachmentStep":false},"afterStages":[{"name":"setup::0","time":{"start":1725930286572,"stop":1725930286572,"duration":0},"status":"passed","steps":[],"attachments":[],"parameters":[],"shouldDisplayMessage":false,"stepsCount":0,"attachmentsCount":0,"hasContent":false,"attachmentStep":false},{"name":"driver::0","time":{"start":1725930286572,"stop":1725930286637,"duration":65},"status":"passed","steps":[],"attachments":[],"parameters":[],"shouldDisplayMessage":false,"stepsCount":0,"attachmentsCount":0,"hasContent":false,"attachmentStep":false}],"labels":[{"name":"epic","value":"Delivery Page - calculation"},{"name":"tag","value":"smoke_test"},{"name":"tag","value":"@pytest.mark.xfail"},{"name":"parentSuite","value":"tests.delivery"},{"name":"suite","value":"test_delivery_calculation"},{"name":"subSuite","value":"TestDeliveryPageCalculation"},{"name":"host","value":"3593861b4cde"},{"name":"thread","value":"1-MainThread"},{"name":"framework","value":"pytest"},{"name":"language","value":"cpython3"},{"name":"package","value":"tests.delivery.test_delivery_calculation"},{"name":"resultFormat","value":"allure2"}],"parameters":[{"name":"all_time","value":"2190"},{"name":"amount","value":"16"},{"name":"case_id","value":"'TD 005'"},{"name":"in_time","value":"1590"},{"name":"link_item","value":"'products/shtukaturka-gipsovaya-aksolit-m50-30-kg-mashinnogo-naneseniya'"},{"name":"standard","value":"600"},{"name":"url","value":"'https://sandboxtest.stroyrem-nn.ru/'"},{"name":"weight","value":"500"}],"links":[],"hidden":false,"retry":false,"extra":{"severity":"normal","retries":[],"categories":[],"history":{"statistic":{"failed":0,"broken":0,"skipped":103,"passed":0,"unknown":0,"total":103},"items":[{"uid":"21c7d3e8c82cee98","reportUrl":"https://Nat754.github.io/StroyremAutomation/425//#testresult/21c7d3e8c82cee98","status":"skipped","statusDetails":"XFAIL\n\nselenium.common.exceptions.NoSuchElementException: Message: no such element: Unable to locate element: {\"method\":\"xpath\",\"selector\":\"(//a[@class='add-to-cart yellow-btn'])[1]\"}\n  (Session info: chrome=128.0.6613.119); For documentation on this error, please visit: https://www.selenium.dev/documentation/webdriver/troubleshooting/errors#no-such-element-exception\nStacktrace:\n#0 0x562d615fa86a <unknown>\n#1 0x562d612c8e50 <unknown>\n#2 0x562d61318644 <unknown>\n#3 0x562d61318931 <unknown>\n#4 0x562d6135e534 <unknown>\n#5 0x562d6133d4bd <unknown>\n#6 0x562d6135b9c6 <unknown>\n#7 0x562d6133d233 <unknown>\n#8 0x562d6130b093 <unknown>\n#9 0x562d6130c09e <unknown>\n#10 0x562d615c1acb <unknown>\n#11 0x562d615c5a81 <unknown>\n#12 0x562d615ad695 <unknown>\n#13 0x562d615c65f2 <unknown>\n#14 0x562d6159286f <unknown>\n#15 0x562d615e9668 <unknown>\n#16 0x562d615e9832 <unknown>\n#17 0x562d615f965c <unknown>\n#18 0x7f4bf9e52144 <unknown>","time":{"start":1725843957243,"stop":1725843957717,"duration":474}},{"uid":"8c67d44f54ce147d","reportUrl":"https://Nat754.github.io/StroyremAutomation/424//#testresult/8c67d44f54ce147d","status":"skipped","statusDetails":"XFAIL\n\nselenium.common.exceptions.NoSuchElementException: Message: no such element: Unable to locate element: {\"method\":\"xpath\",\"selector\":\"(//a[@class='add-to-cart yellow-btn'])[1]\"}\n  (Session info: chrome=128.0.6613.119); For documentation on this error, please visit: https://www.selenium.dev/documentation/webdriver/troubleshooting/errors#no-such-element-exception\nStacktrace:\n#0 0x5625f69ab86a <unknown>\n#1 0x5625f6679e50 <unknown>\n#2 0x5625f66c9644 <unknown>\n#3 0x5625f66c9931 <unknown>\n#4 0x5625f670f534 <unknown>\n#5 0x5625f66ee4bd <unknown>\n#6 0x5625f670c9c6 <unknown>\n#7 0x5625f66ee233 <unknown>\n#8 0x5625f66bc093 <unknown>\n#9 0x5625f66bd09e <unknown>\n#10 0x5625f6972acb <unknown>\n#11 0x5625f6976a81 <unknown>\n#12 0x5625f695e695 <unknown>\n#13 0x5625f69775f2 <unknown>\n#14 0x5625f694386f <unknown>\n#15 0x5625f699a668 <unknown>\n#16 0x5625f699a832 <unknown>\n#17 0x5625f69aa65c <unknown>\n#18 0x7fb579d8b144 <unknown>","time":{"start":1725757703445,"stop":1725757704162,"duration":717}},{"uid":"4f7c1f37a05fab01","reportUrl":"https://Nat754.github.io/StroyremAutomation/423//#testresult/4f7c1f37a05fab01","status":"skipped","statusDetails":"XFAIL\n\nselenium.common.exceptions.NoSuchElementException: Message: no such element: Unable to locate element: {\"method\":\"xpath\",\"selector\":\"(//a[@class='add-to-cart yellow-btn'])[1]\"}\n  (Session info: chrome=128.0.6613.119); For documentation on this error, please visit: https://www.selenium.dev/documentation/webdriver/troubleshooting/errors#no-such-element-exception\nStacktrace:\n#0 0x557846bd586a <unknown>\n#1 0x5578468a3e50 <unknown>\n#2 0x5578468f3644 <unknown>\n#3 0x5578468f3931 <unknown>\n#4 0x557846939534 <unknown>\n#5 0x5578469184bd <unknown>\n#6 0x5578469369c6 <unknown>\n#7 0x557846918233 <unknown>\n#8 0x5578468e6093 <unknown>\n#9 0x5578468e709e <unknown>\n#10 0x557846b9cacb <unknown>\n#11 0x557846ba0a81 <unknown>\n#12 0x557846b88695 <unknown>\n#13 0x557846ba15f2 <unknown>\n#14 0x557846b6d86f <unknown>\n#15 0x557846bc4668 <unknown>\n#16 0x557846bc4832 <unknown>\n#17 0x557846bd465c <unknown>\n#18 0x7f75c1809144 <unknown>","time":{"start":1725671008274,"stop":1725671008882,"duration":608}},{"uid":"2bced0a5c01adbf5","reportUrl":"https://Nat754.github.io/StroyremAutomation/422//#testresult/2bced0a5c01adbf5","status":"skipped","statusDetails":"XFAIL\n\nselenium.common.exceptions.NoSuchElementException: Message: no such element: Unable to locate element: {\"method\":\"xpath\",\"selector\":\"(//a[@class='add-to-cart yellow-btn'])[1]\"}\n  (Session info: chrome=128.0.6613.119); For documentation on this error, please visit: https://www.selenium.dev/documentation/webdriver/troubleshooting/errors#no-such-element-exception\nStacktrace:\n#0 0x558a87c2d86a <unknown>\n#1 0x558a878fbe50 <unknown>\n#2 0x558a8794b644 <unknown>\n#3 0x558a8794b931 <unknown>\n#4 0x558a87991534 <unknown>\n#5 0x558a879704bd <unknown>\n#6 0x558a8798e9c6 <unknown>\n#7 0x558a87970233 <unknown>\n#8 0x558a8793e093 <unknown>\n#9 0x558a8793f09e <unknown>\n#10 0x558a87bf4acb <unknown>\n#11 0x558a87bf8a81 <unknown>\n#12 0x558a87be0695 <unknown>\n#13 0x558a87bf95f2 <unknown>\n#14 0x558a87bc586f <unknown>\n#15 0x558a87c1c668 <unknown>\n#16 0x558a87c1c832 <unknown>\n#17 0x558a87c2c65c <unknown>\n#18 0x7f53f99d1144 <unknown>","time":{"start":1725584657275,"stop":1725584657923,"duration":648}},{"uid":"d971bf1c6d46005e","reportUrl":"https://Nat754.github.io/StroyremAutomation/421//#testresult/d971bf1c6d46005e","status":"skipped","statusDetails":"XFAIL\n\nselenium.common.exceptions.NoSuchElementException: Message: no such element: Unable to locate element: {\"method\":\"xpath\",\"selector\":\"(//a[@class='add-to-cart yellow-btn'])[1]\"}\n  (Session info: chrome=128.0.6613.119); For documentation on this error, please visit: https://www.selenium.dev/documentation/webdriver/troubleshooting/errors#no-such-element-exception\nStacktrace:\n#0 0x5581969ce86a <unknown>\n#1 0x55819669ce50 <unknown>\n#2 0x5581966ec644 <unknown>\n#3 0x5581966ec931 <unknown>\n#4 0x558196732534 <unknown>\n#5 0x5581967114bd <unknown>\n#6 0x55819672f9c6 <unknown>\n#7 0x558196711233 <unknown>\n#8 0x5581966df093 <unknown>\n#9 0x5581966e009e <unknown>\n#10 0x558196995acb <unknown>\n#11 0x558196999a81 <unknown>\n#12 0x558196981695 <unknown>\n#13 0x55819699a5f2 <unknown>\n#14 0x55819696686f <unknown>\n#15 0x5581969bd668 <unknown>\n#16 0x5581969bd832 <unknown>\n#17 0x5581969cd65c <unknown>\n#18 0x7fa21360d144 <unknown>","time":{"start":1725498273454,"stop":1725498274120,"duration":666}},{"uid":"8ce2dad17c0e6d57","reportUrl":"https://Nat754.github.io/StroyremAutomation/420//#testresult/8ce2dad17c0e6d57","status":"skipped","statusDetails":"XFAIL\n\nselenium.common.exceptions.NoSuchElementException: Message: no such element: Unable to locate element: {\"method\":\"xpath\",\"selector\":\"(//a[@class='add-to-cart yellow-btn'])[1]\"}\n  (Session info: chrome=128.0.6613.119); For documentation on this error, please visit: https://www.selenium.dev/documentation/webdriver/troubleshooting/errors#no-such-element-exception\nStacktrace:\n#0 0x561376a7086a <unknown>\n#1 0x56137673ee50 <unknown>\n#2 0x56137678e644 <unknown>\n#3 0x56137678e931 <unknown>\n#4 0x5613767d4534 <unknown>\n#5 0x5613767b34bd <unknown>\n#6 0x5613767d19c6 <unknown>\n#7 0x5613767b3233 <unknown>\n#8 0x561376781093 <unknown>\n#9 0x56137678209e <unknown>\n#10 0x561376a37acb <unknown>\n#11 0x561376a3ba81 <unknown>\n#12 0x561376a23695 <unknown>\n#13 0x561376a3c5f2 <unknown>\n#14 0x561376a0886f <unknown>\n#15 0x561376a5f668 <unknown>\n#16 0x561376a5f832 <unknown>\n#17 0x561376a6f65c <unknown>\n#18 0x7f7467936134 <unknown>","time":{"start":1725411819566,"stop":1725411820347,"duration":781}},{"uid":"b60cbcd92e71db71","reportUrl":"https://Nat754.github.io/StroyremAutomation/419//#testresult/b60cbcd92e71db71","status":"skipped","statusDetails":"XFAIL\n\nselenium.common.exceptions.NoSuchElementException: Message: no such element: Unable to locate element: {\"method\":\"xpath\",\"selector\":\"(//a[@class='add-to-cart yellow-btn'])[1]\"}\n  (Session info: chrome=128.0.6613.119); For documentation on this error, please visit: https://www.selenium.dev/documentation/webdriver/troubleshooting/errors#no-such-element-exception\nStacktrace:\n#0 0x562dce60986a <unknown>\n#1 0x562dce2d7e50 <unknown>\n#2 0x562dce327644 <unknown>\n#3 0x562dce327931 <unknown>\n#4 0x562dce36d534 <unknown>\n#5 0x562dce34c4bd <unknown>\n#6 0x562dce36a9c6 <unknown>\n#7 0x562dce34c233 <unknown>\n#8 0x562dce31a093 <unknown>\n#9 0x562dce31b09e <unknown>\n#10 0x562dce5d0acb <unknown>\n#11 0x562dce5d4a81 <unknown>\n#12 0x562dce5bc695 <unknown>\n#13 0x562dce5d55f2 <unknown>\n#14 0x562dce5a186f <unknown>\n#15 0x562dce5f8668 <unknown>\n#16 0x562dce5f8832 <unknown>\n#17 0x562dce60865c <unknown>\n#18 0x7f0b3e672134 <unknown>","time":{"start":1725325370861,"stop":1725325371260,"duration":399}},{"uid":"e8056a20067794e3","reportUrl":"https://Nat754.github.io/StroyremAutomation/418//#testresult/e8056a20067794e3","status":"skipped","statusDetails":"XFAIL\n\nselenium.common.exceptions.NoSuchElementException: Message: no such element: Unable to locate element: {\"method\":\"xpath\",\"selector\":\"(//a[@class='add-to-cart yellow-btn'])[1]\"}\n  (Session info: chrome=128.0.6613.86); For documentation on this error, please visit: https://www.selenium.dev/documentation/webdriver/troubleshooting/errors#no-such-element-exception\nStacktrace:\n#0 0x556cf0fb48da <unknown>\n#1 0x556cf0c82e50 <unknown>\n#2 0x556cf0cd2644 <unknown>\n#3 0x556cf0cd2931 <unknown>\n#4 0x556cf0d18534 <unknown>\n#5 0x556cf0cf74bd <unknown>\n#6 0x556cf0d159c6 <unknown>\n#7 0x556cf0cf7233 <unknown>\n#8 0x556cf0cc5093 <unknown>\n#9 0x556cf0cc609e <unknown>\n#10 0x556cf0f7bb3b <unknown>\n#11 0x556cf0f7faf1 <unknown>\n#12 0x556cf0f67705 <unknown>\n#13 0x556cf0f80662 <unknown>\n#14 0x556cf0f4c8df <unknown>\n#15 0x556cf0fa36d8 <unknown>\n#16 0x556cf0fa38a2 <unknown>\n#17 0x556cf0fb36cc <unknown>\n#18 0x7fabb667b134 <unknown>","time":{"start":1725239080940,"stop":1725239081358,"duration":418}},{"uid":"3a638d0923056a47","reportUrl":"https://Nat754.github.io/StroyremAutomation/417//#testresult/3a638d0923056a47","status":"skipped","statusDetails":"XFAIL\n\nselenium.common.exceptions.NoSuchElementException: Message: no such element: Unable to locate element: {\"method\":\"xpath\",\"selector\":\"(//a[@class='add-to-cart yellow-btn'])[1]\"}\n  (Session info: chrome=128.0.6613.86); For documentation on this error, please visit: https://www.selenium.dev/documentation/webdriver/troubleshooting/errors#no-such-element-exception\nStacktrace:\n#0 0x559c1c50a8da <unknown>\n#1 0x559c1c1d8e50 <unknown>\n#2 0x559c1c228644 <unknown>\n#3 0x559c1c228931 <unknown>\n#4 0x559c1c26e534 <unknown>\n#5 0x559c1c24d4bd <unknown>\n#6 0x559c1c26b9c6 <unknown>\n#7 0x559c1c24d233 <unknown>\n#8 0x559c1c21b093 <unknown>\n#9 0x559c1c21c09e <unknown>\n#10 0x559c1c4d1b3b <unknown>\n#11 0x559c1c4d5af1 <unknown>\n#12 0x559c1c4bd705 <unknown>\n#13 0x559c1c4d6662 <unknown>\n#14 0x559c1c4a28df <unknown>\n#15 0x559c1c4f96d8 <unknown>\n#16 0x559c1c4f98a2 <unknown>\n#17 0x559c1c5096cc <unknown>\n#18 0x7f79326c1134 <unknown>","time":{"start":1725153258230,"stop":1725153259041,"duration":811}},{"uid":"9d9201724c2d67d1","reportUrl":"https://Nat754.github.io/StroyremAutomation/416//#testresult/9d9201724c2d67d1","status":"skipped","statusDetails":"XFAIL\n\nselenium.common.exceptions.NoSuchElementException: Message: no such element: Unable to locate element: {\"method\":\"xpath\",\"selector\":\"(//a[@class='add-to-cart yellow-btn'])[1]\"}\n  (Session info: chrome=128.0.6613.86); For documentation on this error, please visit: https://www.selenium.dev/documentation/webdriver/troubleshooting/errors#no-such-element-exception\nStacktrace:\n#0 0x559c044278da <unknown>\n#1 0x559c040f5e50 <unknown>\n#2 0x559c04145644 <unknown>\n#3 0x559c04145931 <unknown>\n#4 0x559c0418b534 <unknown>\n#5 0x559c0416a4bd <unknown>\n#6 0x559c041889c6 <unknown>\n#7 0x559c0416a233 <unknown>\n#8 0x559c04138093 <unknown>\n#9 0x559c0413909e <unknown>\n#10 0x559c043eeb3b <unknown>\n#11 0x559c043f2af1 <unknown>\n#12 0x559c043da705 <unknown>\n#13 0x559c043f3662 <unknown>\n#14 0x559c043bf8df <unknown>\n#15 0x559c044166d8 <unknown>\n#16 0x559c044168a2 <unknown>\n#17 0x559c044266cc <unknown>\n#18 0x7f0858a56134 <unknown>","time":{"start":1725066209971,"stop":1725066210453,"duration":482}},{"uid":"46bf47757922d6fc","reportUrl":"https://Nat754.github.io/StroyremAutomation/415//#testresult/46bf47757922d6fc","status":"skipped","statusDetails":"XFAIL\n\nselenium.common.exceptions.NoSuchElementException: Message: no such element: Unable to locate element: {\"method\":\"xpath\",\"selector\":\"(//a[@class='add-to-cart yellow-btn'])[1]\"}\n  (Session info: chrome=128.0.6613.86); For documentation on this error, please visit: https://www.selenium.dev/documentation/webdriver/troubleshooting/errors#no-such-element-exception\nStacktrace:\n#0 0x55ced6a298da <unknown>\n#1 0x55ced66f7e50 <unknown>\n#2 0x55ced6747644 <unknown>\n#3 0x55ced6747931 <unknown>\n#4 0x55ced678d534 <unknown>\n#5 0x55ced676c4bd <unknown>\n#6 0x55ced678a9c6 <unknown>\n#7 0x55ced676c233 <unknown>\n#8 0x55ced673a093 <unknown>\n#9 0x55ced673b09e <unknown>\n#10 0x55ced69f0b3b <unknown>\n#11 0x55ced69f4af1 <unknown>\n#12 0x55ced69dc705 <unknown>\n#13 0x55ced69f5662 <unknown>\n#14 0x55ced69c18df <unknown>\n#15 0x55ced6a186d8 <unknown>\n#16 0x55ced6a188a2 <unknown>\n#17 0x55ced6a286cc <unknown>\n#18 0x7f1da7f5e134 <unknown>","time":{"start":1724979796192,"stop":1724979796598,"duration":406}},{"uid":"9d5377a0693fe7a0","reportUrl":"https://Nat754.github.io/StroyremAutomation/414//#testresult/9d5377a0693fe7a0","status":"skipped","statusDetails":"XFAIL\n\nselenium.common.exceptions.NoSuchElementException: Message: no such element: Unable to locate element: {\"method\":\"xpath\",\"selector\":\"(//a[@class='add-to-cart yellow-btn'])[1]\"}\n  (Session info: chrome=128.0.6613.86); For documentation on this error, please visit: https://www.selenium.dev/documentation/webdriver/troubleshooting/errors#no-such-element-exception\nStacktrace:\n#0 0x561d76ee98da <unknown>\n#1 0x561d76bb7e50 <unknown>\n#2 0x561d76c07644 <unknown>\n#3 0x561d76c07931 <unknown>\n#4 0x561d76c4d534 <unknown>\n#5 0x561d76c2c4bd <unknown>\n#6 0x561d76c4a9c6 <unknown>\n#7 0x561d76c2c233 <unknown>\n#8 0x561d76bfa093 <unknown>\n#9 0x561d76bfb09e <unknown>\n#10 0x561d76eb0b3b <unknown>\n#11 0x561d76eb4af1 <unknown>\n#12 0x561d76e9c705 <unknown>\n#13 0x561d76eb5662 <unknown>\n#14 0x561d76e818df <unknown>\n#15 0x561d76ed86d8 <unknown>\n#16 0x561d76ed88a2 <unknown>\n#17 0x561d76ee86cc <unknown>\n#18 0x7f444504f134 <unknown>","time":{"start":1724893468089,"stop":1724893468712,"duration":623}},{"uid":"de63708586710831","reportUrl":"https://Nat754.github.io/StroyremAutomation/413//#testresult/de63708586710831","status":"skipped","statusDetails":"XFAIL\n\nselenium.common.exceptions.NoSuchElementException: Message: no such element: Unable to locate element: {\"method\":\"xpath\",\"selector\":\"(//a[@class='add-to-cart yellow-btn'])[1]\"}\n  (Session info: chrome=128.0.6613.84); For documentation on this error, please visit: https://www.selenium.dev/documentation/webdriver/troubleshooting/errors#no-such-element-exception\nStacktrace:\n#0 0x5557c2a3c81a <unknown>\n#1 0x5557c270ae50 <unknown>\n#2 0x5557c275a644 <unknown>\n#3 0x5557c275a931 <unknown>\n#4 0x5557c27a0534 <unknown>\n#5 0x5557c277f4bd <unknown>\n#6 0x5557c279d9c6 <unknown>\n#7 0x5557c277f233 <unknown>\n#8 0x5557c274d093 <unknown>\n#9 0x5557c274e09e <unknown>\n#10 0x5557c2a03a7b <unknown>\n#11 0x5557c2a07a31 <unknown>\n#12 0x5557c29ef645 <unknown>\n#13 0x5557c2a085a2 <unknown>\n#14 0x5557c29d481f <unknown>\n#15 0x5557c2a2b618 <unknown>\n#16 0x5557c2a2b7e2 <unknown>\n#17 0x5557c2a3b60c <unknown>\n#18 0x7f51d5967134 <unknown>","time":{"start":1724806966224,"stop":1724806966627,"duration":403}},{"uid":"a236a1c129e33a6d","reportUrl":"https://Nat754.github.io/StroyremAutomation/412//#testresult/a236a1c129e33a6d","status":"skipped","statusDetails":"XFAIL\n\nselenium.common.exceptions.NoSuchElementException: Message: no such element: Unable to locate element: {\"method\":\"xpath\",\"selector\":\"(//a[@class='add-to-cart yellow-btn'])[1]\"}\n  (Session info: chrome=128.0.6613.84); For documentation on this error, please visit: https://www.selenium.dev/documentation/webdriver/troubleshooting/errors#no-such-element-exception\nStacktrace:\n#0 0x560f4a27681a <unknown>\n#1 0x560f49f44e50 <unknown>\n#2 0x560f49f94644 <unknown>\n#3 0x560f49f94931 <unknown>\n#4 0x560f49fda534 <unknown>\n#5 0x560f49fb94bd <unknown>\n#6 0x560f49fd79c6 <unknown>\n#7 0x560f49fb9233 <unknown>\n#8 0x560f49f87093 <unknown>\n#9 0x560f49f8809e <unknown>\n#10 0x560f4a23da7b <unknown>\n#11 0x560f4a241a31 <unknown>\n#12 0x560f4a229645 <unknown>\n#13 0x560f4a2425a2 <unknown>\n#14 0x560f4a20e81f <unknown>\n#15 0x560f4a265618 <unknown>\n#16 0x560f4a2657e2 <unknown>\n#17 0x560f4a27560c <unknown>\n#18 0x7f2f53e3f134 <unknown>","time":{"start":1724720529914,"stop":1724720530346,"duration":432}},{"uid":"d6199555e095b3b0","reportUrl":"https://Nat754.github.io/StroyremAutomation/411//#testresult/d6199555e095b3b0","status":"skipped","statusDetails":"XFAIL\n\nselenium.common.exceptions.NoSuchElementException: Message: no such element: Unable to locate element: {\"method\":\"xpath\",\"selector\":\"(//a[@class='add-to-cart yellow-btn'])[1]\"}\n  (Session info: chrome=128.0.6613.84); For documentation on this error, please visit: https://www.selenium.dev/documentation/webdriver/troubleshooting/errors#no-such-element-exception\nStacktrace:\n#0 0x55a8d320e81a <unknown>\n#1 0x55a8d2edce50 <unknown>\n#2 0x55a8d2f2c644 <unknown>\n#3 0x55a8d2f2c931 <unknown>\n#4 0x55a8d2f72534 <unknown>\n#5 0x55a8d2f514bd <unknown>\n#6 0x55a8d2f6f9c6 <unknown>\n#7 0x55a8d2f51233 <unknown>\n#8 0x55a8d2f1f093 <unknown>\n#9 0x55a8d2f2009e <unknown>\n#10 0x55a8d31d5a7b <unknown>\n#11 0x55a8d31d9a31 <unknown>\n#12 0x55a8d31c1645 <unknown>\n#13 0x55a8d31da5a2 <unknown>\n#14 0x55a8d31a681f <unknown>\n#15 0x55a8d31fd618 <unknown>\n#16 0x55a8d31fd7e2 <unknown>\n#17 0x55a8d320d60c <unknown>\n#18 0x7fdbe3301134 <unknown>","time":{"start":1724634131983,"stop":1724634132578,"duration":595}},{"uid":"13900f6f96580898","reportUrl":"https://Nat754.github.io/StroyremAutomation/410//#testresult/13900f6f96580898","status":"skipped","statusDetails":"XFAIL\n\nselenium.common.exceptions.NoSuchElementException: Message: no such element: Unable to locate element: {\"method\":\"xpath\",\"selector\":\"(//a[@class='add-to-cart yellow-btn'])[1]\"}\n  (Session info: chrome=128.0.6613.84); For documentation on this error, please visit: https://www.selenium.dev/documentation/webdriver/troubleshooting/errors#no-such-element-exception\nStacktrace:\n#0 0x556d1e4b781a <unknown>\n#1 0x556d1e185e50 <unknown>\n#2 0x556d1e1d5644 <unknown>\n#3 0x556d1e1d5931 <unknown>\n#4 0x556d1e21b534 <unknown>\n#5 0x556d1e1fa4bd <unknown>\n#6 0x556d1e2189c6 <unknown>\n#7 0x556d1e1fa233 <unknown>\n#8 0x556d1e1c8093 <unknown>\n#9 0x556d1e1c909e <unknown>\n#10 0x556d1e47ea7b <unknown>\n#11 0x556d1e482a31 <unknown>\n#12 0x556d1e46a645 <unknown>\n#13 0x556d1e4835a2 <unknown>\n#14 0x556d1e44f81f <unknown>\n#15 0x556d1e4a6618 <unknown>\n#16 0x556d1e4a67e2 <unknown>\n#17 0x556d1e4b660c <unknown>\n#18 0x7f63b5e7a134 <unknown>","time":{"start":1724548005650,"stop":1724548006162,"duration":512}},{"uid":"6b9c36b25d701401","reportUrl":"https://Nat754.github.io/StroyremAutomation/409//#testresult/6b9c36b25d701401","status":"skipped","statusDetails":"XFAIL\n\nselenium.common.exceptions.NoSuchElementException: Message: no such element: Unable to locate element: {\"method\":\"xpath\",\"selector\":\"(//a[@class='add-to-cart yellow-btn'])[1]\"}\n  (Session info: chrome=128.0.6613.84); For documentation on this error, please visit: https://www.selenium.dev/documentation/webdriver/troubleshooting/errors#no-such-element-exception\nStacktrace:\n#0 0x55c03fb6081a <unknown>\n#1 0x55c03f82ee50 <unknown>\n#2 0x55c03f87e644 <unknown>\n#3 0x55c03f87e931 <unknown>\n#4 0x55c03f8c4534 <unknown>\n#5 0x55c03f8a34bd <unknown>\n#6 0x55c03f8c19c6 <unknown>\n#7 0x55c03f8a3233 <unknown>\n#8 0x55c03f871093 <unknown>\n#9 0x55c03f87209e <unknown>\n#10 0x55c03fb27a7b <unknown>\n#11 0x55c03fb2ba31 <unknown>\n#12 0x55c03fb13645 <unknown>\n#13 0x55c03fb2c5a2 <unknown>\n#14 0x55c03faf881f <unknown>\n#15 0x55c03fb4f618 <unknown>\n#16 0x55c03fb4f7e2 <unknown>\n#17 0x55c03fb5f60c <unknown>\n#18 0x7f16dbcab134 <unknown>","time":{"start":1724461237261,"stop":1724461237630,"duration":369}},{"uid":"8b5ead6fbb322929","reportUrl":"https://Nat754.github.io/StroyremAutomation/407//#testresult/8b5ead6fbb322929","status":"skipped","statusDetails":"XFAIL\n\nselenium.common.exceptions.NoSuchElementException: Message: no such element: Unable to locate element: {\"method\":\"xpath\",\"selector\":\"(//a[@class='add-to-cart yellow-btn'])[1]\"}\n  (Session info: chrome=128.0.6613.84); For documentation on this error, please visit: https://www.selenium.dev/documentation/webdriver/troubleshooting/errors#no-such-element-exception\nStacktrace:\n#0 0x564ede36881a <unknown>\n#1 0x564ede036e50 <unknown>\n#2 0x564ede086644 <unknown>\n#3 0x564ede086931 <unknown>\n#4 0x564ede0cc534 <unknown>\n#5 0x564ede0ab4bd <unknown>\n#6 0x564ede0c99c6 <unknown>\n#7 0x564ede0ab233 <unknown>\n#8 0x564ede079093 <unknown>\n#9 0x564ede07a09e <unknown>\n#10 0x564ede32fa7b <unknown>\n#11 0x564ede333a31 <unknown>\n#12 0x564ede31b645 <unknown>\n#13 0x564ede3345a2 <unknown>\n#14 0x564ede30081f <unknown>\n#15 0x564ede357618 <unknown>\n#16 0x564ede3577e2 <unknown>\n#17 0x564ede36760c <unknown>\n#18 0x7f57285f0134 <unknown>","time":{"start":1724288553073,"stop":1724288553553,"duration":480}},{"uid":"d739a0520a0a83fa","reportUrl":"https://Nat754.github.io/StroyremAutomation/406//#testresult/d739a0520a0a83fa","status":"skipped","statusDetails":"XFAIL\n\nselenium.common.exceptions.NoSuchElementException: Message: no such element: Unable to locate element: {\"method\":\"xpath\",\"selector\":\"(//a[@class='add-to-cart yellow-btn'])[1]\"}\n  (Session info: chrome-headless-shell=127.0.6533.119); For documentation on this error, please visit: https://www.selenium.dev/documentation/webdriver/troubleshooting/errors#no-such-element-exception\nStacktrace:\n#0 0x56109ad9e6ca <unknown>\n#1 0x56109aa6f600 <unknown>\n#2 0x56109aabebcb <unknown>\n#3 0x56109aabeeb1 <unknown>\n#4 0x56109ab02b24 <unknown>\n#5 0x56109aae18cd <unknown>\n#6 0x56109ab0004a <unknown>\n#7 0x56109aae1643 <unknown>\n#8 0x56109aab1d31 <unknown>\n#9 0x56109aab279e <unknown>\n#10 0x56109ad6625b <unknown>\n#11 0x56109ad6a1f2 <unknown>\n#12 0x56109ad53615 <unknown>\n#13 0x56109ad6ad82 <unknown>\n#14 0x56109ad3825f <unknown>\n#15 0x56109ad8de68 <unknown>\n#16 0x56109ad8e040 <unknown>\n#17 0x56109ad9d49c <unknown>\n#18 0x7fe3fedb4134 <unknown>","time":{"start":1724202118779,"stop":1724202119408,"duration":629}},{"uid":"7cf1f6f8b80c5fba","reportUrl":"https://Nat754.github.io/StroyremAutomation/405//#testresult/7cf1f6f8b80c5fba","status":"skipped","statusDetails":"XFAIL\n\nselenium.common.exceptions.NoSuchElementException: Message: no such element: Unable to locate element: {\"method\":\"xpath\",\"selector\":\"(//a[@class='add-to-cart yellow-btn'])[1]\"}\n  (Session info: chrome-headless-shell=127.0.6533.119); For documentation on this error, please visit: https://www.selenium.dev/documentation/webdriver/troubleshooting/errors#no-such-element-exception\nStacktrace:\n#0 0x5582584656ca <unknown>\n#1 0x558258136600 <unknown>\n#2 0x558258185bcb <unknown>\n#3 0x558258185eb1 <unknown>\n#4 0x5582581c9b24 <unknown>\n#5 0x5582581a88cd <unknown>\n#6 0x5582581c704a <unknown>\n#7 0x5582581a8643 <unknown>\n#8 0x558258178d31 <unknown>\n#9 0x55825817979e <unknown>\n#10 0x55825842d25b <unknown>\n#11 0x5582584311f2 <unknown>\n#12 0x55825841a615 <unknown>\n#13 0x558258431d82 <unknown>\n#14 0x5582583ff25f <unknown>\n#15 0x558258454e68 <unknown>\n#16 0x558258455040 <unknown>\n#17 0x55825846449c <unknown>\n#18 0x7f921a675134 <unknown>","time":{"start":1724115721813,"stop":1724115722442,"duration":629}}]},"tags":["@pytest.mark.xfail","smoke_test"]},"source":"fb5856e2bb9d9f02.json","parameterValues":["2190","16","'TD 005'","1590","'products/shtukaturka-gipsovaya-aksolit-m50-30-kg-mashinnogo-naneseniya'","600","'https://sandboxtest.stroyrem-nn.ru/'","500"]}