{"uid":"4e63e52349cb80b7","name":"TD 026 Доставка товара весом до 11000кг. в синей зоне","fullName":"tests.delivery.test_delivery_calculation.TestDeliveryPageCalculation#test_positive_delivery_blue_zone_smoke","historyId":"8627394da03f78c724b6bd3e4cd7677c","time":{"start":1712105562364,"stop":1712105562972,"duration":608},"status":"skipped","statusMessage":"XFAIL\n\nselenium.common.exceptions.NoSuchElementException: Message: no such element: Unable to locate element: {\"method\":\"xpath\",\"selector\":\"(//a[@class='add-to-cart yellow-btn'])[1]\"}\n  (Session info: chrome-headless-shell=123.0.6312.86); For documentation on this error, please visit: https://www.selenium.dev/documentation/webdriver/troubleshooting/errors#no-such-element-exception\nStacktrace:\n#0 0x55eaa2bdb8a3 <unknown>\n#1 0x55eaa28d18c6 <unknown>\n#2 0x55eaa291c618 <unknown>\n#3 0x55eaa291c6d1 <unknown>\n#4 0x55eaa295f744 <unknown>\n#5 0x55eaa293e5cd <unknown>\n#6 0x55eaa295cc19 <unknown>\n#7 0x55eaa293e343 <unknown>\n#8 0x55eaa290f593 <unknown>\n#9 0x55eaa290ff5e <unknown>\n#10 0x55eaa2b9f88b <unknown>\n#11 0x55eaa2ba37e5 <unknown>\n#12 0x55eaa2b8d5b1 <unknown>\n#13 0x55eaa2ba4372 <unknown>\n#14 0x55eaa2b728bf <unknown>\n#15 0x55eaa2bca768 <unknown>\n#16 0x55eaa2bca93b <unknown>\n#17 0x55eaa2bda9f4 <unknown>\n#18 0x7f0110804134 <unknown>","statusTrace":"self = <tests.delivery.test_delivery_calculation.TestDeliveryPageCalculation object at 0x7fa4aa047510>\ndriver = <selenium.webdriver.chrome.webdriver.WebDriver (session=\"7a6262f2641b549315c69bcd791b4b89\")>\nurl = 'https://sandboxtest.stroyrem-nn.ru/', case_id = 'TD 026'\nlink_item = 'products/shtukaturka-gipsovaya-aksolit-m50-30-kg-mashinnogo-naneseniya'\namount = 366, weight = 11000, standard = 8000, in_time = 14900, all_time = 19900\n\n    @pytest.mark.parametrize('case_id, link_item, amount, weight, standard, in_time, all_time', [\n        (\"TD 015\", bundeks_25, 1, 30, 650, 2390, 3320),\n        pytest.param(\n            \"TD 016\", aksolit_30, 8, 300, 650, 2390, 3320,\n            marks=pytest.mark.xfail(reson=\"Цена доставки: - - -\")\n        ),\n        (\"TD 017\", aksolit_30, 13, 400, 650, 2390, 3320),\n        (\"TD 018\", aksolit_30, 16, 500, 850, 2490, 3320),\n        (\"TD 019\", aksolit_30, 25, 1700, 1150, 2490, 3320),\n        (\"TD 020\", aksolit_30, 66, 2000, 1500, 2990, 3650),\n        (\"TD 021\", aksolit_30, 149, 4500, 2600, 4380, 4890),\n        (\"TD 022\", aksolit_30, 166, 5000, 2800, 5490, 5980),\n        pytest.param(\n            \"TD 023\", aksolit_30, 206, 6200, 3300, 7500, 8000,\n            marks=pytest.mark.xfail(reson=\"Цена доставки: 4300 9900 11440\")\n        ),\n        (\"TD 024\", aksolit_30, 299, 9000, 4300, 9900, 11440),\n        (\"TD 025\", aksolit_30, 333, 10000, 7000, 13900, 15900),\n        pytest.param(\n            \"TD 026\", aksolit_30, 366, 11000, 8000, 14900, 19900,\n            marks=pytest.mark.xfail(reson=\"Цена доставки: 7000 13900 15900\")\n        ),\n        pytest.param(\n            \"TD 027\", aksolit_30, 666, 20000, 14000, 16900, 23900,\n            marks=pytest.mark.xfail(reson=\"Цена доставки: 7000 13900 15900\")\n        )\n    ])\n    @pytest.mark.xfail\n    @pytest.mark.smoke_test\n    def test_positive_delivery_blue_zone_smoke(\n            self, driver, url, case_id, link_item, amount, weight, standard, in_time, all_time\n    ):\n        allure.dynamic.title(f\"{case_id} Доставка товара весом до {weight}кг. в синей зоне\")\n    \n        driver.get(f'{url}{link_item}')\n        item_page = ItemPage(driver)\n>       item_page.add_item_to_cart(amount).click_on_cart()\n\ntests/delivery/test_delivery_calculation.py:132: \n_ _ _ _ _ _ _ _ _ _ _ _ _ _ _ _ _ _ _ _ _ _ _ _ _ _ _ _ _ _ _ _ _ _ _ _ _ _ _ _ \npages/item_page.py:40: in add_item_to_cart\n    self.find_element(self._add_item).click()\nbase/seleniumbase.py:17: in find_element\n    return self.driver.find_element(*locator)\n/usr/local/lib/python3.11/site-packages/selenium/webdriver/remote/webdriver.py:739: in find_element\n    return self.execute(Command.FIND_ELEMENT, {\"using\": by, \"value\": value})[\"value\"]\n/usr/local/lib/python3.11/site-packages/selenium/webdriver/remote/webdriver.py:345: in execute\n    self.error_handler.check_response(response)\n_ _ _ _ _ _ _ _ _ _ _ _ _ _ _ _ _ _ _ _ _ _ _ _ _ _ _ _ _ _ _ _ _ _ _ _ _ _ _ _ \n\nself = <selenium.webdriver.remote.errorhandler.ErrorHandler object at 0x7fa4a9dbd850>\nresponse = {'status': 404, 'value': '{\"value\":{\"error\":\"no such element\",\"message\":\"no such element: Unable to locate element: {\\...\\\\n#16 0x55eaa2bca93b \\\\u003Cunknown>\\\\n#17 0x55eaa2bda9f4 \\\\u003Cunknown>\\\\n#18 0x7f0110804134 \\\\u003Cunknown>\\\\n\"}}'}\n\n    def check_response(self, response: Dict[str, Any]) -> None:\n        \"\"\"Checks that a JSON response from the WebDriver does not have an\n        error.\n    \n        :Args:\n         - response - The JSON response from the WebDriver server as a dictionary\n           object.\n    \n        :Raises: If the response contains an error message.\n        \"\"\"\n        status = response.get(\"status\", None)\n        if not status or status == ErrorCode.SUCCESS:\n            return\n        value = None\n        message = response.get(\"message\", \"\")\n        screen: str = response.get(\"screen\", \"\")\n        stacktrace = None\n        if isinstance(status, int):\n            value_json = response.get(\"value\", None)\n            if value_json and isinstance(value_json, str):\n                import json\n    \n                try:\n                    value = json.loads(value_json)\n                    if len(value) == 1:\n                        value = value[\"value\"]\n                    status = value.get(\"error\", None)\n                    if not status:\n                        status = value.get(\"status\", ErrorCode.UNKNOWN_ERROR)\n                        message = value.get(\"value\") or value.get(\"message\")\n                        if not isinstance(message, str):\n                            value = message\n                            message = message.get(\"message\")\n                    else:\n                        message = value.get(\"message\", None)\n                except ValueError:\n                    pass\n    \n        exception_class: Type[WebDriverException]\n        e = ErrorCode()\n        error_codes = [item for item in dir(e) if not item.startswith(\"__\")]\n        for error_code in error_codes:\n            error_info = getattr(ErrorCode, error_code)\n            if isinstance(error_info, list) and status in error_info:\n                exception_class = getattr(ExceptionMapping, error_code, WebDriverException)\n                break\n        else:\n            exception_class = WebDriverException\n    \n        if not value:\n            value = response[\"value\"]\n        if isinstance(value, str):\n            raise exception_class(value)\n        if message == \"\" and \"message\" in value:\n            message = value[\"message\"]\n    \n        screen = None  # type: ignore[assignment]\n        if \"screen\" in value:\n            screen = value[\"screen\"]\n    \n        stacktrace = None\n        st_value = value.get(\"stackTrace\") or value.get(\"stacktrace\")\n        if st_value:\n            if isinstance(st_value, str):\n                stacktrace = st_value.split(\"\\n\")\n            else:\n                stacktrace = []\n                try:\n                    for frame in st_value:\n                        line = frame.get(\"lineNumber\", \"\")\n                        file = frame.get(\"fileName\", \"<anonymous>\")\n                        if line:\n                            file = f\"{file}:{line}\"\n                        meth = frame.get(\"methodName\", \"<anonymous>\")\n                        if \"className\" in frame:\n                            meth = f\"{frame['className']}.{meth}\"\n                        msg = \"    at %s (%s)\"\n                        msg = msg % (meth, file)\n                        stacktrace.append(msg)\n                except TypeError:\n                    pass\n        if exception_class == UnexpectedAlertPresentException:\n            alert_text = None\n            if \"data\" in value:\n                alert_text = value[\"data\"].get(\"text\")\n            elif \"alert\" in value:\n                alert_text = value[\"alert\"].get(\"text\")\n            raise exception_class(message, screen, stacktrace, alert_text)  # type: ignore[call-arg]  # mypy is not smart enough here\n>       raise exception_class(message, screen, stacktrace)\nE       selenium.common.exceptions.NoSuchElementException: Message: no such element: Unable to locate element: {\"method\":\"xpath\",\"selector\":\"(//a[@class='add-to-cart yellow-btn'])[1]\"}\nE         (Session info: chrome-headless-shell=123.0.6312.86); For documentation on this error, please visit: https://www.selenium.dev/documentation/webdriver/troubleshooting/errors#no-such-element-exception\nE       Stacktrace:\nE       #0 0x55eaa2bdb8a3 <unknown>\nE       #1 0x55eaa28d18c6 <unknown>\nE       #2 0x55eaa291c618 <unknown>\nE       #3 0x55eaa291c6d1 <unknown>\nE       #4 0x55eaa295f744 <unknown>\nE       #5 0x55eaa293e5cd <unknown>\nE       #6 0x55eaa295cc19 <unknown>\nE       #7 0x55eaa293e343 <unknown>\nE       #8 0x55eaa290f593 <unknown>\nE       #9 0x55eaa290ff5e <unknown>\nE       #10 0x55eaa2b9f88b <unknown>\nE       #11 0x55eaa2ba37e5 <unknown>\nE       #12 0x55eaa2b8d5b1 <unknown>\nE       #13 0x55eaa2ba4372 <unknown>\nE       #14 0x55eaa2b728bf <unknown>\nE       #15 0x55eaa2bca768 <unknown>\nE       #16 0x55eaa2bca93b <unknown>\nE       #17 0x55eaa2bda9f4 <unknown>\nE       #18 0x7f0110804134 <unknown>\n\n/usr/local/lib/python3.11/site-packages/selenium/webdriver/remote/errorhandler.py:229: NoSuchElementException","flaky":false,"newFailed":false,"newBroken":false,"newPassed":false,"retriesCount":0,"retriesStatusChange":false,"beforeStages":[{"name":"_session_faker","time":{"start":1712105276808,"stop":1712105276874,"duration":66},"status":"passed","steps":[],"attachments":[],"parameters":[],"shouldDisplayMessage":false,"stepsCount":0,"attachmentsCount":0,"hasContent":false,"attachmentStep":false},{"name":"clear_allure_results_folder","time":{"start":1712105276874,"stop":1712105276874,"duration":0},"status":"passed","steps":[],"attachments":[],"parameters":[],"shouldDisplayMessage":false,"stepsCount":0,"attachmentsCount":0,"hasContent":false,"attachmentStep":false},{"name":"driver","time":{"start":1712105561575,"stop":1712105562363,"duration":788},"status":"passed","steps":[],"attachments":[],"parameters":[],"shouldDisplayMessage":false,"stepsCount":0,"attachmentsCount":0,"hasContent":false,"attachmentStep":false},{"name":"setup","time":{"start":1712105562363,"stop":1712105562363,"duration":0},"status":"passed","steps":[],"attachments":[],"parameters":[],"shouldDisplayMessage":false,"stepsCount":0,"attachmentsCount":0,"hasContent":false,"attachmentStep":false}],"testStage":{"status":"skipped","statusMessage":"XFAIL\n\nselenium.common.exceptions.NoSuchElementException: Message: no such element: Unable to locate element: {\"method\":\"xpath\",\"selector\":\"(//a[@class='add-to-cart yellow-btn'])[1]\"}\n  (Session info: chrome-headless-shell=123.0.6312.86); For documentation on this error, please visit: https://www.selenium.dev/documentation/webdriver/troubleshooting/errors#no-such-element-exception\nStacktrace:\n#0 0x55eaa2bdb8a3 <unknown>\n#1 0x55eaa28d18c6 <unknown>\n#2 0x55eaa291c618 <unknown>\n#3 0x55eaa291c6d1 <unknown>\n#4 0x55eaa295f744 <unknown>\n#5 0x55eaa293e5cd <unknown>\n#6 0x55eaa295cc19 <unknown>\n#7 0x55eaa293e343 <unknown>\n#8 0x55eaa290f593 <unknown>\n#9 0x55eaa290ff5e <unknown>\n#10 0x55eaa2b9f88b <unknown>\n#11 0x55eaa2ba37e5 <unknown>\n#12 0x55eaa2b8d5b1 <unknown>\n#13 0x55eaa2ba4372 <unknown>\n#14 0x55eaa2b728bf <unknown>\n#15 0x55eaa2bca768 <unknown>\n#16 0x55eaa2bca93b <unknown>\n#17 0x55eaa2bda9f4 <unknown>\n#18 0x7f0110804134 <unknown>","statusTrace":"self = <tests.delivery.test_delivery_calculation.TestDeliveryPageCalculation object at 0x7fa4aa047510>\ndriver = <selenium.webdriver.chrome.webdriver.WebDriver (session=\"7a6262f2641b549315c69bcd791b4b89\")>\nurl = 'https://sandboxtest.stroyrem-nn.ru/', case_id = 'TD 026'\nlink_item = 'products/shtukaturka-gipsovaya-aksolit-m50-30-kg-mashinnogo-naneseniya'\namount = 366, weight = 11000, standard = 8000, in_time = 14900, all_time = 19900\n\n    @pytest.mark.parametrize('case_id, link_item, amount, weight, standard, in_time, all_time', [\n        (\"TD 015\", bundeks_25, 1, 30, 650, 2390, 3320),\n        pytest.param(\n            \"TD 016\", aksolit_30, 8, 300, 650, 2390, 3320,\n            marks=pytest.mark.xfail(reson=\"Цена доставки: - - -\")\n        ),\n        (\"TD 017\", aksolit_30, 13, 400, 650, 2390, 3320),\n        (\"TD 018\", aksolit_30, 16, 500, 850, 2490, 3320),\n        (\"TD 019\", aksolit_30, 25, 1700, 1150, 2490, 3320),\n        (\"TD 020\", aksolit_30, 66, 2000, 1500, 2990, 3650),\n        (\"TD 021\", aksolit_30, 149, 4500, 2600, 4380, 4890),\n        (\"TD 022\", aksolit_30, 166, 5000, 2800, 5490, 5980),\n        pytest.param(\n            \"TD 023\", aksolit_30, 206, 6200, 3300, 7500, 8000,\n            marks=pytest.mark.xfail(reson=\"Цена доставки: 4300 9900 11440\")\n        ),\n        (\"TD 024\", aksolit_30, 299, 9000, 4300, 9900, 11440),\n        (\"TD 025\", aksolit_30, 333, 10000, 7000, 13900, 15900),\n        pytest.param(\n            \"TD 026\", aksolit_30, 366, 11000, 8000, 14900, 19900,\n            marks=pytest.mark.xfail(reson=\"Цена доставки: 7000 13900 15900\")\n        ),\n        pytest.param(\n            \"TD 027\", aksolit_30, 666, 20000, 14000, 16900, 23900,\n            marks=pytest.mark.xfail(reson=\"Цена доставки: 7000 13900 15900\")\n        )\n    ])\n    @pytest.mark.xfail\n    @pytest.mark.smoke_test\n    def test_positive_delivery_blue_zone_smoke(\n            self, driver, url, case_id, link_item, amount, weight, standard, in_time, all_time\n    ):\n        allure.dynamic.title(f\"{case_id} Доставка товара весом до {weight}кг. в синей зоне\")\n    \n        driver.get(f'{url}{link_item}')\n        item_page = ItemPage(driver)\n>       item_page.add_item_to_cart(amount).click_on_cart()\n\ntests/delivery/test_delivery_calculation.py:132: \n_ _ _ _ _ _ _ _ _ _ _ _ _ _ _ _ _ _ _ _ _ _ _ _ _ _ _ _ _ _ _ _ _ _ _ _ _ _ _ _ \npages/item_page.py:40: in add_item_to_cart\n    self.find_element(self._add_item).click()\nbase/seleniumbase.py:17: in find_element\n    return self.driver.find_element(*locator)\n/usr/local/lib/python3.11/site-packages/selenium/webdriver/remote/webdriver.py:739: in find_element\n    return self.execute(Command.FIND_ELEMENT, {\"using\": by, \"value\": value})[\"value\"]\n/usr/local/lib/python3.11/site-packages/selenium/webdriver/remote/webdriver.py:345: in execute\n    self.error_handler.check_response(response)\n_ _ _ _ _ _ _ _ _ _ _ _ _ _ _ _ _ _ _ _ _ _ _ _ _ _ _ _ _ _ _ _ _ _ _ _ _ _ _ _ \n\nself = <selenium.webdriver.remote.errorhandler.ErrorHandler object at 0x7fa4a9dbd850>\nresponse = {'status': 404, 'value': '{\"value\":{\"error\":\"no such element\",\"message\":\"no such element: Unable to locate element: {\\...\\\\n#16 0x55eaa2bca93b \\\\u003Cunknown>\\\\n#17 0x55eaa2bda9f4 \\\\u003Cunknown>\\\\n#18 0x7f0110804134 \\\\u003Cunknown>\\\\n\"}}'}\n\n    def check_response(self, response: Dict[str, Any]) -> None:\n        \"\"\"Checks that a JSON response from the WebDriver does not have an\n        error.\n    \n        :Args:\n         - response - The JSON response from the WebDriver server as a dictionary\n           object.\n    \n        :Raises: If the response contains an error message.\n        \"\"\"\n        status = response.get(\"status\", None)\n        if not status or status == ErrorCode.SUCCESS:\n            return\n        value = None\n        message = response.get(\"message\", \"\")\n        screen: str = response.get(\"screen\", \"\")\n        stacktrace = None\n        if isinstance(status, int):\n            value_json = response.get(\"value\", None)\n            if value_json and isinstance(value_json, str):\n                import json\n    \n                try:\n                    value = json.loads(value_json)\n                    if len(value) == 1:\n                        value = value[\"value\"]\n                    status = value.get(\"error\", None)\n                    if not status:\n                        status = value.get(\"status\", ErrorCode.UNKNOWN_ERROR)\n                        message = value.get(\"value\") or value.get(\"message\")\n                        if not isinstance(message, str):\n                            value = message\n                            message = message.get(\"message\")\n                    else:\n                        message = value.get(\"message\", None)\n                except ValueError:\n                    pass\n    \n        exception_class: Type[WebDriverException]\n        e = ErrorCode()\n        error_codes = [item for item in dir(e) if not item.startswith(\"__\")]\n        for error_code in error_codes:\n            error_info = getattr(ErrorCode, error_code)\n            if isinstance(error_info, list) and status in error_info:\n                exception_class = getattr(ExceptionMapping, error_code, WebDriverException)\n                break\n        else:\n            exception_class = WebDriverException\n    \n        if not value:\n            value = response[\"value\"]\n        if isinstance(value, str):\n            raise exception_class(value)\n        if message == \"\" and \"message\" in value:\n            message = value[\"message\"]\n    \n        screen = None  # type: ignore[assignment]\n        if \"screen\" in value:\n            screen = value[\"screen\"]\n    \n        stacktrace = None\n        st_value = value.get(\"stackTrace\") or value.get(\"stacktrace\")\n        if st_value:\n            if isinstance(st_value, str):\n                stacktrace = st_value.split(\"\\n\")\n            else:\n                stacktrace = []\n                try:\n                    for frame in st_value:\n                        line = frame.get(\"lineNumber\", \"\")\n                        file = frame.get(\"fileName\", \"<anonymous>\")\n                        if line:\n                            file = f\"{file}:{line}\"\n                        meth = frame.get(\"methodName\", \"<anonymous>\")\n                        if \"className\" in frame:\n                            meth = f\"{frame['className']}.{meth}\"\n                        msg = \"    at %s (%s)\"\n                        msg = msg % (meth, file)\n                        stacktrace.append(msg)\n                except TypeError:\n                    pass\n        if exception_class == UnexpectedAlertPresentException:\n            alert_text = None\n            if \"data\" in value:\n                alert_text = value[\"data\"].get(\"text\")\n            elif \"alert\" in value:\n                alert_text = value[\"alert\"].get(\"text\")\n            raise exception_class(message, screen, stacktrace, alert_text)  # type: ignore[call-arg]  # mypy is not smart enough here\n>       raise exception_class(message, screen, stacktrace)\nE       selenium.common.exceptions.NoSuchElementException: Message: no such element: Unable to locate element: {\"method\":\"xpath\",\"selector\":\"(//a[@class='add-to-cart yellow-btn'])[1]\"}\nE         (Session info: chrome-headless-shell=123.0.6312.86); For documentation on this error, please visit: https://www.selenium.dev/documentation/webdriver/troubleshooting/errors#no-such-element-exception\nE       Stacktrace:\nE       #0 0x55eaa2bdb8a3 <unknown>\nE       #1 0x55eaa28d18c6 <unknown>\nE       #2 0x55eaa291c618 <unknown>\nE       #3 0x55eaa291c6d1 <unknown>\nE       #4 0x55eaa295f744 <unknown>\nE       #5 0x55eaa293e5cd <unknown>\nE       #6 0x55eaa295cc19 <unknown>\nE       #7 0x55eaa293e343 <unknown>\nE       #8 0x55eaa290f593 <unknown>\nE       #9 0x55eaa290ff5e <unknown>\nE       #10 0x55eaa2b9f88b <unknown>\nE       #11 0x55eaa2ba37e5 <unknown>\nE       #12 0x55eaa2b8d5b1 <unknown>\nE       #13 0x55eaa2ba4372 <unknown>\nE       #14 0x55eaa2b728bf <unknown>\nE       #15 0x55eaa2bca768 <unknown>\nE       #16 0x55eaa2bca93b <unknown>\nE       #17 0x55eaa2bda9f4 <unknown>\nE       #18 0x7f0110804134 <unknown>\n\n/usr/local/lib/python3.11/site-packages/selenium/webdriver/remote/errorhandler.py:229: NoSuchElementException","steps":[{"name":"Добавляем товар в корзину в количестве 366","time":{"start":1712105562959,"stop":1712105562971,"duration":12},"status":"broken","statusMessage":"selenium.common.exceptions.NoSuchElementException: Message: no such element: Unable to locate element: {\"method\":\"xpath\",\"selector\":\"(//a[@class='add-to-cart yellow-btn'])[1]\"}\n  (Session info: chrome-headless-shell=123.0.6312.86); For documentation on this error, please visit: https://www.selenium.dev/documentation/webdriver/troubleshooting/errors#no-such-element-exception\nStacktrace:\n#0 0x55eaa2bdb8a3 <unknown>\n#1 0x55eaa28d18c6 <unknown>\n#2 0x55eaa291c618 <unknown>\n#3 0x55eaa291c6d1 <unknown>\n#4 0x55eaa295f744 <unknown>\n#5 0x55eaa293e5cd <unknown>\n#6 0x55eaa295cc19 <unknown>\n#7 0x55eaa293e343 <unknown>\n#8 0x55eaa290f593 <unknown>\n#9 0x55eaa290ff5e <unknown>\n#10 0x55eaa2b9f88b <unknown>\n#11 0x55eaa2ba37e5 <unknown>\n#12 0x55eaa2b8d5b1 <unknown>\n#13 0x55eaa2ba4372 <unknown>\n#14 0x55eaa2b728bf <unknown>\n#15 0x55eaa2bca768 <unknown>\n#16 0x55eaa2bca93b <unknown>\n#17 0x55eaa2bda9f4 <unknown>\n#18 0x7f0110804134 <unknown>\n\n","statusTrace":"  File \"/usr/local/lib/python3.11/site-packages/allure_commons/_allure.py\", line 192, in impl\n    return func(*a, **kw)\n           ^^^^^^^^^^^^^^\n  File \"/app/pages/item_page.py\", line 40, in add_item_to_cart\n    self.find_element(self._add_item).click()\n    ^^^^^^^^^^^^^^^^^^^^^^^^^^^^^^^^^\n  File \"/app/base/seleniumbase.py\", line 17, in find_element\n    return self.driver.find_element(*locator)\n           ^^^^^^^^^^^^^^^^^^^^^^^^^^^^^^^^^^\n  File \"/usr/local/lib/python3.11/site-packages/selenium/webdriver/remote/webdriver.py\", line 739, in find_element\n    return self.execute(Command.FIND_ELEMENT, {\"using\": by, \"value\": value})[\"value\"]\n           ^^^^^^^^^^^^^^^^^^^^^^^^^^^^^^^^^^^^^^^^^^^^^^^^^^^^^^^^^^^^^^^^^\n  File \"/usr/local/lib/python3.11/site-packages/selenium/webdriver/remote/webdriver.py\", line 345, in execute\n    self.error_handler.check_response(response)\n  File \"/usr/local/lib/python3.11/site-packages/selenium/webdriver/remote/errorhandler.py\", line 229, in check_response\n    raise exception_class(message, screen, stacktrace)\n","steps":[],"attachments":[],"parameters":[{"name":"amount","value":"366"}],"shouldDisplayMessage":true,"stepsCount":0,"attachmentsCount":0,"hasContent":true,"attachmentStep":false}],"attachments":[{"uid":"237bfe77826c6bf7","name":"Screenshot","source":"237bfe77826c6bf7.png","type":"image/png","size":5862},{"uid":"d8457e1c54d67e74","name":"HTML source","source":"d8457e1c54d67e74.html","type":"text/html","size":39}],"parameters":[],"shouldDisplayMessage":true,"stepsCount":1,"attachmentsCount":2,"hasContent":true,"attachmentStep":false},"afterStages":[{"name":"driver::0","time":{"start":1712105563068,"stop":1712105563128,"duration":60},"status":"passed","steps":[],"attachments":[],"parameters":[],"shouldDisplayMessage":false,"stepsCount":0,"attachmentsCount":0,"hasContent":false,"attachmentStep":false},{"name":"setup::0","time":{"start":1712105563068,"stop":1712105563068,"duration":0},"status":"passed","steps":[],"attachments":[],"parameters":[],"shouldDisplayMessage":false,"stepsCount":0,"attachmentsCount":0,"hasContent":false,"attachmentStep":false}],"labels":[{"name":"epic","value":"Delivery Page - calculation"},{"name":"tag","value":"smoke_test"},{"name":"tag","value":"@pytest.mark.xfail"},{"name":"parentSuite","value":"tests.delivery"},{"name":"suite","value":"test_delivery_calculation"},{"name":"subSuite","value":"TestDeliveryPageCalculation"},{"name":"host","value":"c8fd6bfbc484"},{"name":"thread","value":"1-MainThread"},{"name":"framework","value":"pytest"},{"name":"language","value":"cpython3"},{"name":"package","value":"tests.delivery.test_delivery_calculation"},{"name":"resultFormat","value":"allure2"}],"parameters":[{"name":"all_time","value":"19900"},{"name":"amount","value":"366"},{"name":"case_id","value":"'TD 026'"},{"name":"in_time","value":"14900"},{"name":"link_item","value":"'products/shtukaturka-gipsovaya-aksolit-m50-30-kg-mashinnogo-naneseniya'"},{"name":"standard","value":"8000"},{"name":"url","value":"'https://sandboxtest.stroyrem-nn.ru/'"},{"name":"weight","value":"11000"}],"links":[],"hidden":false,"retry":false,"extra":{"severity":"normal","retries":[],"categories":[],"history":{"statistic":{"failed":0,"broken":0,"skipped":218,"passed":0,"unknown":0,"total":218},"items":[{"uid":"f4adb8297c2334bf","reportUrl":"https://Nat754.github.io/StroyremAutomation/265//#testresult/f4adb8297c2334bf","status":"skipped","statusDetails":"XFAIL\n\nselenium.common.exceptions.NoSuchElementException: Message: no such element: Unable to locate element: {\"method\":\"xpath\",\"selector\":\"(//a[@class='add-to-cart yellow-btn'])[1]\"}\n  (Session info: chrome-headless-shell=123.0.6312.86); For documentation on this error, please visit: https://www.selenium.dev/documentation/webdriver/troubleshooting/errors#no-such-element-exception\nStacktrace:\n#0 0x55b87588a8a3 <unknown>\n#1 0x55b8755808c6 <unknown>\n#2 0x55b8755cb618 <unknown>\n#3 0x55b8755cb6d1 <unknown>\n#4 0x55b87560e744 <unknown>\n#5 0x55b8755ed5cd <unknown>\n#6 0x55b87560bc19 <unknown>\n#7 0x55b8755ed343 <unknown>\n#8 0x55b8755be593 <unknown>\n#9 0x55b8755bef5e <unknown>\n#10 0x55b87584e88b <unknown>\n#11 0x55b8758527e5 <unknown>\n#12 0x55b87583c5b1 <unknown>\n#13 0x55b875853372 <unknown>\n#14 0x55b8758218bf <unknown>\n#15 0x55b875879768 <unknown>\n#16 0x55b87587993b <unknown>\n#17 0x55b8758899f4 <unknown>\n#18 0x7f35c09fc134 <unknown>","time":{"start":1712019326353,"stop":1712019326648,"duration":295}},{"uid":"e9d94c8424f0deaa","reportUrl":"https://Nat754.github.io/StroyremAutomation/264//#testresult/e9d94c8424f0deaa","status":"skipped","statusDetails":"XFAIL\n\nselenium.common.exceptions.NoSuchElementException: Message: no such element: Unable to locate element: {\"method\":\"xpath\",\"selector\":\"(//a[@class='add-to-cart yellow-btn'])[1]\"}\n  (Session info: chrome-headless-shell=123.0.6312.86); For documentation on this error, please visit: https://www.selenium.dev/documentation/webdriver/troubleshooting/errors#no-such-element-exception\nStacktrace:\n#0 0x563ac8cce8a3 <unknown>\n#1 0x563ac89c48c6 <unknown>\n#2 0x563ac8a0f618 <unknown>\n#3 0x563ac8a0f6d1 <unknown>\n#4 0x563ac8a52744 <unknown>\n#5 0x563ac8a315cd <unknown>\n#6 0x563ac8a4fc19 <unknown>\n#7 0x563ac8a31343 <unknown>\n#8 0x563ac8a02593 <unknown>\n#9 0x563ac8a02f5e <unknown>\n#10 0x563ac8c9288b <unknown>\n#11 0x563ac8c967e5 <unknown>\n#12 0x563ac8c805b1 <unknown>\n#13 0x563ac8c97372 <unknown>\n#14 0x563ac8c658bf <unknown>\n#15 0x563ac8cbd768 <unknown>\n#16 0x563ac8cbd93b <unknown>\n#17 0x563ac8ccd9f4 <unknown>\n#18 0x7f49dae9f134 <unknown>","time":{"start":1711933143357,"stop":1711933143787,"duration":430}},{"uid":"74fab688f9c09fb4","reportUrl":"https://Nat754.github.io/StroyremAutomation/263//#testresult/74fab688f9c09fb4","status":"skipped","statusDetails":"XFAIL\n\nselenium.common.exceptions.NoSuchElementException: Message: no such element: Unable to locate element: {\"method\":\"xpath\",\"selector\":\"(//a[@class='add-to-cart yellow-btn'])[1]\"}\n  (Session info: chrome-headless-shell=123.0.6312.86); For documentation on this error, please visit: https://www.selenium.dev/documentation/webdriver/troubleshooting/errors#no-such-element-exception\nStacktrace:\n#0 0x557de2f4a8a3 <unknown>\n#1 0x557de2c408c6 <unknown>\n#2 0x557de2c8b618 <unknown>\n#3 0x557de2c8b6d1 <unknown>\n#4 0x557de2cce744 <unknown>\n#5 0x557de2cad5cd <unknown>\n#6 0x557de2ccbc19 <unknown>\n#7 0x557de2cad343 <unknown>\n#8 0x557de2c7e593 <unknown>\n#9 0x557de2c7ef5e <unknown>\n#10 0x557de2f0e88b <unknown>\n#11 0x557de2f127e5 <unknown>\n#12 0x557de2efc5b1 <unknown>\n#13 0x557de2f13372 <unknown>\n#14 0x557de2ee18bf <unknown>\n#15 0x557de2f39768 <unknown>\n#16 0x557de2f3993b <unknown>\n#17 0x557de2f499f4 <unknown>\n#18 0x7fad2b52b134 <unknown>","time":{"start":1711846694845,"stop":1711846695137,"duration":292}},{"uid":"4520a2cab2d50254","reportUrl":"https://Nat754.github.io/StroyremAutomation/262//#testresult/4520a2cab2d50254","status":"skipped","statusDetails":"XFAIL\n\nselenium.common.exceptions.NoSuchElementException: Message: no such element: Unable to locate element: {\"method\":\"xpath\",\"selector\":\"(//a[@class='add-to-cart yellow-btn'])[1]\"}\n  (Session info: chrome-headless-shell=123.0.6312.86); For documentation on this error, please visit: https://www.selenium.dev/documentation/webdriver/troubleshooting/errors#no-such-element-exception\nStacktrace:\n#0 0x5561bd40c8a3 <unknown>\n#1 0x5561bd1028c6 <unknown>\n#2 0x5561bd14d618 <unknown>\n#3 0x5561bd14d6d1 <unknown>\n#4 0x5561bd190744 <unknown>\n#5 0x5561bd16f5cd <unknown>\n#6 0x5561bd18dc19 <unknown>\n#7 0x5561bd16f343 <unknown>\n#8 0x5561bd140593 <unknown>\n#9 0x5561bd140f5e <unknown>\n#10 0x5561bd3d088b <unknown>\n#11 0x5561bd3d47e5 <unknown>\n#12 0x5561bd3be5b1 <unknown>\n#13 0x5561bd3d5372 <unknown>\n#14 0x5561bd3a38bf <unknown>\n#15 0x5561bd3fb768 <unknown>\n#16 0x5561bd3fb93b <unknown>\n#17 0x5561bd40b9f4 <unknown>\n#18 0x7f58062e0134 <unknown>","time":{"start":1711759847449,"stop":1711759847775,"duration":326}},{"uid":"55d09a98f1b702bd","reportUrl":"https://Nat754.github.io/StroyremAutomation/261//#testresult/55d09a98f1b702bd","status":"skipped","statusDetails":"XFAIL\n\nselenium.common.exceptions.NoSuchElementException: Message: no such element: Unable to locate element: {\"method\":\"xpath\",\"selector\":\"(//a[@class='add-to-cart yellow-btn'])[1]\"}\n  (Session info: chrome-headless-shell=123.0.6312.86); For documentation on this error, please visit: https://www.selenium.dev/documentation/webdriver/troubleshooting/errors#no-such-element-exception\nStacktrace:\n#0 0x55759c7b88a3 <unknown>\n#1 0x55759c4ae8c6 <unknown>\n#2 0x55759c4f9618 <unknown>\n#3 0x55759c4f96d1 <unknown>\n#4 0x55759c53c744 <unknown>\n#5 0x55759c51b5cd <unknown>\n#6 0x55759c539c19 <unknown>\n#7 0x55759c51b343 <unknown>\n#8 0x55759c4ec593 <unknown>\n#9 0x55759c4ecf5e <unknown>\n#10 0x55759c77c88b <unknown>\n#11 0x55759c7807e5 <unknown>\n#12 0x55759c76a5b1 <unknown>\n#13 0x55759c781372 <unknown>\n#14 0x55759c74f8bf <unknown>\n#15 0x55759c7a7768 <unknown>\n#16 0x55759c7a793b <unknown>\n#17 0x55759c7b79f4 <unknown>\n#18 0x7f21e3619134 <unknown>","time":{"start":1711673595718,"stop":1711673596038,"duration":320}},{"uid":"f1ad76af77dc4682","reportUrl":"https://Nat754.github.io/StroyremAutomation/260//#testresult/f1ad76af77dc4682","status":"skipped","statusDetails":"XFAIL\n\nselenium.common.exceptions.NoSuchElementException: Message: no such element: Unable to locate element: {\"method\":\"xpath\",\"selector\":\"(//a[@class='add-to-cart yellow-btn'])[1]\"}\n  (Session info: chrome-headless-shell=123.0.6312.86); For documentation on this error, please visit: https://www.selenium.dev/documentation/webdriver/troubleshooting/errors#no-such-element-exception\nStacktrace:\n#0 0x55ad442698a3 <unknown>\n#1 0x55ad43f5f8c6 <unknown>\n#2 0x55ad43faa618 <unknown>\n#3 0x55ad43faa6d1 <unknown>\n#4 0x55ad43fed744 <unknown>\n#5 0x55ad43fcc5cd <unknown>\n#6 0x55ad43feac19 <unknown>\n#7 0x55ad43fcc343 <unknown>\n#8 0x55ad43f9d593 <unknown>\n#9 0x55ad43f9df5e <unknown>\n#10 0x55ad4422d88b <unknown>\n#11 0x55ad442317e5 <unknown>\n#12 0x55ad4421b5b1 <unknown>\n#13 0x55ad44232372 <unknown>\n#14 0x55ad442008bf <unknown>\n#15 0x55ad44258768 <unknown>\n#16 0x55ad4425893b <unknown>\n#17 0x55ad442689f4 <unknown>\n#18 0x7f68fe86f134 <unknown>","time":{"start":1711587199623,"stop":1711587200145,"duration":522}},{"uid":"6c9c3042760dca4d","reportUrl":"https://Nat754.github.io/StroyremAutomation/259//#testresult/6c9c3042760dca4d","status":"skipped","statusDetails":"XFAIL\n\nselenium.common.exceptions.NoSuchElementException: Message: no such element: Unable to locate element: {\"method\":\"xpath\",\"selector\":\"(//a[@class='add-to-cart yellow-btn'])[1]\"}\n  (Session info: chrome-headless-shell=123.0.6312.86); For documentation on this error, please visit: https://www.selenium.dev/documentation/webdriver/troubleshooting/errors#no-such-element-exception\nStacktrace:\n#0 0x563e75d1b8a3 <unknown>\n#1 0x563e75a118c6 <unknown>\n#2 0x563e75a5c618 <unknown>\n#3 0x563e75a5c6d1 <unknown>\n#4 0x563e75a9f744 <unknown>\n#5 0x563e75a7e5cd <unknown>\n#6 0x563e75a9cc19 <unknown>\n#7 0x563e75a7e343 <unknown>\n#8 0x563e75a4f593 <unknown>\n#9 0x563e75a4ff5e <unknown>\n#10 0x563e75cdf88b <unknown>\n#11 0x563e75ce37e5 <unknown>\n#12 0x563e75ccd5b1 <unknown>\n#13 0x563e75ce4372 <unknown>\n#14 0x563e75cb28bf <unknown>\n#15 0x563e75d0a768 <unknown>\n#16 0x563e75d0a93b <unknown>\n#17 0x563e75d1a9f4 <unknown>\n#18 0x7f96e084c134 <unknown>","time":{"start":1711500752458,"stop":1711500752784,"duration":326}},{"uid":"8308ad66277c68b0","reportUrl":"https://Nat754.github.io/StroyremAutomation/258//#testresult/8308ad66277c68b0","status":"skipped","statusDetails":"XFAIL\n\nselenium.common.exceptions.NoSuchElementException: Message: no such element: Unable to locate element: {\"method\":\"xpath\",\"selector\":\"(//a[@class='add-to-cart yellow-btn'])[1]\"}\n  (Session info: chrome-headless-shell=123.0.6312.58); For documentation on this error, please visit: https://www.selenium.dev/documentation/webdriver/troubleshooting/errors#no-such-element-exception\nStacktrace:\n#0 0x559896595993 <unknown>\n#1 0x559896290136 <unknown>\n#2 0x5598962dad48 <unknown>\n#3 0x5598962dae01 <unknown>\n#4 0x55989631de44 <unknown>\n#5 0x5598962fccfd <unknown>\n#6 0x55989631b319 <unknown>\n#7 0x5598962fca73 <unknown>\n#8 0x5598962cdc93 <unknown>\n#9 0x5598962ce65e <unknown>\n#10 0x55989655a08b <unknown>\n#11 0x55989655e005 <unknown>\n#12 0x559896548491 <unknown>\n#13 0x55989655eb92 <unknown>\n#14 0x55989652d9ef <unknown>\n#15 0x559896584df8 <unknown>\n#16 0x559896584fcb <unknown>\n#17 0x559896594ae4 <unknown>\n#18 0x7f58d1cad134 <unknown>","time":{"start":1711414409688,"stop":1711414410070,"duration":382}},{"uid":"5f2c9ec8a9decb34","reportUrl":"https://Nat754.github.io/StroyremAutomation/257//#testresult/5f2c9ec8a9decb34","status":"skipped","statusDetails":"XFAIL\n\nselenium.common.exceptions.NoSuchElementException: Message: no such element: Unable to locate element: {\"method\":\"xpath\",\"selector\":\"(//a[@class='add-to-cart yellow-btn'])[1]\"}\n  (Session info: chrome-headless-shell=123.0.6312.58); For documentation on this error, please visit: https://www.selenium.dev/documentation/webdriver/troubleshooting/errors#no-such-element-exception\nStacktrace:\n#0 0x55b1a5ccd993 <unknown>\n#1 0x55b1a59c8136 <unknown>\n#2 0x55b1a5a12d48 <unknown>\n#3 0x55b1a5a12e01 <unknown>\n#4 0x55b1a5a55e44 <unknown>\n#5 0x55b1a5a34cfd <unknown>\n#6 0x55b1a5a53319 <unknown>\n#7 0x55b1a5a34a73 <unknown>\n#8 0x55b1a5a05c93 <unknown>\n#9 0x55b1a5a0665e <unknown>\n#10 0x55b1a5c9208b <unknown>\n#11 0x55b1a5c96005 <unknown>\n#12 0x55b1a5c80491 <unknown>\n#13 0x55b1a5c96b92 <unknown>\n#14 0x55b1a5c659ef <unknown>\n#15 0x55b1a5cbcdf8 <unknown>\n#16 0x55b1a5cbcfcb <unknown>\n#17 0x55b1a5cccae4 <unknown>\n#18 0x7f656797d134 <unknown>","time":{"start":1711328076653,"stop":1711328076935,"duration":282}},{"uid":"2f2b7cf680c7d89d","reportUrl":"https://Nat754.github.io/StroyremAutomation/256//#testresult/2f2b7cf680c7d89d","status":"skipped","statusDetails":"XFAIL\n\nselenium.common.exceptions.NoSuchElementException: Message: no such element: Unable to locate element: {\"method\":\"xpath\",\"selector\":\"(//a[@class='add-to-cart yellow-btn'])[1]\"}\n  (Session info: chrome-headless-shell=123.0.6312.58); For documentation on this error, please visit: https://www.selenium.dev/documentation/webdriver/troubleshooting/errors#no-such-element-exception\nStacktrace:\n#0 0x556b88be7993 <unknown>\n#1 0x556b888e2136 <unknown>\n#2 0x556b8892cd48 <unknown>\n#3 0x556b8892ce01 <unknown>\n#4 0x556b8896fe44 <unknown>\n#5 0x556b8894ecfd <unknown>\n#6 0x556b8896d319 <unknown>\n#7 0x556b8894ea73 <unknown>\n#8 0x556b8891fc93 <unknown>\n#9 0x556b8892065e <unknown>\n#10 0x556b88bac08b <unknown>\n#11 0x556b88bb0005 <unknown>\n#12 0x556b88b9a491 <unknown>\n#13 0x556b88bb0b92 <unknown>\n#14 0x556b88b7f9ef <unknown>\n#15 0x556b88bd6df8 <unknown>\n#16 0x556b88bd6fcb <unknown>\n#17 0x556b88be6ae4 <unknown>\n#18 0x7f0f92ef7134 <unknown>","time":{"start":1711241904467,"stop":1711241904794,"duration":327}},{"uid":"4c0e8690759fa5ac","reportUrl":"https://Nat754.github.io/StroyremAutomation/255//#testresult/4c0e8690759fa5ac","status":"skipped","statusDetails":"XFAIL\n\nselenium.common.exceptions.NoSuchElementException: Message: no such element: Unable to locate element: {\"method\":\"xpath\",\"selector\":\"(//a[@class='add-to-cart yellow-btn'])[1]\"}\n  (Session info: chrome-headless-shell=123.0.6312.58); For documentation on this error, please visit: https://www.selenium.dev/documentation/webdriver/troubleshooting/errors#no-such-element-exception\nStacktrace:\n#0 0x55b61caff993 <unknown>\n#1 0x55b61c7fa136 <unknown>\n#2 0x55b61c844d48 <unknown>\n#3 0x55b61c844e01 <unknown>\n#4 0x55b61c887e44 <unknown>\n#5 0x55b61c866cfd <unknown>\n#6 0x55b61c885319 <unknown>\n#7 0x55b61c866a73 <unknown>\n#8 0x55b61c837c93 <unknown>\n#9 0x55b61c83865e <unknown>\n#10 0x55b61cac408b <unknown>\n#11 0x55b61cac8005 <unknown>\n#12 0x55b61cab2491 <unknown>\n#13 0x55b61cac8b92 <unknown>\n#14 0x55b61ca979ef <unknown>\n#15 0x55b61caeedf8 <unknown>\n#16 0x55b61caeefcb <unknown>\n#17 0x55b61cafeae4 <unknown>\n#18 0x7f1cc562c134 <unknown>","time":{"start":1711155068330,"stop":1711155068623,"duration":293}},{"uid":"a6dfe4323a037bbd","reportUrl":"https://Nat754.github.io/StroyremAutomation/254//#testresult/a6dfe4323a037bbd","status":"skipped","statusDetails":"XFAIL\n\nselenium.common.exceptions.NoSuchElementException: Message: no such element: Unable to locate element: {\"method\":\"xpath\",\"selector\":\"(//a[@class='add-to-cart yellow-btn'])[1]\"}\n  (Session info: chrome-headless-shell=123.0.6312.58); For documentation on this error, please visit: https://www.selenium.dev/documentation/webdriver/troubleshooting/errors#no-such-element-exception\nStacktrace:\n#0 0x562d4770f993 <unknown>\n#1 0x562d4740a136 <unknown>\n#2 0x562d47454d48 <unknown>\n#3 0x562d47454e01 <unknown>\n#4 0x562d47497e44 <unknown>\n#5 0x562d47476cfd <unknown>\n#6 0x562d47495319 <unknown>\n#7 0x562d47476a73 <unknown>\n#8 0x562d47447c93 <unknown>\n#9 0x562d4744865e <unknown>\n#10 0x562d476d408b <unknown>\n#11 0x562d476d8005 <unknown>\n#12 0x562d476c2491 <unknown>\n#13 0x562d476d8b92 <unknown>\n#14 0x562d476a79ef <unknown>\n#15 0x562d476fedf8 <unknown>\n#16 0x562d476fefcb <unknown>\n#17 0x562d4770eae4 <unknown>\n#18 0x7f0654da0134 <unknown>","time":{"start":1711068735922,"stop":1711068736212,"duration":290}},{"uid":"8afda3e5af1a5235","reportUrl":"https://Nat754.github.io/StroyremAutomation/253//#testresult/8afda3e5af1a5235","status":"skipped","statusDetails":"XFAIL\n\nselenium.common.exceptions.NoSuchElementException: Message: no such element: Unable to locate element: {\"method\":\"xpath\",\"selector\":\"(//a[@class='add-to-cart yellow-btn'])[1]\"}\n  (Session info: chrome-headless-shell=123.0.6312.58); For documentation on this error, please visit: https://www.selenium.dev/documentation/webdriver/troubleshooting/errors#no-such-element-exception\nStacktrace:\n#0 0x562acf4da993 <unknown>\n#1 0x562acf1d5136 <unknown>\n#2 0x562acf21fd48 <unknown>\n#3 0x562acf21fe01 <unknown>\n#4 0x562acf262e44 <unknown>\n#5 0x562acf241cfd <unknown>\n#6 0x562acf260319 <unknown>\n#7 0x562acf241a73 <unknown>\n#8 0x562acf212c93 <unknown>\n#9 0x562acf21365e <unknown>\n#10 0x562acf49f08b <unknown>\n#11 0x562acf4a3005 <unknown>\n#12 0x562acf48d491 <unknown>\n#13 0x562acf4a3b92 <unknown>\n#14 0x562acf4729ef <unknown>\n#15 0x562acf4c9df8 <unknown>\n#16 0x562acf4c9fcb <unknown>\n#17 0x562acf4d9ae4 <unknown>\n#18 0x7f2438cc4134 <unknown>","time":{"start":1710982508230,"stop":1710982508654,"duration":424}},{"uid":"e6d126a68e7106da","reportUrl":"https://Nat754.github.io/StroyremAutomation/252//#testresult/e6d126a68e7106da","status":"skipped","statusDetails":"XFAIL\n\nselenium.common.exceptions.NoSuchElementException: Message: no such element: Unable to locate element: {\"method\":\"xpath\",\"selector\":\"(//a[@class='add-to-cart yellow-btn'])[1]\"}\n  (Session info: chrome-headless-shell=123.0.6312.58); For documentation on this error, please visit: https://www.selenium.dev/documentation/webdriver/troubleshooting/errors#no-such-element-exception\nStacktrace:\n#0 0x567d36195993 <unknown>\n#1 0x567d35e90136 <unknown>\n#2 0x567d35edad48 <unknown>\n#3 0x567d35edae01 <unknown>\n#4 0x567d35f1de44 <unknown>\n#5 0x567d35efccfd <unknown>\n#6 0x567d35f1b319 <unknown>\n#7 0x567d35efca73 <unknown>\n#8 0x567d35ecdc93 <unknown>\n#9 0x567d35ece65e <unknown>\n#10 0x567d3615a08b <unknown>\n#11 0x567d3615e005 <unknown>\n#12 0x567d36148491 <unknown>\n#13 0x567d3615eb92 <unknown>\n#14 0x567d3612d9ef <unknown>\n#15 0x567d36184df8 <unknown>\n#16 0x567d36184fcb <unknown>\n#17 0x567d36194ae4 <unknown>\n#18 0x72fe43109134 <unknown>","time":{"start":1710895908387,"stop":1710895909002,"duration":615}},{"uid":"c608c514c22d6929","reportUrl":"https://Nat754.github.io/StroyremAutomation/251//#testresult/c608c514c22d6929","status":"skipped","statusDetails":"XFAIL\n\nselenium.common.exceptions.NoSuchElementException: Message: no such element: Unable to locate element: {\"method\":\"xpath\",\"selector\":\"(//a[@class='add-to-cart yellow-btn'])[1]\"}\n  (Session info: chrome-headless-shell=122.0.6261.128); For documentation on this error, please visit: https://www.selenium.dev/documentation/webdriver/troubleshooting/errors#no-such-element-exception\nStacktrace:\n#0 0x55a405a4cf33 <unknown>\n#1 0x55a405744ce6 <unknown>\n#2 0x55a40578fe48 <unknown>\n#3 0x55a40578ff01 <unknown>\n#4 0x55a4057d33f4 <unknown>\n#5 0x55a4057b1edd <unknown>\n#6 0x55a4057d0899 <unknown>\n#7 0x55a4057b1c53 <unknown>\n#8 0x55a405782db3 <unknown>\n#9 0x55a40578377e <unknown>\n#10 0x55a405a1286b <unknown>\n#11 0x55a405a16885 <unknown>\n#12 0x55a405a00181 <unknown>\n#13 0x55a405a17412 <unknown>\n#14 0x55a4059e425f <unknown>\n#15 0x55a405a3b528 <unknown>\n#16 0x55a405a3b723 <unknown>\n#17 0x55a405a4c0e4 <unknown>\n#18 0x7fdbe0644134 <unknown>","time":{"start":1710809549580,"stop":1710809549977,"duration":397}},{"uid":"b4eb1ca5280c48bd","reportUrl":"https://Nat754.github.io/StroyremAutomation/250//#testresult/b4eb1ca5280c48bd","status":"skipped","statusDetails":"XFAIL\n\nselenium.common.exceptions.NoSuchElementException: Message: no such element: Unable to locate element: {\"method\":\"xpath\",\"selector\":\"(//a[@class='add-to-cart yellow-btn'])[1]\"}\n  (Session info: chrome-headless-shell=122.0.6261.128); For documentation on this error, please visit: https://www.selenium.dev/documentation/webdriver/troubleshooting/errors#no-such-element-exception\nStacktrace:\n#0 0x5a240ed6df33 <unknown>\n#1 0x5a240ea65ce6 <unknown>\n#2 0x5a240eab0e48 <unknown>\n#3 0x5a240eab0f01 <unknown>\n#4 0x5a240eaf43f4 <unknown>\n#5 0x5a240ead2edd <unknown>\n#6 0x5a240eaf1899 <unknown>\n#7 0x5a240ead2c53 <unknown>\n#8 0x5a240eaa3db3 <unknown>\n#9 0x5a240eaa477e <unknown>\n#10 0x5a240ed3386b <unknown>\n#11 0x5a240ed37885 <unknown>\n#12 0x5a240ed21181 <unknown>\n#13 0x5a240ed38412 <unknown>\n#14 0x5a240ed0525f <unknown>\n#15 0x5a240ed5c528 <unknown>\n#16 0x5a240ed5c723 <unknown>\n#17 0x5a240ed6d0e4 <unknown>\n#18 0x77278a628134 <unknown>","time":{"start":1710723202693,"stop":1710723203016,"duration":323}},{"uid":"43888dcfadce29f7","reportUrl":"https://Nat754.github.io/StroyremAutomation/249//#testresult/43888dcfadce29f7","status":"skipped","statusDetails":"XFAIL\n\nselenium.common.exceptions.NoSuchElementException: Message: no such element: Unable to locate element: {\"method\":\"xpath\",\"selector\":\"(//a[@class='add-to-cart yellow-btn'])[1]\"}\n  (Session info: chrome-headless-shell=122.0.6261.128); For documentation on this error, please visit: https://www.selenium.dev/documentation/webdriver/troubleshooting/errors#no-such-element-exception\nStacktrace:\n#0 0x64edc1ecff33 <unknown>\n#1 0x64edc1bc7ce6 <unknown>\n#2 0x64edc1c12e48 <unknown>\n#3 0x64edc1c12f01 <unknown>\n#4 0x64edc1c563f4 <unknown>\n#5 0x64edc1c34edd <unknown>\n#6 0x64edc1c53899 <unknown>\n#7 0x64edc1c34c53 <unknown>\n#8 0x64edc1c05db3 <unknown>\n#9 0x64edc1c0677e <unknown>\n#10 0x64edc1e9586b <unknown>\n#11 0x64edc1e99885 <unknown>\n#12 0x64edc1e83181 <unknown>\n#13 0x64edc1e9a412 <unknown>\n#14 0x64edc1e6725f <unknown>\n#15 0x64edc1ebe528 <unknown>\n#16 0x64edc1ebe723 <unknown>\n#17 0x64edc1ecf0e4 <unknown>\n#18 0x71e76377b134 <unknown>","time":{"start":1710636972641,"stop":1710636972929,"duration":288}},{"uid":"6578fde2b64a8ec0","reportUrl":"https://Nat754.github.io/StroyremAutomation/248//#testresult/6578fde2b64a8ec0","status":"skipped","statusDetails":"XFAIL\n\nselenium.common.exceptions.NoSuchElementException: Message: no such element: Unable to locate element: {\"method\":\"xpath\",\"selector\":\"(//a[@class='add-to-cart yellow-btn'])[1]\"}\n  (Session info: chrome-headless-shell=122.0.6261.128); For documentation on this error, please visit: https://www.selenium.dev/documentation/webdriver/troubleshooting/errors#no-such-element-exception\nStacktrace:\n#0 0x61976b003f33 <unknown>\n#1 0x61976acfbce6 <unknown>\n#2 0x61976ad46e48 <unknown>\n#3 0x61976ad46f01 <unknown>\n#4 0x61976ad8a3f4 <unknown>\n#5 0x61976ad68edd <unknown>\n#6 0x61976ad87899 <unknown>\n#7 0x61976ad68c53 <unknown>\n#8 0x61976ad39db3 <unknown>\n#9 0x61976ad3a77e <unknown>\n#10 0x61976afc986b <unknown>\n#11 0x61976afcd885 <unknown>\n#12 0x61976afb7181 <unknown>\n#13 0x61976afce412 <unknown>\n#14 0x61976af9b25f <unknown>\n#15 0x61976aff2528 <unknown>\n#16 0x61976aff2723 <unknown>\n#17 0x61976b0030e4 <unknown>\n#18 0x7fb5768fb134 <unknown>","time":{"start":1710550247916,"stop":1710550248204,"duration":288}},{"uid":"6bc1b96038e80353","reportUrl":"https://Nat754.github.io/StroyremAutomation/247//#testresult/6bc1b96038e80353","status":"skipped","statusDetails":"XFAIL\n\nselenium.common.exceptions.NoSuchElementException: Message: no such element: Unable to locate element: {\"method\":\"xpath\",\"selector\":\"(//a[@class='add-to-cart yellow-btn'])[1]\"}\n  (Session info: chrome-headless-shell=122.0.6261.128); For documentation on this error, please visit: https://www.selenium.dev/documentation/webdriver/troubleshooting/errors#no-such-element-exception\nStacktrace:\n#0 0x5d5628ac2f33 <unknown>\n#1 0x5d56287bace6 <unknown>\n#2 0x5d5628805e48 <unknown>\n#3 0x5d5628805f01 <unknown>\n#4 0x5d56288493f4 <unknown>\n#5 0x5d5628827edd <unknown>\n#6 0x5d5628846899 <unknown>\n#7 0x5d5628827c53 <unknown>\n#8 0x5d56287f8db3 <unknown>\n#9 0x5d56287f977e <unknown>\n#10 0x5d5628a8886b <unknown>\n#11 0x5d5628a8c885 <unknown>\n#12 0x5d5628a76181 <unknown>\n#13 0x5d5628a8d412 <unknown>\n#14 0x5d5628a5a25f <unknown>\n#15 0x5d5628ab1528 <unknown>\n#16 0x5d5628ab1723 <unknown>\n#17 0x5d5628ac20e4 <unknown>\n#18 0x77cf43ca4134 <unknown>","time":{"start":1710463986096,"stop":1710463986427,"duration":331}},{"uid":"e19f59bf525e79dd","reportUrl":"https://Nat754.github.io/StroyremAutomation/246//#testresult/e19f59bf525e79dd","status":"skipped","statusDetails":"XFAIL\n\nselenium.common.exceptions.NoSuchElementException: Message: no such element: Unable to locate element: {\"method\":\"xpath\",\"selector\":\"(//a[@class='add-to-cart yellow-btn'])[1]\"}\n  (Session info: chrome-headless-shell=122.0.6261.128); For documentation on this error, please visit: https://www.selenium.dev/documentation/webdriver/troubleshooting/errors#no-such-element-exception\nStacktrace:\n#0 0x57b0242bef33 <unknown>\n#1 0x57b023fb6ce6 <unknown>\n#2 0x57b024001e48 <unknown>\n#3 0x57b024001f01 <unknown>\n#4 0x57b0240453f4 <unknown>\n#5 0x57b024023edd <unknown>\n#6 0x57b024042899 <unknown>\n#7 0x57b024023c53 <unknown>\n#8 0x57b023ff4db3 <unknown>\n#9 0x57b023ff577e <unknown>\n#10 0x57b02428486b <unknown>\n#11 0x57b024288885 <unknown>\n#12 0x57b024272181 <unknown>\n#13 0x57b024289412 <unknown>\n#14 0x57b02425625f <unknown>\n#15 0x57b0242ad528 <unknown>\n#16 0x57b0242ad723 <unknown>\n#17 0x57b0242be0e4 <unknown>\n#18 0x7ced10df7134 <unknown>","time":{"start":1710377567032,"stop":1710377567371,"duration":339}}]},"tags":["@pytest.mark.xfail","smoke_test"]},"source":"4e63e52349cb80b7.json","parameterValues":["19900","366","'TD 026'","14900","'products/shtukaturka-gipsovaya-aksolit-m50-30-kg-mashinnogo-naneseniya'","8000","'https://sandboxtest.stroyrem-nn.ru/'","11000"]}