{"uid":"a6f5128f757cd8ed","name":"test_positive_delivery_green_zone_smoke[TD 008-products/shtukaturka-gipsovaya-aksolit-m50-30-kg-mashinnogo-naneseniya-149-4500-2300-3980-4490-https://sandboxtest.stroyrem-nn.ru/]","fullName":"tests.delivery.test_delivery_calculation.TestDeliveryPageCalculation#test_positive_delivery_green_zone_smoke","historyId":"a6e4f8846394d8afbfad6037346de2a8","time":{"start":1712105537791,"stop":1712105538309,"duration":518},"status":"skipped","statusMessage":"XFAIL\n\nselenium.common.exceptions.NoSuchElementException: Message: no such element: Unable to locate element: {\"method\":\"xpath\",\"selector\":\"(//a[@class='add-to-cart yellow-btn'])[1]\"}\n  (Session info: chrome-headless-shell=123.0.6312.86); For documentation on this error, please visit: https://www.selenium.dev/documentation/webdriver/troubleshooting/errors#no-such-element-exception\nStacktrace:\n#0 0x555992e3a8a3 <unknown>\n#1 0x555992b308c6 <unknown>\n#2 0x555992b7b618 <unknown>\n#3 0x555992b7b6d1 <unknown>\n#4 0x555992bbe744 <unknown>\n#5 0x555992b9d5cd <unknown>\n#6 0x555992bbbc19 <unknown>\n#7 0x555992b9d343 <unknown>\n#8 0x555992b6e593 <unknown>\n#9 0x555992b6ef5e <unknown>\n#10 0x555992dfe88b <unknown>\n#11 0x555992e027e5 <unknown>\n#12 0x555992dec5b1 <unknown>\n#13 0x555992e03372 <unknown>\n#14 0x555992dd18bf <unknown>\n#15 0x555992e29768 <unknown>\n#16 0x555992e2993b <unknown>\n#17 0x555992e399f4 <unknown>\n#18 0x7f9818a36134 <unknown>","statusTrace":"self = <tests.delivery.test_delivery_calculation.TestDeliveryPageCalculation object at 0x7fa4aa368950>\ndriver = <selenium.webdriver.chrome.webdriver.WebDriver (session=\"75e1dd36ebdfa772de2a0cb9f1e41ef4\")>\nurl = 'https://sandboxtest.stroyrem-nn.ru/', case_id = 'TD 008'\nlink_item = 'products/shtukaturka-gipsovaya-aksolit-m50-30-kg-mashinnogo-naneseniya'\namount = 149, weight = 4500, standard = 2300, in_time = 3980, all_time = 4490\n\n    @pytest.mark.parametrize('case_id, link_item, amount, weight, standard, in_time, all_time', [\n        (\"TD 001\", uroven_3000, 1, 30, 0, 1590, 2190),\n        (\"TD 002\", bundeks_25, 1, 30, 400, 1590, 2190),\n        (\"TD 003\", aksolit_30, 8, 300, 400, 1590, 2190),\n        (\"TD 004\", aksolit_30, 13, 400, 450, 1590, 2190),\n        (\"TD 005\", aksolit_30, 16, 500, 600, 1590, 2190),\n        (\"TD 006\", aksolit_30, 25, 1700, 990, 1990, 2480),\n        (\"TD 007\", aksolit_30, 66, 2000, 1300, 2490, 2980),\n        (\"TD 008\", aksolit_30, 149, 4500, 2300, 3980, 4490),\n        (\"TD 009\", aksolit_30, 166, 5000, 2500, 4990, 5480),\n        pytest.param(\n            \"TD 010\", aksolit_30, 206, 6200, 2900, 5570, 6120,\n            marks=pytest.mark.xfail(reson=\"Цена доставки 3600 7960 8980\")\n        ),\n        (\"TD 011\", aksolit_30, 299, 9000, 3600, 7960, 8980),\n        (\"TD 012\", aksolit_30, 333, 10000, 4450, 11990, 12500),\n        pytest.param(\n            \"TD 013\", aksolit_30, 366, 11000, 4800, 12450, 13480,\n            marks=pytest.mark.xfail(reason=\"Цена стандартной доставки 4450\")\n        ),\n        pytest.param(\n            \"TD 014\", aksolit_30, 666, 20000, 5400, 15600, 17490,\n            marks=pytest.mark.xfail(reason=\"Цена стандартной доставки 4450\")\n        )\n    ])\n    @pytest.mark.xfail\n    @pytest.mark.smoke_test\n    def test_positive_delivery_green_zone_smoke(\n            self, driver, url, case_id, link_item, amount, weight, standard, in_time, all_time\n    ):\n    \n        driver.get(f'{url}{link_item}')\n        item_page = ItemPage(driver)\n>       item_page.add_item_to_cart(amount).click_on_cart()\n\ntests/delivery/test_delivery_calculation.py:50: \n_ _ _ _ _ _ _ _ _ _ _ _ _ _ _ _ _ _ _ _ _ _ _ _ _ _ _ _ _ _ _ _ _ _ _ _ _ _ _ _ \npages/item_page.py:40: in add_item_to_cart\n    self.find_element(self._add_item).click()\nbase/seleniumbase.py:17: in find_element\n    return self.driver.find_element(*locator)\n/usr/local/lib/python3.11/site-packages/selenium/webdriver/remote/webdriver.py:739: in find_element\n    return self.execute(Command.FIND_ELEMENT, {\"using\": by, \"value\": value})[\"value\"]\n/usr/local/lib/python3.11/site-packages/selenium/webdriver/remote/webdriver.py:345: in execute\n    self.error_handler.check_response(response)\n_ _ _ _ _ _ _ _ _ _ _ _ _ _ _ _ _ _ _ _ _ _ _ _ _ _ _ _ _ _ _ _ _ _ _ _ _ _ _ _ \n\nself = <selenium.webdriver.remote.errorhandler.ErrorHandler object at 0x7fa4aadd74d0>\nresponse = {'status': 404, 'value': '{\"value\":{\"error\":\"no such element\",\"message\":\"no such element: Unable to locate element: {\\...\\\\n#16 0x555992e2993b \\\\u003Cunknown>\\\\n#17 0x555992e399f4 \\\\u003Cunknown>\\\\n#18 0x7f9818a36134 \\\\u003Cunknown>\\\\n\"}}'}\n\n    def check_response(self, response: Dict[str, Any]) -> None:\n        \"\"\"Checks that a JSON response from the WebDriver does not have an\n        error.\n    \n        :Args:\n         - response - The JSON response from the WebDriver server as a dictionary\n           object.\n    \n        :Raises: If the response contains an error message.\n        \"\"\"\n        status = response.get(\"status\", None)\n        if not status or status == ErrorCode.SUCCESS:\n            return\n        value = None\n        message = response.get(\"message\", \"\")\n        screen: str = response.get(\"screen\", \"\")\n        stacktrace = None\n        if isinstance(status, int):\n            value_json = response.get(\"value\", None)\n            if value_json and isinstance(value_json, str):\n                import json\n    \n                try:\n                    value = json.loads(value_json)\n                    if len(value) == 1:\n                        value = value[\"value\"]\n                    status = value.get(\"error\", None)\n                    if not status:\n                        status = value.get(\"status\", ErrorCode.UNKNOWN_ERROR)\n                        message = value.get(\"value\") or value.get(\"message\")\n                        if not isinstance(message, str):\n                            value = message\n                            message = message.get(\"message\")\n                    else:\n                        message = value.get(\"message\", None)\n                except ValueError:\n                    pass\n    \n        exception_class: Type[WebDriverException]\n        e = ErrorCode()\n        error_codes = [item for item in dir(e) if not item.startswith(\"__\")]\n        for error_code in error_codes:\n            error_info = getattr(ErrorCode, error_code)\n            if isinstance(error_info, list) and status in error_info:\n                exception_class = getattr(ExceptionMapping, error_code, WebDriverException)\n                break\n        else:\n            exception_class = WebDriverException\n    \n        if not value:\n            value = response[\"value\"]\n        if isinstance(value, str):\n            raise exception_class(value)\n        if message == \"\" and \"message\" in value:\n            message = value[\"message\"]\n    \n        screen = None  # type: ignore[assignment]\n        if \"screen\" in value:\n            screen = value[\"screen\"]\n    \n        stacktrace = None\n        st_value = value.get(\"stackTrace\") or value.get(\"stacktrace\")\n        if st_value:\n            if isinstance(st_value, str):\n                stacktrace = st_value.split(\"\\n\")\n            else:\n                stacktrace = []\n                try:\n                    for frame in st_value:\n                        line = frame.get(\"lineNumber\", \"\")\n                        file = frame.get(\"fileName\", \"<anonymous>\")\n                        if line:\n                            file = f\"{file}:{line}\"\n                        meth = frame.get(\"methodName\", \"<anonymous>\")\n                        if \"className\" in frame:\n                            meth = f\"{frame['className']}.{meth}\"\n                        msg = \"    at %s (%s)\"\n                        msg = msg % (meth, file)\n                        stacktrace.append(msg)\n                except TypeError:\n                    pass\n        if exception_class == UnexpectedAlertPresentException:\n            alert_text = None\n            if \"data\" in value:\n                alert_text = value[\"data\"].get(\"text\")\n            elif \"alert\" in value:\n                alert_text = value[\"alert\"].get(\"text\")\n            raise exception_class(message, screen, stacktrace, alert_text)  # type: ignore[call-arg]  # mypy is not smart enough here\n>       raise exception_class(message, screen, stacktrace)\nE       selenium.common.exceptions.NoSuchElementException: Message: no such element: Unable to locate element: {\"method\":\"xpath\",\"selector\":\"(//a[@class='add-to-cart yellow-btn'])[1]\"}\nE         (Session info: chrome-headless-shell=123.0.6312.86); For documentation on this error, please visit: https://www.selenium.dev/documentation/webdriver/troubleshooting/errors#no-such-element-exception\nE       Stacktrace:\nE       #0 0x555992e3a8a3 <unknown>\nE       #1 0x555992b308c6 <unknown>\nE       #2 0x555992b7b618 <unknown>\nE       #3 0x555992b7b6d1 <unknown>\nE       #4 0x555992bbe744 <unknown>\nE       #5 0x555992b9d5cd <unknown>\nE       #6 0x555992bbbc19 <unknown>\nE       #7 0x555992b9d343 <unknown>\nE       #8 0x555992b6e593 <unknown>\nE       #9 0x555992b6ef5e <unknown>\nE       #10 0x555992dfe88b <unknown>\nE       #11 0x555992e027e5 <unknown>\nE       #12 0x555992dec5b1 <unknown>\nE       #13 0x555992e03372 <unknown>\nE       #14 0x555992dd18bf <unknown>\nE       #15 0x555992e29768 <unknown>\nE       #16 0x555992e2993b <unknown>\nE       #17 0x555992e399f4 <unknown>\nE       #18 0x7f9818a36134 <unknown>\n\n/usr/local/lib/python3.11/site-packages/selenium/webdriver/remote/errorhandler.py:229: NoSuchElementException","flaky":false,"newFailed":false,"newBroken":false,"newPassed":false,"retriesCount":0,"retriesStatusChange":false,"beforeStages":[{"name":"_session_faker","time":{"start":1712105276808,"stop":1712105276874,"duration":66},"status":"passed","steps":[],"attachments":[],"parameters":[],"shouldDisplayMessage":false,"stepsCount":0,"attachmentsCount":0,"hasContent":false,"attachmentStep":false},{"name":"clear_allure_results_folder","time":{"start":1712105276874,"stop":1712105276874,"duration":0},"status":"passed","steps":[],"attachments":[],"parameters":[],"shouldDisplayMessage":false,"stepsCount":0,"attachmentsCount":0,"hasContent":false,"attachmentStep":false},{"name":"driver","time":{"start":1712105537010,"stop":1712105537790,"duration":780},"status":"passed","steps":[],"attachments":[],"parameters":[],"shouldDisplayMessage":false,"stepsCount":0,"attachmentsCount":0,"hasContent":false,"attachmentStep":false},{"name":"setup","time":{"start":1712105537790,"stop":1712105537791,"duration":1},"status":"passed","steps":[],"attachments":[],"parameters":[],"shouldDisplayMessage":false,"stepsCount":0,"attachmentsCount":0,"hasContent":false,"attachmentStep":false}],"testStage":{"status":"skipped","statusMessage":"XFAIL\n\nselenium.common.exceptions.NoSuchElementException: Message: no such element: Unable to locate element: {\"method\":\"xpath\",\"selector\":\"(//a[@class='add-to-cart yellow-btn'])[1]\"}\n  (Session info: chrome-headless-shell=123.0.6312.86); For documentation on this error, please visit: https://www.selenium.dev/documentation/webdriver/troubleshooting/errors#no-such-element-exception\nStacktrace:\n#0 0x555992e3a8a3 <unknown>\n#1 0x555992b308c6 <unknown>\n#2 0x555992b7b618 <unknown>\n#3 0x555992b7b6d1 <unknown>\n#4 0x555992bbe744 <unknown>\n#5 0x555992b9d5cd <unknown>\n#6 0x555992bbbc19 <unknown>\n#7 0x555992b9d343 <unknown>\n#8 0x555992b6e593 <unknown>\n#9 0x555992b6ef5e <unknown>\n#10 0x555992dfe88b <unknown>\n#11 0x555992e027e5 <unknown>\n#12 0x555992dec5b1 <unknown>\n#13 0x555992e03372 <unknown>\n#14 0x555992dd18bf <unknown>\n#15 0x555992e29768 <unknown>\n#16 0x555992e2993b <unknown>\n#17 0x555992e399f4 <unknown>\n#18 0x7f9818a36134 <unknown>","statusTrace":"self = <tests.delivery.test_delivery_calculation.TestDeliveryPageCalculation object at 0x7fa4aa368950>\ndriver = <selenium.webdriver.chrome.webdriver.WebDriver (session=\"75e1dd36ebdfa772de2a0cb9f1e41ef4\")>\nurl = 'https://sandboxtest.stroyrem-nn.ru/', case_id = 'TD 008'\nlink_item = 'products/shtukaturka-gipsovaya-aksolit-m50-30-kg-mashinnogo-naneseniya'\namount = 149, weight = 4500, standard = 2300, in_time = 3980, all_time = 4490\n\n    @pytest.mark.parametrize('case_id, link_item, amount, weight, standard, in_time, all_time', [\n        (\"TD 001\", uroven_3000, 1, 30, 0, 1590, 2190),\n        (\"TD 002\", bundeks_25, 1, 30, 400, 1590, 2190),\n        (\"TD 003\", aksolit_30, 8, 300, 400, 1590, 2190),\n        (\"TD 004\", aksolit_30, 13, 400, 450, 1590, 2190),\n        (\"TD 005\", aksolit_30, 16, 500, 600, 1590, 2190),\n        (\"TD 006\", aksolit_30, 25, 1700, 990, 1990, 2480),\n        (\"TD 007\", aksolit_30, 66, 2000, 1300, 2490, 2980),\n        (\"TD 008\", aksolit_30, 149, 4500, 2300, 3980, 4490),\n        (\"TD 009\", aksolit_30, 166, 5000, 2500, 4990, 5480),\n        pytest.param(\n            \"TD 010\", aksolit_30, 206, 6200, 2900, 5570, 6120,\n            marks=pytest.mark.xfail(reson=\"Цена доставки 3600 7960 8980\")\n        ),\n        (\"TD 011\", aksolit_30, 299, 9000, 3600, 7960, 8980),\n        (\"TD 012\", aksolit_30, 333, 10000, 4450, 11990, 12500),\n        pytest.param(\n            \"TD 013\", aksolit_30, 366, 11000, 4800, 12450, 13480,\n            marks=pytest.mark.xfail(reason=\"Цена стандартной доставки 4450\")\n        ),\n        pytest.param(\n            \"TD 014\", aksolit_30, 666, 20000, 5400, 15600, 17490,\n            marks=pytest.mark.xfail(reason=\"Цена стандартной доставки 4450\")\n        )\n    ])\n    @pytest.mark.xfail\n    @pytest.mark.smoke_test\n    def test_positive_delivery_green_zone_smoke(\n            self, driver, url, case_id, link_item, amount, weight, standard, in_time, all_time\n    ):\n    \n        driver.get(f'{url}{link_item}')\n        item_page = ItemPage(driver)\n>       item_page.add_item_to_cart(amount).click_on_cart()\n\ntests/delivery/test_delivery_calculation.py:50: \n_ _ _ _ _ _ _ _ _ _ _ _ _ _ _ _ _ _ _ _ _ _ _ _ _ _ _ _ _ _ _ _ _ _ _ _ _ _ _ _ \npages/item_page.py:40: in add_item_to_cart\n    self.find_element(self._add_item).click()\nbase/seleniumbase.py:17: in find_element\n    return self.driver.find_element(*locator)\n/usr/local/lib/python3.11/site-packages/selenium/webdriver/remote/webdriver.py:739: in find_element\n    return self.execute(Command.FIND_ELEMENT, {\"using\": by, \"value\": value})[\"value\"]\n/usr/local/lib/python3.11/site-packages/selenium/webdriver/remote/webdriver.py:345: in execute\n    self.error_handler.check_response(response)\n_ _ _ _ _ _ _ _ _ _ _ _ _ _ _ _ _ _ _ _ _ _ _ _ _ _ _ _ _ _ _ _ _ _ _ _ _ _ _ _ \n\nself = <selenium.webdriver.remote.errorhandler.ErrorHandler object at 0x7fa4aadd74d0>\nresponse = {'status': 404, 'value': '{\"value\":{\"error\":\"no such element\",\"message\":\"no such element: Unable to locate element: {\\...\\\\n#16 0x555992e2993b \\\\u003Cunknown>\\\\n#17 0x555992e399f4 \\\\u003Cunknown>\\\\n#18 0x7f9818a36134 \\\\u003Cunknown>\\\\n\"}}'}\n\n    def check_response(self, response: Dict[str, Any]) -> None:\n        \"\"\"Checks that a JSON response from the WebDriver does not have an\n        error.\n    \n        :Args:\n         - response - The JSON response from the WebDriver server as a dictionary\n           object.\n    \n        :Raises: If the response contains an error message.\n        \"\"\"\n        status = response.get(\"status\", None)\n        if not status or status == ErrorCode.SUCCESS:\n            return\n        value = None\n        message = response.get(\"message\", \"\")\n        screen: str = response.get(\"screen\", \"\")\n        stacktrace = None\n        if isinstance(status, int):\n            value_json = response.get(\"value\", None)\n            if value_json and isinstance(value_json, str):\n                import json\n    \n                try:\n                    value = json.loads(value_json)\n                    if len(value) == 1:\n                        value = value[\"value\"]\n                    status = value.get(\"error\", None)\n                    if not status:\n                        status = value.get(\"status\", ErrorCode.UNKNOWN_ERROR)\n                        message = value.get(\"value\") or value.get(\"message\")\n                        if not isinstance(message, str):\n                            value = message\n                            message = message.get(\"message\")\n                    else:\n                        message = value.get(\"message\", None)\n                except ValueError:\n                    pass\n    \n        exception_class: Type[WebDriverException]\n        e = ErrorCode()\n        error_codes = [item for item in dir(e) if not item.startswith(\"__\")]\n        for error_code in error_codes:\n            error_info = getattr(ErrorCode, error_code)\n            if isinstance(error_info, list) and status in error_info:\n                exception_class = getattr(ExceptionMapping, error_code, WebDriverException)\n                break\n        else:\n            exception_class = WebDriverException\n    \n        if not value:\n            value = response[\"value\"]\n        if isinstance(value, str):\n            raise exception_class(value)\n        if message == \"\" and \"message\" in value:\n            message = value[\"message\"]\n    \n        screen = None  # type: ignore[assignment]\n        if \"screen\" in value:\n            screen = value[\"screen\"]\n    \n        stacktrace = None\n        st_value = value.get(\"stackTrace\") or value.get(\"stacktrace\")\n        if st_value:\n            if isinstance(st_value, str):\n                stacktrace = st_value.split(\"\\n\")\n            else:\n                stacktrace = []\n                try:\n                    for frame in st_value:\n                        line = frame.get(\"lineNumber\", \"\")\n                        file = frame.get(\"fileName\", \"<anonymous>\")\n                        if line:\n                            file = f\"{file}:{line}\"\n                        meth = frame.get(\"methodName\", \"<anonymous>\")\n                        if \"className\" in frame:\n                            meth = f\"{frame['className']}.{meth}\"\n                        msg = \"    at %s (%s)\"\n                        msg = msg % (meth, file)\n                        stacktrace.append(msg)\n                except TypeError:\n                    pass\n        if exception_class == UnexpectedAlertPresentException:\n            alert_text = None\n            if \"data\" in value:\n                alert_text = value[\"data\"].get(\"text\")\n            elif \"alert\" in value:\n                alert_text = value[\"alert\"].get(\"text\")\n            raise exception_class(message, screen, stacktrace, alert_text)  # type: ignore[call-arg]  # mypy is not smart enough here\n>       raise exception_class(message, screen, stacktrace)\nE       selenium.common.exceptions.NoSuchElementException: Message: no such element: Unable to locate element: {\"method\":\"xpath\",\"selector\":\"(//a[@class='add-to-cart yellow-btn'])[1]\"}\nE         (Session info: chrome-headless-shell=123.0.6312.86); For documentation on this error, please visit: https://www.selenium.dev/documentation/webdriver/troubleshooting/errors#no-such-element-exception\nE       Stacktrace:\nE       #0 0x555992e3a8a3 <unknown>\nE       #1 0x555992b308c6 <unknown>\nE       #2 0x555992b7b618 <unknown>\nE       #3 0x555992b7b6d1 <unknown>\nE       #4 0x555992bbe744 <unknown>\nE       #5 0x555992b9d5cd <unknown>\nE       #6 0x555992bbbc19 <unknown>\nE       #7 0x555992b9d343 <unknown>\nE       #8 0x555992b6e593 <unknown>\nE       #9 0x555992b6ef5e <unknown>\nE       #10 0x555992dfe88b <unknown>\nE       #11 0x555992e027e5 <unknown>\nE       #12 0x555992dec5b1 <unknown>\nE       #13 0x555992e03372 <unknown>\nE       #14 0x555992dd18bf <unknown>\nE       #15 0x555992e29768 <unknown>\nE       #16 0x555992e2993b <unknown>\nE       #17 0x555992e399f4 <unknown>\nE       #18 0x7f9818a36134 <unknown>\n\n/usr/local/lib/python3.11/site-packages/selenium/webdriver/remote/errorhandler.py:229: NoSuchElementException","steps":[{"name":"Добавляем товар в корзину в количестве 149","time":{"start":1712105538297,"stop":1712105538309,"duration":12},"status":"broken","statusMessage":"selenium.common.exceptions.NoSuchElementException: Message: no such element: Unable to locate element: {\"method\":\"xpath\",\"selector\":\"(//a[@class='add-to-cart yellow-btn'])[1]\"}\n  (Session info: chrome-headless-shell=123.0.6312.86); For documentation on this error, please visit: https://www.selenium.dev/documentation/webdriver/troubleshooting/errors#no-such-element-exception\nStacktrace:\n#0 0x555992e3a8a3 <unknown>\n#1 0x555992b308c6 <unknown>\n#2 0x555992b7b618 <unknown>\n#3 0x555992b7b6d1 <unknown>\n#4 0x555992bbe744 <unknown>\n#5 0x555992b9d5cd <unknown>\n#6 0x555992bbbc19 <unknown>\n#7 0x555992b9d343 <unknown>\n#8 0x555992b6e593 <unknown>\n#9 0x555992b6ef5e <unknown>\n#10 0x555992dfe88b <unknown>\n#11 0x555992e027e5 <unknown>\n#12 0x555992dec5b1 <unknown>\n#13 0x555992e03372 <unknown>\n#14 0x555992dd18bf <unknown>\n#15 0x555992e29768 <unknown>\n#16 0x555992e2993b <unknown>\n#17 0x555992e399f4 <unknown>\n#18 0x7f9818a36134 <unknown>\n\n","statusTrace":"  File \"/usr/local/lib/python3.11/site-packages/allure_commons/_allure.py\", line 192, in impl\n    return func(*a, **kw)\n           ^^^^^^^^^^^^^^\n  File \"/app/pages/item_page.py\", line 40, in add_item_to_cart\n    self.find_element(self._add_item).click()\n    ^^^^^^^^^^^^^^^^^^^^^^^^^^^^^^^^^\n  File \"/app/base/seleniumbase.py\", line 17, in find_element\n    return self.driver.find_element(*locator)\n           ^^^^^^^^^^^^^^^^^^^^^^^^^^^^^^^^^^\n  File \"/usr/local/lib/python3.11/site-packages/selenium/webdriver/remote/webdriver.py\", line 739, in find_element\n    return self.execute(Command.FIND_ELEMENT, {\"using\": by, \"value\": value})[\"value\"]\n           ^^^^^^^^^^^^^^^^^^^^^^^^^^^^^^^^^^^^^^^^^^^^^^^^^^^^^^^^^^^^^^^^^\n  File \"/usr/local/lib/python3.11/site-packages/selenium/webdriver/remote/webdriver.py\", line 345, in execute\n    self.error_handler.check_response(response)\n  File \"/usr/local/lib/python3.11/site-packages/selenium/webdriver/remote/errorhandler.py\", line 229, in check_response\n    raise exception_class(message, screen, stacktrace)\n","steps":[],"attachments":[],"parameters":[{"name":"amount","value":"149"}],"shouldDisplayMessage":true,"stepsCount":0,"attachmentsCount":0,"hasContent":true,"attachmentStep":false}],"attachments":[{"uid":"bde149a4e94b013f","name":"Screenshot","source":"bde149a4e94b013f.png","type":"image/png","size":5862},{"uid":"16adbd9ec4416815","name":"HTML source","source":"16adbd9ec4416815.html","type":"text/html","size":39}],"parameters":[],"shouldDisplayMessage":true,"stepsCount":1,"attachmentsCount":2,"hasContent":true,"attachmentStep":false},"afterStages":[{"name":"setup::0","time":{"start":1712105538406,"stop":1712105538406,"duration":0},"status":"passed","steps":[],"attachments":[],"parameters":[],"shouldDisplayMessage":false,"stepsCount":0,"attachmentsCount":0,"hasContent":false,"attachmentStep":false},{"name":"driver::0","time":{"start":1712105538407,"stop":1712105538464,"duration":57},"status":"passed","steps":[],"attachments":[],"parameters":[],"shouldDisplayMessage":false,"stepsCount":0,"attachmentsCount":0,"hasContent":false,"attachmentStep":false}],"labels":[{"name":"epic","value":"Delivery Page - calculation"},{"name":"tag","value":"smoke_test"},{"name":"tag","value":"@pytest.mark.xfail"},{"name":"parentSuite","value":"tests.delivery"},{"name":"suite","value":"test_delivery_calculation"},{"name":"subSuite","value":"TestDeliveryPageCalculation"},{"name":"host","value":"c8fd6bfbc484"},{"name":"thread","value":"1-MainThread"},{"name":"framework","value":"pytest"},{"name":"language","value":"cpython3"},{"name":"package","value":"tests.delivery.test_delivery_calculation"},{"name":"resultFormat","value":"allure2"}],"parameters":[{"name":"all_time","value":"4490"},{"name":"amount","value":"149"},{"name":"case_id","value":"'TD 008'"},{"name":"in_time","value":"3980"},{"name":"link_item","value":"'products/shtukaturka-gipsovaya-aksolit-m50-30-kg-mashinnogo-naneseniya'"},{"name":"standard","value":"2300"},{"name":"url","value":"'https://sandboxtest.stroyrem-nn.ru/'"},{"name":"weight","value":"4500"}],"links":[],"hidden":false,"retry":false,"extra":{"severity":"normal","retries":[],"categories":[],"history":{"statistic":{"failed":0,"broken":13,"skipped":205,"passed":0,"unknown":0,"total":218},"items":[{"uid":"7d565830f8c58c6","reportUrl":"https://Nat754.github.io/StroyremAutomation/265//#testresult/7d565830f8c58c6","status":"skipped","statusDetails":"XFAIL\n\nselenium.common.exceptions.NoSuchElementException: Message: no such element: Unable to locate element: {\"method\":\"xpath\",\"selector\":\"(//a[@class='add-to-cart yellow-btn'])[1]\"}\n  (Session info: chrome-headless-shell=123.0.6312.86); For documentation on this error, please visit: https://www.selenium.dev/documentation/webdriver/troubleshooting/errors#no-such-element-exception\nStacktrace:\n#0 0x5596169aa8a3 <unknown>\n#1 0x5596166a08c6 <unknown>\n#2 0x5596166eb618 <unknown>\n#3 0x5596166eb6d1 <unknown>\n#4 0x55961672e744 <unknown>\n#5 0x55961670d5cd <unknown>\n#6 0x55961672bc19 <unknown>\n#7 0x55961670d343 <unknown>\n#8 0x5596166de593 <unknown>\n#9 0x5596166def5e <unknown>\n#10 0x55961696e88b <unknown>\n#11 0x5596169727e5 <unknown>\n#12 0x55961695c5b1 <unknown>\n#13 0x559616973372 <unknown>\n#14 0x5596169418bf <unknown>\n#15 0x559616999768 <unknown>\n#16 0x55961699993b <unknown>\n#17 0x5596169a99f4 <unknown>\n#18 0x7f4a9966d134 <unknown>","time":{"start":1712019302041,"stop":1712019302583,"duration":542}},{"uid":"cc4e1253ef36b164","reportUrl":"https://Nat754.github.io/StroyremAutomation/264//#testresult/cc4e1253ef36b164","status":"skipped","statusDetails":"XFAIL\n\nselenium.common.exceptions.NoSuchElementException: Message: no such element: Unable to locate element: {\"method\":\"xpath\",\"selector\":\"(//a[@class='add-to-cart yellow-btn'])[1]\"}\n  (Session info: chrome-headless-shell=123.0.6312.86); For documentation on this error, please visit: https://www.selenium.dev/documentation/webdriver/troubleshooting/errors#no-such-element-exception\nStacktrace:\n#0 0x55a0edb828a3 <unknown>\n#1 0x55a0ed8788c6 <unknown>\n#2 0x55a0ed8c3618 <unknown>\n#3 0x55a0ed8c36d1 <unknown>\n#4 0x55a0ed906744 <unknown>\n#5 0x55a0ed8e55cd <unknown>\n#6 0x55a0ed903c19 <unknown>\n#7 0x55a0ed8e5343 <unknown>\n#8 0x55a0ed8b6593 <unknown>\n#9 0x55a0ed8b6f5e <unknown>\n#10 0x55a0edb4688b <unknown>\n#11 0x55a0edb4a7e5 <unknown>\n#12 0x55a0edb345b1 <unknown>\n#13 0x55a0edb4b372 <unknown>\n#14 0x55a0edb198bf <unknown>\n#15 0x55a0edb71768 <unknown>\n#16 0x55a0edb7193b <unknown>\n#17 0x55a0edb819f4 <unknown>\n#18 0x7f3b5804e134 <unknown>","time":{"start":1711933117576,"stop":1711933118182,"duration":606}},{"uid":"732a755ff5677608","reportUrl":"https://Nat754.github.io/StroyremAutomation/263//#testresult/732a755ff5677608","status":"skipped","statusDetails":"XFAIL\n\nselenium.common.exceptions.NoSuchElementException: Message: no such element: Unable to locate element: {\"method\":\"xpath\",\"selector\":\"(//a[@class='add-to-cart yellow-btn'])[1]\"}\n  (Session info: chrome-headless-shell=123.0.6312.86); For documentation on this error, please visit: https://www.selenium.dev/documentation/webdriver/troubleshooting/errors#no-such-element-exception\nStacktrace:\n#0 0x564816ada8a3 <unknown>\n#1 0x5648167d08c6 <unknown>\n#2 0x56481681b618 <unknown>\n#3 0x56481681b6d1 <unknown>\n#4 0x56481685e744 <unknown>\n#5 0x56481683d5cd <unknown>\n#6 0x56481685bc19 <unknown>\n#7 0x56481683d343 <unknown>\n#8 0x56481680e593 <unknown>\n#9 0x56481680ef5e <unknown>\n#10 0x564816a9e88b <unknown>\n#11 0x564816aa27e5 <unknown>\n#12 0x564816a8c5b1 <unknown>\n#13 0x564816aa3372 <unknown>\n#14 0x564816a718bf <unknown>\n#15 0x564816ac9768 <unknown>\n#16 0x564816ac993b <unknown>\n#17 0x564816ad99f4 <unknown>\n#18 0x7f5b5389d134 <unknown>","time":{"start":1711846670381,"stop":1711846670919,"duration":538}},{"uid":"8565fa1a3c9f05e7","reportUrl":"https://Nat754.github.io/StroyremAutomation/262//#testresult/8565fa1a3c9f05e7","status":"skipped","statusDetails":"XFAIL\n\nselenium.common.exceptions.NoSuchElementException: Message: no such element: Unable to locate element: {\"method\":\"xpath\",\"selector\":\"(//a[@class='add-to-cart yellow-btn'])[1]\"}\n  (Session info: chrome-headless-shell=123.0.6312.86); For documentation on this error, please visit: https://www.selenium.dev/documentation/webdriver/troubleshooting/errors#no-such-element-exception\nStacktrace:\n#0 0x55af552e38a3 <unknown>\n#1 0x55af54fd98c6 <unknown>\n#2 0x55af55024618 <unknown>\n#3 0x55af550246d1 <unknown>\n#4 0x55af55067744 <unknown>\n#5 0x55af550465cd <unknown>\n#6 0x55af55064c19 <unknown>\n#7 0x55af55046343 <unknown>\n#8 0x55af55017593 <unknown>\n#9 0x55af55017f5e <unknown>\n#10 0x55af552a788b <unknown>\n#11 0x55af552ab7e5 <unknown>\n#12 0x55af552955b1 <unknown>\n#13 0x55af552ac372 <unknown>\n#14 0x55af5527a8bf <unknown>\n#15 0x55af552d2768 <unknown>\n#16 0x55af552d293b <unknown>\n#17 0x55af552e29f4 <unknown>\n#18 0x7fbd5e3c7134 <unknown>","time":{"start":1711759824084,"stop":1711759824542,"duration":458}},{"uid":"7f48ceb5b13c7b8f","reportUrl":"https://Nat754.github.io/StroyremAutomation/261//#testresult/7f48ceb5b13c7b8f","status":"skipped","statusDetails":"XFAIL\n\nselenium.common.exceptions.NoSuchElementException: Message: no such element: Unable to locate element: {\"method\":\"xpath\",\"selector\":\"(//a[@class='add-to-cart yellow-btn'])[1]\"}\n  (Session info: chrome-headless-shell=123.0.6312.86); For documentation on this error, please visit: https://www.selenium.dev/documentation/webdriver/troubleshooting/errors#no-such-element-exception\nStacktrace:\n#0 0x55f38bd9d8a3 <unknown>\n#1 0x55f38ba938c6 <unknown>\n#2 0x55f38bade618 <unknown>\n#3 0x55f38bade6d1 <unknown>\n#4 0x55f38bb21744 <unknown>\n#5 0x55f38bb005cd <unknown>\n#6 0x55f38bb1ec19 <unknown>\n#7 0x55f38bb00343 <unknown>\n#8 0x55f38bad1593 <unknown>\n#9 0x55f38bad1f5e <unknown>\n#10 0x55f38bd6188b <unknown>\n#11 0x55f38bd657e5 <unknown>\n#12 0x55f38bd4f5b1 <unknown>\n#13 0x55f38bd66372 <unknown>\n#14 0x55f38bd348bf <unknown>\n#15 0x55f38bd8c768 <unknown>\n#16 0x55f38bd8c93b <unknown>\n#17 0x55f38bd9c9f4 <unknown>\n#18 0x7f68a7b1a134 <unknown>","time":{"start":1711673572668,"stop":1711673573124,"duration":456}},{"uid":"a9deaa1a32c0795d","reportUrl":"https://Nat754.github.io/StroyremAutomation/260//#testresult/a9deaa1a32c0795d","status":"skipped","statusDetails":"XFAIL\n\nselenium.common.exceptions.NoSuchElementException: Message: no such element: Unable to locate element: {\"method\":\"xpath\",\"selector\":\"(//a[@class='add-to-cart yellow-btn'])[1]\"}\n  (Session info: chrome-headless-shell=123.0.6312.86); For documentation on this error, please visit: https://www.selenium.dev/documentation/webdriver/troubleshooting/errors#no-such-element-exception\nStacktrace:\n#0 0x55c3c526f8a3 <unknown>\n#1 0x55c3c4f658c6 <unknown>\n#2 0x55c3c4fb0618 <unknown>\n#3 0x55c3c4fb06d1 <unknown>\n#4 0x55c3c4ff3744 <unknown>\n#5 0x55c3c4fd25cd <unknown>\n#6 0x55c3c4ff0c19 <unknown>\n#7 0x55c3c4fd2343 <unknown>\n#8 0x55c3c4fa3593 <unknown>\n#9 0x55c3c4fa3f5e <unknown>\n#10 0x55c3c523388b <unknown>\n#11 0x55c3c52377e5 <unknown>\n#12 0x55c3c52215b1 <unknown>\n#13 0x55c3c5238372 <unknown>\n#14 0x55c3c52068bf <unknown>\n#15 0x55c3c525e768 <unknown>\n#16 0x55c3c525e93b <unknown>\n#17 0x55c3c526e9f4 <unknown>\n#18 0x7f9c0b62f134 <unknown>","time":{"start":1711587175896,"stop":1711587176428,"duration":532}},{"uid":"bb022cba65d90cb5","reportUrl":"https://Nat754.github.io/StroyremAutomation/259//#testresult/bb022cba65d90cb5","status":"skipped","statusDetails":"XFAIL\n\nselenium.common.exceptions.NoSuchElementException: Message: no such element: Unable to locate element: {\"method\":\"xpath\",\"selector\":\"(//a[@class='add-to-cart yellow-btn'])[1]\"}\n  (Session info: chrome-headless-shell=123.0.6312.86); For documentation on this error, please visit: https://www.selenium.dev/documentation/webdriver/troubleshooting/errors#no-such-element-exception\nStacktrace:\n#0 0x563b7c3bc8a3 <unknown>\n#1 0x563b7c0b28c6 <unknown>\n#2 0x563b7c0fd618 <unknown>\n#3 0x563b7c0fd6d1 <unknown>\n#4 0x563b7c140744 <unknown>\n#5 0x563b7c11f5cd <unknown>\n#6 0x563b7c13dc19 <unknown>\n#7 0x563b7c11f343 <unknown>\n#8 0x563b7c0f0593 <unknown>\n#9 0x563b7c0f0f5e <unknown>\n#10 0x563b7c38088b <unknown>\n#11 0x563b7c3847e5 <unknown>\n#12 0x563b7c36e5b1 <unknown>\n#13 0x563b7c385372 <unknown>\n#14 0x563b7c3538bf <unknown>\n#15 0x563b7c3ab768 <unknown>\n#16 0x563b7c3ab93b <unknown>\n#17 0x563b7c3bb9f4 <unknown>\n#18 0x7f707e773134 <unknown>","time":{"start":1711500728584,"stop":1711500729283,"duration":699}},{"uid":"9f245aaa2365d929","reportUrl":"https://Nat754.github.io/StroyremAutomation/258//#testresult/9f245aaa2365d929","status":"skipped","statusDetails":"XFAIL\n\nselenium.common.exceptions.NoSuchElementException: Message: no such element: Unable to locate element: {\"method\":\"xpath\",\"selector\":\"(//a[@class='add-to-cart yellow-btn'])[1]\"}\n  (Session info: chrome-headless-shell=123.0.6312.58); For documentation on this error, please visit: https://www.selenium.dev/documentation/webdriver/troubleshooting/errors#no-such-element-exception\nStacktrace:\n#0 0x55b504a3f993 <unknown>\n#1 0x55b50473a136 <unknown>\n#2 0x55b504784d48 <unknown>\n#3 0x55b504784e01 <unknown>\n#4 0x55b5047c7e44 <unknown>\n#5 0x55b5047a6cfd <unknown>\n#6 0x55b5047c5319 <unknown>\n#7 0x55b5047a6a73 <unknown>\n#8 0x55b504777c93 <unknown>\n#9 0x55b50477865e <unknown>\n#10 0x55b504a0408b <unknown>\n#11 0x55b504a08005 <unknown>\n#12 0x55b5049f2491 <unknown>\n#13 0x55b504a08b92 <unknown>\n#14 0x55b5049d79ef <unknown>\n#15 0x55b504a2edf8 <unknown>\n#16 0x55b504a2efcb <unknown>\n#17 0x55b504a3eae4 <unknown>\n#18 0x7f9145d40134 <unknown>","time":{"start":1711414385543,"stop":1711414385927,"duration":384}},{"uid":"979bfa7d64ac8479","reportUrl":"https://Nat754.github.io/StroyremAutomation/257//#testresult/979bfa7d64ac8479","status":"skipped","statusDetails":"XFAIL\n\nselenium.common.exceptions.NoSuchElementException: Message: no such element: Unable to locate element: {\"method\":\"xpath\",\"selector\":\"(//a[@class='add-to-cart yellow-btn'])[1]\"}\n  (Session info: chrome-headless-shell=123.0.6312.58); For documentation on this error, please visit: https://www.selenium.dev/documentation/webdriver/troubleshooting/errors#no-such-element-exception\nStacktrace:\n#0 0x564f30204993 <unknown>\n#1 0x564f2feff136 <unknown>\n#2 0x564f2ff49d48 <unknown>\n#3 0x564f2ff49e01 <unknown>\n#4 0x564f2ff8ce44 <unknown>\n#5 0x564f2ff6bcfd <unknown>\n#6 0x564f2ff8a319 <unknown>\n#7 0x564f2ff6ba73 <unknown>\n#8 0x564f2ff3cc93 <unknown>\n#9 0x564f2ff3d65e <unknown>\n#10 0x564f301c908b <unknown>\n#11 0x564f301cd005 <unknown>\n#12 0x564f301b7491 <unknown>\n#13 0x564f301cdb92 <unknown>\n#14 0x564f3019c9ef <unknown>\n#15 0x564f301f3df8 <unknown>\n#16 0x564f301f3fcb <unknown>\n#17 0x564f30203ae4 <unknown>\n#18 0x7f39c4b9e134 <unknown>","time":{"start":1711328051463,"stop":1711328051864,"duration":401}},{"uid":"814946bae3dbf748","reportUrl":"https://Nat754.github.io/StroyremAutomation/256//#testresult/814946bae3dbf748","status":"skipped","statusDetails":"XFAIL\n\nselenium.common.exceptions.NoSuchElementException: Message: no such element: Unable to locate element: {\"method\":\"xpath\",\"selector\":\"(//a[@class='add-to-cart yellow-btn'])[1]\"}\n  (Session info: chrome-headless-shell=123.0.6312.58); For documentation on this error, please visit: https://www.selenium.dev/documentation/webdriver/troubleshooting/errors#no-such-element-exception\nStacktrace:\n#0 0x563951075993 <unknown>\n#1 0x563950d70136 <unknown>\n#2 0x563950dbad48 <unknown>\n#3 0x563950dbae01 <unknown>\n#4 0x563950dfde44 <unknown>\n#5 0x563950ddccfd <unknown>\n#6 0x563950dfb319 <unknown>\n#7 0x563950ddca73 <unknown>\n#8 0x563950dadc93 <unknown>\n#9 0x563950dae65e <unknown>\n#10 0x56395103a08b <unknown>\n#11 0x56395103e005 <unknown>\n#12 0x563951028491 <unknown>\n#13 0x56395103eb92 <unknown>\n#14 0x56395100d9ef <unknown>\n#15 0x563951064df8 <unknown>\n#16 0x563951064fcb <unknown>\n#17 0x563951074ae4 <unknown>\n#18 0x7f40e135e134 <unknown>","time":{"start":1711241880453,"stop":1711241880915,"duration":462}},{"uid":"66bded05bc21b186","reportUrl":"https://Nat754.github.io/StroyremAutomation/255//#testresult/66bded05bc21b186","status":"skipped","statusDetails":"XFAIL\n\nselenium.common.exceptions.NoSuchElementException: Message: no such element: Unable to locate element: {\"method\":\"xpath\",\"selector\":\"(//a[@class='add-to-cart yellow-btn'])[1]\"}\n  (Session info: chrome-headless-shell=123.0.6312.58); For documentation on this error, please visit: https://www.selenium.dev/documentation/webdriver/troubleshooting/errors#no-such-element-exception\nStacktrace:\n#0 0x5556c039d993 <unknown>\n#1 0x5556c0098136 <unknown>\n#2 0x5556c00e2d48 <unknown>\n#3 0x5556c00e2e01 <unknown>\n#4 0x5556c0125e44 <unknown>\n#5 0x5556c0104cfd <unknown>\n#6 0x5556c0123319 <unknown>\n#7 0x5556c0104a73 <unknown>\n#8 0x5556c00d5c93 <unknown>\n#9 0x5556c00d665e <unknown>\n#10 0x5556c036208b <unknown>\n#11 0x5556c0366005 <unknown>\n#12 0x5556c0350491 <unknown>\n#13 0x5556c0366b92 <unknown>\n#14 0x5556c03359ef <unknown>\n#15 0x5556c038cdf8 <unknown>\n#16 0x5556c038cfcb <unknown>\n#17 0x5556c039cae4 <unknown>\n#18 0x7fac988f9134 <unknown>","time":{"start":1711155044047,"stop":1711155044581,"duration":534}},{"uid":"e0d52e3cb4496c08","reportUrl":"https://Nat754.github.io/StroyremAutomation/254//#testresult/e0d52e3cb4496c08","status":"skipped","statusDetails":"XFAIL\n\nselenium.common.exceptions.NoSuchElementException: Message: no such element: Unable to locate element: {\"method\":\"xpath\",\"selector\":\"(//a[@class='add-to-cart yellow-btn'])[1]\"}\n  (Session info: chrome-headless-shell=123.0.6312.58); For documentation on this error, please visit: https://www.selenium.dev/documentation/webdriver/troubleshooting/errors#no-such-element-exception\nStacktrace:\n#0 0x563fb34ae993 <unknown>\n#1 0x563fb31a9136 <unknown>\n#2 0x563fb31f3d48 <unknown>\n#3 0x563fb31f3e01 <unknown>\n#4 0x563fb3236e44 <unknown>\n#5 0x563fb3215cfd <unknown>\n#6 0x563fb3234319 <unknown>\n#7 0x563fb3215a73 <unknown>\n#8 0x563fb31e6c93 <unknown>\n#9 0x563fb31e765e <unknown>\n#10 0x563fb347308b <unknown>\n#11 0x563fb3477005 <unknown>\n#12 0x563fb3461491 <unknown>\n#13 0x563fb3477b92 <unknown>\n#14 0x563fb34469ef <unknown>\n#15 0x563fb349ddf8 <unknown>\n#16 0x563fb349dfcb <unknown>\n#17 0x563fb34adae4 <unknown>\n#18 0x7fbfeb6e9134 <unknown>","time":{"start":1711068712190,"stop":1711068712742,"duration":552}},{"uid":"e84169072c45299b","reportUrl":"https://Nat754.github.io/StroyremAutomation/253//#testresult/e84169072c45299b","status":"skipped","statusDetails":"XFAIL\n\nselenium.common.exceptions.NoSuchElementException: Message: no such element: Unable to locate element: {\"method\":\"xpath\",\"selector\":\"(//a[@class='add-to-cart yellow-btn'])[1]\"}\n  (Session info: chrome-headless-shell=123.0.6312.58); For documentation on this error, please visit: https://www.selenium.dev/documentation/webdriver/troubleshooting/errors#no-such-element-exception\nStacktrace:\n#0 0x55aa19882993 <unknown>\n#1 0x55aa1957d136 <unknown>\n#2 0x55aa195c7d48 <unknown>\n#3 0x55aa195c7e01 <unknown>\n#4 0x55aa1960ae44 <unknown>\n#5 0x55aa195e9cfd <unknown>\n#6 0x55aa19608319 <unknown>\n#7 0x55aa195e9a73 <unknown>\n#8 0x55aa195bac93 <unknown>\n#9 0x55aa195bb65e <unknown>\n#10 0x55aa1984708b <unknown>\n#11 0x55aa1984b005 <unknown>\n#12 0x55aa19835491 <unknown>\n#13 0x55aa1984bb92 <unknown>\n#14 0x55aa1981a9ef <unknown>\n#15 0x55aa19871df8 <unknown>\n#16 0x55aa19871fcb <unknown>\n#17 0x55aa19881ae4 <unknown>\n#18 0x7f12a04af134 <unknown>","time":{"start":1710982482770,"stop":1710982483195,"duration":425}},{"uid":"68492cbf52a6a80","reportUrl":"https://Nat754.github.io/StroyremAutomation/252//#testresult/68492cbf52a6a80","status":"skipped","statusDetails":"XFAIL\n\nselenium.common.exceptions.NoSuchElementException: Message: no such element: Unable to locate element: {\"method\":\"xpath\",\"selector\":\"(//a[@class='add-to-cart yellow-btn'])[1]\"}\n  (Session info: chrome-headless-shell=123.0.6312.58); For documentation on this error, please visit: https://www.selenium.dev/documentation/webdriver/troubleshooting/errors#no-such-element-exception\nStacktrace:\n#0 0x56501c221993 <unknown>\n#1 0x56501bf1c136 <unknown>\n#2 0x56501bf66d48 <unknown>\n#3 0x56501bf66e01 <unknown>\n#4 0x56501bfa9e44 <unknown>\n#5 0x56501bf88cfd <unknown>\n#6 0x56501bfa7319 <unknown>\n#7 0x56501bf88a73 <unknown>\n#8 0x56501bf59c93 <unknown>\n#9 0x56501bf5a65e <unknown>\n#10 0x56501c1e608b <unknown>\n#11 0x56501c1ea005 <unknown>\n#12 0x56501c1d4491 <unknown>\n#13 0x56501c1eab92 <unknown>\n#14 0x56501c1b99ef <unknown>\n#15 0x56501c210df8 <unknown>\n#16 0x56501c210fcb <unknown>\n#17 0x56501c220ae4 <unknown>\n#18 0x72549d3ee134 <unknown>","time":{"start":1710895882952,"stop":1710895883492,"duration":540}},{"uid":"15b54db6c76d1dd0","reportUrl":"https://Nat754.github.io/StroyremAutomation/251//#testresult/15b54db6c76d1dd0","status":"skipped","statusDetails":"XFAIL\n\nselenium.common.exceptions.NoSuchElementException: Message: no such element: Unable to locate element: {\"method\":\"xpath\",\"selector\":\"(//a[@class='add-to-cart yellow-btn'])[1]\"}\n  (Session info: chrome-headless-shell=122.0.6261.128); For documentation on this error, please visit: https://www.selenium.dev/documentation/webdriver/troubleshooting/errors#no-such-element-exception\nStacktrace:\n#0 0x55f69fb91f33 <unknown>\n#1 0x55f69f889ce6 <unknown>\n#2 0x55f69f8d4e48 <unknown>\n#3 0x55f69f8d4f01 <unknown>\n#4 0x55f69f9183f4 <unknown>\n#5 0x55f69f8f6edd <unknown>\n#6 0x55f69f915899 <unknown>\n#7 0x55f69f8f6c53 <unknown>\n#8 0x55f69f8c7db3 <unknown>\n#9 0x55f69f8c877e <unknown>\n#10 0x55f69fb5786b <unknown>\n#11 0x55f69fb5b885 <unknown>\n#12 0x55f69fb45181 <unknown>\n#13 0x55f69fb5c412 <unknown>\n#14 0x55f69fb2925f <unknown>\n#15 0x55f69fb80528 <unknown>\n#16 0x55f69fb80723 <unknown>\n#17 0x55f69fb910e4 <unknown>\n#18 0x7ff5a82cd134 <unknown>","time":{"start":1710809524990,"stop":1710809525388,"duration":398}},{"uid":"486067b78d24c6fb","reportUrl":"https://Nat754.github.io/StroyremAutomation/250//#testresult/486067b78d24c6fb","status":"skipped","statusDetails":"XFAIL\n\nselenium.common.exceptions.NoSuchElementException: Message: no such element: Unable to locate element: {\"method\":\"xpath\",\"selector\":\"(//a[@class='add-to-cart yellow-btn'])[1]\"}\n  (Session info: chrome-headless-shell=122.0.6261.128); For documentation on this error, please visit: https://www.selenium.dev/documentation/webdriver/troubleshooting/errors#no-such-element-exception\nStacktrace:\n#0 0x5f3dea920f33 <unknown>\n#1 0x5f3dea618ce6 <unknown>\n#2 0x5f3dea663e48 <unknown>\n#3 0x5f3dea663f01 <unknown>\n#4 0x5f3dea6a73f4 <unknown>\n#5 0x5f3dea685edd <unknown>\n#6 0x5f3dea6a4899 <unknown>\n#7 0x5f3dea685c53 <unknown>\n#8 0x5f3dea656db3 <unknown>\n#9 0x5f3dea65777e <unknown>\n#10 0x5f3dea8e686b <unknown>\n#11 0x5f3dea8ea885 <unknown>\n#12 0x5f3dea8d4181 <unknown>\n#13 0x5f3dea8eb412 <unknown>\n#14 0x5f3dea8b825f <unknown>\n#15 0x5f3dea90f528 <unknown>\n#16 0x5f3dea90f723 <unknown>\n#17 0x5f3dea9200e4 <unknown>\n#18 0x7318726d8134 <unknown>","time":{"start":1710723179658,"stop":1710723179982,"duration":324}},{"uid":"f3f8c803d83853f7","reportUrl":"https://Nat754.github.io/StroyremAutomation/249//#testresult/f3f8c803d83853f7","status":"skipped","statusDetails":"XFAIL\n\nselenium.common.exceptions.NoSuchElementException: Message: no such element: Unable to locate element: {\"method\":\"xpath\",\"selector\":\"(//a[@class='add-to-cart yellow-btn'])[1]\"}\n  (Session info: chrome-headless-shell=122.0.6261.128); For documentation on this error, please visit: https://www.selenium.dev/documentation/webdriver/troubleshooting/errors#no-such-element-exception\nStacktrace:\n#0 0x60fde307af33 <unknown>\n#1 0x60fde2d72ce6 <unknown>\n#2 0x60fde2dbde48 <unknown>\n#3 0x60fde2dbdf01 <unknown>\n#4 0x60fde2e013f4 <unknown>\n#5 0x60fde2ddfedd <unknown>\n#6 0x60fde2dfe899 <unknown>\n#7 0x60fde2ddfc53 <unknown>\n#8 0x60fde2db0db3 <unknown>\n#9 0x60fde2db177e <unknown>\n#10 0x60fde304086b <unknown>\n#11 0x60fde3044885 <unknown>\n#12 0x60fde302e181 <unknown>\n#13 0x60fde3045412 <unknown>\n#14 0x60fde301225f <unknown>\n#15 0x60fde3069528 <unknown>\n#16 0x60fde3069723 <unknown>\n#17 0x60fde307a0e4 <unknown>\n#18 0x76a6199f0134 <unknown>","time":{"start":1710636948264,"stop":1710636948874,"duration":610}},{"uid":"d3817ecea8a339b8","reportUrl":"https://Nat754.github.io/StroyremAutomation/248//#testresult/d3817ecea8a339b8","status":"skipped","statusDetails":"XFAIL\n\nselenium.common.exceptions.NoSuchElementException: Message: no such element: Unable to locate element: {\"method\":\"xpath\",\"selector\":\"(//a[@class='add-to-cart yellow-btn'])[1]\"}\n  (Session info: chrome-headless-shell=122.0.6261.128); For documentation on this error, please visit: https://www.selenium.dev/documentation/webdriver/troubleshooting/errors#no-such-element-exception\nStacktrace:\n#0 0x598256c07f33 <unknown>\n#1 0x5982568ffce6 <unknown>\n#2 0x59825694ae48 <unknown>\n#3 0x59825694af01 <unknown>\n#4 0x59825698e3f4 <unknown>\n#5 0x59825696cedd <unknown>\n#6 0x59825698b899 <unknown>\n#7 0x59825696cc53 <unknown>\n#8 0x59825693ddb3 <unknown>\n#9 0x59825693e77e <unknown>\n#10 0x598256bcd86b <unknown>\n#11 0x598256bd1885 <unknown>\n#12 0x598256bbb181 <unknown>\n#13 0x598256bd2412 <unknown>\n#14 0x598256b9f25f <unknown>\n#15 0x598256bf6528 <unknown>\n#16 0x598256bf6723 <unknown>\n#17 0x598256c070e4 <unknown>\n#18 0x7d2d368e3134 <unknown>","time":{"start":1710550224294,"stop":1710550224838,"duration":544}},{"uid":"2beb1ca6329e9182","reportUrl":"https://Nat754.github.io/StroyremAutomation/247//#testresult/2beb1ca6329e9182","status":"skipped","statusDetails":"XFAIL\n\nselenium.common.exceptions.NoSuchElementException: Message: no such element: Unable to locate element: {\"method\":\"xpath\",\"selector\":\"(//a[@class='add-to-cart yellow-btn'])[1]\"}\n  (Session info: chrome-headless-shell=122.0.6261.128); For documentation on this error, please visit: https://www.selenium.dev/documentation/webdriver/troubleshooting/errors#no-such-element-exception\nStacktrace:\n#0 0x5f44e4781f33 <unknown>\n#1 0x5f44e4479ce6 <unknown>\n#2 0x5f44e44c4e48 <unknown>\n#3 0x5f44e44c4f01 <unknown>\n#4 0x5f44e45083f4 <unknown>\n#5 0x5f44e44e6edd <unknown>\n#6 0x5f44e4505899 <unknown>\n#7 0x5f44e44e6c53 <unknown>\n#8 0x5f44e44b7db3 <unknown>\n#9 0x5f44e44b877e <unknown>\n#10 0x5f44e474786b <unknown>\n#11 0x5f44e474b885 <unknown>\n#12 0x5f44e4735181 <unknown>\n#13 0x5f44e474c412 <unknown>\n#14 0x5f44e471925f <unknown>\n#15 0x5f44e4770528 <unknown>\n#16 0x5f44e4770723 <unknown>\n#17 0x5f44e47810e4 <unknown>\n#18 0x7e3ad640a134 <unknown>","time":{"start":1710463962361,"stop":1710463962702,"duration":341}},{"uid":"b8dc3fe58664076","reportUrl":"https://Nat754.github.io/StroyremAutomation/246//#testresult/b8dc3fe58664076","status":"skipped","statusDetails":"XFAIL\n\nselenium.common.exceptions.NoSuchElementException: Message: no such element: Unable to locate element: {\"method\":\"xpath\",\"selector\":\"(//a[@class='add-to-cart yellow-btn'])[1]\"}\n  (Session info: chrome-headless-shell=122.0.6261.128); For documentation on this error, please visit: https://www.selenium.dev/documentation/webdriver/troubleshooting/errors#no-such-element-exception\nStacktrace:\n#0 0x5841f4367f33 <unknown>\n#1 0x5841f405fce6 <unknown>\n#2 0x5841f40aae48 <unknown>\n#3 0x5841f40aaf01 <unknown>\n#4 0x5841f40ee3f4 <unknown>\n#5 0x5841f40ccedd <unknown>\n#6 0x5841f40eb899 <unknown>\n#7 0x5841f40ccc53 <unknown>\n#8 0x5841f409ddb3 <unknown>\n#9 0x5841f409e77e <unknown>\n#10 0x5841f432d86b <unknown>\n#11 0x5841f4331885 <unknown>\n#12 0x5841f431b181 <unknown>\n#13 0x5841f4332412 <unknown>\n#14 0x5841f42ff25f <unknown>\n#15 0x5841f4356528 <unknown>\n#16 0x5841f4356723 <unknown>\n#17 0x5841f43670e4 <unknown>\n#18 0x78f36beef134 <unknown>","time":{"start":1710377543320,"stop":1710377543673,"duration":353}}]},"tags":["@pytest.mark.xfail","smoke_test"]},"source":"a6f5128f757cd8ed.json","parameterValues":["4490","149","'TD 008'","3980","'products/shtukaturka-gipsovaya-aksolit-m50-30-kg-mashinnogo-naneseniya'","2300","'https://sandboxtest.stroyrem-nn.ru/'","4500"]}