{"uid":"99d54f461c4045bb","name":"test_positive_delivery_green_zone_smoke[TD 008-products/shtukaturka-gipsovaya-aksolit-m50-30-kg-mashinnogo-naneseniya-149-4500-2300-3980-4490-https://sandboxtest.stroyrem-nn.ru/]","fullName":"tests.delivery.test_delivery_calculation.TestDeliveryPageCalculation#test_positive_delivery_green_zone_smoke","historyId":"a6e4f8846394d8afbfad6037346de2a8","time":{"start":1699404787642,"stop":1699404792219,"duration":4577},"status":"skipped","statusMessage":"XFAIL\n\nselenium.common.exceptions.NoSuchElementException: Message: no such element: Unable to locate element: {\"method\":\"xpath\",\"selector\":\"//input[@class='amount']\"}\n  (Session info: headless chrome=119.0.6045.105); For documentation on this error, please visit: https://www.selenium.dev/documentation/webdriver/troubleshooting/errors#no-such-element-exception\nStacktrace:\n#0 0x56373072a5e3 <unknown>\n#1 0x5637303ed0b7 <unknown>\n#2 0x56373043af53 <unknown>\n#3 0x56373043b051 <unknown>\n#4 0x5637304809c4 <unknown>\n#5 0x563730461f1d <unknown>\n#6 0x56373047db3d <unknown>\n#7 0x563730461cc3 <unknown>\n#8 0x56373042d0e4 <unknown>\n#9 0x56373042e0ae <unknown>\n#10 0x5637306f0ce1 <unknown>\n#11 0x5637306f4b7e <unknown>\n#12 0x5637306de4b5 <unknown>\n#13 0x5637306f57d6 <unknown>\n#14 0x5637306c1dbf <unknown>\n#15 0x563730718748 <unknown>\n#16 0x563730718917 <unknown>\n#17 0x563730729773 <unknown>\n#18 0x7f4bb3750044 <unknown>","statusTrace":"self = <tests.delivery.test_delivery_calculation.TestDeliveryPageCalculation object at 0x7fe21a951bd0>\ndriver = <selenium.webdriver.chrome.webdriver.WebDriver (session=\"69e2e688b65e443013af94988e68a5b6\")>\nurl = 'https://sandboxtest.stroyrem-nn.ru/', case_id = 'TD 008'\nlink_item = 'products/shtukaturka-gipsovaya-aksolit-m50-30-kg-mashinnogo-naneseniya'\namount = 149, weight = 4500, standard = 2300, in_time = 3980, all_time = 4490\n\n    @pytest.mark.parametrize('case_id, link_item, amount, weight, standard, in_time, all_time', [\n        (\"TD 001\", uroven_3000, 1, 30, 0, 1590, 2190),\n        (\"TD 002\", bundeks_25, 1, 30, 400, 1590, 2190),\n        (\"TD 003\", aksolit_30, 8, 300, 400, 1590, 2190),\n        (\"TD 004\", aksolit_30, 13, 400, 450, 1590, 2190),\n        (\"TD 005\", aksolit_30, 16, 500, 600, 1590, 2190),\n        (\"TD 006\", aksolit_30, 25, 1700, 990, 1990, 2480),\n        (\"TD 007\", aksolit_30, 66, 2000, 1300, 2490, 2980),\n        (\"TD 008\", aksolit_30, 149, 4500, 2300, 3980, 4490),\n        (\"TD 009\", aksolit_30, 166, 5000, 2500, 4990, 5480),\n        pytest.param(\n            \"TD 010\", aksolit_30, 206, 6200, 2900, 5570, 6120,\n            marks=pytest.mark.xfail(reson=\"Цена доставки 3600 7960 8980\")\n        ),\n        (\"TD 011\", aksolit_30, 299, 9000, 3600, 7960, 8980),\n        (\"TD 012\", aksolit_30, 333, 10000, 4450, 11990, 12500),\n        pytest.param(\n            \"TD 013\", aksolit_30, 366, 11000, 4800, 12450, 13480,\n            marks=pytest.mark.xfail(reason=\"Цена стандартной доставки 4450\")\n        ),\n        pytest.param(\n            \"TD 014\", aksolit_30, 666, 20000, 5400, 15600, 17490,\n            marks=pytest.mark.xfail(reason=\"Цена стандартной доставки 4450\")\n        )\n    ])\n    @pytest.mark.xfail\n    @pytest.mark.smoke_test\n    def test_positive_delivery_green_zone_smoke(\n            self, driver, url, case_id, link_item, amount, weight, standard, in_time, all_time\n    ):\n    \n        driver.get(f'{url}{link_item}')\n        item_page = ItemPage(driver)\n>       item_page.add_item_to_cart(amount).click_on_cart()\n\ntests/delivery/test_delivery_calculation.py:50: \n_ _ _ _ _ _ _ _ _ _ _ _ _ _ _ _ _ _ _ _ _ _ _ _ _ _ _ _ _ _ _ _ _ _ _ _ _ _ _ _ \npages/item_page.py:41: in add_item_to_cart\n    amount_field = self.find_element(self._item_amount)\nbase/seleniumbase.py:17: in find_element\n    return self.driver.find_element(*locator)\n/usr/local/lib/python3.11/site-packages/selenium/webdriver/remote/webdriver.py:739: in find_element\n    return self.execute(Command.FIND_ELEMENT, {\"using\": by, \"value\": value})[\"value\"]\n/usr/local/lib/python3.11/site-packages/selenium/webdriver/remote/webdriver.py:345: in execute\n    self.error_handler.check_response(response)\n_ _ _ _ _ _ _ _ _ _ _ _ _ _ _ _ _ _ _ _ _ _ _ _ _ _ _ _ _ _ _ _ _ _ _ _ _ _ _ _ \n\nself = <selenium.webdriver.remote.errorhandler.ErrorHandler object at 0x7fe21abef110>\nresponse = {'status': 404, 'value': '{\"value\":{\"error\":\"no such element\",\"message\":\"no such element: Unable to locate element: {\\...\\\\n#16 0x563730718917 \\\\u003Cunknown>\\\\n#17 0x563730729773 \\\\u003Cunknown>\\\\n#18 0x7f4bb3750044 \\\\u003Cunknown>\\\\n\"}}'}\n\n    def check_response(self, response: Dict[str, Any]) -> None:\n        \"\"\"Checks that a JSON response from the WebDriver does not have an\n        error.\n    \n        :Args:\n         - response - The JSON response from the WebDriver server as a dictionary\n           object.\n    \n        :Raises: If the response contains an error message.\n        \"\"\"\n        status = response.get(\"status\", None)\n        if not status or status == ErrorCode.SUCCESS:\n            return\n        value = None\n        message = response.get(\"message\", \"\")\n        screen: str = response.get(\"screen\", \"\")\n        stacktrace = None\n        if isinstance(status, int):\n            value_json = response.get(\"value\", None)\n            if value_json and isinstance(value_json, str):\n                import json\n    \n                try:\n                    value = json.loads(value_json)\n                    if len(value) == 1:\n                        value = value[\"value\"]\n                    status = value.get(\"error\", None)\n                    if not status:\n                        status = value.get(\"status\", ErrorCode.UNKNOWN_ERROR)\n                        message = value.get(\"value\") or value.get(\"message\")\n                        if not isinstance(message, str):\n                            value = message\n                            message = message.get(\"message\")\n                    else:\n                        message = value.get(\"message\", None)\n                except ValueError:\n                    pass\n    \n        exception_class: Type[WebDriverException]\n        e = ErrorCode()\n        error_codes = [item for item in dir(e) if not item.startswith(\"__\")]\n        for error_code in error_codes:\n            error_info = getattr(ErrorCode, error_code)\n            if isinstance(error_info, list) and status in error_info:\n                exception_class = getattr(ExceptionMapping, error_code, WebDriverException)\n                break\n        else:\n            exception_class = WebDriverException\n    \n        if not value:\n            value = response[\"value\"]\n        if isinstance(value, str):\n            raise exception_class(value)\n        if message == \"\" and \"message\" in value:\n            message = value[\"message\"]\n    \n        screen = None  # type: ignore[assignment]\n        if \"screen\" in value:\n            screen = value[\"screen\"]\n    \n        stacktrace = None\n        st_value = value.get(\"stackTrace\") or value.get(\"stacktrace\")\n        if st_value:\n            if isinstance(st_value, str):\n                stacktrace = st_value.split(\"\\n\")\n            else:\n                stacktrace = []\n                try:\n                    for frame in st_value:\n                        line = frame.get(\"lineNumber\", \"\")\n                        file = frame.get(\"fileName\", \"<anonymous>\")\n                        if line:\n                            file = f\"{file}:{line}\"\n                        meth = frame.get(\"methodName\", \"<anonymous>\")\n                        if \"className\" in frame:\n                            meth = f\"{frame['className']}.{meth}\"\n                        msg = \"    at %s (%s)\"\n                        msg = msg % (meth, file)\n                        stacktrace.append(msg)\n                except TypeError:\n                    pass\n        if exception_class == UnexpectedAlertPresentException:\n            alert_text = None\n            if \"data\" in value:\n                alert_text = value[\"data\"].get(\"text\")\n            elif \"alert\" in value:\n                alert_text = value[\"alert\"].get(\"text\")\n            raise exception_class(message, screen, stacktrace, alert_text)  # type: ignore[call-arg]  # mypy is not smart enough here\n>       raise exception_class(message, screen, stacktrace)\nE       selenium.common.exceptions.NoSuchElementException: Message: no such element: Unable to locate element: {\"method\":\"xpath\",\"selector\":\"//input[@class='amount']\"}\nE         (Session info: headless chrome=119.0.6045.105); For documentation on this error, please visit: https://www.selenium.dev/documentation/webdriver/troubleshooting/errors#no-such-element-exception\nE       Stacktrace:\nE       #0 0x56373072a5e3 <unknown>\nE       #1 0x5637303ed0b7 <unknown>\nE       #2 0x56373043af53 <unknown>\nE       #3 0x56373043b051 <unknown>\nE       #4 0x5637304809c4 <unknown>\nE       #5 0x563730461f1d <unknown>\nE       #6 0x56373047db3d <unknown>\nE       #7 0x563730461cc3 <unknown>\nE       #8 0x56373042d0e4 <unknown>\nE       #9 0x56373042e0ae <unknown>\nE       #10 0x5637306f0ce1 <unknown>\nE       #11 0x5637306f4b7e <unknown>\nE       #12 0x5637306de4b5 <unknown>\nE       #13 0x5637306f57d6 <unknown>\nE       #14 0x5637306c1dbf <unknown>\nE       #15 0x563730718748 <unknown>\nE       #16 0x563730718917 <unknown>\nE       #17 0x563730729773 <unknown>\nE       #18 0x7f4bb3750044 <unknown>\n\n/usr/local/lib/python3.11/site-packages/selenium/webdriver/remote/errorhandler.py:229: NoSuchElementException","flaky":false,"newFailed":false,"newBroken":false,"newPassed":false,"retriesCount":0,"retriesStatusChange":false,"beforeStages":[{"name":"_session_faker","time":{"start":1699404549050,"stop":1699404549144,"duration":94},"status":"passed","steps":[],"attachments":[],"parameters":[],"stepsCount":0,"attachmentsCount":0,"hasContent":false,"shouldDisplayMessage":false},{"name":"clear_allure_results_folder","time":{"start":1699404549144,"stop":1699404549144,"duration":0},"status":"passed","steps":[],"attachments":[],"parameters":[],"stepsCount":0,"attachmentsCount":0,"hasContent":false,"shouldDisplayMessage":false},{"name":"driver","time":{"start":1699404786777,"stop":1699404787640,"duration":863},"status":"passed","steps":[],"attachments":[],"parameters":[],"stepsCount":0,"attachmentsCount":0,"hasContent":false,"shouldDisplayMessage":false},{"name":"setup","time":{"start":1699404787640,"stop":1699404787640,"duration":0},"status":"passed","steps":[],"attachments":[],"parameters":[],"stepsCount":0,"attachmentsCount":0,"hasContent":false,"shouldDisplayMessage":false}],"testStage":{"status":"skipped","statusMessage":"XFAIL\n\nselenium.common.exceptions.NoSuchElementException: Message: no such element: Unable to locate element: {\"method\":\"xpath\",\"selector\":\"//input[@class='amount']\"}\n  (Session info: headless chrome=119.0.6045.105); For documentation on this error, please visit: https://www.selenium.dev/documentation/webdriver/troubleshooting/errors#no-such-element-exception\nStacktrace:\n#0 0x56373072a5e3 <unknown>\n#1 0x5637303ed0b7 <unknown>\n#2 0x56373043af53 <unknown>\n#3 0x56373043b051 <unknown>\n#4 0x5637304809c4 <unknown>\n#5 0x563730461f1d <unknown>\n#6 0x56373047db3d <unknown>\n#7 0x563730461cc3 <unknown>\n#8 0x56373042d0e4 <unknown>\n#9 0x56373042e0ae <unknown>\n#10 0x5637306f0ce1 <unknown>\n#11 0x5637306f4b7e <unknown>\n#12 0x5637306de4b5 <unknown>\n#13 0x5637306f57d6 <unknown>\n#14 0x5637306c1dbf <unknown>\n#15 0x563730718748 <unknown>\n#16 0x563730718917 <unknown>\n#17 0x563730729773 <unknown>\n#18 0x7f4bb3750044 <unknown>","statusTrace":"self = <tests.delivery.test_delivery_calculation.TestDeliveryPageCalculation object at 0x7fe21a951bd0>\ndriver = <selenium.webdriver.chrome.webdriver.WebDriver (session=\"69e2e688b65e443013af94988e68a5b6\")>\nurl = 'https://sandboxtest.stroyrem-nn.ru/', case_id = 'TD 008'\nlink_item = 'products/shtukaturka-gipsovaya-aksolit-m50-30-kg-mashinnogo-naneseniya'\namount = 149, weight = 4500, standard = 2300, in_time = 3980, all_time = 4490\n\n    @pytest.mark.parametrize('case_id, link_item, amount, weight, standard, in_time, all_time', [\n        (\"TD 001\", uroven_3000, 1, 30, 0, 1590, 2190),\n        (\"TD 002\", bundeks_25, 1, 30, 400, 1590, 2190),\n        (\"TD 003\", aksolit_30, 8, 300, 400, 1590, 2190),\n        (\"TD 004\", aksolit_30, 13, 400, 450, 1590, 2190),\n        (\"TD 005\", aksolit_30, 16, 500, 600, 1590, 2190),\n        (\"TD 006\", aksolit_30, 25, 1700, 990, 1990, 2480),\n        (\"TD 007\", aksolit_30, 66, 2000, 1300, 2490, 2980),\n        (\"TD 008\", aksolit_30, 149, 4500, 2300, 3980, 4490),\n        (\"TD 009\", aksolit_30, 166, 5000, 2500, 4990, 5480),\n        pytest.param(\n            \"TD 010\", aksolit_30, 206, 6200, 2900, 5570, 6120,\n            marks=pytest.mark.xfail(reson=\"Цена доставки 3600 7960 8980\")\n        ),\n        (\"TD 011\", aksolit_30, 299, 9000, 3600, 7960, 8980),\n        (\"TD 012\", aksolit_30, 333, 10000, 4450, 11990, 12500),\n        pytest.param(\n            \"TD 013\", aksolit_30, 366, 11000, 4800, 12450, 13480,\n            marks=pytest.mark.xfail(reason=\"Цена стандартной доставки 4450\")\n        ),\n        pytest.param(\n            \"TD 014\", aksolit_30, 666, 20000, 5400, 15600, 17490,\n            marks=pytest.mark.xfail(reason=\"Цена стандартной доставки 4450\")\n        )\n    ])\n    @pytest.mark.xfail\n    @pytest.mark.smoke_test\n    def test_positive_delivery_green_zone_smoke(\n            self, driver, url, case_id, link_item, amount, weight, standard, in_time, all_time\n    ):\n    \n        driver.get(f'{url}{link_item}')\n        item_page = ItemPage(driver)\n>       item_page.add_item_to_cart(amount).click_on_cart()\n\ntests/delivery/test_delivery_calculation.py:50: \n_ _ _ _ _ _ _ _ _ _ _ _ _ _ _ _ _ _ _ _ _ _ _ _ _ _ _ _ _ _ _ _ _ _ _ _ _ _ _ _ \npages/item_page.py:41: in add_item_to_cart\n    amount_field = self.find_element(self._item_amount)\nbase/seleniumbase.py:17: in find_element\n    return self.driver.find_element(*locator)\n/usr/local/lib/python3.11/site-packages/selenium/webdriver/remote/webdriver.py:739: in find_element\n    return self.execute(Command.FIND_ELEMENT, {\"using\": by, \"value\": value})[\"value\"]\n/usr/local/lib/python3.11/site-packages/selenium/webdriver/remote/webdriver.py:345: in execute\n    self.error_handler.check_response(response)\n_ _ _ _ _ _ _ _ _ _ _ _ _ _ _ _ _ _ _ _ _ _ _ _ _ _ _ _ _ _ _ _ _ _ _ _ _ _ _ _ \n\nself = <selenium.webdriver.remote.errorhandler.ErrorHandler object at 0x7fe21abef110>\nresponse = {'status': 404, 'value': '{\"value\":{\"error\":\"no such element\",\"message\":\"no such element: Unable to locate element: {\\...\\\\n#16 0x563730718917 \\\\u003Cunknown>\\\\n#17 0x563730729773 \\\\u003Cunknown>\\\\n#18 0x7f4bb3750044 \\\\u003Cunknown>\\\\n\"}}'}\n\n    def check_response(self, response: Dict[str, Any]) -> None:\n        \"\"\"Checks that a JSON response from the WebDriver does not have an\n        error.\n    \n        :Args:\n         - response - The JSON response from the WebDriver server as a dictionary\n           object.\n    \n        :Raises: If the response contains an error message.\n        \"\"\"\n        status = response.get(\"status\", None)\n        if not status or status == ErrorCode.SUCCESS:\n            return\n        value = None\n        message = response.get(\"message\", \"\")\n        screen: str = response.get(\"screen\", \"\")\n        stacktrace = None\n        if isinstance(status, int):\n            value_json = response.get(\"value\", None)\n            if value_json and isinstance(value_json, str):\n                import json\n    \n                try:\n                    value = json.loads(value_json)\n                    if len(value) == 1:\n                        value = value[\"value\"]\n                    status = value.get(\"error\", None)\n                    if not status:\n                        status = value.get(\"status\", ErrorCode.UNKNOWN_ERROR)\n                        message = value.get(\"value\") or value.get(\"message\")\n                        if not isinstance(message, str):\n                            value = message\n                            message = message.get(\"message\")\n                    else:\n                        message = value.get(\"message\", None)\n                except ValueError:\n                    pass\n    \n        exception_class: Type[WebDriverException]\n        e = ErrorCode()\n        error_codes = [item for item in dir(e) if not item.startswith(\"__\")]\n        for error_code in error_codes:\n            error_info = getattr(ErrorCode, error_code)\n            if isinstance(error_info, list) and status in error_info:\n                exception_class = getattr(ExceptionMapping, error_code, WebDriverException)\n                break\n        else:\n            exception_class = WebDriverException\n    \n        if not value:\n            value = response[\"value\"]\n        if isinstance(value, str):\n            raise exception_class(value)\n        if message == \"\" and \"message\" in value:\n            message = value[\"message\"]\n    \n        screen = None  # type: ignore[assignment]\n        if \"screen\" in value:\n            screen = value[\"screen\"]\n    \n        stacktrace = None\n        st_value = value.get(\"stackTrace\") or value.get(\"stacktrace\")\n        if st_value:\n            if isinstance(st_value, str):\n                stacktrace = st_value.split(\"\\n\")\n            else:\n                stacktrace = []\n                try:\n                    for frame in st_value:\n                        line = frame.get(\"lineNumber\", \"\")\n                        file = frame.get(\"fileName\", \"<anonymous>\")\n                        if line:\n                            file = f\"{file}:{line}\"\n                        meth = frame.get(\"methodName\", \"<anonymous>\")\n                        if \"className\" in frame:\n                            meth = f\"{frame['className']}.{meth}\"\n                        msg = \"    at %s (%s)\"\n                        msg = msg % (meth, file)\n                        stacktrace.append(msg)\n                except TypeError:\n                    pass\n        if exception_class == UnexpectedAlertPresentException:\n            alert_text = None\n            if \"data\" in value:\n                alert_text = value[\"data\"].get(\"text\")\n            elif \"alert\" in value:\n                alert_text = value[\"alert\"].get(\"text\")\n            raise exception_class(message, screen, stacktrace, alert_text)  # type: ignore[call-arg]  # mypy is not smart enough here\n>       raise exception_class(message, screen, stacktrace)\nE       selenium.common.exceptions.NoSuchElementException: Message: no such element: Unable to locate element: {\"method\":\"xpath\",\"selector\":\"//input[@class='amount']\"}\nE         (Session info: headless chrome=119.0.6045.105); For documentation on this error, please visit: https://www.selenium.dev/documentation/webdriver/troubleshooting/errors#no-such-element-exception\nE       Stacktrace:\nE       #0 0x56373072a5e3 <unknown>\nE       #1 0x5637303ed0b7 <unknown>\nE       #2 0x56373043af53 <unknown>\nE       #3 0x56373043b051 <unknown>\nE       #4 0x5637304809c4 <unknown>\nE       #5 0x563730461f1d <unknown>\nE       #6 0x56373047db3d <unknown>\nE       #7 0x563730461cc3 <unknown>\nE       #8 0x56373042d0e4 <unknown>\nE       #9 0x56373042e0ae <unknown>\nE       #10 0x5637306f0ce1 <unknown>\nE       #11 0x5637306f4b7e <unknown>\nE       #12 0x5637306de4b5 <unknown>\nE       #13 0x5637306f57d6 <unknown>\nE       #14 0x5637306c1dbf <unknown>\nE       #15 0x563730718748 <unknown>\nE       #16 0x563730718917 <unknown>\nE       #17 0x563730729773 <unknown>\nE       #18 0x7f4bb3750044 <unknown>\n\n/usr/local/lib/python3.11/site-packages/selenium/webdriver/remote/errorhandler.py:229: NoSuchElementException","steps":[{"name":"Добавляем товар в корзину в количестве 149","time":{"start":1699404792129,"stop":1699404792218,"duration":89},"status":"broken","statusMessage":"selenium.common.exceptions.NoSuchElementException: Message: no such element: Unable to locate element: {\"method\":\"xpath\",\"selector\":\"//input[@class='amount']\"}\n  (Session info: headless chrome=119.0.6045.105); For documentation on this error, please visit: https://www.selenium.dev/documentation/webdriver/troubleshooting/errors#no-such-element-exception\nStacktrace:\n#0 0x56373072a5e3 <unknown>\n#1 0x5637303ed0b7 <unknown>\n#2 0x56373043af53 <unknown>\n#3 0x56373043b051 <unknown>\n#4 0x5637304809c4 <unknown>\n#5 0x563730461f1d <unknown>\n#6 0x56373047db3d <unknown>\n#7 0x563730461cc3 <unknown>\n#8 0x56373042d0e4 <unknown>\n#9 0x56373042e0ae <unknown>\n#10 0x5637306f0ce1 <unknown>\n#11 0x5637306f4b7e <unknown>\n#12 0x5637306de4b5 <unknown>\n#13 0x5637306f57d6 <unknown>\n#14 0x5637306c1dbf <unknown>\n#15 0x563730718748 <unknown>\n#16 0x563730718917 <unknown>\n#17 0x563730729773 <unknown>\n#18 0x7f4bb3750044 <unknown>\n\n","statusTrace":"  File \"/usr/local/lib/python3.11/site-packages/allure_commons/_allure.py\", line 192, in impl\n    return func(*a, **kw)\n           ^^^^^^^^^^^^^^\n  File \"/app/pages/item_page.py\", line 41, in add_item_to_cart\n    amount_field = self.find_element(self._item_amount)\n                   ^^^^^^^^^^^^^^^^^^^^^^^^^^^^^^^^^^^^\n  File \"/app/base/seleniumbase.py\", line 17, in find_element\n    return self.driver.find_element(*locator)\n           ^^^^^^^^^^^^^^^^^^^^^^^^^^^^^^^^^^\n  File \"/usr/local/lib/python3.11/site-packages/selenium/webdriver/remote/webdriver.py\", line 739, in find_element\n    return self.execute(Command.FIND_ELEMENT, {\"using\": by, \"value\": value})[\"value\"]\n           ^^^^^^^^^^^^^^^^^^^^^^^^^^^^^^^^^^^^^^^^^^^^^^^^^^^^^^^^^^^^^^^^^\n  File \"/usr/local/lib/python3.11/site-packages/selenium/webdriver/remote/webdriver.py\", line 345, in execute\n    self.error_handler.check_response(response)\n  File \"/usr/local/lib/python3.11/site-packages/selenium/webdriver/remote/errorhandler.py\", line 229, in check_response\n    raise exception_class(message, screen, stacktrace)\n","steps":[],"attachments":[],"parameters":[{"name":"amount","value":"149"}],"stepsCount":0,"attachmentsCount":0,"hasContent":true,"shouldDisplayMessage":true}],"attachments":[{"uid":"25153dc9e2fcdf26","name":"Screenshot","source":"25153dc9e2fcdf26.png","type":"image/png","size":115178},{"uid":"9d91df1c12814ad0","name":"HTML source","source":"9d91df1c12814ad0.html","type":"text/html","size":303988}],"parameters":[],"stepsCount":1,"attachmentsCount":2,"hasContent":true,"shouldDisplayMessage":true},"afterStages":[{"name":"driver::0","time":{"start":1699404792421,"stop":1699404792486,"duration":65},"status":"passed","steps":[],"attachments":[],"parameters":[],"stepsCount":0,"attachmentsCount":0,"hasContent":false,"shouldDisplayMessage":false},{"name":"setup::0","time":{"start":1699404792421,"stop":1699404792421,"duration":0},"status":"passed","steps":[],"attachments":[],"parameters":[],"stepsCount":0,"attachmentsCount":0,"hasContent":false,"shouldDisplayMessage":false}],"labels":[{"name":"epic","value":"Delivery Page - calculation"},{"name":"tag","value":"smoke_test"},{"name":"tag","value":"@pytest.mark.xfail"},{"name":"parentSuite","value":"tests.delivery"},{"name":"suite","value":"test_delivery_calculation"},{"name":"subSuite","value":"TestDeliveryPageCalculation"},{"name":"host","value":"f97f3b8bb951"},{"name":"thread","value":"1-MainThread"},{"name":"framework","value":"pytest"},{"name":"language","value":"cpython3"},{"name":"package","value":"tests.delivery.test_delivery_calculation"},{"name":"resultFormat","value":"allure2"}],"parameters":[{"name":"all_time","value":"4490"},{"name":"amount","value":"149"},{"name":"case_id","value":"'TD 008'"},{"name":"in_time","value":"3980"},{"name":"link_item","value":"'products/shtukaturka-gipsovaya-aksolit-m50-30-kg-mashinnogo-naneseniya'"},{"name":"standard","value":"2300"},{"name":"url","value":"'https://sandboxtest.stroyrem-nn.ru/'"},{"name":"weight","value":"4500"}],"links":[],"hidden":false,"retry":false,"extra":{"severity":"normal","retries":[],"categories":[],"history":{"statistic":{"failed":0,"broken":13,"skipped":78,"passed":0,"unknown":0,"total":91},"items":[{"uid":"ce4fb2af02814992","reportUrl":"https://Nat754.github.io/StroyremAutomation/118//#testresult/ce4fb2af02814992","status":"skipped","statusDetails":"XFAIL\n\nselenium.common.exceptions.NoSuchElementException: Message: no such element: Unable to locate element: {\"method\":\"xpath\",\"selector\":\"//input[@class='amount']\"}\n  (Session info: headless chrome=119.0.6045.105); For documentation on this error, please visit: https://www.selenium.dev/documentation/webdriver/troubleshooting/errors#no-such-element-exception\nStacktrace:\n#0 0x5614f46d35e3 <unknown>\n#1 0x5614f43960b7 <unknown>\n#2 0x5614f43e3f53 <unknown>\n#3 0x5614f43e4051 <unknown>\n#4 0x5614f44299c4 <unknown>\n#5 0x5614f440af1d <unknown>\n#6 0x5614f4426b3d <unknown>\n#7 0x5614f440acc3 <unknown>\n#8 0x5614f43d60e4 <unknown>\n#9 0x5614f43d70ae <unknown>\n#10 0x5614f4699ce1 <unknown>\n#11 0x5614f469db7e <unknown>\n#12 0x5614f46874b5 <unknown>\n#13 0x5614f469e7d6 <unknown>\n#14 0x5614f466adbf <unknown>\n#15 0x5614f46c1748 <unknown>\n#16 0x5614f46c1917 <unknown>\n#17 0x5614f46d2773 <unknown>\n#18 0x7f6e2a97f044 <unknown>","time":{"start":1699318468122,"stop":1699318471826,"duration":3704}},{"uid":"eb4f7e7a780240d0","reportUrl":"https://Nat754.github.io/StroyremAutomation/117//#testresult/eb4f7e7a780240d0","status":"skipped","statusDetails":"XFAIL\n\nselenium.common.exceptions.NoSuchElementException: Message: no such element: Unable to locate element: {\"method\":\"xpath\",\"selector\":\"//input[@class='amount']\"}\n  (Session info: headless chrome=119.0.6045.105); For documentation on this error, please visit: https://www.selenium.dev/documentation/webdriver/troubleshooting/errors#no-such-element-exception\nStacktrace:\n#0 0x55f5d54c85e3 <unknown>\n#1 0x55f5d518b0b7 <unknown>\n#2 0x55f5d51d8f53 <unknown>\n#3 0x55f5d51d9051 <unknown>\n#4 0x55f5d521e9c4 <unknown>\n#5 0x55f5d51fff1d <unknown>\n#6 0x55f5d521bb3d <unknown>\n#7 0x55f5d51ffcc3 <unknown>\n#8 0x55f5d51cb0e4 <unknown>\n#9 0x55f5d51cc0ae <unknown>\n#10 0x55f5d548ece1 <unknown>\n#11 0x55f5d5492b7e <unknown>\n#12 0x55f5d547c4b5 <unknown>\n#13 0x55f5d54937d6 <unknown>\n#14 0x55f5d545fdbf <unknown>\n#15 0x55f5d54b6748 <unknown>\n#16 0x55f5d54b6917 <unknown>\n#17 0x55f5d54c7773 <unknown>\n#18 0x7f4bd1815044 <unknown>","time":{"start":1699232124443,"stop":1699232128620,"duration":4177}},{"uid":"ed5f06516019f22d","reportUrl":"https://Nat754.github.io/StroyremAutomation/116//#testresult/ed5f06516019f22d","status":"skipped","statusDetails":"XFAIL\n\nselenium.common.exceptions.NoSuchElementException: Message: no such element: Unable to locate element: {\"method\":\"xpath\",\"selector\":\"//input[@class='amount']\"}\n  (Session info: headless chrome=119.0.6045.105); For documentation on this error, please visit: https://www.selenium.dev/documentation/webdriver/troubleshooting/errors#no-such-element-exception\nStacktrace:\n#0 0x55ed49c965e3 <unknown>\n#1 0x55ed499590b7 <unknown>\n#2 0x55ed499a6f53 <unknown>\n#3 0x55ed499a7051 <unknown>\n#4 0x55ed499ec9c4 <unknown>\n#5 0x55ed499cdf1d <unknown>\n#6 0x55ed499e9b3d <unknown>\n#7 0x55ed499cdcc3 <unknown>\n#8 0x55ed499990e4 <unknown>\n#9 0x55ed4999a0ae <unknown>\n#10 0x55ed49c5cce1 <unknown>\n#11 0x55ed49c60b7e <unknown>\n#12 0x55ed49c4a4b5 <unknown>\n#13 0x55ed49c617d6 <unknown>\n#14 0x55ed49c2ddbf <unknown>\n#15 0x55ed49c84748 <unknown>\n#16 0x55ed49c84917 <unknown>\n#17 0x55ed49c95773 <unknown>\n#18 0x7fea5a48c044 <unknown>","time":{"start":1699145875596,"stop":1699145881596,"duration":6000}},{"uid":"bb665c8ef6e73f3e","reportUrl":"https://Nat754.github.io/StroyremAutomation/115//#testresult/bb665c8ef6e73f3e","status":"skipped","statusDetails":"XFAIL\n\nselenium.common.exceptions.NoSuchElementException: Message: no such element: Unable to locate element: {\"method\":\"xpath\",\"selector\":\"//input[@class='amount']\"}\n  (Session info: headless chrome=119.0.6045.105); For documentation on this error, please visit: https://www.selenium.dev/documentation/webdriver/troubleshooting/errors#no-such-element-exception\nStacktrace:\n#0 0x55904d12e5e3 <unknown>\n#1 0x55904cdf10b7 <unknown>\n#2 0x55904ce3ef53 <unknown>\n#3 0x55904ce3f051 <unknown>\n#4 0x55904ce849c4 <unknown>\n#5 0x55904ce65f1d <unknown>\n#6 0x55904ce81b3d <unknown>\n#7 0x55904ce65cc3 <unknown>\n#8 0x55904ce310e4 <unknown>\n#9 0x55904ce320ae <unknown>\n#10 0x55904d0f4ce1 <unknown>\n#11 0x55904d0f8b7e <unknown>\n#12 0x55904d0e24b5 <unknown>\n#13 0x55904d0f97d6 <unknown>\n#14 0x55904d0c5dbf <unknown>\n#15 0x55904d11c748 <unknown>\n#16 0x55904d11c917 <unknown>\n#17 0x55904d12d773 <unknown>\n#18 0x7f1f4d075044 <unknown>","time":{"start":1699059171292,"stop":1699059175066,"duration":3774}},{"uid":"8aa6a7c0aa673d5b","reportUrl":"https://Nat754.github.io/StroyremAutomation/114//#testresult/8aa6a7c0aa673d5b","status":"skipped","statusDetails":"XFAIL\n\nselenium.common.exceptions.NoSuchElementException: Message: no such element: Unable to locate element: {\"method\":\"xpath\",\"selector\":\"//input[@class='amount']\"}\n  (Session info: headless chrome=119.0.6045.105); For documentation on this error, please visit: https://www.selenium.dev/documentation/webdriver/troubleshooting/errors#no-such-element-exception\nStacktrace:\n#0 0x56127fc735e3 <unknown>\n#1 0x56127f9360b7 <unknown>\n#2 0x56127f983f53 <unknown>\n#3 0x56127f984051 <unknown>\n#4 0x56127f9c99c4 <unknown>\n#5 0x56127f9aaf1d <unknown>\n#6 0x56127f9c6b3d <unknown>\n#7 0x56127f9aacc3 <unknown>\n#8 0x56127f9760e4 <unknown>\n#9 0x56127f9770ae <unknown>\n#10 0x56127fc39ce1 <unknown>\n#11 0x56127fc3db7e <unknown>\n#12 0x56127fc274b5 <unknown>\n#13 0x56127fc3e7d6 <unknown>\n#14 0x56127fc0adbf <unknown>\n#15 0x56127fc61748 <unknown>\n#16 0x56127fc61917 <unknown>\n#17 0x56127fc72773 <unknown>\n#18 0x7fb46962c044 <unknown>","time":{"start":1698972782029,"stop":1698972787219,"duration":5190}},{"uid":"a55700e1f672a75","reportUrl":"https://Nat754.github.io/StroyremAutomation/113//#testresult/a55700e1f672a75","status":"skipped","statusDetails":"XFAIL\n\nselenium.common.exceptions.NoSuchElementException: Message: no such element: Unable to locate element: {\"method\":\"xpath\",\"selector\":\"//input[@class='amount']\"}\n  (Session info: headless chrome=119.0.6045.105); For documentation on this error, please visit: https://www.selenium.dev/documentation/webdriver/troubleshooting/errors#no-such-element-exception\nStacktrace:\n#0 0x555794f8e5e3 <unknown>\n#1 0x555794c510b7 <unknown>\n#2 0x555794c9ef53 <unknown>\n#3 0x555794c9f051 <unknown>\n#4 0x555794ce49c4 <unknown>\n#5 0x555794cc5f1d <unknown>\n#6 0x555794ce1b3d <unknown>\n#7 0x555794cc5cc3 <unknown>\n#8 0x555794c910e4 <unknown>\n#9 0x555794c920ae <unknown>\n#10 0x555794f54ce1 <unknown>\n#11 0x555794f58b7e <unknown>\n#12 0x555794f424b5 <unknown>\n#13 0x555794f597d6 <unknown>\n#14 0x555794f25dbf <unknown>\n#15 0x555794f7c748 <unknown>\n#16 0x555794f7c917 <unknown>\n#17 0x555794f8d773 <unknown>\n#18 0x7efda70a8044 <unknown>","time":{"start":1698886418741,"stop":1698886424238,"duration":5497}},{"uid":"c1a0602b2f6167a5","reportUrl":"https://Nat754.github.io/StroyremAutomation/112//#testresult/c1a0602b2f6167a5","status":"skipped","statusDetails":"XFAIL\n\nselenium.common.exceptions.NoSuchElementException: Message: no such element: Unable to locate element: {\"method\":\"xpath\",\"selector\":\"//input[@class='amount']\"}\n  (Session info: headless chrome=119.0.6045.105); For documentation on this error, please visit: https://www.selenium.dev/documentation/webdriver/troubleshooting/errors#no-such-element-exception\nStacktrace:\n#0 0x562dff19c5e3 <unknown>\n#1 0x562dfee5f0b7 <unknown>\n#2 0x562dfeeacf53 <unknown>\n#3 0x562dfeead051 <unknown>\n#4 0x562dfeef29c4 <unknown>\n#5 0x562dfeed3f1d <unknown>\n#6 0x562dfeeefb3d <unknown>\n#7 0x562dfeed3cc3 <unknown>\n#8 0x562dfee9f0e4 <unknown>\n#9 0x562dfeea00ae <unknown>\n#10 0x562dff162ce1 <unknown>\n#11 0x562dff166b7e <unknown>\n#12 0x562dff1504b5 <unknown>\n#13 0x562dff1677d6 <unknown>\n#14 0x562dff133dbf <unknown>\n#15 0x562dff18a748 <unknown>\n#16 0x562dff18a917 <unknown>\n#17 0x562dff19b773 <unknown>\n#18 0x7f331a840044 <unknown>","time":{"start":1698800253739,"stop":1698800259624,"duration":5885}},{"uid":"3c30d9b94c95ef55","reportUrl":"https://Nat754.github.io/StroyremAutomation/111//#testresult/3c30d9b94c95ef55","status":"skipped","statusDetails":"XFAIL\n\nselenium.common.exceptions.NoSuchElementException: Message: no such element: Unable to locate element: {\"method\":\"xpath\",\"selector\":\"//input[@class='amount']\"}\n  (Session info: headless chrome=118.0.5993.70); For documentation on this error, please visit: https://www.selenium.dev/documentation/webdriver/troubleshooting/errors#no-such-element-exception\nStacktrace:\n#0 0x55eef0811fb3 <unknown>\n#1 0x55eef04e54a7 <unknown>\n#2 0x55eef052cdd6 <unknown>\n#3 0x55eef052cec1 <unknown>\n#4 0x55eef056a354 <unknown>\n#5 0x55eef054e96d <unknown>\n#6 0x55eef0567c02 <unknown>\n#7 0x55eef054e713 <unknown>\n#8 0x55eef052118b <unknown>\n#9 0x55eef0521f7e <unknown>\n#10 0x55eef07d78d8 <unknown>\n#11 0x55eef07db800 <unknown>\n#12 0x55eef07e5cfc <unknown>\n#13 0x55eef07dc418 <unknown>\n#14 0x55eef07a942f <unknown>\n#15 0x55eef08004e8 <unknown>\n#16 0x55eef08006b4 <unknown>\n#17 0x55eef0811143 <unknown>\n#18 0x7f6cd3025044 <unknown>","time":{"start":1698713631748,"stop":1698713636172,"duration":4424}},{"uid":"3e466afc46b7b7b5","reportUrl":"https://Nat754.github.io/StroyremAutomation/110//#testresult/3e466afc46b7b7b5","status":"skipped","statusDetails":"XFAIL\n\nselenium.common.exceptions.NoSuchElementException: Message: no such element: Unable to locate element: {\"method\":\"xpath\",\"selector\":\"//input[@class='amount']\"}\n  (Session info: headless chrome=118.0.5993.70); For documentation on this error, please visit: https://www.selenium.dev/documentation/webdriver/troubleshooting/errors#no-such-element-exception\nStacktrace:\n#0 0x563b7bee8fb3 <unknown>\n#1 0x563b7bbbc4a7 <unknown>\n#2 0x563b7bc03dd6 <unknown>\n#3 0x563b7bc03ec1 <unknown>\n#4 0x563b7bc41354 <unknown>\n#5 0x563b7bc2596d <unknown>\n#6 0x563b7bc3ec02 <unknown>\n#7 0x563b7bc25713 <unknown>\n#8 0x563b7bbf818b <unknown>\n#9 0x563b7bbf8f7e <unknown>\n#10 0x563b7beae8d8 <unknown>\n#11 0x563b7beb2800 <unknown>\n#12 0x563b7bebccfc <unknown>\n#13 0x563b7beb3418 <unknown>\n#14 0x563b7be8042f <unknown>\n#15 0x563b7bed74e8 <unknown>\n#16 0x563b7bed76b4 <unknown>\n#17 0x563b7bee8143 <unknown>\n#18 0x7f4fd4d02044 <unknown>","time":{"start":1698627219535,"stop":1698627224331,"duration":4796}},{"uid":"b25c81845bb76976","reportUrl":"https://Nat754.github.io/StroyremAutomation/109//#testresult/b25c81845bb76976","status":"skipped","statusDetails":"XFAIL\n\nselenium.common.exceptions.NoSuchElementException: Message: no such element: Unable to locate element: {\"method\":\"xpath\",\"selector\":\"//input[@class='amount']\"}\n  (Session info: headless chrome=118.0.5993.70); For documentation on this error, please visit: https://www.selenium.dev/documentation/webdriver/troubleshooting/errors#no-such-element-exception\nStacktrace:\n#0 0x5628e8bb2fb3 <unknown>\n#1 0x5628e88864a7 <unknown>\n#2 0x5628e88cddd6 <unknown>\n#3 0x5628e88cdec1 <unknown>\n#4 0x5628e890b354 <unknown>\n#5 0x5628e88ef96d <unknown>\n#6 0x5628e8908c02 <unknown>\n#7 0x5628e88ef713 <unknown>\n#8 0x5628e88c218b <unknown>\n#9 0x5628e88c2f7e <unknown>\n#10 0x5628e8b788d8 <unknown>\n#11 0x5628e8b7c800 <unknown>\n#12 0x5628e8b86cfc <unknown>\n#13 0x5628e8b7d418 <unknown>\n#14 0x5628e8b4a42f <unknown>\n#15 0x5628e8ba14e8 <unknown>\n#16 0x5628e8ba16b4 <unknown>\n#17 0x5628e8bb2143 <unknown>\n#18 0x7f9a278fa044 <unknown>","time":{"start":1698540994719,"stop":1698540998663,"duration":3944}},{"uid":"9f6002628e29319","reportUrl":"https://Nat754.github.io/StroyremAutomation/108//#testresult/9f6002628e29319","status":"skipped","statusDetails":"XFAIL\n\nselenium.common.exceptions.NoSuchElementException: Message: no such element: Unable to locate element: {\"method\":\"xpath\",\"selector\":\"//input[@class='amount']\"}\n  (Session info: headless chrome=118.0.5993.70); For documentation on this error, please visit: https://www.selenium.dev/documentation/webdriver/troubleshooting/errors#no-such-element-exception\nStacktrace:\n#0 0x55794fd10fb3 <unknown>\n#1 0x55794f9e44a7 <unknown>\n#2 0x55794fa2bdd6 <unknown>\n#3 0x55794fa2bec1 <unknown>\n#4 0x55794fa69354 <unknown>\n#5 0x55794fa4d96d <unknown>\n#6 0x55794fa66c02 <unknown>\n#7 0x55794fa4d713 <unknown>\n#8 0x55794fa2018b <unknown>\n#9 0x55794fa20f7e <unknown>\n#10 0x55794fcd68d8 <unknown>\n#11 0x55794fcda800 <unknown>\n#12 0x55794fce4cfc <unknown>\n#13 0x55794fcdb418 <unknown>\n#14 0x55794fca842f <unknown>\n#15 0x55794fcff4e8 <unknown>\n#16 0x55794fcff6b4 <unknown>\n#17 0x55794fd10143 <unknown>\n#18 0x7f224c57c044 <unknown>","time":{"start":1698454327914,"stop":1698454333189,"duration":5275}},{"uid":"812b5b09bfb27bd2","reportUrl":"https://Nat754.github.io/StroyremAutomation/107//#testresult/812b5b09bfb27bd2","status":"skipped","statusDetails":"XFAIL\n\nselenium.common.exceptions.NoSuchElementException: Message: no such element: Unable to locate element: {\"method\":\"xpath\",\"selector\":\"//input[@class='amount']\"}\n  (Session info: headless chrome=118.0.5993.70); For documentation on this error, please visit: https://www.selenium.dev/documentation/webdriver/troubleshooting/errors#no-such-element-exception\nStacktrace:\n#0 0x55ac6aea6fb3 <unknown>\n#1 0x55ac6ab7a4a7 <unknown>\n#2 0x55ac6abc1dd6 <unknown>\n#3 0x55ac6abc1ec1 <unknown>\n#4 0x55ac6abff354 <unknown>\n#5 0x55ac6abe396d <unknown>\n#6 0x55ac6abfcc02 <unknown>\n#7 0x55ac6abe3713 <unknown>\n#8 0x55ac6abb618b <unknown>\n#9 0x55ac6abb6f7e <unknown>\n#10 0x55ac6ae6c8d8 <unknown>\n#11 0x55ac6ae70800 <unknown>\n#12 0x55ac6ae7acfc <unknown>\n#13 0x55ac6ae71418 <unknown>\n#14 0x55ac6ae3e42f <unknown>\n#15 0x55ac6ae954e8 <unknown>\n#16 0x55ac6ae956b4 <unknown>\n#17 0x55ac6aea6143 <unknown>\n#18 0x7f6bcaf62044 <unknown>","time":{"start":1698367936376,"stop":1698367940432,"duration":4056}},{"uid":"22f01fb05685995b","reportUrl":"https://Nat754.github.io/StroyremAutomation/106//#testresult/22f01fb05685995b","status":"skipped","statusDetails":"XFAIL\n\nselenium.common.exceptions.NoSuchElementException: Message: no such element: Unable to locate element: {\"method\":\"xpath\",\"selector\":\"//input[@class='amount']\"}\n  (Session info: headless chrome=118.0.5993.70); For documentation on this error, please visit: https://www.selenium.dev/documentation/webdriver/troubleshooting/errors#no-such-element-exception\nStacktrace:\n#0 0x564aa9dd4fb3 <unknown>\n#1 0x564aa9aa84a7 <unknown>\n#2 0x564aa9aefdd6 <unknown>\n#3 0x564aa9aefec1 <unknown>\n#4 0x564aa9b2d354 <unknown>\n#5 0x564aa9b1196d <unknown>\n#6 0x564aa9b2ac02 <unknown>\n#7 0x564aa9b11713 <unknown>\n#8 0x564aa9ae418b <unknown>\n#9 0x564aa9ae4f7e <unknown>\n#10 0x564aa9d9a8d8 <unknown>\n#11 0x564aa9d9e800 <unknown>\n#12 0x564aa9da8cfc <unknown>\n#13 0x564aa9d9f418 <unknown>\n#14 0x564aa9d6c42f <unknown>\n#15 0x564aa9dc34e8 <unknown>\n#16 0x564aa9dc36b4 <unknown>\n#17 0x564aa9dd4143 <unknown>\n#18 0x7f883f3eb044 <unknown>","time":{"start":1698281544648,"stop":1698281549498,"duration":4850}},{"uid":"b192748119dbd620","reportUrl":"https://Nat754.github.io/StroyremAutomation/105//#testresult/b192748119dbd620","status":"skipped","statusDetails":"XFAIL\n\nselenium.common.exceptions.NoSuchElementException: Message: no such element: Unable to locate element: {\"method\":\"xpath\",\"selector\":\"//input[@class='amount']\"}\n  (Session info: headless chrome=118.0.5993.70); For documentation on this error, please visit: https://www.selenium.dev/documentation/webdriver/troubleshooting/errors#no-such-element-exception\nStacktrace:\n#0 0x564cdab11fb3 <unknown>\n#1 0x564cda7e54a7 <unknown>\n#2 0x564cda82cdd6 <unknown>\n#3 0x564cda82cec1 <unknown>\n#4 0x564cda86a354 <unknown>\n#5 0x564cda84e96d <unknown>\n#6 0x564cda867c02 <unknown>\n#7 0x564cda84e713 <unknown>\n#8 0x564cda82118b <unknown>\n#9 0x564cda821f7e <unknown>\n#10 0x564cdaad78d8 <unknown>\n#11 0x564cdaadb800 <unknown>\n#12 0x564cdaae5cfc <unknown>\n#13 0x564cdaadc418 <unknown>\n#14 0x564cdaaa942f <unknown>\n#15 0x564cdab004e8 <unknown>\n#16 0x564cdab006b4 <unknown>\n#17 0x564cdab11143 <unknown>\n#18 0x7fb472eb8044 <unknown>","time":{"start":1698195174714,"stop":1698195178837,"duration":4123}},{"uid":"4febc38bb021a08e","reportUrl":"https://Nat754.github.io/StroyremAutomation/104//#testresult/4febc38bb021a08e","status":"skipped","statusDetails":"XFAIL\n\nselenium.common.exceptions.NoSuchElementException: Message: no such element: Unable to locate element: {\"method\":\"xpath\",\"selector\":\"//input[@class='amount']\"}\n  (Session info: headless chrome=118.0.5993.70); For documentation on this error, please visit: https://www.selenium.dev/documentation/webdriver/troubleshooting/errors#no-such-element-exception\nStacktrace:\n#0 0x557c3a089fb3 <unknown>\n#1 0x557c39d5d4a7 <unknown>\n#2 0x557c39da4dd6 <unknown>\n#3 0x557c39da4ec1 <unknown>\n#4 0x557c39de2354 <unknown>\n#5 0x557c39dc696d <unknown>\n#6 0x557c39ddfc02 <unknown>\n#7 0x557c39dc6713 <unknown>\n#8 0x557c39d9918b <unknown>\n#9 0x557c39d99f7e <unknown>\n#10 0x557c3a04f8d8 <unknown>\n#11 0x557c3a053800 <unknown>\n#12 0x557c3a05dcfc <unknown>\n#13 0x557c3a054418 <unknown>\n#14 0x557c3a02142f <unknown>\n#15 0x557c3a0784e8 <unknown>\n#16 0x557c3a0786b4 <unknown>\n#17 0x557c3a089143 <unknown>\n#18 0x7f3e6fec1044 <unknown>","time":{"start":1698108813723,"stop":1698108819548,"duration":5825}},{"uid":"db65cfff0ecb690a","reportUrl":"https://Nat754.github.io/StroyremAutomation/103//#testresult/db65cfff0ecb690a","status":"skipped","statusDetails":"XFAIL\n\nselenium.common.exceptions.NoSuchElementException: Message: no such element: Unable to locate element: {\"method\":\"xpath\",\"selector\":\"//input[@class='amount']\"}\n  (Session info: headless chrome=118.0.5993.70); For documentation on this error, please visit: https://www.selenium.dev/documentation/webdriver/troubleshooting/errors#no-such-element-exception\nStacktrace:\n#0 0x56328a067fb3 <unknown>\n#1 0x563289d3b4a7 <unknown>\n#2 0x563289d82dd6 <unknown>\n#3 0x563289d82ec1 <unknown>\n#4 0x563289dc0354 <unknown>\n#5 0x563289da496d <unknown>\n#6 0x563289dbdc02 <unknown>\n#7 0x563289da4713 <unknown>\n#8 0x563289d7718b <unknown>\n#9 0x563289d77f7e <unknown>\n#10 0x56328a02d8d8 <unknown>\n#11 0x56328a031800 <unknown>\n#12 0x56328a03bcfc <unknown>\n#13 0x56328a032418 <unknown>\n#14 0x563289fff42f <unknown>\n#15 0x56328a0564e8 <unknown>\n#16 0x56328a0566b4 <unknown>\n#17 0x56328a067143 <unknown>\n#18 0x7f1fa6901044 <unknown>","time":{"start":1698022522009,"stop":1698022527821,"duration":5812}},{"uid":"1ed79247c5d28e9c","reportUrl":"https://Nat754.github.io/StroyremAutomation/102//#testresult/1ed79247c5d28e9c","status":"skipped","statusDetails":"XFAIL\n\nselenium.common.exceptions.NoSuchElementException: Message: no such element: Unable to locate element: {\"method\":\"xpath\",\"selector\":\"//input[@class='amount']\"}\n  (Session info: headless chrome=118.0.5993.70); For documentation on this error, please visit: https://www.selenium.dev/documentation/webdriver/troubleshooting/errors#no-such-element-exception\nStacktrace:\n#0 0x564fa55dbfb3 <unknown>\n#1 0x564fa52af4a7 <unknown>\n#2 0x564fa52f6dd6 <unknown>\n#3 0x564fa52f6ec1 <unknown>\n#4 0x564fa5334354 <unknown>\n#5 0x564fa531896d <unknown>\n#6 0x564fa5331c02 <unknown>\n#7 0x564fa5318713 <unknown>\n#8 0x564fa52eb18b <unknown>\n#9 0x564fa52ebf7e <unknown>\n#10 0x564fa55a18d8 <unknown>\n#11 0x564fa55a5800 <unknown>\n#12 0x564fa55afcfc <unknown>\n#13 0x564fa55a6418 <unknown>\n#14 0x564fa557342f <unknown>\n#15 0x564fa55ca4e8 <unknown>\n#16 0x564fa55ca6b4 <unknown>\n#17 0x564fa55db143 <unknown>\n#18 0x7f2441422044 <unknown>","time":{"start":1697936205453,"stop":1697936210323,"duration":4870}},{"uid":"3072f3c1eb1deaaa","reportUrl":"https://Nat754.github.io/StroyremAutomation/101//#testresult/3072f3c1eb1deaaa","status":"skipped","statusDetails":"XFAIL\n\nselenium.common.exceptions.NoSuchElementException: Message: no such element: Unable to locate element: {\"method\":\"xpath\",\"selector\":\"//input[@class='amount']\"}\n  (Session info: headless chrome=118.0.5993.70); For documentation on this error, please visit: https://www.selenium.dev/documentation/webdriver/troubleshooting/errors#no-such-element-exception\nStacktrace:\n#0 0x55be2e504fb3 <unknown>\n#1 0x55be2e1d84a7 <unknown>\n#2 0x55be2e21fdd6 <unknown>\n#3 0x55be2e21fec1 <unknown>\n#4 0x55be2e25d354 <unknown>\n#5 0x55be2e24196d <unknown>\n#6 0x55be2e25ac02 <unknown>\n#7 0x55be2e241713 <unknown>\n#8 0x55be2e21418b <unknown>\n#9 0x55be2e214f7e <unknown>\n#10 0x55be2e4ca8d8 <unknown>\n#11 0x55be2e4ce800 <unknown>\n#12 0x55be2e4d8cfc <unknown>\n#13 0x55be2e4cf418 <unknown>\n#14 0x55be2e49c42f <unknown>\n#15 0x55be2e4f34e8 <unknown>\n#16 0x55be2e4f36b4 <unknown>\n#17 0x55be2e504143 <unknown>\n#18 0x7f68e5cb1044 <unknown>","time":{"start":1697849553184,"stop":1697849559175,"duration":5991}},{"uid":"907638d6984c4a9b","reportUrl":"https://Nat754.github.io/StroyremAutomation/100//#testresult/907638d6984c4a9b","status":"skipped","statusDetails":"XFAIL\n\nselenium.common.exceptions.NoSuchElementException: Message: no such element: Unable to locate element: {\"method\":\"xpath\",\"selector\":\"//input[@class='amount']\"}\n  (Session info: headless chrome=118.0.5993.70); For documentation on this error, please visit: https://www.selenium.dev/documentation/webdriver/troubleshooting/errors#no-such-element-exception\nStacktrace:\n#0 0x55f6ce25efb3 <unknown>\n#1 0x55f6cdf324a7 <unknown>\n#2 0x55f6cdf79dd6 <unknown>\n#3 0x55f6cdf79ec1 <unknown>\n#4 0x55f6cdfb7354 <unknown>\n#5 0x55f6cdf9b96d <unknown>\n#6 0x55f6cdfb4c02 <unknown>\n#7 0x55f6cdf9b713 <unknown>\n#8 0x55f6cdf6e18b <unknown>\n#9 0x55f6cdf6ef7e <unknown>\n#10 0x55f6ce2248d8 <unknown>\n#11 0x55f6ce228800 <unknown>\n#12 0x55f6ce232cfc <unknown>\n#13 0x55f6ce229418 <unknown>\n#14 0x55f6ce1f642f <unknown>\n#15 0x55f6ce24d4e8 <unknown>\n#16 0x55f6ce24d6b4 <unknown>\n#17 0x55f6ce25e143 <unknown>\n#18 0x7fdb0aadc044 <unknown>","time":{"start":1697763215579,"stop":1697763221263,"duration":5684}},{"uid":"ffa3c46cac33aa90","reportUrl":"https://Nat754.github.io/StroyremAutomation/99//#testresult/ffa3c46cac33aa90","status":"skipped","statusDetails":"XFAIL\n\nselenium.common.exceptions.NoSuchElementException: Message: no such element: Unable to locate element: {\"method\":\"xpath\",\"selector\":\"//input[@class='amount']\"}\n  (Session info: headless chrome=118.0.5993.70); For documentation on this error, please visit: https://www.selenium.dev/documentation/webdriver/troubleshooting/errors#no-such-element-exception\nStacktrace:\n#0 0x559bbc5d0fb3 <unknown>\n#1 0x559bbc2a44a7 <unknown>\n#2 0x559bbc2ebdd6 <unknown>\n#3 0x559bbc2ebec1 <unknown>\n#4 0x559bbc329354 <unknown>\n#5 0x559bbc30d96d <unknown>\n#6 0x559bbc326c02 <unknown>\n#7 0x559bbc30d713 <unknown>\n#8 0x559bbc2e018b <unknown>\n#9 0x559bbc2e0f7e <unknown>\n#10 0x559bbc5968d8 <unknown>\n#11 0x559bbc59a800 <unknown>\n#12 0x559bbc5a4cfc <unknown>\n#13 0x559bbc59b418 <unknown>\n#14 0x559bbc56842f <unknown>\n#15 0x559bbc5bf4e8 <unknown>\n#16 0x559bbc5bf6b4 <unknown>\n#17 0x559bbc5d0143 <unknown>\n#18 0x7f13cefc8044 <unknown>","time":{"start":1697676802440,"stop":1697676807461,"duration":5021}}]},"tags":["@pytest.mark.xfail","smoke_test"]},"source":"99d54f461c4045bb.json","parameterValues":["4490","149","'TD 008'","3980","'products/shtukaturka-gipsovaya-aksolit-m50-30-kg-mashinnogo-naneseniya'","2300","'https://sandboxtest.stroyrem-nn.ru/'","4500"]}