{"uid":"cb00300bc1320534","name":"test_positive_delivery_green_zone_smoke[TD 004-products/shtukaturka-gipsovaya-aksolit-m50-30-kg-mashinnogo-naneseniya-13-400-450-1590-2190-https://sandboxtest.stroyrem-nn.ru/]","fullName":"tests.delivery.test_delivery_calculation.TestDeliveryPageCalculation#test_positive_delivery_green_zone_smoke","historyId":"ce812b2a55ed9f6130bedf202fa509e3","time":{"start":1707094481714,"stop":1707094482139,"duration":425},"status":"skipped","statusMessage":"XFAIL\n\nselenium.common.exceptions.NoSuchElementException: Message: no such element: Unable to locate element: {\"method\":\"xpath\",\"selector\":\"(//a[@class='add-to-cart yellow-btn'])[1]\"}\n  (Session info: chrome-headless-shell=121.0.6167.85); For documentation on this error, please visit: https://www.selenium.dev/documentation/webdriver/troubleshooting/errors#no-such-element-exception\nStacktrace:\n#0 0x5637adffbd93 <unknown>\n#1 0x5637adcdf337 <unknown>\n#2 0x5637add2ad60 <unknown>\n#3 0x5637add2ae51 <unknown>\n#4 0x5637add6ebc4 <unknown>\n#5 0x5637add4d46d <unknown>\n#6 0x5637add6c12d <unknown>\n#7 0x5637add4d1e3 <unknown>\n#8 0x5637add1d135 <unknown>\n#9 0x5637add1e13e <unknown>\n#10 0x5637adfbfe4b <unknown>\n#11 0x5637adfc3dfa <unknown>\n#12 0x5637adfac6d5 <unknown>\n#13 0x5637adfc4a6f <unknown>\n#14 0x5637adf9069f <unknown>\n#15 0x5637adfe9098 <unknown>\n#16 0x5637adfe9262 <unknown>\n#17 0x5637adffaf34 <unknown>\n#18 0x7f796d855134 <unknown>","statusTrace":"self = <tests.delivery.test_delivery_calculation.TestDeliveryPageCalculation object at 0x7eff3f419d90>\ndriver = <selenium.webdriver.chrome.webdriver.WebDriver (session=\"7126c68d4f98fd229b725003039ae01c\")>\nurl = 'https://sandboxtest.stroyrem-nn.ru/', case_id = 'TD 004'\nlink_item = 'products/shtukaturka-gipsovaya-aksolit-m50-30-kg-mashinnogo-naneseniya'\namount = 13, weight = 400, standard = 450, in_time = 1590, all_time = 2190\n\n    @pytest.mark.parametrize('case_id, link_item, amount, weight, standard, in_time, all_time', [\n        (\"TD 001\", uroven_3000, 1, 30, 0, 1590, 2190),\n        (\"TD 002\", bundeks_25, 1, 30, 400, 1590, 2190),\n        (\"TD 003\", aksolit_30, 8, 300, 400, 1590, 2190),\n        (\"TD 004\", aksolit_30, 13, 400, 450, 1590, 2190),\n        (\"TD 005\", aksolit_30, 16, 500, 600, 1590, 2190),\n        (\"TD 006\", aksolit_30, 25, 1700, 990, 1990, 2480),\n        (\"TD 007\", aksolit_30, 66, 2000, 1300, 2490, 2980),\n        (\"TD 008\", aksolit_30, 149, 4500, 2300, 3980, 4490),\n        (\"TD 009\", aksolit_30, 166, 5000, 2500, 4990, 5480),\n        pytest.param(\n            \"TD 010\", aksolit_30, 206, 6200, 2900, 5570, 6120,\n            marks=pytest.mark.xfail(reson=\"Цена доставки 3600 7960 8980\")\n        ),\n        (\"TD 011\", aksolit_30, 299, 9000, 3600, 7960, 8980),\n        (\"TD 012\", aksolit_30, 333, 10000, 4450, 11990, 12500),\n        pytest.param(\n            \"TD 013\", aksolit_30, 366, 11000, 4800, 12450, 13480,\n            marks=pytest.mark.xfail(reason=\"Цена стандартной доставки 4450\")\n        ),\n        pytest.param(\n            \"TD 014\", aksolit_30, 666, 20000, 5400, 15600, 17490,\n            marks=pytest.mark.xfail(reason=\"Цена стандартной доставки 4450\")\n        )\n    ])\n    @pytest.mark.xfail\n    @pytest.mark.smoke_test\n    def test_positive_delivery_green_zone_smoke(\n            self, driver, url, case_id, link_item, amount, weight, standard, in_time, all_time\n    ):\n    \n        driver.get(f'{url}{link_item}')\n        item_page = ItemPage(driver)\n>       item_page.add_item_to_cart(amount).click_on_cart()\n\ntests/delivery/test_delivery_calculation.py:50: \n_ _ _ _ _ _ _ _ _ _ _ _ _ _ _ _ _ _ _ _ _ _ _ _ _ _ _ _ _ _ _ _ _ _ _ _ _ _ _ _ \npages/item_page.py:40: in add_item_to_cart\n    self.find_element(self._add_item).click()\nbase/seleniumbase.py:17: in find_element\n    return self.driver.find_element(*locator)\n/usr/local/lib/python3.11/site-packages/selenium/webdriver/remote/webdriver.py:739: in find_element\n    return self.execute(Command.FIND_ELEMENT, {\"using\": by, \"value\": value})[\"value\"]\n/usr/local/lib/python3.11/site-packages/selenium/webdriver/remote/webdriver.py:345: in execute\n    self.error_handler.check_response(response)\n_ _ _ _ _ _ _ _ _ _ _ _ _ _ _ _ _ _ _ _ _ _ _ _ _ _ _ _ _ _ _ _ _ _ _ _ _ _ _ _ \n\nself = <selenium.webdriver.remote.errorhandler.ErrorHandler object at 0x7eff3edb5c90>\nresponse = {'status': 404, 'value': '{\"value\":{\"error\":\"no such element\",\"message\":\"no such element: Unable to locate element: {\\...\\\\n#16 0x5637adfe9262 \\\\u003Cunknown>\\\\n#17 0x5637adffaf34 \\\\u003Cunknown>\\\\n#18 0x7f796d855134 \\\\u003Cunknown>\\\\n\"}}'}\n\n    def check_response(self, response: Dict[str, Any]) -> None:\n        \"\"\"Checks that a JSON response from the WebDriver does not have an\n        error.\n    \n        :Args:\n         - response - The JSON response from the WebDriver server as a dictionary\n           object.\n    \n        :Raises: If the response contains an error message.\n        \"\"\"\n        status = response.get(\"status\", None)\n        if not status or status == ErrorCode.SUCCESS:\n            return\n        value = None\n        message = response.get(\"message\", \"\")\n        screen: str = response.get(\"screen\", \"\")\n        stacktrace = None\n        if isinstance(status, int):\n            value_json = response.get(\"value\", None)\n            if value_json and isinstance(value_json, str):\n                import json\n    \n                try:\n                    value = json.loads(value_json)\n                    if len(value) == 1:\n                        value = value[\"value\"]\n                    status = value.get(\"error\", None)\n                    if not status:\n                        status = value.get(\"status\", ErrorCode.UNKNOWN_ERROR)\n                        message = value.get(\"value\") or value.get(\"message\")\n                        if not isinstance(message, str):\n                            value = message\n                            message = message.get(\"message\")\n                    else:\n                        message = value.get(\"message\", None)\n                except ValueError:\n                    pass\n    \n        exception_class: Type[WebDriverException]\n        e = ErrorCode()\n        error_codes = [item for item in dir(e) if not item.startswith(\"__\")]\n        for error_code in error_codes:\n            error_info = getattr(ErrorCode, error_code)\n            if isinstance(error_info, list) and status in error_info:\n                exception_class = getattr(ExceptionMapping, error_code, WebDriverException)\n                break\n        else:\n            exception_class = WebDriverException\n    \n        if not value:\n            value = response[\"value\"]\n        if isinstance(value, str):\n            raise exception_class(value)\n        if message == \"\" and \"message\" in value:\n            message = value[\"message\"]\n    \n        screen = None  # type: ignore[assignment]\n        if \"screen\" in value:\n            screen = value[\"screen\"]\n    \n        stacktrace = None\n        st_value = value.get(\"stackTrace\") or value.get(\"stacktrace\")\n        if st_value:\n            if isinstance(st_value, str):\n                stacktrace = st_value.split(\"\\n\")\n            else:\n                stacktrace = []\n                try:\n                    for frame in st_value:\n                        line = frame.get(\"lineNumber\", \"\")\n                        file = frame.get(\"fileName\", \"<anonymous>\")\n                        if line:\n                            file = f\"{file}:{line}\"\n                        meth = frame.get(\"methodName\", \"<anonymous>\")\n                        if \"className\" in frame:\n                            meth = f\"{frame['className']}.{meth}\"\n                        msg = \"    at %s (%s)\"\n                        msg = msg % (meth, file)\n                        stacktrace.append(msg)\n                except TypeError:\n                    pass\n        if exception_class == UnexpectedAlertPresentException:\n            alert_text = None\n            if \"data\" in value:\n                alert_text = value[\"data\"].get(\"text\")\n            elif \"alert\" in value:\n                alert_text = value[\"alert\"].get(\"text\")\n            raise exception_class(message, screen, stacktrace, alert_text)  # type: ignore[call-arg]  # mypy is not smart enough here\n>       raise exception_class(message, screen, stacktrace)\nE       selenium.common.exceptions.NoSuchElementException: Message: no such element: Unable to locate element: {\"method\":\"xpath\",\"selector\":\"(//a[@class='add-to-cart yellow-btn'])[1]\"}\nE         (Session info: chrome-headless-shell=121.0.6167.85); For documentation on this error, please visit: https://www.selenium.dev/documentation/webdriver/troubleshooting/errors#no-such-element-exception\nE       Stacktrace:\nE       #0 0x5637adffbd93 <unknown>\nE       #1 0x5637adcdf337 <unknown>\nE       #2 0x5637add2ad60 <unknown>\nE       #3 0x5637add2ae51 <unknown>\nE       #4 0x5637add6ebc4 <unknown>\nE       #5 0x5637add4d46d <unknown>\nE       #6 0x5637add6c12d <unknown>\nE       #7 0x5637add4d1e3 <unknown>\nE       #8 0x5637add1d135 <unknown>\nE       #9 0x5637add1e13e <unknown>\nE       #10 0x5637adfbfe4b <unknown>\nE       #11 0x5637adfc3dfa <unknown>\nE       #12 0x5637adfac6d5 <unknown>\nE       #13 0x5637adfc4a6f <unknown>\nE       #14 0x5637adf9069f <unknown>\nE       #15 0x5637adfe9098 <unknown>\nE       #16 0x5637adfe9262 <unknown>\nE       #17 0x5637adffaf34 <unknown>\nE       #18 0x7f796d855134 <unknown>\n\n/usr/local/lib/python3.11/site-packages/selenium/webdriver/remote/errorhandler.py:229: NoSuchElementException","flaky":false,"newFailed":false,"newBroken":false,"newPassed":false,"retriesCount":0,"retriesStatusChange":false,"beforeStages":[{"name":"_session_faker","time":{"start":1707094234258,"stop":1707094234324,"duration":66},"status":"passed","steps":[],"attachments":[],"parameters":[],"shouldDisplayMessage":false,"stepsCount":0,"attachmentsCount":0,"hasContent":false,"attachmentStep":false},{"name":"clear_allure_results_folder","time":{"start":1707094234324,"stop":1707094234324,"duration":0},"status":"passed","steps":[],"attachments":[],"parameters":[],"shouldDisplayMessage":false,"stepsCount":0,"attachmentsCount":0,"hasContent":false,"attachmentStep":false},{"name":"driver","time":{"start":1707094480939,"stop":1707094481713,"duration":774},"status":"passed","steps":[],"attachments":[],"parameters":[],"shouldDisplayMessage":false,"stepsCount":0,"attachmentsCount":0,"hasContent":false,"attachmentStep":false},{"name":"setup","time":{"start":1707094481713,"stop":1707094481713,"duration":0},"status":"passed","steps":[],"attachments":[],"parameters":[],"shouldDisplayMessage":false,"stepsCount":0,"attachmentsCount":0,"hasContent":false,"attachmentStep":false}],"testStage":{"status":"skipped","statusMessage":"XFAIL\n\nselenium.common.exceptions.NoSuchElementException: Message: no such element: Unable to locate element: {\"method\":\"xpath\",\"selector\":\"(//a[@class='add-to-cart yellow-btn'])[1]\"}\n  (Session info: chrome-headless-shell=121.0.6167.85); For documentation on this error, please visit: https://www.selenium.dev/documentation/webdriver/troubleshooting/errors#no-such-element-exception\nStacktrace:\n#0 0x5637adffbd93 <unknown>\n#1 0x5637adcdf337 <unknown>\n#2 0x5637add2ad60 <unknown>\n#3 0x5637add2ae51 <unknown>\n#4 0x5637add6ebc4 <unknown>\n#5 0x5637add4d46d <unknown>\n#6 0x5637add6c12d <unknown>\n#7 0x5637add4d1e3 <unknown>\n#8 0x5637add1d135 <unknown>\n#9 0x5637add1e13e <unknown>\n#10 0x5637adfbfe4b <unknown>\n#11 0x5637adfc3dfa <unknown>\n#12 0x5637adfac6d5 <unknown>\n#13 0x5637adfc4a6f <unknown>\n#14 0x5637adf9069f <unknown>\n#15 0x5637adfe9098 <unknown>\n#16 0x5637adfe9262 <unknown>\n#17 0x5637adffaf34 <unknown>\n#18 0x7f796d855134 <unknown>","statusTrace":"self = <tests.delivery.test_delivery_calculation.TestDeliveryPageCalculation object at 0x7eff3f419d90>\ndriver = <selenium.webdriver.chrome.webdriver.WebDriver (session=\"7126c68d4f98fd229b725003039ae01c\")>\nurl = 'https://sandboxtest.stroyrem-nn.ru/', case_id = 'TD 004'\nlink_item = 'products/shtukaturka-gipsovaya-aksolit-m50-30-kg-mashinnogo-naneseniya'\namount = 13, weight = 400, standard = 450, in_time = 1590, all_time = 2190\n\n    @pytest.mark.parametrize('case_id, link_item, amount, weight, standard, in_time, all_time', [\n        (\"TD 001\", uroven_3000, 1, 30, 0, 1590, 2190),\n        (\"TD 002\", bundeks_25, 1, 30, 400, 1590, 2190),\n        (\"TD 003\", aksolit_30, 8, 300, 400, 1590, 2190),\n        (\"TD 004\", aksolit_30, 13, 400, 450, 1590, 2190),\n        (\"TD 005\", aksolit_30, 16, 500, 600, 1590, 2190),\n        (\"TD 006\", aksolit_30, 25, 1700, 990, 1990, 2480),\n        (\"TD 007\", aksolit_30, 66, 2000, 1300, 2490, 2980),\n        (\"TD 008\", aksolit_30, 149, 4500, 2300, 3980, 4490),\n        (\"TD 009\", aksolit_30, 166, 5000, 2500, 4990, 5480),\n        pytest.param(\n            \"TD 010\", aksolit_30, 206, 6200, 2900, 5570, 6120,\n            marks=pytest.mark.xfail(reson=\"Цена доставки 3600 7960 8980\")\n        ),\n        (\"TD 011\", aksolit_30, 299, 9000, 3600, 7960, 8980),\n        (\"TD 012\", aksolit_30, 333, 10000, 4450, 11990, 12500),\n        pytest.param(\n            \"TD 013\", aksolit_30, 366, 11000, 4800, 12450, 13480,\n            marks=pytest.mark.xfail(reason=\"Цена стандартной доставки 4450\")\n        ),\n        pytest.param(\n            \"TD 014\", aksolit_30, 666, 20000, 5400, 15600, 17490,\n            marks=pytest.mark.xfail(reason=\"Цена стандартной доставки 4450\")\n        )\n    ])\n    @pytest.mark.xfail\n    @pytest.mark.smoke_test\n    def test_positive_delivery_green_zone_smoke(\n            self, driver, url, case_id, link_item, amount, weight, standard, in_time, all_time\n    ):\n    \n        driver.get(f'{url}{link_item}')\n        item_page = ItemPage(driver)\n>       item_page.add_item_to_cart(amount).click_on_cart()\n\ntests/delivery/test_delivery_calculation.py:50: \n_ _ _ _ _ _ _ _ _ _ _ _ _ _ _ _ _ _ _ _ _ _ _ _ _ _ _ _ _ _ _ _ _ _ _ _ _ _ _ _ \npages/item_page.py:40: in add_item_to_cart\n    self.find_element(self._add_item).click()\nbase/seleniumbase.py:17: in find_element\n    return self.driver.find_element(*locator)\n/usr/local/lib/python3.11/site-packages/selenium/webdriver/remote/webdriver.py:739: in find_element\n    return self.execute(Command.FIND_ELEMENT, {\"using\": by, \"value\": value})[\"value\"]\n/usr/local/lib/python3.11/site-packages/selenium/webdriver/remote/webdriver.py:345: in execute\n    self.error_handler.check_response(response)\n_ _ _ _ _ _ _ _ _ _ _ _ _ _ _ _ _ _ _ _ _ _ _ _ _ _ _ _ _ _ _ _ _ _ _ _ _ _ _ _ \n\nself = <selenium.webdriver.remote.errorhandler.ErrorHandler object at 0x7eff3edb5c90>\nresponse = {'status': 404, 'value': '{\"value\":{\"error\":\"no such element\",\"message\":\"no such element: Unable to locate element: {\\...\\\\n#16 0x5637adfe9262 \\\\u003Cunknown>\\\\n#17 0x5637adffaf34 \\\\u003Cunknown>\\\\n#18 0x7f796d855134 \\\\u003Cunknown>\\\\n\"}}'}\n\n    def check_response(self, response: Dict[str, Any]) -> None:\n        \"\"\"Checks that a JSON response from the WebDriver does not have an\n        error.\n    \n        :Args:\n         - response - The JSON response from the WebDriver server as a dictionary\n           object.\n    \n        :Raises: If the response contains an error message.\n        \"\"\"\n        status = response.get(\"status\", None)\n        if not status or status == ErrorCode.SUCCESS:\n            return\n        value = None\n        message = response.get(\"message\", \"\")\n        screen: str = response.get(\"screen\", \"\")\n        stacktrace = None\n        if isinstance(status, int):\n            value_json = response.get(\"value\", None)\n            if value_json and isinstance(value_json, str):\n                import json\n    \n                try:\n                    value = json.loads(value_json)\n                    if len(value) == 1:\n                        value = value[\"value\"]\n                    status = value.get(\"error\", None)\n                    if not status:\n                        status = value.get(\"status\", ErrorCode.UNKNOWN_ERROR)\n                        message = value.get(\"value\") or value.get(\"message\")\n                        if not isinstance(message, str):\n                            value = message\n                            message = message.get(\"message\")\n                    else:\n                        message = value.get(\"message\", None)\n                except ValueError:\n                    pass\n    \n        exception_class: Type[WebDriverException]\n        e = ErrorCode()\n        error_codes = [item for item in dir(e) if not item.startswith(\"__\")]\n        for error_code in error_codes:\n            error_info = getattr(ErrorCode, error_code)\n            if isinstance(error_info, list) and status in error_info:\n                exception_class = getattr(ExceptionMapping, error_code, WebDriverException)\n                break\n        else:\n            exception_class = WebDriverException\n    \n        if not value:\n            value = response[\"value\"]\n        if isinstance(value, str):\n            raise exception_class(value)\n        if message == \"\" and \"message\" in value:\n            message = value[\"message\"]\n    \n        screen = None  # type: ignore[assignment]\n        if \"screen\" in value:\n            screen = value[\"screen\"]\n    \n        stacktrace = None\n        st_value = value.get(\"stackTrace\") or value.get(\"stacktrace\")\n        if st_value:\n            if isinstance(st_value, str):\n                stacktrace = st_value.split(\"\\n\")\n            else:\n                stacktrace = []\n                try:\n                    for frame in st_value:\n                        line = frame.get(\"lineNumber\", \"\")\n                        file = frame.get(\"fileName\", \"<anonymous>\")\n                        if line:\n                            file = f\"{file}:{line}\"\n                        meth = frame.get(\"methodName\", \"<anonymous>\")\n                        if \"className\" in frame:\n                            meth = f\"{frame['className']}.{meth}\"\n                        msg = \"    at %s (%s)\"\n                        msg = msg % (meth, file)\n                        stacktrace.append(msg)\n                except TypeError:\n                    pass\n        if exception_class == UnexpectedAlertPresentException:\n            alert_text = None\n            if \"data\" in value:\n                alert_text = value[\"data\"].get(\"text\")\n            elif \"alert\" in value:\n                alert_text = value[\"alert\"].get(\"text\")\n            raise exception_class(message, screen, stacktrace, alert_text)  # type: ignore[call-arg]  # mypy is not smart enough here\n>       raise exception_class(message, screen, stacktrace)\nE       selenium.common.exceptions.NoSuchElementException: Message: no such element: Unable to locate element: {\"method\":\"xpath\",\"selector\":\"(//a[@class='add-to-cart yellow-btn'])[1]\"}\nE         (Session info: chrome-headless-shell=121.0.6167.85); For documentation on this error, please visit: https://www.selenium.dev/documentation/webdriver/troubleshooting/errors#no-such-element-exception\nE       Stacktrace:\nE       #0 0x5637adffbd93 <unknown>\nE       #1 0x5637adcdf337 <unknown>\nE       #2 0x5637add2ad60 <unknown>\nE       #3 0x5637add2ae51 <unknown>\nE       #4 0x5637add6ebc4 <unknown>\nE       #5 0x5637add4d46d <unknown>\nE       #6 0x5637add6c12d <unknown>\nE       #7 0x5637add4d1e3 <unknown>\nE       #8 0x5637add1d135 <unknown>\nE       #9 0x5637add1e13e <unknown>\nE       #10 0x5637adfbfe4b <unknown>\nE       #11 0x5637adfc3dfa <unknown>\nE       #12 0x5637adfac6d5 <unknown>\nE       #13 0x5637adfc4a6f <unknown>\nE       #14 0x5637adf9069f <unknown>\nE       #15 0x5637adfe9098 <unknown>\nE       #16 0x5637adfe9262 <unknown>\nE       #17 0x5637adffaf34 <unknown>\nE       #18 0x7f796d855134 <unknown>\n\n/usr/local/lib/python3.11/site-packages/selenium/webdriver/remote/errorhandler.py:229: NoSuchElementException","steps":[{"name":"Добавляем товар в корзину в количестве 13","time":{"start":1707094482126,"stop":1707094482138,"duration":12},"status":"broken","statusMessage":"selenium.common.exceptions.NoSuchElementException: Message: no such element: Unable to locate element: {\"method\":\"xpath\",\"selector\":\"(//a[@class='add-to-cart yellow-btn'])[1]\"}\n  (Session info: chrome-headless-shell=121.0.6167.85); For documentation on this error, please visit: https://www.selenium.dev/documentation/webdriver/troubleshooting/errors#no-such-element-exception\nStacktrace:\n#0 0x5637adffbd93 <unknown>\n#1 0x5637adcdf337 <unknown>\n#2 0x5637add2ad60 <unknown>\n#3 0x5637add2ae51 <unknown>\n#4 0x5637add6ebc4 <unknown>\n#5 0x5637add4d46d <unknown>\n#6 0x5637add6c12d <unknown>\n#7 0x5637add4d1e3 <unknown>\n#8 0x5637add1d135 <unknown>\n#9 0x5637add1e13e <unknown>\n#10 0x5637adfbfe4b <unknown>\n#11 0x5637adfc3dfa <unknown>\n#12 0x5637adfac6d5 <unknown>\n#13 0x5637adfc4a6f <unknown>\n#14 0x5637adf9069f <unknown>\n#15 0x5637adfe9098 <unknown>\n#16 0x5637adfe9262 <unknown>\n#17 0x5637adffaf34 <unknown>\n#18 0x7f796d855134 <unknown>\n\n","statusTrace":"  File \"/usr/local/lib/python3.11/site-packages/allure_commons/_allure.py\", line 192, in impl\n    return func(*a, **kw)\n           ^^^^^^^^^^^^^^\n  File \"/app/pages/item_page.py\", line 40, in add_item_to_cart\n    self.find_element(self._add_item).click()\n    ^^^^^^^^^^^^^^^^^^^^^^^^^^^^^^^^^\n  File \"/app/base/seleniumbase.py\", line 17, in find_element\n    return self.driver.find_element(*locator)\n           ^^^^^^^^^^^^^^^^^^^^^^^^^^^^^^^^^^\n  File \"/usr/local/lib/python3.11/site-packages/selenium/webdriver/remote/webdriver.py\", line 739, in find_element\n    return self.execute(Command.FIND_ELEMENT, {\"using\": by, \"value\": value})[\"value\"]\n           ^^^^^^^^^^^^^^^^^^^^^^^^^^^^^^^^^^^^^^^^^^^^^^^^^^^^^^^^^^^^^^^^^\n  File \"/usr/local/lib/python3.11/site-packages/selenium/webdriver/remote/webdriver.py\", line 345, in execute\n    self.error_handler.check_response(response)\n  File \"/usr/local/lib/python3.11/site-packages/selenium/webdriver/remote/errorhandler.py\", line 229, in check_response\n    raise exception_class(message, screen, stacktrace)\n","steps":[],"attachments":[],"parameters":[{"name":"amount","value":"13"}],"shouldDisplayMessage":true,"stepsCount":0,"attachmentsCount":0,"hasContent":true,"attachmentStep":false}],"attachments":[{"uid":"4d6b8059a481968f","name":"Screenshot","source":"4d6b8059a481968f.png","type":"image/png","size":5862},{"uid":"6bb361dc4341736a","name":"HTML source","source":"6bb361dc4341736a.html","type":"text/html","size":39}],"parameters":[],"shouldDisplayMessage":true,"stepsCount":1,"attachmentsCount":2,"hasContent":true,"attachmentStep":false},"afterStages":[{"name":"setup::0","time":{"start":1707094482234,"stop":1707094482234,"duration":0},"status":"passed","steps":[],"attachments":[],"parameters":[],"shouldDisplayMessage":false,"stepsCount":0,"attachmentsCount":0,"hasContent":false,"attachmentStep":false},{"name":"driver::0","time":{"start":1707094482235,"stop":1707094482291,"duration":56},"status":"passed","steps":[],"attachments":[],"parameters":[],"shouldDisplayMessage":false,"stepsCount":0,"attachmentsCount":0,"hasContent":false,"attachmentStep":false}],"labels":[{"name":"epic","value":"Delivery Page - calculation"},{"name":"tag","value":"smoke_test"},{"name":"tag","value":"@pytest.mark.xfail"},{"name":"parentSuite","value":"tests.delivery"},{"name":"suite","value":"test_delivery_calculation"},{"name":"subSuite","value":"TestDeliveryPageCalculation"},{"name":"host","value":"1c674f94ee0d"},{"name":"thread","value":"1-MainThread"},{"name":"framework","value":"pytest"},{"name":"language","value":"cpython3"},{"name":"package","value":"tests.delivery.test_delivery_calculation"},{"name":"resultFormat","value":"allure2"}],"parameters":[{"name":"all_time","value":"2190"},{"name":"amount","value":"13"},{"name":"case_id","value":"'TD 004'"},{"name":"in_time","value":"1590"},{"name":"link_item","value":"'products/shtukaturka-gipsovaya-aksolit-m50-30-kg-mashinnogo-naneseniya'"},{"name":"standard","value":"450"},{"name":"url","value":"'https://sandboxtest.stroyrem-nn.ru/'"},{"name":"weight","value":"400"}],"links":[],"hidden":false,"retry":false,"extra":{"severity":"normal","retries":[],"categories":[],"history":{"statistic":{"failed":0,"broken":13,"skipped":147,"passed":0,"unknown":0,"total":160},"items":[{"uid":"28e2945246215f88","reportUrl":"https://Nat754.github.io/StroyremAutomation/207//#testresult/28e2945246215f88","status":"skipped","statusDetails":"XFAIL\n\nselenium.common.exceptions.NoSuchElementException: Message: no such element: Unable to locate element: {\"method\":\"xpath\",\"selector\":\"(//a[@class='add-to-cart yellow-btn'])[1]\"}\n  (Session info: chrome-headless-shell=121.0.6167.85); For documentation on this error, please visit: https://www.selenium.dev/documentation/webdriver/troubleshooting/errors#no-such-element-exception\nStacktrace:\n#0 0x55c087f4ed93 <unknown>\n#1 0x55c087c32337 <unknown>\n#2 0x55c087c7dd60 <unknown>\n#3 0x55c087c7de51 <unknown>\n#4 0x55c087cc1bc4 <unknown>\n#5 0x55c087ca046d <unknown>\n#6 0x55c087cbf12d <unknown>\n#7 0x55c087ca01e3 <unknown>\n#8 0x55c087c70135 <unknown>\n#9 0x55c087c7113e <unknown>\n#10 0x55c087f12e4b <unknown>\n#11 0x55c087f16dfa <unknown>\n#12 0x55c087eff6d5 <unknown>\n#13 0x55c087f17a6f <unknown>\n#14 0x55c087ee369f <unknown>\n#15 0x55c087f3c098 <unknown>\n#16 0x55c087f3c262 <unknown>\n#17 0x55c087f4df34 <unknown>\n#18 0x7f76d7f91134 <unknown>","time":{"start":1707008193992,"stop":1707008194556,"duration":564}},{"uid":"a840508b143991dc","reportUrl":"https://Nat754.github.io/StroyremAutomation/206//#testresult/a840508b143991dc","status":"skipped","statusDetails":"XFAIL\n\nselenium.common.exceptions.NoSuchElementException: Message: no such element: Unable to locate element: {\"method\":\"xpath\",\"selector\":\"(//a[@class='add-to-cart yellow-btn'])[1]\"}\n  (Session info: chrome-headless-shell=121.0.6167.85); For documentation on this error, please visit: https://www.selenium.dev/documentation/webdriver/troubleshooting/errors#no-such-element-exception\nStacktrace:\n#0 0x557918a4cd93 <unknown>\n#1 0x557918730337 <unknown>\n#2 0x55791877bd60 <unknown>\n#3 0x55791877be51 <unknown>\n#4 0x5579187bfbc4 <unknown>\n#5 0x55791879e46d <unknown>\n#6 0x5579187bd12d <unknown>\n#7 0x55791879e1e3 <unknown>\n#8 0x55791876e135 <unknown>\n#9 0x55791876f13e <unknown>\n#10 0x557918a10e4b <unknown>\n#11 0x557918a14dfa <unknown>\n#12 0x5579189fd6d5 <unknown>\n#13 0x557918a15a6f <unknown>\n#14 0x5579189e169f <unknown>\n#15 0x557918a3a098 <unknown>\n#16 0x557918a3a262 <unknown>\n#17 0x557918a4bf34 <unknown>\n#18 0x7f8b77ad9134 <unknown>","time":{"start":1706921501605,"stop":1706921502444,"duration":839}},{"uid":"c3af4d04ef3fe4ae","reportUrl":"https://Nat754.github.io/StroyremAutomation/205//#testresult/c3af4d04ef3fe4ae","status":"skipped","statusDetails":"XFAIL\n\nselenium.common.exceptions.NoSuchElementException: Message: no such element: Unable to locate element: {\"method\":\"xpath\",\"selector\":\"(//a[@class='add-to-cart yellow-btn'])[1]\"}\n  (Session info: chrome-headless-shell=121.0.6167.85); For documentation on this error, please visit: https://www.selenium.dev/documentation/webdriver/troubleshooting/errors#no-such-element-exception\nStacktrace:\n#0 0x56538a84cd93 <unknown>\n#1 0x56538a530337 <unknown>\n#2 0x56538a57bd60 <unknown>\n#3 0x56538a57be51 <unknown>\n#4 0x56538a5bfbc4 <unknown>\n#5 0x56538a59e46d <unknown>\n#6 0x56538a5bd12d <unknown>\n#7 0x56538a59e1e3 <unknown>\n#8 0x56538a56e135 <unknown>\n#9 0x56538a56f13e <unknown>\n#10 0x56538a810e4b <unknown>\n#11 0x56538a814dfa <unknown>\n#12 0x56538a7fd6d5 <unknown>\n#13 0x56538a815a6f <unknown>\n#14 0x56538a7e169f <unknown>\n#15 0x56538a83a098 <unknown>\n#16 0x56538a83a262 <unknown>\n#17 0x56538a84bf34 <unknown>\n#18 0x7f300304d134 <unknown>","time":{"start":1706835149882,"stop":1706835150483,"duration":601}},{"uid":"f4598c06efabb709","reportUrl":"https://Nat754.github.io/StroyremAutomation/204//#testresult/f4598c06efabb709","status":"skipped","statusDetails":"XFAIL\n\nselenium.common.exceptions.NoSuchElementException: Message: no such element: Unable to locate element: {\"method\":\"xpath\",\"selector\":\"(//a[@class='add-to-cart yellow-btn'])[1]\"}\n  (Session info: chrome-headless-shell=121.0.6167.85); For documentation on this error, please visit: https://www.selenium.dev/documentation/webdriver/troubleshooting/errors#no-such-element-exception\nStacktrace:\n#0 0x5585eba7dd93 <unknown>\n#1 0x5585eb761337 <unknown>\n#2 0x5585eb7acd60 <unknown>\n#3 0x5585eb7ace51 <unknown>\n#4 0x5585eb7f0bc4 <unknown>\n#5 0x5585eb7cf46d <unknown>\n#6 0x5585eb7ee12d <unknown>\n#7 0x5585eb7cf1e3 <unknown>\n#8 0x5585eb79f135 <unknown>\n#9 0x5585eb7a013e <unknown>\n#10 0x5585eba41e4b <unknown>\n#11 0x5585eba45dfa <unknown>\n#12 0x5585eba2e6d5 <unknown>\n#13 0x5585eba46a6f <unknown>\n#14 0x5585eba1269f <unknown>\n#15 0x5585eba6b098 <unknown>\n#16 0x5585eba6b262 <unknown>\n#17 0x5585eba7cf34 <unknown>\n#18 0x7fdf69023044 <unknown>","time":{"start":1706748920507,"stop":1706748921341,"duration":834}},{"uid":"b9c628de2c7478ce","reportUrl":"https://Nat754.github.io/StroyremAutomation/203//#testresult/b9c628de2c7478ce","status":"skipped","statusDetails":"XFAIL\n\nselenium.common.exceptions.NoSuchElementException: Message: no such element: Unable to locate element: {\"method\":\"xpath\",\"selector\":\"(//a[@class='add-to-cart yellow-btn'])[1]\"}\n  (Session info: chrome-headless-shell=121.0.6167.85); For documentation on this error, please visit: https://www.selenium.dev/documentation/webdriver/troubleshooting/errors#no-such-element-exception\nStacktrace:\n#0 0x55e801056d93 <unknown>\n#1 0x55e800d3a337 <unknown>\n#2 0x55e800d85d60 <unknown>\n#3 0x55e800d85e51 <unknown>\n#4 0x55e800dc9bc4 <unknown>\n#5 0x55e800da846d <unknown>\n#6 0x55e800dc712d <unknown>\n#7 0x55e800da81e3 <unknown>\n#8 0x55e800d78135 <unknown>\n#9 0x55e800d7913e <unknown>\n#10 0x55e80101ae4b <unknown>\n#11 0x55e80101edfa <unknown>\n#12 0x55e8010076d5 <unknown>\n#13 0x55e80101fa6f <unknown>\n#14 0x55e800feb69f <unknown>\n#15 0x55e801044098 <unknown>\n#16 0x55e801044262 <unknown>\n#17 0x55e801055f34 <unknown>\n#18 0x7fc629f0b044 <unknown>","time":{"start":1706662357752,"stop":1706662358449,"duration":697}},{"uid":"5d8c95583414544c","reportUrl":"https://Nat754.github.io/StroyremAutomation/202//#testresult/5d8c95583414544c","status":"skipped","statusDetails":"XFAIL\n\nselenium.common.exceptions.NoSuchElementException: Message: no such element: Unable to locate element: {\"method\":\"xpath\",\"selector\":\"(//a[@class='add-to-cart yellow-btn'])[1]\"}\n  (Session info: chrome-headless-shell=121.0.6167.85); For documentation on this error, please visit: https://www.selenium.dev/documentation/webdriver/troubleshooting/errors#no-such-element-exception\nStacktrace:\n#0 0x55e29606cd93 <unknown>\n#1 0x55e295d50337 <unknown>\n#2 0x55e295d9bd60 <unknown>\n#3 0x55e295d9be51 <unknown>\n#4 0x55e295ddfbc4 <unknown>\n#5 0x55e295dbe46d <unknown>\n#6 0x55e295ddd12d <unknown>\n#7 0x55e295dbe1e3 <unknown>\n#8 0x55e295d8e135 <unknown>\n#9 0x55e295d8f13e <unknown>\n#10 0x55e296030e4b <unknown>\n#11 0x55e296034dfa <unknown>\n#12 0x55e29601d6d5 <unknown>\n#13 0x55e296035a6f <unknown>\n#14 0x55e29600169f <unknown>\n#15 0x55e29605a098 <unknown>\n#16 0x55e29605a262 <unknown>\n#17 0x55e29606bf34 <unknown>\n#18 0x7f46f7332044 <unknown>","time":{"start":1706575909895,"stop":1706575910471,"duration":576}},{"uid":"9a99139d6fbd133f","reportUrl":"https://Nat754.github.io/StroyremAutomation/201//#testresult/9a99139d6fbd133f","status":"skipped","statusDetails":"XFAIL\n\nselenium.common.exceptions.NoSuchElementException: Message: no such element: Unable to locate element: {\"method\":\"xpath\",\"selector\":\"(//a[@class='add-to-cart yellow-btn'])[1]\"}\n  (Session info: chrome-headless-shell=121.0.6167.85); For documentation on this error, please visit: https://www.selenium.dev/documentation/webdriver/troubleshooting/errors#no-such-element-exception\nStacktrace:\n#0 0x55ad1f5f3d93 <unknown>\n#1 0x55ad1f2d7337 <unknown>\n#2 0x55ad1f322d60 <unknown>\n#3 0x55ad1f322e51 <unknown>\n#4 0x55ad1f366bc4 <unknown>\n#5 0x55ad1f34546d <unknown>\n#6 0x55ad1f36412d <unknown>\n#7 0x55ad1f3451e3 <unknown>\n#8 0x55ad1f315135 <unknown>\n#9 0x55ad1f31613e <unknown>\n#10 0x55ad1f5b7e4b <unknown>\n#11 0x55ad1f5bbdfa <unknown>\n#12 0x55ad1f5a46d5 <unknown>\n#13 0x55ad1f5bca6f <unknown>\n#14 0x55ad1f58869f <unknown>\n#15 0x55ad1f5e1098 <unknown>\n#16 0x55ad1f5e1262 <unknown>\n#17 0x55ad1f5f2f34 <unknown>\n#18 0x7f8a8f55d044 <unknown>","time":{"start":1706489603356,"stop":1706489603748,"duration":392}},{"uid":"bc7648a81aae6379","reportUrl":"https://Nat754.github.io/StroyremAutomation/200//#testresult/bc7648a81aae6379","status":"skipped","statusDetails":"XFAIL\n\nselenium.common.exceptions.NoSuchElementException: Message: no such element: Unable to locate element: {\"method\":\"xpath\",\"selector\":\"(//a[@class='add-to-cart yellow-btn'])[1]\"}\n  (Session info: chrome-headless-shell=121.0.6167.85); For documentation on this error, please visit: https://www.selenium.dev/documentation/webdriver/troubleshooting/errors#no-such-element-exception\nStacktrace:\n#0 0x5613f0a6ad93 <unknown>\n#1 0x5613f074e337 <unknown>\n#2 0x5613f0799d60 <unknown>\n#3 0x5613f0799e51 <unknown>\n#4 0x5613f07ddbc4 <unknown>\n#5 0x5613f07bc46d <unknown>\n#6 0x5613f07db12d <unknown>\n#7 0x5613f07bc1e3 <unknown>\n#8 0x5613f078c135 <unknown>\n#9 0x5613f078d13e <unknown>\n#10 0x5613f0a2ee4b <unknown>\n#11 0x5613f0a32dfa <unknown>\n#12 0x5613f0a1b6d5 <unknown>\n#13 0x5613f0a33a6f <unknown>\n#14 0x5613f09ff69f <unknown>\n#15 0x5613f0a58098 <unknown>\n#16 0x5613f0a58262 <unknown>\n#17 0x5613f0a69f34 <unknown>\n#18 0x7f67a1dc6044 <unknown>","time":{"start":1706403360977,"stop":1706403361587,"duration":610}},{"uid":"42c3338d2d5708a8","reportUrl":"https://Nat754.github.io/StroyremAutomation/199//#testresult/42c3338d2d5708a8","status":"skipped","statusDetails":"XFAIL\n\nselenium.common.exceptions.NoSuchElementException: Message: no such element: Unable to locate element: {\"method\":\"xpath\",\"selector\":\"(//a[@class='add-to-cart yellow-btn'])[1]\"}\n  (Session info: chrome-headless-shell=121.0.6167.85); For documentation on this error, please visit: https://www.selenium.dev/documentation/webdriver/troubleshooting/errors#no-such-element-exception\nStacktrace:\n#0 0x5612d997ad93 <unknown>\n#1 0x5612d965e337 <unknown>\n#2 0x5612d96a9d60 <unknown>\n#3 0x5612d96a9e51 <unknown>\n#4 0x5612d96edbc4 <unknown>\n#5 0x5612d96cc46d <unknown>\n#6 0x5612d96eb12d <unknown>\n#7 0x5612d96cc1e3 <unknown>\n#8 0x5612d969c135 <unknown>\n#9 0x5612d969d13e <unknown>\n#10 0x5612d993ee4b <unknown>\n#11 0x5612d9942dfa <unknown>\n#12 0x5612d992b6d5 <unknown>\n#13 0x5612d9943a6f <unknown>\n#14 0x5612d990f69f <unknown>\n#15 0x5612d9968098 <unknown>\n#16 0x5612d9968262 <unknown>\n#17 0x5612d9979f34 <unknown>\n#18 0x7f6f9e1b3044 <unknown>","time":{"start":1706316683733,"stop":1706316684156,"duration":423}},{"uid":"75860554078bbc2b","reportUrl":"https://Nat754.github.io/StroyremAutomation/198//#testresult/75860554078bbc2b","status":"skipped","statusDetails":"XFAIL\n\nselenium.common.exceptions.NoSuchElementException: Message: no such element: Unable to locate element: {\"method\":\"xpath\",\"selector\":\"(//a[@class='add-to-cart yellow-btn'])[1]\"}\n  (Session info: chrome-headless-shell=121.0.6167.85); For documentation on this error, please visit: https://www.selenium.dev/documentation/webdriver/troubleshooting/errors#no-such-element-exception\nStacktrace:\n#0 0x55f0d3e7ad93 <unknown>\n#1 0x55f0d3b5e337 <unknown>\n#2 0x55f0d3ba9d60 <unknown>\n#3 0x55f0d3ba9e51 <unknown>\n#4 0x55f0d3bedbc4 <unknown>\n#5 0x55f0d3bcc46d <unknown>\n#6 0x55f0d3beb12d <unknown>\n#7 0x55f0d3bcc1e3 <unknown>\n#8 0x55f0d3b9c135 <unknown>\n#9 0x55f0d3b9d13e <unknown>\n#10 0x55f0d3e3ee4b <unknown>\n#11 0x55f0d3e42dfa <unknown>\n#12 0x55f0d3e2b6d5 <unknown>\n#13 0x55f0d3e43a6f <unknown>\n#14 0x55f0d3e0f69f <unknown>\n#15 0x55f0d3e68098 <unknown>\n#16 0x55f0d3e68262 <unknown>\n#17 0x55f0d3e79f34 <unknown>\n#18 0x7f2f2b4a4044 <unknown>","time":{"start":1706230371848,"stop":1706230372327,"duration":479}},{"uid":"fb02c5cd8a7bc3a9","reportUrl":"https://Nat754.github.io/StroyremAutomation/197//#testresult/fb02c5cd8a7bc3a9","status":"skipped","statusDetails":"XFAIL\n\nselenium.common.exceptions.WebDriverException: Message: unknown error: net::ERR_CONNECTION_TIMED_OUT\n  (Session info: chrome-headless-shell=121.0.6167.85)\nStacktrace:\n#0 0x55c46ca82d93 <unknown>\n#1 0x55c46c766337 <unknown>\n#2 0x55c46c75e193 <unknown>\n#3 0x55c46c74e161 <unknown>\n#4 0x55c46c74f5cb <unknown>\n#5 0x55c46c74e414 <unknown>\n#6 0x55c46c74d5e5 <unknown>\n#7 0x55c46c74d557 <unknown>\n#8 0x55c46c74bc1a <unknown>\n#9 0x55c46c74c1ca <unknown>\n#10 0x55c46c768b6e <unknown>\n#11 0x55c46c7f3d45 <unknown>\n#12 0x55c46c7d4442 <unknown>\n#13 0x55c46c7f312d <unknown>\n#14 0x55c46c7d41e3 <unknown>\n#15 0x55c46c7a4135 <unknown>\n#16 0x55c46c7a513e <unknown>\n#17 0x55c46ca46e4b <unknown>\n#18 0x55c46ca4adfa <unknown>\n#19 0x55c46ca336d5 <unknown>\n#20 0x55c46ca4ba6f <unknown>\n#21 0x55c46ca1769f <unknown>\n#22 0x55c46ca70098 <unknown>\n#23 0x55c46ca70262 <unknown>\n#24 0x55c46ca81f34 <unknown>\n#25 0x7f0915b3e044 <unknown>","time":{"start":1706144651398,"stop":1706144781544,"duration":130146}},{"uid":"9e308decc886ad74","reportUrl":"https://Nat754.github.io/StroyremAutomation/196//#testresult/9e308decc886ad74","status":"skipped","statusDetails":"XFAIL\n\nselenium.common.exceptions.WebDriverException: Message: unknown error: net::ERR_CONNECTION_REFUSED\n  (Session info: chrome-headless-shell=121.0.6167.85)\nStacktrace:\n#0 0x55895b46fd93 <unknown>\n#1 0x55895b153337 <unknown>\n#2 0x55895b14b193 <unknown>\n#3 0x55895b13b161 <unknown>\n#4 0x55895b13c5cb <unknown>\n#5 0x55895b13b414 <unknown>\n#6 0x55895b13a5e5 <unknown>\n#7 0x55895b13a557 <unknown>\n#8 0x55895b138c1a <unknown>\n#9 0x55895b1391ca <unknown>\n#10 0x55895b155b6e <unknown>\n#11 0x55895b1e0d45 <unknown>\n#12 0x55895b1c1442 <unknown>\n#13 0x55895b1e012d <unknown>\n#14 0x55895b1c11e3 <unknown>\n#15 0x55895b191135 <unknown>\n#16 0x55895b19213e <unknown>\n#17 0x55895b433e4b <unknown>\n#18 0x55895b437dfa <unknown>\n#19 0x55895b4206d5 <unknown>\n#20 0x55895b438a6f <unknown>\n#21 0x55895b40469f <unknown>\n#22 0x55895b45d098 <unknown>\n#23 0x55895b45d262 <unknown>\n#24 0x55895b46ef34 <unknown>\n#25 0x7fbf045bd044 <unknown>","time":{"start":1706057903095,"stop":1706057903492,"duration":397}},{"uid":"73680d24e1448363","reportUrl":"https://Nat754.github.io/StroyremAutomation/195//#testresult/73680d24e1448363","status":"skipped","statusDetails":"XFAIL\n\nselenium.common.exceptions.WebDriverException: Message: unknown error: net::ERR_CONNECTION_TIMED_OUT\n  (Session info: chrome-headless-shell=120.0.6099.109)\nStacktrace:\n#0 0x560dd647ff83 <unknown>\n#1 0x560dd6138cf7 <unknown>\n#2 0x560dd61306ea <unknown>\n#3 0x560dd611f5a1 <unknown>\n#4 0x560dd6120d40 <unknown>\n#5 0x560dd611f854 <unknown>\n#6 0x560dd611e586 <unknown>\n#7 0x560dd611e44a <unknown>\n#8 0x560dd611c7e1 <unknown>\n#9 0x560dd611d01a <unknown>\n#10 0x560dd613bbbe <unknown>\n#11 0x560dd61d17a5 <unknown>\n#12 0x560dd61b20b2 <unknown>\n#13 0x560dd61d1006 <unknown>\n#14 0x560dd61b1e53 <unknown>\n#15 0x560dd6179dd4 <unknown>\n#16 0x560dd617b1de <unknown>\n#17 0x560dd6444531 <unknown>\n#18 0x560dd6448455 <unknown>\n#19 0x560dd6430f55 <unknown>\n#20 0x560dd64490ef <unknown>\n#21 0x560dd641499f <unknown>\n#22 0x560dd646d008 <unknown>\n#23 0x560dd646d1d7 <unknown>\n#24 0x560dd647f124 <unknown>\n#25 0x7fc2b4b97044 <unknown>","time":{"start":1705971834699,"stop":1705971964814,"duration":130115}},{"uid":"7b7058a96bff2466","reportUrl":"https://Nat754.github.io/StroyremAutomation/194//#testresult/7b7058a96bff2466","status":"skipped","statusDetails":"XFAIL\n\nselenium.common.exceptions.WebDriverException: Message: unknown error: net::ERR_CONNECTION_TIMED_OUT\n  (Session info: chrome-headless-shell=120.0.6099.109)\nStacktrace:\n#0 0x560b7b447f83 <unknown>\n#1 0x560b7b100cf7 <unknown>\n#2 0x560b7b0f86ea <unknown>\n#3 0x560b7b0e75a1 <unknown>\n#4 0x560b7b0e8d40 <unknown>\n#5 0x560b7b0e7854 <unknown>\n#6 0x560b7b0e6586 <unknown>\n#7 0x560b7b0e644a <unknown>\n#8 0x560b7b0e47e1 <unknown>\n#9 0x560b7b0e501a <unknown>\n#10 0x560b7b103bbe <unknown>\n#11 0x560b7b1997a5 <unknown>\n#12 0x560b7b17a0b2 <unknown>\n#13 0x560b7b199006 <unknown>\n#14 0x560b7b179e53 <unknown>\n#15 0x560b7b141dd4 <unknown>\n#16 0x560b7b1431de <unknown>\n#17 0x560b7b40c531 <unknown>\n#18 0x560b7b410455 <unknown>\n#19 0x560b7b3f8f55 <unknown>\n#20 0x560b7b4110ef <unknown>\n#21 0x560b7b3dc99f <unknown>\n#22 0x560b7b435008 <unknown>\n#23 0x560b7b4351d7 <unknown>\n#24 0x560b7b447124 <unknown>\n#25 0x7fe1ce0bc044 <unknown>","time":{"start":1705885631384,"stop":1705885761504,"duration":130120}},{"uid":"a9adbb76fc0d3010","reportUrl":"https://Nat754.github.io/StroyremAutomation/193//#testresult/a9adbb76fc0d3010","status":"skipped","statusDetails":"XFAIL\n\nselenium.common.exceptions.WebDriverException: Message: unknown error: net::ERR_CONNECTION_TIMED_OUT\n  (Session info: chrome-headless-shell=120.0.6099.109)\nStacktrace:\n#0 0x560f19e02f83 <unknown>\n#1 0x560f19abbcf7 <unknown>\n#2 0x560f19ab36ea <unknown>\n#3 0x560f19aa25a1 <unknown>\n#4 0x560f19aa3d40 <unknown>\n#5 0x560f19aa2854 <unknown>\n#6 0x560f19aa1586 <unknown>\n#7 0x560f19aa144a <unknown>\n#8 0x560f19a9f7e1 <unknown>\n#9 0x560f19aa001a <unknown>\n#10 0x560f19abebbe <unknown>\n#11 0x560f19b547a5 <unknown>\n#12 0x560f19b350b2 <unknown>\n#13 0x560f19b54006 <unknown>\n#14 0x560f19b34e53 <unknown>\n#15 0x560f19afcdd4 <unknown>\n#16 0x560f19afe1de <unknown>\n#17 0x560f19dc7531 <unknown>\n#18 0x560f19dcb455 <unknown>\n#19 0x560f19db3f55 <unknown>\n#20 0x560f19dcc0ef <unknown>\n#21 0x560f19d9799f <unknown>\n#22 0x560f19df0008 <unknown>\n#23 0x560f19df01d7 <unknown>\n#24 0x560f19e02124 <unknown>\n#25 0x7f13bffae044 <unknown>","time":{"start":1705799219870,"stop":1705799349997,"duration":130127}},{"uid":"14f8cfe8bf7f82a5","reportUrl":"https://Nat754.github.io/StroyremAutomation/192//#testresult/14f8cfe8bf7f82a5","status":"skipped","statusDetails":"XFAIL\n\nselenium.common.exceptions.WebDriverException: Message: unknown error: net::ERR_CONNECTION_TIMED_OUT\n  (Session info: chrome-headless-shell=120.0.6099.109)\nStacktrace:\n#0 0x55c5c783bf83 <unknown>\n#1 0x55c5c74f4cf7 <unknown>\n#2 0x55c5c74ec6ea <unknown>\n#3 0x55c5c74db5a1 <unknown>\n#4 0x55c5c74dcd40 <unknown>\n#5 0x55c5c74db854 <unknown>\n#6 0x55c5c74da586 <unknown>\n#7 0x55c5c74da44a <unknown>\n#8 0x55c5c74d87e1 <unknown>\n#9 0x55c5c74d901a <unknown>\n#10 0x55c5c74f7bbe <unknown>\n#11 0x55c5c758d7a5 <unknown>\n#12 0x55c5c756e0b2 <unknown>\n#13 0x55c5c758d006 <unknown>\n#14 0x55c5c756de53 <unknown>\n#15 0x55c5c7535dd4 <unknown>\n#16 0x55c5c75371de <unknown>\n#17 0x55c5c7800531 <unknown>\n#18 0x55c5c7804455 <unknown>\n#19 0x55c5c77ecf55 <unknown>\n#20 0x55c5c78050ef <unknown>\n#21 0x55c5c77d099f <unknown>\n#22 0x55c5c7829008 <unknown>\n#23 0x55c5c78291d7 <unknown>\n#24 0x55c5c783b124 <unknown>\n#25 0x7f9eb3f8e044 <unknown>","time":{"start":1705712521486,"stop":1705712651602,"duration":130116}},{"uid":"9d9776ffd5a95020","reportUrl":"https://Nat754.github.io/StroyremAutomation/191//#testresult/9d9776ffd5a95020","status":"skipped","statusDetails":"XFAIL\n\nselenium.common.exceptions.WebDriverException: Message: unknown error: net::ERR_CONNECTION_TIMED_OUT\n  (Session info: chrome-headless-shell=120.0.6099.109)\nStacktrace:\n#0 0x55fe5daaff83 <unknown>\n#1 0x55fe5d768cf7 <unknown>\n#2 0x55fe5d7606ea <unknown>\n#3 0x55fe5d74f5a1 <unknown>\n#4 0x55fe5d750d40 <unknown>\n#5 0x55fe5d74f854 <unknown>\n#6 0x55fe5d74e586 <unknown>\n#7 0x55fe5d74e44a <unknown>\n#8 0x55fe5d74c7e1 <unknown>\n#9 0x55fe5d74d01a <unknown>\n#10 0x55fe5d76bbbe <unknown>\n#11 0x55fe5d8017a5 <unknown>\n#12 0x55fe5d7e20b2 <unknown>\n#13 0x55fe5d801006 <unknown>\n#14 0x55fe5d7e1e53 <unknown>\n#15 0x55fe5d7a9dd4 <unknown>\n#16 0x55fe5d7ab1de <unknown>\n#17 0x55fe5da74531 <unknown>\n#18 0x55fe5da78455 <unknown>\n#19 0x55fe5da60f55 <unknown>\n#20 0x55fe5da790ef <unknown>\n#21 0x55fe5da4499f <unknown>\n#22 0x55fe5da9d008 <unknown>\n#23 0x55fe5da9d1d7 <unknown>\n#24 0x55fe5daaf124 <unknown>\n#25 0x7fa6ad1ac044 <unknown>","time":{"start":1705626171962,"stop":1705626302086,"duration":130124}},{"uid":"d217f694493b8fac","reportUrl":"https://Nat754.github.io/StroyremAutomation/190//#testresult/d217f694493b8fac","status":"skipped","statusDetails":"XFAIL\n\nselenium.common.exceptions.WebDriverException: Message: unknown error: net::ERR_CONNECTION_TIMED_OUT\n  (Session info: chrome-headless-shell=120.0.6099.109)\nStacktrace:\n#0 0x555c5a673f83 <unknown>\n#1 0x555c5a32ccf7 <unknown>\n#2 0x555c5a3246ea <unknown>\n#3 0x555c5a3135a1 <unknown>\n#4 0x555c5a314d40 <unknown>\n#5 0x555c5a313854 <unknown>\n#6 0x555c5a312586 <unknown>\n#7 0x555c5a31244a <unknown>\n#8 0x555c5a3107e1 <unknown>\n#9 0x555c5a31101a <unknown>\n#10 0x555c5a32fbbe <unknown>\n#11 0x555c5a3c57a5 <unknown>\n#12 0x555c5a3a60b2 <unknown>\n#13 0x555c5a3c5006 <unknown>\n#14 0x555c5a3a5e53 <unknown>\n#15 0x555c5a36ddd4 <unknown>\n#16 0x555c5a36f1de <unknown>\n#17 0x555c5a638531 <unknown>\n#18 0x555c5a63c455 <unknown>\n#19 0x555c5a624f55 <unknown>\n#20 0x555c5a63d0ef <unknown>\n#21 0x555c5a60899f <unknown>\n#22 0x555c5a661008 <unknown>\n#23 0x555c5a6611d7 <unknown>\n#24 0x555c5a673124 <unknown>\n#25 0x7f63f3e64044 <unknown>","time":{"start":1705539741339,"stop":1705539871481,"duration":130142}},{"uid":"ff9ce628a6a03bb8","reportUrl":"https://Nat754.github.io/StroyremAutomation/189//#testresult/ff9ce628a6a03bb8","status":"skipped","statusDetails":"XFAIL\n\nselenium.common.exceptions.WebDriverException: Message: unknown error: net::ERR_CONNECTION_TIMED_OUT\n  (Session info: chrome-headless-shell=120.0.6099.109)\nStacktrace:\n#0 0x5648dab09f83 <unknown>\n#1 0x5648da7c2cf7 <unknown>\n#2 0x5648da7ba6ea <unknown>\n#3 0x5648da7a95a1 <unknown>\n#4 0x5648da7aad40 <unknown>\n#5 0x5648da7a9854 <unknown>\n#6 0x5648da7a8586 <unknown>\n#7 0x5648da7a844a <unknown>\n#8 0x5648da7a67e1 <unknown>\n#9 0x5648da7a701a <unknown>\n#10 0x5648da7c5bbe <unknown>\n#11 0x5648da85b7a5 <unknown>\n#12 0x5648da83c0b2 <unknown>\n#13 0x5648da85b006 <unknown>\n#14 0x5648da83be53 <unknown>\n#15 0x5648da803dd4 <unknown>\n#16 0x5648da8051de <unknown>\n#17 0x5648daace531 <unknown>\n#18 0x5648daad2455 <unknown>\n#19 0x5648daabaf55 <unknown>\n#20 0x5648daad30ef <unknown>\n#21 0x5648daa9e99f <unknown>\n#22 0x5648daaf7008 <unknown>\n#23 0x5648daaf71d7 <unknown>\n#24 0x5648dab09124 <unknown>\n#25 0x7f190d03e044 <unknown>","time":{"start":1705453368704,"stop":1705453498835,"duration":130131}},{"uid":"1f1bb8aea7bbbf0","reportUrl":"https://Nat754.github.io/StroyremAutomation/188//#testresult/1f1bb8aea7bbbf0","status":"skipped","statusDetails":"XFAIL\n\nselenium.common.exceptions.WebDriverException: Message: unknown error: net::ERR_CONNECTION_TIMED_OUT\n  (Session info: chrome-headless-shell=120.0.6099.109)\nStacktrace:\n#0 0x55b3ab0b4f83 <unknown>\n#1 0x55b3aad6dcf7 <unknown>\n#2 0x55b3aad656ea <unknown>\n#3 0x55b3aad545a1 <unknown>\n#4 0x55b3aad55d40 <unknown>\n#5 0x55b3aad54854 <unknown>\n#6 0x55b3aad53586 <unknown>\n#7 0x55b3aad5344a <unknown>\n#8 0x55b3aad517e1 <unknown>\n#9 0x55b3aad5201a <unknown>\n#10 0x55b3aad70bbe <unknown>\n#11 0x55b3aae067a5 <unknown>\n#12 0x55b3aade70b2 <unknown>\n#13 0x55b3aae06006 <unknown>\n#14 0x55b3aade6e53 <unknown>\n#15 0x55b3aadaedd4 <unknown>\n#16 0x55b3aadb01de <unknown>\n#17 0x55b3ab079531 <unknown>\n#18 0x55b3ab07d455 <unknown>\n#19 0x55b3ab065f55 <unknown>\n#20 0x55b3ab07e0ef <unknown>\n#21 0x55b3ab04999f <unknown>\n#22 0x55b3ab0a2008 <unknown>\n#23 0x55b3ab0a21d7 <unknown>\n#24 0x55b3ab0b4124 <unknown>\n#25 0x7fdce7ca2044 <unknown>","time":{"start":1705367085250,"stop":1705367215392,"duration":130142}}]},"tags":["@pytest.mark.xfail","smoke_test"]},"source":"cb00300bc1320534.json","parameterValues":["2190","13","'TD 004'","1590","'products/shtukaturka-gipsovaya-aksolit-m50-30-kg-mashinnogo-naneseniya'","450","'https://sandboxtest.stroyrem-nn.ru/'","400"]}