{"uid":"d1f04a48af967c4b","name":"test_positive_delivery_green_zone_smoke[TD 012-products/shtukaturka-gipsovaya-aksolit-m50-30-kg-mashinnogo-naneseniya-333-10000-4450-11990-12500-https://sandboxtest.stroyrem-nn.ru/]","fullName":"tests.delivery.test_delivery_calculation.TestDeliveryPageCalculation#test_positive_delivery_green_zone_smoke","historyId":"9d39cbb8c1423d43dfc259c1b0a6c01f","time":{"start":1707094492415,"stop":1707094492817,"duration":402},"status":"skipped","statusMessage":"XFAIL\n\nselenium.common.exceptions.NoSuchElementException: Message: no such element: Unable to locate element: {\"method\":\"xpath\",\"selector\":\"(//a[@class='add-to-cart yellow-btn'])[1]\"}\n  (Session info: chrome-headless-shell=121.0.6167.85); For documentation on this error, please visit: https://www.selenium.dev/documentation/webdriver/troubleshooting/errors#no-such-element-exception\nStacktrace:\n#0 0x564470536d93 <unknown>\n#1 0x56447021a337 <unknown>\n#2 0x564470265d60 <unknown>\n#3 0x564470265e51 <unknown>\n#4 0x5644702a9bc4 <unknown>\n#5 0x56447028846d <unknown>\n#6 0x5644702a712d <unknown>\n#7 0x5644702881e3 <unknown>\n#8 0x564470258135 <unknown>\n#9 0x56447025913e <unknown>\n#10 0x5644704fae4b <unknown>\n#11 0x5644704fedfa <unknown>\n#12 0x5644704e76d5 <unknown>\n#13 0x5644704ffa6f <unknown>\n#14 0x5644704cb69f <unknown>\n#15 0x564470524098 <unknown>\n#16 0x564470524262 <unknown>\n#17 0x564470535f34 <unknown>\n#18 0x7fb5b6b5d134 <unknown>","statusTrace":"self = <tests.delivery.test_delivery_calculation.TestDeliveryPageCalculation object at 0x7eff3f43f510>\ndriver = <selenium.webdriver.chrome.webdriver.WebDriver (session=\"c639680c0eb9b2b6ec1a5fd21498ac6c\")>\nurl = 'https://sandboxtest.stroyrem-nn.ru/', case_id = 'TD 012'\nlink_item = 'products/shtukaturka-gipsovaya-aksolit-m50-30-kg-mashinnogo-naneseniya'\namount = 333, weight = 10000, standard = 4450, in_time = 11990, all_time = 12500\n\n    @pytest.mark.parametrize('case_id, link_item, amount, weight, standard, in_time, all_time', [\n        (\"TD 001\", uroven_3000, 1, 30, 0, 1590, 2190),\n        (\"TD 002\", bundeks_25, 1, 30, 400, 1590, 2190),\n        (\"TD 003\", aksolit_30, 8, 300, 400, 1590, 2190),\n        (\"TD 004\", aksolit_30, 13, 400, 450, 1590, 2190),\n        (\"TD 005\", aksolit_30, 16, 500, 600, 1590, 2190),\n        (\"TD 006\", aksolit_30, 25, 1700, 990, 1990, 2480),\n        (\"TD 007\", aksolit_30, 66, 2000, 1300, 2490, 2980),\n        (\"TD 008\", aksolit_30, 149, 4500, 2300, 3980, 4490),\n        (\"TD 009\", aksolit_30, 166, 5000, 2500, 4990, 5480),\n        pytest.param(\n            \"TD 010\", aksolit_30, 206, 6200, 2900, 5570, 6120,\n            marks=pytest.mark.xfail(reson=\"Цена доставки 3600 7960 8980\")\n        ),\n        (\"TD 011\", aksolit_30, 299, 9000, 3600, 7960, 8980),\n        (\"TD 012\", aksolit_30, 333, 10000, 4450, 11990, 12500),\n        pytest.param(\n            \"TD 013\", aksolit_30, 366, 11000, 4800, 12450, 13480,\n            marks=pytest.mark.xfail(reason=\"Цена стандартной доставки 4450\")\n        ),\n        pytest.param(\n            \"TD 014\", aksolit_30, 666, 20000, 5400, 15600, 17490,\n            marks=pytest.mark.xfail(reason=\"Цена стандартной доставки 4450\")\n        )\n    ])\n    @pytest.mark.xfail\n    @pytest.mark.smoke_test\n    def test_positive_delivery_green_zone_smoke(\n            self, driver, url, case_id, link_item, amount, weight, standard, in_time, all_time\n    ):\n    \n        driver.get(f'{url}{link_item}')\n        item_page = ItemPage(driver)\n>       item_page.add_item_to_cart(amount).click_on_cart()\n\ntests/delivery/test_delivery_calculation.py:50: \n_ _ _ _ _ _ _ _ _ _ _ _ _ _ _ _ _ _ _ _ _ _ _ _ _ _ _ _ _ _ _ _ _ _ _ _ _ _ _ _ \npages/item_page.py:40: in add_item_to_cart\n    self.find_element(self._add_item).click()\nbase/seleniumbase.py:17: in find_element\n    return self.driver.find_element(*locator)\n/usr/local/lib/python3.11/site-packages/selenium/webdriver/remote/webdriver.py:739: in find_element\n    return self.execute(Command.FIND_ELEMENT, {\"using\": by, \"value\": value})[\"value\"]\n/usr/local/lib/python3.11/site-packages/selenium/webdriver/remote/webdriver.py:345: in execute\n    self.error_handler.check_response(response)\n_ _ _ _ _ _ _ _ _ _ _ _ _ _ _ _ _ _ _ _ _ _ _ _ _ _ _ _ _ _ _ _ _ _ _ _ _ _ _ _ \n\nself = <selenium.webdriver.remote.errorhandler.ErrorHandler object at 0x7eff3f3e8610>\nresponse = {'status': 404, 'value': '{\"value\":{\"error\":\"no such element\",\"message\":\"no such element: Unable to locate element: {\\...\\\\n#16 0x564470524262 \\\\u003Cunknown>\\\\n#17 0x564470535f34 \\\\u003Cunknown>\\\\n#18 0x7fb5b6b5d134 \\\\u003Cunknown>\\\\n\"}}'}\n\n    def check_response(self, response: Dict[str, Any]) -> None:\n        \"\"\"Checks that a JSON response from the WebDriver does not have an\n        error.\n    \n        :Args:\n         - response - The JSON response from the WebDriver server as a dictionary\n           object.\n    \n        :Raises: If the response contains an error message.\n        \"\"\"\n        status = response.get(\"status\", None)\n        if not status or status == ErrorCode.SUCCESS:\n            return\n        value = None\n        message = response.get(\"message\", \"\")\n        screen: str = response.get(\"screen\", \"\")\n        stacktrace = None\n        if isinstance(status, int):\n            value_json = response.get(\"value\", None)\n            if value_json and isinstance(value_json, str):\n                import json\n    \n                try:\n                    value = json.loads(value_json)\n                    if len(value) == 1:\n                        value = value[\"value\"]\n                    status = value.get(\"error\", None)\n                    if not status:\n                        status = value.get(\"status\", ErrorCode.UNKNOWN_ERROR)\n                        message = value.get(\"value\") or value.get(\"message\")\n                        if not isinstance(message, str):\n                            value = message\n                            message = message.get(\"message\")\n                    else:\n                        message = value.get(\"message\", None)\n                except ValueError:\n                    pass\n    \n        exception_class: Type[WebDriverException]\n        e = ErrorCode()\n        error_codes = [item for item in dir(e) if not item.startswith(\"__\")]\n        for error_code in error_codes:\n            error_info = getattr(ErrorCode, error_code)\n            if isinstance(error_info, list) and status in error_info:\n                exception_class = getattr(ExceptionMapping, error_code, WebDriverException)\n                break\n        else:\n            exception_class = WebDriverException\n    \n        if not value:\n            value = response[\"value\"]\n        if isinstance(value, str):\n            raise exception_class(value)\n        if message == \"\" and \"message\" in value:\n            message = value[\"message\"]\n    \n        screen = None  # type: ignore[assignment]\n        if \"screen\" in value:\n            screen = value[\"screen\"]\n    \n        stacktrace = None\n        st_value = value.get(\"stackTrace\") or value.get(\"stacktrace\")\n        if st_value:\n            if isinstance(st_value, str):\n                stacktrace = st_value.split(\"\\n\")\n            else:\n                stacktrace = []\n                try:\n                    for frame in st_value:\n                        line = frame.get(\"lineNumber\", \"\")\n                        file = frame.get(\"fileName\", \"<anonymous>\")\n                        if line:\n                            file = f\"{file}:{line}\"\n                        meth = frame.get(\"methodName\", \"<anonymous>\")\n                        if \"className\" in frame:\n                            meth = f\"{frame['className']}.{meth}\"\n                        msg = \"    at %s (%s)\"\n                        msg = msg % (meth, file)\n                        stacktrace.append(msg)\n                except TypeError:\n                    pass\n        if exception_class == UnexpectedAlertPresentException:\n            alert_text = None\n            if \"data\" in value:\n                alert_text = value[\"data\"].get(\"text\")\n            elif \"alert\" in value:\n                alert_text = value[\"alert\"].get(\"text\")\n            raise exception_class(message, screen, stacktrace, alert_text)  # type: ignore[call-arg]  # mypy is not smart enough here\n>       raise exception_class(message, screen, stacktrace)\nE       selenium.common.exceptions.NoSuchElementException: Message: no such element: Unable to locate element: {\"method\":\"xpath\",\"selector\":\"(//a[@class='add-to-cart yellow-btn'])[1]\"}\nE         (Session info: chrome-headless-shell=121.0.6167.85); For documentation on this error, please visit: https://www.selenium.dev/documentation/webdriver/troubleshooting/errors#no-such-element-exception\nE       Stacktrace:\nE       #0 0x564470536d93 <unknown>\nE       #1 0x56447021a337 <unknown>\nE       #2 0x564470265d60 <unknown>\nE       #3 0x564470265e51 <unknown>\nE       #4 0x5644702a9bc4 <unknown>\nE       #5 0x56447028846d <unknown>\nE       #6 0x5644702a712d <unknown>\nE       #7 0x5644702881e3 <unknown>\nE       #8 0x564470258135 <unknown>\nE       #9 0x56447025913e <unknown>\nE       #10 0x5644704fae4b <unknown>\nE       #11 0x5644704fedfa <unknown>\nE       #12 0x5644704e76d5 <unknown>\nE       #13 0x5644704ffa6f <unknown>\nE       #14 0x5644704cb69f <unknown>\nE       #15 0x564470524098 <unknown>\nE       #16 0x564470524262 <unknown>\nE       #17 0x564470535f34 <unknown>\nE       #18 0x7fb5b6b5d134 <unknown>\n\n/usr/local/lib/python3.11/site-packages/selenium/webdriver/remote/errorhandler.py:229: NoSuchElementException","flaky":false,"newFailed":false,"newBroken":false,"newPassed":false,"retriesCount":0,"retriesStatusChange":false,"beforeStages":[{"name":"_session_faker","time":{"start":1707094234258,"stop":1707094234324,"duration":66},"status":"passed","steps":[],"attachments":[],"parameters":[],"shouldDisplayMessage":false,"stepsCount":0,"attachmentsCount":0,"hasContent":false,"attachmentStep":false},{"name":"clear_allure_results_folder","time":{"start":1707094234324,"stop":1707094234324,"duration":0},"status":"passed","steps":[],"attachments":[],"parameters":[],"shouldDisplayMessage":false,"stepsCount":0,"attachmentsCount":0,"hasContent":false,"attachmentStep":false},{"name":"driver","time":{"start":1707094491642,"stop":1707094492414,"duration":772},"status":"passed","steps":[],"attachments":[],"parameters":[],"shouldDisplayMessage":false,"stepsCount":0,"attachmentsCount":0,"hasContent":false,"attachmentStep":false},{"name":"setup","time":{"start":1707094492414,"stop":1707094492414,"duration":0},"status":"passed","steps":[],"attachments":[],"parameters":[],"shouldDisplayMessage":false,"stepsCount":0,"attachmentsCount":0,"hasContent":false,"attachmentStep":false}],"testStage":{"status":"skipped","statusMessage":"XFAIL\n\nselenium.common.exceptions.NoSuchElementException: Message: no such element: Unable to locate element: {\"method\":\"xpath\",\"selector\":\"(//a[@class='add-to-cart yellow-btn'])[1]\"}\n  (Session info: chrome-headless-shell=121.0.6167.85); For documentation on this error, please visit: https://www.selenium.dev/documentation/webdriver/troubleshooting/errors#no-such-element-exception\nStacktrace:\n#0 0x564470536d93 <unknown>\n#1 0x56447021a337 <unknown>\n#2 0x564470265d60 <unknown>\n#3 0x564470265e51 <unknown>\n#4 0x5644702a9bc4 <unknown>\n#5 0x56447028846d <unknown>\n#6 0x5644702a712d <unknown>\n#7 0x5644702881e3 <unknown>\n#8 0x564470258135 <unknown>\n#9 0x56447025913e <unknown>\n#10 0x5644704fae4b <unknown>\n#11 0x5644704fedfa <unknown>\n#12 0x5644704e76d5 <unknown>\n#13 0x5644704ffa6f <unknown>\n#14 0x5644704cb69f <unknown>\n#15 0x564470524098 <unknown>\n#16 0x564470524262 <unknown>\n#17 0x564470535f34 <unknown>\n#18 0x7fb5b6b5d134 <unknown>","statusTrace":"self = <tests.delivery.test_delivery_calculation.TestDeliveryPageCalculation object at 0x7eff3f43f510>\ndriver = <selenium.webdriver.chrome.webdriver.WebDriver (session=\"c639680c0eb9b2b6ec1a5fd21498ac6c\")>\nurl = 'https://sandboxtest.stroyrem-nn.ru/', case_id = 'TD 012'\nlink_item = 'products/shtukaturka-gipsovaya-aksolit-m50-30-kg-mashinnogo-naneseniya'\namount = 333, weight = 10000, standard = 4450, in_time = 11990, all_time = 12500\n\n    @pytest.mark.parametrize('case_id, link_item, amount, weight, standard, in_time, all_time', [\n        (\"TD 001\", uroven_3000, 1, 30, 0, 1590, 2190),\n        (\"TD 002\", bundeks_25, 1, 30, 400, 1590, 2190),\n        (\"TD 003\", aksolit_30, 8, 300, 400, 1590, 2190),\n        (\"TD 004\", aksolit_30, 13, 400, 450, 1590, 2190),\n        (\"TD 005\", aksolit_30, 16, 500, 600, 1590, 2190),\n        (\"TD 006\", aksolit_30, 25, 1700, 990, 1990, 2480),\n        (\"TD 007\", aksolit_30, 66, 2000, 1300, 2490, 2980),\n        (\"TD 008\", aksolit_30, 149, 4500, 2300, 3980, 4490),\n        (\"TD 009\", aksolit_30, 166, 5000, 2500, 4990, 5480),\n        pytest.param(\n            \"TD 010\", aksolit_30, 206, 6200, 2900, 5570, 6120,\n            marks=pytest.mark.xfail(reson=\"Цена доставки 3600 7960 8980\")\n        ),\n        (\"TD 011\", aksolit_30, 299, 9000, 3600, 7960, 8980),\n        (\"TD 012\", aksolit_30, 333, 10000, 4450, 11990, 12500),\n        pytest.param(\n            \"TD 013\", aksolit_30, 366, 11000, 4800, 12450, 13480,\n            marks=pytest.mark.xfail(reason=\"Цена стандартной доставки 4450\")\n        ),\n        pytest.param(\n            \"TD 014\", aksolit_30, 666, 20000, 5400, 15600, 17490,\n            marks=pytest.mark.xfail(reason=\"Цена стандартной доставки 4450\")\n        )\n    ])\n    @pytest.mark.xfail\n    @pytest.mark.smoke_test\n    def test_positive_delivery_green_zone_smoke(\n            self, driver, url, case_id, link_item, amount, weight, standard, in_time, all_time\n    ):\n    \n        driver.get(f'{url}{link_item}')\n        item_page = ItemPage(driver)\n>       item_page.add_item_to_cart(amount).click_on_cart()\n\ntests/delivery/test_delivery_calculation.py:50: \n_ _ _ _ _ _ _ _ _ _ _ _ _ _ _ _ _ _ _ _ _ _ _ _ _ _ _ _ _ _ _ _ _ _ _ _ _ _ _ _ \npages/item_page.py:40: in add_item_to_cart\n    self.find_element(self._add_item).click()\nbase/seleniumbase.py:17: in find_element\n    return self.driver.find_element(*locator)\n/usr/local/lib/python3.11/site-packages/selenium/webdriver/remote/webdriver.py:739: in find_element\n    return self.execute(Command.FIND_ELEMENT, {\"using\": by, \"value\": value})[\"value\"]\n/usr/local/lib/python3.11/site-packages/selenium/webdriver/remote/webdriver.py:345: in execute\n    self.error_handler.check_response(response)\n_ _ _ _ _ _ _ _ _ _ _ _ _ _ _ _ _ _ _ _ _ _ _ _ _ _ _ _ _ _ _ _ _ _ _ _ _ _ _ _ \n\nself = <selenium.webdriver.remote.errorhandler.ErrorHandler object at 0x7eff3f3e8610>\nresponse = {'status': 404, 'value': '{\"value\":{\"error\":\"no such element\",\"message\":\"no such element: Unable to locate element: {\\...\\\\n#16 0x564470524262 \\\\u003Cunknown>\\\\n#17 0x564470535f34 \\\\u003Cunknown>\\\\n#18 0x7fb5b6b5d134 \\\\u003Cunknown>\\\\n\"}}'}\n\n    def check_response(self, response: Dict[str, Any]) -> None:\n        \"\"\"Checks that a JSON response from the WebDriver does not have an\n        error.\n    \n        :Args:\n         - response - The JSON response from the WebDriver server as a dictionary\n           object.\n    \n        :Raises: If the response contains an error message.\n        \"\"\"\n        status = response.get(\"status\", None)\n        if not status or status == ErrorCode.SUCCESS:\n            return\n        value = None\n        message = response.get(\"message\", \"\")\n        screen: str = response.get(\"screen\", \"\")\n        stacktrace = None\n        if isinstance(status, int):\n            value_json = response.get(\"value\", None)\n            if value_json and isinstance(value_json, str):\n                import json\n    \n                try:\n                    value = json.loads(value_json)\n                    if len(value) == 1:\n                        value = value[\"value\"]\n                    status = value.get(\"error\", None)\n                    if not status:\n                        status = value.get(\"status\", ErrorCode.UNKNOWN_ERROR)\n                        message = value.get(\"value\") or value.get(\"message\")\n                        if not isinstance(message, str):\n                            value = message\n                            message = message.get(\"message\")\n                    else:\n                        message = value.get(\"message\", None)\n                except ValueError:\n                    pass\n    \n        exception_class: Type[WebDriverException]\n        e = ErrorCode()\n        error_codes = [item for item in dir(e) if not item.startswith(\"__\")]\n        for error_code in error_codes:\n            error_info = getattr(ErrorCode, error_code)\n            if isinstance(error_info, list) and status in error_info:\n                exception_class = getattr(ExceptionMapping, error_code, WebDriverException)\n                break\n        else:\n            exception_class = WebDriverException\n    \n        if not value:\n            value = response[\"value\"]\n        if isinstance(value, str):\n            raise exception_class(value)\n        if message == \"\" and \"message\" in value:\n            message = value[\"message\"]\n    \n        screen = None  # type: ignore[assignment]\n        if \"screen\" in value:\n            screen = value[\"screen\"]\n    \n        stacktrace = None\n        st_value = value.get(\"stackTrace\") or value.get(\"stacktrace\")\n        if st_value:\n            if isinstance(st_value, str):\n                stacktrace = st_value.split(\"\\n\")\n            else:\n                stacktrace = []\n                try:\n                    for frame in st_value:\n                        line = frame.get(\"lineNumber\", \"\")\n                        file = frame.get(\"fileName\", \"<anonymous>\")\n                        if line:\n                            file = f\"{file}:{line}\"\n                        meth = frame.get(\"methodName\", \"<anonymous>\")\n                        if \"className\" in frame:\n                            meth = f\"{frame['className']}.{meth}\"\n                        msg = \"    at %s (%s)\"\n                        msg = msg % (meth, file)\n                        stacktrace.append(msg)\n                except TypeError:\n                    pass\n        if exception_class == UnexpectedAlertPresentException:\n            alert_text = None\n            if \"data\" in value:\n                alert_text = value[\"data\"].get(\"text\")\n            elif \"alert\" in value:\n                alert_text = value[\"alert\"].get(\"text\")\n            raise exception_class(message, screen, stacktrace, alert_text)  # type: ignore[call-arg]  # mypy is not smart enough here\n>       raise exception_class(message, screen, stacktrace)\nE       selenium.common.exceptions.NoSuchElementException: Message: no such element: Unable to locate element: {\"method\":\"xpath\",\"selector\":\"(//a[@class='add-to-cart yellow-btn'])[1]\"}\nE         (Session info: chrome-headless-shell=121.0.6167.85); For documentation on this error, please visit: https://www.selenium.dev/documentation/webdriver/troubleshooting/errors#no-such-element-exception\nE       Stacktrace:\nE       #0 0x564470536d93 <unknown>\nE       #1 0x56447021a337 <unknown>\nE       #2 0x564470265d60 <unknown>\nE       #3 0x564470265e51 <unknown>\nE       #4 0x5644702a9bc4 <unknown>\nE       #5 0x56447028846d <unknown>\nE       #6 0x5644702a712d <unknown>\nE       #7 0x5644702881e3 <unknown>\nE       #8 0x564470258135 <unknown>\nE       #9 0x56447025913e <unknown>\nE       #10 0x5644704fae4b <unknown>\nE       #11 0x5644704fedfa <unknown>\nE       #12 0x5644704e76d5 <unknown>\nE       #13 0x5644704ffa6f <unknown>\nE       #14 0x5644704cb69f <unknown>\nE       #15 0x564470524098 <unknown>\nE       #16 0x564470524262 <unknown>\nE       #17 0x564470535f34 <unknown>\nE       #18 0x7fb5b6b5d134 <unknown>\n\n/usr/local/lib/python3.11/site-packages/selenium/webdriver/remote/errorhandler.py:229: NoSuchElementException","steps":[{"name":"Добавляем товар в корзину в количестве 333","time":{"start":1707094492804,"stop":1707094492816,"duration":12},"status":"broken","statusMessage":"selenium.common.exceptions.NoSuchElementException: Message: no such element: Unable to locate element: {\"method\":\"xpath\",\"selector\":\"(//a[@class='add-to-cart yellow-btn'])[1]\"}\n  (Session info: chrome-headless-shell=121.0.6167.85); For documentation on this error, please visit: https://www.selenium.dev/documentation/webdriver/troubleshooting/errors#no-such-element-exception\nStacktrace:\n#0 0x564470536d93 <unknown>\n#1 0x56447021a337 <unknown>\n#2 0x564470265d60 <unknown>\n#3 0x564470265e51 <unknown>\n#4 0x5644702a9bc4 <unknown>\n#5 0x56447028846d <unknown>\n#6 0x5644702a712d <unknown>\n#7 0x5644702881e3 <unknown>\n#8 0x564470258135 <unknown>\n#9 0x56447025913e <unknown>\n#10 0x5644704fae4b <unknown>\n#11 0x5644704fedfa <unknown>\n#12 0x5644704e76d5 <unknown>\n#13 0x5644704ffa6f <unknown>\n#14 0x5644704cb69f <unknown>\n#15 0x564470524098 <unknown>\n#16 0x564470524262 <unknown>\n#17 0x564470535f34 <unknown>\n#18 0x7fb5b6b5d134 <unknown>\n\n","statusTrace":"  File \"/usr/local/lib/python3.11/site-packages/allure_commons/_allure.py\", line 192, in impl\n    return func(*a, **kw)\n           ^^^^^^^^^^^^^^\n  File \"/app/pages/item_page.py\", line 40, in add_item_to_cart\n    self.find_element(self._add_item).click()\n    ^^^^^^^^^^^^^^^^^^^^^^^^^^^^^^^^^\n  File \"/app/base/seleniumbase.py\", line 17, in find_element\n    return self.driver.find_element(*locator)\n           ^^^^^^^^^^^^^^^^^^^^^^^^^^^^^^^^^^\n  File \"/usr/local/lib/python3.11/site-packages/selenium/webdriver/remote/webdriver.py\", line 739, in find_element\n    return self.execute(Command.FIND_ELEMENT, {\"using\": by, \"value\": value})[\"value\"]\n           ^^^^^^^^^^^^^^^^^^^^^^^^^^^^^^^^^^^^^^^^^^^^^^^^^^^^^^^^^^^^^^^^^\n  File \"/usr/local/lib/python3.11/site-packages/selenium/webdriver/remote/webdriver.py\", line 345, in execute\n    self.error_handler.check_response(response)\n  File \"/usr/local/lib/python3.11/site-packages/selenium/webdriver/remote/errorhandler.py\", line 229, in check_response\n    raise exception_class(message, screen, stacktrace)\n","steps":[],"attachments":[],"parameters":[{"name":"amount","value":"333"}],"shouldDisplayMessage":true,"stepsCount":0,"attachmentsCount":0,"hasContent":true,"attachmentStep":false}],"attachments":[{"uid":"a01a820142046f26","name":"Screenshot","source":"a01a820142046f26.png","type":"image/png","size":5862},{"uid":"6e7bf4c3a3f161ed","name":"HTML source","source":"6e7bf4c3a3f161ed.html","type":"text/html","size":39}],"parameters":[],"shouldDisplayMessage":true,"stepsCount":1,"attachmentsCount":2,"hasContent":true,"attachmentStep":false},"afterStages":[{"name":"setup::0","time":{"start":1707094492918,"stop":1707094492918,"duration":0},"status":"passed","steps":[],"attachments":[],"parameters":[],"shouldDisplayMessage":false,"stepsCount":0,"attachmentsCount":0,"hasContent":false,"attachmentStep":false},{"name":"driver::0","time":{"start":1707094492918,"stop":1707094492975,"duration":57},"status":"passed","steps":[],"attachments":[],"parameters":[],"shouldDisplayMessage":false,"stepsCount":0,"attachmentsCount":0,"hasContent":false,"attachmentStep":false}],"labels":[{"name":"epic","value":"Delivery Page - calculation"},{"name":"tag","value":"smoke_test"},{"name":"tag","value":"@pytest.mark.xfail"},{"name":"parentSuite","value":"tests.delivery"},{"name":"suite","value":"test_delivery_calculation"},{"name":"subSuite","value":"TestDeliveryPageCalculation"},{"name":"host","value":"1c674f94ee0d"},{"name":"thread","value":"1-MainThread"},{"name":"framework","value":"pytest"},{"name":"language","value":"cpython3"},{"name":"package","value":"tests.delivery.test_delivery_calculation"},{"name":"resultFormat","value":"allure2"}],"parameters":[{"name":"all_time","value":"12500"},{"name":"amount","value":"333"},{"name":"case_id","value":"'TD 012'"},{"name":"in_time","value":"11990"},{"name":"link_item","value":"'products/shtukaturka-gipsovaya-aksolit-m50-30-kg-mashinnogo-naneseniya'"},{"name":"standard","value":"4450"},{"name":"url","value":"'https://sandboxtest.stroyrem-nn.ru/'"},{"name":"weight","value":"10000"}],"links":[],"hidden":false,"retry":false,"extra":{"severity":"normal","retries":[],"categories":[],"history":{"statistic":{"failed":0,"broken":13,"skipped":147,"passed":0,"unknown":0,"total":160},"items":[{"uid":"bfc9d0444a53871e","reportUrl":"https://Nat754.github.io/StroyremAutomation/207//#testresult/bfc9d0444a53871e","status":"skipped","statusDetails":"XFAIL\n\nselenium.common.exceptions.NoSuchElementException: Message: no such element: Unable to locate element: {\"method\":\"xpath\",\"selector\":\"(//a[@class='add-to-cart yellow-btn'])[1]\"}\n  (Session info: chrome-headless-shell=121.0.6167.85); For documentation on this error, please visit: https://www.selenium.dev/documentation/webdriver/troubleshooting/errors#no-such-element-exception\nStacktrace:\n#0 0x5614d0bffd93 <unknown>\n#1 0x5614d08e3337 <unknown>\n#2 0x5614d092ed60 <unknown>\n#3 0x5614d092ee51 <unknown>\n#4 0x5614d0972bc4 <unknown>\n#5 0x5614d095146d <unknown>\n#6 0x5614d097012d <unknown>\n#7 0x5614d09511e3 <unknown>\n#8 0x5614d0921135 <unknown>\n#9 0x5614d092213e <unknown>\n#10 0x5614d0bc3e4b <unknown>\n#11 0x5614d0bc7dfa <unknown>\n#12 0x5614d0bb06d5 <unknown>\n#13 0x5614d0bc8a6f <unknown>\n#14 0x5614d0b9469f <unknown>\n#15 0x5614d0bed098 <unknown>\n#16 0x5614d0bed262 <unknown>\n#17 0x5614d0bfef34 <unknown>\n#18 0x7efd73126134 <unknown>","time":{"start":1707008205870,"stop":1707008206306,"duration":436}},{"uid":"5c0a957bf39e1cb9","reportUrl":"https://Nat754.github.io/StroyremAutomation/206//#testresult/5c0a957bf39e1cb9","status":"skipped","statusDetails":"XFAIL\n\nselenium.common.exceptions.NoSuchElementException: Message: no such element: Unable to locate element: {\"method\":\"xpath\",\"selector\":\"(//a[@class='add-to-cart yellow-btn'])[1]\"}\n  (Session info: chrome-headless-shell=121.0.6167.85); For documentation on this error, please visit: https://www.selenium.dev/documentation/webdriver/troubleshooting/errors#no-such-element-exception\nStacktrace:\n#0 0x55aada911d93 <unknown>\n#1 0x55aada5f5337 <unknown>\n#2 0x55aada640d60 <unknown>\n#3 0x55aada640e51 <unknown>\n#4 0x55aada684bc4 <unknown>\n#5 0x55aada66346d <unknown>\n#6 0x55aada68212d <unknown>\n#7 0x55aada6631e3 <unknown>\n#8 0x55aada633135 <unknown>\n#9 0x55aada63413e <unknown>\n#10 0x55aada8d5e4b <unknown>\n#11 0x55aada8d9dfa <unknown>\n#12 0x55aada8c26d5 <unknown>\n#13 0x55aada8daa6f <unknown>\n#14 0x55aada8a669f <unknown>\n#15 0x55aada8ff098 <unknown>\n#16 0x55aada8ff262 <unknown>\n#17 0x55aada910f34 <unknown>\n#18 0x7f830d5a6134 <unknown>","time":{"start":1706921514442,"stop":1706921514874,"duration":432}},{"uid":"e27e7a5da7480695","reportUrl":"https://Nat754.github.io/StroyremAutomation/205//#testresult/e27e7a5da7480695","status":"skipped","statusDetails":"XFAIL\n\nselenium.common.exceptions.NoSuchElementException: Message: no such element: Unable to locate element: {\"method\":\"xpath\",\"selector\":\"(//a[@class='add-to-cart yellow-btn'])[1]\"}\n  (Session info: chrome-headless-shell=121.0.6167.85); For documentation on this error, please visit: https://www.selenium.dev/documentation/webdriver/troubleshooting/errors#no-such-element-exception\nStacktrace:\n#0 0x5558adaa7d93 <unknown>\n#1 0x5558ad78b337 <unknown>\n#2 0x5558ad7d6d60 <unknown>\n#3 0x5558ad7d6e51 <unknown>\n#4 0x5558ad81abc4 <unknown>\n#5 0x5558ad7f946d <unknown>\n#6 0x5558ad81812d <unknown>\n#7 0x5558ad7f91e3 <unknown>\n#8 0x5558ad7c9135 <unknown>\n#9 0x5558ad7ca13e <unknown>\n#10 0x5558ada6be4b <unknown>\n#11 0x5558ada6fdfa <unknown>\n#12 0x5558ada586d5 <unknown>\n#13 0x5558ada70a6f <unknown>\n#14 0x5558ada3c69f <unknown>\n#15 0x5558ada95098 <unknown>\n#16 0x5558ada95262 <unknown>\n#17 0x5558adaa6f34 <unknown>\n#18 0x7faaa7a1b134 <unknown>","time":{"start":1706835161400,"stop":1706835161830,"duration":430}},{"uid":"3a60ea9a64207e36","reportUrl":"https://Nat754.github.io/StroyremAutomation/204//#testresult/3a60ea9a64207e36","status":"skipped","statusDetails":"XFAIL\n\nselenium.common.exceptions.NoSuchElementException: Message: no such element: Unable to locate element: {\"method\":\"xpath\",\"selector\":\"(//a[@class='add-to-cart yellow-btn'])[1]\"}\n  (Session info: chrome-headless-shell=121.0.6167.85); For documentation on this error, please visit: https://www.selenium.dev/documentation/webdriver/troubleshooting/errors#no-such-element-exception\nStacktrace:\n#0 0x55d8d2bb8d93 <unknown>\n#1 0x55d8d289c337 <unknown>\n#2 0x55d8d28e7d60 <unknown>\n#3 0x55d8d28e7e51 <unknown>\n#4 0x55d8d292bbc4 <unknown>\n#5 0x55d8d290a46d <unknown>\n#6 0x55d8d292912d <unknown>\n#7 0x55d8d290a1e3 <unknown>\n#8 0x55d8d28da135 <unknown>\n#9 0x55d8d28db13e <unknown>\n#10 0x55d8d2b7ce4b <unknown>\n#11 0x55d8d2b80dfa <unknown>\n#12 0x55d8d2b696d5 <unknown>\n#13 0x55d8d2b81a6f <unknown>\n#14 0x55d8d2b4d69f <unknown>\n#15 0x55d8d2ba6098 <unknown>\n#16 0x55d8d2ba6262 <unknown>\n#17 0x55d8d2bb7f34 <unknown>\n#18 0x7f2de984a044 <unknown>","time":{"start":1706748932791,"stop":1706748933241,"duration":450}},{"uid":"26dd42018aa06373","reportUrl":"https://Nat754.github.io/StroyremAutomation/203//#testresult/26dd42018aa06373","status":"skipped","statusDetails":"XFAIL\n\nselenium.common.exceptions.NoSuchElementException: Message: no such element: Unable to locate element: {\"method\":\"xpath\",\"selector\":\"(//a[@class='add-to-cart yellow-btn'])[1]\"}\n  (Session info: chrome-headless-shell=121.0.6167.85); For documentation on this error, please visit: https://www.selenium.dev/documentation/webdriver/troubleshooting/errors#no-such-element-exception\nStacktrace:\n#0 0x56054d624d93 <unknown>\n#1 0x56054d308337 <unknown>\n#2 0x56054d353d60 <unknown>\n#3 0x56054d353e51 <unknown>\n#4 0x56054d397bc4 <unknown>\n#5 0x56054d37646d <unknown>\n#6 0x56054d39512d <unknown>\n#7 0x56054d3761e3 <unknown>\n#8 0x56054d346135 <unknown>\n#9 0x56054d34713e <unknown>\n#10 0x56054d5e8e4b <unknown>\n#11 0x56054d5ecdfa <unknown>\n#12 0x56054d5d56d5 <unknown>\n#13 0x56054d5eda6f <unknown>\n#14 0x56054d5b969f <unknown>\n#15 0x56054d612098 <unknown>\n#16 0x56054d612262 <unknown>\n#17 0x56054d623f34 <unknown>\n#18 0x7fb4e163a044 <unknown>","time":{"start":1706662368768,"stop":1706662369106,"duration":338}},{"uid":"ed355f55960f257a","reportUrl":"https://Nat754.github.io/StroyremAutomation/202//#testresult/ed355f55960f257a","status":"skipped","statusDetails":"XFAIL\n\nselenium.common.exceptions.NoSuchElementException: Message: no such element: Unable to locate element: {\"method\":\"xpath\",\"selector\":\"(//a[@class='add-to-cart yellow-btn'])[1]\"}\n  (Session info: chrome-headless-shell=121.0.6167.85); For documentation on this error, please visit: https://www.selenium.dev/documentation/webdriver/troubleshooting/errors#no-such-element-exception\nStacktrace:\n#0 0x557d92917d93 <unknown>\n#1 0x557d925fb337 <unknown>\n#2 0x557d92646d60 <unknown>\n#3 0x557d92646e51 <unknown>\n#4 0x557d9268abc4 <unknown>\n#5 0x557d9266946d <unknown>\n#6 0x557d9268812d <unknown>\n#7 0x557d926691e3 <unknown>\n#8 0x557d92639135 <unknown>\n#9 0x557d9263a13e <unknown>\n#10 0x557d928dbe4b <unknown>\n#11 0x557d928dfdfa <unknown>\n#12 0x557d928c86d5 <unknown>\n#13 0x557d928e0a6f <unknown>\n#14 0x557d928ac69f <unknown>\n#15 0x557d92905098 <unknown>\n#16 0x557d92905262 <unknown>\n#17 0x557d92916f34 <unknown>\n#18 0x7f0b43284044 <unknown>","time":{"start":1706575921529,"stop":1706575921818,"duration":289}},{"uid":"a778ee7561e28eec","reportUrl":"https://Nat754.github.io/StroyremAutomation/201//#testresult/a778ee7561e28eec","status":"skipped","statusDetails":"XFAIL\n\nselenium.common.exceptions.NoSuchElementException: Message: no such element: Unable to locate element: {\"method\":\"xpath\",\"selector\":\"(//a[@class='add-to-cart yellow-btn'])[1]\"}\n  (Session info: chrome-headless-shell=121.0.6167.85); For documentation on this error, please visit: https://www.selenium.dev/documentation/webdriver/troubleshooting/errors#no-such-element-exception\nStacktrace:\n#0 0x5577d0d56d93 <unknown>\n#1 0x5577d0a3a337 <unknown>\n#2 0x5577d0a85d60 <unknown>\n#3 0x5577d0a85e51 <unknown>\n#4 0x5577d0ac9bc4 <unknown>\n#5 0x5577d0aa846d <unknown>\n#6 0x5577d0ac712d <unknown>\n#7 0x5577d0aa81e3 <unknown>\n#8 0x5577d0a78135 <unknown>\n#9 0x5577d0a7913e <unknown>\n#10 0x5577d0d1ae4b <unknown>\n#11 0x5577d0d1edfa <unknown>\n#12 0x5577d0d076d5 <unknown>\n#13 0x5577d0d1fa6f <unknown>\n#14 0x5577d0ceb69f <unknown>\n#15 0x5577d0d44098 <unknown>\n#16 0x5577d0d44262 <unknown>\n#17 0x5577d0d55f34 <unknown>\n#18 0x7f68ffd3b044 <unknown>","time":{"start":1706489614106,"stop":1706489614514,"duration":408}},{"uid":"7402d5a10d4e8b84","reportUrl":"https://Nat754.github.io/StroyremAutomation/200//#testresult/7402d5a10d4e8b84","status":"skipped","statusDetails":"XFAIL\n\nselenium.common.exceptions.NoSuchElementException: Message: no such element: Unable to locate element: {\"method\":\"xpath\",\"selector\":\"(//a[@class='add-to-cart yellow-btn'])[1]\"}\n  (Session info: chrome-headless-shell=121.0.6167.85); For documentation on this error, please visit: https://www.selenium.dev/documentation/webdriver/troubleshooting/errors#no-such-element-exception\nStacktrace:\n#0 0x55e3570f1d93 <unknown>\n#1 0x55e356dd5337 <unknown>\n#2 0x55e356e20d60 <unknown>\n#3 0x55e356e20e51 <unknown>\n#4 0x55e356e64bc4 <unknown>\n#5 0x55e356e4346d <unknown>\n#6 0x55e356e6212d <unknown>\n#7 0x55e356e431e3 <unknown>\n#8 0x55e356e13135 <unknown>\n#9 0x55e356e1413e <unknown>\n#10 0x55e3570b5e4b <unknown>\n#11 0x55e3570b9dfa <unknown>\n#12 0x55e3570a26d5 <unknown>\n#13 0x55e3570baa6f <unknown>\n#14 0x55e35708669f <unknown>\n#15 0x55e3570df098 <unknown>\n#16 0x55e3570df262 <unknown>\n#17 0x55e3570f0f34 <unknown>\n#18 0x7f1e0fbef044 <unknown>","time":{"start":1706403373533,"stop":1706403373970,"duration":437}},{"uid":"b50138f86d5e5c00","reportUrl":"https://Nat754.github.io/StroyremAutomation/199//#testresult/b50138f86d5e5c00","status":"skipped","statusDetails":"XFAIL\n\nselenium.common.exceptions.NoSuchElementException: Message: no such element: Unable to locate element: {\"method\":\"xpath\",\"selector\":\"(//a[@class='add-to-cart yellow-btn'])[1]\"}\n  (Session info: chrome-headless-shell=121.0.6167.85); For documentation on this error, please visit: https://www.selenium.dev/documentation/webdriver/troubleshooting/errors#no-such-element-exception\nStacktrace:\n#0 0x55626e049d93 <unknown>\n#1 0x55626dd2d337 <unknown>\n#2 0x55626dd78d60 <unknown>\n#3 0x55626dd78e51 <unknown>\n#4 0x55626ddbcbc4 <unknown>\n#5 0x55626dd9b46d <unknown>\n#6 0x55626ddba12d <unknown>\n#7 0x55626dd9b1e3 <unknown>\n#8 0x55626dd6b135 <unknown>\n#9 0x55626dd6c13e <unknown>\n#10 0x55626e00de4b <unknown>\n#11 0x55626e011dfa <unknown>\n#12 0x55626dffa6d5 <unknown>\n#13 0x55626e012a6f <unknown>\n#14 0x55626dfde69f <unknown>\n#15 0x55626e037098 <unknown>\n#16 0x55626e037262 <unknown>\n#17 0x55626e048f34 <unknown>\n#18 0x7f2a59a5a044 <unknown>","time":{"start":1706316694790,"stop":1706316695311,"duration":521}},{"uid":"cd64f4d8f7904e33","reportUrl":"https://Nat754.github.io/StroyremAutomation/198//#testresult/cd64f4d8f7904e33","status":"skipped","statusDetails":"XFAIL\n\nselenium.common.exceptions.NoSuchElementException: Message: no such element: Unable to locate element: {\"method\":\"xpath\",\"selector\":\"(//a[@class='add-to-cart yellow-btn'])[1]\"}\n  (Session info: chrome-headless-shell=121.0.6167.85); For documentation on this error, please visit: https://www.selenium.dev/documentation/webdriver/troubleshooting/errors#no-such-element-exception\nStacktrace:\n#0 0x55f1b912ed93 <unknown>\n#1 0x55f1b8e12337 <unknown>\n#2 0x55f1b8e5dd60 <unknown>\n#3 0x55f1b8e5de51 <unknown>\n#4 0x55f1b8ea1bc4 <unknown>\n#5 0x55f1b8e8046d <unknown>\n#6 0x55f1b8e9f12d <unknown>\n#7 0x55f1b8e801e3 <unknown>\n#8 0x55f1b8e50135 <unknown>\n#9 0x55f1b8e5113e <unknown>\n#10 0x55f1b90f2e4b <unknown>\n#11 0x55f1b90f6dfa <unknown>\n#12 0x55f1b90df6d5 <unknown>\n#13 0x55f1b90f7a6f <unknown>\n#14 0x55f1b90c369f <unknown>\n#15 0x55f1b911c098 <unknown>\n#16 0x55f1b911c262 <unknown>\n#17 0x55f1b912df34 <unknown>\n#18 0x7f028b304044 <unknown>","time":{"start":1706230382628,"stop":1706230383111,"duration":483}},{"uid":"f3ddb35678229de8","reportUrl":"https://Nat754.github.io/StroyremAutomation/197//#testresult/f3ddb35678229de8","status":"skipped","statusDetails":"XFAIL\n\nselenium.common.exceptions.WebDriverException: Message: unknown error: net::ERR_CONNECTION_TIMED_OUT\n  (Session info: chrome-headless-shell=121.0.6167.85)\nStacktrace:\n#0 0x555744977d93 <unknown>\n#1 0x55574465b337 <unknown>\n#2 0x555744653193 <unknown>\n#3 0x555744643161 <unknown>\n#4 0x5557446445cb <unknown>\n#5 0x555744643414 <unknown>\n#6 0x5557446425e5 <unknown>\n#7 0x555744642557 <unknown>\n#8 0x555744640c1a <unknown>\n#9 0x5557446411ca <unknown>\n#10 0x55574465db6e <unknown>\n#11 0x5557446e8d45 <unknown>\n#12 0x5557446c9442 <unknown>\n#13 0x5557446e812d <unknown>\n#14 0x5557446c91e3 <unknown>\n#15 0x555744699135 <unknown>\n#16 0x55574469a13e <unknown>\n#17 0x55574493be4b <unknown>\n#18 0x55574493fdfa <unknown>\n#19 0x5557449286d5 <unknown>\n#20 0x555744940a6f <unknown>\n#21 0x55574490c69f <unknown>\n#22 0x555744965098 <unknown>\n#23 0x555744965262 <unknown>\n#24 0x555744976f34 <unknown>\n#25 0x7ff6db00f044 <unknown>","time":{"start":1706145699991,"stop":1706145830119,"duration":130128}},{"uid":"b7a4bf2463720057","reportUrl":"https://Nat754.github.io/StroyremAutomation/196//#testresult/b7a4bf2463720057","status":"skipped","statusDetails":"XFAIL\n\nselenium.common.exceptions.WebDriverException: Message: unknown error: net::ERR_CONNECTION_REFUSED\n  (Session info: chrome-headless-shell=121.0.6167.85)\nStacktrace:\n#0 0x55a158e37d93 <unknown>\n#1 0x55a158b1b337 <unknown>\n#2 0x55a158b13193 <unknown>\n#3 0x55a158b03161 <unknown>\n#4 0x55a158b045cb <unknown>\n#5 0x55a158b03414 <unknown>\n#6 0x55a158b025e5 <unknown>\n#7 0x55a158b02557 <unknown>\n#8 0x55a158b00c1a <unknown>\n#9 0x55a158b011ca <unknown>\n#10 0x55a158b1db6e <unknown>\n#11 0x55a158ba8d45 <unknown>\n#12 0x55a158b89442 <unknown>\n#13 0x55a158ba812d <unknown>\n#14 0x55a158b891e3 <unknown>\n#15 0x55a158b59135 <unknown>\n#16 0x55a158b5a13e <unknown>\n#17 0x55a158dfbe4b <unknown>\n#18 0x55a158dffdfa <unknown>\n#19 0x55a158de86d5 <unknown>\n#20 0x55a158e00a6f <unknown>\n#21 0x55a158dcc69f <unknown>\n#22 0x55a158e25098 <unknown>\n#23 0x55a158e25262 <unknown>\n#24 0x55a158e36f34 <unknown>\n#25 0x7ff5a35ca044 <unknown>","time":{"start":1706057913239,"stop":1706057913454,"duration":215}},{"uid":"ea83c8a058cc6542","reportUrl":"https://Nat754.github.io/StroyremAutomation/195//#testresult/ea83c8a058cc6542","status":"skipped","statusDetails":"XFAIL\n\nselenium.common.exceptions.WebDriverException: Message: unknown error: net::ERR_CONNECTION_TIMED_OUT\n  (Session info: chrome-headless-shell=120.0.6099.109)\nStacktrace:\n#0 0x56456536af83 <unknown>\n#1 0x564565023cf7 <unknown>\n#2 0x56456501b6ea <unknown>\n#3 0x56456500a5a1 <unknown>\n#4 0x56456500bd40 <unknown>\n#5 0x56456500a854 <unknown>\n#6 0x564565009586 <unknown>\n#7 0x56456500944a <unknown>\n#8 0x5645650077e1 <unknown>\n#9 0x56456500801a <unknown>\n#10 0x564565026bbe <unknown>\n#11 0x5645650bc7a5 <unknown>\n#12 0x56456509d0b2 <unknown>\n#13 0x5645650bc006 <unknown>\n#14 0x56456509ce53 <unknown>\n#15 0x564565064dd4 <unknown>\n#16 0x5645650661de <unknown>\n#17 0x56456532f531 <unknown>\n#18 0x564565333455 <unknown>\n#19 0x56456531bf55 <unknown>\n#20 0x5645653340ef <unknown>\n#21 0x5645652ff99f <unknown>\n#22 0x564565358008 <unknown>\n#23 0x5645653581d7 <unknown>\n#24 0x56456536a124 <unknown>\n#25 0x7fb0ff20f044 <unknown>","time":{"start":1705972883257,"stop":1705973013392,"duration":130135}},{"uid":"f26b958bbff90f6d","reportUrl":"https://Nat754.github.io/StroyremAutomation/194//#testresult/f26b958bbff90f6d","status":"skipped","statusDetails":"XFAIL\n\nselenium.common.exceptions.WebDriverException: Message: unknown error: net::ERR_CONNECTION_TIMED_OUT\n  (Session info: chrome-headless-shell=120.0.6099.109)\nStacktrace:\n#0 0x5630f5e82f83 <unknown>\n#1 0x5630f5b3bcf7 <unknown>\n#2 0x5630f5b336ea <unknown>\n#3 0x5630f5b225a1 <unknown>\n#4 0x5630f5b23d40 <unknown>\n#5 0x5630f5b22854 <unknown>\n#6 0x5630f5b21586 <unknown>\n#7 0x5630f5b2144a <unknown>\n#8 0x5630f5b1f7e1 <unknown>\n#9 0x5630f5b2001a <unknown>\n#10 0x5630f5b3ebbe <unknown>\n#11 0x5630f5bd47a5 <unknown>\n#12 0x5630f5bb50b2 <unknown>\n#13 0x5630f5bd4006 <unknown>\n#14 0x5630f5bb4e53 <unknown>\n#15 0x5630f5b7cdd4 <unknown>\n#16 0x5630f5b7e1de <unknown>\n#17 0x5630f5e47531 <unknown>\n#18 0x5630f5e4b455 <unknown>\n#19 0x5630f5e33f55 <unknown>\n#20 0x5630f5e4c0ef <unknown>\n#21 0x5630f5e1799f <unknown>\n#22 0x5630f5e70008 <unknown>\n#23 0x5630f5e701d7 <unknown>\n#24 0x5630f5e82124 <unknown>\n#25 0x7f49d8d9b044 <unknown>","time":{"start":1705886679959,"stop":1705886810080,"duration":130121}},{"uid":"4fb41876767eda22","reportUrl":"https://Nat754.github.io/StroyremAutomation/193//#testresult/4fb41876767eda22","status":"skipped","statusDetails":"XFAIL\n\nselenium.common.exceptions.WebDriverException: Message: unknown error: net::ERR_CONNECTION_TIMED_OUT\n  (Session info: chrome-headless-shell=120.0.6099.109)\nStacktrace:\n#0 0x55916c9b9f83 <unknown>\n#1 0x55916c672cf7 <unknown>\n#2 0x55916c66a6ea <unknown>\n#3 0x55916c6595a1 <unknown>\n#4 0x55916c65ad40 <unknown>\n#5 0x55916c659854 <unknown>\n#6 0x55916c658586 <unknown>\n#7 0x55916c65844a <unknown>\n#8 0x55916c6567e1 <unknown>\n#9 0x55916c65701a <unknown>\n#10 0x55916c675bbe <unknown>\n#11 0x55916c70b7a5 <unknown>\n#12 0x55916c6ec0b2 <unknown>\n#13 0x55916c70b006 <unknown>\n#14 0x55916c6ebe53 <unknown>\n#15 0x55916c6b3dd4 <unknown>\n#16 0x55916c6b51de <unknown>\n#17 0x55916c97e531 <unknown>\n#18 0x55916c982455 <unknown>\n#19 0x55916c96af55 <unknown>\n#20 0x55916c9830ef <unknown>\n#21 0x55916c94e99f <unknown>\n#22 0x55916c9a7008 <unknown>\n#23 0x55916c9a71d7 <unknown>\n#24 0x55916c9b9124 <unknown>\n#25 0x7fa1b1e25044 <unknown>","time":{"start":1705800268438,"stop":1705800398573,"duration":130135}},{"uid":"9bbf618ce44ee31","reportUrl":"https://Nat754.github.io/StroyremAutomation/192//#testresult/9bbf618ce44ee31","status":"skipped","statusDetails":"XFAIL\n\nselenium.common.exceptions.WebDriverException: Message: unknown error: net::ERR_CONNECTION_TIMED_OUT\n  (Session info: chrome-headless-shell=120.0.6099.109)\nStacktrace:\n#0 0x55a925797f83 <unknown>\n#1 0x55a925450cf7 <unknown>\n#2 0x55a9254486ea <unknown>\n#3 0x55a9254375a1 <unknown>\n#4 0x55a925438d40 <unknown>\n#5 0x55a925437854 <unknown>\n#6 0x55a925436586 <unknown>\n#7 0x55a92543644a <unknown>\n#8 0x55a9254347e1 <unknown>\n#9 0x55a92543501a <unknown>\n#10 0x55a925453bbe <unknown>\n#11 0x55a9254e97a5 <unknown>\n#12 0x55a9254ca0b2 <unknown>\n#13 0x55a9254e9006 <unknown>\n#14 0x55a9254c9e53 <unknown>\n#15 0x55a925491dd4 <unknown>\n#16 0x55a9254931de <unknown>\n#17 0x55a92575c531 <unknown>\n#18 0x55a925760455 <unknown>\n#19 0x55a925748f55 <unknown>\n#20 0x55a9257610ef <unknown>\n#21 0x55a92572c99f <unknown>\n#22 0x55a925785008 <unknown>\n#23 0x55a9257851d7 <unknown>\n#24 0x55a925797124 <unknown>\n#25 0x7ff222492044 <unknown>","time":{"start":1705713570045,"stop":1705713700177,"duration":130132}},{"uid":"10a258b7cb58ae9f","reportUrl":"https://Nat754.github.io/StroyremAutomation/191//#testresult/10a258b7cb58ae9f","status":"skipped","statusDetails":"XFAIL\n\nselenium.common.exceptions.WebDriverException: Message: unknown error: net::ERR_CONNECTION_TIMED_OUT\n  (Session info: chrome-headless-shell=120.0.6099.109)\nStacktrace:\n#0 0x562948fcff83 <unknown>\n#1 0x562948c88cf7 <unknown>\n#2 0x562948c806ea <unknown>\n#3 0x562948c6f5a1 <unknown>\n#4 0x562948c70d40 <unknown>\n#5 0x562948c6f854 <unknown>\n#6 0x562948c6e586 <unknown>\n#7 0x562948c6e44a <unknown>\n#8 0x562948c6c7e1 <unknown>\n#9 0x562948c6d01a <unknown>\n#10 0x562948c8bbbe <unknown>\n#11 0x562948d217a5 <unknown>\n#12 0x562948d020b2 <unknown>\n#13 0x562948d21006 <unknown>\n#14 0x562948d01e53 <unknown>\n#15 0x562948cc9dd4 <unknown>\n#16 0x562948ccb1de <unknown>\n#17 0x562948f94531 <unknown>\n#18 0x562948f98455 <unknown>\n#19 0x562948f80f55 <unknown>\n#20 0x562948f990ef <unknown>\n#21 0x562948f6499f <unknown>\n#22 0x562948fbd008 <unknown>\n#23 0x562948fbd1d7 <unknown>\n#24 0x562948fcf124 <unknown>\n#25 0x7fe5f2899044 <unknown>","time":{"start":1705627220526,"stop":1705627350663,"duration":130137}},{"uid":"ec99394a547e29ba","reportUrl":"https://Nat754.github.io/StroyremAutomation/190//#testresult/ec99394a547e29ba","status":"skipped","statusDetails":"XFAIL\n\nselenium.common.exceptions.WebDriverException: Message: unknown error: net::ERR_CONNECTION_TIMED_OUT\n  (Session info: chrome-headless-shell=120.0.6099.109)\nStacktrace:\n#0 0x55c4cd5b2f83 <unknown>\n#1 0x55c4cd26bcf7 <unknown>\n#2 0x55c4cd2636ea <unknown>\n#3 0x55c4cd2525a1 <unknown>\n#4 0x55c4cd253d40 <unknown>\n#5 0x55c4cd252854 <unknown>\n#6 0x55c4cd251586 <unknown>\n#7 0x55c4cd25144a <unknown>\n#8 0x55c4cd24f7e1 <unknown>\n#9 0x55c4cd25001a <unknown>\n#10 0x55c4cd26ebbe <unknown>\n#11 0x55c4cd3047a5 <unknown>\n#12 0x55c4cd2e50b2 <unknown>\n#13 0x55c4cd304006 <unknown>\n#14 0x55c4cd2e4e53 <unknown>\n#15 0x55c4cd2acdd4 <unknown>\n#16 0x55c4cd2ae1de <unknown>\n#17 0x55c4cd577531 <unknown>\n#18 0x55c4cd57b455 <unknown>\n#19 0x55c4cd563f55 <unknown>\n#20 0x55c4cd57c0ef <unknown>\n#21 0x55c4cd54799f <unknown>\n#22 0x55c4cd5a0008 <unknown>\n#23 0x55c4cd5a01d7 <unknown>\n#24 0x55c4cd5b2124 <unknown>\n#25 0x7faf9b6ae044 <unknown>","time":{"start":1705540789918,"stop":1705540920058,"duration":130140}},{"uid":"96aebfcf47460f8e","reportUrl":"https://Nat754.github.io/StroyremAutomation/189//#testresult/96aebfcf47460f8e","status":"skipped","statusDetails":"XFAIL\n\nselenium.common.exceptions.WebDriverException: Message: unknown error: net::ERR_CONNECTION_TIMED_OUT\n  (Session info: chrome-headless-shell=120.0.6099.109)\nStacktrace:\n#0 0x563ffa16ff83 <unknown>\n#1 0x563ff9e28cf7 <unknown>\n#2 0x563ff9e206ea <unknown>\n#3 0x563ff9e0f5a1 <unknown>\n#4 0x563ff9e10d40 <unknown>\n#5 0x563ff9e0f854 <unknown>\n#6 0x563ff9e0e586 <unknown>\n#7 0x563ff9e0e44a <unknown>\n#8 0x563ff9e0c7e1 <unknown>\n#9 0x563ff9e0d01a <unknown>\n#10 0x563ff9e2bbbe <unknown>\n#11 0x563ff9ec17a5 <unknown>\n#12 0x563ff9ea20b2 <unknown>\n#13 0x563ff9ec1006 <unknown>\n#14 0x563ff9ea1e53 <unknown>\n#15 0x563ff9e69dd4 <unknown>\n#16 0x563ff9e6b1de <unknown>\n#17 0x563ffa134531 <unknown>\n#18 0x563ffa138455 <unknown>\n#19 0x563ffa120f55 <unknown>\n#20 0x563ffa1390ef <unknown>\n#21 0x563ffa10499f <unknown>\n#22 0x563ffa15d008 <unknown>\n#23 0x563ffa15d1d7 <unknown>\n#24 0x563ffa16f124 <unknown>\n#25 0x7f49a2e75044 <unknown>","time":{"start":1705454417284,"stop":1705454547410,"duration":130126}},{"uid":"b498a4630ea5e9c1","reportUrl":"https://Nat754.github.io/StroyremAutomation/188//#testresult/b498a4630ea5e9c1","status":"skipped","statusDetails":"XFAIL\n\nselenium.common.exceptions.WebDriverException: Message: unknown error: net::ERR_CONNECTION_TIMED_OUT\n  (Session info: chrome-headless-shell=120.0.6099.109)\nStacktrace:\n#0 0x5559385aff83 <unknown>\n#1 0x555938268cf7 <unknown>\n#2 0x5559382606ea <unknown>\n#3 0x55593824f5a1 <unknown>\n#4 0x555938250d40 <unknown>\n#5 0x55593824f854 <unknown>\n#6 0x55593824e586 <unknown>\n#7 0x55593824e44a <unknown>\n#8 0x55593824c7e1 <unknown>\n#9 0x55593824d01a <unknown>\n#10 0x55593826bbbe <unknown>\n#11 0x5559383017a5 <unknown>\n#12 0x5559382e20b2 <unknown>\n#13 0x555938301006 <unknown>\n#14 0x5559382e1e53 <unknown>\n#15 0x5559382a9dd4 <unknown>\n#16 0x5559382ab1de <unknown>\n#17 0x555938574531 <unknown>\n#18 0x555938578455 <unknown>\n#19 0x555938560f55 <unknown>\n#20 0x5559385790ef <unknown>\n#21 0x55593854499f <unknown>\n#22 0x55593859d008 <unknown>\n#23 0x55593859d1d7 <unknown>\n#24 0x5559385af124 <unknown>\n#25 0x7f9dfb388044 <unknown>","time":{"start":1705368133842,"stop":1705368263969,"duration":130127}}]},"tags":["@pytest.mark.xfail","smoke_test"]},"source":"d1f04a48af967c4b.json","parameterValues":["12500","333","'TD 012'","11990","'products/shtukaturka-gipsovaya-aksolit-m50-30-kg-mashinnogo-naneseniya'","4450","'https://sandboxtest.stroyrem-nn.ru/'","10000"]}