{"uid":"c99cf8935cf715cc","name":"TD 026 Доставка товара весом до 11000кг. в синей зоне","fullName":"tests.delivery.test_delivery_calculation.TestDeliveryPageCalculation#test_positive_delivery_blue_zone_smoke","historyId":"8627394da03f78c724b6bd3e4cd7677c","time":{"start":1706921533822,"stop":1706921534258,"duration":436},"status":"skipped","statusMessage":"XFAIL\n\nselenium.common.exceptions.NoSuchElementException: Message: no such element: Unable to locate element: {\"method\":\"xpath\",\"selector\":\"(//a[@class='add-to-cart yellow-btn'])[1]\"}\n  (Session info: chrome-headless-shell=121.0.6167.85); For documentation on this error, please visit: https://www.selenium.dev/documentation/webdriver/troubleshooting/errors#no-such-element-exception\nStacktrace:\n#0 0x55f6c20a2d93 <unknown>\n#1 0x55f6c1d86337 <unknown>\n#2 0x55f6c1dd1d60 <unknown>\n#3 0x55f6c1dd1e51 <unknown>\n#4 0x55f6c1e15bc4 <unknown>\n#5 0x55f6c1df446d <unknown>\n#6 0x55f6c1e1312d <unknown>\n#7 0x55f6c1df41e3 <unknown>\n#8 0x55f6c1dc4135 <unknown>\n#9 0x55f6c1dc513e <unknown>\n#10 0x55f6c2066e4b <unknown>\n#11 0x55f6c206adfa <unknown>\n#12 0x55f6c20536d5 <unknown>\n#13 0x55f6c206ba6f <unknown>\n#14 0x55f6c203769f <unknown>\n#15 0x55f6c2090098 <unknown>\n#16 0x55f6c2090262 <unknown>\n#17 0x55f6c20a1f34 <unknown>\n#18 0x7fd8565d9134 <unknown>","statusTrace":"self = <tests.delivery.test_delivery_calculation.TestDeliveryPageCalculation object at 0x7efedd8c84d0>\ndriver = <selenium.webdriver.chrome.webdriver.WebDriver (session=\"b158039c7ac9d4d56d7a2ecba9265ef1\")>\nurl = 'https://sandboxtest.stroyrem-nn.ru/', case_id = 'TD 026'\nlink_item = 'products/shtukaturka-gipsovaya-aksolit-m50-30-kg-mashinnogo-naneseniya'\namount = 366, weight = 11000, standard = 8000, in_time = 14900, all_time = 19900\n\n    @pytest.mark.parametrize('case_id, link_item, amount, weight, standard, in_time, all_time', [\n        (\"TD 015\", bundeks_25, 1, 30, 650, 2390, 3320),\n        pytest.param(\n            \"TD 016\", aksolit_30, 8, 300, 650, 2390, 3320,\n            marks=pytest.mark.xfail(reson=\"Цена доставки: - - -\")\n        ),\n        (\"TD 017\", aksolit_30, 13, 400, 650, 2390, 3320),\n        (\"TD 018\", aksolit_30, 16, 500, 850, 2490, 3320),\n        (\"TD 019\", aksolit_30, 25, 1700, 1150, 2490, 3320),\n        (\"TD 020\", aksolit_30, 66, 2000, 1500, 2990, 3650),\n        (\"TD 021\", aksolit_30, 149, 4500, 2600, 4380, 4890),\n        (\"TD 022\", aksolit_30, 166, 5000, 2800, 5490, 5980),\n        pytest.param(\n            \"TD 023\", aksolit_30, 206, 6200, 3300, 7500, 8000,\n            marks=pytest.mark.xfail(reson=\"Цена доставки: 4300 9900 11440\")\n        ),\n        (\"TD 024\", aksolit_30, 299, 9000, 4300, 9900, 11440),\n        (\"TD 025\", aksolit_30, 333, 10000, 7000, 13900, 15900),\n        pytest.param(\n            \"TD 026\", aksolit_30, 366, 11000, 8000, 14900, 19900,\n            marks=pytest.mark.xfail(reson=\"Цена доставки: 7000 13900 15900\")\n        ),\n        pytest.param(\n            \"TD 027\", aksolit_30, 666, 20000, 14000, 16900, 23900,\n            marks=pytest.mark.xfail(reson=\"Цена доставки: 7000 13900 15900\")\n        )\n    ])\n    @pytest.mark.xfail\n    @pytest.mark.smoke_test\n    def test_positive_delivery_blue_zone_smoke(\n            self, driver, url, case_id, link_item, amount, weight, standard, in_time, all_time\n    ):\n        allure.dynamic.title(f\"{case_id} Доставка товара весом до {weight}кг. в синей зоне\")\n    \n        driver.get(f'{url}{link_item}')\n        item_page = ItemPage(driver)\n>       item_page.add_item_to_cart(amount).click_on_cart()\n\ntests/delivery/test_delivery_calculation.py:132: \n_ _ _ _ _ _ _ _ _ _ _ _ _ _ _ _ _ _ _ _ _ _ _ _ _ _ _ _ _ _ _ _ _ _ _ _ _ _ _ _ \npages/item_page.py:40: in add_item_to_cart\n    self.find_element(self._add_item).click()\nbase/seleniumbase.py:17: in find_element\n    return self.driver.find_element(*locator)\n/usr/local/lib/python3.11/site-packages/selenium/webdriver/remote/webdriver.py:739: in find_element\n    return self.execute(Command.FIND_ELEMENT, {\"using\": by, \"value\": value})[\"value\"]\n/usr/local/lib/python3.11/site-packages/selenium/webdriver/remote/webdriver.py:345: in execute\n    self.error_handler.check_response(response)\n_ _ _ _ _ _ _ _ _ _ _ _ _ _ _ _ _ _ _ _ _ _ _ _ _ _ _ _ _ _ _ _ _ _ _ _ _ _ _ _ \n\nself = <selenium.webdriver.remote.errorhandler.ErrorHandler object at 0x7efede0f8290>\nresponse = {'status': 404, 'value': '{\"value\":{\"error\":\"no such element\",\"message\":\"no such element: Unable to locate element: {\\...\\\\n#16 0x55f6c2090262 \\\\u003Cunknown>\\\\n#17 0x55f6c20a1f34 \\\\u003Cunknown>\\\\n#18 0x7fd8565d9134 \\\\u003Cunknown>\\\\n\"}}'}\n\n    def check_response(self, response: Dict[str, Any]) -> None:\n        \"\"\"Checks that a JSON response from the WebDriver does not have an\n        error.\n    \n        :Args:\n         - response - The JSON response from the WebDriver server as a dictionary\n           object.\n    \n        :Raises: If the response contains an error message.\n        \"\"\"\n        status = response.get(\"status\", None)\n        if not status or status == ErrorCode.SUCCESS:\n            return\n        value = None\n        message = response.get(\"message\", \"\")\n        screen: str = response.get(\"screen\", \"\")\n        stacktrace = None\n        if isinstance(status, int):\n            value_json = response.get(\"value\", None)\n            if value_json and isinstance(value_json, str):\n                import json\n    \n                try:\n                    value = json.loads(value_json)\n                    if len(value) == 1:\n                        value = value[\"value\"]\n                    status = value.get(\"error\", None)\n                    if not status:\n                        status = value.get(\"status\", ErrorCode.UNKNOWN_ERROR)\n                        message = value.get(\"value\") or value.get(\"message\")\n                        if not isinstance(message, str):\n                            value = message\n                            message = message.get(\"message\")\n                    else:\n                        message = value.get(\"message\", None)\n                except ValueError:\n                    pass\n    \n        exception_class: Type[WebDriverException]\n        e = ErrorCode()\n        error_codes = [item for item in dir(e) if not item.startswith(\"__\")]\n        for error_code in error_codes:\n            error_info = getattr(ErrorCode, error_code)\n            if isinstance(error_info, list) and status in error_info:\n                exception_class = getattr(ExceptionMapping, error_code, WebDriverException)\n                break\n        else:\n            exception_class = WebDriverException\n    \n        if not value:\n            value = response[\"value\"]\n        if isinstance(value, str):\n            raise exception_class(value)\n        if message == \"\" and \"message\" in value:\n            message = value[\"message\"]\n    \n        screen = None  # type: ignore[assignment]\n        if \"screen\" in value:\n            screen = value[\"screen\"]\n    \n        stacktrace = None\n        st_value = value.get(\"stackTrace\") or value.get(\"stacktrace\")\n        if st_value:\n            if isinstance(st_value, str):\n                stacktrace = st_value.split(\"\\n\")\n            else:\n                stacktrace = []\n                try:\n                    for frame in st_value:\n                        line = frame.get(\"lineNumber\", \"\")\n                        file = frame.get(\"fileName\", \"<anonymous>\")\n                        if line:\n                            file = f\"{file}:{line}\"\n                        meth = frame.get(\"methodName\", \"<anonymous>\")\n                        if \"className\" in frame:\n                            meth = f\"{frame['className']}.{meth}\"\n                        msg = \"    at %s (%s)\"\n                        msg = msg % (meth, file)\n                        stacktrace.append(msg)\n                except TypeError:\n                    pass\n        if exception_class == UnexpectedAlertPresentException:\n            alert_text = None\n            if \"data\" in value:\n                alert_text = value[\"data\"].get(\"text\")\n            elif \"alert\" in value:\n                alert_text = value[\"alert\"].get(\"text\")\n            raise exception_class(message, screen, stacktrace, alert_text)  # type: ignore[call-arg]  # mypy is not smart enough here\n>       raise exception_class(message, screen, stacktrace)\nE       selenium.common.exceptions.NoSuchElementException: Message: no such element: Unable to locate element: {\"method\":\"xpath\",\"selector\":\"(//a[@class='add-to-cart yellow-btn'])[1]\"}\nE         (Session info: chrome-headless-shell=121.0.6167.85); For documentation on this error, please visit: https://www.selenium.dev/documentation/webdriver/troubleshooting/errors#no-such-element-exception\nE       Stacktrace:\nE       #0 0x55f6c20a2d93 <unknown>\nE       #1 0x55f6c1d86337 <unknown>\nE       #2 0x55f6c1dd1d60 <unknown>\nE       #3 0x55f6c1dd1e51 <unknown>\nE       #4 0x55f6c1e15bc4 <unknown>\nE       #5 0x55f6c1df446d <unknown>\nE       #6 0x55f6c1e1312d <unknown>\nE       #7 0x55f6c1df41e3 <unknown>\nE       #8 0x55f6c1dc4135 <unknown>\nE       #9 0x55f6c1dc513e <unknown>\nE       #10 0x55f6c2066e4b <unknown>\nE       #11 0x55f6c206adfa <unknown>\nE       #12 0x55f6c20536d5 <unknown>\nE       #13 0x55f6c206ba6f <unknown>\nE       #14 0x55f6c203769f <unknown>\nE       #15 0x55f6c2090098 <unknown>\nE       #16 0x55f6c2090262 <unknown>\nE       #17 0x55f6c20a1f34 <unknown>\nE       #18 0x7fd8565d9134 <unknown>\n\n/usr/local/lib/python3.11/site-packages/selenium/webdriver/remote/errorhandler.py:229: NoSuchElementException","flaky":false,"newFailed":false,"newBroken":false,"newPassed":false,"retriesCount":0,"retriesStatusChange":false,"beforeStages":[{"name":"_session_faker","time":{"start":1706921238956,"stop":1706921239020,"duration":64},"status":"passed","steps":[],"attachments":[],"parameters":[],"shouldDisplayMessage":false,"stepsCount":0,"attachmentsCount":0,"hasContent":false,"attachmentStep":false},{"name":"clear_allure_results_folder","time":{"start":1706921239020,"stop":1706921239020,"duration":0},"status":"passed","steps":[],"attachments":[],"parameters":[],"shouldDisplayMessage":false,"stepsCount":0,"attachmentsCount":0,"hasContent":false,"attachmentStep":false},{"name":"driver","time":{"start":1706921533054,"stop":1706921533821,"duration":767},"status":"passed","steps":[],"attachments":[],"parameters":[],"shouldDisplayMessage":false,"stepsCount":0,"attachmentsCount":0,"hasContent":false,"attachmentStep":false},{"name":"setup","time":{"start":1706921533821,"stop":1706921533821,"duration":0},"status":"passed","steps":[],"attachments":[],"parameters":[],"shouldDisplayMessage":false,"stepsCount":0,"attachmentsCount":0,"hasContent":false,"attachmentStep":false}],"testStage":{"status":"skipped","statusMessage":"XFAIL\n\nselenium.common.exceptions.NoSuchElementException: Message: no such element: Unable to locate element: {\"method\":\"xpath\",\"selector\":\"(//a[@class='add-to-cart yellow-btn'])[1]\"}\n  (Session info: chrome-headless-shell=121.0.6167.85); For documentation on this error, please visit: https://www.selenium.dev/documentation/webdriver/troubleshooting/errors#no-such-element-exception\nStacktrace:\n#0 0x55f6c20a2d93 <unknown>\n#1 0x55f6c1d86337 <unknown>\n#2 0x55f6c1dd1d60 <unknown>\n#3 0x55f6c1dd1e51 <unknown>\n#4 0x55f6c1e15bc4 <unknown>\n#5 0x55f6c1df446d <unknown>\n#6 0x55f6c1e1312d <unknown>\n#7 0x55f6c1df41e3 <unknown>\n#8 0x55f6c1dc4135 <unknown>\n#9 0x55f6c1dc513e <unknown>\n#10 0x55f6c2066e4b <unknown>\n#11 0x55f6c206adfa <unknown>\n#12 0x55f6c20536d5 <unknown>\n#13 0x55f6c206ba6f <unknown>\n#14 0x55f6c203769f <unknown>\n#15 0x55f6c2090098 <unknown>\n#16 0x55f6c2090262 <unknown>\n#17 0x55f6c20a1f34 <unknown>\n#18 0x7fd8565d9134 <unknown>","statusTrace":"self = <tests.delivery.test_delivery_calculation.TestDeliveryPageCalculation object at 0x7efedd8c84d0>\ndriver = <selenium.webdriver.chrome.webdriver.WebDriver (session=\"b158039c7ac9d4d56d7a2ecba9265ef1\")>\nurl = 'https://sandboxtest.stroyrem-nn.ru/', case_id = 'TD 026'\nlink_item = 'products/shtukaturka-gipsovaya-aksolit-m50-30-kg-mashinnogo-naneseniya'\namount = 366, weight = 11000, standard = 8000, in_time = 14900, all_time = 19900\n\n    @pytest.mark.parametrize('case_id, link_item, amount, weight, standard, in_time, all_time', [\n        (\"TD 015\", bundeks_25, 1, 30, 650, 2390, 3320),\n        pytest.param(\n            \"TD 016\", aksolit_30, 8, 300, 650, 2390, 3320,\n            marks=pytest.mark.xfail(reson=\"Цена доставки: - - -\")\n        ),\n        (\"TD 017\", aksolit_30, 13, 400, 650, 2390, 3320),\n        (\"TD 018\", aksolit_30, 16, 500, 850, 2490, 3320),\n        (\"TD 019\", aksolit_30, 25, 1700, 1150, 2490, 3320),\n        (\"TD 020\", aksolit_30, 66, 2000, 1500, 2990, 3650),\n        (\"TD 021\", aksolit_30, 149, 4500, 2600, 4380, 4890),\n        (\"TD 022\", aksolit_30, 166, 5000, 2800, 5490, 5980),\n        pytest.param(\n            \"TD 023\", aksolit_30, 206, 6200, 3300, 7500, 8000,\n            marks=pytest.mark.xfail(reson=\"Цена доставки: 4300 9900 11440\")\n        ),\n        (\"TD 024\", aksolit_30, 299, 9000, 4300, 9900, 11440),\n        (\"TD 025\", aksolit_30, 333, 10000, 7000, 13900, 15900),\n        pytest.param(\n            \"TD 026\", aksolit_30, 366, 11000, 8000, 14900, 19900,\n            marks=pytest.mark.xfail(reson=\"Цена доставки: 7000 13900 15900\")\n        ),\n        pytest.param(\n            \"TD 027\", aksolit_30, 666, 20000, 14000, 16900, 23900,\n            marks=pytest.mark.xfail(reson=\"Цена доставки: 7000 13900 15900\")\n        )\n    ])\n    @pytest.mark.xfail\n    @pytest.mark.smoke_test\n    def test_positive_delivery_blue_zone_smoke(\n            self, driver, url, case_id, link_item, amount, weight, standard, in_time, all_time\n    ):\n        allure.dynamic.title(f\"{case_id} Доставка товара весом до {weight}кг. в синей зоне\")\n    \n        driver.get(f'{url}{link_item}')\n        item_page = ItemPage(driver)\n>       item_page.add_item_to_cart(amount).click_on_cart()\n\ntests/delivery/test_delivery_calculation.py:132: \n_ _ _ _ _ _ _ _ _ _ _ _ _ _ _ _ _ _ _ _ _ _ _ _ _ _ _ _ _ _ _ _ _ _ _ _ _ _ _ _ \npages/item_page.py:40: in add_item_to_cart\n    self.find_element(self._add_item).click()\nbase/seleniumbase.py:17: in find_element\n    return self.driver.find_element(*locator)\n/usr/local/lib/python3.11/site-packages/selenium/webdriver/remote/webdriver.py:739: in find_element\n    return self.execute(Command.FIND_ELEMENT, {\"using\": by, \"value\": value})[\"value\"]\n/usr/local/lib/python3.11/site-packages/selenium/webdriver/remote/webdriver.py:345: in execute\n    self.error_handler.check_response(response)\n_ _ _ _ _ _ _ _ _ _ _ _ _ _ _ _ _ _ _ _ _ _ _ _ _ _ _ _ _ _ _ _ _ _ _ _ _ _ _ _ \n\nself = <selenium.webdriver.remote.errorhandler.ErrorHandler object at 0x7efede0f8290>\nresponse = {'status': 404, 'value': '{\"value\":{\"error\":\"no such element\",\"message\":\"no such element: Unable to locate element: {\\...\\\\n#16 0x55f6c2090262 \\\\u003Cunknown>\\\\n#17 0x55f6c20a1f34 \\\\u003Cunknown>\\\\n#18 0x7fd8565d9134 \\\\u003Cunknown>\\\\n\"}}'}\n\n    def check_response(self, response: Dict[str, Any]) -> None:\n        \"\"\"Checks that a JSON response from the WebDriver does not have an\n        error.\n    \n        :Args:\n         - response - The JSON response from the WebDriver server as a dictionary\n           object.\n    \n        :Raises: If the response contains an error message.\n        \"\"\"\n        status = response.get(\"status\", None)\n        if not status or status == ErrorCode.SUCCESS:\n            return\n        value = None\n        message = response.get(\"message\", \"\")\n        screen: str = response.get(\"screen\", \"\")\n        stacktrace = None\n        if isinstance(status, int):\n            value_json = response.get(\"value\", None)\n            if value_json and isinstance(value_json, str):\n                import json\n    \n                try:\n                    value = json.loads(value_json)\n                    if len(value) == 1:\n                        value = value[\"value\"]\n                    status = value.get(\"error\", None)\n                    if not status:\n                        status = value.get(\"status\", ErrorCode.UNKNOWN_ERROR)\n                        message = value.get(\"value\") or value.get(\"message\")\n                        if not isinstance(message, str):\n                            value = message\n                            message = message.get(\"message\")\n                    else:\n                        message = value.get(\"message\", None)\n                except ValueError:\n                    pass\n    \n        exception_class: Type[WebDriverException]\n        e = ErrorCode()\n        error_codes = [item for item in dir(e) if not item.startswith(\"__\")]\n        for error_code in error_codes:\n            error_info = getattr(ErrorCode, error_code)\n            if isinstance(error_info, list) and status in error_info:\n                exception_class = getattr(ExceptionMapping, error_code, WebDriverException)\n                break\n        else:\n            exception_class = WebDriverException\n    \n        if not value:\n            value = response[\"value\"]\n        if isinstance(value, str):\n            raise exception_class(value)\n        if message == \"\" and \"message\" in value:\n            message = value[\"message\"]\n    \n        screen = None  # type: ignore[assignment]\n        if \"screen\" in value:\n            screen = value[\"screen\"]\n    \n        stacktrace = None\n        st_value = value.get(\"stackTrace\") or value.get(\"stacktrace\")\n        if st_value:\n            if isinstance(st_value, str):\n                stacktrace = st_value.split(\"\\n\")\n            else:\n                stacktrace = []\n                try:\n                    for frame in st_value:\n                        line = frame.get(\"lineNumber\", \"\")\n                        file = frame.get(\"fileName\", \"<anonymous>\")\n                        if line:\n                            file = f\"{file}:{line}\"\n                        meth = frame.get(\"methodName\", \"<anonymous>\")\n                        if \"className\" in frame:\n                            meth = f\"{frame['className']}.{meth}\"\n                        msg = \"    at %s (%s)\"\n                        msg = msg % (meth, file)\n                        stacktrace.append(msg)\n                except TypeError:\n                    pass\n        if exception_class == UnexpectedAlertPresentException:\n            alert_text = None\n            if \"data\" in value:\n                alert_text = value[\"data\"].get(\"text\")\n            elif \"alert\" in value:\n                alert_text = value[\"alert\"].get(\"text\")\n            raise exception_class(message, screen, stacktrace, alert_text)  # type: ignore[call-arg]  # mypy is not smart enough here\n>       raise exception_class(message, screen, stacktrace)\nE       selenium.common.exceptions.NoSuchElementException: Message: no such element: Unable to locate element: {\"method\":\"xpath\",\"selector\":\"(//a[@class='add-to-cart yellow-btn'])[1]\"}\nE         (Session info: chrome-headless-shell=121.0.6167.85); For documentation on this error, please visit: https://www.selenium.dev/documentation/webdriver/troubleshooting/errors#no-such-element-exception\nE       Stacktrace:\nE       #0 0x55f6c20a2d93 <unknown>\nE       #1 0x55f6c1d86337 <unknown>\nE       #2 0x55f6c1dd1d60 <unknown>\nE       #3 0x55f6c1dd1e51 <unknown>\nE       #4 0x55f6c1e15bc4 <unknown>\nE       #5 0x55f6c1df446d <unknown>\nE       #6 0x55f6c1e1312d <unknown>\nE       #7 0x55f6c1df41e3 <unknown>\nE       #8 0x55f6c1dc4135 <unknown>\nE       #9 0x55f6c1dc513e <unknown>\nE       #10 0x55f6c2066e4b <unknown>\nE       #11 0x55f6c206adfa <unknown>\nE       #12 0x55f6c20536d5 <unknown>\nE       #13 0x55f6c206ba6f <unknown>\nE       #14 0x55f6c203769f <unknown>\nE       #15 0x55f6c2090098 <unknown>\nE       #16 0x55f6c2090262 <unknown>\nE       #17 0x55f6c20a1f34 <unknown>\nE       #18 0x7fd8565d9134 <unknown>\n\n/usr/local/lib/python3.11/site-packages/selenium/webdriver/remote/errorhandler.py:229: NoSuchElementException","steps":[{"name":"Добавляем товар в корзину в количестве 366","time":{"start":1706921534247,"stop":1706921534258,"duration":11},"status":"broken","statusMessage":"selenium.common.exceptions.NoSuchElementException: Message: no such element: Unable to locate element: {\"method\":\"xpath\",\"selector\":\"(//a[@class='add-to-cart yellow-btn'])[1]\"}\n  (Session info: chrome-headless-shell=121.0.6167.85); For documentation on this error, please visit: https://www.selenium.dev/documentation/webdriver/troubleshooting/errors#no-such-element-exception\nStacktrace:\n#0 0x55f6c20a2d93 <unknown>\n#1 0x55f6c1d86337 <unknown>\n#2 0x55f6c1dd1d60 <unknown>\n#3 0x55f6c1dd1e51 <unknown>\n#4 0x55f6c1e15bc4 <unknown>\n#5 0x55f6c1df446d <unknown>\n#6 0x55f6c1e1312d <unknown>\n#7 0x55f6c1df41e3 <unknown>\n#8 0x55f6c1dc4135 <unknown>\n#9 0x55f6c1dc513e <unknown>\n#10 0x55f6c2066e4b <unknown>\n#11 0x55f6c206adfa <unknown>\n#12 0x55f6c20536d5 <unknown>\n#13 0x55f6c206ba6f <unknown>\n#14 0x55f6c203769f <unknown>\n#15 0x55f6c2090098 <unknown>\n#16 0x55f6c2090262 <unknown>\n#17 0x55f6c20a1f34 <unknown>\n#18 0x7fd8565d9134 <unknown>\n\n","statusTrace":"  File \"/usr/local/lib/python3.11/site-packages/allure_commons/_allure.py\", line 192, in impl\n    return func(*a, **kw)\n           ^^^^^^^^^^^^^^\n  File \"/app/pages/item_page.py\", line 40, in add_item_to_cart\n    self.find_element(self._add_item).click()\n    ^^^^^^^^^^^^^^^^^^^^^^^^^^^^^^^^^\n  File \"/app/base/seleniumbase.py\", line 17, in find_element\n    return self.driver.find_element(*locator)\n           ^^^^^^^^^^^^^^^^^^^^^^^^^^^^^^^^^^\n  File \"/usr/local/lib/python3.11/site-packages/selenium/webdriver/remote/webdriver.py\", line 739, in find_element\n    return self.execute(Command.FIND_ELEMENT, {\"using\": by, \"value\": value})[\"value\"]\n           ^^^^^^^^^^^^^^^^^^^^^^^^^^^^^^^^^^^^^^^^^^^^^^^^^^^^^^^^^^^^^^^^^\n  File \"/usr/local/lib/python3.11/site-packages/selenium/webdriver/remote/webdriver.py\", line 345, in execute\n    self.error_handler.check_response(response)\n  File \"/usr/local/lib/python3.11/site-packages/selenium/webdriver/remote/errorhandler.py\", line 229, in check_response\n    raise exception_class(message, screen, stacktrace)\n","steps":[],"attachments":[],"parameters":[{"name":"amount","value":"366"}],"shouldDisplayMessage":true,"stepsCount":0,"attachmentsCount":0,"hasContent":true,"attachmentStep":false}],"attachments":[{"uid":"3c405ee1fdbc0bf9","name":"Screenshot","source":"3c405ee1fdbc0bf9.png","type":"image/png","size":5862},{"uid":"c5f94c25de94f080","name":"HTML source","source":"c5f94c25de94f080.html","type":"text/html","size":39}],"parameters":[],"shouldDisplayMessage":true,"stepsCount":1,"attachmentsCount":2,"hasContent":true,"attachmentStep":false},"afterStages":[{"name":"driver::0","time":{"start":1706921534367,"stop":1706921534423,"duration":56},"status":"passed","steps":[],"attachments":[],"parameters":[],"shouldDisplayMessage":false,"stepsCount":0,"attachmentsCount":0,"hasContent":false,"attachmentStep":false},{"name":"setup::0","time":{"start":1706921534367,"stop":1706921534367,"duration":0},"status":"passed","steps":[],"attachments":[],"parameters":[],"shouldDisplayMessage":false,"stepsCount":0,"attachmentsCount":0,"hasContent":false,"attachmentStep":false}],"labels":[{"name":"epic","value":"Delivery Page - calculation"},{"name":"tag","value":"smoke_test"},{"name":"tag","value":"@pytest.mark.xfail"},{"name":"parentSuite","value":"tests.delivery"},{"name":"suite","value":"test_delivery_calculation"},{"name":"subSuite","value":"TestDeliveryPageCalculation"},{"name":"host","value":"43c61854de4d"},{"name":"thread","value":"1-MainThread"},{"name":"framework","value":"pytest"},{"name":"language","value":"cpython3"},{"name":"package","value":"tests.delivery.test_delivery_calculation"},{"name":"resultFormat","value":"allure2"}],"parameters":[{"name":"all_time","value":"19900"},{"name":"amount","value":"366"},{"name":"case_id","value":"'TD 026'"},{"name":"in_time","value":"14900"},{"name":"link_item","value":"'products/shtukaturka-gipsovaya-aksolit-m50-30-kg-mashinnogo-naneseniya'"},{"name":"standard","value":"8000"},{"name":"url","value":"'https://sandboxtest.stroyrem-nn.ru/'"},{"name":"weight","value":"11000"}],"links":[],"hidden":false,"retry":false,"extra":{"severity":"normal","retries":[],"categories":[],"history":{"statistic":{"failed":0,"broken":0,"skipped":158,"passed":0,"unknown":0,"total":158},"items":[{"uid":"339a43c01729f4d2","reportUrl":"https://Nat754.github.io/StroyremAutomation/205//#testresult/339a43c01729f4d2","status":"skipped","statusDetails":"XFAIL\n\nselenium.common.exceptions.NoSuchElementException: Message: no such element: Unable to locate element: {\"method\":\"xpath\",\"selector\":\"(//a[@class='add-to-cart yellow-btn'])[1]\"}\n  (Session info: chrome-headless-shell=121.0.6167.85); For documentation on this error, please visit: https://www.selenium.dev/documentation/webdriver/troubleshooting/errors#no-such-element-exception\nStacktrace:\n#0 0x55bad73b6d93 <unknown>\n#1 0x55bad709a337 <unknown>\n#2 0x55bad70e5d60 <unknown>\n#3 0x55bad70e5e51 <unknown>\n#4 0x55bad7129bc4 <unknown>\n#5 0x55bad710846d <unknown>\n#6 0x55bad712712d <unknown>\n#7 0x55bad71081e3 <unknown>\n#8 0x55bad70d8135 <unknown>\n#9 0x55bad70d913e <unknown>\n#10 0x55bad737ae4b <unknown>\n#11 0x55bad737edfa <unknown>\n#12 0x55bad73676d5 <unknown>\n#13 0x55bad737fa6f <unknown>\n#14 0x55bad734b69f <unknown>\n#15 0x55bad73a4098 <unknown>\n#16 0x55bad73a4262 <unknown>\n#17 0x55bad73b5f34 <unknown>\n#18 0x7fd623861134 <unknown>","time":{"start":1706835180440,"stop":1706835180746,"duration":306}},{"uid":"5b10db0f1f0e5a96","reportUrl":"https://Nat754.github.io/StroyremAutomation/204//#testresult/5b10db0f1f0e5a96","status":"skipped","statusDetails":"XFAIL\n\nselenium.common.exceptions.NoSuchElementException: Message: no such element: Unable to locate element: {\"method\":\"xpath\",\"selector\":\"(//a[@class='add-to-cart yellow-btn'])[1]\"}\n  (Session info: chrome-headless-shell=121.0.6167.85); For documentation on this error, please visit: https://www.selenium.dev/documentation/webdriver/troubleshooting/errors#no-such-element-exception\nStacktrace:\n#0 0x55a5017b4d93 <unknown>\n#1 0x55a501498337 <unknown>\n#2 0x55a5014e3d60 <unknown>\n#3 0x55a5014e3e51 <unknown>\n#4 0x55a501527bc4 <unknown>\n#5 0x55a50150646d <unknown>\n#6 0x55a50152512d <unknown>\n#7 0x55a5015061e3 <unknown>\n#8 0x55a5014d6135 <unknown>\n#9 0x55a5014d713e <unknown>\n#10 0x55a501778e4b <unknown>\n#11 0x55a50177cdfa <unknown>\n#12 0x55a5017656d5 <unknown>\n#13 0x55a50177da6f <unknown>\n#14 0x55a50174969f <unknown>\n#15 0x55a5017a2098 <unknown>\n#16 0x55a5017a2262 <unknown>\n#17 0x55a5017b3f34 <unknown>\n#18 0x7ff6a1a28044 <unknown>","time":{"start":1706748952733,"stop":1706748953356,"duration":623}},{"uid":"54ee97e7460bffa9","reportUrl":"https://Nat754.github.io/StroyremAutomation/203//#testresult/54ee97e7460bffa9","status":"skipped","statusDetails":"XFAIL\n\nselenium.common.exceptions.NoSuchElementException: Message: no such element: Unable to locate element: {\"method\":\"xpath\",\"selector\":\"(//a[@class='add-to-cart yellow-btn'])[1]\"}\n  (Session info: chrome-headless-shell=121.0.6167.85); For documentation on this error, please visit: https://www.selenium.dev/documentation/webdriver/troubleshooting/errors#no-such-element-exception\nStacktrace:\n#0 0x55fdacda7d93 <unknown>\n#1 0x55fdaca8b337 <unknown>\n#2 0x55fdacad6d60 <unknown>\n#3 0x55fdacad6e51 <unknown>\n#4 0x55fdacb1abc4 <unknown>\n#5 0x55fdacaf946d <unknown>\n#6 0x55fdacb1812d <unknown>\n#7 0x55fdacaf91e3 <unknown>\n#8 0x55fdacac9135 <unknown>\n#9 0x55fdacaca13e <unknown>\n#10 0x55fdacd6be4b <unknown>\n#11 0x55fdacd6fdfa <unknown>\n#12 0x55fdacd586d5 <unknown>\n#13 0x55fdacd70a6f <unknown>\n#14 0x55fdacd3c69f <unknown>\n#15 0x55fdacd95098 <unknown>\n#16 0x55fdacd95262 <unknown>\n#17 0x55fdacda6f34 <unknown>\n#18 0x7f91c7280044 <unknown>","time":{"start":1706662387047,"stop":1706662387402,"duration":355}},{"uid":"7f903464d1ee2c5","reportUrl":"https://Nat754.github.io/StroyremAutomation/202//#testresult/7f903464d1ee2c5","status":"skipped","statusDetails":"XFAIL\n\nselenium.common.exceptions.NoSuchElementException: Message: no such element: Unable to locate element: {\"method\":\"xpath\",\"selector\":\"(//a[@class='add-to-cart yellow-btn'])[1]\"}\n  (Session info: chrome-headless-shell=121.0.6167.85); For documentation on this error, please visit: https://www.selenium.dev/documentation/webdriver/troubleshooting/errors#no-such-element-exception\nStacktrace:\n#0 0x5608a4f26d93 <unknown>\n#1 0x5608a4c0a337 <unknown>\n#2 0x5608a4c55d60 <unknown>\n#3 0x5608a4c55e51 <unknown>\n#4 0x5608a4c99bc4 <unknown>\n#5 0x5608a4c7846d <unknown>\n#6 0x5608a4c9712d <unknown>\n#7 0x5608a4c781e3 <unknown>\n#8 0x5608a4c48135 <unknown>\n#9 0x5608a4c4913e <unknown>\n#10 0x5608a4eeae4b <unknown>\n#11 0x5608a4eeedfa <unknown>\n#12 0x5608a4ed76d5 <unknown>\n#13 0x5608a4eefa6f <unknown>\n#14 0x5608a4ebb69f <unknown>\n#15 0x5608a4f14098 <unknown>\n#16 0x5608a4f14262 <unknown>\n#17 0x5608a4f25f34 <unknown>\n#18 0x7f2a0d93b044 <unknown>","time":{"start":1706575940385,"stop":1706575940674,"duration":289}},{"uid":"f841939457456110","reportUrl":"https://Nat754.github.io/StroyremAutomation/201//#testresult/f841939457456110","status":"skipped","statusDetails":"XFAIL\n\nselenium.common.exceptions.NoSuchElementException: Message: no such element: Unable to locate element: {\"method\":\"xpath\",\"selector\":\"(//a[@class='add-to-cart yellow-btn'])[1]\"}\n  (Session info: chrome-headless-shell=121.0.6167.85); For documentation on this error, please visit: https://www.selenium.dev/documentation/webdriver/troubleshooting/errors#no-such-element-exception\nStacktrace:\n#0 0x5594b6ce2d93 <unknown>\n#1 0x5594b69c6337 <unknown>\n#2 0x5594b6a11d60 <unknown>\n#3 0x5594b6a11e51 <unknown>\n#4 0x5594b6a55bc4 <unknown>\n#5 0x5594b6a3446d <unknown>\n#6 0x5594b6a5312d <unknown>\n#7 0x5594b6a341e3 <unknown>\n#8 0x5594b6a04135 <unknown>\n#9 0x5594b6a0513e <unknown>\n#10 0x5594b6ca6e4b <unknown>\n#11 0x5594b6caadfa <unknown>\n#12 0x5594b6c936d5 <unknown>\n#13 0x5594b6caba6f <unknown>\n#14 0x5594b6c7769f <unknown>\n#15 0x5594b6cd0098 <unknown>\n#16 0x5594b6cd0262 <unknown>\n#17 0x5594b6ce1f34 <unknown>\n#18 0x7fb3f8963044 <unknown>","time":{"start":1706489633412,"stop":1706489633801,"duration":389}},{"uid":"2a2fbaef143e6f5e","reportUrl":"https://Nat754.github.io/StroyremAutomation/200//#testresult/2a2fbaef143e6f5e","status":"skipped","statusDetails":"XFAIL\n\nselenium.common.exceptions.NoSuchElementException: Message: no such element: Unable to locate element: {\"method\":\"xpath\",\"selector\":\"(//a[@class='add-to-cart yellow-btn'])[1]\"}\n  (Session info: chrome-headless-shell=121.0.6167.85); For documentation on this error, please visit: https://www.selenium.dev/documentation/webdriver/troubleshooting/errors#no-such-element-exception\nStacktrace:\n#0 0x5573aabd7d93 <unknown>\n#1 0x5573aa8bb337 <unknown>\n#2 0x5573aa906d60 <unknown>\n#3 0x5573aa906e51 <unknown>\n#4 0x5573aa94abc4 <unknown>\n#5 0x5573aa92946d <unknown>\n#6 0x5573aa94812d <unknown>\n#7 0x5573aa9291e3 <unknown>\n#8 0x5573aa8f9135 <unknown>\n#9 0x5573aa8fa13e <unknown>\n#10 0x5573aab9be4b <unknown>\n#11 0x5573aab9fdfa <unknown>\n#12 0x5573aab886d5 <unknown>\n#13 0x5573aaba0a6f <unknown>\n#14 0x5573aab6c69f <unknown>\n#15 0x5573aabc5098 <unknown>\n#16 0x5573aabc5262 <unknown>\n#17 0x5573aabd6f34 <unknown>\n#18 0x7f038ed87044 <unknown>","time":{"start":1706403393411,"stop":1706403393831,"duration":420}},{"uid":"280c1a7131695c4f","reportUrl":"https://Nat754.github.io/StroyremAutomation/199//#testresult/280c1a7131695c4f","status":"skipped","statusDetails":"XFAIL\n\nselenium.common.exceptions.NoSuchElementException: Message: no such element: Unable to locate element: {\"method\":\"xpath\",\"selector\":\"(//a[@class='add-to-cart yellow-btn'])[1]\"}\n  (Session info: chrome-headless-shell=121.0.6167.85); For documentation on this error, please visit: https://www.selenium.dev/documentation/webdriver/troubleshooting/errors#no-such-element-exception\nStacktrace:\n#0 0x559411199d93 <unknown>\n#1 0x559410e7d337 <unknown>\n#2 0x559410ec8d60 <unknown>\n#3 0x559410ec8e51 <unknown>\n#4 0x559410f0cbc4 <unknown>\n#5 0x559410eeb46d <unknown>\n#6 0x559410f0a12d <unknown>\n#7 0x559410eeb1e3 <unknown>\n#8 0x559410ebb135 <unknown>\n#9 0x559410ebc13e <unknown>\n#10 0x55941115de4b <unknown>\n#11 0x559411161dfa <unknown>\n#12 0x55941114a6d5 <unknown>\n#13 0x559411162a6f <unknown>\n#14 0x55941112e69f <unknown>\n#15 0x559411187098 <unknown>\n#16 0x559411187262 <unknown>\n#17 0x559411198f34 <unknown>\n#18 0x7fe8fe9bb044 <unknown>","time":{"start":1706316713466,"stop":1706316713863,"duration":397}},{"uid":"3a1c79fa8fe667b1","reportUrl":"https://Nat754.github.io/StroyremAutomation/198//#testresult/3a1c79fa8fe667b1","status":"skipped","statusDetails":"XFAIL\n\nselenium.common.exceptions.NoSuchElementException: Message: no such element: Unable to locate element: {\"method\":\"xpath\",\"selector\":\"(//a[@class='add-to-cart yellow-btn'])[1]\"}\n  (Session info: chrome-headless-shell=121.0.6167.85); For documentation on this error, please visit: https://www.selenium.dev/documentation/webdriver/troubleshooting/errors#no-such-element-exception\nStacktrace:\n#0 0x56236123fd93 <unknown>\n#1 0x562360f23337 <unknown>\n#2 0x562360f6ed60 <unknown>\n#3 0x562360f6ee51 <unknown>\n#4 0x562360fb2bc4 <unknown>\n#5 0x562360f9146d <unknown>\n#6 0x562360fb012d <unknown>\n#7 0x562360f911e3 <unknown>\n#8 0x562360f61135 <unknown>\n#9 0x562360f6213e <unknown>\n#10 0x562361203e4b <unknown>\n#11 0x562361207dfa <unknown>\n#12 0x5623611f06d5 <unknown>\n#13 0x562361208a6f <unknown>\n#14 0x5623611d469f <unknown>\n#15 0x56236122d098 <unknown>\n#16 0x56236122d262 <unknown>\n#17 0x56236123ef34 <unknown>\n#18 0x7efd52ced044 <unknown>","time":{"start":1706230400677,"stop":1706230401016,"duration":339}},{"uid":"8c60b4a9e008082d","reportUrl":"https://Nat754.github.io/StroyremAutomation/197//#testresult/8c60b4a9e008082d","status":"skipped","statusDetails":"XFAIL\n\nselenium.common.exceptions.WebDriverException: Message: unknown error: net::ERR_CONNECTION_TIMED_OUT\n  (Session info: chrome-headless-shell=121.0.6167.85)\nStacktrace:\n#0 0x5607bba11d93 <unknown>\n#1 0x5607bb6f5337 <unknown>\n#2 0x5607bb6ed193 <unknown>\n#3 0x5607bb6dd161 <unknown>\n#4 0x5607bb6de5cb <unknown>\n#5 0x5607bb6dd414 <unknown>\n#6 0x5607bb6dc5e5 <unknown>\n#7 0x5607bb6dc557 <unknown>\n#8 0x5607bb6dac1a <unknown>\n#9 0x5607bb6db1ca <unknown>\n#10 0x5607bb6f7b6e <unknown>\n#11 0x5607bb782d45 <unknown>\n#12 0x5607bb763442 <unknown>\n#13 0x5607bb78212d <unknown>\n#14 0x5607bb7631e3 <unknown>\n#15 0x5607bb733135 <unknown>\n#16 0x5607bb73413e <unknown>\n#17 0x5607bb9d5e4b <unknown>\n#18 0x5607bb9d9dfa <unknown>\n#19 0x5607bb9c26d5 <unknown>\n#20 0x5607bb9daa6f <unknown>\n#21 0x5607bb9a669f <unknown>\n#22 0x5607bb9ff098 <unknown>\n#23 0x5607bb9ff262 <unknown>\n#24 0x5607bba10f34 <unknown>\n#25 0x7f3422c37044 <unknown>","time":{"start":1706147534995,"stop":1706147665127,"duration":130132}},{"uid":"7ed2b17eed1bac","reportUrl":"https://Nat754.github.io/StroyremAutomation/196//#testresult/7ed2b17eed1bac","status":"skipped","statusDetails":"XFAIL\n\nselenium.common.exceptions.WebDriverException: Message: unknown error: net::ERR_CONNECTION_REFUSED\n  (Session info: chrome-headless-shell=121.0.6167.85)\nStacktrace:\n#0 0x55e3578b3d93 <unknown>\n#1 0x55e357597337 <unknown>\n#2 0x55e35758f193 <unknown>\n#3 0x55e35757f161 <unknown>\n#4 0x55e3575805cb <unknown>\n#5 0x55e35757f414 <unknown>\n#6 0x55e35757e5e5 <unknown>\n#7 0x55e35757e557 <unknown>\n#8 0x55e35757cc1a <unknown>\n#9 0x55e35757d1ca <unknown>\n#10 0x55e357599b6e <unknown>\n#11 0x55e357624d45 <unknown>\n#12 0x55e357605442 <unknown>\n#13 0x55e35762412d <unknown>\n#14 0x55e3576051e3 <unknown>\n#15 0x55e3575d5135 <unknown>\n#16 0x55e3575d613e <unknown>\n#17 0x55e357877e4b <unknown>\n#18 0x55e35787bdfa <unknown>\n#19 0x55e3578646d5 <unknown>\n#20 0x55e35787ca6f <unknown>\n#21 0x55e35784869f <unknown>\n#22 0x55e3578a1098 <unknown>\n#23 0x55e3578a1262 <unknown>\n#24 0x55e3578b2f34 <unknown>\n#25 0x7f559d34c044 <unknown>","time":{"start":1706057930021,"stop":1706057930236,"duration":215}},{"uid":"934c46019149e0f1","reportUrl":"https://Nat754.github.io/StroyremAutomation/195//#testresult/934c46019149e0f1","status":"skipped","statusDetails":"XFAIL\n\nselenium.common.exceptions.WebDriverException: Message: unknown error: net::ERR_CONNECTION_TIMED_OUT\n  (Session info: chrome-headless-shell=120.0.6099.109)\nStacktrace:\n#0 0x555fb483bf83 <unknown>\n#1 0x555fb44f4cf7 <unknown>\n#2 0x555fb44ec6ea <unknown>\n#3 0x555fb44db5a1 <unknown>\n#4 0x555fb44dcd40 <unknown>\n#5 0x555fb44db854 <unknown>\n#6 0x555fb44da586 <unknown>\n#7 0x555fb44da44a <unknown>\n#8 0x555fb44d87e1 <unknown>\n#9 0x555fb44d901a <unknown>\n#10 0x555fb44f7bbe <unknown>\n#11 0x555fb458d7a5 <unknown>\n#12 0x555fb456e0b2 <unknown>\n#13 0x555fb458d006 <unknown>\n#14 0x555fb456de53 <unknown>\n#15 0x555fb4535dd4 <unknown>\n#16 0x555fb45371de <unknown>\n#17 0x555fb4800531 <unknown>\n#18 0x555fb4804455 <unknown>\n#19 0x555fb47ecf55 <unknown>\n#20 0x555fb48050ef <unknown>\n#21 0x555fb47d099f <unknown>\n#22 0x555fb4829008 <unknown>\n#23 0x555fb48291d7 <unknown>\n#24 0x555fb483b124 <unknown>\n#25 0x7f5fbf4df044 <unknown>","time":{"start":1705974718273,"stop":1705974848399,"duration":130126}},{"uid":"46cded3f76244df","reportUrl":"https://Nat754.github.io/StroyremAutomation/194//#testresult/46cded3f76244df","status":"skipped","statusDetails":"XFAIL\n\nselenium.common.exceptions.WebDriverException: Message: unknown error: net::ERR_CONNECTION_TIMED_OUT\n  (Session info: chrome-headless-shell=120.0.6099.109)\nStacktrace:\n#0 0x556a2d605f83 <unknown>\n#1 0x556a2d2becf7 <unknown>\n#2 0x556a2d2b66ea <unknown>\n#3 0x556a2d2a55a1 <unknown>\n#4 0x556a2d2a6d40 <unknown>\n#5 0x556a2d2a5854 <unknown>\n#6 0x556a2d2a4586 <unknown>\n#7 0x556a2d2a444a <unknown>\n#8 0x556a2d2a27e1 <unknown>\n#9 0x556a2d2a301a <unknown>\n#10 0x556a2d2c1bbe <unknown>\n#11 0x556a2d3577a5 <unknown>\n#12 0x556a2d3380b2 <unknown>\n#13 0x556a2d357006 <unknown>\n#14 0x556a2d337e53 <unknown>\n#15 0x556a2d2ffdd4 <unknown>\n#16 0x556a2d3011de <unknown>\n#17 0x556a2d5ca531 <unknown>\n#18 0x556a2d5ce455 <unknown>\n#19 0x556a2d5b6f55 <unknown>\n#20 0x556a2d5cf0ef <unknown>\n#21 0x556a2d59a99f <unknown>\n#22 0x556a2d5f3008 <unknown>\n#23 0x556a2d5f31d7 <unknown>\n#24 0x556a2d605124 <unknown>\n#25 0x7f003e73d044 <unknown>","time":{"start":1705888514956,"stop":1705888645087,"duration":130131}},{"uid":"31d2c48b7981f1fa","reportUrl":"https://Nat754.github.io/StroyremAutomation/193//#testresult/31d2c48b7981f1fa","status":"skipped","statusDetails":"XFAIL\n\nselenium.common.exceptions.WebDriverException: Message: unknown error: net::ERR_CONNECTION_TIMED_OUT\n  (Session info: chrome-headless-shell=120.0.6099.109)\nStacktrace:\n#0 0x56381a6e3f83 <unknown>\n#1 0x56381a39ccf7 <unknown>\n#2 0x56381a3946ea <unknown>\n#3 0x56381a3835a1 <unknown>\n#4 0x56381a384d40 <unknown>\n#5 0x56381a383854 <unknown>\n#6 0x56381a382586 <unknown>\n#7 0x56381a38244a <unknown>\n#8 0x56381a3807e1 <unknown>\n#9 0x56381a38101a <unknown>\n#10 0x56381a39fbbe <unknown>\n#11 0x56381a4357a5 <unknown>\n#12 0x56381a4160b2 <unknown>\n#13 0x56381a435006 <unknown>\n#14 0x56381a415e53 <unknown>\n#15 0x56381a3dddd4 <unknown>\n#16 0x56381a3df1de <unknown>\n#17 0x56381a6a8531 <unknown>\n#18 0x56381a6ac455 <unknown>\n#19 0x56381a694f55 <unknown>\n#20 0x56381a6ad0ef <unknown>\n#21 0x56381a67899f <unknown>\n#22 0x56381a6d1008 <unknown>\n#23 0x56381a6d11d7 <unknown>\n#24 0x56381a6e3124 <unknown>\n#25 0x7f5fac9c5044 <unknown>","time":{"start":1705802103450,"stop":1705802233582,"duration":130132}},{"uid":"18ca1191e4bc9b0e","reportUrl":"https://Nat754.github.io/StroyremAutomation/192//#testresult/18ca1191e4bc9b0e","status":"skipped","statusDetails":"XFAIL\n\nselenium.common.exceptions.WebDriverException: Message: unknown error: net::ERR_CONNECTION_TIMED_OUT\n  (Session info: chrome-headless-shell=120.0.6099.109)\nStacktrace:\n#0 0x56374fcfaf83 <unknown>\n#1 0x56374f9b3cf7 <unknown>\n#2 0x56374f9ab6ea <unknown>\n#3 0x56374f99a5a1 <unknown>\n#4 0x56374f99bd40 <unknown>\n#5 0x56374f99a854 <unknown>\n#6 0x56374f999586 <unknown>\n#7 0x56374f99944a <unknown>\n#8 0x56374f9977e1 <unknown>\n#9 0x56374f99801a <unknown>\n#10 0x56374f9b6bbe <unknown>\n#11 0x56374fa4c7a5 <unknown>\n#12 0x56374fa2d0b2 <unknown>\n#13 0x56374fa4c006 <unknown>\n#14 0x56374fa2ce53 <unknown>\n#15 0x56374f9f4dd4 <unknown>\n#16 0x56374f9f61de <unknown>\n#17 0x56374fcbf531 <unknown>\n#18 0x56374fcc3455 <unknown>\n#19 0x56374fcabf55 <unknown>\n#20 0x56374fcc40ef <unknown>\n#21 0x56374fc8f99f <unknown>\n#22 0x56374fce8008 <unknown>\n#23 0x56374fce81d7 <unknown>\n#24 0x56374fcfa124 <unknown>\n#25 0x7fd29ad37044 <unknown>","time":{"start":1705715405055,"stop":1705715535189,"duration":130134}},{"uid":"19e5c075b343718e","reportUrl":"https://Nat754.github.io/StroyremAutomation/191//#testresult/19e5c075b343718e","status":"skipped","statusDetails":"XFAIL\n\nselenium.common.exceptions.WebDriverException: Message: unknown error: net::ERR_CONNECTION_TIMED_OUT\n  (Session info: chrome-headless-shell=120.0.6099.109)\nStacktrace:\n#0 0x5567fc3d1f83 <unknown>\n#1 0x5567fc08acf7 <unknown>\n#2 0x5567fc0826ea <unknown>\n#3 0x5567fc0715a1 <unknown>\n#4 0x5567fc072d40 <unknown>\n#5 0x5567fc071854 <unknown>\n#6 0x5567fc070586 <unknown>\n#7 0x5567fc07044a <unknown>\n#8 0x5567fc06e7e1 <unknown>\n#9 0x5567fc06f01a <unknown>\n#10 0x5567fc08dbbe <unknown>\n#11 0x5567fc1237a5 <unknown>\n#12 0x5567fc1040b2 <unknown>\n#13 0x5567fc123006 <unknown>\n#14 0x5567fc103e53 <unknown>\n#15 0x5567fc0cbdd4 <unknown>\n#16 0x5567fc0cd1de <unknown>\n#17 0x5567fc396531 <unknown>\n#18 0x5567fc39a455 <unknown>\n#19 0x5567fc382f55 <unknown>\n#20 0x5567fc39b0ef <unknown>\n#21 0x5567fc36699f <unknown>\n#22 0x5567fc3bf008 <unknown>\n#23 0x5567fc3bf1d7 <unknown>\n#24 0x5567fc3d1124 <unknown>\n#25 0x7f9c1791f044 <unknown>","time":{"start":1705629055538,"stop":1705629185670,"duration":130132}},{"uid":"366f53f0517d6d","reportUrl":"https://Nat754.github.io/StroyremAutomation/190//#testresult/366f53f0517d6d","status":"skipped","statusDetails":"XFAIL\n\nselenium.common.exceptions.WebDriverException: Message: unknown error: net::ERR_CONNECTION_TIMED_OUT\n  (Session info: chrome-headless-shell=120.0.6099.109)\nStacktrace:\n#0 0x560a120a3f83 <unknown>\n#1 0x560a11d5ccf7 <unknown>\n#2 0x560a11d546ea <unknown>\n#3 0x560a11d435a1 <unknown>\n#4 0x560a11d44d40 <unknown>\n#5 0x560a11d43854 <unknown>\n#6 0x560a11d42586 <unknown>\n#7 0x560a11d4244a <unknown>\n#8 0x560a11d407e1 <unknown>\n#9 0x560a11d4101a <unknown>\n#10 0x560a11d5fbbe <unknown>\n#11 0x560a11df57a5 <unknown>\n#12 0x560a11dd60b2 <unknown>\n#13 0x560a11df5006 <unknown>\n#14 0x560a11dd5e53 <unknown>\n#15 0x560a11d9ddd4 <unknown>\n#16 0x560a11d9f1de <unknown>\n#17 0x560a12068531 <unknown>\n#18 0x560a1206c455 <unknown>\n#19 0x560a12054f55 <unknown>\n#20 0x560a1206d0ef <unknown>\n#21 0x560a1203899f <unknown>\n#22 0x560a12091008 <unknown>\n#23 0x560a120911d7 <unknown>\n#24 0x560a120a3124 <unknown>\n#25 0x7f6e6c5d4044 <unknown>","time":{"start":1705542624930,"stop":1705542755065,"duration":130135}},{"uid":"5e73546a3e967cac","reportUrl":"https://Nat754.github.io/StroyremAutomation/189//#testresult/5e73546a3e967cac","status":"skipped","statusDetails":"XFAIL\n\nselenium.common.exceptions.WebDriverException: Message: unknown error: net::ERR_CONNECTION_TIMED_OUT\n  (Session info: chrome-headless-shell=120.0.6099.109)\nStacktrace:\n#0 0x55cf9b354f83 <unknown>\n#1 0x55cf9b00dcf7 <unknown>\n#2 0x55cf9b0056ea <unknown>\n#3 0x55cf9aff45a1 <unknown>\n#4 0x55cf9aff5d40 <unknown>\n#5 0x55cf9aff4854 <unknown>\n#6 0x55cf9aff3586 <unknown>\n#7 0x55cf9aff344a <unknown>\n#8 0x55cf9aff17e1 <unknown>\n#9 0x55cf9aff201a <unknown>\n#10 0x55cf9b010bbe <unknown>\n#11 0x55cf9b0a67a5 <unknown>\n#12 0x55cf9b0870b2 <unknown>\n#13 0x55cf9b0a6006 <unknown>\n#14 0x55cf9b086e53 <unknown>\n#15 0x55cf9b04edd4 <unknown>\n#16 0x55cf9b0501de <unknown>\n#17 0x55cf9b319531 <unknown>\n#18 0x55cf9b31d455 <unknown>\n#19 0x55cf9b305f55 <unknown>\n#20 0x55cf9b31e0ef <unknown>\n#21 0x55cf9b2e999f <unknown>\n#22 0x55cf9b342008 <unknown>\n#23 0x55cf9b3421d7 <unknown>\n#24 0x55cf9b354124 <unknown>\n#25 0x7f5441558044 <unknown>","time":{"start":1705456252297,"stop":1705456382418,"duration":130121}},{"uid":"efacec0a8aca4939","reportUrl":"https://Nat754.github.io/StroyremAutomation/188//#testresult/efacec0a8aca4939","status":"skipped","statusDetails":"XFAIL\n\nselenium.common.exceptions.WebDriverException: Message: unknown error: net::ERR_CONNECTION_TIMED_OUT\n  (Session info: chrome-headless-shell=120.0.6099.109)\nStacktrace:\n#0 0x55c4d1748f83 <unknown>\n#1 0x55c4d1401cf7 <unknown>\n#2 0x55c4d13f96ea <unknown>\n#3 0x55c4d13e85a1 <unknown>\n#4 0x55c4d13e9d40 <unknown>\n#5 0x55c4d13e8854 <unknown>\n#6 0x55c4d13e7586 <unknown>\n#7 0x55c4d13e744a <unknown>\n#8 0x55c4d13e57e1 <unknown>\n#9 0x55c4d13e601a <unknown>\n#10 0x55c4d1404bbe <unknown>\n#11 0x55c4d149a7a5 <unknown>\n#12 0x55c4d147b0b2 <unknown>\n#13 0x55c4d149a006 <unknown>\n#14 0x55c4d147ae53 <unknown>\n#15 0x55c4d1442dd4 <unknown>\n#16 0x55c4d14441de <unknown>\n#17 0x55c4d170d531 <unknown>\n#18 0x55c4d1711455 <unknown>\n#19 0x55c4d16f9f55 <unknown>\n#20 0x55c4d17120ef <unknown>\n#21 0x55c4d16dd99f <unknown>\n#22 0x55c4d1736008 <unknown>\n#23 0x55c4d17361d7 <unknown>\n#24 0x55c4d1748124 <unknown>\n#25 0x7fe0f8c36044 <unknown>","time":{"start":1705369968834,"stop":1705370098977,"duration":130143}},{"uid":"b0bea94a778e5245","reportUrl":"https://Nat754.github.io/StroyremAutomation/187//#testresult/b0bea94a778e5245","status":"skipped","statusDetails":"XFAIL\n\nselenium.common.exceptions.NoSuchElementException: Message: no such element: Unable to locate element: {\"method\":\"xpath\",\"selector\":\"(//a[@class='add-to-cart yellow-btn'])[1]\"}\n  (Session info: chrome-headless-shell=120.0.6099.109); For documentation on this error, please visit: https://www.selenium.dev/documentation/webdriver/troubleshooting/errors#no-such-element-exception\nStacktrace:\n#0 0x5629287bef83 <unknown>\n#1 0x562928477cf7 <unknown>\n#2 0x5629284c799e <unknown>\n#3 0x5629284c7aa1 <unknown>\n#4 0x562928512d64 <unknown>\n#5 0x5629284f10dd <unknown>\n#6 0x562928510006 <unknown>\n#7 0x5629284f0e53 <unknown>\n#8 0x5629284b8dd4 <unknown>\n#9 0x5629284ba1de <unknown>\n#10 0x562928783531 <unknown>\n#11 0x562928787455 <unknown>\n#12 0x56292876ff55 <unknown>\n#13 0x5629287880ef <unknown>\n#14 0x56292875399f <unknown>\n#15 0x5629287ac008 <unknown>\n#16 0x5629287ac1d7 <unknown>\n#17 0x5629287be124 <unknown>\n#18 0x7feecd562044 <unknown>","time":{"start":1705280348099,"stop":1705280348533,"duration":434}},{"uid":"c8ec6e5a826e4e8b","reportUrl":"https://Nat754.github.io/StroyremAutomation/186//#testresult/c8ec6e5a826e4e8b","status":"skipped","statusDetails":"XFAIL\n\nselenium.common.exceptions.NoSuchElementException: Message: no such element: Unable to locate element: {\"method\":\"xpath\",\"selector\":\"(//a[@class='add-to-cart yellow-btn'])[1]\"}\n  (Session info: chrome-headless-shell=120.0.6099.109); For documentation on this error, please visit: https://www.selenium.dev/documentation/webdriver/troubleshooting/errors#no-such-element-exception\nStacktrace:\n#0 0x556cd5ec8f83 <unknown>\n#1 0x556cd5b81cf7 <unknown>\n#2 0x556cd5bd199e <unknown>\n#3 0x556cd5bd1aa1 <unknown>\n#4 0x556cd5c1cd64 <unknown>\n#5 0x556cd5bfb0dd <unknown>\n#6 0x556cd5c1a006 <unknown>\n#7 0x556cd5bfae53 <unknown>\n#8 0x556cd5bc2dd4 <unknown>\n#9 0x556cd5bc41de <unknown>\n#10 0x556cd5e8d531 <unknown>\n#11 0x556cd5e91455 <unknown>\n#12 0x556cd5e79f55 <unknown>\n#13 0x556cd5e920ef <unknown>\n#14 0x556cd5e5d99f <unknown>\n#15 0x556cd5eb6008 <unknown>\n#16 0x556cd5eb61d7 <unknown>\n#17 0x556cd5ec8124 <unknown>\n#18 0x7f96b306f044 <unknown>","time":{"start":1705194090132,"stop":1705194090579,"duration":447}}]},"tags":["@pytest.mark.xfail","smoke_test"]},"source":"c99cf8935cf715cc.json","parameterValues":["19900","366","'TD 026'","14900","'products/shtukaturka-gipsovaya-aksolit-m50-30-kg-mashinnogo-naneseniya'","8000","'https://sandboxtest.stroyrem-nn.ru/'","11000"]}