{"uid":"3af1e6927fbf161d","name":"test_positive_delivery_green_zone_smoke[TD 007-products/shtukaturka-gipsovaya-aksolit-m50-30-kg-mashinnogo-naneseniya-66-2000-1300-2490-2980-https://sandboxtest.stroyrem-nn.ru/]","fullName":"tests.delivery.test_delivery_calculation.TestDeliveryPageCalculation#test_positive_delivery_green_zone_smoke","historyId":"01706720b82fe343c373f6b78a174407","time":{"start":1704243302651,"stop":1704243303120,"duration":469},"status":"skipped","statusMessage":"XFAIL\n\nselenium.common.exceptions.NoSuchElementException: Message: no such element: Unable to locate element: {\"method\":\"xpath\",\"selector\":\"(//a[@class='add-to-cart yellow-btn'])[1]\"}\n  (Session info: chrome-headless-shell=120.0.6099.109); For documentation on this error, please visit: https://www.selenium.dev/documentation/webdriver/troubleshooting/errors#no-such-element-exception\nStacktrace:\n#0 0x5631323edf83 <unknown>\n#1 0x5631320a6cf7 <unknown>\n#2 0x5631320f699e <unknown>\n#3 0x5631320f6aa1 <unknown>\n#4 0x563132141d64 <unknown>\n#5 0x5631321200dd <unknown>\n#6 0x56313213f006 <unknown>\n#7 0x56313211fe53 <unknown>\n#8 0x5631320e7dd4 <unknown>\n#9 0x5631320e91de <unknown>\n#10 0x5631323b2531 <unknown>\n#11 0x5631323b6455 <unknown>\n#12 0x56313239ef55 <unknown>\n#13 0x5631323b70ef <unknown>\n#14 0x56313238299f <unknown>\n#15 0x5631323db008 <unknown>\n#16 0x5631323db1d7 <unknown>\n#17 0x5631323ed124 <unknown>\n#18 0x7ff84689e044 <unknown>","statusTrace":"self = <tests.delivery.test_delivery_calculation.TestDeliveryPageCalculation object at 0x7fd928df9250>\ndriver = <selenium.webdriver.chrome.webdriver.WebDriver (session=\"4f6e3b6ea3292d919f8683c954168f84\")>\nurl = 'https://sandboxtest.stroyrem-nn.ru/', case_id = 'TD 007'\nlink_item = 'products/shtukaturka-gipsovaya-aksolit-m50-30-kg-mashinnogo-naneseniya'\namount = 66, weight = 2000, standard = 1300, in_time = 2490, all_time = 2980\n\n    @pytest.mark.parametrize('case_id, link_item, amount, weight, standard, in_time, all_time', [\n        (\"TD 001\", uroven_3000, 1, 30, 0, 1590, 2190),\n        (\"TD 002\", bundeks_25, 1, 30, 400, 1590, 2190),\n        (\"TD 003\", aksolit_30, 8, 300, 400, 1590, 2190),\n        (\"TD 004\", aksolit_30, 13, 400, 450, 1590, 2190),\n        (\"TD 005\", aksolit_30, 16, 500, 600, 1590, 2190),\n        (\"TD 006\", aksolit_30, 25, 1700, 990, 1990, 2480),\n        (\"TD 007\", aksolit_30, 66, 2000, 1300, 2490, 2980),\n        (\"TD 008\", aksolit_30, 149, 4500, 2300, 3980, 4490),\n        (\"TD 009\", aksolit_30, 166, 5000, 2500, 4990, 5480),\n        pytest.param(\n            \"TD 010\", aksolit_30, 206, 6200, 2900, 5570, 6120,\n            marks=pytest.mark.xfail(reson=\"Цена доставки 3600 7960 8980\")\n        ),\n        (\"TD 011\", aksolit_30, 299, 9000, 3600, 7960, 8980),\n        (\"TD 012\", aksolit_30, 333, 10000, 4450, 11990, 12500),\n        pytest.param(\n            \"TD 013\", aksolit_30, 366, 11000, 4800, 12450, 13480,\n            marks=pytest.mark.xfail(reason=\"Цена стандартной доставки 4450\")\n        ),\n        pytest.param(\n            \"TD 014\", aksolit_30, 666, 20000, 5400, 15600, 17490,\n            marks=pytest.mark.xfail(reason=\"Цена стандартной доставки 4450\")\n        )\n    ])\n    @pytest.mark.xfail\n    @pytest.mark.smoke_test\n    def test_positive_delivery_green_zone_smoke(\n            self, driver, url, case_id, link_item, amount, weight, standard, in_time, all_time\n    ):\n    \n        driver.get(f'{url}{link_item}')\n        item_page = ItemPage(driver)\n>       item_page.add_item_to_cart(amount).click_on_cart()\n\ntests/delivery/test_delivery_calculation.py:50: \n_ _ _ _ _ _ _ _ _ _ _ _ _ _ _ _ _ _ _ _ _ _ _ _ _ _ _ _ _ _ _ _ _ _ _ _ _ _ _ _ \npages/item_page.py:40: in add_item_to_cart\n    self.find_element(self._add_item).click()\nbase/seleniumbase.py:17: in find_element\n    return self.driver.find_element(*locator)\n/usr/local/lib/python3.11/site-packages/selenium/webdriver/remote/webdriver.py:739: in find_element\n    return self.execute(Command.FIND_ELEMENT, {\"using\": by, \"value\": value})[\"value\"]\n/usr/local/lib/python3.11/site-packages/selenium/webdriver/remote/webdriver.py:345: in execute\n    self.error_handler.check_response(response)\n_ _ _ _ _ _ _ _ _ _ _ _ _ _ _ _ _ _ _ _ _ _ _ _ _ _ _ _ _ _ _ _ _ _ _ _ _ _ _ _ \n\nself = <selenium.webdriver.remote.errorhandler.ErrorHandler object at 0x7fd929a49110>\nresponse = {'status': 404, 'value': '{\"value\":{\"error\":\"no such element\",\"message\":\"no such element: Unable to locate element: {\\...\\\\n#16 0x5631323db1d7 \\\\u003Cunknown>\\\\n#17 0x5631323ed124 \\\\u003Cunknown>\\\\n#18 0x7ff84689e044 \\\\u003Cunknown>\\\\n\"}}'}\n\n    def check_response(self, response: Dict[str, Any]) -> None:\n        \"\"\"Checks that a JSON response from the WebDriver does not have an\n        error.\n    \n        :Args:\n         - response - The JSON response from the WebDriver server as a dictionary\n           object.\n    \n        :Raises: If the response contains an error message.\n        \"\"\"\n        status = response.get(\"status\", None)\n        if not status or status == ErrorCode.SUCCESS:\n            return\n        value = None\n        message = response.get(\"message\", \"\")\n        screen: str = response.get(\"screen\", \"\")\n        stacktrace = None\n        if isinstance(status, int):\n            value_json = response.get(\"value\", None)\n            if value_json and isinstance(value_json, str):\n                import json\n    \n                try:\n                    value = json.loads(value_json)\n                    if len(value) == 1:\n                        value = value[\"value\"]\n                    status = value.get(\"error\", None)\n                    if not status:\n                        status = value.get(\"status\", ErrorCode.UNKNOWN_ERROR)\n                        message = value.get(\"value\") or value.get(\"message\")\n                        if not isinstance(message, str):\n                            value = message\n                            message = message.get(\"message\")\n                    else:\n                        message = value.get(\"message\", None)\n                except ValueError:\n                    pass\n    \n        exception_class: Type[WebDriverException]\n        e = ErrorCode()\n        error_codes = [item for item in dir(e) if not item.startswith(\"__\")]\n        for error_code in error_codes:\n            error_info = getattr(ErrorCode, error_code)\n            if isinstance(error_info, list) and status in error_info:\n                exception_class = getattr(ExceptionMapping, error_code, WebDriverException)\n                break\n        else:\n            exception_class = WebDriverException\n    \n        if not value:\n            value = response[\"value\"]\n        if isinstance(value, str):\n            raise exception_class(value)\n        if message == \"\" and \"message\" in value:\n            message = value[\"message\"]\n    \n        screen = None  # type: ignore[assignment]\n        if \"screen\" in value:\n            screen = value[\"screen\"]\n    \n        stacktrace = None\n        st_value = value.get(\"stackTrace\") or value.get(\"stacktrace\")\n        if st_value:\n            if isinstance(st_value, str):\n                stacktrace = st_value.split(\"\\n\")\n            else:\n                stacktrace = []\n                try:\n                    for frame in st_value:\n                        line = frame.get(\"lineNumber\", \"\")\n                        file = frame.get(\"fileName\", \"<anonymous>\")\n                        if line:\n                            file = f\"{file}:{line}\"\n                        meth = frame.get(\"methodName\", \"<anonymous>\")\n                        if \"className\" in frame:\n                            meth = f\"{frame['className']}.{meth}\"\n                        msg = \"    at %s (%s)\"\n                        msg = msg % (meth, file)\n                        stacktrace.append(msg)\n                except TypeError:\n                    pass\n        if exception_class == UnexpectedAlertPresentException:\n            alert_text = None\n            if \"data\" in value:\n                alert_text = value[\"data\"].get(\"text\")\n            elif \"alert\" in value:\n                alert_text = value[\"alert\"].get(\"text\")\n            raise exception_class(message, screen, stacktrace, alert_text)  # type: ignore[call-arg]  # mypy is not smart enough here\n>       raise exception_class(message, screen, stacktrace)\nE       selenium.common.exceptions.NoSuchElementException: Message: no such element: Unable to locate element: {\"method\":\"xpath\",\"selector\":\"(//a[@class='add-to-cart yellow-btn'])[1]\"}\nE         (Session info: chrome-headless-shell=120.0.6099.109); For documentation on this error, please visit: https://www.selenium.dev/documentation/webdriver/troubleshooting/errors#no-such-element-exception\nE       Stacktrace:\nE       #0 0x5631323edf83 <unknown>\nE       #1 0x5631320a6cf7 <unknown>\nE       #2 0x5631320f699e <unknown>\nE       #3 0x5631320f6aa1 <unknown>\nE       #4 0x563132141d64 <unknown>\nE       #5 0x5631321200dd <unknown>\nE       #6 0x56313213f006 <unknown>\nE       #7 0x56313211fe53 <unknown>\nE       #8 0x5631320e7dd4 <unknown>\nE       #9 0x5631320e91de <unknown>\nE       #10 0x5631323b2531 <unknown>\nE       #11 0x5631323b6455 <unknown>\nE       #12 0x56313239ef55 <unknown>\nE       #13 0x5631323b70ef <unknown>\nE       #14 0x56313238299f <unknown>\nE       #15 0x5631323db008 <unknown>\nE       #16 0x5631323db1d7 <unknown>\nE       #17 0x5631323ed124 <unknown>\nE       #18 0x7ff84689e044 <unknown>\n\n/usr/local/lib/python3.11/site-packages/selenium/webdriver/remote/errorhandler.py:229: NoSuchElementException","flaky":false,"newFailed":false,"newBroken":false,"newPassed":false,"retriesCount":0,"retriesStatusChange":false,"beforeStages":[{"name":"_session_faker","time":{"start":1704243061881,"stop":1704243061950,"duration":69},"status":"passed","steps":[],"attachments":[],"parameters":[],"shouldDisplayMessage":false,"stepsCount":0,"attachmentsCount":0,"hasContent":false,"attachmentStep":false},{"name":"clear_allure_results_folder","time":{"start":1704243061950,"stop":1704243061950,"duration":0},"status":"passed","steps":[],"attachments":[],"parameters":[],"shouldDisplayMessage":false,"stepsCount":0,"attachmentsCount":0,"hasContent":false,"attachmentStep":false},{"name":"driver","time":{"start":1704243301880,"stop":1704243302650,"duration":770},"status":"passed","steps":[],"attachments":[],"parameters":[],"shouldDisplayMessage":false,"stepsCount":0,"attachmentsCount":0,"hasContent":false,"attachmentStep":false},{"name":"setup","time":{"start":1704243302650,"stop":1704243302650,"duration":0},"status":"passed","steps":[],"attachments":[],"parameters":[],"shouldDisplayMessage":false,"stepsCount":0,"attachmentsCount":0,"hasContent":false,"attachmentStep":false}],"testStage":{"status":"skipped","statusMessage":"XFAIL\n\nselenium.common.exceptions.NoSuchElementException: Message: no such element: Unable to locate element: {\"method\":\"xpath\",\"selector\":\"(//a[@class='add-to-cart yellow-btn'])[1]\"}\n  (Session info: chrome-headless-shell=120.0.6099.109); For documentation on this error, please visit: https://www.selenium.dev/documentation/webdriver/troubleshooting/errors#no-such-element-exception\nStacktrace:\n#0 0x5631323edf83 <unknown>\n#1 0x5631320a6cf7 <unknown>\n#2 0x5631320f699e <unknown>\n#3 0x5631320f6aa1 <unknown>\n#4 0x563132141d64 <unknown>\n#5 0x5631321200dd <unknown>\n#6 0x56313213f006 <unknown>\n#7 0x56313211fe53 <unknown>\n#8 0x5631320e7dd4 <unknown>\n#9 0x5631320e91de <unknown>\n#10 0x5631323b2531 <unknown>\n#11 0x5631323b6455 <unknown>\n#12 0x56313239ef55 <unknown>\n#13 0x5631323b70ef <unknown>\n#14 0x56313238299f <unknown>\n#15 0x5631323db008 <unknown>\n#16 0x5631323db1d7 <unknown>\n#17 0x5631323ed124 <unknown>\n#18 0x7ff84689e044 <unknown>","statusTrace":"self = <tests.delivery.test_delivery_calculation.TestDeliveryPageCalculation object at 0x7fd928df9250>\ndriver = <selenium.webdriver.chrome.webdriver.WebDriver (session=\"4f6e3b6ea3292d919f8683c954168f84\")>\nurl = 'https://sandboxtest.stroyrem-nn.ru/', case_id = 'TD 007'\nlink_item = 'products/shtukaturka-gipsovaya-aksolit-m50-30-kg-mashinnogo-naneseniya'\namount = 66, weight = 2000, standard = 1300, in_time = 2490, all_time = 2980\n\n    @pytest.mark.parametrize('case_id, link_item, amount, weight, standard, in_time, all_time', [\n        (\"TD 001\", uroven_3000, 1, 30, 0, 1590, 2190),\n        (\"TD 002\", bundeks_25, 1, 30, 400, 1590, 2190),\n        (\"TD 003\", aksolit_30, 8, 300, 400, 1590, 2190),\n        (\"TD 004\", aksolit_30, 13, 400, 450, 1590, 2190),\n        (\"TD 005\", aksolit_30, 16, 500, 600, 1590, 2190),\n        (\"TD 006\", aksolit_30, 25, 1700, 990, 1990, 2480),\n        (\"TD 007\", aksolit_30, 66, 2000, 1300, 2490, 2980),\n        (\"TD 008\", aksolit_30, 149, 4500, 2300, 3980, 4490),\n        (\"TD 009\", aksolit_30, 166, 5000, 2500, 4990, 5480),\n        pytest.param(\n            \"TD 010\", aksolit_30, 206, 6200, 2900, 5570, 6120,\n            marks=pytest.mark.xfail(reson=\"Цена доставки 3600 7960 8980\")\n        ),\n        (\"TD 011\", aksolit_30, 299, 9000, 3600, 7960, 8980),\n        (\"TD 012\", aksolit_30, 333, 10000, 4450, 11990, 12500),\n        pytest.param(\n            \"TD 013\", aksolit_30, 366, 11000, 4800, 12450, 13480,\n            marks=pytest.mark.xfail(reason=\"Цена стандартной доставки 4450\")\n        ),\n        pytest.param(\n            \"TD 014\", aksolit_30, 666, 20000, 5400, 15600, 17490,\n            marks=pytest.mark.xfail(reason=\"Цена стандартной доставки 4450\")\n        )\n    ])\n    @pytest.mark.xfail\n    @pytest.mark.smoke_test\n    def test_positive_delivery_green_zone_smoke(\n            self, driver, url, case_id, link_item, amount, weight, standard, in_time, all_time\n    ):\n    \n        driver.get(f'{url}{link_item}')\n        item_page = ItemPage(driver)\n>       item_page.add_item_to_cart(amount).click_on_cart()\n\ntests/delivery/test_delivery_calculation.py:50: \n_ _ _ _ _ _ _ _ _ _ _ _ _ _ _ _ _ _ _ _ _ _ _ _ _ _ _ _ _ _ _ _ _ _ _ _ _ _ _ _ \npages/item_page.py:40: in add_item_to_cart\n    self.find_element(self._add_item).click()\nbase/seleniumbase.py:17: in find_element\n    return self.driver.find_element(*locator)\n/usr/local/lib/python3.11/site-packages/selenium/webdriver/remote/webdriver.py:739: in find_element\n    return self.execute(Command.FIND_ELEMENT, {\"using\": by, \"value\": value})[\"value\"]\n/usr/local/lib/python3.11/site-packages/selenium/webdriver/remote/webdriver.py:345: in execute\n    self.error_handler.check_response(response)\n_ _ _ _ _ _ _ _ _ _ _ _ _ _ _ _ _ _ _ _ _ _ _ _ _ _ _ _ _ _ _ _ _ _ _ _ _ _ _ _ \n\nself = <selenium.webdriver.remote.errorhandler.ErrorHandler object at 0x7fd929a49110>\nresponse = {'status': 404, 'value': '{\"value\":{\"error\":\"no such element\",\"message\":\"no such element: Unable to locate element: {\\...\\\\n#16 0x5631323db1d7 \\\\u003Cunknown>\\\\n#17 0x5631323ed124 \\\\u003Cunknown>\\\\n#18 0x7ff84689e044 \\\\u003Cunknown>\\\\n\"}}'}\n\n    def check_response(self, response: Dict[str, Any]) -> None:\n        \"\"\"Checks that a JSON response from the WebDriver does not have an\n        error.\n    \n        :Args:\n         - response - The JSON response from the WebDriver server as a dictionary\n           object.\n    \n        :Raises: If the response contains an error message.\n        \"\"\"\n        status = response.get(\"status\", None)\n        if not status or status == ErrorCode.SUCCESS:\n            return\n        value = None\n        message = response.get(\"message\", \"\")\n        screen: str = response.get(\"screen\", \"\")\n        stacktrace = None\n        if isinstance(status, int):\n            value_json = response.get(\"value\", None)\n            if value_json and isinstance(value_json, str):\n                import json\n    \n                try:\n                    value = json.loads(value_json)\n                    if len(value) == 1:\n                        value = value[\"value\"]\n                    status = value.get(\"error\", None)\n                    if not status:\n                        status = value.get(\"status\", ErrorCode.UNKNOWN_ERROR)\n                        message = value.get(\"value\") or value.get(\"message\")\n                        if not isinstance(message, str):\n                            value = message\n                            message = message.get(\"message\")\n                    else:\n                        message = value.get(\"message\", None)\n                except ValueError:\n                    pass\n    \n        exception_class: Type[WebDriverException]\n        e = ErrorCode()\n        error_codes = [item for item in dir(e) if not item.startswith(\"__\")]\n        for error_code in error_codes:\n            error_info = getattr(ErrorCode, error_code)\n            if isinstance(error_info, list) and status in error_info:\n                exception_class = getattr(ExceptionMapping, error_code, WebDriverException)\n                break\n        else:\n            exception_class = WebDriverException\n    \n        if not value:\n            value = response[\"value\"]\n        if isinstance(value, str):\n            raise exception_class(value)\n        if message == \"\" and \"message\" in value:\n            message = value[\"message\"]\n    \n        screen = None  # type: ignore[assignment]\n        if \"screen\" in value:\n            screen = value[\"screen\"]\n    \n        stacktrace = None\n        st_value = value.get(\"stackTrace\") or value.get(\"stacktrace\")\n        if st_value:\n            if isinstance(st_value, str):\n                stacktrace = st_value.split(\"\\n\")\n            else:\n                stacktrace = []\n                try:\n                    for frame in st_value:\n                        line = frame.get(\"lineNumber\", \"\")\n                        file = frame.get(\"fileName\", \"<anonymous>\")\n                        if line:\n                            file = f\"{file}:{line}\"\n                        meth = frame.get(\"methodName\", \"<anonymous>\")\n                        if \"className\" in frame:\n                            meth = f\"{frame['className']}.{meth}\"\n                        msg = \"    at %s (%s)\"\n                        msg = msg % (meth, file)\n                        stacktrace.append(msg)\n                except TypeError:\n                    pass\n        if exception_class == UnexpectedAlertPresentException:\n            alert_text = None\n            if \"data\" in value:\n                alert_text = value[\"data\"].get(\"text\")\n            elif \"alert\" in value:\n                alert_text = value[\"alert\"].get(\"text\")\n            raise exception_class(message, screen, stacktrace, alert_text)  # type: ignore[call-arg]  # mypy is not smart enough here\n>       raise exception_class(message, screen, stacktrace)\nE       selenium.common.exceptions.NoSuchElementException: Message: no such element: Unable to locate element: {\"method\":\"xpath\",\"selector\":\"(//a[@class='add-to-cart yellow-btn'])[1]\"}\nE         (Session info: chrome-headless-shell=120.0.6099.109); For documentation on this error, please visit: https://www.selenium.dev/documentation/webdriver/troubleshooting/errors#no-such-element-exception\nE       Stacktrace:\nE       #0 0x5631323edf83 <unknown>\nE       #1 0x5631320a6cf7 <unknown>\nE       #2 0x5631320f699e <unknown>\nE       #3 0x5631320f6aa1 <unknown>\nE       #4 0x563132141d64 <unknown>\nE       #5 0x5631321200dd <unknown>\nE       #6 0x56313213f006 <unknown>\nE       #7 0x56313211fe53 <unknown>\nE       #8 0x5631320e7dd4 <unknown>\nE       #9 0x5631320e91de <unknown>\nE       #10 0x5631323b2531 <unknown>\nE       #11 0x5631323b6455 <unknown>\nE       #12 0x56313239ef55 <unknown>\nE       #13 0x5631323b70ef <unknown>\nE       #14 0x56313238299f <unknown>\nE       #15 0x5631323db008 <unknown>\nE       #16 0x5631323db1d7 <unknown>\nE       #17 0x5631323ed124 <unknown>\nE       #18 0x7ff84689e044 <unknown>\n\n/usr/local/lib/python3.11/site-packages/selenium/webdriver/remote/errorhandler.py:229: NoSuchElementException","steps":[{"name":"Добавляем товар в корзину в количестве 66","time":{"start":1704243303106,"stop":1704243303119,"duration":13},"status":"broken","statusMessage":"selenium.common.exceptions.NoSuchElementException: Message: no such element: Unable to locate element: {\"method\":\"xpath\",\"selector\":\"(//a[@class='add-to-cart yellow-btn'])[1]\"}\n  (Session info: chrome-headless-shell=120.0.6099.109); For documentation on this error, please visit: https://www.selenium.dev/documentation/webdriver/troubleshooting/errors#no-such-element-exception\nStacktrace:\n#0 0x5631323edf83 <unknown>\n#1 0x5631320a6cf7 <unknown>\n#2 0x5631320f699e <unknown>\n#3 0x5631320f6aa1 <unknown>\n#4 0x563132141d64 <unknown>\n#5 0x5631321200dd <unknown>\n#6 0x56313213f006 <unknown>\n#7 0x56313211fe53 <unknown>\n#8 0x5631320e7dd4 <unknown>\n#9 0x5631320e91de <unknown>\n#10 0x5631323b2531 <unknown>\n#11 0x5631323b6455 <unknown>\n#12 0x56313239ef55 <unknown>\n#13 0x5631323b70ef <unknown>\n#14 0x56313238299f <unknown>\n#15 0x5631323db008 <unknown>\n#16 0x5631323db1d7 <unknown>\n#17 0x5631323ed124 <unknown>\n#18 0x7ff84689e044 <unknown>\n\n","statusTrace":"  File \"/usr/local/lib/python3.11/site-packages/allure_commons/_allure.py\", line 192, in impl\n    return func(*a, **kw)\n           ^^^^^^^^^^^^^^\n  File \"/app/pages/item_page.py\", line 40, in add_item_to_cart\n    self.find_element(self._add_item).click()\n    ^^^^^^^^^^^^^^^^^^^^^^^^^^^^^^^^^\n  File \"/app/base/seleniumbase.py\", line 17, in find_element\n    return self.driver.find_element(*locator)\n           ^^^^^^^^^^^^^^^^^^^^^^^^^^^^^^^^^^\n  File \"/usr/local/lib/python3.11/site-packages/selenium/webdriver/remote/webdriver.py\", line 739, in find_element\n    return self.execute(Command.FIND_ELEMENT, {\"using\": by, \"value\": value})[\"value\"]\n           ^^^^^^^^^^^^^^^^^^^^^^^^^^^^^^^^^^^^^^^^^^^^^^^^^^^^^^^^^^^^^^^^^\n  File \"/usr/local/lib/python3.11/site-packages/selenium/webdriver/remote/webdriver.py\", line 345, in execute\n    self.error_handler.check_response(response)\n  File \"/usr/local/lib/python3.11/site-packages/selenium/webdriver/remote/errorhandler.py\", line 229, in check_response\n    raise exception_class(message, screen, stacktrace)\n","steps":[],"attachments":[],"parameters":[{"name":"amount","value":"66"}],"shouldDisplayMessage":true,"stepsCount":0,"attachmentsCount":0,"hasContent":true,"attachmentStep":false}],"attachments":[{"uid":"1f025c8401197e21","name":"Screenshot","source":"1f025c8401197e21.png","type":"image/png","size":5862},{"uid":"46219e40b219b639","name":"HTML source","source":"46219e40b219b639.html","type":"text/html","size":39}],"parameters":[],"shouldDisplayMessage":true,"stepsCount":1,"attachmentsCount":2,"hasContent":true,"attachmentStep":false},"afterStages":[{"name":"driver::0","time":{"start":1704243303222,"stop":1704243303279,"duration":57},"status":"passed","steps":[],"attachments":[],"parameters":[],"shouldDisplayMessage":false,"stepsCount":0,"attachmentsCount":0,"hasContent":false,"attachmentStep":false},{"name":"setup::0","time":{"start":1704243303222,"stop":1704243303222,"duration":0},"status":"passed","steps":[],"attachments":[],"parameters":[],"shouldDisplayMessage":false,"stepsCount":0,"attachmentsCount":0,"hasContent":false,"attachmentStep":false}],"labels":[{"name":"epic","value":"Delivery Page - calculation"},{"name":"tag","value":"smoke_test"},{"name":"tag","value":"@pytest.mark.xfail"},{"name":"parentSuite","value":"tests.delivery"},{"name":"suite","value":"test_delivery_calculation"},{"name":"subSuite","value":"TestDeliveryPageCalculation"},{"name":"host","value":"1dba79fe187f"},{"name":"thread","value":"1-MainThread"},{"name":"framework","value":"pytest"},{"name":"language","value":"cpython3"},{"name":"package","value":"tests.delivery.test_delivery_calculation"},{"name":"resultFormat","value":"allure2"}],"parameters":[{"name":"all_time","value":"2980"},{"name":"amount","value":"66"},{"name":"case_id","value":"'TD 007'"},{"name":"in_time","value":"2490"},{"name":"link_item","value":"'products/shtukaturka-gipsovaya-aksolit-m50-30-kg-mashinnogo-naneseniya'"},{"name":"standard","value":"1300"},{"name":"url","value":"'https://sandboxtest.stroyrem-nn.ru/'"},{"name":"weight","value":"2000"}],"links":[],"hidden":false,"retry":false,"extra":{"severity":"normal","retries":[],"categories":[],"history":{"statistic":{"failed":0,"broken":13,"skipped":114,"passed":0,"unknown":0,"total":127},"items":[{"uid":"c5d07db0c3e7717f","reportUrl":"https://Nat754.github.io/StroyremAutomation/174//#testresult/c5d07db0c3e7717f","status":"skipped","statusDetails":"XFAIL\n\nselenium.common.exceptions.NoSuchElementException: Message: no such element: Unable to locate element: {\"method\":\"xpath\",\"selector\":\"(//a[@class='add-to-cart yellow-btn'])[1]\"}\n  (Session info: chrome-headless-shell=120.0.6099.109); For documentation on this error, please visit: https://www.selenium.dev/documentation/webdriver/troubleshooting/errors#no-such-element-exception\nStacktrace:\n#0 0x55b5d0586f83 <unknown>\n#1 0x55b5d023fcf7 <unknown>\n#2 0x55b5d028f99e <unknown>\n#3 0x55b5d028faa1 <unknown>\n#4 0x55b5d02dad64 <unknown>\n#5 0x55b5d02b90dd <unknown>\n#6 0x55b5d02d8006 <unknown>\n#7 0x55b5d02b8e53 <unknown>\n#8 0x55b5d0280dd4 <unknown>\n#9 0x55b5d02821de <unknown>\n#10 0x55b5d054b531 <unknown>\n#11 0x55b5d054f455 <unknown>\n#12 0x55b5d0537f55 <unknown>\n#13 0x55b5d05500ef <unknown>\n#14 0x55b5d051b99f <unknown>\n#15 0x55b5d0574008 <unknown>\n#16 0x55b5d05741d7 <unknown>\n#17 0x55b5d0586124 <unknown>\n#18 0x7f911c716044 <unknown>","time":{"start":1704156789257,"stop":1704156789594,"duration":337}},{"uid":"e401261ef411552b","reportUrl":"https://Nat754.github.io/StroyremAutomation/173//#testresult/e401261ef411552b","status":"skipped","statusDetails":"XFAIL\n\nselenium.common.exceptions.NoSuchElementException: Message: no such element: Unable to locate element: {\"method\":\"xpath\",\"selector\":\"(//a[@class='add-to-cart yellow-btn'])[1]\"}\n  (Session info: chrome-headless-shell=120.0.6099.109); For documentation on this error, please visit: https://www.selenium.dev/documentation/webdriver/troubleshooting/errors#no-such-element-exception\nStacktrace:\n#0 0x5620e27c4f83 <unknown>\n#1 0x5620e247dcf7 <unknown>\n#2 0x5620e24cd99e <unknown>\n#3 0x5620e24cdaa1 <unknown>\n#4 0x5620e2518d64 <unknown>\n#5 0x5620e24f70dd <unknown>\n#6 0x5620e2516006 <unknown>\n#7 0x5620e24f6e53 <unknown>\n#8 0x5620e24bedd4 <unknown>\n#9 0x5620e24c01de <unknown>\n#10 0x5620e2789531 <unknown>\n#11 0x5620e278d455 <unknown>\n#12 0x5620e2775f55 <unknown>\n#13 0x5620e278e0ef <unknown>\n#14 0x5620e275999f <unknown>\n#15 0x5620e27b2008 <unknown>\n#16 0x5620e27b21d7 <unknown>\n#17 0x5620e27c4124 <unknown>\n#18 0x7fde2d66f044 <unknown>","time":{"start":1704070743033,"stop":1704070743363,"duration":330}},{"uid":"a2f6fca30c6e06a3","reportUrl":"https://Nat754.github.io/StroyremAutomation/172//#testresult/a2f6fca30c6e06a3","status":"skipped","statusDetails":"XFAIL\n\nselenium.common.exceptions.NoSuchElementException: Message: no such element: Unable to locate element: {\"method\":\"xpath\",\"selector\":\"(//a[@class='add-to-cart yellow-btn'])[1]\"}\n  (Session info: chrome-headless-shell=120.0.6099.109); For documentation on this error, please visit: https://www.selenium.dev/documentation/webdriver/troubleshooting/errors#no-such-element-exception\nStacktrace:\n#0 0x55d2bcc0cf83 <unknown>\n#1 0x55d2bc8c5cf7 <unknown>\n#2 0x55d2bc91599e <unknown>\n#3 0x55d2bc915aa1 <unknown>\n#4 0x55d2bc960d64 <unknown>\n#5 0x55d2bc93f0dd <unknown>\n#6 0x55d2bc95e006 <unknown>\n#7 0x55d2bc93ee53 <unknown>\n#8 0x55d2bc906dd4 <unknown>\n#9 0x55d2bc9081de <unknown>\n#10 0x55d2bcbd1531 <unknown>\n#11 0x55d2bcbd5455 <unknown>\n#12 0x55d2bcbbdf55 <unknown>\n#13 0x55d2bcbd60ef <unknown>\n#14 0x55d2bcba199f <unknown>\n#15 0x55d2bcbfa008 <unknown>\n#16 0x55d2bcbfa1d7 <unknown>\n#17 0x55d2bcc0c124 <unknown>\n#18 0x7f68a25c0044 <unknown>","time":{"start":1703984254484,"stop":1703984255308,"duration":824}},{"uid":"c31d62f4d5d66e15","reportUrl":"https://Nat754.github.io/StroyremAutomation/171//#testresult/c31d62f4d5d66e15","status":"skipped","statusDetails":"XFAIL\n\nselenium.common.exceptions.NoSuchElementException: Message: no such element: Unable to locate element: {\"method\":\"xpath\",\"selector\":\"(//a[@class='add-to-cart yellow-btn'])[1]\"}\n  (Session info: chrome-headless-shell=120.0.6099.109); For documentation on this error, please visit: https://www.selenium.dev/documentation/webdriver/troubleshooting/errors#no-such-element-exception\nStacktrace:\n#0 0x55dbf0aa1f83 <unknown>\n#1 0x55dbf075acf7 <unknown>\n#2 0x55dbf07aa99e <unknown>\n#3 0x55dbf07aaaa1 <unknown>\n#4 0x55dbf07f5d64 <unknown>\n#5 0x55dbf07d40dd <unknown>\n#6 0x55dbf07f3006 <unknown>\n#7 0x55dbf07d3e53 <unknown>\n#8 0x55dbf079bdd4 <unknown>\n#9 0x55dbf079d1de <unknown>\n#10 0x55dbf0a66531 <unknown>\n#11 0x55dbf0a6a455 <unknown>\n#12 0x55dbf0a52f55 <unknown>\n#13 0x55dbf0a6b0ef <unknown>\n#14 0x55dbf0a3699f <unknown>\n#15 0x55dbf0a8f008 <unknown>\n#16 0x55dbf0a8f1d7 <unknown>\n#17 0x55dbf0aa1124 <unknown>\n#18 0x7fabebd61044 <unknown>","time":{"start":1703897535687,"stop":1703897536416,"duration":729}},{"uid":"b3a1bf3ece9d06fb","reportUrl":"https://Nat754.github.io/StroyremAutomation/170//#testresult/b3a1bf3ece9d06fb","status":"skipped","statusDetails":"XFAIL\n\nselenium.common.exceptions.NoSuchElementException: Message: no such element: Unable to locate element: {\"method\":\"xpath\",\"selector\":\"(//a[@class='add-to-cart yellow-btn'])[1]\"}\n  (Session info: chrome-headless-shell=120.0.6099.109); For documentation on this error, please visit: https://www.selenium.dev/documentation/webdriver/troubleshooting/errors#no-such-element-exception\nStacktrace:\n#0 0x55d9407aef83 <unknown>\n#1 0x55d940467cf7 <unknown>\n#2 0x55d9404b799e <unknown>\n#3 0x55d9404b7aa1 <unknown>\n#4 0x55d940502d64 <unknown>\n#5 0x55d9404e10dd <unknown>\n#6 0x55d940500006 <unknown>\n#7 0x55d9404e0e53 <unknown>\n#8 0x55d9404a8dd4 <unknown>\n#9 0x55d9404aa1de <unknown>\n#10 0x55d940773531 <unknown>\n#11 0x55d940777455 <unknown>\n#12 0x55d94075ff55 <unknown>\n#13 0x55d9407780ef <unknown>\n#14 0x55d94074399f <unknown>\n#15 0x55d94079c008 <unknown>\n#16 0x55d94079c1d7 <unknown>\n#17 0x55d9407ae124 <unknown>\n#18 0x7fe3f61cb044 <unknown>","time":{"start":1703810713168,"stop":1703810713632,"duration":464}},{"uid":"c11f1e7e759a65ad","reportUrl":"https://Nat754.github.io/StroyremAutomation/169//#testresult/c11f1e7e759a65ad","status":"skipped","statusDetails":"XFAIL\n\nselenium.common.exceptions.NoSuchElementException: Message: no such element: Unable to locate element: {\"method\":\"xpath\",\"selector\":\"(//a[@class='add-to-cart yellow-btn'])[1]\"}\n  (Session info: chrome-headless-shell=120.0.6099.109); For documentation on this error, please visit: https://www.selenium.dev/documentation/webdriver/troubleshooting/errors#no-such-element-exception\nStacktrace:\n#0 0x55e4ebd5cf83 <unknown>\n#1 0x55e4eba15cf7 <unknown>\n#2 0x55e4eba6599e <unknown>\n#3 0x55e4eba65aa1 <unknown>\n#4 0x55e4ebab0d64 <unknown>\n#5 0x55e4eba8f0dd <unknown>\n#6 0x55e4ebaae006 <unknown>\n#7 0x55e4eba8ee53 <unknown>\n#8 0x55e4eba56dd4 <unknown>\n#9 0x55e4eba581de <unknown>\n#10 0x55e4ebd21531 <unknown>\n#11 0x55e4ebd25455 <unknown>\n#12 0x55e4ebd0df55 <unknown>\n#13 0x55e4ebd260ef <unknown>\n#14 0x55e4ebcf199f <unknown>\n#15 0x55e4ebd4a008 <unknown>\n#16 0x55e4ebd4a1d7 <unknown>\n#17 0x55e4ebd5c124 <unknown>\n#18 0x7f6abbf2b044 <unknown>","time":{"start":1703724779575,"stop":1703724779918,"duration":343}},{"uid":"98e843e926db7686","reportUrl":"https://Nat754.github.io/StroyremAutomation/168//#testresult/98e843e926db7686","status":"skipped","statusDetails":"XFAIL\n\nselenium.common.exceptions.NoSuchElementException: Message: no such element: Unable to locate element: {\"method\":\"xpath\",\"selector\":\"(//a[@class='add-to-cart yellow-btn'])[1]\"}\n  (Session info: chrome-headless-shell=120.0.6099.109); For documentation on this error, please visit: https://www.selenium.dev/documentation/webdriver/troubleshooting/errors#no-such-element-exception\nStacktrace:\n#0 0x55ac1efa0f83 <unknown>\n#1 0x55ac1ec59cf7 <unknown>\n#2 0x55ac1eca999e <unknown>\n#3 0x55ac1eca9aa1 <unknown>\n#4 0x55ac1ecf4d64 <unknown>\n#5 0x55ac1ecd30dd <unknown>\n#6 0x55ac1ecf2006 <unknown>\n#7 0x55ac1ecd2e53 <unknown>\n#8 0x55ac1ec9add4 <unknown>\n#9 0x55ac1ec9c1de <unknown>\n#10 0x55ac1ef65531 <unknown>\n#11 0x55ac1ef69455 <unknown>\n#12 0x55ac1ef51f55 <unknown>\n#13 0x55ac1ef6a0ef <unknown>\n#14 0x55ac1ef3599f <unknown>\n#15 0x55ac1ef8e008 <unknown>\n#16 0x55ac1ef8e1d7 <unknown>\n#17 0x55ac1efa0124 <unknown>\n#18 0x7f80173c1044 <unknown>","time":{"start":1703638415889,"stop":1703638416338,"duration":449}},{"uid":"43d39adb65f8ab6b","reportUrl":"https://Nat754.github.io/StroyremAutomation/167//#testresult/43d39adb65f8ab6b","status":"skipped","statusDetails":"XFAIL\n\nselenium.common.exceptions.NoSuchElementException: Message: no such element: Unable to locate element: {\"method\":\"xpath\",\"selector\":\"(//a[@class='add-to-cart yellow-btn'])[1]\"}\n  (Session info: chrome-headless-shell=120.0.6099.109); For documentation on this error, please visit: https://www.selenium.dev/documentation/webdriver/troubleshooting/errors#no-such-element-exception\nStacktrace:\n#0 0x555c2fd6ef83 <unknown>\n#1 0x555c2fa27cf7 <unknown>\n#2 0x555c2fa7799e <unknown>\n#3 0x555c2fa77aa1 <unknown>\n#4 0x555c2fac2d64 <unknown>\n#5 0x555c2faa10dd <unknown>\n#6 0x555c2fac0006 <unknown>\n#7 0x555c2faa0e53 <unknown>\n#8 0x555c2fa68dd4 <unknown>\n#9 0x555c2fa6a1de <unknown>\n#10 0x555c2fd33531 <unknown>\n#11 0x555c2fd37455 <unknown>\n#12 0x555c2fd1ff55 <unknown>\n#13 0x555c2fd380ef <unknown>\n#14 0x555c2fd0399f <unknown>\n#15 0x555c2fd5c008 <unknown>\n#16 0x555c2fd5c1d7 <unknown>\n#17 0x555c2fd6e124 <unknown>\n#18 0x7fefbeee4044 <unknown>","time":{"start":1703551956174,"stop":1703551956870,"duration":696}},{"uid":"c464f483a1bfeafc","reportUrl":"https://Nat754.github.io/StroyremAutomation/166//#testresult/c464f483a1bfeafc","status":"skipped","statusDetails":"XFAIL\n\nselenium.common.exceptions.NoSuchElementException: Message: no such element: Unable to locate element: {\"method\":\"xpath\",\"selector\":\"(//a[@class='add-to-cart yellow-btn'])[1]\"}\n  (Session info: chrome-headless-shell=120.0.6099.109); For documentation on this error, please visit: https://www.selenium.dev/documentation/webdriver/troubleshooting/errors#no-such-element-exception\nStacktrace:\n#0 0x559057f90f83 <unknown>\n#1 0x559057c49cf7 <unknown>\n#2 0x559057c9999e <unknown>\n#3 0x559057c99aa1 <unknown>\n#4 0x559057ce4d64 <unknown>\n#5 0x559057cc30dd <unknown>\n#6 0x559057ce2006 <unknown>\n#7 0x559057cc2e53 <unknown>\n#8 0x559057c8add4 <unknown>\n#9 0x559057c8c1de <unknown>\n#10 0x559057f55531 <unknown>\n#11 0x559057f59455 <unknown>\n#12 0x559057f41f55 <unknown>\n#13 0x559057f5a0ef <unknown>\n#14 0x559057f2599f <unknown>\n#15 0x559057f7e008 <unknown>\n#16 0x559057f7e1d7 <unknown>\n#17 0x559057f90124 <unknown>\n#18 0x7feb2ed73044 <unknown>","time":{"start":1703465782846,"stop":1703465783577,"duration":731}},{"uid":"1fe5cebd6be9f77","reportUrl":"https://Nat754.github.io/StroyremAutomation/165//#testresult/1fe5cebd6be9f77","status":"skipped","statusDetails":"XFAIL\n\nselenium.common.exceptions.NoSuchElementException: Message: no such element: Unable to locate element: {\"method\":\"xpath\",\"selector\":\"(//a[@class='add-to-cart yellow-btn'])[1]\"}\n  (Session info: chrome-headless-shell=120.0.6099.109); For documentation on this error, please visit: https://www.selenium.dev/documentation/webdriver/troubleshooting/errors#no-such-element-exception\nStacktrace:\n#0 0x5586dad21f83 <unknown>\n#1 0x5586da9dacf7 <unknown>\n#2 0x5586daa2a99e <unknown>\n#3 0x5586daa2aaa1 <unknown>\n#4 0x5586daa75d64 <unknown>\n#5 0x5586daa540dd <unknown>\n#6 0x5586daa73006 <unknown>\n#7 0x5586daa53e53 <unknown>\n#8 0x5586daa1bdd4 <unknown>\n#9 0x5586daa1d1de <unknown>\n#10 0x5586dace6531 <unknown>\n#11 0x5586dacea455 <unknown>\n#12 0x5586dacd2f55 <unknown>\n#13 0x5586daceb0ef <unknown>\n#14 0x5586dacb699f <unknown>\n#15 0x5586dad0f008 <unknown>\n#16 0x5586dad0f1d7 <unknown>\n#17 0x5586dad21124 <unknown>\n#18 0x7fda7a50b044 <unknown>","time":{"start":1703379516771,"stop":1703379517420,"duration":649}},{"uid":"1dc55466fb186a7b","reportUrl":"https://Nat754.github.io/StroyremAutomation/164//#testresult/1dc55466fb186a7b","status":"skipped","statusDetails":"XFAIL\n\nselenium.common.exceptions.NoSuchElementException: Message: no such element: Unable to locate element: {\"method\":\"xpath\",\"selector\":\"(//a[@class='add-to-cart yellow-btn'])[1]\"}\n  (Session info: chrome-headless-shell=120.0.6099.109); For documentation on this error, please visit: https://www.selenium.dev/documentation/webdriver/troubleshooting/errors#no-such-element-exception\nStacktrace:\n#0 0x557cb1221f83 <unknown>\n#1 0x557cb0edacf7 <unknown>\n#2 0x557cb0f2a99e <unknown>\n#3 0x557cb0f2aaa1 <unknown>\n#4 0x557cb0f75d64 <unknown>\n#5 0x557cb0f540dd <unknown>\n#6 0x557cb0f73006 <unknown>\n#7 0x557cb0f53e53 <unknown>\n#8 0x557cb0f1bdd4 <unknown>\n#9 0x557cb0f1d1de <unknown>\n#10 0x557cb11e6531 <unknown>\n#11 0x557cb11ea455 <unknown>\n#12 0x557cb11d2f55 <unknown>\n#13 0x557cb11eb0ef <unknown>\n#14 0x557cb11b699f <unknown>\n#15 0x557cb120f008 <unknown>\n#16 0x557cb120f1d7 <unknown>\n#17 0x557cb1221124 <unknown>\n#18 0x7f6c1e1dc044 <unknown>","time":{"start":1703292724180,"stop":1703292724524,"duration":344}},{"uid":"2575105c9ddf4d3a","reportUrl":"https://Nat754.github.io/StroyremAutomation/163//#testresult/2575105c9ddf4d3a","status":"skipped","statusDetails":"XFAIL\n\nselenium.common.exceptions.NoSuchElementException: Message: no such element: Unable to locate element: {\"method\":\"xpath\",\"selector\":\"(//a[@class='add-to-cart yellow-btn'])[1]\"}\n  (Session info: chrome-headless-shell=120.0.6099.109); For documentation on this error, please visit: https://www.selenium.dev/documentation/webdriver/troubleshooting/errors#no-such-element-exception\nStacktrace:\n#0 0x5652b64e1f83 <unknown>\n#1 0x5652b619acf7 <unknown>\n#2 0x5652b61ea99e <unknown>\n#3 0x5652b61eaaa1 <unknown>\n#4 0x5652b6235d64 <unknown>\n#5 0x5652b62140dd <unknown>\n#6 0x5652b6233006 <unknown>\n#7 0x5652b6213e53 <unknown>\n#8 0x5652b61dbdd4 <unknown>\n#9 0x5652b61dd1de <unknown>\n#10 0x5652b64a6531 <unknown>\n#11 0x5652b64aa455 <unknown>\n#12 0x5652b6492f55 <unknown>\n#13 0x5652b64ab0ef <unknown>\n#14 0x5652b647699f <unknown>\n#15 0x5652b64cf008 <unknown>\n#16 0x5652b64cf1d7 <unknown>\n#17 0x5652b64e1124 <unknown>\n#18 0x7f7563822044 <unknown>","time":{"start":1703206454719,"stop":1703206455406,"duration":687}},{"uid":"97ac6bc592a12c51","reportUrl":"https://Nat754.github.io/StroyremAutomation/162//#testresult/97ac6bc592a12c51","status":"skipped","statusDetails":"XFAIL\n\nselenium.common.exceptions.NoSuchElementException: Message: no such element: Unable to locate element: {\"method\":\"xpath\",\"selector\":\"(//a[@class='add-to-cart yellow-btn'])[1]\"}\n  (Session info: chrome-headless-shell=120.0.6099.109); For documentation on this error, please visit: https://www.selenium.dev/documentation/webdriver/troubleshooting/errors#no-such-element-exception\nStacktrace:\n#0 0x556ea0b48f83 <unknown>\n#1 0x556ea0801cf7 <unknown>\n#2 0x556ea085199e <unknown>\n#3 0x556ea0851aa1 <unknown>\n#4 0x556ea089cd64 <unknown>\n#5 0x556ea087b0dd <unknown>\n#6 0x556ea089a006 <unknown>\n#7 0x556ea087ae53 <unknown>\n#8 0x556ea0842dd4 <unknown>\n#9 0x556ea08441de <unknown>\n#10 0x556ea0b0d531 <unknown>\n#11 0x556ea0b11455 <unknown>\n#12 0x556ea0af9f55 <unknown>\n#13 0x556ea0b120ef <unknown>\n#14 0x556ea0add99f <unknown>\n#15 0x556ea0b36008 <unknown>\n#16 0x556ea0b361d7 <unknown>\n#17 0x556ea0b48124 <unknown>\n#18 0x7fede37f5044 <unknown>","time":{"start":1703120074318,"stop":1703120074715,"duration":397}},{"uid":"e18fe97f5829ae98","reportUrl":"https://Nat754.github.io/StroyremAutomation/161//#testresult/e18fe97f5829ae98","status":"skipped","statusDetails":"XFAIL\n\nselenium.common.exceptions.NoSuchElementException: Message: no such element: Unable to locate element: {\"method\":\"xpath\",\"selector\":\"(//a[@class='add-to-cart yellow-btn'])[1]\"}\n  (Session info: chrome-headless-shell=120.0.6099.109); For documentation on this error, please visit: https://www.selenium.dev/documentation/webdriver/troubleshooting/errors#no-such-element-exception\nStacktrace:\n#0 0x560da05cff83 <unknown>\n#1 0x560da0288cf7 <unknown>\n#2 0x560da02d899e <unknown>\n#3 0x560da02d8aa1 <unknown>\n#4 0x560da0323d64 <unknown>\n#5 0x560da03020dd <unknown>\n#6 0x560da0321006 <unknown>\n#7 0x560da0301e53 <unknown>\n#8 0x560da02c9dd4 <unknown>\n#9 0x560da02cb1de <unknown>\n#10 0x560da0594531 <unknown>\n#11 0x560da0598455 <unknown>\n#12 0x560da0580f55 <unknown>\n#13 0x560da05990ef <unknown>\n#14 0x560da056499f <unknown>\n#15 0x560da05bd008 <unknown>\n#16 0x560da05bd1d7 <unknown>\n#17 0x560da05cf124 <unknown>\n#18 0x7f194a065044 <unknown>","time":{"start":1703033148072,"stop":1703033148815,"duration":743}},{"uid":"d54872c9d913252d","reportUrl":"https://Nat754.github.io/StroyremAutomation/160//#testresult/d54872c9d913252d","status":"skipped","statusDetails":"XFAIL\n\nselenium.common.exceptions.NoSuchElementException: Message: no such element: Unable to locate element: {\"method\":\"xpath\",\"selector\":\"(//a[@class='add-to-cart yellow-btn'])[1]\"}\n  (Session info: chrome-headless-shell=120.0.6099.109); For documentation on this error, please visit: https://www.selenium.dev/documentation/webdriver/troubleshooting/errors#no-such-element-exception\nStacktrace:\n#0 0x5582214b8f83 <unknown>\n#1 0x558221171cf7 <unknown>\n#2 0x5582211c199e <unknown>\n#3 0x5582211c1aa1 <unknown>\n#4 0x55822120cd64 <unknown>\n#5 0x5582211eb0dd <unknown>\n#6 0x55822120a006 <unknown>\n#7 0x5582211eae53 <unknown>\n#8 0x5582211b2dd4 <unknown>\n#9 0x5582211b41de <unknown>\n#10 0x55822147d531 <unknown>\n#11 0x558221481455 <unknown>\n#12 0x558221469f55 <unknown>\n#13 0x5582214820ef <unknown>\n#14 0x55822144d99f <unknown>\n#15 0x5582214a6008 <unknown>\n#16 0x5582214a61d7 <unknown>\n#17 0x5582214b8124 <unknown>\n#18 0x7f2f7aa91044 <unknown>","time":{"start":1702947296574,"stop":1702947296927,"duration":353}},{"uid":"29e1ce96f640af70","reportUrl":"https://Nat754.github.io/StroyremAutomation/159//#testresult/29e1ce96f640af70","status":"skipped","statusDetails":"XFAIL\n\nselenium.common.exceptions.NoSuchElementException: Message: no such element: Unable to locate element: {\"method\":\"xpath\",\"selector\":\"(//a[@class='add-to-cart yellow-btn'])[1]\"}\n  (Session info: chrome-headless-shell=120.0.6099.71); For documentation on this error, please visit: https://www.selenium.dev/documentation/webdriver/troubleshooting/errors#no-such-element-exception\nStacktrace:\n#0 0x55ebe7c18d33 <unknown>\n#1 0x55ebe78d5f87 <unknown>\n#2 0x55ebe7925c0e <unknown>\n#3 0x55ebe7925d11 <unknown>\n#4 0x55ebe7971004 <unknown>\n#5 0x55ebe794f36d <unknown>\n#6 0x55ebe796e297 <unknown>\n#7 0x55ebe794f0e3 <unknown>\n#8 0x55ebe7917044 <unknown>\n#9 0x55ebe791844e <unknown>\n#10 0x55ebe7bdd861 <unknown>\n#11 0x55ebe7be1785 <unknown>\n#12 0x55ebe7bcb285 <unknown>\n#13 0x55ebe7be241f <unknown>\n#14 0x55ebe7baf20f <unknown>\n#15 0x55ebe7c06028 <unknown>\n#16 0x55ebe7c061f7 <unknown>\n#17 0x55ebe7c17ed4 <unknown>\n#18 0x7f3dcdd13044 <unknown>","time":{"start":1702860985147,"stop":1702860985785,"duration":638}},{"uid":"ff539fe13103ce71","reportUrl":"https://Nat754.github.io/StroyremAutomation/158//#testresult/ff539fe13103ce71","status":"skipped","statusDetails":"XFAIL\n\nselenium.common.exceptions.NoSuchElementException: Message: no such element: Unable to locate element: {\"method\":\"xpath\",\"selector\":\"(//a[@class='add-to-cart yellow-btn'])[1]\"}\n  (Session info: chrome-headless-shell=120.0.6099.71); For documentation on this error, please visit: https://www.selenium.dev/documentation/webdriver/troubleshooting/errors#no-such-element-exception\nStacktrace:\n#0 0x55cea5f4fd33 <unknown>\n#1 0x55cea5c0cf87 <unknown>\n#2 0x55cea5c5cc0e <unknown>\n#3 0x55cea5c5cd11 <unknown>\n#4 0x55cea5ca8004 <unknown>\n#5 0x55cea5c8636d <unknown>\n#6 0x55cea5ca5297 <unknown>\n#7 0x55cea5c860e3 <unknown>\n#8 0x55cea5c4e044 <unknown>\n#9 0x55cea5c4f44e <unknown>\n#10 0x55cea5f14861 <unknown>\n#11 0x55cea5f18785 <unknown>\n#12 0x55cea5f02285 <unknown>\n#13 0x55cea5f1941f <unknown>\n#14 0x55cea5ee620f <unknown>\n#15 0x55cea5f3d028 <unknown>\n#16 0x55cea5f3d1f7 <unknown>\n#17 0x55cea5f4eed4 <unknown>\n#18 0x7fcc2ca01044 <unknown>","time":{"start":1702774724715,"stop":1702774725110,"duration":395}},{"uid":"e8706c3dab58721c","reportUrl":"https://Nat754.github.io/StroyremAutomation/157//#testresult/e8706c3dab58721c","status":"skipped","statusDetails":"XFAIL\n\nselenium.common.exceptions.NoSuchElementException: Message: no such element: Unable to locate element: {\"method\":\"xpath\",\"selector\":\"(//a[@class='add-to-cart yellow-btn'])[1]\"}\n  (Session info: chrome-headless-shell=120.0.6099.71); For documentation on this error, please visit: https://www.selenium.dev/documentation/webdriver/troubleshooting/errors#no-such-element-exception\nStacktrace:\n#0 0x55f6fefb2d33 <unknown>\n#1 0x55f6fec6ff87 <unknown>\n#2 0x55f6fecbfc0e <unknown>\n#3 0x55f6fecbfd11 <unknown>\n#4 0x55f6fed0b004 <unknown>\n#5 0x55f6fece936d <unknown>\n#6 0x55f6fed08297 <unknown>\n#7 0x55f6fece90e3 <unknown>\n#8 0x55f6fecb1044 <unknown>\n#9 0x55f6fecb244e <unknown>\n#10 0x55f6fef77861 <unknown>\n#11 0x55f6fef7b785 <unknown>\n#12 0x55f6fef65285 <unknown>\n#13 0x55f6fef7c41f <unknown>\n#14 0x55f6fef4920f <unknown>\n#15 0x55f6fefa0028 <unknown>\n#16 0x55f6fefa01f7 <unknown>\n#17 0x55f6fefb1ed4 <unknown>\n#18 0x7fbdf9de6044 <unknown>","time":{"start":1702688044665,"stop":1702688045199,"duration":534}},{"uid":"69959a65701eb957","reportUrl":"https://Nat754.github.io/StroyremAutomation/156//#testresult/69959a65701eb957","status":"skipped","statusDetails":"XFAIL\n\nselenium.common.exceptions.NoSuchElementException: Message: no such element: Unable to locate element: {\"method\":\"xpath\",\"selector\":\"(//a[@class='add-to-cart yellow-btn'])[1]\"}\n  (Session info: chrome-headless-shell=120.0.6099.71); For documentation on this error, please visit: https://www.selenium.dev/documentation/webdriver/troubleshooting/errors#no-such-element-exception\nStacktrace:\n#0 0x55a9d02d5d33 <unknown>\n#1 0x55a9cff92f87 <unknown>\n#2 0x55a9cffe2c0e <unknown>\n#3 0x55a9cffe2d11 <unknown>\n#4 0x55a9d002e004 <unknown>\n#5 0x55a9d000c36d <unknown>\n#6 0x55a9d002b297 <unknown>\n#7 0x55a9d000c0e3 <unknown>\n#8 0x55a9cffd4044 <unknown>\n#9 0x55a9cffd544e <unknown>\n#10 0x55a9d029a861 <unknown>\n#11 0x55a9d029e785 <unknown>\n#12 0x55a9d0288285 <unknown>\n#13 0x55a9d029f41f <unknown>\n#14 0x55a9d026c20f <unknown>\n#15 0x55a9d02c3028 <unknown>\n#16 0x55a9d02c31f7 <unknown>\n#17 0x55a9d02d4ed4 <unknown>\n#18 0x7f9ab6a06044 <unknown>","time":{"start":1702601764174,"stop":1702601764775,"duration":601}},{"uid":"185ec593b6a9873","reportUrl":"https://Nat754.github.io/StroyremAutomation/155//#testresult/185ec593b6a9873","status":"skipped","statusDetails":"XFAIL\n\nselenium.common.exceptions.NoSuchElementException: Message: no such element: Unable to locate element: {\"method\":\"xpath\",\"selector\":\"(//a[@class='add-to-cart yellow-btn'])[1]\"}\n  (Session info: chrome-headless-shell=120.0.6099.71); For documentation on this error, please visit: https://www.selenium.dev/documentation/webdriver/troubleshooting/errors#no-such-element-exception\nStacktrace:\n#0 0x55e442cedd33 <unknown>\n#1 0x55e4429aaf87 <unknown>\n#2 0x55e4429fac0e <unknown>\n#3 0x55e4429fad11 <unknown>\n#4 0x55e442a46004 <unknown>\n#5 0x55e442a2436d <unknown>\n#6 0x55e442a43297 <unknown>\n#7 0x55e442a240e3 <unknown>\n#8 0x55e4429ec044 <unknown>\n#9 0x55e4429ed44e <unknown>\n#10 0x55e442cb2861 <unknown>\n#11 0x55e442cb6785 <unknown>\n#12 0x55e442ca0285 <unknown>\n#13 0x55e442cb741f <unknown>\n#14 0x55e442c8420f <unknown>\n#15 0x55e442cdb028 <unknown>\n#16 0x55e442cdb1f7 <unknown>\n#17 0x55e442ceced4 <unknown>\n#18 0x7f7a09b47044 <unknown>","time":{"start":1702515221401,"stop":1702515221843,"duration":442}}]},"tags":["@pytest.mark.xfail","smoke_test"]},"source":"3af1e6927fbf161d.json","parameterValues":["2980","66","'TD 007'","2490","'products/shtukaturka-gipsovaya-aksolit-m50-30-kg-mashinnogo-naneseniya'","1300","'https://sandboxtest.stroyrem-nn.ru/'","2000"]}