{"uid":"bdc9c387f69cc172","name":"TD 015 Доставка товара весом до 30кг. в синей зоне","fullName":"tests.delivery.test_delivery_calculation.TestDeliveryPageCalculation#test_positive_delivery_blue_zone_smoke","historyId":"ae12a59ab9fb9a38e23182dccc7cf409","time":{"start":1717549103386,"stop":1717549103828,"duration":442},"status":"skipped","statusMessage":"XFAIL\n\nselenium.common.exceptions.NoSuchElementException: Message: no such element: Unable to locate element: {\"method\":\"xpath\",\"selector\":\"(//a[@class='add-to-cart yellow-btn'])[1]\"}\n  (Session info: chrome-headless-shell=125.0.6422.141); For documentation on this error, please visit: https://www.selenium.dev/documentation/webdriver/troubleshooting/errors#no-such-element-exception\nStacktrace:\n#0 0x55bd8e642e3a <unknown>\n#1 0x55bd8e32c45c <unknown>\n#2 0x55bd8e3785b5 <unknown>\n#3 0x55bd8e378671 <unknown>\n#4 0x55bd8e3bcf14 <unknown>\n#5 0x55bd8e39b4dd <unknown>\n#6 0x55bd8e3ba2cc <unknown>\n#7 0x55bd8e39b253 <unknown>\n#8 0x55bd8e36b1c7 <unknown>\n#9 0x55bd8e36bb3e <unknown>\n#10 0x55bd8e60927b <unknown>\n#11 0x55bd8e60d327 <unknown>\n#12 0x55bd8e5f5dae <unknown>\n#13 0x55bd8e60ddf2 <unknown>\n#14 0x55bd8e5da74f <unknown>\n#15 0x55bd8e632128 <unknown>\n#16 0x55bd8e6322fb <unknown>\n#17 0x55bd8e641f6c <unknown>\n#18 0x7fee7fbbc134 <unknown>","statusTrace":"self = <tests.delivery.test_delivery_calculation.TestDeliveryPageCalculation object at 0x7fca3ddfec50>\ndriver = <selenium.webdriver.chrome.webdriver.WebDriver (session=\"9357d91994640a2261f70975746b0f8a\")>\nurl = 'https://sandboxtest.stroyrem-nn.ru/', case_id = 'TD 015'\nlink_item = 'products/shtukaturka-tsementnaya-bergauf-bau-putts-tsement-25kg-56sht'\namount = 1, weight = 30, standard = 650, in_time = 2390, all_time = 3320\n\n    @pytest.mark.parametrize('case_id, link_item, amount, weight, standard, in_time, all_time', [\n        (\"TD 015\", bundeks_25, 1, 30, 650, 2390, 3320),\n        pytest.param(\n            \"TD 016\", aksolit_30, 8, 300, 650, 2390, 3320,\n            marks=pytest.mark.xfail(reson=\"Цена доставки: - - -\")\n        ),\n        (\"TD 017\", aksolit_30, 13, 400, 650, 2390, 3320),\n        (\"TD 018\", aksolit_30, 16, 500, 850, 2490, 3320),\n        (\"TD 019\", aksolit_30, 25, 1700, 1150, 2490, 3320),\n        (\"TD 020\", aksolit_30, 66, 2000, 1500, 2990, 3650),\n        (\"TD 021\", aksolit_30, 149, 4500, 2600, 4380, 4890),\n        (\"TD 022\", aksolit_30, 166, 5000, 2800, 5490, 5980),\n        pytest.param(\n            \"TD 023\", aksolit_30, 206, 6200, 3300, 7500, 8000,\n            marks=pytest.mark.xfail(reson=\"Цена доставки: 4300 9900 11440\")\n        ),\n        (\"TD 024\", aksolit_30, 299, 9000, 4300, 9900, 11440),\n        (\"TD 025\", aksolit_30, 333, 10000, 7000, 13900, 15900),\n        pytest.param(\n            \"TD 026\", aksolit_30, 366, 11000, 8000, 14900, 19900,\n            marks=pytest.mark.xfail(reson=\"Цена доставки: 7000 13900 15900\")\n        ),\n        pytest.param(\n            \"TD 027\", aksolit_30, 666, 20000, 14000, 16900, 23900,\n            marks=pytest.mark.xfail(reson=\"Цена доставки: 7000 13900 15900\")\n        )\n    ])\n    @pytest.mark.xfail\n    @pytest.mark.smoke_test\n    def test_positive_delivery_blue_zone_smoke(\n            self, driver, url, case_id, link_item, amount, weight, standard, in_time, all_time\n    ):\n        allure.dynamic.title(f\"{case_id} Доставка товара весом до {weight}кг. в синей зоне\")\n    \n        driver.get(f'{url}{link_item}')\n        item_page = ItemPage(driver)\n>       item_page.add_item_to_cart(amount).click_on_cart()\n\ntests/delivery/test_delivery_calculation.py:132: \n_ _ _ _ _ _ _ _ _ _ _ _ _ _ _ _ _ _ _ _ _ _ _ _ _ _ _ _ _ _ _ _ _ _ _ _ _ _ _ _ \npages/item_page.py:40: in add_item_to_cart\n    self.find_element(self._add_item).click()\nbase/seleniumbase.py:17: in find_element\n    return self.driver.find_element(*locator)\n/usr/local/lib/python3.11/site-packages/selenium/webdriver/remote/webdriver.py:739: in find_element\n    return self.execute(Command.FIND_ELEMENT, {\"using\": by, \"value\": value})[\"value\"]\n/usr/local/lib/python3.11/site-packages/selenium/webdriver/remote/webdriver.py:345: in execute\n    self.error_handler.check_response(response)\n_ _ _ _ _ _ _ _ _ _ _ _ _ _ _ _ _ _ _ _ _ _ _ _ _ _ _ _ _ _ _ _ _ _ _ _ _ _ _ _ \n\nself = <selenium.webdriver.remote.errorhandler.ErrorHandler object at 0x7fca3d8208d0>\nresponse = {'status': 404, 'value': '{\"value\":{\"error\":\"no such element\",\"message\":\"no such element: Unable to locate element: {\\...\\\\n#16 0x55bd8e6322fb \\\\u003Cunknown>\\\\n#17 0x55bd8e641f6c \\\\u003Cunknown>\\\\n#18 0x7fee7fbbc134 \\\\u003Cunknown>\\\\n\"}}'}\n\n    def check_response(self, response: Dict[str, Any]) -> None:\n        \"\"\"Checks that a JSON response from the WebDriver does not have an\n        error.\n    \n        :Args:\n         - response - The JSON response from the WebDriver server as a dictionary\n           object.\n    \n        :Raises: If the response contains an error message.\n        \"\"\"\n        status = response.get(\"status\", None)\n        if not status or status == ErrorCode.SUCCESS:\n            return\n        value = None\n        message = response.get(\"message\", \"\")\n        screen: str = response.get(\"screen\", \"\")\n        stacktrace = None\n        if isinstance(status, int):\n            value_json = response.get(\"value\", None)\n            if value_json and isinstance(value_json, str):\n                import json\n    \n                try:\n                    value = json.loads(value_json)\n                    if len(value) == 1:\n                        value = value[\"value\"]\n                    status = value.get(\"error\", None)\n                    if not status:\n                        status = value.get(\"status\", ErrorCode.UNKNOWN_ERROR)\n                        message = value.get(\"value\") or value.get(\"message\")\n                        if not isinstance(message, str):\n                            value = message\n                            message = message.get(\"message\")\n                    else:\n                        message = value.get(\"message\", None)\n                except ValueError:\n                    pass\n    \n        exception_class: Type[WebDriverException]\n        e = ErrorCode()\n        error_codes = [item for item in dir(e) if not item.startswith(\"__\")]\n        for error_code in error_codes:\n            error_info = getattr(ErrorCode, error_code)\n            if isinstance(error_info, list) and status in error_info:\n                exception_class = getattr(ExceptionMapping, error_code, WebDriverException)\n                break\n        else:\n            exception_class = WebDriverException\n    \n        if not value:\n            value = response[\"value\"]\n        if isinstance(value, str):\n            raise exception_class(value)\n        if message == \"\" and \"message\" in value:\n            message = value[\"message\"]\n    \n        screen = None  # type: ignore[assignment]\n        if \"screen\" in value:\n            screen = value[\"screen\"]\n    \n        stacktrace = None\n        st_value = value.get(\"stackTrace\") or value.get(\"stacktrace\")\n        if st_value:\n            if isinstance(st_value, str):\n                stacktrace = st_value.split(\"\\n\")\n            else:\n                stacktrace = []\n                try:\n                    for frame in st_value:\n                        line = frame.get(\"lineNumber\", \"\")\n                        file = frame.get(\"fileName\", \"<anonymous>\")\n                        if line:\n                            file = f\"{file}:{line}\"\n                        meth = frame.get(\"methodName\", \"<anonymous>\")\n                        if \"className\" in frame:\n                            meth = f\"{frame['className']}.{meth}\"\n                        msg = \"    at %s (%s)\"\n                        msg = msg % (meth, file)\n                        stacktrace.append(msg)\n                except TypeError:\n                    pass\n        if exception_class == UnexpectedAlertPresentException:\n            alert_text = None\n            if \"data\" in value:\n                alert_text = value[\"data\"].get(\"text\")\n            elif \"alert\" in value:\n                alert_text = value[\"alert\"].get(\"text\")\n            raise exception_class(message, screen, stacktrace, alert_text)  # type: ignore[call-arg]  # mypy is not smart enough here\n>       raise exception_class(message, screen, stacktrace)\nE       selenium.common.exceptions.NoSuchElementException: Message: no such element: Unable to locate element: {\"method\":\"xpath\",\"selector\":\"(//a[@class='add-to-cart yellow-btn'])[1]\"}\nE         (Session info: chrome-headless-shell=125.0.6422.141); For documentation on this error, please visit: https://www.selenium.dev/documentation/webdriver/troubleshooting/errors#no-such-element-exception\nE       Stacktrace:\nE       #0 0x55bd8e642e3a <unknown>\nE       #1 0x55bd8e32c45c <unknown>\nE       #2 0x55bd8e3785b5 <unknown>\nE       #3 0x55bd8e378671 <unknown>\nE       #4 0x55bd8e3bcf14 <unknown>\nE       #5 0x55bd8e39b4dd <unknown>\nE       #6 0x55bd8e3ba2cc <unknown>\nE       #7 0x55bd8e39b253 <unknown>\nE       #8 0x55bd8e36b1c7 <unknown>\nE       #9 0x55bd8e36bb3e <unknown>\nE       #10 0x55bd8e60927b <unknown>\nE       #11 0x55bd8e60d327 <unknown>\nE       #12 0x55bd8e5f5dae <unknown>\nE       #13 0x55bd8e60ddf2 <unknown>\nE       #14 0x55bd8e5da74f <unknown>\nE       #15 0x55bd8e632128 <unknown>\nE       #16 0x55bd8e6322fb <unknown>\nE       #17 0x55bd8e641f6c <unknown>\nE       #18 0x7fee7fbbc134 <unknown>\n\n/usr/local/lib/python3.11/site-packages/selenium/webdriver/remote/errorhandler.py:229: NoSuchElementException","flaky":false,"newFailed":false,"newBroken":false,"newPassed":false,"retriesCount":0,"retriesStatusChange":false,"beforeStages":[{"name":"_session_faker","time":{"start":1717548811298,"stop":1717548811367,"duration":69},"status":"passed","steps":[],"attachments":[],"parameters":[],"shouldDisplayMessage":false,"stepsCount":0,"attachmentsCount":0,"hasContent":false,"attachmentStep":false},{"name":"clear_allure_results_folder","time":{"start":1717548811367,"stop":1717548811367,"duration":0},"status":"passed","steps":[],"attachments":[],"parameters":[],"shouldDisplayMessage":false,"stepsCount":0,"attachmentsCount":0,"hasContent":false,"attachmentStep":false},{"name":"driver","time":{"start":1717549102696,"stop":1717549103385,"duration":689},"status":"passed","steps":[],"attachments":[],"parameters":[],"shouldDisplayMessage":false,"stepsCount":0,"attachmentsCount":0,"hasContent":false,"attachmentStep":false},{"name":"setup","time":{"start":1717549103385,"stop":1717549103385,"duration":0},"status":"passed","steps":[],"attachments":[],"parameters":[],"shouldDisplayMessage":false,"stepsCount":0,"attachmentsCount":0,"hasContent":false,"attachmentStep":false}],"testStage":{"status":"skipped","statusMessage":"XFAIL\n\nselenium.common.exceptions.NoSuchElementException: Message: no such element: Unable to locate element: {\"method\":\"xpath\",\"selector\":\"(//a[@class='add-to-cart yellow-btn'])[1]\"}\n  (Session info: chrome-headless-shell=125.0.6422.141); For documentation on this error, please visit: https://www.selenium.dev/documentation/webdriver/troubleshooting/errors#no-such-element-exception\nStacktrace:\n#0 0x55bd8e642e3a <unknown>\n#1 0x55bd8e32c45c <unknown>\n#2 0x55bd8e3785b5 <unknown>\n#3 0x55bd8e378671 <unknown>\n#4 0x55bd8e3bcf14 <unknown>\n#5 0x55bd8e39b4dd <unknown>\n#6 0x55bd8e3ba2cc <unknown>\n#7 0x55bd8e39b253 <unknown>\n#8 0x55bd8e36b1c7 <unknown>\n#9 0x55bd8e36bb3e <unknown>\n#10 0x55bd8e60927b <unknown>\n#11 0x55bd8e60d327 <unknown>\n#12 0x55bd8e5f5dae <unknown>\n#13 0x55bd8e60ddf2 <unknown>\n#14 0x55bd8e5da74f <unknown>\n#15 0x55bd8e632128 <unknown>\n#16 0x55bd8e6322fb <unknown>\n#17 0x55bd8e641f6c <unknown>\n#18 0x7fee7fbbc134 <unknown>","statusTrace":"self = <tests.delivery.test_delivery_calculation.TestDeliveryPageCalculation object at 0x7fca3ddfec50>\ndriver = <selenium.webdriver.chrome.webdriver.WebDriver (session=\"9357d91994640a2261f70975746b0f8a\")>\nurl = 'https://sandboxtest.stroyrem-nn.ru/', case_id = 'TD 015'\nlink_item = 'products/shtukaturka-tsementnaya-bergauf-bau-putts-tsement-25kg-56sht'\namount = 1, weight = 30, standard = 650, in_time = 2390, all_time = 3320\n\n    @pytest.mark.parametrize('case_id, link_item, amount, weight, standard, in_time, all_time', [\n        (\"TD 015\", bundeks_25, 1, 30, 650, 2390, 3320),\n        pytest.param(\n            \"TD 016\", aksolit_30, 8, 300, 650, 2390, 3320,\n            marks=pytest.mark.xfail(reson=\"Цена доставки: - - -\")\n        ),\n        (\"TD 017\", aksolit_30, 13, 400, 650, 2390, 3320),\n        (\"TD 018\", aksolit_30, 16, 500, 850, 2490, 3320),\n        (\"TD 019\", aksolit_30, 25, 1700, 1150, 2490, 3320),\n        (\"TD 020\", aksolit_30, 66, 2000, 1500, 2990, 3650),\n        (\"TD 021\", aksolit_30, 149, 4500, 2600, 4380, 4890),\n        (\"TD 022\", aksolit_30, 166, 5000, 2800, 5490, 5980),\n        pytest.param(\n            \"TD 023\", aksolit_30, 206, 6200, 3300, 7500, 8000,\n            marks=pytest.mark.xfail(reson=\"Цена доставки: 4300 9900 11440\")\n        ),\n        (\"TD 024\", aksolit_30, 299, 9000, 4300, 9900, 11440),\n        (\"TD 025\", aksolit_30, 333, 10000, 7000, 13900, 15900),\n        pytest.param(\n            \"TD 026\", aksolit_30, 366, 11000, 8000, 14900, 19900,\n            marks=pytest.mark.xfail(reson=\"Цена доставки: 7000 13900 15900\")\n        ),\n        pytest.param(\n            \"TD 027\", aksolit_30, 666, 20000, 14000, 16900, 23900,\n            marks=pytest.mark.xfail(reson=\"Цена доставки: 7000 13900 15900\")\n        )\n    ])\n    @pytest.mark.xfail\n    @pytest.mark.smoke_test\n    def test_positive_delivery_blue_zone_smoke(\n            self, driver, url, case_id, link_item, amount, weight, standard, in_time, all_time\n    ):\n        allure.dynamic.title(f\"{case_id} Доставка товара весом до {weight}кг. в синей зоне\")\n    \n        driver.get(f'{url}{link_item}')\n        item_page = ItemPage(driver)\n>       item_page.add_item_to_cart(amount).click_on_cart()\n\ntests/delivery/test_delivery_calculation.py:132: \n_ _ _ _ _ _ _ _ _ _ _ _ _ _ _ _ _ _ _ _ _ _ _ _ _ _ _ _ _ _ _ _ _ _ _ _ _ _ _ _ \npages/item_page.py:40: in add_item_to_cart\n    self.find_element(self._add_item).click()\nbase/seleniumbase.py:17: in find_element\n    return self.driver.find_element(*locator)\n/usr/local/lib/python3.11/site-packages/selenium/webdriver/remote/webdriver.py:739: in find_element\n    return self.execute(Command.FIND_ELEMENT, {\"using\": by, \"value\": value})[\"value\"]\n/usr/local/lib/python3.11/site-packages/selenium/webdriver/remote/webdriver.py:345: in execute\n    self.error_handler.check_response(response)\n_ _ _ _ _ _ _ _ _ _ _ _ _ _ _ _ _ _ _ _ _ _ _ _ _ _ _ _ _ _ _ _ _ _ _ _ _ _ _ _ \n\nself = <selenium.webdriver.remote.errorhandler.ErrorHandler object at 0x7fca3d8208d0>\nresponse = {'status': 404, 'value': '{\"value\":{\"error\":\"no such element\",\"message\":\"no such element: Unable to locate element: {\\...\\\\n#16 0x55bd8e6322fb \\\\u003Cunknown>\\\\n#17 0x55bd8e641f6c \\\\u003Cunknown>\\\\n#18 0x7fee7fbbc134 \\\\u003Cunknown>\\\\n\"}}'}\n\n    def check_response(self, response: Dict[str, Any]) -> None:\n        \"\"\"Checks that a JSON response from the WebDriver does not have an\n        error.\n    \n        :Args:\n         - response - The JSON response from the WebDriver server as a dictionary\n           object.\n    \n        :Raises: If the response contains an error message.\n        \"\"\"\n        status = response.get(\"status\", None)\n        if not status or status == ErrorCode.SUCCESS:\n            return\n        value = None\n        message = response.get(\"message\", \"\")\n        screen: str = response.get(\"screen\", \"\")\n        stacktrace = None\n        if isinstance(status, int):\n            value_json = response.get(\"value\", None)\n            if value_json and isinstance(value_json, str):\n                import json\n    \n                try:\n                    value = json.loads(value_json)\n                    if len(value) == 1:\n                        value = value[\"value\"]\n                    status = value.get(\"error\", None)\n                    if not status:\n                        status = value.get(\"status\", ErrorCode.UNKNOWN_ERROR)\n                        message = value.get(\"value\") or value.get(\"message\")\n                        if not isinstance(message, str):\n                            value = message\n                            message = message.get(\"message\")\n                    else:\n                        message = value.get(\"message\", None)\n                except ValueError:\n                    pass\n    \n        exception_class: Type[WebDriverException]\n        e = ErrorCode()\n        error_codes = [item for item in dir(e) if not item.startswith(\"__\")]\n        for error_code in error_codes:\n            error_info = getattr(ErrorCode, error_code)\n            if isinstance(error_info, list) and status in error_info:\n                exception_class = getattr(ExceptionMapping, error_code, WebDriverException)\n                break\n        else:\n            exception_class = WebDriverException\n    \n        if not value:\n            value = response[\"value\"]\n        if isinstance(value, str):\n            raise exception_class(value)\n        if message == \"\" and \"message\" in value:\n            message = value[\"message\"]\n    \n        screen = None  # type: ignore[assignment]\n        if \"screen\" in value:\n            screen = value[\"screen\"]\n    \n        stacktrace = None\n        st_value = value.get(\"stackTrace\") or value.get(\"stacktrace\")\n        if st_value:\n            if isinstance(st_value, str):\n                stacktrace = st_value.split(\"\\n\")\n            else:\n                stacktrace = []\n                try:\n                    for frame in st_value:\n                        line = frame.get(\"lineNumber\", \"\")\n                        file = frame.get(\"fileName\", \"<anonymous>\")\n                        if line:\n                            file = f\"{file}:{line}\"\n                        meth = frame.get(\"methodName\", \"<anonymous>\")\n                        if \"className\" in frame:\n                            meth = f\"{frame['className']}.{meth}\"\n                        msg = \"    at %s (%s)\"\n                        msg = msg % (meth, file)\n                        stacktrace.append(msg)\n                except TypeError:\n                    pass\n        if exception_class == UnexpectedAlertPresentException:\n            alert_text = None\n            if \"data\" in value:\n                alert_text = value[\"data\"].get(\"text\")\n            elif \"alert\" in value:\n                alert_text = value[\"alert\"].get(\"text\")\n            raise exception_class(message, screen, stacktrace, alert_text)  # type: ignore[call-arg]  # mypy is not smart enough here\n>       raise exception_class(message, screen, stacktrace)\nE       selenium.common.exceptions.NoSuchElementException: Message: no such element: Unable to locate element: {\"method\":\"xpath\",\"selector\":\"(//a[@class='add-to-cart yellow-btn'])[1]\"}\nE         (Session info: chrome-headless-shell=125.0.6422.141); For documentation on this error, please visit: https://www.selenium.dev/documentation/webdriver/troubleshooting/errors#no-such-element-exception\nE       Stacktrace:\nE       #0 0x55bd8e642e3a <unknown>\nE       #1 0x55bd8e32c45c <unknown>\nE       #2 0x55bd8e3785b5 <unknown>\nE       #3 0x55bd8e378671 <unknown>\nE       #4 0x55bd8e3bcf14 <unknown>\nE       #5 0x55bd8e39b4dd <unknown>\nE       #6 0x55bd8e3ba2cc <unknown>\nE       #7 0x55bd8e39b253 <unknown>\nE       #8 0x55bd8e36b1c7 <unknown>\nE       #9 0x55bd8e36bb3e <unknown>\nE       #10 0x55bd8e60927b <unknown>\nE       #11 0x55bd8e60d327 <unknown>\nE       #12 0x55bd8e5f5dae <unknown>\nE       #13 0x55bd8e60ddf2 <unknown>\nE       #14 0x55bd8e5da74f <unknown>\nE       #15 0x55bd8e632128 <unknown>\nE       #16 0x55bd8e6322fb <unknown>\nE       #17 0x55bd8e641f6c <unknown>\nE       #18 0x7fee7fbbc134 <unknown>\n\n/usr/local/lib/python3.11/site-packages/selenium/webdriver/remote/errorhandler.py:229: NoSuchElementException","steps":[{"name":"Добавляем товар в корзину в количестве 1","time":{"start":1717549103812,"stop":1717549103828,"duration":16},"status":"broken","statusMessage":"selenium.common.exceptions.NoSuchElementException: Message: no such element: Unable to locate element: {\"method\":\"xpath\",\"selector\":\"(//a[@class='add-to-cart yellow-btn'])[1]\"}\n  (Session info: chrome-headless-shell=125.0.6422.141); For documentation on this error, please visit: https://www.selenium.dev/documentation/webdriver/troubleshooting/errors#no-such-element-exception\nStacktrace:\n#0 0x55bd8e642e3a <unknown>\n#1 0x55bd8e32c45c <unknown>\n#2 0x55bd8e3785b5 <unknown>\n#3 0x55bd8e378671 <unknown>\n#4 0x55bd8e3bcf14 <unknown>\n#5 0x55bd8e39b4dd <unknown>\n#6 0x55bd8e3ba2cc <unknown>\n#7 0x55bd8e39b253 <unknown>\n#8 0x55bd8e36b1c7 <unknown>\n#9 0x55bd8e36bb3e <unknown>\n#10 0x55bd8e60927b <unknown>\n#11 0x55bd8e60d327 <unknown>\n#12 0x55bd8e5f5dae <unknown>\n#13 0x55bd8e60ddf2 <unknown>\n#14 0x55bd8e5da74f <unknown>\n#15 0x55bd8e632128 <unknown>\n#16 0x55bd8e6322fb <unknown>\n#17 0x55bd8e641f6c <unknown>\n#18 0x7fee7fbbc134 <unknown>\n\n","statusTrace":"  File \"/usr/local/lib/python3.11/site-packages/allure_commons/_allure.py\", line 192, in impl\n    return func(*a, **kw)\n           ^^^^^^^^^^^^^^\n  File \"/app/pages/item_page.py\", line 40, in add_item_to_cart\n    self.find_element(self._add_item).click()\n    ^^^^^^^^^^^^^^^^^^^^^^^^^^^^^^^^^\n  File \"/app/base/seleniumbase.py\", line 17, in find_element\n    return self.driver.find_element(*locator)\n           ^^^^^^^^^^^^^^^^^^^^^^^^^^^^^^^^^^\n  File \"/usr/local/lib/python3.11/site-packages/selenium/webdriver/remote/webdriver.py\", line 739, in find_element\n    return self.execute(Command.FIND_ELEMENT, {\"using\": by, \"value\": value})[\"value\"]\n           ^^^^^^^^^^^^^^^^^^^^^^^^^^^^^^^^^^^^^^^^^^^^^^^^^^^^^^^^^^^^^^^^^\n  File \"/usr/local/lib/python3.11/site-packages/selenium/webdriver/remote/webdriver.py\", line 345, in execute\n    self.error_handler.check_response(response)\n  File \"/usr/local/lib/python3.11/site-packages/selenium/webdriver/remote/errorhandler.py\", line 229, in check_response\n    raise exception_class(message, screen, stacktrace)\n","steps":[],"attachments":[],"parameters":[{"name":"amount","value":"1"}],"shouldDisplayMessage":true,"stepsCount":0,"attachmentsCount":0,"hasContent":true,"attachmentStep":false}],"attachments":[{"uid":"651c077a505591b9","name":"Screenshot","source":"651c077a505591b9.png","type":"image/png","size":4720},{"uid":"90f58d95e45c0b7d","name":"HTML source","source":"90f58d95e45c0b7d.html","type":"text/html","size":39}],"parameters":[],"shouldDisplayMessage":true,"stepsCount":1,"attachmentsCount":2,"hasContent":true,"attachmentStep":false},"afterStages":[{"name":"driver::0","time":{"start":1717549103919,"stop":1717549103978,"duration":59},"status":"passed","steps":[],"attachments":[],"parameters":[],"shouldDisplayMessage":false,"stepsCount":0,"attachmentsCount":0,"hasContent":false,"attachmentStep":false},{"name":"setup::0","time":{"start":1717549103919,"stop":1717549103919,"duration":0},"status":"passed","steps":[],"attachments":[],"parameters":[],"shouldDisplayMessage":false,"stepsCount":0,"attachmentsCount":0,"hasContent":false,"attachmentStep":false}],"labels":[{"name":"epic","value":"Delivery Page - calculation"},{"name":"tag","value":"smoke_test"},{"name":"tag","value":"@pytest.mark.xfail"},{"name":"parentSuite","value":"tests.delivery"},{"name":"suite","value":"test_delivery_calculation"},{"name":"subSuite","value":"TestDeliveryPageCalculation"},{"name":"host","value":"0acca70e2922"},{"name":"thread","value":"1-MainThread"},{"name":"framework","value":"pytest"},{"name":"language","value":"cpython3"},{"name":"package","value":"tests.delivery.test_delivery_calculation"},{"name":"resultFormat","value":"allure2"}],"parameters":[{"name":"all_time","value":"3320"},{"name":"amount","value":"1"},{"name":"case_id","value":"'TD 015'"},{"name":"in_time","value":"2390"},{"name":"link_item","value":"'products/shtukaturka-tsementnaya-bergauf-bau-putts-tsement-25kg-56sht'"},{"name":"standard","value":"650"},{"name":"url","value":"'https://sandboxtest.stroyrem-nn.ru/'"},{"name":"weight","value":"30"}],"links":[],"hidden":false,"retry":false,"extra":{"severity":"normal","retries":[],"categories":[],"history":{"statistic":{"failed":0,"broken":0,"skipped":7,"passed":0,"unknown":0,"total":7},"items":[{"uid":"45ccff13f6c83daa","reportUrl":"https://Nat754.github.io/StroyremAutomation/328//#testresult/45ccff13f6c83daa","status":"skipped","statusDetails":"XFAIL\n\nselenium.common.exceptions.NoSuchElementException: Message: no such element: Unable to locate element: {\"method\":\"xpath\",\"selector\":\"(//a[@class='add-to-cart yellow-btn'])[1]\"}\n  (Session info: chrome-headless-shell=125.0.6422.141); For documentation on this error, please visit: https://www.selenium.dev/documentation/webdriver/troubleshooting/errors#no-such-element-exception\nStacktrace:\n#0 0x557feeac7e3a <unknown>\n#1 0x557fee7b145c <unknown>\n#2 0x557fee7fd5b5 <unknown>\n#3 0x557fee7fd671 <unknown>\n#4 0x557fee841f14 <unknown>\n#5 0x557fee8204dd <unknown>\n#6 0x557fee83f2cc <unknown>\n#7 0x557fee820253 <unknown>\n#8 0x557fee7f01c7 <unknown>\n#9 0x557fee7f0b3e <unknown>\n#10 0x557feea8e27b <unknown>\n#11 0x557feea92327 <unknown>\n#12 0x557feea7adae <unknown>\n#13 0x557feea92df2 <unknown>\n#14 0x557feea5f74f <unknown>\n#15 0x557feeab7128 <unknown>\n#16 0x557feeab72fb <unknown>\n#17 0x557feeac6f6c <unknown>\n#18 0x7efe0ab03134 <unknown>","time":{"start":1717462705387,"stop":1717462706019,"duration":632}},{"uid":"fe235a474653fc2f","reportUrl":"https://Nat754.github.io/StroyremAutomation/327//#testresult/fe235a474653fc2f","status":"skipped","statusDetails":"XFAIL\n\nselenium.common.exceptions.NoSuchElementException: Message: no such element: Unable to locate element: {\"method\":\"xpath\",\"selector\":\"(//a[@class='add-to-cart yellow-btn'])[1]\"}\n  (Session info: chrome-headless-shell=125.0.6422.141); For documentation on this error, please visit: https://www.selenium.dev/documentation/webdriver/troubleshooting/errors#no-such-element-exception\nStacktrace:\n#0 0x55f7787ede3a <unknown>\n#1 0x55f7784d745c <unknown>\n#2 0x55f7785235b5 <unknown>\n#3 0x55f778523671 <unknown>\n#4 0x55f778567f14 <unknown>\n#5 0x55f7785464dd <unknown>\n#6 0x55f7785652cc <unknown>\n#7 0x55f778546253 <unknown>\n#8 0x55f7785161c7 <unknown>\n#9 0x55f778516b3e <unknown>\n#10 0x55f7787b427b <unknown>\n#11 0x55f7787b8327 <unknown>\n#12 0x55f7787a0dae <unknown>\n#13 0x55f7787b8df2 <unknown>\n#14 0x55f77878574f <unknown>\n#15 0x55f7787dd128 <unknown>\n#16 0x55f7787dd2fb <unknown>\n#17 0x55f7787ecf6c <unknown>\n#18 0x7f68bbead134 <unknown>","time":{"start":1717376355450,"stop":1717376355891,"duration":441}},{"uid":"8e6a9435b6a6e35c","reportUrl":"https://Nat754.github.io/StroyremAutomation/326//#testresult/8e6a9435b6a6e35c","status":"skipped","statusDetails":"XFAIL\n\nselenium.common.exceptions.NoSuchElementException: Message: no such element: Unable to locate element: {\"method\":\"xpath\",\"selector\":\"(//a[@class='add-to-cart yellow-btn'])[1]\"}\n  (Session info: chrome-headless-shell=125.0.6422.141); For documentation on this error, please visit: https://www.selenium.dev/documentation/webdriver/troubleshooting/errors#no-such-element-exception\nStacktrace:\n#0 0x56493813de3a <unknown>\n#1 0x564937e2745c <unknown>\n#2 0x564937e735b5 <unknown>\n#3 0x564937e73671 <unknown>\n#4 0x564937eb7f14 <unknown>\n#5 0x564937e964dd <unknown>\n#6 0x564937eb52cc <unknown>\n#7 0x564937e96253 <unknown>\n#8 0x564937e661c7 <unknown>\n#9 0x564937e66b3e <unknown>\n#10 0x56493810427b <unknown>\n#11 0x564938108327 <unknown>\n#12 0x5649380f0dae <unknown>\n#13 0x564938108df2 <unknown>\n#14 0x5649380d574f <unknown>\n#15 0x56493812d128 <unknown>\n#16 0x56493812d2fb <unknown>\n#17 0x56493813cf6c <unknown>\n#18 0x7fa8a8b8c134 <unknown>","time":{"start":1717290096637,"stop":1717290097270,"duration":633}},{"uid":"9335606def6fc9fe","reportUrl":"https://Nat754.github.io/StroyremAutomation/325//#testresult/9335606def6fc9fe","status":"skipped","statusDetails":"XFAIL\n\nselenium.common.exceptions.NoSuchElementException: Message: no such element: Unable to locate element: {\"method\":\"xpath\",\"selector\":\"(//a[@class='add-to-cart yellow-btn'])[1]\"}\n  (Session info: chrome-headless-shell=125.0.6422.141); For documentation on this error, please visit: https://www.selenium.dev/documentation/webdriver/troubleshooting/errors#no-such-element-exception\nStacktrace:\n#0 0x55b291f6fe3a <unknown>\n#1 0x55b291c5945c <unknown>\n#2 0x55b291ca55b5 <unknown>\n#3 0x55b291ca5671 <unknown>\n#4 0x55b291ce9f14 <unknown>\n#5 0x55b291cc84dd <unknown>\n#6 0x55b291ce72cc <unknown>\n#7 0x55b291cc8253 <unknown>\n#8 0x55b291c981c7 <unknown>\n#9 0x55b291c98b3e <unknown>\n#10 0x55b291f3627b <unknown>\n#11 0x55b291f3a327 <unknown>\n#12 0x55b291f22dae <unknown>\n#13 0x55b291f3adf2 <unknown>\n#14 0x55b291f0774f <unknown>\n#15 0x55b291f5f128 <unknown>\n#16 0x55b291f5f2fb <unknown>\n#17 0x55b291f6ef6c <unknown>\n#18 0x7f7c0335e134 <unknown>","time":{"start":1717203621166,"stop":1717203621807,"duration":641}},{"uid":"7b03e2d38e46382e","reportUrl":"https://Nat754.github.io/StroyremAutomation/324//#testresult/7b03e2d38e46382e","status":"skipped","statusDetails":"XFAIL\n\nselenium.common.exceptions.NoSuchElementException: Message: no such element: Unable to locate element: {\"method\":\"xpath\",\"selector\":\"(//a[@class='add-to-cart yellow-btn'])[1]\"}\n  (Session info: chrome-headless-shell=125.0.6422.141); For documentation on this error, please visit: https://www.selenium.dev/documentation/webdriver/troubleshooting/errors#no-such-element-exception\nStacktrace:\n#0 0x559e1bf77e3a <unknown>\n#1 0x559e1bc6145c <unknown>\n#2 0x559e1bcad5b5 <unknown>\n#3 0x559e1bcad671 <unknown>\n#4 0x559e1bcf1f14 <unknown>\n#5 0x559e1bcd04dd <unknown>\n#6 0x559e1bcef2cc <unknown>\n#7 0x559e1bcd0253 <unknown>\n#8 0x559e1bca01c7 <unknown>\n#9 0x559e1bca0b3e <unknown>\n#10 0x559e1bf3e27b <unknown>\n#11 0x559e1bf42327 <unknown>\n#12 0x559e1bf2adae <unknown>\n#13 0x559e1bf42df2 <unknown>\n#14 0x559e1bf0f74f <unknown>\n#15 0x559e1bf67128 <unknown>\n#16 0x559e1bf672fb <unknown>\n#17 0x559e1bf76f6c <unknown>\n#18 0x7fc9ffe94134 <unknown>","time":{"start":1717117137929,"stop":1717117138563,"duration":634}},{"uid":"641bc8f4f1e1cf1a","reportUrl":"https://Nat754.github.io/StroyremAutomation/323//#testresult/641bc8f4f1e1cf1a","status":"skipped","statusDetails":"XFAIL\n\nselenium.common.exceptions.NoSuchElementException: Message: no such element: Unable to locate element: {\"method\":\"xpath\",\"selector\":\"(//a[@class='add-to-cart yellow-btn'])[1]\"}\n  (Session info: chrome-headless-shell=125.0.6422.78); For documentation on this error, please visit: https://www.selenium.dev/documentation/webdriver/troubleshooting/errors#no-such-element-exception\nStacktrace:\n#0 0x55bf102dfe8a <unknown>\n#1 0x55bf0ffc945c <unknown>\n#2 0x55bf100155b5 <unknown>\n#3 0x55bf10015671 <unknown>\n#4 0x55bf10059f14 <unknown>\n#5 0x55bf100384dd <unknown>\n#6 0x55bf100572cc <unknown>\n#7 0x55bf10038253 <unknown>\n#8 0x55bf100081c7 <unknown>\n#9 0x55bf10008b3e <unknown>\n#10 0x55bf102a62cb <unknown>\n#11 0x55bf102aa377 <unknown>\n#12 0x55bf10292dfe <unknown>\n#13 0x55bf102aae42 <unknown>\n#14 0x55bf1027779f <unknown>\n#15 0x55bf102cf178 <unknown>\n#16 0x55bf102cf34b <unknown>\n#17 0x55bf102defbc <unknown>\n#18 0x7f73677e6134 <unknown>","time":{"start":1717030640289,"stop":1717030640708,"duration":419}}]},"tags":["@pytest.mark.xfail","smoke_test"]},"source":"bdc9c387f69cc172.json","parameterValues":["3320","1","'TD 015'","2390","'products/shtukaturka-tsementnaya-bergauf-bau-putts-tsement-25kg-56sht'","650","'https://sandboxtest.stroyrem-nn.ru/'","30"]}