{"uid":"58976cd53d8d41a0","name":"test_positive_delivery_green_zone_smoke[TD 012-products/shtukaturka-gipsovaya-aksolit-m50-30-kg-mashinnogo-naneseniya-333-10000-4450-11990-12500-https://sandboxtest.stroyrem-nn.ru/]","fullName":"tests.delivery.test_delivery_calculation.TestDeliveryPageCalculation#test_positive_delivery_green_zone_smoke","historyId":"9d39cbb8c1423d43dfc259c1b0a6c01f","time":{"start":1726362684119,"stop":1726362684584,"duration":465},"status":"skipped","statusMessage":"XFAIL\n\nselenium.common.exceptions.NoSuchElementException: Message: no such element: Unable to locate element: {\"method\":\"xpath\",\"selector\":\"(//a[@class='add-to-cart yellow-btn'])[1]\"}\n  (Session info: chrome=128.0.6613.137); For documentation on this error, please visit: https://www.selenium.dev/documentation/webdriver/troubleshooting/errors#no-such-element-exception\nStacktrace:\n#0 0x5642e777f2da <unknown>\n#1 0x5642e744d200 <unknown>\n#2 0x5642e749caa2 <unknown>\n#3 0x5642e749cd41 <unknown>\n#4 0x5642e74e2964 <unknown>\n#5 0x5642e74c18fd <unknown>\n#6 0x5642e74dfdfd <unknown>\n#7 0x5642e74c1673 <unknown>\n#8 0x5642e748f473 <unknown>\n#9 0x5642e749047e <unknown>\n#10 0x5642e77460db <unknown>\n#11 0x5642e774a071 <unknown>\n#12 0x5642e77329d5 <unknown>\n#13 0x5642e774abf2 <unknown>\n#14 0x5642e7717b6f <unknown>\n#15 0x5642e776e248 <unknown>\n#16 0x5642e776e417 <unknown>\n#17 0x5642e777e0cc <unknown>\n#18 0x7efd216bd144 <unknown>","statusTrace":"self = <tests.delivery.test_delivery_calculation.TestDeliveryPageCalculation object at 0x7f6064e82ad0>\ndriver = <selenium.webdriver.chrome.webdriver.WebDriver (session=\"6d2d93e6b7226b4bd10cfef10fe4a169\")>\nurl = 'https://sandboxtest.stroyrem-nn.ru/', case_id = 'TD 012'\nlink_item = 'products/shtukaturka-gipsovaya-aksolit-m50-30-kg-mashinnogo-naneseniya'\namount = 333, weight = 10000, standard = 4450, in_time = 11990, all_time = 12500\n\n    @pytest.mark.parametrize('case_id, link_item, amount, weight, standard, in_time, all_time', [\n        (\"TD 001\", uroven_3000, 1, 30, 0, 1590, 2190),\n        (\"TD 002\", bundeks_25, 1, 30, 400, 1590, 2190),\n        (\"TD 003\", aksolit_30, 8, 300, 400, 1590, 2190),\n        (\"TD 004\", aksolit_30, 13, 400, 450, 1590, 2190),\n        (\"TD 005\", aksolit_30, 16, 500, 600, 1590, 2190),\n        (\"TD 006\", aksolit_30, 25, 1700, 990, 1990, 2480),\n        (\"TD 007\", aksolit_30, 66, 2000, 1300, 2490, 2980),\n        (\"TD 008\", aksolit_30, 149, 4500, 2300, 3980, 4490),\n        (\"TD 009\", aksolit_30, 166, 5000, 2500, 4990, 5480),\n        pytest.param(\n            \"TD 010\", aksolit_30, 206, 6200, 2900, 5570, 6120,\n            marks=pytest.mark.xfail(reson=\"Цена доставки 3600 7960 8980\")\n        ),\n        (\"TD 011\", aksolit_30, 299, 9000, 3600, 7960, 8980),\n        (\"TD 012\", aksolit_30, 333, 10000, 4450, 11990, 12500),\n        pytest.param(\n            \"TD 013\", aksolit_30, 366, 11000, 4800, 12450, 13480,\n            marks=pytest.mark.xfail(reason=\"Цена стандартной доставки 4450\")\n        ),\n        pytest.param(\n            \"TD 014\", aksolit_30, 666, 20000, 5400, 15600, 17490,\n            marks=pytest.mark.xfail(reason=\"Цена стандартной доставки 4450\")\n        )\n    ])\n    @pytest.mark.xfail\n    @pytest.mark.smoke_test\n    def test_positive_delivery_green_zone_smoke(\n            self, driver, url, case_id, link_item, amount, weight, standard, in_time, all_time\n    ):\n    \n        driver.get(f'{url}{link_item}')\n        item_page = ItemPage(driver)\n>       item_page.add_item_to_cart(amount).click_on_cart()\n\ntests/delivery/test_delivery_calculation.py:50: \n_ _ _ _ _ _ _ _ _ _ _ _ _ _ _ _ _ _ _ _ _ _ _ _ _ _ _ _ _ _ _ _ _ _ _ _ _ _ _ _ \npages/item_page.py:40: in add_item_to_cart\n    self.find_element(self._add_item).click()\nbase/seleniumbase.py:17: in find_element\n    return self.driver.find_element(*locator)\n/usr/local/lib/python3.11/site-packages/selenium/webdriver/remote/webdriver.py:739: in find_element\n    return self.execute(Command.FIND_ELEMENT, {\"using\": by, \"value\": value})[\"value\"]\n/usr/local/lib/python3.11/site-packages/selenium/webdriver/remote/webdriver.py:345: in execute\n    self.error_handler.check_response(response)\n_ _ _ _ _ _ _ _ _ _ _ _ _ _ _ _ _ _ _ _ _ _ _ _ _ _ _ _ _ _ _ _ _ _ _ _ _ _ _ _ \n\nself = <selenium.webdriver.remote.errorhandler.ErrorHandler object at 0x7f6064766910>\nresponse = {'status': 404, 'value': '{\"value\":{\"error\":\"no such element\",\"message\":\"no such element: Unable to locate element: {\\...\\\\n#16 0x5642e776e417 \\\\u003Cunknown>\\\\n#17 0x5642e777e0cc \\\\u003Cunknown>\\\\n#18 0x7efd216bd144 \\\\u003Cunknown>\\\\n\"}}'}\n\n    def check_response(self, response: Dict[str, Any]) -> None:\n        \"\"\"Checks that a JSON response from the WebDriver does not have an\n        error.\n    \n        :Args:\n         - response - The JSON response from the WebDriver server as a dictionary\n           object.\n    \n        :Raises: If the response contains an error message.\n        \"\"\"\n        status = response.get(\"status\", None)\n        if not status or status == ErrorCode.SUCCESS:\n            return\n        value = None\n        message = response.get(\"message\", \"\")\n        screen: str = response.get(\"screen\", \"\")\n        stacktrace = None\n        if isinstance(status, int):\n            value_json = response.get(\"value\", None)\n            if value_json and isinstance(value_json, str):\n                import json\n    \n                try:\n                    value = json.loads(value_json)\n                    if len(value) == 1:\n                        value = value[\"value\"]\n                    status = value.get(\"error\", None)\n                    if not status:\n                        status = value.get(\"status\", ErrorCode.UNKNOWN_ERROR)\n                        message = value.get(\"value\") or value.get(\"message\")\n                        if not isinstance(message, str):\n                            value = message\n                            message = message.get(\"message\")\n                    else:\n                        message = value.get(\"message\", None)\n                except ValueError:\n                    pass\n    \n        exception_class: Type[WebDriverException]\n        e = ErrorCode()\n        error_codes = [item for item in dir(e) if not item.startswith(\"__\")]\n        for error_code in error_codes:\n            error_info = getattr(ErrorCode, error_code)\n            if isinstance(error_info, list) and status in error_info:\n                exception_class = getattr(ExceptionMapping, error_code, WebDriverException)\n                break\n        else:\n            exception_class = WebDriverException\n    \n        if not value:\n            value = response[\"value\"]\n        if isinstance(value, str):\n            raise exception_class(value)\n        if message == \"\" and \"message\" in value:\n            message = value[\"message\"]\n    \n        screen = None  # type: ignore[assignment]\n        if \"screen\" in value:\n            screen = value[\"screen\"]\n    \n        stacktrace = None\n        st_value = value.get(\"stackTrace\") or value.get(\"stacktrace\")\n        if st_value:\n            if isinstance(st_value, str):\n                stacktrace = st_value.split(\"\\n\")\n            else:\n                stacktrace = []\n                try:\n                    for frame in st_value:\n                        line = frame.get(\"lineNumber\", \"\")\n                        file = frame.get(\"fileName\", \"<anonymous>\")\n                        if line:\n                            file = f\"{file}:{line}\"\n                        meth = frame.get(\"methodName\", \"<anonymous>\")\n                        if \"className\" in frame:\n                            meth = f\"{frame['className']}.{meth}\"\n                        msg = \"    at %s (%s)\"\n                        msg = msg % (meth, file)\n                        stacktrace.append(msg)\n                except TypeError:\n                    pass\n        if exception_class == UnexpectedAlertPresentException:\n            alert_text = None\n            if \"data\" in value:\n                alert_text = value[\"data\"].get(\"text\")\n            elif \"alert\" in value:\n                alert_text = value[\"alert\"].get(\"text\")\n            raise exception_class(message, screen, stacktrace, alert_text)  # type: ignore[call-arg]  # mypy is not smart enough here\n>       raise exception_class(message, screen, stacktrace)\nE       selenium.common.exceptions.NoSuchElementException: Message: no such element: Unable to locate element: {\"method\":\"xpath\",\"selector\":\"(//a[@class='add-to-cart yellow-btn'])[1]\"}\nE         (Session info: chrome=128.0.6613.137); For documentation on this error, please visit: https://www.selenium.dev/documentation/webdriver/troubleshooting/errors#no-such-element-exception\nE       Stacktrace:\nE       #0 0x5642e777f2da <unknown>\nE       #1 0x5642e744d200 <unknown>\nE       #2 0x5642e749caa2 <unknown>\nE       #3 0x5642e749cd41 <unknown>\nE       #4 0x5642e74e2964 <unknown>\nE       #5 0x5642e74c18fd <unknown>\nE       #6 0x5642e74dfdfd <unknown>\nE       #7 0x5642e74c1673 <unknown>\nE       #8 0x5642e748f473 <unknown>\nE       #9 0x5642e749047e <unknown>\nE       #10 0x5642e77460db <unknown>\nE       #11 0x5642e774a071 <unknown>\nE       #12 0x5642e77329d5 <unknown>\nE       #13 0x5642e774abf2 <unknown>\nE       #14 0x5642e7717b6f <unknown>\nE       #15 0x5642e776e248 <unknown>\nE       #16 0x5642e776e417 <unknown>\nE       #17 0x5642e777e0cc <unknown>\nE       #18 0x7efd216bd144 <unknown>\n\n/usr/local/lib/python3.11/site-packages/selenium/webdriver/remote/errorhandler.py:229: NoSuchElementException","flaky":false,"newFailed":false,"newBroken":false,"newPassed":false,"retriesCount":0,"retriesStatusChange":false,"beforeStages":[{"name":"_session_faker","time":{"start":1726362431005,"stop":1726362431072,"duration":67},"status":"passed","steps":[],"attachments":[],"parameters":[],"shouldDisplayMessage":false,"stepsCount":0,"attachmentsCount":0,"hasContent":false,"attachmentStep":false},{"name":"clear_allure_results_folder","time":{"start":1726362431072,"stop":1726362431072,"duration":0},"status":"passed","steps":[],"attachments":[],"parameters":[],"shouldDisplayMessage":false,"stepsCount":0,"attachmentsCount":0,"hasContent":false,"attachmentStep":false},{"name":"driver","time":{"start":1726362683312,"stop":1726362684118,"duration":806},"status":"passed","steps":[],"attachments":[],"parameters":[],"shouldDisplayMessage":false,"stepsCount":0,"attachmentsCount":0,"hasContent":false,"attachmentStep":false},{"name":"setup","time":{"start":1726362684118,"stop":1726362684118,"duration":0},"status":"passed","steps":[],"attachments":[],"parameters":[],"shouldDisplayMessage":false,"stepsCount":0,"attachmentsCount":0,"hasContent":false,"attachmentStep":false}],"testStage":{"status":"skipped","statusMessage":"XFAIL\n\nselenium.common.exceptions.NoSuchElementException: Message: no such element: Unable to locate element: {\"method\":\"xpath\",\"selector\":\"(//a[@class='add-to-cart yellow-btn'])[1]\"}\n  (Session info: chrome=128.0.6613.137); For documentation on this error, please visit: https://www.selenium.dev/documentation/webdriver/troubleshooting/errors#no-such-element-exception\nStacktrace:\n#0 0x5642e777f2da <unknown>\n#1 0x5642e744d200 <unknown>\n#2 0x5642e749caa2 <unknown>\n#3 0x5642e749cd41 <unknown>\n#4 0x5642e74e2964 <unknown>\n#5 0x5642e74c18fd <unknown>\n#6 0x5642e74dfdfd <unknown>\n#7 0x5642e74c1673 <unknown>\n#8 0x5642e748f473 <unknown>\n#9 0x5642e749047e <unknown>\n#10 0x5642e77460db <unknown>\n#11 0x5642e774a071 <unknown>\n#12 0x5642e77329d5 <unknown>\n#13 0x5642e774abf2 <unknown>\n#14 0x5642e7717b6f <unknown>\n#15 0x5642e776e248 <unknown>\n#16 0x5642e776e417 <unknown>\n#17 0x5642e777e0cc <unknown>\n#18 0x7efd216bd144 <unknown>","statusTrace":"self = <tests.delivery.test_delivery_calculation.TestDeliveryPageCalculation object at 0x7f6064e82ad0>\ndriver = <selenium.webdriver.chrome.webdriver.WebDriver (session=\"6d2d93e6b7226b4bd10cfef10fe4a169\")>\nurl = 'https://sandboxtest.stroyrem-nn.ru/', case_id = 'TD 012'\nlink_item = 'products/shtukaturka-gipsovaya-aksolit-m50-30-kg-mashinnogo-naneseniya'\namount = 333, weight = 10000, standard = 4450, in_time = 11990, all_time = 12500\n\n    @pytest.mark.parametrize('case_id, link_item, amount, weight, standard, in_time, all_time', [\n        (\"TD 001\", uroven_3000, 1, 30, 0, 1590, 2190),\n        (\"TD 002\", bundeks_25, 1, 30, 400, 1590, 2190),\n        (\"TD 003\", aksolit_30, 8, 300, 400, 1590, 2190),\n        (\"TD 004\", aksolit_30, 13, 400, 450, 1590, 2190),\n        (\"TD 005\", aksolit_30, 16, 500, 600, 1590, 2190),\n        (\"TD 006\", aksolit_30, 25, 1700, 990, 1990, 2480),\n        (\"TD 007\", aksolit_30, 66, 2000, 1300, 2490, 2980),\n        (\"TD 008\", aksolit_30, 149, 4500, 2300, 3980, 4490),\n        (\"TD 009\", aksolit_30, 166, 5000, 2500, 4990, 5480),\n        pytest.param(\n            \"TD 010\", aksolit_30, 206, 6200, 2900, 5570, 6120,\n            marks=pytest.mark.xfail(reson=\"Цена доставки 3600 7960 8980\")\n        ),\n        (\"TD 011\", aksolit_30, 299, 9000, 3600, 7960, 8980),\n        (\"TD 012\", aksolit_30, 333, 10000, 4450, 11990, 12500),\n        pytest.param(\n            \"TD 013\", aksolit_30, 366, 11000, 4800, 12450, 13480,\n            marks=pytest.mark.xfail(reason=\"Цена стандартной доставки 4450\")\n        ),\n        pytest.param(\n            \"TD 014\", aksolit_30, 666, 20000, 5400, 15600, 17490,\n            marks=pytest.mark.xfail(reason=\"Цена стандартной доставки 4450\")\n        )\n    ])\n    @pytest.mark.xfail\n    @pytest.mark.smoke_test\n    def test_positive_delivery_green_zone_smoke(\n            self, driver, url, case_id, link_item, amount, weight, standard, in_time, all_time\n    ):\n    \n        driver.get(f'{url}{link_item}')\n        item_page = ItemPage(driver)\n>       item_page.add_item_to_cart(amount).click_on_cart()\n\ntests/delivery/test_delivery_calculation.py:50: \n_ _ _ _ _ _ _ _ _ _ _ _ _ _ _ _ _ _ _ _ _ _ _ _ _ _ _ _ _ _ _ _ _ _ _ _ _ _ _ _ \npages/item_page.py:40: in add_item_to_cart\n    self.find_element(self._add_item).click()\nbase/seleniumbase.py:17: in find_element\n    return self.driver.find_element(*locator)\n/usr/local/lib/python3.11/site-packages/selenium/webdriver/remote/webdriver.py:739: in find_element\n    return self.execute(Command.FIND_ELEMENT, {\"using\": by, \"value\": value})[\"value\"]\n/usr/local/lib/python3.11/site-packages/selenium/webdriver/remote/webdriver.py:345: in execute\n    self.error_handler.check_response(response)\n_ _ _ _ _ _ _ _ _ _ _ _ _ _ _ _ _ _ _ _ _ _ _ _ _ _ _ _ _ _ _ _ _ _ _ _ _ _ _ _ \n\nself = <selenium.webdriver.remote.errorhandler.ErrorHandler object at 0x7f6064766910>\nresponse = {'status': 404, 'value': '{\"value\":{\"error\":\"no such element\",\"message\":\"no such element: Unable to locate element: {\\...\\\\n#16 0x5642e776e417 \\\\u003Cunknown>\\\\n#17 0x5642e777e0cc \\\\u003Cunknown>\\\\n#18 0x7efd216bd144 \\\\u003Cunknown>\\\\n\"}}'}\n\n    def check_response(self, response: Dict[str, Any]) -> None:\n        \"\"\"Checks that a JSON response from the WebDriver does not have an\n        error.\n    \n        :Args:\n         - response - The JSON response from the WebDriver server as a dictionary\n           object.\n    \n        :Raises: If the response contains an error message.\n        \"\"\"\n        status = response.get(\"status\", None)\n        if not status or status == ErrorCode.SUCCESS:\n            return\n        value = None\n        message = response.get(\"message\", \"\")\n        screen: str = response.get(\"screen\", \"\")\n        stacktrace = None\n        if isinstance(status, int):\n            value_json = response.get(\"value\", None)\n            if value_json and isinstance(value_json, str):\n                import json\n    \n                try:\n                    value = json.loads(value_json)\n                    if len(value) == 1:\n                        value = value[\"value\"]\n                    status = value.get(\"error\", None)\n                    if not status:\n                        status = value.get(\"status\", ErrorCode.UNKNOWN_ERROR)\n                        message = value.get(\"value\") or value.get(\"message\")\n                        if not isinstance(message, str):\n                            value = message\n                            message = message.get(\"message\")\n                    else:\n                        message = value.get(\"message\", None)\n                except ValueError:\n                    pass\n    \n        exception_class: Type[WebDriverException]\n        e = ErrorCode()\n        error_codes = [item for item in dir(e) if not item.startswith(\"__\")]\n        for error_code in error_codes:\n            error_info = getattr(ErrorCode, error_code)\n            if isinstance(error_info, list) and status in error_info:\n                exception_class = getattr(ExceptionMapping, error_code, WebDriverException)\n                break\n        else:\n            exception_class = WebDriverException\n    \n        if not value:\n            value = response[\"value\"]\n        if isinstance(value, str):\n            raise exception_class(value)\n        if message == \"\" and \"message\" in value:\n            message = value[\"message\"]\n    \n        screen = None  # type: ignore[assignment]\n        if \"screen\" in value:\n            screen = value[\"screen\"]\n    \n        stacktrace = None\n        st_value = value.get(\"stackTrace\") or value.get(\"stacktrace\")\n        if st_value:\n            if isinstance(st_value, str):\n                stacktrace = st_value.split(\"\\n\")\n            else:\n                stacktrace = []\n                try:\n                    for frame in st_value:\n                        line = frame.get(\"lineNumber\", \"\")\n                        file = frame.get(\"fileName\", \"<anonymous>\")\n                        if line:\n                            file = f\"{file}:{line}\"\n                        meth = frame.get(\"methodName\", \"<anonymous>\")\n                        if \"className\" in frame:\n                            meth = f\"{frame['className']}.{meth}\"\n                        msg = \"    at %s (%s)\"\n                        msg = msg % (meth, file)\n                        stacktrace.append(msg)\n                except TypeError:\n                    pass\n        if exception_class == UnexpectedAlertPresentException:\n            alert_text = None\n            if \"data\" in value:\n                alert_text = value[\"data\"].get(\"text\")\n            elif \"alert\" in value:\n                alert_text = value[\"alert\"].get(\"text\")\n            raise exception_class(message, screen, stacktrace, alert_text)  # type: ignore[call-arg]  # mypy is not smart enough here\n>       raise exception_class(message, screen, stacktrace)\nE       selenium.common.exceptions.NoSuchElementException: Message: no such element: Unable to locate element: {\"method\":\"xpath\",\"selector\":\"(//a[@class='add-to-cart yellow-btn'])[1]\"}\nE         (Session info: chrome=128.0.6613.137); For documentation on this error, please visit: https://www.selenium.dev/documentation/webdriver/troubleshooting/errors#no-such-element-exception\nE       Stacktrace:\nE       #0 0x5642e777f2da <unknown>\nE       #1 0x5642e744d200 <unknown>\nE       #2 0x5642e749caa2 <unknown>\nE       #3 0x5642e749cd41 <unknown>\nE       #4 0x5642e74e2964 <unknown>\nE       #5 0x5642e74c18fd <unknown>\nE       #6 0x5642e74dfdfd <unknown>\nE       #7 0x5642e74c1673 <unknown>\nE       #8 0x5642e748f473 <unknown>\nE       #9 0x5642e749047e <unknown>\nE       #10 0x5642e77460db <unknown>\nE       #11 0x5642e774a071 <unknown>\nE       #12 0x5642e77329d5 <unknown>\nE       #13 0x5642e774abf2 <unknown>\nE       #14 0x5642e7717b6f <unknown>\nE       #15 0x5642e776e248 <unknown>\nE       #16 0x5642e776e417 <unknown>\nE       #17 0x5642e777e0cc <unknown>\nE       #18 0x7efd216bd144 <unknown>\n\n/usr/local/lib/python3.11/site-packages/selenium/webdriver/remote/errorhandler.py:229: NoSuchElementException","steps":[{"name":"Добавляем товар в корзину в количестве 333","time":{"start":1726362684563,"stop":1726362684583,"duration":20},"status":"broken","statusMessage":"selenium.common.exceptions.NoSuchElementException: Message: no such element: Unable to locate element: {\"method\":\"xpath\",\"selector\":\"(//a[@class='add-to-cart yellow-btn'])[1]\"}\n  (Session info: chrome=128.0.6613.137); For documentation on this error, please visit: https://www.selenium.dev/documentation/webdriver/troubleshooting/errors#no-such-element-exception\nStacktrace:\n#0 0x5642e777f2da <unknown>\n#1 0x5642e744d200 <unknown>\n#2 0x5642e749caa2 <unknown>\n#3 0x5642e749cd41 <unknown>\n#4 0x5642e74e2964 <unknown>\n#5 0x5642e74c18fd <unknown>\n#6 0x5642e74dfdfd <unknown>\n#7 0x5642e74c1673 <unknown>\n#8 0x5642e748f473 <unknown>\n#9 0x5642e749047e <unknown>\n#10 0x5642e77460db <unknown>\n#11 0x5642e774a071 <unknown>\n#12 0x5642e77329d5 <unknown>\n#13 0x5642e774abf2 <unknown>\n#14 0x5642e7717b6f <unknown>\n#15 0x5642e776e248 <unknown>\n#16 0x5642e776e417 <unknown>\n#17 0x5642e777e0cc <unknown>\n#18 0x7efd216bd144 <unknown>\n\n","statusTrace":"  File \"/usr/local/lib/python3.11/site-packages/allure_commons/_allure.py\", line 192, in impl\n    return func(*a, **kw)\n           ^^^^^^^^^^^^^^\n  File \"/app/pages/item_page.py\", line 40, in add_item_to_cart\n    self.find_element(self._add_item).click()\n    ^^^^^^^^^^^^^^^^^^^^^^^^^^^^^^^^^\n  File \"/app/base/seleniumbase.py\", line 17, in find_element\n    return self.driver.find_element(*locator)\n           ^^^^^^^^^^^^^^^^^^^^^^^^^^^^^^^^^^\n  File \"/usr/local/lib/python3.11/site-packages/selenium/webdriver/remote/webdriver.py\", line 739, in find_element\n    return self.execute(Command.FIND_ELEMENT, {\"using\": by, \"value\": value})[\"value\"]\n           ^^^^^^^^^^^^^^^^^^^^^^^^^^^^^^^^^^^^^^^^^^^^^^^^^^^^^^^^^^^^^^^^^\n  File \"/usr/local/lib/python3.11/site-packages/selenium/webdriver/remote/webdriver.py\", line 345, in execute\n    self.error_handler.check_response(response)\n  File \"/usr/local/lib/python3.11/site-packages/selenium/webdriver/remote/errorhandler.py\", line 229, in check_response\n    raise exception_class(message, screen, stacktrace)\n","steps":[],"attachments":[],"parameters":[{"name":"amount","value":"333"}],"shouldDisplayMessage":true,"stepsCount":0,"attachmentsCount":0,"hasContent":true,"attachmentStep":false}],"attachments":[{"uid":"37188a55821a62cf","name":"Screenshot","source":"37188a55821a62cf.png","type":"image/png","size":46834},{"uid":"31b2bc714510924e","name":"HTML source","source":"31b2bc714510924e.html","type":"text/html","size":133701}],"parameters":[],"shouldDisplayMessage":true,"stepsCount":1,"attachmentsCount":2,"hasContent":true,"attachmentStep":false},"afterStages":[{"name":"setup::0","time":{"start":1726362684696,"stop":1726362684697,"duration":1},"status":"passed","steps":[],"attachments":[],"parameters":[],"shouldDisplayMessage":false,"stepsCount":0,"attachmentsCount":0,"hasContent":false,"attachmentStep":false},{"name":"driver::0","time":{"start":1726362684697,"stop":1726362684763,"duration":66},"status":"passed","steps":[],"attachments":[],"parameters":[],"shouldDisplayMessage":false,"stepsCount":0,"attachmentsCount":0,"hasContent":false,"attachmentStep":false}],"labels":[{"name":"epic","value":"Delivery Page - calculation"},{"name":"tag","value":"smoke_test"},{"name":"tag","value":"@pytest.mark.xfail"},{"name":"parentSuite","value":"tests.delivery"},{"name":"suite","value":"test_delivery_calculation"},{"name":"subSuite","value":"TestDeliveryPageCalculation"},{"name":"host","value":"2d006c6d0e3f"},{"name":"thread","value":"1-MainThread"},{"name":"framework","value":"pytest"},{"name":"language","value":"cpython3"},{"name":"package","value":"tests.delivery.test_delivery_calculation"},{"name":"resultFormat","value":"allure2"}],"parameters":[{"name":"all_time","value":"12500"},{"name":"amount","value":"333"},{"name":"case_id","value":"'TD 012'"},{"name":"in_time","value":"11990"},{"name":"link_item","value":"'products/shtukaturka-gipsovaya-aksolit-m50-30-kg-mashinnogo-naneseniya'"},{"name":"standard","value":"4450"},{"name":"url","value":"'https://sandboxtest.stroyrem-nn.ru/'"},{"name":"weight","value":"10000"}],"links":[],"hidden":false,"retry":false,"extra":{"severity":"normal","retries":[],"categories":[],"history":{"statistic":{"failed":0,"broken":0,"skipped":108,"passed":0,"unknown":0,"total":108},"items":[{"uid":"a7d7c514d7ced02","reportUrl":"https://Nat754.github.io/StroyremAutomation/430//#testresult/a7d7c514d7ced02","status":"skipped","statusDetails":"XFAIL\n\nselenium.common.exceptions.NoSuchElementException: Message: no such element: Unable to locate element: {\"method\":\"xpath\",\"selector\":\"(//a[@class='add-to-cart yellow-btn'])[1]\"}\n  (Session info: chrome=128.0.6613.137); For documentation on this error, please visit: https://www.selenium.dev/documentation/webdriver/troubleshooting/errors#no-such-element-exception\nStacktrace:\n#0 0x563163a772da <unknown>\n#1 0x563163745200 <unknown>\n#2 0x563163794aa2 <unknown>\n#3 0x563163794d41 <unknown>\n#4 0x5631637da964 <unknown>\n#5 0x5631637b98fd <unknown>\n#6 0x5631637d7dfd <unknown>\n#7 0x5631637b9673 <unknown>\n#8 0x563163787473 <unknown>\n#9 0x56316378847e <unknown>\n#10 0x563163a3e0db <unknown>\n#11 0x563163a42071 <unknown>\n#12 0x563163a2a9d5 <unknown>\n#13 0x563163a42bf2 <unknown>\n#14 0x563163a0fb6f <unknown>\n#15 0x563163a66248 <unknown>\n#16 0x563163a66417 <unknown>\n#17 0x563163a760cc <unknown>\n#18 0x7fe5a4ac2144 <unknown>","time":{"start":1726275910866,"stop":1726275911509,"duration":643}},{"uid":"9178596f5da33214","reportUrl":"https://Nat754.github.io/StroyremAutomation/429//#testresult/9178596f5da33214","status":"skipped","statusDetails":"XFAIL\n\nselenium.common.exceptions.NoSuchElementException: Message: no such element: Unable to locate element: {\"method\":\"xpath\",\"selector\":\"(//a[@class='add-to-cart yellow-btn'])[1]\"}\n  (Session info: chrome=128.0.6613.137); For documentation on this error, please visit: https://www.selenium.dev/documentation/webdriver/troubleshooting/errors#no-such-element-exception\nStacktrace:\n#0 0x55bb7aaa02da <unknown>\n#1 0x55bb7a76e200 <unknown>\n#2 0x55bb7a7bdaa2 <unknown>\n#3 0x55bb7a7bdd41 <unknown>\n#4 0x55bb7a803964 <unknown>\n#5 0x55bb7a7e28fd <unknown>\n#6 0x55bb7a800dfd <unknown>\n#7 0x55bb7a7e2673 <unknown>\n#8 0x55bb7a7b0473 <unknown>\n#9 0x55bb7a7b147e <unknown>\n#10 0x55bb7aa670db <unknown>\n#11 0x55bb7aa6b071 <unknown>\n#12 0x55bb7aa539d5 <unknown>\n#13 0x55bb7aa6bbf2 <unknown>\n#14 0x55bb7aa38b6f <unknown>\n#15 0x55bb7aa8f248 <unknown>\n#16 0x55bb7aa8f417 <unknown>\n#17 0x55bb7aa9f0cc <unknown>\n#18 0x7f0b53d49144 <unknown>","time":{"start":1726189479691,"stop":1726189480179,"duration":488}},{"uid":"9ac5693e98056e16","reportUrl":"https://Nat754.github.io/StroyremAutomation/428//#testresult/9ac5693e98056e16","status":"skipped","statusDetails":"XFAIL\n\nselenium.common.exceptions.NoSuchElementException: Message: no such element: Unable to locate element: {\"method\":\"xpath\",\"selector\":\"(//a[@class='add-to-cart yellow-btn'])[1]\"}\n  (Session info: chrome=128.0.6613.137); For documentation on this error, please visit: https://www.selenium.dev/documentation/webdriver/troubleshooting/errors#no-such-element-exception\nStacktrace:\n#0 0x55cdca6892da <unknown>\n#1 0x55cdca357200 <unknown>\n#2 0x55cdca3a6aa2 <unknown>\n#3 0x55cdca3a6d41 <unknown>\n#4 0x55cdca3ec964 <unknown>\n#5 0x55cdca3cb8fd <unknown>\n#6 0x55cdca3e9dfd <unknown>\n#7 0x55cdca3cb673 <unknown>\n#8 0x55cdca399473 <unknown>\n#9 0x55cdca39a47e <unknown>\n#10 0x55cdca6500db <unknown>\n#11 0x55cdca654071 <unknown>\n#12 0x55cdca63c9d5 <unknown>\n#13 0x55cdca654bf2 <unknown>\n#14 0x55cdca621b6f <unknown>\n#15 0x55cdca678248 <unknown>\n#16 0x55cdca678417 <unknown>\n#17 0x55cdca6880cc <unknown>\n#18 0x7fe944978144 <unknown>","time":{"start":1726103071487,"stop":1726103072034,"duration":547}},{"uid":"6a53b1306462149a","reportUrl":"https://Nat754.github.io/StroyremAutomation/427//#testresult/6a53b1306462149a","status":"skipped","statusDetails":"XFAIL\n\nselenium.common.exceptions.NoSuchElementException: Message: no such element: Unable to locate element: {\"method\":\"xpath\",\"selector\":\"(//a[@class='add-to-cart yellow-btn'])[1]\"}\n  (Session info: chrome=128.0.6613.137); For documentation on this error, please visit: https://www.selenium.dev/documentation/webdriver/troubleshooting/errors#no-such-element-exception\nStacktrace:\n#0 0x55609e91f2da <unknown>\n#1 0x55609e5ed200 <unknown>\n#2 0x55609e63caa2 <unknown>\n#3 0x55609e63cd41 <unknown>\n#4 0x55609e682964 <unknown>\n#5 0x55609e6618fd <unknown>\n#6 0x55609e67fdfd <unknown>\n#7 0x55609e661673 <unknown>\n#8 0x55609e62f473 <unknown>\n#9 0x55609e63047e <unknown>\n#10 0x55609e8e60db <unknown>\n#11 0x55609e8ea071 <unknown>\n#12 0x55609e8d29d5 <unknown>\n#13 0x55609e8eabf2 <unknown>\n#14 0x55609e8b7b6f <unknown>\n#15 0x55609e90e248 <unknown>\n#16 0x55609e90e417 <unknown>\n#17 0x55609e91e0cc <unknown>\n#18 0x7f679e5dd144 <unknown>","time":{"start":1726016644082,"stop":1726016644557,"duration":475}},{"uid":"833704e6cc0e4e59","reportUrl":"https://Nat754.github.io/StroyremAutomation/426//#testresult/833704e6cc0e4e59","status":"skipped","statusDetails":"XFAIL\n\nselenium.common.exceptions.NoSuchElementException: Message: no such element: Unable to locate element: {\"method\":\"xpath\",\"selector\":\"(//a[@class='add-to-cart yellow-btn'])[1]\"}\n  (Session info: chrome=128.0.6613.119); For documentation on this error, please visit: https://www.selenium.dev/documentation/webdriver/troubleshooting/errors#no-such-element-exception\nStacktrace:\n#0 0x559a3ce9c86a <unknown>\n#1 0x559a3cb6ae50 <unknown>\n#2 0x559a3cbba644 <unknown>\n#3 0x559a3cbba931 <unknown>\n#4 0x559a3cc00534 <unknown>\n#5 0x559a3cbdf4bd <unknown>\n#6 0x559a3cbfd9c6 <unknown>\n#7 0x559a3cbdf233 <unknown>\n#8 0x559a3cbad093 <unknown>\n#9 0x559a3cbae09e <unknown>\n#10 0x559a3ce63acb <unknown>\n#11 0x559a3ce67a81 <unknown>\n#12 0x559a3ce4f695 <unknown>\n#13 0x559a3ce685f2 <unknown>\n#14 0x559a3ce3486f <unknown>\n#15 0x559a3ce8b668 <unknown>\n#16 0x559a3ce8b832 <unknown>\n#17 0x559a3ce9b65c <unknown>\n#18 0x7f3052751144 <unknown>","time":{"start":1725930296453,"stop":1725930296882,"duration":429}},{"uid":"a222969291d8af57","reportUrl":"https://Nat754.github.io/StroyremAutomation/425//#testresult/a222969291d8af57","status":"skipped","statusDetails":"XFAIL\n\nselenium.common.exceptions.NoSuchElementException: Message: no such element: Unable to locate element: {\"method\":\"xpath\",\"selector\":\"(//a[@class='add-to-cart yellow-btn'])[1]\"}\n  (Session info: chrome=128.0.6613.119); For documentation on this error, please visit: https://www.selenium.dev/documentation/webdriver/troubleshooting/errors#no-such-element-exception\nStacktrace:\n#0 0x55f5b4ad886a <unknown>\n#1 0x55f5b47a6e50 <unknown>\n#2 0x55f5b47f6644 <unknown>\n#3 0x55f5b47f6931 <unknown>\n#4 0x55f5b483c534 <unknown>\n#5 0x55f5b481b4bd <unknown>\n#6 0x55f5b48399c6 <unknown>\n#7 0x55f5b481b233 <unknown>\n#8 0x55f5b47e9093 <unknown>\n#9 0x55f5b47ea09e <unknown>\n#10 0x55f5b4a9facb <unknown>\n#11 0x55f5b4aa3a81 <unknown>\n#12 0x55f5b4a8b695 <unknown>\n#13 0x55f5b4aa45f2 <unknown>\n#14 0x55f5b4a7086f <unknown>\n#15 0x55f5b4ac7668 <unknown>\n#16 0x55f5b4ac7832 <unknown>\n#17 0x55f5b4ad765c <unknown>\n#18 0x7f2c0e6c4144 <unknown>","time":{"start":1725843967187,"stop":1725843967532,"duration":345}},{"uid":"de0d63a2487ca720","reportUrl":"https://Nat754.github.io/StroyremAutomation/424//#testresult/de0d63a2487ca720","status":"skipped","statusDetails":"XFAIL\n\nselenium.common.exceptions.NoSuchElementException: Message: no such element: Unable to locate element: {\"method\":\"xpath\",\"selector\":\"(//a[@class='add-to-cart yellow-btn'])[1]\"}\n  (Session info: chrome=128.0.6613.119); For documentation on this error, please visit: https://www.selenium.dev/documentation/webdriver/troubleshooting/errors#no-such-element-exception\nStacktrace:\n#0 0x564c9961e86a <unknown>\n#1 0x564c992ece50 <unknown>\n#2 0x564c9933c644 <unknown>\n#3 0x564c9933c931 <unknown>\n#4 0x564c99382534 <unknown>\n#5 0x564c993614bd <unknown>\n#6 0x564c9937f9c6 <unknown>\n#7 0x564c99361233 <unknown>\n#8 0x564c9932f093 <unknown>\n#9 0x564c9933009e <unknown>\n#10 0x564c995e5acb <unknown>\n#11 0x564c995e9a81 <unknown>\n#12 0x564c995d1695 <unknown>\n#13 0x564c995ea5f2 <unknown>\n#14 0x564c995b686f <unknown>\n#15 0x564c9960d668 <unknown>\n#16 0x564c9960d832 <unknown>\n#17 0x564c9961d65c <unknown>\n#18 0x7f2e3a6ca144 <unknown>","time":{"start":1725757713667,"stop":1725757714095,"duration":428}},{"uid":"7fe520ee51944314","reportUrl":"https://Nat754.github.io/StroyremAutomation/423//#testresult/7fe520ee51944314","status":"skipped","statusDetails":"XFAIL\n\nselenium.common.exceptions.NoSuchElementException: Message: no such element: Unable to locate element: {\"method\":\"xpath\",\"selector\":\"(//a[@class='add-to-cart yellow-btn'])[1]\"}\n  (Session info: chrome=128.0.6613.119); For documentation on this error, please visit: https://www.selenium.dev/documentation/webdriver/troubleshooting/errors#no-such-element-exception\nStacktrace:\n#0 0x55e3534d886a <unknown>\n#1 0x55e3531a6e50 <unknown>\n#2 0x55e3531f6644 <unknown>\n#3 0x55e3531f6931 <unknown>\n#4 0x55e35323c534 <unknown>\n#5 0x55e35321b4bd <unknown>\n#6 0x55e3532399c6 <unknown>\n#7 0x55e35321b233 <unknown>\n#8 0x55e3531e9093 <unknown>\n#9 0x55e3531ea09e <unknown>\n#10 0x55e35349facb <unknown>\n#11 0x55e3534a3a81 <unknown>\n#12 0x55e35348b695 <unknown>\n#13 0x55e3534a45f2 <unknown>\n#14 0x55e35347086f <unknown>\n#15 0x55e3534c7668 <unknown>\n#16 0x55e3534c7832 <unknown>\n#17 0x55e3534d765c <unknown>\n#18 0x7fb1dfaa1144 <unknown>","time":{"start":1725671018795,"stop":1725671019209,"duration":414}},{"uid":"37f0b137384c4942","reportUrl":"https://Nat754.github.io/StroyremAutomation/422//#testresult/37f0b137384c4942","status":"skipped","statusDetails":"XFAIL\n\nselenium.common.exceptions.NoSuchElementException: Message: no such element: Unable to locate element: {\"method\":\"xpath\",\"selector\":\"(//a[@class='add-to-cart yellow-btn'])[1]\"}\n  (Session info: chrome=128.0.6613.119); For documentation on this error, please visit: https://www.selenium.dev/documentation/webdriver/troubleshooting/errors#no-such-element-exception\nStacktrace:\n#0 0x55699c65286a <unknown>\n#1 0x55699c320e50 <unknown>\n#2 0x55699c370644 <unknown>\n#3 0x55699c370931 <unknown>\n#4 0x55699c3b6534 <unknown>\n#5 0x55699c3954bd <unknown>\n#6 0x55699c3b39c6 <unknown>\n#7 0x55699c395233 <unknown>\n#8 0x55699c363093 <unknown>\n#9 0x55699c36409e <unknown>\n#10 0x55699c619acb <unknown>\n#11 0x55699c61da81 <unknown>\n#12 0x55699c605695 <unknown>\n#13 0x55699c61e5f2 <unknown>\n#14 0x55699c5ea86f <unknown>\n#15 0x55699c641668 <unknown>\n#16 0x55699c641832 <unknown>\n#17 0x55699c65165c <unknown>\n#18 0x7faa1e841144 <unknown>","time":{"start":1725584668860,"stop":1725584669308,"duration":448}},{"uid":"4e5539794a532021","reportUrl":"https://Nat754.github.io/StroyremAutomation/421//#testresult/4e5539794a532021","status":"skipped","statusDetails":"XFAIL\n\nselenium.common.exceptions.NoSuchElementException: Message: no such element: Unable to locate element: {\"method\":\"xpath\",\"selector\":\"(//a[@class='add-to-cart yellow-btn'])[1]\"}\n  (Session info: chrome=128.0.6613.119); For documentation on this error, please visit: https://www.selenium.dev/documentation/webdriver/troubleshooting/errors#no-such-element-exception\nStacktrace:\n#0 0x5618af4b586a <unknown>\n#1 0x5618af183e50 <unknown>\n#2 0x5618af1d3644 <unknown>\n#3 0x5618af1d3931 <unknown>\n#4 0x5618af219534 <unknown>\n#5 0x5618af1f84bd <unknown>\n#6 0x5618af2169c6 <unknown>\n#7 0x5618af1f8233 <unknown>\n#8 0x5618af1c6093 <unknown>\n#9 0x5618af1c709e <unknown>\n#10 0x5618af47cacb <unknown>\n#11 0x5618af480a81 <unknown>\n#12 0x5618af468695 <unknown>\n#13 0x5618af4815f2 <unknown>\n#14 0x5618af44d86f <unknown>\n#15 0x5618af4a4668 <unknown>\n#16 0x5618af4a4832 <unknown>\n#17 0x5618af4b465c <unknown>\n#18 0x7f6dfcdd1144 <unknown>","time":{"start":1725498284635,"stop":1725498285252,"duration":617}},{"uid":"1e9206fbeb3bee9d","reportUrl":"https://Nat754.github.io/StroyremAutomation/420//#testresult/1e9206fbeb3bee9d","status":"skipped","statusDetails":"XFAIL\n\nselenium.common.exceptions.NoSuchElementException: Message: no such element: Unable to locate element: {\"method\":\"xpath\",\"selector\":\"(//a[@class='add-to-cart yellow-btn'])[1]\"}\n  (Session info: chrome=128.0.6613.119); For documentation on this error, please visit: https://www.selenium.dev/documentation/webdriver/troubleshooting/errors#no-such-element-exception\nStacktrace:\n#0 0x55a7db1d686a <unknown>\n#1 0x55a7daea4e50 <unknown>\n#2 0x55a7daef4644 <unknown>\n#3 0x55a7daef4931 <unknown>\n#4 0x55a7daf3a534 <unknown>\n#5 0x55a7daf194bd <unknown>\n#6 0x55a7daf379c6 <unknown>\n#7 0x55a7daf19233 <unknown>\n#8 0x55a7daee7093 <unknown>\n#9 0x55a7daee809e <unknown>\n#10 0x55a7db19dacb <unknown>\n#11 0x55a7db1a1a81 <unknown>\n#12 0x55a7db189695 <unknown>\n#13 0x55a7db1a25f2 <unknown>\n#14 0x55a7db16e86f <unknown>\n#15 0x55a7db1c5668 <unknown>\n#16 0x55a7db1c5832 <unknown>\n#17 0x55a7db1d565c <unknown>\n#18 0x7f935b9ce134 <unknown>","time":{"start":1725411830275,"stop":1725411830714,"duration":439}},{"uid":"5b18ea9ecd29d0aa","reportUrl":"https://Nat754.github.io/StroyremAutomation/419//#testresult/5b18ea9ecd29d0aa","status":"skipped","statusDetails":"XFAIL\n\nselenium.common.exceptions.NoSuchElementException: Message: no such element: Unable to locate element: {\"method\":\"xpath\",\"selector\":\"(//a[@class='add-to-cart yellow-btn'])[1]\"}\n  (Session info: chrome=128.0.6613.119); For documentation on this error, please visit: https://www.selenium.dev/documentation/webdriver/troubleshooting/errors#no-such-element-exception\nStacktrace:\n#0 0x564903ddf86a <unknown>\n#1 0x564903aade50 <unknown>\n#2 0x564903afd644 <unknown>\n#3 0x564903afd931 <unknown>\n#4 0x564903b43534 <unknown>\n#5 0x564903b224bd <unknown>\n#6 0x564903b409c6 <unknown>\n#7 0x564903b22233 <unknown>\n#8 0x564903af0093 <unknown>\n#9 0x564903af109e <unknown>\n#10 0x564903da6acb <unknown>\n#11 0x564903daaa81 <unknown>\n#12 0x564903d92695 <unknown>\n#13 0x564903dab5f2 <unknown>\n#14 0x564903d7786f <unknown>\n#15 0x564903dce668 <unknown>\n#16 0x564903dce832 <unknown>\n#17 0x564903dde65c <unknown>\n#18 0x7f760df57134 <unknown>","time":{"start":1725325381101,"stop":1725325381524,"duration":423}},{"uid":"ab6cac03a01e071b","reportUrl":"https://Nat754.github.io/StroyremAutomation/418//#testresult/ab6cac03a01e071b","status":"skipped","statusDetails":"XFAIL\n\nselenium.common.exceptions.NoSuchElementException: Message: no such element: Unable to locate element: {\"method\":\"xpath\",\"selector\":\"(//a[@class='add-to-cart yellow-btn'])[1]\"}\n  (Session info: chrome=128.0.6613.86); For documentation on this error, please visit: https://www.selenium.dev/documentation/webdriver/troubleshooting/errors#no-such-element-exception\nStacktrace:\n#0 0x55b3776478da <unknown>\n#1 0x55b377315e50 <unknown>\n#2 0x55b377365644 <unknown>\n#3 0x55b377365931 <unknown>\n#4 0x55b3773ab534 <unknown>\n#5 0x55b37738a4bd <unknown>\n#6 0x55b3773a89c6 <unknown>\n#7 0x55b37738a233 <unknown>\n#8 0x55b377358093 <unknown>\n#9 0x55b37735909e <unknown>\n#10 0x55b37760eb3b <unknown>\n#11 0x55b377612af1 <unknown>\n#12 0x55b3775fa705 <unknown>\n#13 0x55b377613662 <unknown>\n#14 0x55b3775df8df <unknown>\n#15 0x55b3776366d8 <unknown>\n#16 0x55b3776368a2 <unknown>\n#17 0x55b3776466cc <unknown>\n#18 0x7f9e92e54134 <unknown>","time":{"start":1725239091292,"stop":1725239092010,"duration":718}},{"uid":"47431117130b2057","reportUrl":"https://Nat754.github.io/StroyremAutomation/417//#testresult/47431117130b2057","status":"skipped","statusDetails":"XFAIL\n\nselenium.common.exceptions.NoSuchElementException: Message: no such element: Unable to locate element: {\"method\":\"xpath\",\"selector\":\"(//a[@class='add-to-cart yellow-btn'])[1]\"}\n  (Session info: chrome=128.0.6613.86); For documentation on this error, please visit: https://www.selenium.dev/documentation/webdriver/troubleshooting/errors#no-such-element-exception\nStacktrace:\n#0 0x55ddd17748da <unknown>\n#1 0x55ddd1442e50 <unknown>\n#2 0x55ddd1492644 <unknown>\n#3 0x55ddd1492931 <unknown>\n#4 0x55ddd14d8534 <unknown>\n#5 0x55ddd14b74bd <unknown>\n#6 0x55ddd14d59c6 <unknown>\n#7 0x55ddd14b7233 <unknown>\n#8 0x55ddd1485093 <unknown>\n#9 0x55ddd148609e <unknown>\n#10 0x55ddd173bb3b <unknown>\n#11 0x55ddd173faf1 <unknown>\n#12 0x55ddd1727705 <unknown>\n#13 0x55ddd1740662 <unknown>\n#14 0x55ddd170c8df <unknown>\n#15 0x55ddd17636d8 <unknown>\n#16 0x55ddd17638a2 <unknown>\n#17 0x55ddd17736cc <unknown>\n#18 0x7f4af7691134 <unknown>","time":{"start":1725153269426,"stop":1725153270082,"duration":656}},{"uid":"daab5598056e5d80","reportUrl":"https://Nat754.github.io/StroyremAutomation/416//#testresult/daab5598056e5d80","status":"skipped","statusDetails":"XFAIL\n\nselenium.common.exceptions.NoSuchElementException: Message: no such element: Unable to locate element: {\"method\":\"xpath\",\"selector\":\"(//a[@class='add-to-cart yellow-btn'])[1]\"}\n  (Session info: chrome=128.0.6613.86); For documentation on this error, please visit: https://www.selenium.dev/documentation/webdriver/troubleshooting/errors#no-such-element-exception\nStacktrace:\n#0 0x563c60f2d8da <unknown>\n#1 0x563c60bfbe50 <unknown>\n#2 0x563c60c4b644 <unknown>\n#3 0x563c60c4b931 <unknown>\n#4 0x563c60c91534 <unknown>\n#5 0x563c60c704bd <unknown>\n#6 0x563c60c8e9c6 <unknown>\n#7 0x563c60c70233 <unknown>\n#8 0x563c60c3e093 <unknown>\n#9 0x563c60c3f09e <unknown>\n#10 0x563c60ef4b3b <unknown>\n#11 0x563c60ef8af1 <unknown>\n#12 0x563c60ee0705 <unknown>\n#13 0x563c60ef9662 <unknown>\n#14 0x563c60ec58df <unknown>\n#15 0x563c60f1c6d8 <unknown>\n#16 0x563c60f1c8a2 <unknown>\n#17 0x563c60f2c6cc <unknown>\n#18 0x7f32374c4134 <unknown>","time":{"start":1725066220021,"stop":1725066220353,"duration":332}},{"uid":"9ae4f846e6cfc2f8","reportUrl":"https://Nat754.github.io/StroyremAutomation/415//#testresult/9ae4f846e6cfc2f8","status":"skipped","statusDetails":"XFAIL\n\nselenium.common.exceptions.NoSuchElementException: Message: no such element: Unable to locate element: {\"method\":\"xpath\",\"selector\":\"(//a[@class='add-to-cart yellow-btn'])[1]\"}\n  (Session info: chrome=128.0.6613.86); For documentation on this error, please visit: https://www.selenium.dev/documentation/webdriver/troubleshooting/errors#no-such-element-exception\nStacktrace:\n#0 0x55a003d218da <unknown>\n#1 0x55a0039efe50 <unknown>\n#2 0x55a003a3f644 <unknown>\n#3 0x55a003a3f931 <unknown>\n#4 0x55a003a85534 <unknown>\n#5 0x55a003a644bd <unknown>\n#6 0x55a003a829c6 <unknown>\n#7 0x55a003a64233 <unknown>\n#8 0x55a003a32093 <unknown>\n#9 0x55a003a3309e <unknown>\n#10 0x55a003ce8b3b <unknown>\n#11 0x55a003cecaf1 <unknown>\n#12 0x55a003cd4705 <unknown>\n#13 0x55a003ced662 <unknown>\n#14 0x55a003cb98df <unknown>\n#15 0x55a003d106d8 <unknown>\n#16 0x55a003d108a2 <unknown>\n#17 0x55a003d206cc <unknown>\n#18 0x7fb39bb7b134 <unknown>","time":{"start":1724979805691,"stop":1724979806230,"duration":539}},{"uid":"f76a8a48fa71582a","reportUrl":"https://Nat754.github.io/StroyremAutomation/414//#testresult/f76a8a48fa71582a","status":"skipped","statusDetails":"XFAIL\n\nselenium.common.exceptions.NoSuchElementException: Message: no such element: Unable to locate element: {\"method\":\"xpath\",\"selector\":\"(//a[@class='add-to-cart yellow-btn'])[1]\"}\n  (Session info: chrome=128.0.6613.86); For documentation on this error, please visit: https://www.selenium.dev/documentation/webdriver/troubleshooting/errors#no-such-element-exception\nStacktrace:\n#0 0x556deb0448da <unknown>\n#1 0x556dead12e50 <unknown>\n#2 0x556dead62644 <unknown>\n#3 0x556dead62931 <unknown>\n#4 0x556deada8534 <unknown>\n#5 0x556dead874bd <unknown>\n#6 0x556deada59c6 <unknown>\n#7 0x556dead87233 <unknown>\n#8 0x556dead55093 <unknown>\n#9 0x556dead5609e <unknown>\n#10 0x556deb00bb3b <unknown>\n#11 0x556deb00faf1 <unknown>\n#12 0x556deaff7705 <unknown>\n#13 0x556deb010662 <unknown>\n#14 0x556deafdc8df <unknown>\n#15 0x556deb0336d8 <unknown>\n#16 0x556deb0338a2 <unknown>\n#17 0x556deb0436cc <unknown>\n#18 0x7f12a243a134 <unknown>","time":{"start":1724893479195,"stop":1724893479835,"duration":640}},{"uid":"c4d6a934a37fb60a","reportUrl":"https://Nat754.github.io/StroyremAutomation/413//#testresult/c4d6a934a37fb60a","status":"skipped","statusDetails":"XFAIL\n\nselenium.common.exceptions.NoSuchElementException: Message: no such element: Unable to locate element: {\"method\":\"xpath\",\"selector\":\"(//a[@class='add-to-cart yellow-btn'])[1]\"}\n  (Session info: chrome=128.0.6613.84); For documentation on this error, please visit: https://www.selenium.dev/documentation/webdriver/troubleshooting/errors#no-such-element-exception\nStacktrace:\n#0 0x55c7959d481a <unknown>\n#1 0x55c7956a2e50 <unknown>\n#2 0x55c7956f2644 <unknown>\n#3 0x55c7956f2931 <unknown>\n#4 0x55c795738534 <unknown>\n#5 0x55c7957174bd <unknown>\n#6 0x55c7957359c6 <unknown>\n#7 0x55c795717233 <unknown>\n#8 0x55c7956e5093 <unknown>\n#9 0x55c7956e609e <unknown>\n#10 0x55c79599ba7b <unknown>\n#11 0x55c79599fa31 <unknown>\n#12 0x55c795987645 <unknown>\n#13 0x55c7959a05a2 <unknown>\n#14 0x55c79596c81f <unknown>\n#15 0x55c7959c3618 <unknown>\n#16 0x55c7959c37e2 <unknown>\n#17 0x55c7959d360c <unknown>\n#18 0x7fe7347e3134 <unknown>","time":{"start":1724806976206,"stop":1724806976619,"duration":413}},{"uid":"4e340d200e35ec3a","reportUrl":"https://Nat754.github.io/StroyremAutomation/412//#testresult/4e340d200e35ec3a","status":"skipped","statusDetails":"XFAIL\n\nselenium.common.exceptions.NoSuchElementException: Message: no such element: Unable to locate element: {\"method\":\"xpath\",\"selector\":\"(//a[@class='add-to-cart yellow-btn'])[1]\"}\n  (Session info: chrome=128.0.6613.84); For documentation on this error, please visit: https://www.selenium.dev/documentation/webdriver/troubleshooting/errors#no-such-element-exception\nStacktrace:\n#0 0x560aee65281a <unknown>\n#1 0x560aee320e50 <unknown>\n#2 0x560aee370644 <unknown>\n#3 0x560aee370931 <unknown>\n#4 0x560aee3b6534 <unknown>\n#5 0x560aee3954bd <unknown>\n#6 0x560aee3b39c6 <unknown>\n#7 0x560aee395233 <unknown>\n#8 0x560aee363093 <unknown>\n#9 0x560aee36409e <unknown>\n#10 0x560aee619a7b <unknown>\n#11 0x560aee61da31 <unknown>\n#12 0x560aee605645 <unknown>\n#13 0x560aee61e5a2 <unknown>\n#14 0x560aee5ea81f <unknown>\n#15 0x560aee641618 <unknown>\n#16 0x560aee6417e2 <unknown>\n#17 0x560aee65160c <unknown>\n#18 0x7ff57fe88134 <unknown>","time":{"start":1724720540028,"stop":1724720540478,"duration":450}},{"uid":"a90f03e5d70f1c12","reportUrl":"https://Nat754.github.io/StroyremAutomation/411//#testresult/a90f03e5d70f1c12","status":"skipped","statusDetails":"XFAIL\n\nselenium.common.exceptions.NoSuchElementException: Message: no such element: Unable to locate element: {\"method\":\"xpath\",\"selector\":\"(//a[@class='add-to-cart yellow-btn'])[1]\"}\n  (Session info: chrome=128.0.6613.84); For documentation on this error, please visit: https://www.selenium.dev/documentation/webdriver/troubleshooting/errors#no-such-element-exception\nStacktrace:\n#0 0x5642e627381a <unknown>\n#1 0x5642e5f41e50 <unknown>\n#2 0x5642e5f91644 <unknown>\n#3 0x5642e5f91931 <unknown>\n#4 0x5642e5fd7534 <unknown>\n#5 0x5642e5fb64bd <unknown>\n#6 0x5642e5fd49c6 <unknown>\n#7 0x5642e5fb6233 <unknown>\n#8 0x5642e5f84093 <unknown>\n#9 0x5642e5f8509e <unknown>\n#10 0x5642e623aa7b <unknown>\n#11 0x5642e623ea31 <unknown>\n#12 0x5642e6226645 <unknown>\n#13 0x5642e623f5a2 <unknown>\n#14 0x5642e620b81f <unknown>\n#15 0x5642e6262618 <unknown>\n#16 0x5642e62627e2 <unknown>\n#17 0x5642e627260c <unknown>\n#18 0x7fe1e143f134 <unknown>","time":{"start":1724634142432,"stop":1724634142877,"duration":445}}]},"tags":["@pytest.mark.xfail","smoke_test"]},"source":"58976cd53d8d41a0.json","parameterValues":["12500","333","'TD 012'","11990","'products/shtukaturka-gipsovaya-aksolit-m50-30-kg-mashinnogo-naneseniya'","4450","'https://sandboxtest.stroyrem-nn.ru/'","10000"]}