{"uid":"2f67881b4f8de4d0","name":"TD 018 Доставка товара весом до 500кг. в синей зоне","fullName":"tests.delivery.test_delivery_calculation.TestDeliveryPageCalculation#test_positive_delivery_blue_zone_smoke","historyId":"95f694f6adc130155d4f19b21da55956","time":{"start":1711328065528,"stop":1711328065927,"duration":399},"status":"skipped","statusMessage":"XFAIL\n\nselenium.common.exceptions.NoSuchElementException: Message: no such element: Unable to locate element: {\"method\":\"xpath\",\"selector\":\"(//a[@class='add-to-cart yellow-btn'])[1]\"}\n  (Session info: chrome-headless-shell=123.0.6312.58); For documentation on this error, please visit: https://www.selenium.dev/documentation/webdriver/troubleshooting/errors#no-such-element-exception\nStacktrace:\n#0 0x557f2094f993 <unknown>\n#1 0x557f2064a136 <unknown>\n#2 0x557f20694d48 <unknown>\n#3 0x557f20694e01 <unknown>\n#4 0x557f206d7e44 <unknown>\n#5 0x557f206b6cfd <unknown>\n#6 0x557f206d5319 <unknown>\n#7 0x557f206b6a73 <unknown>\n#8 0x557f20687c93 <unknown>\n#9 0x557f2068865e <unknown>\n#10 0x557f2091408b <unknown>\n#11 0x557f20918005 <unknown>\n#12 0x557f20902491 <unknown>\n#13 0x557f20918b92 <unknown>\n#14 0x557f208e79ef <unknown>\n#15 0x557f2093edf8 <unknown>\n#16 0x557f2093efcb <unknown>\n#17 0x557f2094eae4 <unknown>\n#18 0x7f9ddbd8d134 <unknown>","statusTrace":"self = <tests.delivery.test_delivery_calculation.TestDeliveryPageCalculation object at 0x7f26b15d5010>\ndriver = <selenium.webdriver.chrome.webdriver.WebDriver (session=\"bd4c477455345ae3e79bcbcf76e320d9\")>\nurl = 'https://sandboxtest.stroyrem-nn.ru/', case_id = 'TD 018'\nlink_item = 'products/shtukaturka-gipsovaya-aksolit-m50-30-kg-mashinnogo-naneseniya'\namount = 16, weight = 500, standard = 850, in_time = 2490, all_time = 3320\n\n    @pytest.mark.parametrize('case_id, link_item, amount, weight, standard, in_time, all_time', [\n        (\"TD 015\", bundeks_25, 1, 30, 650, 2390, 3320),\n        pytest.param(\n            \"TD 016\", aksolit_30, 8, 300, 650, 2390, 3320,\n            marks=pytest.mark.xfail(reson=\"Цена доставки: - - -\")\n        ),\n        (\"TD 017\", aksolit_30, 13, 400, 650, 2390, 3320),\n        (\"TD 018\", aksolit_30, 16, 500, 850, 2490, 3320),\n        (\"TD 019\", aksolit_30, 25, 1700, 1150, 2490, 3320),\n        (\"TD 020\", aksolit_30, 66, 2000, 1500, 2990, 3650),\n        (\"TD 021\", aksolit_30, 149, 4500, 2600, 4380, 4890),\n        (\"TD 022\", aksolit_30, 166, 5000, 2800, 5490, 5980),\n        pytest.param(\n            \"TD 023\", aksolit_30, 206, 6200, 3300, 7500, 8000,\n            marks=pytest.mark.xfail(reson=\"Цена доставки: 4300 9900 11440\")\n        ),\n        (\"TD 024\", aksolit_30, 299, 9000, 4300, 9900, 11440),\n        (\"TD 025\", aksolit_30, 333, 10000, 7000, 13900, 15900),\n        pytest.param(\n            \"TD 026\", aksolit_30, 366, 11000, 8000, 14900, 19900,\n            marks=pytest.mark.xfail(reson=\"Цена доставки: 7000 13900 15900\")\n        ),\n        pytest.param(\n            \"TD 027\", aksolit_30, 666, 20000, 14000, 16900, 23900,\n            marks=pytest.mark.xfail(reson=\"Цена доставки: 7000 13900 15900\")\n        )\n    ])\n    @pytest.mark.xfail\n    @pytest.mark.smoke_test\n    def test_positive_delivery_blue_zone_smoke(\n            self, driver, url, case_id, link_item, amount, weight, standard, in_time, all_time\n    ):\n        allure.dynamic.title(f\"{case_id} Доставка товара весом до {weight}кг. в синей зоне\")\n    \n        driver.get(f'{url}{link_item}')\n        item_page = ItemPage(driver)\n>       item_page.add_item_to_cart(amount).click_on_cart()\n\ntests/delivery/test_delivery_calculation.py:132: \n_ _ _ _ _ _ _ _ _ _ _ _ _ _ _ _ _ _ _ _ _ _ _ _ _ _ _ _ _ _ _ _ _ _ _ _ _ _ _ _ \npages/item_page.py:40: in add_item_to_cart\n    self.find_element(self._add_item).click()\nbase/seleniumbase.py:17: in find_element\n    return self.driver.find_element(*locator)\n/usr/local/lib/python3.11/site-packages/selenium/webdriver/remote/webdriver.py:739: in find_element\n    return self.execute(Command.FIND_ELEMENT, {\"using\": by, \"value\": value})[\"value\"]\n/usr/local/lib/python3.11/site-packages/selenium/webdriver/remote/webdriver.py:345: in execute\n    self.error_handler.check_response(response)\n_ _ _ _ _ _ _ _ _ _ _ _ _ _ _ _ _ _ _ _ _ _ _ _ _ _ _ _ _ _ _ _ _ _ _ _ _ _ _ _ \n\nself = <selenium.webdriver.remote.errorhandler.ErrorHandler object at 0x7f26b23041d0>\nresponse = {'status': 404, 'value': '{\"value\":{\"error\":\"no such element\",\"message\":\"no such element: Unable to locate element: {\\...\\\\n#16 0x557f2093efcb \\\\u003Cunknown>\\\\n#17 0x557f2094eae4 \\\\u003Cunknown>\\\\n#18 0x7f9ddbd8d134 \\\\u003Cunknown>\\\\n\"}}'}\n\n    def check_response(self, response: Dict[str, Any]) -> None:\n        \"\"\"Checks that a JSON response from the WebDriver does not have an\n        error.\n    \n        :Args:\n         - response - The JSON response from the WebDriver server as a dictionary\n           object.\n    \n        :Raises: If the response contains an error message.\n        \"\"\"\n        status = response.get(\"status\", None)\n        if not status or status == ErrorCode.SUCCESS:\n            return\n        value = None\n        message = response.get(\"message\", \"\")\n        screen: str = response.get(\"screen\", \"\")\n        stacktrace = None\n        if isinstance(status, int):\n            value_json = response.get(\"value\", None)\n            if value_json and isinstance(value_json, str):\n                import json\n    \n                try:\n                    value = json.loads(value_json)\n                    if len(value) == 1:\n                        value = value[\"value\"]\n                    status = value.get(\"error\", None)\n                    if not status:\n                        status = value.get(\"status\", ErrorCode.UNKNOWN_ERROR)\n                        message = value.get(\"value\") or value.get(\"message\")\n                        if not isinstance(message, str):\n                            value = message\n                            message = message.get(\"message\")\n                    else:\n                        message = value.get(\"message\", None)\n                except ValueError:\n                    pass\n    \n        exception_class: Type[WebDriverException]\n        e = ErrorCode()\n        error_codes = [item for item in dir(e) if not item.startswith(\"__\")]\n        for error_code in error_codes:\n            error_info = getattr(ErrorCode, error_code)\n            if isinstance(error_info, list) and status in error_info:\n                exception_class = getattr(ExceptionMapping, error_code, WebDriverException)\n                break\n        else:\n            exception_class = WebDriverException\n    \n        if not value:\n            value = response[\"value\"]\n        if isinstance(value, str):\n            raise exception_class(value)\n        if message == \"\" and \"message\" in value:\n            message = value[\"message\"]\n    \n        screen = None  # type: ignore[assignment]\n        if \"screen\" in value:\n            screen = value[\"screen\"]\n    \n        stacktrace = None\n        st_value = value.get(\"stackTrace\") or value.get(\"stacktrace\")\n        if st_value:\n            if isinstance(st_value, str):\n                stacktrace = st_value.split(\"\\n\")\n            else:\n                stacktrace = []\n                try:\n                    for frame in st_value:\n                        line = frame.get(\"lineNumber\", \"\")\n                        file = frame.get(\"fileName\", \"<anonymous>\")\n                        if line:\n                            file = f\"{file}:{line}\"\n                        meth = frame.get(\"methodName\", \"<anonymous>\")\n                        if \"className\" in frame:\n                            meth = f\"{frame['className']}.{meth}\"\n                        msg = \"    at %s (%s)\"\n                        msg = msg % (meth, file)\n                        stacktrace.append(msg)\n                except TypeError:\n                    pass\n        if exception_class == UnexpectedAlertPresentException:\n            alert_text = None\n            if \"data\" in value:\n                alert_text = value[\"data\"].get(\"text\")\n            elif \"alert\" in value:\n                alert_text = value[\"alert\"].get(\"text\")\n            raise exception_class(message, screen, stacktrace, alert_text)  # type: ignore[call-arg]  # mypy is not smart enough here\n>       raise exception_class(message, screen, stacktrace)\nE       selenium.common.exceptions.NoSuchElementException: Message: no such element: Unable to locate element: {\"method\":\"xpath\",\"selector\":\"(//a[@class='add-to-cart yellow-btn'])[1]\"}\nE         (Session info: chrome-headless-shell=123.0.6312.58); For documentation on this error, please visit: https://www.selenium.dev/documentation/webdriver/troubleshooting/errors#no-such-element-exception\nE       Stacktrace:\nE       #0 0x557f2094f993 <unknown>\nE       #1 0x557f2064a136 <unknown>\nE       #2 0x557f20694d48 <unknown>\nE       #3 0x557f20694e01 <unknown>\nE       #4 0x557f206d7e44 <unknown>\nE       #5 0x557f206b6cfd <unknown>\nE       #6 0x557f206d5319 <unknown>\nE       #7 0x557f206b6a73 <unknown>\nE       #8 0x557f20687c93 <unknown>\nE       #9 0x557f2068865e <unknown>\nE       #10 0x557f2091408b <unknown>\nE       #11 0x557f20918005 <unknown>\nE       #12 0x557f20902491 <unknown>\nE       #13 0x557f20918b92 <unknown>\nE       #14 0x557f208e79ef <unknown>\nE       #15 0x557f2093edf8 <unknown>\nE       #16 0x557f2093efcb <unknown>\nE       #17 0x557f2094eae4 <unknown>\nE       #18 0x7f9ddbd8d134 <unknown>\n\n/usr/local/lib/python3.11/site-packages/selenium/webdriver/remote/errorhandler.py:229: NoSuchElementException","flaky":false,"newFailed":false,"newBroken":false,"newPassed":false,"retriesCount":0,"retriesStatusChange":false,"beforeStages":[{"name":"_session_faker","time":{"start":1711327804449,"stop":1711327804513,"duration":64},"status":"passed","steps":[],"attachments":[],"parameters":[],"shouldDisplayMessage":false,"stepsCount":0,"attachmentsCount":0,"hasContent":false,"attachmentStep":false},{"name":"clear_allure_results_folder","time":{"start":1711327804513,"stop":1711327804513,"duration":0},"status":"passed","steps":[],"attachments":[],"parameters":[],"shouldDisplayMessage":false,"stepsCount":0,"attachmentsCount":0,"hasContent":false,"attachmentStep":false},{"name":"driver","time":{"start":1711328064751,"stop":1711328065527,"duration":776},"status":"passed","steps":[],"attachments":[],"parameters":[],"shouldDisplayMessage":false,"stepsCount":0,"attachmentsCount":0,"hasContent":false,"attachmentStep":false},{"name":"setup","time":{"start":1711328065527,"stop":1711328065527,"duration":0},"status":"passed","steps":[],"attachments":[],"parameters":[],"shouldDisplayMessage":false,"stepsCount":0,"attachmentsCount":0,"hasContent":false,"attachmentStep":false}],"testStage":{"status":"skipped","statusMessage":"XFAIL\n\nselenium.common.exceptions.NoSuchElementException: Message: no such element: Unable to locate element: {\"method\":\"xpath\",\"selector\":\"(//a[@class='add-to-cart yellow-btn'])[1]\"}\n  (Session info: chrome-headless-shell=123.0.6312.58); For documentation on this error, please visit: https://www.selenium.dev/documentation/webdriver/troubleshooting/errors#no-such-element-exception\nStacktrace:\n#0 0x557f2094f993 <unknown>\n#1 0x557f2064a136 <unknown>\n#2 0x557f20694d48 <unknown>\n#3 0x557f20694e01 <unknown>\n#4 0x557f206d7e44 <unknown>\n#5 0x557f206b6cfd <unknown>\n#6 0x557f206d5319 <unknown>\n#7 0x557f206b6a73 <unknown>\n#8 0x557f20687c93 <unknown>\n#9 0x557f2068865e <unknown>\n#10 0x557f2091408b <unknown>\n#11 0x557f20918005 <unknown>\n#12 0x557f20902491 <unknown>\n#13 0x557f20918b92 <unknown>\n#14 0x557f208e79ef <unknown>\n#15 0x557f2093edf8 <unknown>\n#16 0x557f2093efcb <unknown>\n#17 0x557f2094eae4 <unknown>\n#18 0x7f9ddbd8d134 <unknown>","statusTrace":"self = <tests.delivery.test_delivery_calculation.TestDeliveryPageCalculation object at 0x7f26b15d5010>\ndriver = <selenium.webdriver.chrome.webdriver.WebDriver (session=\"bd4c477455345ae3e79bcbcf76e320d9\")>\nurl = 'https://sandboxtest.stroyrem-nn.ru/', case_id = 'TD 018'\nlink_item = 'products/shtukaturka-gipsovaya-aksolit-m50-30-kg-mashinnogo-naneseniya'\namount = 16, weight = 500, standard = 850, in_time = 2490, all_time = 3320\n\n    @pytest.mark.parametrize('case_id, link_item, amount, weight, standard, in_time, all_time', [\n        (\"TD 015\", bundeks_25, 1, 30, 650, 2390, 3320),\n        pytest.param(\n            \"TD 016\", aksolit_30, 8, 300, 650, 2390, 3320,\n            marks=pytest.mark.xfail(reson=\"Цена доставки: - - -\")\n        ),\n        (\"TD 017\", aksolit_30, 13, 400, 650, 2390, 3320),\n        (\"TD 018\", aksolit_30, 16, 500, 850, 2490, 3320),\n        (\"TD 019\", aksolit_30, 25, 1700, 1150, 2490, 3320),\n        (\"TD 020\", aksolit_30, 66, 2000, 1500, 2990, 3650),\n        (\"TD 021\", aksolit_30, 149, 4500, 2600, 4380, 4890),\n        (\"TD 022\", aksolit_30, 166, 5000, 2800, 5490, 5980),\n        pytest.param(\n            \"TD 023\", aksolit_30, 206, 6200, 3300, 7500, 8000,\n            marks=pytest.mark.xfail(reson=\"Цена доставки: 4300 9900 11440\")\n        ),\n        (\"TD 024\", aksolit_30, 299, 9000, 4300, 9900, 11440),\n        (\"TD 025\", aksolit_30, 333, 10000, 7000, 13900, 15900),\n        pytest.param(\n            \"TD 026\", aksolit_30, 366, 11000, 8000, 14900, 19900,\n            marks=pytest.mark.xfail(reson=\"Цена доставки: 7000 13900 15900\")\n        ),\n        pytest.param(\n            \"TD 027\", aksolit_30, 666, 20000, 14000, 16900, 23900,\n            marks=pytest.mark.xfail(reson=\"Цена доставки: 7000 13900 15900\")\n        )\n    ])\n    @pytest.mark.xfail\n    @pytest.mark.smoke_test\n    def test_positive_delivery_blue_zone_smoke(\n            self, driver, url, case_id, link_item, amount, weight, standard, in_time, all_time\n    ):\n        allure.dynamic.title(f\"{case_id} Доставка товара весом до {weight}кг. в синей зоне\")\n    \n        driver.get(f'{url}{link_item}')\n        item_page = ItemPage(driver)\n>       item_page.add_item_to_cart(amount).click_on_cart()\n\ntests/delivery/test_delivery_calculation.py:132: \n_ _ _ _ _ _ _ _ _ _ _ _ _ _ _ _ _ _ _ _ _ _ _ _ _ _ _ _ _ _ _ _ _ _ _ _ _ _ _ _ \npages/item_page.py:40: in add_item_to_cart\n    self.find_element(self._add_item).click()\nbase/seleniumbase.py:17: in find_element\n    return self.driver.find_element(*locator)\n/usr/local/lib/python3.11/site-packages/selenium/webdriver/remote/webdriver.py:739: in find_element\n    return self.execute(Command.FIND_ELEMENT, {\"using\": by, \"value\": value})[\"value\"]\n/usr/local/lib/python3.11/site-packages/selenium/webdriver/remote/webdriver.py:345: in execute\n    self.error_handler.check_response(response)\n_ _ _ _ _ _ _ _ _ _ _ _ _ _ _ _ _ _ _ _ _ _ _ _ _ _ _ _ _ _ _ _ _ _ _ _ _ _ _ _ \n\nself = <selenium.webdriver.remote.errorhandler.ErrorHandler object at 0x7f26b23041d0>\nresponse = {'status': 404, 'value': '{\"value\":{\"error\":\"no such element\",\"message\":\"no such element: Unable to locate element: {\\...\\\\n#16 0x557f2093efcb \\\\u003Cunknown>\\\\n#17 0x557f2094eae4 \\\\u003Cunknown>\\\\n#18 0x7f9ddbd8d134 \\\\u003Cunknown>\\\\n\"}}'}\n\n    def check_response(self, response: Dict[str, Any]) -> None:\n        \"\"\"Checks that a JSON response from the WebDriver does not have an\n        error.\n    \n        :Args:\n         - response - The JSON response from the WebDriver server as a dictionary\n           object.\n    \n        :Raises: If the response contains an error message.\n        \"\"\"\n        status = response.get(\"status\", None)\n        if not status or status == ErrorCode.SUCCESS:\n            return\n        value = None\n        message = response.get(\"message\", \"\")\n        screen: str = response.get(\"screen\", \"\")\n        stacktrace = None\n        if isinstance(status, int):\n            value_json = response.get(\"value\", None)\n            if value_json and isinstance(value_json, str):\n                import json\n    \n                try:\n                    value = json.loads(value_json)\n                    if len(value) == 1:\n                        value = value[\"value\"]\n                    status = value.get(\"error\", None)\n                    if not status:\n                        status = value.get(\"status\", ErrorCode.UNKNOWN_ERROR)\n                        message = value.get(\"value\") or value.get(\"message\")\n                        if not isinstance(message, str):\n                            value = message\n                            message = message.get(\"message\")\n                    else:\n                        message = value.get(\"message\", None)\n                except ValueError:\n                    pass\n    \n        exception_class: Type[WebDriverException]\n        e = ErrorCode()\n        error_codes = [item for item in dir(e) if not item.startswith(\"__\")]\n        for error_code in error_codes:\n            error_info = getattr(ErrorCode, error_code)\n            if isinstance(error_info, list) and status in error_info:\n                exception_class = getattr(ExceptionMapping, error_code, WebDriverException)\n                break\n        else:\n            exception_class = WebDriverException\n    \n        if not value:\n            value = response[\"value\"]\n        if isinstance(value, str):\n            raise exception_class(value)\n        if message == \"\" and \"message\" in value:\n            message = value[\"message\"]\n    \n        screen = None  # type: ignore[assignment]\n        if \"screen\" in value:\n            screen = value[\"screen\"]\n    \n        stacktrace = None\n        st_value = value.get(\"stackTrace\") or value.get(\"stacktrace\")\n        if st_value:\n            if isinstance(st_value, str):\n                stacktrace = st_value.split(\"\\n\")\n            else:\n                stacktrace = []\n                try:\n                    for frame in st_value:\n                        line = frame.get(\"lineNumber\", \"\")\n                        file = frame.get(\"fileName\", \"<anonymous>\")\n                        if line:\n                            file = f\"{file}:{line}\"\n                        meth = frame.get(\"methodName\", \"<anonymous>\")\n                        if \"className\" in frame:\n                            meth = f\"{frame['className']}.{meth}\"\n                        msg = \"    at %s (%s)\"\n                        msg = msg % (meth, file)\n                        stacktrace.append(msg)\n                except TypeError:\n                    pass\n        if exception_class == UnexpectedAlertPresentException:\n            alert_text = None\n            if \"data\" in value:\n                alert_text = value[\"data\"].get(\"text\")\n            elif \"alert\" in value:\n                alert_text = value[\"alert\"].get(\"text\")\n            raise exception_class(message, screen, stacktrace, alert_text)  # type: ignore[call-arg]  # mypy is not smart enough here\n>       raise exception_class(message, screen, stacktrace)\nE       selenium.common.exceptions.NoSuchElementException: Message: no such element: Unable to locate element: {\"method\":\"xpath\",\"selector\":\"(//a[@class='add-to-cart yellow-btn'])[1]\"}\nE         (Session info: chrome-headless-shell=123.0.6312.58); For documentation on this error, please visit: https://www.selenium.dev/documentation/webdriver/troubleshooting/errors#no-such-element-exception\nE       Stacktrace:\nE       #0 0x557f2094f993 <unknown>\nE       #1 0x557f2064a136 <unknown>\nE       #2 0x557f20694d48 <unknown>\nE       #3 0x557f20694e01 <unknown>\nE       #4 0x557f206d7e44 <unknown>\nE       #5 0x557f206b6cfd <unknown>\nE       #6 0x557f206d5319 <unknown>\nE       #7 0x557f206b6a73 <unknown>\nE       #8 0x557f20687c93 <unknown>\nE       #9 0x557f2068865e <unknown>\nE       #10 0x557f2091408b <unknown>\nE       #11 0x557f20918005 <unknown>\nE       #12 0x557f20902491 <unknown>\nE       #13 0x557f20918b92 <unknown>\nE       #14 0x557f208e79ef <unknown>\nE       #15 0x557f2093edf8 <unknown>\nE       #16 0x557f2093efcb <unknown>\nE       #17 0x557f2094eae4 <unknown>\nE       #18 0x7f9ddbd8d134 <unknown>\n\n/usr/local/lib/python3.11/site-packages/selenium/webdriver/remote/errorhandler.py:229: NoSuchElementException","steps":[{"name":"Добавляем товар в корзину в количестве 16","time":{"start":1711328065915,"stop":1711328065927,"duration":12},"status":"broken","statusMessage":"selenium.common.exceptions.NoSuchElementException: Message: no such element: Unable to locate element: {\"method\":\"xpath\",\"selector\":\"(//a[@class='add-to-cart yellow-btn'])[1]\"}\n  (Session info: chrome-headless-shell=123.0.6312.58); For documentation on this error, please visit: https://www.selenium.dev/documentation/webdriver/troubleshooting/errors#no-such-element-exception\nStacktrace:\n#0 0x557f2094f993 <unknown>\n#1 0x557f2064a136 <unknown>\n#2 0x557f20694d48 <unknown>\n#3 0x557f20694e01 <unknown>\n#4 0x557f206d7e44 <unknown>\n#5 0x557f206b6cfd <unknown>\n#6 0x557f206d5319 <unknown>\n#7 0x557f206b6a73 <unknown>\n#8 0x557f20687c93 <unknown>\n#9 0x557f2068865e <unknown>\n#10 0x557f2091408b <unknown>\n#11 0x557f20918005 <unknown>\n#12 0x557f20902491 <unknown>\n#13 0x557f20918b92 <unknown>\n#14 0x557f208e79ef <unknown>\n#15 0x557f2093edf8 <unknown>\n#16 0x557f2093efcb <unknown>\n#17 0x557f2094eae4 <unknown>\n#18 0x7f9ddbd8d134 <unknown>\n\n","statusTrace":"  File \"/usr/local/lib/python3.11/site-packages/allure_commons/_allure.py\", line 192, in impl\n    return func(*a, **kw)\n           ^^^^^^^^^^^^^^\n  File \"/app/pages/item_page.py\", line 40, in add_item_to_cart\n    self.find_element(self._add_item).click()\n    ^^^^^^^^^^^^^^^^^^^^^^^^^^^^^^^^^\n  File \"/app/base/seleniumbase.py\", line 17, in find_element\n    return self.driver.find_element(*locator)\n           ^^^^^^^^^^^^^^^^^^^^^^^^^^^^^^^^^^\n  File \"/usr/local/lib/python3.11/site-packages/selenium/webdriver/remote/webdriver.py\", line 739, in find_element\n    return self.execute(Command.FIND_ELEMENT, {\"using\": by, \"value\": value})[\"value\"]\n           ^^^^^^^^^^^^^^^^^^^^^^^^^^^^^^^^^^^^^^^^^^^^^^^^^^^^^^^^^^^^^^^^^\n  File \"/usr/local/lib/python3.11/site-packages/selenium/webdriver/remote/webdriver.py\", line 345, in execute\n    self.error_handler.check_response(response)\n  File \"/usr/local/lib/python3.11/site-packages/selenium/webdriver/remote/errorhandler.py\", line 229, in check_response\n    raise exception_class(message, screen, stacktrace)\n","steps":[],"attachments":[],"parameters":[{"name":"amount","value":"16"}],"shouldDisplayMessage":true,"stepsCount":0,"attachmentsCount":0,"hasContent":true,"attachmentStep":false}],"attachments":[{"uid":"753e0add380456d9","name":"Screenshot","source":"753e0add380456d9.png","type":"image/png","size":5862},{"uid":"977c16fd7a96634f","name":"HTML source","source":"977c16fd7a96634f.html","type":"text/html","size":39}],"parameters":[],"shouldDisplayMessage":true,"stepsCount":1,"attachmentsCount":2,"hasContent":true,"attachmentStep":false},"afterStages":[{"name":"setup::0","time":{"start":1711328066038,"stop":1711328066038,"duration":0},"status":"passed","steps":[],"attachments":[],"parameters":[],"shouldDisplayMessage":false,"stepsCount":0,"attachmentsCount":0,"hasContent":false,"attachmentStep":false},{"name":"driver::0","time":{"start":1711328066039,"stop":1711328066095,"duration":56},"status":"passed","steps":[],"attachments":[],"parameters":[],"shouldDisplayMessage":false,"stepsCount":0,"attachmentsCount":0,"hasContent":false,"attachmentStep":false}],"labels":[{"name":"epic","value":"Delivery Page - calculation"},{"name":"tag","value":"smoke_test"},{"name":"tag","value":"@pytest.mark.xfail"},{"name":"parentSuite","value":"tests.delivery"},{"name":"suite","value":"test_delivery_calculation"},{"name":"subSuite","value":"TestDeliveryPageCalculation"},{"name":"host","value":"cc6fea320d71"},{"name":"thread","value":"1-MainThread"},{"name":"framework","value":"pytest"},{"name":"language","value":"cpython3"},{"name":"package","value":"tests.delivery.test_delivery_calculation"},{"name":"resultFormat","value":"allure2"}],"parameters":[{"name":"all_time","value":"3320"},{"name":"amount","value":"16"},{"name":"case_id","value":"'TD 018'"},{"name":"in_time","value":"2490"},{"name":"link_item","value":"'products/shtukaturka-gipsovaya-aksolit-m50-30-kg-mashinnogo-naneseniya'"},{"name":"standard","value":"850"},{"name":"url","value":"'https://sandboxtest.stroyrem-nn.ru/'"},{"name":"weight","value":"500"}],"links":[],"hidden":false,"retry":false,"extra":{"severity":"normal","retries":[],"categories":[],"history":{"statistic":{"failed":0,"broken":13,"skipped":196,"passed":0,"unknown":0,"total":209},"items":[{"uid":"e5a18d1750f796a0","reportUrl":"https://Nat754.github.io/StroyremAutomation/256//#testresult/e5a18d1750f796a0","status":"skipped","statusDetails":"XFAIL\n\nselenium.common.exceptions.NoSuchElementException: Message: no such element: Unable to locate element: {\"method\":\"xpath\",\"selector\":\"(//a[@class='add-to-cart yellow-btn'])[1]\"}\n  (Session info: chrome-headless-shell=123.0.6312.58); For documentation on this error, please visit: https://www.selenium.dev/documentation/webdriver/troubleshooting/errors#no-such-element-exception\nStacktrace:\n#0 0x55591a1ca993 <unknown>\n#1 0x555919ec5136 <unknown>\n#2 0x555919f0fd48 <unknown>\n#3 0x555919f0fe01 <unknown>\n#4 0x555919f52e44 <unknown>\n#5 0x555919f31cfd <unknown>\n#6 0x555919f50319 <unknown>\n#7 0x555919f31a73 <unknown>\n#8 0x555919f02c93 <unknown>\n#9 0x555919f0365e <unknown>\n#10 0x55591a18f08b <unknown>\n#11 0x55591a193005 <unknown>\n#12 0x55591a17d491 <unknown>\n#13 0x55591a193b92 <unknown>\n#14 0x55591a1629ef <unknown>\n#15 0x55591a1b9df8 <unknown>\n#16 0x55591a1b9fcb <unknown>\n#17 0x55591a1c9ae4 <unknown>\n#18 0x7f3401021134 <unknown>","time":{"start":1711241894292,"stop":1711241894621,"duration":329}},{"uid":"3187c6f9098d2450","reportUrl":"https://Nat754.github.io/StroyremAutomation/255//#testresult/3187c6f9098d2450","status":"skipped","statusDetails":"XFAIL\n\nselenium.common.exceptions.NoSuchElementException: Message: no such element: Unable to locate element: {\"method\":\"xpath\",\"selector\":\"(//a[@class='add-to-cart yellow-btn'])[1]\"}\n  (Session info: chrome-headless-shell=123.0.6312.58); For documentation on this error, please visit: https://www.selenium.dev/documentation/webdriver/troubleshooting/errors#no-such-element-exception\nStacktrace:\n#0 0x56175e96a993 <unknown>\n#1 0x56175e665136 <unknown>\n#2 0x56175e6afd48 <unknown>\n#3 0x56175e6afe01 <unknown>\n#4 0x56175e6f2e44 <unknown>\n#5 0x56175e6d1cfd <unknown>\n#6 0x56175e6f0319 <unknown>\n#7 0x56175e6d1a73 <unknown>\n#8 0x56175e6a2c93 <unknown>\n#9 0x56175e6a365e <unknown>\n#10 0x56175e92f08b <unknown>\n#11 0x56175e933005 <unknown>\n#12 0x56175e91d491 <unknown>\n#13 0x56175e933b92 <unknown>\n#14 0x56175e9029ef <unknown>\n#15 0x56175e959df8 <unknown>\n#16 0x56175e959fcb <unknown>\n#17 0x56175e969ae4 <unknown>\n#18 0x7f1d6da63134 <unknown>","time":{"start":1711155057898,"stop":1711155058189,"duration":291}},{"uid":"a06466f5308fd2de","reportUrl":"https://Nat754.github.io/StroyremAutomation/254//#testresult/a06466f5308fd2de","status":"skipped","statusDetails":"XFAIL\n\nselenium.common.exceptions.NoSuchElementException: Message: no such element: Unable to locate element: {\"method\":\"xpath\",\"selector\":\"(//a[@class='add-to-cart yellow-btn'])[1]\"}\n  (Session info: chrome-headless-shell=123.0.6312.58); For documentation on this error, please visit: https://www.selenium.dev/documentation/webdriver/troubleshooting/errors#no-such-element-exception\nStacktrace:\n#0 0x55ca258d5993 <unknown>\n#1 0x55ca255d0136 <unknown>\n#2 0x55ca2561ad48 <unknown>\n#3 0x55ca2561ae01 <unknown>\n#4 0x55ca2565de44 <unknown>\n#5 0x55ca2563ccfd <unknown>\n#6 0x55ca2565b319 <unknown>\n#7 0x55ca2563ca73 <unknown>\n#8 0x55ca2560dc93 <unknown>\n#9 0x55ca2560e65e <unknown>\n#10 0x55ca2589a08b <unknown>\n#11 0x55ca2589e005 <unknown>\n#12 0x55ca25888491 <unknown>\n#13 0x55ca2589eb92 <unknown>\n#14 0x55ca2586d9ef <unknown>\n#15 0x55ca258c4df8 <unknown>\n#16 0x55ca258c4fcb <unknown>\n#17 0x55ca258d4ae4 <unknown>\n#18 0x7f0b243e4134 <unknown>","time":{"start":1711068725761,"stop":1711068726050,"duration":289}},{"uid":"2713732910078d07","reportUrl":"https://Nat754.github.io/StroyremAutomation/253//#testresult/2713732910078d07","status":"skipped","statusDetails":"XFAIL\n\nselenium.common.exceptions.NoSuchElementException: Message: no such element: Unable to locate element: {\"method\":\"xpath\",\"selector\":\"(//a[@class='add-to-cart yellow-btn'])[1]\"}\n  (Session info: chrome-headless-shell=123.0.6312.58); For documentation on this error, please visit: https://www.selenium.dev/documentation/webdriver/troubleshooting/errors#no-such-element-exception\nStacktrace:\n#0 0x55f6c35fa993 <unknown>\n#1 0x55f6c32f5136 <unknown>\n#2 0x55f6c333fd48 <unknown>\n#3 0x55f6c333fe01 <unknown>\n#4 0x55f6c3382e44 <unknown>\n#5 0x55f6c3361cfd <unknown>\n#6 0x55f6c3380319 <unknown>\n#7 0x55f6c3361a73 <unknown>\n#8 0x55f6c3332c93 <unknown>\n#9 0x55f6c333365e <unknown>\n#10 0x55f6c35bf08b <unknown>\n#11 0x55f6c35c3005 <unknown>\n#12 0x55f6c35ad491 <unknown>\n#13 0x55f6c35c3b92 <unknown>\n#14 0x55f6c35929ef <unknown>\n#15 0x55f6c35e9df8 <unknown>\n#16 0x55f6c35e9fcb <unknown>\n#17 0x55f6c35f9ae4 <unknown>\n#18 0x7f8a05056134 <unknown>","time":{"start":1710982497187,"stop":1710982497610,"duration":423}},{"uid":"ecc8f3e088028b02","reportUrl":"https://Nat754.github.io/StroyremAutomation/252//#testresult/ecc8f3e088028b02","status":"skipped","statusDetails":"XFAIL\n\nselenium.common.exceptions.NoSuchElementException: Message: no such element: Unable to locate element: {\"method\":\"xpath\",\"selector\":\"(//a[@class='add-to-cart yellow-btn'])[1]\"}\n  (Session info: chrome-headless-shell=123.0.6312.58); For documentation on this error, please visit: https://www.selenium.dev/documentation/webdriver/troubleshooting/errors#no-such-element-exception\nStacktrace:\n#0 0x6412b5bc5993 <unknown>\n#1 0x6412b58c0136 <unknown>\n#2 0x6412b590ad48 <unknown>\n#3 0x6412b590ae01 <unknown>\n#4 0x6412b594de44 <unknown>\n#5 0x6412b592ccfd <unknown>\n#6 0x6412b594b319 <unknown>\n#7 0x6412b592ca73 <unknown>\n#8 0x6412b58fdc93 <unknown>\n#9 0x6412b58fe65e <unknown>\n#10 0x6412b5b8a08b <unknown>\n#11 0x6412b5b8e005 <unknown>\n#12 0x6412b5b78491 <unknown>\n#13 0x6412b5b8eb92 <unknown>\n#14 0x6412b5b5d9ef <unknown>\n#15 0x6412b5bb4df8 <unknown>\n#16 0x6412b5bb4fcb <unknown>\n#17 0x6412b5bc4ae4 <unknown>\n#18 0x79e5c1a96134 <unknown>","time":{"start":1710895897681,"stop":1710895898231,"duration":550}},{"uid":"eaad6acb92f51e94","reportUrl":"https://Nat754.github.io/StroyremAutomation/251//#testresult/eaad6acb92f51e94","status":"skipped","statusDetails":"XFAIL\n\nselenium.common.exceptions.NoSuchElementException: Message: no such element: Unable to locate element: {\"method\":\"xpath\",\"selector\":\"(//a[@class='add-to-cart yellow-btn'])[1]\"}\n  (Session info: chrome-headless-shell=122.0.6261.128); For documentation on this error, please visit: https://www.selenium.dev/documentation/webdriver/troubleshooting/errors#no-such-element-exception\nStacktrace:\n#0 0x5615af6a8f33 <unknown>\n#1 0x5615af3a0ce6 <unknown>\n#2 0x5615af3ebe48 <unknown>\n#3 0x5615af3ebf01 <unknown>\n#4 0x5615af42f3f4 <unknown>\n#5 0x5615af40dedd <unknown>\n#6 0x5615af42c899 <unknown>\n#7 0x5615af40dc53 <unknown>\n#8 0x5615af3dedb3 <unknown>\n#9 0x5615af3df77e <unknown>\n#10 0x5615af66e86b <unknown>\n#11 0x5615af672885 <unknown>\n#12 0x5615af65c181 <unknown>\n#13 0x5615af673412 <unknown>\n#14 0x5615af64025f <unknown>\n#15 0x5615af697528 <unknown>\n#16 0x5615af697723 <unknown>\n#17 0x5615af6a80e4 <unknown>\n#18 0x7ff417639134 <unknown>","time":{"start":1710809538903,"stop":1710809539302,"duration":399}},{"uid":"7ed2996f7a9f7819","reportUrl":"https://Nat754.github.io/StroyremAutomation/250//#testresult/7ed2996f7a9f7819","status":"skipped","statusDetails":"XFAIL\n\nselenium.common.exceptions.NoSuchElementException: Message: no such element: Unable to locate element: {\"method\":\"xpath\",\"selector\":\"(//a[@class='add-to-cart yellow-btn'])[1]\"}\n  (Session info: chrome-headless-shell=122.0.6261.128); For documentation on this error, please visit: https://www.selenium.dev/documentation/webdriver/troubleshooting/errors#no-such-element-exception\nStacktrace:\n#0 0x5ce917509f33 <unknown>\n#1 0x5ce917201ce6 <unknown>\n#2 0x5ce91724ce48 <unknown>\n#3 0x5ce91724cf01 <unknown>\n#4 0x5ce9172903f4 <unknown>\n#5 0x5ce91726eedd <unknown>\n#6 0x5ce91728d899 <unknown>\n#7 0x5ce91726ec53 <unknown>\n#8 0x5ce91723fdb3 <unknown>\n#9 0x5ce91724077e <unknown>\n#10 0x5ce9174cf86b <unknown>\n#11 0x5ce9174d3885 <unknown>\n#12 0x5ce9174bd181 <unknown>\n#13 0x5ce9174d4412 <unknown>\n#14 0x5ce9174a125f <unknown>\n#15 0x5ce9174f8528 <unknown>\n#16 0x5ce9174f8723 <unknown>\n#17 0x5ce9175090e4 <unknown>\n#18 0x7fc980cb9134 <unknown>","time":{"start":1710723192425,"stop":1710723192753,"duration":328}},{"uid":"76664224a606f18b","reportUrl":"https://Nat754.github.io/StroyremAutomation/249//#testresult/76664224a606f18b","status":"skipped","statusDetails":"XFAIL\n\nselenium.common.exceptions.NoSuchElementException: Message: no such element: Unable to locate element: {\"method\":\"xpath\",\"selector\":\"(//a[@class='add-to-cart yellow-btn'])[1]\"}\n  (Session info: chrome-headless-shell=122.0.6261.128); For documentation on this error, please visit: https://www.selenium.dev/documentation/webdriver/troubleshooting/errors#no-such-element-exception\nStacktrace:\n#0 0x5b96247abf33 <unknown>\n#1 0x5b96244a3ce6 <unknown>\n#2 0x5b96244eee48 <unknown>\n#3 0x5b96244eef01 <unknown>\n#4 0x5b96245323f4 <unknown>\n#5 0x5b9624510edd <unknown>\n#6 0x5b962452f899 <unknown>\n#7 0x5b9624510c53 <unknown>\n#8 0x5b96244e1db3 <unknown>\n#9 0x5b96244e277e <unknown>\n#10 0x5b962477186b <unknown>\n#11 0x5b9624775885 <unknown>\n#12 0x5b962475f181 <unknown>\n#13 0x5b9624776412 <unknown>\n#14 0x5b962474325f <unknown>\n#15 0x5b962479a528 <unknown>\n#16 0x5b962479a723 <unknown>\n#17 0x5b96247ab0e4 <unknown>\n#18 0x7c8b47b2f134 <unknown>","time":{"start":1710636962084,"stop":1710636962372,"duration":288}},{"uid":"f00b34b7af6cb9d5","reportUrl":"https://Nat754.github.io/StroyremAutomation/248//#testresult/f00b34b7af6cb9d5","status":"skipped","statusDetails":"XFAIL\n\nselenium.common.exceptions.NoSuchElementException: Message: no such element: Unable to locate element: {\"method\":\"xpath\",\"selector\":\"(//a[@class='add-to-cart yellow-btn'])[1]\"}\n  (Session info: chrome-headless-shell=122.0.6261.128); For documentation on this error, please visit: https://www.selenium.dev/documentation/webdriver/troubleshooting/errors#no-such-element-exception\nStacktrace:\n#0 0x601380d1ff33 <unknown>\n#1 0x601380a17ce6 <unknown>\n#2 0x601380a62e48 <unknown>\n#3 0x601380a62f01 <unknown>\n#4 0x601380aa63f4 <unknown>\n#5 0x601380a84edd <unknown>\n#6 0x601380aa3899 <unknown>\n#7 0x601380a84c53 <unknown>\n#8 0x601380a55db3 <unknown>\n#9 0x601380a5677e <unknown>\n#10 0x601380ce586b <unknown>\n#11 0x601380ce9885 <unknown>\n#12 0x601380cd3181 <unknown>\n#13 0x601380cea412 <unknown>\n#14 0x601380cb725f <unknown>\n#15 0x601380d0e528 <unknown>\n#16 0x601380d0e723 <unknown>\n#17 0x601380d1f0e4 <unknown>\n#18 0x7c96a6c0c134 <unknown>","time":{"start":1710550237323,"stop":1710550237613,"duration":290}},{"uid":"bb51a9549257388f","reportUrl":"https://Nat754.github.io/StroyremAutomation/247//#testresult/bb51a9549257388f","status":"skipped","statusDetails":"XFAIL\n\nselenium.common.exceptions.NoSuchElementException: Message: no such element: Unable to locate element: {\"method\":\"xpath\",\"selector\":\"(//a[@class='add-to-cart yellow-btn'])[1]\"}\n  (Session info: chrome-headless-shell=122.0.6261.128); For documentation on this error, please visit: https://www.selenium.dev/documentation/webdriver/troubleshooting/errors#no-such-element-exception\nStacktrace:\n#0 0x580f73726f33 <unknown>\n#1 0x580f7341ece6 <unknown>\n#2 0x580f73469e48 <unknown>\n#3 0x580f73469f01 <unknown>\n#4 0x580f734ad3f4 <unknown>\n#5 0x580f7348bedd <unknown>\n#6 0x580f734aa899 <unknown>\n#7 0x580f7348bc53 <unknown>\n#8 0x580f7345cdb3 <unknown>\n#9 0x580f7345d77e <unknown>\n#10 0x580f736ec86b <unknown>\n#11 0x580f736f0885 <unknown>\n#12 0x580f736da181 <unknown>\n#13 0x580f736f1412 <unknown>\n#14 0x580f736be25f <unknown>\n#15 0x580f73715528 <unknown>\n#16 0x580f73715723 <unknown>\n#17 0x580f737260e4 <unknown>\n#18 0x71370454f134 <unknown>","time":{"start":1710463975582,"stop":1710463975924,"duration":342}},{"uid":"24d346d477e82b1c","reportUrl":"https://Nat754.github.io/StroyremAutomation/246//#testresult/24d346d477e82b1c","status":"skipped","statusDetails":"XFAIL\n\nselenium.common.exceptions.NoSuchElementException: Message: no such element: Unable to locate element: {\"method\":\"xpath\",\"selector\":\"(//a[@class='add-to-cart yellow-btn'])[1]\"}\n  (Session info: chrome-headless-shell=122.0.6261.128); For documentation on this error, please visit: https://www.selenium.dev/documentation/webdriver/troubleshooting/errors#no-such-element-exception\nStacktrace:\n#0 0x61cd4ec17f33 <unknown>\n#1 0x61cd4e90fce6 <unknown>\n#2 0x61cd4e95ae48 <unknown>\n#3 0x61cd4e95af01 <unknown>\n#4 0x61cd4e99e3f4 <unknown>\n#5 0x61cd4e97cedd <unknown>\n#6 0x61cd4e99b899 <unknown>\n#7 0x61cd4e97cc53 <unknown>\n#8 0x61cd4e94ddb3 <unknown>\n#9 0x61cd4e94e77e <unknown>\n#10 0x61cd4ebdd86b <unknown>\n#11 0x61cd4ebe1885 <unknown>\n#12 0x61cd4ebcb181 <unknown>\n#13 0x61cd4ebe2412 <unknown>\n#14 0x61cd4ebaf25f <unknown>\n#15 0x61cd4ec06528 <unknown>\n#16 0x61cd4ec06723 <unknown>\n#17 0x61cd4ec170e4 <unknown>\n#18 0x75f761969134 <unknown>","time":{"start":1710377556587,"stop":1710377556940,"duration":353}},{"uid":"d77cc1ced399a1e8","reportUrl":"https://Nat754.github.io/StroyremAutomation/245//#testresult/d77cc1ced399a1e8","status":"skipped","statusDetails":"XFAIL\n\nselenium.common.exceptions.NoSuchElementException: Message: no such element: Unable to locate element: {\"method\":\"xpath\",\"selector\":\"(//a[@class='add-to-cart yellow-btn'])[1]\"}\n  (Session info: chrome-headless-shell=122.0.6261.128); For documentation on this error, please visit: https://www.selenium.dev/documentation/webdriver/troubleshooting/errors#no-such-element-exception\nStacktrace:\n#0 0x558d6464af33 <unknown>\n#1 0x558d64342ce6 <unknown>\n#2 0x558d6438de48 <unknown>\n#3 0x558d6438df01 <unknown>\n#4 0x558d643d13f4 <unknown>\n#5 0x558d643afedd <unknown>\n#6 0x558d643ce899 <unknown>\n#7 0x558d643afc53 <unknown>\n#8 0x558d64380db3 <unknown>\n#9 0x558d6438177e <unknown>\n#10 0x558d6461086b <unknown>\n#11 0x558d64614885 <unknown>\n#12 0x558d645fe181 <unknown>\n#13 0x558d64615412 <unknown>\n#14 0x558d645e225f <unknown>\n#15 0x558d64639528 <unknown>\n#16 0x558d64639723 <unknown>\n#17 0x558d6464a0e4 <unknown>\n#18 0x7f3389863134 <unknown>","time":{"start":1710291222821,"stop":1710291223259,"duration":438}},{"uid":"ca54d028fe4e097f","reportUrl":"https://Nat754.github.io/StroyremAutomation/244//#testresult/ca54d028fe4e097f","status":"skipped","statusDetails":"XFAIL\n\nselenium.common.exceptions.NoSuchElementException: Message: no such element: Unable to locate element: {\"method\":\"xpath\",\"selector\":\"(//a[@class='add-to-cart yellow-btn'])[1]\"}\n  (Session info: chrome-headless-shell=122.0.6261.111); For documentation on this error, please visit: https://www.selenium.dev/documentation/webdriver/troubleshooting/errors#no-such-element-exception\nStacktrace:\n#0 0x5593334abec3 <unknown>\n#1 0x5593331a3ce6 <unknown>\n#2 0x5593331eee48 <unknown>\n#3 0x5593331eef01 <unknown>\n#4 0x5593332323f4 <unknown>\n#5 0x559333210edd <unknown>\n#6 0x55933322f899 <unknown>\n#7 0x559333210c53 <unknown>\n#8 0x5593331e1db3 <unknown>\n#9 0x5593331e277e <unknown>\n#10 0x5593334717fb <unknown>\n#11 0x559333475815 <unknown>\n#12 0x55933345f111 <unknown>\n#13 0x5593334763a2 <unknown>\n#14 0x5593334431ef <unknown>\n#15 0x55933349a4b8 <unknown>\n#16 0x55933349a6b3 <unknown>\n#17 0x5593334ab074 <unknown>\n#18 0x7f9fd17a4134 <unknown>","time":{"start":1710204688321,"stop":1710204688755,"duration":434}},{"uid":"f272d7b1d4424e42","reportUrl":"https://Nat754.github.io/StroyremAutomation/243//#testresult/f272d7b1d4424e42","status":"skipped","statusDetails":"XFAIL\n\nselenium.common.exceptions.NoSuchElementException: Message: no such element: Unable to locate element: {\"method\":\"xpath\",\"selector\":\"(//a[@class='add-to-cart yellow-btn'])[1]\"}\n  (Session info: chrome-headless-shell=122.0.6261.111); For documentation on this error, please visit: https://www.selenium.dev/documentation/webdriver/troubleshooting/errors#no-such-element-exception\nStacktrace:\n#0 0x55943e3deec3 <unknown>\n#1 0x55943e0d6ce6 <unknown>\n#2 0x55943e121e48 <unknown>\n#3 0x55943e121f01 <unknown>\n#4 0x55943e1653f4 <unknown>\n#5 0x55943e143edd <unknown>\n#6 0x55943e162899 <unknown>\n#7 0x55943e143c53 <unknown>\n#8 0x55943e114db3 <unknown>\n#9 0x55943e11577e <unknown>\n#10 0x55943e3a47fb <unknown>\n#11 0x55943e3a8815 <unknown>\n#12 0x55943e392111 <unknown>\n#13 0x55943e3a93a2 <unknown>\n#14 0x55943e3761ef <unknown>\n#15 0x55943e3cd4b8 <unknown>\n#16 0x55943e3cd6b3 <unknown>\n#17 0x55943e3de074 <unknown>\n#18 0x7f77e9218134 <unknown>","time":{"start":1710118423399,"stop":1710118423814,"duration":415}},{"uid":"d03c1626d469f955","reportUrl":"https://Nat754.github.io/StroyremAutomation/242//#testresult/d03c1626d469f955","status":"skipped","statusDetails":"XFAIL\n\nselenium.common.exceptions.NoSuchElementException: Message: no such element: Unable to locate element: {\"method\":\"xpath\",\"selector\":\"(//a[@class='add-to-cart yellow-btn'])[1]\"}\n  (Session info: chrome-headless-shell=122.0.6261.111); For documentation on this error, please visit: https://www.selenium.dev/documentation/webdriver/troubleshooting/errors#no-such-element-exception\nStacktrace:\n#0 0x559b87a5fec3 <unknown>\n#1 0x559b87757ce6 <unknown>\n#2 0x559b877a2e48 <unknown>\n#3 0x559b877a2f01 <unknown>\n#4 0x559b877e63f4 <unknown>\n#5 0x559b877c4edd <unknown>\n#6 0x559b877e3899 <unknown>\n#7 0x559b877c4c53 <unknown>\n#8 0x559b87795db3 <unknown>\n#9 0x559b8779677e <unknown>\n#10 0x559b87a257fb <unknown>\n#11 0x559b87a29815 <unknown>\n#12 0x559b87a13111 <unknown>\n#13 0x559b87a2a3a2 <unknown>\n#14 0x559b879f71ef <unknown>\n#15 0x559b87a4e4b8 <unknown>\n#16 0x559b87a4e6b3 <unknown>\n#17 0x559b87a5f074 <unknown>\n#18 0x7ff15a23f134 <unknown>","time":{"start":1710032190292,"stop":1710032190623,"duration":331}},{"uid":"f27da480ddc6dc28","reportUrl":"https://Nat754.github.io/StroyremAutomation/241//#testresult/f27da480ddc6dc28","status":"skipped","statusDetails":"XFAIL\n\nselenium.common.exceptions.NoSuchElementException: Message: no such element: Unable to locate element: {\"method\":\"xpath\",\"selector\":\"(//a[@class='add-to-cart yellow-btn'])[1]\"}\n  (Session info: chrome-headless-shell=122.0.6261.111); For documentation on this error, please visit: https://www.selenium.dev/documentation/webdriver/troubleshooting/errors#no-such-element-exception\nStacktrace:\n#0 0x5624630b5ec3 <unknown>\n#1 0x562462dadce6 <unknown>\n#2 0x562462df8e48 <unknown>\n#3 0x562462df8f01 <unknown>\n#4 0x562462e3c3f4 <unknown>\n#5 0x562462e1aedd <unknown>\n#6 0x562462e39899 <unknown>\n#7 0x562462e1ac53 <unknown>\n#8 0x562462debdb3 <unknown>\n#9 0x562462dec77e <unknown>\n#10 0x56246307b7fb <unknown>\n#11 0x56246307f815 <unknown>\n#12 0x562463069111 <unknown>\n#13 0x5624630803a2 <unknown>\n#14 0x56246304d1ef <unknown>\n#15 0x5624630a44b8 <unknown>\n#16 0x5624630a46b3 <unknown>\n#17 0x5624630b5074 <unknown>\n#18 0x7f9516366134 <unknown>","time":{"start":1709945400164,"stop":1709945400503,"duration":339}},{"uid":"e6ed0fc4303a5a68","reportUrl":"https://Nat754.github.io/StroyremAutomation/240//#testresult/e6ed0fc4303a5a68","status":"skipped","statusDetails":"XFAIL\n\nselenium.common.exceptions.NoSuchElementException: Message: no such element: Unable to locate element: {\"method\":\"xpath\",\"selector\":\"(//a[@class='add-to-cart yellow-btn'])[1]\"}\n  (Session info: chrome-headless-shell=122.0.6261.111); For documentation on this error, please visit: https://www.selenium.dev/documentation/webdriver/troubleshooting/errors#no-such-element-exception\nStacktrace:\n#0 0x55a03b1c0ec3 <unknown>\n#1 0x55a03aeb8ce6 <unknown>\n#2 0x55a03af03e48 <unknown>\n#3 0x55a03af03f01 <unknown>\n#4 0x55a03af473f4 <unknown>\n#5 0x55a03af25edd <unknown>\n#6 0x55a03af44899 <unknown>\n#7 0x55a03af25c53 <unknown>\n#8 0x55a03aef6db3 <unknown>\n#9 0x55a03aef777e <unknown>\n#10 0x55a03b1867fb <unknown>\n#11 0x55a03b18a815 <unknown>\n#12 0x55a03b174111 <unknown>\n#13 0x55a03b18b3a2 <unknown>\n#14 0x55a03b1581ef <unknown>\n#15 0x55a03b1af4b8 <unknown>\n#16 0x55a03b1af6b3 <unknown>\n#17 0x55a03b1c0074 <unknown>\n#18 0x7fba6e1ea134 <unknown>","time":{"start":1709859083184,"stop":1709859083506,"duration":322}},{"uid":"a9795c868bd999d8","reportUrl":"https://Nat754.github.io/StroyremAutomation/239//#testresult/a9795c868bd999d8","status":"skipped","statusDetails":"XFAIL\n\nselenium.common.exceptions.NoSuchElementException: Message: no such element: Unable to locate element: {\"method\":\"xpath\",\"selector\":\"(//a[@class='add-to-cart yellow-btn'])[1]\"}\n  (Session info: chrome-headless-shell=122.0.6261.94); For documentation on this error, please visit: https://www.selenium.dev/documentation/webdriver/troubleshooting/errors#no-such-element-exception\nStacktrace:\n#0 0x558fc9e72e93 <unknown>\n#1 0x558fc9b6ace6 <unknown>\n#2 0x558fc9bb5e48 <unknown>\n#3 0x558fc9bb5f01 <unknown>\n#4 0x558fc9bf93f4 <unknown>\n#5 0x558fc9bd7edd <unknown>\n#6 0x558fc9bf6899 <unknown>\n#7 0x558fc9bd7c53 <unknown>\n#8 0x558fc9ba8db3 <unknown>\n#9 0x558fc9ba977e <unknown>\n#10 0x558fc9e387cb <unknown>\n#11 0x558fc9e3c7e5 <unknown>\n#12 0x558fc9e260e1 <unknown>\n#13 0x558fc9e3d372 <unknown>\n#14 0x558fc9e0a1bf <unknown>\n#15 0x558fc9e61488 <unknown>\n#16 0x558fc9e61683 <unknown>\n#17 0x558fc9e72044 <unknown>\n#18 0x7f9a175d8134 <unknown>","time":{"start":1709772140040,"stop":1709772140346,"duration":306}},{"uid":"bcb096ed752b96eb","reportUrl":"https://Nat754.github.io/StroyremAutomation/238//#testresult/bcb096ed752b96eb","status":"skipped","statusDetails":"XFAIL\n\nselenium.common.exceptions.NoSuchElementException: Message: no such element: Unable to locate element: {\"method\":\"xpath\",\"selector\":\"(//a[@class='add-to-cart yellow-btn'])[1]\"}\n  (Session info: chrome-headless-shell=122.0.6261.94); For documentation on this error, please visit: https://www.selenium.dev/documentation/webdriver/troubleshooting/errors#no-such-element-exception\nStacktrace:\n#0 0x5599fa1bae93 <unknown>\n#1 0x5599f9eb2ce6 <unknown>\n#2 0x5599f9efde48 <unknown>\n#3 0x5599f9efdf01 <unknown>\n#4 0x5599f9f413f4 <unknown>\n#5 0x5599f9f1fedd <unknown>\n#6 0x5599f9f3e899 <unknown>\n#7 0x5599f9f1fc53 <unknown>\n#8 0x5599f9ef0db3 <unknown>\n#9 0x5599f9ef177e <unknown>\n#10 0x5599fa1807cb <unknown>\n#11 0x5599fa1847e5 <unknown>\n#12 0x5599fa16e0e1 <unknown>\n#13 0x5599fa185372 <unknown>\n#14 0x5599fa1521bf <unknown>\n#15 0x5599fa1a9488 <unknown>\n#16 0x5599fa1a9683 <unknown>\n#17 0x5599fa1ba044 <unknown>\n#18 0x7fcb6e617134 <unknown>","time":{"start":1709686347077,"stop":1709686347401,"duration":324}},{"uid":"b4d1affb3b0b7dff","reportUrl":"https://Nat754.github.io/StroyremAutomation/237//#testresult/b4d1affb3b0b7dff","status":"skipped","statusDetails":"XFAIL\n\nselenium.common.exceptions.NoSuchElementException: Message: no such element: Unable to locate element: {\"method\":\"xpath\",\"selector\":\"(//a[@class='add-to-cart yellow-btn'])[1]\"}\n  (Session info: chrome-headless-shell=122.0.6261.94); For documentation on this error, please visit: https://www.selenium.dev/documentation/webdriver/troubleshooting/errors#no-such-element-exception\nStacktrace:\n#0 0x55edecc37e93 <unknown>\n#1 0x55edec92fce6 <unknown>\n#2 0x55edec97ae48 <unknown>\n#3 0x55edec97af01 <unknown>\n#4 0x55edec9be3f4 <unknown>\n#5 0x55edec99cedd <unknown>\n#6 0x55edec9bb899 <unknown>\n#7 0x55edec99cc53 <unknown>\n#8 0x55edec96ddb3 <unknown>\n#9 0x55edec96e77e <unknown>\n#10 0x55edecbfd7cb <unknown>\n#11 0x55edecc017e5 <unknown>\n#12 0x55edecbeb0e1 <unknown>\n#13 0x55edecc02372 <unknown>\n#14 0x55edecbcf1bf <unknown>\n#15 0x55edecc26488 <unknown>\n#16 0x55edecc26683 <unknown>\n#17 0x55edecc37044 <unknown>\n#18 0x7f987a58d134 <unknown>","time":{"start":1709599925666,"stop":1709599926003,"duration":337}}]},"tags":["@pytest.mark.xfail","smoke_test"]},"source":"2f67881b4f8de4d0.json","parameterValues":["3320","16","'TD 018'","2490","'products/shtukaturka-gipsovaya-aksolit-m50-30-kg-mashinnogo-naneseniya'","850","'https://sandboxtest.stroyrem-nn.ru/'","500"]}