{"uid":"d7d82dd6510989fe","name":"test_positive_delivery_green_zone_smoke[TD 014-products/shtukaturka-gipsovaya-aksolit-m50-30-kg-mashinnogo-naneseniya-666-20000-5400-15600-17490-https://sandboxtest.stroyrem-nn.ru/]","fullName":"tests.delivery.test_delivery_calculation.TestDeliveryPageCalculation#test_positive_delivery_green_zone_smoke","historyId":"8a00d04525a56c855c129c7400b068aa","time":{"start":1725239094371,"stop":1725239094688,"duration":317},"status":"skipped","statusMessage":"XFAIL\n\nselenium.common.exceptions.NoSuchElementException: Message: no such element: Unable to locate element: {\"method\":\"xpath\",\"selector\":\"(//a[@class='add-to-cart yellow-btn'])[1]\"}\n  (Session info: chrome=128.0.6613.86); For documentation on this error, please visit: https://www.selenium.dev/documentation/webdriver/troubleshooting/errors#no-such-element-exception\nStacktrace:\n#0 0x5621647d18da <unknown>\n#1 0x56216449fe50 <unknown>\n#2 0x5621644ef644 <unknown>\n#3 0x5621644ef931 <unknown>\n#4 0x562164535534 <unknown>\n#5 0x5621645144bd <unknown>\n#6 0x5621645329c6 <unknown>\n#7 0x562164514233 <unknown>\n#8 0x5621644e2093 <unknown>\n#9 0x5621644e309e <unknown>\n#10 0x562164798b3b <unknown>\n#11 0x56216479caf1 <unknown>\n#12 0x562164784705 <unknown>\n#13 0x56216479d662 <unknown>\n#14 0x5621647698df <unknown>\n#15 0x5621647c06d8 <unknown>\n#16 0x5621647c08a2 <unknown>\n#17 0x5621647d06cc <unknown>\n#18 0x7f9beb263134 <unknown>","statusTrace":"self = <tests.delivery.test_delivery_calculation.TestDeliveryPageCalculation object at 0x7f98d8ede790>\ndriver = <selenium.webdriver.chrome.webdriver.WebDriver (session=\"c491e990949551be28f404ce3df57b72\")>\nurl = 'https://sandboxtest.stroyrem-nn.ru/', case_id = 'TD 014'\nlink_item = 'products/shtukaturka-gipsovaya-aksolit-m50-30-kg-mashinnogo-naneseniya'\namount = 666, weight = 20000, standard = 5400, in_time = 15600, all_time = 17490\n\n    @pytest.mark.parametrize('case_id, link_item, amount, weight, standard, in_time, all_time', [\n        (\"TD 001\", uroven_3000, 1, 30, 0, 1590, 2190),\n        (\"TD 002\", bundeks_25, 1, 30, 400, 1590, 2190),\n        (\"TD 003\", aksolit_30, 8, 300, 400, 1590, 2190),\n        (\"TD 004\", aksolit_30, 13, 400, 450, 1590, 2190),\n        (\"TD 005\", aksolit_30, 16, 500, 600, 1590, 2190),\n        (\"TD 006\", aksolit_30, 25, 1700, 990, 1990, 2480),\n        (\"TD 007\", aksolit_30, 66, 2000, 1300, 2490, 2980),\n        (\"TD 008\", aksolit_30, 149, 4500, 2300, 3980, 4490),\n        (\"TD 009\", aksolit_30, 166, 5000, 2500, 4990, 5480),\n        pytest.param(\n            \"TD 010\", aksolit_30, 206, 6200, 2900, 5570, 6120,\n            marks=pytest.mark.xfail(reson=\"Цена доставки 3600 7960 8980\")\n        ),\n        (\"TD 011\", aksolit_30, 299, 9000, 3600, 7960, 8980),\n        (\"TD 012\", aksolit_30, 333, 10000, 4450, 11990, 12500),\n        pytest.param(\n            \"TD 013\", aksolit_30, 366, 11000, 4800, 12450, 13480,\n            marks=pytest.mark.xfail(reason=\"Цена стандартной доставки 4450\")\n        ),\n        pytest.param(\n            \"TD 014\", aksolit_30, 666, 20000, 5400, 15600, 17490,\n            marks=pytest.mark.xfail(reason=\"Цена стандартной доставки 4450\")\n        )\n    ])\n    @pytest.mark.xfail\n    @pytest.mark.smoke_test\n    def test_positive_delivery_green_zone_smoke(\n            self, driver, url, case_id, link_item, amount, weight, standard, in_time, all_time\n    ):\n    \n        driver.get(f'{url}{link_item}')\n        item_page = ItemPage(driver)\n>       item_page.add_item_to_cart(amount).click_on_cart()\n\ntests/delivery/test_delivery_calculation.py:50: \n_ _ _ _ _ _ _ _ _ _ _ _ _ _ _ _ _ _ _ _ _ _ _ _ _ _ _ _ _ _ _ _ _ _ _ _ _ _ _ _ \npages/item_page.py:40: in add_item_to_cart\n    self.find_element(self._add_item).click()\nbase/seleniumbase.py:17: in find_element\n    return self.driver.find_element(*locator)\n/usr/local/lib/python3.11/site-packages/selenium/webdriver/remote/webdriver.py:739: in find_element\n    return self.execute(Command.FIND_ELEMENT, {\"using\": by, \"value\": value})[\"value\"]\n/usr/local/lib/python3.11/site-packages/selenium/webdriver/remote/webdriver.py:345: in execute\n    self.error_handler.check_response(response)\n_ _ _ _ _ _ _ _ _ _ _ _ _ _ _ _ _ _ _ _ _ _ _ _ _ _ _ _ _ _ _ _ _ _ _ _ _ _ _ _ \n\nself = <selenium.webdriver.remote.errorhandler.ErrorHandler object at 0x7f98d97c8c90>\nresponse = {'status': 404, 'value': '{\"value\":{\"error\":\"no such element\",\"message\":\"no such element: Unable to locate element: {\\...\\\\n#16 0x5621647c08a2 \\\\u003Cunknown>\\\\n#17 0x5621647d06cc \\\\u003Cunknown>\\\\n#18 0x7f9beb263134 \\\\u003Cunknown>\\\\n\"}}'}\n\n    def check_response(self, response: Dict[str, Any]) -> None:\n        \"\"\"Checks that a JSON response from the WebDriver does not have an\n        error.\n    \n        :Args:\n         - response - The JSON response from the WebDriver server as a dictionary\n           object.\n    \n        :Raises: If the response contains an error message.\n        \"\"\"\n        status = response.get(\"status\", None)\n        if not status or status == ErrorCode.SUCCESS:\n            return\n        value = None\n        message = response.get(\"message\", \"\")\n        screen: str = response.get(\"screen\", \"\")\n        stacktrace = None\n        if isinstance(status, int):\n            value_json = response.get(\"value\", None)\n            if value_json and isinstance(value_json, str):\n                import json\n    \n                try:\n                    value = json.loads(value_json)\n                    if len(value) == 1:\n                        value = value[\"value\"]\n                    status = value.get(\"error\", None)\n                    if not status:\n                        status = value.get(\"status\", ErrorCode.UNKNOWN_ERROR)\n                        message = value.get(\"value\") or value.get(\"message\")\n                        if not isinstance(message, str):\n                            value = message\n                            message = message.get(\"message\")\n                    else:\n                        message = value.get(\"message\", None)\n                except ValueError:\n                    pass\n    \n        exception_class: Type[WebDriverException]\n        e = ErrorCode()\n        error_codes = [item for item in dir(e) if not item.startswith(\"__\")]\n        for error_code in error_codes:\n            error_info = getattr(ErrorCode, error_code)\n            if isinstance(error_info, list) and status in error_info:\n                exception_class = getattr(ExceptionMapping, error_code, WebDriverException)\n                break\n        else:\n            exception_class = WebDriverException\n    \n        if not value:\n            value = response[\"value\"]\n        if isinstance(value, str):\n            raise exception_class(value)\n        if message == \"\" and \"message\" in value:\n            message = value[\"message\"]\n    \n        screen = None  # type: ignore[assignment]\n        if \"screen\" in value:\n            screen = value[\"screen\"]\n    \n        stacktrace = None\n        st_value = value.get(\"stackTrace\") or value.get(\"stacktrace\")\n        if st_value:\n            if isinstance(st_value, str):\n                stacktrace = st_value.split(\"\\n\")\n            else:\n                stacktrace = []\n                try:\n                    for frame in st_value:\n                        line = frame.get(\"lineNumber\", \"\")\n                        file = frame.get(\"fileName\", \"<anonymous>\")\n                        if line:\n                            file = f\"{file}:{line}\"\n                        meth = frame.get(\"methodName\", \"<anonymous>\")\n                        if \"className\" in frame:\n                            meth = f\"{frame['className']}.{meth}\"\n                        msg = \"    at %s (%s)\"\n                        msg = msg % (meth, file)\n                        stacktrace.append(msg)\n                except TypeError:\n                    pass\n        if exception_class == UnexpectedAlertPresentException:\n            alert_text = None\n            if \"data\" in value:\n                alert_text = value[\"data\"].get(\"text\")\n            elif \"alert\" in value:\n                alert_text = value[\"alert\"].get(\"text\")\n            raise exception_class(message, screen, stacktrace, alert_text)  # type: ignore[call-arg]  # mypy is not smart enough here\n>       raise exception_class(message, screen, stacktrace)\nE       selenium.common.exceptions.NoSuchElementException: Message: no such element: Unable to locate element: {\"method\":\"xpath\",\"selector\":\"(//a[@class='add-to-cart yellow-btn'])[1]\"}\nE         (Session info: chrome=128.0.6613.86); For documentation on this error, please visit: https://www.selenium.dev/documentation/webdriver/troubleshooting/errors#no-such-element-exception\nE       Stacktrace:\nE       #0 0x5621647d18da <unknown>\nE       #1 0x56216449fe50 <unknown>\nE       #2 0x5621644ef644 <unknown>\nE       #3 0x5621644ef931 <unknown>\nE       #4 0x562164535534 <unknown>\nE       #5 0x5621645144bd <unknown>\nE       #6 0x5621645329c6 <unknown>\nE       #7 0x562164514233 <unknown>\nE       #8 0x5621644e2093 <unknown>\nE       #9 0x5621644e309e <unknown>\nE       #10 0x562164798b3b <unknown>\nE       #11 0x56216479caf1 <unknown>\nE       #12 0x562164784705 <unknown>\nE       #13 0x56216479d662 <unknown>\nE       #14 0x5621647698df <unknown>\nE       #15 0x5621647c06d8 <unknown>\nE       #16 0x5621647c08a2 <unknown>\nE       #17 0x5621647d06cc <unknown>\nE       #18 0x7f9beb263134 <unknown>\n\n/usr/local/lib/python3.11/site-packages/selenium/webdriver/remote/errorhandler.py:229: NoSuchElementException","flaky":false,"newFailed":false,"newBroken":false,"newPassed":false,"retriesCount":0,"retriesStatusChange":false,"beforeStages":[{"name":"_session_faker","time":{"start":1725238855805,"stop":1725238855873,"duration":68},"status":"passed","steps":[],"attachments":[],"parameters":[],"shouldDisplayMessage":false,"stepsCount":0,"attachmentsCount":0,"hasContent":false,"attachmentStep":false},{"name":"clear_allure_results_folder","time":{"start":1725238855873,"stop":1725238855873,"duration":0},"status":"passed","steps":[],"attachments":[],"parameters":[],"shouldDisplayMessage":false,"stepsCount":0,"attachmentsCount":0,"hasContent":false,"attachmentStep":false},{"name":"driver","time":{"start":1725239093550,"stop":1725239094370,"duration":820},"status":"passed","steps":[],"attachments":[],"parameters":[],"shouldDisplayMessage":false,"stepsCount":0,"attachmentsCount":0,"hasContent":false,"attachmentStep":false},{"name":"setup","time":{"start":1725239094370,"stop":1725239094370,"duration":0},"status":"passed","steps":[],"attachments":[],"parameters":[],"shouldDisplayMessage":false,"stepsCount":0,"attachmentsCount":0,"hasContent":false,"attachmentStep":false}],"testStage":{"status":"skipped","statusMessage":"XFAIL\n\nselenium.common.exceptions.NoSuchElementException: Message: no such element: Unable to locate element: {\"method\":\"xpath\",\"selector\":\"(//a[@class='add-to-cart yellow-btn'])[1]\"}\n  (Session info: chrome=128.0.6613.86); For documentation on this error, please visit: https://www.selenium.dev/documentation/webdriver/troubleshooting/errors#no-such-element-exception\nStacktrace:\n#0 0x5621647d18da <unknown>\n#1 0x56216449fe50 <unknown>\n#2 0x5621644ef644 <unknown>\n#3 0x5621644ef931 <unknown>\n#4 0x562164535534 <unknown>\n#5 0x5621645144bd <unknown>\n#6 0x5621645329c6 <unknown>\n#7 0x562164514233 <unknown>\n#8 0x5621644e2093 <unknown>\n#9 0x5621644e309e <unknown>\n#10 0x562164798b3b <unknown>\n#11 0x56216479caf1 <unknown>\n#12 0x562164784705 <unknown>\n#13 0x56216479d662 <unknown>\n#14 0x5621647698df <unknown>\n#15 0x5621647c06d8 <unknown>\n#16 0x5621647c08a2 <unknown>\n#17 0x5621647d06cc <unknown>\n#18 0x7f9beb263134 <unknown>","statusTrace":"self = <tests.delivery.test_delivery_calculation.TestDeliveryPageCalculation object at 0x7f98d8ede790>\ndriver = <selenium.webdriver.chrome.webdriver.WebDriver (session=\"c491e990949551be28f404ce3df57b72\")>\nurl = 'https://sandboxtest.stroyrem-nn.ru/', case_id = 'TD 014'\nlink_item = 'products/shtukaturka-gipsovaya-aksolit-m50-30-kg-mashinnogo-naneseniya'\namount = 666, weight = 20000, standard = 5400, in_time = 15600, all_time = 17490\n\n    @pytest.mark.parametrize('case_id, link_item, amount, weight, standard, in_time, all_time', [\n        (\"TD 001\", uroven_3000, 1, 30, 0, 1590, 2190),\n        (\"TD 002\", bundeks_25, 1, 30, 400, 1590, 2190),\n        (\"TD 003\", aksolit_30, 8, 300, 400, 1590, 2190),\n        (\"TD 004\", aksolit_30, 13, 400, 450, 1590, 2190),\n        (\"TD 005\", aksolit_30, 16, 500, 600, 1590, 2190),\n        (\"TD 006\", aksolit_30, 25, 1700, 990, 1990, 2480),\n        (\"TD 007\", aksolit_30, 66, 2000, 1300, 2490, 2980),\n        (\"TD 008\", aksolit_30, 149, 4500, 2300, 3980, 4490),\n        (\"TD 009\", aksolit_30, 166, 5000, 2500, 4990, 5480),\n        pytest.param(\n            \"TD 010\", aksolit_30, 206, 6200, 2900, 5570, 6120,\n            marks=pytest.mark.xfail(reson=\"Цена доставки 3600 7960 8980\")\n        ),\n        (\"TD 011\", aksolit_30, 299, 9000, 3600, 7960, 8980),\n        (\"TD 012\", aksolit_30, 333, 10000, 4450, 11990, 12500),\n        pytest.param(\n            \"TD 013\", aksolit_30, 366, 11000, 4800, 12450, 13480,\n            marks=pytest.mark.xfail(reason=\"Цена стандартной доставки 4450\")\n        ),\n        pytest.param(\n            \"TD 014\", aksolit_30, 666, 20000, 5400, 15600, 17490,\n            marks=pytest.mark.xfail(reason=\"Цена стандартной доставки 4450\")\n        )\n    ])\n    @pytest.mark.xfail\n    @pytest.mark.smoke_test\n    def test_positive_delivery_green_zone_smoke(\n            self, driver, url, case_id, link_item, amount, weight, standard, in_time, all_time\n    ):\n    \n        driver.get(f'{url}{link_item}')\n        item_page = ItemPage(driver)\n>       item_page.add_item_to_cart(amount).click_on_cart()\n\ntests/delivery/test_delivery_calculation.py:50: \n_ _ _ _ _ _ _ _ _ _ _ _ _ _ _ _ _ _ _ _ _ _ _ _ _ _ _ _ _ _ _ _ _ _ _ _ _ _ _ _ \npages/item_page.py:40: in add_item_to_cart\n    self.find_element(self._add_item).click()\nbase/seleniumbase.py:17: in find_element\n    return self.driver.find_element(*locator)\n/usr/local/lib/python3.11/site-packages/selenium/webdriver/remote/webdriver.py:739: in find_element\n    return self.execute(Command.FIND_ELEMENT, {\"using\": by, \"value\": value})[\"value\"]\n/usr/local/lib/python3.11/site-packages/selenium/webdriver/remote/webdriver.py:345: in execute\n    self.error_handler.check_response(response)\n_ _ _ _ _ _ _ _ _ _ _ _ _ _ _ _ _ _ _ _ _ _ _ _ _ _ _ _ _ _ _ _ _ _ _ _ _ _ _ _ \n\nself = <selenium.webdriver.remote.errorhandler.ErrorHandler object at 0x7f98d97c8c90>\nresponse = {'status': 404, 'value': '{\"value\":{\"error\":\"no such element\",\"message\":\"no such element: Unable to locate element: {\\...\\\\n#16 0x5621647c08a2 \\\\u003Cunknown>\\\\n#17 0x5621647d06cc \\\\u003Cunknown>\\\\n#18 0x7f9beb263134 \\\\u003Cunknown>\\\\n\"}}'}\n\n    def check_response(self, response: Dict[str, Any]) -> None:\n        \"\"\"Checks that a JSON response from the WebDriver does not have an\n        error.\n    \n        :Args:\n         - response - The JSON response from the WebDriver server as a dictionary\n           object.\n    \n        :Raises: If the response contains an error message.\n        \"\"\"\n        status = response.get(\"status\", None)\n        if not status or status == ErrorCode.SUCCESS:\n            return\n        value = None\n        message = response.get(\"message\", \"\")\n        screen: str = response.get(\"screen\", \"\")\n        stacktrace = None\n        if isinstance(status, int):\n            value_json = response.get(\"value\", None)\n            if value_json and isinstance(value_json, str):\n                import json\n    \n                try:\n                    value = json.loads(value_json)\n                    if len(value) == 1:\n                        value = value[\"value\"]\n                    status = value.get(\"error\", None)\n                    if not status:\n                        status = value.get(\"status\", ErrorCode.UNKNOWN_ERROR)\n                        message = value.get(\"value\") or value.get(\"message\")\n                        if not isinstance(message, str):\n                            value = message\n                            message = message.get(\"message\")\n                    else:\n                        message = value.get(\"message\", None)\n                except ValueError:\n                    pass\n    \n        exception_class: Type[WebDriverException]\n        e = ErrorCode()\n        error_codes = [item for item in dir(e) if not item.startswith(\"__\")]\n        for error_code in error_codes:\n            error_info = getattr(ErrorCode, error_code)\n            if isinstance(error_info, list) and status in error_info:\n                exception_class = getattr(ExceptionMapping, error_code, WebDriverException)\n                break\n        else:\n            exception_class = WebDriverException\n    \n        if not value:\n            value = response[\"value\"]\n        if isinstance(value, str):\n            raise exception_class(value)\n        if message == \"\" and \"message\" in value:\n            message = value[\"message\"]\n    \n        screen = None  # type: ignore[assignment]\n        if \"screen\" in value:\n            screen = value[\"screen\"]\n    \n        stacktrace = None\n        st_value = value.get(\"stackTrace\") or value.get(\"stacktrace\")\n        if st_value:\n            if isinstance(st_value, str):\n                stacktrace = st_value.split(\"\\n\")\n            else:\n                stacktrace = []\n                try:\n                    for frame in st_value:\n                        line = frame.get(\"lineNumber\", \"\")\n                        file = frame.get(\"fileName\", \"<anonymous>\")\n                        if line:\n                            file = f\"{file}:{line}\"\n                        meth = frame.get(\"methodName\", \"<anonymous>\")\n                        if \"className\" in frame:\n                            meth = f\"{frame['className']}.{meth}\"\n                        msg = \"    at %s (%s)\"\n                        msg = msg % (meth, file)\n                        stacktrace.append(msg)\n                except TypeError:\n                    pass\n        if exception_class == UnexpectedAlertPresentException:\n            alert_text = None\n            if \"data\" in value:\n                alert_text = value[\"data\"].get(\"text\")\n            elif \"alert\" in value:\n                alert_text = value[\"alert\"].get(\"text\")\n            raise exception_class(message, screen, stacktrace, alert_text)  # type: ignore[call-arg]  # mypy is not smart enough here\n>       raise exception_class(message, screen, stacktrace)\nE       selenium.common.exceptions.NoSuchElementException: Message: no such element: Unable to locate element: {\"method\":\"xpath\",\"selector\":\"(//a[@class='add-to-cart yellow-btn'])[1]\"}\nE         (Session info: chrome=128.0.6613.86); For documentation on this error, please visit: https://www.selenium.dev/documentation/webdriver/troubleshooting/errors#no-such-element-exception\nE       Stacktrace:\nE       #0 0x5621647d18da <unknown>\nE       #1 0x56216449fe50 <unknown>\nE       #2 0x5621644ef644 <unknown>\nE       #3 0x5621644ef931 <unknown>\nE       #4 0x562164535534 <unknown>\nE       #5 0x5621645144bd <unknown>\nE       #6 0x5621645329c6 <unknown>\nE       #7 0x562164514233 <unknown>\nE       #8 0x5621644e2093 <unknown>\nE       #9 0x5621644e309e <unknown>\nE       #10 0x562164798b3b <unknown>\nE       #11 0x56216479caf1 <unknown>\nE       #12 0x562164784705 <unknown>\nE       #13 0x56216479d662 <unknown>\nE       #14 0x5621647698df <unknown>\nE       #15 0x5621647c06d8 <unknown>\nE       #16 0x5621647c08a2 <unknown>\nE       #17 0x5621647d06cc <unknown>\nE       #18 0x7f9beb263134 <unknown>\n\n/usr/local/lib/python3.11/site-packages/selenium/webdriver/remote/errorhandler.py:229: NoSuchElementException","steps":[{"name":"Добавляем товар в корзину в количестве 666","time":{"start":1725239094665,"stop":1725239094688,"duration":23},"status":"broken","statusMessage":"selenium.common.exceptions.NoSuchElementException: Message: no such element: Unable to locate element: {\"method\":\"xpath\",\"selector\":\"(//a[@class='add-to-cart yellow-btn'])[1]\"}\n  (Session info: chrome=128.0.6613.86); For documentation on this error, please visit: https://www.selenium.dev/documentation/webdriver/troubleshooting/errors#no-such-element-exception\nStacktrace:\n#0 0x5621647d18da <unknown>\n#1 0x56216449fe50 <unknown>\n#2 0x5621644ef644 <unknown>\n#3 0x5621644ef931 <unknown>\n#4 0x562164535534 <unknown>\n#5 0x5621645144bd <unknown>\n#6 0x5621645329c6 <unknown>\n#7 0x562164514233 <unknown>\n#8 0x5621644e2093 <unknown>\n#9 0x5621644e309e <unknown>\n#10 0x562164798b3b <unknown>\n#11 0x56216479caf1 <unknown>\n#12 0x562164784705 <unknown>\n#13 0x56216479d662 <unknown>\n#14 0x5621647698df <unknown>\n#15 0x5621647c06d8 <unknown>\n#16 0x5621647c08a2 <unknown>\n#17 0x5621647d06cc <unknown>\n#18 0x7f9beb263134 <unknown>\n\n","statusTrace":"  File \"/usr/local/lib/python3.11/site-packages/allure_commons/_allure.py\", line 192, in impl\n    return func(*a, **kw)\n           ^^^^^^^^^^^^^^\n  File \"/app/pages/item_page.py\", line 40, in add_item_to_cart\n    self.find_element(self._add_item).click()\n    ^^^^^^^^^^^^^^^^^^^^^^^^^^^^^^^^^\n  File \"/app/base/seleniumbase.py\", line 17, in find_element\n    return self.driver.find_element(*locator)\n           ^^^^^^^^^^^^^^^^^^^^^^^^^^^^^^^^^^\n  File \"/usr/local/lib/python3.11/site-packages/selenium/webdriver/remote/webdriver.py\", line 739, in find_element\n    return self.execute(Command.FIND_ELEMENT, {\"using\": by, \"value\": value})[\"value\"]\n           ^^^^^^^^^^^^^^^^^^^^^^^^^^^^^^^^^^^^^^^^^^^^^^^^^^^^^^^^^^^^^^^^^\n  File \"/usr/local/lib/python3.11/site-packages/selenium/webdriver/remote/webdriver.py\", line 345, in execute\n    self.error_handler.check_response(response)\n  File \"/usr/local/lib/python3.11/site-packages/selenium/webdriver/remote/errorhandler.py\", line 229, in check_response\n    raise exception_class(message, screen, stacktrace)\n","steps":[],"attachments":[],"parameters":[{"name":"amount","value":"666"}],"shouldDisplayMessage":true,"stepsCount":0,"attachmentsCount":0,"hasContent":true,"attachmentStep":false}],"attachments":[{"uid":"174eee55fe4df2aa","name":"Screenshot","source":"174eee55fe4df2aa.png","type":"image/png","size":46834},{"uid":"4ae89dbaa6061210","name":"HTML source","source":"4ae89dbaa6061210.html","type":"text/html","size":133699}],"parameters":[],"shouldDisplayMessage":true,"stepsCount":1,"attachmentsCount":2,"hasContent":true,"attachmentStep":false},"afterStages":[{"name":"setup::0","time":{"start":1725239094800,"stop":1725239094800,"duration":0},"status":"passed","steps":[],"attachments":[],"parameters":[],"shouldDisplayMessage":false,"stepsCount":0,"attachmentsCount":0,"hasContent":false,"attachmentStep":false},{"name":"driver::0","time":{"start":1725239094800,"stop":1725239094869,"duration":69},"status":"passed","steps":[],"attachments":[],"parameters":[],"shouldDisplayMessage":false,"stepsCount":0,"attachmentsCount":0,"hasContent":false,"attachmentStep":false}],"labels":[{"name":"epic","value":"Delivery Page - calculation"},{"name":"tag","value":"smoke_test"},{"name":"tag","value":"@pytest.mark.xfail"},{"name":"parentSuite","value":"tests.delivery"},{"name":"suite","value":"test_delivery_calculation"},{"name":"subSuite","value":"TestDeliveryPageCalculation"},{"name":"host","value":"ad98ced8f10a"},{"name":"thread","value":"1-MainThread"},{"name":"framework","value":"pytest"},{"name":"language","value":"cpython3"},{"name":"package","value":"tests.delivery.test_delivery_calculation"},{"name":"resultFormat","value":"allure2"}],"parameters":[{"name":"all_time","value":"17490"},{"name":"amount","value":"666"},{"name":"case_id","value":"'TD 014'"},{"name":"in_time","value":"15600"},{"name":"link_item","value":"'products/shtukaturka-gipsovaya-aksolit-m50-30-kg-mashinnogo-naneseniya'"},{"name":"standard","value":"5400"},{"name":"url","value":"'https://sandboxtest.stroyrem-nn.ru/'"},{"name":"weight","value":"20000"}],"links":[],"hidden":false,"retry":false,"extra":{"severity":"normal","retries":[],"categories":[],"history":{"statistic":{"failed":0,"broken":0,"skipped":95,"passed":0,"unknown":0,"total":95},"items":[{"uid":"350232413301ae59","reportUrl":"https://Nat754.github.io/StroyremAutomation/417//#testresult/350232413301ae59","status":"skipped","statusDetails":"XFAIL\n\nselenium.common.exceptions.NoSuchElementException: Message: no such element: Unable to locate element: {\"method\":\"xpath\",\"selector\":\"(//a[@class='add-to-cart yellow-btn'])[1]\"}\n  (Session info: chrome=128.0.6613.86); For documentation on this error, please visit: https://www.selenium.dev/documentation/webdriver/troubleshooting/errors#no-such-element-exception\nStacktrace:\n#0 0x55db2531e8da <unknown>\n#1 0x55db24fece50 <unknown>\n#2 0x55db2503c644 <unknown>\n#3 0x55db2503c931 <unknown>\n#4 0x55db25082534 <unknown>\n#5 0x55db250614bd <unknown>\n#6 0x55db2507f9c6 <unknown>\n#7 0x55db25061233 <unknown>\n#8 0x55db2502f093 <unknown>\n#9 0x55db2503009e <unknown>\n#10 0x55db252e5b3b <unknown>\n#11 0x55db252e9af1 <unknown>\n#12 0x55db252d1705 <unknown>\n#13 0x55db252ea662 <unknown>\n#14 0x55db252b68df <unknown>\n#15 0x55db2530d6d8 <unknown>\n#16 0x55db2530d8a2 <unknown>\n#17 0x55db2531d6cc <unknown>\n#18 0x7fdc3b725134 <unknown>","time":{"start":1725153272627,"stop":1725153273245,"duration":618}},{"uid":"fd88e843e66ae9c","reportUrl":"https://Nat754.github.io/StroyremAutomation/416//#testresult/fd88e843e66ae9c","status":"skipped","statusDetails":"XFAIL\n\nselenium.common.exceptions.NoSuchElementException: Message: no such element: Unable to locate element: {\"method\":\"xpath\",\"selector\":\"(//a[@class='add-to-cart yellow-btn'])[1]\"}\n  (Session info: chrome=128.0.6613.86); For documentation on this error, please visit: https://www.selenium.dev/documentation/webdriver/troubleshooting/errors#no-such-element-exception\nStacktrace:\n#0 0x560457fb58da <unknown>\n#1 0x560457c83e50 <unknown>\n#2 0x560457cd3644 <unknown>\n#3 0x560457cd3931 <unknown>\n#4 0x560457d19534 <unknown>\n#5 0x560457cf84bd <unknown>\n#6 0x560457d169c6 <unknown>\n#7 0x560457cf8233 <unknown>\n#8 0x560457cc6093 <unknown>\n#9 0x560457cc709e <unknown>\n#10 0x560457f7cb3b <unknown>\n#11 0x560457f80af1 <unknown>\n#12 0x560457f68705 <unknown>\n#13 0x560457f81662 <unknown>\n#14 0x560457f4d8df <unknown>\n#15 0x560457fa46d8 <unknown>\n#16 0x560457fa48a2 <unknown>\n#17 0x560457fb46cc <unknown>\n#18 0x7f55b4999134 <unknown>","time":{"start":1725066222770,"stop":1725066223116,"duration":346}},{"uid":"5034a6196b0c2454","reportUrl":"https://Nat754.github.io/StroyremAutomation/415//#testresult/5034a6196b0c2454","status":"skipped","statusDetails":"XFAIL\n\nselenium.common.exceptions.NoSuchElementException: Message: no such element: Unable to locate element: {\"method\":\"xpath\",\"selector\":\"(//a[@class='add-to-cart yellow-btn'])[1]\"}\n  (Session info: chrome=128.0.6613.86); For documentation on this error, please visit: https://www.selenium.dev/documentation/webdriver/troubleshooting/errors#no-such-element-exception\nStacktrace:\n#0 0x5562f3dc18da <unknown>\n#1 0x5562f3a8fe50 <unknown>\n#2 0x5562f3adf644 <unknown>\n#3 0x5562f3adf931 <unknown>\n#4 0x5562f3b25534 <unknown>\n#5 0x5562f3b044bd <unknown>\n#6 0x5562f3b229c6 <unknown>\n#7 0x5562f3b04233 <unknown>\n#8 0x5562f3ad2093 <unknown>\n#9 0x5562f3ad309e <unknown>\n#10 0x5562f3d88b3b <unknown>\n#11 0x5562f3d8caf1 <unknown>\n#12 0x5562f3d74705 <unknown>\n#13 0x5562f3d8d662 <unknown>\n#14 0x5562f3d598df <unknown>\n#15 0x5562f3db06d8 <unknown>\n#16 0x5562f3db08a2 <unknown>\n#17 0x5562f3dc06cc <unknown>\n#18 0x7f0d9d274134 <unknown>","time":{"start":1724979808602,"stop":1724979808895,"duration":293}},{"uid":"31a86cbc28b2f08e","reportUrl":"https://Nat754.github.io/StroyremAutomation/414//#testresult/31a86cbc28b2f08e","status":"skipped","statusDetails":"XFAIL\n\nselenium.common.exceptions.NoSuchElementException: Message: no such element: Unable to locate element: {\"method\":\"xpath\",\"selector\":\"(//a[@class='add-to-cart yellow-btn'])[1]\"}\n  (Session info: chrome=128.0.6613.86); For documentation on this error, please visit: https://www.selenium.dev/documentation/webdriver/troubleshooting/errors#no-such-element-exception\nStacktrace:\n#0 0x555623a128da <unknown>\n#1 0x5556236e0e50 <unknown>\n#2 0x555623730644 <unknown>\n#3 0x555623730931 <unknown>\n#4 0x555623776534 <unknown>\n#5 0x5556237554bd <unknown>\n#6 0x5556237739c6 <unknown>\n#7 0x555623755233 <unknown>\n#8 0x555623723093 <unknown>\n#9 0x55562372409e <unknown>\n#10 0x5556239d9b3b <unknown>\n#11 0x5556239ddaf1 <unknown>\n#12 0x5556239c5705 <unknown>\n#13 0x5556239de662 <unknown>\n#14 0x5556239aa8df <unknown>\n#15 0x555623a016d8 <unknown>\n#16 0x555623a018a2 <unknown>\n#17 0x555623a116cc <unknown>\n#18 0x7f544d94e134 <unknown>","time":{"start":1724893482440,"stop":1724893482870,"duration":430}},{"uid":"b7202f4f46a3414b","reportUrl":"https://Nat754.github.io/StroyremAutomation/413//#testresult/b7202f4f46a3414b","status":"skipped","statusDetails":"XFAIL\n\nselenium.common.exceptions.NoSuchElementException: Message: no such element: Unable to locate element: {\"method\":\"xpath\",\"selector\":\"(//a[@class='add-to-cart yellow-btn'])[1]\"}\n  (Session info: chrome=128.0.6613.84); For documentation on this error, please visit: https://www.selenium.dev/documentation/webdriver/troubleshooting/errors#no-such-element-exception\nStacktrace:\n#0 0x55a6a82f081a <unknown>\n#1 0x55a6a7fbee50 <unknown>\n#2 0x55a6a800e644 <unknown>\n#3 0x55a6a800e931 <unknown>\n#4 0x55a6a8054534 <unknown>\n#5 0x55a6a80334bd <unknown>\n#6 0x55a6a80519c6 <unknown>\n#7 0x55a6a8033233 <unknown>\n#8 0x55a6a8001093 <unknown>\n#9 0x55a6a800209e <unknown>\n#10 0x55a6a82b7a7b <unknown>\n#11 0x55a6a82bba31 <unknown>\n#12 0x55a6a82a3645 <unknown>\n#13 0x55a6a82bc5a2 <unknown>\n#14 0x55a6a828881f <unknown>\n#15 0x55a6a82df618 <unknown>\n#16 0x55a6a82df7e2 <unknown>\n#17 0x55a6a82ef60c <unknown>\n#18 0x7f9568a5d134 <unknown>","time":{"start":1724806979057,"stop":1724806979470,"duration":413}},{"uid":"23bf4f4232809741","reportUrl":"https://Nat754.github.io/StroyremAutomation/412//#testresult/23bf4f4232809741","status":"skipped","statusDetails":"XFAIL\n\nselenium.common.exceptions.NoSuchElementException: Message: no such element: Unable to locate element: {\"method\":\"xpath\",\"selector\":\"(//a[@class='add-to-cart yellow-btn'])[1]\"}\n  (Session info: chrome=128.0.6613.84); For documentation on this error, please visit: https://www.selenium.dev/documentation/webdriver/troubleshooting/errors#no-such-element-exception\nStacktrace:\n#0 0x55f15202c81a <unknown>\n#1 0x55f151cfae50 <unknown>\n#2 0x55f151d4a644 <unknown>\n#3 0x55f151d4a931 <unknown>\n#4 0x55f151d90534 <unknown>\n#5 0x55f151d6f4bd <unknown>\n#6 0x55f151d8d9c6 <unknown>\n#7 0x55f151d6f233 <unknown>\n#8 0x55f151d3d093 <unknown>\n#9 0x55f151d3e09e <unknown>\n#10 0x55f151ff3a7b <unknown>\n#11 0x55f151ff7a31 <unknown>\n#12 0x55f151fdf645 <unknown>\n#13 0x55f151ff85a2 <unknown>\n#14 0x55f151fc481f <unknown>\n#15 0x55f15201b618 <unknown>\n#16 0x55f15201b7e2 <unknown>\n#17 0x55f15202b60c <unknown>\n#18 0x7f623a8a4134 <unknown>","time":{"start":1724720542882,"stop":1724720543314,"duration":432}},{"uid":"df6fc1c5995c571c","reportUrl":"https://Nat754.github.io/StroyremAutomation/411//#testresult/df6fc1c5995c571c","status":"skipped","statusDetails":"XFAIL\n\nselenium.common.exceptions.NoSuchElementException: Message: no such element: Unable to locate element: {\"method\":\"xpath\",\"selector\":\"(//a[@class='add-to-cart yellow-btn'])[1]\"}\n  (Session info: chrome=128.0.6613.84); For documentation on this error, please visit: https://www.selenium.dev/documentation/webdriver/troubleshooting/errors#no-such-element-exception\nStacktrace:\n#0 0x56456fa7281a <unknown>\n#1 0x56456f740e50 <unknown>\n#2 0x56456f790644 <unknown>\n#3 0x56456f790931 <unknown>\n#4 0x56456f7d6534 <unknown>\n#5 0x56456f7b54bd <unknown>\n#6 0x56456f7d39c6 <unknown>\n#7 0x56456f7b5233 <unknown>\n#8 0x56456f783093 <unknown>\n#9 0x56456f78409e <unknown>\n#10 0x56456fa39a7b <unknown>\n#11 0x56456fa3da31 <unknown>\n#12 0x56456fa25645 <unknown>\n#13 0x56456fa3e5a2 <unknown>\n#14 0x56456fa0a81f <unknown>\n#15 0x56456fa61618 <unknown>\n#16 0x56456fa617e2 <unknown>\n#17 0x56456fa7160c <unknown>\n#18 0x7f5a3f8e2134 <unknown>","time":{"start":1724634145376,"stop":1724634145839,"duration":463}},{"uid":"e29ec540ddf88f17","reportUrl":"https://Nat754.github.io/StroyremAutomation/410//#testresult/e29ec540ddf88f17","status":"skipped","statusDetails":"XFAIL\n\nselenium.common.exceptions.NoSuchElementException: Message: no such element: Unable to locate element: {\"method\":\"xpath\",\"selector\":\"(//a[@class='add-to-cart yellow-btn'])[1]\"}\n  (Session info: chrome=128.0.6613.84); For documentation on this error, please visit: https://www.selenium.dev/documentation/webdriver/troubleshooting/errors#no-such-element-exception\nStacktrace:\n#0 0x5577d3b4381a <unknown>\n#1 0x5577d3811e50 <unknown>\n#2 0x5577d3861644 <unknown>\n#3 0x5577d3861931 <unknown>\n#4 0x5577d38a7534 <unknown>\n#5 0x5577d38864bd <unknown>\n#6 0x5577d38a49c6 <unknown>\n#7 0x5577d3886233 <unknown>\n#8 0x5577d3854093 <unknown>\n#9 0x5577d385509e <unknown>\n#10 0x5577d3b0aa7b <unknown>\n#11 0x5577d3b0ea31 <unknown>\n#12 0x5577d3af6645 <unknown>\n#13 0x5577d3b0f5a2 <unknown>\n#14 0x5577d3adb81f <unknown>\n#15 0x5577d3b32618 <unknown>\n#16 0x5577d3b327e2 <unknown>\n#17 0x5577d3b4260c <unknown>\n#18 0x7f70ef48e134 <unknown>","time":{"start":1724548018536,"stop":1724548018883,"duration":347}},{"uid":"69e301f5b319e5e8","reportUrl":"https://Nat754.github.io/StroyremAutomation/409//#testresult/69e301f5b319e5e8","status":"skipped","statusDetails":"XFAIL\n\nselenium.common.exceptions.NoSuchElementException: Message: no such element: Unable to locate element: {\"method\":\"xpath\",\"selector\":\"(//a[@class='add-to-cart yellow-btn'])[1]\"}\n  (Session info: chrome=128.0.6613.84); For documentation on this error, please visit: https://www.selenium.dev/documentation/webdriver/troubleshooting/errors#no-such-element-exception\nStacktrace:\n#0 0x56509a06d81a <unknown>\n#1 0x565099d3be50 <unknown>\n#2 0x565099d8b644 <unknown>\n#3 0x565099d8b931 <unknown>\n#4 0x565099dd1534 <unknown>\n#5 0x565099db04bd <unknown>\n#6 0x565099dce9c6 <unknown>\n#7 0x565099db0233 <unknown>\n#8 0x565099d7e093 <unknown>\n#9 0x565099d7f09e <unknown>\n#10 0x56509a034a7b <unknown>\n#11 0x56509a038a31 <unknown>\n#12 0x56509a020645 <unknown>\n#13 0x56509a0395a2 <unknown>\n#14 0x56509a00581f <unknown>\n#15 0x56509a05c618 <unknown>\n#16 0x56509a05c7e2 <unknown>\n#17 0x56509a06c60c <unknown>\n#18 0x7fdfd03c7134 <unknown>","time":{"start":1724461250102,"stop":1724461250451,"duration":349}},{"uid":"406bf6b307b11461","reportUrl":"https://Nat754.github.io/StroyremAutomation/407//#testresult/406bf6b307b11461","status":"skipped","statusDetails":"XFAIL\n\nselenium.common.exceptions.NoSuchElementException: Message: no such element: Unable to locate element: {\"method\":\"xpath\",\"selector\":\"(//a[@class='add-to-cart yellow-btn'])[1]\"}\n  (Session info: chrome=128.0.6613.84); For documentation on this error, please visit: https://www.selenium.dev/documentation/webdriver/troubleshooting/errors#no-such-element-exception\nStacktrace:\n#0 0x561978cda81a <unknown>\n#1 0x5619789a8e50 <unknown>\n#2 0x5619789f8644 <unknown>\n#3 0x5619789f8931 <unknown>\n#4 0x561978a3e534 <unknown>\n#5 0x561978a1d4bd <unknown>\n#6 0x561978a3b9c6 <unknown>\n#7 0x561978a1d233 <unknown>\n#8 0x5619789eb093 <unknown>\n#9 0x5619789ec09e <unknown>\n#10 0x561978ca1a7b <unknown>\n#11 0x561978ca5a31 <unknown>\n#12 0x561978c8d645 <unknown>\n#13 0x561978ca65a2 <unknown>\n#14 0x561978c7281f <unknown>\n#15 0x561978cc9618 <unknown>\n#16 0x561978cc97e2 <unknown>\n#17 0x561978cd960c <unknown>\n#18 0x7f580385b134 <unknown>","time":{"start":1724288566074,"stop":1724288566429,"duration":355}},{"uid":"3038b8c85d319683","reportUrl":"https://Nat754.github.io/StroyremAutomation/406//#testresult/3038b8c85d319683","status":"skipped","statusDetails":"XFAIL\n\nselenium.common.exceptions.NoSuchElementException: Message: no such element: Unable to locate element: {\"method\":\"xpath\",\"selector\":\"(//a[@class='add-to-cart yellow-btn'])[1]\"}\n  (Session info: chrome-headless-shell=127.0.6533.119); For documentation on this error, please visit: https://www.selenium.dev/documentation/webdriver/troubleshooting/errors#no-such-element-exception\nStacktrace:\n#0 0x56059bd016ca <unknown>\n#1 0x56059b9d2600 <unknown>\n#2 0x56059ba21bcb <unknown>\n#3 0x56059ba21eb1 <unknown>\n#4 0x56059ba65b24 <unknown>\n#5 0x56059ba448cd <unknown>\n#6 0x56059ba6304a <unknown>\n#7 0x56059ba44643 <unknown>\n#8 0x56059ba14d31 <unknown>\n#9 0x56059ba1579e <unknown>\n#10 0x56059bcc925b <unknown>\n#11 0x56059bccd1f2 <unknown>\n#12 0x56059bcb6615 <unknown>\n#13 0x56059bccdd82 <unknown>\n#14 0x56059bc9b25f <unknown>\n#15 0x56059bcf0e68 <unknown>\n#16 0x56059bcf1040 <unknown>\n#17 0x56059bd0049c <unknown>\n#18 0x7f6fb7f5b134 <unknown>","time":{"start":1724202131160,"stop":1724202131780,"duration":620}},{"uid":"d90de19de7a31316","reportUrl":"https://Nat754.github.io/StroyremAutomation/405//#testresult/d90de19de7a31316","status":"skipped","statusDetails":"XFAIL\n\nselenium.common.exceptions.NoSuchElementException: Message: no such element: Unable to locate element: {\"method\":\"xpath\",\"selector\":\"(//a[@class='add-to-cart yellow-btn'])[1]\"}\n  (Session info: chrome-headless-shell=127.0.6533.119); For documentation on this error, please visit: https://www.selenium.dev/documentation/webdriver/troubleshooting/errors#no-such-element-exception\nStacktrace:\n#0 0x5599971b56ca <unknown>\n#1 0x559996e86600 <unknown>\n#2 0x559996ed5bcb <unknown>\n#3 0x559996ed5eb1 <unknown>\n#4 0x559996f19b24 <unknown>\n#5 0x559996ef88cd <unknown>\n#6 0x559996f1704a <unknown>\n#7 0x559996ef8643 <unknown>\n#8 0x559996ec8d31 <unknown>\n#9 0x559996ec979e <unknown>\n#10 0x55999717d25b <unknown>\n#11 0x5599971811f2 <unknown>\n#12 0x55999716a615 <unknown>\n#13 0x559997181d82 <unknown>\n#14 0x55999714f25f <unknown>\n#15 0x5599971a4e68 <unknown>\n#16 0x5599971a5040 <unknown>\n#17 0x5599971b449c <unknown>\n#18 0x7f4b320ff134 <unknown>","time":{"start":1724115735011,"stop":1724115735448,"duration":437}},{"uid":"d33f7a4101b796c4","reportUrl":"https://Nat754.github.io/StroyremAutomation/404//#testresult/d33f7a4101b796c4","status":"skipped","statusDetails":"XFAIL\n\nselenium.common.exceptions.NoSuchElementException: Message: no such element: Unable to locate element: {\"method\":\"xpath\",\"selector\":\"(//a[@class='add-to-cart yellow-btn'])[1]\"}\n  (Session info: chrome-headless-shell=127.0.6533.119); For documentation on this error, please visit: https://www.selenium.dev/documentation/webdriver/troubleshooting/errors#no-such-element-exception\nStacktrace:\n#0 0x55a980c196ca <unknown>\n#1 0x55a9808ea600 <unknown>\n#2 0x55a980939bcb <unknown>\n#3 0x55a980939eb1 <unknown>\n#4 0x55a98097db24 <unknown>\n#5 0x55a98095c8cd <unknown>\n#6 0x55a98097b04a <unknown>\n#7 0x55a98095c643 <unknown>\n#8 0x55a98092cd31 <unknown>\n#9 0x55a98092d79e <unknown>\n#10 0x55a980be125b <unknown>\n#11 0x55a980be51f2 <unknown>\n#12 0x55a980bce615 <unknown>\n#13 0x55a980be5d82 <unknown>\n#14 0x55a980bb325f <unknown>\n#15 0x55a980c08e68 <unknown>\n#16 0x55a980c09040 <unknown>\n#17 0x55a980c1849c <unknown>\n#18 0x7fcebbb52134 <unknown>","time":{"start":1724029314396,"stop":1724029314950,"duration":554}},{"uid":"2534710d943bf9c3","reportUrl":"https://Nat754.github.io/StroyremAutomation/403//#testresult/2534710d943bf9c3","status":"skipped","statusDetails":"XFAIL\n\nselenium.common.exceptions.NoSuchElementException: Message: no such element: Unable to locate element: {\"method\":\"xpath\",\"selector\":\"(//a[@class='add-to-cart yellow-btn'])[1]\"}\n  (Session info: chrome-headless-shell=127.0.6533.119); For documentation on this error, please visit: https://www.selenium.dev/documentation/webdriver/troubleshooting/errors#no-such-element-exception\nStacktrace:\n#0 0x562d9faa26ca <unknown>\n#1 0x562d9f773600 <unknown>\n#2 0x562d9f7c2bcb <unknown>\n#3 0x562d9f7c2eb1 <unknown>\n#4 0x562d9f806b24 <unknown>\n#5 0x562d9f7e58cd <unknown>\n#6 0x562d9f80404a <unknown>\n#7 0x562d9f7e5643 <unknown>\n#8 0x562d9f7b5d31 <unknown>\n#9 0x562d9f7b679e <unknown>\n#10 0x562d9fa6a25b <unknown>\n#11 0x562d9fa6e1f2 <unknown>\n#12 0x562d9fa57615 <unknown>\n#13 0x562d9fa6ed82 <unknown>\n#14 0x562d9fa3c25f <unknown>\n#15 0x562d9fa91e68 <unknown>\n#16 0x562d9fa92040 <unknown>\n#17 0x562d9faa149c <unknown>\n#18 0x7f269bcc8134 <unknown>","time":{"start":1723943119899,"stop":1723943120384,"duration":485}},{"uid":"1e512a61d99c488f","reportUrl":"https://Nat754.github.io/StroyremAutomation/402//#testresult/1e512a61d99c488f","status":"skipped","statusDetails":"XFAIL\n\nselenium.common.exceptions.NoSuchElementException: Message: no such element: Unable to locate element: {\"method\":\"xpath\",\"selector\":\"(//a[@class='add-to-cart yellow-btn'])[1]\"}\n  (Session info: chrome-headless-shell=127.0.6533.119); For documentation on this error, please visit: https://www.selenium.dev/documentation/webdriver/troubleshooting/errors#no-such-element-exception\nStacktrace:\n#0 0x55d6fd9796ca <unknown>\n#1 0x55d6fd64a600 <unknown>\n#2 0x55d6fd699bcb <unknown>\n#3 0x55d6fd699eb1 <unknown>\n#4 0x55d6fd6ddb24 <unknown>\n#5 0x55d6fd6bc8cd <unknown>\n#6 0x55d6fd6db04a <unknown>\n#7 0x55d6fd6bc643 <unknown>\n#8 0x55d6fd68cd31 <unknown>\n#9 0x55d6fd68d79e <unknown>\n#10 0x55d6fd94125b <unknown>\n#11 0x55d6fd9451f2 <unknown>\n#12 0x55d6fd92e615 <unknown>\n#13 0x55d6fd945d82 <unknown>\n#14 0x55d6fd91325f <unknown>\n#15 0x55d6fd968e68 <unknown>\n#16 0x55d6fd969040 <unknown>\n#17 0x55d6fd97849c <unknown>\n#18 0x7fd156451134 <unknown>","time":{"start":1723856365227,"stop":1723856365797,"duration":570}},{"uid":"f5f9c4ec585b68fd","reportUrl":"https://Nat754.github.io/StroyremAutomation/401//#testresult/f5f9c4ec585b68fd","status":"skipped","statusDetails":"XFAIL\n\nselenium.common.exceptions.NoSuchElementException: Message: no such element: Unable to locate element: {\"method\":\"xpath\",\"selector\":\"(//a[@class='add-to-cart yellow-btn'])[1]\"}\n  (Session info: chrome-headless-shell=127.0.6533.119); For documentation on this error, please visit: https://www.selenium.dev/documentation/webdriver/troubleshooting/errors#no-such-element-exception\nStacktrace:\n#0 0x55ea2a4cd6ca <unknown>\n#1 0x55ea2a19e600 <unknown>\n#2 0x55ea2a1edbcb <unknown>\n#3 0x55ea2a1edeb1 <unknown>\n#4 0x55ea2a231b24 <unknown>\n#5 0x55ea2a2108cd <unknown>\n#6 0x55ea2a22f04a <unknown>\n#7 0x55ea2a210643 <unknown>\n#8 0x55ea2a1e0d31 <unknown>\n#9 0x55ea2a1e179e <unknown>\n#10 0x55ea2a49525b <unknown>\n#11 0x55ea2a4991f2 <unknown>\n#12 0x55ea2a482615 <unknown>\n#13 0x55ea2a499d82 <unknown>\n#14 0x55ea2a46725f <unknown>\n#15 0x55ea2a4bce68 <unknown>\n#16 0x55ea2a4bd040 <unknown>\n#17 0x55ea2a4cc49c <unknown>\n#18 0x7f53a65c3134 <unknown>","time":{"start":1723770072876,"stop":1723770073206,"duration":330}},{"uid":"ff43bc182383e906","reportUrl":"https://Nat754.github.io/StroyremAutomation/400//#testresult/ff43bc182383e906","status":"skipped","statusDetails":"XFAIL\n\nselenium.common.exceptions.NoSuchElementException: Message: no such element: Unable to locate element: {\"method\":\"xpath\",\"selector\":\"(//a[@class='add-to-cart yellow-btn'])[1]\"}\n  (Session info: chrome-headless-shell=127.0.6533.119); For documentation on this error, please visit: https://www.selenium.dev/documentation/webdriver/troubleshooting/errors#no-such-element-exception\nStacktrace:\n#0 0x55f05a3956ca <unknown>\n#1 0x55f05a066600 <unknown>\n#2 0x55f05a0b5bcb <unknown>\n#3 0x55f05a0b5eb1 <unknown>\n#4 0x55f05a0f9b24 <unknown>\n#5 0x55f05a0d88cd <unknown>\n#6 0x55f05a0f704a <unknown>\n#7 0x55f05a0d8643 <unknown>\n#8 0x55f05a0a8d31 <unknown>\n#9 0x55f05a0a979e <unknown>\n#10 0x55f05a35d25b <unknown>\n#11 0x55f05a3611f2 <unknown>\n#12 0x55f05a34a615 <unknown>\n#13 0x55f05a361d82 <unknown>\n#14 0x55f05a32f25f <unknown>\n#15 0x55f05a384e68 <unknown>\n#16 0x55f05a385040 <unknown>\n#17 0x55f05a39449c <unknown>\n#18 0x7f6fb1fad134 <unknown>","time":{"start":1723683559864,"stop":1723683560201,"duration":337}},{"uid":"636f29f72422b06a","reportUrl":"https://Nat754.github.io/StroyremAutomation/399//#testresult/636f29f72422b06a","status":"skipped","statusDetails":"XFAIL\n\nselenium.common.exceptions.NoSuchElementException: Message: no such element: Unable to locate element: {\"method\":\"xpath\",\"selector\":\"(//a[@class='add-to-cart yellow-btn'])[1]\"}\n  (Session info: chrome-headless-shell=127.0.6533.119); For documentation on this error, please visit: https://www.selenium.dev/documentation/webdriver/troubleshooting/errors#no-such-element-exception\nStacktrace:\n#0 0x55ab0ef826ca <unknown>\n#1 0x55ab0ec53600 <unknown>\n#2 0x55ab0eca2bcb <unknown>\n#3 0x55ab0eca2eb1 <unknown>\n#4 0x55ab0ece6b24 <unknown>\n#5 0x55ab0ecc58cd <unknown>\n#6 0x55ab0ece404a <unknown>\n#7 0x55ab0ecc5643 <unknown>\n#8 0x55ab0ec95d31 <unknown>\n#9 0x55ab0ec9679e <unknown>\n#10 0x55ab0ef4a25b <unknown>\n#11 0x55ab0ef4e1f2 <unknown>\n#12 0x55ab0ef37615 <unknown>\n#13 0x55ab0ef4ed82 <unknown>\n#14 0x55ab0ef1c25f <unknown>\n#15 0x55ab0ef71e68 <unknown>\n#16 0x55ab0ef72040 <unknown>\n#17 0x55ab0ef8149c <unknown>\n#18 0x7f81aaf5f134 <unknown>","time":{"start":1723597290856,"stop":1723597291164,"duration":308}},{"uid":"f41f9fd68c1a5e76","reportUrl":"https://Nat754.github.io/StroyremAutomation/398//#testresult/f41f9fd68c1a5e76","status":"skipped","statusDetails":"XFAIL\n\nselenium.common.exceptions.NoSuchElementException: Message: no such element: Unable to locate element: {\"method\":\"xpath\",\"selector\":\"(//a[@class='add-to-cart yellow-btn'])[1]\"}\n  (Session info: chrome-headless-shell=127.0.6533.99); For documentation on this error, please visit: https://www.selenium.dev/documentation/webdriver/troubleshooting/errors#no-such-element-exception\nStacktrace:\n#0 0x5627408266aa <unknown>\n#1 0x5627404f7600 <unknown>\n#2 0x562740546bcb <unknown>\n#3 0x562740546eb1 <unknown>\n#4 0x56274058ab24 <unknown>\n#5 0x5627405698cd <unknown>\n#6 0x56274058804a <unknown>\n#7 0x562740569643 <unknown>\n#8 0x562740539d31 <unknown>\n#9 0x56274053a79e <unknown>\n#10 0x5627407ee23b <unknown>\n#11 0x5627407f21d2 <unknown>\n#12 0x5627407db5f5 <unknown>\n#13 0x5627407f2d62 <unknown>\n#14 0x5627407c023f <unknown>\n#15 0x562740815e48 <unknown>\n#16 0x562740816020 <unknown>\n#17 0x56274082547c <unknown>\n#18 0x7efff7e07134 <unknown>","time":{"start":1723510990758,"stop":1723510991178,"duration":420}},{"uid":"b63e820e2cae4fbb","reportUrl":"https://Nat754.github.io/StroyremAutomation/397//#testresult/b63e820e2cae4fbb","status":"skipped","statusDetails":"XFAIL\n\nselenium.common.exceptions.NoSuchElementException: Message: no such element: Unable to locate element: {\"method\":\"xpath\",\"selector\":\"(//a[@class='add-to-cart yellow-btn'])[1]\"}\n  (Session info: chrome-headless-shell=127.0.6533.99); For documentation on this error, please visit: https://www.selenium.dev/documentation/webdriver/troubleshooting/errors#no-such-element-exception\nStacktrace:\n#0 0x55825e8116aa <unknown>\n#1 0x55825e4e2600 <unknown>\n#2 0x55825e531bcb <unknown>\n#3 0x55825e531eb1 <unknown>\n#4 0x55825e575b24 <unknown>\n#5 0x55825e5548cd <unknown>\n#6 0x55825e57304a <unknown>\n#7 0x55825e554643 <unknown>\n#8 0x55825e524d31 <unknown>\n#9 0x55825e52579e <unknown>\n#10 0x55825e7d923b <unknown>\n#11 0x55825e7dd1d2 <unknown>\n#12 0x55825e7c65f5 <unknown>\n#13 0x55825e7ddd62 <unknown>\n#14 0x55825e7ab23f <unknown>\n#15 0x55825e800e48 <unknown>\n#16 0x55825e801020 <unknown>\n#17 0x55825e81047c <unknown>\n#18 0x7fe394011134 <unknown>","time":{"start":1723424618679,"stop":1723424619001,"duration":322}}]},"tags":["@pytest.mark.xfail","smoke_test"]},"source":"d7d82dd6510989fe.json","parameterValues":["17490","666","'TD 014'","15600","'products/shtukaturka-gipsovaya-aksolit-m50-30-kg-mashinnogo-naneseniya'","5400","'https://sandboxtest.stroyrem-nn.ru/'","20000"]}