{"uid":"911efa0ef9c8769d","name":"test_positive_delivery_green_zone_smoke[TD 007-products/shtukaturka-gipsovaya-aksolit-m50-30-kg-mashinnogo-naneseniya-66-2000-1300-2490-2980-https://sandboxtest.stroyrem-nn.ru/]","fullName":"tests.delivery.test_delivery_calculation.TestDeliveryPageCalculation#test_positive_delivery_green_zone_smoke","historyId":"01706720b82fe343c373f6b78a174407","time":{"start":1722387024854,"stop":1722387025268,"duration":414},"status":"skipped","statusMessage":"XFAIL\n\nselenium.common.exceptions.NoSuchElementException: Message: no such element: Unable to locate element: {\"method\":\"xpath\",\"selector\":\"(//a[@class='add-to-cart yellow-btn'])[1]\"}\n  (Session info: chrome-headless-shell=127.0.6533.88); For documentation on this error, please visit: https://www.selenium.dev/documentation/webdriver/troubleshooting/errors#no-such-element-exception\nStacktrace:\n#0 0x555f024f571a <unknown>\n#1 0x555f021c6640 <unknown>\n#2 0x555f02215c0b <unknown>\n#3 0x555f02215ef1 <unknown>\n#4 0x555f02259b64 <unknown>\n#5 0x555f0223890d <unknown>\n#6 0x555f0225708a <unknown>\n#7 0x555f02238683 <unknown>\n#8 0x555f02208d71 <unknown>\n#9 0x555f022097de <unknown>\n#10 0x555f024bd2ab <unknown>\n#11 0x555f024c1242 <unknown>\n#12 0x555f024aa665 <unknown>\n#13 0x555f024c1dd2 <unknown>\n#14 0x555f0248f2af <unknown>\n#15 0x555f024e4eb8 <unknown>\n#16 0x555f024e5090 <unknown>\n#17 0x555f024f44ec <unknown>\n#18 0x7f990f170134 <unknown>","statusTrace":"self = <tests.delivery.test_delivery_calculation.TestDeliveryPageCalculation object at 0x7f9c08ebd490>\ndriver = <selenium.webdriver.chrome.webdriver.WebDriver (session=\"9df980730fe3b782c7905e1c9f49a382\")>\nurl = 'https://sandboxtest.stroyrem-nn.ru/', case_id = 'TD 007'\nlink_item = 'products/shtukaturka-gipsovaya-aksolit-m50-30-kg-mashinnogo-naneseniya'\namount = 66, weight = 2000, standard = 1300, in_time = 2490, all_time = 2980\n\n    @pytest.mark.parametrize('case_id, link_item, amount, weight, standard, in_time, all_time', [\n        (\"TD 001\", uroven_3000, 1, 30, 0, 1590, 2190),\n        (\"TD 002\", bundeks_25, 1, 30, 400, 1590, 2190),\n        (\"TD 003\", aksolit_30, 8, 300, 400, 1590, 2190),\n        (\"TD 004\", aksolit_30, 13, 400, 450, 1590, 2190),\n        (\"TD 005\", aksolit_30, 16, 500, 600, 1590, 2190),\n        (\"TD 006\", aksolit_30, 25, 1700, 990, 1990, 2480),\n        (\"TD 007\", aksolit_30, 66, 2000, 1300, 2490, 2980),\n        (\"TD 008\", aksolit_30, 149, 4500, 2300, 3980, 4490),\n        (\"TD 009\", aksolit_30, 166, 5000, 2500, 4990, 5480),\n        pytest.param(\n            \"TD 010\", aksolit_30, 206, 6200, 2900, 5570, 6120,\n            marks=pytest.mark.xfail(reson=\"Цена доставки 3600 7960 8980\")\n        ),\n        (\"TD 011\", aksolit_30, 299, 9000, 3600, 7960, 8980),\n        (\"TD 012\", aksolit_30, 333, 10000, 4450, 11990, 12500),\n        pytest.param(\n            \"TD 013\", aksolit_30, 366, 11000, 4800, 12450, 13480,\n            marks=pytest.mark.xfail(reason=\"Цена стандартной доставки 4450\")\n        ),\n        pytest.param(\n            \"TD 014\", aksolit_30, 666, 20000, 5400, 15600, 17490,\n            marks=pytest.mark.xfail(reason=\"Цена стандартной доставки 4450\")\n        )\n    ])\n    @pytest.mark.xfail\n    @pytest.mark.smoke_test\n    def test_positive_delivery_green_zone_smoke(\n            self, driver, url, case_id, link_item, amount, weight, standard, in_time, all_time\n    ):\n    \n        driver.get(f'{url}{link_item}')\n        item_page = ItemPage(driver)\n>       item_page.add_item_to_cart(amount).click_on_cart()\n\ntests/delivery/test_delivery_calculation.py:50: \n_ _ _ _ _ _ _ _ _ _ _ _ _ _ _ _ _ _ _ _ _ _ _ _ _ _ _ _ _ _ _ _ _ _ _ _ _ _ _ _ \npages/item_page.py:40: in add_item_to_cart\n    self.find_element(self._add_item).click()\nbase/seleniumbase.py:17: in find_element\n    return self.driver.find_element(*locator)\n/usr/local/lib/python3.11/site-packages/selenium/webdriver/remote/webdriver.py:739: in find_element\n    return self.execute(Command.FIND_ELEMENT, {\"using\": by, \"value\": value})[\"value\"]\n/usr/local/lib/python3.11/site-packages/selenium/webdriver/remote/webdriver.py:345: in execute\n    self.error_handler.check_response(response)\n_ _ _ _ _ _ _ _ _ _ _ _ _ _ _ _ _ _ _ _ _ _ _ _ _ _ _ _ _ _ _ _ _ _ _ _ _ _ _ _ \n\nself = <selenium.webdriver.remote.errorhandler.ErrorHandler object at 0x7f9c092d7910>\nresponse = {'status': 404, 'value': '{\"value\":{\"error\":\"no such element\",\"message\":\"no such element: Unable to locate element: {\\...\\\\n#16 0x555f024e5090 \\\\u003Cunknown>\\\\n#17 0x555f024f44ec \\\\u003Cunknown>\\\\n#18 0x7f990f170134 \\\\u003Cunknown>\\\\n\"}}'}\n\n    def check_response(self, response: Dict[str, Any]) -> None:\n        \"\"\"Checks that a JSON response from the WebDriver does not have an\n        error.\n    \n        :Args:\n         - response - The JSON response from the WebDriver server as a dictionary\n           object.\n    \n        :Raises: If the response contains an error message.\n        \"\"\"\n        status = response.get(\"status\", None)\n        if not status or status == ErrorCode.SUCCESS:\n            return\n        value = None\n        message = response.get(\"message\", \"\")\n        screen: str = response.get(\"screen\", \"\")\n        stacktrace = None\n        if isinstance(status, int):\n            value_json = response.get(\"value\", None)\n            if value_json and isinstance(value_json, str):\n                import json\n    \n                try:\n                    value = json.loads(value_json)\n                    if len(value) == 1:\n                        value = value[\"value\"]\n                    status = value.get(\"error\", None)\n                    if not status:\n                        status = value.get(\"status\", ErrorCode.UNKNOWN_ERROR)\n                        message = value.get(\"value\") or value.get(\"message\")\n                        if not isinstance(message, str):\n                            value = message\n                            message = message.get(\"message\")\n                    else:\n                        message = value.get(\"message\", None)\n                except ValueError:\n                    pass\n    \n        exception_class: Type[WebDriverException]\n        e = ErrorCode()\n        error_codes = [item for item in dir(e) if not item.startswith(\"__\")]\n        for error_code in error_codes:\n            error_info = getattr(ErrorCode, error_code)\n            if isinstance(error_info, list) and status in error_info:\n                exception_class = getattr(ExceptionMapping, error_code, WebDriverException)\n                break\n        else:\n            exception_class = WebDriverException\n    \n        if not value:\n            value = response[\"value\"]\n        if isinstance(value, str):\n            raise exception_class(value)\n        if message == \"\" and \"message\" in value:\n            message = value[\"message\"]\n    \n        screen = None  # type: ignore[assignment]\n        if \"screen\" in value:\n            screen = value[\"screen\"]\n    \n        stacktrace = None\n        st_value = value.get(\"stackTrace\") or value.get(\"stacktrace\")\n        if st_value:\n            if isinstance(st_value, str):\n                stacktrace = st_value.split(\"\\n\")\n            else:\n                stacktrace = []\n                try:\n                    for frame in st_value:\n                        line = frame.get(\"lineNumber\", \"\")\n                        file = frame.get(\"fileName\", \"<anonymous>\")\n                        if line:\n                            file = f\"{file}:{line}\"\n                        meth = frame.get(\"methodName\", \"<anonymous>\")\n                        if \"className\" in frame:\n                            meth = f\"{frame['className']}.{meth}\"\n                        msg = \"    at %s (%s)\"\n                        msg = msg % (meth, file)\n                        stacktrace.append(msg)\n                except TypeError:\n                    pass\n        if exception_class == UnexpectedAlertPresentException:\n            alert_text = None\n            if \"data\" in value:\n                alert_text = value[\"data\"].get(\"text\")\n            elif \"alert\" in value:\n                alert_text = value[\"alert\"].get(\"text\")\n            raise exception_class(message, screen, stacktrace, alert_text)  # type: ignore[call-arg]  # mypy is not smart enough here\n>       raise exception_class(message, screen, stacktrace)\nE       selenium.common.exceptions.NoSuchElementException: Message: no such element: Unable to locate element: {\"method\":\"xpath\",\"selector\":\"(//a[@class='add-to-cart yellow-btn'])[1]\"}\nE         (Session info: chrome-headless-shell=127.0.6533.88); For documentation on this error, please visit: https://www.selenium.dev/documentation/webdriver/troubleshooting/errors#no-such-element-exception\nE       Stacktrace:\nE       #0 0x555f024f571a <unknown>\nE       #1 0x555f021c6640 <unknown>\nE       #2 0x555f02215c0b <unknown>\nE       #3 0x555f02215ef1 <unknown>\nE       #4 0x555f02259b64 <unknown>\nE       #5 0x555f0223890d <unknown>\nE       #6 0x555f0225708a <unknown>\nE       #7 0x555f02238683 <unknown>\nE       #8 0x555f02208d71 <unknown>\nE       #9 0x555f022097de <unknown>\nE       #10 0x555f024bd2ab <unknown>\nE       #11 0x555f024c1242 <unknown>\nE       #12 0x555f024aa665 <unknown>\nE       #13 0x555f024c1dd2 <unknown>\nE       #14 0x555f0248f2af <unknown>\nE       #15 0x555f024e4eb8 <unknown>\nE       #16 0x555f024e5090 <unknown>\nE       #17 0x555f024f44ec <unknown>\nE       #18 0x7f990f170134 <unknown>\n\n/usr/local/lib/python3.11/site-packages/selenium/webdriver/remote/errorhandler.py:229: NoSuchElementException","flaky":false,"newFailed":false,"newBroken":false,"newPassed":false,"retriesCount":0,"retriesStatusChange":false,"beforeStages":[{"name":"_session_faker","time":{"start":1722386774894,"stop":1722386774964,"duration":70},"status":"passed","steps":[],"attachments":[],"parameters":[],"shouldDisplayMessage":false,"stepsCount":0,"attachmentsCount":0,"hasContent":false,"attachmentStep":false},{"name":"clear_allure_results_folder","time":{"start":1722386774965,"stop":1722386774965,"duration":0},"status":"passed","steps":[],"attachments":[],"parameters":[],"shouldDisplayMessage":false,"stepsCount":0,"attachmentsCount":0,"hasContent":false,"attachmentStep":false},{"name":"driver","time":{"start":1722387024146,"stop":1722387024853,"duration":707},"status":"passed","steps":[],"attachments":[],"parameters":[],"shouldDisplayMessage":false,"stepsCount":0,"attachmentsCount":0,"hasContent":false,"attachmentStep":false},{"name":"setup","time":{"start":1722387024853,"stop":1722387024853,"duration":0},"status":"passed","steps":[],"attachments":[],"parameters":[],"shouldDisplayMessage":false,"stepsCount":0,"attachmentsCount":0,"hasContent":false,"attachmentStep":false}],"testStage":{"status":"skipped","statusMessage":"XFAIL\n\nselenium.common.exceptions.NoSuchElementException: Message: no such element: Unable to locate element: {\"method\":\"xpath\",\"selector\":\"(//a[@class='add-to-cart yellow-btn'])[1]\"}\n  (Session info: chrome-headless-shell=127.0.6533.88); For documentation on this error, please visit: https://www.selenium.dev/documentation/webdriver/troubleshooting/errors#no-such-element-exception\nStacktrace:\n#0 0x555f024f571a <unknown>\n#1 0x555f021c6640 <unknown>\n#2 0x555f02215c0b <unknown>\n#3 0x555f02215ef1 <unknown>\n#4 0x555f02259b64 <unknown>\n#5 0x555f0223890d <unknown>\n#6 0x555f0225708a <unknown>\n#7 0x555f02238683 <unknown>\n#8 0x555f02208d71 <unknown>\n#9 0x555f022097de <unknown>\n#10 0x555f024bd2ab <unknown>\n#11 0x555f024c1242 <unknown>\n#12 0x555f024aa665 <unknown>\n#13 0x555f024c1dd2 <unknown>\n#14 0x555f0248f2af <unknown>\n#15 0x555f024e4eb8 <unknown>\n#16 0x555f024e5090 <unknown>\n#17 0x555f024f44ec <unknown>\n#18 0x7f990f170134 <unknown>","statusTrace":"self = <tests.delivery.test_delivery_calculation.TestDeliveryPageCalculation object at 0x7f9c08ebd490>\ndriver = <selenium.webdriver.chrome.webdriver.WebDriver (session=\"9df980730fe3b782c7905e1c9f49a382\")>\nurl = 'https://sandboxtest.stroyrem-nn.ru/', case_id = 'TD 007'\nlink_item = 'products/shtukaturka-gipsovaya-aksolit-m50-30-kg-mashinnogo-naneseniya'\namount = 66, weight = 2000, standard = 1300, in_time = 2490, all_time = 2980\n\n    @pytest.mark.parametrize('case_id, link_item, amount, weight, standard, in_time, all_time', [\n        (\"TD 001\", uroven_3000, 1, 30, 0, 1590, 2190),\n        (\"TD 002\", bundeks_25, 1, 30, 400, 1590, 2190),\n        (\"TD 003\", aksolit_30, 8, 300, 400, 1590, 2190),\n        (\"TD 004\", aksolit_30, 13, 400, 450, 1590, 2190),\n        (\"TD 005\", aksolit_30, 16, 500, 600, 1590, 2190),\n        (\"TD 006\", aksolit_30, 25, 1700, 990, 1990, 2480),\n        (\"TD 007\", aksolit_30, 66, 2000, 1300, 2490, 2980),\n        (\"TD 008\", aksolit_30, 149, 4500, 2300, 3980, 4490),\n        (\"TD 009\", aksolit_30, 166, 5000, 2500, 4990, 5480),\n        pytest.param(\n            \"TD 010\", aksolit_30, 206, 6200, 2900, 5570, 6120,\n            marks=pytest.mark.xfail(reson=\"Цена доставки 3600 7960 8980\")\n        ),\n        (\"TD 011\", aksolit_30, 299, 9000, 3600, 7960, 8980),\n        (\"TD 012\", aksolit_30, 333, 10000, 4450, 11990, 12500),\n        pytest.param(\n            \"TD 013\", aksolit_30, 366, 11000, 4800, 12450, 13480,\n            marks=pytest.mark.xfail(reason=\"Цена стандартной доставки 4450\")\n        ),\n        pytest.param(\n            \"TD 014\", aksolit_30, 666, 20000, 5400, 15600, 17490,\n            marks=pytest.mark.xfail(reason=\"Цена стандартной доставки 4450\")\n        )\n    ])\n    @pytest.mark.xfail\n    @pytest.mark.smoke_test\n    def test_positive_delivery_green_zone_smoke(\n            self, driver, url, case_id, link_item, amount, weight, standard, in_time, all_time\n    ):\n    \n        driver.get(f'{url}{link_item}')\n        item_page = ItemPage(driver)\n>       item_page.add_item_to_cart(amount).click_on_cart()\n\ntests/delivery/test_delivery_calculation.py:50: \n_ _ _ _ _ _ _ _ _ _ _ _ _ _ _ _ _ _ _ _ _ _ _ _ _ _ _ _ _ _ _ _ _ _ _ _ _ _ _ _ \npages/item_page.py:40: in add_item_to_cart\n    self.find_element(self._add_item).click()\nbase/seleniumbase.py:17: in find_element\n    return self.driver.find_element(*locator)\n/usr/local/lib/python3.11/site-packages/selenium/webdriver/remote/webdriver.py:739: in find_element\n    return self.execute(Command.FIND_ELEMENT, {\"using\": by, \"value\": value})[\"value\"]\n/usr/local/lib/python3.11/site-packages/selenium/webdriver/remote/webdriver.py:345: in execute\n    self.error_handler.check_response(response)\n_ _ _ _ _ _ _ _ _ _ _ _ _ _ _ _ _ _ _ _ _ _ _ _ _ _ _ _ _ _ _ _ _ _ _ _ _ _ _ _ \n\nself = <selenium.webdriver.remote.errorhandler.ErrorHandler object at 0x7f9c092d7910>\nresponse = {'status': 404, 'value': '{\"value\":{\"error\":\"no such element\",\"message\":\"no such element: Unable to locate element: {\\...\\\\n#16 0x555f024e5090 \\\\u003Cunknown>\\\\n#17 0x555f024f44ec \\\\u003Cunknown>\\\\n#18 0x7f990f170134 \\\\u003Cunknown>\\\\n\"}}'}\n\n    def check_response(self, response: Dict[str, Any]) -> None:\n        \"\"\"Checks that a JSON response from the WebDriver does not have an\n        error.\n    \n        :Args:\n         - response - The JSON response from the WebDriver server as a dictionary\n           object.\n    \n        :Raises: If the response contains an error message.\n        \"\"\"\n        status = response.get(\"status\", None)\n        if not status or status == ErrorCode.SUCCESS:\n            return\n        value = None\n        message = response.get(\"message\", \"\")\n        screen: str = response.get(\"screen\", \"\")\n        stacktrace = None\n        if isinstance(status, int):\n            value_json = response.get(\"value\", None)\n            if value_json and isinstance(value_json, str):\n                import json\n    \n                try:\n                    value = json.loads(value_json)\n                    if len(value) == 1:\n                        value = value[\"value\"]\n                    status = value.get(\"error\", None)\n                    if not status:\n                        status = value.get(\"status\", ErrorCode.UNKNOWN_ERROR)\n                        message = value.get(\"value\") or value.get(\"message\")\n                        if not isinstance(message, str):\n                            value = message\n                            message = message.get(\"message\")\n                    else:\n                        message = value.get(\"message\", None)\n                except ValueError:\n                    pass\n    \n        exception_class: Type[WebDriverException]\n        e = ErrorCode()\n        error_codes = [item for item in dir(e) if not item.startswith(\"__\")]\n        for error_code in error_codes:\n            error_info = getattr(ErrorCode, error_code)\n            if isinstance(error_info, list) and status in error_info:\n                exception_class = getattr(ExceptionMapping, error_code, WebDriverException)\n                break\n        else:\n            exception_class = WebDriverException\n    \n        if not value:\n            value = response[\"value\"]\n        if isinstance(value, str):\n            raise exception_class(value)\n        if message == \"\" and \"message\" in value:\n            message = value[\"message\"]\n    \n        screen = None  # type: ignore[assignment]\n        if \"screen\" in value:\n            screen = value[\"screen\"]\n    \n        stacktrace = None\n        st_value = value.get(\"stackTrace\") or value.get(\"stacktrace\")\n        if st_value:\n            if isinstance(st_value, str):\n                stacktrace = st_value.split(\"\\n\")\n            else:\n                stacktrace = []\n                try:\n                    for frame in st_value:\n                        line = frame.get(\"lineNumber\", \"\")\n                        file = frame.get(\"fileName\", \"<anonymous>\")\n                        if line:\n                            file = f\"{file}:{line}\"\n                        meth = frame.get(\"methodName\", \"<anonymous>\")\n                        if \"className\" in frame:\n                            meth = f\"{frame['className']}.{meth}\"\n                        msg = \"    at %s (%s)\"\n                        msg = msg % (meth, file)\n                        stacktrace.append(msg)\n                except TypeError:\n                    pass\n        if exception_class == UnexpectedAlertPresentException:\n            alert_text = None\n            if \"data\" in value:\n                alert_text = value[\"data\"].get(\"text\")\n            elif \"alert\" in value:\n                alert_text = value[\"alert\"].get(\"text\")\n            raise exception_class(message, screen, stacktrace, alert_text)  # type: ignore[call-arg]  # mypy is not smart enough here\n>       raise exception_class(message, screen, stacktrace)\nE       selenium.common.exceptions.NoSuchElementException: Message: no such element: Unable to locate element: {\"method\":\"xpath\",\"selector\":\"(//a[@class='add-to-cart yellow-btn'])[1]\"}\nE         (Session info: chrome-headless-shell=127.0.6533.88); For documentation on this error, please visit: https://www.selenium.dev/documentation/webdriver/troubleshooting/errors#no-such-element-exception\nE       Stacktrace:\nE       #0 0x555f024f571a <unknown>\nE       #1 0x555f021c6640 <unknown>\nE       #2 0x555f02215c0b <unknown>\nE       #3 0x555f02215ef1 <unknown>\nE       #4 0x555f02259b64 <unknown>\nE       #5 0x555f0223890d <unknown>\nE       #6 0x555f0225708a <unknown>\nE       #7 0x555f02238683 <unknown>\nE       #8 0x555f02208d71 <unknown>\nE       #9 0x555f022097de <unknown>\nE       #10 0x555f024bd2ab <unknown>\nE       #11 0x555f024c1242 <unknown>\nE       #12 0x555f024aa665 <unknown>\nE       #13 0x555f024c1dd2 <unknown>\nE       #14 0x555f0248f2af <unknown>\nE       #15 0x555f024e4eb8 <unknown>\nE       #16 0x555f024e5090 <unknown>\nE       #17 0x555f024f44ec <unknown>\nE       #18 0x7f990f170134 <unknown>\n\n/usr/local/lib/python3.11/site-packages/selenium/webdriver/remote/errorhandler.py:229: NoSuchElementException","steps":[{"name":"Добавляем товар в корзину в количестве 66","time":{"start":1722387025250,"stop":1722387025268,"duration":18},"status":"broken","statusMessage":"selenium.common.exceptions.NoSuchElementException: Message: no such element: Unable to locate element: {\"method\":\"xpath\",\"selector\":\"(//a[@class='add-to-cart yellow-btn'])[1]\"}\n  (Session info: chrome-headless-shell=127.0.6533.88); For documentation on this error, please visit: https://www.selenium.dev/documentation/webdriver/troubleshooting/errors#no-such-element-exception\nStacktrace:\n#0 0x555f024f571a <unknown>\n#1 0x555f021c6640 <unknown>\n#2 0x555f02215c0b <unknown>\n#3 0x555f02215ef1 <unknown>\n#4 0x555f02259b64 <unknown>\n#5 0x555f0223890d <unknown>\n#6 0x555f0225708a <unknown>\n#7 0x555f02238683 <unknown>\n#8 0x555f02208d71 <unknown>\n#9 0x555f022097de <unknown>\n#10 0x555f024bd2ab <unknown>\n#11 0x555f024c1242 <unknown>\n#12 0x555f024aa665 <unknown>\n#13 0x555f024c1dd2 <unknown>\n#14 0x555f0248f2af <unknown>\n#15 0x555f024e4eb8 <unknown>\n#16 0x555f024e5090 <unknown>\n#17 0x555f024f44ec <unknown>\n#18 0x7f990f170134 <unknown>\n\n","statusTrace":"  File \"/usr/local/lib/python3.11/site-packages/allure_commons/_allure.py\", line 192, in impl\n    return func(*a, **kw)\n           ^^^^^^^^^^^^^^\n  File \"/app/pages/item_page.py\", line 40, in add_item_to_cart\n    self.find_element(self._add_item).click()\n    ^^^^^^^^^^^^^^^^^^^^^^^^^^^^^^^^^\n  File \"/app/base/seleniumbase.py\", line 17, in find_element\n    return self.driver.find_element(*locator)\n           ^^^^^^^^^^^^^^^^^^^^^^^^^^^^^^^^^^\n  File \"/usr/local/lib/python3.11/site-packages/selenium/webdriver/remote/webdriver.py\", line 739, in find_element\n    return self.execute(Command.FIND_ELEMENT, {\"using\": by, \"value\": value})[\"value\"]\n           ^^^^^^^^^^^^^^^^^^^^^^^^^^^^^^^^^^^^^^^^^^^^^^^^^^^^^^^^^^^^^^^^^\n  File \"/usr/local/lib/python3.11/site-packages/selenium/webdriver/remote/webdriver.py\", line 345, in execute\n    self.error_handler.check_response(response)\n  File \"/usr/local/lib/python3.11/site-packages/selenium/webdriver/remote/errorhandler.py\", line 229, in check_response\n    raise exception_class(message, screen, stacktrace)\n","steps":[],"attachments":[],"parameters":[{"name":"amount","value":"66"}],"shouldDisplayMessage":true,"stepsCount":0,"attachmentsCount":0,"hasContent":true,"attachmentStep":false}],"attachments":[{"uid":"fc337a7ffbd7b00d","name":"Screenshot","source":"fc337a7ffbd7b00d.png","type":"image/png","size":4720},{"uid":"c49bd5ba73808bdc","name":"HTML source","source":"c49bd5ba73808bdc.html","type":"text/html","size":39}],"parameters":[],"shouldDisplayMessage":true,"stepsCount":1,"attachmentsCount":2,"hasContent":true,"attachmentStep":false},"afterStages":[{"name":"driver::0","time":{"start":1722387025366,"stop":1722387025428,"duration":62},"status":"passed","steps":[],"attachments":[],"parameters":[],"shouldDisplayMessage":false,"stepsCount":0,"attachmentsCount":0,"hasContent":false,"attachmentStep":false},{"name":"setup::0","time":{"start":1722387025366,"stop":1722387025366,"duration":0},"status":"passed","steps":[],"attachments":[],"parameters":[],"shouldDisplayMessage":false,"stepsCount":0,"attachmentsCount":0,"hasContent":false,"attachmentStep":false}],"labels":[{"name":"epic","value":"Delivery Page - calculation"},{"name":"tag","value":"smoke_test"},{"name":"tag","value":"@pytest.mark.xfail"},{"name":"parentSuite","value":"tests.delivery"},{"name":"suite","value":"test_delivery_calculation"},{"name":"subSuite","value":"TestDeliveryPageCalculation"},{"name":"host","value":"63e36e0b95b4"},{"name":"thread","value":"1-MainThread"},{"name":"framework","value":"pytest"},{"name":"language","value":"cpython3"},{"name":"package","value":"tests.delivery.test_delivery_calculation"},{"name":"resultFormat","value":"allure2"}],"parameters":[{"name":"all_time","value":"2980"},{"name":"amount","value":"66"},{"name":"case_id","value":"'TD 007'"},{"name":"in_time","value":"2490"},{"name":"link_item","value":"'products/shtukaturka-gipsovaya-aksolit-m50-30-kg-mashinnogo-naneseniya'"},{"name":"standard","value":"1300"},{"name":"url","value":"'https://sandboxtest.stroyrem-nn.ru/'"},{"name":"weight","value":"2000"}],"links":[],"hidden":false,"retry":false,"extra":{"severity":"normal","retries":[],"categories":[],"history":{"statistic":{"failed":0,"broken":0,"skipped":63,"passed":0,"unknown":0,"total":63},"items":[{"uid":"c1c36c4afa330a60","reportUrl":"https://Nat754.github.io/StroyremAutomation/384//#testresult/c1c36c4afa330a60","status":"skipped","statusDetails":"XFAIL\n\nselenium.common.exceptions.NoSuchElementException: Message: no such element: Unable to locate element: {\"method\":\"xpath\",\"selector\":\"(//a[@class='add-to-cart yellow-btn'])[1]\"}\n  (Session info: chrome-headless-shell=127.0.6533.72); For documentation on this error, please visit: https://www.selenium.dev/documentation/webdriver/troubleshooting/errors#no-such-element-exception\nStacktrace:\n#0 0x5639a34196ba <unknown>\n#1 0x5639a30e9730 <unknown>\n#2 0x5639a3138d9b <unknown>\n#3 0x5639a3139081 <unknown>\n#4 0x5639a317ccd4 <unknown>\n#5 0x5639a315ba7d <unknown>\n#6 0x5639a317a1ca <unknown>\n#7 0x5639a315b7f3 <unknown>\n#8 0x5639a312bec9 <unknown>\n#9 0x5639a312c91e <unknown>\n#10 0x5639a33df9eb <unknown>\n#11 0x5639a33e3972 <unknown>\n#12 0x5639a33cce15 <unknown>\n#13 0x5639a33e4502 <unknown>\n#14 0x5639a33b1d2f <unknown>\n#15 0x5639a3408578 <unknown>\n#16 0x5639a3408750 <unknown>\n#17 0x5639a341848c <unknown>\n#18 0x7f88eac12134 <unknown>","time":{"start":1722301209745,"stop":1722301210160,"duration":415}},{"uid":"a8ac881b57e44ecf","reportUrl":"https://Nat754.github.io/StroyremAutomation/383//#testresult/a8ac881b57e44ecf","status":"skipped","statusDetails":"XFAIL\n\nselenium.common.exceptions.NoSuchElementException: Message: no such element: Unable to locate element: {\"method\":\"xpath\",\"selector\":\"(//a[@class='add-to-cart yellow-btn'])[1]\"}\n  (Session info: chrome-headless-shell=127.0.6533.72); For documentation on this error, please visit: https://www.selenium.dev/documentation/webdriver/troubleshooting/errors#no-such-element-exception\nStacktrace:\n#0 0x556be36c36ba <unknown>\n#1 0x556be3393730 <unknown>\n#2 0x556be33e2d9b <unknown>\n#3 0x556be33e3081 <unknown>\n#4 0x556be3426cd4 <unknown>\n#5 0x556be3405a7d <unknown>\n#6 0x556be34241ca <unknown>\n#7 0x556be34057f3 <unknown>\n#8 0x556be33d5ec9 <unknown>\n#9 0x556be33d691e <unknown>\n#10 0x556be36899eb <unknown>\n#11 0x556be368d972 <unknown>\n#12 0x556be3676e15 <unknown>\n#13 0x556be368e502 <unknown>\n#14 0x556be365bd2f <unknown>\n#15 0x556be36b2578 <unknown>\n#16 0x556be36b2750 <unknown>\n#17 0x556be36c248c <unknown>\n#18 0x7ffa97e50134 <unknown>","time":{"start":1722214902571,"stop":1722214903129,"duration":558}},{"uid":"87995604d300d802","reportUrl":"https://Nat754.github.io/StroyremAutomation/382//#testresult/87995604d300d802","status":"skipped","statusDetails":"XFAIL\n\nselenium.common.exceptions.NoSuchElementException: Message: no such element: Unable to locate element: {\"method\":\"xpath\",\"selector\":\"(//a[@class='add-to-cart yellow-btn'])[1]\"}\n  (Session info: chrome-headless-shell=127.0.6533.72); For documentation on this error, please visit: https://www.selenium.dev/documentation/webdriver/troubleshooting/errors#no-such-element-exception\nStacktrace:\n#0 0x563dffa366ba <unknown>\n#1 0x563dff706730 <unknown>\n#2 0x563dff755d9b <unknown>\n#3 0x563dff756081 <unknown>\n#4 0x563dff799cd4 <unknown>\n#5 0x563dff778a7d <unknown>\n#6 0x563dff7971ca <unknown>\n#7 0x563dff7787f3 <unknown>\n#8 0x563dff748ec9 <unknown>\n#9 0x563dff74991e <unknown>\n#10 0x563dff9fc9eb <unknown>\n#11 0x563dffa00972 <unknown>\n#12 0x563dff9e9e15 <unknown>\n#13 0x563dffa01502 <unknown>\n#14 0x563dff9ced2f <unknown>\n#15 0x563dffa25578 <unknown>\n#16 0x563dffa25750 <unknown>\n#17 0x563dffa3548c <unknown>\n#18 0x7f9f5cf68134 <unknown>","time":{"start":1722128697898,"stop":1722128698364,"duration":466}},{"uid":"195e9e71b93de24","reportUrl":"https://Nat754.github.io/StroyremAutomation/381//#testresult/195e9e71b93de24","status":"skipped","statusDetails":"XFAIL\n\nselenium.common.exceptions.NoSuchElementException: Message: no such element: Unable to locate element: {\"method\":\"xpath\",\"selector\":\"(//a[@class='add-to-cart yellow-btn'])[1]\"}\n  (Session info: chrome-headless-shell=127.0.6533.72); For documentation on this error, please visit: https://www.selenium.dev/documentation/webdriver/troubleshooting/errors#no-such-element-exception\nStacktrace:\n#0 0x55b589db56ba <unknown>\n#1 0x55b589a85730 <unknown>\n#2 0x55b589ad4d9b <unknown>\n#3 0x55b589ad5081 <unknown>\n#4 0x55b589b18cd4 <unknown>\n#5 0x55b589af7a7d <unknown>\n#6 0x55b589b161ca <unknown>\n#7 0x55b589af77f3 <unknown>\n#8 0x55b589ac7ec9 <unknown>\n#9 0x55b589ac891e <unknown>\n#10 0x55b589d7b9eb <unknown>\n#11 0x55b589d7f972 <unknown>\n#12 0x55b589d68e15 <unknown>\n#13 0x55b589d80502 <unknown>\n#14 0x55b589d4dd2f <unknown>\n#15 0x55b589da4578 <unknown>\n#16 0x55b589da4750 <unknown>\n#17 0x55b589db448c <unknown>\n#18 0x7f06ef961134 <unknown>","time":{"start":1722041965463,"stop":1722041965872,"duration":409}},{"uid":"44bac9119b8cb808","reportUrl":"https://Nat754.github.io/StroyremAutomation/380//#testresult/44bac9119b8cb808","status":"skipped","statusDetails":"XFAIL\n\nselenium.common.exceptions.NoSuchElementException: Message: no such element: Unable to locate element: {\"method\":\"xpath\",\"selector\":\"(//a[@class='add-to-cart yellow-btn'])[1]\"}\n  (Session info: chrome-headless-shell=127.0.6533.72); For documentation on this error, please visit: https://www.selenium.dev/documentation/webdriver/troubleshooting/errors#no-such-element-exception\nStacktrace:\n#0 0x55faf86c16ba <unknown>\n#1 0x55faf8391730 <unknown>\n#2 0x55faf83e0d9b <unknown>\n#3 0x55faf83e1081 <unknown>\n#4 0x55faf8424cd4 <unknown>\n#5 0x55faf8403a7d <unknown>\n#6 0x55faf84221ca <unknown>\n#7 0x55faf84037f3 <unknown>\n#8 0x55faf83d3ec9 <unknown>\n#9 0x55faf83d491e <unknown>\n#10 0x55faf86879eb <unknown>\n#11 0x55faf868b972 <unknown>\n#12 0x55faf8674e15 <unknown>\n#13 0x55faf868c502 <unknown>\n#14 0x55faf8659d2f <unknown>\n#15 0x55faf86b0578 <unknown>\n#16 0x55faf86b0750 <unknown>\n#17 0x55faf86c048c <unknown>\n#18 0x7fc88b88f134 <unknown>","time":{"start":1721955573343,"stop":1721955573970,"duration":627}},{"uid":"cdf92afaf997c549","reportUrl":"https://Nat754.github.io/StroyremAutomation/379//#testresult/cdf92afaf997c549","status":"skipped","statusDetails":"XFAIL\n\nselenium.common.exceptions.NoSuchElementException: Message: no such element: Unable to locate element: {\"method\":\"xpath\",\"selector\":\"(//a[@class='add-to-cart yellow-btn'])[1]\"}\n  (Session info: chrome-headless-shell=127.0.6533.72); For documentation on this error, please visit: https://www.selenium.dev/documentation/webdriver/troubleshooting/errors#no-such-element-exception\nStacktrace:\n#0 0x55a48d75b6ba <unknown>\n#1 0x55a48d42b730 <unknown>\n#2 0x55a48d47ad9b <unknown>\n#3 0x55a48d47b081 <unknown>\n#4 0x55a48d4becd4 <unknown>\n#5 0x55a48d49da7d <unknown>\n#6 0x55a48d4bc1ca <unknown>\n#7 0x55a48d49d7f3 <unknown>\n#8 0x55a48d46dec9 <unknown>\n#9 0x55a48d46e91e <unknown>\n#10 0x55a48d7219eb <unknown>\n#11 0x55a48d725972 <unknown>\n#12 0x55a48d70ee15 <unknown>\n#13 0x55a48d726502 <unknown>\n#14 0x55a48d6f3d2f <unknown>\n#15 0x55a48d74a578 <unknown>\n#16 0x55a48d74a750 <unknown>\n#17 0x55a48d75a48c <unknown>\n#18 0x7f27d1f2f134 <unknown>","time":{"start":1721869250125,"stop":1721869250553,"duration":428}},{"uid":"86b7d5c9417ea98d","reportUrl":"https://Nat754.github.io/StroyremAutomation/378//#testresult/86b7d5c9417ea98d","status":"skipped","statusDetails":"XFAIL\n\nselenium.common.exceptions.NoSuchElementException: Message: no such element: Unable to locate element: {\"method\":\"xpath\",\"selector\":\"(//a[@class='add-to-cart yellow-btn'])[1]\"}\n  (Session info: chrome-headless-shell=127.0.6533.72); For documentation on this error, please visit: https://www.selenium.dev/documentation/webdriver/troubleshooting/errors#no-such-element-exception\nStacktrace:\n#0 0x55ffa33f36ba <unknown>\n#1 0x55ffa30c3730 <unknown>\n#2 0x55ffa3112d9b <unknown>\n#3 0x55ffa3113081 <unknown>\n#4 0x55ffa3156cd4 <unknown>\n#5 0x55ffa3135a7d <unknown>\n#6 0x55ffa31541ca <unknown>\n#7 0x55ffa31357f3 <unknown>\n#8 0x55ffa3105ec9 <unknown>\n#9 0x55ffa310691e <unknown>\n#10 0x55ffa33b99eb <unknown>\n#11 0x55ffa33bd972 <unknown>\n#12 0x55ffa33a6e15 <unknown>\n#13 0x55ffa33be502 <unknown>\n#14 0x55ffa338bd2f <unknown>\n#15 0x55ffa33e2578 <unknown>\n#16 0x55ffa33e2750 <unknown>\n#17 0x55ffa33f248c <unknown>\n#18 0x7fc035890134 <unknown>","time":{"start":1721782904038,"stop":1721782904443,"duration":405}},{"uid":"846149f1ffffc8bd","reportUrl":"https://Nat754.github.io/StroyremAutomation/377//#testresult/846149f1ffffc8bd","status":"skipped","statusDetails":"XFAIL\n\nselenium.common.exceptions.NoSuchElementException: Message: no such element: Unable to locate element: {\"method\":\"xpath\",\"selector\":\"(//a[@class='add-to-cart yellow-btn'])[1]\"}\n  (Session info: chrome-headless-shell=126.0.6478.182); For documentation on this error, please visit: https://www.selenium.dev/documentation/webdriver/troubleshooting/errors#no-such-element-exception\nStacktrace:\n#0 0x559fe1fafc5a <unknown>\n#1 0x559fe1c92e2c <unknown>\n#2 0x559fe1cdf661 <unknown>\n#3 0x559fe1cdf751 <unknown>\n#4 0x559fe1d23f64 <unknown>\n#5 0x559fe1d025ed <unknown>\n#6 0x559fe1d21303 <unknown>\n#7 0x559fe1d02363 <unknown>\n#8 0x559fe1cd2247 <unknown>\n#9 0x559fe1cd2b9e <unknown>\n#10 0x559fe1f7622b <unknown>\n#11 0x559fe1f7a2d1 <unknown>\n#12 0x559fe1f61ade <unknown>\n#13 0x559fe1f7ae32 <unknown>\n#14 0x559fe1f4677f <unknown>\n#15 0x559fe1f9f618 <unknown>\n#16 0x559fe1f9f7f0 <unknown>\n#17 0x559fe1faed8c <unknown>\n#18 0x7f1e0d1dc134 <unknown>","time":{"start":1721696467230,"stop":1721696467627,"duration":397}},{"uid":"294b2ee9068045d1","reportUrl":"https://Nat754.github.io/StroyremAutomation/376//#testresult/294b2ee9068045d1","status":"skipped","statusDetails":"XFAIL\n\nselenium.common.exceptions.NoSuchElementException: Message: no such element: Unable to locate element: {\"method\":\"xpath\",\"selector\":\"(//a[@class='add-to-cart yellow-btn'])[1]\"}\n  (Session info: chrome-headless-shell=126.0.6478.182); For documentation on this error, please visit: https://www.selenium.dev/documentation/webdriver/troubleshooting/errors#no-such-element-exception\nStacktrace:\n#0 0x5611a2d18c5a <unknown>\n#1 0x5611a29fbe2c <unknown>\n#2 0x5611a2a48661 <unknown>\n#3 0x5611a2a48751 <unknown>\n#4 0x5611a2a8cf64 <unknown>\n#5 0x5611a2a6b5ed <unknown>\n#6 0x5611a2a8a303 <unknown>\n#7 0x5611a2a6b363 <unknown>\n#8 0x5611a2a3b247 <unknown>\n#9 0x5611a2a3bb9e <unknown>\n#10 0x5611a2cdf22b <unknown>\n#11 0x5611a2ce32d1 <unknown>\n#12 0x5611a2ccaade <unknown>\n#13 0x5611a2ce3e32 <unknown>\n#14 0x5611a2caf77f <unknown>\n#15 0x5611a2d08618 <unknown>\n#16 0x5611a2d087f0 <unknown>\n#17 0x5611a2d17d8c <unknown>\n#18 0x7f176c418134 <unknown>","time":{"start":1721610157466,"stop":1721610157893,"duration":427}},{"uid":"dfe8a32a6ed13506","reportUrl":"https://Nat754.github.io/StroyremAutomation/375//#testresult/dfe8a32a6ed13506","status":"skipped","statusDetails":"XFAIL\n\nselenium.common.exceptions.NoSuchElementException: Message: no such element: Unable to locate element: {\"method\":\"xpath\",\"selector\":\"(//a[@class='add-to-cart yellow-btn'])[1]\"}\n  (Session info: chrome-headless-shell=126.0.6478.182); For documentation on this error, please visit: https://www.selenium.dev/documentation/webdriver/troubleshooting/errors#no-such-element-exception\nStacktrace:\n#0 0x55ac7a5cac5a <unknown>\n#1 0x55ac7a2ade2c <unknown>\n#2 0x55ac7a2fa661 <unknown>\n#3 0x55ac7a2fa751 <unknown>\n#4 0x55ac7a33ef64 <unknown>\n#5 0x55ac7a31d5ed <unknown>\n#6 0x55ac7a33c303 <unknown>\n#7 0x55ac7a31d363 <unknown>\n#8 0x55ac7a2ed247 <unknown>\n#9 0x55ac7a2edb9e <unknown>\n#10 0x55ac7a59122b <unknown>\n#11 0x55ac7a5952d1 <unknown>\n#12 0x55ac7a57cade <unknown>\n#13 0x55ac7a595e32 <unknown>\n#14 0x55ac7a56177f <unknown>\n#15 0x55ac7a5ba618 <unknown>\n#16 0x55ac7a5ba7f0 <unknown>\n#17 0x55ac7a5c9d8c <unknown>\n#18 0x7fe83af91134 <unknown>","time":{"start":1721523866451,"stop":1721523866742,"duration":291}},{"uid":"b50069773d527e88","reportUrl":"https://Nat754.github.io/StroyremAutomation/374//#testresult/b50069773d527e88","status":"skipped","statusDetails":"XFAIL\n\nselenium.common.exceptions.NoSuchElementException: Message: no such element: Unable to locate element: {\"method\":\"xpath\",\"selector\":\"(//a[@class='add-to-cart yellow-btn'])[1]\"}\n  (Session info: chrome-headless-shell=126.0.6478.182); For documentation on this error, please visit: https://www.selenium.dev/documentation/webdriver/troubleshooting/errors#no-such-element-exception\nStacktrace:\n#0 0x5620509cbc5a <unknown>\n#1 0x5620506aee2c <unknown>\n#2 0x5620506fb661 <unknown>\n#3 0x5620506fb751 <unknown>\n#4 0x56205073ff64 <unknown>\n#5 0x56205071e5ed <unknown>\n#6 0x56205073d303 <unknown>\n#7 0x56205071e363 <unknown>\n#8 0x5620506ee247 <unknown>\n#9 0x5620506eeb9e <unknown>\n#10 0x56205099222b <unknown>\n#11 0x5620509962d1 <unknown>\n#12 0x56205097dade <unknown>\n#13 0x562050996e32 <unknown>\n#14 0x56205096277f <unknown>\n#15 0x5620509bb618 <unknown>\n#16 0x5620509bb7f0 <unknown>\n#17 0x5620509cad8c <unknown>\n#18 0x7f5a0659c134 <unknown>","time":{"start":1721437183508,"stop":1721437183903,"duration":395}},{"uid":"292850f652e4bcaa","reportUrl":"https://Nat754.github.io/StroyremAutomation/373//#testresult/292850f652e4bcaa","status":"skipped","statusDetails":"XFAIL\n\nselenium.common.exceptions.NoSuchElementException: Message: no such element: Unable to locate element: {\"method\":\"xpath\",\"selector\":\"(//a[@class='add-to-cart yellow-btn'])[1]\"}\n  (Session info: chrome-headless-shell=126.0.6478.182); For documentation on this error, please visit: https://www.selenium.dev/documentation/webdriver/troubleshooting/errors#no-such-element-exception\nStacktrace:\n#0 0x557b9ed3bc5a <unknown>\n#1 0x557b9ea1ee2c <unknown>\n#2 0x557b9ea6b661 <unknown>\n#3 0x557b9ea6b751 <unknown>\n#4 0x557b9eaaff64 <unknown>\n#5 0x557b9ea8e5ed <unknown>\n#6 0x557b9eaad303 <unknown>\n#7 0x557b9ea8e363 <unknown>\n#8 0x557b9ea5e247 <unknown>\n#9 0x557b9ea5eb9e <unknown>\n#10 0x557b9ed0222b <unknown>\n#11 0x557b9ed062d1 <unknown>\n#12 0x557b9ecedade <unknown>\n#13 0x557b9ed06e32 <unknown>\n#14 0x557b9ecd277f <unknown>\n#15 0x557b9ed2b618 <unknown>\n#16 0x557b9ed2b7f0 <unknown>\n#17 0x557b9ed3ad8c <unknown>\n#18 0x7fd45599f134 <unknown>","time":{"start":1721350829691,"stop":1721350830115,"duration":424}},{"uid":"a8a48c1adeba35ae","reportUrl":"https://Nat754.github.io/StroyremAutomation/372//#testresult/a8a48c1adeba35ae","status":"skipped","statusDetails":"XFAIL\n\nselenium.common.exceptions.NoSuchElementException: Message: no such element: Unable to locate element: {\"method\":\"xpath\",\"selector\":\"(//a[@class='add-to-cart yellow-btn'])[1]\"}\n  (Session info: chrome-headless-shell=126.0.6478.182); For documentation on this error, please visit: https://www.selenium.dev/documentation/webdriver/troubleshooting/errors#no-such-element-exception\nStacktrace:\n#0 0x564b02b84c5a <unknown>\n#1 0x564b02867e2c <unknown>\n#2 0x564b028b4661 <unknown>\n#3 0x564b028b4751 <unknown>\n#4 0x564b028f8f64 <unknown>\n#5 0x564b028d75ed <unknown>\n#6 0x564b028f6303 <unknown>\n#7 0x564b028d7363 <unknown>\n#8 0x564b028a7247 <unknown>\n#9 0x564b028a7b9e <unknown>\n#10 0x564b02b4b22b <unknown>\n#11 0x564b02b4f2d1 <unknown>\n#12 0x564b02b36ade <unknown>\n#13 0x564b02b4fe32 <unknown>\n#14 0x564b02b1b77f <unknown>\n#15 0x564b02b74618 <unknown>\n#16 0x564b02b747f0 <unknown>\n#17 0x564b02b83d8c <unknown>\n#18 0x7fbf9c310134 <unknown>","time":{"start":1721264404436,"stop":1721264405160,"duration":724}},{"uid":"9d91c50e871d8f92","reportUrl":"https://Nat754.github.io/StroyremAutomation/371//#testresult/9d91c50e871d8f92","status":"skipped","statusDetails":"XFAIL\n\nselenium.common.exceptions.NoSuchElementException: Message: no such element: Unable to locate element: {\"method\":\"xpath\",\"selector\":\"(//a[@class='add-to-cart yellow-btn'])[1]\"}\n  (Session info: chrome-headless-shell=126.0.6478.182); For documentation on this error, please visit: https://www.selenium.dev/documentation/webdriver/troubleshooting/errors#no-such-element-exception\nStacktrace:\n#0 0x56354d239c5a <unknown>\n#1 0x56354cf1ce2c <unknown>\n#2 0x56354cf69661 <unknown>\n#3 0x56354cf69751 <unknown>\n#4 0x56354cfadf64 <unknown>\n#5 0x56354cf8c5ed <unknown>\n#6 0x56354cfab303 <unknown>\n#7 0x56354cf8c363 <unknown>\n#8 0x56354cf5c247 <unknown>\n#9 0x56354cf5cb9e <unknown>\n#10 0x56354d20022b <unknown>\n#11 0x56354d2042d1 <unknown>\n#12 0x56354d1ebade <unknown>\n#13 0x56354d204e32 <unknown>\n#14 0x56354d1d077f <unknown>\n#15 0x56354d229618 <unknown>\n#16 0x56354d2297f0 <unknown>\n#17 0x56354d238d8c <unknown>\n#18 0x7f2d638b4134 <unknown>","time":{"start":1721178024860,"stop":1721178025162,"duration":302}},{"uid":"8d1dac72dd53b847","reportUrl":"https://Nat754.github.io/StroyremAutomation/370//#testresult/8d1dac72dd53b847","status":"skipped","statusDetails":"XFAIL\n\nselenium.common.exceptions.NoSuchElementException: Message: no such element: Unable to locate element: {\"method\":\"xpath\",\"selector\":\"(//a[@class='add-to-cart yellow-btn'])[1]\"}\n  (Session info: chrome-headless-shell=126.0.6478.126); For documentation on this error, please visit: https://www.selenium.dev/documentation/webdriver/troubleshooting/errors#no-such-element-exception\nStacktrace:\n#0 0x564d49bdac7a <unknown>\n#1 0x564d498bde2c <unknown>\n#2 0x564d4990a661 <unknown>\n#3 0x564d4990a751 <unknown>\n#4 0x564d4994ef64 <unknown>\n#5 0x564d4992d5ed <unknown>\n#6 0x564d4994c303 <unknown>\n#7 0x564d4992d363 <unknown>\n#8 0x564d498fd247 <unknown>\n#9 0x564d498fdb9e <unknown>\n#10 0x564d49ba124b <unknown>\n#11 0x564d49ba52f1 <unknown>\n#12 0x564d49b8cafe <unknown>\n#13 0x564d49ba5e52 <unknown>\n#14 0x564d49b7179f <unknown>\n#15 0x564d49bca638 <unknown>\n#16 0x564d49bca810 <unknown>\n#17 0x564d49bd9dac <unknown>\n#18 0x7fd2cf26f134 <unknown>","time":{"start":1721091664768,"stop":1721091665195,"duration":427}},{"uid":"c8b77f49b53861f1","reportUrl":"https://Nat754.github.io/StroyremAutomation/369//#testresult/c8b77f49b53861f1","status":"skipped","statusDetails":"XFAIL\n\nselenium.common.exceptions.NoSuchElementException: Message: no such element: Unable to locate element: {\"method\":\"xpath\",\"selector\":\"(//a[@class='add-to-cart yellow-btn'])[1]\"}\n  (Session info: chrome-headless-shell=126.0.6478.126); For documentation on this error, please visit: https://www.selenium.dev/documentation/webdriver/troubleshooting/errors#no-such-element-exception\nStacktrace:\n#0 0x5581f2ac6c7a <unknown>\n#1 0x5581f27a9e2c <unknown>\n#2 0x5581f27f6661 <unknown>\n#3 0x5581f27f6751 <unknown>\n#4 0x5581f283af64 <unknown>\n#5 0x5581f28195ed <unknown>\n#6 0x5581f2838303 <unknown>\n#7 0x5581f2819363 <unknown>\n#8 0x5581f27e9247 <unknown>\n#9 0x5581f27e9b9e <unknown>\n#10 0x5581f2a8d24b <unknown>\n#11 0x5581f2a912f1 <unknown>\n#12 0x5581f2a78afe <unknown>\n#13 0x5581f2a91e52 <unknown>\n#14 0x5581f2a5d79f <unknown>\n#15 0x5581f2ab6638 <unknown>\n#16 0x5581f2ab6810 <unknown>\n#17 0x5581f2ac5dac <unknown>\n#18 0x7f9434139134 <unknown>","time":{"start":1721005367893,"stop":1721005368697,"duration":804}},{"uid":"7154d1538a81ca28","reportUrl":"https://Nat754.github.io/StroyremAutomation/368//#testresult/7154d1538a81ca28","status":"skipped","statusDetails":"XFAIL\n\nselenium.common.exceptions.NoSuchElementException: Message: no such element: Unable to locate element: {\"method\":\"xpath\",\"selector\":\"(//a[@class='add-to-cart yellow-btn'])[1]\"}\n  (Session info: chrome-headless-shell=126.0.6478.126); For documentation on this error, please visit: https://www.selenium.dev/documentation/webdriver/troubleshooting/errors#no-such-element-exception\nStacktrace:\n#0 0x556684cfec7a <unknown>\n#1 0x5566849e1e2c <unknown>\n#2 0x556684a2e661 <unknown>\n#3 0x556684a2e751 <unknown>\n#4 0x556684a72f64 <unknown>\n#5 0x556684a515ed <unknown>\n#6 0x556684a70303 <unknown>\n#7 0x556684a51363 <unknown>\n#8 0x556684a21247 <unknown>\n#9 0x556684a21b9e <unknown>\n#10 0x556684cc524b <unknown>\n#11 0x556684cc92f1 <unknown>\n#12 0x556684cb0afe <unknown>\n#13 0x556684cc9e52 <unknown>\n#14 0x556684c9579f <unknown>\n#15 0x556684cee638 <unknown>\n#16 0x556684cee810 <unknown>\n#17 0x556684cfddac <unknown>\n#18 0x7f1de0bf0134 <unknown>","time":{"start":1720919083483,"stop":1720919083790,"duration":307}},{"uid":"e546d19229bed2d1","reportUrl":"https://Nat754.github.io/StroyremAutomation/367//#testresult/e546d19229bed2d1","status":"skipped","statusDetails":"XFAIL\n\nselenium.common.exceptions.NoSuchElementException: Message: no such element: Unable to locate element: {\"method\":\"xpath\",\"selector\":\"(//a[@class='add-to-cart yellow-btn'])[1]\"}\n  (Session info: chrome-headless-shell=126.0.6478.126); For documentation on this error, please visit: https://www.selenium.dev/documentation/webdriver/troubleshooting/errors#no-such-element-exception\nStacktrace:\n#0 0x55bebcb59c7a <unknown>\n#1 0x55bebc83ce2c <unknown>\n#2 0x55bebc889661 <unknown>\n#3 0x55bebc889751 <unknown>\n#4 0x55bebc8cdf64 <unknown>\n#5 0x55bebc8ac5ed <unknown>\n#6 0x55bebc8cb303 <unknown>\n#7 0x55bebc8ac363 <unknown>\n#8 0x55bebc87c247 <unknown>\n#9 0x55bebc87cb9e <unknown>\n#10 0x55bebcb2024b <unknown>\n#11 0x55bebcb242f1 <unknown>\n#12 0x55bebcb0bafe <unknown>\n#13 0x55bebcb24e52 <unknown>\n#14 0x55bebcaf079f <unknown>\n#15 0x55bebcb49638 <unknown>\n#16 0x55bebcb49810 <unknown>\n#17 0x55bebcb58dac <unknown>\n#18 0x7f4b5fb20134 <unknown>","time":{"start":1720832385131,"stop":1720832385422,"duration":291}},{"uid":"4bc8667e70acae2","reportUrl":"https://Nat754.github.io/StroyremAutomation/366//#testresult/4bc8667e70acae2","status":"skipped","statusDetails":"XFAIL\n\nselenium.common.exceptions.NoSuchElementException: Message: no such element: Unable to locate element: {\"method\":\"xpath\",\"selector\":\"(//a[@class='add-to-cart yellow-btn'])[1]\"}\n  (Session info: chrome-headless-shell=126.0.6478.126); For documentation on this error, please visit: https://www.selenium.dev/documentation/webdriver/troubleshooting/errors#no-such-element-exception\nStacktrace:\n#0 0x55b50a0ecc7a <unknown>\n#1 0x55b509dcfe2c <unknown>\n#2 0x55b509e1c661 <unknown>\n#3 0x55b509e1c751 <unknown>\n#4 0x55b509e60f64 <unknown>\n#5 0x55b509e3f5ed <unknown>\n#6 0x55b509e5e303 <unknown>\n#7 0x55b509e3f363 <unknown>\n#8 0x55b509e0f247 <unknown>\n#9 0x55b509e0fb9e <unknown>\n#10 0x55b50a0b324b <unknown>\n#11 0x55b50a0b72f1 <unknown>\n#12 0x55b50a09eafe <unknown>\n#13 0x55b50a0b7e52 <unknown>\n#14 0x55b50a08379f <unknown>\n#15 0x55b50a0dc638 <unknown>\n#16 0x55b50a0dc810 <unknown>\n#17 0x55b50a0ebdac <unknown>\n#18 0x7f75a9d1e134 <unknown>","time":{"start":1720745997843,"stop":1720745998460,"duration":617}},{"uid":"1ee1164f2c7548b1","reportUrl":"https://Nat754.github.io/StroyremAutomation/365//#testresult/1ee1164f2c7548b1","status":"skipped","statusDetails":"XFAIL\n\nselenium.common.exceptions.NoSuchElementException: Message: no such element: Unable to locate element: {\"method\":\"xpath\",\"selector\":\"(//a[@class='add-to-cart yellow-btn'])[1]\"}\n  (Session info: chrome-headless-shell=126.0.6478.126); For documentation on this error, please visit: https://www.selenium.dev/documentation/webdriver/troubleshooting/errors#no-such-element-exception\nStacktrace:\n#0 0x560ef3055c7a <unknown>\n#1 0x560ef2d38e2c <unknown>\n#2 0x560ef2d85661 <unknown>\n#3 0x560ef2d85751 <unknown>\n#4 0x560ef2dc9f64 <unknown>\n#5 0x560ef2da85ed <unknown>\n#6 0x560ef2dc7303 <unknown>\n#7 0x560ef2da8363 <unknown>\n#8 0x560ef2d78247 <unknown>\n#9 0x560ef2d78b9e <unknown>\n#10 0x560ef301c24b <unknown>\n#11 0x560ef30202f1 <unknown>\n#12 0x560ef3007afe <unknown>\n#13 0x560ef3020e52 <unknown>\n#14 0x560ef2fec79f <unknown>\n#15 0x560ef3045638 <unknown>\n#16 0x560ef3045810 <unknown>\n#17 0x560ef3054dac <unknown>\n#18 0x7f6baaa60134 <unknown>","time":{"start":1720659633388,"stop":1720659633914,"duration":526}}]},"tags":["@pytest.mark.xfail","smoke_test"]},"source":"911efa0ef9c8769d.json","parameterValues":["2980","66","'TD 007'","2490","'products/shtukaturka-gipsovaya-aksolit-m50-30-kg-mashinnogo-naneseniya'","1300","'https://sandboxtest.stroyrem-nn.ru/'","2000"]}