{"uid":"bc6d02f05d12883d","name":"TD 022 Доставка товара весом до 5000кг. в синей зоне","fullName":"tests.delivery.test_delivery_calculation.TestDeliveryPageCalculation#test_positive_delivery_blue_zone_smoke","historyId":"88e507e8c34e246e904b871854b91bc0","time":{"start":1703897557634,"stop":1703897558305,"duration":671},"status":"skipped","statusMessage":"XFAIL\n\nselenium.common.exceptions.NoSuchElementException: Message: no such element: Unable to locate element: {\"method\":\"xpath\",\"selector\":\"(//a[@class='add-to-cart yellow-btn'])[1]\"}\n  (Session info: chrome-headless-shell=120.0.6099.109); For documentation on this error, please visit: https://www.selenium.dev/documentation/webdriver/troubleshooting/errors#no-such-element-exception\nStacktrace:\n#0 0x565263d7ff83 <unknown>\n#1 0x565263a38cf7 <unknown>\n#2 0x565263a8899e <unknown>\n#3 0x565263a88aa1 <unknown>\n#4 0x565263ad3d64 <unknown>\n#5 0x565263ab20dd <unknown>\n#6 0x565263ad1006 <unknown>\n#7 0x565263ab1e53 <unknown>\n#8 0x565263a79dd4 <unknown>\n#9 0x565263a7b1de <unknown>\n#10 0x565263d44531 <unknown>\n#11 0x565263d48455 <unknown>\n#12 0x565263d30f55 <unknown>\n#13 0x565263d490ef <unknown>\n#14 0x565263d1499f <unknown>\n#15 0x565263d6d008 <unknown>\n#16 0x565263d6d1d7 <unknown>\n#17 0x565263d7f124 <unknown>\n#18 0x7f8509122044 <unknown>","statusTrace":"self = <tests.delivery.test_delivery_calculation.TestDeliveryPageCalculation object at 0x7f34f06e9ed0>\ndriver = <selenium.webdriver.chrome.webdriver.WebDriver (session=\"12e81c715dae16e67f8bf6eea7122f03\")>\nurl = 'https://sandboxtest.stroyrem-nn.ru/', case_id = 'TD 022'\nlink_item = 'products/shtukaturka-gipsovaya-aksolit-m50-30-kg-mashinnogo-naneseniya'\namount = 166, weight = 5000, standard = 2800, in_time = 5490, all_time = 5980\n\n    @pytest.mark.parametrize('case_id, link_item, amount, weight, standard, in_time, all_time', [\n        (\"TD 015\", bundeks_25, 1, 30, 650, 2390, 3320),\n        pytest.param(\n            \"TD 016\", aksolit_30, 8, 300, 650, 2390, 3320,\n            marks=pytest.mark.xfail(reson=\"Цена доставки: - - -\")\n        ),\n        (\"TD 017\", aksolit_30, 13, 400, 650, 2390, 3320),\n        (\"TD 018\", aksolit_30, 16, 500, 850, 2490, 3320),\n        (\"TD 019\", aksolit_30, 25, 1700, 1150, 2490, 3320),\n        (\"TD 020\", aksolit_30, 66, 2000, 1500, 2990, 3650),\n        (\"TD 021\", aksolit_30, 149, 4500, 2600, 4380, 4890),\n        (\"TD 022\", aksolit_30, 166, 5000, 2800, 5490, 5980),\n        pytest.param(\n            \"TD 023\", aksolit_30, 206, 6200, 3300, 7500, 8000,\n            marks=pytest.mark.xfail(reson=\"Цена доставки: 4300 9900 11440\")\n        ),\n        (\"TD 024\", aksolit_30, 299, 9000, 4300, 9900, 11440),\n        (\"TD 025\", aksolit_30, 333, 10000, 7000, 13900, 15900),\n        pytest.param(\n            \"TD 026\", aksolit_30, 366, 11000, 8000, 14900, 19900,\n            marks=pytest.mark.xfail(reson=\"Цена доставки: 7000 13900 15900\")\n        ),\n        pytest.param(\n            \"TD 027\", aksolit_30, 666, 20000, 14000, 16900, 23900,\n            marks=pytest.mark.xfail(reson=\"Цена доставки: 7000 13900 15900\")\n        )\n    ])\n    @pytest.mark.xfail\n    @pytest.mark.smoke_test\n    def test_positive_delivery_blue_zone_smoke(\n            self, driver, url, case_id, link_item, amount, weight, standard, in_time, all_time\n    ):\n        allure.dynamic.title(f\"{case_id} Доставка товара весом до {weight}кг. в синей зоне\")\n    \n        driver.get(f'{url}{link_item}')\n        item_page = ItemPage(driver)\n>       item_page.add_item_to_cart(amount).click_on_cart()\n\ntests/delivery/test_delivery_calculation.py:132: \n_ _ _ _ _ _ _ _ _ _ _ _ _ _ _ _ _ _ _ _ _ _ _ _ _ _ _ _ _ _ _ _ _ _ _ _ _ _ _ _ \npages/item_page.py:40: in add_item_to_cart\n    self.find_element(self._add_item).click()\nbase/seleniumbase.py:17: in find_element\n    return self.driver.find_element(*locator)\n/usr/local/lib/python3.11/site-packages/selenium/webdriver/remote/webdriver.py:739: in find_element\n    return self.execute(Command.FIND_ELEMENT, {\"using\": by, \"value\": value})[\"value\"]\n/usr/local/lib/python3.11/site-packages/selenium/webdriver/remote/webdriver.py:345: in execute\n    self.error_handler.check_response(response)\n_ _ _ _ _ _ _ _ _ _ _ _ _ _ _ _ _ _ _ _ _ _ _ _ _ _ _ _ _ _ _ _ _ _ _ _ _ _ _ _ \n\nself = <selenium.webdriver.remote.errorhandler.ErrorHandler object at 0x7f34f0030f90>\nresponse = {'status': 404, 'value': '{\"value\":{\"error\":\"no such element\",\"message\":\"no such element: Unable to locate element: {\\...\\\\n#16 0x565263d6d1d7 \\\\u003Cunknown>\\\\n#17 0x565263d7f124 \\\\u003Cunknown>\\\\n#18 0x7f8509122044 \\\\u003Cunknown>\\\\n\"}}'}\n\n    def check_response(self, response: Dict[str, Any]) -> None:\n        \"\"\"Checks that a JSON response from the WebDriver does not have an\n        error.\n    \n        :Args:\n         - response - The JSON response from the WebDriver server as a dictionary\n           object.\n    \n        :Raises: If the response contains an error message.\n        \"\"\"\n        status = response.get(\"status\", None)\n        if not status or status == ErrorCode.SUCCESS:\n            return\n        value = None\n        message = response.get(\"message\", \"\")\n        screen: str = response.get(\"screen\", \"\")\n        stacktrace = None\n        if isinstance(status, int):\n            value_json = response.get(\"value\", None)\n            if value_json and isinstance(value_json, str):\n                import json\n    \n                try:\n                    value = json.loads(value_json)\n                    if len(value) == 1:\n                        value = value[\"value\"]\n                    status = value.get(\"error\", None)\n                    if not status:\n                        status = value.get(\"status\", ErrorCode.UNKNOWN_ERROR)\n                        message = value.get(\"value\") or value.get(\"message\")\n                        if not isinstance(message, str):\n                            value = message\n                            message = message.get(\"message\")\n                    else:\n                        message = value.get(\"message\", None)\n                except ValueError:\n                    pass\n    \n        exception_class: Type[WebDriverException]\n        e = ErrorCode()\n        error_codes = [item for item in dir(e) if not item.startswith(\"__\")]\n        for error_code in error_codes:\n            error_info = getattr(ErrorCode, error_code)\n            if isinstance(error_info, list) and status in error_info:\n                exception_class = getattr(ExceptionMapping, error_code, WebDriverException)\n                break\n        else:\n            exception_class = WebDriverException\n    \n        if not value:\n            value = response[\"value\"]\n        if isinstance(value, str):\n            raise exception_class(value)\n        if message == \"\" and \"message\" in value:\n            message = value[\"message\"]\n    \n        screen = None  # type: ignore[assignment]\n        if \"screen\" in value:\n            screen = value[\"screen\"]\n    \n        stacktrace = None\n        st_value = value.get(\"stackTrace\") or value.get(\"stacktrace\")\n        if st_value:\n            if isinstance(st_value, str):\n                stacktrace = st_value.split(\"\\n\")\n            else:\n                stacktrace = []\n                try:\n                    for frame in st_value:\n                        line = frame.get(\"lineNumber\", \"\")\n                        file = frame.get(\"fileName\", \"<anonymous>\")\n                        if line:\n                            file = f\"{file}:{line}\"\n                        meth = frame.get(\"methodName\", \"<anonymous>\")\n                        if \"className\" in frame:\n                            meth = f\"{frame['className']}.{meth}\"\n                        msg = \"    at %s (%s)\"\n                        msg = msg % (meth, file)\n                        stacktrace.append(msg)\n                except TypeError:\n                    pass\n        if exception_class == UnexpectedAlertPresentException:\n            alert_text = None\n            if \"data\" in value:\n                alert_text = value[\"data\"].get(\"text\")\n            elif \"alert\" in value:\n                alert_text = value[\"alert\"].get(\"text\")\n            raise exception_class(message, screen, stacktrace, alert_text)  # type: ignore[call-arg]  # mypy is not smart enough here\n>       raise exception_class(message, screen, stacktrace)\nE       selenium.common.exceptions.NoSuchElementException: Message: no such element: Unable to locate element: {\"method\":\"xpath\",\"selector\":\"(//a[@class='add-to-cart yellow-btn'])[1]\"}\nE         (Session info: chrome-headless-shell=120.0.6099.109); For documentation on this error, please visit: https://www.selenium.dev/documentation/webdriver/troubleshooting/errors#no-such-element-exception\nE       Stacktrace:\nE       #0 0x565263d7ff83 <unknown>\nE       #1 0x565263a38cf7 <unknown>\nE       #2 0x565263a8899e <unknown>\nE       #3 0x565263a88aa1 <unknown>\nE       #4 0x565263ad3d64 <unknown>\nE       #5 0x565263ab20dd <unknown>\nE       #6 0x565263ad1006 <unknown>\nE       #7 0x565263ab1e53 <unknown>\nE       #8 0x565263a79dd4 <unknown>\nE       #9 0x565263a7b1de <unknown>\nE       #10 0x565263d44531 <unknown>\nE       #11 0x565263d48455 <unknown>\nE       #12 0x565263d30f55 <unknown>\nE       #13 0x565263d490ef <unknown>\nE       #14 0x565263d1499f <unknown>\nE       #15 0x565263d6d008 <unknown>\nE       #16 0x565263d6d1d7 <unknown>\nE       #17 0x565263d7f124 <unknown>\nE       #18 0x7f8509122044 <unknown>\n\n/usr/local/lib/python3.11/site-packages/selenium/webdriver/remote/errorhandler.py:229: NoSuchElementException","flaky":false,"newFailed":false,"newBroken":false,"newPassed":false,"retriesCount":0,"retriesStatusChange":false,"beforeStages":[{"name":"_session_faker","time":{"start":1703897314370,"stop":1703897314445,"duration":75},"status":"passed","steps":[],"attachments":[],"parameters":[],"shouldDisplayMessage":false,"stepsCount":0,"attachmentsCount":0,"hasContent":false,"attachmentStep":false},{"name":"clear_allure_results_folder","time":{"start":1703897314445,"stop":1703897314445,"duration":0},"status":"passed","steps":[],"attachments":[],"parameters":[],"shouldDisplayMessage":false,"stepsCount":0,"attachmentsCount":0,"hasContent":false,"attachmentStep":false},{"name":"driver","time":{"start":1703897556850,"stop":1703897557632,"duration":782},"status":"passed","steps":[],"attachments":[],"parameters":[],"shouldDisplayMessage":false,"stepsCount":0,"attachmentsCount":0,"hasContent":false,"attachmentStep":false},{"name":"setup","time":{"start":1703897557632,"stop":1703897557633,"duration":1},"status":"passed","steps":[],"attachments":[],"parameters":[],"shouldDisplayMessage":false,"stepsCount":0,"attachmentsCount":0,"hasContent":false,"attachmentStep":false}],"testStage":{"status":"skipped","statusMessage":"XFAIL\n\nselenium.common.exceptions.NoSuchElementException: Message: no such element: Unable to locate element: {\"method\":\"xpath\",\"selector\":\"(//a[@class='add-to-cart yellow-btn'])[1]\"}\n  (Session info: chrome-headless-shell=120.0.6099.109); For documentation on this error, please visit: https://www.selenium.dev/documentation/webdriver/troubleshooting/errors#no-such-element-exception\nStacktrace:\n#0 0x565263d7ff83 <unknown>\n#1 0x565263a38cf7 <unknown>\n#2 0x565263a8899e <unknown>\n#3 0x565263a88aa1 <unknown>\n#4 0x565263ad3d64 <unknown>\n#5 0x565263ab20dd <unknown>\n#6 0x565263ad1006 <unknown>\n#7 0x565263ab1e53 <unknown>\n#8 0x565263a79dd4 <unknown>\n#9 0x565263a7b1de <unknown>\n#10 0x565263d44531 <unknown>\n#11 0x565263d48455 <unknown>\n#12 0x565263d30f55 <unknown>\n#13 0x565263d490ef <unknown>\n#14 0x565263d1499f <unknown>\n#15 0x565263d6d008 <unknown>\n#16 0x565263d6d1d7 <unknown>\n#17 0x565263d7f124 <unknown>\n#18 0x7f8509122044 <unknown>","statusTrace":"self = <tests.delivery.test_delivery_calculation.TestDeliveryPageCalculation object at 0x7f34f06e9ed0>\ndriver = <selenium.webdriver.chrome.webdriver.WebDriver (session=\"12e81c715dae16e67f8bf6eea7122f03\")>\nurl = 'https://sandboxtest.stroyrem-nn.ru/', case_id = 'TD 022'\nlink_item = 'products/shtukaturka-gipsovaya-aksolit-m50-30-kg-mashinnogo-naneseniya'\namount = 166, weight = 5000, standard = 2800, in_time = 5490, all_time = 5980\n\n    @pytest.mark.parametrize('case_id, link_item, amount, weight, standard, in_time, all_time', [\n        (\"TD 015\", bundeks_25, 1, 30, 650, 2390, 3320),\n        pytest.param(\n            \"TD 016\", aksolit_30, 8, 300, 650, 2390, 3320,\n            marks=pytest.mark.xfail(reson=\"Цена доставки: - - -\")\n        ),\n        (\"TD 017\", aksolit_30, 13, 400, 650, 2390, 3320),\n        (\"TD 018\", aksolit_30, 16, 500, 850, 2490, 3320),\n        (\"TD 019\", aksolit_30, 25, 1700, 1150, 2490, 3320),\n        (\"TD 020\", aksolit_30, 66, 2000, 1500, 2990, 3650),\n        (\"TD 021\", aksolit_30, 149, 4500, 2600, 4380, 4890),\n        (\"TD 022\", aksolit_30, 166, 5000, 2800, 5490, 5980),\n        pytest.param(\n            \"TD 023\", aksolit_30, 206, 6200, 3300, 7500, 8000,\n            marks=pytest.mark.xfail(reson=\"Цена доставки: 4300 9900 11440\")\n        ),\n        (\"TD 024\", aksolit_30, 299, 9000, 4300, 9900, 11440),\n        (\"TD 025\", aksolit_30, 333, 10000, 7000, 13900, 15900),\n        pytest.param(\n            \"TD 026\", aksolit_30, 366, 11000, 8000, 14900, 19900,\n            marks=pytest.mark.xfail(reson=\"Цена доставки: 7000 13900 15900\")\n        ),\n        pytest.param(\n            \"TD 027\", aksolit_30, 666, 20000, 14000, 16900, 23900,\n            marks=pytest.mark.xfail(reson=\"Цена доставки: 7000 13900 15900\")\n        )\n    ])\n    @pytest.mark.xfail\n    @pytest.mark.smoke_test\n    def test_positive_delivery_blue_zone_smoke(\n            self, driver, url, case_id, link_item, amount, weight, standard, in_time, all_time\n    ):\n        allure.dynamic.title(f\"{case_id} Доставка товара весом до {weight}кг. в синей зоне\")\n    \n        driver.get(f'{url}{link_item}')\n        item_page = ItemPage(driver)\n>       item_page.add_item_to_cart(amount).click_on_cart()\n\ntests/delivery/test_delivery_calculation.py:132: \n_ _ _ _ _ _ _ _ _ _ _ _ _ _ _ _ _ _ _ _ _ _ _ _ _ _ _ _ _ _ _ _ _ _ _ _ _ _ _ _ \npages/item_page.py:40: in add_item_to_cart\n    self.find_element(self._add_item).click()\nbase/seleniumbase.py:17: in find_element\n    return self.driver.find_element(*locator)\n/usr/local/lib/python3.11/site-packages/selenium/webdriver/remote/webdriver.py:739: in find_element\n    return self.execute(Command.FIND_ELEMENT, {\"using\": by, \"value\": value})[\"value\"]\n/usr/local/lib/python3.11/site-packages/selenium/webdriver/remote/webdriver.py:345: in execute\n    self.error_handler.check_response(response)\n_ _ _ _ _ _ _ _ _ _ _ _ _ _ _ _ _ _ _ _ _ _ _ _ _ _ _ _ _ _ _ _ _ _ _ _ _ _ _ _ \n\nself = <selenium.webdriver.remote.errorhandler.ErrorHandler object at 0x7f34f0030f90>\nresponse = {'status': 404, 'value': '{\"value\":{\"error\":\"no such element\",\"message\":\"no such element: Unable to locate element: {\\...\\\\n#16 0x565263d6d1d7 \\\\u003Cunknown>\\\\n#17 0x565263d7f124 \\\\u003Cunknown>\\\\n#18 0x7f8509122044 \\\\u003Cunknown>\\\\n\"}}'}\n\n    def check_response(self, response: Dict[str, Any]) -> None:\n        \"\"\"Checks that a JSON response from the WebDriver does not have an\n        error.\n    \n        :Args:\n         - response - The JSON response from the WebDriver server as a dictionary\n           object.\n    \n        :Raises: If the response contains an error message.\n        \"\"\"\n        status = response.get(\"status\", None)\n        if not status or status == ErrorCode.SUCCESS:\n            return\n        value = None\n        message = response.get(\"message\", \"\")\n        screen: str = response.get(\"screen\", \"\")\n        stacktrace = None\n        if isinstance(status, int):\n            value_json = response.get(\"value\", None)\n            if value_json and isinstance(value_json, str):\n                import json\n    \n                try:\n                    value = json.loads(value_json)\n                    if len(value) == 1:\n                        value = value[\"value\"]\n                    status = value.get(\"error\", None)\n                    if not status:\n                        status = value.get(\"status\", ErrorCode.UNKNOWN_ERROR)\n                        message = value.get(\"value\") or value.get(\"message\")\n                        if not isinstance(message, str):\n                            value = message\n                            message = message.get(\"message\")\n                    else:\n                        message = value.get(\"message\", None)\n                except ValueError:\n                    pass\n    \n        exception_class: Type[WebDriverException]\n        e = ErrorCode()\n        error_codes = [item for item in dir(e) if not item.startswith(\"__\")]\n        for error_code in error_codes:\n            error_info = getattr(ErrorCode, error_code)\n            if isinstance(error_info, list) and status in error_info:\n                exception_class = getattr(ExceptionMapping, error_code, WebDriverException)\n                break\n        else:\n            exception_class = WebDriverException\n    \n        if not value:\n            value = response[\"value\"]\n        if isinstance(value, str):\n            raise exception_class(value)\n        if message == \"\" and \"message\" in value:\n            message = value[\"message\"]\n    \n        screen = None  # type: ignore[assignment]\n        if \"screen\" in value:\n            screen = value[\"screen\"]\n    \n        stacktrace = None\n        st_value = value.get(\"stackTrace\") or value.get(\"stacktrace\")\n        if st_value:\n            if isinstance(st_value, str):\n                stacktrace = st_value.split(\"\\n\")\n            else:\n                stacktrace = []\n                try:\n                    for frame in st_value:\n                        line = frame.get(\"lineNumber\", \"\")\n                        file = frame.get(\"fileName\", \"<anonymous>\")\n                        if line:\n                            file = f\"{file}:{line}\"\n                        meth = frame.get(\"methodName\", \"<anonymous>\")\n                        if \"className\" in frame:\n                            meth = f\"{frame['className']}.{meth}\"\n                        msg = \"    at %s (%s)\"\n                        msg = msg % (meth, file)\n                        stacktrace.append(msg)\n                except TypeError:\n                    pass\n        if exception_class == UnexpectedAlertPresentException:\n            alert_text = None\n            if \"data\" in value:\n                alert_text = value[\"data\"].get(\"text\")\n            elif \"alert\" in value:\n                alert_text = value[\"alert\"].get(\"text\")\n            raise exception_class(message, screen, stacktrace, alert_text)  # type: ignore[call-arg]  # mypy is not smart enough here\n>       raise exception_class(message, screen, stacktrace)\nE       selenium.common.exceptions.NoSuchElementException: Message: no such element: Unable to locate element: {\"method\":\"xpath\",\"selector\":\"(//a[@class='add-to-cart yellow-btn'])[1]\"}\nE         (Session info: chrome-headless-shell=120.0.6099.109); For documentation on this error, please visit: https://www.selenium.dev/documentation/webdriver/troubleshooting/errors#no-such-element-exception\nE       Stacktrace:\nE       #0 0x565263d7ff83 <unknown>\nE       #1 0x565263a38cf7 <unknown>\nE       #2 0x565263a8899e <unknown>\nE       #3 0x565263a88aa1 <unknown>\nE       #4 0x565263ad3d64 <unknown>\nE       #5 0x565263ab20dd <unknown>\nE       #6 0x565263ad1006 <unknown>\nE       #7 0x565263ab1e53 <unknown>\nE       #8 0x565263a79dd4 <unknown>\nE       #9 0x565263a7b1de <unknown>\nE       #10 0x565263d44531 <unknown>\nE       #11 0x565263d48455 <unknown>\nE       #12 0x565263d30f55 <unknown>\nE       #13 0x565263d490ef <unknown>\nE       #14 0x565263d1499f <unknown>\nE       #15 0x565263d6d008 <unknown>\nE       #16 0x565263d6d1d7 <unknown>\nE       #17 0x565263d7f124 <unknown>\nE       #18 0x7f8509122044 <unknown>\n\n/usr/local/lib/python3.11/site-packages/selenium/webdriver/remote/errorhandler.py:229: NoSuchElementException","steps":[{"name":"Добавляем товар в корзину в количестве 166","time":{"start":1703897558291,"stop":1703897558305,"duration":14},"status":"broken","statusMessage":"selenium.common.exceptions.NoSuchElementException: Message: no such element: Unable to locate element: {\"method\":\"xpath\",\"selector\":\"(//a[@class='add-to-cart yellow-btn'])[1]\"}\n  (Session info: chrome-headless-shell=120.0.6099.109); For documentation on this error, please visit: https://www.selenium.dev/documentation/webdriver/troubleshooting/errors#no-such-element-exception\nStacktrace:\n#0 0x565263d7ff83 <unknown>\n#1 0x565263a38cf7 <unknown>\n#2 0x565263a8899e <unknown>\n#3 0x565263a88aa1 <unknown>\n#4 0x565263ad3d64 <unknown>\n#5 0x565263ab20dd <unknown>\n#6 0x565263ad1006 <unknown>\n#7 0x565263ab1e53 <unknown>\n#8 0x565263a79dd4 <unknown>\n#9 0x565263a7b1de <unknown>\n#10 0x565263d44531 <unknown>\n#11 0x565263d48455 <unknown>\n#12 0x565263d30f55 <unknown>\n#13 0x565263d490ef <unknown>\n#14 0x565263d1499f <unknown>\n#15 0x565263d6d008 <unknown>\n#16 0x565263d6d1d7 <unknown>\n#17 0x565263d7f124 <unknown>\n#18 0x7f8509122044 <unknown>\n\n","statusTrace":"  File \"/usr/local/lib/python3.11/site-packages/allure_commons/_allure.py\", line 192, in impl\n    return func(*a, **kw)\n           ^^^^^^^^^^^^^^\n  File \"/app/pages/item_page.py\", line 40, in add_item_to_cart\n    self.find_element(self._add_item).click()\n    ^^^^^^^^^^^^^^^^^^^^^^^^^^^^^^^^^\n  File \"/app/base/seleniumbase.py\", line 17, in find_element\n    return self.driver.find_element(*locator)\n           ^^^^^^^^^^^^^^^^^^^^^^^^^^^^^^^^^^\n  File \"/usr/local/lib/python3.11/site-packages/selenium/webdriver/remote/webdriver.py\", line 739, in find_element\n    return self.execute(Command.FIND_ELEMENT, {\"using\": by, \"value\": value})[\"value\"]\n           ^^^^^^^^^^^^^^^^^^^^^^^^^^^^^^^^^^^^^^^^^^^^^^^^^^^^^^^^^^^^^^^^^\n  File \"/usr/local/lib/python3.11/site-packages/selenium/webdriver/remote/webdriver.py\", line 345, in execute\n    self.error_handler.check_response(response)\n  File \"/usr/local/lib/python3.11/site-packages/selenium/webdriver/remote/errorhandler.py\", line 229, in check_response\n    raise exception_class(message, screen, stacktrace)\n","steps":[],"attachments":[],"parameters":[{"name":"amount","value":"166"}],"shouldDisplayMessage":true,"stepsCount":0,"attachmentsCount":0,"hasContent":true,"attachmentStep":false}],"attachments":[{"uid":"af18ea325b6885db","name":"Screenshot","source":"af18ea325b6885db.png","type":"image/png","size":5862},{"uid":"b13c6cd172ff7d7d","name":"HTML source","source":"b13c6cd172ff7d7d.html","type":"text/html","size":39}],"parameters":[],"shouldDisplayMessage":true,"stepsCount":1,"attachmentsCount":2,"hasContent":true,"attachmentStep":false},"afterStages":[{"name":"driver::0","time":{"start":1703897558408,"stop":1703897558465,"duration":57},"status":"passed","steps":[],"attachments":[],"parameters":[],"shouldDisplayMessage":false,"stepsCount":0,"attachmentsCount":0,"hasContent":false,"attachmentStep":false},{"name":"setup::0","time":{"start":1703897558408,"stop":1703897558408,"duration":0},"status":"passed","steps":[],"attachments":[],"parameters":[],"shouldDisplayMessage":false,"stepsCount":0,"attachmentsCount":0,"hasContent":false,"attachmentStep":false}],"labels":[{"name":"epic","value":"Delivery Page - calculation"},{"name":"tag","value":"smoke_test"},{"name":"tag","value":"@pytest.mark.xfail"},{"name":"parentSuite","value":"tests.delivery"},{"name":"suite","value":"test_delivery_calculation"},{"name":"subSuite","value":"TestDeliveryPageCalculation"},{"name":"host","value":"3458242e0ed3"},{"name":"thread","value":"1-MainThread"},{"name":"framework","value":"pytest"},{"name":"language","value":"cpython3"},{"name":"package","value":"tests.delivery.test_delivery_calculation"},{"name":"resultFormat","value":"allure2"}],"parameters":[{"name":"all_time","value":"5980"},{"name":"amount","value":"166"},{"name":"case_id","value":"'TD 022'"},{"name":"in_time","value":"5490"},{"name":"link_item","value":"'products/shtukaturka-gipsovaya-aksolit-m50-30-kg-mashinnogo-naneseniya'"},{"name":"standard","value":"2800"},{"name":"url","value":"'https://sandboxtest.stroyrem-nn.ru/'"},{"name":"weight","value":"5000"}],"links":[],"hidden":false,"retry":false,"extra":{"severity":"normal","retries":[],"categories":[],"history":{"statistic":{"failed":0,"broken":13,"skipped":110,"passed":0,"unknown":0,"total":123},"items":[{"uid":"f6e57054138e3f48","reportUrl":"https://Nat754.github.io/StroyremAutomation/170//#testresult/f6e57054138e3f48","status":"skipped","statusDetails":"XFAIL\n\nselenium.common.exceptions.NoSuchElementException: Message: no such element: Unable to locate element: {\"method\":\"xpath\",\"selector\":\"(//a[@class='add-to-cart yellow-btn'])[1]\"}\n  (Session info: chrome-headless-shell=120.0.6099.109); For documentation on this error, please visit: https://www.selenium.dev/documentation/webdriver/troubleshooting/errors#no-such-element-exception\nStacktrace:\n#0 0x5642af364f83 <unknown>\n#1 0x5642af01dcf7 <unknown>\n#2 0x5642af06d99e <unknown>\n#3 0x5642af06daa1 <unknown>\n#4 0x5642af0b8d64 <unknown>\n#5 0x5642af0970dd <unknown>\n#6 0x5642af0b6006 <unknown>\n#7 0x5642af096e53 <unknown>\n#8 0x5642af05edd4 <unknown>\n#9 0x5642af0601de <unknown>\n#10 0x5642af329531 <unknown>\n#11 0x5642af32d455 <unknown>\n#12 0x5642af315f55 <unknown>\n#13 0x5642af32e0ef <unknown>\n#14 0x5642af2f999f <unknown>\n#15 0x5642af352008 <unknown>\n#16 0x5642af3521d7 <unknown>\n#17 0x5642af364124 <unknown>\n#18 0x7f0f9b1ce044 <unknown>","time":{"start":1703810735381,"stop":1703810735830,"duration":449}},{"uid":"7965a00f2d3da678","reportUrl":"https://Nat754.github.io/StroyremAutomation/169//#testresult/7965a00f2d3da678","status":"skipped","statusDetails":"XFAIL\n\nselenium.common.exceptions.NoSuchElementException: Message: no such element: Unable to locate element: {\"method\":\"xpath\",\"selector\":\"(//a[@class='add-to-cart yellow-btn'])[1]\"}\n  (Session info: chrome-headless-shell=120.0.6099.109); For documentation on this error, please visit: https://www.selenium.dev/documentation/webdriver/troubleshooting/errors#no-such-element-exception\nStacktrace:\n#0 0x562c803f8f83 <unknown>\n#1 0x562c800b1cf7 <unknown>\n#2 0x562c8010199e <unknown>\n#3 0x562c80101aa1 <unknown>\n#4 0x562c8014cd64 <unknown>\n#5 0x562c8012b0dd <unknown>\n#6 0x562c8014a006 <unknown>\n#7 0x562c8012ae53 <unknown>\n#8 0x562c800f2dd4 <unknown>\n#9 0x562c800f41de <unknown>\n#10 0x562c803bd531 <unknown>\n#11 0x562c803c1455 <unknown>\n#12 0x562c803a9f55 <unknown>\n#13 0x562c803c20ef <unknown>\n#14 0x562c8038d99f <unknown>\n#15 0x562c803e6008 <unknown>\n#16 0x562c803e61d7 <unknown>\n#17 0x562c803f8124 <unknown>\n#18 0x7fe586a81044 <unknown>","time":{"start":1703724800929,"stop":1703724801390,"duration":461}},{"uid":"f73c490abf681612","reportUrl":"https://Nat754.github.io/StroyremAutomation/168//#testresult/f73c490abf681612","status":"skipped","statusDetails":"XFAIL\n\nselenium.common.exceptions.NoSuchElementException: Message: no such element: Unable to locate element: {\"method\":\"xpath\",\"selector\":\"(//a[@class='add-to-cart yellow-btn'])[1]\"}\n  (Session info: chrome-headless-shell=120.0.6099.109); For documentation on this error, please visit: https://www.selenium.dev/documentation/webdriver/troubleshooting/errors#no-such-element-exception\nStacktrace:\n#0 0x5560e66c1f83 <unknown>\n#1 0x5560e637acf7 <unknown>\n#2 0x5560e63ca99e <unknown>\n#3 0x5560e63caaa1 <unknown>\n#4 0x5560e6415d64 <unknown>\n#5 0x5560e63f40dd <unknown>\n#6 0x5560e6413006 <unknown>\n#7 0x5560e63f3e53 <unknown>\n#8 0x5560e63bbdd4 <unknown>\n#9 0x5560e63bd1de <unknown>\n#10 0x5560e6686531 <unknown>\n#11 0x5560e668a455 <unknown>\n#12 0x5560e6672f55 <unknown>\n#13 0x5560e668b0ef <unknown>\n#14 0x5560e665699f <unknown>\n#15 0x5560e66af008 <unknown>\n#16 0x5560e66af1d7 <unknown>\n#17 0x5560e66c1124 <unknown>\n#18 0x7fa17e3dd044 <unknown>","time":{"start":1703638437587,"stop":1703638438033,"duration":446}},{"uid":"58fd24580a0236e6","reportUrl":"https://Nat754.github.io/StroyremAutomation/167//#testresult/58fd24580a0236e6","status":"skipped","statusDetails":"XFAIL\n\nselenium.common.exceptions.NoSuchElementException: Message: no such element: Unable to locate element: {\"method\":\"xpath\",\"selector\":\"(//a[@class='add-to-cart yellow-btn'])[1]\"}\n  (Session info: chrome-headless-shell=120.0.6099.109); For documentation on this error, please visit: https://www.selenium.dev/documentation/webdriver/troubleshooting/errors#no-such-element-exception\nStacktrace:\n#0 0x56241c072f83 <unknown>\n#1 0x56241bd2bcf7 <unknown>\n#2 0x56241bd7b99e <unknown>\n#3 0x56241bd7baa1 <unknown>\n#4 0x56241bdc6d64 <unknown>\n#5 0x56241bda50dd <unknown>\n#6 0x56241bdc4006 <unknown>\n#7 0x56241bda4e53 <unknown>\n#8 0x56241bd6cdd4 <unknown>\n#9 0x56241bd6e1de <unknown>\n#10 0x56241c037531 <unknown>\n#11 0x56241c03b455 <unknown>\n#12 0x56241c023f55 <unknown>\n#13 0x56241c03c0ef <unknown>\n#14 0x56241c00799f <unknown>\n#15 0x56241c060008 <unknown>\n#16 0x56241c0601d7 <unknown>\n#17 0x56241c072124 <unknown>\n#18 0x7f77ba02a044 <unknown>","time":{"start":1703551977960,"stop":1703551978301,"duration":341}},{"uid":"aa2adc87c97f706d","reportUrl":"https://Nat754.github.io/StroyremAutomation/166//#testresult/aa2adc87c97f706d","status":"skipped","statusDetails":"XFAIL\n\nselenium.common.exceptions.NoSuchElementException: Message: no such element: Unable to locate element: {\"method\":\"xpath\",\"selector\":\"(//a[@class='add-to-cart yellow-btn'])[1]\"}\n  (Session info: chrome-headless-shell=120.0.6099.109); For documentation on this error, please visit: https://www.selenium.dev/documentation/webdriver/troubleshooting/errors#no-such-element-exception\nStacktrace:\n#0 0x55cef2c42f83 <unknown>\n#1 0x55cef28fbcf7 <unknown>\n#2 0x55cef294b99e <unknown>\n#3 0x55cef294baa1 <unknown>\n#4 0x55cef2996d64 <unknown>\n#5 0x55cef29750dd <unknown>\n#6 0x55cef2994006 <unknown>\n#7 0x55cef2974e53 <unknown>\n#8 0x55cef293cdd4 <unknown>\n#9 0x55cef293e1de <unknown>\n#10 0x55cef2c07531 <unknown>\n#11 0x55cef2c0b455 <unknown>\n#12 0x55cef2bf3f55 <unknown>\n#13 0x55cef2c0c0ef <unknown>\n#14 0x55cef2bd799f <unknown>\n#15 0x55cef2c30008 <unknown>\n#16 0x55cef2c301d7 <unknown>\n#17 0x55cef2c42124 <unknown>\n#18 0x7f8c31f6a044 <unknown>","time":{"start":1703465805049,"stop":1703465805506,"duration":457}},{"uid":"a70ca2b9f9ad35e3","reportUrl":"https://Nat754.github.io/StroyremAutomation/165//#testresult/a70ca2b9f9ad35e3","status":"skipped","statusDetails":"XFAIL\n\nselenium.common.exceptions.NoSuchElementException: Message: no such element: Unable to locate element: {\"method\":\"xpath\",\"selector\":\"(//a[@class='add-to-cart yellow-btn'])[1]\"}\n  (Session info: chrome-headless-shell=120.0.6099.109); For documentation on this error, please visit: https://www.selenium.dev/documentation/webdriver/troubleshooting/errors#no-such-element-exception\nStacktrace:\n#0 0x5570635e2f83 <unknown>\n#1 0x55706329bcf7 <unknown>\n#2 0x5570632eb99e <unknown>\n#3 0x5570632ebaa1 <unknown>\n#4 0x557063336d64 <unknown>\n#5 0x5570633150dd <unknown>\n#6 0x557063334006 <unknown>\n#7 0x557063314e53 <unknown>\n#8 0x5570632dcdd4 <unknown>\n#9 0x5570632de1de <unknown>\n#10 0x5570635a7531 <unknown>\n#11 0x5570635ab455 <unknown>\n#12 0x557063593f55 <unknown>\n#13 0x5570635ac0ef <unknown>\n#14 0x55706357799f <unknown>\n#15 0x5570635d0008 <unknown>\n#16 0x5570635d01d7 <unknown>\n#17 0x5570635e2124 <unknown>\n#18 0x7f4181f05044 <unknown>","time":{"start":1703379541025,"stop":1703379541711,"duration":686}},{"uid":"4a6dd01952f177c2","reportUrl":"https://Nat754.github.io/StroyremAutomation/164//#testresult/4a6dd01952f177c2","status":"skipped","statusDetails":"XFAIL\n\nselenium.common.exceptions.NoSuchElementException: Message: no such element: Unable to locate element: {\"method\":\"xpath\",\"selector\":\"(//a[@class='add-to-cart yellow-btn'])[1]\"}\n  (Session info: chrome-headless-shell=120.0.6099.109); For documentation on this error, please visit: https://www.selenium.dev/documentation/webdriver/troubleshooting/errors#no-such-element-exception\nStacktrace:\n#0 0x55e6e9ebff83 <unknown>\n#1 0x55e6e9b78cf7 <unknown>\n#2 0x55e6e9bc899e <unknown>\n#3 0x55e6e9bc8aa1 <unknown>\n#4 0x55e6e9c13d64 <unknown>\n#5 0x55e6e9bf20dd <unknown>\n#6 0x55e6e9c11006 <unknown>\n#7 0x55e6e9bf1e53 <unknown>\n#8 0x55e6e9bb9dd4 <unknown>\n#9 0x55e6e9bbb1de <unknown>\n#10 0x55e6e9e84531 <unknown>\n#11 0x55e6e9e88455 <unknown>\n#12 0x55e6e9e70f55 <unknown>\n#13 0x55e6e9e890ef <unknown>\n#14 0x55e6e9e5499f <unknown>\n#15 0x55e6e9ead008 <unknown>\n#16 0x55e6e9ead1d7 <unknown>\n#17 0x55e6e9ebf124 <unknown>\n#18 0x7f40cc260044 <unknown>","time":{"start":1703292744324,"stop":1703292744671,"duration":347}},{"uid":"25486a8a21cac2d1","reportUrl":"https://Nat754.github.io/StroyremAutomation/163//#testresult/25486a8a21cac2d1","status":"skipped","statusDetails":"XFAIL\n\nselenium.common.exceptions.NoSuchElementException: Message: no such element: Unable to locate element: {\"method\":\"xpath\",\"selector\":\"(//a[@class='add-to-cart yellow-btn'])[1]\"}\n  (Session info: chrome-headless-shell=120.0.6099.109); For documentation on this error, please visit: https://www.selenium.dev/documentation/webdriver/troubleshooting/errors#no-such-element-exception\nStacktrace:\n#0 0x55fd0178df83 <unknown>\n#1 0x55fd01446cf7 <unknown>\n#2 0x55fd0149699e <unknown>\n#3 0x55fd01496aa1 <unknown>\n#4 0x55fd014e1d64 <unknown>\n#5 0x55fd014c00dd <unknown>\n#6 0x55fd014df006 <unknown>\n#7 0x55fd014bfe53 <unknown>\n#8 0x55fd01487dd4 <unknown>\n#9 0x55fd014891de <unknown>\n#10 0x55fd01752531 <unknown>\n#11 0x55fd01756455 <unknown>\n#12 0x55fd0173ef55 <unknown>\n#13 0x55fd017570ef <unknown>\n#14 0x55fd0172299f <unknown>\n#15 0x55fd0177b008 <unknown>\n#16 0x55fd0177b1d7 <unknown>\n#17 0x55fd0178d124 <unknown>\n#18 0x7f492ce1a044 <unknown>","time":{"start":1703206475003,"stop":1703206475362,"duration":359}},{"uid":"21f6f6f038221882","reportUrl":"https://Nat754.github.io/StroyremAutomation/162//#testresult/21f6f6f038221882","status":"skipped","statusDetails":"XFAIL\n\nselenium.common.exceptions.NoSuchElementException: Message: no such element: Unable to locate element: {\"method\":\"xpath\",\"selector\":\"(//a[@class='add-to-cart yellow-btn'])[1]\"}\n  (Session info: chrome-headless-shell=120.0.6099.109); For documentation on this error, please visit: https://www.selenium.dev/documentation/webdriver/troubleshooting/errors#no-such-element-exception\nStacktrace:\n#0 0x55c605512f83 <unknown>\n#1 0x55c6051cbcf7 <unknown>\n#2 0x55c60521b99e <unknown>\n#3 0x55c60521baa1 <unknown>\n#4 0x55c605266d64 <unknown>\n#5 0x55c6052450dd <unknown>\n#6 0x55c605264006 <unknown>\n#7 0x55c605244e53 <unknown>\n#8 0x55c60520cdd4 <unknown>\n#9 0x55c60520e1de <unknown>\n#10 0x55c6054d7531 <unknown>\n#11 0x55c6054db455 <unknown>\n#12 0x55c6054c3f55 <unknown>\n#13 0x55c6054dc0ef <unknown>\n#14 0x55c6054a799f <unknown>\n#15 0x55c605500008 <unknown>\n#16 0x55c6055001d7 <unknown>\n#17 0x55c605512124 <unknown>\n#18 0x7fc71922c044 <unknown>","time":{"start":1703120094977,"stop":1703120095380,"duration":403}},{"uid":"936e04c6e89586bb","reportUrl":"https://Nat754.github.io/StroyremAutomation/161//#testresult/936e04c6e89586bb","status":"skipped","statusDetails":"XFAIL\n\nselenium.common.exceptions.NoSuchElementException: Message: no such element: Unable to locate element: {\"method\":\"xpath\",\"selector\":\"(//a[@class='add-to-cart yellow-btn'])[1]\"}\n  (Session info: chrome-headless-shell=120.0.6099.109); For documentation on this error, please visit: https://www.selenium.dev/documentation/webdriver/troubleshooting/errors#no-such-element-exception\nStacktrace:\n#0 0x565325c92f83 <unknown>\n#1 0x56532594bcf7 <unknown>\n#2 0x56532599b99e <unknown>\n#3 0x56532599baa1 <unknown>\n#4 0x5653259e6d64 <unknown>\n#5 0x5653259c50dd <unknown>\n#6 0x5653259e4006 <unknown>\n#7 0x5653259c4e53 <unknown>\n#8 0x56532598cdd4 <unknown>\n#9 0x56532598e1de <unknown>\n#10 0x565325c57531 <unknown>\n#11 0x565325c5b455 <unknown>\n#12 0x565325c43f55 <unknown>\n#13 0x565325c5c0ef <unknown>\n#14 0x565325c2799f <unknown>\n#15 0x565325c80008 <unknown>\n#16 0x565325c801d7 <unknown>\n#17 0x565325c92124 <unknown>\n#18 0x7f7ab12bd044 <unknown>","time":{"start":1703033170079,"stop":1703033170500,"duration":421}},{"uid":"586651b3ac235316","reportUrl":"https://Nat754.github.io/StroyremAutomation/160//#testresult/586651b3ac235316","status":"skipped","statusDetails":"XFAIL\n\nselenium.common.exceptions.NoSuchElementException: Message: no such element: Unable to locate element: {\"method\":\"xpath\",\"selector\":\"(//a[@class='add-to-cart yellow-btn'])[1]\"}\n  (Session info: chrome-headless-shell=120.0.6099.109); For documentation on this error, please visit: https://www.selenium.dev/documentation/webdriver/troubleshooting/errors#no-such-element-exception\nStacktrace:\n#0 0x5563b9fc9f83 <unknown>\n#1 0x5563b9c82cf7 <unknown>\n#2 0x5563b9cd299e <unknown>\n#3 0x5563b9cd2aa1 <unknown>\n#4 0x5563b9d1dd64 <unknown>\n#5 0x5563b9cfc0dd <unknown>\n#6 0x5563b9d1b006 <unknown>\n#7 0x5563b9cfbe53 <unknown>\n#8 0x5563b9cc3dd4 <unknown>\n#9 0x5563b9cc51de <unknown>\n#10 0x5563b9f8e531 <unknown>\n#11 0x5563b9f92455 <unknown>\n#12 0x5563b9f7af55 <unknown>\n#13 0x5563b9f930ef <unknown>\n#14 0x5563b9f5e99f <unknown>\n#15 0x5563b9fb7008 <unknown>\n#16 0x5563b9fb71d7 <unknown>\n#17 0x5563b9fc9124 <unknown>\n#18 0x7fd293fb2044 <unknown>","time":{"start":1702947317674,"stop":1702947318580,"duration":906}},{"uid":"bfaaa77a49971732","reportUrl":"https://Nat754.github.io/StroyremAutomation/159//#testresult/bfaaa77a49971732","status":"skipped","statusDetails":"XFAIL\n\nselenium.common.exceptions.NoSuchElementException: Message: no such element: Unable to locate element: {\"method\":\"xpath\",\"selector\":\"(//a[@class='add-to-cart yellow-btn'])[1]\"}\n  (Session info: chrome-headless-shell=120.0.6099.71); For documentation on this error, please visit: https://www.selenium.dev/documentation/webdriver/troubleshooting/errors#no-such-element-exception\nStacktrace:\n#0 0x555f10b86d33 <unknown>\n#1 0x555f10843f87 <unknown>\n#2 0x555f10893c0e <unknown>\n#3 0x555f10893d11 <unknown>\n#4 0x555f108df004 <unknown>\n#5 0x555f108bd36d <unknown>\n#6 0x555f108dc297 <unknown>\n#7 0x555f108bd0e3 <unknown>\n#8 0x555f10885044 <unknown>\n#9 0x555f1088644e <unknown>\n#10 0x555f10b4b861 <unknown>\n#11 0x555f10b4f785 <unknown>\n#12 0x555f10b39285 <unknown>\n#13 0x555f10b5041f <unknown>\n#14 0x555f10b1d20f <unknown>\n#15 0x555f10b74028 <unknown>\n#16 0x555f10b741f7 <unknown>\n#17 0x555f10b85ed4 <unknown>\n#18 0x7f2fbd00c044 <unknown>","time":{"start":1702861005931,"stop":1702861006520,"duration":589}},{"uid":"2b247534cf51adf","reportUrl":"https://Nat754.github.io/StroyremAutomation/158//#testresult/2b247534cf51adf","status":"skipped","statusDetails":"XFAIL\n\nselenium.common.exceptions.NoSuchElementException: Message: no such element: Unable to locate element: {\"method\":\"xpath\",\"selector\":\"(//a[@class='add-to-cart yellow-btn'])[1]\"}\n  (Session info: chrome-headless-shell=120.0.6099.71); For documentation on this error, please visit: https://www.selenium.dev/documentation/webdriver/troubleshooting/errors#no-such-element-exception\nStacktrace:\n#0 0x5602ddc33d33 <unknown>\n#1 0x5602dd8f0f87 <unknown>\n#2 0x5602dd940c0e <unknown>\n#3 0x5602dd940d11 <unknown>\n#4 0x5602dd98c004 <unknown>\n#5 0x5602dd96a36d <unknown>\n#6 0x5602dd989297 <unknown>\n#7 0x5602dd96a0e3 <unknown>\n#8 0x5602dd932044 <unknown>\n#9 0x5602dd93344e <unknown>\n#10 0x5602ddbf8861 <unknown>\n#11 0x5602ddbfc785 <unknown>\n#12 0x5602ddbe6285 <unknown>\n#13 0x5602ddbfd41f <unknown>\n#14 0x5602ddbca20f <unknown>\n#15 0x5602ddc21028 <unknown>\n#16 0x5602ddc211f7 <unknown>\n#17 0x5602ddc32ed4 <unknown>\n#18 0x7f3971fb3044 <unknown>","time":{"start":1702774745352,"stop":1702774745724,"duration":372}},{"uid":"d6ccbe078c6c7a38","reportUrl":"https://Nat754.github.io/StroyremAutomation/157//#testresult/d6ccbe078c6c7a38","status":"skipped","statusDetails":"XFAIL\n\nselenium.common.exceptions.NoSuchElementException: Message: no such element: Unable to locate element: {\"method\":\"xpath\",\"selector\":\"(//a[@class='add-to-cart yellow-btn'])[1]\"}\n  (Session info: chrome-headless-shell=120.0.6099.71); For documentation on this error, please visit: https://www.selenium.dev/documentation/webdriver/troubleshooting/errors#no-such-element-exception\nStacktrace:\n#0 0x5619f20fbd33 <unknown>\n#1 0x5619f1db8f87 <unknown>\n#2 0x5619f1e08c0e <unknown>\n#3 0x5619f1e08d11 <unknown>\n#4 0x5619f1e54004 <unknown>\n#5 0x5619f1e3236d <unknown>\n#6 0x5619f1e51297 <unknown>\n#7 0x5619f1e320e3 <unknown>\n#8 0x5619f1dfa044 <unknown>\n#9 0x5619f1dfb44e <unknown>\n#10 0x5619f20c0861 <unknown>\n#11 0x5619f20c4785 <unknown>\n#12 0x5619f20ae285 <unknown>\n#13 0x5619f20c541f <unknown>\n#14 0x5619f209220f <unknown>\n#15 0x5619f20e9028 <unknown>\n#16 0x5619f20e91f7 <unknown>\n#17 0x5619f20faed4 <unknown>\n#18 0x7fc31def2044 <unknown>","time":{"start":1702688064744,"stop":1702688065248,"duration":504}},{"uid":"d2103861cf7575ae","reportUrl":"https://Nat754.github.io/StroyremAutomation/156//#testresult/d2103861cf7575ae","status":"skipped","statusDetails":"XFAIL\n\nselenium.common.exceptions.NoSuchElementException: Message: no such element: Unable to locate element: {\"method\":\"xpath\",\"selector\":\"(//a[@class='add-to-cart yellow-btn'])[1]\"}\n  (Session info: chrome-headless-shell=120.0.6099.71); For documentation on this error, please visit: https://www.selenium.dev/documentation/webdriver/troubleshooting/errors#no-such-element-exception\nStacktrace:\n#0 0x55ef56b3ed33 <unknown>\n#1 0x55ef567fbf87 <unknown>\n#2 0x55ef5684bc0e <unknown>\n#3 0x55ef5684bd11 <unknown>\n#4 0x55ef56897004 <unknown>\n#5 0x55ef5687536d <unknown>\n#6 0x55ef56894297 <unknown>\n#7 0x55ef568750e3 <unknown>\n#8 0x55ef5683d044 <unknown>\n#9 0x55ef5683e44e <unknown>\n#10 0x55ef56b03861 <unknown>\n#11 0x55ef56b07785 <unknown>\n#12 0x55ef56af1285 <unknown>\n#13 0x55ef56b0841f <unknown>\n#14 0x55ef56ad520f <unknown>\n#15 0x55ef56b2c028 <unknown>\n#16 0x55ef56b2c1f7 <unknown>\n#17 0x55ef56b3ded4 <unknown>\n#18 0x7fca98bb6044 <unknown>","time":{"start":1702601785921,"stop":1702601786287,"duration":366}},{"uid":"1cf86ca6565cb8c5","reportUrl":"https://Nat754.github.io/StroyremAutomation/155//#testresult/1cf86ca6565cb8c5","status":"skipped","statusDetails":"XFAIL\n\nselenium.common.exceptions.NoSuchElementException: Message: no such element: Unable to locate element: {\"method\":\"xpath\",\"selector\":\"(//a[@class='add-to-cart yellow-btn'])[1]\"}\n  (Session info: chrome-headless-shell=120.0.6099.71); For documentation on this error, please visit: https://www.selenium.dev/documentation/webdriver/troubleshooting/errors#no-such-element-exception\nStacktrace:\n#0 0x557a69c6fd33 <unknown>\n#1 0x557a6992cf87 <unknown>\n#2 0x557a6997cc0e <unknown>\n#3 0x557a6997cd11 <unknown>\n#4 0x557a699c8004 <unknown>\n#5 0x557a699a636d <unknown>\n#6 0x557a699c5297 <unknown>\n#7 0x557a699a60e3 <unknown>\n#8 0x557a6996e044 <unknown>\n#9 0x557a6996f44e <unknown>\n#10 0x557a69c34861 <unknown>\n#11 0x557a69c38785 <unknown>\n#12 0x557a69c22285 <unknown>\n#13 0x557a69c3941f <unknown>\n#14 0x557a69c0620f <unknown>\n#15 0x557a69c5d028 <unknown>\n#16 0x557a69c5d1f7 <unknown>\n#17 0x557a69c6eed4 <unknown>\n#18 0x7f0a93609044 <unknown>","time":{"start":1702515242534,"stop":1702515243176,"duration":642}},{"uid":"dc96708b3e431323","reportUrl":"https://Nat754.github.io/StroyremAutomation/154//#testresult/dc96708b3e431323","status":"skipped","statusDetails":"XFAIL\n\nselenium.common.exceptions.NoSuchElementException: Message: no such element: Unable to locate element: {\"method\":\"xpath\",\"selector\":\"(//a[@class='add-to-cart yellow-btn'])[1]\"}\n  (Session info: chrome-headless-shell=120.0.6099.71); For documentation on this error, please visit: https://www.selenium.dev/documentation/webdriver/troubleshooting/errors#no-such-element-exception\nStacktrace:\n#0 0x55f02265ad33 <unknown>\n#1 0x55f022317f87 <unknown>\n#2 0x55f022367c0e <unknown>\n#3 0x55f022367d11 <unknown>\n#4 0x55f0223b3004 <unknown>\n#5 0x55f02239136d <unknown>\n#6 0x55f0223b0297 <unknown>\n#7 0x55f0223910e3 <unknown>\n#8 0x55f022359044 <unknown>\n#9 0x55f02235a44e <unknown>\n#10 0x55f02261f861 <unknown>\n#11 0x55f022623785 <unknown>\n#12 0x55f02260d285 <unknown>\n#13 0x55f02262441f <unknown>\n#14 0x55f0225f120f <unknown>\n#15 0x55f022648028 <unknown>\n#16 0x55f0226481f7 <unknown>\n#17 0x55f022659ed4 <unknown>\n#18 0x7f1279974044 <unknown>","time":{"start":1702452977260,"stop":1702452977603,"duration":343}},{"uid":"41e25e9de5019b6b","reportUrl":"https://Nat754.github.io/StroyremAutomation/133//#testresult/41e25e9de5019b6b","status":"skipped","statusDetails":"XFAIL\n\nselenium.common.exceptions.NoSuchElementException: Message: no such element: Unable to locate element: {\"method\":\"xpath\",\"selector\":\"//input[@class='amount']\"}\n  (Session info: headless chrome=119.0.6045.105); For documentation on this error, please visit: https://www.selenium.dev/documentation/webdriver/troubleshooting/errors#no-such-element-exception\nStacktrace:\n#0 0x55a0bfbfe5e3 <unknown>\n#1 0x55a0bf8c10b7 <unknown>\n#2 0x55a0bf90ef53 <unknown>\n#3 0x55a0bf90f051 <unknown>\n#4 0x55a0bf9549c4 <unknown>\n#5 0x55a0bf935f1d <unknown>\n#6 0x55a0bf951b3d <unknown>\n#7 0x55a0bf935cc3 <unknown>\n#8 0x55a0bf9010e4 <unknown>\n#9 0x55a0bf9020ae <unknown>\n#10 0x55a0bfbc4ce1 <unknown>\n#11 0x55a0bfbc8b7e <unknown>\n#12 0x55a0bfbb24b5 <unknown>\n#13 0x55a0bfbc97d6 <unknown>\n#14 0x55a0bfb95dbf <unknown>\n#15 0x55a0bfbec748 <unknown>\n#16 0x55a0bfbec917 <unknown>\n#17 0x55a0bfbfd773 <unknown>\n#18 0x7f5da5ae6044 <unknown>","time":{"start":1700614638398,"stop":1700614641758,"duration":3360}},{"uid":"587be4554e3dab5b","reportUrl":"https://Nat754.github.io/StroyremAutomation/132//#testresult/587be4554e3dab5b","status":"skipped","statusDetails":"XFAIL\n\nselenium.common.exceptions.NoSuchElementException: Message: no such element: Unable to locate element: {\"method\":\"xpath\",\"selector\":\"//input[@class='amount']\"}\n  (Session info: headless chrome=119.0.6045.105); For documentation on this error, please visit: https://www.selenium.dev/documentation/webdriver/troubleshooting/errors#no-such-element-exception\nStacktrace:\n#0 0x56087fe1c5e3 <unknown>\n#1 0x56087fadf0b7 <unknown>\n#2 0x56087fb2cf53 <unknown>\n#3 0x56087fb2d051 <unknown>\n#4 0x56087fb729c4 <unknown>\n#5 0x56087fb53f1d <unknown>\n#6 0x56087fb6fb3d <unknown>\n#7 0x56087fb53cc3 <unknown>\n#8 0x56087fb1f0e4 <unknown>\n#9 0x56087fb200ae <unknown>\n#10 0x56087fde2ce1 <unknown>\n#11 0x56087fde6b7e <unknown>\n#12 0x56087fdd04b5 <unknown>\n#13 0x56087fde77d6 <unknown>\n#14 0x56087fdb3dbf <unknown>\n#15 0x56087fe0a748 <unknown>\n#16 0x56087fe0a917 <unknown>\n#17 0x56087fe1b773 <unknown>\n#18 0x7fade1f94044 <unknown>","time":{"start":1700528266523,"stop":1700528271695,"duration":5172}},{"uid":"12c9e06d07d9374a","reportUrl":"https://Nat754.github.io/StroyremAutomation/131//#testresult/12c9e06d07d9374a","status":"skipped","statusDetails":"XFAIL\n\nselenium.common.exceptions.NoSuchElementException: Message: no such element: Unable to locate element: {\"method\":\"xpath\",\"selector\":\"//input[@class='amount']\"}\n  (Session info: headless chrome=119.0.6045.105); For documentation on this error, please visit: https://www.selenium.dev/documentation/webdriver/troubleshooting/errors#no-such-element-exception\nStacktrace:\n#0 0x5619366915e3 <unknown>\n#1 0x5619363540b7 <unknown>\n#2 0x5619363a1f53 <unknown>\n#3 0x5619363a2051 <unknown>\n#4 0x5619363e79c4 <unknown>\n#5 0x5619363c8f1d <unknown>\n#6 0x5619363e4b3d <unknown>\n#7 0x5619363c8cc3 <unknown>\n#8 0x5619363940e4 <unknown>\n#9 0x5619363950ae <unknown>\n#10 0x561936657ce1 <unknown>\n#11 0x56193665bb7e <unknown>\n#12 0x5619366454b5 <unknown>\n#13 0x56193665c7d6 <unknown>\n#14 0x561936628dbf <unknown>\n#15 0x56193667f748 <unknown>\n#16 0x56193667f917 <unknown>\n#17 0x561936690773 <unknown>\n#18 0x7f8d39047044 <unknown>","time":{"start":1700441816753,"stop":1700441820532,"duration":3779}}]},"tags":["@pytest.mark.xfail","smoke_test"]},"source":"bc6d02f05d12883d.json","parameterValues":["5980","166","'TD 022'","5490","'products/shtukaturka-gipsovaya-aksolit-m50-30-kg-mashinnogo-naneseniya'","2800","'https://sandboxtest.stroyrem-nn.ru/'","5000"]}