{"uid":"df30f5b05b2c05cd","name":"TD 023 Доставка товара весом до 6200кг. в синей зоне","fullName":"tests.delivery.test_delivery_calculation.TestDeliveryPageCalculation#test_positive_delivery_blue_zone_smoke","historyId":"fe4664de905f76a94b6350f1590cde09","time":{"start":1726016660079,"stop":1726016660419,"duration":340},"status":"skipped","statusMessage":"XFAIL\n\nselenium.common.exceptions.NoSuchElementException: Message: no such element: Unable to locate element: {\"method\":\"xpath\",\"selector\":\"(//a[@class='add-to-cart yellow-btn'])[1]\"}\n  (Session info: chrome=128.0.6613.137); For documentation on this error, please visit: https://www.selenium.dev/documentation/webdriver/troubleshooting/errors#no-such-element-exception\nStacktrace:\n#0 0x55c7e1e172da <unknown>\n#1 0x55c7e1ae5200 <unknown>\n#2 0x55c7e1b34aa2 <unknown>\n#3 0x55c7e1b34d41 <unknown>\n#4 0x55c7e1b7a964 <unknown>\n#5 0x55c7e1b598fd <unknown>\n#6 0x55c7e1b77dfd <unknown>\n#7 0x55c7e1b59673 <unknown>\n#8 0x55c7e1b27473 <unknown>\n#9 0x55c7e1b2847e <unknown>\n#10 0x55c7e1dde0db <unknown>\n#11 0x55c7e1de2071 <unknown>\n#12 0x55c7e1dca9d5 <unknown>\n#13 0x55c7e1de2bf2 <unknown>\n#14 0x55c7e1dafb6f <unknown>\n#15 0x55c7e1e06248 <unknown>\n#16 0x55c7e1e06417 <unknown>\n#17 0x55c7e1e160cc <unknown>\n#18 0x7f2a13e6c144 <unknown>","statusTrace":"self = <tests.delivery.test_delivery_calculation.TestDeliveryPageCalculation object at 0x7f7cb219cc50>\ndriver = <selenium.webdriver.chrome.webdriver.WebDriver (session=\"357a95d034afab105b54c7dc7435bc3f\")>\nurl = 'https://sandboxtest.stroyrem-nn.ru/', case_id = 'TD 023'\nlink_item = 'products/shtukaturka-gipsovaya-aksolit-m50-30-kg-mashinnogo-naneseniya'\namount = 206, weight = 6200, standard = 3300, in_time = 7500, all_time = 8000\n\n    @pytest.mark.parametrize('case_id, link_item, amount, weight, standard, in_time, all_time', [\n        (\"TD 015\", bundeks_25, 1, 30, 650, 2390, 3320),\n        pytest.param(\n            \"TD 016\", aksolit_30, 8, 300, 650, 2390, 3320,\n            marks=pytest.mark.xfail(reson=\"Цена доставки: - - -\")\n        ),\n        (\"TD 017\", aksolit_30, 13, 400, 650, 2390, 3320),\n        (\"TD 018\", aksolit_30, 16, 500, 850, 2490, 3320),\n        (\"TD 019\", aksolit_30, 25, 1700, 1150, 2490, 3320),\n        (\"TD 020\", aksolit_30, 66, 2000, 1500, 2990, 3650),\n        (\"TD 021\", aksolit_30, 149, 4500, 2600, 4380, 4890),\n        (\"TD 022\", aksolit_30, 166, 5000, 2800, 5490, 5980),\n        pytest.param(\n            \"TD 023\", aksolit_30, 206, 6200, 3300, 7500, 8000,\n            marks=pytest.mark.xfail(reson=\"Цена доставки: 4300 9900 11440\")\n        ),\n        (\"TD 024\", aksolit_30, 299, 9000, 4300, 9900, 11440),\n        (\"TD 025\", aksolit_30, 333, 10000, 7000, 13900, 15900),\n        pytest.param(\n            \"TD 026\", aksolit_30, 366, 11000, 8000, 14900, 19900,\n            marks=pytest.mark.xfail(reson=\"Цена доставки: 7000 13900 15900\")\n        ),\n        pytest.param(\n            \"TD 027\", aksolit_30, 666, 20000, 14000, 16900, 23900,\n            marks=pytest.mark.xfail(reson=\"Цена доставки: 7000 13900 15900\")\n        )\n    ])\n    @pytest.mark.xfail\n    @pytest.mark.smoke_test\n    def test_positive_delivery_blue_zone_smoke(\n            self, driver, url, case_id, link_item, amount, weight, standard, in_time, all_time\n    ):\n        allure.dynamic.title(f\"{case_id} Доставка товара весом до {weight}кг. в синей зоне\")\n    \n        driver.get(f'{url}{link_item}')\n        item_page = ItemPage(driver)\n>       item_page.add_item_to_cart(amount).click_on_cart()\n\ntests/delivery/test_delivery_calculation.py:132: \n_ _ _ _ _ _ _ _ _ _ _ _ _ _ _ _ _ _ _ _ _ _ _ _ _ _ _ _ _ _ _ _ _ _ _ _ _ _ _ _ \npages/item_page.py:40: in add_item_to_cart\n    self.find_element(self._add_item).click()\nbase/seleniumbase.py:17: in find_element\n    return self.driver.find_element(*locator)\n/usr/local/lib/python3.11/site-packages/selenium/webdriver/remote/webdriver.py:739: in find_element\n    return self.execute(Command.FIND_ELEMENT, {\"using\": by, \"value\": value})[\"value\"]\n/usr/local/lib/python3.11/site-packages/selenium/webdriver/remote/webdriver.py:345: in execute\n    self.error_handler.check_response(response)\n_ _ _ _ _ _ _ _ _ _ _ _ _ _ _ _ _ _ _ _ _ _ _ _ _ _ _ _ _ _ _ _ _ _ _ _ _ _ _ _ \n\nself = <selenium.webdriver.remote.errorhandler.ErrorHandler object at 0x7f7cb1ab2690>\nresponse = {'status': 404, 'value': '{\"value\":{\"error\":\"no such element\",\"message\":\"no such element: Unable to locate element: {\\...\\\\n#16 0x55c7e1e06417 \\\\u003Cunknown>\\\\n#17 0x55c7e1e160cc \\\\u003Cunknown>\\\\n#18 0x7f2a13e6c144 \\\\u003Cunknown>\\\\n\"}}'}\n\n    def check_response(self, response: Dict[str, Any]) -> None:\n        \"\"\"Checks that a JSON response from the WebDriver does not have an\n        error.\n    \n        :Args:\n         - response - The JSON response from the WebDriver server as a dictionary\n           object.\n    \n        :Raises: If the response contains an error message.\n        \"\"\"\n        status = response.get(\"status\", None)\n        if not status or status == ErrorCode.SUCCESS:\n            return\n        value = None\n        message = response.get(\"message\", \"\")\n        screen: str = response.get(\"screen\", \"\")\n        stacktrace = None\n        if isinstance(status, int):\n            value_json = response.get(\"value\", None)\n            if value_json and isinstance(value_json, str):\n                import json\n    \n                try:\n                    value = json.loads(value_json)\n                    if len(value) == 1:\n                        value = value[\"value\"]\n                    status = value.get(\"error\", None)\n                    if not status:\n                        status = value.get(\"status\", ErrorCode.UNKNOWN_ERROR)\n                        message = value.get(\"value\") or value.get(\"message\")\n                        if not isinstance(message, str):\n                            value = message\n                            message = message.get(\"message\")\n                    else:\n                        message = value.get(\"message\", None)\n                except ValueError:\n                    pass\n    \n        exception_class: Type[WebDriverException]\n        e = ErrorCode()\n        error_codes = [item for item in dir(e) if not item.startswith(\"__\")]\n        for error_code in error_codes:\n            error_info = getattr(ErrorCode, error_code)\n            if isinstance(error_info, list) and status in error_info:\n                exception_class = getattr(ExceptionMapping, error_code, WebDriverException)\n                break\n        else:\n            exception_class = WebDriverException\n    \n        if not value:\n            value = response[\"value\"]\n        if isinstance(value, str):\n            raise exception_class(value)\n        if message == \"\" and \"message\" in value:\n            message = value[\"message\"]\n    \n        screen = None  # type: ignore[assignment]\n        if \"screen\" in value:\n            screen = value[\"screen\"]\n    \n        stacktrace = None\n        st_value = value.get(\"stackTrace\") or value.get(\"stacktrace\")\n        if st_value:\n            if isinstance(st_value, str):\n                stacktrace = st_value.split(\"\\n\")\n            else:\n                stacktrace = []\n                try:\n                    for frame in st_value:\n                        line = frame.get(\"lineNumber\", \"\")\n                        file = frame.get(\"fileName\", \"<anonymous>\")\n                        if line:\n                            file = f\"{file}:{line}\"\n                        meth = frame.get(\"methodName\", \"<anonymous>\")\n                        if \"className\" in frame:\n                            meth = f\"{frame['className']}.{meth}\"\n                        msg = \"    at %s (%s)\"\n                        msg = msg % (meth, file)\n                        stacktrace.append(msg)\n                except TypeError:\n                    pass\n        if exception_class == UnexpectedAlertPresentException:\n            alert_text = None\n            if \"data\" in value:\n                alert_text = value[\"data\"].get(\"text\")\n            elif \"alert\" in value:\n                alert_text = value[\"alert\"].get(\"text\")\n            raise exception_class(message, screen, stacktrace, alert_text)  # type: ignore[call-arg]  # mypy is not smart enough here\n>       raise exception_class(message, screen, stacktrace)\nE       selenium.common.exceptions.NoSuchElementException: Message: no such element: Unable to locate element: {\"method\":\"xpath\",\"selector\":\"(//a[@class='add-to-cart yellow-btn'])[1]\"}\nE         (Session info: chrome=128.0.6613.137); For documentation on this error, please visit: https://www.selenium.dev/documentation/webdriver/troubleshooting/errors#no-such-element-exception\nE       Stacktrace:\nE       #0 0x55c7e1e172da <unknown>\nE       #1 0x55c7e1ae5200 <unknown>\nE       #2 0x55c7e1b34aa2 <unknown>\nE       #3 0x55c7e1b34d41 <unknown>\nE       #4 0x55c7e1b7a964 <unknown>\nE       #5 0x55c7e1b598fd <unknown>\nE       #6 0x55c7e1b77dfd <unknown>\nE       #7 0x55c7e1b59673 <unknown>\nE       #8 0x55c7e1b27473 <unknown>\nE       #9 0x55c7e1b2847e <unknown>\nE       #10 0x55c7e1dde0db <unknown>\nE       #11 0x55c7e1de2071 <unknown>\nE       #12 0x55c7e1dca9d5 <unknown>\nE       #13 0x55c7e1de2bf2 <unknown>\nE       #14 0x55c7e1dafb6f <unknown>\nE       #15 0x55c7e1e06248 <unknown>\nE       #16 0x55c7e1e06417 <unknown>\nE       #17 0x55c7e1e160cc <unknown>\nE       #18 0x7f2a13e6c144 <unknown>\n\n/usr/local/lib/python3.11/site-packages/selenium/webdriver/remote/errorhandler.py:229: NoSuchElementException","flaky":false,"newFailed":false,"newBroken":false,"newPassed":false,"retriesCount":0,"retriesStatusChange":false,"beforeStages":[{"name":"_session_faker","time":{"start":1726016409427,"stop":1726016409495,"duration":68},"status":"passed","steps":[],"attachments":[],"parameters":[],"attachmentsCount":0,"hasContent":false,"attachmentStep":false,"shouldDisplayMessage":false,"stepsCount":0},{"name":"clear_allure_results_folder","time":{"start":1726016409495,"stop":1726016409495,"duration":0},"status":"passed","steps":[],"attachments":[],"parameters":[],"attachmentsCount":0,"hasContent":false,"attachmentStep":false,"shouldDisplayMessage":false,"stepsCount":0},{"name":"driver","time":{"start":1726016659258,"stop":1726016660078,"duration":820},"status":"passed","steps":[],"attachments":[],"parameters":[],"attachmentsCount":0,"hasContent":false,"attachmentStep":false,"shouldDisplayMessage":false,"stepsCount":0},{"name":"setup","time":{"start":1726016660078,"stop":1726016660078,"duration":0},"status":"passed","steps":[],"attachments":[],"parameters":[],"attachmentsCount":0,"hasContent":false,"attachmentStep":false,"shouldDisplayMessage":false,"stepsCount":0}],"testStage":{"status":"skipped","statusMessage":"XFAIL\n\nselenium.common.exceptions.NoSuchElementException: Message: no such element: Unable to locate element: {\"method\":\"xpath\",\"selector\":\"(//a[@class='add-to-cart yellow-btn'])[1]\"}\n  (Session info: chrome=128.0.6613.137); For documentation on this error, please visit: https://www.selenium.dev/documentation/webdriver/troubleshooting/errors#no-such-element-exception\nStacktrace:\n#0 0x55c7e1e172da <unknown>\n#1 0x55c7e1ae5200 <unknown>\n#2 0x55c7e1b34aa2 <unknown>\n#3 0x55c7e1b34d41 <unknown>\n#4 0x55c7e1b7a964 <unknown>\n#5 0x55c7e1b598fd <unknown>\n#6 0x55c7e1b77dfd <unknown>\n#7 0x55c7e1b59673 <unknown>\n#8 0x55c7e1b27473 <unknown>\n#9 0x55c7e1b2847e <unknown>\n#10 0x55c7e1dde0db <unknown>\n#11 0x55c7e1de2071 <unknown>\n#12 0x55c7e1dca9d5 <unknown>\n#13 0x55c7e1de2bf2 <unknown>\n#14 0x55c7e1dafb6f <unknown>\n#15 0x55c7e1e06248 <unknown>\n#16 0x55c7e1e06417 <unknown>\n#17 0x55c7e1e160cc <unknown>\n#18 0x7f2a13e6c144 <unknown>","statusTrace":"self = <tests.delivery.test_delivery_calculation.TestDeliveryPageCalculation object at 0x7f7cb219cc50>\ndriver = <selenium.webdriver.chrome.webdriver.WebDriver (session=\"357a95d034afab105b54c7dc7435bc3f\")>\nurl = 'https://sandboxtest.stroyrem-nn.ru/', case_id = 'TD 023'\nlink_item = 'products/shtukaturka-gipsovaya-aksolit-m50-30-kg-mashinnogo-naneseniya'\namount = 206, weight = 6200, standard = 3300, in_time = 7500, all_time = 8000\n\n    @pytest.mark.parametrize('case_id, link_item, amount, weight, standard, in_time, all_time', [\n        (\"TD 015\", bundeks_25, 1, 30, 650, 2390, 3320),\n        pytest.param(\n            \"TD 016\", aksolit_30, 8, 300, 650, 2390, 3320,\n            marks=pytest.mark.xfail(reson=\"Цена доставки: - - -\")\n        ),\n        (\"TD 017\", aksolit_30, 13, 400, 650, 2390, 3320),\n        (\"TD 018\", aksolit_30, 16, 500, 850, 2490, 3320),\n        (\"TD 019\", aksolit_30, 25, 1700, 1150, 2490, 3320),\n        (\"TD 020\", aksolit_30, 66, 2000, 1500, 2990, 3650),\n        (\"TD 021\", aksolit_30, 149, 4500, 2600, 4380, 4890),\n        (\"TD 022\", aksolit_30, 166, 5000, 2800, 5490, 5980),\n        pytest.param(\n            \"TD 023\", aksolit_30, 206, 6200, 3300, 7500, 8000,\n            marks=pytest.mark.xfail(reson=\"Цена доставки: 4300 9900 11440\")\n        ),\n        (\"TD 024\", aksolit_30, 299, 9000, 4300, 9900, 11440),\n        (\"TD 025\", aksolit_30, 333, 10000, 7000, 13900, 15900),\n        pytest.param(\n            \"TD 026\", aksolit_30, 366, 11000, 8000, 14900, 19900,\n            marks=pytest.mark.xfail(reson=\"Цена доставки: 7000 13900 15900\")\n        ),\n        pytest.param(\n            \"TD 027\", aksolit_30, 666, 20000, 14000, 16900, 23900,\n            marks=pytest.mark.xfail(reson=\"Цена доставки: 7000 13900 15900\")\n        )\n    ])\n    @pytest.mark.xfail\n    @pytest.mark.smoke_test\n    def test_positive_delivery_blue_zone_smoke(\n            self, driver, url, case_id, link_item, amount, weight, standard, in_time, all_time\n    ):\n        allure.dynamic.title(f\"{case_id} Доставка товара весом до {weight}кг. в синей зоне\")\n    \n        driver.get(f'{url}{link_item}')\n        item_page = ItemPage(driver)\n>       item_page.add_item_to_cart(amount).click_on_cart()\n\ntests/delivery/test_delivery_calculation.py:132: \n_ _ _ _ _ _ _ _ _ _ _ _ _ _ _ _ _ _ _ _ _ _ _ _ _ _ _ _ _ _ _ _ _ _ _ _ _ _ _ _ \npages/item_page.py:40: in add_item_to_cart\n    self.find_element(self._add_item).click()\nbase/seleniumbase.py:17: in find_element\n    return self.driver.find_element(*locator)\n/usr/local/lib/python3.11/site-packages/selenium/webdriver/remote/webdriver.py:739: in find_element\n    return self.execute(Command.FIND_ELEMENT, {\"using\": by, \"value\": value})[\"value\"]\n/usr/local/lib/python3.11/site-packages/selenium/webdriver/remote/webdriver.py:345: in execute\n    self.error_handler.check_response(response)\n_ _ _ _ _ _ _ _ _ _ _ _ _ _ _ _ _ _ _ _ _ _ _ _ _ _ _ _ _ _ _ _ _ _ _ _ _ _ _ _ \n\nself = <selenium.webdriver.remote.errorhandler.ErrorHandler object at 0x7f7cb1ab2690>\nresponse = {'status': 404, 'value': '{\"value\":{\"error\":\"no such element\",\"message\":\"no such element: Unable to locate element: {\\...\\\\n#16 0x55c7e1e06417 \\\\u003Cunknown>\\\\n#17 0x55c7e1e160cc \\\\u003Cunknown>\\\\n#18 0x7f2a13e6c144 \\\\u003Cunknown>\\\\n\"}}'}\n\n    def check_response(self, response: Dict[str, Any]) -> None:\n        \"\"\"Checks that a JSON response from the WebDriver does not have an\n        error.\n    \n        :Args:\n         - response - The JSON response from the WebDriver server as a dictionary\n           object.\n    \n        :Raises: If the response contains an error message.\n        \"\"\"\n        status = response.get(\"status\", None)\n        if not status or status == ErrorCode.SUCCESS:\n            return\n        value = None\n        message = response.get(\"message\", \"\")\n        screen: str = response.get(\"screen\", \"\")\n        stacktrace = None\n        if isinstance(status, int):\n            value_json = response.get(\"value\", None)\n            if value_json and isinstance(value_json, str):\n                import json\n    \n                try:\n                    value = json.loads(value_json)\n                    if len(value) == 1:\n                        value = value[\"value\"]\n                    status = value.get(\"error\", None)\n                    if not status:\n                        status = value.get(\"status\", ErrorCode.UNKNOWN_ERROR)\n                        message = value.get(\"value\") or value.get(\"message\")\n                        if not isinstance(message, str):\n                            value = message\n                            message = message.get(\"message\")\n                    else:\n                        message = value.get(\"message\", None)\n                except ValueError:\n                    pass\n    \n        exception_class: Type[WebDriverException]\n        e = ErrorCode()\n        error_codes = [item for item in dir(e) if not item.startswith(\"__\")]\n        for error_code in error_codes:\n            error_info = getattr(ErrorCode, error_code)\n            if isinstance(error_info, list) and status in error_info:\n                exception_class = getattr(ExceptionMapping, error_code, WebDriverException)\n                break\n        else:\n            exception_class = WebDriverException\n    \n        if not value:\n            value = response[\"value\"]\n        if isinstance(value, str):\n            raise exception_class(value)\n        if message == \"\" and \"message\" in value:\n            message = value[\"message\"]\n    \n        screen = None  # type: ignore[assignment]\n        if \"screen\" in value:\n            screen = value[\"screen\"]\n    \n        stacktrace = None\n        st_value = value.get(\"stackTrace\") or value.get(\"stacktrace\")\n        if st_value:\n            if isinstance(st_value, str):\n                stacktrace = st_value.split(\"\\n\")\n            else:\n                stacktrace = []\n                try:\n                    for frame in st_value:\n                        line = frame.get(\"lineNumber\", \"\")\n                        file = frame.get(\"fileName\", \"<anonymous>\")\n                        if line:\n                            file = f\"{file}:{line}\"\n                        meth = frame.get(\"methodName\", \"<anonymous>\")\n                        if \"className\" in frame:\n                            meth = f\"{frame['className']}.{meth}\"\n                        msg = \"    at %s (%s)\"\n                        msg = msg % (meth, file)\n                        stacktrace.append(msg)\n                except TypeError:\n                    pass\n        if exception_class == UnexpectedAlertPresentException:\n            alert_text = None\n            if \"data\" in value:\n                alert_text = value[\"data\"].get(\"text\")\n            elif \"alert\" in value:\n                alert_text = value[\"alert\"].get(\"text\")\n            raise exception_class(message, screen, stacktrace, alert_text)  # type: ignore[call-arg]  # mypy is not smart enough here\n>       raise exception_class(message, screen, stacktrace)\nE       selenium.common.exceptions.NoSuchElementException: Message: no such element: Unable to locate element: {\"method\":\"xpath\",\"selector\":\"(//a[@class='add-to-cart yellow-btn'])[1]\"}\nE         (Session info: chrome=128.0.6613.137); For documentation on this error, please visit: https://www.selenium.dev/documentation/webdriver/troubleshooting/errors#no-such-element-exception\nE       Stacktrace:\nE       #0 0x55c7e1e172da <unknown>\nE       #1 0x55c7e1ae5200 <unknown>\nE       #2 0x55c7e1b34aa2 <unknown>\nE       #3 0x55c7e1b34d41 <unknown>\nE       #4 0x55c7e1b7a964 <unknown>\nE       #5 0x55c7e1b598fd <unknown>\nE       #6 0x55c7e1b77dfd <unknown>\nE       #7 0x55c7e1b59673 <unknown>\nE       #8 0x55c7e1b27473 <unknown>\nE       #9 0x55c7e1b2847e <unknown>\nE       #10 0x55c7e1dde0db <unknown>\nE       #11 0x55c7e1de2071 <unknown>\nE       #12 0x55c7e1dca9d5 <unknown>\nE       #13 0x55c7e1de2bf2 <unknown>\nE       #14 0x55c7e1dafb6f <unknown>\nE       #15 0x55c7e1e06248 <unknown>\nE       #16 0x55c7e1e06417 <unknown>\nE       #17 0x55c7e1e160cc <unknown>\nE       #18 0x7f2a13e6c144 <unknown>\n\n/usr/local/lib/python3.11/site-packages/selenium/webdriver/remote/errorhandler.py:229: NoSuchElementException","steps":[{"name":"Добавляем товар в корзину в количестве 206","time":{"start":1726016660398,"stop":1726016660419,"duration":21},"status":"broken","statusMessage":"selenium.common.exceptions.NoSuchElementException: Message: no such element: Unable to locate element: {\"method\":\"xpath\",\"selector\":\"(//a[@class='add-to-cart yellow-btn'])[1]\"}\n  (Session info: chrome=128.0.6613.137); For documentation on this error, please visit: https://www.selenium.dev/documentation/webdriver/troubleshooting/errors#no-such-element-exception\nStacktrace:\n#0 0x55c7e1e172da <unknown>\n#1 0x55c7e1ae5200 <unknown>\n#2 0x55c7e1b34aa2 <unknown>\n#3 0x55c7e1b34d41 <unknown>\n#4 0x55c7e1b7a964 <unknown>\n#5 0x55c7e1b598fd <unknown>\n#6 0x55c7e1b77dfd <unknown>\n#7 0x55c7e1b59673 <unknown>\n#8 0x55c7e1b27473 <unknown>\n#9 0x55c7e1b2847e <unknown>\n#10 0x55c7e1dde0db <unknown>\n#11 0x55c7e1de2071 <unknown>\n#12 0x55c7e1dca9d5 <unknown>\n#13 0x55c7e1de2bf2 <unknown>\n#14 0x55c7e1dafb6f <unknown>\n#15 0x55c7e1e06248 <unknown>\n#16 0x55c7e1e06417 <unknown>\n#17 0x55c7e1e160cc <unknown>\n#18 0x7f2a13e6c144 <unknown>\n\n","statusTrace":"  File \"/usr/local/lib/python3.11/site-packages/allure_commons/_allure.py\", line 192, in impl\n    return func(*a, **kw)\n           ^^^^^^^^^^^^^^\n  File \"/app/pages/item_page.py\", line 40, in add_item_to_cart\n    self.find_element(self._add_item).click()\n    ^^^^^^^^^^^^^^^^^^^^^^^^^^^^^^^^^\n  File \"/app/base/seleniumbase.py\", line 17, in find_element\n    return self.driver.find_element(*locator)\n           ^^^^^^^^^^^^^^^^^^^^^^^^^^^^^^^^^^\n  File \"/usr/local/lib/python3.11/site-packages/selenium/webdriver/remote/webdriver.py\", line 739, in find_element\n    return self.execute(Command.FIND_ELEMENT, {\"using\": by, \"value\": value})[\"value\"]\n           ^^^^^^^^^^^^^^^^^^^^^^^^^^^^^^^^^^^^^^^^^^^^^^^^^^^^^^^^^^^^^^^^^\n  File \"/usr/local/lib/python3.11/site-packages/selenium/webdriver/remote/webdriver.py\", line 345, in execute\n    self.error_handler.check_response(response)\n  File \"/usr/local/lib/python3.11/site-packages/selenium/webdriver/remote/errorhandler.py\", line 229, in check_response\n    raise exception_class(message, screen, stacktrace)\n","steps":[],"attachments":[],"parameters":[{"name":"amount","value":"206"}],"attachmentsCount":0,"hasContent":true,"attachmentStep":false,"shouldDisplayMessage":true,"stepsCount":0}],"attachments":[{"uid":"b23735e022c3cb68","name":"Screenshot","source":"b23735e022c3cb68.png","type":"image/png","size":46834},{"uid":"cebceffe3c1d6e41","name":"HTML source","source":"cebceffe3c1d6e41.html","type":"text/html","size":133701}],"parameters":[],"attachmentsCount":2,"hasContent":true,"attachmentStep":false,"shouldDisplayMessage":true,"stepsCount":1},"afterStages":[{"name":"driver::0","time":{"start":1726016660510,"stop":1726016660576,"duration":66},"status":"passed","steps":[],"attachments":[],"parameters":[],"attachmentsCount":0,"hasContent":false,"attachmentStep":false,"shouldDisplayMessage":false,"stepsCount":0},{"name":"setup::0","time":{"start":1726016660510,"stop":1726016660510,"duration":0},"status":"passed","steps":[],"attachments":[],"parameters":[],"attachmentsCount":0,"hasContent":false,"attachmentStep":false,"shouldDisplayMessage":false,"stepsCount":0}],"labels":[{"name":"epic","value":"Delivery Page - calculation"},{"name":"tag","value":"smoke_test"},{"name":"tag","value":"@pytest.mark.xfail"},{"name":"parentSuite","value":"tests.delivery"},{"name":"suite","value":"test_delivery_calculation"},{"name":"subSuite","value":"TestDeliveryPageCalculation"},{"name":"host","value":"d11f4a92c38c"},{"name":"thread","value":"1-MainThread"},{"name":"framework","value":"pytest"},{"name":"language","value":"cpython3"},{"name":"package","value":"tests.delivery.test_delivery_calculation"},{"name":"resultFormat","value":"allure2"}],"parameters":[{"name":"all_time","value":"8000"},{"name":"amount","value":"206"},{"name":"case_id","value":"'TD 023'"},{"name":"in_time","value":"7500"},{"name":"link_item","value":"'products/shtukaturka-gipsovaya-aksolit-m50-30-kg-mashinnogo-naneseniya'"},{"name":"standard","value":"3300"},{"name":"url","value":"'https://sandboxtest.stroyrem-nn.ru/'"},{"name":"weight","value":"6200"}],"links":[],"hidden":false,"retry":false,"extra":{"severity":"normal","retries":[],"categories":[],"history":{"statistic":{"failed":0,"broken":0,"skipped":104,"passed":0,"unknown":0,"total":104},"items":[{"uid":"fd3f7bad0e7f6407","reportUrl":"https://Nat754.github.io/StroyremAutomation/426//#testresult/fd3f7bad0e7f6407","status":"skipped","statusDetails":"XFAIL\n\nselenium.common.exceptions.NoSuchElementException: Message: no such element: Unable to locate element: {\"method\":\"xpath\",\"selector\":\"(//a[@class='add-to-cart yellow-btn'])[1]\"}\n  (Session info: chrome=128.0.6613.119); For documentation on this error, please visit: https://www.selenium.dev/documentation/webdriver/troubleshooting/errors#no-such-element-exception\nStacktrace:\n#0 0x557eccdf586a <unknown>\n#1 0x557eccac3e50 <unknown>\n#2 0x557eccb13644 <unknown>\n#3 0x557eccb13931 <unknown>\n#4 0x557eccb59534 <unknown>\n#5 0x557eccb384bd <unknown>\n#6 0x557eccb569c6 <unknown>\n#7 0x557eccb38233 <unknown>\n#8 0x557eccb06093 <unknown>\n#9 0x557eccb0709e <unknown>\n#10 0x557eccdbcacb <unknown>\n#11 0x557eccdc0a81 <unknown>\n#12 0x557eccda8695 <unknown>\n#13 0x557eccdc15f2 <unknown>\n#14 0x557eccd8d86f <unknown>\n#15 0x557eccde4668 <unknown>\n#16 0x557eccde4832 <unknown>\n#17 0x557eccdf465c <unknown>\n#18 0x7f2eb5a22144 <unknown>","time":{"start":1725930312113,"stop":1725930312527,"duration":414}},{"uid":"c522ddadf4476831","reportUrl":"https://Nat754.github.io/StroyremAutomation/425//#testresult/c522ddadf4476831","status":"skipped","statusDetails":"XFAIL\n\nselenium.common.exceptions.NoSuchElementException: Message: no such element: Unable to locate element: {\"method\":\"xpath\",\"selector\":\"(//a[@class='add-to-cart yellow-btn'])[1]\"}\n  (Session info: chrome=128.0.6613.119); For documentation on this error, please visit: https://www.selenium.dev/documentation/webdriver/troubleshooting/errors#no-such-element-exception\nStacktrace:\n#0 0x560fdd6d886a <unknown>\n#1 0x560fdd3a6e50 <unknown>\n#2 0x560fdd3f6644 <unknown>\n#3 0x560fdd3f6931 <unknown>\n#4 0x560fdd43c534 <unknown>\n#5 0x560fdd41b4bd <unknown>\n#6 0x560fdd4399c6 <unknown>\n#7 0x560fdd41b233 <unknown>\n#8 0x560fdd3e9093 <unknown>\n#9 0x560fdd3ea09e <unknown>\n#10 0x560fdd69facb <unknown>\n#11 0x560fdd6a3a81 <unknown>\n#12 0x560fdd68b695 <unknown>\n#13 0x560fdd6a45f2 <unknown>\n#14 0x560fdd67086f <unknown>\n#15 0x560fdd6c7668 <unknown>\n#16 0x560fdd6c7832 <unknown>\n#17 0x560fdd6d765c <unknown>\n#18 0x7ff4f635b144 <unknown>","time":{"start":1725843982500,"stop":1725843982979,"duration":479}},{"uid":"225b4b368596c24","reportUrl":"https://Nat754.github.io/StroyremAutomation/424//#testresult/225b4b368596c24","status":"skipped","statusDetails":"XFAIL\n\nselenium.common.exceptions.NoSuchElementException: Message: no such element: Unable to locate element: {\"method\":\"xpath\",\"selector\":\"(//a[@class='add-to-cart yellow-btn'])[1]\"}\n  (Session info: chrome=128.0.6613.119); For documentation on this error, please visit: https://www.selenium.dev/documentation/webdriver/troubleshooting/errors#no-such-element-exception\nStacktrace:\n#0 0x56097722686a <unknown>\n#1 0x560976ef4e50 <unknown>\n#2 0x560976f44644 <unknown>\n#3 0x560976f44931 <unknown>\n#4 0x560976f8a534 <unknown>\n#5 0x560976f694bd <unknown>\n#6 0x560976f879c6 <unknown>\n#7 0x560976f69233 <unknown>\n#8 0x560976f37093 <unknown>\n#9 0x560976f3809e <unknown>\n#10 0x5609771edacb <unknown>\n#11 0x5609771f1a81 <unknown>\n#12 0x5609771d9695 <unknown>\n#13 0x5609771f25f2 <unknown>\n#14 0x5609771be86f <unknown>\n#15 0x560977215668 <unknown>\n#16 0x560977215832 <unknown>\n#17 0x56097722565c <unknown>\n#18 0x7f0fc1273144 <unknown>","time":{"start":1725757729392,"stop":1725757729935,"duration":543}},{"uid":"eac26e05a73527d4","reportUrl":"https://Nat754.github.io/StroyremAutomation/423//#testresult/eac26e05a73527d4","status":"skipped","statusDetails":"XFAIL\n\nselenium.common.exceptions.NoSuchElementException: Message: no such element: Unable to locate element: {\"method\":\"xpath\",\"selector\":\"(//a[@class='add-to-cart yellow-btn'])[1]\"}\n  (Session info: chrome=128.0.6613.119); For documentation on this error, please visit: https://www.selenium.dev/documentation/webdriver/troubleshooting/errors#no-such-element-exception\nStacktrace:\n#0 0x556e3bf4d86a <unknown>\n#1 0x556e3bc1be50 <unknown>\n#2 0x556e3bc6b644 <unknown>\n#3 0x556e3bc6b931 <unknown>\n#4 0x556e3bcb1534 <unknown>\n#5 0x556e3bc904bd <unknown>\n#6 0x556e3bcae9c6 <unknown>\n#7 0x556e3bc90233 <unknown>\n#8 0x556e3bc5e093 <unknown>\n#9 0x556e3bc5f09e <unknown>\n#10 0x556e3bf14acb <unknown>\n#11 0x556e3bf18a81 <unknown>\n#12 0x556e3bf00695 <unknown>\n#13 0x556e3bf195f2 <unknown>\n#14 0x556e3bee586f <unknown>\n#15 0x556e3bf3c668 <unknown>\n#16 0x556e3bf3c832 <unknown>\n#17 0x556e3bf4c65c <unknown>\n#18 0x7f73fefc4144 <unknown>","time":{"start":1725671034195,"stop":1725671034607,"duration":412}},{"uid":"493eed4d2012c4a2","reportUrl":"https://Nat754.github.io/StroyremAutomation/422//#testresult/493eed4d2012c4a2","status":"skipped","statusDetails":"XFAIL\n\nselenium.common.exceptions.NoSuchElementException: Message: no such element: Unable to locate element: {\"method\":\"xpath\",\"selector\":\"(//a[@class='add-to-cart yellow-btn'])[1]\"}\n  (Session info: chrome=128.0.6613.119); For documentation on this error, please visit: https://www.selenium.dev/documentation/webdriver/troubleshooting/errors#no-such-element-exception\nStacktrace:\n#0 0x559d7d45a86a <unknown>\n#1 0x559d7d128e50 <unknown>\n#2 0x559d7d178644 <unknown>\n#3 0x559d7d178931 <unknown>\n#4 0x559d7d1be534 <unknown>\n#5 0x559d7d19d4bd <unknown>\n#6 0x559d7d1bb9c6 <unknown>\n#7 0x559d7d19d233 <unknown>\n#8 0x559d7d16b093 <unknown>\n#9 0x559d7d16c09e <unknown>\n#10 0x559d7d421acb <unknown>\n#11 0x559d7d425a81 <unknown>\n#12 0x559d7d40d695 <unknown>\n#13 0x559d7d4265f2 <unknown>\n#14 0x559d7d3f286f <unknown>\n#15 0x559d7d449668 <unknown>\n#16 0x559d7d449832 <unknown>\n#17 0x559d7d45965c <unknown>\n#18 0x7fd2e3f98144 <unknown>","time":{"start":1725584685988,"stop":1725584686443,"duration":455}},{"uid":"4fd4bdba43b084b1","reportUrl":"https://Nat754.github.io/StroyremAutomation/421//#testresult/4fd4bdba43b084b1","status":"skipped","statusDetails":"XFAIL\n\nselenium.common.exceptions.NoSuchElementException: Message: no such element: Unable to locate element: {\"method\":\"xpath\",\"selector\":\"(//a[@class='add-to-cart yellow-btn'])[1]\"}\n  (Session info: chrome=128.0.6613.119); For documentation on this error, please visit: https://www.selenium.dev/documentation/webdriver/troubleshooting/errors#no-such-element-exception\nStacktrace:\n#0 0x55fc2f87186a <unknown>\n#1 0x55fc2f53fe50 <unknown>\n#2 0x55fc2f58f644 <unknown>\n#3 0x55fc2f58f931 <unknown>\n#4 0x55fc2f5d5534 <unknown>\n#5 0x55fc2f5b44bd <unknown>\n#6 0x55fc2f5d29c6 <unknown>\n#7 0x55fc2f5b4233 <unknown>\n#8 0x55fc2f582093 <unknown>\n#9 0x55fc2f58309e <unknown>\n#10 0x55fc2f838acb <unknown>\n#11 0x55fc2f83ca81 <unknown>\n#12 0x55fc2f824695 <unknown>\n#13 0x55fc2f83d5f2 <unknown>\n#14 0x55fc2f80986f <unknown>\n#15 0x55fc2f860668 <unknown>\n#16 0x55fc2f860832 <unknown>\n#17 0x55fc2f87065c <unknown>\n#18 0x7ffbb651d144 <unknown>","time":{"start":1725498301067,"stop":1725498301682,"duration":615}},{"uid":"ed3584af400233bf","reportUrl":"https://Nat754.github.io/StroyremAutomation/420//#testresult/ed3584af400233bf","status":"skipped","statusDetails":"XFAIL\n\nselenium.common.exceptions.NoSuchElementException: Message: no such element: Unable to locate element: {\"method\":\"xpath\",\"selector\":\"(//a[@class='add-to-cart yellow-btn'])[1]\"}\n  (Session info: chrome=128.0.6613.119); For documentation on this error, please visit: https://www.selenium.dev/documentation/webdriver/troubleshooting/errors#no-such-element-exception\nStacktrace:\n#0 0x55db3d4f786a <unknown>\n#1 0x55db3d1c5e50 <unknown>\n#2 0x55db3d215644 <unknown>\n#3 0x55db3d215931 <unknown>\n#4 0x55db3d25b534 <unknown>\n#5 0x55db3d23a4bd <unknown>\n#6 0x55db3d2589c6 <unknown>\n#7 0x55db3d23a233 <unknown>\n#8 0x55db3d208093 <unknown>\n#9 0x55db3d20909e <unknown>\n#10 0x55db3d4beacb <unknown>\n#11 0x55db3d4c2a81 <unknown>\n#12 0x55db3d4aa695 <unknown>\n#13 0x55db3d4c35f2 <unknown>\n#14 0x55db3d48f86f <unknown>\n#15 0x55db3d4e6668 <unknown>\n#16 0x55db3d4e6832 <unknown>\n#17 0x55db3d4f665c <unknown>\n#18 0x7f36030db134 <unknown>","time":{"start":1725411846093,"stop":1725411846534,"duration":441}},{"uid":"65cacf757bcb2133","reportUrl":"https://Nat754.github.io/StroyremAutomation/419//#testresult/65cacf757bcb2133","status":"skipped","statusDetails":"XFAIL\n\nselenium.common.exceptions.NoSuchElementException: Message: no such element: Unable to locate element: {\"method\":\"xpath\",\"selector\":\"(//a[@class='add-to-cart yellow-btn'])[1]\"}\n  (Session info: chrome=128.0.6613.119); For documentation on this error, please visit: https://www.selenium.dev/documentation/webdriver/troubleshooting/errors#no-such-element-exception\nStacktrace:\n#0 0x55c967d0686a <unknown>\n#1 0x55c9679d4e50 <unknown>\n#2 0x55c967a24644 <unknown>\n#3 0x55c967a24931 <unknown>\n#4 0x55c967a6a534 <unknown>\n#5 0x55c967a494bd <unknown>\n#6 0x55c967a679c6 <unknown>\n#7 0x55c967a49233 <unknown>\n#8 0x55c967a17093 <unknown>\n#9 0x55c967a1809e <unknown>\n#10 0x55c967ccdacb <unknown>\n#11 0x55c967cd1a81 <unknown>\n#12 0x55c967cb9695 <unknown>\n#13 0x55c967cd25f2 <unknown>\n#14 0x55c967c9e86f <unknown>\n#15 0x55c967cf5668 <unknown>\n#16 0x55c967cf5832 <unknown>\n#17 0x55c967d0565c <unknown>\n#18 0x7fcc67fe6134 <unknown>","time":{"start":1725325396975,"stop":1725325397403,"duration":428}},{"uid":"86a82e89c0c128e8","reportUrl":"https://Nat754.github.io/StroyremAutomation/418//#testresult/86a82e89c0c128e8","status":"skipped","statusDetails":"XFAIL\n\nselenium.common.exceptions.NoSuchElementException: Message: no such element: Unable to locate element: {\"method\":\"xpath\",\"selector\":\"(//a[@class='add-to-cart yellow-btn'])[1]\"}\n  (Session info: chrome=128.0.6613.86); For documentation on this error, please visit: https://www.selenium.dev/documentation/webdriver/troubleshooting/errors#no-such-element-exception\nStacktrace:\n#0 0x55e8393b38da <unknown>\n#1 0x55e839081e50 <unknown>\n#2 0x55e8390d1644 <unknown>\n#3 0x55e8390d1931 <unknown>\n#4 0x55e839117534 <unknown>\n#5 0x55e8390f64bd <unknown>\n#6 0x55e8391149c6 <unknown>\n#7 0x55e8390f6233 <unknown>\n#8 0x55e8390c4093 <unknown>\n#9 0x55e8390c509e <unknown>\n#10 0x55e83937ab3b <unknown>\n#11 0x55e83937eaf1 <unknown>\n#12 0x55e839366705 <unknown>\n#13 0x55e83937f662 <unknown>\n#14 0x55e83934b8df <unknown>\n#15 0x55e8393a26d8 <unknown>\n#16 0x55e8393a28a2 <unknown>\n#17 0x55e8393b26cc <unknown>\n#18 0x7fcf65a8f134 <unknown>","time":{"start":1725239107176,"stop":1725239107480,"duration":304}},{"uid":"498acf4c099fc038","reportUrl":"https://Nat754.github.io/StroyremAutomation/417//#testresult/498acf4c099fc038","status":"skipped","statusDetails":"XFAIL\n\nselenium.common.exceptions.NoSuchElementException: Message: no such element: Unable to locate element: {\"method\":\"xpath\",\"selector\":\"(//a[@class='add-to-cart yellow-btn'])[1]\"}\n  (Session info: chrome=128.0.6613.86); For documentation on this error, please visit: https://www.selenium.dev/documentation/webdriver/troubleshooting/errors#no-such-element-exception\nStacktrace:\n#0 0x55e339e8b8da <unknown>\n#1 0x55e339b59e50 <unknown>\n#2 0x55e339ba9644 <unknown>\n#3 0x55e339ba9931 <unknown>\n#4 0x55e339bef534 <unknown>\n#5 0x55e339bce4bd <unknown>\n#6 0x55e339bec9c6 <unknown>\n#7 0x55e339bce233 <unknown>\n#8 0x55e339b9c093 <unknown>\n#9 0x55e339b9d09e <unknown>\n#10 0x55e339e52b3b <unknown>\n#11 0x55e339e56af1 <unknown>\n#12 0x55e339e3e705 <unknown>\n#13 0x55e339e57662 <unknown>\n#14 0x55e339e238df <unknown>\n#15 0x55e339e7a6d8 <unknown>\n#16 0x55e339e7a8a2 <unknown>\n#17 0x55e339e8a6cc <unknown>\n#18 0x7fbd8b1a3134 <unknown>","time":{"start":1725153286049,"stop":1725153286482,"duration":433}},{"uid":"e3ee8faa92dc7e8","reportUrl":"https://Nat754.github.io/StroyremAutomation/416//#testresult/e3ee8faa92dc7e8","status":"skipped","statusDetails":"XFAIL\n\nselenium.common.exceptions.NoSuchElementException: Message: no such element: Unable to locate element: {\"method\":\"xpath\",\"selector\":\"(//a[@class='add-to-cart yellow-btn'])[1]\"}\n  (Session info: chrome=128.0.6613.86); For documentation on this error, please visit: https://www.selenium.dev/documentation/webdriver/troubleshooting/errors#no-such-element-exception\nStacktrace:\n#0 0x55bcc304c8da <unknown>\n#1 0x55bcc2d1ae50 <unknown>\n#2 0x55bcc2d6a644 <unknown>\n#3 0x55bcc2d6a931 <unknown>\n#4 0x55bcc2db0534 <unknown>\n#5 0x55bcc2d8f4bd <unknown>\n#6 0x55bcc2dad9c6 <unknown>\n#7 0x55bcc2d8f233 <unknown>\n#8 0x55bcc2d5d093 <unknown>\n#9 0x55bcc2d5e09e <unknown>\n#10 0x55bcc3013b3b <unknown>\n#11 0x55bcc3017af1 <unknown>\n#12 0x55bcc2fff705 <unknown>\n#13 0x55bcc3018662 <unknown>\n#14 0x55bcc2fe48df <unknown>\n#15 0x55bcc303b6d8 <unknown>\n#16 0x55bcc303b8a2 <unknown>\n#17 0x55bcc304b6cc <unknown>\n#18 0x7fe690f54134 <unknown>","time":{"start":1725066234957,"stop":1725066235305,"duration":348}},{"uid":"fb35b6e53f5c3719","reportUrl":"https://Nat754.github.io/StroyremAutomation/415//#testresult/fb35b6e53f5c3719","status":"skipped","statusDetails":"XFAIL\n\nselenium.common.exceptions.NoSuchElementException: Message: no such element: Unable to locate element: {\"method\":\"xpath\",\"selector\":\"(//a[@class='add-to-cart yellow-btn'])[1]\"}\n  (Session info: chrome=128.0.6613.86); For documentation on this error, please visit: https://www.selenium.dev/documentation/webdriver/troubleshooting/errors#no-such-element-exception\nStacktrace:\n#0 0x5581b90ff8da <unknown>\n#1 0x5581b8dcde50 <unknown>\n#2 0x5581b8e1d644 <unknown>\n#3 0x5581b8e1d931 <unknown>\n#4 0x5581b8e63534 <unknown>\n#5 0x5581b8e424bd <unknown>\n#6 0x5581b8e609c6 <unknown>\n#7 0x5581b8e42233 <unknown>\n#8 0x5581b8e10093 <unknown>\n#9 0x5581b8e1109e <unknown>\n#10 0x5581b90c6b3b <unknown>\n#11 0x5581b90caaf1 <unknown>\n#12 0x5581b90b2705 <unknown>\n#13 0x5581b90cb662 <unknown>\n#14 0x5581b90978df <unknown>\n#15 0x5581b90ee6d8 <unknown>\n#16 0x5581b90ee8a2 <unknown>\n#17 0x5581b90fe6cc <unknown>\n#18 0x7f6442fc1134 <unknown>","time":{"start":1724979820952,"stop":1724979821349,"duration":397}},{"uid":"5e541b4943747f91","reportUrl":"https://Nat754.github.io/StroyremAutomation/414//#testresult/5e541b4943747f91","status":"skipped","statusDetails":"XFAIL\n\nselenium.common.exceptions.NoSuchElementException: Message: no such element: Unable to locate element: {\"method\":\"xpath\",\"selector\":\"(//a[@class='add-to-cart yellow-btn'])[1]\"}\n  (Session info: chrome=128.0.6613.86); For documentation on this error, please visit: https://www.selenium.dev/documentation/webdriver/troubleshooting/errors#no-such-element-exception\nStacktrace:\n#0 0x55bbf68a38da <unknown>\n#1 0x55bbf6571e50 <unknown>\n#2 0x55bbf65c1644 <unknown>\n#3 0x55bbf65c1931 <unknown>\n#4 0x55bbf6607534 <unknown>\n#5 0x55bbf65e64bd <unknown>\n#6 0x55bbf66049c6 <unknown>\n#7 0x55bbf65e6233 <unknown>\n#8 0x55bbf65b4093 <unknown>\n#9 0x55bbf65b509e <unknown>\n#10 0x55bbf686ab3b <unknown>\n#11 0x55bbf686eaf1 <unknown>\n#12 0x55bbf6856705 <unknown>\n#13 0x55bbf686f662 <unknown>\n#14 0x55bbf683b8df <unknown>\n#15 0x55bbf68926d8 <unknown>\n#16 0x55bbf68928a2 <unknown>\n#17 0x55bbf68a26cc <unknown>\n#18 0x7fc6faf50134 <unknown>","time":{"start":1724893495933,"stop":1724893496362,"duration":429}},{"uid":"e5073222dd61bf12","reportUrl":"https://Nat754.github.io/StroyremAutomation/413//#testresult/e5073222dd61bf12","status":"skipped","statusDetails":"XFAIL\n\nselenium.common.exceptions.NoSuchElementException: Message: no such element: Unable to locate element: {\"method\":\"xpath\",\"selector\":\"(//a[@class='add-to-cart yellow-btn'])[1]\"}\n  (Session info: chrome=128.0.6613.84); For documentation on this error, please visit: https://www.selenium.dev/documentation/webdriver/troubleshooting/errors#no-such-element-exception\nStacktrace:\n#0 0x55a26d78e81a <unknown>\n#1 0x55a26d45ce50 <unknown>\n#2 0x55a26d4ac644 <unknown>\n#3 0x55a26d4ac931 <unknown>\n#4 0x55a26d4f2534 <unknown>\n#5 0x55a26d4d14bd <unknown>\n#6 0x55a26d4ef9c6 <unknown>\n#7 0x55a26d4d1233 <unknown>\n#8 0x55a26d49f093 <unknown>\n#9 0x55a26d4a009e <unknown>\n#10 0x55a26d755a7b <unknown>\n#11 0x55a26d759a31 <unknown>\n#12 0x55a26d741645 <unknown>\n#13 0x55a26d75a5a2 <unknown>\n#14 0x55a26d72681f <unknown>\n#15 0x55a26d77d618 <unknown>\n#16 0x55a26d77d7e2 <unknown>\n#17 0x55a26d78d60c <unknown>\n#18 0x7fdd6d158134 <unknown>","time":{"start":1724806991586,"stop":1724806991899,"duration":313}},{"uid":"70e0259427adf408","reportUrl":"https://Nat754.github.io/StroyremAutomation/412//#testresult/70e0259427adf408","status":"skipped","statusDetails":"XFAIL\n\nselenium.common.exceptions.NoSuchElementException: Message: no such element: Unable to locate element: {\"method\":\"xpath\",\"selector\":\"(//a[@class='add-to-cart yellow-btn'])[1]\"}\n  (Session info: chrome=128.0.6613.84); For documentation on this error, please visit: https://www.selenium.dev/documentation/webdriver/troubleshooting/errors#no-such-element-exception\nStacktrace:\n#0 0x561fb675c81a <unknown>\n#1 0x561fb642ae50 <unknown>\n#2 0x561fb647a644 <unknown>\n#3 0x561fb647a931 <unknown>\n#4 0x561fb64c0534 <unknown>\n#5 0x561fb649f4bd <unknown>\n#6 0x561fb64bd9c6 <unknown>\n#7 0x561fb649f233 <unknown>\n#8 0x561fb646d093 <unknown>\n#9 0x561fb646e09e <unknown>\n#10 0x561fb6723a7b <unknown>\n#11 0x561fb6727a31 <unknown>\n#12 0x561fb670f645 <unknown>\n#13 0x561fb67285a2 <unknown>\n#14 0x561fb66f481f <unknown>\n#15 0x561fb674b618 <unknown>\n#16 0x561fb674b7e2 <unknown>\n#17 0x561fb675b60c <unknown>\n#18 0x7fbacd8a3134 <unknown>","time":{"start":1724720555833,"stop":1724720556264,"duration":431}},{"uid":"4962c7d87f9055f5","reportUrl":"https://Nat754.github.io/StroyremAutomation/411//#testresult/4962c7d87f9055f5","status":"skipped","statusDetails":"XFAIL\n\nselenium.common.exceptions.NoSuchElementException: Message: no such element: Unable to locate element: {\"method\":\"xpath\",\"selector\":\"(//a[@class='add-to-cart yellow-btn'])[1]\"}\n  (Session info: chrome=128.0.6613.84); For documentation on this error, please visit: https://www.selenium.dev/documentation/webdriver/troubleshooting/errors#no-such-element-exception\nStacktrace:\n#0 0x55f35aa8981a <unknown>\n#1 0x55f35a757e50 <unknown>\n#2 0x55f35a7a7644 <unknown>\n#3 0x55f35a7a7931 <unknown>\n#4 0x55f35a7ed534 <unknown>\n#5 0x55f35a7cc4bd <unknown>\n#6 0x55f35a7ea9c6 <unknown>\n#7 0x55f35a7cc233 <unknown>\n#8 0x55f35a79a093 <unknown>\n#9 0x55f35a79b09e <unknown>\n#10 0x55f35aa50a7b <unknown>\n#11 0x55f35aa54a31 <unknown>\n#12 0x55f35aa3c645 <unknown>\n#13 0x55f35aa555a2 <unknown>\n#14 0x55f35aa2181f <unknown>\n#15 0x55f35aa78618 <unknown>\n#16 0x55f35aa787e2 <unknown>\n#17 0x55f35aa8860c <unknown>\n#18 0x7f2352e3a134 <unknown>","time":{"start":1724634158729,"stop":1724634159072,"duration":343}},{"uid":"964d7df0e7d54d66","reportUrl":"https://Nat754.github.io/StroyremAutomation/410//#testresult/964d7df0e7d54d66","status":"skipped","statusDetails":"XFAIL\n\nselenium.common.exceptions.NoSuchElementException: Message: no such element: Unable to locate element: {\"method\":\"xpath\",\"selector\":\"(//a[@class='add-to-cart yellow-btn'])[1]\"}\n  (Session info: chrome=128.0.6613.84); For documentation on this error, please visit: https://www.selenium.dev/documentation/webdriver/troubleshooting/errors#no-such-element-exception\nStacktrace:\n#0 0x55c8b338181a <unknown>\n#1 0x55c8b304fe50 <unknown>\n#2 0x55c8b309f644 <unknown>\n#3 0x55c8b309f931 <unknown>\n#4 0x55c8b30e5534 <unknown>\n#5 0x55c8b30c44bd <unknown>\n#6 0x55c8b30e29c6 <unknown>\n#7 0x55c8b30c4233 <unknown>\n#8 0x55c8b3092093 <unknown>\n#9 0x55c8b309309e <unknown>\n#10 0x55c8b3348a7b <unknown>\n#11 0x55c8b334ca31 <unknown>\n#12 0x55c8b3334645 <unknown>\n#13 0x55c8b334d5a2 <unknown>\n#14 0x55c8b331981f <unknown>\n#15 0x55c8b3370618 <unknown>\n#16 0x55c8b33707e2 <unknown>\n#17 0x55c8b338060c <unknown>\n#18 0x7f094830b134 <unknown>","time":{"start":1724548030849,"stop":1724548031322,"duration":473}},{"uid":"47c40402112fc8ae","reportUrl":"https://Nat754.github.io/StroyremAutomation/409//#testresult/47c40402112fc8ae","status":"skipped","statusDetails":"XFAIL\n\nselenium.common.exceptions.NoSuchElementException: Message: no such element: Unable to locate element: {\"method\":\"xpath\",\"selector\":\"(//a[@class='add-to-cart yellow-btn'])[1]\"}\n  (Session info: chrome=128.0.6613.84); For documentation on this error, please visit: https://www.selenium.dev/documentation/webdriver/troubleshooting/errors#no-such-element-exception\nStacktrace:\n#0 0x55bc9981481a <unknown>\n#1 0x55bc994e2e50 <unknown>\n#2 0x55bc99532644 <unknown>\n#3 0x55bc99532931 <unknown>\n#4 0x55bc99578534 <unknown>\n#5 0x55bc995574bd <unknown>\n#6 0x55bc995759c6 <unknown>\n#7 0x55bc99557233 <unknown>\n#8 0x55bc99525093 <unknown>\n#9 0x55bc9952609e <unknown>\n#10 0x55bc997dba7b <unknown>\n#11 0x55bc997dfa31 <unknown>\n#12 0x55bc997c7645 <unknown>\n#13 0x55bc997e05a2 <unknown>\n#14 0x55bc997ac81f <unknown>\n#15 0x55bc99803618 <unknown>\n#16 0x55bc998037e2 <unknown>\n#17 0x55bc9981360c <unknown>\n#18 0x7f15e97d3134 <unknown>","time":{"start":1724461262911,"stop":1724461263255,"duration":344}},{"uid":"6150265267b8bbc4","reportUrl":"https://Nat754.github.io/StroyremAutomation/407//#testresult/6150265267b8bbc4","status":"skipped","statusDetails":"XFAIL\n\nselenium.common.exceptions.NoSuchElementException: Message: no such element: Unable to locate element: {\"method\":\"xpath\",\"selector\":\"(//a[@class='add-to-cart yellow-btn'])[1]\"}\n  (Session info: chrome=128.0.6613.84); For documentation on this error, please visit: https://www.selenium.dev/documentation/webdriver/troubleshooting/errors#no-such-element-exception\nStacktrace:\n#0 0x56275c79281a <unknown>\n#1 0x56275c460e50 <unknown>\n#2 0x56275c4b0644 <unknown>\n#3 0x56275c4b0931 <unknown>\n#4 0x56275c4f6534 <unknown>\n#5 0x56275c4d54bd <unknown>\n#6 0x56275c4f39c6 <unknown>\n#7 0x56275c4d5233 <unknown>\n#8 0x56275c4a3093 <unknown>\n#9 0x56275c4a409e <unknown>\n#10 0x56275c759a7b <unknown>\n#11 0x56275c75da31 <unknown>\n#12 0x56275c745645 <unknown>\n#13 0x56275c75e5a2 <unknown>\n#14 0x56275c72a81f <unknown>\n#15 0x56275c781618 <unknown>\n#16 0x56275c7817e2 <unknown>\n#17 0x56275c79160c <unknown>\n#18 0x7fee057c0134 <unknown>","time":{"start":1724288578297,"stop":1724288578641,"duration":344}},{"uid":"598d3d9cc325b6b4","reportUrl":"https://Nat754.github.io/StroyremAutomation/406//#testresult/598d3d9cc325b6b4","status":"skipped","statusDetails":"XFAIL\n\nselenium.common.exceptions.NoSuchElementException: Message: no such element: Unable to locate element: {\"method\":\"xpath\",\"selector\":\"(//a[@class='add-to-cart yellow-btn'])[1]\"}\n  (Session info: chrome-headless-shell=127.0.6533.119); For documentation on this error, please visit: https://www.selenium.dev/documentation/webdriver/troubleshooting/errors#no-such-element-exception\nStacktrace:\n#0 0x55adcafdb6ca <unknown>\n#1 0x55adcacac600 <unknown>\n#2 0x55adcacfbbcb <unknown>\n#3 0x55adcacfbeb1 <unknown>\n#4 0x55adcad3fb24 <unknown>\n#5 0x55adcad1e8cd <unknown>\n#6 0x55adcad3d04a <unknown>\n#7 0x55adcad1e643 <unknown>\n#8 0x55adcaceed31 <unknown>\n#9 0x55adcacef79e <unknown>\n#10 0x55adcafa325b <unknown>\n#11 0x55adcafa71f2 <unknown>\n#12 0x55adcaf90615 <unknown>\n#13 0x55adcafa7d82 <unknown>\n#14 0x55adcaf7525f <unknown>\n#15 0x55adcafcae68 <unknown>\n#16 0x55adcafcb040 <unknown>\n#17 0x55adcafda49c <unknown>\n#18 0x7f5d66038134 <unknown>","time":{"start":1724202143124,"stop":1724202143564,"duration":440}}]},"tags":["@pytest.mark.xfail","smoke_test"]},"source":"df30f5b05b2c05cd.json","parameterValues":["8000","206","'TD 023'","7500","'products/shtukaturka-gipsovaya-aksolit-m50-30-kg-mashinnogo-naneseniya'","3300","'https://sandboxtest.stroyrem-nn.ru/'","6200"]}