{"uid":"c28a6352ae5d8168","name":"test_positive_delivery_green_zone_smoke[TD 012-products/shtukaturka-gipsovaya-aksolit-m50-30-kg-mashinnogo-naneseniya-333-10000-4450-11990-12500-https://sandboxtest.stroyrem-nn.ru/]","fullName":"tests.delivery.test_delivery_calculation.TestDeliveryPageCalculation#test_positive_delivery_green_zone_smoke","historyId":"9d39cbb8c1423d43dfc259c1b0a6c01f","time":{"start":1714611225818,"stop":1714611226451,"duration":633},"status":"skipped","statusMessage":"XFAIL\n\nselenium.common.exceptions.NoSuchElementException: Message: no such element: Unable to locate element: {\"method\":\"xpath\",\"selector\":\"(//a[@class='add-to-cart yellow-btn'])[1]\"}\n  (Session info: chrome-headless-shell=124.0.6367.91); For documentation on this error, please visit: https://www.selenium.dev/documentation/webdriver/troubleshooting/errors#no-such-element-exception\nStacktrace:\n#0 0x55c4bcf55cb3 <unknown>\n#1 0x55c4bcc444a7 <unknown>\n#2 0x55c4bcc8f31d <unknown>\n#3 0x55c4bcc8f3d1 <unknown>\n#4 0x55c4bccd2734 <unknown>\n#5 0x55c4bccb143d <unknown>\n#6 0x55c4bcccfbe9 <unknown>\n#7 0x55c4bccb11b3 <unknown>\n#8 0x55c4bcc8224a <unknown>\n#9 0x55c4bcc82c1e <unknown>\n#10 0x55c4bcf19fdb <unknown>\n#11 0x55c4bcf1df2b <unknown>\n#12 0x55c4bcf060f1 <unknown>\n#13 0x55c4bcf1ea92 <unknown>\n#14 0x55c4bceeafaf <unknown>\n#15 0x55c4bcf44e08 <unknown>\n#16 0x55c4bcf44fe0 <unknown>\n#17 0x55c4bcf54e04 <unknown>\n#18 0x7f8d8aa9c134 <unknown>","statusTrace":"self = <tests.delivery.test_delivery_calculation.TestDeliveryPageCalculation object at 0x7f9d67bb2a50>\ndriver = <selenium.webdriver.chrome.webdriver.WebDriver (session=\"90990b9aa3c7165ad3f7a26b65f65a00\")>\nurl = 'https://sandboxtest.stroyrem-nn.ru/', case_id = 'TD 012'\nlink_item = 'products/shtukaturka-gipsovaya-aksolit-m50-30-kg-mashinnogo-naneseniya'\namount = 333, weight = 10000, standard = 4450, in_time = 11990, all_time = 12500\n\n    @pytest.mark.parametrize('case_id, link_item, amount, weight, standard, in_time, all_time', [\n        (\"TD 001\", uroven_3000, 1, 30, 0, 1590, 2190),\n        (\"TD 002\", bundeks_25, 1, 30, 400, 1590, 2190),\n        (\"TD 003\", aksolit_30, 8, 300, 400, 1590, 2190),\n        (\"TD 004\", aksolit_30, 13, 400, 450, 1590, 2190),\n        (\"TD 005\", aksolit_30, 16, 500, 600, 1590, 2190),\n        (\"TD 006\", aksolit_30, 25, 1700, 990, 1990, 2480),\n        (\"TD 007\", aksolit_30, 66, 2000, 1300, 2490, 2980),\n        (\"TD 008\", aksolit_30, 149, 4500, 2300, 3980, 4490),\n        (\"TD 009\", aksolit_30, 166, 5000, 2500, 4990, 5480),\n        pytest.param(\n            \"TD 010\", aksolit_30, 206, 6200, 2900, 5570, 6120,\n            marks=pytest.mark.xfail(reson=\"Цена доставки 3600 7960 8980\")\n        ),\n        (\"TD 011\", aksolit_30, 299, 9000, 3600, 7960, 8980),\n        (\"TD 012\", aksolit_30, 333, 10000, 4450, 11990, 12500),\n        pytest.param(\n            \"TD 013\", aksolit_30, 366, 11000, 4800, 12450, 13480,\n            marks=pytest.mark.xfail(reason=\"Цена стандартной доставки 4450\")\n        ),\n        pytest.param(\n            \"TD 014\", aksolit_30, 666, 20000, 5400, 15600, 17490,\n            marks=pytest.mark.xfail(reason=\"Цена стандартной доставки 4450\")\n        )\n    ])\n    @pytest.mark.xfail\n    @pytest.mark.smoke_test\n    def test_positive_delivery_green_zone_smoke(\n            self, driver, url, case_id, link_item, amount, weight, standard, in_time, all_time\n    ):\n    \n        driver.get(f'{url}{link_item}')\n        item_page = ItemPage(driver)\n>       item_page.add_item_to_cart(amount).click_on_cart()\n\ntests/delivery/test_delivery_calculation.py:50: \n_ _ _ _ _ _ _ _ _ _ _ _ _ _ _ _ _ _ _ _ _ _ _ _ _ _ _ _ _ _ _ _ _ _ _ _ _ _ _ _ \npages/item_page.py:40: in add_item_to_cart\n    self.find_element(self._add_item).click()\nbase/seleniumbase.py:17: in find_element\n    return self.driver.find_element(*locator)\n/usr/local/lib/python3.11/site-packages/selenium/webdriver/remote/webdriver.py:739: in find_element\n    return self.execute(Command.FIND_ELEMENT, {\"using\": by, \"value\": value})[\"value\"]\n/usr/local/lib/python3.11/site-packages/selenium/webdriver/remote/webdriver.py:345: in execute\n    self.error_handler.check_response(response)\n_ _ _ _ _ _ _ _ _ _ _ _ _ _ _ _ _ _ _ _ _ _ _ _ _ _ _ _ _ _ _ _ _ _ _ _ _ _ _ _ \n\nself = <selenium.webdriver.remote.errorhandler.ErrorHandler object at 0x7f9d677b6310>\nresponse = {'status': 404, 'value': '{\"value\":{\"error\":\"no such element\",\"message\":\"no such element: Unable to locate element: {\\...\\\\n#16 0x55c4bcf44fe0 \\\\u003Cunknown>\\\\n#17 0x55c4bcf54e04 \\\\u003Cunknown>\\\\n#18 0x7f8d8aa9c134 \\\\u003Cunknown>\\\\n\"}}'}\n\n    def check_response(self, response: Dict[str, Any]) -> None:\n        \"\"\"Checks that a JSON response from the WebDriver does not have an\n        error.\n    \n        :Args:\n         - response - The JSON response from the WebDriver server as a dictionary\n           object.\n    \n        :Raises: If the response contains an error message.\n        \"\"\"\n        status = response.get(\"status\", None)\n        if not status or status == ErrorCode.SUCCESS:\n            return\n        value = None\n        message = response.get(\"message\", \"\")\n        screen: str = response.get(\"screen\", \"\")\n        stacktrace = None\n        if isinstance(status, int):\n            value_json = response.get(\"value\", None)\n            if value_json and isinstance(value_json, str):\n                import json\n    \n                try:\n                    value = json.loads(value_json)\n                    if len(value) == 1:\n                        value = value[\"value\"]\n                    status = value.get(\"error\", None)\n                    if not status:\n                        status = value.get(\"status\", ErrorCode.UNKNOWN_ERROR)\n                        message = value.get(\"value\") or value.get(\"message\")\n                        if not isinstance(message, str):\n                            value = message\n                            message = message.get(\"message\")\n                    else:\n                        message = value.get(\"message\", None)\n                except ValueError:\n                    pass\n    \n        exception_class: Type[WebDriverException]\n        e = ErrorCode()\n        error_codes = [item for item in dir(e) if not item.startswith(\"__\")]\n        for error_code in error_codes:\n            error_info = getattr(ErrorCode, error_code)\n            if isinstance(error_info, list) and status in error_info:\n                exception_class = getattr(ExceptionMapping, error_code, WebDriverException)\n                break\n        else:\n            exception_class = WebDriverException\n    \n        if not value:\n            value = response[\"value\"]\n        if isinstance(value, str):\n            raise exception_class(value)\n        if message == \"\" and \"message\" in value:\n            message = value[\"message\"]\n    \n        screen = None  # type: ignore[assignment]\n        if \"screen\" in value:\n            screen = value[\"screen\"]\n    \n        stacktrace = None\n        st_value = value.get(\"stackTrace\") or value.get(\"stacktrace\")\n        if st_value:\n            if isinstance(st_value, str):\n                stacktrace = st_value.split(\"\\n\")\n            else:\n                stacktrace = []\n                try:\n                    for frame in st_value:\n                        line = frame.get(\"lineNumber\", \"\")\n                        file = frame.get(\"fileName\", \"<anonymous>\")\n                        if line:\n                            file = f\"{file}:{line}\"\n                        meth = frame.get(\"methodName\", \"<anonymous>\")\n                        if \"className\" in frame:\n                            meth = f\"{frame['className']}.{meth}\"\n                        msg = \"    at %s (%s)\"\n                        msg = msg % (meth, file)\n                        stacktrace.append(msg)\n                except TypeError:\n                    pass\n        if exception_class == UnexpectedAlertPresentException:\n            alert_text = None\n            if \"data\" in value:\n                alert_text = value[\"data\"].get(\"text\")\n            elif \"alert\" in value:\n                alert_text = value[\"alert\"].get(\"text\")\n            raise exception_class(message, screen, stacktrace, alert_text)  # type: ignore[call-arg]  # mypy is not smart enough here\n>       raise exception_class(message, screen, stacktrace)\nE       selenium.common.exceptions.NoSuchElementException: Message: no such element: Unable to locate element: {\"method\":\"xpath\",\"selector\":\"(//a[@class='add-to-cart yellow-btn'])[1]\"}\nE         (Session info: chrome-headless-shell=124.0.6367.91); For documentation on this error, please visit: https://www.selenium.dev/documentation/webdriver/troubleshooting/errors#no-such-element-exception\nE       Stacktrace:\nE       #0 0x55c4bcf55cb3 <unknown>\nE       #1 0x55c4bcc444a7 <unknown>\nE       #2 0x55c4bcc8f31d <unknown>\nE       #3 0x55c4bcc8f3d1 <unknown>\nE       #4 0x55c4bccd2734 <unknown>\nE       #5 0x55c4bccb143d <unknown>\nE       #6 0x55c4bcccfbe9 <unknown>\nE       #7 0x55c4bccb11b3 <unknown>\nE       #8 0x55c4bcc8224a <unknown>\nE       #9 0x55c4bcc82c1e <unknown>\nE       #10 0x55c4bcf19fdb <unknown>\nE       #11 0x55c4bcf1df2b <unknown>\nE       #12 0x55c4bcf060f1 <unknown>\nE       #13 0x55c4bcf1ea92 <unknown>\nE       #14 0x55c4bceeafaf <unknown>\nE       #15 0x55c4bcf44e08 <unknown>\nE       #16 0x55c4bcf44fe0 <unknown>\nE       #17 0x55c4bcf54e04 <unknown>\nE       #18 0x7f8d8aa9c134 <unknown>\n\n/usr/local/lib/python3.11/site-packages/selenium/webdriver/remote/errorhandler.py:229: NoSuchElementException","flaky":false,"newFailed":false,"newBroken":false,"newPassed":false,"retriesCount":0,"retriesStatusChange":false,"beforeStages":[{"name":"_session_faker","time":{"start":1714611002862,"stop":1714611002935,"duration":73},"status":"passed","steps":[],"attachments":[],"parameters":[],"shouldDisplayMessage":false,"stepsCount":0,"attachmentsCount":0,"hasContent":false,"attachmentStep":false},{"name":"clear_allure_results_folder","time":{"start":1714611002935,"stop":1714611002935,"duration":0},"status":"passed","steps":[],"attachments":[],"parameters":[],"shouldDisplayMessage":false,"stepsCount":0,"attachmentsCount":0,"hasContent":false,"attachmentStep":false},{"name":"driver","time":{"start":1714611225131,"stop":1714611225817,"duration":686},"status":"passed","steps":[],"attachments":[],"parameters":[],"shouldDisplayMessage":false,"stepsCount":0,"attachmentsCount":0,"hasContent":false,"attachmentStep":false},{"name":"setup","time":{"start":1714611225817,"stop":1714611225817,"duration":0},"status":"passed","steps":[],"attachments":[],"parameters":[],"shouldDisplayMessage":false,"stepsCount":0,"attachmentsCount":0,"hasContent":false,"attachmentStep":false}],"testStage":{"status":"skipped","statusMessage":"XFAIL\n\nselenium.common.exceptions.NoSuchElementException: Message: no such element: Unable to locate element: {\"method\":\"xpath\",\"selector\":\"(//a[@class='add-to-cart yellow-btn'])[1]\"}\n  (Session info: chrome-headless-shell=124.0.6367.91); For documentation on this error, please visit: https://www.selenium.dev/documentation/webdriver/troubleshooting/errors#no-such-element-exception\nStacktrace:\n#0 0x55c4bcf55cb3 <unknown>\n#1 0x55c4bcc444a7 <unknown>\n#2 0x55c4bcc8f31d <unknown>\n#3 0x55c4bcc8f3d1 <unknown>\n#4 0x55c4bccd2734 <unknown>\n#5 0x55c4bccb143d <unknown>\n#6 0x55c4bcccfbe9 <unknown>\n#7 0x55c4bccb11b3 <unknown>\n#8 0x55c4bcc8224a <unknown>\n#9 0x55c4bcc82c1e <unknown>\n#10 0x55c4bcf19fdb <unknown>\n#11 0x55c4bcf1df2b <unknown>\n#12 0x55c4bcf060f1 <unknown>\n#13 0x55c4bcf1ea92 <unknown>\n#14 0x55c4bceeafaf <unknown>\n#15 0x55c4bcf44e08 <unknown>\n#16 0x55c4bcf44fe0 <unknown>\n#17 0x55c4bcf54e04 <unknown>\n#18 0x7f8d8aa9c134 <unknown>","statusTrace":"self = <tests.delivery.test_delivery_calculation.TestDeliveryPageCalculation object at 0x7f9d67bb2a50>\ndriver = <selenium.webdriver.chrome.webdriver.WebDriver (session=\"90990b9aa3c7165ad3f7a26b65f65a00\")>\nurl = 'https://sandboxtest.stroyrem-nn.ru/', case_id = 'TD 012'\nlink_item = 'products/shtukaturka-gipsovaya-aksolit-m50-30-kg-mashinnogo-naneseniya'\namount = 333, weight = 10000, standard = 4450, in_time = 11990, all_time = 12500\n\n    @pytest.mark.parametrize('case_id, link_item, amount, weight, standard, in_time, all_time', [\n        (\"TD 001\", uroven_3000, 1, 30, 0, 1590, 2190),\n        (\"TD 002\", bundeks_25, 1, 30, 400, 1590, 2190),\n        (\"TD 003\", aksolit_30, 8, 300, 400, 1590, 2190),\n        (\"TD 004\", aksolit_30, 13, 400, 450, 1590, 2190),\n        (\"TD 005\", aksolit_30, 16, 500, 600, 1590, 2190),\n        (\"TD 006\", aksolit_30, 25, 1700, 990, 1990, 2480),\n        (\"TD 007\", aksolit_30, 66, 2000, 1300, 2490, 2980),\n        (\"TD 008\", aksolit_30, 149, 4500, 2300, 3980, 4490),\n        (\"TD 009\", aksolit_30, 166, 5000, 2500, 4990, 5480),\n        pytest.param(\n            \"TD 010\", aksolit_30, 206, 6200, 2900, 5570, 6120,\n            marks=pytest.mark.xfail(reson=\"Цена доставки 3600 7960 8980\")\n        ),\n        (\"TD 011\", aksolit_30, 299, 9000, 3600, 7960, 8980),\n        (\"TD 012\", aksolit_30, 333, 10000, 4450, 11990, 12500),\n        pytest.param(\n            \"TD 013\", aksolit_30, 366, 11000, 4800, 12450, 13480,\n            marks=pytest.mark.xfail(reason=\"Цена стандартной доставки 4450\")\n        ),\n        pytest.param(\n            \"TD 014\", aksolit_30, 666, 20000, 5400, 15600, 17490,\n            marks=pytest.mark.xfail(reason=\"Цена стандартной доставки 4450\")\n        )\n    ])\n    @pytest.mark.xfail\n    @pytest.mark.smoke_test\n    def test_positive_delivery_green_zone_smoke(\n            self, driver, url, case_id, link_item, amount, weight, standard, in_time, all_time\n    ):\n    \n        driver.get(f'{url}{link_item}')\n        item_page = ItemPage(driver)\n>       item_page.add_item_to_cart(amount).click_on_cart()\n\ntests/delivery/test_delivery_calculation.py:50: \n_ _ _ _ _ _ _ _ _ _ _ _ _ _ _ _ _ _ _ _ _ _ _ _ _ _ _ _ _ _ _ _ _ _ _ _ _ _ _ _ \npages/item_page.py:40: in add_item_to_cart\n    self.find_element(self._add_item).click()\nbase/seleniumbase.py:17: in find_element\n    return self.driver.find_element(*locator)\n/usr/local/lib/python3.11/site-packages/selenium/webdriver/remote/webdriver.py:739: in find_element\n    return self.execute(Command.FIND_ELEMENT, {\"using\": by, \"value\": value})[\"value\"]\n/usr/local/lib/python3.11/site-packages/selenium/webdriver/remote/webdriver.py:345: in execute\n    self.error_handler.check_response(response)\n_ _ _ _ _ _ _ _ _ _ _ _ _ _ _ _ _ _ _ _ _ _ _ _ _ _ _ _ _ _ _ _ _ _ _ _ _ _ _ _ \n\nself = <selenium.webdriver.remote.errorhandler.ErrorHandler object at 0x7f9d677b6310>\nresponse = {'status': 404, 'value': '{\"value\":{\"error\":\"no such element\",\"message\":\"no such element: Unable to locate element: {\\...\\\\n#16 0x55c4bcf44fe0 \\\\u003Cunknown>\\\\n#17 0x55c4bcf54e04 \\\\u003Cunknown>\\\\n#18 0x7f8d8aa9c134 \\\\u003Cunknown>\\\\n\"}}'}\n\n    def check_response(self, response: Dict[str, Any]) -> None:\n        \"\"\"Checks that a JSON response from the WebDriver does not have an\n        error.\n    \n        :Args:\n         - response - The JSON response from the WebDriver server as a dictionary\n           object.\n    \n        :Raises: If the response contains an error message.\n        \"\"\"\n        status = response.get(\"status\", None)\n        if not status or status == ErrorCode.SUCCESS:\n            return\n        value = None\n        message = response.get(\"message\", \"\")\n        screen: str = response.get(\"screen\", \"\")\n        stacktrace = None\n        if isinstance(status, int):\n            value_json = response.get(\"value\", None)\n            if value_json and isinstance(value_json, str):\n                import json\n    \n                try:\n                    value = json.loads(value_json)\n                    if len(value) == 1:\n                        value = value[\"value\"]\n                    status = value.get(\"error\", None)\n                    if not status:\n                        status = value.get(\"status\", ErrorCode.UNKNOWN_ERROR)\n                        message = value.get(\"value\") or value.get(\"message\")\n                        if not isinstance(message, str):\n                            value = message\n                            message = message.get(\"message\")\n                    else:\n                        message = value.get(\"message\", None)\n                except ValueError:\n                    pass\n    \n        exception_class: Type[WebDriverException]\n        e = ErrorCode()\n        error_codes = [item for item in dir(e) if not item.startswith(\"__\")]\n        for error_code in error_codes:\n            error_info = getattr(ErrorCode, error_code)\n            if isinstance(error_info, list) and status in error_info:\n                exception_class = getattr(ExceptionMapping, error_code, WebDriverException)\n                break\n        else:\n            exception_class = WebDriverException\n    \n        if not value:\n            value = response[\"value\"]\n        if isinstance(value, str):\n            raise exception_class(value)\n        if message == \"\" and \"message\" in value:\n            message = value[\"message\"]\n    \n        screen = None  # type: ignore[assignment]\n        if \"screen\" in value:\n            screen = value[\"screen\"]\n    \n        stacktrace = None\n        st_value = value.get(\"stackTrace\") or value.get(\"stacktrace\")\n        if st_value:\n            if isinstance(st_value, str):\n                stacktrace = st_value.split(\"\\n\")\n            else:\n                stacktrace = []\n                try:\n                    for frame in st_value:\n                        line = frame.get(\"lineNumber\", \"\")\n                        file = frame.get(\"fileName\", \"<anonymous>\")\n                        if line:\n                            file = f\"{file}:{line}\"\n                        meth = frame.get(\"methodName\", \"<anonymous>\")\n                        if \"className\" in frame:\n                            meth = f\"{frame['className']}.{meth}\"\n                        msg = \"    at %s (%s)\"\n                        msg = msg % (meth, file)\n                        stacktrace.append(msg)\n                except TypeError:\n                    pass\n        if exception_class == UnexpectedAlertPresentException:\n            alert_text = None\n            if \"data\" in value:\n                alert_text = value[\"data\"].get(\"text\")\n            elif \"alert\" in value:\n                alert_text = value[\"alert\"].get(\"text\")\n            raise exception_class(message, screen, stacktrace, alert_text)  # type: ignore[call-arg]  # mypy is not smart enough here\n>       raise exception_class(message, screen, stacktrace)\nE       selenium.common.exceptions.NoSuchElementException: Message: no such element: Unable to locate element: {\"method\":\"xpath\",\"selector\":\"(//a[@class='add-to-cart yellow-btn'])[1]\"}\nE         (Session info: chrome-headless-shell=124.0.6367.91); For documentation on this error, please visit: https://www.selenium.dev/documentation/webdriver/troubleshooting/errors#no-such-element-exception\nE       Stacktrace:\nE       #0 0x55c4bcf55cb3 <unknown>\nE       #1 0x55c4bcc444a7 <unknown>\nE       #2 0x55c4bcc8f31d <unknown>\nE       #3 0x55c4bcc8f3d1 <unknown>\nE       #4 0x55c4bccd2734 <unknown>\nE       #5 0x55c4bccb143d <unknown>\nE       #6 0x55c4bcccfbe9 <unknown>\nE       #7 0x55c4bccb11b3 <unknown>\nE       #8 0x55c4bcc8224a <unknown>\nE       #9 0x55c4bcc82c1e <unknown>\nE       #10 0x55c4bcf19fdb <unknown>\nE       #11 0x55c4bcf1df2b <unknown>\nE       #12 0x55c4bcf060f1 <unknown>\nE       #13 0x55c4bcf1ea92 <unknown>\nE       #14 0x55c4bceeafaf <unknown>\nE       #15 0x55c4bcf44e08 <unknown>\nE       #16 0x55c4bcf44fe0 <unknown>\nE       #17 0x55c4bcf54e04 <unknown>\nE       #18 0x7f8d8aa9c134 <unknown>\n\n/usr/local/lib/python3.11/site-packages/selenium/webdriver/remote/errorhandler.py:229: NoSuchElementException","steps":[{"name":"Добавляем товар в корзину в количестве 333","time":{"start":1714611226435,"stop":1714611226450,"duration":15},"status":"broken","statusMessage":"selenium.common.exceptions.NoSuchElementException: Message: no such element: Unable to locate element: {\"method\":\"xpath\",\"selector\":\"(//a[@class='add-to-cart yellow-btn'])[1]\"}\n  (Session info: chrome-headless-shell=124.0.6367.91); For documentation on this error, please visit: https://www.selenium.dev/documentation/webdriver/troubleshooting/errors#no-such-element-exception\nStacktrace:\n#0 0x55c4bcf55cb3 <unknown>\n#1 0x55c4bcc444a7 <unknown>\n#2 0x55c4bcc8f31d <unknown>\n#3 0x55c4bcc8f3d1 <unknown>\n#4 0x55c4bccd2734 <unknown>\n#5 0x55c4bccb143d <unknown>\n#6 0x55c4bcccfbe9 <unknown>\n#7 0x55c4bccb11b3 <unknown>\n#8 0x55c4bcc8224a <unknown>\n#9 0x55c4bcc82c1e <unknown>\n#10 0x55c4bcf19fdb <unknown>\n#11 0x55c4bcf1df2b <unknown>\n#12 0x55c4bcf060f1 <unknown>\n#13 0x55c4bcf1ea92 <unknown>\n#14 0x55c4bceeafaf <unknown>\n#15 0x55c4bcf44e08 <unknown>\n#16 0x55c4bcf44fe0 <unknown>\n#17 0x55c4bcf54e04 <unknown>\n#18 0x7f8d8aa9c134 <unknown>\n\n","statusTrace":"  File \"/usr/local/lib/python3.11/site-packages/allure_commons/_allure.py\", line 192, in impl\n    return func(*a, **kw)\n           ^^^^^^^^^^^^^^\n  File \"/app/pages/item_page.py\", line 40, in add_item_to_cart\n    self.find_element(self._add_item).click()\n    ^^^^^^^^^^^^^^^^^^^^^^^^^^^^^^^^^\n  File \"/app/base/seleniumbase.py\", line 17, in find_element\n    return self.driver.find_element(*locator)\n           ^^^^^^^^^^^^^^^^^^^^^^^^^^^^^^^^^^\n  File \"/usr/local/lib/python3.11/site-packages/selenium/webdriver/remote/webdriver.py\", line 739, in find_element\n    return self.execute(Command.FIND_ELEMENT, {\"using\": by, \"value\": value})[\"value\"]\n           ^^^^^^^^^^^^^^^^^^^^^^^^^^^^^^^^^^^^^^^^^^^^^^^^^^^^^^^^^^^^^^^^^\n  File \"/usr/local/lib/python3.11/site-packages/selenium/webdriver/remote/webdriver.py\", line 345, in execute\n    self.error_handler.check_response(response)\n  File \"/usr/local/lib/python3.11/site-packages/selenium/webdriver/remote/errorhandler.py\", line 229, in check_response\n    raise exception_class(message, screen, stacktrace)\n","steps":[],"attachments":[],"parameters":[{"name":"amount","value":"333"}],"shouldDisplayMessage":true,"stepsCount":0,"attachmentsCount":0,"hasContent":true,"attachmentStep":false}],"attachments":[{"uid":"dde31bdd147075f7","name":"Screenshot","source":"dde31bdd147075f7.png","type":"image/png","size":5862},{"uid":"da648eb7ee27997f","name":"HTML source","source":"da648eb7ee27997f.html","type":"text/html","size":39}],"parameters":[],"shouldDisplayMessage":true,"stepsCount":1,"attachmentsCount":2,"hasContent":true,"attachmentStep":false},"afterStages":[{"name":"setup::0","time":{"start":1714611226552,"stop":1714611226552,"duration":0},"status":"passed","steps":[],"attachments":[],"parameters":[],"shouldDisplayMessage":false,"stepsCount":0,"attachmentsCount":0,"hasContent":false,"attachmentStep":false},{"name":"driver::0","time":{"start":1714611226553,"stop":1714611226611,"duration":58},"status":"passed","steps":[],"attachments":[],"parameters":[],"shouldDisplayMessage":false,"stepsCount":0,"attachmentsCount":0,"hasContent":false,"attachmentStep":false}],"labels":[{"name":"epic","value":"Delivery Page - calculation"},{"name":"tag","value":"smoke_test"},{"name":"tag","value":"@pytest.mark.xfail"},{"name":"parentSuite","value":"tests.delivery"},{"name":"suite","value":"test_delivery_calculation"},{"name":"subSuite","value":"TestDeliveryPageCalculation"},{"name":"host","value":"d3048ecc6384"},{"name":"thread","value":"1-MainThread"},{"name":"framework","value":"pytest"},{"name":"language","value":"cpython3"},{"name":"package","value":"tests.delivery.test_delivery_calculation"},{"name":"resultFormat","value":"allure2"}],"parameters":[{"name":"all_time","value":"12500"},{"name":"amount","value":"333"},{"name":"case_id","value":"'TD 012'"},{"name":"in_time","value":"11990"},{"name":"link_item","value":"'products/shtukaturka-gipsovaya-aksolit-m50-30-kg-mashinnogo-naneseniya'"},{"name":"standard","value":"4450"},{"name":"url","value":"'https://sandboxtest.stroyrem-nn.ru/'"},{"name":"weight","value":"10000"}],"links":[],"hidden":false,"retry":false,"extra":{"severity":"normal","retries":[],"categories":[],"history":{"statistic":{"failed":0,"broken":13,"skipped":234,"passed":0,"unknown":0,"total":247},"items":[{"uid":"8706e4a0715a1a46","reportUrl":"https://Nat754.github.io/StroyremAutomation/294//#testresult/8706e4a0715a1a46","status":"skipped","statusDetails":"XFAIL\n\nselenium.common.exceptions.NoSuchElementException: Message: no such element: Unable to locate element: {\"method\":\"xpath\",\"selector\":\"(//a[@class='add-to-cart yellow-btn'])[1]\"}\n  (Session info: chrome-headless-shell=124.0.6367.91); For documentation on this error, please visit: https://www.selenium.dev/documentation/webdriver/troubleshooting/errors#no-such-element-exception\nStacktrace:\n#0 0x557c27577cb3 <unknown>\n#1 0x557c272664a7 <unknown>\n#2 0x557c272b131d <unknown>\n#3 0x557c272b13d1 <unknown>\n#4 0x557c272f4734 <unknown>\n#5 0x557c272d343d <unknown>\n#6 0x557c272f1be9 <unknown>\n#7 0x557c272d31b3 <unknown>\n#8 0x557c272a424a <unknown>\n#9 0x557c272a4c1e <unknown>\n#10 0x557c2753bfdb <unknown>\n#11 0x557c2753ff2b <unknown>\n#12 0x557c275280f1 <unknown>\n#13 0x557c27540a92 <unknown>\n#14 0x557c2750cfaf <unknown>\n#15 0x557c27566e08 <unknown>\n#16 0x557c27566fe0 <unknown>\n#17 0x557c27576e04 <unknown>\n#18 0x7f943220c134 <unknown>","time":{"start":1714525095849,"stop":1714525096144,"duration":295}},{"uid":"f23fedc3cc866c1a","reportUrl":"https://Nat754.github.io/StroyremAutomation/293//#testresult/f23fedc3cc866c1a","status":"skipped","statusDetails":"XFAIL\n\nselenium.common.exceptions.NoSuchElementException: Message: no such element: Unable to locate element: {\"method\":\"xpath\",\"selector\":\"(//a[@class='add-to-cart yellow-btn'])[1]\"}\n  (Session info: chrome-headless-shell=124.0.6367.91); For documentation on this error, please visit: https://www.selenium.dev/documentation/webdriver/troubleshooting/errors#no-such-element-exception\nStacktrace:\n#0 0x562d6602bcb3 <unknown>\n#1 0x562d65d1a4a7 <unknown>\n#2 0x562d65d6531d <unknown>\n#3 0x562d65d653d1 <unknown>\n#4 0x562d65da8734 <unknown>\n#5 0x562d65d8743d <unknown>\n#6 0x562d65da5be9 <unknown>\n#7 0x562d65d871b3 <unknown>\n#8 0x562d65d5824a <unknown>\n#9 0x562d65d58c1e <unknown>\n#10 0x562d65feffdb <unknown>\n#11 0x562d65ff3f2b <unknown>\n#12 0x562d65fdc0f1 <unknown>\n#13 0x562d65ff4a92 <unknown>\n#14 0x562d65fc0faf <unknown>\n#15 0x562d6601ae08 <unknown>\n#16 0x562d6601afe0 <unknown>\n#17 0x562d6602ae04 <unknown>\n#18 0x7f9672b04134 <unknown>","time":{"start":1714438449965,"stop":1714438450505,"duration":540}},{"uid":"2f36cd0090ac69cd","reportUrl":"https://Nat754.github.io/StroyremAutomation/292//#testresult/2f36cd0090ac69cd","status":"skipped","statusDetails":"XFAIL\n\nselenium.common.exceptions.NoSuchElementException: Message: no such element: Unable to locate element: {\"method\":\"xpath\",\"selector\":\"(//a[@class='add-to-cart yellow-btn'])[1]\"}\n  (Session info: chrome-headless-shell=124.0.6367.91); For documentation on this error, please visit: https://www.selenium.dev/documentation/webdriver/troubleshooting/errors#no-such-element-exception\nStacktrace:\n#0 0x559d97d9dcb3 <unknown>\n#1 0x559d97a8c4a7 <unknown>\n#2 0x559d97ad731d <unknown>\n#3 0x559d97ad73d1 <unknown>\n#4 0x559d97b1a734 <unknown>\n#5 0x559d97af943d <unknown>\n#6 0x559d97b17be9 <unknown>\n#7 0x559d97af91b3 <unknown>\n#8 0x559d97aca24a <unknown>\n#9 0x559d97acac1e <unknown>\n#10 0x559d97d61fdb <unknown>\n#11 0x559d97d65f2b <unknown>\n#12 0x559d97d4e0f1 <unknown>\n#13 0x559d97d66a92 <unknown>\n#14 0x559d97d32faf <unknown>\n#15 0x559d97d8ce08 <unknown>\n#16 0x559d97d8cfe0 <unknown>\n#17 0x559d97d9ce04 <unknown>\n#18 0x7fca73d36134 <unknown>","time":{"start":1714352142571,"stop":1714352142982,"duration":411}},{"uid":"8035cb61dca64c1d","reportUrl":"https://Nat754.github.io/StroyremAutomation/291//#testresult/8035cb61dca64c1d","status":"skipped","statusDetails":"XFAIL\n\nselenium.common.exceptions.NoSuchElementException: Message: no such element: Unable to locate element: {\"method\":\"xpath\",\"selector\":\"(//a[@class='add-to-cart yellow-btn'])[1]\"}\n  (Session info: chrome-headless-shell=124.0.6367.91); For documentation on this error, please visit: https://www.selenium.dev/documentation/webdriver/troubleshooting/errors#no-such-element-exception\nStacktrace:\n#0 0x55a3c24f6cb3 <unknown>\n#1 0x55a3c21e54a7 <unknown>\n#2 0x55a3c223031d <unknown>\n#3 0x55a3c22303d1 <unknown>\n#4 0x55a3c2273734 <unknown>\n#5 0x55a3c225243d <unknown>\n#6 0x55a3c2270be9 <unknown>\n#7 0x55a3c22521b3 <unknown>\n#8 0x55a3c222324a <unknown>\n#9 0x55a3c2223c1e <unknown>\n#10 0x55a3c24bafdb <unknown>\n#11 0x55a3c24bef2b <unknown>\n#12 0x55a3c24a70f1 <unknown>\n#13 0x55a3c24bfa92 <unknown>\n#14 0x55a3c248bfaf <unknown>\n#15 0x55a3c24e5e08 <unknown>\n#16 0x55a3c24e5fe0 <unknown>\n#17 0x55a3c24f5e04 <unknown>\n#18 0x7fe53bf6e134 <unknown>","time":{"start":1714265949299,"stop":1714265949687,"duration":388}},{"uid":"2a9d4ad2bd49f38e","reportUrl":"https://Nat754.github.io/StroyremAutomation/290//#testresult/2a9d4ad2bd49f38e","status":"skipped","statusDetails":"XFAIL\n\nselenium.common.exceptions.NoSuchElementException: Message: no such element: Unable to locate element: {\"method\":\"xpath\",\"selector\":\"(//a[@class='add-to-cart yellow-btn'])[1]\"}\n  (Session info: chrome-headless-shell=124.0.6367.91); For documentation on this error, please visit: https://www.selenium.dev/documentation/webdriver/troubleshooting/errors#no-such-element-exception\nStacktrace:\n#0 0x55fbe0ed4cb3 <unknown>\n#1 0x55fbe0bc34a7 <unknown>\n#2 0x55fbe0c0e31d <unknown>\n#3 0x55fbe0c0e3d1 <unknown>\n#4 0x55fbe0c51734 <unknown>\n#5 0x55fbe0c3043d <unknown>\n#6 0x55fbe0c4ebe9 <unknown>\n#7 0x55fbe0c301b3 <unknown>\n#8 0x55fbe0c0124a <unknown>\n#9 0x55fbe0c01c1e <unknown>\n#10 0x55fbe0e98fdb <unknown>\n#11 0x55fbe0e9cf2b <unknown>\n#12 0x55fbe0e850f1 <unknown>\n#13 0x55fbe0e9da92 <unknown>\n#14 0x55fbe0e69faf <unknown>\n#15 0x55fbe0ec3e08 <unknown>\n#16 0x55fbe0ec3fe0 <unknown>\n#17 0x55fbe0ed3e04 <unknown>\n#18 0x7fd59ad7a134 <unknown>","time":{"start":1714179250083,"stop":1714179250693,"duration":610}},{"uid":"367a04bed450a32f","reportUrl":"https://Nat754.github.io/StroyremAutomation/289//#testresult/367a04bed450a32f","status":"skipped","statusDetails":"XFAIL\n\nselenium.common.exceptions.NoSuchElementException: Message: no such element: Unable to locate element: {\"method\":\"xpath\",\"selector\":\"(//a[@class='add-to-cart yellow-btn'])[1]\"}\n  (Session info: chrome-headless-shell=124.0.6367.91); For documentation on this error, please visit: https://www.selenium.dev/documentation/webdriver/troubleshooting/errors#no-such-element-exception\nStacktrace:\n#0 0x55701f46fcb3 <unknown>\n#1 0x55701f15e4a7 <unknown>\n#2 0x55701f1a931d <unknown>\n#3 0x55701f1a93d1 <unknown>\n#4 0x55701f1ec734 <unknown>\n#5 0x55701f1cb43d <unknown>\n#6 0x55701f1e9be9 <unknown>\n#7 0x55701f1cb1b3 <unknown>\n#8 0x55701f19c24a <unknown>\n#9 0x55701f19cc1e <unknown>\n#10 0x55701f433fdb <unknown>\n#11 0x55701f437f2b <unknown>\n#12 0x55701f4200f1 <unknown>\n#13 0x55701f438a92 <unknown>\n#14 0x55701f404faf <unknown>\n#15 0x55701f45ee08 <unknown>\n#16 0x55701f45efe0 <unknown>\n#17 0x55701f46ee04 <unknown>\n#18 0x7fb642e0f134 <unknown>","time":{"start":1714092892977,"stop":1714092893415,"duration":438}},{"uid":"63c85ee7d822877","reportUrl":"https://Nat754.github.io/StroyremAutomation/288//#testresult/63c85ee7d822877","status":"skipped","statusDetails":"XFAIL\n\nselenium.common.exceptions.NoSuchElementException: Message: no such element: Unable to locate element: {\"method\":\"xpath\",\"selector\":\"(//a[@class='add-to-cart yellow-btn'])[1]\"}\n  (Session info: chrome-headless-shell=124.0.6367.78); For documentation on this error, please visit: https://www.selenium.dev/documentation/webdriver/troubleshooting/errors#no-such-element-exception\nStacktrace:\n#0 0x55a5d67e4ce3 <unknown>\n#1 0x55a5d64d34a7 <unknown>\n#2 0x55a5d651e31d <unknown>\n#3 0x55a5d651e3d1 <unknown>\n#4 0x55a5d6561734 <unknown>\n#5 0x55a5d654043d <unknown>\n#6 0x55a5d655ebe9 <unknown>\n#7 0x55a5d65401b3 <unknown>\n#8 0x55a5d651124a <unknown>\n#9 0x55a5d6511c1e <unknown>\n#10 0x55a5d67a900b <unknown>\n#11 0x55a5d67acf5b <unknown>\n#12 0x55a5d6795121 <unknown>\n#13 0x55a5d67adac2 <unknown>\n#14 0x55a5d6779fdf <unknown>\n#15 0x55a5d67d3e38 <unknown>\n#16 0x55a5d67d4010 <unknown>\n#17 0x55a5d67e3e34 <unknown>\n#18 0x7fa7533c4134 <unknown>","time":{"start":1714008233417,"stop":1714008233856,"duration":439}},{"uid":"bd2a04542026fc18","reportUrl":"https://Nat754.github.io/StroyremAutomation/287//#testresult/bd2a04542026fc18","status":"skipped","statusDetails":"XFAIL\n\nselenium.common.exceptions.NoSuchElementException: Message: no such element: Unable to locate element: {\"method\":\"xpath\",\"selector\":\"(//a[@class='add-to-cart yellow-btn'])[1]\"}\n  (Session info: chrome-headless-shell=124.0.6367.78); For documentation on this error, please visit: https://www.selenium.dev/documentation/webdriver/troubleshooting/errors#no-such-element-exception\nStacktrace:\n#0 0x561cf2653ce3 <unknown>\n#1 0x561cf23424a7 <unknown>\n#2 0x561cf238d31d <unknown>\n#3 0x561cf238d3d1 <unknown>\n#4 0x561cf23d0734 <unknown>\n#5 0x561cf23af43d <unknown>\n#6 0x561cf23cdbe9 <unknown>\n#7 0x561cf23af1b3 <unknown>\n#8 0x561cf238024a <unknown>\n#9 0x561cf2380c1e <unknown>\n#10 0x561cf261800b <unknown>\n#11 0x561cf261bf5b <unknown>\n#12 0x561cf2604121 <unknown>\n#13 0x561cf261cac2 <unknown>\n#14 0x561cf25e8fdf <unknown>\n#15 0x561cf2642e38 <unknown>\n#16 0x561cf2643010 <unknown>\n#17 0x561cf2652e34 <unknown>\n#18 0x7f0be805d134 <unknown>","time":{"start":1713920012002,"stop":1713920012556,"duration":554}},{"uid":"78bebdc3c6664750","reportUrl":"https://Nat754.github.io/StroyremAutomation/286//#testresult/78bebdc3c6664750","status":"skipped","statusDetails":"XFAIL\n\nselenium.common.exceptions.NoSuchElementException: Message: no such element: Unable to locate element: {\"method\":\"xpath\",\"selector\":\"(//a[@class='add-to-cart yellow-btn'])[1]\"}\n  (Session info: chrome-headless-shell=124.0.6367.60); For documentation on this error, please visit: https://www.selenium.dev/documentation/webdriver/troubleshooting/errors#no-such-element-exception\nStacktrace:\n#0 0x5641a6b58e33 <unknown>\n#1 0x5641a6848567 <unknown>\n#2 0x5641a689327d <unknown>\n#3 0x5641a6893331 <unknown>\n#4 0x5641a68d6624 <unknown>\n#5 0x5641a68b538d <unknown>\n#6 0x5641a68d3ae2 <unknown>\n#7 0x5641a68b5103 <unknown>\n#8 0x5641a68861ba <unknown>\n#9 0x5641a6886b8e <unknown>\n#10 0x5641a6b1d59b <unknown>\n#11 0x5641a6b2134b <unknown>\n#12 0x5641a6b09681 <unknown>\n#13 0x5641a6b21eb2 <unknown>\n#14 0x5641a6aee6af <unknown>\n#15 0x5641a6b48428 <unknown>\n#16 0x5641a6b48600 <unknown>\n#17 0x5641a6b57f84 <unknown>\n#18 0x7f435ccc4134 <unknown>","time":{"start":1713833658419,"stop":1713833658830,"duration":411}},{"uid":"dc5cd9b9ab2d037f","reportUrl":"https://Nat754.github.io/StroyremAutomation/285//#testresult/dc5cd9b9ab2d037f","status":"skipped","statusDetails":"XFAIL\n\nselenium.common.exceptions.NoSuchElementException: Message: no such element: Unable to locate element: {\"method\":\"xpath\",\"selector\":\"(//a[@class='add-to-cart yellow-btn'])[1]\"}\n  (Session info: chrome-headless-shell=123.0.6312.122); For documentation on this error, please visit: https://www.selenium.dev/documentation/webdriver/troubleshooting/errors#no-such-element-exception\nStacktrace:\n#0 0x5555666bb863 <unknown>\n#1 0x5555663b18c6 <unknown>\n#2 0x5555663fc618 <unknown>\n#3 0x5555663fc6d1 <unknown>\n#4 0x55556643f744 <unknown>\n#5 0x55556641e5cd <unknown>\n#6 0x55556643cc19 <unknown>\n#7 0x55556641e343 <unknown>\n#8 0x5555663ef593 <unknown>\n#9 0x5555663eff5e <unknown>\n#10 0x55556667f84b <unknown>\n#11 0x5555666837a5 <unknown>\n#12 0x55556666d571 <unknown>\n#13 0x555566684332 <unknown>\n#14 0x55556665287f <unknown>\n#15 0x5555666aa728 <unknown>\n#16 0x5555666aa8fb <unknown>\n#17 0x5555666ba9b4 <unknown>\n#18 0x7f9f51180134 <unknown>","time":{"start":1713747377534,"stop":1713747377970,"duration":436}},{"uid":"7681f8724d1b5c36","reportUrl":"https://Nat754.github.io/StroyremAutomation/284//#testresult/7681f8724d1b5c36","status":"skipped","statusDetails":"XFAIL\n\nselenium.common.exceptions.NoSuchElementException: Message: no such element: Unable to locate element: {\"method\":\"xpath\",\"selector\":\"(//a[@class='add-to-cart yellow-btn'])[1]\"}\n  (Session info: chrome-headless-shell=123.0.6312.122); For documentation on this error, please visit: https://www.selenium.dev/documentation/webdriver/troubleshooting/errors#no-such-element-exception\nStacktrace:\n#0 0x55934dc13863 <unknown>\n#1 0x55934d9098c6 <unknown>\n#2 0x55934d954618 <unknown>\n#3 0x55934d9546d1 <unknown>\n#4 0x55934d997744 <unknown>\n#5 0x55934d9765cd <unknown>\n#6 0x55934d994c19 <unknown>\n#7 0x55934d976343 <unknown>\n#8 0x55934d947593 <unknown>\n#9 0x55934d947f5e <unknown>\n#10 0x55934dbd784b <unknown>\n#11 0x55934dbdb7a5 <unknown>\n#12 0x55934dbc5571 <unknown>\n#13 0x55934dbdc332 <unknown>\n#14 0x55934dbaa87f <unknown>\n#15 0x55934dc02728 <unknown>\n#16 0x55934dc028fb <unknown>\n#17 0x55934dc129b4 <unknown>\n#18 0x7f7656ae5134 <unknown>","time":{"start":1713661083046,"stop":1713661083427,"duration":381}},{"uid":"8dfd7a2b08f82ca1","reportUrl":"https://Nat754.github.io/StroyremAutomation/283//#testresult/8dfd7a2b08f82ca1","status":"skipped","statusDetails":"XFAIL\n\nselenium.common.exceptions.NoSuchElementException: Message: no such element: Unable to locate element: {\"method\":\"xpath\",\"selector\":\"(//a[@class='add-to-cart yellow-btn'])[1]\"}\n  (Session info: chrome-headless-shell=123.0.6312.122); For documentation on this error, please visit: https://www.selenium.dev/documentation/webdriver/troubleshooting/errors#no-such-element-exception\nStacktrace:\n#0 0x5597d8106863 <unknown>\n#1 0x5597d7dfc8c6 <unknown>\n#2 0x5597d7e47618 <unknown>\n#3 0x5597d7e476d1 <unknown>\n#4 0x5597d7e8a744 <unknown>\n#5 0x5597d7e695cd <unknown>\n#6 0x5597d7e87c19 <unknown>\n#7 0x5597d7e69343 <unknown>\n#8 0x5597d7e3a593 <unknown>\n#9 0x5597d7e3af5e <unknown>\n#10 0x5597d80ca84b <unknown>\n#11 0x5597d80ce7a5 <unknown>\n#12 0x5597d80b8571 <unknown>\n#13 0x5597d80cf332 <unknown>\n#14 0x5597d809d87f <unknown>\n#15 0x5597d80f5728 <unknown>\n#16 0x5597d80f58fb <unknown>\n#17 0x5597d81059b4 <unknown>\n#18 0x7f2ca08b9134 <unknown>","time":{"start":1713574445251,"stop":1713574445666,"duration":415}},{"uid":"467c2b789c11f6f7","reportUrl":"https://Nat754.github.io/StroyremAutomation/282//#testresult/467c2b789c11f6f7","status":"skipped","statusDetails":"XFAIL\n\nselenium.common.exceptions.NoSuchElementException: Message: no such element: Unable to locate element: {\"method\":\"xpath\",\"selector\":\"(//a[@class='add-to-cart yellow-btn'])[1]\"}\n  (Session info: chrome-headless-shell=123.0.6312.122); For documentation on this error, please visit: https://www.selenium.dev/documentation/webdriver/troubleshooting/errors#no-such-element-exception\nStacktrace:\n#0 0x55ce7678d863 <unknown>\n#1 0x55ce764838c6 <unknown>\n#2 0x55ce764ce618 <unknown>\n#3 0x55ce764ce6d1 <unknown>\n#4 0x55ce76511744 <unknown>\n#5 0x55ce764f05cd <unknown>\n#6 0x55ce7650ec19 <unknown>\n#7 0x55ce764f0343 <unknown>\n#8 0x55ce764c1593 <unknown>\n#9 0x55ce764c1f5e <unknown>\n#10 0x55ce7675184b <unknown>\n#11 0x55ce767557a5 <unknown>\n#12 0x55ce7673f571 <unknown>\n#13 0x55ce76756332 <unknown>\n#14 0x55ce7672487f <unknown>\n#15 0x55ce7677c728 <unknown>\n#16 0x55ce7677c8fb <unknown>\n#17 0x55ce7678c9b4 <unknown>\n#18 0x7f66dc074134 <unknown>","time":{"start":1713487986847,"stop":1713487987135,"duration":288}},{"uid":"21127bf4e538eae3","reportUrl":"https://Nat754.github.io/StroyremAutomation/281//#testresult/21127bf4e538eae3","status":"skipped","statusDetails":"XFAIL\n\nselenium.common.exceptions.NoSuchElementException: Message: no such element: Unable to locate element: {\"method\":\"xpath\",\"selector\":\"(//a[@class='add-to-cart yellow-btn'])[1]\"}\n  (Session info: chrome-headless-shell=123.0.6312.122); For documentation on this error, please visit: https://www.selenium.dev/documentation/webdriver/troubleshooting/errors#no-such-element-exception\nStacktrace:\n#0 0x55c56d1e7863 <unknown>\n#1 0x55c56cedd8c6 <unknown>\n#2 0x55c56cf28618 <unknown>\n#3 0x55c56cf286d1 <unknown>\n#4 0x55c56cf6b744 <unknown>\n#5 0x55c56cf4a5cd <unknown>\n#6 0x55c56cf68c19 <unknown>\n#7 0x55c56cf4a343 <unknown>\n#8 0x55c56cf1b593 <unknown>\n#9 0x55c56cf1bf5e <unknown>\n#10 0x55c56d1ab84b <unknown>\n#11 0x55c56d1af7a5 <unknown>\n#12 0x55c56d199571 <unknown>\n#13 0x55c56d1b0332 <unknown>\n#14 0x55c56d17e87f <unknown>\n#15 0x55c56d1d6728 <unknown>\n#16 0x55c56d1d68fb <unknown>\n#17 0x55c56d1e69b4 <unknown>\n#18 0x7fd34002e134 <unknown>","time":{"start":1713401545241,"stop":1713401545538,"duration":297}},{"uid":"df04b07c302b567a","reportUrl":"https://Nat754.github.io/StroyremAutomation/280//#testresult/df04b07c302b567a","status":"skipped","statusDetails":"XFAIL\n\nselenium.common.exceptions.NoSuchElementException: Message: no such element: Unable to locate element: {\"method\":\"xpath\",\"selector\":\"(//a[@class='add-to-cart yellow-btn'])[1]\"}\n  (Session info: chrome-headless-shell=123.0.6312.122); For documentation on this error, please visit: https://www.selenium.dev/documentation/webdriver/troubleshooting/errors#no-such-element-exception\nStacktrace:\n#0 0x55d726760863 <unknown>\n#1 0x55d7264568c6 <unknown>\n#2 0x55d7264a1618 <unknown>\n#3 0x55d7264a16d1 <unknown>\n#4 0x55d7264e4744 <unknown>\n#5 0x55d7264c35cd <unknown>\n#6 0x55d7264e1c19 <unknown>\n#7 0x55d7264c3343 <unknown>\n#8 0x55d726494593 <unknown>\n#9 0x55d726494f5e <unknown>\n#10 0x55d72672484b <unknown>\n#11 0x55d7267287a5 <unknown>\n#12 0x55d726712571 <unknown>\n#13 0x55d726729332 <unknown>\n#14 0x55d7266f787f <unknown>\n#15 0x55d72674f728 <unknown>\n#16 0x55d72674f8fb <unknown>\n#17 0x55d72675f9b4 <unknown>\n#18 0x7fd1d983c134 <unknown>","time":{"start":1713315247738,"stop":1713315248027,"duration":289}},{"uid":"3a6d2e6c0e8850f","reportUrl":"https://Nat754.github.io/StroyremAutomation/279//#testresult/3a6d2e6c0e8850f","status":"skipped","statusDetails":"XFAIL\n\nselenium.common.exceptions.NoSuchElementException: Message: no such element: Unable to locate element: {\"method\":\"xpath\",\"selector\":\"(//a[@class='add-to-cart yellow-btn'])[1]\"}\n  (Session info: chrome-headless-shell=123.0.6312.122); For documentation on this error, please visit: https://www.selenium.dev/documentation/webdriver/troubleshooting/errors#no-such-element-exception\nStacktrace:\n#0 0x55828bc19863 <unknown>\n#1 0x55828b90f8c6 <unknown>\n#2 0x55828b95a618 <unknown>\n#3 0x55828b95a6d1 <unknown>\n#4 0x55828b99d744 <unknown>\n#5 0x55828b97c5cd <unknown>\n#6 0x55828b99ac19 <unknown>\n#7 0x55828b97c343 <unknown>\n#8 0x55828b94d593 <unknown>\n#9 0x55828b94df5e <unknown>\n#10 0x55828bbdd84b <unknown>\n#11 0x55828bbe17a5 <unknown>\n#12 0x55828bbcb571 <unknown>\n#13 0x55828bbe2332 <unknown>\n#14 0x55828bbb087f <unknown>\n#15 0x55828bc08728 <unknown>\n#16 0x55828bc088fb <unknown>\n#17 0x55828bc189b4 <unknown>\n#18 0x7fe052374134 <unknown>","time":{"start":1713228735627,"stop":1713228735920,"duration":293}},{"uid":"746f1f009abb870d","reportUrl":"https://Nat754.github.io/StroyremAutomation/278//#testresult/746f1f009abb870d","status":"skipped","statusDetails":"XFAIL\n\nselenium.common.exceptions.NoSuchElementException: Message: no such element: Unable to locate element: {\"method\":\"xpath\",\"selector\":\"(//a[@class='add-to-cart yellow-btn'])[1]\"}\n  (Session info: chrome-headless-shell=123.0.6312.122); For documentation on this error, please visit: https://www.selenium.dev/documentation/webdriver/troubleshooting/errors#no-such-element-exception\nStacktrace:\n#0 0x557ffa0d2863 <unknown>\n#1 0x557ff9dc88c6 <unknown>\n#2 0x557ff9e13618 <unknown>\n#3 0x557ff9e136d1 <unknown>\n#4 0x557ff9e56744 <unknown>\n#5 0x557ff9e355cd <unknown>\n#6 0x557ff9e53c19 <unknown>\n#7 0x557ff9e35343 <unknown>\n#8 0x557ff9e06593 <unknown>\n#9 0x557ff9e06f5e <unknown>\n#10 0x557ffa09684b <unknown>\n#11 0x557ffa09a7a5 <unknown>\n#12 0x557ffa084571 <unknown>\n#13 0x557ffa09b332 <unknown>\n#14 0x557ffa06987f <unknown>\n#15 0x557ffa0c1728 <unknown>\n#16 0x557ffa0c18fb <unknown>\n#17 0x557ffa0d19b4 <unknown>\n#18 0x7f39b1e48134 <unknown>","time":{"start":1713151083812,"stop":1713151084142,"duration":330}},{"uid":"a01d7ca285069696","reportUrl":"https://Nat754.github.io/StroyremAutomation/277//#testresult/a01d7ca285069696","status":"skipped","statusDetails":"XFAIL\n\nselenium.common.exceptions.NoSuchElementException: Message: no such element: Unable to locate element: {\"method\":\"xpath\",\"selector\":\"(//a[@class='add-to-cart yellow-btn'])[1]\"}\n  (Session info: chrome-headless-shell=123.0.6312.122); For documentation on this error, please visit: https://www.selenium.dev/documentation/webdriver/troubleshooting/errors#no-such-element-exception\nStacktrace:\n#0 0x563c28a05863 <unknown>\n#1 0x563c286fb8c6 <unknown>\n#2 0x563c28746618 <unknown>\n#3 0x563c287466d1 <unknown>\n#4 0x563c28789744 <unknown>\n#5 0x563c287685cd <unknown>\n#6 0x563c28786c19 <unknown>\n#7 0x563c28768343 <unknown>\n#8 0x563c28739593 <unknown>\n#9 0x563c28739f5e <unknown>\n#10 0x563c289c984b <unknown>\n#11 0x563c289cd7a5 <unknown>\n#12 0x563c289b7571 <unknown>\n#13 0x563c289ce332 <unknown>\n#14 0x563c2899c87f <unknown>\n#15 0x563c289f4728 <unknown>\n#16 0x563c289f48fb <unknown>\n#17 0x563c28a049b4 <unknown>\n#18 0x7fce39744134 <unknown>","time":{"start":1713056997256,"stop":1713056997581,"duration":325}},{"uid":"aeb971aa638039a9","reportUrl":"https://Nat754.github.io/StroyremAutomation/276//#testresult/aeb971aa638039a9","status":"skipped","statusDetails":"XFAIL\n\nselenium.common.exceptions.NoSuchElementException: Message: no such element: Unable to locate element: {\"method\":\"xpath\",\"selector\":\"(//a[@class='add-to-cart yellow-btn'])[1]\"}\n  (Session info: chrome-headless-shell=123.0.6312.122); For documentation on this error, please visit: https://www.selenium.dev/documentation/webdriver/troubleshooting/errors#no-such-element-exception\nStacktrace:\n#0 0x55b40ece4863 <unknown>\n#1 0x55b40e9da8c6 <unknown>\n#2 0x55b40ea25618 <unknown>\n#3 0x55b40ea256d1 <unknown>\n#4 0x55b40ea68744 <unknown>\n#5 0x55b40ea475cd <unknown>\n#6 0x55b40ea65c19 <unknown>\n#7 0x55b40ea47343 <unknown>\n#8 0x55b40ea18593 <unknown>\n#9 0x55b40ea18f5e <unknown>\n#10 0x55b40eca884b <unknown>\n#11 0x55b40ecac7a5 <unknown>\n#12 0x55b40ec96571 <unknown>\n#13 0x55b40ecad332 <unknown>\n#14 0x55b40ec7b87f <unknown>\n#15 0x55b40ecd3728 <unknown>\n#16 0x55b40ecd38fb <unknown>\n#17 0x55b40ece39b4 <unknown>\n#18 0x7f58c6e3d134 <unknown>","time":{"start":1712969088862,"stop":1712969089325,"duration":463}},{"uid":"735f6929c5bede2d","reportUrl":"https://Nat754.github.io/StroyremAutomation/275//#testresult/735f6929c5bede2d","status":"skipped","statusDetails":"XFAIL\n\nselenium.common.exceptions.NoSuchElementException: Message: no such element: Unable to locate element: {\"method\":\"xpath\",\"selector\":\"(//a[@class='add-to-cart yellow-btn'])[1]\"}\n  (Session info: chrome-headless-shell=123.0.6312.122); For documentation on this error, please visit: https://www.selenium.dev/documentation/webdriver/troubleshooting/errors#no-such-element-exception\nStacktrace:\n#0 0x55ee67900863 <unknown>\n#1 0x55ee675f68c6 <unknown>\n#2 0x55ee67641618 <unknown>\n#3 0x55ee676416d1 <unknown>\n#4 0x55ee67684744 <unknown>\n#5 0x55ee676635cd <unknown>\n#6 0x55ee67681c19 <unknown>\n#7 0x55ee67663343 <unknown>\n#8 0x55ee67634593 <unknown>\n#9 0x55ee67634f5e <unknown>\n#10 0x55ee678c484b <unknown>\n#11 0x55ee678c87a5 <unknown>\n#12 0x55ee678b2571 <unknown>\n#13 0x55ee678c9332 <unknown>\n#14 0x55ee6789787f <unknown>\n#15 0x55ee678ef728 <unknown>\n#16 0x55ee678ef8fb <unknown>\n#17 0x55ee678ff9b4 <unknown>\n#18 0x7f36f32bd134 <unknown>","time":{"start":1712883176730,"stop":1712883177134,"duration":404}}]},"tags":["@pytest.mark.xfail","smoke_test"]},"source":"c28a6352ae5d8168.json","parameterValues":["12500","333","'TD 012'","11990","'products/shtukaturka-gipsovaya-aksolit-m50-30-kg-mashinnogo-naneseniya'","4450","'https://sandboxtest.stroyrem-nn.ru/'","10000"]}