{"uid":"398d0759ac9d8ece","name":"TC 007 - Проверка функциональности ссылки 'Строительные советы'","fullName":"tests.test_main_page.TestMainPage#test_positive_footer_building_advices_smoke","historyId":"e1043e7d837394f182066b4573261622","time":{"start":1693097471752,"stop":1693097471772,"duration":20},"status":"broken","statusMessage":"selenium.common.exceptions.NoSuchElementException: Message: no such element: Unable to locate element: {\"method\":\"xpath\",\"selector\":\"(//a[@href='/articles'])[3]\"}\n  (Session info: headless chrome=116.0.5845.96); For documentation on this error, please visit: https://www.selenium.dev/documentation/webdriver/troubleshooting/errors#no-such-element-exception\nStacktrace:\n#0 0x558b13f5be23 <unknown>\n#1 0x558b13c847a7 <unknown>\n#2 0x558b13cc31d3 <unknown>\n#3 0x558b13cc32c1 <unknown>\n#4 0x558b13cfea04 <unknown>\n#5 0x558b13ce403d <unknown>\n#6 0x558b13cfc369 <unknown>\n#7 0x558b13ce3de3 <unknown>\n#8 0x558b13cb7a7b <unknown>\n#9 0x558b13cb881e <unknown>\n#10 0x558b13f1d638 <unknown>\n#11 0x558b13f21507 <unknown>\n#12 0x558b13f2bc4c <unknown>\n#13 0x558b13f22136 <unknown>\n#14 0x558b13ef09cf <unknown>\n#15 0x558b13f45b98 <unknown>\n#16 0x558b13f45d68 <unknown>\n#17 0x558b13f54cb3 <unknown>\n#18 0x7f06bf1e0044 <unknown>","statusTrace":"self = <tests.test_main_page.TestMainPage object at 0x7f46e8374090>\nmain_page = <pages.main_page.MainPage object at 0x7f46e9004f10>\n\n    @allure.feature(\"Footer functionality\")\n    @allure.title(\"TC 007 - Проверка функциональности ссылки 'Строительные советы'\")\n    @pytest.mark.smoke_test\n    def test_positive_footer_building_advices_smoke(self, main_page):\n        articles_page = ArticlesPage(main_page.driver)\n>       main_page.check_building_tips_link()\n\ntests/test_main_page.py:75: \n_ _ _ _ _ _ _ _ _ _ _ _ _ _ _ _ _ _ _ _ _ _ _ _ _ _ _ _ _ _ _ _ _ _ _ _ _ _ _ _ \npages/main_page.py:110: in check_building_tips_link\n    self.driver.find_element(*self._building_advices_link).click()\n/usr/local/lib/python3.11/site-packages/selenium/webdriver/remote/webdriver.py:740: in find_element\n    return self.execute(Command.FIND_ELEMENT, {\"using\": by, \"value\": value})[\"value\"]\n/usr/local/lib/python3.11/site-packages/selenium/webdriver/remote/webdriver.py:346: in execute\n    self.error_handler.check_response(response)\n_ _ _ _ _ _ _ _ _ _ _ _ _ _ _ _ _ _ _ _ _ _ _ _ _ _ _ _ _ _ _ _ _ _ _ _ _ _ _ _ \n\nself = <selenium.webdriver.remote.errorhandler.ErrorHandler object at 0x7f46e8eabe10>\nresponse = {'status': 404, 'value': '{\"value\":{\"error\":\"no such element\",\"message\":\"no such element: Unable to locate element: {\\...\\\\n#16 0x558b13f45d68 \\\\u003Cunknown>\\\\n#17 0x558b13f54cb3 \\\\u003Cunknown>\\\\n#18 0x7f06bf1e0044 \\\\u003Cunknown>\\\\n\"}}'}\n\n    def check_response(self, response: Dict[str, Any]) -> None:\n        \"\"\"Checks that a JSON response from the WebDriver does not have an\n        error.\n    \n        :Args:\n         - response - The JSON response from the WebDriver server as a dictionary\n           object.\n    \n        :Raises: If the response contains an error message.\n        \"\"\"\n        status = response.get(\"status\", None)\n        if not status or status == ErrorCode.SUCCESS:\n            return\n        value = None\n        message = response.get(\"message\", \"\")\n        screen: str = response.get(\"screen\", \"\")\n        stacktrace = None\n        if isinstance(status, int):\n            value_json = response.get(\"value\", None)\n            if value_json and isinstance(value_json, str):\n                import json\n    \n                try:\n                    value = json.loads(value_json)\n                    if len(value) == 1:\n                        value = value[\"value\"]\n                    status = value.get(\"error\", None)\n                    if not status:\n                        status = value.get(\"status\", ErrorCode.UNKNOWN_ERROR)\n                        message = value.get(\"value\") or value.get(\"message\")\n                        if not isinstance(message, str):\n                            value = message\n                            message = message.get(\"message\")\n                    else:\n                        message = value.get(\"message\", None)\n                except ValueError:\n                    pass\n    \n        exception_class: Type[WebDriverException]\n        if status in ErrorCode.NO_SUCH_ELEMENT:\n            exception_class = NoSuchElementException\n        elif status in ErrorCode.NO_SUCH_FRAME:\n            exception_class = NoSuchFrameException\n        elif status in ErrorCode.NO_SUCH_SHADOW_ROOT:\n            exception_class = NoSuchShadowRootException\n        elif status in ErrorCode.NO_SUCH_WINDOW:\n            exception_class = NoSuchWindowException\n        elif status in ErrorCode.STALE_ELEMENT_REFERENCE:\n            exception_class = StaleElementReferenceException\n        elif status in ErrorCode.ELEMENT_NOT_VISIBLE:\n            exception_class = ElementNotVisibleException\n        elif status in ErrorCode.INVALID_ELEMENT_STATE:\n            exception_class = InvalidElementStateException\n        elif (\n            status in ErrorCode.INVALID_SELECTOR\n            or status in ErrorCode.INVALID_XPATH_SELECTOR\n            or status in ErrorCode.INVALID_XPATH_SELECTOR_RETURN_TYPER\n        ):\n            exception_class = InvalidSelectorException\n        elif status in ErrorCode.ELEMENT_IS_NOT_SELECTABLE:\n            exception_class = ElementNotSelectableException\n        elif status in ErrorCode.ELEMENT_NOT_INTERACTABLE:\n            exception_class = ElementNotInteractableException\n        elif status in ErrorCode.INVALID_COOKIE_DOMAIN:\n            exception_class = InvalidCookieDomainException\n        elif status in ErrorCode.UNABLE_TO_SET_COOKIE:\n            exception_class = UnableToSetCookieException\n        elif status in ErrorCode.TIMEOUT:\n            exception_class = TimeoutException\n        elif status in ErrorCode.SCRIPT_TIMEOUT:\n            exception_class = TimeoutException\n        elif status in ErrorCode.UNKNOWN_ERROR:\n            exception_class = WebDriverException\n        elif status in ErrorCode.UNEXPECTED_ALERT_OPEN:\n            exception_class = UnexpectedAlertPresentException\n        elif status in ErrorCode.NO_ALERT_OPEN:\n            exception_class = NoAlertPresentException\n        elif status in ErrorCode.IME_NOT_AVAILABLE:\n            exception_class = ImeNotAvailableException\n        elif status in ErrorCode.IME_ENGINE_ACTIVATION_FAILED:\n            exception_class = ImeActivationFailedException\n        elif status in ErrorCode.MOVE_TARGET_OUT_OF_BOUNDS:\n            exception_class = MoveTargetOutOfBoundsException\n        elif status in ErrorCode.JAVASCRIPT_ERROR:\n            exception_class = JavascriptException\n        elif status in ErrorCode.SESSION_NOT_CREATED:\n            exception_class = SessionNotCreatedException\n        elif status in ErrorCode.INVALID_ARGUMENT:\n            exception_class = InvalidArgumentException\n        elif status in ErrorCode.NO_SUCH_COOKIE:\n            exception_class = NoSuchCookieException\n        elif status in ErrorCode.UNABLE_TO_CAPTURE_SCREEN:\n            exception_class = ScreenshotException\n        elif status in ErrorCode.ELEMENT_CLICK_INTERCEPTED:\n            exception_class = ElementClickInterceptedException\n        elif status in ErrorCode.INSECURE_CERTIFICATE:\n            exception_class = InsecureCertificateException\n        elif status in ErrorCode.INVALID_COORDINATES:\n            exception_class = InvalidCoordinatesException\n        elif status in ErrorCode.INVALID_SESSION_ID:\n            exception_class = InvalidSessionIdException\n        elif status in ErrorCode.UNKNOWN_METHOD:\n            exception_class = UnknownMethodException\n        else:\n            exception_class = WebDriverException\n        if not value:\n            value = response[\"value\"]\n        if isinstance(value, str):\n            raise exception_class(value)\n        if message == \"\" and \"message\" in value:\n            message = value[\"message\"]\n    \n        screen = None  # type: ignore[assignment]\n        if \"screen\" in value:\n            screen = value[\"screen\"]\n    \n        stacktrace = None\n        st_value = value.get(\"stackTrace\") or value.get(\"stacktrace\")\n        if st_value:\n            if isinstance(st_value, str):\n                stacktrace = st_value.split(\"\\n\")\n            else:\n                stacktrace = []\n                try:\n                    for frame in st_value:\n                        line = frame.get(\"lineNumber\", \"\")\n                        file = frame.get(\"fileName\", \"<anonymous>\")\n                        if line:\n                            file = f\"{file}:{line}\"\n                        meth = frame.get(\"methodName\", \"<anonymous>\")\n                        if \"className\" in frame:\n                            meth = f\"{frame['className']}.{meth}\"\n                        msg = \"    at %s (%s)\"\n                        msg = msg % (meth, file)\n                        stacktrace.append(msg)\n                except TypeError:\n                    pass\n        if exception_class == UnexpectedAlertPresentException:\n            alert_text = None\n            if \"data\" in value:\n                alert_text = value[\"data\"].get(\"text\")\n            elif \"alert\" in value:\n                alert_text = value[\"alert\"].get(\"text\")\n            raise exception_class(message, screen, stacktrace, alert_text)  # type: ignore[call-arg]  # mypy is not smart enough here\n>       raise exception_class(message, screen, stacktrace)\nE       selenium.common.exceptions.NoSuchElementException: Message: no such element: Unable to locate element: {\"method\":\"xpath\",\"selector\":\"(//a[@href='/articles'])[3]\"}\nE         (Session info: headless chrome=116.0.5845.96); For documentation on this error, please visit: https://www.selenium.dev/documentation/webdriver/troubleshooting/errors#no-such-element-exception\nE       Stacktrace:\nE       #0 0x558b13f5be23 <unknown>\nE       #1 0x558b13c847a7 <unknown>\nE       #2 0x558b13cc31d3 <unknown>\nE       #3 0x558b13cc32c1 <unknown>\nE       #4 0x558b13cfea04 <unknown>\nE       #5 0x558b13ce403d <unknown>\nE       #6 0x558b13cfc369 <unknown>\nE       #7 0x558b13ce3de3 <unknown>\nE       #8 0x558b13cb7a7b <unknown>\nE       #9 0x558b13cb881e <unknown>\nE       #10 0x558b13f1d638 <unknown>\nE       #11 0x558b13f21507 <unknown>\nE       #12 0x558b13f2bc4c <unknown>\nE       #13 0x558b13f22136 <unknown>\nE       #14 0x558b13ef09cf <unknown>\nE       #15 0x558b13f45b98 <unknown>\nE       #16 0x558b13f45d68 <unknown>\nE       #17 0x558b13f54cb3 <unknown>\nE       #18 0x7f06bf1e0044 <unknown>\n\n/usr/local/lib/python3.11/site-packages/selenium/webdriver/remote/errorhandler.py:245: NoSuchElementException","flaky":false,"newFailed":false,"newBroken":true,"newPassed":false,"retriesCount":0,"retriesStatusChange":false,"beforeStages":[{"name":"_session_faker","time":{"start":1693097360784,"stop":1693097360887,"duration":103},"status":"passed","steps":[],"attachments":[],"parameters":[],"stepsCount":0,"attachmentsCount":0,"shouldDisplayMessage":false,"hasContent":false},{"name":"clear_allure_results_folder","time":{"start":1693097360887,"stop":1693097360887,"duration":0},"status":"passed","steps":[],"attachments":[],"parameters":[],"stepsCount":0,"attachmentsCount":0,"shouldDisplayMessage":false,"hasContent":false},{"name":"driver","time":{"start":1693097470388,"stop":1693097471205,"duration":817},"status":"passed","steps":[],"attachments":[],"parameters":[],"stepsCount":0,"attachmentsCount":0,"shouldDisplayMessage":false,"hasContent":false},{"name":"setup","time":{"start":1693097471205,"stop":1693097471205,"duration":0},"status":"passed","steps":[],"attachments":[],"parameters":[],"stepsCount":0,"attachmentsCount":0,"shouldDisplayMessage":false,"hasContent":false},{"name":"main_page","time":{"start":1693097471206,"stop":1693097471751,"duration":545},"status":"passed","steps":[],"attachments":[],"parameters":[],"stepsCount":0,"attachmentsCount":0,"shouldDisplayMessage":false,"hasContent":false}],"testStage":{"status":"broken","statusMessage":"selenium.common.exceptions.NoSuchElementException: Message: no such element: Unable to locate element: {\"method\":\"xpath\",\"selector\":\"(//a[@href='/articles'])[3]\"}\n  (Session info: headless chrome=116.0.5845.96); For documentation on this error, please visit: https://www.selenium.dev/documentation/webdriver/troubleshooting/errors#no-such-element-exception\nStacktrace:\n#0 0x558b13f5be23 <unknown>\n#1 0x558b13c847a7 <unknown>\n#2 0x558b13cc31d3 <unknown>\n#3 0x558b13cc32c1 <unknown>\n#4 0x558b13cfea04 <unknown>\n#5 0x558b13ce403d <unknown>\n#6 0x558b13cfc369 <unknown>\n#7 0x558b13ce3de3 <unknown>\n#8 0x558b13cb7a7b <unknown>\n#9 0x558b13cb881e <unknown>\n#10 0x558b13f1d638 <unknown>\n#11 0x558b13f21507 <unknown>\n#12 0x558b13f2bc4c <unknown>\n#13 0x558b13f22136 <unknown>\n#14 0x558b13ef09cf <unknown>\n#15 0x558b13f45b98 <unknown>\n#16 0x558b13f45d68 <unknown>\n#17 0x558b13f54cb3 <unknown>\n#18 0x7f06bf1e0044 <unknown>","statusTrace":"self = <tests.test_main_page.TestMainPage object at 0x7f46e8374090>\nmain_page = <pages.main_page.MainPage object at 0x7f46e9004f10>\n\n    @allure.feature(\"Footer functionality\")\n    @allure.title(\"TC 007 - Проверка функциональности ссылки 'Строительные советы'\")\n    @pytest.mark.smoke_test\n    def test_positive_footer_building_advices_smoke(self, main_page):\n        articles_page = ArticlesPage(main_page.driver)\n>       main_page.check_building_tips_link()\n\ntests/test_main_page.py:75: \n_ _ _ _ _ _ _ _ _ _ _ _ _ _ _ _ _ _ _ _ _ _ _ _ _ _ _ _ _ _ _ _ _ _ _ _ _ _ _ _ \npages/main_page.py:110: in check_building_tips_link\n    self.driver.find_element(*self._building_advices_link).click()\n/usr/local/lib/python3.11/site-packages/selenium/webdriver/remote/webdriver.py:740: in find_element\n    return self.execute(Command.FIND_ELEMENT, {\"using\": by, \"value\": value})[\"value\"]\n/usr/local/lib/python3.11/site-packages/selenium/webdriver/remote/webdriver.py:346: in execute\n    self.error_handler.check_response(response)\n_ _ _ _ _ _ _ _ _ _ _ _ _ _ _ _ _ _ _ _ _ _ _ _ _ _ _ _ _ _ _ _ _ _ _ _ _ _ _ _ \n\nself = <selenium.webdriver.remote.errorhandler.ErrorHandler object at 0x7f46e8eabe10>\nresponse = {'status': 404, 'value': '{\"value\":{\"error\":\"no such element\",\"message\":\"no such element: Unable to locate element: {\\...\\\\n#16 0x558b13f45d68 \\\\u003Cunknown>\\\\n#17 0x558b13f54cb3 \\\\u003Cunknown>\\\\n#18 0x7f06bf1e0044 \\\\u003Cunknown>\\\\n\"}}'}\n\n    def check_response(self, response: Dict[str, Any]) -> None:\n        \"\"\"Checks that a JSON response from the WebDriver does not have an\n        error.\n    \n        :Args:\n         - response - The JSON response from the WebDriver server as a dictionary\n           object.\n    \n        :Raises: If the response contains an error message.\n        \"\"\"\n        status = response.get(\"status\", None)\n        if not status or status == ErrorCode.SUCCESS:\n            return\n        value = None\n        message = response.get(\"message\", \"\")\n        screen: str = response.get(\"screen\", \"\")\n        stacktrace = None\n        if isinstance(status, int):\n            value_json = response.get(\"value\", None)\n            if value_json and isinstance(value_json, str):\n                import json\n    \n                try:\n                    value = json.loads(value_json)\n                    if len(value) == 1:\n                        value = value[\"value\"]\n                    status = value.get(\"error\", None)\n                    if not status:\n                        status = value.get(\"status\", ErrorCode.UNKNOWN_ERROR)\n                        message = value.get(\"value\") or value.get(\"message\")\n                        if not isinstance(message, str):\n                            value = message\n                            message = message.get(\"message\")\n                    else:\n                        message = value.get(\"message\", None)\n                except ValueError:\n                    pass\n    \n        exception_class: Type[WebDriverException]\n        if status in ErrorCode.NO_SUCH_ELEMENT:\n            exception_class = NoSuchElementException\n        elif status in ErrorCode.NO_SUCH_FRAME:\n            exception_class = NoSuchFrameException\n        elif status in ErrorCode.NO_SUCH_SHADOW_ROOT:\n            exception_class = NoSuchShadowRootException\n        elif status in ErrorCode.NO_SUCH_WINDOW:\n            exception_class = NoSuchWindowException\n        elif status in ErrorCode.STALE_ELEMENT_REFERENCE:\n            exception_class = StaleElementReferenceException\n        elif status in ErrorCode.ELEMENT_NOT_VISIBLE:\n            exception_class = ElementNotVisibleException\n        elif status in ErrorCode.INVALID_ELEMENT_STATE:\n            exception_class = InvalidElementStateException\n        elif (\n            status in ErrorCode.INVALID_SELECTOR\n            or status in ErrorCode.INVALID_XPATH_SELECTOR\n            or status in ErrorCode.INVALID_XPATH_SELECTOR_RETURN_TYPER\n        ):\n            exception_class = InvalidSelectorException\n        elif status in ErrorCode.ELEMENT_IS_NOT_SELECTABLE:\n            exception_class = ElementNotSelectableException\n        elif status in ErrorCode.ELEMENT_NOT_INTERACTABLE:\n            exception_class = ElementNotInteractableException\n        elif status in ErrorCode.INVALID_COOKIE_DOMAIN:\n            exception_class = InvalidCookieDomainException\n        elif status in ErrorCode.UNABLE_TO_SET_COOKIE:\n            exception_class = UnableToSetCookieException\n        elif status in ErrorCode.TIMEOUT:\n            exception_class = TimeoutException\n        elif status in ErrorCode.SCRIPT_TIMEOUT:\n            exception_class = TimeoutException\n        elif status in ErrorCode.UNKNOWN_ERROR:\n            exception_class = WebDriverException\n        elif status in ErrorCode.UNEXPECTED_ALERT_OPEN:\n            exception_class = UnexpectedAlertPresentException\n        elif status in ErrorCode.NO_ALERT_OPEN:\n            exception_class = NoAlertPresentException\n        elif status in ErrorCode.IME_NOT_AVAILABLE:\n            exception_class = ImeNotAvailableException\n        elif status in ErrorCode.IME_ENGINE_ACTIVATION_FAILED:\n            exception_class = ImeActivationFailedException\n        elif status in ErrorCode.MOVE_TARGET_OUT_OF_BOUNDS:\n            exception_class = MoveTargetOutOfBoundsException\n        elif status in ErrorCode.JAVASCRIPT_ERROR:\n            exception_class = JavascriptException\n        elif status in ErrorCode.SESSION_NOT_CREATED:\n            exception_class = SessionNotCreatedException\n        elif status in ErrorCode.INVALID_ARGUMENT:\n            exception_class = InvalidArgumentException\n        elif status in ErrorCode.NO_SUCH_COOKIE:\n            exception_class = NoSuchCookieException\n        elif status in ErrorCode.UNABLE_TO_CAPTURE_SCREEN:\n            exception_class = ScreenshotException\n        elif status in ErrorCode.ELEMENT_CLICK_INTERCEPTED:\n            exception_class = ElementClickInterceptedException\n        elif status in ErrorCode.INSECURE_CERTIFICATE:\n            exception_class = InsecureCertificateException\n        elif status in ErrorCode.INVALID_COORDINATES:\n            exception_class = InvalidCoordinatesException\n        elif status in ErrorCode.INVALID_SESSION_ID:\n            exception_class = InvalidSessionIdException\n        elif status in ErrorCode.UNKNOWN_METHOD:\n            exception_class = UnknownMethodException\n        else:\n            exception_class = WebDriverException\n        if not value:\n            value = response[\"value\"]\n        if isinstance(value, str):\n            raise exception_class(value)\n        if message == \"\" and \"message\" in value:\n            message = value[\"message\"]\n    \n        screen = None  # type: ignore[assignment]\n        if \"screen\" in value:\n            screen = value[\"screen\"]\n    \n        stacktrace = None\n        st_value = value.get(\"stackTrace\") or value.get(\"stacktrace\")\n        if st_value:\n            if isinstance(st_value, str):\n                stacktrace = st_value.split(\"\\n\")\n            else:\n                stacktrace = []\n                try:\n                    for frame in st_value:\n                        line = frame.get(\"lineNumber\", \"\")\n                        file = frame.get(\"fileName\", \"<anonymous>\")\n                        if line:\n                            file = f\"{file}:{line}\"\n                        meth = frame.get(\"methodName\", \"<anonymous>\")\n                        if \"className\" in frame:\n                            meth = f\"{frame['className']}.{meth}\"\n                        msg = \"    at %s (%s)\"\n                        msg = msg % (meth, file)\n                        stacktrace.append(msg)\n                except TypeError:\n                    pass\n        if exception_class == UnexpectedAlertPresentException:\n            alert_text = None\n            if \"data\" in value:\n                alert_text = value[\"data\"].get(\"text\")\n            elif \"alert\" in value:\n                alert_text = value[\"alert\"].get(\"text\")\n            raise exception_class(message, screen, stacktrace, alert_text)  # type: ignore[call-arg]  # mypy is not smart enough here\n>       raise exception_class(message, screen, stacktrace)\nE       selenium.common.exceptions.NoSuchElementException: Message: no such element: Unable to locate element: {\"method\":\"xpath\",\"selector\":\"(//a[@href='/articles'])[3]\"}\nE         (Session info: headless chrome=116.0.5845.96); For documentation on this error, please visit: https://www.selenium.dev/documentation/webdriver/troubleshooting/errors#no-such-element-exception\nE       Stacktrace:\nE       #0 0x558b13f5be23 <unknown>\nE       #1 0x558b13c847a7 <unknown>\nE       #2 0x558b13cc31d3 <unknown>\nE       #3 0x558b13cc32c1 <unknown>\nE       #4 0x558b13cfea04 <unknown>\nE       #5 0x558b13ce403d <unknown>\nE       #6 0x558b13cfc369 <unknown>\nE       #7 0x558b13ce3de3 <unknown>\nE       #8 0x558b13cb7a7b <unknown>\nE       #9 0x558b13cb881e <unknown>\nE       #10 0x558b13f1d638 <unknown>\nE       #11 0x558b13f21507 <unknown>\nE       #12 0x558b13f2bc4c <unknown>\nE       #13 0x558b13f22136 <unknown>\nE       #14 0x558b13ef09cf <unknown>\nE       #15 0x558b13f45b98 <unknown>\nE       #16 0x558b13f45d68 <unknown>\nE       #17 0x558b13f54cb3 <unknown>\nE       #18 0x7f06bf1e0044 <unknown>\n\n/usr/local/lib/python3.11/site-packages/selenium/webdriver/remote/errorhandler.py:245: NoSuchElementException","steps":[{"name":"Проверка функциональности ссылки 'Строительные советы'","time":{"start":1693097471752,"stop":1693097471771,"duration":19},"status":"broken","statusMessage":"selenium.common.exceptions.NoSuchElementException: Message: no such element: Unable to locate element: {\"method\":\"xpath\",\"selector\":\"(//a[@href='/articles'])[3]\"}\n  (Session info: headless chrome=116.0.5845.96); For documentation on this error, please visit: https://www.selenium.dev/documentation/webdriver/troubleshooting/errors#no-such-element-exception\nStacktrace:\n#0 0x558b13f5be23 <unknown>\n#1 0x558b13c847a7 <unknown>\n#2 0x558b13cc31d3 <unknown>\n#3 0x558b13cc32c1 <unknown>\n#4 0x558b13cfea04 <unknown>\n#5 0x558b13ce403d <unknown>\n#6 0x558b13cfc369 <unknown>\n#7 0x558b13ce3de3 <unknown>\n#8 0x558b13cb7a7b <unknown>\n#9 0x558b13cb881e <unknown>\n#10 0x558b13f1d638 <unknown>\n#11 0x558b13f21507 <unknown>\n#12 0x558b13f2bc4c <unknown>\n#13 0x558b13f22136 <unknown>\n#14 0x558b13ef09cf <unknown>\n#15 0x558b13f45b98 <unknown>\n#16 0x558b13f45d68 <unknown>\n#17 0x558b13f54cb3 <unknown>\n#18 0x7f06bf1e0044 <unknown>\n\n","statusTrace":"  File \"/usr/local/lib/python3.11/site-packages/allure_commons/_allure.py\", line 192, in impl\n    return func(*a, **kw)\n           ^^^^^^^^^^^^^^\n  File \"/app/pages/main_page.py\", line 110, in check_building_tips_link\n    self.driver.find_element(*self._building_advices_link).click()\n    ^^^^^^^^^^^^^^^^^^^^^^^^^^^^^^^^^^^^^^^^^^^^^^^^^^^^^^\n  File \"/usr/local/lib/python3.11/site-packages/selenium/webdriver/remote/webdriver.py\", line 740, in find_element\n    return self.execute(Command.FIND_ELEMENT, {\"using\": by, \"value\": value})[\"value\"]\n           ^^^^^^^^^^^^^^^^^^^^^^^^^^^^^^^^^^^^^^^^^^^^^^^^^^^^^^^^^^^^^^^^^\n  File \"/usr/local/lib/python3.11/site-packages/selenium/webdriver/remote/webdriver.py\", line 346, in execute\n    self.error_handler.check_response(response)\n  File \"/usr/local/lib/python3.11/site-packages/selenium/webdriver/remote/errorhandler.py\", line 245, in check_response\n    raise exception_class(message, screen, stacktrace)\n","steps":[],"attachments":[],"parameters":[],"stepsCount":0,"attachmentsCount":0,"shouldDisplayMessage":true,"hasContent":true}],"attachments":[{"uid":"869fd72a122d8a","name":"Screenshot","source":"869fd72a122d8a.png","type":"image/png","size":5862},{"uid":"13c195745999dc01","name":"HTML source","source":"13c195745999dc01.html","type":"text/html","size":39}],"parameters":[],"stepsCount":1,"attachmentsCount":2,"shouldDisplayMessage":true,"hasContent":true},"afterStages":[{"name":"driver::0","time":{"start":1693097471916,"stop":1693097471974,"duration":58},"status":"passed","steps":[],"attachments":[],"parameters":[],"stepsCount":0,"attachmentsCount":0,"shouldDisplayMessage":false,"hasContent":false},{"name":"setup::0","time":{"start":1693097471916,"stop":1693097471916,"duration":0},"status":"passed","steps":[],"attachments":[],"parameters":[],"stepsCount":0,"attachmentsCount":0,"shouldDisplayMessage":false,"hasContent":false}],"labels":[{"name":"feature","value":"Footer functionality"},{"name":"epic","value":"Main Page"},{"name":"tag","value":"smoke_test"},{"name":"parentSuite","value":"tests"},{"name":"suite","value":"test_main_page"},{"name":"subSuite","value":"TestMainPage"},{"name":"host","value":"356b7c651075"},{"name":"thread","value":"1-MainThread"},{"name":"framework","value":"pytest"},{"name":"language","value":"cpython3"},{"name":"package","value":"tests.test_main_page"},{"name":"resultFormat","value":"allure2"}],"parameters":[{"name":"url","value":"'https://test2.stroyrem-nn.ru/'"}],"links":[],"hidden":false,"retry":false,"extra":{"severity":"normal","retries":[],"categories":[{"name":"Test defects","matchedStatuses":[],"flaky":false}],"history":{"statistic":{"failed":0,"broken":3,"skipped":0,"passed":31,"unknown":0,"total":34},"items":[{"uid":"4f71d4228ca9ed5f","reportUrl":"https://Nat754.github.io/StroyremAutomation/38//#testresult/4f71d4228ca9ed5f","status":"passed","time":{"start":1693031259280,"stop":1693031260972,"duration":1692}},{"uid":"c31064dc3a7b1109","reportUrl":"https://Nat754.github.io/StroyremAutomation/38//#testresult/c31064dc3a7b1109","status":"passed","time":{"start":1693010837405,"stop":1693010839844,"duration":2439}},{"uid":"1d3b0e235270885e","reportUrl":"https://Nat754.github.io/StroyremAutomation/37//#testresult/1d3b0e235270885e","status":"passed","time":{"start":1692966228917,"stop":1692966231683,"duration":2766}},{"uid":"fc8e22a8c39a9b8f","reportUrl":"https://Nat754.github.io/StroyremAutomation/36//#testresult/fc8e22a8c39a9b8f","status":"passed","time":{"start":1692838038791,"stop":1692838040708,"duration":1917}},{"uid":"200e25ebd2bbff27","reportUrl":"https://Nat754.github.io/StroyremAutomation/35//#testresult/200e25ebd2bbff27","status":"passed","time":{"start":1692810957823,"stop":1692810960240,"duration":2417}},{"uid":"80f6598abca8efe8","reportUrl":"https://Nat754.github.io/StroyremAutomation/35//#testresult/80f6598abca8efe8","status":"broken","statusDetails":"selenium.common.exceptions.NoSuchElementException: Message: no such element: Unable to locate element: {\"method\":\"xpath\",\"selector\":\"(//a[@href='/articles'])[3]\"}\n  (Session info: headless chrome=116.0.5845.96); For documentation on this error, please visit: https://www.selenium.dev/documentation/webdriver/troubleshooting/errors#no-such-element-exception\nStacktrace:\n#0 0x55adf891ee23 <unknown>\n#1 0x55adf86477a7 <unknown>\n#2 0x55adf86861d3 <unknown>\n#3 0x55adf86862c1 <unknown>\n#4 0x55adf86c1a04 <unknown>\n#5 0x55adf86a703d <unknown>\n#6 0x55adf86bf369 <unknown>\n#7 0x55adf86a6de3 <unknown>\n#8 0x55adf867aa7b <unknown>\n#9 0x55adf867b81e <unknown>\n#10 0x55adf88e0638 <unknown>\n#11 0x55adf88e4507 <unknown>\n#12 0x55adf88eec4c <unknown>\n#13 0x55adf88e5136 <unknown>\n#14 0x55adf88b39cf <unknown>\n#15 0x55adf8908b98 <unknown>\n#16 0x55adf8908d68 <unknown>\n#17 0x55adf8917cb3 <unknown>\n#18 0x7f99af124044 <unknown>","time":{"start":1692751667880,"stop":1692751667897,"duration":17}},{"uid":"93f38628d66f2604","reportUrl":"https://Nat754.github.io/StroyremAutomation/34//#testresult/93f38628d66f2604","status":"broken","statusDetails":"selenium.common.exceptions.NoSuchElementException: Message: no such element: Unable to locate element: {\"method\":\"xpath\",\"selector\":\"(//a[@href='/articles'])[3]\"}\n  (Session info: headless chrome=116.0.5845.96); For documentation on this error, please visit: https://www.selenium.dev/documentation/webdriver/troubleshooting/errors#no-such-element-exception\nStacktrace:\n#0 0x55a41d807e23 <unknown>\n#1 0x55a41d5307a7 <unknown>\n#2 0x55a41d56f1d3 <unknown>\n#3 0x55a41d56f2c1 <unknown>\n#4 0x55a41d5aaa04 <unknown>\n#5 0x55a41d59003d <unknown>\n#6 0x55a41d5a8369 <unknown>\n#7 0x55a41d58fde3 <unknown>\n#8 0x55a41d563a7b <unknown>\n#9 0x55a41d56481e <unknown>\n#10 0x55a41d7c9638 <unknown>\n#11 0x55a41d7cd507 <unknown>\n#12 0x55a41d7d7c4c <unknown>\n#13 0x55a41d7ce136 <unknown>\n#14 0x55a41d79c9cf <unknown>\n#15 0x55a41d7f1b98 <unknown>\n#16 0x55a41d7f1d68 <unknown>\n#17 0x55a41d800cb3 <unknown>\n#18 0x7f1abc458044 <unknown>","time":{"start":1692723659255,"stop":1692723659276,"duration":21}},{"uid":"ceae3f7d092acef8","reportUrl":"https://Nat754.github.io/StroyremAutomation/34//#testresult/ceae3f7d092acef8","status":"passed","time":{"start":1692720782927,"stop":1692720785506,"duration":2579}},{"uid":"fd4cb870d204ab49","reportUrl":"https://Nat754.github.io/StroyremAutomation/34//#testresult/fd4cb870d204ab49","status":"passed","time":{"start":1692717790601,"stop":1692717793351,"duration":2750}},{"uid":"99f1ad2759ae1acc","reportUrl":"https://Nat754.github.io/StroyremAutomation/34//#testresult/99f1ad2759ae1acc","status":"passed","time":{"start":1692665291074,"stop":1692665293141,"duration":2067}},{"uid":"39727cc6b3d24fff","reportUrl":"https://Nat754.github.io/StroyremAutomation/33//#testresult/39727cc6b3d24fff","status":"passed","time":{"start":1692578884809,"stop":1692578886861,"duration":2052}},{"uid":"c1937aba013ca748","reportUrl":"https://Nat754.github.io/StroyremAutomation/31//#testresult/c1937aba013ca748","status":"passed","time":{"start":1692567145019,"stop":1692567147664,"duration":2645}},{"uid":"ae1261af0f2df7b1","reportUrl":"https://Nat754.github.io/StroyremAutomation/32//#testresult/ae1261af0f2df7b1","status":"passed","time":{"start":1692565367490,"stop":1692565369469,"duration":1979}},{"uid":"636c0ce48b1b7dac","reportUrl":"https://Nat754.github.io/StroyremAutomation/27//#testresult/636c0ce48b1b7dac","status":"passed","time":{"start":1692060513063,"stop":1692060515520,"duration":2457}},{"uid":"2a389a6bf082ada4","reportUrl":"https://Nat754.github.io/StroyremAutomation/26//#testresult/2a389a6bf082ada4","status":"passed","time":{"start":1691974125164,"stop":1691974126986,"duration":1822}},{"uid":"4544209068e74972","reportUrl":"https://Nat754.github.io/StroyremAutomation/25//#testresult/4544209068e74972","status":"passed","time":{"start":1691887795656,"stop":1691887797432,"duration":1776}},{"uid":"6b441b027ad19f1c","reportUrl":"https://Nat754.github.io/StroyremAutomation/24//#testresult/6b441b027ad19f1c","status":"passed","time":{"start":1691801157474,"stop":1691801159262,"duration":1788}},{"uid":"57dfb49e5bc44746","reportUrl":"https://Nat754.github.io/StroyremAutomation/23//#testresult/57dfb49e5bc44746","status":"passed","time":{"start":1691714809557,"stop":1691714811369,"duration":1812}},{"uid":"c092bcecb2e25f40","reportUrl":"https://Nat754.github.io/StroyremAutomation/22//#testresult/c092bcecb2e25f40","status":"passed","time":{"start":1691629156698,"stop":1691629158614,"duration":1916}},{"uid":"6fb43ec9d0b085fe","reportUrl":"https://Nat754.github.io/StroyremAutomation/21//#testresult/6fb43ec9d0b085fe","status":"passed","time":{"start":1691542713723,"stop":1691542715816,"duration":2093}}]},"tags":["smoke_test"]},"source":"398d0759ac9d8ece.json","parameterValues":["'https://test2.stroyrem-nn.ru/'"]}