{"uid":"ddd43efc73f19daa","name":"TC 004 - Функционал блока 'Советы от профессионалов ремонта'","fullName":"tests.test_main_page.TestMainPage#test_positive_building_advices1_smoke","historyId":"8f74894ce1cb6b6ad9bcc58447cc610b","time":{"start":1693097425281,"stop":1693097425302,"duration":21},"status":"broken","statusMessage":"selenium.common.exceptions.NoSuchElementException: Message: no such element: Unable to locate element: {\"method\":\"xpath\",\"selector\":\"//div[@class='page-block articles-block']\"}\n  (Session info: headless chrome=116.0.5845.96); For documentation on this error, please visit: https://www.selenium.dev/documentation/webdriver/troubleshooting/errors#no-such-element-exception\nStacktrace:\n#0 0x55cc31d04e23 <unknown>\n#1 0x55cc31a2d7a7 <unknown>\n#2 0x55cc31a6c1d3 <unknown>\n#3 0x55cc31a6c2c1 <unknown>\n#4 0x55cc31aa7a04 <unknown>\n#5 0x55cc31a8d03d <unknown>\n#6 0x55cc31aa5369 <unknown>\n#7 0x55cc31a8cde3 <unknown>\n#8 0x55cc31a60a7b <unknown>\n#9 0x55cc31a6181e <unknown>\n#10 0x55cc31cc6638 <unknown>\n#11 0x55cc31cca507 <unknown>\n#12 0x55cc31cd4c4c <unknown>\n#13 0x55cc31ccb136 <unknown>\n#14 0x55cc31c999cf <unknown>\n#15 0x55cc31ceeb98 <unknown>\n#16 0x55cc31ceed68 <unknown>\n#17 0x55cc31cfdcb3 <unknown>\n#18 0x7f0651c91044 <unknown>","statusTrace":"self = <tests.test_main_page.TestMainPage object at 0x7f46e837fd50>\nmain_page = <pages.main_page.MainPage object at 0x7f46e840b190>\n\n    @allure.title(\"TC 004 - Функционал блока 'Советы от профессионалов ремонта'\")\n    @pytest.mark.smoke_test\n    def test_positive_building_advices1_smoke(self, main_page):\n>       items = main_page.get_building_advices_section()\n\ntests/test_main_page.py:45: \n_ _ _ _ _ _ _ _ _ _ _ _ _ _ _ _ _ _ _ _ _ _ _ _ _ _ _ _ _ _ _ _ _ _ _ _ _ _ _ _ \npages/main_page.py:78: in get_building_advices_section\n    section = self.driver.find_element(*self._building_advices_section)\n/usr/local/lib/python3.11/site-packages/selenium/webdriver/remote/webdriver.py:740: in find_element\n    return self.execute(Command.FIND_ELEMENT, {\"using\": by, \"value\": value})[\"value\"]\n/usr/local/lib/python3.11/site-packages/selenium/webdriver/remote/webdriver.py:346: in execute\n    self.error_handler.check_response(response)\n_ _ _ _ _ _ _ _ _ _ _ _ _ _ _ _ _ _ _ _ _ _ _ _ _ _ _ _ _ _ _ _ _ _ _ _ _ _ _ _ \n\nself = <selenium.webdriver.remote.errorhandler.ErrorHandler object at 0x7f46e8440f90>\nresponse = {'status': 404, 'value': '{\"value\":{\"error\":\"no such element\",\"message\":\"no such element: Unable to locate element: {\\...\\\\n#16 0x55cc31ceed68 \\\\u003Cunknown>\\\\n#17 0x55cc31cfdcb3 \\\\u003Cunknown>\\\\n#18 0x7f0651c91044 \\\\u003Cunknown>\\\\n\"}}'}\n\n    def check_response(self, response: Dict[str, Any]) -> None:\n        \"\"\"Checks that a JSON response from the WebDriver does not have an\n        error.\n    \n        :Args:\n         - response - The JSON response from the WebDriver server as a dictionary\n           object.\n    \n        :Raises: If the response contains an error message.\n        \"\"\"\n        status = response.get(\"status\", None)\n        if not status or status == ErrorCode.SUCCESS:\n            return\n        value = None\n        message = response.get(\"message\", \"\")\n        screen: str = response.get(\"screen\", \"\")\n        stacktrace = None\n        if isinstance(status, int):\n            value_json = response.get(\"value\", None)\n            if value_json and isinstance(value_json, str):\n                import json\n    \n                try:\n                    value = json.loads(value_json)\n                    if len(value) == 1:\n                        value = value[\"value\"]\n                    status = value.get(\"error\", None)\n                    if not status:\n                        status = value.get(\"status\", ErrorCode.UNKNOWN_ERROR)\n                        message = value.get(\"value\") or value.get(\"message\")\n                        if not isinstance(message, str):\n                            value = message\n                            message = message.get(\"message\")\n                    else:\n                        message = value.get(\"message\", None)\n                except ValueError:\n                    pass\n    \n        exception_class: Type[WebDriverException]\n        if status in ErrorCode.NO_SUCH_ELEMENT:\n            exception_class = NoSuchElementException\n        elif status in ErrorCode.NO_SUCH_FRAME:\n            exception_class = NoSuchFrameException\n        elif status in ErrorCode.NO_SUCH_SHADOW_ROOT:\n            exception_class = NoSuchShadowRootException\n        elif status in ErrorCode.NO_SUCH_WINDOW:\n            exception_class = NoSuchWindowException\n        elif status in ErrorCode.STALE_ELEMENT_REFERENCE:\n            exception_class = StaleElementReferenceException\n        elif status in ErrorCode.ELEMENT_NOT_VISIBLE:\n            exception_class = ElementNotVisibleException\n        elif status in ErrorCode.INVALID_ELEMENT_STATE:\n            exception_class = InvalidElementStateException\n        elif (\n            status in ErrorCode.INVALID_SELECTOR\n            or status in ErrorCode.INVALID_XPATH_SELECTOR\n            or status in ErrorCode.INVALID_XPATH_SELECTOR_RETURN_TYPER\n        ):\n            exception_class = InvalidSelectorException\n        elif status in ErrorCode.ELEMENT_IS_NOT_SELECTABLE:\n            exception_class = ElementNotSelectableException\n        elif status in ErrorCode.ELEMENT_NOT_INTERACTABLE:\n            exception_class = ElementNotInteractableException\n        elif status in ErrorCode.INVALID_COOKIE_DOMAIN:\n            exception_class = InvalidCookieDomainException\n        elif status in ErrorCode.UNABLE_TO_SET_COOKIE:\n            exception_class = UnableToSetCookieException\n        elif status in ErrorCode.TIMEOUT:\n            exception_class = TimeoutException\n        elif status in ErrorCode.SCRIPT_TIMEOUT:\n            exception_class = TimeoutException\n        elif status in ErrorCode.UNKNOWN_ERROR:\n            exception_class = WebDriverException\n        elif status in ErrorCode.UNEXPECTED_ALERT_OPEN:\n            exception_class = UnexpectedAlertPresentException\n        elif status in ErrorCode.NO_ALERT_OPEN:\n            exception_class = NoAlertPresentException\n        elif status in ErrorCode.IME_NOT_AVAILABLE:\n            exception_class = ImeNotAvailableException\n        elif status in ErrorCode.IME_ENGINE_ACTIVATION_FAILED:\n            exception_class = ImeActivationFailedException\n        elif status in ErrorCode.MOVE_TARGET_OUT_OF_BOUNDS:\n            exception_class = MoveTargetOutOfBoundsException\n        elif status in ErrorCode.JAVASCRIPT_ERROR:\n            exception_class = JavascriptException\n        elif status in ErrorCode.SESSION_NOT_CREATED:\n            exception_class = SessionNotCreatedException\n        elif status in ErrorCode.INVALID_ARGUMENT:\n            exception_class = InvalidArgumentException\n        elif status in ErrorCode.NO_SUCH_COOKIE:\n            exception_class = NoSuchCookieException\n        elif status in ErrorCode.UNABLE_TO_CAPTURE_SCREEN:\n            exception_class = ScreenshotException\n        elif status in ErrorCode.ELEMENT_CLICK_INTERCEPTED:\n            exception_class = ElementClickInterceptedException\n        elif status in ErrorCode.INSECURE_CERTIFICATE:\n            exception_class = InsecureCertificateException\n        elif status in ErrorCode.INVALID_COORDINATES:\n            exception_class = InvalidCoordinatesException\n        elif status in ErrorCode.INVALID_SESSION_ID:\n            exception_class = InvalidSessionIdException\n        elif status in ErrorCode.UNKNOWN_METHOD:\n            exception_class = UnknownMethodException\n        else:\n            exception_class = WebDriverException\n        if not value:\n            value = response[\"value\"]\n        if isinstance(value, str):\n            raise exception_class(value)\n        if message == \"\" and \"message\" in value:\n            message = value[\"message\"]\n    \n        screen = None  # type: ignore[assignment]\n        if \"screen\" in value:\n            screen = value[\"screen\"]\n    \n        stacktrace = None\n        st_value = value.get(\"stackTrace\") or value.get(\"stacktrace\")\n        if st_value:\n            if isinstance(st_value, str):\n                stacktrace = st_value.split(\"\\n\")\n            else:\n                stacktrace = []\n                try:\n                    for frame in st_value:\n                        line = frame.get(\"lineNumber\", \"\")\n                        file = frame.get(\"fileName\", \"<anonymous>\")\n                        if line:\n                            file = f\"{file}:{line}\"\n                        meth = frame.get(\"methodName\", \"<anonymous>\")\n                        if \"className\" in frame:\n                            meth = f\"{frame['className']}.{meth}\"\n                        msg = \"    at %s (%s)\"\n                        msg = msg % (meth, file)\n                        stacktrace.append(msg)\n                except TypeError:\n                    pass\n        if exception_class == UnexpectedAlertPresentException:\n            alert_text = None\n            if \"data\" in value:\n                alert_text = value[\"data\"].get(\"text\")\n            elif \"alert\" in value:\n                alert_text = value[\"alert\"].get(\"text\")\n            raise exception_class(message, screen, stacktrace, alert_text)  # type: ignore[call-arg]  # mypy is not smart enough here\n>       raise exception_class(message, screen, stacktrace)\nE       selenium.common.exceptions.NoSuchElementException: Message: no such element: Unable to locate element: {\"method\":\"xpath\",\"selector\":\"//div[@class='page-block articles-block']\"}\nE         (Session info: headless chrome=116.0.5845.96); For documentation on this error, please visit: https://www.selenium.dev/documentation/webdriver/troubleshooting/errors#no-such-element-exception\nE       Stacktrace:\nE       #0 0x55cc31d04e23 <unknown>\nE       #1 0x55cc31a2d7a7 <unknown>\nE       #2 0x55cc31a6c1d3 <unknown>\nE       #3 0x55cc31a6c2c1 <unknown>\nE       #4 0x55cc31aa7a04 <unknown>\nE       #5 0x55cc31a8d03d <unknown>\nE       #6 0x55cc31aa5369 <unknown>\nE       #7 0x55cc31a8cde3 <unknown>\nE       #8 0x55cc31a60a7b <unknown>\nE       #9 0x55cc31a6181e <unknown>\nE       #10 0x55cc31cc6638 <unknown>\nE       #11 0x55cc31cca507 <unknown>\nE       #12 0x55cc31cd4c4c <unknown>\nE       #13 0x55cc31ccb136 <unknown>\nE       #14 0x55cc31c999cf <unknown>\nE       #15 0x55cc31ceeb98 <unknown>\nE       #16 0x55cc31ceed68 <unknown>\nE       #17 0x55cc31cfdcb3 <unknown>\nE       #18 0x7f0651c91044 <unknown>\n\n/usr/local/lib/python3.11/site-packages/selenium/webdriver/remote/errorhandler.py:245: NoSuchElementException","flaky":false,"newFailed":false,"newBroken":true,"newPassed":false,"retriesCount":0,"retriesStatusChange":false,"beforeStages":[{"name":"_session_faker","time":{"start":1693097360784,"stop":1693097360887,"duration":103},"status":"passed","steps":[],"attachments":[],"parameters":[],"stepsCount":0,"attachmentsCount":0,"shouldDisplayMessage":false,"hasContent":false},{"name":"clear_allure_results_folder","time":{"start":1693097360887,"stop":1693097360887,"duration":0},"status":"passed","steps":[],"attachments":[],"parameters":[],"stepsCount":0,"attachmentsCount":0,"shouldDisplayMessage":false,"hasContent":false},{"name":"driver","time":{"start":1693097423765,"stop":1693097424576,"duration":811},"status":"passed","steps":[],"attachments":[],"parameters":[],"stepsCount":0,"attachmentsCount":0,"shouldDisplayMessage":false,"hasContent":false},{"name":"setup","time":{"start":1693097424576,"stop":1693097424576,"duration":0},"status":"passed","steps":[],"attachments":[],"parameters":[],"stepsCount":0,"attachmentsCount":0,"shouldDisplayMessage":false,"hasContent":false},{"name":"main_page","time":{"start":1693097424577,"stop":1693097425281,"duration":704},"status":"passed","steps":[],"attachments":[],"parameters":[],"stepsCount":0,"attachmentsCount":0,"shouldDisplayMessage":false,"hasContent":false}],"testStage":{"status":"broken","statusMessage":"selenium.common.exceptions.NoSuchElementException: Message: no such element: Unable to locate element: {\"method\":\"xpath\",\"selector\":\"//div[@class='page-block articles-block']\"}\n  (Session info: headless chrome=116.0.5845.96); For documentation on this error, please visit: https://www.selenium.dev/documentation/webdriver/troubleshooting/errors#no-such-element-exception\nStacktrace:\n#0 0x55cc31d04e23 <unknown>\n#1 0x55cc31a2d7a7 <unknown>\n#2 0x55cc31a6c1d3 <unknown>\n#3 0x55cc31a6c2c1 <unknown>\n#4 0x55cc31aa7a04 <unknown>\n#5 0x55cc31a8d03d <unknown>\n#6 0x55cc31aa5369 <unknown>\n#7 0x55cc31a8cde3 <unknown>\n#8 0x55cc31a60a7b <unknown>\n#9 0x55cc31a6181e <unknown>\n#10 0x55cc31cc6638 <unknown>\n#11 0x55cc31cca507 <unknown>\n#12 0x55cc31cd4c4c <unknown>\n#13 0x55cc31ccb136 <unknown>\n#14 0x55cc31c999cf <unknown>\n#15 0x55cc31ceeb98 <unknown>\n#16 0x55cc31ceed68 <unknown>\n#17 0x55cc31cfdcb3 <unknown>\n#18 0x7f0651c91044 <unknown>","statusTrace":"self = <tests.test_main_page.TestMainPage object at 0x7f46e837fd50>\nmain_page = <pages.main_page.MainPage object at 0x7f46e840b190>\n\n    @allure.title(\"TC 004 - Функционал блока 'Советы от профессионалов ремонта'\")\n    @pytest.mark.smoke_test\n    def test_positive_building_advices1_smoke(self, main_page):\n>       items = main_page.get_building_advices_section()\n\ntests/test_main_page.py:45: \n_ _ _ _ _ _ _ _ _ _ _ _ _ _ _ _ _ _ _ _ _ _ _ _ _ _ _ _ _ _ _ _ _ _ _ _ _ _ _ _ \npages/main_page.py:78: in get_building_advices_section\n    section = self.driver.find_element(*self._building_advices_section)\n/usr/local/lib/python3.11/site-packages/selenium/webdriver/remote/webdriver.py:740: in find_element\n    return self.execute(Command.FIND_ELEMENT, {\"using\": by, \"value\": value})[\"value\"]\n/usr/local/lib/python3.11/site-packages/selenium/webdriver/remote/webdriver.py:346: in execute\n    self.error_handler.check_response(response)\n_ _ _ _ _ _ _ _ _ _ _ _ _ _ _ _ _ _ _ _ _ _ _ _ _ _ _ _ _ _ _ _ _ _ _ _ _ _ _ _ \n\nself = <selenium.webdriver.remote.errorhandler.ErrorHandler object at 0x7f46e8440f90>\nresponse = {'status': 404, 'value': '{\"value\":{\"error\":\"no such element\",\"message\":\"no such element: Unable to locate element: {\\...\\\\n#16 0x55cc31ceed68 \\\\u003Cunknown>\\\\n#17 0x55cc31cfdcb3 \\\\u003Cunknown>\\\\n#18 0x7f0651c91044 \\\\u003Cunknown>\\\\n\"}}'}\n\n    def check_response(self, response: Dict[str, Any]) -> None:\n        \"\"\"Checks that a JSON response from the WebDriver does not have an\n        error.\n    \n        :Args:\n         - response - The JSON response from the WebDriver server as a dictionary\n           object.\n    \n        :Raises: If the response contains an error message.\n        \"\"\"\n        status = response.get(\"status\", None)\n        if not status or status == ErrorCode.SUCCESS:\n            return\n        value = None\n        message = response.get(\"message\", \"\")\n        screen: str = response.get(\"screen\", \"\")\n        stacktrace = None\n        if isinstance(status, int):\n            value_json = response.get(\"value\", None)\n            if value_json and isinstance(value_json, str):\n                import json\n    \n                try:\n                    value = json.loads(value_json)\n                    if len(value) == 1:\n                        value = value[\"value\"]\n                    status = value.get(\"error\", None)\n                    if not status:\n                        status = value.get(\"status\", ErrorCode.UNKNOWN_ERROR)\n                        message = value.get(\"value\") or value.get(\"message\")\n                        if not isinstance(message, str):\n                            value = message\n                            message = message.get(\"message\")\n                    else:\n                        message = value.get(\"message\", None)\n                except ValueError:\n                    pass\n    \n        exception_class: Type[WebDriverException]\n        if status in ErrorCode.NO_SUCH_ELEMENT:\n            exception_class = NoSuchElementException\n        elif status in ErrorCode.NO_SUCH_FRAME:\n            exception_class = NoSuchFrameException\n        elif status in ErrorCode.NO_SUCH_SHADOW_ROOT:\n            exception_class = NoSuchShadowRootException\n        elif status in ErrorCode.NO_SUCH_WINDOW:\n            exception_class = NoSuchWindowException\n        elif status in ErrorCode.STALE_ELEMENT_REFERENCE:\n            exception_class = StaleElementReferenceException\n        elif status in ErrorCode.ELEMENT_NOT_VISIBLE:\n            exception_class = ElementNotVisibleException\n        elif status in ErrorCode.INVALID_ELEMENT_STATE:\n            exception_class = InvalidElementStateException\n        elif (\n            status in ErrorCode.INVALID_SELECTOR\n            or status in ErrorCode.INVALID_XPATH_SELECTOR\n            or status in ErrorCode.INVALID_XPATH_SELECTOR_RETURN_TYPER\n        ):\n            exception_class = InvalidSelectorException\n        elif status in ErrorCode.ELEMENT_IS_NOT_SELECTABLE:\n            exception_class = ElementNotSelectableException\n        elif status in ErrorCode.ELEMENT_NOT_INTERACTABLE:\n            exception_class = ElementNotInteractableException\n        elif status in ErrorCode.INVALID_COOKIE_DOMAIN:\n            exception_class = InvalidCookieDomainException\n        elif status in ErrorCode.UNABLE_TO_SET_COOKIE:\n            exception_class = UnableToSetCookieException\n        elif status in ErrorCode.TIMEOUT:\n            exception_class = TimeoutException\n        elif status in ErrorCode.SCRIPT_TIMEOUT:\n            exception_class = TimeoutException\n        elif status in ErrorCode.UNKNOWN_ERROR:\n            exception_class = WebDriverException\n        elif status in ErrorCode.UNEXPECTED_ALERT_OPEN:\n            exception_class = UnexpectedAlertPresentException\n        elif status in ErrorCode.NO_ALERT_OPEN:\n            exception_class = NoAlertPresentException\n        elif status in ErrorCode.IME_NOT_AVAILABLE:\n            exception_class = ImeNotAvailableException\n        elif status in ErrorCode.IME_ENGINE_ACTIVATION_FAILED:\n            exception_class = ImeActivationFailedException\n        elif status in ErrorCode.MOVE_TARGET_OUT_OF_BOUNDS:\n            exception_class = MoveTargetOutOfBoundsException\n        elif status in ErrorCode.JAVASCRIPT_ERROR:\n            exception_class = JavascriptException\n        elif status in ErrorCode.SESSION_NOT_CREATED:\n            exception_class = SessionNotCreatedException\n        elif status in ErrorCode.INVALID_ARGUMENT:\n            exception_class = InvalidArgumentException\n        elif status in ErrorCode.NO_SUCH_COOKIE:\n            exception_class = NoSuchCookieException\n        elif status in ErrorCode.UNABLE_TO_CAPTURE_SCREEN:\n            exception_class = ScreenshotException\n        elif status in ErrorCode.ELEMENT_CLICK_INTERCEPTED:\n            exception_class = ElementClickInterceptedException\n        elif status in ErrorCode.INSECURE_CERTIFICATE:\n            exception_class = InsecureCertificateException\n        elif status in ErrorCode.INVALID_COORDINATES:\n            exception_class = InvalidCoordinatesException\n        elif status in ErrorCode.INVALID_SESSION_ID:\n            exception_class = InvalidSessionIdException\n        elif status in ErrorCode.UNKNOWN_METHOD:\n            exception_class = UnknownMethodException\n        else:\n            exception_class = WebDriverException\n        if not value:\n            value = response[\"value\"]\n        if isinstance(value, str):\n            raise exception_class(value)\n        if message == \"\" and \"message\" in value:\n            message = value[\"message\"]\n    \n        screen = None  # type: ignore[assignment]\n        if \"screen\" in value:\n            screen = value[\"screen\"]\n    \n        stacktrace = None\n        st_value = value.get(\"stackTrace\") or value.get(\"stacktrace\")\n        if st_value:\n            if isinstance(st_value, str):\n                stacktrace = st_value.split(\"\\n\")\n            else:\n                stacktrace = []\n                try:\n                    for frame in st_value:\n                        line = frame.get(\"lineNumber\", \"\")\n                        file = frame.get(\"fileName\", \"<anonymous>\")\n                        if line:\n                            file = f\"{file}:{line}\"\n                        meth = frame.get(\"methodName\", \"<anonymous>\")\n                        if \"className\" in frame:\n                            meth = f\"{frame['className']}.{meth}\"\n                        msg = \"    at %s (%s)\"\n                        msg = msg % (meth, file)\n                        stacktrace.append(msg)\n                except TypeError:\n                    pass\n        if exception_class == UnexpectedAlertPresentException:\n            alert_text = None\n            if \"data\" in value:\n                alert_text = value[\"data\"].get(\"text\")\n            elif \"alert\" in value:\n                alert_text = value[\"alert\"].get(\"text\")\n            raise exception_class(message, screen, stacktrace, alert_text)  # type: ignore[call-arg]  # mypy is not smart enough here\n>       raise exception_class(message, screen, stacktrace)\nE       selenium.common.exceptions.NoSuchElementException: Message: no such element: Unable to locate element: {\"method\":\"xpath\",\"selector\":\"//div[@class='page-block articles-block']\"}\nE         (Session info: headless chrome=116.0.5845.96); For documentation on this error, please visit: https://www.selenium.dev/documentation/webdriver/troubleshooting/errors#no-such-element-exception\nE       Stacktrace:\nE       #0 0x55cc31d04e23 <unknown>\nE       #1 0x55cc31a2d7a7 <unknown>\nE       #2 0x55cc31a6c1d3 <unknown>\nE       #3 0x55cc31a6c2c1 <unknown>\nE       #4 0x55cc31aa7a04 <unknown>\nE       #5 0x55cc31a8d03d <unknown>\nE       #6 0x55cc31aa5369 <unknown>\nE       #7 0x55cc31a8cde3 <unknown>\nE       #8 0x55cc31a60a7b <unknown>\nE       #9 0x55cc31a6181e <unknown>\nE       #10 0x55cc31cc6638 <unknown>\nE       #11 0x55cc31cca507 <unknown>\nE       #12 0x55cc31cd4c4c <unknown>\nE       #13 0x55cc31ccb136 <unknown>\nE       #14 0x55cc31c999cf <unknown>\nE       #15 0x55cc31ceeb98 <unknown>\nE       #16 0x55cc31ceed68 <unknown>\nE       #17 0x55cc31cfdcb3 <unknown>\nE       #18 0x7f0651c91044 <unknown>\n\n/usr/local/lib/python3.11/site-packages/selenium/webdriver/remote/errorhandler.py:245: NoSuchElementException","steps":[{"name":"Проверка функциональности блока 'Советы от профессионалов ремонта'","time":{"start":1693097425282,"stop":1693097425301,"duration":19},"status":"broken","statusMessage":"selenium.common.exceptions.NoSuchElementException: Message: no such element: Unable to locate element: {\"method\":\"xpath\",\"selector\":\"//div[@class='page-block articles-block']\"}\n  (Session info: headless chrome=116.0.5845.96); For documentation on this error, please visit: https://www.selenium.dev/documentation/webdriver/troubleshooting/errors#no-such-element-exception\nStacktrace:\n#0 0x55cc31d04e23 <unknown>\n#1 0x55cc31a2d7a7 <unknown>\n#2 0x55cc31a6c1d3 <unknown>\n#3 0x55cc31a6c2c1 <unknown>\n#4 0x55cc31aa7a04 <unknown>\n#5 0x55cc31a8d03d <unknown>\n#6 0x55cc31aa5369 <unknown>\n#7 0x55cc31a8cde3 <unknown>\n#8 0x55cc31a60a7b <unknown>\n#9 0x55cc31a6181e <unknown>\n#10 0x55cc31cc6638 <unknown>\n#11 0x55cc31cca507 <unknown>\n#12 0x55cc31cd4c4c <unknown>\n#13 0x55cc31ccb136 <unknown>\n#14 0x55cc31c999cf <unknown>\n#15 0x55cc31ceeb98 <unknown>\n#16 0x55cc31ceed68 <unknown>\n#17 0x55cc31cfdcb3 <unknown>\n#18 0x7f0651c91044 <unknown>\n\n","statusTrace":"  File \"/usr/local/lib/python3.11/site-packages/allure_commons/_allure.py\", line 192, in impl\n    return func(*a, **kw)\n           ^^^^^^^^^^^^^^\n  File \"/app/pages/main_page.py\", line 78, in get_building_advices_section\n    section = self.driver.find_element(*self._building_advices_section)\n              ^^^^^^^^^^^^^^^^^^^^^^^^^^^^^^^^^^^^^^^^^^^^^^^^^^^^^^^^^\n  File \"/usr/local/lib/python3.11/site-packages/selenium/webdriver/remote/webdriver.py\", line 740, in find_element\n    return self.execute(Command.FIND_ELEMENT, {\"using\": by, \"value\": value})[\"value\"]\n           ^^^^^^^^^^^^^^^^^^^^^^^^^^^^^^^^^^^^^^^^^^^^^^^^^^^^^^^^^^^^^^^^^\n  File \"/usr/local/lib/python3.11/site-packages/selenium/webdriver/remote/webdriver.py\", line 346, in execute\n    self.error_handler.check_response(response)\n  File \"/usr/local/lib/python3.11/site-packages/selenium/webdriver/remote/errorhandler.py\", line 245, in check_response\n    raise exception_class(message, screen, stacktrace)\n","steps":[],"attachments":[],"parameters":[],"stepsCount":0,"attachmentsCount":0,"shouldDisplayMessage":true,"hasContent":true}],"attachments":[{"uid":"341a5dc2084b67b7","name":"Screenshot","source":"341a5dc2084b67b7.png","type":"image/png","size":5862},{"uid":"bb55c31f257f1edb","name":"HTML source","source":"bb55c31f257f1edb.html","type":"text/html","size":39}],"parameters":[],"stepsCount":1,"attachmentsCount":2,"shouldDisplayMessage":true,"hasContent":true},"afterStages":[{"name":"driver::0","time":{"start":1693097425436,"stop":1693097425492,"duration":56},"status":"passed","steps":[],"attachments":[],"parameters":[],"stepsCount":0,"attachmentsCount":0,"shouldDisplayMessage":false,"hasContent":false},{"name":"setup::0","time":{"start":1693097425436,"stop":1693097425436,"duration":0},"status":"passed","steps":[],"attachments":[],"parameters":[],"stepsCount":0,"attachmentsCount":0,"shouldDisplayMessage":false,"hasContent":false}],"labels":[{"name":"epic","value":"Main Page"},{"name":"tag","value":"smoke_test"},{"name":"parentSuite","value":"tests"},{"name":"suite","value":"test_main_page"},{"name":"subSuite","value":"TestMainPage"},{"name":"host","value":"356b7c651075"},{"name":"thread","value":"1-MainThread"},{"name":"framework","value":"pytest"},{"name":"language","value":"cpython3"},{"name":"package","value":"tests.test_main_page"},{"name":"resultFormat","value":"allure2"}],"parameters":[{"name":"url","value":"'https://test2.stroyrem-nn.ru/'"}],"links":[],"hidden":false,"retry":false,"extra":{"severity":"normal","retries":[],"categories":[{"name":"Test defects","matchedStatuses":[],"flaky":false}],"history":{"statistic":{"failed":1,"broken":1,"skipped":0,"passed":32,"unknown":0,"total":34},"items":[{"uid":"cd0eb03e9662d25a","reportUrl":"https://Nat754.github.io/StroyremAutomation/38//#testresult/cd0eb03e9662d25a","status":"passed","time":{"start":1693031192724,"stop":1693031200489,"duration":7765}},{"uid":"e4dc993a1a5bbdd7","reportUrl":"https://Nat754.github.io/StroyremAutomation/38//#testresult/e4dc993a1a5bbdd7","status":"passed","time":{"start":1693010751706,"stop":1693010761649,"duration":9943}},{"uid":"8337695a47a18b90","reportUrl":"https://Nat754.github.io/StroyremAutomation/37//#testresult/8337695a47a18b90","status":"passed","time":{"start":1692966152949,"stop":1692966164707,"duration":11758}},{"uid":"6257afe45b16e12b","reportUrl":"https://Nat754.github.io/StroyremAutomation/36//#testresult/6257afe45b16e12b","status":"passed","time":{"start":1692837965442,"stop":1692837973805,"duration":8363}},{"uid":"30d0119ae119b3d5","reportUrl":"https://Nat754.github.io/StroyremAutomation/35//#testresult/30d0119ae119b3d5","status":"passed","time":{"start":1692810869760,"stop":1692810879315,"duration":9555}},{"uid":"5a1deadc991defd","reportUrl":"https://Nat754.github.io/StroyremAutomation/35//#testresult/5a1deadc991defd","status":"passed","time":{"start":1692751580664,"stop":1692751591026,"duration":10362}},{"uid":"396087b97fbda15f","reportUrl":"https://Nat754.github.io/StroyremAutomation/34//#testresult/396087b97fbda15f","status":"passed","time":{"start":1692723585544,"stop":1692723593653,"duration":8109}},{"uid":"c8df585ab0270d","reportUrl":"https://Nat754.github.io/StroyremAutomation/34//#testresult/c8df585ab0270d","status":"passed","time":{"start":1692720694364,"stop":1692720704992,"duration":10628}},{"uid":"6da2b5dbecaff59b","reportUrl":"https://Nat754.github.io/StroyremAutomation/34//#testresult/6da2b5dbecaff59b","status":"passed","time":{"start":1692717689607,"stop":1692717701091,"duration":11484}},{"uid":"a4d464859a03b8b2","reportUrl":"https://Nat754.github.io/StroyremAutomation/34//#testresult/a4d464859a03b8b2","status":"passed","time":{"start":1692665215911,"stop":1692665224898,"duration":8987}},{"uid":"1909a88cc408fda4","reportUrl":"https://Nat754.github.io/StroyremAutomation/33//#testresult/1909a88cc408fda4","status":"passed","time":{"start":1692578801195,"stop":1692578809901,"duration":8706}},{"uid":"2e54739dac16012","reportUrl":"https://Nat754.github.io/StroyremAutomation/31//#testresult/2e54739dac16012","status":"passed","time":{"start":1692567049237,"stop":1692567058613,"duration":9376}},{"uid":"e5c96fe5702d0d7f","reportUrl":"https://Nat754.github.io/StroyremAutomation/32//#testresult/e5c96fe5702d0d7f","status":"passed","time":{"start":1692565295170,"stop":1692565303592,"duration":8422}},{"uid":"4a4f79e774390f6a","reportUrl":"https://Nat754.github.io/StroyremAutomation/27//#testresult/4a4f79e774390f6a","status":"passed","time":{"start":1692060414092,"stop":1692060424943,"duration":10851}},{"uid":"d29a4b8978b7fe24","reportUrl":"https://Nat754.github.io/StroyremAutomation/26//#testresult/d29a4b8978b7fe24","status":"passed","time":{"start":1691974052004,"stop":1691974061648,"duration":9644}},{"uid":"842bd022a61abf1f","reportUrl":"https://Nat754.github.io/StroyremAutomation/25//#testresult/842bd022a61abf1f","status":"passed","time":{"start":1691887727807,"stop":1691887735811,"duration":8004}},{"uid":"6b358dacd0587fe3","reportUrl":"https://Nat754.github.io/StroyremAutomation/24//#testresult/6b358dacd0587fe3","status":"passed","time":{"start":1691801080999,"stop":1691801088757,"duration":7758}},{"uid":"11260f2653111c4f","reportUrl":"https://Nat754.github.io/StroyremAutomation/23//#testresult/11260f2653111c4f","status":"passed","time":{"start":1691714739837,"stop":1691714747396,"duration":7559}},{"uid":"cf3b15d9b70d91a5","reportUrl":"https://Nat754.github.io/StroyremAutomation/22//#testresult/cf3b15d9b70d91a5","status":"passed","time":{"start":1691629089620,"stop":1691629097548,"duration":7928}},{"uid":"1a65bd64cac3ca14","reportUrl":"https://Nat754.github.io/StroyremAutomation/21//#testresult/1a65bd64cac3ca14","status":"passed","time":{"start":1691542637304,"stop":1691542645912,"duration":8608}}]},"tags":["smoke_test"]},"source":"ddd43efc73f19daa.json","parameterValues":["'https://test2.stroyrem-nn.ru/'"]}