{"uid":"e9a99ee785837268","name":"Авторизация с помощью аккаунта ya.ru","fullName":"tests.test_sign_in.test_sign_in_page.TestSignInPage#test_positive_authorization_first_time_using_YA_smoke","historyId":"dad914aa68b78287aa131957fc42820c","time":{"start":1693098508529,"stop":1693098530280,"duration":21751},"status":"passed","statusMessage":"XPASS Появляется капча Яндекса при запуске теста на Github","flaky":false,"newFailed":false,"newBroken":false,"newPassed":false,"retriesCount":0,"retriesStatusChange":false,"beforeStages":[{"name":"_session_faker","time":{"start":1693097360784,"stop":1693097360887,"duration":103},"status":"passed","steps":[],"attachments":[],"parameters":[],"stepsCount":0,"attachmentsCount":0,"shouldDisplayMessage":false,"hasContent":false},{"name":"clear_allure_results_folder","time":{"start":1693097360887,"stop":1693097360887,"duration":0},"status":"passed","steps":[],"attachments":[],"parameters":[],"stepsCount":0,"attachmentsCount":0,"shouldDisplayMessage":false,"hasContent":false},{"name":"driver","time":{"start":1693098499413,"stop":1693098500230,"duration":817},"status":"passed","steps":[],"attachments":[],"parameters":[],"stepsCount":0,"attachmentsCount":0,"shouldDisplayMessage":false,"hasContent":false},{"name":"setup","time":{"start":1693098500230,"stop":1693098500230,"duration":0},"status":"passed","steps":[],"attachments":[],"parameters":[],"stepsCount":0,"attachmentsCount":0,"shouldDisplayMessage":false,"hasContent":false},{"name":"sign_in_page","time":{"start":1693098500231,"stop":1693098508130,"duration":7899},"status":"passed","steps":[],"attachments":[],"parameters":[],"stepsCount":0,"attachmentsCount":0,"shouldDisplayMessage":false,"hasContent":false},{"name":"open_sign_in_window","time":{"start":1693098508131,"stop":1693098508528,"duration":397},"status":"passed","steps":[{"name":"Нахождение элемента: иконка профиля в хедере","time":{"start":1693098508131,"stop":1693098508148,"duration":17},"status":"passed","steps":[],"attachments":[],"parameters":[],"stepsCount":0,"attachmentsCount":0,"shouldDisplayMessage":false,"hasContent":false}],"attachments":[],"parameters":[],"stepsCount":1,"attachmentsCount":0,"shouldDisplayMessage":false,"hasContent":true}],"testStage":{"status":"passed","statusMessage":"XPASS Появляется капча Яндекса при запуске теста на Github","steps":[{"name":"Нахождение элемента: иконка 'ya.ru' окна авторизации","time":{"start":1693098508529,"stop":1693098508547,"duration":18},"status":"passed","steps":[],"attachments":[],"parameters":[],"stepsCount":0,"attachmentsCount":0,"shouldDisplayMessage":false,"hasContent":false},{"name":"Проверка кликабельности элемента: кнопка 'Другие способы входа' окна авторизации через 'ya.ru'","time":{"start":1693098512804,"stop":1693098512819,"duration":15},"status":"passed","steps":[],"attachments":[],"parameters":[],"stepsCount":0,"attachmentsCount":0,"shouldDisplayMessage":false,"hasContent":false},{"name":"Проверка кликабельности элемента: кнопка 'Другие способы входа' окна авторизации через 'ya.ru'","time":{"start":1693098512825,"stop":1693098512833,"duration":8},"status":"passed","steps":[],"attachments":[],"parameters":[],"stepsCount":0,"attachmentsCount":0,"shouldDisplayMessage":false,"hasContent":false},{"name":"Проверка кликабельности элемента: поле 'Email' окна авторизации через 'ya.ru'","time":{"start":1693098512895,"stop":1693098512981,"duration":86},"status":"passed","steps":[],"attachments":[],"parameters":[],"stepsCount":0,"attachmentsCount":0,"shouldDisplayMessage":false,"hasContent":false},{"name":"Нахождение элемента: кнопка 'Войти' окна авторизации через 'ya.ru'","time":{"start":1693098513211,"stop":1693098513248,"duration":37},"status":"passed","steps":[],"attachments":[],"parameters":[],"stepsCount":0,"attachmentsCount":0,"shouldDisplayMessage":false,"hasContent":false},{"name":"Проверка кликабельности элемента: поле 'Пароль' окна авторизации через 'ya.ru'","time":{"start":1693098513325,"stop":1693098513679,"duration":354},"status":"passed","steps":[],"attachments":[],"parameters":[],"stepsCount":0,"attachmentsCount":0,"shouldDisplayMessage":false,"hasContent":false},{"name":"Нахождение элемента: кнопка 'Войти' окна авторизации через 'ya.ru'","time":{"start":1693098513811,"stop":1693098513821,"duration":10},"status":"passed","steps":[],"attachments":[],"parameters":[],"stepsCount":0,"attachmentsCount":0,"shouldDisplayMessage":false,"hasContent":false},{"name":"Нахождение элемента: поле 'Ответ на контрольный вопрос' окна авторизации через 'ya.ru'","time":{"start":1693098518883,"stop":1693098518887,"duration":4},"status":"broken","statusMessage":"selenium.common.exceptions.NoSuchWindowException: Message: no such window: target window already closed\nfrom unknown error: web view not found\n  (Session info: headless chrome=116.0.5845.96)\nStacktrace:\n#0 0x55913969ce23 <unknown>\n#1 0x5591393c57a7 <unknown>\n#2 0x55913939d691 <unknown>\n#3 0x559139429e0f <unknown>\n#4 0x55913943ceb6 <unknown>\n#5 0x559139424de3 <unknown>\n#6 0x5591393f8a7b <unknown>\n#7 0x5591393f981e <unknown>\n#8 0x55913965e638 <unknown>\n#9 0x559139662507 <unknown>\n#10 0x55913966cc4c <unknown>\n#11 0x559139663136 <unknown>\n#12 0x5591396319cf <unknown>\n#13 0x559139686b98 <unknown>\n#14 0x559139686d68 <unknown>\n#15 0x559139695cb3 <unknown>\n#16 0x7fa878922044 <unknown>\n\n","statusTrace":"  File \"/usr/local/lib/python3.11/site-packages/allure_commons/_allure.py\", line 192, in impl\n    return func(*a, **kw)\n           ^^^^^^^^^^^^^^\n  File \"/app/pages/sign_in_page.py\", line 207, in get_ya_ru_window_control_question_field\n    return self.find_element(self._ya_ru_window_control_question_field)\n           ^^^^^^^^^^^^^^^^^^^^^^^^^^^^^^^^^^^^^^^^^^^^^^^^^^^^^^^^^^^^\n  File \"/app/base/seleniumbase.py\", line 21, in find_element\n    return self.driver.find_element(*locator)\n           ^^^^^^^^^^^^^^^^^^^^^^^^^^^^^^^^^^\n  File \"/usr/local/lib/python3.11/site-packages/selenium/webdriver/remote/webdriver.py\", line 740, in find_element\n    return self.execute(Command.FIND_ELEMENT, {\"using\": by, \"value\": value})[\"value\"]\n           ^^^^^^^^^^^^^^^^^^^^^^^^^^^^^^^^^^^^^^^^^^^^^^^^^^^^^^^^^^^^^^^^^\n  File \"/usr/local/lib/python3.11/site-packages/selenium/webdriver/remote/webdriver.py\", line 346, in execute\n    self.error_handler.check_response(response)\n  File \"/usr/local/lib/python3.11/site-packages/selenium/webdriver/remote/errorhandler.py\", line 245, in check_response\n    raise exception_class(message, screen, stacktrace)\n","steps":[],"attachments":[],"parameters":[],"stepsCount":0,"attachmentsCount":0,"shouldDisplayMessage":true,"hasContent":true},{"name":"Нахождение элемента: ссылка на секцию 'Физическое лицо' в личном кабинете","time":{"start":1693098530170,"stop":1693098530185,"duration":15},"status":"passed","steps":[],"attachments":[],"parameters":[],"stepsCount":0,"attachmentsCount":0,"shouldDisplayMessage":false,"hasContent":false},{"name":"Нахождение элемента: поле 'ФИО' в секции 'Физическое лицо' в личном кабинете","time":{"start":1693098530233,"stop":1693098530245,"duration":12},"status":"passed","steps":[],"attachments":[],"parameters":[],"stepsCount":0,"attachmentsCount":0,"shouldDisplayMessage":false,"hasContent":false},{"name":"Нахождение элемента: поле 'E-mail' в секции 'Физическое лицо' в личном кабинете","time":{"start":1693098530258,"stop":1693098530269,"duration":11},"status":"passed","steps":[],"attachments":[],"parameters":[],"stepsCount":0,"attachmentsCount":0,"shouldDisplayMessage":false,"hasContent":false}],"attachments":[],"parameters":[],"stepsCount":11,"attachmentsCount":0,"shouldDisplayMessage":true,"hasContent":true},"afterStages":[{"name":"setup::0","time":{"start":1693098530282,"stop":1693098530282,"duration":0},"status":"passed","steps":[],"attachments":[],"parameters":[],"stepsCount":0,"attachmentsCount":0,"shouldDisplayMessage":false,"hasContent":false},{"name":"driver::0","time":{"start":1693098530283,"stop":1693098530351,"duration":68},"status":"passed","steps":[],"attachments":[],"parameters":[],"stepsCount":0,"attachmentsCount":0,"shouldDisplayMessage":false,"hasContent":false}],"labels":[{"name":"epic","value":"Sign In Page"},{"name":"tag","value":"smoke_test"},{"name":"tag","value":"@pytest.mark.xfail(reason='Появляется капча Яндекса при запуске теста на Github')"},{"name":"parentSuite","value":"tests.test_sign_in"},{"name":"suite","value":"test_sign_in_page"},{"name":"subSuite","value":"TestSignInPage"},{"name":"host","value":"356b7c651075"},{"name":"thread","value":"1-MainThread"},{"name":"framework","value":"pytest"},{"name":"language","value":"cpython3"},{"name":"package","value":"tests.test_sign_in.test_sign_in_page"},{"name":"resultFormat","value":"allure2"}],"parameters":[],"links":[],"hidden":false,"retry":false,"extra":{"severity":"normal","retries":[],"categories":[],"history":{"statistic":{"failed":0,"broken":0,"skipped":20,"passed":2,"unknown":0,"total":22},"items":[{"uid":"a0940323b0fa5efc","reportUrl":"https://Nat754.github.io/StroyremAutomation/38//#testresult/a0940323b0fa5efc","status":"skipped","statusDetails":"XFAIL Появляется капча Яндекса при запуске теста на Github\n\nselenium.common.exceptions.NoSuchElementException: Message: no such element: Unable to locate element: {\"method\":\"css selector\",\"selector\":\"button[data-t='button:clear']\"}\n  (Session info: headless chrome=116.0.5845.96); For documentation on this error, please visit: https://www.selenium.dev/documentation/webdriver/troubleshooting/errors#no-such-element-exception\nStacktrace:\n#0 0x563bc30a5e23 <unknown>\n#1 0x563bc2dce7a7 <unknown>\n#2 0x563bc2e0d1d3 <unknown>\n#3 0x563bc2e0d2c1 <unknown>\n#4 0x563bc2e48a04 <unknown>\n#5 0x563bc2e2e03d <unknown>\n#6 0x563bc2e46369 <unknown>\n#7 0x563bc2e2dde3 <unknown>\n#8 0x563bc2e01a7b <unknown>\n#9 0x563bc2e0281e <unknown>\n#10 0x563bc3067638 <unknown>\n#11 0x563bc306b507 <unknown>\n#12 0x563bc3075c4c <unknown>\n#13 0x563bc306c136 <unknown>\n#14 0x563bc303a9cf <unknown>\n#15 0x563bc308fb98 <unknown>\n#16 0x563bc308fd68 <unknown>\n#17 0x563bc309ecb3 <unknown>\n#18 0x7f5125670044 <unknown>","time":{"start":1693032280594,"stop":1693032283999,"duration":3405}},{"uid":"bc6a56ff5f8ab2f","reportUrl":"https://Nat754.github.io/StroyremAutomation/38//#testresult/bc6a56ff5f8ab2f","status":"skipped","statusDetails":"XFAIL Появляется капча Яндекса при запуске теста на Github\n\nselenium.common.exceptions.NoSuchElementException: Message: no such element: Unable to locate element: {\"method\":\"css selector\",\"selector\":\"button[data-t='button:clear']\"}\n  (Session info: headless chrome=116.0.5845.96); For documentation on this error, please visit: https://www.selenium.dev/documentation/webdriver/troubleshooting/errors#no-such-element-exception\nStacktrace:\n#0 0x55c681c1fe23 <unknown>\n#1 0x55c6819487a7 <unknown>\n#2 0x55c6819871d3 <unknown>\n#3 0x55c6819872c1 <unknown>\n#4 0x55c6819c2a04 <unknown>\n#5 0x55c6819a803d <unknown>\n#6 0x55c6819c0369 <unknown>\n#7 0x55c6819a7de3 <unknown>\n#8 0x55c68197ba7b <unknown>\n#9 0x55c68197c81e <unknown>\n#10 0x55c681be1638 <unknown>\n#11 0x55c681be5507 <unknown>\n#12 0x55c681befc4c <unknown>\n#13 0x55c681be6136 <unknown>\n#14 0x55c681bb49cf <unknown>\n#15 0x55c681c09b98 <unknown>\n#16 0x55c681c09d68 <unknown>\n#17 0x55c681c18cb3 <unknown>\n#18 0x7fbcd1662044 <unknown>","time":{"start":1693012036118,"stop":1693012040154,"duration":4036}},{"uid":"dd1912d6d1daabd8","reportUrl":"https://Nat754.github.io/StroyremAutomation/37//#testresult/dd1912d6d1daabd8","status":"skipped","statusDetails":"XFAIL Появляется капча Яндекса при запуске теста на Github\n\nselenium.common.exceptions.TimeoutException: Message:","time":{"start":1692967381142,"stop":1692967407877,"duration":26735}},{"uid":"6da7370ffda15adc","reportUrl":"https://Nat754.github.io/StroyremAutomation/36//#testresult/6da7370ffda15adc","status":"skipped","statusDetails":"XFAIL Появляется капча Яндекса при запуске теста на Github\n\nselenium.common.exceptions.TimeoutException: Message:","time":{"start":1692838832025,"stop":1692838856796,"duration":24771}},{"uid":"60fe76913c8a57d1","reportUrl":"https://Nat754.github.io/StroyremAutomation/35//#testresult/60fe76913c8a57d1","status":"skipped","statusDetails":"XFAIL Появляется капча Яндекса при запуске теста на Github\n\nselenium.common.exceptions.TimeoutException: Message:","time":{"start":1692811877174,"stop":1692811902697,"duration":25523}},{"uid":"aceeb87d94824ce7","reportUrl":"https://Nat754.github.io/StroyremAutomation/35//#testresult/aceeb87d94824ce7","status":"passed","statusDetails":"XPASS Появляется капча Яндекса при запуске теста на Github","time":{"start":1692752533577,"stop":1692752556458,"duration":22881}},{"uid":"dd95f3a9362ee1da","reportUrl":"https://Nat754.github.io/StroyremAutomation/34//#testresult/dd95f3a9362ee1da","status":"skipped","statusDetails":"XFAIL Появляется капча Яндекса при запуске теста на Github\n\nselenium.common.exceptions.TimeoutException: Message:","time":{"start":1692724355101,"stop":1692724380883,"duration":25782}},{"uid":"b549970c12df5f60","reportUrl":"https://Nat754.github.io/StroyremAutomation/34//#testresult/b549970c12df5f60","status":"skipped","statusDetails":"XFAIL Появляется капча Яндекса при запуске теста на Github\n\nselenium.common.exceptions.NoSuchElementException: Message: no such element: Unable to locate element: {\"method\":\"css selector\",\"selector\":\"button[data-t='button:clear']\"}\n  (Session info: headless chrome=116.0.5845.96); For documentation on this error, please visit: https://www.selenium.dev/documentation/webdriver/troubleshooting/errors#no-such-element-exception\nStacktrace:\n#0 0x5556a292de23 <unknown>\n#1 0x5556a26567a7 <unknown>\n#2 0x5556a26951d3 <unknown>\n#3 0x5556a26952c1 <unknown>\n#4 0x5556a26d0a04 <unknown>\n#5 0x5556a26b603d <unknown>\n#6 0x5556a26ce369 <unknown>\n#7 0x5556a26b5de3 <unknown>\n#8 0x5556a2689a7b <unknown>\n#9 0x5556a268a81e <unknown>\n#10 0x5556a28ef638 <unknown>\n#11 0x5556a28f3507 <unknown>\n#12 0x5556a28fdc4c <unknown>\n#13 0x5556a28f4136 <unknown>\n#14 0x5556a28c29cf <unknown>\n#15 0x5556a2917b98 <unknown>\n#16 0x5556a2917d68 <unknown>\n#17 0x5556a2926cb3 <unknown>\n#18 0x7f59d4fc4044 <unknown>","time":{"start":1692721593599,"stop":1692721597886,"duration":4287}},{"uid":"74b9346de49da420","reportUrl":"https://Nat754.github.io/StroyremAutomation/34//#testresult/74b9346de49da420","status":"skipped","statusDetails":"XFAIL Появляется капча Яндекса при запуске теста на Github\n\nselenium.common.exceptions.TimeoutException: Message:","time":{"start":1692718879449,"stop":1692718905875,"duration":26426}},{"uid":"75e52a2268c28b0","reportUrl":"https://Nat754.github.io/StroyremAutomation/34//#testresult/75e52a2268c28b0","status":"skipped","statusDetails":"XFAIL Появляется капча Яндекса при запуске теста на Github\n\nselenium.common.exceptions.NoSuchElementException: Message: no such element: Unable to locate element: {\"method\":\"css selector\",\"selector\":\"button[data-t='button:clear']\"}\n  (Session info: headless chrome=116.0.5845.96); For documentation on this error, please visit: https://www.selenium.dev/documentation/webdriver/troubleshooting/errors#no-such-element-exception\nStacktrace:\n#0 0x56183e1eae23 <unknown>\n#1 0x56183df137a7 <unknown>\n#2 0x56183df521d3 <unknown>\n#3 0x56183df522c1 <unknown>\n#4 0x56183df8da04 <unknown>\n#5 0x56183df7303d <unknown>\n#6 0x56183df8b369 <unknown>\n#7 0x56183df72de3 <unknown>\n#8 0x56183df46a7b <unknown>\n#9 0x56183df4781e <unknown>\n#10 0x56183e1ac638 <unknown>\n#11 0x56183e1b0507 <unknown>\n#12 0x56183e1bac4c <unknown>\n#13 0x56183e1b1136 <unknown>\n#14 0x56183e17f9cf <unknown>\n#15 0x56183e1d4b98 <unknown>\n#16 0x56183e1d4d68 <unknown>\n#17 0x56183e1e3cb3 <unknown>\n#18 0x7f734ebec044 <unknown>","time":{"start":1692666025039,"stop":1692666028668,"duration":3629}},{"uid":"abf3857524bdba8c","reportUrl":"https://Nat754.github.io/StroyremAutomation/33//#testresult/abf3857524bdba8c","status":"skipped","statusDetails":"XFAIL Появляется капча Яндекса при запуске теста на Github\n\nselenium.common.exceptions.InvalidCookieDomainException: Message: invalid cookie domain: Cookie 'domain' mismatch\n  (Session info: headless chrome=116.0.5845.96)\nStacktrace:\n#0 0x55f412283e23 <unknown>\n#1 0x55f411fac7a7 <unknown>\n#2 0x55f412035181 <unknown>\n#3 0x55f41200c012 <unknown>\n#4 0x55f412024369 <unknown>\n#5 0x55f41200bde3 <unknown>\n#6 0x55f411fdfa7b <unknown>\n#7 0x55f411fe081e <unknown>\n#8 0x55f412245638 <unknown>\n#9 0x55f412249507 <unknown>\n#10 0x55f412253c4c <unknown>\n#11 0x55f41224a136 <unknown>\n#12 0x55f4122189cf <unknown>\n#13 0x55f41226db98 <unknown>\n#14 0x55f41226dd68 <unknown>\n#15 0x55f41227ccb3 <unknown>\n#16 0x7ff33511b044 <unknown>","time":{"start":1692579697917,"stop":1692579702111,"duration":4194}},{"uid":"4e41fab74d29dec2","reportUrl":"https://Nat754.github.io/StroyremAutomation/31//#testresult/4e41fab74d29dec2","status":"skipped","statusDetails":"XFAIL Появляется капча Яндекса при запуске теста на Github\n\nselenium.common.exceptions.NoSuchElementException: Message: no such element: Unable to locate element: {\"method\":\"css selector\",\"selector\":\"button[data-t='button:clear']\"}\n  (Session info: headless chrome=116.0.5845.96); For documentation on this error, please visit: https://www.selenium.dev/documentation/webdriver/troubleshooting/errors#no-such-element-exception\nStacktrace:\n#0 0x55d959b85e23 <unknown>\n#1 0x55d9598ae7a7 <unknown>\n#2 0x55d9598ed1d3 <unknown>\n#3 0x55d9598ed2c1 <unknown>\n#4 0x55d959928a04 <unknown>\n#5 0x55d95990e03d <unknown>\n#6 0x55d959926369 <unknown>\n#7 0x55d95990dde3 <unknown>\n#8 0x55d9598e1a7b <unknown>\n#9 0x55d9598e281e <unknown>\n#10 0x55d959b47638 <unknown>\n#11 0x55d959b4b507 <unknown>\n#12 0x55d959b55c4c <unknown>\n#13 0x55d959b4c136 <unknown>\n#14 0x55d959b1a9cf <unknown>\n#15 0x55d959b6fb98 <unknown>\n#16 0x55d959b6fd68 <unknown>\n#17 0x55d959b7ecb3 <unknown>\n#18 0x7f92ba9ac044 <unknown>","time":{"start":1692568154813,"stop":1692568159666,"duration":4853}},{"uid":"e06c81e3de738221","reportUrl":"https://Nat754.github.io/StroyremAutomation/32//#testresult/e06c81e3de738221","status":"skipped","statusDetails":"XFAIL Появляется капча Яндекса при запуске теста на Github\n\nselenium.common.exceptions.NoSuchElementException: Message: no such element: Unable to locate element: {\"method\":\"css selector\",\"selector\":\"button[data-t='button:clear']\"}\n  (Session info: headless chrome=116.0.5845.96); For documentation on this error, please visit: https://www.selenium.dev/documentation/webdriver/troubleshooting/errors#no-such-element-exception\nStacktrace:\n#0 0x555f358bee23 <unknown>\n#1 0x555f355e77a7 <unknown>\n#2 0x555f356261d3 <unknown>\n#3 0x555f356262c1 <unknown>\n#4 0x555f35661a04 <unknown>\n#5 0x555f3564703d <unknown>\n#6 0x555f3565f369 <unknown>\n#7 0x555f35646de3 <unknown>\n#8 0x555f3561aa7b <unknown>\n#9 0x555f3561b81e <unknown>\n#10 0x555f35880638 <unknown>\n#11 0x555f35884507 <unknown>\n#12 0x555f3588ec4c <unknown>\n#13 0x555f35885136 <unknown>\n#14 0x555f358539cf <unknown>\n#15 0x555f358a8b98 <unknown>\n#16 0x555f358a8d68 <unknown>\n#17 0x555f358b7cb3 <unknown>\n#18 0x7f9948d46044 <unknown>","time":{"start":1692566040162,"stop":1692566043722,"duration":3560}},{"uid":"73645e69eb5bb47","reportUrl":"https://Nat754.github.io/StroyremAutomation/27//#testresult/73645e69eb5bb47","status":"skipped","statusDetails":"XFAIL хранение логинов/паролей не реализовано\n\nselenium.common.exceptions.TimeoutException: Message: \nStacktrace:\n#0 0x5569c3158613 <unknown>\n#1 0x5569c2e84537 <unknown>\n#2 0x5569c2ec2f53 <unknown>\n#3 0x5569c2ec3041 <unknown>\n#4 0x5569c2efe2a4 <unknown>\n#5 0x5569c2ee3a5d <unknown>\n#6 0x5569c2efbd09 <unknown>\n#7 0x5569c2ee3803 <unknown>\n#8 0x5569c2eb768b <unknown>\n#9 0x5569c2eb842e <unknown>\n#10 0x5569c3119c28 <unknown>\n#11 0x5569c311daf7 <unknown>\n#12 0x5569c312801c <unknown>\n#13 0x5569c311e723 <unknown>\n#14 0x5569c30ed457 <unknown>\n#15 0x5569c3142628 <unknown>\n#16 0x5569c31427b7 <unknown>\n#17 0x5569c3151483 <unknown>\n#18 0x7f8c3e003044 <unknown>","time":{"start":1692061276948,"stop":1692061292110,"duration":15162}},{"uid":"3d115223f2dc23fa","reportUrl":"https://Nat754.github.io/StroyremAutomation/26//#testresult/3d115223f2dc23fa","status":"skipped","statusDetails":"XFAIL хранение логинов/паролей не реализовано\n\nNameError: name 'credentials' is not defined","time":{"start":1691974691858,"stop":1691974696052,"duration":4194}},{"uid":"19b1b3388e3cb679","reportUrl":"https://Nat754.github.io/StroyremAutomation/25//#testresult/19b1b3388e3cb679","status":"skipped","statusDetails":"XFAIL хранение логинов/паролей не реализовано\n\nselenium.common.exceptions.TimeoutException: Message: \nStacktrace:\n#0 0x55f7a004a613 <unknown>\n#1 0x55f79fd76537 <unknown>\n#2 0x55f79fdb4f53 <unknown>\n#3 0x55f79fdb5041 <unknown>\n#4 0x55f79fdf02a4 <unknown>\n#5 0x55f79fdd5a5d <unknown>\n#6 0x55f79fdedd09 <unknown>\n#7 0x55f79fdd5803 <unknown>\n#8 0x55f79fda968b <unknown>\n#9 0x55f79fdaa42e <unknown>\n#10 0x55f7a000bc28 <unknown>\n#11 0x55f7a000faf7 <unknown>\n#12 0x55f7a001a01c <unknown>\n#13 0x55f7a0010723 <unknown>\n#14 0x55f79ffdf457 <unknown>\n#15 0x55f7a0034628 <unknown>\n#16 0x55f7a00347b7 <unknown>\n#17 0x55f7a0043483 <unknown>\n#18 0x7fa6ae835044 <unknown>","time":{"start":1691888360864,"stop":1691888376116,"duration":15252}},{"uid":"5bd80ea7e4965bf6","reportUrl":"https://Nat754.github.io/StroyremAutomation/24//#testresult/5bd80ea7e4965bf6","status":"skipped","statusDetails":"XFAIL хранение логинов/паролей не реализовано\n\nNameError: name 'credentials' is not defined","time":{"start":1691801676097,"stop":1691801680068,"duration":3971}},{"uid":"f9b2c4e7ba9fdc77","reportUrl":"https://Nat754.github.io/StroyremAutomation/23//#testresult/f9b2c4e7ba9fdc77","status":"skipped","statusDetails":"XFAIL хранение логинов/паролей не реализовано\n\nNameError: name 'credentials' is not defined","time":{"start":1691715329548,"stop":1691715333295,"duration":3747}},{"uid":"3c7252dcb5cf5f5e","reportUrl":"https://Nat754.github.io/StroyremAutomation/22//#testresult/3c7252dcb5cf5f5e","status":"skipped","statusDetails":"XFAIL хранение логинов/паролей не реализовано\n\nNameError: name 'credentials' is not defined","time":{"start":1691629659992,"stop":1691629663571,"duration":3579}},{"uid":"da648ad2af6e376f","reportUrl":"https://Nat754.github.io/StroyremAutomation/21//#testresult/da648ad2af6e376f","status":"skipped","statusDetails":"XFAIL хранение логинов/паролей не реализовано\n\nNameError: name 'credentials' is not defined","time":{"start":1691543210401,"stop":1691543214966,"duration":4565}}]},"tags":["@pytest.mark.xfail(reason='Появляется капча Яндекса при запуске теста на Github')","smoke_test"]},"source":"e9a99ee785837268.json","parameterValues":[]}