{"uid":"aa5e7eb0553d896e","name":"test_positive_delivery_green_zone_smoke[TD 005-products/shtukaturka-gipsovaya-aksolit-m50-30-kg-mashinnogo-naneseniya-16-500-600-1590-2190-https://sandboxtest.stroyrem-nn.ru/]","fullName":"tests.delivery.test_delivery_calculation.TestDeliveryPageCalculation#test_positive_delivery_green_zone_smoke","historyId":"e6058ae35d5a637089e6a6aa5edf052c","time":{"start":1705626303016,"stop":1705626433158,"duration":130142},"status":"skipped","statusMessage":"XFAIL\n\nselenium.common.exceptions.WebDriverException: Message: unknown error: net::ERR_CONNECTION_TIMED_OUT\n  (Session info: chrome-headless-shell=120.0.6099.109)\nStacktrace:\n#0 0x5597e2f42f83 <unknown>\n#1 0x5597e2bfbcf7 <unknown>\n#2 0x5597e2bf36ea <unknown>\n#3 0x5597e2be25a1 <unknown>\n#4 0x5597e2be3d40 <unknown>\n#5 0x5597e2be2854 <unknown>\n#6 0x5597e2be1586 <unknown>\n#7 0x5597e2be144a <unknown>\n#8 0x5597e2bdf7e1 <unknown>\n#9 0x5597e2be001a <unknown>\n#10 0x5597e2bfebbe <unknown>\n#11 0x5597e2c947a5 <unknown>\n#12 0x5597e2c750b2 <unknown>\n#13 0x5597e2c94006 <unknown>\n#14 0x5597e2c74e53 <unknown>\n#15 0x5597e2c3cdd4 <unknown>\n#16 0x5597e2c3e1de <unknown>\n#17 0x5597e2f07531 <unknown>\n#18 0x5597e2f0b455 <unknown>\n#19 0x5597e2ef3f55 <unknown>\n#20 0x5597e2f0c0ef <unknown>\n#21 0x5597e2ed799f <unknown>\n#22 0x5597e2f30008 <unknown>\n#23 0x5597e2f301d7 <unknown>\n#24 0x5597e2f42124 <unknown>\n#25 0x7f375edda044 <unknown>","statusTrace":"self = <tests.delivery.test_delivery_calculation.TestDeliveryPageCalculation object at 0x7f1ee846bed0>\ndriver = <selenium.webdriver.chrome.webdriver.WebDriver (session=\"1e38e454ced0a9f6d7daca5fd47840f4\")>\nurl = 'https://sandboxtest.stroyrem-nn.ru/', case_id = 'TD 005'\nlink_item = 'products/shtukaturka-gipsovaya-aksolit-m50-30-kg-mashinnogo-naneseniya'\namount = 16, weight = 500, standard = 600, in_time = 1590, all_time = 2190\n\n    @pytest.mark.parametrize('case_id, link_item, amount, weight, standard, in_time, all_time', [\n        (\"TD 001\", uroven_3000, 1, 30, 0, 1590, 2190),\n        (\"TD 002\", bundeks_25, 1, 30, 400, 1590, 2190),\n        (\"TD 003\", aksolit_30, 8, 300, 400, 1590, 2190),\n        (\"TD 004\", aksolit_30, 13, 400, 450, 1590, 2190),\n        (\"TD 005\", aksolit_30, 16, 500, 600, 1590, 2190),\n        (\"TD 006\", aksolit_30, 25, 1700, 990, 1990, 2480),\n        (\"TD 007\", aksolit_30, 66, 2000, 1300, 2490, 2980),\n        (\"TD 008\", aksolit_30, 149, 4500, 2300, 3980, 4490),\n        (\"TD 009\", aksolit_30, 166, 5000, 2500, 4990, 5480),\n        pytest.param(\n            \"TD 010\", aksolit_30, 206, 6200, 2900, 5570, 6120,\n            marks=pytest.mark.xfail(reson=\"Цена доставки 3600 7960 8980\")\n        ),\n        (\"TD 011\", aksolit_30, 299, 9000, 3600, 7960, 8980),\n        (\"TD 012\", aksolit_30, 333, 10000, 4450, 11990, 12500),\n        pytest.param(\n            \"TD 013\", aksolit_30, 366, 11000, 4800, 12450, 13480,\n            marks=pytest.mark.xfail(reason=\"Цена стандартной доставки 4450\")\n        ),\n        pytest.param(\n            \"TD 014\", aksolit_30, 666, 20000, 5400, 15600, 17490,\n            marks=pytest.mark.xfail(reason=\"Цена стандартной доставки 4450\")\n        )\n    ])\n    @pytest.mark.xfail\n    @pytest.mark.smoke_test\n    def test_positive_delivery_green_zone_smoke(\n            self, driver, url, case_id, link_item, amount, weight, standard, in_time, all_time\n    ):\n    \n>       driver.get(f'{url}{link_item}')\n\ntests/delivery/test_delivery_calculation.py:48: \n_ _ _ _ _ _ _ _ _ _ _ _ _ _ _ _ _ _ _ _ _ _ _ _ _ _ _ _ _ _ _ _ _ _ _ _ _ _ _ _ \n/usr/local/lib/python3.11/site-packages/selenium/webdriver/remote/webdriver.py:354: in get\n    self.execute(Command.GET, {\"url\": url})\n/usr/local/lib/python3.11/site-packages/selenium/webdriver/remote/webdriver.py:345: in execute\n    self.error_handler.check_response(response)\n_ _ _ _ _ _ _ _ _ _ _ _ _ _ _ _ _ _ _ _ _ _ _ _ _ _ _ _ _ _ _ _ _ _ _ _ _ _ _ _ \n\nself = <selenium.webdriver.remote.errorhandler.ErrorHandler object at 0x7f1ee7d9b550>\nresponse = {'status': 500, 'value': '{\"value\":{\"error\":\"unknown error\",\"message\":\"unknown error: net::ERR_CONNECTION_TIMED_OUT\\\\n...\\\\n#23 0x5597e2f301d7 \\\\u003Cunknown>\\\\n#24 0x5597e2f42124 \\\\u003Cunknown>\\\\n#25 0x7f375edda044 \\\\u003Cunknown>\\\\n\"}}'}\n\n    def check_response(self, response: Dict[str, Any]) -> None:\n        \"\"\"Checks that a JSON response from the WebDriver does not have an\n        error.\n    \n        :Args:\n         - response - The JSON response from the WebDriver server as a dictionary\n           object.\n    \n        :Raises: If the response contains an error message.\n        \"\"\"\n        status = response.get(\"status\", None)\n        if not status or status == ErrorCode.SUCCESS:\n            return\n        value = None\n        message = response.get(\"message\", \"\")\n        screen: str = response.get(\"screen\", \"\")\n        stacktrace = None\n        if isinstance(status, int):\n            value_json = response.get(\"value\", None)\n            if value_json and isinstance(value_json, str):\n                import json\n    \n                try:\n                    value = json.loads(value_json)\n                    if len(value) == 1:\n                        value = value[\"value\"]\n                    status = value.get(\"error\", None)\n                    if not status:\n                        status = value.get(\"status\", ErrorCode.UNKNOWN_ERROR)\n                        message = value.get(\"value\") or value.get(\"message\")\n                        if not isinstance(message, str):\n                            value = message\n                            message = message.get(\"message\")\n                    else:\n                        message = value.get(\"message\", None)\n                except ValueError:\n                    pass\n    \n        exception_class: Type[WebDriverException]\n        e = ErrorCode()\n        error_codes = [item for item in dir(e) if not item.startswith(\"__\")]\n        for error_code in error_codes:\n            error_info = getattr(ErrorCode, error_code)\n            if isinstance(error_info, list) and status in error_info:\n                exception_class = getattr(ExceptionMapping, error_code, WebDriverException)\n                break\n        else:\n            exception_class = WebDriverException\n    \n        if not value:\n            value = response[\"value\"]\n        if isinstance(value, str):\n            raise exception_class(value)\n        if message == \"\" and \"message\" in value:\n            message = value[\"message\"]\n    \n        screen = None  # type: ignore[assignment]\n        if \"screen\" in value:\n            screen = value[\"screen\"]\n    \n        stacktrace = None\n        st_value = value.get(\"stackTrace\") or value.get(\"stacktrace\")\n        if st_value:\n            if isinstance(st_value, str):\n                stacktrace = st_value.split(\"\\n\")\n            else:\n                stacktrace = []\n                try:\n                    for frame in st_value:\n                        line = frame.get(\"lineNumber\", \"\")\n                        file = frame.get(\"fileName\", \"<anonymous>\")\n                        if line:\n                            file = f\"{file}:{line}\"\n                        meth = frame.get(\"methodName\", \"<anonymous>\")\n                        if \"className\" in frame:\n                            meth = f\"{frame['className']}.{meth}\"\n                        msg = \"    at %s (%s)\"\n                        msg = msg % (meth, file)\n                        stacktrace.append(msg)\n                except TypeError:\n                    pass\n        if exception_class == UnexpectedAlertPresentException:\n            alert_text = None\n            if \"data\" in value:\n                alert_text = value[\"data\"].get(\"text\")\n            elif \"alert\" in value:\n                alert_text = value[\"alert\"].get(\"text\")\n            raise exception_class(message, screen, stacktrace, alert_text)  # type: ignore[call-arg]  # mypy is not smart enough here\n>       raise exception_class(message, screen, stacktrace)\nE       selenium.common.exceptions.WebDriverException: Message: unknown error: net::ERR_CONNECTION_TIMED_OUT\nE         (Session info: chrome-headless-shell=120.0.6099.109)\nE       Stacktrace:\nE       #0 0x5597e2f42f83 <unknown>\nE       #1 0x5597e2bfbcf7 <unknown>\nE       #2 0x5597e2bf36ea <unknown>\nE       #3 0x5597e2be25a1 <unknown>\nE       #4 0x5597e2be3d40 <unknown>\nE       #5 0x5597e2be2854 <unknown>\nE       #6 0x5597e2be1586 <unknown>\nE       #7 0x5597e2be144a <unknown>\nE       #8 0x5597e2bdf7e1 <unknown>\nE       #9 0x5597e2be001a <unknown>\nE       #10 0x5597e2bfebbe <unknown>\nE       #11 0x5597e2c947a5 <unknown>\nE       #12 0x5597e2c750b2 <unknown>\nE       #13 0x5597e2c94006 <unknown>\nE       #14 0x5597e2c74e53 <unknown>\nE       #15 0x5597e2c3cdd4 <unknown>\nE       #16 0x5597e2c3e1de <unknown>\nE       #17 0x5597e2f07531 <unknown>\nE       #18 0x5597e2f0b455 <unknown>\nE       #19 0x5597e2ef3f55 <unknown>\nE       #20 0x5597e2f0c0ef <unknown>\nE       #21 0x5597e2ed799f <unknown>\nE       #22 0x5597e2f30008 <unknown>\nE       #23 0x5597e2f301d7 <unknown>\nE       #24 0x5597e2f42124 <unknown>\nE       #25 0x7f375edda044 <unknown>\n\n/usr/local/lib/python3.11/site-packages/selenium/webdriver/remote/errorhandler.py:229: WebDriverException","flaky":false,"newFailed":false,"newBroken":false,"newPassed":false,"retriesCount":0,"retriesStatusChange":false,"beforeStages":[{"name":"_session_faker","time":{"start":1705625534495,"stop":1705625534563,"duration":68},"status":"passed","steps":[],"attachments":[],"parameters":[],"shouldDisplayMessage":false,"stepsCount":0,"attachmentsCount":0,"hasContent":false,"attachmentStep":false},{"name":"clear_allure_results_folder","time":{"start":1705625534563,"stop":1705625534563,"duration":0},"status":"passed","steps":[],"attachments":[],"parameters":[],"shouldDisplayMessage":false,"stepsCount":0,"attachmentsCount":0,"hasContent":false,"attachmentStep":false},{"name":"driver","time":{"start":1705626302243,"stop":1705626303015,"duration":772},"status":"passed","steps":[],"attachments":[],"parameters":[],"shouldDisplayMessage":false,"stepsCount":0,"attachmentsCount":0,"hasContent":false,"attachmentStep":false},{"name":"setup","time":{"start":1705626303015,"stop":1705626303015,"duration":0},"status":"passed","steps":[],"attachments":[],"parameters":[],"shouldDisplayMessage":false,"stepsCount":0,"attachmentsCount":0,"hasContent":false,"attachmentStep":false}],"testStage":{"status":"skipped","statusMessage":"XFAIL\n\nselenium.common.exceptions.WebDriverException: Message: unknown error: net::ERR_CONNECTION_TIMED_OUT\n  (Session info: chrome-headless-shell=120.0.6099.109)\nStacktrace:\n#0 0x5597e2f42f83 <unknown>\n#1 0x5597e2bfbcf7 <unknown>\n#2 0x5597e2bf36ea <unknown>\n#3 0x5597e2be25a1 <unknown>\n#4 0x5597e2be3d40 <unknown>\n#5 0x5597e2be2854 <unknown>\n#6 0x5597e2be1586 <unknown>\n#7 0x5597e2be144a <unknown>\n#8 0x5597e2bdf7e1 <unknown>\n#9 0x5597e2be001a <unknown>\n#10 0x5597e2bfebbe <unknown>\n#11 0x5597e2c947a5 <unknown>\n#12 0x5597e2c750b2 <unknown>\n#13 0x5597e2c94006 <unknown>\n#14 0x5597e2c74e53 <unknown>\n#15 0x5597e2c3cdd4 <unknown>\n#16 0x5597e2c3e1de <unknown>\n#17 0x5597e2f07531 <unknown>\n#18 0x5597e2f0b455 <unknown>\n#19 0x5597e2ef3f55 <unknown>\n#20 0x5597e2f0c0ef <unknown>\n#21 0x5597e2ed799f <unknown>\n#22 0x5597e2f30008 <unknown>\n#23 0x5597e2f301d7 <unknown>\n#24 0x5597e2f42124 <unknown>\n#25 0x7f375edda044 <unknown>","statusTrace":"self = <tests.delivery.test_delivery_calculation.TestDeliveryPageCalculation object at 0x7f1ee846bed0>\ndriver = <selenium.webdriver.chrome.webdriver.WebDriver (session=\"1e38e454ced0a9f6d7daca5fd47840f4\")>\nurl = 'https://sandboxtest.stroyrem-nn.ru/', case_id = 'TD 005'\nlink_item = 'products/shtukaturka-gipsovaya-aksolit-m50-30-kg-mashinnogo-naneseniya'\namount = 16, weight = 500, standard = 600, in_time = 1590, all_time = 2190\n\n    @pytest.mark.parametrize('case_id, link_item, amount, weight, standard, in_time, all_time', [\n        (\"TD 001\", uroven_3000, 1, 30, 0, 1590, 2190),\n        (\"TD 002\", bundeks_25, 1, 30, 400, 1590, 2190),\n        (\"TD 003\", aksolit_30, 8, 300, 400, 1590, 2190),\n        (\"TD 004\", aksolit_30, 13, 400, 450, 1590, 2190),\n        (\"TD 005\", aksolit_30, 16, 500, 600, 1590, 2190),\n        (\"TD 006\", aksolit_30, 25, 1700, 990, 1990, 2480),\n        (\"TD 007\", aksolit_30, 66, 2000, 1300, 2490, 2980),\n        (\"TD 008\", aksolit_30, 149, 4500, 2300, 3980, 4490),\n        (\"TD 009\", aksolit_30, 166, 5000, 2500, 4990, 5480),\n        pytest.param(\n            \"TD 010\", aksolit_30, 206, 6200, 2900, 5570, 6120,\n            marks=pytest.mark.xfail(reson=\"Цена доставки 3600 7960 8980\")\n        ),\n        (\"TD 011\", aksolit_30, 299, 9000, 3600, 7960, 8980),\n        (\"TD 012\", aksolit_30, 333, 10000, 4450, 11990, 12500),\n        pytest.param(\n            \"TD 013\", aksolit_30, 366, 11000, 4800, 12450, 13480,\n            marks=pytest.mark.xfail(reason=\"Цена стандартной доставки 4450\")\n        ),\n        pytest.param(\n            \"TD 014\", aksolit_30, 666, 20000, 5400, 15600, 17490,\n            marks=pytest.mark.xfail(reason=\"Цена стандартной доставки 4450\")\n        )\n    ])\n    @pytest.mark.xfail\n    @pytest.mark.smoke_test\n    def test_positive_delivery_green_zone_smoke(\n            self, driver, url, case_id, link_item, amount, weight, standard, in_time, all_time\n    ):\n    \n>       driver.get(f'{url}{link_item}')\n\ntests/delivery/test_delivery_calculation.py:48: \n_ _ _ _ _ _ _ _ _ _ _ _ _ _ _ _ _ _ _ _ _ _ _ _ _ _ _ _ _ _ _ _ _ _ _ _ _ _ _ _ \n/usr/local/lib/python3.11/site-packages/selenium/webdriver/remote/webdriver.py:354: in get\n    self.execute(Command.GET, {\"url\": url})\n/usr/local/lib/python3.11/site-packages/selenium/webdriver/remote/webdriver.py:345: in execute\n    self.error_handler.check_response(response)\n_ _ _ _ _ _ _ _ _ _ _ _ _ _ _ _ _ _ _ _ _ _ _ _ _ _ _ _ _ _ _ _ _ _ _ _ _ _ _ _ \n\nself = <selenium.webdriver.remote.errorhandler.ErrorHandler object at 0x7f1ee7d9b550>\nresponse = {'status': 500, 'value': '{\"value\":{\"error\":\"unknown error\",\"message\":\"unknown error: net::ERR_CONNECTION_TIMED_OUT\\\\n...\\\\n#23 0x5597e2f301d7 \\\\u003Cunknown>\\\\n#24 0x5597e2f42124 \\\\u003Cunknown>\\\\n#25 0x7f375edda044 \\\\u003Cunknown>\\\\n\"}}'}\n\n    def check_response(self, response: Dict[str, Any]) -> None:\n        \"\"\"Checks that a JSON response from the WebDriver does not have an\n        error.\n    \n        :Args:\n         - response - The JSON response from the WebDriver server as a dictionary\n           object.\n    \n        :Raises: If the response contains an error message.\n        \"\"\"\n        status = response.get(\"status\", None)\n        if not status or status == ErrorCode.SUCCESS:\n            return\n        value = None\n        message = response.get(\"message\", \"\")\n        screen: str = response.get(\"screen\", \"\")\n        stacktrace = None\n        if isinstance(status, int):\n            value_json = response.get(\"value\", None)\n            if value_json and isinstance(value_json, str):\n                import json\n    \n                try:\n                    value = json.loads(value_json)\n                    if len(value) == 1:\n                        value = value[\"value\"]\n                    status = value.get(\"error\", None)\n                    if not status:\n                        status = value.get(\"status\", ErrorCode.UNKNOWN_ERROR)\n                        message = value.get(\"value\") or value.get(\"message\")\n                        if not isinstance(message, str):\n                            value = message\n                            message = message.get(\"message\")\n                    else:\n                        message = value.get(\"message\", None)\n                except ValueError:\n                    pass\n    \n        exception_class: Type[WebDriverException]\n        e = ErrorCode()\n        error_codes = [item for item in dir(e) if not item.startswith(\"__\")]\n        for error_code in error_codes:\n            error_info = getattr(ErrorCode, error_code)\n            if isinstance(error_info, list) and status in error_info:\n                exception_class = getattr(ExceptionMapping, error_code, WebDriverException)\n                break\n        else:\n            exception_class = WebDriverException\n    \n        if not value:\n            value = response[\"value\"]\n        if isinstance(value, str):\n            raise exception_class(value)\n        if message == \"\" and \"message\" in value:\n            message = value[\"message\"]\n    \n        screen = None  # type: ignore[assignment]\n        if \"screen\" in value:\n            screen = value[\"screen\"]\n    \n        stacktrace = None\n        st_value = value.get(\"stackTrace\") or value.get(\"stacktrace\")\n        if st_value:\n            if isinstance(st_value, str):\n                stacktrace = st_value.split(\"\\n\")\n            else:\n                stacktrace = []\n                try:\n                    for frame in st_value:\n                        line = frame.get(\"lineNumber\", \"\")\n                        file = frame.get(\"fileName\", \"<anonymous>\")\n                        if line:\n                            file = f\"{file}:{line}\"\n                        meth = frame.get(\"methodName\", \"<anonymous>\")\n                        if \"className\" in frame:\n                            meth = f\"{frame['className']}.{meth}\"\n                        msg = \"    at %s (%s)\"\n                        msg = msg % (meth, file)\n                        stacktrace.append(msg)\n                except TypeError:\n                    pass\n        if exception_class == UnexpectedAlertPresentException:\n            alert_text = None\n            if \"data\" in value:\n                alert_text = value[\"data\"].get(\"text\")\n            elif \"alert\" in value:\n                alert_text = value[\"alert\"].get(\"text\")\n            raise exception_class(message, screen, stacktrace, alert_text)  # type: ignore[call-arg]  # mypy is not smart enough here\n>       raise exception_class(message, screen, stacktrace)\nE       selenium.common.exceptions.WebDriverException: Message: unknown error: net::ERR_CONNECTION_TIMED_OUT\nE         (Session info: chrome-headless-shell=120.0.6099.109)\nE       Stacktrace:\nE       #0 0x5597e2f42f83 <unknown>\nE       #1 0x5597e2bfbcf7 <unknown>\nE       #2 0x5597e2bf36ea <unknown>\nE       #3 0x5597e2be25a1 <unknown>\nE       #4 0x5597e2be3d40 <unknown>\nE       #5 0x5597e2be2854 <unknown>\nE       #6 0x5597e2be1586 <unknown>\nE       #7 0x5597e2be144a <unknown>\nE       #8 0x5597e2bdf7e1 <unknown>\nE       #9 0x5597e2be001a <unknown>\nE       #10 0x5597e2bfebbe <unknown>\nE       #11 0x5597e2c947a5 <unknown>\nE       #12 0x5597e2c750b2 <unknown>\nE       #13 0x5597e2c94006 <unknown>\nE       #14 0x5597e2c74e53 <unknown>\nE       #15 0x5597e2c3cdd4 <unknown>\nE       #16 0x5597e2c3e1de <unknown>\nE       #17 0x5597e2f07531 <unknown>\nE       #18 0x5597e2f0b455 <unknown>\nE       #19 0x5597e2ef3f55 <unknown>\nE       #20 0x5597e2f0c0ef <unknown>\nE       #21 0x5597e2ed799f <unknown>\nE       #22 0x5597e2f30008 <unknown>\nE       #23 0x5597e2f301d7 <unknown>\nE       #24 0x5597e2f42124 <unknown>\nE       #25 0x7f375edda044 <unknown>\n\n/usr/local/lib/python3.11/site-packages/selenium/webdriver/remote/errorhandler.py:229: WebDriverException","steps":[],"attachments":[{"uid":"b614cb624dacb7a0","name":"Screenshot","source":"b614cb624dacb7a0.png","type":"image/png","size":5862},{"uid":"db8701cd4dcbe876","name":"HTML source","source":"db8701cd4dcbe876.html","type":"text/html","size":39}],"parameters":[],"shouldDisplayMessage":true,"stepsCount":0,"attachmentsCount":2,"hasContent":true,"attachmentStep":false},"afterStages":[{"name":"setup::0","time":{"start":1705626433259,"stop":1705626433260,"duration":1},"status":"passed","steps":[],"attachments":[],"parameters":[],"shouldDisplayMessage":false,"stepsCount":0,"attachmentsCount":0,"hasContent":false,"attachmentStep":false},{"name":"driver::0","time":{"start":1705626433260,"stop":1705626433316,"duration":56},"status":"passed","steps":[],"attachments":[],"parameters":[],"shouldDisplayMessage":false,"stepsCount":0,"attachmentsCount":0,"hasContent":false,"attachmentStep":false}],"labels":[{"name":"epic","value":"Delivery Page - calculation"},{"name":"tag","value":"smoke_test"},{"name":"tag","value":"@pytest.mark.xfail"},{"name":"parentSuite","value":"tests.delivery"},{"name":"suite","value":"test_delivery_calculation"},{"name":"subSuite","value":"TestDeliveryPageCalculation"},{"name":"host","value":"36181a51a6b2"},{"name":"thread","value":"1-MainThread"},{"name":"framework","value":"pytest"},{"name":"language","value":"cpython3"},{"name":"package","value":"tests.delivery.test_delivery_calculation"},{"name":"resultFormat","value":"allure2"}],"parameters":[{"name":"all_time","value":"2190"},{"name":"amount","value":"16"},{"name":"case_id","value":"'TD 005'"},{"name":"in_time","value":"1590"},{"name":"link_item","value":"'products/shtukaturka-gipsovaya-aksolit-m50-30-kg-mashinnogo-naneseniya'"},{"name":"standard","value":"600"},{"name":"url","value":"'https://sandboxtest.stroyrem-nn.ru/'"},{"name":"weight","value":"500"}],"links":[],"hidden":false,"retry":false,"extra":{"severity":"normal","retries":[],"categories":[],"history":{"statistic":{"failed":0,"broken":13,"skipped":130,"passed":0,"unknown":0,"total":143},"items":[{"uid":"68e3352d150fb4cb","reportUrl":"https://Nat754.github.io/StroyremAutomation/190//#testresult/68e3352d150fb4cb","status":"skipped","statusDetails":"XFAIL\n\nselenium.common.exceptions.WebDriverException: Message: unknown error: net::ERR_CONNECTION_TIMED_OUT\n  (Session info: chrome-headless-shell=120.0.6099.109)\nStacktrace:\n#0 0x5573610d4f83 <unknown>\n#1 0x557360d8dcf7 <unknown>\n#2 0x557360d856ea <unknown>\n#3 0x557360d745a1 <unknown>\n#4 0x557360d75d40 <unknown>\n#5 0x557360d74854 <unknown>\n#6 0x557360d73586 <unknown>\n#7 0x557360d7344a <unknown>\n#8 0x557360d717e1 <unknown>\n#9 0x557360d7201a <unknown>\n#10 0x557360d90bbe <unknown>\n#11 0x557360e267a5 <unknown>\n#12 0x557360e070b2 <unknown>\n#13 0x557360e26006 <unknown>\n#14 0x557360e06e53 <unknown>\n#15 0x557360dcedd4 <unknown>\n#16 0x557360dd01de <unknown>\n#17 0x557361099531 <unknown>\n#18 0x55736109d455 <unknown>\n#19 0x557361085f55 <unknown>\n#20 0x55736109e0ef <unknown>\n#21 0x55736106999f <unknown>\n#22 0x5573610c2008 <unknown>\n#23 0x5573610c21d7 <unknown>\n#24 0x5573610d4124 <unknown>\n#25 0x7fcfed062044 <unknown>","time":{"start":1705539872437,"stop":1705540002553,"duration":130116}},{"uid":"7945783ca1b9322d","reportUrl":"https://Nat754.github.io/StroyremAutomation/189//#testresult/7945783ca1b9322d","status":"skipped","statusDetails":"XFAIL\n\nselenium.common.exceptions.WebDriverException: Message: unknown error: net::ERR_CONNECTION_TIMED_OUT\n  (Session info: chrome-headless-shell=120.0.6099.109)\nStacktrace:\n#0 0x5636408adf83 <unknown>\n#1 0x563640566cf7 <unknown>\n#2 0x56364055e6ea <unknown>\n#3 0x56364054d5a1 <unknown>\n#4 0x56364054ed40 <unknown>\n#5 0x56364054d854 <unknown>\n#6 0x56364054c586 <unknown>\n#7 0x56364054c44a <unknown>\n#8 0x56364054a7e1 <unknown>\n#9 0x56364054b01a <unknown>\n#10 0x563640569bbe <unknown>\n#11 0x5636405ff7a5 <unknown>\n#12 0x5636405e00b2 <unknown>\n#13 0x5636405ff006 <unknown>\n#14 0x5636405dfe53 <unknown>\n#15 0x5636405a7dd4 <unknown>\n#16 0x5636405a91de <unknown>\n#17 0x563640872531 <unknown>\n#18 0x563640876455 <unknown>\n#19 0x56364085ef55 <unknown>\n#20 0x5636408770ef <unknown>\n#21 0x56364084299f <unknown>\n#22 0x56364089b008 <unknown>\n#23 0x56364089b1d7 <unknown>\n#24 0x5636408ad124 <unknown>\n#25 0x7fa43b668044 <unknown>","time":{"start":1705453499778,"stop":1705453629908,"duration":130130}},{"uid":"4a997a7280c943df","reportUrl":"https://Nat754.github.io/StroyremAutomation/188//#testresult/4a997a7280c943df","status":"skipped","statusDetails":"XFAIL\n\nselenium.common.exceptions.WebDriverException: Message: unknown error: net::ERR_CONNECTION_TIMED_OUT\n  (Session info: chrome-headless-shell=120.0.6099.109)\nStacktrace:\n#0 0x56515bdcef83 <unknown>\n#1 0x56515ba87cf7 <unknown>\n#2 0x56515ba7f6ea <unknown>\n#3 0x56515ba6e5a1 <unknown>\n#4 0x56515ba6fd40 <unknown>\n#5 0x56515ba6e854 <unknown>\n#6 0x56515ba6d586 <unknown>\n#7 0x56515ba6d44a <unknown>\n#8 0x56515ba6b7e1 <unknown>\n#9 0x56515ba6c01a <unknown>\n#10 0x56515ba8abbe <unknown>\n#11 0x56515bb207a5 <unknown>\n#12 0x56515bb010b2 <unknown>\n#13 0x56515bb20006 <unknown>\n#14 0x56515bb00e53 <unknown>\n#15 0x56515bac8dd4 <unknown>\n#16 0x56515baca1de <unknown>\n#17 0x56515bd93531 <unknown>\n#18 0x56515bd97455 <unknown>\n#19 0x56515bd7ff55 <unknown>\n#20 0x56515bd980ef <unknown>\n#21 0x56515bd6399f <unknown>\n#22 0x56515bdbc008 <unknown>\n#23 0x56515bdbc1d7 <unknown>\n#24 0x56515bdce124 <unknown>\n#25 0x7f511d45d044 <unknown>","time":{"start":1705367216338,"stop":1705367346466,"duration":130128}},{"uid":"915bf3ee93e2aef1","reportUrl":"https://Nat754.github.io/StroyremAutomation/187//#testresult/915bf3ee93e2aef1","status":"skipped","statusDetails":"XFAIL\n\nselenium.common.exceptions.NoSuchElementException: Message: no such element: Unable to locate element: {\"method\":\"xpath\",\"selector\":\"(//a[@class='add-to-cart yellow-btn'])[1]\"}\n  (Session info: chrome-headless-shell=120.0.6099.109); For documentation on this error, please visit: https://www.selenium.dev/documentation/webdriver/troubleshooting/errors#no-such-element-exception\nStacktrace:\n#0 0x559068ce0f83 <unknown>\n#1 0x559068999cf7 <unknown>\n#2 0x5590689e999e <unknown>\n#3 0x5590689e9aa1 <unknown>\n#4 0x559068a34d64 <unknown>\n#5 0x559068a130dd <unknown>\n#6 0x559068a32006 <unknown>\n#7 0x559068a12e53 <unknown>\n#8 0x5590689dadd4 <unknown>\n#9 0x5590689dc1de <unknown>\n#10 0x559068ca5531 <unknown>\n#11 0x559068ca9455 <unknown>\n#12 0x559068c91f55 <unknown>\n#13 0x559068caa0ef <unknown>\n#14 0x559068c7599f <unknown>\n#15 0x559068cce008 <unknown>\n#16 0x559068cce1d7 <unknown>\n#17 0x559068ce0124 <unknown>\n#18 0x7f1b728cd044 <unknown>","time":{"start":1705280316824,"stop":1705280317406,"duration":582}},{"uid":"325dc8c68739da3e","reportUrl":"https://Nat754.github.io/StroyremAutomation/186//#testresult/325dc8c68739da3e","status":"skipped","statusDetails":"XFAIL\n\nselenium.common.exceptions.NoSuchElementException: Message: no such element: Unable to locate element: {\"method\":\"xpath\",\"selector\":\"(//a[@class='add-to-cart yellow-btn'])[1]\"}\n  (Session info: chrome-headless-shell=120.0.6099.109); For documentation on this error, please visit: https://www.selenium.dev/documentation/webdriver/troubleshooting/errors#no-such-element-exception\nStacktrace:\n#0 0x560a5062ef83 <unknown>\n#1 0x560a502e7cf7 <unknown>\n#2 0x560a5033799e <unknown>\n#3 0x560a50337aa1 <unknown>\n#4 0x560a50382d64 <unknown>\n#5 0x560a503610dd <unknown>\n#6 0x560a50380006 <unknown>\n#7 0x560a50360e53 <unknown>\n#8 0x560a50328dd4 <unknown>\n#9 0x560a5032a1de <unknown>\n#10 0x560a505f3531 <unknown>\n#11 0x560a505f7455 <unknown>\n#12 0x560a505dff55 <unknown>\n#13 0x560a505f80ef <unknown>\n#14 0x560a505c399f <unknown>\n#15 0x560a5061c008 <unknown>\n#16 0x560a5061c1d7 <unknown>\n#17 0x560a5062e124 <unknown>\n#18 0x7f4602f00044 <unknown>","time":{"start":1705194059318,"stop":1705194059965,"duration":647}},{"uid":"8a63d782400f7e97","reportUrl":"https://Nat754.github.io/StroyremAutomation/185//#testresult/8a63d782400f7e97","status":"skipped","statusDetails":"XFAIL\n\nselenium.common.exceptions.NoSuchElementException: Message: no such element: Unable to locate element: {\"method\":\"xpath\",\"selector\":\"(//a[@class='add-to-cart yellow-btn'])[1]\"}\n  (Session info: chrome-headless-shell=120.0.6099.109); For documentation on this error, please visit: https://www.selenium.dev/documentation/webdriver/troubleshooting/errors#no-such-element-exception\nStacktrace:\n#0 0x5587f8a1ef83 <unknown>\n#1 0x5587f86d7cf7 <unknown>\n#2 0x5587f872799e <unknown>\n#3 0x5587f8727aa1 <unknown>\n#4 0x5587f8772d64 <unknown>\n#5 0x5587f87510dd <unknown>\n#6 0x5587f8770006 <unknown>\n#7 0x5587f8750e53 <unknown>\n#8 0x5587f8718dd4 <unknown>\n#9 0x5587f871a1de <unknown>\n#10 0x5587f89e3531 <unknown>\n#11 0x5587f89e7455 <unknown>\n#12 0x5587f89cff55 <unknown>\n#13 0x5587f89e80ef <unknown>\n#14 0x5587f89b399f <unknown>\n#15 0x5587f8a0c008 <unknown>\n#16 0x5587f8a0c1d7 <unknown>\n#17 0x5587f8a1e124 <unknown>\n#18 0x7f58fa645044 <unknown>","time":{"start":1705107370211,"stop":1705107370865,"duration":654}},{"uid":"eca0a51c870e9f24","reportUrl":"https://Nat754.github.io/StroyremAutomation/184//#testresult/eca0a51c870e9f24","status":"skipped","statusDetails":"XFAIL\n\nselenium.common.exceptions.NoSuchElementException: Message: no such element: Unable to locate element: {\"method\":\"xpath\",\"selector\":\"(//a[@class='add-to-cart yellow-btn'])[1]\"}\n  (Session info: chrome-headless-shell=120.0.6099.109); For documentation on this error, please visit: https://www.selenium.dev/documentation/webdriver/troubleshooting/errors#no-such-element-exception\nStacktrace:\n#0 0x55804d4a8f83 <unknown>\n#1 0x55804d161cf7 <unknown>\n#2 0x55804d1b199e <unknown>\n#3 0x55804d1b1aa1 <unknown>\n#4 0x55804d1fcd64 <unknown>\n#5 0x55804d1db0dd <unknown>\n#6 0x55804d1fa006 <unknown>\n#7 0x55804d1dae53 <unknown>\n#8 0x55804d1a2dd4 <unknown>\n#9 0x55804d1a41de <unknown>\n#10 0x55804d46d531 <unknown>\n#11 0x55804d471455 <unknown>\n#12 0x55804d459f55 <unknown>\n#13 0x55804d4720ef <unknown>\n#14 0x55804d43d99f <unknown>\n#15 0x55804d496008 <unknown>\n#16 0x55804d4961d7 <unknown>\n#17 0x55804d4a8124 <unknown>\n#18 0x7fba05472044 <unknown>","time":{"start":1705021003461,"stop":1705021003923,"duration":462}},{"uid":"bb43ad44f6fc8c37","reportUrl":"https://Nat754.github.io/StroyremAutomation/183//#testresult/bb43ad44f6fc8c37","status":"skipped","statusDetails":"XFAIL\n\nselenium.common.exceptions.NoSuchElementException: Message: no such element: Unable to locate element: {\"method\":\"xpath\",\"selector\":\"(//a[@class='add-to-cart yellow-btn'])[1]\"}\n  (Session info: chrome-headless-shell=120.0.6099.109); For documentation on this error, please visit: https://www.selenium.dev/documentation/webdriver/troubleshooting/errors#no-such-element-exception\nStacktrace:\n#0 0x5633b8bd2f83 <unknown>\n#1 0x5633b888bcf7 <unknown>\n#2 0x5633b88db99e <unknown>\n#3 0x5633b88dbaa1 <unknown>\n#4 0x5633b8926d64 <unknown>\n#5 0x5633b89050dd <unknown>\n#6 0x5633b8924006 <unknown>\n#7 0x5633b8904e53 <unknown>\n#8 0x5633b88ccdd4 <unknown>\n#9 0x5633b88ce1de <unknown>\n#10 0x5633b8b97531 <unknown>\n#11 0x5633b8b9b455 <unknown>\n#12 0x5633b8b83f55 <unknown>\n#13 0x5633b8b9c0ef <unknown>\n#14 0x5633b8b6799f <unknown>\n#15 0x5633b8bc0008 <unknown>\n#16 0x5633b8bc01d7 <unknown>\n#17 0x5633b8bd2124 <unknown>\n#18 0x7fc6e707b044 <unknown>","time":{"start":1704934603256,"stop":1704934604091,"duration":835}},{"uid":"7c2af1d2a0f8c3e0","reportUrl":"https://Nat754.github.io/StroyremAutomation/182//#testresult/7c2af1d2a0f8c3e0","status":"skipped","statusDetails":"XFAIL\n\nselenium.common.exceptions.NoSuchElementException: Message: no such element: Unable to locate element: {\"method\":\"xpath\",\"selector\":\"(//a[@class='add-to-cart yellow-btn'])[1]\"}\n  (Session info: chrome-headless-shell=120.0.6099.109); For documentation on this error, please visit: https://www.selenium.dev/documentation/webdriver/troubleshooting/errors#no-such-element-exception\nStacktrace:\n#0 0x55d465681f83 <unknown>\n#1 0x55d46533acf7 <unknown>\n#2 0x55d46538a99e <unknown>\n#3 0x55d46538aaa1 <unknown>\n#4 0x55d4653d5d64 <unknown>\n#5 0x55d4653b40dd <unknown>\n#6 0x55d4653d3006 <unknown>\n#7 0x55d4653b3e53 <unknown>\n#8 0x55d46537bdd4 <unknown>\n#9 0x55d46537d1de <unknown>\n#10 0x55d465646531 <unknown>\n#11 0x55d46564a455 <unknown>\n#12 0x55d465632f55 <unknown>\n#13 0x55d46564b0ef <unknown>\n#14 0x55d46561699f <unknown>\n#15 0x55d46566f008 <unknown>\n#16 0x55d46566f1d7 <unknown>\n#17 0x55d465681124 <unknown>\n#18 0x7f5d7d750044 <unknown>","time":{"start":1704848213376,"stop":1704848213875,"duration":499}},{"uid":"89299b997df1b32f","reportUrl":"https://Nat754.github.io/StroyremAutomation/181//#testresult/89299b997df1b32f","status":"skipped","statusDetails":"XFAIL\n\nselenium.common.exceptions.NoSuchElementException: Message: no such element: Unable to locate element: {\"method\":\"xpath\",\"selector\":\"(//a[@class='add-to-cart yellow-btn'])[1]\"}\n  (Session info: chrome-headless-shell=120.0.6099.109); For documentation on this error, please visit: https://www.selenium.dev/documentation/webdriver/troubleshooting/errors#no-such-element-exception\nStacktrace:\n#0 0x555c9304bf83 <unknown>\n#1 0x555c92d04cf7 <unknown>\n#2 0x555c92d5499e <unknown>\n#3 0x555c92d54aa1 <unknown>\n#4 0x555c92d9fd64 <unknown>\n#5 0x555c92d7e0dd <unknown>\n#6 0x555c92d9d006 <unknown>\n#7 0x555c92d7de53 <unknown>\n#8 0x555c92d45dd4 <unknown>\n#9 0x555c92d471de <unknown>\n#10 0x555c93010531 <unknown>\n#11 0x555c93014455 <unknown>\n#12 0x555c92ffcf55 <unknown>\n#13 0x555c930150ef <unknown>\n#14 0x555c92fe099f <unknown>\n#15 0x555c93039008 <unknown>\n#16 0x555c930391d7 <unknown>\n#17 0x555c9304b124 <unknown>\n#18 0x7fa269b99044 <unknown>","time":{"start":1704761753367,"stop":1704761753894,"duration":527}},{"uid":"aaf4e2c1d62aea6b","reportUrl":"https://Nat754.github.io/StroyremAutomation/180//#testresult/aaf4e2c1d62aea6b","status":"skipped","statusDetails":"XFAIL\n\nselenium.common.exceptions.NoSuchElementException: Message: no such element: Unable to locate element: {\"method\":\"xpath\",\"selector\":\"(//a[@class='add-to-cart yellow-btn'])[1]\"}\n  (Session info: chrome-headless-shell=120.0.6099.109); For documentation on this error, please visit: https://www.selenium.dev/documentation/webdriver/troubleshooting/errors#no-such-element-exception\nStacktrace:\n#0 0x55b5b4f55f83 <unknown>\n#1 0x55b5b4c0ecf7 <unknown>\n#2 0x55b5b4c5e99e <unknown>\n#3 0x55b5b4c5eaa1 <unknown>\n#4 0x55b5b4ca9d64 <unknown>\n#5 0x55b5b4c880dd <unknown>\n#6 0x55b5b4ca7006 <unknown>\n#7 0x55b5b4c87e53 <unknown>\n#8 0x55b5b4c4fdd4 <unknown>\n#9 0x55b5b4c511de <unknown>\n#10 0x55b5b4f1a531 <unknown>\n#11 0x55b5b4f1e455 <unknown>\n#12 0x55b5b4f06f55 <unknown>\n#13 0x55b5b4f1f0ef <unknown>\n#14 0x55b5b4eea99f <unknown>\n#15 0x55b5b4f43008 <unknown>\n#16 0x55b5b4f431d7 <unknown>\n#17 0x55b5b4f55124 <unknown>\n#18 0x7f7231133044 <unknown>","time":{"start":1704675371204,"stop":1704675371654,"duration":450}},{"uid":"fcb01f1fc8d538a5","reportUrl":"https://Nat754.github.io/StroyremAutomation/179//#testresult/fcb01f1fc8d538a5","status":"skipped","statusDetails":"XFAIL\n\nselenium.common.exceptions.NoSuchElementException: Message: no such element: Unable to locate element: {\"method\":\"xpath\",\"selector\":\"(//a[@class='add-to-cart yellow-btn'])[1]\"}\n  (Session info: chrome-headless-shell=120.0.6099.109); For documentation on this error, please visit: https://www.selenium.dev/documentation/webdriver/troubleshooting/errors#no-such-element-exception\nStacktrace:\n#0 0x564dfc88cf83 <unknown>\n#1 0x564dfc545cf7 <unknown>\n#2 0x564dfc59599e <unknown>\n#3 0x564dfc595aa1 <unknown>\n#4 0x564dfc5e0d64 <unknown>\n#5 0x564dfc5bf0dd <unknown>\n#6 0x564dfc5de006 <unknown>\n#7 0x564dfc5bee53 <unknown>\n#8 0x564dfc586dd4 <unknown>\n#9 0x564dfc5881de <unknown>\n#10 0x564dfc851531 <unknown>\n#11 0x564dfc855455 <unknown>\n#12 0x564dfc83df55 <unknown>\n#13 0x564dfc8560ef <unknown>\n#14 0x564dfc82199f <unknown>\n#15 0x564dfc87a008 <unknown>\n#16 0x564dfc87a1d7 <unknown>\n#17 0x564dfc88c124 <unknown>\n#18 0x7fb414678044 <unknown>","time":{"start":1704589204869,"stop":1704589205499,"duration":630}},{"uid":"6355e763e53cf482","reportUrl":"https://Nat754.github.io/StroyremAutomation/178//#testresult/6355e763e53cf482","status":"skipped","statusDetails":"XFAIL\n\nselenium.common.exceptions.NoSuchElementException: Message: no such element: Unable to locate element: {\"method\":\"xpath\",\"selector\":\"(//a[@class='add-to-cart yellow-btn'])[1]\"}\n  (Session info: chrome-headless-shell=120.0.6099.109); For documentation on this error, please visit: https://www.selenium.dev/documentation/webdriver/troubleshooting/errors#no-such-element-exception\nStacktrace:\n#0 0x55ab71e02f83 <unknown>\n#1 0x55ab71abbcf7 <unknown>\n#2 0x55ab71b0b99e <unknown>\n#3 0x55ab71b0baa1 <unknown>\n#4 0x55ab71b56d64 <unknown>\n#5 0x55ab71b350dd <unknown>\n#6 0x55ab71b54006 <unknown>\n#7 0x55ab71b34e53 <unknown>\n#8 0x55ab71afcdd4 <unknown>\n#9 0x55ab71afe1de <unknown>\n#10 0x55ab71dc7531 <unknown>\n#11 0x55ab71dcb455 <unknown>\n#12 0x55ab71db3f55 <unknown>\n#13 0x55ab71dcc0ef <unknown>\n#14 0x55ab71d9799f <unknown>\n#15 0x55ab71df0008 <unknown>\n#16 0x55ab71df01d7 <unknown>\n#17 0x55ab71e02124 <unknown>\n#18 0x7f2eda549044 <unknown>","time":{"start":1704502467049,"stop":1704502467629,"duration":580}},{"uid":"6b81b23706d991bc","reportUrl":"https://Nat754.github.io/StroyremAutomation/177//#testresult/6b81b23706d991bc","status":"skipped","statusDetails":"XFAIL\n\nselenium.common.exceptions.NoSuchElementException: Message: no such element: Unable to locate element: {\"method\":\"xpath\",\"selector\":\"(//a[@class='add-to-cart yellow-btn'])[1]\"}\n  (Session info: chrome-headless-shell=120.0.6099.109); For documentation on this error, please visit: https://www.selenium.dev/documentation/webdriver/troubleshooting/errors#no-such-element-exception\nStacktrace:\n#0 0x561647f96f83 <unknown>\n#1 0x561647c4fcf7 <unknown>\n#2 0x561647c9f99e <unknown>\n#3 0x561647c9faa1 <unknown>\n#4 0x561647cead64 <unknown>\n#5 0x561647cc90dd <unknown>\n#6 0x561647ce8006 <unknown>\n#7 0x561647cc8e53 <unknown>\n#8 0x561647c90dd4 <unknown>\n#9 0x561647c921de <unknown>\n#10 0x561647f5b531 <unknown>\n#11 0x561647f5f455 <unknown>\n#12 0x561647f47f55 <unknown>\n#13 0x561647f600ef <unknown>\n#14 0x561647f2b99f <unknown>\n#15 0x561647f84008 <unknown>\n#16 0x561647f841d7 <unknown>\n#17 0x561647f96124 <unknown>\n#18 0x7f0d1dbfb044 <unknown>","time":{"start":1704416099952,"stop":1704416100555,"duration":603}},{"uid":"dce15ae4a7838da3","reportUrl":"https://Nat754.github.io/StroyremAutomation/176//#testresult/dce15ae4a7838da3","status":"skipped","statusDetails":"XFAIL\n\nselenium.common.exceptions.NoSuchElementException: Message: no such element: Unable to locate element: {\"method\":\"xpath\",\"selector\":\"(//a[@class='add-to-cart yellow-btn'])[1]\"}\n  (Session info: chrome-headless-shell=120.0.6099.109); For documentation on this error, please visit: https://www.selenium.dev/documentation/webdriver/troubleshooting/errors#no-such-element-exception\nStacktrace:\n#0 0x555edbad2f83 <unknown>\n#1 0x555edb78bcf7 <unknown>\n#2 0x555edb7db99e <unknown>\n#3 0x555edb7dbaa1 <unknown>\n#4 0x555edb826d64 <unknown>\n#5 0x555edb8050dd <unknown>\n#6 0x555edb824006 <unknown>\n#7 0x555edb804e53 <unknown>\n#8 0x555edb7ccdd4 <unknown>\n#9 0x555edb7ce1de <unknown>\n#10 0x555edba97531 <unknown>\n#11 0x555edba9b455 <unknown>\n#12 0x555edba83f55 <unknown>\n#13 0x555edba9c0ef <unknown>\n#14 0x555edba6799f <unknown>\n#15 0x555edbac0008 <unknown>\n#16 0x555edbac01d7 <unknown>\n#17 0x555edbad2124 <unknown>\n#18 0x7fec55fcf044 <unknown>","time":{"start":1704329673466,"stop":1704329674019,"duration":553}},{"uid":"aec1de98190c23c2","reportUrl":"https://Nat754.github.io/StroyremAutomation/175//#testresult/aec1de98190c23c2","status":"skipped","statusDetails":"XFAIL\n\nselenium.common.exceptions.NoSuchElementException: Message: no such element: Unable to locate element: {\"method\":\"xpath\",\"selector\":\"(//a[@class='add-to-cart yellow-btn'])[1]\"}\n  (Session info: chrome-headless-shell=120.0.6099.109); For documentation on this error, please visit: https://www.selenium.dev/documentation/webdriver/troubleshooting/errors#no-such-element-exception\nStacktrace:\n#0 0x55db69413f83 <unknown>\n#1 0x55db690cccf7 <unknown>\n#2 0x55db6911c99e <unknown>\n#3 0x55db6911caa1 <unknown>\n#4 0x55db69167d64 <unknown>\n#5 0x55db691460dd <unknown>\n#6 0x55db69165006 <unknown>\n#7 0x55db69145e53 <unknown>\n#8 0x55db6910ddd4 <unknown>\n#9 0x55db6910f1de <unknown>\n#10 0x55db693d8531 <unknown>\n#11 0x55db693dc455 <unknown>\n#12 0x55db693c4f55 <unknown>\n#13 0x55db693dd0ef <unknown>\n#14 0x55db693a899f <unknown>\n#15 0x55db69401008 <unknown>\n#16 0x55db694011d7 <unknown>\n#17 0x55db69413124 <unknown>\n#18 0x7f5695cd9044 <unknown>","time":{"start":1704243299962,"stop":1704243300308,"duration":346}},{"uid":"7f65803bcc9a4118","reportUrl":"https://Nat754.github.io/StroyremAutomation/174//#testresult/7f65803bcc9a4118","status":"skipped","statusDetails":"XFAIL\n\nselenium.common.exceptions.NoSuchElementException: Message: no such element: Unable to locate element: {\"method\":\"xpath\",\"selector\":\"(//a[@class='add-to-cart yellow-btn'])[1]\"}\n  (Session info: chrome-headless-shell=120.0.6099.109); For documentation on this error, please visit: https://www.selenium.dev/documentation/webdriver/troubleshooting/errors#no-such-element-exception\nStacktrace:\n#0 0x556ddfd9cf83 <unknown>\n#1 0x556ddfa55cf7 <unknown>\n#2 0x556ddfaa599e <unknown>\n#3 0x556ddfaa5aa1 <unknown>\n#4 0x556ddfaf0d64 <unknown>\n#5 0x556ddfacf0dd <unknown>\n#6 0x556ddfaee006 <unknown>\n#7 0x556ddfacee53 <unknown>\n#8 0x556ddfa96dd4 <unknown>\n#9 0x556ddfa981de <unknown>\n#10 0x556ddfd61531 <unknown>\n#11 0x556ddfd65455 <unknown>\n#12 0x556ddfd4df55 <unknown>\n#13 0x556ddfd660ef <unknown>\n#14 0x556ddfd3199f <unknown>\n#15 0x556ddfd8a008 <unknown>\n#16 0x556ddfd8a1d7 <unknown>\n#17 0x556ddfd9c124 <unknown>\n#18 0x7f52a566a044 <unknown>","time":{"start":1704156786405,"stop":1704156786840,"duration":435}},{"uid":"694012af9915782e","reportUrl":"https://Nat754.github.io/StroyremAutomation/173//#testresult/694012af9915782e","status":"skipped","statusDetails":"XFAIL\n\nselenium.common.exceptions.NoSuchElementException: Message: no such element: Unable to locate element: {\"method\":\"xpath\",\"selector\":\"(//a[@class='add-to-cart yellow-btn'])[1]\"}\n  (Session info: chrome-headless-shell=120.0.6099.109); For documentation on this error, please visit: https://www.selenium.dev/documentation/webdriver/troubleshooting/errors#no-such-element-exception\nStacktrace:\n#0 0x556b40c87f83 <unknown>\n#1 0x556b40940cf7 <unknown>\n#2 0x556b4099099e <unknown>\n#3 0x556b40990aa1 <unknown>\n#4 0x556b409dbd64 <unknown>\n#5 0x556b409ba0dd <unknown>\n#6 0x556b409d9006 <unknown>\n#7 0x556b409b9e53 <unknown>\n#8 0x556b40981dd4 <unknown>\n#9 0x556b409831de <unknown>\n#10 0x556b40c4c531 <unknown>\n#11 0x556b40c50455 <unknown>\n#12 0x556b40c38f55 <unknown>\n#13 0x556b40c510ef <unknown>\n#14 0x556b40c1c99f <unknown>\n#15 0x556b40c75008 <unknown>\n#16 0x556b40c751d7 <unknown>\n#17 0x556b40c87124 <unknown>\n#18 0x7fea505ad044 <unknown>","time":{"start":1704070740327,"stop":1704070740850,"duration":523}},{"uid":"f6a32fd51bda42ec","reportUrl":"https://Nat754.github.io/StroyremAutomation/172//#testresult/f6a32fd51bda42ec","status":"skipped","statusDetails":"XFAIL\n\nselenium.common.exceptions.NoSuchElementException: Message: no such element: Unable to locate element: {\"method\":\"xpath\",\"selector\":\"(//a[@class='add-to-cart yellow-btn'])[1]\"}\n  (Session info: chrome-headless-shell=120.0.6099.109); For documentation on this error, please visit: https://www.selenium.dev/documentation/webdriver/troubleshooting/errors#no-such-element-exception\nStacktrace:\n#0 0x558ab8b1df83 <unknown>\n#1 0x558ab87d6cf7 <unknown>\n#2 0x558ab882699e <unknown>\n#3 0x558ab8826aa1 <unknown>\n#4 0x558ab8871d64 <unknown>\n#5 0x558ab88500dd <unknown>\n#6 0x558ab886f006 <unknown>\n#7 0x558ab884fe53 <unknown>\n#8 0x558ab8817dd4 <unknown>\n#9 0x558ab88191de <unknown>\n#10 0x558ab8ae2531 <unknown>\n#11 0x558ab8ae6455 <unknown>\n#12 0x558ab8acef55 <unknown>\n#13 0x558ab8ae70ef <unknown>\n#14 0x558ab8ab299f <unknown>\n#15 0x558ab8b0b008 <unknown>\n#16 0x558ab8b0b1d7 <unknown>\n#17 0x558ab8b1d124 <unknown>\n#18 0x7fbe377dd044 <unknown>","time":{"start":1703984251345,"stop":1703984252026,"duration":681}},{"uid":"907121d22b723c9c","reportUrl":"https://Nat754.github.io/StroyremAutomation/171//#testresult/907121d22b723c9c","status":"skipped","statusDetails":"XFAIL\n\nselenium.common.exceptions.NoSuchElementException: Message: no such element: Unable to locate element: {\"method\":\"xpath\",\"selector\":\"(//a[@class='add-to-cart yellow-btn'])[1]\"}\n  (Session info: chrome-headless-shell=120.0.6099.109); For documentation on this error, please visit: https://www.selenium.dev/documentation/webdriver/troubleshooting/errors#no-such-element-exception\nStacktrace:\n#0 0x557aa11b3f83 <unknown>\n#1 0x557aa0e6ccf7 <unknown>\n#2 0x557aa0ebc99e <unknown>\n#3 0x557aa0ebcaa1 <unknown>\n#4 0x557aa0f07d64 <unknown>\n#5 0x557aa0ee60dd <unknown>\n#6 0x557aa0f05006 <unknown>\n#7 0x557aa0ee5e53 <unknown>\n#8 0x557aa0eaddd4 <unknown>\n#9 0x557aa0eaf1de <unknown>\n#10 0x557aa1178531 <unknown>\n#11 0x557aa117c455 <unknown>\n#12 0x557aa1164f55 <unknown>\n#13 0x557aa117d0ef <unknown>\n#14 0x557aa114899f <unknown>\n#15 0x557aa11a1008 <unknown>\n#16 0x557aa11a11d7 <unknown>\n#17 0x557aa11b3124 <unknown>\n#18 0x7f14ba9a2044 <unknown>","time":{"start":1703897532716,"stop":1703897533184,"duration":468}}]},"tags":["@pytest.mark.xfail","smoke_test"]},"source":"aa5e7eb0553d896e.json","parameterValues":["2190","16","'TD 005'","1590","'products/shtukaturka-gipsovaya-aksolit-m50-30-kg-mashinnogo-naneseniya'","600","'https://sandboxtest.stroyrem-nn.ru/'","500"]}