{"uid":"b86eb5e2189acf24","name":"Авторизация с помощью аккаунта ya.ru","fullName":"tests.test_sign_in.test_sign_in_page.TestSignInPage#test_positive_authorization_first_time_using_YA_smoke","historyId":"dad914aa68b78287aa131957fc42820c","time":{"start":1715130588437,"stop":1715130593690,"duration":5253},"status":"skipped","statusMessage":"XFAIL Появляется капча Яндекса при запуске теста на Github\n\nselenium.common.exceptions.InvalidCookieDomainException: Message: invalid cookie domain: Cookie 'domain' mismatch\n  (Session info: chrome-headless-shell=124.0.6367.155)\nStacktrace:\n#0 0x55f9b1e70df3 <unknown>\n#1 0x55f9b1b5f4e7 <unknown>\n#2 0x55f9b1bfd11d <unknown>\n#3 0x55f9b1bcc452 <unknown>\n#4 0x55f9b1beac29 <unknown>\n#5 0x55f9b1bcc1f3 <unknown>\n#6 0x55f9b1b9d28a <unknown>\n#7 0x55f9b1b9dc5e <unknown>\n#8 0x55f9b1e3511b <unknown>\n#9 0x55f9b1e3906b <unknown>\n#10 0x55f9b1e21231 <unknown>\n#11 0x55f9b1e39bd2 <unknown>\n#12 0x55f9b1e060ef <unknown>\n#13 0x55f9b1e5ff48 <unknown>\n#14 0x55f9b1e60120 <unknown>\n#15 0x55f9b1e6ff44 <unknown>\n#16 0x7fcdf0c51134 <unknown>","statusTrace":"self = <tests.test_sign_in.test_sign_in_page.TestSignInPage object at 0x7f8fa64ee2d0>\ndriver = <selenium.webdriver.chrome.webdriver.WebDriver (session=\"8c8643cb6510d927e12eddc8f3437c6c\")>\nsign_in_page = <pages.sign_in_page.SignInPage object at 0x7f8fa71b3190>\nopen_sign_in_window = None\n\n    @allure.title(\"Авторизация с помощью аккаунта ya.ru\")\n    @pytest.mark.xfail(reason=\"Появляется капча Яндекса при запуске теста на Github\")\n    @pytest.mark.smoke_test\n    def test_positive_authorization_first_time_using_YA_smoke(self, driver, sign_in_page, open_sign_in_window):\n        sign_in_page.get_ya_ru_auth_icon().click()\n        driver.switch_to.window(driver.window_handles[1])\n        # driver.delete_all_cookies()\n>       driver.add_cookie({'name': 'uniqueuid',\n                           'value': '384528911692006899',\n                           'domain': 'passport.yandex.ru',\n                           'httpOnly': True,\n                           'path': '/',\n                           'expiry': 1723499808,\n                           'sameSite': 'Lax',\n                           'secure': True})\n\ntests/test_sign_in/test_sign_in_page.py:137: \n_ _ _ _ _ _ _ _ _ _ _ _ _ _ _ _ _ _ _ _ _ _ _ _ _ _ _ _ _ _ _ _ _ _ _ _ _ _ _ _ \n/usr/local/lib/python3.11/site-packages/selenium/webdriver/remote/webdriver.py:632: in add_cookie\n    self.execute(Command.ADD_COOKIE, {\"cookie\": cookie_dict})\n/usr/local/lib/python3.11/site-packages/selenium/webdriver/remote/webdriver.py:345: in execute\n    self.error_handler.check_response(response)\n_ _ _ _ _ _ _ _ _ _ _ _ _ _ _ _ _ _ _ _ _ _ _ _ _ _ _ _ _ _ _ _ _ _ _ _ _ _ _ _ \n\nself = <selenium.webdriver.remote.errorhandler.ErrorHandler object at 0x7f8fa4ee45d0>\nresponse = {'status': 400, 'value': '{\"value\":{\"error\":\"invalid cookie domain\",\"message\":\"invalid cookie domain: Cookie \\'domain\\...\\\\n#14 0x55f9b1e60120 \\\\u003Cunknown>\\\\n#15 0x55f9b1e6ff44 \\\\u003Cunknown>\\\\n#16 0x7fcdf0c51134 \\\\u003Cunknown>\\\\n\"}}'}\n\n    def check_response(self, response: Dict[str, Any]) -> None:\n        \"\"\"Checks that a JSON response from the WebDriver does not have an\n        error.\n    \n        :Args:\n         - response - The JSON response from the WebDriver server as a dictionary\n           object.\n    \n        :Raises: If the response contains an error message.\n        \"\"\"\n        status = response.get(\"status\", None)\n        if not status or status == ErrorCode.SUCCESS:\n            return\n        value = None\n        message = response.get(\"message\", \"\")\n        screen: str = response.get(\"screen\", \"\")\n        stacktrace = None\n        if isinstance(status, int):\n            value_json = response.get(\"value\", None)\n            if value_json and isinstance(value_json, str):\n                import json\n    \n                try:\n                    value = json.loads(value_json)\n                    if len(value) == 1:\n                        value = value[\"value\"]\n                    status = value.get(\"error\", None)\n                    if not status:\n                        status = value.get(\"status\", ErrorCode.UNKNOWN_ERROR)\n                        message = value.get(\"value\") or value.get(\"message\")\n                        if not isinstance(message, str):\n                            value = message\n                            message = message.get(\"message\")\n                    else:\n                        message = value.get(\"message\", None)\n                except ValueError:\n                    pass\n    \n        exception_class: Type[WebDriverException]\n        e = ErrorCode()\n        error_codes = [item for item in dir(e) if not item.startswith(\"__\")]\n        for error_code in error_codes:\n            error_info = getattr(ErrorCode, error_code)\n            if isinstance(error_info, list) and status in error_info:\n                exception_class = getattr(ExceptionMapping, error_code, WebDriverException)\n                break\n        else:\n            exception_class = WebDriverException\n    \n        if not value:\n            value = response[\"value\"]\n        if isinstance(value, str):\n            raise exception_class(value)\n        if message == \"\" and \"message\" in value:\n            message = value[\"message\"]\n    \n        screen = None  # type: ignore[assignment]\n        if \"screen\" in value:\n            screen = value[\"screen\"]\n    \n        stacktrace = None\n        st_value = value.get(\"stackTrace\") or value.get(\"stacktrace\")\n        if st_value:\n            if isinstance(st_value, str):\n                stacktrace = st_value.split(\"\\n\")\n            else:\n                stacktrace = []\n                try:\n                    for frame in st_value:\n                        line = frame.get(\"lineNumber\", \"\")\n                        file = frame.get(\"fileName\", \"<anonymous>\")\n                        if line:\n                            file = f\"{file}:{line}\"\n                        meth = frame.get(\"methodName\", \"<anonymous>\")\n                        if \"className\" in frame:\n                            meth = f\"{frame['className']}.{meth}\"\n                        msg = \"    at %s (%s)\"\n                        msg = msg % (meth, file)\n                        stacktrace.append(msg)\n                except TypeError:\n                    pass\n        if exception_class == UnexpectedAlertPresentException:\n            alert_text = None\n            if \"data\" in value:\n                alert_text = value[\"data\"].get(\"text\")\n            elif \"alert\" in value:\n                alert_text = value[\"alert\"].get(\"text\")\n            raise exception_class(message, screen, stacktrace, alert_text)  # type: ignore[call-arg]  # mypy is not smart enough here\n>       raise exception_class(message, screen, stacktrace)\nE       selenium.common.exceptions.InvalidCookieDomainException: Message: invalid cookie domain: Cookie 'domain' mismatch\nE         (Session info: chrome-headless-shell=124.0.6367.155)\nE       Stacktrace:\nE       #0 0x55f9b1e70df3 <unknown>\nE       #1 0x55f9b1b5f4e7 <unknown>\nE       #2 0x55f9b1bfd11d <unknown>\nE       #3 0x55f9b1bcc452 <unknown>\nE       #4 0x55f9b1beac29 <unknown>\nE       #5 0x55f9b1bcc1f3 <unknown>\nE       #6 0x55f9b1b9d28a <unknown>\nE       #7 0x55f9b1b9dc5e <unknown>\nE       #8 0x55f9b1e3511b <unknown>\nE       #9 0x55f9b1e3906b <unknown>\nE       #10 0x55f9b1e21231 <unknown>\nE       #11 0x55f9b1e39bd2 <unknown>\nE       #12 0x55f9b1e060ef <unknown>\nE       #13 0x55f9b1e5ff48 <unknown>\nE       #14 0x55f9b1e60120 <unknown>\nE       #15 0x55f9b1e6ff44 <unknown>\nE       #16 0x7fcdf0c51134 <unknown>\n\n/usr/local/lib/python3.11/site-packages/selenium/webdriver/remote/errorhandler.py:229: InvalidCookieDomainException","flaky":false,"newFailed":false,"newBroken":false,"newPassed":false,"retriesCount":0,"retriesStatusChange":false,"beforeStages":[{"name":"_session_faker","time":{"start":1715128904727,"stop":1715128904794,"duration":67},"status":"passed","steps":[],"attachments":[],"parameters":[],"shouldDisplayMessage":false,"stepsCount":0,"attachmentsCount":0,"hasContent":false,"attachmentStep":false},{"name":"clear_allure_results_folder","time":{"start":1715128904794,"stop":1715128904794,"duration":0},"status":"passed","steps":[],"attachments":[],"parameters":[],"shouldDisplayMessage":false,"stepsCount":0,"attachmentsCount":0,"hasContent":false,"attachmentStep":false},{"name":"driver","time":{"start":1715130578209,"stop":1715130578897,"duration":688},"status":"passed","steps":[],"attachments":[],"parameters":[],"shouldDisplayMessage":false,"stepsCount":0,"attachmentsCount":0,"hasContent":false,"attachmentStep":false},{"name":"sign_in_page","time":{"start":1715130578897,"stop":1715130588096,"duration":9199},"status":"passed","steps":[],"attachments":[],"parameters":[],"shouldDisplayMessage":false,"stepsCount":0,"attachmentsCount":0,"hasContent":false,"attachmentStep":false},{"name":"setup","time":{"start":1715130578897,"stop":1715130578897,"duration":0},"status":"passed","steps":[],"attachments":[],"parameters":[],"shouldDisplayMessage":false,"stepsCount":0,"attachmentsCount":0,"hasContent":false,"attachmentStep":false},{"name":"open_sign_in_window","time":{"start":1715130588096,"stop":1715130588437,"duration":341},"status":"passed","steps":[{"name":"Нахождение элемента: иконка профиля в хедере","time":{"start":1715130588097,"stop":1715130588105,"duration":8},"status":"passed","steps":[],"attachments":[],"parameters":[],"shouldDisplayMessage":false,"stepsCount":0,"attachmentsCount":0,"hasContent":false,"attachmentStep":false}],"attachments":[],"parameters":[],"shouldDisplayMessage":false,"stepsCount":1,"attachmentsCount":0,"hasContent":true,"attachmentStep":false}],"testStage":{"status":"skipped","statusMessage":"XFAIL Появляется капча Яндекса при запуске теста на Github\n\nselenium.common.exceptions.InvalidCookieDomainException: Message: invalid cookie domain: Cookie 'domain' mismatch\n  (Session info: chrome-headless-shell=124.0.6367.155)\nStacktrace:\n#0 0x55f9b1e70df3 <unknown>\n#1 0x55f9b1b5f4e7 <unknown>\n#2 0x55f9b1bfd11d <unknown>\n#3 0x55f9b1bcc452 <unknown>\n#4 0x55f9b1beac29 <unknown>\n#5 0x55f9b1bcc1f3 <unknown>\n#6 0x55f9b1b9d28a <unknown>\n#7 0x55f9b1b9dc5e <unknown>\n#8 0x55f9b1e3511b <unknown>\n#9 0x55f9b1e3906b <unknown>\n#10 0x55f9b1e21231 <unknown>\n#11 0x55f9b1e39bd2 <unknown>\n#12 0x55f9b1e060ef <unknown>\n#13 0x55f9b1e5ff48 <unknown>\n#14 0x55f9b1e60120 <unknown>\n#15 0x55f9b1e6ff44 <unknown>\n#16 0x7fcdf0c51134 <unknown>","statusTrace":"self = <tests.test_sign_in.test_sign_in_page.TestSignInPage object at 0x7f8fa64ee2d0>\ndriver = <selenium.webdriver.chrome.webdriver.WebDriver (session=\"8c8643cb6510d927e12eddc8f3437c6c\")>\nsign_in_page = <pages.sign_in_page.SignInPage object at 0x7f8fa71b3190>\nopen_sign_in_window = None\n\n    @allure.title(\"Авторизация с помощью аккаунта ya.ru\")\n    @pytest.mark.xfail(reason=\"Появляется капча Яндекса при запуске теста на Github\")\n    @pytest.mark.smoke_test\n    def test_positive_authorization_first_time_using_YA_smoke(self, driver, sign_in_page, open_sign_in_window):\n        sign_in_page.get_ya_ru_auth_icon().click()\n        driver.switch_to.window(driver.window_handles[1])\n        # driver.delete_all_cookies()\n>       driver.add_cookie({'name': 'uniqueuid',\n                           'value': '384528911692006899',\n                           'domain': 'passport.yandex.ru',\n                           'httpOnly': True,\n                           'path': '/',\n                           'expiry': 1723499808,\n                           'sameSite': 'Lax',\n                           'secure': True})\n\ntests/test_sign_in/test_sign_in_page.py:137: \n_ _ _ _ _ _ _ _ _ _ _ _ _ _ _ _ _ _ _ _ _ _ _ _ _ _ _ _ _ _ _ _ _ _ _ _ _ _ _ _ \n/usr/local/lib/python3.11/site-packages/selenium/webdriver/remote/webdriver.py:632: in add_cookie\n    self.execute(Command.ADD_COOKIE, {\"cookie\": cookie_dict})\n/usr/local/lib/python3.11/site-packages/selenium/webdriver/remote/webdriver.py:345: in execute\n    self.error_handler.check_response(response)\n_ _ _ _ _ _ _ _ _ _ _ _ _ _ _ _ _ _ _ _ _ _ _ _ _ _ _ _ _ _ _ _ _ _ _ _ _ _ _ _ \n\nself = <selenium.webdriver.remote.errorhandler.ErrorHandler object at 0x7f8fa4ee45d0>\nresponse = {'status': 400, 'value': '{\"value\":{\"error\":\"invalid cookie domain\",\"message\":\"invalid cookie domain: Cookie \\'domain\\...\\\\n#14 0x55f9b1e60120 \\\\u003Cunknown>\\\\n#15 0x55f9b1e6ff44 \\\\u003Cunknown>\\\\n#16 0x7fcdf0c51134 \\\\u003Cunknown>\\\\n\"}}'}\n\n    def check_response(self, response: Dict[str, Any]) -> None:\n        \"\"\"Checks that a JSON response from the WebDriver does not have an\n        error.\n    \n        :Args:\n         - response - The JSON response from the WebDriver server as a dictionary\n           object.\n    \n        :Raises: If the response contains an error message.\n        \"\"\"\n        status = response.get(\"status\", None)\n        if not status or status == ErrorCode.SUCCESS:\n            return\n        value = None\n        message = response.get(\"message\", \"\")\n        screen: str = response.get(\"screen\", \"\")\n        stacktrace = None\n        if isinstance(status, int):\n            value_json = response.get(\"value\", None)\n            if value_json and isinstance(value_json, str):\n                import json\n    \n                try:\n                    value = json.loads(value_json)\n                    if len(value) == 1:\n                        value = value[\"value\"]\n                    status = value.get(\"error\", None)\n                    if not status:\n                        status = value.get(\"status\", ErrorCode.UNKNOWN_ERROR)\n                        message = value.get(\"value\") or value.get(\"message\")\n                        if not isinstance(message, str):\n                            value = message\n                            message = message.get(\"message\")\n                    else:\n                        message = value.get(\"message\", None)\n                except ValueError:\n                    pass\n    \n        exception_class: Type[WebDriverException]\n        e = ErrorCode()\n        error_codes = [item for item in dir(e) if not item.startswith(\"__\")]\n        for error_code in error_codes:\n            error_info = getattr(ErrorCode, error_code)\n            if isinstance(error_info, list) and status in error_info:\n                exception_class = getattr(ExceptionMapping, error_code, WebDriverException)\n                break\n        else:\n            exception_class = WebDriverException\n    \n        if not value:\n            value = response[\"value\"]\n        if isinstance(value, str):\n            raise exception_class(value)\n        if message == \"\" and \"message\" in value:\n            message = value[\"message\"]\n    \n        screen = None  # type: ignore[assignment]\n        if \"screen\" in value:\n            screen = value[\"screen\"]\n    \n        stacktrace = None\n        st_value = value.get(\"stackTrace\") or value.get(\"stacktrace\")\n        if st_value:\n            if isinstance(st_value, str):\n                stacktrace = st_value.split(\"\\n\")\n            else:\n                stacktrace = []\n                try:\n                    for frame in st_value:\n                        line = frame.get(\"lineNumber\", \"\")\n                        file = frame.get(\"fileName\", \"<anonymous>\")\n                        if line:\n                            file = f\"{file}:{line}\"\n                        meth = frame.get(\"methodName\", \"<anonymous>\")\n                        if \"className\" in frame:\n                            meth = f\"{frame['className']}.{meth}\"\n                        msg = \"    at %s (%s)\"\n                        msg = msg % (meth, file)\n                        stacktrace.append(msg)\n                except TypeError:\n                    pass\n        if exception_class == UnexpectedAlertPresentException:\n            alert_text = None\n            if \"data\" in value:\n                alert_text = value[\"data\"].get(\"text\")\n            elif \"alert\" in value:\n                alert_text = value[\"alert\"].get(\"text\")\n            raise exception_class(message, screen, stacktrace, alert_text)  # type: ignore[call-arg]  # mypy is not smart enough here\n>       raise exception_class(message, screen, stacktrace)\nE       selenium.common.exceptions.InvalidCookieDomainException: Message: invalid cookie domain: Cookie 'domain' mismatch\nE         (Session info: chrome-headless-shell=124.0.6367.155)\nE       Stacktrace:\nE       #0 0x55f9b1e70df3 <unknown>\nE       #1 0x55f9b1b5f4e7 <unknown>\nE       #2 0x55f9b1bfd11d <unknown>\nE       #3 0x55f9b1bcc452 <unknown>\nE       #4 0x55f9b1beac29 <unknown>\nE       #5 0x55f9b1bcc1f3 <unknown>\nE       #6 0x55f9b1b9d28a <unknown>\nE       #7 0x55f9b1b9dc5e <unknown>\nE       #8 0x55f9b1e3511b <unknown>\nE       #9 0x55f9b1e3906b <unknown>\nE       #10 0x55f9b1e21231 <unknown>\nE       #11 0x55f9b1e39bd2 <unknown>\nE       #12 0x55f9b1e060ef <unknown>\nE       #13 0x55f9b1e5ff48 <unknown>\nE       #14 0x55f9b1e60120 <unknown>\nE       #15 0x55f9b1e6ff44 <unknown>\nE       #16 0x7fcdf0c51134 <unknown>\n\n/usr/local/lib/python3.11/site-packages/selenium/webdriver/remote/errorhandler.py:229: InvalidCookieDomainException","steps":[{"name":"Нахождение элемента: иконка 'ya.ru' окна авторизации","time":{"start":1715130588437,"stop":1715130588451,"duration":14},"status":"passed","steps":[],"attachments":[],"parameters":[],"shouldDisplayMessage":false,"stepsCount":0,"attachmentsCount":0,"hasContent":false,"attachmentStep":false}],"attachments":[{"uid":"6fc53b2b7698b564","name":"Screenshot","source":"6fc53b2b7698b564.png","type":"image/png","size":380936},{"uid":"4fc5a755bf4cb39e","name":"HTML source","source":"4fc5a755bf4cb39e.html","type":"text/html","size":18759}],"parameters":[],"shouldDisplayMessage":true,"stepsCount":1,"attachmentsCount":2,"hasContent":true,"attachmentStep":false},"afterStages":[{"name":"driver::0","time":{"start":1715130593827,"stop":1715130593902,"duration":75},"status":"passed","steps":[],"attachments":[],"parameters":[],"shouldDisplayMessage":false,"stepsCount":0,"attachmentsCount":0,"hasContent":false,"attachmentStep":false},{"name":"setup::0","time":{"start":1715130593827,"stop":1715130593827,"duration":0},"status":"passed","steps":[],"attachments":[],"parameters":[],"shouldDisplayMessage":false,"stepsCount":0,"attachmentsCount":0,"hasContent":false,"attachmentStep":false}],"labels":[{"name":"epic","value":"Sign In Page"},{"name":"tag","value":"smoke_test"},{"name":"tag","value":"@pytest.mark.xfail(reason='Появляется капча Яндекса при запуске теста на Github')"},{"name":"parentSuite","value":"tests.test_sign_in"},{"name":"suite","value":"test_sign_in_page"},{"name":"subSuite","value":"TestSignInPage"},{"name":"host","value":"f2a99c583a52"},{"name":"thread","value":"1-MainThread"},{"name":"framework","value":"pytest"},{"name":"language","value":"cpython3"},{"name":"package","value":"tests.test_sign_in.test_sign_in_page"},{"name":"resultFormat","value":"allure2"}],"parameters":[],"links":[],"hidden":false,"retry":false,"extra":{"severity":"normal","retries":[],"categories":[],"history":{"statistic":{"failed":0,"broken":0,"skipped":280,"passed":4,"unknown":0,"total":284},"items":[{"uid":"5b6888045cd5210d","reportUrl":"https://Nat754.github.io/StroyremAutomation/300//#testresult/5b6888045cd5210d","status":"skipped","statusDetails":"XFAIL Появляется капча Яндекса при запуске теста на Github\n\nselenium.common.exceptions.NoSuchElementException: Message: no such element: Unable to locate element: {\"method\":\"css selector\",\"selector\":\"button[data-t='button:clear']\"}\n  (Session info: chrome-headless-shell=124.0.6367.91); For documentation on this error, please visit: https://www.selenium.dev/documentation/webdriver/troubleshooting/errors#no-such-element-exception\nStacktrace:\n#0 0x55908b948cb3 <unknown>\n#1 0x55908b6374a7 <unknown>\n#2 0x55908b68231d <unknown>\n#3 0x55908b6823d1 <unknown>\n#4 0x55908b6c5734 <unknown>\n#5 0x55908b6a443d <unknown>\n#6 0x55908b6c2be9 <unknown>\n#7 0x55908b6a41b3 <unknown>\n#8 0x55908b67524a <unknown>\n#9 0x55908b675c1e <unknown>\n#10 0x55908b90cfdb <unknown>\n#11 0x55908b910f2b <unknown>\n#12 0x55908b8f90f1 <unknown>\n#13 0x55908b911a92 <unknown>\n#14 0x55908b8ddfaf <unknown>\n#15 0x55908b937e08 <unknown>\n#16 0x55908b937fe0 <unknown>\n#17 0x55908b947e04 <unknown>\n#18 0x7f2c9aa66134 <unknown>","time":{"start":1715044356161,"stop":1715044359813,"duration":3652}},{"uid":"589bd68bf36aa433","reportUrl":"https://Nat754.github.io/StroyremAutomation/299//#testresult/589bd68bf36aa433","status":"skipped","statusDetails":"XFAIL Появляется капча Яндекса при запуске теста на Github\n\nselenium.common.exceptions.NoSuchElementException: Message: no such element: Unable to locate element: {\"method\":\"css selector\",\"selector\":\"button[data-t='button:clear']\"}\n  (Session info: chrome-headless-shell=124.0.6367.91); For documentation on this error, please visit: https://www.selenium.dev/documentation/webdriver/troubleshooting/errors#no-such-element-exception\nStacktrace:\n#0 0x55c3b2210cb3 <unknown>\n#1 0x55c3b1eff4a7 <unknown>\n#2 0x55c3b1f4a31d <unknown>\n#3 0x55c3b1f4a3d1 <unknown>\n#4 0x55c3b1f8d734 <unknown>\n#5 0x55c3b1f6c43d <unknown>\n#6 0x55c3b1f8abe9 <unknown>\n#7 0x55c3b1f6c1b3 <unknown>\n#8 0x55c3b1f3d24a <unknown>\n#9 0x55c3b1f3dc1e <unknown>\n#10 0x55c3b21d4fdb <unknown>\n#11 0x55c3b21d8f2b <unknown>\n#12 0x55c3b21c10f1 <unknown>\n#13 0x55c3b21d9a92 <unknown>\n#14 0x55c3b21a5faf <unknown>\n#15 0x55c3b21ffe08 <unknown>\n#16 0x55c3b21fffe0 <unknown>\n#17 0x55c3b220fe04 <unknown>\n#18 0x7f99b7e63134 <unknown>","time":{"start":1714958013955,"stop":1714958017385,"duration":3430}},{"uid":"497ef73f128155ab","reportUrl":"https://Nat754.github.io/StroyremAutomation/298//#testresult/497ef73f128155ab","status":"skipped","statusDetails":"XFAIL Появляется капча Яндекса при запуске теста на Github\n\nselenium.common.exceptions.NoSuchElementException: Message: no such element: Unable to locate element: {\"method\":\"css selector\",\"selector\":\"button[data-t='button:clear']\"}\n  (Session info: chrome-headless-shell=124.0.6367.91); For documentation on this error, please visit: https://www.selenium.dev/documentation/webdriver/troubleshooting/errors#no-such-element-exception\nStacktrace:\n#0 0x5563e955ecb3 <unknown>\n#1 0x5563e924d4a7 <unknown>\n#2 0x5563e929831d <unknown>\n#3 0x5563e92983d1 <unknown>\n#4 0x5563e92db734 <unknown>\n#5 0x5563e92ba43d <unknown>\n#6 0x5563e92d8be9 <unknown>\n#7 0x5563e92ba1b3 <unknown>\n#8 0x5563e928b24a <unknown>\n#9 0x5563e928bc1e <unknown>\n#10 0x5563e9522fdb <unknown>\n#11 0x5563e9526f2b <unknown>\n#12 0x5563e950f0f1 <unknown>\n#13 0x5563e9527a92 <unknown>\n#14 0x5563e94f3faf <unknown>\n#15 0x5563e954de08 <unknown>\n#16 0x5563e954dfe0 <unknown>\n#17 0x5563e955de04 <unknown>\n#18 0x7f4be2289134 <unknown>","time":{"start":1714871756586,"stop":1714871760200,"duration":3614}},{"uid":"9a68f0f4edc3d24","reportUrl":"https://Nat754.github.io/StroyremAutomation/297//#testresult/9a68f0f4edc3d24","status":"skipped","statusDetails":"XFAIL Появляется капча Яндекса при запуске теста на Github\n\nselenium.common.exceptions.InvalidCookieDomainException: Message: invalid cookie domain: Cookie 'domain' mismatch\n  (Session info: chrome-headless-shell=124.0.6367.91)\nStacktrace:\n#0 0x560edc6efcb3 <unknown>\n#1 0x560edc3de4a7 <unknown>\n#2 0x560edc47c0dd <unknown>\n#3 0x560edc44b412 <unknown>\n#4 0x560edc469be9 <unknown>\n#5 0x560edc44b1b3 <unknown>\n#6 0x560edc41c24a <unknown>\n#7 0x560edc41cc1e <unknown>\n#8 0x560edc6b3fdb <unknown>\n#9 0x560edc6b7f2b <unknown>\n#10 0x560edc6a00f1 <unknown>\n#11 0x560edc6b8a92 <unknown>\n#12 0x560edc684faf <unknown>\n#13 0x560edc6dee08 <unknown>\n#14 0x560edc6defe0 <unknown>\n#15 0x560edc6eee04 <unknown>\n#16 0x7fa866e53134 <unknown>","time":{"start":1714785153974,"stop":1714785157343,"duration":3369}},{"uid":"71e02a965a4bf110","reportUrl":"https://Nat754.github.io/StroyremAutomation/296//#testresult/71e02a965a4bf110","status":"skipped","statusDetails":"XFAIL Появляется капча Яндекса при запуске теста на Github\n\nselenium.common.exceptions.InvalidCookieDomainException: Message: invalid cookie domain: Cookie 'domain' mismatch\n  (Session info: chrome-headless-shell=124.0.6367.91)\nStacktrace:\n#0 0x559760e01cb3 <unknown>\n#1 0x559760af04a7 <unknown>\n#2 0x559760b8e0dd <unknown>\n#3 0x559760b5d412 <unknown>\n#4 0x559760b7bbe9 <unknown>\n#5 0x559760b5d1b3 <unknown>\n#6 0x559760b2e24a <unknown>\n#7 0x559760b2ec1e <unknown>\n#8 0x559760dc5fdb <unknown>\n#9 0x559760dc9f2b <unknown>\n#10 0x559760db20f1 <unknown>\n#11 0x559760dcaa92 <unknown>\n#12 0x559760d96faf <unknown>\n#13 0x559760df0e08 <unknown>\n#14 0x559760df0fe0 <unknown>\n#15 0x559760e00e04 <unknown>\n#16 0x7f8e56cdf134 <unknown>","time":{"start":1714699031109,"stop":1714699034929,"duration":3820}},{"uid":"9d54602a0aae3fd5","reportUrl":"https://Nat754.github.io/StroyremAutomation/295//#testresult/9d54602a0aae3fd5","status":"skipped","statusDetails":"XFAIL Появляется капча Яндекса при запуске теста на Github\n\nselenium.common.exceptions.NoSuchElementException: Message: no such element: Unable to locate element: {\"method\":\"css selector\",\"selector\":\"button[data-t='button:clear']\"}\n  (Session info: chrome-headless-shell=124.0.6367.91); For documentation on this error, please visit: https://www.selenium.dev/documentation/webdriver/troubleshooting/errors#no-such-element-exception\nStacktrace:\n#0 0x5579161a3cb3 <unknown>\n#1 0x557915e924a7 <unknown>\n#2 0x557915edd31d <unknown>\n#3 0x557915edd3d1 <unknown>\n#4 0x557915f20734 <unknown>\n#5 0x557915eff43d <unknown>\n#6 0x557915f1dbe9 <unknown>\n#7 0x557915eff1b3 <unknown>\n#8 0x557915ed024a <unknown>\n#9 0x557915ed0c1e <unknown>\n#10 0x557916167fdb <unknown>\n#11 0x55791616bf2b <unknown>\n#12 0x5579161540f1 <unknown>\n#13 0x55791616ca92 <unknown>\n#14 0x557916138faf <unknown>\n#15 0x557916192e08 <unknown>\n#16 0x557916192fe0 <unknown>\n#17 0x5579161a2e04 <unknown>\n#18 0x7f600a7e6134 <unknown>","time":{"start":1714612300842,"stop":1714612304532,"duration":3690}},{"uid":"7fd88b951c0e2795","reportUrl":"https://Nat754.github.io/StroyremAutomation/294//#testresult/7fd88b951c0e2795","status":"skipped","statusDetails":"XFAIL Появляется капча Яндекса при запуске теста на Github\n\nselenium.common.exceptions.NoSuchElementException: Message: no such element: Unable to locate element: {\"method\":\"css selector\",\"selector\":\"button[data-t='button:clear']\"}\n  (Session info: chrome-headless-shell=124.0.6367.91); For documentation on this error, please visit: https://www.selenium.dev/documentation/webdriver/troubleshooting/errors#no-such-element-exception\nStacktrace:\n#0 0x55ea36027cb3 <unknown>\n#1 0x55ea35d164a7 <unknown>\n#2 0x55ea35d6131d <unknown>\n#3 0x55ea35d613d1 <unknown>\n#4 0x55ea35da4734 <unknown>\n#5 0x55ea35d8343d <unknown>\n#6 0x55ea35da1be9 <unknown>\n#7 0x55ea35d831b3 <unknown>\n#8 0x55ea35d5424a <unknown>\n#9 0x55ea35d54c1e <unknown>\n#10 0x55ea35febfdb <unknown>\n#11 0x55ea35feff2b <unknown>\n#12 0x55ea35fd80f1 <unknown>\n#13 0x55ea35ff0a92 <unknown>\n#14 0x55ea35fbcfaf <unknown>\n#15 0x55ea36016e08 <unknown>\n#16 0x55ea36016fe0 <unknown>\n#17 0x55ea36026e04 <unknown>\n#18 0x7fdabd751134 <unknown>","time":{"start":1714526152268,"stop":1714526155538,"duration":3270}},{"uid":"e37305ed5a2dc976","reportUrl":"https://Nat754.github.io/StroyremAutomation/293//#testresult/e37305ed5a2dc976","status":"skipped","statusDetails":"XFAIL Появляется капча Яндекса при запуске теста на Github\n\nselenium.common.exceptions.InvalidCookieDomainException: Message: invalid cookie domain: Cookie 'domain' mismatch\n  (Session info: chrome-headless-shell=124.0.6367.91)\nStacktrace:\n#0 0x55b5ab683cb3 <unknown>\n#1 0x55b5ab3724a7 <unknown>\n#2 0x55b5ab4100dd <unknown>\n#3 0x55b5ab3df412 <unknown>\n#4 0x55b5ab3fdbe9 <unknown>\n#5 0x55b5ab3df1b3 <unknown>\n#6 0x55b5ab3b024a <unknown>\n#7 0x55b5ab3b0c1e <unknown>\n#8 0x55b5ab647fdb <unknown>\n#9 0x55b5ab64bf2b <unknown>\n#10 0x55b5ab6340f1 <unknown>\n#11 0x55b5ab64ca92 <unknown>\n#12 0x55b5ab618faf <unknown>\n#13 0x55b5ab672e08 <unknown>\n#14 0x55b5ab672fe0 <unknown>\n#15 0x55b5ab682e04 <unknown>\n#16 0x7f2cde4f1134 <unknown>","time":{"start":1714439523691,"stop":1714439527342,"duration":3651}},{"uid":"c57293662893f0ba","reportUrl":"https://Nat754.github.io/StroyremAutomation/292//#testresult/c57293662893f0ba","status":"skipped","statusDetails":"XFAIL Появляется капча Яндекса при запуске теста на Github\n\nselenium.common.exceptions.NoSuchElementException: Message: no such element: Unable to locate element: {\"method\":\"css selector\",\"selector\":\"button[data-t='button:clear']\"}\n  (Session info: chrome-headless-shell=124.0.6367.91); For documentation on this error, please visit: https://www.selenium.dev/documentation/webdriver/troubleshooting/errors#no-such-element-exception\nStacktrace:\n#0 0x55e415689cb3 <unknown>\n#1 0x55e4153784a7 <unknown>\n#2 0x55e4153c331d <unknown>\n#3 0x55e4153c33d1 <unknown>\n#4 0x55e415406734 <unknown>\n#5 0x55e4153e543d <unknown>\n#6 0x55e415403be9 <unknown>\n#7 0x55e4153e51b3 <unknown>\n#8 0x55e4153b624a <unknown>\n#9 0x55e4153b6c1e <unknown>\n#10 0x55e41564dfdb <unknown>\n#11 0x55e415651f2b <unknown>\n#12 0x55e41563a0f1 <unknown>\n#13 0x55e415652a92 <unknown>\n#14 0x55e41561efaf <unknown>\n#15 0x55e415678e08 <unknown>\n#16 0x55e415678fe0 <unknown>\n#17 0x55e415688e04 <unknown>\n#18 0x7fbe42922134 <unknown>","time":{"start":1714353204866,"stop":1714353208484,"duration":3618}},{"uid":"bef802531d2ddd9d","reportUrl":"https://Nat754.github.io/StroyremAutomation/291//#testresult/bef802531d2ddd9d","status":"skipped","statusDetails":"XFAIL Появляется капча Яндекса при запуске теста на Github\n\nselenium.common.exceptions.InvalidCookieDomainException: Message: invalid cookie domain: Cookie 'domain' mismatch\n  (Session info: chrome-headless-shell=124.0.6367.91)\nStacktrace:\n#0 0x5612fa25bcb3 <unknown>\n#1 0x5612f9f4a4a7 <unknown>\n#2 0x5612f9fe80dd <unknown>\n#3 0x5612f9fb7412 <unknown>\n#4 0x5612f9fd5be9 <unknown>\n#5 0x5612f9fb71b3 <unknown>\n#6 0x5612f9f8824a <unknown>\n#7 0x5612f9f88c1e <unknown>\n#8 0x5612fa21ffdb <unknown>\n#9 0x5612fa223f2b <unknown>\n#10 0x5612fa20c0f1 <unknown>\n#11 0x5612fa224a92 <unknown>\n#12 0x5612fa1f0faf <unknown>\n#13 0x5612fa24ae08 <unknown>\n#14 0x5612fa24afe0 <unknown>\n#15 0x5612fa25ae04 <unknown>\n#16 0x7f4f7d4e7134 <unknown>","time":{"start":1714267241293,"stop":1714267246282,"duration":4989}},{"uid":"714bab7ca80ae4fa","reportUrl":"https://Nat754.github.io/StroyremAutomation/290//#testresult/714bab7ca80ae4fa","status":"skipped","statusDetails":"XFAIL Появляется капча Яндекса при запуске теста на Github\n\nselenium.common.exceptions.NoSuchElementException: Message: no such element: Unable to locate element: {\"method\":\"css selector\",\"selector\":\"button[data-t='button:clear']\"}\n  (Session info: chrome-headless-shell=124.0.6367.91); For documentation on this error, please visit: https://www.selenium.dev/documentation/webdriver/troubleshooting/errors#no-such-element-exception\nStacktrace:\n#0 0x55c5727dacb3 <unknown>\n#1 0x55c5724c94a7 <unknown>\n#2 0x55c57251431d <unknown>\n#3 0x55c5725143d1 <unknown>\n#4 0x55c572557734 <unknown>\n#5 0x55c57253643d <unknown>\n#6 0x55c572554be9 <unknown>\n#7 0x55c5725361b3 <unknown>\n#8 0x55c57250724a <unknown>\n#9 0x55c572507c1e <unknown>\n#10 0x55c57279efdb <unknown>\n#11 0x55c5727a2f2b <unknown>\n#12 0x55c57278b0f1 <unknown>\n#13 0x55c5727a3a92 <unknown>\n#14 0x55c57276ffaf <unknown>\n#15 0x55c5727c9e08 <unknown>\n#16 0x55c5727c9fe0 <unknown>\n#17 0x55c5727d9e04 <unknown>\n#18 0x7f00be337134 <unknown>","time":{"start":1714180624566,"stop":1714180630134,"duration":5568}},{"uid":"a2dacaf1e0622427","reportUrl":"https://Nat754.github.io/StroyremAutomation/289//#testresult/a2dacaf1e0622427","status":"skipped","statusDetails":"XFAIL Появляется капча Яндекса при запуске теста на Github\n\nselenium.common.exceptions.NoSuchElementException: Message: no such element: Unable to locate element: {\"method\":\"css selector\",\"selector\":\"button[data-t='button:clear']\"}\n  (Session info: chrome-headless-shell=124.0.6367.91); For documentation on this error, please visit: https://www.selenium.dev/documentation/webdriver/troubleshooting/errors#no-such-element-exception\nStacktrace:\n#0 0x5636f56c9cb3 <unknown>\n#1 0x5636f53b84a7 <unknown>\n#2 0x5636f540331d <unknown>\n#3 0x5636f54033d1 <unknown>\n#4 0x5636f5446734 <unknown>\n#5 0x5636f542543d <unknown>\n#6 0x5636f5443be9 <unknown>\n#7 0x5636f54251b3 <unknown>\n#8 0x5636f53f624a <unknown>\n#9 0x5636f53f6c1e <unknown>\n#10 0x5636f568dfdb <unknown>\n#11 0x5636f5691f2b <unknown>\n#12 0x5636f567a0f1 <unknown>\n#13 0x5636f5692a92 <unknown>\n#14 0x5636f565efaf <unknown>\n#15 0x5636f56b8e08 <unknown>\n#16 0x5636f56b8fe0 <unknown>\n#17 0x5636f56c8e04 <unknown>\n#18 0x7fd9a7815134 <unknown>","time":{"start":1714094290516,"stop":1714094295914,"duration":5398}},{"uid":"f689fe254d55c86f","reportUrl":"https://Nat754.github.io/StroyremAutomation/288//#testresult/f689fe254d55c86f","status":"skipped","statusDetails":"XFAIL Появляется капча Яндекса при запуске теста на Github\n\nselenium.common.exceptions.InvalidCookieDomainException: Message: invalid cookie domain: Cookie 'domain' mismatch\n  (Session info: chrome-headless-shell=124.0.6367.78)\nStacktrace:\n#0 0x55cb1ad38ce3 <unknown>\n#1 0x55cb1aa274a7 <unknown>\n#2 0x55cb1aac50dd <unknown>\n#3 0x55cb1aa94412 <unknown>\n#4 0x55cb1aab2be9 <unknown>\n#5 0x55cb1aa941b3 <unknown>\n#6 0x55cb1aa6524a <unknown>\n#7 0x55cb1aa65c1e <unknown>\n#8 0x55cb1acfd00b <unknown>\n#9 0x55cb1ad00f5b <unknown>\n#10 0x55cb1ace9121 <unknown>\n#11 0x55cb1ad01ac2 <unknown>\n#12 0x55cb1accdfdf <unknown>\n#13 0x55cb1ad27e38 <unknown>\n#14 0x55cb1ad28010 <unknown>\n#15 0x55cb1ad37e34 <unknown>\n#16 0x7f5b6a318134 <unknown>","time":{"start":1714009624615,"stop":1714009629488,"duration":4873}},{"uid":"476c80fd64bb1eed","reportUrl":"https://Nat754.github.io/StroyremAutomation/287//#testresult/476c80fd64bb1eed","status":"skipped","statusDetails":"XFAIL Появляется капча Яндекса при запуске теста на Github\n\nselenium.common.exceptions.NoSuchElementException: Message: no such element: Unable to locate element: {\"method\":\"css selector\",\"selector\":\"button[data-t='button:clear']\"}\n  (Session info: chrome-headless-shell=124.0.6367.78); For documentation on this error, please visit: https://www.selenium.dev/documentation/webdriver/troubleshooting/errors#no-such-element-exception\nStacktrace:\n#0 0x5614ea277ce3 <unknown>\n#1 0x5614e9f664a7 <unknown>\n#2 0x5614e9fb131d <unknown>\n#3 0x5614e9fb13d1 <unknown>\n#4 0x5614e9ff4734 <unknown>\n#5 0x5614e9fd343d <unknown>\n#6 0x5614e9ff1be9 <unknown>\n#7 0x5614e9fd31b3 <unknown>\n#8 0x5614e9fa424a <unknown>\n#9 0x5614e9fa4c1e <unknown>\n#10 0x5614ea23c00b <unknown>\n#11 0x5614ea23ff5b <unknown>\n#12 0x5614ea228121 <unknown>\n#13 0x5614ea240ac2 <unknown>\n#14 0x5614ea20cfdf <unknown>\n#15 0x5614ea266e38 <unknown>\n#16 0x5614ea267010 <unknown>\n#17 0x5614ea276e34 <unknown>\n#18 0x7f8428330134 <unknown>","time":{"start":1713921099963,"stop":1713921103582,"duration":3619}},{"uid":"b39d989ce87d0fe6","reportUrl":"https://Nat754.github.io/StroyremAutomation/286//#testresult/b39d989ce87d0fe6","status":"skipped","statusDetails":"XFAIL Появляется капча Яндекса при запуске теста на Github\n\nselenium.common.exceptions.NoSuchElementException: Message: no such element: Unable to locate element: {\"method\":\"css selector\",\"selector\":\"button[data-t='button:clear']\"}\n  (Session info: chrome-headless-shell=124.0.6367.60); For documentation on this error, please visit: https://www.selenium.dev/documentation/webdriver/troubleshooting/errors#no-such-element-exception\nStacktrace:\n#0 0x55a3b3fc4e33 <unknown>\n#1 0x55a3b3cb4567 <unknown>\n#2 0x55a3b3cff27d <unknown>\n#3 0x55a3b3cff331 <unknown>\n#4 0x55a3b3d42624 <unknown>\n#5 0x55a3b3d2138d <unknown>\n#6 0x55a3b3d3fae2 <unknown>\n#7 0x55a3b3d21103 <unknown>\n#8 0x55a3b3cf21ba <unknown>\n#9 0x55a3b3cf2b8e <unknown>\n#10 0x55a3b3f8959b <unknown>\n#11 0x55a3b3f8d34b <unknown>\n#12 0x55a3b3f75681 <unknown>\n#13 0x55a3b3f8deb2 <unknown>\n#14 0x55a3b3f5a6af <unknown>\n#15 0x55a3b3fb4428 <unknown>\n#16 0x55a3b3fb4600 <unknown>\n#17 0x55a3b3fc3f84 <unknown>\n#18 0x7f842ce27134 <unknown>","time":{"start":1713834739798,"stop":1713834743367,"duration":3569}},{"uid":"c05d1583aac631d","reportUrl":"https://Nat754.github.io/StroyremAutomation/285//#testresult/c05d1583aac631d","status":"skipped","statusDetails":"XFAIL Появляется капча Яндекса при запуске теста на Github\n\nselenium.common.exceptions.InvalidCookieDomainException: Message: invalid cookie domain: Cookie 'domain' mismatch\n  (Session info: chrome-headless-shell=123.0.6312.122)\nStacktrace:\n#0 0x557690cd2863 <unknown>\n#1 0x5576909c88c6 <unknown>\n#2 0x557690a65ffd <unknown>\n#3 0x557690a355a2 <unknown>\n#4 0x557690a53c19 <unknown>\n#5 0x557690a35343 <unknown>\n#6 0x557690a06593 <unknown>\n#7 0x557690a06f5e <unknown>\n#8 0x557690c9684b <unknown>\n#9 0x557690c9a7a5 <unknown>\n#10 0x557690c84571 <unknown>\n#11 0x557690c9b332 <unknown>\n#12 0x557690c6987f <unknown>\n#13 0x557690cc1728 <unknown>\n#14 0x557690cc18fb <unknown>\n#15 0x557690cd19b4 <unknown>\n#16 0x7f1281bbd134 <unknown>","time":{"start":1713748788699,"stop":1713748794125,"duration":5426}},{"uid":"f6cb02e6c5b37e50","reportUrl":"https://Nat754.github.io/StroyremAutomation/284//#testresult/f6cb02e6c5b37e50","status":"skipped","statusDetails":"XFAIL Появляется капча Яндекса при запуске теста на Github\n\nselenium.common.exceptions.NoSuchElementException: Message: no such element: Unable to locate element: {\"method\":\"css selector\",\"selector\":\"button[data-t='button:clear']\"}\n  (Session info: chrome-headless-shell=123.0.6312.122); For documentation on this error, please visit: https://www.selenium.dev/documentation/webdriver/troubleshooting/errors#no-such-element-exception\nStacktrace:\n#0 0x564e628c3863 <unknown>\n#1 0x564e625b98c6 <unknown>\n#2 0x564e62604618 <unknown>\n#3 0x564e626046d1 <unknown>\n#4 0x564e62647744 <unknown>\n#5 0x564e626265cd <unknown>\n#6 0x564e62644c19 <unknown>\n#7 0x564e62626343 <unknown>\n#8 0x564e625f7593 <unknown>\n#9 0x564e625f7f5e <unknown>\n#10 0x564e6288784b <unknown>\n#11 0x564e6288b7a5 <unknown>\n#12 0x564e62875571 <unknown>\n#13 0x564e6288c332 <unknown>\n#14 0x564e6285a87f <unknown>\n#15 0x564e628b2728 <unknown>\n#16 0x564e628b28fb <unknown>\n#17 0x564e628c29b4 <unknown>\n#18 0x7f1292923134 <unknown>","time":{"start":1713662373554,"stop":1713662378715,"duration":5161}},{"uid":"e992cdd1dd89aed0","reportUrl":"https://Nat754.github.io/StroyremAutomation/283//#testresult/e992cdd1dd89aed0","status":"skipped","statusDetails":"XFAIL Появляется капча Яндекса при запуске теста на Github\n\nselenium.common.exceptions.InvalidCookieDomainException: Message: invalid cookie domain: Cookie 'domain' mismatch\n  (Session info: chrome-headless-shell=123.0.6312.122)\nStacktrace:\n#0 0x562b13e84863 <unknown>\n#1 0x562b13b7a8c6 <unknown>\n#2 0x562b13c17ffd <unknown>\n#3 0x562b13be75a2 <unknown>\n#4 0x562b13c05c19 <unknown>\n#5 0x562b13be7343 <unknown>\n#6 0x562b13bb8593 <unknown>\n#7 0x562b13bb8f5e <unknown>\n#8 0x562b13e4884b <unknown>\n#9 0x562b13e4c7a5 <unknown>\n#10 0x562b13e36571 <unknown>\n#11 0x562b13e4d332 <unknown>\n#12 0x562b13e1b87f <unknown>\n#13 0x562b13e73728 <unknown>\n#14 0x562b13e738fb <unknown>\n#15 0x562b13e839b4 <unknown>\n#16 0x7f8b905aa134 <unknown>","time":{"start":1713575529698,"stop":1713575533283,"duration":3585}},{"uid":"d81d8412f3f07530","reportUrl":"https://Nat754.github.io/StroyremAutomation/282//#testresult/d81d8412f3f07530","status":"skipped","statusDetails":"XFAIL Появляется капча Яндекса при запуске теста на Github\n\nselenium.common.exceptions.InvalidCookieDomainException: Message: invalid cookie domain: Cookie 'domain' mismatch\n  (Session info: chrome-headless-shell=123.0.6312.122)\nStacktrace:\n#0 0x5563f0502863 <unknown>\n#1 0x5563f01f88c6 <unknown>\n#2 0x5563f0295ffd <unknown>\n#3 0x5563f02655a2 <unknown>\n#4 0x5563f0283c19 <unknown>\n#5 0x5563f0265343 <unknown>\n#6 0x5563f0236593 <unknown>\n#7 0x5563f0236f5e <unknown>\n#8 0x5563f04c684b <unknown>\n#9 0x5563f04ca7a5 <unknown>\n#10 0x5563f04b4571 <unknown>\n#11 0x5563f04cb332 <unknown>\n#12 0x5563f049987f <unknown>\n#13 0x5563f04f1728 <unknown>\n#14 0x5563f04f18fb <unknown>\n#15 0x5563f05019b4 <unknown>\n#16 0x7f7cbb2da134 <unknown>","time":{"start":1713489052973,"stop":1713489056408,"duration":3435}},{"uid":"720c073195eb097c","reportUrl":"https://Nat754.github.io/StroyremAutomation/281//#testresult/720c073195eb097c","status":"skipped","statusDetails":"XFAIL Появляется капча Яндекса при запуске теста на Github\n\nselenium.common.exceptions.InvalidCookieDomainException: Message: invalid cookie domain: Cookie 'domain' mismatch\n  (Session info: chrome-headless-shell=123.0.6312.122)\nStacktrace:\n#0 0x55ce4d165863 <unknown>\n#1 0x55ce4ce5b8c6 <unknown>\n#2 0x55ce4cef8ffd <unknown>\n#3 0x55ce4cec85a2 <unknown>\n#4 0x55ce4cee6c19 <unknown>\n#5 0x55ce4cec8343 <unknown>\n#6 0x55ce4ce99593 <unknown>\n#7 0x55ce4ce99f5e <unknown>\n#8 0x55ce4d12984b <unknown>\n#9 0x55ce4d12d7a5 <unknown>\n#10 0x55ce4d117571 <unknown>\n#11 0x55ce4d12e332 <unknown>\n#12 0x55ce4d0fc87f <unknown>\n#13 0x55ce4d154728 <unknown>\n#14 0x55ce4d1548fb <unknown>\n#15 0x55ce4d1649b4 <unknown>\n#16 0x7fb966a4e134 <unknown>","time":{"start":1713402633497,"stop":1713402637109,"duration":3612}}]},"tags":["@pytest.mark.xfail(reason='Появляется капча Яндекса при запуске теста на Github')","smoke_test"]},"source":"b86eb5e2189acf24.json","parameterValues":[]}