{"uid":"bb906ee52cb8617","name":"test_positive_delivery_green_zone_smoke[TD 006-products/shtukaturka-gipsovaya-aksolit-m50-30-kg-mashinnogo-naneseniya-25-1700-990-1990-2480-https://sandboxtest.stroyrem-nn.ru/]","fullName":"tests.delivery.test_delivery_calculation.TestDeliveryPageCalculation#test_positive_delivery_green_zone_smoke","historyId":"1df20f878cd9f5f7374b8a6cd977ef7b","time":{"start":1703465781464,"stop":1703465781916,"duration":452},"status":"skipped","statusMessage":"XFAIL\n\nselenium.common.exceptions.NoSuchElementException: Message: no such element: Unable to locate element: {\"method\":\"xpath\",\"selector\":\"(//a[@class='add-to-cart yellow-btn'])[1]\"}\n  (Session info: chrome-headless-shell=120.0.6099.109); For documentation on this error, please visit: https://www.selenium.dev/documentation/webdriver/troubleshooting/errors#no-such-element-exception\nStacktrace:\n#0 0x55b38fac1f83 <unknown>\n#1 0x55b38f77acf7 <unknown>\n#2 0x55b38f7ca99e <unknown>\n#3 0x55b38f7caaa1 <unknown>\n#4 0x55b38f815d64 <unknown>\n#5 0x55b38f7f40dd <unknown>\n#6 0x55b38f813006 <unknown>\n#7 0x55b38f7f3e53 <unknown>\n#8 0x55b38f7bbdd4 <unknown>\n#9 0x55b38f7bd1de <unknown>\n#10 0x55b38fa86531 <unknown>\n#11 0x55b38fa8a455 <unknown>\n#12 0x55b38fa72f55 <unknown>\n#13 0x55b38fa8b0ef <unknown>\n#14 0x55b38fa5699f <unknown>\n#15 0x55b38faaf008 <unknown>\n#16 0x55b38faaf1d7 <unknown>\n#17 0x55b38fac1124 <unknown>\n#18 0x7f279193c044 <unknown>","statusTrace":"self = <tests.delivery.test_delivery_calculation.TestDeliveryPageCalculation object at 0x7fb154edbdd0>\ndriver = <selenium.webdriver.chrome.webdriver.WebDriver (session=\"f9b025b567c2113379321b152978201e\")>\nurl = 'https://sandboxtest.stroyrem-nn.ru/', case_id = 'TD 006'\nlink_item = 'products/shtukaturka-gipsovaya-aksolit-m50-30-kg-mashinnogo-naneseniya'\namount = 25, weight = 1700, standard = 990, in_time = 1990, all_time = 2480\n\n    @pytest.mark.parametrize('case_id, link_item, amount, weight, standard, in_time, all_time', [\n        (\"TD 001\", uroven_3000, 1, 30, 0, 1590, 2190),\n        (\"TD 002\", bundeks_25, 1, 30, 400, 1590, 2190),\n        (\"TD 003\", aksolit_30, 8, 300, 400, 1590, 2190),\n        (\"TD 004\", aksolit_30, 13, 400, 450, 1590, 2190),\n        (\"TD 005\", aksolit_30, 16, 500, 600, 1590, 2190),\n        (\"TD 006\", aksolit_30, 25, 1700, 990, 1990, 2480),\n        (\"TD 007\", aksolit_30, 66, 2000, 1300, 2490, 2980),\n        (\"TD 008\", aksolit_30, 149, 4500, 2300, 3980, 4490),\n        (\"TD 009\", aksolit_30, 166, 5000, 2500, 4990, 5480),\n        pytest.param(\n            \"TD 010\", aksolit_30, 206, 6200, 2900, 5570, 6120,\n            marks=pytest.mark.xfail(reson=\"Цена доставки 3600 7960 8980\")\n        ),\n        (\"TD 011\", aksolit_30, 299, 9000, 3600, 7960, 8980),\n        (\"TD 012\", aksolit_30, 333, 10000, 4450, 11990, 12500),\n        pytest.param(\n            \"TD 013\", aksolit_30, 366, 11000, 4800, 12450, 13480,\n            marks=pytest.mark.xfail(reason=\"Цена стандартной доставки 4450\")\n        ),\n        pytest.param(\n            \"TD 014\", aksolit_30, 666, 20000, 5400, 15600, 17490,\n            marks=pytest.mark.xfail(reason=\"Цена стандартной доставки 4450\")\n        )\n    ])\n    @pytest.mark.xfail\n    @pytest.mark.smoke_test\n    def test_positive_delivery_green_zone_smoke(\n            self, driver, url, case_id, link_item, amount, weight, standard, in_time, all_time\n    ):\n    \n        driver.get(f'{url}{link_item}')\n        item_page = ItemPage(driver)\n>       item_page.add_item_to_cart(amount).click_on_cart()\n\ntests/delivery/test_delivery_calculation.py:50: \n_ _ _ _ _ _ _ _ _ _ _ _ _ _ _ _ _ _ _ _ _ _ _ _ _ _ _ _ _ _ _ _ _ _ _ _ _ _ _ _ \npages/item_page.py:40: in add_item_to_cart\n    self.find_element(self._add_item).click()\nbase/seleniumbase.py:17: in find_element\n    return self.driver.find_element(*locator)\n/usr/local/lib/python3.11/site-packages/selenium/webdriver/remote/webdriver.py:739: in find_element\n    return self.execute(Command.FIND_ELEMENT, {\"using\": by, \"value\": value})[\"value\"]\n/usr/local/lib/python3.11/site-packages/selenium/webdriver/remote/webdriver.py:345: in execute\n    self.error_handler.check_response(response)\n_ _ _ _ _ _ _ _ _ _ _ _ _ _ _ _ _ _ _ _ _ _ _ _ _ _ _ _ _ _ _ _ _ _ _ _ _ _ _ _ \n\nself = <selenium.webdriver.remote.errorhandler.ErrorHandler object at 0x7fb155b4e0d0>\nresponse = {'status': 404, 'value': '{\"value\":{\"error\":\"no such element\",\"message\":\"no such element: Unable to locate element: {\\...\\\\n#16 0x55b38faaf1d7 \\\\u003Cunknown>\\\\n#17 0x55b38fac1124 \\\\u003Cunknown>\\\\n#18 0x7f279193c044 \\\\u003Cunknown>\\\\n\"}}'}\n\n    def check_response(self, response: Dict[str, Any]) -> None:\n        \"\"\"Checks that a JSON response from the WebDriver does not have an\n        error.\n    \n        :Args:\n         - response - The JSON response from the WebDriver server as a dictionary\n           object.\n    \n        :Raises: If the response contains an error message.\n        \"\"\"\n        status = response.get(\"status\", None)\n        if not status or status == ErrorCode.SUCCESS:\n            return\n        value = None\n        message = response.get(\"message\", \"\")\n        screen: str = response.get(\"screen\", \"\")\n        stacktrace = None\n        if isinstance(status, int):\n            value_json = response.get(\"value\", None)\n            if value_json and isinstance(value_json, str):\n                import json\n    \n                try:\n                    value = json.loads(value_json)\n                    if len(value) == 1:\n                        value = value[\"value\"]\n                    status = value.get(\"error\", None)\n                    if not status:\n                        status = value.get(\"status\", ErrorCode.UNKNOWN_ERROR)\n                        message = value.get(\"value\") or value.get(\"message\")\n                        if not isinstance(message, str):\n                            value = message\n                            message = message.get(\"message\")\n                    else:\n                        message = value.get(\"message\", None)\n                except ValueError:\n                    pass\n    \n        exception_class: Type[WebDriverException]\n        e = ErrorCode()\n        error_codes = [item for item in dir(e) if not item.startswith(\"__\")]\n        for error_code in error_codes:\n            error_info = getattr(ErrorCode, error_code)\n            if isinstance(error_info, list) and status in error_info:\n                exception_class = getattr(ExceptionMapping, error_code, WebDriverException)\n                break\n        else:\n            exception_class = WebDriverException\n    \n        if not value:\n            value = response[\"value\"]\n        if isinstance(value, str):\n            raise exception_class(value)\n        if message == \"\" and \"message\" in value:\n            message = value[\"message\"]\n    \n        screen = None  # type: ignore[assignment]\n        if \"screen\" in value:\n            screen = value[\"screen\"]\n    \n        stacktrace = None\n        st_value = value.get(\"stackTrace\") or value.get(\"stacktrace\")\n        if st_value:\n            if isinstance(st_value, str):\n                stacktrace = st_value.split(\"\\n\")\n            else:\n                stacktrace = []\n                try:\n                    for frame in st_value:\n                        line = frame.get(\"lineNumber\", \"\")\n                        file = frame.get(\"fileName\", \"<anonymous>\")\n                        if line:\n                            file = f\"{file}:{line}\"\n                        meth = frame.get(\"methodName\", \"<anonymous>\")\n                        if \"className\" in frame:\n                            meth = f\"{frame['className']}.{meth}\"\n                        msg = \"    at %s (%s)\"\n                        msg = msg % (meth, file)\n                        stacktrace.append(msg)\n                except TypeError:\n                    pass\n        if exception_class == UnexpectedAlertPresentException:\n            alert_text = None\n            if \"data\" in value:\n                alert_text = value[\"data\"].get(\"text\")\n            elif \"alert\" in value:\n                alert_text = value[\"alert\"].get(\"text\")\n            raise exception_class(message, screen, stacktrace, alert_text)  # type: ignore[call-arg]  # mypy is not smart enough here\n>       raise exception_class(message, screen, stacktrace)\nE       selenium.common.exceptions.NoSuchElementException: Message: no such element: Unable to locate element: {\"method\":\"xpath\",\"selector\":\"(//a[@class='add-to-cart yellow-btn'])[1]\"}\nE         (Session info: chrome-headless-shell=120.0.6099.109); For documentation on this error, please visit: https://www.selenium.dev/documentation/webdriver/troubleshooting/errors#no-such-element-exception\nE       Stacktrace:\nE       #0 0x55b38fac1f83 <unknown>\nE       #1 0x55b38f77acf7 <unknown>\nE       #2 0x55b38f7ca99e <unknown>\nE       #3 0x55b38f7caaa1 <unknown>\nE       #4 0x55b38f815d64 <unknown>\nE       #5 0x55b38f7f40dd <unknown>\nE       #6 0x55b38f813006 <unknown>\nE       #7 0x55b38f7f3e53 <unknown>\nE       #8 0x55b38f7bbdd4 <unknown>\nE       #9 0x55b38f7bd1de <unknown>\nE       #10 0x55b38fa86531 <unknown>\nE       #11 0x55b38fa8a455 <unknown>\nE       #12 0x55b38fa72f55 <unknown>\nE       #13 0x55b38fa8b0ef <unknown>\nE       #14 0x55b38fa5699f <unknown>\nE       #15 0x55b38faaf008 <unknown>\nE       #16 0x55b38faaf1d7 <unknown>\nE       #17 0x55b38fac1124 <unknown>\nE       #18 0x7f279193c044 <unknown>\n\n/usr/local/lib/python3.11/site-packages/selenium/webdriver/remote/errorhandler.py:229: NoSuchElementException","flaky":false,"newFailed":false,"newBroken":false,"newPassed":false,"retriesCount":0,"retriesStatusChange":false,"beforeStages":[{"name":"_session_faker","time":{"start":1703465490159,"stop":1703465490227,"duration":68},"status":"passed","steps":[],"attachments":[],"parameters":[],"shouldDisplayMessage":false,"stepsCount":0,"attachmentsCount":0,"hasContent":false,"attachmentStep":false},{"name":"clear_allure_results_folder","time":{"start":1703465490228,"stop":1703465490228,"duration":0},"status":"passed","steps":[],"attachments":[],"parameters":[],"shouldDisplayMessage":false,"stepsCount":0,"attachmentsCount":0,"hasContent":false,"attachmentStep":false},{"name":"driver","time":{"start":1703465780691,"stop":1703465781463,"duration":772},"status":"passed","steps":[],"attachments":[],"parameters":[],"shouldDisplayMessage":false,"stepsCount":0,"attachmentsCount":0,"hasContent":false,"attachmentStep":false},{"name":"setup","time":{"start":1703465781463,"stop":1703465781463,"duration":0},"status":"passed","steps":[],"attachments":[],"parameters":[],"shouldDisplayMessage":false,"stepsCount":0,"attachmentsCount":0,"hasContent":false,"attachmentStep":false}],"testStage":{"status":"skipped","statusMessage":"XFAIL\n\nselenium.common.exceptions.NoSuchElementException: Message: no such element: Unable to locate element: {\"method\":\"xpath\",\"selector\":\"(//a[@class='add-to-cart yellow-btn'])[1]\"}\n  (Session info: chrome-headless-shell=120.0.6099.109); For documentation on this error, please visit: https://www.selenium.dev/documentation/webdriver/troubleshooting/errors#no-such-element-exception\nStacktrace:\n#0 0x55b38fac1f83 <unknown>\n#1 0x55b38f77acf7 <unknown>\n#2 0x55b38f7ca99e <unknown>\n#3 0x55b38f7caaa1 <unknown>\n#4 0x55b38f815d64 <unknown>\n#5 0x55b38f7f40dd <unknown>\n#6 0x55b38f813006 <unknown>\n#7 0x55b38f7f3e53 <unknown>\n#8 0x55b38f7bbdd4 <unknown>\n#9 0x55b38f7bd1de <unknown>\n#10 0x55b38fa86531 <unknown>\n#11 0x55b38fa8a455 <unknown>\n#12 0x55b38fa72f55 <unknown>\n#13 0x55b38fa8b0ef <unknown>\n#14 0x55b38fa5699f <unknown>\n#15 0x55b38faaf008 <unknown>\n#16 0x55b38faaf1d7 <unknown>\n#17 0x55b38fac1124 <unknown>\n#18 0x7f279193c044 <unknown>","statusTrace":"self = <tests.delivery.test_delivery_calculation.TestDeliveryPageCalculation object at 0x7fb154edbdd0>\ndriver = <selenium.webdriver.chrome.webdriver.WebDriver (session=\"f9b025b567c2113379321b152978201e\")>\nurl = 'https://sandboxtest.stroyrem-nn.ru/', case_id = 'TD 006'\nlink_item = 'products/shtukaturka-gipsovaya-aksolit-m50-30-kg-mashinnogo-naneseniya'\namount = 25, weight = 1700, standard = 990, in_time = 1990, all_time = 2480\n\n    @pytest.mark.parametrize('case_id, link_item, amount, weight, standard, in_time, all_time', [\n        (\"TD 001\", uroven_3000, 1, 30, 0, 1590, 2190),\n        (\"TD 002\", bundeks_25, 1, 30, 400, 1590, 2190),\n        (\"TD 003\", aksolit_30, 8, 300, 400, 1590, 2190),\n        (\"TD 004\", aksolit_30, 13, 400, 450, 1590, 2190),\n        (\"TD 005\", aksolit_30, 16, 500, 600, 1590, 2190),\n        (\"TD 006\", aksolit_30, 25, 1700, 990, 1990, 2480),\n        (\"TD 007\", aksolit_30, 66, 2000, 1300, 2490, 2980),\n        (\"TD 008\", aksolit_30, 149, 4500, 2300, 3980, 4490),\n        (\"TD 009\", aksolit_30, 166, 5000, 2500, 4990, 5480),\n        pytest.param(\n            \"TD 010\", aksolit_30, 206, 6200, 2900, 5570, 6120,\n            marks=pytest.mark.xfail(reson=\"Цена доставки 3600 7960 8980\")\n        ),\n        (\"TD 011\", aksolit_30, 299, 9000, 3600, 7960, 8980),\n        (\"TD 012\", aksolit_30, 333, 10000, 4450, 11990, 12500),\n        pytest.param(\n            \"TD 013\", aksolit_30, 366, 11000, 4800, 12450, 13480,\n            marks=pytest.mark.xfail(reason=\"Цена стандартной доставки 4450\")\n        ),\n        pytest.param(\n            \"TD 014\", aksolit_30, 666, 20000, 5400, 15600, 17490,\n            marks=pytest.mark.xfail(reason=\"Цена стандартной доставки 4450\")\n        )\n    ])\n    @pytest.mark.xfail\n    @pytest.mark.smoke_test\n    def test_positive_delivery_green_zone_smoke(\n            self, driver, url, case_id, link_item, amount, weight, standard, in_time, all_time\n    ):\n    \n        driver.get(f'{url}{link_item}')\n        item_page = ItemPage(driver)\n>       item_page.add_item_to_cart(amount).click_on_cart()\n\ntests/delivery/test_delivery_calculation.py:50: \n_ _ _ _ _ _ _ _ _ _ _ _ _ _ _ _ _ _ _ _ _ _ _ _ _ _ _ _ _ _ _ _ _ _ _ _ _ _ _ _ \npages/item_page.py:40: in add_item_to_cart\n    self.find_element(self._add_item).click()\nbase/seleniumbase.py:17: in find_element\n    return self.driver.find_element(*locator)\n/usr/local/lib/python3.11/site-packages/selenium/webdriver/remote/webdriver.py:739: in find_element\n    return self.execute(Command.FIND_ELEMENT, {\"using\": by, \"value\": value})[\"value\"]\n/usr/local/lib/python3.11/site-packages/selenium/webdriver/remote/webdriver.py:345: in execute\n    self.error_handler.check_response(response)\n_ _ _ _ _ _ _ _ _ _ _ _ _ _ _ _ _ _ _ _ _ _ _ _ _ _ _ _ _ _ _ _ _ _ _ _ _ _ _ _ \n\nself = <selenium.webdriver.remote.errorhandler.ErrorHandler object at 0x7fb155b4e0d0>\nresponse = {'status': 404, 'value': '{\"value\":{\"error\":\"no such element\",\"message\":\"no such element: Unable to locate element: {\\...\\\\n#16 0x55b38faaf1d7 \\\\u003Cunknown>\\\\n#17 0x55b38fac1124 \\\\u003Cunknown>\\\\n#18 0x7f279193c044 \\\\u003Cunknown>\\\\n\"}}'}\n\n    def check_response(self, response: Dict[str, Any]) -> None:\n        \"\"\"Checks that a JSON response from the WebDriver does not have an\n        error.\n    \n        :Args:\n         - response - The JSON response from the WebDriver server as a dictionary\n           object.\n    \n        :Raises: If the response contains an error message.\n        \"\"\"\n        status = response.get(\"status\", None)\n        if not status or status == ErrorCode.SUCCESS:\n            return\n        value = None\n        message = response.get(\"message\", \"\")\n        screen: str = response.get(\"screen\", \"\")\n        stacktrace = None\n        if isinstance(status, int):\n            value_json = response.get(\"value\", None)\n            if value_json and isinstance(value_json, str):\n                import json\n    \n                try:\n                    value = json.loads(value_json)\n                    if len(value) == 1:\n                        value = value[\"value\"]\n                    status = value.get(\"error\", None)\n                    if not status:\n                        status = value.get(\"status\", ErrorCode.UNKNOWN_ERROR)\n                        message = value.get(\"value\") or value.get(\"message\")\n                        if not isinstance(message, str):\n                            value = message\n                            message = message.get(\"message\")\n                    else:\n                        message = value.get(\"message\", None)\n                except ValueError:\n                    pass\n    \n        exception_class: Type[WebDriverException]\n        e = ErrorCode()\n        error_codes = [item for item in dir(e) if not item.startswith(\"__\")]\n        for error_code in error_codes:\n            error_info = getattr(ErrorCode, error_code)\n            if isinstance(error_info, list) and status in error_info:\n                exception_class = getattr(ExceptionMapping, error_code, WebDriverException)\n                break\n        else:\n            exception_class = WebDriverException\n    \n        if not value:\n            value = response[\"value\"]\n        if isinstance(value, str):\n            raise exception_class(value)\n        if message == \"\" and \"message\" in value:\n            message = value[\"message\"]\n    \n        screen = None  # type: ignore[assignment]\n        if \"screen\" in value:\n            screen = value[\"screen\"]\n    \n        stacktrace = None\n        st_value = value.get(\"stackTrace\") or value.get(\"stacktrace\")\n        if st_value:\n            if isinstance(st_value, str):\n                stacktrace = st_value.split(\"\\n\")\n            else:\n                stacktrace = []\n                try:\n                    for frame in st_value:\n                        line = frame.get(\"lineNumber\", \"\")\n                        file = frame.get(\"fileName\", \"<anonymous>\")\n                        if line:\n                            file = f\"{file}:{line}\"\n                        meth = frame.get(\"methodName\", \"<anonymous>\")\n                        if \"className\" in frame:\n                            meth = f\"{frame['className']}.{meth}\"\n                        msg = \"    at %s (%s)\"\n                        msg = msg % (meth, file)\n                        stacktrace.append(msg)\n                except TypeError:\n                    pass\n        if exception_class == UnexpectedAlertPresentException:\n            alert_text = None\n            if \"data\" in value:\n                alert_text = value[\"data\"].get(\"text\")\n            elif \"alert\" in value:\n                alert_text = value[\"alert\"].get(\"text\")\n            raise exception_class(message, screen, stacktrace, alert_text)  # type: ignore[call-arg]  # mypy is not smart enough here\n>       raise exception_class(message, screen, stacktrace)\nE       selenium.common.exceptions.NoSuchElementException: Message: no such element: Unable to locate element: {\"method\":\"xpath\",\"selector\":\"(//a[@class='add-to-cart yellow-btn'])[1]\"}\nE         (Session info: chrome-headless-shell=120.0.6099.109); For documentation on this error, please visit: https://www.selenium.dev/documentation/webdriver/troubleshooting/errors#no-such-element-exception\nE       Stacktrace:\nE       #0 0x55b38fac1f83 <unknown>\nE       #1 0x55b38f77acf7 <unknown>\nE       #2 0x55b38f7ca99e <unknown>\nE       #3 0x55b38f7caaa1 <unknown>\nE       #4 0x55b38f815d64 <unknown>\nE       #5 0x55b38f7f40dd <unknown>\nE       #6 0x55b38f813006 <unknown>\nE       #7 0x55b38f7f3e53 <unknown>\nE       #8 0x55b38f7bbdd4 <unknown>\nE       #9 0x55b38f7bd1de <unknown>\nE       #10 0x55b38fa86531 <unknown>\nE       #11 0x55b38fa8a455 <unknown>\nE       #12 0x55b38fa72f55 <unknown>\nE       #13 0x55b38fa8b0ef <unknown>\nE       #14 0x55b38fa5699f <unknown>\nE       #15 0x55b38faaf008 <unknown>\nE       #16 0x55b38faaf1d7 <unknown>\nE       #17 0x55b38fac1124 <unknown>\nE       #18 0x7f279193c044 <unknown>\n\n/usr/local/lib/python3.11/site-packages/selenium/webdriver/remote/errorhandler.py:229: NoSuchElementException","steps":[{"name":"Добавляем товар в корзину в количестве 25","time":{"start":1703465781903,"stop":1703465781915,"duration":12},"status":"broken","statusMessage":"selenium.common.exceptions.NoSuchElementException: Message: no such element: Unable to locate element: {\"method\":\"xpath\",\"selector\":\"(//a[@class='add-to-cart yellow-btn'])[1]\"}\n  (Session info: chrome-headless-shell=120.0.6099.109); For documentation on this error, please visit: https://www.selenium.dev/documentation/webdriver/troubleshooting/errors#no-such-element-exception\nStacktrace:\n#0 0x55b38fac1f83 <unknown>\n#1 0x55b38f77acf7 <unknown>\n#2 0x55b38f7ca99e <unknown>\n#3 0x55b38f7caaa1 <unknown>\n#4 0x55b38f815d64 <unknown>\n#5 0x55b38f7f40dd <unknown>\n#6 0x55b38f813006 <unknown>\n#7 0x55b38f7f3e53 <unknown>\n#8 0x55b38f7bbdd4 <unknown>\n#9 0x55b38f7bd1de <unknown>\n#10 0x55b38fa86531 <unknown>\n#11 0x55b38fa8a455 <unknown>\n#12 0x55b38fa72f55 <unknown>\n#13 0x55b38fa8b0ef <unknown>\n#14 0x55b38fa5699f <unknown>\n#15 0x55b38faaf008 <unknown>\n#16 0x55b38faaf1d7 <unknown>\n#17 0x55b38fac1124 <unknown>\n#18 0x7f279193c044 <unknown>\n\n","statusTrace":"  File \"/usr/local/lib/python3.11/site-packages/allure_commons/_allure.py\", line 192, in impl\n    return func(*a, **kw)\n           ^^^^^^^^^^^^^^\n  File \"/app/pages/item_page.py\", line 40, in add_item_to_cart\n    self.find_element(self._add_item).click()\n    ^^^^^^^^^^^^^^^^^^^^^^^^^^^^^^^^^\n  File \"/app/base/seleniumbase.py\", line 17, in find_element\n    return self.driver.find_element(*locator)\n           ^^^^^^^^^^^^^^^^^^^^^^^^^^^^^^^^^^\n  File \"/usr/local/lib/python3.11/site-packages/selenium/webdriver/remote/webdriver.py\", line 739, in find_element\n    return self.execute(Command.FIND_ELEMENT, {\"using\": by, \"value\": value})[\"value\"]\n           ^^^^^^^^^^^^^^^^^^^^^^^^^^^^^^^^^^^^^^^^^^^^^^^^^^^^^^^^^^^^^^^^^\n  File \"/usr/local/lib/python3.11/site-packages/selenium/webdriver/remote/webdriver.py\", line 345, in execute\n    self.error_handler.check_response(response)\n  File \"/usr/local/lib/python3.11/site-packages/selenium/webdriver/remote/errorhandler.py\", line 229, in check_response\n    raise exception_class(message, screen, stacktrace)\n","steps":[],"attachments":[],"parameters":[{"name":"amount","value":"25"}],"shouldDisplayMessage":true,"stepsCount":0,"attachmentsCount":0,"hasContent":true,"attachmentStep":false}],"attachments":[{"uid":"c7637d56e233d6e2","name":"Screenshot","source":"c7637d56e233d6e2.png","type":"image/png","size":5862},{"uid":"27b7a4fa36e10167","name":"HTML source","source":"27b7a4fa36e10167.html","type":"text/html","size":39}],"parameters":[],"shouldDisplayMessage":true,"stepsCount":1,"attachmentsCount":2,"hasContent":true,"attachmentStep":false},"afterStages":[{"name":"driver::0","time":{"start":1703465782015,"stop":1703465782072,"duration":57},"status":"passed","steps":[],"attachments":[],"parameters":[],"shouldDisplayMessage":false,"stepsCount":0,"attachmentsCount":0,"hasContent":false,"attachmentStep":false},{"name":"setup::0","time":{"start":1703465782015,"stop":1703465782015,"duration":0},"status":"passed","steps":[],"attachments":[],"parameters":[],"shouldDisplayMessage":false,"stepsCount":0,"attachmentsCount":0,"hasContent":false,"attachmentStep":false}],"labels":[{"name":"epic","value":"Delivery Page - calculation"},{"name":"tag","value":"smoke_test"},{"name":"tag","value":"@pytest.mark.xfail"},{"name":"parentSuite","value":"tests.delivery"},{"name":"suite","value":"test_delivery_calculation"},{"name":"subSuite","value":"TestDeliveryPageCalculation"},{"name":"host","value":"d9ba5a47cc3a"},{"name":"thread","value":"1-MainThread"},{"name":"framework","value":"pytest"},{"name":"language","value":"cpython3"},{"name":"package","value":"tests.delivery.test_delivery_calculation"},{"name":"resultFormat","value":"allure2"}],"parameters":[{"name":"all_time","value":"2480"},{"name":"amount","value":"25"},{"name":"case_id","value":"'TD 006'"},{"name":"in_time","value":"1990"},{"name":"link_item","value":"'products/shtukaturka-gipsovaya-aksolit-m50-30-kg-mashinnogo-naneseniya'"},{"name":"standard","value":"990"},{"name":"url","value":"'https://sandboxtest.stroyrem-nn.ru/'"},{"name":"weight","value":"1700"}],"links":[],"hidden":false,"retry":false,"extra":{"severity":"normal","retries":[],"categories":[],"history":{"statistic":{"failed":0,"broken":13,"skipped":105,"passed":0,"unknown":0,"total":118},"items":[{"uid":"75b63fbe935be558","reportUrl":"https://Nat754.github.io/StroyremAutomation/165//#testresult/75b63fbe935be558","status":"skipped","statusDetails":"XFAIL\n\nselenium.common.exceptions.NoSuchElementException: Message: no such element: Unable to locate element: {\"method\":\"xpath\",\"selector\":\"(//a[@class='add-to-cart yellow-btn'])[1]\"}\n  (Session info: chrome-headless-shell=120.0.6099.109); For documentation on this error, please visit: https://www.selenium.dev/documentation/webdriver/troubleshooting/errors#no-such-element-exception\nStacktrace:\n#0 0x5598407e4f83 <unknown>\n#1 0x55984049dcf7 <unknown>\n#2 0x5598404ed99e <unknown>\n#3 0x5598404edaa1 <unknown>\n#4 0x559840538d64 <unknown>\n#5 0x5598405170dd <unknown>\n#6 0x559840536006 <unknown>\n#7 0x559840516e53 <unknown>\n#8 0x5598404dedd4 <unknown>\n#9 0x5598404e01de <unknown>\n#10 0x5598407a9531 <unknown>\n#11 0x5598407ad455 <unknown>\n#12 0x559840795f55 <unknown>\n#13 0x5598407ae0ef <unknown>\n#14 0x55984077999f <unknown>\n#15 0x5598407d2008 <unknown>\n#16 0x5598407d21d7 <unknown>\n#17 0x5598407e4124 <unknown>\n#18 0x7fef02fbe044 <unknown>","time":{"start":1703379514988,"stop":1703379515826,"duration":838}},{"uid":"a3f279da63f3ff63","reportUrl":"https://Nat754.github.io/StroyremAutomation/164//#testresult/a3f279da63f3ff63","status":"skipped","statusDetails":"XFAIL\n\nselenium.common.exceptions.NoSuchElementException: Message: no such element: Unable to locate element: {\"method\":\"xpath\",\"selector\":\"(//a[@class='add-to-cart yellow-btn'])[1]\"}\n  (Session info: chrome-headless-shell=120.0.6099.109); For documentation on this error, please visit: https://www.selenium.dev/documentation/webdriver/troubleshooting/errors#no-such-element-exception\nStacktrace:\n#0 0x556546c46f83 <unknown>\n#1 0x5565468ffcf7 <unknown>\n#2 0x55654694f99e <unknown>\n#3 0x55654694faa1 <unknown>\n#4 0x55654699ad64 <unknown>\n#5 0x5565469790dd <unknown>\n#6 0x556546998006 <unknown>\n#7 0x556546978e53 <unknown>\n#8 0x556546940dd4 <unknown>\n#9 0x5565469421de <unknown>\n#10 0x556546c0b531 <unknown>\n#11 0x556546c0f455 <unknown>\n#12 0x556546bf7f55 <unknown>\n#13 0x556546c100ef <unknown>\n#14 0x556546bdb99f <unknown>\n#15 0x556546c34008 <unknown>\n#16 0x556546c341d7 <unknown>\n#17 0x556546c46124 <unknown>\n#18 0x7feb0fedf044 <unknown>","time":{"start":1703292722837,"stop":1703292723236,"duration":399}},{"uid":"baa651baf00d1fb2","reportUrl":"https://Nat754.github.io/StroyremAutomation/163//#testresult/baa651baf00d1fb2","status":"skipped","statusDetails":"XFAIL\n\nselenium.common.exceptions.NoSuchElementException: Message: no such element: Unable to locate element: {\"method\":\"xpath\",\"selector\":\"(//a[@class='add-to-cart yellow-btn'])[1]\"}\n  (Session info: chrome-headless-shell=120.0.6099.109); For documentation on this error, please visit: https://www.selenium.dev/documentation/webdriver/troubleshooting/errors#no-such-element-exception\nStacktrace:\n#0 0x55c7f743cf83 <unknown>\n#1 0x55c7f70f5cf7 <unknown>\n#2 0x55c7f714599e <unknown>\n#3 0x55c7f7145aa1 <unknown>\n#4 0x55c7f7190d64 <unknown>\n#5 0x55c7f716f0dd <unknown>\n#6 0x55c7f718e006 <unknown>\n#7 0x55c7f716ee53 <unknown>\n#8 0x55c7f7136dd4 <unknown>\n#9 0x55c7f71381de <unknown>\n#10 0x55c7f7401531 <unknown>\n#11 0x55c7f7405455 <unknown>\n#12 0x55c7f73edf55 <unknown>\n#13 0x55c7f74060ef <unknown>\n#14 0x55c7f73d199f <unknown>\n#15 0x55c7f742a008 <unknown>\n#16 0x55c7f742a1d7 <unknown>\n#17 0x55c7f743c124 <unknown>\n#18 0x7f408b900044 <unknown>","time":{"start":1703206453243,"stop":1703206453777,"duration":534}},{"uid":"2b29d8e7d2fd89ef","reportUrl":"https://Nat754.github.io/StroyremAutomation/162//#testresult/2b29d8e7d2fd89ef","status":"skipped","statusDetails":"XFAIL\n\nselenium.common.exceptions.NoSuchElementException: Message: no such element: Unable to locate element: {\"method\":\"xpath\",\"selector\":\"(//a[@class='add-to-cart yellow-btn'])[1]\"}\n  (Session info: chrome-headless-shell=120.0.6099.109); For documentation on this error, please visit: https://www.selenium.dev/documentation/webdriver/troubleshooting/errors#no-such-element-exception\nStacktrace:\n#0 0x557d92c67f83 <unknown>\n#1 0x557d92920cf7 <unknown>\n#2 0x557d9297099e <unknown>\n#3 0x557d92970aa1 <unknown>\n#4 0x557d929bbd64 <unknown>\n#5 0x557d9299a0dd <unknown>\n#6 0x557d929b9006 <unknown>\n#7 0x557d92999e53 <unknown>\n#8 0x557d92961dd4 <unknown>\n#9 0x557d929631de <unknown>\n#10 0x557d92c2c531 <unknown>\n#11 0x557d92c30455 <unknown>\n#12 0x557d92c18f55 <unknown>\n#13 0x557d92c310ef <unknown>\n#14 0x557d92bfc99f <unknown>\n#15 0x557d92c55008 <unknown>\n#16 0x557d92c551d7 <unknown>\n#17 0x557d92c67124 <unknown>\n#18 0x7f3a7e030044 <unknown>","time":{"start":1703120072709,"stop":1703120073368,"duration":659}},{"uid":"38840d0370baa5fd","reportUrl":"https://Nat754.github.io/StroyremAutomation/161//#testresult/38840d0370baa5fd","status":"skipped","statusDetails":"XFAIL\n\nselenium.common.exceptions.NoSuchElementException: Message: no such element: Unable to locate element: {\"method\":\"xpath\",\"selector\":\"(//a[@class='add-to-cart yellow-btn'])[1]\"}\n  (Session info: chrome-headless-shell=120.0.6099.109); For documentation on this error, please visit: https://www.selenium.dev/documentation/webdriver/troubleshooting/errors#no-such-element-exception\nStacktrace:\n#0 0x557f672f7f83 <unknown>\n#1 0x557f66fb0cf7 <unknown>\n#2 0x557f6700099e <unknown>\n#3 0x557f67000aa1 <unknown>\n#4 0x557f6704bd64 <unknown>\n#5 0x557f6702a0dd <unknown>\n#6 0x557f67049006 <unknown>\n#7 0x557f67029e53 <unknown>\n#8 0x557f66ff1dd4 <unknown>\n#9 0x557f66ff31de <unknown>\n#10 0x557f672bc531 <unknown>\n#11 0x557f672c0455 <unknown>\n#12 0x557f672a8f55 <unknown>\n#13 0x557f672c10ef <unknown>\n#14 0x557f6728c99f <unknown>\n#15 0x557f672e5008 <unknown>\n#16 0x557f672e51d7 <unknown>\n#17 0x557f672f7124 <unknown>\n#18 0x7f104d6b5044 <unknown>","time":{"start":1703033146635,"stop":1703033147082,"duration":447}},{"uid":"aca98c8b5ae0a3d7","reportUrl":"https://Nat754.github.io/StroyremAutomation/160//#testresult/aca98c8b5ae0a3d7","status":"skipped","statusDetails":"XFAIL\n\nselenium.common.exceptions.NoSuchElementException: Message: no such element: Unable to locate element: {\"method\":\"xpath\",\"selector\":\"(//a[@class='add-to-cart yellow-btn'])[1]\"}\n  (Session info: chrome-headless-shell=120.0.6099.109); For documentation on this error, please visit: https://www.selenium.dev/documentation/webdriver/troubleshooting/errors#no-such-element-exception\nStacktrace:\n#0 0x55978eabbf83 <unknown>\n#1 0x55978e774cf7 <unknown>\n#2 0x55978e7c499e <unknown>\n#3 0x55978e7c4aa1 <unknown>\n#4 0x55978e80fd64 <unknown>\n#5 0x55978e7ee0dd <unknown>\n#6 0x55978e80d006 <unknown>\n#7 0x55978e7ede53 <unknown>\n#8 0x55978e7b5dd4 <unknown>\n#9 0x55978e7b71de <unknown>\n#10 0x55978ea80531 <unknown>\n#11 0x55978ea84455 <unknown>\n#12 0x55978ea6cf55 <unknown>\n#13 0x55978ea850ef <unknown>\n#14 0x55978ea5099f <unknown>\n#15 0x55978eaa9008 <unknown>\n#16 0x55978eaa91d7 <unknown>\n#17 0x55978eabb124 <unknown>\n#18 0x7f34e59da044 <unknown>","time":{"start":1702947295135,"stop":1702947295641,"duration":506}},{"uid":"5b338261dcd17271","reportUrl":"https://Nat754.github.io/StroyremAutomation/159//#testresult/5b338261dcd17271","status":"skipped","statusDetails":"XFAIL\n\nselenium.common.exceptions.NoSuchElementException: Message: no such element: Unable to locate element: {\"method\":\"xpath\",\"selector\":\"(//a[@class='add-to-cart yellow-btn'])[1]\"}\n  (Session info: chrome-headless-shell=120.0.6099.71); For documentation on this error, please visit: https://www.selenium.dev/documentation/webdriver/troubleshooting/errors#no-such-element-exception\nStacktrace:\n#0 0x5628ffaa0d33 <unknown>\n#1 0x5628ff75df87 <unknown>\n#2 0x5628ff7adc0e <unknown>\n#3 0x5628ff7add11 <unknown>\n#4 0x5628ff7f9004 <unknown>\n#5 0x5628ff7d736d <unknown>\n#6 0x5628ff7f6297 <unknown>\n#7 0x5628ff7d70e3 <unknown>\n#8 0x5628ff79f044 <unknown>\n#9 0x5628ff7a044e <unknown>\n#10 0x5628ffa65861 <unknown>\n#11 0x5628ffa69785 <unknown>\n#12 0x5628ffa53285 <unknown>\n#13 0x5628ffa6a41f <unknown>\n#14 0x5628ffa3720f <unknown>\n#15 0x5628ffa8e028 <unknown>\n#16 0x5628ffa8e1f7 <unknown>\n#17 0x5628ffa9fed4 <unknown>\n#18 0x7f3098a6f044 <unknown>","time":{"start":1702860983870,"stop":1702860984202,"duration":332}},{"uid":"9479da5fba74e73c","reportUrl":"https://Nat754.github.io/StroyremAutomation/158//#testresult/9479da5fba74e73c","status":"skipped","statusDetails":"XFAIL\n\nselenium.common.exceptions.NoSuchElementException: Message: no such element: Unable to locate element: {\"method\":\"xpath\",\"selector\":\"(//a[@class='add-to-cart yellow-btn'])[1]\"}\n  (Session info: chrome-headless-shell=120.0.6099.71); For documentation on this error, please visit: https://www.selenium.dev/documentation/webdriver/troubleshooting/errors#no-such-element-exception\nStacktrace:\n#0 0x55bc4aee7d33 <unknown>\n#1 0x55bc4aba4f87 <unknown>\n#2 0x55bc4abf4c0e <unknown>\n#3 0x55bc4abf4d11 <unknown>\n#4 0x55bc4ac40004 <unknown>\n#5 0x55bc4ac1e36d <unknown>\n#6 0x55bc4ac3d297 <unknown>\n#7 0x55bc4ac1e0e3 <unknown>\n#8 0x55bc4abe6044 <unknown>\n#9 0x55bc4abe744e <unknown>\n#10 0x55bc4aeac861 <unknown>\n#11 0x55bc4aeb0785 <unknown>\n#12 0x55bc4ae9a285 <unknown>\n#13 0x55bc4aeb141f <unknown>\n#14 0x55bc4ae7e20f <unknown>\n#15 0x55bc4aed5028 <unknown>\n#16 0x55bc4aed51f7 <unknown>\n#17 0x55bc4aee6ed4 <unknown>\n#18 0x7f8b2ec8c044 <unknown>","time":{"start":1702774723234,"stop":1702774723778,"duration":544}},{"uid":"cabb4456e1179b70","reportUrl":"https://Nat754.github.io/StroyremAutomation/157//#testresult/cabb4456e1179b70","status":"skipped","statusDetails":"XFAIL\n\nselenium.common.exceptions.NoSuchElementException: Message: no such element: Unable to locate element: {\"method\":\"xpath\",\"selector\":\"(//a[@class='add-to-cart yellow-btn'])[1]\"}\n  (Session info: chrome-headless-shell=120.0.6099.71); For documentation on this error, please visit: https://www.selenium.dev/documentation/webdriver/troubleshooting/errors#no-such-element-exception\nStacktrace:\n#0 0x559f7221dd33 <unknown>\n#1 0x559f71edaf87 <unknown>\n#2 0x559f71f2ac0e <unknown>\n#3 0x559f71f2ad11 <unknown>\n#4 0x559f71f76004 <unknown>\n#5 0x559f71f5436d <unknown>\n#6 0x559f71f73297 <unknown>\n#7 0x559f71f540e3 <unknown>\n#8 0x559f71f1c044 <unknown>\n#9 0x559f71f1d44e <unknown>\n#10 0x559f721e2861 <unknown>\n#11 0x559f721e6785 <unknown>\n#12 0x559f721d0285 <unknown>\n#13 0x559f721e741f <unknown>\n#14 0x559f721b420f <unknown>\n#15 0x559f7220b028 <unknown>\n#16 0x559f7220b1f7 <unknown>\n#17 0x559f7221ced4 <unknown>\n#18 0x7faf5dc4e044 <unknown>","time":{"start":1702688043285,"stop":1702688043724,"duration":439}},{"uid":"dcd8eb4a89eb8507","reportUrl":"https://Nat754.github.io/StroyremAutomation/156//#testresult/dcd8eb4a89eb8507","status":"skipped","statusDetails":"XFAIL\n\nselenium.common.exceptions.NoSuchElementException: Message: no such element: Unable to locate element: {\"method\":\"xpath\",\"selector\":\"(//a[@class='add-to-cart yellow-btn'])[1]\"}\n  (Session info: chrome-headless-shell=120.0.6099.71); For documentation on this error, please visit: https://www.selenium.dev/documentation/webdriver/troubleshooting/errors#no-such-element-exception\nStacktrace:\n#0 0x5638cd003d33 <unknown>\n#1 0x5638cccc0f87 <unknown>\n#2 0x5638ccd10c0e <unknown>\n#3 0x5638ccd10d11 <unknown>\n#4 0x5638ccd5c004 <unknown>\n#5 0x5638ccd3a36d <unknown>\n#6 0x5638ccd59297 <unknown>\n#7 0x5638ccd3a0e3 <unknown>\n#8 0x5638ccd02044 <unknown>\n#9 0x5638ccd0344e <unknown>\n#10 0x5638ccfc8861 <unknown>\n#11 0x5638ccfcc785 <unknown>\n#12 0x5638ccfb6285 <unknown>\n#13 0x5638ccfcd41f <unknown>\n#14 0x5638ccf9a20f <unknown>\n#15 0x5638ccff1028 <unknown>\n#16 0x5638ccff11f7 <unknown>\n#17 0x5638cd002ed4 <unknown>\n#18 0x7feb9e8d5044 <unknown>","time":{"start":1702601762590,"stop":1702601763202,"duration":612}},{"uid":"489eb77c5db08f3d","reportUrl":"https://Nat754.github.io/StroyremAutomation/155//#testresult/489eb77c5db08f3d","status":"skipped","statusDetails":"XFAIL\n\nselenium.common.exceptions.NoSuchElementException: Message: no such element: Unable to locate element: {\"method\":\"xpath\",\"selector\":\"(//a[@class='add-to-cart yellow-btn'])[1]\"}\n  (Session info: chrome-headless-shell=120.0.6099.71); For documentation on this error, please visit: https://www.selenium.dev/documentation/webdriver/troubleshooting/errors#no-such-element-exception\nStacktrace:\n#0 0x564094291d33 <unknown>\n#1 0x564093f4ef87 <unknown>\n#2 0x564093f9ec0e <unknown>\n#3 0x564093f9ed11 <unknown>\n#4 0x564093fea004 <unknown>\n#5 0x564093fc836d <unknown>\n#6 0x564093fe7297 <unknown>\n#7 0x564093fc80e3 <unknown>\n#8 0x564093f90044 <unknown>\n#9 0x564093f9144e <unknown>\n#10 0x564094256861 <unknown>\n#11 0x56409425a785 <unknown>\n#12 0x564094244285 <unknown>\n#13 0x56409425b41f <unknown>\n#14 0x56409422820f <unknown>\n#15 0x56409427f028 <unknown>\n#16 0x56409427f1f7 <unknown>\n#17 0x564094290ed4 <unknown>\n#18 0x7fa2c43f0044 <unknown>","time":{"start":1702515220131,"stop":1702515220466,"duration":335}},{"uid":"515c06949ddc16c9","reportUrl":"https://Nat754.github.io/StroyremAutomation/154//#testresult/515c06949ddc16c9","status":"skipped","statusDetails":"XFAIL\n\nselenium.common.exceptions.NoSuchElementException: Message: no such element: Unable to locate element: {\"method\":\"xpath\",\"selector\":\"(//a[@class='add-to-cart yellow-btn'])[1]\"}\n  (Session info: chrome-headless-shell=120.0.6099.71); For documentation on this error, please visit: https://www.selenium.dev/documentation/webdriver/troubleshooting/errors#no-such-element-exception\nStacktrace:\n#0 0x55fd41cced33 <unknown>\n#1 0x55fd4198bf87 <unknown>\n#2 0x55fd419dbc0e <unknown>\n#3 0x55fd419dbd11 <unknown>\n#4 0x55fd41a27004 <unknown>\n#5 0x55fd41a0536d <unknown>\n#6 0x55fd41a24297 <unknown>\n#7 0x55fd41a050e3 <unknown>\n#8 0x55fd419cd044 <unknown>\n#9 0x55fd419ce44e <unknown>\n#10 0x55fd41c93861 <unknown>\n#11 0x55fd41c97785 <unknown>\n#12 0x55fd41c81285 <unknown>\n#13 0x55fd41c9841f <unknown>\n#14 0x55fd41c6520f <unknown>\n#15 0x55fd41cbc028 <unknown>\n#16 0x55fd41cbc1f7 <unknown>\n#17 0x55fd41ccded4 <unknown>\n#18 0x7fd30e056044 <unknown>","time":{"start":1702452955839,"stop":1702452956191,"duration":352}},{"uid":"9d61edfe2c6ce674","reportUrl":"https://Nat754.github.io/StroyremAutomation/133//#testresult/9d61edfe2c6ce674","status":"skipped","statusDetails":"XFAIL\n\nselenium.common.exceptions.NoSuchElementException: Message: no such element: Unable to locate element: {\"method\":\"xpath\",\"selector\":\"//input[@class='amount']\"}\n  (Session info: headless chrome=119.0.6045.105); For documentation on this error, please visit: https://www.selenium.dev/documentation/webdriver/troubleshooting/errors#no-such-element-exception\nStacktrace:\n#0 0x5595805945e3 <unknown>\n#1 0x5595802570b7 <unknown>\n#2 0x5595802a4f53 <unknown>\n#3 0x5595802a5051 <unknown>\n#4 0x5595802ea9c4 <unknown>\n#5 0x5595802cbf1d <unknown>\n#6 0x5595802e7b3d <unknown>\n#7 0x5595802cbcc3 <unknown>\n#8 0x5595802970e4 <unknown>\n#9 0x5595802980ae <unknown>\n#10 0x55958055ace1 <unknown>\n#11 0x55958055eb7e <unknown>\n#12 0x5595805484b5 <unknown>\n#13 0x55958055f7d6 <unknown>\n#14 0x55958052bdbf <unknown>\n#15 0x559580582748 <unknown>\n#16 0x559580582917 <unknown>\n#17 0x559580593773 <unknown>\n#18 0x7f044ec31044 <unknown>","time":{"start":1700614567068,"stop":1700614570700,"duration":3632}},{"uid":"e8c15540786b5523","reportUrl":"https://Nat754.github.io/StroyremAutomation/132//#testresult/e8c15540786b5523","status":"skipped","statusDetails":"XFAIL\n\nselenium.common.exceptions.NoSuchElementException: Message: no such element: Unable to locate element: {\"method\":\"xpath\",\"selector\":\"//input[@class='amount']\"}\n  (Session info: headless chrome=119.0.6045.105); For documentation on this error, please visit: https://www.selenium.dev/documentation/webdriver/troubleshooting/errors#no-such-element-exception\nStacktrace:\n#0 0x55aca17365e3 <unknown>\n#1 0x55aca13f90b7 <unknown>\n#2 0x55aca1446f53 <unknown>\n#3 0x55aca1447051 <unknown>\n#4 0x55aca148c9c4 <unknown>\n#5 0x55aca146df1d <unknown>\n#6 0x55aca1489b3d <unknown>\n#7 0x55aca146dcc3 <unknown>\n#8 0x55aca14390e4 <unknown>\n#9 0x55aca143a0ae <unknown>\n#10 0x55aca16fcce1 <unknown>\n#11 0x55aca1700b7e <unknown>\n#12 0x55aca16ea4b5 <unknown>\n#13 0x55aca17017d6 <unknown>\n#14 0x55aca16cddbf <unknown>\n#15 0x55aca1724748 <unknown>\n#16 0x55aca1724917 <unknown>\n#17 0x55aca1735773 <unknown>\n#18 0x7f7b60cdb044 <unknown>","time":{"start":1700528171547,"stop":1700528176742,"duration":5195}},{"uid":"7bd7b8461fdee7f3","reportUrl":"https://Nat754.github.io/StroyremAutomation/131//#testresult/7bd7b8461fdee7f3","status":"skipped","statusDetails":"XFAIL\n\nselenium.common.exceptions.NoSuchElementException: Message: no such element: Unable to locate element: {\"method\":\"xpath\",\"selector\":\"//input[@class='amount']\"}\n  (Session info: headless chrome=119.0.6045.105); For documentation on this error, please visit: https://www.selenium.dev/documentation/webdriver/troubleshooting/errors#no-such-element-exception\nStacktrace:\n#0 0x56307bfc85e3 <unknown>\n#1 0x56307bc8b0b7 <unknown>\n#2 0x56307bcd8f53 <unknown>\n#3 0x56307bcd9051 <unknown>\n#4 0x56307bd1e9c4 <unknown>\n#5 0x56307bcfff1d <unknown>\n#6 0x56307bd1bb3d <unknown>\n#7 0x56307bcffcc3 <unknown>\n#8 0x56307bccb0e4 <unknown>\n#9 0x56307bccc0ae <unknown>\n#10 0x56307bf8ece1 <unknown>\n#11 0x56307bf92b7e <unknown>\n#12 0x56307bf7c4b5 <unknown>\n#13 0x56307bf937d6 <unknown>\n#14 0x56307bf5fdbf <unknown>\n#15 0x56307bfb6748 <unknown>\n#16 0x56307bfb6917 <unknown>\n#17 0x56307bfc7773 <unknown>\n#18 0x7f55fbcbd044 <unknown>","time":{"start":1700441739434,"stop":1700441743189,"duration":3755}},{"uid":"cd2fc88c97b40d20","reportUrl":"https://Nat754.github.io/StroyremAutomation/130//#testresult/cd2fc88c97b40d20","status":"skipped","statusDetails":"XFAIL\n\nselenium.common.exceptions.NoSuchElementException: Message: no such element: Unable to locate element: {\"method\":\"xpath\",\"selector\":\"//input[@class='amount']\"}\n  (Session info: headless chrome=119.0.6045.105); For documentation on this error, please visit: https://www.selenium.dev/documentation/webdriver/troubleshooting/errors#no-such-element-exception\nStacktrace:\n#0 0x5652756ed5e3 <unknown>\n#1 0x5652753b00b7 <unknown>\n#2 0x5652753fdf53 <unknown>\n#3 0x5652753fe051 <unknown>\n#4 0x5652754439c4 <unknown>\n#5 0x565275424f1d <unknown>\n#6 0x565275440b3d <unknown>\n#7 0x565275424cc3 <unknown>\n#8 0x5652753f00e4 <unknown>\n#9 0x5652753f10ae <unknown>\n#10 0x5652756b3ce1 <unknown>\n#11 0x5652756b7b7e <unknown>\n#12 0x5652756a14b5 <unknown>\n#13 0x5652756b87d6 <unknown>\n#14 0x565275684dbf <unknown>\n#15 0x5652756db748 <unknown>\n#16 0x5652756db917 <unknown>\n#17 0x5652756ec773 <unknown>\n#18 0x7fe9874fb044 <unknown>","time":{"start":1700355472641,"stop":1700355476488,"duration":3847}},{"uid":"ea283492d3b787b0","reportUrl":"https://Nat754.github.io/StroyremAutomation/129//#testresult/ea283492d3b787b0","status":"skipped","statusDetails":"XFAIL\n\nselenium.common.exceptions.NoSuchElementException: Message: no such element: Unable to locate element: {\"method\":\"xpath\",\"selector\":\"//input[@class='amount']\"}\n  (Session info: headless chrome=119.0.6045.105); For documentation on this error, please visit: https://www.selenium.dev/documentation/webdriver/troubleshooting/errors#no-such-element-exception\nStacktrace:\n#0 0x56405525b5e3 <unknown>\n#1 0x564054f1e0b7 <unknown>\n#2 0x564054f6bf53 <unknown>\n#3 0x564054f6c051 <unknown>\n#4 0x564054fb19c4 <unknown>\n#5 0x564054f92f1d <unknown>\n#6 0x564054faeb3d <unknown>\n#7 0x564054f92cc3 <unknown>\n#8 0x564054f5e0e4 <unknown>\n#9 0x564054f5f0ae <unknown>\n#10 0x564055221ce1 <unknown>\n#11 0x564055225b7e <unknown>\n#12 0x56405520f4b5 <unknown>\n#13 0x5640552267d6 <unknown>\n#14 0x5640551f2dbf <unknown>\n#15 0x564055249748 <unknown>\n#16 0x564055249917 <unknown>\n#17 0x56405525a773 <unknown>\n#18 0x7fae8023c044 <unknown>","time":{"start":1700268798434,"stop":1700268802228,"duration":3794}},{"uid":"40b4ef437203d2cb","reportUrl":"https://Nat754.github.io/StroyremAutomation/128//#testresult/40b4ef437203d2cb","status":"skipped","statusDetails":"XFAIL\n\nselenium.common.exceptions.NoSuchElementException: Message: no such element: Unable to locate element: {\"method\":\"xpath\",\"selector\":\"//input[@class='amount']\"}\n  (Session info: headless chrome=119.0.6045.105); For documentation on this error, please visit: https://www.selenium.dev/documentation/webdriver/troubleshooting/errors#no-such-element-exception\nStacktrace:\n#0 0x5591855ca5e3 <unknown>\n#1 0x55918528d0b7 <unknown>\n#2 0x5591852daf53 <unknown>\n#3 0x5591852db051 <unknown>\n#4 0x5591853209c4 <unknown>\n#5 0x559185301f1d <unknown>\n#6 0x55918531db3d <unknown>\n#7 0x559185301cc3 <unknown>\n#8 0x5591852cd0e4 <unknown>\n#9 0x5591852ce0ae <unknown>\n#10 0x559185590ce1 <unknown>\n#11 0x559185594b7e <unknown>\n#12 0x55918557e4b5 <unknown>\n#13 0x5591855957d6 <unknown>\n#14 0x559185561dbf <unknown>\n#15 0x5591855b8748 <unknown>\n#16 0x5591855b8917 <unknown>\n#17 0x5591855c9773 <unknown>\n#18 0x7f43b387f044 <unknown>","time":{"start":1700182531058,"stop":1700182535697,"duration":4639}},{"uid":"187b6861529e1a18","reportUrl":"https://Nat754.github.io/StroyremAutomation/127//#testresult/187b6861529e1a18","status":"skipped","statusDetails":"XFAIL\n\nselenium.common.exceptions.NoSuchElementException: Message: no such element: Unable to locate element: {\"method\":\"xpath\",\"selector\":\"//input[@class='amount']\"}\n  (Session info: headless chrome=119.0.6045.105); For documentation on this error, please visit: https://www.selenium.dev/documentation/webdriver/troubleshooting/errors#no-such-element-exception\nStacktrace:\n#0 0x55e6eb5135e3 <unknown>\n#1 0x55e6eb1d60b7 <unknown>\n#2 0x55e6eb223f53 <unknown>\n#3 0x55e6eb224051 <unknown>\n#4 0x55e6eb2699c4 <unknown>\n#5 0x55e6eb24af1d <unknown>\n#6 0x55e6eb266b3d <unknown>\n#7 0x55e6eb24acc3 <unknown>\n#8 0x55e6eb2160e4 <unknown>\n#9 0x55e6eb2170ae <unknown>\n#10 0x55e6eb4d9ce1 <unknown>\n#11 0x55e6eb4ddb7e <unknown>\n#12 0x55e6eb4c74b5 <unknown>\n#13 0x55e6eb4de7d6 <unknown>\n#14 0x55e6eb4aadbf <unknown>\n#15 0x55e6eb501748 <unknown>\n#16 0x55e6eb501917 <unknown>\n#17 0x55e6eb512773 <unknown>\n#18 0x7f4aa1039044 <unknown>","time":{"start":1700096121167,"stop":1700096124826,"duration":3659}},{"uid":"bdeea71c38fe8bcc","reportUrl":"https://Nat754.github.io/StroyremAutomation/126//#testresult/bdeea71c38fe8bcc","status":"skipped","statusDetails":"XFAIL\n\nselenium.common.exceptions.NoSuchElementException: Message: no such element: Unable to locate element: {\"method\":\"xpath\",\"selector\":\"//input[@class='amount']\"}\n  (Session info: headless chrome=119.0.6045.105); For documentation on this error, please visit: https://www.selenium.dev/documentation/webdriver/troubleshooting/errors#no-such-element-exception\nStacktrace:\n#0 0x565030c595e3 <unknown>\n#1 0x56503091c0b7 <unknown>\n#2 0x565030969f53 <unknown>\n#3 0x56503096a051 <unknown>\n#4 0x5650309af9c4 <unknown>\n#5 0x565030990f1d <unknown>\n#6 0x5650309acb3d <unknown>\n#7 0x565030990cc3 <unknown>\n#8 0x56503095c0e4 <unknown>\n#9 0x56503095d0ae <unknown>\n#10 0x565030c1fce1 <unknown>\n#11 0x565030c23b7e <unknown>\n#12 0x565030c0d4b5 <unknown>\n#13 0x565030c247d6 <unknown>\n#14 0x565030bf0dbf <unknown>\n#15 0x565030c47748 <unknown>\n#16 0x565030c47917 <unknown>\n#17 0x565030c58773 <unknown>\n#18 0x7f4ee8f1a044 <unknown>","time":{"start":1700009703905,"stop":1700009708553,"duration":4648}}]},"tags":["@pytest.mark.xfail","smoke_test"]},"source":"bb906ee52cb8617.json","parameterValues":["2480","25","'TD 006'","1990","'products/shtukaturka-gipsovaya-aksolit-m50-30-kg-mashinnogo-naneseniya'","990","'https://sandboxtest.stroyrem-nn.ru/'","1700"]}