{"uid":"e336fd28a927b3f0","name":"TC 016 - Проверка функциональности ссылки 'Прайс'","fullName":"tests.test_main_page.TestMainPage#test_positive_footer_price_smoke","historyId":"4222516aee639cdbaaeb3c242b26aadd","time":{"start":1694825352425,"stop":1694825352442,"duration":17},"status":"broken","statusMessage":"selenium.common.exceptions.NoSuchElementException: Message: no such element: Unable to locate element: {\"method\":\"xpath\",\"selector\":\"//a[@href='/price']\"}\n  (Session info: headless chrome=117.0.5938.88); For documentation on this error, please visit: https://www.selenium.dev/documentation/webdriver/troubleshooting/errors#no-such-element-exception\nStacktrace:\n#0 0x55728b5b16c3 <unknown>\n#1 0x55728b2871e7 <unknown>\n#2 0x55728b2ce566 <unknown>\n#3 0x55728b2ce651 <unknown>\n#4 0x55728b30ba74 <unknown>\n#5 0x55728b2f00ed <unknown>\n#6 0x55728b309322 <unknown>\n#7 0x55728b2efe93 <unknown>\n#8 0x55728b2c2934 <unknown>\n#9 0x55728b2c371e <unknown>\n#10 0x55728b576cc8 <unknown>\n#11 0x55728b57ac00 <unknown>\n#12 0x55728b5851ac <unknown>\n#13 0x55728b57b818 <unknown>\n#14 0x55728b54828f <unknown>\n#15 0x55728b59fe98 <unknown>\n#16 0x55728b5a0069 <unknown>\n#17 0x55728b5b0853 <unknown>\n#18 0x7f35c6f5a044 <unknown>","statusTrace":"self = <tests.test_main_page.TestMainPage object at 0x7fe068434d90>\nmain_page = <pages.main_page.MainPage object at 0x7fe068031510>\n\n    @allure.feature(\"Footer functionality\")\n    @allure.title(\"TC 016 - Проверка функциональности ссылки 'Прайс'\")\n    # @pytest.mark.xfail(reason=\"При переходе на страницу выдает 404 ошибку\")\n    @pytest.mark.smoke_test\n    def test_positive_footer_price_smoke(self, main_page):\n>       main_page.check_price_link()\n\ntests/test_main_page.py:146: \n_ _ _ _ _ _ _ _ _ _ _ _ _ _ _ _ _ _ _ _ _ _ _ _ _ _ _ _ _ _ _ _ _ _ _ _ _ _ _ _ \npages/main_page.py:174: in check_price_link\n    self.driver.find_element(*self._price_link).click()\n/usr/local/lib/python3.11/site-packages/selenium/webdriver/remote/webdriver.py:739: in find_element\n    return self.execute(Command.FIND_ELEMENT, {\"using\": by, \"value\": value})[\"value\"]\n/usr/local/lib/python3.11/site-packages/selenium/webdriver/remote/webdriver.py:345: in execute\n    self.error_handler.check_response(response)\n_ _ _ _ _ _ _ _ _ _ _ _ _ _ _ _ _ _ _ _ _ _ _ _ _ _ _ _ _ _ _ _ _ _ _ _ _ _ _ _ \n\nself = <selenium.webdriver.remote.errorhandler.ErrorHandler object at 0x7fe069063a50>\nresponse = {'status': 404, 'value': '{\"value\":{\"error\":\"no such element\",\"message\":\"no such element: Unable to locate element: {\\...\\\\n#16 0x55728b5a0069 \\\\u003Cunknown>\\\\n#17 0x55728b5b0853 \\\\u003Cunknown>\\\\n#18 0x7f35c6f5a044 \\\\u003Cunknown>\\\\n\"}}'}\n\n    def check_response(self, response: Dict[str, Any]) -> None:\n        \"\"\"Checks that a JSON response from the WebDriver does not have an\n        error.\n    \n        :Args:\n         - response - The JSON response from the WebDriver server as a dictionary\n           object.\n    \n        :Raises: If the response contains an error message.\n        \"\"\"\n        status = response.get(\"status\", None)\n        if not status or status == ErrorCode.SUCCESS:\n            return\n        value = None\n        message = response.get(\"message\", \"\")\n        screen: str = response.get(\"screen\", \"\")\n        stacktrace = None\n        if isinstance(status, int):\n            value_json = response.get(\"value\", None)\n            if value_json and isinstance(value_json, str):\n                import json\n    \n                try:\n                    value = json.loads(value_json)\n                    if len(value) == 1:\n                        value = value[\"value\"]\n                    status = value.get(\"error\", None)\n                    if not status:\n                        status = value.get(\"status\", ErrorCode.UNKNOWN_ERROR)\n                        message = value.get(\"value\") or value.get(\"message\")\n                        if not isinstance(message, str):\n                            value = message\n                            message = message.get(\"message\")\n                    else:\n                        message = value.get(\"message\", None)\n                except ValueError:\n                    pass\n    \n        exception_class: Type[WebDriverException]\n        e = ErrorCode()\n        error_codes = [item for item in dir(e) if not item.startswith(\"__\")]\n        for error_code in error_codes:\n            error_info = getattr(ErrorCode, error_code)\n            if isinstance(error_info, list) and status in error_info:\n                exception_class = getattr(ExceptionMapping, error_code, WebDriverException)\n                break\n        else:\n            exception_class = WebDriverException\n    \n        if not value:\n            value = response[\"value\"]\n        if isinstance(value, str):\n            raise exception_class(value)\n        if message == \"\" and \"message\" in value:\n            message = value[\"message\"]\n    \n        screen = None  # type: ignore[assignment]\n        if \"screen\" in value:\n            screen = value[\"screen\"]\n    \n        stacktrace = None\n        st_value = value.get(\"stackTrace\") or value.get(\"stacktrace\")\n        if st_value:\n            if isinstance(st_value, str):\n                stacktrace = st_value.split(\"\\n\")\n            else:\n                stacktrace = []\n                try:\n                    for frame in st_value:\n                        line = frame.get(\"lineNumber\", \"\")\n                        file = frame.get(\"fileName\", \"<anonymous>\")\n                        if line:\n                            file = f\"{file}:{line}\"\n                        meth = frame.get(\"methodName\", \"<anonymous>\")\n                        if \"className\" in frame:\n                            meth = f\"{frame['className']}.{meth}\"\n                        msg = \"    at %s (%s)\"\n                        msg = msg % (meth, file)\n                        stacktrace.append(msg)\n                except TypeError:\n                    pass\n        if exception_class == UnexpectedAlertPresentException:\n            alert_text = None\n            if \"data\" in value:\n                alert_text = value[\"data\"].get(\"text\")\n            elif \"alert\" in value:\n                alert_text = value[\"alert\"].get(\"text\")\n            raise exception_class(message, screen, stacktrace, alert_text)  # type: ignore[call-arg]  # mypy is not smart enough here\n>       raise exception_class(message, screen, stacktrace)\nE       selenium.common.exceptions.NoSuchElementException: Message: no such element: Unable to locate element: {\"method\":\"xpath\",\"selector\":\"//a[@href='/price']\"}\nE         (Session info: headless chrome=117.0.5938.88); For documentation on this error, please visit: https://www.selenium.dev/documentation/webdriver/troubleshooting/errors#no-such-element-exception\nE       Stacktrace:\nE       #0 0x55728b5b16c3 <unknown>\nE       #1 0x55728b2871e7 <unknown>\nE       #2 0x55728b2ce566 <unknown>\nE       #3 0x55728b2ce651 <unknown>\nE       #4 0x55728b30ba74 <unknown>\nE       #5 0x55728b2f00ed <unknown>\nE       #6 0x55728b309322 <unknown>\nE       #7 0x55728b2efe93 <unknown>\nE       #8 0x55728b2c2934 <unknown>\nE       #9 0x55728b2c371e <unknown>\nE       #10 0x55728b576cc8 <unknown>\nE       #11 0x55728b57ac00 <unknown>\nE       #12 0x55728b5851ac <unknown>\nE       #13 0x55728b57b818 <unknown>\nE       #14 0x55728b54828f <unknown>\nE       #15 0x55728b59fe98 <unknown>\nE       #16 0x55728b5a0069 <unknown>\nE       #17 0x55728b5b0853 <unknown>\nE       #18 0x7f35c6f5a044 <unknown>\n\n/usr/local/lib/python3.11/site-packages/selenium/webdriver/remote/errorhandler.py:229: NoSuchElementException","flaky":false,"newFailed":false,"newBroken":false,"newPassed":false,"retriesCount":0,"retriesStatusChange":false,"beforeStages":[{"name":"_session_faker","time":{"start":1694825130440,"stop":1694825130534,"duration":94},"status":"passed","steps":[],"attachments":[],"parameters":[],"shouldDisplayMessage":false,"stepsCount":0,"attachmentsCount":0,"hasContent":false},{"name":"clear_allure_results_folder","time":{"start":1694825130534,"stop":1694825130534,"duration":0},"status":"passed","steps":[],"attachments":[],"parameters":[],"shouldDisplayMessage":false,"stepsCount":0,"attachmentsCount":0,"hasContent":false},{"name":"driver","time":{"start":1694825351016,"stop":1694825351882,"duration":866},"status":"passed","steps":[],"attachments":[],"parameters":[],"shouldDisplayMessage":false,"stepsCount":0,"attachmentsCount":0,"hasContent":false},{"name":"main_page","time":{"start":1694825351883,"stop":1694825352424,"duration":541},"status":"passed","steps":[],"attachments":[],"parameters":[],"shouldDisplayMessage":false,"stepsCount":0,"attachmentsCount":0,"hasContent":false},{"name":"setup","time":{"start":1694825351883,"stop":1694825351883,"duration":0},"status":"passed","steps":[],"attachments":[],"parameters":[],"shouldDisplayMessage":false,"stepsCount":0,"attachmentsCount":0,"hasContent":false}],"testStage":{"status":"broken","statusMessage":"selenium.common.exceptions.NoSuchElementException: Message: no such element: Unable to locate element: {\"method\":\"xpath\",\"selector\":\"//a[@href='/price']\"}\n  (Session info: headless chrome=117.0.5938.88); For documentation on this error, please visit: https://www.selenium.dev/documentation/webdriver/troubleshooting/errors#no-such-element-exception\nStacktrace:\n#0 0x55728b5b16c3 <unknown>\n#1 0x55728b2871e7 <unknown>\n#2 0x55728b2ce566 <unknown>\n#3 0x55728b2ce651 <unknown>\n#4 0x55728b30ba74 <unknown>\n#5 0x55728b2f00ed <unknown>\n#6 0x55728b309322 <unknown>\n#7 0x55728b2efe93 <unknown>\n#8 0x55728b2c2934 <unknown>\n#9 0x55728b2c371e <unknown>\n#10 0x55728b576cc8 <unknown>\n#11 0x55728b57ac00 <unknown>\n#12 0x55728b5851ac <unknown>\n#13 0x55728b57b818 <unknown>\n#14 0x55728b54828f <unknown>\n#15 0x55728b59fe98 <unknown>\n#16 0x55728b5a0069 <unknown>\n#17 0x55728b5b0853 <unknown>\n#18 0x7f35c6f5a044 <unknown>","statusTrace":"self = <tests.test_main_page.TestMainPage object at 0x7fe068434d90>\nmain_page = <pages.main_page.MainPage object at 0x7fe068031510>\n\n    @allure.feature(\"Footer functionality\")\n    @allure.title(\"TC 016 - Проверка функциональности ссылки 'Прайс'\")\n    # @pytest.mark.xfail(reason=\"При переходе на страницу выдает 404 ошибку\")\n    @pytest.mark.smoke_test\n    def test_positive_footer_price_smoke(self, main_page):\n>       main_page.check_price_link()\n\ntests/test_main_page.py:146: \n_ _ _ _ _ _ _ _ _ _ _ _ _ _ _ _ _ _ _ _ _ _ _ _ _ _ _ _ _ _ _ _ _ _ _ _ _ _ _ _ \npages/main_page.py:174: in check_price_link\n    self.driver.find_element(*self._price_link).click()\n/usr/local/lib/python3.11/site-packages/selenium/webdriver/remote/webdriver.py:739: in find_element\n    return self.execute(Command.FIND_ELEMENT, {\"using\": by, \"value\": value})[\"value\"]\n/usr/local/lib/python3.11/site-packages/selenium/webdriver/remote/webdriver.py:345: in execute\n    self.error_handler.check_response(response)\n_ _ _ _ _ _ _ _ _ _ _ _ _ _ _ _ _ _ _ _ _ _ _ _ _ _ _ _ _ _ _ _ _ _ _ _ _ _ _ _ \n\nself = <selenium.webdriver.remote.errorhandler.ErrorHandler object at 0x7fe069063a50>\nresponse = {'status': 404, 'value': '{\"value\":{\"error\":\"no such element\",\"message\":\"no such element: Unable to locate element: {\\...\\\\n#16 0x55728b5a0069 \\\\u003Cunknown>\\\\n#17 0x55728b5b0853 \\\\u003Cunknown>\\\\n#18 0x7f35c6f5a044 \\\\u003Cunknown>\\\\n\"}}'}\n\n    def check_response(self, response: Dict[str, Any]) -> None:\n        \"\"\"Checks that a JSON response from the WebDriver does not have an\n        error.\n    \n        :Args:\n         - response - The JSON response from the WebDriver server as a dictionary\n           object.\n    \n        :Raises: If the response contains an error message.\n        \"\"\"\n        status = response.get(\"status\", None)\n        if not status or status == ErrorCode.SUCCESS:\n            return\n        value = None\n        message = response.get(\"message\", \"\")\n        screen: str = response.get(\"screen\", \"\")\n        stacktrace = None\n        if isinstance(status, int):\n            value_json = response.get(\"value\", None)\n            if value_json and isinstance(value_json, str):\n                import json\n    \n                try:\n                    value = json.loads(value_json)\n                    if len(value) == 1:\n                        value = value[\"value\"]\n                    status = value.get(\"error\", None)\n                    if not status:\n                        status = value.get(\"status\", ErrorCode.UNKNOWN_ERROR)\n                        message = value.get(\"value\") or value.get(\"message\")\n                        if not isinstance(message, str):\n                            value = message\n                            message = message.get(\"message\")\n                    else:\n                        message = value.get(\"message\", None)\n                except ValueError:\n                    pass\n    \n        exception_class: Type[WebDriverException]\n        e = ErrorCode()\n        error_codes = [item for item in dir(e) if not item.startswith(\"__\")]\n        for error_code in error_codes:\n            error_info = getattr(ErrorCode, error_code)\n            if isinstance(error_info, list) and status in error_info:\n                exception_class = getattr(ExceptionMapping, error_code, WebDriverException)\n                break\n        else:\n            exception_class = WebDriverException\n    \n        if not value:\n            value = response[\"value\"]\n        if isinstance(value, str):\n            raise exception_class(value)\n        if message == \"\" and \"message\" in value:\n            message = value[\"message\"]\n    \n        screen = None  # type: ignore[assignment]\n        if \"screen\" in value:\n            screen = value[\"screen\"]\n    \n        stacktrace = None\n        st_value = value.get(\"stackTrace\") or value.get(\"stacktrace\")\n        if st_value:\n            if isinstance(st_value, str):\n                stacktrace = st_value.split(\"\\n\")\n            else:\n                stacktrace = []\n                try:\n                    for frame in st_value:\n                        line = frame.get(\"lineNumber\", \"\")\n                        file = frame.get(\"fileName\", \"<anonymous>\")\n                        if line:\n                            file = f\"{file}:{line}\"\n                        meth = frame.get(\"methodName\", \"<anonymous>\")\n                        if \"className\" in frame:\n                            meth = f\"{frame['className']}.{meth}\"\n                        msg = \"    at %s (%s)\"\n                        msg = msg % (meth, file)\n                        stacktrace.append(msg)\n                except TypeError:\n                    pass\n        if exception_class == UnexpectedAlertPresentException:\n            alert_text = None\n            if \"data\" in value:\n                alert_text = value[\"data\"].get(\"text\")\n            elif \"alert\" in value:\n                alert_text = value[\"alert\"].get(\"text\")\n            raise exception_class(message, screen, stacktrace, alert_text)  # type: ignore[call-arg]  # mypy is not smart enough here\n>       raise exception_class(message, screen, stacktrace)\nE       selenium.common.exceptions.NoSuchElementException: Message: no such element: Unable to locate element: {\"method\":\"xpath\",\"selector\":\"//a[@href='/price']\"}\nE         (Session info: headless chrome=117.0.5938.88); For documentation on this error, please visit: https://www.selenium.dev/documentation/webdriver/troubleshooting/errors#no-such-element-exception\nE       Stacktrace:\nE       #0 0x55728b5b16c3 <unknown>\nE       #1 0x55728b2871e7 <unknown>\nE       #2 0x55728b2ce566 <unknown>\nE       #3 0x55728b2ce651 <unknown>\nE       #4 0x55728b30ba74 <unknown>\nE       #5 0x55728b2f00ed <unknown>\nE       #6 0x55728b309322 <unknown>\nE       #7 0x55728b2efe93 <unknown>\nE       #8 0x55728b2c2934 <unknown>\nE       #9 0x55728b2c371e <unknown>\nE       #10 0x55728b576cc8 <unknown>\nE       #11 0x55728b57ac00 <unknown>\nE       #12 0x55728b5851ac <unknown>\nE       #13 0x55728b57b818 <unknown>\nE       #14 0x55728b54828f <unknown>\nE       #15 0x55728b59fe98 <unknown>\nE       #16 0x55728b5a0069 <unknown>\nE       #17 0x55728b5b0853 <unknown>\nE       #18 0x7f35c6f5a044 <unknown>\n\n/usr/local/lib/python3.11/site-packages/selenium/webdriver/remote/errorhandler.py:229: NoSuchElementException","steps":[{"name":"Проверка функциональности ссылки 'Прайс'","time":{"start":1694825352425,"stop":1694825352442,"duration":17},"status":"broken","statusMessage":"selenium.common.exceptions.NoSuchElementException: Message: no such element: Unable to locate element: {\"method\":\"xpath\",\"selector\":\"//a[@href='/price']\"}\n  (Session info: headless chrome=117.0.5938.88); For documentation on this error, please visit: https://www.selenium.dev/documentation/webdriver/troubleshooting/errors#no-such-element-exception\nStacktrace:\n#0 0x55728b5b16c3 <unknown>\n#1 0x55728b2871e7 <unknown>\n#2 0x55728b2ce566 <unknown>\n#3 0x55728b2ce651 <unknown>\n#4 0x55728b30ba74 <unknown>\n#5 0x55728b2f00ed <unknown>\n#6 0x55728b309322 <unknown>\n#7 0x55728b2efe93 <unknown>\n#8 0x55728b2c2934 <unknown>\n#9 0x55728b2c371e <unknown>\n#10 0x55728b576cc8 <unknown>\n#11 0x55728b57ac00 <unknown>\n#12 0x55728b5851ac <unknown>\n#13 0x55728b57b818 <unknown>\n#14 0x55728b54828f <unknown>\n#15 0x55728b59fe98 <unknown>\n#16 0x55728b5a0069 <unknown>\n#17 0x55728b5b0853 <unknown>\n#18 0x7f35c6f5a044 <unknown>\n\n","statusTrace":"  File \"/usr/local/lib/python3.11/site-packages/allure_commons/_allure.py\", line 192, in impl\n    return func(*a, **kw)\n           ^^^^^^^^^^^^^^\n  File \"/app/pages/main_page.py\", line 174, in check_price_link\n    self.driver.find_element(*self._price_link).click()\n    ^^^^^^^^^^^^^^^^^^^^^^^^^^^^^^^^^^^^^^^^^^^\n  File \"/usr/local/lib/python3.11/site-packages/selenium/webdriver/remote/webdriver.py\", line 739, in find_element\n    return self.execute(Command.FIND_ELEMENT, {\"using\": by, \"value\": value})[\"value\"]\n           ^^^^^^^^^^^^^^^^^^^^^^^^^^^^^^^^^^^^^^^^^^^^^^^^^^^^^^^^^^^^^^^^^\n  File \"/usr/local/lib/python3.11/site-packages/selenium/webdriver/remote/webdriver.py\", line 345, in execute\n    self.error_handler.check_response(response)\n  File \"/usr/local/lib/python3.11/site-packages/selenium/webdriver/remote/errorhandler.py\", line 229, in check_response\n    raise exception_class(message, screen, stacktrace)\n","steps":[],"attachments":[],"parameters":[],"shouldDisplayMessage":true,"stepsCount":0,"attachmentsCount":0,"hasContent":true}],"attachments":[{"uid":"7defbb2e6613e6b3","name":"Screenshot","source":"7defbb2e6613e6b3.png","type":"image/png","size":39127},{"uid":"6b2e8f6b23f5fbab","name":"HTML source","source":"6b2e8f6b23f5fbab.html","type":"text/html","size":538}],"parameters":[],"shouldDisplayMessage":true,"stepsCount":1,"attachmentsCount":2,"hasContent":true},"afterStages":[{"name":"setup::0","time":{"start":1694825352585,"stop":1694825352585,"duration":0},"status":"passed","steps":[],"attachments":[],"parameters":[],"shouldDisplayMessage":false,"stepsCount":0,"attachmentsCount":0,"hasContent":false},{"name":"driver::0","time":{"start":1694825352586,"stop":1694825352644,"duration":58},"status":"passed","steps":[],"attachments":[],"parameters":[],"shouldDisplayMessage":false,"stepsCount":0,"attachmentsCount":0,"hasContent":false}],"labels":[{"name":"epic","value":"Main Page"},{"name":"feature","value":"Footer functionality"},{"name":"tag","value":"smoke_test"},{"name":"parentSuite","value":"tests"},{"name":"suite","value":"test_main_page"},{"name":"subSuite","value":"TestMainPage"},{"name":"host","value":"5571142f1e2f"},{"name":"thread","value":"1-MainThread"},{"name":"framework","value":"pytest"},{"name":"language","value":"cpython3"},{"name":"package","value":"tests.test_main_page"},{"name":"resultFormat","value":"allure2"}],"parameters":[{"name":"url","value":"'https://test2.stroyrem-nn.ru/'"}],"links":[],"hidden":false,"retry":false,"extra":{"severity":"normal","retries":[],"categories":[{"name":"Test defects","matchedStatuses":[],"flaky":false}],"history":{"statistic":{"failed":0,"broken":3,"skipped":3,"passed":69,"unknown":0,"total":75},"items":[{"uid":"7ea93e3b4e1acafe","reportUrl":"https://Nat754.github.io/StroyremAutomation/63//#testresult/7ea93e3b4e1acafe","status":"broken","statusDetails":"selenium.common.exceptions.NoSuchElementException: Message: no such element: Unable to locate element: {\"method\":\"xpath\",\"selector\":\"//a[@href='/price']\"}\n  (Session info: headless chrome=117.0.5938.62); For documentation on this error, please visit: https://www.selenium.dev/documentation/webdriver/troubleshooting/errors#no-such-element-exception\nStacktrace:\n#0 0x556322a13693 <unknown>\n#1 0x5563226e91e7 <unknown>\n#2 0x556322730566 <unknown>\n#3 0x556322730651 <unknown>\n#4 0x55632276da74 <unknown>\n#5 0x5563227520ed <unknown>\n#6 0x55632276b322 <unknown>\n#7 0x556322751e93 <unknown>\n#8 0x556322724934 <unknown>\n#9 0x55632272571e <unknown>\n#10 0x5563229d8c98 <unknown>\n#11 0x5563229dcbd0 <unknown>\n#12 0x5563229e717c <unknown>\n#13 0x5563229dd7e8 <unknown>\n#14 0x5563229aa25f <unknown>\n#15 0x556322a01e68 <unknown>\n#16 0x556322a02039 <unknown>\n#17 0x556322a12823 <unknown>\n#18 0x7f2ccf241044 <unknown>","time":{"start":1694739092834,"stop":1694739092857,"duration":23}},{"uid":"ff4bb95da672df1b","reportUrl":"https://Nat754.github.io/StroyremAutomation/62//#testresult/ff4bb95da672df1b","status":"passed","time":{"start":1694652663694,"stop":1694652665400,"duration":1706}},{"uid":"606ab2c47a912a2a","reportUrl":"https://Nat754.github.io/StroyremAutomation/61//#testresult/606ab2c47a912a2a","status":"passed","time":{"start":1694637691905,"stop":1694637693555,"duration":1650}},{"uid":"b01b8b11eb7b8b2b","reportUrl":"https://Nat754.github.io/StroyremAutomation/61//#testresult/b01b8b11eb7b8b2b","status":"passed","time":{"start":1694580407471,"stop":1694580409590,"duration":2119}},{"uid":"1ee1ab0a5b4e9a1d","reportUrl":"https://Nat754.github.io/StroyremAutomation/61//#testresult/1ee1ab0a5b4e9a1d","status":"passed","time":{"start":1694566380080,"stop":1694566381900,"duration":1820}},{"uid":"8ed1313655bdc819","reportUrl":"https://Nat754.github.io/StroyremAutomation/60//#testresult/8ed1313655bdc819","status":"passed","time":{"start":1694504392472,"stop":1694504394697,"duration":2225}},{"uid":"dfec304758e7f7c2","reportUrl":"https://Nat754.github.io/StroyremAutomation/60//#testresult/dfec304758e7f7c2","status":"passed","time":{"start":1694479923381,"stop":1694479925644,"duration":2263}},{"uid":"695f4b6e55561303","reportUrl":"https://Nat754.github.io/StroyremAutomation/59//#testresult/695f4b6e55561303","status":"passed","time":{"start":1694433615252,"stop":1694433617075,"duration":1823}},{"uid":"5c5245998d756388","reportUrl":"https://Nat754.github.io/StroyremAutomation/57//#testresult/5c5245998d756388","status":"passed","time":{"start":1694430818592,"stop":1694430820653,"duration":2061}},{"uid":"c6b357b507fa42ea","reportUrl":"https://Nat754.github.io/StroyremAutomation/58//#testresult/c6b357b507fa42ea","status":"passed","time":{"start":1694430762131,"stop":1694430764076,"duration":1945}},{"uid":"ed3a299f8e0fa1be","reportUrl":"https://Nat754.github.io/StroyremAutomation/56//#testresult/ed3a299f8e0fa1be","status":"passed","time":{"start":1694429387095,"stop":1694429388946,"duration":1851}},{"uid":"6671151b3a41ad64","reportUrl":"https://Nat754.github.io/StroyremAutomation/56//#testresult/6671151b3a41ad64","status":"passed","time":{"start":1694393504785,"stop":1694393506475,"duration":1690}},{"uid":"73ba7b135cc64305","reportUrl":"https://Nat754.github.io/StroyremAutomation/55//#testresult/73ba7b135cc64305","status":"passed","time":{"start":1694380575302,"stop":1694380577235,"duration":1933}},{"uid":"76017fff435578b","reportUrl":"https://Nat754.github.io/StroyremAutomation/55//#testresult/76017fff435578b","status":"passed","time":{"start":1694307285856,"stop":1694307287738,"duration":1882}},{"uid":"d08bf5c35864f93f","reportUrl":"https://Nat754.github.io/StroyremAutomation/54//#testresult/d08bf5c35864f93f","status":"passed","time":{"start":1694286538134,"stop":1694286540071,"duration":1937}},{"uid":"493c390300feda7d","reportUrl":"https://Nat754.github.io/StroyremAutomation/54//#testresult/493c390300feda7d","status":"passed","time":{"start":1694220583758,"stop":1694220585498,"duration":1740}},{"uid":"c98bb43d8cc5e784","reportUrl":"https://Nat754.github.io/StroyremAutomation/4//#testresult/c98bb43d8cc5e784","status":"passed","time":{"start":1694196607554,"stop":1694196609400,"duration":1846}},{"uid":"990ae7eaa37b3fab","reportUrl":"https://Nat754.github.io/StroyremAutomation/53//#testresult/990ae7eaa37b3fab","status":"passed","time":{"start":1694206885905,"stop":1694206887597,"duration":1692}},{"uid":"c41de6ad2559bf1b","reportUrl":"https://Nat754.github.io/StroyremAutomation/53//#testresult/c41de6ad2559bf1b","status":"passed","time":{"start":1694198725207,"stop":1694198726907,"duration":1700}},{"uid":"b18480f19b124779","reportUrl":"https://Nat754.github.io/StroyremAutomation/4//#testresult/b18480f19b124779","status":"passed","time":{"start":1694183544786,"stop":1694183546442,"duration":1656}}]},"tags":["smoke_test"]},"source":"e336fd28a927b3f0.json","parameterValues":["'https://test2.stroyrem-nn.ru/'"]}