{"uid":"7b083a148c66bf28","name":"TD 022 Доставка товара весом до 5000кг. в синей зоне","fullName":"tests.delivery.test_delivery_calculation.TestDeliveryPageCalculation#test_positive_delivery_blue_zone_smoke","historyId":"88e507e8c34e246e904b871854b91bc0","time":{"start":1704848238159,"stop":1704848238629,"duration":470},"status":"skipped","statusMessage":"XFAIL\n\nselenium.common.exceptions.NoSuchElementException: Message: no such element: Unable to locate element: {\"method\":\"xpath\",\"selector\":\"(//a[@class='add-to-cart yellow-btn'])[1]\"}\n  (Session info: chrome-headless-shell=120.0.6099.109); For documentation on this error, please visit: https://www.selenium.dev/documentation/webdriver/troubleshooting/errors#no-such-element-exception\nStacktrace:\n#0 0x557ccf073f83 <unknown>\n#1 0x557cced2ccf7 <unknown>\n#2 0x557cced7c99e <unknown>\n#3 0x557cced7caa1 <unknown>\n#4 0x557ccedc7d64 <unknown>\n#5 0x557cceda60dd <unknown>\n#6 0x557ccedc5006 <unknown>\n#7 0x557cceda5e53 <unknown>\n#8 0x557cced6ddd4 <unknown>\n#9 0x557cced6f1de <unknown>\n#10 0x557ccf038531 <unknown>\n#11 0x557ccf03c455 <unknown>\n#12 0x557ccf024f55 <unknown>\n#13 0x557ccf03d0ef <unknown>\n#14 0x557ccf00899f <unknown>\n#15 0x557ccf061008 <unknown>\n#16 0x557ccf0611d7 <unknown>\n#17 0x557ccf073124 <unknown>\n#18 0x7f10f2c66044 <unknown>","statusTrace":"self = <tests.delivery.test_delivery_calculation.TestDeliveryPageCalculation object at 0x7f900a500050>\ndriver = <selenium.webdriver.chrome.webdriver.WebDriver (session=\"1d36caa6edb9acdb290b5664fa35de04\")>\nurl = 'https://sandboxtest.stroyrem-nn.ru/', case_id = 'TD 022'\nlink_item = 'products/shtukaturka-gipsovaya-aksolit-m50-30-kg-mashinnogo-naneseniya'\namount = 166, weight = 5000, standard = 2800, in_time = 5490, all_time = 5980\n\n    @pytest.mark.parametrize('case_id, link_item, amount, weight, standard, in_time, all_time', [\n        (\"TD 015\", bundeks_25, 1, 30, 650, 2390, 3320),\n        pytest.param(\n            \"TD 016\", aksolit_30, 8, 300, 650, 2390, 3320,\n            marks=pytest.mark.xfail(reson=\"Цена доставки: - - -\")\n        ),\n        (\"TD 017\", aksolit_30, 13, 400, 650, 2390, 3320),\n        (\"TD 018\", aksolit_30, 16, 500, 850, 2490, 3320),\n        (\"TD 019\", aksolit_30, 25, 1700, 1150, 2490, 3320),\n        (\"TD 020\", aksolit_30, 66, 2000, 1500, 2990, 3650),\n        (\"TD 021\", aksolit_30, 149, 4500, 2600, 4380, 4890),\n        (\"TD 022\", aksolit_30, 166, 5000, 2800, 5490, 5980),\n        pytest.param(\n            \"TD 023\", aksolit_30, 206, 6200, 3300, 7500, 8000,\n            marks=pytest.mark.xfail(reson=\"Цена доставки: 4300 9900 11440\")\n        ),\n        (\"TD 024\", aksolit_30, 299, 9000, 4300, 9900, 11440),\n        (\"TD 025\", aksolit_30, 333, 10000, 7000, 13900, 15900),\n        pytest.param(\n            \"TD 026\", aksolit_30, 366, 11000, 8000, 14900, 19900,\n            marks=pytest.mark.xfail(reson=\"Цена доставки: 7000 13900 15900\")\n        ),\n        pytest.param(\n            \"TD 027\", aksolit_30, 666, 20000, 14000, 16900, 23900,\n            marks=pytest.mark.xfail(reson=\"Цена доставки: 7000 13900 15900\")\n        )\n    ])\n    @pytest.mark.xfail\n    @pytest.mark.smoke_test\n    def test_positive_delivery_blue_zone_smoke(\n            self, driver, url, case_id, link_item, amount, weight, standard, in_time, all_time\n    ):\n        allure.dynamic.title(f\"{case_id} Доставка товара весом до {weight}кг. в синей зоне\")\n    \n        driver.get(f'{url}{link_item}')\n        item_page = ItemPage(driver)\n>       item_page.add_item_to_cart(amount).click_on_cart()\n\ntests/delivery/test_delivery_calculation.py:132: \n_ _ _ _ _ _ _ _ _ _ _ _ _ _ _ _ _ _ _ _ _ _ _ _ _ _ _ _ _ _ _ _ _ _ _ _ _ _ _ _ \npages/item_page.py:40: in add_item_to_cart\n    self.find_element(self._add_item).click()\nbase/seleniumbase.py:17: in find_element\n    return self.driver.find_element(*locator)\n/usr/local/lib/python3.11/site-packages/selenium/webdriver/remote/webdriver.py:739: in find_element\n    return self.execute(Command.FIND_ELEMENT, {\"using\": by, \"value\": value})[\"value\"]\n/usr/local/lib/python3.11/site-packages/selenium/webdriver/remote/webdriver.py:345: in execute\n    self.error_handler.check_response(response)\n_ _ _ _ _ _ _ _ _ _ _ _ _ _ _ _ _ _ _ _ _ _ _ _ _ _ _ _ _ _ _ _ _ _ _ _ _ _ _ _ \n\nself = <selenium.webdriver.remote.errorhandler.ErrorHandler object at 0x7f900ade1250>\nresponse = {'status': 404, 'value': '{\"value\":{\"error\":\"no such element\",\"message\":\"no such element: Unable to locate element: {\\...\\\\n#16 0x557ccf0611d7 \\\\u003Cunknown>\\\\n#17 0x557ccf073124 \\\\u003Cunknown>\\\\n#18 0x7f10f2c66044 \\\\u003Cunknown>\\\\n\"}}'}\n\n    def check_response(self, response: Dict[str, Any]) -> None:\n        \"\"\"Checks that a JSON response from the WebDriver does not have an\n        error.\n    \n        :Args:\n         - response - The JSON response from the WebDriver server as a dictionary\n           object.\n    \n        :Raises: If the response contains an error message.\n        \"\"\"\n        status = response.get(\"status\", None)\n        if not status or status == ErrorCode.SUCCESS:\n            return\n        value = None\n        message = response.get(\"message\", \"\")\n        screen: str = response.get(\"screen\", \"\")\n        stacktrace = None\n        if isinstance(status, int):\n            value_json = response.get(\"value\", None)\n            if value_json and isinstance(value_json, str):\n                import json\n    \n                try:\n                    value = json.loads(value_json)\n                    if len(value) == 1:\n                        value = value[\"value\"]\n                    status = value.get(\"error\", None)\n                    if not status:\n                        status = value.get(\"status\", ErrorCode.UNKNOWN_ERROR)\n                        message = value.get(\"value\") or value.get(\"message\")\n                        if not isinstance(message, str):\n                            value = message\n                            message = message.get(\"message\")\n                    else:\n                        message = value.get(\"message\", None)\n                except ValueError:\n                    pass\n    \n        exception_class: Type[WebDriverException]\n        e = ErrorCode()\n        error_codes = [item for item in dir(e) if not item.startswith(\"__\")]\n        for error_code in error_codes:\n            error_info = getattr(ErrorCode, error_code)\n            if isinstance(error_info, list) and status in error_info:\n                exception_class = getattr(ExceptionMapping, error_code, WebDriverException)\n                break\n        else:\n            exception_class = WebDriverException\n    \n        if not value:\n            value = response[\"value\"]\n        if isinstance(value, str):\n            raise exception_class(value)\n        if message == \"\" and \"message\" in value:\n            message = value[\"message\"]\n    \n        screen = None  # type: ignore[assignment]\n        if \"screen\" in value:\n            screen = value[\"screen\"]\n    \n        stacktrace = None\n        st_value = value.get(\"stackTrace\") or value.get(\"stacktrace\")\n        if st_value:\n            if isinstance(st_value, str):\n                stacktrace = st_value.split(\"\\n\")\n            else:\n                stacktrace = []\n                try:\n                    for frame in st_value:\n                        line = frame.get(\"lineNumber\", \"\")\n                        file = frame.get(\"fileName\", \"<anonymous>\")\n                        if line:\n                            file = f\"{file}:{line}\"\n                        meth = frame.get(\"methodName\", \"<anonymous>\")\n                        if \"className\" in frame:\n                            meth = f\"{frame['className']}.{meth}\"\n                        msg = \"    at %s (%s)\"\n                        msg = msg % (meth, file)\n                        stacktrace.append(msg)\n                except TypeError:\n                    pass\n        if exception_class == UnexpectedAlertPresentException:\n            alert_text = None\n            if \"data\" in value:\n                alert_text = value[\"data\"].get(\"text\")\n            elif \"alert\" in value:\n                alert_text = value[\"alert\"].get(\"text\")\n            raise exception_class(message, screen, stacktrace, alert_text)  # type: ignore[call-arg]  # mypy is not smart enough here\n>       raise exception_class(message, screen, stacktrace)\nE       selenium.common.exceptions.NoSuchElementException: Message: no such element: Unable to locate element: {\"method\":\"xpath\",\"selector\":\"(//a[@class='add-to-cart yellow-btn'])[1]\"}\nE         (Session info: chrome-headless-shell=120.0.6099.109); For documentation on this error, please visit: https://www.selenium.dev/documentation/webdriver/troubleshooting/errors#no-such-element-exception\nE       Stacktrace:\nE       #0 0x557ccf073f83 <unknown>\nE       #1 0x557cced2ccf7 <unknown>\nE       #2 0x557cced7c99e <unknown>\nE       #3 0x557cced7caa1 <unknown>\nE       #4 0x557ccedc7d64 <unknown>\nE       #5 0x557cceda60dd <unknown>\nE       #6 0x557ccedc5006 <unknown>\nE       #7 0x557cceda5e53 <unknown>\nE       #8 0x557cced6ddd4 <unknown>\nE       #9 0x557cced6f1de <unknown>\nE       #10 0x557ccf038531 <unknown>\nE       #11 0x557ccf03c455 <unknown>\nE       #12 0x557ccf024f55 <unknown>\nE       #13 0x557ccf03d0ef <unknown>\nE       #14 0x557ccf00899f <unknown>\nE       #15 0x557ccf061008 <unknown>\nE       #16 0x557ccf0611d7 <unknown>\nE       #17 0x557ccf073124 <unknown>\nE       #18 0x7f10f2c66044 <unknown>\n\n/usr/local/lib/python3.11/site-packages/selenium/webdriver/remote/errorhandler.py:229: NoSuchElementException","flaky":false,"newFailed":false,"newBroken":false,"newPassed":false,"retriesCount":0,"retriesStatusChange":false,"beforeStages":[{"name":"_session_faker","time":{"start":1704847940546,"stop":1704847940614,"duration":68},"status":"passed","steps":[],"attachments":[],"parameters":[],"shouldDisplayMessage":false,"stepsCount":0,"attachmentsCount":0,"hasContent":false,"attachmentStep":false},{"name":"clear_allure_results_folder","time":{"start":1704847940615,"stop":1704847940615,"duration":0},"status":"passed","steps":[],"attachments":[],"parameters":[],"shouldDisplayMessage":false,"stepsCount":0,"attachmentsCount":0,"hasContent":false,"attachmentStep":false},{"name":"driver","time":{"start":1704848237384,"stop":1704848238158,"duration":774},"status":"passed","steps":[],"attachments":[],"parameters":[],"shouldDisplayMessage":false,"stepsCount":0,"attachmentsCount":0,"hasContent":false,"attachmentStep":false},{"name":"setup","time":{"start":1704848238158,"stop":1704848238158,"duration":0},"status":"passed","steps":[],"attachments":[],"parameters":[],"shouldDisplayMessage":false,"stepsCount":0,"attachmentsCount":0,"hasContent":false,"attachmentStep":false}],"testStage":{"status":"skipped","statusMessage":"XFAIL\n\nselenium.common.exceptions.NoSuchElementException: Message: no such element: Unable to locate element: {\"method\":\"xpath\",\"selector\":\"(//a[@class='add-to-cart yellow-btn'])[1]\"}\n  (Session info: chrome-headless-shell=120.0.6099.109); For documentation on this error, please visit: https://www.selenium.dev/documentation/webdriver/troubleshooting/errors#no-such-element-exception\nStacktrace:\n#0 0x557ccf073f83 <unknown>\n#1 0x557cced2ccf7 <unknown>\n#2 0x557cced7c99e <unknown>\n#3 0x557cced7caa1 <unknown>\n#4 0x557ccedc7d64 <unknown>\n#5 0x557cceda60dd <unknown>\n#6 0x557ccedc5006 <unknown>\n#7 0x557cceda5e53 <unknown>\n#8 0x557cced6ddd4 <unknown>\n#9 0x557cced6f1de <unknown>\n#10 0x557ccf038531 <unknown>\n#11 0x557ccf03c455 <unknown>\n#12 0x557ccf024f55 <unknown>\n#13 0x557ccf03d0ef <unknown>\n#14 0x557ccf00899f <unknown>\n#15 0x557ccf061008 <unknown>\n#16 0x557ccf0611d7 <unknown>\n#17 0x557ccf073124 <unknown>\n#18 0x7f10f2c66044 <unknown>","statusTrace":"self = <tests.delivery.test_delivery_calculation.TestDeliveryPageCalculation object at 0x7f900a500050>\ndriver = <selenium.webdriver.chrome.webdriver.WebDriver (session=\"1d36caa6edb9acdb290b5664fa35de04\")>\nurl = 'https://sandboxtest.stroyrem-nn.ru/', case_id = 'TD 022'\nlink_item = 'products/shtukaturka-gipsovaya-aksolit-m50-30-kg-mashinnogo-naneseniya'\namount = 166, weight = 5000, standard = 2800, in_time = 5490, all_time = 5980\n\n    @pytest.mark.parametrize('case_id, link_item, amount, weight, standard, in_time, all_time', [\n        (\"TD 015\", bundeks_25, 1, 30, 650, 2390, 3320),\n        pytest.param(\n            \"TD 016\", aksolit_30, 8, 300, 650, 2390, 3320,\n            marks=pytest.mark.xfail(reson=\"Цена доставки: - - -\")\n        ),\n        (\"TD 017\", aksolit_30, 13, 400, 650, 2390, 3320),\n        (\"TD 018\", aksolit_30, 16, 500, 850, 2490, 3320),\n        (\"TD 019\", aksolit_30, 25, 1700, 1150, 2490, 3320),\n        (\"TD 020\", aksolit_30, 66, 2000, 1500, 2990, 3650),\n        (\"TD 021\", aksolit_30, 149, 4500, 2600, 4380, 4890),\n        (\"TD 022\", aksolit_30, 166, 5000, 2800, 5490, 5980),\n        pytest.param(\n            \"TD 023\", aksolit_30, 206, 6200, 3300, 7500, 8000,\n            marks=pytest.mark.xfail(reson=\"Цена доставки: 4300 9900 11440\")\n        ),\n        (\"TD 024\", aksolit_30, 299, 9000, 4300, 9900, 11440),\n        (\"TD 025\", aksolit_30, 333, 10000, 7000, 13900, 15900),\n        pytest.param(\n            \"TD 026\", aksolit_30, 366, 11000, 8000, 14900, 19900,\n            marks=pytest.mark.xfail(reson=\"Цена доставки: 7000 13900 15900\")\n        ),\n        pytest.param(\n            \"TD 027\", aksolit_30, 666, 20000, 14000, 16900, 23900,\n            marks=pytest.mark.xfail(reson=\"Цена доставки: 7000 13900 15900\")\n        )\n    ])\n    @pytest.mark.xfail\n    @pytest.mark.smoke_test\n    def test_positive_delivery_blue_zone_smoke(\n            self, driver, url, case_id, link_item, amount, weight, standard, in_time, all_time\n    ):\n        allure.dynamic.title(f\"{case_id} Доставка товара весом до {weight}кг. в синей зоне\")\n    \n        driver.get(f'{url}{link_item}')\n        item_page = ItemPage(driver)\n>       item_page.add_item_to_cart(amount).click_on_cart()\n\ntests/delivery/test_delivery_calculation.py:132: \n_ _ _ _ _ _ _ _ _ _ _ _ _ _ _ _ _ _ _ _ _ _ _ _ _ _ _ _ _ _ _ _ _ _ _ _ _ _ _ _ \npages/item_page.py:40: in add_item_to_cart\n    self.find_element(self._add_item).click()\nbase/seleniumbase.py:17: in find_element\n    return self.driver.find_element(*locator)\n/usr/local/lib/python3.11/site-packages/selenium/webdriver/remote/webdriver.py:739: in find_element\n    return self.execute(Command.FIND_ELEMENT, {\"using\": by, \"value\": value})[\"value\"]\n/usr/local/lib/python3.11/site-packages/selenium/webdriver/remote/webdriver.py:345: in execute\n    self.error_handler.check_response(response)\n_ _ _ _ _ _ _ _ _ _ _ _ _ _ _ _ _ _ _ _ _ _ _ _ _ _ _ _ _ _ _ _ _ _ _ _ _ _ _ _ \n\nself = <selenium.webdriver.remote.errorhandler.ErrorHandler object at 0x7f900ade1250>\nresponse = {'status': 404, 'value': '{\"value\":{\"error\":\"no such element\",\"message\":\"no such element: Unable to locate element: {\\...\\\\n#16 0x557ccf0611d7 \\\\u003Cunknown>\\\\n#17 0x557ccf073124 \\\\u003Cunknown>\\\\n#18 0x7f10f2c66044 \\\\u003Cunknown>\\\\n\"}}'}\n\n    def check_response(self, response: Dict[str, Any]) -> None:\n        \"\"\"Checks that a JSON response from the WebDriver does not have an\n        error.\n    \n        :Args:\n         - response - The JSON response from the WebDriver server as a dictionary\n           object.\n    \n        :Raises: If the response contains an error message.\n        \"\"\"\n        status = response.get(\"status\", None)\n        if not status or status == ErrorCode.SUCCESS:\n            return\n        value = None\n        message = response.get(\"message\", \"\")\n        screen: str = response.get(\"screen\", \"\")\n        stacktrace = None\n        if isinstance(status, int):\n            value_json = response.get(\"value\", None)\n            if value_json and isinstance(value_json, str):\n                import json\n    \n                try:\n                    value = json.loads(value_json)\n                    if len(value) == 1:\n                        value = value[\"value\"]\n                    status = value.get(\"error\", None)\n                    if not status:\n                        status = value.get(\"status\", ErrorCode.UNKNOWN_ERROR)\n                        message = value.get(\"value\") or value.get(\"message\")\n                        if not isinstance(message, str):\n                            value = message\n                            message = message.get(\"message\")\n                    else:\n                        message = value.get(\"message\", None)\n                except ValueError:\n                    pass\n    \n        exception_class: Type[WebDriverException]\n        e = ErrorCode()\n        error_codes = [item for item in dir(e) if not item.startswith(\"__\")]\n        for error_code in error_codes:\n            error_info = getattr(ErrorCode, error_code)\n            if isinstance(error_info, list) and status in error_info:\n                exception_class = getattr(ExceptionMapping, error_code, WebDriverException)\n                break\n        else:\n            exception_class = WebDriverException\n    \n        if not value:\n            value = response[\"value\"]\n        if isinstance(value, str):\n            raise exception_class(value)\n        if message == \"\" and \"message\" in value:\n            message = value[\"message\"]\n    \n        screen = None  # type: ignore[assignment]\n        if \"screen\" in value:\n            screen = value[\"screen\"]\n    \n        stacktrace = None\n        st_value = value.get(\"stackTrace\") or value.get(\"stacktrace\")\n        if st_value:\n            if isinstance(st_value, str):\n                stacktrace = st_value.split(\"\\n\")\n            else:\n                stacktrace = []\n                try:\n                    for frame in st_value:\n                        line = frame.get(\"lineNumber\", \"\")\n                        file = frame.get(\"fileName\", \"<anonymous>\")\n                        if line:\n                            file = f\"{file}:{line}\"\n                        meth = frame.get(\"methodName\", \"<anonymous>\")\n                        if \"className\" in frame:\n                            meth = f\"{frame['className']}.{meth}\"\n                        msg = \"    at %s (%s)\"\n                        msg = msg % (meth, file)\n                        stacktrace.append(msg)\n                except TypeError:\n                    pass\n        if exception_class == UnexpectedAlertPresentException:\n            alert_text = None\n            if \"data\" in value:\n                alert_text = value[\"data\"].get(\"text\")\n            elif \"alert\" in value:\n                alert_text = value[\"alert\"].get(\"text\")\n            raise exception_class(message, screen, stacktrace, alert_text)  # type: ignore[call-arg]  # mypy is not smart enough here\n>       raise exception_class(message, screen, stacktrace)\nE       selenium.common.exceptions.NoSuchElementException: Message: no such element: Unable to locate element: {\"method\":\"xpath\",\"selector\":\"(//a[@class='add-to-cart yellow-btn'])[1]\"}\nE         (Session info: chrome-headless-shell=120.0.6099.109); For documentation on this error, please visit: https://www.selenium.dev/documentation/webdriver/troubleshooting/errors#no-such-element-exception\nE       Stacktrace:\nE       #0 0x557ccf073f83 <unknown>\nE       #1 0x557cced2ccf7 <unknown>\nE       #2 0x557cced7c99e <unknown>\nE       #3 0x557cced7caa1 <unknown>\nE       #4 0x557ccedc7d64 <unknown>\nE       #5 0x557cceda60dd <unknown>\nE       #6 0x557ccedc5006 <unknown>\nE       #7 0x557cceda5e53 <unknown>\nE       #8 0x557cced6ddd4 <unknown>\nE       #9 0x557cced6f1de <unknown>\nE       #10 0x557ccf038531 <unknown>\nE       #11 0x557ccf03c455 <unknown>\nE       #12 0x557ccf024f55 <unknown>\nE       #13 0x557ccf03d0ef <unknown>\nE       #14 0x557ccf00899f <unknown>\nE       #15 0x557ccf061008 <unknown>\nE       #16 0x557ccf0611d7 <unknown>\nE       #17 0x557ccf073124 <unknown>\nE       #18 0x7f10f2c66044 <unknown>\n\n/usr/local/lib/python3.11/site-packages/selenium/webdriver/remote/errorhandler.py:229: NoSuchElementException","steps":[{"name":"Добавляем товар в корзину в количестве 166","time":{"start":1704848238616,"stop":1704848238628,"duration":12},"status":"broken","statusMessage":"selenium.common.exceptions.NoSuchElementException: Message: no such element: Unable to locate element: {\"method\":\"xpath\",\"selector\":\"(//a[@class='add-to-cart yellow-btn'])[1]\"}\n  (Session info: chrome-headless-shell=120.0.6099.109); For documentation on this error, please visit: https://www.selenium.dev/documentation/webdriver/troubleshooting/errors#no-such-element-exception\nStacktrace:\n#0 0x557ccf073f83 <unknown>\n#1 0x557cced2ccf7 <unknown>\n#2 0x557cced7c99e <unknown>\n#3 0x557cced7caa1 <unknown>\n#4 0x557ccedc7d64 <unknown>\n#5 0x557cceda60dd <unknown>\n#6 0x557ccedc5006 <unknown>\n#7 0x557cceda5e53 <unknown>\n#8 0x557cced6ddd4 <unknown>\n#9 0x557cced6f1de <unknown>\n#10 0x557ccf038531 <unknown>\n#11 0x557ccf03c455 <unknown>\n#12 0x557ccf024f55 <unknown>\n#13 0x557ccf03d0ef <unknown>\n#14 0x557ccf00899f <unknown>\n#15 0x557ccf061008 <unknown>\n#16 0x557ccf0611d7 <unknown>\n#17 0x557ccf073124 <unknown>\n#18 0x7f10f2c66044 <unknown>\n\n","statusTrace":"  File \"/usr/local/lib/python3.11/site-packages/allure_commons/_allure.py\", line 192, in impl\n    return func(*a, **kw)\n           ^^^^^^^^^^^^^^\n  File \"/app/pages/item_page.py\", line 40, in add_item_to_cart\n    self.find_element(self._add_item).click()\n    ^^^^^^^^^^^^^^^^^^^^^^^^^^^^^^^^^\n  File \"/app/base/seleniumbase.py\", line 17, in find_element\n    return self.driver.find_element(*locator)\n           ^^^^^^^^^^^^^^^^^^^^^^^^^^^^^^^^^^\n  File \"/usr/local/lib/python3.11/site-packages/selenium/webdriver/remote/webdriver.py\", line 739, in find_element\n    return self.execute(Command.FIND_ELEMENT, {\"using\": by, \"value\": value})[\"value\"]\n           ^^^^^^^^^^^^^^^^^^^^^^^^^^^^^^^^^^^^^^^^^^^^^^^^^^^^^^^^^^^^^^^^^\n  File \"/usr/local/lib/python3.11/site-packages/selenium/webdriver/remote/webdriver.py\", line 345, in execute\n    self.error_handler.check_response(response)\n  File \"/usr/local/lib/python3.11/site-packages/selenium/webdriver/remote/errorhandler.py\", line 229, in check_response\n    raise exception_class(message, screen, stacktrace)\n","steps":[],"attachments":[],"parameters":[{"name":"amount","value":"166"}],"shouldDisplayMessage":true,"stepsCount":0,"attachmentsCount":0,"hasContent":true,"attachmentStep":false}],"attachments":[{"uid":"4387dbf65c933409","name":"Screenshot","source":"4387dbf65c933409.png","type":"image/png","size":5862},{"uid":"fe0ba08bdcc0ee62","name":"HTML source","source":"fe0ba08bdcc0ee62.html","type":"text/html","size":39}],"parameters":[],"shouldDisplayMessage":true,"stepsCount":1,"attachmentsCount":2,"hasContent":true,"attachmentStep":false},"afterStages":[{"name":"setup::0","time":{"start":1704848238726,"stop":1704848238726,"duration":0},"status":"passed","steps":[],"attachments":[],"parameters":[],"shouldDisplayMessage":false,"stepsCount":0,"attachmentsCount":0,"hasContent":false,"attachmentStep":false},{"name":"driver::0","time":{"start":1704848238727,"stop":1704848238783,"duration":56},"status":"passed","steps":[],"attachments":[],"parameters":[],"shouldDisplayMessage":false,"stepsCount":0,"attachmentsCount":0,"hasContent":false,"attachmentStep":false}],"labels":[{"name":"epic","value":"Delivery Page - calculation"},{"name":"tag","value":"smoke_test"},{"name":"tag","value":"@pytest.mark.xfail"},{"name":"parentSuite","value":"tests.delivery"},{"name":"suite","value":"test_delivery_calculation"},{"name":"subSuite","value":"TestDeliveryPageCalculation"},{"name":"host","value":"5d430c8a0cd9"},{"name":"thread","value":"1-MainThread"},{"name":"framework","value":"pytest"},{"name":"language","value":"cpython3"},{"name":"package","value":"tests.delivery.test_delivery_calculation"},{"name":"resultFormat","value":"allure2"}],"parameters":[{"name":"all_time","value":"5980"},{"name":"amount","value":"166"},{"name":"case_id","value":"'TD 022'"},{"name":"in_time","value":"5490"},{"name":"link_item","value":"'products/shtukaturka-gipsovaya-aksolit-m50-30-kg-mashinnogo-naneseniya'"},{"name":"standard","value":"2800"},{"name":"url","value":"'https://sandboxtest.stroyrem-nn.ru/'"},{"name":"weight","value":"5000"}],"links":[],"hidden":false,"retry":false,"extra":{"severity":"normal","retries":[],"categories":[],"history":{"statistic":{"failed":0,"broken":13,"skipped":121,"passed":0,"unknown":0,"total":134},"items":[{"uid":"b9865436738d9934","reportUrl":"https://Nat754.github.io/StroyremAutomation/181//#testresult/b9865436738d9934","status":"skipped","statusDetails":"XFAIL\n\nselenium.common.exceptions.NoSuchElementException: Message: no such element: Unable to locate element: {\"method\":\"xpath\",\"selector\":\"(//a[@class='add-to-cart yellow-btn'])[1]\"}\n  (Session info: chrome-headless-shell=120.0.6099.109); For documentation on this error, please visit: https://www.selenium.dev/documentation/webdriver/troubleshooting/errors#no-such-element-exception\nStacktrace:\n#0 0x5632692d0f83 <unknown>\n#1 0x563268f89cf7 <unknown>\n#2 0x563268fd999e <unknown>\n#3 0x563268fd9aa1 <unknown>\n#4 0x563269024d64 <unknown>\n#5 0x5632690030dd <unknown>\n#6 0x563269022006 <unknown>\n#7 0x563269002e53 <unknown>\n#8 0x563268fcadd4 <unknown>\n#9 0x563268fcc1de <unknown>\n#10 0x563269295531 <unknown>\n#11 0x563269299455 <unknown>\n#12 0x563269281f55 <unknown>\n#13 0x56326929a0ef <unknown>\n#14 0x56326926599f <unknown>\n#15 0x5632692be008 <unknown>\n#16 0x5632692be1d7 <unknown>\n#17 0x5632692d0124 <unknown>\n#18 0x7fa21fe2f044 <unknown>","time":{"start":1704761776805,"stop":1704761777304,"duration":499}},{"uid":"73592ec083984c0a","reportUrl":"https://Nat754.github.io/StroyremAutomation/180//#testresult/73592ec083984c0a","status":"skipped","statusDetails":"XFAIL\n\nselenium.common.exceptions.NoSuchElementException: Message: no such element: Unable to locate element: {\"method\":\"xpath\",\"selector\":\"(//a[@class='add-to-cart yellow-btn'])[1]\"}\n  (Session info: chrome-headless-shell=120.0.6099.109); For documentation on this error, please visit: https://www.selenium.dev/documentation/webdriver/troubleshooting/errors#no-such-element-exception\nStacktrace:\n#0 0x563da7778f83 <unknown>\n#1 0x563da7431cf7 <unknown>\n#2 0x563da748199e <unknown>\n#3 0x563da7481aa1 <unknown>\n#4 0x563da74ccd64 <unknown>\n#5 0x563da74ab0dd <unknown>\n#6 0x563da74ca006 <unknown>\n#7 0x563da74aae53 <unknown>\n#8 0x563da7472dd4 <unknown>\n#9 0x563da74741de <unknown>\n#10 0x563da773d531 <unknown>\n#11 0x563da7741455 <unknown>\n#12 0x563da7729f55 <unknown>\n#13 0x563da77420ef <unknown>\n#14 0x563da770d99f <unknown>\n#15 0x563da7766008 <unknown>\n#16 0x563da77661d7 <unknown>\n#17 0x563da7778124 <unknown>\n#18 0x7f3ca58c5044 <unknown>","time":{"start":1704675394642,"stop":1704675394973,"duration":331}},{"uid":"743f37b77b7a794f","reportUrl":"https://Nat754.github.io/StroyremAutomation/179//#testresult/743f37b77b7a794f","status":"skipped","statusDetails":"XFAIL\n\nselenium.common.exceptions.NoSuchElementException: Message: no such element: Unable to locate element: {\"method\":\"xpath\",\"selector\":\"(//a[@class='add-to-cart yellow-btn'])[1]\"}\n  (Session info: chrome-headless-shell=120.0.6099.109); For documentation on this error, please visit: https://www.selenium.dev/documentation/webdriver/troubleshooting/errors#no-such-element-exception\nStacktrace:\n#0 0x55dd7f5c1f83 <unknown>\n#1 0x55dd7f27acf7 <unknown>\n#2 0x55dd7f2ca99e <unknown>\n#3 0x55dd7f2caaa1 <unknown>\n#4 0x55dd7f315d64 <unknown>\n#5 0x55dd7f2f40dd <unknown>\n#6 0x55dd7f313006 <unknown>\n#7 0x55dd7f2f3e53 <unknown>\n#8 0x55dd7f2bbdd4 <unknown>\n#9 0x55dd7f2bd1de <unknown>\n#10 0x55dd7f586531 <unknown>\n#11 0x55dd7f58a455 <unknown>\n#12 0x55dd7f572f55 <unknown>\n#13 0x55dd7f58b0ef <unknown>\n#14 0x55dd7f55699f <unknown>\n#15 0x55dd7f5af008 <unknown>\n#16 0x55dd7f5af1d7 <unknown>\n#17 0x55dd7f5c1124 <unknown>\n#18 0x7f6c4a542044 <unknown>","time":{"start":1704589232158,"stop":1704589232846,"duration":688}},{"uid":"51d93722ef66a7af","reportUrl":"https://Nat754.github.io/StroyremAutomation/178//#testresult/51d93722ef66a7af","status":"skipped","statusDetails":"XFAIL\n\nselenium.common.exceptions.NoSuchElementException: Message: no such element: Unable to locate element: {\"method\":\"xpath\",\"selector\":\"(//a[@class='add-to-cart yellow-btn'])[1]\"}\n  (Session info: chrome-headless-shell=120.0.6099.109); For documentation on this error, please visit: https://www.selenium.dev/documentation/webdriver/troubleshooting/errors#no-such-element-exception\nStacktrace:\n#0 0x55b243fa1f83 <unknown>\n#1 0x55b243c5acf7 <unknown>\n#2 0x55b243caa99e <unknown>\n#3 0x55b243caaaa1 <unknown>\n#4 0x55b243cf5d64 <unknown>\n#5 0x55b243cd40dd <unknown>\n#6 0x55b243cf3006 <unknown>\n#7 0x55b243cd3e53 <unknown>\n#8 0x55b243c9bdd4 <unknown>\n#9 0x55b243c9d1de <unknown>\n#10 0x55b243f66531 <unknown>\n#11 0x55b243f6a455 <unknown>\n#12 0x55b243f52f55 <unknown>\n#13 0x55b243f6b0ef <unknown>\n#14 0x55b243f3699f <unknown>\n#15 0x55b243f8f008 <unknown>\n#16 0x55b243f8f1d7 <unknown>\n#17 0x55b243fa1124 <unknown>\n#18 0x7fba1e748044 <unknown>","time":{"start":1704502494250,"stop":1704502494896,"duration":646}},{"uid":"59fccd0e14561020","reportUrl":"https://Nat754.github.io/StroyremAutomation/177//#testresult/59fccd0e14561020","status":"skipped","statusDetails":"XFAIL\n\nselenium.common.exceptions.NoSuchElementException: Message: no such element: Unable to locate element: {\"method\":\"xpath\",\"selector\":\"(//a[@class='add-to-cart yellow-btn'])[1]\"}\n  (Session info: chrome-headless-shell=120.0.6099.109); For documentation on this error, please visit: https://www.selenium.dev/documentation/webdriver/troubleshooting/errors#no-such-element-exception\nStacktrace:\n#0 0x55ec52cedf83 <unknown>\n#1 0x55ec529a6cf7 <unknown>\n#2 0x55ec529f699e <unknown>\n#3 0x55ec529f6aa1 <unknown>\n#4 0x55ec52a41d64 <unknown>\n#5 0x55ec52a200dd <unknown>\n#6 0x55ec52a3f006 <unknown>\n#7 0x55ec52a1fe53 <unknown>\n#8 0x55ec529e7dd4 <unknown>\n#9 0x55ec529e91de <unknown>\n#10 0x55ec52cb2531 <unknown>\n#11 0x55ec52cb6455 <unknown>\n#12 0x55ec52c9ef55 <unknown>\n#13 0x55ec52cb70ef <unknown>\n#14 0x55ec52c8299f <unknown>\n#15 0x55ec52cdb008 <unknown>\n#16 0x55ec52cdb1d7 <unknown>\n#17 0x55ec52ced124 <unknown>\n#18 0x7f784ae42044 <unknown>","time":{"start":1704416124866,"stop":1704416125233,"duration":367}},{"uid":"c2ae1f4f9d7bdbdf","reportUrl":"https://Nat754.github.io/StroyremAutomation/176//#testresult/c2ae1f4f9d7bdbdf","status":"skipped","statusDetails":"XFAIL\n\nselenium.common.exceptions.NoSuchElementException: Message: no such element: Unable to locate element: {\"method\":\"xpath\",\"selector\":\"(//a[@class='add-to-cart yellow-btn'])[1]\"}\n  (Session info: chrome-headless-shell=120.0.6099.109); For documentation on this error, please visit: https://www.selenium.dev/documentation/webdriver/troubleshooting/errors#no-such-element-exception\nStacktrace:\n#0 0x559db1164f83 <unknown>\n#1 0x559db0e1dcf7 <unknown>\n#2 0x559db0e6d99e <unknown>\n#3 0x559db0e6daa1 <unknown>\n#4 0x559db0eb8d64 <unknown>\n#5 0x559db0e970dd <unknown>\n#6 0x559db0eb6006 <unknown>\n#7 0x559db0e96e53 <unknown>\n#8 0x559db0e5edd4 <unknown>\n#9 0x559db0e601de <unknown>\n#10 0x559db1129531 <unknown>\n#11 0x559db112d455 <unknown>\n#12 0x559db1115f55 <unknown>\n#13 0x559db112e0ef <unknown>\n#14 0x559db10f999f <unknown>\n#15 0x559db1152008 <unknown>\n#16 0x559db11521d7 <unknown>\n#17 0x559db1164124 <unknown>\n#18 0x7f87902c5044 <unknown>","time":{"start":1704329698240,"stop":1704329698698,"duration":458}},{"uid":"f5793c8e90eaeb12","reportUrl":"https://Nat754.github.io/StroyremAutomation/175//#testresult/f5793c8e90eaeb12","status":"skipped","statusDetails":"XFAIL\n\nselenium.common.exceptions.NoSuchElementException: Message: no such element: Unable to locate element: {\"method\":\"xpath\",\"selector\":\"(//a[@class='add-to-cart yellow-btn'])[1]\"}\n  (Session info: chrome-headless-shell=120.0.6099.109); For documentation on this error, please visit: https://www.selenium.dev/documentation/webdriver/troubleshooting/errors#no-such-element-exception\nStacktrace:\n#0 0x55bc20716f83 <unknown>\n#1 0x55bc203cfcf7 <unknown>\n#2 0x55bc2041f99e <unknown>\n#3 0x55bc2041faa1 <unknown>\n#4 0x55bc2046ad64 <unknown>\n#5 0x55bc204490dd <unknown>\n#6 0x55bc20468006 <unknown>\n#7 0x55bc20448e53 <unknown>\n#8 0x55bc20410dd4 <unknown>\n#9 0x55bc204121de <unknown>\n#10 0x55bc206db531 <unknown>\n#11 0x55bc206df455 <unknown>\n#12 0x55bc206c7f55 <unknown>\n#13 0x55bc206e00ef <unknown>\n#14 0x55bc206ab99f <unknown>\n#15 0x55bc20704008 <unknown>\n#16 0x55bc207041d7 <unknown>\n#17 0x55bc20716124 <unknown>\n#18 0x7f85b54f4044 <unknown>","time":{"start":1704243322778,"stop":1704243323387,"duration":609}},{"uid":"f5765a8e04326f52","reportUrl":"https://Nat754.github.io/StroyremAutomation/174//#testresult/f5765a8e04326f52","status":"skipped","statusDetails":"XFAIL\n\nselenium.common.exceptions.NoSuchElementException: Message: no such element: Unable to locate element: {\"method\":\"xpath\",\"selector\":\"(//a[@class='add-to-cart yellow-btn'])[1]\"}\n  (Session info: chrome-headless-shell=120.0.6099.109); For documentation on this error, please visit: https://www.selenium.dev/documentation/webdriver/troubleshooting/errors#no-such-element-exception\nStacktrace:\n#0 0x5604b330ff83 <unknown>\n#1 0x5604b2fc8cf7 <unknown>\n#2 0x5604b301899e <unknown>\n#3 0x5604b3018aa1 <unknown>\n#4 0x5604b3063d64 <unknown>\n#5 0x5604b30420dd <unknown>\n#6 0x5604b3061006 <unknown>\n#7 0x5604b3041e53 <unknown>\n#8 0x5604b3009dd4 <unknown>\n#9 0x5604b300b1de <unknown>\n#10 0x5604b32d4531 <unknown>\n#11 0x5604b32d8455 <unknown>\n#12 0x5604b32c0f55 <unknown>\n#13 0x5604b32d90ef <unknown>\n#14 0x5604b32a499f <unknown>\n#15 0x5604b32fd008 <unknown>\n#16 0x5604b32fd1d7 <unknown>\n#17 0x5604b330f124 <unknown>\n#18 0x7f3c8288c044 <unknown>","time":{"start":1704156810554,"stop":1704156810862,"duration":308}},{"uid":"33a0f45ddf88720c","reportUrl":"https://Nat754.github.io/StroyremAutomation/173//#testresult/33a0f45ddf88720c","status":"skipped","statusDetails":"XFAIL\n\nselenium.common.exceptions.NoSuchElementException: Message: no such element: Unable to locate element: {\"method\":\"xpath\",\"selector\":\"(//a[@class='add-to-cart yellow-btn'])[1]\"}\n  (Session info: chrome-headless-shell=120.0.6099.109); For documentation on this error, please visit: https://www.selenium.dev/documentation/webdriver/troubleshooting/errors#no-such-element-exception\nStacktrace:\n#0 0x5614fb365f83 <unknown>\n#1 0x5614fb01ecf7 <unknown>\n#2 0x5614fb06e99e <unknown>\n#3 0x5614fb06eaa1 <unknown>\n#4 0x5614fb0b9d64 <unknown>\n#5 0x5614fb0980dd <unknown>\n#6 0x5614fb0b7006 <unknown>\n#7 0x5614fb097e53 <unknown>\n#8 0x5614fb05fdd4 <unknown>\n#9 0x5614fb0611de <unknown>\n#10 0x5614fb32a531 <unknown>\n#11 0x5614fb32e455 <unknown>\n#12 0x5614fb316f55 <unknown>\n#13 0x5614fb32f0ef <unknown>\n#14 0x5614fb2fa99f <unknown>\n#15 0x5614fb353008 <unknown>\n#16 0x5614fb3531d7 <unknown>\n#17 0x5614fb365124 <unknown>\n#18 0x7ff072132044 <unknown>","time":{"start":1704070764044,"stop":1704070764463,"duration":419}},{"uid":"eeca22f50211205a","reportUrl":"https://Nat754.github.io/StroyremAutomation/172//#testresult/eeca22f50211205a","status":"skipped","statusDetails":"XFAIL\n\nselenium.common.exceptions.NoSuchElementException: Message: no such element: Unable to locate element: {\"method\":\"xpath\",\"selector\":\"(//a[@class='add-to-cart yellow-btn'])[1]\"}\n  (Session info: chrome-headless-shell=120.0.6099.109); For documentation on this error, please visit: https://www.selenium.dev/documentation/webdriver/troubleshooting/errors#no-such-element-exception\nStacktrace:\n#0 0x5646c50c3f83 <unknown>\n#1 0x5646c4d7ccf7 <unknown>\n#2 0x5646c4dcc99e <unknown>\n#3 0x5646c4dccaa1 <unknown>\n#4 0x5646c4e17d64 <unknown>\n#5 0x5646c4df60dd <unknown>\n#6 0x5646c4e15006 <unknown>\n#7 0x5646c4df5e53 <unknown>\n#8 0x5646c4dbddd4 <unknown>\n#9 0x5646c4dbf1de <unknown>\n#10 0x5646c5088531 <unknown>\n#11 0x5646c508c455 <unknown>\n#12 0x5646c5074f55 <unknown>\n#13 0x5646c508d0ef <unknown>\n#14 0x5646c505899f <unknown>\n#15 0x5646c50b1008 <unknown>\n#16 0x5646c50b11d7 <unknown>\n#17 0x5646c50c3124 <unknown>\n#18 0x7fa87605a044 <unknown>","time":{"start":1703984275868,"stop":1703984276223,"duration":355}},{"uid":"bc6d02f05d12883d","reportUrl":"https://Nat754.github.io/StroyremAutomation/171//#testresult/bc6d02f05d12883d","status":"skipped","statusDetails":"XFAIL\n\nselenium.common.exceptions.NoSuchElementException: Message: no such element: Unable to locate element: {\"method\":\"xpath\",\"selector\":\"(//a[@class='add-to-cart yellow-btn'])[1]\"}\n  (Session info: chrome-headless-shell=120.0.6099.109); For documentation on this error, please visit: https://www.selenium.dev/documentation/webdriver/troubleshooting/errors#no-such-element-exception\nStacktrace:\n#0 0x565263d7ff83 <unknown>\n#1 0x565263a38cf7 <unknown>\n#2 0x565263a8899e <unknown>\n#3 0x565263a88aa1 <unknown>\n#4 0x565263ad3d64 <unknown>\n#5 0x565263ab20dd <unknown>\n#6 0x565263ad1006 <unknown>\n#7 0x565263ab1e53 <unknown>\n#8 0x565263a79dd4 <unknown>\n#9 0x565263a7b1de <unknown>\n#10 0x565263d44531 <unknown>\n#11 0x565263d48455 <unknown>\n#12 0x565263d30f55 <unknown>\n#13 0x565263d490ef <unknown>\n#14 0x565263d1499f <unknown>\n#15 0x565263d6d008 <unknown>\n#16 0x565263d6d1d7 <unknown>\n#17 0x565263d7f124 <unknown>\n#18 0x7f8509122044 <unknown>","time":{"start":1703897557634,"stop":1703897558305,"duration":671}},{"uid":"f6e57054138e3f48","reportUrl":"https://Nat754.github.io/StroyremAutomation/170//#testresult/f6e57054138e3f48","status":"skipped","statusDetails":"XFAIL\n\nselenium.common.exceptions.NoSuchElementException: Message: no such element: Unable to locate element: {\"method\":\"xpath\",\"selector\":\"(//a[@class='add-to-cart yellow-btn'])[1]\"}\n  (Session info: chrome-headless-shell=120.0.6099.109); For documentation on this error, please visit: https://www.selenium.dev/documentation/webdriver/troubleshooting/errors#no-such-element-exception\nStacktrace:\n#0 0x5642af364f83 <unknown>\n#1 0x5642af01dcf7 <unknown>\n#2 0x5642af06d99e <unknown>\n#3 0x5642af06daa1 <unknown>\n#4 0x5642af0b8d64 <unknown>\n#5 0x5642af0970dd <unknown>\n#6 0x5642af0b6006 <unknown>\n#7 0x5642af096e53 <unknown>\n#8 0x5642af05edd4 <unknown>\n#9 0x5642af0601de <unknown>\n#10 0x5642af329531 <unknown>\n#11 0x5642af32d455 <unknown>\n#12 0x5642af315f55 <unknown>\n#13 0x5642af32e0ef <unknown>\n#14 0x5642af2f999f <unknown>\n#15 0x5642af352008 <unknown>\n#16 0x5642af3521d7 <unknown>\n#17 0x5642af364124 <unknown>\n#18 0x7f0f9b1ce044 <unknown>","time":{"start":1703810735381,"stop":1703810735830,"duration":449}},{"uid":"7965a00f2d3da678","reportUrl":"https://Nat754.github.io/StroyremAutomation/169//#testresult/7965a00f2d3da678","status":"skipped","statusDetails":"XFAIL\n\nselenium.common.exceptions.NoSuchElementException: Message: no such element: Unable to locate element: {\"method\":\"xpath\",\"selector\":\"(//a[@class='add-to-cart yellow-btn'])[1]\"}\n  (Session info: chrome-headless-shell=120.0.6099.109); For documentation on this error, please visit: https://www.selenium.dev/documentation/webdriver/troubleshooting/errors#no-such-element-exception\nStacktrace:\n#0 0x562c803f8f83 <unknown>\n#1 0x562c800b1cf7 <unknown>\n#2 0x562c8010199e <unknown>\n#3 0x562c80101aa1 <unknown>\n#4 0x562c8014cd64 <unknown>\n#5 0x562c8012b0dd <unknown>\n#6 0x562c8014a006 <unknown>\n#7 0x562c8012ae53 <unknown>\n#8 0x562c800f2dd4 <unknown>\n#9 0x562c800f41de <unknown>\n#10 0x562c803bd531 <unknown>\n#11 0x562c803c1455 <unknown>\n#12 0x562c803a9f55 <unknown>\n#13 0x562c803c20ef <unknown>\n#14 0x562c8038d99f <unknown>\n#15 0x562c803e6008 <unknown>\n#16 0x562c803e61d7 <unknown>\n#17 0x562c803f8124 <unknown>\n#18 0x7fe586a81044 <unknown>","time":{"start":1703724800929,"stop":1703724801390,"duration":461}},{"uid":"f73c490abf681612","reportUrl":"https://Nat754.github.io/StroyremAutomation/168//#testresult/f73c490abf681612","status":"skipped","statusDetails":"XFAIL\n\nselenium.common.exceptions.NoSuchElementException: Message: no such element: Unable to locate element: {\"method\":\"xpath\",\"selector\":\"(//a[@class='add-to-cart yellow-btn'])[1]\"}\n  (Session info: chrome-headless-shell=120.0.6099.109); For documentation on this error, please visit: https://www.selenium.dev/documentation/webdriver/troubleshooting/errors#no-such-element-exception\nStacktrace:\n#0 0x5560e66c1f83 <unknown>\n#1 0x5560e637acf7 <unknown>\n#2 0x5560e63ca99e <unknown>\n#3 0x5560e63caaa1 <unknown>\n#4 0x5560e6415d64 <unknown>\n#5 0x5560e63f40dd <unknown>\n#6 0x5560e6413006 <unknown>\n#7 0x5560e63f3e53 <unknown>\n#8 0x5560e63bbdd4 <unknown>\n#9 0x5560e63bd1de <unknown>\n#10 0x5560e6686531 <unknown>\n#11 0x5560e668a455 <unknown>\n#12 0x5560e6672f55 <unknown>\n#13 0x5560e668b0ef <unknown>\n#14 0x5560e665699f <unknown>\n#15 0x5560e66af008 <unknown>\n#16 0x5560e66af1d7 <unknown>\n#17 0x5560e66c1124 <unknown>\n#18 0x7fa17e3dd044 <unknown>","time":{"start":1703638437587,"stop":1703638438033,"duration":446}},{"uid":"58fd24580a0236e6","reportUrl":"https://Nat754.github.io/StroyremAutomation/167//#testresult/58fd24580a0236e6","status":"skipped","statusDetails":"XFAIL\n\nselenium.common.exceptions.NoSuchElementException: Message: no such element: Unable to locate element: {\"method\":\"xpath\",\"selector\":\"(//a[@class='add-to-cart yellow-btn'])[1]\"}\n  (Session info: chrome-headless-shell=120.0.6099.109); For documentation on this error, please visit: https://www.selenium.dev/documentation/webdriver/troubleshooting/errors#no-such-element-exception\nStacktrace:\n#0 0x56241c072f83 <unknown>\n#1 0x56241bd2bcf7 <unknown>\n#2 0x56241bd7b99e <unknown>\n#3 0x56241bd7baa1 <unknown>\n#4 0x56241bdc6d64 <unknown>\n#5 0x56241bda50dd <unknown>\n#6 0x56241bdc4006 <unknown>\n#7 0x56241bda4e53 <unknown>\n#8 0x56241bd6cdd4 <unknown>\n#9 0x56241bd6e1de <unknown>\n#10 0x56241c037531 <unknown>\n#11 0x56241c03b455 <unknown>\n#12 0x56241c023f55 <unknown>\n#13 0x56241c03c0ef <unknown>\n#14 0x56241c00799f <unknown>\n#15 0x56241c060008 <unknown>\n#16 0x56241c0601d7 <unknown>\n#17 0x56241c072124 <unknown>\n#18 0x7f77ba02a044 <unknown>","time":{"start":1703551977960,"stop":1703551978301,"duration":341}},{"uid":"aa2adc87c97f706d","reportUrl":"https://Nat754.github.io/StroyremAutomation/166//#testresult/aa2adc87c97f706d","status":"skipped","statusDetails":"XFAIL\n\nselenium.common.exceptions.NoSuchElementException: Message: no such element: Unable to locate element: {\"method\":\"xpath\",\"selector\":\"(//a[@class='add-to-cart yellow-btn'])[1]\"}\n  (Session info: chrome-headless-shell=120.0.6099.109); For documentation on this error, please visit: https://www.selenium.dev/documentation/webdriver/troubleshooting/errors#no-such-element-exception\nStacktrace:\n#0 0x55cef2c42f83 <unknown>\n#1 0x55cef28fbcf7 <unknown>\n#2 0x55cef294b99e <unknown>\n#3 0x55cef294baa1 <unknown>\n#4 0x55cef2996d64 <unknown>\n#5 0x55cef29750dd <unknown>\n#6 0x55cef2994006 <unknown>\n#7 0x55cef2974e53 <unknown>\n#8 0x55cef293cdd4 <unknown>\n#9 0x55cef293e1de <unknown>\n#10 0x55cef2c07531 <unknown>\n#11 0x55cef2c0b455 <unknown>\n#12 0x55cef2bf3f55 <unknown>\n#13 0x55cef2c0c0ef <unknown>\n#14 0x55cef2bd799f <unknown>\n#15 0x55cef2c30008 <unknown>\n#16 0x55cef2c301d7 <unknown>\n#17 0x55cef2c42124 <unknown>\n#18 0x7f8c31f6a044 <unknown>","time":{"start":1703465805049,"stop":1703465805506,"duration":457}},{"uid":"a70ca2b9f9ad35e3","reportUrl":"https://Nat754.github.io/StroyremAutomation/165//#testresult/a70ca2b9f9ad35e3","status":"skipped","statusDetails":"XFAIL\n\nselenium.common.exceptions.NoSuchElementException: Message: no such element: Unable to locate element: {\"method\":\"xpath\",\"selector\":\"(//a[@class='add-to-cart yellow-btn'])[1]\"}\n  (Session info: chrome-headless-shell=120.0.6099.109); For documentation on this error, please visit: https://www.selenium.dev/documentation/webdriver/troubleshooting/errors#no-such-element-exception\nStacktrace:\n#0 0x5570635e2f83 <unknown>\n#1 0x55706329bcf7 <unknown>\n#2 0x5570632eb99e <unknown>\n#3 0x5570632ebaa1 <unknown>\n#4 0x557063336d64 <unknown>\n#5 0x5570633150dd <unknown>\n#6 0x557063334006 <unknown>\n#7 0x557063314e53 <unknown>\n#8 0x5570632dcdd4 <unknown>\n#9 0x5570632de1de <unknown>\n#10 0x5570635a7531 <unknown>\n#11 0x5570635ab455 <unknown>\n#12 0x557063593f55 <unknown>\n#13 0x5570635ac0ef <unknown>\n#14 0x55706357799f <unknown>\n#15 0x5570635d0008 <unknown>\n#16 0x5570635d01d7 <unknown>\n#17 0x5570635e2124 <unknown>\n#18 0x7f4181f05044 <unknown>","time":{"start":1703379541025,"stop":1703379541711,"duration":686}},{"uid":"4a6dd01952f177c2","reportUrl":"https://Nat754.github.io/StroyremAutomation/164//#testresult/4a6dd01952f177c2","status":"skipped","statusDetails":"XFAIL\n\nselenium.common.exceptions.NoSuchElementException: Message: no such element: Unable to locate element: {\"method\":\"xpath\",\"selector\":\"(//a[@class='add-to-cart yellow-btn'])[1]\"}\n  (Session info: chrome-headless-shell=120.0.6099.109); For documentation on this error, please visit: https://www.selenium.dev/documentation/webdriver/troubleshooting/errors#no-such-element-exception\nStacktrace:\n#0 0x55e6e9ebff83 <unknown>\n#1 0x55e6e9b78cf7 <unknown>\n#2 0x55e6e9bc899e <unknown>\n#3 0x55e6e9bc8aa1 <unknown>\n#4 0x55e6e9c13d64 <unknown>\n#5 0x55e6e9bf20dd <unknown>\n#6 0x55e6e9c11006 <unknown>\n#7 0x55e6e9bf1e53 <unknown>\n#8 0x55e6e9bb9dd4 <unknown>\n#9 0x55e6e9bbb1de <unknown>\n#10 0x55e6e9e84531 <unknown>\n#11 0x55e6e9e88455 <unknown>\n#12 0x55e6e9e70f55 <unknown>\n#13 0x55e6e9e890ef <unknown>\n#14 0x55e6e9e5499f <unknown>\n#15 0x55e6e9ead008 <unknown>\n#16 0x55e6e9ead1d7 <unknown>\n#17 0x55e6e9ebf124 <unknown>\n#18 0x7f40cc260044 <unknown>","time":{"start":1703292744324,"stop":1703292744671,"duration":347}},{"uid":"25486a8a21cac2d1","reportUrl":"https://Nat754.github.io/StroyremAutomation/163//#testresult/25486a8a21cac2d1","status":"skipped","statusDetails":"XFAIL\n\nselenium.common.exceptions.NoSuchElementException: Message: no such element: Unable to locate element: {\"method\":\"xpath\",\"selector\":\"(//a[@class='add-to-cart yellow-btn'])[1]\"}\n  (Session info: chrome-headless-shell=120.0.6099.109); For documentation on this error, please visit: https://www.selenium.dev/documentation/webdriver/troubleshooting/errors#no-such-element-exception\nStacktrace:\n#0 0x55fd0178df83 <unknown>\n#1 0x55fd01446cf7 <unknown>\n#2 0x55fd0149699e <unknown>\n#3 0x55fd01496aa1 <unknown>\n#4 0x55fd014e1d64 <unknown>\n#5 0x55fd014c00dd <unknown>\n#6 0x55fd014df006 <unknown>\n#7 0x55fd014bfe53 <unknown>\n#8 0x55fd01487dd4 <unknown>\n#9 0x55fd014891de <unknown>\n#10 0x55fd01752531 <unknown>\n#11 0x55fd01756455 <unknown>\n#12 0x55fd0173ef55 <unknown>\n#13 0x55fd017570ef <unknown>\n#14 0x55fd0172299f <unknown>\n#15 0x55fd0177b008 <unknown>\n#16 0x55fd0177b1d7 <unknown>\n#17 0x55fd0178d124 <unknown>\n#18 0x7f492ce1a044 <unknown>","time":{"start":1703206475003,"stop":1703206475362,"duration":359}},{"uid":"21f6f6f038221882","reportUrl":"https://Nat754.github.io/StroyremAutomation/162//#testresult/21f6f6f038221882","status":"skipped","statusDetails":"XFAIL\n\nselenium.common.exceptions.NoSuchElementException: Message: no such element: Unable to locate element: {\"method\":\"xpath\",\"selector\":\"(//a[@class='add-to-cart yellow-btn'])[1]\"}\n  (Session info: chrome-headless-shell=120.0.6099.109); For documentation on this error, please visit: https://www.selenium.dev/documentation/webdriver/troubleshooting/errors#no-such-element-exception\nStacktrace:\n#0 0x55c605512f83 <unknown>\n#1 0x55c6051cbcf7 <unknown>\n#2 0x55c60521b99e <unknown>\n#3 0x55c60521baa1 <unknown>\n#4 0x55c605266d64 <unknown>\n#5 0x55c6052450dd <unknown>\n#6 0x55c605264006 <unknown>\n#7 0x55c605244e53 <unknown>\n#8 0x55c60520cdd4 <unknown>\n#9 0x55c60520e1de <unknown>\n#10 0x55c6054d7531 <unknown>\n#11 0x55c6054db455 <unknown>\n#12 0x55c6054c3f55 <unknown>\n#13 0x55c6054dc0ef <unknown>\n#14 0x55c6054a799f <unknown>\n#15 0x55c605500008 <unknown>\n#16 0x55c6055001d7 <unknown>\n#17 0x55c605512124 <unknown>\n#18 0x7fc71922c044 <unknown>","time":{"start":1703120094977,"stop":1703120095380,"duration":403}}]},"tags":["@pytest.mark.xfail","smoke_test"]},"source":"7b083a148c66bf28.json","parameterValues":["5980","166","'TD 022'","5490","'products/shtukaturka-gipsovaya-aksolit-m50-30-kg-mashinnogo-naneseniya'","2800","'https://sandboxtest.stroyrem-nn.ru/'","5000"]}