{"uid":"c9140989f045a34a","name":"test_positive_delivery_green_zone_smoke[TD 001-products/uroven---uglomer-elektronnyj-kapro-992-1-30-0-1590-2190-https://sandboxtest.stroyrem-nn.ru/]","fullName":"tests.delivery.test_delivery_calculation.TestDeliveryPageCalculation#test_positive_delivery_green_zone_smoke","historyId":"7d50f9d85ab9724fc9bef1ba931d63a5","time":{"start":1722906044609,"stop":1722906045025,"duration":416},"status":"skipped","statusMessage":"XFAIL\n\nselenium.common.exceptions.NoSuchElementException: Message: no such element: Unable to locate element: {\"method\":\"xpath\",\"selector\":\"(//a[@class='add-to-cart yellow-btn'])[1]\"}\n  (Session info: chrome-headless-shell=127.0.6533.88); For documentation on this error, please visit: https://www.selenium.dev/documentation/webdriver/troubleshooting/errors#no-such-element-exception\nStacktrace:\n#0 0x5564b6fb271a <unknown>\n#1 0x5564b6c83640 <unknown>\n#2 0x5564b6cd2c0b <unknown>\n#3 0x5564b6cd2ef1 <unknown>\n#4 0x5564b6d16b64 <unknown>\n#5 0x5564b6cf590d <unknown>\n#6 0x5564b6d1408a <unknown>\n#7 0x5564b6cf5683 <unknown>\n#8 0x5564b6cc5d71 <unknown>\n#9 0x5564b6cc67de <unknown>\n#10 0x5564b6f7a2ab <unknown>\n#11 0x5564b6f7e242 <unknown>\n#12 0x5564b6f67665 <unknown>\n#13 0x5564b6f7edd2 <unknown>\n#14 0x5564b6f4c2af <unknown>\n#15 0x5564b6fa1eb8 <unknown>\n#16 0x5564b6fa2090 <unknown>\n#17 0x5564b6fb14ec <unknown>\n#18 0x7fdb08460134 <unknown>","statusTrace":"self = <tests.delivery.test_delivery_calculation.TestDeliveryPageCalculation object at 0x7f16ff7bed50>\ndriver = <selenium.webdriver.chrome.webdriver.WebDriver (session=\"4b5974c5c4c0a65fe1233f127ffda650\")>\nurl = 'https://sandboxtest.stroyrem-nn.ru/', case_id = 'TD 001'\nlink_item = 'products/uroven---uglomer-elektronnyj-kapro-992', amount = 1\nweight = 30, standard = 0, in_time = 1590, all_time = 2190\n\n    @pytest.mark.parametrize('case_id, link_item, amount, weight, standard, in_time, all_time', [\n        (\"TD 001\", uroven_3000, 1, 30, 0, 1590, 2190),\n        (\"TD 002\", bundeks_25, 1, 30, 400, 1590, 2190),\n        (\"TD 003\", aksolit_30, 8, 300, 400, 1590, 2190),\n        (\"TD 004\", aksolit_30, 13, 400, 450, 1590, 2190),\n        (\"TD 005\", aksolit_30, 16, 500, 600, 1590, 2190),\n        (\"TD 006\", aksolit_30, 25, 1700, 990, 1990, 2480),\n        (\"TD 007\", aksolit_30, 66, 2000, 1300, 2490, 2980),\n        (\"TD 008\", aksolit_30, 149, 4500, 2300, 3980, 4490),\n        (\"TD 009\", aksolit_30, 166, 5000, 2500, 4990, 5480),\n        pytest.param(\n            \"TD 010\", aksolit_30, 206, 6200, 2900, 5570, 6120,\n            marks=pytest.mark.xfail(reson=\"Цена доставки 3600 7960 8980\")\n        ),\n        (\"TD 011\", aksolit_30, 299, 9000, 3600, 7960, 8980),\n        (\"TD 012\", aksolit_30, 333, 10000, 4450, 11990, 12500),\n        pytest.param(\n            \"TD 013\", aksolit_30, 366, 11000, 4800, 12450, 13480,\n            marks=pytest.mark.xfail(reason=\"Цена стандартной доставки 4450\")\n        ),\n        pytest.param(\n            \"TD 014\", aksolit_30, 666, 20000, 5400, 15600, 17490,\n            marks=pytest.mark.xfail(reason=\"Цена стандартной доставки 4450\")\n        )\n    ])\n    @pytest.mark.xfail\n    @pytest.mark.smoke_test\n    def test_positive_delivery_green_zone_smoke(\n            self, driver, url, case_id, link_item, amount, weight, standard, in_time, all_time\n    ):\n    \n        driver.get(f'{url}{link_item}')\n        item_page = ItemPage(driver)\n>       item_page.add_item_to_cart(amount).click_on_cart()\n\ntests/delivery/test_delivery_calculation.py:50: \n_ _ _ _ _ _ _ _ _ _ _ _ _ _ _ _ _ _ _ _ _ _ _ _ _ _ _ _ _ _ _ _ _ _ _ _ _ _ _ _ \npages/item_page.py:40: in add_item_to_cart\n    self.find_element(self._add_item).click()\nbase/seleniumbase.py:17: in find_element\n    return self.driver.find_element(*locator)\n/usr/local/lib/python3.11/site-packages/selenium/webdriver/remote/webdriver.py:739: in find_element\n    return self.execute(Command.FIND_ELEMENT, {\"using\": by, \"value\": value})[\"value\"]\n/usr/local/lib/python3.11/site-packages/selenium/webdriver/remote/webdriver.py:345: in execute\n    self.error_handler.check_response(response)\n_ _ _ _ _ _ _ _ _ _ _ _ _ _ _ _ _ _ _ _ _ _ _ _ _ _ _ _ _ _ _ _ _ _ _ _ _ _ _ _ \n\nself = <selenium.webdriver.remote.errorhandler.ErrorHandler object at 0x7f16ff54cf90>\nresponse = {'status': 404, 'value': '{\"value\":{\"error\":\"no such element\",\"message\":\"no such element: Unable to locate element: {\\...\\\\n#16 0x5564b6fa2090 \\\\u003Cunknown>\\\\n#17 0x5564b6fb14ec \\\\u003Cunknown>\\\\n#18 0x7fdb08460134 \\\\u003Cunknown>\\\\n\"}}'}\n\n    def check_response(self, response: Dict[str, Any]) -> None:\n        \"\"\"Checks that a JSON response from the WebDriver does not have an\n        error.\n    \n        :Args:\n         - response - The JSON response from the WebDriver server as a dictionary\n           object.\n    \n        :Raises: If the response contains an error message.\n        \"\"\"\n        status = response.get(\"status\", None)\n        if not status or status == ErrorCode.SUCCESS:\n            return\n        value = None\n        message = response.get(\"message\", \"\")\n        screen: str = response.get(\"screen\", \"\")\n        stacktrace = None\n        if isinstance(status, int):\n            value_json = response.get(\"value\", None)\n            if value_json and isinstance(value_json, str):\n                import json\n    \n                try:\n                    value = json.loads(value_json)\n                    if len(value) == 1:\n                        value = value[\"value\"]\n                    status = value.get(\"error\", None)\n                    if not status:\n                        status = value.get(\"status\", ErrorCode.UNKNOWN_ERROR)\n                        message = value.get(\"value\") or value.get(\"message\")\n                        if not isinstance(message, str):\n                            value = message\n                            message = message.get(\"message\")\n                    else:\n                        message = value.get(\"message\", None)\n                except ValueError:\n                    pass\n    \n        exception_class: Type[WebDriverException]\n        e = ErrorCode()\n        error_codes = [item for item in dir(e) if not item.startswith(\"__\")]\n        for error_code in error_codes:\n            error_info = getattr(ErrorCode, error_code)\n            if isinstance(error_info, list) and status in error_info:\n                exception_class = getattr(ExceptionMapping, error_code, WebDriverException)\n                break\n        else:\n            exception_class = WebDriverException\n    \n        if not value:\n            value = response[\"value\"]\n        if isinstance(value, str):\n            raise exception_class(value)\n        if message == \"\" and \"message\" in value:\n            message = value[\"message\"]\n    \n        screen = None  # type: ignore[assignment]\n        if \"screen\" in value:\n            screen = value[\"screen\"]\n    \n        stacktrace = None\n        st_value = value.get(\"stackTrace\") or value.get(\"stacktrace\")\n        if st_value:\n            if isinstance(st_value, str):\n                stacktrace = st_value.split(\"\\n\")\n            else:\n                stacktrace = []\n                try:\n                    for frame in st_value:\n                        line = frame.get(\"lineNumber\", \"\")\n                        file = frame.get(\"fileName\", \"<anonymous>\")\n                        if line:\n                            file = f\"{file}:{line}\"\n                        meth = frame.get(\"methodName\", \"<anonymous>\")\n                        if \"className\" in frame:\n                            meth = f\"{frame['className']}.{meth}\"\n                        msg = \"    at %s (%s)\"\n                        msg = msg % (meth, file)\n                        stacktrace.append(msg)\n                except TypeError:\n                    pass\n        if exception_class == UnexpectedAlertPresentException:\n            alert_text = None\n            if \"data\" in value:\n                alert_text = value[\"data\"].get(\"text\")\n            elif \"alert\" in value:\n                alert_text = value[\"alert\"].get(\"text\")\n            raise exception_class(message, screen, stacktrace, alert_text)  # type: ignore[call-arg]  # mypy is not smart enough here\n>       raise exception_class(message, screen, stacktrace)\nE       selenium.common.exceptions.NoSuchElementException: Message: no such element: Unable to locate element: {\"method\":\"xpath\",\"selector\":\"(//a[@class='add-to-cart yellow-btn'])[1]\"}\nE         (Session info: chrome-headless-shell=127.0.6533.88); For documentation on this error, please visit: https://www.selenium.dev/documentation/webdriver/troubleshooting/errors#no-such-element-exception\nE       Stacktrace:\nE       #0 0x5564b6fb271a <unknown>\nE       #1 0x5564b6c83640 <unknown>\nE       #2 0x5564b6cd2c0b <unknown>\nE       #3 0x5564b6cd2ef1 <unknown>\nE       #4 0x5564b6d16b64 <unknown>\nE       #5 0x5564b6cf590d <unknown>\nE       #6 0x5564b6d1408a <unknown>\nE       #7 0x5564b6cf5683 <unknown>\nE       #8 0x5564b6cc5d71 <unknown>\nE       #9 0x5564b6cc67de <unknown>\nE       #10 0x5564b6f7a2ab <unknown>\nE       #11 0x5564b6f7e242 <unknown>\nE       #12 0x5564b6f67665 <unknown>\nE       #13 0x5564b6f7edd2 <unknown>\nE       #14 0x5564b6f4c2af <unknown>\nE       #15 0x5564b6fa1eb8 <unknown>\nE       #16 0x5564b6fa2090 <unknown>\nE       #17 0x5564b6fb14ec <unknown>\nE       #18 0x7fdb08460134 <unknown>\n\n/usr/local/lib/python3.11/site-packages/selenium/webdriver/remote/errorhandler.py:229: NoSuchElementException","flaky":false,"newFailed":false,"newBroken":false,"newPassed":false,"retriesCount":0,"retriesStatusChange":false,"beforeStages":[{"name":"_session_faker","time":{"start":1722905802869,"stop":1722905802938,"duration":69},"status":"passed","steps":[],"attachments":[],"parameters":[],"stepsCount":0,"attachmentsCount":0,"hasContent":false,"attachmentStep":false,"shouldDisplayMessage":false},{"name":"clear_allure_results_folder","time":{"start":1722905802938,"stop":1722905802938,"duration":0},"status":"passed","steps":[],"attachments":[],"parameters":[],"stepsCount":0,"attachmentsCount":0,"hasContent":false,"attachmentStep":false,"shouldDisplayMessage":false},{"name":"driver","time":{"start":1722906043918,"stop":1722906044608,"duration":690},"status":"passed","steps":[],"attachments":[],"parameters":[],"stepsCount":0,"attachmentsCount":0,"hasContent":false,"attachmentStep":false,"shouldDisplayMessage":false},{"name":"setup","time":{"start":1722906044608,"stop":1722906044608,"duration":0},"status":"passed","steps":[],"attachments":[],"parameters":[],"stepsCount":0,"attachmentsCount":0,"hasContent":false,"attachmentStep":false,"shouldDisplayMessage":false}],"testStage":{"status":"skipped","statusMessage":"XFAIL\n\nselenium.common.exceptions.NoSuchElementException: Message: no such element: Unable to locate element: {\"method\":\"xpath\",\"selector\":\"(//a[@class='add-to-cart yellow-btn'])[1]\"}\n  (Session info: chrome-headless-shell=127.0.6533.88); For documentation on this error, please visit: https://www.selenium.dev/documentation/webdriver/troubleshooting/errors#no-such-element-exception\nStacktrace:\n#0 0x5564b6fb271a <unknown>\n#1 0x5564b6c83640 <unknown>\n#2 0x5564b6cd2c0b <unknown>\n#3 0x5564b6cd2ef1 <unknown>\n#4 0x5564b6d16b64 <unknown>\n#5 0x5564b6cf590d <unknown>\n#6 0x5564b6d1408a <unknown>\n#7 0x5564b6cf5683 <unknown>\n#8 0x5564b6cc5d71 <unknown>\n#9 0x5564b6cc67de <unknown>\n#10 0x5564b6f7a2ab <unknown>\n#11 0x5564b6f7e242 <unknown>\n#12 0x5564b6f67665 <unknown>\n#13 0x5564b6f7edd2 <unknown>\n#14 0x5564b6f4c2af <unknown>\n#15 0x5564b6fa1eb8 <unknown>\n#16 0x5564b6fa2090 <unknown>\n#17 0x5564b6fb14ec <unknown>\n#18 0x7fdb08460134 <unknown>","statusTrace":"self = <tests.delivery.test_delivery_calculation.TestDeliveryPageCalculation object at 0x7f16ff7bed50>\ndriver = <selenium.webdriver.chrome.webdriver.WebDriver (session=\"4b5974c5c4c0a65fe1233f127ffda650\")>\nurl = 'https://sandboxtest.stroyrem-nn.ru/', case_id = 'TD 001'\nlink_item = 'products/uroven---uglomer-elektronnyj-kapro-992', amount = 1\nweight = 30, standard = 0, in_time = 1590, all_time = 2190\n\n    @pytest.mark.parametrize('case_id, link_item, amount, weight, standard, in_time, all_time', [\n        (\"TD 001\", uroven_3000, 1, 30, 0, 1590, 2190),\n        (\"TD 002\", bundeks_25, 1, 30, 400, 1590, 2190),\n        (\"TD 003\", aksolit_30, 8, 300, 400, 1590, 2190),\n        (\"TD 004\", aksolit_30, 13, 400, 450, 1590, 2190),\n        (\"TD 005\", aksolit_30, 16, 500, 600, 1590, 2190),\n        (\"TD 006\", aksolit_30, 25, 1700, 990, 1990, 2480),\n        (\"TD 007\", aksolit_30, 66, 2000, 1300, 2490, 2980),\n        (\"TD 008\", aksolit_30, 149, 4500, 2300, 3980, 4490),\n        (\"TD 009\", aksolit_30, 166, 5000, 2500, 4990, 5480),\n        pytest.param(\n            \"TD 010\", aksolit_30, 206, 6200, 2900, 5570, 6120,\n            marks=pytest.mark.xfail(reson=\"Цена доставки 3600 7960 8980\")\n        ),\n        (\"TD 011\", aksolit_30, 299, 9000, 3600, 7960, 8980),\n        (\"TD 012\", aksolit_30, 333, 10000, 4450, 11990, 12500),\n        pytest.param(\n            \"TD 013\", aksolit_30, 366, 11000, 4800, 12450, 13480,\n            marks=pytest.mark.xfail(reason=\"Цена стандартной доставки 4450\")\n        ),\n        pytest.param(\n            \"TD 014\", aksolit_30, 666, 20000, 5400, 15600, 17490,\n            marks=pytest.mark.xfail(reason=\"Цена стандартной доставки 4450\")\n        )\n    ])\n    @pytest.mark.xfail\n    @pytest.mark.smoke_test\n    def test_positive_delivery_green_zone_smoke(\n            self, driver, url, case_id, link_item, amount, weight, standard, in_time, all_time\n    ):\n    \n        driver.get(f'{url}{link_item}')\n        item_page = ItemPage(driver)\n>       item_page.add_item_to_cart(amount).click_on_cart()\n\ntests/delivery/test_delivery_calculation.py:50: \n_ _ _ _ _ _ _ _ _ _ _ _ _ _ _ _ _ _ _ _ _ _ _ _ _ _ _ _ _ _ _ _ _ _ _ _ _ _ _ _ \npages/item_page.py:40: in add_item_to_cart\n    self.find_element(self._add_item).click()\nbase/seleniumbase.py:17: in find_element\n    return self.driver.find_element(*locator)\n/usr/local/lib/python3.11/site-packages/selenium/webdriver/remote/webdriver.py:739: in find_element\n    return self.execute(Command.FIND_ELEMENT, {\"using\": by, \"value\": value})[\"value\"]\n/usr/local/lib/python3.11/site-packages/selenium/webdriver/remote/webdriver.py:345: in execute\n    self.error_handler.check_response(response)\n_ _ _ _ _ _ _ _ _ _ _ _ _ _ _ _ _ _ _ _ _ _ _ _ _ _ _ _ _ _ _ _ _ _ _ _ _ _ _ _ \n\nself = <selenium.webdriver.remote.errorhandler.ErrorHandler object at 0x7f16ff54cf90>\nresponse = {'status': 404, 'value': '{\"value\":{\"error\":\"no such element\",\"message\":\"no such element: Unable to locate element: {\\...\\\\n#16 0x5564b6fa2090 \\\\u003Cunknown>\\\\n#17 0x5564b6fb14ec \\\\u003Cunknown>\\\\n#18 0x7fdb08460134 \\\\u003Cunknown>\\\\n\"}}'}\n\n    def check_response(self, response: Dict[str, Any]) -> None:\n        \"\"\"Checks that a JSON response from the WebDriver does not have an\n        error.\n    \n        :Args:\n         - response - The JSON response from the WebDriver server as a dictionary\n           object.\n    \n        :Raises: If the response contains an error message.\n        \"\"\"\n        status = response.get(\"status\", None)\n        if not status or status == ErrorCode.SUCCESS:\n            return\n        value = None\n        message = response.get(\"message\", \"\")\n        screen: str = response.get(\"screen\", \"\")\n        stacktrace = None\n        if isinstance(status, int):\n            value_json = response.get(\"value\", None)\n            if value_json and isinstance(value_json, str):\n                import json\n    \n                try:\n                    value = json.loads(value_json)\n                    if len(value) == 1:\n                        value = value[\"value\"]\n                    status = value.get(\"error\", None)\n                    if not status:\n                        status = value.get(\"status\", ErrorCode.UNKNOWN_ERROR)\n                        message = value.get(\"value\") or value.get(\"message\")\n                        if not isinstance(message, str):\n                            value = message\n                            message = message.get(\"message\")\n                    else:\n                        message = value.get(\"message\", None)\n                except ValueError:\n                    pass\n    \n        exception_class: Type[WebDriverException]\n        e = ErrorCode()\n        error_codes = [item for item in dir(e) if not item.startswith(\"__\")]\n        for error_code in error_codes:\n            error_info = getattr(ErrorCode, error_code)\n            if isinstance(error_info, list) and status in error_info:\n                exception_class = getattr(ExceptionMapping, error_code, WebDriverException)\n                break\n        else:\n            exception_class = WebDriverException\n    \n        if not value:\n            value = response[\"value\"]\n        if isinstance(value, str):\n            raise exception_class(value)\n        if message == \"\" and \"message\" in value:\n            message = value[\"message\"]\n    \n        screen = None  # type: ignore[assignment]\n        if \"screen\" in value:\n            screen = value[\"screen\"]\n    \n        stacktrace = None\n        st_value = value.get(\"stackTrace\") or value.get(\"stacktrace\")\n        if st_value:\n            if isinstance(st_value, str):\n                stacktrace = st_value.split(\"\\n\")\n            else:\n                stacktrace = []\n                try:\n                    for frame in st_value:\n                        line = frame.get(\"lineNumber\", \"\")\n                        file = frame.get(\"fileName\", \"<anonymous>\")\n                        if line:\n                            file = f\"{file}:{line}\"\n                        meth = frame.get(\"methodName\", \"<anonymous>\")\n                        if \"className\" in frame:\n                            meth = f\"{frame['className']}.{meth}\"\n                        msg = \"    at %s (%s)\"\n                        msg = msg % (meth, file)\n                        stacktrace.append(msg)\n                except TypeError:\n                    pass\n        if exception_class == UnexpectedAlertPresentException:\n            alert_text = None\n            if \"data\" in value:\n                alert_text = value[\"data\"].get(\"text\")\n            elif \"alert\" in value:\n                alert_text = value[\"alert\"].get(\"text\")\n            raise exception_class(message, screen, stacktrace, alert_text)  # type: ignore[call-arg]  # mypy is not smart enough here\n>       raise exception_class(message, screen, stacktrace)\nE       selenium.common.exceptions.NoSuchElementException: Message: no such element: Unable to locate element: {\"method\":\"xpath\",\"selector\":\"(//a[@class='add-to-cart yellow-btn'])[1]\"}\nE         (Session info: chrome-headless-shell=127.0.6533.88); For documentation on this error, please visit: https://www.selenium.dev/documentation/webdriver/troubleshooting/errors#no-such-element-exception\nE       Stacktrace:\nE       #0 0x5564b6fb271a <unknown>\nE       #1 0x5564b6c83640 <unknown>\nE       #2 0x5564b6cd2c0b <unknown>\nE       #3 0x5564b6cd2ef1 <unknown>\nE       #4 0x5564b6d16b64 <unknown>\nE       #5 0x5564b6cf590d <unknown>\nE       #6 0x5564b6d1408a <unknown>\nE       #7 0x5564b6cf5683 <unknown>\nE       #8 0x5564b6cc5d71 <unknown>\nE       #9 0x5564b6cc67de <unknown>\nE       #10 0x5564b6f7a2ab <unknown>\nE       #11 0x5564b6f7e242 <unknown>\nE       #12 0x5564b6f67665 <unknown>\nE       #13 0x5564b6f7edd2 <unknown>\nE       #14 0x5564b6f4c2af <unknown>\nE       #15 0x5564b6fa1eb8 <unknown>\nE       #16 0x5564b6fa2090 <unknown>\nE       #17 0x5564b6fb14ec <unknown>\nE       #18 0x7fdb08460134 <unknown>\n\n/usr/local/lib/python3.11/site-packages/selenium/webdriver/remote/errorhandler.py:229: NoSuchElementException","steps":[{"name":"Добавляем товар в корзину в количестве 1","time":{"start":1722906045007,"stop":1722906045024,"duration":17},"status":"broken","statusMessage":"selenium.common.exceptions.NoSuchElementException: Message: no such element: Unable to locate element: {\"method\":\"xpath\",\"selector\":\"(//a[@class='add-to-cart yellow-btn'])[1]\"}\n  (Session info: chrome-headless-shell=127.0.6533.88); For documentation on this error, please visit: https://www.selenium.dev/documentation/webdriver/troubleshooting/errors#no-such-element-exception\nStacktrace:\n#0 0x5564b6fb271a <unknown>\n#1 0x5564b6c83640 <unknown>\n#2 0x5564b6cd2c0b <unknown>\n#3 0x5564b6cd2ef1 <unknown>\n#4 0x5564b6d16b64 <unknown>\n#5 0x5564b6cf590d <unknown>\n#6 0x5564b6d1408a <unknown>\n#7 0x5564b6cf5683 <unknown>\n#8 0x5564b6cc5d71 <unknown>\n#9 0x5564b6cc67de <unknown>\n#10 0x5564b6f7a2ab <unknown>\n#11 0x5564b6f7e242 <unknown>\n#12 0x5564b6f67665 <unknown>\n#13 0x5564b6f7edd2 <unknown>\n#14 0x5564b6f4c2af <unknown>\n#15 0x5564b6fa1eb8 <unknown>\n#16 0x5564b6fa2090 <unknown>\n#17 0x5564b6fb14ec <unknown>\n#18 0x7fdb08460134 <unknown>\n\n","statusTrace":"  File \"/usr/local/lib/python3.11/site-packages/allure_commons/_allure.py\", line 192, in impl\n    return func(*a, **kw)\n           ^^^^^^^^^^^^^^\n  File \"/app/pages/item_page.py\", line 40, in add_item_to_cart\n    self.find_element(self._add_item).click()\n    ^^^^^^^^^^^^^^^^^^^^^^^^^^^^^^^^^\n  File \"/app/base/seleniumbase.py\", line 17, in find_element\n    return self.driver.find_element(*locator)\n           ^^^^^^^^^^^^^^^^^^^^^^^^^^^^^^^^^^\n  File \"/usr/local/lib/python3.11/site-packages/selenium/webdriver/remote/webdriver.py\", line 739, in find_element\n    return self.execute(Command.FIND_ELEMENT, {\"using\": by, \"value\": value})[\"value\"]\n           ^^^^^^^^^^^^^^^^^^^^^^^^^^^^^^^^^^^^^^^^^^^^^^^^^^^^^^^^^^^^^^^^^\n  File \"/usr/local/lib/python3.11/site-packages/selenium/webdriver/remote/webdriver.py\", line 345, in execute\n    self.error_handler.check_response(response)\n  File \"/usr/local/lib/python3.11/site-packages/selenium/webdriver/remote/errorhandler.py\", line 229, in check_response\n    raise exception_class(message, screen, stacktrace)\n","steps":[],"attachments":[],"parameters":[{"name":"amount","value":"1"}],"stepsCount":0,"attachmentsCount":0,"hasContent":true,"attachmentStep":false,"shouldDisplayMessage":true}],"attachments":[{"uid":"5f12cbd97b18c4ba","name":"Screenshot","source":"5f12cbd97b18c4ba.png","type":"image/png","size":4720},{"uid":"eca2f1987cc804fb","name":"HTML source","source":"eca2f1987cc804fb.html","type":"text/html","size":39}],"parameters":[],"stepsCount":1,"attachmentsCount":2,"hasContent":true,"attachmentStep":false,"shouldDisplayMessage":true},"afterStages":[{"name":"setup::0","time":{"start":1722906045115,"stop":1722906045115,"duration":0},"status":"passed","steps":[],"attachments":[],"parameters":[],"stepsCount":0,"attachmentsCount":0,"hasContent":false,"attachmentStep":false,"shouldDisplayMessage":false},{"name":"driver::0","time":{"start":1722906045115,"stop":1722906045175,"duration":60},"status":"passed","steps":[],"attachments":[],"parameters":[],"stepsCount":0,"attachmentsCount":0,"hasContent":false,"attachmentStep":false,"shouldDisplayMessage":false}],"labels":[{"name":"epic","value":"Delivery Page - calculation"},{"name":"tag","value":"smoke_test"},{"name":"tag","value":"@pytest.mark.xfail"},{"name":"parentSuite","value":"tests.delivery"},{"name":"suite","value":"test_delivery_calculation"},{"name":"subSuite","value":"TestDeliveryPageCalculation"},{"name":"host","value":"253b4ed51af2"},{"name":"thread","value":"1-MainThread"},{"name":"framework","value":"pytest"},{"name":"language","value":"cpython3"},{"name":"package","value":"tests.delivery.test_delivery_calculation"},{"name":"resultFormat","value":"allure2"}],"parameters":[{"name":"all_time","value":"2190"},{"name":"amount","value":"1"},{"name":"case_id","value":"'TD 001'"},{"name":"in_time","value":"1590"},{"name":"link_item","value":"'products/uroven---uglomer-elektronnyj-kapro-992'"},{"name":"standard","value":"0"},{"name":"url","value":"'https://sandboxtest.stroyrem-nn.ru/'"},{"name":"weight","value":"30"}],"links":[],"hidden":false,"retry":false,"extra":{"severity":"normal","retries":[],"categories":[],"history":{"statistic":{"failed":0,"broken":0,"skipped":69,"passed":0,"unknown":0,"total":69},"items":[{"uid":"8f986a109b0c0809","reportUrl":"https://Nat754.github.io/StroyremAutomation/390//#testresult/8f986a109b0c0809","status":"skipped","statusDetails":"XFAIL\n\nselenium.common.exceptions.NoSuchElementException: Message: no such element: Unable to locate element: {\"method\":\"xpath\",\"selector\":\"(//a[@class='add-to-cart yellow-btn'])[1]\"}\n  (Session info: chrome-headless-shell=127.0.6533.88); For documentation on this error, please visit: https://www.selenium.dev/documentation/webdriver/troubleshooting/errors#no-such-element-exception\nStacktrace:\n#0 0x55b8ae51671a <unknown>\n#1 0x55b8ae1e7640 <unknown>\n#2 0x55b8ae236c0b <unknown>\n#3 0x55b8ae236ef1 <unknown>\n#4 0x55b8ae27ab64 <unknown>\n#5 0x55b8ae25990d <unknown>\n#6 0x55b8ae27808a <unknown>\n#7 0x55b8ae259683 <unknown>\n#8 0x55b8ae229d71 <unknown>\n#9 0x55b8ae22a7de <unknown>\n#10 0x55b8ae4de2ab <unknown>\n#11 0x55b8ae4e2242 <unknown>\n#12 0x55b8ae4cb665 <unknown>\n#13 0x55b8ae4e2dd2 <unknown>\n#14 0x55b8ae4b02af <unknown>\n#15 0x55b8ae505eb8 <unknown>\n#16 0x55b8ae506090 <unknown>\n#17 0x55b8ae5154ec <unknown>\n#18 0x7f705e1ff134 <unknown>","time":{"start":1722819753614,"stop":1722819754029,"duration":415}},{"uid":"3648a1a49053be71","reportUrl":"https://Nat754.github.io/StroyremAutomation/389//#testresult/3648a1a49053be71","status":"skipped","statusDetails":"XFAIL\n\nselenium.common.exceptions.NoSuchElementException: Message: no such element: Unable to locate element: {\"method\":\"xpath\",\"selector\":\"(//a[@class='add-to-cart yellow-btn'])[1]\"}\n  (Session info: chrome-headless-shell=127.0.6533.88); For documentation on this error, please visit: https://www.selenium.dev/documentation/webdriver/troubleshooting/errors#no-such-element-exception\nStacktrace:\n#0 0x55b2e722871a <unknown>\n#1 0x55b2e6ef9640 <unknown>\n#2 0x55b2e6f48c0b <unknown>\n#3 0x55b2e6f48ef1 <unknown>\n#4 0x55b2e6f8cb64 <unknown>\n#5 0x55b2e6f6b90d <unknown>\n#6 0x55b2e6f8a08a <unknown>\n#7 0x55b2e6f6b683 <unknown>\n#8 0x55b2e6f3bd71 <unknown>\n#9 0x55b2e6f3c7de <unknown>\n#10 0x55b2e71f02ab <unknown>\n#11 0x55b2e71f4242 <unknown>\n#12 0x55b2e71dd665 <unknown>\n#13 0x55b2e71f4dd2 <unknown>\n#14 0x55b2e71c22af <unknown>\n#15 0x55b2e7217eb8 <unknown>\n#16 0x55b2e7218090 <unknown>\n#17 0x55b2e72274ec <unknown>\n#18 0x7fb067ee4134 <unknown>","time":{"start":1722733528988,"stop":1722733529602,"duration":614}},{"uid":"70b6917021e57662","reportUrl":"https://Nat754.github.io/StroyremAutomation/388//#testresult/70b6917021e57662","status":"skipped","statusDetails":"XFAIL\n\nselenium.common.exceptions.NoSuchElementException: Message: no such element: Unable to locate element: {\"method\":\"xpath\",\"selector\":\"(//a[@class='add-to-cart yellow-btn'])[1]\"}\n  (Session info: chrome-headless-shell=127.0.6533.88); For documentation on this error, please visit: https://www.selenium.dev/documentation/webdriver/troubleshooting/errors#no-such-element-exception\nStacktrace:\n#0 0x55f2751e871a <unknown>\n#1 0x55f274eb9640 <unknown>\n#2 0x55f274f08c0b <unknown>\n#3 0x55f274f08ef1 <unknown>\n#4 0x55f274f4cb64 <unknown>\n#5 0x55f274f2b90d <unknown>\n#6 0x55f274f4a08a <unknown>\n#7 0x55f274f2b683 <unknown>\n#8 0x55f274efbd71 <unknown>\n#9 0x55f274efc7de <unknown>\n#10 0x55f2751b02ab <unknown>\n#11 0x55f2751b4242 <unknown>\n#12 0x55f27519d665 <unknown>\n#13 0x55f2751b4dd2 <unknown>\n#14 0x55f2751822af <unknown>\n#15 0x55f2751d7eb8 <unknown>\n#16 0x55f2751d8090 <unknown>\n#17 0x55f2751e74ec <unknown>\n#18 0x7f41a70df134 <unknown>","time":{"start":1722646831957,"stop":1722646832568,"duration":611}},{"uid":"7225268c52dbefe6","reportUrl":"https://Nat754.github.io/StroyremAutomation/387//#testresult/7225268c52dbefe6","status":"skipped","statusDetails":"XFAIL\n\nselenium.common.exceptions.NoSuchElementException: Message: no such element: Unable to locate element: {\"method\":\"xpath\",\"selector\":\"(//a[@class='add-to-cart yellow-btn'])[1]\"}\n  (Session info: chrome-headless-shell=127.0.6533.88); For documentation on this error, please visit: https://www.selenium.dev/documentation/webdriver/troubleshooting/errors#no-such-element-exception\nStacktrace:\n#0 0x55b82432e71a <unknown>\n#1 0x55b823fff640 <unknown>\n#2 0x55b82404ec0b <unknown>\n#3 0x55b82404eef1 <unknown>\n#4 0x55b824092b64 <unknown>\n#5 0x55b82407190d <unknown>\n#6 0x55b82409008a <unknown>\n#7 0x55b824071683 <unknown>\n#8 0x55b824041d71 <unknown>\n#9 0x55b8240427de <unknown>\n#10 0x55b8242f62ab <unknown>\n#11 0x55b8242fa242 <unknown>\n#12 0x55b8242e3665 <unknown>\n#13 0x55b8242fadd2 <unknown>\n#14 0x55b8242c82af <unknown>\n#15 0x55b82431deb8 <unknown>\n#16 0x55b82431e090 <unknown>\n#17 0x55b82432d4ec <unknown>\n#18 0x7fc0b10f5134 <unknown>","time":{"start":1722560412898,"stop":1722560413420,"duration":522}},{"uid":"b19589f4ac138681","reportUrl":"https://Nat754.github.io/StroyremAutomation/386//#testresult/b19589f4ac138681","status":"skipped","statusDetails":"XFAIL\n\nselenium.common.exceptions.NoSuchElementException: Message: no such element: Unable to locate element: {\"method\":\"xpath\",\"selector\":\"(//a[@class='add-to-cart yellow-btn'])[1]\"}\n  (Session info: chrome-headless-shell=127.0.6533.88); For documentation on this error, please visit: https://www.selenium.dev/documentation/webdriver/troubleshooting/errors#no-such-element-exception\nStacktrace:\n#0 0x5625f7fcd71a <unknown>\n#1 0x5625f7c9e640 <unknown>\n#2 0x5625f7cedc0b <unknown>\n#3 0x5625f7cedef1 <unknown>\n#4 0x5625f7d31b64 <unknown>\n#5 0x5625f7d1090d <unknown>\n#6 0x5625f7d2f08a <unknown>\n#7 0x5625f7d10683 <unknown>\n#8 0x5625f7ce0d71 <unknown>\n#9 0x5625f7ce17de <unknown>\n#10 0x5625f7f952ab <unknown>\n#11 0x5625f7f99242 <unknown>\n#12 0x5625f7f82665 <unknown>\n#13 0x5625f7f99dd2 <unknown>\n#14 0x5625f7f672af <unknown>\n#15 0x5625f7fbceb8 <unknown>\n#16 0x5625f7fbd090 <unknown>\n#17 0x5625f7fcc4ec <unknown>\n#18 0x7f97754b3134 <unknown>","time":{"start":1722474322250,"stop":1722474322709,"duration":459}},{"uid":"892191c125440bc6","reportUrl":"https://Nat754.github.io/StroyremAutomation/385//#testresult/892191c125440bc6","status":"skipped","statusDetails":"XFAIL\n\nselenium.common.exceptions.NoSuchElementException: Message: no such element: Unable to locate element: {\"method\":\"xpath\",\"selector\":\"(//a[@class='add-to-cart yellow-btn'])[1]\"}\n  (Session info: chrome-headless-shell=127.0.6533.88); For documentation on this error, please visit: https://www.selenium.dev/documentation/webdriver/troubleshooting/errors#no-such-element-exception\nStacktrace:\n#0 0x55f6ea69371a <unknown>\n#1 0x55f6ea364640 <unknown>\n#2 0x55f6ea3b3c0b <unknown>\n#3 0x55f6ea3b3ef1 <unknown>\n#4 0x55f6ea3f7b64 <unknown>\n#5 0x55f6ea3d690d <unknown>\n#6 0x55f6ea3f508a <unknown>\n#7 0x55f6ea3d6683 <unknown>\n#8 0x55f6ea3a6d71 <unknown>\n#9 0x55f6ea3a77de <unknown>\n#10 0x55f6ea65b2ab <unknown>\n#11 0x55f6ea65f242 <unknown>\n#12 0x55f6ea648665 <unknown>\n#13 0x55f6ea65fdd2 <unknown>\n#14 0x55f6ea62d2af <unknown>\n#15 0x55f6ea682eb8 <unknown>\n#16 0x55f6ea683090 <unknown>\n#17 0x55f6ea6924ec <unknown>\n#18 0x7fa34d2d1134 <unknown>","time":{"start":1722387016578,"stop":1722387017140,"duration":562}},{"uid":"c74157164369f33c","reportUrl":"https://Nat754.github.io/StroyremAutomation/384//#testresult/c74157164369f33c","status":"skipped","statusDetails":"XFAIL\n\nselenium.common.exceptions.NoSuchElementException: Message: no such element: Unable to locate element: {\"method\":\"xpath\",\"selector\":\"(//a[@class='add-to-cart yellow-btn'])[1]\"}\n  (Session info: chrome-headless-shell=127.0.6533.72); For documentation on this error, please visit: https://www.selenium.dev/documentation/webdriver/troubleshooting/errors#no-such-element-exception\nStacktrace:\n#0 0x55be24b3e6ba <unknown>\n#1 0x55be2480e730 <unknown>\n#2 0x55be2485dd9b <unknown>\n#3 0x55be2485e081 <unknown>\n#4 0x55be248a1cd4 <unknown>\n#5 0x55be24880a7d <unknown>\n#6 0x55be2489f1ca <unknown>\n#7 0x55be248807f3 <unknown>\n#8 0x55be24850ec9 <unknown>\n#9 0x55be2485191e <unknown>\n#10 0x55be24b049eb <unknown>\n#11 0x55be24b08972 <unknown>\n#12 0x55be24af1e15 <unknown>\n#13 0x55be24b09502 <unknown>\n#14 0x55be24ad6d2f <unknown>\n#15 0x55be24b2d578 <unknown>\n#16 0x55be24b2d750 <unknown>\n#17 0x55be24b3d48c <unknown>\n#18 0x7f67603ca134 <unknown>","time":{"start":1722301201670,"stop":1722301202204,"duration":534}},{"uid":"b3afd682adec1e1","reportUrl":"https://Nat754.github.io/StroyremAutomation/383//#testresult/b3afd682adec1e1","status":"skipped","statusDetails":"XFAIL\n\nselenium.common.exceptions.NoSuchElementException: Message: no such element: Unable to locate element: {\"method\":\"xpath\",\"selector\":\"(//a[@class='add-to-cart yellow-btn'])[1]\"}\n  (Session info: chrome-headless-shell=127.0.6533.72); For documentation on this error, please visit: https://www.selenium.dev/documentation/webdriver/troubleshooting/errors#no-such-element-exception\nStacktrace:\n#0 0x5611ce1166ba <unknown>\n#1 0x5611cdde6730 <unknown>\n#2 0x5611cde35d9b <unknown>\n#3 0x5611cde36081 <unknown>\n#4 0x5611cde79cd4 <unknown>\n#5 0x5611cde58a7d <unknown>\n#6 0x5611cde771ca <unknown>\n#7 0x5611cde587f3 <unknown>\n#8 0x5611cde28ec9 <unknown>\n#9 0x5611cde2991e <unknown>\n#10 0x5611ce0dc9eb <unknown>\n#11 0x5611ce0e0972 <unknown>\n#12 0x5611ce0c9e15 <unknown>\n#13 0x5611ce0e1502 <unknown>\n#14 0x5611ce0aed2f <unknown>\n#15 0x5611ce105578 <unknown>\n#16 0x5611ce105750 <unknown>\n#17 0x5611ce11548c <unknown>\n#18 0x7f03487c3134 <unknown>","time":{"start":1722214894111,"stop":1722214894655,"duration":544}},{"uid":"e136c4aa5c261d93","reportUrl":"https://Nat754.github.io/StroyremAutomation/382//#testresult/e136c4aa5c261d93","status":"skipped","statusDetails":"XFAIL\n\nselenium.common.exceptions.NoSuchElementException: Message: no such element: Unable to locate element: {\"method\":\"xpath\",\"selector\":\"(//a[@class='add-to-cart yellow-btn'])[1]\"}\n  (Session info: chrome-headless-shell=127.0.6533.72); For documentation on this error, please visit: https://www.selenium.dev/documentation/webdriver/troubleshooting/errors#no-such-element-exception\nStacktrace:\n#0 0x5558d61116ba <unknown>\n#1 0x5558d5de1730 <unknown>\n#2 0x5558d5e30d9b <unknown>\n#3 0x5558d5e31081 <unknown>\n#4 0x5558d5e74cd4 <unknown>\n#5 0x5558d5e53a7d <unknown>\n#6 0x5558d5e721ca <unknown>\n#7 0x5558d5e537f3 <unknown>\n#8 0x5558d5e23ec9 <unknown>\n#9 0x5558d5e2491e <unknown>\n#10 0x5558d60d79eb <unknown>\n#11 0x5558d60db972 <unknown>\n#12 0x5558d60c4e15 <unknown>\n#13 0x5558d60dc502 <unknown>\n#14 0x5558d60a9d2f <unknown>\n#15 0x5558d6100578 <unknown>\n#16 0x5558d6100750 <unknown>\n#17 0x5558d611048c <unknown>\n#18 0x7fa43f3f9134 <unknown>","time":{"start":1722128689957,"stop":1722128690563,"duration":606}},{"uid":"d8eb1b33d4a2598e","reportUrl":"https://Nat754.github.io/StroyremAutomation/381//#testresult/d8eb1b33d4a2598e","status":"skipped","statusDetails":"XFAIL\n\nselenium.common.exceptions.NoSuchElementException: Message: no such element: Unable to locate element: {\"method\":\"xpath\",\"selector\":\"(//a[@class='add-to-cart yellow-btn'])[1]\"}\n  (Session info: chrome-headless-shell=127.0.6533.72); For documentation on this error, please visit: https://www.selenium.dev/documentation/webdriver/troubleshooting/errors#no-such-element-exception\nStacktrace:\n#0 0x55a2a97726ba <unknown>\n#1 0x55a2a9442730 <unknown>\n#2 0x55a2a9491d9b <unknown>\n#3 0x55a2a9492081 <unknown>\n#4 0x55a2a94d5cd4 <unknown>\n#5 0x55a2a94b4a7d <unknown>\n#6 0x55a2a94d31ca <unknown>\n#7 0x55a2a94b47f3 <unknown>\n#8 0x55a2a9484ec9 <unknown>\n#9 0x55a2a948591e <unknown>\n#10 0x55a2a97389eb <unknown>\n#11 0x55a2a973c972 <unknown>\n#12 0x55a2a9725e15 <unknown>\n#13 0x55a2a973d502 <unknown>\n#14 0x55a2a970ad2f <unknown>\n#15 0x55a2a9761578 <unknown>\n#16 0x55a2a9761750 <unknown>\n#17 0x55a2a977148c <unknown>\n#18 0x7fe2456ec134 <unknown>","time":{"start":1722041957868,"stop":1722041958285,"duration":417}},{"uid":"32b32a0e1fea8e19","reportUrl":"https://Nat754.github.io/StroyremAutomation/380//#testresult/32b32a0e1fea8e19","status":"skipped","statusDetails":"XFAIL\n\nselenium.common.exceptions.NoSuchElementException: Message: no such element: Unable to locate element: {\"method\":\"xpath\",\"selector\":\"(//a[@class='add-to-cart yellow-btn'])[1]\"}\n  (Session info: chrome-headless-shell=127.0.6533.72); For documentation on this error, please visit: https://www.selenium.dev/documentation/webdriver/troubleshooting/errors#no-such-element-exception\nStacktrace:\n#0 0x55e9067ef6ba <unknown>\n#1 0x55e9064bf730 <unknown>\n#2 0x55e90650ed9b <unknown>\n#3 0x55e90650f081 <unknown>\n#4 0x55e906552cd4 <unknown>\n#5 0x55e906531a7d <unknown>\n#6 0x55e9065501ca <unknown>\n#7 0x55e9065317f3 <unknown>\n#8 0x55e906501ec9 <unknown>\n#9 0x55e90650291e <unknown>\n#10 0x55e9067b59eb <unknown>\n#11 0x55e9067b9972 <unknown>\n#12 0x55e9067a2e15 <unknown>\n#13 0x55e9067ba502 <unknown>\n#14 0x55e906787d2f <unknown>\n#15 0x55e9067de578 <unknown>\n#16 0x55e9067de750 <unknown>\n#17 0x55e9067ee48c <unknown>\n#18 0x7f90d231b134 <unknown>","time":{"start":1721955565018,"stop":1721955565577,"duration":559}},{"uid":"b97dc71451608d6","reportUrl":"https://Nat754.github.io/StroyremAutomation/379//#testresult/b97dc71451608d6","status":"skipped","statusDetails":"XFAIL\n\nselenium.common.exceptions.NoSuchElementException: Message: no such element: Unable to locate element: {\"method\":\"xpath\",\"selector\":\"(//a[@class='add-to-cart yellow-btn'])[1]\"}\n  (Session info: chrome-headless-shell=127.0.6533.72); For documentation on this error, please visit: https://www.selenium.dev/documentation/webdriver/troubleshooting/errors#no-such-element-exception\nStacktrace:\n#0 0x55a4042686ba <unknown>\n#1 0x55a403f38730 <unknown>\n#2 0x55a403f87d9b <unknown>\n#3 0x55a403f88081 <unknown>\n#4 0x55a403fcbcd4 <unknown>\n#5 0x55a403faaa7d <unknown>\n#6 0x55a403fc91ca <unknown>\n#7 0x55a403faa7f3 <unknown>\n#8 0x55a403f7aec9 <unknown>\n#9 0x55a403f7b91e <unknown>\n#10 0x55a40422e9eb <unknown>\n#11 0x55a404232972 <unknown>\n#12 0x55a40421be15 <unknown>\n#13 0x55a404233502 <unknown>\n#14 0x55a404200d2f <unknown>\n#15 0x55a404257578 <unknown>\n#16 0x55a404257750 <unknown>\n#17 0x55a40426748c <unknown>\n#18 0x7f7c7da59134 <unknown>","time":{"start":1721869240301,"stop":1721869241936,"duration":1635}},{"uid":"ba0ca3cc9e5ab283","reportUrl":"https://Nat754.github.io/StroyremAutomation/378//#testresult/ba0ca3cc9e5ab283","status":"skipped","statusDetails":"XFAIL\n\nselenium.common.exceptions.NoSuchElementException: Message: no such element: Unable to locate element: {\"method\":\"xpath\",\"selector\":\"(//a[@class='add-to-cart yellow-btn'])[1]\"}\n  (Session info: chrome-headless-shell=127.0.6533.72); For documentation on this error, please visit: https://www.selenium.dev/documentation/webdriver/troubleshooting/errors#no-such-element-exception\nStacktrace:\n#0 0x55aea0e436ba <unknown>\n#1 0x55aea0b13730 <unknown>\n#2 0x55aea0b62d9b <unknown>\n#3 0x55aea0b63081 <unknown>\n#4 0x55aea0ba6cd4 <unknown>\n#5 0x55aea0b85a7d <unknown>\n#6 0x55aea0ba41ca <unknown>\n#7 0x55aea0b857f3 <unknown>\n#8 0x55aea0b55ec9 <unknown>\n#9 0x55aea0b5691e <unknown>\n#10 0x55aea0e099eb <unknown>\n#11 0x55aea0e0d972 <unknown>\n#12 0x55aea0df6e15 <unknown>\n#13 0x55aea0e0e502 <unknown>\n#14 0x55aea0ddbd2f <unknown>\n#15 0x55aea0e32578 <unknown>\n#16 0x55aea0e32750 <unknown>\n#17 0x55aea0e4248c <unknown>\n#18 0x7f2697219134 <unknown>","time":{"start":1721782895593,"stop":1721782896209,"duration":616}},{"uid":"311eaf734c6af29","reportUrl":"https://Nat754.github.io/StroyremAutomation/377//#testresult/311eaf734c6af29","status":"skipped","statusDetails":"XFAIL\n\nselenium.common.exceptions.NoSuchElementException: Message: no such element: Unable to locate element: {\"method\":\"xpath\",\"selector\":\"(//a[@class='add-to-cart yellow-btn'])[1]\"}\n  (Session info: chrome-headless-shell=126.0.6478.182); For documentation on this error, please visit: https://www.selenium.dev/documentation/webdriver/troubleshooting/errors#no-such-element-exception\nStacktrace:\n#0 0x561c0df36c5a <unknown>\n#1 0x561c0dc19e2c <unknown>\n#2 0x561c0dc66661 <unknown>\n#3 0x561c0dc66751 <unknown>\n#4 0x561c0dcaaf64 <unknown>\n#5 0x561c0dc895ed <unknown>\n#6 0x561c0dca8303 <unknown>\n#7 0x561c0dc89363 <unknown>\n#8 0x561c0dc59247 <unknown>\n#9 0x561c0dc59b9e <unknown>\n#10 0x561c0defd22b <unknown>\n#11 0x561c0df012d1 <unknown>\n#12 0x561c0dee8ade <unknown>\n#13 0x561c0df01e32 <unknown>\n#14 0x561c0decd77f <unknown>\n#15 0x561c0df26618 <unknown>\n#16 0x561c0df267f0 <unknown>\n#17 0x561c0df35d8c <unknown>\n#18 0x7f2a24a23134 <unknown>","time":{"start":1721696454309,"stop":1721696454876,"duration":567}},{"uid":"848bc95e52bcfe03","reportUrl":"https://Nat754.github.io/StroyremAutomation/376//#testresult/848bc95e52bcfe03","status":"skipped","statusDetails":"XFAIL\n\nselenium.common.exceptions.NoSuchElementException: Message: no such element: Unable to locate element: {\"method\":\"xpath\",\"selector\":\"(//a[@class='add-to-cart yellow-btn'])[1]\"}\n  (Session info: chrome-headless-shell=126.0.6478.182); For documentation on this error, please visit: https://www.selenium.dev/documentation/webdriver/troubleshooting/errors#no-such-element-exception\nStacktrace:\n#0 0x5645793bac5a <unknown>\n#1 0x56457909de2c <unknown>\n#2 0x5645790ea661 <unknown>\n#3 0x5645790ea751 <unknown>\n#4 0x56457912ef64 <unknown>\n#5 0x56457910d5ed <unknown>\n#6 0x56457912c303 <unknown>\n#7 0x56457910d363 <unknown>\n#8 0x5645790dd247 <unknown>\n#9 0x5645790ddb9e <unknown>\n#10 0x56457938122b <unknown>\n#11 0x5645793852d1 <unknown>\n#12 0x56457936cade <unknown>\n#13 0x564579385e32 <unknown>\n#14 0x56457935177f <unknown>\n#15 0x5645793aa618 <unknown>\n#16 0x5645793aa7f0 <unknown>\n#17 0x5645793b9d8c <unknown>\n#18 0x7f5764767134 <unknown>","time":{"start":1721610148823,"stop":1721610149593,"duration":770}},{"uid":"3a94c51399bee465","reportUrl":"https://Nat754.github.io/StroyremAutomation/375//#testresult/3a94c51399bee465","status":"skipped","statusDetails":"XFAIL\n\nselenium.common.exceptions.NoSuchElementException: Message: no such element: Unable to locate element: {\"method\":\"xpath\",\"selector\":\"(//a[@class='add-to-cart yellow-btn'])[1]\"}\n  (Session info: chrome-headless-shell=126.0.6478.182); For documentation on this error, please visit: https://www.selenium.dev/documentation/webdriver/troubleshooting/errors#no-such-element-exception\nStacktrace:\n#0 0x563c54ae0c5a <unknown>\n#1 0x563c547c3e2c <unknown>\n#2 0x563c54810661 <unknown>\n#3 0x563c54810751 <unknown>\n#4 0x563c54854f64 <unknown>\n#5 0x563c548335ed <unknown>\n#6 0x563c54852303 <unknown>\n#7 0x563c54833363 <unknown>\n#8 0x563c54803247 <unknown>\n#9 0x563c54803b9e <unknown>\n#10 0x563c54aa722b <unknown>\n#11 0x563c54aab2d1 <unknown>\n#12 0x563c54a92ade <unknown>\n#13 0x563c54aabe32 <unknown>\n#14 0x563c54a7777f <unknown>\n#15 0x563c54ad0618 <unknown>\n#16 0x563c54ad07f0 <unknown>\n#17 0x563c54adfd8c <unknown>\n#18 0x7fed28fc8134 <unknown>","time":{"start":1721523858904,"stop":1721523859305,"duration":401}},{"uid":"d1dd783395053240","reportUrl":"https://Nat754.github.io/StroyremAutomation/374//#testresult/d1dd783395053240","status":"skipped","statusDetails":"XFAIL\n\nselenium.common.exceptions.NoSuchElementException: Message: no such element: Unable to locate element: {\"method\":\"xpath\",\"selector\":\"(//a[@class='add-to-cart yellow-btn'])[1]\"}\n  (Session info: chrome-headless-shell=126.0.6478.182); For documentation on this error, please visit: https://www.selenium.dev/documentation/webdriver/troubleshooting/errors#no-such-element-exception\nStacktrace:\n#0 0x55b0f9199c5a <unknown>\n#1 0x55b0f8e7ce2c <unknown>\n#2 0x55b0f8ec9661 <unknown>\n#3 0x55b0f8ec9751 <unknown>\n#4 0x55b0f8f0df64 <unknown>\n#5 0x55b0f8eec5ed <unknown>\n#6 0x55b0f8f0b303 <unknown>\n#7 0x55b0f8eec363 <unknown>\n#8 0x55b0f8ebc247 <unknown>\n#9 0x55b0f8ebcb9e <unknown>\n#10 0x55b0f916022b <unknown>\n#11 0x55b0f91642d1 <unknown>\n#12 0x55b0f914bade <unknown>\n#13 0x55b0f9164e32 <unknown>\n#14 0x55b0f913077f <unknown>\n#15 0x55b0f9189618 <unknown>\n#16 0x55b0f91897f0 <unknown>\n#17 0x55b0f9198d8c <unknown>\n#18 0x7f6910d99134 <unknown>","time":{"start":1721437175166,"stop":1721437175732,"duration":566}},{"uid":"97e4d4ee497d161d","reportUrl":"https://Nat754.github.io/StroyremAutomation/373//#testresult/97e4d4ee497d161d","status":"skipped","statusDetails":"XFAIL\n\nselenium.common.exceptions.NoSuchElementException: Message: no such element: Unable to locate element: {\"method\":\"xpath\",\"selector\":\"(//a[@class='add-to-cart yellow-btn'])[1]\"}\n  (Session info: chrome-headless-shell=126.0.6478.182); For documentation on this error, please visit: https://www.selenium.dev/documentation/webdriver/troubleshooting/errors#no-such-element-exception\nStacktrace:\n#0 0x5630ccf0dc5a <unknown>\n#1 0x5630ccbf0e2c <unknown>\n#2 0x5630ccc3d661 <unknown>\n#3 0x5630ccc3d751 <unknown>\n#4 0x5630ccc81f64 <unknown>\n#5 0x5630ccc605ed <unknown>\n#6 0x5630ccc7f303 <unknown>\n#7 0x5630ccc60363 <unknown>\n#8 0x5630ccc30247 <unknown>\n#9 0x5630ccc30b9e <unknown>\n#10 0x5630cced422b <unknown>\n#11 0x5630cced82d1 <unknown>\n#12 0x5630ccebfade <unknown>\n#13 0x5630cced8e32 <unknown>\n#14 0x5630ccea477f <unknown>\n#15 0x5630ccefd618 <unknown>\n#16 0x5630ccefd7f0 <unknown>\n#17 0x5630ccf0cd8c <unknown>\n#18 0x7fbcc3b0a134 <unknown>","time":{"start":1721350821021,"stop":1721350821624,"duration":603}},{"uid":"de1cff0406a198be","reportUrl":"https://Nat754.github.io/StroyremAutomation/372//#testresult/de1cff0406a198be","status":"skipped","statusDetails":"XFAIL\n\nselenium.common.exceptions.NoSuchElementException: Message: no such element: Unable to locate element: {\"method\":\"xpath\",\"selector\":\"(//a[@class='add-to-cart yellow-btn'])[1]\"}\n  (Session info: chrome-headless-shell=126.0.6478.182); For documentation on this error, please visit: https://www.selenium.dev/documentation/webdriver/troubleshooting/errors#no-such-element-exception\nStacktrace:\n#0 0x55a3f001bc5a <unknown>\n#1 0x55a3efcfee2c <unknown>\n#2 0x55a3efd4b661 <unknown>\n#3 0x55a3efd4b751 <unknown>\n#4 0x55a3efd8ff64 <unknown>\n#5 0x55a3efd6e5ed <unknown>\n#6 0x55a3efd8d303 <unknown>\n#7 0x55a3efd6e363 <unknown>\n#8 0x55a3efd3e247 <unknown>\n#9 0x55a3efd3eb9e <unknown>\n#10 0x55a3effe222b <unknown>\n#11 0x55a3effe62d1 <unknown>\n#12 0x55a3effcdade <unknown>\n#13 0x55a3effe6e32 <unknown>\n#14 0x55a3effb277f <unknown>\n#15 0x55a3f000b618 <unknown>\n#16 0x55a3f000b7f0 <unknown>\n#17 0x55a3f001ad8c <unknown>\n#18 0x7faeea690134 <unknown>","time":{"start":1721264396183,"stop":1721264396734,"duration":551}},{"uid":"6b2af2a4e78f6f2f","reportUrl":"https://Nat754.github.io/StroyremAutomation/371//#testresult/6b2af2a4e78f6f2f","status":"skipped","statusDetails":"XFAIL\n\nselenium.common.exceptions.NoSuchElementException: Message: no such element: Unable to locate element: {\"method\":\"xpath\",\"selector\":\"(//a[@class='add-to-cart yellow-btn'])[1]\"}\n  (Session info: chrome-headless-shell=126.0.6478.182); For documentation on this error, please visit: https://www.selenium.dev/documentation/webdriver/troubleshooting/errors#no-such-element-exception\nStacktrace:\n#0 0x563ac9ab6c5a <unknown>\n#1 0x563ac9799e2c <unknown>\n#2 0x563ac97e6661 <unknown>\n#3 0x563ac97e6751 <unknown>\n#4 0x563ac982af64 <unknown>\n#5 0x563ac98095ed <unknown>\n#6 0x563ac9828303 <unknown>\n#7 0x563ac9809363 <unknown>\n#8 0x563ac97d9247 <unknown>\n#9 0x563ac97d9b9e <unknown>\n#10 0x563ac9a7d22b <unknown>\n#11 0x563ac9a812d1 <unknown>\n#12 0x563ac9a68ade <unknown>\n#13 0x563ac9a81e32 <unknown>\n#14 0x563ac9a4d77f <unknown>\n#15 0x563ac9aa6618 <unknown>\n#16 0x563ac9aa67f0 <unknown>\n#17 0x563ac9ab5d8c <unknown>\n#18 0x7f40ace3d134 <unknown>","time":{"start":1721178016850,"stop":1721178017363,"duration":513}}]},"tags":["@pytest.mark.xfail","smoke_test"]},"source":"c9140989f045a34a.json","parameterValues":["2190","1","'TD 001'","1590","'products/uroven---uglomer-elektronnyj-kapro-992'","0","'https://sandboxtest.stroyrem-nn.ru/'","30"]}