{"uid":"598f736426fcf02","name":"TD 022 Доставка товара весом до 5000кг. в синей зоне","fullName":"tests.delivery.test_delivery_calculation.TestDeliveryPageCalculation#test_positive_delivery_blue_zone_smoke","historyId":"88e507e8c34e246e904b871854b91bc0","time":{"start":1708908782087,"stop":1708908782380,"duration":293},"status":"skipped","statusMessage":"XFAIL\n\nselenium.common.exceptions.NoSuchElementException: Message: no such element: Unable to locate element: {\"method\":\"xpath\",\"selector\":\"(//a[@class='add-to-cart yellow-btn'])[1]\"}\n  (Session info: chrome-headless-shell=122.0.6261.69); For documentation on this error, please visit: https://www.selenium.dev/documentation/webdriver/troubleshooting/errors#no-such-element-exception\nStacktrace:\n#0 0x55d0614ce793 <unknown>\n#1 0x55d0611c21c6 <unknown>\n#2 0x55d06120d358 <unknown>\n#3 0x55d06120d411 <unknown>\n#4 0x55d061250934 <unknown>\n#5 0x55d06122f3fd <unknown>\n#6 0x55d06124ddd9 <unknown>\n#7 0x55d06122f173 <unknown>\n#8 0x55d0612002d3 <unknown>\n#9 0x55d061200c9e <unknown>\n#10 0x55d0614928cb <unknown>\n#11 0x55d061496745 <unknown>\n#12 0x55d06147f2e1 <unknown>\n#13 0x55d0614972d2 <unknown>\n#14 0x55d06146317f <unknown>\n#15 0x55d0614bcdc8 <unknown>\n#16 0x55d0614bcfc3 <unknown>\n#17 0x55d0614cd944 <unknown>\n#18 0x7fde67d42134 <unknown>","statusTrace":"self = <tests.delivery.test_delivery_calculation.TestDeliveryPageCalculation object at 0x7feacfe40a10>\ndriver = <selenium.webdriver.chrome.webdriver.WebDriver (session=\"2d8d95791486834eb22d343f5afad1a2\")>\nurl = 'https://sandboxtest.stroyrem-nn.ru/', case_id = 'TD 022'\nlink_item = 'products/shtukaturka-gipsovaya-aksolit-m50-30-kg-mashinnogo-naneseniya'\namount = 166, weight = 5000, standard = 2800, in_time = 5490, all_time = 5980\n\n    @pytest.mark.parametrize('case_id, link_item, amount, weight, standard, in_time, all_time', [\n        (\"TD 015\", bundeks_25, 1, 30, 650, 2390, 3320),\n        pytest.param(\n            \"TD 016\", aksolit_30, 8, 300, 650, 2390, 3320,\n            marks=pytest.mark.xfail(reson=\"Цена доставки: - - -\")\n        ),\n        (\"TD 017\", aksolit_30, 13, 400, 650, 2390, 3320),\n        (\"TD 018\", aksolit_30, 16, 500, 850, 2490, 3320),\n        (\"TD 019\", aksolit_30, 25, 1700, 1150, 2490, 3320),\n        (\"TD 020\", aksolit_30, 66, 2000, 1500, 2990, 3650),\n        (\"TD 021\", aksolit_30, 149, 4500, 2600, 4380, 4890),\n        (\"TD 022\", aksolit_30, 166, 5000, 2800, 5490, 5980),\n        pytest.param(\n            \"TD 023\", aksolit_30, 206, 6200, 3300, 7500, 8000,\n            marks=pytest.mark.xfail(reson=\"Цена доставки: 4300 9900 11440\")\n        ),\n        (\"TD 024\", aksolit_30, 299, 9000, 4300, 9900, 11440),\n        (\"TD 025\", aksolit_30, 333, 10000, 7000, 13900, 15900),\n        pytest.param(\n            \"TD 026\", aksolit_30, 366, 11000, 8000, 14900, 19900,\n            marks=pytest.mark.xfail(reson=\"Цена доставки: 7000 13900 15900\")\n        ),\n        pytest.param(\n            \"TD 027\", aksolit_30, 666, 20000, 14000, 16900, 23900,\n            marks=pytest.mark.xfail(reson=\"Цена доставки: 7000 13900 15900\")\n        )\n    ])\n    @pytest.mark.xfail\n    @pytest.mark.smoke_test\n    def test_positive_delivery_blue_zone_smoke(\n            self, driver, url, case_id, link_item, amount, weight, standard, in_time, all_time\n    ):\n        allure.dynamic.title(f\"{case_id} Доставка товара весом до {weight}кг. в синей зоне\")\n    \n        driver.get(f'{url}{link_item}')\n        item_page = ItemPage(driver)\n>       item_page.add_item_to_cart(amount).click_on_cart()\n\ntests/delivery/test_delivery_calculation.py:132: \n_ _ _ _ _ _ _ _ _ _ _ _ _ _ _ _ _ _ _ _ _ _ _ _ _ _ _ _ _ _ _ _ _ _ _ _ _ _ _ _ \npages/item_page.py:40: in add_item_to_cart\n    self.find_element(self._add_item).click()\nbase/seleniumbase.py:17: in find_element\n    return self.driver.find_element(*locator)\n/usr/local/lib/python3.11/site-packages/selenium/webdriver/remote/webdriver.py:739: in find_element\n    return self.execute(Command.FIND_ELEMENT, {\"using\": by, \"value\": value})[\"value\"]\n/usr/local/lib/python3.11/site-packages/selenium/webdriver/remote/webdriver.py:345: in execute\n    self.error_handler.check_response(response)\n_ _ _ _ _ _ _ _ _ _ _ _ _ _ _ _ _ _ _ _ _ _ _ _ _ _ _ _ _ _ _ _ _ _ _ _ _ _ _ _ \n\nself = <selenium.webdriver.remote.errorhandler.ErrorHandler object at 0x7feacf764910>\nresponse = {'status': 404, 'value': '{\"value\":{\"error\":\"no such element\",\"message\":\"no such element: Unable to locate element: {\\...\\\\n#16 0x55d0614bcfc3 \\\\u003Cunknown>\\\\n#17 0x55d0614cd944 \\\\u003Cunknown>\\\\n#18 0x7fde67d42134 \\\\u003Cunknown>\\\\n\"}}'}\n\n    def check_response(self, response: Dict[str, Any]) -> None:\n        \"\"\"Checks that a JSON response from the WebDriver does not have an\n        error.\n    \n        :Args:\n         - response - The JSON response from the WebDriver server as a dictionary\n           object.\n    \n        :Raises: If the response contains an error message.\n        \"\"\"\n        status = response.get(\"status\", None)\n        if not status or status == ErrorCode.SUCCESS:\n            return\n        value = None\n        message = response.get(\"message\", \"\")\n        screen: str = response.get(\"screen\", \"\")\n        stacktrace = None\n        if isinstance(status, int):\n            value_json = response.get(\"value\", None)\n            if value_json and isinstance(value_json, str):\n                import json\n    \n                try:\n                    value = json.loads(value_json)\n                    if len(value) == 1:\n                        value = value[\"value\"]\n                    status = value.get(\"error\", None)\n                    if not status:\n                        status = value.get(\"status\", ErrorCode.UNKNOWN_ERROR)\n                        message = value.get(\"value\") or value.get(\"message\")\n                        if not isinstance(message, str):\n                            value = message\n                            message = message.get(\"message\")\n                    else:\n                        message = value.get(\"message\", None)\n                except ValueError:\n                    pass\n    \n        exception_class: Type[WebDriverException]\n        e = ErrorCode()\n        error_codes = [item for item in dir(e) if not item.startswith(\"__\")]\n        for error_code in error_codes:\n            error_info = getattr(ErrorCode, error_code)\n            if isinstance(error_info, list) and status in error_info:\n                exception_class = getattr(ExceptionMapping, error_code, WebDriverException)\n                break\n        else:\n            exception_class = WebDriverException\n    \n        if not value:\n            value = response[\"value\"]\n        if isinstance(value, str):\n            raise exception_class(value)\n        if message == \"\" and \"message\" in value:\n            message = value[\"message\"]\n    \n        screen = None  # type: ignore[assignment]\n        if \"screen\" in value:\n            screen = value[\"screen\"]\n    \n        stacktrace = None\n        st_value = value.get(\"stackTrace\") or value.get(\"stacktrace\")\n        if st_value:\n            if isinstance(st_value, str):\n                stacktrace = st_value.split(\"\\n\")\n            else:\n                stacktrace = []\n                try:\n                    for frame in st_value:\n                        line = frame.get(\"lineNumber\", \"\")\n                        file = frame.get(\"fileName\", \"<anonymous>\")\n                        if line:\n                            file = f\"{file}:{line}\"\n                        meth = frame.get(\"methodName\", \"<anonymous>\")\n                        if \"className\" in frame:\n                            meth = f\"{frame['className']}.{meth}\"\n                        msg = \"    at %s (%s)\"\n                        msg = msg % (meth, file)\n                        stacktrace.append(msg)\n                except TypeError:\n                    pass\n        if exception_class == UnexpectedAlertPresentException:\n            alert_text = None\n            if \"data\" in value:\n                alert_text = value[\"data\"].get(\"text\")\n            elif \"alert\" in value:\n                alert_text = value[\"alert\"].get(\"text\")\n            raise exception_class(message, screen, stacktrace, alert_text)  # type: ignore[call-arg]  # mypy is not smart enough here\n>       raise exception_class(message, screen, stacktrace)\nE       selenium.common.exceptions.NoSuchElementException: Message: no such element: Unable to locate element: {\"method\":\"xpath\",\"selector\":\"(//a[@class='add-to-cart yellow-btn'])[1]\"}\nE         (Session info: chrome-headless-shell=122.0.6261.69); For documentation on this error, please visit: https://www.selenium.dev/documentation/webdriver/troubleshooting/errors#no-such-element-exception\nE       Stacktrace:\nE       #0 0x55d0614ce793 <unknown>\nE       #1 0x55d0611c21c6 <unknown>\nE       #2 0x55d06120d358 <unknown>\nE       #3 0x55d06120d411 <unknown>\nE       #4 0x55d061250934 <unknown>\nE       #5 0x55d06122f3fd <unknown>\nE       #6 0x55d06124ddd9 <unknown>\nE       #7 0x55d06122f173 <unknown>\nE       #8 0x55d0612002d3 <unknown>\nE       #9 0x55d061200c9e <unknown>\nE       #10 0x55d0614928cb <unknown>\nE       #11 0x55d061496745 <unknown>\nE       #12 0x55d06147f2e1 <unknown>\nE       #13 0x55d0614972d2 <unknown>\nE       #14 0x55d06146317f <unknown>\nE       #15 0x55d0614bcdc8 <unknown>\nE       #16 0x55d0614bcfc3 <unknown>\nE       #17 0x55d0614cd944 <unknown>\nE       #18 0x7fde67d42134 <unknown>\n\n/usr/local/lib/python3.11/site-packages/selenium/webdriver/remote/errorhandler.py:229: NoSuchElementException","flaky":false,"newFailed":false,"newBroken":false,"newPassed":false,"retriesCount":0,"retriesStatusChange":false,"beforeStages":[{"name":"_session_faker","time":{"start":1708908546373,"stop":1708908546441,"duration":68},"status":"passed","steps":[],"attachments":[],"parameters":[],"shouldDisplayMessage":false,"stepsCount":0,"attachmentsCount":0,"hasContent":false,"attachmentStep":false},{"name":"clear_allure_results_folder","time":{"start":1708908546442,"stop":1708908546442,"duration":0},"status":"passed","steps":[],"attachments":[],"parameters":[],"shouldDisplayMessage":false,"stepsCount":0,"attachmentsCount":0,"hasContent":false,"attachmentStep":false},{"name":"driver","time":{"start":1708908781271,"stop":1708908782086,"duration":815},"status":"passed","steps":[],"attachments":[],"parameters":[],"shouldDisplayMessage":false,"stepsCount":0,"attachmentsCount":0,"hasContent":false,"attachmentStep":false},{"name":"setup","time":{"start":1708908782086,"stop":1708908782086,"duration":0},"status":"passed","steps":[],"attachments":[],"parameters":[],"shouldDisplayMessage":false,"stepsCount":0,"attachmentsCount":0,"hasContent":false,"attachmentStep":false}],"testStage":{"status":"skipped","statusMessage":"XFAIL\n\nselenium.common.exceptions.NoSuchElementException: Message: no such element: Unable to locate element: {\"method\":\"xpath\",\"selector\":\"(//a[@class='add-to-cart yellow-btn'])[1]\"}\n  (Session info: chrome-headless-shell=122.0.6261.69); For documentation on this error, please visit: https://www.selenium.dev/documentation/webdriver/troubleshooting/errors#no-such-element-exception\nStacktrace:\n#0 0x55d0614ce793 <unknown>\n#1 0x55d0611c21c6 <unknown>\n#2 0x55d06120d358 <unknown>\n#3 0x55d06120d411 <unknown>\n#4 0x55d061250934 <unknown>\n#5 0x55d06122f3fd <unknown>\n#6 0x55d06124ddd9 <unknown>\n#7 0x55d06122f173 <unknown>\n#8 0x55d0612002d3 <unknown>\n#9 0x55d061200c9e <unknown>\n#10 0x55d0614928cb <unknown>\n#11 0x55d061496745 <unknown>\n#12 0x55d06147f2e1 <unknown>\n#13 0x55d0614972d2 <unknown>\n#14 0x55d06146317f <unknown>\n#15 0x55d0614bcdc8 <unknown>\n#16 0x55d0614bcfc3 <unknown>\n#17 0x55d0614cd944 <unknown>\n#18 0x7fde67d42134 <unknown>","statusTrace":"self = <tests.delivery.test_delivery_calculation.TestDeliveryPageCalculation object at 0x7feacfe40a10>\ndriver = <selenium.webdriver.chrome.webdriver.WebDriver (session=\"2d8d95791486834eb22d343f5afad1a2\")>\nurl = 'https://sandboxtest.stroyrem-nn.ru/', case_id = 'TD 022'\nlink_item = 'products/shtukaturka-gipsovaya-aksolit-m50-30-kg-mashinnogo-naneseniya'\namount = 166, weight = 5000, standard = 2800, in_time = 5490, all_time = 5980\n\n    @pytest.mark.parametrize('case_id, link_item, amount, weight, standard, in_time, all_time', [\n        (\"TD 015\", bundeks_25, 1, 30, 650, 2390, 3320),\n        pytest.param(\n            \"TD 016\", aksolit_30, 8, 300, 650, 2390, 3320,\n            marks=pytest.mark.xfail(reson=\"Цена доставки: - - -\")\n        ),\n        (\"TD 017\", aksolit_30, 13, 400, 650, 2390, 3320),\n        (\"TD 018\", aksolit_30, 16, 500, 850, 2490, 3320),\n        (\"TD 019\", aksolit_30, 25, 1700, 1150, 2490, 3320),\n        (\"TD 020\", aksolit_30, 66, 2000, 1500, 2990, 3650),\n        (\"TD 021\", aksolit_30, 149, 4500, 2600, 4380, 4890),\n        (\"TD 022\", aksolit_30, 166, 5000, 2800, 5490, 5980),\n        pytest.param(\n            \"TD 023\", aksolit_30, 206, 6200, 3300, 7500, 8000,\n            marks=pytest.mark.xfail(reson=\"Цена доставки: 4300 9900 11440\")\n        ),\n        (\"TD 024\", aksolit_30, 299, 9000, 4300, 9900, 11440),\n        (\"TD 025\", aksolit_30, 333, 10000, 7000, 13900, 15900),\n        pytest.param(\n            \"TD 026\", aksolit_30, 366, 11000, 8000, 14900, 19900,\n            marks=pytest.mark.xfail(reson=\"Цена доставки: 7000 13900 15900\")\n        ),\n        pytest.param(\n            \"TD 027\", aksolit_30, 666, 20000, 14000, 16900, 23900,\n            marks=pytest.mark.xfail(reson=\"Цена доставки: 7000 13900 15900\")\n        )\n    ])\n    @pytest.mark.xfail\n    @pytest.mark.smoke_test\n    def test_positive_delivery_blue_zone_smoke(\n            self, driver, url, case_id, link_item, amount, weight, standard, in_time, all_time\n    ):\n        allure.dynamic.title(f\"{case_id} Доставка товара весом до {weight}кг. в синей зоне\")\n    \n        driver.get(f'{url}{link_item}')\n        item_page = ItemPage(driver)\n>       item_page.add_item_to_cart(amount).click_on_cart()\n\ntests/delivery/test_delivery_calculation.py:132: \n_ _ _ _ _ _ _ _ _ _ _ _ _ _ _ _ _ _ _ _ _ _ _ _ _ _ _ _ _ _ _ _ _ _ _ _ _ _ _ _ \npages/item_page.py:40: in add_item_to_cart\n    self.find_element(self._add_item).click()\nbase/seleniumbase.py:17: in find_element\n    return self.driver.find_element(*locator)\n/usr/local/lib/python3.11/site-packages/selenium/webdriver/remote/webdriver.py:739: in find_element\n    return self.execute(Command.FIND_ELEMENT, {\"using\": by, \"value\": value})[\"value\"]\n/usr/local/lib/python3.11/site-packages/selenium/webdriver/remote/webdriver.py:345: in execute\n    self.error_handler.check_response(response)\n_ _ _ _ _ _ _ _ _ _ _ _ _ _ _ _ _ _ _ _ _ _ _ _ _ _ _ _ _ _ _ _ _ _ _ _ _ _ _ _ \n\nself = <selenium.webdriver.remote.errorhandler.ErrorHandler object at 0x7feacf764910>\nresponse = {'status': 404, 'value': '{\"value\":{\"error\":\"no such element\",\"message\":\"no such element: Unable to locate element: {\\...\\\\n#16 0x55d0614bcfc3 \\\\u003Cunknown>\\\\n#17 0x55d0614cd944 \\\\u003Cunknown>\\\\n#18 0x7fde67d42134 \\\\u003Cunknown>\\\\n\"}}'}\n\n    def check_response(self, response: Dict[str, Any]) -> None:\n        \"\"\"Checks that a JSON response from the WebDriver does not have an\n        error.\n    \n        :Args:\n         - response - The JSON response from the WebDriver server as a dictionary\n           object.\n    \n        :Raises: If the response contains an error message.\n        \"\"\"\n        status = response.get(\"status\", None)\n        if not status or status == ErrorCode.SUCCESS:\n            return\n        value = None\n        message = response.get(\"message\", \"\")\n        screen: str = response.get(\"screen\", \"\")\n        stacktrace = None\n        if isinstance(status, int):\n            value_json = response.get(\"value\", None)\n            if value_json and isinstance(value_json, str):\n                import json\n    \n                try:\n                    value = json.loads(value_json)\n                    if len(value) == 1:\n                        value = value[\"value\"]\n                    status = value.get(\"error\", None)\n                    if not status:\n                        status = value.get(\"status\", ErrorCode.UNKNOWN_ERROR)\n                        message = value.get(\"value\") or value.get(\"message\")\n                        if not isinstance(message, str):\n                            value = message\n                            message = message.get(\"message\")\n                    else:\n                        message = value.get(\"message\", None)\n                except ValueError:\n                    pass\n    \n        exception_class: Type[WebDriverException]\n        e = ErrorCode()\n        error_codes = [item for item in dir(e) if not item.startswith(\"__\")]\n        for error_code in error_codes:\n            error_info = getattr(ErrorCode, error_code)\n            if isinstance(error_info, list) and status in error_info:\n                exception_class = getattr(ExceptionMapping, error_code, WebDriverException)\n                break\n        else:\n            exception_class = WebDriverException\n    \n        if not value:\n            value = response[\"value\"]\n        if isinstance(value, str):\n            raise exception_class(value)\n        if message == \"\" and \"message\" in value:\n            message = value[\"message\"]\n    \n        screen = None  # type: ignore[assignment]\n        if \"screen\" in value:\n            screen = value[\"screen\"]\n    \n        stacktrace = None\n        st_value = value.get(\"stackTrace\") or value.get(\"stacktrace\")\n        if st_value:\n            if isinstance(st_value, str):\n                stacktrace = st_value.split(\"\\n\")\n            else:\n                stacktrace = []\n                try:\n                    for frame in st_value:\n                        line = frame.get(\"lineNumber\", \"\")\n                        file = frame.get(\"fileName\", \"<anonymous>\")\n                        if line:\n                            file = f\"{file}:{line}\"\n                        meth = frame.get(\"methodName\", \"<anonymous>\")\n                        if \"className\" in frame:\n                            meth = f\"{frame['className']}.{meth}\"\n                        msg = \"    at %s (%s)\"\n                        msg = msg % (meth, file)\n                        stacktrace.append(msg)\n                except TypeError:\n                    pass\n        if exception_class == UnexpectedAlertPresentException:\n            alert_text = None\n            if \"data\" in value:\n                alert_text = value[\"data\"].get(\"text\")\n            elif \"alert\" in value:\n                alert_text = value[\"alert\"].get(\"text\")\n            raise exception_class(message, screen, stacktrace, alert_text)  # type: ignore[call-arg]  # mypy is not smart enough here\n>       raise exception_class(message, screen, stacktrace)\nE       selenium.common.exceptions.NoSuchElementException: Message: no such element: Unable to locate element: {\"method\":\"xpath\",\"selector\":\"(//a[@class='add-to-cart yellow-btn'])[1]\"}\nE         (Session info: chrome-headless-shell=122.0.6261.69); For documentation on this error, please visit: https://www.selenium.dev/documentation/webdriver/troubleshooting/errors#no-such-element-exception\nE       Stacktrace:\nE       #0 0x55d0614ce793 <unknown>\nE       #1 0x55d0611c21c6 <unknown>\nE       #2 0x55d06120d358 <unknown>\nE       #3 0x55d06120d411 <unknown>\nE       #4 0x55d061250934 <unknown>\nE       #5 0x55d06122f3fd <unknown>\nE       #6 0x55d06124ddd9 <unknown>\nE       #7 0x55d06122f173 <unknown>\nE       #8 0x55d0612002d3 <unknown>\nE       #9 0x55d061200c9e <unknown>\nE       #10 0x55d0614928cb <unknown>\nE       #11 0x55d061496745 <unknown>\nE       #12 0x55d06147f2e1 <unknown>\nE       #13 0x55d0614972d2 <unknown>\nE       #14 0x55d06146317f <unknown>\nE       #15 0x55d0614bcdc8 <unknown>\nE       #16 0x55d0614bcfc3 <unknown>\nE       #17 0x55d0614cd944 <unknown>\nE       #18 0x7fde67d42134 <unknown>\n\n/usr/local/lib/python3.11/site-packages/selenium/webdriver/remote/errorhandler.py:229: NoSuchElementException","steps":[{"name":"Добавляем товар в корзину в количестве 166","time":{"start":1708908782367,"stop":1708908782380,"duration":13},"status":"broken","statusMessage":"selenium.common.exceptions.NoSuchElementException: Message: no such element: Unable to locate element: {\"method\":\"xpath\",\"selector\":\"(//a[@class='add-to-cart yellow-btn'])[1]\"}\n  (Session info: chrome-headless-shell=122.0.6261.69); For documentation on this error, please visit: https://www.selenium.dev/documentation/webdriver/troubleshooting/errors#no-such-element-exception\nStacktrace:\n#0 0x55d0614ce793 <unknown>\n#1 0x55d0611c21c6 <unknown>\n#2 0x55d06120d358 <unknown>\n#3 0x55d06120d411 <unknown>\n#4 0x55d061250934 <unknown>\n#5 0x55d06122f3fd <unknown>\n#6 0x55d06124ddd9 <unknown>\n#7 0x55d06122f173 <unknown>\n#8 0x55d0612002d3 <unknown>\n#9 0x55d061200c9e <unknown>\n#10 0x55d0614928cb <unknown>\n#11 0x55d061496745 <unknown>\n#12 0x55d06147f2e1 <unknown>\n#13 0x55d0614972d2 <unknown>\n#14 0x55d06146317f <unknown>\n#15 0x55d0614bcdc8 <unknown>\n#16 0x55d0614bcfc3 <unknown>\n#17 0x55d0614cd944 <unknown>\n#18 0x7fde67d42134 <unknown>\n\n","statusTrace":"  File \"/usr/local/lib/python3.11/site-packages/allure_commons/_allure.py\", line 192, in impl\n    return func(*a, **kw)\n           ^^^^^^^^^^^^^^\n  File \"/app/pages/item_page.py\", line 40, in add_item_to_cart\n    self.find_element(self._add_item).click()\n    ^^^^^^^^^^^^^^^^^^^^^^^^^^^^^^^^^\n  File \"/app/base/seleniumbase.py\", line 17, in find_element\n    return self.driver.find_element(*locator)\n           ^^^^^^^^^^^^^^^^^^^^^^^^^^^^^^^^^^\n  File \"/usr/local/lib/python3.11/site-packages/selenium/webdriver/remote/webdriver.py\", line 739, in find_element\n    return self.execute(Command.FIND_ELEMENT, {\"using\": by, \"value\": value})[\"value\"]\n           ^^^^^^^^^^^^^^^^^^^^^^^^^^^^^^^^^^^^^^^^^^^^^^^^^^^^^^^^^^^^^^^^^\n  File \"/usr/local/lib/python3.11/site-packages/selenium/webdriver/remote/webdriver.py\", line 345, in execute\n    self.error_handler.check_response(response)\n  File \"/usr/local/lib/python3.11/site-packages/selenium/webdriver/remote/errorhandler.py\", line 229, in check_response\n    raise exception_class(message, screen, stacktrace)\n","steps":[],"attachments":[],"parameters":[{"name":"amount","value":"166"}],"shouldDisplayMessage":true,"stepsCount":0,"attachmentsCount":0,"hasContent":true,"attachmentStep":false}],"attachments":[{"uid":"3f040bf4b3e6be3a","name":"Screenshot","source":"3f040bf4b3e6be3a.png","type":"image/png","size":5862},{"uid":"565e7473587e4813","name":"HTML source","source":"565e7473587e4813.html","type":"text/html","size":39}],"parameters":[],"shouldDisplayMessage":true,"stepsCount":1,"attachmentsCount":2,"hasContent":true,"attachmentStep":false},"afterStages":[{"name":"driver::0","time":{"start":1708908782480,"stop":1708908782537,"duration":57},"status":"passed","steps":[],"attachments":[],"parameters":[],"shouldDisplayMessage":false,"stepsCount":0,"attachmentsCount":0,"hasContent":false,"attachmentStep":false},{"name":"setup::0","time":{"start":1708908782480,"stop":1708908782480,"duration":0},"status":"passed","steps":[],"attachments":[],"parameters":[],"shouldDisplayMessage":false,"stepsCount":0,"attachmentsCount":0,"hasContent":false,"attachmentStep":false}],"labels":[{"name":"epic","value":"Delivery Page - calculation"},{"name":"tag","value":"smoke_test"},{"name":"tag","value":"@pytest.mark.xfail"},{"name":"parentSuite","value":"tests.delivery"},{"name":"suite","value":"test_delivery_calculation"},{"name":"subSuite","value":"TestDeliveryPageCalculation"},{"name":"host","value":"1d0b701e0152"},{"name":"thread","value":"1-MainThread"},{"name":"framework","value":"pytest"},{"name":"language","value":"cpython3"},{"name":"package","value":"tests.delivery.test_delivery_calculation"},{"name":"resultFormat","value":"allure2"}],"parameters":[{"name":"all_time","value":"5980"},{"name":"amount","value":"166"},{"name":"case_id","value":"'TD 022'"},{"name":"in_time","value":"5490"},{"name":"link_item","value":"'products/shtukaturka-gipsovaya-aksolit-m50-30-kg-mashinnogo-naneseniya'"},{"name":"standard","value":"2800"},{"name":"url","value":"'https://sandboxtest.stroyrem-nn.ru/'"},{"name":"weight","value":"5000"}],"links":[],"hidden":false,"retry":false,"extra":{"severity":"normal","retries":[],"categories":[],"history":{"statistic":{"failed":0,"broken":13,"skipped":168,"passed":0,"unknown":0,"total":181},"items":[{"uid":"caa7df29ab74d4d7","reportUrl":"https://Nat754.github.io/StroyremAutomation/228//#testresult/caa7df29ab74d4d7","status":"skipped","statusDetails":"XFAIL\n\nselenium.common.exceptions.NoSuchElementException: Message: no such element: Unable to locate element: {\"method\":\"xpath\",\"selector\":\"(//a[@class='add-to-cart yellow-btn'])[1]\"}\n  (Session info: chrome-headless-shell=122.0.6261.69); For documentation on this error, please visit: https://www.selenium.dev/documentation/webdriver/troubleshooting/errors#no-such-element-exception\nStacktrace:\n#0 0x5611118d2793 <unknown>\n#1 0x5611115c61c6 <unknown>\n#2 0x561111611358 <unknown>\n#3 0x561111611411 <unknown>\n#4 0x561111654934 <unknown>\n#5 0x5611116333fd <unknown>\n#6 0x561111651dd9 <unknown>\n#7 0x561111633173 <unknown>\n#8 0x5611116042d3 <unknown>\n#9 0x561111604c9e <unknown>\n#10 0x5611118968cb <unknown>\n#11 0x56111189a745 <unknown>\n#12 0x5611118832e1 <unknown>\n#13 0x56111189b2d2 <unknown>\n#14 0x56111186717f <unknown>\n#15 0x5611118c0dc8 <unknown>\n#16 0x5611118c0fc3 <unknown>\n#17 0x5611118d1944 <unknown>\n#18 0x7fa98ed29134 <unknown>","time":{"start":1708822568118,"stop":1708822568451,"duration":333}},{"uid":"324831b0267185cd","reportUrl":"https://Nat754.github.io/StroyremAutomation/227//#testresult/324831b0267185cd","status":"skipped","statusDetails":"XFAIL\n\nselenium.common.exceptions.NoSuchElementException: Message: no such element: Unable to locate element: {\"method\":\"xpath\",\"selector\":\"(//a[@class='add-to-cart yellow-btn'])[1]\"}\n  (Session info: chrome-headless-shell=122.0.6261.69); For documentation on this error, please visit: https://www.selenium.dev/documentation/webdriver/troubleshooting/errors#no-such-element-exception\nStacktrace:\n#0 0x56275fff5793 <unknown>\n#1 0x56275fce91c6 <unknown>\n#2 0x56275fd34358 <unknown>\n#3 0x56275fd34411 <unknown>\n#4 0x56275fd77934 <unknown>\n#5 0x56275fd563fd <unknown>\n#6 0x56275fd74dd9 <unknown>\n#7 0x56275fd56173 <unknown>\n#8 0x56275fd272d3 <unknown>\n#9 0x56275fd27c9e <unknown>\n#10 0x56275ffb98cb <unknown>\n#11 0x56275ffbd745 <unknown>\n#12 0x56275ffa62e1 <unknown>\n#13 0x56275ffbe2d2 <unknown>\n#14 0x56275ff8a17f <unknown>\n#15 0x56275ffe3dc8 <unknown>\n#16 0x56275ffe3fc3 <unknown>\n#17 0x56275fff4944 <unknown>\n#18 0x7f0fe0690134 <unknown>","time":{"start":1708735764048,"stop":1708735764348,"duration":300}},{"uid":"f1562faa0b69e1d5","reportUrl":"https://Nat754.github.io/StroyremAutomation/226//#testresult/f1562faa0b69e1d5","status":"skipped","statusDetails":"XFAIL\n\nselenium.common.exceptions.NoSuchElementException: Message: no such element: Unable to locate element: {\"method\":\"xpath\",\"selector\":\"(//a[@class='add-to-cart yellow-btn'])[1]\"}\n  (Session info: chrome-headless-shell=122.0.6261.69); For documentation on this error, please visit: https://www.selenium.dev/documentation/webdriver/troubleshooting/errors#no-such-element-exception\nStacktrace:\n#0 0x564724b5a793 <unknown>\n#1 0x56472484e1c6 <unknown>\n#2 0x564724899358 <unknown>\n#3 0x564724899411 <unknown>\n#4 0x5647248dc934 <unknown>\n#5 0x5647248bb3fd <unknown>\n#6 0x5647248d9dd9 <unknown>\n#7 0x5647248bb173 <unknown>\n#8 0x56472488c2d3 <unknown>\n#9 0x56472488cc9e <unknown>\n#10 0x564724b1e8cb <unknown>\n#11 0x564724b22745 <unknown>\n#12 0x564724b0b2e1 <unknown>\n#13 0x564724b232d2 <unknown>\n#14 0x564724aef17f <unknown>\n#15 0x564724b48dc8 <unknown>\n#16 0x564724b48fc3 <unknown>\n#17 0x564724b59944 <unknown>\n#18 0x7f582da8c134 <unknown>","time":{"start":1708649476811,"stop":1708649477118,"duration":307}},{"uid":"3a78d7dc31d6bdb9","reportUrl":"https://Nat754.github.io/StroyremAutomation/225//#testresult/3a78d7dc31d6bdb9","status":"skipped","statusDetails":"XFAIL\n\nselenium.common.exceptions.NoSuchElementException: Message: no such element: Unable to locate element: {\"method\":\"xpath\",\"selector\":\"(//a[@class='add-to-cart yellow-btn'])[1]\"}\n  (Session info: chrome-headless-shell=122.0.6261.57); For documentation on this error, please visit: https://www.selenium.dev/documentation/webdriver/troubleshooting/errors#no-such-element-exception\nStacktrace:\n#0 0x55d8d07877d3 <unknown>\n#1 0x55d8d047b1c6 <unknown>\n#2 0x55d8d04c6358 <unknown>\n#3 0x55d8d04c6411 <unknown>\n#4 0x55d8d0509934 <unknown>\n#5 0x55d8d04e83fd <unknown>\n#6 0x55d8d0506dd9 <unknown>\n#7 0x55d8d04e8173 <unknown>\n#8 0x55d8d04b92d3 <unknown>\n#9 0x55d8d04b9c9e <unknown>\n#10 0x55d8d074b90b <unknown>\n#11 0x55d8d074f785 <unknown>\n#12 0x55d8d0738321 <unknown>\n#13 0x55d8d0750312 <unknown>\n#14 0x55d8d071c1bf <unknown>\n#15 0x55d8d0775e08 <unknown>\n#16 0x55d8d0776003 <unknown>\n#17 0x55d8d0786984 <unknown>\n#18 0x7f6251669134 <unknown>","time":{"start":1708563143591,"stop":1708563144016,"duration":425}},{"uid":"6d9383462aebc95b","reportUrl":"https://Nat754.github.io/StroyremAutomation/224//#testresult/6d9383462aebc95b","status":"skipped","statusDetails":"XFAIL\n\nselenium.common.exceptions.NoSuchElementException: Message: no such element: Unable to locate element: {\"method\":\"xpath\",\"selector\":\"(//a[@class='add-to-cart yellow-btn'])[1]\"}\n  (Session info: chrome-headless-shell=122.0.6261.57); For documentation on this error, please visit: https://www.selenium.dev/documentation/webdriver/troubleshooting/errors#no-such-element-exception\nStacktrace:\n#0 0x561517b7e7d3 <unknown>\n#1 0x5615178721c6 <unknown>\n#2 0x5615178bd358 <unknown>\n#3 0x5615178bd411 <unknown>\n#4 0x561517900934 <unknown>\n#5 0x5615178df3fd <unknown>\n#6 0x5615178fddd9 <unknown>\n#7 0x5615178df173 <unknown>\n#8 0x5615178b02d3 <unknown>\n#9 0x5615178b0c9e <unknown>\n#10 0x561517b4290b <unknown>\n#11 0x561517b46785 <unknown>\n#12 0x561517b2f321 <unknown>\n#13 0x561517b47312 <unknown>\n#14 0x561517b131bf <unknown>\n#15 0x561517b6ce08 <unknown>\n#16 0x561517b6d003 <unknown>\n#17 0x561517b7d984 <unknown>\n#18 0x7ff76136b134 <unknown>","time":{"start":1708476792321,"stop":1708476792736,"duration":415}},{"uid":"2710eb8c159f913d","reportUrl":"https://Nat754.github.io/StroyremAutomation/223//#testresult/2710eb8c159f913d","status":"skipped","statusDetails":"XFAIL\n\nselenium.common.exceptions.NoSuchElementException: Message: no such element: Unable to locate element: {\"method\":\"xpath\",\"selector\":\"(//a[@class='add-to-cart yellow-btn'])[1]\"}\n  (Session info: chrome-headless-shell=121.0.6167.184); For documentation on this error, please visit: https://www.selenium.dev/documentation/webdriver/troubleshooting/errors#no-such-element-exception\nStacktrace:\n#0 0x560898b78303 <unknown>\n#1 0x56089885d2b7 <unknown>\n#2 0x5608988a8cc0 <unknown>\n#3 0x5608988a8db1 <unknown>\n#4 0x5608988ecb44 <unknown>\n#5 0x5608988cb3ad <unknown>\n#6 0x5608988ea07c <unknown>\n#7 0x5608988cb123 <unknown>\n#8 0x56089889b095 <unknown>\n#9 0x56089889c09e <unknown>\n#10 0x560898b3c6ab <unknown>\n#11 0x560898b404ba <unknown>\n#12 0x560898b28f85 <unknown>\n#13 0x560898b4112f <unknown>\n#14 0x560898b0ce6f <unknown>\n#15 0x560898b655f8 <unknown>\n#16 0x560898b657c2 <unknown>\n#17 0x560898b774a4 <unknown>\n#18 0x7f8913f98134 <unknown>","time":{"start":1708390269614,"stop":1708390269956,"duration":342}},{"uid":"9a169af6dd0bb670","reportUrl":"https://Nat754.github.io/StroyremAutomation/222//#testresult/9a169af6dd0bb670","status":"skipped","statusDetails":"XFAIL\n\nselenium.common.exceptions.NoSuchElementException: Message: no such element: Unable to locate element: {\"method\":\"xpath\",\"selector\":\"(//a[@class='add-to-cart yellow-btn'])[1]\"}\n  (Session info: chrome-headless-shell=121.0.6167.184); For documentation on this error, please visit: https://www.selenium.dev/documentation/webdriver/troubleshooting/errors#no-such-element-exception\nStacktrace:\n#0 0x555c7e873303 <unknown>\n#1 0x555c7e5582b7 <unknown>\n#2 0x555c7e5a3cc0 <unknown>\n#3 0x555c7e5a3db1 <unknown>\n#4 0x555c7e5e7b44 <unknown>\n#5 0x555c7e5c63ad <unknown>\n#6 0x555c7e5e507c <unknown>\n#7 0x555c7e5c6123 <unknown>\n#8 0x555c7e596095 <unknown>\n#9 0x555c7e59709e <unknown>\n#10 0x555c7e8376ab <unknown>\n#11 0x555c7e83b4ba <unknown>\n#12 0x555c7e823f85 <unknown>\n#13 0x555c7e83c12f <unknown>\n#14 0x555c7e807e6f <unknown>\n#15 0x555c7e8605f8 <unknown>\n#16 0x555c7e8607c2 <unknown>\n#17 0x555c7e8724a4 <unknown>\n#18 0x7f12c81a4134 <unknown>","time":{"start":1708304062813,"stop":1708304063219,"duration":406}},{"uid":"9dd8e88b79071187","reportUrl":"https://Nat754.github.io/StroyremAutomation/221//#testresult/9dd8e88b79071187","status":"skipped","statusDetails":"XFAIL\n\nselenium.common.exceptions.NoSuchElementException: Message: no such element: Unable to locate element: {\"method\":\"xpath\",\"selector\":\"(//a[@class='add-to-cart yellow-btn'])[1]\"}\n  (Session info: chrome-headless-shell=121.0.6167.184); For documentation on this error, please visit: https://www.selenium.dev/documentation/webdriver/troubleshooting/errors#no-such-element-exception\nStacktrace:\n#0 0x5644df114303 <unknown>\n#1 0x5644dedf92b7 <unknown>\n#2 0x5644dee44cc0 <unknown>\n#3 0x5644dee44db1 <unknown>\n#4 0x5644dee88b44 <unknown>\n#5 0x5644dee673ad <unknown>\n#6 0x5644dee8607c <unknown>\n#7 0x5644dee67123 <unknown>\n#8 0x5644dee37095 <unknown>\n#9 0x5644dee3809e <unknown>\n#10 0x5644df0d86ab <unknown>\n#11 0x5644df0dc4ba <unknown>\n#12 0x5644df0c4f85 <unknown>\n#13 0x5644df0dd12f <unknown>\n#14 0x5644df0a8e6f <unknown>\n#15 0x5644df1015f8 <unknown>\n#16 0x5644df1017c2 <unknown>\n#17 0x5644df1134a4 <unknown>\n#18 0x7fab07a9b134 <unknown>","time":{"start":1708217727832,"stop":1708217728126,"duration":294}},{"uid":"9fe37110b1a88a52","reportUrl":"https://Nat754.github.io/StroyremAutomation/220//#testresult/9fe37110b1a88a52","status":"skipped","statusDetails":"XFAIL\n\nselenium.common.exceptions.NoSuchElementException: Message: no such element: Unable to locate element: {\"method\":\"xpath\",\"selector\":\"(//a[@class='add-to-cart yellow-btn'])[1]\"}\n  (Session info: chrome-headless-shell=121.0.6167.184); For documentation on this error, please visit: https://www.selenium.dev/documentation/webdriver/troubleshooting/errors#no-such-element-exception\nStacktrace:\n#0 0x55905e575303 <unknown>\n#1 0x55905e25a2b7 <unknown>\n#2 0x55905e2a5cc0 <unknown>\n#3 0x55905e2a5db1 <unknown>\n#4 0x55905e2e9b44 <unknown>\n#5 0x55905e2c83ad <unknown>\n#6 0x55905e2e707c <unknown>\n#7 0x55905e2c8123 <unknown>\n#8 0x55905e298095 <unknown>\n#9 0x55905e29909e <unknown>\n#10 0x55905e5396ab <unknown>\n#11 0x55905e53d4ba <unknown>\n#12 0x55905e525f85 <unknown>\n#13 0x55905e53e12f <unknown>\n#14 0x55905e509e6f <unknown>\n#15 0x55905e5625f8 <unknown>\n#16 0x55905e5627c2 <unknown>\n#17 0x55905e5744a4 <unknown>\n#18 0x7fbe5486f134 <unknown>","time":{"start":1708131041487,"stop":1708131041812,"duration":325}},{"uid":"4f394922b91f13ea","reportUrl":"https://Nat754.github.io/StroyremAutomation/219//#testresult/4f394922b91f13ea","status":"skipped","statusDetails":"XFAIL\n\nselenium.common.exceptions.NoSuchElementException: Message: no such element: Unable to locate element: {\"method\":\"xpath\",\"selector\":\"(//a[@class='add-to-cart yellow-btn'])[1]\"}\n  (Session info: chrome-headless-shell=121.0.6167.85); For documentation on this error, please visit: https://www.selenium.dev/documentation/webdriver/troubleshooting/errors#no-such-element-exception\nStacktrace:\n#0 0x55d918055d93 <unknown>\n#1 0x55d917d39337 <unknown>\n#2 0x55d917d84d60 <unknown>\n#3 0x55d917d84e51 <unknown>\n#4 0x55d917dc8bc4 <unknown>\n#5 0x55d917da746d <unknown>\n#6 0x55d917dc612d <unknown>\n#7 0x55d917da71e3 <unknown>\n#8 0x55d917d77135 <unknown>\n#9 0x55d917d7813e <unknown>\n#10 0x55d918019e4b <unknown>\n#11 0x55d91801ddfa <unknown>\n#12 0x55d9180066d5 <unknown>\n#13 0x55d91801ea6f <unknown>\n#14 0x55d917fea69f <unknown>\n#15 0x55d918043098 <unknown>\n#16 0x55d918043262 <unknown>\n#17 0x55d918054f34 <unknown>\n#18 0x7fc12e3bb134 <unknown>","time":{"start":1708044739612,"stop":1708044740054,"duration":442}},{"uid":"b23c40e29e4c02e8","reportUrl":"https://Nat754.github.io/StroyremAutomation/218//#testresult/b23c40e29e4c02e8","status":"skipped","statusDetails":"XFAIL\n\nselenium.common.exceptions.NoSuchElementException: Message: no such element: Unable to locate element: {\"method\":\"xpath\",\"selector\":\"(//a[@class='add-to-cart yellow-btn'])[1]\"}\n  (Session info: chrome-headless-shell=121.0.6167.85); For documentation on this error, please visit: https://www.selenium.dev/documentation/webdriver/troubleshooting/errors#no-such-element-exception\nStacktrace:\n#0 0x55c9383bad93 <unknown>\n#1 0x55c93809e337 <unknown>\n#2 0x55c9380e9d60 <unknown>\n#3 0x55c9380e9e51 <unknown>\n#4 0x55c93812dbc4 <unknown>\n#5 0x55c93810c46d <unknown>\n#6 0x55c93812b12d <unknown>\n#7 0x55c93810c1e3 <unknown>\n#8 0x55c9380dc135 <unknown>\n#9 0x55c9380dd13e <unknown>\n#10 0x55c93837ee4b <unknown>\n#11 0x55c938382dfa <unknown>\n#12 0x55c93836b6d5 <unknown>\n#13 0x55c938383a6f <unknown>\n#14 0x55c93834f69f <unknown>\n#15 0x55c9383a8098 <unknown>\n#16 0x55c9383a8262 <unknown>\n#17 0x55c9383b9f34 <unknown>\n#18 0x7fe5291cc134 <unknown>","time":{"start":1707958350242,"stop":1707958350755,"duration":513}},{"uid":"afe6f5a803ab687c","reportUrl":"https://Nat754.github.io/StroyremAutomation/217//#testresult/afe6f5a803ab687c","status":"skipped","statusDetails":"XFAIL\n\nselenium.common.exceptions.NoSuchElementException: Message: no such element: Unable to locate element: {\"method\":\"xpath\",\"selector\":\"(//a[@class='add-to-cart yellow-btn'])[1]\"}\n  (Session info: chrome-headless-shell=121.0.6167.85); For documentation on this error, please visit: https://www.selenium.dev/documentation/webdriver/troubleshooting/errors#no-such-element-exception\nStacktrace:\n#0 0x563c056f6d93 <unknown>\n#1 0x563c053da337 <unknown>\n#2 0x563c05425d60 <unknown>\n#3 0x563c05425e51 <unknown>\n#4 0x563c05469bc4 <unknown>\n#5 0x563c0544846d <unknown>\n#6 0x563c0546712d <unknown>\n#7 0x563c054481e3 <unknown>\n#8 0x563c05418135 <unknown>\n#9 0x563c0541913e <unknown>\n#10 0x563c056bae4b <unknown>\n#11 0x563c056bedfa <unknown>\n#12 0x563c056a76d5 <unknown>\n#13 0x563c056bfa6f <unknown>\n#14 0x563c0568b69f <unknown>\n#15 0x563c056e4098 <unknown>\n#16 0x563c056e4262 <unknown>\n#17 0x563c056f5f34 <unknown>\n#18 0x7fda21549134 <unknown>","time":{"start":1707872033329,"stop":1707872033733,"duration":404}},{"uid":"3b85e57da4c7684d","reportUrl":"https://Nat754.github.io/StroyremAutomation/216//#testresult/3b85e57da4c7684d","status":"skipped","statusDetails":"XFAIL\n\nselenium.common.exceptions.NoSuchElementException: Message: no such element: Unable to locate element: {\"method\":\"xpath\",\"selector\":\"(//a[@class='add-to-cart yellow-btn'])[1]\"}\n  (Session info: chrome-headless-shell=121.0.6167.85); For documentation on this error, please visit: https://www.selenium.dev/documentation/webdriver/troubleshooting/errors#no-such-element-exception\nStacktrace:\n#0 0x55d79323ed93 <unknown>\n#1 0x55d792f22337 <unknown>\n#2 0x55d792f6dd60 <unknown>\n#3 0x55d792f6de51 <unknown>\n#4 0x55d792fb1bc4 <unknown>\n#5 0x55d792f9046d <unknown>\n#6 0x55d792faf12d <unknown>\n#7 0x55d792f901e3 <unknown>\n#8 0x55d792f60135 <unknown>\n#9 0x55d792f6113e <unknown>\n#10 0x55d793202e4b <unknown>\n#11 0x55d793206dfa <unknown>\n#12 0x55d7931ef6d5 <unknown>\n#13 0x55d793207a6f <unknown>\n#14 0x55d7931d369f <unknown>\n#15 0x55d79322c098 <unknown>\n#16 0x55d79322c262 <unknown>\n#17 0x55d79323df34 <unknown>\n#18 0x7f1147c4c134 <unknown>","time":{"start":1707785641371,"stop":1707785641998,"duration":627}},{"uid":"ffb487ced8effbe4","reportUrl":"https://Nat754.github.io/StroyremAutomation/215//#testresult/ffb487ced8effbe4","status":"skipped","statusDetails":"XFAIL\n\nselenium.common.exceptions.NoSuchElementException: Message: no such element: Unable to locate element: {\"method\":\"xpath\",\"selector\":\"(//a[@class='add-to-cart yellow-btn'])[1]\"}\n  (Session info: chrome-headless-shell=121.0.6167.85); For documentation on this error, please visit: https://www.selenium.dev/documentation/webdriver/troubleshooting/errors#no-such-element-exception\nStacktrace:\n#0 0x55a56b90ed93 <unknown>\n#1 0x55a56b5f2337 <unknown>\n#2 0x55a56b63dd60 <unknown>\n#3 0x55a56b63de51 <unknown>\n#4 0x55a56b681bc4 <unknown>\n#5 0x55a56b66046d <unknown>\n#6 0x55a56b67f12d <unknown>\n#7 0x55a56b6601e3 <unknown>\n#8 0x55a56b630135 <unknown>\n#9 0x55a56b63113e <unknown>\n#10 0x55a56b8d2e4b <unknown>\n#11 0x55a56b8d6dfa <unknown>\n#12 0x55a56b8bf6d5 <unknown>\n#13 0x55a56b8d7a6f <unknown>\n#14 0x55a56b8a369f <unknown>\n#15 0x55a56b8fc098 <unknown>\n#16 0x55a56b8fc262 <unknown>\n#17 0x55a56b90df34 <unknown>\n#18 0x7f6f8fb5f134 <unknown>","time":{"start":1707699179729,"stop":1707699180030,"duration":301}},{"uid":"6a8367201522d2bb","reportUrl":"https://Nat754.github.io/StroyremAutomation/214//#testresult/6a8367201522d2bb","status":"skipped","statusDetails":"XFAIL\n\nselenium.common.exceptions.NoSuchElementException: Message: no such element: Unable to locate element: {\"method\":\"xpath\",\"selector\":\"(//a[@class='add-to-cart yellow-btn'])[1]\"}\n  (Session info: chrome-headless-shell=121.0.6167.85); For documentation on this error, please visit: https://www.selenium.dev/documentation/webdriver/troubleshooting/errors#no-such-element-exception\nStacktrace:\n#0 0x55caabd8bd93 <unknown>\n#1 0x55caaba6f337 <unknown>\n#2 0x55caababad60 <unknown>\n#3 0x55caababae51 <unknown>\n#4 0x55caabafebc4 <unknown>\n#5 0x55caabadd46d <unknown>\n#6 0x55caabafc12d <unknown>\n#7 0x55caabadd1e3 <unknown>\n#8 0x55caabaad135 <unknown>\n#9 0x55caabaae13e <unknown>\n#10 0x55caabd4fe4b <unknown>\n#11 0x55caabd53dfa <unknown>\n#12 0x55caabd3c6d5 <unknown>\n#13 0x55caabd54a6f <unknown>\n#14 0x55caabd2069f <unknown>\n#15 0x55caabd79098 <unknown>\n#16 0x55caabd79262 <unknown>\n#17 0x55caabd8af34 <unknown>\n#18 0x7f37d7d69134 <unknown>","time":{"start":1707613029023,"stop":1707613029360,"duration":337}},{"uid":"a39f2a5e022bf9e6","reportUrl":"https://Nat754.github.io/StroyremAutomation/213//#testresult/a39f2a5e022bf9e6","status":"skipped","statusDetails":"XFAIL\n\nselenium.common.exceptions.NoSuchElementException: Message: no such element: Unable to locate element: {\"method\":\"xpath\",\"selector\":\"(//a[@class='add-to-cart yellow-btn'])[1]\"}\n  (Session info: chrome-headless-shell=121.0.6167.85); For documentation on this error, please visit: https://www.selenium.dev/documentation/webdriver/troubleshooting/errors#no-such-element-exception\nStacktrace:\n#0 0x55d15cd5cd93 <unknown>\n#1 0x55d15ca40337 <unknown>\n#2 0x55d15ca8bd60 <unknown>\n#3 0x55d15ca8be51 <unknown>\n#4 0x55d15cacfbc4 <unknown>\n#5 0x55d15caae46d <unknown>\n#6 0x55d15cacd12d <unknown>\n#7 0x55d15caae1e3 <unknown>\n#8 0x55d15ca7e135 <unknown>\n#9 0x55d15ca7f13e <unknown>\n#10 0x55d15cd20e4b <unknown>\n#11 0x55d15cd24dfa <unknown>\n#12 0x55d15cd0d6d5 <unknown>\n#13 0x55d15cd25a6f <unknown>\n#14 0x55d15ccf169f <unknown>\n#15 0x55d15cd4a098 <unknown>\n#16 0x55d15cd4a262 <unknown>\n#17 0x55d15cd5bf34 <unknown>\n#18 0x7fac9c7cd134 <unknown>","time":{"start":1707526263823,"stop":1707526264222,"duration":399}},{"uid":"3adb84e1b1ffb801","reportUrl":"https://Nat754.github.io/StroyremAutomation/212//#testresult/3adb84e1b1ffb801","status":"skipped","statusDetails":"XFAIL\n\nselenium.common.exceptions.NoSuchElementException: Message: no such element: Unable to locate element: {\"method\":\"xpath\",\"selector\":\"(//a[@class='add-to-cart yellow-btn'])[1]\"}\n  (Session info: chrome-headless-shell=121.0.6167.85); For documentation on this error, please visit: https://www.selenium.dev/documentation/webdriver/troubleshooting/errors#no-such-element-exception\nStacktrace:\n#0 0x5644f4516d93 <unknown>\n#1 0x5644f41fa337 <unknown>\n#2 0x5644f4245d60 <unknown>\n#3 0x5644f4245e51 <unknown>\n#4 0x5644f4289bc4 <unknown>\n#5 0x5644f426846d <unknown>\n#6 0x5644f428712d <unknown>\n#7 0x5644f42681e3 <unknown>\n#8 0x5644f4238135 <unknown>\n#9 0x5644f423913e <unknown>\n#10 0x5644f44dae4b <unknown>\n#11 0x5644f44dedfa <unknown>\n#12 0x5644f44c76d5 <unknown>\n#13 0x5644f44dfa6f <unknown>\n#14 0x5644f44ab69f <unknown>\n#15 0x5644f4504098 <unknown>\n#16 0x5644f4504262 <unknown>\n#17 0x5644f4515f34 <unknown>\n#18 0x7f6c82ef5134 <unknown>","time":{"start":1707439877617,"stop":1707439877943,"duration":326}},{"uid":"c473fa9cdf366136","reportUrl":"https://Nat754.github.io/StroyremAutomation/211//#testresult/c473fa9cdf366136","status":"skipped","statusDetails":"XFAIL\n\nselenium.common.exceptions.NoSuchElementException: Message: no such element: Unable to locate element: {\"method\":\"xpath\",\"selector\":\"(//a[@class='add-to-cart yellow-btn'])[1]\"}\n  (Session info: chrome-headless-shell=121.0.6167.85); For documentation on this error, please visit: https://www.selenium.dev/documentation/webdriver/troubleshooting/errors#no-such-element-exception\nStacktrace:\n#0 0x55c2b7657d93 <unknown>\n#1 0x55c2b733b337 <unknown>\n#2 0x55c2b7386d60 <unknown>\n#3 0x55c2b7386e51 <unknown>\n#4 0x55c2b73cabc4 <unknown>\n#5 0x55c2b73a946d <unknown>\n#6 0x55c2b73c812d <unknown>\n#7 0x55c2b73a91e3 <unknown>\n#8 0x55c2b7379135 <unknown>\n#9 0x55c2b737a13e <unknown>\n#10 0x55c2b761be4b <unknown>\n#11 0x55c2b761fdfa <unknown>\n#12 0x55c2b76086d5 <unknown>\n#13 0x55c2b7620a6f <unknown>\n#14 0x55c2b75ec69f <unknown>\n#15 0x55c2b7645098 <unknown>\n#16 0x55c2b7645262 <unknown>\n#17 0x55c2b7656f34 <unknown>\n#18 0x7fabd5a89134 <unknown>","time":{"start":1707353496767,"stop":1707353497093,"duration":326}},{"uid":"65c27f6246c06054","reportUrl":"https://Nat754.github.io/StroyremAutomation/210//#testresult/65c27f6246c06054","status":"skipped","statusDetails":"XFAIL\n\nselenium.common.exceptions.NoSuchElementException: Message: no such element: Unable to locate element: {\"method\":\"xpath\",\"selector\":\"(//a[@class='add-to-cart yellow-btn'])[1]\"}\n  (Session info: chrome-headless-shell=121.0.6167.85); For documentation on this error, please visit: https://www.selenium.dev/documentation/webdriver/troubleshooting/errors#no-such-element-exception\nStacktrace:\n#0 0x55e09266dd93 <unknown>\n#1 0x55e092351337 <unknown>\n#2 0x55e09239cd60 <unknown>\n#3 0x55e09239ce51 <unknown>\n#4 0x55e0923e0bc4 <unknown>\n#5 0x55e0923bf46d <unknown>\n#6 0x55e0923de12d <unknown>\n#7 0x55e0923bf1e3 <unknown>\n#8 0x55e09238f135 <unknown>\n#9 0x55e09239013e <unknown>\n#10 0x55e092631e4b <unknown>\n#11 0x55e092635dfa <unknown>\n#12 0x55e09261e6d5 <unknown>\n#13 0x55e092636a6f <unknown>\n#14 0x55e09260269f <unknown>\n#15 0x55e09265b098 <unknown>\n#16 0x55e09265b262 <unknown>\n#17 0x55e09266cf34 <unknown>\n#18 0x7f8db8b63134 <unknown>","time":{"start":1707267028793,"stop":1707267029114,"duration":321}},{"uid":"9fe9454ad9a2d881","reportUrl":"https://Nat754.github.io/StroyremAutomation/209//#testresult/9fe9454ad9a2d881","status":"skipped","statusDetails":"XFAIL\n\nselenium.common.exceptions.NoSuchElementException: Message: no such element: Unable to locate element: {\"method\":\"xpath\",\"selector\":\"(//a[@class='add-to-cart yellow-btn'])[1]\"}\n  (Session info: chrome-headless-shell=121.0.6167.85); For documentation on this error, please visit: https://www.selenium.dev/documentation/webdriver/troubleshooting/errors#no-such-element-exception\nStacktrace:\n#0 0x55a0a9018d93 <unknown>\n#1 0x55a0a8cfc337 <unknown>\n#2 0x55a0a8d47d60 <unknown>\n#3 0x55a0a8d47e51 <unknown>\n#4 0x55a0a8d8bbc4 <unknown>\n#5 0x55a0a8d6a46d <unknown>\n#6 0x55a0a8d8912d <unknown>\n#7 0x55a0a8d6a1e3 <unknown>\n#8 0x55a0a8d3a135 <unknown>\n#9 0x55a0a8d3b13e <unknown>\n#10 0x55a0a8fdce4b <unknown>\n#11 0x55a0a8fe0dfa <unknown>\n#12 0x55a0a8fc96d5 <unknown>\n#13 0x55a0a8fe1a6f <unknown>\n#14 0x55a0a8fad69f <unknown>\n#15 0x55a0a9006098 <unknown>\n#16 0x55a0a9006262 <unknown>\n#17 0x55a0a9017f34 <unknown>\n#18 0x7ff925f29134 <unknown>","time":{"start":1707180742614,"stop":1707180743011,"duration":397}}]},"tags":["@pytest.mark.xfail","smoke_test"]},"source":"598f736426fcf02.json","parameterValues":["5980","166","'TD 022'","5490","'products/shtukaturka-gipsovaya-aksolit-m50-30-kg-mashinnogo-naneseniya'","2800","'https://sandboxtest.stroyrem-nn.ru/'","5000"]}