{"uid":"b3afd682adec1e1","name":"test_positive_delivery_green_zone_smoke[TD 001-products/uroven---uglomer-elektronnyj-kapro-992-1-30-0-1590-2190-https://sandboxtest.stroyrem-nn.ru/]","fullName":"tests.delivery.test_delivery_calculation.TestDeliveryPageCalculation#test_positive_delivery_green_zone_smoke","historyId":"7d50f9d85ab9724fc9bef1ba931d63a5","time":{"start":1722214894111,"stop":1722214894655,"duration":544},"status":"skipped","statusMessage":"XFAIL\n\nselenium.common.exceptions.NoSuchElementException: Message: no such element: Unable to locate element: {\"method\":\"xpath\",\"selector\":\"(//a[@class='add-to-cart yellow-btn'])[1]\"}\n  (Session info: chrome-headless-shell=127.0.6533.72); For documentation on this error, please visit: https://www.selenium.dev/documentation/webdriver/troubleshooting/errors#no-such-element-exception\nStacktrace:\n#0 0x5611ce1166ba <unknown>\n#1 0x5611cdde6730 <unknown>\n#2 0x5611cde35d9b <unknown>\n#3 0x5611cde36081 <unknown>\n#4 0x5611cde79cd4 <unknown>\n#5 0x5611cde58a7d <unknown>\n#6 0x5611cde771ca <unknown>\n#7 0x5611cde587f3 <unknown>\n#8 0x5611cde28ec9 <unknown>\n#9 0x5611cde2991e <unknown>\n#10 0x5611ce0dc9eb <unknown>\n#11 0x5611ce0e0972 <unknown>\n#12 0x5611ce0c9e15 <unknown>\n#13 0x5611ce0e1502 <unknown>\n#14 0x5611ce0aed2f <unknown>\n#15 0x5611ce105578 <unknown>\n#16 0x5611ce105750 <unknown>\n#17 0x5611ce11548c <unknown>\n#18 0x7f03487c3134 <unknown>","statusTrace":"self = <tests.delivery.test_delivery_calculation.TestDeliveryPageCalculation object at 0x7f1c4a259150>\ndriver = <selenium.webdriver.chrome.webdriver.WebDriver (session=\"414203ad74f758b814b9cecdd9de26ca\")>\nurl = 'https://sandboxtest.stroyrem-nn.ru/', case_id = 'TD 001'\nlink_item = 'products/uroven---uglomer-elektronnyj-kapro-992', amount = 1\nweight = 30, standard = 0, in_time = 1590, all_time = 2190\n\n    @pytest.mark.parametrize('case_id, link_item, amount, weight, standard, in_time, all_time', [\n        (\"TD 001\", uroven_3000, 1, 30, 0, 1590, 2190),\n        (\"TD 002\", bundeks_25, 1, 30, 400, 1590, 2190),\n        (\"TD 003\", aksolit_30, 8, 300, 400, 1590, 2190),\n        (\"TD 004\", aksolit_30, 13, 400, 450, 1590, 2190),\n        (\"TD 005\", aksolit_30, 16, 500, 600, 1590, 2190),\n        (\"TD 006\", aksolit_30, 25, 1700, 990, 1990, 2480),\n        (\"TD 007\", aksolit_30, 66, 2000, 1300, 2490, 2980),\n        (\"TD 008\", aksolit_30, 149, 4500, 2300, 3980, 4490),\n        (\"TD 009\", aksolit_30, 166, 5000, 2500, 4990, 5480),\n        pytest.param(\n            \"TD 010\", aksolit_30, 206, 6200, 2900, 5570, 6120,\n            marks=pytest.mark.xfail(reson=\"Цена доставки 3600 7960 8980\")\n        ),\n        (\"TD 011\", aksolit_30, 299, 9000, 3600, 7960, 8980),\n        (\"TD 012\", aksolit_30, 333, 10000, 4450, 11990, 12500),\n        pytest.param(\n            \"TD 013\", aksolit_30, 366, 11000, 4800, 12450, 13480,\n            marks=pytest.mark.xfail(reason=\"Цена стандартной доставки 4450\")\n        ),\n        pytest.param(\n            \"TD 014\", aksolit_30, 666, 20000, 5400, 15600, 17490,\n            marks=pytest.mark.xfail(reason=\"Цена стандартной доставки 4450\")\n        )\n    ])\n    @pytest.mark.xfail\n    @pytest.mark.smoke_test\n    def test_positive_delivery_green_zone_smoke(\n            self, driver, url, case_id, link_item, amount, weight, standard, in_time, all_time\n    ):\n    \n        driver.get(f'{url}{link_item}')\n        item_page = ItemPage(driver)\n>       item_page.add_item_to_cart(amount).click_on_cart()\n\ntests/delivery/test_delivery_calculation.py:50: \n_ _ _ _ _ _ _ _ _ _ _ _ _ _ _ _ _ _ _ _ _ _ _ _ _ _ _ _ _ _ _ _ _ _ _ _ _ _ _ _ \npages/item_page.py:40: in add_item_to_cart\n    self.find_element(self._add_item).click()\nbase/seleniumbase.py:17: in find_element\n    return self.driver.find_element(*locator)\n/usr/local/lib/python3.11/site-packages/selenium/webdriver/remote/webdriver.py:739: in find_element\n    return self.execute(Command.FIND_ELEMENT, {\"using\": by, \"value\": value})[\"value\"]\n/usr/local/lib/python3.11/site-packages/selenium/webdriver/remote/webdriver.py:345: in execute\n    self.error_handler.check_response(response)\n_ _ _ _ _ _ _ _ _ _ _ _ _ _ _ _ _ _ _ _ _ _ _ _ _ _ _ _ _ _ _ _ _ _ _ _ _ _ _ _ \n\nself = <selenium.webdriver.remote.errorhandler.ErrorHandler object at 0x7f1c4a381950>\nresponse = {'status': 404, 'value': '{\"value\":{\"error\":\"no such element\",\"message\":\"no such element: Unable to locate element: {\\...\\\\n#16 0x5611ce105750 \\\\u003Cunknown>\\\\n#17 0x5611ce11548c \\\\u003Cunknown>\\\\n#18 0x7f03487c3134 \\\\u003Cunknown>\\\\n\"}}'}\n\n    def check_response(self, response: Dict[str, Any]) -> None:\n        \"\"\"Checks that a JSON response from the WebDriver does not have an\n        error.\n    \n        :Args:\n         - response - The JSON response from the WebDriver server as a dictionary\n           object.\n    \n        :Raises: If the response contains an error message.\n        \"\"\"\n        status = response.get(\"status\", None)\n        if not status or status == ErrorCode.SUCCESS:\n            return\n        value = None\n        message = response.get(\"message\", \"\")\n        screen: str = response.get(\"screen\", \"\")\n        stacktrace = None\n        if isinstance(status, int):\n            value_json = response.get(\"value\", None)\n            if value_json and isinstance(value_json, str):\n                import json\n    \n                try:\n                    value = json.loads(value_json)\n                    if len(value) == 1:\n                        value = value[\"value\"]\n                    status = value.get(\"error\", None)\n                    if not status:\n                        status = value.get(\"status\", ErrorCode.UNKNOWN_ERROR)\n                        message = value.get(\"value\") or value.get(\"message\")\n                        if not isinstance(message, str):\n                            value = message\n                            message = message.get(\"message\")\n                    else:\n                        message = value.get(\"message\", None)\n                except ValueError:\n                    pass\n    \n        exception_class: Type[WebDriverException]\n        e = ErrorCode()\n        error_codes = [item for item in dir(e) if not item.startswith(\"__\")]\n        for error_code in error_codes:\n            error_info = getattr(ErrorCode, error_code)\n            if isinstance(error_info, list) and status in error_info:\n                exception_class = getattr(ExceptionMapping, error_code, WebDriverException)\n                break\n        else:\n            exception_class = WebDriverException\n    \n        if not value:\n            value = response[\"value\"]\n        if isinstance(value, str):\n            raise exception_class(value)\n        if message == \"\" and \"message\" in value:\n            message = value[\"message\"]\n    \n        screen = None  # type: ignore[assignment]\n        if \"screen\" in value:\n            screen = value[\"screen\"]\n    \n        stacktrace = None\n        st_value = value.get(\"stackTrace\") or value.get(\"stacktrace\")\n        if st_value:\n            if isinstance(st_value, str):\n                stacktrace = st_value.split(\"\\n\")\n            else:\n                stacktrace = []\n                try:\n                    for frame in st_value:\n                        line = frame.get(\"lineNumber\", \"\")\n                        file = frame.get(\"fileName\", \"<anonymous>\")\n                        if line:\n                            file = f\"{file}:{line}\"\n                        meth = frame.get(\"methodName\", \"<anonymous>\")\n                        if \"className\" in frame:\n                            meth = f\"{frame['className']}.{meth}\"\n                        msg = \"    at %s (%s)\"\n                        msg = msg % (meth, file)\n                        stacktrace.append(msg)\n                except TypeError:\n                    pass\n        if exception_class == UnexpectedAlertPresentException:\n            alert_text = None\n            if \"data\" in value:\n                alert_text = value[\"data\"].get(\"text\")\n            elif \"alert\" in value:\n                alert_text = value[\"alert\"].get(\"text\")\n            raise exception_class(message, screen, stacktrace, alert_text)  # type: ignore[call-arg]  # mypy is not smart enough here\n>       raise exception_class(message, screen, stacktrace)\nE       selenium.common.exceptions.NoSuchElementException: Message: no such element: Unable to locate element: {\"method\":\"xpath\",\"selector\":\"(//a[@class='add-to-cart yellow-btn'])[1]\"}\nE         (Session info: chrome-headless-shell=127.0.6533.72); For documentation on this error, please visit: https://www.selenium.dev/documentation/webdriver/troubleshooting/errors#no-such-element-exception\nE       Stacktrace:\nE       #0 0x5611ce1166ba <unknown>\nE       #1 0x5611cdde6730 <unknown>\nE       #2 0x5611cde35d9b <unknown>\nE       #3 0x5611cde36081 <unknown>\nE       #4 0x5611cde79cd4 <unknown>\nE       #5 0x5611cde58a7d <unknown>\nE       #6 0x5611cde771ca <unknown>\nE       #7 0x5611cde587f3 <unknown>\nE       #8 0x5611cde28ec9 <unknown>\nE       #9 0x5611cde2991e <unknown>\nE       #10 0x5611ce0dc9eb <unknown>\nE       #11 0x5611ce0e0972 <unknown>\nE       #12 0x5611ce0c9e15 <unknown>\nE       #13 0x5611ce0e1502 <unknown>\nE       #14 0x5611ce0aed2f <unknown>\nE       #15 0x5611ce105578 <unknown>\nE       #16 0x5611ce105750 <unknown>\nE       #17 0x5611ce11548c <unknown>\nE       #18 0x7f03487c3134 <unknown>\n\n/usr/local/lib/python3.11/site-packages/selenium/webdriver/remote/errorhandler.py:229: NoSuchElementException","flaky":false,"newFailed":false,"newBroken":false,"newPassed":false,"retriesCount":0,"retriesStatusChange":false,"beforeStages":[{"name":"_session_faker","time":{"start":1722214696466,"stop":1722214696560,"duration":94},"status":"passed","steps":[],"attachments":[],"parameters":[],"shouldDisplayMessage":false,"stepsCount":0,"attachmentsCount":0,"hasContent":false,"attachmentStep":false},{"name":"clear_allure_results_folder","time":{"start":1722214696560,"stop":1722214696561,"duration":1},"status":"passed","steps":[],"attachments":[],"parameters":[],"shouldDisplayMessage":false,"stepsCount":0,"attachmentsCount":0,"hasContent":false,"attachmentStep":false},{"name":"driver","time":{"start":1722214893347,"stop":1722214894110,"duration":763},"status":"passed","steps":[],"attachments":[],"parameters":[],"shouldDisplayMessage":false,"stepsCount":0,"attachmentsCount":0,"hasContent":false,"attachmentStep":false},{"name":"setup","time":{"start":1722214894110,"stop":1722214894110,"duration":0},"status":"passed","steps":[],"attachments":[],"parameters":[],"shouldDisplayMessage":false,"stepsCount":0,"attachmentsCount":0,"hasContent":false,"attachmentStep":false}],"testStage":{"status":"skipped","statusMessage":"XFAIL\n\nselenium.common.exceptions.NoSuchElementException: Message: no such element: Unable to locate element: {\"method\":\"xpath\",\"selector\":\"(//a[@class='add-to-cart yellow-btn'])[1]\"}\n  (Session info: chrome-headless-shell=127.0.6533.72); For documentation on this error, please visit: https://www.selenium.dev/documentation/webdriver/troubleshooting/errors#no-such-element-exception\nStacktrace:\n#0 0x5611ce1166ba <unknown>\n#1 0x5611cdde6730 <unknown>\n#2 0x5611cde35d9b <unknown>\n#3 0x5611cde36081 <unknown>\n#4 0x5611cde79cd4 <unknown>\n#5 0x5611cde58a7d <unknown>\n#6 0x5611cde771ca <unknown>\n#7 0x5611cde587f3 <unknown>\n#8 0x5611cde28ec9 <unknown>\n#9 0x5611cde2991e <unknown>\n#10 0x5611ce0dc9eb <unknown>\n#11 0x5611ce0e0972 <unknown>\n#12 0x5611ce0c9e15 <unknown>\n#13 0x5611ce0e1502 <unknown>\n#14 0x5611ce0aed2f <unknown>\n#15 0x5611ce105578 <unknown>\n#16 0x5611ce105750 <unknown>\n#17 0x5611ce11548c <unknown>\n#18 0x7f03487c3134 <unknown>","statusTrace":"self = <tests.delivery.test_delivery_calculation.TestDeliveryPageCalculation object at 0x7f1c4a259150>\ndriver = <selenium.webdriver.chrome.webdriver.WebDriver (session=\"414203ad74f758b814b9cecdd9de26ca\")>\nurl = 'https://sandboxtest.stroyrem-nn.ru/', case_id = 'TD 001'\nlink_item = 'products/uroven---uglomer-elektronnyj-kapro-992', amount = 1\nweight = 30, standard = 0, in_time = 1590, all_time = 2190\n\n    @pytest.mark.parametrize('case_id, link_item, amount, weight, standard, in_time, all_time', [\n        (\"TD 001\", uroven_3000, 1, 30, 0, 1590, 2190),\n        (\"TD 002\", bundeks_25, 1, 30, 400, 1590, 2190),\n        (\"TD 003\", aksolit_30, 8, 300, 400, 1590, 2190),\n        (\"TD 004\", aksolit_30, 13, 400, 450, 1590, 2190),\n        (\"TD 005\", aksolit_30, 16, 500, 600, 1590, 2190),\n        (\"TD 006\", aksolit_30, 25, 1700, 990, 1990, 2480),\n        (\"TD 007\", aksolit_30, 66, 2000, 1300, 2490, 2980),\n        (\"TD 008\", aksolit_30, 149, 4500, 2300, 3980, 4490),\n        (\"TD 009\", aksolit_30, 166, 5000, 2500, 4990, 5480),\n        pytest.param(\n            \"TD 010\", aksolit_30, 206, 6200, 2900, 5570, 6120,\n            marks=pytest.mark.xfail(reson=\"Цена доставки 3600 7960 8980\")\n        ),\n        (\"TD 011\", aksolit_30, 299, 9000, 3600, 7960, 8980),\n        (\"TD 012\", aksolit_30, 333, 10000, 4450, 11990, 12500),\n        pytest.param(\n            \"TD 013\", aksolit_30, 366, 11000, 4800, 12450, 13480,\n            marks=pytest.mark.xfail(reason=\"Цена стандартной доставки 4450\")\n        ),\n        pytest.param(\n            \"TD 014\", aksolit_30, 666, 20000, 5400, 15600, 17490,\n            marks=pytest.mark.xfail(reason=\"Цена стандартной доставки 4450\")\n        )\n    ])\n    @pytest.mark.xfail\n    @pytest.mark.smoke_test\n    def test_positive_delivery_green_zone_smoke(\n            self, driver, url, case_id, link_item, amount, weight, standard, in_time, all_time\n    ):\n    \n        driver.get(f'{url}{link_item}')\n        item_page = ItemPage(driver)\n>       item_page.add_item_to_cart(amount).click_on_cart()\n\ntests/delivery/test_delivery_calculation.py:50: \n_ _ _ _ _ _ _ _ _ _ _ _ _ _ _ _ _ _ _ _ _ _ _ _ _ _ _ _ _ _ _ _ _ _ _ _ _ _ _ _ \npages/item_page.py:40: in add_item_to_cart\n    self.find_element(self._add_item).click()\nbase/seleniumbase.py:17: in find_element\n    return self.driver.find_element(*locator)\n/usr/local/lib/python3.11/site-packages/selenium/webdriver/remote/webdriver.py:739: in find_element\n    return self.execute(Command.FIND_ELEMENT, {\"using\": by, \"value\": value})[\"value\"]\n/usr/local/lib/python3.11/site-packages/selenium/webdriver/remote/webdriver.py:345: in execute\n    self.error_handler.check_response(response)\n_ _ _ _ _ _ _ _ _ _ _ _ _ _ _ _ _ _ _ _ _ _ _ _ _ _ _ _ _ _ _ _ _ _ _ _ _ _ _ _ \n\nself = <selenium.webdriver.remote.errorhandler.ErrorHandler object at 0x7f1c4a381950>\nresponse = {'status': 404, 'value': '{\"value\":{\"error\":\"no such element\",\"message\":\"no such element: Unable to locate element: {\\...\\\\n#16 0x5611ce105750 \\\\u003Cunknown>\\\\n#17 0x5611ce11548c \\\\u003Cunknown>\\\\n#18 0x7f03487c3134 \\\\u003Cunknown>\\\\n\"}}'}\n\n    def check_response(self, response: Dict[str, Any]) -> None:\n        \"\"\"Checks that a JSON response from the WebDriver does not have an\n        error.\n    \n        :Args:\n         - response - The JSON response from the WebDriver server as a dictionary\n           object.\n    \n        :Raises: If the response contains an error message.\n        \"\"\"\n        status = response.get(\"status\", None)\n        if not status or status == ErrorCode.SUCCESS:\n            return\n        value = None\n        message = response.get(\"message\", \"\")\n        screen: str = response.get(\"screen\", \"\")\n        stacktrace = None\n        if isinstance(status, int):\n            value_json = response.get(\"value\", None)\n            if value_json and isinstance(value_json, str):\n                import json\n    \n                try:\n                    value = json.loads(value_json)\n                    if len(value) == 1:\n                        value = value[\"value\"]\n                    status = value.get(\"error\", None)\n                    if not status:\n                        status = value.get(\"status\", ErrorCode.UNKNOWN_ERROR)\n                        message = value.get(\"value\") or value.get(\"message\")\n                        if not isinstance(message, str):\n                            value = message\n                            message = message.get(\"message\")\n                    else:\n                        message = value.get(\"message\", None)\n                except ValueError:\n                    pass\n    \n        exception_class: Type[WebDriverException]\n        e = ErrorCode()\n        error_codes = [item for item in dir(e) if not item.startswith(\"__\")]\n        for error_code in error_codes:\n            error_info = getattr(ErrorCode, error_code)\n            if isinstance(error_info, list) and status in error_info:\n                exception_class = getattr(ExceptionMapping, error_code, WebDriverException)\n                break\n        else:\n            exception_class = WebDriverException\n    \n        if not value:\n            value = response[\"value\"]\n        if isinstance(value, str):\n            raise exception_class(value)\n        if message == \"\" and \"message\" in value:\n            message = value[\"message\"]\n    \n        screen = None  # type: ignore[assignment]\n        if \"screen\" in value:\n            screen = value[\"screen\"]\n    \n        stacktrace = None\n        st_value = value.get(\"stackTrace\") or value.get(\"stacktrace\")\n        if st_value:\n            if isinstance(st_value, str):\n                stacktrace = st_value.split(\"\\n\")\n            else:\n                stacktrace = []\n                try:\n                    for frame in st_value:\n                        line = frame.get(\"lineNumber\", \"\")\n                        file = frame.get(\"fileName\", \"<anonymous>\")\n                        if line:\n                            file = f\"{file}:{line}\"\n                        meth = frame.get(\"methodName\", \"<anonymous>\")\n                        if \"className\" in frame:\n                            meth = f\"{frame['className']}.{meth}\"\n                        msg = \"    at %s (%s)\"\n                        msg = msg % (meth, file)\n                        stacktrace.append(msg)\n                except TypeError:\n                    pass\n        if exception_class == UnexpectedAlertPresentException:\n            alert_text = None\n            if \"data\" in value:\n                alert_text = value[\"data\"].get(\"text\")\n            elif \"alert\" in value:\n                alert_text = value[\"alert\"].get(\"text\")\n            raise exception_class(message, screen, stacktrace, alert_text)  # type: ignore[call-arg]  # mypy is not smart enough here\n>       raise exception_class(message, screen, stacktrace)\nE       selenium.common.exceptions.NoSuchElementException: Message: no such element: Unable to locate element: {\"method\":\"xpath\",\"selector\":\"(//a[@class='add-to-cart yellow-btn'])[1]\"}\nE         (Session info: chrome-headless-shell=127.0.6533.72); For documentation on this error, please visit: https://www.selenium.dev/documentation/webdriver/troubleshooting/errors#no-such-element-exception\nE       Stacktrace:\nE       #0 0x5611ce1166ba <unknown>\nE       #1 0x5611cdde6730 <unknown>\nE       #2 0x5611cde35d9b <unknown>\nE       #3 0x5611cde36081 <unknown>\nE       #4 0x5611cde79cd4 <unknown>\nE       #5 0x5611cde58a7d <unknown>\nE       #6 0x5611cde771ca <unknown>\nE       #7 0x5611cde587f3 <unknown>\nE       #8 0x5611cde28ec9 <unknown>\nE       #9 0x5611cde2991e <unknown>\nE       #10 0x5611ce0dc9eb <unknown>\nE       #11 0x5611ce0e0972 <unknown>\nE       #12 0x5611ce0c9e15 <unknown>\nE       #13 0x5611ce0e1502 <unknown>\nE       #14 0x5611ce0aed2f <unknown>\nE       #15 0x5611ce105578 <unknown>\nE       #16 0x5611ce105750 <unknown>\nE       #17 0x5611ce11548c <unknown>\nE       #18 0x7f03487c3134 <unknown>\n\n/usr/local/lib/python3.11/site-packages/selenium/webdriver/remote/errorhandler.py:229: NoSuchElementException","steps":[{"name":"Добавляем товар в корзину в количестве 1","time":{"start":1722214894634,"stop":1722214894654,"duration":20},"status":"broken","statusMessage":"selenium.common.exceptions.NoSuchElementException: Message: no such element: Unable to locate element: {\"method\":\"xpath\",\"selector\":\"(//a[@class='add-to-cart yellow-btn'])[1]\"}\n  (Session info: chrome-headless-shell=127.0.6533.72); For documentation on this error, please visit: https://www.selenium.dev/documentation/webdriver/troubleshooting/errors#no-such-element-exception\nStacktrace:\n#0 0x5611ce1166ba <unknown>\n#1 0x5611cdde6730 <unknown>\n#2 0x5611cde35d9b <unknown>\n#3 0x5611cde36081 <unknown>\n#4 0x5611cde79cd4 <unknown>\n#5 0x5611cde58a7d <unknown>\n#6 0x5611cde771ca <unknown>\n#7 0x5611cde587f3 <unknown>\n#8 0x5611cde28ec9 <unknown>\n#9 0x5611cde2991e <unknown>\n#10 0x5611ce0dc9eb <unknown>\n#11 0x5611ce0e0972 <unknown>\n#12 0x5611ce0c9e15 <unknown>\n#13 0x5611ce0e1502 <unknown>\n#14 0x5611ce0aed2f <unknown>\n#15 0x5611ce105578 <unknown>\n#16 0x5611ce105750 <unknown>\n#17 0x5611ce11548c <unknown>\n#18 0x7f03487c3134 <unknown>\n\n","statusTrace":"  File \"/usr/local/lib/python3.11/site-packages/allure_commons/_allure.py\", line 192, in impl\n    return func(*a, **kw)\n           ^^^^^^^^^^^^^^\n  File \"/app/pages/item_page.py\", line 40, in add_item_to_cart\n    self.find_element(self._add_item).click()\n    ^^^^^^^^^^^^^^^^^^^^^^^^^^^^^^^^^\n  File \"/app/base/seleniumbase.py\", line 17, in find_element\n    return self.driver.find_element(*locator)\n           ^^^^^^^^^^^^^^^^^^^^^^^^^^^^^^^^^^\n  File \"/usr/local/lib/python3.11/site-packages/selenium/webdriver/remote/webdriver.py\", line 739, in find_element\n    return self.execute(Command.FIND_ELEMENT, {\"using\": by, \"value\": value})[\"value\"]\n           ^^^^^^^^^^^^^^^^^^^^^^^^^^^^^^^^^^^^^^^^^^^^^^^^^^^^^^^^^^^^^^^^^\n  File \"/usr/local/lib/python3.11/site-packages/selenium/webdriver/remote/webdriver.py\", line 345, in execute\n    self.error_handler.check_response(response)\n  File \"/usr/local/lib/python3.11/site-packages/selenium/webdriver/remote/errorhandler.py\", line 229, in check_response\n    raise exception_class(message, screen, stacktrace)\n","steps":[],"attachments":[],"parameters":[{"name":"amount","value":"1"}],"shouldDisplayMessage":true,"stepsCount":0,"attachmentsCount":0,"hasContent":true,"attachmentStep":false}],"attachments":[{"uid":"9ed876ea6c54f6fc","name":"Screenshot","source":"9ed876ea6c54f6fc.png","type":"image/png","size":4720},{"uid":"814137634269ed2f","name":"HTML source","source":"814137634269ed2f.html","type":"text/html","size":39}],"parameters":[],"shouldDisplayMessage":true,"stepsCount":1,"attachmentsCount":2,"hasContent":true,"attachmentStep":false},"afterStages":[{"name":"setup::0","time":{"start":1722214894753,"stop":1722214894753,"duration":0},"status":"passed","steps":[],"attachments":[],"parameters":[],"shouldDisplayMessage":false,"stepsCount":0,"attachmentsCount":0,"hasContent":false,"attachmentStep":false},{"name":"driver::0","time":{"start":1722214894753,"stop":1722214894815,"duration":62},"status":"passed","steps":[],"attachments":[],"parameters":[],"shouldDisplayMessage":false,"stepsCount":0,"attachmentsCount":0,"hasContent":false,"attachmentStep":false}],"labels":[{"name":"epic","value":"Delivery Page - calculation"},{"name":"tag","value":"smoke_test"},{"name":"tag","value":"@pytest.mark.xfail"},{"name":"parentSuite","value":"tests.delivery"},{"name":"suite","value":"test_delivery_calculation"},{"name":"subSuite","value":"TestDeliveryPageCalculation"},{"name":"host","value":"cf995c08e34b"},{"name":"thread","value":"1-MainThread"},{"name":"framework","value":"pytest"},{"name":"language","value":"cpython3"},{"name":"package","value":"tests.delivery.test_delivery_calculation"},{"name":"resultFormat","value":"allure2"}],"parameters":[{"name":"all_time","value":"2190"},{"name":"amount","value":"1"},{"name":"case_id","value":"'TD 001'"},{"name":"in_time","value":"1590"},{"name":"link_item","value":"'products/uroven---uglomer-elektronnyj-kapro-992'"},{"name":"standard","value":"0"},{"name":"url","value":"'https://sandboxtest.stroyrem-nn.ru/'"},{"name":"weight","value":"30"}],"links":[],"hidden":false,"retry":false,"extra":{"severity":"normal","retries":[],"categories":[],"history":{"statistic":{"failed":0,"broken":0,"skipped":61,"passed":0,"unknown":0,"total":61},"items":[{"uid":"e136c4aa5c261d93","reportUrl":"https://Nat754.github.io/StroyremAutomation/382//#testresult/e136c4aa5c261d93","status":"skipped","statusDetails":"XFAIL\n\nselenium.common.exceptions.NoSuchElementException: Message: no such element: Unable to locate element: {\"method\":\"xpath\",\"selector\":\"(//a[@class='add-to-cart yellow-btn'])[1]\"}\n  (Session info: chrome-headless-shell=127.0.6533.72); For documentation on this error, please visit: https://www.selenium.dev/documentation/webdriver/troubleshooting/errors#no-such-element-exception\nStacktrace:\n#0 0x5558d61116ba <unknown>\n#1 0x5558d5de1730 <unknown>\n#2 0x5558d5e30d9b <unknown>\n#3 0x5558d5e31081 <unknown>\n#4 0x5558d5e74cd4 <unknown>\n#5 0x5558d5e53a7d <unknown>\n#6 0x5558d5e721ca <unknown>\n#7 0x5558d5e537f3 <unknown>\n#8 0x5558d5e23ec9 <unknown>\n#9 0x5558d5e2491e <unknown>\n#10 0x5558d60d79eb <unknown>\n#11 0x5558d60db972 <unknown>\n#12 0x5558d60c4e15 <unknown>\n#13 0x5558d60dc502 <unknown>\n#14 0x5558d60a9d2f <unknown>\n#15 0x5558d6100578 <unknown>\n#16 0x5558d6100750 <unknown>\n#17 0x5558d611048c <unknown>\n#18 0x7fa43f3f9134 <unknown>","time":{"start":1722128689957,"stop":1722128690563,"duration":606}},{"uid":"d8eb1b33d4a2598e","reportUrl":"https://Nat754.github.io/StroyremAutomation/381//#testresult/d8eb1b33d4a2598e","status":"skipped","statusDetails":"XFAIL\n\nselenium.common.exceptions.NoSuchElementException: Message: no such element: Unable to locate element: {\"method\":\"xpath\",\"selector\":\"(//a[@class='add-to-cart yellow-btn'])[1]\"}\n  (Session info: chrome-headless-shell=127.0.6533.72); For documentation on this error, please visit: https://www.selenium.dev/documentation/webdriver/troubleshooting/errors#no-such-element-exception\nStacktrace:\n#0 0x55a2a97726ba <unknown>\n#1 0x55a2a9442730 <unknown>\n#2 0x55a2a9491d9b <unknown>\n#3 0x55a2a9492081 <unknown>\n#4 0x55a2a94d5cd4 <unknown>\n#5 0x55a2a94b4a7d <unknown>\n#6 0x55a2a94d31ca <unknown>\n#7 0x55a2a94b47f3 <unknown>\n#8 0x55a2a9484ec9 <unknown>\n#9 0x55a2a948591e <unknown>\n#10 0x55a2a97389eb <unknown>\n#11 0x55a2a973c972 <unknown>\n#12 0x55a2a9725e15 <unknown>\n#13 0x55a2a973d502 <unknown>\n#14 0x55a2a970ad2f <unknown>\n#15 0x55a2a9761578 <unknown>\n#16 0x55a2a9761750 <unknown>\n#17 0x55a2a977148c <unknown>\n#18 0x7fe2456ec134 <unknown>","time":{"start":1722041957868,"stop":1722041958285,"duration":417}},{"uid":"32b32a0e1fea8e19","reportUrl":"https://Nat754.github.io/StroyremAutomation/380//#testresult/32b32a0e1fea8e19","status":"skipped","statusDetails":"XFAIL\n\nselenium.common.exceptions.NoSuchElementException: Message: no such element: Unable to locate element: {\"method\":\"xpath\",\"selector\":\"(//a[@class='add-to-cart yellow-btn'])[1]\"}\n  (Session info: chrome-headless-shell=127.0.6533.72); For documentation on this error, please visit: https://www.selenium.dev/documentation/webdriver/troubleshooting/errors#no-such-element-exception\nStacktrace:\n#0 0x55e9067ef6ba <unknown>\n#1 0x55e9064bf730 <unknown>\n#2 0x55e90650ed9b <unknown>\n#3 0x55e90650f081 <unknown>\n#4 0x55e906552cd4 <unknown>\n#5 0x55e906531a7d <unknown>\n#6 0x55e9065501ca <unknown>\n#7 0x55e9065317f3 <unknown>\n#8 0x55e906501ec9 <unknown>\n#9 0x55e90650291e <unknown>\n#10 0x55e9067b59eb <unknown>\n#11 0x55e9067b9972 <unknown>\n#12 0x55e9067a2e15 <unknown>\n#13 0x55e9067ba502 <unknown>\n#14 0x55e906787d2f <unknown>\n#15 0x55e9067de578 <unknown>\n#16 0x55e9067de750 <unknown>\n#17 0x55e9067ee48c <unknown>\n#18 0x7f90d231b134 <unknown>","time":{"start":1721955565018,"stop":1721955565577,"duration":559}},{"uid":"b97dc71451608d6","reportUrl":"https://Nat754.github.io/StroyremAutomation/379//#testresult/b97dc71451608d6","status":"skipped","statusDetails":"XFAIL\n\nselenium.common.exceptions.NoSuchElementException: Message: no such element: Unable to locate element: {\"method\":\"xpath\",\"selector\":\"(//a[@class='add-to-cart yellow-btn'])[1]\"}\n  (Session info: chrome-headless-shell=127.0.6533.72); For documentation on this error, please visit: https://www.selenium.dev/documentation/webdriver/troubleshooting/errors#no-such-element-exception\nStacktrace:\n#0 0x55a4042686ba <unknown>\n#1 0x55a403f38730 <unknown>\n#2 0x55a403f87d9b <unknown>\n#3 0x55a403f88081 <unknown>\n#4 0x55a403fcbcd4 <unknown>\n#5 0x55a403faaa7d <unknown>\n#6 0x55a403fc91ca <unknown>\n#7 0x55a403faa7f3 <unknown>\n#8 0x55a403f7aec9 <unknown>\n#9 0x55a403f7b91e <unknown>\n#10 0x55a40422e9eb <unknown>\n#11 0x55a404232972 <unknown>\n#12 0x55a40421be15 <unknown>\n#13 0x55a404233502 <unknown>\n#14 0x55a404200d2f <unknown>\n#15 0x55a404257578 <unknown>\n#16 0x55a404257750 <unknown>\n#17 0x55a40426748c <unknown>\n#18 0x7f7c7da59134 <unknown>","time":{"start":1721869240301,"stop":1721869241936,"duration":1635}},{"uid":"ba0ca3cc9e5ab283","reportUrl":"https://Nat754.github.io/StroyremAutomation/378//#testresult/ba0ca3cc9e5ab283","status":"skipped","statusDetails":"XFAIL\n\nselenium.common.exceptions.NoSuchElementException: Message: no such element: Unable to locate element: {\"method\":\"xpath\",\"selector\":\"(//a[@class='add-to-cart yellow-btn'])[1]\"}\n  (Session info: chrome-headless-shell=127.0.6533.72); For documentation on this error, please visit: https://www.selenium.dev/documentation/webdriver/troubleshooting/errors#no-such-element-exception\nStacktrace:\n#0 0x55aea0e436ba <unknown>\n#1 0x55aea0b13730 <unknown>\n#2 0x55aea0b62d9b <unknown>\n#3 0x55aea0b63081 <unknown>\n#4 0x55aea0ba6cd4 <unknown>\n#5 0x55aea0b85a7d <unknown>\n#6 0x55aea0ba41ca <unknown>\n#7 0x55aea0b857f3 <unknown>\n#8 0x55aea0b55ec9 <unknown>\n#9 0x55aea0b5691e <unknown>\n#10 0x55aea0e099eb <unknown>\n#11 0x55aea0e0d972 <unknown>\n#12 0x55aea0df6e15 <unknown>\n#13 0x55aea0e0e502 <unknown>\n#14 0x55aea0ddbd2f <unknown>\n#15 0x55aea0e32578 <unknown>\n#16 0x55aea0e32750 <unknown>\n#17 0x55aea0e4248c <unknown>\n#18 0x7f2697219134 <unknown>","time":{"start":1721782895593,"stop":1721782896209,"duration":616}},{"uid":"311eaf734c6af29","reportUrl":"https://Nat754.github.io/StroyremAutomation/377//#testresult/311eaf734c6af29","status":"skipped","statusDetails":"XFAIL\n\nselenium.common.exceptions.NoSuchElementException: Message: no such element: Unable to locate element: {\"method\":\"xpath\",\"selector\":\"(//a[@class='add-to-cart yellow-btn'])[1]\"}\n  (Session info: chrome-headless-shell=126.0.6478.182); For documentation on this error, please visit: https://www.selenium.dev/documentation/webdriver/troubleshooting/errors#no-such-element-exception\nStacktrace:\n#0 0x561c0df36c5a <unknown>\n#1 0x561c0dc19e2c <unknown>\n#2 0x561c0dc66661 <unknown>\n#3 0x561c0dc66751 <unknown>\n#4 0x561c0dcaaf64 <unknown>\n#5 0x561c0dc895ed <unknown>\n#6 0x561c0dca8303 <unknown>\n#7 0x561c0dc89363 <unknown>\n#8 0x561c0dc59247 <unknown>\n#9 0x561c0dc59b9e <unknown>\n#10 0x561c0defd22b <unknown>\n#11 0x561c0df012d1 <unknown>\n#12 0x561c0dee8ade <unknown>\n#13 0x561c0df01e32 <unknown>\n#14 0x561c0decd77f <unknown>\n#15 0x561c0df26618 <unknown>\n#16 0x561c0df267f0 <unknown>\n#17 0x561c0df35d8c <unknown>\n#18 0x7f2a24a23134 <unknown>","time":{"start":1721696454309,"stop":1721696454876,"duration":567}},{"uid":"848bc95e52bcfe03","reportUrl":"https://Nat754.github.io/StroyremAutomation/376//#testresult/848bc95e52bcfe03","status":"skipped","statusDetails":"XFAIL\n\nselenium.common.exceptions.NoSuchElementException: Message: no such element: Unable to locate element: {\"method\":\"xpath\",\"selector\":\"(//a[@class='add-to-cart yellow-btn'])[1]\"}\n  (Session info: chrome-headless-shell=126.0.6478.182); For documentation on this error, please visit: https://www.selenium.dev/documentation/webdriver/troubleshooting/errors#no-such-element-exception\nStacktrace:\n#0 0x5645793bac5a <unknown>\n#1 0x56457909de2c <unknown>\n#2 0x5645790ea661 <unknown>\n#3 0x5645790ea751 <unknown>\n#4 0x56457912ef64 <unknown>\n#5 0x56457910d5ed <unknown>\n#6 0x56457912c303 <unknown>\n#7 0x56457910d363 <unknown>\n#8 0x5645790dd247 <unknown>\n#9 0x5645790ddb9e <unknown>\n#10 0x56457938122b <unknown>\n#11 0x5645793852d1 <unknown>\n#12 0x56457936cade <unknown>\n#13 0x564579385e32 <unknown>\n#14 0x56457935177f <unknown>\n#15 0x5645793aa618 <unknown>\n#16 0x5645793aa7f0 <unknown>\n#17 0x5645793b9d8c <unknown>\n#18 0x7f5764767134 <unknown>","time":{"start":1721610148823,"stop":1721610149593,"duration":770}},{"uid":"3a94c51399bee465","reportUrl":"https://Nat754.github.io/StroyremAutomation/375//#testresult/3a94c51399bee465","status":"skipped","statusDetails":"XFAIL\n\nselenium.common.exceptions.NoSuchElementException: Message: no such element: Unable to locate element: {\"method\":\"xpath\",\"selector\":\"(//a[@class='add-to-cart yellow-btn'])[1]\"}\n  (Session info: chrome-headless-shell=126.0.6478.182); For documentation on this error, please visit: https://www.selenium.dev/documentation/webdriver/troubleshooting/errors#no-such-element-exception\nStacktrace:\n#0 0x563c54ae0c5a <unknown>\n#1 0x563c547c3e2c <unknown>\n#2 0x563c54810661 <unknown>\n#3 0x563c54810751 <unknown>\n#4 0x563c54854f64 <unknown>\n#5 0x563c548335ed <unknown>\n#6 0x563c54852303 <unknown>\n#7 0x563c54833363 <unknown>\n#8 0x563c54803247 <unknown>\n#9 0x563c54803b9e <unknown>\n#10 0x563c54aa722b <unknown>\n#11 0x563c54aab2d1 <unknown>\n#12 0x563c54a92ade <unknown>\n#13 0x563c54aabe32 <unknown>\n#14 0x563c54a7777f <unknown>\n#15 0x563c54ad0618 <unknown>\n#16 0x563c54ad07f0 <unknown>\n#17 0x563c54adfd8c <unknown>\n#18 0x7fed28fc8134 <unknown>","time":{"start":1721523858904,"stop":1721523859305,"duration":401}},{"uid":"d1dd783395053240","reportUrl":"https://Nat754.github.io/StroyremAutomation/374//#testresult/d1dd783395053240","status":"skipped","statusDetails":"XFAIL\n\nselenium.common.exceptions.NoSuchElementException: Message: no such element: Unable to locate element: {\"method\":\"xpath\",\"selector\":\"(//a[@class='add-to-cart yellow-btn'])[1]\"}\n  (Session info: chrome-headless-shell=126.0.6478.182); For documentation on this error, please visit: https://www.selenium.dev/documentation/webdriver/troubleshooting/errors#no-such-element-exception\nStacktrace:\n#0 0x55b0f9199c5a <unknown>\n#1 0x55b0f8e7ce2c <unknown>\n#2 0x55b0f8ec9661 <unknown>\n#3 0x55b0f8ec9751 <unknown>\n#4 0x55b0f8f0df64 <unknown>\n#5 0x55b0f8eec5ed <unknown>\n#6 0x55b0f8f0b303 <unknown>\n#7 0x55b0f8eec363 <unknown>\n#8 0x55b0f8ebc247 <unknown>\n#9 0x55b0f8ebcb9e <unknown>\n#10 0x55b0f916022b <unknown>\n#11 0x55b0f91642d1 <unknown>\n#12 0x55b0f914bade <unknown>\n#13 0x55b0f9164e32 <unknown>\n#14 0x55b0f913077f <unknown>\n#15 0x55b0f9189618 <unknown>\n#16 0x55b0f91897f0 <unknown>\n#17 0x55b0f9198d8c <unknown>\n#18 0x7f6910d99134 <unknown>","time":{"start":1721437175166,"stop":1721437175732,"duration":566}},{"uid":"97e4d4ee497d161d","reportUrl":"https://Nat754.github.io/StroyremAutomation/373//#testresult/97e4d4ee497d161d","status":"skipped","statusDetails":"XFAIL\n\nselenium.common.exceptions.NoSuchElementException: Message: no such element: Unable to locate element: {\"method\":\"xpath\",\"selector\":\"(//a[@class='add-to-cart yellow-btn'])[1]\"}\n  (Session info: chrome-headless-shell=126.0.6478.182); For documentation on this error, please visit: https://www.selenium.dev/documentation/webdriver/troubleshooting/errors#no-such-element-exception\nStacktrace:\n#0 0x5630ccf0dc5a <unknown>\n#1 0x5630ccbf0e2c <unknown>\n#2 0x5630ccc3d661 <unknown>\n#3 0x5630ccc3d751 <unknown>\n#4 0x5630ccc81f64 <unknown>\n#5 0x5630ccc605ed <unknown>\n#6 0x5630ccc7f303 <unknown>\n#7 0x5630ccc60363 <unknown>\n#8 0x5630ccc30247 <unknown>\n#9 0x5630ccc30b9e <unknown>\n#10 0x5630cced422b <unknown>\n#11 0x5630cced82d1 <unknown>\n#12 0x5630ccebfade <unknown>\n#13 0x5630cced8e32 <unknown>\n#14 0x5630ccea477f <unknown>\n#15 0x5630ccefd618 <unknown>\n#16 0x5630ccefd7f0 <unknown>\n#17 0x5630ccf0cd8c <unknown>\n#18 0x7fbcc3b0a134 <unknown>","time":{"start":1721350821021,"stop":1721350821624,"duration":603}},{"uid":"de1cff0406a198be","reportUrl":"https://Nat754.github.io/StroyremAutomation/372//#testresult/de1cff0406a198be","status":"skipped","statusDetails":"XFAIL\n\nselenium.common.exceptions.NoSuchElementException: Message: no such element: Unable to locate element: {\"method\":\"xpath\",\"selector\":\"(//a[@class='add-to-cart yellow-btn'])[1]\"}\n  (Session info: chrome-headless-shell=126.0.6478.182); For documentation on this error, please visit: https://www.selenium.dev/documentation/webdriver/troubleshooting/errors#no-such-element-exception\nStacktrace:\n#0 0x55a3f001bc5a <unknown>\n#1 0x55a3efcfee2c <unknown>\n#2 0x55a3efd4b661 <unknown>\n#3 0x55a3efd4b751 <unknown>\n#4 0x55a3efd8ff64 <unknown>\n#5 0x55a3efd6e5ed <unknown>\n#6 0x55a3efd8d303 <unknown>\n#7 0x55a3efd6e363 <unknown>\n#8 0x55a3efd3e247 <unknown>\n#9 0x55a3efd3eb9e <unknown>\n#10 0x55a3effe222b <unknown>\n#11 0x55a3effe62d1 <unknown>\n#12 0x55a3effcdade <unknown>\n#13 0x55a3effe6e32 <unknown>\n#14 0x55a3effb277f <unknown>\n#15 0x55a3f000b618 <unknown>\n#16 0x55a3f000b7f0 <unknown>\n#17 0x55a3f001ad8c <unknown>\n#18 0x7faeea690134 <unknown>","time":{"start":1721264396183,"stop":1721264396734,"duration":551}},{"uid":"6b2af2a4e78f6f2f","reportUrl":"https://Nat754.github.io/StroyremAutomation/371//#testresult/6b2af2a4e78f6f2f","status":"skipped","statusDetails":"XFAIL\n\nselenium.common.exceptions.NoSuchElementException: Message: no such element: Unable to locate element: {\"method\":\"xpath\",\"selector\":\"(//a[@class='add-to-cart yellow-btn'])[1]\"}\n  (Session info: chrome-headless-shell=126.0.6478.182); For documentation on this error, please visit: https://www.selenium.dev/documentation/webdriver/troubleshooting/errors#no-such-element-exception\nStacktrace:\n#0 0x563ac9ab6c5a <unknown>\n#1 0x563ac9799e2c <unknown>\n#2 0x563ac97e6661 <unknown>\n#3 0x563ac97e6751 <unknown>\n#4 0x563ac982af64 <unknown>\n#5 0x563ac98095ed <unknown>\n#6 0x563ac9828303 <unknown>\n#7 0x563ac9809363 <unknown>\n#8 0x563ac97d9247 <unknown>\n#9 0x563ac97d9b9e <unknown>\n#10 0x563ac9a7d22b <unknown>\n#11 0x563ac9a812d1 <unknown>\n#12 0x563ac9a68ade <unknown>\n#13 0x563ac9a81e32 <unknown>\n#14 0x563ac9a4d77f <unknown>\n#15 0x563ac9aa6618 <unknown>\n#16 0x563ac9aa67f0 <unknown>\n#17 0x563ac9ab5d8c <unknown>\n#18 0x7f40ace3d134 <unknown>","time":{"start":1721178016850,"stop":1721178017363,"duration":513}},{"uid":"a8be267f81b58021","reportUrl":"https://Nat754.github.io/StroyremAutomation/370//#testresult/a8be267f81b58021","status":"skipped","statusDetails":"XFAIL\n\nselenium.common.exceptions.NoSuchElementException: Message: no such element: Unable to locate element: {\"method\":\"xpath\",\"selector\":\"(//a[@class='add-to-cart yellow-btn'])[1]\"}\n  (Session info: chrome-headless-shell=126.0.6478.126); For documentation on this error, please visit: https://www.selenium.dev/documentation/webdriver/troubleshooting/errors#no-such-element-exception\nStacktrace:\n#0 0x562e6ca16c7a <unknown>\n#1 0x562e6c6f9e2c <unknown>\n#2 0x562e6c746661 <unknown>\n#3 0x562e6c746751 <unknown>\n#4 0x562e6c78af64 <unknown>\n#5 0x562e6c7695ed <unknown>\n#6 0x562e6c788303 <unknown>\n#7 0x562e6c769363 <unknown>\n#8 0x562e6c739247 <unknown>\n#9 0x562e6c739b9e <unknown>\n#10 0x562e6c9dd24b <unknown>\n#11 0x562e6c9e12f1 <unknown>\n#12 0x562e6c9c8afe <unknown>\n#13 0x562e6c9e1e52 <unknown>\n#14 0x562e6c9ad79f <unknown>\n#15 0x562e6ca06638 <unknown>\n#16 0x562e6ca06810 <unknown>\n#17 0x562e6ca15dac <unknown>\n#18 0x7fec512f7134 <unknown>","time":{"start":1721091655863,"stop":1721091656479,"duration":616}},{"uid":"e4bb3fbde94f41b3","reportUrl":"https://Nat754.github.io/StroyremAutomation/369//#testresult/e4bb3fbde94f41b3","status":"skipped","statusDetails":"XFAIL\n\nselenium.common.exceptions.NoSuchElementException: Message: no such element: Unable to locate element: {\"method\":\"xpath\",\"selector\":\"(//a[@class='add-to-cart yellow-btn'])[1]\"}\n  (Session info: chrome-headless-shell=126.0.6478.126); For documentation on this error, please visit: https://www.selenium.dev/documentation/webdriver/troubleshooting/errors#no-such-element-exception\nStacktrace:\n#0 0x55ff3647cc7a <unknown>\n#1 0x55ff3615fe2c <unknown>\n#2 0x55ff361ac661 <unknown>\n#3 0x55ff361ac751 <unknown>\n#4 0x55ff361f0f64 <unknown>\n#5 0x55ff361cf5ed <unknown>\n#6 0x55ff361ee303 <unknown>\n#7 0x55ff361cf363 <unknown>\n#8 0x55ff3619f247 <unknown>\n#9 0x55ff3619fb9e <unknown>\n#10 0x55ff3644324b <unknown>\n#11 0x55ff364472f1 <unknown>\n#12 0x55ff3642eafe <unknown>\n#13 0x55ff36447e52 <unknown>\n#14 0x55ff3641379f <unknown>\n#15 0x55ff3646c638 <unknown>\n#16 0x55ff3646c810 <unknown>\n#17 0x55ff3647bdac <unknown>\n#18 0x7f498c5ed134 <unknown>","time":{"start":1721005359135,"stop":1721005359749,"duration":614}},{"uid":"cd3d879aa3884d79","reportUrl":"https://Nat754.github.io/StroyremAutomation/368//#testresult/cd3d879aa3884d79","status":"skipped","statusDetails":"XFAIL\n\nselenium.common.exceptions.NoSuchElementException: Message: no such element: Unable to locate element: {\"method\":\"xpath\",\"selector\":\"(//a[@class='add-to-cart yellow-btn'])[1]\"}\n  (Session info: chrome-headless-shell=126.0.6478.126); For documentation on this error, please visit: https://www.selenium.dev/documentation/webdriver/troubleshooting/errors#no-such-element-exception\nStacktrace:\n#0 0x56552fbcac7a <unknown>\n#1 0x56552f8ade2c <unknown>\n#2 0x56552f8fa661 <unknown>\n#3 0x56552f8fa751 <unknown>\n#4 0x56552f93ef64 <unknown>\n#5 0x56552f91d5ed <unknown>\n#6 0x56552f93c303 <unknown>\n#7 0x56552f91d363 <unknown>\n#8 0x56552f8ed247 <unknown>\n#9 0x56552f8edb9e <unknown>\n#10 0x56552fb9124b <unknown>\n#11 0x56552fb952f1 <unknown>\n#12 0x56552fb7cafe <unknown>\n#13 0x56552fb95e52 <unknown>\n#14 0x56552fb6179f <unknown>\n#15 0x56552fbba638 <unknown>\n#16 0x56552fbba810 <unknown>\n#17 0x56552fbc9dac <unknown>\n#18 0x7fa3a5d4a134 <unknown>","time":{"start":1720919075914,"stop":1720919076323,"duration":409}},{"uid":"6693e47a2bacfad1","reportUrl":"https://Nat754.github.io/StroyremAutomation/367//#testresult/6693e47a2bacfad1","status":"skipped","statusDetails":"XFAIL\n\nselenium.common.exceptions.NoSuchElementException: Message: no such element: Unable to locate element: {\"method\":\"xpath\",\"selector\":\"(//a[@class='add-to-cart yellow-btn'])[1]\"}\n  (Session info: chrome-headless-shell=126.0.6478.126); For documentation on this error, please visit: https://www.selenium.dev/documentation/webdriver/troubleshooting/errors#no-such-element-exception\nStacktrace:\n#0 0x55c23dbefc7a <unknown>\n#1 0x55c23d8d2e2c <unknown>\n#2 0x55c23d91f661 <unknown>\n#3 0x55c23d91f751 <unknown>\n#4 0x55c23d963f64 <unknown>\n#5 0x55c23d9425ed <unknown>\n#6 0x55c23d961303 <unknown>\n#7 0x55c23d942363 <unknown>\n#8 0x55c23d912247 <unknown>\n#9 0x55c23d912b9e <unknown>\n#10 0x55c23dbb624b <unknown>\n#11 0x55c23dbba2f1 <unknown>\n#12 0x55c23dba1afe <unknown>\n#13 0x55c23dbbae52 <unknown>\n#14 0x55c23db8679f <unknown>\n#15 0x55c23dbdf638 <unknown>\n#16 0x55c23dbdf810 <unknown>\n#17 0x55c23dbeedac <unknown>\n#18 0x7fe05c21d134 <unknown>","time":{"start":1720832377508,"stop":1720832377915,"duration":407}},{"uid":"7ce80c74d3c735ad","reportUrl":"https://Nat754.github.io/StroyremAutomation/366//#testresult/7ce80c74d3c735ad","status":"skipped","statusDetails":"XFAIL\n\nselenium.common.exceptions.NoSuchElementException: Message: no such element: Unable to locate element: {\"method\":\"xpath\",\"selector\":\"(//a[@class='add-to-cart yellow-btn'])[1]\"}\n  (Session info: chrome-headless-shell=126.0.6478.126); For documentation on this error, please visit: https://www.selenium.dev/documentation/webdriver/troubleshooting/errors#no-such-element-exception\nStacktrace:\n#0 0x556f91080c7a <unknown>\n#1 0x556f90d63e2c <unknown>\n#2 0x556f90db0661 <unknown>\n#3 0x556f90db0751 <unknown>\n#4 0x556f90df4f64 <unknown>\n#5 0x556f90dd35ed <unknown>\n#6 0x556f90df2303 <unknown>\n#7 0x556f90dd3363 <unknown>\n#8 0x556f90da3247 <unknown>\n#9 0x556f90da3b9e <unknown>\n#10 0x556f9104724b <unknown>\n#11 0x556f9104b2f1 <unknown>\n#12 0x556f91032afe <unknown>\n#13 0x556f9104be52 <unknown>\n#14 0x556f9101779f <unknown>\n#15 0x556f91070638 <unknown>\n#16 0x556f91070810 <unknown>\n#17 0x556f9107fdac <unknown>\n#18 0x7f16882c6134 <unknown>","time":{"start":1720745988917,"stop":1720745989540,"duration":623}},{"uid":"2362ac95142c0ac1","reportUrl":"https://Nat754.github.io/StroyremAutomation/365//#testresult/2362ac95142c0ac1","status":"skipped","statusDetails":"XFAIL\n\nselenium.common.exceptions.NoSuchElementException: Message: no such element: Unable to locate element: {\"method\":\"xpath\",\"selector\":\"(//a[@class='add-to-cart yellow-btn'])[1]\"}\n  (Session info: chrome-headless-shell=126.0.6478.126); For documentation on this error, please visit: https://www.selenium.dev/documentation/webdriver/troubleshooting/errors#no-such-element-exception\nStacktrace:\n#0 0x55a370cf3c7a <unknown>\n#1 0x55a3709d6e2c <unknown>\n#2 0x55a370a23661 <unknown>\n#3 0x55a370a23751 <unknown>\n#4 0x55a370a67f64 <unknown>\n#5 0x55a370a465ed <unknown>\n#6 0x55a370a65303 <unknown>\n#7 0x55a370a46363 <unknown>\n#8 0x55a370a16247 <unknown>\n#9 0x55a370a16b9e <unknown>\n#10 0x55a370cba24b <unknown>\n#11 0x55a370cbe2f1 <unknown>\n#12 0x55a370ca5afe <unknown>\n#13 0x55a370cbee52 <unknown>\n#14 0x55a370c8a79f <unknown>\n#15 0x55a370ce3638 <unknown>\n#16 0x55a370ce3810 <unknown>\n#17 0x55a370cf2dac <unknown>\n#18 0x7ff7d3386134 <unknown>","time":{"start":1720659625712,"stop":1720659626184,"duration":472}},{"uid":"4cb0af2c517c484c","reportUrl":"https://Nat754.github.io/StroyremAutomation/364//#testresult/4cb0af2c517c484c","status":"skipped","statusDetails":"XFAIL\n\nselenium.common.exceptions.NoSuchElementException: Message: no such element: Unable to locate element: {\"method\":\"xpath\",\"selector\":\"(//a[@class='add-to-cart yellow-btn'])[1]\"}\n  (Session info: chrome-headless-shell=126.0.6478.126); For documentation on this error, please visit: https://www.selenium.dev/documentation/webdriver/troubleshooting/errors#no-such-element-exception\nStacktrace:\n#0 0x560f07a62c7a <unknown>\n#1 0x560f07745e2c <unknown>\n#2 0x560f07792661 <unknown>\n#3 0x560f07792751 <unknown>\n#4 0x560f077d6f64 <unknown>\n#5 0x560f077b55ed <unknown>\n#6 0x560f077d4303 <unknown>\n#7 0x560f077b5363 <unknown>\n#8 0x560f07785247 <unknown>\n#9 0x560f07785b9e <unknown>\n#10 0x560f07a2924b <unknown>\n#11 0x560f07a2d2f1 <unknown>\n#12 0x560f07a14afe <unknown>\n#13 0x560f07a2de52 <unknown>\n#14 0x560f079f979f <unknown>\n#15 0x560f07a52638 <unknown>\n#16 0x560f07a52810 <unknown>\n#17 0x560f07a61dac <unknown>\n#18 0x7f257387a134 <unknown>","time":{"start":1720573232204,"stop":1720573232671,"duration":467}},{"uid":"5af17fbffd3eae","reportUrl":"https://Nat754.github.io/StroyremAutomation/363//#testresult/5af17fbffd3eae","status":"skipped","statusDetails":"XFAIL\n\nselenium.common.exceptions.NoSuchElementException: Message: no such element: Unable to locate element: {\"method\":\"xpath\",\"selector\":\"(//a[@class='add-to-cart yellow-btn'])[1]\"}\n  (Session info: chrome-headless-shell=126.0.6478.126); For documentation on this error, please visit: https://www.selenium.dev/documentation/webdriver/troubleshooting/errors#no-such-element-exception\nStacktrace:\n#0 0x55f374d97c7a <unknown>\n#1 0x55f374a7ae2c <unknown>\n#2 0x55f374ac7661 <unknown>\n#3 0x55f374ac7751 <unknown>\n#4 0x55f374b0bf64 <unknown>\n#5 0x55f374aea5ed <unknown>\n#6 0x55f374b09303 <unknown>\n#7 0x55f374aea363 <unknown>\n#8 0x55f374aba247 <unknown>\n#9 0x55f374abab9e <unknown>\n#10 0x55f374d5e24b <unknown>\n#11 0x55f374d622f1 <unknown>\n#12 0x55f374d49afe <unknown>\n#13 0x55f374d62e52 <unknown>\n#14 0x55f374d2e79f <unknown>\n#15 0x55f374d87638 <unknown>\n#16 0x55f374d87810 <unknown>\n#17 0x55f374d96dac <unknown>\n#18 0x7f86e7e37134 <unknown>","time":{"start":1720486807272,"stop":1720486807867,"duration":595}}]},"tags":["@pytest.mark.xfail","smoke_test"]},"source":"b3afd682adec1e1.json","parameterValues":["2190","1","'TD 001'","1590","'products/uroven---uglomer-elektronnyj-kapro-992'","0","'https://sandboxtest.stroyrem-nn.ru/'","30"]}