{"uid":"967d56312f926eb7","name":"TD 026 Доставка товара весом до 11000кг. в синей зоне","fullName":"tests.delivery.test_delivery_calculation.TestDeliveryPageCalculation#test_positive_delivery_blue_zone_smoke","historyId":"8627394da03f78c724b6bd3e4cd7677c","time":{"start":1721178048610,"stop":1721178048910,"duration":300},"status":"skipped","statusMessage":"XFAIL\n\nselenium.common.exceptions.NoSuchElementException: Message: no such element: Unable to locate element: {\"method\":\"xpath\",\"selector\":\"(//a[@class='add-to-cart yellow-btn'])[1]\"}\n  (Session info: chrome-headless-shell=126.0.6478.182); For documentation on this error, please visit: https://www.selenium.dev/documentation/webdriver/troubleshooting/errors#no-such-element-exception\nStacktrace:\n#0 0x5646a080bc5a <unknown>\n#1 0x5646a04eee2c <unknown>\n#2 0x5646a053b661 <unknown>\n#3 0x5646a053b751 <unknown>\n#4 0x5646a057ff64 <unknown>\n#5 0x5646a055e5ed <unknown>\n#6 0x5646a057d303 <unknown>\n#7 0x5646a055e363 <unknown>\n#8 0x5646a052e247 <unknown>\n#9 0x5646a052eb9e <unknown>\n#10 0x5646a07d222b <unknown>\n#11 0x5646a07d62d1 <unknown>\n#12 0x5646a07bdade <unknown>\n#13 0x5646a07d6e32 <unknown>\n#14 0x5646a07a277f <unknown>\n#15 0x5646a07fb618 <unknown>\n#16 0x5646a07fb7f0 <unknown>\n#17 0x5646a080ad8c <unknown>\n#18 0x7f5316b08134 <unknown>","statusTrace":"self = <tests.delivery.test_delivery_calculation.TestDeliveryPageCalculation object at 0x7fcea496e610>\ndriver = <selenium.webdriver.chrome.webdriver.WebDriver (session=\"f4dc9b0ec94d44bb2232f119a35e8bd3\")>\nurl = 'https://sandboxtest.stroyrem-nn.ru/', case_id = 'TD 026'\nlink_item = 'products/shtukaturka-gipsovaya-aksolit-m50-30-kg-mashinnogo-naneseniya'\namount = 366, weight = 11000, standard = 8000, in_time = 14900, all_time = 19900\n\n    @pytest.mark.parametrize('case_id, link_item, amount, weight, standard, in_time, all_time', [\n        (\"TD 015\", bundeks_25, 1, 30, 650, 2390, 3320),\n        pytest.param(\n            \"TD 016\", aksolit_30, 8, 300, 650, 2390, 3320,\n            marks=pytest.mark.xfail(reson=\"Цена доставки: - - -\")\n        ),\n        (\"TD 017\", aksolit_30, 13, 400, 650, 2390, 3320),\n        (\"TD 018\", aksolit_30, 16, 500, 850, 2490, 3320),\n        (\"TD 019\", aksolit_30, 25, 1700, 1150, 2490, 3320),\n        (\"TD 020\", aksolit_30, 66, 2000, 1500, 2990, 3650),\n        (\"TD 021\", aksolit_30, 149, 4500, 2600, 4380, 4890),\n        (\"TD 022\", aksolit_30, 166, 5000, 2800, 5490, 5980),\n        pytest.param(\n            \"TD 023\", aksolit_30, 206, 6200, 3300, 7500, 8000,\n            marks=pytest.mark.xfail(reson=\"Цена доставки: 4300 9900 11440\")\n        ),\n        (\"TD 024\", aksolit_30, 299, 9000, 4300, 9900, 11440),\n        (\"TD 025\", aksolit_30, 333, 10000, 7000, 13900, 15900),\n        pytest.param(\n            \"TD 026\", aksolit_30, 366, 11000, 8000, 14900, 19900,\n            marks=pytest.mark.xfail(reson=\"Цена доставки: 7000 13900 15900\")\n        ),\n        pytest.param(\n            \"TD 027\", aksolit_30, 666, 20000, 14000, 16900, 23900,\n            marks=pytest.mark.xfail(reson=\"Цена доставки: 7000 13900 15900\")\n        )\n    ])\n    @pytest.mark.xfail\n    @pytest.mark.smoke_test\n    def test_positive_delivery_blue_zone_smoke(\n            self, driver, url, case_id, link_item, amount, weight, standard, in_time, all_time\n    ):\n        allure.dynamic.title(f\"{case_id} Доставка товара весом до {weight}кг. в синей зоне\")\n    \n        driver.get(f'{url}{link_item}')\n        item_page = ItemPage(driver)\n>       item_page.add_item_to_cart(amount).click_on_cart()\n\ntests/delivery/test_delivery_calculation.py:132: \n_ _ _ _ _ _ _ _ _ _ _ _ _ _ _ _ _ _ _ _ _ _ _ _ _ _ _ _ _ _ _ _ _ _ _ _ _ _ _ _ \npages/item_page.py:40: in add_item_to_cart\n    self.find_element(self._add_item).click()\nbase/seleniumbase.py:17: in find_element\n    return self.driver.find_element(*locator)\n/usr/local/lib/python3.11/site-packages/selenium/webdriver/remote/webdriver.py:739: in find_element\n    return self.execute(Command.FIND_ELEMENT, {\"using\": by, \"value\": value})[\"value\"]\n/usr/local/lib/python3.11/site-packages/selenium/webdriver/remote/webdriver.py:345: in execute\n    self.error_handler.check_response(response)\n_ _ _ _ _ _ _ _ _ _ _ _ _ _ _ _ _ _ _ _ _ _ _ _ _ _ _ _ _ _ _ _ _ _ _ _ _ _ _ _ \n\nself = <selenium.webdriver.remote.errorhandler.ErrorHandler object at 0x7fcea373a950>\nresponse = {'status': 404, 'value': '{\"value\":{\"error\":\"no such element\",\"message\":\"no such element: Unable to locate element: {\\...\\\\n#16 0x5646a07fb7f0 \\\\u003Cunknown>\\\\n#17 0x5646a080ad8c \\\\u003Cunknown>\\\\n#18 0x7f5316b08134 \\\\u003Cunknown>\\\\n\"}}'}\n\n    def check_response(self, response: Dict[str, Any]) -> None:\n        \"\"\"Checks that a JSON response from the WebDriver does not have an\n        error.\n    \n        :Args:\n         - response - The JSON response from the WebDriver server as a dictionary\n           object.\n    \n        :Raises: If the response contains an error message.\n        \"\"\"\n        status = response.get(\"status\", None)\n        if not status or status == ErrorCode.SUCCESS:\n            return\n        value = None\n        message = response.get(\"message\", \"\")\n        screen: str = response.get(\"screen\", \"\")\n        stacktrace = None\n        if isinstance(status, int):\n            value_json = response.get(\"value\", None)\n            if value_json and isinstance(value_json, str):\n                import json\n    \n                try:\n                    value = json.loads(value_json)\n                    if len(value) == 1:\n                        value = value[\"value\"]\n                    status = value.get(\"error\", None)\n                    if not status:\n                        status = value.get(\"status\", ErrorCode.UNKNOWN_ERROR)\n                        message = value.get(\"value\") or value.get(\"message\")\n                        if not isinstance(message, str):\n                            value = message\n                            message = message.get(\"message\")\n                    else:\n                        message = value.get(\"message\", None)\n                except ValueError:\n                    pass\n    \n        exception_class: Type[WebDriverException]\n        e = ErrorCode()\n        error_codes = [item for item in dir(e) if not item.startswith(\"__\")]\n        for error_code in error_codes:\n            error_info = getattr(ErrorCode, error_code)\n            if isinstance(error_info, list) and status in error_info:\n                exception_class = getattr(ExceptionMapping, error_code, WebDriverException)\n                break\n        else:\n            exception_class = WebDriverException\n    \n        if not value:\n            value = response[\"value\"]\n        if isinstance(value, str):\n            raise exception_class(value)\n        if message == \"\" and \"message\" in value:\n            message = value[\"message\"]\n    \n        screen = None  # type: ignore[assignment]\n        if \"screen\" in value:\n            screen = value[\"screen\"]\n    \n        stacktrace = None\n        st_value = value.get(\"stackTrace\") or value.get(\"stacktrace\")\n        if st_value:\n            if isinstance(st_value, str):\n                stacktrace = st_value.split(\"\\n\")\n            else:\n                stacktrace = []\n                try:\n                    for frame in st_value:\n                        line = frame.get(\"lineNumber\", \"\")\n                        file = frame.get(\"fileName\", \"<anonymous>\")\n                        if line:\n                            file = f\"{file}:{line}\"\n                        meth = frame.get(\"methodName\", \"<anonymous>\")\n                        if \"className\" in frame:\n                            meth = f\"{frame['className']}.{meth}\"\n                        msg = \"    at %s (%s)\"\n                        msg = msg % (meth, file)\n                        stacktrace.append(msg)\n                except TypeError:\n                    pass\n        if exception_class == UnexpectedAlertPresentException:\n            alert_text = None\n            if \"data\" in value:\n                alert_text = value[\"data\"].get(\"text\")\n            elif \"alert\" in value:\n                alert_text = value[\"alert\"].get(\"text\")\n            raise exception_class(message, screen, stacktrace, alert_text)  # type: ignore[call-arg]  # mypy is not smart enough here\n>       raise exception_class(message, screen, stacktrace)\nE       selenium.common.exceptions.NoSuchElementException: Message: no such element: Unable to locate element: {\"method\":\"xpath\",\"selector\":\"(//a[@class='add-to-cart yellow-btn'])[1]\"}\nE         (Session info: chrome-headless-shell=126.0.6478.182); For documentation on this error, please visit: https://www.selenium.dev/documentation/webdriver/troubleshooting/errors#no-such-element-exception\nE       Stacktrace:\nE       #0 0x5646a080bc5a <unknown>\nE       #1 0x5646a04eee2c <unknown>\nE       #2 0x5646a053b661 <unknown>\nE       #3 0x5646a053b751 <unknown>\nE       #4 0x5646a057ff64 <unknown>\nE       #5 0x5646a055e5ed <unknown>\nE       #6 0x5646a057d303 <unknown>\nE       #7 0x5646a055e363 <unknown>\nE       #8 0x5646a052e247 <unknown>\nE       #9 0x5646a052eb9e <unknown>\nE       #10 0x5646a07d222b <unknown>\nE       #11 0x5646a07d62d1 <unknown>\nE       #12 0x5646a07bdade <unknown>\nE       #13 0x5646a07d6e32 <unknown>\nE       #14 0x5646a07a277f <unknown>\nE       #15 0x5646a07fb618 <unknown>\nE       #16 0x5646a07fb7f0 <unknown>\nE       #17 0x5646a080ad8c <unknown>\nE       #18 0x7f5316b08134 <unknown>\n\n/usr/local/lib/python3.11/site-packages/selenium/webdriver/remote/errorhandler.py:229: NoSuchElementException","flaky":false,"newFailed":false,"newBroken":false,"newPassed":false,"retriesCount":0,"retriesStatusChange":false,"beforeStages":[{"name":"_session_faker","time":{"start":1721177789149,"stop":1721177789218,"duration":69},"status":"passed","steps":[],"attachments":[],"parameters":[],"shouldDisplayMessage":false,"stepsCount":0,"attachmentsCount":0,"hasContent":false,"attachmentStep":false},{"name":"clear_allure_results_folder","time":{"start":1721177789218,"stop":1721177789219,"duration":1},"status":"passed","steps":[],"attachments":[],"parameters":[],"shouldDisplayMessage":false,"stepsCount":0,"attachmentsCount":0,"hasContent":false,"attachmentStep":false},{"name":"driver","time":{"start":1721178047922,"stop":1721178048609,"duration":687},"status":"passed","steps":[],"attachments":[],"parameters":[],"shouldDisplayMessage":false,"stepsCount":0,"attachmentsCount":0,"hasContent":false,"attachmentStep":false},{"name":"setup","time":{"start":1721178048609,"stop":1721178048609,"duration":0},"status":"passed","steps":[],"attachments":[],"parameters":[],"shouldDisplayMessage":false,"stepsCount":0,"attachmentsCount":0,"hasContent":false,"attachmentStep":false}],"testStage":{"status":"skipped","statusMessage":"XFAIL\n\nselenium.common.exceptions.NoSuchElementException: Message: no such element: Unable to locate element: {\"method\":\"xpath\",\"selector\":\"(//a[@class='add-to-cart yellow-btn'])[1]\"}\n  (Session info: chrome-headless-shell=126.0.6478.182); For documentation on this error, please visit: https://www.selenium.dev/documentation/webdriver/troubleshooting/errors#no-such-element-exception\nStacktrace:\n#0 0x5646a080bc5a <unknown>\n#1 0x5646a04eee2c <unknown>\n#2 0x5646a053b661 <unknown>\n#3 0x5646a053b751 <unknown>\n#4 0x5646a057ff64 <unknown>\n#5 0x5646a055e5ed <unknown>\n#6 0x5646a057d303 <unknown>\n#7 0x5646a055e363 <unknown>\n#8 0x5646a052e247 <unknown>\n#9 0x5646a052eb9e <unknown>\n#10 0x5646a07d222b <unknown>\n#11 0x5646a07d62d1 <unknown>\n#12 0x5646a07bdade <unknown>\n#13 0x5646a07d6e32 <unknown>\n#14 0x5646a07a277f <unknown>\n#15 0x5646a07fb618 <unknown>\n#16 0x5646a07fb7f0 <unknown>\n#17 0x5646a080ad8c <unknown>\n#18 0x7f5316b08134 <unknown>","statusTrace":"self = <tests.delivery.test_delivery_calculation.TestDeliveryPageCalculation object at 0x7fcea496e610>\ndriver = <selenium.webdriver.chrome.webdriver.WebDriver (session=\"f4dc9b0ec94d44bb2232f119a35e8bd3\")>\nurl = 'https://sandboxtest.stroyrem-nn.ru/', case_id = 'TD 026'\nlink_item = 'products/shtukaturka-gipsovaya-aksolit-m50-30-kg-mashinnogo-naneseniya'\namount = 366, weight = 11000, standard = 8000, in_time = 14900, all_time = 19900\n\n    @pytest.mark.parametrize('case_id, link_item, amount, weight, standard, in_time, all_time', [\n        (\"TD 015\", bundeks_25, 1, 30, 650, 2390, 3320),\n        pytest.param(\n            \"TD 016\", aksolit_30, 8, 300, 650, 2390, 3320,\n            marks=pytest.mark.xfail(reson=\"Цена доставки: - - -\")\n        ),\n        (\"TD 017\", aksolit_30, 13, 400, 650, 2390, 3320),\n        (\"TD 018\", aksolit_30, 16, 500, 850, 2490, 3320),\n        (\"TD 019\", aksolit_30, 25, 1700, 1150, 2490, 3320),\n        (\"TD 020\", aksolit_30, 66, 2000, 1500, 2990, 3650),\n        (\"TD 021\", aksolit_30, 149, 4500, 2600, 4380, 4890),\n        (\"TD 022\", aksolit_30, 166, 5000, 2800, 5490, 5980),\n        pytest.param(\n            \"TD 023\", aksolit_30, 206, 6200, 3300, 7500, 8000,\n            marks=pytest.mark.xfail(reson=\"Цена доставки: 4300 9900 11440\")\n        ),\n        (\"TD 024\", aksolit_30, 299, 9000, 4300, 9900, 11440),\n        (\"TD 025\", aksolit_30, 333, 10000, 7000, 13900, 15900),\n        pytest.param(\n            \"TD 026\", aksolit_30, 366, 11000, 8000, 14900, 19900,\n            marks=pytest.mark.xfail(reson=\"Цена доставки: 7000 13900 15900\")\n        ),\n        pytest.param(\n            \"TD 027\", aksolit_30, 666, 20000, 14000, 16900, 23900,\n            marks=pytest.mark.xfail(reson=\"Цена доставки: 7000 13900 15900\")\n        )\n    ])\n    @pytest.mark.xfail\n    @pytest.mark.smoke_test\n    def test_positive_delivery_blue_zone_smoke(\n            self, driver, url, case_id, link_item, amount, weight, standard, in_time, all_time\n    ):\n        allure.dynamic.title(f\"{case_id} Доставка товара весом до {weight}кг. в синей зоне\")\n    \n        driver.get(f'{url}{link_item}')\n        item_page = ItemPage(driver)\n>       item_page.add_item_to_cart(amount).click_on_cart()\n\ntests/delivery/test_delivery_calculation.py:132: \n_ _ _ _ _ _ _ _ _ _ _ _ _ _ _ _ _ _ _ _ _ _ _ _ _ _ _ _ _ _ _ _ _ _ _ _ _ _ _ _ \npages/item_page.py:40: in add_item_to_cart\n    self.find_element(self._add_item).click()\nbase/seleniumbase.py:17: in find_element\n    return self.driver.find_element(*locator)\n/usr/local/lib/python3.11/site-packages/selenium/webdriver/remote/webdriver.py:739: in find_element\n    return self.execute(Command.FIND_ELEMENT, {\"using\": by, \"value\": value})[\"value\"]\n/usr/local/lib/python3.11/site-packages/selenium/webdriver/remote/webdriver.py:345: in execute\n    self.error_handler.check_response(response)\n_ _ _ _ _ _ _ _ _ _ _ _ _ _ _ _ _ _ _ _ _ _ _ _ _ _ _ _ _ _ _ _ _ _ _ _ _ _ _ _ \n\nself = <selenium.webdriver.remote.errorhandler.ErrorHandler object at 0x7fcea373a950>\nresponse = {'status': 404, 'value': '{\"value\":{\"error\":\"no such element\",\"message\":\"no such element: Unable to locate element: {\\...\\\\n#16 0x5646a07fb7f0 \\\\u003Cunknown>\\\\n#17 0x5646a080ad8c \\\\u003Cunknown>\\\\n#18 0x7f5316b08134 \\\\u003Cunknown>\\\\n\"}}'}\n\n    def check_response(self, response: Dict[str, Any]) -> None:\n        \"\"\"Checks that a JSON response from the WebDriver does not have an\n        error.\n    \n        :Args:\n         - response - The JSON response from the WebDriver server as a dictionary\n           object.\n    \n        :Raises: If the response contains an error message.\n        \"\"\"\n        status = response.get(\"status\", None)\n        if not status or status == ErrorCode.SUCCESS:\n            return\n        value = None\n        message = response.get(\"message\", \"\")\n        screen: str = response.get(\"screen\", \"\")\n        stacktrace = None\n        if isinstance(status, int):\n            value_json = response.get(\"value\", None)\n            if value_json and isinstance(value_json, str):\n                import json\n    \n                try:\n                    value = json.loads(value_json)\n                    if len(value) == 1:\n                        value = value[\"value\"]\n                    status = value.get(\"error\", None)\n                    if not status:\n                        status = value.get(\"status\", ErrorCode.UNKNOWN_ERROR)\n                        message = value.get(\"value\") or value.get(\"message\")\n                        if not isinstance(message, str):\n                            value = message\n                            message = message.get(\"message\")\n                    else:\n                        message = value.get(\"message\", None)\n                except ValueError:\n                    pass\n    \n        exception_class: Type[WebDriverException]\n        e = ErrorCode()\n        error_codes = [item for item in dir(e) if not item.startswith(\"__\")]\n        for error_code in error_codes:\n            error_info = getattr(ErrorCode, error_code)\n            if isinstance(error_info, list) and status in error_info:\n                exception_class = getattr(ExceptionMapping, error_code, WebDriverException)\n                break\n        else:\n            exception_class = WebDriverException\n    \n        if not value:\n            value = response[\"value\"]\n        if isinstance(value, str):\n            raise exception_class(value)\n        if message == \"\" and \"message\" in value:\n            message = value[\"message\"]\n    \n        screen = None  # type: ignore[assignment]\n        if \"screen\" in value:\n            screen = value[\"screen\"]\n    \n        stacktrace = None\n        st_value = value.get(\"stackTrace\") or value.get(\"stacktrace\")\n        if st_value:\n            if isinstance(st_value, str):\n                stacktrace = st_value.split(\"\\n\")\n            else:\n                stacktrace = []\n                try:\n                    for frame in st_value:\n                        line = frame.get(\"lineNumber\", \"\")\n                        file = frame.get(\"fileName\", \"<anonymous>\")\n                        if line:\n                            file = f\"{file}:{line}\"\n                        meth = frame.get(\"methodName\", \"<anonymous>\")\n                        if \"className\" in frame:\n                            meth = f\"{frame['className']}.{meth}\"\n                        msg = \"    at %s (%s)\"\n                        msg = msg % (meth, file)\n                        stacktrace.append(msg)\n                except TypeError:\n                    pass\n        if exception_class == UnexpectedAlertPresentException:\n            alert_text = None\n            if \"data\" in value:\n                alert_text = value[\"data\"].get(\"text\")\n            elif \"alert\" in value:\n                alert_text = value[\"alert\"].get(\"text\")\n            raise exception_class(message, screen, stacktrace, alert_text)  # type: ignore[call-arg]  # mypy is not smart enough here\n>       raise exception_class(message, screen, stacktrace)\nE       selenium.common.exceptions.NoSuchElementException: Message: no such element: Unable to locate element: {\"method\":\"xpath\",\"selector\":\"(//a[@class='add-to-cart yellow-btn'])[1]\"}\nE         (Session info: chrome-headless-shell=126.0.6478.182); For documentation on this error, please visit: https://www.selenium.dev/documentation/webdriver/troubleshooting/errors#no-such-element-exception\nE       Stacktrace:\nE       #0 0x5646a080bc5a <unknown>\nE       #1 0x5646a04eee2c <unknown>\nE       #2 0x5646a053b661 <unknown>\nE       #3 0x5646a053b751 <unknown>\nE       #4 0x5646a057ff64 <unknown>\nE       #5 0x5646a055e5ed <unknown>\nE       #6 0x5646a057d303 <unknown>\nE       #7 0x5646a055e363 <unknown>\nE       #8 0x5646a052e247 <unknown>\nE       #9 0x5646a052eb9e <unknown>\nE       #10 0x5646a07d222b <unknown>\nE       #11 0x5646a07d62d1 <unknown>\nE       #12 0x5646a07bdade <unknown>\nE       #13 0x5646a07d6e32 <unknown>\nE       #14 0x5646a07a277f <unknown>\nE       #15 0x5646a07fb618 <unknown>\nE       #16 0x5646a07fb7f0 <unknown>\nE       #17 0x5646a080ad8c <unknown>\nE       #18 0x7f5316b08134 <unknown>\n\n/usr/local/lib/python3.11/site-packages/selenium/webdriver/remote/errorhandler.py:229: NoSuchElementException","steps":[{"name":"Добавляем товар в корзину в количестве 366","time":{"start":1721178048894,"stop":1721178048910,"duration":16},"status":"broken","statusMessage":"selenium.common.exceptions.NoSuchElementException: Message: no such element: Unable to locate element: {\"method\":\"xpath\",\"selector\":\"(//a[@class='add-to-cart yellow-btn'])[1]\"}\n  (Session info: chrome-headless-shell=126.0.6478.182); For documentation on this error, please visit: https://www.selenium.dev/documentation/webdriver/troubleshooting/errors#no-such-element-exception\nStacktrace:\n#0 0x5646a080bc5a <unknown>\n#1 0x5646a04eee2c <unknown>\n#2 0x5646a053b661 <unknown>\n#3 0x5646a053b751 <unknown>\n#4 0x5646a057ff64 <unknown>\n#5 0x5646a055e5ed <unknown>\n#6 0x5646a057d303 <unknown>\n#7 0x5646a055e363 <unknown>\n#8 0x5646a052e247 <unknown>\n#9 0x5646a052eb9e <unknown>\n#10 0x5646a07d222b <unknown>\n#11 0x5646a07d62d1 <unknown>\n#12 0x5646a07bdade <unknown>\n#13 0x5646a07d6e32 <unknown>\n#14 0x5646a07a277f <unknown>\n#15 0x5646a07fb618 <unknown>\n#16 0x5646a07fb7f0 <unknown>\n#17 0x5646a080ad8c <unknown>\n#18 0x7f5316b08134 <unknown>\n\n","statusTrace":"  File \"/usr/local/lib/python3.11/site-packages/allure_commons/_allure.py\", line 192, in impl\n    return func(*a, **kw)\n           ^^^^^^^^^^^^^^\n  File \"/app/pages/item_page.py\", line 40, in add_item_to_cart\n    self.find_element(self._add_item).click()\n    ^^^^^^^^^^^^^^^^^^^^^^^^^^^^^^^^^\n  File \"/app/base/seleniumbase.py\", line 17, in find_element\n    return self.driver.find_element(*locator)\n           ^^^^^^^^^^^^^^^^^^^^^^^^^^^^^^^^^^\n  File \"/usr/local/lib/python3.11/site-packages/selenium/webdriver/remote/webdriver.py\", line 739, in find_element\n    return self.execute(Command.FIND_ELEMENT, {\"using\": by, \"value\": value})[\"value\"]\n           ^^^^^^^^^^^^^^^^^^^^^^^^^^^^^^^^^^^^^^^^^^^^^^^^^^^^^^^^^^^^^^^^^\n  File \"/usr/local/lib/python3.11/site-packages/selenium/webdriver/remote/webdriver.py\", line 345, in execute\n    self.error_handler.check_response(response)\n  File \"/usr/local/lib/python3.11/site-packages/selenium/webdriver/remote/errorhandler.py\", line 229, in check_response\n    raise exception_class(message, screen, stacktrace)\n","steps":[],"attachments":[],"parameters":[{"name":"amount","value":"366"}],"shouldDisplayMessage":true,"stepsCount":0,"attachmentsCount":0,"hasContent":true,"attachmentStep":false}],"attachments":[{"uid":"eefea2dcb65b383e","name":"Screenshot","source":"eefea2dcb65b383e.png","type":"image/png","size":4720},{"uid":"d7b2da950124389c","name":"HTML source","source":"d7b2da950124389c.html","type":"text/html","size":39}],"parameters":[],"shouldDisplayMessage":true,"stepsCount":1,"attachmentsCount":2,"hasContent":true,"attachmentStep":false},"afterStages":[{"name":"setup::0","time":{"start":1721178049025,"stop":1721178049025,"duration":0},"status":"passed","steps":[],"attachments":[],"parameters":[],"shouldDisplayMessage":false,"stepsCount":0,"attachmentsCount":0,"hasContent":false,"attachmentStep":false},{"name":"driver::0","time":{"start":1721178049026,"stop":1721178049085,"duration":59},"status":"passed","steps":[],"attachments":[],"parameters":[],"shouldDisplayMessage":false,"stepsCount":0,"attachmentsCount":0,"hasContent":false,"attachmentStep":false}],"labels":[{"name":"epic","value":"Delivery Page - calculation"},{"name":"tag","value":"smoke_test"},{"name":"tag","value":"@pytest.mark.xfail"},{"name":"parentSuite","value":"tests.delivery"},{"name":"suite","value":"test_delivery_calculation"},{"name":"subSuite","value":"TestDeliveryPageCalculation"},{"name":"host","value":"6651c47149d4"},{"name":"thread","value":"1-MainThread"},{"name":"framework","value":"pytest"},{"name":"language","value":"cpython3"},{"name":"package","value":"tests.delivery.test_delivery_calculation"},{"name":"resultFormat","value":"allure2"}],"parameters":[{"name":"all_time","value":"19900"},{"name":"amount","value":"366"},{"name":"case_id","value":"'TD 026'"},{"name":"in_time","value":"14900"},{"name":"link_item","value":"'products/shtukaturka-gipsovaya-aksolit-m50-30-kg-mashinnogo-naneseniya'"},{"name":"standard","value":"8000"},{"name":"url","value":"'https://sandboxtest.stroyrem-nn.ru/'"},{"name":"weight","value":"11000"}],"links":[],"hidden":false,"retry":false,"extra":{"severity":"normal","retries":[],"categories":[],"history":{"statistic":{"failed":0,"broken":0,"skipped":49,"passed":0,"unknown":0,"total":49},"items":[{"uid":"fdf43744be662958","reportUrl":"https://Nat754.github.io/StroyremAutomation/370//#testresult/fdf43744be662958","status":"skipped","statusDetails":"XFAIL\n\nselenium.common.exceptions.NoSuchElementException: Message: no such element: Unable to locate element: {\"method\":\"xpath\",\"selector\":\"(//a[@class='add-to-cart yellow-btn'])[1]\"}\n  (Session info: chrome-headless-shell=126.0.6478.126); For documentation on this error, please visit: https://www.selenium.dev/documentation/webdriver/troubleshooting/errors#no-such-element-exception\nStacktrace:\n#0 0x562953e20c7a <unknown>\n#1 0x562953b03e2c <unknown>\n#2 0x562953b50661 <unknown>\n#3 0x562953b50751 <unknown>\n#4 0x562953b94f64 <unknown>\n#5 0x562953b735ed <unknown>\n#6 0x562953b92303 <unknown>\n#7 0x562953b73363 <unknown>\n#8 0x562953b43247 <unknown>\n#9 0x562953b43b9e <unknown>\n#10 0x562953de724b <unknown>\n#11 0x562953deb2f1 <unknown>\n#12 0x562953dd2afe <unknown>\n#13 0x562953debe52 <unknown>\n#14 0x562953db779f <unknown>\n#15 0x562953e10638 <unknown>\n#16 0x562953e10810 <unknown>\n#17 0x562953e1fdac <unknown>\n#18 0x7fcfeafdc134 <unknown>","time":{"start":1721091690184,"stop":1721091690613,"duration":429}},{"uid":"50e1be72f3fc71","reportUrl":"https://Nat754.github.io/StroyremAutomation/369//#testresult/50e1be72f3fc71","status":"skipped","statusDetails":"XFAIL\n\nselenium.common.exceptions.NoSuchElementException: Message: no such element: Unable to locate element: {\"method\":\"xpath\",\"selector\":\"(//a[@class='add-to-cart yellow-btn'])[1]\"}\n  (Session info: chrome-headless-shell=126.0.6478.126); For documentation on this error, please visit: https://www.selenium.dev/documentation/webdriver/troubleshooting/errors#no-such-element-exception\nStacktrace:\n#0 0x55e4c0dc7c7a <unknown>\n#1 0x55e4c0aaae2c <unknown>\n#2 0x55e4c0af7661 <unknown>\n#3 0x55e4c0af7751 <unknown>\n#4 0x55e4c0b3bf64 <unknown>\n#5 0x55e4c0b1a5ed <unknown>\n#6 0x55e4c0b39303 <unknown>\n#7 0x55e4c0b1a363 <unknown>\n#8 0x55e4c0aea247 <unknown>\n#9 0x55e4c0aeab9e <unknown>\n#10 0x55e4c0d8e24b <unknown>\n#11 0x55e4c0d922f1 <unknown>\n#12 0x55e4c0d79afe <unknown>\n#13 0x55e4c0d92e52 <unknown>\n#14 0x55e4c0d5e79f <unknown>\n#15 0x55e4c0db7638 <unknown>\n#16 0x55e4c0db7810 <unknown>\n#17 0x55e4c0dc6dac <unknown>\n#18 0x7f1b32a7c134 <unknown>","time":{"start":1721005393616,"stop":1721005394050,"duration":434}},{"uid":"8600674dd846418c","reportUrl":"https://Nat754.github.io/StroyremAutomation/368//#testresult/8600674dd846418c","status":"skipped","statusDetails":"XFAIL\n\nselenium.common.exceptions.NoSuchElementException: Message: no such element: Unable to locate element: {\"method\":\"xpath\",\"selector\":\"(//a[@class='add-to-cart yellow-btn'])[1]\"}\n  (Session info: chrome-headless-shell=126.0.6478.126); For documentation on this error, please visit: https://www.selenium.dev/documentation/webdriver/troubleshooting/errors#no-such-element-exception\nStacktrace:\n#0 0x558de21efc7a <unknown>\n#1 0x558de1ed2e2c <unknown>\n#2 0x558de1f1f661 <unknown>\n#3 0x558de1f1f751 <unknown>\n#4 0x558de1f63f64 <unknown>\n#5 0x558de1f425ed <unknown>\n#6 0x558de1f61303 <unknown>\n#7 0x558de1f42363 <unknown>\n#8 0x558de1f12247 <unknown>\n#9 0x558de1f12b9e <unknown>\n#10 0x558de21b624b <unknown>\n#11 0x558de21ba2f1 <unknown>\n#12 0x558de21a1afe <unknown>\n#13 0x558de21bae52 <unknown>\n#14 0x558de218679f <unknown>\n#15 0x558de21df638 <unknown>\n#16 0x558de21df810 <unknown>\n#17 0x558de21eedac <unknown>\n#18 0x7fbcefd86134 <unknown>","time":{"start":1720919107679,"stop":1720919107980,"duration":301}},{"uid":"1dc56e130dfa9dd6","reportUrl":"https://Nat754.github.io/StroyremAutomation/367//#testresult/1dc56e130dfa9dd6","status":"skipped","statusDetails":"XFAIL\n\nselenium.common.exceptions.NoSuchElementException: Message: no such element: Unable to locate element: {\"method\":\"xpath\",\"selector\":\"(//a[@class='add-to-cart yellow-btn'])[1]\"}\n  (Session info: chrome-headless-shell=126.0.6478.126); For documentation on this error, please visit: https://www.selenium.dev/documentation/webdriver/troubleshooting/errors#no-such-element-exception\nStacktrace:\n#0 0x561b4a097c7a <unknown>\n#1 0x561b49d7ae2c <unknown>\n#2 0x561b49dc7661 <unknown>\n#3 0x561b49dc7751 <unknown>\n#4 0x561b49e0bf64 <unknown>\n#5 0x561b49dea5ed <unknown>\n#6 0x561b49e09303 <unknown>\n#7 0x561b49dea363 <unknown>\n#8 0x561b49dba247 <unknown>\n#9 0x561b49dbab9e <unknown>\n#10 0x561b4a05e24b <unknown>\n#11 0x561b4a0622f1 <unknown>\n#12 0x561b4a049afe <unknown>\n#13 0x561b4a062e52 <unknown>\n#14 0x561b4a02e79f <unknown>\n#15 0x561b4a087638 <unknown>\n#16 0x561b4a087810 <unknown>\n#17 0x561b4a096dac <unknown>\n#18 0x7f85ace4c134 <unknown>","time":{"start":1720832409415,"stop":1720832409707,"duration":292}},{"uid":"cdbf2ae65d9cb3f8","reportUrl":"https://Nat754.github.io/StroyremAutomation/366//#testresult/cdbf2ae65d9cb3f8","status":"skipped","statusDetails":"XFAIL\n\nselenium.common.exceptions.NoSuchElementException: Message: no such element: Unable to locate element: {\"method\":\"xpath\",\"selector\":\"(//a[@class='add-to-cart yellow-btn'])[1]\"}\n  (Session info: chrome-headless-shell=126.0.6478.126); For documentation on this error, please visit: https://www.selenium.dev/documentation/webdriver/troubleshooting/errors#no-such-element-exception\nStacktrace:\n#0 0x56057ec2ac7a <unknown>\n#1 0x56057e90de2c <unknown>\n#2 0x56057e95a661 <unknown>\n#3 0x56057e95a751 <unknown>\n#4 0x56057e99ef64 <unknown>\n#5 0x56057e97d5ed <unknown>\n#6 0x56057e99c303 <unknown>\n#7 0x56057e97d363 <unknown>\n#8 0x56057e94d247 <unknown>\n#9 0x56057e94db9e <unknown>\n#10 0x56057ebf124b <unknown>\n#11 0x56057ebf52f1 <unknown>\n#12 0x56057ebdcafe <unknown>\n#13 0x56057ebf5e52 <unknown>\n#14 0x56057ebc179f <unknown>\n#15 0x56057ec1a638 <unknown>\n#16 0x56057ec1a810 <unknown>\n#17 0x56057ec29dac <unknown>\n#18 0x7f5de233e134 <unknown>","time":{"start":1720746023377,"stop":1720746023814,"duration":437}},{"uid":"e77977d76eb7d35a","reportUrl":"https://Nat754.github.io/StroyremAutomation/365//#testresult/e77977d76eb7d35a","status":"skipped","statusDetails":"XFAIL\n\nselenium.common.exceptions.NoSuchElementException: Message: no such element: Unable to locate element: {\"method\":\"xpath\",\"selector\":\"(//a[@class='add-to-cart yellow-btn'])[1]\"}\n  (Session info: chrome-headless-shell=126.0.6478.126); For documentation on this error, please visit: https://www.selenium.dev/documentation/webdriver/troubleshooting/errors#no-such-element-exception\nStacktrace:\n#0 0x55fbfa5aac7a <unknown>\n#1 0x55fbfa28de2c <unknown>\n#2 0x55fbfa2da661 <unknown>\n#3 0x55fbfa2da751 <unknown>\n#4 0x55fbfa31ef64 <unknown>\n#5 0x55fbfa2fd5ed <unknown>\n#6 0x55fbfa31c303 <unknown>\n#7 0x55fbfa2fd363 <unknown>\n#8 0x55fbfa2cd247 <unknown>\n#9 0x55fbfa2cdb9e <unknown>\n#10 0x55fbfa57124b <unknown>\n#11 0x55fbfa5752f1 <unknown>\n#12 0x55fbfa55cafe <unknown>\n#13 0x55fbfa575e52 <unknown>\n#14 0x55fbfa54179f <unknown>\n#15 0x55fbfa59a638 <unknown>\n#16 0x55fbfa59a810 <unknown>\n#17 0x55fbfa5a9dac <unknown>\n#18 0x7fc59eb46134 <unknown>","time":{"start":1720659657104,"stop":1720659657441,"duration":337}},{"uid":"e562b5123ffbeeb","reportUrl":"https://Nat754.github.io/StroyremAutomation/364//#testresult/e562b5123ffbeeb","status":"skipped","statusDetails":"XFAIL\n\nselenium.common.exceptions.NoSuchElementException: Message: no such element: Unable to locate element: {\"method\":\"xpath\",\"selector\":\"(//a[@class='add-to-cart yellow-btn'])[1]\"}\n  (Session info: chrome-headless-shell=126.0.6478.126); For documentation on this error, please visit: https://www.selenium.dev/documentation/webdriver/troubleshooting/errors#no-such-element-exception\nStacktrace:\n#0 0x55653e6abc7a <unknown>\n#1 0x55653e38ee2c <unknown>\n#2 0x55653e3db661 <unknown>\n#3 0x55653e3db751 <unknown>\n#4 0x55653e41ff64 <unknown>\n#5 0x55653e3fe5ed <unknown>\n#6 0x55653e41d303 <unknown>\n#7 0x55653e3fe363 <unknown>\n#8 0x55653e3ce247 <unknown>\n#9 0x55653e3ceb9e <unknown>\n#10 0x55653e67224b <unknown>\n#11 0x55653e6762f1 <unknown>\n#12 0x55653e65dafe <unknown>\n#13 0x55653e676e52 <unknown>\n#14 0x55653e64279f <unknown>\n#15 0x55653e69b638 <unknown>\n#16 0x55653e69b810 <unknown>\n#17 0x55653e6aadac <unknown>\n#18 0x7f114e5ca134 <unknown>","time":{"start":1720573263444,"stop":1720573263781,"duration":337}},{"uid":"e72e915f4874c6a3","reportUrl":"https://Nat754.github.io/StroyremAutomation/363//#testresult/e72e915f4874c6a3","status":"skipped","statusDetails":"XFAIL\n\nselenium.common.exceptions.NoSuchElementException: Message: no such element: Unable to locate element: {\"method\":\"xpath\",\"selector\":\"(//a[@class='add-to-cart yellow-btn'])[1]\"}\n  (Session info: chrome-headless-shell=126.0.6478.126); For documentation on this error, please visit: https://www.selenium.dev/documentation/webdriver/troubleshooting/errors#no-such-element-exception\nStacktrace:\n#0 0x558e457bcc7a <unknown>\n#1 0x558e4549fe2c <unknown>\n#2 0x558e454ec661 <unknown>\n#3 0x558e454ec751 <unknown>\n#4 0x558e45530f64 <unknown>\n#5 0x558e4550f5ed <unknown>\n#6 0x558e4552e303 <unknown>\n#7 0x558e4550f363 <unknown>\n#8 0x558e454df247 <unknown>\n#9 0x558e454dfb9e <unknown>\n#10 0x558e4578324b <unknown>\n#11 0x558e457872f1 <unknown>\n#12 0x558e4576eafe <unknown>\n#13 0x558e45787e52 <unknown>\n#14 0x558e4575379f <unknown>\n#15 0x558e457ac638 <unknown>\n#16 0x558e457ac810 <unknown>\n#17 0x558e457bbdac <unknown>\n#18 0x7f0846ad4134 <unknown>","time":{"start":1720486839402,"stop":1720486839798,"duration":396}},{"uid":"c3e79e4c87e37833","reportUrl":"https://Nat754.github.io/StroyremAutomation/362//#testresult/c3e79e4c87e37833","status":"skipped","statusDetails":"XFAIL\n\nselenium.common.exceptions.NoSuchElementException: Message: no such element: Unable to locate element: {\"method\":\"xpath\",\"selector\":\"(//a[@class='add-to-cart yellow-btn'])[1]\"}\n  (Session info: chrome-headless-shell=126.0.6478.126); For documentation on this error, please visit: https://www.selenium.dev/documentation/webdriver/troubleshooting/errors#no-such-element-exception\nStacktrace:\n#0 0x55fd90bc4c7a <unknown>\n#1 0x55fd908a7e2c <unknown>\n#2 0x55fd908f4661 <unknown>\n#3 0x55fd908f4751 <unknown>\n#4 0x55fd90938f64 <unknown>\n#5 0x55fd909175ed <unknown>\n#6 0x55fd90936303 <unknown>\n#7 0x55fd90917363 <unknown>\n#8 0x55fd908e7247 <unknown>\n#9 0x55fd908e7b9e <unknown>\n#10 0x55fd90b8b24b <unknown>\n#11 0x55fd90b8f2f1 <unknown>\n#12 0x55fd90b76afe <unknown>\n#13 0x55fd90b8fe52 <unknown>\n#14 0x55fd90b5b79f <unknown>\n#15 0x55fd90bb4638 <unknown>\n#16 0x55fd90bb4810 <unknown>\n#17 0x55fd90bc3dac <unknown>\n#18 0x7fbac3ee1134 <unknown>","time":{"start":1720400470693,"stop":1720400471252,"duration":559}},{"uid":"71b0cd406ac43b4d","reportUrl":"https://Nat754.github.io/StroyremAutomation/361//#testresult/71b0cd406ac43b4d","status":"skipped","statusDetails":"XFAIL\n\nselenium.common.exceptions.NoSuchElementException: Message: no such element: Unable to locate element: {\"method\":\"xpath\",\"selector\":\"(//a[@class='add-to-cart yellow-btn'])[1]\"}\n  (Session info: chrome-headless-shell=126.0.6478.126); For documentation on this error, please visit: https://www.selenium.dev/documentation/webdriver/troubleshooting/errors#no-such-element-exception\nStacktrace:\n#0 0x5642a77c4c7a <unknown>\n#1 0x5642a74a7e2c <unknown>\n#2 0x5642a74f4661 <unknown>\n#3 0x5642a74f4751 <unknown>\n#4 0x5642a7538f64 <unknown>\n#5 0x5642a75175ed <unknown>\n#6 0x5642a7536303 <unknown>\n#7 0x5642a7517363 <unknown>\n#8 0x5642a74e7247 <unknown>\n#9 0x5642a74e7b9e <unknown>\n#10 0x5642a778b24b <unknown>\n#11 0x5642a778f2f1 <unknown>\n#12 0x5642a7776afe <unknown>\n#13 0x5642a778fe52 <unknown>\n#14 0x5642a775b79f <unknown>\n#15 0x5642a77b4638 <unknown>\n#16 0x5642a77b4810 <unknown>\n#17 0x5642a77c3dac <unknown>\n#18 0x7f9183f86134 <unknown>","time":{"start":1720314231937,"stop":1720314232229,"duration":292}},{"uid":"24e2822eb106c8a","reportUrl":"https://Nat754.github.io/StroyremAutomation/360//#testresult/24e2822eb106c8a","status":"skipped","statusDetails":"XFAIL\n\nselenium.common.exceptions.NoSuchElementException: Message: no such element: Unable to locate element: {\"method\":\"xpath\",\"selector\":\"(//a[@class='add-to-cart yellow-btn'])[1]\"}\n  (Session info: chrome-headless-shell=126.0.6478.126); For documentation on this error, please visit: https://www.selenium.dev/documentation/webdriver/troubleshooting/errors#no-such-element-exception\nStacktrace:\n#0 0x55b78f708c7a <unknown>\n#1 0x55b78f3ebe2c <unknown>\n#2 0x55b78f438661 <unknown>\n#3 0x55b78f438751 <unknown>\n#4 0x55b78f47cf64 <unknown>\n#5 0x55b78f45b5ed <unknown>\n#6 0x55b78f47a303 <unknown>\n#7 0x55b78f45b363 <unknown>\n#8 0x55b78f42b247 <unknown>\n#9 0x55b78f42bb9e <unknown>\n#10 0x55b78f6cf24b <unknown>\n#11 0x55b78f6d32f1 <unknown>\n#12 0x55b78f6baafe <unknown>\n#13 0x55b78f6d3e52 <unknown>\n#14 0x55b78f69f79f <unknown>\n#15 0x55b78f6f8638 <unknown>\n#16 0x55b78f6f8810 <unknown>\n#17 0x55b78f707dac <unknown>\n#18 0x7f78ab605134 <unknown>","time":{"start":1720227496169,"stop":1720227496633,"duration":464}},{"uid":"f81f4ad6e9f9e7c0","reportUrl":"https://Nat754.github.io/StroyremAutomation/359//#testresult/f81f4ad6e9f9e7c0","status":"skipped","statusDetails":"XFAIL\n\nselenium.common.exceptions.NoSuchElementException: Message: no such element: Unable to locate element: {\"method\":\"xpath\",\"selector\":\"(//a[@class='add-to-cart yellow-btn'])[1]\"}\n  (Session info: chrome-headless-shell=126.0.6478.126); For documentation on this error, please visit: https://www.selenium.dev/documentation/webdriver/troubleshooting/errors#no-such-element-exception\nStacktrace:\n#0 0x55af64798c7a <unknown>\n#1 0x55af6447be2c <unknown>\n#2 0x55af644c8661 <unknown>\n#3 0x55af644c8751 <unknown>\n#4 0x55af6450cf64 <unknown>\n#5 0x55af644eb5ed <unknown>\n#6 0x55af6450a303 <unknown>\n#7 0x55af644eb363 <unknown>\n#8 0x55af644bb247 <unknown>\n#9 0x55af644bbb9e <unknown>\n#10 0x55af6475f24b <unknown>\n#11 0x55af647632f1 <unknown>\n#12 0x55af6474aafe <unknown>\n#13 0x55af64763e52 <unknown>\n#14 0x55af6472f79f <unknown>\n#15 0x55af64788638 <unknown>\n#16 0x55af64788810 <unknown>\n#17 0x55af64797dac <unknown>\n#18 0x7fa8a2898134 <unknown>","time":{"start":1720141132014,"stop":1720141132311,"duration":297}},{"uid":"4669ac26a9bbea6c","reportUrl":"https://Nat754.github.io/StroyremAutomation/358//#testresult/4669ac26a9bbea6c","status":"skipped","statusDetails":"XFAIL\n\nselenium.common.exceptions.NoSuchElementException: Message: no such element: Unable to locate element: {\"method\":\"xpath\",\"selector\":\"(//a[@class='add-to-cart yellow-btn'])[1]\"}\n  (Session info: chrome-headless-shell=126.0.6478.126); For documentation on this error, please visit: https://www.selenium.dev/documentation/webdriver/troubleshooting/errors#no-such-element-exception\nStacktrace:\n#0 0x55e2a596cc7a <unknown>\n#1 0x55e2a564fe2c <unknown>\n#2 0x55e2a569c661 <unknown>\n#3 0x55e2a569c751 <unknown>\n#4 0x55e2a56e0f64 <unknown>\n#5 0x55e2a56bf5ed <unknown>\n#6 0x55e2a56de303 <unknown>\n#7 0x55e2a56bf363 <unknown>\n#8 0x55e2a568f247 <unknown>\n#9 0x55e2a568fb9e <unknown>\n#10 0x55e2a593324b <unknown>\n#11 0x55e2a59372f1 <unknown>\n#12 0x55e2a591eafe <unknown>\n#13 0x55e2a5937e52 <unknown>\n#14 0x55e2a590379f <unknown>\n#15 0x55e2a595c638 <unknown>\n#16 0x55e2a595c810 <unknown>\n#17 0x55e2a596bdac <unknown>\n#18 0x7fb1fb702134 <unknown>","time":{"start":1720054761293,"stop":1720054761627,"duration":334}},{"uid":"7a279ad487abea1a","reportUrl":"https://Nat754.github.io/StroyremAutomation/357//#testresult/7a279ad487abea1a","status":"skipped","statusDetails":"XFAIL\n\nselenium.common.exceptions.NoSuchElementException: Message: no such element: Unable to locate element: {\"method\":\"xpath\",\"selector\":\"(//a[@class='add-to-cart yellow-btn'])[1]\"}\n  (Session info: chrome-headless-shell=126.0.6478.126); For documentation on this error, please visit: https://www.selenium.dev/documentation/webdriver/troubleshooting/errors#no-such-element-exception\nStacktrace:\n#0 0x557891a51c7a <unknown>\n#1 0x557891734e2c <unknown>\n#2 0x557891781661 <unknown>\n#3 0x557891781751 <unknown>\n#4 0x5578917c5f64 <unknown>\n#5 0x5578917a45ed <unknown>\n#6 0x5578917c3303 <unknown>\n#7 0x5578917a4363 <unknown>\n#8 0x557891774247 <unknown>\n#9 0x557891774b9e <unknown>\n#10 0x557891a1824b <unknown>\n#11 0x557891a1c2f1 <unknown>\n#12 0x557891a03afe <unknown>\n#13 0x557891a1ce52 <unknown>\n#14 0x5578919e879f <unknown>\n#15 0x557891a41638 <unknown>\n#16 0x557891a41810 <unknown>\n#17 0x557891a50dac <unknown>\n#18 0x7f5b5dff6134 <unknown>","time":{"start":1719968407541,"stop":1719968407875,"duration":334}},{"uid":"5acc6e3a66f4f945","reportUrl":"https://Nat754.github.io/StroyremAutomation/356//#testresult/5acc6e3a66f4f945","status":"skipped","statusDetails":"XFAIL\n\nselenium.common.exceptions.NoSuchElementException: Message: no such element: Unable to locate element: {\"method\":\"xpath\",\"selector\":\"(//a[@class='add-to-cart yellow-btn'])[1]\"}\n  (Session info: chrome-headless-shell=126.0.6478.126); For documentation on this error, please visit: https://www.selenium.dev/documentation/webdriver/troubleshooting/errors#no-such-element-exception\nStacktrace:\n#0 0x55d2e8836c7a <unknown>\n#1 0x55d2e8519e2c <unknown>\n#2 0x55d2e8566661 <unknown>\n#3 0x55d2e8566751 <unknown>\n#4 0x55d2e85aaf64 <unknown>\n#5 0x55d2e85895ed <unknown>\n#6 0x55d2e85a8303 <unknown>\n#7 0x55d2e8589363 <unknown>\n#8 0x55d2e8559247 <unknown>\n#9 0x55d2e8559b9e <unknown>\n#10 0x55d2e87fd24b <unknown>\n#11 0x55d2e88012f1 <unknown>\n#12 0x55d2e87e8afe <unknown>\n#13 0x55d2e8801e52 <unknown>\n#14 0x55d2e87cd79f <unknown>\n#15 0x55d2e8826638 <unknown>\n#16 0x55d2e8826810 <unknown>\n#17 0x55d2e8835dac <unknown>\n#18 0x7f0b87e60134 <unknown>","time":{"start":1719881983989,"stop":1719881984318,"duration":329}},{"uid":"2bf7b806a20815f6","reportUrl":"https://Nat754.github.io/StroyremAutomation/355//#testresult/2bf7b806a20815f6","status":"skipped","statusDetails":"XFAIL\n\nselenium.common.exceptions.NoSuchElementException: Message: no such element: Unable to locate element: {\"method\":\"xpath\",\"selector\":\"(//a[@class='add-to-cart yellow-btn'])[1]\"}\n  (Session info: chrome-headless-shell=126.0.6478.126); For documentation on this error, please visit: https://www.selenium.dev/documentation/webdriver/troubleshooting/errors#no-such-element-exception\nStacktrace:\n#0 0x56385bc19c7a <unknown>\n#1 0x56385b8fce2c <unknown>\n#2 0x56385b949661 <unknown>\n#3 0x56385b949751 <unknown>\n#4 0x56385b98df64 <unknown>\n#5 0x56385b96c5ed <unknown>\n#6 0x56385b98b303 <unknown>\n#7 0x56385b96c363 <unknown>\n#8 0x56385b93c247 <unknown>\n#9 0x56385b93cb9e <unknown>\n#10 0x56385bbe024b <unknown>\n#11 0x56385bbe42f1 <unknown>\n#12 0x56385bbcbafe <unknown>\n#13 0x56385bbe4e52 <unknown>\n#14 0x56385bbb079f <unknown>\n#15 0x56385bc09638 <unknown>\n#16 0x56385bc09810 <unknown>\n#17 0x56385bc18dac <unknown>\n#18 0x7fd7e7033134 <unknown>","time":{"start":1719795910889,"stop":1719795911179,"duration":290}},{"uid":"b5b168b37090f627","reportUrl":"https://Nat754.github.io/StroyremAutomation/354//#testresult/b5b168b37090f627","status":"skipped","statusDetails":"XFAIL\n\nselenium.common.exceptions.NoSuchElementException: Message: no such element: Unable to locate element: {\"method\":\"xpath\",\"selector\":\"(//a[@class='add-to-cart yellow-btn'])[1]\"}\n  (Session info: chrome-headless-shell=126.0.6478.126); For documentation on this error, please visit: https://www.selenium.dev/documentation/webdriver/troubleshooting/errors#no-such-element-exception\nStacktrace:\n#0 0x55ca99bd1c7a <unknown>\n#1 0x55ca998b4e2c <unknown>\n#2 0x55ca99901661 <unknown>\n#3 0x55ca99901751 <unknown>\n#4 0x55ca99945f64 <unknown>\n#5 0x55ca999245ed <unknown>\n#6 0x55ca99943303 <unknown>\n#7 0x55ca99924363 <unknown>\n#8 0x55ca998f4247 <unknown>\n#9 0x55ca998f4b9e <unknown>\n#10 0x55ca99b9824b <unknown>\n#11 0x55ca99b9c2f1 <unknown>\n#12 0x55ca99b83afe <unknown>\n#13 0x55ca99b9ce52 <unknown>\n#14 0x55ca99b6879f <unknown>\n#15 0x55ca99bc1638 <unknown>\n#16 0x55ca99bc1810 <unknown>\n#17 0x55ca99bd0dac <unknown>\n#18 0x7f0b7f664134 <unknown>","time":{"start":1719709415896,"stop":1719709416436,"duration":540}},{"uid":"4b15751acb16edd5","reportUrl":"https://Nat754.github.io/StroyremAutomation/353//#testresult/4b15751acb16edd5","status":"skipped","statusDetails":"XFAIL\n\nselenium.common.exceptions.NoSuchElementException: Message: no such element: Unable to locate element: {\"method\":\"xpath\",\"selector\":\"(//a[@class='add-to-cart yellow-btn'])[1]\"}\n  (Session info: chrome-headless-shell=126.0.6478.126); For documentation on this error, please visit: https://www.selenium.dev/documentation/webdriver/troubleshooting/errors#no-such-element-exception\nStacktrace:\n#0 0x55b4a85cdc7a <unknown>\n#1 0x55b4a82b0e2c <unknown>\n#2 0x55b4a82fd661 <unknown>\n#3 0x55b4a82fd751 <unknown>\n#4 0x55b4a8341f64 <unknown>\n#5 0x55b4a83205ed <unknown>\n#6 0x55b4a833f303 <unknown>\n#7 0x55b4a8320363 <unknown>\n#8 0x55b4a82f0247 <unknown>\n#9 0x55b4a82f0b9e <unknown>\n#10 0x55b4a859424b <unknown>\n#11 0x55b4a85982f1 <unknown>\n#12 0x55b4a857fafe <unknown>\n#13 0x55b4a8598e52 <unknown>\n#14 0x55b4a856479f <unknown>\n#15 0x55b4a85bd638 <unknown>\n#16 0x55b4a85bd810 <unknown>\n#17 0x55b4a85ccdac <unknown>\n#18 0x7f47b2e06134 <unknown>","time":{"start":1719622694569,"stop":1719622695054,"duration":485}},{"uid":"ead68c7441c9cdea","reportUrl":"https://Nat754.github.io/StroyremAutomation/352//#testresult/ead68c7441c9cdea","status":"skipped","statusDetails":"XFAIL\n\nselenium.common.exceptions.NoSuchElementException: Message: no such element: Unable to locate element: {\"method\":\"xpath\",\"selector\":\"(//a[@class='add-to-cart yellow-btn'])[1]\"}\n  (Session info: chrome-headless-shell=126.0.6478.126); For documentation on this error, please visit: https://www.selenium.dev/documentation/webdriver/troubleshooting/errors#no-such-element-exception\nStacktrace:\n#0 0x559cf1b8bc7a <unknown>\n#1 0x559cf186ee2c <unknown>\n#2 0x559cf18bb661 <unknown>\n#3 0x559cf18bb751 <unknown>\n#4 0x559cf18fff64 <unknown>\n#5 0x559cf18de5ed <unknown>\n#6 0x559cf18fd303 <unknown>\n#7 0x559cf18de363 <unknown>\n#8 0x559cf18ae247 <unknown>\n#9 0x559cf18aeb9e <unknown>\n#10 0x559cf1b5224b <unknown>\n#11 0x559cf1b562f1 <unknown>\n#12 0x559cf1b3dafe <unknown>\n#13 0x559cf1b56e52 <unknown>\n#14 0x559cf1b2279f <unknown>\n#15 0x559cf1b7b638 <unknown>\n#16 0x559cf1b7b810 <unknown>\n#17 0x559cf1b8adac <unknown>\n#18 0x7f774b494134 <unknown>","time":{"start":1719536377319,"stop":1719536377750,"duration":431}},{"uid":"52197c9d1b75836d","reportUrl":"https://Nat754.github.io/StroyremAutomation/351//#testresult/52197c9d1b75836d","status":"skipped","statusDetails":"XFAIL\n\nselenium.common.exceptions.NoSuchElementException: Message: no such element: Unable to locate element: {\"method\":\"xpath\",\"selector\":\"(//a[@class='add-to-cart yellow-btn'])[1]\"}\n  (Session info: chrome-headless-shell=126.0.6478.126); For documentation on this error, please visit: https://www.selenium.dev/documentation/webdriver/troubleshooting/errors#no-such-element-exception\nStacktrace:\n#0 0x55fd4c4a6c7a <unknown>\n#1 0x55fd4c189e2c <unknown>\n#2 0x55fd4c1d6661 <unknown>\n#3 0x55fd4c1d6751 <unknown>\n#4 0x55fd4c21af64 <unknown>\n#5 0x55fd4c1f95ed <unknown>\n#6 0x55fd4c218303 <unknown>\n#7 0x55fd4c1f9363 <unknown>\n#8 0x55fd4c1c9247 <unknown>\n#9 0x55fd4c1c9b9e <unknown>\n#10 0x55fd4c46d24b <unknown>\n#11 0x55fd4c4712f1 <unknown>\n#12 0x55fd4c458afe <unknown>\n#13 0x55fd4c471e52 <unknown>\n#14 0x55fd4c43d79f <unknown>\n#15 0x55fd4c496638 <unknown>\n#16 0x55fd4c496810 <unknown>\n#17 0x55fd4c4a5dac <unknown>\n#18 0x7fc2ae7c8134 <unknown>","time":{"start":1719449966901,"stop":1719449967359,"duration":458}}]},"tags":["@pytest.mark.xfail","smoke_test"]},"source":"967d56312f926eb7.json","parameterValues":["19900","366","'TD 026'","14900","'products/shtukaturka-gipsovaya-aksolit-m50-30-kg-mashinnogo-naneseniya'","8000","'https://sandboxtest.stroyrem-nn.ru/'","11000"]}