{"uid":"d6c6e62e5ca9d1c8","name":"test_positive_delivery_green_zone_smoke[TD 005-products/shtukaturka-gipsovaya-aksolit-m50-30-kg-mashinnogo-naneseniya-16-500-600-1590-2190-https://sandboxtest.stroyrem-nn.ru/]","fullName":"tests.delivery.test_delivery_calculation.TestDeliveryPageCalculation#test_positive_delivery_green_zone_smoke","historyId":"e6058ae35d5a637089e6a6aa5edf052c","time":{"start":1699923124087,"stop":1699923127437,"duration":3350},"status":"skipped","statusMessage":"XFAIL\n\nselenium.common.exceptions.NoSuchElementException: Message: no such element: Unable to locate element: {\"method\":\"xpath\",\"selector\":\"//input[@class='amount']\"}\n  (Session info: headless chrome=119.0.6045.105); For documentation on this error, please visit: https://www.selenium.dev/documentation/webdriver/troubleshooting/errors#no-such-element-exception\nStacktrace:\n#0 0x55e7aff185e3 <unknown>\n#1 0x55e7afbdb0b7 <unknown>\n#2 0x55e7afc28f53 <unknown>\n#3 0x55e7afc29051 <unknown>\n#4 0x55e7afc6e9c4 <unknown>\n#5 0x55e7afc4ff1d <unknown>\n#6 0x55e7afc6bb3d <unknown>\n#7 0x55e7afc4fcc3 <unknown>\n#8 0x55e7afc1b0e4 <unknown>\n#9 0x55e7afc1c0ae <unknown>\n#10 0x55e7afedece1 <unknown>\n#11 0x55e7afee2b7e <unknown>\n#12 0x55e7afecc4b5 <unknown>\n#13 0x55e7afee37d6 <unknown>\n#14 0x55e7afeafdbf <unknown>\n#15 0x55e7aff06748 <unknown>\n#16 0x55e7aff06917 <unknown>\n#17 0x55e7aff17773 <unknown>\n#18 0x7f44de13d044 <unknown>","statusTrace":"self = <tests.delivery.test_delivery_calculation.TestDeliveryPageCalculation object at 0x7f6065ffaa10>\ndriver = <selenium.webdriver.chrome.webdriver.WebDriver (session=\"ad3092a17c96b0e0d8d99a66f1ef91d7\")>\nurl = 'https://sandboxtest.stroyrem-nn.ru/', case_id = 'TD 005'\nlink_item = 'products/shtukaturka-gipsovaya-aksolit-m50-30-kg-mashinnogo-naneseniya'\namount = 16, weight = 500, standard = 600, in_time = 1590, all_time = 2190\n\n    @pytest.mark.parametrize('case_id, link_item, amount, weight, standard, in_time, all_time', [\n        (\"TD 001\", uroven_3000, 1, 30, 0, 1590, 2190),\n        (\"TD 002\", bundeks_25, 1, 30, 400, 1590, 2190),\n        (\"TD 003\", aksolit_30, 8, 300, 400, 1590, 2190),\n        (\"TD 004\", aksolit_30, 13, 400, 450, 1590, 2190),\n        (\"TD 005\", aksolit_30, 16, 500, 600, 1590, 2190),\n        (\"TD 006\", aksolit_30, 25, 1700, 990, 1990, 2480),\n        (\"TD 007\", aksolit_30, 66, 2000, 1300, 2490, 2980),\n        (\"TD 008\", aksolit_30, 149, 4500, 2300, 3980, 4490),\n        (\"TD 009\", aksolit_30, 166, 5000, 2500, 4990, 5480),\n        pytest.param(\n            \"TD 010\", aksolit_30, 206, 6200, 2900, 5570, 6120,\n            marks=pytest.mark.xfail(reson=\"Цена доставки 3600 7960 8980\")\n        ),\n        (\"TD 011\", aksolit_30, 299, 9000, 3600, 7960, 8980),\n        (\"TD 012\", aksolit_30, 333, 10000, 4450, 11990, 12500),\n        pytest.param(\n            \"TD 013\", aksolit_30, 366, 11000, 4800, 12450, 13480,\n            marks=pytest.mark.xfail(reason=\"Цена стандартной доставки 4450\")\n        ),\n        pytest.param(\n            \"TD 014\", aksolit_30, 666, 20000, 5400, 15600, 17490,\n            marks=pytest.mark.xfail(reason=\"Цена стандартной доставки 4450\")\n        )\n    ])\n    @pytest.mark.xfail\n    @pytest.mark.smoke_test\n    def test_positive_delivery_green_zone_smoke(\n            self, driver, url, case_id, link_item, amount, weight, standard, in_time, all_time\n    ):\n    \n        driver.get(f'{url}{link_item}')\n        item_page = ItemPage(driver)\n>       item_page.add_item_to_cart(amount).click_on_cart()\n\ntests/delivery/test_delivery_calculation.py:50: \n_ _ _ _ _ _ _ _ _ _ _ _ _ _ _ _ _ _ _ _ _ _ _ _ _ _ _ _ _ _ _ _ _ _ _ _ _ _ _ _ \npages/item_page.py:41: in add_item_to_cart\n    amount_field = self.find_element(self._item_amount)\nbase/seleniumbase.py:17: in find_element\n    return self.driver.find_element(*locator)\n/usr/local/lib/python3.11/site-packages/selenium/webdriver/remote/webdriver.py:739: in find_element\n    return self.execute(Command.FIND_ELEMENT, {\"using\": by, \"value\": value})[\"value\"]\n/usr/local/lib/python3.11/site-packages/selenium/webdriver/remote/webdriver.py:345: in execute\n    self.error_handler.check_response(response)\n_ _ _ _ _ _ _ _ _ _ _ _ _ _ _ _ _ _ _ _ _ _ _ _ _ _ _ _ _ _ _ _ _ _ _ _ _ _ _ _ \n\nself = <selenium.webdriver.remote.errorhandler.ErrorHandler object at 0x7f6065f665d0>\nresponse = {'status': 404, 'value': '{\"value\":{\"error\":\"no such element\",\"message\":\"no such element: Unable to locate element: {\\...\\\\n#16 0x55e7aff06917 \\\\u003Cunknown>\\\\n#17 0x55e7aff17773 \\\\u003Cunknown>\\\\n#18 0x7f44de13d044 \\\\u003Cunknown>\\\\n\"}}'}\n\n    def check_response(self, response: Dict[str, Any]) -> None:\n        \"\"\"Checks that a JSON response from the WebDriver does not have an\n        error.\n    \n        :Args:\n         - response - The JSON response from the WebDriver server as a dictionary\n           object.\n    \n        :Raises: If the response contains an error message.\n        \"\"\"\n        status = response.get(\"status\", None)\n        if not status or status == ErrorCode.SUCCESS:\n            return\n        value = None\n        message = response.get(\"message\", \"\")\n        screen: str = response.get(\"screen\", \"\")\n        stacktrace = None\n        if isinstance(status, int):\n            value_json = response.get(\"value\", None)\n            if value_json and isinstance(value_json, str):\n                import json\n    \n                try:\n                    value = json.loads(value_json)\n                    if len(value) == 1:\n                        value = value[\"value\"]\n                    status = value.get(\"error\", None)\n                    if not status:\n                        status = value.get(\"status\", ErrorCode.UNKNOWN_ERROR)\n                        message = value.get(\"value\") or value.get(\"message\")\n                        if not isinstance(message, str):\n                            value = message\n                            message = message.get(\"message\")\n                    else:\n                        message = value.get(\"message\", None)\n                except ValueError:\n                    pass\n    \n        exception_class: Type[WebDriverException]\n        e = ErrorCode()\n        error_codes = [item for item in dir(e) if not item.startswith(\"__\")]\n        for error_code in error_codes:\n            error_info = getattr(ErrorCode, error_code)\n            if isinstance(error_info, list) and status in error_info:\n                exception_class = getattr(ExceptionMapping, error_code, WebDriverException)\n                break\n        else:\n            exception_class = WebDriverException\n    \n        if not value:\n            value = response[\"value\"]\n        if isinstance(value, str):\n            raise exception_class(value)\n        if message == \"\" and \"message\" in value:\n            message = value[\"message\"]\n    \n        screen = None  # type: ignore[assignment]\n        if \"screen\" in value:\n            screen = value[\"screen\"]\n    \n        stacktrace = None\n        st_value = value.get(\"stackTrace\") or value.get(\"stacktrace\")\n        if st_value:\n            if isinstance(st_value, str):\n                stacktrace = st_value.split(\"\\n\")\n            else:\n                stacktrace = []\n                try:\n                    for frame in st_value:\n                        line = frame.get(\"lineNumber\", \"\")\n                        file = frame.get(\"fileName\", \"<anonymous>\")\n                        if line:\n                            file = f\"{file}:{line}\"\n                        meth = frame.get(\"methodName\", \"<anonymous>\")\n                        if \"className\" in frame:\n                            meth = f\"{frame['className']}.{meth}\"\n                        msg = \"    at %s (%s)\"\n                        msg = msg % (meth, file)\n                        stacktrace.append(msg)\n                except TypeError:\n                    pass\n        if exception_class == UnexpectedAlertPresentException:\n            alert_text = None\n            if \"data\" in value:\n                alert_text = value[\"data\"].get(\"text\")\n            elif \"alert\" in value:\n                alert_text = value[\"alert\"].get(\"text\")\n            raise exception_class(message, screen, stacktrace, alert_text)  # type: ignore[call-arg]  # mypy is not smart enough here\n>       raise exception_class(message, screen, stacktrace)\nE       selenium.common.exceptions.NoSuchElementException: Message: no such element: Unable to locate element: {\"method\":\"xpath\",\"selector\":\"//input[@class='amount']\"}\nE         (Session info: headless chrome=119.0.6045.105); For documentation on this error, please visit: https://www.selenium.dev/documentation/webdriver/troubleshooting/errors#no-such-element-exception\nE       Stacktrace:\nE       #0 0x55e7aff185e3 <unknown>\nE       #1 0x55e7afbdb0b7 <unknown>\nE       #2 0x55e7afc28f53 <unknown>\nE       #3 0x55e7afc29051 <unknown>\nE       #4 0x55e7afc6e9c4 <unknown>\nE       #5 0x55e7afc4ff1d <unknown>\nE       #6 0x55e7afc6bb3d <unknown>\nE       #7 0x55e7afc4fcc3 <unknown>\nE       #8 0x55e7afc1b0e4 <unknown>\nE       #9 0x55e7afc1c0ae <unknown>\nE       #10 0x55e7afedece1 <unknown>\nE       #11 0x55e7afee2b7e <unknown>\nE       #12 0x55e7afecc4b5 <unknown>\nE       #13 0x55e7afee37d6 <unknown>\nE       #14 0x55e7afeafdbf <unknown>\nE       #15 0x55e7aff06748 <unknown>\nE       #16 0x55e7aff06917 <unknown>\nE       #17 0x55e7aff17773 <unknown>\nE       #18 0x7f44de13d044 <unknown>\n\n/usr/local/lib/python3.11/site-packages/selenium/webdriver/remote/errorhandler.py:229: NoSuchElementException","flaky":false,"newFailed":false,"newBroken":false,"newPassed":false,"retriesCount":0,"retriesStatusChange":false,"beforeStages":[{"name":"_session_faker","time":{"start":1699922934438,"stop":1699922934503,"duration":65},"status":"passed","steps":[],"attachments":[],"parameters":[],"shouldDisplayMessage":false,"stepsCount":0,"attachmentsCount":0,"hasContent":false},{"name":"clear_allure_results_folder","time":{"start":1699922934503,"stop":1699922934504,"duration":1},"status":"passed","steps":[],"attachments":[],"parameters":[],"shouldDisplayMessage":false,"stepsCount":0,"attachmentsCount":0,"hasContent":false},{"name":"driver","time":{"start":1699923123309,"stop":1699923124086,"duration":777},"status":"passed","steps":[],"attachments":[],"parameters":[],"shouldDisplayMessage":false,"stepsCount":0,"attachmentsCount":0,"hasContent":false},{"name":"setup","time":{"start":1699923124086,"stop":1699923124086,"duration":0},"status":"passed","steps":[],"attachments":[],"parameters":[],"shouldDisplayMessage":false,"stepsCount":0,"attachmentsCount":0,"hasContent":false}],"testStage":{"status":"skipped","statusMessage":"XFAIL\n\nselenium.common.exceptions.NoSuchElementException: Message: no such element: Unable to locate element: {\"method\":\"xpath\",\"selector\":\"//input[@class='amount']\"}\n  (Session info: headless chrome=119.0.6045.105); For documentation on this error, please visit: https://www.selenium.dev/documentation/webdriver/troubleshooting/errors#no-such-element-exception\nStacktrace:\n#0 0x55e7aff185e3 <unknown>\n#1 0x55e7afbdb0b7 <unknown>\n#2 0x55e7afc28f53 <unknown>\n#3 0x55e7afc29051 <unknown>\n#4 0x55e7afc6e9c4 <unknown>\n#5 0x55e7afc4ff1d <unknown>\n#6 0x55e7afc6bb3d <unknown>\n#7 0x55e7afc4fcc3 <unknown>\n#8 0x55e7afc1b0e4 <unknown>\n#9 0x55e7afc1c0ae <unknown>\n#10 0x55e7afedece1 <unknown>\n#11 0x55e7afee2b7e <unknown>\n#12 0x55e7afecc4b5 <unknown>\n#13 0x55e7afee37d6 <unknown>\n#14 0x55e7afeafdbf <unknown>\n#15 0x55e7aff06748 <unknown>\n#16 0x55e7aff06917 <unknown>\n#17 0x55e7aff17773 <unknown>\n#18 0x7f44de13d044 <unknown>","statusTrace":"self = <tests.delivery.test_delivery_calculation.TestDeliveryPageCalculation object at 0x7f6065ffaa10>\ndriver = <selenium.webdriver.chrome.webdriver.WebDriver (session=\"ad3092a17c96b0e0d8d99a66f1ef91d7\")>\nurl = 'https://sandboxtest.stroyrem-nn.ru/', case_id = 'TD 005'\nlink_item = 'products/shtukaturka-gipsovaya-aksolit-m50-30-kg-mashinnogo-naneseniya'\namount = 16, weight = 500, standard = 600, in_time = 1590, all_time = 2190\n\n    @pytest.mark.parametrize('case_id, link_item, amount, weight, standard, in_time, all_time', [\n        (\"TD 001\", uroven_3000, 1, 30, 0, 1590, 2190),\n        (\"TD 002\", bundeks_25, 1, 30, 400, 1590, 2190),\n        (\"TD 003\", aksolit_30, 8, 300, 400, 1590, 2190),\n        (\"TD 004\", aksolit_30, 13, 400, 450, 1590, 2190),\n        (\"TD 005\", aksolit_30, 16, 500, 600, 1590, 2190),\n        (\"TD 006\", aksolit_30, 25, 1700, 990, 1990, 2480),\n        (\"TD 007\", aksolit_30, 66, 2000, 1300, 2490, 2980),\n        (\"TD 008\", aksolit_30, 149, 4500, 2300, 3980, 4490),\n        (\"TD 009\", aksolit_30, 166, 5000, 2500, 4990, 5480),\n        pytest.param(\n            \"TD 010\", aksolit_30, 206, 6200, 2900, 5570, 6120,\n            marks=pytest.mark.xfail(reson=\"Цена доставки 3600 7960 8980\")\n        ),\n        (\"TD 011\", aksolit_30, 299, 9000, 3600, 7960, 8980),\n        (\"TD 012\", aksolit_30, 333, 10000, 4450, 11990, 12500),\n        pytest.param(\n            \"TD 013\", aksolit_30, 366, 11000, 4800, 12450, 13480,\n            marks=pytest.mark.xfail(reason=\"Цена стандартной доставки 4450\")\n        ),\n        pytest.param(\n            \"TD 014\", aksolit_30, 666, 20000, 5400, 15600, 17490,\n            marks=pytest.mark.xfail(reason=\"Цена стандартной доставки 4450\")\n        )\n    ])\n    @pytest.mark.xfail\n    @pytest.mark.smoke_test\n    def test_positive_delivery_green_zone_smoke(\n            self, driver, url, case_id, link_item, amount, weight, standard, in_time, all_time\n    ):\n    \n        driver.get(f'{url}{link_item}')\n        item_page = ItemPage(driver)\n>       item_page.add_item_to_cart(amount).click_on_cart()\n\ntests/delivery/test_delivery_calculation.py:50: \n_ _ _ _ _ _ _ _ _ _ _ _ _ _ _ _ _ _ _ _ _ _ _ _ _ _ _ _ _ _ _ _ _ _ _ _ _ _ _ _ \npages/item_page.py:41: in add_item_to_cart\n    amount_field = self.find_element(self._item_amount)\nbase/seleniumbase.py:17: in find_element\n    return self.driver.find_element(*locator)\n/usr/local/lib/python3.11/site-packages/selenium/webdriver/remote/webdriver.py:739: in find_element\n    return self.execute(Command.FIND_ELEMENT, {\"using\": by, \"value\": value})[\"value\"]\n/usr/local/lib/python3.11/site-packages/selenium/webdriver/remote/webdriver.py:345: in execute\n    self.error_handler.check_response(response)\n_ _ _ _ _ _ _ _ _ _ _ _ _ _ _ _ _ _ _ _ _ _ _ _ _ _ _ _ _ _ _ _ _ _ _ _ _ _ _ _ \n\nself = <selenium.webdriver.remote.errorhandler.ErrorHandler object at 0x7f6065f665d0>\nresponse = {'status': 404, 'value': '{\"value\":{\"error\":\"no such element\",\"message\":\"no such element: Unable to locate element: {\\...\\\\n#16 0x55e7aff06917 \\\\u003Cunknown>\\\\n#17 0x55e7aff17773 \\\\u003Cunknown>\\\\n#18 0x7f44de13d044 \\\\u003Cunknown>\\\\n\"}}'}\n\n    def check_response(self, response: Dict[str, Any]) -> None:\n        \"\"\"Checks that a JSON response from the WebDriver does not have an\n        error.\n    \n        :Args:\n         - response - The JSON response from the WebDriver server as a dictionary\n           object.\n    \n        :Raises: If the response contains an error message.\n        \"\"\"\n        status = response.get(\"status\", None)\n        if not status or status == ErrorCode.SUCCESS:\n            return\n        value = None\n        message = response.get(\"message\", \"\")\n        screen: str = response.get(\"screen\", \"\")\n        stacktrace = None\n        if isinstance(status, int):\n            value_json = response.get(\"value\", None)\n            if value_json and isinstance(value_json, str):\n                import json\n    \n                try:\n                    value = json.loads(value_json)\n                    if len(value) == 1:\n                        value = value[\"value\"]\n                    status = value.get(\"error\", None)\n                    if not status:\n                        status = value.get(\"status\", ErrorCode.UNKNOWN_ERROR)\n                        message = value.get(\"value\") or value.get(\"message\")\n                        if not isinstance(message, str):\n                            value = message\n                            message = message.get(\"message\")\n                    else:\n                        message = value.get(\"message\", None)\n                except ValueError:\n                    pass\n    \n        exception_class: Type[WebDriverException]\n        e = ErrorCode()\n        error_codes = [item for item in dir(e) if not item.startswith(\"__\")]\n        for error_code in error_codes:\n            error_info = getattr(ErrorCode, error_code)\n            if isinstance(error_info, list) and status in error_info:\n                exception_class = getattr(ExceptionMapping, error_code, WebDriverException)\n                break\n        else:\n            exception_class = WebDriverException\n    \n        if not value:\n            value = response[\"value\"]\n        if isinstance(value, str):\n            raise exception_class(value)\n        if message == \"\" and \"message\" in value:\n            message = value[\"message\"]\n    \n        screen = None  # type: ignore[assignment]\n        if \"screen\" in value:\n            screen = value[\"screen\"]\n    \n        stacktrace = None\n        st_value = value.get(\"stackTrace\") or value.get(\"stacktrace\")\n        if st_value:\n            if isinstance(st_value, str):\n                stacktrace = st_value.split(\"\\n\")\n            else:\n                stacktrace = []\n                try:\n                    for frame in st_value:\n                        line = frame.get(\"lineNumber\", \"\")\n                        file = frame.get(\"fileName\", \"<anonymous>\")\n                        if line:\n                            file = f\"{file}:{line}\"\n                        meth = frame.get(\"methodName\", \"<anonymous>\")\n                        if \"className\" in frame:\n                            meth = f\"{frame['className']}.{meth}\"\n                        msg = \"    at %s (%s)\"\n                        msg = msg % (meth, file)\n                        stacktrace.append(msg)\n                except TypeError:\n                    pass\n        if exception_class == UnexpectedAlertPresentException:\n            alert_text = None\n            if \"data\" in value:\n                alert_text = value[\"data\"].get(\"text\")\n            elif \"alert\" in value:\n                alert_text = value[\"alert\"].get(\"text\")\n            raise exception_class(message, screen, stacktrace, alert_text)  # type: ignore[call-arg]  # mypy is not smart enough here\n>       raise exception_class(message, screen, stacktrace)\nE       selenium.common.exceptions.NoSuchElementException: Message: no such element: Unable to locate element: {\"method\":\"xpath\",\"selector\":\"//input[@class='amount']\"}\nE         (Session info: headless chrome=119.0.6045.105); For documentation on this error, please visit: https://www.selenium.dev/documentation/webdriver/troubleshooting/errors#no-such-element-exception\nE       Stacktrace:\nE       #0 0x55e7aff185e3 <unknown>\nE       #1 0x55e7afbdb0b7 <unknown>\nE       #2 0x55e7afc28f53 <unknown>\nE       #3 0x55e7afc29051 <unknown>\nE       #4 0x55e7afc6e9c4 <unknown>\nE       #5 0x55e7afc4ff1d <unknown>\nE       #6 0x55e7afc6bb3d <unknown>\nE       #7 0x55e7afc4fcc3 <unknown>\nE       #8 0x55e7afc1b0e4 <unknown>\nE       #9 0x55e7afc1c0ae <unknown>\nE       #10 0x55e7afedece1 <unknown>\nE       #11 0x55e7afee2b7e <unknown>\nE       #12 0x55e7afecc4b5 <unknown>\nE       #13 0x55e7afee37d6 <unknown>\nE       #14 0x55e7afeafdbf <unknown>\nE       #15 0x55e7aff06748 <unknown>\nE       #16 0x55e7aff06917 <unknown>\nE       #17 0x55e7aff17773 <unknown>\nE       #18 0x7f44de13d044 <unknown>\n\n/usr/local/lib/python3.11/site-packages/selenium/webdriver/remote/errorhandler.py:229: NoSuchElementException","steps":[{"name":"Добавляем товар в корзину в количестве 16","time":{"start":1699923127374,"stop":1699923127437,"duration":63},"status":"broken","statusMessage":"selenium.common.exceptions.NoSuchElementException: Message: no such element: Unable to locate element: {\"method\":\"xpath\",\"selector\":\"//input[@class='amount']\"}\n  (Session info: headless chrome=119.0.6045.105); For documentation on this error, please visit: https://www.selenium.dev/documentation/webdriver/troubleshooting/errors#no-such-element-exception\nStacktrace:\n#0 0x55e7aff185e3 <unknown>\n#1 0x55e7afbdb0b7 <unknown>\n#2 0x55e7afc28f53 <unknown>\n#3 0x55e7afc29051 <unknown>\n#4 0x55e7afc6e9c4 <unknown>\n#5 0x55e7afc4ff1d <unknown>\n#6 0x55e7afc6bb3d <unknown>\n#7 0x55e7afc4fcc3 <unknown>\n#8 0x55e7afc1b0e4 <unknown>\n#9 0x55e7afc1c0ae <unknown>\n#10 0x55e7afedece1 <unknown>\n#11 0x55e7afee2b7e <unknown>\n#12 0x55e7afecc4b5 <unknown>\n#13 0x55e7afee37d6 <unknown>\n#14 0x55e7afeafdbf <unknown>\n#15 0x55e7aff06748 <unknown>\n#16 0x55e7aff06917 <unknown>\n#17 0x55e7aff17773 <unknown>\n#18 0x7f44de13d044 <unknown>\n\n","statusTrace":"  File \"/usr/local/lib/python3.11/site-packages/allure_commons/_allure.py\", line 192, in impl\n    return func(*a, **kw)\n           ^^^^^^^^^^^^^^\n  File \"/app/pages/item_page.py\", line 41, in add_item_to_cart\n    amount_field = self.find_element(self._item_amount)\n                   ^^^^^^^^^^^^^^^^^^^^^^^^^^^^^^^^^^^^\n  File \"/app/base/seleniumbase.py\", line 17, in find_element\n    return self.driver.find_element(*locator)\n           ^^^^^^^^^^^^^^^^^^^^^^^^^^^^^^^^^^\n  File \"/usr/local/lib/python3.11/site-packages/selenium/webdriver/remote/webdriver.py\", line 739, in find_element\n    return self.execute(Command.FIND_ELEMENT, {\"using\": by, \"value\": value})[\"value\"]\n           ^^^^^^^^^^^^^^^^^^^^^^^^^^^^^^^^^^^^^^^^^^^^^^^^^^^^^^^^^^^^^^^^^\n  File \"/usr/local/lib/python3.11/site-packages/selenium/webdriver/remote/webdriver.py\", line 345, in execute\n    self.error_handler.check_response(response)\n  File \"/usr/local/lib/python3.11/site-packages/selenium/webdriver/remote/errorhandler.py\", line 229, in check_response\n    raise exception_class(message, screen, stacktrace)\n","steps":[],"attachments":[],"parameters":[{"name":"amount","value":"16"}],"shouldDisplayMessage":true,"stepsCount":0,"attachmentsCount":0,"hasContent":true}],"attachments":[{"uid":"8e87800ec2566f9","name":"Screenshot","source":"8e87800ec2566f9.png","type":"image/png","size":115178},{"uid":"b8757d731b3679c1","name":"HTML source","source":"b8757d731b3679c1.html","type":"text/html","size":303988}],"parameters":[],"shouldDisplayMessage":true,"stepsCount":1,"attachmentsCount":2,"hasContent":true},"afterStages":[{"name":"driver::0","time":{"start":1699923127579,"stop":1699923127639,"duration":60},"status":"passed","steps":[],"attachments":[],"parameters":[],"shouldDisplayMessage":false,"stepsCount":0,"attachmentsCount":0,"hasContent":false},{"name":"setup::0","time":{"start":1699923127579,"stop":1699923127579,"duration":0},"status":"passed","steps":[],"attachments":[],"parameters":[],"shouldDisplayMessage":false,"stepsCount":0,"attachmentsCount":0,"hasContent":false}],"labels":[{"name":"epic","value":"Delivery Page - calculation"},{"name":"tag","value":"smoke_test"},{"name":"tag","value":"@pytest.mark.xfail"},{"name":"parentSuite","value":"tests.delivery"},{"name":"suite","value":"test_delivery_calculation"},{"name":"subSuite","value":"TestDeliveryPageCalculation"},{"name":"host","value":"1c587a74c130"},{"name":"thread","value":"1-MainThread"},{"name":"framework","value":"pytest"},{"name":"language","value":"cpython3"},{"name":"package","value":"tests.delivery.test_delivery_calculation"},{"name":"resultFormat","value":"allure2"}],"parameters":[{"name":"all_time","value":"2190"},{"name":"amount","value":"16"},{"name":"case_id","value":"'TD 005'"},{"name":"in_time","value":"1590"},{"name":"link_item","value":"'products/shtukaturka-gipsovaya-aksolit-m50-30-kg-mashinnogo-naneseniya'"},{"name":"standard","value":"600"},{"name":"url","value":"'https://sandboxtest.stroyrem-nn.ru/'"},{"name":"weight","value":"500"}],"links":[],"hidden":false,"retry":false,"extra":{"severity":"normal","retries":[],"categories":[],"history":{"statistic":{"failed":0,"broken":13,"skipped":84,"passed":0,"unknown":0,"total":97},"items":[{"uid":"191f13aab467ddb2","reportUrl":"https://Nat754.github.io/StroyremAutomation/124//#testresult/191f13aab467ddb2","status":"skipped","statusDetails":"XFAIL\n\nselenium.common.exceptions.NoSuchElementException: Message: no such element: Unable to locate element: {\"method\":\"xpath\",\"selector\":\"//input[@class='amount']\"}\n  (Session info: headless chrome=119.0.6045.105); For documentation on this error, please visit: https://www.selenium.dev/documentation/webdriver/troubleshooting/errors#no-such-element-exception\nStacktrace:\n#0 0x55cd6d07e5e3 <unknown>\n#1 0x55cd6cd410b7 <unknown>\n#2 0x55cd6cd8ef53 <unknown>\n#3 0x55cd6cd8f051 <unknown>\n#4 0x55cd6cdd49c4 <unknown>\n#5 0x55cd6cdb5f1d <unknown>\n#6 0x55cd6cdd1b3d <unknown>\n#7 0x55cd6cdb5cc3 <unknown>\n#8 0x55cd6cd810e4 <unknown>\n#9 0x55cd6cd820ae <unknown>\n#10 0x55cd6d044ce1 <unknown>\n#11 0x55cd6d048b7e <unknown>\n#12 0x55cd6d0324b5 <unknown>\n#13 0x55cd6d0497d6 <unknown>\n#14 0x55cd6d015dbf <unknown>\n#15 0x55cd6d06c748 <unknown>\n#16 0x55cd6d06c917 <unknown>\n#17 0x55cd6d07d773 <unknown>\n#18 0x7fe5a1a2a044 <unknown>","time":{"start":1699836873586,"stop":1699836877170,"duration":3584}},{"uid":"3c27d0d27be3ca4","reportUrl":"https://Nat754.github.io/StroyremAutomation/123//#testresult/3c27d0d27be3ca4","status":"skipped","statusDetails":"XFAIL\n\nselenium.common.exceptions.NoSuchElementException: Message: no such element: Unable to locate element: {\"method\":\"xpath\",\"selector\":\"//input[@class='amount']\"}\n  (Session info: headless chrome=119.0.6045.105); For documentation on this error, please visit: https://www.selenium.dev/documentation/webdriver/troubleshooting/errors#no-such-element-exception\nStacktrace:\n#0 0x55691cc225e3 <unknown>\n#1 0x55691c8e50b7 <unknown>\n#2 0x55691c932f53 <unknown>\n#3 0x55691c933051 <unknown>\n#4 0x55691c9789c4 <unknown>\n#5 0x55691c959f1d <unknown>\n#6 0x55691c975b3d <unknown>\n#7 0x55691c959cc3 <unknown>\n#8 0x55691c9250e4 <unknown>\n#9 0x55691c9260ae <unknown>\n#10 0x55691cbe8ce1 <unknown>\n#11 0x55691cbecb7e <unknown>\n#12 0x55691cbd64b5 <unknown>\n#13 0x55691cbed7d6 <unknown>\n#14 0x55691cbb9dbf <unknown>\n#15 0x55691cc10748 <unknown>\n#16 0x55691cc10917 <unknown>\n#17 0x55691cc21773 <unknown>\n#18 0x7f22bf763044 <unknown>","time":{"start":1699750597344,"stop":1699750601150,"duration":3806}},{"uid":"96891565229d052f","reportUrl":"https://Nat754.github.io/StroyremAutomation/122//#testresult/96891565229d052f","status":"skipped","statusDetails":"XFAIL\n\nselenium.common.exceptions.NoSuchElementException: Message: no such element: Unable to locate element: {\"method\":\"xpath\",\"selector\":\"//input[@class='amount']\"}\n  (Session info: headless chrome=119.0.6045.105); For documentation on this error, please visit: https://www.selenium.dev/documentation/webdriver/troubleshooting/errors#no-such-element-exception\nStacktrace:\n#0 0x5567a2eef5e3 <unknown>\n#1 0x5567a2bb20b7 <unknown>\n#2 0x5567a2bfff53 <unknown>\n#3 0x5567a2c00051 <unknown>\n#4 0x5567a2c459c4 <unknown>\n#5 0x5567a2c26f1d <unknown>\n#6 0x5567a2c42b3d <unknown>\n#7 0x5567a2c26cc3 <unknown>\n#8 0x5567a2bf20e4 <unknown>\n#9 0x5567a2bf30ae <unknown>\n#10 0x5567a2eb5ce1 <unknown>\n#11 0x5567a2eb9b7e <unknown>\n#12 0x5567a2ea34b5 <unknown>\n#13 0x5567a2eba7d6 <unknown>\n#14 0x5567a2e86dbf <unknown>\n#15 0x5567a2edd748 <unknown>\n#16 0x5567a2edd917 <unknown>\n#17 0x5567a2eee773 <unknown>\n#18 0x7f0e5b43c044 <unknown>","time":{"start":1699663934704,"stop":1699663938878,"duration":4174}},{"uid":"70e9563ff22341b8","reportUrl":"https://Nat754.github.io/StroyremAutomation/121//#testresult/70e9563ff22341b8","status":"skipped","statusDetails":"XFAIL\n\nselenium.common.exceptions.NoSuchElementException: Message: no such element: Unable to locate element: {\"method\":\"xpath\",\"selector\":\"//input[@class='amount']\"}\n  (Session info: headless chrome=119.0.6045.105); For documentation on this error, please visit: https://www.selenium.dev/documentation/webdriver/troubleshooting/errors#no-such-element-exception\nStacktrace:\n#0 0x55b7b9b1a5e3 <unknown>\n#1 0x55b7b97dd0b7 <unknown>\n#2 0x55b7b982af53 <unknown>\n#3 0x55b7b982b051 <unknown>\n#4 0x55b7b98709c4 <unknown>\n#5 0x55b7b9851f1d <unknown>\n#6 0x55b7b986db3d <unknown>\n#7 0x55b7b9851cc3 <unknown>\n#8 0x55b7b981d0e4 <unknown>\n#9 0x55b7b981e0ae <unknown>\n#10 0x55b7b9ae0ce1 <unknown>\n#11 0x55b7b9ae4b7e <unknown>\n#12 0x55b7b9ace4b5 <unknown>\n#13 0x55b7b9ae57d6 <unknown>\n#14 0x55b7b9ab1dbf <unknown>\n#15 0x55b7b9b08748 <unknown>\n#16 0x55b7b9b08917 <unknown>\n#17 0x55b7b9b19773 <unknown>\n#18 0x7f5e1f8ed044 <unknown>","time":{"start":1699577531276,"stop":1699577535187,"duration":3911}},{"uid":"b68702b95fb7fe75","reportUrl":"https://Nat754.github.io/StroyremAutomation/120//#testresult/b68702b95fb7fe75","status":"skipped","statusDetails":"XFAIL\n\nselenium.common.exceptions.NoSuchElementException: Message: no such element: Unable to locate element: {\"method\":\"xpath\",\"selector\":\"//input[@class='amount']\"}\n  (Session info: headless chrome=119.0.6045.105); For documentation on this error, please visit: https://www.selenium.dev/documentation/webdriver/troubleshooting/errors#no-such-element-exception\nStacktrace:\n#0 0x564d17fcb5e3 <unknown>\n#1 0x564d17c8e0b7 <unknown>\n#2 0x564d17cdbf53 <unknown>\n#3 0x564d17cdc051 <unknown>\n#4 0x564d17d219c4 <unknown>\n#5 0x564d17d02f1d <unknown>\n#6 0x564d17d1eb3d <unknown>\n#7 0x564d17d02cc3 <unknown>\n#8 0x564d17cce0e4 <unknown>\n#9 0x564d17ccf0ae <unknown>\n#10 0x564d17f91ce1 <unknown>\n#11 0x564d17f95b7e <unknown>\n#12 0x564d17f7f4b5 <unknown>\n#13 0x564d17f967d6 <unknown>\n#14 0x564d17f62dbf <unknown>\n#15 0x564d17fb9748 <unknown>\n#16 0x564d17fb9917 <unknown>\n#17 0x564d17fca773 <unknown>\n#18 0x7fd7ad22b044 <unknown>","time":{"start":1699491112808,"stop":1699491116419,"duration":3611}},{"uid":"2f459f00d3f31ca8","reportUrl":"https://Nat754.github.io/StroyremAutomation/119//#testresult/2f459f00d3f31ca8","status":"skipped","statusDetails":"XFAIL\n\nselenium.common.exceptions.NoSuchElementException: Message: no such element: Unable to locate element: {\"method\":\"xpath\",\"selector\":\"//input[@class='amount']\"}\n  (Session info: headless chrome=119.0.6045.105); For documentation on this error, please visit: https://www.selenium.dev/documentation/webdriver/troubleshooting/errors#no-such-element-exception\nStacktrace:\n#0 0x55b9333a05e3 <unknown>\n#1 0x55b9330630b7 <unknown>\n#2 0x55b9330b0f53 <unknown>\n#3 0x55b9330b1051 <unknown>\n#4 0x55b9330f69c4 <unknown>\n#5 0x55b9330d7f1d <unknown>\n#6 0x55b9330f3b3d <unknown>\n#7 0x55b9330d7cc3 <unknown>\n#8 0x55b9330a30e4 <unknown>\n#9 0x55b9330a40ae <unknown>\n#10 0x55b933366ce1 <unknown>\n#11 0x55b93336ab7e <unknown>\n#12 0x55b9333544b5 <unknown>\n#13 0x55b93336b7d6 <unknown>\n#14 0x55b933337dbf <unknown>\n#15 0x55b93338e748 <unknown>\n#16 0x55b93338e917 <unknown>\n#17 0x55b93339f773 <unknown>\n#18 0x7f1059c4f044 <unknown>","time":{"start":1699404771165,"stop":1699404775736,"duration":4571}},{"uid":"70e921958ca06cd1","reportUrl":"https://Nat754.github.io/StroyremAutomation/118//#testresult/70e921958ca06cd1","status":"skipped","statusDetails":"XFAIL\n\nselenium.common.exceptions.NoSuchElementException: Message: no such element: Unable to locate element: {\"method\":\"xpath\",\"selector\":\"//input[@class='amount']\"}\n  (Session info: headless chrome=119.0.6045.105); For documentation on this error, please visit: https://www.selenium.dev/documentation/webdriver/troubleshooting/errors#no-such-element-exception\nStacktrace:\n#0 0x5570b25065e3 <unknown>\n#1 0x5570b21c90b7 <unknown>\n#2 0x5570b2216f53 <unknown>\n#3 0x5570b2217051 <unknown>\n#4 0x5570b225c9c4 <unknown>\n#5 0x5570b223df1d <unknown>\n#6 0x5570b2259b3d <unknown>\n#7 0x5570b223dcc3 <unknown>\n#8 0x5570b22090e4 <unknown>\n#9 0x5570b220a0ae <unknown>\n#10 0x5570b24ccce1 <unknown>\n#11 0x5570b24d0b7e <unknown>\n#12 0x5570b24ba4b5 <unknown>\n#13 0x5570b24d17d6 <unknown>\n#14 0x5570b249ddbf <unknown>\n#15 0x5570b24f4748 <unknown>\n#16 0x5570b24f4917 <unknown>\n#17 0x5570b2505773 <unknown>\n#18 0x7f70eab4c044 <unknown>","time":{"start":1699318453469,"stop":1699318457315,"duration":3846}},{"uid":"48d9dc92364a309","reportUrl":"https://Nat754.github.io/StroyremAutomation/117//#testresult/48d9dc92364a309","status":"skipped","statusDetails":"XFAIL\n\nselenium.common.exceptions.NoSuchElementException: Message: no such element: Unable to locate element: {\"method\":\"xpath\",\"selector\":\"//input[@class='amount']\"}\n  (Session info: headless chrome=119.0.6045.105); For documentation on this error, please visit: https://www.selenium.dev/documentation/webdriver/troubleshooting/errors#no-such-element-exception\nStacktrace:\n#0 0x56151ed1a5e3 <unknown>\n#1 0x56151e9dd0b7 <unknown>\n#2 0x56151ea2af53 <unknown>\n#3 0x56151ea2b051 <unknown>\n#4 0x56151ea709c4 <unknown>\n#5 0x56151ea51f1d <unknown>\n#6 0x56151ea6db3d <unknown>\n#7 0x56151ea51cc3 <unknown>\n#8 0x56151ea1d0e4 <unknown>\n#9 0x56151ea1e0ae <unknown>\n#10 0x56151ece0ce1 <unknown>\n#11 0x56151ece4b7e <unknown>\n#12 0x56151ecce4b5 <unknown>\n#13 0x56151ece57d6 <unknown>\n#14 0x56151ecb1dbf <unknown>\n#15 0x56151ed08748 <unknown>\n#16 0x56151ed08917 <unknown>\n#17 0x56151ed19773 <unknown>\n#18 0x7f616c388044 <unknown>","time":{"start":1699232108129,"stop":1699232112360,"duration":4231}},{"uid":"d6624408a610fe2a","reportUrl":"https://Nat754.github.io/StroyremAutomation/116//#testresult/d6624408a610fe2a","status":"skipped","statusDetails":"XFAIL\n\nselenium.common.exceptions.NoSuchElementException: Message: no such element: Unable to locate element: {\"method\":\"xpath\",\"selector\":\"//input[@class='amount']\"}\n  (Session info: headless chrome=119.0.6045.105); For documentation on this error, please visit: https://www.selenium.dev/documentation/webdriver/troubleshooting/errors#no-such-element-exception\nStacktrace:\n#0 0x556b7c7a05e3 <unknown>\n#1 0x556b7c4630b7 <unknown>\n#2 0x556b7c4b0f53 <unknown>\n#3 0x556b7c4b1051 <unknown>\n#4 0x556b7c4f69c4 <unknown>\n#5 0x556b7c4d7f1d <unknown>\n#6 0x556b7c4f3b3d <unknown>\n#7 0x556b7c4d7cc3 <unknown>\n#8 0x556b7c4a30e4 <unknown>\n#9 0x556b7c4a40ae <unknown>\n#10 0x556b7c766ce1 <unknown>\n#11 0x556b7c76ab7e <unknown>\n#12 0x556b7c7544b5 <unknown>\n#13 0x556b7c76b7d6 <unknown>\n#14 0x556b7c737dbf <unknown>\n#15 0x556b7c78e748 <unknown>\n#16 0x556b7c78e917 <unknown>\n#17 0x556b7c79f773 <unknown>\n#18 0x7f3b8530b044 <unknown>","time":{"start":1699145854872,"stop":1699145860554,"duration":5682}},{"uid":"4a445230d6940f7a","reportUrl":"https://Nat754.github.io/StroyremAutomation/115//#testresult/4a445230d6940f7a","status":"skipped","statusDetails":"XFAIL\n\nselenium.common.exceptions.NoSuchElementException: Message: no such element: Unable to locate element: {\"method\":\"xpath\",\"selector\":\"//input[@class='amount']\"}\n  (Session info: headless chrome=119.0.6045.105); For documentation on this error, please visit: https://www.selenium.dev/documentation/webdriver/troubleshooting/errors#no-such-element-exception\nStacktrace:\n#0 0x5616ba2355e3 <unknown>\n#1 0x5616b9ef80b7 <unknown>\n#2 0x5616b9f45f53 <unknown>\n#3 0x5616b9f46051 <unknown>\n#4 0x5616b9f8b9c4 <unknown>\n#5 0x5616b9f6cf1d <unknown>\n#6 0x5616b9f88b3d <unknown>\n#7 0x5616b9f6ccc3 <unknown>\n#8 0x5616b9f380e4 <unknown>\n#9 0x5616b9f390ae <unknown>\n#10 0x5616ba1fbce1 <unknown>\n#11 0x5616ba1ffb7e <unknown>\n#12 0x5616ba1e94b5 <unknown>\n#13 0x5616ba2007d6 <unknown>\n#14 0x5616ba1ccdbf <unknown>\n#15 0x5616ba223748 <unknown>\n#16 0x5616ba223917 <unknown>\n#17 0x5616ba234773 <unknown>\n#18 0x7ffb0683c044 <unknown>","time":{"start":1699059155626,"stop":1699059159817,"duration":4191}},{"uid":"5edbaf0bf582eeae","reportUrl":"https://Nat754.github.io/StroyremAutomation/114//#testresult/5edbaf0bf582eeae","status":"skipped","statusDetails":"XFAIL\n\nselenium.common.exceptions.NoSuchElementException: Message: no such element: Unable to locate element: {\"method\":\"xpath\",\"selector\":\"//input[@class='amount']\"}\n  (Session info: headless chrome=119.0.6045.105); For documentation on this error, please visit: https://www.selenium.dev/documentation/webdriver/troubleshooting/errors#no-such-element-exception\nStacktrace:\n#0 0x55970f15a5e3 <unknown>\n#1 0x55970ee1d0b7 <unknown>\n#2 0x55970ee6af53 <unknown>\n#3 0x55970ee6b051 <unknown>\n#4 0x55970eeb09c4 <unknown>\n#5 0x55970ee91f1d <unknown>\n#6 0x55970eeadb3d <unknown>\n#7 0x55970ee91cc3 <unknown>\n#8 0x55970ee5d0e4 <unknown>\n#9 0x55970ee5e0ae <unknown>\n#10 0x55970f120ce1 <unknown>\n#11 0x55970f124b7e <unknown>\n#12 0x55970f10e4b5 <unknown>\n#13 0x55970f1257d6 <unknown>\n#14 0x55970f0f1dbf <unknown>\n#15 0x55970f148748 <unknown>\n#16 0x55970f148917 <unknown>\n#17 0x55970f159773 <unknown>\n#18 0x7f7c042f4044 <unknown>","time":{"start":1698972764624,"stop":1698972769370,"duration":4746}},{"uid":"12fb770b4d7d7d94","reportUrl":"https://Nat754.github.io/StroyremAutomation/113//#testresult/12fb770b4d7d7d94","status":"skipped","statusDetails":"XFAIL\n\nselenium.common.exceptions.NoSuchElementException: Message: no such element: Unable to locate element: {\"method\":\"xpath\",\"selector\":\"//input[@class='amount']\"}\n  (Session info: headless chrome=119.0.6045.105); For documentation on this error, please visit: https://www.selenium.dev/documentation/webdriver/troubleshooting/errors#no-such-element-exception\nStacktrace:\n#0 0x55adc003b5e3 <unknown>\n#1 0x55adbfcfe0b7 <unknown>\n#2 0x55adbfd4bf53 <unknown>\n#3 0x55adbfd4c051 <unknown>\n#4 0x55adbfd919c4 <unknown>\n#5 0x55adbfd72f1d <unknown>\n#6 0x55adbfd8eb3d <unknown>\n#7 0x55adbfd72cc3 <unknown>\n#8 0x55adbfd3e0e4 <unknown>\n#9 0x55adbfd3f0ae <unknown>\n#10 0x55adc0001ce1 <unknown>\n#11 0x55adc0005b7e <unknown>\n#12 0x55adbffef4b5 <unknown>\n#13 0x55adc00067d6 <unknown>\n#14 0x55adbffd2dbf <unknown>\n#15 0x55adc0029748 <unknown>\n#16 0x55adc0029917 <unknown>\n#17 0x55adc003a773 <unknown>\n#18 0x7fa49a0cd044 <unknown>","time":{"start":1698886399658,"stop":1698886404579,"duration":4921}},{"uid":"eaf9aa303277ed22","reportUrl":"https://Nat754.github.io/StroyremAutomation/112//#testresult/eaf9aa303277ed22","status":"skipped","statusDetails":"XFAIL\n\nselenium.common.exceptions.NoSuchElementException: Message: no such element: Unable to locate element: {\"method\":\"xpath\",\"selector\":\"//input[@class='amount']\"}\n  (Session info: headless chrome=119.0.6045.105); For documentation on this error, please visit: https://www.selenium.dev/documentation/webdriver/troubleshooting/errors#no-such-element-exception\nStacktrace:\n#0 0x5622354f45e3 <unknown>\n#1 0x5622351b70b7 <unknown>\n#2 0x562235204f53 <unknown>\n#3 0x562235205051 <unknown>\n#4 0x56223524a9c4 <unknown>\n#5 0x56223522bf1d <unknown>\n#6 0x562235247b3d <unknown>\n#7 0x56223522bcc3 <unknown>\n#8 0x5622351f70e4 <unknown>\n#9 0x5622351f80ae <unknown>\n#10 0x5622354bace1 <unknown>\n#11 0x5622354beb7e <unknown>\n#12 0x5622354a84b5 <unknown>\n#13 0x5622354bf7d6 <unknown>\n#14 0x56223548bdbf <unknown>\n#15 0x5622354e2748 <unknown>\n#16 0x5622354e2917 <unknown>\n#17 0x5622354f3773 <unknown>\n#18 0x7f75b66a3044 <unknown>","time":{"start":1698800232502,"stop":1698800238641,"duration":6139}},{"uid":"47f664fa38d3f314","reportUrl":"https://Nat754.github.io/StroyremAutomation/111//#testresult/47f664fa38d3f314","status":"skipped","statusDetails":"XFAIL\n\nselenium.common.exceptions.NoSuchElementException: Message: no such element: Unable to locate element: {\"method\":\"xpath\",\"selector\":\"//input[@class='amount']\"}\n  (Session info: headless chrome=118.0.5993.70); For documentation on this error, please visit: https://www.selenium.dev/documentation/webdriver/troubleshooting/errors#no-such-element-exception\nStacktrace:\n#0 0x563e6425afb3 <unknown>\n#1 0x563e63f2e4a7 <unknown>\n#2 0x563e63f75dd6 <unknown>\n#3 0x563e63f75ec1 <unknown>\n#4 0x563e63fb3354 <unknown>\n#5 0x563e63f9796d <unknown>\n#6 0x563e63fb0c02 <unknown>\n#7 0x563e63f97713 <unknown>\n#8 0x563e63f6a18b <unknown>\n#9 0x563e63f6af7e <unknown>\n#10 0x563e642208d8 <unknown>\n#11 0x563e64224800 <unknown>\n#12 0x563e6422ecfc <unknown>\n#13 0x563e64225418 <unknown>\n#14 0x563e641f242f <unknown>\n#15 0x563e642494e8 <unknown>\n#16 0x563e642496b4 <unknown>\n#17 0x563e6425a143 <unknown>\n#18 0x7f063af03044 <unknown>","time":{"start":1698713614831,"stop":1698713619344,"duration":4513}},{"uid":"7779146d23949828","reportUrl":"https://Nat754.github.io/StroyremAutomation/110//#testresult/7779146d23949828","status":"skipped","statusDetails":"XFAIL\n\nselenium.common.exceptions.NoSuchElementException: Message: no such element: Unable to locate element: {\"method\":\"xpath\",\"selector\":\"//input[@class='amount']\"}\n  (Session info: headless chrome=118.0.5993.70); For documentation on this error, please visit: https://www.selenium.dev/documentation/webdriver/troubleshooting/errors#no-such-element-exception\nStacktrace:\n#0 0x563879252fb3 <unknown>\n#1 0x563878f264a7 <unknown>\n#2 0x563878f6ddd6 <unknown>\n#3 0x563878f6dec1 <unknown>\n#4 0x563878fab354 <unknown>\n#5 0x563878f8f96d <unknown>\n#6 0x563878fa8c02 <unknown>\n#7 0x563878f8f713 <unknown>\n#8 0x563878f6218b <unknown>\n#9 0x563878f62f7e <unknown>\n#10 0x5638792188d8 <unknown>\n#11 0x56387921c800 <unknown>\n#12 0x563879226cfc <unknown>\n#13 0x56387921d418 <unknown>\n#14 0x5638791ea42f <unknown>\n#15 0x5638792414e8 <unknown>\n#16 0x5638792416b4 <unknown>\n#17 0x563879252143 <unknown>\n#18 0x7f6296c83044 <unknown>","time":{"start":1698627201603,"stop":1698627206674,"duration":5071}},{"uid":"26bf2b1a2ad6189a","reportUrl":"https://Nat754.github.io/StroyremAutomation/109//#testresult/26bf2b1a2ad6189a","status":"skipped","statusDetails":"XFAIL\n\nselenium.common.exceptions.NoSuchElementException: Message: no such element: Unable to locate element: {\"method\":\"xpath\",\"selector\":\"//input[@class='amount']\"}\n  (Session info: headless chrome=118.0.5993.70); For documentation on this error, please visit: https://www.selenium.dev/documentation/webdriver/troubleshooting/errors#no-such-element-exception\nStacktrace:\n#0 0x556820a3dfb3 <unknown>\n#1 0x5568207114a7 <unknown>\n#2 0x556820758dd6 <unknown>\n#3 0x556820758ec1 <unknown>\n#4 0x556820796354 <unknown>\n#5 0x55682077a96d <unknown>\n#6 0x556820793c02 <unknown>\n#7 0x55682077a713 <unknown>\n#8 0x55682074d18b <unknown>\n#9 0x55682074df7e <unknown>\n#10 0x556820a038d8 <unknown>\n#11 0x556820a07800 <unknown>\n#12 0x556820a11cfc <unknown>\n#13 0x556820a08418 <unknown>\n#14 0x5568209d542f <unknown>\n#15 0x556820a2c4e8 <unknown>\n#16 0x556820a2c6b4 <unknown>\n#17 0x556820a3d143 <unknown>\n#18 0x7f504b0b6044 <unknown>","time":{"start":1698540977886,"stop":1698540982243,"duration":4357}},{"uid":"654ad4a12e3f989a","reportUrl":"https://Nat754.github.io/StroyremAutomation/108//#testresult/654ad4a12e3f989a","status":"skipped","statusDetails":"XFAIL\n\nselenium.common.exceptions.NoSuchElementException: Message: no such element: Unable to locate element: {\"method\":\"xpath\",\"selector\":\"//input[@class='amount']\"}\n  (Session info: headless chrome=118.0.5993.70); For documentation on this error, please visit: https://www.selenium.dev/documentation/webdriver/troubleshooting/errors#no-such-element-exception\nStacktrace:\n#0 0x55d1c72e9fb3 <unknown>\n#1 0x55d1c6fbd4a7 <unknown>\n#2 0x55d1c7004dd6 <unknown>\n#3 0x55d1c7004ec1 <unknown>\n#4 0x55d1c7042354 <unknown>\n#5 0x55d1c702696d <unknown>\n#6 0x55d1c703fc02 <unknown>\n#7 0x55d1c7026713 <unknown>\n#8 0x55d1c6ff918b <unknown>\n#9 0x55d1c6ff9f7e <unknown>\n#10 0x55d1c72af8d8 <unknown>\n#11 0x55d1c72b3800 <unknown>\n#12 0x55d1c72bdcfc <unknown>\n#13 0x55d1c72b4418 <unknown>\n#14 0x55d1c728142f <unknown>\n#15 0x55d1c72d84e8 <unknown>\n#16 0x55d1c72d86b4 <unknown>\n#17 0x55d1c72e9143 <unknown>\n#18 0x7fc466b04044 <unknown>","time":{"start":1698454304677,"stop":1698454310774,"duration":6097}},{"uid":"f1167aec8ef69d2b","reportUrl":"https://Nat754.github.io/StroyremAutomation/107//#testresult/f1167aec8ef69d2b","status":"skipped","statusDetails":"XFAIL\n\nselenium.common.exceptions.NoSuchElementException: Message: no such element: Unable to locate element: {\"method\":\"xpath\",\"selector\":\"//input[@class='amount']\"}\n  (Session info: headless chrome=118.0.5993.70); For documentation on this error, please visit: https://www.selenium.dev/documentation/webdriver/troubleshooting/errors#no-such-element-exception\nStacktrace:\n#0 0x55b6f8284fb3 <unknown>\n#1 0x55b6f7f584a7 <unknown>\n#2 0x55b6f7f9fdd6 <unknown>\n#3 0x55b6f7f9fec1 <unknown>\n#4 0x55b6f7fdd354 <unknown>\n#5 0x55b6f7fc196d <unknown>\n#6 0x55b6f7fdac02 <unknown>\n#7 0x55b6f7fc1713 <unknown>\n#8 0x55b6f7f9418b <unknown>\n#9 0x55b6f7f94f7e <unknown>\n#10 0x55b6f824a8d8 <unknown>\n#11 0x55b6f824e800 <unknown>\n#12 0x55b6f8258cfc <unknown>\n#13 0x55b6f824f418 <unknown>\n#14 0x55b6f821c42f <unknown>\n#15 0x55b6f82734e8 <unknown>\n#16 0x55b6f82736b4 <unknown>\n#17 0x55b6f8284143 <unknown>\n#18 0x7f8826948044 <unknown>","time":{"start":1698367919279,"stop":1698367924330,"duration":5051}},{"uid":"b4f25a443faa8860","reportUrl":"https://Nat754.github.io/StroyremAutomation/106//#testresult/b4f25a443faa8860","status":"skipped","statusDetails":"XFAIL\n\nselenium.common.exceptions.NoSuchElementException: Message: no such element: Unable to locate element: {\"method\":\"xpath\",\"selector\":\"//input[@class='amount']\"}\n  (Session info: headless chrome=118.0.5993.70); For documentation on this error, please visit: https://www.selenium.dev/documentation/webdriver/troubleshooting/errors#no-such-element-exception\nStacktrace:\n#0 0x55a594b4dfb3 <unknown>\n#1 0x55a5948214a7 <unknown>\n#2 0x55a594868dd6 <unknown>\n#3 0x55a594868ec1 <unknown>\n#4 0x55a5948a6354 <unknown>\n#5 0x55a59488a96d <unknown>\n#6 0x55a5948a3c02 <unknown>\n#7 0x55a59488a713 <unknown>\n#8 0x55a59485d18b <unknown>\n#9 0x55a59485df7e <unknown>\n#10 0x55a594b138d8 <unknown>\n#11 0x55a594b17800 <unknown>\n#12 0x55a594b21cfc <unknown>\n#13 0x55a594b18418 <unknown>\n#14 0x55a594ae542f <unknown>\n#15 0x55a594b3c4e8 <unknown>\n#16 0x55a594b3c6b4 <unknown>\n#17 0x55a594b4d143 <unknown>\n#18 0x7f22550c4044 <unknown>","time":{"start":1698281520795,"stop":1698281526443,"duration":5648}},{"uid":"551d62b5798d58d","reportUrl":"https://Nat754.github.io/StroyremAutomation/105//#testresult/551d62b5798d58d","status":"skipped","statusDetails":"XFAIL\n\nselenium.common.exceptions.NoSuchElementException: Message: no such element: Unable to locate element: {\"method\":\"xpath\",\"selector\":\"//input[@class='amount']\"}\n  (Session info: headless chrome=118.0.5993.70); For documentation on this error, please visit: https://www.selenium.dev/documentation/webdriver/troubleshooting/errors#no-such-element-exception\nStacktrace:\n#0 0x55a8e1e69fb3 <unknown>\n#1 0x55a8e1b3d4a7 <unknown>\n#2 0x55a8e1b84dd6 <unknown>\n#3 0x55a8e1b84ec1 <unknown>\n#4 0x55a8e1bc2354 <unknown>\n#5 0x55a8e1ba696d <unknown>\n#6 0x55a8e1bbfc02 <unknown>\n#7 0x55a8e1ba6713 <unknown>\n#8 0x55a8e1b7918b <unknown>\n#9 0x55a8e1b79f7e <unknown>\n#10 0x55a8e1e2f8d8 <unknown>\n#11 0x55a8e1e33800 <unknown>\n#12 0x55a8e1e3dcfc <unknown>\n#13 0x55a8e1e34418 <unknown>\n#14 0x55a8e1e0142f <unknown>\n#15 0x55a8e1e584e8 <unknown>\n#16 0x55a8e1e586b4 <unknown>\n#17 0x55a8e1e69143 <unknown>\n#18 0x7f598d697044 <unknown>","time":{"start":1698195157286,"stop":1698195161489,"duration":4203}}]},"tags":["@pytest.mark.xfail","smoke_test"]},"source":"d6c6e62e5ca9d1c8.json","parameterValues":["2190","16","'TD 005'","1590","'products/shtukaturka-gipsovaya-aksolit-m50-30-kg-mashinnogo-naneseniya'","600","'https://sandboxtest.stroyrem-nn.ru/'","500"]}