{"uid":"e2960bc33fa60c0a","name":"test_positive_delivery_green_zone_smoke[TD 009-products/shtukaturka-gipsovaya-aksolit-m50-30-kg-mashinnogo-naneseniya-166-5000-2500-4990-5480-https://sandboxtest.stroyrem-nn.ru/]","fullName":"tests.delivery.test_delivery_calculation.TestDeliveryPageCalculation#test_positive_delivery_green_zone_smoke","historyId":"8179091af2334708b6b6862d13d35737","time":{"start":1699923141823,"stop":1699923145518,"duration":3695},"status":"skipped","statusMessage":"XFAIL\n\nselenium.common.exceptions.NoSuchElementException: Message: no such element: Unable to locate element: {\"method\":\"xpath\",\"selector\":\"//input[@class='amount']\"}\n  (Session info: headless chrome=119.0.6045.105); For documentation on this error, please visit: https://www.selenium.dev/documentation/webdriver/troubleshooting/errors#no-such-element-exception\nStacktrace:\n#0 0x55b9f1cd15e3 <unknown>\n#1 0x55b9f19940b7 <unknown>\n#2 0x55b9f19e1f53 <unknown>\n#3 0x55b9f19e2051 <unknown>\n#4 0x55b9f1a279c4 <unknown>\n#5 0x55b9f1a08f1d <unknown>\n#6 0x55b9f1a24b3d <unknown>\n#7 0x55b9f1a08cc3 <unknown>\n#8 0x55b9f19d40e4 <unknown>\n#9 0x55b9f19d50ae <unknown>\n#10 0x55b9f1c97ce1 <unknown>\n#11 0x55b9f1c9bb7e <unknown>\n#12 0x55b9f1c854b5 <unknown>\n#13 0x55b9f1c9c7d6 <unknown>\n#14 0x55b9f1c68dbf <unknown>\n#15 0x55b9f1cbf748 <unknown>\n#16 0x55b9f1cbf917 <unknown>\n#17 0x55b9f1cd0773 <unknown>\n#18 0x7f4a7feb4044 <unknown>","statusTrace":"self = <tests.delivery.test_delivery_calculation.TestDeliveryPageCalculation object at 0x7f6065ffbd90>\ndriver = <selenium.webdriver.chrome.webdriver.WebDriver (session=\"10536dc6139c5b2bf3078901e87153f6\")>\nurl = 'https://sandboxtest.stroyrem-nn.ru/', case_id = 'TD 009'\nlink_item = 'products/shtukaturka-gipsovaya-aksolit-m50-30-kg-mashinnogo-naneseniya'\namount = 166, weight = 5000, standard = 2500, in_time = 4990, all_time = 5480\n\n    @pytest.mark.parametrize('case_id, link_item, amount, weight, standard, in_time, all_time', [\n        (\"TD 001\", uroven_3000, 1, 30, 0, 1590, 2190),\n        (\"TD 002\", bundeks_25, 1, 30, 400, 1590, 2190),\n        (\"TD 003\", aksolit_30, 8, 300, 400, 1590, 2190),\n        (\"TD 004\", aksolit_30, 13, 400, 450, 1590, 2190),\n        (\"TD 005\", aksolit_30, 16, 500, 600, 1590, 2190),\n        (\"TD 006\", aksolit_30, 25, 1700, 990, 1990, 2480),\n        (\"TD 007\", aksolit_30, 66, 2000, 1300, 2490, 2980),\n        (\"TD 008\", aksolit_30, 149, 4500, 2300, 3980, 4490),\n        (\"TD 009\", aksolit_30, 166, 5000, 2500, 4990, 5480),\n        pytest.param(\n            \"TD 010\", aksolit_30, 206, 6200, 2900, 5570, 6120,\n            marks=pytest.mark.xfail(reson=\"Цена доставки 3600 7960 8980\")\n        ),\n        (\"TD 011\", aksolit_30, 299, 9000, 3600, 7960, 8980),\n        (\"TD 012\", aksolit_30, 333, 10000, 4450, 11990, 12500),\n        pytest.param(\n            \"TD 013\", aksolit_30, 366, 11000, 4800, 12450, 13480,\n            marks=pytest.mark.xfail(reason=\"Цена стандартной доставки 4450\")\n        ),\n        pytest.param(\n            \"TD 014\", aksolit_30, 666, 20000, 5400, 15600, 17490,\n            marks=pytest.mark.xfail(reason=\"Цена стандартной доставки 4450\")\n        )\n    ])\n    @pytest.mark.xfail\n    @pytest.mark.smoke_test\n    def test_positive_delivery_green_zone_smoke(\n            self, driver, url, case_id, link_item, amount, weight, standard, in_time, all_time\n    ):\n    \n        driver.get(f'{url}{link_item}')\n        item_page = ItemPage(driver)\n>       item_page.add_item_to_cart(amount).click_on_cart()\n\ntests/delivery/test_delivery_calculation.py:50: \n_ _ _ _ _ _ _ _ _ _ _ _ _ _ _ _ _ _ _ _ _ _ _ _ _ _ _ _ _ _ _ _ _ _ _ _ _ _ _ _ \npages/item_page.py:41: in add_item_to_cart\n    amount_field = self.find_element(self._item_amount)\nbase/seleniumbase.py:17: in find_element\n    return self.driver.find_element(*locator)\n/usr/local/lib/python3.11/site-packages/selenium/webdriver/remote/webdriver.py:739: in find_element\n    return self.execute(Command.FIND_ELEMENT, {\"using\": by, \"value\": value})[\"value\"]\n/usr/local/lib/python3.11/site-packages/selenium/webdriver/remote/webdriver.py:345: in execute\n    self.error_handler.check_response(response)\n_ _ _ _ _ _ _ _ _ _ _ _ _ _ _ _ _ _ _ _ _ _ _ _ _ _ _ _ _ _ _ _ _ _ _ _ _ _ _ _ \n\nself = <selenium.webdriver.remote.errorhandler.ErrorHandler object at 0x7f6065f67990>\nresponse = {'status': 404, 'value': '{\"value\":{\"error\":\"no such element\",\"message\":\"no such element: Unable to locate element: {\\...\\\\n#16 0x55b9f1cbf917 \\\\u003Cunknown>\\\\n#17 0x55b9f1cd0773 \\\\u003Cunknown>\\\\n#18 0x7f4a7feb4044 \\\\u003Cunknown>\\\\n\"}}'}\n\n    def check_response(self, response: Dict[str, Any]) -> None:\n        \"\"\"Checks that a JSON response from the WebDriver does not have an\n        error.\n    \n        :Args:\n         - response - The JSON response from the WebDriver server as a dictionary\n           object.\n    \n        :Raises: If the response contains an error message.\n        \"\"\"\n        status = response.get(\"status\", None)\n        if not status or status == ErrorCode.SUCCESS:\n            return\n        value = None\n        message = response.get(\"message\", \"\")\n        screen: str = response.get(\"screen\", \"\")\n        stacktrace = None\n        if isinstance(status, int):\n            value_json = response.get(\"value\", None)\n            if value_json and isinstance(value_json, str):\n                import json\n    \n                try:\n                    value = json.loads(value_json)\n                    if len(value) == 1:\n                        value = value[\"value\"]\n                    status = value.get(\"error\", None)\n                    if not status:\n                        status = value.get(\"status\", ErrorCode.UNKNOWN_ERROR)\n                        message = value.get(\"value\") or value.get(\"message\")\n                        if not isinstance(message, str):\n                            value = message\n                            message = message.get(\"message\")\n                    else:\n                        message = value.get(\"message\", None)\n                except ValueError:\n                    pass\n    \n        exception_class: Type[WebDriverException]\n        e = ErrorCode()\n        error_codes = [item for item in dir(e) if not item.startswith(\"__\")]\n        for error_code in error_codes:\n            error_info = getattr(ErrorCode, error_code)\n            if isinstance(error_info, list) and status in error_info:\n                exception_class = getattr(ExceptionMapping, error_code, WebDriverException)\n                break\n        else:\n            exception_class = WebDriverException\n    \n        if not value:\n            value = response[\"value\"]\n        if isinstance(value, str):\n            raise exception_class(value)\n        if message == \"\" and \"message\" in value:\n            message = value[\"message\"]\n    \n        screen = None  # type: ignore[assignment]\n        if \"screen\" in value:\n            screen = value[\"screen\"]\n    \n        stacktrace = None\n        st_value = value.get(\"stackTrace\") or value.get(\"stacktrace\")\n        if st_value:\n            if isinstance(st_value, str):\n                stacktrace = st_value.split(\"\\n\")\n            else:\n                stacktrace = []\n                try:\n                    for frame in st_value:\n                        line = frame.get(\"lineNumber\", \"\")\n                        file = frame.get(\"fileName\", \"<anonymous>\")\n                        if line:\n                            file = f\"{file}:{line}\"\n                        meth = frame.get(\"methodName\", \"<anonymous>\")\n                        if \"className\" in frame:\n                            meth = f\"{frame['className']}.{meth}\"\n                        msg = \"    at %s (%s)\"\n                        msg = msg % (meth, file)\n                        stacktrace.append(msg)\n                except TypeError:\n                    pass\n        if exception_class == UnexpectedAlertPresentException:\n            alert_text = None\n            if \"data\" in value:\n                alert_text = value[\"data\"].get(\"text\")\n            elif \"alert\" in value:\n                alert_text = value[\"alert\"].get(\"text\")\n            raise exception_class(message, screen, stacktrace, alert_text)  # type: ignore[call-arg]  # mypy is not smart enough here\n>       raise exception_class(message, screen, stacktrace)\nE       selenium.common.exceptions.NoSuchElementException: Message: no such element: Unable to locate element: {\"method\":\"xpath\",\"selector\":\"//input[@class='amount']\"}\nE         (Session info: headless chrome=119.0.6045.105); For documentation on this error, please visit: https://www.selenium.dev/documentation/webdriver/troubleshooting/errors#no-such-element-exception\nE       Stacktrace:\nE       #0 0x55b9f1cd15e3 <unknown>\nE       #1 0x55b9f19940b7 <unknown>\nE       #2 0x55b9f19e1f53 <unknown>\nE       #3 0x55b9f19e2051 <unknown>\nE       #4 0x55b9f1a279c4 <unknown>\nE       #5 0x55b9f1a08f1d <unknown>\nE       #6 0x55b9f1a24b3d <unknown>\nE       #7 0x55b9f1a08cc3 <unknown>\nE       #8 0x55b9f19d40e4 <unknown>\nE       #9 0x55b9f19d50ae <unknown>\nE       #10 0x55b9f1c97ce1 <unknown>\nE       #11 0x55b9f1c9bb7e <unknown>\nE       #12 0x55b9f1c854b5 <unknown>\nE       #13 0x55b9f1c9c7d6 <unknown>\nE       #14 0x55b9f1c68dbf <unknown>\nE       #15 0x55b9f1cbf748 <unknown>\nE       #16 0x55b9f1cbf917 <unknown>\nE       #17 0x55b9f1cd0773 <unknown>\nE       #18 0x7f4a7feb4044 <unknown>\n\n/usr/local/lib/python3.11/site-packages/selenium/webdriver/remote/errorhandler.py:229: NoSuchElementException","flaky":false,"newFailed":false,"newBroken":false,"newPassed":false,"retriesCount":0,"retriesStatusChange":false,"beforeStages":[{"name":"_session_faker","time":{"start":1699922934438,"stop":1699922934503,"duration":65},"status":"passed","steps":[],"attachments":[],"parameters":[],"shouldDisplayMessage":false,"stepsCount":0,"attachmentsCount":0,"hasContent":false},{"name":"clear_allure_results_folder","time":{"start":1699922934503,"stop":1699922934504,"duration":1},"status":"passed","steps":[],"attachments":[],"parameters":[],"shouldDisplayMessage":false,"stepsCount":0,"attachmentsCount":0,"hasContent":false},{"name":"driver","time":{"start":1699923141045,"stop":1699923141822,"duration":777},"status":"passed","steps":[],"attachments":[],"parameters":[],"shouldDisplayMessage":false,"stepsCount":0,"attachmentsCount":0,"hasContent":false},{"name":"setup","time":{"start":1699923141822,"stop":1699923141822,"duration":0},"status":"passed","steps":[],"attachments":[],"parameters":[],"shouldDisplayMessage":false,"stepsCount":0,"attachmentsCount":0,"hasContent":false}],"testStage":{"status":"skipped","statusMessage":"XFAIL\n\nselenium.common.exceptions.NoSuchElementException: Message: no such element: Unable to locate element: {\"method\":\"xpath\",\"selector\":\"//input[@class='amount']\"}\n  (Session info: headless chrome=119.0.6045.105); For documentation on this error, please visit: https://www.selenium.dev/documentation/webdriver/troubleshooting/errors#no-such-element-exception\nStacktrace:\n#0 0x55b9f1cd15e3 <unknown>\n#1 0x55b9f19940b7 <unknown>\n#2 0x55b9f19e1f53 <unknown>\n#3 0x55b9f19e2051 <unknown>\n#4 0x55b9f1a279c4 <unknown>\n#5 0x55b9f1a08f1d <unknown>\n#6 0x55b9f1a24b3d <unknown>\n#7 0x55b9f1a08cc3 <unknown>\n#8 0x55b9f19d40e4 <unknown>\n#9 0x55b9f19d50ae <unknown>\n#10 0x55b9f1c97ce1 <unknown>\n#11 0x55b9f1c9bb7e <unknown>\n#12 0x55b9f1c854b5 <unknown>\n#13 0x55b9f1c9c7d6 <unknown>\n#14 0x55b9f1c68dbf <unknown>\n#15 0x55b9f1cbf748 <unknown>\n#16 0x55b9f1cbf917 <unknown>\n#17 0x55b9f1cd0773 <unknown>\n#18 0x7f4a7feb4044 <unknown>","statusTrace":"self = <tests.delivery.test_delivery_calculation.TestDeliveryPageCalculation object at 0x7f6065ffbd90>\ndriver = <selenium.webdriver.chrome.webdriver.WebDriver (session=\"10536dc6139c5b2bf3078901e87153f6\")>\nurl = 'https://sandboxtest.stroyrem-nn.ru/', case_id = 'TD 009'\nlink_item = 'products/shtukaturka-gipsovaya-aksolit-m50-30-kg-mashinnogo-naneseniya'\namount = 166, weight = 5000, standard = 2500, in_time = 4990, all_time = 5480\n\n    @pytest.mark.parametrize('case_id, link_item, amount, weight, standard, in_time, all_time', [\n        (\"TD 001\", uroven_3000, 1, 30, 0, 1590, 2190),\n        (\"TD 002\", bundeks_25, 1, 30, 400, 1590, 2190),\n        (\"TD 003\", aksolit_30, 8, 300, 400, 1590, 2190),\n        (\"TD 004\", aksolit_30, 13, 400, 450, 1590, 2190),\n        (\"TD 005\", aksolit_30, 16, 500, 600, 1590, 2190),\n        (\"TD 006\", aksolit_30, 25, 1700, 990, 1990, 2480),\n        (\"TD 007\", aksolit_30, 66, 2000, 1300, 2490, 2980),\n        (\"TD 008\", aksolit_30, 149, 4500, 2300, 3980, 4490),\n        (\"TD 009\", aksolit_30, 166, 5000, 2500, 4990, 5480),\n        pytest.param(\n            \"TD 010\", aksolit_30, 206, 6200, 2900, 5570, 6120,\n            marks=pytest.mark.xfail(reson=\"Цена доставки 3600 7960 8980\")\n        ),\n        (\"TD 011\", aksolit_30, 299, 9000, 3600, 7960, 8980),\n        (\"TD 012\", aksolit_30, 333, 10000, 4450, 11990, 12500),\n        pytest.param(\n            \"TD 013\", aksolit_30, 366, 11000, 4800, 12450, 13480,\n            marks=pytest.mark.xfail(reason=\"Цена стандартной доставки 4450\")\n        ),\n        pytest.param(\n            \"TD 014\", aksolit_30, 666, 20000, 5400, 15600, 17490,\n            marks=pytest.mark.xfail(reason=\"Цена стандартной доставки 4450\")\n        )\n    ])\n    @pytest.mark.xfail\n    @pytest.mark.smoke_test\n    def test_positive_delivery_green_zone_smoke(\n            self, driver, url, case_id, link_item, amount, weight, standard, in_time, all_time\n    ):\n    \n        driver.get(f'{url}{link_item}')\n        item_page = ItemPage(driver)\n>       item_page.add_item_to_cart(amount).click_on_cart()\n\ntests/delivery/test_delivery_calculation.py:50: \n_ _ _ _ _ _ _ _ _ _ _ _ _ _ _ _ _ _ _ _ _ _ _ _ _ _ _ _ _ _ _ _ _ _ _ _ _ _ _ _ \npages/item_page.py:41: in add_item_to_cart\n    amount_field = self.find_element(self._item_amount)\nbase/seleniumbase.py:17: in find_element\n    return self.driver.find_element(*locator)\n/usr/local/lib/python3.11/site-packages/selenium/webdriver/remote/webdriver.py:739: in find_element\n    return self.execute(Command.FIND_ELEMENT, {\"using\": by, \"value\": value})[\"value\"]\n/usr/local/lib/python3.11/site-packages/selenium/webdriver/remote/webdriver.py:345: in execute\n    self.error_handler.check_response(response)\n_ _ _ _ _ _ _ _ _ _ _ _ _ _ _ _ _ _ _ _ _ _ _ _ _ _ _ _ _ _ _ _ _ _ _ _ _ _ _ _ \n\nself = <selenium.webdriver.remote.errorhandler.ErrorHandler object at 0x7f6065f67990>\nresponse = {'status': 404, 'value': '{\"value\":{\"error\":\"no such element\",\"message\":\"no such element: Unable to locate element: {\\...\\\\n#16 0x55b9f1cbf917 \\\\u003Cunknown>\\\\n#17 0x55b9f1cd0773 \\\\u003Cunknown>\\\\n#18 0x7f4a7feb4044 \\\\u003Cunknown>\\\\n\"}}'}\n\n    def check_response(self, response: Dict[str, Any]) -> None:\n        \"\"\"Checks that a JSON response from the WebDriver does not have an\n        error.\n    \n        :Args:\n         - response - The JSON response from the WebDriver server as a dictionary\n           object.\n    \n        :Raises: If the response contains an error message.\n        \"\"\"\n        status = response.get(\"status\", None)\n        if not status or status == ErrorCode.SUCCESS:\n            return\n        value = None\n        message = response.get(\"message\", \"\")\n        screen: str = response.get(\"screen\", \"\")\n        stacktrace = None\n        if isinstance(status, int):\n            value_json = response.get(\"value\", None)\n            if value_json and isinstance(value_json, str):\n                import json\n    \n                try:\n                    value = json.loads(value_json)\n                    if len(value) == 1:\n                        value = value[\"value\"]\n                    status = value.get(\"error\", None)\n                    if not status:\n                        status = value.get(\"status\", ErrorCode.UNKNOWN_ERROR)\n                        message = value.get(\"value\") or value.get(\"message\")\n                        if not isinstance(message, str):\n                            value = message\n                            message = message.get(\"message\")\n                    else:\n                        message = value.get(\"message\", None)\n                except ValueError:\n                    pass\n    \n        exception_class: Type[WebDriverException]\n        e = ErrorCode()\n        error_codes = [item for item in dir(e) if not item.startswith(\"__\")]\n        for error_code in error_codes:\n            error_info = getattr(ErrorCode, error_code)\n            if isinstance(error_info, list) and status in error_info:\n                exception_class = getattr(ExceptionMapping, error_code, WebDriverException)\n                break\n        else:\n            exception_class = WebDriverException\n    \n        if not value:\n            value = response[\"value\"]\n        if isinstance(value, str):\n            raise exception_class(value)\n        if message == \"\" and \"message\" in value:\n            message = value[\"message\"]\n    \n        screen = None  # type: ignore[assignment]\n        if \"screen\" in value:\n            screen = value[\"screen\"]\n    \n        stacktrace = None\n        st_value = value.get(\"stackTrace\") or value.get(\"stacktrace\")\n        if st_value:\n            if isinstance(st_value, str):\n                stacktrace = st_value.split(\"\\n\")\n            else:\n                stacktrace = []\n                try:\n                    for frame in st_value:\n                        line = frame.get(\"lineNumber\", \"\")\n                        file = frame.get(\"fileName\", \"<anonymous>\")\n                        if line:\n                            file = f\"{file}:{line}\"\n                        meth = frame.get(\"methodName\", \"<anonymous>\")\n                        if \"className\" in frame:\n                            meth = f\"{frame['className']}.{meth}\"\n                        msg = \"    at %s (%s)\"\n                        msg = msg % (meth, file)\n                        stacktrace.append(msg)\n                except TypeError:\n                    pass\n        if exception_class == UnexpectedAlertPresentException:\n            alert_text = None\n            if \"data\" in value:\n                alert_text = value[\"data\"].get(\"text\")\n            elif \"alert\" in value:\n                alert_text = value[\"alert\"].get(\"text\")\n            raise exception_class(message, screen, stacktrace, alert_text)  # type: ignore[call-arg]  # mypy is not smart enough here\n>       raise exception_class(message, screen, stacktrace)\nE       selenium.common.exceptions.NoSuchElementException: Message: no such element: Unable to locate element: {\"method\":\"xpath\",\"selector\":\"//input[@class='amount']\"}\nE         (Session info: headless chrome=119.0.6045.105); For documentation on this error, please visit: https://www.selenium.dev/documentation/webdriver/troubleshooting/errors#no-such-element-exception\nE       Stacktrace:\nE       #0 0x55b9f1cd15e3 <unknown>\nE       #1 0x55b9f19940b7 <unknown>\nE       #2 0x55b9f19e1f53 <unknown>\nE       #3 0x55b9f19e2051 <unknown>\nE       #4 0x55b9f1a279c4 <unknown>\nE       #5 0x55b9f1a08f1d <unknown>\nE       #6 0x55b9f1a24b3d <unknown>\nE       #7 0x55b9f1a08cc3 <unknown>\nE       #8 0x55b9f19d40e4 <unknown>\nE       #9 0x55b9f19d50ae <unknown>\nE       #10 0x55b9f1c97ce1 <unknown>\nE       #11 0x55b9f1c9bb7e <unknown>\nE       #12 0x55b9f1c854b5 <unknown>\nE       #13 0x55b9f1c9c7d6 <unknown>\nE       #14 0x55b9f1c68dbf <unknown>\nE       #15 0x55b9f1cbf748 <unknown>\nE       #16 0x55b9f1cbf917 <unknown>\nE       #17 0x55b9f1cd0773 <unknown>\nE       #18 0x7f4a7feb4044 <unknown>\n\n/usr/local/lib/python3.11/site-packages/selenium/webdriver/remote/errorhandler.py:229: NoSuchElementException","steps":[{"name":"Добавляем товар в корзину в количестве 166","time":{"start":1699923145462,"stop":1699923145517,"duration":55},"status":"broken","statusMessage":"selenium.common.exceptions.NoSuchElementException: Message: no such element: Unable to locate element: {\"method\":\"xpath\",\"selector\":\"//input[@class='amount']\"}\n  (Session info: headless chrome=119.0.6045.105); For documentation on this error, please visit: https://www.selenium.dev/documentation/webdriver/troubleshooting/errors#no-such-element-exception\nStacktrace:\n#0 0x55b9f1cd15e3 <unknown>\n#1 0x55b9f19940b7 <unknown>\n#2 0x55b9f19e1f53 <unknown>\n#3 0x55b9f19e2051 <unknown>\n#4 0x55b9f1a279c4 <unknown>\n#5 0x55b9f1a08f1d <unknown>\n#6 0x55b9f1a24b3d <unknown>\n#7 0x55b9f1a08cc3 <unknown>\n#8 0x55b9f19d40e4 <unknown>\n#9 0x55b9f19d50ae <unknown>\n#10 0x55b9f1c97ce1 <unknown>\n#11 0x55b9f1c9bb7e <unknown>\n#12 0x55b9f1c854b5 <unknown>\n#13 0x55b9f1c9c7d6 <unknown>\n#14 0x55b9f1c68dbf <unknown>\n#15 0x55b9f1cbf748 <unknown>\n#16 0x55b9f1cbf917 <unknown>\n#17 0x55b9f1cd0773 <unknown>\n#18 0x7f4a7feb4044 <unknown>\n\n","statusTrace":"  File \"/usr/local/lib/python3.11/site-packages/allure_commons/_allure.py\", line 192, in impl\n    return func(*a, **kw)\n           ^^^^^^^^^^^^^^\n  File \"/app/pages/item_page.py\", line 41, in add_item_to_cart\n    amount_field = self.find_element(self._item_amount)\n                   ^^^^^^^^^^^^^^^^^^^^^^^^^^^^^^^^^^^^\n  File \"/app/base/seleniumbase.py\", line 17, in find_element\n    return self.driver.find_element(*locator)\n           ^^^^^^^^^^^^^^^^^^^^^^^^^^^^^^^^^^\n  File \"/usr/local/lib/python3.11/site-packages/selenium/webdriver/remote/webdriver.py\", line 739, in find_element\n    return self.execute(Command.FIND_ELEMENT, {\"using\": by, \"value\": value})[\"value\"]\n           ^^^^^^^^^^^^^^^^^^^^^^^^^^^^^^^^^^^^^^^^^^^^^^^^^^^^^^^^^^^^^^^^^\n  File \"/usr/local/lib/python3.11/site-packages/selenium/webdriver/remote/webdriver.py\", line 345, in execute\n    self.error_handler.check_response(response)\n  File \"/usr/local/lib/python3.11/site-packages/selenium/webdriver/remote/errorhandler.py\", line 229, in check_response\n    raise exception_class(message, screen, stacktrace)\n","steps":[],"attachments":[],"parameters":[{"name":"amount","value":"166"}],"shouldDisplayMessage":true,"stepsCount":0,"attachmentsCount":0,"hasContent":true}],"attachments":[{"uid":"560535e7dfd29c56","name":"Screenshot","source":"560535e7dfd29c56.png","type":"image/png","size":115178},{"uid":"9eba212c6acd7aa2","name":"HTML source","source":"9eba212c6acd7aa2.html","type":"text/html","size":303988}],"parameters":[],"shouldDisplayMessage":true,"stepsCount":1,"attachmentsCount":2,"hasContent":true},"afterStages":[{"name":"driver::0","time":{"start":1699923145650,"stop":1699923145710,"duration":60},"status":"passed","steps":[],"attachments":[],"parameters":[],"shouldDisplayMessage":false,"stepsCount":0,"attachmentsCount":0,"hasContent":false},{"name":"setup::0","time":{"start":1699923145650,"stop":1699923145650,"duration":0},"status":"passed","steps":[],"attachments":[],"parameters":[],"shouldDisplayMessage":false,"stepsCount":0,"attachmentsCount":0,"hasContent":false}],"labels":[{"name":"epic","value":"Delivery Page - calculation"},{"name":"tag","value":"smoke_test"},{"name":"tag","value":"@pytest.mark.xfail"},{"name":"parentSuite","value":"tests.delivery"},{"name":"suite","value":"test_delivery_calculation"},{"name":"subSuite","value":"TestDeliveryPageCalculation"},{"name":"host","value":"1c587a74c130"},{"name":"thread","value":"1-MainThread"},{"name":"framework","value":"pytest"},{"name":"language","value":"cpython3"},{"name":"package","value":"tests.delivery.test_delivery_calculation"},{"name":"resultFormat","value":"allure2"}],"parameters":[{"name":"all_time","value":"5480"},{"name":"amount","value":"166"},{"name":"case_id","value":"'TD 009'"},{"name":"in_time","value":"4990"},{"name":"link_item","value":"'products/shtukaturka-gipsovaya-aksolit-m50-30-kg-mashinnogo-naneseniya'"},{"name":"standard","value":"2500"},{"name":"url","value":"'https://sandboxtest.stroyrem-nn.ru/'"},{"name":"weight","value":"5000"}],"links":[],"hidden":false,"retry":false,"extra":{"severity":"normal","retries":[],"categories":[],"history":{"statistic":{"failed":0,"broken":13,"skipped":84,"passed":0,"unknown":0,"total":97},"items":[{"uid":"8ca05e4e05c4aef3","reportUrl":"https://Nat754.github.io/StroyremAutomation/124//#testresult/8ca05e4e05c4aef3","status":"skipped","statusDetails":"XFAIL\n\nselenium.common.exceptions.NoSuchElementException: Message: no such element: Unable to locate element: {\"method\":\"xpath\",\"selector\":\"//input[@class='amount']\"}\n  (Session info: headless chrome=119.0.6045.105); For documentation on this error, please visit: https://www.selenium.dev/documentation/webdriver/troubleshooting/errors#no-such-element-exception\nStacktrace:\n#0 0x5608fff1d5e3 <unknown>\n#1 0x5608ffbe00b7 <unknown>\n#2 0x5608ffc2df53 <unknown>\n#3 0x5608ffc2e051 <unknown>\n#4 0x5608ffc739c4 <unknown>\n#5 0x5608ffc54f1d <unknown>\n#6 0x5608ffc70b3d <unknown>\n#7 0x5608ffc54cc3 <unknown>\n#8 0x5608ffc200e4 <unknown>\n#9 0x5608ffc210ae <unknown>\n#10 0x5608ffee3ce1 <unknown>\n#11 0x5608ffee7b7e <unknown>\n#12 0x5608ffed14b5 <unknown>\n#13 0x5608ffee87d6 <unknown>\n#14 0x5608ffeb4dbf <unknown>\n#15 0x5608fff0b748 <unknown>\n#16 0x5608fff0b917 <unknown>\n#17 0x5608fff1c773 <unknown>\n#18 0x7f149c8ee044 <unknown>","time":{"start":1699836892799,"stop":1699836896391,"duration":3592}},{"uid":"85b2761a541fe910","reportUrl":"https://Nat754.github.io/StroyremAutomation/123//#testresult/85b2761a541fe910","status":"skipped","statusDetails":"XFAIL\n\nselenium.common.exceptions.NoSuchElementException: Message: no such element: Unable to locate element: {\"method\":\"xpath\",\"selector\":\"//input[@class='amount']\"}\n  (Session info: headless chrome=119.0.6045.105); For documentation on this error, please visit: https://www.selenium.dev/documentation/webdriver/troubleshooting/errors#no-such-element-exception\nStacktrace:\n#0 0x561d9dc635e3 <unknown>\n#1 0x561d9d9260b7 <unknown>\n#2 0x561d9d973f53 <unknown>\n#3 0x561d9d974051 <unknown>\n#4 0x561d9d9b99c4 <unknown>\n#5 0x561d9d99af1d <unknown>\n#6 0x561d9d9b6b3d <unknown>\n#7 0x561d9d99acc3 <unknown>\n#8 0x561d9d9660e4 <unknown>\n#9 0x561d9d9670ae <unknown>\n#10 0x561d9dc29ce1 <unknown>\n#11 0x561d9dc2db7e <unknown>\n#12 0x561d9dc174b5 <unknown>\n#13 0x561d9dc2e7d6 <unknown>\n#14 0x561d9dbfadbf <unknown>\n#15 0x561d9dc51748 <unknown>\n#16 0x561d9dc51917 <unknown>\n#17 0x561d9dc62773 <unknown>\n#18 0x7f7e02c25044 <unknown>","time":{"start":1699750616638,"stop":1699750620219,"duration":3581}},{"uid":"b85e8b50592157bb","reportUrl":"https://Nat754.github.io/StroyremAutomation/122//#testresult/b85e8b50592157bb","status":"skipped","statusDetails":"XFAIL\n\nselenium.common.exceptions.NoSuchElementException: Message: no such element: Unable to locate element: {\"method\":\"xpath\",\"selector\":\"//input[@class='amount']\"}\n  (Session info: headless chrome=119.0.6045.105); For documentation on this error, please visit: https://www.selenium.dev/documentation/webdriver/troubleshooting/errors#no-such-element-exception\nStacktrace:\n#0 0x55f68cfb65e3 <unknown>\n#1 0x55f68cc790b7 <unknown>\n#2 0x55f68ccc6f53 <unknown>\n#3 0x55f68ccc7051 <unknown>\n#4 0x55f68cd0c9c4 <unknown>\n#5 0x55f68ccedf1d <unknown>\n#6 0x55f68cd09b3d <unknown>\n#7 0x55f68ccedcc3 <unknown>\n#8 0x55f68ccb90e4 <unknown>\n#9 0x55f68ccba0ae <unknown>\n#10 0x55f68cf7cce1 <unknown>\n#11 0x55f68cf80b7e <unknown>\n#12 0x55f68cf6a4b5 <unknown>\n#13 0x55f68cf817d6 <unknown>\n#14 0x55f68cf4ddbf <unknown>\n#15 0x55f68cfa4748 <unknown>\n#16 0x55f68cfa4917 <unknown>\n#17 0x55f68cfb5773 <unknown>\n#18 0x7ff718939044 <unknown>","time":{"start":1699663956412,"stop":1699663960245,"duration":3833}},{"uid":"943730fb045668d6","reportUrl":"https://Nat754.github.io/StroyremAutomation/121//#testresult/943730fb045668d6","status":"skipped","statusDetails":"XFAIL\n\nselenium.common.exceptions.NoSuchElementException: Message: no such element: Unable to locate element: {\"method\":\"xpath\",\"selector\":\"//input[@class='amount']\"}\n  (Session info: headless chrome=119.0.6045.105); For documentation on this error, please visit: https://www.selenium.dev/documentation/webdriver/troubleshooting/errors#no-such-element-exception\nStacktrace:\n#0 0x55bf48d5a5e3 <unknown>\n#1 0x55bf48a1d0b7 <unknown>\n#2 0x55bf48a6af53 <unknown>\n#3 0x55bf48a6b051 <unknown>\n#4 0x55bf48ab09c4 <unknown>\n#5 0x55bf48a91f1d <unknown>\n#6 0x55bf48aadb3d <unknown>\n#7 0x55bf48a91cc3 <unknown>\n#8 0x55bf48a5d0e4 <unknown>\n#9 0x55bf48a5e0ae <unknown>\n#10 0x55bf48d20ce1 <unknown>\n#11 0x55bf48d24b7e <unknown>\n#12 0x55bf48d0e4b5 <unknown>\n#13 0x55bf48d257d6 <unknown>\n#14 0x55bf48cf1dbf <unknown>\n#15 0x55bf48d48748 <unknown>\n#16 0x55bf48d48917 <unknown>\n#17 0x55bf48d59773 <unknown>\n#18 0x7f9fb12cc044 <unknown>","time":{"start":1699577550995,"stop":1699577554781,"duration":3786}},{"uid":"1c63950121b9e8d7","reportUrl":"https://Nat754.github.io/StroyremAutomation/120//#testresult/1c63950121b9e8d7","status":"skipped","statusDetails":"XFAIL\n\nselenium.common.exceptions.NoSuchElementException: Message: no such element: Unable to locate element: {\"method\":\"xpath\",\"selector\":\"//input[@class='amount']\"}\n  (Session info: headless chrome=119.0.6045.105); For documentation on this error, please visit: https://www.selenium.dev/documentation/webdriver/troubleshooting/errors#no-such-element-exception\nStacktrace:\n#0 0x56066a3825e3 <unknown>\n#1 0x56066a0450b7 <unknown>\n#2 0x56066a092f53 <unknown>\n#3 0x56066a093051 <unknown>\n#4 0x56066a0d89c4 <unknown>\n#5 0x56066a0b9f1d <unknown>\n#6 0x56066a0d5b3d <unknown>\n#7 0x56066a0b9cc3 <unknown>\n#8 0x56066a0850e4 <unknown>\n#9 0x56066a0860ae <unknown>\n#10 0x56066a348ce1 <unknown>\n#11 0x56066a34cb7e <unknown>\n#12 0x56066a3364b5 <unknown>\n#13 0x56066a34d7d6 <unknown>\n#14 0x56066a319dbf <unknown>\n#15 0x56066a370748 <unknown>\n#16 0x56066a370917 <unknown>\n#17 0x56066a381773 <unknown>\n#18 0x7f103afae044 <unknown>","time":{"start":1699491131519,"stop":1699491135215,"duration":3696}},{"uid":"6ada1a1716f3f443","reportUrl":"https://Nat754.github.io/StroyremAutomation/119//#testresult/6ada1a1716f3f443","status":"skipped","statusDetails":"XFAIL\n\nselenium.common.exceptions.NoSuchElementException: Message: no such element: Unable to locate element: {\"method\":\"xpath\",\"selector\":\"//input[@class='amount']\"}\n  (Session info: headless chrome=119.0.6045.105); For documentation on this error, please visit: https://www.selenium.dev/documentation/webdriver/troubleshooting/errors#no-such-element-exception\nStacktrace:\n#0 0x56016afe85e3 <unknown>\n#1 0x56016acab0b7 <unknown>\n#2 0x56016acf8f53 <unknown>\n#3 0x56016acf9051 <unknown>\n#4 0x56016ad3e9c4 <unknown>\n#5 0x56016ad1ff1d <unknown>\n#6 0x56016ad3bb3d <unknown>\n#7 0x56016ad1fcc3 <unknown>\n#8 0x56016aceb0e4 <unknown>\n#9 0x56016acec0ae <unknown>\n#10 0x56016afaece1 <unknown>\n#11 0x56016afb2b7e <unknown>\n#12 0x56016af9c4b5 <unknown>\n#13 0x56016afb37d6 <unknown>\n#14 0x56016af7fdbf <unknown>\n#15 0x56016afd6748 <unknown>\n#16 0x56016afd6917 <unknown>\n#17 0x56016afe7773 <unknown>\n#18 0x7f1c29449044 <unknown>","time":{"start":1699404793349,"stop":1699404797556,"duration":4207}},{"uid":"3671a3d86155064b","reportUrl":"https://Nat754.github.io/StroyremAutomation/118//#testresult/3671a3d86155064b","status":"skipped","statusDetails":"XFAIL\n\nselenium.common.exceptions.NoSuchElementException: Message: no such element: Unable to locate element: {\"method\":\"xpath\",\"selector\":\"//input[@class='amount']\"}\n  (Session info: headless chrome=119.0.6045.105); For documentation on this error, please visit: https://www.selenium.dev/documentation/webdriver/troubleshooting/errors#no-such-element-exception\nStacktrace:\n#0 0x5625fdf745e3 <unknown>\n#1 0x5625fdc370b7 <unknown>\n#2 0x5625fdc84f53 <unknown>\n#3 0x5625fdc85051 <unknown>\n#4 0x5625fdcca9c4 <unknown>\n#5 0x5625fdcabf1d <unknown>\n#6 0x5625fdcc7b3d <unknown>\n#7 0x5625fdcabcc3 <unknown>\n#8 0x5625fdc770e4 <unknown>\n#9 0x5625fdc780ae <unknown>\n#10 0x5625fdf3ace1 <unknown>\n#11 0x5625fdf3eb7e <unknown>\n#12 0x5625fdf284b5 <unknown>\n#13 0x5625fdf3f7d6 <unknown>\n#14 0x5625fdf0bdbf <unknown>\n#15 0x5625fdf62748 <unknown>\n#16 0x5625fdf62917 <unknown>\n#17 0x5625fdf73773 <unknown>\n#18 0x7f57edc5d044 <unknown>","time":{"start":1699318472811,"stop":1699318476252,"duration":3441}},{"uid":"72cb40430df1ab70","reportUrl":"https://Nat754.github.io/StroyremAutomation/117//#testresult/72cb40430df1ab70","status":"skipped","statusDetails":"XFAIL\n\nselenium.common.exceptions.NoSuchElementException: Message: no such element: Unable to locate element: {\"method\":\"xpath\",\"selector\":\"//input[@class='amount']\"}\n  (Session info: headless chrome=119.0.6045.105); For documentation on this error, please visit: https://www.selenium.dev/documentation/webdriver/troubleshooting/errors#no-such-element-exception\nStacktrace:\n#0 0x55f66dfd15e3 <unknown>\n#1 0x55f66dc940b7 <unknown>\n#2 0x55f66dce1f53 <unknown>\n#3 0x55f66dce2051 <unknown>\n#4 0x55f66dd279c4 <unknown>\n#5 0x55f66dd08f1d <unknown>\n#6 0x55f66dd24b3d <unknown>\n#7 0x55f66dd08cc3 <unknown>\n#8 0x55f66dcd40e4 <unknown>\n#9 0x55f66dcd50ae <unknown>\n#10 0x55f66df97ce1 <unknown>\n#11 0x55f66df9bb7e <unknown>\n#12 0x55f66df854b5 <unknown>\n#13 0x55f66df9c7d6 <unknown>\n#14 0x55f66df68dbf <unknown>\n#15 0x55f66dfbf748 <unknown>\n#16 0x55f66dfbf917 <unknown>\n#17 0x55f66dfd0773 <unknown>\n#18 0x7f857b8f8044 <unknown>","time":{"start":1699232129762,"stop":1699232133896,"duration":4134}},{"uid":"dff5ee348cf0adf6","reportUrl":"https://Nat754.github.io/StroyremAutomation/116//#testresult/dff5ee348cf0adf6","status":"skipped","statusDetails":"XFAIL\n\nselenium.common.exceptions.NoSuchElementException: Message: no such element: Unable to locate element: {\"method\":\"xpath\",\"selector\":\"//input[@class='amount']\"}\n  (Session info: headless chrome=119.0.6045.105); For documentation on this error, please visit: https://www.selenium.dev/documentation/webdriver/troubleshooting/errors#no-such-element-exception\nStacktrace:\n#0 0x558c481845e3 <unknown>\n#1 0x558c47e470b7 <unknown>\n#2 0x558c47e94f53 <unknown>\n#3 0x558c47e95051 <unknown>\n#4 0x558c47eda9c4 <unknown>\n#5 0x558c47ebbf1d <unknown>\n#6 0x558c47ed7b3d <unknown>\n#7 0x558c47ebbcc3 <unknown>\n#8 0x558c47e870e4 <unknown>\n#9 0x558c47e880ae <unknown>\n#10 0x558c4814ace1 <unknown>\n#11 0x558c4814eb7e <unknown>\n#12 0x558c481384b5 <unknown>\n#13 0x558c4814f7d6 <unknown>\n#14 0x558c4811bdbf <unknown>\n#15 0x558c48172748 <unknown>\n#16 0x558c48172917 <unknown>\n#17 0x558c48183773 <unknown>\n#18 0x7f716b250044 <unknown>","time":{"start":1699145882568,"stop":1699145888758,"duration":6190}},{"uid":"12d843f4442b17d2","reportUrl":"https://Nat754.github.io/StroyremAutomation/115//#testresult/12d843f4442b17d2","status":"skipped","statusDetails":"XFAIL\n\nselenium.common.exceptions.NoSuchElementException: Message: no such element: Unable to locate element: {\"method\":\"xpath\",\"selector\":\"//input[@class='amount']\"}\n  (Session info: headless chrome=119.0.6045.105); For documentation on this error, please visit: https://www.selenium.dev/documentation/webdriver/troubleshooting/errors#no-such-element-exception\nStacktrace:\n#0 0x562b16b575e3 <unknown>\n#1 0x562b1681a0b7 <unknown>\n#2 0x562b16867f53 <unknown>\n#3 0x562b16868051 <unknown>\n#4 0x562b168ad9c4 <unknown>\n#5 0x562b1688ef1d <unknown>\n#6 0x562b168aab3d <unknown>\n#7 0x562b1688ecc3 <unknown>\n#8 0x562b1685a0e4 <unknown>\n#9 0x562b1685b0ae <unknown>\n#10 0x562b16b1dce1 <unknown>\n#11 0x562b16b21b7e <unknown>\n#12 0x562b16b0b4b5 <unknown>\n#13 0x562b16b227d6 <unknown>\n#14 0x562b16aeedbf <unknown>\n#15 0x562b16b45748 <unknown>\n#16 0x562b16b45917 <unknown>\n#17 0x562b16b56773 <unknown>\n#18 0x7f91385bf044 <unknown>","time":{"start":1699059176043,"stop":1699059180178,"duration":4135}},{"uid":"ad30f588c1c3df5","reportUrl":"https://Nat754.github.io/StroyremAutomation/114//#testresult/ad30f588c1c3df5","status":"skipped","statusDetails":"XFAIL\n\nselenium.common.exceptions.NoSuchElementException: Message: no such element: Unable to locate element: {\"method\":\"xpath\",\"selector\":\"//input[@class='amount']\"}\n  (Session info: headless chrome=119.0.6045.105); For documentation on this error, please visit: https://www.selenium.dev/documentation/webdriver/troubleshooting/errors#no-such-element-exception\nStacktrace:\n#0 0x561e5c9de5e3 <unknown>\n#1 0x561e5c6a10b7 <unknown>\n#2 0x561e5c6eef53 <unknown>\n#3 0x561e5c6ef051 <unknown>\n#4 0x561e5c7349c4 <unknown>\n#5 0x561e5c715f1d <unknown>\n#6 0x561e5c731b3d <unknown>\n#7 0x561e5c715cc3 <unknown>\n#8 0x561e5c6e10e4 <unknown>\n#9 0x561e5c6e20ae <unknown>\n#10 0x561e5c9a4ce1 <unknown>\n#11 0x561e5c9a8b7e <unknown>\n#12 0x561e5c9924b5 <unknown>\n#13 0x561e5c9a97d6 <unknown>\n#14 0x561e5c975dbf <unknown>\n#15 0x561e5c9cc748 <unknown>\n#16 0x561e5c9cc917 <unknown>\n#17 0x561e5c9dd773 <unknown>\n#18 0x7fd30a928044 <unknown>","time":{"start":1698972788197,"stop":1698972792747,"duration":4550}},{"uid":"f69d0493685b205a","reportUrl":"https://Nat754.github.io/StroyremAutomation/113//#testresult/f69d0493685b205a","status":"skipped","statusDetails":"XFAIL\n\nselenium.common.exceptions.NoSuchElementException: Message: no such element: Unable to locate element: {\"method\":\"xpath\",\"selector\":\"//input[@class='amount']\"}\n  (Session info: headless chrome=119.0.6045.105); For documentation on this error, please visit: https://www.selenium.dev/documentation/webdriver/troubleshooting/errors#no-such-element-exception\nStacktrace:\n#0 0x5618f0be55e3 <unknown>\n#1 0x5618f08a80b7 <unknown>\n#2 0x5618f08f5f53 <unknown>\n#3 0x5618f08f6051 <unknown>\n#4 0x5618f093b9c4 <unknown>\n#5 0x5618f091cf1d <unknown>\n#6 0x5618f0938b3d <unknown>\n#7 0x5618f091ccc3 <unknown>\n#8 0x5618f08e80e4 <unknown>\n#9 0x5618f08e90ae <unknown>\n#10 0x5618f0babce1 <unknown>\n#11 0x5618f0bafb7e <unknown>\n#12 0x5618f0b994b5 <unknown>\n#13 0x5618f0bb07d6 <unknown>\n#14 0x5618f0b7cdbf <unknown>\n#15 0x5618f0bd3748 <unknown>\n#16 0x5618f0bd3917 <unknown>\n#17 0x5618f0be4773 <unknown>\n#18 0x7f6da22df044 <unknown>","time":{"start":1698886425349,"stop":1698886430828,"duration":5479}},{"uid":"43c20d9cb1e5a9ae","reportUrl":"https://Nat754.github.io/StroyremAutomation/112//#testresult/43c20d9cb1e5a9ae","status":"skipped","statusDetails":"XFAIL\n\nselenium.common.exceptions.NoSuchElementException: Message: no such element: Unable to locate element: {\"method\":\"xpath\",\"selector\":\"//input[@class='amount']\"}\n  (Session info: headless chrome=119.0.6045.105); For documentation on this error, please visit: https://www.selenium.dev/documentation/webdriver/troubleshooting/errors#no-such-element-exception\nStacktrace:\n#0 0x55d3031425e3 <unknown>\n#1 0x55d302e050b7 <unknown>\n#2 0x55d302e52f53 <unknown>\n#3 0x55d302e53051 <unknown>\n#4 0x55d302e989c4 <unknown>\n#5 0x55d302e79f1d <unknown>\n#6 0x55d302e95b3d <unknown>\n#7 0x55d302e79cc3 <unknown>\n#8 0x55d302e450e4 <unknown>\n#9 0x55d302e460ae <unknown>\n#10 0x55d303108ce1 <unknown>\n#11 0x55d30310cb7e <unknown>\n#12 0x55d3030f64b5 <unknown>\n#13 0x55d30310d7d6 <unknown>\n#14 0x55d3030d9dbf <unknown>\n#15 0x55d303130748 <unknown>\n#16 0x55d303130917 <unknown>\n#17 0x55d303141773 <unknown>\n#18 0x7f0a25daa044 <unknown>","time":{"start":1698800260596,"stop":1698800266279,"duration":5683}},{"uid":"7778c11c36ed8fe2","reportUrl":"https://Nat754.github.io/StroyremAutomation/111//#testresult/7778c11c36ed8fe2","status":"skipped","statusDetails":"XFAIL\n\nselenium.common.exceptions.NoSuchElementException: Message: no such element: Unable to locate element: {\"method\":\"xpath\",\"selector\":\"//input[@class='amount']\"}\n  (Session info: headless chrome=118.0.5993.70); For documentation on this error, please visit: https://www.selenium.dev/documentation/webdriver/troubleshooting/errors#no-such-element-exception\nStacktrace:\n#0 0x55dde46affb3 <unknown>\n#1 0x55dde43834a7 <unknown>\n#2 0x55dde43cadd6 <unknown>\n#3 0x55dde43caec1 <unknown>\n#4 0x55dde4408354 <unknown>\n#5 0x55dde43ec96d <unknown>\n#6 0x55dde4405c02 <unknown>\n#7 0x55dde43ec713 <unknown>\n#8 0x55dde43bf18b <unknown>\n#9 0x55dde43bff7e <unknown>\n#10 0x55dde46758d8 <unknown>\n#11 0x55dde4679800 <unknown>\n#12 0x55dde4683cfc <unknown>\n#13 0x55dde467a418 <unknown>\n#14 0x55dde464742f <unknown>\n#15 0x55dde469e4e8 <unknown>\n#16 0x55dde469e6b4 <unknown>\n#17 0x55dde46af143 <unknown>\n#18 0x7fad8ccc8044 <unknown>","time":{"start":1698713637237,"stop":1698713641371,"duration":4134}},{"uid":"c6038864d1f80b4c","reportUrl":"https://Nat754.github.io/StroyremAutomation/110//#testresult/c6038864d1f80b4c","status":"skipped","statusDetails":"XFAIL\n\nselenium.common.exceptions.NoSuchElementException: Message: no such element: Unable to locate element: {\"method\":\"xpath\",\"selector\":\"//input[@class='amount']\"}\n  (Session info: headless chrome=118.0.5993.70); For documentation on this error, please visit: https://www.selenium.dev/documentation/webdriver/troubleshooting/errors#no-such-element-exception\nStacktrace:\n#0 0x556555e08fb3 <unknown>\n#1 0x556555adc4a7 <unknown>\n#2 0x556555b23dd6 <unknown>\n#3 0x556555b23ec1 <unknown>\n#4 0x556555b61354 <unknown>\n#5 0x556555b4596d <unknown>\n#6 0x556555b5ec02 <unknown>\n#7 0x556555b45713 <unknown>\n#8 0x556555b1818b <unknown>\n#9 0x556555b18f7e <unknown>\n#10 0x556555dce8d8 <unknown>\n#11 0x556555dd2800 <unknown>\n#12 0x556555ddccfc <unknown>\n#13 0x556555dd3418 <unknown>\n#14 0x556555da042f <unknown>\n#15 0x556555df74e8 <unknown>\n#16 0x556555df76b4 <unknown>\n#17 0x556555e08143 <unknown>\n#18 0x7f1bbe4a6044 <unknown>","time":{"start":1698627225388,"stop":1698627230486,"duration":5098}},{"uid":"d9c7c03c0fd64ca9","reportUrl":"https://Nat754.github.io/StroyremAutomation/109//#testresult/d9c7c03c0fd64ca9","status":"skipped","statusDetails":"XFAIL\n\nselenium.common.exceptions.NoSuchElementException: Message: no such element: Unable to locate element: {\"method\":\"xpath\",\"selector\":\"//input[@class='amount']\"}\n  (Session info: headless chrome=118.0.5993.70); For documentation on this error, please visit: https://www.selenium.dev/documentation/webdriver/troubleshooting/errors#no-such-element-exception\nStacktrace:\n#0 0x5617ded84fb3 <unknown>\n#1 0x5617dea584a7 <unknown>\n#2 0x5617dea9fdd6 <unknown>\n#3 0x5617dea9fec1 <unknown>\n#4 0x5617deadd354 <unknown>\n#5 0x5617deac196d <unknown>\n#6 0x5617deadac02 <unknown>\n#7 0x5617deac1713 <unknown>\n#8 0x5617dea9418b <unknown>\n#9 0x5617dea94f7e <unknown>\n#10 0x5617ded4a8d8 <unknown>\n#11 0x5617ded4e800 <unknown>\n#12 0x5617ded58cfc <unknown>\n#13 0x5617ded4f418 <unknown>\n#14 0x5617ded1c42f <unknown>\n#15 0x5617ded734e8 <unknown>\n#16 0x5617ded736b4 <unknown>\n#17 0x5617ded84143 <unknown>\n#18 0x7fc65bc86044 <unknown>","time":{"start":1698540999745,"stop":1698541004348,"duration":4603}},{"uid":"7fe4043d31ec9146","reportUrl":"https://Nat754.github.io/StroyremAutomation/108//#testresult/7fe4043d31ec9146","status":"skipped","statusDetails":"XFAIL\n\nselenium.common.exceptions.NoSuchElementException: Message: no such element: Unable to locate element: {\"method\":\"xpath\",\"selector\":\"//input[@class='amount']\"}\n  (Session info: headless chrome=118.0.5993.70); For documentation on this error, please visit: https://www.selenium.dev/documentation/webdriver/troubleshooting/errors#no-such-element-exception\nStacktrace:\n#0 0x55bc2efb7fb3 <unknown>\n#1 0x55bc2ec8b4a7 <unknown>\n#2 0x55bc2ecd2dd6 <unknown>\n#3 0x55bc2ecd2ec1 <unknown>\n#4 0x55bc2ed10354 <unknown>\n#5 0x55bc2ecf496d <unknown>\n#6 0x55bc2ed0dc02 <unknown>\n#7 0x55bc2ecf4713 <unknown>\n#8 0x55bc2ecc718b <unknown>\n#9 0x55bc2ecc7f7e <unknown>\n#10 0x55bc2ef7d8d8 <unknown>\n#11 0x55bc2ef81800 <unknown>\n#12 0x55bc2ef8bcfc <unknown>\n#13 0x55bc2ef82418 <unknown>\n#14 0x55bc2ef4f42f <unknown>\n#15 0x55bc2efa64e8 <unknown>\n#16 0x55bc2efa66b4 <unknown>\n#17 0x55bc2efb7143 <unknown>\n#18 0x7ff9c6be8044 <unknown>","time":{"start":1698454334384,"stop":1698454340045,"duration":5661}},{"uid":"7df478b4a8aa3933","reportUrl":"https://Nat754.github.io/StroyremAutomation/107//#testresult/7df478b4a8aa3933","status":"skipped","statusDetails":"XFAIL\n\nselenium.common.exceptions.NoSuchElementException: Message: no such element: Unable to locate element: {\"method\":\"xpath\",\"selector\":\"//input[@class='amount']\"}\n  (Session info: headless chrome=118.0.5993.70); For documentation on this error, please visit: https://www.selenium.dev/documentation/webdriver/troubleshooting/errors#no-such-element-exception\nStacktrace:\n#0 0x555b3c30ffb3 <unknown>\n#1 0x555b3bfe34a7 <unknown>\n#2 0x555b3c02add6 <unknown>\n#3 0x555b3c02aec1 <unknown>\n#4 0x555b3c068354 <unknown>\n#5 0x555b3c04c96d <unknown>\n#6 0x555b3c065c02 <unknown>\n#7 0x555b3c04c713 <unknown>\n#8 0x555b3c01f18b <unknown>\n#9 0x555b3c01ff7e <unknown>\n#10 0x555b3c2d58d8 <unknown>\n#11 0x555b3c2d9800 <unknown>\n#12 0x555b3c2e3cfc <unknown>\n#13 0x555b3c2da418 <unknown>\n#14 0x555b3c2a742f <unknown>\n#15 0x555b3c2fe4e8 <unknown>\n#16 0x555b3c2fe6b4 <unknown>\n#17 0x555b3c30f143 <unknown>\n#18 0x7f8041e0e044 <unknown>","time":{"start":1698367941577,"stop":1698367946044,"duration":4467}},{"uid":"1d02d883132eb2ae","reportUrl":"https://Nat754.github.io/StroyremAutomation/106//#testresult/1d02d883132eb2ae","status":"skipped","statusDetails":"XFAIL\n\nselenium.common.exceptions.NoSuchElementException: Message: no such element: Unable to locate element: {\"method\":\"xpath\",\"selector\":\"//input[@class='amount']\"}\n  (Session info: headless chrome=118.0.5993.70); For documentation on this error, please visit: https://www.selenium.dev/documentation/webdriver/troubleshooting/errors#no-such-element-exception\nStacktrace:\n#0 0x561848175fb3 <unknown>\n#1 0x561847e494a7 <unknown>\n#2 0x561847e90dd6 <unknown>\n#3 0x561847e90ec1 <unknown>\n#4 0x561847ece354 <unknown>\n#5 0x561847eb296d <unknown>\n#6 0x561847ecbc02 <unknown>\n#7 0x561847eb2713 <unknown>\n#8 0x561847e8518b <unknown>\n#9 0x561847e85f7e <unknown>\n#10 0x56184813b8d8 <unknown>\n#11 0x56184813f800 <unknown>\n#12 0x561848149cfc <unknown>\n#13 0x561848140418 <unknown>\n#14 0x56184810d42f <unknown>\n#15 0x5618481644e8 <unknown>\n#16 0x5618481646b4 <unknown>\n#17 0x561848175143 <unknown>\n#18 0x7f5366e70044 <unknown>","time":{"start":1698281550643,"stop":1698281555584,"duration":4941}},{"uid":"78fa11f60576d26e","reportUrl":"https://Nat754.github.io/StroyremAutomation/105//#testresult/78fa11f60576d26e","status":"skipped","statusDetails":"XFAIL\n\nselenium.common.exceptions.NoSuchElementException: Message: no such element: Unable to locate element: {\"method\":\"xpath\",\"selector\":\"//input[@class='amount']\"}\n  (Session info: headless chrome=118.0.5993.70); For documentation on this error, please visit: https://www.selenium.dev/documentation/webdriver/troubleshooting/errors#no-such-element-exception\nStacktrace:\n#0 0x55f165809fb3 <unknown>\n#1 0x55f1654dd4a7 <unknown>\n#2 0x55f165524dd6 <unknown>\n#3 0x55f165524ec1 <unknown>\n#4 0x55f165562354 <unknown>\n#5 0x55f16554696d <unknown>\n#6 0x55f16555fc02 <unknown>\n#7 0x55f165546713 <unknown>\n#8 0x55f16551918b <unknown>\n#9 0x55f165519f7e <unknown>\n#10 0x55f1657cf8d8 <unknown>\n#11 0x55f1657d3800 <unknown>\n#12 0x55f1657ddcfc <unknown>\n#13 0x55f1657d4418 <unknown>\n#14 0x55f1657a142f <unknown>\n#15 0x55f1657f84e8 <unknown>\n#16 0x55f1657f86b4 <unknown>\n#17 0x55f165809143 <unknown>\n#18 0x7f8a930fd044 <unknown>","time":{"start":1698195179997,"stop":1698195184554,"duration":4557}}]},"tags":["@pytest.mark.xfail","smoke_test"]},"source":"e2960bc33fa60c0a.json","parameterValues":["5480","166","'TD 009'","4990","'products/shtukaturka-gipsovaya-aksolit-m50-30-kg-mashinnogo-naneseniya'","2500","'https://sandboxtest.stroyrem-nn.ru/'","5000"]}