{"uid":"f6c1b69b3476315c","name":"TD 024 Доставка товара весом до 9000кг. в синей зоне","fullName":"tests.delivery.test_delivery_calculation.TestDeliveryPageCalculation#test_positive_delivery_blue_zone_smoke","historyId":"69e5dca98f2a435ef5ba1c77ef0ca605","time":{"start":1699923207833,"stop":1699923211253,"duration":3420},"status":"skipped","statusMessage":"XFAIL\n\nselenium.common.exceptions.NoSuchElementException: Message: no such element: Unable to locate element: {\"method\":\"xpath\",\"selector\":\"//input[@class='amount']\"}\n  (Session info: headless chrome=119.0.6045.105); For documentation on this error, please visit: https://www.selenium.dev/documentation/webdriver/troubleshooting/errors#no-such-element-exception\nStacktrace:\n#0 0x5654cf3415e3 <unknown>\n#1 0x5654cf0040b7 <unknown>\n#2 0x5654cf051f53 <unknown>\n#3 0x5654cf052051 <unknown>\n#4 0x5654cf0979c4 <unknown>\n#5 0x5654cf078f1d <unknown>\n#6 0x5654cf094b3d <unknown>\n#7 0x5654cf078cc3 <unknown>\n#8 0x5654cf0440e4 <unknown>\n#9 0x5654cf0450ae <unknown>\n#10 0x5654cf307ce1 <unknown>\n#11 0x5654cf30bb7e <unknown>\n#12 0x5654cf2f54b5 <unknown>\n#13 0x5654cf30c7d6 <unknown>\n#14 0x5654cf2d8dbf <unknown>\n#15 0x5654cf32f748 <unknown>\n#16 0x5654cf32f917 <unknown>\n#17 0x5654cf340773 <unknown>\n#18 0x7f734a7e4044 <unknown>","statusTrace":"self = <tests.delivery.test_delivery_calculation.TestDeliveryPageCalculation object at 0x7f6065d23c50>\ndriver = <selenium.webdriver.chrome.webdriver.WebDriver (session=\"259911936100febed07cd09a3953c641\")>\nurl = 'https://sandboxtest.stroyrem-nn.ru/', case_id = 'TD 024'\nlink_item = 'products/shtukaturka-gipsovaya-aksolit-m50-30-kg-mashinnogo-naneseniya'\namount = 299, weight = 9000, standard = 4300, in_time = 9900, all_time = 11440\n\n    @pytest.mark.parametrize('case_id, link_item, amount, weight, standard, in_time, all_time', [\n        (\"TD 015\", bundeks_25, 1, 30, 650, 2390, 3320),\n        pytest.param(\n            \"TD 016\", aksolit_30, 8, 300, 650, 2390, 3320,\n            marks=pytest.mark.xfail(reson=\"Цена доставки: - - -\")\n        ),\n        (\"TD 017\", aksolit_30, 13, 400, 650, 2390, 3320),\n        (\"TD 018\", aksolit_30, 16, 500, 850, 2490, 3320),\n        (\"TD 019\", aksolit_30, 25, 1700, 1150, 2490, 3320),\n        (\"TD 020\", aksolit_30, 66, 2000, 1500, 2990, 3650),\n        (\"TD 021\", aksolit_30, 149, 4500, 2600, 4380, 4890),\n        (\"TD 022\", aksolit_30, 166, 5000, 2800, 5490, 5980),\n        pytest.param(\n            \"TD 023\", aksolit_30, 206, 6200, 3300, 7500, 8000,\n            marks=pytest.mark.xfail(reson=\"Цена доставки: 4300 9900 11440\")\n        ),\n        (\"TD 024\", aksolit_30, 299, 9000, 4300, 9900, 11440),\n        (\"TD 025\", aksolit_30, 333, 10000, 7000, 13900, 15900),\n        pytest.param(\n            \"TD 026\", aksolit_30, 366, 11000, 8000, 14900, 19900,\n            marks=pytest.mark.xfail(reson=\"Цена доставки: 7000 13900 15900\")\n        ),\n        pytest.param(\n            \"TD 027\", aksolit_30, 666, 20000, 14000, 16900, 23900,\n            marks=pytest.mark.xfail(reson=\"Цена доставки: 7000 13900 15900\")\n        )\n    ])\n    @pytest.mark.xfail\n    @pytest.mark.smoke_test\n    def test_positive_delivery_blue_zone_smoke(\n            self, driver, url, case_id, link_item, amount, weight, standard, in_time, all_time\n    ):\n        allure.dynamic.title(f\"{case_id} Доставка товара весом до {weight}кг. в синей зоне\")\n    \n        driver.get(f'{url}{link_item}')\n        item_page = ItemPage(driver)\n>       item_page.add_item_to_cart(amount).click_on_cart()\n\ntests/delivery/test_delivery_calculation.py:132: \n_ _ _ _ _ _ _ _ _ _ _ _ _ _ _ _ _ _ _ _ _ _ _ _ _ _ _ _ _ _ _ _ _ _ _ _ _ _ _ _ \npages/item_page.py:41: in add_item_to_cart\n    amount_field = self.find_element(self._item_amount)\nbase/seleniumbase.py:17: in find_element\n    return self.driver.find_element(*locator)\n/usr/local/lib/python3.11/site-packages/selenium/webdriver/remote/webdriver.py:739: in find_element\n    return self.execute(Command.FIND_ELEMENT, {\"using\": by, \"value\": value})[\"value\"]\n/usr/local/lib/python3.11/site-packages/selenium/webdriver/remote/webdriver.py:345: in execute\n    self.error_handler.check_response(response)\n_ _ _ _ _ _ _ _ _ _ _ _ _ _ _ _ _ _ _ _ _ _ _ _ _ _ _ _ _ _ _ _ _ _ _ _ _ _ _ _ \n\nself = <selenium.webdriver.remote.errorhandler.ErrorHandler object at 0x7f6065b90650>\nresponse = {'status': 404, 'value': '{\"value\":{\"error\":\"no such element\",\"message\":\"no such element: Unable to locate element: {\\...\\\\n#16 0x5654cf32f917 \\\\u003Cunknown>\\\\n#17 0x5654cf340773 \\\\u003Cunknown>\\\\n#18 0x7f734a7e4044 \\\\u003Cunknown>\\\\n\"}}'}\n\n    def check_response(self, response: Dict[str, Any]) -> None:\n        \"\"\"Checks that a JSON response from the WebDriver does not have an\n        error.\n    \n        :Args:\n         - response - The JSON response from the WebDriver server as a dictionary\n           object.\n    \n        :Raises: If the response contains an error message.\n        \"\"\"\n        status = response.get(\"status\", None)\n        if not status or status == ErrorCode.SUCCESS:\n            return\n        value = None\n        message = response.get(\"message\", \"\")\n        screen: str = response.get(\"screen\", \"\")\n        stacktrace = None\n        if isinstance(status, int):\n            value_json = response.get(\"value\", None)\n            if value_json and isinstance(value_json, str):\n                import json\n    \n                try:\n                    value = json.loads(value_json)\n                    if len(value) == 1:\n                        value = value[\"value\"]\n                    status = value.get(\"error\", None)\n                    if not status:\n                        status = value.get(\"status\", ErrorCode.UNKNOWN_ERROR)\n                        message = value.get(\"value\") or value.get(\"message\")\n                        if not isinstance(message, str):\n                            value = message\n                            message = message.get(\"message\")\n                    else:\n                        message = value.get(\"message\", None)\n                except ValueError:\n                    pass\n    \n        exception_class: Type[WebDriverException]\n        e = ErrorCode()\n        error_codes = [item for item in dir(e) if not item.startswith(\"__\")]\n        for error_code in error_codes:\n            error_info = getattr(ErrorCode, error_code)\n            if isinstance(error_info, list) and status in error_info:\n                exception_class = getattr(ExceptionMapping, error_code, WebDriverException)\n                break\n        else:\n            exception_class = WebDriverException\n    \n        if not value:\n            value = response[\"value\"]\n        if isinstance(value, str):\n            raise exception_class(value)\n        if message == \"\" and \"message\" in value:\n            message = value[\"message\"]\n    \n        screen = None  # type: ignore[assignment]\n        if \"screen\" in value:\n            screen = value[\"screen\"]\n    \n        stacktrace = None\n        st_value = value.get(\"stackTrace\") or value.get(\"stacktrace\")\n        if st_value:\n            if isinstance(st_value, str):\n                stacktrace = st_value.split(\"\\n\")\n            else:\n                stacktrace = []\n                try:\n                    for frame in st_value:\n                        line = frame.get(\"lineNumber\", \"\")\n                        file = frame.get(\"fileName\", \"<anonymous>\")\n                        if line:\n                            file = f\"{file}:{line}\"\n                        meth = frame.get(\"methodName\", \"<anonymous>\")\n                        if \"className\" in frame:\n                            meth = f\"{frame['className']}.{meth}\"\n                        msg = \"    at %s (%s)\"\n                        msg = msg % (meth, file)\n                        stacktrace.append(msg)\n                except TypeError:\n                    pass\n        if exception_class == UnexpectedAlertPresentException:\n            alert_text = None\n            if \"data\" in value:\n                alert_text = value[\"data\"].get(\"text\")\n            elif \"alert\" in value:\n                alert_text = value[\"alert\"].get(\"text\")\n            raise exception_class(message, screen, stacktrace, alert_text)  # type: ignore[call-arg]  # mypy is not smart enough here\n>       raise exception_class(message, screen, stacktrace)\nE       selenium.common.exceptions.NoSuchElementException: Message: no such element: Unable to locate element: {\"method\":\"xpath\",\"selector\":\"//input[@class='amount']\"}\nE         (Session info: headless chrome=119.0.6045.105); For documentation on this error, please visit: https://www.selenium.dev/documentation/webdriver/troubleshooting/errors#no-such-element-exception\nE       Stacktrace:\nE       #0 0x5654cf3415e3 <unknown>\nE       #1 0x5654cf0040b7 <unknown>\nE       #2 0x5654cf051f53 <unknown>\nE       #3 0x5654cf052051 <unknown>\nE       #4 0x5654cf0979c4 <unknown>\nE       #5 0x5654cf078f1d <unknown>\nE       #6 0x5654cf094b3d <unknown>\nE       #7 0x5654cf078cc3 <unknown>\nE       #8 0x5654cf0440e4 <unknown>\nE       #9 0x5654cf0450ae <unknown>\nE       #10 0x5654cf307ce1 <unknown>\nE       #11 0x5654cf30bb7e <unknown>\nE       #12 0x5654cf2f54b5 <unknown>\nE       #13 0x5654cf30c7d6 <unknown>\nE       #14 0x5654cf2d8dbf <unknown>\nE       #15 0x5654cf32f748 <unknown>\nE       #16 0x5654cf32f917 <unknown>\nE       #17 0x5654cf340773 <unknown>\nE       #18 0x7f734a7e4044 <unknown>\n\n/usr/local/lib/python3.11/site-packages/selenium/webdriver/remote/errorhandler.py:229: NoSuchElementException","flaky":false,"newFailed":false,"newBroken":false,"newPassed":false,"retriesCount":0,"retriesStatusChange":false,"beforeStages":[{"name":"_session_faker","time":{"start":1699922934438,"stop":1699922934503,"duration":65},"status":"passed","steps":[],"attachments":[],"parameters":[],"shouldDisplayMessage":false,"stepsCount":0,"attachmentsCount":0,"hasContent":false},{"name":"clear_allure_results_folder","time":{"start":1699922934503,"stop":1699922934504,"duration":1},"status":"passed","steps":[],"attachments":[],"parameters":[],"shouldDisplayMessage":false,"stepsCount":0,"attachmentsCount":0,"hasContent":false},{"name":"driver","time":{"start":1699923207060,"stop":1699923207831,"duration":771},"status":"passed","steps":[],"attachments":[],"parameters":[],"shouldDisplayMessage":false,"stepsCount":0,"attachmentsCount":0,"hasContent":false},{"name":"setup","time":{"start":1699923207832,"stop":1699923207832,"duration":0},"status":"passed","steps":[],"attachments":[],"parameters":[],"shouldDisplayMessage":false,"stepsCount":0,"attachmentsCount":0,"hasContent":false}],"testStage":{"status":"skipped","statusMessage":"XFAIL\n\nselenium.common.exceptions.NoSuchElementException: Message: no such element: Unable to locate element: {\"method\":\"xpath\",\"selector\":\"//input[@class='amount']\"}\n  (Session info: headless chrome=119.0.6045.105); For documentation on this error, please visit: https://www.selenium.dev/documentation/webdriver/troubleshooting/errors#no-such-element-exception\nStacktrace:\n#0 0x5654cf3415e3 <unknown>\n#1 0x5654cf0040b7 <unknown>\n#2 0x5654cf051f53 <unknown>\n#3 0x5654cf052051 <unknown>\n#4 0x5654cf0979c4 <unknown>\n#5 0x5654cf078f1d <unknown>\n#6 0x5654cf094b3d <unknown>\n#7 0x5654cf078cc3 <unknown>\n#8 0x5654cf0440e4 <unknown>\n#9 0x5654cf0450ae <unknown>\n#10 0x5654cf307ce1 <unknown>\n#11 0x5654cf30bb7e <unknown>\n#12 0x5654cf2f54b5 <unknown>\n#13 0x5654cf30c7d6 <unknown>\n#14 0x5654cf2d8dbf <unknown>\n#15 0x5654cf32f748 <unknown>\n#16 0x5654cf32f917 <unknown>\n#17 0x5654cf340773 <unknown>\n#18 0x7f734a7e4044 <unknown>","statusTrace":"self = <tests.delivery.test_delivery_calculation.TestDeliveryPageCalculation object at 0x7f6065d23c50>\ndriver = <selenium.webdriver.chrome.webdriver.WebDriver (session=\"259911936100febed07cd09a3953c641\")>\nurl = 'https://sandboxtest.stroyrem-nn.ru/', case_id = 'TD 024'\nlink_item = 'products/shtukaturka-gipsovaya-aksolit-m50-30-kg-mashinnogo-naneseniya'\namount = 299, weight = 9000, standard = 4300, in_time = 9900, all_time = 11440\n\n    @pytest.mark.parametrize('case_id, link_item, amount, weight, standard, in_time, all_time', [\n        (\"TD 015\", bundeks_25, 1, 30, 650, 2390, 3320),\n        pytest.param(\n            \"TD 016\", aksolit_30, 8, 300, 650, 2390, 3320,\n            marks=pytest.mark.xfail(reson=\"Цена доставки: - - -\")\n        ),\n        (\"TD 017\", aksolit_30, 13, 400, 650, 2390, 3320),\n        (\"TD 018\", aksolit_30, 16, 500, 850, 2490, 3320),\n        (\"TD 019\", aksolit_30, 25, 1700, 1150, 2490, 3320),\n        (\"TD 020\", aksolit_30, 66, 2000, 1500, 2990, 3650),\n        (\"TD 021\", aksolit_30, 149, 4500, 2600, 4380, 4890),\n        (\"TD 022\", aksolit_30, 166, 5000, 2800, 5490, 5980),\n        pytest.param(\n            \"TD 023\", aksolit_30, 206, 6200, 3300, 7500, 8000,\n            marks=pytest.mark.xfail(reson=\"Цена доставки: 4300 9900 11440\")\n        ),\n        (\"TD 024\", aksolit_30, 299, 9000, 4300, 9900, 11440),\n        (\"TD 025\", aksolit_30, 333, 10000, 7000, 13900, 15900),\n        pytest.param(\n            \"TD 026\", aksolit_30, 366, 11000, 8000, 14900, 19900,\n            marks=pytest.mark.xfail(reson=\"Цена доставки: 7000 13900 15900\")\n        ),\n        pytest.param(\n            \"TD 027\", aksolit_30, 666, 20000, 14000, 16900, 23900,\n            marks=pytest.mark.xfail(reson=\"Цена доставки: 7000 13900 15900\")\n        )\n    ])\n    @pytest.mark.xfail\n    @pytest.mark.smoke_test\n    def test_positive_delivery_blue_zone_smoke(\n            self, driver, url, case_id, link_item, amount, weight, standard, in_time, all_time\n    ):\n        allure.dynamic.title(f\"{case_id} Доставка товара весом до {weight}кг. в синей зоне\")\n    \n        driver.get(f'{url}{link_item}')\n        item_page = ItemPage(driver)\n>       item_page.add_item_to_cart(amount).click_on_cart()\n\ntests/delivery/test_delivery_calculation.py:132: \n_ _ _ _ _ _ _ _ _ _ _ _ _ _ _ _ _ _ _ _ _ _ _ _ _ _ _ _ _ _ _ _ _ _ _ _ _ _ _ _ \npages/item_page.py:41: in add_item_to_cart\n    amount_field = self.find_element(self._item_amount)\nbase/seleniumbase.py:17: in find_element\n    return self.driver.find_element(*locator)\n/usr/local/lib/python3.11/site-packages/selenium/webdriver/remote/webdriver.py:739: in find_element\n    return self.execute(Command.FIND_ELEMENT, {\"using\": by, \"value\": value})[\"value\"]\n/usr/local/lib/python3.11/site-packages/selenium/webdriver/remote/webdriver.py:345: in execute\n    self.error_handler.check_response(response)\n_ _ _ _ _ _ _ _ _ _ _ _ _ _ _ _ _ _ _ _ _ _ _ _ _ _ _ _ _ _ _ _ _ _ _ _ _ _ _ _ \n\nself = <selenium.webdriver.remote.errorhandler.ErrorHandler object at 0x7f6065b90650>\nresponse = {'status': 404, 'value': '{\"value\":{\"error\":\"no such element\",\"message\":\"no such element: Unable to locate element: {\\...\\\\n#16 0x5654cf32f917 \\\\u003Cunknown>\\\\n#17 0x5654cf340773 \\\\u003Cunknown>\\\\n#18 0x7f734a7e4044 \\\\u003Cunknown>\\\\n\"}}'}\n\n    def check_response(self, response: Dict[str, Any]) -> None:\n        \"\"\"Checks that a JSON response from the WebDriver does not have an\n        error.\n    \n        :Args:\n         - response - The JSON response from the WebDriver server as a dictionary\n           object.\n    \n        :Raises: If the response contains an error message.\n        \"\"\"\n        status = response.get(\"status\", None)\n        if not status or status == ErrorCode.SUCCESS:\n            return\n        value = None\n        message = response.get(\"message\", \"\")\n        screen: str = response.get(\"screen\", \"\")\n        stacktrace = None\n        if isinstance(status, int):\n            value_json = response.get(\"value\", None)\n            if value_json and isinstance(value_json, str):\n                import json\n    \n                try:\n                    value = json.loads(value_json)\n                    if len(value) == 1:\n                        value = value[\"value\"]\n                    status = value.get(\"error\", None)\n                    if not status:\n                        status = value.get(\"status\", ErrorCode.UNKNOWN_ERROR)\n                        message = value.get(\"value\") or value.get(\"message\")\n                        if not isinstance(message, str):\n                            value = message\n                            message = message.get(\"message\")\n                    else:\n                        message = value.get(\"message\", None)\n                except ValueError:\n                    pass\n    \n        exception_class: Type[WebDriverException]\n        e = ErrorCode()\n        error_codes = [item for item in dir(e) if not item.startswith(\"__\")]\n        for error_code in error_codes:\n            error_info = getattr(ErrorCode, error_code)\n            if isinstance(error_info, list) and status in error_info:\n                exception_class = getattr(ExceptionMapping, error_code, WebDriverException)\n                break\n        else:\n            exception_class = WebDriverException\n    \n        if not value:\n            value = response[\"value\"]\n        if isinstance(value, str):\n            raise exception_class(value)\n        if message == \"\" and \"message\" in value:\n            message = value[\"message\"]\n    \n        screen = None  # type: ignore[assignment]\n        if \"screen\" in value:\n            screen = value[\"screen\"]\n    \n        stacktrace = None\n        st_value = value.get(\"stackTrace\") or value.get(\"stacktrace\")\n        if st_value:\n            if isinstance(st_value, str):\n                stacktrace = st_value.split(\"\\n\")\n            else:\n                stacktrace = []\n                try:\n                    for frame in st_value:\n                        line = frame.get(\"lineNumber\", \"\")\n                        file = frame.get(\"fileName\", \"<anonymous>\")\n                        if line:\n                            file = f\"{file}:{line}\"\n                        meth = frame.get(\"methodName\", \"<anonymous>\")\n                        if \"className\" in frame:\n                            meth = f\"{frame['className']}.{meth}\"\n                        msg = \"    at %s (%s)\"\n                        msg = msg % (meth, file)\n                        stacktrace.append(msg)\n                except TypeError:\n                    pass\n        if exception_class == UnexpectedAlertPresentException:\n            alert_text = None\n            if \"data\" in value:\n                alert_text = value[\"data\"].get(\"text\")\n            elif \"alert\" in value:\n                alert_text = value[\"alert\"].get(\"text\")\n            raise exception_class(message, screen, stacktrace, alert_text)  # type: ignore[call-arg]  # mypy is not smart enough here\n>       raise exception_class(message, screen, stacktrace)\nE       selenium.common.exceptions.NoSuchElementException: Message: no such element: Unable to locate element: {\"method\":\"xpath\",\"selector\":\"//input[@class='amount']\"}\nE         (Session info: headless chrome=119.0.6045.105); For documentation on this error, please visit: https://www.selenium.dev/documentation/webdriver/troubleshooting/errors#no-such-element-exception\nE       Stacktrace:\nE       #0 0x5654cf3415e3 <unknown>\nE       #1 0x5654cf0040b7 <unknown>\nE       #2 0x5654cf051f53 <unknown>\nE       #3 0x5654cf052051 <unknown>\nE       #4 0x5654cf0979c4 <unknown>\nE       #5 0x5654cf078f1d <unknown>\nE       #6 0x5654cf094b3d <unknown>\nE       #7 0x5654cf078cc3 <unknown>\nE       #8 0x5654cf0440e4 <unknown>\nE       #9 0x5654cf0450ae <unknown>\nE       #10 0x5654cf307ce1 <unknown>\nE       #11 0x5654cf30bb7e <unknown>\nE       #12 0x5654cf2f54b5 <unknown>\nE       #13 0x5654cf30c7d6 <unknown>\nE       #14 0x5654cf2d8dbf <unknown>\nE       #15 0x5654cf32f748 <unknown>\nE       #16 0x5654cf32f917 <unknown>\nE       #17 0x5654cf340773 <unknown>\nE       #18 0x7f734a7e4044 <unknown>\n\n/usr/local/lib/python3.11/site-packages/selenium/webdriver/remote/errorhandler.py:229: NoSuchElementException","steps":[{"name":"Добавляем товар в корзину в количестве 299","time":{"start":1699923211199,"stop":1699923211253,"duration":54},"status":"broken","statusMessage":"selenium.common.exceptions.NoSuchElementException: Message: no such element: Unable to locate element: {\"method\":\"xpath\",\"selector\":\"//input[@class='amount']\"}\n  (Session info: headless chrome=119.0.6045.105); For documentation on this error, please visit: https://www.selenium.dev/documentation/webdriver/troubleshooting/errors#no-such-element-exception\nStacktrace:\n#0 0x5654cf3415e3 <unknown>\n#1 0x5654cf0040b7 <unknown>\n#2 0x5654cf051f53 <unknown>\n#3 0x5654cf052051 <unknown>\n#4 0x5654cf0979c4 <unknown>\n#5 0x5654cf078f1d <unknown>\n#6 0x5654cf094b3d <unknown>\n#7 0x5654cf078cc3 <unknown>\n#8 0x5654cf0440e4 <unknown>\n#9 0x5654cf0450ae <unknown>\n#10 0x5654cf307ce1 <unknown>\n#11 0x5654cf30bb7e <unknown>\n#12 0x5654cf2f54b5 <unknown>\n#13 0x5654cf30c7d6 <unknown>\n#14 0x5654cf2d8dbf <unknown>\n#15 0x5654cf32f748 <unknown>\n#16 0x5654cf32f917 <unknown>\n#17 0x5654cf340773 <unknown>\n#18 0x7f734a7e4044 <unknown>\n\n","statusTrace":"  File \"/usr/local/lib/python3.11/site-packages/allure_commons/_allure.py\", line 192, in impl\n    return func(*a, **kw)\n           ^^^^^^^^^^^^^^\n  File \"/app/pages/item_page.py\", line 41, in add_item_to_cart\n    amount_field = self.find_element(self._item_amount)\n                   ^^^^^^^^^^^^^^^^^^^^^^^^^^^^^^^^^^^^\n  File \"/app/base/seleniumbase.py\", line 17, in find_element\n    return self.driver.find_element(*locator)\n           ^^^^^^^^^^^^^^^^^^^^^^^^^^^^^^^^^^\n  File \"/usr/local/lib/python3.11/site-packages/selenium/webdriver/remote/webdriver.py\", line 739, in find_element\n    return self.execute(Command.FIND_ELEMENT, {\"using\": by, \"value\": value})[\"value\"]\n           ^^^^^^^^^^^^^^^^^^^^^^^^^^^^^^^^^^^^^^^^^^^^^^^^^^^^^^^^^^^^^^^^^\n  File \"/usr/local/lib/python3.11/site-packages/selenium/webdriver/remote/webdriver.py\", line 345, in execute\n    self.error_handler.check_response(response)\n  File \"/usr/local/lib/python3.11/site-packages/selenium/webdriver/remote/errorhandler.py\", line 229, in check_response\n    raise exception_class(message, screen, stacktrace)\n","steps":[],"attachments":[],"parameters":[{"name":"amount","value":"299"}],"shouldDisplayMessage":true,"stepsCount":0,"attachmentsCount":0,"hasContent":true}],"attachments":[{"uid":"2dc3b153af25303f","name":"Screenshot","source":"2dc3b153af25303f.png","type":"image/png","size":115178},{"uid":"4d0bd175af0f02df","name":"HTML source","source":"4d0bd175af0f02df.html","type":"text/html","size":303988}],"parameters":[],"shouldDisplayMessage":true,"stepsCount":1,"attachmentsCount":2,"hasContent":true},"afterStages":[{"name":"setup::0","time":{"start":1699923211400,"stop":1699923211400,"duration":0},"status":"passed","steps":[],"attachments":[],"parameters":[],"shouldDisplayMessage":false,"stepsCount":0,"attachmentsCount":0,"hasContent":false},{"name":"driver::0","time":{"start":1699923211401,"stop":1699923211461,"duration":60},"status":"passed","steps":[],"attachments":[],"parameters":[],"shouldDisplayMessage":false,"stepsCount":0,"attachmentsCount":0,"hasContent":false}],"labels":[{"name":"epic","value":"Delivery Page - calculation"},{"name":"tag","value":"smoke_test"},{"name":"tag","value":"@pytest.mark.xfail"},{"name":"parentSuite","value":"tests.delivery"},{"name":"suite","value":"test_delivery_calculation"},{"name":"subSuite","value":"TestDeliveryPageCalculation"},{"name":"host","value":"1c587a74c130"},{"name":"thread","value":"1-MainThread"},{"name":"framework","value":"pytest"},{"name":"language","value":"cpython3"},{"name":"package","value":"tests.delivery.test_delivery_calculation"},{"name":"resultFormat","value":"allure2"}],"parameters":[{"name":"all_time","value":"11440"},{"name":"amount","value":"299"},{"name":"case_id","value":"'TD 024'"},{"name":"in_time","value":"9900"},{"name":"link_item","value":"'products/shtukaturka-gipsovaya-aksolit-m50-30-kg-mashinnogo-naneseniya'"},{"name":"standard","value":"4300"},{"name":"url","value":"'https://sandboxtest.stroyrem-nn.ru/'"},{"name":"weight","value":"9000"}],"links":[],"hidden":false,"retry":false,"extra":{"severity":"normal","retries":[],"categories":[],"history":{"statistic":{"failed":0,"broken":13,"skipped":84,"passed":0,"unknown":0,"total":97},"items":[{"uid":"ffbbe2c3c6d087cf","reportUrl":"https://Nat754.github.io/StroyremAutomation/124//#testresult/ffbbe2c3c6d087cf","status":"skipped","statusDetails":"XFAIL\n\nselenium.common.exceptions.NoSuchElementException: Message: no such element: Unable to locate element: {\"method\":\"xpath\",\"selector\":\"//input[@class='amount']\"}\n  (Session info: headless chrome=119.0.6045.105); For documentation on this error, please visit: https://www.selenium.dev/documentation/webdriver/troubleshooting/errors#no-such-element-exception\nStacktrace:\n#0 0x55f805ac15e3 <unknown>\n#1 0x55f8057840b7 <unknown>\n#2 0x55f8057d1f53 <unknown>\n#3 0x55f8057d2051 <unknown>\n#4 0x55f8058179c4 <unknown>\n#5 0x55f8057f8f1d <unknown>\n#6 0x55f805814b3d <unknown>\n#7 0x55f8057f8cc3 <unknown>\n#8 0x55f8057c40e4 <unknown>\n#9 0x55f8057c50ae <unknown>\n#10 0x55f805a87ce1 <unknown>\n#11 0x55f805a8bb7e <unknown>\n#12 0x55f805a754b5 <unknown>\n#13 0x55f805a8c7d6 <unknown>\n#14 0x55f805a58dbf <unknown>\n#15 0x55f805aaf748 <unknown>\n#16 0x55f805aaf917 <unknown>\n#17 0x55f805ac0773 <unknown>\n#18 0x7f635c9e4044 <unknown>","time":{"start":1699836966293,"stop":1699836969620,"duration":3327}},{"uid":"8e0e5c0424e35c86","reportUrl":"https://Nat754.github.io/StroyremAutomation/123//#testresult/8e0e5c0424e35c86","status":"skipped","statusDetails":"XFAIL\n\nselenium.common.exceptions.NoSuchElementException: Message: no such element: Unable to locate element: {\"method\":\"xpath\",\"selector\":\"//input[@class='amount']\"}\n  (Session info: headless chrome=119.0.6045.105); For documentation on this error, please visit: https://www.selenium.dev/documentation/webdriver/troubleshooting/errors#no-such-element-exception\nStacktrace:\n#0 0x56107c2a85e3 <unknown>\n#1 0x56107bf6b0b7 <unknown>\n#2 0x56107bfb8f53 <unknown>\n#3 0x56107bfb9051 <unknown>\n#4 0x56107bffe9c4 <unknown>\n#5 0x56107bfdff1d <unknown>\n#6 0x56107bffbb3d <unknown>\n#7 0x56107bfdfcc3 <unknown>\n#8 0x56107bfab0e4 <unknown>\n#9 0x56107bfac0ae <unknown>\n#10 0x56107c26ece1 <unknown>\n#11 0x56107c272b7e <unknown>\n#12 0x56107c25c4b5 <unknown>\n#13 0x56107c2737d6 <unknown>\n#14 0x56107c23fdbf <unknown>\n#15 0x56107c296748 <unknown>\n#16 0x56107c296917 <unknown>\n#17 0x56107c2a7773 <unknown>\n#18 0x7f482dbbd044 <unknown>","time":{"start":1699750686461,"stop":1699750690026,"duration":3565}},{"uid":"f05078784ba8f5b2","reportUrl":"https://Nat754.github.io/StroyremAutomation/122//#testresult/f05078784ba8f5b2","status":"skipped","statusDetails":"XFAIL\n\nselenium.common.exceptions.NoSuchElementException: Message: no such element: Unable to locate element: {\"method\":\"xpath\",\"selector\":\"//input[@class='amount']\"}\n  (Session info: headless chrome=119.0.6045.105); For documentation on this error, please visit: https://www.selenium.dev/documentation/webdriver/troubleshooting/errors#no-such-element-exception\nStacktrace:\n#0 0x55f316b125e3 <unknown>\n#1 0x55f3167d50b7 <unknown>\n#2 0x55f316822f53 <unknown>\n#3 0x55f316823051 <unknown>\n#4 0x55f3168689c4 <unknown>\n#5 0x55f316849f1d <unknown>\n#6 0x55f316865b3d <unknown>\n#7 0x55f316849cc3 <unknown>\n#8 0x55f3168150e4 <unknown>\n#9 0x55f3168160ae <unknown>\n#10 0x55f316ad8ce1 <unknown>\n#11 0x55f316adcb7e <unknown>\n#12 0x55f316ac64b5 <unknown>\n#13 0x55f316add7d6 <unknown>\n#14 0x55f316aa9dbf <unknown>\n#15 0x55f316b00748 <unknown>\n#16 0x55f316b00917 <unknown>\n#17 0x55f316b11773 <unknown>\n#18 0x7f3cc09cf044 <unknown>","time":{"start":1699664037991,"stop":1699664042651,"duration":4660}},{"uid":"dd13ad70ae37141b","reportUrl":"https://Nat754.github.io/StroyremAutomation/121//#testresult/dd13ad70ae37141b","status":"skipped","statusDetails":"XFAIL\n\nselenium.common.exceptions.NoSuchElementException: Message: no such element: Unable to locate element: {\"method\":\"xpath\",\"selector\":\"//input[@class='amount']\"}\n  (Session info: headless chrome=119.0.6045.105); For documentation on this error, please visit: https://www.selenium.dev/documentation/webdriver/troubleshooting/errors#no-such-element-exception\nStacktrace:\n#0 0x564219cc05e3 <unknown>\n#1 0x5642199830b7 <unknown>\n#2 0x5642199d0f53 <unknown>\n#3 0x5642199d1051 <unknown>\n#4 0x564219a169c4 <unknown>\n#5 0x5642199f7f1d <unknown>\n#6 0x564219a13b3d <unknown>\n#7 0x5642199f7cc3 <unknown>\n#8 0x5642199c30e4 <unknown>\n#9 0x5642199c40ae <unknown>\n#10 0x564219c86ce1 <unknown>\n#11 0x564219c8ab7e <unknown>\n#12 0x564219c744b5 <unknown>\n#13 0x564219c8b7d6 <unknown>\n#14 0x564219c57dbf <unknown>\n#15 0x564219cae748 <unknown>\n#16 0x564219cae917 <unknown>\n#17 0x564219cbf773 <unknown>\n#18 0x7f62a5724044 <unknown>","time":{"start":1699577623040,"stop":1699577626437,"duration":3397}},{"uid":"5ccb84f26b56b909","reportUrl":"https://Nat754.github.io/StroyremAutomation/120//#testresult/5ccb84f26b56b909","status":"skipped","statusDetails":"XFAIL\n\nselenium.common.exceptions.NoSuchElementException: Message: no such element: Unable to locate element: {\"method\":\"xpath\",\"selector\":\"//input[@class='amount']\"}\n  (Session info: headless chrome=119.0.6045.105); For documentation on this error, please visit: https://www.selenium.dev/documentation/webdriver/troubleshooting/errors#no-such-element-exception\nStacktrace:\n#0 0x5555dfd775e3 <unknown>\n#1 0x5555dfa3a0b7 <unknown>\n#2 0x5555dfa87f53 <unknown>\n#3 0x5555dfa88051 <unknown>\n#4 0x5555dfacd9c4 <unknown>\n#5 0x5555dfaaef1d <unknown>\n#6 0x5555dfacab3d <unknown>\n#7 0x5555dfaaecc3 <unknown>\n#8 0x5555dfa7a0e4 <unknown>\n#9 0x5555dfa7b0ae <unknown>\n#10 0x5555dfd3dce1 <unknown>\n#11 0x5555dfd41b7e <unknown>\n#12 0x5555dfd2b4b5 <unknown>\n#13 0x5555dfd427d6 <unknown>\n#14 0x5555dfd0edbf <unknown>\n#15 0x5555dfd65748 <unknown>\n#16 0x5555dfd65917 <unknown>\n#17 0x5555dfd76773 <unknown>\n#18 0x7f238c8cd044 <unknown>","time":{"start":1699491197698,"stop":1699491201113,"duration":3415}},{"uid":"eb25f5c50c6b8598","reportUrl":"https://Nat754.github.io/StroyremAutomation/119//#testresult/eb25f5c50c6b8598","status":"skipped","statusDetails":"XFAIL\n\nselenium.common.exceptions.NoSuchElementException: Message: no such element: Unable to locate element: {\"method\":\"xpath\",\"selector\":\"//input[@class='amount']\"}\n  (Session info: headless chrome=119.0.6045.105); For documentation on this error, please visit: https://www.selenium.dev/documentation/webdriver/troubleshooting/errors#no-such-element-exception\nStacktrace:\n#0 0x5577af7e05e3 <unknown>\n#1 0x5577af4a30b7 <unknown>\n#2 0x5577af4f0f53 <unknown>\n#3 0x5577af4f1051 <unknown>\n#4 0x5577af5369c4 <unknown>\n#5 0x5577af517f1d <unknown>\n#6 0x5577af533b3d <unknown>\n#7 0x5577af517cc3 <unknown>\n#8 0x5577af4e30e4 <unknown>\n#9 0x5577af4e40ae <unknown>\n#10 0x5577af7a6ce1 <unknown>\n#11 0x5577af7aab7e <unknown>\n#12 0x5577af7944b5 <unknown>\n#13 0x5577af7ab7d6 <unknown>\n#14 0x5577af777dbf <unknown>\n#15 0x5577af7ce748 <unknown>\n#16 0x5577af7ce917 <unknown>\n#17 0x5577af7df773 <unknown>\n#18 0x7f6fe2dc7044 <unknown>","time":{"start":1699404873084,"stop":1699404877514,"duration":4430}},{"uid":"8a18f2d01587a050","reportUrl":"https://Nat754.github.io/StroyremAutomation/118//#testresult/8a18f2d01587a050","status":"skipped","statusDetails":"XFAIL\n\nselenium.common.exceptions.NoSuchElementException: Message: no such element: Unable to locate element: {\"method\":\"xpath\",\"selector\":\"//input[@class='amount']\"}\n  (Session info: headless chrome=119.0.6045.105); For documentation on this error, please visit: https://www.selenium.dev/documentation/webdriver/troubleshooting/errors#no-such-element-exception\nStacktrace:\n#0 0x5596de4745e3 <unknown>\n#1 0x5596de1370b7 <unknown>\n#2 0x5596de184f53 <unknown>\n#3 0x5596de185051 <unknown>\n#4 0x5596de1ca9c4 <unknown>\n#5 0x5596de1abf1d <unknown>\n#6 0x5596de1c7b3d <unknown>\n#7 0x5596de1abcc3 <unknown>\n#8 0x5596de1770e4 <unknown>\n#9 0x5596de1780ae <unknown>\n#10 0x5596de43ace1 <unknown>\n#11 0x5596de43eb7e <unknown>\n#12 0x5596de4284b5 <unknown>\n#13 0x5596de43f7d6 <unknown>\n#14 0x5596de40bdbf <unknown>\n#15 0x5596de462748 <unknown>\n#16 0x5596de462917 <unknown>\n#17 0x5596de473773 <unknown>\n#18 0x7fd0337de044 <unknown>","time":{"start":1699318541004,"stop":1699318544572,"duration":3568}},{"uid":"b390e837a6bf296c","reportUrl":"https://Nat754.github.io/StroyremAutomation/117//#testresult/b390e837a6bf296c","status":"skipped","statusDetails":"XFAIL\n\nselenium.common.exceptions.NoSuchElementException: Message: no such element: Unable to locate element: {\"method\":\"xpath\",\"selector\":\"//input[@class='amount']\"}\n  (Session info: headless chrome=119.0.6045.105); For documentation on this error, please visit: https://www.selenium.dev/documentation/webdriver/troubleshooting/errors#no-such-element-exception\nStacktrace:\n#0 0x55c6303eb5e3 <unknown>\n#1 0x55c6300ae0b7 <unknown>\n#2 0x55c6300fbf53 <unknown>\n#3 0x55c6300fc051 <unknown>\n#4 0x55c6301419c4 <unknown>\n#5 0x55c630122f1d <unknown>\n#6 0x55c63013eb3d <unknown>\n#7 0x55c630122cc3 <unknown>\n#8 0x55c6300ee0e4 <unknown>\n#9 0x55c6300ef0ae <unknown>\n#10 0x55c6303b1ce1 <unknown>\n#11 0x55c6303b5b7e <unknown>\n#12 0x55c63039f4b5 <unknown>\n#13 0x55c6303b67d6 <unknown>\n#14 0x55c630382dbf <unknown>\n#15 0x55c6303d9748 <unknown>\n#16 0x55c6303d9917 <unknown>\n#17 0x55c6303ea773 <unknown>\n#18 0x7f6b9ff09044 <unknown>","time":{"start":1699232207908,"stop":1699232211769,"duration":3861}},{"uid":"fe318b3aee1af901","reportUrl":"https://Nat754.github.io/StroyremAutomation/116//#testresult/fe318b3aee1af901","status":"skipped","statusDetails":"XFAIL\n\nselenium.common.exceptions.NoSuchElementException: Message: no such element: Unable to locate element: {\"method\":\"xpath\",\"selector\":\"//input[@class='amount']\"}\n  (Session info: headless chrome=119.0.6045.105); For documentation on this error, please visit: https://www.selenium.dev/documentation/webdriver/troubleshooting/errors#no-such-element-exception\nStacktrace:\n#0 0x559cd2f9f5e3 <unknown>\n#1 0x559cd2c620b7 <unknown>\n#2 0x559cd2caff53 <unknown>\n#3 0x559cd2cb0051 <unknown>\n#4 0x559cd2cf59c4 <unknown>\n#5 0x559cd2cd6f1d <unknown>\n#6 0x559cd2cf2b3d <unknown>\n#7 0x559cd2cd6cc3 <unknown>\n#8 0x559cd2ca20e4 <unknown>\n#9 0x559cd2ca30ae <unknown>\n#10 0x559cd2f65ce1 <unknown>\n#11 0x559cd2f69b7e <unknown>\n#12 0x559cd2f534b5 <unknown>\n#13 0x559cd2f6a7d6 <unknown>\n#14 0x559cd2f36dbf <unknown>\n#15 0x559cd2f8d748 <unknown>\n#16 0x559cd2f8d917 <unknown>\n#17 0x559cd2f9e773 <unknown>\n#18 0x7f39e4c6a044 <unknown>","time":{"start":1699145984943,"stop":1699145990763,"duration":5820}},{"uid":"ebaa2463e554175e","reportUrl":"https://Nat754.github.io/StroyremAutomation/115//#testresult/ebaa2463e554175e","status":"skipped","statusDetails":"XFAIL\n\nselenium.common.exceptions.NoSuchElementException: Message: no such element: Unable to locate element: {\"method\":\"xpath\",\"selector\":\"//input[@class='amount']\"}\n  (Session info: headless chrome=119.0.6045.105); For documentation on this error, please visit: https://www.selenium.dev/documentation/webdriver/troubleshooting/errors#no-such-element-exception\nStacktrace:\n#0 0x5633832a95e3 <unknown>\n#1 0x563382f6c0b7 <unknown>\n#2 0x563382fb9f53 <unknown>\n#3 0x563382fba051 <unknown>\n#4 0x563382fff9c4 <unknown>\n#5 0x563382fe0f1d <unknown>\n#6 0x563382ffcb3d <unknown>\n#7 0x563382fe0cc3 <unknown>\n#8 0x563382fac0e4 <unknown>\n#9 0x563382fad0ae <unknown>\n#10 0x56338326fce1 <unknown>\n#11 0x563383273b7e <unknown>\n#12 0x56338325d4b5 <unknown>\n#13 0x5633832747d6 <unknown>\n#14 0x563383240dbf <unknown>\n#15 0x563383297748 <unknown>\n#16 0x563383297917 <unknown>\n#17 0x5633832a8773 <unknown>\n#18 0x7f9d44895044 <unknown>","time":{"start":1699059251545,"stop":1699059255509,"duration":3964}},{"uid":"a0494a9a2f1fd7b9","reportUrl":"https://Nat754.github.io/StroyremAutomation/114//#testresult/a0494a9a2f1fd7b9","status":"skipped","statusDetails":"XFAIL\n\nselenium.common.exceptions.NoSuchElementException: Message: no such element: Unable to locate element: {\"method\":\"xpath\",\"selector\":\"//input[@class='amount']\"}\n  (Session info: headless chrome=119.0.6045.105); For documentation on this error, please visit: https://www.selenium.dev/documentation/webdriver/troubleshooting/errors#no-such-element-exception\nStacktrace:\n#0 0x55d8687025e3 <unknown>\n#1 0x55d8683c50b7 <unknown>\n#2 0x55d868412f53 <unknown>\n#3 0x55d868413051 <unknown>\n#4 0x55d8684589c4 <unknown>\n#5 0x55d868439f1d <unknown>\n#6 0x55d868455b3d <unknown>\n#7 0x55d868439cc3 <unknown>\n#8 0x55d8684050e4 <unknown>\n#9 0x55d8684060ae <unknown>\n#10 0x55d8686c8ce1 <unknown>\n#11 0x55d8686ccb7e <unknown>\n#12 0x55d8686b64b5 <unknown>\n#13 0x55d8686cd7d6 <unknown>\n#14 0x55d868699dbf <unknown>\n#15 0x55d8686f0748 <unknown>\n#16 0x55d8686f0917 <unknown>\n#17 0x55d868701773 <unknown>\n#18 0x7fcf12439044 <unknown>","time":{"start":1698972872265,"stop":1698972876605,"duration":4340}},{"uid":"ed0bf60ecdce7122","reportUrl":"https://Nat754.github.io/StroyremAutomation/113//#testresult/ed0bf60ecdce7122","status":"skipped","statusDetails":"XFAIL\n\nselenium.common.exceptions.NoSuchElementException: Message: no such element: Unable to locate element: {\"method\":\"xpath\",\"selector\":\"//input[@class='amount']\"}\n  (Session info: headless chrome=119.0.6045.105); For documentation on this error, please visit: https://www.selenium.dev/documentation/webdriver/troubleshooting/errors#no-such-element-exception\nStacktrace:\n#0 0x55d702aa65e3 <unknown>\n#1 0x55d7027690b7 <unknown>\n#2 0x55d7027b6f53 <unknown>\n#3 0x55d7027b7051 <unknown>\n#4 0x55d7027fc9c4 <unknown>\n#5 0x55d7027ddf1d <unknown>\n#6 0x55d7027f9b3d <unknown>\n#7 0x55d7027ddcc3 <unknown>\n#8 0x55d7027a90e4 <unknown>\n#9 0x55d7027aa0ae <unknown>\n#10 0x55d702a6cce1 <unknown>\n#11 0x55d702a70b7e <unknown>\n#12 0x55d702a5a4b5 <unknown>\n#13 0x55d702a717d6 <unknown>\n#14 0x55d702a3ddbf <unknown>\n#15 0x55d702a94748 <unknown>\n#16 0x55d702a94917 <unknown>\n#17 0x55d702aa5773 <unknown>\n#18 0x7fa294e51044 <unknown>","time":{"start":1698886522043,"stop":1698886527280,"duration":5237}},{"uid":"bc8bf68217ac861d","reportUrl":"https://Nat754.github.io/StroyremAutomation/112//#testresult/bc8bf68217ac861d","status":"skipped","statusDetails":"XFAIL\n\nselenium.common.exceptions.NoSuchElementException: Message: no such element: Unable to locate element: {\"method\":\"xpath\",\"selector\":\"//input[@class='amount']\"}\n  (Session info: headless chrome=119.0.6045.105); For documentation on this error, please visit: https://www.selenium.dev/documentation/webdriver/troubleshooting/errors#no-such-element-exception\nStacktrace:\n#0 0x563a9494e5e3 <unknown>\n#1 0x563a946110b7 <unknown>\n#2 0x563a9465ef53 <unknown>\n#3 0x563a9465f051 <unknown>\n#4 0x563a946a49c4 <unknown>\n#5 0x563a94685f1d <unknown>\n#6 0x563a946a1b3d <unknown>\n#7 0x563a94685cc3 <unknown>\n#8 0x563a946510e4 <unknown>\n#9 0x563a946520ae <unknown>\n#10 0x563a94914ce1 <unknown>\n#11 0x563a94918b7e <unknown>\n#12 0x563a949024b5 <unknown>\n#13 0x563a949197d6 <unknown>\n#14 0x563a948e5dbf <unknown>\n#15 0x563a9493c748 <unknown>\n#16 0x563a9493c917 <unknown>\n#17 0x563a9494d773 <unknown>\n#18 0x7f0907a50044 <unknown>","time":{"start":1698800364567,"stop":1698800370441,"duration":5874}},{"uid":"48ac7d6863eae4a6","reportUrl":"https://Nat754.github.io/StroyremAutomation/111//#testresult/48ac7d6863eae4a6","status":"skipped","statusDetails":"XFAIL\n\nselenium.common.exceptions.NoSuchElementException: Message: no such element: Unable to locate element: {\"method\":\"xpath\",\"selector\":\"//input[@class='amount']\"}\n  (Session info: headless chrome=118.0.5993.70); For documentation on this error, please visit: https://www.selenium.dev/documentation/webdriver/troubleshooting/errors#no-such-element-exception\nStacktrace:\n#0 0x55eda09c0fb3 <unknown>\n#1 0x55eda06944a7 <unknown>\n#2 0x55eda06dbdd6 <unknown>\n#3 0x55eda06dbec1 <unknown>\n#4 0x55eda0719354 <unknown>\n#5 0x55eda06fd96d <unknown>\n#6 0x55eda0716c02 <unknown>\n#7 0x55eda06fd713 <unknown>\n#8 0x55eda06d018b <unknown>\n#9 0x55eda06d0f7e <unknown>\n#10 0x55eda09868d8 <unknown>\n#11 0x55eda098a800 <unknown>\n#12 0x55eda0994cfc <unknown>\n#13 0x55eda098b418 <unknown>\n#14 0x55eda095842f <unknown>\n#15 0x55eda09af4e8 <unknown>\n#16 0x55eda09af6b4 <unknown>\n#17 0x55eda09c0143 <unknown>\n#18 0x7fd194646044 <unknown>","time":{"start":1698713721047,"stop":1698713725099,"duration":4052}},{"uid":"fabaa2e455db456a","reportUrl":"https://Nat754.github.io/StroyremAutomation/110//#testresult/fabaa2e455db456a","status":"skipped","statusDetails":"XFAIL\n\nselenium.common.exceptions.NoSuchElementException: Message: no such element: Unable to locate element: {\"method\":\"xpath\",\"selector\":\"//input[@class='amount']\"}\n  (Session info: headless chrome=118.0.5993.70); For documentation on this error, please visit: https://www.selenium.dev/documentation/webdriver/troubleshooting/errors#no-such-element-exception\nStacktrace:\n#0 0x55f4c36fdfb3 <unknown>\n#1 0x55f4c33d14a7 <unknown>\n#2 0x55f4c3418dd6 <unknown>\n#3 0x55f4c3418ec1 <unknown>\n#4 0x55f4c3456354 <unknown>\n#5 0x55f4c343a96d <unknown>\n#6 0x55f4c3453c02 <unknown>\n#7 0x55f4c343a713 <unknown>\n#8 0x55f4c340d18b <unknown>\n#9 0x55f4c340df7e <unknown>\n#10 0x55f4c36c38d8 <unknown>\n#11 0x55f4c36c7800 <unknown>\n#12 0x55f4c36d1cfc <unknown>\n#13 0x55f4c36c8418 <unknown>\n#14 0x55f4c369542f <unknown>\n#15 0x55f4c36ec4e8 <unknown>\n#16 0x55f4c36ec6b4 <unknown>\n#17 0x55f4c36fd143 <unknown>\n#18 0x7f94cd183044 <unknown>","time":{"start":1698627312694,"stop":1698627317194,"duration":4500}},{"uid":"a1c9dd1278686431","reportUrl":"https://Nat754.github.io/StroyremAutomation/109//#testresult/a1c9dd1278686431","status":"skipped","statusDetails":"XFAIL\n\nselenium.common.exceptions.NoSuchElementException: Message: no such element: Unable to locate element: {\"method\":\"xpath\",\"selector\":\"//input[@class='amount']\"}\n  (Session info: headless chrome=118.0.5993.70); For documentation on this error, please visit: https://www.selenium.dev/documentation/webdriver/troubleshooting/errors#no-such-element-exception\nStacktrace:\n#0 0x56471aaaafb3 <unknown>\n#1 0x56471a77e4a7 <unknown>\n#2 0x56471a7c5dd6 <unknown>\n#3 0x56471a7c5ec1 <unknown>\n#4 0x56471a803354 <unknown>\n#5 0x56471a7e796d <unknown>\n#6 0x56471a800c02 <unknown>\n#7 0x56471a7e7713 <unknown>\n#8 0x56471a7ba18b <unknown>\n#9 0x56471a7baf7e <unknown>\n#10 0x56471aa708d8 <unknown>\n#11 0x56471aa74800 <unknown>\n#12 0x56471aa7ecfc <unknown>\n#13 0x56471aa75418 <unknown>\n#14 0x56471aa4242f <unknown>\n#15 0x56471aa994e8 <unknown>\n#16 0x56471aa996b4 <unknown>\n#17 0x56471aaaa143 <unknown>\n#18 0x7f033b042044 <unknown>","time":{"start":1698541082866,"stop":1698541087652,"duration":4786}},{"uid":"149e94d7f105f06e","reportUrl":"https://Nat754.github.io/StroyremAutomation/108//#testresult/149e94d7f105f06e","status":"skipped","statusDetails":"XFAIL\n\nselenium.common.exceptions.NoSuchElementException: Message: no such element: Unable to locate element: {\"method\":\"xpath\",\"selector\":\"//input[@class='amount']\"}\n  (Session info: headless chrome=118.0.5993.70); For documentation on this error, please visit: https://www.selenium.dev/documentation/webdriver/troubleshooting/errors#no-such-element-exception\nStacktrace:\n#0 0x55a8e50aefb3 <unknown>\n#1 0x55a8e4d824a7 <unknown>\n#2 0x55a8e4dc9dd6 <unknown>\n#3 0x55a8e4dc9ec1 <unknown>\n#4 0x55a8e4e07354 <unknown>\n#5 0x55a8e4deb96d <unknown>\n#6 0x55a8e4e04c02 <unknown>\n#7 0x55a8e4deb713 <unknown>\n#8 0x55a8e4dbe18b <unknown>\n#9 0x55a8e4dbef7e <unknown>\n#10 0x55a8e50748d8 <unknown>\n#11 0x55a8e5078800 <unknown>\n#12 0x55a8e5082cfc <unknown>\n#13 0x55a8e5079418 <unknown>\n#14 0x55a8e504642f <unknown>\n#15 0x55a8e509d4e8 <unknown>\n#16 0x55a8e509d6b4 <unknown>\n#17 0x55a8e50ae143 <unknown>\n#18 0x7f9d84f6f044 <unknown>","time":{"start":1698454440914,"stop":1698454446802,"duration":5888}},{"uid":"bee8bb31c477cdb0","reportUrl":"https://Nat754.github.io/StroyremAutomation/107//#testresult/bee8bb31c477cdb0","status":"skipped","statusDetails":"XFAIL\n\nselenium.common.exceptions.NoSuchElementException: Message: no such element: Unable to locate element: {\"method\":\"xpath\",\"selector\":\"//input[@class='amount']\"}\n  (Session info: headless chrome=118.0.5993.70); For documentation on this error, please visit: https://www.selenium.dev/documentation/webdriver/troubleshooting/errors#no-such-element-exception\nStacktrace:\n#0 0x55f34ed64fb3 <unknown>\n#1 0x55f34ea384a7 <unknown>\n#2 0x55f34ea7fdd6 <unknown>\n#3 0x55f34ea7fec1 <unknown>\n#4 0x55f34eabd354 <unknown>\n#5 0x55f34eaa196d <unknown>\n#6 0x55f34eabac02 <unknown>\n#7 0x55f34eaa1713 <unknown>\n#8 0x55f34ea7418b <unknown>\n#9 0x55f34ea74f7e <unknown>\n#10 0x55f34ed2a8d8 <unknown>\n#11 0x55f34ed2e800 <unknown>\n#12 0x55f34ed38cfc <unknown>\n#13 0x55f34ed2f418 <unknown>\n#14 0x55f34ecfc42f <unknown>\n#15 0x55f34ed534e8 <unknown>\n#16 0x55f34ed536b4 <unknown>\n#17 0x55f34ed64143 <unknown>\n#18 0x7fa483197044 <unknown>","time":{"start":1698368023501,"stop":1698368028246,"duration":4745}},{"uid":"e01521f4fc54dc52","reportUrl":"https://Nat754.github.io/StroyremAutomation/106//#testresult/e01521f4fc54dc52","status":"skipped","statusDetails":"XFAIL\n\nselenium.common.exceptions.NoSuchElementException: Message: no such element: Unable to locate element: {\"method\":\"xpath\",\"selector\":\"//input[@class='amount']\"}\n  (Session info: headless chrome=118.0.5993.70); For documentation on this error, please visit: https://www.selenium.dev/documentation/webdriver/troubleshooting/errors#no-such-element-exception\nStacktrace:\n#0 0x55a8a83dcfb3 <unknown>\n#1 0x55a8a80b04a7 <unknown>\n#2 0x55a8a80f7dd6 <unknown>\n#3 0x55a8a80f7ec1 <unknown>\n#4 0x55a8a8135354 <unknown>\n#5 0x55a8a811996d <unknown>\n#6 0x55a8a8132c02 <unknown>\n#7 0x55a8a8119713 <unknown>\n#8 0x55a8a80ec18b <unknown>\n#9 0x55a8a80ecf7e <unknown>\n#10 0x55a8a83a28d8 <unknown>\n#11 0x55a8a83a6800 <unknown>\n#12 0x55a8a83b0cfc <unknown>\n#13 0x55a8a83a7418 <unknown>\n#14 0x55a8a837442f <unknown>\n#15 0x55a8a83cb4e8 <unknown>\n#16 0x55a8a83cb6b4 <unknown>\n#17 0x55a8a83dc143 <unknown>\n#18 0x7f6e83c36044 <unknown>","time":{"start":1698281643918,"stop":1698281649185,"duration":5267}},{"uid":"11d99b1a4d05ba71","reportUrl":"https://Nat754.github.io/StroyremAutomation/105//#testresult/11d99b1a4d05ba71","status":"skipped","statusDetails":"XFAIL\n\nselenium.common.exceptions.NoSuchElementException: Message: no such element: Unable to locate element: {\"method\":\"xpath\",\"selector\":\"//input[@class='amount']\"}\n  (Session info: headless chrome=118.0.5993.70); For documentation on this error, please visit: https://www.selenium.dev/documentation/webdriver/troubleshooting/errors#no-such-element-exception\nStacktrace:\n#0 0x562125fa6fb3 <unknown>\n#1 0x562125c7a4a7 <unknown>\n#2 0x562125cc1dd6 <unknown>\n#3 0x562125cc1ec1 <unknown>\n#4 0x562125cff354 <unknown>\n#5 0x562125ce396d <unknown>\n#6 0x562125cfcc02 <unknown>\n#7 0x562125ce3713 <unknown>\n#8 0x562125cb618b <unknown>\n#9 0x562125cb6f7e <unknown>\n#10 0x562125f6c8d8 <unknown>\n#11 0x562125f70800 <unknown>\n#12 0x562125f7acfc <unknown>\n#13 0x562125f71418 <unknown>\n#14 0x562125f3e42f <unknown>\n#15 0x562125f954e8 <unknown>\n#16 0x562125f956b4 <unknown>\n#17 0x562125fa6143 <unknown>\n#18 0x7fce2b090044 <unknown>","time":{"start":1698195265893,"stop":1698195270509,"duration":4616}}]},"tags":["@pytest.mark.xfail","smoke_test"]},"source":"f6c1b69b3476315c.json","parameterValues":["11440","299","'TD 024'","9900","'products/shtukaturka-gipsovaya-aksolit-m50-30-kg-mashinnogo-naneseniya'","4300","'https://sandboxtest.stroyrem-nn.ru/'","9000"]}