{"uid":"4e5539794a532021","name":"test_positive_delivery_green_zone_smoke[TD 012-products/shtukaturka-gipsovaya-aksolit-m50-30-kg-mashinnogo-naneseniya-333-10000-4450-11990-12500-https://sandboxtest.stroyrem-nn.ru/]","fullName":"tests.delivery.test_delivery_calculation.TestDeliveryPageCalculation#test_positive_delivery_green_zone_smoke","historyId":"9d39cbb8c1423d43dfc259c1b0a6c01f","time":{"start":1725498284635,"stop":1725498285252,"duration":617},"status":"skipped","statusMessage":"XFAIL\n\nselenium.common.exceptions.NoSuchElementException: Message: no such element: Unable to locate element: {\"method\":\"xpath\",\"selector\":\"(//a[@class='add-to-cart yellow-btn'])[1]\"}\n  (Session info: chrome=128.0.6613.119); For documentation on this error, please visit: https://www.selenium.dev/documentation/webdriver/troubleshooting/errors#no-such-element-exception\nStacktrace:\n#0 0x5618af4b586a <unknown>\n#1 0x5618af183e50 <unknown>\n#2 0x5618af1d3644 <unknown>\n#3 0x5618af1d3931 <unknown>\n#4 0x5618af219534 <unknown>\n#5 0x5618af1f84bd <unknown>\n#6 0x5618af2169c6 <unknown>\n#7 0x5618af1f8233 <unknown>\n#8 0x5618af1c6093 <unknown>\n#9 0x5618af1c709e <unknown>\n#10 0x5618af47cacb <unknown>\n#11 0x5618af480a81 <unknown>\n#12 0x5618af468695 <unknown>\n#13 0x5618af4815f2 <unknown>\n#14 0x5618af44d86f <unknown>\n#15 0x5618af4a4668 <unknown>\n#16 0x5618af4a4832 <unknown>\n#17 0x5618af4b465c <unknown>\n#18 0x7f6dfcdd1144 <unknown>","statusTrace":"self = <tests.delivery.test_delivery_calculation.TestDeliveryPageCalculation object at 0x7ff7bbe88450>\ndriver = <selenium.webdriver.chrome.webdriver.WebDriver (session=\"5bb4f2e4dceddb3ab63f7ad991dbd6a4\")>\nurl = 'https://sandboxtest.stroyrem-nn.ru/', case_id = 'TD 012'\nlink_item = 'products/shtukaturka-gipsovaya-aksolit-m50-30-kg-mashinnogo-naneseniya'\namount = 333, weight = 10000, standard = 4450, in_time = 11990, all_time = 12500\n\n    @pytest.mark.parametrize('case_id, link_item, amount, weight, standard, in_time, all_time', [\n        (\"TD 001\", uroven_3000, 1, 30, 0, 1590, 2190),\n        (\"TD 002\", bundeks_25, 1, 30, 400, 1590, 2190),\n        (\"TD 003\", aksolit_30, 8, 300, 400, 1590, 2190),\n        (\"TD 004\", aksolit_30, 13, 400, 450, 1590, 2190),\n        (\"TD 005\", aksolit_30, 16, 500, 600, 1590, 2190),\n        (\"TD 006\", aksolit_30, 25, 1700, 990, 1990, 2480),\n        (\"TD 007\", aksolit_30, 66, 2000, 1300, 2490, 2980),\n        (\"TD 008\", aksolit_30, 149, 4500, 2300, 3980, 4490),\n        (\"TD 009\", aksolit_30, 166, 5000, 2500, 4990, 5480),\n        pytest.param(\n            \"TD 010\", aksolit_30, 206, 6200, 2900, 5570, 6120,\n            marks=pytest.mark.xfail(reson=\"Цена доставки 3600 7960 8980\")\n        ),\n        (\"TD 011\", aksolit_30, 299, 9000, 3600, 7960, 8980),\n        (\"TD 012\", aksolit_30, 333, 10000, 4450, 11990, 12500),\n        pytest.param(\n            \"TD 013\", aksolit_30, 366, 11000, 4800, 12450, 13480,\n            marks=pytest.mark.xfail(reason=\"Цена стандартной доставки 4450\")\n        ),\n        pytest.param(\n            \"TD 014\", aksolit_30, 666, 20000, 5400, 15600, 17490,\n            marks=pytest.mark.xfail(reason=\"Цена стандартной доставки 4450\")\n        )\n    ])\n    @pytest.mark.xfail\n    @pytest.mark.smoke_test\n    def test_positive_delivery_green_zone_smoke(\n            self, driver, url, case_id, link_item, amount, weight, standard, in_time, all_time\n    ):\n    \n        driver.get(f'{url}{link_item}')\n        item_page = ItemPage(driver)\n>       item_page.add_item_to_cart(amount).click_on_cart()\n\ntests/delivery/test_delivery_calculation.py:50: \n_ _ _ _ _ _ _ _ _ _ _ _ _ _ _ _ _ _ _ _ _ _ _ _ _ _ _ _ _ _ _ _ _ _ _ _ _ _ _ _ \npages/item_page.py:40: in add_item_to_cart\n    self.find_element(self._add_item).click()\nbase/seleniumbase.py:17: in find_element\n    return self.driver.find_element(*locator)\n/usr/local/lib/python3.11/site-packages/selenium/webdriver/remote/webdriver.py:739: in find_element\n    return self.execute(Command.FIND_ELEMENT, {\"using\": by, \"value\": value})[\"value\"]\n/usr/local/lib/python3.11/site-packages/selenium/webdriver/remote/webdriver.py:345: in execute\n    self.error_handler.check_response(response)\n_ _ _ _ _ _ _ _ _ _ _ _ _ _ _ _ _ _ _ _ _ _ _ _ _ _ _ _ _ _ _ _ _ _ _ _ _ _ _ _ \n\nself = <selenium.webdriver.remote.errorhandler.ErrorHandler object at 0x7ff7bb767990>\nresponse = {'status': 404, 'value': '{\"value\":{\"error\":\"no such element\",\"message\":\"no such element: Unable to locate element: {\\...\\\\n#16 0x5618af4a4832 \\\\u003Cunknown>\\\\n#17 0x5618af4b465c \\\\u003Cunknown>\\\\n#18 0x7f6dfcdd1144 \\\\u003Cunknown>\\\\n\"}}'}\n\n    def check_response(self, response: Dict[str, Any]) -> None:\n        \"\"\"Checks that a JSON response from the WebDriver does not have an\n        error.\n    \n        :Args:\n         - response - The JSON response from the WebDriver server as a dictionary\n           object.\n    \n        :Raises: If the response contains an error message.\n        \"\"\"\n        status = response.get(\"status\", None)\n        if not status or status == ErrorCode.SUCCESS:\n            return\n        value = None\n        message = response.get(\"message\", \"\")\n        screen: str = response.get(\"screen\", \"\")\n        stacktrace = None\n        if isinstance(status, int):\n            value_json = response.get(\"value\", None)\n            if value_json and isinstance(value_json, str):\n                import json\n    \n                try:\n                    value = json.loads(value_json)\n                    if len(value) == 1:\n                        value = value[\"value\"]\n                    status = value.get(\"error\", None)\n                    if not status:\n                        status = value.get(\"status\", ErrorCode.UNKNOWN_ERROR)\n                        message = value.get(\"value\") or value.get(\"message\")\n                        if not isinstance(message, str):\n                            value = message\n                            message = message.get(\"message\")\n                    else:\n                        message = value.get(\"message\", None)\n                except ValueError:\n                    pass\n    \n        exception_class: Type[WebDriverException]\n        e = ErrorCode()\n        error_codes = [item for item in dir(e) if not item.startswith(\"__\")]\n        for error_code in error_codes:\n            error_info = getattr(ErrorCode, error_code)\n            if isinstance(error_info, list) and status in error_info:\n                exception_class = getattr(ExceptionMapping, error_code, WebDriverException)\n                break\n        else:\n            exception_class = WebDriverException\n    \n        if not value:\n            value = response[\"value\"]\n        if isinstance(value, str):\n            raise exception_class(value)\n        if message == \"\" and \"message\" in value:\n            message = value[\"message\"]\n    \n        screen = None  # type: ignore[assignment]\n        if \"screen\" in value:\n            screen = value[\"screen\"]\n    \n        stacktrace = None\n        st_value = value.get(\"stackTrace\") or value.get(\"stacktrace\")\n        if st_value:\n            if isinstance(st_value, str):\n                stacktrace = st_value.split(\"\\n\")\n            else:\n                stacktrace = []\n                try:\n                    for frame in st_value:\n                        line = frame.get(\"lineNumber\", \"\")\n                        file = frame.get(\"fileName\", \"<anonymous>\")\n                        if line:\n                            file = f\"{file}:{line}\"\n                        meth = frame.get(\"methodName\", \"<anonymous>\")\n                        if \"className\" in frame:\n                            meth = f\"{frame['className']}.{meth}\"\n                        msg = \"    at %s (%s)\"\n                        msg = msg % (meth, file)\n                        stacktrace.append(msg)\n                except TypeError:\n                    pass\n        if exception_class == UnexpectedAlertPresentException:\n            alert_text = None\n            if \"data\" in value:\n                alert_text = value[\"data\"].get(\"text\")\n            elif \"alert\" in value:\n                alert_text = value[\"alert\"].get(\"text\")\n            raise exception_class(message, screen, stacktrace, alert_text)  # type: ignore[call-arg]  # mypy is not smart enough here\n>       raise exception_class(message, screen, stacktrace)\nE       selenium.common.exceptions.NoSuchElementException: Message: no such element: Unable to locate element: {\"method\":\"xpath\",\"selector\":\"(//a[@class='add-to-cart yellow-btn'])[1]\"}\nE         (Session info: chrome=128.0.6613.119); For documentation on this error, please visit: https://www.selenium.dev/documentation/webdriver/troubleshooting/errors#no-such-element-exception\nE       Stacktrace:\nE       #0 0x5618af4b586a <unknown>\nE       #1 0x5618af183e50 <unknown>\nE       #2 0x5618af1d3644 <unknown>\nE       #3 0x5618af1d3931 <unknown>\nE       #4 0x5618af219534 <unknown>\nE       #5 0x5618af1f84bd <unknown>\nE       #6 0x5618af2169c6 <unknown>\nE       #7 0x5618af1f8233 <unknown>\nE       #8 0x5618af1c6093 <unknown>\nE       #9 0x5618af1c709e <unknown>\nE       #10 0x5618af47cacb <unknown>\nE       #11 0x5618af480a81 <unknown>\nE       #12 0x5618af468695 <unknown>\nE       #13 0x5618af4815f2 <unknown>\nE       #14 0x5618af44d86f <unknown>\nE       #15 0x5618af4a4668 <unknown>\nE       #16 0x5618af4a4832 <unknown>\nE       #17 0x5618af4b465c <unknown>\nE       #18 0x7f6dfcdd1144 <unknown>\n\n/usr/local/lib/python3.11/site-packages/selenium/webdriver/remote/errorhandler.py:229: NoSuchElementException","flaky":false,"newFailed":false,"newBroken":false,"newPassed":false,"retriesCount":0,"retriesStatusChange":false,"beforeStages":[{"name":"_session_faker","time":{"start":1725498008903,"stop":1725498008975,"duration":72},"status":"passed","steps":[],"attachments":[],"parameters":[],"shouldDisplayMessage":false,"stepsCount":0,"attachmentsCount":0,"hasContent":false,"attachmentStep":false},{"name":"clear_allure_results_folder","time":{"start":1725498008975,"stop":1725498008975,"duration":0},"status":"passed","steps":[],"attachments":[],"parameters":[],"shouldDisplayMessage":false,"stepsCount":0,"attachmentsCount":0,"hasContent":false,"attachmentStep":false},{"name":"driver","time":{"start":1725498283809,"stop":1725498284633,"duration":824},"status":"passed","steps":[],"attachments":[],"parameters":[],"shouldDisplayMessage":false,"stepsCount":0,"attachmentsCount":0,"hasContent":false,"attachmentStep":false},{"name":"setup","time":{"start":1725498284634,"stop":1725498284634,"duration":0},"status":"passed","steps":[],"attachments":[],"parameters":[],"shouldDisplayMessage":false,"stepsCount":0,"attachmentsCount":0,"hasContent":false,"attachmentStep":false}],"testStage":{"status":"skipped","statusMessage":"XFAIL\n\nselenium.common.exceptions.NoSuchElementException: Message: no such element: Unable to locate element: {\"method\":\"xpath\",\"selector\":\"(//a[@class='add-to-cart yellow-btn'])[1]\"}\n  (Session info: chrome=128.0.6613.119); For documentation on this error, please visit: https://www.selenium.dev/documentation/webdriver/troubleshooting/errors#no-such-element-exception\nStacktrace:\n#0 0x5618af4b586a <unknown>\n#1 0x5618af183e50 <unknown>\n#2 0x5618af1d3644 <unknown>\n#3 0x5618af1d3931 <unknown>\n#4 0x5618af219534 <unknown>\n#5 0x5618af1f84bd <unknown>\n#6 0x5618af2169c6 <unknown>\n#7 0x5618af1f8233 <unknown>\n#8 0x5618af1c6093 <unknown>\n#9 0x5618af1c709e <unknown>\n#10 0x5618af47cacb <unknown>\n#11 0x5618af480a81 <unknown>\n#12 0x5618af468695 <unknown>\n#13 0x5618af4815f2 <unknown>\n#14 0x5618af44d86f <unknown>\n#15 0x5618af4a4668 <unknown>\n#16 0x5618af4a4832 <unknown>\n#17 0x5618af4b465c <unknown>\n#18 0x7f6dfcdd1144 <unknown>","statusTrace":"self = <tests.delivery.test_delivery_calculation.TestDeliveryPageCalculation object at 0x7ff7bbe88450>\ndriver = <selenium.webdriver.chrome.webdriver.WebDriver (session=\"5bb4f2e4dceddb3ab63f7ad991dbd6a4\")>\nurl = 'https://sandboxtest.stroyrem-nn.ru/', case_id = 'TD 012'\nlink_item = 'products/shtukaturka-gipsovaya-aksolit-m50-30-kg-mashinnogo-naneseniya'\namount = 333, weight = 10000, standard = 4450, in_time = 11990, all_time = 12500\n\n    @pytest.mark.parametrize('case_id, link_item, amount, weight, standard, in_time, all_time', [\n        (\"TD 001\", uroven_3000, 1, 30, 0, 1590, 2190),\n        (\"TD 002\", bundeks_25, 1, 30, 400, 1590, 2190),\n        (\"TD 003\", aksolit_30, 8, 300, 400, 1590, 2190),\n        (\"TD 004\", aksolit_30, 13, 400, 450, 1590, 2190),\n        (\"TD 005\", aksolit_30, 16, 500, 600, 1590, 2190),\n        (\"TD 006\", aksolit_30, 25, 1700, 990, 1990, 2480),\n        (\"TD 007\", aksolit_30, 66, 2000, 1300, 2490, 2980),\n        (\"TD 008\", aksolit_30, 149, 4500, 2300, 3980, 4490),\n        (\"TD 009\", aksolit_30, 166, 5000, 2500, 4990, 5480),\n        pytest.param(\n            \"TD 010\", aksolit_30, 206, 6200, 2900, 5570, 6120,\n            marks=pytest.mark.xfail(reson=\"Цена доставки 3600 7960 8980\")\n        ),\n        (\"TD 011\", aksolit_30, 299, 9000, 3600, 7960, 8980),\n        (\"TD 012\", aksolit_30, 333, 10000, 4450, 11990, 12500),\n        pytest.param(\n            \"TD 013\", aksolit_30, 366, 11000, 4800, 12450, 13480,\n            marks=pytest.mark.xfail(reason=\"Цена стандартной доставки 4450\")\n        ),\n        pytest.param(\n            \"TD 014\", aksolit_30, 666, 20000, 5400, 15600, 17490,\n            marks=pytest.mark.xfail(reason=\"Цена стандартной доставки 4450\")\n        )\n    ])\n    @pytest.mark.xfail\n    @pytest.mark.smoke_test\n    def test_positive_delivery_green_zone_smoke(\n            self, driver, url, case_id, link_item, amount, weight, standard, in_time, all_time\n    ):\n    \n        driver.get(f'{url}{link_item}')\n        item_page = ItemPage(driver)\n>       item_page.add_item_to_cart(amount).click_on_cart()\n\ntests/delivery/test_delivery_calculation.py:50: \n_ _ _ _ _ _ _ _ _ _ _ _ _ _ _ _ _ _ _ _ _ _ _ _ _ _ _ _ _ _ _ _ _ _ _ _ _ _ _ _ \npages/item_page.py:40: in add_item_to_cart\n    self.find_element(self._add_item).click()\nbase/seleniumbase.py:17: in find_element\n    return self.driver.find_element(*locator)\n/usr/local/lib/python3.11/site-packages/selenium/webdriver/remote/webdriver.py:739: in find_element\n    return self.execute(Command.FIND_ELEMENT, {\"using\": by, \"value\": value})[\"value\"]\n/usr/local/lib/python3.11/site-packages/selenium/webdriver/remote/webdriver.py:345: in execute\n    self.error_handler.check_response(response)\n_ _ _ _ _ _ _ _ _ _ _ _ _ _ _ _ _ _ _ _ _ _ _ _ _ _ _ _ _ _ _ _ _ _ _ _ _ _ _ _ \n\nself = <selenium.webdriver.remote.errorhandler.ErrorHandler object at 0x7ff7bb767990>\nresponse = {'status': 404, 'value': '{\"value\":{\"error\":\"no such element\",\"message\":\"no such element: Unable to locate element: {\\...\\\\n#16 0x5618af4a4832 \\\\u003Cunknown>\\\\n#17 0x5618af4b465c \\\\u003Cunknown>\\\\n#18 0x7f6dfcdd1144 \\\\u003Cunknown>\\\\n\"}}'}\n\n    def check_response(self, response: Dict[str, Any]) -> None:\n        \"\"\"Checks that a JSON response from the WebDriver does not have an\n        error.\n    \n        :Args:\n         - response - The JSON response from the WebDriver server as a dictionary\n           object.\n    \n        :Raises: If the response contains an error message.\n        \"\"\"\n        status = response.get(\"status\", None)\n        if not status or status == ErrorCode.SUCCESS:\n            return\n        value = None\n        message = response.get(\"message\", \"\")\n        screen: str = response.get(\"screen\", \"\")\n        stacktrace = None\n        if isinstance(status, int):\n            value_json = response.get(\"value\", None)\n            if value_json and isinstance(value_json, str):\n                import json\n    \n                try:\n                    value = json.loads(value_json)\n                    if len(value) == 1:\n                        value = value[\"value\"]\n                    status = value.get(\"error\", None)\n                    if not status:\n                        status = value.get(\"status\", ErrorCode.UNKNOWN_ERROR)\n                        message = value.get(\"value\") or value.get(\"message\")\n                        if not isinstance(message, str):\n                            value = message\n                            message = message.get(\"message\")\n                    else:\n                        message = value.get(\"message\", None)\n                except ValueError:\n                    pass\n    \n        exception_class: Type[WebDriverException]\n        e = ErrorCode()\n        error_codes = [item for item in dir(e) if not item.startswith(\"__\")]\n        for error_code in error_codes:\n            error_info = getattr(ErrorCode, error_code)\n            if isinstance(error_info, list) and status in error_info:\n                exception_class = getattr(ExceptionMapping, error_code, WebDriverException)\n                break\n        else:\n            exception_class = WebDriverException\n    \n        if not value:\n            value = response[\"value\"]\n        if isinstance(value, str):\n            raise exception_class(value)\n        if message == \"\" and \"message\" in value:\n            message = value[\"message\"]\n    \n        screen = None  # type: ignore[assignment]\n        if \"screen\" in value:\n            screen = value[\"screen\"]\n    \n        stacktrace = None\n        st_value = value.get(\"stackTrace\") or value.get(\"stacktrace\")\n        if st_value:\n            if isinstance(st_value, str):\n                stacktrace = st_value.split(\"\\n\")\n            else:\n                stacktrace = []\n                try:\n                    for frame in st_value:\n                        line = frame.get(\"lineNumber\", \"\")\n                        file = frame.get(\"fileName\", \"<anonymous>\")\n                        if line:\n                            file = f\"{file}:{line}\"\n                        meth = frame.get(\"methodName\", \"<anonymous>\")\n                        if \"className\" in frame:\n                            meth = f\"{frame['className']}.{meth}\"\n                        msg = \"    at %s (%s)\"\n                        msg = msg % (meth, file)\n                        stacktrace.append(msg)\n                except TypeError:\n                    pass\n        if exception_class == UnexpectedAlertPresentException:\n            alert_text = None\n            if \"data\" in value:\n                alert_text = value[\"data\"].get(\"text\")\n            elif \"alert\" in value:\n                alert_text = value[\"alert\"].get(\"text\")\n            raise exception_class(message, screen, stacktrace, alert_text)  # type: ignore[call-arg]  # mypy is not smart enough here\n>       raise exception_class(message, screen, stacktrace)\nE       selenium.common.exceptions.NoSuchElementException: Message: no such element: Unable to locate element: {\"method\":\"xpath\",\"selector\":\"(//a[@class='add-to-cart yellow-btn'])[1]\"}\nE         (Session info: chrome=128.0.6613.119); For documentation on this error, please visit: https://www.selenium.dev/documentation/webdriver/troubleshooting/errors#no-such-element-exception\nE       Stacktrace:\nE       #0 0x5618af4b586a <unknown>\nE       #1 0x5618af183e50 <unknown>\nE       #2 0x5618af1d3644 <unknown>\nE       #3 0x5618af1d3931 <unknown>\nE       #4 0x5618af219534 <unknown>\nE       #5 0x5618af1f84bd <unknown>\nE       #6 0x5618af2169c6 <unknown>\nE       #7 0x5618af1f8233 <unknown>\nE       #8 0x5618af1c6093 <unknown>\nE       #9 0x5618af1c709e <unknown>\nE       #10 0x5618af47cacb <unknown>\nE       #11 0x5618af480a81 <unknown>\nE       #12 0x5618af468695 <unknown>\nE       #13 0x5618af4815f2 <unknown>\nE       #14 0x5618af44d86f <unknown>\nE       #15 0x5618af4a4668 <unknown>\nE       #16 0x5618af4a4832 <unknown>\nE       #17 0x5618af4b465c <unknown>\nE       #18 0x7f6dfcdd1144 <unknown>\n\n/usr/local/lib/python3.11/site-packages/selenium/webdriver/remote/errorhandler.py:229: NoSuchElementException","steps":[{"name":"Добавляем товар в корзину в количестве 333","time":{"start":1725498285230,"stop":1725498285251,"duration":21},"status":"broken","statusMessage":"selenium.common.exceptions.NoSuchElementException: Message: no such element: Unable to locate element: {\"method\":\"xpath\",\"selector\":\"(//a[@class='add-to-cart yellow-btn'])[1]\"}\n  (Session info: chrome=128.0.6613.119); For documentation on this error, please visit: https://www.selenium.dev/documentation/webdriver/troubleshooting/errors#no-such-element-exception\nStacktrace:\n#0 0x5618af4b586a <unknown>\n#1 0x5618af183e50 <unknown>\n#2 0x5618af1d3644 <unknown>\n#3 0x5618af1d3931 <unknown>\n#4 0x5618af219534 <unknown>\n#5 0x5618af1f84bd <unknown>\n#6 0x5618af2169c6 <unknown>\n#7 0x5618af1f8233 <unknown>\n#8 0x5618af1c6093 <unknown>\n#9 0x5618af1c709e <unknown>\n#10 0x5618af47cacb <unknown>\n#11 0x5618af480a81 <unknown>\n#12 0x5618af468695 <unknown>\n#13 0x5618af4815f2 <unknown>\n#14 0x5618af44d86f <unknown>\n#15 0x5618af4a4668 <unknown>\n#16 0x5618af4a4832 <unknown>\n#17 0x5618af4b465c <unknown>\n#18 0x7f6dfcdd1144 <unknown>\n\n","statusTrace":"  File \"/usr/local/lib/python3.11/site-packages/allure_commons/_allure.py\", line 192, in impl\n    return func(*a, **kw)\n           ^^^^^^^^^^^^^^\n  File \"/app/pages/item_page.py\", line 40, in add_item_to_cart\n    self.find_element(self._add_item).click()\n    ^^^^^^^^^^^^^^^^^^^^^^^^^^^^^^^^^\n  File \"/app/base/seleniumbase.py\", line 17, in find_element\n    return self.driver.find_element(*locator)\n           ^^^^^^^^^^^^^^^^^^^^^^^^^^^^^^^^^^\n  File \"/usr/local/lib/python3.11/site-packages/selenium/webdriver/remote/webdriver.py\", line 739, in find_element\n    return self.execute(Command.FIND_ELEMENT, {\"using\": by, \"value\": value})[\"value\"]\n           ^^^^^^^^^^^^^^^^^^^^^^^^^^^^^^^^^^^^^^^^^^^^^^^^^^^^^^^^^^^^^^^^^\n  File \"/usr/local/lib/python3.11/site-packages/selenium/webdriver/remote/webdriver.py\", line 345, in execute\n    self.error_handler.check_response(response)\n  File \"/usr/local/lib/python3.11/site-packages/selenium/webdriver/remote/errorhandler.py\", line 229, in check_response\n    raise exception_class(message, screen, stacktrace)\n","steps":[],"attachments":[],"parameters":[{"name":"amount","value":"333"}],"shouldDisplayMessage":true,"stepsCount":0,"attachmentsCount":0,"hasContent":true,"attachmentStep":false}],"attachments":[{"uid":"86f5760ec56acdba","name":"Screenshot","source":"86f5760ec56acdba.png","type":"image/png","size":46834},{"uid":"68d181074311bb76","name":"HTML source","source":"68d181074311bb76.html","type":"text/html","size":133699}],"parameters":[],"shouldDisplayMessage":true,"stepsCount":1,"attachmentsCount":2,"hasContent":true,"attachmentStep":false},"afterStages":[{"name":"driver::0","time":{"start":1725498285360,"stop":1725498285426,"duration":66},"status":"passed","steps":[],"attachments":[],"parameters":[],"shouldDisplayMessage":false,"stepsCount":0,"attachmentsCount":0,"hasContent":false,"attachmentStep":false},{"name":"setup::0","time":{"start":1725498285360,"stop":1725498285360,"duration":0},"status":"passed","steps":[],"attachments":[],"parameters":[],"shouldDisplayMessage":false,"stepsCount":0,"attachmentsCount":0,"hasContent":false,"attachmentStep":false}],"labels":[{"name":"epic","value":"Delivery Page - calculation"},{"name":"tag","value":"smoke_test"},{"name":"tag","value":"@pytest.mark.xfail"},{"name":"parentSuite","value":"tests.delivery"},{"name":"suite","value":"test_delivery_calculation"},{"name":"subSuite","value":"TestDeliveryPageCalculation"},{"name":"host","value":"12029778a086"},{"name":"thread","value":"1-MainThread"},{"name":"framework","value":"pytest"},{"name":"language","value":"cpython3"},{"name":"package","value":"tests.delivery.test_delivery_calculation"},{"name":"resultFormat","value":"allure2"}],"parameters":[{"name":"all_time","value":"12500"},{"name":"amount","value":"333"},{"name":"case_id","value":"'TD 012'"},{"name":"in_time","value":"11990"},{"name":"link_item","value":"'products/shtukaturka-gipsovaya-aksolit-m50-30-kg-mashinnogo-naneseniya'"},{"name":"standard","value":"4450"},{"name":"url","value":"'https://sandboxtest.stroyrem-nn.ru/'"},{"name":"weight","value":"10000"}],"links":[],"hidden":false,"retry":false,"extra":{"severity":"normal","retries":[],"categories":[],"history":{"statistic":{"failed":0,"broken":0,"skipped":98,"passed":0,"unknown":0,"total":98},"items":[{"uid":"1e9206fbeb3bee9d","reportUrl":"https://Nat754.github.io/StroyremAutomation/420//#testresult/1e9206fbeb3bee9d","status":"skipped","statusDetails":"XFAIL\n\nselenium.common.exceptions.NoSuchElementException: Message: no such element: Unable to locate element: {\"method\":\"xpath\",\"selector\":\"(//a[@class='add-to-cart yellow-btn'])[1]\"}\n  (Session info: chrome=128.0.6613.119); For documentation on this error, please visit: https://www.selenium.dev/documentation/webdriver/troubleshooting/errors#no-such-element-exception\nStacktrace:\n#0 0x55a7db1d686a <unknown>\n#1 0x55a7daea4e50 <unknown>\n#2 0x55a7daef4644 <unknown>\n#3 0x55a7daef4931 <unknown>\n#4 0x55a7daf3a534 <unknown>\n#5 0x55a7daf194bd <unknown>\n#6 0x55a7daf379c6 <unknown>\n#7 0x55a7daf19233 <unknown>\n#8 0x55a7daee7093 <unknown>\n#9 0x55a7daee809e <unknown>\n#10 0x55a7db19dacb <unknown>\n#11 0x55a7db1a1a81 <unknown>\n#12 0x55a7db189695 <unknown>\n#13 0x55a7db1a25f2 <unknown>\n#14 0x55a7db16e86f <unknown>\n#15 0x55a7db1c5668 <unknown>\n#16 0x55a7db1c5832 <unknown>\n#17 0x55a7db1d565c <unknown>\n#18 0x7f935b9ce134 <unknown>","time":{"start":1725411830275,"stop":1725411830714,"duration":439}},{"uid":"5b18ea9ecd29d0aa","reportUrl":"https://Nat754.github.io/StroyremAutomation/419//#testresult/5b18ea9ecd29d0aa","status":"skipped","statusDetails":"XFAIL\n\nselenium.common.exceptions.NoSuchElementException: Message: no such element: Unable to locate element: {\"method\":\"xpath\",\"selector\":\"(//a[@class='add-to-cart yellow-btn'])[1]\"}\n  (Session info: chrome=128.0.6613.119); For documentation on this error, please visit: https://www.selenium.dev/documentation/webdriver/troubleshooting/errors#no-such-element-exception\nStacktrace:\n#0 0x564903ddf86a <unknown>\n#1 0x564903aade50 <unknown>\n#2 0x564903afd644 <unknown>\n#3 0x564903afd931 <unknown>\n#4 0x564903b43534 <unknown>\n#5 0x564903b224bd <unknown>\n#6 0x564903b409c6 <unknown>\n#7 0x564903b22233 <unknown>\n#8 0x564903af0093 <unknown>\n#9 0x564903af109e <unknown>\n#10 0x564903da6acb <unknown>\n#11 0x564903daaa81 <unknown>\n#12 0x564903d92695 <unknown>\n#13 0x564903dab5f2 <unknown>\n#14 0x564903d7786f <unknown>\n#15 0x564903dce668 <unknown>\n#16 0x564903dce832 <unknown>\n#17 0x564903dde65c <unknown>\n#18 0x7f760df57134 <unknown>","time":{"start":1725325381101,"stop":1725325381524,"duration":423}},{"uid":"ab6cac03a01e071b","reportUrl":"https://Nat754.github.io/StroyremAutomation/418//#testresult/ab6cac03a01e071b","status":"skipped","statusDetails":"XFAIL\n\nselenium.common.exceptions.NoSuchElementException: Message: no such element: Unable to locate element: {\"method\":\"xpath\",\"selector\":\"(//a[@class='add-to-cart yellow-btn'])[1]\"}\n  (Session info: chrome=128.0.6613.86); For documentation on this error, please visit: https://www.selenium.dev/documentation/webdriver/troubleshooting/errors#no-such-element-exception\nStacktrace:\n#0 0x55b3776478da <unknown>\n#1 0x55b377315e50 <unknown>\n#2 0x55b377365644 <unknown>\n#3 0x55b377365931 <unknown>\n#4 0x55b3773ab534 <unknown>\n#5 0x55b37738a4bd <unknown>\n#6 0x55b3773a89c6 <unknown>\n#7 0x55b37738a233 <unknown>\n#8 0x55b377358093 <unknown>\n#9 0x55b37735909e <unknown>\n#10 0x55b37760eb3b <unknown>\n#11 0x55b377612af1 <unknown>\n#12 0x55b3775fa705 <unknown>\n#13 0x55b377613662 <unknown>\n#14 0x55b3775df8df <unknown>\n#15 0x55b3776366d8 <unknown>\n#16 0x55b3776368a2 <unknown>\n#17 0x55b3776466cc <unknown>\n#18 0x7f9e92e54134 <unknown>","time":{"start":1725239091292,"stop":1725239092010,"duration":718}},{"uid":"47431117130b2057","reportUrl":"https://Nat754.github.io/StroyremAutomation/417//#testresult/47431117130b2057","status":"skipped","statusDetails":"XFAIL\n\nselenium.common.exceptions.NoSuchElementException: Message: no such element: Unable to locate element: {\"method\":\"xpath\",\"selector\":\"(//a[@class='add-to-cart yellow-btn'])[1]\"}\n  (Session info: chrome=128.0.6613.86); For documentation on this error, please visit: https://www.selenium.dev/documentation/webdriver/troubleshooting/errors#no-such-element-exception\nStacktrace:\n#0 0x55ddd17748da <unknown>\n#1 0x55ddd1442e50 <unknown>\n#2 0x55ddd1492644 <unknown>\n#3 0x55ddd1492931 <unknown>\n#4 0x55ddd14d8534 <unknown>\n#5 0x55ddd14b74bd <unknown>\n#6 0x55ddd14d59c6 <unknown>\n#7 0x55ddd14b7233 <unknown>\n#8 0x55ddd1485093 <unknown>\n#9 0x55ddd148609e <unknown>\n#10 0x55ddd173bb3b <unknown>\n#11 0x55ddd173faf1 <unknown>\n#12 0x55ddd1727705 <unknown>\n#13 0x55ddd1740662 <unknown>\n#14 0x55ddd170c8df <unknown>\n#15 0x55ddd17636d8 <unknown>\n#16 0x55ddd17638a2 <unknown>\n#17 0x55ddd17736cc <unknown>\n#18 0x7f4af7691134 <unknown>","time":{"start":1725153269426,"stop":1725153270082,"duration":656}},{"uid":"daab5598056e5d80","reportUrl":"https://Nat754.github.io/StroyremAutomation/416//#testresult/daab5598056e5d80","status":"skipped","statusDetails":"XFAIL\n\nselenium.common.exceptions.NoSuchElementException: Message: no such element: Unable to locate element: {\"method\":\"xpath\",\"selector\":\"(//a[@class='add-to-cart yellow-btn'])[1]\"}\n  (Session info: chrome=128.0.6613.86); For documentation on this error, please visit: https://www.selenium.dev/documentation/webdriver/troubleshooting/errors#no-such-element-exception\nStacktrace:\n#0 0x563c60f2d8da <unknown>\n#1 0x563c60bfbe50 <unknown>\n#2 0x563c60c4b644 <unknown>\n#3 0x563c60c4b931 <unknown>\n#4 0x563c60c91534 <unknown>\n#5 0x563c60c704bd <unknown>\n#6 0x563c60c8e9c6 <unknown>\n#7 0x563c60c70233 <unknown>\n#8 0x563c60c3e093 <unknown>\n#9 0x563c60c3f09e <unknown>\n#10 0x563c60ef4b3b <unknown>\n#11 0x563c60ef8af1 <unknown>\n#12 0x563c60ee0705 <unknown>\n#13 0x563c60ef9662 <unknown>\n#14 0x563c60ec58df <unknown>\n#15 0x563c60f1c6d8 <unknown>\n#16 0x563c60f1c8a2 <unknown>\n#17 0x563c60f2c6cc <unknown>\n#18 0x7f32374c4134 <unknown>","time":{"start":1725066220021,"stop":1725066220353,"duration":332}},{"uid":"9ae4f846e6cfc2f8","reportUrl":"https://Nat754.github.io/StroyremAutomation/415//#testresult/9ae4f846e6cfc2f8","status":"skipped","statusDetails":"XFAIL\n\nselenium.common.exceptions.NoSuchElementException: Message: no such element: Unable to locate element: {\"method\":\"xpath\",\"selector\":\"(//a[@class='add-to-cart yellow-btn'])[1]\"}\n  (Session info: chrome=128.0.6613.86); For documentation on this error, please visit: https://www.selenium.dev/documentation/webdriver/troubleshooting/errors#no-such-element-exception\nStacktrace:\n#0 0x55a003d218da <unknown>\n#1 0x55a0039efe50 <unknown>\n#2 0x55a003a3f644 <unknown>\n#3 0x55a003a3f931 <unknown>\n#4 0x55a003a85534 <unknown>\n#5 0x55a003a644bd <unknown>\n#6 0x55a003a829c6 <unknown>\n#7 0x55a003a64233 <unknown>\n#8 0x55a003a32093 <unknown>\n#9 0x55a003a3309e <unknown>\n#10 0x55a003ce8b3b <unknown>\n#11 0x55a003cecaf1 <unknown>\n#12 0x55a003cd4705 <unknown>\n#13 0x55a003ced662 <unknown>\n#14 0x55a003cb98df <unknown>\n#15 0x55a003d106d8 <unknown>\n#16 0x55a003d108a2 <unknown>\n#17 0x55a003d206cc <unknown>\n#18 0x7fb39bb7b134 <unknown>","time":{"start":1724979805691,"stop":1724979806230,"duration":539}},{"uid":"f76a8a48fa71582a","reportUrl":"https://Nat754.github.io/StroyremAutomation/414//#testresult/f76a8a48fa71582a","status":"skipped","statusDetails":"XFAIL\n\nselenium.common.exceptions.NoSuchElementException: Message: no such element: Unable to locate element: {\"method\":\"xpath\",\"selector\":\"(//a[@class='add-to-cart yellow-btn'])[1]\"}\n  (Session info: chrome=128.0.6613.86); For documentation on this error, please visit: https://www.selenium.dev/documentation/webdriver/troubleshooting/errors#no-such-element-exception\nStacktrace:\n#0 0x556deb0448da <unknown>\n#1 0x556dead12e50 <unknown>\n#2 0x556dead62644 <unknown>\n#3 0x556dead62931 <unknown>\n#4 0x556deada8534 <unknown>\n#5 0x556dead874bd <unknown>\n#6 0x556deada59c6 <unknown>\n#7 0x556dead87233 <unknown>\n#8 0x556dead55093 <unknown>\n#9 0x556dead5609e <unknown>\n#10 0x556deb00bb3b <unknown>\n#11 0x556deb00faf1 <unknown>\n#12 0x556deaff7705 <unknown>\n#13 0x556deb010662 <unknown>\n#14 0x556deafdc8df <unknown>\n#15 0x556deb0336d8 <unknown>\n#16 0x556deb0338a2 <unknown>\n#17 0x556deb0436cc <unknown>\n#18 0x7f12a243a134 <unknown>","time":{"start":1724893479195,"stop":1724893479835,"duration":640}},{"uid":"c4d6a934a37fb60a","reportUrl":"https://Nat754.github.io/StroyremAutomation/413//#testresult/c4d6a934a37fb60a","status":"skipped","statusDetails":"XFAIL\n\nselenium.common.exceptions.NoSuchElementException: Message: no such element: Unable to locate element: {\"method\":\"xpath\",\"selector\":\"(//a[@class='add-to-cart yellow-btn'])[1]\"}\n  (Session info: chrome=128.0.6613.84); For documentation on this error, please visit: https://www.selenium.dev/documentation/webdriver/troubleshooting/errors#no-such-element-exception\nStacktrace:\n#0 0x55c7959d481a <unknown>\n#1 0x55c7956a2e50 <unknown>\n#2 0x55c7956f2644 <unknown>\n#3 0x55c7956f2931 <unknown>\n#4 0x55c795738534 <unknown>\n#5 0x55c7957174bd <unknown>\n#6 0x55c7957359c6 <unknown>\n#7 0x55c795717233 <unknown>\n#8 0x55c7956e5093 <unknown>\n#9 0x55c7956e609e <unknown>\n#10 0x55c79599ba7b <unknown>\n#11 0x55c79599fa31 <unknown>\n#12 0x55c795987645 <unknown>\n#13 0x55c7959a05a2 <unknown>\n#14 0x55c79596c81f <unknown>\n#15 0x55c7959c3618 <unknown>\n#16 0x55c7959c37e2 <unknown>\n#17 0x55c7959d360c <unknown>\n#18 0x7fe7347e3134 <unknown>","time":{"start":1724806976206,"stop":1724806976619,"duration":413}},{"uid":"4e340d200e35ec3a","reportUrl":"https://Nat754.github.io/StroyremAutomation/412//#testresult/4e340d200e35ec3a","status":"skipped","statusDetails":"XFAIL\n\nselenium.common.exceptions.NoSuchElementException: Message: no such element: Unable to locate element: {\"method\":\"xpath\",\"selector\":\"(//a[@class='add-to-cart yellow-btn'])[1]\"}\n  (Session info: chrome=128.0.6613.84); For documentation on this error, please visit: https://www.selenium.dev/documentation/webdriver/troubleshooting/errors#no-such-element-exception\nStacktrace:\n#0 0x560aee65281a <unknown>\n#1 0x560aee320e50 <unknown>\n#2 0x560aee370644 <unknown>\n#3 0x560aee370931 <unknown>\n#4 0x560aee3b6534 <unknown>\n#5 0x560aee3954bd <unknown>\n#6 0x560aee3b39c6 <unknown>\n#7 0x560aee395233 <unknown>\n#8 0x560aee363093 <unknown>\n#9 0x560aee36409e <unknown>\n#10 0x560aee619a7b <unknown>\n#11 0x560aee61da31 <unknown>\n#12 0x560aee605645 <unknown>\n#13 0x560aee61e5a2 <unknown>\n#14 0x560aee5ea81f <unknown>\n#15 0x560aee641618 <unknown>\n#16 0x560aee6417e2 <unknown>\n#17 0x560aee65160c <unknown>\n#18 0x7ff57fe88134 <unknown>","time":{"start":1724720540028,"stop":1724720540478,"duration":450}},{"uid":"a90f03e5d70f1c12","reportUrl":"https://Nat754.github.io/StroyremAutomation/411//#testresult/a90f03e5d70f1c12","status":"skipped","statusDetails":"XFAIL\n\nselenium.common.exceptions.NoSuchElementException: Message: no such element: Unable to locate element: {\"method\":\"xpath\",\"selector\":\"(//a[@class='add-to-cart yellow-btn'])[1]\"}\n  (Session info: chrome=128.0.6613.84); For documentation on this error, please visit: https://www.selenium.dev/documentation/webdriver/troubleshooting/errors#no-such-element-exception\nStacktrace:\n#0 0x5642e627381a <unknown>\n#1 0x5642e5f41e50 <unknown>\n#2 0x5642e5f91644 <unknown>\n#3 0x5642e5f91931 <unknown>\n#4 0x5642e5fd7534 <unknown>\n#5 0x5642e5fb64bd <unknown>\n#6 0x5642e5fd49c6 <unknown>\n#7 0x5642e5fb6233 <unknown>\n#8 0x5642e5f84093 <unknown>\n#9 0x5642e5f8509e <unknown>\n#10 0x5642e623aa7b <unknown>\n#11 0x5642e623ea31 <unknown>\n#12 0x5642e6226645 <unknown>\n#13 0x5642e623f5a2 <unknown>\n#14 0x5642e620b81f <unknown>\n#15 0x5642e6262618 <unknown>\n#16 0x5642e62627e2 <unknown>\n#17 0x5642e627260c <unknown>\n#18 0x7fe1e143f134 <unknown>","time":{"start":1724634142432,"stop":1724634142877,"duration":445}},{"uid":"fa58569cc159cf10","reportUrl":"https://Nat754.github.io/StroyremAutomation/410//#testresult/fa58569cc159cf10","status":"skipped","statusDetails":"XFAIL\n\nselenium.common.exceptions.NoSuchElementException: Message: no such element: Unable to locate element: {\"method\":\"xpath\",\"selector\":\"(//a[@class='add-to-cart yellow-btn'])[1]\"}\n  (Session info: chrome=128.0.6613.84); For documentation on this error, please visit: https://www.selenium.dev/documentation/webdriver/troubleshooting/errors#no-such-element-exception\nStacktrace:\n#0 0x55dc050e481a <unknown>\n#1 0x55dc04db2e50 <unknown>\n#2 0x55dc04e02644 <unknown>\n#3 0x55dc04e02931 <unknown>\n#4 0x55dc04e48534 <unknown>\n#5 0x55dc04e274bd <unknown>\n#6 0x55dc04e459c6 <unknown>\n#7 0x55dc04e27233 <unknown>\n#8 0x55dc04df5093 <unknown>\n#9 0x55dc04df609e <unknown>\n#10 0x55dc050aba7b <unknown>\n#11 0x55dc050afa31 <unknown>\n#12 0x55dc05097645 <unknown>\n#13 0x55dc050b05a2 <unknown>\n#14 0x55dc0507c81f <unknown>\n#15 0x55dc050d3618 <unknown>\n#16 0x55dc050d37e2 <unknown>\n#17 0x55dc050e360c <unknown>\n#18 0x7fd9026c6134 <unknown>","time":{"start":1724548015564,"stop":1724548016049,"duration":485}},{"uid":"83012edadd5356db","reportUrl":"https://Nat754.github.io/StroyremAutomation/409//#testresult/83012edadd5356db","status":"skipped","statusDetails":"XFAIL\n\nselenium.common.exceptions.NoSuchElementException: Message: no such element: Unable to locate element: {\"method\":\"xpath\",\"selector\":\"(//a[@class='add-to-cart yellow-btn'])[1]\"}\n  (Session info: chrome=128.0.6613.84); For documentation on this error, please visit: https://www.selenium.dev/documentation/webdriver/troubleshooting/errors#no-such-element-exception\nStacktrace:\n#0 0x55a193bbf81a <unknown>\n#1 0x55a19388de50 <unknown>\n#2 0x55a1938dd644 <unknown>\n#3 0x55a1938dd931 <unknown>\n#4 0x55a193923534 <unknown>\n#5 0x55a1939024bd <unknown>\n#6 0x55a1939209c6 <unknown>\n#7 0x55a193902233 <unknown>\n#8 0x55a1938d0093 <unknown>\n#9 0x55a1938d109e <unknown>\n#10 0x55a193b86a7b <unknown>\n#11 0x55a193b8aa31 <unknown>\n#12 0x55a193b72645 <unknown>\n#13 0x55a193b8b5a2 <unknown>\n#14 0x55a193b5781f <unknown>\n#15 0x55a193bae618 <unknown>\n#16 0x55a193bae7e2 <unknown>\n#17 0x55a193bbe60c <unknown>\n#18 0x7fccaa7b3134 <unknown>","time":{"start":1724461247294,"stop":1724461247635,"duration":341}},{"uid":"c895239f9f643c87","reportUrl":"https://Nat754.github.io/StroyremAutomation/407//#testresult/c895239f9f643c87","status":"skipped","statusDetails":"XFAIL\n\nselenium.common.exceptions.NoSuchElementException: Message: no such element: Unable to locate element: {\"method\":\"xpath\",\"selector\":\"(//a[@class='add-to-cart yellow-btn'])[1]\"}\n  (Session info: chrome=128.0.6613.84); For documentation on this error, please visit: https://www.selenium.dev/documentation/webdriver/troubleshooting/errors#no-such-element-exception\nStacktrace:\n#0 0x560f0f4d481a <unknown>\n#1 0x560f0f1a2e50 <unknown>\n#2 0x560f0f1f2644 <unknown>\n#3 0x560f0f1f2931 <unknown>\n#4 0x560f0f238534 <unknown>\n#5 0x560f0f2174bd <unknown>\n#6 0x560f0f2359c6 <unknown>\n#7 0x560f0f217233 <unknown>\n#8 0x560f0f1e5093 <unknown>\n#9 0x560f0f1e609e <unknown>\n#10 0x560f0f49ba7b <unknown>\n#11 0x560f0f49fa31 <unknown>\n#12 0x560f0f487645 <unknown>\n#13 0x560f0f4a05a2 <unknown>\n#14 0x560f0f46c81f <unknown>\n#15 0x560f0f4c3618 <unknown>\n#16 0x560f0f4c37e2 <unknown>\n#17 0x560f0f4d360c <unknown>\n#18 0x7f5d734c0134 <unknown>","time":{"start":1724288563225,"stop":1724288563725,"duration":500}},{"uid":"48d4f0152b10f0f2","reportUrl":"https://Nat754.github.io/StroyremAutomation/406//#testresult/48d4f0152b10f0f2","status":"skipped","statusDetails":"XFAIL\n\nselenium.common.exceptions.NoSuchElementException: Message: no such element: Unable to locate element: {\"method\":\"xpath\",\"selector\":\"(//a[@class='add-to-cart yellow-btn'])[1]\"}\n  (Session info: chrome-headless-shell=127.0.6533.119); For documentation on this error, please visit: https://www.selenium.dev/documentation/webdriver/troubleshooting/errors#no-such-element-exception\nStacktrace:\n#0 0x55b0e30fb6ca <unknown>\n#1 0x55b0e2dcc600 <unknown>\n#2 0x55b0e2e1bbcb <unknown>\n#3 0x55b0e2e1beb1 <unknown>\n#4 0x55b0e2e5fb24 <unknown>\n#5 0x55b0e2e3e8cd <unknown>\n#6 0x55b0e2e5d04a <unknown>\n#7 0x55b0e2e3e643 <unknown>\n#8 0x55b0e2e0ed31 <unknown>\n#9 0x55b0e2e0f79e <unknown>\n#10 0x55b0e30c325b <unknown>\n#11 0x55b0e30c71f2 <unknown>\n#12 0x55b0e30b0615 <unknown>\n#13 0x55b0e30c7d82 <unknown>\n#14 0x55b0e309525f <unknown>\n#15 0x55b0e30eae68 <unknown>\n#16 0x55b0e30eb040 <unknown>\n#17 0x55b0e30fa49c <unknown>\n#18 0x7fb32d551134 <unknown>","time":{"start":1724202128589,"stop":1724202129025,"duration":436}},{"uid":"3816623e4e6e5c71","reportUrl":"https://Nat754.github.io/StroyremAutomation/405//#testresult/3816623e4e6e5c71","status":"skipped","statusDetails":"XFAIL\n\nselenium.common.exceptions.NoSuchElementException: Message: no such element: Unable to locate element: {\"method\":\"xpath\",\"selector\":\"(//a[@class='add-to-cart yellow-btn'])[1]\"}\n  (Session info: chrome-headless-shell=127.0.6533.119); For documentation on this error, please visit: https://www.selenium.dev/documentation/webdriver/troubleshooting/errors#no-such-element-exception\nStacktrace:\n#0 0x562f2c2636ca <unknown>\n#1 0x562f2bf34600 <unknown>\n#2 0x562f2bf83bcb <unknown>\n#3 0x562f2bf83eb1 <unknown>\n#4 0x562f2bfc7b24 <unknown>\n#5 0x562f2bfa68cd <unknown>\n#6 0x562f2bfc504a <unknown>\n#7 0x562f2bfa6643 <unknown>\n#8 0x562f2bf76d31 <unknown>\n#9 0x562f2bf7779e <unknown>\n#10 0x562f2c22b25b <unknown>\n#11 0x562f2c22f1f2 <unknown>\n#12 0x562f2c218615 <unknown>\n#13 0x562f2c22fd82 <unknown>\n#14 0x562f2c1fd25f <unknown>\n#15 0x562f2c252e68 <unknown>\n#16 0x562f2c253040 <unknown>\n#17 0x562f2c26249c <unknown>\n#18 0x7fc2a3ea5134 <unknown>","time":{"start":1724115732231,"stop":1724115732673,"duration":442}},{"uid":"47edccaf61be6b68","reportUrl":"https://Nat754.github.io/StroyremAutomation/404//#testresult/47edccaf61be6b68","status":"skipped","statusDetails":"XFAIL\n\nselenium.common.exceptions.NoSuchElementException: Message: no such element: Unable to locate element: {\"method\":\"xpath\",\"selector\":\"(//a[@class='add-to-cart yellow-btn'])[1]\"}\n  (Session info: chrome-headless-shell=127.0.6533.119); For documentation on this error, please visit: https://www.selenium.dev/documentation/webdriver/troubleshooting/errors#no-such-element-exception\nStacktrace:\n#0 0x560b26ba66ca <unknown>\n#1 0x560b26877600 <unknown>\n#2 0x560b268c6bcb <unknown>\n#3 0x560b268c6eb1 <unknown>\n#4 0x560b2690ab24 <unknown>\n#5 0x560b268e98cd <unknown>\n#6 0x560b2690804a <unknown>\n#7 0x560b268e9643 <unknown>\n#8 0x560b268b9d31 <unknown>\n#9 0x560b268ba79e <unknown>\n#10 0x560b26b6e25b <unknown>\n#11 0x560b26b721f2 <unknown>\n#12 0x560b26b5b615 <unknown>\n#13 0x560b26b72d82 <unknown>\n#14 0x560b26b4025f <unknown>\n#15 0x560b26b95e68 <unknown>\n#16 0x560b26b96040 <unknown>\n#17 0x560b26ba549c <unknown>\n#18 0x7f170d561134 <unknown>","time":{"start":1724029312001,"stop":1724029312416,"duration":415}},{"uid":"34385b6ae7985bf8","reportUrl":"https://Nat754.github.io/StroyremAutomation/403//#testresult/34385b6ae7985bf8","status":"skipped","statusDetails":"XFAIL\n\nselenium.common.exceptions.NoSuchElementException: Message: no such element: Unable to locate element: {\"method\":\"xpath\",\"selector\":\"(//a[@class='add-to-cart yellow-btn'])[1]\"}\n  (Session info: chrome-headless-shell=127.0.6533.119); For documentation on this error, please visit: https://www.selenium.dev/documentation/webdriver/troubleshooting/errors#no-such-element-exception\nStacktrace:\n#0 0x55befec456ca <unknown>\n#1 0x55befe916600 <unknown>\n#2 0x55befe965bcb <unknown>\n#3 0x55befe965eb1 <unknown>\n#4 0x55befe9a9b24 <unknown>\n#5 0x55befe9888cd <unknown>\n#6 0x55befe9a704a <unknown>\n#7 0x55befe988643 <unknown>\n#8 0x55befe958d31 <unknown>\n#9 0x55befe95979e <unknown>\n#10 0x55befec0d25b <unknown>\n#11 0x55befec111f2 <unknown>\n#12 0x55befebfa615 <unknown>\n#13 0x55befec11d82 <unknown>\n#14 0x55befebdf25f <unknown>\n#15 0x55befec34e68 <unknown>\n#16 0x55befec35040 <unknown>\n#17 0x55befec4449c <unknown>\n#18 0x7f5d8fb2d134 <unknown>","time":{"start":1723943117535,"stop":1723943117868,"duration":333}},{"uid":"68f4c6dd5076777b","reportUrl":"https://Nat754.github.io/StroyremAutomation/402//#testresult/68f4c6dd5076777b","status":"skipped","statusDetails":"XFAIL\n\nselenium.common.exceptions.NoSuchElementException: Message: no such element: Unable to locate element: {\"method\":\"xpath\",\"selector\":\"(//a[@class='add-to-cart yellow-btn'])[1]\"}\n  (Session info: chrome-headless-shell=127.0.6533.119); For documentation on this error, please visit: https://www.selenium.dev/documentation/webdriver/troubleshooting/errors#no-such-element-exception\nStacktrace:\n#0 0x55e57fecb6ca <unknown>\n#1 0x55e57fb9c600 <unknown>\n#2 0x55e57fbebbcb <unknown>\n#3 0x55e57fbebeb1 <unknown>\n#4 0x55e57fc2fb24 <unknown>\n#5 0x55e57fc0e8cd <unknown>\n#6 0x55e57fc2d04a <unknown>\n#7 0x55e57fc0e643 <unknown>\n#8 0x55e57fbded31 <unknown>\n#9 0x55e57fbdf79e <unknown>\n#10 0x55e57fe9325b <unknown>\n#11 0x55e57fe971f2 <unknown>\n#12 0x55e57fe80615 <unknown>\n#13 0x55e57fe97d82 <unknown>\n#14 0x55e57fe6525f <unknown>\n#15 0x55e57febae68 <unknown>\n#16 0x55e57febb040 <unknown>\n#17 0x55e57feca49c <unknown>\n#18 0x7f0058610134 <unknown>","time":{"start":1723856362327,"stop":1723856362888,"duration":561}},{"uid":"d7852668a0926976","reportUrl":"https://Nat754.github.io/StroyremAutomation/401//#testresult/d7852668a0926976","status":"skipped","statusDetails":"XFAIL\n\nselenium.common.exceptions.NoSuchElementException: Message: no such element: Unable to locate element: {\"method\":\"xpath\",\"selector\":\"(//a[@class='add-to-cart yellow-btn'])[1]\"}\n  (Session info: chrome-headless-shell=127.0.6533.119); For documentation on this error, please visit: https://www.selenium.dev/documentation/webdriver/troubleshooting/errors#no-such-element-exception\nStacktrace:\n#0 0x5642e7dc36ca <unknown>\n#1 0x5642e7a94600 <unknown>\n#2 0x5642e7ae3bcb <unknown>\n#3 0x5642e7ae3eb1 <unknown>\n#4 0x5642e7b27b24 <unknown>\n#5 0x5642e7b068cd <unknown>\n#6 0x5642e7b2504a <unknown>\n#7 0x5642e7b06643 <unknown>\n#8 0x5642e7ad6d31 <unknown>\n#9 0x5642e7ad779e <unknown>\n#10 0x5642e7d8b25b <unknown>\n#11 0x5642e7d8f1f2 <unknown>\n#12 0x5642e7d78615 <unknown>\n#13 0x5642e7d8fd82 <unknown>\n#14 0x5642e7d5d25f <unknown>\n#15 0x5642e7db2e68 <unknown>\n#16 0x5642e7db3040 <unknown>\n#17 0x5642e7dc249c <unknown>\n#18 0x7f0849120134 <unknown>","time":{"start":1723770070376,"stop":1723770070842,"duration":466}},{"uid":"f668e83824a12b3b","reportUrl":"https://Nat754.github.io/StroyremAutomation/400//#testresult/f668e83824a12b3b","status":"skipped","statusDetails":"XFAIL\n\nselenium.common.exceptions.NoSuchElementException: Message: no such element: Unable to locate element: {\"method\":\"xpath\",\"selector\":\"(//a[@class='add-to-cart yellow-btn'])[1]\"}\n  (Session info: chrome-headless-shell=127.0.6533.119); For documentation on this error, please visit: https://www.selenium.dev/documentation/webdriver/troubleshooting/errors#no-such-element-exception\nStacktrace:\n#0 0x55c10c1ef6ca <unknown>\n#1 0x55c10bec0600 <unknown>\n#2 0x55c10bf0fbcb <unknown>\n#3 0x55c10bf0feb1 <unknown>\n#4 0x55c10bf53b24 <unknown>\n#5 0x55c10bf328cd <unknown>\n#6 0x55c10bf5104a <unknown>\n#7 0x55c10bf32643 <unknown>\n#8 0x55c10bf02d31 <unknown>\n#9 0x55c10bf0379e <unknown>\n#10 0x55c10c1b725b <unknown>\n#11 0x55c10c1bb1f2 <unknown>\n#12 0x55c10c1a4615 <unknown>\n#13 0x55c10c1bbd82 <unknown>\n#14 0x55c10c18925f <unknown>\n#15 0x55c10c1dee68 <unknown>\n#16 0x55c10c1df040 <unknown>\n#17 0x55c10c1ee49c <unknown>\n#18 0x7f55ac1a4134 <unknown>","time":{"start":1723683557479,"stop":1723683557831,"duration":352}}]},"tags":["@pytest.mark.xfail","smoke_test"]},"source":"4e5539794a532021.json","parameterValues":["12500","333","'TD 012'","11990","'products/shtukaturka-gipsovaya-aksolit-m50-30-kg-mashinnogo-naneseniya'","4450","'https://sandboxtest.stroyrem-nn.ru/'","10000"]}