{"uid":"958e0c50570d3d27","name":"test_positive_delivery_green_zone_smoke[TD 010-products/shtukaturka-gipsovaya-aksolit-m50-30-kg-mashinnogo-naneseniya-206-6200-2900-5570-6120-https://sandboxtest.stroyrem-nn.ru/]","fullName":"tests.delivery.test_delivery_calculation.TestDeliveryPageCalculation#test_positive_delivery_green_zone_smoke","historyId":"ece4a4b7d2c766759dd3e80afc1ed9c3","time":{"start":1694207101235,"stop":1694207101783,"duration":548},"status":"skipped","statusMessage":"XFAIL\n\nselenium.common.exceptions.NoSuchElementException: Message: no such element: Unable to locate element: {\"method\":\"xpath\",\"selector\":\"(//a[@class='add-to-cart yellow-btn'])[1]\"}\n  (Session info: headless chrome=116.0.5845.96); For documentation on this error, please visit: https://www.selenium.dev/documentation/webdriver/troubleshooting/errors#no-such-element-exception\nStacktrace:\n#0 0x5566e9f2be23 <unknown>\n#1 0x5566e9c547a7 <unknown>\n#2 0x5566e9c931d3 <unknown>\n#3 0x5566e9c932c1 <unknown>\n#4 0x5566e9ccea04 <unknown>\n#5 0x5566e9cb403d <unknown>\n#6 0x5566e9ccc369 <unknown>\n#7 0x5566e9cb3de3 <unknown>\n#8 0x5566e9c87a7b <unknown>\n#9 0x5566e9c8881e <unknown>\n#10 0x5566e9eed638 <unknown>\n#11 0x5566e9ef1507 <unknown>\n#12 0x5566e9efbc4c <unknown>\n#13 0x5566e9ef2136 <unknown>\n#14 0x5566e9ec09cf <unknown>\n#15 0x5566e9f15b98 <unknown>\n#16 0x5566e9f15d68 <unknown>\n#17 0x5566e9f24cb3 <unknown>\n#18 0x7fe0df661044 <unknown>","statusTrace":"self = <tests.delivery.test_delivery_calculation.TestDeliveryPageCalculation object at 0x7f3c27209990>\ndriver = <selenium.webdriver.chrome.webdriver.WebDriver (session=\"8b4344503a09cd21b1bd9b24a52fb73e\")>\nurl = 'https://sandboxtest.stroyrem-nn.ru/', case_id = 'TD 010'\nlink_item = 'products/shtukaturka-gipsovaya-aksolit-m50-30-kg-mashinnogo-naneseniya'\namount = 206, weight = 6200, standard = 2900, in_time = 5570, all_time = 6120\n\n    @pytest.mark.parametrize('case_id, link_item, amount, weight, standard, in_time, all_time', [\n        (\"TD 001\", uroven_3000, 1, 30, 0, 1590, 2190),\n        (\"TD 002\", bundeks_25, 1, 30, 400, 1590, 2190),\n        (\"TD 003\", aksolit_30, 8, 300, 400, 1590, 2190),\n        (\"TD 004\", aksolit_30, 13, 400, 450, 1590, 2190),\n        (\"TD 005\", aksolit_30, 16, 500, 600, 1590, 2190),\n        (\"TD 006\", aksolit_30, 25, 1700, 990, 1990, 2480),\n        (\"TD 007\", aksolit_30, 66, 2000, 1300, 2490, 2980),\n        (\"TD 008\", aksolit_30, 149, 4500, 2300, 3980, 4490),\n        (\"TD 009\", aksolit_30, 166, 5000, 2500, 4990, 5480),\n        pytest.param(\n            \"TD 010\", aksolit_30, 206, 6200, 2900, 5570, 6120,\n            marks=pytest.mark.xfail(reson=\"Цена доставки 3600 7960 8980\")\n        ),\n        (\"TD 011\", aksolit_30, 299, 9000, 3600, 7960, 8980),\n        (\"TD 012\", aksolit_30, 333, 10000, 4450, 11990, 12500),\n        pytest.param(\n            \"TD 013\", aksolit_30, 366, 11000, 4800, 12450, 13480,\n            marks=pytest.mark.xfail(reason=\"Цена стандартной доставки 4450\")\n        ),\n        pytest.param(\n            \"TD 014\", aksolit_30, 666, 20000, 5400, 15600, 17490,\n            marks=pytest.mark.xfail(reason=\"Цена стандартной доставки 4450\")\n        )\n    ])\n    @pytest.mark.xfail\n    @pytest.mark.smoke\n    def test_positive_delivery_green_zone_smoke(\n            self, driver, url, case_id, link_item, amount, weight, standard, in_time, all_time\n    ):\n    \n        driver.get(f'{url}{link_item}')\n        item_page = ItemPage(driver)\n>       item_page.add_item_to_cart(amount).click_on_cart()\n\ntests/delivery/test_delivery_calculation.py:50: \n_ _ _ _ _ _ _ _ _ _ _ _ _ _ _ _ _ _ _ _ _ _ _ _ _ _ _ _ _ _ _ _ _ _ _ _ _ _ _ _ \npages/item_page.py:40: in add_item_to_cart\n    self.find_element(self._add_item).click()\nbase/seleniumbase.py:17: in find_element\n    return self.driver.find_element(*locator)\n/usr/local/lib/python3.11/site-packages/selenium/webdriver/remote/webdriver.py:738: in find_element\n    return self.execute(Command.FIND_ELEMENT, {\"using\": by, \"value\": value})[\"value\"]\n/usr/local/lib/python3.11/site-packages/selenium/webdriver/remote/webdriver.py:344: in execute\n    self.error_handler.check_response(response)\n_ _ _ _ _ _ _ _ _ _ _ _ _ _ _ _ _ _ _ _ _ _ _ _ _ _ _ _ _ _ _ _ _ _ _ _ _ _ _ _ \n\nself = <selenium.webdriver.remote.errorhandler.ErrorHandler object at 0x7f3c2750c650>\nresponse = {'status': 404, 'value': '{\"value\":{\"error\":\"no such element\",\"message\":\"no such element: Unable to locate element: {\\...\\\\n#16 0x5566e9f15d68 \\\\u003Cunknown>\\\\n#17 0x5566e9f24cb3 \\\\u003Cunknown>\\\\n#18 0x7fe0df661044 \\\\u003Cunknown>\\\\n\"}}'}\n\n    def check_response(self, response: Dict[str, Any]) -> None:\n        \"\"\"Checks that a JSON response from the WebDriver does not have an\n        error.\n    \n        :Args:\n         - response - The JSON response from the WebDriver server as a dictionary\n           object.\n    \n        :Raises: If the response contains an error message.\n        \"\"\"\n        status = response.get(\"status\", None)\n        if not status or status == ErrorCode.SUCCESS:\n            return\n        value = None\n        message = response.get(\"message\", \"\")\n        screen: str = response.get(\"screen\", \"\")\n        stacktrace = None\n        if isinstance(status, int):\n            value_json = response.get(\"value\", None)\n            if value_json and isinstance(value_json, str):\n                import json\n    \n                try:\n                    value = json.loads(value_json)\n                    if len(value) == 1:\n                        value = value[\"value\"]\n                    status = value.get(\"error\", None)\n                    if not status:\n                        status = value.get(\"status\", ErrorCode.UNKNOWN_ERROR)\n                        message = value.get(\"value\") or value.get(\"message\")\n                        if not isinstance(message, str):\n                            value = message\n                            message = message.get(\"message\")\n                    else:\n                        message = value.get(\"message\", None)\n                except ValueError:\n                    pass\n    \n        exception_class: Type[WebDriverException]\n        e = ErrorCode()\n        error_codes = [item for item in dir(e) if not item.startswith(\"__\")]\n        for error_code in error_codes:\n            error_info = getattr(ErrorCode, error_code)\n            if isinstance(error_info, list) and status in error_info:\n                exception_class = getattr(ExceptionMapping, error_code, WebDriverException)\n                break\n        else:\n            exception_class = WebDriverException\n    \n        if not value:\n            value = response[\"value\"]\n        if isinstance(value, str):\n            raise exception_class(value)\n        if message == \"\" and \"message\" in value:\n            message = value[\"message\"]\n    \n        screen = None  # type: ignore[assignment]\n        if \"screen\" in value:\n            screen = value[\"screen\"]\n    \n        stacktrace = None\n        st_value = value.get(\"stackTrace\") or value.get(\"stacktrace\")\n        if st_value:\n            if isinstance(st_value, str):\n                stacktrace = st_value.split(\"\\n\")\n            else:\n                stacktrace = []\n                try:\n                    for frame in st_value:\n                        line = frame.get(\"lineNumber\", \"\")\n                        file = frame.get(\"fileName\", \"<anonymous>\")\n                        if line:\n                            file = f\"{file}:{line}\"\n                        meth = frame.get(\"methodName\", \"<anonymous>\")\n                        if \"className\" in frame:\n                            meth = f\"{frame['className']}.{meth}\"\n                        msg = \"    at %s (%s)\"\n                        msg = msg % (meth, file)\n                        stacktrace.append(msg)\n                except TypeError:\n                    pass\n        if exception_class == UnexpectedAlertPresentException:\n            alert_text = None\n            if \"data\" in value:\n                alert_text = value[\"data\"].get(\"text\")\n            elif \"alert\" in value:\n                alert_text = value[\"alert\"].get(\"text\")\n            raise exception_class(message, screen, stacktrace, alert_text)  # type: ignore[call-arg]  # mypy is not smart enough here\n>       raise exception_class(message, screen, stacktrace)\nE       selenium.common.exceptions.NoSuchElementException: Message: no such element: Unable to locate element: {\"method\":\"xpath\",\"selector\":\"(//a[@class='add-to-cart yellow-btn'])[1]\"}\nE         (Session info: headless chrome=116.0.5845.96); For documentation on this error, please visit: https://www.selenium.dev/documentation/webdriver/troubleshooting/errors#no-such-element-exception\nE       Stacktrace:\nE       #0 0x5566e9f2be23 <unknown>\nE       #1 0x5566e9c547a7 <unknown>\nE       #2 0x5566e9c931d3 <unknown>\nE       #3 0x5566e9c932c1 <unknown>\nE       #4 0x5566e9ccea04 <unknown>\nE       #5 0x5566e9cb403d <unknown>\nE       #6 0x5566e9ccc369 <unknown>\nE       #7 0x5566e9cb3de3 <unknown>\nE       #8 0x5566e9c87a7b <unknown>\nE       #9 0x5566e9c8881e <unknown>\nE       #10 0x5566e9eed638 <unknown>\nE       #11 0x5566e9ef1507 <unknown>\nE       #12 0x5566e9efbc4c <unknown>\nE       #13 0x5566e9ef2136 <unknown>\nE       #14 0x5566e9ec09cf <unknown>\nE       #15 0x5566e9f15b98 <unknown>\nE       #16 0x5566e9f15d68 <unknown>\nE       #17 0x5566e9f24cb3 <unknown>\nE       #18 0x7fe0df661044 <unknown>\n\n/usr/local/lib/python3.11/site-packages/selenium/webdriver/remote/errorhandler.py:229: NoSuchElementException","flaky":false,"newFailed":false,"newBroken":false,"newPassed":false,"retriesCount":0,"retriesStatusChange":false,"beforeStages":[{"name":"_session_faker","time":{"start":1694206646124,"stop":1694206646217,"duration":93},"status":"passed","steps":[],"attachments":[],"parameters":[],"shouldDisplayMessage":false,"stepsCount":0,"attachmentsCount":0,"hasContent":false},{"name":"clear_allure_results_folder","time":{"start":1694206646218,"stop":1694206646218,"duration":0},"status":"passed","steps":[],"attachments":[],"parameters":[],"shouldDisplayMessage":false,"stepsCount":0,"attachmentsCount":0,"hasContent":false},{"name":"driver","time":{"start":1694207100361,"stop":1694207101233,"duration":872},"status":"passed","steps":[],"attachments":[],"parameters":[],"shouldDisplayMessage":false,"stepsCount":0,"attachmentsCount":0,"hasContent":false},{"name":"setup","time":{"start":1694207101233,"stop":1694207101233,"duration":0},"status":"passed","steps":[],"attachments":[],"parameters":[],"shouldDisplayMessage":false,"stepsCount":0,"attachmentsCount":0,"hasContent":false}],"testStage":{"status":"skipped","statusMessage":"XFAIL\n\nselenium.common.exceptions.NoSuchElementException: Message: no such element: Unable to locate element: {\"method\":\"xpath\",\"selector\":\"(//a[@class='add-to-cart yellow-btn'])[1]\"}\n  (Session info: headless chrome=116.0.5845.96); For documentation on this error, please visit: https://www.selenium.dev/documentation/webdriver/troubleshooting/errors#no-such-element-exception\nStacktrace:\n#0 0x5566e9f2be23 <unknown>\n#1 0x5566e9c547a7 <unknown>\n#2 0x5566e9c931d3 <unknown>\n#3 0x5566e9c932c1 <unknown>\n#4 0x5566e9ccea04 <unknown>\n#5 0x5566e9cb403d <unknown>\n#6 0x5566e9ccc369 <unknown>\n#7 0x5566e9cb3de3 <unknown>\n#8 0x5566e9c87a7b <unknown>\n#9 0x5566e9c8881e <unknown>\n#10 0x5566e9eed638 <unknown>\n#11 0x5566e9ef1507 <unknown>\n#12 0x5566e9efbc4c <unknown>\n#13 0x5566e9ef2136 <unknown>\n#14 0x5566e9ec09cf <unknown>\n#15 0x5566e9f15b98 <unknown>\n#16 0x5566e9f15d68 <unknown>\n#17 0x5566e9f24cb3 <unknown>\n#18 0x7fe0df661044 <unknown>","statusTrace":"self = <tests.delivery.test_delivery_calculation.TestDeliveryPageCalculation object at 0x7f3c27209990>\ndriver = <selenium.webdriver.chrome.webdriver.WebDriver (session=\"8b4344503a09cd21b1bd9b24a52fb73e\")>\nurl = 'https://sandboxtest.stroyrem-nn.ru/', case_id = 'TD 010'\nlink_item = 'products/shtukaturka-gipsovaya-aksolit-m50-30-kg-mashinnogo-naneseniya'\namount = 206, weight = 6200, standard = 2900, in_time = 5570, all_time = 6120\n\n    @pytest.mark.parametrize('case_id, link_item, amount, weight, standard, in_time, all_time', [\n        (\"TD 001\", uroven_3000, 1, 30, 0, 1590, 2190),\n        (\"TD 002\", bundeks_25, 1, 30, 400, 1590, 2190),\n        (\"TD 003\", aksolit_30, 8, 300, 400, 1590, 2190),\n        (\"TD 004\", aksolit_30, 13, 400, 450, 1590, 2190),\n        (\"TD 005\", aksolit_30, 16, 500, 600, 1590, 2190),\n        (\"TD 006\", aksolit_30, 25, 1700, 990, 1990, 2480),\n        (\"TD 007\", aksolit_30, 66, 2000, 1300, 2490, 2980),\n        (\"TD 008\", aksolit_30, 149, 4500, 2300, 3980, 4490),\n        (\"TD 009\", aksolit_30, 166, 5000, 2500, 4990, 5480),\n        pytest.param(\n            \"TD 010\", aksolit_30, 206, 6200, 2900, 5570, 6120,\n            marks=pytest.mark.xfail(reson=\"Цена доставки 3600 7960 8980\")\n        ),\n        (\"TD 011\", aksolit_30, 299, 9000, 3600, 7960, 8980),\n        (\"TD 012\", aksolit_30, 333, 10000, 4450, 11990, 12500),\n        pytest.param(\n            \"TD 013\", aksolit_30, 366, 11000, 4800, 12450, 13480,\n            marks=pytest.mark.xfail(reason=\"Цена стандартной доставки 4450\")\n        ),\n        pytest.param(\n            \"TD 014\", aksolit_30, 666, 20000, 5400, 15600, 17490,\n            marks=pytest.mark.xfail(reason=\"Цена стандартной доставки 4450\")\n        )\n    ])\n    @pytest.mark.xfail\n    @pytest.mark.smoke\n    def test_positive_delivery_green_zone_smoke(\n            self, driver, url, case_id, link_item, amount, weight, standard, in_time, all_time\n    ):\n    \n        driver.get(f'{url}{link_item}')\n        item_page = ItemPage(driver)\n>       item_page.add_item_to_cart(amount).click_on_cart()\n\ntests/delivery/test_delivery_calculation.py:50: \n_ _ _ _ _ _ _ _ _ _ _ _ _ _ _ _ _ _ _ _ _ _ _ _ _ _ _ _ _ _ _ _ _ _ _ _ _ _ _ _ \npages/item_page.py:40: in add_item_to_cart\n    self.find_element(self._add_item).click()\nbase/seleniumbase.py:17: in find_element\n    return self.driver.find_element(*locator)\n/usr/local/lib/python3.11/site-packages/selenium/webdriver/remote/webdriver.py:738: in find_element\n    return self.execute(Command.FIND_ELEMENT, {\"using\": by, \"value\": value})[\"value\"]\n/usr/local/lib/python3.11/site-packages/selenium/webdriver/remote/webdriver.py:344: in execute\n    self.error_handler.check_response(response)\n_ _ _ _ _ _ _ _ _ _ _ _ _ _ _ _ _ _ _ _ _ _ _ _ _ _ _ _ _ _ _ _ _ _ _ _ _ _ _ _ \n\nself = <selenium.webdriver.remote.errorhandler.ErrorHandler object at 0x7f3c2750c650>\nresponse = {'status': 404, 'value': '{\"value\":{\"error\":\"no such element\",\"message\":\"no such element: Unable to locate element: {\\...\\\\n#16 0x5566e9f15d68 \\\\u003Cunknown>\\\\n#17 0x5566e9f24cb3 \\\\u003Cunknown>\\\\n#18 0x7fe0df661044 \\\\u003Cunknown>\\\\n\"}}'}\n\n    def check_response(self, response: Dict[str, Any]) -> None:\n        \"\"\"Checks that a JSON response from the WebDriver does not have an\n        error.\n    \n        :Args:\n         - response - The JSON response from the WebDriver server as a dictionary\n           object.\n    \n        :Raises: If the response contains an error message.\n        \"\"\"\n        status = response.get(\"status\", None)\n        if not status or status == ErrorCode.SUCCESS:\n            return\n        value = None\n        message = response.get(\"message\", \"\")\n        screen: str = response.get(\"screen\", \"\")\n        stacktrace = None\n        if isinstance(status, int):\n            value_json = response.get(\"value\", None)\n            if value_json and isinstance(value_json, str):\n                import json\n    \n                try:\n                    value = json.loads(value_json)\n                    if len(value) == 1:\n                        value = value[\"value\"]\n                    status = value.get(\"error\", None)\n                    if not status:\n                        status = value.get(\"status\", ErrorCode.UNKNOWN_ERROR)\n                        message = value.get(\"value\") or value.get(\"message\")\n                        if not isinstance(message, str):\n                            value = message\n                            message = message.get(\"message\")\n                    else:\n                        message = value.get(\"message\", None)\n                except ValueError:\n                    pass\n    \n        exception_class: Type[WebDriverException]\n        e = ErrorCode()\n        error_codes = [item for item in dir(e) if not item.startswith(\"__\")]\n        for error_code in error_codes:\n            error_info = getattr(ErrorCode, error_code)\n            if isinstance(error_info, list) and status in error_info:\n                exception_class = getattr(ExceptionMapping, error_code, WebDriverException)\n                break\n        else:\n            exception_class = WebDriverException\n    \n        if not value:\n            value = response[\"value\"]\n        if isinstance(value, str):\n            raise exception_class(value)\n        if message == \"\" and \"message\" in value:\n            message = value[\"message\"]\n    \n        screen = None  # type: ignore[assignment]\n        if \"screen\" in value:\n            screen = value[\"screen\"]\n    \n        stacktrace = None\n        st_value = value.get(\"stackTrace\") or value.get(\"stacktrace\")\n        if st_value:\n            if isinstance(st_value, str):\n                stacktrace = st_value.split(\"\\n\")\n            else:\n                stacktrace = []\n                try:\n                    for frame in st_value:\n                        line = frame.get(\"lineNumber\", \"\")\n                        file = frame.get(\"fileName\", \"<anonymous>\")\n                        if line:\n                            file = f\"{file}:{line}\"\n                        meth = frame.get(\"methodName\", \"<anonymous>\")\n                        if \"className\" in frame:\n                            meth = f\"{frame['className']}.{meth}\"\n                        msg = \"    at %s (%s)\"\n                        msg = msg % (meth, file)\n                        stacktrace.append(msg)\n                except TypeError:\n                    pass\n        if exception_class == UnexpectedAlertPresentException:\n            alert_text = None\n            if \"data\" in value:\n                alert_text = value[\"data\"].get(\"text\")\n            elif \"alert\" in value:\n                alert_text = value[\"alert\"].get(\"text\")\n            raise exception_class(message, screen, stacktrace, alert_text)  # type: ignore[call-arg]  # mypy is not smart enough here\n>       raise exception_class(message, screen, stacktrace)\nE       selenium.common.exceptions.NoSuchElementException: Message: no such element: Unable to locate element: {\"method\":\"xpath\",\"selector\":\"(//a[@class='add-to-cart yellow-btn'])[1]\"}\nE         (Session info: headless chrome=116.0.5845.96); For documentation on this error, please visit: https://www.selenium.dev/documentation/webdriver/troubleshooting/errors#no-such-element-exception\nE       Stacktrace:\nE       #0 0x5566e9f2be23 <unknown>\nE       #1 0x5566e9c547a7 <unknown>\nE       #2 0x5566e9c931d3 <unknown>\nE       #3 0x5566e9c932c1 <unknown>\nE       #4 0x5566e9ccea04 <unknown>\nE       #5 0x5566e9cb403d <unknown>\nE       #6 0x5566e9ccc369 <unknown>\nE       #7 0x5566e9cb3de3 <unknown>\nE       #8 0x5566e9c87a7b <unknown>\nE       #9 0x5566e9c8881e <unknown>\nE       #10 0x5566e9eed638 <unknown>\nE       #11 0x5566e9ef1507 <unknown>\nE       #12 0x5566e9efbc4c <unknown>\nE       #13 0x5566e9ef2136 <unknown>\nE       #14 0x5566e9ec09cf <unknown>\nE       #15 0x5566e9f15b98 <unknown>\nE       #16 0x5566e9f15d68 <unknown>\nE       #17 0x5566e9f24cb3 <unknown>\nE       #18 0x7fe0df661044 <unknown>\n\n/usr/local/lib/python3.11/site-packages/selenium/webdriver/remote/errorhandler.py:229: NoSuchElementException","steps":[{"name":"Добавляем товар в корзину в количестве 206","time":{"start":1694207101761,"stop":1694207101783,"duration":22},"status":"broken","statusMessage":"selenium.common.exceptions.NoSuchElementException: Message: no such element: Unable to locate element: {\"method\":\"xpath\",\"selector\":\"(//a[@class='add-to-cart yellow-btn'])[1]\"}\n  (Session info: headless chrome=116.0.5845.96); For documentation on this error, please visit: https://www.selenium.dev/documentation/webdriver/troubleshooting/errors#no-such-element-exception\nStacktrace:\n#0 0x5566e9f2be23 <unknown>\n#1 0x5566e9c547a7 <unknown>\n#2 0x5566e9c931d3 <unknown>\n#3 0x5566e9c932c1 <unknown>\n#4 0x5566e9ccea04 <unknown>\n#5 0x5566e9cb403d <unknown>\n#6 0x5566e9ccc369 <unknown>\n#7 0x5566e9cb3de3 <unknown>\n#8 0x5566e9c87a7b <unknown>\n#9 0x5566e9c8881e <unknown>\n#10 0x5566e9eed638 <unknown>\n#11 0x5566e9ef1507 <unknown>\n#12 0x5566e9efbc4c <unknown>\n#13 0x5566e9ef2136 <unknown>\n#14 0x5566e9ec09cf <unknown>\n#15 0x5566e9f15b98 <unknown>\n#16 0x5566e9f15d68 <unknown>\n#17 0x5566e9f24cb3 <unknown>\n#18 0x7fe0df661044 <unknown>\n\n","statusTrace":"  File \"/usr/local/lib/python3.11/site-packages/allure_commons/_allure.py\", line 192, in impl\n    return func(*a, **kw)\n           ^^^^^^^^^^^^^^\n  File \"/app/pages/item_page.py\", line 40, in add_item_to_cart\n    self.find_element(self._add_item).click()\n    ^^^^^^^^^^^^^^^^^^^^^^^^^^^^^^^^^\n  File \"/app/base/seleniumbase.py\", line 17, in find_element\n    return self.driver.find_element(*locator)\n           ^^^^^^^^^^^^^^^^^^^^^^^^^^^^^^^^^^\n  File \"/usr/local/lib/python3.11/site-packages/selenium/webdriver/remote/webdriver.py\", line 738, in find_element\n    return self.execute(Command.FIND_ELEMENT, {\"using\": by, \"value\": value})[\"value\"]\n           ^^^^^^^^^^^^^^^^^^^^^^^^^^^^^^^^^^^^^^^^^^^^^^^^^^^^^^^^^^^^^^^^^\n  File \"/usr/local/lib/python3.11/site-packages/selenium/webdriver/remote/webdriver.py\", line 344, in execute\n    self.error_handler.check_response(response)\n  File \"/usr/local/lib/python3.11/site-packages/selenium/webdriver/remote/errorhandler.py\", line 229, in check_response\n    raise exception_class(message, screen, stacktrace)\n","steps":[],"attachments":[],"parameters":[{"name":"amount","value":"206"}],"shouldDisplayMessage":true,"stepsCount":0,"attachmentsCount":0,"hasContent":true}],"attachments":[{"uid":"4564640a1700d61f","name":"Screenshot","source":"4564640a1700d61f.png","type":"image/png","size":39917},{"uid":"4bafba8298139ee5","name":"HTML source","source":"4bafba8298139ee5.html","type":"text/html","size":544}],"parameters":[],"shouldDisplayMessage":true,"stepsCount":1,"attachmentsCount":2,"hasContent":true},"afterStages":[{"name":"setup::0","time":{"start":1694207101959,"stop":1694207101959,"duration":0},"status":"passed","steps":[],"attachments":[],"parameters":[],"shouldDisplayMessage":false,"stepsCount":0,"attachmentsCount":0,"hasContent":false},{"name":"driver::0","time":{"start":1694207101959,"stop":1694207102018,"duration":59},"status":"passed","steps":[],"attachments":[],"parameters":[],"shouldDisplayMessage":false,"stepsCount":0,"attachmentsCount":0,"hasContent":false}],"labels":[{"name":"epic","value":"Delivery Page - calculation"},{"name":"tag","value":"smoke"},{"name":"tag","value":"@pytest.mark.xfail"},{"name":"parentSuite","value":"tests.delivery"},{"name":"suite","value":"test_delivery_calculation"},{"name":"subSuite","value":"TestDeliveryPageCalculation"},{"name":"host","value":"4a78569c043f"},{"name":"thread","value":"1-MainThread"},{"name":"framework","value":"pytest"},{"name":"language","value":"cpython3"},{"name":"package","value":"tests.delivery.test_delivery_calculation"},{"name":"resultFormat","value":"allure2"}],"parameters":[{"name":"all_time","value":"6120"},{"name":"amount","value":"206"},{"name":"case_id","value":"'TD 010'"},{"name":"in_time","value":"5570"},{"name":"link_item","value":"'products/shtukaturka-gipsovaya-aksolit-m50-30-kg-mashinnogo-naneseniya'"},{"name":"standard","value":"2900"},{"name":"url","value":"'https://sandboxtest.stroyrem-nn.ru/'"},{"name":"weight","value":"6200"}],"links":[],"hidden":false,"retry":false,"extra":{"severity":"normal","retries":[],"categories":[],"history":{"statistic":{"failed":0,"broken":0,"skipped":14,"passed":0,"unknown":0,"total":14},"items":[{"uid":"cb639919d17ed0f4","reportUrl":"https://Nat754.github.io/StroyremAutomation/53//#testresult/cb639919d17ed0f4","status":"skipped","statusDetails":"XFAIL\n\nselenium.common.exceptions.NoSuchElementException: Message: no such element: Unable to locate element: {\"method\":\"xpath\",\"selector\":\"(//a[@class='add-to-cart yellow-btn'])[1]\"}\n  (Session info: headless chrome=116.0.5845.96); For documentation on this error, please visit: https://www.selenium.dev/documentation/webdriver/troubleshooting/errors#no-such-element-exception\nStacktrace:\n#0 0x55c41b636e23 <unknown>\n#1 0x55c41b35f7a7 <unknown>\n#2 0x55c41b39e1d3 <unknown>\n#3 0x55c41b39e2c1 <unknown>\n#4 0x55c41b3d9a04 <unknown>\n#5 0x55c41b3bf03d <unknown>\n#6 0x55c41b3d7369 <unknown>\n#7 0x55c41b3bede3 <unknown>\n#8 0x55c41b392a7b <unknown>\n#9 0x55c41b39381e <unknown>\n#10 0x55c41b5f8638 <unknown>\n#11 0x55c41b5fc507 <unknown>\n#12 0x55c41b606c4c <unknown>\n#13 0x55c41b5fd136 <unknown>\n#14 0x55c41b5cb9cf <unknown>\n#15 0x55c41b620b98 <unknown>\n#16 0x55c41b620d68 <unknown>\n#17 0x55c41b62fcb3 <unknown>\n#18 0x7f00df4df044 <unknown>","time":{"start":1694198937224,"stop":1694198937654,"duration":430}},{"uid":"c252447818462704","reportUrl":"https://Nat754.github.io/StroyremAutomation/4//#testresult/c252447818462704","status":"skipped","statusDetails":"XFAIL\n\nselenium.common.exceptions.NoSuchElementException: Message: no such element: Unable to locate element: {\"method\":\"xpath\",\"selector\":\"(//a[@class='add-to-cart yellow-btn'])[1]\"}\n  (Session info: headless chrome=116.0.5845.96); For documentation on this error, please visit: https://www.selenium.dev/documentation/webdriver/troubleshooting/errors#no-such-element-exception\nStacktrace:\n#0 0x55fe5a7cee23 <unknown>\n#1 0x55fe5a4f77a7 <unknown>\n#2 0x55fe5a5361d3 <unknown>\n#3 0x55fe5a5362c1 <unknown>\n#4 0x55fe5a571a04 <unknown>\n#5 0x55fe5a55703d <unknown>\n#6 0x55fe5a56f369 <unknown>\n#7 0x55fe5a556de3 <unknown>\n#8 0x55fe5a52aa7b <unknown>\n#9 0x55fe5a52b81e <unknown>\n#10 0x55fe5a790638 <unknown>\n#11 0x55fe5a794507 <unknown>\n#12 0x55fe5a79ec4c <unknown>\n#13 0x55fe5a795136 <unknown>\n#14 0x55fe5a7639cf <unknown>\n#15 0x55fe5a7b8b98 <unknown>\n#16 0x55fe5a7b8d68 <unknown>\n#17 0x55fe5a7c7cb3 <unknown>\n#18 0x7f2bbfa30044 <unknown>","time":{"start":1694183574684,"stop":1694183575096,"duration":412}},{"uid":"88dba571669b1769","reportUrl":"https://Nat754.github.io/StroyremAutomation/52//#testresult/88dba571669b1769","status":"skipped","statusDetails":"XFAIL\n\nselenium.common.exceptions.NoSuchElementException: Message: no such element: Unable to locate element: {\"method\":\"xpath\",\"selector\":\"(//a[@class='add-to-cart yellow-btn'])[1]\"}\n  (Session info: headless chrome=116.0.5845.96); For documentation on this error, please visit: https://www.selenium.dev/documentation/webdriver/troubleshooting/errors#no-such-element-exception\nStacktrace:\n#0 0x560e0fe70e23 <unknown>\n#1 0x560e0fb997a7 <unknown>\n#2 0x560e0fbd81d3 <unknown>\n#3 0x560e0fbd82c1 <unknown>\n#4 0x560e0fc13a04 <unknown>\n#5 0x560e0fbf903d <unknown>\n#6 0x560e0fc11369 <unknown>\n#7 0x560e0fbf8de3 <unknown>\n#8 0x560e0fbcca7b <unknown>\n#9 0x560e0fbcd81e <unknown>\n#10 0x560e0fe32638 <unknown>\n#11 0x560e0fe36507 <unknown>\n#12 0x560e0fe40c4c <unknown>\n#13 0x560e0fe37136 <unknown>\n#14 0x560e0fe059cf <unknown>\n#15 0x560e0fe5ab98 <unknown>\n#16 0x560e0fe5ad68 <unknown>\n#17 0x560e0fe69cb3 <unknown>\n#18 0x7f167bcb2044 <unknown>","time":{"start":1694134631746,"stop":1694134632297,"duration":551}},{"uid":"ea6442d10988e724","reportUrl":"https://Nat754.github.io/StroyremAutomation/51//#testresult/ea6442d10988e724","status":"skipped","statusDetails":"XFAIL\n\nselenium.common.exceptions.NoSuchElementException: Message: no such element: Unable to locate element: {\"method\":\"xpath\",\"selector\":\"(//a[@class='add-to-cart yellow-btn'])[1]\"}\n  (Session info: headless chrome=116.0.5845.96); For documentation on this error, please visit: https://www.selenium.dev/documentation/webdriver/troubleshooting/errors#no-such-element-exception\nStacktrace:\n#0 0x55eae62dee23 <unknown>\n#1 0x55eae60077a7 <unknown>\n#2 0x55eae60461d3 <unknown>\n#3 0x55eae60462c1 <unknown>\n#4 0x55eae6081a04 <unknown>\n#5 0x55eae606703d <unknown>\n#6 0x55eae607f369 <unknown>\n#7 0x55eae6066de3 <unknown>\n#8 0x55eae603aa7b <unknown>\n#9 0x55eae603b81e <unknown>\n#10 0x55eae62a0638 <unknown>\n#11 0x55eae62a4507 <unknown>\n#12 0x55eae62aec4c <unknown>\n#13 0x55eae62a5136 <unknown>\n#14 0x55eae62739cf <unknown>\n#15 0x55eae62c8b98 <unknown>\n#16 0x55eae62c8d68 <unknown>\n#17 0x55eae62d7cb3 <unknown>\n#18 0x7fb0ff34c044 <unknown>","time":{"start":1694048072272,"stop":1694048072708,"duration":436}},{"uid":"5a926a64588b0d59","reportUrl":"https://Nat754.github.io/StroyremAutomation/50//#testresult/5a926a64588b0d59","status":"skipped","statusDetails":"XFAIL\n\nselenium.common.exceptions.ElementNotInteractableException: Message: element not interactable\n  (Session info: headless chrome=116.0.5845.96)\nStacktrace:\n#0 0x557c033b8e23 <unknown>\n#1 0x557c030e15f6 <unknown>\n#2 0x557c03117c5d <unknown>\n#3 0x557c03141012 <unknown>\n#4 0x557c03115fb6 <unknown>\n#5 0x557c031411de <unknown>\n#6 0x557c03159369 <unknown>\n#7 0x557c03140de3 <unknown>\n#8 0x557c03114a7b <unknown>\n#9 0x557c0311581e <unknown>\n#10 0x557c0337a638 <unknown>\n#11 0x557c0337e507 <unknown>\n#12 0x557c03388c4c <unknown>\n#13 0x557c0337f136 <unknown>\n#14 0x557c0334d9cf <unknown>\n#15 0x557c033a2b98 <unknown>\n#16 0x557c033a2d68 <unknown>\n#17 0x557c033b1cb3 <unknown>\n#18 0x7f6b400c3044 <unknown>","time":{"start":1693961942085,"stop":1693961948411,"duration":6326}},{"uid":"d884ff3e9402e68b","reportUrl":"https://Nat754.github.io/StroyremAutomation/49//#testresult/d884ff3e9402e68b","status":"skipped","statusDetails":"XFAIL\n\nselenium.common.exceptions.NoSuchElementException: Message: no such element: Unable to locate element: {\"method\":\"xpath\",\"selector\":\"(//a[@class='add-to-cart yellow-btn'])[1]\"}\n  (Session info: headless chrome=116.0.5845.96); For documentation on this error, please visit: https://www.selenium.dev/documentation/webdriver/troubleshooting/errors#no-such-element-exception\nStacktrace:\n#0 0x56500a2ede23 <unknown>\n#1 0x56500a0167a7 <unknown>\n#2 0x56500a0551d3 <unknown>\n#3 0x56500a0552c1 <unknown>\n#4 0x56500a090a04 <unknown>\n#5 0x56500a07603d <unknown>\n#6 0x56500a08e369 <unknown>\n#7 0x56500a075de3 <unknown>\n#8 0x56500a049a7b <unknown>\n#9 0x56500a04a81e <unknown>\n#10 0x56500a2af638 <unknown>\n#11 0x56500a2b3507 <unknown>\n#12 0x56500a2bdc4c <unknown>\n#13 0x56500a2b4136 <unknown>\n#14 0x56500a2829cf <unknown>\n#15 0x56500a2d7b98 <unknown>\n#16 0x56500a2d7d68 <unknown>\n#17 0x56500a2e6cb3 <unknown>\n#18 0x7f780524c044 <unknown>","time":{"start":1693875243864,"stop":1693875244546,"duration":682}},{"uid":"f8b6c0f92f080bb3","reportUrl":"https://Nat754.github.io/StroyremAutomation/48//#testresult/f8b6c0f92f080bb3","status":"skipped","statusDetails":"XFAIL\n\nselenium.common.exceptions.ElementNotInteractableException: Message: element not interactable\n  (Session info: headless chrome=116.0.5845.96)\nStacktrace:\n#0 0x559413b76e23 <unknown>\n#1 0x55941389f5f6 <unknown>\n#2 0x5594138d5c5d <unknown>\n#3 0x5594138ff012 <unknown>\n#4 0x5594138d3fb6 <unknown>\n#5 0x5594138ff1de <unknown>\n#6 0x559413917369 <unknown>\n#7 0x5594138fede3 <unknown>\n#8 0x5594138d2a7b <unknown>\n#9 0x5594138d381e <unknown>\n#10 0x559413b38638 <unknown>\n#11 0x559413b3c507 <unknown>\n#12 0x559413b46c4c <unknown>\n#13 0x559413b3d136 <unknown>\n#14 0x559413b0b9cf <unknown>\n#15 0x559413b60b98 <unknown>\n#16 0x559413b60d68 <unknown>\n#17 0x559413b6fcb3 <unknown>\n#18 0x7f10e15ad044 <unknown>","time":{"start":1693789134322,"stop":1693789140455,"duration":6133}},{"uid":"95d980813baf1928","reportUrl":"https://Nat754.github.io/StroyremAutomation/3//#testresult/95d980813baf1928","status":"skipped","statusDetails":"XFAIL\n\nselenium.common.exceptions.ElementNotInteractableException: Message: element not interactable\n  (Session info: headless chrome=116.0.5845.96)\nStacktrace:\n#0 0x5600a97c3e23 <unknown>\n#1 0x5600a94ec5f6 <unknown>\n#2 0x5600a9522c5d <unknown>\n#3 0x5600a954c012 <unknown>\n#4 0x5600a9520fb6 <unknown>\n#5 0x5600a954c1de <unknown>\n#6 0x5600a9564369 <unknown>\n#7 0x5600a954bde3 <unknown>\n#8 0x5600a951fa7b <unknown>\n#9 0x5600a952081e <unknown>\n#10 0x5600a9785638 <unknown>\n#11 0x5600a9789507 <unknown>\n#12 0x5600a9793c4c <unknown>\n#13 0x5600a978a136 <unknown>\n#14 0x5600a97589cf <unknown>\n#15 0x5600a97adb98 <unknown>\n#16 0x5600a97add68 <unknown>\n#17 0x5600a97bccb3 <unknown>\n#18 0x7f3210d8f044 <unknown>","time":{"start":1693730156025,"stop":1693730160409,"duration":4384}},{"uid":"1a684daba8da6c62","reportUrl":"https://Nat754.github.io/StroyremAutomation/47//#testresult/1a684daba8da6c62","status":"skipped","statusDetails":"XFAIL\n\nselenium.common.exceptions.ElementNotInteractableException: Message: element not interactable\n  (Session info: headless chrome=116.0.5845.96)\nStacktrace:\n#0 0x55e7c89f3e23 <unknown>\n#1 0x55e7c871c5f6 <unknown>\n#2 0x55e7c8752c5d <unknown>\n#3 0x55e7c877c012 <unknown>\n#4 0x55e7c8750fb6 <unknown>\n#5 0x55e7c877c1de <unknown>\n#6 0x55e7c8794369 <unknown>\n#7 0x55e7c877bde3 <unknown>\n#8 0x55e7c874fa7b <unknown>\n#9 0x55e7c875081e <unknown>\n#10 0x55e7c89b5638 <unknown>\n#11 0x55e7c89b9507 <unknown>\n#12 0x55e7c89c3c4c <unknown>\n#13 0x55e7c89ba136 <unknown>\n#14 0x55e7c89889cf <unknown>\n#15 0x55e7c89ddb98 <unknown>\n#16 0x55e7c89ddd68 <unknown>\n#17 0x55e7c89eccb3 <unknown>\n#18 0x7f0589730044 <unknown>","time":{"start":1693730635752,"stop":1693730641317,"duration":5565}},{"uid":"b3142e4e4c7835c3","reportUrl":"https://Nat754.github.io/StroyremAutomation/47//#testresult/b3142e4e4c7835c3","status":"skipped","statusDetails":"XFAIL\n\nselenium.common.exceptions.ElementNotInteractableException: Message: element not interactable\n  (Session info: headless chrome=116.0.5845.96)\nStacktrace:\n#0 0x559050b09e23 <unknown>\n#1 0x5590508325f6 <unknown>\n#2 0x559050868c5d <unknown>\n#3 0x559050892012 <unknown>\n#4 0x559050866fb6 <unknown>\n#5 0x5590508921de <unknown>\n#6 0x5590508aa369 <unknown>\n#7 0x559050891de3 <unknown>\n#8 0x559050865a7b <unknown>\n#9 0x55905086681e <unknown>\n#10 0x559050acb638 <unknown>\n#11 0x559050acf507 <unknown>\n#12 0x559050ad9c4c <unknown>\n#13 0x559050ad0136 <unknown>\n#14 0x559050a9e9cf <unknown>\n#15 0x559050af3b98 <unknown>\n#16 0x559050af3d68 <unknown>\n#17 0x559050b02cb3 <unknown>\n#18 0x7f64228de044 <unknown>","time":{"start":1693702932525,"stop":1693702939439,"duration":6914}},{"uid":"c9b5eae1f72d9af3","reportUrl":"https://Nat754.github.io/StroyremAutomation/46//#testresult/c9b5eae1f72d9af3","status":"skipped","statusDetails":"XFAIL\n\nselenium.common.exceptions.WebDriverException: Message: unknown error: net::ERR_CONNECTION_REFUSED\n  (Session info: headless chrome=116.0.5845.96)\nStacktrace:\n#0 0x5607d1784e23 <unknown>\n#1 0x5607d14ad7a7 <unknown>\n#2 0x5607d14a5829 <unknown>\n#3 0x5607d14952c2 <unknown>\n#4 0x5607d14969fb <unknown>\n#5 0x5607d149569d <unknown>\n#6 0x5607d149465c <unknown>\n#7 0x5607d14945ce <unknown>\n#8 0x5607d149328a <unknown>\n#9 0x5607d14936da <unknown>\n#10 0x5607d14af630 <unknown>\n#11 0x5607d1525b15 <unknown>\n#12 0x5607d150d012 <unknown>\n#13 0x5607d1525369 <unknown>\n#14 0x5607d150cde3 <unknown>\n#15 0x5607d14e0a7b <unknown>\n#16 0x5607d14e181e <unknown>\n#17 0x5607d1746638 <unknown>\n#18 0x5607d174a507 <unknown>\n#19 0x5607d1754c4c <unknown>\n#20 0x5607d174b136 <unknown>\n#21 0x5607d17199cf <unknown>\n#22 0x5607d176eb98 <unknown>\n#23 0x5607d176ed68 <unknown>\n#24 0x5607d177dcb3 <unknown>\n#25 0x7f1a076b0044 <unknown>","time":{"start":1693616199538,"stop":1693616199802,"duration":264}},{"uid":"c7192a9088719d56","reportUrl":"https://Nat754.github.io/StroyremAutomation/45//#testresult/c7192a9088719d56","status":"skipped","statusDetails":"XFAIL\n\nselenium.common.exceptions.WebDriverException: Message: unknown error: net::ERR_CONNECTION_REFUSED\n  (Session info: headless chrome=116.0.5845.96)\nStacktrace:\n#0 0x55d9921d6e23 <unknown>\n#1 0x55d991eff7a7 <unknown>\n#2 0x55d991ef7829 <unknown>\n#3 0x55d991ee72c2 <unknown>\n#4 0x55d991ee89fb <unknown>\n#5 0x55d991ee769d <unknown>\n#6 0x55d991ee665c <unknown>\n#7 0x55d991ee65ce <unknown>\n#8 0x55d991ee528a <unknown>\n#9 0x55d991ee56da <unknown>\n#10 0x55d991f01630 <unknown>\n#11 0x55d991f77b15 <unknown>\n#12 0x55d991f5f012 <unknown>\n#13 0x55d991f77369 <unknown>\n#14 0x55d991f5ede3 <unknown>\n#15 0x55d991f32a7b <unknown>\n#16 0x55d991f3381e <unknown>\n#17 0x55d992198638 <unknown>\n#18 0x55d99219c507 <unknown>\n#19 0x55d9921a6c4c <unknown>\n#20 0x55d99219d136 <unknown>\n#21 0x55d99216b9cf <unknown>\n#22 0x55d9921c0b98 <unknown>\n#23 0x55d9921c0d68 <unknown>\n#24 0x55d9921cfcb3 <unknown>\n#25 0x7f641a8c2044 <unknown>","time":{"start":1693530121540,"stop":1693530124029,"duration":2489}},{"uid":"863a34299cf81153","reportUrl":"https://Nat754.github.io/StroyremAutomation/2//#testresult/863a34299cf81153","status":"skipped","statusDetails":"XFAIL\n\nselenium.common.exceptions.NoSuchElementException: Message: no such element: Unable to locate element: {\"method\":\"xpath\",\"selector\":\"(//a[@class='add-to-cart yellow-btn'])[1]\"}\n  (Session info: headless chrome=116.0.5845.96); For documentation on this error, please visit: https://www.selenium.dev/documentation/webdriver/troubleshooting/errors#no-such-element-exception\nStacktrace:\n#0 0x55dd3833de23 <unknown>\n#1 0x55dd380667a7 <unknown>\n#2 0x55dd380a51d3 <unknown>\n#3 0x55dd380a52c1 <unknown>\n#4 0x55dd380e0a04 <unknown>\n#5 0x55dd380c603d <unknown>\n#6 0x55dd380de369 <unknown>\n#7 0x55dd380c5de3 <unknown>\n#8 0x55dd38099a7b <unknown>\n#9 0x55dd3809a81e <unknown>\n#10 0x55dd382ff638 <unknown>\n#11 0x55dd38303507 <unknown>\n#12 0x55dd3830dc4c <unknown>\n#13 0x55dd38304136 <unknown>\n#14 0x55dd382d29cf <unknown>\n#15 0x55dd38327b98 <unknown>\n#16 0x55dd38327d68 <unknown>\n#17 0x55dd38336cb3 <unknown>\n#18 0x7fd20157e044 <unknown>","time":{"start":1693476169884,"stop":1693476170497,"duration":613}}]},"tags":["@pytest.mark.xfail","smoke"]},"source":"958e0c50570d3d27.json","parameterValues":["6120","206","'TD 010'","5570","'products/shtukaturka-gipsovaya-aksolit-m50-30-kg-mashinnogo-naneseniya'","2900","'https://sandboxtest.stroyrem-nn.ru/'","6200"]}