{"uid":"f949ab11bb7a4c66","name":"test_positive_delivery_green_zone_smoke[TD 001-products/uroven---uglomer-elektronnyj-kapro-992-1-30-0-1590-2190-https://sandboxtest.stroyrem-nn.ru/]","fullName":"tests.delivery.test_delivery_calculation.TestDeliveryPageCalculation#test_positive_delivery_green_zone_smoke","historyId":"7d50f9d85ab9724fc9bef1ba931d63a5","time":{"start":1713228720173,"stop":1713228720584,"duration":411},"status":"skipped","statusMessage":"XFAIL\n\nselenium.common.exceptions.NoSuchElementException: Message: no such element: Unable to locate element: {\"method\":\"xpath\",\"selector\":\"(//a[@class='add-to-cart yellow-btn'])[1]\"}\n  (Session info: chrome-headless-shell=123.0.6312.122); For documentation on this error, please visit: https://www.selenium.dev/documentation/webdriver/troubleshooting/errors#no-such-element-exception\nStacktrace:\n#0 0x555a382c4863 <unknown>\n#1 0x555a37fba8c6 <unknown>\n#2 0x555a38005618 <unknown>\n#3 0x555a380056d1 <unknown>\n#4 0x555a38048744 <unknown>\n#5 0x555a380275cd <unknown>\n#6 0x555a38045c19 <unknown>\n#7 0x555a38027343 <unknown>\n#8 0x555a37ff8593 <unknown>\n#9 0x555a37ff8f5e <unknown>\n#10 0x555a3828884b <unknown>\n#11 0x555a3828c7a5 <unknown>\n#12 0x555a38276571 <unknown>\n#13 0x555a3828d332 <unknown>\n#14 0x555a3825b87f <unknown>\n#15 0x555a382b3728 <unknown>\n#16 0x555a382b38fb <unknown>\n#17 0x555a382c39b4 <unknown>\n#18 0x7fa4f3c52134 <unknown>","statusTrace":"self = <tests.delivery.test_delivery_calculation.TestDeliveryPageCalculation object at 0x7fd2c7025a50>\ndriver = <selenium.webdriver.chrome.webdriver.WebDriver (session=\"6106c32a5ceba6a5f13fab609f5e62b9\")>\nurl = 'https://sandboxtest.stroyrem-nn.ru/', case_id = 'TD 001'\nlink_item = 'products/uroven---uglomer-elektronnyj-kapro-992', amount = 1\nweight = 30, standard = 0, in_time = 1590, all_time = 2190\n\n    @pytest.mark.parametrize('case_id, link_item, amount, weight, standard, in_time, all_time', [\n        (\"TD 001\", uroven_3000, 1, 30, 0, 1590, 2190),\n        (\"TD 002\", bundeks_25, 1, 30, 400, 1590, 2190),\n        (\"TD 003\", aksolit_30, 8, 300, 400, 1590, 2190),\n        (\"TD 004\", aksolit_30, 13, 400, 450, 1590, 2190),\n        (\"TD 005\", aksolit_30, 16, 500, 600, 1590, 2190),\n        (\"TD 006\", aksolit_30, 25, 1700, 990, 1990, 2480),\n        (\"TD 007\", aksolit_30, 66, 2000, 1300, 2490, 2980),\n        (\"TD 008\", aksolit_30, 149, 4500, 2300, 3980, 4490),\n        (\"TD 009\", aksolit_30, 166, 5000, 2500, 4990, 5480),\n        pytest.param(\n            \"TD 010\", aksolit_30, 206, 6200, 2900, 5570, 6120,\n            marks=pytest.mark.xfail(reson=\"Цена доставки 3600 7960 8980\")\n        ),\n        (\"TD 011\", aksolit_30, 299, 9000, 3600, 7960, 8980),\n        (\"TD 012\", aksolit_30, 333, 10000, 4450, 11990, 12500),\n        pytest.param(\n            \"TD 013\", aksolit_30, 366, 11000, 4800, 12450, 13480,\n            marks=pytest.mark.xfail(reason=\"Цена стандартной доставки 4450\")\n        ),\n        pytest.param(\n            \"TD 014\", aksolit_30, 666, 20000, 5400, 15600, 17490,\n            marks=pytest.mark.xfail(reason=\"Цена стандартной доставки 4450\")\n        )\n    ])\n    @pytest.mark.xfail\n    @pytest.mark.smoke_test\n    def test_positive_delivery_green_zone_smoke(\n            self, driver, url, case_id, link_item, amount, weight, standard, in_time, all_time\n    ):\n    \n        driver.get(f'{url}{link_item}')\n        item_page = ItemPage(driver)\n>       item_page.add_item_to_cart(amount).click_on_cart()\n\ntests/delivery/test_delivery_calculation.py:50: \n_ _ _ _ _ _ _ _ _ _ _ _ _ _ _ _ _ _ _ _ _ _ _ _ _ _ _ _ _ _ _ _ _ _ _ _ _ _ _ _ \npages/item_page.py:40: in add_item_to_cart\n    self.find_element(self._add_item).click()\nbase/seleniumbase.py:17: in find_element\n    return self.driver.find_element(*locator)\n/usr/local/lib/python3.11/site-packages/selenium/webdriver/remote/webdriver.py:739: in find_element\n    return self.execute(Command.FIND_ELEMENT, {\"using\": by, \"value\": value})[\"value\"]\n/usr/local/lib/python3.11/site-packages/selenium/webdriver/remote/webdriver.py:345: in execute\n    self.error_handler.check_response(response)\n_ _ _ _ _ _ _ _ _ _ _ _ _ _ _ _ _ _ _ _ _ _ _ _ _ _ _ _ _ _ _ _ _ _ _ _ _ _ _ _ \n\nself = <selenium.webdriver.remote.errorhandler.ErrorHandler object at 0x7fd2c6b5ad10>\nresponse = {'status': 404, 'value': '{\"value\":{\"error\":\"no such element\",\"message\":\"no such element: Unable to locate element: {\\...\\\\n#16 0x555a382b38fb \\\\u003Cunknown>\\\\n#17 0x555a382c39b4 \\\\u003Cunknown>\\\\n#18 0x7fa4f3c52134 \\\\u003Cunknown>\\\\n\"}}'}\n\n    def check_response(self, response: Dict[str, Any]) -> None:\n        \"\"\"Checks that a JSON response from the WebDriver does not have an\n        error.\n    \n        :Args:\n         - response - The JSON response from the WebDriver server as a dictionary\n           object.\n    \n        :Raises: If the response contains an error message.\n        \"\"\"\n        status = response.get(\"status\", None)\n        if not status or status == ErrorCode.SUCCESS:\n            return\n        value = None\n        message = response.get(\"message\", \"\")\n        screen: str = response.get(\"screen\", \"\")\n        stacktrace = None\n        if isinstance(status, int):\n            value_json = response.get(\"value\", None)\n            if value_json and isinstance(value_json, str):\n                import json\n    \n                try:\n                    value = json.loads(value_json)\n                    if len(value) == 1:\n                        value = value[\"value\"]\n                    status = value.get(\"error\", None)\n                    if not status:\n                        status = value.get(\"status\", ErrorCode.UNKNOWN_ERROR)\n                        message = value.get(\"value\") or value.get(\"message\")\n                        if not isinstance(message, str):\n                            value = message\n                            message = message.get(\"message\")\n                    else:\n                        message = value.get(\"message\", None)\n                except ValueError:\n                    pass\n    \n        exception_class: Type[WebDriverException]\n        e = ErrorCode()\n        error_codes = [item for item in dir(e) if not item.startswith(\"__\")]\n        for error_code in error_codes:\n            error_info = getattr(ErrorCode, error_code)\n            if isinstance(error_info, list) and status in error_info:\n                exception_class = getattr(ExceptionMapping, error_code, WebDriverException)\n                break\n        else:\n            exception_class = WebDriverException\n    \n        if not value:\n            value = response[\"value\"]\n        if isinstance(value, str):\n            raise exception_class(value)\n        if message == \"\" and \"message\" in value:\n            message = value[\"message\"]\n    \n        screen = None  # type: ignore[assignment]\n        if \"screen\" in value:\n            screen = value[\"screen\"]\n    \n        stacktrace = None\n        st_value = value.get(\"stackTrace\") or value.get(\"stacktrace\")\n        if st_value:\n            if isinstance(st_value, str):\n                stacktrace = st_value.split(\"\\n\")\n            else:\n                stacktrace = []\n                try:\n                    for frame in st_value:\n                        line = frame.get(\"lineNumber\", \"\")\n                        file = frame.get(\"fileName\", \"<anonymous>\")\n                        if line:\n                            file = f\"{file}:{line}\"\n                        meth = frame.get(\"methodName\", \"<anonymous>\")\n                        if \"className\" in frame:\n                            meth = f\"{frame['className']}.{meth}\"\n                        msg = \"    at %s (%s)\"\n                        msg = msg % (meth, file)\n                        stacktrace.append(msg)\n                except TypeError:\n                    pass\n        if exception_class == UnexpectedAlertPresentException:\n            alert_text = None\n            if \"data\" in value:\n                alert_text = value[\"data\"].get(\"text\")\n            elif \"alert\" in value:\n                alert_text = value[\"alert\"].get(\"text\")\n            raise exception_class(message, screen, stacktrace, alert_text)  # type: ignore[call-arg]  # mypy is not smart enough here\n>       raise exception_class(message, screen, stacktrace)\nE       selenium.common.exceptions.NoSuchElementException: Message: no such element: Unable to locate element: {\"method\":\"xpath\",\"selector\":\"(//a[@class='add-to-cart yellow-btn'])[1]\"}\nE         (Session info: chrome-headless-shell=123.0.6312.122); For documentation on this error, please visit: https://www.selenium.dev/documentation/webdriver/troubleshooting/errors#no-such-element-exception\nE       Stacktrace:\nE       #0 0x555a382c4863 <unknown>\nE       #1 0x555a37fba8c6 <unknown>\nE       #2 0x555a38005618 <unknown>\nE       #3 0x555a380056d1 <unknown>\nE       #4 0x555a38048744 <unknown>\nE       #5 0x555a380275cd <unknown>\nE       #6 0x555a38045c19 <unknown>\nE       #7 0x555a38027343 <unknown>\nE       #8 0x555a37ff8593 <unknown>\nE       #9 0x555a37ff8f5e <unknown>\nE       #10 0x555a3828884b <unknown>\nE       #11 0x555a3828c7a5 <unknown>\nE       #12 0x555a38276571 <unknown>\nE       #13 0x555a3828d332 <unknown>\nE       #14 0x555a3825b87f <unknown>\nE       #15 0x555a382b3728 <unknown>\nE       #16 0x555a382b38fb <unknown>\nE       #17 0x555a382c39b4 <unknown>\nE       #18 0x7fa4f3c52134 <unknown>\n\n/usr/local/lib/python3.11/site-packages/selenium/webdriver/remote/errorhandler.py:229: NoSuchElementException","flaky":false,"newFailed":false,"newBroken":false,"newPassed":false,"retriesCount":0,"retriesStatusChange":false,"beforeStages":[{"name":"_session_faker","time":{"start":1713228525480,"stop":1713228525549,"duration":69},"status":"passed","steps":[],"attachments":[],"parameters":[],"shouldDisplayMessage":false,"stepsCount":0,"attachmentsCount":0,"hasContent":false,"attachmentStep":false},{"name":"clear_allure_results_folder","time":{"start":1713228525549,"stop":1713228525549,"duration":0},"status":"passed","steps":[],"attachments":[],"parameters":[],"shouldDisplayMessage":false,"stepsCount":0,"attachmentsCount":0,"hasContent":false,"attachmentStep":false},{"name":"driver","time":{"start":1713228719396,"stop":1713228720171,"duration":775},"status":"passed","steps":[],"attachments":[],"parameters":[],"shouldDisplayMessage":false,"stepsCount":0,"attachmentsCount":0,"hasContent":false,"attachmentStep":false},{"name":"setup","time":{"start":1713228720172,"stop":1713228720172,"duration":0},"status":"passed","steps":[],"attachments":[],"parameters":[],"shouldDisplayMessage":false,"stepsCount":0,"attachmentsCount":0,"hasContent":false,"attachmentStep":false}],"testStage":{"status":"skipped","statusMessage":"XFAIL\n\nselenium.common.exceptions.NoSuchElementException: Message: no such element: Unable to locate element: {\"method\":\"xpath\",\"selector\":\"(//a[@class='add-to-cart yellow-btn'])[1]\"}\n  (Session info: chrome-headless-shell=123.0.6312.122); For documentation on this error, please visit: https://www.selenium.dev/documentation/webdriver/troubleshooting/errors#no-such-element-exception\nStacktrace:\n#0 0x555a382c4863 <unknown>\n#1 0x555a37fba8c6 <unknown>\n#2 0x555a38005618 <unknown>\n#3 0x555a380056d1 <unknown>\n#4 0x555a38048744 <unknown>\n#5 0x555a380275cd <unknown>\n#6 0x555a38045c19 <unknown>\n#7 0x555a38027343 <unknown>\n#8 0x555a37ff8593 <unknown>\n#9 0x555a37ff8f5e <unknown>\n#10 0x555a3828884b <unknown>\n#11 0x555a3828c7a5 <unknown>\n#12 0x555a38276571 <unknown>\n#13 0x555a3828d332 <unknown>\n#14 0x555a3825b87f <unknown>\n#15 0x555a382b3728 <unknown>\n#16 0x555a382b38fb <unknown>\n#17 0x555a382c39b4 <unknown>\n#18 0x7fa4f3c52134 <unknown>","statusTrace":"self = <tests.delivery.test_delivery_calculation.TestDeliveryPageCalculation object at 0x7fd2c7025a50>\ndriver = <selenium.webdriver.chrome.webdriver.WebDriver (session=\"6106c32a5ceba6a5f13fab609f5e62b9\")>\nurl = 'https://sandboxtest.stroyrem-nn.ru/', case_id = 'TD 001'\nlink_item = 'products/uroven---uglomer-elektronnyj-kapro-992', amount = 1\nweight = 30, standard = 0, in_time = 1590, all_time = 2190\n\n    @pytest.mark.parametrize('case_id, link_item, amount, weight, standard, in_time, all_time', [\n        (\"TD 001\", uroven_3000, 1, 30, 0, 1590, 2190),\n        (\"TD 002\", bundeks_25, 1, 30, 400, 1590, 2190),\n        (\"TD 003\", aksolit_30, 8, 300, 400, 1590, 2190),\n        (\"TD 004\", aksolit_30, 13, 400, 450, 1590, 2190),\n        (\"TD 005\", aksolit_30, 16, 500, 600, 1590, 2190),\n        (\"TD 006\", aksolit_30, 25, 1700, 990, 1990, 2480),\n        (\"TD 007\", aksolit_30, 66, 2000, 1300, 2490, 2980),\n        (\"TD 008\", aksolit_30, 149, 4500, 2300, 3980, 4490),\n        (\"TD 009\", aksolit_30, 166, 5000, 2500, 4990, 5480),\n        pytest.param(\n            \"TD 010\", aksolit_30, 206, 6200, 2900, 5570, 6120,\n            marks=pytest.mark.xfail(reson=\"Цена доставки 3600 7960 8980\")\n        ),\n        (\"TD 011\", aksolit_30, 299, 9000, 3600, 7960, 8980),\n        (\"TD 012\", aksolit_30, 333, 10000, 4450, 11990, 12500),\n        pytest.param(\n            \"TD 013\", aksolit_30, 366, 11000, 4800, 12450, 13480,\n            marks=pytest.mark.xfail(reason=\"Цена стандартной доставки 4450\")\n        ),\n        pytest.param(\n            \"TD 014\", aksolit_30, 666, 20000, 5400, 15600, 17490,\n            marks=pytest.mark.xfail(reason=\"Цена стандартной доставки 4450\")\n        )\n    ])\n    @pytest.mark.xfail\n    @pytest.mark.smoke_test\n    def test_positive_delivery_green_zone_smoke(\n            self, driver, url, case_id, link_item, amount, weight, standard, in_time, all_time\n    ):\n    \n        driver.get(f'{url}{link_item}')\n        item_page = ItemPage(driver)\n>       item_page.add_item_to_cart(amount).click_on_cart()\n\ntests/delivery/test_delivery_calculation.py:50: \n_ _ _ _ _ _ _ _ _ _ _ _ _ _ _ _ _ _ _ _ _ _ _ _ _ _ _ _ _ _ _ _ _ _ _ _ _ _ _ _ \npages/item_page.py:40: in add_item_to_cart\n    self.find_element(self._add_item).click()\nbase/seleniumbase.py:17: in find_element\n    return self.driver.find_element(*locator)\n/usr/local/lib/python3.11/site-packages/selenium/webdriver/remote/webdriver.py:739: in find_element\n    return self.execute(Command.FIND_ELEMENT, {\"using\": by, \"value\": value})[\"value\"]\n/usr/local/lib/python3.11/site-packages/selenium/webdriver/remote/webdriver.py:345: in execute\n    self.error_handler.check_response(response)\n_ _ _ _ _ _ _ _ _ _ _ _ _ _ _ _ _ _ _ _ _ _ _ _ _ _ _ _ _ _ _ _ _ _ _ _ _ _ _ _ \n\nself = <selenium.webdriver.remote.errorhandler.ErrorHandler object at 0x7fd2c6b5ad10>\nresponse = {'status': 404, 'value': '{\"value\":{\"error\":\"no such element\",\"message\":\"no such element: Unable to locate element: {\\...\\\\n#16 0x555a382b38fb \\\\u003Cunknown>\\\\n#17 0x555a382c39b4 \\\\u003Cunknown>\\\\n#18 0x7fa4f3c52134 \\\\u003Cunknown>\\\\n\"}}'}\n\n    def check_response(self, response: Dict[str, Any]) -> None:\n        \"\"\"Checks that a JSON response from the WebDriver does not have an\n        error.\n    \n        :Args:\n         - response - The JSON response from the WebDriver server as a dictionary\n           object.\n    \n        :Raises: If the response contains an error message.\n        \"\"\"\n        status = response.get(\"status\", None)\n        if not status or status == ErrorCode.SUCCESS:\n            return\n        value = None\n        message = response.get(\"message\", \"\")\n        screen: str = response.get(\"screen\", \"\")\n        stacktrace = None\n        if isinstance(status, int):\n            value_json = response.get(\"value\", None)\n            if value_json and isinstance(value_json, str):\n                import json\n    \n                try:\n                    value = json.loads(value_json)\n                    if len(value) == 1:\n                        value = value[\"value\"]\n                    status = value.get(\"error\", None)\n                    if not status:\n                        status = value.get(\"status\", ErrorCode.UNKNOWN_ERROR)\n                        message = value.get(\"value\") or value.get(\"message\")\n                        if not isinstance(message, str):\n                            value = message\n                            message = message.get(\"message\")\n                    else:\n                        message = value.get(\"message\", None)\n                except ValueError:\n                    pass\n    \n        exception_class: Type[WebDriverException]\n        e = ErrorCode()\n        error_codes = [item for item in dir(e) if not item.startswith(\"__\")]\n        for error_code in error_codes:\n            error_info = getattr(ErrorCode, error_code)\n            if isinstance(error_info, list) and status in error_info:\n                exception_class = getattr(ExceptionMapping, error_code, WebDriverException)\n                break\n        else:\n            exception_class = WebDriverException\n    \n        if not value:\n            value = response[\"value\"]\n        if isinstance(value, str):\n            raise exception_class(value)\n        if message == \"\" and \"message\" in value:\n            message = value[\"message\"]\n    \n        screen = None  # type: ignore[assignment]\n        if \"screen\" in value:\n            screen = value[\"screen\"]\n    \n        stacktrace = None\n        st_value = value.get(\"stackTrace\") or value.get(\"stacktrace\")\n        if st_value:\n            if isinstance(st_value, str):\n                stacktrace = st_value.split(\"\\n\")\n            else:\n                stacktrace = []\n                try:\n                    for frame in st_value:\n                        line = frame.get(\"lineNumber\", \"\")\n                        file = frame.get(\"fileName\", \"<anonymous>\")\n                        if line:\n                            file = f\"{file}:{line}\"\n                        meth = frame.get(\"methodName\", \"<anonymous>\")\n                        if \"className\" in frame:\n                            meth = f\"{frame['className']}.{meth}\"\n                        msg = \"    at %s (%s)\"\n                        msg = msg % (meth, file)\n                        stacktrace.append(msg)\n                except TypeError:\n                    pass\n        if exception_class == UnexpectedAlertPresentException:\n            alert_text = None\n            if \"data\" in value:\n                alert_text = value[\"data\"].get(\"text\")\n            elif \"alert\" in value:\n                alert_text = value[\"alert\"].get(\"text\")\n            raise exception_class(message, screen, stacktrace, alert_text)  # type: ignore[call-arg]  # mypy is not smart enough here\n>       raise exception_class(message, screen, stacktrace)\nE       selenium.common.exceptions.NoSuchElementException: Message: no such element: Unable to locate element: {\"method\":\"xpath\",\"selector\":\"(//a[@class='add-to-cart yellow-btn'])[1]\"}\nE         (Session info: chrome-headless-shell=123.0.6312.122); For documentation on this error, please visit: https://www.selenium.dev/documentation/webdriver/troubleshooting/errors#no-such-element-exception\nE       Stacktrace:\nE       #0 0x555a382c4863 <unknown>\nE       #1 0x555a37fba8c6 <unknown>\nE       #2 0x555a38005618 <unknown>\nE       #3 0x555a380056d1 <unknown>\nE       #4 0x555a38048744 <unknown>\nE       #5 0x555a380275cd <unknown>\nE       #6 0x555a38045c19 <unknown>\nE       #7 0x555a38027343 <unknown>\nE       #8 0x555a37ff8593 <unknown>\nE       #9 0x555a37ff8f5e <unknown>\nE       #10 0x555a3828884b <unknown>\nE       #11 0x555a3828c7a5 <unknown>\nE       #12 0x555a38276571 <unknown>\nE       #13 0x555a3828d332 <unknown>\nE       #14 0x555a3825b87f <unknown>\nE       #15 0x555a382b3728 <unknown>\nE       #16 0x555a382b38fb <unknown>\nE       #17 0x555a382c39b4 <unknown>\nE       #18 0x7fa4f3c52134 <unknown>\n\n/usr/local/lib/python3.11/site-packages/selenium/webdriver/remote/errorhandler.py:229: NoSuchElementException","steps":[{"name":"Добавляем товар в корзину в количестве 1","time":{"start":1713228720571,"stop":1713228720583,"duration":12},"status":"broken","statusMessage":"selenium.common.exceptions.NoSuchElementException: Message: no such element: Unable to locate element: {\"method\":\"xpath\",\"selector\":\"(//a[@class='add-to-cart yellow-btn'])[1]\"}\n  (Session info: chrome-headless-shell=123.0.6312.122); For documentation on this error, please visit: https://www.selenium.dev/documentation/webdriver/troubleshooting/errors#no-such-element-exception\nStacktrace:\n#0 0x555a382c4863 <unknown>\n#1 0x555a37fba8c6 <unknown>\n#2 0x555a38005618 <unknown>\n#3 0x555a380056d1 <unknown>\n#4 0x555a38048744 <unknown>\n#5 0x555a380275cd <unknown>\n#6 0x555a38045c19 <unknown>\n#7 0x555a38027343 <unknown>\n#8 0x555a37ff8593 <unknown>\n#9 0x555a37ff8f5e <unknown>\n#10 0x555a3828884b <unknown>\n#11 0x555a3828c7a5 <unknown>\n#12 0x555a38276571 <unknown>\n#13 0x555a3828d332 <unknown>\n#14 0x555a3825b87f <unknown>\n#15 0x555a382b3728 <unknown>\n#16 0x555a382b38fb <unknown>\n#17 0x555a382c39b4 <unknown>\n#18 0x7fa4f3c52134 <unknown>\n\n","statusTrace":"  File \"/usr/local/lib/python3.11/site-packages/allure_commons/_allure.py\", line 192, in impl\n    return func(*a, **kw)\n           ^^^^^^^^^^^^^^\n  File \"/app/pages/item_page.py\", line 40, in add_item_to_cart\n    self.find_element(self._add_item).click()\n    ^^^^^^^^^^^^^^^^^^^^^^^^^^^^^^^^^\n  File \"/app/base/seleniumbase.py\", line 17, in find_element\n    return self.driver.find_element(*locator)\n           ^^^^^^^^^^^^^^^^^^^^^^^^^^^^^^^^^^\n  File \"/usr/local/lib/python3.11/site-packages/selenium/webdriver/remote/webdriver.py\", line 739, in find_element\n    return self.execute(Command.FIND_ELEMENT, {\"using\": by, \"value\": value})[\"value\"]\n           ^^^^^^^^^^^^^^^^^^^^^^^^^^^^^^^^^^^^^^^^^^^^^^^^^^^^^^^^^^^^^^^^^\n  File \"/usr/local/lib/python3.11/site-packages/selenium/webdriver/remote/webdriver.py\", line 345, in execute\n    self.error_handler.check_response(response)\n  File \"/usr/local/lib/python3.11/site-packages/selenium/webdriver/remote/errorhandler.py\", line 229, in check_response\n    raise exception_class(message, screen, stacktrace)\n","steps":[],"attachments":[],"parameters":[{"name":"amount","value":"1"}],"shouldDisplayMessage":true,"stepsCount":0,"attachmentsCount":0,"hasContent":true,"attachmentStep":false}],"attachments":[{"uid":"51a7f521d0b0665","name":"Screenshot","source":"51a7f521d0b0665.png","type":"image/png","size":5862},{"uid":"75dd35875833c761","name":"HTML source","source":"75dd35875833c761.html","type":"text/html","size":39}],"parameters":[],"shouldDisplayMessage":true,"stepsCount":1,"attachmentsCount":2,"hasContent":true,"attachmentStep":false},"afterStages":[{"name":"setup::0","time":{"start":1713228720678,"stop":1713228720678,"duration":0},"status":"passed","steps":[],"attachments":[],"parameters":[],"shouldDisplayMessage":false,"stepsCount":0,"attachmentsCount":0,"hasContent":false,"attachmentStep":false},{"name":"driver::0","time":{"start":1713228720678,"stop":1713228720735,"duration":57},"status":"passed","steps":[],"attachments":[],"parameters":[],"shouldDisplayMessage":false,"stepsCount":0,"attachmentsCount":0,"hasContent":false,"attachmentStep":false}],"labels":[{"name":"epic","value":"Delivery Page - calculation"},{"name":"tag","value":"smoke_test"},{"name":"tag","value":"@pytest.mark.xfail"},{"name":"parentSuite","value":"tests.delivery"},{"name":"suite","value":"test_delivery_calculation"},{"name":"subSuite","value":"TestDeliveryPageCalculation"},{"name":"host","value":"1d9728f3716c"},{"name":"thread","value":"1-MainThread"},{"name":"framework","value":"pytest"},{"name":"language","value":"cpython3"},{"name":"package","value":"tests.delivery.test_delivery_calculation"},{"name":"resultFormat","value":"allure2"}],"parameters":[{"name":"all_time","value":"2190"},{"name":"amount","value":"1"},{"name":"case_id","value":"'TD 001'"},{"name":"in_time","value":"1590"},{"name":"link_item","value":"'products/uroven---uglomer-elektronnyj-kapro-992'"},{"name":"standard","value":"0"},{"name":"url","value":"'https://sandboxtest.stroyrem-nn.ru/'"},{"name":"weight","value":"30"}],"links":[],"hidden":false,"retry":false,"extra":{"severity":"normal","retries":[],"categories":[],"history":{"statistic":{"failed":0,"broken":13,"skipped":218,"passed":0,"unknown":0,"total":231},"items":[{"uid":"e3c44a9b2e2b83b4","reportUrl":"https://Nat754.github.io/StroyremAutomation/278//#testresult/e3c44a9b2e2b83b4","status":"skipped","statusDetails":"XFAIL\n\nselenium.common.exceptions.NoSuchElementException: Message: no such element: Unable to locate element: {\"method\":\"xpath\",\"selector\":\"(//a[@class='add-to-cart yellow-btn'])[1]\"}\n  (Session info: chrome-headless-shell=123.0.6312.122); For documentation on this error, please visit: https://www.selenium.dev/documentation/webdriver/troubleshooting/errors#no-such-element-exception\nStacktrace:\n#0 0x55ed33bb3863 <unknown>\n#1 0x55ed338a98c6 <unknown>\n#2 0x55ed338f4618 <unknown>\n#3 0x55ed338f46d1 <unknown>\n#4 0x55ed33937744 <unknown>\n#5 0x55ed339165cd <unknown>\n#6 0x55ed33934c19 <unknown>\n#7 0x55ed33916343 <unknown>\n#8 0x55ed338e7593 <unknown>\n#9 0x55ed338e7f5e <unknown>\n#10 0x55ed33b7784b <unknown>\n#11 0x55ed33b7b7a5 <unknown>\n#12 0x55ed33b65571 <unknown>\n#13 0x55ed33b7c332 <unknown>\n#14 0x55ed33b4a87f <unknown>\n#15 0x55ed33ba2728 <unknown>\n#16 0x55ed33ba28fb <unknown>\n#17 0x55ed33bb29b4 <unknown>\n#18 0x7f7fc2831134 <unknown>","time":{"start":1713151068301,"stop":1713151068773,"duration":472}},{"uid":"f627ddd2afc97d84","reportUrl":"https://Nat754.github.io/StroyremAutomation/277//#testresult/f627ddd2afc97d84","status":"skipped","statusDetails":"XFAIL\n\nselenium.common.exceptions.NoSuchElementException: Message: no such element: Unable to locate element: {\"method\":\"xpath\",\"selector\":\"(//a[@class='add-to-cart yellow-btn'])[1]\"}\n  (Session info: chrome-headless-shell=123.0.6312.122); For documentation on this error, please visit: https://www.selenium.dev/documentation/webdriver/troubleshooting/errors#no-such-element-exception\nStacktrace:\n#0 0x558236cc0863 <unknown>\n#1 0x5582369b68c6 <unknown>\n#2 0x558236a01618 <unknown>\n#3 0x558236a016d1 <unknown>\n#4 0x558236a44744 <unknown>\n#5 0x558236a235cd <unknown>\n#6 0x558236a41c19 <unknown>\n#7 0x558236a23343 <unknown>\n#8 0x5582369f4593 <unknown>\n#9 0x5582369f4f5e <unknown>\n#10 0x558236c8484b <unknown>\n#11 0x558236c887a5 <unknown>\n#12 0x558236c72571 <unknown>\n#13 0x558236c89332 <unknown>\n#14 0x558236c5787f <unknown>\n#15 0x558236caf728 <unknown>\n#16 0x558236caf8fb <unknown>\n#17 0x558236cbf9b4 <unknown>\n#18 0x7f5fa604b134 <unknown>","time":{"start":1713056982153,"stop":1713056982617,"duration":464}},{"uid":"f3e23330342a4d5e","reportUrl":"https://Nat754.github.io/StroyremAutomation/276//#testresult/f3e23330342a4d5e","status":"skipped","statusDetails":"XFAIL\n\nselenium.common.exceptions.NoSuchElementException: Message: no such element: Unable to locate element: {\"method\":\"xpath\",\"selector\":\"(//a[@class='add-to-cart yellow-btn'])[1]\"}\n  (Session info: chrome-headless-shell=123.0.6312.122); For documentation on this error, please visit: https://www.selenium.dev/documentation/webdriver/troubleshooting/errors#no-such-element-exception\nStacktrace:\n#0 0x564859186863 <unknown>\n#1 0x564858e7c8c6 <unknown>\n#2 0x564858ec7618 <unknown>\n#3 0x564858ec76d1 <unknown>\n#4 0x564858f0a744 <unknown>\n#5 0x564858ee95cd <unknown>\n#6 0x564858f07c19 <unknown>\n#7 0x564858ee9343 <unknown>\n#8 0x564858eba593 <unknown>\n#9 0x564858ebaf5e <unknown>\n#10 0x56485914a84b <unknown>\n#11 0x56485914e7a5 <unknown>\n#12 0x564859138571 <unknown>\n#13 0x56485914f332 <unknown>\n#14 0x56485911d87f <unknown>\n#15 0x564859175728 <unknown>\n#16 0x5648591758fb <unknown>\n#17 0x5648591859b4 <unknown>\n#18 0x7f4a3f9c0134 <unknown>","time":{"start":1712969073824,"stop":1712969074289,"duration":465}},{"uid":"bb056bf1717e0506","reportUrl":"https://Nat754.github.io/StroyremAutomation/275//#testresult/bb056bf1717e0506","status":"skipped","statusDetails":"XFAIL\n\nselenium.common.exceptions.NoSuchElementException: Message: no such element: Unable to locate element: {\"method\":\"xpath\",\"selector\":\"(//a[@class='add-to-cart yellow-btn'])[1]\"}\n  (Session info: chrome-headless-shell=123.0.6312.122); For documentation on this error, please visit: https://www.selenium.dev/documentation/webdriver/troubleshooting/errors#no-such-element-exception\nStacktrace:\n#0 0x560719547863 <unknown>\n#1 0x56071923d8c6 <unknown>\n#2 0x560719288618 <unknown>\n#3 0x5607192886d1 <unknown>\n#4 0x5607192cb744 <unknown>\n#5 0x5607192aa5cd <unknown>\n#6 0x5607192c8c19 <unknown>\n#7 0x5607192aa343 <unknown>\n#8 0x56071927b593 <unknown>\n#9 0x56071927bf5e <unknown>\n#10 0x56071950b84b <unknown>\n#11 0x56071950f7a5 <unknown>\n#12 0x5607194f9571 <unknown>\n#13 0x560719510332 <unknown>\n#14 0x5607194de87f <unknown>\n#15 0x560719536728 <unknown>\n#16 0x5607195368fb <unknown>\n#17 0x5607195469b4 <unknown>\n#18 0x7efed48ef134 <unknown>","time":{"start":1712883160939,"stop":1712883161553,"duration":614}},{"uid":"e958f4c5b02fafde","reportUrl":"https://Nat754.github.io/StroyremAutomation/274//#testresult/e958f4c5b02fafde","status":"skipped","statusDetails":"XFAIL\n\nselenium.common.exceptions.NoSuchElementException: Message: no such element: Unable to locate element: {\"method\":\"xpath\",\"selector\":\"(//a[@class='add-to-cart yellow-btn'])[1]\"}\n  (Session info: chrome-headless-shell=123.0.6312.122); For documentation on this error, please visit: https://www.selenium.dev/documentation/webdriver/troubleshooting/errors#no-such-element-exception\nStacktrace:\n#0 0x5556d4350863 <unknown>\n#1 0x5556d40468c6 <unknown>\n#2 0x5556d4091618 <unknown>\n#3 0x5556d40916d1 <unknown>\n#4 0x5556d40d4744 <unknown>\n#5 0x5556d40b35cd <unknown>\n#6 0x5556d40d1c19 <unknown>\n#7 0x5556d40b3343 <unknown>\n#8 0x5556d4084593 <unknown>\n#9 0x5556d4084f5e <unknown>\n#10 0x5556d431484b <unknown>\n#11 0x5556d43187a5 <unknown>\n#12 0x5556d4302571 <unknown>\n#13 0x5556d4319332 <unknown>\n#14 0x5556d42e787f <unknown>\n#15 0x5556d433f728 <unknown>\n#16 0x5556d433f8fb <unknown>\n#17 0x5556d434f9b4 <unknown>\n#18 0x7f3e8d589134 <unknown>","time":{"start":1712796815661,"stop":1712796816822,"duration":1161}},{"uid":"8438efd376bdb30","reportUrl":"https://Nat754.github.io/StroyremAutomation/273//#testresult/8438efd376bdb30","status":"skipped","statusDetails":"XFAIL\n\nselenium.common.exceptions.NoSuchElementException: Message: no such element: Unable to locate element: {\"method\":\"xpath\",\"selector\":\"(//a[@class='add-to-cart yellow-btn'])[1]\"}\n  (Session info: chrome-headless-shell=123.0.6312.105); For documentation on this error, please visit: https://www.selenium.dev/documentation/webdriver/troubleshooting/errors#no-such-element-exception\nStacktrace:\n#0 0x55de6d832873 <unknown>\n#1 0x55de6d5288c6 <unknown>\n#2 0x55de6d573618 <unknown>\n#3 0x55de6d5736d1 <unknown>\n#4 0x55de6d5b6744 <unknown>\n#5 0x55de6d5955cd <unknown>\n#6 0x55de6d5b3c19 <unknown>\n#7 0x55de6d595343 <unknown>\n#8 0x55de6d566593 <unknown>\n#9 0x55de6d566f5e <unknown>\n#10 0x55de6d7f685b <unknown>\n#11 0x55de6d7fa7b5 <unknown>\n#12 0x55de6d7e4581 <unknown>\n#13 0x55de6d7fb342 <unknown>\n#14 0x55de6d7c988f <unknown>\n#15 0x55de6d821738 <unknown>\n#16 0x55de6d82190b <unknown>\n#17 0x55de6d8319c4 <unknown>\n#18 0x7f560f41a134 <unknown>","time":{"start":1712710359637,"stop":1712710360166,"duration":529}},{"uid":"955c5d8eb5ced7fd","reportUrl":"https://Nat754.github.io/StroyremAutomation/272//#testresult/955c5d8eb5ced7fd","status":"skipped","statusDetails":"XFAIL\n\nselenium.common.exceptions.NoSuchElementException: Message: no such element: Unable to locate element: {\"method\":\"xpath\",\"selector\":\"(//a[@class='add-to-cart yellow-btn'])[1]\"}\n  (Session info: chrome-headless-shell=123.0.6312.105); For documentation on this error, please visit: https://www.selenium.dev/documentation/webdriver/troubleshooting/errors#no-such-element-exception\nStacktrace:\n#0 0x55932d8bc873 <unknown>\n#1 0x55932d5b28c6 <unknown>\n#2 0x55932d5fd618 <unknown>\n#3 0x55932d5fd6d1 <unknown>\n#4 0x55932d640744 <unknown>\n#5 0x55932d61f5cd <unknown>\n#6 0x55932d63dc19 <unknown>\n#7 0x55932d61f343 <unknown>\n#8 0x55932d5f0593 <unknown>\n#9 0x55932d5f0f5e <unknown>\n#10 0x55932d88085b <unknown>\n#11 0x55932d8847b5 <unknown>\n#12 0x55932d86e581 <unknown>\n#13 0x55932d885342 <unknown>\n#14 0x55932d85388f <unknown>\n#15 0x55932d8ab738 <unknown>\n#16 0x55932d8ab90b <unknown>\n#17 0x55932d8bb9c4 <unknown>\n#18 0x7f70f580f134 <unknown>","time":{"start":1712623998293,"stop":1712623998843,"duration":550}},{"uid":"cad990a99fd41636","reportUrl":"https://Nat754.github.io/StroyremAutomation/271//#testresult/cad990a99fd41636","status":"skipped","statusDetails":"XFAIL\n\nselenium.common.exceptions.NoSuchElementException: Message: no such element: Unable to locate element: {\"method\":\"xpath\",\"selector\":\"(//a[@class='add-to-cart yellow-btn'])[1]\"}\n  (Session info: chrome-headless-shell=123.0.6312.105); For documentation on this error, please visit: https://www.selenium.dev/documentation/webdriver/troubleshooting/errors#no-such-element-exception\nStacktrace:\n#0 0x562c9270f873 <unknown>\n#1 0x562c924058c6 <unknown>\n#2 0x562c92450618 <unknown>\n#3 0x562c924506d1 <unknown>\n#4 0x562c92493744 <unknown>\n#5 0x562c924725cd <unknown>\n#6 0x562c92490c19 <unknown>\n#7 0x562c92472343 <unknown>\n#8 0x562c92443593 <unknown>\n#9 0x562c92443f5e <unknown>\n#10 0x562c926d385b <unknown>\n#11 0x562c926d77b5 <unknown>\n#12 0x562c926c1581 <unknown>\n#13 0x562c926d8342 <unknown>\n#14 0x562c926a688f <unknown>\n#15 0x562c926fe738 <unknown>\n#16 0x562c926fe90b <unknown>\n#17 0x562c9270e9c4 <unknown>\n#18 0x7fc3062bc134 <unknown>","time":{"start":1712537659714,"stop":1712537660254,"duration":540}},{"uid":"519c4c83efa69f40","reportUrl":"https://Nat754.github.io/StroyremAutomation/270//#testresult/519c4c83efa69f40","status":"skipped","statusDetails":"XFAIL\n\nselenium.common.exceptions.NoSuchElementException: Message: no such element: Unable to locate element: {\"method\":\"xpath\",\"selector\":\"(//a[@class='add-to-cart yellow-btn'])[1]\"}\n  (Session info: chrome-headless-shell=123.0.6312.105); For documentation on this error, please visit: https://www.selenium.dev/documentation/webdriver/troubleshooting/errors#no-such-element-exception\nStacktrace:\n#0 0x55934c9c3873 <unknown>\n#1 0x55934c6b98c6 <unknown>\n#2 0x55934c704618 <unknown>\n#3 0x55934c7046d1 <unknown>\n#4 0x55934c747744 <unknown>\n#5 0x55934c7265cd <unknown>\n#6 0x55934c744c19 <unknown>\n#7 0x55934c726343 <unknown>\n#8 0x55934c6f7593 <unknown>\n#9 0x55934c6f7f5e <unknown>\n#10 0x55934c98785b <unknown>\n#11 0x55934c98b7b5 <unknown>\n#12 0x55934c975581 <unknown>\n#13 0x55934c98c342 <unknown>\n#14 0x55934c95a88f <unknown>\n#15 0x55934c9b2738 <unknown>\n#16 0x55934c9b290b <unknown>\n#17 0x55934c9c29c4 <unknown>\n#18 0x7f1fd8166134 <unknown>","time":{"start":1712451469722,"stop":1712451470293,"duration":571}},{"uid":"ccf824ca5144672d","reportUrl":"https://Nat754.github.io/StroyremAutomation/269//#testresult/ccf824ca5144672d","status":"skipped","statusDetails":"XFAIL\n\nselenium.common.exceptions.NoSuchElementException: Message: no such element: Unable to locate element: {\"method\":\"xpath\",\"selector\":\"(//a[@class='add-to-cart yellow-btn'])[1]\"}\n  (Session info: chrome-headless-shell=123.0.6312.105); For documentation on this error, please visit: https://www.selenium.dev/documentation/webdriver/troubleshooting/errors#no-such-element-exception\nStacktrace:\n#0 0x562a7b9ea873 <unknown>\n#1 0x562a7b6e08c6 <unknown>\n#2 0x562a7b72b618 <unknown>\n#3 0x562a7b72b6d1 <unknown>\n#4 0x562a7b76e744 <unknown>\n#5 0x562a7b74d5cd <unknown>\n#6 0x562a7b76bc19 <unknown>\n#7 0x562a7b74d343 <unknown>\n#8 0x562a7b71e593 <unknown>\n#9 0x562a7b71ef5e <unknown>\n#10 0x562a7b9ae85b <unknown>\n#11 0x562a7b9b27b5 <unknown>\n#12 0x562a7b99c581 <unknown>\n#13 0x562a7b9b3342 <unknown>\n#14 0x562a7b98188f <unknown>\n#15 0x562a7b9d9738 <unknown>\n#16 0x562a7b9d990b <unknown>\n#17 0x562a7b9e99c4 <unknown>\n#18 0x7f27d83be134 <unknown>","time":{"start":1712364687811,"stop":1712364688272,"duration":461}},{"uid":"80827afa9c353b2","reportUrl":"https://Nat754.github.io/StroyremAutomation/268//#testresult/80827afa9c353b2","status":"skipped","statusDetails":"XFAIL\n\nselenium.common.exceptions.NoSuchElementException: Message: no such element: Unable to locate element: {\"method\":\"xpath\",\"selector\":\"(//a[@class='add-to-cart yellow-btn'])[1]\"}\n  (Session info: chrome-headless-shell=123.0.6312.105); For documentation on this error, please visit: https://www.selenium.dev/documentation/webdriver/troubleshooting/errors#no-such-element-exception\nStacktrace:\n#0 0x556e5aea1873 <unknown>\n#1 0x556e5ab978c6 <unknown>\n#2 0x556e5abe2618 <unknown>\n#3 0x556e5abe26d1 <unknown>\n#4 0x556e5ac25744 <unknown>\n#5 0x556e5ac045cd <unknown>\n#6 0x556e5ac22c19 <unknown>\n#7 0x556e5ac04343 <unknown>\n#8 0x556e5abd5593 <unknown>\n#9 0x556e5abd5f5e <unknown>\n#10 0x556e5ae6585b <unknown>\n#11 0x556e5ae697b5 <unknown>\n#12 0x556e5ae53581 <unknown>\n#13 0x556e5ae6a342 <unknown>\n#14 0x556e5ae3888f <unknown>\n#15 0x556e5ae90738 <unknown>\n#16 0x556e5ae9090b <unknown>\n#17 0x556e5aea09c4 <unknown>\n#18 0x7f608607e134 <unknown>","time":{"start":1712278373517,"stop":1712278374056,"duration":539}},{"uid":"d1c4df87e287ac74","reportUrl":"https://Nat754.github.io/StroyremAutomation/267//#testresult/d1c4df87e287ac74","status":"skipped","statusDetails":"XFAIL\n\nselenium.common.exceptions.NoSuchElementException: Message: no such element: Unable to locate element: {\"method\":\"xpath\",\"selector\":\"(//a[@class='add-to-cart yellow-btn'])[1]\"}\n  (Session info: chrome-headless-shell=123.0.6312.86); For documentation on this error, please visit: https://www.selenium.dev/documentation/webdriver/troubleshooting/errors#no-such-element-exception\nStacktrace:\n#0 0x564f9dcd08a3 <unknown>\n#1 0x564f9d9c68c6 <unknown>\n#2 0x564f9da11618 <unknown>\n#3 0x564f9da116d1 <unknown>\n#4 0x564f9da54744 <unknown>\n#5 0x564f9da335cd <unknown>\n#6 0x564f9da51c19 <unknown>\n#7 0x564f9da33343 <unknown>\n#8 0x564f9da04593 <unknown>\n#9 0x564f9da04f5e <unknown>\n#10 0x564f9dc9488b <unknown>\n#11 0x564f9dc987e5 <unknown>\n#12 0x564f9dc825b1 <unknown>\n#13 0x564f9dc99372 <unknown>\n#14 0x564f9dc678bf <unknown>\n#15 0x564f9dcbf768 <unknown>\n#16 0x564f9dcbf93b <unknown>\n#17 0x564f9dccf9f4 <unknown>\n#18 0x7f0f257dc134 <unknown>","time":{"start":1712192156437,"stop":1712192156858,"duration":421}},{"uid":"25b7c1bff2961eb3","reportUrl":"https://Nat754.github.io/StroyremAutomation/266//#testresult/25b7c1bff2961eb3","status":"skipped","statusDetails":"XFAIL\n\nselenium.common.exceptions.NoSuchElementException: Message: no such element: Unable to locate element: {\"method\":\"xpath\",\"selector\":\"(//a[@class='add-to-cart yellow-btn'])[1]\"}\n  (Session info: chrome-headless-shell=123.0.6312.86); For documentation on this error, please visit: https://www.selenium.dev/documentation/webdriver/troubleshooting/errors#no-such-element-exception\nStacktrace:\n#0 0x55a77d4688a3 <unknown>\n#1 0x55a77d15e8c6 <unknown>\n#2 0x55a77d1a9618 <unknown>\n#3 0x55a77d1a96d1 <unknown>\n#4 0x55a77d1ec744 <unknown>\n#5 0x55a77d1cb5cd <unknown>\n#6 0x55a77d1e9c19 <unknown>\n#7 0x55a77d1cb343 <unknown>\n#8 0x55a77d19c593 <unknown>\n#9 0x55a77d19cf5e <unknown>\n#10 0x55a77d42c88b <unknown>\n#11 0x55a77d4307e5 <unknown>\n#12 0x55a77d41a5b1 <unknown>\n#13 0x55a77d431372 <unknown>\n#14 0x55a77d3ff8bf <unknown>\n#15 0x55a77d457768 <unknown>\n#16 0x55a77d45793b <unknown>\n#17 0x55a77d4679f4 <unknown>\n#18 0x7fe8cc9f5134 <unknown>","time":{"start":1712105527965,"stop":1712105528578,"duration":613}},{"uid":"b35df70eeb2a997d","reportUrl":"https://Nat754.github.io/StroyremAutomation/265//#testresult/b35df70eeb2a997d","status":"skipped","statusDetails":"XFAIL\n\nselenium.common.exceptions.NoSuchElementException: Message: no such element: Unable to locate element: {\"method\":\"xpath\",\"selector\":\"(//a[@class='add-to-cart yellow-btn'])[1]\"}\n  (Session info: chrome-headless-shell=123.0.6312.86); For documentation on this error, please visit: https://www.selenium.dev/documentation/webdriver/troubleshooting/errors#no-such-element-exception\nStacktrace:\n#0 0x55f1607728a3 <unknown>\n#1 0x55f1604688c6 <unknown>\n#2 0x55f1604b3618 <unknown>\n#3 0x55f1604b36d1 <unknown>\n#4 0x55f1604f6744 <unknown>\n#5 0x55f1604d55cd <unknown>\n#6 0x55f1604f3c19 <unknown>\n#7 0x55f1604d5343 <unknown>\n#8 0x55f1604a6593 <unknown>\n#9 0x55f1604a6f5e <unknown>\n#10 0x55f16073688b <unknown>\n#11 0x55f16073a7e5 <unknown>\n#12 0x55f1607245b1 <unknown>\n#13 0x55f16073b372 <unknown>\n#14 0x55f1607098bf <unknown>\n#15 0x55f160761768 <unknown>\n#16 0x55f16076193b <unknown>\n#17 0x55f1607719f4 <unknown>\n#18 0x7f60fc934134 <unknown>","time":{"start":1712019292393,"stop":1712019292947,"duration":554}},{"uid":"45f6718022696f2b","reportUrl":"https://Nat754.github.io/StroyremAutomation/264//#testresult/45f6718022696f2b","status":"skipped","statusDetails":"XFAIL\n\nselenium.common.exceptions.NoSuchElementException: Message: no such element: Unable to locate element: {\"method\":\"xpath\",\"selector\":\"(//a[@class='add-to-cart yellow-btn'])[1]\"}\n  (Session info: chrome-headless-shell=123.0.6312.86); For documentation on this error, please visit: https://www.selenium.dev/documentation/webdriver/troubleshooting/errors#no-such-element-exception\nStacktrace:\n#0 0x55ead54418a3 <unknown>\n#1 0x55ead51378c6 <unknown>\n#2 0x55ead5182618 <unknown>\n#3 0x55ead51826d1 <unknown>\n#4 0x55ead51c5744 <unknown>\n#5 0x55ead51a45cd <unknown>\n#6 0x55ead51c2c19 <unknown>\n#7 0x55ead51a4343 <unknown>\n#8 0x55ead5175593 <unknown>\n#9 0x55ead5175f5e <unknown>\n#10 0x55ead540588b <unknown>\n#11 0x55ead54097e5 <unknown>\n#12 0x55ead53f35b1 <unknown>\n#13 0x55ead540a372 <unknown>\n#14 0x55ead53d88bf <unknown>\n#15 0x55ead5430768 <unknown>\n#16 0x55ead543093b <unknown>\n#17 0x55ead54409f4 <unknown>\n#18 0x7f80314fe134 <unknown>","time":{"start":1711933106652,"stop":1711933107262,"duration":610}},{"uid":"9f3032d51e785e5c","reportUrl":"https://Nat754.github.io/StroyremAutomation/263//#testresult/9f3032d51e785e5c","status":"skipped","statusDetails":"XFAIL\n\nselenium.common.exceptions.NoSuchElementException: Message: no such element: Unable to locate element: {\"method\":\"xpath\",\"selector\":\"(//a[@class='add-to-cart yellow-btn'])[1]\"}\n  (Session info: chrome-headless-shell=123.0.6312.86); For documentation on this error, please visit: https://www.selenium.dev/documentation/webdriver/troubleshooting/errors#no-such-element-exception\nStacktrace:\n#0 0x5591e1c278a3 <unknown>\n#1 0x5591e191d8c6 <unknown>\n#2 0x5591e1968618 <unknown>\n#3 0x5591e19686d1 <unknown>\n#4 0x5591e19ab744 <unknown>\n#5 0x5591e198a5cd <unknown>\n#6 0x5591e19a8c19 <unknown>\n#7 0x5591e198a343 <unknown>\n#8 0x5591e195b593 <unknown>\n#9 0x5591e195bf5e <unknown>\n#10 0x5591e1beb88b <unknown>\n#11 0x5591e1bef7e5 <unknown>\n#12 0x5591e1bd95b1 <unknown>\n#13 0x5591e1bf0372 <unknown>\n#14 0x5591e1bbe8bf <unknown>\n#15 0x5591e1c16768 <unknown>\n#16 0x5591e1c1693b <unknown>\n#17 0x5591e1c269f4 <unknown>\n#18 0x7f3d1f8a3134 <unknown>","time":{"start":1711846660276,"stop":1711846660808,"duration":532}},{"uid":"142c27937c18d145","reportUrl":"https://Nat754.github.io/StroyremAutomation/262//#testresult/142c27937c18d145","status":"skipped","statusDetails":"XFAIL\n\nselenium.common.exceptions.NoSuchElementException: Message: no such element: Unable to locate element: {\"method\":\"xpath\",\"selector\":\"(//a[@class='add-to-cart yellow-btn'])[1]\"}\n  (Session info: chrome-headless-shell=123.0.6312.86); For documentation on this error, please visit: https://www.selenium.dev/documentation/webdriver/troubleshooting/errors#no-such-element-exception\nStacktrace:\n#0 0x5643a67b08a3 <unknown>\n#1 0x5643a64a68c6 <unknown>\n#2 0x5643a64f1618 <unknown>\n#3 0x5643a64f16d1 <unknown>\n#4 0x5643a6534744 <unknown>\n#5 0x5643a65135cd <unknown>\n#6 0x5643a6531c19 <unknown>\n#7 0x5643a6513343 <unknown>\n#8 0x5643a64e4593 <unknown>\n#9 0x5643a64e4f5e <unknown>\n#10 0x5643a677488b <unknown>\n#11 0x5643a67787e5 <unknown>\n#12 0x5643a67625b1 <unknown>\n#13 0x5643a6779372 <unknown>\n#14 0x5643a67478bf <unknown>\n#15 0x5643a679f768 <unknown>\n#16 0x5643a679f93b <unknown>\n#17 0x5643a67af9f4 <unknown>\n#18 0x7f20fe994134 <unknown>","time":{"start":1711759814588,"stop":1711759815049,"duration":461}},{"uid":"7de6f071a4c5a769","reportUrl":"https://Nat754.github.io/StroyremAutomation/261//#testresult/7de6f071a4c5a769","status":"skipped","statusDetails":"XFAIL\n\nselenium.common.exceptions.NoSuchElementException: Message: no such element: Unable to locate element: {\"method\":\"xpath\",\"selector\":\"(//a[@class='add-to-cart yellow-btn'])[1]\"}\n  (Session info: chrome-headless-shell=123.0.6312.86); For documentation on this error, please visit: https://www.selenium.dev/documentation/webdriver/troubleshooting/errors#no-such-element-exception\nStacktrace:\n#0 0x5570fc2ff8a3 <unknown>\n#1 0x5570fbff58c6 <unknown>\n#2 0x5570fc040618 <unknown>\n#3 0x5570fc0406d1 <unknown>\n#4 0x5570fc083744 <unknown>\n#5 0x5570fc0625cd <unknown>\n#6 0x5570fc080c19 <unknown>\n#7 0x5570fc062343 <unknown>\n#8 0x5570fc033593 <unknown>\n#9 0x5570fc033f5e <unknown>\n#10 0x5570fc2c388b <unknown>\n#11 0x5570fc2c77e5 <unknown>\n#12 0x5570fc2b15b1 <unknown>\n#13 0x5570fc2c8372 <unknown>\n#14 0x5570fc2968bf <unknown>\n#15 0x5570fc2ee768 <unknown>\n#16 0x5570fc2ee93b <unknown>\n#17 0x5570fc2fe9f4 <unknown>\n#18 0x7f1d3cecb134 <unknown>","time":{"start":1711673563126,"stop":1711673563582,"duration":456}},{"uid":"60bd384bfb6e3376","reportUrl":"https://Nat754.github.io/StroyremAutomation/260//#testresult/60bd384bfb6e3376","status":"skipped","statusDetails":"XFAIL\n\nselenium.common.exceptions.NoSuchElementException: Message: no such element: Unable to locate element: {\"method\":\"xpath\",\"selector\":\"(//a[@class='add-to-cart yellow-btn'])[1]\"}\n  (Session info: chrome-headless-shell=123.0.6312.86); For documentation on this error, please visit: https://www.selenium.dev/documentation/webdriver/troubleshooting/errors#no-such-element-exception\nStacktrace:\n#0 0x55b09958e8a3 <unknown>\n#1 0x55b0992848c6 <unknown>\n#2 0x55b0992cf618 <unknown>\n#3 0x55b0992cf6d1 <unknown>\n#4 0x55b099312744 <unknown>\n#5 0x55b0992f15cd <unknown>\n#6 0x55b09930fc19 <unknown>\n#7 0x55b0992f1343 <unknown>\n#8 0x55b0992c2593 <unknown>\n#9 0x55b0992c2f5e <unknown>\n#10 0x55b09955288b <unknown>\n#11 0x55b0995567e5 <unknown>\n#12 0x55b0995405b1 <unknown>\n#13 0x55b099557372 <unknown>\n#14 0x55b0995258bf <unknown>\n#15 0x55b09957d768 <unknown>\n#16 0x55b09957d93b <unknown>\n#17 0x55b09958d9f4 <unknown>\n#18 0x7f2b57cab134 <unknown>","time":{"start":1711587166156,"stop":1711587166677,"duration":521}},{"uid":"9f031295d836213e","reportUrl":"https://Nat754.github.io/StroyremAutomation/259//#testresult/9f031295d836213e","status":"skipped","statusDetails":"XFAIL\n\nselenium.common.exceptions.NoSuchElementException: Message: no such element: Unable to locate element: {\"method\":\"xpath\",\"selector\":\"(//a[@class='add-to-cart yellow-btn'])[1]\"}\n  (Session info: chrome-headless-shell=123.0.6312.86); For documentation on this error, please visit: https://www.selenium.dev/documentation/webdriver/troubleshooting/errors#no-such-element-exception\nStacktrace:\n#0 0x563120f1a8a3 <unknown>\n#1 0x563120c108c6 <unknown>\n#2 0x563120c5b618 <unknown>\n#3 0x563120c5b6d1 <unknown>\n#4 0x563120c9e744 <unknown>\n#5 0x563120c7d5cd <unknown>\n#6 0x563120c9bc19 <unknown>\n#7 0x563120c7d343 <unknown>\n#8 0x563120c4e593 <unknown>\n#9 0x563120c4ef5e <unknown>\n#10 0x563120ede88b <unknown>\n#11 0x563120ee27e5 <unknown>\n#12 0x563120ecc5b1 <unknown>\n#13 0x563120ee3372 <unknown>\n#14 0x563120eb18bf <unknown>\n#15 0x563120f09768 <unknown>\n#16 0x563120f0993b <unknown>\n#17 0x563120f199f4 <unknown>\n#18 0x7f4937fdd134 <unknown>","time":{"start":1711500718833,"stop":1711500719295,"duration":462}}]},"tags":["@pytest.mark.xfail","smoke_test"]},"source":"f949ab11bb7a4c66.json","parameterValues":["2190","1","'TD 001'","1590","'products/uroven---uglomer-elektronnyj-kapro-992'","0","'https://sandboxtest.stroyrem-nn.ru/'","30"]}