{"uid":"91d80c8cfddb75eb","name":"TD 025 Доставка товара весом до 10000кг. в синей зоне","fullName":"tests.delivery.test_delivery_calculation.TestDeliveryPageCalculation#test_positive_delivery_blue_zone_smoke","historyId":"5c91f1b6a5c2e7b4c36fa79019f7f7db","time":{"start":1695085163607,"stop":1695085164297,"duration":690},"status":"skipped","statusMessage":"XFAIL\n\nselenium.common.exceptions.NoSuchElementException: Message: no such element: Unable to locate element: {\"method\":\"xpath\",\"selector\":\"(//a[@class='add-to-cart yellow-btn'])[1]\"}\n  (Session info: headless chrome=117.0.5938.88); For documentation on this error, please visit: https://www.selenium.dev/documentation/webdriver/troubleshooting/errors#no-such-element-exception\nStacktrace:\n#0 0x55b9983986c3 <unknown>\n#1 0x55b99806e1e7 <unknown>\n#2 0x55b9980b5566 <unknown>\n#3 0x55b9980b5651 <unknown>\n#4 0x55b9980f2a74 <unknown>\n#5 0x55b9980d70ed <unknown>\n#6 0x55b9980f0322 <unknown>\n#7 0x55b9980d6e93 <unknown>\n#8 0x55b9980a9934 <unknown>\n#9 0x55b9980aa71e <unknown>\n#10 0x55b99835dcc8 <unknown>\n#11 0x55b998361c00 <unknown>\n#12 0x55b99836c1ac <unknown>\n#13 0x55b998362818 <unknown>\n#14 0x55b99832f28f <unknown>\n#15 0x55b998386e98 <unknown>\n#16 0x55b998387069 <unknown>\n#17 0x55b998397853 <unknown>\n#18 0x7f8b8c0aa044 <unknown>","statusTrace":"self = <tests.delivery.test_delivery_calculation.TestDeliveryPageCalculation object at 0x7f8381b63150>\ndriver = <selenium.webdriver.chrome.webdriver.WebDriver (session=\"d15a5e54d93c7fa5aee3fc31b88bbd4c\")>\nurl = 'https://sandboxtest.stroyrem-nn.ru/', case_id = 'TD 025'\nlink_item = 'products/shtukaturka-gipsovaya-aksolit-m50-30-kg-mashinnogo-naneseniya'\namount = 333, weight = 10000, standard = 7000, in_time = 13900, all_time = 15900\n\n    @pytest.mark.parametrize('case_id, link_item, amount, weight, standard, in_time, all_time', [\n        (\"TD 015\", bundeks_25, 1, 30, 650, 2390, 3320),\n        pytest.param(\n            \"TD 016\", aksolit_30, 8, 300, 650, 2390, 3320,\n            marks=pytest.mark.xfail(reson=\"Цена доставки: - - -\")\n        ),\n        (\"TD 017\", aksolit_30, 13, 400, 650, 2390, 3320),\n        (\"TD 018\", aksolit_30, 16, 500, 850, 2490, 3320),\n        (\"TD 019\", aksolit_30, 25, 1700, 1150, 2490, 3320),\n        (\"TD 020\", aksolit_30, 66, 2000, 1500, 2990, 3650),\n        (\"TD 021\", aksolit_30, 149, 4500, 2600, 4380, 4890),\n        (\"TD 022\", aksolit_30, 166, 5000, 2800, 5490, 5980),\n        pytest.param(\n            \"TD 023\", aksolit_30, 206, 6200, 3300, 7500, 8000,\n            marks=pytest.mark.xfail(reson=\"Цена доставки: 4300 9900 11440\")\n        ),\n        (\"TD 024\", aksolit_30, 299, 9000, 4300, 9900, 11440),\n        (\"TD 025\", aksolit_30, 333, 10000, 7000, 13900, 15900),\n        pytest.param(\n            \"TD 026\", aksolit_30, 366, 11000, 8000, 14900, 19900,\n            marks=pytest.mark.xfail(reson=\"Цена доставки: 7000 13900 15900\")\n        ),\n        pytest.param(\n            \"TD 027\", aksolit_30, 666, 20000, 14000, 16900, 23900,\n            marks=pytest.mark.xfail(reson=\"Цена доставки: 7000 13900 15900\")\n        )\n    ])\n    @pytest.mark.xfail\n    @pytest.mark.smoke_test\n    def test_positive_delivery_blue_zone_smoke(\n            self, driver, url, case_id, link_item, amount, weight, standard, in_time, all_time\n    ):\n        allure.dynamic.title(f\"{case_id} Доставка товара весом до {weight}кг. в синей зоне\")\n    \n        driver.get(f'{url}{link_item}')\n        item_page = ItemPage(driver)\n>       item_page.add_item_to_cart(amount).click_on_cart()\n\ntests/delivery/test_delivery_calculation.py:132: \n_ _ _ _ _ _ _ _ _ _ _ _ _ _ _ _ _ _ _ _ _ _ _ _ _ _ _ _ _ _ _ _ _ _ _ _ _ _ _ _ \npages/item_page.py:40: in add_item_to_cart\n    self.find_element(self._add_item).click()\nbase/seleniumbase.py:17: in find_element\n    return self.driver.find_element(*locator)\n/usr/local/lib/python3.11/site-packages/selenium/webdriver/remote/webdriver.py:739: in find_element\n    return self.execute(Command.FIND_ELEMENT, {\"using\": by, \"value\": value})[\"value\"]\n/usr/local/lib/python3.11/site-packages/selenium/webdriver/remote/webdriver.py:345: in execute\n    self.error_handler.check_response(response)\n_ _ _ _ _ _ _ _ _ _ _ _ _ _ _ _ _ _ _ _ _ _ _ _ _ _ _ _ _ _ _ _ _ _ _ _ _ _ _ _ \n\nself = <selenium.webdriver.remote.errorhandler.ErrorHandler object at 0x7f838176b1d0>\nresponse = {'status': 404, 'value': '{\"value\":{\"error\":\"no such element\",\"message\":\"no such element: Unable to locate element: {\\...\\\\n#16 0x55b998387069 \\\\u003Cunknown>\\\\n#17 0x55b998397853 \\\\u003Cunknown>\\\\n#18 0x7f8b8c0aa044 \\\\u003Cunknown>\\\\n\"}}'}\n\n    def check_response(self, response: Dict[str, Any]) -> None:\n        \"\"\"Checks that a JSON response from the WebDriver does not have an\n        error.\n    \n        :Args:\n         - response - The JSON response from the WebDriver server as a dictionary\n           object.\n    \n        :Raises: If the response contains an error message.\n        \"\"\"\n        status = response.get(\"status\", None)\n        if not status or status == ErrorCode.SUCCESS:\n            return\n        value = None\n        message = response.get(\"message\", \"\")\n        screen: str = response.get(\"screen\", \"\")\n        stacktrace = None\n        if isinstance(status, int):\n            value_json = response.get(\"value\", None)\n            if value_json and isinstance(value_json, str):\n                import json\n    \n                try:\n                    value = json.loads(value_json)\n                    if len(value) == 1:\n                        value = value[\"value\"]\n                    status = value.get(\"error\", None)\n                    if not status:\n                        status = value.get(\"status\", ErrorCode.UNKNOWN_ERROR)\n                        message = value.get(\"value\") or value.get(\"message\")\n                        if not isinstance(message, str):\n                            value = message\n                            message = message.get(\"message\")\n                    else:\n                        message = value.get(\"message\", None)\n                except ValueError:\n                    pass\n    \n        exception_class: Type[WebDriverException]\n        e = ErrorCode()\n        error_codes = [item for item in dir(e) if not item.startswith(\"__\")]\n        for error_code in error_codes:\n            error_info = getattr(ErrorCode, error_code)\n            if isinstance(error_info, list) and status in error_info:\n                exception_class = getattr(ExceptionMapping, error_code, WebDriverException)\n                break\n        else:\n            exception_class = WebDriverException\n    \n        if not value:\n            value = response[\"value\"]\n        if isinstance(value, str):\n            raise exception_class(value)\n        if message == \"\" and \"message\" in value:\n            message = value[\"message\"]\n    \n        screen = None  # type: ignore[assignment]\n        if \"screen\" in value:\n            screen = value[\"screen\"]\n    \n        stacktrace = None\n        st_value = value.get(\"stackTrace\") or value.get(\"stacktrace\")\n        if st_value:\n            if isinstance(st_value, str):\n                stacktrace = st_value.split(\"\\n\")\n            else:\n                stacktrace = []\n                try:\n                    for frame in st_value:\n                        line = frame.get(\"lineNumber\", \"\")\n                        file = frame.get(\"fileName\", \"<anonymous>\")\n                        if line:\n                            file = f\"{file}:{line}\"\n                        meth = frame.get(\"methodName\", \"<anonymous>\")\n                        if \"className\" in frame:\n                            meth = f\"{frame['className']}.{meth}\"\n                        msg = \"    at %s (%s)\"\n                        msg = msg % (meth, file)\n                        stacktrace.append(msg)\n                except TypeError:\n                    pass\n        if exception_class == UnexpectedAlertPresentException:\n            alert_text = None\n            if \"data\" in value:\n                alert_text = value[\"data\"].get(\"text\")\n            elif \"alert\" in value:\n                alert_text = value[\"alert\"].get(\"text\")\n            raise exception_class(message, screen, stacktrace, alert_text)  # type: ignore[call-arg]  # mypy is not smart enough here\n>       raise exception_class(message, screen, stacktrace)\nE       selenium.common.exceptions.NoSuchElementException: Message: no such element: Unable to locate element: {\"method\":\"xpath\",\"selector\":\"(//a[@class='add-to-cart yellow-btn'])[1]\"}\nE         (Session info: headless chrome=117.0.5938.88); For documentation on this error, please visit: https://www.selenium.dev/documentation/webdriver/troubleshooting/errors#no-such-element-exception\nE       Stacktrace:\nE       #0 0x55b9983986c3 <unknown>\nE       #1 0x55b99806e1e7 <unknown>\nE       #2 0x55b9980b5566 <unknown>\nE       #3 0x55b9980b5651 <unknown>\nE       #4 0x55b9980f2a74 <unknown>\nE       #5 0x55b9980d70ed <unknown>\nE       #6 0x55b9980f0322 <unknown>\nE       #7 0x55b9980d6e93 <unknown>\nE       #8 0x55b9980a9934 <unknown>\nE       #9 0x55b9980aa71e <unknown>\nE       #10 0x55b99835dcc8 <unknown>\nE       #11 0x55b998361c00 <unknown>\nE       #12 0x55b99836c1ac <unknown>\nE       #13 0x55b998362818 <unknown>\nE       #14 0x55b99832f28f <unknown>\nE       #15 0x55b998386e98 <unknown>\nE       #16 0x55b998387069 <unknown>\nE       #17 0x55b998397853 <unknown>\nE       #18 0x7f8b8c0aa044 <unknown>\n\n/usr/local/lib/python3.11/site-packages/selenium/webdriver/remote/errorhandler.py:229: NoSuchElementException","flaky":false,"newFailed":false,"newBroken":false,"newPassed":false,"retriesCount":0,"retriesStatusChange":false,"beforeStages":[{"name":"_session_faker","time":{"start":1695084475043,"stop":1695084475130,"duration":87},"status":"passed","steps":[],"attachments":[],"parameters":[],"shouldDisplayMessage":false,"stepsCount":0,"attachmentsCount":0,"hasContent":false},{"name":"clear_allure_results_folder","time":{"start":1695084475130,"stop":1695084475130,"duration":0},"status":"passed","steps":[],"attachments":[],"parameters":[],"shouldDisplayMessage":false,"stepsCount":0,"attachmentsCount":0,"hasContent":false},{"name":"driver","time":{"start":1695085162766,"stop":1695085163606,"duration":840},"status":"passed","steps":[],"attachments":[],"parameters":[],"shouldDisplayMessage":false,"stepsCount":0,"attachmentsCount":0,"hasContent":false},{"name":"setup","time":{"start":1695085163606,"stop":1695085163606,"duration":0},"status":"passed","steps":[],"attachments":[],"parameters":[],"shouldDisplayMessage":false,"stepsCount":0,"attachmentsCount":0,"hasContent":false}],"testStage":{"status":"skipped","statusMessage":"XFAIL\n\nselenium.common.exceptions.NoSuchElementException: Message: no such element: Unable to locate element: {\"method\":\"xpath\",\"selector\":\"(//a[@class='add-to-cart yellow-btn'])[1]\"}\n  (Session info: headless chrome=117.0.5938.88); For documentation on this error, please visit: https://www.selenium.dev/documentation/webdriver/troubleshooting/errors#no-such-element-exception\nStacktrace:\n#0 0x55b9983986c3 <unknown>\n#1 0x55b99806e1e7 <unknown>\n#2 0x55b9980b5566 <unknown>\n#3 0x55b9980b5651 <unknown>\n#4 0x55b9980f2a74 <unknown>\n#5 0x55b9980d70ed <unknown>\n#6 0x55b9980f0322 <unknown>\n#7 0x55b9980d6e93 <unknown>\n#8 0x55b9980a9934 <unknown>\n#9 0x55b9980aa71e <unknown>\n#10 0x55b99835dcc8 <unknown>\n#11 0x55b998361c00 <unknown>\n#12 0x55b99836c1ac <unknown>\n#13 0x55b998362818 <unknown>\n#14 0x55b99832f28f <unknown>\n#15 0x55b998386e98 <unknown>\n#16 0x55b998387069 <unknown>\n#17 0x55b998397853 <unknown>\n#18 0x7f8b8c0aa044 <unknown>","statusTrace":"self = <tests.delivery.test_delivery_calculation.TestDeliveryPageCalculation object at 0x7f8381b63150>\ndriver = <selenium.webdriver.chrome.webdriver.WebDriver (session=\"d15a5e54d93c7fa5aee3fc31b88bbd4c\")>\nurl = 'https://sandboxtest.stroyrem-nn.ru/', case_id = 'TD 025'\nlink_item = 'products/shtukaturka-gipsovaya-aksolit-m50-30-kg-mashinnogo-naneseniya'\namount = 333, weight = 10000, standard = 7000, in_time = 13900, all_time = 15900\n\n    @pytest.mark.parametrize('case_id, link_item, amount, weight, standard, in_time, all_time', [\n        (\"TD 015\", bundeks_25, 1, 30, 650, 2390, 3320),\n        pytest.param(\n            \"TD 016\", aksolit_30, 8, 300, 650, 2390, 3320,\n            marks=pytest.mark.xfail(reson=\"Цена доставки: - - -\")\n        ),\n        (\"TD 017\", aksolit_30, 13, 400, 650, 2390, 3320),\n        (\"TD 018\", aksolit_30, 16, 500, 850, 2490, 3320),\n        (\"TD 019\", aksolit_30, 25, 1700, 1150, 2490, 3320),\n        (\"TD 020\", aksolit_30, 66, 2000, 1500, 2990, 3650),\n        (\"TD 021\", aksolit_30, 149, 4500, 2600, 4380, 4890),\n        (\"TD 022\", aksolit_30, 166, 5000, 2800, 5490, 5980),\n        pytest.param(\n            \"TD 023\", aksolit_30, 206, 6200, 3300, 7500, 8000,\n            marks=pytest.mark.xfail(reson=\"Цена доставки: 4300 9900 11440\")\n        ),\n        (\"TD 024\", aksolit_30, 299, 9000, 4300, 9900, 11440),\n        (\"TD 025\", aksolit_30, 333, 10000, 7000, 13900, 15900),\n        pytest.param(\n            \"TD 026\", aksolit_30, 366, 11000, 8000, 14900, 19900,\n            marks=pytest.mark.xfail(reson=\"Цена доставки: 7000 13900 15900\")\n        ),\n        pytest.param(\n            \"TD 027\", aksolit_30, 666, 20000, 14000, 16900, 23900,\n            marks=pytest.mark.xfail(reson=\"Цена доставки: 7000 13900 15900\")\n        )\n    ])\n    @pytest.mark.xfail\n    @pytest.mark.smoke_test\n    def test_positive_delivery_blue_zone_smoke(\n            self, driver, url, case_id, link_item, amount, weight, standard, in_time, all_time\n    ):\n        allure.dynamic.title(f\"{case_id} Доставка товара весом до {weight}кг. в синей зоне\")\n    \n        driver.get(f'{url}{link_item}')\n        item_page = ItemPage(driver)\n>       item_page.add_item_to_cart(amount).click_on_cart()\n\ntests/delivery/test_delivery_calculation.py:132: \n_ _ _ _ _ _ _ _ _ _ _ _ _ _ _ _ _ _ _ _ _ _ _ _ _ _ _ _ _ _ _ _ _ _ _ _ _ _ _ _ \npages/item_page.py:40: in add_item_to_cart\n    self.find_element(self._add_item).click()\nbase/seleniumbase.py:17: in find_element\n    return self.driver.find_element(*locator)\n/usr/local/lib/python3.11/site-packages/selenium/webdriver/remote/webdriver.py:739: in find_element\n    return self.execute(Command.FIND_ELEMENT, {\"using\": by, \"value\": value})[\"value\"]\n/usr/local/lib/python3.11/site-packages/selenium/webdriver/remote/webdriver.py:345: in execute\n    self.error_handler.check_response(response)\n_ _ _ _ _ _ _ _ _ _ _ _ _ _ _ _ _ _ _ _ _ _ _ _ _ _ _ _ _ _ _ _ _ _ _ _ _ _ _ _ \n\nself = <selenium.webdriver.remote.errorhandler.ErrorHandler object at 0x7f838176b1d0>\nresponse = {'status': 404, 'value': '{\"value\":{\"error\":\"no such element\",\"message\":\"no such element: Unable to locate element: {\\...\\\\n#16 0x55b998387069 \\\\u003Cunknown>\\\\n#17 0x55b998397853 \\\\u003Cunknown>\\\\n#18 0x7f8b8c0aa044 \\\\u003Cunknown>\\\\n\"}}'}\n\n    def check_response(self, response: Dict[str, Any]) -> None:\n        \"\"\"Checks that a JSON response from the WebDriver does not have an\n        error.\n    \n        :Args:\n         - response - The JSON response from the WebDriver server as a dictionary\n           object.\n    \n        :Raises: If the response contains an error message.\n        \"\"\"\n        status = response.get(\"status\", None)\n        if not status or status == ErrorCode.SUCCESS:\n            return\n        value = None\n        message = response.get(\"message\", \"\")\n        screen: str = response.get(\"screen\", \"\")\n        stacktrace = None\n        if isinstance(status, int):\n            value_json = response.get(\"value\", None)\n            if value_json and isinstance(value_json, str):\n                import json\n    \n                try:\n                    value = json.loads(value_json)\n                    if len(value) == 1:\n                        value = value[\"value\"]\n                    status = value.get(\"error\", None)\n                    if not status:\n                        status = value.get(\"status\", ErrorCode.UNKNOWN_ERROR)\n                        message = value.get(\"value\") or value.get(\"message\")\n                        if not isinstance(message, str):\n                            value = message\n                            message = message.get(\"message\")\n                    else:\n                        message = value.get(\"message\", None)\n                except ValueError:\n                    pass\n    \n        exception_class: Type[WebDriverException]\n        e = ErrorCode()\n        error_codes = [item for item in dir(e) if not item.startswith(\"__\")]\n        for error_code in error_codes:\n            error_info = getattr(ErrorCode, error_code)\n            if isinstance(error_info, list) and status in error_info:\n                exception_class = getattr(ExceptionMapping, error_code, WebDriverException)\n                break\n        else:\n            exception_class = WebDriverException\n    \n        if not value:\n            value = response[\"value\"]\n        if isinstance(value, str):\n            raise exception_class(value)\n        if message == \"\" and \"message\" in value:\n            message = value[\"message\"]\n    \n        screen = None  # type: ignore[assignment]\n        if \"screen\" in value:\n            screen = value[\"screen\"]\n    \n        stacktrace = None\n        st_value = value.get(\"stackTrace\") or value.get(\"stacktrace\")\n        if st_value:\n            if isinstance(st_value, str):\n                stacktrace = st_value.split(\"\\n\")\n            else:\n                stacktrace = []\n                try:\n                    for frame in st_value:\n                        line = frame.get(\"lineNumber\", \"\")\n                        file = frame.get(\"fileName\", \"<anonymous>\")\n                        if line:\n                            file = f\"{file}:{line}\"\n                        meth = frame.get(\"methodName\", \"<anonymous>\")\n                        if \"className\" in frame:\n                            meth = f\"{frame['className']}.{meth}\"\n                        msg = \"    at %s (%s)\"\n                        msg = msg % (meth, file)\n                        stacktrace.append(msg)\n                except TypeError:\n                    pass\n        if exception_class == UnexpectedAlertPresentException:\n            alert_text = None\n            if \"data\" in value:\n                alert_text = value[\"data\"].get(\"text\")\n            elif \"alert\" in value:\n                alert_text = value[\"alert\"].get(\"text\")\n            raise exception_class(message, screen, stacktrace, alert_text)  # type: ignore[call-arg]  # mypy is not smart enough here\n>       raise exception_class(message, screen, stacktrace)\nE       selenium.common.exceptions.NoSuchElementException: Message: no such element: Unable to locate element: {\"method\":\"xpath\",\"selector\":\"(//a[@class='add-to-cart yellow-btn'])[1]\"}\nE         (Session info: headless chrome=117.0.5938.88); For documentation on this error, please visit: https://www.selenium.dev/documentation/webdriver/troubleshooting/errors#no-such-element-exception\nE       Stacktrace:\nE       #0 0x55b9983986c3 <unknown>\nE       #1 0x55b99806e1e7 <unknown>\nE       #2 0x55b9980b5566 <unknown>\nE       #3 0x55b9980b5651 <unknown>\nE       #4 0x55b9980f2a74 <unknown>\nE       #5 0x55b9980d70ed <unknown>\nE       #6 0x55b9980f0322 <unknown>\nE       #7 0x55b9980d6e93 <unknown>\nE       #8 0x55b9980a9934 <unknown>\nE       #9 0x55b9980aa71e <unknown>\nE       #10 0x55b99835dcc8 <unknown>\nE       #11 0x55b998361c00 <unknown>\nE       #12 0x55b99836c1ac <unknown>\nE       #13 0x55b998362818 <unknown>\nE       #14 0x55b99832f28f <unknown>\nE       #15 0x55b998386e98 <unknown>\nE       #16 0x55b998387069 <unknown>\nE       #17 0x55b998397853 <unknown>\nE       #18 0x7f8b8c0aa044 <unknown>\n\n/usr/local/lib/python3.11/site-packages/selenium/webdriver/remote/errorhandler.py:229: NoSuchElementException","steps":[{"name":"Добавляем товар в корзину в количестве 333","time":{"start":1695085164281,"stop":1695085164296,"duration":15},"status":"broken","statusMessage":"selenium.common.exceptions.NoSuchElementException: Message: no such element: Unable to locate element: {\"method\":\"xpath\",\"selector\":\"(//a[@class='add-to-cart yellow-btn'])[1]\"}\n  (Session info: headless chrome=117.0.5938.88); For documentation on this error, please visit: https://www.selenium.dev/documentation/webdriver/troubleshooting/errors#no-such-element-exception\nStacktrace:\n#0 0x55b9983986c3 <unknown>\n#1 0x55b99806e1e7 <unknown>\n#2 0x55b9980b5566 <unknown>\n#3 0x55b9980b5651 <unknown>\n#4 0x55b9980f2a74 <unknown>\n#5 0x55b9980d70ed <unknown>\n#6 0x55b9980f0322 <unknown>\n#7 0x55b9980d6e93 <unknown>\n#8 0x55b9980a9934 <unknown>\n#9 0x55b9980aa71e <unknown>\n#10 0x55b99835dcc8 <unknown>\n#11 0x55b998361c00 <unknown>\n#12 0x55b99836c1ac <unknown>\n#13 0x55b998362818 <unknown>\n#14 0x55b99832f28f <unknown>\n#15 0x55b998386e98 <unknown>\n#16 0x55b998387069 <unknown>\n#17 0x55b998397853 <unknown>\n#18 0x7f8b8c0aa044 <unknown>\n\n","statusTrace":"  File \"/usr/local/lib/python3.11/site-packages/allure_commons/_allure.py\", line 192, in impl\n    return func(*a, **kw)\n           ^^^^^^^^^^^^^^\n  File \"/app/pages/item_page.py\", line 40, in add_item_to_cart\n    self.find_element(self._add_item).click()\n    ^^^^^^^^^^^^^^^^^^^^^^^^^^^^^^^^^\n  File \"/app/base/seleniumbase.py\", line 17, in find_element\n    return self.driver.find_element(*locator)\n           ^^^^^^^^^^^^^^^^^^^^^^^^^^^^^^^^^^\n  File \"/usr/local/lib/python3.11/site-packages/selenium/webdriver/remote/webdriver.py\", line 739, in find_element\n    return self.execute(Command.FIND_ELEMENT, {\"using\": by, \"value\": value})[\"value\"]\n           ^^^^^^^^^^^^^^^^^^^^^^^^^^^^^^^^^^^^^^^^^^^^^^^^^^^^^^^^^^^^^^^^^\n  File \"/usr/local/lib/python3.11/site-packages/selenium/webdriver/remote/webdriver.py\", line 345, in execute\n    self.error_handler.check_response(response)\n  File \"/usr/local/lib/python3.11/site-packages/selenium/webdriver/remote/errorhandler.py\", line 229, in check_response\n    raise exception_class(message, screen, stacktrace)\n","steps":[],"attachments":[],"parameters":[{"name":"amount","value":"333"}],"shouldDisplayMessage":true,"stepsCount":0,"attachmentsCount":0,"hasContent":true}],"attachments":[{"uid":"19f2dfeb3f5ffa74","name":"Screenshot","source":"19f2dfeb3f5ffa74.png","type":"image/png","size":39917},{"uid":"fed31dd3acac53","name":"HTML source","source":"fed31dd3acac53.html","type":"text/html","size":544}],"parameters":[],"shouldDisplayMessage":true,"stepsCount":1,"attachmentsCount":2,"hasContent":true},"afterStages":[{"name":"setup::0","time":{"start":1695085164438,"stop":1695085164438,"duration":0},"status":"passed","steps":[],"attachments":[],"parameters":[],"shouldDisplayMessage":false,"stepsCount":0,"attachmentsCount":0,"hasContent":false},{"name":"driver::0","time":{"start":1695085164438,"stop":1695085164495,"duration":57},"status":"passed","steps":[],"attachments":[],"parameters":[],"shouldDisplayMessage":false,"stepsCount":0,"attachmentsCount":0,"hasContent":false}],"labels":[{"name":"epic","value":"Delivery Page - calculation"},{"name":"tag","value":"smoke_test"},{"name":"tag","value":"@pytest.mark.xfail"},{"name":"parentSuite","value":"tests.delivery"},{"name":"suite","value":"test_delivery_calculation"},{"name":"subSuite","value":"TestDeliveryPageCalculation"},{"name":"host","value":"2ad580ab390c"},{"name":"thread","value":"1-MainThread"},{"name":"framework","value":"pytest"},{"name":"language","value":"cpython3"},{"name":"package","value":"tests.delivery.test_delivery_calculation"},{"name":"resultFormat","value":"allure2"}],"parameters":[{"name":"all_time","value":"15900"},{"name":"amount","value":"333"},{"name":"case_id","value":"'TD 025'"},{"name":"in_time","value":"13900"},{"name":"link_item","value":"'products/shtukaturka-gipsovaya-aksolit-m50-30-kg-mashinnogo-naneseniya'"},{"name":"standard","value":"7000"},{"name":"url","value":"'https://sandboxtest.stroyrem-nn.ru/'"},{"name":"weight","value":"10000"}],"links":[],"hidden":false,"retry":false,"extra":{"severity":"normal","retries":[],"categories":[],"history":{"statistic":{"failed":0,"broken":13,"skipped":25,"passed":0,"unknown":0,"total":38},"items":[{"uid":"562fcaeaf885743a","reportUrl":"https://Nat754.github.io/StroyremAutomation/67//#testresult/562fcaeaf885743a","status":"skipped","statusDetails":"XFAIL\n\nselenium.common.exceptions.NoSuchElementException: Message: no such element: Unable to locate element: {\"method\":\"xpath\",\"selector\":\"(//a[@class='add-to-cart yellow-btn'])[1]\"}\n  (Session info: headless chrome=117.0.5938.88); For documentation on this error, please visit: https://www.selenium.dev/documentation/webdriver/troubleshooting/errors#no-such-element-exception\nStacktrace:\n#0 0x55d594bc96c3 <unknown>\n#1 0x55d59489f1e7 <unknown>\n#2 0x55d5948e6566 <unknown>\n#3 0x55d5948e6651 <unknown>\n#4 0x55d594923a74 <unknown>\n#5 0x55d5949080ed <unknown>\n#6 0x55d594921322 <unknown>\n#7 0x55d594907e93 <unknown>\n#8 0x55d5948da934 <unknown>\n#9 0x55d5948db71e <unknown>\n#10 0x55d594b8ecc8 <unknown>\n#11 0x55d594b92c00 <unknown>\n#12 0x55d594b9d1ac <unknown>\n#13 0x55d594b93818 <unknown>\n#14 0x55d594b6028f <unknown>\n#15 0x55d594bb7e98 <unknown>\n#16 0x55d594bb8069 <unknown>\n#17 0x55d594bc8853 <unknown>\n#18 0x7fad82634044 <unknown>","time":{"start":1695063677650,"stop":1695063678187,"duration":537}},{"uid":"7260818ac421bc04","reportUrl":"https://Nat754.github.io/StroyremAutomation/66//#testresult/7260818ac421bc04","status":"skipped","statusDetails":"XFAIL\n\nselenium.common.exceptions.NoSuchElementException: Message: no such element: Unable to locate element: {\"method\":\"xpath\",\"selector\":\"(//a[@class='add-to-cart yellow-btn'])[1]\"}\n  (Session info: headless chrome=117.0.5938.88); For documentation on this error, please visit: https://www.selenium.dev/documentation/webdriver/troubleshooting/errors#no-such-element-exception\nStacktrace:\n#0 0x55f83e6806c3 <unknown>\n#1 0x55f83e3561e7 <unknown>\n#2 0x55f83e39d566 <unknown>\n#3 0x55f83e39d651 <unknown>\n#4 0x55f83e3daa74 <unknown>\n#5 0x55f83e3bf0ed <unknown>\n#6 0x55f83e3d8322 <unknown>\n#7 0x55f83e3bee93 <unknown>\n#8 0x55f83e391934 <unknown>\n#9 0x55f83e39271e <unknown>\n#10 0x55f83e645cc8 <unknown>\n#11 0x55f83e649c00 <unknown>\n#12 0x55f83e6541ac <unknown>\n#13 0x55f83e64a818 <unknown>\n#14 0x55f83e61728f <unknown>\n#15 0x55f83e66ee98 <unknown>\n#16 0x55f83e66f069 <unknown>\n#17 0x55f83e67f853 <unknown>\n#18 0x7fe79429b044 <unknown>","time":{"start":1695060487882,"stop":1695060488333,"duration":451}},{"uid":"23cef12bb2a61b1","reportUrl":"https://Nat754.github.io/StroyremAutomation/66//#testresult/23cef12bb2a61b1","status":"skipped","statusDetails":"XFAIL\n\nselenium.common.exceptions.NoSuchElementException: Message: no such element: Unable to locate element: {\"method\":\"xpath\",\"selector\":\"(//a[@class='add-to-cart yellow-btn'])[1]\"}\n  (Session info: headless chrome=117.0.5938.88); For documentation on this error, please visit: https://www.selenium.dev/documentation/webdriver/troubleshooting/errors#no-such-element-exception\nStacktrace:\n#0 0x55820b6516c3 <unknown>\n#1 0x55820b3271e7 <unknown>\n#2 0x55820b36e566 <unknown>\n#3 0x55820b36e651 <unknown>\n#4 0x55820b3aba74 <unknown>\n#5 0x55820b3900ed <unknown>\n#6 0x55820b3a9322 <unknown>\n#7 0x55820b38fe93 <unknown>\n#8 0x55820b362934 <unknown>\n#9 0x55820b36371e <unknown>\n#10 0x55820b616cc8 <unknown>\n#11 0x55820b61ac00 <unknown>\n#12 0x55820b6251ac <unknown>\n#13 0x55820b61b818 <unknown>\n#14 0x55820b5e828f <unknown>\n#15 0x55820b63fe98 <unknown>\n#16 0x55820b640069 <unknown>\n#17 0x55820b650853 <unknown>\n#18 0x7fbf289aa044 <unknown>","time":{"start":1694998522430,"stop":1694998522977,"duration":547}},{"uid":"4a5a6b8755301c48","reportUrl":"https://Nat754.github.io/StroyremAutomation/65//#testresult/4a5a6b8755301c48","status":"skipped","statusDetails":"XFAIL\n\nselenium.common.exceptions.NoSuchElementException: Message: no such element: Unable to locate element: {\"method\":\"xpath\",\"selector\":\"(//a[@class='add-to-cart yellow-btn'])[1]\"}\n  (Session info: headless chrome=117.0.5938.88); For documentation on this error, please visit: https://www.selenium.dev/documentation/webdriver/troubleshooting/errors#no-such-element-exception\nStacktrace:\n#0 0x5559ce5bd6c3 <unknown>\n#1 0x5559ce2931e7 <unknown>\n#2 0x5559ce2da566 <unknown>\n#3 0x5559ce2da651 <unknown>\n#4 0x5559ce317a74 <unknown>\n#5 0x5559ce2fc0ed <unknown>\n#6 0x5559ce315322 <unknown>\n#7 0x5559ce2fbe93 <unknown>\n#8 0x5559ce2ce934 <unknown>\n#9 0x5559ce2cf71e <unknown>\n#10 0x5559ce582cc8 <unknown>\n#11 0x5559ce586c00 <unknown>\n#12 0x5559ce5911ac <unknown>\n#13 0x5559ce587818 <unknown>\n#14 0x5559ce55428f <unknown>\n#15 0x5559ce5abe98 <unknown>\n#16 0x5559ce5ac069 <unknown>\n#17 0x5559ce5bc853 <unknown>\n#18 0x7f71a1bff044 <unknown>","time":{"start":1694929472549,"stop":1694929473119,"duration":570}},{"uid":"48d7f47eaeb0c545","reportUrl":"https://Nat754.github.io/StroyremAutomation/65//#testresult/48d7f47eaeb0c545","status":"skipped","statusDetails":"XFAIL\n\nselenium.common.exceptions.NoSuchElementException: Message: no such element: Unable to locate element: {\"method\":\"xpath\",\"selector\":\"(//a[@class='add-to-cart yellow-btn'])[1]\"}\n  (Session info: headless chrome=117.0.5938.88); For documentation on this error, please visit: https://www.selenium.dev/documentation/webdriver/troubleshooting/errors#no-such-element-exception\nStacktrace:\n#0 0x55fc3332d6c3 <unknown>\n#1 0x55fc330031e7 <unknown>\n#2 0x55fc3304a566 <unknown>\n#3 0x55fc3304a651 <unknown>\n#4 0x55fc33087a74 <unknown>\n#5 0x55fc3306c0ed <unknown>\n#6 0x55fc33085322 <unknown>\n#7 0x55fc3306be93 <unknown>\n#8 0x55fc3303e934 <unknown>\n#9 0x55fc3303f71e <unknown>\n#10 0x55fc332f2cc8 <unknown>\n#11 0x55fc332f6c00 <unknown>\n#12 0x55fc333011ac <unknown>\n#13 0x55fc332f7818 <unknown>\n#14 0x55fc332c428f <unknown>\n#15 0x55fc3331be98 <unknown>\n#16 0x55fc3331c069 <unknown>\n#17 0x55fc3332c853 <unknown>\n#18 0x7f3b4e45f044 <unknown>","time":{"start":1694912371766,"stop":1694912372323,"duration":557}},{"uid":"e528797bd30d5044","reportUrl":"https://Nat754.github.io/StroyremAutomation/64//#testresult/e528797bd30d5044","status":"skipped","statusDetails":"XFAIL\n\nselenium.common.exceptions.NoSuchElementException: Message: no such element: Unable to locate element: {\"method\":\"xpath\",\"selector\":\"(//a[@class='add-to-cart yellow-btn'])[1]\"}\n  (Session info: headless chrome=117.0.5938.88); For documentation on this error, please visit: https://www.selenium.dev/documentation/webdriver/troubleshooting/errors#no-such-element-exception\nStacktrace:\n#0 0x55b5ae8c86c3 <unknown>\n#1 0x55b5ae59e1e7 <unknown>\n#2 0x55b5ae5e5566 <unknown>\n#3 0x55b5ae5e5651 <unknown>\n#4 0x55b5ae622a74 <unknown>\n#5 0x55b5ae6070ed <unknown>\n#6 0x55b5ae620322 <unknown>\n#7 0x55b5ae606e93 <unknown>\n#8 0x55b5ae5d9934 <unknown>\n#9 0x55b5ae5da71e <unknown>\n#10 0x55b5ae88dcc8 <unknown>\n#11 0x55b5ae891c00 <unknown>\n#12 0x55b5ae89c1ac <unknown>\n#13 0x55b5ae892818 <unknown>\n#14 0x55b5ae85f28f <unknown>\n#15 0x55b5ae8b6e98 <unknown>\n#16 0x55b5ae8b7069 <unknown>\n#17 0x55b5ae8c7853 <unknown>\n#18 0x7f7823bfd044 <unknown>","time":{"start":1694825672710,"stop":1694825673283,"duration":573}},{"uid":"e1b798c12e130b3d","reportUrl":"https://Nat754.github.io/StroyremAutomation/63//#testresult/e1b798c12e130b3d","status":"skipped","statusDetails":"XFAIL\n\nselenium.common.exceptions.NoSuchElementException: Message: no such element: Unable to locate element: {\"method\":\"xpath\",\"selector\":\"(//a[@class='add-to-cart yellow-btn'])[1]\"}\n  (Session info: headless chrome=117.0.5938.62); For documentation on this error, please visit: https://www.selenium.dev/documentation/webdriver/troubleshooting/errors#no-such-element-exception\nStacktrace:\n#0 0x560555fd9693 <unknown>\n#1 0x560555caf1e7 <unknown>\n#2 0x560555cf6566 <unknown>\n#3 0x560555cf6651 <unknown>\n#4 0x560555d33a74 <unknown>\n#5 0x560555d180ed <unknown>\n#6 0x560555d31322 <unknown>\n#7 0x560555d17e93 <unknown>\n#8 0x560555cea934 <unknown>\n#9 0x560555ceb71e <unknown>\n#10 0x560555f9ec98 <unknown>\n#11 0x560555fa2bd0 <unknown>\n#12 0x560555fad17c <unknown>\n#13 0x560555fa37e8 <unknown>\n#14 0x560555f7025f <unknown>\n#15 0x560555fc7e68 <unknown>\n#16 0x560555fc8039 <unknown>\n#17 0x560555fd8823 <unknown>\n#18 0x7fc1f8ba9044 <unknown>","time":{"start":1694739416732,"stop":1694739417290,"duration":558}},{"uid":"5606efa3e5ddcf2b","reportUrl":"https://Nat754.github.io/StroyremAutomation/62//#testresult/5606efa3e5ddcf2b","status":"skipped","statusDetails":"XFAIL\n\nselenium.common.exceptions.NoSuchElementException: Message: no such element: Unable to locate element: {\"method\":\"xpath\",\"selector\":\"(//a[@class='add-to-cart yellow-btn'])[1]\"}\n  (Session info: headless chrome=117.0.5938.62); For documentation on this error, please visit: https://www.selenium.dev/documentation/webdriver/troubleshooting/errors#no-such-element-exception\nStacktrace:\n#0 0x563b2808d693 <unknown>\n#1 0x563b27d631e7 <unknown>\n#2 0x563b27daa566 <unknown>\n#3 0x563b27daa651 <unknown>\n#4 0x563b27de7a74 <unknown>\n#5 0x563b27dcc0ed <unknown>\n#6 0x563b27de5322 <unknown>\n#7 0x563b27dcbe93 <unknown>\n#8 0x563b27d9e934 <unknown>\n#9 0x563b27d9f71e <unknown>\n#10 0x563b28052c98 <unknown>\n#11 0x563b28056bd0 <unknown>\n#12 0x563b2806117c <unknown>\n#13 0x563b280577e8 <unknown>\n#14 0x563b2802425f <unknown>\n#15 0x563b2807be68 <unknown>\n#16 0x563b2807c039 <unknown>\n#17 0x563b2808c823 <unknown>\n#18 0x7f8f150ac044 <unknown>","time":{"start":1694652955978,"stop":1694652956419,"duration":441}},{"uid":"836785c6f768cb83","reportUrl":"https://Nat754.github.io/StroyremAutomation/61//#testresult/836785c6f768cb83","status":"skipped","statusDetails":"XFAIL\n\nselenium.common.exceptions.NoSuchElementException: Message: no such element: Unable to locate element: {\"method\":\"xpath\",\"selector\":\"(//a[@class='add-to-cart yellow-btn'])[1]\"}\n  (Session info: headless chrome=117.0.5938.62); For documentation on this error, please visit: https://www.selenium.dev/documentation/webdriver/troubleshooting/errors#no-such-element-exception\nStacktrace:\n#0 0x563d3c9d7693 <unknown>\n#1 0x563d3c6ad1e7 <unknown>\n#2 0x563d3c6f4566 <unknown>\n#3 0x563d3c6f4651 <unknown>\n#4 0x563d3c731a74 <unknown>\n#5 0x563d3c7160ed <unknown>\n#6 0x563d3c72f322 <unknown>\n#7 0x563d3c715e93 <unknown>\n#8 0x563d3c6e8934 <unknown>\n#9 0x563d3c6e971e <unknown>\n#10 0x563d3c99cc98 <unknown>\n#11 0x563d3c9a0bd0 <unknown>\n#12 0x563d3c9ab17c <unknown>\n#13 0x563d3c9a17e8 <unknown>\n#14 0x563d3c96e25f <unknown>\n#15 0x563d3c9c5e68 <unknown>\n#16 0x563d3c9c6039 <unknown>\n#17 0x563d3c9d6823 <unknown>\n#18 0x7f6aa6bd2044 <unknown>","time":{"start":1694637931107,"stop":1694637931675,"duration":568}},{"uid":"5778c3ad65dfe90","reportUrl":"https://Nat754.github.io/StroyremAutomation/61//#testresult/5778c3ad65dfe90","status":"skipped","statusDetails":"XFAIL\n\nselenium.common.exceptions.NoSuchElementException: Message: no such element: Unable to locate element: {\"method\":\"xpath\",\"selector\":\"(//a[@class='add-to-cart yellow-btn'])[1]\"}\n  (Session info: headless chrome=117.0.5938.62); For documentation on this error, please visit: https://www.selenium.dev/documentation/webdriver/troubleshooting/errors#no-such-element-exception\nStacktrace:\n#0 0x55de86e99693 <unknown>\n#1 0x55de86b6f1e7 <unknown>\n#2 0x55de86bb6566 <unknown>\n#3 0x55de86bb6651 <unknown>\n#4 0x55de86bf3a74 <unknown>\n#5 0x55de86bd80ed <unknown>\n#6 0x55de86bf1322 <unknown>\n#7 0x55de86bd7e93 <unknown>\n#8 0x55de86baa934 <unknown>\n#9 0x55de86bab71e <unknown>\n#10 0x55de86e5ec98 <unknown>\n#11 0x55de86e62bd0 <unknown>\n#12 0x55de86e6d17c <unknown>\n#13 0x55de86e637e8 <unknown>\n#14 0x55de86e3025f <unknown>\n#15 0x55de86e87e68 <unknown>\n#16 0x55de86e88039 <unknown>\n#17 0x55de86e98823 <unknown>\n#18 0x7f7228d4d044 <unknown>","time":{"start":1694580718999,"stop":1694580719634,"duration":635}},{"uid":"6742b2593e633b93","reportUrl":"https://Nat754.github.io/StroyremAutomation/61//#testresult/6742b2593e633b93","status":"skipped","statusDetails":"XFAIL\n\nselenium.common.exceptions.NoSuchElementException: Message: no such element: Unable to locate element: {\"method\":\"xpath\",\"selector\":\"(//a[@class='add-to-cart yellow-btn'])[1]\"}\n  (Session info: headless chrome=117.0.5938.62); For documentation on this error, please visit: https://www.selenium.dev/documentation/webdriver/troubleshooting/errors#no-such-element-exception\nStacktrace:\n#0 0x563cf6f19693 <unknown>\n#1 0x563cf6bef1e7 <unknown>\n#2 0x563cf6c36566 <unknown>\n#3 0x563cf6c36651 <unknown>\n#4 0x563cf6c73a74 <unknown>\n#5 0x563cf6c580ed <unknown>\n#6 0x563cf6c71322 <unknown>\n#7 0x563cf6c57e93 <unknown>\n#8 0x563cf6c2a934 <unknown>\n#9 0x563cf6c2b71e <unknown>\n#10 0x563cf6edec98 <unknown>\n#11 0x563cf6ee2bd0 <unknown>\n#12 0x563cf6eed17c <unknown>\n#13 0x563cf6ee37e8 <unknown>\n#14 0x563cf6eb025f <unknown>\n#15 0x563cf6f07e68 <unknown>\n#16 0x563cf6f08039 <unknown>\n#17 0x563cf6f18823 <unknown>\n#18 0x7f4145811044 <unknown>","time":{"start":1694566619939,"stop":1694566620443,"duration":504}},{"uid":"3bb77c06c8ab04f4","reportUrl":"https://Nat754.github.io/StroyremAutomation/60//#testresult/3bb77c06c8ab04f4","status":"skipped","statusDetails":"XFAIL\n\nselenium.common.exceptions.NoSuchElementException: Message: no such element: Unable to locate element: {\"method\":\"xpath\",\"selector\":\"(//a[@class='add-to-cart yellow-btn'])[1]\"}\n  (Session info: headless chrome=116.0.5845.96); For documentation on this error, please visit: https://www.selenium.dev/documentation/webdriver/troubleshooting/errors#no-such-element-exception\nStacktrace:\n#0 0x55b94f0cbe23 <unknown>\n#1 0x55b94edf47a7 <unknown>\n#2 0x55b94ee331d3 <unknown>\n#3 0x55b94ee332c1 <unknown>\n#4 0x55b94ee6ea04 <unknown>\n#5 0x55b94ee5403d <unknown>\n#6 0x55b94ee6c369 <unknown>\n#7 0x55b94ee53de3 <unknown>\n#8 0x55b94ee27a7b <unknown>\n#9 0x55b94ee2881e <unknown>\n#10 0x55b94f08d638 <unknown>\n#11 0x55b94f091507 <unknown>\n#12 0x55b94f09bc4c <unknown>\n#13 0x55b94f092136 <unknown>\n#14 0x55b94f0609cf <unknown>\n#15 0x55b94f0b5b98 <unknown>\n#16 0x55b94f0b5d68 <unknown>\n#17 0x55b94f0c4cb3 <unknown>\n#18 0x7ffaf8382044 <unknown>","time":{"start":1694504706277,"stop":1694504706983,"duration":706}},{"uid":"205016ab1d8f9001","reportUrl":"https://Nat754.github.io/StroyremAutomation/60//#testresult/205016ab1d8f9001","status":"skipped","statusDetails":"XFAIL\n\nselenium.common.exceptions.NoSuchElementException: Message: no such element: Unable to locate element: {\"method\":\"xpath\",\"selector\":\"(//a[@class='add-to-cart yellow-btn'])[1]\"}\n  (Session info: headless chrome=116.0.5845.96); For documentation on this error, please visit: https://www.selenium.dev/documentation/webdriver/troubleshooting/errors#no-such-element-exception\nStacktrace:\n#0 0x55897cbcae23 <unknown>\n#1 0x55897c8f37a7 <unknown>\n#2 0x55897c9321d3 <unknown>\n#3 0x55897c9322c1 <unknown>\n#4 0x55897c96da04 <unknown>\n#5 0x55897c95303d <unknown>\n#6 0x55897c96b369 <unknown>\n#7 0x55897c952de3 <unknown>\n#8 0x55897c926a7b <unknown>\n#9 0x55897c92781e <unknown>\n#10 0x55897cb8c638 <unknown>\n#11 0x55897cb90507 <unknown>\n#12 0x55897cb9ac4c <unknown>\n#13 0x55897cb91136 <unknown>\n#14 0x55897cb5f9cf <unknown>\n#15 0x55897cbb4b98 <unknown>\n#16 0x55897cbb4d68 <unknown>\n#17 0x55897cbc3cb3 <unknown>\n#18 0x7fd2df96d044 <unknown>","time":{"start":1694480236322,"stop":1694480237005,"duration":683}},{"uid":"cbbdf87682e79055","reportUrl":"https://Nat754.github.io/StroyremAutomation/59//#testresult/cbbdf87682e79055","status":"skipped","statusDetails":"XFAIL\n\nselenium.common.exceptions.NoSuchElementException: Message: no such element: Unable to locate element: {\"method\":\"xpath\",\"selector\":\"(//a[@class='add-to-cart yellow-btn'])[1]\"}\n  (Session info: headless chrome=116.0.5845.96); For documentation on this error, please visit: https://www.selenium.dev/documentation/webdriver/troubleshooting/errors#no-such-element-exception\nStacktrace:\n#0 0x556b0f067e23 <unknown>\n#1 0x556b0ed907a7 <unknown>\n#2 0x556b0edcf1d3 <unknown>\n#3 0x556b0edcf2c1 <unknown>\n#4 0x556b0ee0aa04 <unknown>\n#5 0x556b0edf003d <unknown>\n#6 0x556b0ee08369 <unknown>\n#7 0x556b0edefde3 <unknown>\n#8 0x556b0edc3a7b <unknown>\n#9 0x556b0edc481e <unknown>\n#10 0x556b0f029638 <unknown>\n#11 0x556b0f02d507 <unknown>\n#12 0x556b0f037c4c <unknown>\n#13 0x556b0f02e136 <unknown>\n#14 0x556b0effc9cf <unknown>\n#15 0x556b0f051b98 <unknown>\n#16 0x556b0f051d68 <unknown>\n#17 0x556b0f060cb3 <unknown>\n#18 0x7f6ce0b4e044 <unknown>","time":{"start":1694433858206,"stop":1694433858811,"duration":605}},{"uid":"4c6693ad38a7be82","reportUrl":"https://Nat754.github.io/StroyremAutomation/57//#testresult/4c6693ad38a7be82","status":"skipped","statusDetails":"XFAIL\n\nselenium.common.exceptions.NoSuchElementException: Message: no such element: Unable to locate element: {\"method\":\"xpath\",\"selector\":\"(//a[@class='add-to-cart yellow-btn'])[1]\"}\n  (Session info: headless chrome=116.0.5845.96); For documentation on this error, please visit: https://www.selenium.dev/documentation/webdriver/troubleshooting/errors#no-such-element-exception\nStacktrace:\n#0 0x55ed161d6e23 <unknown>\n#1 0x55ed15eff7a7 <unknown>\n#2 0x55ed15f3e1d3 <unknown>\n#3 0x55ed15f3e2c1 <unknown>\n#4 0x55ed15f79a04 <unknown>\n#5 0x55ed15f5f03d <unknown>\n#6 0x55ed15f77369 <unknown>\n#7 0x55ed15f5ede3 <unknown>\n#8 0x55ed15f32a7b <unknown>\n#9 0x55ed15f3381e <unknown>\n#10 0x55ed16198638 <unknown>\n#11 0x55ed1619c507 <unknown>\n#12 0x55ed161a6c4c <unknown>\n#13 0x55ed1619d136 <unknown>\n#14 0x55ed1616b9cf <unknown>\n#15 0x55ed161c0b98 <unknown>\n#16 0x55ed161c0d68 <unknown>\n#17 0x55ed161cfcb3 <unknown>\n#18 0x7fe2c8c4a044 <unknown>","time":{"start":1694431086151,"stop":1694431086849,"duration":698}},{"uid":"3f01309c215aef20","reportUrl":"https://Nat754.github.io/StroyremAutomation/58//#testresult/3f01309c215aef20","status":"skipped","statusDetails":"XFAIL\n\nselenium.common.exceptions.NoSuchElementException: Message: no such element: Unable to locate element: {\"method\":\"xpath\",\"selector\":\"(//a[@class='add-to-cart yellow-btn'])[1]\"}\n  (Session info: headless chrome=116.0.5845.96); For documentation on this error, please visit: https://www.selenium.dev/documentation/webdriver/troubleshooting/errors#no-such-element-exception\nStacktrace:\n#0 0x55fccef32e23 <unknown>\n#1 0x55fccec5b7a7 <unknown>\n#2 0x55fccec9a1d3 <unknown>\n#3 0x55fccec9a2c1 <unknown>\n#4 0x55fccecd5a04 <unknown>\n#5 0x55fccecbb03d <unknown>\n#6 0x55fccecd3369 <unknown>\n#7 0x55fccecbade3 <unknown>\n#8 0x55fccec8ea7b <unknown>\n#9 0x55fccec8f81e <unknown>\n#10 0x55fcceef4638 <unknown>\n#11 0x55fcceef8507 <unknown>\n#12 0x55fccef02c4c <unknown>\n#13 0x55fcceef9136 <unknown>\n#14 0x55fcceec79cf <unknown>\n#15 0x55fccef1cb98 <unknown>\n#16 0x55fccef1cd68 <unknown>\n#17 0x55fccef2bcb3 <unknown>\n#18 0x7f7dce0ef044 <unknown>","time":{"start":1694431010459,"stop":1694431010912,"duration":453}},{"uid":"2ae078166cc46d37","reportUrl":"https://Nat754.github.io/StroyremAutomation/56//#testresult/2ae078166cc46d37","status":"skipped","statusDetails":"XFAIL\n\nselenium.common.exceptions.NoSuchElementException: Message: no such element: Unable to locate element: {\"method\":\"xpath\",\"selector\":\"(//a[@class='add-to-cart yellow-btn'])[1]\"}\n  (Session info: headless chrome=116.0.5845.96); For documentation on this error, please visit: https://www.selenium.dev/documentation/webdriver/troubleshooting/errors#no-such-element-exception\nStacktrace:\n#0 0x56243412ae23 <unknown>\n#1 0x562433e537a7 <unknown>\n#2 0x562433e921d3 <unknown>\n#3 0x562433e922c1 <unknown>\n#4 0x562433ecda04 <unknown>\n#5 0x562433eb303d <unknown>\n#6 0x562433ecb369 <unknown>\n#7 0x562433eb2de3 <unknown>\n#8 0x562433e86a7b <unknown>\n#9 0x562433e8781e <unknown>\n#10 0x5624340ec638 <unknown>\n#11 0x5624340f0507 <unknown>\n#12 0x5624340fac4c <unknown>\n#13 0x5624340f1136 <unknown>\n#14 0x5624340bf9cf <unknown>\n#15 0x562434114b98 <unknown>\n#16 0x562434114d68 <unknown>\n#17 0x562434123cb3 <unknown>\n#18 0x7f864129b044 <unknown>","time":{"start":1694429626149,"stop":1694429626594,"duration":445}},{"uid":"6118fa204b61b2f6","reportUrl":"https://Nat754.github.io/StroyremAutomation/56//#testresult/6118fa204b61b2f6","status":"skipped","statusDetails":"XFAIL\n\nselenium.common.exceptions.NoSuchElementException: Message: no such element: Unable to locate element: {\"method\":\"xpath\",\"selector\":\"(//a[@class='add-to-cart yellow-btn'])[1]\"}\n  (Session info: headless chrome=116.0.5845.96); For documentation on this error, please visit: https://www.selenium.dev/documentation/webdriver/troubleshooting/errors#no-such-element-exception\nStacktrace:\n#0 0x5601ba45ee23 <unknown>\n#1 0x5601ba1877a7 <unknown>\n#2 0x5601ba1c61d3 <unknown>\n#3 0x5601ba1c62c1 <unknown>\n#4 0x5601ba201a04 <unknown>\n#5 0x5601ba1e703d <unknown>\n#6 0x5601ba1ff369 <unknown>\n#7 0x5601ba1e6de3 <unknown>\n#8 0x5601ba1baa7b <unknown>\n#9 0x5601ba1bb81e <unknown>\n#10 0x5601ba420638 <unknown>\n#11 0x5601ba424507 <unknown>\n#12 0x5601ba42ec4c <unknown>\n#13 0x5601ba425136 <unknown>\n#14 0x5601ba3f39cf <unknown>\n#15 0x5601ba448b98 <unknown>\n#16 0x5601ba448d68 <unknown>\n#17 0x5601ba457cb3 <unknown>\n#18 0x7f6338926044 <unknown>","time":{"start":1694393742511,"stop":1694393742966,"duration":455}},{"uid":"9cc5ee1478e2d865","reportUrl":"https://Nat754.github.io/StroyremAutomation/55//#testresult/9cc5ee1478e2d865","status":"skipped","statusDetails":"XFAIL\n\nselenium.common.exceptions.NoSuchElementException: Message: no such element: Unable to locate element: {\"method\":\"xpath\",\"selector\":\"(//a[@class='add-to-cart yellow-btn'])[1]\"}\n  (Session info: headless chrome=116.0.5845.96); For documentation on this error, please visit: https://www.selenium.dev/documentation/webdriver/troubleshooting/errors#no-such-element-exception\nStacktrace:\n#0 0x55c6e50c0e23 <unknown>\n#1 0x55c6e4de97a7 <unknown>\n#2 0x55c6e4e281d3 <unknown>\n#3 0x55c6e4e282c1 <unknown>\n#4 0x55c6e4e63a04 <unknown>\n#5 0x55c6e4e4903d <unknown>\n#6 0x55c6e4e61369 <unknown>\n#7 0x55c6e4e48de3 <unknown>\n#8 0x55c6e4e1ca7b <unknown>\n#9 0x55c6e4e1d81e <unknown>\n#10 0x55c6e5082638 <unknown>\n#11 0x55c6e5086507 <unknown>\n#12 0x55c6e5090c4c <unknown>\n#13 0x55c6e5087136 <unknown>\n#14 0x55c6e50559cf <unknown>\n#15 0x55c6e50aab98 <unknown>\n#16 0x55c6e50aad68 <unknown>\n#17 0x55c6e50b9cb3 <unknown>\n#18 0x7fca550e1044 <unknown>","time":{"start":1694380859751,"stop":1694380860315,"duration":564}},{"uid":"9d4595b3e44a1c4","reportUrl":"https://Nat754.github.io/StroyremAutomation/55//#testresult/9d4595b3e44a1c4","status":"skipped","statusDetails":"XFAIL\n\nselenium.common.exceptions.NoSuchElementException: Message: no such element: Unable to locate element: {\"method\":\"xpath\",\"selector\":\"(//a[@class='add-to-cart yellow-btn'])[1]\"}\n  (Session info: headless chrome=116.0.5845.96); For documentation on this error, please visit: https://www.selenium.dev/documentation/webdriver/troubleshooting/errors#no-such-element-exception\nStacktrace:\n#0 0x55ece4e7fe23 <unknown>\n#1 0x55ece4ba87a7 <unknown>\n#2 0x55ece4be71d3 <unknown>\n#3 0x55ece4be72c1 <unknown>\n#4 0x55ece4c22a04 <unknown>\n#5 0x55ece4c0803d <unknown>\n#6 0x55ece4c20369 <unknown>\n#7 0x55ece4c07de3 <unknown>\n#8 0x55ece4bdba7b <unknown>\n#9 0x55ece4bdc81e <unknown>\n#10 0x55ece4e41638 <unknown>\n#11 0x55ece4e45507 <unknown>\n#12 0x55ece4e4fc4c <unknown>\n#13 0x55ece4e46136 <unknown>\n#14 0x55ece4e149cf <unknown>\n#15 0x55ece4e69b98 <unknown>\n#16 0x55ece4e69d68 <unknown>\n#17 0x55ece4e78cb3 <unknown>\n#18 0x7fb4cf867044 <unknown>","time":{"start":1694307524684,"stop":1694307525271,"duration":587}}]},"tags":["@pytest.mark.xfail","smoke_test"]},"source":"91d80c8cfddb75eb.json","parameterValues":["15900","333","'TD 025'","13900","'products/shtukaturka-gipsovaya-aksolit-m50-30-kg-mashinnogo-naneseniya'","7000","'https://sandboxtest.stroyrem-nn.ru/'","10000"]}