{"uid":"8c5b9d8dd845116b","name":"test_positive_delivery_green_zone_smoke[TD 012-products/shtukaturka-gipsovaya-aksolit-m50-30-kg-mashinnogo-naneseniya-333-10000-4450-11990-12500-https://sandboxtest.stroyrem-nn.ru/]","fullName":"tests.delivery.test_delivery_calculation.TestDeliveryPageCalculation#test_positive_delivery_green_zone_smoke","historyId":"9d39cbb8c1423d43dfc259c1b0a6c01f","time":{"start":1717462701456,"stop":1717462702013,"duration":557},"status":"skipped","statusMessage":"XFAIL\n\nselenium.common.exceptions.NoSuchElementException: Message: no such element: Unable to locate element: {\"method\":\"xpath\",\"selector\":\"(//a[@class='add-to-cart yellow-btn'])[1]\"}\n  (Session info: chrome-headless-shell=125.0.6422.141); For documentation on this error, please visit: https://www.selenium.dev/documentation/webdriver/troubleshooting/errors#no-such-element-exception\nStacktrace:\n#0 0x55d7d2387e3a <unknown>\n#1 0x55d7d207145c <unknown>\n#2 0x55d7d20bd5b5 <unknown>\n#3 0x55d7d20bd671 <unknown>\n#4 0x55d7d2101f14 <unknown>\n#5 0x55d7d20e04dd <unknown>\n#6 0x55d7d20ff2cc <unknown>\n#7 0x55d7d20e0253 <unknown>\n#8 0x55d7d20b01c7 <unknown>\n#9 0x55d7d20b0b3e <unknown>\n#10 0x55d7d234e27b <unknown>\n#11 0x55d7d2352327 <unknown>\n#12 0x55d7d233adae <unknown>\n#13 0x55d7d2352df2 <unknown>\n#14 0x55d7d231f74f <unknown>\n#15 0x55d7d2377128 <unknown>\n#16 0x55d7d23772fb <unknown>\n#17 0x55d7d2386f6c <unknown>\n#18 0x7ff410cf2134 <unknown>","statusTrace":"self = <tests.delivery.test_delivery_calculation.TestDeliveryPageCalculation object at 0x7f5e7824cf50>\ndriver = <selenium.webdriver.chrome.webdriver.WebDriver (session=\"ebfe6848ac7fac91b6a16b4766fcd15d\")>\nurl = 'https://sandboxtest.stroyrem-nn.ru/', case_id = 'TD 012'\nlink_item = 'products/shtukaturka-gipsovaya-aksolit-m50-30-kg-mashinnogo-naneseniya'\namount = 333, weight = 10000, standard = 4450, in_time = 11990, all_time = 12500\n\n    @pytest.mark.parametrize('case_id, link_item, amount, weight, standard, in_time, all_time', [\n        (\"TD 001\", uroven_3000, 1, 30, 0, 1590, 2190),\n        (\"TD 002\", bundeks_25, 1, 30, 400, 1590, 2190),\n        (\"TD 003\", aksolit_30, 8, 300, 400, 1590, 2190),\n        (\"TD 004\", aksolit_30, 13, 400, 450, 1590, 2190),\n        (\"TD 005\", aksolit_30, 16, 500, 600, 1590, 2190),\n        (\"TD 006\", aksolit_30, 25, 1700, 990, 1990, 2480),\n        (\"TD 007\", aksolit_30, 66, 2000, 1300, 2490, 2980),\n        (\"TD 008\", aksolit_30, 149, 4500, 2300, 3980, 4490),\n        (\"TD 009\", aksolit_30, 166, 5000, 2500, 4990, 5480),\n        pytest.param(\n            \"TD 010\", aksolit_30, 206, 6200, 2900, 5570, 6120,\n            marks=pytest.mark.xfail(reson=\"Цена доставки 3600 7960 8980\")\n        ),\n        (\"TD 011\", aksolit_30, 299, 9000, 3600, 7960, 8980),\n        (\"TD 012\", aksolit_30, 333, 10000, 4450, 11990, 12500),\n        pytest.param(\n            \"TD 013\", aksolit_30, 366, 11000, 4800, 12450, 13480,\n            marks=pytest.mark.xfail(reason=\"Цена стандартной доставки 4450\")\n        ),\n        pytest.param(\n            \"TD 014\", aksolit_30, 666, 20000, 5400, 15600, 17490,\n            marks=pytest.mark.xfail(reason=\"Цена стандартной доставки 4450\")\n        )\n    ])\n    @pytest.mark.xfail\n    @pytest.mark.smoke_test\n    def test_positive_delivery_green_zone_smoke(\n            self, driver, url, case_id, link_item, amount, weight, standard, in_time, all_time\n    ):\n    \n        driver.get(f'{url}{link_item}')\n        item_page = ItemPage(driver)\n>       item_page.add_item_to_cart(amount).click_on_cart()\n\ntests/delivery/test_delivery_calculation.py:50: \n_ _ _ _ _ _ _ _ _ _ _ _ _ _ _ _ _ _ _ _ _ _ _ _ _ _ _ _ _ _ _ _ _ _ _ _ _ _ _ _ \npages/item_page.py:40: in add_item_to_cart\n    self.find_element(self._add_item).click()\nbase/seleniumbase.py:17: in find_element\n    return self.driver.find_element(*locator)\n/usr/local/lib/python3.11/site-packages/selenium/webdriver/remote/webdriver.py:739: in find_element\n    return self.execute(Command.FIND_ELEMENT, {\"using\": by, \"value\": value})[\"value\"]\n/usr/local/lib/python3.11/site-packages/selenium/webdriver/remote/webdriver.py:345: in execute\n    self.error_handler.check_response(response)\n_ _ _ _ _ _ _ _ _ _ _ _ _ _ _ _ _ _ _ _ _ _ _ _ _ _ _ _ _ _ _ _ _ _ _ _ _ _ _ _ \n\nself = <selenium.webdriver.remote.errorhandler.ErrorHandler object at 0x7f5e77be8c50>\nresponse = {'status': 404, 'value': '{\"value\":{\"error\":\"no such element\",\"message\":\"no such element: Unable to locate element: {\\...\\\\n#16 0x55d7d23772fb \\\\u003Cunknown>\\\\n#17 0x55d7d2386f6c \\\\u003Cunknown>\\\\n#18 0x7ff410cf2134 \\\\u003Cunknown>\\\\n\"}}'}\n\n    def check_response(self, response: Dict[str, Any]) -> None:\n        \"\"\"Checks that a JSON response from the WebDriver does not have an\n        error.\n    \n        :Args:\n         - response - The JSON response from the WebDriver server as a dictionary\n           object.\n    \n        :Raises: If the response contains an error message.\n        \"\"\"\n        status = response.get(\"status\", None)\n        if not status or status == ErrorCode.SUCCESS:\n            return\n        value = None\n        message = response.get(\"message\", \"\")\n        screen: str = response.get(\"screen\", \"\")\n        stacktrace = None\n        if isinstance(status, int):\n            value_json = response.get(\"value\", None)\n            if value_json and isinstance(value_json, str):\n                import json\n    \n                try:\n                    value = json.loads(value_json)\n                    if len(value) == 1:\n                        value = value[\"value\"]\n                    status = value.get(\"error\", None)\n                    if not status:\n                        status = value.get(\"status\", ErrorCode.UNKNOWN_ERROR)\n                        message = value.get(\"value\") or value.get(\"message\")\n                        if not isinstance(message, str):\n                            value = message\n                            message = message.get(\"message\")\n                    else:\n                        message = value.get(\"message\", None)\n                except ValueError:\n                    pass\n    \n        exception_class: Type[WebDriverException]\n        e = ErrorCode()\n        error_codes = [item for item in dir(e) if not item.startswith(\"__\")]\n        for error_code in error_codes:\n            error_info = getattr(ErrorCode, error_code)\n            if isinstance(error_info, list) and status in error_info:\n                exception_class = getattr(ExceptionMapping, error_code, WebDriverException)\n                break\n        else:\n            exception_class = WebDriverException\n    \n        if not value:\n            value = response[\"value\"]\n        if isinstance(value, str):\n            raise exception_class(value)\n        if message == \"\" and \"message\" in value:\n            message = value[\"message\"]\n    \n        screen = None  # type: ignore[assignment]\n        if \"screen\" in value:\n            screen = value[\"screen\"]\n    \n        stacktrace = None\n        st_value = value.get(\"stackTrace\") or value.get(\"stacktrace\")\n        if st_value:\n            if isinstance(st_value, str):\n                stacktrace = st_value.split(\"\\n\")\n            else:\n                stacktrace = []\n                try:\n                    for frame in st_value:\n                        line = frame.get(\"lineNumber\", \"\")\n                        file = frame.get(\"fileName\", \"<anonymous>\")\n                        if line:\n                            file = f\"{file}:{line}\"\n                        meth = frame.get(\"methodName\", \"<anonymous>\")\n                        if \"className\" in frame:\n                            meth = f\"{frame['className']}.{meth}\"\n                        msg = \"    at %s (%s)\"\n                        msg = msg % (meth, file)\n                        stacktrace.append(msg)\n                except TypeError:\n                    pass\n        if exception_class == UnexpectedAlertPresentException:\n            alert_text = None\n            if \"data\" in value:\n                alert_text = value[\"data\"].get(\"text\")\n            elif \"alert\" in value:\n                alert_text = value[\"alert\"].get(\"text\")\n            raise exception_class(message, screen, stacktrace, alert_text)  # type: ignore[call-arg]  # mypy is not smart enough here\n>       raise exception_class(message, screen, stacktrace)\nE       selenium.common.exceptions.NoSuchElementException: Message: no such element: Unable to locate element: {\"method\":\"xpath\",\"selector\":\"(//a[@class='add-to-cart yellow-btn'])[1]\"}\nE         (Session info: chrome-headless-shell=125.0.6422.141); For documentation on this error, please visit: https://www.selenium.dev/documentation/webdriver/troubleshooting/errors#no-such-element-exception\nE       Stacktrace:\nE       #0 0x55d7d2387e3a <unknown>\nE       #1 0x55d7d207145c <unknown>\nE       #2 0x55d7d20bd5b5 <unknown>\nE       #3 0x55d7d20bd671 <unknown>\nE       #4 0x55d7d2101f14 <unknown>\nE       #5 0x55d7d20e04dd <unknown>\nE       #6 0x55d7d20ff2cc <unknown>\nE       #7 0x55d7d20e0253 <unknown>\nE       #8 0x55d7d20b01c7 <unknown>\nE       #9 0x55d7d20b0b3e <unknown>\nE       #10 0x55d7d234e27b <unknown>\nE       #11 0x55d7d2352327 <unknown>\nE       #12 0x55d7d233adae <unknown>\nE       #13 0x55d7d2352df2 <unknown>\nE       #14 0x55d7d231f74f <unknown>\nE       #15 0x55d7d2377128 <unknown>\nE       #16 0x55d7d23772fb <unknown>\nE       #17 0x55d7d2386f6c <unknown>\nE       #18 0x7ff410cf2134 <unknown>\n\n/usr/local/lib/python3.11/site-packages/selenium/webdriver/remote/errorhandler.py:229: NoSuchElementException","flaky":false,"newFailed":false,"newBroken":false,"newPassed":false,"retriesCount":0,"retriesStatusChange":false,"beforeStages":[{"name":"_session_faker","time":{"start":1717462432009,"stop":1717462432081,"duration":72},"status":"passed","steps":[],"attachments":[],"parameters":[],"shouldDisplayMessage":false,"stepsCount":0,"attachmentsCount":0,"hasContent":false,"attachmentStep":false},{"name":"clear_allure_results_folder","time":{"start":1717462432081,"stop":1717462432082,"duration":1},"status":"passed","steps":[],"attachments":[],"parameters":[],"shouldDisplayMessage":false,"stepsCount":0,"attachmentsCount":0,"hasContent":false,"attachmentStep":false},{"name":"driver","time":{"start":1717462700763,"stop":1717462701455,"duration":692},"status":"passed","steps":[],"attachments":[],"parameters":[],"shouldDisplayMessage":false,"stepsCount":0,"attachmentsCount":0,"hasContent":false,"attachmentStep":false},{"name":"setup","time":{"start":1717462701455,"stop":1717462701455,"duration":0},"status":"passed","steps":[],"attachments":[],"parameters":[],"shouldDisplayMessage":false,"stepsCount":0,"attachmentsCount":0,"hasContent":false,"attachmentStep":false}],"testStage":{"status":"skipped","statusMessage":"XFAIL\n\nselenium.common.exceptions.NoSuchElementException: Message: no such element: Unable to locate element: {\"method\":\"xpath\",\"selector\":\"(//a[@class='add-to-cart yellow-btn'])[1]\"}\n  (Session info: chrome-headless-shell=125.0.6422.141); For documentation on this error, please visit: https://www.selenium.dev/documentation/webdriver/troubleshooting/errors#no-such-element-exception\nStacktrace:\n#0 0x55d7d2387e3a <unknown>\n#1 0x55d7d207145c <unknown>\n#2 0x55d7d20bd5b5 <unknown>\n#3 0x55d7d20bd671 <unknown>\n#4 0x55d7d2101f14 <unknown>\n#5 0x55d7d20e04dd <unknown>\n#6 0x55d7d20ff2cc <unknown>\n#7 0x55d7d20e0253 <unknown>\n#8 0x55d7d20b01c7 <unknown>\n#9 0x55d7d20b0b3e <unknown>\n#10 0x55d7d234e27b <unknown>\n#11 0x55d7d2352327 <unknown>\n#12 0x55d7d233adae <unknown>\n#13 0x55d7d2352df2 <unknown>\n#14 0x55d7d231f74f <unknown>\n#15 0x55d7d2377128 <unknown>\n#16 0x55d7d23772fb <unknown>\n#17 0x55d7d2386f6c <unknown>\n#18 0x7ff410cf2134 <unknown>","statusTrace":"self = <tests.delivery.test_delivery_calculation.TestDeliveryPageCalculation object at 0x7f5e7824cf50>\ndriver = <selenium.webdriver.chrome.webdriver.WebDriver (session=\"ebfe6848ac7fac91b6a16b4766fcd15d\")>\nurl = 'https://sandboxtest.stroyrem-nn.ru/', case_id = 'TD 012'\nlink_item = 'products/shtukaturka-gipsovaya-aksolit-m50-30-kg-mashinnogo-naneseniya'\namount = 333, weight = 10000, standard = 4450, in_time = 11990, all_time = 12500\n\n    @pytest.mark.parametrize('case_id, link_item, amount, weight, standard, in_time, all_time', [\n        (\"TD 001\", uroven_3000, 1, 30, 0, 1590, 2190),\n        (\"TD 002\", bundeks_25, 1, 30, 400, 1590, 2190),\n        (\"TD 003\", aksolit_30, 8, 300, 400, 1590, 2190),\n        (\"TD 004\", aksolit_30, 13, 400, 450, 1590, 2190),\n        (\"TD 005\", aksolit_30, 16, 500, 600, 1590, 2190),\n        (\"TD 006\", aksolit_30, 25, 1700, 990, 1990, 2480),\n        (\"TD 007\", aksolit_30, 66, 2000, 1300, 2490, 2980),\n        (\"TD 008\", aksolit_30, 149, 4500, 2300, 3980, 4490),\n        (\"TD 009\", aksolit_30, 166, 5000, 2500, 4990, 5480),\n        pytest.param(\n            \"TD 010\", aksolit_30, 206, 6200, 2900, 5570, 6120,\n            marks=pytest.mark.xfail(reson=\"Цена доставки 3600 7960 8980\")\n        ),\n        (\"TD 011\", aksolit_30, 299, 9000, 3600, 7960, 8980),\n        (\"TD 012\", aksolit_30, 333, 10000, 4450, 11990, 12500),\n        pytest.param(\n            \"TD 013\", aksolit_30, 366, 11000, 4800, 12450, 13480,\n            marks=pytest.mark.xfail(reason=\"Цена стандартной доставки 4450\")\n        ),\n        pytest.param(\n            \"TD 014\", aksolit_30, 666, 20000, 5400, 15600, 17490,\n            marks=pytest.mark.xfail(reason=\"Цена стандартной доставки 4450\")\n        )\n    ])\n    @pytest.mark.xfail\n    @pytest.mark.smoke_test\n    def test_positive_delivery_green_zone_smoke(\n            self, driver, url, case_id, link_item, amount, weight, standard, in_time, all_time\n    ):\n    \n        driver.get(f'{url}{link_item}')\n        item_page = ItemPage(driver)\n>       item_page.add_item_to_cart(amount).click_on_cart()\n\ntests/delivery/test_delivery_calculation.py:50: \n_ _ _ _ _ _ _ _ _ _ _ _ _ _ _ _ _ _ _ _ _ _ _ _ _ _ _ _ _ _ _ _ _ _ _ _ _ _ _ _ \npages/item_page.py:40: in add_item_to_cart\n    self.find_element(self._add_item).click()\nbase/seleniumbase.py:17: in find_element\n    return self.driver.find_element(*locator)\n/usr/local/lib/python3.11/site-packages/selenium/webdriver/remote/webdriver.py:739: in find_element\n    return self.execute(Command.FIND_ELEMENT, {\"using\": by, \"value\": value})[\"value\"]\n/usr/local/lib/python3.11/site-packages/selenium/webdriver/remote/webdriver.py:345: in execute\n    self.error_handler.check_response(response)\n_ _ _ _ _ _ _ _ _ _ _ _ _ _ _ _ _ _ _ _ _ _ _ _ _ _ _ _ _ _ _ _ _ _ _ _ _ _ _ _ \n\nself = <selenium.webdriver.remote.errorhandler.ErrorHandler object at 0x7f5e77be8c50>\nresponse = {'status': 404, 'value': '{\"value\":{\"error\":\"no such element\",\"message\":\"no such element: Unable to locate element: {\\...\\\\n#16 0x55d7d23772fb \\\\u003Cunknown>\\\\n#17 0x55d7d2386f6c \\\\u003Cunknown>\\\\n#18 0x7ff410cf2134 \\\\u003Cunknown>\\\\n\"}}'}\n\n    def check_response(self, response: Dict[str, Any]) -> None:\n        \"\"\"Checks that a JSON response from the WebDriver does not have an\n        error.\n    \n        :Args:\n         - response - The JSON response from the WebDriver server as a dictionary\n           object.\n    \n        :Raises: If the response contains an error message.\n        \"\"\"\n        status = response.get(\"status\", None)\n        if not status or status == ErrorCode.SUCCESS:\n            return\n        value = None\n        message = response.get(\"message\", \"\")\n        screen: str = response.get(\"screen\", \"\")\n        stacktrace = None\n        if isinstance(status, int):\n            value_json = response.get(\"value\", None)\n            if value_json and isinstance(value_json, str):\n                import json\n    \n                try:\n                    value = json.loads(value_json)\n                    if len(value) == 1:\n                        value = value[\"value\"]\n                    status = value.get(\"error\", None)\n                    if not status:\n                        status = value.get(\"status\", ErrorCode.UNKNOWN_ERROR)\n                        message = value.get(\"value\") or value.get(\"message\")\n                        if not isinstance(message, str):\n                            value = message\n                            message = message.get(\"message\")\n                    else:\n                        message = value.get(\"message\", None)\n                except ValueError:\n                    pass\n    \n        exception_class: Type[WebDriverException]\n        e = ErrorCode()\n        error_codes = [item for item in dir(e) if not item.startswith(\"__\")]\n        for error_code in error_codes:\n            error_info = getattr(ErrorCode, error_code)\n            if isinstance(error_info, list) and status in error_info:\n                exception_class = getattr(ExceptionMapping, error_code, WebDriverException)\n                break\n        else:\n            exception_class = WebDriverException\n    \n        if not value:\n            value = response[\"value\"]\n        if isinstance(value, str):\n            raise exception_class(value)\n        if message == \"\" and \"message\" in value:\n            message = value[\"message\"]\n    \n        screen = None  # type: ignore[assignment]\n        if \"screen\" in value:\n            screen = value[\"screen\"]\n    \n        stacktrace = None\n        st_value = value.get(\"stackTrace\") or value.get(\"stacktrace\")\n        if st_value:\n            if isinstance(st_value, str):\n                stacktrace = st_value.split(\"\\n\")\n            else:\n                stacktrace = []\n                try:\n                    for frame in st_value:\n                        line = frame.get(\"lineNumber\", \"\")\n                        file = frame.get(\"fileName\", \"<anonymous>\")\n                        if line:\n                            file = f\"{file}:{line}\"\n                        meth = frame.get(\"methodName\", \"<anonymous>\")\n                        if \"className\" in frame:\n                            meth = f\"{frame['className']}.{meth}\"\n                        msg = \"    at %s (%s)\"\n                        msg = msg % (meth, file)\n                        stacktrace.append(msg)\n                except TypeError:\n                    pass\n        if exception_class == UnexpectedAlertPresentException:\n            alert_text = None\n            if \"data\" in value:\n                alert_text = value[\"data\"].get(\"text\")\n            elif \"alert\" in value:\n                alert_text = value[\"alert\"].get(\"text\")\n            raise exception_class(message, screen, stacktrace, alert_text)  # type: ignore[call-arg]  # mypy is not smart enough here\n>       raise exception_class(message, screen, stacktrace)\nE       selenium.common.exceptions.NoSuchElementException: Message: no such element: Unable to locate element: {\"method\":\"xpath\",\"selector\":\"(//a[@class='add-to-cart yellow-btn'])[1]\"}\nE         (Session info: chrome-headless-shell=125.0.6422.141); For documentation on this error, please visit: https://www.selenium.dev/documentation/webdriver/troubleshooting/errors#no-such-element-exception\nE       Stacktrace:\nE       #0 0x55d7d2387e3a <unknown>\nE       #1 0x55d7d207145c <unknown>\nE       #2 0x55d7d20bd5b5 <unknown>\nE       #3 0x55d7d20bd671 <unknown>\nE       #4 0x55d7d2101f14 <unknown>\nE       #5 0x55d7d20e04dd <unknown>\nE       #6 0x55d7d20ff2cc <unknown>\nE       #7 0x55d7d20e0253 <unknown>\nE       #8 0x55d7d20b01c7 <unknown>\nE       #9 0x55d7d20b0b3e <unknown>\nE       #10 0x55d7d234e27b <unknown>\nE       #11 0x55d7d2352327 <unknown>\nE       #12 0x55d7d233adae <unknown>\nE       #13 0x55d7d2352df2 <unknown>\nE       #14 0x55d7d231f74f <unknown>\nE       #15 0x55d7d2377128 <unknown>\nE       #16 0x55d7d23772fb <unknown>\nE       #17 0x55d7d2386f6c <unknown>\nE       #18 0x7ff410cf2134 <unknown>\n\n/usr/local/lib/python3.11/site-packages/selenium/webdriver/remote/errorhandler.py:229: NoSuchElementException","steps":[{"name":"Добавляем товар в корзину в количестве 333","time":{"start":1717462701997,"stop":1717462702013,"duration":16},"status":"broken","statusMessage":"selenium.common.exceptions.NoSuchElementException: Message: no such element: Unable to locate element: {\"method\":\"xpath\",\"selector\":\"(//a[@class='add-to-cart yellow-btn'])[1]\"}\n  (Session info: chrome-headless-shell=125.0.6422.141); For documentation on this error, please visit: https://www.selenium.dev/documentation/webdriver/troubleshooting/errors#no-such-element-exception\nStacktrace:\n#0 0x55d7d2387e3a <unknown>\n#1 0x55d7d207145c <unknown>\n#2 0x55d7d20bd5b5 <unknown>\n#3 0x55d7d20bd671 <unknown>\n#4 0x55d7d2101f14 <unknown>\n#5 0x55d7d20e04dd <unknown>\n#6 0x55d7d20ff2cc <unknown>\n#7 0x55d7d20e0253 <unknown>\n#8 0x55d7d20b01c7 <unknown>\n#9 0x55d7d20b0b3e <unknown>\n#10 0x55d7d234e27b <unknown>\n#11 0x55d7d2352327 <unknown>\n#12 0x55d7d233adae <unknown>\n#13 0x55d7d2352df2 <unknown>\n#14 0x55d7d231f74f <unknown>\n#15 0x55d7d2377128 <unknown>\n#16 0x55d7d23772fb <unknown>\n#17 0x55d7d2386f6c <unknown>\n#18 0x7ff410cf2134 <unknown>\n\n","statusTrace":"  File \"/usr/local/lib/python3.11/site-packages/allure_commons/_allure.py\", line 192, in impl\n    return func(*a, **kw)\n           ^^^^^^^^^^^^^^\n  File \"/app/pages/item_page.py\", line 40, in add_item_to_cart\n    self.find_element(self._add_item).click()\n    ^^^^^^^^^^^^^^^^^^^^^^^^^^^^^^^^^\n  File \"/app/base/seleniumbase.py\", line 17, in find_element\n    return self.driver.find_element(*locator)\n           ^^^^^^^^^^^^^^^^^^^^^^^^^^^^^^^^^^\n  File \"/usr/local/lib/python3.11/site-packages/selenium/webdriver/remote/webdriver.py\", line 739, in find_element\n    return self.execute(Command.FIND_ELEMENT, {\"using\": by, \"value\": value})[\"value\"]\n           ^^^^^^^^^^^^^^^^^^^^^^^^^^^^^^^^^^^^^^^^^^^^^^^^^^^^^^^^^^^^^^^^^\n  File \"/usr/local/lib/python3.11/site-packages/selenium/webdriver/remote/webdriver.py\", line 345, in execute\n    self.error_handler.check_response(response)\n  File \"/usr/local/lib/python3.11/site-packages/selenium/webdriver/remote/errorhandler.py\", line 229, in check_response\n    raise exception_class(message, screen, stacktrace)\n","steps":[],"attachments":[],"parameters":[{"name":"amount","value":"333"}],"shouldDisplayMessage":true,"stepsCount":0,"attachmentsCount":0,"hasContent":true,"attachmentStep":false}],"attachments":[{"uid":"4bbdffdae8ec5768","name":"Screenshot","source":"4bbdffdae8ec5768.png","type":"image/png","size":4720},{"uid":"1d6514aa1f066bde","name":"HTML source","source":"1d6514aa1f066bde.html","type":"text/html","size":39}],"parameters":[],"shouldDisplayMessage":true,"stepsCount":1,"attachmentsCount":2,"hasContent":true,"attachmentStep":false},"afterStages":[{"name":"driver::0","time":{"start":1717462702101,"stop":1717462702161,"duration":60},"status":"passed","steps":[],"attachments":[],"parameters":[],"shouldDisplayMessage":false,"stepsCount":0,"attachmentsCount":0,"hasContent":false,"attachmentStep":false},{"name":"setup::0","time":{"start":1717462702101,"stop":1717462702101,"duration":0},"status":"passed","steps":[],"attachments":[],"parameters":[],"shouldDisplayMessage":false,"stepsCount":0,"attachmentsCount":0,"hasContent":false,"attachmentStep":false}],"labels":[{"name":"epic","value":"Delivery Page - calculation"},{"name":"tag","value":"smoke_test"},{"name":"tag","value":"@pytest.mark.xfail"},{"name":"parentSuite","value":"tests.delivery"},{"name":"suite","value":"test_delivery_calculation"},{"name":"subSuite","value":"TestDeliveryPageCalculation"},{"name":"host","value":"ca0d7e0a1294"},{"name":"thread","value":"1-MainThread"},{"name":"framework","value":"pytest"},{"name":"language","value":"cpython3"},{"name":"package","value":"tests.delivery.test_delivery_calculation"},{"name":"resultFormat","value":"allure2"}],"parameters":[{"name":"all_time","value":"12500"},{"name":"amount","value":"333"},{"name":"case_id","value":"'TD 012'"},{"name":"in_time","value":"11990"},{"name":"link_item","value":"'products/shtukaturka-gipsovaya-aksolit-m50-30-kg-mashinnogo-naneseniya'"},{"name":"standard","value":"4450"},{"name":"url","value":"'https://sandboxtest.stroyrem-nn.ru/'"},{"name":"weight","value":"10000"}],"links":[],"hidden":false,"retry":false,"extra":{"severity":"normal","retries":[],"categories":[],"history":{"statistic":{"failed":0,"broken":0,"skipped":6,"passed":0,"unknown":0,"total":6},"items":[{"uid":"f55d275c763eea50","reportUrl":"https://Nat754.github.io/StroyremAutomation/327//#testresult/f55d275c763eea50","status":"skipped","statusDetails":"XFAIL\n\nselenium.common.exceptions.NoSuchElementException: Message: no such element: Unable to locate element: {\"method\":\"xpath\",\"selector\":\"(//a[@class='add-to-cart yellow-btn'])[1]\"}\n  (Session info: chrome-headless-shell=125.0.6422.141); For documentation on this error, please visit: https://www.selenium.dev/documentation/webdriver/troubleshooting/errors#no-such-element-exception\nStacktrace:\n#0 0x5604402e4e3a <unknown>\n#1 0x56043ffce45c <unknown>\n#2 0x56044001a5b5 <unknown>\n#3 0x56044001a671 <unknown>\n#4 0x56044005ef14 <unknown>\n#5 0x56044003d4dd <unknown>\n#6 0x56044005c2cc <unknown>\n#7 0x56044003d253 <unknown>\n#8 0x56044000d1c7 <unknown>\n#9 0x56044000db3e <unknown>\n#10 0x5604402ab27b <unknown>\n#11 0x5604402af327 <unknown>\n#12 0x560440297dae <unknown>\n#13 0x5604402afdf2 <unknown>\n#14 0x56044027c74f <unknown>\n#15 0x5604402d4128 <unknown>\n#16 0x5604402d42fb <unknown>\n#17 0x5604402e3f6c <unknown>\n#18 0x7fbeb9f06134 <unknown>","time":{"start":1717376351532,"stop":1717376351974,"duration":442}},{"uid":"b910603fe738f650","reportUrl":"https://Nat754.github.io/StroyremAutomation/326//#testresult/b910603fe738f650","status":"skipped","statusDetails":"XFAIL\n\nselenium.common.exceptions.NoSuchElementException: Message: no such element: Unable to locate element: {\"method\":\"xpath\",\"selector\":\"(//a[@class='add-to-cart yellow-btn'])[1]\"}\n  (Session info: chrome-headless-shell=125.0.6422.141); For documentation on this error, please visit: https://www.selenium.dev/documentation/webdriver/troubleshooting/errors#no-such-element-exception\nStacktrace:\n#0 0x5582532d6e3a <unknown>\n#1 0x558252fc045c <unknown>\n#2 0x55825300c5b5 <unknown>\n#3 0x55825300c671 <unknown>\n#4 0x558253050f14 <unknown>\n#5 0x55825302f4dd <unknown>\n#6 0x55825304e2cc <unknown>\n#7 0x55825302f253 <unknown>\n#8 0x558252fff1c7 <unknown>\n#9 0x558252fffb3e <unknown>\n#10 0x55825329d27b <unknown>\n#11 0x5582532a1327 <unknown>\n#12 0x558253289dae <unknown>\n#13 0x5582532a1df2 <unknown>\n#14 0x55825326e74f <unknown>\n#15 0x5582532c6128 <unknown>\n#16 0x5582532c62fb <unknown>\n#17 0x5582532d5f6c <unknown>\n#18 0x7fa2411a5134 <unknown>","time":{"start":1717290092381,"stop":1717290093209,"duration":828}},{"uid":"a947fe70e0bec819","reportUrl":"https://Nat754.github.io/StroyremAutomation/325//#testresult/a947fe70e0bec819","status":"skipped","statusDetails":"XFAIL\n\nselenium.common.exceptions.NoSuchElementException: Message: no such element: Unable to locate element: {\"method\":\"xpath\",\"selector\":\"(//a[@class='add-to-cart yellow-btn'])[1]\"}\n  (Session info: chrome-headless-shell=125.0.6422.141); For documentation on this error, please visit: https://www.selenium.dev/documentation/webdriver/troubleshooting/errors#no-such-element-exception\nStacktrace:\n#0 0x55f73c02ee3a <unknown>\n#1 0x55f73bd1845c <unknown>\n#2 0x55f73bd645b5 <unknown>\n#3 0x55f73bd64671 <unknown>\n#4 0x55f73bda8f14 <unknown>\n#5 0x55f73bd874dd <unknown>\n#6 0x55f73bda62cc <unknown>\n#7 0x55f73bd87253 <unknown>\n#8 0x55f73bd571c7 <unknown>\n#9 0x55f73bd57b3e <unknown>\n#10 0x55f73bff527b <unknown>\n#11 0x55f73bff9327 <unknown>\n#12 0x55f73bfe1dae <unknown>\n#13 0x55f73bff9df2 <unknown>\n#14 0x55f73bfc674f <unknown>\n#15 0x55f73c01e128 <unknown>\n#16 0x55f73c01e2fb <unknown>\n#17 0x55f73c02df6c <unknown>\n#18 0x7faa549c7134 <unknown>","time":{"start":1717203617613,"stop":1717203617923,"duration":310}},{"uid":"428cfa03dd80be32","reportUrl":"https://Nat754.github.io/StroyremAutomation/324//#testresult/428cfa03dd80be32","status":"skipped","statusDetails":"XFAIL\n\nselenium.common.exceptions.NoSuchElementException: Message: no such element: Unable to locate element: {\"method\":\"xpath\",\"selector\":\"(//a[@class='add-to-cart yellow-btn'])[1]\"}\n  (Session info: chrome-headless-shell=125.0.6422.141); For documentation on this error, please visit: https://www.selenium.dev/documentation/webdriver/troubleshooting/errors#no-such-element-exception\nStacktrace:\n#0 0x55e3b9681e3a <unknown>\n#1 0x55e3b936b45c <unknown>\n#2 0x55e3b93b75b5 <unknown>\n#3 0x55e3b93b7671 <unknown>\n#4 0x55e3b93fbf14 <unknown>\n#5 0x55e3b93da4dd <unknown>\n#6 0x55e3b93f92cc <unknown>\n#7 0x55e3b93da253 <unknown>\n#8 0x55e3b93aa1c7 <unknown>\n#9 0x55e3b93aab3e <unknown>\n#10 0x55e3b964827b <unknown>\n#11 0x55e3b964c327 <unknown>\n#12 0x55e3b9634dae <unknown>\n#13 0x55e3b964cdf2 <unknown>\n#14 0x55e3b961974f <unknown>\n#15 0x55e3b9671128 <unknown>\n#16 0x55e3b96712fb <unknown>\n#17 0x55e3b9680f6c <unknown>\n#18 0x7f27fe019134 <unknown>","time":{"start":1717117133883,"stop":1717117134511,"duration":628}},{"uid":"3585cdc4468a2a11","reportUrl":"https://Nat754.github.io/StroyremAutomation/323//#testresult/3585cdc4468a2a11","status":"skipped","statusDetails":"XFAIL\n\nselenium.common.exceptions.NoSuchElementException: Message: no such element: Unable to locate element: {\"method\":\"xpath\",\"selector\":\"(//a[@class='add-to-cart yellow-btn'])[1]\"}\n  (Session info: chrome-headless-shell=125.0.6422.78); For documentation on this error, please visit: https://www.selenium.dev/documentation/webdriver/troubleshooting/errors#no-such-element-exception\nStacktrace:\n#0 0x55ee11b10e8a <unknown>\n#1 0x55ee117fa45c <unknown>\n#2 0x55ee118465b5 <unknown>\n#3 0x55ee11846671 <unknown>\n#4 0x55ee1188af14 <unknown>\n#5 0x55ee118694dd <unknown>\n#6 0x55ee118882cc <unknown>\n#7 0x55ee11869253 <unknown>\n#8 0x55ee118391c7 <unknown>\n#9 0x55ee11839b3e <unknown>\n#10 0x55ee11ad72cb <unknown>\n#11 0x55ee11adb377 <unknown>\n#12 0x55ee11ac3dfe <unknown>\n#13 0x55ee11adbe42 <unknown>\n#14 0x55ee11aa879f <unknown>\n#15 0x55ee11b00178 <unknown>\n#16 0x55ee11b0034b <unknown>\n#17 0x55ee11b0ffbc <unknown>\n#18 0x7f7eed742134 <unknown>","time":{"start":1717030636835,"stop":1717030637144,"duration":309}}]},"tags":["@pytest.mark.xfail","smoke_test"]},"source":"8c5b9d8dd845116b.json","parameterValues":["12500","333","'TD 012'","11990","'products/shtukaturka-gipsovaya-aksolit-m50-30-kg-mashinnogo-naneseniya'","4450","'https://sandboxtest.stroyrem-nn.ru/'","10000"]}