{"uid":"5c33d77eec6f1674","name":"test_positive_delivery_green_zone_smoke[TD 003-products/shtukaturka-gipsovaya-aksolit-m50-30-kg-mashinnogo-naneseniya-8-300-400-1590-2190-https://sandboxtest.stroyrem-nn.ru/]","fullName":"tests.delivery.test_delivery_calculation.TestDeliveryPageCalculation#test_positive_delivery_green_zone_smoke","historyId":"239a587b1da1301f58068db5c0d7b1f1","time":{"start":1694912333491,"stop":1694912334188,"duration":697},"status":"skipped","statusMessage":"XFAIL\n\nselenium.common.exceptions.NoSuchElementException: Message: no such element: Unable to locate element: {\"method\":\"xpath\",\"selector\":\"(//a[@class='add-to-cart yellow-btn'])[1]\"}\n  (Session info: headless chrome=117.0.5938.88); For documentation on this error, please visit: https://www.selenium.dev/documentation/webdriver/troubleshooting/errors#no-such-element-exception\nStacktrace:\n#0 0x556e8bafe6c3 <unknown>\n#1 0x556e8b7d41e7 <unknown>\n#2 0x556e8b81b566 <unknown>\n#3 0x556e8b81b651 <unknown>\n#4 0x556e8b858a74 <unknown>\n#5 0x556e8b83d0ed <unknown>\n#6 0x556e8b856322 <unknown>\n#7 0x556e8b83ce93 <unknown>\n#8 0x556e8b80f934 <unknown>\n#9 0x556e8b81071e <unknown>\n#10 0x556e8bac3cc8 <unknown>\n#11 0x556e8bac7c00 <unknown>\n#12 0x556e8bad21ac <unknown>\n#13 0x556e8bac8818 <unknown>\n#14 0x556e8ba9528f <unknown>\n#15 0x556e8baece98 <unknown>\n#16 0x556e8baed069 <unknown>\n#17 0x556e8bafd853 <unknown>\n#18 0x7f235730f044 <unknown>","statusTrace":"self = <tests.delivery.test_delivery_calculation.TestDeliveryPageCalculation object at 0x7f6e0ab0bf10>\ndriver = <selenium.webdriver.chrome.webdriver.WebDriver (session=\"59dfea4b571779ccaca6d1d906bf4498\")>\nurl = 'https://sandboxtest.stroyrem-nn.ru/', case_id = 'TD 003'\nlink_item = 'products/shtukaturka-gipsovaya-aksolit-m50-30-kg-mashinnogo-naneseniya'\namount = 8, weight = 300, standard = 400, in_time = 1590, all_time = 2190\n\n    @pytest.mark.parametrize('case_id, link_item, amount, weight, standard, in_time, all_time', [\n        (\"TD 001\", uroven_3000, 1, 30, 0, 1590, 2190),\n        (\"TD 002\", bundeks_25, 1, 30, 400, 1590, 2190),\n        (\"TD 003\", aksolit_30, 8, 300, 400, 1590, 2190),\n        (\"TD 004\", aksolit_30, 13, 400, 450, 1590, 2190),\n        (\"TD 005\", aksolit_30, 16, 500, 600, 1590, 2190),\n        (\"TD 006\", aksolit_30, 25, 1700, 990, 1990, 2480),\n        (\"TD 007\", aksolit_30, 66, 2000, 1300, 2490, 2980),\n        (\"TD 008\", aksolit_30, 149, 4500, 2300, 3980, 4490),\n        (\"TD 009\", aksolit_30, 166, 5000, 2500, 4990, 5480),\n        pytest.param(\n            \"TD 010\", aksolit_30, 206, 6200, 2900, 5570, 6120,\n            marks=pytest.mark.xfail(reson=\"Цена доставки 3600 7960 8980\")\n        ),\n        (\"TD 011\", aksolit_30, 299, 9000, 3600, 7960, 8980),\n        (\"TD 012\", aksolit_30, 333, 10000, 4450, 11990, 12500),\n        pytest.param(\n            \"TD 013\", aksolit_30, 366, 11000, 4800, 12450, 13480,\n            marks=pytest.mark.xfail(reason=\"Цена стандартной доставки 4450\")\n        ),\n        pytest.param(\n            \"TD 014\", aksolit_30, 666, 20000, 5400, 15600, 17490,\n            marks=pytest.mark.xfail(reason=\"Цена стандартной доставки 4450\")\n        )\n    ])\n    @pytest.mark.xfail\n    @pytest.mark.smoke_test\n    def test_positive_delivery_green_zone_smoke(\n            self, driver, url, case_id, link_item, amount, weight, standard, in_time, all_time\n    ):\n    \n        driver.get(f'{url}{link_item}')\n        item_page = ItemPage(driver)\n>       item_page.add_item_to_cart(amount).click_on_cart()\n\ntests/delivery/test_delivery_calculation.py:50: \n_ _ _ _ _ _ _ _ _ _ _ _ _ _ _ _ _ _ _ _ _ _ _ _ _ _ _ _ _ _ _ _ _ _ _ _ _ _ _ _ \npages/item_page.py:40: in add_item_to_cart\n    self.find_element(self._add_item).click()\nbase/seleniumbase.py:17: in find_element\n    return self.driver.find_element(*locator)\n/usr/local/lib/python3.11/site-packages/selenium/webdriver/remote/webdriver.py:739: in find_element\n    return self.execute(Command.FIND_ELEMENT, {\"using\": by, \"value\": value})[\"value\"]\n/usr/local/lib/python3.11/site-packages/selenium/webdriver/remote/webdriver.py:345: in execute\n    self.error_handler.check_response(response)\n_ _ _ _ _ _ _ _ _ _ _ _ _ _ _ _ _ _ _ _ _ _ _ _ _ _ _ _ _ _ _ _ _ _ _ _ _ _ _ _ \n\nself = <selenium.webdriver.remote.errorhandler.ErrorHandler object at 0x7f6e0aabd7d0>\nresponse = {'status': 404, 'value': '{\"value\":{\"error\":\"no such element\",\"message\":\"no such element: Unable to locate element: {\\...\\\\n#16 0x556e8baed069 \\\\u003Cunknown>\\\\n#17 0x556e8bafd853 \\\\u003Cunknown>\\\\n#18 0x7f235730f044 \\\\u003Cunknown>\\\\n\"}}'}\n\n    def check_response(self, response: Dict[str, Any]) -> None:\n        \"\"\"Checks that a JSON response from the WebDriver does not have an\n        error.\n    \n        :Args:\n         - response - The JSON response from the WebDriver server as a dictionary\n           object.\n    \n        :Raises: If the response contains an error message.\n        \"\"\"\n        status = response.get(\"status\", None)\n        if not status or status == ErrorCode.SUCCESS:\n            return\n        value = None\n        message = response.get(\"message\", \"\")\n        screen: str = response.get(\"screen\", \"\")\n        stacktrace = None\n        if isinstance(status, int):\n            value_json = response.get(\"value\", None)\n            if value_json and isinstance(value_json, str):\n                import json\n    \n                try:\n                    value = json.loads(value_json)\n                    if len(value) == 1:\n                        value = value[\"value\"]\n                    status = value.get(\"error\", None)\n                    if not status:\n                        status = value.get(\"status\", ErrorCode.UNKNOWN_ERROR)\n                        message = value.get(\"value\") or value.get(\"message\")\n                        if not isinstance(message, str):\n                            value = message\n                            message = message.get(\"message\")\n                    else:\n                        message = value.get(\"message\", None)\n                except ValueError:\n                    pass\n    \n        exception_class: Type[WebDriverException]\n        e = ErrorCode()\n        error_codes = [item for item in dir(e) if not item.startswith(\"__\")]\n        for error_code in error_codes:\n            error_info = getattr(ErrorCode, error_code)\n            if isinstance(error_info, list) and status in error_info:\n                exception_class = getattr(ExceptionMapping, error_code, WebDriverException)\n                break\n        else:\n            exception_class = WebDriverException\n    \n        if not value:\n            value = response[\"value\"]\n        if isinstance(value, str):\n            raise exception_class(value)\n        if message == \"\" and \"message\" in value:\n            message = value[\"message\"]\n    \n        screen = None  # type: ignore[assignment]\n        if \"screen\" in value:\n            screen = value[\"screen\"]\n    \n        stacktrace = None\n        st_value = value.get(\"stackTrace\") or value.get(\"stacktrace\")\n        if st_value:\n            if isinstance(st_value, str):\n                stacktrace = st_value.split(\"\\n\")\n            else:\n                stacktrace = []\n                try:\n                    for frame in st_value:\n                        line = frame.get(\"lineNumber\", \"\")\n                        file = frame.get(\"fileName\", \"<anonymous>\")\n                        if line:\n                            file = f\"{file}:{line}\"\n                        meth = frame.get(\"methodName\", \"<anonymous>\")\n                        if \"className\" in frame:\n                            meth = f\"{frame['className']}.{meth}\"\n                        msg = \"    at %s (%s)\"\n                        msg = msg % (meth, file)\n                        stacktrace.append(msg)\n                except TypeError:\n                    pass\n        if exception_class == UnexpectedAlertPresentException:\n            alert_text = None\n            if \"data\" in value:\n                alert_text = value[\"data\"].get(\"text\")\n            elif \"alert\" in value:\n                alert_text = value[\"alert\"].get(\"text\")\n            raise exception_class(message, screen, stacktrace, alert_text)  # type: ignore[call-arg]  # mypy is not smart enough here\n>       raise exception_class(message, screen, stacktrace)\nE       selenium.common.exceptions.NoSuchElementException: Message: no such element: Unable to locate element: {\"method\":\"xpath\",\"selector\":\"(//a[@class='add-to-cart yellow-btn'])[1]\"}\nE         (Session info: headless chrome=117.0.5938.88); For documentation on this error, please visit: https://www.selenium.dev/documentation/webdriver/troubleshooting/errors#no-such-element-exception\nE       Stacktrace:\nE       #0 0x556e8bafe6c3 <unknown>\nE       #1 0x556e8b7d41e7 <unknown>\nE       #2 0x556e8b81b566 <unknown>\nE       #3 0x556e8b81b651 <unknown>\nE       #4 0x556e8b858a74 <unknown>\nE       #5 0x556e8b83d0ed <unknown>\nE       #6 0x556e8b856322 <unknown>\nE       #7 0x556e8b83ce93 <unknown>\nE       #8 0x556e8b80f934 <unknown>\nE       #9 0x556e8b81071e <unknown>\nE       #10 0x556e8bac3cc8 <unknown>\nE       #11 0x556e8bac7c00 <unknown>\nE       #12 0x556e8bad21ac <unknown>\nE       #13 0x556e8bac8818 <unknown>\nE       #14 0x556e8ba9528f <unknown>\nE       #15 0x556e8baece98 <unknown>\nE       #16 0x556e8baed069 <unknown>\nE       #17 0x556e8bafd853 <unknown>\nE       #18 0x7f235730f044 <unknown>\n\n/usr/local/lib/python3.11/site-packages/selenium/webdriver/remote/errorhandler.py:229: NoSuchElementException","flaky":false,"newFailed":false,"newBroken":false,"newPassed":false,"retriesCount":0,"retriesStatusChange":false,"beforeStages":[{"name":"_session_faker","time":{"start":1694911836511,"stop":1694911836606,"duration":95},"status":"passed","steps":[],"attachments":[],"parameters":[],"shouldDisplayMessage":false,"stepsCount":0,"attachmentsCount":0,"hasContent":false},{"name":"clear_allure_results_folder","time":{"start":1694911836606,"stop":1694911836606,"duration":0},"status":"passed","steps":[],"attachments":[],"parameters":[],"shouldDisplayMessage":false,"stepsCount":0,"attachmentsCount":0,"hasContent":false},{"name":"driver","time":{"start":1694912332625,"stop":1694912333489,"duration":864},"status":"passed","steps":[],"attachments":[],"parameters":[],"shouldDisplayMessage":false,"stepsCount":0,"attachmentsCount":0,"hasContent":false},{"name":"setup","time":{"start":1694912333489,"stop":1694912333489,"duration":0},"status":"passed","steps":[],"attachments":[],"parameters":[],"shouldDisplayMessage":false,"stepsCount":0,"attachmentsCount":0,"hasContent":false}],"testStage":{"status":"skipped","statusMessage":"XFAIL\n\nselenium.common.exceptions.NoSuchElementException: Message: no such element: Unable to locate element: {\"method\":\"xpath\",\"selector\":\"(//a[@class='add-to-cart yellow-btn'])[1]\"}\n  (Session info: headless chrome=117.0.5938.88); For documentation on this error, please visit: https://www.selenium.dev/documentation/webdriver/troubleshooting/errors#no-such-element-exception\nStacktrace:\n#0 0x556e8bafe6c3 <unknown>\n#1 0x556e8b7d41e7 <unknown>\n#2 0x556e8b81b566 <unknown>\n#3 0x556e8b81b651 <unknown>\n#4 0x556e8b858a74 <unknown>\n#5 0x556e8b83d0ed <unknown>\n#6 0x556e8b856322 <unknown>\n#7 0x556e8b83ce93 <unknown>\n#8 0x556e8b80f934 <unknown>\n#9 0x556e8b81071e <unknown>\n#10 0x556e8bac3cc8 <unknown>\n#11 0x556e8bac7c00 <unknown>\n#12 0x556e8bad21ac <unknown>\n#13 0x556e8bac8818 <unknown>\n#14 0x556e8ba9528f <unknown>\n#15 0x556e8baece98 <unknown>\n#16 0x556e8baed069 <unknown>\n#17 0x556e8bafd853 <unknown>\n#18 0x7f235730f044 <unknown>","statusTrace":"self = <tests.delivery.test_delivery_calculation.TestDeliveryPageCalculation object at 0x7f6e0ab0bf10>\ndriver = <selenium.webdriver.chrome.webdriver.WebDriver (session=\"59dfea4b571779ccaca6d1d906bf4498\")>\nurl = 'https://sandboxtest.stroyrem-nn.ru/', case_id = 'TD 003'\nlink_item = 'products/shtukaturka-gipsovaya-aksolit-m50-30-kg-mashinnogo-naneseniya'\namount = 8, weight = 300, standard = 400, in_time = 1590, all_time = 2190\n\n    @pytest.mark.parametrize('case_id, link_item, amount, weight, standard, in_time, all_time', [\n        (\"TD 001\", uroven_3000, 1, 30, 0, 1590, 2190),\n        (\"TD 002\", bundeks_25, 1, 30, 400, 1590, 2190),\n        (\"TD 003\", aksolit_30, 8, 300, 400, 1590, 2190),\n        (\"TD 004\", aksolit_30, 13, 400, 450, 1590, 2190),\n        (\"TD 005\", aksolit_30, 16, 500, 600, 1590, 2190),\n        (\"TD 006\", aksolit_30, 25, 1700, 990, 1990, 2480),\n        (\"TD 007\", aksolit_30, 66, 2000, 1300, 2490, 2980),\n        (\"TD 008\", aksolit_30, 149, 4500, 2300, 3980, 4490),\n        (\"TD 009\", aksolit_30, 166, 5000, 2500, 4990, 5480),\n        pytest.param(\n            \"TD 010\", aksolit_30, 206, 6200, 2900, 5570, 6120,\n            marks=pytest.mark.xfail(reson=\"Цена доставки 3600 7960 8980\")\n        ),\n        (\"TD 011\", aksolit_30, 299, 9000, 3600, 7960, 8980),\n        (\"TD 012\", aksolit_30, 333, 10000, 4450, 11990, 12500),\n        pytest.param(\n            \"TD 013\", aksolit_30, 366, 11000, 4800, 12450, 13480,\n            marks=pytest.mark.xfail(reason=\"Цена стандартной доставки 4450\")\n        ),\n        pytest.param(\n            \"TD 014\", aksolit_30, 666, 20000, 5400, 15600, 17490,\n            marks=pytest.mark.xfail(reason=\"Цена стандартной доставки 4450\")\n        )\n    ])\n    @pytest.mark.xfail\n    @pytest.mark.smoke_test\n    def test_positive_delivery_green_zone_smoke(\n            self, driver, url, case_id, link_item, amount, weight, standard, in_time, all_time\n    ):\n    \n        driver.get(f'{url}{link_item}')\n        item_page = ItemPage(driver)\n>       item_page.add_item_to_cart(amount).click_on_cart()\n\ntests/delivery/test_delivery_calculation.py:50: \n_ _ _ _ _ _ _ _ _ _ _ _ _ _ _ _ _ _ _ _ _ _ _ _ _ _ _ _ _ _ _ _ _ _ _ _ _ _ _ _ \npages/item_page.py:40: in add_item_to_cart\n    self.find_element(self._add_item).click()\nbase/seleniumbase.py:17: in find_element\n    return self.driver.find_element(*locator)\n/usr/local/lib/python3.11/site-packages/selenium/webdriver/remote/webdriver.py:739: in find_element\n    return self.execute(Command.FIND_ELEMENT, {\"using\": by, \"value\": value})[\"value\"]\n/usr/local/lib/python3.11/site-packages/selenium/webdriver/remote/webdriver.py:345: in execute\n    self.error_handler.check_response(response)\n_ _ _ _ _ _ _ _ _ _ _ _ _ _ _ _ _ _ _ _ _ _ _ _ _ _ _ _ _ _ _ _ _ _ _ _ _ _ _ _ \n\nself = <selenium.webdriver.remote.errorhandler.ErrorHandler object at 0x7f6e0aabd7d0>\nresponse = {'status': 404, 'value': '{\"value\":{\"error\":\"no such element\",\"message\":\"no such element: Unable to locate element: {\\...\\\\n#16 0x556e8baed069 \\\\u003Cunknown>\\\\n#17 0x556e8bafd853 \\\\u003Cunknown>\\\\n#18 0x7f235730f044 \\\\u003Cunknown>\\\\n\"}}'}\n\n    def check_response(self, response: Dict[str, Any]) -> None:\n        \"\"\"Checks that a JSON response from the WebDriver does not have an\n        error.\n    \n        :Args:\n         - response - The JSON response from the WebDriver server as a dictionary\n           object.\n    \n        :Raises: If the response contains an error message.\n        \"\"\"\n        status = response.get(\"status\", None)\n        if not status or status == ErrorCode.SUCCESS:\n            return\n        value = None\n        message = response.get(\"message\", \"\")\n        screen: str = response.get(\"screen\", \"\")\n        stacktrace = None\n        if isinstance(status, int):\n            value_json = response.get(\"value\", None)\n            if value_json and isinstance(value_json, str):\n                import json\n    \n                try:\n                    value = json.loads(value_json)\n                    if len(value) == 1:\n                        value = value[\"value\"]\n                    status = value.get(\"error\", None)\n                    if not status:\n                        status = value.get(\"status\", ErrorCode.UNKNOWN_ERROR)\n                        message = value.get(\"value\") or value.get(\"message\")\n                        if not isinstance(message, str):\n                            value = message\n                            message = message.get(\"message\")\n                    else:\n                        message = value.get(\"message\", None)\n                except ValueError:\n                    pass\n    \n        exception_class: Type[WebDriverException]\n        e = ErrorCode()\n        error_codes = [item for item in dir(e) if not item.startswith(\"__\")]\n        for error_code in error_codes:\n            error_info = getattr(ErrorCode, error_code)\n            if isinstance(error_info, list) and status in error_info:\n                exception_class = getattr(ExceptionMapping, error_code, WebDriverException)\n                break\n        else:\n            exception_class = WebDriverException\n    \n        if not value:\n            value = response[\"value\"]\n        if isinstance(value, str):\n            raise exception_class(value)\n        if message == \"\" and \"message\" in value:\n            message = value[\"message\"]\n    \n        screen = None  # type: ignore[assignment]\n        if \"screen\" in value:\n            screen = value[\"screen\"]\n    \n        stacktrace = None\n        st_value = value.get(\"stackTrace\") or value.get(\"stacktrace\")\n        if st_value:\n            if isinstance(st_value, str):\n                stacktrace = st_value.split(\"\\n\")\n            else:\n                stacktrace = []\n                try:\n                    for frame in st_value:\n                        line = frame.get(\"lineNumber\", \"\")\n                        file = frame.get(\"fileName\", \"<anonymous>\")\n                        if line:\n                            file = f\"{file}:{line}\"\n                        meth = frame.get(\"methodName\", \"<anonymous>\")\n                        if \"className\" in frame:\n                            meth = f\"{frame['className']}.{meth}\"\n                        msg = \"    at %s (%s)\"\n                        msg = msg % (meth, file)\n                        stacktrace.append(msg)\n                except TypeError:\n                    pass\n        if exception_class == UnexpectedAlertPresentException:\n            alert_text = None\n            if \"data\" in value:\n                alert_text = value[\"data\"].get(\"text\")\n            elif \"alert\" in value:\n                alert_text = value[\"alert\"].get(\"text\")\n            raise exception_class(message, screen, stacktrace, alert_text)  # type: ignore[call-arg]  # mypy is not smart enough here\n>       raise exception_class(message, screen, stacktrace)\nE       selenium.common.exceptions.NoSuchElementException: Message: no such element: Unable to locate element: {\"method\":\"xpath\",\"selector\":\"(//a[@class='add-to-cart yellow-btn'])[1]\"}\nE         (Session info: headless chrome=117.0.5938.88); For documentation on this error, please visit: https://www.selenium.dev/documentation/webdriver/troubleshooting/errors#no-such-element-exception\nE       Stacktrace:\nE       #0 0x556e8bafe6c3 <unknown>\nE       #1 0x556e8b7d41e7 <unknown>\nE       #2 0x556e8b81b566 <unknown>\nE       #3 0x556e8b81b651 <unknown>\nE       #4 0x556e8b858a74 <unknown>\nE       #5 0x556e8b83d0ed <unknown>\nE       #6 0x556e8b856322 <unknown>\nE       #7 0x556e8b83ce93 <unknown>\nE       #8 0x556e8b80f934 <unknown>\nE       #9 0x556e8b81071e <unknown>\nE       #10 0x556e8bac3cc8 <unknown>\nE       #11 0x556e8bac7c00 <unknown>\nE       #12 0x556e8bad21ac <unknown>\nE       #13 0x556e8bac8818 <unknown>\nE       #14 0x556e8ba9528f <unknown>\nE       #15 0x556e8baece98 <unknown>\nE       #16 0x556e8baed069 <unknown>\nE       #17 0x556e8bafd853 <unknown>\nE       #18 0x7f235730f044 <unknown>\n\n/usr/local/lib/python3.11/site-packages/selenium/webdriver/remote/errorhandler.py:229: NoSuchElementException","steps":[{"name":"Добавляем товар в корзину в количестве 8","time":{"start":1694912334170,"stop":1694912334187,"duration":17},"status":"broken","statusMessage":"selenium.common.exceptions.NoSuchElementException: Message: no such element: Unable to locate element: {\"method\":\"xpath\",\"selector\":\"(//a[@class='add-to-cart yellow-btn'])[1]\"}\n  (Session info: headless chrome=117.0.5938.88); For documentation on this error, please visit: https://www.selenium.dev/documentation/webdriver/troubleshooting/errors#no-such-element-exception\nStacktrace:\n#0 0x556e8bafe6c3 <unknown>\n#1 0x556e8b7d41e7 <unknown>\n#2 0x556e8b81b566 <unknown>\n#3 0x556e8b81b651 <unknown>\n#4 0x556e8b858a74 <unknown>\n#5 0x556e8b83d0ed <unknown>\n#6 0x556e8b856322 <unknown>\n#7 0x556e8b83ce93 <unknown>\n#8 0x556e8b80f934 <unknown>\n#9 0x556e8b81071e <unknown>\n#10 0x556e8bac3cc8 <unknown>\n#11 0x556e8bac7c00 <unknown>\n#12 0x556e8bad21ac <unknown>\n#13 0x556e8bac8818 <unknown>\n#14 0x556e8ba9528f <unknown>\n#15 0x556e8baece98 <unknown>\n#16 0x556e8baed069 <unknown>\n#17 0x556e8bafd853 <unknown>\n#18 0x7f235730f044 <unknown>\n\n","statusTrace":"  File \"/usr/local/lib/python3.11/site-packages/allure_commons/_allure.py\", line 192, in impl\n    return func(*a, **kw)\n           ^^^^^^^^^^^^^^\n  File \"/app/pages/item_page.py\", line 40, in add_item_to_cart\n    self.find_element(self._add_item).click()\n    ^^^^^^^^^^^^^^^^^^^^^^^^^^^^^^^^^\n  File \"/app/base/seleniumbase.py\", line 17, in find_element\n    return self.driver.find_element(*locator)\n           ^^^^^^^^^^^^^^^^^^^^^^^^^^^^^^^^^^\n  File \"/usr/local/lib/python3.11/site-packages/selenium/webdriver/remote/webdriver.py\", line 739, in find_element\n    return self.execute(Command.FIND_ELEMENT, {\"using\": by, \"value\": value})[\"value\"]\n           ^^^^^^^^^^^^^^^^^^^^^^^^^^^^^^^^^^^^^^^^^^^^^^^^^^^^^^^^^^^^^^^^^\n  File \"/usr/local/lib/python3.11/site-packages/selenium/webdriver/remote/webdriver.py\", line 345, in execute\n    self.error_handler.check_response(response)\n  File \"/usr/local/lib/python3.11/site-packages/selenium/webdriver/remote/errorhandler.py\", line 229, in check_response\n    raise exception_class(message, screen, stacktrace)\n","steps":[],"attachments":[],"parameters":[{"name":"amount","value":"8"}],"shouldDisplayMessage":true,"stepsCount":0,"attachmentsCount":0,"hasContent":true}],"attachments":[{"uid":"cb1051c5e6159ee4","name":"Screenshot","source":"cb1051c5e6159ee4.png","type":"image/png","size":39917},{"uid":"112d48141164fe14","name":"HTML source","source":"112d48141164fe14.html","type":"text/html","size":544}],"parameters":[],"shouldDisplayMessage":true,"stepsCount":1,"attachmentsCount":2,"hasContent":true},"afterStages":[{"name":"setup::0","time":{"start":1694912334349,"stop":1694912334349,"duration":0},"status":"passed","steps":[],"attachments":[],"parameters":[],"shouldDisplayMessage":false,"stepsCount":0,"attachmentsCount":0,"hasContent":false},{"name":"driver::0","time":{"start":1694912334350,"stop":1694912334406,"duration":56},"status":"passed","steps":[],"attachments":[],"parameters":[],"shouldDisplayMessage":false,"stepsCount":0,"attachmentsCount":0,"hasContent":false}],"labels":[{"name":"epic","value":"Delivery Page - calculation"},{"name":"tag","value":"smoke_test"},{"name":"tag","value":"@pytest.mark.xfail"},{"name":"parentSuite","value":"tests.delivery"},{"name":"suite","value":"test_delivery_calculation"},{"name":"subSuite","value":"TestDeliveryPageCalculation"},{"name":"host","value":"b0f76dc567cb"},{"name":"thread","value":"1-MainThread"},{"name":"framework","value":"pytest"},{"name":"language","value":"cpython3"},{"name":"package","value":"tests.delivery.test_delivery_calculation"},{"name":"resultFormat","value":"allure2"}],"parameters":[{"name":"all_time","value":"2190"},{"name":"amount","value":"8"},{"name":"case_id","value":"'TD 003'"},{"name":"in_time","value":"1590"},{"name":"link_item","value":"'products/shtukaturka-gipsovaya-aksolit-m50-30-kg-mashinnogo-naneseniya'"},{"name":"standard","value":"400"},{"name":"url","value":"'https://sandboxtest.stroyrem-nn.ru/'"},{"name":"weight","value":"300"}],"links":[],"hidden":false,"retry":false,"extra":{"severity":"normal","retries":[],"categories":[],"history":{"statistic":{"failed":0,"broken":13,"skipped":20,"passed":0,"unknown":0,"total":33},"items":[{"uid":"560b3dc74f58c2d2","reportUrl":"https://Nat754.github.io/StroyremAutomation/64//#testresult/560b3dc74f58c2d2","status":"skipped","statusDetails":"XFAIL\n\nselenium.common.exceptions.NoSuchElementException: Message: no such element: Unable to locate element: {\"method\":\"xpath\",\"selector\":\"(//a[@class='add-to-cart yellow-btn'])[1]\"}\n  (Session info: headless chrome=117.0.5938.88); For documentation on this error, please visit: https://www.selenium.dev/documentation/webdriver/troubleshooting/errors#no-such-element-exception\nStacktrace:\n#0 0x55f795bfa6c3 <unknown>\n#1 0x55f7958d01e7 <unknown>\n#2 0x55f795917566 <unknown>\n#3 0x55f795917651 <unknown>\n#4 0x55f795954a74 <unknown>\n#5 0x55f7959390ed <unknown>\n#6 0x55f795952322 <unknown>\n#7 0x55f795938e93 <unknown>\n#8 0x55f79590b934 <unknown>\n#9 0x55f79590c71e <unknown>\n#10 0x55f795bbfcc8 <unknown>\n#11 0x55f795bc3c00 <unknown>\n#12 0x55f795bce1ac <unknown>\n#13 0x55f795bc4818 <unknown>\n#14 0x55f795b9128f <unknown>\n#15 0x55f795be8e98 <unknown>\n#16 0x55f795be9069 <unknown>\n#17 0x55f795bf9853 <unknown>\n#18 0x7f55397fc044 <unknown>","time":{"start":1694825630636,"stop":1694825631349,"duration":713}},{"uid":"b4b7e9f2d06d7c60","reportUrl":"https://Nat754.github.io/StroyremAutomation/63//#testresult/b4b7e9f2d06d7c60","status":"skipped","statusDetails":"XFAIL\n\nselenium.common.exceptions.NoSuchElementException: Message: no such element: Unable to locate element: {\"method\":\"xpath\",\"selector\":\"(//a[@class='add-to-cart yellow-btn'])[1]\"}\n  (Session info: headless chrome=117.0.5938.62); For documentation on this error, please visit: https://www.selenium.dev/documentation/webdriver/troubleshooting/errors#no-such-element-exception\nStacktrace:\n#0 0x55c646232693 <unknown>\n#1 0x55c645f081e7 <unknown>\n#2 0x55c645f4f566 <unknown>\n#3 0x55c645f4f651 <unknown>\n#4 0x55c645f8ca74 <unknown>\n#5 0x55c645f710ed <unknown>\n#6 0x55c645f8a322 <unknown>\n#7 0x55c645f70e93 <unknown>\n#8 0x55c645f43934 <unknown>\n#9 0x55c645f4471e <unknown>\n#10 0x55c6461f7c98 <unknown>\n#11 0x55c6461fbbd0 <unknown>\n#12 0x55c64620617c <unknown>\n#13 0x55c6461fc7e8 <unknown>\n#14 0x55c6461c925f <unknown>\n#15 0x55c646220e68 <unknown>\n#16 0x55c646221039 <unknown>\n#17 0x55c646231823 <unknown>\n#18 0x7f7802cf2044 <unknown>","time":{"start":1694739380322,"stop":1694739381038,"duration":716}},{"uid":"fcc0b8d07acd385a","reportUrl":"https://Nat754.github.io/StroyremAutomation/62//#testresult/fcc0b8d07acd385a","status":"skipped","statusDetails":"XFAIL\n\nselenium.common.exceptions.NoSuchElementException: Message: no such element: Unable to locate element: {\"method\":\"xpath\",\"selector\":\"(//a[@class='add-to-cart yellow-btn'])[1]\"}\n  (Session info: headless chrome=117.0.5938.62); For documentation on this error, please visit: https://www.selenium.dev/documentation/webdriver/troubleshooting/errors#no-such-element-exception\nStacktrace:\n#0 0x56535b07e693 <unknown>\n#1 0x56535ad541e7 <unknown>\n#2 0x56535ad9b566 <unknown>\n#3 0x56535ad9b651 <unknown>\n#4 0x56535add8a74 <unknown>\n#5 0x56535adbd0ed <unknown>\n#6 0x56535add6322 <unknown>\n#7 0x56535adbce93 <unknown>\n#8 0x56535ad8f934 <unknown>\n#9 0x56535ad9071e <unknown>\n#10 0x56535b043c98 <unknown>\n#11 0x56535b047bd0 <unknown>\n#12 0x56535b05217c <unknown>\n#13 0x56535b0487e8 <unknown>\n#14 0x56535b01525f <unknown>\n#15 0x56535b06ce68 <unknown>\n#16 0x56535b06d039 <unknown>\n#17 0x56535b07d823 <unknown>\n#18 0x7fa59e378044 <unknown>","time":{"start":1694652922909,"stop":1694652923452,"duration":543}},{"uid":"994aff7b58b4f378","reportUrl":"https://Nat754.github.io/StroyremAutomation/61//#testresult/994aff7b58b4f378","status":"skipped","statusDetails":"XFAIL\n\nselenium.common.exceptions.NoSuchElementException: Message: no such element: Unable to locate element: {\"method\":\"xpath\",\"selector\":\"(//a[@class='add-to-cart yellow-btn'])[1]\"}\n  (Session info: headless chrome=117.0.5938.62); For documentation on this error, please visit: https://www.selenium.dev/documentation/webdriver/troubleshooting/errors#no-such-element-exception\nStacktrace:\n#0 0x55f6167ba693 <unknown>\n#1 0x55f6164901e7 <unknown>\n#2 0x55f6164d7566 <unknown>\n#3 0x55f6164d7651 <unknown>\n#4 0x55f616514a74 <unknown>\n#5 0x55f6164f90ed <unknown>\n#6 0x55f616512322 <unknown>\n#7 0x55f6164f8e93 <unknown>\n#8 0x55f6164cb934 <unknown>\n#9 0x55f6164cc71e <unknown>\n#10 0x55f61677fc98 <unknown>\n#11 0x55f616783bd0 <unknown>\n#12 0x55f61678e17c <unknown>\n#13 0x55f6167847e8 <unknown>\n#14 0x55f61675125f <unknown>\n#15 0x55f6167a8e68 <unknown>\n#16 0x55f6167a9039 <unknown>\n#17 0x55f6167b9823 <unknown>\n#18 0x7f60296c4044 <unknown>","time":{"start":1694637898520,"stop":1694637899076,"duration":556}},{"uid":"ea5435bc8862f084","reportUrl":"https://Nat754.github.io/StroyremAutomation/61//#testresult/ea5435bc8862f084","status":"skipped","statusDetails":"XFAIL\n\nselenium.common.exceptions.NoSuchElementException: Message: no such element: Unable to locate element: {\"method\":\"xpath\",\"selector\":\"(//a[@class='add-to-cart yellow-btn'])[1]\"}\n  (Session info: headless chrome=117.0.5938.62); For documentation on this error, please visit: https://www.selenium.dev/documentation/webdriver/troubleshooting/errors#no-such-element-exception\nStacktrace:\n#0 0x5652284b3693 <unknown>\n#1 0x5652281891e7 <unknown>\n#2 0x5652281d0566 <unknown>\n#3 0x5652281d0651 <unknown>\n#4 0x56522820da74 <unknown>\n#5 0x5652281f20ed <unknown>\n#6 0x56522820b322 <unknown>\n#7 0x5652281f1e93 <unknown>\n#8 0x5652281c4934 <unknown>\n#9 0x5652281c571e <unknown>\n#10 0x565228478c98 <unknown>\n#11 0x56522847cbd0 <unknown>\n#12 0x56522848717c <unknown>\n#13 0x56522847d7e8 <unknown>\n#14 0x56522844a25f <unknown>\n#15 0x5652284a1e68 <unknown>\n#16 0x5652284a2039 <unknown>\n#17 0x5652284b2823 <unknown>\n#18 0x7f92e3d9b044 <unknown>","time":{"start":1694580680073,"stop":1694580680926,"duration":853}},{"uid":"2286ee6604dc12a9","reportUrl":"https://Nat754.github.io/StroyremAutomation/61//#testresult/2286ee6604dc12a9","status":"skipped","statusDetails":"XFAIL\n\nselenium.common.exceptions.NoSuchElementException: Message: no such element: Unable to locate element: {\"method\":\"xpath\",\"selector\":\"(//a[@class='add-to-cart yellow-btn'])[1]\"}\n  (Session info: headless chrome=117.0.5938.62); For documentation on this error, please visit: https://www.selenium.dev/documentation/webdriver/troubleshooting/errors#no-such-element-exception\nStacktrace:\n#0 0x55ed0aaad693 <unknown>\n#1 0x55ed0a7831e7 <unknown>\n#2 0x55ed0a7ca566 <unknown>\n#3 0x55ed0a7ca651 <unknown>\n#4 0x55ed0a807a74 <unknown>\n#5 0x55ed0a7ec0ed <unknown>\n#6 0x55ed0a805322 <unknown>\n#7 0x55ed0a7ebe93 <unknown>\n#8 0x55ed0a7be934 <unknown>\n#9 0x55ed0a7bf71e <unknown>\n#10 0x55ed0aa72c98 <unknown>\n#11 0x55ed0aa76bd0 <unknown>\n#12 0x55ed0aa8117c <unknown>\n#13 0x55ed0aa777e8 <unknown>\n#14 0x55ed0aa4425f <unknown>\n#15 0x55ed0aa9be68 <unknown>\n#16 0x55ed0aa9c039 <unknown>\n#17 0x55ed0aaac823 <unknown>\n#18 0x7f3eee6f1044 <unknown>","time":{"start":1694566584369,"stop":1694566584859,"duration":490}},{"uid":"f4b9a3dddbfc2ad3","reportUrl":"https://Nat754.github.io/StroyremAutomation/60//#testresult/f4b9a3dddbfc2ad3","status":"skipped","statusDetails":"XFAIL\n\nselenium.common.exceptions.NoSuchElementException: Message: no such element: Unable to locate element: {\"method\":\"xpath\",\"selector\":\"(//a[@class='add-to-cart yellow-btn'])[1]\"}\n  (Session info: headless chrome=116.0.5845.96); For documentation on this error, please visit: https://www.selenium.dev/documentation/webdriver/troubleshooting/errors#no-such-element-exception\nStacktrace:\n#0 0x557e1c62ee23 <unknown>\n#1 0x557e1c3577a7 <unknown>\n#2 0x557e1c3961d3 <unknown>\n#3 0x557e1c3962c1 <unknown>\n#4 0x557e1c3d1a04 <unknown>\n#5 0x557e1c3b703d <unknown>\n#6 0x557e1c3cf369 <unknown>\n#7 0x557e1c3b6de3 <unknown>\n#8 0x557e1c38aa7b <unknown>\n#9 0x557e1c38b81e <unknown>\n#10 0x557e1c5f0638 <unknown>\n#11 0x557e1c5f4507 <unknown>\n#12 0x557e1c5fec4c <unknown>\n#13 0x557e1c5f5136 <unknown>\n#14 0x557e1c5c39cf <unknown>\n#15 0x557e1c618b98 <unknown>\n#16 0x557e1c618d68 <unknown>\n#17 0x557e1c627cb3 <unknown>\n#18 0x7f5f94f64044 <unknown>","time":{"start":1694504665883,"stop":1694504666718,"duration":835}},{"uid":"39c1c77de63bcf44","reportUrl":"https://Nat754.github.io/StroyremAutomation/60//#testresult/39c1c77de63bcf44","status":"skipped","statusDetails":"XFAIL\n\nselenium.common.exceptions.NoSuchElementException: Message: no such element: Unable to locate element: {\"method\":\"xpath\",\"selector\":\"(//a[@class='add-to-cart yellow-btn'])[1]\"}\n  (Session info: headless chrome=116.0.5845.96); For documentation on this error, please visit: https://www.selenium.dev/documentation/webdriver/troubleshooting/errors#no-such-element-exception\nStacktrace:\n#0 0x561af92afe23 <unknown>\n#1 0x561af8fd87a7 <unknown>\n#2 0x561af90171d3 <unknown>\n#3 0x561af90172c1 <unknown>\n#4 0x561af9052a04 <unknown>\n#5 0x561af903803d <unknown>\n#6 0x561af9050369 <unknown>\n#7 0x561af9037de3 <unknown>\n#8 0x561af900ba7b <unknown>\n#9 0x561af900c81e <unknown>\n#10 0x561af9271638 <unknown>\n#11 0x561af9275507 <unknown>\n#12 0x561af927fc4c <unknown>\n#13 0x561af9276136 <unknown>\n#14 0x561af92449cf <unknown>\n#15 0x561af9299b98 <unknown>\n#16 0x561af9299d68 <unknown>\n#17 0x561af92a8cb3 <unknown>\n#18 0x7f85b99b3044 <unknown>","time":{"start":1694480196348,"stop":1694480197158,"duration":810}},{"uid":"1f10422826cc5883","reportUrl":"https://Nat754.github.io/StroyremAutomation/59//#testresult/1f10422826cc5883","status":"skipped","statusDetails":"XFAIL\n\nselenium.common.exceptions.NoSuchElementException: Message: no such element: Unable to locate element: {\"method\":\"xpath\",\"selector\":\"(//a[@class='add-to-cart yellow-btn'])[1]\"}\n  (Session info: headless chrome=116.0.5845.96); For documentation on this error, please visit: https://www.selenium.dev/documentation/webdriver/troubleshooting/errors#no-such-element-exception\nStacktrace:\n#0 0x55a038434e23 <unknown>\n#1 0x55a03815d7a7 <unknown>\n#2 0x55a03819c1d3 <unknown>\n#3 0x55a03819c2c1 <unknown>\n#4 0x55a0381d7a04 <unknown>\n#5 0x55a0381bd03d <unknown>\n#6 0x55a0381d5369 <unknown>\n#7 0x55a0381bcde3 <unknown>\n#8 0x55a038190a7b <unknown>\n#9 0x55a03819181e <unknown>\n#10 0x55a0383f6638 <unknown>\n#11 0x55a0383fa507 <unknown>\n#12 0x55a038404c4c <unknown>\n#13 0x55a0383fb136 <unknown>\n#14 0x55a0383c99cf <unknown>\n#15 0x55a03841eb98 <unknown>\n#16 0x55a03841ed68 <unknown>\n#17 0x55a03842dcb3 <unknown>\n#18 0x7f2567032044 <unknown>","time":{"start":1694433822952,"stop":1694433823368,"duration":416}},{"uid":"c615a781cda12bc2","reportUrl":"https://Nat754.github.io/StroyremAutomation/57//#testresult/c615a781cda12bc2","status":"skipped","statusDetails":"XFAIL\n\nselenium.common.exceptions.NoSuchElementException: Message: no such element: Unable to locate element: {\"method\":\"xpath\",\"selector\":\"(//a[@class='add-to-cart yellow-btn'])[1]\"}\n  (Session info: headless chrome=116.0.5845.96); For documentation on this error, please visit: https://www.selenium.dev/documentation/webdriver/troubleshooting/errors#no-such-element-exception\nStacktrace:\n#0 0x564861f97e23 <unknown>\n#1 0x564861cc07a7 <unknown>\n#2 0x564861cff1d3 <unknown>\n#3 0x564861cff2c1 <unknown>\n#4 0x564861d3aa04 <unknown>\n#5 0x564861d2003d <unknown>\n#6 0x564861d38369 <unknown>\n#7 0x564861d1fde3 <unknown>\n#8 0x564861cf3a7b <unknown>\n#9 0x564861cf481e <unknown>\n#10 0x564861f59638 <unknown>\n#11 0x564861f5d507 <unknown>\n#12 0x564861f67c4c <unknown>\n#13 0x564861f5e136 <unknown>\n#14 0x564861f2c9cf <unknown>\n#15 0x564861f81b98 <unknown>\n#16 0x564861f81d68 <unknown>\n#17 0x564861f90cb3 <unknown>\n#18 0x7fb01daea044 <unknown>","time":{"start":1694431051545,"stop":1694431052219,"duration":674}},{"uid":"f1b6f8494bf8dd9c","reportUrl":"https://Nat754.github.io/StroyremAutomation/58//#testresult/f1b6f8494bf8dd9c","status":"skipped","statusDetails":"XFAIL\n\nselenium.common.exceptions.NoSuchElementException: Message: no such element: Unable to locate element: {\"method\":\"xpath\",\"selector\":\"(//a[@class='add-to-cart yellow-btn'])[1]\"}\n  (Session info: headless chrome=116.0.5845.96); For documentation on this error, please visit: https://www.selenium.dev/documentation/webdriver/troubleshooting/errors#no-such-element-exception\nStacktrace:\n#0 0x55570b044e23 <unknown>\n#1 0x55570ad6d7a7 <unknown>\n#2 0x55570adac1d3 <unknown>\n#3 0x55570adac2c1 <unknown>\n#4 0x55570ade7a04 <unknown>\n#5 0x55570adcd03d <unknown>\n#6 0x55570ade5369 <unknown>\n#7 0x55570adccde3 <unknown>\n#8 0x55570ada0a7b <unknown>\n#9 0x55570ada181e <unknown>\n#10 0x55570b006638 <unknown>\n#11 0x55570b00a507 <unknown>\n#12 0x55570b014c4c <unknown>\n#13 0x55570b00b136 <unknown>\n#14 0x55570afd99cf <unknown>\n#15 0x55570b02eb98 <unknown>\n#16 0x55570b02ed68 <unknown>\n#17 0x55570b03dcb3 <unknown>\n#18 0x7f99bda4b044 <unknown>","time":{"start":1694430972826,"stop":1694430977347,"duration":4521}},{"uid":"2acde6fa1cf94070","reportUrl":"https://Nat754.github.io/StroyremAutomation/56//#testresult/2acde6fa1cf94070","status":"skipped","statusDetails":"XFAIL\n\nselenium.common.exceptions.NoSuchElementException: Message: no such element: Unable to locate element: {\"method\":\"xpath\",\"selector\":\"(//a[@class='add-to-cart yellow-btn'])[1]\"}\n  (Session info: headless chrome=116.0.5845.96); For documentation on this error, please visit: https://www.selenium.dev/documentation/webdriver/troubleshooting/errors#no-such-element-exception\nStacktrace:\n#0 0x56341128de23 <unknown>\n#1 0x563410fb67a7 <unknown>\n#2 0x563410ff51d3 <unknown>\n#3 0x563410ff52c1 <unknown>\n#4 0x563411030a04 <unknown>\n#5 0x56341101603d <unknown>\n#6 0x56341102e369 <unknown>\n#7 0x563411015de3 <unknown>\n#8 0x563410fe9a7b <unknown>\n#9 0x563410fea81e <unknown>\n#10 0x56341124f638 <unknown>\n#11 0x563411253507 <unknown>\n#12 0x56341125dc4c <unknown>\n#13 0x563411254136 <unknown>\n#14 0x5634112229cf <unknown>\n#15 0x563411277b98 <unknown>\n#16 0x563411277d68 <unknown>\n#17 0x563411286cb3 <unknown>\n#18 0x7f8871731044 <unknown>","time":{"start":1694429593193,"stop":1694429593602,"duration":409}},{"uid":"2a700e047d6ade57","reportUrl":"https://Nat754.github.io/StroyremAutomation/56//#testresult/2a700e047d6ade57","status":"skipped","statusDetails":"XFAIL\n\nselenium.common.exceptions.NoSuchElementException: Message: no such element: Unable to locate element: {\"method\":\"xpath\",\"selector\":\"(//a[@class='add-to-cart yellow-btn'])[1]\"}\n  (Session info: headless chrome=116.0.5845.96); For documentation on this error, please visit: https://www.selenium.dev/documentation/webdriver/troubleshooting/errors#no-such-element-exception\nStacktrace:\n#0 0x5654bd1dae23 <unknown>\n#1 0x5654bcf037a7 <unknown>\n#2 0x5654bcf421d3 <unknown>\n#3 0x5654bcf422c1 <unknown>\n#4 0x5654bcf7da04 <unknown>\n#5 0x5654bcf6303d <unknown>\n#6 0x5654bcf7b369 <unknown>\n#7 0x5654bcf62de3 <unknown>\n#8 0x5654bcf36a7b <unknown>\n#9 0x5654bcf3781e <unknown>\n#10 0x5654bd19c638 <unknown>\n#11 0x5654bd1a0507 <unknown>\n#12 0x5654bd1aac4c <unknown>\n#13 0x5654bd1a1136 <unknown>\n#14 0x5654bd16f9cf <unknown>\n#15 0x5654bd1c4b98 <unknown>\n#16 0x5654bd1c4d68 <unknown>\n#17 0x5654bd1d3cb3 <unknown>\n#18 0x7fac17029044 <unknown>","time":{"start":1694393709352,"stop":1694393709913,"duration":561}},{"uid":"df07c7008156eee1","reportUrl":"https://Nat754.github.io/StroyremAutomation/55//#testresult/df07c7008156eee1","status":"skipped","statusDetails":"XFAIL\n\nselenium.common.exceptions.NoSuchElementException: Message: no such element: Unable to locate element: {\"method\":\"xpath\",\"selector\":\"(//a[@class='add-to-cart yellow-btn'])[1]\"}\n  (Session info: headless chrome=116.0.5845.96); For documentation on this error, please visit: https://www.selenium.dev/documentation/webdriver/troubleshooting/errors#no-such-element-exception\nStacktrace:\n#0 0x5565215e2e23 <unknown>\n#1 0x55652130b7a7 <unknown>\n#2 0x55652134a1d3 <unknown>\n#3 0x55652134a2c1 <unknown>\n#4 0x556521385a04 <unknown>\n#5 0x55652136b03d <unknown>\n#6 0x556521383369 <unknown>\n#7 0x55652136ade3 <unknown>\n#8 0x55652133ea7b <unknown>\n#9 0x55652133f81e <unknown>\n#10 0x5565215a4638 <unknown>\n#11 0x5565215a8507 <unknown>\n#12 0x5565215b2c4c <unknown>\n#13 0x5565215a9136 <unknown>\n#14 0x5565215779cf <unknown>\n#15 0x5565215ccb98 <unknown>\n#16 0x5565215ccd68 <unknown>\n#17 0x5565215dbcb3 <unknown>\n#18 0x7f724793f044 <unknown>","time":{"start":1694380824996,"stop":1694380825561,"duration":565}},{"uid":"c6bbcb03f7c9b2a4","reportUrl":"https://Nat754.github.io/StroyremAutomation/55//#testresult/c6bbcb03f7c9b2a4","status":"skipped","statusDetails":"XFAIL\n\nselenium.common.exceptions.NoSuchElementException: Message: no such element: Unable to locate element: {\"method\":\"xpath\",\"selector\":\"(//a[@class='add-to-cart yellow-btn'])[1]\"}\n  (Session info: headless chrome=116.0.5845.96); For documentation on this error, please visit: https://www.selenium.dev/documentation/webdriver/troubleshooting/errors#no-such-element-exception\nStacktrace:\n#0 0x556e7dc30e23 <unknown>\n#1 0x556e7d9597a7 <unknown>\n#2 0x556e7d9981d3 <unknown>\n#3 0x556e7d9982c1 <unknown>\n#4 0x556e7d9d3a04 <unknown>\n#5 0x556e7d9b903d <unknown>\n#6 0x556e7d9d1369 <unknown>\n#7 0x556e7d9b8de3 <unknown>\n#8 0x556e7d98ca7b <unknown>\n#9 0x556e7d98d81e <unknown>\n#10 0x556e7dbf2638 <unknown>\n#11 0x556e7dbf6507 <unknown>\n#12 0x556e7dc00c4c <unknown>\n#13 0x556e7dbf7136 <unknown>\n#14 0x556e7dbc59cf <unknown>\n#15 0x556e7dc1ab98 <unknown>\n#16 0x556e7dc1ad68 <unknown>\n#17 0x556e7dc29cb3 <unknown>\n#18 0x7fa4a03d7044 <unknown>","time":{"start":1694307489793,"stop":1694307490333,"duration":540}},{"uid":"ecc02b3d6f2ae975","reportUrl":"https://Nat754.github.io/StroyremAutomation/54//#testresult/ecc02b3d6f2ae975","status":"skipped","statusDetails":"XFAIL\n\nselenium.common.exceptions.NoSuchElementException: Message: no such element: Unable to locate element: {\"method\":\"xpath\",\"selector\":\"(//a[@class='add-to-cart yellow-btn'])[1]\"}\n  (Session info: headless chrome=116.0.5845.96); For documentation on this error, please visit: https://www.selenium.dev/documentation/webdriver/troubleshooting/errors#no-such-element-exception\nStacktrace:\n#0 0x55cd21416e23 <unknown>\n#1 0x55cd2113f7a7 <unknown>\n#2 0x55cd2117e1d3 <unknown>\n#3 0x55cd2117e2c1 <unknown>\n#4 0x55cd211b9a04 <unknown>\n#5 0x55cd2119f03d <unknown>\n#6 0x55cd211b7369 <unknown>\n#7 0x55cd2119ede3 <unknown>\n#8 0x55cd21172a7b <unknown>\n#9 0x55cd2117381e <unknown>\n#10 0x55cd213d8638 <unknown>\n#11 0x55cd213dc507 <unknown>\n#12 0x55cd213e6c4c <unknown>\n#13 0x55cd213dd136 <unknown>\n#14 0x55cd213ab9cf <unknown>\n#15 0x55cd21400b98 <unknown>\n#16 0x55cd21400d68 <unknown>\n#17 0x55cd2140fcb3 <unknown>\n#18 0x7f6c3612b044 <unknown>","time":{"start":1694286778640,"stop":1694286779330,"duration":690}},{"uid":"d7f4155695aca3e0","reportUrl":"https://Nat754.github.io/StroyremAutomation/54//#testresult/d7f4155695aca3e0","status":"skipped","statusDetails":"XFAIL\n\nselenium.common.exceptions.NoSuchElementException: Message: no such element: Unable to locate element: {\"method\":\"xpath\",\"selector\":\"(//a[@class='add-to-cart yellow-btn'])[1]\"}\n  (Session info: headless chrome=116.0.5845.96); For documentation on this error, please visit: https://www.selenium.dev/documentation/webdriver/troubleshooting/errors#no-such-element-exception\nStacktrace:\n#0 0x56138f6f2e23 <unknown>\n#1 0x56138f41b7a7 <unknown>\n#2 0x56138f45a1d3 <unknown>\n#3 0x56138f45a2c1 <unknown>\n#4 0x56138f495a04 <unknown>\n#5 0x56138f47b03d <unknown>\n#6 0x56138f493369 <unknown>\n#7 0x56138f47ade3 <unknown>\n#8 0x56138f44ea7b <unknown>\n#9 0x56138f44f81e <unknown>\n#10 0x56138f6b4638 <unknown>\n#11 0x56138f6b8507 <unknown>\n#12 0x56138f6c2c4c <unknown>\n#13 0x56138f6b9136 <unknown>\n#14 0x56138f6879cf <unknown>\n#15 0x56138f6dcb98 <unknown>\n#16 0x56138f6dcd68 <unknown>\n#17 0x56138f6ebcb3 <unknown>\n#18 0x7f4d22a8e044 <unknown>","time":{"start":1694220785580,"stop":1694220786139,"duration":559}},{"uid":"627fe841d51385a8","reportUrl":"https://Nat754.github.io/StroyremAutomation/4//#testresult/627fe841d51385a8","status":"broken","statusDetails":"selenium.common.exceptions.NoSuchElementException: Message: no such element: Unable to locate element: {\"method\":\"xpath\",\"selector\":\"(//a[@class='add-to-cart yellow-btn'])[1]\"}\n  (Session info: headless chrome=116.0.5845.96); For documentation on this error, please visit: https://www.selenium.dev/documentation/webdriver/troubleshooting/errors#no-such-element-exception\nStacktrace:\n#0 0x5617251bce23 <unknown>\n#1 0x561724ee57a7 <unknown>\n#2 0x561724f241d3 <unknown>\n#3 0x561724f242c1 <unknown>\n#4 0x561724f5fa04 <unknown>\n#5 0x561724f4503d <unknown>\n#6 0x561724f5d369 <unknown>\n#7 0x561724f44de3 <unknown>\n#8 0x561724f18a7b <unknown>\n#9 0x561724f1981e <unknown>\n#10 0x56172517e638 <unknown>\n#11 0x561725182507 <unknown>\n#12 0x56172518cc4c <unknown>\n#13 0x561725183136 <unknown>\n#14 0x5617251519cf <unknown>\n#15 0x5617251a6b98 <unknown>\n#16 0x5617251a6d68 <unknown>\n#17 0x5617251b5cb3 <unknown>\n#18 0x7f200cfa7044 <unknown>","time":{"start":1694196804214,"stop":1694196804626,"duration":412}},{"uid":"a91e16301ec98e79","reportUrl":"https://Nat754.github.io/StroyremAutomation/53//#testresult/a91e16301ec98e79","status":"skipped","statusDetails":"XFAIL\n\nselenium.common.exceptions.NoSuchElementException: Message: no such element: Unable to locate element: {\"method\":\"xpath\",\"selector\":\"(//a[@class='add-to-cart yellow-btn'])[1]\"}\n  (Session info: headless chrome=116.0.5845.96); For documentation on this error, please visit: https://www.selenium.dev/documentation/webdriver/troubleshooting/errors#no-such-element-exception\nStacktrace:\n#0 0x55d1d1410e23 <unknown>\n#1 0x55d1d11397a7 <unknown>\n#2 0x55d1d11781d3 <unknown>\n#3 0x55d1d11782c1 <unknown>\n#4 0x55d1d11b3a04 <unknown>\n#5 0x55d1d119903d <unknown>\n#6 0x55d1d11b1369 <unknown>\n#7 0x55d1d1198de3 <unknown>\n#8 0x55d1d116ca7b <unknown>\n#9 0x55d1d116d81e <unknown>\n#10 0x55d1d13d2638 <unknown>\n#11 0x55d1d13d6507 <unknown>\n#12 0x55d1d13e0c4c <unknown>\n#13 0x55d1d13d7136 <unknown>\n#14 0x55d1d13a59cf <unknown>\n#15 0x55d1d13fab98 <unknown>\n#16 0x55d1d13fad68 <unknown>\n#17 0x55d1d1409cb3 <unknown>\n#18 0x7f9e77bfb044 <unknown>","time":{"start":1694207089699,"stop":1694207090245,"duration":546}},{"uid":"1e4aab6e0de0c82","reportUrl":"https://Nat754.github.io/StroyremAutomation/53//#testresult/1e4aab6e0de0c82","status":"skipped","statusDetails":"XFAIL\n\nselenium.common.exceptions.NoSuchElementException: Message: no such element: Unable to locate element: {\"method\":\"xpath\",\"selector\":\"(//a[@class='add-to-cart yellow-btn'])[1]\"}\n  (Session info: headless chrome=116.0.5845.96); For documentation on this error, please visit: https://www.selenium.dev/documentation/webdriver/troubleshooting/errors#no-such-element-exception\nStacktrace:\n#0 0x562f75eefe23 <unknown>\n#1 0x562f75c187a7 <unknown>\n#2 0x562f75c571d3 <unknown>\n#3 0x562f75c572c1 <unknown>\n#4 0x562f75c92a04 <unknown>\n#5 0x562f75c7803d <unknown>\n#6 0x562f75c90369 <unknown>\n#7 0x562f75c77de3 <unknown>\n#8 0x562f75c4ba7b <unknown>\n#9 0x562f75c4c81e <unknown>\n#10 0x562f75eb1638 <unknown>\n#11 0x562f75eb5507 <unknown>\n#12 0x562f75ebfc4c <unknown>\n#13 0x562f75eb6136 <unknown>\n#14 0x562f75e849cf <unknown>\n#15 0x562f75ed9b98 <unknown>\n#16 0x562f75ed9d68 <unknown>\n#17 0x562f75ee8cb3 <unknown>\n#18 0x7f87379a2044 <unknown>","time":{"start":1694198925973,"stop":1694198926675,"duration":702}}]},"tags":["@pytest.mark.xfail","smoke_test"]},"source":"5c33d77eec6f1674.json","parameterValues":["2190","8","'TD 003'","1590","'products/shtukaturka-gipsovaya-aksolit-m50-30-kg-mashinnogo-naneseniya'","400","'https://sandboxtest.stroyrem-nn.ru/'","300"]}