{"uid":"7a9ed62137987c45","name":"TD 019 Доставка товара весом до 1700кг. в синей зоне","fullName":"tests.delivery.test_delivery_calculation.TestDeliveryPageCalculation#test_positive_delivery_blue_zone_smoke","historyId":"7de17ed6f423399e8e6f079409b2bd41","time":{"start":1694652946905,"stop":1694652947363,"duration":458},"status":"skipped","statusMessage":"XFAIL\n\nselenium.common.exceptions.NoSuchElementException: Message: no such element: Unable to locate element: {\"method\":\"xpath\",\"selector\":\"(//a[@class='add-to-cart yellow-btn'])[1]\"}\n  (Session info: headless chrome=117.0.5938.62); For documentation on this error, please visit: https://www.selenium.dev/documentation/webdriver/troubleshooting/errors#no-such-element-exception\nStacktrace:\n#0 0x558ba11a0693 <unknown>\n#1 0x558ba0e761e7 <unknown>\n#2 0x558ba0ebd566 <unknown>\n#3 0x558ba0ebd651 <unknown>\n#4 0x558ba0efaa74 <unknown>\n#5 0x558ba0edf0ed <unknown>\n#6 0x558ba0ef8322 <unknown>\n#7 0x558ba0edee93 <unknown>\n#8 0x558ba0eb1934 <unknown>\n#9 0x558ba0eb271e <unknown>\n#10 0x558ba1165c98 <unknown>\n#11 0x558ba1169bd0 <unknown>\n#12 0x558ba117417c <unknown>\n#13 0x558ba116a7e8 <unknown>\n#14 0x558ba113725f <unknown>\n#15 0x558ba118ee68 <unknown>\n#16 0x558ba118f039 <unknown>\n#17 0x558ba119f823 <unknown>\n#18 0x7f86bcd4f044 <unknown>","statusTrace":"self = <tests.delivery.test_delivery_calculation.TestDeliveryPageCalculation object at 0x7f9a872e8d90>\ndriver = <selenium.webdriver.chrome.webdriver.WebDriver (session=\"1b9166ac97fc7313ad39d20162e00fc5\")>\nurl = 'https://sandboxtest.stroyrem-nn.ru/', case_id = 'TD 019'\nlink_item = 'products/shtukaturka-gipsovaya-aksolit-m50-30-kg-mashinnogo-naneseniya'\namount = 25, weight = 1700, standard = 1150, in_time = 2490, all_time = 3320\n\n    @pytest.mark.parametrize('case_id, link_item, amount, weight, standard, in_time, all_time', [\n        (\"TD 015\", bundeks_25, 1, 30, 650, 2390, 3320),\n        pytest.param(\n            \"TD 016\", aksolit_30, 8, 300, 650, 2390, 3320,\n            marks=pytest.mark.xfail(reson=\"Цена доставки: - - -\")\n        ),\n        (\"TD 017\", aksolit_30, 13, 400, 650, 2390, 3320),\n        (\"TD 018\", aksolit_30, 16, 500, 850, 2490, 3320),\n        (\"TD 019\", aksolit_30, 25, 1700, 1150, 2490, 3320),\n        (\"TD 020\", aksolit_30, 66, 2000, 1500, 2990, 3650),\n        (\"TD 021\", aksolit_30, 149, 4500, 2600, 4380, 4890),\n        (\"TD 022\", aksolit_30, 166, 5000, 2800, 5490, 5980),\n        pytest.param(\n            \"TD 023\", aksolit_30, 206, 6200, 3300, 7500, 8000,\n            marks=pytest.mark.xfail(reson=\"Цена доставки: 4300 9900 11440\")\n        ),\n        (\"TD 024\", aksolit_30, 299, 9000, 4300, 9900, 11440),\n        (\"TD 025\", aksolit_30, 333, 10000, 7000, 13900, 15900),\n        pytest.param(\n            \"TD 026\", aksolit_30, 366, 11000, 8000, 14900, 19900,\n            marks=pytest.mark.xfail(reson=\"Цена доставки: 7000 13900 15900\")\n        ),\n        pytest.param(\n            \"TD 027\", aksolit_30, 666, 20000, 14000, 16900, 23900,\n            marks=pytest.mark.xfail(reson=\"Цена доставки: 7000 13900 15900\")\n        )\n    ])\n    @pytest.mark.xfail\n    @pytest.mark.smoke_test\n    def test_positive_delivery_blue_zone_smoke(\n            self, driver, url, case_id, link_item, amount, weight, standard, in_time, all_time\n    ):\n        allure.dynamic.title(f\"{case_id} Доставка товара весом до {weight}кг. в синей зоне\")\n    \n        driver.get(f'{url}{link_item}')\n        item_page = ItemPage(driver)\n>       item_page.add_item_to_cart(amount).click_on_cart()\n\ntests/delivery/test_delivery_calculation.py:132: \n_ _ _ _ _ _ _ _ _ _ _ _ _ _ _ _ _ _ _ _ _ _ _ _ _ _ _ _ _ _ _ _ _ _ _ _ _ _ _ _ \npages/item_page.py:40: in add_item_to_cart\n    self.find_element(self._add_item).click()\nbase/seleniumbase.py:17: in find_element\n    return self.driver.find_element(*locator)\n/usr/local/lib/python3.11/site-packages/selenium/webdriver/remote/webdriver.py:739: in find_element\n    return self.execute(Command.FIND_ELEMENT, {\"using\": by, \"value\": value})[\"value\"]\n/usr/local/lib/python3.11/site-packages/selenium/webdriver/remote/webdriver.py:345: in execute\n    self.error_handler.check_response(response)\n_ _ _ _ _ _ _ _ _ _ _ _ _ _ _ _ _ _ _ _ _ _ _ _ _ _ _ _ _ _ _ _ _ _ _ _ _ _ _ _ \n\nself = <selenium.webdriver.remote.errorhandler.ErrorHandler object at 0x7f9a86e7d490>\nresponse = {'status': 404, 'value': '{\"value\":{\"error\":\"no such element\",\"message\":\"no such element: Unable to locate element: {\\...\\\\n#16 0x558ba118f039 \\\\u003Cunknown>\\\\n#17 0x558ba119f823 \\\\u003Cunknown>\\\\n#18 0x7f86bcd4f044 \\\\u003Cunknown>\\\\n\"}}'}\n\n    def check_response(self, response: Dict[str, Any]) -> None:\n        \"\"\"Checks that a JSON response from the WebDriver does not have an\n        error.\n    \n        :Args:\n         - response - The JSON response from the WebDriver server as a dictionary\n           object.\n    \n        :Raises: If the response contains an error message.\n        \"\"\"\n        status = response.get(\"status\", None)\n        if not status or status == ErrorCode.SUCCESS:\n            return\n        value = None\n        message = response.get(\"message\", \"\")\n        screen: str = response.get(\"screen\", \"\")\n        stacktrace = None\n        if isinstance(status, int):\n            value_json = response.get(\"value\", None)\n            if value_json and isinstance(value_json, str):\n                import json\n    \n                try:\n                    value = json.loads(value_json)\n                    if len(value) == 1:\n                        value = value[\"value\"]\n                    status = value.get(\"error\", None)\n                    if not status:\n                        status = value.get(\"status\", ErrorCode.UNKNOWN_ERROR)\n                        message = value.get(\"value\") or value.get(\"message\")\n                        if not isinstance(message, str):\n                            value = message\n                            message = message.get(\"message\")\n                    else:\n                        message = value.get(\"message\", None)\n                except ValueError:\n                    pass\n    \n        exception_class: Type[WebDriverException]\n        e = ErrorCode()\n        error_codes = [item for item in dir(e) if not item.startswith(\"__\")]\n        for error_code in error_codes:\n            error_info = getattr(ErrorCode, error_code)\n            if isinstance(error_info, list) and status in error_info:\n                exception_class = getattr(ExceptionMapping, error_code, WebDriverException)\n                break\n        else:\n            exception_class = WebDriverException\n    \n        if not value:\n            value = response[\"value\"]\n        if isinstance(value, str):\n            raise exception_class(value)\n        if message == \"\" and \"message\" in value:\n            message = value[\"message\"]\n    \n        screen = None  # type: ignore[assignment]\n        if \"screen\" in value:\n            screen = value[\"screen\"]\n    \n        stacktrace = None\n        st_value = value.get(\"stackTrace\") or value.get(\"stacktrace\")\n        if st_value:\n            if isinstance(st_value, str):\n                stacktrace = st_value.split(\"\\n\")\n            else:\n                stacktrace = []\n                try:\n                    for frame in st_value:\n                        line = frame.get(\"lineNumber\", \"\")\n                        file = frame.get(\"fileName\", \"<anonymous>\")\n                        if line:\n                            file = f\"{file}:{line}\"\n                        meth = frame.get(\"methodName\", \"<anonymous>\")\n                        if \"className\" in frame:\n                            meth = f\"{frame['className']}.{meth}\"\n                        msg = \"    at %s (%s)\"\n                        msg = msg % (meth, file)\n                        stacktrace.append(msg)\n                except TypeError:\n                    pass\n        if exception_class == UnexpectedAlertPresentException:\n            alert_text = None\n            if \"data\" in value:\n                alert_text = value[\"data\"].get(\"text\")\n            elif \"alert\" in value:\n                alert_text = value[\"alert\"].get(\"text\")\n            raise exception_class(message, screen, stacktrace, alert_text)  # type: ignore[call-arg]  # mypy is not smart enough here\n>       raise exception_class(message, screen, stacktrace)\nE       selenium.common.exceptions.NoSuchElementException: Message: no such element: Unable to locate element: {\"method\":\"xpath\",\"selector\":\"(//a[@class='add-to-cart yellow-btn'])[1]\"}\nE         (Session info: headless chrome=117.0.5938.62); For documentation on this error, please visit: https://www.selenium.dev/documentation/webdriver/troubleshooting/errors#no-such-element-exception\nE       Stacktrace:\nE       #0 0x558ba11a0693 <unknown>\nE       #1 0x558ba0e761e7 <unknown>\nE       #2 0x558ba0ebd566 <unknown>\nE       #3 0x558ba0ebd651 <unknown>\nE       #4 0x558ba0efaa74 <unknown>\nE       #5 0x558ba0edf0ed <unknown>\nE       #6 0x558ba0ef8322 <unknown>\nE       #7 0x558ba0edee93 <unknown>\nE       #8 0x558ba0eb1934 <unknown>\nE       #9 0x558ba0eb271e <unknown>\nE       #10 0x558ba1165c98 <unknown>\nE       #11 0x558ba1169bd0 <unknown>\nE       #12 0x558ba117417c <unknown>\nE       #13 0x558ba116a7e8 <unknown>\nE       #14 0x558ba113725f <unknown>\nE       #15 0x558ba118ee68 <unknown>\nE       #16 0x558ba118f039 <unknown>\nE       #17 0x558ba119f823 <unknown>\nE       #18 0x7f86bcd4f044 <unknown>\n\n/usr/local/lib/python3.11/site-packages/selenium/webdriver/remote/errorhandler.py:229: NoSuchElementException","flaky":false,"newFailed":false,"newBroken":false,"newPassed":false,"retriesCount":0,"retriesStatusChange":false,"beforeStages":[{"name":"_session_faker","time":{"start":1694652375195,"stop":1694652375275,"duration":80},"status":"passed","steps":[],"attachments":[],"parameters":[],"shouldDisplayMessage":false,"stepsCount":0,"attachmentsCount":0,"hasContent":false},{"name":"clear_allure_results_folder","time":{"start":1694652375275,"stop":1694652375275,"duration":0},"status":"passed","steps":[],"attachments":[],"parameters":[],"shouldDisplayMessage":false,"stepsCount":0,"attachmentsCount":0,"hasContent":false},{"name":"driver","time":{"start":1694652946094,"stop":1694652946904,"duration":810},"status":"passed","steps":[],"attachments":[],"parameters":[],"shouldDisplayMessage":false,"stepsCount":0,"attachmentsCount":0,"hasContent":false},{"name":"setup","time":{"start":1694652946904,"stop":1694652946904,"duration":0},"status":"passed","steps":[],"attachments":[],"parameters":[],"shouldDisplayMessage":false,"stepsCount":0,"attachmentsCount":0,"hasContent":false}],"testStage":{"status":"skipped","statusMessage":"XFAIL\n\nselenium.common.exceptions.NoSuchElementException: Message: no such element: Unable to locate element: {\"method\":\"xpath\",\"selector\":\"(//a[@class='add-to-cart yellow-btn'])[1]\"}\n  (Session info: headless chrome=117.0.5938.62); For documentation on this error, please visit: https://www.selenium.dev/documentation/webdriver/troubleshooting/errors#no-such-element-exception\nStacktrace:\n#0 0x558ba11a0693 <unknown>\n#1 0x558ba0e761e7 <unknown>\n#2 0x558ba0ebd566 <unknown>\n#3 0x558ba0ebd651 <unknown>\n#4 0x558ba0efaa74 <unknown>\n#5 0x558ba0edf0ed <unknown>\n#6 0x558ba0ef8322 <unknown>\n#7 0x558ba0edee93 <unknown>\n#8 0x558ba0eb1934 <unknown>\n#9 0x558ba0eb271e <unknown>\n#10 0x558ba1165c98 <unknown>\n#11 0x558ba1169bd0 <unknown>\n#12 0x558ba117417c <unknown>\n#13 0x558ba116a7e8 <unknown>\n#14 0x558ba113725f <unknown>\n#15 0x558ba118ee68 <unknown>\n#16 0x558ba118f039 <unknown>\n#17 0x558ba119f823 <unknown>\n#18 0x7f86bcd4f044 <unknown>","statusTrace":"self = <tests.delivery.test_delivery_calculation.TestDeliveryPageCalculation object at 0x7f9a872e8d90>\ndriver = <selenium.webdriver.chrome.webdriver.WebDriver (session=\"1b9166ac97fc7313ad39d20162e00fc5\")>\nurl = 'https://sandboxtest.stroyrem-nn.ru/', case_id = 'TD 019'\nlink_item = 'products/shtukaturka-gipsovaya-aksolit-m50-30-kg-mashinnogo-naneseniya'\namount = 25, weight = 1700, standard = 1150, in_time = 2490, all_time = 3320\n\n    @pytest.mark.parametrize('case_id, link_item, amount, weight, standard, in_time, all_time', [\n        (\"TD 015\", bundeks_25, 1, 30, 650, 2390, 3320),\n        pytest.param(\n            \"TD 016\", aksolit_30, 8, 300, 650, 2390, 3320,\n            marks=pytest.mark.xfail(reson=\"Цена доставки: - - -\")\n        ),\n        (\"TD 017\", aksolit_30, 13, 400, 650, 2390, 3320),\n        (\"TD 018\", aksolit_30, 16, 500, 850, 2490, 3320),\n        (\"TD 019\", aksolit_30, 25, 1700, 1150, 2490, 3320),\n        (\"TD 020\", aksolit_30, 66, 2000, 1500, 2990, 3650),\n        (\"TD 021\", aksolit_30, 149, 4500, 2600, 4380, 4890),\n        (\"TD 022\", aksolit_30, 166, 5000, 2800, 5490, 5980),\n        pytest.param(\n            \"TD 023\", aksolit_30, 206, 6200, 3300, 7500, 8000,\n            marks=pytest.mark.xfail(reson=\"Цена доставки: 4300 9900 11440\")\n        ),\n        (\"TD 024\", aksolit_30, 299, 9000, 4300, 9900, 11440),\n        (\"TD 025\", aksolit_30, 333, 10000, 7000, 13900, 15900),\n        pytest.param(\n            \"TD 026\", aksolit_30, 366, 11000, 8000, 14900, 19900,\n            marks=pytest.mark.xfail(reson=\"Цена доставки: 7000 13900 15900\")\n        ),\n        pytest.param(\n            \"TD 027\", aksolit_30, 666, 20000, 14000, 16900, 23900,\n            marks=pytest.mark.xfail(reson=\"Цена доставки: 7000 13900 15900\")\n        )\n    ])\n    @pytest.mark.xfail\n    @pytest.mark.smoke_test\n    def test_positive_delivery_blue_zone_smoke(\n            self, driver, url, case_id, link_item, amount, weight, standard, in_time, all_time\n    ):\n        allure.dynamic.title(f\"{case_id} Доставка товара весом до {weight}кг. в синей зоне\")\n    \n        driver.get(f'{url}{link_item}')\n        item_page = ItemPage(driver)\n>       item_page.add_item_to_cart(amount).click_on_cart()\n\ntests/delivery/test_delivery_calculation.py:132: \n_ _ _ _ _ _ _ _ _ _ _ _ _ _ _ _ _ _ _ _ _ _ _ _ _ _ _ _ _ _ _ _ _ _ _ _ _ _ _ _ \npages/item_page.py:40: in add_item_to_cart\n    self.find_element(self._add_item).click()\nbase/seleniumbase.py:17: in find_element\n    return self.driver.find_element(*locator)\n/usr/local/lib/python3.11/site-packages/selenium/webdriver/remote/webdriver.py:739: in find_element\n    return self.execute(Command.FIND_ELEMENT, {\"using\": by, \"value\": value})[\"value\"]\n/usr/local/lib/python3.11/site-packages/selenium/webdriver/remote/webdriver.py:345: in execute\n    self.error_handler.check_response(response)\n_ _ _ _ _ _ _ _ _ _ _ _ _ _ _ _ _ _ _ _ _ _ _ _ _ _ _ _ _ _ _ _ _ _ _ _ _ _ _ _ \n\nself = <selenium.webdriver.remote.errorhandler.ErrorHandler object at 0x7f9a86e7d490>\nresponse = {'status': 404, 'value': '{\"value\":{\"error\":\"no such element\",\"message\":\"no such element: Unable to locate element: {\\...\\\\n#16 0x558ba118f039 \\\\u003Cunknown>\\\\n#17 0x558ba119f823 \\\\u003Cunknown>\\\\n#18 0x7f86bcd4f044 \\\\u003Cunknown>\\\\n\"}}'}\n\n    def check_response(self, response: Dict[str, Any]) -> None:\n        \"\"\"Checks that a JSON response from the WebDriver does not have an\n        error.\n    \n        :Args:\n         - response - The JSON response from the WebDriver server as a dictionary\n           object.\n    \n        :Raises: If the response contains an error message.\n        \"\"\"\n        status = response.get(\"status\", None)\n        if not status or status == ErrorCode.SUCCESS:\n            return\n        value = None\n        message = response.get(\"message\", \"\")\n        screen: str = response.get(\"screen\", \"\")\n        stacktrace = None\n        if isinstance(status, int):\n            value_json = response.get(\"value\", None)\n            if value_json and isinstance(value_json, str):\n                import json\n    \n                try:\n                    value = json.loads(value_json)\n                    if len(value) == 1:\n                        value = value[\"value\"]\n                    status = value.get(\"error\", None)\n                    if not status:\n                        status = value.get(\"status\", ErrorCode.UNKNOWN_ERROR)\n                        message = value.get(\"value\") or value.get(\"message\")\n                        if not isinstance(message, str):\n                            value = message\n                            message = message.get(\"message\")\n                    else:\n                        message = value.get(\"message\", None)\n                except ValueError:\n                    pass\n    \n        exception_class: Type[WebDriverException]\n        e = ErrorCode()\n        error_codes = [item for item in dir(e) if not item.startswith(\"__\")]\n        for error_code in error_codes:\n            error_info = getattr(ErrorCode, error_code)\n            if isinstance(error_info, list) and status in error_info:\n                exception_class = getattr(ExceptionMapping, error_code, WebDriverException)\n                break\n        else:\n            exception_class = WebDriverException\n    \n        if not value:\n            value = response[\"value\"]\n        if isinstance(value, str):\n            raise exception_class(value)\n        if message == \"\" and \"message\" in value:\n            message = value[\"message\"]\n    \n        screen = None  # type: ignore[assignment]\n        if \"screen\" in value:\n            screen = value[\"screen\"]\n    \n        stacktrace = None\n        st_value = value.get(\"stackTrace\") or value.get(\"stacktrace\")\n        if st_value:\n            if isinstance(st_value, str):\n                stacktrace = st_value.split(\"\\n\")\n            else:\n                stacktrace = []\n                try:\n                    for frame in st_value:\n                        line = frame.get(\"lineNumber\", \"\")\n                        file = frame.get(\"fileName\", \"<anonymous>\")\n                        if line:\n                            file = f\"{file}:{line}\"\n                        meth = frame.get(\"methodName\", \"<anonymous>\")\n                        if \"className\" in frame:\n                            meth = f\"{frame['className']}.{meth}\"\n                        msg = \"    at %s (%s)\"\n                        msg = msg % (meth, file)\n                        stacktrace.append(msg)\n                except TypeError:\n                    pass\n        if exception_class == UnexpectedAlertPresentException:\n            alert_text = None\n            if \"data\" in value:\n                alert_text = value[\"data\"].get(\"text\")\n            elif \"alert\" in value:\n                alert_text = value[\"alert\"].get(\"text\")\n            raise exception_class(message, screen, stacktrace, alert_text)  # type: ignore[call-arg]  # mypy is not smart enough here\n>       raise exception_class(message, screen, stacktrace)\nE       selenium.common.exceptions.NoSuchElementException: Message: no such element: Unable to locate element: {\"method\":\"xpath\",\"selector\":\"(//a[@class='add-to-cart yellow-btn'])[1]\"}\nE         (Session info: headless chrome=117.0.5938.62); For documentation on this error, please visit: https://www.selenium.dev/documentation/webdriver/troubleshooting/errors#no-such-element-exception\nE       Stacktrace:\nE       #0 0x558ba11a0693 <unknown>\nE       #1 0x558ba0e761e7 <unknown>\nE       #2 0x558ba0ebd566 <unknown>\nE       #3 0x558ba0ebd651 <unknown>\nE       #4 0x558ba0efaa74 <unknown>\nE       #5 0x558ba0edf0ed <unknown>\nE       #6 0x558ba0ef8322 <unknown>\nE       #7 0x558ba0edee93 <unknown>\nE       #8 0x558ba0eb1934 <unknown>\nE       #9 0x558ba0eb271e <unknown>\nE       #10 0x558ba1165c98 <unknown>\nE       #11 0x558ba1169bd0 <unknown>\nE       #12 0x558ba117417c <unknown>\nE       #13 0x558ba116a7e8 <unknown>\nE       #14 0x558ba113725f <unknown>\nE       #15 0x558ba118ee68 <unknown>\nE       #16 0x558ba118f039 <unknown>\nE       #17 0x558ba119f823 <unknown>\nE       #18 0x7f86bcd4f044 <unknown>\n\n/usr/local/lib/python3.11/site-packages/selenium/webdriver/remote/errorhandler.py:229: NoSuchElementException","steps":[{"name":"Добавляем товар в корзину в количестве 25","time":{"start":1694652947345,"stop":1694652947362,"duration":17},"status":"broken","statusMessage":"selenium.common.exceptions.NoSuchElementException: Message: no such element: Unable to locate element: {\"method\":\"xpath\",\"selector\":\"(//a[@class='add-to-cart yellow-btn'])[1]\"}\n  (Session info: headless chrome=117.0.5938.62); For documentation on this error, please visit: https://www.selenium.dev/documentation/webdriver/troubleshooting/errors#no-such-element-exception\nStacktrace:\n#0 0x558ba11a0693 <unknown>\n#1 0x558ba0e761e7 <unknown>\n#2 0x558ba0ebd566 <unknown>\n#3 0x558ba0ebd651 <unknown>\n#4 0x558ba0efaa74 <unknown>\n#5 0x558ba0edf0ed <unknown>\n#6 0x558ba0ef8322 <unknown>\n#7 0x558ba0edee93 <unknown>\n#8 0x558ba0eb1934 <unknown>\n#9 0x558ba0eb271e <unknown>\n#10 0x558ba1165c98 <unknown>\n#11 0x558ba1169bd0 <unknown>\n#12 0x558ba117417c <unknown>\n#13 0x558ba116a7e8 <unknown>\n#14 0x558ba113725f <unknown>\n#15 0x558ba118ee68 <unknown>\n#16 0x558ba118f039 <unknown>\n#17 0x558ba119f823 <unknown>\n#18 0x7f86bcd4f044 <unknown>\n\n","statusTrace":"  File \"/usr/local/lib/python3.11/site-packages/allure_commons/_allure.py\", line 192, in impl\n    return func(*a, **kw)\n           ^^^^^^^^^^^^^^\n  File \"/app/pages/item_page.py\", line 40, in add_item_to_cart\n    self.find_element(self._add_item).click()\n    ^^^^^^^^^^^^^^^^^^^^^^^^^^^^^^^^^\n  File \"/app/base/seleniumbase.py\", line 17, in find_element\n    return self.driver.find_element(*locator)\n           ^^^^^^^^^^^^^^^^^^^^^^^^^^^^^^^^^^\n  File \"/usr/local/lib/python3.11/site-packages/selenium/webdriver/remote/webdriver.py\", line 739, in find_element\n    return self.execute(Command.FIND_ELEMENT, {\"using\": by, \"value\": value})[\"value\"]\n           ^^^^^^^^^^^^^^^^^^^^^^^^^^^^^^^^^^^^^^^^^^^^^^^^^^^^^^^^^^^^^^^^^\n  File \"/usr/local/lib/python3.11/site-packages/selenium/webdriver/remote/webdriver.py\", line 345, in execute\n    self.error_handler.check_response(response)\n  File \"/usr/local/lib/python3.11/site-packages/selenium/webdriver/remote/errorhandler.py\", line 229, in check_response\n    raise exception_class(message, screen, stacktrace)\n","steps":[],"attachments":[],"parameters":[{"name":"amount","value":"25"}],"shouldDisplayMessage":true,"stepsCount":0,"attachmentsCount":0,"hasContent":true}],"attachments":[{"uid":"41b7fe167b287cea","name":"Screenshot","source":"41b7fe167b287cea.png","type":"image/png","size":39917},{"uid":"9c44f153ec600107","name":"HTML source","source":"9c44f153ec600107.html","type":"text/html","size":544}],"parameters":[],"shouldDisplayMessage":true,"stepsCount":1,"attachmentsCount":2,"hasContent":true},"afterStages":[{"name":"setup::0","time":{"start":1694652947477,"stop":1694652947477,"duration":0},"status":"passed","steps":[],"attachments":[],"parameters":[],"shouldDisplayMessage":false,"stepsCount":0,"attachmentsCount":0,"hasContent":false},{"name":"driver::0","time":{"start":1694652947477,"stop":1694652947533,"duration":56},"status":"passed","steps":[],"attachments":[],"parameters":[],"shouldDisplayMessage":false,"stepsCount":0,"attachmentsCount":0,"hasContent":false}],"labels":[{"name":"epic","value":"Delivery Page - calculation"},{"name":"tag","value":"smoke_test"},{"name":"tag","value":"@pytest.mark.xfail"},{"name":"parentSuite","value":"tests.delivery"},{"name":"suite","value":"test_delivery_calculation"},{"name":"subSuite","value":"TestDeliveryPageCalculation"},{"name":"host","value":"64a161d9ccf7"},{"name":"thread","value":"1-MainThread"},{"name":"framework","value":"pytest"},{"name":"language","value":"cpython3"},{"name":"package","value":"tests.delivery.test_delivery_calculation"},{"name":"resultFormat","value":"allure2"}],"parameters":[{"name":"all_time","value":"3320"},{"name":"amount","value":"25"},{"name":"case_id","value":"'TD 019'"},{"name":"in_time","value":"2490"},{"name":"link_item","value":"'products/shtukaturka-gipsovaya-aksolit-m50-30-kg-mashinnogo-naneseniya'"},{"name":"standard","value":"1150"},{"name":"url","value":"'https://sandboxtest.stroyrem-nn.ru/'"},{"name":"weight","value":"1700"}],"links":[],"hidden":false,"retry":false,"extra":{"severity":"normal","retries":[],"categories":[],"history":{"statistic":{"failed":0,"broken":13,"skipped":17,"passed":0,"unknown":0,"total":30},"items":[{"uid":"ff9efe5f07cdfff6","reportUrl":"https://Nat754.github.io/StroyremAutomation/61//#testresult/ff9efe5f07cdfff6","status":"skipped","statusDetails":"XFAIL\n\nselenium.common.exceptions.NoSuchElementException: Message: no such element: Unable to locate element: {\"method\":\"xpath\",\"selector\":\"(//a[@class='add-to-cart yellow-btn'])[1]\"}\n  (Session info: headless chrome=117.0.5938.62); For documentation on this error, please visit: https://www.selenium.dev/documentation/webdriver/troubleshooting/errors#no-such-element-exception\nStacktrace:\n#0 0x56016b00d693 <unknown>\n#1 0x56016ace31e7 <unknown>\n#2 0x56016ad2a566 <unknown>\n#3 0x56016ad2a651 <unknown>\n#4 0x56016ad67a74 <unknown>\n#5 0x56016ad4c0ed <unknown>\n#6 0x56016ad65322 <unknown>\n#7 0x56016ad4be93 <unknown>\n#8 0x56016ad1e934 <unknown>\n#9 0x56016ad1f71e <unknown>\n#10 0x56016afd2c98 <unknown>\n#11 0x56016afd6bd0 <unknown>\n#12 0x56016afe117c <unknown>\n#13 0x56016afd77e8 <unknown>\n#14 0x56016afa425f <unknown>\n#15 0x56016affbe68 <unknown>\n#16 0x56016affc039 <unknown>\n#17 0x56016b00c823 <unknown>\n#18 0x7fe164878044 <unknown>","time":{"start":1694637922627,"stop":1694637923066,"duration":439}},{"uid":"defe2067dd6db69e","reportUrl":"https://Nat754.github.io/StroyremAutomation/61//#testresult/defe2067dd6db69e","status":"skipped","statusDetails":"XFAIL\n\nselenium.common.exceptions.NoSuchElementException: Message: no such element: Unable to locate element: {\"method\":\"xpath\",\"selector\":\"(//a[@class='add-to-cart yellow-btn'])[1]\"}\n  (Session info: headless chrome=117.0.5938.62); For documentation on this error, please visit: https://www.selenium.dev/documentation/webdriver/troubleshooting/errors#no-such-element-exception\nStacktrace:\n#0 0x5609568c6693 <unknown>\n#1 0x56095659c1e7 <unknown>\n#2 0x5609565e3566 <unknown>\n#3 0x5609565e3651 <unknown>\n#4 0x560956620a74 <unknown>\n#5 0x5609566050ed <unknown>\n#6 0x56095661e322 <unknown>\n#7 0x560956604e93 <unknown>\n#8 0x5609565d7934 <unknown>\n#9 0x5609565d871e <unknown>\n#10 0x56095688bc98 <unknown>\n#11 0x56095688fbd0 <unknown>\n#12 0x56095689a17c <unknown>\n#13 0x5609568907e8 <unknown>\n#14 0x56095685d25f <unknown>\n#15 0x5609568b4e68 <unknown>\n#16 0x5609568b5039 <unknown>\n#17 0x5609568c5823 <unknown>\n#18 0x7f1411107044 <unknown>","time":{"start":1694580708473,"stop":1694580709144,"duration":671}},{"uid":"2ccb52997aeb4a5c","reportUrl":"https://Nat754.github.io/StroyremAutomation/61//#testresult/2ccb52997aeb4a5c","status":"skipped","statusDetails":"XFAIL\n\nselenium.common.exceptions.NoSuchElementException: Message: no such element: Unable to locate element: {\"method\":\"xpath\",\"selector\":\"(//a[@class='add-to-cart yellow-btn'])[1]\"}\n  (Session info: headless chrome=117.0.5938.62); For documentation on this error, please visit: https://www.selenium.dev/documentation/webdriver/troubleshooting/errors#no-such-element-exception\nStacktrace:\n#0 0x55a9bc426693 <unknown>\n#1 0x55a9bc0fc1e7 <unknown>\n#2 0x55a9bc143566 <unknown>\n#3 0x55a9bc143651 <unknown>\n#4 0x55a9bc180a74 <unknown>\n#5 0x55a9bc1650ed <unknown>\n#6 0x55a9bc17e322 <unknown>\n#7 0x55a9bc164e93 <unknown>\n#8 0x55a9bc137934 <unknown>\n#9 0x55a9bc13871e <unknown>\n#10 0x55a9bc3ebc98 <unknown>\n#11 0x55a9bc3efbd0 <unknown>\n#12 0x55a9bc3fa17c <unknown>\n#13 0x55a9bc3f07e8 <unknown>\n#14 0x55a9bc3bd25f <unknown>\n#15 0x55a9bc414e68 <unknown>\n#16 0x55a9bc415039 <unknown>\n#17 0x55a9bc425823 <unknown>\n#18 0x7efd2c390044 <unknown>","time":{"start":1694566610419,"stop":1694566610917,"duration":498}},{"uid":"473fa4256adf7688","reportUrl":"https://Nat754.github.io/StroyremAutomation/60//#testresult/473fa4256adf7688","status":"skipped","statusDetails":"XFAIL\n\nselenium.common.exceptions.NoSuchElementException: Message: no such element: Unable to locate element: {\"method\":\"xpath\",\"selector\":\"(//a[@class='add-to-cart yellow-btn'])[1]\"}\n  (Session info: headless chrome=116.0.5845.96); For documentation on this error, please visit: https://www.selenium.dev/documentation/webdriver/troubleshooting/errors#no-such-element-exception\nStacktrace:\n#0 0x5611787d7e23 <unknown>\n#1 0x5611785007a7 <unknown>\n#2 0x56117853f1d3 <unknown>\n#3 0x56117853f2c1 <unknown>\n#4 0x56117857aa04 <unknown>\n#5 0x56117856003d <unknown>\n#6 0x561178578369 <unknown>\n#7 0x56117855fde3 <unknown>\n#8 0x561178533a7b <unknown>\n#9 0x56117853481e <unknown>\n#10 0x561178799638 <unknown>\n#11 0x56117879d507 <unknown>\n#12 0x5611787a7c4c <unknown>\n#13 0x56117879e136 <unknown>\n#14 0x56117876c9cf <unknown>\n#15 0x5611787c1b98 <unknown>\n#16 0x5611787c1d68 <unknown>\n#17 0x5611787d0cb3 <unknown>\n#18 0x7f5959c66044 <unknown>","time":{"start":1694504695571,"stop":1694504696216,"duration":645}},{"uid":"9d3980fb897fff8d","reportUrl":"https://Nat754.github.io/StroyremAutomation/60//#testresult/9d3980fb897fff8d","status":"skipped","statusDetails":"XFAIL\n\nselenium.common.exceptions.NoSuchElementException: Message: no such element: Unable to locate element: {\"method\":\"xpath\",\"selector\":\"(//a[@class='add-to-cart yellow-btn'])[1]\"}\n  (Session info: headless chrome=116.0.5845.96); For documentation on this error, please visit: https://www.selenium.dev/documentation/webdriver/troubleshooting/errors#no-such-element-exception\nStacktrace:\n#0 0x55c5f8405e23 <unknown>\n#1 0x55c5f812e7a7 <unknown>\n#2 0x55c5f816d1d3 <unknown>\n#3 0x55c5f816d2c1 <unknown>\n#4 0x55c5f81a8a04 <unknown>\n#5 0x55c5f818e03d <unknown>\n#6 0x55c5f81a6369 <unknown>\n#7 0x55c5f818dde3 <unknown>\n#8 0x55c5f8161a7b <unknown>\n#9 0x55c5f816281e <unknown>\n#10 0x55c5f83c7638 <unknown>\n#11 0x55c5f83cb507 <unknown>\n#12 0x55c5f83d5c4c <unknown>\n#13 0x55c5f83cc136 <unknown>\n#14 0x55c5f839a9cf <unknown>\n#15 0x55c5f83efb98 <unknown>\n#16 0x55c5f83efd68 <unknown>\n#17 0x55c5f83fecb3 <unknown>\n#18 0x7f66b3d07044 <unknown>","time":{"start":1694480225708,"stop":1694480226379,"duration":671}},{"uid":"23735b83f0c3b103","reportUrl":"https://Nat754.github.io/StroyremAutomation/59//#testresult/23735b83f0c3b103","status":"skipped","statusDetails":"XFAIL\n\nselenium.common.exceptions.NoSuchElementException: Message: no such element: Unable to locate element: {\"method\":\"xpath\",\"selector\":\"(//a[@class='add-to-cart yellow-btn'])[1]\"}\n  (Session info: headless chrome=116.0.5845.96); For documentation on this error, please visit: https://www.selenium.dev/documentation/webdriver/troubleshooting/errors#no-such-element-exception\nStacktrace:\n#0 0x560233ebfe23 <unknown>\n#1 0x560233be87a7 <unknown>\n#2 0x560233c271d3 <unknown>\n#3 0x560233c272c1 <unknown>\n#4 0x560233c62a04 <unknown>\n#5 0x560233c4803d <unknown>\n#6 0x560233c60369 <unknown>\n#7 0x560233c47de3 <unknown>\n#8 0x560233c1ba7b <unknown>\n#9 0x560233c1c81e <unknown>\n#10 0x560233e81638 <unknown>\n#11 0x560233e85507 <unknown>\n#12 0x560233e8fc4c <unknown>\n#13 0x560233e86136 <unknown>\n#14 0x560233e549cf <unknown>\n#15 0x560233ea9b98 <unknown>\n#16 0x560233ea9d68 <unknown>\n#17 0x560233eb8cb3 <unknown>\n#18 0x7fef578fe044 <unknown>","time":{"start":1694433848801,"stop":1694433849226,"duration":425}},{"uid":"c44ed21868a8a4c2","reportUrl":"https://Nat754.github.io/StroyremAutomation/57//#testresult/c44ed21868a8a4c2","status":"skipped","statusDetails":"XFAIL\n\nselenium.common.exceptions.NoSuchElementException: Message: no such element: Unable to locate element: {\"method\":\"xpath\",\"selector\":\"(//a[@class='add-to-cart yellow-btn'])[1]\"}\n  (Session info: headless chrome=116.0.5845.96); For documentation on this error, please visit: https://www.selenium.dev/documentation/webdriver/troubleshooting/errors#no-such-element-exception\nStacktrace:\n#0 0x55aa1c633e23 <unknown>\n#1 0x55aa1c35c7a7 <unknown>\n#2 0x55aa1c39b1d3 <unknown>\n#3 0x55aa1c39b2c1 <unknown>\n#4 0x55aa1c3d6a04 <unknown>\n#5 0x55aa1c3bc03d <unknown>\n#6 0x55aa1c3d4369 <unknown>\n#7 0x55aa1c3bbde3 <unknown>\n#8 0x55aa1c38fa7b <unknown>\n#9 0x55aa1c39081e <unknown>\n#10 0x55aa1c5f5638 <unknown>\n#11 0x55aa1c5f9507 <unknown>\n#12 0x55aa1c603c4c <unknown>\n#13 0x55aa1c5fa136 <unknown>\n#14 0x55aa1c5c89cf <unknown>\n#15 0x55aa1c61db98 <unknown>\n#16 0x55aa1c61dd68 <unknown>\n#17 0x55aa1c62ccb3 <unknown>\n#18 0x7fce66647044 <unknown>","time":{"start":1694431076941,"stop":1694431077499,"duration":558}},{"uid":"b73c550ea6ea901e","reportUrl":"https://Nat754.github.io/StroyremAutomation/58//#testresult/b73c550ea6ea901e","status":"skipped","statusDetails":"XFAIL\n\nselenium.common.exceptions.NoSuchElementException: Message: no such element: Unable to locate element: {\"method\":\"xpath\",\"selector\":\"(//a[@class='add-to-cart yellow-btn'])[1]\"}\n  (Session info: headless chrome=116.0.5845.96); For documentation on this error, please visit: https://www.selenium.dev/documentation/webdriver/troubleshooting/errors#no-such-element-exception\nStacktrace:\n#0 0x55d5a4c9de23 <unknown>\n#1 0x55d5a49c67a7 <unknown>\n#2 0x55d5a4a051d3 <unknown>\n#3 0x55d5a4a052c1 <unknown>\n#4 0x55d5a4a40a04 <unknown>\n#5 0x55d5a4a2603d <unknown>\n#6 0x55d5a4a3e369 <unknown>\n#7 0x55d5a4a25de3 <unknown>\n#8 0x55d5a49f9a7b <unknown>\n#9 0x55d5a49fa81e <unknown>\n#10 0x55d5a4c5f638 <unknown>\n#11 0x55d5a4c63507 <unknown>\n#12 0x55d5a4c6dc4c <unknown>\n#13 0x55d5a4c64136 <unknown>\n#14 0x55d5a4c329cf <unknown>\n#15 0x55d5a4c87b98 <unknown>\n#16 0x55d5a4c87d68 <unknown>\n#17 0x55d5a4c96cb3 <unknown>\n#18 0x7f159d354044 <unknown>","time":{"start":1694431001446,"stop":1694431001896,"duration":450}},{"uid":"294f6cb37426aae9","reportUrl":"https://Nat754.github.io/StroyremAutomation/56//#testresult/294f6cb37426aae9","status":"skipped","statusDetails":"XFAIL\n\nselenium.common.exceptions.NoSuchElementException: Message: no such element: Unable to locate element: {\"method\":\"xpath\",\"selector\":\"(//a[@class='add-to-cart yellow-btn'])[1]\"}\n  (Session info: headless chrome=116.0.5845.96); For documentation on this error, please visit: https://www.selenium.dev/documentation/webdriver/troubleshooting/errors#no-such-element-exception\nStacktrace:\n#0 0x559d18cb6e23 <unknown>\n#1 0x559d189df7a7 <unknown>\n#2 0x559d18a1e1d3 <unknown>\n#3 0x559d18a1e2c1 <unknown>\n#4 0x559d18a59a04 <unknown>\n#5 0x559d18a3f03d <unknown>\n#6 0x559d18a57369 <unknown>\n#7 0x559d18a3ede3 <unknown>\n#8 0x559d18a12a7b <unknown>\n#9 0x559d18a1381e <unknown>\n#10 0x559d18c78638 <unknown>\n#11 0x559d18c7c507 <unknown>\n#12 0x559d18c86c4c <unknown>\n#13 0x559d18c7d136 <unknown>\n#14 0x559d18c4b9cf <unknown>\n#15 0x559d18ca0b98 <unknown>\n#16 0x559d18ca0d68 <unknown>\n#17 0x559d18cafcb3 <unknown>\n#18 0x7f19d5484044 <unknown>","time":{"start":1694429617346,"stop":1694429617905,"duration":559}},{"uid":"4186d11834a78d39","reportUrl":"https://Nat754.github.io/StroyremAutomation/56//#testresult/4186d11834a78d39","status":"skipped","statusDetails":"XFAIL\n\nselenium.common.exceptions.NoSuchElementException: Message: no such element: Unable to locate element: {\"method\":\"xpath\",\"selector\":\"(//a[@class='add-to-cart yellow-btn'])[1]\"}\n  (Session info: headless chrome=116.0.5845.96); For documentation on this error, please visit: https://www.selenium.dev/documentation/webdriver/troubleshooting/errors#no-such-element-exception\nStacktrace:\n#0 0x564873ccce23 <unknown>\n#1 0x5648739f57a7 <unknown>\n#2 0x564873a341d3 <unknown>\n#3 0x564873a342c1 <unknown>\n#4 0x564873a6fa04 <unknown>\n#5 0x564873a5503d <unknown>\n#6 0x564873a6d369 <unknown>\n#7 0x564873a54de3 <unknown>\n#8 0x564873a28a7b <unknown>\n#9 0x564873a2981e <unknown>\n#10 0x564873c8e638 <unknown>\n#11 0x564873c92507 <unknown>\n#12 0x564873c9cc4c <unknown>\n#13 0x564873c93136 <unknown>\n#14 0x564873c619cf <unknown>\n#15 0x564873cb6b98 <unknown>\n#16 0x564873cb6d68 <unknown>\n#17 0x564873cc5cb3 <unknown>\n#18 0x7ff1c2ba2044 <unknown>","time":{"start":1694393733594,"stop":1694393734053,"duration":459}},{"uid":"408a36a1f02d6773","reportUrl":"https://Nat754.github.io/StroyremAutomation/55//#testresult/408a36a1f02d6773","status":"skipped","statusDetails":"XFAIL\n\nselenium.common.exceptions.NoSuchElementException: Message: no such element: Unable to locate element: {\"method\":\"xpath\",\"selector\":\"(//a[@class='add-to-cart yellow-btn'])[1]\"}\n  (Session info: headless chrome=116.0.5845.96); For documentation on this error, please visit: https://www.selenium.dev/documentation/webdriver/troubleshooting/errors#no-such-element-exception\nStacktrace:\n#0 0x55ba5eb7ae23 <unknown>\n#1 0x55ba5e8a37a7 <unknown>\n#2 0x55ba5e8e21d3 <unknown>\n#3 0x55ba5e8e22c1 <unknown>\n#4 0x55ba5e91da04 <unknown>\n#5 0x55ba5e90303d <unknown>\n#6 0x55ba5e91b369 <unknown>\n#7 0x55ba5e902de3 <unknown>\n#8 0x55ba5e8d6a7b <unknown>\n#9 0x55ba5e8d781e <unknown>\n#10 0x55ba5eb3c638 <unknown>\n#11 0x55ba5eb40507 <unknown>\n#12 0x55ba5eb4ac4c <unknown>\n#13 0x55ba5eb41136 <unknown>\n#14 0x55ba5eb0f9cf <unknown>\n#15 0x55ba5eb64b98 <unknown>\n#16 0x55ba5eb64d68 <unknown>\n#17 0x55ba5eb73cb3 <unknown>\n#18 0x7f341ad0c044 <unknown>","time":{"start":1694380850274,"stop":1694380850892,"duration":618}},{"uid":"9003bd05c1a60384","reportUrl":"https://Nat754.github.io/StroyremAutomation/55//#testresult/9003bd05c1a60384","status":"skipped","statusDetails":"XFAIL\n\nselenium.common.exceptions.NoSuchElementException: Message: no such element: Unable to locate element: {\"method\":\"xpath\",\"selector\":\"(//a[@class='add-to-cart yellow-btn'])[1]\"}\n  (Session info: headless chrome=116.0.5845.96); For documentation on this error, please visit: https://www.selenium.dev/documentation/webdriver/troubleshooting/errors#no-such-element-exception\nStacktrace:\n#0 0x55e50d0f4e23 <unknown>\n#1 0x55e50ce1d7a7 <unknown>\n#2 0x55e50ce5c1d3 <unknown>\n#3 0x55e50ce5c2c1 <unknown>\n#4 0x55e50ce97a04 <unknown>\n#5 0x55e50ce7d03d <unknown>\n#6 0x55e50ce95369 <unknown>\n#7 0x55e50ce7cde3 <unknown>\n#8 0x55e50ce50a7b <unknown>\n#9 0x55e50ce5181e <unknown>\n#10 0x55e50d0b6638 <unknown>\n#11 0x55e50d0ba507 <unknown>\n#12 0x55e50d0c4c4c <unknown>\n#13 0x55e50d0bb136 <unknown>\n#14 0x55e50d0899cf <unknown>\n#15 0x55e50d0deb98 <unknown>\n#16 0x55e50d0ded68 <unknown>\n#17 0x55e50d0edcb3 <unknown>\n#18 0x7f115e888044 <unknown>","time":{"start":1694307515270,"stop":1694307516055,"duration":785}},{"uid":"bb78e38f19ce7bd1","reportUrl":"https://Nat754.github.io/StroyremAutomation/54//#testresult/bb78e38f19ce7bd1","status":"skipped","statusDetails":"XFAIL\n\nselenium.common.exceptions.NoSuchElementException: Message: no such element: Unable to locate element: {\"method\":\"xpath\",\"selector\":\"(//a[@class='add-to-cart yellow-btn'])[1]\"}\n  (Session info: headless chrome=116.0.5845.96); For documentation on this error, please visit: https://www.selenium.dev/documentation/webdriver/troubleshooting/errors#no-such-element-exception\nStacktrace:\n#0 0x56452f70ae23 <unknown>\n#1 0x56452f4337a7 <unknown>\n#2 0x56452f4721d3 <unknown>\n#3 0x56452f4722c1 <unknown>\n#4 0x56452f4ada04 <unknown>\n#5 0x56452f49303d <unknown>\n#6 0x56452f4ab369 <unknown>\n#7 0x56452f492de3 <unknown>\n#8 0x56452f466a7b <unknown>\n#9 0x56452f46781e <unknown>\n#10 0x56452f6cc638 <unknown>\n#11 0x56452f6d0507 <unknown>\n#12 0x56452f6dac4c <unknown>\n#13 0x56452f6d1136 <unknown>\n#14 0x56452f69f9cf <unknown>\n#15 0x56452f6f4b98 <unknown>\n#16 0x56452f6f4d68 <unknown>\n#17 0x56452f703cb3 <unknown>\n#18 0x7f1ad7414044 <unknown>","time":{"start":1694286804935,"stop":1694286805502,"duration":567}},{"uid":"95f7c37a8ccb550b","reportUrl":"https://Nat754.github.io/StroyremAutomation/54//#testresult/95f7c37a8ccb550b","status":"skipped","statusDetails":"XFAIL\n\nselenium.common.exceptions.NoSuchElementException: Message: no such element: Unable to locate element: {\"method\":\"xpath\",\"selector\":\"(//a[@class='add-to-cart yellow-btn'])[1]\"}\n  (Session info: headless chrome=116.0.5845.96); For documentation on this error, please visit: https://www.selenium.dev/documentation/webdriver/troubleshooting/errors#no-such-element-exception\nStacktrace:\n#0 0x55dae1bc6e23 <unknown>\n#1 0x55dae18ef7a7 <unknown>\n#2 0x55dae192e1d3 <unknown>\n#3 0x55dae192e2c1 <unknown>\n#4 0x55dae1969a04 <unknown>\n#5 0x55dae194f03d <unknown>\n#6 0x55dae1967369 <unknown>\n#7 0x55dae194ede3 <unknown>\n#8 0x55dae1922a7b <unknown>\n#9 0x55dae192381e <unknown>\n#10 0x55dae1b88638 <unknown>\n#11 0x55dae1b8c507 <unknown>\n#12 0x55dae1b96c4c <unknown>\n#13 0x55dae1b8d136 <unknown>\n#14 0x55dae1b5b9cf <unknown>\n#15 0x55dae1bb0b98 <unknown>\n#16 0x55dae1bb0d68 <unknown>\n#17 0x55dae1bbfcb3 <unknown>\n#18 0x7f31ee03b044 <unknown>","time":{"start":1694220810715,"stop":1694220811159,"duration":444}},{"uid":"e1ed1a1596a6d746","reportUrl":"https://Nat754.github.io/StroyremAutomation/4//#testresult/e1ed1a1596a6d746","status":"broken","statusDetails":"selenium.common.exceptions.NoSuchElementException: Message: no such element: Unable to locate element: {\"method\":\"xpath\",\"selector\":\"(//a[@class='add-to-cart yellow-btn'])[1]\"}\n  (Session info: headless chrome=116.0.5845.96); For documentation on this error, please visit: https://www.selenium.dev/documentation/webdriver/troubleshooting/errors#no-such-element-exception\nStacktrace:\n#0 0x557b1557be23 <unknown>\n#1 0x557b152a47a7 <unknown>\n#2 0x557b152e31d3 <unknown>\n#3 0x557b152e32c1 <unknown>\n#4 0x557b1531ea04 <unknown>\n#5 0x557b1530403d <unknown>\n#6 0x557b1531c369 <unknown>\n#7 0x557b15303de3 <unknown>\n#8 0x557b152d7a7b <unknown>\n#9 0x557b152d881e <unknown>\n#10 0x557b1553d638 <unknown>\n#11 0x557b15541507 <unknown>\n#12 0x557b1554bc4c <unknown>\n#13 0x557b15542136 <unknown>\n#14 0x557b155109cf <unknown>\n#15 0x557b15565b98 <unknown>\n#16 0x557b15565d68 <unknown>\n#17 0x557b15574cb3 <unknown>\n#18 0x7fa0e81e9044 <unknown>","time":{"start":1694196653750,"stop":1694196654180,"duration":430}},{"uid":"ef528fa46bcb4a99","reportUrl":"https://Nat754.github.io/StroyremAutomation/53//#testresult/ef528fa46bcb4a99","status":"skipped","statusDetails":"XFAIL\n\nselenium.common.exceptions.NoSuchElementException: Message: no such element: Unable to locate element: {\"method\":\"xpath\",\"selector\":\"(//a[@class='add-to-cart yellow-btn'])[1]\"}\n  (Session info: headless chrome=116.0.5845.96); For documentation on this error, please visit: https://www.selenium.dev/documentation/webdriver/troubleshooting/errors#no-such-element-exception\nStacktrace:\n#0 0x557de33ece23 <unknown>\n#1 0x557de31157a7 <unknown>\n#2 0x557de31541d3 <unknown>\n#3 0x557de31542c1 <unknown>\n#4 0x557de318fa04 <unknown>\n#5 0x557de317503d <unknown>\n#6 0x557de318d369 <unknown>\n#7 0x557de3174de3 <unknown>\n#8 0x557de3148a7b <unknown>\n#9 0x557de314981e <unknown>\n#10 0x557de33ae638 <unknown>\n#11 0x557de33b2507 <unknown>\n#12 0x557de33bcc4c <unknown>\n#13 0x557de33b3136 <unknown>\n#14 0x557de33819cf <unknown>\n#15 0x557de33d6b98 <unknown>\n#16 0x557de33d6d68 <unknown>\n#17 0x557de33e5cb3 <unknown>\n#18 0x7fb23e0cb044 <unknown>","time":{"start":1694207115679,"stop":1694207116107,"duration":428}},{"uid":"444c296d52c56ca6","reportUrl":"https://Nat754.github.io/StroyremAutomation/53//#testresult/444c296d52c56ca6","status":"skipped","statusDetails":"XFAIL\n\nselenium.common.exceptions.NoSuchElementException: Message: no such element: Unable to locate element: {\"method\":\"xpath\",\"selector\":\"(//a[@class='add-to-cart yellow-btn'])[1]\"}\n  (Session info: headless chrome=116.0.5845.96); For documentation on this error, please visit: https://www.selenium.dev/documentation/webdriver/troubleshooting/errors#no-such-element-exception\nStacktrace:\n#0 0x55bff3797e23 <unknown>\n#1 0x55bff34c07a7 <unknown>\n#2 0x55bff34ff1d3 <unknown>\n#3 0x55bff34ff2c1 <unknown>\n#4 0x55bff353aa04 <unknown>\n#5 0x55bff352003d <unknown>\n#6 0x55bff3538369 <unknown>\n#7 0x55bff351fde3 <unknown>\n#8 0x55bff34f3a7b <unknown>\n#9 0x55bff34f481e <unknown>\n#10 0x55bff3759638 <unknown>\n#11 0x55bff375d507 <unknown>\n#12 0x55bff3767c4c <unknown>\n#13 0x55bff375e136 <unknown>\n#14 0x55bff372c9cf <unknown>\n#15 0x55bff3781b98 <unknown>\n#16 0x55bff3781d68 <unknown>\n#17 0x55bff3790cb3 <unknown>\n#18 0x7fdb40088044 <unknown>","time":{"start":1694198951331,"stop":1694198951862,"duration":531}},{"uid":"fce93a1dc6dcf1b2","reportUrl":"https://Nat754.github.io/StroyremAutomation/4//#testresult/fce93a1dc6dcf1b2","status":"broken","statusDetails":"selenium.common.exceptions.NoSuchElementException: Message: no such element: Unable to locate element: {\"method\":\"xpath\",\"selector\":\"(//a[@class='add-to-cart yellow-btn'])[1]\"}\n  (Session info: headless chrome=116.0.5845.96); For documentation on this error, please visit: https://www.selenium.dev/documentation/webdriver/troubleshooting/errors#no-such-element-exception\nStacktrace:\n#0 0x556f69b1de23 <unknown>\n#1 0x556f698467a7 <unknown>\n#2 0x556f698851d3 <unknown>\n#3 0x556f698852c1 <unknown>\n#4 0x556f698c0a04 <unknown>\n#5 0x556f698a603d <unknown>\n#6 0x556f698be369 <unknown>\n#7 0x556f698a5de3 <unknown>\n#8 0x556f69879a7b <unknown>\n#9 0x556f6987a81e <unknown>\n#10 0x556f69adf638 <unknown>\n#11 0x556f69ae3507 <unknown>\n#12 0x556f69aedc4c <unknown>\n#13 0x556f69ae4136 <unknown>\n#14 0x556f69ab29cf <unknown>\n#15 0x556f69b07b98 <unknown>\n#16 0x556f69b07d68 <unknown>\n#17 0x556f69b16cb3 <unknown>\n#18 0x7f550632e044 <unknown>","time":{"start":1694183587776,"stop":1694183588203,"duration":427}},{"uid":"2133eea83c83842c","reportUrl":"https://Nat754.github.io/StroyremAutomation/52//#testresult/2133eea83c83842c","status":"broken","statusDetails":"selenium.common.exceptions.NoSuchElementException: Message: no such element: Unable to locate element: {\"method\":\"xpath\",\"selector\":\"(//a[@class='add-to-cart yellow-btn'])[1]\"}\n  (Session info: headless chrome=116.0.5845.96); For documentation on this error, please visit: https://www.selenium.dev/documentation/webdriver/troubleshooting/errors#no-such-element-exception\nStacktrace:\n#0 0x55593299ae23 <unknown>\n#1 0x5559326c37a7 <unknown>\n#2 0x5559327021d3 <unknown>\n#3 0x5559327022c1 <unknown>\n#4 0x55593273da04 <unknown>\n#5 0x55593272303d <unknown>\n#6 0x55593273b369 <unknown>\n#7 0x555932722de3 <unknown>\n#8 0x5559326f6a7b <unknown>\n#9 0x5559326f781e <unknown>\n#10 0x55593295c638 <unknown>\n#11 0x555932960507 <unknown>\n#12 0x55593296ac4c <unknown>\n#13 0x555932961136 <unknown>\n#14 0x55593292f9cf <unknown>\n#15 0x555932984b98 <unknown>\n#16 0x555932984d68 <unknown>\n#17 0x555932993cb3 <unknown>\n#18 0x7fbf9a618044 <unknown>","time":{"start":1694134645546,"stop":1694134646098,"duration":552}},{"uid":"34384e9534a318b6","reportUrl":"https://Nat754.github.io/StroyremAutomation/51//#testresult/34384e9534a318b6","status":"broken","statusDetails":"selenium.common.exceptions.NoSuchElementException: Message: no such element: Unable to locate element: {\"method\":\"xpath\",\"selector\":\"(//a[@class='add-to-cart yellow-btn'])[1]\"}\n  (Session info: headless chrome=116.0.5845.96); For documentation on this error, please visit: https://www.selenium.dev/documentation/webdriver/troubleshooting/errors#no-such-element-exception\nStacktrace:\n#0 0x556faff3de23 <unknown>\n#1 0x556fafc667a7 <unknown>\n#2 0x556fafca51d3 <unknown>\n#3 0x556fafca52c1 <unknown>\n#4 0x556fafce0a04 <unknown>\n#5 0x556fafcc603d <unknown>\n#6 0x556fafcde369 <unknown>\n#7 0x556fafcc5de3 <unknown>\n#8 0x556fafc99a7b <unknown>\n#9 0x556fafc9a81e <unknown>\n#10 0x556fafeff638 <unknown>\n#11 0x556faff03507 <unknown>\n#12 0x556faff0dc4c <unknown>\n#13 0x556faff04136 <unknown>\n#14 0x556fafed29cf <unknown>\n#15 0x556faff27b98 <unknown>\n#16 0x556faff27d68 <unknown>\n#17 0x556faff36cb3 <unknown>\n#18 0x7f90a4888044 <unknown>","time":{"start":1694048091143,"stop":1694048091565,"duration":422}}]},"tags":["@pytest.mark.xfail","smoke_test"]},"source":"7a9ed62137987c45.json","parameterValues":["3320","25","'TD 019'","2490","'products/shtukaturka-gipsovaya-aksolit-m50-30-kg-mashinnogo-naneseniya'","1150","'https://sandboxtest.stroyrem-nn.ru/'","1700"]}