{"uid":"980964fae63df99","name":"TD 016 Доставка товара весом до 300кг. в синей зоне","fullName":"tests.delivery.test_delivery_calculation.TestDeliveryPageCalculation#test_positive_delivery_blue_zone_smoke","historyId":"86358f082fd4285ea28a57c2eeb5985a","time":{"start":1723338427842,"stop":1723338428273,"duration":431},"status":"skipped","statusMessage":"XFAIL\n\nselenium.common.exceptions.NoSuchElementException: Message: no such element: Unable to locate element: {\"method\":\"xpath\",\"selector\":\"(//a[@class='add-to-cart yellow-btn'])[1]\"}\n  (Session info: chrome-headless-shell=127.0.6533.99); For documentation on this error, please visit: https://www.selenium.dev/documentation/webdriver/troubleshooting/errors#no-such-element-exception\nStacktrace:\n#0 0x562c709ab6aa <unknown>\n#1 0x562c7067c600 <unknown>\n#2 0x562c706cbbcb <unknown>\n#3 0x562c706cbeb1 <unknown>\n#4 0x562c7070fb24 <unknown>\n#5 0x562c706ee8cd <unknown>\n#6 0x562c7070d04a <unknown>\n#7 0x562c706ee643 <unknown>\n#8 0x562c706bed31 <unknown>\n#9 0x562c706bf79e <unknown>\n#10 0x562c7097323b <unknown>\n#11 0x562c709771d2 <unknown>\n#12 0x562c709605f5 <unknown>\n#13 0x562c70977d62 <unknown>\n#14 0x562c7094523f <unknown>\n#15 0x562c7099ae48 <unknown>\n#16 0x562c7099b020 <unknown>\n#17 0x562c709aa47c <unknown>\n#18 0x7fc36babf134 <unknown>","statusTrace":"self = <tests.delivery.test_delivery_calculation.TestDeliveryPageCalculation object at 0x7faed9dc2150>\ndriver = <selenium.webdriver.chrome.webdriver.WebDriver (session=\"e547fb4a536c8bdaf6a5f5d5a11dba94\")>\nurl = 'https://sandboxtest.stroyrem-nn.ru/', case_id = 'TD 016'\nlink_item = 'products/shtukaturka-gipsovaya-aksolit-m50-30-kg-mashinnogo-naneseniya'\namount = 8, weight = 300, standard = 650, in_time = 2390, all_time = 3320\n\n    @pytest.mark.parametrize('case_id, link_item, amount, weight, standard, in_time, all_time', [\n        (\"TD 015\", bundeks_25, 1, 30, 650, 2390, 3320),\n        pytest.param(\n            \"TD 016\", aksolit_30, 8, 300, 650, 2390, 3320,\n            marks=pytest.mark.xfail(reson=\"Цена доставки: - - -\")\n        ),\n        (\"TD 017\", aksolit_30, 13, 400, 650, 2390, 3320),\n        (\"TD 018\", aksolit_30, 16, 500, 850, 2490, 3320),\n        (\"TD 019\", aksolit_30, 25, 1700, 1150, 2490, 3320),\n        (\"TD 020\", aksolit_30, 66, 2000, 1500, 2990, 3650),\n        (\"TD 021\", aksolit_30, 149, 4500, 2600, 4380, 4890),\n        (\"TD 022\", aksolit_30, 166, 5000, 2800, 5490, 5980),\n        pytest.param(\n            \"TD 023\", aksolit_30, 206, 6200, 3300, 7500, 8000,\n            marks=pytest.mark.xfail(reson=\"Цена доставки: 4300 9900 11440\")\n        ),\n        (\"TD 024\", aksolit_30, 299, 9000, 4300, 9900, 11440),\n        (\"TD 025\", aksolit_30, 333, 10000, 7000, 13900, 15900),\n        pytest.param(\n            \"TD 026\", aksolit_30, 366, 11000, 8000, 14900, 19900,\n            marks=pytest.mark.xfail(reson=\"Цена доставки: 7000 13900 15900\")\n        ),\n        pytest.param(\n            \"TD 027\", aksolit_30, 666, 20000, 14000, 16900, 23900,\n            marks=pytest.mark.xfail(reson=\"Цена доставки: 7000 13900 15900\")\n        )\n    ])\n    @pytest.mark.xfail\n    @pytest.mark.smoke_test\n    def test_positive_delivery_blue_zone_smoke(\n            self, driver, url, case_id, link_item, amount, weight, standard, in_time, all_time\n    ):\n        allure.dynamic.title(f\"{case_id} Доставка товара весом до {weight}кг. в синей зоне\")\n    \n        driver.get(f'{url}{link_item}')\n        item_page = ItemPage(driver)\n>       item_page.add_item_to_cart(amount).click_on_cart()\n\ntests/delivery/test_delivery_calculation.py:132: \n_ _ _ _ _ _ _ _ _ _ _ _ _ _ _ _ _ _ _ _ _ _ _ _ _ _ _ _ _ _ _ _ _ _ _ _ _ _ _ _ \npages/item_page.py:40: in add_item_to_cart\n    self.find_element(self._add_item).click()\nbase/seleniumbase.py:17: in find_element\n    return self.driver.find_element(*locator)\n/usr/local/lib/python3.11/site-packages/selenium/webdriver/remote/webdriver.py:739: in find_element\n    return self.execute(Command.FIND_ELEMENT, {\"using\": by, \"value\": value})[\"value\"]\n/usr/local/lib/python3.11/site-packages/selenium/webdriver/remote/webdriver.py:345: in execute\n    self.error_handler.check_response(response)\n_ _ _ _ _ _ _ _ _ _ _ _ _ _ _ _ _ _ _ _ _ _ _ _ _ _ _ _ _ _ _ _ _ _ _ _ _ _ _ _ \n\nself = <selenium.webdriver.remote.errorhandler.ErrorHandler object at 0x7faed8880b10>\nresponse = {'status': 404, 'value': '{\"value\":{\"error\":\"no such element\",\"message\":\"no such element: Unable to locate element: {\\...\\\\n#16 0x562c7099b020 \\\\u003Cunknown>\\\\n#17 0x562c709aa47c \\\\u003Cunknown>\\\\n#18 0x7fc36babf134 \\\\u003Cunknown>\\\\n\"}}'}\n\n    def check_response(self, response: Dict[str, Any]) -> None:\n        \"\"\"Checks that a JSON response from the WebDriver does not have an\n        error.\n    \n        :Args:\n         - response - The JSON response from the WebDriver server as a dictionary\n           object.\n    \n        :Raises: If the response contains an error message.\n        \"\"\"\n        status = response.get(\"status\", None)\n        if not status or status == ErrorCode.SUCCESS:\n            return\n        value = None\n        message = response.get(\"message\", \"\")\n        screen: str = response.get(\"screen\", \"\")\n        stacktrace = None\n        if isinstance(status, int):\n            value_json = response.get(\"value\", None)\n            if value_json and isinstance(value_json, str):\n                import json\n    \n                try:\n                    value = json.loads(value_json)\n                    if len(value) == 1:\n                        value = value[\"value\"]\n                    status = value.get(\"error\", None)\n                    if not status:\n                        status = value.get(\"status\", ErrorCode.UNKNOWN_ERROR)\n                        message = value.get(\"value\") or value.get(\"message\")\n                        if not isinstance(message, str):\n                            value = message\n                            message = message.get(\"message\")\n                    else:\n                        message = value.get(\"message\", None)\n                except ValueError:\n                    pass\n    \n        exception_class: Type[WebDriverException]\n        e = ErrorCode()\n        error_codes = [item for item in dir(e) if not item.startswith(\"__\")]\n        for error_code in error_codes:\n            error_info = getattr(ErrorCode, error_code)\n            if isinstance(error_info, list) and status in error_info:\n                exception_class = getattr(ExceptionMapping, error_code, WebDriverException)\n                break\n        else:\n            exception_class = WebDriverException\n    \n        if not value:\n            value = response[\"value\"]\n        if isinstance(value, str):\n            raise exception_class(value)\n        if message == \"\" and \"message\" in value:\n            message = value[\"message\"]\n    \n        screen = None  # type: ignore[assignment]\n        if \"screen\" in value:\n            screen = value[\"screen\"]\n    \n        stacktrace = None\n        st_value = value.get(\"stackTrace\") or value.get(\"stacktrace\")\n        if st_value:\n            if isinstance(st_value, str):\n                stacktrace = st_value.split(\"\\n\")\n            else:\n                stacktrace = []\n                try:\n                    for frame in st_value:\n                        line = frame.get(\"lineNumber\", \"\")\n                        file = frame.get(\"fileName\", \"<anonymous>\")\n                        if line:\n                            file = f\"{file}:{line}\"\n                        meth = frame.get(\"methodName\", \"<anonymous>\")\n                        if \"className\" in frame:\n                            meth = f\"{frame['className']}.{meth}\"\n                        msg = \"    at %s (%s)\"\n                        msg = msg % (meth, file)\n                        stacktrace.append(msg)\n                except TypeError:\n                    pass\n        if exception_class == UnexpectedAlertPresentException:\n            alert_text = None\n            if \"data\" in value:\n                alert_text = value[\"data\"].get(\"text\")\n            elif \"alert\" in value:\n                alert_text = value[\"alert\"].get(\"text\")\n            raise exception_class(message, screen, stacktrace, alert_text)  # type: ignore[call-arg]  # mypy is not smart enough here\n>       raise exception_class(message, screen, stacktrace)\nE       selenium.common.exceptions.NoSuchElementException: Message: no such element: Unable to locate element: {\"method\":\"xpath\",\"selector\":\"(//a[@class='add-to-cart yellow-btn'])[1]\"}\nE         (Session info: chrome-headless-shell=127.0.6533.99); For documentation on this error, please visit: https://www.selenium.dev/documentation/webdriver/troubleshooting/errors#no-such-element-exception\nE       Stacktrace:\nE       #0 0x562c709ab6aa <unknown>\nE       #1 0x562c7067c600 <unknown>\nE       #2 0x562c706cbbcb <unknown>\nE       #3 0x562c706cbeb1 <unknown>\nE       #4 0x562c7070fb24 <unknown>\nE       #5 0x562c706ee8cd <unknown>\nE       #6 0x562c7070d04a <unknown>\nE       #7 0x562c706ee643 <unknown>\nE       #8 0x562c706bed31 <unknown>\nE       #9 0x562c706bf79e <unknown>\nE       #10 0x562c7097323b <unknown>\nE       #11 0x562c709771d2 <unknown>\nE       #12 0x562c709605f5 <unknown>\nE       #13 0x562c70977d62 <unknown>\nE       #14 0x562c7094523f <unknown>\nE       #15 0x562c7099ae48 <unknown>\nE       #16 0x562c7099b020 <unknown>\nE       #17 0x562c709aa47c <unknown>\nE       #18 0x7fc36babf134 <unknown>\n\n/usr/local/lib/python3.11/site-packages/selenium/webdriver/remote/errorhandler.py:229: NoSuchElementException","flaky":false,"newFailed":false,"newBroken":false,"newPassed":false,"retriesCount":0,"retriesStatusChange":false,"beforeStages":[{"name":"_session_faker","time":{"start":1723338115615,"stop":1723338115691,"duration":76},"status":"passed","steps":[],"attachments":[],"parameters":[],"shouldDisplayMessage":false,"stepsCount":0,"attachmentsCount":0,"hasContent":false,"attachmentStep":false},{"name":"clear_allure_results_folder","time":{"start":1723338115691,"stop":1723338115691,"duration":0},"status":"passed","steps":[],"attachments":[],"parameters":[],"shouldDisplayMessage":false,"stepsCount":0,"attachmentsCount":0,"hasContent":false,"attachmentStep":false},{"name":"driver","time":{"start":1723338427127,"stop":1723338427840,"duration":713},"status":"passed","steps":[],"attachments":[],"parameters":[],"shouldDisplayMessage":false,"stepsCount":0,"attachmentsCount":0,"hasContent":false,"attachmentStep":false},{"name":"setup","time":{"start":1723338427840,"stop":1723338427840,"duration":0},"status":"passed","steps":[],"attachments":[],"parameters":[],"shouldDisplayMessage":false,"stepsCount":0,"attachmentsCount":0,"hasContent":false,"attachmentStep":false}],"testStage":{"status":"skipped","statusMessage":"XFAIL\n\nselenium.common.exceptions.NoSuchElementException: Message: no such element: Unable to locate element: {\"method\":\"xpath\",\"selector\":\"(//a[@class='add-to-cart yellow-btn'])[1]\"}\n  (Session info: chrome-headless-shell=127.0.6533.99); For documentation on this error, please visit: https://www.selenium.dev/documentation/webdriver/troubleshooting/errors#no-such-element-exception\nStacktrace:\n#0 0x562c709ab6aa <unknown>\n#1 0x562c7067c600 <unknown>\n#2 0x562c706cbbcb <unknown>\n#3 0x562c706cbeb1 <unknown>\n#4 0x562c7070fb24 <unknown>\n#5 0x562c706ee8cd <unknown>\n#6 0x562c7070d04a <unknown>\n#7 0x562c706ee643 <unknown>\n#8 0x562c706bed31 <unknown>\n#9 0x562c706bf79e <unknown>\n#10 0x562c7097323b <unknown>\n#11 0x562c709771d2 <unknown>\n#12 0x562c709605f5 <unknown>\n#13 0x562c70977d62 <unknown>\n#14 0x562c7094523f <unknown>\n#15 0x562c7099ae48 <unknown>\n#16 0x562c7099b020 <unknown>\n#17 0x562c709aa47c <unknown>\n#18 0x7fc36babf134 <unknown>","statusTrace":"self = <tests.delivery.test_delivery_calculation.TestDeliveryPageCalculation object at 0x7faed9dc2150>\ndriver = <selenium.webdriver.chrome.webdriver.WebDriver (session=\"e547fb4a536c8bdaf6a5f5d5a11dba94\")>\nurl = 'https://sandboxtest.stroyrem-nn.ru/', case_id = 'TD 016'\nlink_item = 'products/shtukaturka-gipsovaya-aksolit-m50-30-kg-mashinnogo-naneseniya'\namount = 8, weight = 300, standard = 650, in_time = 2390, all_time = 3320\n\n    @pytest.mark.parametrize('case_id, link_item, amount, weight, standard, in_time, all_time', [\n        (\"TD 015\", bundeks_25, 1, 30, 650, 2390, 3320),\n        pytest.param(\n            \"TD 016\", aksolit_30, 8, 300, 650, 2390, 3320,\n            marks=pytest.mark.xfail(reson=\"Цена доставки: - - -\")\n        ),\n        (\"TD 017\", aksolit_30, 13, 400, 650, 2390, 3320),\n        (\"TD 018\", aksolit_30, 16, 500, 850, 2490, 3320),\n        (\"TD 019\", aksolit_30, 25, 1700, 1150, 2490, 3320),\n        (\"TD 020\", aksolit_30, 66, 2000, 1500, 2990, 3650),\n        (\"TD 021\", aksolit_30, 149, 4500, 2600, 4380, 4890),\n        (\"TD 022\", aksolit_30, 166, 5000, 2800, 5490, 5980),\n        pytest.param(\n            \"TD 023\", aksolit_30, 206, 6200, 3300, 7500, 8000,\n            marks=pytest.mark.xfail(reson=\"Цена доставки: 4300 9900 11440\")\n        ),\n        (\"TD 024\", aksolit_30, 299, 9000, 4300, 9900, 11440),\n        (\"TD 025\", aksolit_30, 333, 10000, 7000, 13900, 15900),\n        pytest.param(\n            \"TD 026\", aksolit_30, 366, 11000, 8000, 14900, 19900,\n            marks=pytest.mark.xfail(reson=\"Цена доставки: 7000 13900 15900\")\n        ),\n        pytest.param(\n            \"TD 027\", aksolit_30, 666, 20000, 14000, 16900, 23900,\n            marks=pytest.mark.xfail(reson=\"Цена доставки: 7000 13900 15900\")\n        )\n    ])\n    @pytest.mark.xfail\n    @pytest.mark.smoke_test\n    def test_positive_delivery_blue_zone_smoke(\n            self, driver, url, case_id, link_item, amount, weight, standard, in_time, all_time\n    ):\n        allure.dynamic.title(f\"{case_id} Доставка товара весом до {weight}кг. в синей зоне\")\n    \n        driver.get(f'{url}{link_item}')\n        item_page = ItemPage(driver)\n>       item_page.add_item_to_cart(amount).click_on_cart()\n\ntests/delivery/test_delivery_calculation.py:132: \n_ _ _ _ _ _ _ _ _ _ _ _ _ _ _ _ _ _ _ _ _ _ _ _ _ _ _ _ _ _ _ _ _ _ _ _ _ _ _ _ \npages/item_page.py:40: in add_item_to_cart\n    self.find_element(self._add_item).click()\nbase/seleniumbase.py:17: in find_element\n    return self.driver.find_element(*locator)\n/usr/local/lib/python3.11/site-packages/selenium/webdriver/remote/webdriver.py:739: in find_element\n    return self.execute(Command.FIND_ELEMENT, {\"using\": by, \"value\": value})[\"value\"]\n/usr/local/lib/python3.11/site-packages/selenium/webdriver/remote/webdriver.py:345: in execute\n    self.error_handler.check_response(response)\n_ _ _ _ _ _ _ _ _ _ _ _ _ _ _ _ _ _ _ _ _ _ _ _ _ _ _ _ _ _ _ _ _ _ _ _ _ _ _ _ \n\nself = <selenium.webdriver.remote.errorhandler.ErrorHandler object at 0x7faed8880b10>\nresponse = {'status': 404, 'value': '{\"value\":{\"error\":\"no such element\",\"message\":\"no such element: Unable to locate element: {\\...\\\\n#16 0x562c7099b020 \\\\u003Cunknown>\\\\n#17 0x562c709aa47c \\\\u003Cunknown>\\\\n#18 0x7fc36babf134 \\\\u003Cunknown>\\\\n\"}}'}\n\n    def check_response(self, response: Dict[str, Any]) -> None:\n        \"\"\"Checks that a JSON response from the WebDriver does not have an\n        error.\n    \n        :Args:\n         - response - The JSON response from the WebDriver server as a dictionary\n           object.\n    \n        :Raises: If the response contains an error message.\n        \"\"\"\n        status = response.get(\"status\", None)\n        if not status or status == ErrorCode.SUCCESS:\n            return\n        value = None\n        message = response.get(\"message\", \"\")\n        screen: str = response.get(\"screen\", \"\")\n        stacktrace = None\n        if isinstance(status, int):\n            value_json = response.get(\"value\", None)\n            if value_json and isinstance(value_json, str):\n                import json\n    \n                try:\n                    value = json.loads(value_json)\n                    if len(value) == 1:\n                        value = value[\"value\"]\n                    status = value.get(\"error\", None)\n                    if not status:\n                        status = value.get(\"status\", ErrorCode.UNKNOWN_ERROR)\n                        message = value.get(\"value\") or value.get(\"message\")\n                        if not isinstance(message, str):\n                            value = message\n                            message = message.get(\"message\")\n                    else:\n                        message = value.get(\"message\", None)\n                except ValueError:\n                    pass\n    \n        exception_class: Type[WebDriverException]\n        e = ErrorCode()\n        error_codes = [item for item in dir(e) if not item.startswith(\"__\")]\n        for error_code in error_codes:\n            error_info = getattr(ErrorCode, error_code)\n            if isinstance(error_info, list) and status in error_info:\n                exception_class = getattr(ExceptionMapping, error_code, WebDriverException)\n                break\n        else:\n            exception_class = WebDriverException\n    \n        if not value:\n            value = response[\"value\"]\n        if isinstance(value, str):\n            raise exception_class(value)\n        if message == \"\" and \"message\" in value:\n            message = value[\"message\"]\n    \n        screen = None  # type: ignore[assignment]\n        if \"screen\" in value:\n            screen = value[\"screen\"]\n    \n        stacktrace = None\n        st_value = value.get(\"stackTrace\") or value.get(\"stacktrace\")\n        if st_value:\n            if isinstance(st_value, str):\n                stacktrace = st_value.split(\"\\n\")\n            else:\n                stacktrace = []\n                try:\n                    for frame in st_value:\n                        line = frame.get(\"lineNumber\", \"\")\n                        file = frame.get(\"fileName\", \"<anonymous>\")\n                        if line:\n                            file = f\"{file}:{line}\"\n                        meth = frame.get(\"methodName\", \"<anonymous>\")\n                        if \"className\" in frame:\n                            meth = f\"{frame['className']}.{meth}\"\n                        msg = \"    at %s (%s)\"\n                        msg = msg % (meth, file)\n                        stacktrace.append(msg)\n                except TypeError:\n                    pass\n        if exception_class == UnexpectedAlertPresentException:\n            alert_text = None\n            if \"data\" in value:\n                alert_text = value[\"data\"].get(\"text\")\n            elif \"alert\" in value:\n                alert_text = value[\"alert\"].get(\"text\")\n            raise exception_class(message, screen, stacktrace, alert_text)  # type: ignore[call-arg]  # mypy is not smart enough here\n>       raise exception_class(message, screen, stacktrace)\nE       selenium.common.exceptions.NoSuchElementException: Message: no such element: Unable to locate element: {\"method\":\"xpath\",\"selector\":\"(//a[@class='add-to-cart yellow-btn'])[1]\"}\nE         (Session info: chrome-headless-shell=127.0.6533.99); For documentation on this error, please visit: https://www.selenium.dev/documentation/webdriver/troubleshooting/errors#no-such-element-exception\nE       Stacktrace:\nE       #0 0x562c709ab6aa <unknown>\nE       #1 0x562c7067c600 <unknown>\nE       #2 0x562c706cbbcb <unknown>\nE       #3 0x562c706cbeb1 <unknown>\nE       #4 0x562c7070fb24 <unknown>\nE       #5 0x562c706ee8cd <unknown>\nE       #6 0x562c7070d04a <unknown>\nE       #7 0x562c706ee643 <unknown>\nE       #8 0x562c706bed31 <unknown>\nE       #9 0x562c706bf79e <unknown>\nE       #10 0x562c7097323b <unknown>\nE       #11 0x562c709771d2 <unknown>\nE       #12 0x562c709605f5 <unknown>\nE       #13 0x562c70977d62 <unknown>\nE       #14 0x562c7094523f <unknown>\nE       #15 0x562c7099ae48 <unknown>\nE       #16 0x562c7099b020 <unknown>\nE       #17 0x562c709aa47c <unknown>\nE       #18 0x7fc36babf134 <unknown>\n\n/usr/local/lib/python3.11/site-packages/selenium/webdriver/remote/errorhandler.py:229: NoSuchElementException","steps":[{"name":"Добавляем товар в корзину в количестве 8","time":{"start":1723338428253,"stop":1723338428272,"duration":19},"status":"broken","statusMessage":"selenium.common.exceptions.NoSuchElementException: Message: no such element: Unable to locate element: {\"method\":\"xpath\",\"selector\":\"(//a[@class='add-to-cart yellow-btn'])[1]\"}\n  (Session info: chrome-headless-shell=127.0.6533.99); For documentation on this error, please visit: https://www.selenium.dev/documentation/webdriver/troubleshooting/errors#no-such-element-exception\nStacktrace:\n#0 0x562c709ab6aa <unknown>\n#1 0x562c7067c600 <unknown>\n#2 0x562c706cbbcb <unknown>\n#3 0x562c706cbeb1 <unknown>\n#4 0x562c7070fb24 <unknown>\n#5 0x562c706ee8cd <unknown>\n#6 0x562c7070d04a <unknown>\n#7 0x562c706ee643 <unknown>\n#8 0x562c706bed31 <unknown>\n#9 0x562c706bf79e <unknown>\n#10 0x562c7097323b <unknown>\n#11 0x562c709771d2 <unknown>\n#12 0x562c709605f5 <unknown>\n#13 0x562c70977d62 <unknown>\n#14 0x562c7094523f <unknown>\n#15 0x562c7099ae48 <unknown>\n#16 0x562c7099b020 <unknown>\n#17 0x562c709aa47c <unknown>\n#18 0x7fc36babf134 <unknown>\n\n","statusTrace":"  File \"/usr/local/lib/python3.11/site-packages/allure_commons/_allure.py\", line 192, in impl\n    return func(*a, **kw)\n           ^^^^^^^^^^^^^^\n  File \"/app/pages/item_page.py\", line 40, in add_item_to_cart\n    self.find_element(self._add_item).click()\n    ^^^^^^^^^^^^^^^^^^^^^^^^^^^^^^^^^\n  File \"/app/base/seleniumbase.py\", line 17, in find_element\n    return self.driver.find_element(*locator)\n           ^^^^^^^^^^^^^^^^^^^^^^^^^^^^^^^^^^\n  File \"/usr/local/lib/python3.11/site-packages/selenium/webdriver/remote/webdriver.py\", line 739, in find_element\n    return self.execute(Command.FIND_ELEMENT, {\"using\": by, \"value\": value})[\"value\"]\n           ^^^^^^^^^^^^^^^^^^^^^^^^^^^^^^^^^^^^^^^^^^^^^^^^^^^^^^^^^^^^^^^^^\n  File \"/usr/local/lib/python3.11/site-packages/selenium/webdriver/remote/webdriver.py\", line 345, in execute\n    self.error_handler.check_response(response)\n  File \"/usr/local/lib/python3.11/site-packages/selenium/webdriver/remote/errorhandler.py\", line 229, in check_response\n    raise exception_class(message, screen, stacktrace)\n","steps":[],"attachments":[],"parameters":[{"name":"amount","value":"8"}],"shouldDisplayMessage":true,"stepsCount":0,"attachmentsCount":0,"hasContent":true,"attachmentStep":false}],"attachments":[{"uid":"e39a0e116f6366bd","name":"Screenshot","source":"e39a0e116f6366bd.png","type":"image/png","size":4720},{"uid":"ea42907e5791482f","name":"HTML source","source":"ea42907e5791482f.html","type":"text/html","size":39}],"parameters":[],"shouldDisplayMessage":true,"stepsCount":1,"attachmentsCount":2,"hasContent":true,"attachmentStep":false},"afterStages":[{"name":"setup::0","time":{"start":1723338428381,"stop":1723338428381,"duration":0},"status":"passed","steps":[],"attachments":[],"parameters":[],"shouldDisplayMessage":false,"stepsCount":0,"attachmentsCount":0,"hasContent":false,"attachmentStep":false},{"name":"driver::0","time":{"start":1723338428381,"stop":1723338428444,"duration":63},"status":"passed","steps":[],"attachments":[],"parameters":[],"shouldDisplayMessage":false,"stepsCount":0,"attachmentsCount":0,"hasContent":false,"attachmentStep":false}],"labels":[{"name":"epic","value":"Delivery Page - calculation"},{"name":"tag","value":"smoke_test"},{"name":"tag","value":"@pytest.mark.xfail"},{"name":"parentSuite","value":"tests.delivery"},{"name":"suite","value":"test_delivery_calculation"},{"name":"subSuite","value":"TestDeliveryPageCalculation"},{"name":"host","value":"46675fc1aaf9"},{"name":"thread","value":"1-MainThread"},{"name":"framework","value":"pytest"},{"name":"language","value":"cpython3"},{"name":"package","value":"tests.delivery.test_delivery_calculation"},{"name":"resultFormat","value":"allure2"}],"parameters":[{"name":"all_time","value":"3320"},{"name":"amount","value":"8"},{"name":"case_id","value":"'TD 016'"},{"name":"in_time","value":"2390"},{"name":"link_item","value":"'products/shtukaturka-gipsovaya-aksolit-m50-30-kg-mashinnogo-naneseniya'"},{"name":"standard","value":"650"},{"name":"url","value":"'https://sandboxtest.stroyrem-nn.ru/'"},{"name":"weight","value":"300"}],"links":[],"hidden":false,"retry":false,"extra":{"severity":"normal","retries":[],"categories":[],"history":{"statistic":{"failed":0,"broken":0,"skipped":74,"passed":0,"unknown":0,"total":74},"items":[{"uid":"510165d92abe7d67","reportUrl":"https://Nat754.github.io/StroyremAutomation/395//#testresult/510165d92abe7d67","status":"skipped","statusDetails":"XFAIL\n\nselenium.common.exceptions.NoSuchElementException: Message: no such element: Unable to locate element: {\"method\":\"xpath\",\"selector\":\"(//a[@class='add-to-cart yellow-btn'])[1]\"}\n  (Session info: chrome-headless-shell=127.0.6533.99); For documentation on this error, please visit: https://www.selenium.dev/documentation/webdriver/troubleshooting/errors#no-such-element-exception\nStacktrace:\n#0 0x560eb4fa56aa <unknown>\n#1 0x560eb4c76600 <unknown>\n#2 0x560eb4cc5bcb <unknown>\n#3 0x560eb4cc5eb1 <unknown>\n#4 0x560eb4d09b24 <unknown>\n#5 0x560eb4ce88cd <unknown>\n#6 0x560eb4d0704a <unknown>\n#7 0x560eb4ce8643 <unknown>\n#8 0x560eb4cb8d31 <unknown>\n#9 0x560eb4cb979e <unknown>\n#10 0x560eb4f6d23b <unknown>\n#11 0x560eb4f711d2 <unknown>\n#12 0x560eb4f5a5f5 <unknown>\n#13 0x560eb4f71d62 <unknown>\n#14 0x560eb4f3f23f <unknown>\n#15 0x560eb4f94e48 <unknown>\n#16 0x560eb4f95020 <unknown>\n#17 0x560eb4fa447c <unknown>\n#18 0x7f213d83e134 <unknown>","time":{"start":1723251659119,"stop":1723251659524,"duration":405}},{"uid":"3669a2197d1a2ef","reportUrl":"https://Nat754.github.io/StroyremAutomation/394//#testresult/3669a2197d1a2ef","status":"skipped","statusDetails":"XFAIL\n\nselenium.common.exceptions.NoSuchElementException: Message: no such element: Unable to locate element: {\"method\":\"xpath\",\"selector\":\"(//a[@class='add-to-cart yellow-btn'])[1]\"}\n  (Session info: chrome-headless-shell=127.0.6533.99); For documentation on this error, please visit: https://www.selenium.dev/documentation/webdriver/troubleshooting/errors#no-such-element-exception\nStacktrace:\n#0 0x55595b8a56aa <unknown>\n#1 0x55595b576600 <unknown>\n#2 0x55595b5c5bcb <unknown>\n#3 0x55595b5c5eb1 <unknown>\n#4 0x55595b609b24 <unknown>\n#5 0x55595b5e88cd <unknown>\n#6 0x55595b60704a <unknown>\n#7 0x55595b5e8643 <unknown>\n#8 0x55595b5b8d31 <unknown>\n#9 0x55595b5b979e <unknown>\n#10 0x55595b86d23b <unknown>\n#11 0x55595b8711d2 <unknown>\n#12 0x55595b85a5f5 <unknown>\n#13 0x55595b871d62 <unknown>\n#14 0x55595b83f23f <unknown>\n#15 0x55595b894e48 <unknown>\n#16 0x55595b895020 <unknown>\n#17 0x55595b8a447c <unknown>\n#18 0x7f84d3549134 <unknown>","time":{"start":1723165325343,"stop":1723165325641,"duration":298}},{"uid":"4a5f363d80953178","reportUrl":"https://Nat754.github.io/StroyremAutomation/393//#testresult/4a5f363d80953178","status":"skipped","statusDetails":"XFAIL\n\nselenium.common.exceptions.NoSuchElementException: Message: no such element: Unable to locate element: {\"method\":\"xpath\",\"selector\":\"(//a[@class='add-to-cart yellow-btn'])[1]\"}\n  (Session info: chrome-headless-shell=127.0.6533.99); For documentation on this error, please visit: https://www.selenium.dev/documentation/webdriver/troubleshooting/errors#no-such-element-exception\nStacktrace:\n#0 0x556cf1cf36aa <unknown>\n#1 0x556cf19c4600 <unknown>\n#2 0x556cf1a13bcb <unknown>\n#3 0x556cf1a13eb1 <unknown>\n#4 0x556cf1a57b24 <unknown>\n#5 0x556cf1a368cd <unknown>\n#6 0x556cf1a5504a <unknown>\n#7 0x556cf1a36643 <unknown>\n#8 0x556cf1a06d31 <unknown>\n#9 0x556cf1a0779e <unknown>\n#10 0x556cf1cbb23b <unknown>\n#11 0x556cf1cbf1d2 <unknown>\n#12 0x556cf1ca85f5 <unknown>\n#13 0x556cf1cbfd62 <unknown>\n#14 0x556cf1c8d23f <unknown>\n#15 0x556cf1ce2e48 <unknown>\n#16 0x556cf1ce3020 <unknown>\n#17 0x556cf1cf247c <unknown>\n#18 0x7fdad1b68134 <unknown>","time":{"start":1723078898386,"stop":1723078898797,"duration":411}},{"uid":"43180cf459aae9d0","reportUrl":"https://Nat754.github.io/StroyremAutomation/392//#testresult/43180cf459aae9d0","status":"skipped","statusDetails":"XFAIL\n\nselenium.common.exceptions.NoSuchElementException: Message: no such element: Unable to locate element: {\"method\":\"xpath\",\"selector\":\"(//a[@class='add-to-cart yellow-btn'])[1]\"}\n  (Session info: chrome-headless-shell=127.0.6533.99); For documentation on this error, please visit: https://www.selenium.dev/documentation/webdriver/troubleshooting/errors#no-such-element-exception\nStacktrace:\n#0 0x559e3f9da6aa <unknown>\n#1 0x559e3f6ab600 <unknown>\n#2 0x559e3f6fabcb <unknown>\n#3 0x559e3f6faeb1 <unknown>\n#4 0x559e3f73eb24 <unknown>\n#5 0x559e3f71d8cd <unknown>\n#6 0x559e3f73c04a <unknown>\n#7 0x559e3f71d643 <unknown>\n#8 0x559e3f6edd31 <unknown>\n#9 0x559e3f6ee79e <unknown>\n#10 0x559e3f9a223b <unknown>\n#11 0x559e3f9a61d2 <unknown>\n#12 0x559e3f98f5f5 <unknown>\n#13 0x559e3f9a6d62 <unknown>\n#14 0x559e3f97423f <unknown>\n#15 0x559e3f9c9e48 <unknown>\n#16 0x559e3f9ca020 <unknown>\n#17 0x559e3f9d947c <unknown>\n#18 0x7fe895964134 <unknown>","time":{"start":1722992548207,"stop":1722992548667,"duration":460}},{"uid":"1e8ffd827a060dfa","reportUrl":"https://Nat754.github.io/StroyremAutomation/391//#testresult/1e8ffd827a060dfa","status":"skipped","statusDetails":"XFAIL\n\nselenium.common.exceptions.NoSuchElementException: Message: no such element: Unable to locate element: {\"method\":\"xpath\",\"selector\":\"(//a[@class='add-to-cart yellow-btn'])[1]\"}\n  (Session info: chrome-headless-shell=127.0.6533.88); For documentation on this error, please visit: https://www.selenium.dev/documentation/webdriver/troubleshooting/errors#no-such-element-exception\nStacktrace:\n#0 0x55a832b9c71a <unknown>\n#1 0x55a83286d640 <unknown>\n#2 0x55a8328bcc0b <unknown>\n#3 0x55a8328bcef1 <unknown>\n#4 0x55a832900b64 <unknown>\n#5 0x55a8328df90d <unknown>\n#6 0x55a8328fe08a <unknown>\n#7 0x55a8328df683 <unknown>\n#8 0x55a8328afd71 <unknown>\n#9 0x55a8328b07de <unknown>\n#10 0x55a832b642ab <unknown>\n#11 0x55a832b68242 <unknown>\n#12 0x55a832b51665 <unknown>\n#13 0x55a832b68dd2 <unknown>\n#14 0x55a832b362af <unknown>\n#15 0x55a832b8beb8 <unknown>\n#16 0x55a832b8c090 <unknown>\n#17 0x55a832b9b4ec <unknown>\n#18 0x7fa7644f0134 <unknown>","time":{"start":1722906064367,"stop":1722906064904,"duration":537}},{"uid":"55f077f4407054b5","reportUrl":"https://Nat754.github.io/StroyremAutomation/390//#testresult/55f077f4407054b5","status":"skipped","statusDetails":"XFAIL\n\nselenium.common.exceptions.NoSuchElementException: Message: no such element: Unable to locate element: {\"method\":\"xpath\",\"selector\":\"(//a[@class='add-to-cart yellow-btn'])[1]\"}\n  (Session info: chrome-headless-shell=127.0.6533.88); For documentation on this error, please visit: https://www.selenium.dev/documentation/webdriver/troubleshooting/errors#no-such-element-exception\nStacktrace:\n#0 0x55ff87db771a <unknown>\n#1 0x55ff87a88640 <unknown>\n#2 0x55ff87ad7c0b <unknown>\n#3 0x55ff87ad7ef1 <unknown>\n#4 0x55ff87b1bb64 <unknown>\n#5 0x55ff87afa90d <unknown>\n#6 0x55ff87b1908a <unknown>\n#7 0x55ff87afa683 <unknown>\n#8 0x55ff87acad71 <unknown>\n#9 0x55ff87acb7de <unknown>\n#10 0x55ff87d7f2ab <unknown>\n#11 0x55ff87d83242 <unknown>\n#12 0x55ff87d6c665 <unknown>\n#13 0x55ff87d83dd2 <unknown>\n#14 0x55ff87d512af <unknown>\n#15 0x55ff87da6eb8 <unknown>\n#16 0x55ff87da7090 <unknown>\n#17 0x55ff87db64ec <unknown>\n#18 0x7f0affa63134 <unknown>","time":{"start":1722819772679,"stop":1722819772979,"duration":300}},{"uid":"fa2e9edb45d62c10","reportUrl":"https://Nat754.github.io/StroyremAutomation/389//#testresult/fa2e9edb45d62c10","status":"skipped","statusDetails":"XFAIL\n\nselenium.common.exceptions.NoSuchElementException: Message: no such element: Unable to locate element: {\"method\":\"xpath\",\"selector\":\"(//a[@class='add-to-cart yellow-btn'])[1]\"}\n  (Session info: chrome-headless-shell=127.0.6533.88); For documentation on this error, please visit: https://www.selenium.dev/documentation/webdriver/troubleshooting/errors#no-such-element-exception\nStacktrace:\n#0 0x55d206c9e71a <unknown>\n#1 0x55d20696f640 <unknown>\n#2 0x55d2069bec0b <unknown>\n#3 0x55d2069beef1 <unknown>\n#4 0x55d206a02b64 <unknown>\n#5 0x55d2069e190d <unknown>\n#6 0x55d206a0008a <unknown>\n#7 0x55d2069e1683 <unknown>\n#8 0x55d2069b1d71 <unknown>\n#9 0x55d2069b27de <unknown>\n#10 0x55d206c662ab <unknown>\n#11 0x55d206c6a242 <unknown>\n#12 0x55d206c53665 <unknown>\n#13 0x55d206c6add2 <unknown>\n#14 0x55d206c382af <unknown>\n#15 0x55d206c8deb8 <unknown>\n#16 0x55d206c8e090 <unknown>\n#17 0x55d206c9d4ec <unknown>\n#18 0x7f1756580134 <unknown>","time":{"start":1722733550398,"stop":1722733550837,"duration":439}},{"uid":"f86671bc82bfcf17","reportUrl":"https://Nat754.github.io/StroyremAutomation/388//#testresult/f86671bc82bfcf17","status":"skipped","statusDetails":"XFAIL\n\nselenium.common.exceptions.NoSuchElementException: Message: no such element: Unable to locate element: {\"method\":\"xpath\",\"selector\":\"(//a[@class='add-to-cart yellow-btn'])[1]\"}\n  (Session info: chrome-headless-shell=127.0.6533.88); For documentation on this error, please visit: https://www.selenium.dev/documentation/webdriver/troubleshooting/errors#no-such-element-exception\nStacktrace:\n#0 0x56234860171a <unknown>\n#1 0x5623482d2640 <unknown>\n#2 0x562348321c0b <unknown>\n#3 0x562348321ef1 <unknown>\n#4 0x562348365b64 <unknown>\n#5 0x56234834490d <unknown>\n#6 0x56234836308a <unknown>\n#7 0x562348344683 <unknown>\n#8 0x562348314d71 <unknown>\n#9 0x5623483157de <unknown>\n#10 0x5623485c92ab <unknown>\n#11 0x5623485cd242 <unknown>\n#12 0x5623485b6665 <unknown>\n#13 0x5623485cddd2 <unknown>\n#14 0x56234859b2af <unknown>\n#15 0x5623485f0eb8 <unknown>\n#16 0x5623485f1090 <unknown>\n#17 0x5623486004ec <unknown>\n#18 0x7f3520720134 <unknown>","time":{"start":1722646852863,"stop":1722646853287,"duration":424}},{"uid":"eb6a173e5e9dd213","reportUrl":"https://Nat754.github.io/StroyremAutomation/387//#testresult/eb6a173e5e9dd213","status":"skipped","statusDetails":"XFAIL\n\nselenium.common.exceptions.NoSuchElementException: Message: no such element: Unable to locate element: {\"method\":\"xpath\",\"selector\":\"(//a[@class='add-to-cart yellow-btn'])[1]\"}\n  (Session info: chrome-headless-shell=127.0.6533.88); For documentation on this error, please visit: https://www.selenium.dev/documentation/webdriver/troubleshooting/errors#no-such-element-exception\nStacktrace:\n#0 0x558f2aa3771a <unknown>\n#1 0x558f2a708640 <unknown>\n#2 0x558f2a757c0b <unknown>\n#3 0x558f2a757ef1 <unknown>\n#4 0x558f2a79bb64 <unknown>\n#5 0x558f2a77a90d <unknown>\n#6 0x558f2a79908a <unknown>\n#7 0x558f2a77a683 <unknown>\n#8 0x558f2a74ad71 <unknown>\n#9 0x558f2a74b7de <unknown>\n#10 0x558f2a9ff2ab <unknown>\n#11 0x558f2aa03242 <unknown>\n#12 0x558f2a9ec665 <unknown>\n#13 0x558f2aa03dd2 <unknown>\n#14 0x558f2a9d12af <unknown>\n#15 0x558f2aa26eb8 <unknown>\n#16 0x558f2aa27090 <unknown>\n#17 0x558f2aa364ec <unknown>\n#18 0x7f08368cf134 <unknown>","time":{"start":1722560436110,"stop":1722560436404,"duration":294}},{"uid":"d66c71ed61429534","reportUrl":"https://Nat754.github.io/StroyremAutomation/386//#testresult/d66c71ed61429534","status":"skipped","statusDetails":"XFAIL\n\nselenium.common.exceptions.NoSuchElementException: Message: no such element: Unable to locate element: {\"method\":\"xpath\",\"selector\":\"(//a[@class='add-to-cart yellow-btn'])[1]\"}\n  (Session info: chrome-headless-shell=127.0.6533.88); For documentation on this error, please visit: https://www.selenium.dev/documentation/webdriver/troubleshooting/errors#no-such-element-exception\nStacktrace:\n#0 0x56290314671a <unknown>\n#1 0x562902e17640 <unknown>\n#2 0x562902e66c0b <unknown>\n#3 0x562902e66ef1 <unknown>\n#4 0x562902eaab64 <unknown>\n#5 0x562902e8990d <unknown>\n#6 0x562902ea808a <unknown>\n#7 0x562902e89683 <unknown>\n#8 0x562902e59d71 <unknown>\n#9 0x562902e5a7de <unknown>\n#10 0x56290310e2ab <unknown>\n#11 0x562903112242 <unknown>\n#12 0x5629030fb665 <unknown>\n#13 0x562903112dd2 <unknown>\n#14 0x5629030e02af <unknown>\n#15 0x562903135eb8 <unknown>\n#16 0x562903136090 <unknown>\n#17 0x5629031454ec <unknown>\n#18 0x7f7df0617134 <unknown>","time":{"start":1722474341660,"stop":1722474341988,"duration":328}},{"uid":"724e48587d9034ef","reportUrl":"https://Nat754.github.io/StroyremAutomation/385//#testresult/724e48587d9034ef","status":"skipped","statusDetails":"XFAIL\n\nselenium.common.exceptions.NoSuchElementException: Message: no such element: Unable to locate element: {\"method\":\"xpath\",\"selector\":\"(//a[@class='add-to-cart yellow-btn'])[1]\"}\n  (Session info: chrome-headless-shell=127.0.6533.88); For documentation on this error, please visit: https://www.selenium.dev/documentation/webdriver/troubleshooting/errors#no-such-element-exception\nStacktrace:\n#0 0x5563ec65071a <unknown>\n#1 0x5563ec321640 <unknown>\n#2 0x5563ec370c0b <unknown>\n#3 0x5563ec370ef1 <unknown>\n#4 0x5563ec3b4b64 <unknown>\n#5 0x5563ec39390d <unknown>\n#6 0x5563ec3b208a <unknown>\n#7 0x5563ec393683 <unknown>\n#8 0x5563ec363d71 <unknown>\n#9 0x5563ec3647de <unknown>\n#10 0x5563ec6182ab <unknown>\n#11 0x5563ec61c242 <unknown>\n#12 0x5563ec605665 <unknown>\n#13 0x5563ec61cdd2 <unknown>\n#14 0x5563ec5ea2af <unknown>\n#15 0x5563ec63feb8 <unknown>\n#16 0x5563ec640090 <unknown>\n#17 0x5563ec64f4ec <unknown>\n#18 0x7fafe45cd134 <unknown>","time":{"start":1722387036208,"stop":1722387036505,"duration":297}},{"uid":"79881dd14c431f05","reportUrl":"https://Nat754.github.io/StroyremAutomation/384//#testresult/79881dd14c431f05","status":"skipped","statusDetails":"XFAIL\n\nselenium.common.exceptions.NoSuchElementException: Message: no such element: Unable to locate element: {\"method\":\"xpath\",\"selector\":\"(//a[@class='add-to-cart yellow-btn'])[1]\"}\n  (Session info: chrome-headless-shell=127.0.6533.72); For documentation on this error, please visit: https://www.selenium.dev/documentation/webdriver/troubleshooting/errors#no-such-element-exception\nStacktrace:\n#0 0x560d89a166ba <unknown>\n#1 0x560d896e6730 <unknown>\n#2 0x560d89735d9b <unknown>\n#3 0x560d89736081 <unknown>\n#4 0x560d89779cd4 <unknown>\n#5 0x560d89758a7d <unknown>\n#6 0x560d897771ca <unknown>\n#7 0x560d897587f3 <unknown>\n#8 0x560d89728ec9 <unknown>\n#9 0x560d8972991e <unknown>\n#10 0x560d899dc9eb <unknown>\n#11 0x560d899e0972 <unknown>\n#12 0x560d899c9e15 <unknown>\n#13 0x560d899e1502 <unknown>\n#14 0x560d899aed2f <unknown>\n#15 0x560d89a05578 <unknown>\n#16 0x560d89a05750 <unknown>\n#17 0x560d89a1548c <unknown>\n#18 0x7f74e2ff2134 <unknown>","time":{"start":1722301220998,"stop":1722301221555,"duration":557}},{"uid":"1ed2cdafd7f0d94","reportUrl":"https://Nat754.github.io/StroyremAutomation/383//#testresult/1ed2cdafd7f0d94","status":"skipped","statusDetails":"XFAIL\n\nselenium.common.exceptions.NoSuchElementException: Message: no such element: Unable to locate element: {\"method\":\"xpath\",\"selector\":\"(//a[@class='add-to-cart yellow-btn'])[1]\"}\n  (Session info: chrome-headless-shell=127.0.6533.72); For documentation on this error, please visit: https://www.selenium.dev/documentation/webdriver/troubleshooting/errors#no-such-element-exception\nStacktrace:\n#0 0x55cca5a466ba <unknown>\n#1 0x55cca5716730 <unknown>\n#2 0x55cca5765d9b <unknown>\n#3 0x55cca5766081 <unknown>\n#4 0x55cca57a9cd4 <unknown>\n#5 0x55cca5788a7d <unknown>\n#6 0x55cca57a71ca <unknown>\n#7 0x55cca57887f3 <unknown>\n#8 0x55cca5758ec9 <unknown>\n#9 0x55cca575991e <unknown>\n#10 0x55cca5a0c9eb <unknown>\n#11 0x55cca5a10972 <unknown>\n#12 0x55cca59f9e15 <unknown>\n#13 0x55cca5a11502 <unknown>\n#14 0x55cca59ded2f <unknown>\n#15 0x55cca5a35578 <unknown>\n#16 0x55cca5a35750 <unknown>\n#17 0x55cca5a4548c <unknown>\n#18 0x7f5faa3d7134 <unknown>","time":{"start":1722214914845,"stop":1722214915150,"duration":305}},{"uid":"c95dc8dde476b89d","reportUrl":"https://Nat754.github.io/StroyremAutomation/382//#testresult/c95dc8dde476b89d","status":"skipped","statusDetails":"XFAIL\n\nselenium.common.exceptions.NoSuchElementException: Message: no such element: Unable to locate element: {\"method\":\"xpath\",\"selector\":\"(//a[@class='add-to-cart yellow-btn'])[1]\"}\n  (Session info: chrome-headless-shell=127.0.6533.72); For documentation on this error, please visit: https://www.selenium.dev/documentation/webdriver/troubleshooting/errors#no-such-element-exception\nStacktrace:\n#0 0x55d9cbdf16ba <unknown>\n#1 0x55d9cbac1730 <unknown>\n#2 0x55d9cbb10d9b <unknown>\n#3 0x55d9cbb11081 <unknown>\n#4 0x55d9cbb54cd4 <unknown>\n#5 0x55d9cbb33a7d <unknown>\n#6 0x55d9cbb521ca <unknown>\n#7 0x55d9cbb337f3 <unknown>\n#8 0x55d9cbb03ec9 <unknown>\n#9 0x55d9cbb0491e <unknown>\n#10 0x55d9cbdb79eb <unknown>\n#11 0x55d9cbdbb972 <unknown>\n#12 0x55d9cbda4e15 <unknown>\n#13 0x55d9cbdbc502 <unknown>\n#14 0x55d9cbd89d2f <unknown>\n#15 0x55d9cbde0578 <unknown>\n#16 0x55d9cbde0750 <unknown>\n#17 0x55d9cbdf048c <unknown>\n#18 0x7fbd987ec134 <unknown>","time":{"start":1722128709451,"stop":1722128709782,"duration":331}},{"uid":"db7e7a15c038f4fc","reportUrl":"https://Nat754.github.io/StroyremAutomation/381//#testresult/db7e7a15c038f4fc","status":"skipped","statusDetails":"XFAIL\n\nselenium.common.exceptions.NoSuchElementException: Message: no such element: Unable to locate element: {\"method\":\"xpath\",\"selector\":\"(//a[@class='add-to-cart yellow-btn'])[1]\"}\n  (Session info: chrome-headless-shell=127.0.6533.72); For documentation on this error, please visit: https://www.selenium.dev/documentation/webdriver/troubleshooting/errors#no-such-element-exception\nStacktrace:\n#0 0x55de401566ba <unknown>\n#1 0x55de3fe26730 <unknown>\n#2 0x55de3fe75d9b <unknown>\n#3 0x55de3fe76081 <unknown>\n#4 0x55de3feb9cd4 <unknown>\n#5 0x55de3fe98a7d <unknown>\n#6 0x55de3feb71ca <unknown>\n#7 0x55de3fe987f3 <unknown>\n#8 0x55de3fe68ec9 <unknown>\n#9 0x55de3fe6991e <unknown>\n#10 0x55de4011c9eb <unknown>\n#11 0x55de40120972 <unknown>\n#12 0x55de40109e15 <unknown>\n#13 0x55de40121502 <unknown>\n#14 0x55de400eed2f <unknown>\n#15 0x55de40145578 <unknown>\n#16 0x55de40145750 <unknown>\n#17 0x55de4015548c <unknown>\n#18 0x7f2ee7d66134 <unknown>","time":{"start":1722041977144,"stop":1722041977559,"duration":415}},{"uid":"44396eaf2a93a4c5","reportUrl":"https://Nat754.github.io/StroyremAutomation/380//#testresult/44396eaf2a93a4c5","status":"skipped","statusDetails":"XFAIL\n\nselenium.common.exceptions.NoSuchElementException: Message: no such element: Unable to locate element: {\"method\":\"xpath\",\"selector\":\"(//a[@class='add-to-cart yellow-btn'])[1]\"}\n  (Session info: chrome-headless-shell=127.0.6533.72); For documentation on this error, please visit: https://www.selenium.dev/documentation/webdriver/troubleshooting/errors#no-such-element-exception\nStacktrace:\n#0 0x555eaf67c6ba <unknown>\n#1 0x555eaf34c730 <unknown>\n#2 0x555eaf39bd9b <unknown>\n#3 0x555eaf39c081 <unknown>\n#4 0x555eaf3dfcd4 <unknown>\n#5 0x555eaf3bea7d <unknown>\n#6 0x555eaf3dd1ca <unknown>\n#7 0x555eaf3be7f3 <unknown>\n#8 0x555eaf38eec9 <unknown>\n#9 0x555eaf38f91e <unknown>\n#10 0x555eaf6429eb <unknown>\n#11 0x555eaf646972 <unknown>\n#12 0x555eaf62fe15 <unknown>\n#13 0x555eaf647502 <unknown>\n#14 0x555eaf614d2f <unknown>\n#15 0x555eaf66b578 <unknown>\n#16 0x555eaf66b750 <unknown>\n#17 0x555eaf67b48c <unknown>\n#18 0x7f590f937134 <unknown>","time":{"start":1721955585205,"stop":1721955585825,"duration":620}},{"uid":"f90b83410a98a230","reportUrl":"https://Nat754.github.io/StroyremAutomation/379//#testresult/f90b83410a98a230","status":"skipped","statusDetails":"XFAIL\n\nselenium.common.exceptions.NoSuchElementException: Message: no such element: Unable to locate element: {\"method\":\"xpath\",\"selector\":\"(//a[@class='add-to-cart yellow-btn'])[1]\"}\n  (Session info: chrome-headless-shell=127.0.6533.72); For documentation on this error, please visit: https://www.selenium.dev/documentation/webdriver/troubleshooting/errors#no-such-element-exception\nStacktrace:\n#0 0x5633ba6cd6ba <unknown>\n#1 0x5633ba39d730 <unknown>\n#2 0x5633ba3ecd9b <unknown>\n#3 0x5633ba3ed081 <unknown>\n#4 0x5633ba430cd4 <unknown>\n#5 0x5633ba40fa7d <unknown>\n#6 0x5633ba42e1ca <unknown>\n#7 0x5633ba40f7f3 <unknown>\n#8 0x5633ba3dfec9 <unknown>\n#9 0x5633ba3e091e <unknown>\n#10 0x5633ba6939eb <unknown>\n#11 0x5633ba697972 <unknown>\n#12 0x5633ba680e15 <unknown>\n#13 0x5633ba698502 <unknown>\n#14 0x5633ba665d2f <unknown>\n#15 0x5633ba6bc578 <unknown>\n#16 0x5633ba6bc750 <unknown>\n#17 0x5633ba6cc48c <unknown>\n#18 0x7f75f51b2134 <unknown>","time":{"start":1721869262540,"stop":1721869262970,"duration":430}},{"uid":"e984b72ff0d80c45","reportUrl":"https://Nat754.github.io/StroyremAutomation/378//#testresult/e984b72ff0d80c45","status":"skipped","statusDetails":"XFAIL\n\nselenium.common.exceptions.NoSuchElementException: Message: no such element: Unable to locate element: {\"method\":\"xpath\",\"selector\":\"(//a[@class='add-to-cart yellow-btn'])[1]\"}\n  (Session info: chrome-headless-shell=127.0.6533.72); For documentation on this error, please visit: https://www.selenium.dev/documentation/webdriver/troubleshooting/errors#no-such-element-exception\nStacktrace:\n#0 0x55e30603e6ba <unknown>\n#1 0x55e305d0e730 <unknown>\n#2 0x55e305d5dd9b <unknown>\n#3 0x55e305d5e081 <unknown>\n#4 0x55e305da1cd4 <unknown>\n#5 0x55e305d80a7d <unknown>\n#6 0x55e305d9f1ca <unknown>\n#7 0x55e305d807f3 <unknown>\n#8 0x55e305d50ec9 <unknown>\n#9 0x55e305d5191e <unknown>\n#10 0x55e3060049eb <unknown>\n#11 0x55e306008972 <unknown>\n#12 0x55e305ff1e15 <unknown>\n#13 0x55e306009502 <unknown>\n#14 0x55e305fd6d2f <unknown>\n#15 0x55e30602d578 <unknown>\n#16 0x55e30602d750 <unknown>\n#17 0x55e30603d48c <unknown>\n#18 0x7f0dc482b134 <unknown>","time":{"start":1721782915476,"stop":1721782915881,"duration":405}},{"uid":"3d803cff44a386ee","reportUrl":"https://Nat754.github.io/StroyremAutomation/377//#testresult/3d803cff44a386ee","status":"skipped","statusDetails":"XFAIL\n\nselenium.common.exceptions.NoSuchElementException: Message: no such element: Unable to locate element: {\"method\":\"xpath\",\"selector\":\"(//a[@class='add-to-cart yellow-btn'])[1]\"}\n  (Session info: chrome-headless-shell=126.0.6478.182); For documentation on this error, please visit: https://www.selenium.dev/documentation/webdriver/troubleshooting/errors#no-such-element-exception\nStacktrace:\n#0 0x5654aee47c5a <unknown>\n#1 0x5654aeb2ae2c <unknown>\n#2 0x5654aeb77661 <unknown>\n#3 0x5654aeb77751 <unknown>\n#4 0x5654aebbbf64 <unknown>\n#5 0x5654aeb9a5ed <unknown>\n#6 0x5654aebb9303 <unknown>\n#7 0x5654aeb9a363 <unknown>\n#8 0x5654aeb6a247 <unknown>\n#9 0x5654aeb6ab9e <unknown>\n#10 0x5654aee0e22b <unknown>\n#11 0x5654aee122d1 <unknown>\n#12 0x5654aedf9ade <unknown>\n#13 0x5654aee12e32 <unknown>\n#14 0x5654aedde77f <unknown>\n#15 0x5654aee37618 <unknown>\n#16 0x5654aee377f0 <unknown>\n#17 0x5654aee46d8c <unknown>\n#18 0x7f6f02099134 <unknown>","time":{"start":1721696479031,"stop":1721696479429,"duration":398}},{"uid":"e73e97d63bfa4245","reportUrl":"https://Nat754.github.io/StroyremAutomation/376//#testresult/e73e97d63bfa4245","status":"skipped","statusDetails":"XFAIL\n\nselenium.common.exceptions.NoSuchElementException: Message: no such element: Unable to locate element: {\"method\":\"xpath\",\"selector\":\"(//a[@class='add-to-cart yellow-btn'])[1]\"}\n  (Session info: chrome-headless-shell=126.0.6478.182); For documentation on this error, please visit: https://www.selenium.dev/documentation/webdriver/troubleshooting/errors#no-such-element-exception\nStacktrace:\n#0 0x5633b1fedc5a <unknown>\n#1 0x5633b1cd0e2c <unknown>\n#2 0x5633b1d1d661 <unknown>\n#3 0x5633b1d1d751 <unknown>\n#4 0x5633b1d61f64 <unknown>\n#5 0x5633b1d405ed <unknown>\n#6 0x5633b1d5f303 <unknown>\n#7 0x5633b1d40363 <unknown>\n#8 0x5633b1d10247 <unknown>\n#9 0x5633b1d10b9e <unknown>\n#10 0x5633b1fb422b <unknown>\n#11 0x5633b1fb82d1 <unknown>\n#12 0x5633b1f9fade <unknown>\n#13 0x5633b1fb8e32 <unknown>\n#14 0x5633b1f8477f <unknown>\n#15 0x5633b1fdd618 <unknown>\n#16 0x5633b1fdd7f0 <unknown>\n#17 0x5633b1fecd8c <unknown>\n#18 0x7fdb381b7134 <unknown>","time":{"start":1721610169768,"stop":1721610170200,"duration":432}}]},"tags":["@pytest.mark.xfail","smoke_test"]},"source":"980964fae63df99.json","parameterValues":["3320","8","'TD 016'","2390","'products/shtukaturka-gipsovaya-aksolit-m50-30-kg-mashinnogo-naneseniya'","650","'https://sandboxtest.stroyrem-nn.ru/'","300"]}