{"uid":"951244acbaee8635","name":"Авторизация с помощью аккаунта ya.ru","fullName":"tests.test_sign_in.test_sign_in_page.TestSignInPage#test_positive_authorization_first_time_using_YA_smoke","historyId":"dad914aa68b78287aa131957fc42820c","time":{"start":1698282818236,"stop":1698282836756,"duration":18520},"status":"skipped","statusMessage":"XFAIL Появляется капча Яндекса при запуске теста на Github\n\nselenium.common.exceptions.NoSuchElementException: Message: no such element: Unable to locate element: {\"method\":\"css selector\",\"selector\":\"button[data-t='button:clear']\"}\n  (Session info: headless chrome=118.0.5993.70); For documentation on this error, please visit: https://www.selenium.dev/documentation/webdriver/troubleshooting/errors#no-such-element-exception\nStacktrace:\n#0 0x564a3b539fb3 <unknown>\n#1 0x564a3b20d4a7 <unknown>\n#2 0x564a3b254dd6 <unknown>\n#3 0x564a3b254ec1 <unknown>\n#4 0x564a3b292354 <unknown>\n#5 0x564a3b27696d <unknown>\n#6 0x564a3b28fc02 <unknown>\n#7 0x564a3b276713 <unknown>\n#8 0x564a3b24918b <unknown>\n#9 0x564a3b249f7e <unknown>\n#10 0x564a3b4ff8d8 <unknown>\n#11 0x564a3b503800 <unknown>\n#12 0x564a3b50dcfc <unknown>\n#13 0x564a3b504418 <unknown>\n#14 0x564a3b4d142f <unknown>\n#15 0x564a3b5284e8 <unknown>\n#16 0x564a3b5286b4 <unknown>\n#17 0x564a3b539143 <unknown>\n#18 0x7f727340b044 <unknown>","statusTrace":"self = <tests.test_sign_in.test_sign_in_page.TestSignInPage object at 0x7fb248f69790>\ndriver = <selenium.webdriver.chrome.webdriver.WebDriver (session=\"66c85bccaa9d9608b9524e410b444a44\")>\nsign_in_page = <pages.sign_in_page.SignInPage object at 0x7fb248771090>\nopen_sign_in_window = None\n\n    @allure.title(\"Авторизация с помощью аккаунта ya.ru\")\n    @pytest.mark.xfail(reason=\"Появляется капча Яндекса при запуске теста на Github\")\n    @pytest.mark.smoke_test\n    def test_positive_authorization_first_time_using_YA_smoke(self, driver, sign_in_page, open_sign_in_window):\n        sign_in_page.get_ya_ru_auth_icon().click()\n        driver.switch_to.window(driver.window_handles[1])\n        # driver.delete_all_cookies()\n        driver.add_cookie({'name': 'uniqueuid',\n                           'value': '384528911692006899',\n                           'domain': 'passport.yandex.ru',\n                           'httpOnly': True,\n                           'path': '/',\n                           'expiry': 1723499808,\n                           'sameSite': 'Lax',\n                           'secure': True})\n        driver.add_cookie({'name': 'ymex',\n                           'value': '2007366920.yrts.1692006920#2007366900.yrtsi.1692006900',\n                           'domain': '.yandex.ru',\n                           'httpOnly': False,\n                           'path': '/',\n                           'expiry': 1723499808,\n                           'secure': True})\n        driver.add_cookie({'name': 'i',\n                           'value': 'rpEp6ASpcmkXAketS0UdMiVBT6ovBbPtyYRYZIsRWdkwRjrAU27Q2rmgTx58XJTCF6sreSZhfheTbJeEsS',\n                           'domain': '.yandex.ru',\n                           'httpOnly': True,\n                           'path': '/',\n                           'expiry': 1723499808,\n                           'secure': True})\n        driver.add_cookie({'name': 'yandexuid',\n                           'value': '5114601221692006901',\n                           'domain': '.yandex.ru',\n                           'httpOnly': False,\n                           'path': '/',\n                           'expiry': 1723499808,\n                           'secure': True})\n        driver.add_cookie({'name': 'yuidss',\n                           'value': '7640250911692006900',\n                           'domain': '.yandex.ru',\n                           'httpOnly': False,\n                           'path': '/',\n                           'expiry': 1723499808,\n                           'secure': True})\n        driver.add_cookie({'name': 'gdpr',\n                           'value': '0',\n                           'domain': '.yandex.ru',\n                           'httpOnly': False,\n                           'path': '/',\n                           'expiry': 1723499808,\n                           'secure': True})\n        driver.add_cookie({'name': '_ym_uid',\n                           'value': '169200690291832112',\n                           'domain': '.yandex.ru',\n                           'httpOnly': False,\n                           'path': '/',\n                           'expiry': 1723499808,\n                           'secure': True})\n        driver.add_cookie({'name': '_ym_d',\n                           'value': '1692006902',\n                           'domain': '.yandex.ru',\n                           'httpOnly': False,\n                           'path': '/',\n                           'expiry': 1723499808,\n                           'secure': True})\n        driver.add_cookie({'name': 'bh',\n                           'value': 'Ej8iTm90L0EpQnJhbmQiO3Y9Ijk5IiwiR29vZ2xlIENocm9tZSI7dj0iMTE1IiwiQ2hyb21pdW0iO3Y9IjExNSIaBSJ4ODYiIhAiMTE1LjAuNTc5MC4xMTAiKgI',\n                           'domain': 'yandex.ru',\n                           'httpOnly': False,\n                           'path': '/',\n                           'expiry': 1723499808,\n                           'secure': False})\n        driver.add_cookie({'name': '_ym_visorc',\n                           'value': 'b',\n                           'domain': '.yandex.ru',\n                           'httpOnly': False,\n                           'path': '/',\n                           'expiry': 1723499808,\n                           'secure': True})\n        driver.execute_script(\"arguments[0].scrollIntoView();\",\n>                             sign_in_page.get_ya_ru_window_alternative_ways_to_sign_up())\n\ntests/test_sign_in/test_sign_in_page.py:209: \n_ _ _ _ _ _ _ _ _ _ _ _ _ _ _ _ _ _ _ _ _ _ _ _ _ _ _ _ _ _ _ _ _ _ _ _ _ _ _ _ \npages/sign_in_page.py:191: in get_ya_ru_window_alternative_ways_to_sign_up\n    return self.find_element(self._ya_ru_window_alternative_ways_to_sign_up)\nbase/seleniumbase.py:17: in find_element\n    return self.driver.find_element(*locator)\n/usr/local/lib/python3.11/site-packages/selenium/webdriver/remote/webdriver.py:739: in find_element\n    return self.execute(Command.FIND_ELEMENT, {\"using\": by, \"value\": value})[\"value\"]\n/usr/local/lib/python3.11/site-packages/selenium/webdriver/remote/webdriver.py:345: in execute\n    self.error_handler.check_response(response)\n_ _ _ _ _ _ _ _ _ _ _ _ _ _ _ _ _ _ _ _ _ _ _ _ _ _ _ _ _ _ _ _ _ _ _ _ _ _ _ _ \n\nself = <selenium.webdriver.remote.errorhandler.ErrorHandler object at 0x7fb2480e7fd0>\nresponse = {'status': 404, 'value': '{\"value\":{\"error\":\"no such element\",\"message\":\"no such element: Unable to locate element: {\\...\\\\n#16 0x564a3b5286b4 \\\\u003Cunknown>\\\\n#17 0x564a3b539143 \\\\u003Cunknown>\\\\n#18 0x7f727340b044 \\\\u003Cunknown>\\\\n\"}}'}\n\n    def check_response(self, response: Dict[str, Any]) -> None:\n        \"\"\"Checks that a JSON response from the WebDriver does not have an\n        error.\n    \n        :Args:\n         - response - The JSON response from the WebDriver server as a dictionary\n           object.\n    \n        :Raises: If the response contains an error message.\n        \"\"\"\n        status = response.get(\"status\", None)\n        if not status or status == ErrorCode.SUCCESS:\n            return\n        value = None\n        message = response.get(\"message\", \"\")\n        screen: str = response.get(\"screen\", \"\")\n        stacktrace = None\n        if isinstance(status, int):\n            value_json = response.get(\"value\", None)\n            if value_json and isinstance(value_json, str):\n                import json\n    \n                try:\n                    value = json.loads(value_json)\n                    if len(value) == 1:\n                        value = value[\"value\"]\n                    status = value.get(\"error\", None)\n                    if not status:\n                        status = value.get(\"status\", ErrorCode.UNKNOWN_ERROR)\n                        message = value.get(\"value\") or value.get(\"message\")\n                        if not isinstance(message, str):\n                            value = message\n                            message = message.get(\"message\")\n                    else:\n                        message = value.get(\"message\", None)\n                except ValueError:\n                    pass\n    \n        exception_class: Type[WebDriverException]\n        e = ErrorCode()\n        error_codes = [item for item in dir(e) if not item.startswith(\"__\")]\n        for error_code in error_codes:\n            error_info = getattr(ErrorCode, error_code)\n            if isinstance(error_info, list) and status in error_info:\n                exception_class = getattr(ExceptionMapping, error_code, WebDriverException)\n                break\n        else:\n            exception_class = WebDriverException\n    \n        if not value:\n            value = response[\"value\"]\n        if isinstance(value, str):\n            raise exception_class(value)\n        if message == \"\" and \"message\" in value:\n            message = value[\"message\"]\n    \n        screen = None  # type: ignore[assignment]\n        if \"screen\" in value:\n            screen = value[\"screen\"]\n    \n        stacktrace = None\n        st_value = value.get(\"stackTrace\") or value.get(\"stacktrace\")\n        if st_value:\n            if isinstance(st_value, str):\n                stacktrace = st_value.split(\"\\n\")\n            else:\n                stacktrace = []\n                try:\n                    for frame in st_value:\n                        line = frame.get(\"lineNumber\", \"\")\n                        file = frame.get(\"fileName\", \"<anonymous>\")\n                        if line:\n                            file = f\"{file}:{line}\"\n                        meth = frame.get(\"methodName\", \"<anonymous>\")\n                        if \"className\" in frame:\n                            meth = f\"{frame['className']}.{meth}\"\n                        msg = \"    at %s (%s)\"\n                        msg = msg % (meth, file)\n                        stacktrace.append(msg)\n                except TypeError:\n                    pass\n        if exception_class == UnexpectedAlertPresentException:\n            alert_text = None\n            if \"data\" in value:\n                alert_text = value[\"data\"].get(\"text\")\n            elif \"alert\" in value:\n                alert_text = value[\"alert\"].get(\"text\")\n            raise exception_class(message, screen, stacktrace, alert_text)  # type: ignore[call-arg]  # mypy is not smart enough here\n>       raise exception_class(message, screen, stacktrace)\nE       selenium.common.exceptions.NoSuchElementException: Message: no such element: Unable to locate element: {\"method\":\"css selector\",\"selector\":\"button[data-t='button:clear']\"}\nE         (Session info: headless chrome=118.0.5993.70); For documentation on this error, please visit: https://www.selenium.dev/documentation/webdriver/troubleshooting/errors#no-such-element-exception\nE       Stacktrace:\nE       #0 0x564a3b539fb3 <unknown>\nE       #1 0x564a3b20d4a7 <unknown>\nE       #2 0x564a3b254dd6 <unknown>\nE       #3 0x564a3b254ec1 <unknown>\nE       #4 0x564a3b292354 <unknown>\nE       #5 0x564a3b27696d <unknown>\nE       #6 0x564a3b28fc02 <unknown>\nE       #7 0x564a3b276713 <unknown>\nE       #8 0x564a3b24918b <unknown>\nE       #9 0x564a3b249f7e <unknown>\nE       #10 0x564a3b4ff8d8 <unknown>\nE       #11 0x564a3b503800 <unknown>\nE       #12 0x564a3b50dcfc <unknown>\nE       #13 0x564a3b504418 <unknown>\nE       #14 0x564a3b4d142f <unknown>\nE       #15 0x564a3b5284e8 <unknown>\nE       #16 0x564a3b5286b4 <unknown>\nE       #17 0x564a3b539143 <unknown>\nE       #18 0x7f727340b044 <unknown>\n\n/usr/local/lib/python3.11/site-packages/selenium/webdriver/remote/errorhandler.py:229: NoSuchElementException","flaky":false,"newFailed":false,"newBroken":false,"newPassed":false,"retriesCount":0,"retriesStatusChange":false,"beforeStages":[{"name":"_session_faker","time":{"start":1698281206912,"stop":1698281207009,"duration":97},"status":"passed","steps":[],"attachments":[],"parameters":[],"shouldDisplayMessage":false,"stepsCount":0,"attachmentsCount":0,"hasContent":false},{"name":"clear_allure_results_folder","time":{"start":1698281207009,"stop":1698281207009,"duration":0},"status":"passed","steps":[],"attachments":[],"parameters":[],"shouldDisplayMessage":false,"stepsCount":0,"attachmentsCount":0,"hasContent":false},{"name":"driver","time":{"start":1698282809944,"stop":1698282810806,"duration":862},"status":"passed","steps":[],"attachments":[],"parameters":[],"shouldDisplayMessage":false,"stepsCount":0,"attachmentsCount":0,"hasContent":false},{"name":"setup","time":{"start":1698282810806,"stop":1698282810806,"duration":0},"status":"passed","steps":[],"attachments":[],"parameters":[],"shouldDisplayMessage":false,"stepsCount":0,"attachmentsCount":0,"hasContent":false},{"name":"sign_in_page","time":{"start":1698282810806,"stop":1698282817786,"duration":6980},"status":"passed","steps":[],"attachments":[],"parameters":[],"shouldDisplayMessage":false,"stepsCount":0,"attachmentsCount":0,"hasContent":false},{"name":"open_sign_in_window","time":{"start":1698282817786,"stop":1698282818235,"duration":449},"status":"passed","steps":[{"name":"Нахождение элемента: иконка профиля в хедере","time":{"start":1698282817786,"stop":1698282817800,"duration":14},"status":"passed","steps":[],"attachments":[],"parameters":[],"shouldDisplayMessage":false,"stepsCount":0,"attachmentsCount":0,"hasContent":false}],"attachments":[],"parameters":[],"shouldDisplayMessage":false,"stepsCount":1,"attachmentsCount":0,"hasContent":true}],"testStage":{"status":"skipped","statusMessage":"XFAIL Появляется капча Яндекса при запуске теста на Github\n\nselenium.common.exceptions.NoSuchElementException: Message: no such element: Unable to locate element: {\"method\":\"css selector\",\"selector\":\"button[data-t='button:clear']\"}\n  (Session info: headless chrome=118.0.5993.70); For documentation on this error, please visit: https://www.selenium.dev/documentation/webdriver/troubleshooting/errors#no-such-element-exception\nStacktrace:\n#0 0x564a3b539fb3 <unknown>\n#1 0x564a3b20d4a7 <unknown>\n#2 0x564a3b254dd6 <unknown>\n#3 0x564a3b254ec1 <unknown>\n#4 0x564a3b292354 <unknown>\n#5 0x564a3b27696d <unknown>\n#6 0x564a3b28fc02 <unknown>\n#7 0x564a3b276713 <unknown>\n#8 0x564a3b24918b <unknown>\n#9 0x564a3b249f7e <unknown>\n#10 0x564a3b4ff8d8 <unknown>\n#11 0x564a3b503800 <unknown>\n#12 0x564a3b50dcfc <unknown>\n#13 0x564a3b504418 <unknown>\n#14 0x564a3b4d142f <unknown>\n#15 0x564a3b5284e8 <unknown>\n#16 0x564a3b5286b4 <unknown>\n#17 0x564a3b539143 <unknown>\n#18 0x7f727340b044 <unknown>","statusTrace":"self = <tests.test_sign_in.test_sign_in_page.TestSignInPage object at 0x7fb248f69790>\ndriver = <selenium.webdriver.chrome.webdriver.WebDriver (session=\"66c85bccaa9d9608b9524e410b444a44\")>\nsign_in_page = <pages.sign_in_page.SignInPage object at 0x7fb248771090>\nopen_sign_in_window = None\n\n    @allure.title(\"Авторизация с помощью аккаунта ya.ru\")\n    @pytest.mark.xfail(reason=\"Появляется капча Яндекса при запуске теста на Github\")\n    @pytest.mark.smoke_test\n    def test_positive_authorization_first_time_using_YA_smoke(self, driver, sign_in_page, open_sign_in_window):\n        sign_in_page.get_ya_ru_auth_icon().click()\n        driver.switch_to.window(driver.window_handles[1])\n        # driver.delete_all_cookies()\n        driver.add_cookie({'name': 'uniqueuid',\n                           'value': '384528911692006899',\n                           'domain': 'passport.yandex.ru',\n                           'httpOnly': True,\n                           'path': '/',\n                           'expiry': 1723499808,\n                           'sameSite': 'Lax',\n                           'secure': True})\n        driver.add_cookie({'name': 'ymex',\n                           'value': '2007366920.yrts.1692006920#2007366900.yrtsi.1692006900',\n                           'domain': '.yandex.ru',\n                           'httpOnly': False,\n                           'path': '/',\n                           'expiry': 1723499808,\n                           'secure': True})\n        driver.add_cookie({'name': 'i',\n                           'value': 'rpEp6ASpcmkXAketS0UdMiVBT6ovBbPtyYRYZIsRWdkwRjrAU27Q2rmgTx58XJTCF6sreSZhfheTbJeEsS',\n                           'domain': '.yandex.ru',\n                           'httpOnly': True,\n                           'path': '/',\n                           'expiry': 1723499808,\n                           'secure': True})\n        driver.add_cookie({'name': 'yandexuid',\n                           'value': '5114601221692006901',\n                           'domain': '.yandex.ru',\n                           'httpOnly': False,\n                           'path': '/',\n                           'expiry': 1723499808,\n                           'secure': True})\n        driver.add_cookie({'name': 'yuidss',\n                           'value': '7640250911692006900',\n                           'domain': '.yandex.ru',\n                           'httpOnly': False,\n                           'path': '/',\n                           'expiry': 1723499808,\n                           'secure': True})\n        driver.add_cookie({'name': 'gdpr',\n                           'value': '0',\n                           'domain': '.yandex.ru',\n                           'httpOnly': False,\n                           'path': '/',\n                           'expiry': 1723499808,\n                           'secure': True})\n        driver.add_cookie({'name': '_ym_uid',\n                           'value': '169200690291832112',\n                           'domain': '.yandex.ru',\n                           'httpOnly': False,\n                           'path': '/',\n                           'expiry': 1723499808,\n                           'secure': True})\n        driver.add_cookie({'name': '_ym_d',\n                           'value': '1692006902',\n                           'domain': '.yandex.ru',\n                           'httpOnly': False,\n                           'path': '/',\n                           'expiry': 1723499808,\n                           'secure': True})\n        driver.add_cookie({'name': 'bh',\n                           'value': 'Ej8iTm90L0EpQnJhbmQiO3Y9Ijk5IiwiR29vZ2xlIENocm9tZSI7dj0iMTE1IiwiQ2hyb21pdW0iO3Y9IjExNSIaBSJ4ODYiIhAiMTE1LjAuNTc5MC4xMTAiKgI',\n                           'domain': 'yandex.ru',\n                           'httpOnly': False,\n                           'path': '/',\n                           'expiry': 1723499808,\n                           'secure': False})\n        driver.add_cookie({'name': '_ym_visorc',\n                           'value': 'b',\n                           'domain': '.yandex.ru',\n                           'httpOnly': False,\n                           'path': '/',\n                           'expiry': 1723499808,\n                           'secure': True})\n        driver.execute_script(\"arguments[0].scrollIntoView();\",\n>                             sign_in_page.get_ya_ru_window_alternative_ways_to_sign_up())\n\ntests/test_sign_in/test_sign_in_page.py:209: \n_ _ _ _ _ _ _ _ _ _ _ _ _ _ _ _ _ _ _ _ _ _ _ _ _ _ _ _ _ _ _ _ _ _ _ _ _ _ _ _ \npages/sign_in_page.py:191: in get_ya_ru_window_alternative_ways_to_sign_up\n    return self.find_element(self._ya_ru_window_alternative_ways_to_sign_up)\nbase/seleniumbase.py:17: in find_element\n    return self.driver.find_element(*locator)\n/usr/local/lib/python3.11/site-packages/selenium/webdriver/remote/webdriver.py:739: in find_element\n    return self.execute(Command.FIND_ELEMENT, {\"using\": by, \"value\": value})[\"value\"]\n/usr/local/lib/python3.11/site-packages/selenium/webdriver/remote/webdriver.py:345: in execute\n    self.error_handler.check_response(response)\n_ _ _ _ _ _ _ _ _ _ _ _ _ _ _ _ _ _ _ _ _ _ _ _ _ _ _ _ _ _ _ _ _ _ _ _ _ _ _ _ \n\nself = <selenium.webdriver.remote.errorhandler.ErrorHandler object at 0x7fb2480e7fd0>\nresponse = {'status': 404, 'value': '{\"value\":{\"error\":\"no such element\",\"message\":\"no such element: Unable to locate element: {\\...\\\\n#16 0x564a3b5286b4 \\\\u003Cunknown>\\\\n#17 0x564a3b539143 \\\\u003Cunknown>\\\\n#18 0x7f727340b044 \\\\u003Cunknown>\\\\n\"}}'}\n\n    def check_response(self, response: Dict[str, Any]) -> None:\n        \"\"\"Checks that a JSON response from the WebDriver does not have an\n        error.\n    \n        :Args:\n         - response - The JSON response from the WebDriver server as a dictionary\n           object.\n    \n        :Raises: If the response contains an error message.\n        \"\"\"\n        status = response.get(\"status\", None)\n        if not status or status == ErrorCode.SUCCESS:\n            return\n        value = None\n        message = response.get(\"message\", \"\")\n        screen: str = response.get(\"screen\", \"\")\n        stacktrace = None\n        if isinstance(status, int):\n            value_json = response.get(\"value\", None)\n            if value_json and isinstance(value_json, str):\n                import json\n    \n                try:\n                    value = json.loads(value_json)\n                    if len(value) == 1:\n                        value = value[\"value\"]\n                    status = value.get(\"error\", None)\n                    if not status:\n                        status = value.get(\"status\", ErrorCode.UNKNOWN_ERROR)\n                        message = value.get(\"value\") or value.get(\"message\")\n                        if not isinstance(message, str):\n                            value = message\n                            message = message.get(\"message\")\n                    else:\n                        message = value.get(\"message\", None)\n                except ValueError:\n                    pass\n    \n        exception_class: Type[WebDriverException]\n        e = ErrorCode()\n        error_codes = [item for item in dir(e) if not item.startswith(\"__\")]\n        for error_code in error_codes:\n            error_info = getattr(ErrorCode, error_code)\n            if isinstance(error_info, list) and status in error_info:\n                exception_class = getattr(ExceptionMapping, error_code, WebDriverException)\n                break\n        else:\n            exception_class = WebDriverException\n    \n        if not value:\n            value = response[\"value\"]\n        if isinstance(value, str):\n            raise exception_class(value)\n        if message == \"\" and \"message\" in value:\n            message = value[\"message\"]\n    \n        screen = None  # type: ignore[assignment]\n        if \"screen\" in value:\n            screen = value[\"screen\"]\n    \n        stacktrace = None\n        st_value = value.get(\"stackTrace\") or value.get(\"stacktrace\")\n        if st_value:\n            if isinstance(st_value, str):\n                stacktrace = st_value.split(\"\\n\")\n            else:\n                stacktrace = []\n                try:\n                    for frame in st_value:\n                        line = frame.get(\"lineNumber\", \"\")\n                        file = frame.get(\"fileName\", \"<anonymous>\")\n                        if line:\n                            file = f\"{file}:{line}\"\n                        meth = frame.get(\"methodName\", \"<anonymous>\")\n                        if \"className\" in frame:\n                            meth = f\"{frame['className']}.{meth}\"\n                        msg = \"    at %s (%s)\"\n                        msg = msg % (meth, file)\n                        stacktrace.append(msg)\n                except TypeError:\n                    pass\n        if exception_class == UnexpectedAlertPresentException:\n            alert_text = None\n            if \"data\" in value:\n                alert_text = value[\"data\"].get(\"text\")\n            elif \"alert\" in value:\n                alert_text = value[\"alert\"].get(\"text\")\n            raise exception_class(message, screen, stacktrace, alert_text)  # type: ignore[call-arg]  # mypy is not smart enough here\n>       raise exception_class(message, screen, stacktrace)\nE       selenium.common.exceptions.NoSuchElementException: Message: no such element: Unable to locate element: {\"method\":\"css selector\",\"selector\":\"button[data-t='button:clear']\"}\nE         (Session info: headless chrome=118.0.5993.70); For documentation on this error, please visit: https://www.selenium.dev/documentation/webdriver/troubleshooting/errors#no-such-element-exception\nE       Stacktrace:\nE       #0 0x564a3b539fb3 <unknown>\nE       #1 0x564a3b20d4a7 <unknown>\nE       #2 0x564a3b254dd6 <unknown>\nE       #3 0x564a3b254ec1 <unknown>\nE       #4 0x564a3b292354 <unknown>\nE       #5 0x564a3b27696d <unknown>\nE       #6 0x564a3b28fc02 <unknown>\nE       #7 0x564a3b276713 <unknown>\nE       #8 0x564a3b24918b <unknown>\nE       #9 0x564a3b249f7e <unknown>\nE       #10 0x564a3b4ff8d8 <unknown>\nE       #11 0x564a3b503800 <unknown>\nE       #12 0x564a3b50dcfc <unknown>\nE       #13 0x564a3b504418 <unknown>\nE       #14 0x564a3b4d142f <unknown>\nE       #15 0x564a3b5284e8 <unknown>\nE       #16 0x564a3b5286b4 <unknown>\nE       #17 0x564a3b539143 <unknown>\nE       #18 0x7f727340b044 <unknown>\n\n/usr/local/lib/python3.11/site-packages/selenium/webdriver/remote/errorhandler.py:229: NoSuchElementException","steps":[{"name":"Нахождение элемента: иконка 'ya.ru' окна авторизации","time":{"start":1698282818236,"stop":1698282818250,"duration":14},"status":"passed","steps":[],"attachments":[],"parameters":[],"shouldDisplayMessage":false,"stepsCount":0,"attachmentsCount":0,"hasContent":false},{"name":"Проверка кликабельности элемента: кнопка 'Другие способы входа' окна авторизации через 'ya.ru'","time":{"start":1698282836738,"stop":1698282836755,"duration":17},"status":"broken","statusMessage":"selenium.common.exceptions.NoSuchElementException: Message: no such element: Unable to locate element: {\"method\":\"css selector\",\"selector\":\"button[data-t='button:clear']\"}\n  (Session info: headless chrome=118.0.5993.70); For documentation on this error, please visit: https://www.selenium.dev/documentation/webdriver/troubleshooting/errors#no-such-element-exception\nStacktrace:\n#0 0x564a3b539fb3 <unknown>\n#1 0x564a3b20d4a7 <unknown>\n#2 0x564a3b254dd6 <unknown>\n#3 0x564a3b254ec1 <unknown>\n#4 0x564a3b292354 <unknown>\n#5 0x564a3b27696d <unknown>\n#6 0x564a3b28fc02 <unknown>\n#7 0x564a3b276713 <unknown>\n#8 0x564a3b24918b <unknown>\n#9 0x564a3b249f7e <unknown>\n#10 0x564a3b4ff8d8 <unknown>\n#11 0x564a3b503800 <unknown>\n#12 0x564a3b50dcfc <unknown>\n#13 0x564a3b504418 <unknown>\n#14 0x564a3b4d142f <unknown>\n#15 0x564a3b5284e8 <unknown>\n#16 0x564a3b5286b4 <unknown>\n#17 0x564a3b539143 <unknown>\n#18 0x7f727340b044 <unknown>\n\n","statusTrace":"  File \"/usr/local/lib/python3.11/site-packages/allure_commons/_allure.py\", line 192, in impl\n    return func(*a, **kw)\n           ^^^^^^^^^^^^^^\n  File \"/app/pages/sign_in_page.py\", line 191, in get_ya_ru_window_alternative_ways_to_sign_up\n    return self.find_element(self._ya_ru_window_alternative_ways_to_sign_up)\n           ^^^^^^^^^^^^^^^^^^^^^^^^^^^^^^^^^^^^^^^^^^^^^^^^^^^^^^^^^^^^^^^^^\n  File \"/app/base/seleniumbase.py\", line 17, in find_element\n    return self.driver.find_element(*locator)\n           ^^^^^^^^^^^^^^^^^^^^^^^^^^^^^^^^^^\n  File \"/usr/local/lib/python3.11/site-packages/selenium/webdriver/remote/webdriver.py\", line 739, in find_element\n    return self.execute(Command.FIND_ELEMENT, {\"using\": by, \"value\": value})[\"value\"]\n           ^^^^^^^^^^^^^^^^^^^^^^^^^^^^^^^^^^^^^^^^^^^^^^^^^^^^^^^^^^^^^^^^^\n  File \"/usr/local/lib/python3.11/site-packages/selenium/webdriver/remote/webdriver.py\", line 345, in execute\n    self.error_handler.check_response(response)\n  File \"/usr/local/lib/python3.11/site-packages/selenium/webdriver/remote/errorhandler.py\", line 229, in check_response\n    raise exception_class(message, screen, stacktrace)\n","steps":[],"attachments":[],"parameters":[],"shouldDisplayMessage":true,"stepsCount":0,"attachmentsCount":0,"hasContent":true}],"attachments":[{"uid":"981c23070dadcd95","name":"Screenshot","source":"981c23070dadcd95.png","type":"image/png","size":476951},{"uid":"6949b208c368dc50","name":"HTML source","source":"6949b208c368dc50.html","type":"text/html","size":26775}],"parameters":[],"shouldDisplayMessage":true,"stepsCount":2,"attachmentsCount":2,"hasContent":true},"afterStages":[{"name":"setup::0","time":{"start":1698282836973,"stop":1698282836973,"duration":0},"status":"passed","steps":[],"attachments":[],"parameters":[],"shouldDisplayMessage":false,"stepsCount":0,"attachmentsCount":0,"hasContent":false},{"name":"driver::0","time":{"start":1698282836974,"stop":1698282837046,"duration":72},"status":"passed","steps":[],"attachments":[],"parameters":[],"shouldDisplayMessage":false,"stepsCount":0,"attachmentsCount":0,"hasContent":false}],"labels":[{"name":"epic","value":"Sign In Page"},{"name":"tag","value":"smoke_test"},{"name":"tag","value":"@pytest.mark.xfail(reason='Появляется капча Яндекса при запуске теста на Github')"},{"name":"parentSuite","value":"tests.test_sign_in"},{"name":"suite","value":"test_sign_in_page"},{"name":"subSuite","value":"TestSignInPage"},{"name":"host","value":"330ab4ff7306"},{"name":"thread","value":"1-MainThread"},{"name":"framework","value":"pytest"},{"name":"language","value":"cpython3"},{"name":"package","value":"tests.test_sign_in.test_sign_in_page"},{"name":"resultFormat","value":"allure2"}],"parameters":[],"links":[],"hidden":false,"retry":false,"extra":{"severity":"normal","retries":[],"categories":[],"history":{"statistic":{"failed":0,"broken":0,"skipped":105,"passed":4,"unknown":0,"total":109},"items":[{"uid":"56a18d0dd56cae14","reportUrl":"https://Nat754.github.io/StroyremAutomation/105//#testresult/56a18d0dd56cae14","status":"skipped","statusDetails":"XFAIL Появляется капча Яндекса при запуске теста на Github\n\nselenium.common.exceptions.InvalidCookieDomainException: Message: invalid cookie domain: Cookie 'domain' mismatch\n  (Session info: headless chrome=118.0.5993.70)\nStacktrace:\n#0 0x55cfc8bd9fb3 <unknown>\n#1 0x55cfc88ad4a7 <unknown>\n#2 0x55cfc89411bb <unknown>\n#3 0x55cfc8916942 <unknown>\n#4 0x55cfc892fc02 <unknown>\n#5 0x55cfc8916713 <unknown>\n#6 0x55cfc88e918b <unknown>\n#7 0x55cfc88e9f7e <unknown>\n#8 0x55cfc8b9f8d8 <unknown>\n#9 0x55cfc8ba3800 <unknown>\n#10 0x55cfc8badcfc <unknown>\n#11 0x55cfc8ba4418 <unknown>\n#12 0x55cfc8b7142f <unknown>\n#13 0x55cfc8bc84e8 <unknown>\n#14 0x55cfc8bc86b4 <unknown>\n#15 0x55cfc8bd9143 <unknown>\n#16 0x7fa640841044 <unknown>","time":{"start":1698196312582,"stop":1698196316083,"duration":3501}},{"uid":"b1958d3615d39762","reportUrl":"https://Nat754.github.io/StroyremAutomation/104//#testresult/b1958d3615d39762","status":"skipped","statusDetails":"XFAIL Появляется капча Яндекса при запуске теста на Github\n\nselenium.common.exceptions.InvalidCookieDomainException: Message: invalid cookie domain: Cookie 'domain' mismatch\n  (Session info: headless chrome=118.0.5993.70)\nStacktrace:\n#0 0x561683c51fb3 <unknown>\n#1 0x5616839254a7 <unknown>\n#2 0x5616839b91bb <unknown>\n#3 0x56168398e942 <unknown>\n#4 0x5616839a7c02 <unknown>\n#5 0x56168398e713 <unknown>\n#6 0x56168396118b <unknown>\n#7 0x561683961f7e <unknown>\n#8 0x561683c178d8 <unknown>\n#9 0x561683c1b800 <unknown>\n#10 0x561683c25cfc <unknown>\n#11 0x561683c1c418 <unknown>\n#12 0x561683be942f <unknown>\n#13 0x561683c404e8 <unknown>\n#14 0x561683c406b4 <unknown>\n#15 0x561683c51143 <unknown>\n#16 0x7f27184fe044 <unknown>","time":{"start":1698110107968,"stop":1698110112128,"duration":4160}},{"uid":"63289d0691be582c","reportUrl":"https://Nat754.github.io/StroyremAutomation/103//#testresult/63289d0691be582c","status":"skipped","statusDetails":"XFAIL Появляется капча Яндекса при запуске теста на Github\n\nselenium.common.exceptions.InvalidCookieDomainException: Message: invalid cookie domain: Cookie 'domain' mismatch\n  (Session info: headless chrome=118.0.5993.70)\nStacktrace:\n#0 0x558b5c48afb3 <unknown>\n#1 0x558b5c15e4a7 <unknown>\n#2 0x558b5c1f21bb <unknown>\n#3 0x558b5c1c7942 <unknown>\n#4 0x558b5c1e0c02 <unknown>\n#5 0x558b5c1c7713 <unknown>\n#6 0x558b5c19a18b <unknown>\n#7 0x558b5c19af7e <unknown>\n#8 0x558b5c4508d8 <unknown>\n#9 0x558b5c454800 <unknown>\n#10 0x558b5c45ecfc <unknown>\n#11 0x558b5c455418 <unknown>\n#12 0x558b5c42242f <unknown>\n#13 0x558b5c4794e8 <unknown>\n#14 0x558b5c4796b4 <unknown>\n#15 0x558b5c48a143 <unknown>\n#16 0x7fb57d104044 <unknown>","time":{"start":1698023966073,"stop":1698023971318,"duration":5245}},{"uid":"daa2c374744a6b43","reportUrl":"https://Nat754.github.io/StroyremAutomation/102//#testresult/daa2c374744a6b43","status":"skipped","statusDetails":"XFAIL Появляется капча Яндекса при запуске теста на Github\n\nselenium.common.exceptions.NoSuchElementException: Message: no such element: Unable to locate element: {\"method\":\"css selector\",\"selector\":\"button[data-t='button:clear']\"}\n  (Session info: headless chrome=118.0.5993.70); For documentation on this error, please visit: https://www.selenium.dev/documentation/webdriver/troubleshooting/errors#no-such-element-exception\nStacktrace:\n#0 0x55aa6c970fb3 <unknown>\n#1 0x55aa6c6444a7 <unknown>\n#2 0x55aa6c68bdd6 <unknown>\n#3 0x55aa6c68bec1 <unknown>\n#4 0x55aa6c6c9354 <unknown>\n#5 0x55aa6c6ad96d <unknown>\n#6 0x55aa6c6c6c02 <unknown>\n#7 0x55aa6c6ad713 <unknown>\n#8 0x55aa6c68018b <unknown>\n#9 0x55aa6c680f7e <unknown>\n#10 0x55aa6c9368d8 <unknown>\n#11 0x55aa6c93a800 <unknown>\n#12 0x55aa6c944cfc <unknown>\n#13 0x55aa6c93b418 <unknown>\n#14 0x55aa6c90842f <unknown>\n#15 0x55aa6c95f4e8 <unknown>\n#16 0x55aa6c95f6b4 <unknown>\n#17 0x55aa6c970143 <unknown>\n#18 0x7fca0b21e044 <unknown>","time":{"start":1697937293192,"stop":1697937296868,"duration":3676}},{"uid":"7c19f96daa696863","reportUrl":"https://Nat754.github.io/StroyremAutomation/101//#testresult/7c19f96daa696863","status":"skipped","statusDetails":"XFAIL Появляется капча Яндекса при запуске теста на Github\n\nselenium.common.exceptions.NoSuchElementException: Message: no such element: Unable to locate element: {\"method\":\"css selector\",\"selector\":\"button[data-t='button:clear']\"}\n  (Session info: headless chrome=118.0.5993.70); For documentation on this error, please visit: https://www.selenium.dev/documentation/webdriver/troubleshooting/errors#no-such-element-exception\nStacktrace:\n#0 0x55aedfeb8fb3 <unknown>\n#1 0x55aedfb8c4a7 <unknown>\n#2 0x55aedfbd3dd6 <unknown>\n#3 0x55aedfbd3ec1 <unknown>\n#4 0x55aedfc11354 <unknown>\n#5 0x55aedfbf596d <unknown>\n#6 0x55aedfc0ec02 <unknown>\n#7 0x55aedfbf5713 <unknown>\n#8 0x55aedfbc818b <unknown>\n#9 0x55aedfbc8f7e <unknown>\n#10 0x55aedfe7e8d8 <unknown>\n#11 0x55aedfe82800 <unknown>\n#12 0x55aedfe8ccfc <unknown>\n#13 0x55aedfe83418 <unknown>\n#14 0x55aedfe5042f <unknown>\n#15 0x55aedfea74e8 <unknown>\n#16 0x55aedfea76b4 <unknown>\n#17 0x55aedfeb8143 <unknown>\n#18 0x7f2b1faec044 <unknown>","time":{"start":1697851059483,"stop":1697851064713,"duration":5230}},{"uid":"14638b434da315e8","reportUrl":"https://Nat754.github.io/StroyremAutomation/100//#testresult/14638b434da315e8","status":"skipped","statusDetails":"XFAIL Появляется капча Яндекса при запуске теста на Github\n\nselenium.common.exceptions.InvalidCookieDomainException: Message: invalid cookie domain: Cookie 'domain' mismatch\n  (Session info: headless chrome=118.0.5993.70)\nStacktrace:\n#0 0x56424d5bdfb3 <unknown>\n#1 0x56424d2914a7 <unknown>\n#2 0x56424d3251bb <unknown>\n#3 0x56424d2fa942 <unknown>\n#4 0x56424d313c02 <unknown>\n#5 0x56424d2fa713 <unknown>\n#6 0x56424d2cd18b <unknown>\n#7 0x56424d2cdf7e <unknown>\n#8 0x56424d5838d8 <unknown>\n#9 0x56424d587800 <unknown>\n#10 0x56424d591cfc <unknown>\n#11 0x56424d588418 <unknown>\n#12 0x56424d55542f <unknown>\n#13 0x56424d5ac4e8 <unknown>\n#14 0x56424d5ac6b4 <unknown>\n#15 0x56424d5bd143 <unknown>\n#16 0x7efdaa3d4044 <unknown>","time":{"start":1697764349067,"stop":1697764352520,"duration":3453}},{"uid":"c2cf64e72da2309d","reportUrl":"https://Nat754.github.io/StroyremAutomation/99//#testresult/c2cf64e72da2309d","status":"skipped","statusDetails":"XFAIL Появляется капча Яндекса при запуске теста на Github\n\nselenium.common.exceptions.NoSuchElementException: Message: no such element: Unable to locate element: {\"method\":\"css selector\",\"selector\":\"button[data-t='button:clear']\"}\n  (Session info: headless chrome=118.0.5993.70); For documentation on this error, please visit: https://www.selenium.dev/documentation/webdriver/troubleshooting/errors#no-such-element-exception\nStacktrace:\n#0 0x559b91ac9fb3 <unknown>\n#1 0x559b9179d4a7 <unknown>\n#2 0x559b917e4dd6 <unknown>\n#3 0x559b917e4ec1 <unknown>\n#4 0x559b91822354 <unknown>\n#5 0x559b9180696d <unknown>\n#6 0x559b9181fc02 <unknown>\n#7 0x559b91806713 <unknown>\n#8 0x559b917d918b <unknown>\n#9 0x559b917d9f7e <unknown>\n#10 0x559b91a8f8d8 <unknown>\n#11 0x559b91a93800 <unknown>\n#12 0x559b91a9dcfc <unknown>\n#13 0x559b91a94418 <unknown>\n#14 0x559b91a6142f <unknown>\n#15 0x559b91ab84e8 <unknown>\n#16 0x559b91ab86b4 <unknown>\n#17 0x559b91ac9143 <unknown>\n#18 0x7f6bc370a044 <unknown>","time":{"start":1697677904980,"stop":1697677908639,"duration":3659}},{"uid":"6a574a03beaa6e2b","reportUrl":"https://Nat754.github.io/StroyremAutomation/98//#testresult/6a574a03beaa6e2b","status":"skipped","statusDetails":"XFAIL Появляется капча Яндекса при запуске теста на Github\n\nselenium.common.exceptions.TimeoutException: Message:","time":{"start":1697591543215,"stop":1697591568667,"duration":25452}},{"uid":"cc97c7a3445c0837","reportUrl":"https://Nat754.github.io/StroyremAutomation/97//#testresult/cc97c7a3445c0837","status":"skipped","statusDetails":"XFAIL Появляется капча Яндекса при запуске теста на Github\n\nselenium.common.exceptions.NoSuchElementException: Message: no such element: Unable to locate element: {\"method\":\"css selector\",\"selector\":\"button[data-t='button:clear']\"}\n  (Session info: headless chrome=118.0.5993.70); For documentation on this error, please visit: https://www.selenium.dev/documentation/webdriver/troubleshooting/errors#no-such-element-exception\nStacktrace:\n#0 0x5645d29eefb3 <unknown>\n#1 0x5645d26c24a7 <unknown>\n#2 0x5645d2709dd6 <unknown>\n#3 0x5645d2709ec1 <unknown>\n#4 0x5645d2747354 <unknown>\n#5 0x5645d272b96d <unknown>\n#6 0x5645d2744c02 <unknown>\n#7 0x5645d272b713 <unknown>\n#8 0x5645d26fe18b <unknown>\n#9 0x5645d26fef7e <unknown>\n#10 0x5645d29b48d8 <unknown>\n#11 0x5645d29b8800 <unknown>\n#12 0x5645d29c2cfc <unknown>\n#13 0x5645d29b9418 <unknown>\n#14 0x5645d298642f <unknown>\n#15 0x5645d29dd4e8 <unknown>\n#16 0x5645d29dd6b4 <unknown>\n#17 0x5645d29ee143 <unknown>\n#18 0x7f84ed486044 <unknown>","time":{"start":1697505334077,"stop":1697505338299,"duration":4222}},{"uid":"7288aaf437143141","reportUrl":"https://Nat754.github.io/StroyremAutomation/96//#testresult/7288aaf437143141","status":"skipped","statusDetails":"XFAIL Появляется капча Яндекса при запуске теста на Github\n\nselenium.common.exceptions.NoSuchElementException: Message: no such element: Unable to locate element: {\"method\":\"css selector\",\"selector\":\"button[data-t='button:clear']\"}\n  (Session info: headless chrome=118.0.5993.70); For documentation on this error, please visit: https://www.selenium.dev/documentation/webdriver/troubleshooting/errors#no-such-element-exception\nStacktrace:\n#0 0x55c203656fb3 <unknown>\n#1 0x55c20332a4a7 <unknown>\n#2 0x55c203371dd6 <unknown>\n#3 0x55c203371ec1 <unknown>\n#4 0x55c2033af354 <unknown>\n#5 0x55c20339396d <unknown>\n#6 0x55c2033acc02 <unknown>\n#7 0x55c203393713 <unknown>\n#8 0x55c20336618b <unknown>\n#9 0x55c203366f7e <unknown>\n#10 0x55c20361c8d8 <unknown>\n#11 0x55c203620800 <unknown>\n#12 0x55c20362acfc <unknown>\n#13 0x55c203621418 <unknown>\n#14 0x55c2035ee42f <unknown>\n#15 0x55c2036454e8 <unknown>\n#16 0x55c2036456b4 <unknown>\n#17 0x55c203656143 <unknown>\n#18 0x7fa25aebc044 <unknown>","time":{"start":1697419027727,"stop":1697419032534,"duration":4807}},{"uid":"ec33123796f92264","reportUrl":"https://Nat754.github.io/StroyremAutomation/95//#testresult/ec33123796f92264","status":"skipped","statusDetails":"XFAIL Появляется капча Яндекса при запуске теста на Github\n\nselenium.common.exceptions.TimeoutException: Message:","time":{"start":1697332818029,"stop":1697332845526,"duration":27497}},{"uid":"a825cbcbab0dd4ca","reportUrl":"https://Nat754.github.io/StroyremAutomation/94//#testresult/a825cbcbab0dd4ca","status":"skipped","statusDetails":"XFAIL Появляется капча Яндекса при запуске теста на Github\n\nselenium.common.exceptions.NoSuchElementException: Message: no such element: Unable to locate element: {\"method\":\"css selector\",\"selector\":\"button[data-t='button:clear']\"}\n  (Session info: headless chrome=118.0.5993.70); For documentation on this error, please visit: https://www.selenium.dev/documentation/webdriver/troubleshooting/errors#no-such-element-exception\nStacktrace:\n#0 0x55806560bfb3 <unknown>\n#1 0x5580652df4a7 <unknown>\n#2 0x558065326dd6 <unknown>\n#3 0x558065326ec1 <unknown>\n#4 0x558065364354 <unknown>\n#5 0x55806534896d <unknown>\n#6 0x558065361c02 <unknown>\n#7 0x558065348713 <unknown>\n#8 0x55806531b18b <unknown>\n#9 0x55806531bf7e <unknown>\n#10 0x5580655d18d8 <unknown>\n#11 0x5580655d5800 <unknown>\n#12 0x5580655dfcfc <unknown>\n#13 0x5580655d6418 <unknown>\n#14 0x5580655a342f <unknown>\n#15 0x5580655fa4e8 <unknown>\n#16 0x5580655fa6b4 <unknown>\n#17 0x55806560b143 <unknown>\n#18 0x7f2bd579a044 <unknown>","time":{"start":1697246752208,"stop":1697246755906,"duration":3698}},{"uid":"25ddcb57d912c91c","reportUrl":"https://Nat754.github.io/StroyremAutomation/93//#testresult/25ddcb57d912c91c","status":"skipped","statusDetails":"XFAIL Появляется капча Яндекса при запуске теста на Github\n\nselenium.common.exceptions.NoSuchElementException: Message: no such element: Unable to locate element: {\"method\":\"css selector\",\"selector\":\"button[data-t='button:clear']\"}\n  (Session info: headless chrome=118.0.5993.70); For documentation on this error, please visit: https://www.selenium.dev/documentation/webdriver/troubleshooting/errors#no-such-element-exception\nStacktrace:\n#0 0x5654739d2fb3 <unknown>\n#1 0x5654736a64a7 <unknown>\n#2 0x5654736eddd6 <unknown>\n#3 0x5654736edec1 <unknown>\n#4 0x56547372b354 <unknown>\n#5 0x56547370f96d <unknown>\n#6 0x565473728c02 <unknown>\n#7 0x56547370f713 <unknown>\n#8 0x5654736e218b <unknown>\n#9 0x5654736e2f7e <unknown>\n#10 0x5654739988d8 <unknown>\n#11 0x56547399c800 <unknown>\n#12 0x5654739a6cfc <unknown>\n#13 0x56547399d418 <unknown>\n#14 0x56547396a42f <unknown>\n#15 0x5654739c14e8 <unknown>\n#16 0x5654739c16b4 <unknown>\n#17 0x5654739d2143 <unknown>\n#18 0x7fb0e5c7b044 <unknown>","time":{"start":1697159683361,"stop":1697159686970,"duration":3609}},{"uid":"2f95ee101a385d2c","reportUrl":"https://Nat754.github.io/StroyremAutomation/92//#testresult/2f95ee101a385d2c","status":"skipped","statusDetails":"XFAIL Появляется капча Яндекса при запуске теста на Github\n\nselenium.common.exceptions.TimeoutException: Message:","time":{"start":1697073306718,"stop":1697073334000,"duration":27282}},{"uid":"6d5546545e8cf27f","reportUrl":"https://Nat754.github.io/StroyremAutomation/91//#testresult/6d5546545e8cf27f","status":"skipped","statusDetails":"XFAIL Появляется капча Яндекса при запуске теста на Github\n\nselenium.common.exceptions.TimeoutException: Message:","time":{"start":1696986729962,"stop":1696986755431,"duration":25469}},{"uid":"13411300a36d71a3","reportUrl":"https://Nat754.github.io/StroyremAutomation/90//#testresult/13411300a36d71a3","status":"skipped","statusDetails":"XFAIL Появляется капча Яндекса при запуске теста на Github\n\nselenium.common.exceptions.TimeoutException: Message:","time":{"start":1696900364905,"stop":1696900391486,"duration":26581}},{"uid":"5d192fd815df210d","reportUrl":"https://Nat754.github.io/StroyremAutomation/89//#testresult/5d192fd815df210d","status":"skipped","statusDetails":"XFAIL Появляется капча Яндекса при запуске теста на Github\n\nselenium.common.exceptions.TimeoutException: Message:","time":{"start":1696813822404,"stop":1696813848627,"duration":26223}},{"uid":"76e63980f01d6379","reportUrl":"https://Nat754.github.io/StroyremAutomation/88//#testresult/76e63980f01d6379","status":"skipped","statusDetails":"XFAIL Появляется капча Яндекса при запуске теста на Github\n\nselenium.common.exceptions.NoSuchElementException: Message: no such element: Unable to locate element: {\"method\":\"css selector\",\"selector\":\"button[data-t='button:clear']\"}\n  (Session info: headless chrome=117.0.5938.149); For documentation on this error, please visit: https://www.selenium.dev/documentation/webdriver/troubleshooting/errors#no-such-element-exception\nStacktrace:\n#0 0x56256807e933 <unknown>\n#1 0x562567d586f7 <unknown>\n#2 0x562567d9faa6 <unknown>\n#3 0x562567d9fb91 <unknown>\n#4 0x562567ddcfc4 <unknown>\n#5 0x562567dc162d <unknown>\n#6 0x562567dda857 <unknown>\n#7 0x562567dc13d3 <unknown>\n#8 0x562567d93e64 <unknown>\n#9 0x562567d94c4e <unknown>\n#10 0x562568044558 <unknown>\n#11 0x5625680484a0 <unknown>\n#12 0x56256805297c <unknown>\n#13 0x5625680490b8 <unknown>\n#14 0x562568014cdf <unknown>\n#15 0x56256806d048 <unknown>\n#16 0x56256806d219 <unknown>\n#17 0x56256807dac3 <unknown>\n#18 0x7f4c566a7044 <unknown>","time":{"start":1696728155441,"stop":1696728160499,"duration":5058}},{"uid":"c856d1f3ec50f692","reportUrl":"https://Nat754.github.io/StroyremAutomation/87//#testresult/c856d1f3ec50f692","status":"skipped","statusDetails":"XFAIL Появляется капча Яндекса при запуске теста на Github\n\nselenium.common.exceptions.TimeoutException: Message:","time":{"start":1696641043453,"stop":1696641069724,"duration":26271}},{"uid":"a124b1dbd1a7a3e6","reportUrl":"https://Nat754.github.io/StroyremAutomation/86//#testresult/a124b1dbd1a7a3e6","status":"skipped","statusDetails":"XFAIL Появляется капча Яндекса при запуске теста на Github\n\nselenium.common.exceptions.NoSuchElementException: Message: no such element: Unable to locate element: {\"method\":\"css selector\",\"selector\":\"button[data-t='button:clear']\"}\n  (Session info: headless chrome=117.0.5938.149); For documentation on this error, please visit: https://www.selenium.dev/documentation/webdriver/troubleshooting/errors#no-such-element-exception\nStacktrace:\n#0 0x55cdbada7933 <unknown>\n#1 0x55cdbaa816f7 <unknown>\n#2 0x55cdbaac8aa6 <unknown>\n#3 0x55cdbaac8b91 <unknown>\n#4 0x55cdbab05fc4 <unknown>\n#5 0x55cdbaaea62d <unknown>\n#6 0x55cdbab03857 <unknown>\n#7 0x55cdbaaea3d3 <unknown>\n#8 0x55cdbaabce64 <unknown>\n#9 0x55cdbaabdc4e <unknown>\n#10 0x55cdbad6d558 <unknown>\n#11 0x55cdbad714a0 <unknown>\n#12 0x55cdbad7b97c <unknown>\n#13 0x55cdbad720b8 <unknown>\n#14 0x55cdbad3dcdf <unknown>\n#15 0x55cdbad96048 <unknown>\n#16 0x55cdbad96219 <unknown>\n#17 0x55cdbada6ac3 <unknown>\n#18 0x7f2f86fd6044 <unknown>","time":{"start":1696554666224,"stop":1696554669626,"duration":3402}}]},"tags":["@pytest.mark.xfail(reason='Появляется капча Яндекса при запуске теста на Github')","smoke_test"]},"source":"951244acbaee8635.json","parameterValues":[]}