{"uid":"d2c1df3f600fe769","name":"TD 027 Доставка товара весом до 20000кг. в синей зоне","fullName":"tests.delivery.test_delivery_calculation.TestDeliveryPageCalculation#test_positive_delivery_blue_zone_smoke","historyId":"49062b7c5da85eb347f6307a3580a7f1","time":{"start":1698281662619,"stop":1698281667833,"duration":5214},"status":"skipped","statusMessage":"XFAIL\n\nselenium.common.exceptions.NoSuchElementException: Message: no such element: Unable to locate element: {\"method\":\"xpath\",\"selector\":\"//input[@class='amount']\"}\n  (Session info: headless chrome=118.0.5993.70); For documentation on this error, please visit: https://www.selenium.dev/documentation/webdriver/troubleshooting/errors#no-such-element-exception\nStacktrace:\n#0 0x5597ef7a4fb3 <unknown>\n#1 0x5597ef4784a7 <unknown>\n#2 0x5597ef4bfdd6 <unknown>\n#3 0x5597ef4bfec1 <unknown>\n#4 0x5597ef4fd354 <unknown>\n#5 0x5597ef4e196d <unknown>\n#6 0x5597ef4fac02 <unknown>\n#7 0x5597ef4e1713 <unknown>\n#8 0x5597ef4b418b <unknown>\n#9 0x5597ef4b4f7e <unknown>\n#10 0x5597ef76a8d8 <unknown>\n#11 0x5597ef76e800 <unknown>\n#12 0x5597ef778cfc <unknown>\n#13 0x5597ef76f418 <unknown>\n#14 0x5597ef73c42f <unknown>\n#15 0x5597ef7934e8 <unknown>\n#16 0x5597ef7936b4 <unknown>\n#17 0x5597ef7a4143 <unknown>\n#18 0x7fadb658f044 <unknown>","statusTrace":"self = <tests.delivery.test_delivery_calculation.TestDeliveryPageCalculation object at 0x7fb248464890>\ndriver = <selenium.webdriver.chrome.webdriver.WebDriver (session=\"bc02ffdb74090fa6cd1e7d3825479cf4\")>\nurl = 'https://sandboxtest.stroyrem-nn.ru/', case_id = 'TD 027'\nlink_item = 'products/shtukaturka-gipsovaya-aksolit-m50-30-kg-mashinnogo-naneseniya'\namount = 666, weight = 20000, standard = 14000, in_time = 16900\nall_time = 23900\n\n    @pytest.mark.parametrize('case_id, link_item, amount, weight, standard, in_time, all_time', [\n        (\"TD 015\", bundeks_25, 1, 30, 650, 2390, 3320),\n        pytest.param(\n            \"TD 016\", aksolit_30, 8, 300, 650, 2390, 3320,\n            marks=pytest.mark.xfail(reson=\"Цена доставки: - - -\")\n        ),\n        (\"TD 017\", aksolit_30, 13, 400, 650, 2390, 3320),\n        (\"TD 018\", aksolit_30, 16, 500, 850, 2490, 3320),\n        (\"TD 019\", aksolit_30, 25, 1700, 1150, 2490, 3320),\n        (\"TD 020\", aksolit_30, 66, 2000, 1500, 2990, 3650),\n        (\"TD 021\", aksolit_30, 149, 4500, 2600, 4380, 4890),\n        (\"TD 022\", aksolit_30, 166, 5000, 2800, 5490, 5980),\n        pytest.param(\n            \"TD 023\", aksolit_30, 206, 6200, 3300, 7500, 8000,\n            marks=pytest.mark.xfail(reson=\"Цена доставки: 4300 9900 11440\")\n        ),\n        (\"TD 024\", aksolit_30, 299, 9000, 4300, 9900, 11440),\n        (\"TD 025\", aksolit_30, 333, 10000, 7000, 13900, 15900),\n        pytest.param(\n            \"TD 026\", aksolit_30, 366, 11000, 8000, 14900, 19900,\n            marks=pytest.mark.xfail(reson=\"Цена доставки: 7000 13900 15900\")\n        ),\n        pytest.param(\n            \"TD 027\", aksolit_30, 666, 20000, 14000, 16900, 23900,\n            marks=pytest.mark.xfail(reson=\"Цена доставки: 7000 13900 15900\")\n        )\n    ])\n    @pytest.mark.xfail\n    @pytest.mark.smoke_test\n    def test_positive_delivery_blue_zone_smoke(\n            self, driver, url, case_id, link_item, amount, weight, standard, in_time, all_time\n    ):\n        allure.dynamic.title(f\"{case_id} Доставка товара весом до {weight}кг. в синей зоне\")\n    \n        driver.get(f'{url}{link_item}')\n        item_page = ItemPage(driver)\n>       item_page.add_item_to_cart(amount).click_on_cart()\n\ntests/delivery/test_delivery_calculation.py:132: \n_ _ _ _ _ _ _ _ _ _ _ _ _ _ _ _ _ _ _ _ _ _ _ _ _ _ _ _ _ _ _ _ _ _ _ _ _ _ _ _ \npages/item_page.py:41: in add_item_to_cart\n    amount_field = self.find_element(self._item_amount)\nbase/seleniumbase.py:17: in find_element\n    return self.driver.find_element(*locator)\n/usr/local/lib/python3.11/site-packages/selenium/webdriver/remote/webdriver.py:739: in find_element\n    return self.execute(Command.FIND_ELEMENT, {\"using\": by, \"value\": value})[\"value\"]\n/usr/local/lib/python3.11/site-packages/selenium/webdriver/remote/webdriver.py:345: in execute\n    self.error_handler.check_response(response)\n_ _ _ _ _ _ _ _ _ _ _ _ _ _ _ _ _ _ _ _ _ _ _ _ _ _ _ _ _ _ _ _ _ _ _ _ _ _ _ _ \n\nself = <selenium.webdriver.remote.errorhandler.ErrorHandler object at 0x7fb2480eefd0>\nresponse = {'status': 404, 'value': '{\"value\":{\"error\":\"no such element\",\"message\":\"no such element: Unable to locate element: {\\...\\\\n#16 0x5597ef7936b4 \\\\u003Cunknown>\\\\n#17 0x5597ef7a4143 \\\\u003Cunknown>\\\\n#18 0x7fadb658f044 \\\\u003Cunknown>\\\\n\"}}'}\n\n    def check_response(self, response: Dict[str, Any]) -> None:\n        \"\"\"Checks that a JSON response from the WebDriver does not have an\n        error.\n    \n        :Args:\n         - response - The JSON response from the WebDriver server as a dictionary\n           object.\n    \n        :Raises: If the response contains an error message.\n        \"\"\"\n        status = response.get(\"status\", None)\n        if not status or status == ErrorCode.SUCCESS:\n            return\n        value = None\n        message = response.get(\"message\", \"\")\n        screen: str = response.get(\"screen\", \"\")\n        stacktrace = None\n        if isinstance(status, int):\n            value_json = response.get(\"value\", None)\n            if value_json and isinstance(value_json, str):\n                import json\n    \n                try:\n                    value = json.loads(value_json)\n                    if len(value) == 1:\n                        value = value[\"value\"]\n                    status = value.get(\"error\", None)\n                    if not status:\n                        status = value.get(\"status\", ErrorCode.UNKNOWN_ERROR)\n                        message = value.get(\"value\") or value.get(\"message\")\n                        if not isinstance(message, str):\n                            value = message\n                            message = message.get(\"message\")\n                    else:\n                        message = value.get(\"message\", None)\n                except ValueError:\n                    pass\n    \n        exception_class: Type[WebDriverException]\n        e = ErrorCode()\n        error_codes = [item for item in dir(e) if not item.startswith(\"__\")]\n        for error_code in error_codes:\n            error_info = getattr(ErrorCode, error_code)\n            if isinstance(error_info, list) and status in error_info:\n                exception_class = getattr(ExceptionMapping, error_code, WebDriverException)\n                break\n        else:\n            exception_class = WebDriverException\n    \n        if not value:\n            value = response[\"value\"]\n        if isinstance(value, str):\n            raise exception_class(value)\n        if message == \"\" and \"message\" in value:\n            message = value[\"message\"]\n    \n        screen = None  # type: ignore[assignment]\n        if \"screen\" in value:\n            screen = value[\"screen\"]\n    \n        stacktrace = None\n        st_value = value.get(\"stackTrace\") or value.get(\"stacktrace\")\n        if st_value:\n            if isinstance(st_value, str):\n                stacktrace = st_value.split(\"\\n\")\n            else:\n                stacktrace = []\n                try:\n                    for frame in st_value:\n                        line = frame.get(\"lineNumber\", \"\")\n                        file = frame.get(\"fileName\", \"<anonymous>\")\n                        if line:\n                            file = f\"{file}:{line}\"\n                        meth = frame.get(\"methodName\", \"<anonymous>\")\n                        if \"className\" in frame:\n                            meth = f\"{frame['className']}.{meth}\"\n                        msg = \"    at %s (%s)\"\n                        msg = msg % (meth, file)\n                        stacktrace.append(msg)\n                except TypeError:\n                    pass\n        if exception_class == UnexpectedAlertPresentException:\n            alert_text = None\n            if \"data\" in value:\n                alert_text = value[\"data\"].get(\"text\")\n            elif \"alert\" in value:\n                alert_text = value[\"alert\"].get(\"text\")\n            raise exception_class(message, screen, stacktrace, alert_text)  # type: ignore[call-arg]  # mypy is not smart enough here\n>       raise exception_class(message, screen, stacktrace)\nE       selenium.common.exceptions.NoSuchElementException: Message: no such element: Unable to locate element: {\"method\":\"xpath\",\"selector\":\"//input[@class='amount']\"}\nE         (Session info: headless chrome=118.0.5993.70); For documentation on this error, please visit: https://www.selenium.dev/documentation/webdriver/troubleshooting/errors#no-such-element-exception\nE       Stacktrace:\nE       #0 0x5597ef7a4fb3 <unknown>\nE       #1 0x5597ef4784a7 <unknown>\nE       #2 0x5597ef4bfdd6 <unknown>\nE       #3 0x5597ef4bfec1 <unknown>\nE       #4 0x5597ef4fd354 <unknown>\nE       #5 0x5597ef4e196d <unknown>\nE       #6 0x5597ef4fac02 <unknown>\nE       #7 0x5597ef4e1713 <unknown>\nE       #8 0x5597ef4b418b <unknown>\nE       #9 0x5597ef4b4f7e <unknown>\nE       #10 0x5597ef76a8d8 <unknown>\nE       #11 0x5597ef76e800 <unknown>\nE       #12 0x5597ef778cfc <unknown>\nE       #13 0x5597ef76f418 <unknown>\nE       #14 0x5597ef73c42f <unknown>\nE       #15 0x5597ef7934e8 <unknown>\nE       #16 0x5597ef7936b4 <unknown>\nE       #17 0x5597ef7a4143 <unknown>\nE       #18 0x7fadb658f044 <unknown>\n\n/usr/local/lib/python3.11/site-packages/selenium/webdriver/remote/errorhandler.py:229: NoSuchElementException","flaky":false,"newFailed":false,"newBroken":false,"newPassed":false,"retriesCount":0,"retriesStatusChange":false,"beforeStages":[{"name":"_session_faker","time":{"start":1698281206912,"stop":1698281207009,"duration":97},"status":"passed","steps":[],"attachments":[],"parameters":[],"shouldDisplayMessage":false,"stepsCount":0,"attachmentsCount":0,"hasContent":false},{"name":"clear_allure_results_folder","time":{"start":1698281207009,"stop":1698281207009,"duration":0},"status":"passed","steps":[],"attachments":[],"parameters":[],"shouldDisplayMessage":false,"stepsCount":0,"attachmentsCount":0,"hasContent":false},{"name":"driver","time":{"start":1698281661747,"stop":1698281662617,"duration":870},"status":"passed","steps":[],"attachments":[],"parameters":[],"shouldDisplayMessage":false,"stepsCount":0,"attachmentsCount":0,"hasContent":false},{"name":"setup","time":{"start":1698281662617,"stop":1698281662617,"duration":0},"status":"passed","steps":[],"attachments":[],"parameters":[],"shouldDisplayMessage":false,"stepsCount":0,"attachmentsCount":0,"hasContent":false}],"testStage":{"status":"skipped","statusMessage":"XFAIL\n\nselenium.common.exceptions.NoSuchElementException: Message: no such element: Unable to locate element: {\"method\":\"xpath\",\"selector\":\"//input[@class='amount']\"}\n  (Session info: headless chrome=118.0.5993.70); For documentation on this error, please visit: https://www.selenium.dev/documentation/webdriver/troubleshooting/errors#no-such-element-exception\nStacktrace:\n#0 0x5597ef7a4fb3 <unknown>\n#1 0x5597ef4784a7 <unknown>\n#2 0x5597ef4bfdd6 <unknown>\n#3 0x5597ef4bfec1 <unknown>\n#4 0x5597ef4fd354 <unknown>\n#5 0x5597ef4e196d <unknown>\n#6 0x5597ef4fac02 <unknown>\n#7 0x5597ef4e1713 <unknown>\n#8 0x5597ef4b418b <unknown>\n#9 0x5597ef4b4f7e <unknown>\n#10 0x5597ef76a8d8 <unknown>\n#11 0x5597ef76e800 <unknown>\n#12 0x5597ef778cfc <unknown>\n#13 0x5597ef76f418 <unknown>\n#14 0x5597ef73c42f <unknown>\n#15 0x5597ef7934e8 <unknown>\n#16 0x5597ef7936b4 <unknown>\n#17 0x5597ef7a4143 <unknown>\n#18 0x7fadb658f044 <unknown>","statusTrace":"self = <tests.delivery.test_delivery_calculation.TestDeliveryPageCalculation object at 0x7fb248464890>\ndriver = <selenium.webdriver.chrome.webdriver.WebDriver (session=\"bc02ffdb74090fa6cd1e7d3825479cf4\")>\nurl = 'https://sandboxtest.stroyrem-nn.ru/', case_id = 'TD 027'\nlink_item = 'products/shtukaturka-gipsovaya-aksolit-m50-30-kg-mashinnogo-naneseniya'\namount = 666, weight = 20000, standard = 14000, in_time = 16900\nall_time = 23900\n\n    @pytest.mark.parametrize('case_id, link_item, amount, weight, standard, in_time, all_time', [\n        (\"TD 015\", bundeks_25, 1, 30, 650, 2390, 3320),\n        pytest.param(\n            \"TD 016\", aksolit_30, 8, 300, 650, 2390, 3320,\n            marks=pytest.mark.xfail(reson=\"Цена доставки: - - -\")\n        ),\n        (\"TD 017\", aksolit_30, 13, 400, 650, 2390, 3320),\n        (\"TD 018\", aksolit_30, 16, 500, 850, 2490, 3320),\n        (\"TD 019\", aksolit_30, 25, 1700, 1150, 2490, 3320),\n        (\"TD 020\", aksolit_30, 66, 2000, 1500, 2990, 3650),\n        (\"TD 021\", aksolit_30, 149, 4500, 2600, 4380, 4890),\n        (\"TD 022\", aksolit_30, 166, 5000, 2800, 5490, 5980),\n        pytest.param(\n            \"TD 023\", aksolit_30, 206, 6200, 3300, 7500, 8000,\n            marks=pytest.mark.xfail(reson=\"Цена доставки: 4300 9900 11440\")\n        ),\n        (\"TD 024\", aksolit_30, 299, 9000, 4300, 9900, 11440),\n        (\"TD 025\", aksolit_30, 333, 10000, 7000, 13900, 15900),\n        pytest.param(\n            \"TD 026\", aksolit_30, 366, 11000, 8000, 14900, 19900,\n            marks=pytest.mark.xfail(reson=\"Цена доставки: 7000 13900 15900\")\n        ),\n        pytest.param(\n            \"TD 027\", aksolit_30, 666, 20000, 14000, 16900, 23900,\n            marks=pytest.mark.xfail(reson=\"Цена доставки: 7000 13900 15900\")\n        )\n    ])\n    @pytest.mark.xfail\n    @pytest.mark.smoke_test\n    def test_positive_delivery_blue_zone_smoke(\n            self, driver, url, case_id, link_item, amount, weight, standard, in_time, all_time\n    ):\n        allure.dynamic.title(f\"{case_id} Доставка товара весом до {weight}кг. в синей зоне\")\n    \n        driver.get(f'{url}{link_item}')\n        item_page = ItemPage(driver)\n>       item_page.add_item_to_cart(amount).click_on_cart()\n\ntests/delivery/test_delivery_calculation.py:132: \n_ _ _ _ _ _ _ _ _ _ _ _ _ _ _ _ _ _ _ _ _ _ _ _ _ _ _ _ _ _ _ _ _ _ _ _ _ _ _ _ \npages/item_page.py:41: in add_item_to_cart\n    amount_field = self.find_element(self._item_amount)\nbase/seleniumbase.py:17: in find_element\n    return self.driver.find_element(*locator)\n/usr/local/lib/python3.11/site-packages/selenium/webdriver/remote/webdriver.py:739: in find_element\n    return self.execute(Command.FIND_ELEMENT, {\"using\": by, \"value\": value})[\"value\"]\n/usr/local/lib/python3.11/site-packages/selenium/webdriver/remote/webdriver.py:345: in execute\n    self.error_handler.check_response(response)\n_ _ _ _ _ _ _ _ _ _ _ _ _ _ _ _ _ _ _ _ _ _ _ _ _ _ _ _ _ _ _ _ _ _ _ _ _ _ _ _ \n\nself = <selenium.webdriver.remote.errorhandler.ErrorHandler object at 0x7fb2480eefd0>\nresponse = {'status': 404, 'value': '{\"value\":{\"error\":\"no such element\",\"message\":\"no such element: Unable to locate element: {\\...\\\\n#16 0x5597ef7936b4 \\\\u003Cunknown>\\\\n#17 0x5597ef7a4143 \\\\u003Cunknown>\\\\n#18 0x7fadb658f044 \\\\u003Cunknown>\\\\n\"}}'}\n\n    def check_response(self, response: Dict[str, Any]) -> None:\n        \"\"\"Checks that a JSON response from the WebDriver does not have an\n        error.\n    \n        :Args:\n         - response - The JSON response from the WebDriver server as a dictionary\n           object.\n    \n        :Raises: If the response contains an error message.\n        \"\"\"\n        status = response.get(\"status\", None)\n        if not status or status == ErrorCode.SUCCESS:\n            return\n        value = None\n        message = response.get(\"message\", \"\")\n        screen: str = response.get(\"screen\", \"\")\n        stacktrace = None\n        if isinstance(status, int):\n            value_json = response.get(\"value\", None)\n            if value_json and isinstance(value_json, str):\n                import json\n    \n                try:\n                    value = json.loads(value_json)\n                    if len(value) == 1:\n                        value = value[\"value\"]\n                    status = value.get(\"error\", None)\n                    if not status:\n                        status = value.get(\"status\", ErrorCode.UNKNOWN_ERROR)\n                        message = value.get(\"value\") or value.get(\"message\")\n                        if not isinstance(message, str):\n                            value = message\n                            message = message.get(\"message\")\n                    else:\n                        message = value.get(\"message\", None)\n                except ValueError:\n                    pass\n    \n        exception_class: Type[WebDriverException]\n        e = ErrorCode()\n        error_codes = [item for item in dir(e) if not item.startswith(\"__\")]\n        for error_code in error_codes:\n            error_info = getattr(ErrorCode, error_code)\n            if isinstance(error_info, list) and status in error_info:\n                exception_class = getattr(ExceptionMapping, error_code, WebDriverException)\n                break\n        else:\n            exception_class = WebDriverException\n    \n        if not value:\n            value = response[\"value\"]\n        if isinstance(value, str):\n            raise exception_class(value)\n        if message == \"\" and \"message\" in value:\n            message = value[\"message\"]\n    \n        screen = None  # type: ignore[assignment]\n        if \"screen\" in value:\n            screen = value[\"screen\"]\n    \n        stacktrace = None\n        st_value = value.get(\"stackTrace\") or value.get(\"stacktrace\")\n        if st_value:\n            if isinstance(st_value, str):\n                stacktrace = st_value.split(\"\\n\")\n            else:\n                stacktrace = []\n                try:\n                    for frame in st_value:\n                        line = frame.get(\"lineNumber\", \"\")\n                        file = frame.get(\"fileName\", \"<anonymous>\")\n                        if line:\n                            file = f\"{file}:{line}\"\n                        meth = frame.get(\"methodName\", \"<anonymous>\")\n                        if \"className\" in frame:\n                            meth = f\"{frame['className']}.{meth}\"\n                        msg = \"    at %s (%s)\"\n                        msg = msg % (meth, file)\n                        stacktrace.append(msg)\n                except TypeError:\n                    pass\n        if exception_class == UnexpectedAlertPresentException:\n            alert_text = None\n            if \"data\" in value:\n                alert_text = value[\"data\"].get(\"text\")\n            elif \"alert\" in value:\n                alert_text = value[\"alert\"].get(\"text\")\n            raise exception_class(message, screen, stacktrace, alert_text)  # type: ignore[call-arg]  # mypy is not smart enough here\n>       raise exception_class(message, screen, stacktrace)\nE       selenium.common.exceptions.NoSuchElementException: Message: no such element: Unable to locate element: {\"method\":\"xpath\",\"selector\":\"//input[@class='amount']\"}\nE         (Session info: headless chrome=118.0.5993.70); For documentation on this error, please visit: https://www.selenium.dev/documentation/webdriver/troubleshooting/errors#no-such-element-exception\nE       Stacktrace:\nE       #0 0x5597ef7a4fb3 <unknown>\nE       #1 0x5597ef4784a7 <unknown>\nE       #2 0x5597ef4bfdd6 <unknown>\nE       #3 0x5597ef4bfec1 <unknown>\nE       #4 0x5597ef4fd354 <unknown>\nE       #5 0x5597ef4e196d <unknown>\nE       #6 0x5597ef4fac02 <unknown>\nE       #7 0x5597ef4e1713 <unknown>\nE       #8 0x5597ef4b418b <unknown>\nE       #9 0x5597ef4b4f7e <unknown>\nE       #10 0x5597ef76a8d8 <unknown>\nE       #11 0x5597ef76e800 <unknown>\nE       #12 0x5597ef778cfc <unknown>\nE       #13 0x5597ef76f418 <unknown>\nE       #14 0x5597ef73c42f <unknown>\nE       #15 0x5597ef7934e8 <unknown>\nE       #16 0x5597ef7936b4 <unknown>\nE       #17 0x5597ef7a4143 <unknown>\nE       #18 0x7fadb658f044 <unknown>\n\n/usr/local/lib/python3.11/site-packages/selenium/webdriver/remote/errorhandler.py:229: NoSuchElementException","steps":[{"name":"Добавляем товар в корзину в количестве 666","time":{"start":1698281667726,"stop":1698281667833,"duration":107},"status":"broken","statusMessage":"selenium.common.exceptions.NoSuchElementException: Message: no such element: Unable to locate element: {\"method\":\"xpath\",\"selector\":\"//input[@class='amount']\"}\n  (Session info: headless chrome=118.0.5993.70); For documentation on this error, please visit: https://www.selenium.dev/documentation/webdriver/troubleshooting/errors#no-such-element-exception\nStacktrace:\n#0 0x5597ef7a4fb3 <unknown>\n#1 0x5597ef4784a7 <unknown>\n#2 0x5597ef4bfdd6 <unknown>\n#3 0x5597ef4bfec1 <unknown>\n#4 0x5597ef4fd354 <unknown>\n#5 0x5597ef4e196d <unknown>\n#6 0x5597ef4fac02 <unknown>\n#7 0x5597ef4e1713 <unknown>\n#8 0x5597ef4b418b <unknown>\n#9 0x5597ef4b4f7e <unknown>\n#10 0x5597ef76a8d8 <unknown>\n#11 0x5597ef76e800 <unknown>\n#12 0x5597ef778cfc <unknown>\n#13 0x5597ef76f418 <unknown>\n#14 0x5597ef73c42f <unknown>\n#15 0x5597ef7934e8 <unknown>\n#16 0x5597ef7936b4 <unknown>\n#17 0x5597ef7a4143 <unknown>\n#18 0x7fadb658f044 <unknown>\n\n","statusTrace":"  File \"/usr/local/lib/python3.11/site-packages/allure_commons/_allure.py\", line 192, in impl\n    return func(*a, **kw)\n           ^^^^^^^^^^^^^^\n  File \"/app/pages/item_page.py\", line 41, in add_item_to_cart\n    amount_field = self.find_element(self._item_amount)\n                   ^^^^^^^^^^^^^^^^^^^^^^^^^^^^^^^^^^^^\n  File \"/app/base/seleniumbase.py\", line 17, in find_element\n    return self.driver.find_element(*locator)\n           ^^^^^^^^^^^^^^^^^^^^^^^^^^^^^^^^^^\n  File \"/usr/local/lib/python3.11/site-packages/selenium/webdriver/remote/webdriver.py\", line 739, in find_element\n    return self.execute(Command.FIND_ELEMENT, {\"using\": by, \"value\": value})[\"value\"]\n           ^^^^^^^^^^^^^^^^^^^^^^^^^^^^^^^^^^^^^^^^^^^^^^^^^^^^^^^^^^^^^^^^^\n  File \"/usr/local/lib/python3.11/site-packages/selenium/webdriver/remote/webdriver.py\", line 345, in execute\n    self.error_handler.check_response(response)\n  File \"/usr/local/lib/python3.11/site-packages/selenium/webdriver/remote/errorhandler.py\", line 229, in check_response\n    raise exception_class(message, screen, stacktrace)\n","steps":[],"attachments":[],"parameters":[{"name":"amount","value":"666"}],"shouldDisplayMessage":true,"stepsCount":0,"attachmentsCount":0,"hasContent":true}],"attachments":[{"uid":"dac285c1ec84658e","name":"Screenshot","source":"dac285c1ec84658e.png","type":"image/png","size":115178},{"uid":"1dedea33387d496c","name":"HTML source","source":"1dedea33387d496c.html","type":"text/html","size":303988}],"parameters":[],"shouldDisplayMessage":true,"stepsCount":1,"attachmentsCount":2,"hasContent":true},"afterStages":[{"name":"setup::0","time":{"start":1698281668027,"stop":1698281668027,"duration":0},"status":"passed","steps":[],"attachments":[],"parameters":[],"shouldDisplayMessage":false,"stepsCount":0,"attachmentsCount":0,"hasContent":false},{"name":"driver::0","time":{"start":1698281668028,"stop":1698281668089,"duration":61},"status":"passed","steps":[],"attachments":[],"parameters":[],"shouldDisplayMessage":false,"stepsCount":0,"attachmentsCount":0,"hasContent":false}],"labels":[{"name":"epic","value":"Delivery Page - calculation"},{"name":"tag","value":"smoke_test"},{"name":"tag","value":"@pytest.mark.xfail"},{"name":"parentSuite","value":"tests.delivery"},{"name":"suite","value":"test_delivery_calculation"},{"name":"subSuite","value":"TestDeliveryPageCalculation"},{"name":"host","value":"330ab4ff7306"},{"name":"thread","value":"1-MainThread"},{"name":"framework","value":"pytest"},{"name":"language","value":"cpython3"},{"name":"package","value":"tests.delivery.test_delivery_calculation"},{"name":"resultFormat","value":"allure2"}],"parameters":[{"name":"all_time","value":"23900"},{"name":"amount","value":"666"},{"name":"case_id","value":"'TD 027'"},{"name":"in_time","value":"16900"},{"name":"link_item","value":"'products/shtukaturka-gipsovaya-aksolit-m50-30-kg-mashinnogo-naneseniya'"},{"name":"standard","value":"14000"},{"name":"url","value":"'https://sandboxtest.stroyrem-nn.ru/'"},{"name":"weight","value":"20000"}],"links":[],"hidden":false,"retry":false,"extra":{"severity":"normal","retries":[],"categories":[],"history":{"statistic":{"failed":0,"broken":0,"skipped":78,"passed":0,"unknown":0,"total":78},"items":[{"uid":"6e0b00c8a9327604","reportUrl":"https://Nat754.github.io/StroyremAutomation/105//#testresult/6e0b00c8a9327604","status":"skipped","statusDetails":"XFAIL\n\nselenium.common.exceptions.NoSuchElementException: Message: no such element: Unable to locate element: {\"method\":\"xpath\",\"selector\":\"//input[@class='amount']\"}\n  (Session info: headless chrome=118.0.5993.70); For documentation on this error, please visit: https://www.selenium.dev/documentation/webdriver/troubleshooting/errors#no-such-element-exception\nStacktrace:\n#0 0x55b2a7655fb3 <unknown>\n#1 0x55b2a73294a7 <unknown>\n#2 0x55b2a7370dd6 <unknown>\n#3 0x55b2a7370ec1 <unknown>\n#4 0x55b2a73ae354 <unknown>\n#5 0x55b2a739296d <unknown>\n#6 0x55b2a73abc02 <unknown>\n#7 0x55b2a7392713 <unknown>\n#8 0x55b2a736518b <unknown>\n#9 0x55b2a7365f7e <unknown>\n#10 0x55b2a761b8d8 <unknown>\n#11 0x55b2a761f800 <unknown>\n#12 0x55b2a7629cfc <unknown>\n#13 0x55b2a7620418 <unknown>\n#14 0x55b2a75ed42f <unknown>\n#15 0x55b2a76444e8 <unknown>\n#16 0x55b2a76446b4 <unknown>\n#17 0x55b2a7655143 <unknown>\n#18 0x7fe291eab044 <unknown>","time":{"start":1698195282964,"stop":1698195287572,"duration":4608}},{"uid":"cd1270ec8dedcc3","reportUrl":"https://Nat754.github.io/StroyremAutomation/104//#testresult/cd1270ec8dedcc3","status":"skipped","statusDetails":"XFAIL\n\nselenium.common.exceptions.NoSuchElementException: Message: no such element: Unable to locate element: {\"method\":\"xpath\",\"selector\":\"//input[@class='amount']\"}\n  (Session info: headless chrome=118.0.5993.70); For documentation on this error, please visit: https://www.selenium.dev/documentation/webdriver/troubleshooting/errors#no-such-element-exception\nStacktrace:\n#0 0x564e77348fb3 <unknown>\n#1 0x564e7701c4a7 <unknown>\n#2 0x564e77063dd6 <unknown>\n#3 0x564e77063ec1 <unknown>\n#4 0x564e770a1354 <unknown>\n#5 0x564e7708596d <unknown>\n#6 0x564e7709ec02 <unknown>\n#7 0x564e77085713 <unknown>\n#8 0x564e7705818b <unknown>\n#9 0x564e77058f7e <unknown>\n#10 0x564e7730e8d8 <unknown>\n#11 0x564e77312800 <unknown>\n#12 0x564e7731ccfc <unknown>\n#13 0x564e77313418 <unknown>\n#14 0x564e772e042f <unknown>\n#15 0x564e773374e8 <unknown>\n#16 0x564e773376b4 <unknown>\n#17 0x564e77348143 <unknown>\n#18 0x7f46edde5044 <unknown>","time":{"start":1698108933857,"stop":1698108939421,"duration":5564}},{"uid":"f70e906df9de2497","reportUrl":"https://Nat754.github.io/StroyremAutomation/103//#testresult/f70e906df9de2497","status":"skipped","statusDetails":"XFAIL\n\nselenium.common.exceptions.NoSuchElementException: Message: no such element: Unable to locate element: {\"method\":\"xpath\",\"selector\":\"//input[@class='amount']\"}\n  (Session info: headless chrome=118.0.5993.70); For documentation on this error, please visit: https://www.selenium.dev/documentation/webdriver/troubleshooting/errors#no-such-element-exception\nStacktrace:\n#0 0x563318a7efb3 <unknown>\n#1 0x5633187524a7 <unknown>\n#2 0x563318799dd6 <unknown>\n#3 0x563318799ec1 <unknown>\n#4 0x5633187d7354 <unknown>\n#5 0x5633187bb96d <unknown>\n#6 0x5633187d4c02 <unknown>\n#7 0x5633187bb713 <unknown>\n#8 0x56331878e18b <unknown>\n#9 0x56331878ef7e <unknown>\n#10 0x563318a448d8 <unknown>\n#11 0x563318a48800 <unknown>\n#12 0x563318a52cfc <unknown>\n#13 0x563318a49418 <unknown>\n#14 0x563318a1642f <unknown>\n#15 0x563318a6d4e8 <unknown>\n#16 0x563318a6d6b4 <unknown>\n#17 0x563318a7e143 <unknown>\n#18 0x7f5e437e8044 <unknown>","time":{"start":1698022655976,"stop":1698022662111,"duration":6135}},{"uid":"bf08bf1d0787dac","reportUrl":"https://Nat754.github.io/StroyremAutomation/102//#testresult/bf08bf1d0787dac","status":"skipped","statusDetails":"XFAIL\n\nselenium.common.exceptions.NoSuchElementException: Message: no such element: Unable to locate element: {\"method\":\"xpath\",\"selector\":\"//input[@class='amount']\"}\n  (Session info: headless chrome=118.0.5993.70); For documentation on this error, please visit: https://www.selenium.dev/documentation/webdriver/troubleshooting/errors#no-such-element-exception\nStacktrace:\n#0 0x56049aea2fb3 <unknown>\n#1 0x56049ab764a7 <unknown>\n#2 0x56049abbddd6 <unknown>\n#3 0x56049abbdec1 <unknown>\n#4 0x56049abfb354 <unknown>\n#5 0x56049abdf96d <unknown>\n#6 0x56049abf8c02 <unknown>\n#7 0x56049abdf713 <unknown>\n#8 0x56049abb218b <unknown>\n#9 0x56049abb2f7e <unknown>\n#10 0x56049ae688d8 <unknown>\n#11 0x56049ae6c800 <unknown>\n#12 0x56049ae76cfc <unknown>\n#13 0x56049ae6d418 <unknown>\n#14 0x56049ae3a42f <unknown>\n#15 0x56049ae914e8 <unknown>\n#16 0x56049ae916b4 <unknown>\n#17 0x56049aea2143 <unknown>\n#18 0x7faf92a4c044 <unknown>","time":{"start":1697936314751,"stop":1697936319106,"duration":4355}},{"uid":"3968eeef06629f8","reportUrl":"https://Nat754.github.io/StroyremAutomation/101//#testresult/3968eeef06629f8","status":"skipped","statusDetails":"XFAIL\n\nselenium.common.exceptions.NoSuchElementException: Message: no such element: Unable to locate element: {\"method\":\"xpath\",\"selector\":\"//input[@class='amount']\"}\n  (Session info: headless chrome=118.0.5993.70); For documentation on this error, please visit: https://www.selenium.dev/documentation/webdriver/troubleshooting/errors#no-such-element-exception\nStacktrace:\n#0 0x5564c49a0fb3 <unknown>\n#1 0x5564c46744a7 <unknown>\n#2 0x5564c46bbdd6 <unknown>\n#3 0x5564c46bbec1 <unknown>\n#4 0x5564c46f9354 <unknown>\n#5 0x5564c46dd96d <unknown>\n#6 0x5564c46f6c02 <unknown>\n#7 0x5564c46dd713 <unknown>\n#8 0x5564c46b018b <unknown>\n#9 0x5564c46b0f7e <unknown>\n#10 0x5564c49668d8 <unknown>\n#11 0x5564c496a800 <unknown>\n#12 0x5564c4974cfc <unknown>\n#13 0x5564c496b418 <unknown>\n#14 0x5564c493842f <unknown>\n#15 0x5564c498f4e8 <unknown>\n#16 0x5564c498f6b4 <unknown>\n#17 0x5564c49a0143 <unknown>\n#18 0x7fe3881f9044 <unknown>","time":{"start":1697849694425,"stop":1697849700724,"duration":6299}},{"uid":"8374145da07eedd1","reportUrl":"https://Nat754.github.io/StroyremAutomation/100//#testresult/8374145da07eedd1","status":"skipped","statusDetails":"XFAIL\n\nselenium.common.exceptions.NoSuchElementException: Message: no such element: Unable to locate element: {\"method\":\"xpath\",\"selector\":\"//input[@class='amount']\"}\n  (Session info: headless chrome=118.0.5993.70); For documentation on this error, please visit: https://www.selenium.dev/documentation/webdriver/troubleshooting/errors#no-such-element-exception\nStacktrace:\n#0 0x55e1af5c3fb3 <unknown>\n#1 0x55e1af2974a7 <unknown>\n#2 0x55e1af2dedd6 <unknown>\n#3 0x55e1af2deec1 <unknown>\n#4 0x55e1af31c354 <unknown>\n#5 0x55e1af30096d <unknown>\n#6 0x55e1af319c02 <unknown>\n#7 0x55e1af300713 <unknown>\n#8 0x55e1af2d318b <unknown>\n#9 0x55e1af2d3f7e <unknown>\n#10 0x55e1af5898d8 <unknown>\n#11 0x55e1af58d800 <unknown>\n#12 0x55e1af597cfc <unknown>\n#13 0x55e1af58e418 <unknown>\n#14 0x55e1af55b42f <unknown>\n#15 0x55e1af5b24e8 <unknown>\n#16 0x55e1af5b26b4 <unknown>\n#17 0x55e1af5c3143 <unknown>\n#18 0x7f17d87b8044 <unknown>","time":{"start":1697763338378,"stop":1697763343449,"duration":5071}},{"uid":"3d4e6c248a86d069","reportUrl":"https://Nat754.github.io/StroyremAutomation/99//#testresult/3d4e6c248a86d069","status":"skipped","statusDetails":"XFAIL\n\nselenium.common.exceptions.NoSuchElementException: Message: no such element: Unable to locate element: {\"method\":\"xpath\",\"selector\":\"//input[@class='amount']\"}\n  (Session info: headless chrome=118.0.5993.70); For documentation on this error, please visit: https://www.selenium.dev/documentation/webdriver/troubleshooting/errors#no-such-element-exception\nStacktrace:\n#0 0x55840cc3ffb3 <unknown>\n#1 0x55840c9134a7 <unknown>\n#2 0x55840c95add6 <unknown>\n#3 0x55840c95aec1 <unknown>\n#4 0x55840c998354 <unknown>\n#5 0x55840c97c96d <unknown>\n#6 0x55840c995c02 <unknown>\n#7 0x55840c97c713 <unknown>\n#8 0x55840c94f18b <unknown>\n#9 0x55840c94ff7e <unknown>\n#10 0x55840cc058d8 <unknown>\n#11 0x55840cc09800 <unknown>\n#12 0x55840cc13cfc <unknown>\n#13 0x55840cc0a418 <unknown>\n#14 0x55840cbd742f <unknown>\n#15 0x55840cc2e4e8 <unknown>\n#16 0x55840cc2e6b4 <unknown>\n#17 0x55840cc3f143 <unknown>\n#18 0x7f07c9f02044 <unknown>","time":{"start":1697676923794,"stop":1697676928829,"duration":5035}},{"uid":"b51e0662d653ae0e","reportUrl":"https://Nat754.github.io/StroyremAutomation/98//#testresult/b51e0662d653ae0e","status":"skipped","statusDetails":"XFAIL\n\nselenium.common.exceptions.NoSuchElementException: Message: no such element: Unable to locate element: {\"method\":\"xpath\",\"selector\":\"//input[@class='amount']\"}\n  (Session info: headless chrome=118.0.5993.70); For documentation on this error, please visit: https://www.selenium.dev/documentation/webdriver/troubleshooting/errors#no-such-element-exception\nStacktrace:\n#0 0x5615f87e2fb3 <unknown>\n#1 0x5615f84b64a7 <unknown>\n#2 0x5615f84fddd6 <unknown>\n#3 0x5615f84fdec1 <unknown>\n#4 0x5615f853b354 <unknown>\n#5 0x5615f851f96d <unknown>\n#6 0x5615f8538c02 <unknown>\n#7 0x5615f851f713 <unknown>\n#8 0x5615f84f218b <unknown>\n#9 0x5615f84f2f7e <unknown>\n#10 0x5615f87a88d8 <unknown>\n#11 0x5615f87ac800 <unknown>\n#12 0x5615f87b6cfc <unknown>\n#13 0x5615f87ad418 <unknown>\n#14 0x5615f877a42f <unknown>\n#15 0x5615f87d14e8 <unknown>\n#16 0x5615f87d16b4 <unknown>\n#17 0x5615f87e2143 <unknown>\n#18 0x7f6dacf2d044 <unknown>","time":{"start":1697590519762,"stop":1697590524475,"duration":4713}},{"uid":"9b9a8c969cb3d3b8","reportUrl":"https://Nat754.github.io/StroyremAutomation/97//#testresult/9b9a8c969cb3d3b8","status":"skipped","statusDetails":"XFAIL\n\nselenium.common.exceptions.NoSuchElementException: Message: no such element: Unable to locate element: {\"method\":\"xpath\",\"selector\":\"//input[@class='amount']\"}\n  (Session info: headless chrome=118.0.5993.70); For documentation on this error, please visit: https://www.selenium.dev/documentation/webdriver/troubleshooting/errors#no-such-element-exception\nStacktrace:\n#0 0x558568a89fb3 <unknown>\n#1 0x55856875d4a7 <unknown>\n#2 0x5585687a4dd6 <unknown>\n#3 0x5585687a4ec1 <unknown>\n#4 0x5585687e2354 <unknown>\n#5 0x5585687c696d <unknown>\n#6 0x5585687dfc02 <unknown>\n#7 0x5585687c6713 <unknown>\n#8 0x55856879918b <unknown>\n#9 0x558568799f7e <unknown>\n#10 0x558568a4f8d8 <unknown>\n#11 0x558568a53800 <unknown>\n#12 0x558568a5dcfc <unknown>\n#13 0x558568a54418 <unknown>\n#14 0x558568a2142f <unknown>\n#15 0x558568a784e8 <unknown>\n#16 0x558568a786b4 <unknown>\n#17 0x558568a89143 <unknown>\n#18 0x7f2a5035b044 <unknown>","time":{"start":1697504193247,"stop":1697504198575,"duration":5328}},{"uid":"3b208726cff06e97","reportUrl":"https://Nat754.github.io/StroyremAutomation/96//#testresult/3b208726cff06e97","status":"skipped","statusDetails":"XFAIL\n\nselenium.common.exceptions.NoSuchElementException: Message: no such element: Unable to locate element: {\"method\":\"xpath\",\"selector\":\"//input[@class='amount']\"}\n  (Session info: headless chrome=118.0.5993.70); For documentation on this error, please visit: https://www.selenium.dev/documentation/webdriver/troubleshooting/errors#no-such-element-exception\nStacktrace:\n#0 0x55ce575dffb3 <unknown>\n#1 0x55ce572b34a7 <unknown>\n#2 0x55ce572fadd6 <unknown>\n#3 0x55ce572faec1 <unknown>\n#4 0x55ce57338354 <unknown>\n#5 0x55ce5731c96d <unknown>\n#6 0x55ce57335c02 <unknown>\n#7 0x55ce5731c713 <unknown>\n#8 0x55ce572ef18b <unknown>\n#9 0x55ce572eff7e <unknown>\n#10 0x55ce575a58d8 <unknown>\n#11 0x55ce575a9800 <unknown>\n#12 0x55ce575b3cfc <unknown>\n#13 0x55ce575aa418 <unknown>\n#14 0x55ce5757742f <unknown>\n#15 0x55ce575ce4e8 <unknown>\n#16 0x55ce575ce6b4 <unknown>\n#17 0x55ce575df143 <unknown>\n#18 0x7fb90b940044 <unknown>","time":{"start":1697417820381,"stop":1697417826233,"duration":5852}},{"uid":"a52da367ab633b6a","reportUrl":"https://Nat754.github.io/StroyremAutomation/95//#testresult/a52da367ab633b6a","status":"skipped","statusDetails":"XFAIL\n\nselenium.common.exceptions.NoSuchElementException: Message: no such element: Unable to locate element: {\"method\":\"xpath\",\"selector\":\"(//a[@class='add-to-cart yellow-btn'])[1]\"}\n  (Session info: headless chrome=118.0.5993.70); For documentation on this error, please visit: https://www.selenium.dev/documentation/webdriver/troubleshooting/errors#no-such-element-exception\nStacktrace:\n#0 0x56255f8cdfb3 <unknown>\n#1 0x56255f5a14a7 <unknown>\n#2 0x56255f5e8dd6 <unknown>\n#3 0x56255f5e8ec1 <unknown>\n#4 0x56255f626354 <unknown>\n#5 0x56255f60a96d <unknown>\n#6 0x56255f623c02 <unknown>\n#7 0x56255f60a713 <unknown>\n#8 0x56255f5dd18b <unknown>\n#9 0x56255f5ddf7e <unknown>\n#10 0x56255f8938d8 <unknown>\n#11 0x56255f897800 <unknown>\n#12 0x56255f8a1cfc <unknown>\n#13 0x56255f898418 <unknown>\n#14 0x56255f86542f <unknown>\n#15 0x56255f8bc4e8 <unknown>\n#16 0x56255f8bc6b4 <unknown>\n#17 0x56255f8cd143 <unknown>\n#18 0x7f43c551d044 <unknown>","time":{"start":1697331498447,"stop":1697331499120,"duration":673}},{"uid":"3d3512f3b5095d0","reportUrl":"https://Nat754.github.io/StroyremAutomation/94//#testresult/3d3512f3b5095d0","status":"skipped","statusDetails":"XFAIL\n\nselenium.common.exceptions.NoSuchElementException: Message: no such element: Unable to locate element: {\"method\":\"xpath\",\"selector\":\"//input[@class='amount']\"}\n  (Session info: headless chrome=118.0.5993.70); For documentation on this error, please visit: https://www.selenium.dev/documentation/webdriver/troubleshooting/errors#no-such-element-exception\nStacktrace:\n#0 0x556ac0f16fb3 <unknown>\n#1 0x556ac0bea4a7 <unknown>\n#2 0x556ac0c31dd6 <unknown>\n#3 0x556ac0c31ec1 <unknown>\n#4 0x556ac0c6f354 <unknown>\n#5 0x556ac0c5396d <unknown>\n#6 0x556ac0c6cc02 <unknown>\n#7 0x556ac0c53713 <unknown>\n#8 0x556ac0c2618b <unknown>\n#9 0x556ac0c26f7e <unknown>\n#10 0x556ac0edc8d8 <unknown>\n#11 0x556ac0ee0800 <unknown>\n#12 0x556ac0eeacfc <unknown>\n#13 0x556ac0ee1418 <unknown>\n#14 0x556ac0eae42f <unknown>\n#15 0x556ac0f054e8 <unknown>\n#16 0x556ac0f056b4 <unknown>\n#17 0x556ac0f16143 <unknown>\n#18 0x7fb8e4805044 <unknown>","time":{"start":1697245093637,"stop":1697245098563,"duration":4926}},{"uid":"4d050f02ee79aafb","reportUrl":"https://Nat754.github.io/StroyremAutomation/93//#testresult/4d050f02ee79aafb","status":"skipped","statusDetails":"XFAIL\n\nselenium.common.exceptions.NoSuchElementException: Message: no such element: Unable to locate element: {\"method\":\"xpath\",\"selector\":\"(//a[@class='add-to-cart yellow-btn'])[1]\"}\n  (Session info: headless chrome=118.0.5993.70); For documentation on this error, please visit: https://www.selenium.dev/documentation/webdriver/troubleshooting/errors#no-such-element-exception\nStacktrace:\n#0 0x55c1f4bf3fb3 <unknown>\n#1 0x55c1f48c74a7 <unknown>\n#2 0x55c1f490edd6 <unknown>\n#3 0x55c1f490eec1 <unknown>\n#4 0x55c1f494c354 <unknown>\n#5 0x55c1f493096d <unknown>\n#6 0x55c1f4949c02 <unknown>\n#7 0x55c1f4930713 <unknown>\n#8 0x55c1f490318b <unknown>\n#9 0x55c1f4903f7e <unknown>\n#10 0x55c1f4bb98d8 <unknown>\n#11 0x55c1f4bbd800 <unknown>\n#12 0x55c1f4bc7cfc <unknown>\n#13 0x55c1f4bbe418 <unknown>\n#14 0x55c1f4b8b42f <unknown>\n#15 0x55c1f4be24e8 <unknown>\n#16 0x55c1f4be26b4 <unknown>\n#17 0x55c1f4bf3143 <unknown>\n#18 0x7fba2d171044 <unknown>","time":{"start":1697158616937,"stop":1697158625402,"duration":8465}},{"uid":"fe5943c76b991240","reportUrl":"https://Nat754.github.io/StroyremAutomation/92//#testresult/fe5943c76b991240","status":"skipped","statusDetails":"XFAIL\n\nselenium.common.exceptions.NoSuchElementException: Message: no such element: Unable to locate element: {\"method\":\"xpath\",\"selector\":\"(//a[@class='add-to-cart yellow-btn'])[1]\"}\n  (Session info: headless chrome=118.0.5993.70); For documentation on this error, please visit: https://www.selenium.dev/documentation/webdriver/troubleshooting/errors#no-such-element-exception\nStacktrace:\n#0 0x560c6f65ffb3 <unknown>\n#1 0x560c6f3334a7 <unknown>\n#2 0x560c6f37add6 <unknown>\n#3 0x560c6f37aec1 <unknown>\n#4 0x560c6f3b8354 <unknown>\n#5 0x560c6f39c96d <unknown>\n#6 0x560c6f3b5c02 <unknown>\n#7 0x560c6f39c713 <unknown>\n#8 0x560c6f36f18b <unknown>\n#9 0x560c6f36ff7e <unknown>\n#10 0x560c6f6258d8 <unknown>\n#11 0x560c6f629800 <unknown>\n#12 0x560c6f633cfc <unknown>\n#13 0x560c6f62a418 <unknown>\n#14 0x560c6f5f742f <unknown>\n#15 0x560c6f64e4e8 <unknown>\n#16 0x560c6f64e6b4 <unknown>\n#17 0x560c6f65f143 <unknown>\n#18 0x7f0e9f757044 <unknown>","time":{"start":1697071969297,"stop":1697071973003,"duration":3706}},{"uid":"ac389a7e09c7751d","reportUrl":"https://Nat754.github.io/StroyremAutomation/91//#testresult/ac389a7e09c7751d","status":"skipped","statusDetails":"XFAIL\n\nselenium.common.exceptions.NoSuchElementException: Message: no such element: Unable to locate element: {\"method\":\"xpath\",\"selector\":\"(//a[@class='add-to-cart yellow-btn'])[1]\"}\n  (Session info: headless chrome=118.0.5993.70); For documentation on this error, please visit: https://www.selenium.dev/documentation/webdriver/troubleshooting/errors#no-such-element-exception\nStacktrace:\n#0 0x563218d51fb3 <unknown>\n#1 0x563218a254a7 <unknown>\n#2 0x563218a6cdd6 <unknown>\n#3 0x563218a6cec1 <unknown>\n#4 0x563218aaa354 <unknown>\n#5 0x563218a8e96d <unknown>\n#6 0x563218aa7c02 <unknown>\n#7 0x563218a8e713 <unknown>\n#8 0x563218a6118b <unknown>\n#9 0x563218a61f7e <unknown>\n#10 0x563218d178d8 <unknown>\n#11 0x563218d1b800 <unknown>\n#12 0x563218d25cfc <unknown>\n#13 0x563218d1c418 <unknown>\n#14 0x563218ce942f <unknown>\n#15 0x563218d404e8 <unknown>\n#16 0x563218d406b4 <unknown>\n#17 0x563218d51143 <unknown>\n#18 0x7f5fc91c4044 <unknown>","time":{"start":1696985664709,"stop":1696985667863,"duration":3154}},{"uid":"74a894d4225e3c0f","reportUrl":"https://Nat754.github.io/StroyremAutomation/90//#testresult/74a894d4225e3c0f","status":"skipped","statusDetails":"XFAIL\n\nselenium.common.exceptions.NoSuchElementException: Message: no such element: Unable to locate element: {\"method\":\"xpath\",\"selector\":\"(//a[@class='add-to-cart yellow-btn'])[1]\"}\n  (Session info: headless chrome=117.0.5938.149); For documentation on this error, please visit: https://www.selenium.dev/documentation/webdriver/troubleshooting/errors#no-such-element-exception\nStacktrace:\n#0 0x5635de3b7933 <unknown>\n#1 0x5635de0916f7 <unknown>\n#2 0x5635de0d8aa6 <unknown>\n#3 0x5635de0d8b91 <unknown>\n#4 0x5635de115fc4 <unknown>\n#5 0x5635de0fa62d <unknown>\n#6 0x5635de113857 <unknown>\n#7 0x5635de0fa3d3 <unknown>\n#8 0x5635de0cce64 <unknown>\n#9 0x5635de0cdc4e <unknown>\n#10 0x5635de37d558 <unknown>\n#11 0x5635de3814a0 <unknown>\n#12 0x5635de38b97c <unknown>\n#13 0x5635de3820b8 <unknown>\n#14 0x5635de34dcdf <unknown>\n#15 0x5635de3a6048 <unknown>\n#16 0x5635de3a6219 <unknown>\n#17 0x5635de3b6ac3 <unknown>\n#18 0x7f5565b1e044 <unknown>","time":{"start":1696899185750,"stop":1696899186263,"duration":513}},{"uid":"bf033012715fb19d","reportUrl":"https://Nat754.github.io/StroyremAutomation/89//#testresult/bf033012715fb19d","status":"skipped","statusDetails":"XFAIL\n\nselenium.common.exceptions.NoSuchElementException: Message: no such element: Unable to locate element: {\"method\":\"xpath\",\"selector\":\"(//a[@class='add-to-cart yellow-btn'])[1]\"}\n  (Session info: headless chrome=117.0.5938.149); For documentation on this error, please visit: https://www.selenium.dev/documentation/webdriver/troubleshooting/errors#no-such-element-exception\nStacktrace:\n#0 0x55baf086b933 <unknown>\n#1 0x55baf05456f7 <unknown>\n#2 0x55baf058caa6 <unknown>\n#3 0x55baf058cb91 <unknown>\n#4 0x55baf05c9fc4 <unknown>\n#5 0x55baf05ae62d <unknown>\n#6 0x55baf05c7857 <unknown>\n#7 0x55baf05ae3d3 <unknown>\n#8 0x55baf0580e64 <unknown>\n#9 0x55baf0581c4e <unknown>\n#10 0x55baf0831558 <unknown>\n#11 0x55baf08354a0 <unknown>\n#12 0x55baf083f97c <unknown>\n#13 0x55baf08360b8 <unknown>\n#14 0x55baf0801cdf <unknown>\n#15 0x55baf085a048 <unknown>\n#16 0x55baf085a219 <unknown>\n#17 0x55baf086aac3 <unknown>\n#18 0x7fa97d90e044 <unknown>","time":{"start":1696812804012,"stop":1696812804413,"duration":401}},{"uid":"4be2b1b409cb2160","reportUrl":"https://Nat754.github.io/StroyremAutomation/88//#testresult/4be2b1b409cb2160","status":"skipped","statusDetails":"XFAIL\n\nselenium.common.exceptions.NoSuchElementException: Message: no such element: Unable to locate element: {\"method\":\"xpath\",\"selector\":\"(//a[@class='add-to-cart yellow-btn'])[1]\"}\n  (Session info: headless chrome=117.0.5938.149); For documentation on this error, please visit: https://www.selenium.dev/documentation/webdriver/troubleshooting/errors#no-such-element-exception\nStacktrace:\n#0 0x55692e993933 <unknown>\n#1 0x55692e66d6f7 <unknown>\n#2 0x55692e6b4aa6 <unknown>\n#3 0x55692e6b4b91 <unknown>\n#4 0x55692e6f1fc4 <unknown>\n#5 0x55692e6d662d <unknown>\n#6 0x55692e6ef857 <unknown>\n#7 0x55692e6d63d3 <unknown>\n#8 0x55692e6a8e64 <unknown>\n#9 0x55692e6a9c4e <unknown>\n#10 0x55692e959558 <unknown>\n#11 0x55692e95d4a0 <unknown>\n#12 0x55692e96797c <unknown>\n#13 0x55692e95e0b8 <unknown>\n#14 0x55692e929cdf <unknown>\n#15 0x55692e982048 <unknown>\n#16 0x55692e982219 <unknown>\n#17 0x55692e992ac3 <unknown>\n#18 0x7fd1cdc97044 <unknown>","time":{"start":1696726719379,"stop":1696726720258,"duration":879}},{"uid":"bbb423ec6e80dac","reportUrl":"https://Nat754.github.io/StroyremAutomation/87//#testresult/bbb423ec6e80dac","status":"skipped","statusDetails":"XFAIL\n\nselenium.common.exceptions.NoSuchElementException: Message: no such element: Unable to locate element: {\"method\":\"xpath\",\"selector\":\"(//a[@class='add-to-cart yellow-btn'])[1]\"}\n  (Session info: headless chrome=117.0.5938.149); For documentation on this error, please visit: https://www.selenium.dev/documentation/webdriver/troubleshooting/errors#no-such-element-exception\nStacktrace:\n#0 0x55d498975933 <unknown>\n#1 0x55d49864f6f7 <unknown>\n#2 0x55d498696aa6 <unknown>\n#3 0x55d498696b91 <unknown>\n#4 0x55d4986d3fc4 <unknown>\n#5 0x55d4986b862d <unknown>\n#6 0x55d4986d1857 <unknown>\n#7 0x55d4986b83d3 <unknown>\n#8 0x55d49868ae64 <unknown>\n#9 0x55d49868bc4e <unknown>\n#10 0x55d49893b558 <unknown>\n#11 0x55d49893f4a0 <unknown>\n#12 0x55d49894997c <unknown>\n#13 0x55d4989400b8 <unknown>\n#14 0x55d49890bcdf <unknown>\n#15 0x55d498964048 <unknown>\n#16 0x55d498964219 <unknown>\n#17 0x55d498974ac3 <unknown>\n#18 0x7fcb0b3da044 <unknown>","time":{"start":1696639935050,"stop":1696639935840,"duration":790}},{"uid":"50e0be38e15986ed","reportUrl":"https://Nat754.github.io/StroyremAutomation/86//#testresult/50e0be38e15986ed","status":"skipped","statusDetails":"XFAIL\n\nselenium.common.exceptions.NoSuchElementException: Message: no such element: Unable to locate element: {\"method\":\"xpath\",\"selector\":\"(//a[@class='add-to-cart yellow-btn'])[1]\"}\n  (Session info: headless chrome=117.0.5938.149); For documentation on this error, please visit: https://www.selenium.dev/documentation/webdriver/troubleshooting/errors#no-such-element-exception\nStacktrace:\n#0 0x565386259933 <unknown>\n#1 0x565385f336f7 <unknown>\n#2 0x565385f7aaa6 <unknown>\n#3 0x565385f7ab91 <unknown>\n#4 0x565385fb7fc4 <unknown>\n#5 0x565385f9c62d <unknown>\n#6 0x565385fb5857 <unknown>\n#7 0x565385f9c3d3 <unknown>\n#8 0x565385f6ee64 <unknown>\n#9 0x565385f6fc4e <unknown>\n#10 0x56538621f558 <unknown>\n#11 0x5653862234a0 <unknown>\n#12 0x56538622d97c <unknown>\n#13 0x5653862240b8 <unknown>\n#14 0x5653861efcdf <unknown>\n#15 0x565386248048 <unknown>\n#16 0x565386248219 <unknown>\n#17 0x565386258ac3 <unknown>\n#18 0x7f9f49b8f044 <unknown>","time":{"start":1696553580275,"stop":1696553581087,"duration":812}}]},"tags":["@pytest.mark.xfail","smoke_test"]},"source":"d2c1df3f600fe769.json","parameterValues":["23900","666","'TD 027'","16900","'products/shtukaturka-gipsovaya-aksolit-m50-30-kg-mashinnogo-naneseniya'","14000","'https://sandboxtest.stroyrem-nn.ru/'","20000"]}