{"uid":"2a272fd0c3c0f4a0","name":"TD 024 Доставка товара весом до 9000кг. в синей зоне","fullName":"tests.delivery.test_delivery_calculation.TestDeliveryPageCalculation#test_positive_delivery_blue_zone_smoke","historyId":"69e5dca98f2a435ef5ba1c77ef0ca605","time":{"start":1726534567623,"stop":1726534568088,"duration":465},"status":"skipped","statusMessage":"XFAIL\n\nselenium.common.exceptions.NoSuchElementException: Message: no such element: Unable to locate element: {\"method\":\"xpath\",\"selector\":\"(//a[@class='add-to-cart yellow-btn'])[1]\"}\n  (Session info: chrome=128.0.6613.137); For documentation on this error, please visit: https://www.selenium.dev/documentation/webdriver/troubleshooting/errors#no-such-element-exception\nStacktrace:\n#0 0x55e0b35942da <unknown>\n#1 0x55e0b3262200 <unknown>\n#2 0x55e0b32b1aa2 <unknown>\n#3 0x55e0b32b1d41 <unknown>\n#4 0x55e0b32f7964 <unknown>\n#5 0x55e0b32d68fd <unknown>\n#6 0x55e0b32f4dfd <unknown>\n#7 0x55e0b32d6673 <unknown>\n#8 0x55e0b32a4473 <unknown>\n#9 0x55e0b32a547e <unknown>\n#10 0x55e0b355b0db <unknown>\n#11 0x55e0b355f071 <unknown>\n#12 0x55e0b35479d5 <unknown>\n#13 0x55e0b355fbf2 <unknown>\n#14 0x55e0b352cb6f <unknown>\n#15 0x55e0b3583248 <unknown>\n#16 0x55e0b3583417 <unknown>\n#17 0x55e0b35930cc <unknown>\n#18 0x7fd833306144 <unknown>","statusTrace":"self = <tests.delivery.test_delivery_calculation.TestDeliveryPageCalculation object at 0x7f34996b4950>\ndriver = <selenium.webdriver.chrome.webdriver.WebDriver (session=\"fc50f3d10a5189db6f4ffde146c5dc58\")>\nurl = 'https://sandboxtest.stroyrem-nn.ru/', case_id = 'TD 024'\nlink_item = 'products/shtukaturka-gipsovaya-aksolit-m50-30-kg-mashinnogo-naneseniya'\namount = 299, weight = 9000, standard = 4300, in_time = 9900, all_time = 11440\n\n    @pytest.mark.parametrize('case_id, link_item, amount, weight, standard, in_time, all_time', [\n        (\"TD 015\", bundeks_25, 1, 30, 650, 2390, 3320),\n        pytest.param(\n            \"TD 016\", aksolit_30, 8, 300, 650, 2390, 3320,\n            marks=pytest.mark.xfail(reson=\"Цена доставки: - - -\")\n        ),\n        (\"TD 017\", aksolit_30, 13, 400, 650, 2390, 3320),\n        (\"TD 018\", aksolit_30, 16, 500, 850, 2490, 3320),\n        (\"TD 019\", aksolit_30, 25, 1700, 1150, 2490, 3320),\n        (\"TD 020\", aksolit_30, 66, 2000, 1500, 2990, 3650),\n        (\"TD 021\", aksolit_30, 149, 4500, 2600, 4380, 4890),\n        (\"TD 022\", aksolit_30, 166, 5000, 2800, 5490, 5980),\n        pytest.param(\n            \"TD 023\", aksolit_30, 206, 6200, 3300, 7500, 8000,\n            marks=pytest.mark.xfail(reson=\"Цена доставки: 4300 9900 11440\")\n        ),\n        (\"TD 024\", aksolit_30, 299, 9000, 4300, 9900, 11440),\n        (\"TD 025\", aksolit_30, 333, 10000, 7000, 13900, 15900),\n        pytest.param(\n            \"TD 026\", aksolit_30, 366, 11000, 8000, 14900, 19900,\n            marks=pytest.mark.xfail(reson=\"Цена доставки: 7000 13900 15900\")\n        ),\n        pytest.param(\n            \"TD 027\", aksolit_30, 666, 20000, 14000, 16900, 23900,\n            marks=pytest.mark.xfail(reson=\"Цена доставки: 7000 13900 15900\")\n        )\n    ])\n    @pytest.mark.xfail\n    @pytest.mark.smoke_test\n    def test_positive_delivery_blue_zone_smoke(\n            self, driver, url, case_id, link_item, amount, weight, standard, in_time, all_time\n    ):\n        allure.dynamic.title(f\"{case_id} Доставка товара весом до {weight}кг. в синей зоне\")\n    \n        driver.get(f'{url}{link_item}')\n        item_page = ItemPage(driver)\n>       item_page.add_item_to_cart(amount).click_on_cart()\n\ntests/delivery/test_delivery_calculation.py:132: \n_ _ _ _ _ _ _ _ _ _ _ _ _ _ _ _ _ _ _ _ _ _ _ _ _ _ _ _ _ _ _ _ _ _ _ _ _ _ _ _ \npages/item_page.py:40: in add_item_to_cart\n    self.find_element(self._add_item).click()\nbase/seleniumbase.py:17: in find_element\n    return self.driver.find_element(*locator)\n/usr/local/lib/python3.11/site-packages/selenium/webdriver/remote/webdriver.py:739: in find_element\n    return self.execute(Command.FIND_ELEMENT, {\"using\": by, \"value\": value})[\"value\"]\n/usr/local/lib/python3.11/site-packages/selenium/webdriver/remote/webdriver.py:345: in execute\n    self.error_handler.check_response(response)\n_ _ _ _ _ _ _ _ _ _ _ _ _ _ _ _ _ _ _ _ _ _ _ _ _ _ _ _ _ _ _ _ _ _ _ _ _ _ _ _ \n\nself = <selenium.webdriver.remote.errorhandler.ErrorHandler object at 0x7f349a1514d0>\nresponse = {'status': 404, 'value': '{\"value\":{\"error\":\"no such element\",\"message\":\"no such element: Unable to locate element: {\\...\\\\n#16 0x55e0b3583417 \\\\u003Cunknown>\\\\n#17 0x55e0b35930cc \\\\u003Cunknown>\\\\n#18 0x7fd833306144 \\\\u003Cunknown>\\\\n\"}}'}\n\n    def check_response(self, response: Dict[str, Any]) -> None:\n        \"\"\"Checks that a JSON response from the WebDriver does not have an\n        error.\n    \n        :Args:\n         - response - The JSON response from the WebDriver server as a dictionary\n           object.\n    \n        :Raises: If the response contains an error message.\n        \"\"\"\n        status = response.get(\"status\", None)\n        if not status or status == ErrorCode.SUCCESS:\n            return\n        value = None\n        message = response.get(\"message\", \"\")\n        screen: str = response.get(\"screen\", \"\")\n        stacktrace = None\n        if isinstance(status, int):\n            value_json = response.get(\"value\", None)\n            if value_json and isinstance(value_json, str):\n                import json\n    \n                try:\n                    value = json.loads(value_json)\n                    if len(value) == 1:\n                        value = value[\"value\"]\n                    status = value.get(\"error\", None)\n                    if not status:\n                        status = value.get(\"status\", ErrorCode.UNKNOWN_ERROR)\n                        message = value.get(\"value\") or value.get(\"message\")\n                        if not isinstance(message, str):\n                            value = message\n                            message = message.get(\"message\")\n                    else:\n                        message = value.get(\"message\", None)\n                except ValueError:\n                    pass\n    \n        exception_class: Type[WebDriverException]\n        e = ErrorCode()\n        error_codes = [item for item in dir(e) if not item.startswith(\"__\")]\n        for error_code in error_codes:\n            error_info = getattr(ErrorCode, error_code)\n            if isinstance(error_info, list) and status in error_info:\n                exception_class = getattr(ExceptionMapping, error_code, WebDriverException)\n                break\n        else:\n            exception_class = WebDriverException\n    \n        if not value:\n            value = response[\"value\"]\n        if isinstance(value, str):\n            raise exception_class(value)\n        if message == \"\" and \"message\" in value:\n            message = value[\"message\"]\n    \n        screen = None  # type: ignore[assignment]\n        if \"screen\" in value:\n            screen = value[\"screen\"]\n    \n        stacktrace = None\n        st_value = value.get(\"stackTrace\") or value.get(\"stacktrace\")\n        if st_value:\n            if isinstance(st_value, str):\n                stacktrace = st_value.split(\"\\n\")\n            else:\n                stacktrace = []\n                try:\n                    for frame in st_value:\n                        line = frame.get(\"lineNumber\", \"\")\n                        file = frame.get(\"fileName\", \"<anonymous>\")\n                        if line:\n                            file = f\"{file}:{line}\"\n                        meth = frame.get(\"methodName\", \"<anonymous>\")\n                        if \"className\" in frame:\n                            meth = f\"{frame['className']}.{meth}\"\n                        msg = \"    at %s (%s)\"\n                        msg = msg % (meth, file)\n                        stacktrace.append(msg)\n                except TypeError:\n                    pass\n        if exception_class == UnexpectedAlertPresentException:\n            alert_text = None\n            if \"data\" in value:\n                alert_text = value[\"data\"].get(\"text\")\n            elif \"alert\" in value:\n                alert_text = value[\"alert\"].get(\"text\")\n            raise exception_class(message, screen, stacktrace, alert_text)  # type: ignore[call-arg]  # mypy is not smart enough here\n>       raise exception_class(message, screen, stacktrace)\nE       selenium.common.exceptions.NoSuchElementException: Message: no such element: Unable to locate element: {\"method\":\"xpath\",\"selector\":\"(//a[@class='add-to-cart yellow-btn'])[1]\"}\nE         (Session info: chrome=128.0.6613.137); For documentation on this error, please visit: https://www.selenium.dev/documentation/webdriver/troubleshooting/errors#no-such-element-exception\nE       Stacktrace:\nE       #0 0x55e0b35942da <unknown>\nE       #1 0x55e0b3262200 <unknown>\nE       #2 0x55e0b32b1aa2 <unknown>\nE       #3 0x55e0b32b1d41 <unknown>\nE       #4 0x55e0b32f7964 <unknown>\nE       #5 0x55e0b32d68fd <unknown>\nE       #6 0x55e0b32f4dfd <unknown>\nE       #7 0x55e0b32d6673 <unknown>\nE       #8 0x55e0b32a4473 <unknown>\nE       #9 0x55e0b32a547e <unknown>\nE       #10 0x55e0b355b0db <unknown>\nE       #11 0x55e0b355f071 <unknown>\nE       #12 0x55e0b35479d5 <unknown>\nE       #13 0x55e0b355fbf2 <unknown>\nE       #14 0x55e0b352cb6f <unknown>\nE       #15 0x55e0b3583248 <unknown>\nE       #16 0x55e0b3583417 <unknown>\nE       #17 0x55e0b35930cc <unknown>\nE       #18 0x7fd833306144 <unknown>\n\n/usr/local/lib/python3.11/site-packages/selenium/webdriver/remote/errorhandler.py:229: NoSuchElementException","flaky":false,"newFailed":false,"newBroken":false,"newPassed":false,"retriesCount":0,"retriesStatusChange":false,"beforeStages":[{"name":"_session_faker","time":{"start":1726534269811,"stop":1726534269887,"duration":76},"status":"passed","steps":[],"attachments":[],"parameters":[],"shouldDisplayMessage":false,"stepsCount":0,"attachmentsCount":0,"hasContent":false,"attachmentStep":false},{"name":"clear_allure_results_folder","time":{"start":1726534269887,"stop":1726534269887,"duration":0},"status":"passed","steps":[],"attachments":[],"parameters":[],"shouldDisplayMessage":false,"stepsCount":0,"attachmentsCount":0,"hasContent":false,"attachmentStep":false},{"name":"driver","time":{"start":1726534566836,"stop":1726534567622,"duration":786},"status":"passed","steps":[],"attachments":[],"parameters":[],"shouldDisplayMessage":false,"stepsCount":0,"attachmentsCount":0,"hasContent":false,"attachmentStep":false},{"name":"setup","time":{"start":1726534567622,"stop":1726534567622,"duration":0},"status":"passed","steps":[],"attachments":[],"parameters":[],"shouldDisplayMessage":false,"stepsCount":0,"attachmentsCount":0,"hasContent":false,"attachmentStep":false}],"testStage":{"status":"skipped","statusMessage":"XFAIL\n\nselenium.common.exceptions.NoSuchElementException: Message: no such element: Unable to locate element: {\"method\":\"xpath\",\"selector\":\"(//a[@class='add-to-cart yellow-btn'])[1]\"}\n  (Session info: chrome=128.0.6613.137); For documentation on this error, please visit: https://www.selenium.dev/documentation/webdriver/troubleshooting/errors#no-such-element-exception\nStacktrace:\n#0 0x55e0b35942da <unknown>\n#1 0x55e0b3262200 <unknown>\n#2 0x55e0b32b1aa2 <unknown>\n#3 0x55e0b32b1d41 <unknown>\n#4 0x55e0b32f7964 <unknown>\n#5 0x55e0b32d68fd <unknown>\n#6 0x55e0b32f4dfd <unknown>\n#7 0x55e0b32d6673 <unknown>\n#8 0x55e0b32a4473 <unknown>\n#9 0x55e0b32a547e <unknown>\n#10 0x55e0b355b0db <unknown>\n#11 0x55e0b355f071 <unknown>\n#12 0x55e0b35479d5 <unknown>\n#13 0x55e0b355fbf2 <unknown>\n#14 0x55e0b352cb6f <unknown>\n#15 0x55e0b3583248 <unknown>\n#16 0x55e0b3583417 <unknown>\n#17 0x55e0b35930cc <unknown>\n#18 0x7fd833306144 <unknown>","statusTrace":"self = <tests.delivery.test_delivery_calculation.TestDeliveryPageCalculation object at 0x7f34996b4950>\ndriver = <selenium.webdriver.chrome.webdriver.WebDriver (session=\"fc50f3d10a5189db6f4ffde146c5dc58\")>\nurl = 'https://sandboxtest.stroyrem-nn.ru/', case_id = 'TD 024'\nlink_item = 'products/shtukaturka-gipsovaya-aksolit-m50-30-kg-mashinnogo-naneseniya'\namount = 299, weight = 9000, standard = 4300, in_time = 9900, all_time = 11440\n\n    @pytest.mark.parametrize('case_id, link_item, amount, weight, standard, in_time, all_time', [\n        (\"TD 015\", bundeks_25, 1, 30, 650, 2390, 3320),\n        pytest.param(\n            \"TD 016\", aksolit_30, 8, 300, 650, 2390, 3320,\n            marks=pytest.mark.xfail(reson=\"Цена доставки: - - -\")\n        ),\n        (\"TD 017\", aksolit_30, 13, 400, 650, 2390, 3320),\n        (\"TD 018\", aksolit_30, 16, 500, 850, 2490, 3320),\n        (\"TD 019\", aksolit_30, 25, 1700, 1150, 2490, 3320),\n        (\"TD 020\", aksolit_30, 66, 2000, 1500, 2990, 3650),\n        (\"TD 021\", aksolit_30, 149, 4500, 2600, 4380, 4890),\n        (\"TD 022\", aksolit_30, 166, 5000, 2800, 5490, 5980),\n        pytest.param(\n            \"TD 023\", aksolit_30, 206, 6200, 3300, 7500, 8000,\n            marks=pytest.mark.xfail(reson=\"Цена доставки: 4300 9900 11440\")\n        ),\n        (\"TD 024\", aksolit_30, 299, 9000, 4300, 9900, 11440),\n        (\"TD 025\", aksolit_30, 333, 10000, 7000, 13900, 15900),\n        pytest.param(\n            \"TD 026\", aksolit_30, 366, 11000, 8000, 14900, 19900,\n            marks=pytest.mark.xfail(reson=\"Цена доставки: 7000 13900 15900\")\n        ),\n        pytest.param(\n            \"TD 027\", aksolit_30, 666, 20000, 14000, 16900, 23900,\n            marks=pytest.mark.xfail(reson=\"Цена доставки: 7000 13900 15900\")\n        )\n    ])\n    @pytest.mark.xfail\n    @pytest.mark.smoke_test\n    def test_positive_delivery_blue_zone_smoke(\n            self, driver, url, case_id, link_item, amount, weight, standard, in_time, all_time\n    ):\n        allure.dynamic.title(f\"{case_id} Доставка товара весом до {weight}кг. в синей зоне\")\n    \n        driver.get(f'{url}{link_item}')\n        item_page = ItemPage(driver)\n>       item_page.add_item_to_cart(amount).click_on_cart()\n\ntests/delivery/test_delivery_calculation.py:132: \n_ _ _ _ _ _ _ _ _ _ _ _ _ _ _ _ _ _ _ _ _ _ _ _ _ _ _ _ _ _ _ _ _ _ _ _ _ _ _ _ \npages/item_page.py:40: in add_item_to_cart\n    self.find_element(self._add_item).click()\nbase/seleniumbase.py:17: in find_element\n    return self.driver.find_element(*locator)\n/usr/local/lib/python3.11/site-packages/selenium/webdriver/remote/webdriver.py:739: in find_element\n    return self.execute(Command.FIND_ELEMENT, {\"using\": by, \"value\": value})[\"value\"]\n/usr/local/lib/python3.11/site-packages/selenium/webdriver/remote/webdriver.py:345: in execute\n    self.error_handler.check_response(response)\n_ _ _ _ _ _ _ _ _ _ _ _ _ _ _ _ _ _ _ _ _ _ _ _ _ _ _ _ _ _ _ _ _ _ _ _ _ _ _ _ \n\nself = <selenium.webdriver.remote.errorhandler.ErrorHandler object at 0x7f349a1514d0>\nresponse = {'status': 404, 'value': '{\"value\":{\"error\":\"no such element\",\"message\":\"no such element: Unable to locate element: {\\...\\\\n#16 0x55e0b3583417 \\\\u003Cunknown>\\\\n#17 0x55e0b35930cc \\\\u003Cunknown>\\\\n#18 0x7fd833306144 \\\\u003Cunknown>\\\\n\"}}'}\n\n    def check_response(self, response: Dict[str, Any]) -> None:\n        \"\"\"Checks that a JSON response from the WebDriver does not have an\n        error.\n    \n        :Args:\n         - response - The JSON response from the WebDriver server as a dictionary\n           object.\n    \n        :Raises: If the response contains an error message.\n        \"\"\"\n        status = response.get(\"status\", None)\n        if not status or status == ErrorCode.SUCCESS:\n            return\n        value = None\n        message = response.get(\"message\", \"\")\n        screen: str = response.get(\"screen\", \"\")\n        stacktrace = None\n        if isinstance(status, int):\n            value_json = response.get(\"value\", None)\n            if value_json and isinstance(value_json, str):\n                import json\n    \n                try:\n                    value = json.loads(value_json)\n                    if len(value) == 1:\n                        value = value[\"value\"]\n                    status = value.get(\"error\", None)\n                    if not status:\n                        status = value.get(\"status\", ErrorCode.UNKNOWN_ERROR)\n                        message = value.get(\"value\") or value.get(\"message\")\n                        if not isinstance(message, str):\n                            value = message\n                            message = message.get(\"message\")\n                    else:\n                        message = value.get(\"message\", None)\n                except ValueError:\n                    pass\n    \n        exception_class: Type[WebDriverException]\n        e = ErrorCode()\n        error_codes = [item for item in dir(e) if not item.startswith(\"__\")]\n        for error_code in error_codes:\n            error_info = getattr(ErrorCode, error_code)\n            if isinstance(error_info, list) and status in error_info:\n                exception_class = getattr(ExceptionMapping, error_code, WebDriverException)\n                break\n        else:\n            exception_class = WebDriverException\n    \n        if not value:\n            value = response[\"value\"]\n        if isinstance(value, str):\n            raise exception_class(value)\n        if message == \"\" and \"message\" in value:\n            message = value[\"message\"]\n    \n        screen = None  # type: ignore[assignment]\n        if \"screen\" in value:\n            screen = value[\"screen\"]\n    \n        stacktrace = None\n        st_value = value.get(\"stackTrace\") or value.get(\"stacktrace\")\n        if st_value:\n            if isinstance(st_value, str):\n                stacktrace = st_value.split(\"\\n\")\n            else:\n                stacktrace = []\n                try:\n                    for frame in st_value:\n                        line = frame.get(\"lineNumber\", \"\")\n                        file = frame.get(\"fileName\", \"<anonymous>\")\n                        if line:\n                            file = f\"{file}:{line}\"\n                        meth = frame.get(\"methodName\", \"<anonymous>\")\n                        if \"className\" in frame:\n                            meth = f\"{frame['className']}.{meth}\"\n                        msg = \"    at %s (%s)\"\n                        msg = msg % (meth, file)\n                        stacktrace.append(msg)\n                except TypeError:\n                    pass\n        if exception_class == UnexpectedAlertPresentException:\n            alert_text = None\n            if \"data\" in value:\n                alert_text = value[\"data\"].get(\"text\")\n            elif \"alert\" in value:\n                alert_text = value[\"alert\"].get(\"text\")\n            raise exception_class(message, screen, stacktrace, alert_text)  # type: ignore[call-arg]  # mypy is not smart enough here\n>       raise exception_class(message, screen, stacktrace)\nE       selenium.common.exceptions.NoSuchElementException: Message: no such element: Unable to locate element: {\"method\":\"xpath\",\"selector\":\"(//a[@class='add-to-cart yellow-btn'])[1]\"}\nE         (Session info: chrome=128.0.6613.137); For documentation on this error, please visit: https://www.selenium.dev/documentation/webdriver/troubleshooting/errors#no-such-element-exception\nE       Stacktrace:\nE       #0 0x55e0b35942da <unknown>\nE       #1 0x55e0b3262200 <unknown>\nE       #2 0x55e0b32b1aa2 <unknown>\nE       #3 0x55e0b32b1d41 <unknown>\nE       #4 0x55e0b32f7964 <unknown>\nE       #5 0x55e0b32d68fd <unknown>\nE       #6 0x55e0b32f4dfd <unknown>\nE       #7 0x55e0b32d6673 <unknown>\nE       #8 0x55e0b32a4473 <unknown>\nE       #9 0x55e0b32a547e <unknown>\nE       #10 0x55e0b355b0db <unknown>\nE       #11 0x55e0b355f071 <unknown>\nE       #12 0x55e0b35479d5 <unknown>\nE       #13 0x55e0b355fbf2 <unknown>\nE       #14 0x55e0b352cb6f <unknown>\nE       #15 0x55e0b3583248 <unknown>\nE       #16 0x55e0b3583417 <unknown>\nE       #17 0x55e0b35930cc <unknown>\nE       #18 0x7fd833306144 <unknown>\n\n/usr/local/lib/python3.11/site-packages/selenium/webdriver/remote/errorhandler.py:229: NoSuchElementException","steps":[{"name":"Добавляем товар в корзину в количестве 299","time":{"start":1726534568067,"stop":1726534568087,"duration":20},"status":"broken","statusMessage":"selenium.common.exceptions.NoSuchElementException: Message: no such element: Unable to locate element: {\"method\":\"xpath\",\"selector\":\"(//a[@class='add-to-cart yellow-btn'])[1]\"}\n  (Session info: chrome=128.0.6613.137); For documentation on this error, please visit: https://www.selenium.dev/documentation/webdriver/troubleshooting/errors#no-such-element-exception\nStacktrace:\n#0 0x55e0b35942da <unknown>\n#1 0x55e0b3262200 <unknown>\n#2 0x55e0b32b1aa2 <unknown>\n#3 0x55e0b32b1d41 <unknown>\n#4 0x55e0b32f7964 <unknown>\n#5 0x55e0b32d68fd <unknown>\n#6 0x55e0b32f4dfd <unknown>\n#7 0x55e0b32d6673 <unknown>\n#8 0x55e0b32a4473 <unknown>\n#9 0x55e0b32a547e <unknown>\n#10 0x55e0b355b0db <unknown>\n#11 0x55e0b355f071 <unknown>\n#12 0x55e0b35479d5 <unknown>\n#13 0x55e0b355fbf2 <unknown>\n#14 0x55e0b352cb6f <unknown>\n#15 0x55e0b3583248 <unknown>\n#16 0x55e0b3583417 <unknown>\n#17 0x55e0b35930cc <unknown>\n#18 0x7fd833306144 <unknown>\n\n","statusTrace":"  File \"/usr/local/lib/python3.11/site-packages/allure_commons/_allure.py\", line 192, in impl\n    return func(*a, **kw)\n           ^^^^^^^^^^^^^^\n  File \"/app/pages/item_page.py\", line 40, in add_item_to_cart\n    self.find_element(self._add_item).click()\n    ^^^^^^^^^^^^^^^^^^^^^^^^^^^^^^^^^\n  File \"/app/base/seleniumbase.py\", line 17, in find_element\n    return self.driver.find_element(*locator)\n           ^^^^^^^^^^^^^^^^^^^^^^^^^^^^^^^^^^\n  File \"/usr/local/lib/python3.11/site-packages/selenium/webdriver/remote/webdriver.py\", line 739, in find_element\n    return self.execute(Command.FIND_ELEMENT, {\"using\": by, \"value\": value})[\"value\"]\n           ^^^^^^^^^^^^^^^^^^^^^^^^^^^^^^^^^^^^^^^^^^^^^^^^^^^^^^^^^^^^^^^^^\n  File \"/usr/local/lib/python3.11/site-packages/selenium/webdriver/remote/webdriver.py\", line 345, in execute\n    self.error_handler.check_response(response)\n  File \"/usr/local/lib/python3.11/site-packages/selenium/webdriver/remote/errorhandler.py\", line 229, in check_response\n    raise exception_class(message, screen, stacktrace)\n","steps":[],"attachments":[],"parameters":[{"name":"amount","value":"299"}],"shouldDisplayMessage":true,"stepsCount":0,"attachmentsCount":0,"hasContent":true,"attachmentStep":false}],"attachments":[{"uid":"71eb0e9be9866c82","name":"Screenshot","source":"71eb0e9be9866c82.png","type":"image/png","size":46834},{"uid":"613dddb0282fc48f","name":"HTML source","source":"613dddb0282fc48f.html","type":"text/html","size":133749}],"parameters":[],"shouldDisplayMessage":true,"stepsCount":1,"attachmentsCount":2,"hasContent":true,"attachmentStep":false},"afterStages":[{"name":"driver::0","time":{"start":1726534568202,"stop":1726534568267,"duration":65},"status":"passed","steps":[],"attachments":[],"parameters":[],"shouldDisplayMessage":false,"stepsCount":0,"attachmentsCount":0,"hasContent":false,"attachmentStep":false},{"name":"setup::0","time":{"start":1726534568202,"stop":1726534568202,"duration":0},"status":"passed","steps":[],"attachments":[],"parameters":[],"shouldDisplayMessage":false,"stepsCount":0,"attachmentsCount":0,"hasContent":false,"attachmentStep":false}],"labels":[{"name":"epic","value":"Delivery Page - calculation"},{"name":"tag","value":"smoke_test"},{"name":"tag","value":"@pytest.mark.xfail"},{"name":"parentSuite","value":"tests.delivery"},{"name":"suite","value":"test_delivery_calculation"},{"name":"subSuite","value":"TestDeliveryPageCalculation"},{"name":"host","value":"17d061a67c0e"},{"name":"thread","value":"1-MainThread"},{"name":"framework","value":"pytest"},{"name":"language","value":"cpython3"},{"name":"package","value":"tests.delivery.test_delivery_calculation"},{"name":"resultFormat","value":"allure2"}],"parameters":[{"name":"all_time","value":"11440"},{"name":"amount","value":"299"},{"name":"case_id","value":"'TD 024'"},{"name":"in_time","value":"9900"},{"name":"link_item","value":"'products/shtukaturka-gipsovaya-aksolit-m50-30-kg-mashinnogo-naneseniya'"},{"name":"standard","value":"4300"},{"name":"url","value":"'https://sandboxtest.stroyrem-nn.ru/'"},{"name":"weight","value":"9000"}],"links":[],"hidden":false,"retry":false,"extra":{"severity":"normal","retries":[],"categories":[],"history":{"statistic":{"failed":0,"broken":0,"skipped":110,"passed":0,"unknown":0,"total":110},"items":[{"uid":"1320e61130bc6c3b","reportUrl":"https://Nat754.github.io/StroyremAutomation/432//#testresult/1320e61130bc6c3b","status":"skipped","statusDetails":"XFAIL\n\nselenium.common.exceptions.NoSuchElementException: Message: no such element: Unable to locate element: {\"method\":\"xpath\",\"selector\":\"(//a[@class='add-to-cart yellow-btn'])[1]\"}\n  (Session info: chrome=128.0.6613.137); For documentation on this error, please visit: https://www.selenium.dev/documentation/webdriver/troubleshooting/errors#no-such-element-exception\nStacktrace:\n#0 0x55a32ee822da <unknown>\n#1 0x55a32eb50200 <unknown>\n#2 0x55a32eb9faa2 <unknown>\n#3 0x55a32eb9fd41 <unknown>\n#4 0x55a32ebe5964 <unknown>\n#5 0x55a32ebc48fd <unknown>\n#6 0x55a32ebe2dfd <unknown>\n#7 0x55a32ebc4673 <unknown>\n#8 0x55a32eb92473 <unknown>\n#9 0x55a32eb9347e <unknown>\n#10 0x55a32ee490db <unknown>\n#11 0x55a32ee4d071 <unknown>\n#12 0x55a32ee359d5 <unknown>\n#13 0x55a32ee4dbf2 <unknown>\n#14 0x55a32ee1ab6f <unknown>\n#15 0x55a32ee71248 <unknown>\n#16 0x55a32ee71417 <unknown>\n#17 0x55a32ee810cc <unknown>\n#18 0x7fa735807144 <unknown>","time":{"start":1726448938194,"stop":1726448938800,"duration":606}},{"uid":"cc51a864823e7659","reportUrl":"https://Nat754.github.io/StroyremAutomation/431//#testresult/cc51a864823e7659","status":"skipped","statusDetails":"XFAIL\n\nselenium.common.exceptions.NoSuchElementException: Message: no such element: Unable to locate element: {\"method\":\"xpath\",\"selector\":\"(//a[@class='add-to-cart yellow-btn'])[1]\"}\n  (Session info: chrome=128.0.6613.137); For documentation on this error, please visit: https://www.selenium.dev/documentation/webdriver/troubleshooting/errors#no-such-element-exception\nStacktrace:\n#0 0x55f67db622da <unknown>\n#1 0x55f67d830200 <unknown>\n#2 0x55f67d87faa2 <unknown>\n#3 0x55f67d87fd41 <unknown>\n#4 0x55f67d8c5964 <unknown>\n#5 0x55f67d8a48fd <unknown>\n#6 0x55f67d8c2dfd <unknown>\n#7 0x55f67d8a4673 <unknown>\n#8 0x55f67d872473 <unknown>\n#9 0x55f67d87347e <unknown>\n#10 0x55f67db290db <unknown>\n#11 0x55f67db2d071 <unknown>\n#12 0x55f67db159d5 <unknown>\n#13 0x55f67db2dbf2 <unknown>\n#14 0x55f67dafab6f <unknown>\n#15 0x55f67db51248 <unknown>\n#16 0x55f67db51417 <unknown>\n#17 0x55f67db610cc <unknown>\n#18 0x7f290c882144 <unknown>","time":{"start":1726362701569,"stop":1726362702038,"duration":469}},{"uid":"426003d2e2a5d15b","reportUrl":"https://Nat754.github.io/StroyremAutomation/430//#testresult/426003d2e2a5d15b","status":"skipped","statusDetails":"XFAIL\n\nselenium.common.exceptions.NoSuchElementException: Message: no such element: Unable to locate element: {\"method\":\"xpath\",\"selector\":\"(//a[@class='add-to-cart yellow-btn'])[1]\"}\n  (Session info: chrome=128.0.6613.137); For documentation on this error, please visit: https://www.selenium.dev/documentation/webdriver/troubleshooting/errors#no-such-element-exception\nStacktrace:\n#0 0x564c88b102da <unknown>\n#1 0x564c887de200 <unknown>\n#2 0x564c8882daa2 <unknown>\n#3 0x564c8882dd41 <unknown>\n#4 0x564c88873964 <unknown>\n#5 0x564c888528fd <unknown>\n#6 0x564c88870dfd <unknown>\n#7 0x564c88852673 <unknown>\n#8 0x564c88820473 <unknown>\n#9 0x564c8882147e <unknown>\n#10 0x564c88ad70db <unknown>\n#11 0x564c88adb071 <unknown>\n#12 0x564c88ac39d5 <unknown>\n#13 0x564c88adbbf2 <unknown>\n#14 0x564c88aa8b6f <unknown>\n#15 0x564c88aff248 <unknown>\n#16 0x564c88aff417 <unknown>\n#17 0x564c88b0f0cc <unknown>\n#18 0x7fac0d546144 <unknown>","time":{"start":1726275929864,"stop":1726275930327,"duration":463}},{"uid":"11ada46b70a2feaf","reportUrl":"https://Nat754.github.io/StroyremAutomation/429//#testresult/11ada46b70a2feaf","status":"skipped","statusDetails":"XFAIL\n\nselenium.common.exceptions.NoSuchElementException: Message: no such element: Unable to locate element: {\"method\":\"xpath\",\"selector\":\"(//a[@class='add-to-cart yellow-btn'])[1]\"}\n  (Session info: chrome=128.0.6613.137); For documentation on this error, please visit: https://www.selenium.dev/documentation/webdriver/troubleshooting/errors#no-such-element-exception\nStacktrace:\n#0 0x564d244022da <unknown>\n#1 0x564d240d0200 <unknown>\n#2 0x564d2411faa2 <unknown>\n#3 0x564d2411fd41 <unknown>\n#4 0x564d24165964 <unknown>\n#5 0x564d241448fd <unknown>\n#6 0x564d24162dfd <unknown>\n#7 0x564d24144673 <unknown>\n#8 0x564d24112473 <unknown>\n#9 0x564d2411347e <unknown>\n#10 0x564d243c90db <unknown>\n#11 0x564d243cd071 <unknown>\n#12 0x564d243b59d5 <unknown>\n#13 0x564d243cdbf2 <unknown>\n#14 0x564d2439ab6f <unknown>\n#15 0x564d243f1248 <unknown>\n#16 0x564d243f1417 <unknown>\n#17 0x564d244010cc <unknown>\n#18 0x7ff6ae633144 <unknown>","time":{"start":1726189497933,"stop":1726189498305,"duration":372}},{"uid":"fbcd5d65722f836f","reportUrl":"https://Nat754.github.io/StroyremAutomation/428//#testresult/fbcd5d65722f836f","status":"skipped","statusDetails":"XFAIL\n\nselenium.common.exceptions.NoSuchElementException: Message: no such element: Unable to locate element: {\"method\":\"xpath\",\"selector\":\"(//a[@class='add-to-cart yellow-btn'])[1]\"}\n  (Session info: chrome=128.0.6613.137); For documentation on this error, please visit: https://www.selenium.dev/documentation/webdriver/troubleshooting/errors#no-such-element-exception\nStacktrace:\n#0 0x5572a65cb2da <unknown>\n#1 0x5572a6299200 <unknown>\n#2 0x5572a62e8aa2 <unknown>\n#3 0x5572a62e8d41 <unknown>\n#4 0x5572a632e964 <unknown>\n#5 0x5572a630d8fd <unknown>\n#6 0x5572a632bdfd <unknown>\n#7 0x5572a630d673 <unknown>\n#8 0x5572a62db473 <unknown>\n#9 0x5572a62dc47e <unknown>\n#10 0x5572a65920db <unknown>\n#11 0x5572a6596071 <unknown>\n#12 0x5572a657e9d5 <unknown>\n#13 0x5572a6596bf2 <unknown>\n#14 0x5572a6563b6f <unknown>\n#15 0x5572a65ba248 <unknown>\n#16 0x5572a65ba417 <unknown>\n#17 0x5572a65ca0cc <unknown>\n#18 0x7f97756cb144 <unknown>","time":{"start":1726103089169,"stop":1726103089476,"duration":307}},{"uid":"c3b702997c1462a2","reportUrl":"https://Nat754.github.io/StroyremAutomation/427//#testresult/c3b702997c1462a2","status":"skipped","statusDetails":"XFAIL\n\nselenium.common.exceptions.NoSuchElementException: Message: no such element: Unable to locate element: {\"method\":\"xpath\",\"selector\":\"(//a[@class='add-to-cart yellow-btn'])[1]\"}\n  (Session info: chrome=128.0.6613.137); For documentation on this error, please visit: https://www.selenium.dev/documentation/webdriver/troubleshooting/errors#no-such-element-exception\nStacktrace:\n#0 0x55fd88c5c2da <unknown>\n#1 0x55fd8892a200 <unknown>\n#2 0x55fd88979aa2 <unknown>\n#3 0x55fd88979d41 <unknown>\n#4 0x55fd889bf964 <unknown>\n#5 0x55fd8899e8fd <unknown>\n#6 0x55fd889bcdfd <unknown>\n#7 0x55fd8899e673 <unknown>\n#8 0x55fd8896c473 <unknown>\n#9 0x55fd8896d47e <unknown>\n#10 0x55fd88c230db <unknown>\n#11 0x55fd88c27071 <unknown>\n#12 0x55fd88c0f9d5 <unknown>\n#13 0x55fd88c27bf2 <unknown>\n#14 0x55fd88bf4b6f <unknown>\n#15 0x55fd88c4b248 <unknown>\n#16 0x55fd88c4b417 <unknown>\n#17 0x55fd88c5b0cc <unknown>\n#18 0x7f3006685144 <unknown>","time":{"start":1726016661417,"stop":1726016661745,"duration":328}},{"uid":"25d8a396b268a6","reportUrl":"https://Nat754.github.io/StroyremAutomation/426//#testresult/25d8a396b268a6","status":"skipped","statusDetails":"XFAIL\n\nselenium.common.exceptions.NoSuchElementException: Message: no such element: Unable to locate element: {\"method\":\"xpath\",\"selector\":\"(//a[@class='add-to-cart yellow-btn'])[1]\"}\n  (Session info: chrome=128.0.6613.119); For documentation on this error, please visit: https://www.selenium.dev/documentation/webdriver/troubleshooting/errors#no-such-element-exception\nStacktrace:\n#0 0x55bfb226486a <unknown>\n#1 0x55bfb1f32e50 <unknown>\n#2 0x55bfb1f82644 <unknown>\n#3 0x55bfb1f82931 <unknown>\n#4 0x55bfb1fc8534 <unknown>\n#5 0x55bfb1fa74bd <unknown>\n#6 0x55bfb1fc59c6 <unknown>\n#7 0x55bfb1fa7233 <unknown>\n#8 0x55bfb1f75093 <unknown>\n#9 0x55bfb1f7609e <unknown>\n#10 0x55bfb222bacb <unknown>\n#11 0x55bfb222fa81 <unknown>\n#12 0x55bfb2217695 <unknown>\n#13 0x55bfb22305f2 <unknown>\n#14 0x55bfb21fc86f <unknown>\n#15 0x55bfb2253668 <unknown>\n#16 0x55bfb2253832 <unknown>\n#17 0x55bfb226365c <unknown>\n#18 0x7f3e00acd144 <unknown>","time":{"start":1725930313513,"stop":1725930313927,"duration":414}},{"uid":"ddb85dd21d8f0de","reportUrl":"https://Nat754.github.io/StroyremAutomation/425//#testresult/ddb85dd21d8f0de","status":"skipped","statusDetails":"XFAIL\n\nselenium.common.exceptions.NoSuchElementException: Message: no such element: Unable to locate element: {\"method\":\"xpath\",\"selector\":\"(//a[@class='add-to-cart yellow-btn'])[1]\"}\n  (Session info: chrome=128.0.6613.119); For documentation on this error, please visit: https://www.selenium.dev/documentation/webdriver/troubleshooting/errors#no-such-element-exception\nStacktrace:\n#0 0x561bc61a986a <unknown>\n#1 0x561bc5e77e50 <unknown>\n#2 0x561bc5ec7644 <unknown>\n#3 0x561bc5ec7931 <unknown>\n#4 0x561bc5f0d534 <unknown>\n#5 0x561bc5eec4bd <unknown>\n#6 0x561bc5f0a9c6 <unknown>\n#7 0x561bc5eec233 <unknown>\n#8 0x561bc5eba093 <unknown>\n#9 0x561bc5ebb09e <unknown>\n#10 0x561bc6170acb <unknown>\n#11 0x561bc6174a81 <unknown>\n#12 0x561bc615c695 <unknown>\n#13 0x561bc61755f2 <unknown>\n#14 0x561bc614186f <unknown>\n#15 0x561bc6198668 <unknown>\n#16 0x561bc6198832 <unknown>\n#17 0x561bc61a865c <unknown>\n#18 0x7f33616b5144 <unknown>","time":{"start":1725843983943,"stop":1725843984283,"duration":340}},{"uid":"7c84cc4b42fdad29","reportUrl":"https://Nat754.github.io/StroyremAutomation/424//#testresult/7c84cc4b42fdad29","status":"skipped","statusDetails":"XFAIL\n\nselenium.common.exceptions.NoSuchElementException: Message: no such element: Unable to locate element: {\"method\":\"xpath\",\"selector\":\"(//a[@class='add-to-cart yellow-btn'])[1]\"}\n  (Session info: chrome=128.0.6613.119); For documentation on this error, please visit: https://www.selenium.dev/documentation/webdriver/troubleshooting/errors#no-such-element-exception\nStacktrace:\n#0 0x55e4d4cdc86a <unknown>\n#1 0x55e4d49aae50 <unknown>\n#2 0x55e4d49fa644 <unknown>\n#3 0x55e4d49fa931 <unknown>\n#4 0x55e4d4a40534 <unknown>\n#5 0x55e4d4a1f4bd <unknown>\n#6 0x55e4d4a3d9c6 <unknown>\n#7 0x55e4d4a1f233 <unknown>\n#8 0x55e4d49ed093 <unknown>\n#9 0x55e4d49ee09e <unknown>\n#10 0x55e4d4ca3acb <unknown>\n#11 0x55e4d4ca7a81 <unknown>\n#12 0x55e4d4c8f695 <unknown>\n#13 0x55e4d4ca85f2 <unknown>\n#14 0x55e4d4c7486f <unknown>\n#15 0x55e4d4ccb668 <unknown>\n#16 0x55e4d4ccb832 <unknown>\n#17 0x55e4d4cdb65c <unknown>\n#18 0x7f88f5c22144 <unknown>","time":{"start":1725757730895,"stop":1725757731310,"duration":415}},{"uid":"77863e433f4f4f85","reportUrl":"https://Nat754.github.io/StroyremAutomation/423//#testresult/77863e433f4f4f85","status":"skipped","statusDetails":"XFAIL\n\nselenium.common.exceptions.NoSuchElementException: Message: no such element: Unable to locate element: {\"method\":\"xpath\",\"selector\":\"(//a[@class='add-to-cart yellow-btn'])[1]\"}\n  (Session info: chrome=128.0.6613.119); For documentation on this error, please visit: https://www.selenium.dev/documentation/webdriver/troubleshooting/errors#no-such-element-exception\nStacktrace:\n#0 0x563ee243c86a <unknown>\n#1 0x563ee210ae50 <unknown>\n#2 0x563ee215a644 <unknown>\n#3 0x563ee215a931 <unknown>\n#4 0x563ee21a0534 <unknown>\n#5 0x563ee217f4bd <unknown>\n#6 0x563ee219d9c6 <unknown>\n#7 0x563ee217f233 <unknown>\n#8 0x563ee214d093 <unknown>\n#9 0x563ee214e09e <unknown>\n#10 0x563ee2403acb <unknown>\n#11 0x563ee2407a81 <unknown>\n#12 0x563ee23ef695 <unknown>\n#13 0x563ee24085f2 <unknown>\n#14 0x563ee23d486f <unknown>\n#15 0x563ee242b668 <unknown>\n#16 0x563ee242b832 <unknown>\n#17 0x563ee243b65c <unknown>\n#18 0x7fef3699a144 <unknown>","time":{"start":1725671035599,"stop":1725671036005,"duration":406}},{"uid":"fe5e84cc49aa7e7a","reportUrl":"https://Nat754.github.io/StroyremAutomation/422//#testresult/fe5e84cc49aa7e7a","status":"skipped","statusDetails":"XFAIL\n\nselenium.common.exceptions.NoSuchElementException: Message: no such element: Unable to locate element: {\"method\":\"xpath\",\"selector\":\"(//a[@class='add-to-cart yellow-btn'])[1]\"}\n  (Session info: chrome=128.0.6613.119); For documentation on this error, please visit: https://www.selenium.dev/documentation/webdriver/troubleshooting/errors#no-such-element-exception\nStacktrace:\n#0 0x55805da1d86a <unknown>\n#1 0x55805d6ebe50 <unknown>\n#2 0x55805d73b644 <unknown>\n#3 0x55805d73b931 <unknown>\n#4 0x55805d781534 <unknown>\n#5 0x55805d7604bd <unknown>\n#6 0x55805d77e9c6 <unknown>\n#7 0x55805d760233 <unknown>\n#8 0x55805d72e093 <unknown>\n#9 0x55805d72f09e <unknown>\n#10 0x55805d9e4acb <unknown>\n#11 0x55805d9e8a81 <unknown>\n#12 0x55805d9d0695 <unknown>\n#13 0x55805d9e95f2 <unknown>\n#14 0x55805d9b586f <unknown>\n#15 0x55805da0c668 <unknown>\n#16 0x55805da0c832 <unknown>\n#17 0x55805da1c65c <unknown>\n#18 0x7f164ae9b144 <unknown>","time":{"start":1725584687453,"stop":1725584687928,"duration":475}},{"uid":"98dbfd169d627709","reportUrl":"https://Nat754.github.io/StroyremAutomation/421//#testresult/98dbfd169d627709","status":"skipped","statusDetails":"XFAIL\n\nselenium.common.exceptions.NoSuchElementException: Message: no such element: Unable to locate element: {\"method\":\"xpath\",\"selector\":\"(//a[@class='add-to-cart yellow-btn'])[1]\"}\n  (Session info: chrome=128.0.6613.119); For documentation on this error, please visit: https://www.selenium.dev/documentation/webdriver/troubleshooting/errors#no-such-element-exception\nStacktrace:\n#0 0x55a578b0986a <unknown>\n#1 0x55a5787d7e50 <unknown>\n#2 0x55a578827644 <unknown>\n#3 0x55a578827931 <unknown>\n#4 0x55a57886d534 <unknown>\n#5 0x55a57884c4bd <unknown>\n#6 0x55a57886a9c6 <unknown>\n#7 0x55a57884c233 <unknown>\n#8 0x55a57881a093 <unknown>\n#9 0x55a57881b09e <unknown>\n#10 0x55a578ad0acb <unknown>\n#11 0x55a578ad4a81 <unknown>\n#12 0x55a578abc695 <unknown>\n#13 0x55a578ad55f2 <unknown>\n#14 0x55a578aa186f <unknown>\n#15 0x55a578af8668 <unknown>\n#16 0x55a578af8832 <unknown>\n#17 0x55a578b0865c <unknown>\n#18 0x7f0c9a036144 <unknown>","time":{"start":1725498302663,"stop":1725498303088,"duration":425}},{"uid":"c0f56edca246d7bb","reportUrl":"https://Nat754.github.io/StroyremAutomation/420//#testresult/c0f56edca246d7bb","status":"skipped","statusDetails":"XFAIL\n\nselenium.common.exceptions.NoSuchElementException: Message: no such element: Unable to locate element: {\"method\":\"xpath\",\"selector\":\"(//a[@class='add-to-cart yellow-btn'])[1]\"}\n  (Session info: chrome=128.0.6613.119); For documentation on this error, please visit: https://www.selenium.dev/documentation/webdriver/troubleshooting/errors#no-such-element-exception\nStacktrace:\n#0 0x555db9fa086a <unknown>\n#1 0x555db9c6ee50 <unknown>\n#2 0x555db9cbe644 <unknown>\n#3 0x555db9cbe931 <unknown>\n#4 0x555db9d04534 <unknown>\n#5 0x555db9ce34bd <unknown>\n#6 0x555db9d019c6 <unknown>\n#7 0x555db9ce3233 <unknown>\n#8 0x555db9cb1093 <unknown>\n#9 0x555db9cb209e <unknown>\n#10 0x555db9f67acb <unknown>\n#11 0x555db9f6ba81 <unknown>\n#12 0x555db9f53695 <unknown>\n#13 0x555db9f6c5f2 <unknown>\n#14 0x555db9f3886f <unknown>\n#15 0x555db9f8f668 <unknown>\n#16 0x555db9f8f832 <unknown>\n#17 0x555db9f9f65c <unknown>\n#18 0x7f234fd3e134 <unknown>","time":{"start":1725411847507,"stop":1725411847928,"duration":421}},{"uid":"a0d92d4b939d1b4e","reportUrl":"https://Nat754.github.io/StroyremAutomation/419//#testresult/a0d92d4b939d1b4e","status":"skipped","statusDetails":"XFAIL\n\nselenium.common.exceptions.NoSuchElementException: Message: no such element: Unable to locate element: {\"method\":\"xpath\",\"selector\":\"(//a[@class='add-to-cart yellow-btn'])[1]\"}\n  (Session info: chrome=128.0.6613.119); For documentation on this error, please visit: https://www.selenium.dev/documentation/webdriver/troubleshooting/errors#no-such-element-exception\nStacktrace:\n#0 0x55a963f0c86a <unknown>\n#1 0x55a963bdae50 <unknown>\n#2 0x55a963c2a644 <unknown>\n#3 0x55a963c2a931 <unknown>\n#4 0x55a963c70534 <unknown>\n#5 0x55a963c4f4bd <unknown>\n#6 0x55a963c6d9c6 <unknown>\n#7 0x55a963c4f233 <unknown>\n#8 0x55a963c1d093 <unknown>\n#9 0x55a963c1e09e <unknown>\n#10 0x55a963ed3acb <unknown>\n#11 0x55a963ed7a81 <unknown>\n#12 0x55a963ebf695 <unknown>\n#13 0x55a963ed85f2 <unknown>\n#14 0x55a963ea486f <unknown>\n#15 0x55a963efb668 <unknown>\n#16 0x55a963efb832 <unknown>\n#17 0x55a963f0b65c <unknown>\n#18 0x7fc574970134 <unknown>","time":{"start":1725325398390,"stop":1725325398785,"duration":395}},{"uid":"c1347d40feafc9ab","reportUrl":"https://Nat754.github.io/StroyremAutomation/418//#testresult/c1347d40feafc9ab","status":"skipped","statusDetails":"XFAIL\n\nselenium.common.exceptions.NoSuchElementException: Message: no such element: Unable to locate element: {\"method\":\"xpath\",\"selector\":\"(//a[@class='add-to-cart yellow-btn'])[1]\"}\n  (Session info: chrome=128.0.6613.86); For documentation on this error, please visit: https://www.selenium.dev/documentation/webdriver/troubleshooting/errors#no-such-element-exception\nStacktrace:\n#0 0x56022152b8da <unknown>\n#1 0x5602211f9e50 <unknown>\n#2 0x560221249644 <unknown>\n#3 0x560221249931 <unknown>\n#4 0x56022128f534 <unknown>\n#5 0x56022126e4bd <unknown>\n#6 0x56022128c9c6 <unknown>\n#7 0x56022126e233 <unknown>\n#8 0x56022123c093 <unknown>\n#9 0x56022123d09e <unknown>\n#10 0x5602214f2b3b <unknown>\n#11 0x5602214f6af1 <unknown>\n#12 0x5602214de705 <unknown>\n#13 0x5602214f7662 <unknown>\n#14 0x5602214c38df <unknown>\n#15 0x56022151a6d8 <unknown>\n#16 0x56022151a8a2 <unknown>\n#17 0x56022152a6cc <unknown>\n#18 0x7f38f393a134 <unknown>","time":{"start":1725239108438,"stop":1725239108764,"duration":326}},{"uid":"1b468f6e0c56d163","reportUrl":"https://Nat754.github.io/StroyremAutomation/417//#testresult/1b468f6e0c56d163","status":"skipped","statusDetails":"XFAIL\n\nselenium.common.exceptions.NoSuchElementException: Message: no such element: Unable to locate element: {\"method\":\"xpath\",\"selector\":\"(//a[@class='add-to-cart yellow-btn'])[1]\"}\n  (Session info: chrome=128.0.6613.86); For documentation on this error, please visit: https://www.selenium.dev/documentation/webdriver/troubleshooting/errors#no-such-element-exception\nStacktrace:\n#0 0x5598de2d08da <unknown>\n#1 0x5598ddf9ee50 <unknown>\n#2 0x5598ddfee644 <unknown>\n#3 0x5598ddfee931 <unknown>\n#4 0x5598de034534 <unknown>\n#5 0x5598de0134bd <unknown>\n#6 0x5598de0319c6 <unknown>\n#7 0x5598de013233 <unknown>\n#8 0x5598ddfe1093 <unknown>\n#9 0x5598ddfe209e <unknown>\n#10 0x5598de297b3b <unknown>\n#11 0x5598de29baf1 <unknown>\n#12 0x5598de283705 <unknown>\n#13 0x5598de29c662 <unknown>\n#14 0x5598de2688df <unknown>\n#15 0x5598de2bf6d8 <unknown>\n#16 0x5598de2bf8a2 <unknown>\n#17 0x5598de2cf6cc <unknown>\n#18 0x7f9e6cba7134 <unknown>","time":{"start":1725153287441,"stop":1725153287889,"duration":448}},{"uid":"32241adb0a3cec99","reportUrl":"https://Nat754.github.io/StroyremAutomation/416//#testresult/32241adb0a3cec99","status":"skipped","statusDetails":"XFAIL\n\nselenium.common.exceptions.NoSuchElementException: Message: no such element: Unable to locate element: {\"method\":\"xpath\",\"selector\":\"(//a[@class='add-to-cart yellow-btn'])[1]\"}\n  (Session info: chrome=128.0.6613.86); For documentation on this error, please visit: https://www.selenium.dev/documentation/webdriver/troubleshooting/errors#no-such-element-exception\nStacktrace:\n#0 0x55ae346a18da <unknown>\n#1 0x55ae3436fe50 <unknown>\n#2 0x55ae343bf644 <unknown>\n#3 0x55ae343bf931 <unknown>\n#4 0x55ae34405534 <unknown>\n#5 0x55ae343e44bd <unknown>\n#6 0x55ae344029c6 <unknown>\n#7 0x55ae343e4233 <unknown>\n#8 0x55ae343b2093 <unknown>\n#9 0x55ae343b309e <unknown>\n#10 0x55ae34668b3b <unknown>\n#11 0x55ae3466caf1 <unknown>\n#12 0x55ae34654705 <unknown>\n#13 0x55ae3466d662 <unknown>\n#14 0x55ae346398df <unknown>\n#15 0x55ae346906d8 <unknown>\n#16 0x55ae346908a2 <unknown>\n#17 0x55ae346a06cc <unknown>\n#18 0x7fbf1e733134 <unknown>","time":{"start":1725066236278,"stop":1725066236751,"duration":473}},{"uid":"d0a8246be1d9a657","reportUrl":"https://Nat754.github.io/StroyremAutomation/415//#testresult/d0a8246be1d9a657","status":"skipped","statusDetails":"XFAIL\n\nselenium.common.exceptions.NoSuchElementException: Message: no such element: Unable to locate element: {\"method\":\"xpath\",\"selector\":\"(//a[@class='add-to-cart yellow-btn'])[1]\"}\n  (Session info: chrome=128.0.6613.86); For documentation on this error, please visit: https://www.selenium.dev/documentation/webdriver/troubleshooting/errors#no-such-element-exception\nStacktrace:\n#0 0x55eff5a608da <unknown>\n#1 0x55eff572ee50 <unknown>\n#2 0x55eff577e644 <unknown>\n#3 0x55eff577e931 <unknown>\n#4 0x55eff57c4534 <unknown>\n#5 0x55eff57a34bd <unknown>\n#6 0x55eff57c19c6 <unknown>\n#7 0x55eff57a3233 <unknown>\n#8 0x55eff5771093 <unknown>\n#9 0x55eff577209e <unknown>\n#10 0x55eff5a27b3b <unknown>\n#11 0x55eff5a2baf1 <unknown>\n#12 0x55eff5a13705 <unknown>\n#13 0x55eff5a2c662 <unknown>\n#14 0x55eff59f88df <unknown>\n#15 0x55eff5a4f6d8 <unknown>\n#16 0x55eff5a4f8a2 <unknown>\n#17 0x55eff5a5f6cc <unknown>\n#18 0x7f7d9bc35134 <unknown>","time":{"start":1724979822318,"stop":1724979822615,"duration":297}},{"uid":"700e76d28d2bf2d3","reportUrl":"https://Nat754.github.io/StroyremAutomation/414//#testresult/700e76d28d2bf2d3","status":"skipped","statusDetails":"XFAIL\n\nselenium.common.exceptions.NoSuchElementException: Message: no such element: Unable to locate element: {\"method\":\"xpath\",\"selector\":\"(//a[@class='add-to-cart yellow-btn'])[1]\"}\n  (Session info: chrome=128.0.6613.86); For documentation on this error, please visit: https://www.selenium.dev/documentation/webdriver/troubleshooting/errors#no-such-element-exception\nStacktrace:\n#0 0x5619ebb6d8da <unknown>\n#1 0x5619eb83be50 <unknown>\n#2 0x5619eb88b644 <unknown>\n#3 0x5619eb88b931 <unknown>\n#4 0x5619eb8d1534 <unknown>\n#5 0x5619eb8b04bd <unknown>\n#6 0x5619eb8ce9c6 <unknown>\n#7 0x5619eb8b0233 <unknown>\n#8 0x5619eb87e093 <unknown>\n#9 0x5619eb87f09e <unknown>\n#10 0x5619ebb34b3b <unknown>\n#11 0x5619ebb38af1 <unknown>\n#12 0x5619ebb20705 <unknown>\n#13 0x5619ebb39662 <unknown>\n#14 0x5619ebb058df <unknown>\n#15 0x5619ebb5c6d8 <unknown>\n#16 0x5619ebb5c8a2 <unknown>\n#17 0x5619ebb6c6cc <unknown>\n#18 0x7fbe90663134 <unknown>","time":{"start":1724893497357,"stop":1724893498098,"duration":741}},{"uid":"fb0478cfa33ff2ea","reportUrl":"https://Nat754.github.io/StroyremAutomation/413//#testresult/fb0478cfa33ff2ea","status":"skipped","statusDetails":"XFAIL\n\nselenium.common.exceptions.NoSuchElementException: Message: no such element: Unable to locate element: {\"method\":\"xpath\",\"selector\":\"(//a[@class='add-to-cart yellow-btn'])[1]\"}\n  (Session info: chrome=128.0.6613.84); For documentation on this error, please visit: https://www.selenium.dev/documentation/webdriver/troubleshooting/errors#no-such-element-exception\nStacktrace:\n#0 0x559ca56a781a <unknown>\n#1 0x559ca5375e50 <unknown>\n#2 0x559ca53c5644 <unknown>\n#3 0x559ca53c5931 <unknown>\n#4 0x559ca540b534 <unknown>\n#5 0x559ca53ea4bd <unknown>\n#6 0x559ca54089c6 <unknown>\n#7 0x559ca53ea233 <unknown>\n#8 0x559ca53b8093 <unknown>\n#9 0x559ca53b909e <unknown>\n#10 0x559ca566ea7b <unknown>\n#11 0x559ca5672a31 <unknown>\n#12 0x559ca565a645 <unknown>\n#13 0x559ca56735a2 <unknown>\n#14 0x559ca563f81f <unknown>\n#15 0x559ca5696618 <unknown>\n#16 0x559ca56967e2 <unknown>\n#17 0x559ca56a660c <unknown>\n#18 0x7fdd8d5bc134 <unknown>","time":{"start":1724806992903,"stop":1724806993317,"duration":414}}]},"tags":["@pytest.mark.xfail","smoke_test"]},"source":"2a272fd0c3c0f4a0.json","parameterValues":["11440","299","'TD 024'","9900","'products/shtukaturka-gipsovaya-aksolit-m50-30-kg-mashinnogo-naneseniya'","4300","'https://sandboxtest.stroyrem-nn.ru/'","9000"]}