{"uid":"bbff5779aa8c1df4","name":"TD 018 Доставка товара весом до 500кг. в синей зоне","fullName":"tests.delivery.test_delivery_calculation.TestDeliveryPageCalculation#test_positive_delivery_blue_zone_smoke","historyId":"95f694f6adc130155d4f19b21da55956","time":{"start":1726534559022,"stop":1726534559457,"duration":435},"status":"skipped","statusMessage":"XFAIL\n\nselenium.common.exceptions.NoSuchElementException: Message: no such element: Unable to locate element: {\"method\":\"xpath\",\"selector\":\"(//a[@class='add-to-cart yellow-btn'])[1]\"}\n  (Session info: chrome=128.0.6613.137); For documentation on this error, please visit: https://www.selenium.dev/documentation/webdriver/troubleshooting/errors#no-such-element-exception\nStacktrace:\n#0 0x55dd3d5bd2da <unknown>\n#1 0x55dd3d28b200 <unknown>\n#2 0x55dd3d2daaa2 <unknown>\n#3 0x55dd3d2dad41 <unknown>\n#4 0x55dd3d320964 <unknown>\n#5 0x55dd3d2ff8fd <unknown>\n#6 0x55dd3d31ddfd <unknown>\n#7 0x55dd3d2ff673 <unknown>\n#8 0x55dd3d2cd473 <unknown>\n#9 0x55dd3d2ce47e <unknown>\n#10 0x55dd3d5840db <unknown>\n#11 0x55dd3d588071 <unknown>\n#12 0x55dd3d5709d5 <unknown>\n#13 0x55dd3d588bf2 <unknown>\n#14 0x55dd3d555b6f <unknown>\n#15 0x55dd3d5ac248 <unknown>\n#16 0x55dd3d5ac417 <unknown>\n#17 0x55dd3d5bc0cc <unknown>\n#18 0x7f2401f0e144 <unknown>","statusTrace":"self = <tests.delivery.test_delivery_calculation.TestDeliveryPageCalculation object at 0x7f34996b6dd0>\ndriver = <selenium.webdriver.chrome.webdriver.WebDriver (session=\"1865a9dd04f1c8355841ab2af3f72099\")>\nurl = 'https://sandboxtest.stroyrem-nn.ru/', case_id = 'TD 018'\nlink_item = 'products/shtukaturka-gipsovaya-aksolit-m50-30-kg-mashinnogo-naneseniya'\namount = 16, weight = 500, standard = 850, in_time = 2490, all_time = 3320\n\n    @pytest.mark.parametrize('case_id, link_item, amount, weight, standard, in_time, all_time', [\n        (\"TD 015\", bundeks_25, 1, 30, 650, 2390, 3320),\n        pytest.param(\n            \"TD 016\", aksolit_30, 8, 300, 650, 2390, 3320,\n            marks=pytest.mark.xfail(reson=\"Цена доставки: - - -\")\n        ),\n        (\"TD 017\", aksolit_30, 13, 400, 650, 2390, 3320),\n        (\"TD 018\", aksolit_30, 16, 500, 850, 2490, 3320),\n        (\"TD 019\", aksolit_30, 25, 1700, 1150, 2490, 3320),\n        (\"TD 020\", aksolit_30, 66, 2000, 1500, 2990, 3650),\n        (\"TD 021\", aksolit_30, 149, 4500, 2600, 4380, 4890),\n        (\"TD 022\", aksolit_30, 166, 5000, 2800, 5490, 5980),\n        pytest.param(\n            \"TD 023\", aksolit_30, 206, 6200, 3300, 7500, 8000,\n            marks=pytest.mark.xfail(reson=\"Цена доставки: 4300 9900 11440\")\n        ),\n        (\"TD 024\", aksolit_30, 299, 9000, 4300, 9900, 11440),\n        (\"TD 025\", aksolit_30, 333, 10000, 7000, 13900, 15900),\n        pytest.param(\n            \"TD 026\", aksolit_30, 366, 11000, 8000, 14900, 19900,\n            marks=pytest.mark.xfail(reson=\"Цена доставки: 7000 13900 15900\")\n        ),\n        pytest.param(\n            \"TD 027\", aksolit_30, 666, 20000, 14000, 16900, 23900,\n            marks=pytest.mark.xfail(reson=\"Цена доставки: 7000 13900 15900\")\n        )\n    ])\n    @pytest.mark.xfail\n    @pytest.mark.smoke_test\n    def test_positive_delivery_blue_zone_smoke(\n            self, driver, url, case_id, link_item, amount, weight, standard, in_time, all_time\n    ):\n        allure.dynamic.title(f\"{case_id} Доставка товара весом до {weight}кг. в синей зоне\")\n    \n        driver.get(f'{url}{link_item}')\n        item_page = ItemPage(driver)\n>       item_page.add_item_to_cart(amount).click_on_cart()\n\ntests/delivery/test_delivery_calculation.py:132: \n_ _ _ _ _ _ _ _ _ _ _ _ _ _ _ _ _ _ _ _ _ _ _ _ _ _ _ _ _ _ _ _ _ _ _ _ _ _ _ _ \npages/item_page.py:40: in add_item_to_cart\n    self.find_element(self._add_item).click()\nbase/seleniumbase.py:17: in find_element\n    return self.driver.find_element(*locator)\n/usr/local/lib/python3.11/site-packages/selenium/webdriver/remote/webdriver.py:739: in find_element\n    return self.execute(Command.FIND_ELEMENT, {\"using\": by, \"value\": value})[\"value\"]\n/usr/local/lib/python3.11/site-packages/selenium/webdriver/remote/webdriver.py:345: in execute\n    self.error_handler.check_response(response)\n_ _ _ _ _ _ _ _ _ _ _ _ _ _ _ _ _ _ _ _ _ _ _ _ _ _ _ _ _ _ _ _ _ _ _ _ _ _ _ _ \n\nself = <selenium.webdriver.remote.errorhandler.ErrorHandler object at 0x7f349a149e10>\nresponse = {'status': 404, 'value': '{\"value\":{\"error\":\"no such element\",\"message\":\"no such element: Unable to locate element: {\\...\\\\n#16 0x55dd3d5ac417 \\\\u003Cunknown>\\\\n#17 0x55dd3d5bc0cc \\\\u003Cunknown>\\\\n#18 0x7f2401f0e144 \\\\u003Cunknown>\\\\n\"}}'}\n\n    def check_response(self, response: Dict[str, Any]) -> None:\n        \"\"\"Checks that a JSON response from the WebDriver does not have an\n        error.\n    \n        :Args:\n         - response - The JSON response from the WebDriver server as a dictionary\n           object.\n    \n        :Raises: If the response contains an error message.\n        \"\"\"\n        status = response.get(\"status\", None)\n        if not status or status == ErrorCode.SUCCESS:\n            return\n        value = None\n        message = response.get(\"message\", \"\")\n        screen: str = response.get(\"screen\", \"\")\n        stacktrace = None\n        if isinstance(status, int):\n            value_json = response.get(\"value\", None)\n            if value_json and isinstance(value_json, str):\n                import json\n    \n                try:\n                    value = json.loads(value_json)\n                    if len(value) == 1:\n                        value = value[\"value\"]\n                    status = value.get(\"error\", None)\n                    if not status:\n                        status = value.get(\"status\", ErrorCode.UNKNOWN_ERROR)\n                        message = value.get(\"value\") or value.get(\"message\")\n                        if not isinstance(message, str):\n                            value = message\n                            message = message.get(\"message\")\n                    else:\n                        message = value.get(\"message\", None)\n                except ValueError:\n                    pass\n    \n        exception_class: Type[WebDriverException]\n        e = ErrorCode()\n        error_codes = [item for item in dir(e) if not item.startswith(\"__\")]\n        for error_code in error_codes:\n            error_info = getattr(ErrorCode, error_code)\n            if isinstance(error_info, list) and status in error_info:\n                exception_class = getattr(ExceptionMapping, error_code, WebDriverException)\n                break\n        else:\n            exception_class = WebDriverException\n    \n        if not value:\n            value = response[\"value\"]\n        if isinstance(value, str):\n            raise exception_class(value)\n        if message == \"\" and \"message\" in value:\n            message = value[\"message\"]\n    \n        screen = None  # type: ignore[assignment]\n        if \"screen\" in value:\n            screen = value[\"screen\"]\n    \n        stacktrace = None\n        st_value = value.get(\"stackTrace\") or value.get(\"stacktrace\")\n        if st_value:\n            if isinstance(st_value, str):\n                stacktrace = st_value.split(\"\\n\")\n            else:\n                stacktrace = []\n                try:\n                    for frame in st_value:\n                        line = frame.get(\"lineNumber\", \"\")\n                        file = frame.get(\"fileName\", \"<anonymous>\")\n                        if line:\n                            file = f\"{file}:{line}\"\n                        meth = frame.get(\"methodName\", \"<anonymous>\")\n                        if \"className\" in frame:\n                            meth = f\"{frame['className']}.{meth}\"\n                        msg = \"    at %s (%s)\"\n                        msg = msg % (meth, file)\n                        stacktrace.append(msg)\n                except TypeError:\n                    pass\n        if exception_class == UnexpectedAlertPresentException:\n            alert_text = None\n            if \"data\" in value:\n                alert_text = value[\"data\"].get(\"text\")\n            elif \"alert\" in value:\n                alert_text = value[\"alert\"].get(\"text\")\n            raise exception_class(message, screen, stacktrace, alert_text)  # type: ignore[call-arg]  # mypy is not smart enough here\n>       raise exception_class(message, screen, stacktrace)\nE       selenium.common.exceptions.NoSuchElementException: Message: no such element: Unable to locate element: {\"method\":\"xpath\",\"selector\":\"(//a[@class='add-to-cart yellow-btn'])[1]\"}\nE         (Session info: chrome=128.0.6613.137); For documentation on this error, please visit: https://www.selenium.dev/documentation/webdriver/troubleshooting/errors#no-such-element-exception\nE       Stacktrace:\nE       #0 0x55dd3d5bd2da <unknown>\nE       #1 0x55dd3d28b200 <unknown>\nE       #2 0x55dd3d2daaa2 <unknown>\nE       #3 0x55dd3d2dad41 <unknown>\nE       #4 0x55dd3d320964 <unknown>\nE       #5 0x55dd3d2ff8fd <unknown>\nE       #6 0x55dd3d31ddfd <unknown>\nE       #7 0x55dd3d2ff673 <unknown>\nE       #8 0x55dd3d2cd473 <unknown>\nE       #9 0x55dd3d2ce47e <unknown>\nE       #10 0x55dd3d5840db <unknown>\nE       #11 0x55dd3d588071 <unknown>\nE       #12 0x55dd3d5709d5 <unknown>\nE       #13 0x55dd3d588bf2 <unknown>\nE       #14 0x55dd3d555b6f <unknown>\nE       #15 0x55dd3d5ac248 <unknown>\nE       #16 0x55dd3d5ac417 <unknown>\nE       #17 0x55dd3d5bc0cc <unknown>\nE       #18 0x7f2401f0e144 <unknown>\n\n/usr/local/lib/python3.11/site-packages/selenium/webdriver/remote/errorhandler.py:229: NoSuchElementException","flaky":false,"newFailed":false,"newBroken":false,"newPassed":false,"retriesCount":0,"retriesStatusChange":false,"beforeStages":[{"name":"_session_faker","time":{"start":1726534269811,"stop":1726534269887,"duration":76},"status":"passed","steps":[],"attachments":[],"parameters":[],"shouldDisplayMessage":false,"stepsCount":0,"attachmentsCount":0,"hasContent":false,"attachmentStep":false},{"name":"clear_allure_results_folder","time":{"start":1726534269887,"stop":1726534269887,"duration":0},"status":"passed","steps":[],"attachments":[],"parameters":[],"shouldDisplayMessage":false,"stepsCount":0,"attachmentsCount":0,"hasContent":false,"attachmentStep":false},{"name":"driver","time":{"start":1726534558236,"stop":1726534559021,"duration":785},"status":"passed","steps":[],"attachments":[],"parameters":[],"shouldDisplayMessage":false,"stepsCount":0,"attachmentsCount":0,"hasContent":false,"attachmentStep":false},{"name":"setup","time":{"start":1726534559021,"stop":1726534559021,"duration":0},"status":"passed","steps":[],"attachments":[],"parameters":[],"shouldDisplayMessage":false,"stepsCount":0,"attachmentsCount":0,"hasContent":false,"attachmentStep":false}],"testStage":{"status":"skipped","statusMessage":"XFAIL\n\nselenium.common.exceptions.NoSuchElementException: Message: no such element: Unable to locate element: {\"method\":\"xpath\",\"selector\":\"(//a[@class='add-to-cart yellow-btn'])[1]\"}\n  (Session info: chrome=128.0.6613.137); For documentation on this error, please visit: https://www.selenium.dev/documentation/webdriver/troubleshooting/errors#no-such-element-exception\nStacktrace:\n#0 0x55dd3d5bd2da <unknown>\n#1 0x55dd3d28b200 <unknown>\n#2 0x55dd3d2daaa2 <unknown>\n#3 0x55dd3d2dad41 <unknown>\n#4 0x55dd3d320964 <unknown>\n#5 0x55dd3d2ff8fd <unknown>\n#6 0x55dd3d31ddfd <unknown>\n#7 0x55dd3d2ff673 <unknown>\n#8 0x55dd3d2cd473 <unknown>\n#9 0x55dd3d2ce47e <unknown>\n#10 0x55dd3d5840db <unknown>\n#11 0x55dd3d588071 <unknown>\n#12 0x55dd3d5709d5 <unknown>\n#13 0x55dd3d588bf2 <unknown>\n#14 0x55dd3d555b6f <unknown>\n#15 0x55dd3d5ac248 <unknown>\n#16 0x55dd3d5ac417 <unknown>\n#17 0x55dd3d5bc0cc <unknown>\n#18 0x7f2401f0e144 <unknown>","statusTrace":"self = <tests.delivery.test_delivery_calculation.TestDeliveryPageCalculation object at 0x7f34996b6dd0>\ndriver = <selenium.webdriver.chrome.webdriver.WebDriver (session=\"1865a9dd04f1c8355841ab2af3f72099\")>\nurl = 'https://sandboxtest.stroyrem-nn.ru/', case_id = 'TD 018'\nlink_item = 'products/shtukaturka-gipsovaya-aksolit-m50-30-kg-mashinnogo-naneseniya'\namount = 16, weight = 500, standard = 850, in_time = 2490, all_time = 3320\n\n    @pytest.mark.parametrize('case_id, link_item, amount, weight, standard, in_time, all_time', [\n        (\"TD 015\", bundeks_25, 1, 30, 650, 2390, 3320),\n        pytest.param(\n            \"TD 016\", aksolit_30, 8, 300, 650, 2390, 3320,\n            marks=pytest.mark.xfail(reson=\"Цена доставки: - - -\")\n        ),\n        (\"TD 017\", aksolit_30, 13, 400, 650, 2390, 3320),\n        (\"TD 018\", aksolit_30, 16, 500, 850, 2490, 3320),\n        (\"TD 019\", aksolit_30, 25, 1700, 1150, 2490, 3320),\n        (\"TD 020\", aksolit_30, 66, 2000, 1500, 2990, 3650),\n        (\"TD 021\", aksolit_30, 149, 4500, 2600, 4380, 4890),\n        (\"TD 022\", aksolit_30, 166, 5000, 2800, 5490, 5980),\n        pytest.param(\n            \"TD 023\", aksolit_30, 206, 6200, 3300, 7500, 8000,\n            marks=pytest.mark.xfail(reson=\"Цена доставки: 4300 9900 11440\")\n        ),\n        (\"TD 024\", aksolit_30, 299, 9000, 4300, 9900, 11440),\n        (\"TD 025\", aksolit_30, 333, 10000, 7000, 13900, 15900),\n        pytest.param(\n            \"TD 026\", aksolit_30, 366, 11000, 8000, 14900, 19900,\n            marks=pytest.mark.xfail(reson=\"Цена доставки: 7000 13900 15900\")\n        ),\n        pytest.param(\n            \"TD 027\", aksolit_30, 666, 20000, 14000, 16900, 23900,\n            marks=pytest.mark.xfail(reson=\"Цена доставки: 7000 13900 15900\")\n        )\n    ])\n    @pytest.mark.xfail\n    @pytest.mark.smoke_test\n    def test_positive_delivery_blue_zone_smoke(\n            self, driver, url, case_id, link_item, amount, weight, standard, in_time, all_time\n    ):\n        allure.dynamic.title(f\"{case_id} Доставка товара весом до {weight}кг. в синей зоне\")\n    \n        driver.get(f'{url}{link_item}')\n        item_page = ItemPage(driver)\n>       item_page.add_item_to_cart(amount).click_on_cart()\n\ntests/delivery/test_delivery_calculation.py:132: \n_ _ _ _ _ _ _ _ _ _ _ _ _ _ _ _ _ _ _ _ _ _ _ _ _ _ _ _ _ _ _ _ _ _ _ _ _ _ _ _ \npages/item_page.py:40: in add_item_to_cart\n    self.find_element(self._add_item).click()\nbase/seleniumbase.py:17: in find_element\n    return self.driver.find_element(*locator)\n/usr/local/lib/python3.11/site-packages/selenium/webdriver/remote/webdriver.py:739: in find_element\n    return self.execute(Command.FIND_ELEMENT, {\"using\": by, \"value\": value})[\"value\"]\n/usr/local/lib/python3.11/site-packages/selenium/webdriver/remote/webdriver.py:345: in execute\n    self.error_handler.check_response(response)\n_ _ _ _ _ _ _ _ _ _ _ _ _ _ _ _ _ _ _ _ _ _ _ _ _ _ _ _ _ _ _ _ _ _ _ _ _ _ _ _ \n\nself = <selenium.webdriver.remote.errorhandler.ErrorHandler object at 0x7f349a149e10>\nresponse = {'status': 404, 'value': '{\"value\":{\"error\":\"no such element\",\"message\":\"no such element: Unable to locate element: {\\...\\\\n#16 0x55dd3d5ac417 \\\\u003Cunknown>\\\\n#17 0x55dd3d5bc0cc \\\\u003Cunknown>\\\\n#18 0x7f2401f0e144 \\\\u003Cunknown>\\\\n\"}}'}\n\n    def check_response(self, response: Dict[str, Any]) -> None:\n        \"\"\"Checks that a JSON response from the WebDriver does not have an\n        error.\n    \n        :Args:\n         - response - The JSON response from the WebDriver server as a dictionary\n           object.\n    \n        :Raises: If the response contains an error message.\n        \"\"\"\n        status = response.get(\"status\", None)\n        if not status or status == ErrorCode.SUCCESS:\n            return\n        value = None\n        message = response.get(\"message\", \"\")\n        screen: str = response.get(\"screen\", \"\")\n        stacktrace = None\n        if isinstance(status, int):\n            value_json = response.get(\"value\", None)\n            if value_json and isinstance(value_json, str):\n                import json\n    \n                try:\n                    value = json.loads(value_json)\n                    if len(value) == 1:\n                        value = value[\"value\"]\n                    status = value.get(\"error\", None)\n                    if not status:\n                        status = value.get(\"status\", ErrorCode.UNKNOWN_ERROR)\n                        message = value.get(\"value\") or value.get(\"message\")\n                        if not isinstance(message, str):\n                            value = message\n                            message = message.get(\"message\")\n                    else:\n                        message = value.get(\"message\", None)\n                except ValueError:\n                    pass\n    \n        exception_class: Type[WebDriverException]\n        e = ErrorCode()\n        error_codes = [item for item in dir(e) if not item.startswith(\"__\")]\n        for error_code in error_codes:\n            error_info = getattr(ErrorCode, error_code)\n            if isinstance(error_info, list) and status in error_info:\n                exception_class = getattr(ExceptionMapping, error_code, WebDriverException)\n                break\n        else:\n            exception_class = WebDriverException\n    \n        if not value:\n            value = response[\"value\"]\n        if isinstance(value, str):\n            raise exception_class(value)\n        if message == \"\" and \"message\" in value:\n            message = value[\"message\"]\n    \n        screen = None  # type: ignore[assignment]\n        if \"screen\" in value:\n            screen = value[\"screen\"]\n    \n        stacktrace = None\n        st_value = value.get(\"stackTrace\") or value.get(\"stacktrace\")\n        if st_value:\n            if isinstance(st_value, str):\n                stacktrace = st_value.split(\"\\n\")\n            else:\n                stacktrace = []\n                try:\n                    for frame in st_value:\n                        line = frame.get(\"lineNumber\", \"\")\n                        file = frame.get(\"fileName\", \"<anonymous>\")\n                        if line:\n                            file = f\"{file}:{line}\"\n                        meth = frame.get(\"methodName\", \"<anonymous>\")\n                        if \"className\" in frame:\n                            meth = f\"{frame['className']}.{meth}\"\n                        msg = \"    at %s (%s)\"\n                        msg = msg % (meth, file)\n                        stacktrace.append(msg)\n                except TypeError:\n                    pass\n        if exception_class == UnexpectedAlertPresentException:\n            alert_text = None\n            if \"data\" in value:\n                alert_text = value[\"data\"].get(\"text\")\n            elif \"alert\" in value:\n                alert_text = value[\"alert\"].get(\"text\")\n            raise exception_class(message, screen, stacktrace, alert_text)  # type: ignore[call-arg]  # mypy is not smart enough here\n>       raise exception_class(message, screen, stacktrace)\nE       selenium.common.exceptions.NoSuchElementException: Message: no such element: Unable to locate element: {\"method\":\"xpath\",\"selector\":\"(//a[@class='add-to-cart yellow-btn'])[1]\"}\nE         (Session info: chrome=128.0.6613.137); For documentation on this error, please visit: https://www.selenium.dev/documentation/webdriver/troubleshooting/errors#no-such-element-exception\nE       Stacktrace:\nE       #0 0x55dd3d5bd2da <unknown>\nE       #1 0x55dd3d28b200 <unknown>\nE       #2 0x55dd3d2daaa2 <unknown>\nE       #3 0x55dd3d2dad41 <unknown>\nE       #4 0x55dd3d320964 <unknown>\nE       #5 0x55dd3d2ff8fd <unknown>\nE       #6 0x55dd3d31ddfd <unknown>\nE       #7 0x55dd3d2ff673 <unknown>\nE       #8 0x55dd3d2cd473 <unknown>\nE       #9 0x55dd3d2ce47e <unknown>\nE       #10 0x55dd3d5840db <unknown>\nE       #11 0x55dd3d588071 <unknown>\nE       #12 0x55dd3d5709d5 <unknown>\nE       #13 0x55dd3d588bf2 <unknown>\nE       #14 0x55dd3d555b6f <unknown>\nE       #15 0x55dd3d5ac248 <unknown>\nE       #16 0x55dd3d5ac417 <unknown>\nE       #17 0x55dd3d5bc0cc <unknown>\nE       #18 0x7f2401f0e144 <unknown>\n\n/usr/local/lib/python3.11/site-packages/selenium/webdriver/remote/errorhandler.py:229: NoSuchElementException","steps":[{"name":"Добавляем товар в корзину в количестве 16","time":{"start":1726534559438,"stop":1726534559456,"duration":18},"status":"broken","statusMessage":"selenium.common.exceptions.NoSuchElementException: Message: no such element: Unable to locate element: {\"method\":\"xpath\",\"selector\":\"(//a[@class='add-to-cart yellow-btn'])[1]\"}\n  (Session info: chrome=128.0.6613.137); For documentation on this error, please visit: https://www.selenium.dev/documentation/webdriver/troubleshooting/errors#no-such-element-exception\nStacktrace:\n#0 0x55dd3d5bd2da <unknown>\n#1 0x55dd3d28b200 <unknown>\n#2 0x55dd3d2daaa2 <unknown>\n#3 0x55dd3d2dad41 <unknown>\n#4 0x55dd3d320964 <unknown>\n#5 0x55dd3d2ff8fd <unknown>\n#6 0x55dd3d31ddfd <unknown>\n#7 0x55dd3d2ff673 <unknown>\n#8 0x55dd3d2cd473 <unknown>\n#9 0x55dd3d2ce47e <unknown>\n#10 0x55dd3d5840db <unknown>\n#11 0x55dd3d588071 <unknown>\n#12 0x55dd3d5709d5 <unknown>\n#13 0x55dd3d588bf2 <unknown>\n#14 0x55dd3d555b6f <unknown>\n#15 0x55dd3d5ac248 <unknown>\n#16 0x55dd3d5ac417 <unknown>\n#17 0x55dd3d5bc0cc <unknown>\n#18 0x7f2401f0e144 <unknown>\n\n","statusTrace":"  File \"/usr/local/lib/python3.11/site-packages/allure_commons/_allure.py\", line 192, in impl\n    return func(*a, **kw)\n           ^^^^^^^^^^^^^^\n  File \"/app/pages/item_page.py\", line 40, in add_item_to_cart\n    self.find_element(self._add_item).click()\n    ^^^^^^^^^^^^^^^^^^^^^^^^^^^^^^^^^\n  File \"/app/base/seleniumbase.py\", line 17, in find_element\n    return self.driver.find_element(*locator)\n           ^^^^^^^^^^^^^^^^^^^^^^^^^^^^^^^^^^\n  File \"/usr/local/lib/python3.11/site-packages/selenium/webdriver/remote/webdriver.py\", line 739, in find_element\n    return self.execute(Command.FIND_ELEMENT, {\"using\": by, \"value\": value})[\"value\"]\n           ^^^^^^^^^^^^^^^^^^^^^^^^^^^^^^^^^^^^^^^^^^^^^^^^^^^^^^^^^^^^^^^^^\n  File \"/usr/local/lib/python3.11/site-packages/selenium/webdriver/remote/webdriver.py\", line 345, in execute\n    self.error_handler.check_response(response)\n  File \"/usr/local/lib/python3.11/site-packages/selenium/webdriver/remote/errorhandler.py\", line 229, in check_response\n    raise exception_class(message, screen, stacktrace)\n","steps":[],"attachments":[],"parameters":[{"name":"amount","value":"16"}],"shouldDisplayMessage":true,"stepsCount":0,"attachmentsCount":0,"hasContent":true,"attachmentStep":false}],"attachments":[{"uid":"cd9b0de225c88af5","name":"Screenshot","source":"cd9b0de225c88af5.png","type":"image/png","size":46834},{"uid":"26b6ada100acbfb4","name":"HTML source","source":"26b6ada100acbfb4.html","type":"text/html","size":133749}],"parameters":[],"shouldDisplayMessage":true,"stepsCount":1,"attachmentsCount":2,"hasContent":true,"attachmentStep":false},"afterStages":[{"name":"setup::0","time":{"start":1726534559583,"stop":1726534559583,"duration":0},"status":"passed","steps":[],"attachments":[],"parameters":[],"shouldDisplayMessage":false,"stepsCount":0,"attachmentsCount":0,"hasContent":false,"attachmentStep":false},{"name":"driver::0","time":{"start":1726534559584,"stop":1726534559650,"duration":66},"status":"passed","steps":[],"attachments":[],"parameters":[],"shouldDisplayMessage":false,"stepsCount":0,"attachmentsCount":0,"hasContent":false,"attachmentStep":false}],"labels":[{"name":"epic","value":"Delivery Page - calculation"},{"name":"tag","value":"smoke_test"},{"name":"tag","value":"@pytest.mark.xfail"},{"name":"parentSuite","value":"tests.delivery"},{"name":"suite","value":"test_delivery_calculation"},{"name":"subSuite","value":"TestDeliveryPageCalculation"},{"name":"host","value":"17d061a67c0e"},{"name":"thread","value":"1-MainThread"},{"name":"framework","value":"pytest"},{"name":"language","value":"cpython3"},{"name":"package","value":"tests.delivery.test_delivery_calculation"},{"name":"resultFormat","value":"allure2"}],"parameters":[{"name":"all_time","value":"3320"},{"name":"amount","value":"16"},{"name":"case_id","value":"'TD 018'"},{"name":"in_time","value":"2490"},{"name":"link_item","value":"'products/shtukaturka-gipsovaya-aksolit-m50-30-kg-mashinnogo-naneseniya'"},{"name":"standard","value":"850"},{"name":"url","value":"'https://sandboxtest.stroyrem-nn.ru/'"},{"name":"weight","value":"500"}],"links":[],"hidden":false,"retry":false,"extra":{"severity":"normal","retries":[],"categories":[],"history":{"statistic":{"failed":0,"broken":0,"skipped":110,"passed":0,"unknown":0,"total":110},"items":[{"uid":"668d4ff00b5187e0","reportUrl":"https://Nat754.github.io/StroyremAutomation/432//#testresult/668d4ff00b5187e0","status":"skipped","statusDetails":"XFAIL\n\nselenium.common.exceptions.NoSuchElementException: Message: no such element: Unable to locate element: {\"method\":\"xpath\",\"selector\":\"(//a[@class='add-to-cart yellow-btn'])[1]\"}\n  (Session info: chrome=128.0.6613.137); For documentation on this error, please visit: https://www.selenium.dev/documentation/webdriver/troubleshooting/errors#no-such-element-exception\nStacktrace:\n#0 0x563d95c0c2da <unknown>\n#1 0x563d958da200 <unknown>\n#2 0x563d95929aa2 <unknown>\n#3 0x563d95929d41 <unknown>\n#4 0x563d9596f964 <unknown>\n#5 0x563d9594e8fd <unknown>\n#6 0x563d9596cdfd <unknown>\n#7 0x563d9594e673 <unknown>\n#8 0x563d9591c473 <unknown>\n#9 0x563d9591d47e <unknown>\n#10 0x563d95bd30db <unknown>\n#11 0x563d95bd7071 <unknown>\n#12 0x563d95bbf9d5 <unknown>\n#13 0x563d95bd7bf2 <unknown>\n#14 0x563d95ba4b6f <unknown>\n#15 0x563d95bfb248 <unknown>\n#16 0x563d95bfb417 <unknown>\n#17 0x563d95c0b0cc <unknown>\n#18 0x7f45a23fa144 <unknown>","time":{"start":1726448929441,"stop":1726448929817,"duration":376}},{"uid":"1eb602b4ea505588","reportUrl":"https://Nat754.github.io/StroyremAutomation/431//#testresult/1eb602b4ea505588","status":"skipped","statusDetails":"XFAIL\n\nselenium.common.exceptions.NoSuchElementException: Message: no such element: Unable to locate element: {\"method\":\"xpath\",\"selector\":\"(//a[@class='add-to-cart yellow-btn'])[1]\"}\n  (Session info: chrome=128.0.6613.137); For documentation on this error, please visit: https://www.selenium.dev/documentation/webdriver/troubleshooting/errors#no-such-element-exception\nStacktrace:\n#0 0x55ffb67cc2da <unknown>\n#1 0x55ffb649a200 <unknown>\n#2 0x55ffb64e9aa2 <unknown>\n#3 0x55ffb64e9d41 <unknown>\n#4 0x55ffb652f964 <unknown>\n#5 0x55ffb650e8fd <unknown>\n#6 0x55ffb652cdfd <unknown>\n#7 0x55ffb650e673 <unknown>\n#8 0x55ffb64dc473 <unknown>\n#9 0x55ffb64dd47e <unknown>\n#10 0x55ffb67930db <unknown>\n#11 0x55ffb6797071 <unknown>\n#12 0x55ffb677f9d5 <unknown>\n#13 0x55ffb6797bf2 <unknown>\n#14 0x55ffb6764b6f <unknown>\n#15 0x55ffb67bb248 <unknown>\n#16 0x55ffb67bb417 <unknown>\n#17 0x55ffb67cb0cc <unknown>\n#18 0x7f048c6b8144 <unknown>","time":{"start":1726362693074,"stop":1726362693552,"duration":478}},{"uid":"69639330aedde4c0","reportUrl":"https://Nat754.github.io/StroyremAutomation/430//#testresult/69639330aedde4c0","status":"skipped","statusDetails":"XFAIL\n\nselenium.common.exceptions.NoSuchElementException: Message: no such element: Unable to locate element: {\"method\":\"xpath\",\"selector\":\"(//a[@class='add-to-cart yellow-btn'])[1]\"}\n  (Session info: chrome=128.0.6613.137); For documentation on this error, please visit: https://www.selenium.dev/documentation/webdriver/troubleshooting/errors#no-such-element-exception\nStacktrace:\n#0 0x55a860eaf2da <unknown>\n#1 0x55a860b7d200 <unknown>\n#2 0x55a860bccaa2 <unknown>\n#3 0x55a860bccd41 <unknown>\n#4 0x55a860c12964 <unknown>\n#5 0x55a860bf18fd <unknown>\n#6 0x55a860c0fdfd <unknown>\n#7 0x55a860bf1673 <unknown>\n#8 0x55a860bbf473 <unknown>\n#9 0x55a860bc047e <unknown>\n#10 0x55a860e760db <unknown>\n#11 0x55a860e7a071 <unknown>\n#12 0x55a860e629d5 <unknown>\n#13 0x55a860e7abf2 <unknown>\n#14 0x55a860e47b6f <unknown>\n#15 0x55a860e9e248 <unknown>\n#16 0x55a860e9e417 <unknown>\n#17 0x55a860eae0cc <unknown>\n#18 0x7f78ef3ff144 <unknown>","time":{"start":1726275920709,"stop":1726275921182,"duration":473}},{"uid":"ecb0c62ac85d9826","reportUrl":"https://Nat754.github.io/StroyremAutomation/429//#testresult/ecb0c62ac85d9826","status":"skipped","statusDetails":"XFAIL\n\nselenium.common.exceptions.NoSuchElementException: Message: no such element: Unable to locate element: {\"method\":\"xpath\",\"selector\":\"(//a[@class='add-to-cart yellow-btn'])[1]\"}\n  (Session info: chrome=128.0.6613.137); For documentation on this error, please visit: https://www.selenium.dev/documentation/webdriver/troubleshooting/errors#no-such-element-exception\nStacktrace:\n#0 0x561e6fb142da <unknown>\n#1 0x561e6f7e2200 <unknown>\n#2 0x561e6f831aa2 <unknown>\n#3 0x561e6f831d41 <unknown>\n#4 0x561e6f877964 <unknown>\n#5 0x561e6f8568fd <unknown>\n#6 0x561e6f874dfd <unknown>\n#7 0x561e6f856673 <unknown>\n#8 0x561e6f824473 <unknown>\n#9 0x561e6f82547e <unknown>\n#10 0x561e6fadb0db <unknown>\n#11 0x561e6fadf071 <unknown>\n#12 0x561e6fac79d5 <unknown>\n#13 0x561e6fadfbf2 <unknown>\n#14 0x561e6faacb6f <unknown>\n#15 0x561e6fb03248 <unknown>\n#16 0x561e6fb03417 <unknown>\n#17 0x561e6fb130cc <unknown>\n#18 0x7fe69d942144 <unknown>","time":{"start":1726189488875,"stop":1726189489356,"duration":481}},{"uid":"bc3071ff95c8599e","reportUrl":"https://Nat754.github.io/StroyremAutomation/428//#testresult/bc3071ff95c8599e","status":"skipped","statusDetails":"XFAIL\n\nselenium.common.exceptions.NoSuchElementException: Message: no such element: Unable to locate element: {\"method\":\"xpath\",\"selector\":\"(//a[@class='add-to-cart yellow-btn'])[1]\"}\n  (Session info: chrome=128.0.6613.137); For documentation on this error, please visit: https://www.selenium.dev/documentation/webdriver/troubleshooting/errors#no-such-element-exception\nStacktrace:\n#0 0x555bb13312da <unknown>\n#1 0x555bb0fff200 <unknown>\n#2 0x555bb104eaa2 <unknown>\n#3 0x555bb104ed41 <unknown>\n#4 0x555bb1094964 <unknown>\n#5 0x555bb10738fd <unknown>\n#6 0x555bb1091dfd <unknown>\n#7 0x555bb1073673 <unknown>\n#8 0x555bb1041473 <unknown>\n#9 0x555bb104247e <unknown>\n#10 0x555bb12f80db <unknown>\n#11 0x555bb12fc071 <unknown>\n#12 0x555bb12e49d5 <unknown>\n#13 0x555bb12fcbf2 <unknown>\n#14 0x555bb12c9b6f <unknown>\n#15 0x555bb1320248 <unknown>\n#16 0x555bb1320417 <unknown>\n#17 0x555bb13300cc <unknown>\n#18 0x7f6e64c07144 <unknown>","time":{"start":1726103080184,"stop":1726103080759,"duration":575}},{"uid":"e762804e6cb45f8b","reportUrl":"https://Nat754.github.io/StroyremAutomation/427//#testresult/e762804e6cb45f8b","status":"skipped","statusDetails":"XFAIL\n\nselenium.common.exceptions.NoSuchElementException: Message: no such element: Unable to locate element: {\"method\":\"xpath\",\"selector\":\"(//a[@class='add-to-cart yellow-btn'])[1]\"}\n  (Session info: chrome=128.0.6613.137); For documentation on this error, please visit: https://www.selenium.dev/documentation/webdriver/troubleshooting/errors#no-such-element-exception\nStacktrace:\n#0 0x5642bffe82da <unknown>\n#1 0x5642bfcb6200 <unknown>\n#2 0x5642bfd05aa2 <unknown>\n#3 0x5642bfd05d41 <unknown>\n#4 0x5642bfd4b964 <unknown>\n#5 0x5642bfd2a8fd <unknown>\n#6 0x5642bfd48dfd <unknown>\n#7 0x5642bfd2a673 <unknown>\n#8 0x5642bfcf8473 <unknown>\n#9 0x5642bfcf947e <unknown>\n#10 0x5642bffaf0db <unknown>\n#11 0x5642bffb3071 <unknown>\n#12 0x5642bff9b9d5 <unknown>\n#13 0x5642bffb3bf2 <unknown>\n#14 0x5642bff80b6f <unknown>\n#15 0x5642bffd7248 <unknown>\n#16 0x5642bffd7417 <unknown>\n#17 0x5642bffe70cc <unknown>\n#18 0x7f988b7e0144 <unknown>","time":{"start":1726016652935,"stop":1726016653384,"duration":449}},{"uid":"17d8c012494791d9","reportUrl":"https://Nat754.github.io/StroyremAutomation/426//#testresult/17d8c012494791d9","status":"skipped","statusDetails":"XFAIL\n\nselenium.common.exceptions.NoSuchElementException: Message: no such element: Unable to locate element: {\"method\":\"xpath\",\"selector\":\"(//a[@class='add-to-cart yellow-btn'])[1]\"}\n  (Session info: chrome=128.0.6613.119); For documentation on this error, please visit: https://www.selenium.dev/documentation/webdriver/troubleshooting/errors#no-such-element-exception\nStacktrace:\n#0 0x563d95d7386a <unknown>\n#1 0x563d95a41e50 <unknown>\n#2 0x563d95a91644 <unknown>\n#3 0x563d95a91931 <unknown>\n#4 0x563d95ad7534 <unknown>\n#5 0x563d95ab64bd <unknown>\n#6 0x563d95ad49c6 <unknown>\n#7 0x563d95ab6233 <unknown>\n#8 0x563d95a84093 <unknown>\n#9 0x563d95a8509e <unknown>\n#10 0x563d95d3aacb <unknown>\n#11 0x563d95d3ea81 <unknown>\n#12 0x563d95d26695 <unknown>\n#13 0x563d95d3f5f2 <unknown>\n#14 0x563d95d0b86f <unknown>\n#15 0x563d95d62668 <unknown>\n#16 0x563d95d62832 <unknown>\n#17 0x563d95d7265c <unknown>\n#18 0x7fdc2a259144 <unknown>","time":{"start":1725930305176,"stop":1725930305720,"duration":544}},{"uid":"f6aa6579f197ac9f","reportUrl":"https://Nat754.github.io/StroyremAutomation/425//#testresult/f6aa6579f197ac9f","status":"skipped","statusDetails":"XFAIL\n\nselenium.common.exceptions.NoSuchElementException: Message: no such element: Unable to locate element: {\"method\":\"xpath\",\"selector\":\"(//a[@class='add-to-cart yellow-btn'])[1]\"}\n  (Session info: chrome=128.0.6613.119); For documentation on this error, please visit: https://www.selenium.dev/documentation/webdriver/troubleshooting/errors#no-such-element-exception\nStacktrace:\n#0 0x55873b1ce86a <unknown>\n#1 0x55873ae9ce50 <unknown>\n#2 0x55873aeec644 <unknown>\n#3 0x55873aeec931 <unknown>\n#4 0x55873af32534 <unknown>\n#5 0x55873af114bd <unknown>\n#6 0x55873af2f9c6 <unknown>\n#7 0x55873af11233 <unknown>\n#8 0x55873aedf093 <unknown>\n#9 0x55873aee009e <unknown>\n#10 0x55873b195acb <unknown>\n#11 0x55873b199a81 <unknown>\n#12 0x55873b181695 <unknown>\n#13 0x55873b19a5f2 <unknown>\n#14 0x55873b16686f <unknown>\n#15 0x55873b1bd668 <unknown>\n#16 0x55873b1bd832 <unknown>\n#17 0x55873b1cd65c <unknown>\n#18 0x7f09a7eb7144 <unknown>","time":{"start":1725843975525,"stop":1725843975888,"duration":363}},{"uid":"efebbe9984953638","reportUrl":"https://Nat754.github.io/StroyremAutomation/424//#testresult/efebbe9984953638","status":"skipped","statusDetails":"XFAIL\n\nselenium.common.exceptions.NoSuchElementException: Message: no such element: Unable to locate element: {\"method\":\"xpath\",\"selector\":\"(//a[@class='add-to-cart yellow-btn'])[1]\"}\n  (Session info: chrome=128.0.6613.119); For documentation on this error, please visit: https://www.selenium.dev/documentation/webdriver/troubleshooting/errors#no-such-element-exception\nStacktrace:\n#0 0x55ae32bc386a <unknown>\n#1 0x55ae32891e50 <unknown>\n#2 0x55ae328e1644 <unknown>\n#3 0x55ae328e1931 <unknown>\n#4 0x55ae32927534 <unknown>\n#5 0x55ae329064bd <unknown>\n#6 0x55ae329249c6 <unknown>\n#7 0x55ae32906233 <unknown>\n#8 0x55ae328d4093 <unknown>\n#9 0x55ae328d509e <unknown>\n#10 0x55ae32b8aacb <unknown>\n#11 0x55ae32b8ea81 <unknown>\n#12 0x55ae32b76695 <unknown>\n#13 0x55ae32b8f5f2 <unknown>\n#14 0x55ae32b5b86f <unknown>\n#15 0x55ae32bb2668 <unknown>\n#16 0x55ae32bb2832 <unknown>\n#17 0x55ae32bc265c <unknown>\n#18 0x7f0a948e3144 <unknown>","time":{"start":1725757722728,"stop":1725757723027,"duration":299}},{"uid":"df68e194c22dcfda","reportUrl":"https://Nat754.github.io/StroyremAutomation/423//#testresult/df68e194c22dcfda","status":"skipped","statusDetails":"XFAIL\n\nselenium.common.exceptions.NoSuchElementException: Message: no such element: Unable to locate element: {\"method\":\"xpath\",\"selector\":\"(//a[@class='add-to-cart yellow-btn'])[1]\"}\n  (Session info: chrome=128.0.6613.119); For documentation on this error, please visit: https://www.selenium.dev/documentation/webdriver/troubleshooting/errors#no-such-element-exception\nStacktrace:\n#0 0x55a18498086a <unknown>\n#1 0x55a18464ee50 <unknown>\n#2 0x55a18469e644 <unknown>\n#3 0x55a18469e931 <unknown>\n#4 0x55a1846e4534 <unknown>\n#5 0x55a1846c34bd <unknown>\n#6 0x55a1846e19c6 <unknown>\n#7 0x55a1846c3233 <unknown>\n#8 0x55a184691093 <unknown>\n#9 0x55a18469209e <unknown>\n#10 0x55a184947acb <unknown>\n#11 0x55a18494ba81 <unknown>\n#12 0x55a184933695 <unknown>\n#13 0x55a18494c5f2 <unknown>\n#14 0x55a18491886f <unknown>\n#15 0x55a18496f668 <unknown>\n#16 0x55a18496f832 <unknown>\n#17 0x55a18497f65c <unknown>\n#18 0x7f72f9ca0144 <unknown>","time":{"start":1725671027165,"stop":1725671027577,"duration":412}},{"uid":"53f75a2dc3afa81e","reportUrl":"https://Nat754.github.io/StroyremAutomation/422//#testresult/53f75a2dc3afa81e","status":"skipped","statusDetails":"XFAIL\n\nselenium.common.exceptions.NoSuchElementException: Message: no such element: Unable to locate element: {\"method\":\"xpath\",\"selector\":\"(//a[@class='add-to-cart yellow-btn'])[1]\"}\n  (Session info: chrome=128.0.6613.119); For documentation on this error, please visit: https://www.selenium.dev/documentation/webdriver/troubleshooting/errors#no-such-element-exception\nStacktrace:\n#0 0x5556ecb0c86a <unknown>\n#1 0x5556ec7dae50 <unknown>\n#2 0x5556ec82a644 <unknown>\n#3 0x5556ec82a931 <unknown>\n#4 0x5556ec870534 <unknown>\n#5 0x5556ec84f4bd <unknown>\n#6 0x5556ec86d9c6 <unknown>\n#7 0x5556ec84f233 <unknown>\n#8 0x5556ec81d093 <unknown>\n#9 0x5556ec81e09e <unknown>\n#10 0x5556ecad3acb <unknown>\n#11 0x5556ecad7a81 <unknown>\n#12 0x5556ecabf695 <unknown>\n#13 0x5556ecad85f2 <unknown>\n#14 0x5556ecaa486f <unknown>\n#15 0x5556ecafb668 <unknown>\n#16 0x5556ecafb832 <unknown>\n#17 0x5556ecb0b65c <unknown>\n#18 0x7f5228844144 <unknown>","time":{"start":1725584678443,"stop":1725584679087,"duration":644}},{"uid":"f69507d523394dc8","reportUrl":"https://Nat754.github.io/StroyremAutomation/421//#testresult/f69507d523394dc8","status":"skipped","statusDetails":"XFAIL\n\nselenium.common.exceptions.NoSuchElementException: Message: no such element: Unable to locate element: {\"method\":\"xpath\",\"selector\":\"(//a[@class='add-to-cart yellow-btn'])[1]\"}\n  (Session info: chrome=128.0.6613.119); For documentation on this error, please visit: https://www.selenium.dev/documentation/webdriver/troubleshooting/errors#no-such-element-exception\nStacktrace:\n#0 0x55c5c9b2c86a <unknown>\n#1 0x55c5c97fae50 <unknown>\n#2 0x55c5c984a644 <unknown>\n#3 0x55c5c984a931 <unknown>\n#4 0x55c5c9890534 <unknown>\n#5 0x55c5c986f4bd <unknown>\n#6 0x55c5c988d9c6 <unknown>\n#7 0x55c5c986f233 <unknown>\n#8 0x55c5c983d093 <unknown>\n#9 0x55c5c983e09e <unknown>\n#10 0x55c5c9af3acb <unknown>\n#11 0x55c5c9af7a81 <unknown>\n#12 0x55c5c9adf695 <unknown>\n#13 0x55c5c9af85f2 <unknown>\n#14 0x55c5c9ac486f <unknown>\n#15 0x55c5c9b1b668 <unknown>\n#16 0x55c5c9b1b832 <unknown>\n#17 0x55c5c9b2b65c <unknown>\n#18 0x7f5d3f6e7144 <unknown>","time":{"start":1725498293615,"stop":1725498294046,"duration":431}},{"uid":"56983ba65220aa4","reportUrl":"https://Nat754.github.io/StroyremAutomation/420//#testresult/56983ba65220aa4","status":"skipped","statusDetails":"XFAIL\n\nselenium.common.exceptions.NoSuchElementException: Message: no such element: Unable to locate element: {\"method\":\"xpath\",\"selector\":\"(//a[@class='add-to-cart yellow-btn'])[1]\"}\n  (Session info: chrome=128.0.6613.119); For documentation on this error, please visit: https://www.selenium.dev/documentation/webdriver/troubleshooting/errors#no-such-element-exception\nStacktrace:\n#0 0x55d9f1dfc86a <unknown>\n#1 0x55d9f1acae50 <unknown>\n#2 0x55d9f1b1a644 <unknown>\n#3 0x55d9f1b1a931 <unknown>\n#4 0x55d9f1b60534 <unknown>\n#5 0x55d9f1b3f4bd <unknown>\n#6 0x55d9f1b5d9c6 <unknown>\n#7 0x55d9f1b3f233 <unknown>\n#8 0x55d9f1b0d093 <unknown>\n#9 0x55d9f1b0e09e <unknown>\n#10 0x55d9f1dc3acb <unknown>\n#11 0x55d9f1dc7a81 <unknown>\n#12 0x55d9f1daf695 <unknown>\n#13 0x55d9f1dc85f2 <unknown>\n#14 0x55d9f1d9486f <unknown>\n#15 0x55d9f1deb668 <unknown>\n#16 0x55d9f1deb832 <unknown>\n#17 0x55d9f1dfb65c <unknown>\n#18 0x7f8b0be5d134 <unknown>","time":{"start":1725411838611,"stop":1725411839029,"duration":418}},{"uid":"67293843abe02cbb","reportUrl":"https://Nat754.github.io/StroyremAutomation/419//#testresult/67293843abe02cbb","status":"skipped","statusDetails":"XFAIL\n\nselenium.common.exceptions.NoSuchElementException: Message: no such element: Unable to locate element: {\"method\":\"xpath\",\"selector\":\"(//a[@class='add-to-cart yellow-btn'])[1]\"}\n  (Session info: chrome=128.0.6613.119); For documentation on this error, please visit: https://www.selenium.dev/documentation/webdriver/troubleshooting/errors#no-such-element-exception\nStacktrace:\n#0 0x5562057ef86a <unknown>\n#1 0x5562054bde50 <unknown>\n#2 0x55620550d644 <unknown>\n#3 0x55620550d931 <unknown>\n#4 0x556205553534 <unknown>\n#5 0x5562055324bd <unknown>\n#6 0x5562055509c6 <unknown>\n#7 0x556205532233 <unknown>\n#8 0x556205500093 <unknown>\n#9 0x55620550109e <unknown>\n#10 0x5562057b6acb <unknown>\n#11 0x5562057baa81 <unknown>\n#12 0x5562057a2695 <unknown>\n#13 0x5562057bb5f2 <unknown>\n#14 0x55620578786f <unknown>\n#15 0x5562057de668 <unknown>\n#16 0x5562057de832 <unknown>\n#17 0x5562057ee65c <unknown>\n#18 0x7fdaa456a134 <unknown>","time":{"start":1725325390020,"stop":1725325390423,"duration":403}},{"uid":"1d2fa33fb4547b27","reportUrl":"https://Nat754.github.io/StroyremAutomation/418//#testresult/1d2fa33fb4547b27","status":"skipped","statusDetails":"XFAIL\n\nselenium.common.exceptions.NoSuchElementException: Message: no such element: Unable to locate element: {\"method\":\"xpath\",\"selector\":\"(//a[@class='add-to-cart yellow-btn'])[1]\"}\n  (Session info: chrome=128.0.6613.86); For documentation on this error, please visit: https://www.selenium.dev/documentation/webdriver/troubleshooting/errors#no-such-element-exception\nStacktrace:\n#0 0x55b49e99e8da <unknown>\n#1 0x55b49e66ce50 <unknown>\n#2 0x55b49e6bc644 <unknown>\n#3 0x55b49e6bc931 <unknown>\n#4 0x55b49e702534 <unknown>\n#5 0x55b49e6e14bd <unknown>\n#6 0x55b49e6ff9c6 <unknown>\n#7 0x55b49e6e1233 <unknown>\n#8 0x55b49e6af093 <unknown>\n#9 0x55b49e6b009e <unknown>\n#10 0x55b49e965b3b <unknown>\n#11 0x55b49e969af1 <unknown>\n#12 0x55b49e951705 <unknown>\n#13 0x55b49e96a662 <unknown>\n#14 0x55b49e9368df <unknown>\n#15 0x55b49e98d6d8 <unknown>\n#16 0x55b49e98d8a2 <unknown>\n#17 0x55b49e99d6cc <unknown>\n#18 0x7efe62b70134 <unknown>","time":{"start":1725239099769,"stop":1725239100195,"duration":426}},{"uid":"f524eb48a51e49ac","reportUrl":"https://Nat754.github.io/StroyremAutomation/417//#testresult/f524eb48a51e49ac","status":"skipped","statusDetails":"XFAIL\n\nselenium.common.exceptions.NoSuchElementException: Message: no such element: Unable to locate element: {\"method\":\"xpath\",\"selector\":\"(//a[@class='add-to-cart yellow-btn'])[1]\"}\n  (Session info: chrome=128.0.6613.86); For documentation on this error, please visit: https://www.selenium.dev/documentation/webdriver/troubleshooting/errors#no-such-element-exception\nStacktrace:\n#0 0x558bb14ef8da <unknown>\n#1 0x558bb11bde50 <unknown>\n#2 0x558bb120d644 <unknown>\n#3 0x558bb120d931 <unknown>\n#4 0x558bb1253534 <unknown>\n#5 0x558bb12324bd <unknown>\n#6 0x558bb12509c6 <unknown>\n#7 0x558bb1232233 <unknown>\n#8 0x558bb1200093 <unknown>\n#9 0x558bb120109e <unknown>\n#10 0x558bb14b6b3b <unknown>\n#11 0x558bb14baaf1 <unknown>\n#12 0x558bb14a2705 <unknown>\n#13 0x558bb14bb662 <unknown>\n#14 0x558bb14878df <unknown>\n#15 0x558bb14de6d8 <unknown>\n#16 0x558bb14de8a2 <unknown>\n#17 0x558bb14ee6cc <unknown>\n#18 0x7f006dc90134 <unknown>","time":{"start":1725153278709,"stop":1725153279314,"duration":605}},{"uid":"9304b5f1e9613c00","reportUrl":"https://Nat754.github.io/StroyremAutomation/416//#testresult/9304b5f1e9613c00","status":"skipped","statusDetails":"XFAIL\n\nselenium.common.exceptions.NoSuchElementException: Message: no such element: Unable to locate element: {\"method\":\"xpath\",\"selector\":\"(//a[@class='add-to-cart yellow-btn'])[1]\"}\n  (Session info: chrome=128.0.6613.86); For documentation on this error, please visit: https://www.selenium.dev/documentation/webdriver/troubleshooting/errors#no-such-element-exception\nStacktrace:\n#0 0x55bfd83238da <unknown>\n#1 0x55bfd7ff1e50 <unknown>\n#2 0x55bfd8041644 <unknown>\n#3 0x55bfd8041931 <unknown>\n#4 0x55bfd8087534 <unknown>\n#5 0x55bfd80664bd <unknown>\n#6 0x55bfd80849c6 <unknown>\n#7 0x55bfd8066233 <unknown>\n#8 0x55bfd8034093 <unknown>\n#9 0x55bfd803509e <unknown>\n#10 0x55bfd82eab3b <unknown>\n#11 0x55bfd82eeaf1 <unknown>\n#12 0x55bfd82d6705 <unknown>\n#13 0x55bfd82ef662 <unknown>\n#14 0x55bfd82bb8df <unknown>\n#15 0x55bfd83126d8 <unknown>\n#16 0x55bfd83128a2 <unknown>\n#17 0x55bfd83226cc <unknown>\n#18 0x7f607447c134 <unknown>","time":{"start":1725066228198,"stop":1725066228529,"duration":331}},{"uid":"27e7898243379e65","reportUrl":"https://Nat754.github.io/StroyremAutomation/415//#testresult/27e7898243379e65","status":"skipped","statusDetails":"XFAIL\n\nselenium.common.exceptions.NoSuchElementException: Message: no such element: Unable to locate element: {\"method\":\"xpath\",\"selector\":\"(//a[@class='add-to-cart yellow-btn'])[1]\"}\n  (Session info: chrome=128.0.6613.86); For documentation on this error, please visit: https://www.selenium.dev/documentation/webdriver/troubleshooting/errors#no-such-element-exception\nStacktrace:\n#0 0x55c4e186f8da <unknown>\n#1 0x55c4e153de50 <unknown>\n#2 0x55c4e158d644 <unknown>\n#3 0x55c4e158d931 <unknown>\n#4 0x55c4e15d3534 <unknown>\n#5 0x55c4e15b24bd <unknown>\n#6 0x55c4e15d09c6 <unknown>\n#7 0x55c4e15b2233 <unknown>\n#8 0x55c4e1580093 <unknown>\n#9 0x55c4e158109e <unknown>\n#10 0x55c4e1836b3b <unknown>\n#11 0x55c4e183aaf1 <unknown>\n#12 0x55c4e1822705 <unknown>\n#13 0x55c4e183b662 <unknown>\n#14 0x55c4e18078df <unknown>\n#15 0x55c4e185e6d8 <unknown>\n#16 0x55c4e185e8a2 <unknown>\n#17 0x55c4e186e6cc <unknown>\n#18 0x7f7f667b9134 <unknown>","time":{"start":1724979814013,"stop":1724979814556,"duration":543}},{"uid":"5eb6e0b566d3d1da","reportUrl":"https://Nat754.github.io/StroyremAutomation/414//#testresult/5eb6e0b566d3d1da","status":"skipped","statusDetails":"XFAIL\n\nselenium.common.exceptions.NoSuchElementException: Message: no such element: Unable to locate element: {\"method\":\"xpath\",\"selector\":\"(//a[@class='add-to-cart yellow-btn'])[1]\"}\n  (Session info: chrome=128.0.6613.86); For documentation on this error, please visit: https://www.selenium.dev/documentation/webdriver/troubleshooting/errors#no-such-element-exception\nStacktrace:\n#0 0x556a41a218da <unknown>\n#1 0x556a416efe50 <unknown>\n#2 0x556a4173f644 <unknown>\n#3 0x556a4173f931 <unknown>\n#4 0x556a41785534 <unknown>\n#5 0x556a417644bd <unknown>\n#6 0x556a417829c6 <unknown>\n#7 0x556a41764233 <unknown>\n#8 0x556a41732093 <unknown>\n#9 0x556a4173309e <unknown>\n#10 0x556a419e8b3b <unknown>\n#11 0x556a419ecaf1 <unknown>\n#12 0x556a419d4705 <unknown>\n#13 0x556a419ed662 <unknown>\n#14 0x556a419b98df <unknown>\n#15 0x556a41a106d8 <unknown>\n#16 0x556a41a108a2 <unknown>\n#17 0x556a41a206cc <unknown>\n#18 0x7f17330e8134 <unknown>","time":{"start":1724893488359,"stop":1724893488787,"duration":428}},{"uid":"52b1735db78f895a","reportUrl":"https://Nat754.github.io/StroyremAutomation/413//#testresult/52b1735db78f895a","status":"skipped","statusDetails":"XFAIL\n\nselenium.common.exceptions.NoSuchElementException: Message: no such element: Unable to locate element: {\"method\":\"xpath\",\"selector\":\"(//a[@class='add-to-cart yellow-btn'])[1]\"}\n  (Session info: chrome=128.0.6613.84); For documentation on this error, please visit: https://www.selenium.dev/documentation/webdriver/troubleshooting/errors#no-such-element-exception\nStacktrace:\n#0 0x55c35ed3b81a <unknown>\n#1 0x55c35ea09e50 <unknown>\n#2 0x55c35ea59644 <unknown>\n#3 0x55c35ea59931 <unknown>\n#4 0x55c35ea9f534 <unknown>\n#5 0x55c35ea7e4bd <unknown>\n#6 0x55c35ea9c9c6 <unknown>\n#7 0x55c35ea7e233 <unknown>\n#8 0x55c35ea4c093 <unknown>\n#9 0x55c35ea4d09e <unknown>\n#10 0x55c35ed02a7b <unknown>\n#11 0x55c35ed06a31 <unknown>\n#12 0x55c35ecee645 <unknown>\n#13 0x55c35ed075a2 <unknown>\n#14 0x55c35ecd381f <unknown>\n#15 0x55c35ed2a618 <unknown>\n#16 0x55c35ed2a7e2 <unknown>\n#17 0x55c35ed3a60c <unknown>\n#18 0x7ff45969b134 <unknown>","time":{"start":1724806984817,"stop":1724806985226,"duration":409}}]},"tags":["@pytest.mark.xfail","smoke_test"]},"source":"bbff5779aa8c1df4.json","parameterValues":["3320","16","'TD 018'","2490","'products/shtukaturka-gipsovaya-aksolit-m50-30-kg-mashinnogo-naneseniya'","850","'https://sandboxtest.stroyrem-nn.ru/'","500"]}