{"uid":"e2194bc9bb714a5a","name":"test_positive_delivery_green_zone_smoke[TD 007-products/shtukaturka-gipsovaya-aksolit-m50-30-kg-mashinnogo-naneseniya-66-2000-1300-2490-2980-https://sandboxtest.stroyrem-nn.ru/]","fullName":"tests.delivery.test_delivery_calculation.TestDeliveryPageCalculation#test_positive_delivery_green_zone_smoke","historyId":"01706720b82fe343c373f6b78a174407","time":{"start":1726534542082,"stop":1726534543128,"duration":1046},"status":"skipped","statusMessage":"XFAIL\n\nselenium.common.exceptions.NoSuchElementException: Message: no such element: Unable to locate element: {\"method\":\"xpath\",\"selector\":\"(//a[@class='add-to-cart yellow-btn'])[1]\"}\n  (Session info: chrome=128.0.6613.137); For documentation on this error, please visit: https://www.selenium.dev/documentation/webdriver/troubleshooting/errors#no-such-element-exception\nStacktrace:\n#0 0x55e9df2352da <unknown>\n#1 0x55e9def03200 <unknown>\n#2 0x55e9def52aa2 <unknown>\n#3 0x55e9def52d41 <unknown>\n#4 0x55e9def98964 <unknown>\n#5 0x55e9def778fd <unknown>\n#6 0x55e9def95dfd <unknown>\n#7 0x55e9def77673 <unknown>\n#8 0x55e9def45473 <unknown>\n#9 0x55e9def4647e <unknown>\n#10 0x55e9df1fc0db <unknown>\n#11 0x55e9df200071 <unknown>\n#12 0x55e9df1e89d5 <unknown>\n#13 0x55e9df200bf2 <unknown>\n#14 0x55e9df1cdb6f <unknown>\n#15 0x55e9df224248 <unknown>\n#16 0x55e9df224417 <unknown>\n#17 0x55e9df2340cc <unknown>\n#18 0x7fece488f144 <unknown>","statusTrace":"self = <tests.delivery.test_delivery_calculation.TestDeliveryPageCalculation object at 0x7f34996a85d0>\ndriver = <selenium.webdriver.chrome.webdriver.WebDriver (session=\"2dd9bc98d6c9a85f2369c3cf09e79290\")>\nurl = 'https://sandboxtest.stroyrem-nn.ru/', case_id = 'TD 007'\nlink_item = 'products/shtukaturka-gipsovaya-aksolit-m50-30-kg-mashinnogo-naneseniya'\namount = 66, weight = 2000, standard = 1300, in_time = 2490, all_time = 2980\n\n    @pytest.mark.parametrize('case_id, link_item, amount, weight, standard, in_time, all_time', [\n        (\"TD 001\", uroven_3000, 1, 30, 0, 1590, 2190),\n        (\"TD 002\", bundeks_25, 1, 30, 400, 1590, 2190),\n        (\"TD 003\", aksolit_30, 8, 300, 400, 1590, 2190),\n        (\"TD 004\", aksolit_30, 13, 400, 450, 1590, 2190),\n        (\"TD 005\", aksolit_30, 16, 500, 600, 1590, 2190),\n        (\"TD 006\", aksolit_30, 25, 1700, 990, 1990, 2480),\n        (\"TD 007\", aksolit_30, 66, 2000, 1300, 2490, 2980),\n        (\"TD 008\", aksolit_30, 149, 4500, 2300, 3980, 4490),\n        (\"TD 009\", aksolit_30, 166, 5000, 2500, 4990, 5480),\n        pytest.param(\n            \"TD 010\", aksolit_30, 206, 6200, 2900, 5570, 6120,\n            marks=pytest.mark.xfail(reson=\"Цена доставки 3600 7960 8980\")\n        ),\n        (\"TD 011\", aksolit_30, 299, 9000, 3600, 7960, 8980),\n        (\"TD 012\", aksolit_30, 333, 10000, 4450, 11990, 12500),\n        pytest.param(\n            \"TD 013\", aksolit_30, 366, 11000, 4800, 12450, 13480,\n            marks=pytest.mark.xfail(reason=\"Цена стандартной доставки 4450\")\n        ),\n        pytest.param(\n            \"TD 014\", aksolit_30, 666, 20000, 5400, 15600, 17490,\n            marks=pytest.mark.xfail(reason=\"Цена стандартной доставки 4450\")\n        )\n    ])\n    @pytest.mark.xfail\n    @pytest.mark.smoke_test\n    def test_positive_delivery_green_zone_smoke(\n            self, driver, url, case_id, link_item, amount, weight, standard, in_time, all_time\n    ):\n    \n        driver.get(f'{url}{link_item}')\n        item_page = ItemPage(driver)\n>       item_page.add_item_to_cart(amount).click_on_cart()\n\ntests/delivery/test_delivery_calculation.py:50: \n_ _ _ _ _ _ _ _ _ _ _ _ _ _ _ _ _ _ _ _ _ _ _ _ _ _ _ _ _ _ _ _ _ _ _ _ _ _ _ _ \npages/item_page.py:40: in add_item_to_cart\n    self.find_element(self._add_item).click()\nbase/seleniumbase.py:17: in find_element\n    return self.driver.find_element(*locator)\n/usr/local/lib/python3.11/site-packages/selenium/webdriver/remote/webdriver.py:739: in find_element\n    return self.execute(Command.FIND_ELEMENT, {\"using\": by, \"value\": value})[\"value\"]\n/usr/local/lib/python3.11/site-packages/selenium/webdriver/remote/webdriver.py:345: in execute\n    self.error_handler.check_response(response)\n_ _ _ _ _ _ _ _ _ _ _ _ _ _ _ _ _ _ _ _ _ _ _ _ _ _ _ _ _ _ _ _ _ _ _ _ _ _ _ _ \n\nself = <selenium.webdriver.remote.errorhandler.ErrorHandler object at 0x7f34999e9090>\nresponse = {'status': 404, 'value': '{\"value\":{\"error\":\"no such element\",\"message\":\"no such element: Unable to locate element: {\\...\\\\n#16 0x55e9df224417 \\\\u003Cunknown>\\\\n#17 0x55e9df2340cc \\\\u003Cunknown>\\\\n#18 0x7fece488f144 \\\\u003Cunknown>\\\\n\"}}'}\n\n    def check_response(self, response: Dict[str, Any]) -> None:\n        \"\"\"Checks that a JSON response from the WebDriver does not have an\n        error.\n    \n        :Args:\n         - response - The JSON response from the WebDriver server as a dictionary\n           object.\n    \n        :Raises: If the response contains an error message.\n        \"\"\"\n        status = response.get(\"status\", None)\n        if not status or status == ErrorCode.SUCCESS:\n            return\n        value = None\n        message = response.get(\"message\", \"\")\n        screen: str = response.get(\"screen\", \"\")\n        stacktrace = None\n        if isinstance(status, int):\n            value_json = response.get(\"value\", None)\n            if value_json and isinstance(value_json, str):\n                import json\n    \n                try:\n                    value = json.loads(value_json)\n                    if len(value) == 1:\n                        value = value[\"value\"]\n                    status = value.get(\"error\", None)\n                    if not status:\n                        status = value.get(\"status\", ErrorCode.UNKNOWN_ERROR)\n                        message = value.get(\"value\") or value.get(\"message\")\n                        if not isinstance(message, str):\n                            value = message\n                            message = message.get(\"message\")\n                    else:\n                        message = value.get(\"message\", None)\n                except ValueError:\n                    pass\n    \n        exception_class: Type[WebDriverException]\n        e = ErrorCode()\n        error_codes = [item for item in dir(e) if not item.startswith(\"__\")]\n        for error_code in error_codes:\n            error_info = getattr(ErrorCode, error_code)\n            if isinstance(error_info, list) and status in error_info:\n                exception_class = getattr(ExceptionMapping, error_code, WebDriverException)\n                break\n        else:\n            exception_class = WebDriverException\n    \n        if not value:\n            value = response[\"value\"]\n        if isinstance(value, str):\n            raise exception_class(value)\n        if message == \"\" and \"message\" in value:\n            message = value[\"message\"]\n    \n        screen = None  # type: ignore[assignment]\n        if \"screen\" in value:\n            screen = value[\"screen\"]\n    \n        stacktrace = None\n        st_value = value.get(\"stackTrace\") or value.get(\"stacktrace\")\n        if st_value:\n            if isinstance(st_value, str):\n                stacktrace = st_value.split(\"\\n\")\n            else:\n                stacktrace = []\n                try:\n                    for frame in st_value:\n                        line = frame.get(\"lineNumber\", \"\")\n                        file = frame.get(\"fileName\", \"<anonymous>\")\n                        if line:\n                            file = f\"{file}:{line}\"\n                        meth = frame.get(\"methodName\", \"<anonymous>\")\n                        if \"className\" in frame:\n                            meth = f\"{frame['className']}.{meth}\"\n                        msg = \"    at %s (%s)\"\n                        msg = msg % (meth, file)\n                        stacktrace.append(msg)\n                except TypeError:\n                    pass\n        if exception_class == UnexpectedAlertPresentException:\n            alert_text = None\n            if \"data\" in value:\n                alert_text = value[\"data\"].get(\"text\")\n            elif \"alert\" in value:\n                alert_text = value[\"alert\"].get(\"text\")\n            raise exception_class(message, screen, stacktrace, alert_text)  # type: ignore[call-arg]  # mypy is not smart enough here\n>       raise exception_class(message, screen, stacktrace)\nE       selenium.common.exceptions.NoSuchElementException: Message: no such element: Unable to locate element: {\"method\":\"xpath\",\"selector\":\"(//a[@class='add-to-cart yellow-btn'])[1]\"}\nE         (Session info: chrome=128.0.6613.137); For documentation on this error, please visit: https://www.selenium.dev/documentation/webdriver/troubleshooting/errors#no-such-element-exception\nE       Stacktrace:\nE       #0 0x55e9df2352da <unknown>\nE       #1 0x55e9def03200 <unknown>\nE       #2 0x55e9def52aa2 <unknown>\nE       #3 0x55e9def52d41 <unknown>\nE       #4 0x55e9def98964 <unknown>\nE       #5 0x55e9def778fd <unknown>\nE       #6 0x55e9def95dfd <unknown>\nE       #7 0x55e9def77673 <unknown>\nE       #8 0x55e9def45473 <unknown>\nE       #9 0x55e9def4647e <unknown>\nE       #10 0x55e9df1fc0db <unknown>\nE       #11 0x55e9df200071 <unknown>\nE       #12 0x55e9df1e89d5 <unknown>\nE       #13 0x55e9df200bf2 <unknown>\nE       #14 0x55e9df1cdb6f <unknown>\nE       #15 0x55e9df224248 <unknown>\nE       #16 0x55e9df224417 <unknown>\nE       #17 0x55e9df2340cc <unknown>\nE       #18 0x7fece488f144 <unknown>\n\n/usr/local/lib/python3.11/site-packages/selenium/webdriver/remote/errorhandler.py:229: NoSuchElementException","flaky":false,"newFailed":false,"newBroken":false,"newPassed":false,"retriesCount":0,"retriesStatusChange":false,"beforeStages":[{"name":"_session_faker","time":{"start":1726534269811,"stop":1726534269887,"duration":76},"status":"passed","steps":[],"attachments":[],"parameters":[],"shouldDisplayMessage":false,"stepsCount":0,"attachmentsCount":0,"hasContent":false,"attachmentStep":false},{"name":"clear_allure_results_folder","time":{"start":1726534269887,"stop":1726534269887,"duration":0},"status":"passed","steps":[],"attachments":[],"parameters":[],"shouldDisplayMessage":false,"stepsCount":0,"attachmentsCount":0,"hasContent":false,"attachmentStep":false},{"name":"driver","time":{"start":1726534541303,"stop":1726534542080,"duration":777},"status":"passed","steps":[],"attachments":[],"parameters":[],"shouldDisplayMessage":false,"stepsCount":0,"attachmentsCount":0,"hasContent":false,"attachmentStep":false},{"name":"setup","time":{"start":1726534542080,"stop":1726534542080,"duration":0},"status":"passed","steps":[],"attachments":[],"parameters":[],"shouldDisplayMessage":false,"stepsCount":0,"attachmentsCount":0,"hasContent":false,"attachmentStep":false}],"testStage":{"status":"skipped","statusMessage":"XFAIL\n\nselenium.common.exceptions.NoSuchElementException: Message: no such element: Unable to locate element: {\"method\":\"xpath\",\"selector\":\"(//a[@class='add-to-cart yellow-btn'])[1]\"}\n  (Session info: chrome=128.0.6613.137); For documentation on this error, please visit: https://www.selenium.dev/documentation/webdriver/troubleshooting/errors#no-such-element-exception\nStacktrace:\n#0 0x55e9df2352da <unknown>\n#1 0x55e9def03200 <unknown>\n#2 0x55e9def52aa2 <unknown>\n#3 0x55e9def52d41 <unknown>\n#4 0x55e9def98964 <unknown>\n#5 0x55e9def778fd <unknown>\n#6 0x55e9def95dfd <unknown>\n#7 0x55e9def77673 <unknown>\n#8 0x55e9def45473 <unknown>\n#9 0x55e9def4647e <unknown>\n#10 0x55e9df1fc0db <unknown>\n#11 0x55e9df200071 <unknown>\n#12 0x55e9df1e89d5 <unknown>\n#13 0x55e9df200bf2 <unknown>\n#14 0x55e9df1cdb6f <unknown>\n#15 0x55e9df224248 <unknown>\n#16 0x55e9df224417 <unknown>\n#17 0x55e9df2340cc <unknown>\n#18 0x7fece488f144 <unknown>","statusTrace":"self = <tests.delivery.test_delivery_calculation.TestDeliveryPageCalculation object at 0x7f34996a85d0>\ndriver = <selenium.webdriver.chrome.webdriver.WebDriver (session=\"2dd9bc98d6c9a85f2369c3cf09e79290\")>\nurl = 'https://sandboxtest.stroyrem-nn.ru/', case_id = 'TD 007'\nlink_item = 'products/shtukaturka-gipsovaya-aksolit-m50-30-kg-mashinnogo-naneseniya'\namount = 66, weight = 2000, standard = 1300, in_time = 2490, all_time = 2980\n\n    @pytest.mark.parametrize('case_id, link_item, amount, weight, standard, in_time, all_time', [\n        (\"TD 001\", uroven_3000, 1, 30, 0, 1590, 2190),\n        (\"TD 002\", bundeks_25, 1, 30, 400, 1590, 2190),\n        (\"TD 003\", aksolit_30, 8, 300, 400, 1590, 2190),\n        (\"TD 004\", aksolit_30, 13, 400, 450, 1590, 2190),\n        (\"TD 005\", aksolit_30, 16, 500, 600, 1590, 2190),\n        (\"TD 006\", aksolit_30, 25, 1700, 990, 1990, 2480),\n        (\"TD 007\", aksolit_30, 66, 2000, 1300, 2490, 2980),\n        (\"TD 008\", aksolit_30, 149, 4500, 2300, 3980, 4490),\n        (\"TD 009\", aksolit_30, 166, 5000, 2500, 4990, 5480),\n        pytest.param(\n            \"TD 010\", aksolit_30, 206, 6200, 2900, 5570, 6120,\n            marks=pytest.mark.xfail(reson=\"Цена доставки 3600 7960 8980\")\n        ),\n        (\"TD 011\", aksolit_30, 299, 9000, 3600, 7960, 8980),\n        (\"TD 012\", aksolit_30, 333, 10000, 4450, 11990, 12500),\n        pytest.param(\n            \"TD 013\", aksolit_30, 366, 11000, 4800, 12450, 13480,\n            marks=pytest.mark.xfail(reason=\"Цена стандартной доставки 4450\")\n        ),\n        pytest.param(\n            \"TD 014\", aksolit_30, 666, 20000, 5400, 15600, 17490,\n            marks=pytest.mark.xfail(reason=\"Цена стандартной доставки 4450\")\n        )\n    ])\n    @pytest.mark.xfail\n    @pytest.mark.smoke_test\n    def test_positive_delivery_green_zone_smoke(\n            self, driver, url, case_id, link_item, amount, weight, standard, in_time, all_time\n    ):\n    \n        driver.get(f'{url}{link_item}')\n        item_page = ItemPage(driver)\n>       item_page.add_item_to_cart(amount).click_on_cart()\n\ntests/delivery/test_delivery_calculation.py:50: \n_ _ _ _ _ _ _ _ _ _ _ _ _ _ _ _ _ _ _ _ _ _ _ _ _ _ _ _ _ _ _ _ _ _ _ _ _ _ _ _ \npages/item_page.py:40: in add_item_to_cart\n    self.find_element(self._add_item).click()\nbase/seleniumbase.py:17: in find_element\n    return self.driver.find_element(*locator)\n/usr/local/lib/python3.11/site-packages/selenium/webdriver/remote/webdriver.py:739: in find_element\n    return self.execute(Command.FIND_ELEMENT, {\"using\": by, \"value\": value})[\"value\"]\n/usr/local/lib/python3.11/site-packages/selenium/webdriver/remote/webdriver.py:345: in execute\n    self.error_handler.check_response(response)\n_ _ _ _ _ _ _ _ _ _ _ _ _ _ _ _ _ _ _ _ _ _ _ _ _ _ _ _ _ _ _ _ _ _ _ _ _ _ _ _ \n\nself = <selenium.webdriver.remote.errorhandler.ErrorHandler object at 0x7f34999e9090>\nresponse = {'status': 404, 'value': '{\"value\":{\"error\":\"no such element\",\"message\":\"no such element: Unable to locate element: {\\...\\\\n#16 0x55e9df224417 \\\\u003Cunknown>\\\\n#17 0x55e9df2340cc \\\\u003Cunknown>\\\\n#18 0x7fece488f144 \\\\u003Cunknown>\\\\n\"}}'}\n\n    def check_response(self, response: Dict[str, Any]) -> None:\n        \"\"\"Checks that a JSON response from the WebDriver does not have an\n        error.\n    \n        :Args:\n         - response - The JSON response from the WebDriver server as a dictionary\n           object.\n    \n        :Raises: If the response contains an error message.\n        \"\"\"\n        status = response.get(\"status\", None)\n        if not status or status == ErrorCode.SUCCESS:\n            return\n        value = None\n        message = response.get(\"message\", \"\")\n        screen: str = response.get(\"screen\", \"\")\n        stacktrace = None\n        if isinstance(status, int):\n            value_json = response.get(\"value\", None)\n            if value_json and isinstance(value_json, str):\n                import json\n    \n                try:\n                    value = json.loads(value_json)\n                    if len(value) == 1:\n                        value = value[\"value\"]\n                    status = value.get(\"error\", None)\n                    if not status:\n                        status = value.get(\"status\", ErrorCode.UNKNOWN_ERROR)\n                        message = value.get(\"value\") or value.get(\"message\")\n                        if not isinstance(message, str):\n                            value = message\n                            message = message.get(\"message\")\n                    else:\n                        message = value.get(\"message\", None)\n                except ValueError:\n                    pass\n    \n        exception_class: Type[WebDriverException]\n        e = ErrorCode()\n        error_codes = [item for item in dir(e) if not item.startswith(\"__\")]\n        for error_code in error_codes:\n            error_info = getattr(ErrorCode, error_code)\n            if isinstance(error_info, list) and status in error_info:\n                exception_class = getattr(ExceptionMapping, error_code, WebDriverException)\n                break\n        else:\n            exception_class = WebDriverException\n    \n        if not value:\n            value = response[\"value\"]\n        if isinstance(value, str):\n            raise exception_class(value)\n        if message == \"\" and \"message\" in value:\n            message = value[\"message\"]\n    \n        screen = None  # type: ignore[assignment]\n        if \"screen\" in value:\n            screen = value[\"screen\"]\n    \n        stacktrace = None\n        st_value = value.get(\"stackTrace\") or value.get(\"stacktrace\")\n        if st_value:\n            if isinstance(st_value, str):\n                stacktrace = st_value.split(\"\\n\")\n            else:\n                stacktrace = []\n                try:\n                    for frame in st_value:\n                        line = frame.get(\"lineNumber\", \"\")\n                        file = frame.get(\"fileName\", \"<anonymous>\")\n                        if line:\n                            file = f\"{file}:{line}\"\n                        meth = frame.get(\"methodName\", \"<anonymous>\")\n                        if \"className\" in frame:\n                            meth = f\"{frame['className']}.{meth}\"\n                        msg = \"    at %s (%s)\"\n                        msg = msg % (meth, file)\n                        stacktrace.append(msg)\n                except TypeError:\n                    pass\n        if exception_class == UnexpectedAlertPresentException:\n            alert_text = None\n            if \"data\" in value:\n                alert_text = value[\"data\"].get(\"text\")\n            elif \"alert\" in value:\n                alert_text = value[\"alert\"].get(\"text\")\n            raise exception_class(message, screen, stacktrace, alert_text)  # type: ignore[call-arg]  # mypy is not smart enough here\n>       raise exception_class(message, screen, stacktrace)\nE       selenium.common.exceptions.NoSuchElementException: Message: no such element: Unable to locate element: {\"method\":\"xpath\",\"selector\":\"(//a[@class='add-to-cart yellow-btn'])[1]\"}\nE         (Session info: chrome=128.0.6613.137); For documentation on this error, please visit: https://www.selenium.dev/documentation/webdriver/troubleshooting/errors#no-such-element-exception\nE       Stacktrace:\nE       #0 0x55e9df2352da <unknown>\nE       #1 0x55e9def03200 <unknown>\nE       #2 0x55e9def52aa2 <unknown>\nE       #3 0x55e9def52d41 <unknown>\nE       #4 0x55e9def98964 <unknown>\nE       #5 0x55e9def778fd <unknown>\nE       #6 0x55e9def95dfd <unknown>\nE       #7 0x55e9def77673 <unknown>\nE       #8 0x55e9def45473 <unknown>\nE       #9 0x55e9def4647e <unknown>\nE       #10 0x55e9df1fc0db <unknown>\nE       #11 0x55e9df200071 <unknown>\nE       #12 0x55e9df1e89d5 <unknown>\nE       #13 0x55e9df200bf2 <unknown>\nE       #14 0x55e9df1cdb6f <unknown>\nE       #15 0x55e9df224248 <unknown>\nE       #16 0x55e9df224417 <unknown>\nE       #17 0x55e9df2340cc <unknown>\nE       #18 0x7fece488f144 <unknown>\n\n/usr/local/lib/python3.11/site-packages/selenium/webdriver/remote/errorhandler.py:229: NoSuchElementException","steps":[{"name":"Добавляем товар в корзину в количестве 66","time":{"start":1726534543108,"stop":1726534543128,"duration":20},"status":"broken","statusMessage":"selenium.common.exceptions.NoSuchElementException: Message: no such element: Unable to locate element: {\"method\":\"xpath\",\"selector\":\"(//a[@class='add-to-cart yellow-btn'])[1]\"}\n  (Session info: chrome=128.0.6613.137); For documentation on this error, please visit: https://www.selenium.dev/documentation/webdriver/troubleshooting/errors#no-such-element-exception\nStacktrace:\n#0 0x55e9df2352da <unknown>\n#1 0x55e9def03200 <unknown>\n#2 0x55e9def52aa2 <unknown>\n#3 0x55e9def52d41 <unknown>\n#4 0x55e9def98964 <unknown>\n#5 0x55e9def778fd <unknown>\n#6 0x55e9def95dfd <unknown>\n#7 0x55e9def77673 <unknown>\n#8 0x55e9def45473 <unknown>\n#9 0x55e9def4647e <unknown>\n#10 0x55e9df1fc0db <unknown>\n#11 0x55e9df200071 <unknown>\n#12 0x55e9df1e89d5 <unknown>\n#13 0x55e9df200bf2 <unknown>\n#14 0x55e9df1cdb6f <unknown>\n#15 0x55e9df224248 <unknown>\n#16 0x55e9df224417 <unknown>\n#17 0x55e9df2340cc <unknown>\n#18 0x7fece488f144 <unknown>\n\n","statusTrace":"  File \"/usr/local/lib/python3.11/site-packages/allure_commons/_allure.py\", line 192, in impl\n    return func(*a, **kw)\n           ^^^^^^^^^^^^^^\n  File \"/app/pages/item_page.py\", line 40, in add_item_to_cart\n    self.find_element(self._add_item).click()\n    ^^^^^^^^^^^^^^^^^^^^^^^^^^^^^^^^^\n  File \"/app/base/seleniumbase.py\", line 17, in find_element\n    return self.driver.find_element(*locator)\n           ^^^^^^^^^^^^^^^^^^^^^^^^^^^^^^^^^^\n  File \"/usr/local/lib/python3.11/site-packages/selenium/webdriver/remote/webdriver.py\", line 739, in find_element\n    return self.execute(Command.FIND_ELEMENT, {\"using\": by, \"value\": value})[\"value\"]\n           ^^^^^^^^^^^^^^^^^^^^^^^^^^^^^^^^^^^^^^^^^^^^^^^^^^^^^^^^^^^^^^^^^\n  File \"/usr/local/lib/python3.11/site-packages/selenium/webdriver/remote/webdriver.py\", line 345, in execute\n    self.error_handler.check_response(response)\n  File \"/usr/local/lib/python3.11/site-packages/selenium/webdriver/remote/errorhandler.py\", line 229, in check_response\n    raise exception_class(message, screen, stacktrace)\n","steps":[],"attachments":[],"parameters":[{"name":"amount","value":"66"}],"shouldDisplayMessage":true,"stepsCount":0,"attachmentsCount":0,"hasContent":true,"attachmentStep":false}],"attachments":[{"uid":"41ed1a74d5ca8e13","name":"Screenshot","source":"41ed1a74d5ca8e13.png","type":"image/png","size":46834},{"uid":"e4fe9f32c98d7b8b","name":"HTML source","source":"e4fe9f32c98d7b8b.html","type":"text/html","size":133749}],"parameters":[],"shouldDisplayMessage":true,"stepsCount":1,"attachmentsCount":2,"hasContent":true,"attachmentStep":false},"afterStages":[{"name":"setup::0","time":{"start":1726534543219,"stop":1726534543219,"duration":0},"status":"passed","steps":[],"attachments":[],"parameters":[],"shouldDisplayMessage":false,"stepsCount":0,"attachmentsCount":0,"hasContent":false,"attachmentStep":false},{"name":"driver::0","time":{"start":1726534543220,"stop":1726534543285,"duration":65},"status":"passed","steps":[],"attachments":[],"parameters":[],"shouldDisplayMessage":false,"stepsCount":0,"attachmentsCount":0,"hasContent":false,"attachmentStep":false}],"labels":[{"name":"epic","value":"Delivery Page - calculation"},{"name":"tag","value":"smoke_test"},{"name":"tag","value":"@pytest.mark.xfail"},{"name":"parentSuite","value":"tests.delivery"},{"name":"suite","value":"test_delivery_calculation"},{"name":"subSuite","value":"TestDeliveryPageCalculation"},{"name":"host","value":"17d061a67c0e"},{"name":"thread","value":"1-MainThread"},{"name":"framework","value":"pytest"},{"name":"language","value":"cpython3"},{"name":"package","value":"tests.delivery.test_delivery_calculation"},{"name":"resultFormat","value":"allure2"}],"parameters":[{"name":"all_time","value":"2980"},{"name":"amount","value":"66"},{"name":"case_id","value":"'TD 007'"},{"name":"in_time","value":"2490"},{"name":"link_item","value":"'products/shtukaturka-gipsovaya-aksolit-m50-30-kg-mashinnogo-naneseniya'"},{"name":"standard","value":"1300"},{"name":"url","value":"'https://sandboxtest.stroyrem-nn.ru/'"},{"name":"weight","value":"2000"}],"links":[],"hidden":false,"retry":false,"extra":{"severity":"normal","retries":[],"categories":[],"history":{"statistic":{"failed":0,"broken":0,"skipped":110,"passed":0,"unknown":0,"total":110},"items":[{"uid":"1b91ba7026d330c9","reportUrl":"https://Nat754.github.io/StroyremAutomation/432//#testresult/1b91ba7026d330c9","status":"skipped","statusDetails":"XFAIL\n\nselenium.common.exceptions.NoSuchElementException: Message: no such element: Unable to locate element: {\"method\":\"xpath\",\"selector\":\"(//a[@class='add-to-cart yellow-btn'])[1]\"}\n  (Session info: chrome=128.0.6613.137); For documentation on this error, please visit: https://www.selenium.dev/documentation/webdriver/troubleshooting/errors#no-such-element-exception\nStacktrace:\n#0 0x561b51ec62da <unknown>\n#1 0x561b51b94200 <unknown>\n#2 0x561b51be3aa2 <unknown>\n#3 0x561b51be3d41 <unknown>\n#4 0x561b51c29964 <unknown>\n#5 0x561b51c088fd <unknown>\n#6 0x561b51c26dfd <unknown>\n#7 0x561b51c08673 <unknown>\n#8 0x561b51bd6473 <unknown>\n#9 0x561b51bd747e <unknown>\n#10 0x561b51e8d0db <unknown>\n#11 0x561b51e91071 <unknown>\n#12 0x561b51e799d5 <unknown>\n#13 0x561b51e91bf2 <unknown>\n#14 0x561b51e5eb6f <unknown>\n#15 0x561b51eb5248 <unknown>\n#16 0x561b51eb5417 <unknown>\n#17 0x561b51ec50cc <unknown>\n#18 0x7f445da13144 <unknown>","time":{"start":1726448912692,"stop":1726448913172,"duration":480}},{"uid":"af3d54ff69f83d63","reportUrl":"https://Nat754.github.io/StroyremAutomation/431//#testresult/af3d54ff69f83d63","status":"skipped","statusDetails":"XFAIL\n\nselenium.common.exceptions.NoSuchElementException: Message: no such element: Unable to locate element: {\"method\":\"xpath\",\"selector\":\"(//a[@class='add-to-cart yellow-btn'])[1]\"}\n  (Session info: chrome=128.0.6613.137); For documentation on this error, please visit: https://www.selenium.dev/documentation/webdriver/troubleshooting/errors#no-such-element-exception\nStacktrace:\n#0 0x559963dc62da <unknown>\n#1 0x559963a94200 <unknown>\n#2 0x559963ae3aa2 <unknown>\n#3 0x559963ae3d41 <unknown>\n#4 0x559963b29964 <unknown>\n#5 0x559963b088fd <unknown>\n#6 0x559963b26dfd <unknown>\n#7 0x559963b08673 <unknown>\n#8 0x559963ad6473 <unknown>\n#9 0x559963ad747e <unknown>\n#10 0x559963d8d0db <unknown>\n#11 0x559963d91071 <unknown>\n#12 0x559963d799d5 <unknown>\n#13 0x559963d91bf2 <unknown>\n#14 0x559963d5eb6f <unknown>\n#15 0x559963db5248 <unknown>\n#16 0x559963db5417 <unknown>\n#17 0x559963dc50cc <unknown>\n#18 0x7fcac3903144 <unknown>","time":{"start":1726362676938,"stop":1726362677422,"duration":484}},{"uid":"693b6bf6e7c43bb6","reportUrl":"https://Nat754.github.io/StroyremAutomation/430//#testresult/693b6bf6e7c43bb6","status":"skipped","statusDetails":"XFAIL\n\nselenium.common.exceptions.NoSuchElementException: Message: no such element: Unable to locate element: {\"method\":\"xpath\",\"selector\":\"(//a[@class='add-to-cart yellow-btn'])[1]\"}\n  (Session info: chrome=128.0.6613.137); For documentation on this error, please visit: https://www.selenium.dev/documentation/webdriver/troubleshooting/errors#no-such-element-exception\nStacktrace:\n#0 0x55f6009f22da <unknown>\n#1 0x55f6006c0200 <unknown>\n#2 0x55f60070faa2 <unknown>\n#3 0x55f60070fd41 <unknown>\n#4 0x55f600755964 <unknown>\n#5 0x55f6007348fd <unknown>\n#6 0x55f600752dfd <unknown>\n#7 0x55f600734673 <unknown>\n#8 0x55f600702473 <unknown>\n#9 0x55f60070347e <unknown>\n#10 0x55f6009b90db <unknown>\n#11 0x55f6009bd071 <unknown>\n#12 0x55f6009a59d5 <unknown>\n#13 0x55f6009bdbf2 <unknown>\n#14 0x55f60098ab6f <unknown>\n#15 0x55f6009e1248 <unknown>\n#16 0x55f6009e1417 <unknown>\n#17 0x55f6009f10cc <unknown>\n#18 0x7fab51677144 <unknown>","time":{"start":1726275903036,"stop":1726275903673,"duration":637}},{"uid":"fb065bb476a28c31","reportUrl":"https://Nat754.github.io/StroyremAutomation/429//#testresult/fb065bb476a28c31","status":"skipped","statusDetails":"XFAIL\n\nselenium.common.exceptions.NoSuchElementException: Message: no such element: Unable to locate element: {\"method\":\"xpath\",\"selector\":\"(//a[@class='add-to-cart yellow-btn'])[1]\"}\n  (Session info: chrome=128.0.6613.137); For documentation on this error, please visit: https://www.selenium.dev/documentation/webdriver/troubleshooting/errors#no-such-element-exception\nStacktrace:\n#0 0x5605d15952da <unknown>\n#1 0x5605d1263200 <unknown>\n#2 0x5605d12b2aa2 <unknown>\n#3 0x5605d12b2d41 <unknown>\n#4 0x5605d12f8964 <unknown>\n#5 0x5605d12d78fd <unknown>\n#6 0x5605d12f5dfd <unknown>\n#7 0x5605d12d7673 <unknown>\n#8 0x5605d12a5473 <unknown>\n#9 0x5605d12a647e <unknown>\n#10 0x5605d155c0db <unknown>\n#11 0x5605d1560071 <unknown>\n#12 0x5605d15489d5 <unknown>\n#13 0x5605d1560bf2 <unknown>\n#14 0x5605d152db6f <unknown>\n#15 0x5605d1584248 <unknown>\n#16 0x5605d1584417 <unknown>\n#17 0x5605d15940cc <unknown>\n#18 0x7fc8bcb38144 <unknown>","time":{"start":1726189472062,"stop":1726189472541,"duration":479}},{"uid":"2f70f7eb58d17e78","reportUrl":"https://Nat754.github.io/StroyremAutomation/428//#testresult/2f70f7eb58d17e78","status":"skipped","statusDetails":"XFAIL\n\nselenium.common.exceptions.NoSuchElementException: Message: no such element: Unable to locate element: {\"method\":\"xpath\",\"selector\":\"(//a[@class='add-to-cart yellow-btn'])[1]\"}\n  (Session info: chrome=128.0.6613.137); For documentation on this error, please visit: https://www.selenium.dev/documentation/webdriver/troubleshooting/errors#no-such-element-exception\nStacktrace:\n#0 0x555f31a032da <unknown>\n#1 0x555f316d1200 <unknown>\n#2 0x555f31720aa2 <unknown>\n#3 0x555f31720d41 <unknown>\n#4 0x555f31766964 <unknown>\n#5 0x555f317458fd <unknown>\n#6 0x555f31763dfd <unknown>\n#7 0x555f31745673 <unknown>\n#8 0x555f31713473 <unknown>\n#9 0x555f3171447e <unknown>\n#10 0x555f319ca0db <unknown>\n#11 0x555f319ce071 <unknown>\n#12 0x555f319b69d5 <unknown>\n#13 0x555f319cebf2 <unknown>\n#14 0x555f3199bb6f <unknown>\n#15 0x555f319f2248 <unknown>\n#16 0x555f319f2417 <unknown>\n#17 0x555f31a020cc <unknown>\n#18 0x7f1b25b97144 <unknown>","time":{"start":1726103064092,"stop":1726103064644,"duration":552}},{"uid":"6dded98f60640086","reportUrl":"https://Nat754.github.io/StroyremAutomation/427//#testresult/6dded98f60640086","status":"skipped","statusDetails":"XFAIL\n\nselenium.common.exceptions.NoSuchElementException: Message: no such element: Unable to locate element: {\"method\":\"xpath\",\"selector\":\"(//a[@class='add-to-cart yellow-btn'])[1]\"}\n  (Session info: chrome=128.0.6613.137); For documentation on this error, please visit: https://www.selenium.dev/documentation/webdriver/troubleshooting/errors#no-such-element-exception\nStacktrace:\n#0 0x5628f33182da <unknown>\n#1 0x5628f2fe6200 <unknown>\n#2 0x5628f3035aa2 <unknown>\n#3 0x5628f3035d41 <unknown>\n#4 0x5628f307b964 <unknown>\n#5 0x5628f305a8fd <unknown>\n#6 0x5628f3078dfd <unknown>\n#7 0x5628f305a673 <unknown>\n#8 0x5628f3028473 <unknown>\n#9 0x5628f302947e <unknown>\n#10 0x5628f32df0db <unknown>\n#11 0x5628f32e3071 <unknown>\n#12 0x5628f32cb9d5 <unknown>\n#13 0x5628f32e3bf2 <unknown>\n#14 0x5628f32b0b6f <unknown>\n#15 0x5628f3307248 <unknown>\n#16 0x5628f3307417 <unknown>\n#17 0x5628f33170cc <unknown>\n#18 0x7f86e4451144 <unknown>","time":{"start":1726016636750,"stop":1726016637311,"duration":561}},{"uid":"330e2cb5e9cbb058","reportUrl":"https://Nat754.github.io/StroyremAutomation/426//#testresult/330e2cb5e9cbb058","status":"skipped","statusDetails":"XFAIL\n\nselenium.common.exceptions.NoSuchElementException: Message: no such element: Unable to locate element: {\"method\":\"xpath\",\"selector\":\"(//a[@class='add-to-cart yellow-btn'])[1]\"}\n  (Session info: chrome=128.0.6613.119); For documentation on this error, please visit: https://www.selenium.dev/documentation/webdriver/troubleshooting/errors#no-such-element-exception\nStacktrace:\n#0 0x557be46ff86a <unknown>\n#1 0x557be43cde50 <unknown>\n#2 0x557be441d644 <unknown>\n#3 0x557be441d931 <unknown>\n#4 0x557be4463534 <unknown>\n#5 0x557be44424bd <unknown>\n#6 0x557be44609c6 <unknown>\n#7 0x557be4442233 <unknown>\n#8 0x557be4410093 <unknown>\n#9 0x557be441109e <unknown>\n#10 0x557be46c6acb <unknown>\n#11 0x557be46caa81 <unknown>\n#12 0x557be46b2695 <unknown>\n#13 0x557be46cb5f2 <unknown>\n#14 0x557be469786f <unknown>\n#15 0x557be46ee668 <unknown>\n#16 0x557be46ee832 <unknown>\n#17 0x557be46fe65c <unknown>\n#18 0x7f102fd0f144 <unknown>","time":{"start":1725930289010,"stop":1725930289576,"duration":566}},{"uid":"4e137348e9e732cc","reportUrl":"https://Nat754.github.io/StroyremAutomation/425//#testresult/4e137348e9e732cc","status":"skipped","statusDetails":"XFAIL\n\nselenium.common.exceptions.NoSuchElementException: Message: no such element: Unable to locate element: {\"method\":\"xpath\",\"selector\":\"(//a[@class='add-to-cart yellow-btn'])[1]\"}\n  (Session info: chrome=128.0.6613.119); For documentation on this error, please visit: https://www.selenium.dev/documentation/webdriver/troubleshooting/errors#no-such-element-exception\nStacktrace:\n#0 0x5561cc20e86a <unknown>\n#1 0x5561cbedce50 <unknown>\n#2 0x5561cbf2c644 <unknown>\n#3 0x5561cbf2c931 <unknown>\n#4 0x5561cbf72534 <unknown>\n#5 0x5561cbf514bd <unknown>\n#6 0x5561cbf6f9c6 <unknown>\n#7 0x5561cbf51233 <unknown>\n#8 0x5561cbf1f093 <unknown>\n#9 0x5561cbf2009e <unknown>\n#10 0x5561cc1d5acb <unknown>\n#11 0x5561cc1d9a81 <unknown>\n#12 0x5561cc1c1695 <unknown>\n#13 0x5561cc1da5f2 <unknown>\n#14 0x5561cc1a686f <unknown>\n#15 0x5561cc1fd668 <unknown>\n#16 0x5561cc1fd832 <unknown>\n#17 0x5561cc20d65c <unknown>\n#18 0x7f580a097144 <unknown>","time":{"start":1725843960130,"stop":1725843960601,"duration":471}},{"uid":"72f520733c8aaea3","reportUrl":"https://Nat754.github.io/StroyremAutomation/424//#testresult/72f520733c8aaea3","status":"skipped","statusDetails":"XFAIL\n\nselenium.common.exceptions.NoSuchElementException: Message: no such element: Unable to locate element: {\"method\":\"xpath\",\"selector\":\"(//a[@class='add-to-cart yellow-btn'])[1]\"}\n  (Session info: chrome=128.0.6613.119); For documentation on this error, please visit: https://www.selenium.dev/documentation/webdriver/troubleshooting/errors#no-such-element-exception\nStacktrace:\n#0 0x55cf2e00686a <unknown>\n#1 0x55cf2dcd4e50 <unknown>\n#2 0x55cf2dd24644 <unknown>\n#3 0x55cf2dd24931 <unknown>\n#4 0x55cf2dd6a534 <unknown>\n#5 0x55cf2dd494bd <unknown>\n#6 0x55cf2dd679c6 <unknown>\n#7 0x55cf2dd49233 <unknown>\n#8 0x55cf2dd17093 <unknown>\n#9 0x55cf2dd1809e <unknown>\n#10 0x55cf2dfcdacb <unknown>\n#11 0x55cf2dfd1a81 <unknown>\n#12 0x55cf2dfb9695 <unknown>\n#13 0x55cf2dfd25f2 <unknown>\n#14 0x55cf2df9e86f <unknown>\n#15 0x55cf2dff5668 <unknown>\n#16 0x55cf2dff5832 <unknown>\n#17 0x55cf2e00565c <unknown>\n#18 0x7faa29843144 <unknown>","time":{"start":1725757706586,"stop":1725757707166,"duration":580}},{"uid":"b901aae4e9d39c07","reportUrl":"https://Nat754.github.io/StroyremAutomation/423//#testresult/b901aae4e9d39c07","status":"skipped","statusDetails":"XFAIL\n\nselenium.common.exceptions.NoSuchElementException: Message: no such element: Unable to locate element: {\"method\":\"xpath\",\"selector\":\"(//a[@class='add-to-cart yellow-btn'])[1]\"}\n  (Session info: chrome=128.0.6613.119); For documentation on this error, please visit: https://www.selenium.dev/documentation/webdriver/troubleshooting/errors#no-such-element-exception\nStacktrace:\n#0 0x56148a54986a <unknown>\n#1 0x56148a217e50 <unknown>\n#2 0x56148a267644 <unknown>\n#3 0x56148a267931 <unknown>\n#4 0x56148a2ad534 <unknown>\n#5 0x56148a28c4bd <unknown>\n#6 0x56148a2aa9c6 <unknown>\n#7 0x56148a28c233 <unknown>\n#8 0x56148a25a093 <unknown>\n#9 0x56148a25b09e <unknown>\n#10 0x56148a510acb <unknown>\n#11 0x56148a514a81 <unknown>\n#12 0x56148a4fc695 <unknown>\n#13 0x56148a5155f2 <unknown>\n#14 0x56148a4e186f <unknown>\n#15 0x56148a538668 <unknown>\n#16 0x56148a538832 <unknown>\n#17 0x56148a54865c <unknown>\n#18 0x7f6ac679f144 <unknown>","time":{"start":1725671011231,"stop":1725671011840,"duration":609}},{"uid":"20febb8792c9a132","reportUrl":"https://Nat754.github.io/StroyremAutomation/422//#testresult/20febb8792c9a132","status":"skipped","statusDetails":"XFAIL\n\nselenium.common.exceptions.NoSuchElementException: Message: no such element: Unable to locate element: {\"method\":\"xpath\",\"selector\":\"(//a[@class='add-to-cart yellow-btn'])[1]\"}\n  (Session info: chrome=128.0.6613.119); For documentation on this error, please visit: https://www.selenium.dev/documentation/webdriver/troubleshooting/errors#no-such-element-exception\nStacktrace:\n#0 0x55a14f8bb86a <unknown>\n#1 0x55a14f589e50 <unknown>\n#2 0x55a14f5d9644 <unknown>\n#3 0x55a14f5d9931 <unknown>\n#4 0x55a14f61f534 <unknown>\n#5 0x55a14f5fe4bd <unknown>\n#6 0x55a14f61c9c6 <unknown>\n#7 0x55a14f5fe233 <unknown>\n#8 0x55a14f5cc093 <unknown>\n#9 0x55a14f5cd09e <unknown>\n#10 0x55a14f882acb <unknown>\n#11 0x55a14f886a81 <unknown>\n#12 0x55a14f86e695 <unknown>\n#13 0x55a14f8875f2 <unknown>\n#14 0x55a14f85386f <unknown>\n#15 0x55a14f8aa668 <unknown>\n#16 0x55a14f8aa832 <unknown>\n#17 0x55a14f8ba65c <unknown>\n#18 0x7f3125cad144 <unknown>","time":{"start":1725584660557,"stop":1725584661206,"duration":649}},{"uid":"f4238e4f3b12b513","reportUrl":"https://Nat754.github.io/StroyremAutomation/421//#testresult/f4238e4f3b12b513","status":"skipped","statusDetails":"XFAIL\n\nselenium.common.exceptions.NoSuchElementException: Message: no such element: Unable to locate element: {\"method\":\"xpath\",\"selector\":\"(//a[@class='add-to-cart yellow-btn'])[1]\"}\n  (Session info: chrome=128.0.6613.119); For documentation on this error, please visit: https://www.selenium.dev/documentation/webdriver/troubleshooting/errors#no-such-element-exception\nStacktrace:\n#0 0x55f3cd37f86a <unknown>\n#1 0x55f3cd04de50 <unknown>\n#2 0x55f3cd09d644 <unknown>\n#3 0x55f3cd09d931 <unknown>\n#4 0x55f3cd0e3534 <unknown>\n#5 0x55f3cd0c24bd <unknown>\n#6 0x55f3cd0e09c6 <unknown>\n#7 0x55f3cd0c2233 <unknown>\n#8 0x55f3cd090093 <unknown>\n#9 0x55f3cd09109e <unknown>\n#10 0x55f3cd346acb <unknown>\n#11 0x55f3cd34aa81 <unknown>\n#12 0x55f3cd332695 <unknown>\n#13 0x55f3cd34b5f2 <unknown>\n#14 0x55f3cd31786f <unknown>\n#15 0x55f3cd36e668 <unknown>\n#16 0x55f3cd36e832 <unknown>\n#17 0x55f3cd37e65c <unknown>\n#18 0x7f5275e80144 <unknown>","time":{"start":1725498276650,"stop":1725498277265,"duration":615}},{"uid":"129a993047bcea58","reportUrl":"https://Nat754.github.io/StroyremAutomation/420//#testresult/129a993047bcea58","status":"skipped","statusDetails":"XFAIL\n\nselenium.common.exceptions.NoSuchElementException: Message: no such element: Unable to locate element: {\"method\":\"xpath\",\"selector\":\"(//a[@class='add-to-cart yellow-btn'])[1]\"}\n  (Session info: chrome=128.0.6613.119); For documentation on this error, please visit: https://www.selenium.dev/documentation/webdriver/troubleshooting/errors#no-such-element-exception\nStacktrace:\n#0 0x55fa879d286a <unknown>\n#1 0x55fa876a0e50 <unknown>\n#2 0x55fa876f0644 <unknown>\n#3 0x55fa876f0931 <unknown>\n#4 0x55fa87736534 <unknown>\n#5 0x55fa877154bd <unknown>\n#6 0x55fa877339c6 <unknown>\n#7 0x55fa87715233 <unknown>\n#8 0x55fa876e3093 <unknown>\n#9 0x55fa876e409e <unknown>\n#10 0x55fa87999acb <unknown>\n#11 0x55fa8799da81 <unknown>\n#12 0x55fa87985695 <unknown>\n#13 0x55fa8799e5f2 <unknown>\n#14 0x55fa8796a86f <unknown>\n#15 0x55fa879c1668 <unknown>\n#16 0x55fa879c1832 <unknown>\n#17 0x55fa879d165c <unknown>\n#18 0x7f2a7f5af134 <unknown>","time":{"start":1725411822929,"stop":1725411823601,"duration":672}},{"uid":"f95efa0af6141664","reportUrl":"https://Nat754.github.io/StroyremAutomation/419//#testresult/f95efa0af6141664","status":"skipped","statusDetails":"XFAIL\n\nselenium.common.exceptions.NoSuchElementException: Message: no such element: Unable to locate element: {\"method\":\"xpath\",\"selector\":\"(//a[@class='add-to-cart yellow-btn'])[1]\"}\n  (Session info: chrome=128.0.6613.119); For documentation on this error, please visit: https://www.selenium.dev/documentation/webdriver/troubleshooting/errors#no-such-element-exception\nStacktrace:\n#0 0x5573edc1286a <unknown>\n#1 0x5573ed8e0e50 <unknown>\n#2 0x5573ed930644 <unknown>\n#3 0x5573ed930931 <unknown>\n#4 0x5573ed976534 <unknown>\n#5 0x5573ed9554bd <unknown>\n#6 0x5573ed9739c6 <unknown>\n#7 0x5573ed955233 <unknown>\n#8 0x5573ed923093 <unknown>\n#9 0x5573ed92409e <unknown>\n#10 0x5573edbd9acb <unknown>\n#11 0x5573edbdda81 <unknown>\n#12 0x5573edbc5695 <unknown>\n#13 0x5573edbde5f2 <unknown>\n#14 0x5573edbaa86f <unknown>\n#15 0x5573edc01668 <unknown>\n#16 0x5573edc01832 <unknown>\n#17 0x5573edc1165c <unknown>\n#18 0x7f976edf6134 <unknown>","time":{"start":1725325373623,"stop":1725325374178,"duration":555}},{"uid":"dbbd7f420851565b","reportUrl":"https://Nat754.github.io/StroyremAutomation/418//#testresult/dbbd7f420851565b","status":"skipped","statusDetails":"XFAIL\n\nselenium.common.exceptions.NoSuchElementException: Message: no such element: Unable to locate element: {\"method\":\"xpath\",\"selector\":\"(//a[@class='add-to-cart yellow-btn'])[1]\"}\n  (Session info: chrome=128.0.6613.86); For documentation on this error, please visit: https://www.selenium.dev/documentation/webdriver/troubleshooting/errors#no-such-element-exception\nStacktrace:\n#0 0x55a1fa3558da <unknown>\n#1 0x55a1fa023e50 <unknown>\n#2 0x55a1fa073644 <unknown>\n#3 0x55a1fa073931 <unknown>\n#4 0x55a1fa0b9534 <unknown>\n#5 0x55a1fa0984bd <unknown>\n#6 0x55a1fa0b69c6 <unknown>\n#7 0x55a1fa098233 <unknown>\n#8 0x55a1fa066093 <unknown>\n#9 0x55a1fa06709e <unknown>\n#10 0x55a1fa31cb3b <unknown>\n#11 0x55a1fa320af1 <unknown>\n#12 0x55a1fa308705 <unknown>\n#13 0x55a1fa321662 <unknown>\n#14 0x55a1fa2ed8df <unknown>\n#15 0x55a1fa3446d8 <unknown>\n#16 0x55a1fa3448a2 <unknown>\n#17 0x55a1fa3546cc <unknown>\n#18 0x7f9cd7ba0134 <unknown>","time":{"start":1725239083975,"stop":1725239084542,"duration":567}},{"uid":"5d71869415722aec","reportUrl":"https://Nat754.github.io/StroyremAutomation/417//#testresult/5d71869415722aec","status":"skipped","statusDetails":"XFAIL\n\nselenium.common.exceptions.NoSuchElementException: Message: no such element: Unable to locate element: {\"method\":\"xpath\",\"selector\":\"(//a[@class='add-to-cart yellow-btn'])[1]\"}\n  (Session info: chrome=128.0.6613.86); For documentation on this error, please visit: https://www.selenium.dev/documentation/webdriver/troubleshooting/errors#no-such-element-exception\nStacktrace:\n#0 0x5644c65768da <unknown>\n#1 0x5644c6244e50 <unknown>\n#2 0x5644c6294644 <unknown>\n#3 0x5644c6294931 <unknown>\n#4 0x5644c62da534 <unknown>\n#5 0x5644c62b94bd <unknown>\n#6 0x5644c62d79c6 <unknown>\n#7 0x5644c62b9233 <unknown>\n#8 0x5644c6287093 <unknown>\n#9 0x5644c628809e <unknown>\n#10 0x5644c653db3b <unknown>\n#11 0x5644c6541af1 <unknown>\n#12 0x5644c6529705 <unknown>\n#13 0x5644c6542662 <unknown>\n#14 0x5644c650e8df <unknown>\n#15 0x5644c65656d8 <unknown>\n#16 0x5644c65658a2 <unknown>\n#17 0x5644c65756cc <unknown>\n#18 0x7f072aab5134 <unknown>","time":{"start":1725153261646,"stop":1725153262254,"duration":608}},{"uid":"701c67edfe25ef4d","reportUrl":"https://Nat754.github.io/StroyremAutomation/416//#testresult/701c67edfe25ef4d","status":"skipped","statusDetails":"XFAIL\n\nselenium.common.exceptions.NoSuchElementException: Message: no such element: Unable to locate element: {\"method\":\"xpath\",\"selector\":\"(//a[@class='add-to-cart yellow-btn'])[1]\"}\n  (Session info: chrome=128.0.6613.86); For documentation on this error, please visit: https://www.selenium.dev/documentation/webdriver/troubleshooting/errors#no-such-element-exception\nStacktrace:\n#0 0x5610a51648da <unknown>\n#1 0x5610a4e32e50 <unknown>\n#2 0x5610a4e82644 <unknown>\n#3 0x5610a4e82931 <unknown>\n#4 0x5610a4ec8534 <unknown>\n#5 0x5610a4ea74bd <unknown>\n#6 0x5610a4ec59c6 <unknown>\n#7 0x5610a4ea7233 <unknown>\n#8 0x5610a4e75093 <unknown>\n#9 0x5610a4e7609e <unknown>\n#10 0x5610a512bb3b <unknown>\n#11 0x5610a512faf1 <unknown>\n#12 0x5610a5117705 <unknown>\n#13 0x5610a5130662 <unknown>\n#14 0x5610a50fc8df <unknown>\n#15 0x5610a51536d8 <unknown>\n#16 0x5610a51538a2 <unknown>\n#17 0x5610a51636cc <unknown>\n#18 0x7fda965f6134 <unknown>","time":{"start":1725066212833,"stop":1725066213298,"duration":465}},{"uid":"b617d3c60e5656c2","reportUrl":"https://Nat754.github.io/StroyremAutomation/415//#testresult/b617d3c60e5656c2","status":"skipped","statusDetails":"XFAIL\n\nselenium.common.exceptions.NoSuchElementException: Message: no such element: Unable to locate element: {\"method\":\"xpath\",\"selector\":\"(//a[@class='add-to-cart yellow-btn'])[1]\"}\n  (Session info: chrome=128.0.6613.86); For documentation on this error, please visit: https://www.selenium.dev/documentation/webdriver/troubleshooting/errors#no-such-element-exception\nStacktrace:\n#0 0x55c48f8168da <unknown>\n#1 0x55c48f4e4e50 <unknown>\n#2 0x55c48f534644 <unknown>\n#3 0x55c48f534931 <unknown>\n#4 0x55c48f57a534 <unknown>\n#5 0x55c48f5594bd <unknown>\n#6 0x55c48f5779c6 <unknown>\n#7 0x55c48f559233 <unknown>\n#8 0x55c48f527093 <unknown>\n#9 0x55c48f52809e <unknown>\n#10 0x55c48f7ddb3b <unknown>\n#11 0x55c48f7e1af1 <unknown>\n#12 0x55c48f7c9705 <unknown>\n#13 0x55c48f7e2662 <unknown>\n#14 0x55c48f7ae8df <unknown>\n#15 0x55c48f8056d8 <unknown>\n#16 0x55c48f8058a2 <unknown>\n#17 0x55c48f8156cc <unknown>\n#18 0x7fe785af7134 <unknown>","time":{"start":1724979798964,"stop":1724979799376,"duration":412}},{"uid":"e3c769464aa3763a","reportUrl":"https://Nat754.github.io/StroyremAutomation/414//#testresult/e3c769464aa3763a","status":"skipped","statusDetails":"XFAIL\n\nselenium.common.exceptions.NoSuchElementException: Message: no such element: Unable to locate element: {\"method\":\"xpath\",\"selector\":\"(//a[@class='add-to-cart yellow-btn'])[1]\"}\n  (Session info: chrome=128.0.6613.86); For documentation on this error, please visit: https://www.selenium.dev/documentation/webdriver/troubleshooting/errors#no-such-element-exception\nStacktrace:\n#0 0x557918c408da <unknown>\n#1 0x55791890ee50 <unknown>\n#2 0x55791895e644 <unknown>\n#3 0x55791895e931 <unknown>\n#4 0x5579189a4534 <unknown>\n#5 0x5579189834bd <unknown>\n#6 0x5579189a19c6 <unknown>\n#7 0x557918983233 <unknown>\n#8 0x557918951093 <unknown>\n#9 0x55791895209e <unknown>\n#10 0x557918c07b3b <unknown>\n#11 0x557918c0baf1 <unknown>\n#12 0x557918bf3705 <unknown>\n#13 0x557918c0c662 <unknown>\n#14 0x557918bd88df <unknown>\n#15 0x557918c2f6d8 <unknown>\n#16 0x557918c2f8a2 <unknown>\n#17 0x557918c3f6cc <unknown>\n#18 0x7f3b3c592134 <unknown>","time":{"start":1724893471257,"stop":1724893471863,"duration":606}},{"uid":"37c9737d5e2e4884","reportUrl":"https://Nat754.github.io/StroyremAutomation/413//#testresult/37c9737d5e2e4884","status":"skipped","statusDetails":"XFAIL\n\nselenium.common.exceptions.NoSuchElementException: Message: no such element: Unable to locate element: {\"method\":\"xpath\",\"selector\":\"(//a[@class='add-to-cart yellow-btn'])[1]\"}\n  (Session info: chrome=128.0.6613.84); For documentation on this error, please visit: https://www.selenium.dev/documentation/webdriver/troubleshooting/errors#no-such-element-exception\nStacktrace:\n#0 0x558b3f0e281a <unknown>\n#1 0x558b3edb0e50 <unknown>\n#2 0x558b3ee00644 <unknown>\n#3 0x558b3ee00931 <unknown>\n#4 0x558b3ee46534 <unknown>\n#5 0x558b3ee254bd <unknown>\n#6 0x558b3ee439c6 <unknown>\n#7 0x558b3ee25233 <unknown>\n#8 0x558b3edf3093 <unknown>\n#9 0x558b3edf409e <unknown>\n#10 0x558b3f0a9a7b <unknown>\n#11 0x558b3f0ada31 <unknown>\n#12 0x558b3f095645 <unknown>\n#13 0x558b3f0ae5a2 <unknown>\n#14 0x558b3f07a81f <unknown>\n#15 0x558b3f0d1618 <unknown>\n#16 0x558b3f0d17e2 <unknown>\n#17 0x558b3f0e160c <unknown>\n#18 0x7f1690428134 <unknown>","time":{"start":1724806968957,"stop":1724806969368,"duration":411}}]},"tags":["@pytest.mark.xfail","smoke_test"]},"source":"e2194bc9bb714a5a.json","parameterValues":["2980","66","'TD 007'","2490","'products/shtukaturka-gipsovaya-aksolit-m50-30-kg-mashinnogo-naneseniya'","1300","'https://sandboxtest.stroyrem-nn.ru/'","2000"]}