{"uid":"e03c8144be3f132d","name":"test_positive_delivery_green_zone_smoke[TD 002-products/shtukaturka-tsementnaya-bergauf-bau-putts-tsement-25kg-56sht-1-30-400-1590-2190-https://sandboxtest.stroyrem-nn.ru/]","fullName":"tests.delivery.test_delivery_calculation.TestDeliveryPageCalculation#test_positive_delivery_green_zone_smoke","historyId":"664bacae59a5acf1e4ceda0def0913e7","time":{"start":1713056983542,"stop":1713056984007,"duration":465},"status":"skipped","statusMessage":"XFAIL\n\nselenium.common.exceptions.NoSuchElementException: Message: no such element: Unable to locate element: {\"method\":\"xpath\",\"selector\":\"(//a[@class='add-to-cart yellow-btn'])[1]\"}\n  (Session info: chrome-headless-shell=123.0.6312.122); For documentation on this error, please visit: https://www.selenium.dev/documentation/webdriver/troubleshooting/errors#no-such-element-exception\nStacktrace:\n#0 0x5591c4a7e863 <unknown>\n#1 0x5591c47748c6 <unknown>\n#2 0x5591c47bf618 <unknown>\n#3 0x5591c47bf6d1 <unknown>\n#4 0x5591c4802744 <unknown>\n#5 0x5591c47e15cd <unknown>\n#6 0x5591c47ffc19 <unknown>\n#7 0x5591c47e1343 <unknown>\n#8 0x5591c47b2593 <unknown>\n#9 0x5591c47b2f5e <unknown>\n#10 0x5591c4a4284b <unknown>\n#11 0x5591c4a467a5 <unknown>\n#12 0x5591c4a30571 <unknown>\n#13 0x5591c4a47332 <unknown>\n#14 0x5591c4a1587f <unknown>\n#15 0x5591c4a6d728 <unknown>\n#16 0x5591c4a6d8fb <unknown>\n#17 0x5591c4a7d9b4 <unknown>\n#18 0x7f448c864134 <unknown>","statusTrace":"self = <tests.delivery.test_delivery_calculation.TestDeliveryPageCalculation object at 0x7fe6ea8aaf90>\ndriver = <selenium.webdriver.chrome.webdriver.WebDriver (session=\"070a189365ef7f3799a5b15ba4c1753e\")>\nurl = 'https://sandboxtest.stroyrem-nn.ru/', case_id = 'TD 002'\nlink_item = 'products/shtukaturka-tsementnaya-bergauf-bau-putts-tsement-25kg-56sht'\namount = 1, weight = 30, standard = 400, in_time = 1590, all_time = 2190\n\n    @pytest.mark.parametrize('case_id, link_item, amount, weight, standard, in_time, all_time', [\n        (\"TD 001\", uroven_3000, 1, 30, 0, 1590, 2190),\n        (\"TD 002\", bundeks_25, 1, 30, 400, 1590, 2190),\n        (\"TD 003\", aksolit_30, 8, 300, 400, 1590, 2190),\n        (\"TD 004\", aksolit_30, 13, 400, 450, 1590, 2190),\n        (\"TD 005\", aksolit_30, 16, 500, 600, 1590, 2190),\n        (\"TD 006\", aksolit_30, 25, 1700, 990, 1990, 2480),\n        (\"TD 007\", aksolit_30, 66, 2000, 1300, 2490, 2980),\n        (\"TD 008\", aksolit_30, 149, 4500, 2300, 3980, 4490),\n        (\"TD 009\", aksolit_30, 166, 5000, 2500, 4990, 5480),\n        pytest.param(\n            \"TD 010\", aksolit_30, 206, 6200, 2900, 5570, 6120,\n            marks=pytest.mark.xfail(reson=\"Цена доставки 3600 7960 8980\")\n        ),\n        (\"TD 011\", aksolit_30, 299, 9000, 3600, 7960, 8980),\n        (\"TD 012\", aksolit_30, 333, 10000, 4450, 11990, 12500),\n        pytest.param(\n            \"TD 013\", aksolit_30, 366, 11000, 4800, 12450, 13480,\n            marks=pytest.mark.xfail(reason=\"Цена стандартной доставки 4450\")\n        ),\n        pytest.param(\n            \"TD 014\", aksolit_30, 666, 20000, 5400, 15600, 17490,\n            marks=pytest.mark.xfail(reason=\"Цена стандартной доставки 4450\")\n        )\n    ])\n    @pytest.mark.xfail\n    @pytest.mark.smoke_test\n    def test_positive_delivery_green_zone_smoke(\n            self, driver, url, case_id, link_item, amount, weight, standard, in_time, all_time\n    ):\n    \n        driver.get(f'{url}{link_item}')\n        item_page = ItemPage(driver)\n>       item_page.add_item_to_cart(amount).click_on_cart()\n\ntests/delivery/test_delivery_calculation.py:50: \n_ _ _ _ _ _ _ _ _ _ _ _ _ _ _ _ _ _ _ _ _ _ _ _ _ _ _ _ _ _ _ _ _ _ _ _ _ _ _ _ \npages/item_page.py:40: in add_item_to_cart\n    self.find_element(self._add_item).click()\nbase/seleniumbase.py:17: in find_element\n    return self.driver.find_element(*locator)\n/usr/local/lib/python3.11/site-packages/selenium/webdriver/remote/webdriver.py:739: in find_element\n    return self.execute(Command.FIND_ELEMENT, {\"using\": by, \"value\": value})[\"value\"]\n/usr/local/lib/python3.11/site-packages/selenium/webdriver/remote/webdriver.py:345: in execute\n    self.error_handler.check_response(response)\n_ _ _ _ _ _ _ _ _ _ _ _ _ _ _ _ _ _ _ _ _ _ _ _ _ _ _ _ _ _ _ _ _ _ _ _ _ _ _ _ \n\nself = <selenium.webdriver.remote.errorhandler.ErrorHandler object at 0x7fe6ea906790>\nresponse = {'status': 404, 'value': '{\"value\":{\"error\":\"no such element\",\"message\":\"no such element: Unable to locate element: {\\...\\\\n#16 0x5591c4a6d8fb \\\\u003Cunknown>\\\\n#17 0x5591c4a7d9b4 \\\\u003Cunknown>\\\\n#18 0x7f448c864134 \\\\u003Cunknown>\\\\n\"}}'}\n\n    def check_response(self, response: Dict[str, Any]) -> None:\n        \"\"\"Checks that a JSON response from the WebDriver does not have an\n        error.\n    \n        :Args:\n         - response - The JSON response from the WebDriver server as a dictionary\n           object.\n    \n        :Raises: If the response contains an error message.\n        \"\"\"\n        status = response.get(\"status\", None)\n        if not status or status == ErrorCode.SUCCESS:\n            return\n        value = None\n        message = response.get(\"message\", \"\")\n        screen: str = response.get(\"screen\", \"\")\n        stacktrace = None\n        if isinstance(status, int):\n            value_json = response.get(\"value\", None)\n            if value_json and isinstance(value_json, str):\n                import json\n    \n                try:\n                    value = json.loads(value_json)\n                    if len(value) == 1:\n                        value = value[\"value\"]\n                    status = value.get(\"error\", None)\n                    if not status:\n                        status = value.get(\"status\", ErrorCode.UNKNOWN_ERROR)\n                        message = value.get(\"value\") or value.get(\"message\")\n                        if not isinstance(message, str):\n                            value = message\n                            message = message.get(\"message\")\n                    else:\n                        message = value.get(\"message\", None)\n                except ValueError:\n                    pass\n    \n        exception_class: Type[WebDriverException]\n        e = ErrorCode()\n        error_codes = [item for item in dir(e) if not item.startswith(\"__\")]\n        for error_code in error_codes:\n            error_info = getattr(ErrorCode, error_code)\n            if isinstance(error_info, list) and status in error_info:\n                exception_class = getattr(ExceptionMapping, error_code, WebDriverException)\n                break\n        else:\n            exception_class = WebDriverException\n    \n        if not value:\n            value = response[\"value\"]\n        if isinstance(value, str):\n            raise exception_class(value)\n        if message == \"\" and \"message\" in value:\n            message = value[\"message\"]\n    \n        screen = None  # type: ignore[assignment]\n        if \"screen\" in value:\n            screen = value[\"screen\"]\n    \n        stacktrace = None\n        st_value = value.get(\"stackTrace\") or value.get(\"stacktrace\")\n        if st_value:\n            if isinstance(st_value, str):\n                stacktrace = st_value.split(\"\\n\")\n            else:\n                stacktrace = []\n                try:\n                    for frame in st_value:\n                        line = frame.get(\"lineNumber\", \"\")\n                        file = frame.get(\"fileName\", \"<anonymous>\")\n                        if line:\n                            file = f\"{file}:{line}\"\n                        meth = frame.get(\"methodName\", \"<anonymous>\")\n                        if \"className\" in frame:\n                            meth = f\"{frame['className']}.{meth}\"\n                        msg = \"    at %s (%s)\"\n                        msg = msg % (meth, file)\n                        stacktrace.append(msg)\n                except TypeError:\n                    pass\n        if exception_class == UnexpectedAlertPresentException:\n            alert_text = None\n            if \"data\" in value:\n                alert_text = value[\"data\"].get(\"text\")\n            elif \"alert\" in value:\n                alert_text = value[\"alert\"].get(\"text\")\n            raise exception_class(message, screen, stacktrace, alert_text)  # type: ignore[call-arg]  # mypy is not smart enough here\n>       raise exception_class(message, screen, stacktrace)\nE       selenium.common.exceptions.NoSuchElementException: Message: no such element: Unable to locate element: {\"method\":\"xpath\",\"selector\":\"(//a[@class='add-to-cart yellow-btn'])[1]\"}\nE         (Session info: chrome-headless-shell=123.0.6312.122); For documentation on this error, please visit: https://www.selenium.dev/documentation/webdriver/troubleshooting/errors#no-such-element-exception\nE       Stacktrace:\nE       #0 0x5591c4a7e863 <unknown>\nE       #1 0x5591c47748c6 <unknown>\nE       #2 0x5591c47bf618 <unknown>\nE       #3 0x5591c47bf6d1 <unknown>\nE       #4 0x5591c4802744 <unknown>\nE       #5 0x5591c47e15cd <unknown>\nE       #6 0x5591c47ffc19 <unknown>\nE       #7 0x5591c47e1343 <unknown>\nE       #8 0x5591c47b2593 <unknown>\nE       #9 0x5591c47b2f5e <unknown>\nE       #10 0x5591c4a4284b <unknown>\nE       #11 0x5591c4a467a5 <unknown>\nE       #12 0x5591c4a30571 <unknown>\nE       #13 0x5591c4a47332 <unknown>\nE       #14 0x5591c4a1587f <unknown>\nE       #15 0x5591c4a6d728 <unknown>\nE       #16 0x5591c4a6d8fb <unknown>\nE       #17 0x5591c4a7d9b4 <unknown>\nE       #18 0x7f448c864134 <unknown>\n\n/usr/local/lib/python3.11/site-packages/selenium/webdriver/remote/errorhandler.py:229: NoSuchElementException","flaky":false,"newFailed":false,"newBroken":false,"newPassed":false,"retriesCount":0,"retriesStatusChange":false,"beforeStages":[{"name":"_session_faker","time":{"start":1713056752634,"stop":1713056752703,"duration":69},"status":"passed","steps":[],"attachments":[],"parameters":[],"shouldDisplayMessage":false,"stepsCount":0,"attachmentsCount":0,"hasContent":false,"attachmentStep":false},{"name":"clear_allure_results_folder","time":{"start":1713056752704,"stop":1713056752704,"duration":0},"status":"passed","steps":[],"attachments":[],"parameters":[],"shouldDisplayMessage":false,"stepsCount":0,"attachmentsCount":0,"hasContent":false,"attachmentStep":false},{"name":"driver","time":{"start":1713056982767,"stop":1713056983541,"duration":774},"status":"passed","steps":[],"attachments":[],"parameters":[],"shouldDisplayMessage":false,"stepsCount":0,"attachmentsCount":0,"hasContent":false,"attachmentStep":false},{"name":"setup","time":{"start":1713056983541,"stop":1713056983541,"duration":0},"status":"passed","steps":[],"attachments":[],"parameters":[],"shouldDisplayMessage":false,"stepsCount":0,"attachmentsCount":0,"hasContent":false,"attachmentStep":false}],"testStage":{"status":"skipped","statusMessage":"XFAIL\n\nselenium.common.exceptions.NoSuchElementException: Message: no such element: Unable to locate element: {\"method\":\"xpath\",\"selector\":\"(//a[@class='add-to-cart yellow-btn'])[1]\"}\n  (Session info: chrome-headless-shell=123.0.6312.122); For documentation on this error, please visit: https://www.selenium.dev/documentation/webdriver/troubleshooting/errors#no-such-element-exception\nStacktrace:\n#0 0x5591c4a7e863 <unknown>\n#1 0x5591c47748c6 <unknown>\n#2 0x5591c47bf618 <unknown>\n#3 0x5591c47bf6d1 <unknown>\n#4 0x5591c4802744 <unknown>\n#5 0x5591c47e15cd <unknown>\n#6 0x5591c47ffc19 <unknown>\n#7 0x5591c47e1343 <unknown>\n#8 0x5591c47b2593 <unknown>\n#9 0x5591c47b2f5e <unknown>\n#10 0x5591c4a4284b <unknown>\n#11 0x5591c4a467a5 <unknown>\n#12 0x5591c4a30571 <unknown>\n#13 0x5591c4a47332 <unknown>\n#14 0x5591c4a1587f <unknown>\n#15 0x5591c4a6d728 <unknown>\n#16 0x5591c4a6d8fb <unknown>\n#17 0x5591c4a7d9b4 <unknown>\n#18 0x7f448c864134 <unknown>","statusTrace":"self = <tests.delivery.test_delivery_calculation.TestDeliveryPageCalculation object at 0x7fe6ea8aaf90>\ndriver = <selenium.webdriver.chrome.webdriver.WebDriver (session=\"070a189365ef7f3799a5b15ba4c1753e\")>\nurl = 'https://sandboxtest.stroyrem-nn.ru/', case_id = 'TD 002'\nlink_item = 'products/shtukaturka-tsementnaya-bergauf-bau-putts-tsement-25kg-56sht'\namount = 1, weight = 30, standard = 400, in_time = 1590, all_time = 2190\n\n    @pytest.mark.parametrize('case_id, link_item, amount, weight, standard, in_time, all_time', [\n        (\"TD 001\", uroven_3000, 1, 30, 0, 1590, 2190),\n        (\"TD 002\", bundeks_25, 1, 30, 400, 1590, 2190),\n        (\"TD 003\", aksolit_30, 8, 300, 400, 1590, 2190),\n        (\"TD 004\", aksolit_30, 13, 400, 450, 1590, 2190),\n        (\"TD 005\", aksolit_30, 16, 500, 600, 1590, 2190),\n        (\"TD 006\", aksolit_30, 25, 1700, 990, 1990, 2480),\n        (\"TD 007\", aksolit_30, 66, 2000, 1300, 2490, 2980),\n        (\"TD 008\", aksolit_30, 149, 4500, 2300, 3980, 4490),\n        (\"TD 009\", aksolit_30, 166, 5000, 2500, 4990, 5480),\n        pytest.param(\n            \"TD 010\", aksolit_30, 206, 6200, 2900, 5570, 6120,\n            marks=pytest.mark.xfail(reson=\"Цена доставки 3600 7960 8980\")\n        ),\n        (\"TD 011\", aksolit_30, 299, 9000, 3600, 7960, 8980),\n        (\"TD 012\", aksolit_30, 333, 10000, 4450, 11990, 12500),\n        pytest.param(\n            \"TD 013\", aksolit_30, 366, 11000, 4800, 12450, 13480,\n            marks=pytest.mark.xfail(reason=\"Цена стандартной доставки 4450\")\n        ),\n        pytest.param(\n            \"TD 014\", aksolit_30, 666, 20000, 5400, 15600, 17490,\n            marks=pytest.mark.xfail(reason=\"Цена стандартной доставки 4450\")\n        )\n    ])\n    @pytest.mark.xfail\n    @pytest.mark.smoke_test\n    def test_positive_delivery_green_zone_smoke(\n            self, driver, url, case_id, link_item, amount, weight, standard, in_time, all_time\n    ):\n    \n        driver.get(f'{url}{link_item}')\n        item_page = ItemPage(driver)\n>       item_page.add_item_to_cart(amount).click_on_cart()\n\ntests/delivery/test_delivery_calculation.py:50: \n_ _ _ _ _ _ _ _ _ _ _ _ _ _ _ _ _ _ _ _ _ _ _ _ _ _ _ _ _ _ _ _ _ _ _ _ _ _ _ _ \npages/item_page.py:40: in add_item_to_cart\n    self.find_element(self._add_item).click()\nbase/seleniumbase.py:17: in find_element\n    return self.driver.find_element(*locator)\n/usr/local/lib/python3.11/site-packages/selenium/webdriver/remote/webdriver.py:739: in find_element\n    return self.execute(Command.FIND_ELEMENT, {\"using\": by, \"value\": value})[\"value\"]\n/usr/local/lib/python3.11/site-packages/selenium/webdriver/remote/webdriver.py:345: in execute\n    self.error_handler.check_response(response)\n_ _ _ _ _ _ _ _ _ _ _ _ _ _ _ _ _ _ _ _ _ _ _ _ _ _ _ _ _ _ _ _ _ _ _ _ _ _ _ _ \n\nself = <selenium.webdriver.remote.errorhandler.ErrorHandler object at 0x7fe6ea906790>\nresponse = {'status': 404, 'value': '{\"value\":{\"error\":\"no such element\",\"message\":\"no such element: Unable to locate element: {\\...\\\\n#16 0x5591c4a6d8fb \\\\u003Cunknown>\\\\n#17 0x5591c4a7d9b4 \\\\u003Cunknown>\\\\n#18 0x7f448c864134 \\\\u003Cunknown>\\\\n\"}}'}\n\n    def check_response(self, response: Dict[str, Any]) -> None:\n        \"\"\"Checks that a JSON response from the WebDriver does not have an\n        error.\n    \n        :Args:\n         - response - The JSON response from the WebDriver server as a dictionary\n           object.\n    \n        :Raises: If the response contains an error message.\n        \"\"\"\n        status = response.get(\"status\", None)\n        if not status or status == ErrorCode.SUCCESS:\n            return\n        value = None\n        message = response.get(\"message\", \"\")\n        screen: str = response.get(\"screen\", \"\")\n        stacktrace = None\n        if isinstance(status, int):\n            value_json = response.get(\"value\", None)\n            if value_json and isinstance(value_json, str):\n                import json\n    \n                try:\n                    value = json.loads(value_json)\n                    if len(value) == 1:\n                        value = value[\"value\"]\n                    status = value.get(\"error\", None)\n                    if not status:\n                        status = value.get(\"status\", ErrorCode.UNKNOWN_ERROR)\n                        message = value.get(\"value\") or value.get(\"message\")\n                        if not isinstance(message, str):\n                            value = message\n                            message = message.get(\"message\")\n                    else:\n                        message = value.get(\"message\", None)\n                except ValueError:\n                    pass\n    \n        exception_class: Type[WebDriverException]\n        e = ErrorCode()\n        error_codes = [item for item in dir(e) if not item.startswith(\"__\")]\n        for error_code in error_codes:\n            error_info = getattr(ErrorCode, error_code)\n            if isinstance(error_info, list) and status in error_info:\n                exception_class = getattr(ExceptionMapping, error_code, WebDriverException)\n                break\n        else:\n            exception_class = WebDriverException\n    \n        if not value:\n            value = response[\"value\"]\n        if isinstance(value, str):\n            raise exception_class(value)\n        if message == \"\" and \"message\" in value:\n            message = value[\"message\"]\n    \n        screen = None  # type: ignore[assignment]\n        if \"screen\" in value:\n            screen = value[\"screen\"]\n    \n        stacktrace = None\n        st_value = value.get(\"stackTrace\") or value.get(\"stacktrace\")\n        if st_value:\n            if isinstance(st_value, str):\n                stacktrace = st_value.split(\"\\n\")\n            else:\n                stacktrace = []\n                try:\n                    for frame in st_value:\n                        line = frame.get(\"lineNumber\", \"\")\n                        file = frame.get(\"fileName\", \"<anonymous>\")\n                        if line:\n                            file = f\"{file}:{line}\"\n                        meth = frame.get(\"methodName\", \"<anonymous>\")\n                        if \"className\" in frame:\n                            meth = f\"{frame['className']}.{meth}\"\n                        msg = \"    at %s (%s)\"\n                        msg = msg % (meth, file)\n                        stacktrace.append(msg)\n                except TypeError:\n                    pass\n        if exception_class == UnexpectedAlertPresentException:\n            alert_text = None\n            if \"data\" in value:\n                alert_text = value[\"data\"].get(\"text\")\n            elif \"alert\" in value:\n                alert_text = value[\"alert\"].get(\"text\")\n            raise exception_class(message, screen, stacktrace, alert_text)  # type: ignore[call-arg]  # mypy is not smart enough here\n>       raise exception_class(message, screen, stacktrace)\nE       selenium.common.exceptions.NoSuchElementException: Message: no such element: Unable to locate element: {\"method\":\"xpath\",\"selector\":\"(//a[@class='add-to-cart yellow-btn'])[1]\"}\nE         (Session info: chrome-headless-shell=123.0.6312.122); For documentation on this error, please visit: https://www.selenium.dev/documentation/webdriver/troubleshooting/errors#no-such-element-exception\nE       Stacktrace:\nE       #0 0x5591c4a7e863 <unknown>\nE       #1 0x5591c47748c6 <unknown>\nE       #2 0x5591c47bf618 <unknown>\nE       #3 0x5591c47bf6d1 <unknown>\nE       #4 0x5591c4802744 <unknown>\nE       #5 0x5591c47e15cd <unknown>\nE       #6 0x5591c47ffc19 <unknown>\nE       #7 0x5591c47e1343 <unknown>\nE       #8 0x5591c47b2593 <unknown>\nE       #9 0x5591c47b2f5e <unknown>\nE       #10 0x5591c4a4284b <unknown>\nE       #11 0x5591c4a467a5 <unknown>\nE       #12 0x5591c4a30571 <unknown>\nE       #13 0x5591c4a47332 <unknown>\nE       #14 0x5591c4a1587f <unknown>\nE       #15 0x5591c4a6d728 <unknown>\nE       #16 0x5591c4a6d8fb <unknown>\nE       #17 0x5591c4a7d9b4 <unknown>\nE       #18 0x7f448c864134 <unknown>\n\n/usr/local/lib/python3.11/site-packages/selenium/webdriver/remote/errorhandler.py:229: NoSuchElementException","steps":[{"name":"Добавляем товар в корзину в количестве 1","time":{"start":1713056983994,"stop":1713056984006,"duration":12},"status":"broken","statusMessage":"selenium.common.exceptions.NoSuchElementException: Message: no such element: Unable to locate element: {\"method\":\"xpath\",\"selector\":\"(//a[@class='add-to-cart yellow-btn'])[1]\"}\n  (Session info: chrome-headless-shell=123.0.6312.122); For documentation on this error, please visit: https://www.selenium.dev/documentation/webdriver/troubleshooting/errors#no-such-element-exception\nStacktrace:\n#0 0x5591c4a7e863 <unknown>\n#1 0x5591c47748c6 <unknown>\n#2 0x5591c47bf618 <unknown>\n#3 0x5591c47bf6d1 <unknown>\n#4 0x5591c4802744 <unknown>\n#5 0x5591c47e15cd <unknown>\n#6 0x5591c47ffc19 <unknown>\n#7 0x5591c47e1343 <unknown>\n#8 0x5591c47b2593 <unknown>\n#9 0x5591c47b2f5e <unknown>\n#10 0x5591c4a4284b <unknown>\n#11 0x5591c4a467a5 <unknown>\n#12 0x5591c4a30571 <unknown>\n#13 0x5591c4a47332 <unknown>\n#14 0x5591c4a1587f <unknown>\n#15 0x5591c4a6d728 <unknown>\n#16 0x5591c4a6d8fb <unknown>\n#17 0x5591c4a7d9b4 <unknown>\n#18 0x7f448c864134 <unknown>\n\n","statusTrace":"  File \"/usr/local/lib/python3.11/site-packages/allure_commons/_allure.py\", line 192, in impl\n    return func(*a, **kw)\n           ^^^^^^^^^^^^^^\n  File \"/app/pages/item_page.py\", line 40, in add_item_to_cart\n    self.find_element(self._add_item).click()\n    ^^^^^^^^^^^^^^^^^^^^^^^^^^^^^^^^^\n  File \"/app/base/seleniumbase.py\", line 17, in find_element\n    return self.driver.find_element(*locator)\n           ^^^^^^^^^^^^^^^^^^^^^^^^^^^^^^^^^^\n  File \"/usr/local/lib/python3.11/site-packages/selenium/webdriver/remote/webdriver.py\", line 739, in find_element\n    return self.execute(Command.FIND_ELEMENT, {\"using\": by, \"value\": value})[\"value\"]\n           ^^^^^^^^^^^^^^^^^^^^^^^^^^^^^^^^^^^^^^^^^^^^^^^^^^^^^^^^^^^^^^^^^\n  File \"/usr/local/lib/python3.11/site-packages/selenium/webdriver/remote/webdriver.py\", line 345, in execute\n    self.error_handler.check_response(response)\n  File \"/usr/local/lib/python3.11/site-packages/selenium/webdriver/remote/errorhandler.py\", line 229, in check_response\n    raise exception_class(message, screen, stacktrace)\n","steps":[],"attachments":[],"parameters":[{"name":"amount","value":"1"}],"shouldDisplayMessage":true,"stepsCount":0,"attachmentsCount":0,"hasContent":true,"attachmentStep":false}],"attachments":[{"uid":"729e9ba3c3495b6a","name":"Screenshot","source":"729e9ba3c3495b6a.png","type":"image/png","size":5862},{"uid":"7849caaf4d083d93","name":"HTML source","source":"7849caaf4d083d93.html","type":"text/html","size":39}],"parameters":[],"shouldDisplayMessage":true,"stepsCount":1,"attachmentsCount":2,"hasContent":true,"attachmentStep":false},"afterStages":[{"name":"setup::0","time":{"start":1713056984108,"stop":1713056984108,"duration":0},"status":"passed","steps":[],"attachments":[],"parameters":[],"shouldDisplayMessage":false,"stepsCount":0,"attachmentsCount":0,"hasContent":false,"attachmentStep":false},{"name":"driver::0","time":{"start":1713056984109,"stop":1713056984166,"duration":57},"status":"passed","steps":[],"attachments":[],"parameters":[],"shouldDisplayMessage":false,"stepsCount":0,"attachmentsCount":0,"hasContent":false,"attachmentStep":false}],"labels":[{"name":"epic","value":"Delivery Page - calculation"},{"name":"tag","value":"smoke_test"},{"name":"tag","value":"@pytest.mark.xfail"},{"name":"parentSuite","value":"tests.delivery"},{"name":"suite","value":"test_delivery_calculation"},{"name":"subSuite","value":"TestDeliveryPageCalculation"},{"name":"host","value":"d35b2e1063ad"},{"name":"thread","value":"1-MainThread"},{"name":"framework","value":"pytest"},{"name":"language","value":"cpython3"},{"name":"package","value":"tests.delivery.test_delivery_calculation"},{"name":"resultFormat","value":"allure2"}],"parameters":[{"name":"all_time","value":"2190"},{"name":"amount","value":"1"},{"name":"case_id","value":"'TD 002'"},{"name":"in_time","value":"1590"},{"name":"link_item","value":"'products/shtukaturka-tsementnaya-bergauf-bau-putts-tsement-25kg-56sht'"},{"name":"standard","value":"400"},{"name":"url","value":"'https://sandboxtest.stroyrem-nn.ru/'"},{"name":"weight","value":"30"}],"links":[],"hidden":false,"retry":false,"extra":{"severity":"normal","retries":[],"categories":[],"history":{"statistic":{"failed":0,"broken":13,"skipped":216,"passed":0,"unknown":0,"total":229},"items":[{"uid":"ceab39b351296d53","reportUrl":"https://Nat754.github.io/StroyremAutomation/276//#testresult/ceab39b351296d53","status":"skipped","statusDetails":"XFAIL\n\nselenium.common.exceptions.NoSuchElementException: Message: no such element: Unable to locate element: {\"method\":\"xpath\",\"selector\":\"(//a[@class='add-to-cart yellow-btn'])[1]\"}\n  (Session info: chrome-headless-shell=123.0.6312.122); For documentation on this error, please visit: https://www.selenium.dev/documentation/webdriver/troubleshooting/errors#no-such-element-exception\nStacktrace:\n#0 0x558eb05a7863 <unknown>\n#1 0x558eb029d8c6 <unknown>\n#2 0x558eb02e8618 <unknown>\n#3 0x558eb02e86d1 <unknown>\n#4 0x558eb032b744 <unknown>\n#5 0x558eb030a5cd <unknown>\n#6 0x558eb0328c19 <unknown>\n#7 0x558eb030a343 <unknown>\n#8 0x558eb02db593 <unknown>\n#9 0x558eb02dbf5e <unknown>\n#10 0x558eb056b84b <unknown>\n#11 0x558eb056f7a5 <unknown>\n#12 0x558eb0559571 <unknown>\n#13 0x558eb0570332 <unknown>\n#14 0x558eb053e87f <unknown>\n#15 0x558eb0596728 <unknown>\n#16 0x558eb05968fb <unknown>\n#17 0x558eb05a69b4 <unknown>\n#18 0x7f05cd521134 <unknown>","time":{"start":1712969075272,"stop":1712969075603,"duration":331}},{"uid":"98d8c1d9fd59da76","reportUrl":"https://Nat754.github.io/StroyremAutomation/275//#testresult/98d8c1d9fd59da76","status":"skipped","statusDetails":"XFAIL\n\nselenium.common.exceptions.NoSuchElementException: Message: no such element: Unable to locate element: {\"method\":\"xpath\",\"selector\":\"(//a[@class='add-to-cart yellow-btn'])[1]\"}\n  (Session info: chrome-headless-shell=123.0.6312.122); For documentation on this error, please visit: https://www.selenium.dev/documentation/webdriver/troubleshooting/errors#no-such-element-exception\nStacktrace:\n#0 0x557b7d45f863 <unknown>\n#1 0x557b7d1558c6 <unknown>\n#2 0x557b7d1a0618 <unknown>\n#3 0x557b7d1a06d1 <unknown>\n#4 0x557b7d1e3744 <unknown>\n#5 0x557b7d1c25cd <unknown>\n#6 0x557b7d1e0c19 <unknown>\n#7 0x557b7d1c2343 <unknown>\n#8 0x557b7d193593 <unknown>\n#9 0x557b7d193f5e <unknown>\n#10 0x557b7d42384b <unknown>\n#11 0x557b7d4277a5 <unknown>\n#12 0x557b7d411571 <unknown>\n#13 0x557b7d428332 <unknown>\n#14 0x557b7d3f687f <unknown>\n#15 0x557b7d44e728 <unknown>\n#16 0x557b7d44e8fb <unknown>\n#17 0x557b7d45e9b4 <unknown>\n#18 0x7f0fca9ef134 <unknown>","time":{"start":1712883162482,"stop":1712883162996,"duration":514}},{"uid":"1dac9f8aaa8a3d48","reportUrl":"https://Nat754.github.io/StroyremAutomation/274//#testresult/1dac9f8aaa8a3d48","status":"skipped","statusDetails":"XFAIL\n\nselenium.common.exceptions.NoSuchElementException: Message: no such element: Unable to locate element: {\"method\":\"xpath\",\"selector\":\"(//a[@class='add-to-cart yellow-btn'])[1]\"}\n  (Session info: chrome-headless-shell=123.0.6312.122); For documentation on this error, please visit: https://www.selenium.dev/documentation/webdriver/troubleshooting/errors#no-such-element-exception\nStacktrace:\n#0 0x55faaafbe863 <unknown>\n#1 0x55faaacb48c6 <unknown>\n#2 0x55faaacff618 <unknown>\n#3 0x55faaacff6d1 <unknown>\n#4 0x55faaad42744 <unknown>\n#5 0x55faaad215cd <unknown>\n#6 0x55faaad3fc19 <unknown>\n#7 0x55faaad21343 <unknown>\n#8 0x55faaacf2593 <unknown>\n#9 0x55faaacf2f5e <unknown>\n#10 0x55faaaf8284b <unknown>\n#11 0x55faaaf867a5 <unknown>\n#12 0x55faaaf70571 <unknown>\n#13 0x55faaaf87332 <unknown>\n#14 0x55faaaf5587f <unknown>\n#15 0x55faaafad728 <unknown>\n#16 0x55faaafad8fb <unknown>\n#17 0x55faaafbd9b4 <unknown>\n#18 0x7fd0c4cf9134 <unknown>","time":{"start":1712796817751,"stop":1712796818215,"duration":464}},{"uid":"a9cdb27a199566ce","reportUrl":"https://Nat754.github.io/StroyremAutomation/273//#testresult/a9cdb27a199566ce","status":"skipped","statusDetails":"XFAIL\n\nselenium.common.exceptions.NoSuchElementException: Message: no such element: Unable to locate element: {\"method\":\"xpath\",\"selector\":\"(//a[@class='add-to-cart yellow-btn'])[1]\"}\n  (Session info: chrome-headless-shell=123.0.6312.105); For documentation on this error, please visit: https://www.selenium.dev/documentation/webdriver/troubleshooting/errors#no-such-element-exception\nStacktrace:\n#0 0x55f5efdfe873 <unknown>\n#1 0x55f5efaf48c6 <unknown>\n#2 0x55f5efb3f618 <unknown>\n#3 0x55f5efb3f6d1 <unknown>\n#4 0x55f5efb82744 <unknown>\n#5 0x55f5efb615cd <unknown>\n#6 0x55f5efb7fc19 <unknown>\n#7 0x55f5efb61343 <unknown>\n#8 0x55f5efb32593 <unknown>\n#9 0x55f5efb32f5e <unknown>\n#10 0x55f5efdc285b <unknown>\n#11 0x55f5efdc67b5 <unknown>\n#12 0x55f5efdb0581 <unknown>\n#13 0x55f5efdc7342 <unknown>\n#14 0x55f5efd9588f <unknown>\n#15 0x55f5efded738 <unknown>\n#16 0x55f5efded90b <unknown>\n#17 0x55f5efdfd9c4 <unknown>\n#18 0x7f0ea2ce1134 <unknown>","time":{"start":1712710361108,"stop":1712710361636,"duration":528}},{"uid":"79f6e6d6a674c28","reportUrl":"https://Nat754.github.io/StroyremAutomation/272//#testresult/79f6e6d6a674c28","status":"skipped","statusDetails":"XFAIL\n\nselenium.common.exceptions.NoSuchElementException: Message: no such element: Unable to locate element: {\"method\":\"xpath\",\"selector\":\"(//a[@class='add-to-cart yellow-btn'])[1]\"}\n  (Session info: chrome-headless-shell=123.0.6312.105); For documentation on this error, please visit: https://www.selenium.dev/documentation/webdriver/troubleshooting/errors#no-such-element-exception\nStacktrace:\n#0 0x559276bc3873 <unknown>\n#1 0x5592768b98c6 <unknown>\n#2 0x559276904618 <unknown>\n#3 0x5592769046d1 <unknown>\n#4 0x559276947744 <unknown>\n#5 0x5592769265cd <unknown>\n#6 0x559276944c19 <unknown>\n#7 0x559276926343 <unknown>\n#8 0x5592768f7593 <unknown>\n#9 0x5592768f7f5e <unknown>\n#10 0x559276b8785b <unknown>\n#11 0x559276b8b7b5 <unknown>\n#12 0x559276b75581 <unknown>\n#13 0x559276b8c342 <unknown>\n#14 0x559276b5a88f <unknown>\n#15 0x559276bb2738 <unknown>\n#16 0x559276bb290b <unknown>\n#17 0x559276bc29c4 <unknown>\n#18 0x7f81d72a2134 <unknown>","time":{"start":1712623999784,"stop":1712624000338,"duration":554}},{"uid":"c98a47643cf2180f","reportUrl":"https://Nat754.github.io/StroyremAutomation/271//#testresult/c98a47643cf2180f","status":"skipped","statusDetails":"XFAIL\n\nselenium.common.exceptions.NoSuchElementException: Message: no such element: Unable to locate element: {\"method\":\"xpath\",\"selector\":\"(//a[@class='add-to-cart yellow-btn'])[1]\"}\n  (Session info: chrome-headless-shell=123.0.6312.105); For documentation on this error, please visit: https://www.selenium.dev/documentation/webdriver/troubleshooting/errors#no-such-element-exception\nStacktrace:\n#0 0x55f7f118b873 <unknown>\n#1 0x55f7f0e818c6 <unknown>\n#2 0x55f7f0ecc618 <unknown>\n#3 0x55f7f0ecc6d1 <unknown>\n#4 0x55f7f0f0f744 <unknown>\n#5 0x55f7f0eee5cd <unknown>\n#6 0x55f7f0f0cc19 <unknown>\n#7 0x55f7f0eee343 <unknown>\n#8 0x55f7f0ebf593 <unknown>\n#9 0x55f7f0ebff5e <unknown>\n#10 0x55f7f114f85b <unknown>\n#11 0x55f7f11537b5 <unknown>\n#12 0x55f7f113d581 <unknown>\n#13 0x55f7f1154342 <unknown>\n#14 0x55f7f112288f <unknown>\n#15 0x55f7f117a738 <unknown>\n#16 0x55f7f117a90b <unknown>\n#17 0x55f7f118a9c4 <unknown>\n#18 0x7f96f03c7134 <unknown>","time":{"start":1712537661184,"stop":1712537661818,"duration":634}},{"uid":"a5e234139fb0b92f","reportUrl":"https://Nat754.github.io/StroyremAutomation/270//#testresult/a5e234139fb0b92f","status":"skipped","statusDetails":"XFAIL\n\nselenium.common.exceptions.NoSuchElementException: Message: no such element: Unable to locate element: {\"method\":\"xpath\",\"selector\":\"(//a[@class='add-to-cart yellow-btn'])[1]\"}\n  (Session info: chrome-headless-shell=123.0.6312.105); For documentation on this error, please visit: https://www.selenium.dev/documentation/webdriver/troubleshooting/errors#no-such-element-exception\nStacktrace:\n#0 0x564189a0d873 <unknown>\n#1 0x5641897038c6 <unknown>\n#2 0x56418974e618 <unknown>\n#3 0x56418974e6d1 <unknown>\n#4 0x564189791744 <unknown>\n#5 0x5641897705cd <unknown>\n#6 0x56418978ec19 <unknown>\n#7 0x564189770343 <unknown>\n#8 0x564189741593 <unknown>\n#9 0x564189741f5e <unknown>\n#10 0x5641899d185b <unknown>\n#11 0x5641899d57b5 <unknown>\n#12 0x5641899bf581 <unknown>\n#13 0x5641899d6342 <unknown>\n#14 0x5641899a488f <unknown>\n#15 0x5641899fc738 <unknown>\n#16 0x5641899fc90b <unknown>\n#17 0x564189a0c9c4 <unknown>\n#18 0x7f7419fb6134 <unknown>","time":{"start":1712451471231,"stop":1712451471637,"duration":406}},{"uid":"829c6f0f930c4f86","reportUrl":"https://Nat754.github.io/StroyremAutomation/269//#testresult/829c6f0f930c4f86","status":"skipped","statusDetails":"XFAIL\n\nselenium.common.exceptions.NoSuchElementException: Message: no such element: Unable to locate element: {\"method\":\"xpath\",\"selector\":\"(//a[@class='add-to-cart yellow-btn'])[1]\"}\n  (Session info: chrome-headless-shell=123.0.6312.105); For documentation on this error, please visit: https://www.selenium.dev/documentation/webdriver/troubleshooting/errors#no-such-element-exception\nStacktrace:\n#0 0x5610dd793873 <unknown>\n#1 0x5610dd4898c6 <unknown>\n#2 0x5610dd4d4618 <unknown>\n#3 0x5610dd4d46d1 <unknown>\n#4 0x5610dd517744 <unknown>\n#5 0x5610dd4f65cd <unknown>\n#6 0x5610dd514c19 <unknown>\n#7 0x5610dd4f6343 <unknown>\n#8 0x5610dd4c7593 <unknown>\n#9 0x5610dd4c7f5e <unknown>\n#10 0x5610dd75785b <unknown>\n#11 0x5610dd75b7b5 <unknown>\n#12 0x5610dd745581 <unknown>\n#13 0x5610dd75c342 <unknown>\n#14 0x5610dd72a88f <unknown>\n#15 0x5610dd782738 <unknown>\n#16 0x5610dd78290b <unknown>\n#17 0x5610dd7929c4 <unknown>\n#18 0x7f5d310f6134 <unknown>","time":{"start":1712364689200,"stop":1712364689659,"duration":459}},{"uid":"68970be2c7980c3b","reportUrl":"https://Nat754.github.io/StroyremAutomation/268//#testresult/68970be2c7980c3b","status":"skipped","statusDetails":"XFAIL\n\nselenium.common.exceptions.NoSuchElementException: Message: no such element: Unable to locate element: {\"method\":\"xpath\",\"selector\":\"(//a[@class='add-to-cart yellow-btn'])[1]\"}\n  (Session info: chrome-headless-shell=123.0.6312.105); For documentation on this error, please visit: https://www.selenium.dev/documentation/webdriver/troubleshooting/errors#no-such-element-exception\nStacktrace:\n#0 0x56237c906873 <unknown>\n#1 0x56237c5fc8c6 <unknown>\n#2 0x56237c647618 <unknown>\n#3 0x56237c6476d1 <unknown>\n#4 0x56237c68a744 <unknown>\n#5 0x56237c6695cd <unknown>\n#6 0x56237c687c19 <unknown>\n#7 0x56237c669343 <unknown>\n#8 0x56237c63a593 <unknown>\n#9 0x56237c63af5e <unknown>\n#10 0x56237c8ca85b <unknown>\n#11 0x56237c8ce7b5 <unknown>\n#12 0x56237c8b8581 <unknown>\n#13 0x56237c8cf342 <unknown>\n#14 0x56237c89d88f <unknown>\n#15 0x56237c8f5738 <unknown>\n#16 0x56237c8f590b <unknown>\n#17 0x56237c9059c4 <unknown>\n#18 0x7fd2cbae7134 <unknown>","time":{"start":1712278375010,"stop":1712278379634,"duration":4624}},{"uid":"aea382eb9c7fb725","reportUrl":"https://Nat754.github.io/StroyremAutomation/267//#testresult/aea382eb9c7fb725","status":"skipped","statusDetails":"XFAIL\n\nselenium.common.exceptions.NoSuchElementException: Message: no such element: Unable to locate element: {\"method\":\"xpath\",\"selector\":\"(//a[@class='add-to-cart yellow-btn'])[1]\"}\n  (Session info: chrome-headless-shell=123.0.6312.86); For documentation on this error, please visit: https://www.selenium.dev/documentation/webdriver/troubleshooting/errors#no-such-element-exception\nStacktrace:\n#0 0x5654a1fa98a3 <unknown>\n#1 0x5654a1c9f8c6 <unknown>\n#2 0x5654a1cea618 <unknown>\n#3 0x5654a1cea6d1 <unknown>\n#4 0x5654a1d2d744 <unknown>\n#5 0x5654a1d0c5cd <unknown>\n#6 0x5654a1d2ac19 <unknown>\n#7 0x5654a1d0c343 <unknown>\n#8 0x5654a1cdd593 <unknown>\n#9 0x5654a1cddf5e <unknown>\n#10 0x5654a1f6d88b <unknown>\n#11 0x5654a1f717e5 <unknown>\n#12 0x5654a1f5b5b1 <unknown>\n#13 0x5654a1f72372 <unknown>\n#14 0x5654a1f408bf <unknown>\n#15 0x5654a1f98768 <unknown>\n#16 0x5654a1f9893b <unknown>\n#17 0x5654a1fa89f4 <unknown>\n#18 0x7fa61e16d134 <unknown>","time":{"start":1712192157793,"stop":1712192158326,"duration":533}},{"uid":"3d6122255a2bf960","reportUrl":"https://Nat754.github.io/StroyremAutomation/266//#testresult/3d6122255a2bf960","status":"skipped","statusDetails":"XFAIL\n\nselenium.common.exceptions.NoSuchElementException: Message: no such element: Unable to locate element: {\"method\":\"xpath\",\"selector\":\"(//a[@class='add-to-cart yellow-btn'])[1]\"}\n  (Session info: chrome-headless-shell=123.0.6312.86); For documentation on this error, please visit: https://www.selenium.dev/documentation/webdriver/troubleshooting/errors#no-such-element-exception\nStacktrace:\n#0 0x5631565438a3 <unknown>\n#1 0x5631562398c6 <unknown>\n#2 0x563156284618 <unknown>\n#3 0x5631562846d1 <unknown>\n#4 0x5631562c7744 <unknown>\n#5 0x5631562a65cd <unknown>\n#6 0x5631562c4c19 <unknown>\n#7 0x5631562a6343 <unknown>\n#8 0x563156277593 <unknown>\n#9 0x563156277f5e <unknown>\n#10 0x56315650788b <unknown>\n#11 0x56315650b7e5 <unknown>\n#12 0x5631564f55b1 <unknown>\n#13 0x56315650c372 <unknown>\n#14 0x5631564da8bf <unknown>\n#15 0x563156532768 <unknown>\n#16 0x56315653293b <unknown>\n#17 0x5631565429f4 <unknown>\n#18 0x7f660ede8134 <unknown>","time":{"start":1712105529523,"stop":1712105529924,"duration":401}},{"uid":"1e7b336d3069170e","reportUrl":"https://Nat754.github.io/StroyremAutomation/265//#testresult/1e7b336d3069170e","status":"skipped","statusDetails":"XFAIL\n\nselenium.common.exceptions.NoSuchElementException: Message: no such element: Unable to locate element: {\"method\":\"xpath\",\"selector\":\"(//a[@class='add-to-cart yellow-btn'])[1]\"}\n  (Session info: chrome-headless-shell=123.0.6312.86); For documentation on this error, please visit: https://www.selenium.dev/documentation/webdriver/troubleshooting/errors#no-such-element-exception\nStacktrace:\n#0 0x560d9b8f98a3 <unknown>\n#1 0x560d9b5ef8c6 <unknown>\n#2 0x560d9b63a618 <unknown>\n#3 0x560d9b63a6d1 <unknown>\n#4 0x560d9b67d744 <unknown>\n#5 0x560d9b65c5cd <unknown>\n#6 0x560d9b67ac19 <unknown>\n#7 0x560d9b65c343 <unknown>\n#8 0x560d9b62d593 <unknown>\n#9 0x560d9b62df5e <unknown>\n#10 0x560d9b8bd88b <unknown>\n#11 0x560d9b8c17e5 <unknown>\n#12 0x560d9b8ab5b1 <unknown>\n#13 0x560d9b8c2372 <unknown>\n#14 0x560d9b8908bf <unknown>\n#15 0x560d9b8e8768 <unknown>\n#16 0x560d9b8e893b <unknown>\n#17 0x560d9b8f89f4 <unknown>\n#18 0x7f2d68270134 <unknown>","time":{"start":1712019293888,"stop":1712019294297,"duration":409}},{"uid":"ed9238554d398a1","reportUrl":"https://Nat754.github.io/StroyremAutomation/264//#testresult/ed9238554d398a1","status":"skipped","statusDetails":"XFAIL\n\nselenium.common.exceptions.NoSuchElementException: Message: no such element: Unable to locate element: {\"method\":\"xpath\",\"selector\":\"(//a[@class='add-to-cart yellow-btn'])[1]\"}\n  (Session info: chrome-headless-shell=123.0.6312.86); For documentation on this error, please visit: https://www.selenium.dev/documentation/webdriver/troubleshooting/errors#no-such-element-exception\nStacktrace:\n#0 0x55dd001628a3 <unknown>\n#1 0x55dcffe588c6 <unknown>\n#2 0x55dcffea3618 <unknown>\n#3 0x55dcffea36d1 <unknown>\n#4 0x55dcffee6744 <unknown>\n#5 0x55dcffec55cd <unknown>\n#6 0x55dcffee3c19 <unknown>\n#7 0x55dcffec5343 <unknown>\n#8 0x55dcffe96593 <unknown>\n#9 0x55dcffe96f5e <unknown>\n#10 0x55dd0012688b <unknown>\n#11 0x55dd0012a7e5 <unknown>\n#12 0x55dd001145b1 <unknown>\n#13 0x55dd0012b372 <unknown>\n#14 0x55dd000f98bf <unknown>\n#15 0x55dd00151768 <unknown>\n#16 0x55dd0015193b <unknown>\n#17 0x55dd001619f4 <unknown>\n#18 0x7fd08266d134 <unknown>","time":{"start":1711933108206,"stop":1711933108815,"duration":609}},{"uid":"37ba6d9a75c0e11c","reportUrl":"https://Nat754.github.io/StroyremAutomation/263//#testresult/37ba6d9a75c0e11c","status":"skipped","statusDetails":"XFAIL\n\nselenium.common.exceptions.NoSuchElementException: Message: no such element: Unable to locate element: {\"method\":\"xpath\",\"selector\":\"(//a[@class='add-to-cart yellow-btn'])[1]\"}\n  (Session info: chrome-headless-shell=123.0.6312.86); For documentation on this error, please visit: https://www.selenium.dev/documentation/webdriver/troubleshooting/errors#no-such-element-exception\nStacktrace:\n#0 0x562e8e6e28a3 <unknown>\n#1 0x562e8e3d88c6 <unknown>\n#2 0x562e8e423618 <unknown>\n#3 0x562e8e4236d1 <unknown>\n#4 0x562e8e466744 <unknown>\n#5 0x562e8e4455cd <unknown>\n#6 0x562e8e463c19 <unknown>\n#7 0x562e8e445343 <unknown>\n#8 0x562e8e416593 <unknown>\n#9 0x562e8e416f5e <unknown>\n#10 0x562e8e6a688b <unknown>\n#11 0x562e8e6aa7e5 <unknown>\n#12 0x562e8e6945b1 <unknown>\n#13 0x562e8e6ab372 <unknown>\n#14 0x562e8e6798bf <unknown>\n#15 0x562e8e6d1768 <unknown>\n#16 0x562e8e6d193b <unknown>\n#17 0x562e8e6e19f4 <unknown>\n#18 0x7f0ff182e134 <unknown>","time":{"start":1711846661750,"stop":1711846662293,"duration":543}},{"uid":"64abf2e766a996af","reportUrl":"https://Nat754.github.io/StroyremAutomation/262//#testresult/64abf2e766a996af","status":"skipped","statusDetails":"XFAIL\n\nselenium.common.exceptions.NoSuchElementException: Message: no such element: Unable to locate element: {\"method\":\"xpath\",\"selector\":\"(//a[@class='add-to-cart yellow-btn'])[1]\"}\n  (Session info: chrome-headless-shell=123.0.6312.86); For documentation on this error, please visit: https://www.selenium.dev/documentation/webdriver/troubleshooting/errors#no-such-element-exception\nStacktrace:\n#0 0x55e196a8e8a3 <unknown>\n#1 0x55e1967848c6 <unknown>\n#2 0x55e1967cf618 <unknown>\n#3 0x55e1967cf6d1 <unknown>\n#4 0x55e196812744 <unknown>\n#5 0x55e1967f15cd <unknown>\n#6 0x55e19680fc19 <unknown>\n#7 0x55e1967f1343 <unknown>\n#8 0x55e1967c2593 <unknown>\n#9 0x55e1967c2f5e <unknown>\n#10 0x55e196a5288b <unknown>\n#11 0x55e196a567e5 <unknown>\n#12 0x55e196a405b1 <unknown>\n#13 0x55e196a57372 <unknown>\n#14 0x55e196a258bf <unknown>\n#15 0x55e196a7d768 <unknown>\n#16 0x55e196a7d93b <unknown>\n#17 0x55e196a8d9f4 <unknown>\n#18 0x7f5545cea134 <unknown>","time":{"start":1711759815997,"stop":1711759816458,"duration":461}},{"uid":"b4845f0304956fd4","reportUrl":"https://Nat754.github.io/StroyremAutomation/261//#testresult/b4845f0304956fd4","status":"skipped","statusDetails":"XFAIL\n\nselenium.common.exceptions.NoSuchElementException: Message: no such element: Unable to locate element: {\"method\":\"xpath\",\"selector\":\"(//a[@class='add-to-cart yellow-btn'])[1]\"}\n  (Session info: chrome-headless-shell=123.0.6312.86); For documentation on this error, please visit: https://www.selenium.dev/documentation/webdriver/troubleshooting/errors#no-such-element-exception\nStacktrace:\n#0 0x557350b618a3 <unknown>\n#1 0x5573508578c6 <unknown>\n#2 0x5573508a2618 <unknown>\n#3 0x5573508a26d1 <unknown>\n#4 0x5573508e5744 <unknown>\n#5 0x5573508c45cd <unknown>\n#6 0x5573508e2c19 <unknown>\n#7 0x5573508c4343 <unknown>\n#8 0x557350895593 <unknown>\n#9 0x557350895f5e <unknown>\n#10 0x557350b2588b <unknown>\n#11 0x557350b297e5 <unknown>\n#12 0x557350b135b1 <unknown>\n#13 0x557350b2a372 <unknown>\n#14 0x557350af88bf <unknown>\n#15 0x557350b50768 <unknown>\n#16 0x557350b5093b <unknown>\n#17 0x557350b609f4 <unknown>\n#18 0x7ffaa214a134 <unknown>","time":{"start":1711673564499,"stop":1711673564953,"duration":454}},{"uid":"d10d05fbe46479a6","reportUrl":"https://Nat754.github.io/StroyremAutomation/260//#testresult/d10d05fbe46479a6","status":"skipped","statusDetails":"XFAIL\n\nselenium.common.exceptions.NoSuchElementException: Message: no such element: Unable to locate element: {\"method\":\"xpath\",\"selector\":\"(//a[@class='add-to-cart yellow-btn'])[1]\"}\n  (Session info: chrome-headless-shell=123.0.6312.86); For documentation on this error, please visit: https://www.selenium.dev/documentation/webdriver/troubleshooting/errors#no-such-element-exception\nStacktrace:\n#0 0x55cdc7da88a3 <unknown>\n#1 0x55cdc7a9e8c6 <unknown>\n#2 0x55cdc7ae9618 <unknown>\n#3 0x55cdc7ae96d1 <unknown>\n#4 0x55cdc7b2c744 <unknown>\n#5 0x55cdc7b0b5cd <unknown>\n#6 0x55cdc7b29c19 <unknown>\n#7 0x55cdc7b0b343 <unknown>\n#8 0x55cdc7adc593 <unknown>\n#9 0x55cdc7adcf5e <unknown>\n#10 0x55cdc7d6c88b <unknown>\n#11 0x55cdc7d707e5 <unknown>\n#12 0x55cdc7d5a5b1 <unknown>\n#13 0x55cdc7d71372 <unknown>\n#14 0x55cdc7d3f8bf <unknown>\n#15 0x55cdc7d97768 <unknown>\n#16 0x55cdc7d9793b <unknown>\n#17 0x55cdc7da79f4 <unknown>\n#18 0x7f2a4170c134 <unknown>","time":{"start":1711587167612,"stop":1711587167899,"duration":287}},{"uid":"ef74520076a01482","reportUrl":"https://Nat754.github.io/StroyremAutomation/259//#testresult/ef74520076a01482","status":"skipped","statusDetails":"XFAIL\n\nselenium.common.exceptions.NoSuchElementException: Message: no such element: Unable to locate element: {\"method\":\"xpath\",\"selector\":\"(//a[@class='add-to-cart yellow-btn'])[1]\"}\n  (Session info: chrome-headless-shell=123.0.6312.86); For documentation on this error, please visit: https://www.selenium.dev/documentation/webdriver/troubleshooting/errors#no-such-element-exception\nStacktrace:\n#0 0x559b993f38a3 <unknown>\n#1 0x559b990e98c6 <unknown>\n#2 0x559b99134618 <unknown>\n#3 0x559b991346d1 <unknown>\n#4 0x559b99177744 <unknown>\n#5 0x559b991565cd <unknown>\n#6 0x559b99174c19 <unknown>\n#7 0x559b99156343 <unknown>\n#8 0x559b99127593 <unknown>\n#9 0x559b99127f5e <unknown>\n#10 0x559b993b788b <unknown>\n#11 0x559b993bb7e5 <unknown>\n#12 0x559b993a55b1 <unknown>\n#13 0x559b993bc372 <unknown>\n#14 0x559b9938a8bf <unknown>\n#15 0x559b993e2768 <unknown>\n#16 0x559b993e293b <unknown>\n#17 0x559b993f29f4 <unknown>\n#18 0x7f94f3782134 <unknown>","time":{"start":1711500720223,"stop":1711500720821,"duration":598}},{"uid":"a62c443467938b4d","reportUrl":"https://Nat754.github.io/StroyremAutomation/258//#testresult/a62c443467938b4d","status":"skipped","statusDetails":"XFAIL\n\nselenium.common.exceptions.NoSuchElementException: Message: no such element: Unable to locate element: {\"method\":\"xpath\",\"selector\":\"(//a[@class='add-to-cart yellow-btn'])[1]\"}\n  (Session info: chrome-headless-shell=123.0.6312.58); For documentation on this error, please visit: https://www.selenium.dev/documentation/webdriver/troubleshooting/errors#no-such-element-exception\nStacktrace:\n#0 0x560306ddf993 <unknown>\n#1 0x560306ada136 <unknown>\n#2 0x560306b24d48 <unknown>\n#3 0x560306b24e01 <unknown>\n#4 0x560306b67e44 <unknown>\n#5 0x560306b46cfd <unknown>\n#6 0x560306b65319 <unknown>\n#7 0x560306b46a73 <unknown>\n#8 0x560306b17c93 <unknown>\n#9 0x560306b1865e <unknown>\n#10 0x560306da408b <unknown>\n#11 0x560306da8005 <unknown>\n#12 0x560306d92491 <unknown>\n#13 0x560306da8b92 <unknown>\n#14 0x560306d779ef <unknown>\n#15 0x560306dcedf8 <unknown>\n#16 0x560306dcefcb <unknown>\n#17 0x560306ddeae4 <unknown>\n#18 0x7f2df881f134 <unknown>","time":{"start":1711414376859,"stop":1711414377251,"duration":392}},{"uid":"38b29cb3e95b33ee","reportUrl":"https://Nat754.github.io/StroyremAutomation/257//#testresult/38b29cb3e95b33ee","status":"skipped","statusDetails":"XFAIL\n\nselenium.common.exceptions.NoSuchElementException: Message: no such element: Unable to locate element: {\"method\":\"xpath\",\"selector\":\"(//a[@class='add-to-cart yellow-btn'])[1]\"}\n  (Session info: chrome-headless-shell=123.0.6312.58); For documentation on this error, please visit: https://www.selenium.dev/documentation/webdriver/troubleshooting/errors#no-such-element-exception\nStacktrace:\n#0 0x55dfa48d9993 <unknown>\n#1 0x55dfa45d4136 <unknown>\n#2 0x55dfa461ed48 <unknown>\n#3 0x55dfa461ee01 <unknown>\n#4 0x55dfa4661e44 <unknown>\n#5 0x55dfa4640cfd <unknown>\n#6 0x55dfa465f319 <unknown>\n#7 0x55dfa4640a73 <unknown>\n#8 0x55dfa4611c93 <unknown>\n#9 0x55dfa461265e <unknown>\n#10 0x55dfa489e08b <unknown>\n#11 0x55dfa48a2005 <unknown>\n#12 0x55dfa488c491 <unknown>\n#13 0x55dfa48a2b92 <unknown>\n#14 0x55dfa48719ef <unknown>\n#15 0x55dfa48c8df8 <unknown>\n#16 0x55dfa48c8fcb <unknown>\n#17 0x55dfa48d8ae4 <unknown>\n#18 0x7f72027bc134 <unknown>","time":{"start":1711328043174,"stop":1711328043460,"duration":286}}]},"tags":["@pytest.mark.xfail","smoke_test"]},"source":"e03c8144be3f132d.json","parameterValues":["2190","1","'TD 002'","1590","'products/shtukaturka-tsementnaya-bergauf-bau-putts-tsement-25kg-56sht'","400","'https://sandboxtest.stroyrem-nn.ru/'","30"]}