{"uid":"85d7674eff6637a1","name":"TD 019 Доставка товара весом до 1700кг. в синей зоне","fullName":"tests.delivery.test_delivery_calculation.TestDeliveryPageCalculation#test_positive_delivery_blue_zone_smoke","historyId":"7de17ed6f423399e8e6f079409b2bd41","time":{"start":1708131037325,"stop":1708131037858,"duration":533},"status":"skipped","statusMessage":"XFAIL\n\nselenium.common.exceptions.NoSuchElementException: Message: no such element: Unable to locate element: {\"method\":\"xpath\",\"selector\":\"(//a[@class='add-to-cart yellow-btn'])[1]\"}\n  (Session info: chrome-headless-shell=121.0.6167.184); For documentation on this error, please visit: https://www.selenium.dev/documentation/webdriver/troubleshooting/errors#no-such-element-exception\nStacktrace:\n#0 0x55ab022e8303 <unknown>\n#1 0x55ab01fcd2b7 <unknown>\n#2 0x55ab02018cc0 <unknown>\n#3 0x55ab02018db1 <unknown>\n#4 0x55ab0205cb44 <unknown>\n#5 0x55ab0203b3ad <unknown>\n#6 0x55ab0205a07c <unknown>\n#7 0x55ab0203b123 <unknown>\n#8 0x55ab0200b095 <unknown>\n#9 0x55ab0200c09e <unknown>\n#10 0x55ab022ac6ab <unknown>\n#11 0x55ab022b04ba <unknown>\n#12 0x55ab02298f85 <unknown>\n#13 0x55ab022b112f <unknown>\n#14 0x55ab0227ce6f <unknown>\n#15 0x55ab022d55f8 <unknown>\n#16 0x55ab022d57c2 <unknown>\n#17 0x55ab022e74a4 <unknown>\n#18 0x7f4be255d134 <unknown>","statusTrace":"self = <tests.delivery.test_delivery_calculation.TestDeliveryPageCalculation object at 0x7fc1500e3cd0>\ndriver = <selenium.webdriver.chrome.webdriver.WebDriver (session=\"13f8999d5ca5ec79f40383390aeab592\")>\nurl = 'https://sandboxtest.stroyrem-nn.ru/', case_id = 'TD 019'\nlink_item = 'products/shtukaturka-gipsovaya-aksolit-m50-30-kg-mashinnogo-naneseniya'\namount = 25, weight = 1700, standard = 1150, in_time = 2490, all_time = 3320\n\n    @pytest.mark.parametrize('case_id, link_item, amount, weight, standard, in_time, all_time', [\n        (\"TD 015\", bundeks_25, 1, 30, 650, 2390, 3320),\n        pytest.param(\n            \"TD 016\", aksolit_30, 8, 300, 650, 2390, 3320,\n            marks=pytest.mark.xfail(reson=\"Цена доставки: - - -\")\n        ),\n        (\"TD 017\", aksolit_30, 13, 400, 650, 2390, 3320),\n        (\"TD 018\", aksolit_30, 16, 500, 850, 2490, 3320),\n        (\"TD 019\", aksolit_30, 25, 1700, 1150, 2490, 3320),\n        (\"TD 020\", aksolit_30, 66, 2000, 1500, 2990, 3650),\n        (\"TD 021\", aksolit_30, 149, 4500, 2600, 4380, 4890),\n        (\"TD 022\", aksolit_30, 166, 5000, 2800, 5490, 5980),\n        pytest.param(\n            \"TD 023\", aksolit_30, 206, 6200, 3300, 7500, 8000,\n            marks=pytest.mark.xfail(reson=\"Цена доставки: 4300 9900 11440\")\n        ),\n        (\"TD 024\", aksolit_30, 299, 9000, 4300, 9900, 11440),\n        (\"TD 025\", aksolit_30, 333, 10000, 7000, 13900, 15900),\n        pytest.param(\n            \"TD 026\", aksolit_30, 366, 11000, 8000, 14900, 19900,\n            marks=pytest.mark.xfail(reson=\"Цена доставки: 7000 13900 15900\")\n        ),\n        pytest.param(\n            \"TD 027\", aksolit_30, 666, 20000, 14000, 16900, 23900,\n            marks=pytest.mark.xfail(reson=\"Цена доставки: 7000 13900 15900\")\n        )\n    ])\n    @pytest.mark.xfail\n    @pytest.mark.smoke_test\n    def test_positive_delivery_blue_zone_smoke(\n            self, driver, url, case_id, link_item, amount, weight, standard, in_time, all_time\n    ):\n        allure.dynamic.title(f\"{case_id} Доставка товара весом до {weight}кг. в синей зоне\")\n    \n        driver.get(f'{url}{link_item}')\n        item_page = ItemPage(driver)\n>       item_page.add_item_to_cart(amount).click_on_cart()\n\ntests/delivery/test_delivery_calculation.py:132: \n_ _ _ _ _ _ _ _ _ _ _ _ _ _ _ _ _ _ _ _ _ _ _ _ _ _ _ _ _ _ _ _ _ _ _ _ _ _ _ _ \npages/item_page.py:40: in add_item_to_cart\n    self.find_element(self._add_item).click()\nbase/seleniumbase.py:17: in find_element\n    return self.driver.find_element(*locator)\n/usr/local/lib/python3.11/site-packages/selenium/webdriver/remote/webdriver.py:739: in find_element\n    return self.execute(Command.FIND_ELEMENT, {\"using\": by, \"value\": value})[\"value\"]\n/usr/local/lib/python3.11/site-packages/selenium/webdriver/remote/webdriver.py:345: in execute\n    self.error_handler.check_response(response)\n_ _ _ _ _ _ _ _ _ _ _ _ _ _ _ _ _ _ _ _ _ _ _ _ _ _ _ _ _ _ _ _ _ _ _ _ _ _ _ _ \n\nself = <selenium.webdriver.remote.errorhandler.ErrorHandler object at 0x7fc14fe0b890>\nresponse = {'status': 404, 'value': '{\"value\":{\"error\":\"no such element\",\"message\":\"no such element: Unable to locate element: {\\...\\\\n#16 0x55ab022d57c2 \\\\u003Cunknown>\\\\n#17 0x55ab022e74a4 \\\\u003Cunknown>\\\\n#18 0x7f4be255d134 \\\\u003Cunknown>\\\\n\"}}'}\n\n    def check_response(self, response: Dict[str, Any]) -> None:\n        \"\"\"Checks that a JSON response from the WebDriver does not have an\n        error.\n    \n        :Args:\n         - response - The JSON response from the WebDriver server as a dictionary\n           object.\n    \n        :Raises: If the response contains an error message.\n        \"\"\"\n        status = response.get(\"status\", None)\n        if not status or status == ErrorCode.SUCCESS:\n            return\n        value = None\n        message = response.get(\"message\", \"\")\n        screen: str = response.get(\"screen\", \"\")\n        stacktrace = None\n        if isinstance(status, int):\n            value_json = response.get(\"value\", None)\n            if value_json and isinstance(value_json, str):\n                import json\n    \n                try:\n                    value = json.loads(value_json)\n                    if len(value) == 1:\n                        value = value[\"value\"]\n                    status = value.get(\"error\", None)\n                    if not status:\n                        status = value.get(\"status\", ErrorCode.UNKNOWN_ERROR)\n                        message = value.get(\"value\") or value.get(\"message\")\n                        if not isinstance(message, str):\n                            value = message\n                            message = message.get(\"message\")\n                    else:\n                        message = value.get(\"message\", None)\n                except ValueError:\n                    pass\n    \n        exception_class: Type[WebDriverException]\n        e = ErrorCode()\n        error_codes = [item for item in dir(e) if not item.startswith(\"__\")]\n        for error_code in error_codes:\n            error_info = getattr(ErrorCode, error_code)\n            if isinstance(error_info, list) and status in error_info:\n                exception_class = getattr(ExceptionMapping, error_code, WebDriverException)\n                break\n        else:\n            exception_class = WebDriverException\n    \n        if not value:\n            value = response[\"value\"]\n        if isinstance(value, str):\n            raise exception_class(value)\n        if message == \"\" and \"message\" in value:\n            message = value[\"message\"]\n    \n        screen = None  # type: ignore[assignment]\n        if \"screen\" in value:\n            screen = value[\"screen\"]\n    \n        stacktrace = None\n        st_value = value.get(\"stackTrace\") or value.get(\"stacktrace\")\n        if st_value:\n            if isinstance(st_value, str):\n                stacktrace = st_value.split(\"\\n\")\n            else:\n                stacktrace = []\n                try:\n                    for frame in st_value:\n                        line = frame.get(\"lineNumber\", \"\")\n                        file = frame.get(\"fileName\", \"<anonymous>\")\n                        if line:\n                            file = f\"{file}:{line}\"\n                        meth = frame.get(\"methodName\", \"<anonymous>\")\n                        if \"className\" in frame:\n                            meth = f\"{frame['className']}.{meth}\"\n                        msg = \"    at %s (%s)\"\n                        msg = msg % (meth, file)\n                        stacktrace.append(msg)\n                except TypeError:\n                    pass\n        if exception_class == UnexpectedAlertPresentException:\n            alert_text = None\n            if \"data\" in value:\n                alert_text = value[\"data\"].get(\"text\")\n            elif \"alert\" in value:\n                alert_text = value[\"alert\"].get(\"text\")\n            raise exception_class(message, screen, stacktrace, alert_text)  # type: ignore[call-arg]  # mypy is not smart enough here\n>       raise exception_class(message, screen, stacktrace)\nE       selenium.common.exceptions.NoSuchElementException: Message: no such element: Unable to locate element: {\"method\":\"xpath\",\"selector\":\"(//a[@class='add-to-cart yellow-btn'])[1]\"}\nE         (Session info: chrome-headless-shell=121.0.6167.184); For documentation on this error, please visit: https://www.selenium.dev/documentation/webdriver/troubleshooting/errors#no-such-element-exception\nE       Stacktrace:\nE       #0 0x55ab022e8303 <unknown>\nE       #1 0x55ab01fcd2b7 <unknown>\nE       #2 0x55ab02018cc0 <unknown>\nE       #3 0x55ab02018db1 <unknown>\nE       #4 0x55ab0205cb44 <unknown>\nE       #5 0x55ab0203b3ad <unknown>\nE       #6 0x55ab0205a07c <unknown>\nE       #7 0x55ab0203b123 <unknown>\nE       #8 0x55ab0200b095 <unknown>\nE       #9 0x55ab0200c09e <unknown>\nE       #10 0x55ab022ac6ab <unknown>\nE       #11 0x55ab022b04ba <unknown>\nE       #12 0x55ab02298f85 <unknown>\nE       #13 0x55ab022b112f <unknown>\nE       #14 0x55ab0227ce6f <unknown>\nE       #15 0x55ab022d55f8 <unknown>\nE       #16 0x55ab022d57c2 <unknown>\nE       #17 0x55ab022e74a4 <unknown>\nE       #18 0x7f4be255d134 <unknown>\n\n/usr/local/lib/python3.11/site-packages/selenium/webdriver/remote/errorhandler.py:229: NoSuchElementException","flaky":false,"newFailed":false,"newBroken":false,"newPassed":false,"retriesCount":0,"retriesStatusChange":false,"beforeStages":[{"name":"_session_faker","time":{"start":1708130804728,"stop":1708130804800,"duration":72},"status":"passed","steps":[],"attachments":[],"parameters":[],"shouldDisplayMessage":false,"stepsCount":0,"attachmentsCount":0,"hasContent":false,"attachmentStep":false},{"name":"clear_allure_results_folder","time":{"start":1708130804800,"stop":1708130804800,"duration":0},"status":"passed","steps":[],"attachments":[],"parameters":[],"shouldDisplayMessage":false,"stepsCount":0,"attachmentsCount":0,"hasContent":false,"attachmentStep":false},{"name":"driver","time":{"start":1708131036546,"stop":1708131037324,"duration":778},"status":"passed","steps":[],"attachments":[],"parameters":[],"shouldDisplayMessage":false,"stepsCount":0,"attachmentsCount":0,"hasContent":false,"attachmentStep":false},{"name":"setup","time":{"start":1708131037324,"stop":1708131037325,"duration":1},"status":"passed","steps":[],"attachments":[],"parameters":[],"shouldDisplayMessage":false,"stepsCount":0,"attachmentsCount":0,"hasContent":false,"attachmentStep":false}],"testStage":{"status":"skipped","statusMessage":"XFAIL\n\nselenium.common.exceptions.NoSuchElementException: Message: no such element: Unable to locate element: {\"method\":\"xpath\",\"selector\":\"(//a[@class='add-to-cart yellow-btn'])[1]\"}\n  (Session info: chrome-headless-shell=121.0.6167.184); For documentation on this error, please visit: https://www.selenium.dev/documentation/webdriver/troubleshooting/errors#no-such-element-exception\nStacktrace:\n#0 0x55ab022e8303 <unknown>\n#1 0x55ab01fcd2b7 <unknown>\n#2 0x55ab02018cc0 <unknown>\n#3 0x55ab02018db1 <unknown>\n#4 0x55ab0205cb44 <unknown>\n#5 0x55ab0203b3ad <unknown>\n#6 0x55ab0205a07c <unknown>\n#7 0x55ab0203b123 <unknown>\n#8 0x55ab0200b095 <unknown>\n#9 0x55ab0200c09e <unknown>\n#10 0x55ab022ac6ab <unknown>\n#11 0x55ab022b04ba <unknown>\n#12 0x55ab02298f85 <unknown>\n#13 0x55ab022b112f <unknown>\n#14 0x55ab0227ce6f <unknown>\n#15 0x55ab022d55f8 <unknown>\n#16 0x55ab022d57c2 <unknown>\n#17 0x55ab022e74a4 <unknown>\n#18 0x7f4be255d134 <unknown>","statusTrace":"self = <tests.delivery.test_delivery_calculation.TestDeliveryPageCalculation object at 0x7fc1500e3cd0>\ndriver = <selenium.webdriver.chrome.webdriver.WebDriver (session=\"13f8999d5ca5ec79f40383390aeab592\")>\nurl = 'https://sandboxtest.stroyrem-nn.ru/', case_id = 'TD 019'\nlink_item = 'products/shtukaturka-gipsovaya-aksolit-m50-30-kg-mashinnogo-naneseniya'\namount = 25, weight = 1700, standard = 1150, in_time = 2490, all_time = 3320\n\n    @pytest.mark.parametrize('case_id, link_item, amount, weight, standard, in_time, all_time', [\n        (\"TD 015\", bundeks_25, 1, 30, 650, 2390, 3320),\n        pytest.param(\n            \"TD 016\", aksolit_30, 8, 300, 650, 2390, 3320,\n            marks=pytest.mark.xfail(reson=\"Цена доставки: - - -\")\n        ),\n        (\"TD 017\", aksolit_30, 13, 400, 650, 2390, 3320),\n        (\"TD 018\", aksolit_30, 16, 500, 850, 2490, 3320),\n        (\"TD 019\", aksolit_30, 25, 1700, 1150, 2490, 3320),\n        (\"TD 020\", aksolit_30, 66, 2000, 1500, 2990, 3650),\n        (\"TD 021\", aksolit_30, 149, 4500, 2600, 4380, 4890),\n        (\"TD 022\", aksolit_30, 166, 5000, 2800, 5490, 5980),\n        pytest.param(\n            \"TD 023\", aksolit_30, 206, 6200, 3300, 7500, 8000,\n            marks=pytest.mark.xfail(reson=\"Цена доставки: 4300 9900 11440\")\n        ),\n        (\"TD 024\", aksolit_30, 299, 9000, 4300, 9900, 11440),\n        (\"TD 025\", aksolit_30, 333, 10000, 7000, 13900, 15900),\n        pytest.param(\n            \"TD 026\", aksolit_30, 366, 11000, 8000, 14900, 19900,\n            marks=pytest.mark.xfail(reson=\"Цена доставки: 7000 13900 15900\")\n        ),\n        pytest.param(\n            \"TD 027\", aksolit_30, 666, 20000, 14000, 16900, 23900,\n            marks=pytest.mark.xfail(reson=\"Цена доставки: 7000 13900 15900\")\n        )\n    ])\n    @pytest.mark.xfail\n    @pytest.mark.smoke_test\n    def test_positive_delivery_blue_zone_smoke(\n            self, driver, url, case_id, link_item, amount, weight, standard, in_time, all_time\n    ):\n        allure.dynamic.title(f\"{case_id} Доставка товара весом до {weight}кг. в синей зоне\")\n    \n        driver.get(f'{url}{link_item}')\n        item_page = ItemPage(driver)\n>       item_page.add_item_to_cart(amount).click_on_cart()\n\ntests/delivery/test_delivery_calculation.py:132: \n_ _ _ _ _ _ _ _ _ _ _ _ _ _ _ _ _ _ _ _ _ _ _ _ _ _ _ _ _ _ _ _ _ _ _ _ _ _ _ _ \npages/item_page.py:40: in add_item_to_cart\n    self.find_element(self._add_item).click()\nbase/seleniumbase.py:17: in find_element\n    return self.driver.find_element(*locator)\n/usr/local/lib/python3.11/site-packages/selenium/webdriver/remote/webdriver.py:739: in find_element\n    return self.execute(Command.FIND_ELEMENT, {\"using\": by, \"value\": value})[\"value\"]\n/usr/local/lib/python3.11/site-packages/selenium/webdriver/remote/webdriver.py:345: in execute\n    self.error_handler.check_response(response)\n_ _ _ _ _ _ _ _ _ _ _ _ _ _ _ _ _ _ _ _ _ _ _ _ _ _ _ _ _ _ _ _ _ _ _ _ _ _ _ _ \n\nself = <selenium.webdriver.remote.errorhandler.ErrorHandler object at 0x7fc14fe0b890>\nresponse = {'status': 404, 'value': '{\"value\":{\"error\":\"no such element\",\"message\":\"no such element: Unable to locate element: {\\...\\\\n#16 0x55ab022d57c2 \\\\u003Cunknown>\\\\n#17 0x55ab022e74a4 \\\\u003Cunknown>\\\\n#18 0x7f4be255d134 \\\\u003Cunknown>\\\\n\"}}'}\n\n    def check_response(self, response: Dict[str, Any]) -> None:\n        \"\"\"Checks that a JSON response from the WebDriver does not have an\n        error.\n    \n        :Args:\n         - response - The JSON response from the WebDriver server as a dictionary\n           object.\n    \n        :Raises: If the response contains an error message.\n        \"\"\"\n        status = response.get(\"status\", None)\n        if not status or status == ErrorCode.SUCCESS:\n            return\n        value = None\n        message = response.get(\"message\", \"\")\n        screen: str = response.get(\"screen\", \"\")\n        stacktrace = None\n        if isinstance(status, int):\n            value_json = response.get(\"value\", None)\n            if value_json and isinstance(value_json, str):\n                import json\n    \n                try:\n                    value = json.loads(value_json)\n                    if len(value) == 1:\n                        value = value[\"value\"]\n                    status = value.get(\"error\", None)\n                    if not status:\n                        status = value.get(\"status\", ErrorCode.UNKNOWN_ERROR)\n                        message = value.get(\"value\") or value.get(\"message\")\n                        if not isinstance(message, str):\n                            value = message\n                            message = message.get(\"message\")\n                    else:\n                        message = value.get(\"message\", None)\n                except ValueError:\n                    pass\n    \n        exception_class: Type[WebDriverException]\n        e = ErrorCode()\n        error_codes = [item for item in dir(e) if not item.startswith(\"__\")]\n        for error_code in error_codes:\n            error_info = getattr(ErrorCode, error_code)\n            if isinstance(error_info, list) and status in error_info:\n                exception_class = getattr(ExceptionMapping, error_code, WebDriverException)\n                break\n        else:\n            exception_class = WebDriverException\n    \n        if not value:\n            value = response[\"value\"]\n        if isinstance(value, str):\n            raise exception_class(value)\n        if message == \"\" and \"message\" in value:\n            message = value[\"message\"]\n    \n        screen = None  # type: ignore[assignment]\n        if \"screen\" in value:\n            screen = value[\"screen\"]\n    \n        stacktrace = None\n        st_value = value.get(\"stackTrace\") or value.get(\"stacktrace\")\n        if st_value:\n            if isinstance(st_value, str):\n                stacktrace = st_value.split(\"\\n\")\n            else:\n                stacktrace = []\n                try:\n                    for frame in st_value:\n                        line = frame.get(\"lineNumber\", \"\")\n                        file = frame.get(\"fileName\", \"<anonymous>\")\n                        if line:\n                            file = f\"{file}:{line}\"\n                        meth = frame.get(\"methodName\", \"<anonymous>\")\n                        if \"className\" in frame:\n                            meth = f\"{frame['className']}.{meth}\"\n                        msg = \"    at %s (%s)\"\n                        msg = msg % (meth, file)\n                        stacktrace.append(msg)\n                except TypeError:\n                    pass\n        if exception_class == UnexpectedAlertPresentException:\n            alert_text = None\n            if \"data\" in value:\n                alert_text = value[\"data\"].get(\"text\")\n            elif \"alert\" in value:\n                alert_text = value[\"alert\"].get(\"text\")\n            raise exception_class(message, screen, stacktrace, alert_text)  # type: ignore[call-arg]  # mypy is not smart enough here\n>       raise exception_class(message, screen, stacktrace)\nE       selenium.common.exceptions.NoSuchElementException: Message: no such element: Unable to locate element: {\"method\":\"xpath\",\"selector\":\"(//a[@class='add-to-cart yellow-btn'])[1]\"}\nE         (Session info: chrome-headless-shell=121.0.6167.184); For documentation on this error, please visit: https://www.selenium.dev/documentation/webdriver/troubleshooting/errors#no-such-element-exception\nE       Stacktrace:\nE       #0 0x55ab022e8303 <unknown>\nE       #1 0x55ab01fcd2b7 <unknown>\nE       #2 0x55ab02018cc0 <unknown>\nE       #3 0x55ab02018db1 <unknown>\nE       #4 0x55ab0205cb44 <unknown>\nE       #5 0x55ab0203b3ad <unknown>\nE       #6 0x55ab0205a07c <unknown>\nE       #7 0x55ab0203b123 <unknown>\nE       #8 0x55ab0200b095 <unknown>\nE       #9 0x55ab0200c09e <unknown>\nE       #10 0x55ab022ac6ab <unknown>\nE       #11 0x55ab022b04ba <unknown>\nE       #12 0x55ab02298f85 <unknown>\nE       #13 0x55ab022b112f <unknown>\nE       #14 0x55ab0227ce6f <unknown>\nE       #15 0x55ab022d55f8 <unknown>\nE       #16 0x55ab022d57c2 <unknown>\nE       #17 0x55ab022e74a4 <unknown>\nE       #18 0x7f4be255d134 <unknown>\n\n/usr/local/lib/python3.11/site-packages/selenium/webdriver/remote/errorhandler.py:229: NoSuchElementException","steps":[{"name":"Добавляем товар в корзину в количестве 25","time":{"start":1708131037846,"stop":1708131037858,"duration":12},"status":"broken","statusMessage":"selenium.common.exceptions.NoSuchElementException: Message: no such element: Unable to locate element: {\"method\":\"xpath\",\"selector\":\"(//a[@class='add-to-cart yellow-btn'])[1]\"}\n  (Session info: chrome-headless-shell=121.0.6167.184); For documentation on this error, please visit: https://www.selenium.dev/documentation/webdriver/troubleshooting/errors#no-such-element-exception\nStacktrace:\n#0 0x55ab022e8303 <unknown>\n#1 0x55ab01fcd2b7 <unknown>\n#2 0x55ab02018cc0 <unknown>\n#3 0x55ab02018db1 <unknown>\n#4 0x55ab0205cb44 <unknown>\n#5 0x55ab0203b3ad <unknown>\n#6 0x55ab0205a07c <unknown>\n#7 0x55ab0203b123 <unknown>\n#8 0x55ab0200b095 <unknown>\n#9 0x55ab0200c09e <unknown>\n#10 0x55ab022ac6ab <unknown>\n#11 0x55ab022b04ba <unknown>\n#12 0x55ab02298f85 <unknown>\n#13 0x55ab022b112f <unknown>\n#14 0x55ab0227ce6f <unknown>\n#15 0x55ab022d55f8 <unknown>\n#16 0x55ab022d57c2 <unknown>\n#17 0x55ab022e74a4 <unknown>\n#18 0x7f4be255d134 <unknown>\n\n","statusTrace":"  File \"/usr/local/lib/python3.11/site-packages/allure_commons/_allure.py\", line 192, in impl\n    return func(*a, **kw)\n           ^^^^^^^^^^^^^^\n  File \"/app/pages/item_page.py\", line 40, in add_item_to_cart\n    self.find_element(self._add_item).click()\n    ^^^^^^^^^^^^^^^^^^^^^^^^^^^^^^^^^\n  File \"/app/base/seleniumbase.py\", line 17, in find_element\n    return self.driver.find_element(*locator)\n           ^^^^^^^^^^^^^^^^^^^^^^^^^^^^^^^^^^\n  File \"/usr/local/lib/python3.11/site-packages/selenium/webdriver/remote/webdriver.py\", line 739, in find_element\n    return self.execute(Command.FIND_ELEMENT, {\"using\": by, \"value\": value})[\"value\"]\n           ^^^^^^^^^^^^^^^^^^^^^^^^^^^^^^^^^^^^^^^^^^^^^^^^^^^^^^^^^^^^^^^^^\n  File \"/usr/local/lib/python3.11/site-packages/selenium/webdriver/remote/webdriver.py\", line 345, in execute\n    self.error_handler.check_response(response)\n  File \"/usr/local/lib/python3.11/site-packages/selenium/webdriver/remote/errorhandler.py\", line 229, in check_response\n    raise exception_class(message, screen, stacktrace)\n","steps":[],"attachments":[],"parameters":[{"name":"amount","value":"25"}],"shouldDisplayMessage":true,"stepsCount":0,"attachmentsCount":0,"hasContent":true,"attachmentStep":false}],"attachments":[{"uid":"1e5d33885a9a2c6b","name":"Screenshot","source":"1e5d33885a9a2c6b.png","type":"image/png","size":5862},{"uid":"b9c3baf373556a80","name":"HTML source","source":"b9c3baf373556a80.html","type":"text/html","size":39}],"parameters":[],"shouldDisplayMessage":true,"stepsCount":1,"attachmentsCount":2,"hasContent":true,"attachmentStep":false},"afterStages":[{"name":"setup::0","time":{"start":1708131037955,"stop":1708131037955,"duration":0},"status":"passed","steps":[],"attachments":[],"parameters":[],"shouldDisplayMessage":false,"stepsCount":0,"attachmentsCount":0,"hasContent":false,"attachmentStep":false},{"name":"driver::0","time":{"start":1708131037955,"stop":1708131038012,"duration":57},"status":"passed","steps":[],"attachments":[],"parameters":[],"shouldDisplayMessage":false,"stepsCount":0,"attachmentsCount":0,"hasContent":false,"attachmentStep":false}],"labels":[{"name":"epic","value":"Delivery Page - calculation"},{"name":"tag","value":"smoke_test"},{"name":"tag","value":"@pytest.mark.xfail"},{"name":"parentSuite","value":"tests.delivery"},{"name":"suite","value":"test_delivery_calculation"},{"name":"subSuite","value":"TestDeliveryPageCalculation"},{"name":"host","value":"19a2b4a98de9"},{"name":"thread","value":"1-MainThread"},{"name":"framework","value":"pytest"},{"name":"language","value":"cpython3"},{"name":"package","value":"tests.delivery.test_delivery_calculation"},{"name":"resultFormat","value":"allure2"}],"parameters":[{"name":"all_time","value":"3320"},{"name":"amount","value":"25"},{"name":"case_id","value":"'TD 019'"},{"name":"in_time","value":"2490"},{"name":"link_item","value":"'products/shtukaturka-gipsovaya-aksolit-m50-30-kg-mashinnogo-naneseniya'"},{"name":"standard","value":"1150"},{"name":"url","value":"'https://sandboxtest.stroyrem-nn.ru/'"},{"name":"weight","value":"1700"}],"links":[],"hidden":false,"retry":false,"extra":{"severity":"normal","retries":[],"categories":[],"history":{"statistic":{"failed":0,"broken":13,"skipped":159,"passed":0,"unknown":0,"total":172},"items":[{"uid":"5b3fd6064169f689","reportUrl":"https://Nat754.github.io/StroyremAutomation/219//#testresult/5b3fd6064169f689","status":"skipped","statusDetails":"XFAIL\n\nselenium.common.exceptions.NoSuchElementException: Message: no such element: Unable to locate element: {\"method\":\"xpath\",\"selector\":\"(//a[@class='add-to-cart yellow-btn'])[1]\"}\n  (Session info: chrome-headless-shell=121.0.6167.85); For documentation on this error, please visit: https://www.selenium.dev/documentation/webdriver/troubleshooting/errors#no-such-element-exception\nStacktrace:\n#0 0x5589b3a37d93 <unknown>\n#1 0x5589b371b337 <unknown>\n#2 0x5589b3766d60 <unknown>\n#3 0x5589b3766e51 <unknown>\n#4 0x5589b37aabc4 <unknown>\n#5 0x5589b378946d <unknown>\n#6 0x5589b37a812d <unknown>\n#7 0x5589b37891e3 <unknown>\n#8 0x5589b3759135 <unknown>\n#9 0x5589b375a13e <unknown>\n#10 0x5589b39fbe4b <unknown>\n#11 0x5589b39ffdfa <unknown>\n#12 0x5589b39e86d5 <unknown>\n#13 0x5589b3a00a6f <unknown>\n#14 0x5589b39cc69f <unknown>\n#15 0x5589b3a25098 <unknown>\n#16 0x5589b3a25262 <unknown>\n#17 0x5589b3a36f34 <unknown>\n#18 0x7f946d571134 <unknown>","time":{"start":1708044735293,"stop":1708044735920,"duration":627}},{"uid":"25d3071baada16a8","reportUrl":"https://Nat754.github.io/StroyremAutomation/218//#testresult/25d3071baada16a8","status":"skipped","statusDetails":"XFAIL\n\nselenium.common.exceptions.NoSuchElementException: Message: no such element: Unable to locate element: {\"method\":\"xpath\",\"selector\":\"(//a[@class='add-to-cart yellow-btn'])[1]\"}\n  (Session info: chrome-headless-shell=121.0.6167.85); For documentation on this error, please visit: https://www.selenium.dev/documentation/webdriver/troubleshooting/errors#no-such-element-exception\nStacktrace:\n#0 0x55fedd83bd93 <unknown>\n#1 0x55fedd51f337 <unknown>\n#2 0x55fedd56ad60 <unknown>\n#3 0x55fedd56ae51 <unknown>\n#4 0x55fedd5aebc4 <unknown>\n#5 0x55fedd58d46d <unknown>\n#6 0x55fedd5ac12d <unknown>\n#7 0x55fedd58d1e3 <unknown>\n#8 0x55fedd55d135 <unknown>\n#9 0x55fedd55e13e <unknown>\n#10 0x55fedd7ffe4b <unknown>\n#11 0x55fedd803dfa <unknown>\n#12 0x55fedd7ec6d5 <unknown>\n#13 0x55fedd804a6f <unknown>\n#14 0x55fedd7d069f <unknown>\n#15 0x55fedd829098 <unknown>\n#16 0x55fedd829262 <unknown>\n#17 0x55fedd83af34 <unknown>\n#18 0x7fb3ceb64134 <unknown>","time":{"start":1707958346123,"stop":1707958346744,"duration":621}},{"uid":"e7f9598fb3783034","reportUrl":"https://Nat754.github.io/StroyremAutomation/217//#testresult/e7f9598fb3783034","status":"skipped","statusDetails":"XFAIL\n\nselenium.common.exceptions.NoSuchElementException: Message: no such element: Unable to locate element: {\"method\":\"xpath\",\"selector\":\"(//a[@class='add-to-cart yellow-btn'])[1]\"}\n  (Session info: chrome-headless-shell=121.0.6167.85); For documentation on this error, please visit: https://www.selenium.dev/documentation/webdriver/troubleshooting/errors#no-such-element-exception\nStacktrace:\n#0 0x55b454926d93 <unknown>\n#1 0x55b45460a337 <unknown>\n#2 0x55b454655d60 <unknown>\n#3 0x55b454655e51 <unknown>\n#4 0x55b454699bc4 <unknown>\n#5 0x55b45467846d <unknown>\n#6 0x55b45469712d <unknown>\n#7 0x55b4546781e3 <unknown>\n#8 0x55b454648135 <unknown>\n#9 0x55b45464913e <unknown>\n#10 0x55b4548eae4b <unknown>\n#11 0x55b4548eedfa <unknown>\n#12 0x55b4548d76d5 <unknown>\n#13 0x55b4548efa6f <unknown>\n#14 0x55b4548bb69f <unknown>\n#15 0x55b454914098 <unknown>\n#16 0x55b454914262 <unknown>\n#17 0x55b454925f34 <unknown>\n#18 0x7efeaed22134 <unknown>","time":{"start":1707872029310,"stop":1707872029714,"duration":404}},{"uid":"a991e8adfaf53370","reportUrl":"https://Nat754.github.io/StroyremAutomation/216//#testresult/a991e8adfaf53370","status":"skipped","statusDetails":"XFAIL\n\nselenium.common.exceptions.NoSuchElementException: Message: no such element: Unable to locate element: {\"method\":\"xpath\",\"selector\":\"(//a[@class='add-to-cart yellow-btn'])[1]\"}\n  (Session info: chrome-headless-shell=121.0.6167.85); For documentation on this error, please visit: https://www.selenium.dev/documentation/webdriver/troubleshooting/errors#no-such-element-exception\nStacktrace:\n#0 0x560a36ef7d93 <unknown>\n#1 0x560a36bdb337 <unknown>\n#2 0x560a36c26d60 <unknown>\n#3 0x560a36c26e51 <unknown>\n#4 0x560a36c6abc4 <unknown>\n#5 0x560a36c4946d <unknown>\n#6 0x560a36c6812d <unknown>\n#7 0x560a36c491e3 <unknown>\n#8 0x560a36c19135 <unknown>\n#9 0x560a36c1a13e <unknown>\n#10 0x560a36ebbe4b <unknown>\n#11 0x560a36ebfdfa <unknown>\n#12 0x560a36ea86d5 <unknown>\n#13 0x560a36ec0a6f <unknown>\n#14 0x560a36e8c69f <unknown>\n#15 0x560a36ee5098 <unknown>\n#16 0x560a36ee5262 <unknown>\n#17 0x560a36ef6f34 <unknown>\n#18 0x7f99a4bee134 <unknown>","time":{"start":1707785637215,"stop":1707785637659,"duration":444}},{"uid":"127891f535795655","reportUrl":"https://Nat754.github.io/StroyremAutomation/215//#testresult/127891f535795655","status":"skipped","statusDetails":"XFAIL\n\nselenium.common.exceptions.NoSuchElementException: Message: no such element: Unable to locate element: {\"method\":\"xpath\",\"selector\":\"(//a[@class='add-to-cart yellow-btn'])[1]\"}\n  (Session info: chrome-headless-shell=121.0.6167.85); For documentation on this error, please visit: https://www.selenium.dev/documentation/webdriver/troubleshooting/errors#no-such-element-exception\nStacktrace:\n#0 0x56067607dd93 <unknown>\n#1 0x560675d61337 <unknown>\n#2 0x560675dacd60 <unknown>\n#3 0x560675dace51 <unknown>\n#4 0x560675df0bc4 <unknown>\n#5 0x560675dcf46d <unknown>\n#6 0x560675dee12d <unknown>\n#7 0x560675dcf1e3 <unknown>\n#8 0x560675d9f135 <unknown>\n#9 0x560675da013e <unknown>\n#10 0x560676041e4b <unknown>\n#11 0x560676045dfa <unknown>\n#12 0x56067602e6d5 <unknown>\n#13 0x560676046a6f <unknown>\n#14 0x56067601269f <unknown>\n#15 0x56067606b098 <unknown>\n#16 0x56067606b262 <unknown>\n#17 0x56067607cf34 <unknown>\n#18 0x7f284f4ff134 <unknown>","time":{"start":1707699176033,"stop":1707699176327,"duration":294}},{"uid":"9afc471df3aab770","reportUrl":"https://Nat754.github.io/StroyremAutomation/214//#testresult/9afc471df3aab770","status":"skipped","statusDetails":"XFAIL\n\nselenium.common.exceptions.NoSuchElementException: Message: no such element: Unable to locate element: {\"method\":\"xpath\",\"selector\":\"(//a[@class='add-to-cart yellow-btn'])[1]\"}\n  (Session info: chrome-headless-shell=121.0.6167.85); For documentation on this error, please visit: https://www.selenium.dev/documentation/webdriver/troubleshooting/errors#no-such-element-exception\nStacktrace:\n#0 0x556052401d93 <unknown>\n#1 0x5560520e5337 <unknown>\n#2 0x556052130d60 <unknown>\n#3 0x556052130e51 <unknown>\n#4 0x556052174bc4 <unknown>\n#5 0x55605215346d <unknown>\n#6 0x55605217212d <unknown>\n#7 0x5560521531e3 <unknown>\n#8 0x556052123135 <unknown>\n#9 0x55605212413e <unknown>\n#10 0x5560523c5e4b <unknown>\n#11 0x5560523c9dfa <unknown>\n#12 0x5560523b26d5 <unknown>\n#13 0x5560523caa6f <unknown>\n#14 0x55605239669f <unknown>\n#15 0x5560523ef098 <unknown>\n#16 0x5560523ef262 <unknown>\n#17 0x556052400f34 <unknown>\n#18 0x7fe4afe5f134 <unknown>","time":{"start":1707613025237,"stop":1707613025569,"duration":332}},{"uid":"1493d81a2c4a0c03","reportUrl":"https://Nat754.github.io/StroyremAutomation/213//#testresult/1493d81a2c4a0c03","status":"skipped","statusDetails":"XFAIL\n\nselenium.common.exceptions.NoSuchElementException: Message: no such element: Unable to locate element: {\"method\":\"xpath\",\"selector\":\"(//a[@class='add-to-cart yellow-btn'])[1]\"}\n  (Session info: chrome-headless-shell=121.0.6167.85); For documentation on this error, please visit: https://www.selenium.dev/documentation/webdriver/troubleshooting/errors#no-such-element-exception\nStacktrace:\n#0 0x5624e007dd93 <unknown>\n#1 0x5624dfd61337 <unknown>\n#2 0x5624dfdacd60 <unknown>\n#3 0x5624dfdace51 <unknown>\n#4 0x5624dfdf0bc4 <unknown>\n#5 0x5624dfdcf46d <unknown>\n#6 0x5624dfdee12d <unknown>\n#7 0x5624dfdcf1e3 <unknown>\n#8 0x5624dfd9f135 <unknown>\n#9 0x5624dfda013e <unknown>\n#10 0x5624e0041e4b <unknown>\n#11 0x5624e0045dfa <unknown>\n#12 0x5624e002e6d5 <unknown>\n#13 0x5624e0046a6f <unknown>\n#14 0x5624e001269f <unknown>\n#15 0x5624e006b098 <unknown>\n#16 0x5624e006b262 <unknown>\n#17 0x5624e007cf34 <unknown>\n#18 0x7f9672b3d134 <unknown>","time":{"start":1707526259811,"stop":1707526260222,"duration":411}},{"uid":"64a42b288543e098","reportUrl":"https://Nat754.github.io/StroyremAutomation/212//#testresult/64a42b288543e098","status":"skipped","statusDetails":"XFAIL\n\nselenium.common.exceptions.NoSuchElementException: Message: no such element: Unable to locate element: {\"method\":\"xpath\",\"selector\":\"(//a[@class='add-to-cart yellow-btn'])[1]\"}\n  (Session info: chrome-headless-shell=121.0.6167.85); For documentation on this error, please visit: https://www.selenium.dev/documentation/webdriver/troubleshooting/errors#no-such-element-exception\nStacktrace:\n#0 0x55c273d6bd93 <unknown>\n#1 0x55c273a4f337 <unknown>\n#2 0x55c273a9ad60 <unknown>\n#3 0x55c273a9ae51 <unknown>\n#4 0x55c273adebc4 <unknown>\n#5 0x55c273abd46d <unknown>\n#6 0x55c273adc12d <unknown>\n#7 0x55c273abd1e3 <unknown>\n#8 0x55c273a8d135 <unknown>\n#9 0x55c273a8e13e <unknown>\n#10 0x55c273d2fe4b <unknown>\n#11 0x55c273d33dfa <unknown>\n#12 0x55c273d1c6d5 <unknown>\n#13 0x55c273d34a6f <unknown>\n#14 0x55c273d0069f <unknown>\n#15 0x55c273d59098 <unknown>\n#16 0x55c273d59262 <unknown>\n#17 0x55c273d6af34 <unknown>\n#18 0x7f165bd68134 <unknown>","time":{"start":1707439873786,"stop":1707439874118,"duration":332}},{"uid":"d0b5be65191f9efb","reportUrl":"https://Nat754.github.io/StroyremAutomation/211//#testresult/d0b5be65191f9efb","status":"skipped","statusDetails":"XFAIL\n\nselenium.common.exceptions.NoSuchElementException: Message: no such element: Unable to locate element: {\"method\":\"xpath\",\"selector\":\"(//a[@class='add-to-cart yellow-btn'])[1]\"}\n  (Session info: chrome-headless-shell=121.0.6167.85); For documentation on this error, please visit: https://www.selenium.dev/documentation/webdriver/troubleshooting/errors#no-such-element-exception\nStacktrace:\n#0 0x558b46bf8d93 <unknown>\n#1 0x558b468dc337 <unknown>\n#2 0x558b46927d60 <unknown>\n#3 0x558b46927e51 <unknown>\n#4 0x558b4696bbc4 <unknown>\n#5 0x558b4694a46d <unknown>\n#6 0x558b4696912d <unknown>\n#7 0x558b4694a1e3 <unknown>\n#8 0x558b4691a135 <unknown>\n#9 0x558b4691b13e <unknown>\n#10 0x558b46bbce4b <unknown>\n#11 0x558b46bc0dfa <unknown>\n#12 0x558b46ba96d5 <unknown>\n#13 0x558b46bc1a6f <unknown>\n#14 0x558b46b8d69f <unknown>\n#15 0x558b46be6098 <unknown>\n#16 0x558b46be6262 <unknown>\n#17 0x558b46bf7f34 <unknown>\n#18 0x7f070b27c134 <unknown>","time":{"start":1707353492947,"stop":1707353493281,"duration":334}},{"uid":"a07b23f0ec80da63","reportUrl":"https://Nat754.github.io/StroyremAutomation/210//#testresult/a07b23f0ec80da63","status":"skipped","statusDetails":"XFAIL\n\nselenium.common.exceptions.NoSuchElementException: Message: no such element: Unable to locate element: {\"method\":\"xpath\",\"selector\":\"(//a[@class='add-to-cart yellow-btn'])[1]\"}\n  (Session info: chrome-headless-shell=121.0.6167.85); For documentation on this error, please visit: https://www.selenium.dev/documentation/webdriver/troubleshooting/errors#no-such-element-exception\nStacktrace:\n#0 0x56027a0d6d93 <unknown>\n#1 0x560279dba337 <unknown>\n#2 0x560279e05d60 <unknown>\n#3 0x560279e05e51 <unknown>\n#4 0x560279e49bc4 <unknown>\n#5 0x560279e2846d <unknown>\n#6 0x560279e4712d <unknown>\n#7 0x560279e281e3 <unknown>\n#8 0x560279df8135 <unknown>\n#9 0x560279df913e <unknown>\n#10 0x56027a09ae4b <unknown>\n#11 0x56027a09edfa <unknown>\n#12 0x56027a0876d5 <unknown>\n#13 0x56027a09fa6f <unknown>\n#14 0x56027a06b69f <unknown>\n#15 0x56027a0c4098 <unknown>\n#16 0x56027a0c4262 <unknown>\n#17 0x56027a0d5f34 <unknown>\n#18 0x7f89d9809134 <unknown>","time":{"start":1707267024930,"stop":1707267025269,"duration":339}},{"uid":"8e044a57699e8909","reportUrl":"https://Nat754.github.io/StroyremAutomation/209//#testresult/8e044a57699e8909","status":"skipped","statusDetails":"XFAIL\n\nselenium.common.exceptions.NoSuchElementException: Message: no such element: Unable to locate element: {\"method\":\"xpath\",\"selector\":\"(//a[@class='add-to-cart yellow-btn'])[1]\"}\n  (Session info: chrome-headless-shell=121.0.6167.85); For documentation on this error, please visit: https://www.selenium.dev/documentation/webdriver/troubleshooting/errors#no-such-element-exception\nStacktrace:\n#0 0x5572e79e5d93 <unknown>\n#1 0x5572e76c9337 <unknown>\n#2 0x5572e7714d60 <unknown>\n#3 0x5572e7714e51 <unknown>\n#4 0x5572e7758bc4 <unknown>\n#5 0x5572e773746d <unknown>\n#6 0x5572e775612d <unknown>\n#7 0x5572e77371e3 <unknown>\n#8 0x5572e7707135 <unknown>\n#9 0x5572e770813e <unknown>\n#10 0x5572e79a9e4b <unknown>\n#11 0x5572e79addfa <unknown>\n#12 0x5572e79966d5 <unknown>\n#13 0x5572e79aea6f <unknown>\n#14 0x5572e797a69f <unknown>\n#15 0x5572e79d3098 <unknown>\n#16 0x5572e79d3262 <unknown>\n#17 0x5572e79e4f34 <unknown>\n#18 0x7ff5102c9134 <unknown>","time":{"start":1707180738574,"stop":1707180738977,"duration":403}},{"uid":"f23f48aa551961db","reportUrl":"https://Nat754.github.io/StroyremAutomation/208//#testresult/f23f48aa551961db","status":"skipped","statusDetails":"XFAIL\n\nselenium.common.exceptions.NoSuchElementException: Message: no such element: Unable to locate element: {\"method\":\"xpath\",\"selector\":\"(//a[@class='add-to-cart yellow-btn'])[1]\"}\n  (Session info: chrome-headless-shell=121.0.6167.85); For documentation on this error, please visit: https://www.selenium.dev/documentation/webdriver/troubleshooting/errors#no-such-element-exception\nStacktrace:\n#0 0x55c359314d93 <unknown>\n#1 0x55c358ff8337 <unknown>\n#2 0x55c359043d60 <unknown>\n#3 0x55c359043e51 <unknown>\n#4 0x55c359087bc4 <unknown>\n#5 0x55c35906646d <unknown>\n#6 0x55c35908512d <unknown>\n#7 0x55c3590661e3 <unknown>\n#8 0x55c359036135 <unknown>\n#9 0x55c35903713e <unknown>\n#10 0x55c3592d8e4b <unknown>\n#11 0x55c3592dcdfa <unknown>\n#12 0x55c3592c56d5 <unknown>\n#13 0x55c3592dda6f <unknown>\n#14 0x55c3592a969f <unknown>\n#15 0x55c359302098 <unknown>\n#16 0x55c359302262 <unknown>\n#17 0x55c359313f34 <unknown>\n#18 0x7fd93c3e4134 <unknown>","time":{"start":1707094501967,"stop":1707094502633,"duration":666}},{"uid":"b7dc39bb9f117c5","reportUrl":"https://Nat754.github.io/StroyremAutomation/207//#testresult/b7dc39bb9f117c5","status":"skipped","statusDetails":"XFAIL\n\nselenium.common.exceptions.NoSuchElementException: Message: no such element: Unable to locate element: {\"method\":\"xpath\",\"selector\":\"(//a[@class='add-to-cart yellow-btn'])[1]\"}\n  (Session info: chrome-headless-shell=121.0.6167.85); For documentation on this error, please visit: https://www.selenium.dev/documentation/webdriver/troubleshooting/errors#no-such-element-exception\nStacktrace:\n#0 0x5564a2290d93 <unknown>\n#1 0x5564a1f74337 <unknown>\n#2 0x5564a1fbfd60 <unknown>\n#3 0x5564a1fbfe51 <unknown>\n#4 0x5564a2003bc4 <unknown>\n#5 0x5564a1fe246d <unknown>\n#6 0x5564a200112d <unknown>\n#7 0x5564a1fe21e3 <unknown>\n#8 0x5564a1fb2135 <unknown>\n#9 0x5564a1fb313e <unknown>\n#10 0x5564a2254e4b <unknown>\n#11 0x5564a2258dfa <unknown>\n#12 0x5564a22416d5 <unknown>\n#13 0x5564a2259a6f <unknown>\n#14 0x5564a222569f <unknown>\n#15 0x5564a227e098 <unknown>\n#16 0x5564a227e262 <unknown>\n#17 0x5564a228ff34 <unknown>\n#18 0x7f1a3b5d2134 <unknown>","time":{"start":1707008215151,"stop":1707008215478,"duration":327}},{"uid":"7fb5f9ab26d8300c","reportUrl":"https://Nat754.github.io/StroyremAutomation/206//#testresult/7fb5f9ab26d8300c","status":"skipped","statusDetails":"XFAIL\n\nselenium.common.exceptions.NoSuchElementException: Message: no such element: Unable to locate element: {\"method\":\"xpath\",\"selector\":\"(//a[@class='add-to-cart yellow-btn'])[1]\"}\n  (Session info: chrome-headless-shell=121.0.6167.85); For documentation on this error, please visit: https://www.selenium.dev/documentation/webdriver/troubleshooting/errors#no-such-element-exception\nStacktrace:\n#0 0x561cd7cfdd93 <unknown>\n#1 0x561cd79e1337 <unknown>\n#2 0x561cd7a2cd60 <unknown>\n#3 0x561cd7a2ce51 <unknown>\n#4 0x561cd7a70bc4 <unknown>\n#5 0x561cd7a4f46d <unknown>\n#6 0x561cd7a6e12d <unknown>\n#7 0x561cd7a4f1e3 <unknown>\n#8 0x561cd7a1f135 <unknown>\n#9 0x561cd7a2013e <unknown>\n#10 0x561cd7cc1e4b <unknown>\n#11 0x561cd7cc5dfa <unknown>\n#12 0x561cd7cae6d5 <unknown>\n#13 0x561cd7cc6a6f <unknown>\n#14 0x561cd7c9269f <unknown>\n#15 0x561cd7ceb098 <unknown>\n#16 0x561cd7ceb262 <unknown>\n#17 0x561cd7cfcf34 <unknown>\n#18 0x7fab3a1f0134 <unknown>","time":{"start":1706921524225,"stop":1706921524662,"duration":437}},{"uid":"3f4c9baf1fc48448","reportUrl":"https://Nat754.github.io/StroyremAutomation/205//#testresult/3f4c9baf1fc48448","status":"skipped","statusDetails":"XFAIL\n\nselenium.common.exceptions.NoSuchElementException: Message: no such element: Unable to locate element: {\"method\":\"xpath\",\"selector\":\"(//a[@class='add-to-cart yellow-btn'])[1]\"}\n  (Session info: chrome-headless-shell=121.0.6167.85); For documentation on this error, please visit: https://www.selenium.dev/documentation/webdriver/troubleshooting/errors#no-such-element-exception\nStacktrace:\n#0 0x560649550d93 <unknown>\n#1 0x560649234337 <unknown>\n#2 0x56064927fd60 <unknown>\n#3 0x56064927fe51 <unknown>\n#4 0x5606492c3bc4 <unknown>\n#5 0x5606492a246d <unknown>\n#6 0x5606492c112d <unknown>\n#7 0x5606492a21e3 <unknown>\n#8 0x560649272135 <unknown>\n#9 0x56064927313e <unknown>\n#10 0x560649514e4b <unknown>\n#11 0x560649518dfa <unknown>\n#12 0x5606495016d5 <unknown>\n#13 0x560649519a6f <unknown>\n#14 0x5606494e569f <unknown>\n#15 0x56064953e098 <unknown>\n#16 0x56064953e262 <unknown>\n#17 0x56064954ff34 <unknown>\n#18 0x7f4452193134 <unknown>","time":{"start":1706835170842,"stop":1706835171163,"duration":321}},{"uid":"cda80b62aa7f567","reportUrl":"https://Nat754.github.io/StroyremAutomation/204//#testresult/cda80b62aa7f567","status":"skipped","statusDetails":"XFAIL\n\nselenium.common.exceptions.NoSuchElementException: Message: no such element: Unable to locate element: {\"method\":\"xpath\",\"selector\":\"(//a[@class='add-to-cart yellow-btn'])[1]\"}\n  (Session info: chrome-headless-shell=121.0.6167.85); For documentation on this error, please visit: https://www.selenium.dev/documentation/webdriver/troubleshooting/errors#no-such-element-exception\nStacktrace:\n#0 0x55cfc5a69d93 <unknown>\n#1 0x55cfc574d337 <unknown>\n#2 0x55cfc5798d60 <unknown>\n#3 0x55cfc5798e51 <unknown>\n#4 0x55cfc57dcbc4 <unknown>\n#5 0x55cfc57bb46d <unknown>\n#6 0x55cfc57da12d <unknown>\n#7 0x55cfc57bb1e3 <unknown>\n#8 0x55cfc578b135 <unknown>\n#9 0x55cfc578c13e <unknown>\n#10 0x55cfc5a2de4b <unknown>\n#11 0x55cfc5a31dfa <unknown>\n#12 0x55cfc5a1a6d5 <unknown>\n#13 0x55cfc5a32a6f <unknown>\n#14 0x55cfc59fe69f <unknown>\n#15 0x55cfc5a57098 <unknown>\n#16 0x55cfc5a57262 <unknown>\n#17 0x55cfc5a68f34 <unknown>\n#18 0x7f0f2d5b6044 <unknown>","time":{"start":1706748942851,"stop":1706748943291,"duration":440}},{"uid":"bfca075000b02a32","reportUrl":"https://Nat754.github.io/StroyremAutomation/203//#testresult/bfca075000b02a32","status":"skipped","statusDetails":"XFAIL\n\nselenium.common.exceptions.NoSuchElementException: Message: no such element: Unable to locate element: {\"method\":\"xpath\",\"selector\":\"(//a[@class='add-to-cart yellow-btn'])[1]\"}\n  (Session info: chrome-headless-shell=121.0.6167.85); For documentation on this error, please visit: https://www.selenium.dev/documentation/webdriver/troubleshooting/errors#no-such-element-exception\nStacktrace:\n#0 0x55827ed88d93 <unknown>\n#1 0x55827ea6c337 <unknown>\n#2 0x55827eab7d60 <unknown>\n#3 0x55827eab7e51 <unknown>\n#4 0x55827eafbbc4 <unknown>\n#5 0x55827eada46d <unknown>\n#6 0x55827eaf912d <unknown>\n#7 0x55827eada1e3 <unknown>\n#8 0x55827eaaa135 <unknown>\n#9 0x55827eaab13e <unknown>\n#10 0x55827ed4ce4b <unknown>\n#11 0x55827ed50dfa <unknown>\n#12 0x55827ed396d5 <unknown>\n#13 0x55827ed51a6f <unknown>\n#14 0x55827ed1d69f <unknown>\n#15 0x55827ed76098 <unknown>\n#16 0x55827ed76262 <unknown>\n#17 0x55827ed87f34 <unknown>\n#18 0x7f753f191044 <unknown>","time":{"start":1706662377969,"stop":1706662378325,"duration":356}},{"uid":"633a875e3175005d","reportUrl":"https://Nat754.github.io/StroyremAutomation/202//#testresult/633a875e3175005d","status":"skipped","statusDetails":"XFAIL\n\nselenium.common.exceptions.NoSuchElementException: Message: no such element: Unable to locate element: {\"method\":\"xpath\",\"selector\":\"(//a[@class='add-to-cart yellow-btn'])[1]\"}\n  (Session info: chrome-headless-shell=121.0.6167.85); For documentation on this error, please visit: https://www.selenium.dev/documentation/webdriver/troubleshooting/errors#no-such-element-exception\nStacktrace:\n#0 0x55fba4f2ed93 <unknown>\n#1 0x55fba4c12337 <unknown>\n#2 0x55fba4c5dd60 <unknown>\n#3 0x55fba4c5de51 <unknown>\n#4 0x55fba4ca1bc4 <unknown>\n#5 0x55fba4c8046d <unknown>\n#6 0x55fba4c9f12d <unknown>\n#7 0x55fba4c801e3 <unknown>\n#8 0x55fba4c50135 <unknown>\n#9 0x55fba4c5113e <unknown>\n#10 0x55fba4ef2e4b <unknown>\n#11 0x55fba4ef6dfa <unknown>\n#12 0x55fba4edf6d5 <unknown>\n#13 0x55fba4ef7a6f <unknown>\n#14 0x55fba4ec369f <unknown>\n#15 0x55fba4f1c098 <unknown>\n#16 0x55fba4f1c262 <unknown>\n#17 0x55fba4f2df34 <unknown>\n#18 0x7fe928c70044 <unknown>","time":{"start":1706575931196,"stop":1706575931615,"duration":419}},{"uid":"a08edaf38fdd61ac","reportUrl":"https://Nat754.github.io/StroyremAutomation/201//#testresult/a08edaf38fdd61ac","status":"skipped","statusDetails":"XFAIL\n\nselenium.common.exceptions.NoSuchElementException: Message: no such element: Unable to locate element: {\"method\":\"xpath\",\"selector\":\"(//a[@class='add-to-cart yellow-btn'])[1]\"}\n  (Session info: chrome-headless-shell=121.0.6167.85); For documentation on this error, please visit: https://www.selenium.dev/documentation/webdriver/troubleshooting/errors#no-such-element-exception\nStacktrace:\n#0 0x5579e88e8d93 <unknown>\n#1 0x5579e85cc337 <unknown>\n#2 0x5579e8617d60 <unknown>\n#3 0x5579e8617e51 <unknown>\n#4 0x5579e865bbc4 <unknown>\n#5 0x5579e863a46d <unknown>\n#6 0x5579e865912d <unknown>\n#7 0x5579e863a1e3 <unknown>\n#8 0x5579e860a135 <unknown>\n#9 0x5579e860b13e <unknown>\n#10 0x5579e88ace4b <unknown>\n#11 0x5579e88b0dfa <unknown>\n#12 0x5579e88996d5 <unknown>\n#13 0x5579e88b1a6f <unknown>\n#14 0x5579e887d69f <unknown>\n#15 0x5579e88d6098 <unknown>\n#16 0x5579e88d6262 <unknown>\n#17 0x5579e88e7f34 <unknown>\n#18 0x7f6a42a8c044 <unknown>","time":{"start":1706489624031,"stop":1706489624434,"duration":403}},{"uid":"acb48e8eb164367f","reportUrl":"https://Nat754.github.io/StroyremAutomation/200//#testresult/acb48e8eb164367f","status":"skipped","statusDetails":"XFAIL\n\nselenium.common.exceptions.NoSuchElementException: Message: no such element: Unable to locate element: {\"method\":\"xpath\",\"selector\":\"(//a[@class='add-to-cart yellow-btn'])[1]\"}\n  (Session info: chrome-headless-shell=121.0.6167.85); For documentation on this error, please visit: https://www.selenium.dev/documentation/webdriver/troubleshooting/errors#no-such-element-exception\nStacktrace:\n#0 0x555911fedd93 <unknown>\n#1 0x555911cd1337 <unknown>\n#2 0x555911d1cd60 <unknown>\n#3 0x555911d1ce51 <unknown>\n#4 0x555911d60bc4 <unknown>\n#5 0x555911d3f46d <unknown>\n#6 0x555911d5e12d <unknown>\n#7 0x555911d3f1e3 <unknown>\n#8 0x555911d0f135 <unknown>\n#9 0x555911d1013e <unknown>\n#10 0x555911fb1e4b <unknown>\n#11 0x555911fb5dfa <unknown>\n#12 0x555911f9e6d5 <unknown>\n#13 0x555911fb6a6f <unknown>\n#14 0x555911f8269f <unknown>\n#15 0x555911fdb098 <unknown>\n#16 0x555911fdb262 <unknown>\n#17 0x555911fecf34 <unknown>\n#18 0x7f552dab6044 <unknown>","time":{"start":1706403383850,"stop":1706403384275,"duration":425}}]},"tags":["@pytest.mark.xfail","smoke_test"]},"source":"85d7674eff6637a1.json","parameterValues":["3320","25","'TD 019'","2490","'products/shtukaturka-gipsovaya-aksolit-m50-30-kg-mashinnogo-naneseniya'","1150","'https://sandboxtest.stroyrem-nn.ru/'","1700"]}