{"uid":"1c62643f2fac3420","name":"test_positive_delivery_green_zone_smoke[TD 005-products/shtukaturka-gipsovaya-aksolit-m50-30-kg-mashinnogo-naneseniya-16-500-600-1590-2190-https://sandboxtest.stroyrem-nn.ru/]","fullName":"tests.delivery.test_delivery_calculation.TestDeliveryPageCalculation#test_positive_delivery_green_zone_smoke","historyId":"e6058ae35d5a637089e6a6aa5edf052c","time":{"start":1712796822781,"stop":1712796823111,"duration":330},"status":"skipped","statusMessage":"XFAIL\n\nselenium.common.exceptions.NoSuchElementException: Message: no such element: Unable to locate element: {\"method\":\"xpath\",\"selector\":\"(//a[@class='add-to-cart yellow-btn'])[1]\"}\n  (Session info: chrome-headless-shell=123.0.6312.122); For documentation on this error, please visit: https://www.selenium.dev/documentation/webdriver/troubleshooting/errors#no-such-element-exception\nStacktrace:\n#0 0x55a347faf863 <unknown>\n#1 0x55a347ca58c6 <unknown>\n#2 0x55a347cf0618 <unknown>\n#3 0x55a347cf06d1 <unknown>\n#4 0x55a347d33744 <unknown>\n#5 0x55a347d125cd <unknown>\n#6 0x55a347d30c19 <unknown>\n#7 0x55a347d12343 <unknown>\n#8 0x55a347ce3593 <unknown>\n#9 0x55a347ce3f5e <unknown>\n#10 0x55a347f7384b <unknown>\n#11 0x55a347f777a5 <unknown>\n#12 0x55a347f61571 <unknown>\n#13 0x55a347f78332 <unknown>\n#14 0x55a347f4687f <unknown>\n#15 0x55a347f9e728 <unknown>\n#16 0x55a347f9e8fb <unknown>\n#17 0x55a347fae9b4 <unknown>\n#18 0x7f21960da134 <unknown>","statusTrace":"self = <tests.delivery.test_delivery_calculation.TestDeliveryPageCalculation object at 0x7fd9f1ceb2d0>\ndriver = <selenium.webdriver.chrome.webdriver.WebDriver (session=\"e94115562a5c5e6fba231f74ea838e26\")>\nurl = 'https://sandboxtest.stroyrem-nn.ru/', case_id = 'TD 005'\nlink_item = 'products/shtukaturka-gipsovaya-aksolit-m50-30-kg-mashinnogo-naneseniya'\namount = 16, weight = 500, standard = 600, in_time = 1590, all_time = 2190\n\n    @pytest.mark.parametrize('case_id, link_item, amount, weight, standard, in_time, all_time', [\n        (\"TD 001\", uroven_3000, 1, 30, 0, 1590, 2190),\n        (\"TD 002\", bundeks_25, 1, 30, 400, 1590, 2190),\n        (\"TD 003\", aksolit_30, 8, 300, 400, 1590, 2190),\n        (\"TD 004\", aksolit_30, 13, 400, 450, 1590, 2190),\n        (\"TD 005\", aksolit_30, 16, 500, 600, 1590, 2190),\n        (\"TD 006\", aksolit_30, 25, 1700, 990, 1990, 2480),\n        (\"TD 007\", aksolit_30, 66, 2000, 1300, 2490, 2980),\n        (\"TD 008\", aksolit_30, 149, 4500, 2300, 3980, 4490),\n        (\"TD 009\", aksolit_30, 166, 5000, 2500, 4990, 5480),\n        pytest.param(\n            \"TD 010\", aksolit_30, 206, 6200, 2900, 5570, 6120,\n            marks=pytest.mark.xfail(reson=\"Цена доставки 3600 7960 8980\")\n        ),\n        (\"TD 011\", aksolit_30, 299, 9000, 3600, 7960, 8980),\n        (\"TD 012\", aksolit_30, 333, 10000, 4450, 11990, 12500),\n        pytest.param(\n            \"TD 013\", aksolit_30, 366, 11000, 4800, 12450, 13480,\n            marks=pytest.mark.xfail(reason=\"Цена стандартной доставки 4450\")\n        ),\n        pytest.param(\n            \"TD 014\", aksolit_30, 666, 20000, 5400, 15600, 17490,\n            marks=pytest.mark.xfail(reason=\"Цена стандартной доставки 4450\")\n        )\n    ])\n    @pytest.mark.xfail\n    @pytest.mark.smoke_test\n    def test_positive_delivery_green_zone_smoke(\n            self, driver, url, case_id, link_item, amount, weight, standard, in_time, all_time\n    ):\n    \n        driver.get(f'{url}{link_item}')\n        item_page = ItemPage(driver)\n>       item_page.add_item_to_cart(amount).click_on_cart()\n\ntests/delivery/test_delivery_calculation.py:50: \n_ _ _ _ _ _ _ _ _ _ _ _ _ _ _ _ _ _ _ _ _ _ _ _ _ _ _ _ _ _ _ _ _ _ _ _ _ _ _ _ \npages/item_page.py:40: in add_item_to_cart\n    self.find_element(self._add_item).click()\nbase/seleniumbase.py:17: in find_element\n    return self.driver.find_element(*locator)\n/usr/local/lib/python3.11/site-packages/selenium/webdriver/remote/webdriver.py:739: in find_element\n    return self.execute(Command.FIND_ELEMENT, {\"using\": by, \"value\": value})[\"value\"]\n/usr/local/lib/python3.11/site-packages/selenium/webdriver/remote/webdriver.py:345: in execute\n    self.error_handler.check_response(response)\n_ _ _ _ _ _ _ _ _ _ _ _ _ _ _ _ _ _ _ _ _ _ _ _ _ _ _ _ _ _ _ _ _ _ _ _ _ _ _ _ \n\nself = <selenium.webdriver.remote.errorhandler.ErrorHandler object at 0x7fd9f2a2c190>\nresponse = {'status': 404, 'value': '{\"value\":{\"error\":\"no such element\",\"message\":\"no such element: Unable to locate element: {\\...\\\\n#16 0x55a347f9e8fb \\\\u003Cunknown>\\\\n#17 0x55a347fae9b4 \\\\u003Cunknown>\\\\n#18 0x7f21960da134 \\\\u003Cunknown>\\\\n\"}}'}\n\n    def check_response(self, response: Dict[str, Any]) -> None:\n        \"\"\"Checks that a JSON response from the WebDriver does not have an\n        error.\n    \n        :Args:\n         - response - The JSON response from the WebDriver server as a dictionary\n           object.\n    \n        :Raises: If the response contains an error message.\n        \"\"\"\n        status = response.get(\"status\", None)\n        if not status or status == ErrorCode.SUCCESS:\n            return\n        value = None\n        message = response.get(\"message\", \"\")\n        screen: str = response.get(\"screen\", \"\")\n        stacktrace = None\n        if isinstance(status, int):\n            value_json = response.get(\"value\", None)\n            if value_json and isinstance(value_json, str):\n                import json\n    \n                try:\n                    value = json.loads(value_json)\n                    if len(value) == 1:\n                        value = value[\"value\"]\n                    status = value.get(\"error\", None)\n                    if not status:\n                        status = value.get(\"status\", ErrorCode.UNKNOWN_ERROR)\n                        message = value.get(\"value\") or value.get(\"message\")\n                        if not isinstance(message, str):\n                            value = message\n                            message = message.get(\"message\")\n                    else:\n                        message = value.get(\"message\", None)\n                except ValueError:\n                    pass\n    \n        exception_class: Type[WebDriverException]\n        e = ErrorCode()\n        error_codes = [item for item in dir(e) if not item.startswith(\"__\")]\n        for error_code in error_codes:\n            error_info = getattr(ErrorCode, error_code)\n            if isinstance(error_info, list) and status in error_info:\n                exception_class = getattr(ExceptionMapping, error_code, WebDriverException)\n                break\n        else:\n            exception_class = WebDriverException\n    \n        if not value:\n            value = response[\"value\"]\n        if isinstance(value, str):\n            raise exception_class(value)\n        if message == \"\" and \"message\" in value:\n            message = value[\"message\"]\n    \n        screen = None  # type: ignore[assignment]\n        if \"screen\" in value:\n            screen = value[\"screen\"]\n    \n        stacktrace = None\n        st_value = value.get(\"stackTrace\") or value.get(\"stacktrace\")\n        if st_value:\n            if isinstance(st_value, str):\n                stacktrace = st_value.split(\"\\n\")\n            else:\n                stacktrace = []\n                try:\n                    for frame in st_value:\n                        line = frame.get(\"lineNumber\", \"\")\n                        file = frame.get(\"fileName\", \"<anonymous>\")\n                        if line:\n                            file = f\"{file}:{line}\"\n                        meth = frame.get(\"methodName\", \"<anonymous>\")\n                        if \"className\" in frame:\n                            meth = f\"{frame['className']}.{meth}\"\n                        msg = \"    at %s (%s)\"\n                        msg = msg % (meth, file)\n                        stacktrace.append(msg)\n                except TypeError:\n                    pass\n        if exception_class == UnexpectedAlertPresentException:\n            alert_text = None\n            if \"data\" in value:\n                alert_text = value[\"data\"].get(\"text\")\n            elif \"alert\" in value:\n                alert_text = value[\"alert\"].get(\"text\")\n            raise exception_class(message, screen, stacktrace, alert_text)  # type: ignore[call-arg]  # mypy is not smart enough here\n>       raise exception_class(message, screen, stacktrace)\nE       selenium.common.exceptions.NoSuchElementException: Message: no such element: Unable to locate element: {\"method\":\"xpath\",\"selector\":\"(//a[@class='add-to-cart yellow-btn'])[1]\"}\nE         (Session info: chrome-headless-shell=123.0.6312.122); For documentation on this error, please visit: https://www.selenium.dev/documentation/webdriver/troubleshooting/errors#no-such-element-exception\nE       Stacktrace:\nE       #0 0x55a347faf863 <unknown>\nE       #1 0x55a347ca58c6 <unknown>\nE       #2 0x55a347cf0618 <unknown>\nE       #3 0x55a347cf06d1 <unknown>\nE       #4 0x55a347d33744 <unknown>\nE       #5 0x55a347d125cd <unknown>\nE       #6 0x55a347d30c19 <unknown>\nE       #7 0x55a347d12343 <unknown>\nE       #8 0x55a347ce3593 <unknown>\nE       #9 0x55a347ce3f5e <unknown>\nE       #10 0x55a347f7384b <unknown>\nE       #11 0x55a347f777a5 <unknown>\nE       #12 0x55a347f61571 <unknown>\nE       #13 0x55a347f78332 <unknown>\nE       #14 0x55a347f4687f <unknown>\nE       #15 0x55a347f9e728 <unknown>\nE       #16 0x55a347f9e8fb <unknown>\nE       #17 0x55a347fae9b4 <unknown>\nE       #18 0x7f21960da134 <unknown>\n\n/usr/local/lib/python3.11/site-packages/selenium/webdriver/remote/errorhandler.py:229: NoSuchElementException","flaky":false,"newFailed":false,"newBroken":false,"newPassed":false,"retriesCount":0,"retriesStatusChange":false,"beforeStages":[{"name":"_session_faker","time":{"start":1712796579292,"stop":1712796579362,"duration":70},"status":"passed","steps":[],"attachments":[],"parameters":[],"shouldDisplayMessage":false,"stepsCount":0,"attachmentsCount":0,"hasContent":false,"attachmentStep":false},{"name":"clear_allure_results_folder","time":{"start":1712796579362,"stop":1712796579362,"duration":0},"status":"passed","steps":[],"attachments":[],"parameters":[],"shouldDisplayMessage":false,"stepsCount":0,"attachmentsCount":0,"hasContent":false,"attachmentStep":false},{"name":"driver","time":{"start":1712796821960,"stop":1712796822779,"duration":819},"status":"passed","steps":[],"attachments":[],"parameters":[],"shouldDisplayMessage":false,"stepsCount":0,"attachmentsCount":0,"hasContent":false,"attachmentStep":false},{"name":"setup","time":{"start":1712796822780,"stop":1712796822780,"duration":0},"status":"passed","steps":[],"attachments":[],"parameters":[],"shouldDisplayMessage":false,"stepsCount":0,"attachmentsCount":0,"hasContent":false,"attachmentStep":false}],"testStage":{"status":"skipped","statusMessage":"XFAIL\n\nselenium.common.exceptions.NoSuchElementException: Message: no such element: Unable to locate element: {\"method\":\"xpath\",\"selector\":\"(//a[@class='add-to-cart yellow-btn'])[1]\"}\n  (Session info: chrome-headless-shell=123.0.6312.122); For documentation on this error, please visit: https://www.selenium.dev/documentation/webdriver/troubleshooting/errors#no-such-element-exception\nStacktrace:\n#0 0x55a347faf863 <unknown>\n#1 0x55a347ca58c6 <unknown>\n#2 0x55a347cf0618 <unknown>\n#3 0x55a347cf06d1 <unknown>\n#4 0x55a347d33744 <unknown>\n#5 0x55a347d125cd <unknown>\n#6 0x55a347d30c19 <unknown>\n#7 0x55a347d12343 <unknown>\n#8 0x55a347ce3593 <unknown>\n#9 0x55a347ce3f5e <unknown>\n#10 0x55a347f7384b <unknown>\n#11 0x55a347f777a5 <unknown>\n#12 0x55a347f61571 <unknown>\n#13 0x55a347f78332 <unknown>\n#14 0x55a347f4687f <unknown>\n#15 0x55a347f9e728 <unknown>\n#16 0x55a347f9e8fb <unknown>\n#17 0x55a347fae9b4 <unknown>\n#18 0x7f21960da134 <unknown>","statusTrace":"self = <tests.delivery.test_delivery_calculation.TestDeliveryPageCalculation object at 0x7fd9f1ceb2d0>\ndriver = <selenium.webdriver.chrome.webdriver.WebDriver (session=\"e94115562a5c5e6fba231f74ea838e26\")>\nurl = 'https://sandboxtest.stroyrem-nn.ru/', case_id = 'TD 005'\nlink_item = 'products/shtukaturka-gipsovaya-aksolit-m50-30-kg-mashinnogo-naneseniya'\namount = 16, weight = 500, standard = 600, in_time = 1590, all_time = 2190\n\n    @pytest.mark.parametrize('case_id, link_item, amount, weight, standard, in_time, all_time', [\n        (\"TD 001\", uroven_3000, 1, 30, 0, 1590, 2190),\n        (\"TD 002\", bundeks_25, 1, 30, 400, 1590, 2190),\n        (\"TD 003\", aksolit_30, 8, 300, 400, 1590, 2190),\n        (\"TD 004\", aksolit_30, 13, 400, 450, 1590, 2190),\n        (\"TD 005\", aksolit_30, 16, 500, 600, 1590, 2190),\n        (\"TD 006\", aksolit_30, 25, 1700, 990, 1990, 2480),\n        (\"TD 007\", aksolit_30, 66, 2000, 1300, 2490, 2980),\n        (\"TD 008\", aksolit_30, 149, 4500, 2300, 3980, 4490),\n        (\"TD 009\", aksolit_30, 166, 5000, 2500, 4990, 5480),\n        pytest.param(\n            \"TD 010\", aksolit_30, 206, 6200, 2900, 5570, 6120,\n            marks=pytest.mark.xfail(reson=\"Цена доставки 3600 7960 8980\")\n        ),\n        (\"TD 011\", aksolit_30, 299, 9000, 3600, 7960, 8980),\n        (\"TD 012\", aksolit_30, 333, 10000, 4450, 11990, 12500),\n        pytest.param(\n            \"TD 013\", aksolit_30, 366, 11000, 4800, 12450, 13480,\n            marks=pytest.mark.xfail(reason=\"Цена стандартной доставки 4450\")\n        ),\n        pytest.param(\n            \"TD 014\", aksolit_30, 666, 20000, 5400, 15600, 17490,\n            marks=pytest.mark.xfail(reason=\"Цена стандартной доставки 4450\")\n        )\n    ])\n    @pytest.mark.xfail\n    @pytest.mark.smoke_test\n    def test_positive_delivery_green_zone_smoke(\n            self, driver, url, case_id, link_item, amount, weight, standard, in_time, all_time\n    ):\n    \n        driver.get(f'{url}{link_item}')\n        item_page = ItemPage(driver)\n>       item_page.add_item_to_cart(amount).click_on_cart()\n\ntests/delivery/test_delivery_calculation.py:50: \n_ _ _ _ _ _ _ _ _ _ _ _ _ _ _ _ _ _ _ _ _ _ _ _ _ _ _ _ _ _ _ _ _ _ _ _ _ _ _ _ \npages/item_page.py:40: in add_item_to_cart\n    self.find_element(self._add_item).click()\nbase/seleniumbase.py:17: in find_element\n    return self.driver.find_element(*locator)\n/usr/local/lib/python3.11/site-packages/selenium/webdriver/remote/webdriver.py:739: in find_element\n    return self.execute(Command.FIND_ELEMENT, {\"using\": by, \"value\": value})[\"value\"]\n/usr/local/lib/python3.11/site-packages/selenium/webdriver/remote/webdriver.py:345: in execute\n    self.error_handler.check_response(response)\n_ _ _ _ _ _ _ _ _ _ _ _ _ _ _ _ _ _ _ _ _ _ _ _ _ _ _ _ _ _ _ _ _ _ _ _ _ _ _ _ \n\nself = <selenium.webdriver.remote.errorhandler.ErrorHandler object at 0x7fd9f2a2c190>\nresponse = {'status': 404, 'value': '{\"value\":{\"error\":\"no such element\",\"message\":\"no such element: Unable to locate element: {\\...\\\\n#16 0x55a347f9e8fb \\\\u003Cunknown>\\\\n#17 0x55a347fae9b4 \\\\u003Cunknown>\\\\n#18 0x7f21960da134 \\\\u003Cunknown>\\\\n\"}}'}\n\n    def check_response(self, response: Dict[str, Any]) -> None:\n        \"\"\"Checks that a JSON response from the WebDriver does not have an\n        error.\n    \n        :Args:\n         - response - The JSON response from the WebDriver server as a dictionary\n           object.\n    \n        :Raises: If the response contains an error message.\n        \"\"\"\n        status = response.get(\"status\", None)\n        if not status or status == ErrorCode.SUCCESS:\n            return\n        value = None\n        message = response.get(\"message\", \"\")\n        screen: str = response.get(\"screen\", \"\")\n        stacktrace = None\n        if isinstance(status, int):\n            value_json = response.get(\"value\", None)\n            if value_json and isinstance(value_json, str):\n                import json\n    \n                try:\n                    value = json.loads(value_json)\n                    if len(value) == 1:\n                        value = value[\"value\"]\n                    status = value.get(\"error\", None)\n                    if not status:\n                        status = value.get(\"status\", ErrorCode.UNKNOWN_ERROR)\n                        message = value.get(\"value\") or value.get(\"message\")\n                        if not isinstance(message, str):\n                            value = message\n                            message = message.get(\"message\")\n                    else:\n                        message = value.get(\"message\", None)\n                except ValueError:\n                    pass\n    \n        exception_class: Type[WebDriverException]\n        e = ErrorCode()\n        error_codes = [item for item in dir(e) if not item.startswith(\"__\")]\n        for error_code in error_codes:\n            error_info = getattr(ErrorCode, error_code)\n            if isinstance(error_info, list) and status in error_info:\n                exception_class = getattr(ExceptionMapping, error_code, WebDriverException)\n                break\n        else:\n            exception_class = WebDriverException\n    \n        if not value:\n            value = response[\"value\"]\n        if isinstance(value, str):\n            raise exception_class(value)\n        if message == \"\" and \"message\" in value:\n            message = value[\"message\"]\n    \n        screen = None  # type: ignore[assignment]\n        if \"screen\" in value:\n            screen = value[\"screen\"]\n    \n        stacktrace = None\n        st_value = value.get(\"stackTrace\") or value.get(\"stacktrace\")\n        if st_value:\n            if isinstance(st_value, str):\n                stacktrace = st_value.split(\"\\n\")\n            else:\n                stacktrace = []\n                try:\n                    for frame in st_value:\n                        line = frame.get(\"lineNumber\", \"\")\n                        file = frame.get(\"fileName\", \"<anonymous>\")\n                        if line:\n                            file = f\"{file}:{line}\"\n                        meth = frame.get(\"methodName\", \"<anonymous>\")\n                        if \"className\" in frame:\n                            meth = f\"{frame['className']}.{meth}\"\n                        msg = \"    at %s (%s)\"\n                        msg = msg % (meth, file)\n                        stacktrace.append(msg)\n                except TypeError:\n                    pass\n        if exception_class == UnexpectedAlertPresentException:\n            alert_text = None\n            if \"data\" in value:\n                alert_text = value[\"data\"].get(\"text\")\n            elif \"alert\" in value:\n                alert_text = value[\"alert\"].get(\"text\")\n            raise exception_class(message, screen, stacktrace, alert_text)  # type: ignore[call-arg]  # mypy is not smart enough here\n>       raise exception_class(message, screen, stacktrace)\nE       selenium.common.exceptions.NoSuchElementException: Message: no such element: Unable to locate element: {\"method\":\"xpath\",\"selector\":\"(//a[@class='add-to-cart yellow-btn'])[1]\"}\nE         (Session info: chrome-headless-shell=123.0.6312.122); For documentation on this error, please visit: https://www.selenium.dev/documentation/webdriver/troubleshooting/errors#no-such-element-exception\nE       Stacktrace:\nE       #0 0x55a347faf863 <unknown>\nE       #1 0x55a347ca58c6 <unknown>\nE       #2 0x55a347cf0618 <unknown>\nE       #3 0x55a347cf06d1 <unknown>\nE       #4 0x55a347d33744 <unknown>\nE       #5 0x55a347d125cd <unknown>\nE       #6 0x55a347d30c19 <unknown>\nE       #7 0x55a347d12343 <unknown>\nE       #8 0x55a347ce3593 <unknown>\nE       #9 0x55a347ce3f5e <unknown>\nE       #10 0x55a347f7384b <unknown>\nE       #11 0x55a347f777a5 <unknown>\nE       #12 0x55a347f61571 <unknown>\nE       #13 0x55a347f78332 <unknown>\nE       #14 0x55a347f4687f <unknown>\nE       #15 0x55a347f9e728 <unknown>\nE       #16 0x55a347f9e8fb <unknown>\nE       #17 0x55a347fae9b4 <unknown>\nE       #18 0x7f21960da134 <unknown>\n\n/usr/local/lib/python3.11/site-packages/selenium/webdriver/remote/errorhandler.py:229: NoSuchElementException","steps":[{"name":"Добавляем товар в корзину в количестве 16","time":{"start":1712796823098,"stop":1712796823111,"duration":13},"status":"broken","statusMessage":"selenium.common.exceptions.NoSuchElementException: Message: no such element: Unable to locate element: {\"method\":\"xpath\",\"selector\":\"(//a[@class='add-to-cart yellow-btn'])[1]\"}\n  (Session info: chrome-headless-shell=123.0.6312.122); For documentation on this error, please visit: https://www.selenium.dev/documentation/webdriver/troubleshooting/errors#no-such-element-exception\nStacktrace:\n#0 0x55a347faf863 <unknown>\n#1 0x55a347ca58c6 <unknown>\n#2 0x55a347cf0618 <unknown>\n#3 0x55a347cf06d1 <unknown>\n#4 0x55a347d33744 <unknown>\n#5 0x55a347d125cd <unknown>\n#6 0x55a347d30c19 <unknown>\n#7 0x55a347d12343 <unknown>\n#8 0x55a347ce3593 <unknown>\n#9 0x55a347ce3f5e <unknown>\n#10 0x55a347f7384b <unknown>\n#11 0x55a347f777a5 <unknown>\n#12 0x55a347f61571 <unknown>\n#13 0x55a347f78332 <unknown>\n#14 0x55a347f4687f <unknown>\n#15 0x55a347f9e728 <unknown>\n#16 0x55a347f9e8fb <unknown>\n#17 0x55a347fae9b4 <unknown>\n#18 0x7f21960da134 <unknown>\n\n","statusTrace":"  File \"/usr/local/lib/python3.11/site-packages/allure_commons/_allure.py\", line 192, in impl\n    return func(*a, **kw)\n           ^^^^^^^^^^^^^^\n  File \"/app/pages/item_page.py\", line 40, in add_item_to_cart\n    self.find_element(self._add_item).click()\n    ^^^^^^^^^^^^^^^^^^^^^^^^^^^^^^^^^\n  File \"/app/base/seleniumbase.py\", line 17, in find_element\n    return self.driver.find_element(*locator)\n           ^^^^^^^^^^^^^^^^^^^^^^^^^^^^^^^^^^\n  File \"/usr/local/lib/python3.11/site-packages/selenium/webdriver/remote/webdriver.py\", line 739, in find_element\n    return self.execute(Command.FIND_ELEMENT, {\"using\": by, \"value\": value})[\"value\"]\n           ^^^^^^^^^^^^^^^^^^^^^^^^^^^^^^^^^^^^^^^^^^^^^^^^^^^^^^^^^^^^^^^^^\n  File \"/usr/local/lib/python3.11/site-packages/selenium/webdriver/remote/webdriver.py\", line 345, in execute\n    self.error_handler.check_response(response)\n  File \"/usr/local/lib/python3.11/site-packages/selenium/webdriver/remote/errorhandler.py\", line 229, in check_response\n    raise exception_class(message, screen, stacktrace)\n","steps":[],"attachments":[],"parameters":[{"name":"amount","value":"16"}],"shouldDisplayMessage":true,"stepsCount":0,"attachmentsCount":0,"hasContent":true,"attachmentStep":false}],"attachments":[{"uid":"ab9d8bd51dfa77bd","name":"Screenshot","source":"ab9d8bd51dfa77bd.png","type":"image/png","size":5862},{"uid":"5669c749cbe732c2","name":"HTML source","source":"5669c749cbe732c2.html","type":"text/html","size":39}],"parameters":[],"shouldDisplayMessage":true,"stepsCount":1,"attachmentsCount":2,"hasContent":true,"attachmentStep":false},"afterStages":[{"name":"setup::0","time":{"start":1712796823218,"stop":1712796823218,"duration":0},"status":"passed","steps":[],"attachments":[],"parameters":[],"shouldDisplayMessage":false,"stepsCount":0,"attachmentsCount":0,"hasContent":false,"attachmentStep":false},{"name":"driver::0","time":{"start":1712796823218,"stop":1712796823275,"duration":57},"status":"passed","steps":[],"attachments":[],"parameters":[],"shouldDisplayMessage":false,"stepsCount":0,"attachmentsCount":0,"hasContent":false,"attachmentStep":false}],"labels":[{"name":"epic","value":"Delivery Page - calculation"},{"name":"tag","value":"smoke_test"},{"name":"tag","value":"@pytest.mark.xfail"},{"name":"parentSuite","value":"tests.delivery"},{"name":"suite","value":"test_delivery_calculation"},{"name":"subSuite","value":"TestDeliveryPageCalculation"},{"name":"host","value":"ad5273f42dd7"},{"name":"thread","value":"1-MainThread"},{"name":"framework","value":"pytest"},{"name":"language","value":"cpython3"},{"name":"package","value":"tests.delivery.test_delivery_calculation"},{"name":"resultFormat","value":"allure2"}],"parameters":[{"name":"all_time","value":"2190"},{"name":"amount","value":"16"},{"name":"case_id","value":"'TD 005'"},{"name":"in_time","value":"1590"},{"name":"link_item","value":"'products/shtukaturka-gipsovaya-aksolit-m50-30-kg-mashinnogo-naneseniya'"},{"name":"standard","value":"600"},{"name":"url","value":"'https://sandboxtest.stroyrem-nn.ru/'"},{"name":"weight","value":"500"}],"links":[],"hidden":false,"retry":false,"extra":{"severity":"normal","retries":[],"categories":[],"history":{"statistic":{"failed":0,"broken":13,"skipped":213,"passed":0,"unknown":0,"total":226},"items":[{"uid":"a0b83bf7931ae1d","reportUrl":"https://Nat754.github.io/StroyremAutomation/273//#testresult/a0b83bf7931ae1d","status":"skipped","statusDetails":"XFAIL\n\nselenium.common.exceptions.NoSuchElementException: Message: no such element: Unable to locate element: {\"method\":\"xpath\",\"selector\":\"(//a[@class='add-to-cart yellow-btn'])[1]\"}\n  (Session info: chrome-headless-shell=123.0.6312.105); For documentation on this error, please visit: https://www.selenium.dev/documentation/webdriver/troubleshooting/errors#no-such-element-exception\nStacktrace:\n#0 0x55f291ba4873 <unknown>\n#1 0x55f29189a8c6 <unknown>\n#2 0x55f2918e5618 <unknown>\n#3 0x55f2918e56d1 <unknown>\n#4 0x55f291928744 <unknown>\n#5 0x55f2919075cd <unknown>\n#6 0x55f291925c19 <unknown>\n#7 0x55f291907343 <unknown>\n#8 0x55f2918d8593 <unknown>\n#9 0x55f2918d8f5e <unknown>\n#10 0x55f291b6885b <unknown>\n#11 0x55f291b6c7b5 <unknown>\n#12 0x55f291b56581 <unknown>\n#13 0x55f291b6d342 <unknown>\n#14 0x55f291b3b88f <unknown>\n#15 0x55f291b93738 <unknown>\n#16 0x55f291b9390b <unknown>\n#17 0x55f291ba39c4 <unknown>\n#18 0x7f72a7691134 <unknown>","time":{"start":1712710365294,"stop":1712710365923,"duration":629}},{"uid":"e5c20689c596a5c5","reportUrl":"https://Nat754.github.io/StroyremAutomation/272//#testresult/e5c20689c596a5c5","status":"skipped","statusDetails":"XFAIL\n\nselenium.common.exceptions.NoSuchElementException: Message: no such element: Unable to locate element: {\"method\":\"xpath\",\"selector\":\"(//a[@class='add-to-cart yellow-btn'])[1]\"}\n  (Session info: chrome-headless-shell=123.0.6312.105); For documentation on this error, please visit: https://www.selenium.dev/documentation/webdriver/troubleshooting/errors#no-such-element-exception\nStacktrace:\n#0 0x55d271aab873 <unknown>\n#1 0x55d2717a18c6 <unknown>\n#2 0x55d2717ec618 <unknown>\n#3 0x55d2717ec6d1 <unknown>\n#4 0x55d27182f744 <unknown>\n#5 0x55d27180e5cd <unknown>\n#6 0x55d27182cc19 <unknown>\n#7 0x55d27180e343 <unknown>\n#8 0x55d2717df593 <unknown>\n#9 0x55d2717dff5e <unknown>\n#10 0x55d271a6f85b <unknown>\n#11 0x55d271a737b5 <unknown>\n#12 0x55d271a5d581 <unknown>\n#13 0x55d271a74342 <unknown>\n#14 0x55d271a4288f <unknown>\n#15 0x55d271a9a738 <unknown>\n#16 0x55d271a9a90b <unknown>\n#17 0x55d271aaa9c4 <unknown>\n#18 0x7fc4e5e30134 <unknown>","time":{"start":1712624004251,"stop":1712624004818,"duration":567}},{"uid":"8ece7c6b2fc7bb6b","reportUrl":"https://Nat754.github.io/StroyremAutomation/271//#testresult/8ece7c6b2fc7bb6b","status":"skipped","statusDetails":"XFAIL\n\nselenium.common.exceptions.NoSuchElementException: Message: no such element: Unable to locate element: {\"method\":\"xpath\",\"selector\":\"(//a[@class='add-to-cart yellow-btn'])[1]\"}\n  (Session info: chrome-headless-shell=123.0.6312.105); For documentation on this error, please visit: https://www.selenium.dev/documentation/webdriver/troubleshooting/errors#no-such-element-exception\nStacktrace:\n#0 0x5651b981f873 <unknown>\n#1 0x5651b95158c6 <unknown>\n#2 0x5651b9560618 <unknown>\n#3 0x5651b95606d1 <unknown>\n#4 0x5651b95a3744 <unknown>\n#5 0x5651b95825cd <unknown>\n#6 0x5651b95a0c19 <unknown>\n#7 0x5651b9582343 <unknown>\n#8 0x5651b9553593 <unknown>\n#9 0x5651b9553f5e <unknown>\n#10 0x5651b97e385b <unknown>\n#11 0x5651b97e77b5 <unknown>\n#12 0x5651b97d1581 <unknown>\n#13 0x5651b97e8342 <unknown>\n#14 0x5651b97b688f <unknown>\n#15 0x5651b980e738 <unknown>\n#16 0x5651b980e90b <unknown>\n#17 0x5651b981e9c4 <unknown>\n#18 0x7fe59f5d1134 <unknown>","time":{"start":1712537665666,"stop":1712537666214,"duration":548}},{"uid":"1b6955deac403066","reportUrl":"https://Nat754.github.io/StroyremAutomation/270//#testresult/1b6955deac403066","status":"skipped","statusDetails":"XFAIL\n\nselenium.common.exceptions.NoSuchElementException: Message: no such element: Unable to locate element: {\"method\":\"xpath\",\"selector\":\"(//a[@class='add-to-cart yellow-btn'])[1]\"}\n  (Session info: chrome-headless-shell=123.0.6312.105); For documentation on this error, please visit: https://www.selenium.dev/documentation/webdriver/troubleshooting/errors#no-such-element-exception\nStacktrace:\n#0 0x56019697e873 <unknown>\n#1 0x5601966748c6 <unknown>\n#2 0x5601966bf618 <unknown>\n#3 0x5601966bf6d1 <unknown>\n#4 0x560196702744 <unknown>\n#5 0x5601966e15cd <unknown>\n#6 0x5601966ffc19 <unknown>\n#7 0x5601966e1343 <unknown>\n#8 0x5601966b2593 <unknown>\n#9 0x5601966b2f5e <unknown>\n#10 0x56019694285b <unknown>\n#11 0x5601969467b5 <unknown>\n#12 0x560196930581 <unknown>\n#13 0x560196947342 <unknown>\n#14 0x56019691588f <unknown>\n#15 0x56019696d738 <unknown>\n#16 0x56019696d90b <unknown>\n#17 0x56019697d9c4 <unknown>\n#18 0x7f3bed9e3134 <unknown>","time":{"start":1712451475164,"stop":1712451475563,"duration":399}},{"uid":"cc5d2b2d157d4b89","reportUrl":"https://Nat754.github.io/StroyremAutomation/269//#testresult/cc5d2b2d157d4b89","status":"skipped","statusDetails":"XFAIL\n\nselenium.common.exceptions.NoSuchElementException: Message: no such element: Unable to locate element: {\"method\":\"xpath\",\"selector\":\"(//a[@class='add-to-cart yellow-btn'])[1]\"}\n  (Session info: chrome-headless-shell=123.0.6312.105); For documentation on this error, please visit: https://www.selenium.dev/documentation/webdriver/troubleshooting/errors#no-such-element-exception\nStacktrace:\n#0 0x55b82d695873 <unknown>\n#1 0x55b82d38b8c6 <unknown>\n#2 0x55b82d3d6618 <unknown>\n#3 0x55b82d3d66d1 <unknown>\n#4 0x55b82d419744 <unknown>\n#5 0x55b82d3f85cd <unknown>\n#6 0x55b82d416c19 <unknown>\n#7 0x55b82d3f8343 <unknown>\n#8 0x55b82d3c9593 <unknown>\n#9 0x55b82d3c9f5e <unknown>\n#10 0x55b82d65985b <unknown>\n#11 0x55b82d65d7b5 <unknown>\n#12 0x55b82d647581 <unknown>\n#13 0x55b82d65e342 <unknown>\n#14 0x55b82d62c88f <unknown>\n#15 0x55b82d684738 <unknown>\n#16 0x55b82d68490b <unknown>\n#17 0x55b82d6949c4 <unknown>\n#18 0x7fecc3ccc134 <unknown>","time":{"start":1712364693271,"stop":1712364693597,"duration":326}},{"uid":"f65eb4d486baa530","reportUrl":"https://Nat754.github.io/StroyremAutomation/268//#testresult/f65eb4d486baa530","status":"skipped","statusDetails":"XFAIL\n\nselenium.common.exceptions.NoSuchElementException: Message: no such element: Unable to locate element: {\"method\":\"xpath\",\"selector\":\"(//a[@class='add-to-cart yellow-btn'])[1]\"}\n  (Session info: chrome-headless-shell=123.0.6312.105); For documentation on this error, please visit: https://www.selenium.dev/documentation/webdriver/troubleshooting/errors#no-such-element-exception\nStacktrace:\n#0 0x55f697132873 <unknown>\n#1 0x55f696e288c6 <unknown>\n#2 0x55f696e73618 <unknown>\n#3 0x55f696e736d1 <unknown>\n#4 0x55f696eb6744 <unknown>\n#5 0x55f696e955cd <unknown>\n#6 0x55f696eb3c19 <unknown>\n#7 0x55f696e95343 <unknown>\n#8 0x55f696e66593 <unknown>\n#9 0x55f696e66f5e <unknown>\n#10 0x55f6970f685b <unknown>\n#11 0x55f6970fa7b5 <unknown>\n#12 0x55f6970e4581 <unknown>\n#13 0x55f6970fb342 <unknown>\n#14 0x55f6970c988f <unknown>\n#15 0x55f697121738 <unknown>\n#16 0x55f69712190b <unknown>\n#17 0x55f6971319c4 <unknown>\n#18 0x7f43c66cb134 <unknown>","time":{"start":1712278383376,"stop":1712278384006,"duration":630}},{"uid":"c867cd87b8574f1f","reportUrl":"https://Nat754.github.io/StroyremAutomation/267//#testresult/c867cd87b8574f1f","status":"skipped","statusDetails":"XFAIL\n\nselenium.common.exceptions.NoSuchElementException: Message: no such element: Unable to locate element: {\"method\":\"xpath\",\"selector\":\"(//a[@class='add-to-cart yellow-btn'])[1]\"}\n  (Session info: chrome-headless-shell=123.0.6312.86); For documentation on this error, please visit: https://www.selenium.dev/documentation/webdriver/troubleshooting/errors#no-such-element-exception\nStacktrace:\n#0 0x55d8da06b8a3 <unknown>\n#1 0x55d8d9d618c6 <unknown>\n#2 0x55d8d9dac618 <unknown>\n#3 0x55d8d9dac6d1 <unknown>\n#4 0x55d8d9def744 <unknown>\n#5 0x55d8d9dce5cd <unknown>\n#6 0x55d8d9decc19 <unknown>\n#7 0x55d8d9dce343 <unknown>\n#8 0x55d8d9d9f593 <unknown>\n#9 0x55d8d9d9ff5e <unknown>\n#10 0x55d8da02f88b <unknown>\n#11 0x55d8da0337e5 <unknown>\n#12 0x55d8da01d5b1 <unknown>\n#13 0x55d8da034372 <unknown>\n#14 0x55d8da0028bf <unknown>\n#15 0x55d8da05a768 <unknown>\n#16 0x55d8da05a93b <unknown>\n#17 0x55d8da06a9f4 <unknown>\n#18 0x7ff0a0ccb134 <unknown>","time":{"start":1712192162330,"stop":1712192162627,"duration":297}},{"uid":"7a6fe53c08316f2","reportUrl":"https://Nat754.github.io/StroyremAutomation/266//#testresult/7a6fe53c08316f2","status":"skipped","statusDetails":"XFAIL\n\nselenium.common.exceptions.NoSuchElementException: Message: no such element: Unable to locate element: {\"method\":\"xpath\",\"selector\":\"(//a[@class='add-to-cart yellow-btn'])[1]\"}\n  (Session info: chrome-headless-shell=123.0.6312.86); For documentation on this error, please visit: https://www.selenium.dev/documentation/webdriver/troubleshooting/errors#no-such-element-exception\nStacktrace:\n#0 0x5588c3b758a3 <unknown>\n#1 0x5588c386b8c6 <unknown>\n#2 0x5588c38b6618 <unknown>\n#3 0x5588c38b66d1 <unknown>\n#4 0x5588c38f9744 <unknown>\n#5 0x5588c38d85cd <unknown>\n#6 0x5588c38f6c19 <unknown>\n#7 0x5588c38d8343 <unknown>\n#8 0x5588c38a9593 <unknown>\n#9 0x5588c38a9f5e <unknown>\n#10 0x5588c3b3988b <unknown>\n#11 0x5588c3b3d7e5 <unknown>\n#12 0x5588c3b275b1 <unknown>\n#13 0x5588c3b3e372 <unknown>\n#14 0x5588c3b0c8bf <unknown>\n#15 0x5588c3b64768 <unknown>\n#16 0x5588c3b6493b <unknown>\n#17 0x5588c3b749f4 <unknown>\n#18 0x7f51212ad134 <unknown>","time":{"start":1712105533723,"stop":1712105534021,"duration":298}},{"uid":"1ba713df80787614","reportUrl":"https://Nat754.github.io/StroyremAutomation/265//#testresult/1ba713df80787614","status":"skipped","statusDetails":"XFAIL\n\nselenium.common.exceptions.NoSuchElementException: Message: no such element: Unable to locate element: {\"method\":\"xpath\",\"selector\":\"(//a[@class='add-to-cart yellow-btn'])[1]\"}\n  (Session info: chrome-headless-shell=123.0.6312.86); For documentation on this error, please visit: https://www.selenium.dev/documentation/webdriver/troubleshooting/errors#no-such-element-exception\nStacktrace:\n#0 0x55ed8c48f8a3 <unknown>\n#1 0x55ed8c1858c6 <unknown>\n#2 0x55ed8c1d0618 <unknown>\n#3 0x55ed8c1d06d1 <unknown>\n#4 0x55ed8c213744 <unknown>\n#5 0x55ed8c1f25cd <unknown>\n#6 0x55ed8c210c19 <unknown>\n#7 0x55ed8c1f2343 <unknown>\n#8 0x55ed8c1c3593 <unknown>\n#9 0x55ed8c1c3f5e <unknown>\n#10 0x55ed8c45388b <unknown>\n#11 0x55ed8c4577e5 <unknown>\n#12 0x55ed8c4415b1 <unknown>\n#13 0x55ed8c458372 <unknown>\n#14 0x55ed8c4268bf <unknown>\n#15 0x55ed8c47e768 <unknown>\n#16 0x55ed8c47e93b <unknown>\n#17 0x55ed8c48e9f4 <unknown>\n#18 0x7f0bd04cb134 <unknown>","time":{"start":1712019297796,"stop":1712019298199,"duration":403}},{"uid":"b690fcfee2d9c766","reportUrl":"https://Nat754.github.io/StroyremAutomation/264//#testresult/b690fcfee2d9c766","status":"skipped","statusDetails":"XFAIL\n\nselenium.common.exceptions.NoSuchElementException: Message: no such element: Unable to locate element: {\"method\":\"xpath\",\"selector\":\"(//a[@class='add-to-cart yellow-btn'])[1]\"}\n  (Session info: chrome-headless-shell=123.0.6312.86); For documentation on this error, please visit: https://www.selenium.dev/documentation/webdriver/troubleshooting/errors#no-such-element-exception\nStacktrace:\n#0 0x5562149c48a3 <unknown>\n#1 0x5562146ba8c6 <unknown>\n#2 0x556214705618 <unknown>\n#3 0x5562147056d1 <unknown>\n#4 0x556214748744 <unknown>\n#5 0x5562147275cd <unknown>\n#6 0x556214745c19 <unknown>\n#7 0x556214727343 <unknown>\n#8 0x5562146f8593 <unknown>\n#9 0x5562146f8f5e <unknown>\n#10 0x55621498888b <unknown>\n#11 0x55621498c7e5 <unknown>\n#12 0x5562149765b1 <unknown>\n#13 0x55621498d372 <unknown>\n#14 0x55621495b8bf <unknown>\n#15 0x5562149b3768 <unknown>\n#16 0x5562149b393b <unknown>\n#17 0x5562149c39f4 <unknown>\n#18 0x7f5e444a7134 <unknown>","time":{"start":1711933113254,"stop":1711933113686,"duration":432}},{"uid":"60e2c989247dc87c","reportUrl":"https://Nat754.github.io/StroyremAutomation/263//#testresult/60e2c989247dc87c","status":"skipped","statusDetails":"XFAIL\n\nselenium.common.exceptions.NoSuchElementException: Message: no such element: Unable to locate element: {\"method\":\"xpath\",\"selector\":\"(//a[@class='add-to-cart yellow-btn'])[1]\"}\n  (Session info: chrome-headless-shell=123.0.6312.86); For documentation on this error, please visit: https://www.selenium.dev/documentation/webdriver/troubleshooting/errors#no-such-element-exception\nStacktrace:\n#0 0x55d0662fe8a3 <unknown>\n#1 0x55d065ff48c6 <unknown>\n#2 0x55d06603f618 <unknown>\n#3 0x55d06603f6d1 <unknown>\n#4 0x55d066082744 <unknown>\n#5 0x55d0660615cd <unknown>\n#6 0x55d06607fc19 <unknown>\n#7 0x55d066061343 <unknown>\n#8 0x55d066032593 <unknown>\n#9 0x55d066032f5e <unknown>\n#10 0x55d0662c288b <unknown>\n#11 0x55d0662c67e5 <unknown>\n#12 0x55d0662b05b1 <unknown>\n#13 0x55d0662c7372 <unknown>\n#14 0x55d0662958bf <unknown>\n#15 0x55d0662ed768 <unknown>\n#16 0x55d0662ed93b <unknown>\n#17 0x55d0662fd9f4 <unknown>\n#18 0x7f4e2357d134 <unknown>","time":{"start":1711846666295,"stop":1711846666706,"duration":411}},{"uid":"2ec077b8ef52c5da","reportUrl":"https://Nat754.github.io/StroyremAutomation/262//#testresult/2ec077b8ef52c5da","status":"skipped","statusDetails":"XFAIL\n\nselenium.common.exceptions.NoSuchElementException: Message: no such element: Unable to locate element: {\"method\":\"xpath\",\"selector\":\"(//a[@class='add-to-cart yellow-btn'])[1]\"}\n  (Session info: chrome-headless-shell=123.0.6312.86); For documentation on this error, please visit: https://www.selenium.dev/documentation/webdriver/troubleshooting/errors#no-such-element-exception\nStacktrace:\n#0 0x559c663898a3 <unknown>\n#1 0x559c6607f8c6 <unknown>\n#2 0x559c660ca618 <unknown>\n#3 0x559c660ca6d1 <unknown>\n#4 0x559c6610d744 <unknown>\n#5 0x559c660ec5cd <unknown>\n#6 0x559c6610ac19 <unknown>\n#7 0x559c660ec343 <unknown>\n#8 0x559c660bd593 <unknown>\n#9 0x559c660bdf5e <unknown>\n#10 0x559c6634d88b <unknown>\n#11 0x559c663517e5 <unknown>\n#12 0x559c6633b5b1 <unknown>\n#13 0x559c66352372 <unknown>\n#14 0x559c663208bf <unknown>\n#15 0x559c66378768 <unknown>\n#16 0x559c6637893b <unknown>\n#17 0x559c663889f4 <unknown>\n#18 0x7f16c2267134 <unknown>","time":{"start":1711759819982,"stop":1711759820442,"duration":460}},{"uid":"ef748dd117a66de1","reportUrl":"https://Nat754.github.io/StroyremAutomation/261//#testresult/ef748dd117a66de1","status":"skipped","statusDetails":"XFAIL\n\nselenium.common.exceptions.NoSuchElementException: Message: no such element: Unable to locate element: {\"method\":\"xpath\",\"selector\":\"(//a[@class='add-to-cart yellow-btn'])[1]\"}\n  (Session info: chrome-headless-shell=123.0.6312.86); For documentation on this error, please visit: https://www.selenium.dev/documentation/webdriver/troubleshooting/errors#no-such-element-exception\nStacktrace:\n#0 0x5556d2ecb8a3 <unknown>\n#1 0x5556d2bc18c6 <unknown>\n#2 0x5556d2c0c618 <unknown>\n#3 0x5556d2c0c6d1 <unknown>\n#4 0x5556d2c4f744 <unknown>\n#5 0x5556d2c2e5cd <unknown>\n#6 0x5556d2c4cc19 <unknown>\n#7 0x5556d2c2e343 <unknown>\n#8 0x5556d2bff593 <unknown>\n#9 0x5556d2bfff5e <unknown>\n#10 0x5556d2e8f88b <unknown>\n#11 0x5556d2e937e5 <unknown>\n#12 0x5556d2e7d5b1 <unknown>\n#13 0x5556d2e94372 <unknown>\n#14 0x5556d2e628bf <unknown>\n#15 0x5556d2eba768 <unknown>\n#16 0x5556d2eba93b <unknown>\n#17 0x5556d2eca9f4 <unknown>\n#18 0x7f8c33d95134 <unknown>","time":{"start":1711673568790,"stop":1711673569243,"duration":453}},{"uid":"443d5da0500f8eb7","reportUrl":"https://Nat754.github.io/StroyremAutomation/260//#testresult/443d5da0500f8eb7","status":"skipped","statusDetails":"XFAIL\n\nselenium.common.exceptions.NoSuchElementException: Message: no such element: Unable to locate element: {\"method\":\"xpath\",\"selector\":\"(//a[@class='add-to-cart yellow-btn'])[1]\"}\n  (Session info: chrome-headless-shell=123.0.6312.86); For documentation on this error, please visit: https://www.selenium.dev/documentation/webdriver/troubleshooting/errors#no-such-element-exception\nStacktrace:\n#0 0x56466666f8a3 <unknown>\n#1 0x5646663658c6 <unknown>\n#2 0x5646663b0618 <unknown>\n#3 0x5646663b06d1 <unknown>\n#4 0x5646663f3744 <unknown>\n#5 0x5646663d25cd <unknown>\n#6 0x5646663f0c19 <unknown>\n#7 0x5646663d2343 <unknown>\n#8 0x5646663a3593 <unknown>\n#9 0x5646663a3f5e <unknown>\n#10 0x56466663388b <unknown>\n#11 0x5646666377e5 <unknown>\n#12 0x5646666215b1 <unknown>\n#13 0x564666638372 <unknown>\n#14 0x5646666068bf <unknown>\n#15 0x56466665e768 <unknown>\n#16 0x56466665e93b <unknown>\n#17 0x56466666e9f4 <unknown>\n#18 0x7f0d8a3ee134 <unknown>","time":{"start":1711587171776,"stop":1711587172303,"duration":527}},{"uid":"20d89297e2885976","reportUrl":"https://Nat754.github.io/StroyremAutomation/259//#testresult/20d89297e2885976","status":"skipped","statusDetails":"XFAIL\n\nselenium.common.exceptions.NoSuchElementException: Message: no such element: Unable to locate element: {\"method\":\"xpath\",\"selector\":\"(//a[@class='add-to-cart yellow-btn'])[1]\"}\n  (Session info: chrome-headless-shell=123.0.6312.86); For documentation on this error, please visit: https://www.selenium.dev/documentation/webdriver/troubleshooting/errors#no-such-element-exception\nStacktrace:\n#0 0x55d737bb38a3 <unknown>\n#1 0x55d7378a98c6 <unknown>\n#2 0x55d7378f4618 <unknown>\n#3 0x55d7378f46d1 <unknown>\n#4 0x55d737937744 <unknown>\n#5 0x55d7379165cd <unknown>\n#6 0x55d737934c19 <unknown>\n#7 0x55d737916343 <unknown>\n#8 0x55d7378e7593 <unknown>\n#9 0x55d7378e7f5e <unknown>\n#10 0x55d737b7788b <unknown>\n#11 0x55d737b7b7e5 <unknown>\n#12 0x55d737b655b1 <unknown>\n#13 0x55d737b7c372 <unknown>\n#14 0x55d737b4a8bf <unknown>\n#15 0x55d737ba2768 <unknown>\n#16 0x55d737ba293b <unknown>\n#17 0x55d737bb29f4 <unknown>\n#18 0x7fad2ff2d134 <unknown>","time":{"start":1711500724428,"stop":1711500724765,"duration":337}},{"uid":"2e201fece406c6e","reportUrl":"https://Nat754.github.io/StroyremAutomation/258//#testresult/2e201fece406c6e","status":"skipped","statusDetails":"XFAIL\n\nselenium.common.exceptions.NoSuchElementException: Message: no such element: Unable to locate element: {\"method\":\"xpath\",\"selector\":\"(//a[@class='add-to-cart yellow-btn'])[1]\"}\n  (Session info: chrome-headless-shell=123.0.6312.58); For documentation on this error, please visit: https://www.selenium.dev/documentation/webdriver/troubleshooting/errors#no-such-element-exception\nStacktrace:\n#0 0x561017d65993 <unknown>\n#1 0x561017a60136 <unknown>\n#2 0x561017aaad48 <unknown>\n#3 0x561017aaae01 <unknown>\n#4 0x561017aede44 <unknown>\n#5 0x561017acccfd <unknown>\n#6 0x561017aeb319 <unknown>\n#7 0x561017acca73 <unknown>\n#8 0x561017a9dc93 <unknown>\n#9 0x561017a9e65e <unknown>\n#10 0x561017d2a08b <unknown>\n#11 0x561017d2e005 <unknown>\n#12 0x561017d18491 <unknown>\n#13 0x561017d2eb92 <unknown>\n#14 0x561017cfd9ef <unknown>\n#15 0x561017d54df8 <unknown>\n#16 0x561017d54fcb <unknown>\n#17 0x561017d64ae4 <unknown>\n#18 0x7f2588f9f134 <unknown>","time":{"start":1711414381022,"stop":1711414381771,"duration":749}},{"uid":"60fc0eabe93163a3","reportUrl":"https://Nat754.github.io/StroyremAutomation/257//#testresult/60fc0eabe93163a3","status":"skipped","statusDetails":"XFAIL\n\nselenium.common.exceptions.NoSuchElementException: Message: no such element: Unable to locate element: {\"method\":\"xpath\",\"selector\":\"(//a[@class='add-to-cart yellow-btn'])[1]\"}\n  (Session info: chrome-headless-shell=123.0.6312.58); For documentation on this error, please visit: https://www.selenium.dev/documentation/webdriver/troubleshooting/errors#no-such-element-exception\nStacktrace:\n#0 0x5654b2220993 <unknown>\n#1 0x5654b1f1b136 <unknown>\n#2 0x5654b1f65d48 <unknown>\n#3 0x5654b1f65e01 <unknown>\n#4 0x5654b1fa8e44 <unknown>\n#5 0x5654b1f87cfd <unknown>\n#6 0x5654b1fa6319 <unknown>\n#7 0x5654b1f87a73 <unknown>\n#8 0x5654b1f58c93 <unknown>\n#9 0x5654b1f5965e <unknown>\n#10 0x5654b21e508b <unknown>\n#11 0x5654b21e9005 <unknown>\n#12 0x5654b21d3491 <unknown>\n#13 0x5654b21e9b92 <unknown>\n#14 0x5654b21b89ef <unknown>\n#15 0x5654b220fdf8 <unknown>\n#16 0x5654b220ffcb <unknown>\n#17 0x5654b221fae4 <unknown>\n#18 0x7fec090db134 <unknown>","time":{"start":1711328047327,"stop":1711328047615,"duration":288}},{"uid":"da43cc4c004af0df","reportUrl":"https://Nat754.github.io/StroyremAutomation/256//#testresult/da43cc4c004af0df","status":"skipped","statusDetails":"XFAIL\n\nselenium.common.exceptions.NoSuchElementException: Message: no such element: Unable to locate element: {\"method\":\"xpath\",\"selector\":\"(//a[@class='add-to-cart yellow-btn'])[1]\"}\n  (Session info: chrome-headless-shell=123.0.6312.58); For documentation on this error, please visit: https://www.selenium.dev/documentation/webdriver/troubleshooting/errors#no-such-element-exception\nStacktrace:\n#0 0x5586256d0993 <unknown>\n#1 0x5586253cb136 <unknown>\n#2 0x558625415d48 <unknown>\n#3 0x558625415e01 <unknown>\n#4 0x558625458e44 <unknown>\n#5 0x558625437cfd <unknown>\n#6 0x558625456319 <unknown>\n#7 0x558625437a73 <unknown>\n#8 0x558625408c93 <unknown>\n#9 0x55862540965e <unknown>\n#10 0x55862569508b <unknown>\n#11 0x558625699005 <unknown>\n#12 0x558625683491 <unknown>\n#13 0x558625699b92 <unknown>\n#14 0x5586256689ef <unknown>\n#15 0x5586256bfdf8 <unknown>\n#16 0x5586256bffcb <unknown>\n#17 0x5586256cfae4 <unknown>\n#18 0x7f82b7db6134 <unknown>","time":{"start":1711241876406,"stop":1711241876868,"duration":462}},{"uid":"c847d744e533244b","reportUrl":"https://Nat754.github.io/StroyremAutomation/255//#testresult/c847d744e533244b","status":"skipped","statusDetails":"XFAIL\n\nselenium.common.exceptions.NoSuchElementException: Message: no such element: Unable to locate element: {\"method\":\"xpath\",\"selector\":\"(//a[@class='add-to-cart yellow-btn'])[1]\"}\n  (Session info: chrome-headless-shell=123.0.6312.58); For documentation on this error, please visit: https://www.selenium.dev/documentation/webdriver/troubleshooting/errors#no-such-element-exception\nStacktrace:\n#0 0x55fd3be71993 <unknown>\n#1 0x55fd3bb6c136 <unknown>\n#2 0x55fd3bbb6d48 <unknown>\n#3 0x55fd3bbb6e01 <unknown>\n#4 0x55fd3bbf9e44 <unknown>\n#5 0x55fd3bbd8cfd <unknown>\n#6 0x55fd3bbf7319 <unknown>\n#7 0x55fd3bbd8a73 <unknown>\n#8 0x55fd3bba9c93 <unknown>\n#9 0x55fd3bbaa65e <unknown>\n#10 0x55fd3be3608b <unknown>\n#11 0x55fd3be3a005 <unknown>\n#12 0x55fd3be24491 <unknown>\n#13 0x55fd3be3ab92 <unknown>\n#14 0x55fd3be099ef <unknown>\n#15 0x55fd3be60df8 <unknown>\n#16 0x55fd3be60fcb <unknown>\n#17 0x55fd3be70ae4 <unknown>\n#18 0x7fa64e897134 <unknown>","time":{"start":1711155039918,"stop":1711155040529,"duration":611}},{"uid":"47b6fd686eb1e3e8","reportUrl":"https://Nat754.github.io/StroyremAutomation/254//#testresult/47b6fd686eb1e3e8","status":"skipped","statusDetails":"XFAIL\n\nselenium.common.exceptions.NoSuchElementException: Message: no such element: Unable to locate element: {\"method\":\"xpath\",\"selector\":\"(//a[@class='add-to-cart yellow-btn'])[1]\"}\n  (Session info: chrome-headless-shell=123.0.6312.58); For documentation on this error, please visit: https://www.selenium.dev/documentation/webdriver/troubleshooting/errors#no-such-element-exception\nStacktrace:\n#0 0x55ddcdd0d993 <unknown>\n#1 0x55ddcda08136 <unknown>\n#2 0x55ddcda52d48 <unknown>\n#3 0x55ddcda52e01 <unknown>\n#4 0x55ddcda95e44 <unknown>\n#5 0x55ddcda74cfd <unknown>\n#6 0x55ddcda93319 <unknown>\n#7 0x55ddcda74a73 <unknown>\n#8 0x55ddcda45c93 <unknown>\n#9 0x55ddcda4665e <unknown>\n#10 0x55ddcdcd208b <unknown>\n#11 0x55ddcdcd6005 <unknown>\n#12 0x55ddcdcc0491 <unknown>\n#13 0x55ddcdcd6b92 <unknown>\n#14 0x55ddcdca59ef <unknown>\n#15 0x55ddcdcfcdf8 <unknown>\n#16 0x55ddcdcfcfcb <unknown>\n#17 0x55ddcdd0cae4 <unknown>\n#18 0x7f9d7f581134 <unknown>","time":{"start":1711068707886,"stop":1711068708442,"duration":556}}]},"tags":["@pytest.mark.xfail","smoke_test"]},"source":"1c62643f2fac3420.json","parameterValues":["2190","16","'TD 005'","1590","'products/shtukaturka-gipsovaya-aksolit-m50-30-kg-mashinnogo-naneseniya'","600","'https://sandboxtest.stroyrem-nn.ru/'","500"]}