{"uid":"b49aef3749307256","name":"TD 025 Доставка товара весом до 10000кг. в синей зоне","fullName":"tests.delivery.test_delivery_calculation.TestDeliveryPageCalculation#test_positive_delivery_blue_zone_smoke","historyId":"5c91f1b6a5c2e7b4c36fa79019f7f7db","time":{"start":1712796849461,"stop":1712796849797,"duration":336},"status":"skipped","statusMessage":"XFAIL\n\nselenium.common.exceptions.NoSuchElementException: Message: no such element: Unable to locate element: {\"method\":\"xpath\",\"selector\":\"(//a[@class='add-to-cart yellow-btn'])[1]\"}\n  (Session info: chrome-headless-shell=123.0.6312.122); For documentation on this error, please visit: https://www.selenium.dev/documentation/webdriver/troubleshooting/errors#no-such-element-exception\nStacktrace:\n#0 0x564cae3eb863 <unknown>\n#1 0x564cae0e18c6 <unknown>\n#2 0x564cae12c618 <unknown>\n#3 0x564cae12c6d1 <unknown>\n#4 0x564cae16f744 <unknown>\n#5 0x564cae14e5cd <unknown>\n#6 0x564cae16cc19 <unknown>\n#7 0x564cae14e343 <unknown>\n#8 0x564cae11f593 <unknown>\n#9 0x564cae11ff5e <unknown>\n#10 0x564cae3af84b <unknown>\n#11 0x564cae3b37a5 <unknown>\n#12 0x564cae39d571 <unknown>\n#13 0x564cae3b4332 <unknown>\n#14 0x564cae38287f <unknown>\n#15 0x564cae3da728 <unknown>\n#16 0x564cae3da8fb <unknown>\n#17 0x564cae3ea9b4 <unknown>\n#18 0x7ff215c11134 <unknown>","statusTrace":"self = <tests.delivery.test_delivery_calculation.TestDeliveryPageCalculation object at 0x7fd9f0635690>\ndriver = <selenium.webdriver.chrome.webdriver.WebDriver (session=\"0c0bbfd3051352e03bb0f47cc931b0a4\")>\nurl = 'https://sandboxtest.stroyrem-nn.ru/', case_id = 'TD 025'\nlink_item = 'products/shtukaturka-gipsovaya-aksolit-m50-30-kg-mashinnogo-naneseniya'\namount = 333, weight = 10000, standard = 7000, in_time = 13900, all_time = 15900\n\n    @pytest.mark.parametrize('case_id, link_item, amount, weight, standard, in_time, all_time', [\n        (\"TD 015\", bundeks_25, 1, 30, 650, 2390, 3320),\n        pytest.param(\n            \"TD 016\", aksolit_30, 8, 300, 650, 2390, 3320,\n            marks=pytest.mark.xfail(reson=\"Цена доставки: - - -\")\n        ),\n        (\"TD 017\", aksolit_30, 13, 400, 650, 2390, 3320),\n        (\"TD 018\", aksolit_30, 16, 500, 850, 2490, 3320),\n        (\"TD 019\", aksolit_30, 25, 1700, 1150, 2490, 3320),\n        (\"TD 020\", aksolit_30, 66, 2000, 1500, 2990, 3650),\n        (\"TD 021\", aksolit_30, 149, 4500, 2600, 4380, 4890),\n        (\"TD 022\", aksolit_30, 166, 5000, 2800, 5490, 5980),\n        pytest.param(\n            \"TD 023\", aksolit_30, 206, 6200, 3300, 7500, 8000,\n            marks=pytest.mark.xfail(reson=\"Цена доставки: 4300 9900 11440\")\n        ),\n        (\"TD 024\", aksolit_30, 299, 9000, 4300, 9900, 11440),\n        (\"TD 025\", aksolit_30, 333, 10000, 7000, 13900, 15900),\n        pytest.param(\n            \"TD 026\", aksolit_30, 366, 11000, 8000, 14900, 19900,\n            marks=pytest.mark.xfail(reson=\"Цена доставки: 7000 13900 15900\")\n        ),\n        pytest.param(\n            \"TD 027\", aksolit_30, 666, 20000, 14000, 16900, 23900,\n            marks=pytest.mark.xfail(reson=\"Цена доставки: 7000 13900 15900\")\n        )\n    ])\n    @pytest.mark.xfail\n    @pytest.mark.smoke_test\n    def test_positive_delivery_blue_zone_smoke(\n            self, driver, url, case_id, link_item, amount, weight, standard, in_time, all_time\n    ):\n        allure.dynamic.title(f\"{case_id} Доставка товара весом до {weight}кг. в синей зоне\")\n    \n        driver.get(f'{url}{link_item}')\n        item_page = ItemPage(driver)\n>       item_page.add_item_to_cart(amount).click_on_cart()\n\ntests/delivery/test_delivery_calculation.py:132: \n_ _ _ _ _ _ _ _ _ _ _ _ _ _ _ _ _ _ _ _ _ _ _ _ _ _ _ _ _ _ _ _ _ _ _ _ _ _ _ _ \npages/item_page.py:40: in add_item_to_cart\n    self.find_element(self._add_item).click()\nbase/seleniumbase.py:17: in find_element\n    return self.driver.find_element(*locator)\n/usr/local/lib/python3.11/site-packages/selenium/webdriver/remote/webdriver.py:739: in find_element\n    return self.execute(Command.FIND_ELEMENT, {\"using\": by, \"value\": value})[\"value\"]\n/usr/local/lib/python3.11/site-packages/selenium/webdriver/remote/webdriver.py:345: in execute\n    self.error_handler.check_response(response)\n_ _ _ _ _ _ _ _ _ _ _ _ _ _ _ _ _ _ _ _ _ _ _ _ _ _ _ _ _ _ _ _ _ _ _ _ _ _ _ _ \n\nself = <selenium.webdriver.remote.errorhandler.ErrorHandler object at 0x7fd9f0608910>\nresponse = {'status': 404, 'value': '{\"value\":{\"error\":\"no such element\",\"message\":\"no such element: Unable to locate element: {\\...\\\\n#16 0x564cae3da8fb \\\\u003Cunknown>\\\\n#17 0x564cae3ea9b4 \\\\u003Cunknown>\\\\n#18 0x7ff215c11134 \\\\u003Cunknown>\\\\n\"}}'}\n\n    def check_response(self, response: Dict[str, Any]) -> None:\n        \"\"\"Checks that a JSON response from the WebDriver does not have an\n        error.\n    \n        :Args:\n         - response - The JSON response from the WebDriver server as a dictionary\n           object.\n    \n        :Raises: If the response contains an error message.\n        \"\"\"\n        status = response.get(\"status\", None)\n        if not status or status == ErrorCode.SUCCESS:\n            return\n        value = None\n        message = response.get(\"message\", \"\")\n        screen: str = response.get(\"screen\", \"\")\n        stacktrace = None\n        if isinstance(status, int):\n            value_json = response.get(\"value\", None)\n            if value_json and isinstance(value_json, str):\n                import json\n    \n                try:\n                    value = json.loads(value_json)\n                    if len(value) == 1:\n                        value = value[\"value\"]\n                    status = value.get(\"error\", None)\n                    if not status:\n                        status = value.get(\"status\", ErrorCode.UNKNOWN_ERROR)\n                        message = value.get(\"value\") or value.get(\"message\")\n                        if not isinstance(message, str):\n                            value = message\n                            message = message.get(\"message\")\n                    else:\n                        message = value.get(\"message\", None)\n                except ValueError:\n                    pass\n    \n        exception_class: Type[WebDriverException]\n        e = ErrorCode()\n        error_codes = [item for item in dir(e) if not item.startswith(\"__\")]\n        for error_code in error_codes:\n            error_info = getattr(ErrorCode, error_code)\n            if isinstance(error_info, list) and status in error_info:\n                exception_class = getattr(ExceptionMapping, error_code, WebDriverException)\n                break\n        else:\n            exception_class = WebDriverException\n    \n        if not value:\n            value = response[\"value\"]\n        if isinstance(value, str):\n            raise exception_class(value)\n        if message == \"\" and \"message\" in value:\n            message = value[\"message\"]\n    \n        screen = None  # type: ignore[assignment]\n        if \"screen\" in value:\n            screen = value[\"screen\"]\n    \n        stacktrace = None\n        st_value = value.get(\"stackTrace\") or value.get(\"stacktrace\")\n        if st_value:\n            if isinstance(st_value, str):\n                stacktrace = st_value.split(\"\\n\")\n            else:\n                stacktrace = []\n                try:\n                    for frame in st_value:\n                        line = frame.get(\"lineNumber\", \"\")\n                        file = frame.get(\"fileName\", \"<anonymous>\")\n                        if line:\n                            file = f\"{file}:{line}\"\n                        meth = frame.get(\"methodName\", \"<anonymous>\")\n                        if \"className\" in frame:\n                            meth = f\"{frame['className']}.{meth}\"\n                        msg = \"    at %s (%s)\"\n                        msg = msg % (meth, file)\n                        stacktrace.append(msg)\n                except TypeError:\n                    pass\n        if exception_class == UnexpectedAlertPresentException:\n            alert_text = None\n            if \"data\" in value:\n                alert_text = value[\"data\"].get(\"text\")\n            elif \"alert\" in value:\n                alert_text = value[\"alert\"].get(\"text\")\n            raise exception_class(message, screen, stacktrace, alert_text)  # type: ignore[call-arg]  # mypy is not smart enough here\n>       raise exception_class(message, screen, stacktrace)\nE       selenium.common.exceptions.NoSuchElementException: Message: no such element: Unable to locate element: {\"method\":\"xpath\",\"selector\":\"(//a[@class='add-to-cart yellow-btn'])[1]\"}\nE         (Session info: chrome-headless-shell=123.0.6312.122); For documentation on this error, please visit: https://www.selenium.dev/documentation/webdriver/troubleshooting/errors#no-such-element-exception\nE       Stacktrace:\nE       #0 0x564cae3eb863 <unknown>\nE       #1 0x564cae0e18c6 <unknown>\nE       #2 0x564cae12c618 <unknown>\nE       #3 0x564cae12c6d1 <unknown>\nE       #4 0x564cae16f744 <unknown>\nE       #5 0x564cae14e5cd <unknown>\nE       #6 0x564cae16cc19 <unknown>\nE       #7 0x564cae14e343 <unknown>\nE       #8 0x564cae11f593 <unknown>\nE       #9 0x564cae11ff5e <unknown>\nE       #10 0x564cae3af84b <unknown>\nE       #11 0x564cae3b37a5 <unknown>\nE       #12 0x564cae39d571 <unknown>\nE       #13 0x564cae3b4332 <unknown>\nE       #14 0x564cae38287f <unknown>\nE       #15 0x564cae3da728 <unknown>\nE       #16 0x564cae3da8fb <unknown>\nE       #17 0x564cae3ea9b4 <unknown>\nE       #18 0x7ff215c11134 <unknown>\n\n/usr/local/lib/python3.11/site-packages/selenium/webdriver/remote/errorhandler.py:229: NoSuchElementException","flaky":false,"newFailed":false,"newBroken":false,"newPassed":false,"retriesCount":0,"retriesStatusChange":false,"beforeStages":[{"name":"_session_faker","time":{"start":1712796579292,"stop":1712796579362,"duration":70},"status":"passed","steps":[],"attachments":[],"parameters":[],"shouldDisplayMessage":false,"stepsCount":0,"attachmentsCount":0,"hasContent":false,"attachmentStep":false},{"name":"clear_allure_results_folder","time":{"start":1712796579362,"stop":1712796579362,"duration":0},"status":"passed","steps":[],"attachments":[],"parameters":[],"shouldDisplayMessage":false,"stepsCount":0,"attachmentsCount":0,"hasContent":false,"attachmentStep":false},{"name":"driver","time":{"start":1712796848676,"stop":1712796849460,"duration":784},"status":"passed","steps":[],"attachments":[],"parameters":[],"shouldDisplayMessage":false,"stepsCount":0,"attachmentsCount":0,"hasContent":false,"attachmentStep":false},{"name":"setup","time":{"start":1712796849460,"stop":1712796849460,"duration":0},"status":"passed","steps":[],"attachments":[],"parameters":[],"shouldDisplayMessage":false,"stepsCount":0,"attachmentsCount":0,"hasContent":false,"attachmentStep":false}],"testStage":{"status":"skipped","statusMessage":"XFAIL\n\nselenium.common.exceptions.NoSuchElementException: Message: no such element: Unable to locate element: {\"method\":\"xpath\",\"selector\":\"(//a[@class='add-to-cart yellow-btn'])[1]\"}\n  (Session info: chrome-headless-shell=123.0.6312.122); For documentation on this error, please visit: https://www.selenium.dev/documentation/webdriver/troubleshooting/errors#no-such-element-exception\nStacktrace:\n#0 0x564cae3eb863 <unknown>\n#1 0x564cae0e18c6 <unknown>\n#2 0x564cae12c618 <unknown>\n#3 0x564cae12c6d1 <unknown>\n#4 0x564cae16f744 <unknown>\n#5 0x564cae14e5cd <unknown>\n#6 0x564cae16cc19 <unknown>\n#7 0x564cae14e343 <unknown>\n#8 0x564cae11f593 <unknown>\n#9 0x564cae11ff5e <unknown>\n#10 0x564cae3af84b <unknown>\n#11 0x564cae3b37a5 <unknown>\n#12 0x564cae39d571 <unknown>\n#13 0x564cae3b4332 <unknown>\n#14 0x564cae38287f <unknown>\n#15 0x564cae3da728 <unknown>\n#16 0x564cae3da8fb <unknown>\n#17 0x564cae3ea9b4 <unknown>\n#18 0x7ff215c11134 <unknown>","statusTrace":"self = <tests.delivery.test_delivery_calculation.TestDeliveryPageCalculation object at 0x7fd9f0635690>\ndriver = <selenium.webdriver.chrome.webdriver.WebDriver (session=\"0c0bbfd3051352e03bb0f47cc931b0a4\")>\nurl = 'https://sandboxtest.stroyrem-nn.ru/', case_id = 'TD 025'\nlink_item = 'products/shtukaturka-gipsovaya-aksolit-m50-30-kg-mashinnogo-naneseniya'\namount = 333, weight = 10000, standard = 7000, in_time = 13900, all_time = 15900\n\n    @pytest.mark.parametrize('case_id, link_item, amount, weight, standard, in_time, all_time', [\n        (\"TD 015\", bundeks_25, 1, 30, 650, 2390, 3320),\n        pytest.param(\n            \"TD 016\", aksolit_30, 8, 300, 650, 2390, 3320,\n            marks=pytest.mark.xfail(reson=\"Цена доставки: - - -\")\n        ),\n        (\"TD 017\", aksolit_30, 13, 400, 650, 2390, 3320),\n        (\"TD 018\", aksolit_30, 16, 500, 850, 2490, 3320),\n        (\"TD 019\", aksolit_30, 25, 1700, 1150, 2490, 3320),\n        (\"TD 020\", aksolit_30, 66, 2000, 1500, 2990, 3650),\n        (\"TD 021\", aksolit_30, 149, 4500, 2600, 4380, 4890),\n        (\"TD 022\", aksolit_30, 166, 5000, 2800, 5490, 5980),\n        pytest.param(\n            \"TD 023\", aksolit_30, 206, 6200, 3300, 7500, 8000,\n            marks=pytest.mark.xfail(reson=\"Цена доставки: 4300 9900 11440\")\n        ),\n        (\"TD 024\", aksolit_30, 299, 9000, 4300, 9900, 11440),\n        (\"TD 025\", aksolit_30, 333, 10000, 7000, 13900, 15900),\n        pytest.param(\n            \"TD 026\", aksolit_30, 366, 11000, 8000, 14900, 19900,\n            marks=pytest.mark.xfail(reson=\"Цена доставки: 7000 13900 15900\")\n        ),\n        pytest.param(\n            \"TD 027\", aksolit_30, 666, 20000, 14000, 16900, 23900,\n            marks=pytest.mark.xfail(reson=\"Цена доставки: 7000 13900 15900\")\n        )\n    ])\n    @pytest.mark.xfail\n    @pytest.mark.smoke_test\n    def test_positive_delivery_blue_zone_smoke(\n            self, driver, url, case_id, link_item, amount, weight, standard, in_time, all_time\n    ):\n        allure.dynamic.title(f\"{case_id} Доставка товара весом до {weight}кг. в синей зоне\")\n    \n        driver.get(f'{url}{link_item}')\n        item_page = ItemPage(driver)\n>       item_page.add_item_to_cart(amount).click_on_cart()\n\ntests/delivery/test_delivery_calculation.py:132: \n_ _ _ _ _ _ _ _ _ _ _ _ _ _ _ _ _ _ _ _ _ _ _ _ _ _ _ _ _ _ _ _ _ _ _ _ _ _ _ _ \npages/item_page.py:40: in add_item_to_cart\n    self.find_element(self._add_item).click()\nbase/seleniumbase.py:17: in find_element\n    return self.driver.find_element(*locator)\n/usr/local/lib/python3.11/site-packages/selenium/webdriver/remote/webdriver.py:739: in find_element\n    return self.execute(Command.FIND_ELEMENT, {\"using\": by, \"value\": value})[\"value\"]\n/usr/local/lib/python3.11/site-packages/selenium/webdriver/remote/webdriver.py:345: in execute\n    self.error_handler.check_response(response)\n_ _ _ _ _ _ _ _ _ _ _ _ _ _ _ _ _ _ _ _ _ _ _ _ _ _ _ _ _ _ _ _ _ _ _ _ _ _ _ _ \n\nself = <selenium.webdriver.remote.errorhandler.ErrorHandler object at 0x7fd9f0608910>\nresponse = {'status': 404, 'value': '{\"value\":{\"error\":\"no such element\",\"message\":\"no such element: Unable to locate element: {\\...\\\\n#16 0x564cae3da8fb \\\\u003Cunknown>\\\\n#17 0x564cae3ea9b4 \\\\u003Cunknown>\\\\n#18 0x7ff215c11134 \\\\u003Cunknown>\\\\n\"}}'}\n\n    def check_response(self, response: Dict[str, Any]) -> None:\n        \"\"\"Checks that a JSON response from the WebDriver does not have an\n        error.\n    \n        :Args:\n         - response - The JSON response from the WebDriver server as a dictionary\n           object.\n    \n        :Raises: If the response contains an error message.\n        \"\"\"\n        status = response.get(\"status\", None)\n        if not status or status == ErrorCode.SUCCESS:\n            return\n        value = None\n        message = response.get(\"message\", \"\")\n        screen: str = response.get(\"screen\", \"\")\n        stacktrace = None\n        if isinstance(status, int):\n            value_json = response.get(\"value\", None)\n            if value_json and isinstance(value_json, str):\n                import json\n    \n                try:\n                    value = json.loads(value_json)\n                    if len(value) == 1:\n                        value = value[\"value\"]\n                    status = value.get(\"error\", None)\n                    if not status:\n                        status = value.get(\"status\", ErrorCode.UNKNOWN_ERROR)\n                        message = value.get(\"value\") or value.get(\"message\")\n                        if not isinstance(message, str):\n                            value = message\n                            message = message.get(\"message\")\n                    else:\n                        message = value.get(\"message\", None)\n                except ValueError:\n                    pass\n    \n        exception_class: Type[WebDriverException]\n        e = ErrorCode()\n        error_codes = [item for item in dir(e) if not item.startswith(\"__\")]\n        for error_code in error_codes:\n            error_info = getattr(ErrorCode, error_code)\n            if isinstance(error_info, list) and status in error_info:\n                exception_class = getattr(ExceptionMapping, error_code, WebDriverException)\n                break\n        else:\n            exception_class = WebDriverException\n    \n        if not value:\n            value = response[\"value\"]\n        if isinstance(value, str):\n            raise exception_class(value)\n        if message == \"\" and \"message\" in value:\n            message = value[\"message\"]\n    \n        screen = None  # type: ignore[assignment]\n        if \"screen\" in value:\n            screen = value[\"screen\"]\n    \n        stacktrace = None\n        st_value = value.get(\"stackTrace\") or value.get(\"stacktrace\")\n        if st_value:\n            if isinstance(st_value, str):\n                stacktrace = st_value.split(\"\\n\")\n            else:\n                stacktrace = []\n                try:\n                    for frame in st_value:\n                        line = frame.get(\"lineNumber\", \"\")\n                        file = frame.get(\"fileName\", \"<anonymous>\")\n                        if line:\n                            file = f\"{file}:{line}\"\n                        meth = frame.get(\"methodName\", \"<anonymous>\")\n                        if \"className\" in frame:\n                            meth = f\"{frame['className']}.{meth}\"\n                        msg = \"    at %s (%s)\"\n                        msg = msg % (meth, file)\n                        stacktrace.append(msg)\n                except TypeError:\n                    pass\n        if exception_class == UnexpectedAlertPresentException:\n            alert_text = None\n            if \"data\" in value:\n                alert_text = value[\"data\"].get(\"text\")\n            elif \"alert\" in value:\n                alert_text = value[\"alert\"].get(\"text\")\n            raise exception_class(message, screen, stacktrace, alert_text)  # type: ignore[call-arg]  # mypy is not smart enough here\n>       raise exception_class(message, screen, stacktrace)\nE       selenium.common.exceptions.NoSuchElementException: Message: no such element: Unable to locate element: {\"method\":\"xpath\",\"selector\":\"(//a[@class='add-to-cart yellow-btn'])[1]\"}\nE         (Session info: chrome-headless-shell=123.0.6312.122); For documentation on this error, please visit: https://www.selenium.dev/documentation/webdriver/troubleshooting/errors#no-such-element-exception\nE       Stacktrace:\nE       #0 0x564cae3eb863 <unknown>\nE       #1 0x564cae0e18c6 <unknown>\nE       #2 0x564cae12c618 <unknown>\nE       #3 0x564cae12c6d1 <unknown>\nE       #4 0x564cae16f744 <unknown>\nE       #5 0x564cae14e5cd <unknown>\nE       #6 0x564cae16cc19 <unknown>\nE       #7 0x564cae14e343 <unknown>\nE       #8 0x564cae11f593 <unknown>\nE       #9 0x564cae11ff5e <unknown>\nE       #10 0x564cae3af84b <unknown>\nE       #11 0x564cae3b37a5 <unknown>\nE       #12 0x564cae39d571 <unknown>\nE       #13 0x564cae3b4332 <unknown>\nE       #14 0x564cae38287f <unknown>\nE       #15 0x564cae3da728 <unknown>\nE       #16 0x564cae3da8fb <unknown>\nE       #17 0x564cae3ea9b4 <unknown>\nE       #18 0x7ff215c11134 <unknown>\n\n/usr/local/lib/python3.11/site-packages/selenium/webdriver/remote/errorhandler.py:229: NoSuchElementException","steps":[{"name":"Добавляем товар в корзину в количестве 333","time":{"start":1712796849785,"stop":1712796849797,"duration":12},"status":"broken","statusMessage":"selenium.common.exceptions.NoSuchElementException: Message: no such element: Unable to locate element: {\"method\":\"xpath\",\"selector\":\"(//a[@class='add-to-cart yellow-btn'])[1]\"}\n  (Session info: chrome-headless-shell=123.0.6312.122); For documentation on this error, please visit: https://www.selenium.dev/documentation/webdriver/troubleshooting/errors#no-such-element-exception\nStacktrace:\n#0 0x564cae3eb863 <unknown>\n#1 0x564cae0e18c6 <unknown>\n#2 0x564cae12c618 <unknown>\n#3 0x564cae12c6d1 <unknown>\n#4 0x564cae16f744 <unknown>\n#5 0x564cae14e5cd <unknown>\n#6 0x564cae16cc19 <unknown>\n#7 0x564cae14e343 <unknown>\n#8 0x564cae11f593 <unknown>\n#9 0x564cae11ff5e <unknown>\n#10 0x564cae3af84b <unknown>\n#11 0x564cae3b37a5 <unknown>\n#12 0x564cae39d571 <unknown>\n#13 0x564cae3b4332 <unknown>\n#14 0x564cae38287f <unknown>\n#15 0x564cae3da728 <unknown>\n#16 0x564cae3da8fb <unknown>\n#17 0x564cae3ea9b4 <unknown>\n#18 0x7ff215c11134 <unknown>\n\n","statusTrace":"  File \"/usr/local/lib/python3.11/site-packages/allure_commons/_allure.py\", line 192, in impl\n    return func(*a, **kw)\n           ^^^^^^^^^^^^^^\n  File \"/app/pages/item_page.py\", line 40, in add_item_to_cart\n    self.find_element(self._add_item).click()\n    ^^^^^^^^^^^^^^^^^^^^^^^^^^^^^^^^^\n  File \"/app/base/seleniumbase.py\", line 17, in find_element\n    return self.driver.find_element(*locator)\n           ^^^^^^^^^^^^^^^^^^^^^^^^^^^^^^^^^^\n  File \"/usr/local/lib/python3.11/site-packages/selenium/webdriver/remote/webdriver.py\", line 739, in find_element\n    return self.execute(Command.FIND_ELEMENT, {\"using\": by, \"value\": value})[\"value\"]\n           ^^^^^^^^^^^^^^^^^^^^^^^^^^^^^^^^^^^^^^^^^^^^^^^^^^^^^^^^^^^^^^^^^\n  File \"/usr/local/lib/python3.11/site-packages/selenium/webdriver/remote/webdriver.py\", line 345, in execute\n    self.error_handler.check_response(response)\n  File \"/usr/local/lib/python3.11/site-packages/selenium/webdriver/remote/errorhandler.py\", line 229, in check_response\n    raise exception_class(message, screen, stacktrace)\n","steps":[],"attachments":[],"parameters":[{"name":"amount","value":"333"}],"shouldDisplayMessage":true,"stepsCount":0,"attachmentsCount":0,"hasContent":true,"attachmentStep":false}],"attachments":[{"uid":"5511a00ef8432b28","name":"Screenshot","source":"5511a00ef8432b28.png","type":"image/png","size":5862},{"uid":"a7480c3f90641286","name":"HTML source","source":"a7480c3f90641286.html","type":"text/html","size":39}],"parameters":[],"shouldDisplayMessage":true,"stepsCount":1,"attachmentsCount":2,"hasContent":true,"attachmentStep":false},"afterStages":[{"name":"setup::0","time":{"start":1712796849920,"stop":1712796849920,"duration":0},"status":"passed","steps":[],"attachments":[],"parameters":[],"shouldDisplayMessage":false,"stepsCount":0,"attachmentsCount":0,"hasContent":false,"attachmentStep":false},{"name":"driver::0","time":{"start":1712796849921,"stop":1712796849978,"duration":57},"status":"passed","steps":[],"attachments":[],"parameters":[],"shouldDisplayMessage":false,"stepsCount":0,"attachmentsCount":0,"hasContent":false,"attachmentStep":false}],"labels":[{"name":"epic","value":"Delivery Page - calculation"},{"name":"tag","value":"smoke_test"},{"name":"tag","value":"@pytest.mark.xfail"},{"name":"parentSuite","value":"tests.delivery"},{"name":"suite","value":"test_delivery_calculation"},{"name":"subSuite","value":"TestDeliveryPageCalculation"},{"name":"host","value":"ad5273f42dd7"},{"name":"thread","value":"1-MainThread"},{"name":"framework","value":"pytest"},{"name":"language","value":"cpython3"},{"name":"package","value":"tests.delivery.test_delivery_calculation"},{"name":"resultFormat","value":"allure2"}],"parameters":[{"name":"all_time","value":"15900"},{"name":"amount","value":"333"},{"name":"case_id","value":"'TD 025'"},{"name":"in_time","value":"13900"},{"name":"link_item","value":"'products/shtukaturka-gipsovaya-aksolit-m50-30-kg-mashinnogo-naneseniya'"},{"name":"standard","value":"7000"},{"name":"url","value":"'https://sandboxtest.stroyrem-nn.ru/'"},{"name":"weight","value":"10000"}],"links":[],"hidden":false,"retry":false,"extra":{"severity":"normal","retries":[],"categories":[],"history":{"statistic":{"failed":0,"broken":13,"skipped":213,"passed":0,"unknown":0,"total":226},"items":[{"uid":"3e195e621e740379","reportUrl":"https://Nat754.github.io/StroyremAutomation/273//#testresult/3e195e621e740379","status":"skipped","statusDetails":"XFAIL\n\nselenium.common.exceptions.NoSuchElementException: Message: no such element: Unable to locate element: {\"method\":\"xpath\",\"selector\":\"(//a[@class='add-to-cart yellow-btn'])[1]\"}\n  (Session info: chrome-headless-shell=123.0.6312.105); For documentation on this error, please visit: https://www.selenium.dev/documentation/webdriver/troubleshooting/errors#no-such-element-exception\nStacktrace:\n#0 0x5583bdd4e873 <unknown>\n#1 0x5583bda448c6 <unknown>\n#2 0x5583bda8f618 <unknown>\n#3 0x5583bda8f6d1 <unknown>\n#4 0x5583bdad2744 <unknown>\n#5 0x5583bdab15cd <unknown>\n#6 0x5583bdacfc19 <unknown>\n#7 0x5583bdab1343 <unknown>\n#8 0x5583bda82593 <unknown>\n#9 0x5583bda82f5e <unknown>\n#10 0x5583bdd1285b <unknown>\n#11 0x5583bdd167b5 <unknown>\n#12 0x5583bdd00581 <unknown>\n#13 0x5583bdd17342 <unknown>\n#14 0x5583bdce588f <unknown>\n#15 0x5583bdd3d738 <unknown>\n#16 0x5583bdd3d90b <unknown>\n#17 0x5583bdd4d9c4 <unknown>\n#18 0x7f6eba329134 <unknown>","time":{"start":1712710393029,"stop":1712710393646,"duration":617}},{"uid":"9cd1078d24b803b1","reportUrl":"https://Nat754.github.io/StroyremAutomation/272//#testresult/9cd1078d24b803b1","status":"skipped","statusDetails":"XFAIL\n\nselenium.common.exceptions.NoSuchElementException: Message: no such element: Unable to locate element: {\"method\":\"xpath\",\"selector\":\"(//a[@class='add-to-cart yellow-btn'])[1]\"}\n  (Session info: chrome-headless-shell=123.0.6312.105); For documentation on this error, please visit: https://www.selenium.dev/documentation/webdriver/troubleshooting/errors#no-such-element-exception\nStacktrace:\n#0 0x5613ccb9e873 <unknown>\n#1 0x5613cc8948c6 <unknown>\n#2 0x5613cc8df618 <unknown>\n#3 0x5613cc8df6d1 <unknown>\n#4 0x5613cc922744 <unknown>\n#5 0x5613cc9015cd <unknown>\n#6 0x5613cc91fc19 <unknown>\n#7 0x5613cc901343 <unknown>\n#8 0x5613cc8d2593 <unknown>\n#9 0x5613cc8d2f5e <unknown>\n#10 0x5613ccb6285b <unknown>\n#11 0x5613ccb667b5 <unknown>\n#12 0x5613ccb50581 <unknown>\n#13 0x5613ccb67342 <unknown>\n#14 0x5613ccb3588f <unknown>\n#15 0x5613ccb8d738 <unknown>\n#16 0x5613ccb8d90b <unknown>\n#17 0x5613ccb9d9c4 <unknown>\n#18 0x7f931eefb134 <unknown>","time":{"start":1712624031206,"stop":1712624031600,"duration":394}},{"uid":"14949f5e922b9022","reportUrl":"https://Nat754.github.io/StroyremAutomation/271//#testresult/14949f5e922b9022","status":"skipped","statusDetails":"XFAIL\n\nselenium.common.exceptions.NoSuchElementException: Message: no such element: Unable to locate element: {\"method\":\"xpath\",\"selector\":\"(//a[@class='add-to-cart yellow-btn'])[1]\"}\n  (Session info: chrome-headless-shell=123.0.6312.105); For documentation on this error, please visit: https://www.selenium.dev/documentation/webdriver/troubleshooting/errors#no-such-element-exception\nStacktrace:\n#0 0x55af031b4873 <unknown>\n#1 0x55af02eaa8c6 <unknown>\n#2 0x55af02ef5618 <unknown>\n#3 0x55af02ef56d1 <unknown>\n#4 0x55af02f38744 <unknown>\n#5 0x55af02f175cd <unknown>\n#6 0x55af02f35c19 <unknown>\n#7 0x55af02f17343 <unknown>\n#8 0x55af02ee8593 <unknown>\n#9 0x55af02ee8f5e <unknown>\n#10 0x55af0317885b <unknown>\n#11 0x55af0317c7b5 <unknown>\n#12 0x55af03166581 <unknown>\n#13 0x55af0317d342 <unknown>\n#14 0x55af0314b88f <unknown>\n#15 0x55af031a3738 <unknown>\n#16 0x55af031a390b <unknown>\n#17 0x55af031b39c4 <unknown>\n#18 0x7f449265f134 <unknown>","time":{"start":1712537692587,"stop":1712537693272,"duration":685}},{"uid":"a7ddd362f7ae922a","reportUrl":"https://Nat754.github.io/StroyremAutomation/270//#testresult/a7ddd362f7ae922a","status":"skipped","statusDetails":"XFAIL\n\nselenium.common.exceptions.NoSuchElementException: Message: no such element: Unable to locate element: {\"method\":\"xpath\",\"selector\":\"(//a[@class='add-to-cart yellow-btn'])[1]\"}\n  (Session info: chrome-headless-shell=123.0.6312.105); For documentation on this error, please visit: https://www.selenium.dev/documentation/webdriver/troubleshooting/errors#no-such-element-exception\nStacktrace:\n#0 0x55a2d55e8873 <unknown>\n#1 0x55a2d52de8c6 <unknown>\n#2 0x55a2d5329618 <unknown>\n#3 0x55a2d53296d1 <unknown>\n#4 0x55a2d536c744 <unknown>\n#5 0x55a2d534b5cd <unknown>\n#6 0x55a2d5369c19 <unknown>\n#7 0x55a2d534b343 <unknown>\n#8 0x55a2d531c593 <unknown>\n#9 0x55a2d531cf5e <unknown>\n#10 0x55a2d55ac85b <unknown>\n#11 0x55a2d55b07b5 <unknown>\n#12 0x55a2d559a581 <unknown>\n#13 0x55a2d55b1342 <unknown>\n#14 0x55a2d557f88f <unknown>\n#15 0x55a2d55d7738 <unknown>\n#16 0x55a2d55d790b <unknown>\n#17 0x55a2d55e79c4 <unknown>\n#18 0x7f679e562134 <unknown>","time":{"start":1712451502648,"stop":1712451503050,"duration":402}},{"uid":"f4d7a0e9db8ad6d6","reportUrl":"https://Nat754.github.io/StroyremAutomation/269//#testresult/f4d7a0e9db8ad6d6","status":"skipped","statusDetails":"XFAIL\n\nselenium.common.exceptions.NoSuchElementException: Message: no such element: Unable to locate element: {\"method\":\"xpath\",\"selector\":\"(//a[@class='add-to-cart yellow-btn'])[1]\"}\n  (Session info: chrome-headless-shell=123.0.6312.105); For documentation on this error, please visit: https://www.selenium.dev/documentation/webdriver/troubleshooting/errors#no-such-element-exception\nStacktrace:\n#0 0x55f9f05e7873 <unknown>\n#1 0x55f9f02dd8c6 <unknown>\n#2 0x55f9f0328618 <unknown>\n#3 0x55f9f03286d1 <unknown>\n#4 0x55f9f036b744 <unknown>\n#5 0x55f9f034a5cd <unknown>\n#6 0x55f9f0368c19 <unknown>\n#7 0x55f9f034a343 <unknown>\n#8 0x55f9f031b593 <unknown>\n#9 0x55f9f031bf5e <unknown>\n#10 0x55f9f05ab85b <unknown>\n#11 0x55f9f05af7b5 <unknown>\n#12 0x55f9f0599581 <unknown>\n#13 0x55f9f05b0342 <unknown>\n#14 0x55f9f057e88f <unknown>\n#15 0x55f9f05d6738 <unknown>\n#16 0x55f9f05d690b <unknown>\n#17 0x55f9f05e69c4 <unknown>\n#18 0x7f3cb4021134 <unknown>","time":{"start":1712364719888,"stop":1712364720216,"duration":328}},{"uid":"68d49a24d1c5f9f1","reportUrl":"https://Nat754.github.io/StroyremAutomation/268//#testresult/68d49a24d1c5f9f1","status":"skipped","statusDetails":"XFAIL\n\nselenium.common.exceptions.NoSuchElementException: Message: no such element: Unable to locate element: {\"method\":\"xpath\",\"selector\":\"(//a[@class='add-to-cart yellow-btn'])[1]\"}\n  (Session info: chrome-headless-shell=123.0.6312.105); For documentation on this error, please visit: https://www.selenium.dev/documentation/webdriver/troubleshooting/errors#no-such-element-exception\nStacktrace:\n#0 0x556af50d4873 <unknown>\n#1 0x556af4dca8c6 <unknown>\n#2 0x556af4e15618 <unknown>\n#3 0x556af4e156d1 <unknown>\n#4 0x556af4e58744 <unknown>\n#5 0x556af4e375cd <unknown>\n#6 0x556af4e55c19 <unknown>\n#7 0x556af4e37343 <unknown>\n#8 0x556af4e08593 <unknown>\n#9 0x556af4e08f5e <unknown>\n#10 0x556af509885b <unknown>\n#11 0x556af509c7b5 <unknown>\n#12 0x556af5086581 <unknown>\n#13 0x556af509d342 <unknown>\n#14 0x556af506b88f <unknown>\n#15 0x556af50c3738 <unknown>\n#16 0x556af50c390b <unknown>\n#17 0x556af50d39c4 <unknown>\n#18 0x7f0b71a14134 <unknown>","time":{"start":1712278415027,"stop":1712278415325,"duration":298}},{"uid":"a0b2bd28bb16d4f9","reportUrl":"https://Nat754.github.io/StroyremAutomation/267//#testresult/a0b2bd28bb16d4f9","status":"skipped","statusDetails":"XFAIL\n\nselenium.common.exceptions.NoSuchElementException: Message: no such element: Unable to locate element: {\"method\":\"xpath\",\"selector\":\"(//a[@class='add-to-cart yellow-btn'])[1]\"}\n  (Session info: chrome-headless-shell=123.0.6312.86); For documentation on this error, please visit: https://www.selenium.dev/documentation/webdriver/troubleshooting/errors#no-such-element-exception\nStacktrace:\n#0 0x55ee69ea28a3 <unknown>\n#1 0x55ee69b988c6 <unknown>\n#2 0x55ee69be3618 <unknown>\n#3 0x55ee69be36d1 <unknown>\n#4 0x55ee69c26744 <unknown>\n#5 0x55ee69c055cd <unknown>\n#6 0x55ee69c23c19 <unknown>\n#7 0x55ee69c05343 <unknown>\n#8 0x55ee69bd6593 <unknown>\n#9 0x55ee69bd6f5e <unknown>\n#10 0x55ee69e6688b <unknown>\n#11 0x55ee69e6a7e5 <unknown>\n#12 0x55ee69e545b1 <unknown>\n#13 0x55ee69e6b372 <unknown>\n#14 0x55ee69e398bf <unknown>\n#15 0x55ee69e91768 <unknown>\n#16 0x55ee69e9193b <unknown>\n#17 0x55ee69ea19f4 <unknown>\n#18 0x7f990b7ea134 <unknown>","time":{"start":1712192188804,"stop":1712192189103,"duration":299}},{"uid":"98b3b2a9f4eace13","reportUrl":"https://Nat754.github.io/StroyremAutomation/266//#testresult/98b3b2a9f4eace13","status":"skipped","statusDetails":"XFAIL\n\nselenium.common.exceptions.NoSuchElementException: Message: no such element: Unable to locate element: {\"method\":\"xpath\",\"selector\":\"(//a[@class='add-to-cart yellow-btn'])[1]\"}\n  (Session info: chrome-headless-shell=123.0.6312.86); For documentation on this error, please visit: https://www.selenium.dev/documentation/webdriver/troubleshooting/errors#no-such-element-exception\nStacktrace:\n#0 0x561986bc88a3 <unknown>\n#1 0x5619868be8c6 <unknown>\n#2 0x561986909618 <unknown>\n#3 0x5619869096d1 <unknown>\n#4 0x56198694c744 <unknown>\n#5 0x56198692b5cd <unknown>\n#6 0x561986949c19 <unknown>\n#7 0x56198692b343 <unknown>\n#8 0x5619868fc593 <unknown>\n#9 0x5619868fcf5e <unknown>\n#10 0x561986b8c88b <unknown>\n#11 0x561986b907e5 <unknown>\n#12 0x561986b7a5b1 <unknown>\n#13 0x561986b91372 <unknown>\n#14 0x561986b5f8bf <unknown>\n#15 0x561986bb7768 <unknown>\n#16 0x561986bb793b <unknown>\n#17 0x561986bc79f4 <unknown>\n#18 0x7f92747df134 <unknown>","time":{"start":1712105561108,"stop":1712105561404,"duration":296}},{"uid":"a33eb6eb1d53a25e","reportUrl":"https://Nat754.github.io/StroyremAutomation/265//#testresult/a33eb6eb1d53a25e","status":"skipped","statusDetails":"XFAIL\n\nselenium.common.exceptions.NoSuchElementException: Message: no such element: Unable to locate element: {\"method\":\"xpath\",\"selector\":\"(//a[@class='add-to-cart yellow-btn'])[1]\"}\n  (Session info: chrome-headless-shell=123.0.6312.86); For documentation on this error, please visit: https://www.selenium.dev/documentation/webdriver/troubleshooting/errors#no-such-element-exception\nStacktrace:\n#0 0x55d92e9788a3 <unknown>\n#1 0x55d92e66e8c6 <unknown>\n#2 0x55d92e6b9618 <unknown>\n#3 0x55d92e6b96d1 <unknown>\n#4 0x55d92e6fc744 <unknown>\n#5 0x55d92e6db5cd <unknown>\n#6 0x55d92e6f9c19 <unknown>\n#7 0x55d92e6db343 <unknown>\n#8 0x55d92e6ac593 <unknown>\n#9 0x55d92e6acf5e <unknown>\n#10 0x55d92e93c88b <unknown>\n#11 0x55d92e9407e5 <unknown>\n#12 0x55d92e92a5b1 <unknown>\n#13 0x55d92e941372 <unknown>\n#14 0x55d92e90f8bf <unknown>\n#15 0x55d92e967768 <unknown>\n#16 0x55d92e96793b <unknown>\n#17 0x55d92e9779f4 <unknown>\n#18 0x7f3810b44134 <unknown>","time":{"start":1712019325117,"stop":1712019325408,"duration":291}},{"uid":"a281ab255e7c51d","reportUrl":"https://Nat754.github.io/StroyremAutomation/264//#testresult/a281ab255e7c51d","status":"skipped","statusDetails":"XFAIL\n\nselenium.common.exceptions.NoSuchElementException: Message: no such element: Unable to locate element: {\"method\":\"xpath\",\"selector\":\"(//a[@class='add-to-cart yellow-btn'])[1]\"}\n  (Session info: chrome-headless-shell=123.0.6312.86); For documentation on this error, please visit: https://www.selenium.dev/documentation/webdriver/troubleshooting/errors#no-such-element-exception\nStacktrace:\n#0 0x55b762aa38a3 <unknown>\n#1 0x55b7627998c6 <unknown>\n#2 0x55b7627e4618 <unknown>\n#3 0x55b7627e46d1 <unknown>\n#4 0x55b762827744 <unknown>\n#5 0x55b7628065cd <unknown>\n#6 0x55b762824c19 <unknown>\n#7 0x55b762806343 <unknown>\n#8 0x55b7627d7593 <unknown>\n#9 0x55b7627d7f5e <unknown>\n#10 0x55b762a6788b <unknown>\n#11 0x55b762a6b7e5 <unknown>\n#12 0x55b762a555b1 <unknown>\n#13 0x55b762a6c372 <unknown>\n#14 0x55b762a3a8bf <unknown>\n#15 0x55b762a92768 <unknown>\n#16 0x55b762a9293b <unknown>\n#17 0x55b762aa29f4 <unknown>\n#18 0x7f94c9dcc134 <unknown>","time":{"start":1711933141954,"stop":1711933142383,"duration":429}},{"uid":"fcb0429b3cc2d237","reportUrl":"https://Nat754.github.io/StroyremAutomation/263//#testresult/fcb0429b3cc2d237","status":"skipped","statusDetails":"XFAIL\n\nselenium.common.exceptions.NoSuchElementException: Message: no such element: Unable to locate element: {\"method\":\"xpath\",\"selector\":\"(//a[@class='add-to-cart yellow-btn'])[1]\"}\n  (Session info: chrome-headless-shell=123.0.6312.86); For documentation on this error, please visit: https://www.selenium.dev/documentation/webdriver/troubleshooting/errors#no-such-element-exception\nStacktrace:\n#0 0x55cc7b1f88a3 <unknown>\n#1 0x55cc7aeee8c6 <unknown>\n#2 0x55cc7af39618 <unknown>\n#3 0x55cc7af396d1 <unknown>\n#4 0x55cc7af7c744 <unknown>\n#5 0x55cc7af5b5cd <unknown>\n#6 0x55cc7af79c19 <unknown>\n#7 0x55cc7af5b343 <unknown>\n#8 0x55cc7af2c593 <unknown>\n#9 0x55cc7af2cf5e <unknown>\n#10 0x55cc7b1bc88b <unknown>\n#11 0x55cc7b1c07e5 <unknown>\n#12 0x55cc7b1aa5b1 <unknown>\n#13 0x55cc7b1c1372 <unknown>\n#14 0x55cc7b18f8bf <unknown>\n#15 0x55cc7b1e7768 <unknown>\n#16 0x55cc7b1e793b <unknown>\n#17 0x55cc7b1f79f4 <unknown>\n#18 0x7fd8c7459134 <unknown>","time":{"start":1711846693271,"stop":1711846693886,"duration":615}},{"uid":"c1dd4b30509dc901","reportUrl":"https://Nat754.github.io/StroyremAutomation/262//#testresult/c1dd4b30509dc901","status":"skipped","statusDetails":"XFAIL\n\nselenium.common.exceptions.NoSuchElementException: Message: no such element: Unable to locate element: {\"method\":\"xpath\",\"selector\":\"(//a[@class='add-to-cart yellow-btn'])[1]\"}\n  (Session info: chrome-headless-shell=123.0.6312.86); For documentation on this error, please visit: https://www.selenium.dev/documentation/webdriver/troubleshooting/errors#no-such-element-exception\nStacktrace:\n#0 0x55a03b3c88a3 <unknown>\n#1 0x55a03b0be8c6 <unknown>\n#2 0x55a03b109618 <unknown>\n#3 0x55a03b1096d1 <unknown>\n#4 0x55a03b14c744 <unknown>\n#5 0x55a03b12b5cd <unknown>\n#6 0x55a03b149c19 <unknown>\n#7 0x55a03b12b343 <unknown>\n#8 0x55a03b0fc593 <unknown>\n#9 0x55a03b0fcf5e <unknown>\n#10 0x55a03b38c88b <unknown>\n#11 0x55a03b3907e5 <unknown>\n#12 0x55a03b37a5b1 <unknown>\n#13 0x55a03b391372 <unknown>\n#14 0x55a03b35f8bf <unknown>\n#15 0x55a03b3b7768 <unknown>\n#16 0x55a03b3b793b <unknown>\n#17 0x55a03b3c79f4 <unknown>\n#18 0x7ff053912134 <unknown>","time":{"start":1711759846179,"stop":1711759846504,"duration":325}},{"uid":"a36dc8a2363900c7","reportUrl":"https://Nat754.github.io/StroyremAutomation/261//#testresult/a36dc8a2363900c7","status":"skipped","statusDetails":"XFAIL\n\nselenium.common.exceptions.NoSuchElementException: Message: no such element: Unable to locate element: {\"method\":\"xpath\",\"selector\":\"(//a[@class='add-to-cart yellow-btn'])[1]\"}\n  (Session info: chrome-headless-shell=123.0.6312.86); For documentation on this error, please visit: https://www.selenium.dev/documentation/webdriver/troubleshooting/errors#no-such-element-exception\nStacktrace:\n#0 0x559bbc27c8a3 <unknown>\n#1 0x559bbbf728c6 <unknown>\n#2 0x559bbbfbd618 <unknown>\n#3 0x559bbbfbd6d1 <unknown>\n#4 0x559bbc000744 <unknown>\n#5 0x559bbbfdf5cd <unknown>\n#6 0x559bbbffdc19 <unknown>\n#7 0x559bbbfdf343 <unknown>\n#8 0x559bbbfb0593 <unknown>\n#9 0x559bbbfb0f5e <unknown>\n#10 0x559bbc24088b <unknown>\n#11 0x559bbc2447e5 <unknown>\n#12 0x559bbc22e5b1 <unknown>\n#13 0x559bbc245372 <unknown>\n#14 0x559bbc2138bf <unknown>\n#15 0x559bbc26b768 <unknown>\n#16 0x559bbc26b93b <unknown>\n#17 0x559bbc27b9f4 <unknown>\n#18 0x7f0b5626d134 <unknown>","time":{"start":1711673594456,"stop":1711673594775,"duration":319}},{"uid":"c27ff53d02fc7a0a","reportUrl":"https://Nat754.github.io/StroyremAutomation/260//#testresult/c27ff53d02fc7a0a","status":"skipped","statusDetails":"XFAIL\n\nselenium.common.exceptions.NoSuchElementException: Message: no such element: Unable to locate element: {\"method\":\"xpath\",\"selector\":\"(//a[@class='add-to-cart yellow-btn'])[1]\"}\n  (Session info: chrome-headless-shell=123.0.6312.86); For documentation on this error, please visit: https://www.selenium.dev/documentation/webdriver/troubleshooting/errors#no-such-element-exception\nStacktrace:\n#0 0x55ca2ef768a3 <unknown>\n#1 0x55ca2ec6c8c6 <unknown>\n#2 0x55ca2ecb7618 <unknown>\n#3 0x55ca2ecb76d1 <unknown>\n#4 0x55ca2ecfa744 <unknown>\n#5 0x55ca2ecd95cd <unknown>\n#6 0x55ca2ecf7c19 <unknown>\n#7 0x55ca2ecd9343 <unknown>\n#8 0x55ca2ecaa593 <unknown>\n#9 0x55ca2ecaaf5e <unknown>\n#10 0x55ca2ef3a88b <unknown>\n#11 0x55ca2ef3e7e5 <unknown>\n#12 0x55ca2ef285b1 <unknown>\n#13 0x55ca2ef3f372 <unknown>\n#14 0x55ca2ef0d8bf <unknown>\n#15 0x55ca2ef65768 <unknown>\n#16 0x55ca2ef6593b <unknown>\n#17 0x55ca2ef759f4 <unknown>\n#18 0x7fb7ab28b134 <unknown>","time":{"start":1711587198152,"stop":1711587198690,"duration":538}},{"uid":"7ca8369474a3fc4d","reportUrl":"https://Nat754.github.io/StroyremAutomation/259//#testresult/7ca8369474a3fc4d","status":"skipped","statusDetails":"XFAIL\n\nselenium.common.exceptions.NoSuchElementException: Message: no such element: Unable to locate element: {\"method\":\"xpath\",\"selector\":\"(//a[@class='add-to-cart yellow-btn'])[1]\"}\n  (Session info: chrome-headless-shell=123.0.6312.86); For documentation on this error, please visit: https://www.selenium.dev/documentation/webdriver/troubleshooting/errors#no-such-element-exception\nStacktrace:\n#0 0x55b3244568a3 <unknown>\n#1 0x55b32414c8c6 <unknown>\n#2 0x55b324197618 <unknown>\n#3 0x55b3241976d1 <unknown>\n#4 0x55b3241da744 <unknown>\n#5 0x55b3241b95cd <unknown>\n#6 0x55b3241d7c19 <unknown>\n#7 0x55b3241b9343 <unknown>\n#8 0x55b32418a593 <unknown>\n#9 0x55b32418af5e <unknown>\n#10 0x55b32441a88b <unknown>\n#11 0x55b32441e7e5 <unknown>\n#12 0x55b3244085b1 <unknown>\n#13 0x55b32441f372 <unknown>\n#14 0x55b3243ed8bf <unknown>\n#15 0x55b324445768 <unknown>\n#16 0x55b32444593b <unknown>\n#17 0x55b3244559f4 <unknown>\n#18 0x7f183d4b7134 <unknown>","time":{"start":1711500751186,"stop":1711500751516,"duration":330}},{"uid":"95ce4e243d509056","reportUrl":"https://Nat754.github.io/StroyremAutomation/258//#testresult/95ce4e243d509056","status":"skipped","statusDetails":"XFAIL\n\nselenium.common.exceptions.NoSuchElementException: Message: no such element: Unable to locate element: {\"method\":\"xpath\",\"selector\":\"(//a[@class='add-to-cart yellow-btn'])[1]\"}\n  (Session info: chrome-headless-shell=123.0.6312.58); For documentation on this error, please visit: https://www.selenium.dev/documentation/webdriver/troubleshooting/errors#no-such-element-exception\nStacktrace:\n#0 0x55e062872993 <unknown>\n#1 0x55e06256d136 <unknown>\n#2 0x55e0625b7d48 <unknown>\n#3 0x55e0625b7e01 <unknown>\n#4 0x55e0625fae44 <unknown>\n#5 0x55e0625d9cfd <unknown>\n#6 0x55e0625f8319 <unknown>\n#7 0x55e0625d9a73 <unknown>\n#8 0x55e0625aac93 <unknown>\n#9 0x55e0625ab65e <unknown>\n#10 0x55e06283708b <unknown>\n#11 0x55e06283b005 <unknown>\n#12 0x55e062825491 <unknown>\n#13 0x55e06283bb92 <unknown>\n#14 0x55e06280a9ef <unknown>\n#15 0x55e062861df8 <unknown>\n#16 0x55e062861fcb <unknown>\n#17 0x55e062871ae4 <unknown>\n#18 0x7f73d223f134 <unknown>","time":{"start":1711414408354,"stop":1711414408737,"duration":383}},{"uid":"c425203be6940dfb","reportUrl":"https://Nat754.github.io/StroyremAutomation/257//#testresult/c425203be6940dfb","status":"skipped","statusDetails":"XFAIL\n\nselenium.common.exceptions.NoSuchElementException: Message: no such element: Unable to locate element: {\"method\":\"xpath\",\"selector\":\"(//a[@class='add-to-cart yellow-btn'])[1]\"}\n  (Session info: chrome-headless-shell=123.0.6312.58); For documentation on this error, please visit: https://www.selenium.dev/documentation/webdriver/troubleshooting/errors#no-such-element-exception\nStacktrace:\n#0 0x5587331c6993 <unknown>\n#1 0x558732ec1136 <unknown>\n#2 0x558732f0bd48 <unknown>\n#3 0x558732f0be01 <unknown>\n#4 0x558732f4ee44 <unknown>\n#5 0x558732f2dcfd <unknown>\n#6 0x558732f4c319 <unknown>\n#7 0x558732f2da73 <unknown>\n#8 0x558732efec93 <unknown>\n#9 0x558732eff65e <unknown>\n#10 0x55873318b08b <unknown>\n#11 0x55873318f005 <unknown>\n#12 0x558733179491 <unknown>\n#13 0x55873318fb92 <unknown>\n#14 0x55873315e9ef <unknown>\n#15 0x5587331b5df8 <unknown>\n#16 0x5587331b5fcb <unknown>\n#17 0x5587331c5ae4 <unknown>\n#18 0x7f96475ca134 <unknown>","time":{"start":1711328075426,"stop":1711328075714,"duration":288}},{"uid":"abdff3c8df56600e","reportUrl":"https://Nat754.github.io/StroyremAutomation/256//#testresult/abdff3c8df56600e","status":"skipped","statusDetails":"XFAIL\n\nselenium.common.exceptions.NoSuchElementException: Message: no such element: Unable to locate element: {\"method\":\"xpath\",\"selector\":\"(//a[@class='add-to-cart yellow-btn'])[1]\"}\n  (Session info: chrome-headless-shell=123.0.6312.58); For documentation on this error, please visit: https://www.selenium.dev/documentation/webdriver/troubleshooting/errors#no-such-element-exception\nStacktrace:\n#0 0x55e4c0f13993 <unknown>\n#1 0x55e4c0c0e136 <unknown>\n#2 0x55e4c0c58d48 <unknown>\n#3 0x55e4c0c58e01 <unknown>\n#4 0x55e4c0c9be44 <unknown>\n#5 0x55e4c0c7acfd <unknown>\n#6 0x55e4c0c99319 <unknown>\n#7 0x55e4c0c7aa73 <unknown>\n#8 0x55e4c0c4bc93 <unknown>\n#9 0x55e4c0c4c65e <unknown>\n#10 0x55e4c0ed808b <unknown>\n#11 0x55e4c0edc005 <unknown>\n#12 0x55e4c0ec6491 <unknown>\n#13 0x55e4c0edcb92 <unknown>\n#14 0x55e4c0eab9ef <unknown>\n#15 0x55e4c0f02df8 <unknown>\n#16 0x55e4c0f02fcb <unknown>\n#17 0x55e4c0f12ae4 <unknown>\n#18 0x7f0d2b541134 <unknown>","time":{"start":1711241903189,"stop":1711241903521,"duration":332}},{"uid":"b9229d17dc6d2360","reportUrl":"https://Nat754.github.io/StroyremAutomation/255//#testresult/b9229d17dc6d2360","status":"skipped","statusDetails":"XFAIL\n\nselenium.common.exceptions.NoSuchElementException: Message: no such element: Unable to locate element: {\"method\":\"xpath\",\"selector\":\"(//a[@class='add-to-cart yellow-btn'])[1]\"}\n  (Session info: chrome-headless-shell=123.0.6312.58); For documentation on this error, please visit: https://www.selenium.dev/documentation/webdriver/troubleshooting/errors#no-such-element-exception\nStacktrace:\n#0 0x55e7d1677993 <unknown>\n#1 0x55e7d1372136 <unknown>\n#2 0x55e7d13bcd48 <unknown>\n#3 0x55e7d13bce01 <unknown>\n#4 0x55e7d13ffe44 <unknown>\n#5 0x55e7d13decfd <unknown>\n#6 0x55e7d13fd319 <unknown>\n#7 0x55e7d13dea73 <unknown>\n#8 0x55e7d13afc93 <unknown>\n#9 0x55e7d13b065e <unknown>\n#10 0x55e7d163c08b <unknown>\n#11 0x55e7d1640005 <unknown>\n#12 0x55e7d162a491 <unknown>\n#13 0x55e7d1640b92 <unknown>\n#14 0x55e7d160f9ef <unknown>\n#15 0x55e7d1666df8 <unknown>\n#16 0x55e7d1666fcb <unknown>\n#17 0x55e7d1676ae4 <unknown>\n#18 0x7f089f557134 <unknown>","time":{"start":1711155066849,"stop":1711155067382,"duration":533}},{"uid":"26258bebd212a662","reportUrl":"https://Nat754.github.io/StroyremAutomation/254//#testresult/26258bebd212a662","status":"skipped","statusDetails":"XFAIL\n\nselenium.common.exceptions.NoSuchElementException: Message: no such element: Unable to locate element: {\"method\":\"xpath\",\"selector\":\"(//a[@class='add-to-cart yellow-btn'])[1]\"}\n  (Session info: chrome-headless-shell=123.0.6312.58); For documentation on this error, please visit: https://www.selenium.dev/documentation/webdriver/troubleshooting/errors#no-such-element-exception\nStacktrace:\n#0 0x55c5adb36993 <unknown>\n#1 0x55c5ad831136 <unknown>\n#2 0x55c5ad87bd48 <unknown>\n#3 0x55c5ad87be01 <unknown>\n#4 0x55c5ad8bee44 <unknown>\n#5 0x55c5ad89dcfd <unknown>\n#6 0x55c5ad8bc319 <unknown>\n#7 0x55c5ad89da73 <unknown>\n#8 0x55c5ad86ec93 <unknown>\n#9 0x55c5ad86f65e <unknown>\n#10 0x55c5adafb08b <unknown>\n#11 0x55c5adaff005 <unknown>\n#12 0x55c5adae9491 <unknown>\n#13 0x55c5adaffb92 <unknown>\n#14 0x55c5adace9ef <unknown>\n#15 0x55c5adb25df8 <unknown>\n#16 0x55c5adb25fcb <unknown>\n#17 0x55c5adb35ae4 <unknown>\n#18 0x7f0fced50134 <unknown>","time":{"start":1711068734693,"stop":1711068734981,"duration":288}}]},"tags":["@pytest.mark.xfail","smoke_test"]},"source":"b49aef3749307256.json","parameterValues":["15900","333","'TD 025'","13900","'products/shtukaturka-gipsovaya-aksolit-m50-30-kg-mashinnogo-naneseniya'","7000","'https://sandboxtest.stroyrem-nn.ru/'","10000"]}