{"uid":"3a6b25bbb7f396f1","name":"TD 015 Доставка товара весом до 30кг. в синей зоне","fullName":"tests.delivery.test_delivery_calculation.TestDeliveryPageCalculation#test_positive_delivery_blue_zone_smoke","historyId":"ae12a59ab9fb9a38e23182dccc7cf409","time":{"start":1720141118783,"stop":1720141119198,"duration":415},"status":"skipped","statusMessage":"XFAIL\n\nselenium.common.exceptions.NoSuchElementException: Message: no such element: Unable to locate element: {\"method\":\"xpath\",\"selector\":\"(//a[@class='add-to-cart yellow-btn'])[1]\"}\n  (Session info: chrome-headless-shell=126.0.6478.126); For documentation on this error, please visit: https://www.selenium.dev/documentation/webdriver/troubleshooting/errors#no-such-element-exception\nStacktrace:\n#0 0x556976e22c7a <unknown>\n#1 0x556976b05e2c <unknown>\n#2 0x556976b52661 <unknown>\n#3 0x556976b52751 <unknown>\n#4 0x556976b96f64 <unknown>\n#5 0x556976b755ed <unknown>\n#6 0x556976b94303 <unknown>\n#7 0x556976b75363 <unknown>\n#8 0x556976b45247 <unknown>\n#9 0x556976b45b9e <unknown>\n#10 0x556976de924b <unknown>\n#11 0x556976ded2f1 <unknown>\n#12 0x556976dd4afe <unknown>\n#13 0x556976dede52 <unknown>\n#14 0x556976db979f <unknown>\n#15 0x556976e12638 <unknown>\n#16 0x556976e12810 <unknown>\n#17 0x556976e21dac <unknown>\n#18 0x7efd2ea8b134 <unknown>","statusTrace":"self = <tests.delivery.test_delivery_calculation.TestDeliveryPageCalculation object at 0x7fcf93b6ed10>\ndriver = <selenium.webdriver.chrome.webdriver.WebDriver (session=\"d07c8301b54bbc2a3cba24a7017fed93\")>\nurl = 'https://sandboxtest.stroyrem-nn.ru/', case_id = 'TD 015'\nlink_item = 'products/shtukaturka-tsementnaya-bergauf-bau-putts-tsement-25kg-56sht'\namount = 1, weight = 30, standard = 650, in_time = 2390, all_time = 3320\n\n    @pytest.mark.parametrize('case_id, link_item, amount, weight, standard, in_time, all_time', [\n        (\"TD 015\", bundeks_25, 1, 30, 650, 2390, 3320),\n        pytest.param(\n            \"TD 016\", aksolit_30, 8, 300, 650, 2390, 3320,\n            marks=pytest.mark.xfail(reson=\"Цена доставки: - - -\")\n        ),\n        (\"TD 017\", aksolit_30, 13, 400, 650, 2390, 3320),\n        (\"TD 018\", aksolit_30, 16, 500, 850, 2490, 3320),\n        (\"TD 019\", aksolit_30, 25, 1700, 1150, 2490, 3320),\n        (\"TD 020\", aksolit_30, 66, 2000, 1500, 2990, 3650),\n        (\"TD 021\", aksolit_30, 149, 4500, 2600, 4380, 4890),\n        (\"TD 022\", aksolit_30, 166, 5000, 2800, 5490, 5980),\n        pytest.param(\n            \"TD 023\", aksolit_30, 206, 6200, 3300, 7500, 8000,\n            marks=pytest.mark.xfail(reson=\"Цена доставки: 4300 9900 11440\")\n        ),\n        (\"TD 024\", aksolit_30, 299, 9000, 4300, 9900, 11440),\n        (\"TD 025\", aksolit_30, 333, 10000, 7000, 13900, 15900),\n        pytest.param(\n            \"TD 026\", aksolit_30, 366, 11000, 8000, 14900, 19900,\n            marks=pytest.mark.xfail(reson=\"Цена доставки: 7000 13900 15900\")\n        ),\n        pytest.param(\n            \"TD 027\", aksolit_30, 666, 20000, 14000, 16900, 23900,\n            marks=pytest.mark.xfail(reson=\"Цена доставки: 7000 13900 15900\")\n        )\n    ])\n    @pytest.mark.xfail\n    @pytest.mark.smoke_test\n    def test_positive_delivery_blue_zone_smoke(\n            self, driver, url, case_id, link_item, amount, weight, standard, in_time, all_time\n    ):\n        allure.dynamic.title(f\"{case_id} Доставка товара весом до {weight}кг. в синей зоне\")\n    \n        driver.get(f'{url}{link_item}')\n        item_page = ItemPage(driver)\n>       item_page.add_item_to_cart(amount).click_on_cart()\n\ntests/delivery/test_delivery_calculation.py:132: \n_ _ _ _ _ _ _ _ _ _ _ _ _ _ _ _ _ _ _ _ _ _ _ _ _ _ _ _ _ _ _ _ _ _ _ _ _ _ _ _ \npages/item_page.py:40: in add_item_to_cart\n    self.find_element(self._add_item).click()\nbase/seleniumbase.py:17: in find_element\n    return self.driver.find_element(*locator)\n/usr/local/lib/python3.11/site-packages/selenium/webdriver/remote/webdriver.py:739: in find_element\n    return self.execute(Command.FIND_ELEMENT, {\"using\": by, \"value\": value})[\"value\"]\n/usr/local/lib/python3.11/site-packages/selenium/webdriver/remote/webdriver.py:345: in execute\n    self.error_handler.check_response(response)\n_ _ _ _ _ _ _ _ _ _ _ _ _ _ _ _ _ _ _ _ _ _ _ _ _ _ _ _ _ _ _ _ _ _ _ _ _ _ _ _ \n\nself = <selenium.webdriver.remote.errorhandler.ErrorHandler object at 0x7fcf9294f490>\nresponse = {'status': 404, 'value': '{\"value\":{\"error\":\"no such element\",\"message\":\"no such element: Unable to locate element: {\\...\\\\n#16 0x556976e12810 \\\\u003Cunknown>\\\\n#17 0x556976e21dac \\\\u003Cunknown>\\\\n#18 0x7efd2ea8b134 \\\\u003Cunknown>\\\\n\"}}'}\n\n    def check_response(self, response: Dict[str, Any]) -> None:\n        \"\"\"Checks that a JSON response from the WebDriver does not have an\n        error.\n    \n        :Args:\n         - response - The JSON response from the WebDriver server as a dictionary\n           object.\n    \n        :Raises: If the response contains an error message.\n        \"\"\"\n        status = response.get(\"status\", None)\n        if not status or status == ErrorCode.SUCCESS:\n            return\n        value = None\n        message = response.get(\"message\", \"\")\n        screen: str = response.get(\"screen\", \"\")\n        stacktrace = None\n        if isinstance(status, int):\n            value_json = response.get(\"value\", None)\n            if value_json and isinstance(value_json, str):\n                import json\n    \n                try:\n                    value = json.loads(value_json)\n                    if len(value) == 1:\n                        value = value[\"value\"]\n                    status = value.get(\"error\", None)\n                    if not status:\n                        status = value.get(\"status\", ErrorCode.UNKNOWN_ERROR)\n                        message = value.get(\"value\") or value.get(\"message\")\n                        if not isinstance(message, str):\n                            value = message\n                            message = message.get(\"message\")\n                    else:\n                        message = value.get(\"message\", None)\n                except ValueError:\n                    pass\n    \n        exception_class: Type[WebDriverException]\n        e = ErrorCode()\n        error_codes = [item for item in dir(e) if not item.startswith(\"__\")]\n        for error_code in error_codes:\n            error_info = getattr(ErrorCode, error_code)\n            if isinstance(error_info, list) and status in error_info:\n                exception_class = getattr(ExceptionMapping, error_code, WebDriverException)\n                break\n        else:\n            exception_class = WebDriverException\n    \n        if not value:\n            value = response[\"value\"]\n        if isinstance(value, str):\n            raise exception_class(value)\n        if message == \"\" and \"message\" in value:\n            message = value[\"message\"]\n    \n        screen = None  # type: ignore[assignment]\n        if \"screen\" in value:\n            screen = value[\"screen\"]\n    \n        stacktrace = None\n        st_value = value.get(\"stackTrace\") or value.get(\"stacktrace\")\n        if st_value:\n            if isinstance(st_value, str):\n                stacktrace = st_value.split(\"\\n\")\n            else:\n                stacktrace = []\n                try:\n                    for frame in st_value:\n                        line = frame.get(\"lineNumber\", \"\")\n                        file = frame.get(\"fileName\", \"<anonymous>\")\n                        if line:\n                            file = f\"{file}:{line}\"\n                        meth = frame.get(\"methodName\", \"<anonymous>\")\n                        if \"className\" in frame:\n                            meth = f\"{frame['className']}.{meth}\"\n                        msg = \"    at %s (%s)\"\n                        msg = msg % (meth, file)\n                        stacktrace.append(msg)\n                except TypeError:\n                    pass\n        if exception_class == UnexpectedAlertPresentException:\n            alert_text = None\n            if \"data\" in value:\n                alert_text = value[\"data\"].get(\"text\")\n            elif \"alert\" in value:\n                alert_text = value[\"alert\"].get(\"text\")\n            raise exception_class(message, screen, stacktrace, alert_text)  # type: ignore[call-arg]  # mypy is not smart enough here\n>       raise exception_class(message, screen, stacktrace)\nE       selenium.common.exceptions.NoSuchElementException: Message: no such element: Unable to locate element: {\"method\":\"xpath\",\"selector\":\"(//a[@class='add-to-cart yellow-btn'])[1]\"}\nE         (Session info: chrome-headless-shell=126.0.6478.126); For documentation on this error, please visit: https://www.selenium.dev/documentation/webdriver/troubleshooting/errors#no-such-element-exception\nE       Stacktrace:\nE       #0 0x556976e22c7a <unknown>\nE       #1 0x556976b05e2c <unknown>\nE       #2 0x556976b52661 <unknown>\nE       #3 0x556976b52751 <unknown>\nE       #4 0x556976b96f64 <unknown>\nE       #5 0x556976b755ed <unknown>\nE       #6 0x556976b94303 <unknown>\nE       #7 0x556976b75363 <unknown>\nE       #8 0x556976b45247 <unknown>\nE       #9 0x556976b45b9e <unknown>\nE       #10 0x556976de924b <unknown>\nE       #11 0x556976ded2f1 <unknown>\nE       #12 0x556976dd4afe <unknown>\nE       #13 0x556976dede52 <unknown>\nE       #14 0x556976db979f <unknown>\nE       #15 0x556976e12638 <unknown>\nE       #16 0x556976e12810 <unknown>\nE       #17 0x556976e21dac <unknown>\nE       #18 0x7efd2ea8b134 <unknown>\n\n/usr/local/lib/python3.11/site-packages/selenium/webdriver/remote/errorhandler.py:229: NoSuchElementException","flaky":false,"newFailed":false,"newBroken":false,"newPassed":false,"retriesCount":0,"retriesStatusChange":false,"beforeStages":[{"name":"_session_faker","time":{"start":1720140875167,"stop":1720140875235,"duration":68},"status":"passed","steps":[],"attachments":[],"parameters":[],"shouldDisplayMessage":false,"stepsCount":0,"attachmentsCount":0,"hasContent":false,"attachmentStep":false},{"name":"clear_allure_results_folder","time":{"start":1720140875235,"stop":1720140875235,"duration":0},"status":"passed","steps":[],"attachments":[],"parameters":[],"shouldDisplayMessage":false,"stepsCount":0,"attachmentsCount":0,"hasContent":false,"attachmentStep":false},{"name":"driver","time":{"start":1720141118096,"stop":1720141118781,"duration":685},"status":"passed","steps":[],"attachments":[],"parameters":[],"shouldDisplayMessage":false,"stepsCount":0,"attachmentsCount":0,"hasContent":false,"attachmentStep":false},{"name":"setup","time":{"start":1720141118782,"stop":1720141118782,"duration":0},"status":"passed","steps":[],"attachments":[],"parameters":[],"shouldDisplayMessage":false,"stepsCount":0,"attachmentsCount":0,"hasContent":false,"attachmentStep":false}],"testStage":{"status":"skipped","statusMessage":"XFAIL\n\nselenium.common.exceptions.NoSuchElementException: Message: no such element: Unable to locate element: {\"method\":\"xpath\",\"selector\":\"(//a[@class='add-to-cart yellow-btn'])[1]\"}\n  (Session info: chrome-headless-shell=126.0.6478.126); For documentation on this error, please visit: https://www.selenium.dev/documentation/webdriver/troubleshooting/errors#no-such-element-exception\nStacktrace:\n#0 0x556976e22c7a <unknown>\n#1 0x556976b05e2c <unknown>\n#2 0x556976b52661 <unknown>\n#3 0x556976b52751 <unknown>\n#4 0x556976b96f64 <unknown>\n#5 0x556976b755ed <unknown>\n#6 0x556976b94303 <unknown>\n#7 0x556976b75363 <unknown>\n#8 0x556976b45247 <unknown>\n#9 0x556976b45b9e <unknown>\n#10 0x556976de924b <unknown>\n#11 0x556976ded2f1 <unknown>\n#12 0x556976dd4afe <unknown>\n#13 0x556976dede52 <unknown>\n#14 0x556976db979f <unknown>\n#15 0x556976e12638 <unknown>\n#16 0x556976e12810 <unknown>\n#17 0x556976e21dac <unknown>\n#18 0x7efd2ea8b134 <unknown>","statusTrace":"self = <tests.delivery.test_delivery_calculation.TestDeliveryPageCalculation object at 0x7fcf93b6ed10>\ndriver = <selenium.webdriver.chrome.webdriver.WebDriver (session=\"d07c8301b54bbc2a3cba24a7017fed93\")>\nurl = 'https://sandboxtest.stroyrem-nn.ru/', case_id = 'TD 015'\nlink_item = 'products/shtukaturka-tsementnaya-bergauf-bau-putts-tsement-25kg-56sht'\namount = 1, weight = 30, standard = 650, in_time = 2390, all_time = 3320\n\n    @pytest.mark.parametrize('case_id, link_item, amount, weight, standard, in_time, all_time', [\n        (\"TD 015\", bundeks_25, 1, 30, 650, 2390, 3320),\n        pytest.param(\n            \"TD 016\", aksolit_30, 8, 300, 650, 2390, 3320,\n            marks=pytest.mark.xfail(reson=\"Цена доставки: - - -\")\n        ),\n        (\"TD 017\", aksolit_30, 13, 400, 650, 2390, 3320),\n        (\"TD 018\", aksolit_30, 16, 500, 850, 2490, 3320),\n        (\"TD 019\", aksolit_30, 25, 1700, 1150, 2490, 3320),\n        (\"TD 020\", aksolit_30, 66, 2000, 1500, 2990, 3650),\n        (\"TD 021\", aksolit_30, 149, 4500, 2600, 4380, 4890),\n        (\"TD 022\", aksolit_30, 166, 5000, 2800, 5490, 5980),\n        pytest.param(\n            \"TD 023\", aksolit_30, 206, 6200, 3300, 7500, 8000,\n            marks=pytest.mark.xfail(reson=\"Цена доставки: 4300 9900 11440\")\n        ),\n        (\"TD 024\", aksolit_30, 299, 9000, 4300, 9900, 11440),\n        (\"TD 025\", aksolit_30, 333, 10000, 7000, 13900, 15900),\n        pytest.param(\n            \"TD 026\", aksolit_30, 366, 11000, 8000, 14900, 19900,\n            marks=pytest.mark.xfail(reson=\"Цена доставки: 7000 13900 15900\")\n        ),\n        pytest.param(\n            \"TD 027\", aksolit_30, 666, 20000, 14000, 16900, 23900,\n            marks=pytest.mark.xfail(reson=\"Цена доставки: 7000 13900 15900\")\n        )\n    ])\n    @pytest.mark.xfail\n    @pytest.mark.smoke_test\n    def test_positive_delivery_blue_zone_smoke(\n            self, driver, url, case_id, link_item, amount, weight, standard, in_time, all_time\n    ):\n        allure.dynamic.title(f\"{case_id} Доставка товара весом до {weight}кг. в синей зоне\")\n    \n        driver.get(f'{url}{link_item}')\n        item_page = ItemPage(driver)\n>       item_page.add_item_to_cart(amount).click_on_cart()\n\ntests/delivery/test_delivery_calculation.py:132: \n_ _ _ _ _ _ _ _ _ _ _ _ _ _ _ _ _ _ _ _ _ _ _ _ _ _ _ _ _ _ _ _ _ _ _ _ _ _ _ _ \npages/item_page.py:40: in add_item_to_cart\n    self.find_element(self._add_item).click()\nbase/seleniumbase.py:17: in find_element\n    return self.driver.find_element(*locator)\n/usr/local/lib/python3.11/site-packages/selenium/webdriver/remote/webdriver.py:739: in find_element\n    return self.execute(Command.FIND_ELEMENT, {\"using\": by, \"value\": value})[\"value\"]\n/usr/local/lib/python3.11/site-packages/selenium/webdriver/remote/webdriver.py:345: in execute\n    self.error_handler.check_response(response)\n_ _ _ _ _ _ _ _ _ _ _ _ _ _ _ _ _ _ _ _ _ _ _ _ _ _ _ _ _ _ _ _ _ _ _ _ _ _ _ _ \n\nself = <selenium.webdriver.remote.errorhandler.ErrorHandler object at 0x7fcf9294f490>\nresponse = {'status': 404, 'value': '{\"value\":{\"error\":\"no such element\",\"message\":\"no such element: Unable to locate element: {\\...\\\\n#16 0x556976e12810 \\\\u003Cunknown>\\\\n#17 0x556976e21dac \\\\u003Cunknown>\\\\n#18 0x7efd2ea8b134 \\\\u003Cunknown>\\\\n\"}}'}\n\n    def check_response(self, response: Dict[str, Any]) -> None:\n        \"\"\"Checks that a JSON response from the WebDriver does not have an\n        error.\n    \n        :Args:\n         - response - The JSON response from the WebDriver server as a dictionary\n           object.\n    \n        :Raises: If the response contains an error message.\n        \"\"\"\n        status = response.get(\"status\", None)\n        if not status or status == ErrorCode.SUCCESS:\n            return\n        value = None\n        message = response.get(\"message\", \"\")\n        screen: str = response.get(\"screen\", \"\")\n        stacktrace = None\n        if isinstance(status, int):\n            value_json = response.get(\"value\", None)\n            if value_json and isinstance(value_json, str):\n                import json\n    \n                try:\n                    value = json.loads(value_json)\n                    if len(value) == 1:\n                        value = value[\"value\"]\n                    status = value.get(\"error\", None)\n                    if not status:\n                        status = value.get(\"status\", ErrorCode.UNKNOWN_ERROR)\n                        message = value.get(\"value\") or value.get(\"message\")\n                        if not isinstance(message, str):\n                            value = message\n                            message = message.get(\"message\")\n                    else:\n                        message = value.get(\"message\", None)\n                except ValueError:\n                    pass\n    \n        exception_class: Type[WebDriverException]\n        e = ErrorCode()\n        error_codes = [item for item in dir(e) if not item.startswith(\"__\")]\n        for error_code in error_codes:\n            error_info = getattr(ErrorCode, error_code)\n            if isinstance(error_info, list) and status in error_info:\n                exception_class = getattr(ExceptionMapping, error_code, WebDriverException)\n                break\n        else:\n            exception_class = WebDriverException\n    \n        if not value:\n            value = response[\"value\"]\n        if isinstance(value, str):\n            raise exception_class(value)\n        if message == \"\" and \"message\" in value:\n            message = value[\"message\"]\n    \n        screen = None  # type: ignore[assignment]\n        if \"screen\" in value:\n            screen = value[\"screen\"]\n    \n        stacktrace = None\n        st_value = value.get(\"stackTrace\") or value.get(\"stacktrace\")\n        if st_value:\n            if isinstance(st_value, str):\n                stacktrace = st_value.split(\"\\n\")\n            else:\n                stacktrace = []\n                try:\n                    for frame in st_value:\n                        line = frame.get(\"lineNumber\", \"\")\n                        file = frame.get(\"fileName\", \"<anonymous>\")\n                        if line:\n                            file = f\"{file}:{line}\"\n                        meth = frame.get(\"methodName\", \"<anonymous>\")\n                        if \"className\" in frame:\n                            meth = f\"{frame['className']}.{meth}\"\n                        msg = \"    at %s (%s)\"\n                        msg = msg % (meth, file)\n                        stacktrace.append(msg)\n                except TypeError:\n                    pass\n        if exception_class == UnexpectedAlertPresentException:\n            alert_text = None\n            if \"data\" in value:\n                alert_text = value[\"data\"].get(\"text\")\n            elif \"alert\" in value:\n                alert_text = value[\"alert\"].get(\"text\")\n            raise exception_class(message, screen, stacktrace, alert_text)  # type: ignore[call-arg]  # mypy is not smart enough here\n>       raise exception_class(message, screen, stacktrace)\nE       selenium.common.exceptions.NoSuchElementException: Message: no such element: Unable to locate element: {\"method\":\"xpath\",\"selector\":\"(//a[@class='add-to-cart yellow-btn'])[1]\"}\nE         (Session info: chrome-headless-shell=126.0.6478.126); For documentation on this error, please visit: https://www.selenium.dev/documentation/webdriver/troubleshooting/errors#no-such-element-exception\nE       Stacktrace:\nE       #0 0x556976e22c7a <unknown>\nE       #1 0x556976b05e2c <unknown>\nE       #2 0x556976b52661 <unknown>\nE       #3 0x556976b52751 <unknown>\nE       #4 0x556976b96f64 <unknown>\nE       #5 0x556976b755ed <unknown>\nE       #6 0x556976b94303 <unknown>\nE       #7 0x556976b75363 <unknown>\nE       #8 0x556976b45247 <unknown>\nE       #9 0x556976b45b9e <unknown>\nE       #10 0x556976de924b <unknown>\nE       #11 0x556976ded2f1 <unknown>\nE       #12 0x556976dd4afe <unknown>\nE       #13 0x556976dede52 <unknown>\nE       #14 0x556976db979f <unknown>\nE       #15 0x556976e12638 <unknown>\nE       #16 0x556976e12810 <unknown>\nE       #17 0x556976e21dac <unknown>\nE       #18 0x7efd2ea8b134 <unknown>\n\n/usr/local/lib/python3.11/site-packages/selenium/webdriver/remote/errorhandler.py:229: NoSuchElementException","steps":[{"name":"Добавляем товар в корзину в количестве 1","time":{"start":1720141119182,"stop":1720141119198,"duration":16},"status":"broken","statusMessage":"selenium.common.exceptions.NoSuchElementException: Message: no such element: Unable to locate element: {\"method\":\"xpath\",\"selector\":\"(//a[@class='add-to-cart yellow-btn'])[1]\"}\n  (Session info: chrome-headless-shell=126.0.6478.126); For documentation on this error, please visit: https://www.selenium.dev/documentation/webdriver/troubleshooting/errors#no-such-element-exception\nStacktrace:\n#0 0x556976e22c7a <unknown>\n#1 0x556976b05e2c <unknown>\n#2 0x556976b52661 <unknown>\n#3 0x556976b52751 <unknown>\n#4 0x556976b96f64 <unknown>\n#5 0x556976b755ed <unknown>\n#6 0x556976b94303 <unknown>\n#7 0x556976b75363 <unknown>\n#8 0x556976b45247 <unknown>\n#9 0x556976b45b9e <unknown>\n#10 0x556976de924b <unknown>\n#11 0x556976ded2f1 <unknown>\n#12 0x556976dd4afe <unknown>\n#13 0x556976dede52 <unknown>\n#14 0x556976db979f <unknown>\n#15 0x556976e12638 <unknown>\n#16 0x556976e12810 <unknown>\n#17 0x556976e21dac <unknown>\n#18 0x7efd2ea8b134 <unknown>\n\n","statusTrace":"  File \"/usr/local/lib/python3.11/site-packages/allure_commons/_allure.py\", line 192, in impl\n    return func(*a, **kw)\n           ^^^^^^^^^^^^^^\n  File \"/app/pages/item_page.py\", line 40, in add_item_to_cart\n    self.find_element(self._add_item).click()\n    ^^^^^^^^^^^^^^^^^^^^^^^^^^^^^^^^^\n  File \"/app/base/seleniumbase.py\", line 17, in find_element\n    return self.driver.find_element(*locator)\n           ^^^^^^^^^^^^^^^^^^^^^^^^^^^^^^^^^^\n  File \"/usr/local/lib/python3.11/site-packages/selenium/webdriver/remote/webdriver.py\", line 739, in find_element\n    return self.execute(Command.FIND_ELEMENT, {\"using\": by, \"value\": value})[\"value\"]\n           ^^^^^^^^^^^^^^^^^^^^^^^^^^^^^^^^^^^^^^^^^^^^^^^^^^^^^^^^^^^^^^^^^\n  File \"/usr/local/lib/python3.11/site-packages/selenium/webdriver/remote/webdriver.py\", line 345, in execute\n    self.error_handler.check_response(response)\n  File \"/usr/local/lib/python3.11/site-packages/selenium/webdriver/remote/errorhandler.py\", line 229, in check_response\n    raise exception_class(message, screen, stacktrace)\n","steps":[],"attachments":[],"parameters":[{"name":"amount","value":"1"}],"shouldDisplayMessage":true,"stepsCount":0,"attachmentsCount":0,"hasContent":true,"attachmentStep":false}],"attachments":[{"uid":"ac1ab7e29365f7d7","name":"Screenshot","source":"ac1ab7e29365f7d7.png","type":"image/png","size":4720},{"uid":"b4f23c84f7c5f90a","name":"HTML source","source":"b4f23c84f7c5f90a.html","type":"text/html","size":39}],"parameters":[],"shouldDisplayMessage":true,"stepsCount":1,"attachmentsCount":2,"hasContent":true,"attachmentStep":false},"afterStages":[{"name":"setup::0","time":{"start":1720141119283,"stop":1720141119283,"duration":0},"status":"passed","steps":[],"attachments":[],"parameters":[],"shouldDisplayMessage":false,"stepsCount":0,"attachmentsCount":0,"hasContent":false,"attachmentStep":false},{"name":"driver::0","time":{"start":1720141119284,"stop":1720141119343,"duration":59},"status":"passed","steps":[],"attachments":[],"parameters":[],"shouldDisplayMessage":false,"stepsCount":0,"attachmentsCount":0,"hasContent":false,"attachmentStep":false}],"labels":[{"name":"epic","value":"Delivery Page - calculation"},{"name":"tag","value":"smoke_test"},{"name":"tag","value":"@pytest.mark.xfail"},{"name":"parentSuite","value":"tests.delivery"},{"name":"suite","value":"test_delivery_calculation"},{"name":"subSuite","value":"TestDeliveryPageCalculation"},{"name":"host","value":"0c20d218a29a"},{"name":"thread","value":"1-MainThread"},{"name":"framework","value":"pytest"},{"name":"language","value":"cpython3"},{"name":"package","value":"tests.delivery.test_delivery_calculation"},{"name":"resultFormat","value":"allure2"}],"parameters":[{"name":"all_time","value":"3320"},{"name":"amount","value":"1"},{"name":"case_id","value":"'TD 015'"},{"name":"in_time","value":"2390"},{"name":"link_item","value":"'products/shtukaturka-tsementnaya-bergauf-bau-putts-tsement-25kg-56sht'"},{"name":"standard","value":"650"},{"name":"url","value":"'https://sandboxtest.stroyrem-nn.ru/'"},{"name":"weight","value":"30"}],"links":[],"hidden":false,"retry":false,"extra":{"severity":"normal","retries":[],"categories":[],"history":{"statistic":{"failed":0,"broken":0,"skipped":37,"passed":0,"unknown":0,"total":37},"items":[{"uid":"fd4127954fdc663e","reportUrl":"https://Nat754.github.io/StroyremAutomation/358//#testresult/fd4127954fdc663e","status":"skipped","statusDetails":"XFAIL\n\nselenium.common.exceptions.NoSuchElementException: Message: no such element: Unable to locate element: {\"method\":\"xpath\",\"selector\":\"(//a[@class='add-to-cart yellow-btn'])[1]\"}\n  (Session info: chrome-headless-shell=126.0.6478.126); For documentation on this error, please visit: https://www.selenium.dev/documentation/webdriver/troubleshooting/errors#no-such-element-exception\nStacktrace:\n#0 0x560fae8b5c7a <unknown>\n#1 0x560fae598e2c <unknown>\n#2 0x560fae5e5661 <unknown>\n#3 0x560fae5e5751 <unknown>\n#4 0x560fae629f64 <unknown>\n#5 0x560fae6085ed <unknown>\n#6 0x560fae627303 <unknown>\n#7 0x560fae608363 <unknown>\n#8 0x560fae5d8247 <unknown>\n#9 0x560fae5d8b9e <unknown>\n#10 0x560fae87c24b <unknown>\n#11 0x560fae8802f1 <unknown>\n#12 0x560fae867afe <unknown>\n#13 0x560fae880e52 <unknown>\n#14 0x560fae84c79f <unknown>\n#15 0x560fae8a5638 <unknown>\n#16 0x560fae8a5810 <unknown>\n#17 0x560fae8b4dac <unknown>\n#18 0x7f3bf49de134 <unknown>","time":{"start":1720054747996,"stop":1720054748462,"duration":466}},{"uid":"c093411d67e4d304","reportUrl":"https://Nat754.github.io/StroyremAutomation/357//#testresult/c093411d67e4d304","status":"skipped","statusDetails":"XFAIL\n\nselenium.common.exceptions.NoSuchElementException: Message: no such element: Unable to locate element: {\"method\":\"xpath\",\"selector\":\"(//a[@class='add-to-cart yellow-btn'])[1]\"}\n  (Session info: chrome-headless-shell=126.0.6478.126); For documentation on this error, please visit: https://www.selenium.dev/documentation/webdriver/troubleshooting/errors#no-such-element-exception\nStacktrace:\n#0 0x55c3aa302c7a <unknown>\n#1 0x55c3a9fe5e2c <unknown>\n#2 0x55c3aa032661 <unknown>\n#3 0x55c3aa032751 <unknown>\n#4 0x55c3aa076f64 <unknown>\n#5 0x55c3aa0555ed <unknown>\n#6 0x55c3aa074303 <unknown>\n#7 0x55c3aa055363 <unknown>\n#8 0x55c3aa025247 <unknown>\n#9 0x55c3aa025b9e <unknown>\n#10 0x55c3aa2c924b <unknown>\n#11 0x55c3aa2cd2f1 <unknown>\n#12 0x55c3aa2b4afe <unknown>\n#13 0x55c3aa2cde52 <unknown>\n#14 0x55c3aa29979f <unknown>\n#15 0x55c3aa2f2638 <unknown>\n#16 0x55c3aa2f2810 <unknown>\n#17 0x55c3aa301dac <unknown>\n#18 0x7fd7c0ff4134 <unknown>","time":{"start":1719968394233,"stop":1719968394573,"duration":340}},{"uid":"5f2bbe304e73977d","reportUrl":"https://Nat754.github.io/StroyremAutomation/356//#testresult/5f2bbe304e73977d","status":"skipped","statusDetails":"XFAIL\n\nselenium.common.exceptions.NoSuchElementException: Message: no such element: Unable to locate element: {\"method\":\"xpath\",\"selector\":\"(//a[@class='add-to-cart yellow-btn'])[1]\"}\n  (Session info: chrome-headless-shell=126.0.6478.126); For documentation on this error, please visit: https://www.selenium.dev/documentation/webdriver/troubleshooting/errors#no-such-element-exception\nStacktrace:\n#0 0x55a5e81a0c7a <unknown>\n#1 0x55a5e7e83e2c <unknown>\n#2 0x55a5e7ed0661 <unknown>\n#3 0x55a5e7ed0751 <unknown>\n#4 0x55a5e7f14f64 <unknown>\n#5 0x55a5e7ef35ed <unknown>\n#6 0x55a5e7f12303 <unknown>\n#7 0x55a5e7ef3363 <unknown>\n#8 0x55a5e7ec3247 <unknown>\n#9 0x55a5e7ec3b9e <unknown>\n#10 0x55a5e816724b <unknown>\n#11 0x55a5e816b2f1 <unknown>\n#12 0x55a5e8152afe <unknown>\n#13 0x55a5e816be52 <unknown>\n#14 0x55a5e813779f <unknown>\n#15 0x55a5e8190638 <unknown>\n#16 0x55a5e8190810 <unknown>\n#17 0x55a5e819fdac <unknown>\n#18 0x7f7fe012e134 <unknown>","time":{"start":1719881970897,"stop":1719881971364,"duration":467}},{"uid":"3f32efea665c738","reportUrl":"https://Nat754.github.io/StroyremAutomation/355//#testresult/3f32efea665c738","status":"skipped","statusDetails":"XFAIL\n\nselenium.common.exceptions.NoSuchElementException: Message: no such element: Unable to locate element: {\"method\":\"xpath\",\"selector\":\"(//a[@class='add-to-cart yellow-btn'])[1]\"}\n  (Session info: chrome-headless-shell=126.0.6478.126); For documentation on this error, please visit: https://www.selenium.dev/documentation/webdriver/troubleshooting/errors#no-such-element-exception\nStacktrace:\n#0 0x55f45c228c7a <unknown>\n#1 0x55f45bf0be2c <unknown>\n#2 0x55f45bf58661 <unknown>\n#3 0x55f45bf58751 <unknown>\n#4 0x55f45bf9cf64 <unknown>\n#5 0x55f45bf7b5ed <unknown>\n#6 0x55f45bf9a303 <unknown>\n#7 0x55f45bf7b363 <unknown>\n#8 0x55f45bf4b247 <unknown>\n#9 0x55f45bf4bb9e <unknown>\n#10 0x55f45c1ef24b <unknown>\n#11 0x55f45c1f32f1 <unknown>\n#12 0x55f45c1daafe <unknown>\n#13 0x55f45c1f3e52 <unknown>\n#14 0x55f45c1bf79f <unknown>\n#15 0x55f45c218638 <unknown>\n#16 0x55f45c218810 <unknown>\n#17 0x55f45c227dac <unknown>\n#18 0x7fa31474a134 <unknown>","time":{"start":1719795897286,"stop":1719795897812,"duration":526}},{"uid":"557636f65de06bb0","reportUrl":"https://Nat754.github.io/StroyremAutomation/354//#testresult/557636f65de06bb0","status":"skipped","statusDetails":"XFAIL\n\nselenium.common.exceptions.NoSuchElementException: Message: no such element: Unable to locate element: {\"method\":\"xpath\",\"selector\":\"(//a[@class='add-to-cart yellow-btn'])[1]\"}\n  (Session info: chrome-headless-shell=126.0.6478.126); For documentation on this error, please visit: https://www.selenium.dev/documentation/webdriver/troubleshooting/errors#no-such-element-exception\nStacktrace:\n#0 0x55a3570fdc7a <unknown>\n#1 0x55a356de0e2c <unknown>\n#2 0x55a356e2d661 <unknown>\n#3 0x55a356e2d751 <unknown>\n#4 0x55a356e71f64 <unknown>\n#5 0x55a356e505ed <unknown>\n#6 0x55a356e6f303 <unknown>\n#7 0x55a356e50363 <unknown>\n#8 0x55a356e20247 <unknown>\n#9 0x55a356e20b9e <unknown>\n#10 0x55a3570c424b <unknown>\n#11 0x55a3570c82f1 <unknown>\n#12 0x55a3570afafe <unknown>\n#13 0x55a3570c8e52 <unknown>\n#14 0x55a35709479f <unknown>\n#15 0x55a3570ed638 <unknown>\n#16 0x55a3570ed810 <unknown>\n#17 0x55a3570fcdac <unknown>\n#18 0x7f706db9d134 <unknown>","time":{"start":1719709402329,"stop":1719709402631,"duration":302}},{"uid":"66eb906efbc41b36","reportUrl":"https://Nat754.github.io/StroyremAutomation/353//#testresult/66eb906efbc41b36","status":"skipped","statusDetails":"XFAIL\n\nselenium.common.exceptions.NoSuchElementException: Message: no such element: Unable to locate element: {\"method\":\"xpath\",\"selector\":\"(//a[@class='add-to-cart yellow-btn'])[1]\"}\n  (Session info: chrome-headless-shell=126.0.6478.126); For documentation on this error, please visit: https://www.selenium.dev/documentation/webdriver/troubleshooting/errors#no-such-element-exception\nStacktrace:\n#0 0x559f6143fc7a <unknown>\n#1 0x559f61122e2c <unknown>\n#2 0x559f6116f661 <unknown>\n#3 0x559f6116f751 <unknown>\n#4 0x559f611b3f64 <unknown>\n#5 0x559f611925ed <unknown>\n#6 0x559f611b1303 <unknown>\n#7 0x559f61192363 <unknown>\n#8 0x559f61162247 <unknown>\n#9 0x559f61162b9e <unknown>\n#10 0x559f6140624b <unknown>\n#11 0x559f6140a2f1 <unknown>\n#12 0x559f613f1afe <unknown>\n#13 0x559f6140ae52 <unknown>\n#14 0x559f613d679f <unknown>\n#15 0x559f6142f638 <unknown>\n#16 0x559f6142f810 <unknown>\n#17 0x559f6143edac <unknown>\n#18 0x7fa4c1099134 <unknown>","time":{"start":1719622680907,"stop":1719622681455,"duration":548}},{"uid":"5c5b3e69c06d82be","reportUrl":"https://Nat754.github.io/StroyremAutomation/352//#testresult/5c5b3e69c06d82be","status":"skipped","statusDetails":"XFAIL\n\nselenium.common.exceptions.NoSuchElementException: Message: no such element: Unable to locate element: {\"method\":\"xpath\",\"selector\":\"(//a[@class='add-to-cart yellow-btn'])[1]\"}\n  (Session info: chrome-headless-shell=126.0.6478.126); For documentation on this error, please visit: https://www.selenium.dev/documentation/webdriver/troubleshooting/errors#no-such-element-exception\nStacktrace:\n#0 0x5610c05f8c7a <unknown>\n#1 0x5610c02dbe2c <unknown>\n#2 0x5610c0328661 <unknown>\n#3 0x5610c0328751 <unknown>\n#4 0x5610c036cf64 <unknown>\n#5 0x5610c034b5ed <unknown>\n#6 0x5610c036a303 <unknown>\n#7 0x5610c034b363 <unknown>\n#8 0x5610c031b247 <unknown>\n#9 0x5610c031bb9e <unknown>\n#10 0x5610c05bf24b <unknown>\n#11 0x5610c05c32f1 <unknown>\n#12 0x5610c05aaafe <unknown>\n#13 0x5610c05c3e52 <unknown>\n#14 0x5610c058f79f <unknown>\n#15 0x5610c05e8638 <unknown>\n#16 0x5610c05e8810 <unknown>\n#17 0x5610c05f7dac <unknown>\n#18 0x7f519cc13134 <unknown>","time":{"start":1719536362320,"stop":1719536362748,"duration":428}},{"uid":"6402995339e494a4","reportUrl":"https://Nat754.github.io/StroyremAutomation/351//#testresult/6402995339e494a4","status":"skipped","statusDetails":"XFAIL\n\nselenium.common.exceptions.NoSuchElementException: Message: no such element: Unable to locate element: {\"method\":\"xpath\",\"selector\":\"(//a[@class='add-to-cart yellow-btn'])[1]\"}\n  (Session info: chrome-headless-shell=126.0.6478.126); For documentation on this error, please visit: https://www.selenium.dev/documentation/webdriver/troubleshooting/errors#no-such-element-exception\nStacktrace:\n#0 0x562607229c7a <unknown>\n#1 0x562606f0ce2c <unknown>\n#2 0x562606f59661 <unknown>\n#3 0x562606f59751 <unknown>\n#4 0x562606f9df64 <unknown>\n#5 0x562606f7c5ed <unknown>\n#6 0x562606f9b303 <unknown>\n#7 0x562606f7c363 <unknown>\n#8 0x562606f4c247 <unknown>\n#9 0x562606f4cb9e <unknown>\n#10 0x5626071f024b <unknown>\n#11 0x5626071f42f1 <unknown>\n#12 0x5626071dbafe <unknown>\n#13 0x5626071f4e52 <unknown>\n#14 0x5626071c079f <unknown>\n#15 0x562607219638 <unknown>\n#16 0x562607219810 <unknown>\n#17 0x562607228dac <unknown>\n#18 0x7f01216b8134 <unknown>","time":{"start":1719449952716,"stop":1719449953034,"duration":318}},{"uid":"ba14811644a4f62b","reportUrl":"https://Nat754.github.io/StroyremAutomation/350//#testresult/ba14811644a4f62b","status":"skipped","statusDetails":"XFAIL\n\nselenium.common.exceptions.NoSuchElementException: Message: no such element: Unable to locate element: {\"method\":\"xpath\",\"selector\":\"(//a[@class='add-to-cart yellow-btn'])[1]\"}\n  (Session info: chrome-headless-shell=126.0.6478.126); For documentation on this error, please visit: https://www.selenium.dev/documentation/webdriver/troubleshooting/errors#no-such-element-exception\nStacktrace:\n#0 0x558e9bb58c7a <unknown>\n#1 0x558e9b83be2c <unknown>\n#2 0x558e9b888661 <unknown>\n#3 0x558e9b888751 <unknown>\n#4 0x558e9b8ccf64 <unknown>\n#5 0x558e9b8ab5ed <unknown>\n#6 0x558e9b8ca303 <unknown>\n#7 0x558e9b8ab363 <unknown>\n#8 0x558e9b87b247 <unknown>\n#9 0x558e9b87bb9e <unknown>\n#10 0x558e9bb1f24b <unknown>\n#11 0x558e9bb232f1 <unknown>\n#12 0x558e9bb0aafe <unknown>\n#13 0x558e9bb23e52 <unknown>\n#14 0x558e9baef79f <unknown>\n#15 0x558e9bb48638 <unknown>\n#16 0x558e9bb48810 <unknown>\n#17 0x558e9bb57dac <unknown>\n#18 0x7f8a9fd18134 <unknown>","time":{"start":1719363522025,"stop":1719363522336,"duration":311}},{"uid":"bdd6b412e91f8344","reportUrl":"https://Nat754.github.io/StroyremAutomation/349//#testresult/bdd6b412e91f8344","status":"skipped","statusDetails":"XFAIL\n\nselenium.common.exceptions.NoSuchElementException: Message: no such element: Unable to locate element: {\"method\":\"xpath\",\"selector\":\"(//a[@class='add-to-cart yellow-btn'])[1]\"}\n  (Session info: chrome-headless-shell=126.0.6478.126); For documentation on this error, please visit: https://www.selenium.dev/documentation/webdriver/troubleshooting/errors#no-such-element-exception\nStacktrace:\n#0 0x562c4530ec7a <unknown>\n#1 0x562c44ff1e2c <unknown>\n#2 0x562c4503e661 <unknown>\n#3 0x562c4503e751 <unknown>\n#4 0x562c45082f64 <unknown>\n#5 0x562c450615ed <unknown>\n#6 0x562c45080303 <unknown>\n#7 0x562c45061363 <unknown>\n#8 0x562c45031247 <unknown>\n#9 0x562c45031b9e <unknown>\n#10 0x562c452d524b <unknown>\n#11 0x562c452d92f1 <unknown>\n#12 0x562c452c0afe <unknown>\n#13 0x562c452d9e52 <unknown>\n#14 0x562c452a579f <unknown>\n#15 0x562c452fe638 <unknown>\n#16 0x562c452fe810 <unknown>\n#17 0x562c4530ddac <unknown>\n#18 0x7fd622a0d134 <unknown>","time":{"start":1719277159466,"stop":1719277160096,"duration":630}},{"uid":"785b280aad6ef3a2","reportUrl":"https://Nat754.github.io/StroyremAutomation/348//#testresult/785b280aad6ef3a2","status":"skipped","statusDetails":"XFAIL\n\nselenium.common.exceptions.NoSuchElementException: Message: no such element: Unable to locate element: {\"method\":\"xpath\",\"selector\":\"(//a[@class='add-to-cart yellow-btn'])[1]\"}\n  (Session info: chrome-headless-shell=126.0.6478.63); For documentation on this error, please visit: https://www.selenium.dev/documentation/webdriver/troubleshooting/errors#no-such-element-exception\nStacktrace:\n#0 0x560b6469769a <unknown>\n#1 0x560b6437a0dc <unknown>\n#2 0x560b643c6931 <unknown>\n#3 0x560b643c6a21 <unknown>\n#4 0x560b6440b234 <unknown>\n#5 0x560b643e989d <unknown>\n#6 0x560b644085c3 <unknown>\n#7 0x560b643e9613 <unknown>\n#8 0x560b643b94f7 <unknown>\n#9 0x560b643b9e4e <unknown>\n#10 0x560b6465d86b <unknown>\n#11 0x560b64661911 <unknown>\n#12 0x560b6464935e <unknown>\n#13 0x560b64662472 <unknown>\n#14 0x560b6462dcbf <unknown>\n#15 0x560b64687098 <unknown>\n#16 0x560b64687270 <unknown>\n#17 0x560b646967cc <unknown>\n#18 0x7f6e21631134 <unknown>","time":{"start":1719190807516,"stop":1719190807870,"duration":354}},{"uid":"f580547743c67dd2","reportUrl":"https://Nat754.github.io/StroyremAutomation/347//#testresult/f580547743c67dd2","status":"skipped","statusDetails":"XFAIL\n\nselenium.common.exceptions.NoSuchElementException: Message: no such element: Unable to locate element: {\"method\":\"xpath\",\"selector\":\"(//a[@class='add-to-cart yellow-btn'])[1]\"}\n  (Session info: chrome-headless-shell=126.0.6478.63); For documentation on this error, please visit: https://www.selenium.dev/documentation/webdriver/troubleshooting/errors#no-such-element-exception\nStacktrace:\n#0 0x56089dfe269a <unknown>\n#1 0x56089dcc50dc <unknown>\n#2 0x56089dd11931 <unknown>\n#3 0x56089dd11a21 <unknown>\n#4 0x56089dd56234 <unknown>\n#5 0x56089dd3489d <unknown>\n#6 0x56089dd535c3 <unknown>\n#7 0x56089dd34613 <unknown>\n#8 0x56089dd044f7 <unknown>\n#9 0x56089dd04e4e <unknown>\n#10 0x56089dfa886b <unknown>\n#11 0x56089dfac911 <unknown>\n#12 0x56089df9435e <unknown>\n#13 0x56089dfad472 <unknown>\n#14 0x56089df78cbf <unknown>\n#15 0x56089dfd2098 <unknown>\n#16 0x56089dfd2270 <unknown>\n#17 0x56089dfe17cc <unknown>\n#18 0x7fcfec892134 <unknown>","time":{"start":1719104549312,"stop":1719104549670,"duration":358}},{"uid":"143a47e30602fd8d","reportUrl":"https://Nat754.github.io/StroyremAutomation/346//#testresult/143a47e30602fd8d","status":"skipped","statusDetails":"XFAIL\n\nselenium.common.exceptions.NoSuchElementException: Message: no such element: Unable to locate element: {\"method\":\"xpath\",\"selector\":\"(//a[@class='add-to-cart yellow-btn'])[1]\"}\n  (Session info: chrome-headless-shell=126.0.6478.63); For documentation on this error, please visit: https://www.selenium.dev/documentation/webdriver/troubleshooting/errors#no-such-element-exception\nStacktrace:\n#0 0x55a336e7a69a <unknown>\n#1 0x55a336b5d0dc <unknown>\n#2 0x55a336ba9931 <unknown>\n#3 0x55a336ba9a21 <unknown>\n#4 0x55a336bee234 <unknown>\n#5 0x55a336bcc89d <unknown>\n#6 0x55a336beb5c3 <unknown>\n#7 0x55a336bcc613 <unknown>\n#8 0x55a336b9c4f7 <unknown>\n#9 0x55a336b9ce4e <unknown>\n#10 0x55a336e4086b <unknown>\n#11 0x55a336e44911 <unknown>\n#12 0x55a336e2c35e <unknown>\n#13 0x55a336e45472 <unknown>\n#14 0x55a336e10cbf <unknown>\n#15 0x55a336e6a098 <unknown>\n#16 0x55a336e6a270 <unknown>\n#17 0x55a336e797cc <unknown>\n#18 0x7fe3ec85e134 <unknown>","time":{"start":1719017886709,"stop":1719017887128,"duration":419}},{"uid":"58101e49998ec9d3","reportUrl":"https://Nat754.github.io/StroyremAutomation/345//#testresult/58101e49998ec9d3","status":"skipped","statusDetails":"XFAIL\n\nselenium.common.exceptions.NoSuchElementException: Message: no such element: Unable to locate element: {\"method\":\"xpath\",\"selector\":\"(//a[@class='add-to-cart yellow-btn'])[1]\"}\n  (Session info: chrome-headless-shell=126.0.6478.63); For documentation on this error, please visit: https://www.selenium.dev/documentation/webdriver/troubleshooting/errors#no-such-element-exception\nStacktrace:\n#0 0x559360a0369a <unknown>\n#1 0x5593606e60dc <unknown>\n#2 0x559360732931 <unknown>\n#3 0x559360732a21 <unknown>\n#4 0x559360777234 <unknown>\n#5 0x55936075589d <unknown>\n#6 0x5593607745c3 <unknown>\n#7 0x559360755613 <unknown>\n#8 0x5593607254f7 <unknown>\n#9 0x559360725e4e <unknown>\n#10 0x5593609c986b <unknown>\n#11 0x5593609cd911 <unknown>\n#12 0x5593609b535e <unknown>\n#13 0x5593609ce472 <unknown>\n#14 0x559360999cbf <unknown>\n#15 0x5593609f3098 <unknown>\n#16 0x5593609f3270 <unknown>\n#17 0x559360a027cc <unknown>\n#18 0x7f7aa755d134 <unknown>","time":{"start":1718931504930,"stop":1718931505388,"duration":458}},{"uid":"d6b3e1e5be471bc1","reportUrl":"https://Nat754.github.io/StroyremAutomation/344//#testresult/d6b3e1e5be471bc1","status":"skipped","statusDetails":"XFAIL\n\nselenium.common.exceptions.NoSuchElementException: Message: no such element: Unable to locate element: {\"method\":\"xpath\",\"selector\":\"(//a[@class='add-to-cart yellow-btn'])[1]\"}\n  (Session info: chrome-headless-shell=126.0.6478.62); For documentation on this error, please visit: https://www.selenium.dev/documentation/webdriver/troubleshooting/errors#no-such-element-exception\nStacktrace:\n#0 0x5565d1f6570a <unknown>\n#1 0x5565d1c480dc <unknown>\n#2 0x5565d1c94931 <unknown>\n#3 0x5565d1c94a21 <unknown>\n#4 0x5565d1cd9234 <unknown>\n#5 0x5565d1cb789d <unknown>\n#6 0x5565d1cd65c3 <unknown>\n#7 0x5565d1cb7613 <unknown>\n#8 0x5565d1c874f7 <unknown>\n#9 0x5565d1c87e4e <unknown>\n#10 0x5565d1f2b8db <unknown>\n#11 0x5565d1f2f981 <unknown>\n#12 0x5565d1f173ce <unknown>\n#13 0x5565d1f304e2 <unknown>\n#14 0x5565d1efbd2f <unknown>\n#15 0x5565d1f55108 <unknown>\n#16 0x5565d1f552e0 <unknown>\n#17 0x5565d1f6483c <unknown>\n#18 0x7f7e320bc134 <unknown>","time":{"start":1718845045145,"stop":1718845045470,"duration":325}},{"uid":"24117c4275fa0549","reportUrl":"https://Nat754.github.io/StroyremAutomation/343//#testresult/24117c4275fa0549","status":"skipped","statusDetails":"XFAIL\n\nselenium.common.exceptions.NoSuchElementException: Message: no such element: Unable to locate element: {\"method\":\"xpath\",\"selector\":\"(//a[@class='add-to-cart yellow-btn'])[1]\"}\n  (Session info: chrome-headless-shell=126.0.6478.62); For documentation on this error, please visit: https://www.selenium.dev/documentation/webdriver/troubleshooting/errors#no-such-element-exception\nStacktrace:\n#0 0x55aa7c3de70a <unknown>\n#1 0x55aa7c0c10dc <unknown>\n#2 0x55aa7c10d931 <unknown>\n#3 0x55aa7c10da21 <unknown>\n#4 0x55aa7c152234 <unknown>\n#5 0x55aa7c13089d <unknown>\n#6 0x55aa7c14f5c3 <unknown>\n#7 0x55aa7c130613 <unknown>\n#8 0x55aa7c1004f7 <unknown>\n#9 0x55aa7c100e4e <unknown>\n#10 0x55aa7c3a48db <unknown>\n#11 0x55aa7c3a8981 <unknown>\n#12 0x55aa7c3903ce <unknown>\n#13 0x55aa7c3a94e2 <unknown>\n#14 0x55aa7c374d2f <unknown>\n#15 0x55aa7c3ce108 <unknown>\n#16 0x55aa7c3ce2e0 <unknown>\n#17 0x55aa7c3dd83c <unknown>\n#18 0x7fc217c98134 <unknown>","time":{"start":1718758778683,"stop":1718758779148,"duration":465}},{"uid":"f7676abcd7300df2","reportUrl":"https://Nat754.github.io/StroyremAutomation/342//#testresult/f7676abcd7300df2","status":"skipped","statusDetails":"XFAIL\n\nselenium.common.exceptions.NoSuchElementException: Message: no such element: Unable to locate element: {\"method\":\"xpath\",\"selector\":\"(//a[@class='add-to-cart yellow-btn'])[1]\"}\n  (Session info: chrome-headless-shell=126.0.6478.61); For documentation on this error, please visit: https://www.selenium.dev/documentation/webdriver/troubleshooting/errors#no-such-element-exception\nStacktrace:\n#0 0x563c0620e6aa <unknown>\n#1 0x563c05ef10dc <unknown>\n#2 0x563c05f3d931 <unknown>\n#3 0x563c05f3da21 <unknown>\n#4 0x563c05f82234 <unknown>\n#5 0x563c05f6089d <unknown>\n#6 0x563c05f7f5c3 <unknown>\n#7 0x563c05f60613 <unknown>\n#8 0x563c05f304f7 <unknown>\n#9 0x563c05f30e4e <unknown>\n#10 0x563c061d487b <unknown>\n#11 0x563c061d8921 <unknown>\n#12 0x563c061c036e <unknown>\n#13 0x563c061d9482 <unknown>\n#14 0x563c061a4ccf <unknown>\n#15 0x563c061fe0a8 <unknown>\n#16 0x563c061fe280 <unknown>\n#17 0x563c0620d7dc <unknown>\n#18 0x7f1a35000134 <unknown>","time":{"start":1718672363004,"stop":1718672363469,"duration":465}},{"uid":"e528d876d1f284a8","reportUrl":"https://Nat754.github.io/StroyremAutomation/341//#testresult/e528d876d1f284a8","status":"skipped","statusDetails":"XFAIL\n\nselenium.common.exceptions.NoSuchElementException: Message: no such element: Unable to locate element: {\"method\":\"xpath\",\"selector\":\"(//a[@class='add-to-cart yellow-btn'])[1]\"}\n  (Session info: chrome-headless-shell=126.0.6478.61); For documentation on this error, please visit: https://www.selenium.dev/documentation/webdriver/troubleshooting/errors#no-such-element-exception\nStacktrace:\n#0 0x55840e8576aa <unknown>\n#1 0x55840e53a0dc <unknown>\n#2 0x55840e586931 <unknown>\n#3 0x55840e586a21 <unknown>\n#4 0x55840e5cb234 <unknown>\n#5 0x55840e5a989d <unknown>\n#6 0x55840e5c85c3 <unknown>\n#7 0x55840e5a9613 <unknown>\n#8 0x55840e5794f7 <unknown>\n#9 0x55840e579e4e <unknown>\n#10 0x55840e81d87b <unknown>\n#11 0x55840e821921 <unknown>\n#12 0x55840e80936e <unknown>\n#13 0x55840e822482 <unknown>\n#14 0x55840e7edccf <unknown>\n#15 0x55840e8470a8 <unknown>\n#16 0x55840e847280 <unknown>\n#17 0x55840e8567dc <unknown>\n#18 0x7fb60c751134 <unknown>","time":{"start":1718586068322,"stop":1718586068761,"duration":439}},{"uid":"9a89f02cac29f339","reportUrl":"https://Nat754.github.io/StroyremAutomation/340//#testresult/9a89f02cac29f339","status":"skipped","statusDetails":"XFAIL\n\nselenium.common.exceptions.NoSuchElementException: Message: no such element: Unable to locate element: {\"method\":\"xpath\",\"selector\":\"(//a[@class='add-to-cart yellow-btn'])[1]\"}\n  (Session info: chrome-headless-shell=126.0.6478.61); For documentation on this error, please visit: https://www.selenium.dev/documentation/webdriver/troubleshooting/errors#no-such-element-exception\nStacktrace:\n#0 0x557c683576aa <unknown>\n#1 0x557c6803a0dc <unknown>\n#2 0x557c68086931 <unknown>\n#3 0x557c68086a21 <unknown>\n#4 0x557c680cb234 <unknown>\n#5 0x557c680a989d <unknown>\n#6 0x557c680c85c3 <unknown>\n#7 0x557c680a9613 <unknown>\n#8 0x557c680794f7 <unknown>\n#9 0x557c68079e4e <unknown>\n#10 0x557c6831d87b <unknown>\n#11 0x557c68321921 <unknown>\n#12 0x557c6830936e <unknown>\n#13 0x557c68322482 <unknown>\n#14 0x557c682edccf <unknown>\n#15 0x557c683470a8 <unknown>\n#16 0x557c68347280 <unknown>\n#17 0x557c683567dc <unknown>\n#18 0x7feaaaeae134 <unknown>","time":{"start":1718499777001,"stop":1718499777625,"duration":624}},{"uid":"b2a3591174b85dbc","reportUrl":"https://Nat754.github.io/StroyremAutomation/339//#testresult/b2a3591174b85dbc","status":"skipped","statusDetails":"XFAIL\n\nselenium.common.exceptions.NoSuchElementException: Message: no such element: Unable to locate element: {\"method\":\"xpath\",\"selector\":\"(//a[@class='add-to-cart yellow-btn'])[1]\"}\n  (Session info: chrome-headless-shell=126.0.6478.61); For documentation on this error, please visit: https://www.selenium.dev/documentation/webdriver/troubleshooting/errors#no-such-element-exception\nStacktrace:\n#0 0x5586fed666aa <unknown>\n#1 0x5586fea490dc <unknown>\n#2 0x5586fea95931 <unknown>\n#3 0x5586fea95a21 <unknown>\n#4 0x5586feada234 <unknown>\n#5 0x5586feab889d <unknown>\n#6 0x5586fead75c3 <unknown>\n#7 0x5586feab8613 <unknown>\n#8 0x5586fea884f7 <unknown>\n#9 0x5586fea88e4e <unknown>\n#10 0x5586fed2c87b <unknown>\n#11 0x5586fed30921 <unknown>\n#12 0x5586fed1836e <unknown>\n#13 0x5586fed31482 <unknown>\n#14 0x5586fecfcccf <unknown>\n#15 0x5586fed560a8 <unknown>\n#16 0x5586fed56280 <unknown>\n#17 0x5586fed657dc <unknown>\n#18 0x7ff957422134 <unknown>","time":{"start":1718413163987,"stop":1718413164418,"duration":431}}]},"tags":["@pytest.mark.xfail","smoke_test"]},"source":"3a6b25bbb7f396f1.json","parameterValues":["3320","1","'TD 015'","2390","'products/shtukaturka-tsementnaya-bergauf-bau-putts-tsement-25kg-56sht'","650","'https://sandboxtest.stroyrem-nn.ru/'","30"]}