{"uid":"a0258729e6e3c2ba","name":"test_positive_delivery_green_zone_smoke[TD 014-products/shtukaturka-gipsovaya-aksolit-m50-30-kg-mashinnogo-naneseniya-666-20000-5400-15600-17490-https://sandboxtest.stroyrem-nn.ru/]","fullName":"tests.delivery.test_delivery_calculation.TestDeliveryPageCalculation#test_positive_delivery_green_zone_smoke","historyId":"8a00d04525a56c855c129c7400b068aa","time":{"start":1710982491181,"stop":1710982491788,"duration":607},"status":"skipped","statusMessage":"XFAIL\n\nselenium.common.exceptions.NoSuchElementException: Message: no such element: Unable to locate element: {\"method\":\"xpath\",\"selector\":\"(//a[@class='add-to-cart yellow-btn'])[1]\"}\n  (Session info: chrome-headless-shell=123.0.6312.58); For documentation on this error, please visit: https://www.selenium.dev/documentation/webdriver/troubleshooting/errors#no-such-element-exception\nStacktrace:\n#0 0x5637c35e2993 <unknown>\n#1 0x5637c32dd136 <unknown>\n#2 0x5637c3327d48 <unknown>\n#3 0x5637c3327e01 <unknown>\n#4 0x5637c336ae44 <unknown>\n#5 0x5637c3349cfd <unknown>\n#6 0x5637c3368319 <unknown>\n#7 0x5637c3349a73 <unknown>\n#8 0x5637c331ac93 <unknown>\n#9 0x5637c331b65e <unknown>\n#10 0x5637c35a708b <unknown>\n#11 0x5637c35ab005 <unknown>\n#12 0x5637c3595491 <unknown>\n#13 0x5637c35abb92 <unknown>\n#14 0x5637c357a9ef <unknown>\n#15 0x5637c35d1df8 <unknown>\n#16 0x5637c35d1fcb <unknown>\n#17 0x5637c35e1ae4 <unknown>\n#18 0x7fbbc8cfc134 <unknown>","statusTrace":"self = <tests.delivery.test_delivery_calculation.TestDeliveryPageCalculation object at 0x7f931d3d5cd0>\ndriver = <selenium.webdriver.chrome.webdriver.WebDriver (session=\"5fce018c6234707edddf53a1898c1a98\")>\nurl = 'https://sandboxtest.stroyrem-nn.ru/', case_id = 'TD 014'\nlink_item = 'products/shtukaturka-gipsovaya-aksolit-m50-30-kg-mashinnogo-naneseniya'\namount = 666, weight = 20000, standard = 5400, in_time = 15600, all_time = 17490\n\n    @pytest.mark.parametrize('case_id, link_item, amount, weight, standard, in_time, all_time', [\n        (\"TD 001\", uroven_3000, 1, 30, 0, 1590, 2190),\n        (\"TD 002\", bundeks_25, 1, 30, 400, 1590, 2190),\n        (\"TD 003\", aksolit_30, 8, 300, 400, 1590, 2190),\n        (\"TD 004\", aksolit_30, 13, 400, 450, 1590, 2190),\n        (\"TD 005\", aksolit_30, 16, 500, 600, 1590, 2190),\n        (\"TD 006\", aksolit_30, 25, 1700, 990, 1990, 2480),\n        (\"TD 007\", aksolit_30, 66, 2000, 1300, 2490, 2980),\n        (\"TD 008\", aksolit_30, 149, 4500, 2300, 3980, 4490),\n        (\"TD 009\", aksolit_30, 166, 5000, 2500, 4990, 5480),\n        pytest.param(\n            \"TD 010\", aksolit_30, 206, 6200, 2900, 5570, 6120,\n            marks=pytest.mark.xfail(reson=\"Цена доставки 3600 7960 8980\")\n        ),\n        (\"TD 011\", aksolit_30, 299, 9000, 3600, 7960, 8980),\n        (\"TD 012\", aksolit_30, 333, 10000, 4450, 11990, 12500),\n        pytest.param(\n            \"TD 013\", aksolit_30, 366, 11000, 4800, 12450, 13480,\n            marks=pytest.mark.xfail(reason=\"Цена стандартной доставки 4450\")\n        ),\n        pytest.param(\n            \"TD 014\", aksolit_30, 666, 20000, 5400, 15600, 17490,\n            marks=pytest.mark.xfail(reason=\"Цена стандартной доставки 4450\")\n        )\n    ])\n    @pytest.mark.xfail\n    @pytest.mark.smoke_test\n    def test_positive_delivery_green_zone_smoke(\n            self, driver, url, case_id, link_item, amount, weight, standard, in_time, all_time\n    ):\n    \n        driver.get(f'{url}{link_item}')\n        item_page = ItemPage(driver)\n>       item_page.add_item_to_cart(amount).click_on_cart()\n\ntests/delivery/test_delivery_calculation.py:50: \n_ _ _ _ _ _ _ _ _ _ _ _ _ _ _ _ _ _ _ _ _ _ _ _ _ _ _ _ _ _ _ _ _ _ _ _ _ _ _ _ \npages/item_page.py:40: in add_item_to_cart\n    self.find_element(self._add_item).click()\nbase/seleniumbase.py:17: in find_element\n    return self.driver.find_element(*locator)\n/usr/local/lib/python3.11/site-packages/selenium/webdriver/remote/webdriver.py:739: in find_element\n    return self.execute(Command.FIND_ELEMENT, {\"using\": by, \"value\": value})[\"value\"]\n/usr/local/lib/python3.11/site-packages/selenium/webdriver/remote/webdriver.py:345: in execute\n    self.error_handler.check_response(response)\n_ _ _ _ _ _ _ _ _ _ _ _ _ _ _ _ _ _ _ _ _ _ _ _ _ _ _ _ _ _ _ _ _ _ _ _ _ _ _ _ \n\nself = <selenium.webdriver.remote.errorhandler.ErrorHandler object at 0x7f931ce2b790>\nresponse = {'status': 404, 'value': '{\"value\":{\"error\":\"no such element\",\"message\":\"no such element: Unable to locate element: {\\...\\\\n#16 0x5637c35d1fcb \\\\u003Cunknown>\\\\n#17 0x5637c35e1ae4 \\\\u003Cunknown>\\\\n#18 0x7fbbc8cfc134 \\\\u003Cunknown>\\\\n\"}}'}\n\n    def check_response(self, response: Dict[str, Any]) -> None:\n        \"\"\"Checks that a JSON response from the WebDriver does not have an\n        error.\n    \n        :Args:\n         - response - The JSON response from the WebDriver server as a dictionary\n           object.\n    \n        :Raises: If the response contains an error message.\n        \"\"\"\n        status = response.get(\"status\", None)\n        if not status or status == ErrorCode.SUCCESS:\n            return\n        value = None\n        message = response.get(\"message\", \"\")\n        screen: str = response.get(\"screen\", \"\")\n        stacktrace = None\n        if isinstance(status, int):\n            value_json = response.get(\"value\", None)\n            if value_json and isinstance(value_json, str):\n                import json\n    \n                try:\n                    value = json.loads(value_json)\n                    if len(value) == 1:\n                        value = value[\"value\"]\n                    status = value.get(\"error\", None)\n                    if not status:\n                        status = value.get(\"status\", ErrorCode.UNKNOWN_ERROR)\n                        message = value.get(\"value\") or value.get(\"message\")\n                        if not isinstance(message, str):\n                            value = message\n                            message = message.get(\"message\")\n                    else:\n                        message = value.get(\"message\", None)\n                except ValueError:\n                    pass\n    \n        exception_class: Type[WebDriverException]\n        e = ErrorCode()\n        error_codes = [item for item in dir(e) if not item.startswith(\"__\")]\n        for error_code in error_codes:\n            error_info = getattr(ErrorCode, error_code)\n            if isinstance(error_info, list) and status in error_info:\n                exception_class = getattr(ExceptionMapping, error_code, WebDriverException)\n                break\n        else:\n            exception_class = WebDriverException\n    \n        if not value:\n            value = response[\"value\"]\n        if isinstance(value, str):\n            raise exception_class(value)\n        if message == \"\" and \"message\" in value:\n            message = value[\"message\"]\n    \n        screen = None  # type: ignore[assignment]\n        if \"screen\" in value:\n            screen = value[\"screen\"]\n    \n        stacktrace = None\n        st_value = value.get(\"stackTrace\") or value.get(\"stacktrace\")\n        if st_value:\n            if isinstance(st_value, str):\n                stacktrace = st_value.split(\"\\n\")\n            else:\n                stacktrace = []\n                try:\n                    for frame in st_value:\n                        line = frame.get(\"lineNumber\", \"\")\n                        file = frame.get(\"fileName\", \"<anonymous>\")\n                        if line:\n                            file = f\"{file}:{line}\"\n                        meth = frame.get(\"methodName\", \"<anonymous>\")\n                        if \"className\" in frame:\n                            meth = f\"{frame['className']}.{meth}\"\n                        msg = \"    at %s (%s)\"\n                        msg = msg % (meth, file)\n                        stacktrace.append(msg)\n                except TypeError:\n                    pass\n        if exception_class == UnexpectedAlertPresentException:\n            alert_text = None\n            if \"data\" in value:\n                alert_text = value[\"data\"].get(\"text\")\n            elif \"alert\" in value:\n                alert_text = value[\"alert\"].get(\"text\")\n            raise exception_class(message, screen, stacktrace, alert_text)  # type: ignore[call-arg]  # mypy is not smart enough here\n>       raise exception_class(message, screen, stacktrace)\nE       selenium.common.exceptions.NoSuchElementException: Message: no such element: Unable to locate element: {\"method\":\"xpath\",\"selector\":\"(//a[@class='add-to-cart yellow-btn'])[1]\"}\nE         (Session info: chrome-headless-shell=123.0.6312.58); For documentation on this error, please visit: https://www.selenium.dev/documentation/webdriver/troubleshooting/errors#no-such-element-exception\nE       Stacktrace:\nE       #0 0x5637c35e2993 <unknown>\nE       #1 0x5637c32dd136 <unknown>\nE       #2 0x5637c3327d48 <unknown>\nE       #3 0x5637c3327e01 <unknown>\nE       #4 0x5637c336ae44 <unknown>\nE       #5 0x5637c3349cfd <unknown>\nE       #6 0x5637c3368319 <unknown>\nE       #7 0x5637c3349a73 <unknown>\nE       #8 0x5637c331ac93 <unknown>\nE       #9 0x5637c331b65e <unknown>\nE       #10 0x5637c35a708b <unknown>\nE       #11 0x5637c35ab005 <unknown>\nE       #12 0x5637c3595491 <unknown>\nE       #13 0x5637c35abb92 <unknown>\nE       #14 0x5637c357a9ef <unknown>\nE       #15 0x5637c35d1df8 <unknown>\nE       #16 0x5637c35d1fcb <unknown>\nE       #17 0x5637c35e1ae4 <unknown>\nE       #18 0x7fbbc8cfc134 <unknown>\n\n/usr/local/lib/python3.11/site-packages/selenium/webdriver/remote/errorhandler.py:229: NoSuchElementException","flaky":false,"newFailed":false,"newBroken":false,"newPassed":false,"retriesCount":0,"retriesStatusChange":false,"beforeStages":[{"name":"_session_faker","time":{"start":1710982193085,"stop":1710982193152,"duration":67},"status":"passed","steps":[],"attachments":[],"parameters":[],"shouldDisplayMessage":false,"stepsCount":0,"attachmentsCount":0,"hasContent":false,"attachmentStep":false},{"name":"clear_allure_results_folder","time":{"start":1710982193152,"stop":1710982193152,"duration":0},"status":"passed","steps":[],"attachments":[],"parameters":[],"shouldDisplayMessage":false,"stepsCount":0,"attachmentsCount":0,"hasContent":false,"attachmentStep":false},{"name":"driver","time":{"start":1710982490409,"stop":1710982491180,"duration":771},"status":"passed","steps":[],"attachments":[],"parameters":[],"shouldDisplayMessage":false,"stepsCount":0,"attachmentsCount":0,"hasContent":false,"attachmentStep":false},{"name":"setup","time":{"start":1710982491180,"stop":1710982491180,"duration":0},"status":"passed","steps":[],"attachments":[],"parameters":[],"shouldDisplayMessage":false,"stepsCount":0,"attachmentsCount":0,"hasContent":false,"attachmentStep":false}],"testStage":{"status":"skipped","statusMessage":"XFAIL\n\nselenium.common.exceptions.NoSuchElementException: Message: no such element: Unable to locate element: {\"method\":\"xpath\",\"selector\":\"(//a[@class='add-to-cart yellow-btn'])[1]\"}\n  (Session info: chrome-headless-shell=123.0.6312.58); For documentation on this error, please visit: https://www.selenium.dev/documentation/webdriver/troubleshooting/errors#no-such-element-exception\nStacktrace:\n#0 0x5637c35e2993 <unknown>\n#1 0x5637c32dd136 <unknown>\n#2 0x5637c3327d48 <unknown>\n#3 0x5637c3327e01 <unknown>\n#4 0x5637c336ae44 <unknown>\n#5 0x5637c3349cfd <unknown>\n#6 0x5637c3368319 <unknown>\n#7 0x5637c3349a73 <unknown>\n#8 0x5637c331ac93 <unknown>\n#9 0x5637c331b65e <unknown>\n#10 0x5637c35a708b <unknown>\n#11 0x5637c35ab005 <unknown>\n#12 0x5637c3595491 <unknown>\n#13 0x5637c35abb92 <unknown>\n#14 0x5637c357a9ef <unknown>\n#15 0x5637c35d1df8 <unknown>\n#16 0x5637c35d1fcb <unknown>\n#17 0x5637c35e1ae4 <unknown>\n#18 0x7fbbc8cfc134 <unknown>","statusTrace":"self = <tests.delivery.test_delivery_calculation.TestDeliveryPageCalculation object at 0x7f931d3d5cd0>\ndriver = <selenium.webdriver.chrome.webdriver.WebDriver (session=\"5fce018c6234707edddf53a1898c1a98\")>\nurl = 'https://sandboxtest.stroyrem-nn.ru/', case_id = 'TD 014'\nlink_item = 'products/shtukaturka-gipsovaya-aksolit-m50-30-kg-mashinnogo-naneseniya'\namount = 666, weight = 20000, standard = 5400, in_time = 15600, all_time = 17490\n\n    @pytest.mark.parametrize('case_id, link_item, amount, weight, standard, in_time, all_time', [\n        (\"TD 001\", uroven_3000, 1, 30, 0, 1590, 2190),\n        (\"TD 002\", bundeks_25, 1, 30, 400, 1590, 2190),\n        (\"TD 003\", aksolit_30, 8, 300, 400, 1590, 2190),\n        (\"TD 004\", aksolit_30, 13, 400, 450, 1590, 2190),\n        (\"TD 005\", aksolit_30, 16, 500, 600, 1590, 2190),\n        (\"TD 006\", aksolit_30, 25, 1700, 990, 1990, 2480),\n        (\"TD 007\", aksolit_30, 66, 2000, 1300, 2490, 2980),\n        (\"TD 008\", aksolit_30, 149, 4500, 2300, 3980, 4490),\n        (\"TD 009\", aksolit_30, 166, 5000, 2500, 4990, 5480),\n        pytest.param(\n            \"TD 010\", aksolit_30, 206, 6200, 2900, 5570, 6120,\n            marks=pytest.mark.xfail(reson=\"Цена доставки 3600 7960 8980\")\n        ),\n        (\"TD 011\", aksolit_30, 299, 9000, 3600, 7960, 8980),\n        (\"TD 012\", aksolit_30, 333, 10000, 4450, 11990, 12500),\n        pytest.param(\n            \"TD 013\", aksolit_30, 366, 11000, 4800, 12450, 13480,\n            marks=pytest.mark.xfail(reason=\"Цена стандартной доставки 4450\")\n        ),\n        pytest.param(\n            \"TD 014\", aksolit_30, 666, 20000, 5400, 15600, 17490,\n            marks=pytest.mark.xfail(reason=\"Цена стандартной доставки 4450\")\n        )\n    ])\n    @pytest.mark.xfail\n    @pytest.mark.smoke_test\n    def test_positive_delivery_green_zone_smoke(\n            self, driver, url, case_id, link_item, amount, weight, standard, in_time, all_time\n    ):\n    \n        driver.get(f'{url}{link_item}')\n        item_page = ItemPage(driver)\n>       item_page.add_item_to_cart(amount).click_on_cart()\n\ntests/delivery/test_delivery_calculation.py:50: \n_ _ _ _ _ _ _ _ _ _ _ _ _ _ _ _ _ _ _ _ _ _ _ _ _ _ _ _ _ _ _ _ _ _ _ _ _ _ _ _ \npages/item_page.py:40: in add_item_to_cart\n    self.find_element(self._add_item).click()\nbase/seleniumbase.py:17: in find_element\n    return self.driver.find_element(*locator)\n/usr/local/lib/python3.11/site-packages/selenium/webdriver/remote/webdriver.py:739: in find_element\n    return self.execute(Command.FIND_ELEMENT, {\"using\": by, \"value\": value})[\"value\"]\n/usr/local/lib/python3.11/site-packages/selenium/webdriver/remote/webdriver.py:345: in execute\n    self.error_handler.check_response(response)\n_ _ _ _ _ _ _ _ _ _ _ _ _ _ _ _ _ _ _ _ _ _ _ _ _ _ _ _ _ _ _ _ _ _ _ _ _ _ _ _ \n\nself = <selenium.webdriver.remote.errorhandler.ErrorHandler object at 0x7f931ce2b790>\nresponse = {'status': 404, 'value': '{\"value\":{\"error\":\"no such element\",\"message\":\"no such element: Unable to locate element: {\\...\\\\n#16 0x5637c35d1fcb \\\\u003Cunknown>\\\\n#17 0x5637c35e1ae4 \\\\u003Cunknown>\\\\n#18 0x7fbbc8cfc134 \\\\u003Cunknown>\\\\n\"}}'}\n\n    def check_response(self, response: Dict[str, Any]) -> None:\n        \"\"\"Checks that a JSON response from the WebDriver does not have an\n        error.\n    \n        :Args:\n         - response - The JSON response from the WebDriver server as a dictionary\n           object.\n    \n        :Raises: If the response contains an error message.\n        \"\"\"\n        status = response.get(\"status\", None)\n        if not status or status == ErrorCode.SUCCESS:\n            return\n        value = None\n        message = response.get(\"message\", \"\")\n        screen: str = response.get(\"screen\", \"\")\n        stacktrace = None\n        if isinstance(status, int):\n            value_json = response.get(\"value\", None)\n            if value_json and isinstance(value_json, str):\n                import json\n    \n                try:\n                    value = json.loads(value_json)\n                    if len(value) == 1:\n                        value = value[\"value\"]\n                    status = value.get(\"error\", None)\n                    if not status:\n                        status = value.get(\"status\", ErrorCode.UNKNOWN_ERROR)\n                        message = value.get(\"value\") or value.get(\"message\")\n                        if not isinstance(message, str):\n                            value = message\n                            message = message.get(\"message\")\n                    else:\n                        message = value.get(\"message\", None)\n                except ValueError:\n                    pass\n    \n        exception_class: Type[WebDriverException]\n        e = ErrorCode()\n        error_codes = [item for item in dir(e) if not item.startswith(\"__\")]\n        for error_code in error_codes:\n            error_info = getattr(ErrorCode, error_code)\n            if isinstance(error_info, list) and status in error_info:\n                exception_class = getattr(ExceptionMapping, error_code, WebDriverException)\n                break\n        else:\n            exception_class = WebDriverException\n    \n        if not value:\n            value = response[\"value\"]\n        if isinstance(value, str):\n            raise exception_class(value)\n        if message == \"\" and \"message\" in value:\n            message = value[\"message\"]\n    \n        screen = None  # type: ignore[assignment]\n        if \"screen\" in value:\n            screen = value[\"screen\"]\n    \n        stacktrace = None\n        st_value = value.get(\"stackTrace\") or value.get(\"stacktrace\")\n        if st_value:\n            if isinstance(st_value, str):\n                stacktrace = st_value.split(\"\\n\")\n            else:\n                stacktrace = []\n                try:\n                    for frame in st_value:\n                        line = frame.get(\"lineNumber\", \"\")\n                        file = frame.get(\"fileName\", \"<anonymous>\")\n                        if line:\n                            file = f\"{file}:{line}\"\n                        meth = frame.get(\"methodName\", \"<anonymous>\")\n                        if \"className\" in frame:\n                            meth = f\"{frame['className']}.{meth}\"\n                        msg = \"    at %s (%s)\"\n                        msg = msg % (meth, file)\n                        stacktrace.append(msg)\n                except TypeError:\n                    pass\n        if exception_class == UnexpectedAlertPresentException:\n            alert_text = None\n            if \"data\" in value:\n                alert_text = value[\"data\"].get(\"text\")\n            elif \"alert\" in value:\n                alert_text = value[\"alert\"].get(\"text\")\n            raise exception_class(message, screen, stacktrace, alert_text)  # type: ignore[call-arg]  # mypy is not smart enough here\n>       raise exception_class(message, screen, stacktrace)\nE       selenium.common.exceptions.NoSuchElementException: Message: no such element: Unable to locate element: {\"method\":\"xpath\",\"selector\":\"(//a[@class='add-to-cart yellow-btn'])[1]\"}\nE         (Session info: chrome-headless-shell=123.0.6312.58); For documentation on this error, please visit: https://www.selenium.dev/documentation/webdriver/troubleshooting/errors#no-such-element-exception\nE       Stacktrace:\nE       #0 0x5637c35e2993 <unknown>\nE       #1 0x5637c32dd136 <unknown>\nE       #2 0x5637c3327d48 <unknown>\nE       #3 0x5637c3327e01 <unknown>\nE       #4 0x5637c336ae44 <unknown>\nE       #5 0x5637c3349cfd <unknown>\nE       #6 0x5637c3368319 <unknown>\nE       #7 0x5637c3349a73 <unknown>\nE       #8 0x5637c331ac93 <unknown>\nE       #9 0x5637c331b65e <unknown>\nE       #10 0x5637c35a708b <unknown>\nE       #11 0x5637c35ab005 <unknown>\nE       #12 0x5637c3595491 <unknown>\nE       #13 0x5637c35abb92 <unknown>\nE       #14 0x5637c357a9ef <unknown>\nE       #15 0x5637c35d1df8 <unknown>\nE       #16 0x5637c35d1fcb <unknown>\nE       #17 0x5637c35e1ae4 <unknown>\nE       #18 0x7fbbc8cfc134 <unknown>\n\n/usr/local/lib/python3.11/site-packages/selenium/webdriver/remote/errorhandler.py:229: NoSuchElementException","steps":[{"name":"Добавляем товар в корзину в количестве 666","time":{"start":1710982491775,"stop":1710982491787,"duration":12},"status":"broken","statusMessage":"selenium.common.exceptions.NoSuchElementException: Message: no such element: Unable to locate element: {\"method\":\"xpath\",\"selector\":\"(//a[@class='add-to-cart yellow-btn'])[1]\"}\n  (Session info: chrome-headless-shell=123.0.6312.58); For documentation on this error, please visit: https://www.selenium.dev/documentation/webdriver/troubleshooting/errors#no-such-element-exception\nStacktrace:\n#0 0x5637c35e2993 <unknown>\n#1 0x5637c32dd136 <unknown>\n#2 0x5637c3327d48 <unknown>\n#3 0x5637c3327e01 <unknown>\n#4 0x5637c336ae44 <unknown>\n#5 0x5637c3349cfd <unknown>\n#6 0x5637c3368319 <unknown>\n#7 0x5637c3349a73 <unknown>\n#8 0x5637c331ac93 <unknown>\n#9 0x5637c331b65e <unknown>\n#10 0x5637c35a708b <unknown>\n#11 0x5637c35ab005 <unknown>\n#12 0x5637c3595491 <unknown>\n#13 0x5637c35abb92 <unknown>\n#14 0x5637c357a9ef <unknown>\n#15 0x5637c35d1df8 <unknown>\n#16 0x5637c35d1fcb <unknown>\n#17 0x5637c35e1ae4 <unknown>\n#18 0x7fbbc8cfc134 <unknown>\n\n","statusTrace":"  File \"/usr/local/lib/python3.11/site-packages/allure_commons/_allure.py\", line 192, in impl\n    return func(*a, **kw)\n           ^^^^^^^^^^^^^^\n  File \"/app/pages/item_page.py\", line 40, in add_item_to_cart\n    self.find_element(self._add_item).click()\n    ^^^^^^^^^^^^^^^^^^^^^^^^^^^^^^^^^\n  File \"/app/base/seleniumbase.py\", line 17, in find_element\n    return self.driver.find_element(*locator)\n           ^^^^^^^^^^^^^^^^^^^^^^^^^^^^^^^^^^\n  File \"/usr/local/lib/python3.11/site-packages/selenium/webdriver/remote/webdriver.py\", line 739, in find_element\n    return self.execute(Command.FIND_ELEMENT, {\"using\": by, \"value\": value})[\"value\"]\n           ^^^^^^^^^^^^^^^^^^^^^^^^^^^^^^^^^^^^^^^^^^^^^^^^^^^^^^^^^^^^^^^^^\n  File \"/usr/local/lib/python3.11/site-packages/selenium/webdriver/remote/webdriver.py\", line 345, in execute\n    self.error_handler.check_response(response)\n  File \"/usr/local/lib/python3.11/site-packages/selenium/webdriver/remote/errorhandler.py\", line 229, in check_response\n    raise exception_class(message, screen, stacktrace)\n","steps":[],"attachments":[],"parameters":[{"name":"amount","value":"666"}],"shouldDisplayMessage":true,"stepsCount":0,"attachmentsCount":0,"hasContent":true,"attachmentStep":false}],"attachments":[{"uid":"d0a522d9e6c4f555","name":"Screenshot","source":"d0a522d9e6c4f555.png","type":"image/png","size":5862},{"uid":"2516fa86b4f92723","name":"HTML source","source":"2516fa86b4f92723.html","type":"text/html","size":39}],"parameters":[],"shouldDisplayMessage":true,"stepsCount":1,"attachmentsCount":2,"hasContent":true,"attachmentStep":false},"afterStages":[{"name":"setup::0","time":{"start":1710982491884,"stop":1710982491884,"duration":0},"status":"passed","steps":[],"attachments":[],"parameters":[],"shouldDisplayMessage":false,"stepsCount":0,"attachmentsCount":0,"hasContent":false,"attachmentStep":false},{"name":"driver::0","time":{"start":1710982491884,"stop":1710982491941,"duration":57},"status":"passed","steps":[],"attachments":[],"parameters":[],"shouldDisplayMessage":false,"stepsCount":0,"attachmentsCount":0,"hasContent":false,"attachmentStep":false}],"labels":[{"name":"epic","value":"Delivery Page - calculation"},{"name":"tag","value":"smoke_test"},{"name":"tag","value":"@pytest.mark.xfail"},{"name":"parentSuite","value":"tests.delivery"},{"name":"suite","value":"test_delivery_calculation"},{"name":"subSuite","value":"TestDeliveryPageCalculation"},{"name":"host","value":"a4fc3d38c7ec"},{"name":"thread","value":"1-MainThread"},{"name":"framework","value":"pytest"},{"name":"language","value":"cpython3"},{"name":"package","value":"tests.delivery.test_delivery_calculation"},{"name":"resultFormat","value":"allure2"}],"parameters":[{"name":"all_time","value":"17490"},{"name":"amount","value":"666"},{"name":"case_id","value":"'TD 014'"},{"name":"in_time","value":"15600"},{"name":"link_item","value":"'products/shtukaturka-gipsovaya-aksolit-m50-30-kg-mashinnogo-naneseniya'"},{"name":"standard","value":"5400"},{"name":"url","value":"'https://sandboxtest.stroyrem-nn.ru/'"},{"name":"weight","value":"20000"}],"links":[],"hidden":false,"retry":false,"extra":{"severity":"normal","retries":[],"categories":[],"history":{"statistic":{"failed":0,"broken":0,"skipped":205,"passed":0,"unknown":0,"total":205},"items":[{"uid":"67c359deb189349","reportUrl":"https://Nat754.github.io/StroyremAutomation/252//#testresult/67c359deb189349","status":"skipped","statusDetails":"XFAIL\n\nselenium.common.exceptions.NoSuchElementException: Message: no such element: Unable to locate element: {\"method\":\"xpath\",\"selector\":\"(//a[@class='add-to-cart yellow-btn'])[1]\"}\n  (Session info: chrome-headless-shell=123.0.6312.58); For documentation on this error, please visit: https://www.selenium.dev/documentation/webdriver/troubleshooting/errors#no-such-element-exception\nStacktrace:\n#0 0x57e791a33993 <unknown>\n#1 0x57e79172e136 <unknown>\n#2 0x57e791778d48 <unknown>\n#3 0x57e791778e01 <unknown>\n#4 0x57e7917bbe44 <unknown>\n#5 0x57e79179acfd <unknown>\n#6 0x57e7917b9319 <unknown>\n#7 0x57e79179aa73 <unknown>\n#8 0x57e79176bc93 <unknown>\n#9 0x57e79176c65e <unknown>\n#10 0x57e7919f808b <unknown>\n#11 0x57e7919fc005 <unknown>\n#12 0x57e7919e6491 <unknown>\n#13 0x57e7919fcb92 <unknown>\n#14 0x57e7919cb9ef <unknown>\n#15 0x57e791a22df8 <unknown>\n#16 0x57e791a22fcb <unknown>\n#17 0x57e791a32ae4 <unknown>\n#18 0x79d1b647b134 <unknown>","time":{"start":1710895891808,"stop":1710895892333,"duration":525}},{"uid":"151bf81817c0f4b0","reportUrl":"https://Nat754.github.io/StroyremAutomation/251//#testresult/151bf81817c0f4b0","status":"skipped","statusDetails":"XFAIL\n\nselenium.common.exceptions.NoSuchElementException: Message: no such element: Unable to locate element: {\"method\":\"xpath\",\"selector\":\"(//a[@class='add-to-cart yellow-btn'])[1]\"}\n  (Session info: chrome-headless-shell=122.0.6261.128); For documentation on this error, please visit: https://www.selenium.dev/documentation/webdriver/troubleshooting/errors#no-such-element-exception\nStacktrace:\n#0 0x5636f0518f33 <unknown>\n#1 0x5636f0210ce6 <unknown>\n#2 0x5636f025be48 <unknown>\n#3 0x5636f025bf01 <unknown>\n#4 0x5636f029f3f4 <unknown>\n#5 0x5636f027dedd <unknown>\n#6 0x5636f029c899 <unknown>\n#7 0x5636f027dc53 <unknown>\n#8 0x5636f024edb3 <unknown>\n#9 0x5636f024f77e <unknown>\n#10 0x5636f04de86b <unknown>\n#11 0x5636f04e2885 <unknown>\n#12 0x5636f04cc181 <unknown>\n#13 0x5636f04e3412 <unknown>\n#14 0x5636f04b025f <unknown>\n#15 0x5636f0507528 <unknown>\n#16 0x5636f0507723 <unknown>\n#17 0x5636f05180e4 <unknown>\n#18 0x7f83b06e7134 <unknown>","time":{"start":1710809533272,"stop":1710809533562,"duration":290}},{"uid":"c541d6be52166b5f","reportUrl":"https://Nat754.github.io/StroyremAutomation/250//#testresult/c541d6be52166b5f","status":"skipped","statusDetails":"XFAIL\n\nselenium.common.exceptions.NoSuchElementException: Message: no such element: Unable to locate element: {\"method\":\"xpath\",\"selector\":\"(//a[@class='add-to-cart yellow-btn'])[1]\"}\n  (Session info: chrome-headless-shell=122.0.6261.128); For documentation on this error, please visit: https://www.selenium.dev/documentation/webdriver/troubleshooting/errors#no-such-element-exception\nStacktrace:\n#0 0x56072da62f33 <unknown>\n#1 0x56072d75ace6 <unknown>\n#2 0x56072d7a5e48 <unknown>\n#3 0x56072d7a5f01 <unknown>\n#4 0x56072d7e93f4 <unknown>\n#5 0x56072d7c7edd <unknown>\n#6 0x56072d7e6899 <unknown>\n#7 0x56072d7c7c53 <unknown>\n#8 0x56072d798db3 <unknown>\n#9 0x56072d79977e <unknown>\n#10 0x56072da2886b <unknown>\n#11 0x56072da2c885 <unknown>\n#12 0x56072da16181 <unknown>\n#13 0x56072da2d412 <unknown>\n#14 0x56072d9fa25f <unknown>\n#15 0x56072da51528 <unknown>\n#16 0x56072da51723 <unknown>\n#17 0x56072da620e4 <unknown>\n#18 0x726c20be1134 <unknown>","time":{"start":1710723187356,"stop":1710723187686,"duration":330}},{"uid":"8cfdde8907747550","reportUrl":"https://Nat754.github.io/StroyremAutomation/249//#testresult/8cfdde8907747550","status":"skipped","statusDetails":"XFAIL\n\nselenium.common.exceptions.NoSuchElementException: Message: no such element: Unable to locate element: {\"method\":\"xpath\",\"selector\":\"(//a[@class='add-to-cart yellow-btn'])[1]\"}\n  (Session info: chrome-headless-shell=122.0.6261.128); For documentation on this error, please visit: https://www.selenium.dev/documentation/webdriver/troubleshooting/errors#no-such-element-exception\nStacktrace:\n#0 0x64b33f27ef33 <unknown>\n#1 0x64b33ef76ce6 <unknown>\n#2 0x64b33efc1e48 <unknown>\n#3 0x64b33efc1f01 <unknown>\n#4 0x64b33f0053f4 <unknown>\n#5 0x64b33efe3edd <unknown>\n#6 0x64b33f002899 <unknown>\n#7 0x64b33efe3c53 <unknown>\n#8 0x64b33efb4db3 <unknown>\n#9 0x64b33efb577e <unknown>\n#10 0x64b33f24486b <unknown>\n#11 0x64b33f248885 <unknown>\n#12 0x64b33f232181 <unknown>\n#13 0x64b33f249412 <unknown>\n#14 0x64b33f21625f <unknown>\n#15 0x64b33f26d528 <unknown>\n#16 0x64b33f26d723 <unknown>\n#17 0x64b33f27e0e4 <unknown>\n#18 0x722d1ea3c134 <unknown>","time":{"start":1710636956428,"stop":1710636956718,"duration":290}},{"uid":"793b3fd16a3e83e6","reportUrl":"https://Nat754.github.io/StroyremAutomation/248//#testresult/793b3fd16a3e83e6","status":"skipped","statusDetails":"XFAIL\n\nselenium.common.exceptions.NoSuchElementException: Message: no such element: Unable to locate element: {\"method\":\"xpath\",\"selector\":\"(//a[@class='add-to-cart yellow-btn'])[1]\"}\n  (Session info: chrome-headless-shell=122.0.6261.128); For documentation on this error, please visit: https://www.selenium.dev/documentation/webdriver/troubleshooting/errors#no-such-element-exception\nStacktrace:\n#0 0x645cc4637f33 <unknown>\n#1 0x645cc432fce6 <unknown>\n#2 0x645cc437ae48 <unknown>\n#3 0x645cc437af01 <unknown>\n#4 0x645cc43be3f4 <unknown>\n#5 0x645cc439cedd <unknown>\n#6 0x645cc43bb899 <unknown>\n#7 0x645cc439cc53 <unknown>\n#8 0x645cc436ddb3 <unknown>\n#9 0x645cc436e77e <unknown>\n#10 0x645cc45fd86b <unknown>\n#11 0x645cc4601885 <unknown>\n#12 0x645cc45eb181 <unknown>\n#13 0x645cc4602412 <unknown>\n#14 0x645cc45cf25f <unknown>\n#15 0x645cc4626528 <unknown>\n#16 0x645cc4626723 <unknown>\n#17 0x645cc46370e4 <unknown>\n#18 0x7289deb9a134 <unknown>","time":{"start":1710550232308,"stop":1710550232600,"duration":292}},{"uid":"b6f59957a5b52095","reportUrl":"https://Nat754.github.io/StroyremAutomation/247//#testresult/b6f59957a5b52095","status":"skipped","statusDetails":"XFAIL\n\nselenium.common.exceptions.NoSuchElementException: Message: no such element: Unable to locate element: {\"method\":\"xpath\",\"selector\":\"(//a[@class='add-to-cart yellow-btn'])[1]\"}\n  (Session info: chrome-headless-shell=122.0.6261.128); For documentation on this error, please visit: https://www.selenium.dev/documentation/webdriver/troubleshooting/errors#no-such-element-exception\nStacktrace:\n#0 0x578860f8ff33 <unknown>\n#1 0x578860c87ce6 <unknown>\n#2 0x578860cd2e48 <unknown>\n#3 0x578860cd2f01 <unknown>\n#4 0x578860d163f4 <unknown>\n#5 0x578860cf4edd <unknown>\n#6 0x578860d13899 <unknown>\n#7 0x578860cf4c53 <unknown>\n#8 0x578860cc5db3 <unknown>\n#9 0x578860cc677e <unknown>\n#10 0x578860f5586b <unknown>\n#11 0x578860f59885 <unknown>\n#12 0x578860f43181 <unknown>\n#13 0x578860f5a412 <unknown>\n#14 0x578860f2725f <unknown>\n#15 0x578860f7e528 <unknown>\n#16 0x578860f7e723 <unknown>\n#17 0x578860f8f0e4 <unknown>\n#18 0x794040872134 <unknown>","time":{"start":1710463970346,"stop":1710463970665,"duration":319}},{"uid":"ac0c98dc820b7729","reportUrl":"https://Nat754.github.io/StroyremAutomation/246//#testresult/ac0c98dc820b7729","status":"skipped","statusDetails":"XFAIL\n\nselenium.common.exceptions.NoSuchElementException: Message: no such element: Unable to locate element: {\"method\":\"xpath\",\"selector\":\"(//a[@class='add-to-cart yellow-btn'])[1]\"}\n  (Session info: chrome-headless-shell=122.0.6261.128); For documentation on this error, please visit: https://www.selenium.dev/documentation/webdriver/troubleshooting/errors#no-such-element-exception\nStacktrace:\n#0 0x5c49cbf85f33 <unknown>\n#1 0x5c49cbc7dce6 <unknown>\n#2 0x5c49cbcc8e48 <unknown>\n#3 0x5c49cbcc8f01 <unknown>\n#4 0x5c49cbd0c3f4 <unknown>\n#5 0x5c49cbceaedd <unknown>\n#6 0x5c49cbd09899 <unknown>\n#7 0x5c49cbceac53 <unknown>\n#8 0x5c49cbcbbdb3 <unknown>\n#9 0x5c49cbcbc77e <unknown>\n#10 0x5c49cbf4b86b <unknown>\n#11 0x5c49cbf4f885 <unknown>\n#12 0x5c49cbf39181 <unknown>\n#13 0x5c49cbf50412 <unknown>\n#14 0x5c49cbf1d25f <unknown>\n#15 0x5c49cbf74528 <unknown>\n#16 0x5c49cbf74723 <unknown>\n#17 0x5c49cbf850e4 <unknown>\n#18 0x7d39a5c3b134 <unknown>","time":{"start":1710377551184,"stop":1710377551530,"duration":346}},{"uid":"da273cd28a871b9e","reportUrl":"https://Nat754.github.io/StroyremAutomation/245//#testresult/da273cd28a871b9e","status":"skipped","statusDetails":"XFAIL\n\nselenium.common.exceptions.NoSuchElementException: Message: no such element: Unable to locate element: {\"method\":\"xpath\",\"selector\":\"(//a[@class='add-to-cart yellow-btn'])[1]\"}\n  (Session info: chrome-headless-shell=122.0.6261.128); For documentation on this error, please visit: https://www.selenium.dev/documentation/webdriver/troubleshooting/errors#no-such-element-exception\nStacktrace:\n#0 0x556e06fadf33 <unknown>\n#1 0x556e06ca5ce6 <unknown>\n#2 0x556e06cf0e48 <unknown>\n#3 0x556e06cf0f01 <unknown>\n#4 0x556e06d343f4 <unknown>\n#5 0x556e06d12edd <unknown>\n#6 0x556e06d31899 <unknown>\n#7 0x556e06d12c53 <unknown>\n#8 0x556e06ce3db3 <unknown>\n#9 0x556e06ce477e <unknown>\n#10 0x556e06f7386b <unknown>\n#11 0x556e06f77885 <unknown>\n#12 0x556e06f61181 <unknown>\n#13 0x556e06f78412 <unknown>\n#14 0x556e06f4525f <unknown>\n#15 0x556e06f9c528 <unknown>\n#16 0x556e06f9c723 <unknown>\n#17 0x556e06fad0e4 <unknown>\n#18 0x7efd17070134 <unknown>","time":{"start":1710291217068,"stop":1710291217692,"duration":624}},{"uid":"946426ef100d9ca4","reportUrl":"https://Nat754.github.io/StroyremAutomation/244//#testresult/946426ef100d9ca4","status":"skipped","statusDetails":"XFAIL\n\nselenium.common.exceptions.NoSuchElementException: Message: no such element: Unable to locate element: {\"method\":\"xpath\",\"selector\":\"(//a[@class='add-to-cart yellow-btn'])[1]\"}\n  (Session info: chrome-headless-shell=122.0.6261.111); For documentation on this error, please visit: https://www.selenium.dev/documentation/webdriver/troubleshooting/errors#no-such-element-exception\nStacktrace:\n#0 0x562b0356fec3 <unknown>\n#1 0x562b03267ce6 <unknown>\n#2 0x562b032b2e48 <unknown>\n#3 0x562b032b2f01 <unknown>\n#4 0x562b032f63f4 <unknown>\n#5 0x562b032d4edd <unknown>\n#6 0x562b032f3899 <unknown>\n#7 0x562b032d4c53 <unknown>\n#8 0x562b032a5db3 <unknown>\n#9 0x562b032a677e <unknown>\n#10 0x562b035357fb <unknown>\n#11 0x562b03539815 <unknown>\n#12 0x562b03523111 <unknown>\n#13 0x562b0353a3a2 <unknown>\n#14 0x562b035071ef <unknown>\n#15 0x562b0355e4b8 <unknown>\n#16 0x562b0355e6b3 <unknown>\n#17 0x562b0356f074 <unknown>\n#18 0x7f5ed481c134 <unknown>","time":{"start":1710204682219,"stop":1710204682973,"duration":754}},{"uid":"b1c62c47f3844b3e","reportUrl":"https://Nat754.github.io/StroyremAutomation/243//#testresult/b1c62c47f3844b3e","status":"skipped","statusDetails":"XFAIL\n\nselenium.common.exceptions.NoSuchElementException: Message: no such element: Unable to locate element: {\"method\":\"xpath\",\"selector\":\"(//a[@class='add-to-cart yellow-btn'])[1]\"}\n  (Session info: chrome-headless-shell=122.0.6261.111); For documentation on this error, please visit: https://www.selenium.dev/documentation/webdriver/troubleshooting/errors#no-such-element-exception\nStacktrace:\n#0 0x56405c6c9ec3 <unknown>\n#1 0x56405c3c1ce6 <unknown>\n#2 0x56405c40ce48 <unknown>\n#3 0x56405c40cf01 <unknown>\n#4 0x56405c4503f4 <unknown>\n#5 0x56405c42eedd <unknown>\n#6 0x56405c44d899 <unknown>\n#7 0x56405c42ec53 <unknown>\n#8 0x56405c3ffdb3 <unknown>\n#9 0x56405c40077e <unknown>\n#10 0x56405c68f7fb <unknown>\n#11 0x56405c693815 <unknown>\n#12 0x56405c67d111 <unknown>\n#13 0x56405c6943a2 <unknown>\n#14 0x56405c6611ef <unknown>\n#15 0x56405c6b84b8 <unknown>\n#16 0x56405c6b86b3 <unknown>\n#17 0x56405c6c9074 <unknown>\n#18 0x7f76632e6134 <unknown>","time":{"start":1710118417803,"stop":1710118418214,"duration":411}},{"uid":"b0fed80400a24db4","reportUrl":"https://Nat754.github.io/StroyremAutomation/242//#testresult/b0fed80400a24db4","status":"skipped","statusDetails":"XFAIL\n\nselenium.common.exceptions.NoSuchElementException: Message: no such element: Unable to locate element: {\"method\":\"xpath\",\"selector\":\"(//a[@class='add-to-cart yellow-btn'])[1]\"}\n  (Session info: chrome-headless-shell=122.0.6261.111); For documentation on this error, please visit: https://www.selenium.dev/documentation/webdriver/troubleshooting/errors#no-such-element-exception\nStacktrace:\n#0 0x564240ba4ec3 <unknown>\n#1 0x56424089cce6 <unknown>\n#2 0x5642408e7e48 <unknown>\n#3 0x5642408e7f01 <unknown>\n#4 0x56424092b3f4 <unknown>\n#5 0x564240909edd <unknown>\n#6 0x564240928899 <unknown>\n#7 0x564240909c53 <unknown>\n#8 0x5642408dadb3 <unknown>\n#9 0x5642408db77e <unknown>\n#10 0x564240b6a7fb <unknown>\n#11 0x564240b6e815 <unknown>\n#12 0x564240b58111 <unknown>\n#13 0x564240b6f3a2 <unknown>\n#14 0x564240b3c1ef <unknown>\n#15 0x564240b934b8 <unknown>\n#16 0x564240b936b3 <unknown>\n#17 0x564240ba4074 <unknown>\n#18 0x7f7b1d0f1134 <unknown>","time":{"start":1710032185265,"stop":1710032185590,"duration":325}},{"uid":"6ef3eb029160bb82","reportUrl":"https://Nat754.github.io/StroyremAutomation/241//#testresult/6ef3eb029160bb82","status":"skipped","statusDetails":"XFAIL\n\nselenium.common.exceptions.NoSuchElementException: Message: no such element: Unable to locate element: {\"method\":\"xpath\",\"selector\":\"(//a[@class='add-to-cart yellow-btn'])[1]\"}\n  (Session info: chrome-headless-shell=122.0.6261.111); For documentation on this error, please visit: https://www.selenium.dev/documentation/webdriver/troubleshooting/errors#no-such-element-exception\nStacktrace:\n#0 0x55f2e911eec3 <unknown>\n#1 0x55f2e8e16ce6 <unknown>\n#2 0x55f2e8e61e48 <unknown>\n#3 0x55f2e8e61f01 <unknown>\n#4 0x55f2e8ea53f4 <unknown>\n#5 0x55f2e8e83edd <unknown>\n#6 0x55f2e8ea2899 <unknown>\n#7 0x55f2e8e83c53 <unknown>\n#8 0x55f2e8e54db3 <unknown>\n#9 0x55f2e8e5577e <unknown>\n#10 0x55f2e90e47fb <unknown>\n#11 0x55f2e90e8815 <unknown>\n#12 0x55f2e90d2111 <unknown>\n#13 0x55f2e90e93a2 <unknown>\n#14 0x55f2e90b61ef <unknown>\n#15 0x55f2e910d4b8 <unknown>\n#16 0x55f2e910d6b3 <unknown>\n#17 0x55f2e911e074 <unknown>\n#18 0x7fb07bf05134 <unknown>","time":{"start":1709945395091,"stop":1709945395418,"duration":327}},{"uid":"2115dd367dcc311b","reportUrl":"https://Nat754.github.io/StroyremAutomation/240//#testresult/2115dd367dcc311b","status":"skipped","statusDetails":"XFAIL\n\nselenium.common.exceptions.NoSuchElementException: Message: no such element: Unable to locate element: {\"method\":\"xpath\",\"selector\":\"(//a[@class='add-to-cart yellow-btn'])[1]\"}\n  (Session info: chrome-headless-shell=122.0.6261.111); For documentation on this error, please visit: https://www.selenium.dev/documentation/webdriver/troubleshooting/errors#no-such-element-exception\nStacktrace:\n#0 0x555566bd3ec3 <unknown>\n#1 0x5555668cbce6 <unknown>\n#2 0x555566916e48 <unknown>\n#3 0x555566916f01 <unknown>\n#4 0x55556695a3f4 <unknown>\n#5 0x555566938edd <unknown>\n#6 0x555566957899 <unknown>\n#7 0x555566938c53 <unknown>\n#8 0x555566909db3 <unknown>\n#9 0x55556690a77e <unknown>\n#10 0x555566b997fb <unknown>\n#11 0x555566b9d815 <unknown>\n#12 0x555566b87111 <unknown>\n#13 0x555566b9e3a2 <unknown>\n#14 0x555566b6b1ef <unknown>\n#15 0x555566bc24b8 <unknown>\n#16 0x555566bc26b3 <unknown>\n#17 0x555566bd3074 <unknown>\n#18 0x7f8c25574134 <unknown>","time":{"start":1709859077396,"stop":1709859077982,"duration":586}},{"uid":"5d291eb04946a274","reportUrl":"https://Nat754.github.io/StroyremAutomation/239//#testresult/5d291eb04946a274","status":"skipped","statusDetails":"XFAIL\n\nselenium.common.exceptions.NoSuchElementException: Message: no such element: Unable to locate element: {\"method\":\"xpath\",\"selector\":\"(//a[@class='add-to-cart yellow-btn'])[1]\"}\n  (Session info: chrome-headless-shell=122.0.6261.94); For documentation on this error, please visit: https://www.selenium.dev/documentation/webdriver/troubleshooting/errors#no-such-element-exception\nStacktrace:\n#0 0x564a208f8e93 <unknown>\n#1 0x564a205f0ce6 <unknown>\n#2 0x564a2063be48 <unknown>\n#3 0x564a2063bf01 <unknown>\n#4 0x564a2067f3f4 <unknown>\n#5 0x564a2065dedd <unknown>\n#6 0x564a2067c899 <unknown>\n#7 0x564a2065dc53 <unknown>\n#8 0x564a2062edb3 <unknown>\n#9 0x564a2062f77e <unknown>\n#10 0x564a208be7cb <unknown>\n#11 0x564a208c27e5 <unknown>\n#12 0x564a208ac0e1 <unknown>\n#13 0x564a208c3372 <unknown>\n#14 0x564a208901bf <unknown>\n#15 0x564a208e7488 <unknown>\n#16 0x564a208e7683 <unknown>\n#17 0x564a208f8044 <unknown>\n#18 0x7ff5fe5b7134 <unknown>","time":{"start":1709772134979,"stop":1709772135273,"duration":294}},{"uid":"ff07d8610901fdfe","reportUrl":"https://Nat754.github.io/StroyremAutomation/238//#testresult/ff07d8610901fdfe","status":"skipped","statusDetails":"XFAIL\n\nselenium.common.exceptions.NoSuchElementException: Message: no such element: Unable to locate element: {\"method\":\"xpath\",\"selector\":\"(//a[@class='add-to-cart yellow-btn'])[1]\"}\n  (Session info: chrome-headless-shell=122.0.6261.94); For documentation on this error, please visit: https://www.selenium.dev/documentation/webdriver/troubleshooting/errors#no-such-element-exception\nStacktrace:\n#0 0x5587049c5e93 <unknown>\n#1 0x5587046bdce6 <unknown>\n#2 0x558704708e48 <unknown>\n#3 0x558704708f01 <unknown>\n#4 0x55870474c3f4 <unknown>\n#5 0x55870472aedd <unknown>\n#6 0x558704749899 <unknown>\n#7 0x55870472ac53 <unknown>\n#8 0x5587046fbdb3 <unknown>\n#9 0x5587046fc77e <unknown>\n#10 0x55870498b7cb <unknown>\n#11 0x55870498f7e5 <unknown>\n#12 0x5587049790e1 <unknown>\n#13 0x558704990372 <unknown>\n#14 0x55870495d1bf <unknown>\n#15 0x5587049b4488 <unknown>\n#16 0x5587049b4683 <unknown>\n#17 0x5587049c5044 <unknown>\n#18 0x7f5a60c6d134 <unknown>","time":{"start":1709686341878,"stop":1709686342201,"duration":323}},{"uid":"8a643137ed4cf90a","reportUrl":"https://Nat754.github.io/StroyremAutomation/237//#testresult/8a643137ed4cf90a","status":"skipped","statusDetails":"XFAIL\n\nselenium.common.exceptions.NoSuchElementException: Message: no such element: Unable to locate element: {\"method\":\"xpath\",\"selector\":\"(//a[@class='add-to-cart yellow-btn'])[1]\"}\n  (Session info: chrome-headless-shell=122.0.6261.94); For documentation on this error, please visit: https://www.selenium.dev/documentation/webdriver/troubleshooting/errors#no-such-element-exception\nStacktrace:\n#0 0x5642e539de93 <unknown>\n#1 0x5642e5095ce6 <unknown>\n#2 0x5642e50e0e48 <unknown>\n#3 0x5642e50e0f01 <unknown>\n#4 0x5642e51243f4 <unknown>\n#5 0x5642e5102edd <unknown>\n#6 0x5642e5121899 <unknown>\n#7 0x5642e5102c53 <unknown>\n#8 0x5642e50d3db3 <unknown>\n#9 0x5642e50d477e <unknown>\n#10 0x5642e53637cb <unknown>\n#11 0x5642e53677e5 <unknown>\n#12 0x5642e53510e1 <unknown>\n#13 0x5642e5368372 <unknown>\n#14 0x5642e53351bf <unknown>\n#15 0x5642e538c488 <unknown>\n#16 0x5642e538c683 <unknown>\n#17 0x5642e539d044 <unknown>\n#18 0x7fcf66728134 <unknown>","time":{"start":1709599920600,"stop":1709599920931,"duration":331}},{"uid":"c60e9599f6d6a9b8","reportUrl":"https://Nat754.github.io/StroyremAutomation/236//#testresult/c60e9599f6d6a9b8","status":"skipped","statusDetails":"XFAIL\n\nselenium.common.exceptions.NoSuchElementException: Message: no such element: Unable to locate element: {\"method\":\"xpath\",\"selector\":\"(//a[@class='add-to-cart yellow-btn'])[1]\"}\n  (Session info: chrome-headless-shell=122.0.6261.94); For documentation on this error, please visit: https://www.selenium.dev/documentation/webdriver/troubleshooting/errors#no-such-element-exception\nStacktrace:\n#0 0x556182fb4e93 <unknown>\n#1 0x556182cacce6 <unknown>\n#2 0x556182cf7e48 <unknown>\n#3 0x556182cf7f01 <unknown>\n#4 0x556182d3b3f4 <unknown>\n#5 0x556182d19edd <unknown>\n#6 0x556182d38899 <unknown>\n#7 0x556182d19c53 <unknown>\n#8 0x556182ceadb3 <unknown>\n#9 0x556182ceb77e <unknown>\n#10 0x556182f7a7cb <unknown>\n#11 0x556182f7e7e5 <unknown>\n#12 0x556182f680e1 <unknown>\n#13 0x556182f7f372 <unknown>\n#14 0x556182f4c1bf <unknown>\n#15 0x556182fa3488 <unknown>\n#16 0x556182fa3683 <unknown>\n#17 0x556182fb4044 <unknown>\n#18 0x7f5aa24d2134 <unknown>","time":{"start":1709513625354,"stop":1709513625795,"duration":441}},{"uid":"93a39ea4be25f6","reportUrl":"https://Nat754.github.io/StroyremAutomation/235//#testresult/93a39ea4be25f6","status":"skipped","statusDetails":"XFAIL\n\nselenium.common.exceptions.NoSuchElementException: Message: no such element: Unable to locate element: {\"method\":\"xpath\",\"selector\":\"(//a[@class='add-to-cart yellow-btn'])[1]\"}\n  (Session info: chrome-headless-shell=122.0.6261.94); For documentation on this error, please visit: https://www.selenium.dev/documentation/webdriver/troubleshooting/errors#no-such-element-exception\nStacktrace:\n#0 0x563a022e2e93 <unknown>\n#1 0x563a01fdace6 <unknown>\n#2 0x563a02025e48 <unknown>\n#3 0x563a02025f01 <unknown>\n#4 0x563a020693f4 <unknown>\n#5 0x563a02047edd <unknown>\n#6 0x563a02066899 <unknown>\n#7 0x563a02047c53 <unknown>\n#8 0x563a02018db3 <unknown>\n#9 0x563a0201977e <unknown>\n#10 0x563a022a87cb <unknown>\n#11 0x563a022ac7e5 <unknown>\n#12 0x563a022960e1 <unknown>\n#13 0x563a022ad372 <unknown>\n#14 0x563a0227a1bf <unknown>\n#15 0x563a022d1488 <unknown>\n#16 0x563a022d1683 <unknown>\n#17 0x563a022e2044 <unknown>\n#18 0x7fc459cab134 <unknown>","time":{"start":1709427360275,"stop":1709427360711,"duration":436}},{"uid":"3c45b910165715f","reportUrl":"https://Nat754.github.io/StroyremAutomation/234//#testresult/3c45b910165715f","status":"skipped","statusDetails":"XFAIL\n\nselenium.common.exceptions.NoSuchElementException: Message: no such element: Unable to locate element: {\"method\":\"xpath\",\"selector\":\"(//a[@class='add-to-cart yellow-btn'])[1]\"}\n  (Session info: chrome-headless-shell=122.0.6261.94); For documentation on this error, please visit: https://www.selenium.dev/documentation/webdriver/troubleshooting/errors#no-such-element-exception\nStacktrace:\n#0 0x55963092be93 <unknown>\n#1 0x559630623ce6 <unknown>\n#2 0x55963066ee48 <unknown>\n#3 0x55963066ef01 <unknown>\n#4 0x5596306b23f4 <unknown>\n#5 0x559630690edd <unknown>\n#6 0x5596306af899 <unknown>\n#7 0x559630690c53 <unknown>\n#8 0x559630661db3 <unknown>\n#9 0x55963066277e <unknown>\n#10 0x5596308f17cb <unknown>\n#11 0x5596308f57e5 <unknown>\n#12 0x5596308df0e1 <unknown>\n#13 0x5596308f6372 <unknown>\n#14 0x5596308c31bf <unknown>\n#15 0x55963091a488 <unknown>\n#16 0x55963091a683 <unknown>\n#17 0x55963092b044 <unknown>\n#18 0x7f449f757134 <unknown>","time":{"start":1709340620561,"stop":1709340621194,"duration":633}},{"uid":"200c554c5ad81d29","reportUrl":"https://Nat754.github.io/StroyremAutomation/233//#testresult/200c554c5ad81d29","status":"skipped","statusDetails":"XFAIL\n\nselenium.common.exceptions.NoSuchElementException: Message: no such element: Unable to locate element: {\"method\":\"xpath\",\"selector\":\"(//a[@class='add-to-cart yellow-btn'])[1]\"}\n  (Session info: chrome-headless-shell=122.0.6261.94); For documentation on this error, please visit: https://www.selenium.dev/documentation/webdriver/troubleshooting/errors#no-such-element-exception\nStacktrace:\n#0 0x564144efae93 <unknown>\n#1 0x564144bf2ce6 <unknown>\n#2 0x564144c3de48 <unknown>\n#3 0x564144c3df01 <unknown>\n#4 0x564144c813f4 <unknown>\n#5 0x564144c5fedd <unknown>\n#6 0x564144c7e899 <unknown>\n#7 0x564144c5fc53 <unknown>\n#8 0x564144c30db3 <unknown>\n#9 0x564144c3177e <unknown>\n#10 0x564144ec07cb <unknown>\n#11 0x564144ec47e5 <unknown>\n#12 0x564144eae0e1 <unknown>\n#13 0x564144ec5372 <unknown>\n#14 0x564144e921bf <unknown>\n#15 0x564144ee9488 <unknown>\n#16 0x564144ee9683 <unknown>\n#17 0x564144efa044 <unknown>\n#18 0x7f909dd5f134 <unknown>","time":{"start":1709254611339,"stop":1709254611637,"duration":298}}]},"tags":["@pytest.mark.xfail","smoke_test"]},"source":"a0258729e6e3c2ba.json","parameterValues":["17490","666","'TD 014'","15600","'products/shtukaturka-gipsovaya-aksolit-m50-30-kg-mashinnogo-naneseniya'","5400","'https://sandboxtest.stroyrem-nn.ru/'","20000"]}