{"uid":"dc491ee08afc18a4","name":"TD 024 Доставка товара весом до 9000кг. в синей зоне","fullName":"tests.delivery.test_delivery_calculation.TestDeliveryPageCalculation#test_positive_delivery_blue_zone_smoke","historyId":"69e5dca98f2a435ef5ba1c77ef0ca605","time":{"start":1710982505515,"stop":1710982505937,"duration":422},"status":"skipped","statusMessage":"XFAIL\n\nselenium.common.exceptions.NoSuchElementException: Message: no such element: Unable to locate element: {\"method\":\"xpath\",\"selector\":\"(//a[@class='add-to-cart yellow-btn'])[1]\"}\n  (Session info: chrome-headless-shell=123.0.6312.58); For documentation on this error, please visit: https://www.selenium.dev/documentation/webdriver/troubleshooting/errors#no-such-element-exception\nStacktrace:\n#0 0x563bad14b993 <unknown>\n#1 0x563bace46136 <unknown>\n#2 0x563bace90d48 <unknown>\n#3 0x563bace90e01 <unknown>\n#4 0x563baced3e44 <unknown>\n#5 0x563baceb2cfd <unknown>\n#6 0x563baced1319 <unknown>\n#7 0x563baceb2a73 <unknown>\n#8 0x563bace83c93 <unknown>\n#9 0x563bace8465e <unknown>\n#10 0x563bad11008b <unknown>\n#11 0x563bad114005 <unknown>\n#12 0x563bad0fe491 <unknown>\n#13 0x563bad114b92 <unknown>\n#14 0x563bad0e39ef <unknown>\n#15 0x563bad13adf8 <unknown>\n#16 0x563bad13afcb <unknown>\n#17 0x563bad14aae4 <unknown>\n#18 0x7f74fbd56134 <unknown>","statusTrace":"self = <tests.delivery.test_delivery_calculation.TestDeliveryPageCalculation object at 0x7f931ce5ce10>\ndriver = <selenium.webdriver.chrome.webdriver.WebDriver (session=\"6b9f9bc68df9c170754cdb59fbd381d3\")>\nurl = 'https://sandboxtest.stroyrem-nn.ru/', case_id = 'TD 024'\nlink_item = 'products/shtukaturka-gipsovaya-aksolit-m50-30-kg-mashinnogo-naneseniya'\namount = 299, weight = 9000, standard = 4300, in_time = 9900, all_time = 11440\n\n    @pytest.mark.parametrize('case_id, link_item, amount, weight, standard, in_time, all_time', [\n        (\"TD 015\", bundeks_25, 1, 30, 650, 2390, 3320),\n        pytest.param(\n            \"TD 016\", aksolit_30, 8, 300, 650, 2390, 3320,\n            marks=pytest.mark.xfail(reson=\"Цена доставки: - - -\")\n        ),\n        (\"TD 017\", aksolit_30, 13, 400, 650, 2390, 3320),\n        (\"TD 018\", aksolit_30, 16, 500, 850, 2490, 3320),\n        (\"TD 019\", aksolit_30, 25, 1700, 1150, 2490, 3320),\n        (\"TD 020\", aksolit_30, 66, 2000, 1500, 2990, 3650),\n        (\"TD 021\", aksolit_30, 149, 4500, 2600, 4380, 4890),\n        (\"TD 022\", aksolit_30, 166, 5000, 2800, 5490, 5980),\n        pytest.param(\n            \"TD 023\", aksolit_30, 206, 6200, 3300, 7500, 8000,\n            marks=pytest.mark.xfail(reson=\"Цена доставки: 4300 9900 11440\")\n        ),\n        (\"TD 024\", aksolit_30, 299, 9000, 4300, 9900, 11440),\n        (\"TD 025\", aksolit_30, 333, 10000, 7000, 13900, 15900),\n        pytest.param(\n            \"TD 026\", aksolit_30, 366, 11000, 8000, 14900, 19900,\n            marks=pytest.mark.xfail(reson=\"Цена доставки: 7000 13900 15900\")\n        ),\n        pytest.param(\n            \"TD 027\", aksolit_30, 666, 20000, 14000, 16900, 23900,\n            marks=pytest.mark.xfail(reson=\"Цена доставки: 7000 13900 15900\")\n        )\n    ])\n    @pytest.mark.xfail\n    @pytest.mark.smoke_test\n    def test_positive_delivery_blue_zone_smoke(\n            self, driver, url, case_id, link_item, amount, weight, standard, in_time, all_time\n    ):\n        allure.dynamic.title(f\"{case_id} Доставка товара весом до {weight}кг. в синей зоне\")\n    \n        driver.get(f'{url}{link_item}')\n        item_page = ItemPage(driver)\n>       item_page.add_item_to_cart(amount).click_on_cart()\n\ntests/delivery/test_delivery_calculation.py:132: \n_ _ _ _ _ _ _ _ _ _ _ _ _ _ _ _ _ _ _ _ _ _ _ _ _ _ _ _ _ _ _ _ _ _ _ _ _ _ _ _ \npages/item_page.py:40: in add_item_to_cart\n    self.find_element(self._add_item).click()\nbase/seleniumbase.py:17: in find_element\n    return self.driver.find_element(*locator)\n/usr/local/lib/python3.11/site-packages/selenium/webdriver/remote/webdriver.py:739: in find_element\n    return self.execute(Command.FIND_ELEMENT, {\"using\": by, \"value\": value})[\"value\"]\n/usr/local/lib/python3.11/site-packages/selenium/webdriver/remote/webdriver.py:345: in execute\n    self.error_handler.check_response(response)\n_ _ _ _ _ _ _ _ _ _ _ _ _ _ _ _ _ _ _ _ _ _ _ _ _ _ _ _ _ _ _ _ _ _ _ _ _ _ _ _ \n\nself = <selenium.webdriver.remote.errorhandler.ErrorHandler object at 0x7f931dd3d190>\nresponse = {'status': 404, 'value': '{\"value\":{\"error\":\"no such element\",\"message\":\"no such element: Unable to locate element: {\\...\\\\n#16 0x563bad13afcb \\\\u003Cunknown>\\\\n#17 0x563bad14aae4 \\\\u003Cunknown>\\\\n#18 0x7f74fbd56134 \\\\u003Cunknown>\\\\n\"}}'}\n\n    def check_response(self, response: Dict[str, Any]) -> None:\n        \"\"\"Checks that a JSON response from the WebDriver does not have an\n        error.\n    \n        :Args:\n         - response - The JSON response from the WebDriver server as a dictionary\n           object.\n    \n        :Raises: If the response contains an error message.\n        \"\"\"\n        status = response.get(\"status\", None)\n        if not status or status == ErrorCode.SUCCESS:\n            return\n        value = None\n        message = response.get(\"message\", \"\")\n        screen: str = response.get(\"screen\", \"\")\n        stacktrace = None\n        if isinstance(status, int):\n            value_json = response.get(\"value\", None)\n            if value_json and isinstance(value_json, str):\n                import json\n    \n                try:\n                    value = json.loads(value_json)\n                    if len(value) == 1:\n                        value = value[\"value\"]\n                    status = value.get(\"error\", None)\n                    if not status:\n                        status = value.get(\"status\", ErrorCode.UNKNOWN_ERROR)\n                        message = value.get(\"value\") or value.get(\"message\")\n                        if not isinstance(message, str):\n                            value = message\n                            message = message.get(\"message\")\n                    else:\n                        message = value.get(\"message\", None)\n                except ValueError:\n                    pass\n    \n        exception_class: Type[WebDriverException]\n        e = ErrorCode()\n        error_codes = [item for item in dir(e) if not item.startswith(\"__\")]\n        for error_code in error_codes:\n            error_info = getattr(ErrorCode, error_code)\n            if isinstance(error_info, list) and status in error_info:\n                exception_class = getattr(ExceptionMapping, error_code, WebDriverException)\n                break\n        else:\n            exception_class = WebDriverException\n    \n        if not value:\n            value = response[\"value\"]\n        if isinstance(value, str):\n            raise exception_class(value)\n        if message == \"\" and \"message\" in value:\n            message = value[\"message\"]\n    \n        screen = None  # type: ignore[assignment]\n        if \"screen\" in value:\n            screen = value[\"screen\"]\n    \n        stacktrace = None\n        st_value = value.get(\"stackTrace\") or value.get(\"stacktrace\")\n        if st_value:\n            if isinstance(st_value, str):\n                stacktrace = st_value.split(\"\\n\")\n            else:\n                stacktrace = []\n                try:\n                    for frame in st_value:\n                        line = frame.get(\"lineNumber\", \"\")\n                        file = frame.get(\"fileName\", \"<anonymous>\")\n                        if line:\n                            file = f\"{file}:{line}\"\n                        meth = frame.get(\"methodName\", \"<anonymous>\")\n                        if \"className\" in frame:\n                            meth = f\"{frame['className']}.{meth}\"\n                        msg = \"    at %s (%s)\"\n                        msg = msg % (meth, file)\n                        stacktrace.append(msg)\n                except TypeError:\n                    pass\n        if exception_class == UnexpectedAlertPresentException:\n            alert_text = None\n            if \"data\" in value:\n                alert_text = value[\"data\"].get(\"text\")\n            elif \"alert\" in value:\n                alert_text = value[\"alert\"].get(\"text\")\n            raise exception_class(message, screen, stacktrace, alert_text)  # type: ignore[call-arg]  # mypy is not smart enough here\n>       raise exception_class(message, screen, stacktrace)\nE       selenium.common.exceptions.NoSuchElementException: Message: no such element: Unable to locate element: {\"method\":\"xpath\",\"selector\":\"(//a[@class='add-to-cart yellow-btn'])[1]\"}\nE         (Session info: chrome-headless-shell=123.0.6312.58); For documentation on this error, please visit: https://www.selenium.dev/documentation/webdriver/troubleshooting/errors#no-such-element-exception\nE       Stacktrace:\nE       #0 0x563bad14b993 <unknown>\nE       #1 0x563bace46136 <unknown>\nE       #2 0x563bace90d48 <unknown>\nE       #3 0x563bace90e01 <unknown>\nE       #4 0x563baced3e44 <unknown>\nE       #5 0x563baceb2cfd <unknown>\nE       #6 0x563baced1319 <unknown>\nE       #7 0x563baceb2a73 <unknown>\nE       #8 0x563bace83c93 <unknown>\nE       #9 0x563bace8465e <unknown>\nE       #10 0x563bad11008b <unknown>\nE       #11 0x563bad114005 <unknown>\nE       #12 0x563bad0fe491 <unknown>\nE       #13 0x563bad114b92 <unknown>\nE       #14 0x563bad0e39ef <unknown>\nE       #15 0x563bad13adf8 <unknown>\nE       #16 0x563bad13afcb <unknown>\nE       #17 0x563bad14aae4 <unknown>\nE       #18 0x7f74fbd56134 <unknown>\n\n/usr/local/lib/python3.11/site-packages/selenium/webdriver/remote/errorhandler.py:229: NoSuchElementException","flaky":false,"newFailed":false,"newBroken":false,"newPassed":false,"retriesCount":0,"retriesStatusChange":false,"beforeStages":[{"name":"_session_faker","time":{"start":1710982193085,"stop":1710982193152,"duration":67},"status":"passed","steps":[],"attachments":[],"parameters":[],"shouldDisplayMessage":false,"stepsCount":0,"attachmentsCount":0,"hasContent":false,"attachmentStep":false},{"name":"clear_allure_results_folder","time":{"start":1710982193152,"stop":1710982193152,"duration":0},"status":"passed","steps":[],"attachments":[],"parameters":[],"shouldDisplayMessage":false,"stepsCount":0,"attachmentsCount":0,"hasContent":false,"attachmentStep":false},{"name":"driver","time":{"start":1710982504742,"stop":1710982505514,"duration":772},"status":"passed","steps":[],"attachments":[],"parameters":[],"shouldDisplayMessage":false,"stepsCount":0,"attachmentsCount":0,"hasContent":false,"attachmentStep":false},{"name":"setup","time":{"start":1710982505514,"stop":1710982505514,"duration":0},"status":"passed","steps":[],"attachments":[],"parameters":[],"shouldDisplayMessage":false,"stepsCount":0,"attachmentsCount":0,"hasContent":false,"attachmentStep":false}],"testStage":{"status":"skipped","statusMessage":"XFAIL\n\nselenium.common.exceptions.NoSuchElementException: Message: no such element: Unable to locate element: {\"method\":\"xpath\",\"selector\":\"(//a[@class='add-to-cart yellow-btn'])[1]\"}\n  (Session info: chrome-headless-shell=123.0.6312.58); For documentation on this error, please visit: https://www.selenium.dev/documentation/webdriver/troubleshooting/errors#no-such-element-exception\nStacktrace:\n#0 0x563bad14b993 <unknown>\n#1 0x563bace46136 <unknown>\n#2 0x563bace90d48 <unknown>\n#3 0x563bace90e01 <unknown>\n#4 0x563baced3e44 <unknown>\n#5 0x563baceb2cfd <unknown>\n#6 0x563baced1319 <unknown>\n#7 0x563baceb2a73 <unknown>\n#8 0x563bace83c93 <unknown>\n#9 0x563bace8465e <unknown>\n#10 0x563bad11008b <unknown>\n#11 0x563bad114005 <unknown>\n#12 0x563bad0fe491 <unknown>\n#13 0x563bad114b92 <unknown>\n#14 0x563bad0e39ef <unknown>\n#15 0x563bad13adf8 <unknown>\n#16 0x563bad13afcb <unknown>\n#17 0x563bad14aae4 <unknown>\n#18 0x7f74fbd56134 <unknown>","statusTrace":"self = <tests.delivery.test_delivery_calculation.TestDeliveryPageCalculation object at 0x7f931ce5ce10>\ndriver = <selenium.webdriver.chrome.webdriver.WebDriver (session=\"6b9f9bc68df9c170754cdb59fbd381d3\")>\nurl = 'https://sandboxtest.stroyrem-nn.ru/', case_id = 'TD 024'\nlink_item = 'products/shtukaturka-gipsovaya-aksolit-m50-30-kg-mashinnogo-naneseniya'\namount = 299, weight = 9000, standard = 4300, in_time = 9900, all_time = 11440\n\n    @pytest.mark.parametrize('case_id, link_item, amount, weight, standard, in_time, all_time', [\n        (\"TD 015\", bundeks_25, 1, 30, 650, 2390, 3320),\n        pytest.param(\n            \"TD 016\", aksolit_30, 8, 300, 650, 2390, 3320,\n            marks=pytest.mark.xfail(reson=\"Цена доставки: - - -\")\n        ),\n        (\"TD 017\", aksolit_30, 13, 400, 650, 2390, 3320),\n        (\"TD 018\", aksolit_30, 16, 500, 850, 2490, 3320),\n        (\"TD 019\", aksolit_30, 25, 1700, 1150, 2490, 3320),\n        (\"TD 020\", aksolit_30, 66, 2000, 1500, 2990, 3650),\n        (\"TD 021\", aksolit_30, 149, 4500, 2600, 4380, 4890),\n        (\"TD 022\", aksolit_30, 166, 5000, 2800, 5490, 5980),\n        pytest.param(\n            \"TD 023\", aksolit_30, 206, 6200, 3300, 7500, 8000,\n            marks=pytest.mark.xfail(reson=\"Цена доставки: 4300 9900 11440\")\n        ),\n        (\"TD 024\", aksolit_30, 299, 9000, 4300, 9900, 11440),\n        (\"TD 025\", aksolit_30, 333, 10000, 7000, 13900, 15900),\n        pytest.param(\n            \"TD 026\", aksolit_30, 366, 11000, 8000, 14900, 19900,\n            marks=pytest.mark.xfail(reson=\"Цена доставки: 7000 13900 15900\")\n        ),\n        pytest.param(\n            \"TD 027\", aksolit_30, 666, 20000, 14000, 16900, 23900,\n            marks=pytest.mark.xfail(reson=\"Цена доставки: 7000 13900 15900\")\n        )\n    ])\n    @pytest.mark.xfail\n    @pytest.mark.smoke_test\n    def test_positive_delivery_blue_zone_smoke(\n            self, driver, url, case_id, link_item, amount, weight, standard, in_time, all_time\n    ):\n        allure.dynamic.title(f\"{case_id} Доставка товара весом до {weight}кг. в синей зоне\")\n    \n        driver.get(f'{url}{link_item}')\n        item_page = ItemPage(driver)\n>       item_page.add_item_to_cart(amount).click_on_cart()\n\ntests/delivery/test_delivery_calculation.py:132: \n_ _ _ _ _ _ _ _ _ _ _ _ _ _ _ _ _ _ _ _ _ _ _ _ _ _ _ _ _ _ _ _ _ _ _ _ _ _ _ _ \npages/item_page.py:40: in add_item_to_cart\n    self.find_element(self._add_item).click()\nbase/seleniumbase.py:17: in find_element\n    return self.driver.find_element(*locator)\n/usr/local/lib/python3.11/site-packages/selenium/webdriver/remote/webdriver.py:739: in find_element\n    return self.execute(Command.FIND_ELEMENT, {\"using\": by, \"value\": value})[\"value\"]\n/usr/local/lib/python3.11/site-packages/selenium/webdriver/remote/webdriver.py:345: in execute\n    self.error_handler.check_response(response)\n_ _ _ _ _ _ _ _ _ _ _ _ _ _ _ _ _ _ _ _ _ _ _ _ _ _ _ _ _ _ _ _ _ _ _ _ _ _ _ _ \n\nself = <selenium.webdriver.remote.errorhandler.ErrorHandler object at 0x7f931dd3d190>\nresponse = {'status': 404, 'value': '{\"value\":{\"error\":\"no such element\",\"message\":\"no such element: Unable to locate element: {\\...\\\\n#16 0x563bad13afcb \\\\u003Cunknown>\\\\n#17 0x563bad14aae4 \\\\u003Cunknown>\\\\n#18 0x7f74fbd56134 \\\\u003Cunknown>\\\\n\"}}'}\n\n    def check_response(self, response: Dict[str, Any]) -> None:\n        \"\"\"Checks that a JSON response from the WebDriver does not have an\n        error.\n    \n        :Args:\n         - response - The JSON response from the WebDriver server as a dictionary\n           object.\n    \n        :Raises: If the response contains an error message.\n        \"\"\"\n        status = response.get(\"status\", None)\n        if not status or status == ErrorCode.SUCCESS:\n            return\n        value = None\n        message = response.get(\"message\", \"\")\n        screen: str = response.get(\"screen\", \"\")\n        stacktrace = None\n        if isinstance(status, int):\n            value_json = response.get(\"value\", None)\n            if value_json and isinstance(value_json, str):\n                import json\n    \n                try:\n                    value = json.loads(value_json)\n                    if len(value) == 1:\n                        value = value[\"value\"]\n                    status = value.get(\"error\", None)\n                    if not status:\n                        status = value.get(\"status\", ErrorCode.UNKNOWN_ERROR)\n                        message = value.get(\"value\") or value.get(\"message\")\n                        if not isinstance(message, str):\n                            value = message\n                            message = message.get(\"message\")\n                    else:\n                        message = value.get(\"message\", None)\n                except ValueError:\n                    pass\n    \n        exception_class: Type[WebDriverException]\n        e = ErrorCode()\n        error_codes = [item for item in dir(e) if not item.startswith(\"__\")]\n        for error_code in error_codes:\n            error_info = getattr(ErrorCode, error_code)\n            if isinstance(error_info, list) and status in error_info:\n                exception_class = getattr(ExceptionMapping, error_code, WebDriverException)\n                break\n        else:\n            exception_class = WebDriverException\n    \n        if not value:\n            value = response[\"value\"]\n        if isinstance(value, str):\n            raise exception_class(value)\n        if message == \"\" and \"message\" in value:\n            message = value[\"message\"]\n    \n        screen = None  # type: ignore[assignment]\n        if \"screen\" in value:\n            screen = value[\"screen\"]\n    \n        stacktrace = None\n        st_value = value.get(\"stackTrace\") or value.get(\"stacktrace\")\n        if st_value:\n            if isinstance(st_value, str):\n                stacktrace = st_value.split(\"\\n\")\n            else:\n                stacktrace = []\n                try:\n                    for frame in st_value:\n                        line = frame.get(\"lineNumber\", \"\")\n                        file = frame.get(\"fileName\", \"<anonymous>\")\n                        if line:\n                            file = f\"{file}:{line}\"\n                        meth = frame.get(\"methodName\", \"<anonymous>\")\n                        if \"className\" in frame:\n                            meth = f\"{frame['className']}.{meth}\"\n                        msg = \"    at %s (%s)\"\n                        msg = msg % (meth, file)\n                        stacktrace.append(msg)\n                except TypeError:\n                    pass\n        if exception_class == UnexpectedAlertPresentException:\n            alert_text = None\n            if \"data\" in value:\n                alert_text = value[\"data\"].get(\"text\")\n            elif \"alert\" in value:\n                alert_text = value[\"alert\"].get(\"text\")\n            raise exception_class(message, screen, stacktrace, alert_text)  # type: ignore[call-arg]  # mypy is not smart enough here\n>       raise exception_class(message, screen, stacktrace)\nE       selenium.common.exceptions.NoSuchElementException: Message: no such element: Unable to locate element: {\"method\":\"xpath\",\"selector\":\"(//a[@class='add-to-cart yellow-btn'])[1]\"}\nE         (Session info: chrome-headless-shell=123.0.6312.58); For documentation on this error, please visit: https://www.selenium.dev/documentation/webdriver/troubleshooting/errors#no-such-element-exception\nE       Stacktrace:\nE       #0 0x563bad14b993 <unknown>\nE       #1 0x563bace46136 <unknown>\nE       #2 0x563bace90d48 <unknown>\nE       #3 0x563bace90e01 <unknown>\nE       #4 0x563baced3e44 <unknown>\nE       #5 0x563baceb2cfd <unknown>\nE       #6 0x563baced1319 <unknown>\nE       #7 0x563baceb2a73 <unknown>\nE       #8 0x563bace83c93 <unknown>\nE       #9 0x563bace8465e <unknown>\nE       #10 0x563bad11008b <unknown>\nE       #11 0x563bad114005 <unknown>\nE       #12 0x563bad0fe491 <unknown>\nE       #13 0x563bad114b92 <unknown>\nE       #14 0x563bad0e39ef <unknown>\nE       #15 0x563bad13adf8 <unknown>\nE       #16 0x563bad13afcb <unknown>\nE       #17 0x563bad14aae4 <unknown>\nE       #18 0x7f74fbd56134 <unknown>\n\n/usr/local/lib/python3.11/site-packages/selenium/webdriver/remote/errorhandler.py:229: NoSuchElementException","steps":[{"name":"Добавляем товар в корзину в количестве 299","time":{"start":1710982505925,"stop":1710982505937,"duration":12},"status":"broken","statusMessage":"selenium.common.exceptions.NoSuchElementException: Message: no such element: Unable to locate element: {\"method\":\"xpath\",\"selector\":\"(//a[@class='add-to-cart yellow-btn'])[1]\"}\n  (Session info: chrome-headless-shell=123.0.6312.58); For documentation on this error, please visit: https://www.selenium.dev/documentation/webdriver/troubleshooting/errors#no-such-element-exception\nStacktrace:\n#0 0x563bad14b993 <unknown>\n#1 0x563bace46136 <unknown>\n#2 0x563bace90d48 <unknown>\n#3 0x563bace90e01 <unknown>\n#4 0x563baced3e44 <unknown>\n#5 0x563baceb2cfd <unknown>\n#6 0x563baced1319 <unknown>\n#7 0x563baceb2a73 <unknown>\n#8 0x563bace83c93 <unknown>\n#9 0x563bace8465e <unknown>\n#10 0x563bad11008b <unknown>\n#11 0x563bad114005 <unknown>\n#12 0x563bad0fe491 <unknown>\n#13 0x563bad114b92 <unknown>\n#14 0x563bad0e39ef <unknown>\n#15 0x563bad13adf8 <unknown>\n#16 0x563bad13afcb <unknown>\n#17 0x563bad14aae4 <unknown>\n#18 0x7f74fbd56134 <unknown>\n\n","statusTrace":"  File \"/usr/local/lib/python3.11/site-packages/allure_commons/_allure.py\", line 192, in impl\n    return func(*a, **kw)\n           ^^^^^^^^^^^^^^\n  File \"/app/pages/item_page.py\", line 40, in add_item_to_cart\n    self.find_element(self._add_item).click()\n    ^^^^^^^^^^^^^^^^^^^^^^^^^^^^^^^^^\n  File \"/app/base/seleniumbase.py\", line 17, in find_element\n    return self.driver.find_element(*locator)\n           ^^^^^^^^^^^^^^^^^^^^^^^^^^^^^^^^^^\n  File \"/usr/local/lib/python3.11/site-packages/selenium/webdriver/remote/webdriver.py\", line 739, in find_element\n    return self.execute(Command.FIND_ELEMENT, {\"using\": by, \"value\": value})[\"value\"]\n           ^^^^^^^^^^^^^^^^^^^^^^^^^^^^^^^^^^^^^^^^^^^^^^^^^^^^^^^^^^^^^^^^^\n  File \"/usr/local/lib/python3.11/site-packages/selenium/webdriver/remote/webdriver.py\", line 345, in execute\n    self.error_handler.check_response(response)\n  File \"/usr/local/lib/python3.11/site-packages/selenium/webdriver/remote/errorhandler.py\", line 229, in check_response\n    raise exception_class(message, screen, stacktrace)\n","steps":[],"attachments":[],"parameters":[{"name":"amount","value":"299"}],"shouldDisplayMessage":true,"stepsCount":0,"attachmentsCount":0,"hasContent":true,"attachmentStep":false}],"attachments":[{"uid":"a19eacd11800d616","name":"Screenshot","source":"a19eacd11800d616.png","type":"image/png","size":5862},{"uid":"79e0579edce2a48e","name":"HTML source","source":"79e0579edce2a48e.html","type":"text/html","size":39}],"parameters":[],"shouldDisplayMessage":true,"stepsCount":1,"attachmentsCount":2,"hasContent":true,"attachmentStep":false},"afterStages":[{"name":"setup::0","time":{"start":1710982506033,"stop":1710982506033,"duration":0},"status":"passed","steps":[],"attachments":[],"parameters":[],"shouldDisplayMessage":false,"stepsCount":0,"attachmentsCount":0,"hasContent":false,"attachmentStep":false},{"name":"driver::0","time":{"start":1710982506033,"stop":1710982506090,"duration":57},"status":"passed","steps":[],"attachments":[],"parameters":[],"shouldDisplayMessage":false,"stepsCount":0,"attachmentsCount":0,"hasContent":false,"attachmentStep":false}],"labels":[{"name":"epic","value":"Delivery Page - calculation"},{"name":"tag","value":"smoke_test"},{"name":"tag","value":"@pytest.mark.xfail"},{"name":"parentSuite","value":"tests.delivery"},{"name":"suite","value":"test_delivery_calculation"},{"name":"subSuite","value":"TestDeliveryPageCalculation"},{"name":"host","value":"a4fc3d38c7ec"},{"name":"thread","value":"1-MainThread"},{"name":"framework","value":"pytest"},{"name":"language","value":"cpython3"},{"name":"package","value":"tests.delivery.test_delivery_calculation"},{"name":"resultFormat","value":"allure2"}],"parameters":[{"name":"all_time","value":"11440"},{"name":"amount","value":"299"},{"name":"case_id","value":"'TD 024'"},{"name":"in_time","value":"9900"},{"name":"link_item","value":"'products/shtukaturka-gipsovaya-aksolit-m50-30-kg-mashinnogo-naneseniya'"},{"name":"standard","value":"4300"},{"name":"url","value":"'https://sandboxtest.stroyrem-nn.ru/'"},{"name":"weight","value":"9000"}],"links":[],"hidden":false,"retry":false,"extra":{"severity":"normal","retries":[],"categories":[],"history":{"statistic":{"failed":0,"broken":13,"skipped":192,"passed":0,"unknown":0,"total":205},"items":[{"uid":"27970559f76df862","reportUrl":"https://Nat754.github.io/StroyremAutomation/252//#testresult/27970559f76df862","status":"skipped","statusDetails":"XFAIL\n\nselenium.common.exceptions.NoSuchElementException: Message: no such element: Unable to locate element: {\"method\":\"xpath\",\"selector\":\"(//a[@class='add-to-cart yellow-btn'])[1]\"}\n  (Session info: chrome-headless-shell=123.0.6312.58); For documentation on this error, please visit: https://www.selenium.dev/documentation/webdriver/troubleshooting/errors#no-such-element-exception\nStacktrace:\n#0 0x6003b6011993 <unknown>\n#1 0x6003b5d0c136 <unknown>\n#2 0x6003b5d56d48 <unknown>\n#3 0x6003b5d56e01 <unknown>\n#4 0x6003b5d99e44 <unknown>\n#5 0x6003b5d78cfd <unknown>\n#6 0x6003b5d97319 <unknown>\n#7 0x6003b5d78a73 <unknown>\n#8 0x6003b5d49c93 <unknown>\n#9 0x6003b5d4a65e <unknown>\n#10 0x6003b5fd608b <unknown>\n#11 0x6003b5fda005 <unknown>\n#12 0x6003b5fc4491 <unknown>\n#13 0x6003b5fdab92 <unknown>\n#14 0x6003b5fa99ef <unknown>\n#15 0x6003b6000df8 <unknown>\n#16 0x6003b6000fcb <unknown>\n#17 0x6003b6010ae4 <unknown>\n#18 0x71dd61beb134 <unknown>","time":{"start":1710895905816,"stop":1710895906118,"duration":302}},{"uid":"c30780645f142812","reportUrl":"https://Nat754.github.io/StroyremAutomation/251//#testresult/c30780645f142812","status":"skipped","statusDetails":"XFAIL\n\nselenium.common.exceptions.NoSuchElementException: Message: no such element: Unable to locate element: {\"method\":\"xpath\",\"selector\":\"(//a[@class='add-to-cart yellow-btn'])[1]\"}\n  (Session info: chrome-headless-shell=122.0.6261.128); For documentation on this error, please visit: https://www.selenium.dev/documentation/webdriver/troubleshooting/errors#no-such-element-exception\nStacktrace:\n#0 0x558ebb603f33 <unknown>\n#1 0x558ebb2fbce6 <unknown>\n#2 0x558ebb346e48 <unknown>\n#3 0x558ebb346f01 <unknown>\n#4 0x558ebb38a3f4 <unknown>\n#5 0x558ebb368edd <unknown>\n#6 0x558ebb387899 <unknown>\n#7 0x558ebb368c53 <unknown>\n#8 0x558ebb339db3 <unknown>\n#9 0x558ebb33a77e <unknown>\n#10 0x558ebb5c986b <unknown>\n#11 0x558ebb5cd885 <unknown>\n#12 0x558ebb5b7181 <unknown>\n#13 0x558ebb5ce412 <unknown>\n#14 0x558ebb59b25f <unknown>\n#15 0x558ebb5f2528 <unknown>\n#16 0x558ebb5f2723 <unknown>\n#17 0x558ebb6030e4 <unknown>\n#18 0x7f4da9af0134 <unknown>","time":{"start":1710809546769,"stop":1710809547377,"duration":608}},{"uid":"d93a5169138ac395","reportUrl":"https://Nat754.github.io/StroyremAutomation/250//#testresult/d93a5169138ac395","status":"skipped","statusDetails":"XFAIL\n\nselenium.common.exceptions.NoSuchElementException: Message: no such element: Unable to locate element: {\"method\":\"xpath\",\"selector\":\"(//a[@class='add-to-cart yellow-btn'])[1]\"}\n  (Session info: chrome-headless-shell=122.0.6261.128); For documentation on this error, please visit: https://www.selenium.dev/documentation/webdriver/troubleshooting/errors#no-such-element-exception\nStacktrace:\n#0 0x5eb60c134f33 <unknown>\n#1 0x5eb60be2cce6 <unknown>\n#2 0x5eb60be77e48 <unknown>\n#3 0x5eb60be77f01 <unknown>\n#4 0x5eb60bebb3f4 <unknown>\n#5 0x5eb60be99edd <unknown>\n#6 0x5eb60beb8899 <unknown>\n#7 0x5eb60be99c53 <unknown>\n#8 0x5eb60be6adb3 <unknown>\n#9 0x5eb60be6b77e <unknown>\n#10 0x5eb60c0fa86b <unknown>\n#11 0x5eb60c0fe885 <unknown>\n#12 0x5eb60c0e8181 <unknown>\n#13 0x5eb60c0ff412 <unknown>\n#14 0x5eb60c0cc25f <unknown>\n#15 0x5eb60c123528 <unknown>\n#16 0x5eb60c123723 <unknown>\n#17 0x5eb60c1340e4 <unknown>\n#18 0x7dd131a6f134 <unknown>","time":{"start":1710723200169,"stop":1710723200496,"duration":327}},{"uid":"55249176eac4c7ed","reportUrl":"https://Nat754.github.io/StroyremAutomation/249//#testresult/55249176eac4c7ed","status":"skipped","statusDetails":"XFAIL\n\nselenium.common.exceptions.NoSuchElementException: Message: no such element: Unable to locate element: {\"method\":\"xpath\",\"selector\":\"(//a[@class='add-to-cart yellow-btn'])[1]\"}\n  (Session info: chrome-headless-shell=122.0.6261.128); For documentation on this error, please visit: https://www.selenium.dev/documentation/webdriver/troubleshooting/errors#no-such-element-exception\nStacktrace:\n#0 0x55c996763f33 <unknown>\n#1 0x55c99645bce6 <unknown>\n#2 0x55c9964a6e48 <unknown>\n#3 0x55c9964a6f01 <unknown>\n#4 0x55c9964ea3f4 <unknown>\n#5 0x55c9964c8edd <unknown>\n#6 0x55c9964e7899 <unknown>\n#7 0x55c9964c8c53 <unknown>\n#8 0x55c996499db3 <unknown>\n#9 0x55c99649a77e <unknown>\n#10 0x55c99672986b <unknown>\n#11 0x55c99672d885 <unknown>\n#12 0x55c996717181 <unknown>\n#13 0x55c99672e412 <unknown>\n#14 0x55c9966fb25f <unknown>\n#15 0x55c996752528 <unknown>\n#16 0x55c996752723 <unknown>\n#17 0x55c9967630e4 <unknown>\n#18 0x7ac697af8134 <unknown>","time":{"start":1710636969951,"stop":1710636970355,"duration":404}},{"uid":"f0e910fbea7e88b5","reportUrl":"https://Nat754.github.io/StroyremAutomation/248//#testresult/f0e910fbea7e88b5","status":"skipped","statusDetails":"XFAIL\n\nselenium.common.exceptions.NoSuchElementException: Message: no such element: Unable to locate element: {\"method\":\"xpath\",\"selector\":\"(//a[@class='add-to-cart yellow-btn'])[1]\"}\n  (Session info: chrome-headless-shell=122.0.6261.128); For documentation on this error, please visit: https://www.selenium.dev/documentation/webdriver/troubleshooting/errors#no-such-element-exception\nStacktrace:\n#0 0x5e2f3af7ef33 <unknown>\n#1 0x5e2f3ac76ce6 <unknown>\n#2 0x5e2f3acc1e48 <unknown>\n#3 0x5e2f3acc1f01 <unknown>\n#4 0x5e2f3ad053f4 <unknown>\n#5 0x5e2f3ace3edd <unknown>\n#6 0x5e2f3ad02899 <unknown>\n#7 0x5e2f3ace3c53 <unknown>\n#8 0x5e2f3acb4db3 <unknown>\n#9 0x5e2f3acb577e <unknown>\n#10 0x5e2f3af4486b <unknown>\n#11 0x5e2f3af48885 <unknown>\n#12 0x5e2f3af32181 <unknown>\n#13 0x5e2f3af49412 <unknown>\n#14 0x5e2f3af1625f <unknown>\n#15 0x5e2f3af6d528 <unknown>\n#16 0x5e2f3af6d723 <unknown>\n#17 0x5e2f3af7e0e4 <unknown>\n#18 0x748f71939134 <unknown>","time":{"start":1710550245174,"stop":1710550245477,"duration":303}},{"uid":"d38a56aae30b30d7","reportUrl":"https://Nat754.github.io/StroyremAutomation/247//#testresult/d38a56aae30b30d7","status":"skipped","statusDetails":"XFAIL\n\nselenium.common.exceptions.NoSuchElementException: Message: no such element: Unable to locate element: {\"method\":\"xpath\",\"selector\":\"(//a[@class='add-to-cart yellow-btn'])[1]\"}\n  (Session info: chrome-headless-shell=122.0.6261.128); For documentation on this error, please visit: https://www.selenium.dev/documentation/webdriver/troubleshooting/errors#no-such-element-exception\nStacktrace:\n#0 0x573804740f33 <unknown>\n#1 0x573804438ce6 <unknown>\n#2 0x573804483e48 <unknown>\n#3 0x573804483f01 <unknown>\n#4 0x5738044c73f4 <unknown>\n#5 0x5738044a5edd <unknown>\n#6 0x5738044c4899 <unknown>\n#7 0x5738044a5c53 <unknown>\n#8 0x573804476db3 <unknown>\n#9 0x57380447777e <unknown>\n#10 0x57380470686b <unknown>\n#11 0x57380470a885 <unknown>\n#12 0x5738046f4181 <unknown>\n#13 0x57380470b412 <unknown>\n#14 0x5738046d825f <unknown>\n#15 0x57380472f528 <unknown>\n#16 0x57380472f723 <unknown>\n#17 0x5738047400e4 <unknown>\n#18 0x744568212134 <unknown>","time":{"start":1710463983517,"stop":1710463983840,"duration":323}},{"uid":"77ef318d45cf7c76","reportUrl":"https://Nat754.github.io/StroyremAutomation/246//#testresult/77ef318d45cf7c76","status":"skipped","statusDetails":"XFAIL\n\nselenium.common.exceptions.NoSuchElementException: Message: no such element: Unable to locate element: {\"method\":\"xpath\",\"selector\":\"(//a[@class='add-to-cart yellow-btn'])[1]\"}\n  (Session info: chrome-headless-shell=122.0.6261.128); For documentation on this error, please visit: https://www.selenium.dev/documentation/webdriver/troubleshooting/errors#no-such-element-exception\nStacktrace:\n#0 0x604329a94f33 <unknown>\n#1 0x60432978cce6 <unknown>\n#2 0x6043297d7e48 <unknown>\n#3 0x6043297d7f01 <unknown>\n#4 0x60432981b3f4 <unknown>\n#5 0x6043297f9edd <unknown>\n#6 0x604329818899 <unknown>\n#7 0x6043297f9c53 <unknown>\n#8 0x6043297cadb3 <unknown>\n#9 0x6043297cb77e <unknown>\n#10 0x604329a5a86b <unknown>\n#11 0x604329a5e885 <unknown>\n#12 0x604329a48181 <unknown>\n#13 0x604329a5f412 <unknown>\n#14 0x604329a2c25f <unknown>\n#15 0x604329a83528 <unknown>\n#16 0x604329a83723 <unknown>\n#17 0x604329a940e4 <unknown>\n#18 0x78ed91120134 <unknown>","time":{"start":1710377564464,"stop":1710377564806,"duration":342}},{"uid":"1c2e6058a382b666","reportUrl":"https://Nat754.github.io/StroyremAutomation/245//#testresult/1c2e6058a382b666","status":"skipped","statusDetails":"XFAIL\n\nselenium.common.exceptions.NoSuchElementException: Message: no such element: Unable to locate element: {\"method\":\"xpath\",\"selector\":\"(//a[@class='add-to-cart yellow-btn'])[1]\"}\n  (Session info: chrome-headless-shell=122.0.6261.128); For documentation on this error, please visit: https://www.selenium.dev/documentation/webdriver/troubleshooting/errors#no-such-element-exception\nStacktrace:\n#0 0x55e80fc56f33 <unknown>\n#1 0x55e80f94ece6 <unknown>\n#2 0x55e80f999e48 <unknown>\n#3 0x55e80f999f01 <unknown>\n#4 0x55e80f9dd3f4 <unknown>\n#5 0x55e80f9bbedd <unknown>\n#6 0x55e80f9da899 <unknown>\n#7 0x55e80f9bbc53 <unknown>\n#8 0x55e80f98cdb3 <unknown>\n#9 0x55e80f98d77e <unknown>\n#10 0x55e80fc1c86b <unknown>\n#11 0x55e80fc20885 <unknown>\n#12 0x55e80fc0a181 <unknown>\n#13 0x55e80fc21412 <unknown>\n#14 0x55e80fbee25f <unknown>\n#15 0x55e80fc45528 <unknown>\n#16 0x55e80fc45723 <unknown>\n#17 0x55e80fc560e4 <unknown>\n#18 0x7fed81289134 <unknown>","time":{"start":1710291231302,"stop":1710291231753,"duration":451}},{"uid":"2b8be4a66083104f","reportUrl":"https://Nat754.github.io/StroyremAutomation/244//#testresult/2b8be4a66083104f","status":"skipped","statusDetails":"XFAIL\n\nselenium.common.exceptions.NoSuchElementException: Message: no such element: Unable to locate element: {\"method\":\"xpath\",\"selector\":\"(//a[@class='add-to-cart yellow-btn'])[1]\"}\n  (Session info: chrome-headless-shell=122.0.6261.111); For documentation on this error, please visit: https://www.selenium.dev/documentation/webdriver/troubleshooting/errors#no-such-element-exception\nStacktrace:\n#0 0x557b577e0ec3 <unknown>\n#1 0x557b574d8ce6 <unknown>\n#2 0x557b57523e48 <unknown>\n#3 0x557b57523f01 <unknown>\n#4 0x557b575673f4 <unknown>\n#5 0x557b57545edd <unknown>\n#6 0x557b57564899 <unknown>\n#7 0x557b57545c53 <unknown>\n#8 0x557b57516db3 <unknown>\n#9 0x557b5751777e <unknown>\n#10 0x557b577a67fb <unknown>\n#11 0x557b577aa815 <unknown>\n#12 0x557b57794111 <unknown>\n#13 0x557b577ab3a2 <unknown>\n#14 0x557b577781ef <unknown>\n#15 0x557b577cf4b8 <unknown>\n#16 0x557b577cf6b3 <unknown>\n#17 0x557b577e0074 <unknown>\n#18 0x7fd470c99134 <unknown>","time":{"start":1710204696972,"stop":1710204697406,"duration":434}},{"uid":"9d2f5c0615198eba","reportUrl":"https://Nat754.github.io/StroyremAutomation/243//#testresult/9d2f5c0615198eba","status":"skipped","statusDetails":"XFAIL\n\nselenium.common.exceptions.NoSuchElementException: Message: no such element: Unable to locate element: {\"method\":\"xpath\",\"selector\":\"(//a[@class='add-to-cart yellow-btn'])[1]\"}\n  (Session info: chrome-headless-shell=122.0.6261.111); For documentation on this error, please visit: https://www.selenium.dev/documentation/webdriver/troubleshooting/errors#no-such-element-exception\nStacktrace:\n#0 0x563a6974fec3 <unknown>\n#1 0x563a69447ce6 <unknown>\n#2 0x563a69492e48 <unknown>\n#3 0x563a69492f01 <unknown>\n#4 0x563a694d63f4 <unknown>\n#5 0x563a694b4edd <unknown>\n#6 0x563a694d3899 <unknown>\n#7 0x563a694b4c53 <unknown>\n#8 0x563a69485db3 <unknown>\n#9 0x563a6948677e <unknown>\n#10 0x563a697157fb <unknown>\n#11 0x563a69719815 <unknown>\n#12 0x563a69703111 <unknown>\n#13 0x563a6971a3a2 <unknown>\n#14 0x563a696e71ef <unknown>\n#15 0x563a6973e4b8 <unknown>\n#16 0x563a6973e6b3 <unknown>\n#17 0x563a6974f074 <unknown>\n#18 0x7f9827dde134 <unknown>","time":{"start":1710118431753,"stop":1710118432166,"duration":413}},{"uid":"f9366ff561e8d066","reportUrl":"https://Nat754.github.io/StroyremAutomation/242//#testresult/f9366ff561e8d066","status":"skipped","statusDetails":"XFAIL\n\nselenium.common.exceptions.NoSuchElementException: Message: no such element: Unable to locate element: {\"method\":\"xpath\",\"selector\":\"(//a[@class='add-to-cart yellow-btn'])[1]\"}\n  (Session info: chrome-headless-shell=122.0.6261.111); For documentation on this error, please visit: https://www.selenium.dev/documentation/webdriver/troubleshooting/errors#no-such-element-exception\nStacktrace:\n#0 0x55f78423dec3 <unknown>\n#1 0x55f783f35ce6 <unknown>\n#2 0x55f783f80e48 <unknown>\n#3 0x55f783f80f01 <unknown>\n#4 0x55f783fc43f4 <unknown>\n#5 0x55f783fa2edd <unknown>\n#6 0x55f783fc1899 <unknown>\n#7 0x55f783fa2c53 <unknown>\n#8 0x55f783f73db3 <unknown>\n#9 0x55f783f7477e <unknown>\n#10 0x55f7842037fb <unknown>\n#11 0x55f784207815 <unknown>\n#12 0x55f7841f1111 <unknown>\n#13 0x55f7842083a2 <unknown>\n#14 0x55f7841d51ef <unknown>\n#15 0x55f78422c4b8 <unknown>\n#16 0x55f78422c6b3 <unknown>\n#17 0x55f78423d074 <unknown>\n#18 0x7f5fc314e134 <unknown>","time":{"start":1710032197872,"stop":1710032198193,"duration":321}},{"uid":"b9a90b20bc1a07d2","reportUrl":"https://Nat754.github.io/StroyremAutomation/241//#testresult/b9a90b20bc1a07d2","status":"skipped","statusDetails":"XFAIL\n\nselenium.common.exceptions.NoSuchElementException: Message: no such element: Unable to locate element: {\"method\":\"xpath\",\"selector\":\"(//a[@class='add-to-cart yellow-btn'])[1]\"}\n  (Session info: chrome-headless-shell=122.0.6261.111); For documentation on this error, please visit: https://www.selenium.dev/documentation/webdriver/troubleshooting/errors#no-such-element-exception\nStacktrace:\n#0 0x55d1b0228ec3 <unknown>\n#1 0x55d1aff20ce6 <unknown>\n#2 0x55d1aff6be48 <unknown>\n#3 0x55d1aff6bf01 <unknown>\n#4 0x55d1affaf3f4 <unknown>\n#5 0x55d1aff8dedd <unknown>\n#6 0x55d1affac899 <unknown>\n#7 0x55d1aff8dc53 <unknown>\n#8 0x55d1aff5edb3 <unknown>\n#9 0x55d1aff5f77e <unknown>\n#10 0x55d1b01ee7fb <unknown>\n#11 0x55d1b01f2815 <unknown>\n#12 0x55d1b01dc111 <unknown>\n#13 0x55d1b01f33a2 <unknown>\n#14 0x55d1b01c01ef <unknown>\n#15 0x55d1b02174b8 <unknown>\n#16 0x55d1b02176b3 <unknown>\n#17 0x55d1b0228074 <unknown>\n#18 0x7f1f1eb77134 <unknown>","time":{"start":1709945407869,"stop":1709945408204,"duration":335}},{"uid":"c934ef1dd793920b","reportUrl":"https://Nat754.github.io/StroyremAutomation/240//#testresult/c934ef1dd793920b","status":"skipped","statusDetails":"XFAIL\n\nselenium.common.exceptions.NoSuchElementException: Message: no such element: Unable to locate element: {\"method\":\"xpath\",\"selector\":\"(//a[@class='add-to-cart yellow-btn'])[1]\"}\n  (Session info: chrome-headless-shell=122.0.6261.111); For documentation on this error, please visit: https://www.selenium.dev/documentation/webdriver/troubleshooting/errors#no-such-element-exception\nStacktrace:\n#0 0x563dc111fec3 <unknown>\n#1 0x563dc0e17ce6 <unknown>\n#2 0x563dc0e62e48 <unknown>\n#3 0x563dc0e62f01 <unknown>\n#4 0x563dc0ea63f4 <unknown>\n#5 0x563dc0e84edd <unknown>\n#6 0x563dc0ea3899 <unknown>\n#7 0x563dc0e84c53 <unknown>\n#8 0x563dc0e55db3 <unknown>\n#9 0x563dc0e5677e <unknown>\n#10 0x563dc10e57fb <unknown>\n#11 0x563dc10e9815 <unknown>\n#12 0x563dc10d3111 <unknown>\n#13 0x563dc10ea3a2 <unknown>\n#14 0x563dc10b71ef <unknown>\n#15 0x563dc110e4b8 <unknown>\n#16 0x563dc110e6b3 <unknown>\n#17 0x563dc111f074 <unknown>\n#18 0x7f4434834134 <unknown>","time":{"start":1709859091129,"stop":1709859091441,"duration":312}},{"uid":"fdc83b51d547bf6e","reportUrl":"https://Nat754.github.io/StroyremAutomation/239//#testresult/fdc83b51d547bf6e","status":"skipped","statusDetails":"XFAIL\n\nselenium.common.exceptions.NoSuchElementException: Message: no such element: Unable to locate element: {\"method\":\"xpath\",\"selector\":\"(//a[@class='add-to-cart yellow-btn'])[1]\"}\n  (Session info: chrome-headless-shell=122.0.6261.94); For documentation on this error, please visit: https://www.selenium.dev/documentation/webdriver/troubleshooting/errors#no-such-element-exception\nStacktrace:\n#0 0x555cc8491e93 <unknown>\n#1 0x555cc8189ce6 <unknown>\n#2 0x555cc81d4e48 <unknown>\n#3 0x555cc81d4f01 <unknown>\n#4 0x555cc82183f4 <unknown>\n#5 0x555cc81f6edd <unknown>\n#6 0x555cc8215899 <unknown>\n#7 0x555cc81f6c53 <unknown>\n#8 0x555cc81c7db3 <unknown>\n#9 0x555cc81c877e <unknown>\n#10 0x555cc84577cb <unknown>\n#11 0x555cc845b7e5 <unknown>\n#12 0x555cc84450e1 <unknown>\n#13 0x555cc845c372 <unknown>\n#14 0x555cc84291bf <unknown>\n#15 0x555cc8480488 <unknown>\n#16 0x555cc8480683 <unknown>\n#17 0x555cc8491044 <unknown>\n#18 0x7f13e7a84134 <unknown>","time":{"start":1709772148307,"stop":1709772148743,"duration":436}},{"uid":"e22b6d9eafa9f295","reportUrl":"https://Nat754.github.io/StroyremAutomation/238//#testresult/e22b6d9eafa9f295","status":"skipped","statusDetails":"XFAIL\n\nselenium.common.exceptions.NoSuchElementException: Message: no such element: Unable to locate element: {\"method\":\"xpath\",\"selector\":\"(//a[@class='add-to-cart yellow-btn'])[1]\"}\n  (Session info: chrome-headless-shell=122.0.6261.94); For documentation on this error, please visit: https://www.selenium.dev/documentation/webdriver/troubleshooting/errors#no-such-element-exception\nStacktrace:\n#0 0x561881b57e93 <unknown>\n#1 0x56188184fce6 <unknown>\n#2 0x56188189ae48 <unknown>\n#3 0x56188189af01 <unknown>\n#4 0x5618818de3f4 <unknown>\n#5 0x5618818bcedd <unknown>\n#6 0x5618818db899 <unknown>\n#7 0x5618818bcc53 <unknown>\n#8 0x56188188ddb3 <unknown>\n#9 0x56188188e77e <unknown>\n#10 0x561881b1d7cb <unknown>\n#11 0x561881b217e5 <unknown>\n#12 0x561881b0b0e1 <unknown>\n#13 0x561881b22372 <unknown>\n#14 0x561881aef1bf <unknown>\n#15 0x561881b46488 <unknown>\n#16 0x561881b46683 <unknown>\n#17 0x561881b57044 <unknown>\n#18 0x7f449250c134 <unknown>","time":{"start":1709686354649,"stop":1709686354974,"duration":325}},{"uid":"9d1667a81f019dba","reportUrl":"https://Nat754.github.io/StroyremAutomation/237//#testresult/9d1667a81f019dba","status":"skipped","statusDetails":"XFAIL\n\nselenium.common.exceptions.NoSuchElementException: Message: no such element: Unable to locate element: {\"method\":\"xpath\",\"selector\":\"(//a[@class='add-to-cart yellow-btn'])[1]\"}\n  (Session info: chrome-headless-shell=122.0.6261.94); For documentation on this error, please visit: https://www.selenium.dev/documentation/webdriver/troubleshooting/errors#no-such-element-exception\nStacktrace:\n#0 0x564cfa6d7e93 <unknown>\n#1 0x564cfa3cfce6 <unknown>\n#2 0x564cfa41ae48 <unknown>\n#3 0x564cfa41af01 <unknown>\n#4 0x564cfa45e3f4 <unknown>\n#5 0x564cfa43cedd <unknown>\n#6 0x564cfa45b899 <unknown>\n#7 0x564cfa43cc53 <unknown>\n#8 0x564cfa40ddb3 <unknown>\n#9 0x564cfa40e77e <unknown>\n#10 0x564cfa69d7cb <unknown>\n#11 0x564cfa6a17e5 <unknown>\n#12 0x564cfa68b0e1 <unknown>\n#13 0x564cfa6a2372 <unknown>\n#14 0x564cfa66f1bf <unknown>\n#15 0x564cfa6c6488 <unknown>\n#16 0x564cfa6c6683 <unknown>\n#17 0x564cfa6d7044 <unknown>\n#18 0x7fe195622134 <unknown>","time":{"start":1709599933336,"stop":1709599933668,"duration":332}},{"uid":"e4bc7a5f997bcc8a","reportUrl":"https://Nat754.github.io/StroyremAutomation/236//#testresult/e4bc7a5f997bcc8a","status":"skipped","statusDetails":"XFAIL\n\nselenium.common.exceptions.NoSuchElementException: Message: no such element: Unable to locate element: {\"method\":\"xpath\",\"selector\":\"(//a[@class='add-to-cart yellow-btn'])[1]\"}\n  (Session info: chrome-headless-shell=122.0.6261.94); For documentation on this error, please visit: https://www.selenium.dev/documentation/webdriver/troubleshooting/errors#no-such-element-exception\nStacktrace:\n#0 0x56204d1eae93 <unknown>\n#1 0x56204cee2ce6 <unknown>\n#2 0x56204cf2de48 <unknown>\n#3 0x56204cf2df01 <unknown>\n#4 0x56204cf713f4 <unknown>\n#5 0x56204cf4fedd <unknown>\n#6 0x56204cf6e899 <unknown>\n#7 0x56204cf4fc53 <unknown>\n#8 0x56204cf20db3 <unknown>\n#9 0x56204cf2177e <unknown>\n#10 0x56204d1b07cb <unknown>\n#11 0x56204d1b47e5 <unknown>\n#12 0x56204d19e0e1 <unknown>\n#13 0x56204d1b5372 <unknown>\n#14 0x56204d1821bf <unknown>\n#15 0x56204d1d9488 <unknown>\n#16 0x56204d1d9683 <unknown>\n#17 0x56204d1ea044 <unknown>\n#18 0x7f0d9ce15134 <unknown>","time":{"start":1709513639852,"stop":1709513640295,"duration":443}},{"uid":"3906afa88e01d71","reportUrl":"https://Nat754.github.io/StroyremAutomation/235//#testresult/3906afa88e01d71","status":"skipped","statusDetails":"XFAIL\n\nselenium.common.exceptions.NoSuchElementException: Message: no such element: Unable to locate element: {\"method\":\"xpath\",\"selector\":\"(//a[@class='add-to-cart yellow-btn'])[1]\"}\n  (Session info: chrome-headless-shell=122.0.6261.94); For documentation on this error, please visit: https://www.selenium.dev/documentation/webdriver/troubleshooting/errors#no-such-element-exception\nStacktrace:\n#0 0x558d69336e93 <unknown>\n#1 0x558d6902ece6 <unknown>\n#2 0x558d69079e48 <unknown>\n#3 0x558d69079f01 <unknown>\n#4 0x558d690bd3f4 <unknown>\n#5 0x558d6909bedd <unknown>\n#6 0x558d690ba899 <unknown>\n#7 0x558d6909bc53 <unknown>\n#8 0x558d6906cdb3 <unknown>\n#9 0x558d6906d77e <unknown>\n#10 0x558d692fc7cb <unknown>\n#11 0x558d693007e5 <unknown>\n#12 0x558d692ea0e1 <unknown>\n#13 0x558d69301372 <unknown>\n#14 0x558d692ce1bf <unknown>\n#15 0x558d69325488 <unknown>\n#16 0x558d69325683 <unknown>\n#17 0x558d69336044 <unknown>\n#18 0x7fcb83852134 <unknown>","time":{"start":1709427375227,"stop":1709427375651,"duration":424}},{"uid":"6864f87a08a39a3f","reportUrl":"https://Nat754.github.io/StroyremAutomation/234//#testresult/6864f87a08a39a3f","status":"skipped","statusDetails":"XFAIL\n\nselenium.common.exceptions.NoSuchElementException: Message: no such element: Unable to locate element: {\"method\":\"xpath\",\"selector\":\"(//a[@class='add-to-cart yellow-btn'])[1]\"}\n  (Session info: chrome-headless-shell=122.0.6261.94); For documentation on this error, please visit: https://www.selenium.dev/documentation/webdriver/troubleshooting/errors#no-such-element-exception\nStacktrace:\n#0 0x56411a3c6e93 <unknown>\n#1 0x56411a0bece6 <unknown>\n#2 0x56411a109e48 <unknown>\n#3 0x56411a109f01 <unknown>\n#4 0x56411a14d3f4 <unknown>\n#5 0x56411a12bedd <unknown>\n#6 0x56411a14a899 <unknown>\n#7 0x56411a12bc53 <unknown>\n#8 0x56411a0fcdb3 <unknown>\n#9 0x56411a0fd77e <unknown>\n#10 0x56411a38c7cb <unknown>\n#11 0x56411a3907e5 <unknown>\n#12 0x56411a37a0e1 <unknown>\n#13 0x56411a391372 <unknown>\n#14 0x56411a35e1bf <unknown>\n#15 0x56411a3b5488 <unknown>\n#16 0x56411a3b5683 <unknown>\n#17 0x56411a3c6044 <unknown>\n#18 0x7f1c1f418134 <unknown>","time":{"start":1709340634081,"stop":1709340634373,"duration":292}},{"uid":"f064eada3738cbbb","reportUrl":"https://Nat754.github.io/StroyremAutomation/233//#testresult/f064eada3738cbbb","status":"skipped","statusDetails":"XFAIL\n\nselenium.common.exceptions.NoSuchElementException: Message: no such element: Unable to locate element: {\"method\":\"xpath\",\"selector\":\"(//a[@class='add-to-cart yellow-btn'])[1]\"}\n  (Session info: chrome-headless-shell=122.0.6261.94); For documentation on this error, please visit: https://www.selenium.dev/documentation/webdriver/troubleshooting/errors#no-such-element-exception\nStacktrace:\n#0 0x55e15ec23e93 <unknown>\n#1 0x55e15e91bce6 <unknown>\n#2 0x55e15e966e48 <unknown>\n#3 0x55e15e966f01 <unknown>\n#4 0x55e15e9aa3f4 <unknown>\n#5 0x55e15e988edd <unknown>\n#6 0x55e15e9a7899 <unknown>\n#7 0x55e15e988c53 <unknown>\n#8 0x55e15e959db3 <unknown>\n#9 0x55e15e95a77e <unknown>\n#10 0x55e15ebe97cb <unknown>\n#11 0x55e15ebed7e5 <unknown>\n#12 0x55e15ebd70e1 <unknown>\n#13 0x55e15ebee372 <unknown>\n#14 0x55e15ebbb1bf <unknown>\n#15 0x55e15ec12488 <unknown>\n#16 0x55e15ec12683 <unknown>\n#17 0x55e15ec23044 <unknown>\n#18 0x7f7051a5d134 <unknown>","time":{"start":1709254624807,"stop":1709254625228,"duration":421}}]},"tags":["@pytest.mark.xfail","smoke_test"]},"source":"dc491ee08afc18a4.json","parameterValues":["11440","299","'TD 024'","9900","'products/shtukaturka-gipsovaya-aksolit-m50-30-kg-mashinnogo-naneseniya'","4300","'https://sandboxtest.stroyrem-nn.ru/'","9000"]}