{"uid":"e29b5b044294470e","name":"test_positive_delivery_green_zone_smoke[TD 006-products/shtukaturka-gipsovaya-aksolit-m50-30-kg-mashinnogo-naneseniya-25-1700-990-1990-2480-https://sandboxtest.stroyrem-nn.ru/]","fullName":"tests.delivery.test_delivery_calculation.TestDeliveryPageCalculation#test_positive_delivery_green_zone_smoke","historyId":"1df20f878cd9f5f7374b8a6cd977ef7b","time":{"start":1710982479865,"stop":1710982480471,"duration":606},"status":"skipped","statusMessage":"XFAIL\n\nselenium.common.exceptions.NoSuchElementException: Message: no such element: Unable to locate element: {\"method\":\"xpath\",\"selector\":\"(//a[@class='add-to-cart yellow-btn'])[1]\"}\n  (Session info: chrome-headless-shell=123.0.6312.58); For documentation on this error, please visit: https://www.selenium.dev/documentation/webdriver/troubleshooting/errors#no-such-element-exception\nStacktrace:\n#0 0x560b4a449993 <unknown>\n#1 0x560b4a144136 <unknown>\n#2 0x560b4a18ed48 <unknown>\n#3 0x560b4a18ee01 <unknown>\n#4 0x560b4a1d1e44 <unknown>\n#5 0x560b4a1b0cfd <unknown>\n#6 0x560b4a1cf319 <unknown>\n#7 0x560b4a1b0a73 <unknown>\n#8 0x560b4a181c93 <unknown>\n#9 0x560b4a18265e <unknown>\n#10 0x560b4a40e08b <unknown>\n#11 0x560b4a412005 <unknown>\n#12 0x560b4a3fc491 <unknown>\n#13 0x560b4a412b92 <unknown>\n#14 0x560b4a3e19ef <unknown>\n#15 0x560b4a438df8 <unknown>\n#16 0x560b4a438fcb <unknown>\n#17 0x560b4a448ae4 <unknown>\n#18 0x7eff54f0b134 <unknown>","statusTrace":"self = <tests.delivery.test_delivery_calculation.TestDeliveryPageCalculation object at 0x7f931d04a6d0>\ndriver = <selenium.webdriver.chrome.webdriver.WebDriver (session=\"60e9cd7d9d004e0d5f6655278ac626e3\")>\nurl = 'https://sandboxtest.stroyrem-nn.ru/', case_id = 'TD 006'\nlink_item = 'products/shtukaturka-gipsovaya-aksolit-m50-30-kg-mashinnogo-naneseniya'\namount = 25, weight = 1700, standard = 990, in_time = 1990, all_time = 2480\n\n    @pytest.mark.parametrize('case_id, link_item, amount, weight, standard, in_time, all_time', [\n        (\"TD 001\", uroven_3000, 1, 30, 0, 1590, 2190),\n        (\"TD 002\", bundeks_25, 1, 30, 400, 1590, 2190),\n        (\"TD 003\", aksolit_30, 8, 300, 400, 1590, 2190),\n        (\"TD 004\", aksolit_30, 13, 400, 450, 1590, 2190),\n        (\"TD 005\", aksolit_30, 16, 500, 600, 1590, 2190),\n        (\"TD 006\", aksolit_30, 25, 1700, 990, 1990, 2480),\n        (\"TD 007\", aksolit_30, 66, 2000, 1300, 2490, 2980),\n        (\"TD 008\", aksolit_30, 149, 4500, 2300, 3980, 4490),\n        (\"TD 009\", aksolit_30, 166, 5000, 2500, 4990, 5480),\n        pytest.param(\n            \"TD 010\", aksolit_30, 206, 6200, 2900, 5570, 6120,\n            marks=pytest.mark.xfail(reson=\"Цена доставки 3600 7960 8980\")\n        ),\n        (\"TD 011\", aksolit_30, 299, 9000, 3600, 7960, 8980),\n        (\"TD 012\", aksolit_30, 333, 10000, 4450, 11990, 12500),\n        pytest.param(\n            \"TD 013\", aksolit_30, 366, 11000, 4800, 12450, 13480,\n            marks=pytest.mark.xfail(reason=\"Цена стандартной доставки 4450\")\n        ),\n        pytest.param(\n            \"TD 014\", aksolit_30, 666, 20000, 5400, 15600, 17490,\n            marks=pytest.mark.xfail(reason=\"Цена стандартной доставки 4450\")\n        )\n    ])\n    @pytest.mark.xfail\n    @pytest.mark.smoke_test\n    def test_positive_delivery_green_zone_smoke(\n            self, driver, url, case_id, link_item, amount, weight, standard, in_time, all_time\n    ):\n    \n        driver.get(f'{url}{link_item}')\n        item_page = ItemPage(driver)\n>       item_page.add_item_to_cart(amount).click_on_cart()\n\ntests/delivery/test_delivery_calculation.py:50: \n_ _ _ _ _ _ _ _ _ _ _ _ _ _ _ _ _ _ _ _ _ _ _ _ _ _ _ _ _ _ _ _ _ _ _ _ _ _ _ _ \npages/item_page.py:40: in add_item_to_cart\n    self.find_element(self._add_item).click()\nbase/seleniumbase.py:17: in find_element\n    return self.driver.find_element(*locator)\n/usr/local/lib/python3.11/site-packages/selenium/webdriver/remote/webdriver.py:739: in find_element\n    return self.execute(Command.FIND_ELEMENT, {\"using\": by, \"value\": value})[\"value\"]\n/usr/local/lib/python3.11/site-packages/selenium/webdriver/remote/webdriver.py:345: in execute\n    self.error_handler.check_response(response)\n_ _ _ _ _ _ _ _ _ _ _ _ _ _ _ _ _ _ _ _ _ _ _ _ _ _ _ _ _ _ _ _ _ _ _ _ _ _ _ _ \n\nself = <selenium.webdriver.remote.errorhandler.ErrorHandler object at 0x7f931d3adc90>\nresponse = {'status': 404, 'value': '{\"value\":{\"error\":\"no such element\",\"message\":\"no such element: Unable to locate element: {\\...\\\\n#16 0x560b4a438fcb \\\\u003Cunknown>\\\\n#17 0x560b4a448ae4 \\\\u003Cunknown>\\\\n#18 0x7eff54f0b134 \\\\u003Cunknown>\\\\n\"}}'}\n\n    def check_response(self, response: Dict[str, Any]) -> None:\n        \"\"\"Checks that a JSON response from the WebDriver does not have an\n        error.\n    \n        :Args:\n         - response - The JSON response from the WebDriver server as a dictionary\n           object.\n    \n        :Raises: If the response contains an error message.\n        \"\"\"\n        status = response.get(\"status\", None)\n        if not status or status == ErrorCode.SUCCESS:\n            return\n        value = None\n        message = response.get(\"message\", \"\")\n        screen: str = response.get(\"screen\", \"\")\n        stacktrace = None\n        if isinstance(status, int):\n            value_json = response.get(\"value\", None)\n            if value_json and isinstance(value_json, str):\n                import json\n    \n                try:\n                    value = json.loads(value_json)\n                    if len(value) == 1:\n                        value = value[\"value\"]\n                    status = value.get(\"error\", None)\n                    if not status:\n                        status = value.get(\"status\", ErrorCode.UNKNOWN_ERROR)\n                        message = value.get(\"value\") or value.get(\"message\")\n                        if not isinstance(message, str):\n                            value = message\n                            message = message.get(\"message\")\n                    else:\n                        message = value.get(\"message\", None)\n                except ValueError:\n                    pass\n    \n        exception_class: Type[WebDriverException]\n        e = ErrorCode()\n        error_codes = [item for item in dir(e) if not item.startswith(\"__\")]\n        for error_code in error_codes:\n            error_info = getattr(ErrorCode, error_code)\n            if isinstance(error_info, list) and status in error_info:\n                exception_class = getattr(ExceptionMapping, error_code, WebDriverException)\n                break\n        else:\n            exception_class = WebDriverException\n    \n        if not value:\n            value = response[\"value\"]\n        if isinstance(value, str):\n            raise exception_class(value)\n        if message == \"\" and \"message\" in value:\n            message = value[\"message\"]\n    \n        screen = None  # type: ignore[assignment]\n        if \"screen\" in value:\n            screen = value[\"screen\"]\n    \n        stacktrace = None\n        st_value = value.get(\"stackTrace\") or value.get(\"stacktrace\")\n        if st_value:\n            if isinstance(st_value, str):\n                stacktrace = st_value.split(\"\\n\")\n            else:\n                stacktrace = []\n                try:\n                    for frame in st_value:\n                        line = frame.get(\"lineNumber\", \"\")\n                        file = frame.get(\"fileName\", \"<anonymous>\")\n                        if line:\n                            file = f\"{file}:{line}\"\n                        meth = frame.get(\"methodName\", \"<anonymous>\")\n                        if \"className\" in frame:\n                            meth = f\"{frame['className']}.{meth}\"\n                        msg = \"    at %s (%s)\"\n                        msg = msg % (meth, file)\n                        stacktrace.append(msg)\n                except TypeError:\n                    pass\n        if exception_class == UnexpectedAlertPresentException:\n            alert_text = None\n            if \"data\" in value:\n                alert_text = value[\"data\"].get(\"text\")\n            elif \"alert\" in value:\n                alert_text = value[\"alert\"].get(\"text\")\n            raise exception_class(message, screen, stacktrace, alert_text)  # type: ignore[call-arg]  # mypy is not smart enough here\n>       raise exception_class(message, screen, stacktrace)\nE       selenium.common.exceptions.NoSuchElementException: Message: no such element: Unable to locate element: {\"method\":\"xpath\",\"selector\":\"(//a[@class='add-to-cart yellow-btn'])[1]\"}\nE         (Session info: chrome-headless-shell=123.0.6312.58); For documentation on this error, please visit: https://www.selenium.dev/documentation/webdriver/troubleshooting/errors#no-such-element-exception\nE       Stacktrace:\nE       #0 0x560b4a449993 <unknown>\nE       #1 0x560b4a144136 <unknown>\nE       #2 0x560b4a18ed48 <unknown>\nE       #3 0x560b4a18ee01 <unknown>\nE       #4 0x560b4a1d1e44 <unknown>\nE       #5 0x560b4a1b0cfd <unknown>\nE       #6 0x560b4a1cf319 <unknown>\nE       #7 0x560b4a1b0a73 <unknown>\nE       #8 0x560b4a181c93 <unknown>\nE       #9 0x560b4a18265e <unknown>\nE       #10 0x560b4a40e08b <unknown>\nE       #11 0x560b4a412005 <unknown>\nE       #12 0x560b4a3fc491 <unknown>\nE       #13 0x560b4a412b92 <unknown>\nE       #14 0x560b4a3e19ef <unknown>\nE       #15 0x560b4a438df8 <unknown>\nE       #16 0x560b4a438fcb <unknown>\nE       #17 0x560b4a448ae4 <unknown>\nE       #18 0x7eff54f0b134 <unknown>\n\n/usr/local/lib/python3.11/site-packages/selenium/webdriver/remote/errorhandler.py:229: NoSuchElementException","flaky":false,"newFailed":false,"newBroken":false,"newPassed":false,"retriesCount":0,"retriesStatusChange":false,"beforeStages":[{"name":"_session_faker","time":{"start":1710982193085,"stop":1710982193152,"duration":67},"status":"passed","steps":[],"attachments":[],"parameters":[],"shouldDisplayMessage":false,"stepsCount":0,"attachmentsCount":0,"hasContent":false,"attachmentStep":false},{"name":"clear_allure_results_folder","time":{"start":1710982193152,"stop":1710982193152,"duration":0},"status":"passed","steps":[],"attachments":[],"parameters":[],"shouldDisplayMessage":false,"stepsCount":0,"attachmentsCount":0,"hasContent":false,"attachmentStep":false},{"name":"driver","time":{"start":1710982479093,"stop":1710982479864,"duration":771},"status":"passed","steps":[],"attachments":[],"parameters":[],"shouldDisplayMessage":false,"stepsCount":0,"attachmentsCount":0,"hasContent":false,"attachmentStep":false},{"name":"setup","time":{"start":1710982479864,"stop":1710982479864,"duration":0},"status":"passed","steps":[],"attachments":[],"parameters":[],"shouldDisplayMessage":false,"stepsCount":0,"attachmentsCount":0,"hasContent":false,"attachmentStep":false}],"testStage":{"status":"skipped","statusMessage":"XFAIL\n\nselenium.common.exceptions.NoSuchElementException: Message: no such element: Unable to locate element: {\"method\":\"xpath\",\"selector\":\"(//a[@class='add-to-cart yellow-btn'])[1]\"}\n  (Session info: chrome-headless-shell=123.0.6312.58); For documentation on this error, please visit: https://www.selenium.dev/documentation/webdriver/troubleshooting/errors#no-such-element-exception\nStacktrace:\n#0 0x560b4a449993 <unknown>\n#1 0x560b4a144136 <unknown>\n#2 0x560b4a18ed48 <unknown>\n#3 0x560b4a18ee01 <unknown>\n#4 0x560b4a1d1e44 <unknown>\n#5 0x560b4a1b0cfd <unknown>\n#6 0x560b4a1cf319 <unknown>\n#7 0x560b4a1b0a73 <unknown>\n#8 0x560b4a181c93 <unknown>\n#9 0x560b4a18265e <unknown>\n#10 0x560b4a40e08b <unknown>\n#11 0x560b4a412005 <unknown>\n#12 0x560b4a3fc491 <unknown>\n#13 0x560b4a412b92 <unknown>\n#14 0x560b4a3e19ef <unknown>\n#15 0x560b4a438df8 <unknown>\n#16 0x560b4a438fcb <unknown>\n#17 0x560b4a448ae4 <unknown>\n#18 0x7eff54f0b134 <unknown>","statusTrace":"self = <tests.delivery.test_delivery_calculation.TestDeliveryPageCalculation object at 0x7f931d04a6d0>\ndriver = <selenium.webdriver.chrome.webdriver.WebDriver (session=\"60e9cd7d9d004e0d5f6655278ac626e3\")>\nurl = 'https://sandboxtest.stroyrem-nn.ru/', case_id = 'TD 006'\nlink_item = 'products/shtukaturka-gipsovaya-aksolit-m50-30-kg-mashinnogo-naneseniya'\namount = 25, weight = 1700, standard = 990, in_time = 1990, all_time = 2480\n\n    @pytest.mark.parametrize('case_id, link_item, amount, weight, standard, in_time, all_time', [\n        (\"TD 001\", uroven_3000, 1, 30, 0, 1590, 2190),\n        (\"TD 002\", bundeks_25, 1, 30, 400, 1590, 2190),\n        (\"TD 003\", aksolit_30, 8, 300, 400, 1590, 2190),\n        (\"TD 004\", aksolit_30, 13, 400, 450, 1590, 2190),\n        (\"TD 005\", aksolit_30, 16, 500, 600, 1590, 2190),\n        (\"TD 006\", aksolit_30, 25, 1700, 990, 1990, 2480),\n        (\"TD 007\", aksolit_30, 66, 2000, 1300, 2490, 2980),\n        (\"TD 008\", aksolit_30, 149, 4500, 2300, 3980, 4490),\n        (\"TD 009\", aksolit_30, 166, 5000, 2500, 4990, 5480),\n        pytest.param(\n            \"TD 010\", aksolit_30, 206, 6200, 2900, 5570, 6120,\n            marks=pytest.mark.xfail(reson=\"Цена доставки 3600 7960 8980\")\n        ),\n        (\"TD 011\", aksolit_30, 299, 9000, 3600, 7960, 8980),\n        (\"TD 012\", aksolit_30, 333, 10000, 4450, 11990, 12500),\n        pytest.param(\n            \"TD 013\", aksolit_30, 366, 11000, 4800, 12450, 13480,\n            marks=pytest.mark.xfail(reason=\"Цена стандартной доставки 4450\")\n        ),\n        pytest.param(\n            \"TD 014\", aksolit_30, 666, 20000, 5400, 15600, 17490,\n            marks=pytest.mark.xfail(reason=\"Цена стандартной доставки 4450\")\n        )\n    ])\n    @pytest.mark.xfail\n    @pytest.mark.smoke_test\n    def test_positive_delivery_green_zone_smoke(\n            self, driver, url, case_id, link_item, amount, weight, standard, in_time, all_time\n    ):\n    \n        driver.get(f'{url}{link_item}')\n        item_page = ItemPage(driver)\n>       item_page.add_item_to_cart(amount).click_on_cart()\n\ntests/delivery/test_delivery_calculation.py:50: \n_ _ _ _ _ _ _ _ _ _ _ _ _ _ _ _ _ _ _ _ _ _ _ _ _ _ _ _ _ _ _ _ _ _ _ _ _ _ _ _ \npages/item_page.py:40: in add_item_to_cart\n    self.find_element(self._add_item).click()\nbase/seleniumbase.py:17: in find_element\n    return self.driver.find_element(*locator)\n/usr/local/lib/python3.11/site-packages/selenium/webdriver/remote/webdriver.py:739: in find_element\n    return self.execute(Command.FIND_ELEMENT, {\"using\": by, \"value\": value})[\"value\"]\n/usr/local/lib/python3.11/site-packages/selenium/webdriver/remote/webdriver.py:345: in execute\n    self.error_handler.check_response(response)\n_ _ _ _ _ _ _ _ _ _ _ _ _ _ _ _ _ _ _ _ _ _ _ _ _ _ _ _ _ _ _ _ _ _ _ _ _ _ _ _ \n\nself = <selenium.webdriver.remote.errorhandler.ErrorHandler object at 0x7f931d3adc90>\nresponse = {'status': 404, 'value': '{\"value\":{\"error\":\"no such element\",\"message\":\"no such element: Unable to locate element: {\\...\\\\n#16 0x560b4a438fcb \\\\u003Cunknown>\\\\n#17 0x560b4a448ae4 \\\\u003Cunknown>\\\\n#18 0x7eff54f0b134 \\\\u003Cunknown>\\\\n\"}}'}\n\n    def check_response(self, response: Dict[str, Any]) -> None:\n        \"\"\"Checks that a JSON response from the WebDriver does not have an\n        error.\n    \n        :Args:\n         - response - The JSON response from the WebDriver server as a dictionary\n           object.\n    \n        :Raises: If the response contains an error message.\n        \"\"\"\n        status = response.get(\"status\", None)\n        if not status or status == ErrorCode.SUCCESS:\n            return\n        value = None\n        message = response.get(\"message\", \"\")\n        screen: str = response.get(\"screen\", \"\")\n        stacktrace = None\n        if isinstance(status, int):\n            value_json = response.get(\"value\", None)\n            if value_json and isinstance(value_json, str):\n                import json\n    \n                try:\n                    value = json.loads(value_json)\n                    if len(value) == 1:\n                        value = value[\"value\"]\n                    status = value.get(\"error\", None)\n                    if not status:\n                        status = value.get(\"status\", ErrorCode.UNKNOWN_ERROR)\n                        message = value.get(\"value\") or value.get(\"message\")\n                        if not isinstance(message, str):\n                            value = message\n                            message = message.get(\"message\")\n                    else:\n                        message = value.get(\"message\", None)\n                except ValueError:\n                    pass\n    \n        exception_class: Type[WebDriverException]\n        e = ErrorCode()\n        error_codes = [item for item in dir(e) if not item.startswith(\"__\")]\n        for error_code in error_codes:\n            error_info = getattr(ErrorCode, error_code)\n            if isinstance(error_info, list) and status in error_info:\n                exception_class = getattr(ExceptionMapping, error_code, WebDriverException)\n                break\n        else:\n            exception_class = WebDriverException\n    \n        if not value:\n            value = response[\"value\"]\n        if isinstance(value, str):\n            raise exception_class(value)\n        if message == \"\" and \"message\" in value:\n            message = value[\"message\"]\n    \n        screen = None  # type: ignore[assignment]\n        if \"screen\" in value:\n            screen = value[\"screen\"]\n    \n        stacktrace = None\n        st_value = value.get(\"stackTrace\") or value.get(\"stacktrace\")\n        if st_value:\n            if isinstance(st_value, str):\n                stacktrace = st_value.split(\"\\n\")\n            else:\n                stacktrace = []\n                try:\n                    for frame in st_value:\n                        line = frame.get(\"lineNumber\", \"\")\n                        file = frame.get(\"fileName\", \"<anonymous>\")\n                        if line:\n                            file = f\"{file}:{line}\"\n                        meth = frame.get(\"methodName\", \"<anonymous>\")\n                        if \"className\" in frame:\n                            meth = f\"{frame['className']}.{meth}\"\n                        msg = \"    at %s (%s)\"\n                        msg = msg % (meth, file)\n                        stacktrace.append(msg)\n                except TypeError:\n                    pass\n        if exception_class == UnexpectedAlertPresentException:\n            alert_text = None\n            if \"data\" in value:\n                alert_text = value[\"data\"].get(\"text\")\n            elif \"alert\" in value:\n                alert_text = value[\"alert\"].get(\"text\")\n            raise exception_class(message, screen, stacktrace, alert_text)  # type: ignore[call-arg]  # mypy is not smart enough here\n>       raise exception_class(message, screen, stacktrace)\nE       selenium.common.exceptions.NoSuchElementException: Message: no such element: Unable to locate element: {\"method\":\"xpath\",\"selector\":\"(//a[@class='add-to-cart yellow-btn'])[1]\"}\nE         (Session info: chrome-headless-shell=123.0.6312.58); For documentation on this error, please visit: https://www.selenium.dev/documentation/webdriver/troubleshooting/errors#no-such-element-exception\nE       Stacktrace:\nE       #0 0x560b4a449993 <unknown>\nE       #1 0x560b4a144136 <unknown>\nE       #2 0x560b4a18ed48 <unknown>\nE       #3 0x560b4a18ee01 <unknown>\nE       #4 0x560b4a1d1e44 <unknown>\nE       #5 0x560b4a1b0cfd <unknown>\nE       #6 0x560b4a1cf319 <unknown>\nE       #7 0x560b4a1b0a73 <unknown>\nE       #8 0x560b4a181c93 <unknown>\nE       #9 0x560b4a18265e <unknown>\nE       #10 0x560b4a40e08b <unknown>\nE       #11 0x560b4a412005 <unknown>\nE       #12 0x560b4a3fc491 <unknown>\nE       #13 0x560b4a412b92 <unknown>\nE       #14 0x560b4a3e19ef <unknown>\nE       #15 0x560b4a438df8 <unknown>\nE       #16 0x560b4a438fcb <unknown>\nE       #17 0x560b4a448ae4 <unknown>\nE       #18 0x7eff54f0b134 <unknown>\n\n/usr/local/lib/python3.11/site-packages/selenium/webdriver/remote/errorhandler.py:229: NoSuchElementException","steps":[{"name":"Добавляем товар в корзину в количестве 25","time":{"start":1710982480458,"stop":1710982480470,"duration":12},"status":"broken","statusMessage":"selenium.common.exceptions.NoSuchElementException: Message: no such element: Unable to locate element: {\"method\":\"xpath\",\"selector\":\"(//a[@class='add-to-cart yellow-btn'])[1]\"}\n  (Session info: chrome-headless-shell=123.0.6312.58); For documentation on this error, please visit: https://www.selenium.dev/documentation/webdriver/troubleshooting/errors#no-such-element-exception\nStacktrace:\n#0 0x560b4a449993 <unknown>\n#1 0x560b4a144136 <unknown>\n#2 0x560b4a18ed48 <unknown>\n#3 0x560b4a18ee01 <unknown>\n#4 0x560b4a1d1e44 <unknown>\n#5 0x560b4a1b0cfd <unknown>\n#6 0x560b4a1cf319 <unknown>\n#7 0x560b4a1b0a73 <unknown>\n#8 0x560b4a181c93 <unknown>\n#9 0x560b4a18265e <unknown>\n#10 0x560b4a40e08b <unknown>\n#11 0x560b4a412005 <unknown>\n#12 0x560b4a3fc491 <unknown>\n#13 0x560b4a412b92 <unknown>\n#14 0x560b4a3e19ef <unknown>\n#15 0x560b4a438df8 <unknown>\n#16 0x560b4a438fcb <unknown>\n#17 0x560b4a448ae4 <unknown>\n#18 0x7eff54f0b134 <unknown>\n\n","statusTrace":"  File \"/usr/local/lib/python3.11/site-packages/allure_commons/_allure.py\", line 192, in impl\n    return func(*a, **kw)\n           ^^^^^^^^^^^^^^\n  File \"/app/pages/item_page.py\", line 40, in add_item_to_cart\n    self.find_element(self._add_item).click()\n    ^^^^^^^^^^^^^^^^^^^^^^^^^^^^^^^^^\n  File \"/app/base/seleniumbase.py\", line 17, in find_element\n    return self.driver.find_element(*locator)\n           ^^^^^^^^^^^^^^^^^^^^^^^^^^^^^^^^^^\n  File \"/usr/local/lib/python3.11/site-packages/selenium/webdriver/remote/webdriver.py\", line 739, in find_element\n    return self.execute(Command.FIND_ELEMENT, {\"using\": by, \"value\": value})[\"value\"]\n           ^^^^^^^^^^^^^^^^^^^^^^^^^^^^^^^^^^^^^^^^^^^^^^^^^^^^^^^^^^^^^^^^^\n  File \"/usr/local/lib/python3.11/site-packages/selenium/webdriver/remote/webdriver.py\", line 345, in execute\n    self.error_handler.check_response(response)\n  File \"/usr/local/lib/python3.11/site-packages/selenium/webdriver/remote/errorhandler.py\", line 229, in check_response\n    raise exception_class(message, screen, stacktrace)\n","steps":[],"attachments":[],"parameters":[{"name":"amount","value":"25"}],"shouldDisplayMessage":true,"stepsCount":0,"attachmentsCount":0,"hasContent":true,"attachmentStep":false}],"attachments":[{"uid":"58c96e7b16c7a409","name":"Screenshot","source":"58c96e7b16c7a409.png","type":"image/png","size":5862},{"uid":"3eed1b39c9a87335","name":"HTML source","source":"3eed1b39c9a87335.html","type":"text/html","size":39}],"parameters":[],"shouldDisplayMessage":true,"stepsCount":1,"attachmentsCount":2,"hasContent":true,"attachmentStep":false},"afterStages":[{"name":"driver::0","time":{"start":1710982480567,"stop":1710982480624,"duration":57},"status":"passed","steps":[],"attachments":[],"parameters":[],"shouldDisplayMessage":false,"stepsCount":0,"attachmentsCount":0,"hasContent":false,"attachmentStep":false},{"name":"setup::0","time":{"start":1710982480567,"stop":1710982480567,"duration":0},"status":"passed","steps":[],"attachments":[],"parameters":[],"shouldDisplayMessage":false,"stepsCount":0,"attachmentsCount":0,"hasContent":false,"attachmentStep":false}],"labels":[{"name":"epic","value":"Delivery Page - calculation"},{"name":"tag","value":"smoke_test"},{"name":"tag","value":"@pytest.mark.xfail"},{"name":"parentSuite","value":"tests.delivery"},{"name":"suite","value":"test_delivery_calculation"},{"name":"subSuite","value":"TestDeliveryPageCalculation"},{"name":"host","value":"a4fc3d38c7ec"},{"name":"thread","value":"1-MainThread"},{"name":"framework","value":"pytest"},{"name":"language","value":"cpython3"},{"name":"package","value":"tests.delivery.test_delivery_calculation"},{"name":"resultFormat","value":"allure2"}],"parameters":[{"name":"all_time","value":"2480"},{"name":"amount","value":"25"},{"name":"case_id","value":"'TD 006'"},{"name":"in_time","value":"1990"},{"name":"link_item","value":"'products/shtukaturka-gipsovaya-aksolit-m50-30-kg-mashinnogo-naneseniya'"},{"name":"standard","value":"990"},{"name":"url","value":"'https://sandboxtest.stroyrem-nn.ru/'"},{"name":"weight","value":"1700"}],"links":[],"hidden":false,"retry":false,"extra":{"severity":"normal","retries":[],"categories":[],"history":{"statistic":{"failed":0,"broken":13,"skipped":192,"passed":0,"unknown":0,"total":205},"items":[{"uid":"81bc95debb7f2dc0","reportUrl":"https://Nat754.github.io/StroyremAutomation/252//#testresult/81bc95debb7f2dc0","status":"skipped","statusDetails":"XFAIL\n\nselenium.common.exceptions.NoSuchElementException: Message: no such element: Unable to locate element: {\"method\":\"xpath\",\"selector\":\"(//a[@class='add-to-cart yellow-btn'])[1]\"}\n  (Session info: chrome-headless-shell=123.0.6312.58); For documentation on this error, please visit: https://www.selenium.dev/documentation/webdriver/troubleshooting/errors#no-such-element-exception\nStacktrace:\n#0 0x5d57e54ce993 <unknown>\n#1 0x5d57e51c9136 <unknown>\n#2 0x5d57e5213d48 <unknown>\n#3 0x5d57e5213e01 <unknown>\n#4 0x5d57e5256e44 <unknown>\n#5 0x5d57e5235cfd <unknown>\n#6 0x5d57e5254319 <unknown>\n#7 0x5d57e5235a73 <unknown>\n#8 0x5d57e5206c93 <unknown>\n#9 0x5d57e520765e <unknown>\n#10 0x5d57e549308b <unknown>\n#11 0x5d57e5497005 <unknown>\n#12 0x5d57e5481491 <unknown>\n#13 0x5d57e5497b92 <unknown>\n#14 0x5d57e54669ef <unknown>\n#15 0x5d57e54bddf8 <unknown>\n#16 0x5d57e54bdfcb <unknown>\n#17 0x5d57e54cdae4 <unknown>\n#18 0x73eff2de9134 <unknown>","time":{"start":1710895880350,"stop":1710895880650,"duration":300}},{"uid":"e2f5d0acd69eb338","reportUrl":"https://Nat754.github.io/StroyremAutomation/251//#testresult/e2f5d0acd69eb338","status":"skipped","statusDetails":"XFAIL\n\nselenium.common.exceptions.NoSuchElementException: Message: no such element: Unable to locate element: {\"method\":\"xpath\",\"selector\":\"(//a[@class='add-to-cart yellow-btn'])[1]\"}\n  (Session info: chrome-headless-shell=122.0.6261.128); For documentation on this error, please visit: https://www.selenium.dev/documentation/webdriver/troubleshooting/errors#no-such-element-exception\nStacktrace:\n#0 0x56490abfaf33 <unknown>\n#1 0x56490a8f2ce6 <unknown>\n#2 0x56490a93de48 <unknown>\n#3 0x56490a93df01 <unknown>\n#4 0x56490a9813f4 <unknown>\n#5 0x56490a95fedd <unknown>\n#6 0x56490a97e899 <unknown>\n#7 0x56490a95fc53 <unknown>\n#8 0x56490a930db3 <unknown>\n#9 0x56490a93177e <unknown>\n#10 0x56490abc086b <unknown>\n#11 0x56490abc4885 <unknown>\n#12 0x56490abae181 <unknown>\n#13 0x56490abc5412 <unknown>\n#14 0x56490ab9225f <unknown>\n#15 0x56490abe9528 <unknown>\n#16 0x56490abe9723 <unknown>\n#17 0x56490abfa0e4 <unknown>\n#18 0x7f3682503134 <unknown>","time":{"start":1710809521974,"stop":1710809522496,"duration":522}},{"uid":"153d565ef81c7c3d","reportUrl":"https://Nat754.github.io/StroyremAutomation/250//#testresult/153d565ef81c7c3d","status":"skipped","statusDetails":"XFAIL\n\nselenium.common.exceptions.NoSuchElementException: Message: no such element: Unable to locate element: {\"method\":\"xpath\",\"selector\":\"(//a[@class='add-to-cart yellow-btn'])[1]\"}\n  (Session info: chrome-headless-shell=122.0.6261.128); For documentation on this error, please visit: https://www.selenium.dev/documentation/webdriver/troubleshooting/errors#no-such-element-exception\nStacktrace:\n#0 0x60dfe5babf33 <unknown>\n#1 0x60dfe58a3ce6 <unknown>\n#2 0x60dfe58eee48 <unknown>\n#3 0x60dfe58eef01 <unknown>\n#4 0x60dfe59323f4 <unknown>\n#5 0x60dfe5910edd <unknown>\n#6 0x60dfe592f899 <unknown>\n#7 0x60dfe5910c53 <unknown>\n#8 0x60dfe58e1db3 <unknown>\n#9 0x60dfe58e277e <unknown>\n#10 0x60dfe5b7186b <unknown>\n#11 0x60dfe5b75885 <unknown>\n#12 0x60dfe5b5f181 <unknown>\n#13 0x60dfe5b76412 <unknown>\n#14 0x60dfe5b4325f <unknown>\n#15 0x60dfe5b9a528 <unknown>\n#16 0x60dfe5b9a723 <unknown>\n#17 0x60dfe5bab0e4 <unknown>\n#18 0x782e38fe6134 <unknown>","time":{"start":1710723177092,"stop":1710723177419,"duration":327}},{"uid":"b8532fa272eb9d82","reportUrl":"https://Nat754.github.io/StroyremAutomation/249//#testresult/b8532fa272eb9d82","status":"skipped","statusDetails":"XFAIL\n\nselenium.common.exceptions.NoSuchElementException: Message: no such element: Unable to locate element: {\"method\":\"xpath\",\"selector\":\"(//a[@class='add-to-cart yellow-btn'])[1]\"}\n  (Session info: chrome-headless-shell=122.0.6261.128); For documentation on this error, please visit: https://www.selenium.dev/documentation/webdriver/troubleshooting/errors#no-such-element-exception\nStacktrace:\n#0 0x631140994f33 <unknown>\n#1 0x63114068cce6 <unknown>\n#2 0x6311406d7e48 <unknown>\n#3 0x6311406d7f01 <unknown>\n#4 0x63114071b3f4 <unknown>\n#5 0x6311406f9edd <unknown>\n#6 0x631140718899 <unknown>\n#7 0x6311406f9c53 <unknown>\n#8 0x6311406cadb3 <unknown>\n#9 0x6311406cb77e <unknown>\n#10 0x63114095a86b <unknown>\n#11 0x63114095e885 <unknown>\n#12 0x631140948181 <unknown>\n#13 0x63114095f412 <unknown>\n#14 0x63114092c25f <unknown>\n#15 0x631140983528 <unknown>\n#16 0x631140983723 <unknown>\n#17 0x6311409940e4 <unknown>\n#18 0x78d978796134 <unknown>","time":{"start":1710636945465,"stop":1710636945754,"duration":289}},{"uid":"f10de0beefa4b03c","reportUrl":"https://Nat754.github.io/StroyremAutomation/248//#testresult/f10de0beefa4b03c","status":"skipped","statusDetails":"XFAIL\n\nselenium.common.exceptions.NoSuchElementException: Message: no such element: Unable to locate element: {\"method\":\"xpath\",\"selector\":\"(//a[@class='add-to-cart yellow-btn'])[1]\"}\n  (Session info: chrome-headless-shell=122.0.6261.128); For documentation on this error, please visit: https://www.selenium.dev/documentation/webdriver/troubleshooting/errors#no-such-element-exception\nStacktrace:\n#0 0x5db375c5ef33 <unknown>\n#1 0x5db375956ce6 <unknown>\n#2 0x5db3759a1e48 <unknown>\n#3 0x5db3759a1f01 <unknown>\n#4 0x5db3759e53f4 <unknown>\n#5 0x5db3759c3edd <unknown>\n#6 0x5db3759e2899 <unknown>\n#7 0x5db3759c3c53 <unknown>\n#8 0x5db375994db3 <unknown>\n#9 0x5db37599577e <unknown>\n#10 0x5db375c2486b <unknown>\n#11 0x5db375c28885 <unknown>\n#12 0x5db375c12181 <unknown>\n#13 0x5db375c29412 <unknown>\n#14 0x5db375bf625f <unknown>\n#15 0x5db375c4d528 <unknown>\n#16 0x5db375c4d723 <unknown>\n#17 0x5db375c5e0e4 <unknown>\n#18 0x73ff63cba134 <unknown>","time":{"start":1710550221263,"stop":1710550221804,"duration":541}},{"uid":"fbb94ffe922f5f10","reportUrl":"https://Nat754.github.io/StroyremAutomation/247//#testresult/fbb94ffe922f5f10","status":"skipped","statusDetails":"XFAIL\n\nselenium.common.exceptions.NoSuchElementException: Message: no such element: Unable to locate element: {\"method\":\"xpath\",\"selector\":\"(//a[@class='add-to-cart yellow-btn'])[1]\"}\n  (Session info: chrome-headless-shell=122.0.6261.128); For documentation on this error, please visit: https://www.selenium.dev/documentation/webdriver/troubleshooting/errors#no-such-element-exception\nStacktrace:\n#0 0x612a3f47df33 <unknown>\n#1 0x612a3f175ce6 <unknown>\n#2 0x612a3f1c0e48 <unknown>\n#3 0x612a3f1c0f01 <unknown>\n#4 0x612a3f2043f4 <unknown>\n#5 0x612a3f1e2edd <unknown>\n#6 0x612a3f201899 <unknown>\n#7 0x612a3f1e2c53 <unknown>\n#8 0x612a3f1b3db3 <unknown>\n#9 0x612a3f1b477e <unknown>\n#10 0x612a3f44386b <unknown>\n#11 0x612a3f447885 <unknown>\n#12 0x612a3f431181 <unknown>\n#13 0x612a3f448412 <unknown>\n#14 0x612a3f41525f <unknown>\n#15 0x612a3f46c528 <unknown>\n#16 0x612a3f46c723 <unknown>\n#17 0x612a3f47d0e4 <unknown>\n#18 0x71da321f5134 <unknown>","time":{"start":1710463959399,"stop":1710463959862,"duration":463}},{"uid":"9c8e1e062c76280f","reportUrl":"https://Nat754.github.io/StroyremAutomation/246//#testresult/9c8e1e062c76280f","status":"skipped","statusDetails":"XFAIL\n\nselenium.common.exceptions.NoSuchElementException: Message: no such element: Unable to locate element: {\"method\":\"xpath\",\"selector\":\"(//a[@class='add-to-cart yellow-btn'])[1]\"}\n  (Session info: chrome-headless-shell=122.0.6261.128); For documentation on this error, please visit: https://www.selenium.dev/documentation/webdriver/troubleshooting/errors#no-such-element-exception\nStacktrace:\n#0 0x5eaf47db6f33 <unknown>\n#1 0x5eaf47aaece6 <unknown>\n#2 0x5eaf47af9e48 <unknown>\n#3 0x5eaf47af9f01 <unknown>\n#4 0x5eaf47b3d3f4 <unknown>\n#5 0x5eaf47b1bedd <unknown>\n#6 0x5eaf47b3a899 <unknown>\n#7 0x5eaf47b1bc53 <unknown>\n#8 0x5eaf47aecdb3 <unknown>\n#9 0x5eaf47aed77e <unknown>\n#10 0x5eaf47d7c86b <unknown>\n#11 0x5eaf47d80885 <unknown>\n#12 0x5eaf47d6a181 <unknown>\n#13 0x5eaf47d81412 <unknown>\n#14 0x5eaf47d4e25f <unknown>\n#15 0x5eaf47da5528 <unknown>\n#16 0x5eaf47da5723 <unknown>\n#17 0x5eaf47db60e4 <unknown>\n#18 0x7d3f8ed74134 <unknown>","time":{"start":1710377540621,"stop":1710377540958,"duration":337}},{"uid":"f84f1a9857ecafae","reportUrl":"https://Nat754.github.io/StroyremAutomation/245//#testresult/f84f1a9857ecafae","status":"skipped","statusDetails":"XFAIL\n\nselenium.common.exceptions.NoSuchElementException: Message: no such element: Unable to locate element: {\"method\":\"xpath\",\"selector\":\"(//a[@class='add-to-cart yellow-btn'])[1]\"}\n  (Session info: chrome-headless-shell=122.0.6261.128); For documentation on this error, please visit: https://www.selenium.dev/documentation/webdriver/troubleshooting/errors#no-such-element-exception\nStacktrace:\n#0 0x5585d96bff33 <unknown>\n#1 0x5585d93b7ce6 <unknown>\n#2 0x5585d9402e48 <unknown>\n#3 0x5585d9402f01 <unknown>\n#4 0x5585d94463f4 <unknown>\n#5 0x5585d9424edd <unknown>\n#6 0x5585d9443899 <unknown>\n#7 0x5585d9424c53 <unknown>\n#8 0x5585d93f5db3 <unknown>\n#9 0x5585d93f677e <unknown>\n#10 0x5585d968586b <unknown>\n#11 0x5585d9689885 <unknown>\n#12 0x5585d9673181 <unknown>\n#13 0x5585d968a412 <unknown>\n#14 0x5585d965725f <unknown>\n#15 0x5585d96ae528 <unknown>\n#16 0x5585d96ae723 <unknown>\n#17 0x5585d96bf0e4 <unknown>\n#18 0x7f37ba597134 <unknown>","time":{"start":1710291204306,"stop":1710291205156,"duration":850}},{"uid":"c8629487aa37d542","reportUrl":"https://Nat754.github.io/StroyremAutomation/244//#testresult/c8629487aa37d542","status":"skipped","statusDetails":"XFAIL\n\nselenium.common.exceptions.NoSuchElementException: Message: no such element: Unable to locate element: {\"method\":\"xpath\",\"selector\":\"(//a[@class='add-to-cart yellow-btn'])[1]\"}\n  (Session info: chrome-headless-shell=122.0.6261.111); For documentation on this error, please visit: https://www.selenium.dev/documentation/webdriver/troubleshooting/errors#no-such-element-exception\nStacktrace:\n#0 0x55579afc5ec3 <unknown>\n#1 0x55579acbdce6 <unknown>\n#2 0x55579ad08e48 <unknown>\n#3 0x55579ad08f01 <unknown>\n#4 0x55579ad4c3f4 <unknown>\n#5 0x55579ad2aedd <unknown>\n#6 0x55579ad49899 <unknown>\n#7 0x55579ad2ac53 <unknown>\n#8 0x55579acfbdb3 <unknown>\n#9 0x55579acfc77e <unknown>\n#10 0x55579af8b7fb <unknown>\n#11 0x55579af8f815 <unknown>\n#12 0x55579af79111 <unknown>\n#13 0x55579af903a2 <unknown>\n#14 0x55579af5d1ef <unknown>\n#15 0x55579afb44b8 <unknown>\n#16 0x55579afb46b3 <unknown>\n#17 0x55579afc5074 <unknown>\n#18 0x7fcd91a0d134 <unknown>","time":{"start":1710204670016,"stop":1710204670837,"duration":821}},{"uid":"de2e35004053aacb","reportUrl":"https://Nat754.github.io/StroyremAutomation/243//#testresult/de2e35004053aacb","status":"skipped","statusDetails":"XFAIL\n\nselenium.common.exceptions.NoSuchElementException: Message: no such element: Unable to locate element: {\"method\":\"xpath\",\"selector\":\"(//a[@class='add-to-cart yellow-btn'])[1]\"}\n  (Session info: chrome-headless-shell=122.0.6261.111); For documentation on this error, please visit: https://www.selenium.dev/documentation/webdriver/troubleshooting/errors#no-such-element-exception\nStacktrace:\n#0 0x564c21cc9ec3 <unknown>\n#1 0x564c219c1ce6 <unknown>\n#2 0x564c21a0ce48 <unknown>\n#3 0x564c21a0cf01 <unknown>\n#4 0x564c21a503f4 <unknown>\n#5 0x564c21a2eedd <unknown>\n#6 0x564c21a4d899 <unknown>\n#7 0x564c21a2ec53 <unknown>\n#8 0x564c219ffdb3 <unknown>\n#9 0x564c21a0077e <unknown>\n#10 0x564c21c8f7fb <unknown>\n#11 0x564c21c93815 <unknown>\n#12 0x564c21c7d111 <unknown>\n#13 0x564c21c943a2 <unknown>\n#14 0x564c21c611ef <unknown>\n#15 0x564c21cb84b8 <unknown>\n#16 0x564c21cb86b3 <unknown>\n#17 0x564c21cc9074 <unknown>\n#18 0x7f1cf4b4d134 <unknown>","time":{"start":1710118405854,"stop":1710118406459,"duration":605}},{"uid":"cf3219014bd7eef5","reportUrl":"https://Nat754.github.io/StroyremAutomation/242//#testresult/cf3219014bd7eef5","status":"skipped","statusDetails":"XFAIL\n\nselenium.common.exceptions.NoSuchElementException: Message: no such element: Unable to locate element: {\"method\":\"xpath\",\"selector\":\"(//a[@class='add-to-cart yellow-btn'])[1]\"}\n  (Session info: chrome-headless-shell=122.0.6261.111); For documentation on this error, please visit: https://www.selenium.dev/documentation/webdriver/troubleshooting/errors#no-such-element-exception\nStacktrace:\n#0 0x55a5c7fccec3 <unknown>\n#1 0x55a5c7cc4ce6 <unknown>\n#2 0x55a5c7d0fe48 <unknown>\n#3 0x55a5c7d0ff01 <unknown>\n#4 0x55a5c7d533f4 <unknown>\n#5 0x55a5c7d31edd <unknown>\n#6 0x55a5c7d50899 <unknown>\n#7 0x55a5c7d31c53 <unknown>\n#8 0x55a5c7d02db3 <unknown>\n#9 0x55a5c7d0377e <unknown>\n#10 0x55a5c7f927fb <unknown>\n#11 0x55a5c7f96815 <unknown>\n#12 0x55a5c7f80111 <unknown>\n#13 0x55a5c7f973a2 <unknown>\n#14 0x55a5c7f641ef <unknown>\n#15 0x55a5c7fbb4b8 <unknown>\n#16 0x55a5c7fbb6b3 <unknown>\n#17 0x55a5c7fcc074 <unknown>\n#18 0x7f4c536f2134 <unknown>","time":{"start":1710032174445,"stop":1710032174891,"duration":446}},{"uid":"feaf6bca34755f1c","reportUrl":"https://Nat754.github.io/StroyremAutomation/241//#testresult/feaf6bca34755f1c","status":"skipped","statusDetails":"XFAIL\n\nselenium.common.exceptions.NoSuchElementException: Message: no such element: Unable to locate element: {\"method\":\"xpath\",\"selector\":\"(//a[@class='add-to-cart yellow-btn'])[1]\"}\n  (Session info: chrome-headless-shell=122.0.6261.111); For documentation on this error, please visit: https://www.selenium.dev/documentation/webdriver/troubleshooting/errors#no-such-element-exception\nStacktrace:\n#0 0x56287e6ccec3 <unknown>\n#1 0x56287e3c4ce6 <unknown>\n#2 0x56287e40fe48 <unknown>\n#3 0x56287e40ff01 <unknown>\n#4 0x56287e4533f4 <unknown>\n#5 0x56287e431edd <unknown>\n#6 0x56287e450899 <unknown>\n#7 0x56287e431c53 <unknown>\n#8 0x56287e402db3 <unknown>\n#9 0x56287e40377e <unknown>\n#10 0x56287e6927fb <unknown>\n#11 0x56287e696815 <unknown>\n#12 0x56287e680111 <unknown>\n#13 0x56287e6973a2 <unknown>\n#14 0x56287e6641ef <unknown>\n#15 0x56287e6bb4b8 <unknown>\n#16 0x56287e6bb6b3 <unknown>\n#17 0x56287e6cc074 <unknown>\n#18 0x7fd4ad997134 <unknown>","time":{"start":1709945384413,"stop":1709945384877,"duration":464}},{"uid":"4db54b06fe62ba3c","reportUrl":"https://Nat754.github.io/StroyremAutomation/240//#testresult/4db54b06fe62ba3c","status":"skipped","statusDetails":"XFAIL\n\nselenium.common.exceptions.NoSuchElementException: Message: no such element: Unable to locate element: {\"method\":\"xpath\",\"selector\":\"(//a[@class='add-to-cart yellow-btn'])[1]\"}\n  (Session info: chrome-headless-shell=122.0.6261.111); For documentation on this error, please visit: https://www.selenium.dev/documentation/webdriver/troubleshooting/errors#no-such-element-exception\nStacktrace:\n#0 0x5612d1268ec3 <unknown>\n#1 0x5612d0f60ce6 <unknown>\n#2 0x5612d0fabe48 <unknown>\n#3 0x5612d0fabf01 <unknown>\n#4 0x5612d0fef3f4 <unknown>\n#5 0x5612d0fcdedd <unknown>\n#6 0x5612d0fec899 <unknown>\n#7 0x5612d0fcdc53 <unknown>\n#8 0x5612d0f9edb3 <unknown>\n#9 0x5612d0f9f77e <unknown>\n#10 0x5612d122e7fb <unknown>\n#11 0x5612d1232815 <unknown>\n#12 0x5612d121c111 <unknown>\n#13 0x5612d12333a2 <unknown>\n#14 0x5612d12001ef <unknown>\n#15 0x5612d12574b8 <unknown>\n#16 0x5612d12576b3 <unknown>\n#17 0x5612d1268074 <unknown>\n#18 0x7f1a83590134 <unknown>","time":{"start":1709859066090,"stop":1709859066738,"duration":648}},{"uid":"941a849e043acc90","reportUrl":"https://Nat754.github.io/StroyremAutomation/239//#testresult/941a849e043acc90","status":"skipped","statusDetails":"XFAIL\n\nselenium.common.exceptions.NoSuchElementException: Message: no such element: Unable to locate element: {\"method\":\"xpath\",\"selector\":\"(//a[@class='add-to-cart yellow-btn'])[1]\"}\n  (Session info: chrome-headless-shell=122.0.6261.94); For documentation on this error, please visit: https://www.selenium.dev/documentation/webdriver/troubleshooting/errors#no-such-element-exception\nStacktrace:\n#0 0x560e8e781e93 <unknown>\n#1 0x560e8e479ce6 <unknown>\n#2 0x560e8e4c4e48 <unknown>\n#3 0x560e8e4c4f01 <unknown>\n#4 0x560e8e5083f4 <unknown>\n#5 0x560e8e4e6edd <unknown>\n#6 0x560e8e505899 <unknown>\n#7 0x560e8e4e6c53 <unknown>\n#8 0x560e8e4b7db3 <unknown>\n#9 0x560e8e4b877e <unknown>\n#10 0x560e8e7477cb <unknown>\n#11 0x560e8e74b7e5 <unknown>\n#12 0x560e8e7350e1 <unknown>\n#13 0x560e8e74c372 <unknown>\n#14 0x560e8e7191bf <unknown>\n#15 0x560e8e770488 <unknown>\n#16 0x560e8e770683 <unknown>\n#17 0x560e8e781044 <unknown>\n#18 0x7f2b5bf9b134 <unknown>","time":{"start":1709772123444,"stop":1709772124000,"duration":556}},{"uid":"55638c05511a553a","reportUrl":"https://Nat754.github.io/StroyremAutomation/238//#testresult/55638c05511a553a","status":"skipped","statusDetails":"XFAIL\n\nselenium.common.exceptions.NoSuchElementException: Message: no such element: Unable to locate element: {\"method\":\"xpath\",\"selector\":\"(//a[@class='add-to-cart yellow-btn'])[1]\"}\n  (Session info: chrome-headless-shell=122.0.6261.94); For documentation on this error, please visit: https://www.selenium.dev/documentation/webdriver/troubleshooting/errors#no-such-element-exception\nStacktrace:\n#0 0x563700697e93 <unknown>\n#1 0x56370038fce6 <unknown>\n#2 0x5637003dae48 <unknown>\n#3 0x5637003daf01 <unknown>\n#4 0x56370041e3f4 <unknown>\n#5 0x5637003fcedd <unknown>\n#6 0x56370041b899 <unknown>\n#7 0x5637003fcc53 <unknown>\n#8 0x5637003cddb3 <unknown>\n#9 0x5637003ce77e <unknown>\n#10 0x56370065d7cb <unknown>\n#11 0x5637006617e5 <unknown>\n#12 0x56370064b0e1 <unknown>\n#13 0x563700662372 <unknown>\n#14 0x56370062f1bf <unknown>\n#15 0x563700686488 <unknown>\n#16 0x563700686683 <unknown>\n#17 0x563700697044 <unknown>\n#18 0x7f940f366134 <unknown>","time":{"start":1709686331358,"stop":1709686331683,"duration":325}},{"uid":"d4012062274a0d72","reportUrl":"https://Nat754.github.io/StroyremAutomation/237//#testresult/d4012062274a0d72","status":"skipped","statusDetails":"XFAIL\n\nselenium.common.exceptions.NoSuchElementException: Message: no such element: Unable to locate element: {\"method\":\"xpath\",\"selector\":\"(//a[@class='add-to-cart yellow-btn'])[1]\"}\n  (Session info: chrome-headless-shell=122.0.6261.94); For documentation on this error, please visit: https://www.selenium.dev/documentation/webdriver/troubleshooting/errors#no-such-element-exception\nStacktrace:\n#0 0x5638937ace93 <unknown>\n#1 0x5638934a4ce6 <unknown>\n#2 0x5638934efe48 <unknown>\n#3 0x5638934eff01 <unknown>\n#4 0x5638935333f4 <unknown>\n#5 0x563893511edd <unknown>\n#6 0x563893530899 <unknown>\n#7 0x563893511c53 <unknown>\n#8 0x5638934e2db3 <unknown>\n#9 0x5638934e377e <unknown>\n#10 0x5638937727cb <unknown>\n#11 0x5638937767e5 <unknown>\n#12 0x5638937600e1 <unknown>\n#13 0x563893777372 <unknown>\n#14 0x5638937441bf <unknown>\n#15 0x56389379b488 <unknown>\n#16 0x56389379b683 <unknown>\n#17 0x5638937ac044 <unknown>\n#18 0x7fae99f15134 <unknown>","time":{"start":1709599909435,"stop":1709599910098,"duration":663}},{"uid":"81f71d0bf94de451","reportUrl":"https://Nat754.github.io/StroyremAutomation/236//#testresult/81f71d0bf94de451","status":"skipped","statusDetails":"XFAIL\n\nselenium.common.exceptions.NoSuchElementException: Message: no such element: Unable to locate element: {\"method\":\"xpath\",\"selector\":\"(//a[@class='add-to-cart yellow-btn'])[1]\"}\n  (Session info: chrome-headless-shell=122.0.6261.94); For documentation on this error, please visit: https://www.selenium.dev/documentation/webdriver/troubleshooting/errors#no-such-element-exception\nStacktrace:\n#0 0x55b9e46cce93 <unknown>\n#1 0x55b9e43c4ce6 <unknown>\n#2 0x55b9e440fe48 <unknown>\n#3 0x55b9e440ff01 <unknown>\n#4 0x55b9e44533f4 <unknown>\n#5 0x55b9e4431edd <unknown>\n#6 0x55b9e4450899 <unknown>\n#7 0x55b9e4431c53 <unknown>\n#8 0x55b9e4402db3 <unknown>\n#9 0x55b9e440377e <unknown>\n#10 0x55b9e46927cb <unknown>\n#11 0x55b9e46967e5 <unknown>\n#12 0x55b9e46800e1 <unknown>\n#13 0x55b9e4697372 <unknown>\n#14 0x55b9e46641bf <unknown>\n#15 0x55b9e46bb488 <unknown>\n#16 0x55b9e46bb683 <unknown>\n#17 0x55b9e46cc044 <unknown>\n#18 0x7f1ff54f4134 <unknown>","time":{"start":1709513612684,"stop":1709513613509,"duration":825}},{"uid":"347b3ea7618b0e7f","reportUrl":"https://Nat754.github.io/StroyremAutomation/235//#testresult/347b3ea7618b0e7f","status":"skipped","statusDetails":"XFAIL\n\nselenium.common.exceptions.NoSuchElementException: Message: no such element: Unable to locate element: {\"method\":\"xpath\",\"selector\":\"(//a[@class='add-to-cart yellow-btn'])[1]\"}\n  (Session info: chrome-headless-shell=122.0.6261.94); For documentation on this error, please visit: https://www.selenium.dev/documentation/webdriver/troubleshooting/errors#no-such-element-exception\nStacktrace:\n#0 0x55e26557de93 <unknown>\n#1 0x55e265275ce6 <unknown>\n#2 0x55e2652c0e48 <unknown>\n#3 0x55e2652c0f01 <unknown>\n#4 0x55e2653043f4 <unknown>\n#5 0x55e2652e2edd <unknown>\n#6 0x55e265301899 <unknown>\n#7 0x55e2652e2c53 <unknown>\n#8 0x55e2652b3db3 <unknown>\n#9 0x55e2652b477e <unknown>\n#10 0x55e2655437cb <unknown>\n#11 0x55e2655477e5 <unknown>\n#12 0x55e2655310e1 <unknown>\n#13 0x55e265548372 <unknown>\n#14 0x55e2655151bf <unknown>\n#15 0x55e26556c488 <unknown>\n#16 0x55e26556c683 <unknown>\n#17 0x55e26557d044 <unknown>\n#18 0x7fd098861134 <unknown>","time":{"start":1709427348289,"stop":1709427348713,"duration":424}},{"uid":"c2df3580133d4d97","reportUrl":"https://Nat754.github.io/StroyremAutomation/234//#testresult/c2df3580133d4d97","status":"skipped","statusDetails":"XFAIL\n\nselenium.common.exceptions.NoSuchElementException: Message: no such element: Unable to locate element: {\"method\":\"xpath\",\"selector\":\"(//a[@class='add-to-cart yellow-btn'])[1]\"}\n  (Session info: chrome-headless-shell=122.0.6261.94); For documentation on this error, please visit: https://www.selenium.dev/documentation/webdriver/troubleshooting/errors#no-such-element-exception\nStacktrace:\n#0 0x55deb0587e93 <unknown>\n#1 0x55deb027fce6 <unknown>\n#2 0x55deb02cae48 <unknown>\n#3 0x55deb02caf01 <unknown>\n#4 0x55deb030e3f4 <unknown>\n#5 0x55deb02ecedd <unknown>\n#6 0x55deb030b899 <unknown>\n#7 0x55deb02ecc53 <unknown>\n#8 0x55deb02bddb3 <unknown>\n#9 0x55deb02be77e <unknown>\n#10 0x55deb054d7cb <unknown>\n#11 0x55deb05517e5 <unknown>\n#12 0x55deb053b0e1 <unknown>\n#13 0x55deb0552372 <unknown>\n#14 0x55deb051f1bf <unknown>\n#15 0x55deb0576488 <unknown>\n#16 0x55deb0576683 <unknown>\n#17 0x55deb0587044 <unknown>\n#18 0x7f3875b92134 <unknown>","time":{"start":1709340605148,"stop":1709340609807,"duration":4659}},{"uid":"e1a4b58348dd0937","reportUrl":"https://Nat754.github.io/StroyremAutomation/233//#testresult/e1a4b58348dd0937","status":"skipped","statusDetails":"XFAIL\n\nselenium.common.exceptions.NoSuchElementException: Message: no such element: Unable to locate element: {\"method\":\"xpath\",\"selector\":\"(//a[@class='add-to-cart yellow-btn'])[1]\"}\n  (Session info: chrome-headless-shell=122.0.6261.94); For documentation on this error, please visit: https://www.selenium.dev/documentation/webdriver/troubleshooting/errors#no-such-element-exception\nStacktrace:\n#0 0x56469827ae93 <unknown>\n#1 0x564697f72ce6 <unknown>\n#2 0x564697fbde48 <unknown>\n#3 0x564697fbdf01 <unknown>\n#4 0x5646980013f4 <unknown>\n#5 0x564697fdfedd <unknown>\n#6 0x564697ffe899 <unknown>\n#7 0x564697fdfc53 <unknown>\n#8 0x564697fb0db3 <unknown>\n#9 0x564697fb177e <unknown>\n#10 0x5646982407cb <unknown>\n#11 0x5646982447e5 <unknown>\n#12 0x56469822e0e1 <unknown>\n#13 0x564698245372 <unknown>\n#14 0x5646982121bf <unknown>\n#15 0x564698269488 <unknown>\n#16 0x564698269683 <unknown>\n#17 0x56469827a044 <unknown>\n#18 0x7fc1bd3a2134 <unknown>","time":{"start":1709254599941,"stop":1709254600567,"duration":626}}]},"tags":["@pytest.mark.xfail","smoke_test"]},"source":"e29b5b044294470e.json","parameterValues":["2480","25","'TD 006'","1990","'products/shtukaturka-gipsovaya-aksolit-m50-30-kg-mashinnogo-naneseniya'","990","'https://sandboxtest.stroyrem-nn.ru/'","1700"]}