{"uid":"8624669859ebc960","name":"test_positive_delivery_green_zone_smoke[TD 007-products/shtukaturka-gipsovaya-aksolit-m50-30-kg-mashinnogo-naneseniya-66-2000-1300-2490-2980-https://sandboxtest.stroyrem-nn.ru/]","fullName":"tests.delivery.test_delivery_calculation.TestDeliveryPageCalculation#test_positive_delivery_green_zone_smoke","historyId":"01706720b82fe343c373f6b78a174407","time":{"start":1694286785182,"stop":1694286786197,"duration":1015},"status":"skipped","statusMessage":"XFAIL\n\nselenium.common.exceptions.NoSuchElementException: Message: no such element: Unable to locate element: {\"method\":\"xpath\",\"selector\":\"(//a[@class='add-to-cart yellow-btn'])[1]\"}\n  (Session info: headless chrome=116.0.5845.96); For documentation on this error, please visit: https://www.selenium.dev/documentation/webdriver/troubleshooting/errors#no-such-element-exception\nStacktrace:\n#0 0x5580fb5cfe23 <unknown>\n#1 0x5580fb2f87a7 <unknown>\n#2 0x5580fb3371d3 <unknown>\n#3 0x5580fb3372c1 <unknown>\n#4 0x5580fb372a04 <unknown>\n#5 0x5580fb35803d <unknown>\n#6 0x5580fb370369 <unknown>\n#7 0x5580fb357de3 <unknown>\n#8 0x5580fb32ba7b <unknown>\n#9 0x5580fb32c81e <unknown>\n#10 0x5580fb591638 <unknown>\n#11 0x5580fb595507 <unknown>\n#12 0x5580fb59fc4c <unknown>\n#13 0x5580fb596136 <unknown>\n#14 0x5580fb5649cf <unknown>\n#15 0x5580fb5b9b98 <unknown>\n#16 0x5580fb5b9d68 <unknown>\n#17 0x5580fb5c8cb3 <unknown>\n#18 0x7f5dc1f3d044 <unknown>","statusTrace":"self = <tests.delivery.test_delivery_calculation.TestDeliveryPageCalculation object at 0x7ff23d8aaf90>\ndriver = <selenium.webdriver.chrome.webdriver.WebDriver (session=\"d7b8c32646d6c3822a1d823b4d84d0b3\")>\nurl = 'https://sandboxtest.stroyrem-nn.ru/', case_id = 'TD 007'\nlink_item = 'products/shtukaturka-gipsovaya-aksolit-m50-30-kg-mashinnogo-naneseniya'\namount = 66, weight = 2000, standard = 1300, in_time = 2490, all_time = 2980\n\n    @pytest.mark.parametrize('case_id, link_item, amount, weight, standard, in_time, all_time', [\n        (\"TD 001\", uroven_3000, 1, 30, 0, 1590, 2190),\n        (\"TD 002\", bundeks_25, 1, 30, 400, 1590, 2190),\n        (\"TD 003\", aksolit_30, 8, 300, 400, 1590, 2190),\n        (\"TD 004\", aksolit_30, 13, 400, 450, 1590, 2190),\n        (\"TD 005\", aksolit_30, 16, 500, 600, 1590, 2190),\n        (\"TD 006\", aksolit_30, 25, 1700, 990, 1990, 2480),\n        (\"TD 007\", aksolit_30, 66, 2000, 1300, 2490, 2980),\n        (\"TD 008\", aksolit_30, 149, 4500, 2300, 3980, 4490),\n        (\"TD 009\", aksolit_30, 166, 5000, 2500, 4990, 5480),\n        pytest.param(\n            \"TD 010\", aksolit_30, 206, 6200, 2900, 5570, 6120,\n            marks=pytest.mark.xfail(reson=\"Цена доставки 3600 7960 8980\")\n        ),\n        (\"TD 011\", aksolit_30, 299, 9000, 3600, 7960, 8980),\n        (\"TD 012\", aksolit_30, 333, 10000, 4450, 11990, 12500),\n        pytest.param(\n            \"TD 013\", aksolit_30, 366, 11000, 4800, 12450, 13480,\n            marks=pytest.mark.xfail(reason=\"Цена стандартной доставки 4450\")\n        ),\n        pytest.param(\n            \"TD 014\", aksolit_30, 666, 20000, 5400, 15600, 17490,\n            marks=pytest.mark.xfail(reason=\"Цена стандартной доставки 4450\")\n        )\n    ])\n    @pytest.mark.xfail\n    @pytest.mark.smoke_test\n    def test_positive_delivery_green_zone_smoke(\n            self, driver, url, case_id, link_item, amount, weight, standard, in_time, all_time\n    ):\n    \n        driver.get(f'{url}{link_item}')\n        item_page = ItemPage(driver)\n>       item_page.add_item_to_cart(amount).click_on_cart()\n\ntests/delivery/test_delivery_calculation.py:50: \n_ _ _ _ _ _ _ _ _ _ _ _ _ _ _ _ _ _ _ _ _ _ _ _ _ _ _ _ _ _ _ _ _ _ _ _ _ _ _ _ \npages/item_page.py:40: in add_item_to_cart\n    self.find_element(self._add_item).click()\nbase/seleniumbase.py:17: in find_element\n    return self.driver.find_element(*locator)\n/usr/local/lib/python3.11/site-packages/selenium/webdriver/remote/webdriver.py:738: in find_element\n    return self.execute(Command.FIND_ELEMENT, {\"using\": by, \"value\": value})[\"value\"]\n/usr/local/lib/python3.11/site-packages/selenium/webdriver/remote/webdriver.py:344: in execute\n    self.error_handler.check_response(response)\n_ _ _ _ _ _ _ _ _ _ _ _ _ _ _ _ _ _ _ _ _ _ _ _ _ _ _ _ _ _ _ _ _ _ _ _ _ _ _ _ \n\nself = <selenium.webdriver.remote.errorhandler.ErrorHandler object at 0x7ff23d5db690>\nresponse = {'status': 404, 'value': '{\"value\":{\"error\":\"no such element\",\"message\":\"no such element: Unable to locate element: {\\...\\\\n#16 0x5580fb5b9d68 \\\\u003Cunknown>\\\\n#17 0x5580fb5c8cb3 \\\\u003Cunknown>\\\\n#18 0x7f5dc1f3d044 \\\\u003Cunknown>\\\\n\"}}'}\n\n    def check_response(self, response: Dict[str, Any]) -> None:\n        \"\"\"Checks that a JSON response from the WebDriver does not have an\n        error.\n    \n        :Args:\n         - response - The JSON response from the WebDriver server as a dictionary\n           object.\n    \n        :Raises: If the response contains an error message.\n        \"\"\"\n        status = response.get(\"status\", None)\n        if not status or status == ErrorCode.SUCCESS:\n            return\n        value = None\n        message = response.get(\"message\", \"\")\n        screen: str = response.get(\"screen\", \"\")\n        stacktrace = None\n        if isinstance(status, int):\n            value_json = response.get(\"value\", None)\n            if value_json and isinstance(value_json, str):\n                import json\n    \n                try:\n                    value = json.loads(value_json)\n                    if len(value) == 1:\n                        value = value[\"value\"]\n                    status = value.get(\"error\", None)\n                    if not status:\n                        status = value.get(\"status\", ErrorCode.UNKNOWN_ERROR)\n                        message = value.get(\"value\") or value.get(\"message\")\n                        if not isinstance(message, str):\n                            value = message\n                            message = message.get(\"message\")\n                    else:\n                        message = value.get(\"message\", None)\n                except ValueError:\n                    pass\n    \n        exception_class: Type[WebDriverException]\n        e = ErrorCode()\n        error_codes = [item for item in dir(e) if not item.startswith(\"__\")]\n        for error_code in error_codes:\n            error_info = getattr(ErrorCode, error_code)\n            if isinstance(error_info, list) and status in error_info:\n                exception_class = getattr(ExceptionMapping, error_code, WebDriverException)\n                break\n        else:\n            exception_class = WebDriverException\n    \n        if not value:\n            value = response[\"value\"]\n        if isinstance(value, str):\n            raise exception_class(value)\n        if message == \"\" and \"message\" in value:\n            message = value[\"message\"]\n    \n        screen = None  # type: ignore[assignment]\n        if \"screen\" in value:\n            screen = value[\"screen\"]\n    \n        stacktrace = None\n        st_value = value.get(\"stackTrace\") or value.get(\"stacktrace\")\n        if st_value:\n            if isinstance(st_value, str):\n                stacktrace = st_value.split(\"\\n\")\n            else:\n                stacktrace = []\n                try:\n                    for frame in st_value:\n                        line = frame.get(\"lineNumber\", \"\")\n                        file = frame.get(\"fileName\", \"<anonymous>\")\n                        if line:\n                            file = f\"{file}:{line}\"\n                        meth = frame.get(\"methodName\", \"<anonymous>\")\n                        if \"className\" in frame:\n                            meth = f\"{frame['className']}.{meth}\"\n                        msg = \"    at %s (%s)\"\n                        msg = msg % (meth, file)\n                        stacktrace.append(msg)\n                except TypeError:\n                    pass\n        if exception_class == UnexpectedAlertPresentException:\n            alert_text = None\n            if \"data\" in value:\n                alert_text = value[\"data\"].get(\"text\")\n            elif \"alert\" in value:\n                alert_text = value[\"alert\"].get(\"text\")\n            raise exception_class(message, screen, stacktrace, alert_text)  # type: ignore[call-arg]  # mypy is not smart enough here\n>       raise exception_class(message, screen, stacktrace)\nE       selenium.common.exceptions.NoSuchElementException: Message: no such element: Unable to locate element: {\"method\":\"xpath\",\"selector\":\"(//a[@class='add-to-cart yellow-btn'])[1]\"}\nE         (Session info: headless chrome=116.0.5845.96); For documentation on this error, please visit: https://www.selenium.dev/documentation/webdriver/troubleshooting/errors#no-such-element-exception\nE       Stacktrace:\nE       #0 0x5580fb5cfe23 <unknown>\nE       #1 0x5580fb2f87a7 <unknown>\nE       #2 0x5580fb3371d3 <unknown>\nE       #3 0x5580fb3372c1 <unknown>\nE       #4 0x5580fb372a04 <unknown>\nE       #5 0x5580fb35803d <unknown>\nE       #6 0x5580fb370369 <unknown>\nE       #7 0x5580fb357de3 <unknown>\nE       #8 0x5580fb32ba7b <unknown>\nE       #9 0x5580fb32c81e <unknown>\nE       #10 0x5580fb591638 <unknown>\nE       #11 0x5580fb595507 <unknown>\nE       #12 0x5580fb59fc4c <unknown>\nE       #13 0x5580fb596136 <unknown>\nE       #14 0x5580fb5649cf <unknown>\nE       #15 0x5580fb5b9b98 <unknown>\nE       #16 0x5580fb5b9d68 <unknown>\nE       #17 0x5580fb5c8cb3 <unknown>\nE       #18 0x7f5dc1f3d044 <unknown>\n\n/usr/local/lib/python3.11/site-packages/selenium/webdriver/remote/errorhandler.py:229: NoSuchElementException","flaky":false,"newFailed":false,"newBroken":false,"newPassed":false,"retriesCount":0,"retriesStatusChange":false,"beforeStages":[{"name":"_session_faker","time":{"start":1694286188619,"stop":1694286188700,"duration":81},"status":"passed","steps":[],"attachments":[],"parameters":[],"shouldDisplayMessage":false,"stepsCount":0,"attachmentsCount":0,"hasContent":false},{"name":"clear_allure_results_folder","time":{"start":1694286188700,"stop":1694286188700,"duration":0},"status":"passed","steps":[],"attachments":[],"parameters":[],"shouldDisplayMessage":false,"stepsCount":0,"attachmentsCount":0,"hasContent":false},{"name":"driver","time":{"start":1694286784364,"stop":1694286785181,"duration":817},"status":"passed","steps":[],"attachments":[],"parameters":[],"shouldDisplayMessage":false,"stepsCount":0,"attachmentsCount":0,"hasContent":false},{"name":"setup","time":{"start":1694286785181,"stop":1694286785181,"duration":0},"status":"passed","steps":[],"attachments":[],"parameters":[],"shouldDisplayMessage":false,"stepsCount":0,"attachmentsCount":0,"hasContent":false}],"testStage":{"status":"skipped","statusMessage":"XFAIL\n\nselenium.common.exceptions.NoSuchElementException: Message: no such element: Unable to locate element: {\"method\":\"xpath\",\"selector\":\"(//a[@class='add-to-cart yellow-btn'])[1]\"}\n  (Session info: headless chrome=116.0.5845.96); For documentation on this error, please visit: https://www.selenium.dev/documentation/webdriver/troubleshooting/errors#no-such-element-exception\nStacktrace:\n#0 0x5580fb5cfe23 <unknown>\n#1 0x5580fb2f87a7 <unknown>\n#2 0x5580fb3371d3 <unknown>\n#3 0x5580fb3372c1 <unknown>\n#4 0x5580fb372a04 <unknown>\n#5 0x5580fb35803d <unknown>\n#6 0x5580fb370369 <unknown>\n#7 0x5580fb357de3 <unknown>\n#8 0x5580fb32ba7b <unknown>\n#9 0x5580fb32c81e <unknown>\n#10 0x5580fb591638 <unknown>\n#11 0x5580fb595507 <unknown>\n#12 0x5580fb59fc4c <unknown>\n#13 0x5580fb596136 <unknown>\n#14 0x5580fb5649cf <unknown>\n#15 0x5580fb5b9b98 <unknown>\n#16 0x5580fb5b9d68 <unknown>\n#17 0x5580fb5c8cb3 <unknown>\n#18 0x7f5dc1f3d044 <unknown>","statusTrace":"self = <tests.delivery.test_delivery_calculation.TestDeliveryPageCalculation object at 0x7ff23d8aaf90>\ndriver = <selenium.webdriver.chrome.webdriver.WebDriver (session=\"d7b8c32646d6c3822a1d823b4d84d0b3\")>\nurl = 'https://sandboxtest.stroyrem-nn.ru/', case_id = 'TD 007'\nlink_item = 'products/shtukaturka-gipsovaya-aksolit-m50-30-kg-mashinnogo-naneseniya'\namount = 66, weight = 2000, standard = 1300, in_time = 2490, all_time = 2980\n\n    @pytest.mark.parametrize('case_id, link_item, amount, weight, standard, in_time, all_time', [\n        (\"TD 001\", uroven_3000, 1, 30, 0, 1590, 2190),\n        (\"TD 002\", bundeks_25, 1, 30, 400, 1590, 2190),\n        (\"TD 003\", aksolit_30, 8, 300, 400, 1590, 2190),\n        (\"TD 004\", aksolit_30, 13, 400, 450, 1590, 2190),\n        (\"TD 005\", aksolit_30, 16, 500, 600, 1590, 2190),\n        (\"TD 006\", aksolit_30, 25, 1700, 990, 1990, 2480),\n        (\"TD 007\", aksolit_30, 66, 2000, 1300, 2490, 2980),\n        (\"TD 008\", aksolit_30, 149, 4500, 2300, 3980, 4490),\n        (\"TD 009\", aksolit_30, 166, 5000, 2500, 4990, 5480),\n        pytest.param(\n            \"TD 010\", aksolit_30, 206, 6200, 2900, 5570, 6120,\n            marks=pytest.mark.xfail(reson=\"Цена доставки 3600 7960 8980\")\n        ),\n        (\"TD 011\", aksolit_30, 299, 9000, 3600, 7960, 8980),\n        (\"TD 012\", aksolit_30, 333, 10000, 4450, 11990, 12500),\n        pytest.param(\n            \"TD 013\", aksolit_30, 366, 11000, 4800, 12450, 13480,\n            marks=pytest.mark.xfail(reason=\"Цена стандартной доставки 4450\")\n        ),\n        pytest.param(\n            \"TD 014\", aksolit_30, 666, 20000, 5400, 15600, 17490,\n            marks=pytest.mark.xfail(reason=\"Цена стандартной доставки 4450\")\n        )\n    ])\n    @pytest.mark.xfail\n    @pytest.mark.smoke_test\n    def test_positive_delivery_green_zone_smoke(\n            self, driver, url, case_id, link_item, amount, weight, standard, in_time, all_time\n    ):\n    \n        driver.get(f'{url}{link_item}')\n        item_page = ItemPage(driver)\n>       item_page.add_item_to_cart(amount).click_on_cart()\n\ntests/delivery/test_delivery_calculation.py:50: \n_ _ _ _ _ _ _ _ _ _ _ _ _ _ _ _ _ _ _ _ _ _ _ _ _ _ _ _ _ _ _ _ _ _ _ _ _ _ _ _ \npages/item_page.py:40: in add_item_to_cart\n    self.find_element(self._add_item).click()\nbase/seleniumbase.py:17: in find_element\n    return self.driver.find_element(*locator)\n/usr/local/lib/python3.11/site-packages/selenium/webdriver/remote/webdriver.py:738: in find_element\n    return self.execute(Command.FIND_ELEMENT, {\"using\": by, \"value\": value})[\"value\"]\n/usr/local/lib/python3.11/site-packages/selenium/webdriver/remote/webdriver.py:344: in execute\n    self.error_handler.check_response(response)\n_ _ _ _ _ _ _ _ _ _ _ _ _ _ _ _ _ _ _ _ _ _ _ _ _ _ _ _ _ _ _ _ _ _ _ _ _ _ _ _ \n\nself = <selenium.webdriver.remote.errorhandler.ErrorHandler object at 0x7ff23d5db690>\nresponse = {'status': 404, 'value': '{\"value\":{\"error\":\"no such element\",\"message\":\"no such element: Unable to locate element: {\\...\\\\n#16 0x5580fb5b9d68 \\\\u003Cunknown>\\\\n#17 0x5580fb5c8cb3 \\\\u003Cunknown>\\\\n#18 0x7f5dc1f3d044 \\\\u003Cunknown>\\\\n\"}}'}\n\n    def check_response(self, response: Dict[str, Any]) -> None:\n        \"\"\"Checks that a JSON response from the WebDriver does not have an\n        error.\n    \n        :Args:\n         - response - The JSON response from the WebDriver server as a dictionary\n           object.\n    \n        :Raises: If the response contains an error message.\n        \"\"\"\n        status = response.get(\"status\", None)\n        if not status or status == ErrorCode.SUCCESS:\n            return\n        value = None\n        message = response.get(\"message\", \"\")\n        screen: str = response.get(\"screen\", \"\")\n        stacktrace = None\n        if isinstance(status, int):\n            value_json = response.get(\"value\", None)\n            if value_json and isinstance(value_json, str):\n                import json\n    \n                try:\n                    value = json.loads(value_json)\n                    if len(value) == 1:\n                        value = value[\"value\"]\n                    status = value.get(\"error\", None)\n                    if not status:\n                        status = value.get(\"status\", ErrorCode.UNKNOWN_ERROR)\n                        message = value.get(\"value\") or value.get(\"message\")\n                        if not isinstance(message, str):\n                            value = message\n                            message = message.get(\"message\")\n                    else:\n                        message = value.get(\"message\", None)\n                except ValueError:\n                    pass\n    \n        exception_class: Type[WebDriverException]\n        e = ErrorCode()\n        error_codes = [item for item in dir(e) if not item.startswith(\"__\")]\n        for error_code in error_codes:\n            error_info = getattr(ErrorCode, error_code)\n            if isinstance(error_info, list) and status in error_info:\n                exception_class = getattr(ExceptionMapping, error_code, WebDriverException)\n                break\n        else:\n            exception_class = WebDriverException\n    \n        if not value:\n            value = response[\"value\"]\n        if isinstance(value, str):\n            raise exception_class(value)\n        if message == \"\" and \"message\" in value:\n            message = value[\"message\"]\n    \n        screen = None  # type: ignore[assignment]\n        if \"screen\" in value:\n            screen = value[\"screen\"]\n    \n        stacktrace = None\n        st_value = value.get(\"stackTrace\") or value.get(\"stacktrace\")\n        if st_value:\n            if isinstance(st_value, str):\n                stacktrace = st_value.split(\"\\n\")\n            else:\n                stacktrace = []\n                try:\n                    for frame in st_value:\n                        line = frame.get(\"lineNumber\", \"\")\n                        file = frame.get(\"fileName\", \"<anonymous>\")\n                        if line:\n                            file = f\"{file}:{line}\"\n                        meth = frame.get(\"methodName\", \"<anonymous>\")\n                        if \"className\" in frame:\n                            meth = f\"{frame['className']}.{meth}\"\n                        msg = \"    at %s (%s)\"\n                        msg = msg % (meth, file)\n                        stacktrace.append(msg)\n                except TypeError:\n                    pass\n        if exception_class == UnexpectedAlertPresentException:\n            alert_text = None\n            if \"data\" in value:\n                alert_text = value[\"data\"].get(\"text\")\n            elif \"alert\" in value:\n                alert_text = value[\"alert\"].get(\"text\")\n            raise exception_class(message, screen, stacktrace, alert_text)  # type: ignore[call-arg]  # mypy is not smart enough here\n>       raise exception_class(message, screen, stacktrace)\nE       selenium.common.exceptions.NoSuchElementException: Message: no such element: Unable to locate element: {\"method\":\"xpath\",\"selector\":\"(//a[@class='add-to-cart yellow-btn'])[1]\"}\nE         (Session info: headless chrome=116.0.5845.96); For documentation on this error, please visit: https://www.selenium.dev/documentation/webdriver/troubleshooting/errors#no-such-element-exception\nE       Stacktrace:\nE       #0 0x5580fb5cfe23 <unknown>\nE       #1 0x5580fb2f87a7 <unknown>\nE       #2 0x5580fb3371d3 <unknown>\nE       #3 0x5580fb3372c1 <unknown>\nE       #4 0x5580fb372a04 <unknown>\nE       #5 0x5580fb35803d <unknown>\nE       #6 0x5580fb370369 <unknown>\nE       #7 0x5580fb357de3 <unknown>\nE       #8 0x5580fb32ba7b <unknown>\nE       #9 0x5580fb32c81e <unknown>\nE       #10 0x5580fb591638 <unknown>\nE       #11 0x5580fb595507 <unknown>\nE       #12 0x5580fb59fc4c <unknown>\nE       #13 0x5580fb596136 <unknown>\nE       #14 0x5580fb5649cf <unknown>\nE       #15 0x5580fb5b9b98 <unknown>\nE       #16 0x5580fb5b9d68 <unknown>\nE       #17 0x5580fb5c8cb3 <unknown>\nE       #18 0x7f5dc1f3d044 <unknown>\n\n/usr/local/lib/python3.11/site-packages/selenium/webdriver/remote/errorhandler.py:229: NoSuchElementException","steps":[{"name":"Добавляем товар в корзину в количестве 66","time":{"start":1694286786178,"stop":1694286786197,"duration":19},"status":"broken","statusMessage":"selenium.common.exceptions.NoSuchElementException: Message: no such element: Unable to locate element: {\"method\":\"xpath\",\"selector\":\"(//a[@class='add-to-cart yellow-btn'])[1]\"}\n  (Session info: headless chrome=116.0.5845.96); For documentation on this error, please visit: https://www.selenium.dev/documentation/webdriver/troubleshooting/errors#no-such-element-exception\nStacktrace:\n#0 0x5580fb5cfe23 <unknown>\n#1 0x5580fb2f87a7 <unknown>\n#2 0x5580fb3371d3 <unknown>\n#3 0x5580fb3372c1 <unknown>\n#4 0x5580fb372a04 <unknown>\n#5 0x5580fb35803d <unknown>\n#6 0x5580fb370369 <unknown>\n#7 0x5580fb357de3 <unknown>\n#8 0x5580fb32ba7b <unknown>\n#9 0x5580fb32c81e <unknown>\n#10 0x5580fb591638 <unknown>\n#11 0x5580fb595507 <unknown>\n#12 0x5580fb59fc4c <unknown>\n#13 0x5580fb596136 <unknown>\n#14 0x5580fb5649cf <unknown>\n#15 0x5580fb5b9b98 <unknown>\n#16 0x5580fb5b9d68 <unknown>\n#17 0x5580fb5c8cb3 <unknown>\n#18 0x7f5dc1f3d044 <unknown>\n\n","statusTrace":"  File \"/usr/local/lib/python3.11/site-packages/allure_commons/_allure.py\", line 192, in impl\n    return func(*a, **kw)\n           ^^^^^^^^^^^^^^\n  File \"/app/pages/item_page.py\", line 40, in add_item_to_cart\n    self.find_element(self._add_item).click()\n    ^^^^^^^^^^^^^^^^^^^^^^^^^^^^^^^^^\n  File \"/app/base/seleniumbase.py\", line 17, in find_element\n    return self.driver.find_element(*locator)\n           ^^^^^^^^^^^^^^^^^^^^^^^^^^^^^^^^^^\n  File \"/usr/local/lib/python3.11/site-packages/selenium/webdriver/remote/webdriver.py\", line 738, in find_element\n    return self.execute(Command.FIND_ELEMENT, {\"using\": by, \"value\": value})[\"value\"]\n           ^^^^^^^^^^^^^^^^^^^^^^^^^^^^^^^^^^^^^^^^^^^^^^^^^^^^^^^^^^^^^^^^^\n  File \"/usr/local/lib/python3.11/site-packages/selenium/webdriver/remote/webdriver.py\", line 344, in execute\n    self.error_handler.check_response(response)\n  File \"/usr/local/lib/python3.11/site-packages/selenium/webdriver/remote/errorhandler.py\", line 229, in check_response\n    raise exception_class(message, screen, stacktrace)\n","steps":[],"attachments":[],"parameters":[{"name":"amount","value":"66"}],"shouldDisplayMessage":true,"stepsCount":0,"attachmentsCount":0,"hasContent":true}],"attachments":[{"uid":"86d02547e5034bc6","name":"Screenshot","source":"86d02547e5034bc6.png","type":"image/png","size":39917},{"uid":"56c369be41a2cc2f","name":"HTML source","source":"56c369be41a2cc2f.html","type":"text/html","size":544}],"parameters":[],"shouldDisplayMessage":true,"stepsCount":1,"attachmentsCount":2,"hasContent":true},"afterStages":[{"name":"setup::0","time":{"start":1694286786339,"stop":1694286786339,"duration":0},"status":"passed","steps":[],"attachments":[],"parameters":[],"shouldDisplayMessage":false,"stepsCount":0,"attachmentsCount":0,"hasContent":false},{"name":"driver::0","time":{"start":1694286786339,"stop":1694286786399,"duration":60},"status":"passed","steps":[],"attachments":[],"parameters":[],"shouldDisplayMessage":false,"stepsCount":0,"attachmentsCount":0,"hasContent":false}],"labels":[{"name":"epic","value":"Delivery Page - calculation"},{"name":"tag","value":"smoke_test"},{"name":"tag","value":"@pytest.mark.xfail"},{"name":"parentSuite","value":"tests.delivery"},{"name":"suite","value":"test_delivery_calculation"},{"name":"subSuite","value":"TestDeliveryPageCalculation"},{"name":"host","value":"58bb641410fe"},{"name":"thread","value":"1-MainThread"},{"name":"framework","value":"pytest"},{"name":"language","value":"cpython3"},{"name":"package","value":"tests.delivery.test_delivery_calculation"},{"name":"resultFormat","value":"allure2"}],"parameters":[{"name":"all_time","value":"2980"},{"name":"amount","value":"66"},{"name":"case_id","value":"'TD 007'"},{"name":"in_time","value":"2490"},{"name":"link_item","value":"'products/shtukaturka-gipsovaya-aksolit-m50-30-kg-mashinnogo-naneseniya'"},{"name":"standard","value":"1300"},{"name":"url","value":"'https://sandboxtest.stroyrem-nn.ru/'"},{"name":"weight","value":"2000"}],"links":[],"hidden":false,"retry":false,"extra":{"severity":"normal","retries":[],"categories":[],"history":{"statistic":{"failed":0,"broken":13,"skipped":4,"passed":0,"unknown":0,"total":17},"items":[{"uid":"1eb14b8d1db34333","reportUrl":"https://Nat754.github.io/StroyremAutomation/54//#testresult/1eb14b8d1db34333","status":"skipped","statusDetails":"XFAIL\n\nselenium.common.exceptions.NoSuchElementException: Message: no such element: Unable to locate element: {\"method\":\"xpath\",\"selector\":\"(//a[@class='add-to-cart yellow-btn'])[1]\"}\n  (Session info: headless chrome=116.0.5845.96); For documentation on this error, please visit: https://www.selenium.dev/documentation/webdriver/troubleshooting/errors#no-such-element-exception\nStacktrace:\n#0 0x562b212dde23 <unknown>\n#1 0x562b210067a7 <unknown>\n#2 0x562b210451d3 <unknown>\n#3 0x562b210452c1 <unknown>\n#4 0x562b21080a04 <unknown>\n#5 0x562b2106603d <unknown>\n#6 0x562b2107e369 <unknown>\n#7 0x562b21065de3 <unknown>\n#8 0x562b21039a7b <unknown>\n#9 0x562b2103a81e <unknown>\n#10 0x562b2129f638 <unknown>\n#11 0x562b212a3507 <unknown>\n#12 0x562b212adc4c <unknown>\n#13 0x562b212a4136 <unknown>\n#14 0x562b212729cf <unknown>\n#15 0x562b212c7b98 <unknown>\n#16 0x562b212c7d68 <unknown>\n#17 0x562b212d6cb3 <unknown>\n#18 0x7f99fb346044 <unknown>","time":{"start":1694220791899,"stop":1694220792461,"duration":562}},{"uid":"96b5dfe65326ef75","reportUrl":"https://Nat754.github.io/StroyremAutomation/4//#testresult/96b5dfe65326ef75","status":"broken","statusDetails":"selenium.common.exceptions.NoSuchElementException: Message: no such element: Unable to locate element: {\"method\":\"xpath\",\"selector\":\"(//a[@class='add-to-cart yellow-btn'])[1]\"}\n  (Session info: headless chrome=116.0.5845.96); For documentation on this error, please visit: https://www.selenium.dev/documentation/webdriver/troubleshooting/errors#no-such-element-exception\nStacktrace:\n#0 0x5560b346ce23 <unknown>\n#1 0x5560b31957a7 <unknown>\n#2 0x5560b31d41d3 <unknown>\n#3 0x5560b31d42c1 <unknown>\n#4 0x5560b320fa04 <unknown>\n#5 0x5560b31f503d <unknown>\n#6 0x5560b320d369 <unknown>\n#7 0x5560b31f4de3 <unknown>\n#8 0x5560b31c8a7b <unknown>\n#9 0x5560b31c981e <unknown>\n#10 0x5560b342e638 <unknown>\n#11 0x5560b3432507 <unknown>\n#12 0x5560b343cc4c <unknown>\n#13 0x5560b3433136 <unknown>\n#14 0x5560b34019cf <unknown>\n#15 0x5560b3456b98 <unknown>\n#16 0x5560b3456d68 <unknown>\n#17 0x5560b3465cb3 <unknown>\n#18 0x7ffb6e619044 <unknown>","time":{"start":1694196635928,"stop":1694196636669,"duration":741}},{"uid":"f2119394119d1cf6","reportUrl":"https://Nat754.github.io/StroyremAutomation/53//#testresult/f2119394119d1cf6","status":"skipped","statusDetails":"XFAIL\n\nselenium.common.exceptions.NoSuchElementException: Message: no such element: Unable to locate element: {\"method\":\"xpath\",\"selector\":\"(//a[@class='add-to-cart yellow-btn'])[1]\"}\n  (Session info: headless chrome=116.0.5845.96); For documentation on this error, please visit: https://www.selenium.dev/documentation/webdriver/troubleshooting/errors#no-such-element-exception\nStacktrace:\n#0 0x55871c09fe23 <unknown>\n#1 0x55871bdc87a7 <unknown>\n#2 0x55871be071d3 <unknown>\n#3 0x55871be072c1 <unknown>\n#4 0x55871be42a04 <unknown>\n#5 0x55871be2803d <unknown>\n#6 0x55871be40369 <unknown>\n#7 0x55871be27de3 <unknown>\n#8 0x55871bdfba7b <unknown>\n#9 0x55871bdfc81e <unknown>\n#10 0x55871c061638 <unknown>\n#11 0x55871c065507 <unknown>\n#12 0x55871c06fc4c <unknown>\n#13 0x55871c066136 <unknown>\n#14 0x55871c0349cf <unknown>\n#15 0x55871c089b98 <unknown>\n#16 0x55871c089d68 <unknown>\n#17 0x55871c098cb3 <unknown>\n#18 0x7f17b8f82044 <unknown>","time":{"start":1694207096328,"stop":1694207096867,"duration":539}},{"uid":"adb959272be5c833","reportUrl":"https://Nat754.github.io/StroyremAutomation/53//#testresult/adb959272be5c833","status":"skipped","statusDetails":"XFAIL\n\nselenium.common.exceptions.NoSuchElementException: Message: no such element: Unable to locate element: {\"method\":\"xpath\",\"selector\":\"(//a[@class='add-to-cart yellow-btn'])[1]\"}\n  (Session info: headless chrome=116.0.5845.96); For documentation on this error, please visit: https://www.selenium.dev/documentation/webdriver/troubleshooting/errors#no-such-element-exception\nStacktrace:\n#0 0x55b0fd0a7e23 <unknown>\n#1 0x55b0fcdd07a7 <unknown>\n#2 0x55b0fce0f1d3 <unknown>\n#3 0x55b0fce0f2c1 <unknown>\n#4 0x55b0fce4aa04 <unknown>\n#5 0x55b0fce3003d <unknown>\n#6 0x55b0fce48369 <unknown>\n#7 0x55b0fce2fde3 <unknown>\n#8 0x55b0fce03a7b <unknown>\n#9 0x55b0fce0481e <unknown>\n#10 0x55b0fd069638 <unknown>\n#11 0x55b0fd06d507 <unknown>\n#12 0x55b0fd077c4c <unknown>\n#13 0x55b0fd06e136 <unknown>\n#14 0x55b0fd03c9cf <unknown>\n#15 0x55b0fd091b98 <unknown>\n#16 0x55b0fd091d68 <unknown>\n#17 0x55b0fd0a0cb3 <unknown>\n#18 0x7ff270442044 <unknown>","time":{"start":1694198932616,"stop":1694198933036,"duration":420}},{"uid":"72c777729800aa63","reportUrl":"https://Nat754.github.io/StroyremAutomation/4//#testresult/72c777729800aa63","status":"broken","statusDetails":"selenium.common.exceptions.NoSuchElementException: Message: no such element: Unable to locate element: {\"method\":\"xpath\",\"selector\":\"(//a[@class='add-to-cart yellow-btn'])[1]\"}\n  (Session info: headless chrome=116.0.5845.96); For documentation on this error, please visit: https://www.selenium.dev/documentation/webdriver/troubleshooting/errors#no-such-element-exception\nStacktrace:\n#0 0x55b4e18c6e23 <unknown>\n#1 0x55b4e15ef7a7 <unknown>\n#2 0x55b4e162e1d3 <unknown>\n#3 0x55b4e162e2c1 <unknown>\n#4 0x55b4e1669a04 <unknown>\n#5 0x55b4e164f03d <unknown>\n#6 0x55b4e1667369 <unknown>\n#7 0x55b4e164ede3 <unknown>\n#8 0x55b4e1622a7b <unknown>\n#9 0x55b4e162381e <unknown>\n#10 0x55b4e1888638 <unknown>\n#11 0x55b4e188c507 <unknown>\n#12 0x55b4e1896c4c <unknown>\n#13 0x55b4e188d136 <unknown>\n#14 0x55b4e185b9cf <unknown>\n#15 0x55b4e18b0b98 <unknown>\n#16 0x55b4e18b0d68 <unknown>\n#17 0x55b4e18bfcb3 <unknown>\n#18 0x7f3d51c69044 <unknown>","time":{"start":1694183570089,"stop":1694183570840,"duration":751}},{"uid":"70f70ffa2e481991","reportUrl":"https://Nat754.github.io/StroyremAutomation/52//#testresult/70f70ffa2e481991","status":"broken","statusDetails":"selenium.common.exceptions.NoSuchElementException: Message: no such element: Unable to locate element: {\"method\":\"xpath\",\"selector\":\"(//a[@class='add-to-cart yellow-btn'])[1]\"}\n  (Session info: headless chrome=116.0.5845.96); For documentation on this error, please visit: https://www.selenium.dev/documentation/webdriver/troubleshooting/errors#no-such-element-exception\nStacktrace:\n#0 0x55b802c37e23 <unknown>\n#1 0x55b8029607a7 <unknown>\n#2 0x55b80299f1d3 <unknown>\n#3 0x55b80299f2c1 <unknown>\n#4 0x55b8029daa04 <unknown>\n#5 0x55b8029c003d <unknown>\n#6 0x55b8029d8369 <unknown>\n#7 0x55b8029bfde3 <unknown>\n#8 0x55b802993a7b <unknown>\n#9 0x55b80299481e <unknown>\n#10 0x55b802bf9638 <unknown>\n#11 0x55b802bfd507 <unknown>\n#12 0x55b802c07c4c <unknown>\n#13 0x55b802bfe136 <unknown>\n#14 0x55b802bcc9cf <unknown>\n#15 0x55b802c21b98 <unknown>\n#16 0x55b802c21d68 <unknown>\n#17 0x55b802c30cb3 <unknown>\n#18 0x7ff7d2c7e044 <unknown>","time":{"start":1694134626822,"stop":1694134627458,"duration":636}},{"uid":"1c22b5e06852067d","reportUrl":"https://Nat754.github.io/StroyremAutomation/51//#testresult/1c22b5e06852067d","status":"broken","statusDetails":"selenium.common.exceptions.NoSuchElementException: Message: no such element: Unable to locate element: {\"method\":\"xpath\",\"selector\":\"(//a[@class='add-to-cart yellow-btn'])[1]\"}\n  (Session info: headless chrome=116.0.5845.96); For documentation on this error, please visit: https://www.selenium.dev/documentation/webdriver/troubleshooting/errors#no-such-element-exception\nStacktrace:\n#0 0x5634a8c6fe23 <unknown>\n#1 0x5634a89987a7 <unknown>\n#2 0x5634a89d71d3 <unknown>\n#3 0x5634a89d72c1 <unknown>\n#4 0x5634a8a12a04 <unknown>\n#5 0x5634a89f803d <unknown>\n#6 0x5634a8a10369 <unknown>\n#7 0x5634a89f7de3 <unknown>\n#8 0x5634a89cba7b <unknown>\n#9 0x5634a89cc81e <unknown>\n#10 0x5634a8c31638 <unknown>\n#11 0x5634a8c35507 <unknown>\n#12 0x5634a8c3fc4c <unknown>\n#13 0x5634a8c36136 <unknown>\n#14 0x5634a8c049cf <unknown>\n#15 0x5634a8c59b98 <unknown>\n#16 0x5634a8c59d68 <unknown>\n#17 0x5634a8c68cb3 <unknown>\n#18 0x7f6582d52044 <unknown>","time":{"start":1694048067355,"stop":1694048068197,"duration":842}},{"uid":"d760de203fe6750e","reportUrl":"https://Nat754.github.io/StroyremAutomation/50//#testresult/d760de203fe6750e","status":"broken","statusDetails":"selenium.common.exceptions.ElementNotInteractableException: Message: element not interactable\n  (Session info: headless chrome=116.0.5845.96)\nStacktrace:\n#0 0x555a42e86e23 <unknown>\n#1 0x555a42baf5f6 <unknown>\n#2 0x555a42be5c5d <unknown>\n#3 0x555a42c0f012 <unknown>\n#4 0x555a42be3fb6 <unknown>\n#5 0x555a42c0f1de <unknown>\n#6 0x555a42c27369 <unknown>\n#7 0x555a42c0ede3 <unknown>\n#8 0x555a42be2a7b <unknown>\n#9 0x555a42be381e <unknown>\n#10 0x555a42e48638 <unknown>\n#11 0x555a42e4c507 <unknown>\n#12 0x555a42e56c4c <unknown>\n#13 0x555a42e4d136 <unknown>\n#14 0x555a42e1b9cf <unknown>\n#15 0x555a42e70b98 <unknown>\n#16 0x555a42e70d68 <unknown>\n#17 0x555a42e7fcb3 <unknown>\n#18 0x7f043e67c044 <unknown>","time":{"start":1693961919957,"stop":1693961926005,"duration":6048}},{"uid":"b7967a4d7337c771","reportUrl":"https://Nat754.github.io/StroyremAutomation/49//#testresult/b7967a4d7337c771","status":"broken","statusDetails":"selenium.common.exceptions.NoSuchElementException: Message: no such element: Unable to locate element: {\"method\":\"xpath\",\"selector\":\"(//a[@class='add-to-cart yellow-btn'])[1]\"}\n  (Session info: headless chrome=116.0.5845.96); For documentation on this error, please visit: https://www.selenium.dev/documentation/webdriver/troubleshooting/errors#no-such-element-exception\nStacktrace:\n#0 0x55af24755e23 <unknown>\n#1 0x55af2447e7a7 <unknown>\n#2 0x55af244bd1d3 <unknown>\n#3 0x55af244bd2c1 <unknown>\n#4 0x55af244f8a04 <unknown>\n#5 0x55af244de03d <unknown>\n#6 0x55af244f6369 <unknown>\n#7 0x55af244ddde3 <unknown>\n#8 0x55af244b1a7b <unknown>\n#9 0x55af244b281e <unknown>\n#10 0x55af24717638 <unknown>\n#11 0x55af2471b507 <unknown>\n#12 0x55af24725c4c <unknown>\n#13 0x55af2471c136 <unknown>\n#14 0x55af246ea9cf <unknown>\n#15 0x55af2473fb98 <unknown>\n#16 0x55af2473fd68 <unknown>\n#17 0x55af2474ecb3 <unknown>\n#18 0x7f31f107f044 <unknown>","time":{"start":1693875239280,"stop":1693875239848,"duration":568}},{"uid":"b62e6c73bfcaa3c0","reportUrl":"https://Nat754.github.io/StroyremAutomation/48//#testresult/b62e6c73bfcaa3c0","status":"broken","statusDetails":"selenium.common.exceptions.ElementNotInteractableException: Message: element not interactable\n  (Session info: headless chrome=116.0.5845.96)\nStacktrace:\n#0 0x555704ca3e23 <unknown>\n#1 0x5557049cc5f6 <unknown>\n#2 0x555704a02c5d <unknown>\n#3 0x555704a2c012 <unknown>\n#4 0x555704a00fb6 <unknown>\n#5 0x555704a2c1de <unknown>\n#6 0x555704a44369 <unknown>\n#7 0x555704a2bde3 <unknown>\n#8 0x5557049ffa7b <unknown>\n#9 0x555704a0081e <unknown>\n#10 0x555704c65638 <unknown>\n#11 0x555704c69507 <unknown>\n#12 0x555704c73c4c <unknown>\n#13 0x555704c6a136 <unknown>\n#14 0x555704c389cf <unknown>\n#15 0x555704c8db98 <unknown>\n#16 0x555704c8dd68 <unknown>\n#17 0x555704c9ccb3 <unknown>\n#18 0x7f1e68fe6044 <unknown>","time":{"start":1693789113591,"stop":1693789119438,"duration":5847}},{"uid":"afc90e1d23a206c8","reportUrl":"https://Nat754.github.io/StroyremAutomation/3//#testresult/afc90e1d23a206c8","status":"broken","statusDetails":"selenium.common.exceptions.ElementNotInteractableException: Message: element not interactable\n  (Session info: headless chrome=116.0.5845.96)\nStacktrace:\n#0 0x55adda19ae23 <unknown>\n#1 0x55add9ec35f6 <unknown>\n#2 0x55add9ef9c5d <unknown>\n#3 0x55add9f23012 <unknown>\n#4 0x55add9ef7fb6 <unknown>\n#5 0x55add9f231de <unknown>\n#6 0x55add9f3b369 <unknown>\n#7 0x55add9f22de3 <unknown>\n#8 0x55add9ef6a7b <unknown>\n#9 0x55add9ef781e <unknown>\n#10 0x55adda15c638 <unknown>\n#11 0x55adda160507 <unknown>\n#12 0x55adda16ac4c <unknown>\n#13 0x55adda161136 <unknown>\n#14 0x55adda12f9cf <unknown>\n#15 0x55adda184b98 <unknown>\n#16 0x55adda184d68 <unknown>\n#17 0x55adda193cb3 <unknown>\n#18 0x7fd84b42f044 <unknown>","time":{"start":1693730138397,"stop":1693730142897,"duration":4500}},{"uid":"459a7783075afd2b","reportUrl":"https://Nat754.github.io/StroyremAutomation/47//#testresult/459a7783075afd2b","status":"broken","statusDetails":"selenium.common.exceptions.ElementNotInteractableException: Message: element not interactable\n  (Session info: headless chrome=116.0.5845.96)\nStacktrace:\n#0 0x55e50d79ce23 <unknown>\n#1 0x55e50d4c55f6 <unknown>\n#2 0x55e50d4fbc5d <unknown>\n#3 0x55e50d525012 <unknown>\n#4 0x55e50d4f9fb6 <unknown>\n#5 0x55e50d5251de <unknown>\n#6 0x55e50d53d369 <unknown>\n#7 0x55e50d524de3 <unknown>\n#8 0x55e50d4f8a7b <unknown>\n#9 0x55e50d4f981e <unknown>\n#10 0x55e50d75e638 <unknown>\n#11 0x55e50d762507 <unknown>\n#12 0x55e50d76cc4c <unknown>\n#13 0x55e50d763136 <unknown>\n#14 0x55e50d7319cf <unknown>\n#15 0x55e50d786b98 <unknown>\n#16 0x55e50d786d68 <unknown>\n#17 0x55e50d795cb3 <unknown>\n#18 0x7feeace97044 <unknown>","time":{"start":1693730615399,"stop":1693730621168,"duration":5769}},{"uid":"d14ae35b96e37955","reportUrl":"https://Nat754.github.io/StroyremAutomation/47//#testresult/d14ae35b96e37955","status":"broken","statusDetails":"selenium.common.exceptions.ElementNotInteractableException: Message: element not interactable\n  (Session info: headless chrome=116.0.5845.96)\nStacktrace:\n#0 0x56095932ce23 <unknown>\n#1 0x5609590555f6 <unknown>\n#2 0x56095908bc5d <unknown>\n#3 0x5609590b5012 <unknown>\n#4 0x560959089fb6 <unknown>\n#5 0x5609590b51de <unknown>\n#6 0x5609590cd369 <unknown>\n#7 0x5609590b4de3 <unknown>\n#8 0x560959088a7b <unknown>\n#9 0x56095908981e <unknown>\n#10 0x5609592ee638 <unknown>\n#11 0x5609592f2507 <unknown>\n#12 0x5609592fcc4c <unknown>\n#13 0x5609592f3136 <unknown>\n#14 0x5609592c19cf <unknown>\n#15 0x560959316b98 <unknown>\n#16 0x560959316d68 <unknown>\n#17 0x560959325cb3 <unknown>\n#18 0x7fc73e3d0044 <unknown>","time":{"start":1693702908794,"stop":1693702915194,"duration":6400}},{"uid":"8f28f11ba23faf60","reportUrl":"https://Nat754.github.io/StroyremAutomation/46//#testresult/8f28f11ba23faf60","status":"broken","statusDetails":"selenium.common.exceptions.WebDriverException: Message: unknown error: net::ERR_CONNECTION_REFUSED\n  (Session info: headless chrome=116.0.5845.96)\nStacktrace:\n#0 0x55a4c2f8ae23 <unknown>\n#1 0x55a4c2cb37a7 <unknown>\n#2 0x55a4c2cab829 <unknown>\n#3 0x55a4c2c9b2c2 <unknown>\n#4 0x55a4c2c9c9fb <unknown>\n#5 0x55a4c2c9b69d <unknown>\n#6 0x55a4c2c9a65c <unknown>\n#7 0x55a4c2c9a5ce <unknown>\n#8 0x55a4c2c9928a <unknown>\n#9 0x55a4c2c996da <unknown>\n#10 0x55a4c2cb5630 <unknown>\n#11 0x55a4c2d2bb15 <unknown>\n#12 0x55a4c2d13012 <unknown>\n#13 0x55a4c2d2b369 <unknown>\n#14 0x55a4c2d12de3 <unknown>\n#15 0x55a4c2ce6a7b <unknown>\n#16 0x55a4c2ce781e <unknown>\n#17 0x55a4c2f4c638 <unknown>\n#18 0x55a4c2f50507 <unknown>\n#19 0x55a4c2f5ac4c <unknown>\n#20 0x55a4c2f51136 <unknown>\n#21 0x55a4c2f1f9cf <unknown>\n#22 0x55a4c2f74b98 <unknown>\n#23 0x55a4c2f74d68 <unknown>\n#24 0x55a4c2f83cb3 <unknown>\n#25 0x7fb9b3dea044 <unknown>","time":{"start":1693616195244,"stop":1693616195492,"duration":248}},{"uid":"e1911cb27f7e2d56","reportUrl":"https://Nat754.github.io/StroyremAutomation/45//#testresult/e1911cb27f7e2d56","status":"broken","statusDetails":"selenium.common.exceptions.WebDriverException: Message: unknown error: net::ERR_CONNECTION_REFUSED\n  (Session info: headless chrome=116.0.5845.96)\nStacktrace:\n#0 0x5609c17a4e23 <unknown>\n#1 0x5609c14cd7a7 <unknown>\n#2 0x5609c14c5829 <unknown>\n#3 0x5609c14b52c2 <unknown>\n#4 0x5609c14b69fb <unknown>\n#5 0x5609c14b569d <unknown>\n#6 0x5609c14b465c <unknown>\n#7 0x5609c14b45ce <unknown>\n#8 0x5609c14b328a <unknown>\n#9 0x5609c14b36da <unknown>\n#10 0x5609c14cf630 <unknown>\n#11 0x5609c1545b15 <unknown>\n#12 0x5609c152d012 <unknown>\n#13 0x5609c1545369 <unknown>\n#14 0x5609c152cde3 <unknown>\n#15 0x5609c1500a7b <unknown>\n#16 0x5609c150181e <unknown>\n#17 0x5609c1766638 <unknown>\n#18 0x5609c176a507 <unknown>\n#19 0x5609c1774c4c <unknown>\n#20 0x5609c176b136 <unknown>\n#21 0x5609c17399cf <unknown>\n#22 0x5609c178eb98 <unknown>\n#23 0x5609c178ed68 <unknown>\n#24 0x5609c179dcb3 <unknown>\n#25 0x7ffb2fa12044 <unknown>","time":{"start":1693530117774,"stop":1693530118007,"duration":233}},{"uid":"8a66b93075bf0f8","reportUrl":"https://Nat754.github.io/StroyremAutomation/2//#testresult/8a66b93075bf0f8","status":"broken","statusDetails":"selenium.common.exceptions.NoSuchElementException: Message: no such element: Unable to locate element: {\"method\":\"xpath\",\"selector\":\"(//a[@class='add-to-cart yellow-btn'])[1]\"}\n  (Session info: headless chrome=116.0.5845.96); For documentation on this error, please visit: https://www.selenium.dev/documentation/webdriver/troubleshooting/errors#no-such-element-exception\nStacktrace:\n#0 0x557463266e23 <unknown>\n#1 0x557462f8f7a7 <unknown>\n#2 0x557462fce1d3 <unknown>\n#3 0x557462fce2c1 <unknown>\n#4 0x557463009a04 <unknown>\n#5 0x557462fef03d <unknown>\n#6 0x557463007369 <unknown>\n#7 0x557462feede3 <unknown>\n#8 0x557462fc2a7b <unknown>\n#9 0x557462fc381e <unknown>\n#10 0x557463228638 <unknown>\n#11 0x55746322c507 <unknown>\n#12 0x557463236c4c <unknown>\n#13 0x55746322d136 <unknown>\n#14 0x5574631fb9cf <unknown>\n#15 0x557463250b98 <unknown>\n#16 0x557463250d68 <unknown>\n#17 0x55746325fcb3 <unknown>\n#18 0x7f8733588044 <unknown>","time":{"start":1693476165013,"stop":1693476165634,"duration":621}}]},"tags":["@pytest.mark.xfail","smoke_test"]},"source":"8624669859ebc960.json","parameterValues":["2980","66","'TD 007'","2490","'products/shtukaturka-gipsovaya-aksolit-m50-30-kg-mashinnogo-naneseniya'","1300","'https://sandboxtest.stroyrem-nn.ru/'","2000"]}