{"uid":"89482608b8f52612","name":"test_positive_delivery_green_zone_smoke[TD 003-products/shtukaturka-gipsovaya-aksolit-m50-30-kg-mashinnogo-naneseniya-8-300-400-1590-2190-https://sandboxtest.stroyrem-nn.ru/]","fullName":"tests.delivery.test_delivery_calculation.TestDeliveryPageCalculation#test_positive_delivery_green_zone_smoke","historyId":"239a587b1da1301f58068db5c0d7b1f1","time":{"start":1719017870905,"stop":1719017871482,"duration":577},"status":"skipped","statusMessage":"XFAIL\n\nselenium.common.exceptions.NoSuchElementException: Message: no such element: Unable to locate element: {\"method\":\"xpath\",\"selector\":\"(//a[@class='add-to-cart yellow-btn'])[1]\"}\n  (Session info: chrome-headless-shell=126.0.6478.63); For documentation on this error, please visit: https://www.selenium.dev/documentation/webdriver/troubleshooting/errors#no-such-element-exception\nStacktrace:\n#0 0x559d5f68569a <unknown>\n#1 0x559d5f3680dc <unknown>\n#2 0x559d5f3b4931 <unknown>\n#3 0x559d5f3b4a21 <unknown>\n#4 0x559d5f3f9234 <unknown>\n#5 0x559d5f3d789d <unknown>\n#6 0x559d5f3f65c3 <unknown>\n#7 0x559d5f3d7613 <unknown>\n#8 0x559d5f3a74f7 <unknown>\n#9 0x559d5f3a7e4e <unknown>\n#10 0x559d5f64b86b <unknown>\n#11 0x559d5f64f911 <unknown>\n#12 0x559d5f63735e <unknown>\n#13 0x559d5f650472 <unknown>\n#14 0x559d5f61bcbf <unknown>\n#15 0x559d5f675098 <unknown>\n#16 0x559d5f675270 <unknown>\n#17 0x559d5f6847cc <unknown>\n#18 0x7f6b202d6134 <unknown>","statusTrace":"self = <tests.delivery.test_delivery_calculation.TestDeliveryPageCalculation object at 0x7f3c13587610>\ndriver = <selenium.webdriver.chrome.webdriver.WebDriver (session=\"b6333936d3c3b517ea45aa4b40d5f397\")>\nurl = 'https://sandboxtest.stroyrem-nn.ru/', case_id = 'TD 003'\nlink_item = 'products/shtukaturka-gipsovaya-aksolit-m50-30-kg-mashinnogo-naneseniya'\namount = 8, weight = 300, standard = 400, in_time = 1590, all_time = 2190\n\n    @pytest.mark.parametrize('case_id, link_item, amount, weight, standard, in_time, all_time', [\n        (\"TD 001\", uroven_3000, 1, 30, 0, 1590, 2190),\n        (\"TD 002\", bundeks_25, 1, 30, 400, 1590, 2190),\n        (\"TD 003\", aksolit_30, 8, 300, 400, 1590, 2190),\n        (\"TD 004\", aksolit_30, 13, 400, 450, 1590, 2190),\n        (\"TD 005\", aksolit_30, 16, 500, 600, 1590, 2190),\n        (\"TD 006\", aksolit_30, 25, 1700, 990, 1990, 2480),\n        (\"TD 007\", aksolit_30, 66, 2000, 1300, 2490, 2980),\n        (\"TD 008\", aksolit_30, 149, 4500, 2300, 3980, 4490),\n        (\"TD 009\", aksolit_30, 166, 5000, 2500, 4990, 5480),\n        pytest.param(\n            \"TD 010\", aksolit_30, 206, 6200, 2900, 5570, 6120,\n            marks=pytest.mark.xfail(reson=\"Цена доставки 3600 7960 8980\")\n        ),\n        (\"TD 011\", aksolit_30, 299, 9000, 3600, 7960, 8980),\n        (\"TD 012\", aksolit_30, 333, 10000, 4450, 11990, 12500),\n        pytest.param(\n            \"TD 013\", aksolit_30, 366, 11000, 4800, 12450, 13480,\n            marks=pytest.mark.xfail(reason=\"Цена стандартной доставки 4450\")\n        ),\n        pytest.param(\n            \"TD 014\", aksolit_30, 666, 20000, 5400, 15600, 17490,\n            marks=pytest.mark.xfail(reason=\"Цена стандартной доставки 4450\")\n        )\n    ])\n    @pytest.mark.xfail\n    @pytest.mark.smoke_test\n    def test_positive_delivery_green_zone_smoke(\n            self, driver, url, case_id, link_item, amount, weight, standard, in_time, all_time\n    ):\n    \n        driver.get(f'{url}{link_item}')\n        item_page = ItemPage(driver)\n>       item_page.add_item_to_cart(amount).click_on_cart()\n\ntests/delivery/test_delivery_calculation.py:50: \n_ _ _ _ _ _ _ _ _ _ _ _ _ _ _ _ _ _ _ _ _ _ _ _ _ _ _ _ _ _ _ _ _ _ _ _ _ _ _ _ \npages/item_page.py:40: in add_item_to_cart\n    self.find_element(self._add_item).click()\nbase/seleniumbase.py:17: in find_element\n    return self.driver.find_element(*locator)\n/usr/local/lib/python3.11/site-packages/selenium/webdriver/remote/webdriver.py:739: in find_element\n    return self.execute(Command.FIND_ELEMENT, {\"using\": by, \"value\": value})[\"value\"]\n/usr/local/lib/python3.11/site-packages/selenium/webdriver/remote/webdriver.py:345: in execute\n    self.error_handler.check_response(response)\n_ _ _ _ _ _ _ _ _ _ _ _ _ _ _ _ _ _ _ _ _ _ _ _ _ _ _ _ _ _ _ _ _ _ _ _ _ _ _ _ \n\nself = <selenium.webdriver.remote.errorhandler.ErrorHandler object at 0x7f3c13b05990>\nresponse = {'status': 404, 'value': '{\"value\":{\"error\":\"no such element\",\"message\":\"no such element: Unable to locate element: {\\...\\\\n#16 0x559d5f675270 \\\\u003Cunknown>\\\\n#17 0x559d5f6847cc \\\\u003Cunknown>\\\\n#18 0x7f6b202d6134 \\\\u003Cunknown>\\\\n\"}}'}\n\n    def check_response(self, response: Dict[str, Any]) -> None:\n        \"\"\"Checks that a JSON response from the WebDriver does not have an\n        error.\n    \n        :Args:\n         - response - The JSON response from the WebDriver server as a dictionary\n           object.\n    \n        :Raises: If the response contains an error message.\n        \"\"\"\n        status = response.get(\"status\", None)\n        if not status or status == ErrorCode.SUCCESS:\n            return\n        value = None\n        message = response.get(\"message\", \"\")\n        screen: str = response.get(\"screen\", \"\")\n        stacktrace = None\n        if isinstance(status, int):\n            value_json = response.get(\"value\", None)\n            if value_json and isinstance(value_json, str):\n                import json\n    \n                try:\n                    value = json.loads(value_json)\n                    if len(value) == 1:\n                        value = value[\"value\"]\n                    status = value.get(\"error\", None)\n                    if not status:\n                        status = value.get(\"status\", ErrorCode.UNKNOWN_ERROR)\n                        message = value.get(\"value\") or value.get(\"message\")\n                        if not isinstance(message, str):\n                            value = message\n                            message = message.get(\"message\")\n                    else:\n                        message = value.get(\"message\", None)\n                except ValueError:\n                    pass\n    \n        exception_class: Type[WebDriverException]\n        e = ErrorCode()\n        error_codes = [item for item in dir(e) if not item.startswith(\"__\")]\n        for error_code in error_codes:\n            error_info = getattr(ErrorCode, error_code)\n            if isinstance(error_info, list) and status in error_info:\n                exception_class = getattr(ExceptionMapping, error_code, WebDriverException)\n                break\n        else:\n            exception_class = WebDriverException\n    \n        if not value:\n            value = response[\"value\"]\n        if isinstance(value, str):\n            raise exception_class(value)\n        if message == \"\" and \"message\" in value:\n            message = value[\"message\"]\n    \n        screen = None  # type: ignore[assignment]\n        if \"screen\" in value:\n            screen = value[\"screen\"]\n    \n        stacktrace = None\n        st_value = value.get(\"stackTrace\") or value.get(\"stacktrace\")\n        if st_value:\n            if isinstance(st_value, str):\n                stacktrace = st_value.split(\"\\n\")\n            else:\n                stacktrace = []\n                try:\n                    for frame in st_value:\n                        line = frame.get(\"lineNumber\", \"\")\n                        file = frame.get(\"fileName\", \"<anonymous>\")\n                        if line:\n                            file = f\"{file}:{line}\"\n                        meth = frame.get(\"methodName\", \"<anonymous>\")\n                        if \"className\" in frame:\n                            meth = f\"{frame['className']}.{meth}\"\n                        msg = \"    at %s (%s)\"\n                        msg = msg % (meth, file)\n                        stacktrace.append(msg)\n                except TypeError:\n                    pass\n        if exception_class == UnexpectedAlertPresentException:\n            alert_text = None\n            if \"data\" in value:\n                alert_text = value[\"data\"].get(\"text\")\n            elif \"alert\" in value:\n                alert_text = value[\"alert\"].get(\"text\")\n            raise exception_class(message, screen, stacktrace, alert_text)  # type: ignore[call-arg]  # mypy is not smart enough here\n>       raise exception_class(message, screen, stacktrace)\nE       selenium.common.exceptions.NoSuchElementException: Message: no such element: Unable to locate element: {\"method\":\"xpath\",\"selector\":\"(//a[@class='add-to-cart yellow-btn'])[1]\"}\nE         (Session info: chrome-headless-shell=126.0.6478.63); For documentation on this error, please visit: https://www.selenium.dev/documentation/webdriver/troubleshooting/errors#no-such-element-exception\nE       Stacktrace:\nE       #0 0x559d5f68569a <unknown>\nE       #1 0x559d5f3680dc <unknown>\nE       #2 0x559d5f3b4931 <unknown>\nE       #3 0x559d5f3b4a21 <unknown>\nE       #4 0x559d5f3f9234 <unknown>\nE       #5 0x559d5f3d789d <unknown>\nE       #6 0x559d5f3f65c3 <unknown>\nE       #7 0x559d5f3d7613 <unknown>\nE       #8 0x559d5f3a74f7 <unknown>\nE       #9 0x559d5f3a7e4e <unknown>\nE       #10 0x559d5f64b86b <unknown>\nE       #11 0x559d5f64f911 <unknown>\nE       #12 0x559d5f63735e <unknown>\nE       #13 0x559d5f650472 <unknown>\nE       #14 0x559d5f61bcbf <unknown>\nE       #15 0x559d5f675098 <unknown>\nE       #16 0x559d5f675270 <unknown>\nE       #17 0x559d5f6847cc <unknown>\nE       #18 0x7f6b202d6134 <unknown>\n\n/usr/local/lib/python3.11/site-packages/selenium/webdriver/remote/errorhandler.py:229: NoSuchElementException","flaky":false,"newFailed":false,"newBroken":false,"newPassed":false,"retriesCount":0,"retriesStatusChange":false,"beforeStages":[{"name":"_session_faker","time":{"start":1719017606907,"stop":1719017606980,"duration":73},"status":"passed","steps":[],"attachments":[],"parameters":[],"shouldDisplayMessage":false,"stepsCount":0,"attachmentsCount":0,"hasContent":false,"attachmentStep":false},{"name":"clear_allure_results_folder","time":{"start":1719017606981,"stop":1719017606981,"duration":0},"status":"passed","steps":[],"attachments":[],"parameters":[],"shouldDisplayMessage":false,"stepsCount":0,"attachmentsCount":0,"hasContent":false,"attachmentStep":false},{"name":"driver","time":{"start":1719017870220,"stop":1719017870904,"duration":684},"status":"passed","steps":[],"attachments":[],"parameters":[],"shouldDisplayMessage":false,"stepsCount":0,"attachmentsCount":0,"hasContent":false,"attachmentStep":false},{"name":"setup","time":{"start":1719017870904,"stop":1719017870904,"duration":0},"status":"passed","steps":[],"attachments":[],"parameters":[],"shouldDisplayMessage":false,"stepsCount":0,"attachmentsCount":0,"hasContent":false,"attachmentStep":false}],"testStage":{"status":"skipped","statusMessage":"XFAIL\n\nselenium.common.exceptions.NoSuchElementException: Message: no such element: Unable to locate element: {\"method\":\"xpath\",\"selector\":\"(//a[@class='add-to-cart yellow-btn'])[1]\"}\n  (Session info: chrome-headless-shell=126.0.6478.63); For documentation on this error, please visit: https://www.selenium.dev/documentation/webdriver/troubleshooting/errors#no-such-element-exception\nStacktrace:\n#0 0x559d5f68569a <unknown>\n#1 0x559d5f3680dc <unknown>\n#2 0x559d5f3b4931 <unknown>\n#3 0x559d5f3b4a21 <unknown>\n#4 0x559d5f3f9234 <unknown>\n#5 0x559d5f3d789d <unknown>\n#6 0x559d5f3f65c3 <unknown>\n#7 0x559d5f3d7613 <unknown>\n#8 0x559d5f3a74f7 <unknown>\n#9 0x559d5f3a7e4e <unknown>\n#10 0x559d5f64b86b <unknown>\n#11 0x559d5f64f911 <unknown>\n#12 0x559d5f63735e <unknown>\n#13 0x559d5f650472 <unknown>\n#14 0x559d5f61bcbf <unknown>\n#15 0x559d5f675098 <unknown>\n#16 0x559d5f675270 <unknown>\n#17 0x559d5f6847cc <unknown>\n#18 0x7f6b202d6134 <unknown>","statusTrace":"self = <tests.delivery.test_delivery_calculation.TestDeliveryPageCalculation object at 0x7f3c13587610>\ndriver = <selenium.webdriver.chrome.webdriver.WebDriver (session=\"b6333936d3c3b517ea45aa4b40d5f397\")>\nurl = 'https://sandboxtest.stroyrem-nn.ru/', case_id = 'TD 003'\nlink_item = 'products/shtukaturka-gipsovaya-aksolit-m50-30-kg-mashinnogo-naneseniya'\namount = 8, weight = 300, standard = 400, in_time = 1590, all_time = 2190\n\n    @pytest.mark.parametrize('case_id, link_item, amount, weight, standard, in_time, all_time', [\n        (\"TD 001\", uroven_3000, 1, 30, 0, 1590, 2190),\n        (\"TD 002\", bundeks_25, 1, 30, 400, 1590, 2190),\n        (\"TD 003\", aksolit_30, 8, 300, 400, 1590, 2190),\n        (\"TD 004\", aksolit_30, 13, 400, 450, 1590, 2190),\n        (\"TD 005\", aksolit_30, 16, 500, 600, 1590, 2190),\n        (\"TD 006\", aksolit_30, 25, 1700, 990, 1990, 2480),\n        (\"TD 007\", aksolit_30, 66, 2000, 1300, 2490, 2980),\n        (\"TD 008\", aksolit_30, 149, 4500, 2300, 3980, 4490),\n        (\"TD 009\", aksolit_30, 166, 5000, 2500, 4990, 5480),\n        pytest.param(\n            \"TD 010\", aksolit_30, 206, 6200, 2900, 5570, 6120,\n            marks=pytest.mark.xfail(reson=\"Цена доставки 3600 7960 8980\")\n        ),\n        (\"TD 011\", aksolit_30, 299, 9000, 3600, 7960, 8980),\n        (\"TD 012\", aksolit_30, 333, 10000, 4450, 11990, 12500),\n        pytest.param(\n            \"TD 013\", aksolit_30, 366, 11000, 4800, 12450, 13480,\n            marks=pytest.mark.xfail(reason=\"Цена стандартной доставки 4450\")\n        ),\n        pytest.param(\n            \"TD 014\", aksolit_30, 666, 20000, 5400, 15600, 17490,\n            marks=pytest.mark.xfail(reason=\"Цена стандартной доставки 4450\")\n        )\n    ])\n    @pytest.mark.xfail\n    @pytest.mark.smoke_test\n    def test_positive_delivery_green_zone_smoke(\n            self, driver, url, case_id, link_item, amount, weight, standard, in_time, all_time\n    ):\n    \n        driver.get(f'{url}{link_item}')\n        item_page = ItemPage(driver)\n>       item_page.add_item_to_cart(amount).click_on_cart()\n\ntests/delivery/test_delivery_calculation.py:50: \n_ _ _ _ _ _ _ _ _ _ _ _ _ _ _ _ _ _ _ _ _ _ _ _ _ _ _ _ _ _ _ _ _ _ _ _ _ _ _ _ \npages/item_page.py:40: in add_item_to_cart\n    self.find_element(self._add_item).click()\nbase/seleniumbase.py:17: in find_element\n    return self.driver.find_element(*locator)\n/usr/local/lib/python3.11/site-packages/selenium/webdriver/remote/webdriver.py:739: in find_element\n    return self.execute(Command.FIND_ELEMENT, {\"using\": by, \"value\": value})[\"value\"]\n/usr/local/lib/python3.11/site-packages/selenium/webdriver/remote/webdriver.py:345: in execute\n    self.error_handler.check_response(response)\n_ _ _ _ _ _ _ _ _ _ _ _ _ _ _ _ _ _ _ _ _ _ _ _ _ _ _ _ _ _ _ _ _ _ _ _ _ _ _ _ \n\nself = <selenium.webdriver.remote.errorhandler.ErrorHandler object at 0x7f3c13b05990>\nresponse = {'status': 404, 'value': '{\"value\":{\"error\":\"no such element\",\"message\":\"no such element: Unable to locate element: {\\...\\\\n#16 0x559d5f675270 \\\\u003Cunknown>\\\\n#17 0x559d5f6847cc \\\\u003Cunknown>\\\\n#18 0x7f6b202d6134 \\\\u003Cunknown>\\\\n\"}}'}\n\n    def check_response(self, response: Dict[str, Any]) -> None:\n        \"\"\"Checks that a JSON response from the WebDriver does not have an\n        error.\n    \n        :Args:\n         - response - The JSON response from the WebDriver server as a dictionary\n           object.\n    \n        :Raises: If the response contains an error message.\n        \"\"\"\n        status = response.get(\"status\", None)\n        if not status or status == ErrorCode.SUCCESS:\n            return\n        value = None\n        message = response.get(\"message\", \"\")\n        screen: str = response.get(\"screen\", \"\")\n        stacktrace = None\n        if isinstance(status, int):\n            value_json = response.get(\"value\", None)\n            if value_json and isinstance(value_json, str):\n                import json\n    \n                try:\n                    value = json.loads(value_json)\n                    if len(value) == 1:\n                        value = value[\"value\"]\n                    status = value.get(\"error\", None)\n                    if not status:\n                        status = value.get(\"status\", ErrorCode.UNKNOWN_ERROR)\n                        message = value.get(\"value\") or value.get(\"message\")\n                        if not isinstance(message, str):\n                            value = message\n                            message = message.get(\"message\")\n                    else:\n                        message = value.get(\"message\", None)\n                except ValueError:\n                    pass\n    \n        exception_class: Type[WebDriverException]\n        e = ErrorCode()\n        error_codes = [item for item in dir(e) if not item.startswith(\"__\")]\n        for error_code in error_codes:\n            error_info = getattr(ErrorCode, error_code)\n            if isinstance(error_info, list) and status in error_info:\n                exception_class = getattr(ExceptionMapping, error_code, WebDriverException)\n                break\n        else:\n            exception_class = WebDriverException\n    \n        if not value:\n            value = response[\"value\"]\n        if isinstance(value, str):\n            raise exception_class(value)\n        if message == \"\" and \"message\" in value:\n            message = value[\"message\"]\n    \n        screen = None  # type: ignore[assignment]\n        if \"screen\" in value:\n            screen = value[\"screen\"]\n    \n        stacktrace = None\n        st_value = value.get(\"stackTrace\") or value.get(\"stacktrace\")\n        if st_value:\n            if isinstance(st_value, str):\n                stacktrace = st_value.split(\"\\n\")\n            else:\n                stacktrace = []\n                try:\n                    for frame in st_value:\n                        line = frame.get(\"lineNumber\", \"\")\n                        file = frame.get(\"fileName\", \"<anonymous>\")\n                        if line:\n                            file = f\"{file}:{line}\"\n                        meth = frame.get(\"methodName\", \"<anonymous>\")\n                        if \"className\" in frame:\n                            meth = f\"{frame['className']}.{meth}\"\n                        msg = \"    at %s (%s)\"\n                        msg = msg % (meth, file)\n                        stacktrace.append(msg)\n                except TypeError:\n                    pass\n        if exception_class == UnexpectedAlertPresentException:\n            alert_text = None\n            if \"data\" in value:\n                alert_text = value[\"data\"].get(\"text\")\n            elif \"alert\" in value:\n                alert_text = value[\"alert\"].get(\"text\")\n            raise exception_class(message, screen, stacktrace, alert_text)  # type: ignore[call-arg]  # mypy is not smart enough here\n>       raise exception_class(message, screen, stacktrace)\nE       selenium.common.exceptions.NoSuchElementException: Message: no such element: Unable to locate element: {\"method\":\"xpath\",\"selector\":\"(//a[@class='add-to-cart yellow-btn'])[1]\"}\nE         (Session info: chrome-headless-shell=126.0.6478.63); For documentation on this error, please visit: https://www.selenium.dev/documentation/webdriver/troubleshooting/errors#no-such-element-exception\nE       Stacktrace:\nE       #0 0x559d5f68569a <unknown>\nE       #1 0x559d5f3680dc <unknown>\nE       #2 0x559d5f3b4931 <unknown>\nE       #3 0x559d5f3b4a21 <unknown>\nE       #4 0x559d5f3f9234 <unknown>\nE       #5 0x559d5f3d789d <unknown>\nE       #6 0x559d5f3f65c3 <unknown>\nE       #7 0x559d5f3d7613 <unknown>\nE       #8 0x559d5f3a74f7 <unknown>\nE       #9 0x559d5f3a7e4e <unknown>\nE       #10 0x559d5f64b86b <unknown>\nE       #11 0x559d5f64f911 <unknown>\nE       #12 0x559d5f63735e <unknown>\nE       #13 0x559d5f650472 <unknown>\nE       #14 0x559d5f61bcbf <unknown>\nE       #15 0x559d5f675098 <unknown>\nE       #16 0x559d5f675270 <unknown>\nE       #17 0x559d5f6847cc <unknown>\nE       #18 0x7f6b202d6134 <unknown>\n\n/usr/local/lib/python3.11/site-packages/selenium/webdriver/remote/errorhandler.py:229: NoSuchElementException","steps":[{"name":"Добавляем товар в корзину в количестве 8","time":{"start":1719017871466,"stop":1719017871482,"duration":16},"status":"broken","statusMessage":"selenium.common.exceptions.NoSuchElementException: Message: no such element: Unable to locate element: {\"method\":\"xpath\",\"selector\":\"(//a[@class='add-to-cart yellow-btn'])[1]\"}\n  (Session info: chrome-headless-shell=126.0.6478.63); For documentation on this error, please visit: https://www.selenium.dev/documentation/webdriver/troubleshooting/errors#no-such-element-exception\nStacktrace:\n#0 0x559d5f68569a <unknown>\n#1 0x559d5f3680dc <unknown>\n#2 0x559d5f3b4931 <unknown>\n#3 0x559d5f3b4a21 <unknown>\n#4 0x559d5f3f9234 <unknown>\n#5 0x559d5f3d789d <unknown>\n#6 0x559d5f3f65c3 <unknown>\n#7 0x559d5f3d7613 <unknown>\n#8 0x559d5f3a74f7 <unknown>\n#9 0x559d5f3a7e4e <unknown>\n#10 0x559d5f64b86b <unknown>\n#11 0x559d5f64f911 <unknown>\n#12 0x559d5f63735e <unknown>\n#13 0x559d5f650472 <unknown>\n#14 0x559d5f61bcbf <unknown>\n#15 0x559d5f675098 <unknown>\n#16 0x559d5f675270 <unknown>\n#17 0x559d5f6847cc <unknown>\n#18 0x7f6b202d6134 <unknown>\n\n","statusTrace":"  File \"/usr/local/lib/python3.11/site-packages/allure_commons/_allure.py\", line 192, in impl\n    return func(*a, **kw)\n           ^^^^^^^^^^^^^^\n  File \"/app/pages/item_page.py\", line 40, in add_item_to_cart\n    self.find_element(self._add_item).click()\n    ^^^^^^^^^^^^^^^^^^^^^^^^^^^^^^^^^\n  File \"/app/base/seleniumbase.py\", line 17, in find_element\n    return self.driver.find_element(*locator)\n           ^^^^^^^^^^^^^^^^^^^^^^^^^^^^^^^^^^\n  File \"/usr/local/lib/python3.11/site-packages/selenium/webdriver/remote/webdriver.py\", line 739, in find_element\n    return self.execute(Command.FIND_ELEMENT, {\"using\": by, \"value\": value})[\"value\"]\n           ^^^^^^^^^^^^^^^^^^^^^^^^^^^^^^^^^^^^^^^^^^^^^^^^^^^^^^^^^^^^^^^^^\n  File \"/usr/local/lib/python3.11/site-packages/selenium/webdriver/remote/webdriver.py\", line 345, in execute\n    self.error_handler.check_response(response)\n  File \"/usr/local/lib/python3.11/site-packages/selenium/webdriver/remote/errorhandler.py\", line 229, in check_response\n    raise exception_class(message, screen, stacktrace)\n","steps":[],"attachments":[],"parameters":[{"name":"amount","value":"8"}],"shouldDisplayMessage":true,"stepsCount":0,"attachmentsCount":0,"hasContent":true,"attachmentStep":false}],"attachments":[{"uid":"586287872322272e","name":"Screenshot","source":"586287872322272e.png","type":"image/png","size":4720},{"uid":"357e452dc23c4b1b","name":"HTML source","source":"357e452dc23c4b1b.html","type":"text/html","size":39}],"parameters":[],"shouldDisplayMessage":true,"stepsCount":1,"attachmentsCount":2,"hasContent":true,"attachmentStep":false},"afterStages":[{"name":"setup::0","time":{"start":1719017871589,"stop":1719017871589,"duration":0},"status":"passed","steps":[],"attachments":[],"parameters":[],"shouldDisplayMessage":false,"stepsCount":0,"attachmentsCount":0,"hasContent":false,"attachmentStep":false},{"name":"driver::0","time":{"start":1719017871589,"stop":1719017871649,"duration":60},"status":"passed","steps":[],"attachments":[],"parameters":[],"shouldDisplayMessage":false,"stepsCount":0,"attachmentsCount":0,"hasContent":false,"attachmentStep":false}],"labels":[{"name":"epic","value":"Delivery Page - calculation"},{"name":"tag","value":"smoke_test"},{"name":"tag","value":"@pytest.mark.xfail"},{"name":"parentSuite","value":"tests.delivery"},{"name":"suite","value":"test_delivery_calculation"},{"name":"subSuite","value":"TestDeliveryPageCalculation"},{"name":"host","value":"01aa3e4c7157"},{"name":"thread","value":"1-MainThread"},{"name":"framework","value":"pytest"},{"name":"language","value":"cpython3"},{"name":"package","value":"tests.delivery.test_delivery_calculation"},{"name":"resultFormat","value":"allure2"}],"parameters":[{"name":"all_time","value":"2190"},{"name":"amount","value":"8"},{"name":"case_id","value":"'TD 003'"},{"name":"in_time","value":"1590"},{"name":"link_item","value":"'products/shtukaturka-gipsovaya-aksolit-m50-30-kg-mashinnogo-naneseniya'"},{"name":"standard","value":"400"},{"name":"url","value":"'https://sandboxtest.stroyrem-nn.ru/'"},{"name":"weight","value":"300"}],"links":[],"hidden":false,"retry":false,"extra":{"severity":"normal","retries":[],"categories":[],"history":{"statistic":{"failed":0,"broken":0,"skipped":24,"passed":0,"unknown":0,"total":24},"items":[{"uid":"1bdbf207a340938","reportUrl":"https://Nat754.github.io/StroyremAutomation/345//#testresult/1bdbf207a340938","status":"skipped","statusDetails":"XFAIL\n\nselenium.common.exceptions.NoSuchElementException: Message: no such element: Unable to locate element: {\"method\":\"xpath\",\"selector\":\"(//a[@class='add-to-cart yellow-btn'])[1]\"}\n  (Session info: chrome-headless-shell=126.0.6478.63); For documentation on this error, please visit: https://www.selenium.dev/documentation/webdriver/troubleshooting/errors#no-such-element-exception\nStacktrace:\n#0 0x5574a3f3169a <unknown>\n#1 0x5574a3c140dc <unknown>\n#2 0x5574a3c60931 <unknown>\n#3 0x5574a3c60a21 <unknown>\n#4 0x5574a3ca5234 <unknown>\n#5 0x5574a3c8389d <unknown>\n#6 0x5574a3ca25c3 <unknown>\n#7 0x5574a3c83613 <unknown>\n#8 0x5574a3c534f7 <unknown>\n#9 0x5574a3c53e4e <unknown>\n#10 0x5574a3ef786b <unknown>\n#11 0x5574a3efb911 <unknown>\n#12 0x5574a3ee335e <unknown>\n#13 0x5574a3efc472 <unknown>\n#14 0x5574a3ec7cbf <unknown>\n#15 0x5574a3f21098 <unknown>\n#16 0x5574a3f21270 <unknown>\n#17 0x5574a3f307cc <unknown>\n#18 0x7f72f0053134 <unknown>","time":{"start":1718931487433,"stop":1718931488079,"duration":646}},{"uid":"5fedc986ae9428b7","reportUrl":"https://Nat754.github.io/StroyremAutomation/344//#testresult/5fedc986ae9428b7","status":"skipped","statusDetails":"XFAIL\n\nselenium.common.exceptions.NoSuchElementException: Message: no such element: Unable to locate element: {\"method\":\"xpath\",\"selector\":\"(//a[@class='add-to-cart yellow-btn'])[1]\"}\n  (Session info: chrome-headless-shell=126.0.6478.62); For documentation on this error, please visit: https://www.selenium.dev/documentation/webdriver/troubleshooting/errors#no-such-element-exception\nStacktrace:\n#0 0x55a3904fb70a <unknown>\n#1 0x55a3901de0dc <unknown>\n#2 0x55a39022a931 <unknown>\n#3 0x55a39022aa21 <unknown>\n#4 0x55a39026f234 <unknown>\n#5 0x55a39024d89d <unknown>\n#6 0x55a39026c5c3 <unknown>\n#7 0x55a39024d613 <unknown>\n#8 0x55a39021d4f7 <unknown>\n#9 0x55a39021de4e <unknown>\n#10 0x55a3904c18db <unknown>\n#11 0x55a3904c5981 <unknown>\n#12 0x55a3904ad3ce <unknown>\n#13 0x55a3904c64e2 <unknown>\n#14 0x55a390491d2f <unknown>\n#15 0x55a3904eb108 <unknown>\n#16 0x55a3904eb2e0 <unknown>\n#17 0x55a3904fa83c <unknown>\n#18 0x7fd28c97a134 <unknown>","time":{"start":1718845028683,"stop":1718845029269,"duration":586}},{"uid":"7f96ce43df840630","reportUrl":"https://Nat754.github.io/StroyremAutomation/343//#testresult/7f96ce43df840630","status":"skipped","statusDetails":"XFAIL\n\nselenium.common.exceptions.NoSuchElementException: Message: no such element: Unable to locate element: {\"method\":\"xpath\",\"selector\":\"(//a[@class='add-to-cart yellow-btn'])[1]\"}\n  (Session info: chrome-headless-shell=126.0.6478.62); For documentation on this error, please visit: https://www.selenium.dev/documentation/webdriver/troubleshooting/errors#no-such-element-exception\nStacktrace:\n#0 0x55e9cb5b270a <unknown>\n#1 0x55e9cb2950dc <unknown>\n#2 0x55e9cb2e1931 <unknown>\n#3 0x55e9cb2e1a21 <unknown>\n#4 0x55e9cb326234 <unknown>\n#5 0x55e9cb30489d <unknown>\n#6 0x55e9cb3235c3 <unknown>\n#7 0x55e9cb304613 <unknown>\n#8 0x55e9cb2d44f7 <unknown>\n#9 0x55e9cb2d4e4e <unknown>\n#10 0x55e9cb5788db <unknown>\n#11 0x55e9cb57c981 <unknown>\n#12 0x55e9cb5643ce <unknown>\n#13 0x55e9cb57d4e2 <unknown>\n#14 0x55e9cb548d2f <unknown>\n#15 0x55e9cb5a2108 <unknown>\n#16 0x55e9cb5a22e0 <unknown>\n#17 0x55e9cb5b183c <unknown>\n#18 0x7f0535b87134 <unknown>","time":{"start":1718758761076,"stop":1718758761549,"duration":473}},{"uid":"f36a554f0184a9db","reportUrl":"https://Nat754.github.io/StroyremAutomation/342//#testresult/f36a554f0184a9db","status":"skipped","statusDetails":"XFAIL\n\nselenium.common.exceptions.NoSuchElementException: Message: no such element: Unable to locate element: {\"method\":\"xpath\",\"selector\":\"(//a[@class='add-to-cart yellow-btn'])[1]\"}\n  (Session info: chrome-headless-shell=126.0.6478.61); For documentation on this error, please visit: https://www.selenium.dev/documentation/webdriver/troubleshooting/errors#no-such-element-exception\nStacktrace:\n#0 0x5640d4f106aa <unknown>\n#1 0x5640d4bf30dc <unknown>\n#2 0x5640d4c3f931 <unknown>\n#3 0x5640d4c3fa21 <unknown>\n#4 0x5640d4c84234 <unknown>\n#5 0x5640d4c6289d <unknown>\n#6 0x5640d4c815c3 <unknown>\n#7 0x5640d4c62613 <unknown>\n#8 0x5640d4c324f7 <unknown>\n#9 0x5640d4c32e4e <unknown>\n#10 0x5640d4ed687b <unknown>\n#11 0x5640d4eda921 <unknown>\n#12 0x5640d4ec236e <unknown>\n#13 0x5640d4edb482 <unknown>\n#14 0x5640d4ea6ccf <unknown>\n#15 0x5640d4f000a8 <unknown>\n#16 0x5640d4f00280 <unknown>\n#17 0x5640d4f0f7dc <unknown>\n#18 0x7f255d5e3134 <unknown>","time":{"start":1718672346884,"stop":1718672347218,"duration":334}},{"uid":"1b165c6c7b499e76","reportUrl":"https://Nat754.github.io/StroyremAutomation/341//#testresult/1b165c6c7b499e76","status":"skipped","statusDetails":"XFAIL\n\nselenium.common.exceptions.NoSuchElementException: Message: no such element: Unable to locate element: {\"method\":\"xpath\",\"selector\":\"(//a[@class='add-to-cart yellow-btn'])[1]\"}\n  (Session info: chrome-headless-shell=126.0.6478.61); For documentation on this error, please visit: https://www.selenium.dev/documentation/webdriver/troubleshooting/errors#no-such-element-exception\nStacktrace:\n#0 0x55e77412c6aa <unknown>\n#1 0x55e773e0f0dc <unknown>\n#2 0x55e773e5b931 <unknown>\n#3 0x55e773e5ba21 <unknown>\n#4 0x55e773ea0234 <unknown>\n#5 0x55e773e7e89d <unknown>\n#6 0x55e773e9d5c3 <unknown>\n#7 0x55e773e7e613 <unknown>\n#8 0x55e773e4e4f7 <unknown>\n#9 0x55e773e4ee4e <unknown>\n#10 0x55e7740f287b <unknown>\n#11 0x55e7740f6921 <unknown>\n#12 0x55e7740de36e <unknown>\n#13 0x55e7740f7482 <unknown>\n#14 0x55e7740c2ccf <unknown>\n#15 0x55e77411c0a8 <unknown>\n#16 0x55e77411c280 <unknown>\n#17 0x55e77412b7dc <unknown>\n#18 0x7f6057f18134 <unknown>","time":{"start":1718586051156,"stop":1718586051792,"duration":636}},{"uid":"dd458f5687cda1d","reportUrl":"https://Nat754.github.io/StroyremAutomation/340//#testresult/dd458f5687cda1d","status":"skipped","statusDetails":"XFAIL\n\nselenium.common.exceptions.NoSuchElementException: Message: no such element: Unable to locate element: {\"method\":\"xpath\",\"selector\":\"(//a[@class='add-to-cart yellow-btn'])[1]\"}\n  (Session info: chrome-headless-shell=126.0.6478.61); For documentation on this error, please visit: https://www.selenium.dev/documentation/webdriver/troubleshooting/errors#no-such-element-exception\nStacktrace:\n#0 0x563099f856aa <unknown>\n#1 0x563099c680dc <unknown>\n#2 0x563099cb4931 <unknown>\n#3 0x563099cb4a21 <unknown>\n#4 0x563099cf9234 <unknown>\n#5 0x563099cd789d <unknown>\n#6 0x563099cf65c3 <unknown>\n#7 0x563099cd7613 <unknown>\n#8 0x563099ca74f7 <unknown>\n#9 0x563099ca7e4e <unknown>\n#10 0x563099f4b87b <unknown>\n#11 0x563099f4f921 <unknown>\n#12 0x563099f3736e <unknown>\n#13 0x563099f50482 <unknown>\n#14 0x563099f1bccf <unknown>\n#15 0x563099f750a8 <unknown>\n#16 0x563099f75280 <unknown>\n#17 0x563099f847dc <unknown>\n#18 0x7f2ca51d9134 <unknown>","time":{"start":1718499759764,"stop":1718499760594,"duration":830}},{"uid":"992fc50a3963d075","reportUrl":"https://Nat754.github.io/StroyremAutomation/339//#testresult/992fc50a3963d075","status":"skipped","statusDetails":"XFAIL\n\nselenium.common.exceptions.NoSuchElementException: Message: no such element: Unable to locate element: {\"method\":\"xpath\",\"selector\":\"(//a[@class='add-to-cart yellow-btn'])[1]\"}\n  (Session info: chrome-headless-shell=126.0.6478.61); For documentation on this error, please visit: https://www.selenium.dev/documentation/webdriver/troubleshooting/errors#no-such-element-exception\nStacktrace:\n#0 0x55b7818b76aa <unknown>\n#1 0x55b78159a0dc <unknown>\n#2 0x55b7815e6931 <unknown>\n#3 0x55b7815e6a21 <unknown>\n#4 0x55b78162b234 <unknown>\n#5 0x55b78160989d <unknown>\n#6 0x55b7816285c3 <unknown>\n#7 0x55b781609613 <unknown>\n#8 0x55b7815d94f7 <unknown>\n#9 0x55b7815d9e4e <unknown>\n#10 0x55b78187d87b <unknown>\n#11 0x55b781881921 <unknown>\n#12 0x55b78186936e <unknown>\n#13 0x55b781882482 <unknown>\n#14 0x55b78184dccf <unknown>\n#15 0x55b7818a70a8 <unknown>\n#16 0x55b7818a7280 <unknown>\n#17 0x55b7818b67dc <unknown>\n#18 0x7fcce1cb7134 <unknown>","time":{"start":1718413146569,"stop":1718413147331,"duration":762}},{"uid":"8ddf1679d66dc60a","reportUrl":"https://Nat754.github.io/StroyremAutomation/338//#testresult/8ddf1679d66dc60a","status":"skipped","statusDetails":"XFAIL\n\nselenium.common.exceptions.NoSuchElementException: Message: no such element: Unable to locate element: {\"method\":\"xpath\",\"selector\":\"(//a[@class='add-to-cart yellow-btn'])[1]\"}\n  (Session info: chrome-headless-shell=126.0.6478.61); For documentation on this error, please visit: https://www.selenium.dev/documentation/webdriver/troubleshooting/errors#no-such-element-exception\nStacktrace:\n#0 0x560b3ee996aa <unknown>\n#1 0x560b3eb7c0dc <unknown>\n#2 0x560b3ebc8931 <unknown>\n#3 0x560b3ebc8a21 <unknown>\n#4 0x560b3ec0d234 <unknown>\n#5 0x560b3ebeb89d <unknown>\n#6 0x560b3ec0a5c3 <unknown>\n#7 0x560b3ebeb613 <unknown>\n#8 0x560b3ebbb4f7 <unknown>\n#9 0x560b3ebbbe4e <unknown>\n#10 0x560b3ee5f87b <unknown>\n#11 0x560b3ee63921 <unknown>\n#12 0x560b3ee4b36e <unknown>\n#13 0x560b3ee64482 <unknown>\n#14 0x560b3ee2fccf <unknown>\n#15 0x560b3ee890a8 <unknown>\n#16 0x560b3ee89280 <unknown>\n#17 0x560b3ee987dc <unknown>\n#18 0x7fe6a12ee134 <unknown>","time":{"start":1718326717831,"stop":1718326718425,"duration":594}},{"uid":"eb4a8c53ba1528da","reportUrl":"https://Nat754.github.io/StroyremAutomation/337//#testresult/eb4a8c53ba1528da","status":"skipped","statusDetails":"XFAIL\n\nselenium.common.exceptions.NoSuchElementException: Message: no such element: Unable to locate element: {\"method\":\"xpath\",\"selector\":\"(//a[@class='add-to-cart yellow-btn'])[1]\"}\n  (Session info: chrome-headless-shell=126.0.6478.55); For documentation on this error, please visit: https://www.selenium.dev/documentation/webdriver/troubleshooting/errors#no-such-element-exception\nStacktrace:\n#0 0x56232a42e6aa <unknown>\n#1 0x56232a1110dc <unknown>\n#2 0x56232a15d931 <unknown>\n#3 0x56232a15da21 <unknown>\n#4 0x56232a1a2234 <unknown>\n#5 0x56232a18089d <unknown>\n#6 0x56232a19f5c3 <unknown>\n#7 0x56232a180613 <unknown>\n#8 0x56232a1504f7 <unknown>\n#9 0x56232a150e4e <unknown>\n#10 0x56232a3f487b <unknown>\n#11 0x56232a3f8921 <unknown>\n#12 0x56232a3e036e <unknown>\n#13 0x56232a3f9482 <unknown>\n#14 0x56232a3c4ccf <unknown>\n#15 0x56232a41e0a8 <unknown>\n#16 0x56232a41e280 <unknown>\n#17 0x56232a42d7dc <unknown>\n#18 0x7fbe89885134 <unknown>","time":{"start":1718240311445,"stop":1718240311853,"duration":408}},{"uid":"16bf25f9a9d1e968","reportUrl":"https://Nat754.github.io/StroyremAutomation/336//#testresult/16bf25f9a9d1e968","status":"skipped","statusDetails":"XFAIL\n\nselenium.common.exceptions.NoSuchElementException: Message: no such element: Unable to locate element: {\"method\":\"xpath\",\"selector\":\"(//a[@class='add-to-cart yellow-btn'])[1]\"}\n  (Session info: chrome-headless-shell=126.0.6478.55); For documentation on this error, please visit: https://www.selenium.dev/documentation/webdriver/troubleshooting/errors#no-such-element-exception\nStacktrace:\n#0 0x5586935dc6aa <unknown>\n#1 0x5586932bf0dc <unknown>\n#2 0x55869330b931 <unknown>\n#3 0x55869330ba21 <unknown>\n#4 0x558693350234 <unknown>\n#5 0x55869332e89d <unknown>\n#6 0x55869334d5c3 <unknown>\n#7 0x55869332e613 <unknown>\n#8 0x5586932fe4f7 <unknown>\n#9 0x5586932fee4e <unknown>\n#10 0x5586935a287b <unknown>\n#11 0x5586935a6921 <unknown>\n#12 0x55869358e36e <unknown>\n#13 0x5586935a7482 <unknown>\n#14 0x558693572ccf <unknown>\n#15 0x5586935cc0a8 <unknown>\n#16 0x5586935cc280 <unknown>\n#17 0x5586935db7dc <unknown>\n#18 0x7f725110d134 <unknown>","time":{"start":1718153958156,"stop":1718153958610,"duration":454}},{"uid":"c2c7e4358b0b1582","reportUrl":"https://Nat754.github.io/StroyremAutomation/335//#testresult/c2c7e4358b0b1582","status":"skipped","statusDetails":"XFAIL\n\nselenium.common.exceptions.NoSuchElementException: Message: no such element: Unable to locate element: {\"method\":\"xpath\",\"selector\":\"(//a[@class='add-to-cart yellow-btn'])[1]\"}\n  (Session info: chrome-headless-shell=125.0.6422.141); For documentation on this error, please visit: https://www.selenium.dev/documentation/webdriver/troubleshooting/errors#no-such-element-exception\nStacktrace:\n#0 0x5609db321e3a <unknown>\n#1 0x5609db00b45c <unknown>\n#2 0x5609db0575b5 <unknown>\n#3 0x5609db057671 <unknown>\n#4 0x5609db09bf14 <unknown>\n#5 0x5609db07a4dd <unknown>\n#6 0x5609db0992cc <unknown>\n#7 0x5609db07a253 <unknown>\n#8 0x5609db04a1c7 <unknown>\n#9 0x5609db04ab3e <unknown>\n#10 0x5609db2e827b <unknown>\n#11 0x5609db2ec327 <unknown>\n#12 0x5609db2d4dae <unknown>\n#13 0x5609db2ecdf2 <unknown>\n#14 0x5609db2b974f <unknown>\n#15 0x5609db311128 <unknown>\n#16 0x5609db3112fb <unknown>\n#17 0x5609db320f6c <unknown>\n#18 0x7f22ec76e134 <unknown>","time":{"start":1718067509528,"stop":1718067509954,"duration":426}},{"uid":"c9f492f95f954d15","reportUrl":"https://Nat754.github.io/StroyremAutomation/334//#testresult/c9f492f95f954d15","status":"skipped","statusDetails":"XFAIL\n\nselenium.common.exceptions.NoSuchElementException: Message: no such element: Unable to locate element: {\"method\":\"xpath\",\"selector\":\"(//a[@class='add-to-cart yellow-btn'])[1]\"}\n  (Session info: chrome-headless-shell=125.0.6422.141); For documentation on this error, please visit: https://www.selenium.dev/documentation/webdriver/troubleshooting/errors#no-such-element-exception\nStacktrace:\n#0 0x5606e3f87e3a <unknown>\n#1 0x5606e3c7145c <unknown>\n#2 0x5606e3cbd5b5 <unknown>\n#3 0x5606e3cbd671 <unknown>\n#4 0x5606e3d01f14 <unknown>\n#5 0x5606e3ce04dd <unknown>\n#6 0x5606e3cff2cc <unknown>\n#7 0x5606e3ce0253 <unknown>\n#8 0x5606e3cb01c7 <unknown>\n#9 0x5606e3cb0b3e <unknown>\n#10 0x5606e3f4e27b <unknown>\n#11 0x5606e3f52327 <unknown>\n#12 0x5606e3f3adae <unknown>\n#13 0x5606e3f52df2 <unknown>\n#14 0x5606e3f1f74f <unknown>\n#15 0x5606e3f77128 <unknown>\n#16 0x5606e3f772fb <unknown>\n#17 0x5606e3f86f6c <unknown>\n#18 0x7f9d733ce134 <unknown>","time":{"start":1717981216681,"stop":1717981217266,"duration":585}},{"uid":"f1fc0c4d8062cc1f","reportUrl":"https://Nat754.github.io/StroyremAutomation/333//#testresult/f1fc0c4d8062cc1f","status":"skipped","statusDetails":"XFAIL\n\nselenium.common.exceptions.NoSuchElementException: Message: no such element: Unable to locate element: {\"method\":\"xpath\",\"selector\":\"(//a[@class='add-to-cart yellow-btn'])[1]\"}\n  (Session info: chrome-headless-shell=125.0.6422.141); For documentation on this error, please visit: https://www.selenium.dev/documentation/webdriver/troubleshooting/errors#no-such-element-exception\nStacktrace:\n#0 0x55fcb6b1de3a <unknown>\n#1 0x55fcb680745c <unknown>\n#2 0x55fcb68535b5 <unknown>\n#3 0x55fcb6853671 <unknown>\n#4 0x55fcb6897f14 <unknown>\n#5 0x55fcb68764dd <unknown>\n#6 0x55fcb68952cc <unknown>\n#7 0x55fcb6876253 <unknown>\n#8 0x55fcb68461c7 <unknown>\n#9 0x55fcb6846b3e <unknown>\n#10 0x55fcb6ae427b <unknown>\n#11 0x55fcb6ae8327 <unknown>\n#12 0x55fcb6ad0dae <unknown>\n#13 0x55fcb6ae8df2 <unknown>\n#14 0x55fcb6ab574f <unknown>\n#15 0x55fcb6b0d128 <unknown>\n#16 0x55fcb6b0d2fb <unknown>\n#17 0x55fcb6b1cf6c <unknown>\n#18 0x7ff94d7f3134 <unknown>","time":{"start":1717894973604,"stop":1717894974171,"duration":567}},{"uid":"b21404ecda0334d2","reportUrl":"https://Nat754.github.io/StroyremAutomation/332//#testresult/b21404ecda0334d2","status":"skipped","statusDetails":"XFAIL\n\nselenium.common.exceptions.NoSuchElementException: Message: no such element: Unable to locate element: {\"method\":\"xpath\",\"selector\":\"(//a[@class='add-to-cart yellow-btn'])[1]\"}\n  (Session info: chrome-headless-shell=125.0.6422.141); For documentation on this error, please visit: https://www.selenium.dev/documentation/webdriver/troubleshooting/errors#no-such-element-exception\nStacktrace:\n#0 0x55f3500fde3a <unknown>\n#1 0x55f34fde745c <unknown>\n#2 0x55f34fe335b5 <unknown>\n#3 0x55f34fe33671 <unknown>\n#4 0x55f34fe77f14 <unknown>\n#5 0x55f34fe564dd <unknown>\n#6 0x55f34fe752cc <unknown>\n#7 0x55f34fe56253 <unknown>\n#8 0x55f34fe261c7 <unknown>\n#9 0x55f34fe26b3e <unknown>\n#10 0x55f3500c427b <unknown>\n#11 0x55f3500c8327 <unknown>\n#12 0x55f3500b0dae <unknown>\n#13 0x55f3500c8df2 <unknown>\n#14 0x55f35009574f <unknown>\n#15 0x55f3500ed128 <unknown>\n#16 0x55f3500ed2fb <unknown>\n#17 0x55f3500fcf6c <unknown>\n#18 0x7f241e21b134 <unknown>","time":{"start":1717808300103,"stop":1717808300726,"duration":623}},{"uid":"d596fd18586ffdf3","reportUrl":"https://Nat754.github.io/StroyremAutomation/331//#testresult/d596fd18586ffdf3","status":"skipped","statusDetails":"XFAIL\n\nselenium.common.exceptions.NoSuchElementException: Message: no such element: Unable to locate element: {\"method\":\"xpath\",\"selector\":\"(//a[@class='add-to-cart yellow-btn'])[1]\"}\n  (Session info: chrome-headless-shell=125.0.6422.141); For documentation on this error, please visit: https://www.selenium.dev/documentation/webdriver/troubleshooting/errors#no-such-element-exception\nStacktrace:\n#0 0x5616e0ffbe3a <unknown>\n#1 0x5616e0ce545c <unknown>\n#2 0x5616e0d315b5 <unknown>\n#3 0x5616e0d31671 <unknown>\n#4 0x5616e0d75f14 <unknown>\n#5 0x5616e0d544dd <unknown>\n#6 0x5616e0d732cc <unknown>\n#7 0x5616e0d54253 <unknown>\n#8 0x5616e0d241c7 <unknown>\n#9 0x5616e0d24b3e <unknown>\n#10 0x5616e0fc227b <unknown>\n#11 0x5616e0fc6327 <unknown>\n#12 0x5616e0faedae <unknown>\n#13 0x5616e0fc6df2 <unknown>\n#14 0x5616e0f9374f <unknown>\n#15 0x5616e0feb128 <unknown>\n#16 0x5616e0feb2fb <unknown>\n#17 0x5616e0ffaf6c <unknown>\n#18 0x7f177bcc8134 <unknown>","time":{"start":1717721978700,"stop":1717721979013,"duration":313}},{"uid":"e1bed74d6814736c","reportUrl":"https://Nat754.github.io/StroyremAutomation/330//#testresult/e1bed74d6814736c","status":"skipped","statusDetails":"XFAIL\n\nselenium.common.exceptions.NoSuchElementException: Message: no such element: Unable to locate element: {\"method\":\"xpath\",\"selector\":\"(//a[@class='add-to-cart yellow-btn'])[1]\"}\n  (Session info: chrome-headless-shell=125.0.6422.141); For documentation on this error, please visit: https://www.selenium.dev/documentation/webdriver/troubleshooting/errors#no-such-element-exception\nStacktrace:\n#0 0x55be33a20e3a <unknown>\n#1 0x55be3370a45c <unknown>\n#2 0x55be337565b5 <unknown>\n#3 0x55be33756671 <unknown>\n#4 0x55be3379af14 <unknown>\n#5 0x55be337794dd <unknown>\n#6 0x55be337982cc <unknown>\n#7 0x55be33779253 <unknown>\n#8 0x55be337491c7 <unknown>\n#9 0x55be33749b3e <unknown>\n#10 0x55be339e727b <unknown>\n#11 0x55be339eb327 <unknown>\n#12 0x55be339d3dae <unknown>\n#13 0x55be339ebdf2 <unknown>\n#14 0x55be339b874f <unknown>\n#15 0x55be33a10128 <unknown>\n#16 0x55be33a102fb <unknown>\n#17 0x55be33a1ff6c <unknown>\n#18 0x7f235888a134 <unknown>","time":{"start":1717635454104,"stop":1717635454449,"duration":345}},{"uid":"28e5091a18ec8a92","reportUrl":"https://Nat754.github.io/StroyremAutomation/329//#testresult/28e5091a18ec8a92","status":"skipped","statusDetails":"XFAIL\n\nselenium.common.exceptions.NoSuchElementException: Message: no such element: Unable to locate element: {\"method\":\"xpath\",\"selector\":\"(//a[@class='add-to-cart yellow-btn'])[1]\"}\n  (Session info: chrome-headless-shell=125.0.6422.141); For documentation on this error, please visit: https://www.selenium.dev/documentation/webdriver/troubleshooting/errors#no-such-element-exception\nStacktrace:\n#0 0x55efe406fe3a <unknown>\n#1 0x55efe3d5945c <unknown>\n#2 0x55efe3da55b5 <unknown>\n#3 0x55efe3da5671 <unknown>\n#4 0x55efe3de9f14 <unknown>\n#5 0x55efe3dc84dd <unknown>\n#6 0x55efe3de72cc <unknown>\n#7 0x55efe3dc8253 <unknown>\n#8 0x55efe3d981c7 <unknown>\n#9 0x55efe3d98b3e <unknown>\n#10 0x55efe403627b <unknown>\n#11 0x55efe403a327 <unknown>\n#12 0x55efe4022dae <unknown>\n#13 0x55efe403adf2 <unknown>\n#14 0x55efe400774f <unknown>\n#15 0x55efe405f128 <unknown>\n#16 0x55efe405f2fb <unknown>\n#17 0x55efe406ef6c <unknown>\n#18 0x7f24defaf134 <unknown>","time":{"start":1717549086236,"stop":1717549086903,"duration":667}},{"uid":"e28be964bab773b7","reportUrl":"https://Nat754.github.io/StroyremAutomation/328//#testresult/e28be964bab773b7","status":"skipped","statusDetails":"XFAIL\n\nselenium.common.exceptions.NoSuchElementException: Message: no such element: Unable to locate element: {\"method\":\"xpath\",\"selector\":\"(//a[@class='add-to-cart yellow-btn'])[1]\"}\n  (Session info: chrome-headless-shell=125.0.6422.141); For documentation on this error, please visit: https://www.selenium.dev/documentation/webdriver/troubleshooting/errors#no-such-element-exception\nStacktrace:\n#0 0x56478c917e3a <unknown>\n#1 0x56478c60145c <unknown>\n#2 0x56478c64d5b5 <unknown>\n#3 0x56478c64d671 <unknown>\n#4 0x56478c691f14 <unknown>\n#5 0x56478c6704dd <unknown>\n#6 0x56478c68f2cc <unknown>\n#7 0x56478c670253 <unknown>\n#8 0x56478c6401c7 <unknown>\n#9 0x56478c640b3e <unknown>\n#10 0x56478c8de27b <unknown>\n#11 0x56478c8e2327 <unknown>\n#12 0x56478c8cadae <unknown>\n#13 0x56478c8e2df2 <unknown>\n#14 0x56478c8af74f <unknown>\n#15 0x56478c907128 <unknown>\n#16 0x56478c9072fb <unknown>\n#17 0x56478c916f6c <unknown>\n#18 0x7fbeccdb7134 <unknown>","time":{"start":1717462689634,"stop":1717462690058,"duration":424}},{"uid":"f5855dea8e058fd3","reportUrl":"https://Nat754.github.io/StroyremAutomation/327//#testresult/f5855dea8e058fd3","status":"skipped","statusDetails":"XFAIL\n\nselenium.common.exceptions.NoSuchElementException: Message: no such element: Unable to locate element: {\"method\":\"xpath\",\"selector\":\"(//a[@class='add-to-cart yellow-btn'])[1]\"}\n  (Session info: chrome-headless-shell=125.0.6422.141); For documentation on this error, please visit: https://www.selenium.dev/documentation/webdriver/troubleshooting/errors#no-such-element-exception\nStacktrace:\n#0 0x559d579ede3a <unknown>\n#1 0x559d576d745c <unknown>\n#2 0x559d577235b5 <unknown>\n#3 0x559d57723671 <unknown>\n#4 0x559d57767f14 <unknown>\n#5 0x559d577464dd <unknown>\n#6 0x559d577652cc <unknown>\n#7 0x559d57746253 <unknown>\n#8 0x559d577161c7 <unknown>\n#9 0x559d57716b3e <unknown>\n#10 0x559d579b427b <unknown>\n#11 0x559d579b8327 <unknown>\n#12 0x559d579a0dae <unknown>\n#13 0x559d579b8df2 <unknown>\n#14 0x559d5798574f <unknown>\n#15 0x559d579dd128 <unknown>\n#16 0x559d579dd2fb <unknown>\n#17 0x559d579ecf6c <unknown>\n#18 0x7f7d8ebbf134 <unknown>","time":{"start":1717376338404,"stop":1717376338847,"duration":443}},{"uid":"6020ce8214a653fd","reportUrl":"https://Nat754.github.io/StroyremAutomation/326//#testresult/6020ce8214a653fd","status":"skipped","statusDetails":"XFAIL\n\nselenium.common.exceptions.NoSuchElementException: Message: no such element: Unable to locate element: {\"method\":\"xpath\",\"selector\":\"(//a[@class='add-to-cart yellow-btn'])[1]\"}\n  (Session info: chrome-headless-shell=125.0.6422.141); For documentation on this error, please visit: https://www.selenium.dev/documentation/webdriver/troubleshooting/errors#no-such-element-exception\nStacktrace:\n#0 0x5570c6e7de3a <unknown>\n#1 0x5570c6b6745c <unknown>\n#2 0x5570c6bb35b5 <unknown>\n#3 0x5570c6bb3671 <unknown>\n#4 0x5570c6bf7f14 <unknown>\n#5 0x5570c6bd64dd <unknown>\n#6 0x5570c6bf52cc <unknown>\n#7 0x5570c6bd6253 <unknown>\n#8 0x5570c6ba61c7 <unknown>\n#9 0x5570c6ba6b3e <unknown>\n#10 0x5570c6e4427b <unknown>\n#11 0x5570c6e48327 <unknown>\n#12 0x5570c6e30dae <unknown>\n#13 0x5570c6e48df2 <unknown>\n#14 0x5570c6e1574f <unknown>\n#15 0x5570c6e6d128 <unknown>\n#16 0x5570c6e6d2fb <unknown>\n#17 0x5570c6e7cf6c <unknown>\n#18 0x7f84bac18134 <unknown>","time":{"start":1717290080148,"stop":1717290080780,"duration":632}}]},"tags":["@pytest.mark.xfail","smoke_test"]},"source":"89482608b8f52612.json","parameterValues":["2190","8","'TD 003'","1590","'products/shtukaturka-gipsovaya-aksolit-m50-30-kg-mashinnogo-naneseniya'","400","'https://sandboxtest.stroyrem-nn.ru/'","300"]}