{"uid":"ebcfb56033655909","name":"test_positive_delivery_green_zone_smoke[TD 013-products/shtukaturka-gipsovaya-aksolit-m50-30-kg-mashinnogo-naneseniya-366-11000-4800-12450-13480-https://sandboxtest.stroyrem-nn.ru/]","fullName":"tests.delivery.test_delivery_calculation.TestDeliveryPageCalculation#test_positive_delivery_green_zone_smoke","historyId":"138a96f7f81216afdff8252a6c5795ca","time":{"start":1698541022274,"stop":1698541026531,"duration":4257},"status":"skipped","statusMessage":"XFAIL\n\nselenium.common.exceptions.NoSuchElementException: Message: no such element: Unable to locate element: {\"method\":\"xpath\",\"selector\":\"//input[@class='amount']\"}\n  (Session info: headless chrome=118.0.5993.70); For documentation on this error, please visit: https://www.selenium.dev/documentation/webdriver/troubleshooting/errors#no-such-element-exception\nStacktrace:\n#0 0x558a60dccfb3 <unknown>\n#1 0x558a60aa04a7 <unknown>\n#2 0x558a60ae7dd6 <unknown>\n#3 0x558a60ae7ec1 <unknown>\n#4 0x558a60b25354 <unknown>\n#5 0x558a60b0996d <unknown>\n#6 0x558a60b22c02 <unknown>\n#7 0x558a60b09713 <unknown>\n#8 0x558a60adc18b <unknown>\n#9 0x558a60adcf7e <unknown>\n#10 0x558a60d928d8 <unknown>\n#11 0x558a60d96800 <unknown>\n#12 0x558a60da0cfc <unknown>\n#13 0x558a60d97418 <unknown>\n#14 0x558a60d6442f <unknown>\n#15 0x558a60dbb4e8 <unknown>\n#16 0x558a60dbb6b4 <unknown>\n#17 0x558a60dcc143 <unknown>\n#18 0x7f7beb32e044 <unknown>","statusTrace":"self = <tests.delivery.test_delivery_calculation.TestDeliveryPageCalculation object at 0x7f125811cdd0>\ndriver = <selenium.webdriver.chrome.webdriver.WebDriver (session=\"f6be40fc2000d20632f6e8d2999dc709\")>\nurl = 'https://sandboxtest.stroyrem-nn.ru/', case_id = 'TD 013'\nlink_item = 'products/shtukaturka-gipsovaya-aksolit-m50-30-kg-mashinnogo-naneseniya'\namount = 366, weight = 11000, standard = 4800, in_time = 12450, all_time = 13480\n\n    @pytest.mark.parametrize('case_id, link_item, amount, weight, standard, in_time, all_time', [\n        (\"TD 001\", uroven_3000, 1, 30, 0, 1590, 2190),\n        (\"TD 002\", bundeks_25, 1, 30, 400, 1590, 2190),\n        (\"TD 003\", aksolit_30, 8, 300, 400, 1590, 2190),\n        (\"TD 004\", aksolit_30, 13, 400, 450, 1590, 2190),\n        (\"TD 005\", aksolit_30, 16, 500, 600, 1590, 2190),\n        (\"TD 006\", aksolit_30, 25, 1700, 990, 1990, 2480),\n        (\"TD 007\", aksolit_30, 66, 2000, 1300, 2490, 2980),\n        (\"TD 008\", aksolit_30, 149, 4500, 2300, 3980, 4490),\n        (\"TD 009\", aksolit_30, 166, 5000, 2500, 4990, 5480),\n        pytest.param(\n            \"TD 010\", aksolit_30, 206, 6200, 2900, 5570, 6120,\n            marks=pytest.mark.xfail(reson=\"Цена доставки 3600 7960 8980\")\n        ),\n        (\"TD 011\", aksolit_30, 299, 9000, 3600, 7960, 8980),\n        (\"TD 012\", aksolit_30, 333, 10000, 4450, 11990, 12500),\n        pytest.param(\n            \"TD 013\", aksolit_30, 366, 11000, 4800, 12450, 13480,\n            marks=pytest.mark.xfail(reason=\"Цена стандартной доставки 4450\")\n        ),\n        pytest.param(\n            \"TD 014\", aksolit_30, 666, 20000, 5400, 15600, 17490,\n            marks=pytest.mark.xfail(reason=\"Цена стандартной доставки 4450\")\n        )\n    ])\n    @pytest.mark.xfail\n    @pytest.mark.smoke_test\n    def test_positive_delivery_green_zone_smoke(\n            self, driver, url, case_id, link_item, amount, weight, standard, in_time, all_time\n    ):\n    \n        driver.get(f'{url}{link_item}')\n        item_page = ItemPage(driver)\n>       item_page.add_item_to_cart(amount).click_on_cart()\n\ntests/delivery/test_delivery_calculation.py:50: \n_ _ _ _ _ _ _ _ _ _ _ _ _ _ _ _ _ _ _ _ _ _ _ _ _ _ _ _ _ _ _ _ _ _ _ _ _ _ _ _ \npages/item_page.py:41: in add_item_to_cart\n    amount_field = self.find_element(self._item_amount)\nbase/seleniumbase.py:17: in find_element\n    return self.driver.find_element(*locator)\n/usr/local/lib/python3.11/site-packages/selenium/webdriver/remote/webdriver.py:739: in find_element\n    return self.execute(Command.FIND_ELEMENT, {\"using\": by, \"value\": value})[\"value\"]\n/usr/local/lib/python3.11/site-packages/selenium/webdriver/remote/webdriver.py:345: in execute\n    self.error_handler.check_response(response)\n_ _ _ _ _ _ _ _ _ _ _ _ _ _ _ _ _ _ _ _ _ _ _ _ _ _ _ _ _ _ _ _ _ _ _ _ _ _ _ _ \n\nself = <selenium.webdriver.remote.errorhandler.ErrorHandler object at 0x7f1256f93850>\nresponse = {'status': 404, 'value': '{\"value\":{\"error\":\"no such element\",\"message\":\"no such element: Unable to locate element: {\\...\\\\n#16 0x558a60dbb6b4 \\\\u003Cunknown>\\\\n#17 0x558a60dcc143 \\\\u003Cunknown>\\\\n#18 0x7f7beb32e044 \\\\u003Cunknown>\\\\n\"}}'}\n\n    def check_response(self, response: Dict[str, Any]) -> None:\n        \"\"\"Checks that a JSON response from the WebDriver does not have an\n        error.\n    \n        :Args:\n         - response - The JSON response from the WebDriver server as a dictionary\n           object.\n    \n        :Raises: If the response contains an error message.\n        \"\"\"\n        status = response.get(\"status\", None)\n        if not status or status == ErrorCode.SUCCESS:\n            return\n        value = None\n        message = response.get(\"message\", \"\")\n        screen: str = response.get(\"screen\", \"\")\n        stacktrace = None\n        if isinstance(status, int):\n            value_json = response.get(\"value\", None)\n            if value_json and isinstance(value_json, str):\n                import json\n    \n                try:\n                    value = json.loads(value_json)\n                    if len(value) == 1:\n                        value = value[\"value\"]\n                    status = value.get(\"error\", None)\n                    if not status:\n                        status = value.get(\"status\", ErrorCode.UNKNOWN_ERROR)\n                        message = value.get(\"value\") or value.get(\"message\")\n                        if not isinstance(message, str):\n                            value = message\n                            message = message.get(\"message\")\n                    else:\n                        message = value.get(\"message\", None)\n                except ValueError:\n                    pass\n    \n        exception_class: Type[WebDriverException]\n        e = ErrorCode()\n        error_codes = [item for item in dir(e) if not item.startswith(\"__\")]\n        for error_code in error_codes:\n            error_info = getattr(ErrorCode, error_code)\n            if isinstance(error_info, list) and status in error_info:\n                exception_class = getattr(ExceptionMapping, error_code, WebDriverException)\n                break\n        else:\n            exception_class = WebDriverException\n    \n        if not value:\n            value = response[\"value\"]\n        if isinstance(value, str):\n            raise exception_class(value)\n        if message == \"\" and \"message\" in value:\n            message = value[\"message\"]\n    \n        screen = None  # type: ignore[assignment]\n        if \"screen\" in value:\n            screen = value[\"screen\"]\n    \n        stacktrace = None\n        st_value = value.get(\"stackTrace\") or value.get(\"stacktrace\")\n        if st_value:\n            if isinstance(st_value, str):\n                stacktrace = st_value.split(\"\\n\")\n            else:\n                stacktrace = []\n                try:\n                    for frame in st_value:\n                        line = frame.get(\"lineNumber\", \"\")\n                        file = frame.get(\"fileName\", \"<anonymous>\")\n                        if line:\n                            file = f\"{file}:{line}\"\n                        meth = frame.get(\"methodName\", \"<anonymous>\")\n                        if \"className\" in frame:\n                            meth = f\"{frame['className']}.{meth}\"\n                        msg = \"    at %s (%s)\"\n                        msg = msg % (meth, file)\n                        stacktrace.append(msg)\n                except TypeError:\n                    pass\n        if exception_class == UnexpectedAlertPresentException:\n            alert_text = None\n            if \"data\" in value:\n                alert_text = value[\"data\"].get(\"text\")\n            elif \"alert\" in value:\n                alert_text = value[\"alert\"].get(\"text\")\n            raise exception_class(message, screen, stacktrace, alert_text)  # type: ignore[call-arg]  # mypy is not smart enough here\n>       raise exception_class(message, screen, stacktrace)\nE       selenium.common.exceptions.NoSuchElementException: Message: no such element: Unable to locate element: {\"method\":\"xpath\",\"selector\":\"//input[@class='amount']\"}\nE         (Session info: headless chrome=118.0.5993.70); For documentation on this error, please visit: https://www.selenium.dev/documentation/webdriver/troubleshooting/errors#no-such-element-exception\nE       Stacktrace:\nE       #0 0x558a60dccfb3 <unknown>\nE       #1 0x558a60aa04a7 <unknown>\nE       #2 0x558a60ae7dd6 <unknown>\nE       #3 0x558a60ae7ec1 <unknown>\nE       #4 0x558a60b25354 <unknown>\nE       #5 0x558a60b0996d <unknown>\nE       #6 0x558a60b22c02 <unknown>\nE       #7 0x558a60b09713 <unknown>\nE       #8 0x558a60adc18b <unknown>\nE       #9 0x558a60adcf7e <unknown>\nE       #10 0x558a60d928d8 <unknown>\nE       #11 0x558a60d96800 <unknown>\nE       #12 0x558a60da0cfc <unknown>\nE       #13 0x558a60d97418 <unknown>\nE       #14 0x558a60d6442f <unknown>\nE       #15 0x558a60dbb4e8 <unknown>\nE       #16 0x558a60dbb6b4 <unknown>\nE       #17 0x558a60dcc143 <unknown>\nE       #18 0x7f7beb32e044 <unknown>\n\n/usr/local/lib/python3.11/site-packages/selenium/webdriver/remote/errorhandler.py:229: NoSuchElementException","flaky":false,"newFailed":false,"newBroken":false,"newPassed":false,"retriesCount":0,"retriesStatusChange":false,"beforeStages":[{"name":"_session_faker","time":{"start":1698540685809,"stop":1698540685898,"duration":89},"status":"passed","steps":[],"attachments":[],"parameters":[],"shouldDisplayMessage":false,"stepsCount":0,"attachmentsCount":0,"hasContent":false},{"name":"clear_allure_results_folder","time":{"start":1698540685899,"stop":1698540685899,"duration":0},"status":"passed","steps":[],"attachments":[],"parameters":[],"shouldDisplayMessage":false,"stepsCount":0,"attachmentsCount":0,"hasContent":false},{"name":"driver","time":{"start":1698541021430,"stop":1698541022272,"duration":842},"status":"passed","steps":[],"attachments":[],"parameters":[],"shouldDisplayMessage":false,"stepsCount":0,"attachmentsCount":0,"hasContent":false},{"name":"setup","time":{"start":1698541022273,"stop":1698541022273,"duration":0},"status":"passed","steps":[],"attachments":[],"parameters":[],"shouldDisplayMessage":false,"stepsCount":0,"attachmentsCount":0,"hasContent":false}],"testStage":{"status":"skipped","statusMessage":"XFAIL\n\nselenium.common.exceptions.NoSuchElementException: Message: no such element: Unable to locate element: {\"method\":\"xpath\",\"selector\":\"//input[@class='amount']\"}\n  (Session info: headless chrome=118.0.5993.70); For documentation on this error, please visit: https://www.selenium.dev/documentation/webdriver/troubleshooting/errors#no-such-element-exception\nStacktrace:\n#0 0x558a60dccfb3 <unknown>\n#1 0x558a60aa04a7 <unknown>\n#2 0x558a60ae7dd6 <unknown>\n#3 0x558a60ae7ec1 <unknown>\n#4 0x558a60b25354 <unknown>\n#5 0x558a60b0996d <unknown>\n#6 0x558a60b22c02 <unknown>\n#7 0x558a60b09713 <unknown>\n#8 0x558a60adc18b <unknown>\n#9 0x558a60adcf7e <unknown>\n#10 0x558a60d928d8 <unknown>\n#11 0x558a60d96800 <unknown>\n#12 0x558a60da0cfc <unknown>\n#13 0x558a60d97418 <unknown>\n#14 0x558a60d6442f <unknown>\n#15 0x558a60dbb4e8 <unknown>\n#16 0x558a60dbb6b4 <unknown>\n#17 0x558a60dcc143 <unknown>\n#18 0x7f7beb32e044 <unknown>","statusTrace":"self = <tests.delivery.test_delivery_calculation.TestDeliveryPageCalculation object at 0x7f125811cdd0>\ndriver = <selenium.webdriver.chrome.webdriver.WebDriver (session=\"f6be40fc2000d20632f6e8d2999dc709\")>\nurl = 'https://sandboxtest.stroyrem-nn.ru/', case_id = 'TD 013'\nlink_item = 'products/shtukaturka-gipsovaya-aksolit-m50-30-kg-mashinnogo-naneseniya'\namount = 366, weight = 11000, standard = 4800, in_time = 12450, all_time = 13480\n\n    @pytest.mark.parametrize('case_id, link_item, amount, weight, standard, in_time, all_time', [\n        (\"TD 001\", uroven_3000, 1, 30, 0, 1590, 2190),\n        (\"TD 002\", bundeks_25, 1, 30, 400, 1590, 2190),\n        (\"TD 003\", aksolit_30, 8, 300, 400, 1590, 2190),\n        (\"TD 004\", aksolit_30, 13, 400, 450, 1590, 2190),\n        (\"TD 005\", aksolit_30, 16, 500, 600, 1590, 2190),\n        (\"TD 006\", aksolit_30, 25, 1700, 990, 1990, 2480),\n        (\"TD 007\", aksolit_30, 66, 2000, 1300, 2490, 2980),\n        (\"TD 008\", aksolit_30, 149, 4500, 2300, 3980, 4490),\n        (\"TD 009\", aksolit_30, 166, 5000, 2500, 4990, 5480),\n        pytest.param(\n            \"TD 010\", aksolit_30, 206, 6200, 2900, 5570, 6120,\n            marks=pytest.mark.xfail(reson=\"Цена доставки 3600 7960 8980\")\n        ),\n        (\"TD 011\", aksolit_30, 299, 9000, 3600, 7960, 8980),\n        (\"TD 012\", aksolit_30, 333, 10000, 4450, 11990, 12500),\n        pytest.param(\n            \"TD 013\", aksolit_30, 366, 11000, 4800, 12450, 13480,\n            marks=pytest.mark.xfail(reason=\"Цена стандартной доставки 4450\")\n        ),\n        pytest.param(\n            \"TD 014\", aksolit_30, 666, 20000, 5400, 15600, 17490,\n            marks=pytest.mark.xfail(reason=\"Цена стандартной доставки 4450\")\n        )\n    ])\n    @pytest.mark.xfail\n    @pytest.mark.smoke_test\n    def test_positive_delivery_green_zone_smoke(\n            self, driver, url, case_id, link_item, amount, weight, standard, in_time, all_time\n    ):\n    \n        driver.get(f'{url}{link_item}')\n        item_page = ItemPage(driver)\n>       item_page.add_item_to_cart(amount).click_on_cart()\n\ntests/delivery/test_delivery_calculation.py:50: \n_ _ _ _ _ _ _ _ _ _ _ _ _ _ _ _ _ _ _ _ _ _ _ _ _ _ _ _ _ _ _ _ _ _ _ _ _ _ _ _ \npages/item_page.py:41: in add_item_to_cart\n    amount_field = self.find_element(self._item_amount)\nbase/seleniumbase.py:17: in find_element\n    return self.driver.find_element(*locator)\n/usr/local/lib/python3.11/site-packages/selenium/webdriver/remote/webdriver.py:739: in find_element\n    return self.execute(Command.FIND_ELEMENT, {\"using\": by, \"value\": value})[\"value\"]\n/usr/local/lib/python3.11/site-packages/selenium/webdriver/remote/webdriver.py:345: in execute\n    self.error_handler.check_response(response)\n_ _ _ _ _ _ _ _ _ _ _ _ _ _ _ _ _ _ _ _ _ _ _ _ _ _ _ _ _ _ _ _ _ _ _ _ _ _ _ _ \n\nself = <selenium.webdriver.remote.errorhandler.ErrorHandler object at 0x7f1256f93850>\nresponse = {'status': 404, 'value': '{\"value\":{\"error\":\"no such element\",\"message\":\"no such element: Unable to locate element: {\\...\\\\n#16 0x558a60dbb6b4 \\\\u003Cunknown>\\\\n#17 0x558a60dcc143 \\\\u003Cunknown>\\\\n#18 0x7f7beb32e044 \\\\u003Cunknown>\\\\n\"}}'}\n\n    def check_response(self, response: Dict[str, Any]) -> None:\n        \"\"\"Checks that a JSON response from the WebDriver does not have an\n        error.\n    \n        :Args:\n         - response - The JSON response from the WebDriver server as a dictionary\n           object.\n    \n        :Raises: If the response contains an error message.\n        \"\"\"\n        status = response.get(\"status\", None)\n        if not status or status == ErrorCode.SUCCESS:\n            return\n        value = None\n        message = response.get(\"message\", \"\")\n        screen: str = response.get(\"screen\", \"\")\n        stacktrace = None\n        if isinstance(status, int):\n            value_json = response.get(\"value\", None)\n            if value_json and isinstance(value_json, str):\n                import json\n    \n                try:\n                    value = json.loads(value_json)\n                    if len(value) == 1:\n                        value = value[\"value\"]\n                    status = value.get(\"error\", None)\n                    if not status:\n                        status = value.get(\"status\", ErrorCode.UNKNOWN_ERROR)\n                        message = value.get(\"value\") or value.get(\"message\")\n                        if not isinstance(message, str):\n                            value = message\n                            message = message.get(\"message\")\n                    else:\n                        message = value.get(\"message\", None)\n                except ValueError:\n                    pass\n    \n        exception_class: Type[WebDriverException]\n        e = ErrorCode()\n        error_codes = [item for item in dir(e) if not item.startswith(\"__\")]\n        for error_code in error_codes:\n            error_info = getattr(ErrorCode, error_code)\n            if isinstance(error_info, list) and status in error_info:\n                exception_class = getattr(ExceptionMapping, error_code, WebDriverException)\n                break\n        else:\n            exception_class = WebDriverException\n    \n        if not value:\n            value = response[\"value\"]\n        if isinstance(value, str):\n            raise exception_class(value)\n        if message == \"\" and \"message\" in value:\n            message = value[\"message\"]\n    \n        screen = None  # type: ignore[assignment]\n        if \"screen\" in value:\n            screen = value[\"screen\"]\n    \n        stacktrace = None\n        st_value = value.get(\"stackTrace\") or value.get(\"stacktrace\")\n        if st_value:\n            if isinstance(st_value, str):\n                stacktrace = st_value.split(\"\\n\")\n            else:\n                stacktrace = []\n                try:\n                    for frame in st_value:\n                        line = frame.get(\"lineNumber\", \"\")\n                        file = frame.get(\"fileName\", \"<anonymous>\")\n                        if line:\n                            file = f\"{file}:{line}\"\n                        meth = frame.get(\"methodName\", \"<anonymous>\")\n                        if \"className\" in frame:\n                            meth = f\"{frame['className']}.{meth}\"\n                        msg = \"    at %s (%s)\"\n                        msg = msg % (meth, file)\n                        stacktrace.append(msg)\n                except TypeError:\n                    pass\n        if exception_class == UnexpectedAlertPresentException:\n            alert_text = None\n            if \"data\" in value:\n                alert_text = value[\"data\"].get(\"text\")\n            elif \"alert\" in value:\n                alert_text = value[\"alert\"].get(\"text\")\n            raise exception_class(message, screen, stacktrace, alert_text)  # type: ignore[call-arg]  # mypy is not smart enough here\n>       raise exception_class(message, screen, stacktrace)\nE       selenium.common.exceptions.NoSuchElementException: Message: no such element: Unable to locate element: {\"method\":\"xpath\",\"selector\":\"//input[@class='amount']\"}\nE         (Session info: headless chrome=118.0.5993.70); For documentation on this error, please visit: https://www.selenium.dev/documentation/webdriver/troubleshooting/errors#no-such-element-exception\nE       Stacktrace:\nE       #0 0x558a60dccfb3 <unknown>\nE       #1 0x558a60aa04a7 <unknown>\nE       #2 0x558a60ae7dd6 <unknown>\nE       #3 0x558a60ae7ec1 <unknown>\nE       #4 0x558a60b25354 <unknown>\nE       #5 0x558a60b0996d <unknown>\nE       #6 0x558a60b22c02 <unknown>\nE       #7 0x558a60b09713 <unknown>\nE       #8 0x558a60adc18b <unknown>\nE       #9 0x558a60adcf7e <unknown>\nE       #10 0x558a60d928d8 <unknown>\nE       #11 0x558a60d96800 <unknown>\nE       #12 0x558a60da0cfc <unknown>\nE       #13 0x558a60d97418 <unknown>\nE       #14 0x558a60d6442f <unknown>\nE       #15 0x558a60dbb4e8 <unknown>\nE       #16 0x558a60dbb6b4 <unknown>\nE       #17 0x558a60dcc143 <unknown>\nE       #18 0x7f7beb32e044 <unknown>\n\n/usr/local/lib/python3.11/site-packages/selenium/webdriver/remote/errorhandler.py:229: NoSuchElementException","steps":[{"name":"Добавляем товар в корзину в количестве 366","time":{"start":1698541026449,"stop":1698541026530,"duration":81},"status":"broken","statusMessage":"selenium.common.exceptions.NoSuchElementException: Message: no such element: Unable to locate element: {\"method\":\"xpath\",\"selector\":\"//input[@class='amount']\"}\n  (Session info: headless chrome=118.0.5993.70); For documentation on this error, please visit: https://www.selenium.dev/documentation/webdriver/troubleshooting/errors#no-such-element-exception\nStacktrace:\n#0 0x558a60dccfb3 <unknown>\n#1 0x558a60aa04a7 <unknown>\n#2 0x558a60ae7dd6 <unknown>\n#3 0x558a60ae7ec1 <unknown>\n#4 0x558a60b25354 <unknown>\n#5 0x558a60b0996d <unknown>\n#6 0x558a60b22c02 <unknown>\n#7 0x558a60b09713 <unknown>\n#8 0x558a60adc18b <unknown>\n#9 0x558a60adcf7e <unknown>\n#10 0x558a60d928d8 <unknown>\n#11 0x558a60d96800 <unknown>\n#12 0x558a60da0cfc <unknown>\n#13 0x558a60d97418 <unknown>\n#14 0x558a60d6442f <unknown>\n#15 0x558a60dbb4e8 <unknown>\n#16 0x558a60dbb6b4 <unknown>\n#17 0x558a60dcc143 <unknown>\n#18 0x7f7beb32e044 <unknown>\n\n","statusTrace":"  File \"/usr/local/lib/python3.11/site-packages/allure_commons/_allure.py\", line 192, in impl\n    return func(*a, **kw)\n           ^^^^^^^^^^^^^^\n  File \"/app/pages/item_page.py\", line 41, in add_item_to_cart\n    amount_field = self.find_element(self._item_amount)\n                   ^^^^^^^^^^^^^^^^^^^^^^^^^^^^^^^^^^^^\n  File \"/app/base/seleniumbase.py\", line 17, in find_element\n    return self.driver.find_element(*locator)\n           ^^^^^^^^^^^^^^^^^^^^^^^^^^^^^^^^^^\n  File \"/usr/local/lib/python3.11/site-packages/selenium/webdriver/remote/webdriver.py\", line 739, in find_element\n    return self.execute(Command.FIND_ELEMENT, {\"using\": by, \"value\": value})[\"value\"]\n           ^^^^^^^^^^^^^^^^^^^^^^^^^^^^^^^^^^^^^^^^^^^^^^^^^^^^^^^^^^^^^^^^^\n  File \"/usr/local/lib/python3.11/site-packages/selenium/webdriver/remote/webdriver.py\", line 345, in execute\n    self.error_handler.check_response(response)\n  File \"/usr/local/lib/python3.11/site-packages/selenium/webdriver/remote/errorhandler.py\", line 229, in check_response\n    raise exception_class(message, screen, stacktrace)\n","steps":[],"attachments":[],"parameters":[{"name":"amount","value":"366"}],"shouldDisplayMessage":true,"stepsCount":0,"attachmentsCount":0,"hasContent":true}],"attachments":[{"uid":"2ce17b21f8852c37","name":"Screenshot","source":"2ce17b21f8852c37.png","type":"image/png","size":115178},{"uid":"b4909c6eefdc65af","name":"HTML source","source":"b4909c6eefdc65af.html","type":"text/html","size":303988}],"parameters":[],"shouldDisplayMessage":true,"stepsCount":1,"attachmentsCount":2,"hasContent":true},"afterStages":[{"name":"setup::0","time":{"start":1698541026714,"stop":1698541026714,"duration":0},"status":"passed","steps":[],"attachments":[],"parameters":[],"shouldDisplayMessage":false,"stepsCount":0,"attachmentsCount":0,"hasContent":false},{"name":"driver::0","time":{"start":1698541026714,"stop":1698541026775,"duration":61},"status":"passed","steps":[],"attachments":[],"parameters":[],"shouldDisplayMessage":false,"stepsCount":0,"attachmentsCount":0,"hasContent":false}],"labels":[{"name":"epic","value":"Delivery Page - calculation"},{"name":"tag","value":"smoke_test"},{"name":"tag","value":"@pytest.mark.xfail"},{"name":"parentSuite","value":"tests.delivery"},{"name":"suite","value":"test_delivery_calculation"},{"name":"subSuite","value":"TestDeliveryPageCalculation"},{"name":"host","value":"6768fd725369"},{"name":"thread","value":"1-MainThread"},{"name":"framework","value":"pytest"},{"name":"language","value":"cpython3"},{"name":"package","value":"tests.delivery.test_delivery_calculation"},{"name":"resultFormat","value":"allure2"}],"parameters":[{"name":"all_time","value":"13480"},{"name":"amount","value":"366"},{"name":"case_id","value":"'TD 013'"},{"name":"in_time","value":"12450"},{"name":"link_item","value":"'products/shtukaturka-gipsovaya-aksolit-m50-30-kg-mashinnogo-naneseniya'"},{"name":"standard","value":"4800"},{"name":"url","value":"'https://sandboxtest.stroyrem-nn.ru/'"},{"name":"weight","value":"11000"}],"links":[],"hidden":false,"retry":false,"extra":{"severity":"normal","retries":[],"categories":[],"history":{"statistic":{"failed":0,"broken":0,"skipped":81,"passed":0,"unknown":0,"total":81},"items":[{"uid":"2b74ce8f14bb35d6","reportUrl":"https://Nat754.github.io/StroyremAutomation/108//#testresult/2b74ce8f14bb35d6","status":"skipped","statusDetails":"XFAIL\n\nselenium.common.exceptions.NoSuchElementException: Message: no such element: Unable to locate element: {\"method\":\"xpath\",\"selector\":\"//input[@class='amount']\"}\n  (Session info: headless chrome=118.0.5993.70); For documentation on this error, please visit: https://www.selenium.dev/documentation/webdriver/troubleshooting/errors#no-such-element-exception\nStacktrace:\n#0 0x55568c190fb3 <unknown>\n#1 0x55568be644a7 <unknown>\n#2 0x55568beabdd6 <unknown>\n#3 0x55568beabec1 <unknown>\n#4 0x55568bee9354 <unknown>\n#5 0x55568becd96d <unknown>\n#6 0x55568bee6c02 <unknown>\n#7 0x55568becd713 <unknown>\n#8 0x55568bea018b <unknown>\n#9 0x55568bea0f7e <unknown>\n#10 0x55568c1568d8 <unknown>\n#11 0x55568c15a800 <unknown>\n#12 0x55568c164cfc <unknown>\n#13 0x55568c15b418 <unknown>\n#14 0x55568c12842f <unknown>\n#15 0x55568c17f4e8 <unknown>\n#16 0x55568c17f6b4 <unknown>\n#17 0x55568c190143 <unknown>\n#18 0x7f76d10d6044 <unknown>","time":{"start":1698454362924,"stop":1698454368640,"duration":5716}},{"uid":"1c8564cde68150ab","reportUrl":"https://Nat754.github.io/StroyremAutomation/107//#testresult/1c8564cde68150ab","status":"skipped","statusDetails":"XFAIL\n\nselenium.common.exceptions.NoSuchElementException: Message: no such element: Unable to locate element: {\"method\":\"xpath\",\"selector\":\"//input[@class='amount']\"}\n  (Session info: headless chrome=118.0.5993.70); For documentation on this error, please visit: https://www.selenium.dev/documentation/webdriver/troubleshooting/errors#no-such-element-exception\nStacktrace:\n#0 0x559509171fb3 <unknown>\n#1 0x559508e454a7 <unknown>\n#2 0x559508e8cdd6 <unknown>\n#3 0x559508e8cec1 <unknown>\n#4 0x559508eca354 <unknown>\n#5 0x559508eae96d <unknown>\n#6 0x559508ec7c02 <unknown>\n#7 0x559508eae713 <unknown>\n#8 0x559508e8118b <unknown>\n#9 0x559508e81f7e <unknown>\n#10 0x5595091378d8 <unknown>\n#11 0x55950913b800 <unknown>\n#12 0x559509145cfc <unknown>\n#13 0x55950913c418 <unknown>\n#14 0x55950910942f <unknown>\n#15 0x5595091604e8 <unknown>\n#16 0x5595091606b4 <unknown>\n#17 0x559509171143 <unknown>\n#18 0x7f62a8d80044 <unknown>","time":{"start":1698367963651,"stop":1698367968086,"duration":4435}},{"uid":"6e03cc36c5607a66","reportUrl":"https://Nat754.github.io/StroyremAutomation/106//#testresult/6e03cc36c5607a66","status":"skipped","statusDetails":"XFAIL\n\nselenium.common.exceptions.NoSuchElementException: Message: no such element: Unable to locate element: {\"method\":\"xpath\",\"selector\":\"//input[@class='amount']\"}\n  (Session info: headless chrome=118.0.5993.70); For documentation on this error, please visit: https://www.selenium.dev/documentation/webdriver/troubleshooting/errors#no-such-element-exception\nStacktrace:\n#0 0x56243defffb3 <unknown>\n#1 0x56243dbd34a7 <unknown>\n#2 0x56243dc1add6 <unknown>\n#3 0x56243dc1aec1 <unknown>\n#4 0x56243dc58354 <unknown>\n#5 0x56243dc3c96d <unknown>\n#6 0x56243dc55c02 <unknown>\n#7 0x56243dc3c713 <unknown>\n#8 0x56243dc0f18b <unknown>\n#9 0x56243dc0ff7e <unknown>\n#10 0x56243dec58d8 <unknown>\n#11 0x56243dec9800 <unknown>\n#12 0x56243ded3cfc <unknown>\n#13 0x56243deca418 <unknown>\n#14 0x56243de9742f <unknown>\n#15 0x56243deee4e8 <unknown>\n#16 0x56243deee6b4 <unknown>\n#17 0x56243deff143 <unknown>\n#18 0x7fba4784c044 <unknown>","time":{"start":1698281575640,"stop":1698281580656,"duration":5016}},{"uid":"7891c5e1076bb309","reportUrl":"https://Nat754.github.io/StroyremAutomation/105//#testresult/7891c5e1076bb309","status":"skipped","statusDetails":"XFAIL\n\nselenium.common.exceptions.NoSuchElementException: Message: no such element: Unable to locate element: {\"method\":\"xpath\",\"selector\":\"//input[@class='amount']\"}\n  (Session info: headless chrome=118.0.5993.70); For documentation on this error, please visit: https://www.selenium.dev/documentation/webdriver/troubleshooting/errors#no-such-element-exception\nStacktrace:\n#0 0x55e949387fb3 <unknown>\n#1 0x55e94905b4a7 <unknown>\n#2 0x55e9490a2dd6 <unknown>\n#3 0x55e9490a2ec1 <unknown>\n#4 0x55e9490e0354 <unknown>\n#5 0x55e9490c496d <unknown>\n#6 0x55e9490ddc02 <unknown>\n#7 0x55e9490c4713 <unknown>\n#8 0x55e94909718b <unknown>\n#9 0x55e949097f7e <unknown>\n#10 0x55e94934d8d8 <unknown>\n#11 0x55e949351800 <unknown>\n#12 0x55e94935bcfc <unknown>\n#13 0x55e949352418 <unknown>\n#14 0x55e94931f42f <unknown>\n#15 0x55e9493764e8 <unknown>\n#16 0x55e9493766b4 <unknown>\n#17 0x55e949387143 <unknown>\n#18 0x7f314ca01044 <unknown>","time":{"start":1698195202698,"stop":1698195207379,"duration":4681}},{"uid":"3fcf9a8435db77eb","reportUrl":"https://Nat754.github.io/StroyremAutomation/104//#testresult/3fcf9a8435db77eb","status":"skipped","statusDetails":"XFAIL\n\nselenium.common.exceptions.NoSuchElementException: Message: no such element: Unable to locate element: {\"method\":\"xpath\",\"selector\":\"//input[@class='amount']\"}\n  (Session info: headless chrome=118.0.5993.70); For documentation on this error, please visit: https://www.selenium.dev/documentation/webdriver/troubleshooting/errors#no-such-element-exception\nStacktrace:\n#0 0x55b42121dfb3 <unknown>\n#1 0x55b420ef14a7 <unknown>\n#2 0x55b420f38dd6 <unknown>\n#3 0x55b420f38ec1 <unknown>\n#4 0x55b420f76354 <unknown>\n#5 0x55b420f5a96d <unknown>\n#6 0x55b420f73c02 <unknown>\n#7 0x55b420f5a713 <unknown>\n#8 0x55b420f2d18b <unknown>\n#9 0x55b420f2df7e <unknown>\n#10 0x55b4211e38d8 <unknown>\n#11 0x55b4211e7800 <unknown>\n#12 0x55b4211f1cfc <unknown>\n#13 0x55b4211e8418 <unknown>\n#14 0x55b4211b542f <unknown>\n#15 0x55b42120c4e8 <unknown>\n#16 0x55b42120c6b4 <unknown>\n#17 0x55b42121d143 <unknown>\n#18 0x7f185d711044 <unknown>","time":{"start":1698108846420,"stop":1698108851360,"duration":4940}},{"uid":"aab20c5e832bf4fb","reportUrl":"https://Nat754.github.io/StroyremAutomation/103//#testresult/aab20c5e832bf4fb","status":"skipped","statusDetails":"XFAIL\n\nselenium.common.exceptions.NoSuchElementException: Message: no such element: Unable to locate element: {\"method\":\"xpath\",\"selector\":\"//input[@class='amount']\"}\n  (Session info: headless chrome=118.0.5993.70); For documentation on this error, please visit: https://www.selenium.dev/documentation/webdriver/troubleshooting/errors#no-such-element-exception\nStacktrace:\n#0 0x563d85bc3fb3 <unknown>\n#1 0x563d858974a7 <unknown>\n#2 0x563d858dedd6 <unknown>\n#3 0x563d858deec1 <unknown>\n#4 0x563d8591c354 <unknown>\n#5 0x563d8590096d <unknown>\n#6 0x563d85919c02 <unknown>\n#7 0x563d85900713 <unknown>\n#8 0x563d858d318b <unknown>\n#9 0x563d858d3f7e <unknown>\n#10 0x563d85b898d8 <unknown>\n#11 0x563d85b8d800 <unknown>\n#12 0x563d85b97cfc <unknown>\n#13 0x563d85b8e418 <unknown>\n#14 0x563d85b5b42f <unknown>\n#15 0x563d85bb24e8 <unknown>\n#16 0x563d85bb26b4 <unknown>\n#17 0x563d85bc3143 <unknown>\n#18 0x7feca20ae044 <unknown>","time":{"start":1698022556893,"stop":1698022563050,"duration":6157}},{"uid":"ffedd85a306e0b5c","reportUrl":"https://Nat754.github.io/StroyremAutomation/102//#testresult/ffedd85a306e0b5c","status":"skipped","statusDetails":"XFAIL\n\nselenium.common.exceptions.NoSuchElementException: Message: no such element: Unable to locate element: {\"method\":\"xpath\",\"selector\":\"//input[@class='amount']\"}\n  (Session info: headless chrome=118.0.5993.70); For documentation on this error, please visit: https://www.selenium.dev/documentation/webdriver/troubleshooting/errors#no-such-element-exception\nStacktrace:\n#0 0x55ccae6c4fb3 <unknown>\n#1 0x55ccae3984a7 <unknown>\n#2 0x55ccae3dfdd6 <unknown>\n#3 0x55ccae3dfec1 <unknown>\n#4 0x55ccae41d354 <unknown>\n#5 0x55ccae40196d <unknown>\n#6 0x55ccae41ac02 <unknown>\n#7 0x55ccae401713 <unknown>\n#8 0x55ccae3d418b <unknown>\n#9 0x55ccae3d4f7e <unknown>\n#10 0x55ccae68a8d8 <unknown>\n#11 0x55ccae68e800 <unknown>\n#12 0x55ccae698cfc <unknown>\n#13 0x55ccae68f418 <unknown>\n#14 0x55ccae65c42f <unknown>\n#15 0x55ccae6b34e8 <unknown>\n#16 0x55ccae6b36b4 <unknown>\n#17 0x55ccae6c4143 <unknown>\n#18 0x7f2bc34f5044 <unknown>","time":{"start":1697936233882,"stop":1697936238615,"duration":4733}},{"uid":"4b2ea01a68538334","reportUrl":"https://Nat754.github.io/StroyremAutomation/101//#testresult/4b2ea01a68538334","status":"skipped","statusDetails":"XFAIL\n\nselenium.common.exceptions.NoSuchElementException: Message: no such element: Unable to locate element: {\"method\":\"xpath\",\"selector\":\"//input[@class='amount']\"}\n  (Session info: headless chrome=118.0.5993.70); For documentation on this error, please visit: https://www.selenium.dev/documentation/webdriver/troubleshooting/errors#no-such-element-exception\nStacktrace:\n#0 0x55ac5ef1afb3 <unknown>\n#1 0x55ac5ebee4a7 <unknown>\n#2 0x55ac5ec35dd6 <unknown>\n#3 0x55ac5ec35ec1 <unknown>\n#4 0x55ac5ec73354 <unknown>\n#5 0x55ac5ec5796d <unknown>\n#6 0x55ac5ec70c02 <unknown>\n#7 0x55ac5ec57713 <unknown>\n#8 0x55ac5ec2a18b <unknown>\n#9 0x55ac5ec2af7e <unknown>\n#10 0x55ac5eee08d8 <unknown>\n#11 0x55ac5eee4800 <unknown>\n#12 0x55ac5eeeecfc <unknown>\n#13 0x55ac5eee5418 <unknown>\n#14 0x55ac5eeb242f <unknown>\n#15 0x55ac5ef094e8 <unknown>\n#16 0x55ac5ef096b4 <unknown>\n#17 0x55ac5ef1a143 <unknown>\n#18 0x7f18e5c25044 <unknown>","time":{"start":1697849589962,"stop":1697849596212,"duration":6250}},{"uid":"acfc3f34f8775f18","reportUrl":"https://Nat754.github.io/StroyremAutomation/100//#testresult/acfc3f34f8775f18","status":"skipped","statusDetails":"XFAIL\n\nselenium.common.exceptions.NoSuchElementException: Message: no such element: Unable to locate element: {\"method\":\"xpath\",\"selector\":\"//input[@class='amount']\"}\n  (Session info: headless chrome=118.0.5993.70); For documentation on this error, please visit: https://www.selenium.dev/documentation/webdriver/troubleshooting/errors#no-such-element-exception\nStacktrace:\n#0 0x556786a4bfb3 <unknown>\n#1 0x55678671f4a7 <unknown>\n#2 0x556786766dd6 <unknown>\n#3 0x556786766ec1 <unknown>\n#4 0x5567867a4354 <unknown>\n#5 0x55678678896d <unknown>\n#6 0x5567867a1c02 <unknown>\n#7 0x556786788713 <unknown>\n#8 0x55678675b18b <unknown>\n#9 0x55678675bf7e <unknown>\n#10 0x556786a118d8 <unknown>\n#11 0x556786a15800 <unknown>\n#12 0x556786a1fcfc <unknown>\n#13 0x556786a16418 <unknown>\n#14 0x5567869e342f <unknown>\n#15 0x556786a3a4e8 <unknown>\n#16 0x556786a3a6b4 <unknown>\n#17 0x556786a4b143 <unknown>\n#18 0x7f64a24a9044 <unknown>","time":{"start":1697763247399,"stop":1697763252156,"duration":4757}},{"uid":"aafcbf3e01113fce","reportUrl":"https://Nat754.github.io/StroyremAutomation/99//#testresult/aafcbf3e01113fce","status":"skipped","statusDetails":"XFAIL\n\nselenium.common.exceptions.NoSuchElementException: Message: no such element: Unable to locate element: {\"method\":\"xpath\",\"selector\":\"//input[@class='amount']\"}\n  (Session info: headless chrome=118.0.5993.70); For documentation on this error, please visit: https://www.selenium.dev/documentation/webdriver/troubleshooting/errors#no-such-element-exception\nStacktrace:\n#0 0x559bea9f9fb3 <unknown>\n#1 0x559bea6cd4a7 <unknown>\n#2 0x559bea714dd6 <unknown>\n#3 0x559bea714ec1 <unknown>\n#4 0x559bea752354 <unknown>\n#5 0x559bea73696d <unknown>\n#6 0x559bea74fc02 <unknown>\n#7 0x559bea736713 <unknown>\n#8 0x559bea70918b <unknown>\n#9 0x559bea709f7e <unknown>\n#10 0x559bea9bf8d8 <unknown>\n#11 0x559bea9c3800 <unknown>\n#12 0x559bea9cdcfc <unknown>\n#13 0x559bea9c4418 <unknown>\n#14 0x559bea99142f <unknown>\n#15 0x559bea9e84e8 <unknown>\n#16 0x559bea9e86b4 <unknown>\n#17 0x559bea9f9143 <unknown>\n#18 0x7fead26ba044 <unknown>","time":{"start":1697676833099,"stop":1697676838040,"duration":4941}},{"uid":"494534000290672f","reportUrl":"https://Nat754.github.io/StroyremAutomation/98//#testresult/494534000290672f","status":"skipped","statusDetails":"XFAIL\n\nselenium.common.exceptions.NoSuchElementException: Message: no such element: Unable to locate element: {\"method\":\"xpath\",\"selector\":\"//input[@class='amount']\"}\n  (Session info: headless chrome=118.0.5993.70); For documentation on this error, please visit: https://www.selenium.dev/documentation/webdriver/troubleshooting/errors#no-such-element-exception\nStacktrace:\n#0 0x557e5b912fb3 <unknown>\n#1 0x557e5b5e64a7 <unknown>\n#2 0x557e5b62ddd6 <unknown>\n#3 0x557e5b62dec1 <unknown>\n#4 0x557e5b66b354 <unknown>\n#5 0x557e5b64f96d <unknown>\n#6 0x557e5b668c02 <unknown>\n#7 0x557e5b64f713 <unknown>\n#8 0x557e5b62218b <unknown>\n#9 0x557e5b622f7e <unknown>\n#10 0x557e5b8d88d8 <unknown>\n#11 0x557e5b8dc800 <unknown>\n#12 0x557e5b8e6cfc <unknown>\n#13 0x557e5b8dd418 <unknown>\n#14 0x557e5b8aa42f <unknown>\n#15 0x557e5b9014e8 <unknown>\n#16 0x557e5b9016b4 <unknown>\n#17 0x557e5b912143 <unknown>\n#18 0x7fccd9afd044 <unknown>","time":{"start":1697590425414,"stop":1697590430227,"duration":4813}},{"uid":"673c6b2df2367dfa","reportUrl":"https://Nat754.github.io/StroyremAutomation/97//#testresult/673c6b2df2367dfa","status":"skipped","statusDetails":"XFAIL\n\nselenium.common.exceptions.NoSuchElementException: Message: no such element: Unable to locate element: {\"method\":\"xpath\",\"selector\":\"//input[@class='amount']\"}\n  (Session info: headless chrome=118.0.5993.70); For documentation on this error, please visit: https://www.selenium.dev/documentation/webdriver/troubleshooting/errors#no-such-element-exception\nStacktrace:\n#0 0x561934107fb3 <unknown>\n#1 0x561933ddb4a7 <unknown>\n#2 0x561933e22dd6 <unknown>\n#3 0x561933e22ec1 <unknown>\n#4 0x561933e60354 <unknown>\n#5 0x561933e4496d <unknown>\n#6 0x561933e5dc02 <unknown>\n#7 0x561933e44713 <unknown>\n#8 0x561933e1718b <unknown>\n#9 0x561933e17f7e <unknown>\n#10 0x5619340cd8d8 <unknown>\n#11 0x5619340d1800 <unknown>\n#12 0x5619340dbcfc <unknown>\n#13 0x5619340d2418 <unknown>\n#14 0x56193409f42f <unknown>\n#15 0x5619340f64e8 <unknown>\n#16 0x5619340f66b4 <unknown>\n#17 0x561934107143 <unknown>\n#18 0x7f9ea537c044 <unknown>","time":{"start":1697504091740,"stop":1697504097058,"duration":5318}},{"uid":"42c5012e6743df1d","reportUrl":"https://Nat754.github.io/StroyremAutomation/96//#testresult/42c5012e6743df1d","status":"skipped","statusDetails":"XFAIL\n\nselenium.common.exceptions.NoSuchElementException: Message: no such element: Unable to locate element: {\"method\":\"xpath\",\"selector\":\"//input[@class='amount']\"}\n  (Session info: headless chrome=118.0.5993.70); For documentation on this error, please visit: https://www.selenium.dev/documentation/webdriver/troubleshooting/errors#no-such-element-exception\nStacktrace:\n#0 0x55f722bd0fb3 <unknown>\n#1 0x55f7228a44a7 <unknown>\n#2 0x55f7228ebdd6 <unknown>\n#3 0x55f7228ebec1 <unknown>\n#4 0x55f722929354 <unknown>\n#5 0x55f72290d96d <unknown>\n#6 0x55f722926c02 <unknown>\n#7 0x55f72290d713 <unknown>\n#8 0x55f7228e018b <unknown>\n#9 0x55f7228e0f7e <unknown>\n#10 0x55f722b968d8 <unknown>\n#11 0x55f722b9a800 <unknown>\n#12 0x55f722ba4cfc <unknown>\n#13 0x55f722b9b418 <unknown>\n#14 0x55f722b6842f <unknown>\n#15 0x55f722bbf4e8 <unknown>\n#16 0x55f722bbf6b4 <unknown>\n#17 0x55f722bd0143 <unknown>\n#18 0x7f1761186044 <unknown>","time":{"start":1697417724846,"stop":1697417730720,"duration":5874}},{"uid":"481627cd055d6f09","reportUrl":"https://Nat754.github.io/StroyremAutomation/95//#testresult/481627cd055d6f09","status":"skipped","statusDetails":"XFAIL\n\nselenium.common.exceptions.NoSuchElementException: Message: no such element: Unable to locate element: {\"method\":\"xpath\",\"selector\":\"(//a[@class='add-to-cart yellow-btn'])[1]\"}\n  (Session info: headless chrome=118.0.5993.70); For documentation on this error, please visit: https://www.selenium.dev/documentation/webdriver/troubleshooting/errors#no-such-element-exception\nStacktrace:\n#0 0x55e05d81cfb3 <unknown>\n#1 0x55e05d4f04a7 <unknown>\n#2 0x55e05d537dd6 <unknown>\n#3 0x55e05d537ec1 <unknown>\n#4 0x55e05d575354 <unknown>\n#5 0x55e05d55996d <unknown>\n#6 0x55e05d572c02 <unknown>\n#7 0x55e05d559713 <unknown>\n#8 0x55e05d52c18b <unknown>\n#9 0x55e05d52cf7e <unknown>\n#10 0x55e05d7e28d8 <unknown>\n#11 0x55e05d7e6800 <unknown>\n#12 0x55e05d7f0cfc <unknown>\n#13 0x55e05d7e7418 <unknown>\n#14 0x55e05d7b442f <unknown>\n#15 0x55e05d80b4e8 <unknown>\n#16 0x55e05d80b6b4 <unknown>\n#17 0x55e05d81c143 <unknown>\n#18 0x7f2e8ec91044 <unknown>","time":{"start":1697331473420,"stop":1697331474247,"duration":827}},{"uid":"bf054a2009100313","reportUrl":"https://Nat754.github.io/StroyremAutomation/94//#testresult/bf054a2009100313","status":"skipped","statusDetails":"XFAIL\n\nselenium.common.exceptions.NoSuchElementException: Message: no such element: Unable to locate element: {\"method\":\"xpath\",\"selector\":\"//input[@class='amount']\"}\n  (Session info: headless chrome=118.0.5993.70); For documentation on this error, please visit: https://www.selenium.dev/documentation/webdriver/troubleshooting/errors#no-such-element-exception\nStacktrace:\n#0 0x55b149e16fb3 <unknown>\n#1 0x55b149aea4a7 <unknown>\n#2 0x55b149b31dd6 <unknown>\n#3 0x55b149b31ec1 <unknown>\n#4 0x55b149b6f354 <unknown>\n#5 0x55b149b5396d <unknown>\n#6 0x55b149b6cc02 <unknown>\n#7 0x55b149b53713 <unknown>\n#8 0x55b149b2618b <unknown>\n#9 0x55b149b26f7e <unknown>\n#10 0x55b149ddc8d8 <unknown>\n#11 0x55b149de0800 <unknown>\n#12 0x55b149deacfc <unknown>\n#13 0x55b149de1418 <unknown>\n#14 0x55b149dae42f <unknown>\n#15 0x55b149e054e8 <unknown>\n#16 0x55b149e056b4 <unknown>\n#17 0x55b149e16143 <unknown>\n#18 0x7fc7520d4044 <unknown>","time":{"start":1697244924624,"stop":1697244930116,"duration":5492}},{"uid":"a3d0d84a6118a155","reportUrl":"https://Nat754.github.io/StroyremAutomation/93//#testresult/a3d0d84a6118a155","status":"skipped","statusDetails":"XFAIL\n\nselenium.common.exceptions.NoSuchElementException: Message: no such element: Unable to locate element: {\"method\":\"xpath\",\"selector\":\"(//a[@class='add-to-cart yellow-btn'])[1]\"}\n  (Session info: headless chrome=118.0.5993.70); For documentation on this error, please visit: https://www.selenium.dev/documentation/webdriver/troubleshooting/errors#no-such-element-exception\nStacktrace:\n#0 0x55b30ba86fb3 <unknown>\n#1 0x55b30b75a4a7 <unknown>\n#2 0x55b30b7a1dd6 <unknown>\n#3 0x55b30b7a1ec1 <unknown>\n#4 0x55b30b7df354 <unknown>\n#5 0x55b30b7c396d <unknown>\n#6 0x55b30b7dcc02 <unknown>\n#7 0x55b30b7c3713 <unknown>\n#8 0x55b30b79618b <unknown>\n#9 0x55b30b796f7e <unknown>\n#10 0x55b30ba4c8d8 <unknown>\n#11 0x55b30ba50800 <unknown>\n#12 0x55b30ba5acfc <unknown>\n#13 0x55b30ba51418 <unknown>\n#14 0x55b30ba1e42f <unknown>\n#15 0x55b30ba754e8 <unknown>\n#16 0x55b30ba756b4 <unknown>\n#17 0x55b30ba86143 <unknown>\n#18 0x7f62e7867044 <unknown>","time":{"start":1697158529984,"stop":1697158538700,"duration":8716}},{"uid":"f69f22bec7fa3c43","reportUrl":"https://Nat754.github.io/StroyremAutomation/92//#testresult/f69f22bec7fa3c43","status":"skipped","statusDetails":"XFAIL\n\nselenium.common.exceptions.NoSuchElementException: Message: no such element: Unable to locate element: {\"method\":\"xpath\",\"selector\":\"(//a[@class='add-to-cart yellow-btn'])[1]\"}\n  (Session info: headless chrome=118.0.5993.70); For documentation on this error, please visit: https://www.selenium.dev/documentation/webdriver/troubleshooting/errors#no-such-element-exception\nStacktrace:\n#0 0x557a5f112fb3 <unknown>\n#1 0x557a5ede64a7 <unknown>\n#2 0x557a5ee2ddd6 <unknown>\n#3 0x557a5ee2dec1 <unknown>\n#4 0x557a5ee6b354 <unknown>\n#5 0x557a5ee4f96d <unknown>\n#6 0x557a5ee68c02 <unknown>\n#7 0x557a5ee4f713 <unknown>\n#8 0x557a5ee2218b <unknown>\n#9 0x557a5ee22f7e <unknown>\n#10 0x557a5f0d88d8 <unknown>\n#11 0x557a5f0dc800 <unknown>\n#12 0x557a5f0e6cfc <unknown>\n#13 0x557a5f0dd418 <unknown>\n#14 0x557a5f0aa42f <unknown>\n#15 0x557a5f1014e8 <unknown>\n#16 0x557a5f1016b4 <unknown>\n#17 0x557a5f112143 <unknown>\n#18 0x7ff200c62044 <unknown>","time":{"start":1697071904451,"stop":1697071908045,"duration":3594}},{"uid":"fe4c86f4f6af048e","reportUrl":"https://Nat754.github.io/StroyremAutomation/91//#testresult/fe4c86f4f6af048e","status":"skipped","statusDetails":"XFAIL\n\nselenium.common.exceptions.NoSuchElementException: Message: no such element: Unable to locate element: {\"method\":\"xpath\",\"selector\":\"(//a[@class='add-to-cart yellow-btn'])[1]\"}\n  (Session info: headless chrome=118.0.5993.70); For documentation on this error, please visit: https://www.selenium.dev/documentation/webdriver/troubleshooting/errors#no-such-element-exception\nStacktrace:\n#0 0x55cb93ed9fb3 <unknown>\n#1 0x55cb93bad4a7 <unknown>\n#2 0x55cb93bf4dd6 <unknown>\n#3 0x55cb93bf4ec1 <unknown>\n#4 0x55cb93c32354 <unknown>\n#5 0x55cb93c1696d <unknown>\n#6 0x55cb93c2fc02 <unknown>\n#7 0x55cb93c16713 <unknown>\n#8 0x55cb93be918b <unknown>\n#9 0x55cb93be9f7e <unknown>\n#10 0x55cb93e9f8d8 <unknown>\n#11 0x55cb93ea3800 <unknown>\n#12 0x55cb93eadcfc <unknown>\n#13 0x55cb93ea4418 <unknown>\n#14 0x55cb93e7142f <unknown>\n#15 0x55cb93ec84e8 <unknown>\n#16 0x55cb93ec86b4 <unknown>\n#17 0x55cb93ed9143 <unknown>\n#18 0x7f287f3ff044 <unknown>","time":{"start":1696985605577,"stop":1696985608337,"duration":2760}},{"uid":"64879a2b2d2b5014","reportUrl":"https://Nat754.github.io/StroyremAutomation/90//#testresult/64879a2b2d2b5014","status":"skipped","statusDetails":"XFAIL\n\nselenium.common.exceptions.NoSuchElementException: Message: no such element: Unable to locate element: {\"method\":\"xpath\",\"selector\":\"(//a[@class='add-to-cart yellow-btn'])[1]\"}\n  (Session info: headless chrome=117.0.5938.149); For documentation on this error, please visit: https://www.selenium.dev/documentation/webdriver/troubleshooting/errors#no-such-element-exception\nStacktrace:\n#0 0x55665c0c4933 <unknown>\n#1 0x55665bd9e6f7 <unknown>\n#2 0x55665bde5aa6 <unknown>\n#3 0x55665bde5b91 <unknown>\n#4 0x55665be22fc4 <unknown>\n#5 0x55665be0762d <unknown>\n#6 0x55665be20857 <unknown>\n#7 0x55665be073d3 <unknown>\n#8 0x55665bdd9e64 <unknown>\n#9 0x55665bddac4e <unknown>\n#10 0x55665c08a558 <unknown>\n#11 0x55665c08e4a0 <unknown>\n#12 0x55665c09897c <unknown>\n#13 0x55665c08f0b8 <unknown>\n#14 0x55665c05acdf <unknown>\n#15 0x55665c0b3048 <unknown>\n#16 0x55665c0b3219 <unknown>\n#17 0x55665c0c3ac3 <unknown>\n#18 0x7f7940da7044 <unknown>","time":{"start":1696899163415,"stop":1696899163940,"duration":525}},{"uid":"9d085d004309421","reportUrl":"https://Nat754.github.io/StroyremAutomation/89//#testresult/9d085d004309421","status":"skipped","statusDetails":"XFAIL\n\nselenium.common.exceptions.NoSuchElementException: Message: no such element: Unable to locate element: {\"method\":\"xpath\",\"selector\":\"(//a[@class='add-to-cart yellow-btn'])[1]\"}\n  (Session info: headless chrome=117.0.5938.149); For documentation on this error, please visit: https://www.selenium.dev/documentation/webdriver/troubleshooting/errors#no-such-element-exception\nStacktrace:\n#0 0x55db4bcc5933 <unknown>\n#1 0x55db4b99f6f7 <unknown>\n#2 0x55db4b9e6aa6 <unknown>\n#3 0x55db4b9e6b91 <unknown>\n#4 0x55db4ba23fc4 <unknown>\n#5 0x55db4ba0862d <unknown>\n#6 0x55db4ba21857 <unknown>\n#7 0x55db4ba083d3 <unknown>\n#8 0x55db4b9dae64 <unknown>\n#9 0x55db4b9dbc4e <unknown>\n#10 0x55db4bc8b558 <unknown>\n#11 0x55db4bc8f4a0 <unknown>\n#12 0x55db4bc9997c <unknown>\n#13 0x55db4bc900b8 <unknown>\n#14 0x55db4bc5bcdf <unknown>\n#15 0x55db4bcb4048 <unknown>\n#16 0x55db4bcb4219 <unknown>\n#17 0x55db4bcc4ac3 <unknown>\n#18 0x7fecc27d3044 <unknown>","time":{"start":1696812783208,"stop":1696812783601,"duration":393}}]},"tags":["@pytest.mark.xfail","smoke_test"]},"source":"ebcfb56033655909.json","parameterValues":["13480","366","'TD 013'","12450","'products/shtukaturka-gipsovaya-aksolit-m50-30-kg-mashinnogo-naneseniya'","4800","'https://sandboxtest.stroyrem-nn.ru/'","11000"]}