{"uid":"2acde6fa1cf94070","name":"test_positive_delivery_green_zone_smoke[TD 003-products/shtukaturka-gipsovaya-aksolit-m50-30-kg-mashinnogo-naneseniya-8-300-400-1590-2190-https://sandboxtest.stroyrem-nn.ru/]","fullName":"tests.delivery.test_delivery_calculation.TestDeliveryPageCalculation#test_positive_delivery_green_zone_smoke","historyId":"239a587b1da1301f58068db5c0d7b1f1","time":{"start":1694429593193,"stop":1694429593602,"duration":409},"status":"skipped","statusMessage":"XFAIL\n\nselenium.common.exceptions.NoSuchElementException: Message: no such element: Unable to locate element: {\"method\":\"xpath\",\"selector\":\"(//a[@class='add-to-cart yellow-btn'])[1]\"}\n  (Session info: headless chrome=116.0.5845.96); For documentation on this error, please visit: https://www.selenium.dev/documentation/webdriver/troubleshooting/errors#no-such-element-exception\nStacktrace:\n#0 0x56341128de23 <unknown>\n#1 0x563410fb67a7 <unknown>\n#2 0x563410ff51d3 <unknown>\n#3 0x563410ff52c1 <unknown>\n#4 0x563411030a04 <unknown>\n#5 0x56341101603d <unknown>\n#6 0x56341102e369 <unknown>\n#7 0x563411015de3 <unknown>\n#8 0x563410fe9a7b <unknown>\n#9 0x563410fea81e <unknown>\n#10 0x56341124f638 <unknown>\n#11 0x563411253507 <unknown>\n#12 0x56341125dc4c <unknown>\n#13 0x563411254136 <unknown>\n#14 0x5634112229cf <unknown>\n#15 0x563411277b98 <unknown>\n#16 0x563411277d68 <unknown>\n#17 0x563411286cb3 <unknown>\n#18 0x7f8871731044 <unknown>","statusTrace":"self = <tests.delivery.test_delivery_calculation.TestDeliveryPageCalculation object at 0x7f88a8a24950>\ndriver = <selenium.webdriver.chrome.webdriver.WebDriver (session=\"b676694b75aaa765c0c4c82b3579c6e8\")>\nurl = 'https://sandboxtest.stroyrem-nn.ru/', case_id = 'TD 003'\nlink_item = 'products/shtukaturka-gipsovaya-aksolit-m50-30-kg-mashinnogo-naneseniya'\namount = 8, weight = 300, standard = 400, in_time = 1590, all_time = 2190\n\n    @pytest.mark.parametrize('case_id, link_item, amount, weight, standard, in_time, all_time', [\n        (\"TD 001\", uroven_3000, 1, 30, 0, 1590, 2190),\n        (\"TD 002\", bundeks_25, 1, 30, 400, 1590, 2190),\n        (\"TD 003\", aksolit_30, 8, 300, 400, 1590, 2190),\n        (\"TD 004\", aksolit_30, 13, 400, 450, 1590, 2190),\n        (\"TD 005\", aksolit_30, 16, 500, 600, 1590, 2190),\n        (\"TD 006\", aksolit_30, 25, 1700, 990, 1990, 2480),\n        (\"TD 007\", aksolit_30, 66, 2000, 1300, 2490, 2980),\n        (\"TD 008\", aksolit_30, 149, 4500, 2300, 3980, 4490),\n        (\"TD 009\", aksolit_30, 166, 5000, 2500, 4990, 5480),\n        pytest.param(\n            \"TD 010\", aksolit_30, 206, 6200, 2900, 5570, 6120,\n            marks=pytest.mark.xfail(reson=\"Цена доставки 3600 7960 8980\")\n        ),\n        (\"TD 011\", aksolit_30, 299, 9000, 3600, 7960, 8980),\n        (\"TD 012\", aksolit_30, 333, 10000, 4450, 11990, 12500),\n        pytest.param(\n            \"TD 013\", aksolit_30, 366, 11000, 4800, 12450, 13480,\n            marks=pytest.mark.xfail(reason=\"Цена стандартной доставки 4450\")\n        ),\n        pytest.param(\n            \"TD 014\", aksolit_30, 666, 20000, 5400, 15600, 17490,\n            marks=pytest.mark.xfail(reason=\"Цена стандартной доставки 4450\")\n        )\n    ])\n    @pytest.mark.xfail\n    @pytest.mark.smoke_test\n    def test_positive_delivery_green_zone_smoke(\n            self, driver, url, case_id, link_item, amount, weight, standard, in_time, all_time\n    ):\n    \n        driver.get(f'{url}{link_item}')\n        item_page = ItemPage(driver)\n>       item_page.add_item_to_cart(amount).click_on_cart()\n\ntests/delivery/test_delivery_calculation.py:50: \n_ _ _ _ _ _ _ _ _ _ _ _ _ _ _ _ _ _ _ _ _ _ _ _ _ _ _ _ _ _ _ _ _ _ _ _ _ _ _ _ \npages/item_page.py:40: in add_item_to_cart\n    self.find_element(self._add_item).click()\nbase/seleniumbase.py:17: in find_element\n    return self.driver.find_element(*locator)\n/usr/local/lib/python3.11/site-packages/selenium/webdriver/remote/webdriver.py:738: in find_element\n    return self.execute(Command.FIND_ELEMENT, {\"using\": by, \"value\": value})[\"value\"]\n/usr/local/lib/python3.11/site-packages/selenium/webdriver/remote/webdriver.py:344: in execute\n    self.error_handler.check_response(response)\n_ _ _ _ _ _ _ _ _ _ _ _ _ _ _ _ _ _ _ _ _ _ _ _ _ _ _ _ _ _ _ _ _ _ _ _ _ _ _ _ \n\nself = <selenium.webdriver.remote.errorhandler.ErrorHandler object at 0x7f88a90f0510>\nresponse = {'status': 404, 'value': '{\"value\":{\"error\":\"no such element\",\"message\":\"no such element: Unable to locate element: {\\...\\\\n#16 0x563411277d68 \\\\u003Cunknown>\\\\n#17 0x563411286cb3 \\\\u003Cunknown>\\\\n#18 0x7f8871731044 \\\\u003Cunknown>\\\\n\"}}'}\n\n    def check_response(self, response: Dict[str, Any]) -> None:\n        \"\"\"Checks that a JSON response from the WebDriver does not have an\n        error.\n    \n        :Args:\n         - response - The JSON response from the WebDriver server as a dictionary\n           object.\n    \n        :Raises: If the response contains an error message.\n        \"\"\"\n        status = response.get(\"status\", None)\n        if not status or status == ErrorCode.SUCCESS:\n            return\n        value = None\n        message = response.get(\"message\", \"\")\n        screen: str = response.get(\"screen\", \"\")\n        stacktrace = None\n        if isinstance(status, int):\n            value_json = response.get(\"value\", None)\n            if value_json and isinstance(value_json, str):\n                import json\n    \n                try:\n                    value = json.loads(value_json)\n                    if len(value) == 1:\n                        value = value[\"value\"]\n                    status = value.get(\"error\", None)\n                    if not status:\n                        status = value.get(\"status\", ErrorCode.UNKNOWN_ERROR)\n                        message = value.get(\"value\") or value.get(\"message\")\n                        if not isinstance(message, str):\n                            value = message\n                            message = message.get(\"message\")\n                    else:\n                        message = value.get(\"message\", None)\n                except ValueError:\n                    pass\n    \n        exception_class: Type[WebDriverException]\n        e = ErrorCode()\n        error_codes = [item for item in dir(e) if not item.startswith(\"__\")]\n        for error_code in error_codes:\n            error_info = getattr(ErrorCode, error_code)\n            if isinstance(error_info, list) and status in error_info:\n                exception_class = getattr(ExceptionMapping, error_code, WebDriverException)\n                break\n        else:\n            exception_class = WebDriverException\n    \n        if not value:\n            value = response[\"value\"]\n        if isinstance(value, str):\n            raise exception_class(value)\n        if message == \"\" and \"message\" in value:\n            message = value[\"message\"]\n    \n        screen = None  # type: ignore[assignment]\n        if \"screen\" in value:\n            screen = value[\"screen\"]\n    \n        stacktrace = None\n        st_value = value.get(\"stackTrace\") or value.get(\"stacktrace\")\n        if st_value:\n            if isinstance(st_value, str):\n                stacktrace = st_value.split(\"\\n\")\n            else:\n                stacktrace = []\n                try:\n                    for frame in st_value:\n                        line = frame.get(\"lineNumber\", \"\")\n                        file = frame.get(\"fileName\", \"<anonymous>\")\n                        if line:\n                            file = f\"{file}:{line}\"\n                        meth = frame.get(\"methodName\", \"<anonymous>\")\n                        if \"className\" in frame:\n                            meth = f\"{frame['className']}.{meth}\"\n                        msg = \"    at %s (%s)\"\n                        msg = msg % (meth, file)\n                        stacktrace.append(msg)\n                except TypeError:\n                    pass\n        if exception_class == UnexpectedAlertPresentException:\n            alert_text = None\n            if \"data\" in value:\n                alert_text = value[\"data\"].get(\"text\")\n            elif \"alert\" in value:\n                alert_text = value[\"alert\"].get(\"text\")\n            raise exception_class(message, screen, stacktrace, alert_text)  # type: ignore[call-arg]  # mypy is not smart enough here\n>       raise exception_class(message, screen, stacktrace)\nE       selenium.common.exceptions.NoSuchElementException: Message: no such element: Unable to locate element: {\"method\":\"xpath\",\"selector\":\"(//a[@class='add-to-cart yellow-btn'])[1]\"}\nE         (Session info: headless chrome=116.0.5845.96); For documentation on this error, please visit: https://www.selenium.dev/documentation/webdriver/troubleshooting/errors#no-such-element-exception\nE       Stacktrace:\nE       #0 0x56341128de23 <unknown>\nE       #1 0x563410fb67a7 <unknown>\nE       #2 0x563410ff51d3 <unknown>\nE       #3 0x563410ff52c1 <unknown>\nE       #4 0x563411030a04 <unknown>\nE       #5 0x56341101603d <unknown>\nE       #6 0x56341102e369 <unknown>\nE       #7 0x563411015de3 <unknown>\nE       #8 0x563410fe9a7b <unknown>\nE       #9 0x563410fea81e <unknown>\nE       #10 0x56341124f638 <unknown>\nE       #11 0x563411253507 <unknown>\nE       #12 0x56341125dc4c <unknown>\nE       #13 0x563411254136 <unknown>\nE       #14 0x5634112229cf <unknown>\nE       #15 0x563411277b98 <unknown>\nE       #16 0x563411277d68 <unknown>\nE       #17 0x563411286cb3 <unknown>\nE       #18 0x7f8871731044 <unknown>\n\n/usr/local/lib/python3.11/site-packages/selenium/webdriver/remote/errorhandler.py:229: NoSuchElementException","flaky":false,"newFailed":false,"newBroken":false,"newPassed":false,"retriesCount":0,"retriesStatusChange":false,"beforeStages":[{"name":"_session_faker","time":{"start":1694429096060,"stop":1694429096137,"duration":77},"status":"passed","steps":[],"attachments":[],"parameters":[],"shouldDisplayMessage":false,"stepsCount":0,"attachmentsCount":0,"hasContent":false},{"name":"clear_allure_results_folder","time":{"start":1694429096137,"stop":1694429096138,"duration":1},"status":"passed","steps":[],"attachments":[],"parameters":[],"shouldDisplayMessage":false,"stepsCount":0,"attachmentsCount":0,"hasContent":false},{"name":"driver","time":{"start":1694429592403,"stop":1694429593192,"duration":789},"status":"passed","steps":[],"attachments":[],"parameters":[],"shouldDisplayMessage":false,"stepsCount":0,"attachmentsCount":0,"hasContent":false},{"name":"setup","time":{"start":1694429593192,"stop":1694429593192,"duration":0},"status":"passed","steps":[],"attachments":[],"parameters":[],"shouldDisplayMessage":false,"stepsCount":0,"attachmentsCount":0,"hasContent":false}],"testStage":{"status":"skipped","statusMessage":"XFAIL\n\nselenium.common.exceptions.NoSuchElementException: Message: no such element: Unable to locate element: {\"method\":\"xpath\",\"selector\":\"(//a[@class='add-to-cart yellow-btn'])[1]\"}\n  (Session info: headless chrome=116.0.5845.96); For documentation on this error, please visit: https://www.selenium.dev/documentation/webdriver/troubleshooting/errors#no-such-element-exception\nStacktrace:\n#0 0x56341128de23 <unknown>\n#1 0x563410fb67a7 <unknown>\n#2 0x563410ff51d3 <unknown>\n#3 0x563410ff52c1 <unknown>\n#4 0x563411030a04 <unknown>\n#5 0x56341101603d <unknown>\n#6 0x56341102e369 <unknown>\n#7 0x563411015de3 <unknown>\n#8 0x563410fe9a7b <unknown>\n#9 0x563410fea81e <unknown>\n#10 0x56341124f638 <unknown>\n#11 0x563411253507 <unknown>\n#12 0x56341125dc4c <unknown>\n#13 0x563411254136 <unknown>\n#14 0x5634112229cf <unknown>\n#15 0x563411277b98 <unknown>\n#16 0x563411277d68 <unknown>\n#17 0x563411286cb3 <unknown>\n#18 0x7f8871731044 <unknown>","statusTrace":"self = <tests.delivery.test_delivery_calculation.TestDeliveryPageCalculation object at 0x7f88a8a24950>\ndriver = <selenium.webdriver.chrome.webdriver.WebDriver (session=\"b676694b75aaa765c0c4c82b3579c6e8\")>\nurl = 'https://sandboxtest.stroyrem-nn.ru/', case_id = 'TD 003'\nlink_item = 'products/shtukaturka-gipsovaya-aksolit-m50-30-kg-mashinnogo-naneseniya'\namount = 8, weight = 300, standard = 400, in_time = 1590, all_time = 2190\n\n    @pytest.mark.parametrize('case_id, link_item, amount, weight, standard, in_time, all_time', [\n        (\"TD 001\", uroven_3000, 1, 30, 0, 1590, 2190),\n        (\"TD 002\", bundeks_25, 1, 30, 400, 1590, 2190),\n        (\"TD 003\", aksolit_30, 8, 300, 400, 1590, 2190),\n        (\"TD 004\", aksolit_30, 13, 400, 450, 1590, 2190),\n        (\"TD 005\", aksolit_30, 16, 500, 600, 1590, 2190),\n        (\"TD 006\", aksolit_30, 25, 1700, 990, 1990, 2480),\n        (\"TD 007\", aksolit_30, 66, 2000, 1300, 2490, 2980),\n        (\"TD 008\", aksolit_30, 149, 4500, 2300, 3980, 4490),\n        (\"TD 009\", aksolit_30, 166, 5000, 2500, 4990, 5480),\n        pytest.param(\n            \"TD 010\", aksolit_30, 206, 6200, 2900, 5570, 6120,\n            marks=pytest.mark.xfail(reson=\"Цена доставки 3600 7960 8980\")\n        ),\n        (\"TD 011\", aksolit_30, 299, 9000, 3600, 7960, 8980),\n        (\"TD 012\", aksolit_30, 333, 10000, 4450, 11990, 12500),\n        pytest.param(\n            \"TD 013\", aksolit_30, 366, 11000, 4800, 12450, 13480,\n            marks=pytest.mark.xfail(reason=\"Цена стандартной доставки 4450\")\n        ),\n        pytest.param(\n            \"TD 014\", aksolit_30, 666, 20000, 5400, 15600, 17490,\n            marks=pytest.mark.xfail(reason=\"Цена стандартной доставки 4450\")\n        )\n    ])\n    @pytest.mark.xfail\n    @pytest.mark.smoke_test\n    def test_positive_delivery_green_zone_smoke(\n            self, driver, url, case_id, link_item, amount, weight, standard, in_time, all_time\n    ):\n    \n        driver.get(f'{url}{link_item}')\n        item_page = ItemPage(driver)\n>       item_page.add_item_to_cart(amount).click_on_cart()\n\ntests/delivery/test_delivery_calculation.py:50: \n_ _ _ _ _ _ _ _ _ _ _ _ _ _ _ _ _ _ _ _ _ _ _ _ _ _ _ _ _ _ _ _ _ _ _ _ _ _ _ _ \npages/item_page.py:40: in add_item_to_cart\n    self.find_element(self._add_item).click()\nbase/seleniumbase.py:17: in find_element\n    return self.driver.find_element(*locator)\n/usr/local/lib/python3.11/site-packages/selenium/webdriver/remote/webdriver.py:738: in find_element\n    return self.execute(Command.FIND_ELEMENT, {\"using\": by, \"value\": value})[\"value\"]\n/usr/local/lib/python3.11/site-packages/selenium/webdriver/remote/webdriver.py:344: in execute\n    self.error_handler.check_response(response)\n_ _ _ _ _ _ _ _ _ _ _ _ _ _ _ _ _ _ _ _ _ _ _ _ _ _ _ _ _ _ _ _ _ _ _ _ _ _ _ _ \n\nself = <selenium.webdriver.remote.errorhandler.ErrorHandler object at 0x7f88a90f0510>\nresponse = {'status': 404, 'value': '{\"value\":{\"error\":\"no such element\",\"message\":\"no such element: Unable to locate element: {\\...\\\\n#16 0x563411277d68 \\\\u003Cunknown>\\\\n#17 0x563411286cb3 \\\\u003Cunknown>\\\\n#18 0x7f8871731044 \\\\u003Cunknown>\\\\n\"}}'}\n\n    def check_response(self, response: Dict[str, Any]) -> None:\n        \"\"\"Checks that a JSON response from the WebDriver does not have an\n        error.\n    \n        :Args:\n         - response - The JSON response from the WebDriver server as a dictionary\n           object.\n    \n        :Raises: If the response contains an error message.\n        \"\"\"\n        status = response.get(\"status\", None)\n        if not status or status == ErrorCode.SUCCESS:\n            return\n        value = None\n        message = response.get(\"message\", \"\")\n        screen: str = response.get(\"screen\", \"\")\n        stacktrace = None\n        if isinstance(status, int):\n            value_json = response.get(\"value\", None)\n            if value_json and isinstance(value_json, str):\n                import json\n    \n                try:\n                    value = json.loads(value_json)\n                    if len(value) == 1:\n                        value = value[\"value\"]\n                    status = value.get(\"error\", None)\n                    if not status:\n                        status = value.get(\"status\", ErrorCode.UNKNOWN_ERROR)\n                        message = value.get(\"value\") or value.get(\"message\")\n                        if not isinstance(message, str):\n                            value = message\n                            message = message.get(\"message\")\n                    else:\n                        message = value.get(\"message\", None)\n                except ValueError:\n                    pass\n    \n        exception_class: Type[WebDriverException]\n        e = ErrorCode()\n        error_codes = [item for item in dir(e) if not item.startswith(\"__\")]\n        for error_code in error_codes:\n            error_info = getattr(ErrorCode, error_code)\n            if isinstance(error_info, list) and status in error_info:\n                exception_class = getattr(ExceptionMapping, error_code, WebDriverException)\n                break\n        else:\n            exception_class = WebDriverException\n    \n        if not value:\n            value = response[\"value\"]\n        if isinstance(value, str):\n            raise exception_class(value)\n        if message == \"\" and \"message\" in value:\n            message = value[\"message\"]\n    \n        screen = None  # type: ignore[assignment]\n        if \"screen\" in value:\n            screen = value[\"screen\"]\n    \n        stacktrace = None\n        st_value = value.get(\"stackTrace\") or value.get(\"stacktrace\")\n        if st_value:\n            if isinstance(st_value, str):\n                stacktrace = st_value.split(\"\\n\")\n            else:\n                stacktrace = []\n                try:\n                    for frame in st_value:\n                        line = frame.get(\"lineNumber\", \"\")\n                        file = frame.get(\"fileName\", \"<anonymous>\")\n                        if line:\n                            file = f\"{file}:{line}\"\n                        meth = frame.get(\"methodName\", \"<anonymous>\")\n                        if \"className\" in frame:\n                            meth = f\"{frame['className']}.{meth}\"\n                        msg = \"    at %s (%s)\"\n                        msg = msg % (meth, file)\n                        stacktrace.append(msg)\n                except TypeError:\n                    pass\n        if exception_class == UnexpectedAlertPresentException:\n            alert_text = None\n            if \"data\" in value:\n                alert_text = value[\"data\"].get(\"text\")\n            elif \"alert\" in value:\n                alert_text = value[\"alert\"].get(\"text\")\n            raise exception_class(message, screen, stacktrace, alert_text)  # type: ignore[call-arg]  # mypy is not smart enough here\n>       raise exception_class(message, screen, stacktrace)\nE       selenium.common.exceptions.NoSuchElementException: Message: no such element: Unable to locate element: {\"method\":\"xpath\",\"selector\":\"(//a[@class='add-to-cart yellow-btn'])[1]\"}\nE         (Session info: headless chrome=116.0.5845.96); For documentation on this error, please visit: https://www.selenium.dev/documentation/webdriver/troubleshooting/errors#no-such-element-exception\nE       Stacktrace:\nE       #0 0x56341128de23 <unknown>\nE       #1 0x563410fb67a7 <unknown>\nE       #2 0x563410ff51d3 <unknown>\nE       #3 0x563410ff52c1 <unknown>\nE       #4 0x563411030a04 <unknown>\nE       #5 0x56341101603d <unknown>\nE       #6 0x56341102e369 <unknown>\nE       #7 0x563411015de3 <unknown>\nE       #8 0x563410fe9a7b <unknown>\nE       #9 0x563410fea81e <unknown>\nE       #10 0x56341124f638 <unknown>\nE       #11 0x563411253507 <unknown>\nE       #12 0x56341125dc4c <unknown>\nE       #13 0x563411254136 <unknown>\nE       #14 0x5634112229cf <unknown>\nE       #15 0x563411277b98 <unknown>\nE       #16 0x563411277d68 <unknown>\nE       #17 0x563411286cb3 <unknown>\nE       #18 0x7f8871731044 <unknown>\n\n/usr/local/lib/python3.11/site-packages/selenium/webdriver/remote/errorhandler.py:229: NoSuchElementException","steps":[{"name":"Добавляем товар в корзину в количестве 8","time":{"start":1694429593584,"stop":1694429593601,"duration":17},"status":"broken","statusMessage":"selenium.common.exceptions.NoSuchElementException: Message: no such element: Unable to locate element: {\"method\":\"xpath\",\"selector\":\"(//a[@class='add-to-cart yellow-btn'])[1]\"}\n  (Session info: headless chrome=116.0.5845.96); For documentation on this error, please visit: https://www.selenium.dev/documentation/webdriver/troubleshooting/errors#no-such-element-exception\nStacktrace:\n#0 0x56341128de23 <unknown>\n#1 0x563410fb67a7 <unknown>\n#2 0x563410ff51d3 <unknown>\n#3 0x563410ff52c1 <unknown>\n#4 0x563411030a04 <unknown>\n#5 0x56341101603d <unknown>\n#6 0x56341102e369 <unknown>\n#7 0x563411015de3 <unknown>\n#8 0x563410fe9a7b <unknown>\n#9 0x563410fea81e <unknown>\n#10 0x56341124f638 <unknown>\n#11 0x563411253507 <unknown>\n#12 0x56341125dc4c <unknown>\n#13 0x563411254136 <unknown>\n#14 0x5634112229cf <unknown>\n#15 0x563411277b98 <unknown>\n#16 0x563411277d68 <unknown>\n#17 0x563411286cb3 <unknown>\n#18 0x7f8871731044 <unknown>\n\n","statusTrace":"  File \"/usr/local/lib/python3.11/site-packages/allure_commons/_allure.py\", line 192, in impl\n    return func(*a, **kw)\n           ^^^^^^^^^^^^^^\n  File \"/app/pages/item_page.py\", line 40, in add_item_to_cart\n    self.find_element(self._add_item).click()\n    ^^^^^^^^^^^^^^^^^^^^^^^^^^^^^^^^^\n  File \"/app/base/seleniumbase.py\", line 17, in find_element\n    return self.driver.find_element(*locator)\n           ^^^^^^^^^^^^^^^^^^^^^^^^^^^^^^^^^^\n  File \"/usr/local/lib/python3.11/site-packages/selenium/webdriver/remote/webdriver.py\", line 738, in find_element\n    return self.execute(Command.FIND_ELEMENT, {\"using\": by, \"value\": value})[\"value\"]\n           ^^^^^^^^^^^^^^^^^^^^^^^^^^^^^^^^^^^^^^^^^^^^^^^^^^^^^^^^^^^^^^^^^\n  File \"/usr/local/lib/python3.11/site-packages/selenium/webdriver/remote/webdriver.py\", line 344, in execute\n    self.error_handler.check_response(response)\n  File \"/usr/local/lib/python3.11/site-packages/selenium/webdriver/remote/errorhandler.py\", line 229, in check_response\n    raise exception_class(message, screen, stacktrace)\n","steps":[],"attachments":[],"parameters":[{"name":"amount","value":"8"}],"shouldDisplayMessage":true,"stepsCount":0,"attachmentsCount":0,"hasContent":true}],"attachments":[{"uid":"d478f9ae7230531","name":"Screenshot","source":"d478f9ae7230531.png","type":"image/png","size":39917},{"uid":"625f4276b4734a89","name":"HTML source","source":"625f4276b4734a89.html","type":"text/html","size":544}],"parameters":[],"shouldDisplayMessage":true,"stepsCount":1,"attachmentsCount":2,"hasContent":true},"afterStages":[{"name":"setup::0","time":{"start":1694429593729,"stop":1694429593729,"duration":0},"status":"passed","steps":[],"attachments":[],"parameters":[],"shouldDisplayMessage":false,"stepsCount":0,"attachmentsCount":0,"hasContent":false},{"name":"driver::0","time":{"start":1694429593729,"stop":1694429593785,"duration":56},"status":"passed","steps":[],"attachments":[],"parameters":[],"shouldDisplayMessage":false,"stepsCount":0,"attachmentsCount":0,"hasContent":false}],"labels":[{"name":"epic","value":"Delivery Page - calculation"},{"name":"tag","value":"smoke_test"},{"name":"tag","value":"@pytest.mark.xfail"},{"name":"parentSuite","value":"tests.delivery"},{"name":"suite","value":"test_delivery_calculation"},{"name":"subSuite","value":"TestDeliveryPageCalculation"},{"name":"host","value":"4fe975bc721b"},{"name":"thread","value":"1-MainThread"},{"name":"framework","value":"pytest"},{"name":"language","value":"cpython3"},{"name":"package","value":"tests.delivery.test_delivery_calculation"},{"name":"resultFormat","value":"allure2"}],"parameters":[{"name":"all_time","value":"2190"},{"name":"amount","value":"8"},{"name":"case_id","value":"'TD 003'"},{"name":"in_time","value":"1590"},{"name":"link_item","value":"'products/shtukaturka-gipsovaya-aksolit-m50-30-kg-mashinnogo-naneseniya'"},{"name":"standard","value":"400"},{"name":"url","value":"'https://sandboxtest.stroyrem-nn.ru/'"},{"name":"weight","value":"300"}],"links":[],"hidden":false,"retry":false,"extra":{"severity":"normal","retries":[],"categories":[],"history":{"statistic":{"failed":0,"broken":13,"skipped":8,"passed":0,"unknown":0,"total":21},"items":[{"uid":"2a700e047d6ade57","reportUrl":"https://Nat754.github.io/StroyremAutomation/56//#testresult/2a700e047d6ade57","status":"skipped","statusDetails":"XFAIL\n\nselenium.common.exceptions.NoSuchElementException: Message: no such element: Unable to locate element: {\"method\":\"xpath\",\"selector\":\"(//a[@class='add-to-cart yellow-btn'])[1]\"}\n  (Session info: headless chrome=116.0.5845.96); For documentation on this error, please visit: https://www.selenium.dev/documentation/webdriver/troubleshooting/errors#no-such-element-exception\nStacktrace:\n#0 0x5654bd1dae23 <unknown>\n#1 0x5654bcf037a7 <unknown>\n#2 0x5654bcf421d3 <unknown>\n#3 0x5654bcf422c1 <unknown>\n#4 0x5654bcf7da04 <unknown>\n#5 0x5654bcf6303d <unknown>\n#6 0x5654bcf7b369 <unknown>\n#7 0x5654bcf62de3 <unknown>\n#8 0x5654bcf36a7b <unknown>\n#9 0x5654bcf3781e <unknown>\n#10 0x5654bd19c638 <unknown>\n#11 0x5654bd1a0507 <unknown>\n#12 0x5654bd1aac4c <unknown>\n#13 0x5654bd1a1136 <unknown>\n#14 0x5654bd16f9cf <unknown>\n#15 0x5654bd1c4b98 <unknown>\n#16 0x5654bd1c4d68 <unknown>\n#17 0x5654bd1d3cb3 <unknown>\n#18 0x7fac17029044 <unknown>","time":{"start":1694393709352,"stop":1694393709913,"duration":561}},{"uid":"df07c7008156eee1","reportUrl":"https://Nat754.github.io/StroyremAutomation/55//#testresult/df07c7008156eee1","status":"skipped","statusDetails":"XFAIL\n\nselenium.common.exceptions.NoSuchElementException: Message: no such element: Unable to locate element: {\"method\":\"xpath\",\"selector\":\"(//a[@class='add-to-cart yellow-btn'])[1]\"}\n  (Session info: headless chrome=116.0.5845.96); For documentation on this error, please visit: https://www.selenium.dev/documentation/webdriver/troubleshooting/errors#no-such-element-exception\nStacktrace:\n#0 0x5565215e2e23 <unknown>\n#1 0x55652130b7a7 <unknown>\n#2 0x55652134a1d3 <unknown>\n#3 0x55652134a2c1 <unknown>\n#4 0x556521385a04 <unknown>\n#5 0x55652136b03d <unknown>\n#6 0x556521383369 <unknown>\n#7 0x55652136ade3 <unknown>\n#8 0x55652133ea7b <unknown>\n#9 0x55652133f81e <unknown>\n#10 0x5565215a4638 <unknown>\n#11 0x5565215a8507 <unknown>\n#12 0x5565215b2c4c <unknown>\n#13 0x5565215a9136 <unknown>\n#14 0x5565215779cf <unknown>\n#15 0x5565215ccb98 <unknown>\n#16 0x5565215ccd68 <unknown>\n#17 0x5565215dbcb3 <unknown>\n#18 0x7f724793f044 <unknown>","time":{"start":1694380824996,"stop":1694380825561,"duration":565}},{"uid":"c6bbcb03f7c9b2a4","reportUrl":"https://Nat754.github.io/StroyremAutomation/55//#testresult/c6bbcb03f7c9b2a4","status":"skipped","statusDetails":"XFAIL\n\nselenium.common.exceptions.NoSuchElementException: Message: no such element: Unable to locate element: {\"method\":\"xpath\",\"selector\":\"(//a[@class='add-to-cart yellow-btn'])[1]\"}\n  (Session info: headless chrome=116.0.5845.96); For documentation on this error, please visit: https://www.selenium.dev/documentation/webdriver/troubleshooting/errors#no-such-element-exception\nStacktrace:\n#0 0x556e7dc30e23 <unknown>\n#1 0x556e7d9597a7 <unknown>\n#2 0x556e7d9981d3 <unknown>\n#3 0x556e7d9982c1 <unknown>\n#4 0x556e7d9d3a04 <unknown>\n#5 0x556e7d9b903d <unknown>\n#6 0x556e7d9d1369 <unknown>\n#7 0x556e7d9b8de3 <unknown>\n#8 0x556e7d98ca7b <unknown>\n#9 0x556e7d98d81e <unknown>\n#10 0x556e7dbf2638 <unknown>\n#11 0x556e7dbf6507 <unknown>\n#12 0x556e7dc00c4c <unknown>\n#13 0x556e7dbf7136 <unknown>\n#14 0x556e7dbc59cf <unknown>\n#15 0x556e7dc1ab98 <unknown>\n#16 0x556e7dc1ad68 <unknown>\n#17 0x556e7dc29cb3 <unknown>\n#18 0x7fa4a03d7044 <unknown>","time":{"start":1694307489793,"stop":1694307490333,"duration":540}},{"uid":"ecc02b3d6f2ae975","reportUrl":"https://Nat754.github.io/StroyremAutomation/54//#testresult/ecc02b3d6f2ae975","status":"skipped","statusDetails":"XFAIL\n\nselenium.common.exceptions.NoSuchElementException: Message: no such element: Unable to locate element: {\"method\":\"xpath\",\"selector\":\"(//a[@class='add-to-cart yellow-btn'])[1]\"}\n  (Session info: headless chrome=116.0.5845.96); For documentation on this error, please visit: https://www.selenium.dev/documentation/webdriver/troubleshooting/errors#no-such-element-exception\nStacktrace:\n#0 0x55cd21416e23 <unknown>\n#1 0x55cd2113f7a7 <unknown>\n#2 0x55cd2117e1d3 <unknown>\n#3 0x55cd2117e2c1 <unknown>\n#4 0x55cd211b9a04 <unknown>\n#5 0x55cd2119f03d <unknown>\n#6 0x55cd211b7369 <unknown>\n#7 0x55cd2119ede3 <unknown>\n#8 0x55cd21172a7b <unknown>\n#9 0x55cd2117381e <unknown>\n#10 0x55cd213d8638 <unknown>\n#11 0x55cd213dc507 <unknown>\n#12 0x55cd213e6c4c <unknown>\n#13 0x55cd213dd136 <unknown>\n#14 0x55cd213ab9cf <unknown>\n#15 0x55cd21400b98 <unknown>\n#16 0x55cd21400d68 <unknown>\n#17 0x55cd2140fcb3 <unknown>\n#18 0x7f6c3612b044 <unknown>","time":{"start":1694286778640,"stop":1694286779330,"duration":690}},{"uid":"d7f4155695aca3e0","reportUrl":"https://Nat754.github.io/StroyremAutomation/54//#testresult/d7f4155695aca3e0","status":"skipped","statusDetails":"XFAIL\n\nselenium.common.exceptions.NoSuchElementException: Message: no such element: Unable to locate element: {\"method\":\"xpath\",\"selector\":\"(//a[@class='add-to-cart yellow-btn'])[1]\"}\n  (Session info: headless chrome=116.0.5845.96); For documentation on this error, please visit: https://www.selenium.dev/documentation/webdriver/troubleshooting/errors#no-such-element-exception\nStacktrace:\n#0 0x56138f6f2e23 <unknown>\n#1 0x56138f41b7a7 <unknown>\n#2 0x56138f45a1d3 <unknown>\n#3 0x56138f45a2c1 <unknown>\n#4 0x56138f495a04 <unknown>\n#5 0x56138f47b03d <unknown>\n#6 0x56138f493369 <unknown>\n#7 0x56138f47ade3 <unknown>\n#8 0x56138f44ea7b <unknown>\n#9 0x56138f44f81e <unknown>\n#10 0x56138f6b4638 <unknown>\n#11 0x56138f6b8507 <unknown>\n#12 0x56138f6c2c4c <unknown>\n#13 0x56138f6b9136 <unknown>\n#14 0x56138f6879cf <unknown>\n#15 0x56138f6dcb98 <unknown>\n#16 0x56138f6dcd68 <unknown>\n#17 0x56138f6ebcb3 <unknown>\n#18 0x7f4d22a8e044 <unknown>","time":{"start":1694220785580,"stop":1694220786139,"duration":559}},{"uid":"627fe841d51385a8","reportUrl":"https://Nat754.github.io/StroyremAutomation/4//#testresult/627fe841d51385a8","status":"broken","statusDetails":"selenium.common.exceptions.NoSuchElementException: Message: no such element: Unable to locate element: {\"method\":\"xpath\",\"selector\":\"(//a[@class='add-to-cart yellow-btn'])[1]\"}\n  (Session info: headless chrome=116.0.5845.96); For documentation on this error, please visit: https://www.selenium.dev/documentation/webdriver/troubleshooting/errors#no-such-element-exception\nStacktrace:\n#0 0x5617251bce23 <unknown>\n#1 0x561724ee57a7 <unknown>\n#2 0x561724f241d3 <unknown>\n#3 0x561724f242c1 <unknown>\n#4 0x561724f5fa04 <unknown>\n#5 0x561724f4503d <unknown>\n#6 0x561724f5d369 <unknown>\n#7 0x561724f44de3 <unknown>\n#8 0x561724f18a7b <unknown>\n#9 0x561724f1981e <unknown>\n#10 0x56172517e638 <unknown>\n#11 0x561725182507 <unknown>\n#12 0x56172518cc4c <unknown>\n#13 0x561725183136 <unknown>\n#14 0x5617251519cf <unknown>\n#15 0x5617251a6b98 <unknown>\n#16 0x5617251a6d68 <unknown>\n#17 0x5617251b5cb3 <unknown>\n#18 0x7f200cfa7044 <unknown>","time":{"start":1694196804214,"stop":1694196804626,"duration":412}},{"uid":"a91e16301ec98e79","reportUrl":"https://Nat754.github.io/StroyremAutomation/53//#testresult/a91e16301ec98e79","status":"skipped","statusDetails":"XFAIL\n\nselenium.common.exceptions.NoSuchElementException: Message: no such element: Unable to locate element: {\"method\":\"xpath\",\"selector\":\"(//a[@class='add-to-cart yellow-btn'])[1]\"}\n  (Session info: headless chrome=116.0.5845.96); For documentation on this error, please visit: https://www.selenium.dev/documentation/webdriver/troubleshooting/errors#no-such-element-exception\nStacktrace:\n#0 0x55d1d1410e23 <unknown>\n#1 0x55d1d11397a7 <unknown>\n#2 0x55d1d11781d3 <unknown>\n#3 0x55d1d11782c1 <unknown>\n#4 0x55d1d11b3a04 <unknown>\n#5 0x55d1d119903d <unknown>\n#6 0x55d1d11b1369 <unknown>\n#7 0x55d1d1198de3 <unknown>\n#8 0x55d1d116ca7b <unknown>\n#9 0x55d1d116d81e <unknown>\n#10 0x55d1d13d2638 <unknown>\n#11 0x55d1d13d6507 <unknown>\n#12 0x55d1d13e0c4c <unknown>\n#13 0x55d1d13d7136 <unknown>\n#14 0x55d1d13a59cf <unknown>\n#15 0x55d1d13fab98 <unknown>\n#16 0x55d1d13fad68 <unknown>\n#17 0x55d1d1409cb3 <unknown>\n#18 0x7f9e77bfb044 <unknown>","time":{"start":1694207089699,"stop":1694207090245,"duration":546}},{"uid":"1e4aab6e0de0c82","reportUrl":"https://Nat754.github.io/StroyremAutomation/53//#testresult/1e4aab6e0de0c82","status":"skipped","statusDetails":"XFAIL\n\nselenium.common.exceptions.NoSuchElementException: Message: no such element: Unable to locate element: {\"method\":\"xpath\",\"selector\":\"(//a[@class='add-to-cart yellow-btn'])[1]\"}\n  (Session info: headless chrome=116.0.5845.96); For documentation on this error, please visit: https://www.selenium.dev/documentation/webdriver/troubleshooting/errors#no-such-element-exception\nStacktrace:\n#0 0x562f75eefe23 <unknown>\n#1 0x562f75c187a7 <unknown>\n#2 0x562f75c571d3 <unknown>\n#3 0x562f75c572c1 <unknown>\n#4 0x562f75c92a04 <unknown>\n#5 0x562f75c7803d <unknown>\n#6 0x562f75c90369 <unknown>\n#7 0x562f75c77de3 <unknown>\n#8 0x562f75c4ba7b <unknown>\n#9 0x562f75c4c81e <unknown>\n#10 0x562f75eb1638 <unknown>\n#11 0x562f75eb5507 <unknown>\n#12 0x562f75ebfc4c <unknown>\n#13 0x562f75eb6136 <unknown>\n#14 0x562f75e849cf <unknown>\n#15 0x562f75ed9b98 <unknown>\n#16 0x562f75ed9d68 <unknown>\n#17 0x562f75ee8cb3 <unknown>\n#18 0x7f87379a2044 <unknown>","time":{"start":1694198925973,"stop":1694198926675,"duration":702}},{"uid":"b1d1163d0558fab6","reportUrl":"https://Nat754.github.io/StroyremAutomation/4//#testresult/b1d1163d0558fab6","status":"broken","statusDetails":"selenium.common.exceptions.NoSuchElementException: Message: no such element: Unable to locate element: {\"method\":\"xpath\",\"selector\":\"(//a[@class='add-to-cart yellow-btn'])[1]\"}\n  (Session info: headless chrome=116.0.5845.96); For documentation on this error, please visit: https://www.selenium.dev/documentation/webdriver/troubleshooting/errors#no-such-element-exception\nStacktrace:\n#0 0x561aa8715e23 <unknown>\n#1 0x561aa843e7a7 <unknown>\n#2 0x561aa847d1d3 <unknown>\n#3 0x561aa847d2c1 <unknown>\n#4 0x561aa84b8a04 <unknown>\n#5 0x561aa849e03d <unknown>\n#6 0x561aa84b6369 <unknown>\n#7 0x561aa849dde3 <unknown>\n#8 0x561aa8471a7b <unknown>\n#9 0x561aa847281e <unknown>\n#10 0x561aa86d7638 <unknown>\n#11 0x561aa86db507 <unknown>\n#12 0x561aa86e5c4c <unknown>\n#13 0x561aa86dc136 <unknown>\n#14 0x561aa86aa9cf <unknown>\n#15 0x561aa86ffb98 <unknown>\n#16 0x561aa86ffd68 <unknown>\n#17 0x561aa870ecb3 <unknown>\n#18 0x7f3cfbb17044 <unknown>","time":{"start":1694183740389,"stop":1694183740799,"duration":410}},{"uid":"ff8e00ec733c86f5","reportUrl":"https://Nat754.github.io/StroyremAutomation/52//#testresult/ff8e00ec733c86f5","status":"broken","statusDetails":"selenium.common.exceptions.NoSuchElementException: Message: no such element: Unable to locate element: {\"method\":\"xpath\",\"selector\":\"(//a[@class='add-to-cart yellow-btn'])[1]\"}\n  (Session info: headless chrome=116.0.5845.96); For documentation on this error, please visit: https://www.selenium.dev/documentation/webdriver/troubleshooting/errors#no-such-element-exception\nStacktrace:\n#0 0x558b0cc0be23 <unknown>\n#1 0x558b0c9347a7 <unknown>\n#2 0x558b0c9731d3 <unknown>\n#3 0x558b0c9732c1 <unknown>\n#4 0x558b0c9aea04 <unknown>\n#5 0x558b0c99403d <unknown>\n#6 0x558b0c9ac369 <unknown>\n#7 0x558b0c993de3 <unknown>\n#8 0x558b0c967a7b <unknown>\n#9 0x558b0c96881e <unknown>\n#10 0x558b0cbcd638 <unknown>\n#11 0x558b0cbd1507 <unknown>\n#12 0x558b0cbdbc4c <unknown>\n#13 0x558b0cbd2136 <unknown>\n#14 0x558b0cba09cf <unknown>\n#15 0x558b0cbf5b98 <unknown>\n#16 0x558b0cbf5d68 <unknown>\n#17 0x558b0cc04cb3 <unknown>\n#18 0x7f2edb7ff044 <unknown>","time":{"start":1694134620388,"stop":1694134621048,"duration":660}},{"uid":"e36aa10c15f27ab7","reportUrl":"https://Nat754.github.io/StroyremAutomation/51//#testresult/e36aa10c15f27ab7","status":"broken","statusDetails":"selenium.common.exceptions.NoSuchElementException: Message: no such element: Unable to locate element: {\"method\":\"xpath\",\"selector\":\"(//a[@class='add-to-cart yellow-btn'])[1]\"}\n  (Session info: headless chrome=116.0.5845.96); For documentation on this error, please visit: https://www.selenium.dev/documentation/webdriver/troubleshooting/errors#no-such-element-exception\nStacktrace:\n#0 0x55b360960e23 <unknown>\n#1 0x55b3606897a7 <unknown>\n#2 0x55b3606c81d3 <unknown>\n#3 0x55b3606c82c1 <unknown>\n#4 0x55b360703a04 <unknown>\n#5 0x55b3606e903d <unknown>\n#6 0x55b360701369 <unknown>\n#7 0x55b3606e8de3 <unknown>\n#8 0x55b3606bca7b <unknown>\n#9 0x55b3606bd81e <unknown>\n#10 0x55b360922638 <unknown>\n#11 0x55b360926507 <unknown>\n#12 0x55b360930c4c <unknown>\n#13 0x55b360927136 <unknown>\n#14 0x55b3608f59cf <unknown>\n#15 0x55b36094ab98 <unknown>\n#16 0x55b36094ad68 <unknown>\n#17 0x55b360959cb3 <unknown>\n#18 0x7f425d3ea044 <unknown>","time":{"start":1694048055945,"stop":1694048056524,"duration":579}},{"uid":"329f96ff2cd70c99","reportUrl":"https://Nat754.github.io/StroyremAutomation/50//#testresult/329f96ff2cd70c99","status":"broken","statusDetails":"selenium.common.exceptions.ElementNotInteractableException: Message: element not interactable\n  (Session info: headless chrome=116.0.5845.96)\nStacktrace:\n#0 0x55d229388e23 <unknown>\n#1 0x55d2290b15f6 <unknown>\n#2 0x55d2290e7c5d <unknown>\n#3 0x55d229111012 <unknown>\n#4 0x55d2290e5fb6 <unknown>\n#5 0x55d2291111de <unknown>\n#6 0x55d229129369 <unknown>\n#7 0x55d229110de3 <unknown>\n#8 0x55d2290e4a7b <unknown>\n#9 0x55d2290e581e <unknown>\n#10 0x55d22934a638 <unknown>\n#11 0x55d22934e507 <unknown>\n#12 0x55d229358c4c <unknown>\n#13 0x55d22934f136 <unknown>\n#14 0x55d22931d9cf <unknown>\n#15 0x55d229372b98 <unknown>\n#16 0x55d229372d68 <unknown>\n#17 0x55d229381cb3 <unknown>\n#18 0x7fc633786044 <unknown>","time":{"start":1693961890335,"stop":1693961896905,"duration":6570}},{"uid":"b85440a0bd9d75e3","reportUrl":"https://Nat754.github.io/StroyremAutomation/49//#testresult/b85440a0bd9d75e3","status":"broken","statusDetails":"selenium.common.exceptions.NoSuchElementException: Message: no such element: Unable to locate element: {\"method\":\"xpath\",\"selector\":\"(//a[@class='add-to-cart yellow-btn'])[1]\"}\n  (Session info: headless chrome=116.0.5845.96); For documentation on this error, please visit: https://www.selenium.dev/documentation/webdriver/troubleshooting/errors#no-such-element-exception\nStacktrace:\n#0 0x55674e184e23 <unknown>\n#1 0x55674dead7a7 <unknown>\n#2 0x55674deec1d3 <unknown>\n#3 0x55674deec2c1 <unknown>\n#4 0x55674df27a04 <unknown>\n#5 0x55674df0d03d <unknown>\n#6 0x55674df25369 <unknown>\n#7 0x55674df0cde3 <unknown>\n#8 0x55674dee0a7b <unknown>\n#9 0x55674dee181e <unknown>\n#10 0x55674e146638 <unknown>\n#11 0x55674e14a507 <unknown>\n#12 0x55674e154c4c <unknown>\n#13 0x55674e14b136 <unknown>\n#14 0x55674e1199cf <unknown>\n#15 0x55674e16eb98 <unknown>\n#16 0x55674e16ed68 <unknown>\n#17 0x55674e17dcb3 <unknown>\n#18 0x7f463fdb9044 <unknown>","time":{"start":1693875233247,"stop":1693875233827,"duration":580}},{"uid":"13910aca05cccf2d","reportUrl":"https://Nat754.github.io/StroyremAutomation/48//#testresult/13910aca05cccf2d","status":"broken","statusDetails":"selenium.common.exceptions.ElementNotInteractableException: Message: element not interactable\n  (Session info: headless chrome=116.0.5845.96)\nStacktrace:\n#0 0x55a6cf900e23 <unknown>\n#1 0x55a6cf6295f6 <unknown>\n#2 0x55a6cf65fc5d <unknown>\n#3 0x55a6cf689012 <unknown>\n#4 0x55a6cf65dfb6 <unknown>\n#5 0x55a6cf6891de <unknown>\n#6 0x55a6cf6a1369 <unknown>\n#7 0x55a6cf688de3 <unknown>\n#8 0x55a6cf65ca7b <unknown>\n#9 0x55a6cf65d81e <unknown>\n#10 0x55a6cf8c2638 <unknown>\n#11 0x55a6cf8c6507 <unknown>\n#12 0x55a6cf8d0c4c <unknown>\n#13 0x55a6cf8c7136 <unknown>\n#14 0x55a6cf8959cf <unknown>\n#15 0x55a6cf8eab98 <unknown>\n#16 0x55a6cf8ead68 <unknown>\n#17 0x55a6cf8f9cb3 <unknown>\n#18 0x7fdc44b4d044 <unknown>","time":{"start":1693789085207,"stop":1693789091235,"duration":6028}},{"uid":"47b4969711e4241","reportUrl":"https://Nat754.github.io/StroyremAutomation/3//#testresult/47b4969711e4241","status":"broken","statusDetails":"selenium.common.exceptions.ElementNotInteractableException: Message: element not interactable\n  (Session info: headless chrome=116.0.5845.96)\nStacktrace:\n#0 0x558aa28afe23 <unknown>\n#1 0x558aa25d85f6 <unknown>\n#2 0x558aa260ec5d <unknown>\n#3 0x558aa2638012 <unknown>\n#4 0x558aa260cfb6 <unknown>\n#5 0x558aa26381de <unknown>\n#6 0x558aa2650369 <unknown>\n#7 0x558aa2637de3 <unknown>\n#8 0x558aa260ba7b <unknown>\n#9 0x558aa260c81e <unknown>\n#10 0x558aa2871638 <unknown>\n#11 0x558aa2875507 <unknown>\n#12 0x558aa287fc4c <unknown>\n#13 0x558aa2876136 <unknown>\n#14 0x558aa28449cf <unknown>\n#15 0x558aa2899b98 <unknown>\n#16 0x558aa2899d68 <unknown>\n#17 0x558aa28a8cb3 <unknown>\n#18 0x7fdfb3ebc044 <unknown>","time":{"start":1693730329059,"stop":1693730334021,"duration":4962}},{"uid":"ac140d3c5e90e4b7","reportUrl":"https://Nat754.github.io/StroyremAutomation/47//#testresult/ac140d3c5e90e4b7","status":"broken","statusDetails":"selenium.common.exceptions.ElementNotInteractableException: Message: element not interactable\n  (Session info: headless chrome=116.0.5845.96)\nStacktrace:\n#0 0x55afff2b8e23 <unknown>\n#1 0x55affefe15f6 <unknown>\n#2 0x55afff017c5d <unknown>\n#3 0x55afff041012 <unknown>\n#4 0x55afff015fb6 <unknown>\n#5 0x55afff0411de <unknown>\n#6 0x55afff059369 <unknown>\n#7 0x55afff040de3 <unknown>\n#8 0x55afff014a7b <unknown>\n#9 0x55afff01581e <unknown>\n#10 0x55afff27a638 <unknown>\n#11 0x55afff27e507 <unknown>\n#12 0x55afff288c4c <unknown>\n#13 0x55afff27f136 <unknown>\n#14 0x55afff24d9cf <unknown>\n#15 0x55afff2a2b98 <unknown>\n#16 0x55afff2a2d68 <unknown>\n#17 0x55afff2b1cb3 <unknown>\n#18 0x7f65e4ca0044 <unknown>","time":{"start":1693730588606,"stop":1693730594182,"duration":5576}},{"uid":"23582e51557250b7","reportUrl":"https://Nat754.github.io/StroyremAutomation/47//#testresult/23582e51557250b7","status":"broken","statusDetails":"selenium.common.exceptions.ElementNotInteractableException: Message: element not interactable\n  (Session info: headless chrome=116.0.5845.96)\nStacktrace:\n#0 0x5624cfd4fe23 <unknown>\n#1 0x5624cfa785f6 <unknown>\n#2 0x5624cfaaec5d <unknown>\n#3 0x5624cfad8012 <unknown>\n#4 0x5624cfaacfb6 <unknown>\n#5 0x5624cfad81de <unknown>\n#6 0x5624cfaf0369 <unknown>\n#7 0x5624cfad7de3 <unknown>\n#8 0x5624cfaaba7b <unknown>\n#9 0x5624cfaac81e <unknown>\n#10 0x5624cfd11638 <unknown>\n#11 0x5624cfd15507 <unknown>\n#12 0x5624cfd1fc4c <unknown>\n#13 0x5624cfd16136 <unknown>\n#14 0x5624cfce49cf <unknown>\n#15 0x5624cfd39b98 <unknown>\n#16 0x5624cfd39d68 <unknown>\n#17 0x5624cfd48cb3 <unknown>\n#18 0x7f05648fb044 <unknown>","time":{"start":1693702877627,"stop":1693702884207,"duration":6580}},{"uid":"58b41bdcfff0326","reportUrl":"https://Nat754.github.io/StroyremAutomation/46//#testresult/58b41bdcfff0326","status":"broken","statusDetails":"selenium.common.exceptions.WebDriverException: Message: unknown error: net::ERR_CONNECTION_REFUSED\n  (Session info: headless chrome=116.0.5845.96)\nStacktrace:\n#0 0x56233e589e23 <unknown>\n#1 0x56233e2b27a7 <unknown>\n#2 0x56233e2aa829 <unknown>\n#3 0x56233e29a2c2 <unknown>\n#4 0x56233e29b9fb <unknown>\n#5 0x56233e29a69d <unknown>\n#6 0x56233e29965c <unknown>\n#7 0x56233e2995ce <unknown>\n#8 0x56233e29828a <unknown>\n#9 0x56233e2986da <unknown>\n#10 0x56233e2b4630 <unknown>\n#11 0x56233e32ab15 <unknown>\n#12 0x56233e312012 <unknown>\n#13 0x56233e32a369 <unknown>\n#14 0x56233e311de3 <unknown>\n#15 0x56233e2e5a7b <unknown>\n#16 0x56233e2e681e <unknown>\n#17 0x56233e54b638 <unknown>\n#18 0x56233e54f507 <unknown>\n#19 0x56233e559c4c <unknown>\n#20 0x56233e550136 <unknown>\n#21 0x56233e51e9cf <unknown>\n#22 0x56233e573b98 <unknown>\n#23 0x56233e573d68 <unknown>\n#24 0x56233e582cb3 <unknown>\n#25 0x7f20545fb044 <unknown>","time":{"start":1693616189163,"stop":1693616190031,"duration":868}},{"uid":"3bf4905728405f4e","reportUrl":"https://Nat754.github.io/StroyremAutomation/45//#testresult/3bf4905728405f4e","status":"broken","statusDetails":"selenium.common.exceptions.WebDriverException: Message: unknown error: net::ERR_CONNECTION_REFUSED\n  (Session info: headless chrome=116.0.5845.96)\nStacktrace:\n#0 0x55bf8c5e4e23 <unknown>\n#1 0x55bf8c30d7a7 <unknown>\n#2 0x55bf8c305829 <unknown>\n#3 0x55bf8c2f52c2 <unknown>\n#4 0x55bf8c2f69fb <unknown>\n#5 0x55bf8c2f569d <unknown>\n#6 0x55bf8c2f465c <unknown>\n#7 0x55bf8c2f45ce <unknown>\n#8 0x55bf8c2f328a <unknown>\n#9 0x55bf8c2f36da <unknown>\n#10 0x55bf8c30f630 <unknown>\n#11 0x55bf8c385b15 <unknown>\n#12 0x55bf8c36d012 <unknown>\n#13 0x55bf8c385369 <unknown>\n#14 0x55bf8c36cde3 <unknown>\n#15 0x55bf8c340a7b <unknown>\n#16 0x55bf8c34181e <unknown>\n#17 0x55bf8c5a6638 <unknown>\n#18 0x55bf8c5aa507 <unknown>\n#19 0x55bf8c5b4c4c <unknown>\n#20 0x55bf8c5ab136 <unknown>\n#21 0x55bf8c5799cf <unknown>\n#22 0x55bf8c5ceb98 <unknown>\n#23 0x55bf8c5ced68 <unknown>\n#24 0x55bf8c5ddcb3 <unknown>\n#25 0x7efd299a4044 <unknown>","time":{"start":1693530112243,"stop":1693530112483,"duration":240}},{"uid":"e77fbe9893e04545","reportUrl":"https://Nat754.github.io/StroyremAutomation/2//#testresult/e77fbe9893e04545","status":"broken","statusDetails":"selenium.common.exceptions.NoSuchElementException: Message: no such element: Unable to locate element: {\"method\":\"xpath\",\"selector\":\"(//a[@class='add-to-cart yellow-btn'])[1]\"}\n  (Session info: headless chrome=116.0.5845.96); For documentation on this error, please visit: https://www.selenium.dev/documentation/webdriver/troubleshooting/errors#no-such-element-exception\nStacktrace:\n#0 0x558f4a1c3e23 <unknown>\n#1 0x558f49eec7a7 <unknown>\n#2 0x558f49f2b1d3 <unknown>\n#3 0x558f49f2b2c1 <unknown>\n#4 0x558f49f66a04 <unknown>\n#5 0x558f49f4c03d <unknown>\n#6 0x558f49f64369 <unknown>\n#7 0x558f49f4bde3 <unknown>\n#8 0x558f49f1fa7b <unknown>\n#9 0x558f49f2081e <unknown>\n#10 0x558f4a185638 <unknown>\n#11 0x558f4a189507 <unknown>\n#12 0x558f4a193c4c <unknown>\n#13 0x558f4a18a136 <unknown>\n#14 0x558f4a1589cf <unknown>\n#15 0x558f4a1adb98 <unknown>\n#16 0x558f4a1add68 <unknown>\n#17 0x558f4a1bccb3 <unknown>\n#18 0x7f043594b044 <unknown>","time":{"start":1693476416119,"stop":1693476416740,"duration":621}}]},"tags":["@pytest.mark.xfail","smoke_test"]},"source":"2acde6fa1cf94070.json","parameterValues":["2190","8","'TD 003'","1590","'products/shtukaturka-gipsovaya-aksolit-m50-30-kg-mashinnogo-naneseniya'","400","'https://sandboxtest.stroyrem-nn.ru/'","300"]}