{"uid":"a902bba255fbfa16","name":"test_positive_delivery_green_zone_smoke[TD 008-products/shtukaturka-gipsovaya-aksolit-m50-30-kg-mashinnogo-naneseniya-149-4500-2300-3980-4490-https://sandboxtest.stroyrem-nn.ru/]","fullName":"tests.delivery.test_delivery_calculation.TestDeliveryPageCalculation#test_positive_delivery_green_zone_smoke","historyId":"a6e4f8846394d8afbfad6037346de2a8","time":{"start":1721696468465,"stop":1721696469236,"duration":771},"status":"skipped","statusMessage":"XFAIL\n\nselenium.common.exceptions.NoSuchElementException: Message: no such element: Unable to locate element: {\"method\":\"xpath\",\"selector\":\"(//a[@class='add-to-cart yellow-btn'])[1]\"}\n  (Session info: chrome-headless-shell=126.0.6478.182); For documentation on this error, please visit: https://www.selenium.dev/documentation/webdriver/troubleshooting/errors#no-such-element-exception\nStacktrace:\n#0 0x563ead7f0c5a <unknown>\n#1 0x563ead4d3e2c <unknown>\n#2 0x563ead520661 <unknown>\n#3 0x563ead520751 <unknown>\n#4 0x563ead564f64 <unknown>\n#5 0x563ead5435ed <unknown>\n#6 0x563ead562303 <unknown>\n#7 0x563ead543363 <unknown>\n#8 0x563ead513247 <unknown>\n#9 0x563ead513b9e <unknown>\n#10 0x563ead7b722b <unknown>\n#11 0x563ead7bb2d1 <unknown>\n#12 0x563ead7a2ade <unknown>\n#13 0x563ead7bbe32 <unknown>\n#14 0x563ead78777f <unknown>\n#15 0x563ead7e0618 <unknown>\n#16 0x563ead7e07f0 <unknown>\n#17 0x563ead7efd8c <unknown>\n#18 0x7fd0a22d9134 <unknown>","statusTrace":"self = <tests.delivery.test_delivery_calculation.TestDeliveryPageCalculation object at 0x7fb7ea1df850>\ndriver = <selenium.webdriver.chrome.webdriver.WebDriver (session=\"699887a16404e10e3271be13019c31c3\")>\nurl = 'https://sandboxtest.stroyrem-nn.ru/', case_id = 'TD 008'\nlink_item = 'products/shtukaturka-gipsovaya-aksolit-m50-30-kg-mashinnogo-naneseniya'\namount = 149, weight = 4500, standard = 2300, in_time = 3980, all_time = 4490\n\n    @pytest.mark.parametrize('case_id, link_item, amount, weight, standard, in_time, all_time', [\n        (\"TD 001\", uroven_3000, 1, 30, 0, 1590, 2190),\n        (\"TD 002\", bundeks_25, 1, 30, 400, 1590, 2190),\n        (\"TD 003\", aksolit_30, 8, 300, 400, 1590, 2190),\n        (\"TD 004\", aksolit_30, 13, 400, 450, 1590, 2190),\n        (\"TD 005\", aksolit_30, 16, 500, 600, 1590, 2190),\n        (\"TD 006\", aksolit_30, 25, 1700, 990, 1990, 2480),\n        (\"TD 007\", aksolit_30, 66, 2000, 1300, 2490, 2980),\n        (\"TD 008\", aksolit_30, 149, 4500, 2300, 3980, 4490),\n        (\"TD 009\", aksolit_30, 166, 5000, 2500, 4990, 5480),\n        pytest.param(\n            \"TD 010\", aksolit_30, 206, 6200, 2900, 5570, 6120,\n            marks=pytest.mark.xfail(reson=\"Цена доставки 3600 7960 8980\")\n        ),\n        (\"TD 011\", aksolit_30, 299, 9000, 3600, 7960, 8980),\n        (\"TD 012\", aksolit_30, 333, 10000, 4450, 11990, 12500),\n        pytest.param(\n            \"TD 013\", aksolit_30, 366, 11000, 4800, 12450, 13480,\n            marks=pytest.mark.xfail(reason=\"Цена стандартной доставки 4450\")\n        ),\n        pytest.param(\n            \"TD 014\", aksolit_30, 666, 20000, 5400, 15600, 17490,\n            marks=pytest.mark.xfail(reason=\"Цена стандартной доставки 4450\")\n        )\n    ])\n    @pytest.mark.xfail\n    @pytest.mark.smoke_test\n    def test_positive_delivery_green_zone_smoke(\n            self, driver, url, case_id, link_item, amount, weight, standard, in_time, all_time\n    ):\n    \n        driver.get(f'{url}{link_item}')\n        item_page = ItemPage(driver)\n>       item_page.add_item_to_cart(amount).click_on_cart()\n\ntests/delivery/test_delivery_calculation.py:50: \n_ _ _ _ _ _ _ _ _ _ _ _ _ _ _ _ _ _ _ _ _ _ _ _ _ _ _ _ _ _ _ _ _ _ _ _ _ _ _ _ \npages/item_page.py:40: in add_item_to_cart\n    self.find_element(self._add_item).click()\nbase/seleniumbase.py:17: in find_element\n    return self.driver.find_element(*locator)\n/usr/local/lib/python3.11/site-packages/selenium/webdriver/remote/webdriver.py:739: in find_element\n    return self.execute(Command.FIND_ELEMENT, {\"using\": by, \"value\": value})[\"value\"]\n/usr/local/lib/python3.11/site-packages/selenium/webdriver/remote/webdriver.py:345: in execute\n    self.error_handler.check_response(response)\n_ _ _ _ _ _ _ _ _ _ _ _ _ _ _ _ _ _ _ _ _ _ _ _ _ _ _ _ _ _ _ _ _ _ _ _ _ _ _ _ \n\nself = <selenium.webdriver.remote.errorhandler.ErrorHandler object at 0x7fb7ea2d7710>\nresponse = {'status': 404, 'value': '{\"value\":{\"error\":\"no such element\",\"message\":\"no such element: Unable to locate element: {\\...\\\\n#16 0x563ead7e07f0 \\\\u003Cunknown>\\\\n#17 0x563ead7efd8c \\\\u003Cunknown>\\\\n#18 0x7fd0a22d9134 \\\\u003Cunknown>\\\\n\"}}'}\n\n    def check_response(self, response: Dict[str, Any]) -> None:\n        \"\"\"Checks that a JSON response from the WebDriver does not have an\n        error.\n    \n        :Args:\n         - response - The JSON response from the WebDriver server as a dictionary\n           object.\n    \n        :Raises: If the response contains an error message.\n        \"\"\"\n        status = response.get(\"status\", None)\n        if not status or status == ErrorCode.SUCCESS:\n            return\n        value = None\n        message = response.get(\"message\", \"\")\n        screen: str = response.get(\"screen\", \"\")\n        stacktrace = None\n        if isinstance(status, int):\n            value_json = response.get(\"value\", None)\n            if value_json and isinstance(value_json, str):\n                import json\n    \n                try:\n                    value = json.loads(value_json)\n                    if len(value) == 1:\n                        value = value[\"value\"]\n                    status = value.get(\"error\", None)\n                    if not status:\n                        status = value.get(\"status\", ErrorCode.UNKNOWN_ERROR)\n                        message = value.get(\"value\") or value.get(\"message\")\n                        if not isinstance(message, str):\n                            value = message\n                            message = message.get(\"message\")\n                    else:\n                        message = value.get(\"message\", None)\n                except ValueError:\n                    pass\n    \n        exception_class: Type[WebDriverException]\n        e = ErrorCode()\n        error_codes = [item for item in dir(e) if not item.startswith(\"__\")]\n        for error_code in error_codes:\n            error_info = getattr(ErrorCode, error_code)\n            if isinstance(error_info, list) and status in error_info:\n                exception_class = getattr(ExceptionMapping, error_code, WebDriverException)\n                break\n        else:\n            exception_class = WebDriverException\n    \n        if not value:\n            value = response[\"value\"]\n        if isinstance(value, str):\n            raise exception_class(value)\n        if message == \"\" and \"message\" in value:\n            message = value[\"message\"]\n    \n        screen = None  # type: ignore[assignment]\n        if \"screen\" in value:\n            screen = value[\"screen\"]\n    \n        stacktrace = None\n        st_value = value.get(\"stackTrace\") or value.get(\"stacktrace\")\n        if st_value:\n            if isinstance(st_value, str):\n                stacktrace = st_value.split(\"\\n\")\n            else:\n                stacktrace = []\n                try:\n                    for frame in st_value:\n                        line = frame.get(\"lineNumber\", \"\")\n                        file = frame.get(\"fileName\", \"<anonymous>\")\n                        if line:\n                            file = f\"{file}:{line}\"\n                        meth = frame.get(\"methodName\", \"<anonymous>\")\n                        if \"className\" in frame:\n                            meth = f\"{frame['className']}.{meth}\"\n                        msg = \"    at %s (%s)\"\n                        msg = msg % (meth, file)\n                        stacktrace.append(msg)\n                except TypeError:\n                    pass\n        if exception_class == UnexpectedAlertPresentException:\n            alert_text = None\n            if \"data\" in value:\n                alert_text = value[\"data\"].get(\"text\")\n            elif \"alert\" in value:\n                alert_text = value[\"alert\"].get(\"text\")\n            raise exception_class(message, screen, stacktrace, alert_text)  # type: ignore[call-arg]  # mypy is not smart enough here\n>       raise exception_class(message, screen, stacktrace)\nE       selenium.common.exceptions.NoSuchElementException: Message: no such element: Unable to locate element: {\"method\":\"xpath\",\"selector\":\"(//a[@class='add-to-cart yellow-btn'])[1]\"}\nE         (Session info: chrome-headless-shell=126.0.6478.182); For documentation on this error, please visit: https://www.selenium.dev/documentation/webdriver/troubleshooting/errors#no-such-element-exception\nE       Stacktrace:\nE       #0 0x563ead7f0c5a <unknown>\nE       #1 0x563ead4d3e2c <unknown>\nE       #2 0x563ead520661 <unknown>\nE       #3 0x563ead520751 <unknown>\nE       #4 0x563ead564f64 <unknown>\nE       #5 0x563ead5435ed <unknown>\nE       #6 0x563ead562303 <unknown>\nE       #7 0x563ead543363 <unknown>\nE       #8 0x563ead513247 <unknown>\nE       #9 0x563ead513b9e <unknown>\nE       #10 0x563ead7b722b <unknown>\nE       #11 0x563ead7bb2d1 <unknown>\nE       #12 0x563ead7a2ade <unknown>\nE       #13 0x563ead7bbe32 <unknown>\nE       #14 0x563ead78777f <unknown>\nE       #15 0x563ead7e0618 <unknown>\nE       #16 0x563ead7e07f0 <unknown>\nE       #17 0x563ead7efd8c <unknown>\nE       #18 0x7fd0a22d9134 <unknown>\n\n/usr/local/lib/python3.11/site-packages/selenium/webdriver/remote/errorhandler.py:229: NoSuchElementException","flaky":false,"newFailed":false,"newBroken":false,"newPassed":false,"retriesCount":0,"retriesStatusChange":false,"beforeStages":[{"name":"_session_faker","time":{"start":1721696196882,"stop":1721696196951,"duration":69},"status":"passed","steps":[],"attachments":[],"parameters":[],"shouldDisplayMessage":false,"stepsCount":0,"attachmentsCount":0,"hasContent":false,"attachmentStep":false},{"name":"clear_allure_results_folder","time":{"start":1721696196951,"stop":1721696196951,"duration":0},"status":"passed","steps":[],"attachments":[],"parameters":[],"shouldDisplayMessage":false,"stepsCount":0,"attachmentsCount":0,"hasContent":false,"attachmentStep":false},{"name":"driver","time":{"start":1721696467777,"stop":1721696468464,"duration":687},"status":"passed","steps":[],"attachments":[],"parameters":[],"shouldDisplayMessage":false,"stepsCount":0,"attachmentsCount":0,"hasContent":false,"attachmentStep":false},{"name":"setup","time":{"start":1721696468464,"stop":1721696468464,"duration":0},"status":"passed","steps":[],"attachments":[],"parameters":[],"shouldDisplayMessage":false,"stepsCount":0,"attachmentsCount":0,"hasContent":false,"attachmentStep":false}],"testStage":{"status":"skipped","statusMessage":"XFAIL\n\nselenium.common.exceptions.NoSuchElementException: Message: no such element: Unable to locate element: {\"method\":\"xpath\",\"selector\":\"(//a[@class='add-to-cart yellow-btn'])[1]\"}\n  (Session info: chrome-headless-shell=126.0.6478.182); For documentation on this error, please visit: https://www.selenium.dev/documentation/webdriver/troubleshooting/errors#no-such-element-exception\nStacktrace:\n#0 0x563ead7f0c5a <unknown>\n#1 0x563ead4d3e2c <unknown>\n#2 0x563ead520661 <unknown>\n#3 0x563ead520751 <unknown>\n#4 0x563ead564f64 <unknown>\n#5 0x563ead5435ed <unknown>\n#6 0x563ead562303 <unknown>\n#7 0x563ead543363 <unknown>\n#8 0x563ead513247 <unknown>\n#9 0x563ead513b9e <unknown>\n#10 0x563ead7b722b <unknown>\n#11 0x563ead7bb2d1 <unknown>\n#12 0x563ead7a2ade <unknown>\n#13 0x563ead7bbe32 <unknown>\n#14 0x563ead78777f <unknown>\n#15 0x563ead7e0618 <unknown>\n#16 0x563ead7e07f0 <unknown>\n#17 0x563ead7efd8c <unknown>\n#18 0x7fd0a22d9134 <unknown>","statusTrace":"self = <tests.delivery.test_delivery_calculation.TestDeliveryPageCalculation object at 0x7fb7ea1df850>\ndriver = <selenium.webdriver.chrome.webdriver.WebDriver (session=\"699887a16404e10e3271be13019c31c3\")>\nurl = 'https://sandboxtest.stroyrem-nn.ru/', case_id = 'TD 008'\nlink_item = 'products/shtukaturka-gipsovaya-aksolit-m50-30-kg-mashinnogo-naneseniya'\namount = 149, weight = 4500, standard = 2300, in_time = 3980, all_time = 4490\n\n    @pytest.mark.parametrize('case_id, link_item, amount, weight, standard, in_time, all_time', [\n        (\"TD 001\", uroven_3000, 1, 30, 0, 1590, 2190),\n        (\"TD 002\", bundeks_25, 1, 30, 400, 1590, 2190),\n        (\"TD 003\", aksolit_30, 8, 300, 400, 1590, 2190),\n        (\"TD 004\", aksolit_30, 13, 400, 450, 1590, 2190),\n        (\"TD 005\", aksolit_30, 16, 500, 600, 1590, 2190),\n        (\"TD 006\", aksolit_30, 25, 1700, 990, 1990, 2480),\n        (\"TD 007\", aksolit_30, 66, 2000, 1300, 2490, 2980),\n        (\"TD 008\", aksolit_30, 149, 4500, 2300, 3980, 4490),\n        (\"TD 009\", aksolit_30, 166, 5000, 2500, 4990, 5480),\n        pytest.param(\n            \"TD 010\", aksolit_30, 206, 6200, 2900, 5570, 6120,\n            marks=pytest.mark.xfail(reson=\"Цена доставки 3600 7960 8980\")\n        ),\n        (\"TD 011\", aksolit_30, 299, 9000, 3600, 7960, 8980),\n        (\"TD 012\", aksolit_30, 333, 10000, 4450, 11990, 12500),\n        pytest.param(\n            \"TD 013\", aksolit_30, 366, 11000, 4800, 12450, 13480,\n            marks=pytest.mark.xfail(reason=\"Цена стандартной доставки 4450\")\n        ),\n        pytest.param(\n            \"TD 014\", aksolit_30, 666, 20000, 5400, 15600, 17490,\n            marks=pytest.mark.xfail(reason=\"Цена стандартной доставки 4450\")\n        )\n    ])\n    @pytest.mark.xfail\n    @pytest.mark.smoke_test\n    def test_positive_delivery_green_zone_smoke(\n            self, driver, url, case_id, link_item, amount, weight, standard, in_time, all_time\n    ):\n    \n        driver.get(f'{url}{link_item}')\n        item_page = ItemPage(driver)\n>       item_page.add_item_to_cart(amount).click_on_cart()\n\ntests/delivery/test_delivery_calculation.py:50: \n_ _ _ _ _ _ _ _ _ _ _ _ _ _ _ _ _ _ _ _ _ _ _ _ _ _ _ _ _ _ _ _ _ _ _ _ _ _ _ _ \npages/item_page.py:40: in add_item_to_cart\n    self.find_element(self._add_item).click()\nbase/seleniumbase.py:17: in find_element\n    return self.driver.find_element(*locator)\n/usr/local/lib/python3.11/site-packages/selenium/webdriver/remote/webdriver.py:739: in find_element\n    return self.execute(Command.FIND_ELEMENT, {\"using\": by, \"value\": value})[\"value\"]\n/usr/local/lib/python3.11/site-packages/selenium/webdriver/remote/webdriver.py:345: in execute\n    self.error_handler.check_response(response)\n_ _ _ _ _ _ _ _ _ _ _ _ _ _ _ _ _ _ _ _ _ _ _ _ _ _ _ _ _ _ _ _ _ _ _ _ _ _ _ _ \n\nself = <selenium.webdriver.remote.errorhandler.ErrorHandler object at 0x7fb7ea2d7710>\nresponse = {'status': 404, 'value': '{\"value\":{\"error\":\"no such element\",\"message\":\"no such element: Unable to locate element: {\\...\\\\n#16 0x563ead7e07f0 \\\\u003Cunknown>\\\\n#17 0x563ead7efd8c \\\\u003Cunknown>\\\\n#18 0x7fd0a22d9134 \\\\u003Cunknown>\\\\n\"}}'}\n\n    def check_response(self, response: Dict[str, Any]) -> None:\n        \"\"\"Checks that a JSON response from the WebDriver does not have an\n        error.\n    \n        :Args:\n         - response - The JSON response from the WebDriver server as a dictionary\n           object.\n    \n        :Raises: If the response contains an error message.\n        \"\"\"\n        status = response.get(\"status\", None)\n        if not status or status == ErrorCode.SUCCESS:\n            return\n        value = None\n        message = response.get(\"message\", \"\")\n        screen: str = response.get(\"screen\", \"\")\n        stacktrace = None\n        if isinstance(status, int):\n            value_json = response.get(\"value\", None)\n            if value_json and isinstance(value_json, str):\n                import json\n    \n                try:\n                    value = json.loads(value_json)\n                    if len(value) == 1:\n                        value = value[\"value\"]\n                    status = value.get(\"error\", None)\n                    if not status:\n                        status = value.get(\"status\", ErrorCode.UNKNOWN_ERROR)\n                        message = value.get(\"value\") or value.get(\"message\")\n                        if not isinstance(message, str):\n                            value = message\n                            message = message.get(\"message\")\n                    else:\n                        message = value.get(\"message\", None)\n                except ValueError:\n                    pass\n    \n        exception_class: Type[WebDriverException]\n        e = ErrorCode()\n        error_codes = [item for item in dir(e) if not item.startswith(\"__\")]\n        for error_code in error_codes:\n            error_info = getattr(ErrorCode, error_code)\n            if isinstance(error_info, list) and status in error_info:\n                exception_class = getattr(ExceptionMapping, error_code, WebDriverException)\n                break\n        else:\n            exception_class = WebDriverException\n    \n        if not value:\n            value = response[\"value\"]\n        if isinstance(value, str):\n            raise exception_class(value)\n        if message == \"\" and \"message\" in value:\n            message = value[\"message\"]\n    \n        screen = None  # type: ignore[assignment]\n        if \"screen\" in value:\n            screen = value[\"screen\"]\n    \n        stacktrace = None\n        st_value = value.get(\"stackTrace\") or value.get(\"stacktrace\")\n        if st_value:\n            if isinstance(st_value, str):\n                stacktrace = st_value.split(\"\\n\")\n            else:\n                stacktrace = []\n                try:\n                    for frame in st_value:\n                        line = frame.get(\"lineNumber\", \"\")\n                        file = frame.get(\"fileName\", \"<anonymous>\")\n                        if line:\n                            file = f\"{file}:{line}\"\n                        meth = frame.get(\"methodName\", \"<anonymous>\")\n                        if \"className\" in frame:\n                            meth = f\"{frame['className']}.{meth}\"\n                        msg = \"    at %s (%s)\"\n                        msg = msg % (meth, file)\n                        stacktrace.append(msg)\n                except TypeError:\n                    pass\n        if exception_class == UnexpectedAlertPresentException:\n            alert_text = None\n            if \"data\" in value:\n                alert_text = value[\"data\"].get(\"text\")\n            elif \"alert\" in value:\n                alert_text = value[\"alert\"].get(\"text\")\n            raise exception_class(message, screen, stacktrace, alert_text)  # type: ignore[call-arg]  # mypy is not smart enough here\n>       raise exception_class(message, screen, stacktrace)\nE       selenium.common.exceptions.NoSuchElementException: Message: no such element: Unable to locate element: {\"method\":\"xpath\",\"selector\":\"(//a[@class='add-to-cart yellow-btn'])[1]\"}\nE         (Session info: chrome-headless-shell=126.0.6478.182); For documentation on this error, please visit: https://www.selenium.dev/documentation/webdriver/troubleshooting/errors#no-such-element-exception\nE       Stacktrace:\nE       #0 0x563ead7f0c5a <unknown>\nE       #1 0x563ead4d3e2c <unknown>\nE       #2 0x563ead520661 <unknown>\nE       #3 0x563ead520751 <unknown>\nE       #4 0x563ead564f64 <unknown>\nE       #5 0x563ead5435ed <unknown>\nE       #6 0x563ead562303 <unknown>\nE       #7 0x563ead543363 <unknown>\nE       #8 0x563ead513247 <unknown>\nE       #9 0x563ead513b9e <unknown>\nE       #10 0x563ead7b722b <unknown>\nE       #11 0x563ead7bb2d1 <unknown>\nE       #12 0x563ead7a2ade <unknown>\nE       #13 0x563ead7bbe32 <unknown>\nE       #14 0x563ead78777f <unknown>\nE       #15 0x563ead7e0618 <unknown>\nE       #16 0x563ead7e07f0 <unknown>\nE       #17 0x563ead7efd8c <unknown>\nE       #18 0x7fd0a22d9134 <unknown>\n\n/usr/local/lib/python3.11/site-packages/selenium/webdriver/remote/errorhandler.py:229: NoSuchElementException","steps":[{"name":"Добавляем товар в корзину в количестве 149","time":{"start":1721696469220,"stop":1721696469235,"duration":15},"status":"broken","statusMessage":"selenium.common.exceptions.NoSuchElementException: Message: no such element: Unable to locate element: {\"method\":\"xpath\",\"selector\":\"(//a[@class='add-to-cart yellow-btn'])[1]\"}\n  (Session info: chrome-headless-shell=126.0.6478.182); For documentation on this error, please visit: https://www.selenium.dev/documentation/webdriver/troubleshooting/errors#no-such-element-exception\nStacktrace:\n#0 0x563ead7f0c5a <unknown>\n#1 0x563ead4d3e2c <unknown>\n#2 0x563ead520661 <unknown>\n#3 0x563ead520751 <unknown>\n#4 0x563ead564f64 <unknown>\n#5 0x563ead5435ed <unknown>\n#6 0x563ead562303 <unknown>\n#7 0x563ead543363 <unknown>\n#8 0x563ead513247 <unknown>\n#9 0x563ead513b9e <unknown>\n#10 0x563ead7b722b <unknown>\n#11 0x563ead7bb2d1 <unknown>\n#12 0x563ead7a2ade <unknown>\n#13 0x563ead7bbe32 <unknown>\n#14 0x563ead78777f <unknown>\n#15 0x563ead7e0618 <unknown>\n#16 0x563ead7e07f0 <unknown>\n#17 0x563ead7efd8c <unknown>\n#18 0x7fd0a22d9134 <unknown>\n\n","statusTrace":"  File \"/usr/local/lib/python3.11/site-packages/allure_commons/_allure.py\", line 192, in impl\n    return func(*a, **kw)\n           ^^^^^^^^^^^^^^\n  File \"/app/pages/item_page.py\", line 40, in add_item_to_cart\n    self.find_element(self._add_item).click()\n    ^^^^^^^^^^^^^^^^^^^^^^^^^^^^^^^^^\n  File \"/app/base/seleniumbase.py\", line 17, in find_element\n    return self.driver.find_element(*locator)\n           ^^^^^^^^^^^^^^^^^^^^^^^^^^^^^^^^^^\n  File \"/usr/local/lib/python3.11/site-packages/selenium/webdriver/remote/webdriver.py\", line 739, in find_element\n    return self.execute(Command.FIND_ELEMENT, {\"using\": by, \"value\": value})[\"value\"]\n           ^^^^^^^^^^^^^^^^^^^^^^^^^^^^^^^^^^^^^^^^^^^^^^^^^^^^^^^^^^^^^^^^^\n  File \"/usr/local/lib/python3.11/site-packages/selenium/webdriver/remote/webdriver.py\", line 345, in execute\n    self.error_handler.check_response(response)\n  File \"/usr/local/lib/python3.11/site-packages/selenium/webdriver/remote/errorhandler.py\", line 229, in check_response\n    raise exception_class(message, screen, stacktrace)\n","steps":[],"attachments":[],"parameters":[{"name":"amount","value":"149"}],"shouldDisplayMessage":true,"stepsCount":0,"attachmentsCount":0,"hasContent":true,"attachmentStep":false}],"attachments":[{"uid":"8038ded78c5a59db","name":"Screenshot","source":"8038ded78c5a59db.png","type":"image/png","size":4720},{"uid":"4d7002cfbfd7944e","name":"HTML source","source":"4d7002cfbfd7944e.html","type":"text/html","size":39}],"parameters":[],"shouldDisplayMessage":true,"stepsCount":1,"attachmentsCount":2,"hasContent":true,"attachmentStep":false},"afterStages":[{"name":"setup::0","time":{"start":1721696469329,"stop":1721696469329,"duration":0},"status":"passed","steps":[],"attachments":[],"parameters":[],"shouldDisplayMessage":false,"stepsCount":0,"attachmentsCount":0,"hasContent":false,"attachmentStep":false},{"name":"driver::0","time":{"start":1721696469329,"stop":1721696469388,"duration":59},"status":"passed","steps":[],"attachments":[],"parameters":[],"shouldDisplayMessage":false,"stepsCount":0,"attachmentsCount":0,"hasContent":false,"attachmentStep":false}],"labels":[{"name":"epic","value":"Delivery Page - calculation"},{"name":"tag","value":"smoke_test"},{"name":"tag","value":"@pytest.mark.xfail"},{"name":"parentSuite","value":"tests.delivery"},{"name":"suite","value":"test_delivery_calculation"},{"name":"subSuite","value":"TestDeliveryPageCalculation"},{"name":"host","value":"f0a6c82bd950"},{"name":"thread","value":"1-MainThread"},{"name":"framework","value":"pytest"},{"name":"language","value":"cpython3"},{"name":"package","value":"tests.delivery.test_delivery_calculation"},{"name":"resultFormat","value":"allure2"}],"parameters":[{"name":"all_time","value":"4490"},{"name":"amount","value":"149"},{"name":"case_id","value":"'TD 008'"},{"name":"in_time","value":"3980"},{"name":"link_item","value":"'products/shtukaturka-gipsovaya-aksolit-m50-30-kg-mashinnogo-naneseniya'"},{"name":"standard","value":"2300"},{"name":"url","value":"'https://sandboxtest.stroyrem-nn.ru/'"},{"name":"weight","value":"4500"}],"links":[],"hidden":false,"retry":false,"extra":{"severity":"normal","retries":[],"categories":[],"history":{"statistic":{"failed":0,"broken":0,"skipped":55,"passed":0,"unknown":0,"total":55},"items":[{"uid":"1f648e976c297e93","reportUrl":"https://Nat754.github.io/StroyremAutomation/376//#testresult/1f648e976c297e93","status":"skipped","statusDetails":"XFAIL\n\nselenium.common.exceptions.NoSuchElementException: Message: no such element: Unable to locate element: {\"method\":\"xpath\",\"selector\":\"(//a[@class='add-to-cart yellow-btn'])[1]\"}\n  (Session info: chrome-headless-shell=126.0.6478.182); For documentation on this error, please visit: https://www.selenium.dev/documentation/webdriver/troubleshooting/errors#no-such-element-exception\nStacktrace:\n#0 0x555998e64c5a <unknown>\n#1 0x555998b47e2c <unknown>\n#2 0x555998b94661 <unknown>\n#3 0x555998b94751 <unknown>\n#4 0x555998bd8f64 <unknown>\n#5 0x555998bb75ed <unknown>\n#6 0x555998bd6303 <unknown>\n#7 0x555998bb7363 <unknown>\n#8 0x555998b87247 <unknown>\n#9 0x555998b87b9e <unknown>\n#10 0x555998e2b22b <unknown>\n#11 0x555998e2f2d1 <unknown>\n#12 0x555998e16ade <unknown>\n#13 0x555998e2fe32 <unknown>\n#14 0x555998dfb77f <unknown>\n#15 0x555998e54618 <unknown>\n#16 0x555998e547f0 <unknown>\n#17 0x555998e63d8c <unknown>\n#18 0x7fca5c0ad134 <unknown>","time":{"start":1721610158735,"stop":1721610159169,"duration":434}},{"uid":"a34d848c8a6d9231","reportUrl":"https://Nat754.github.io/StroyremAutomation/375//#testresult/a34d848c8a6d9231","status":"skipped","statusDetails":"XFAIL\n\nselenium.common.exceptions.NoSuchElementException: Message: no such element: Unable to locate element: {\"method\":\"xpath\",\"selector\":\"(//a[@class='add-to-cart yellow-btn'])[1]\"}\n  (Session info: chrome-headless-shell=126.0.6478.182); For documentation on this error, please visit: https://www.selenium.dev/documentation/webdriver/troubleshooting/errors#no-such-element-exception\nStacktrace:\n#0 0x55f5152abc5a <unknown>\n#1 0x55f514f8ee2c <unknown>\n#2 0x55f514fdb661 <unknown>\n#3 0x55f514fdb751 <unknown>\n#4 0x55f51501ff64 <unknown>\n#5 0x55f514ffe5ed <unknown>\n#6 0x55f51501d303 <unknown>\n#7 0x55f514ffe363 <unknown>\n#8 0x55f514fce247 <unknown>\n#9 0x55f514fceb9e <unknown>\n#10 0x55f51527222b <unknown>\n#11 0x55f5152762d1 <unknown>\n#12 0x55f51525dade <unknown>\n#13 0x55f515276e32 <unknown>\n#14 0x55f51524277f <unknown>\n#15 0x55f51529b618 <unknown>\n#16 0x55f51529b7f0 <unknown>\n#17 0x55f5152aad8c <unknown>\n#18 0x7fef5e817134 <unknown>","time":{"start":1721523867583,"stop":1721523867981,"duration":398}},{"uid":"1469caf48797ffe2","reportUrl":"https://Nat754.github.io/StroyremAutomation/374//#testresult/1469caf48797ffe2","status":"skipped","statusDetails":"XFAIL\n\nselenium.common.exceptions.NoSuchElementException: Message: no such element: Unable to locate element: {\"method\":\"xpath\",\"selector\":\"(//a[@class='add-to-cart yellow-btn'])[1]\"}\n  (Session info: chrome-headless-shell=126.0.6478.182); For documentation on this error, please visit: https://www.selenium.dev/documentation/webdriver/troubleshooting/errors#no-such-element-exception\nStacktrace:\n#0 0x55d29e8fbc5a <unknown>\n#1 0x55d29e5dee2c <unknown>\n#2 0x55d29e62b661 <unknown>\n#3 0x55d29e62b751 <unknown>\n#4 0x55d29e66ff64 <unknown>\n#5 0x55d29e64e5ed <unknown>\n#6 0x55d29e66d303 <unknown>\n#7 0x55d29e64e363 <unknown>\n#8 0x55d29e61e247 <unknown>\n#9 0x55d29e61eb9e <unknown>\n#10 0x55d29e8c222b <unknown>\n#11 0x55d29e8c62d1 <unknown>\n#12 0x55d29e8adade <unknown>\n#13 0x55d29e8c6e32 <unknown>\n#14 0x55d29e89277f <unknown>\n#15 0x55d29e8eb618 <unknown>\n#16 0x55d29e8eb7f0 <unknown>\n#17 0x55d29e8fad8c <unknown>\n#18 0x7f065d0b6134 <unknown>","time":{"start":1721437184743,"stop":1721437185128,"duration":385}},{"uid":"6abab68e3bfd192","reportUrl":"https://Nat754.github.io/StroyremAutomation/373//#testresult/6abab68e3bfd192","status":"skipped","statusDetails":"XFAIL\n\nselenium.common.exceptions.NoSuchElementException: Message: no such element: Unable to locate element: {\"method\":\"xpath\",\"selector\":\"(//a[@class='add-to-cart yellow-btn'])[1]\"}\n  (Session info: chrome-headless-shell=126.0.6478.182); For documentation on this error, please visit: https://www.selenium.dev/documentation/webdriver/troubleshooting/errors#no-such-element-exception\nStacktrace:\n#0 0x55d1056bdc5a <unknown>\n#1 0x55d1053a0e2c <unknown>\n#2 0x55d1053ed661 <unknown>\n#3 0x55d1053ed751 <unknown>\n#4 0x55d105431f64 <unknown>\n#5 0x55d1054105ed <unknown>\n#6 0x55d10542f303 <unknown>\n#7 0x55d105410363 <unknown>\n#8 0x55d1053e0247 <unknown>\n#9 0x55d1053e0b9e <unknown>\n#10 0x55d10568422b <unknown>\n#11 0x55d1056882d1 <unknown>\n#12 0x55d10566fade <unknown>\n#13 0x55d105688e32 <unknown>\n#14 0x55d10565477f <unknown>\n#15 0x55d1056ad618 <unknown>\n#16 0x55d1056ad7f0 <unknown>\n#17 0x55d1056bcd8c <unknown>\n#18 0x7f0549c08134 <unknown>","time":{"start":1721350830963,"stop":1721350831731,"duration":768}},{"uid":"5e47c09753c1be36","reportUrl":"https://Nat754.github.io/StroyremAutomation/372//#testresult/5e47c09753c1be36","status":"skipped","statusDetails":"XFAIL\n\nselenium.common.exceptions.NoSuchElementException: Message: no such element: Unable to locate element: {\"method\":\"xpath\",\"selector\":\"(//a[@class='add-to-cart yellow-btn'])[1]\"}\n  (Session info: chrome-headless-shell=126.0.6478.182); For documentation on this error, please visit: https://www.selenium.dev/documentation/webdriver/troubleshooting/errors#no-such-element-exception\nStacktrace:\n#0 0x563bc16b8c5a <unknown>\n#1 0x563bc139be2c <unknown>\n#2 0x563bc13e8661 <unknown>\n#3 0x563bc13e8751 <unknown>\n#4 0x563bc142cf64 <unknown>\n#5 0x563bc140b5ed <unknown>\n#6 0x563bc142a303 <unknown>\n#7 0x563bc140b363 <unknown>\n#8 0x563bc13db247 <unknown>\n#9 0x563bc13dbb9e <unknown>\n#10 0x563bc167f22b <unknown>\n#11 0x563bc16832d1 <unknown>\n#12 0x563bc166aade <unknown>\n#13 0x563bc1683e32 <unknown>\n#14 0x563bc164f77f <unknown>\n#15 0x563bc16a8618 <unknown>\n#16 0x563bc16a87f0 <unknown>\n#17 0x563bc16b7d8c <unknown>\n#18 0x7f150e094134 <unknown>","time":{"start":1721264406001,"stop":1721264406555,"duration":554}},{"uid":"f467c7956966328d","reportUrl":"https://Nat754.github.io/StroyremAutomation/371//#testresult/f467c7956966328d","status":"skipped","statusDetails":"XFAIL\n\nselenium.common.exceptions.NoSuchElementException: Message: no such element: Unable to locate element: {\"method\":\"xpath\",\"selector\":\"(//a[@class='add-to-cart yellow-btn'])[1]\"}\n  (Session info: chrome-headless-shell=126.0.6478.182); For documentation on this error, please visit: https://www.selenium.dev/documentation/webdriver/troubleshooting/errors#no-such-element-exception\nStacktrace:\n#0 0x5637a893cc5a <unknown>\n#1 0x5637a861fe2c <unknown>\n#2 0x5637a866c661 <unknown>\n#3 0x5637a866c751 <unknown>\n#4 0x5637a86b0f64 <unknown>\n#5 0x5637a868f5ed <unknown>\n#6 0x5637a86ae303 <unknown>\n#7 0x5637a868f363 <unknown>\n#8 0x5637a865f247 <unknown>\n#9 0x5637a865fb9e <unknown>\n#10 0x5637a890322b <unknown>\n#11 0x5637a89072d1 <unknown>\n#12 0x5637a88eeade <unknown>\n#13 0x5637a8907e32 <unknown>\n#14 0x5637a88d377f <unknown>\n#15 0x5637a892c618 <unknown>\n#16 0x5637a892c7f0 <unknown>\n#17 0x5637a893bd8c <unknown>\n#18 0x7f255b0fc134 <unknown>","time":{"start":1721178025997,"stop":1721178026407,"duration":410}},{"uid":"bc90de2f5929d310","reportUrl":"https://Nat754.github.io/StroyremAutomation/370//#testresult/bc90de2f5929d310","status":"skipped","statusDetails":"XFAIL\n\nselenium.common.exceptions.NoSuchElementException: Message: no such element: Unable to locate element: {\"method\":\"xpath\",\"selector\":\"(//a[@class='add-to-cart yellow-btn'])[1]\"}\n  (Session info: chrome-headless-shell=126.0.6478.126); For documentation on this error, please visit: https://www.selenium.dev/documentation/webdriver/troubleshooting/errors#no-such-element-exception\nStacktrace:\n#0 0x557fc2f52c7a <unknown>\n#1 0x557fc2c35e2c <unknown>\n#2 0x557fc2c82661 <unknown>\n#3 0x557fc2c82751 <unknown>\n#4 0x557fc2cc6f64 <unknown>\n#5 0x557fc2ca55ed <unknown>\n#6 0x557fc2cc4303 <unknown>\n#7 0x557fc2ca5363 <unknown>\n#8 0x557fc2c75247 <unknown>\n#9 0x557fc2c75b9e <unknown>\n#10 0x557fc2f1924b <unknown>\n#11 0x557fc2f1d2f1 <unknown>\n#12 0x557fc2f04afe <unknown>\n#13 0x557fc2f1de52 <unknown>\n#14 0x557fc2ee979f <unknown>\n#15 0x557fc2f42638 <unknown>\n#16 0x557fc2f42810 <unknown>\n#17 0x557fc2f51dac <unknown>\n#18 0x7fb1a929a134 <unknown>","time":{"start":1721091666037,"stop":1721091666463,"duration":426}},{"uid":"f0d29e20d23600fc","reportUrl":"https://Nat754.github.io/StroyremAutomation/369//#testresult/f0d29e20d23600fc","status":"skipped","statusDetails":"XFAIL\n\nselenium.common.exceptions.NoSuchElementException: Message: no such element: Unable to locate element: {\"method\":\"xpath\",\"selector\":\"(//a[@class='add-to-cart yellow-btn'])[1]\"}\n  (Session info: chrome-headless-shell=126.0.6478.126); For documentation on this error, please visit: https://www.selenium.dev/documentation/webdriver/troubleshooting/errors#no-such-element-exception\nStacktrace:\n#0 0x55b13cc12c7a <unknown>\n#1 0x55b13c8f5e2c <unknown>\n#2 0x55b13c942661 <unknown>\n#3 0x55b13c942751 <unknown>\n#4 0x55b13c986f64 <unknown>\n#5 0x55b13c9655ed <unknown>\n#6 0x55b13c984303 <unknown>\n#7 0x55b13c965363 <unknown>\n#8 0x55b13c935247 <unknown>\n#9 0x55b13c935b9e <unknown>\n#10 0x55b13cbd924b <unknown>\n#11 0x55b13cbdd2f1 <unknown>\n#12 0x55b13cbc4afe <unknown>\n#13 0x55b13cbdde52 <unknown>\n#14 0x55b13cba979f <unknown>\n#15 0x55b13cc02638 <unknown>\n#16 0x55b13cc02810 <unknown>\n#17 0x55b13cc11dac <unknown>\n#18 0x7fc4016b9134 <unknown>","time":{"start":1721005369528,"stop":1721005369958,"duration":430}},{"uid":"75c7fd55f0e1f32e","reportUrl":"https://Nat754.github.io/StroyremAutomation/368//#testresult/75c7fd55f0e1f32e","status":"skipped","statusDetails":"XFAIL\n\nselenium.common.exceptions.NoSuchElementException: Message: no such element: Unable to locate element: {\"method\":\"xpath\",\"selector\":\"(//a[@class='add-to-cart yellow-btn'])[1]\"}\n  (Session info: chrome-headless-shell=126.0.6478.126); For documentation on this error, please visit: https://www.selenium.dev/documentation/webdriver/troubleshooting/errors#no-such-element-exception\nStacktrace:\n#0 0x560a16183c7a <unknown>\n#1 0x560a15e66e2c <unknown>\n#2 0x560a15eb3661 <unknown>\n#3 0x560a15eb3751 <unknown>\n#4 0x560a15ef7f64 <unknown>\n#5 0x560a15ed65ed <unknown>\n#6 0x560a15ef5303 <unknown>\n#7 0x560a15ed6363 <unknown>\n#8 0x560a15ea6247 <unknown>\n#9 0x560a15ea6b9e <unknown>\n#10 0x560a1614a24b <unknown>\n#11 0x560a1614e2f1 <unknown>\n#12 0x560a16135afe <unknown>\n#13 0x560a1614ee52 <unknown>\n#14 0x560a1611a79f <unknown>\n#15 0x560a16173638 <unknown>\n#16 0x560a16173810 <unknown>\n#17 0x560a16182dac <unknown>\n#18 0x7f41a225b134 <unknown>","time":{"start":1720919084634,"stop":1720919085049,"duration":415}},{"uid":"d26631804362a8f7","reportUrl":"https://Nat754.github.io/StroyremAutomation/367//#testresult/d26631804362a8f7","status":"skipped","statusDetails":"XFAIL\n\nselenium.common.exceptions.NoSuchElementException: Message: no such element: Unable to locate element: {\"method\":\"xpath\",\"selector\":\"(//a[@class='add-to-cart yellow-btn'])[1]\"}\n  (Session info: chrome-headless-shell=126.0.6478.126); For documentation on this error, please visit: https://www.selenium.dev/documentation/webdriver/troubleshooting/errors#no-such-element-exception\nStacktrace:\n#0 0x55b3cebd9c7a <unknown>\n#1 0x55b3ce8bce2c <unknown>\n#2 0x55b3ce909661 <unknown>\n#3 0x55b3ce909751 <unknown>\n#4 0x55b3ce94df64 <unknown>\n#5 0x55b3ce92c5ed <unknown>\n#6 0x55b3ce94b303 <unknown>\n#7 0x55b3ce92c363 <unknown>\n#8 0x55b3ce8fc247 <unknown>\n#9 0x55b3ce8fcb9e <unknown>\n#10 0x55b3ceba024b <unknown>\n#11 0x55b3ceba42f1 <unknown>\n#12 0x55b3ceb8bafe <unknown>\n#13 0x55b3ceba4e52 <unknown>\n#14 0x55b3ceb7079f <unknown>\n#15 0x55b3cebc9638 <unknown>\n#16 0x55b3cebc9810 <unknown>\n#17 0x55b3cebd8dac <unknown>\n#18 0x7f28916a9134 <unknown>","time":{"start":1720832386261,"stop":1720832386787,"duration":526}},{"uid":"3ffedb9493e841dd","reportUrl":"https://Nat754.github.io/StroyremAutomation/366//#testresult/3ffedb9493e841dd","status":"skipped","statusDetails":"XFAIL\n\nselenium.common.exceptions.NoSuchElementException: Message: no such element: Unable to locate element: {\"method\":\"xpath\",\"selector\":\"(//a[@class='add-to-cart yellow-btn'])[1]\"}\n  (Session info: chrome-headless-shell=126.0.6478.126); For documentation on this error, please visit: https://www.selenium.dev/documentation/webdriver/troubleshooting/errors#no-such-element-exception\nStacktrace:\n#0 0x55e5494e6c7a <unknown>\n#1 0x55e5491c9e2c <unknown>\n#2 0x55e549216661 <unknown>\n#3 0x55e549216751 <unknown>\n#4 0x55e54925af64 <unknown>\n#5 0x55e5492395ed <unknown>\n#6 0x55e549258303 <unknown>\n#7 0x55e549239363 <unknown>\n#8 0x55e549209247 <unknown>\n#9 0x55e549209b9e <unknown>\n#10 0x55e5494ad24b <unknown>\n#11 0x55e5494b12f1 <unknown>\n#12 0x55e549498afe <unknown>\n#13 0x55e5494b1e52 <unknown>\n#14 0x55e54947d79f <unknown>\n#15 0x55e5494d6638 <unknown>\n#16 0x55e5494d6810 <unknown>\n#17 0x55e5494e5dac <unknown>\n#18 0x7f27fc1a5134 <unknown>","time":{"start":1720745999289,"stop":1720745999727,"duration":438}},{"uid":"6519cf0f8d1e9a46","reportUrl":"https://Nat754.github.io/StroyremAutomation/365//#testresult/6519cf0f8d1e9a46","status":"skipped","statusDetails":"XFAIL\n\nselenium.common.exceptions.NoSuchElementException: Message: no such element: Unable to locate element: {\"method\":\"xpath\",\"selector\":\"(//a[@class='add-to-cart yellow-btn'])[1]\"}\n  (Session info: chrome-headless-shell=126.0.6478.126); For documentation on this error, please visit: https://www.selenium.dev/documentation/webdriver/troubleshooting/errors#no-such-element-exception\nStacktrace:\n#0 0x55be147d2c7a <unknown>\n#1 0x55be144b5e2c <unknown>\n#2 0x55be14502661 <unknown>\n#3 0x55be14502751 <unknown>\n#4 0x55be14546f64 <unknown>\n#5 0x55be145255ed <unknown>\n#6 0x55be14544303 <unknown>\n#7 0x55be14525363 <unknown>\n#8 0x55be144f5247 <unknown>\n#9 0x55be144f5b9e <unknown>\n#10 0x55be1479924b <unknown>\n#11 0x55be1479d2f1 <unknown>\n#12 0x55be14784afe <unknown>\n#13 0x55be1479de52 <unknown>\n#14 0x55be1476979f <unknown>\n#15 0x55be147c2638 <unknown>\n#16 0x55be147c2810 <unknown>\n#17 0x55be147d1dac <unknown>\n#18 0x7fe2aa762134 <unknown>","time":{"start":1720659634755,"stop":1720659635227,"duration":472}},{"uid":"8af6b1dd689caf51","reportUrl":"https://Nat754.github.io/StroyremAutomation/364//#testresult/8af6b1dd689caf51","status":"skipped","statusDetails":"XFAIL\n\nselenium.common.exceptions.NoSuchElementException: Message: no such element: Unable to locate element: {\"method\":\"xpath\",\"selector\":\"(//a[@class='add-to-cart yellow-btn'])[1]\"}\n  (Session info: chrome-headless-shell=126.0.6478.126); For documentation on this error, please visit: https://www.selenium.dev/documentation/webdriver/troubleshooting/errors#no-such-element-exception\nStacktrace:\n#0 0x561f59ef1c7a <unknown>\n#1 0x561f59bd4e2c <unknown>\n#2 0x561f59c21661 <unknown>\n#3 0x561f59c21751 <unknown>\n#4 0x561f59c65f64 <unknown>\n#5 0x561f59c445ed <unknown>\n#6 0x561f59c63303 <unknown>\n#7 0x561f59c44363 <unknown>\n#8 0x561f59c14247 <unknown>\n#9 0x561f59c14b9e <unknown>\n#10 0x561f59eb824b <unknown>\n#11 0x561f59ebc2f1 <unknown>\n#12 0x561f59ea3afe <unknown>\n#13 0x561f59ebce52 <unknown>\n#14 0x561f59e8879f <unknown>\n#15 0x561f59ee1638 <unknown>\n#16 0x561f59ee1810 <unknown>\n#17 0x561f59ef0dac <unknown>\n#18 0x7fe52c8ba134 <unknown>","time":{"start":1720573241204,"stop":1720573241668,"duration":464}},{"uid":"681e9e213a105851","reportUrl":"https://Nat754.github.io/StroyremAutomation/363//#testresult/681e9e213a105851","status":"skipped","statusDetails":"XFAIL\n\nselenium.common.exceptions.NoSuchElementException: Message: no such element: Unable to locate element: {\"method\":\"xpath\",\"selector\":\"(//a[@class='add-to-cart yellow-btn'])[1]\"}\n  (Session info: chrome-headless-shell=126.0.6478.126); For documentation on this error, please visit: https://www.selenium.dev/documentation/webdriver/troubleshooting/errors#no-such-element-exception\nStacktrace:\n#0 0x56401b0c8c7a <unknown>\n#1 0x56401adabe2c <unknown>\n#2 0x56401adf8661 <unknown>\n#3 0x56401adf8751 <unknown>\n#4 0x56401ae3cf64 <unknown>\n#5 0x56401ae1b5ed <unknown>\n#6 0x56401ae3a303 <unknown>\n#7 0x56401ae1b363 <unknown>\n#8 0x56401adeb247 <unknown>\n#9 0x56401adebb9e <unknown>\n#10 0x56401b08f24b <unknown>\n#11 0x56401b0932f1 <unknown>\n#12 0x56401b07aafe <unknown>\n#13 0x56401b093e52 <unknown>\n#14 0x56401b05f79f <unknown>\n#15 0x56401b0b8638 <unknown>\n#16 0x56401b0b8810 <unknown>\n#17 0x56401b0c7dac <unknown>\n#18 0x7f5a9dc25134 <unknown>","time":{"start":1720486817065,"stop":1720486817456,"duration":391}},{"uid":"de3718747465522d","reportUrl":"https://Nat754.github.io/StroyremAutomation/362//#testresult/de3718747465522d","status":"skipped","statusDetails":"XFAIL\n\nselenium.common.exceptions.NoSuchElementException: Message: no such element: Unable to locate element: {\"method\":\"xpath\",\"selector\":\"(//a[@class='add-to-cart yellow-btn'])[1]\"}\n  (Session info: chrome-headless-shell=126.0.6478.126); For documentation on this error, please visit: https://www.selenium.dev/documentation/webdriver/troubleshooting/errors#no-such-element-exception\nStacktrace:\n#0 0x558ea18b0c7a <unknown>\n#1 0x558ea1593e2c <unknown>\n#2 0x558ea15e0661 <unknown>\n#3 0x558ea15e0751 <unknown>\n#4 0x558ea1624f64 <unknown>\n#5 0x558ea16035ed <unknown>\n#6 0x558ea1622303 <unknown>\n#7 0x558ea1603363 <unknown>\n#8 0x558ea15d3247 <unknown>\n#9 0x558ea15d3b9e <unknown>\n#10 0x558ea187724b <unknown>\n#11 0x558ea187b2f1 <unknown>\n#12 0x558ea1862afe <unknown>\n#13 0x558ea187be52 <unknown>\n#14 0x558ea184779f <unknown>\n#15 0x558ea18a0638 <unknown>\n#16 0x558ea18a0810 <unknown>\n#17 0x558ea18afdac <unknown>\n#18 0x7fcbead1b134 <unknown>","time":{"start":1720400448280,"stop":1720400448579,"duration":299}},{"uid":"67092658f9466f62","reportUrl":"https://Nat754.github.io/StroyremAutomation/361//#testresult/67092658f9466f62","status":"skipped","statusDetails":"XFAIL\n\nselenium.common.exceptions.NoSuchElementException: Message: no such element: Unable to locate element: {\"method\":\"xpath\",\"selector\":\"(//a[@class='add-to-cart yellow-btn'])[1]\"}\n  (Session info: chrome-headless-shell=126.0.6478.126); For documentation on this error, please visit: https://www.selenium.dev/documentation/webdriver/troubleshooting/errors#no-such-element-exception\nStacktrace:\n#0 0x5645f4495c7a <unknown>\n#1 0x5645f4178e2c <unknown>\n#2 0x5645f41c5661 <unknown>\n#3 0x5645f41c5751 <unknown>\n#4 0x5645f4209f64 <unknown>\n#5 0x5645f41e85ed <unknown>\n#6 0x5645f4207303 <unknown>\n#7 0x5645f41e8363 <unknown>\n#8 0x5645f41b8247 <unknown>\n#9 0x5645f41b8b9e <unknown>\n#10 0x5645f445c24b <unknown>\n#11 0x5645f44602f1 <unknown>\n#12 0x5645f4447afe <unknown>\n#13 0x5645f4460e52 <unknown>\n#14 0x5645f442c79f <unknown>\n#15 0x5645f4485638 <unknown>\n#16 0x5645f4485810 <unknown>\n#17 0x5645f4494dac <unknown>\n#18 0x7f6875858134 <unknown>","time":{"start":1720314210167,"stop":1720314210466,"duration":299}},{"uid":"20fca5f1090e1738","reportUrl":"https://Nat754.github.io/StroyremAutomation/360//#testresult/20fca5f1090e1738","status":"skipped","statusDetails":"XFAIL\n\nselenium.common.exceptions.NoSuchElementException: Message: no such element: Unable to locate element: {\"method\":\"xpath\",\"selector\":\"(//a[@class='add-to-cart yellow-btn'])[1]\"}\n  (Session info: chrome-headless-shell=126.0.6478.126); For documentation on this error, please visit: https://www.selenium.dev/documentation/webdriver/troubleshooting/errors#no-such-element-exception\nStacktrace:\n#0 0x55ca8e211c7a <unknown>\n#1 0x55ca8def4e2c <unknown>\n#2 0x55ca8df41661 <unknown>\n#3 0x55ca8df41751 <unknown>\n#4 0x55ca8df85f64 <unknown>\n#5 0x55ca8df645ed <unknown>\n#6 0x55ca8df83303 <unknown>\n#7 0x55ca8df64363 <unknown>\n#8 0x55ca8df34247 <unknown>\n#9 0x55ca8df34b9e <unknown>\n#10 0x55ca8e1d824b <unknown>\n#11 0x55ca8e1dc2f1 <unknown>\n#12 0x55ca8e1c3afe <unknown>\n#13 0x55ca8e1dce52 <unknown>\n#14 0x55ca8e1a879f <unknown>\n#15 0x55ca8e201638 <unknown>\n#16 0x55ca8e201810 <unknown>\n#17 0x55ca8e210dac <unknown>\n#18 0x7f01e3596134 <unknown>","time":{"start":1720227474155,"stop":1720227474775,"duration":620}},{"uid":"b864482f05d3d1c1","reportUrl":"https://Nat754.github.io/StroyremAutomation/359//#testresult/b864482f05d3d1c1","status":"skipped","statusDetails":"XFAIL\n\nselenium.common.exceptions.NoSuchElementException: Message: no such element: Unable to locate element: {\"method\":\"xpath\",\"selector\":\"(//a[@class='add-to-cart yellow-btn'])[1]\"}\n  (Session info: chrome-headless-shell=126.0.6478.126); For documentation on this error, please visit: https://www.selenium.dev/documentation/webdriver/troubleshooting/errors#no-such-element-exception\nStacktrace:\n#0 0x55884bd0dc7a <unknown>\n#1 0x55884b9f0e2c <unknown>\n#2 0x55884ba3d661 <unknown>\n#3 0x55884ba3d751 <unknown>\n#4 0x55884ba81f64 <unknown>\n#5 0x55884ba605ed <unknown>\n#6 0x55884ba7f303 <unknown>\n#7 0x55884ba60363 <unknown>\n#8 0x55884ba30247 <unknown>\n#9 0x55884ba30b9e <unknown>\n#10 0x55884bcd424b <unknown>\n#11 0x55884bcd82f1 <unknown>\n#12 0x55884bcbfafe <unknown>\n#13 0x55884bcd8e52 <unknown>\n#14 0x55884bca479f <unknown>\n#15 0x55884bcfd638 <unknown>\n#16 0x55884bcfd810 <unknown>\n#17 0x55884bd0cdac <unknown>\n#18 0x7fb02ceab134 <unknown>","time":{"start":1720141109820,"stop":1720141110235,"duration":415}},{"uid":"c42c7def5d3b1e0c","reportUrl":"https://Nat754.github.io/StroyremAutomation/358//#testresult/c42c7def5d3b1e0c","status":"skipped","statusDetails":"XFAIL\n\nselenium.common.exceptions.NoSuchElementException: Message: no such element: Unable to locate element: {\"method\":\"xpath\",\"selector\":\"(//a[@class='add-to-cart yellow-btn'])[1]\"}\n  (Session info: chrome-headless-shell=126.0.6478.126); For documentation on this error, please visit: https://www.selenium.dev/documentation/webdriver/troubleshooting/errors#no-such-element-exception\nStacktrace:\n#0 0x55d67fae6c7a <unknown>\n#1 0x55d67f7c9e2c <unknown>\n#2 0x55d67f816661 <unknown>\n#3 0x55d67f816751 <unknown>\n#4 0x55d67f85af64 <unknown>\n#5 0x55d67f8395ed <unknown>\n#6 0x55d67f858303 <unknown>\n#7 0x55d67f839363 <unknown>\n#8 0x55d67f809247 <unknown>\n#9 0x55d67f809b9e <unknown>\n#10 0x55d67faad24b <unknown>\n#11 0x55d67fab12f1 <unknown>\n#12 0x55d67fa98afe <unknown>\n#13 0x55d67fab1e52 <unknown>\n#14 0x55d67fa7d79f <unknown>\n#15 0x55d67fad6638 <unknown>\n#16 0x55d67fad6810 <unknown>\n#17 0x55d67fae5dac <unknown>\n#18 0x7f0f5b4b2134 <unknown>","time":{"start":1720054739318,"stop":1720054739647,"duration":329}},{"uid":"51dce5277e6dfab4","reportUrl":"https://Nat754.github.io/StroyremAutomation/357//#testresult/51dce5277e6dfab4","status":"skipped","statusDetails":"XFAIL\n\nselenium.common.exceptions.NoSuchElementException: Message: no such element: Unable to locate element: {\"method\":\"xpath\",\"selector\":\"(//a[@class='add-to-cart yellow-btn'])[1]\"}\n  (Session info: chrome-headless-shell=126.0.6478.126); For documentation on this error, please visit: https://www.selenium.dev/documentation/webdriver/troubleshooting/errors#no-such-element-exception\nStacktrace:\n#0 0x56548c01fc7a <unknown>\n#1 0x56548bd02e2c <unknown>\n#2 0x56548bd4f661 <unknown>\n#3 0x56548bd4f751 <unknown>\n#4 0x56548bd93f64 <unknown>\n#5 0x56548bd725ed <unknown>\n#6 0x56548bd91303 <unknown>\n#7 0x56548bd72363 <unknown>\n#8 0x56548bd42247 <unknown>\n#9 0x56548bd42b9e <unknown>\n#10 0x56548bfe624b <unknown>\n#11 0x56548bfea2f1 <unknown>\n#12 0x56548bfd1afe <unknown>\n#13 0x56548bfeae52 <unknown>\n#14 0x56548bfb679f <unknown>\n#15 0x56548c00f638 <unknown>\n#16 0x56548c00f810 <unknown>\n#17 0x56548c01edac <unknown>\n#18 0x7f2780f6f134 <unknown>","time":{"start":1719968385597,"stop":1719968386065,"duration":468}}]},"tags":["@pytest.mark.xfail","smoke_test"]},"source":"a902bba255fbfa16.json","parameterValues":["4490","149","'TD 008'","3980","'products/shtukaturka-gipsovaya-aksolit-m50-30-kg-mashinnogo-naneseniya'","2300","'https://sandboxtest.stroyrem-nn.ru/'","4500"]}