{"uid":"bbec4124e13d6521","name":"test_positive_delivery_green_zone_smoke[TD 002-products/shtukaturka-tsementnaya-bergauf-bau-putts-tsement-25kg-56sht-1-30-400-1590-2190-https://sandboxtest.stroyrem-nn.ru/]","fullName":"tests.delivery.test_delivery_calculation.TestDeliveryPageCalculation#test_positive_delivery_green_zone_smoke","historyId":"664bacae59a5acf1e4ceda0def0913e7","time":{"start":1721696455725,"stop":1721696461156,"duration":5431},"status":"skipped","statusMessage":"XFAIL\n\nselenium.common.exceptions.NoSuchElementException: Message: no such element: Unable to locate element: {\"method\":\"xpath\",\"selector\":\"(//a[@class='add-to-cart yellow-btn'])[1]\"}\n  (Session info: chrome-headless-shell=126.0.6478.182); For documentation on this error, please visit: https://www.selenium.dev/documentation/webdriver/troubleshooting/errors#no-such-element-exception\nStacktrace:\n#0 0x5609d0fc7c5a <unknown>\n#1 0x5609d0caae2c <unknown>\n#2 0x5609d0cf7661 <unknown>\n#3 0x5609d0cf7751 <unknown>\n#4 0x5609d0d3bf64 <unknown>\n#5 0x5609d0d1a5ed <unknown>\n#6 0x5609d0d39303 <unknown>\n#7 0x5609d0d1a363 <unknown>\n#8 0x5609d0cea247 <unknown>\n#9 0x5609d0ceab9e <unknown>\n#10 0x5609d0f8e22b <unknown>\n#11 0x5609d0f922d1 <unknown>\n#12 0x5609d0f79ade <unknown>\n#13 0x5609d0f92e32 <unknown>\n#14 0x5609d0f5e77f <unknown>\n#15 0x5609d0fb7618 <unknown>\n#16 0x5609d0fb77f0 <unknown>\n#17 0x5609d0fc6d8c <unknown>\n#18 0x7f16ecf78134 <unknown>","statusTrace":"self = <tests.delivery.test_delivery_calculation.TestDeliveryPageCalculation object at 0x7fb7e9ca9d50>\ndriver = <selenium.webdriver.chrome.webdriver.WebDriver (session=\"623895426c2f970376e71b3a56bb3f9b\")>\nurl = 'https://sandboxtest.stroyrem-nn.ru/', case_id = 'TD 002'\nlink_item = 'products/shtukaturka-tsementnaya-bergauf-bau-putts-tsement-25kg-56sht'\namount = 1, weight = 30, standard = 400, in_time = 1590, all_time = 2190\n\n    @pytest.mark.parametrize('case_id, link_item, amount, weight, standard, in_time, all_time', [\n        (\"TD 001\", uroven_3000, 1, 30, 0, 1590, 2190),\n        (\"TD 002\", bundeks_25, 1, 30, 400, 1590, 2190),\n        (\"TD 003\", aksolit_30, 8, 300, 400, 1590, 2190),\n        (\"TD 004\", aksolit_30, 13, 400, 450, 1590, 2190),\n        (\"TD 005\", aksolit_30, 16, 500, 600, 1590, 2190),\n        (\"TD 006\", aksolit_30, 25, 1700, 990, 1990, 2480),\n        (\"TD 007\", aksolit_30, 66, 2000, 1300, 2490, 2980),\n        (\"TD 008\", aksolit_30, 149, 4500, 2300, 3980, 4490),\n        (\"TD 009\", aksolit_30, 166, 5000, 2500, 4990, 5480),\n        pytest.param(\n            \"TD 010\", aksolit_30, 206, 6200, 2900, 5570, 6120,\n            marks=pytest.mark.xfail(reson=\"Цена доставки 3600 7960 8980\")\n        ),\n        (\"TD 011\", aksolit_30, 299, 9000, 3600, 7960, 8980),\n        (\"TD 012\", aksolit_30, 333, 10000, 4450, 11990, 12500),\n        pytest.param(\n            \"TD 013\", aksolit_30, 366, 11000, 4800, 12450, 13480,\n            marks=pytest.mark.xfail(reason=\"Цена стандартной доставки 4450\")\n        ),\n        pytest.param(\n            \"TD 014\", aksolit_30, 666, 20000, 5400, 15600, 17490,\n            marks=pytest.mark.xfail(reason=\"Цена стандартной доставки 4450\")\n        )\n    ])\n    @pytest.mark.xfail\n    @pytest.mark.smoke_test\n    def test_positive_delivery_green_zone_smoke(\n            self, driver, url, case_id, link_item, amount, weight, standard, in_time, all_time\n    ):\n    \n        driver.get(f'{url}{link_item}')\n        item_page = ItemPage(driver)\n>       item_page.add_item_to_cart(amount).click_on_cart()\n\ntests/delivery/test_delivery_calculation.py:50: \n_ _ _ _ _ _ _ _ _ _ _ _ _ _ _ _ _ _ _ _ _ _ _ _ _ _ _ _ _ _ _ _ _ _ _ _ _ _ _ _ \npages/item_page.py:40: in add_item_to_cart\n    self.find_element(self._add_item).click()\nbase/seleniumbase.py:17: in find_element\n    return self.driver.find_element(*locator)\n/usr/local/lib/python3.11/site-packages/selenium/webdriver/remote/webdriver.py:739: in find_element\n    return self.execute(Command.FIND_ELEMENT, {\"using\": by, \"value\": value})[\"value\"]\n/usr/local/lib/python3.11/site-packages/selenium/webdriver/remote/webdriver.py:345: in execute\n    self.error_handler.check_response(response)\n_ _ _ _ _ _ _ _ _ _ _ _ _ _ _ _ _ _ _ _ _ _ _ _ _ _ _ _ _ _ _ _ _ _ _ _ _ _ _ _ \n\nself = <selenium.webdriver.remote.errorhandler.ErrorHandler object at 0x7fb7e9d408d0>\nresponse = {'status': 404, 'value': '{\"value\":{\"error\":\"no such element\",\"message\":\"no such element: Unable to locate element: {\\...\\\\n#16 0x5609d0fb77f0 \\\\u003Cunknown>\\\\n#17 0x5609d0fc6d8c \\\\u003Cunknown>\\\\n#18 0x7f16ecf78134 \\\\u003Cunknown>\\\\n\"}}'}\n\n    def check_response(self, response: Dict[str, Any]) -> None:\n        \"\"\"Checks that a JSON response from the WebDriver does not have an\n        error.\n    \n        :Args:\n         - response - The JSON response from the WebDriver server as a dictionary\n           object.\n    \n        :Raises: If the response contains an error message.\n        \"\"\"\n        status = response.get(\"status\", None)\n        if not status or status == ErrorCode.SUCCESS:\n            return\n        value = None\n        message = response.get(\"message\", \"\")\n        screen: str = response.get(\"screen\", \"\")\n        stacktrace = None\n        if isinstance(status, int):\n            value_json = response.get(\"value\", None)\n            if value_json and isinstance(value_json, str):\n                import json\n    \n                try:\n                    value = json.loads(value_json)\n                    if len(value) == 1:\n                        value = value[\"value\"]\n                    status = value.get(\"error\", None)\n                    if not status:\n                        status = value.get(\"status\", ErrorCode.UNKNOWN_ERROR)\n                        message = value.get(\"value\") or value.get(\"message\")\n                        if not isinstance(message, str):\n                            value = message\n                            message = message.get(\"message\")\n                    else:\n                        message = value.get(\"message\", None)\n                except ValueError:\n                    pass\n    \n        exception_class: Type[WebDriverException]\n        e = ErrorCode()\n        error_codes = [item for item in dir(e) if not item.startswith(\"__\")]\n        for error_code in error_codes:\n            error_info = getattr(ErrorCode, error_code)\n            if isinstance(error_info, list) and status in error_info:\n                exception_class = getattr(ExceptionMapping, error_code, WebDriverException)\n                break\n        else:\n            exception_class = WebDriverException\n    \n        if not value:\n            value = response[\"value\"]\n        if isinstance(value, str):\n            raise exception_class(value)\n        if message == \"\" and \"message\" in value:\n            message = value[\"message\"]\n    \n        screen = None  # type: ignore[assignment]\n        if \"screen\" in value:\n            screen = value[\"screen\"]\n    \n        stacktrace = None\n        st_value = value.get(\"stackTrace\") or value.get(\"stacktrace\")\n        if st_value:\n            if isinstance(st_value, str):\n                stacktrace = st_value.split(\"\\n\")\n            else:\n                stacktrace = []\n                try:\n                    for frame in st_value:\n                        line = frame.get(\"lineNumber\", \"\")\n                        file = frame.get(\"fileName\", \"<anonymous>\")\n                        if line:\n                            file = f\"{file}:{line}\"\n                        meth = frame.get(\"methodName\", \"<anonymous>\")\n                        if \"className\" in frame:\n                            meth = f\"{frame['className']}.{meth}\"\n                        msg = \"    at %s (%s)\"\n                        msg = msg % (meth, file)\n                        stacktrace.append(msg)\n                except TypeError:\n                    pass\n        if exception_class == UnexpectedAlertPresentException:\n            alert_text = None\n            if \"data\" in value:\n                alert_text = value[\"data\"].get(\"text\")\n            elif \"alert\" in value:\n                alert_text = value[\"alert\"].get(\"text\")\n            raise exception_class(message, screen, stacktrace, alert_text)  # type: ignore[call-arg]  # mypy is not smart enough here\n>       raise exception_class(message, screen, stacktrace)\nE       selenium.common.exceptions.NoSuchElementException: Message: no such element: Unable to locate element: {\"method\":\"xpath\",\"selector\":\"(//a[@class='add-to-cart yellow-btn'])[1]\"}\nE         (Session info: chrome-headless-shell=126.0.6478.182); For documentation on this error, please visit: https://www.selenium.dev/documentation/webdriver/troubleshooting/errors#no-such-element-exception\nE       Stacktrace:\nE       #0 0x5609d0fc7c5a <unknown>\nE       #1 0x5609d0caae2c <unknown>\nE       #2 0x5609d0cf7661 <unknown>\nE       #3 0x5609d0cf7751 <unknown>\nE       #4 0x5609d0d3bf64 <unknown>\nE       #5 0x5609d0d1a5ed <unknown>\nE       #6 0x5609d0d39303 <unknown>\nE       #7 0x5609d0d1a363 <unknown>\nE       #8 0x5609d0cea247 <unknown>\nE       #9 0x5609d0ceab9e <unknown>\nE       #10 0x5609d0f8e22b <unknown>\nE       #11 0x5609d0f922d1 <unknown>\nE       #12 0x5609d0f79ade <unknown>\nE       #13 0x5609d0f92e32 <unknown>\nE       #14 0x5609d0f5e77f <unknown>\nE       #15 0x5609d0fb7618 <unknown>\nE       #16 0x5609d0fb77f0 <unknown>\nE       #17 0x5609d0fc6d8c <unknown>\nE       #18 0x7f16ecf78134 <unknown>\n\n/usr/local/lib/python3.11/site-packages/selenium/webdriver/remote/errorhandler.py:229: NoSuchElementException","flaky":false,"newFailed":false,"newBroken":false,"newPassed":false,"retriesCount":0,"retriesStatusChange":false,"beforeStages":[{"name":"_session_faker","time":{"start":1721696196882,"stop":1721696196951,"duration":69},"status":"passed","steps":[],"attachments":[],"parameters":[],"shouldDisplayMessage":false,"stepsCount":0,"attachmentsCount":0,"hasContent":false,"attachmentStep":false},{"name":"clear_allure_results_folder","time":{"start":1721696196951,"stop":1721696196951,"duration":0},"status":"passed","steps":[],"attachments":[],"parameters":[],"shouldDisplayMessage":false,"stepsCount":0,"attachmentsCount":0,"hasContent":false,"attachmentStep":false},{"name":"driver","time":{"start":1721696455028,"stop":1721696455724,"duration":696},"status":"passed","steps":[],"attachments":[],"parameters":[],"shouldDisplayMessage":false,"stepsCount":0,"attachmentsCount":0,"hasContent":false,"attachmentStep":false},{"name":"setup","time":{"start":1721696455724,"stop":1721696455724,"duration":0},"status":"passed","steps":[],"attachments":[],"parameters":[],"shouldDisplayMessage":false,"stepsCount":0,"attachmentsCount":0,"hasContent":false,"attachmentStep":false}],"testStage":{"status":"skipped","statusMessage":"XFAIL\n\nselenium.common.exceptions.NoSuchElementException: Message: no such element: Unable to locate element: {\"method\":\"xpath\",\"selector\":\"(//a[@class='add-to-cart yellow-btn'])[1]\"}\n  (Session info: chrome-headless-shell=126.0.6478.182); For documentation on this error, please visit: https://www.selenium.dev/documentation/webdriver/troubleshooting/errors#no-such-element-exception\nStacktrace:\n#0 0x5609d0fc7c5a <unknown>\n#1 0x5609d0caae2c <unknown>\n#2 0x5609d0cf7661 <unknown>\n#3 0x5609d0cf7751 <unknown>\n#4 0x5609d0d3bf64 <unknown>\n#5 0x5609d0d1a5ed <unknown>\n#6 0x5609d0d39303 <unknown>\n#7 0x5609d0d1a363 <unknown>\n#8 0x5609d0cea247 <unknown>\n#9 0x5609d0ceab9e <unknown>\n#10 0x5609d0f8e22b <unknown>\n#11 0x5609d0f922d1 <unknown>\n#12 0x5609d0f79ade <unknown>\n#13 0x5609d0f92e32 <unknown>\n#14 0x5609d0f5e77f <unknown>\n#15 0x5609d0fb7618 <unknown>\n#16 0x5609d0fb77f0 <unknown>\n#17 0x5609d0fc6d8c <unknown>\n#18 0x7f16ecf78134 <unknown>","statusTrace":"self = <tests.delivery.test_delivery_calculation.TestDeliveryPageCalculation object at 0x7fb7e9ca9d50>\ndriver = <selenium.webdriver.chrome.webdriver.WebDriver (session=\"623895426c2f970376e71b3a56bb3f9b\")>\nurl = 'https://sandboxtest.stroyrem-nn.ru/', case_id = 'TD 002'\nlink_item = 'products/shtukaturka-tsementnaya-bergauf-bau-putts-tsement-25kg-56sht'\namount = 1, weight = 30, standard = 400, in_time = 1590, all_time = 2190\n\n    @pytest.mark.parametrize('case_id, link_item, amount, weight, standard, in_time, all_time', [\n        (\"TD 001\", uroven_3000, 1, 30, 0, 1590, 2190),\n        (\"TD 002\", bundeks_25, 1, 30, 400, 1590, 2190),\n        (\"TD 003\", aksolit_30, 8, 300, 400, 1590, 2190),\n        (\"TD 004\", aksolit_30, 13, 400, 450, 1590, 2190),\n        (\"TD 005\", aksolit_30, 16, 500, 600, 1590, 2190),\n        (\"TD 006\", aksolit_30, 25, 1700, 990, 1990, 2480),\n        (\"TD 007\", aksolit_30, 66, 2000, 1300, 2490, 2980),\n        (\"TD 008\", aksolit_30, 149, 4500, 2300, 3980, 4490),\n        (\"TD 009\", aksolit_30, 166, 5000, 2500, 4990, 5480),\n        pytest.param(\n            \"TD 010\", aksolit_30, 206, 6200, 2900, 5570, 6120,\n            marks=pytest.mark.xfail(reson=\"Цена доставки 3600 7960 8980\")\n        ),\n        (\"TD 011\", aksolit_30, 299, 9000, 3600, 7960, 8980),\n        (\"TD 012\", aksolit_30, 333, 10000, 4450, 11990, 12500),\n        pytest.param(\n            \"TD 013\", aksolit_30, 366, 11000, 4800, 12450, 13480,\n            marks=pytest.mark.xfail(reason=\"Цена стандартной доставки 4450\")\n        ),\n        pytest.param(\n            \"TD 014\", aksolit_30, 666, 20000, 5400, 15600, 17490,\n            marks=pytest.mark.xfail(reason=\"Цена стандартной доставки 4450\")\n        )\n    ])\n    @pytest.mark.xfail\n    @pytest.mark.smoke_test\n    def test_positive_delivery_green_zone_smoke(\n            self, driver, url, case_id, link_item, amount, weight, standard, in_time, all_time\n    ):\n    \n        driver.get(f'{url}{link_item}')\n        item_page = ItemPage(driver)\n>       item_page.add_item_to_cart(amount).click_on_cart()\n\ntests/delivery/test_delivery_calculation.py:50: \n_ _ _ _ _ _ _ _ _ _ _ _ _ _ _ _ _ _ _ _ _ _ _ _ _ _ _ _ _ _ _ _ _ _ _ _ _ _ _ _ \npages/item_page.py:40: in add_item_to_cart\n    self.find_element(self._add_item).click()\nbase/seleniumbase.py:17: in find_element\n    return self.driver.find_element(*locator)\n/usr/local/lib/python3.11/site-packages/selenium/webdriver/remote/webdriver.py:739: in find_element\n    return self.execute(Command.FIND_ELEMENT, {\"using\": by, \"value\": value})[\"value\"]\n/usr/local/lib/python3.11/site-packages/selenium/webdriver/remote/webdriver.py:345: in execute\n    self.error_handler.check_response(response)\n_ _ _ _ _ _ _ _ _ _ _ _ _ _ _ _ _ _ _ _ _ _ _ _ _ _ _ _ _ _ _ _ _ _ _ _ _ _ _ _ \n\nself = <selenium.webdriver.remote.errorhandler.ErrorHandler object at 0x7fb7e9d408d0>\nresponse = {'status': 404, 'value': '{\"value\":{\"error\":\"no such element\",\"message\":\"no such element: Unable to locate element: {\\...\\\\n#16 0x5609d0fb77f0 \\\\u003Cunknown>\\\\n#17 0x5609d0fc6d8c \\\\u003Cunknown>\\\\n#18 0x7f16ecf78134 \\\\u003Cunknown>\\\\n\"}}'}\n\n    def check_response(self, response: Dict[str, Any]) -> None:\n        \"\"\"Checks that a JSON response from the WebDriver does not have an\n        error.\n    \n        :Args:\n         - response - The JSON response from the WebDriver server as a dictionary\n           object.\n    \n        :Raises: If the response contains an error message.\n        \"\"\"\n        status = response.get(\"status\", None)\n        if not status or status == ErrorCode.SUCCESS:\n            return\n        value = None\n        message = response.get(\"message\", \"\")\n        screen: str = response.get(\"screen\", \"\")\n        stacktrace = None\n        if isinstance(status, int):\n            value_json = response.get(\"value\", None)\n            if value_json and isinstance(value_json, str):\n                import json\n    \n                try:\n                    value = json.loads(value_json)\n                    if len(value) == 1:\n                        value = value[\"value\"]\n                    status = value.get(\"error\", None)\n                    if not status:\n                        status = value.get(\"status\", ErrorCode.UNKNOWN_ERROR)\n                        message = value.get(\"value\") or value.get(\"message\")\n                        if not isinstance(message, str):\n                            value = message\n                            message = message.get(\"message\")\n                    else:\n                        message = value.get(\"message\", None)\n                except ValueError:\n                    pass\n    \n        exception_class: Type[WebDriverException]\n        e = ErrorCode()\n        error_codes = [item for item in dir(e) if not item.startswith(\"__\")]\n        for error_code in error_codes:\n            error_info = getattr(ErrorCode, error_code)\n            if isinstance(error_info, list) and status in error_info:\n                exception_class = getattr(ExceptionMapping, error_code, WebDriverException)\n                break\n        else:\n            exception_class = WebDriverException\n    \n        if not value:\n            value = response[\"value\"]\n        if isinstance(value, str):\n            raise exception_class(value)\n        if message == \"\" and \"message\" in value:\n            message = value[\"message\"]\n    \n        screen = None  # type: ignore[assignment]\n        if \"screen\" in value:\n            screen = value[\"screen\"]\n    \n        stacktrace = None\n        st_value = value.get(\"stackTrace\") or value.get(\"stacktrace\")\n        if st_value:\n            if isinstance(st_value, str):\n                stacktrace = st_value.split(\"\\n\")\n            else:\n                stacktrace = []\n                try:\n                    for frame in st_value:\n                        line = frame.get(\"lineNumber\", \"\")\n                        file = frame.get(\"fileName\", \"<anonymous>\")\n                        if line:\n                            file = f\"{file}:{line}\"\n                        meth = frame.get(\"methodName\", \"<anonymous>\")\n                        if \"className\" in frame:\n                            meth = f\"{frame['className']}.{meth}\"\n                        msg = \"    at %s (%s)\"\n                        msg = msg % (meth, file)\n                        stacktrace.append(msg)\n                except TypeError:\n                    pass\n        if exception_class == UnexpectedAlertPresentException:\n            alert_text = None\n            if \"data\" in value:\n                alert_text = value[\"data\"].get(\"text\")\n            elif \"alert\" in value:\n                alert_text = value[\"alert\"].get(\"text\")\n            raise exception_class(message, screen, stacktrace, alert_text)  # type: ignore[call-arg]  # mypy is not smart enough here\n>       raise exception_class(message, screen, stacktrace)\nE       selenium.common.exceptions.NoSuchElementException: Message: no such element: Unable to locate element: {\"method\":\"xpath\",\"selector\":\"(//a[@class='add-to-cart yellow-btn'])[1]\"}\nE         (Session info: chrome-headless-shell=126.0.6478.182); For documentation on this error, please visit: https://www.selenium.dev/documentation/webdriver/troubleshooting/errors#no-such-element-exception\nE       Stacktrace:\nE       #0 0x5609d0fc7c5a <unknown>\nE       #1 0x5609d0caae2c <unknown>\nE       #2 0x5609d0cf7661 <unknown>\nE       #3 0x5609d0cf7751 <unknown>\nE       #4 0x5609d0d3bf64 <unknown>\nE       #5 0x5609d0d1a5ed <unknown>\nE       #6 0x5609d0d39303 <unknown>\nE       #7 0x5609d0d1a363 <unknown>\nE       #8 0x5609d0cea247 <unknown>\nE       #9 0x5609d0ceab9e <unknown>\nE       #10 0x5609d0f8e22b <unknown>\nE       #11 0x5609d0f922d1 <unknown>\nE       #12 0x5609d0f79ade <unknown>\nE       #13 0x5609d0f92e32 <unknown>\nE       #14 0x5609d0f5e77f <unknown>\nE       #15 0x5609d0fb7618 <unknown>\nE       #16 0x5609d0fb77f0 <unknown>\nE       #17 0x5609d0fc6d8c <unknown>\nE       #18 0x7f16ecf78134 <unknown>\n\n/usr/local/lib/python3.11/site-packages/selenium/webdriver/remote/errorhandler.py:229: NoSuchElementException","steps":[{"name":"Добавляем товар в корзину в количестве 1","time":{"start":1721696461140,"stop":1721696461156,"duration":16},"status":"broken","statusMessage":"selenium.common.exceptions.NoSuchElementException: Message: no such element: Unable to locate element: {\"method\":\"xpath\",\"selector\":\"(//a[@class='add-to-cart yellow-btn'])[1]\"}\n  (Session info: chrome-headless-shell=126.0.6478.182); For documentation on this error, please visit: https://www.selenium.dev/documentation/webdriver/troubleshooting/errors#no-such-element-exception\nStacktrace:\n#0 0x5609d0fc7c5a <unknown>\n#1 0x5609d0caae2c <unknown>\n#2 0x5609d0cf7661 <unknown>\n#3 0x5609d0cf7751 <unknown>\n#4 0x5609d0d3bf64 <unknown>\n#5 0x5609d0d1a5ed <unknown>\n#6 0x5609d0d39303 <unknown>\n#7 0x5609d0d1a363 <unknown>\n#8 0x5609d0cea247 <unknown>\n#9 0x5609d0ceab9e <unknown>\n#10 0x5609d0f8e22b <unknown>\n#11 0x5609d0f922d1 <unknown>\n#12 0x5609d0f79ade <unknown>\n#13 0x5609d0f92e32 <unknown>\n#14 0x5609d0f5e77f <unknown>\n#15 0x5609d0fb7618 <unknown>\n#16 0x5609d0fb77f0 <unknown>\n#17 0x5609d0fc6d8c <unknown>\n#18 0x7f16ecf78134 <unknown>\n\n","statusTrace":"  File \"/usr/local/lib/python3.11/site-packages/allure_commons/_allure.py\", line 192, in impl\n    return func(*a, **kw)\n           ^^^^^^^^^^^^^^\n  File \"/app/pages/item_page.py\", line 40, in add_item_to_cart\n    self.find_element(self._add_item).click()\n    ^^^^^^^^^^^^^^^^^^^^^^^^^^^^^^^^^\n  File \"/app/base/seleniumbase.py\", line 17, in find_element\n    return self.driver.find_element(*locator)\n           ^^^^^^^^^^^^^^^^^^^^^^^^^^^^^^^^^^\n  File \"/usr/local/lib/python3.11/site-packages/selenium/webdriver/remote/webdriver.py\", line 739, in find_element\n    return self.execute(Command.FIND_ELEMENT, {\"using\": by, \"value\": value})[\"value\"]\n           ^^^^^^^^^^^^^^^^^^^^^^^^^^^^^^^^^^^^^^^^^^^^^^^^^^^^^^^^^^^^^^^^^\n  File \"/usr/local/lib/python3.11/site-packages/selenium/webdriver/remote/webdriver.py\", line 345, in execute\n    self.error_handler.check_response(response)\n  File \"/usr/local/lib/python3.11/site-packages/selenium/webdriver/remote/errorhandler.py\", line 229, in check_response\n    raise exception_class(message, screen, stacktrace)\n","steps":[],"attachments":[],"parameters":[{"name":"amount","value":"1"}],"shouldDisplayMessage":true,"stepsCount":0,"attachmentsCount":0,"hasContent":true,"attachmentStep":false}],"attachments":[{"uid":"98e0681eba942dd7","name":"Screenshot","source":"98e0681eba942dd7.png","type":"image/png","size":4720},{"uid":"f033ba290f3923a8","name":"HTML source","source":"f033ba290f3923a8.html","type":"text/html","size":39}],"parameters":[],"shouldDisplayMessage":true,"stepsCount":1,"attachmentsCount":2,"hasContent":true,"attachmentStep":false},"afterStages":[{"name":"setup::0","time":{"start":1721696461246,"stop":1721696461246,"duration":0},"status":"passed","steps":[],"attachments":[],"parameters":[],"shouldDisplayMessage":false,"stepsCount":0,"attachmentsCount":0,"hasContent":false,"attachmentStep":false},{"name":"driver::0","time":{"start":1721696461246,"stop":1721696461306,"duration":60},"status":"passed","steps":[],"attachments":[],"parameters":[],"shouldDisplayMessage":false,"stepsCount":0,"attachmentsCount":0,"hasContent":false,"attachmentStep":false}],"labels":[{"name":"epic","value":"Delivery Page - calculation"},{"name":"tag","value":"smoke_test"},{"name":"tag","value":"@pytest.mark.xfail"},{"name":"parentSuite","value":"tests.delivery"},{"name":"suite","value":"test_delivery_calculation"},{"name":"subSuite","value":"TestDeliveryPageCalculation"},{"name":"host","value":"f0a6c82bd950"},{"name":"thread","value":"1-MainThread"},{"name":"framework","value":"pytest"},{"name":"language","value":"cpython3"},{"name":"package","value":"tests.delivery.test_delivery_calculation"},{"name":"resultFormat","value":"allure2"}],"parameters":[{"name":"all_time","value":"2190"},{"name":"amount","value":"1"},{"name":"case_id","value":"'TD 002'"},{"name":"in_time","value":"1590"},{"name":"link_item","value":"'products/shtukaturka-tsementnaya-bergauf-bau-putts-tsement-25kg-56sht'"},{"name":"standard","value":"400"},{"name":"url","value":"'https://sandboxtest.stroyrem-nn.ru/'"},{"name":"weight","value":"30"}],"links":[],"hidden":false,"retry":false,"extra":{"severity":"normal","retries":[],"categories":[],"history":{"statistic":{"failed":0,"broken":0,"skipped":55,"passed":0,"unknown":0,"total":55},"items":[{"uid":"7eef3923f0bda306","reportUrl":"https://Nat754.github.io/StroyremAutomation/376//#testresult/7eef3923f0bda306","status":"skipped","statusDetails":"XFAIL\n\nselenium.common.exceptions.NoSuchElementException: Message: no such element: Unable to locate element: {\"method\":\"xpath\",\"selector\":\"(//a[@class='add-to-cart yellow-btn'])[1]\"}\n  (Session info: chrome-headless-shell=126.0.6478.182); For documentation on this error, please visit: https://www.selenium.dev/documentation/webdriver/troubleshooting/errors#no-such-element-exception\nStacktrace:\n#0 0x5655326e8c5a <unknown>\n#1 0x5655323cbe2c <unknown>\n#2 0x565532418661 <unknown>\n#3 0x565532418751 <unknown>\n#4 0x56553245cf64 <unknown>\n#5 0x56553243b5ed <unknown>\n#6 0x56553245a303 <unknown>\n#7 0x56553243b363 <unknown>\n#8 0x56553240b247 <unknown>\n#9 0x56553240bb9e <unknown>\n#10 0x5655326af22b <unknown>\n#11 0x5655326b32d1 <unknown>\n#12 0x56553269aade <unknown>\n#13 0x5655326b3e32 <unknown>\n#14 0x56553267f77f <unknown>\n#15 0x5655326d8618 <unknown>\n#16 0x5655326d87f0 <unknown>\n#17 0x5655326e7d8c <unknown>\n#18 0x7f1dea0bb134 <unknown>","time":{"start":1721610150432,"stop":1721610151036,"duration":604}},{"uid":"e8cc433eb0f13764","reportUrl":"https://Nat754.github.io/StroyremAutomation/375//#testresult/e8cc433eb0f13764","status":"skipped","statusDetails":"XFAIL\n\nselenium.common.exceptions.NoSuchElementException: Message: no such element: Unable to locate element: {\"method\":\"xpath\",\"selector\":\"(//a[@class='add-to-cart yellow-btn'])[1]\"}\n  (Session info: chrome-headless-shell=126.0.6478.182); For documentation on this error, please visit: https://www.selenium.dev/documentation/webdriver/troubleshooting/errors#no-such-element-exception\nStacktrace:\n#0 0x56325011dc5a <unknown>\n#1 0x56324fe00e2c <unknown>\n#2 0x56324fe4d661 <unknown>\n#3 0x56324fe4d751 <unknown>\n#4 0x56324fe91f64 <unknown>\n#5 0x56324fe705ed <unknown>\n#6 0x56324fe8f303 <unknown>\n#7 0x56324fe70363 <unknown>\n#8 0x56324fe40247 <unknown>\n#9 0x56324fe40b9e <unknown>\n#10 0x5632500e422b <unknown>\n#11 0x5632500e82d1 <unknown>\n#12 0x5632500cfade <unknown>\n#13 0x5632500e8e32 <unknown>\n#14 0x5632500b477f <unknown>\n#15 0x56325010d618 <unknown>\n#16 0x56325010d7f0 <unknown>\n#17 0x56325011cd8c <unknown>\n#18 0x7f0228abb134 <unknown>","time":{"start":1721523860148,"stop":1721523860547,"duration":399}},{"uid":"cbb40f3c4a96d3d9","reportUrl":"https://Nat754.github.io/StroyremAutomation/374//#testresult/cbb40f3c4a96d3d9","status":"skipped","statusDetails":"XFAIL\n\nselenium.common.exceptions.NoSuchElementException: Message: no such element: Unable to locate element: {\"method\":\"xpath\",\"selector\":\"(//a[@class='add-to-cart yellow-btn'])[1]\"}\n  (Session info: chrome-headless-shell=126.0.6478.182); For documentation on this error, please visit: https://www.selenium.dev/documentation/webdriver/troubleshooting/errors#no-such-element-exception\nStacktrace:\n#0 0x55f2b18a8c5a <unknown>\n#1 0x55f2b158be2c <unknown>\n#2 0x55f2b15d8661 <unknown>\n#3 0x55f2b15d8751 <unknown>\n#4 0x55f2b161cf64 <unknown>\n#5 0x55f2b15fb5ed <unknown>\n#6 0x55f2b161a303 <unknown>\n#7 0x55f2b15fb363 <unknown>\n#8 0x55f2b15cb247 <unknown>\n#9 0x55f2b15cbb9e <unknown>\n#10 0x55f2b186f22b <unknown>\n#11 0x55f2b18732d1 <unknown>\n#12 0x55f2b185aade <unknown>\n#13 0x55f2b1873e32 <unknown>\n#14 0x55f2b183f77f <unknown>\n#15 0x55f2b1898618 <unknown>\n#16 0x55f2b18987f0 <unknown>\n#17 0x55f2b18a7d8c <unknown>\n#18 0x7f482feb9134 <unknown>","time":{"start":1721437176577,"stop":1721437177148,"duration":571}},{"uid":"7b7d01e15aaf3c3a","reportUrl":"https://Nat754.github.io/StroyremAutomation/373//#testresult/7b7d01e15aaf3c3a","status":"skipped","statusDetails":"XFAIL\n\nselenium.common.exceptions.NoSuchElementException: Message: no such element: Unable to locate element: {\"method\":\"xpath\",\"selector\":\"(//a[@class='add-to-cart yellow-btn'])[1]\"}\n  (Session info: chrome-headless-shell=126.0.6478.182); For documentation on this error, please visit: https://www.selenium.dev/documentation/webdriver/troubleshooting/errors#no-such-element-exception\nStacktrace:\n#0 0x562bd481ac5a <unknown>\n#1 0x562bd44fde2c <unknown>\n#2 0x562bd454a661 <unknown>\n#3 0x562bd454a751 <unknown>\n#4 0x562bd458ef64 <unknown>\n#5 0x562bd456d5ed <unknown>\n#6 0x562bd458c303 <unknown>\n#7 0x562bd456d363 <unknown>\n#8 0x562bd453d247 <unknown>\n#9 0x562bd453db9e <unknown>\n#10 0x562bd47e122b <unknown>\n#11 0x562bd47e52d1 <unknown>\n#12 0x562bd47ccade <unknown>\n#13 0x562bd47e5e32 <unknown>\n#14 0x562bd47b177f <unknown>\n#15 0x562bd480a618 <unknown>\n#16 0x562bd480a7f0 <unknown>\n#17 0x562bd4819d8c <unknown>\n#18 0x7f55cc241134 <unknown>","time":{"start":1721350822460,"stop":1721350823065,"duration":605}},{"uid":"e324b14bdd7383c","reportUrl":"https://Nat754.github.io/StroyremAutomation/372//#testresult/e324b14bdd7383c","status":"skipped","statusDetails":"XFAIL\n\nselenium.common.exceptions.NoSuchElementException: Message: no such element: Unable to locate element: {\"method\":\"xpath\",\"selector\":\"(//a[@class='add-to-cart yellow-btn'])[1]\"}\n  (Session info: chrome-headless-shell=126.0.6478.182); For documentation on this error, please visit: https://www.selenium.dev/documentation/webdriver/troubleshooting/errors#no-such-element-exception\nStacktrace:\n#0 0x559e0165dc5a <unknown>\n#1 0x559e01340e2c <unknown>\n#2 0x559e0138d661 <unknown>\n#3 0x559e0138d751 <unknown>\n#4 0x559e013d1f64 <unknown>\n#5 0x559e013b05ed <unknown>\n#6 0x559e013cf303 <unknown>\n#7 0x559e013b0363 <unknown>\n#8 0x559e01380247 <unknown>\n#9 0x559e01380b9e <unknown>\n#10 0x559e0162422b <unknown>\n#11 0x559e016282d1 <unknown>\n#12 0x559e0160fade <unknown>\n#13 0x559e01628e32 <unknown>\n#14 0x559e015f477f <unknown>\n#15 0x559e0164d618 <unknown>\n#16 0x559e0164d7f0 <unknown>\n#17 0x559e0165cd8c <unknown>\n#18 0x7fc3a9308134 <unknown>","time":{"start":1721264397570,"stop":1721264397964,"duration":394}},{"uid":"abb9c52c124f1b66","reportUrl":"https://Nat754.github.io/StroyremAutomation/371//#testresult/abb9c52c124f1b66","status":"skipped","statusDetails":"XFAIL\n\nselenium.common.exceptions.NoSuchElementException: Message: no such element: Unable to locate element: {\"method\":\"xpath\",\"selector\":\"(//a[@class='add-to-cart yellow-btn'])[1]\"}\n  (Session info: chrome-headless-shell=126.0.6478.182); For documentation on this error, please visit: https://www.selenium.dev/documentation/webdriver/troubleshooting/errors#no-such-element-exception\nStacktrace:\n#0 0x55b75ea82c5a <unknown>\n#1 0x55b75e765e2c <unknown>\n#2 0x55b75e7b2661 <unknown>\n#3 0x55b75e7b2751 <unknown>\n#4 0x55b75e7f6f64 <unknown>\n#5 0x55b75e7d55ed <unknown>\n#6 0x55b75e7f4303 <unknown>\n#7 0x55b75e7d5363 <unknown>\n#8 0x55b75e7a5247 <unknown>\n#9 0x55b75e7a5b9e <unknown>\n#10 0x55b75ea4922b <unknown>\n#11 0x55b75ea4d2d1 <unknown>\n#12 0x55b75ea34ade <unknown>\n#13 0x55b75ea4de32 <unknown>\n#14 0x55b75ea1977f <unknown>\n#15 0x55b75ea72618 <unknown>\n#16 0x55b75ea727f0 <unknown>\n#17 0x55b75ea81d8c <unknown>\n#18 0x7fa88fb0f134 <unknown>","time":{"start":1721178018216,"stop":1721178018623,"duration":407}},{"uid":"d4adb62af0edd78e","reportUrl":"https://Nat754.github.io/StroyremAutomation/370//#testresult/d4adb62af0edd78e","status":"skipped","statusDetails":"XFAIL\n\nselenium.common.exceptions.NoSuchElementException: Message: no such element: Unable to locate element: {\"method\":\"xpath\",\"selector\":\"(//a[@class='add-to-cart yellow-btn'])[1]\"}\n  (Session info: chrome-headless-shell=126.0.6478.126); For documentation on this error, please visit: https://www.selenium.dev/documentation/webdriver/troubleshooting/errors#no-such-element-exception\nStacktrace:\n#0 0x560eda354c7a <unknown>\n#1 0x560eda037e2c <unknown>\n#2 0x560eda084661 <unknown>\n#3 0x560eda084751 <unknown>\n#4 0x560eda0c8f64 <unknown>\n#5 0x560eda0a75ed <unknown>\n#6 0x560eda0c6303 <unknown>\n#7 0x560eda0a7363 <unknown>\n#8 0x560eda077247 <unknown>\n#9 0x560eda077b9e <unknown>\n#10 0x560eda31b24b <unknown>\n#11 0x560eda31f2f1 <unknown>\n#12 0x560eda306afe <unknown>\n#13 0x560eda31fe52 <unknown>\n#14 0x560eda2eb79f <unknown>\n#15 0x560eda344638 <unknown>\n#16 0x560eda344810 <unknown>\n#17 0x560eda353dac <unknown>\n#18 0x7ff5fdcf1134 <unknown>","time":{"start":1721091657316,"stop":1721091657931,"duration":615}},{"uid":"e83db49f8e2ea602","reportUrl":"https://Nat754.github.io/StroyremAutomation/369//#testresult/e83db49f8e2ea602","status":"skipped","statusDetails":"XFAIL\n\nselenium.common.exceptions.NoSuchElementException: Message: no such element: Unable to locate element: {\"method\":\"xpath\",\"selector\":\"(//a[@class='add-to-cart yellow-btn'])[1]\"}\n  (Session info: chrome-headless-shell=126.0.6478.126); For documentation on this error, please visit: https://www.selenium.dev/documentation/webdriver/troubleshooting/errors#no-such-element-exception\nStacktrace:\n#0 0x5650a89cdc7a <unknown>\n#1 0x5650a86b0e2c <unknown>\n#2 0x5650a86fd661 <unknown>\n#3 0x5650a86fd751 <unknown>\n#4 0x5650a8741f64 <unknown>\n#5 0x5650a87205ed <unknown>\n#6 0x5650a873f303 <unknown>\n#7 0x5650a8720363 <unknown>\n#8 0x5650a86f0247 <unknown>\n#9 0x5650a86f0b9e <unknown>\n#10 0x5650a899424b <unknown>\n#11 0x5650a89982f1 <unknown>\n#12 0x5650a897fafe <unknown>\n#13 0x5650a8998e52 <unknown>\n#14 0x5650a896479f <unknown>\n#15 0x5650a89bd638 <unknown>\n#16 0x5650a89bd810 <unknown>\n#17 0x5650a89ccdac <unknown>\n#18 0x7fde7578f134 <unknown>","time":{"start":1721005360593,"stop":1721005361395,"duration":802}},{"uid":"a4b2f746e76c819e","reportUrl":"https://Nat754.github.io/StroyremAutomation/368//#testresult/a4b2f746e76c819e","status":"skipped","statusDetails":"XFAIL\n\nselenium.common.exceptions.NoSuchElementException: Message: no such element: Unable to locate element: {\"method\":\"xpath\",\"selector\":\"(//a[@class='add-to-cart yellow-btn'])[1]\"}\n  (Session info: chrome-headless-shell=126.0.6478.126); For documentation on this error, please visit: https://www.selenium.dev/documentation/webdriver/troubleshooting/errors#no-such-element-exception\nStacktrace:\n#0 0x55fa218afc7a <unknown>\n#1 0x55fa21592e2c <unknown>\n#2 0x55fa215df661 <unknown>\n#3 0x55fa215df751 <unknown>\n#4 0x55fa21623f64 <unknown>\n#5 0x55fa216025ed <unknown>\n#6 0x55fa21621303 <unknown>\n#7 0x55fa21602363 <unknown>\n#8 0x55fa215d2247 <unknown>\n#9 0x55fa215d2b9e <unknown>\n#10 0x55fa2187624b <unknown>\n#11 0x55fa2187a2f1 <unknown>\n#12 0x55fa21861afe <unknown>\n#13 0x55fa2187ae52 <unknown>\n#14 0x55fa2184679f <unknown>\n#15 0x55fa2189f638 <unknown>\n#16 0x55fa2189f810 <unknown>\n#17 0x55fa218aedac <unknown>\n#18 0x7fd33c563134 <unknown>","time":{"start":1720919077165,"stop":1720919077577,"duration":412}},{"uid":"ceb4fb1cfe01fadb","reportUrl":"https://Nat754.github.io/StroyremAutomation/367//#testresult/ceb4fb1cfe01fadb","status":"skipped","statusDetails":"XFAIL\n\nselenium.common.exceptions.NoSuchElementException: Message: no such element: Unable to locate element: {\"method\":\"xpath\",\"selector\":\"(//a[@class='add-to-cart yellow-btn'])[1]\"}\n  (Session info: chrome-headless-shell=126.0.6478.126); For documentation on this error, please visit: https://www.selenium.dev/documentation/webdriver/troubleshooting/errors#no-such-element-exception\nStacktrace:\n#0 0x5600426a0c7a <unknown>\n#1 0x560042383e2c <unknown>\n#2 0x5600423d0661 <unknown>\n#3 0x5600423d0751 <unknown>\n#4 0x560042414f64 <unknown>\n#5 0x5600423f35ed <unknown>\n#6 0x560042412303 <unknown>\n#7 0x5600423f3363 <unknown>\n#8 0x5600423c3247 <unknown>\n#9 0x5600423c3b9e <unknown>\n#10 0x56004266724b <unknown>\n#11 0x56004266b2f1 <unknown>\n#12 0x560042652afe <unknown>\n#13 0x56004266be52 <unknown>\n#14 0x56004263779f <unknown>\n#15 0x560042690638 <unknown>\n#16 0x560042690810 <unknown>\n#17 0x56004269fdac <unknown>\n#18 0x7fef573cf134 <unknown>","time":{"start":1720832378763,"stop":1720832379311,"duration":548}},{"uid":"5b6ae54fca3268c3","reportUrl":"https://Nat754.github.io/StroyremAutomation/366//#testresult/5b6ae54fca3268c3","status":"skipped","statusDetails":"XFAIL\n\nselenium.common.exceptions.NoSuchElementException: Message: no such element: Unable to locate element: {\"method\":\"xpath\",\"selector\":\"(//a[@class='add-to-cart yellow-btn'])[1]\"}\n  (Session info: chrome-headless-shell=126.0.6478.126); For documentation on this error, please visit: https://www.selenium.dev/documentation/webdriver/troubleshooting/errors#no-such-element-exception\nStacktrace:\n#0 0x563543027c7a <unknown>\n#1 0x563542d0ae2c <unknown>\n#2 0x563542d57661 <unknown>\n#3 0x563542d57751 <unknown>\n#4 0x563542d9bf64 <unknown>\n#5 0x563542d7a5ed <unknown>\n#6 0x563542d99303 <unknown>\n#7 0x563542d7a363 <unknown>\n#8 0x563542d4a247 <unknown>\n#9 0x563542d4ab9e <unknown>\n#10 0x563542fee24b <unknown>\n#11 0x563542ff22f1 <unknown>\n#12 0x563542fd9afe <unknown>\n#13 0x563542ff2e52 <unknown>\n#14 0x563542fbe79f <unknown>\n#15 0x563543017638 <unknown>\n#16 0x563543017810 <unknown>\n#17 0x563543026dac <unknown>\n#18 0x7fb381ef7134 <unknown>","time":{"start":1720745990376,"stop":1720745991182,"duration":806}},{"uid":"83bef6aa32f2de7d","reportUrl":"https://Nat754.github.io/StroyremAutomation/365//#testresult/83bef6aa32f2de7d","status":"skipped","statusDetails":"XFAIL\n\nselenium.common.exceptions.NoSuchElementException: Message: no such element: Unable to locate element: {\"method\":\"xpath\",\"selector\":\"(//a[@class='add-to-cart yellow-btn'])[1]\"}\n  (Session info: chrome-headless-shell=126.0.6478.126); For documentation on this error, please visit: https://www.selenium.dev/documentation/webdriver/troubleshooting/errors#no-such-element-exception\nStacktrace:\n#0 0x561e8e058c7a <unknown>\n#1 0x561e8dd3be2c <unknown>\n#2 0x561e8dd88661 <unknown>\n#3 0x561e8dd88751 <unknown>\n#4 0x561e8ddccf64 <unknown>\n#5 0x561e8ddab5ed <unknown>\n#6 0x561e8ddca303 <unknown>\n#7 0x561e8ddab363 <unknown>\n#8 0x561e8dd7b247 <unknown>\n#9 0x561e8dd7bb9e <unknown>\n#10 0x561e8e01f24b <unknown>\n#11 0x561e8e0232f1 <unknown>\n#12 0x561e8e00aafe <unknown>\n#13 0x561e8e023e52 <unknown>\n#14 0x561e8dfef79f <unknown>\n#15 0x561e8e048638 <unknown>\n#16 0x561e8e048810 <unknown>\n#17 0x561e8e057dac <unknown>\n#18 0x7f5a275fa134 <unknown>","time":{"start":1720659627022,"stop":1720659627562,"duration":540}},{"uid":"f7ef99471c39415a","reportUrl":"https://Nat754.github.io/StroyremAutomation/364//#testresult/f7ef99471c39415a","status":"skipped","statusDetails":"XFAIL\n\nselenium.common.exceptions.NoSuchElementException: Message: no such element: Unable to locate element: {\"method\":\"xpath\",\"selector\":\"(//a[@class='add-to-cart yellow-btn'])[1]\"}\n  (Session info: chrome-headless-shell=126.0.6478.126); For documentation on this error, please visit: https://www.selenium.dev/documentation/webdriver/troubleshooting/errors#no-such-element-exception\nStacktrace:\n#0 0x563dd445fc7a <unknown>\n#1 0x563dd4142e2c <unknown>\n#2 0x563dd418f661 <unknown>\n#3 0x563dd418f751 <unknown>\n#4 0x563dd41d3f64 <unknown>\n#5 0x563dd41b25ed <unknown>\n#6 0x563dd41d1303 <unknown>\n#7 0x563dd41b2363 <unknown>\n#8 0x563dd4182247 <unknown>\n#9 0x563dd4182b9e <unknown>\n#10 0x563dd442624b <unknown>\n#11 0x563dd442a2f1 <unknown>\n#12 0x563dd4411afe <unknown>\n#13 0x563dd442ae52 <unknown>\n#14 0x563dd43f679f <unknown>\n#15 0x563dd444f638 <unknown>\n#16 0x563dd444f810 <unknown>\n#17 0x563dd445edac <unknown>\n#18 0x7f0763f22134 <unknown>","time":{"start":1720573233577,"stop":1720573233908,"duration":331}},{"uid":"fc59fcdbf6615f62","reportUrl":"https://Nat754.github.io/StroyremAutomation/363//#testresult/fc59fcdbf6615f62","status":"skipped","statusDetails":"XFAIL\n\nselenium.common.exceptions.NoSuchElementException: Message: no such element: Unable to locate element: {\"method\":\"xpath\",\"selector\":\"(//a[@class='add-to-cart yellow-btn'])[1]\"}\n  (Session info: chrome-headless-shell=126.0.6478.126); For documentation on this error, please visit: https://www.selenium.dev/documentation/webdriver/troubleshooting/errors#no-such-element-exception\nStacktrace:\n#0 0x556d4fc92c7a <unknown>\n#1 0x556d4f975e2c <unknown>\n#2 0x556d4f9c2661 <unknown>\n#3 0x556d4f9c2751 <unknown>\n#4 0x556d4fa06f64 <unknown>\n#5 0x556d4f9e55ed <unknown>\n#6 0x556d4fa04303 <unknown>\n#7 0x556d4f9e5363 <unknown>\n#8 0x556d4f9b5247 <unknown>\n#9 0x556d4f9b5b9e <unknown>\n#10 0x556d4fc5924b <unknown>\n#11 0x556d4fc5d2f1 <unknown>\n#12 0x556d4fc44afe <unknown>\n#13 0x556d4fc5de52 <unknown>\n#14 0x556d4fc2979f <unknown>\n#15 0x556d4fc82638 <unknown>\n#16 0x556d4fc82810 <unknown>\n#17 0x556d4fc91dac <unknown>\n#18 0x7f8d0dadd134 <unknown>","time":{"start":1720486808718,"stop":1720486809286,"duration":568}},{"uid":"60005de9e3d5418f","reportUrl":"https://Nat754.github.io/StroyremAutomation/362//#testresult/60005de9e3d5418f","status":"skipped","statusDetails":"XFAIL\n\nselenium.common.exceptions.NoSuchElementException: Message: no such element: Unable to locate element: {\"method\":\"xpath\",\"selector\":\"(//a[@class='add-to-cart yellow-btn'])[1]\"}\n  (Session info: chrome-headless-shell=126.0.6478.126); For documentation on this error, please visit: https://www.selenium.dev/documentation/webdriver/troubleshooting/errors#no-such-element-exception\nStacktrace:\n#0 0x55b25db56c7a <unknown>\n#1 0x55b25d839e2c <unknown>\n#2 0x55b25d886661 <unknown>\n#3 0x55b25d886751 <unknown>\n#4 0x55b25d8caf64 <unknown>\n#5 0x55b25d8a95ed <unknown>\n#6 0x55b25d8c8303 <unknown>\n#7 0x55b25d8a9363 <unknown>\n#8 0x55b25d879247 <unknown>\n#9 0x55b25d879b9e <unknown>\n#10 0x55b25db1d24b <unknown>\n#11 0x55b25db212f1 <unknown>\n#12 0x55b25db08afe <unknown>\n#13 0x55b25db21e52 <unknown>\n#14 0x55b25daed79f <unknown>\n#15 0x55b25db46638 <unknown>\n#16 0x55b25db46810 <unknown>\n#17 0x55b25db55dac <unknown>\n#18 0x7f248f5d0134 <unknown>","time":{"start":1720400440478,"stop":1720400440896,"duration":418}},{"uid":"1fe226d23da80a0","reportUrl":"https://Nat754.github.io/StroyremAutomation/361//#testresult/1fe226d23da80a0","status":"skipped","statusDetails":"XFAIL\n\nselenium.common.exceptions.NoSuchElementException: Message: no such element: Unable to locate element: {\"method\":\"xpath\",\"selector\":\"(//a[@class='add-to-cart yellow-btn'])[1]\"}\n  (Session info: chrome-headless-shell=126.0.6478.126); For documentation on this error, please visit: https://www.selenium.dev/documentation/webdriver/troubleshooting/errors#no-such-element-exception\nStacktrace:\n#0 0x55905da5ec7a <unknown>\n#1 0x55905d741e2c <unknown>\n#2 0x55905d78e661 <unknown>\n#3 0x55905d78e751 <unknown>\n#4 0x55905d7d2f64 <unknown>\n#5 0x55905d7b15ed <unknown>\n#6 0x55905d7d0303 <unknown>\n#7 0x55905d7b1363 <unknown>\n#8 0x55905d781247 <unknown>\n#9 0x55905d781b9e <unknown>\n#10 0x55905da2524b <unknown>\n#11 0x55905da292f1 <unknown>\n#12 0x55905da10afe <unknown>\n#13 0x55905da29e52 <unknown>\n#14 0x55905d9f579f <unknown>\n#15 0x55905da4e638 <unknown>\n#16 0x55905da4e810 <unknown>\n#17 0x55905da5ddac <unknown>\n#18 0x7f4f4dad5134 <unknown>","time":{"start":1720314202201,"stop":1720314202674,"duration":473}},{"uid":"80e89156ed5720b7","reportUrl":"https://Nat754.github.io/StroyremAutomation/360//#testresult/80e89156ed5720b7","status":"skipped","statusDetails":"XFAIL\n\nselenium.common.exceptions.NoSuchElementException: Message: no such element: Unable to locate element: {\"method\":\"xpath\",\"selector\":\"(//a[@class='add-to-cart yellow-btn'])[1]\"}\n  (Session info: chrome-headless-shell=126.0.6478.126); For documentation on this error, please visit: https://www.selenium.dev/documentation/webdriver/troubleshooting/errors#no-such-element-exception\nStacktrace:\n#0 0x5651aed98c7a <unknown>\n#1 0x5651aea7be2c <unknown>\n#2 0x5651aeac8661 <unknown>\n#3 0x5651aeac8751 <unknown>\n#4 0x5651aeb0cf64 <unknown>\n#5 0x5651aeaeb5ed <unknown>\n#6 0x5651aeb0a303 <unknown>\n#7 0x5651aeaeb363 <unknown>\n#8 0x5651aeabb247 <unknown>\n#9 0x5651aeabbb9e <unknown>\n#10 0x5651aed5f24b <unknown>\n#11 0x5651aed632f1 <unknown>\n#12 0x5651aed4aafe <unknown>\n#13 0x5651aed63e52 <unknown>\n#14 0x5651aed2f79f <unknown>\n#15 0x5651aed88638 <unknown>\n#16 0x5651aed88810 <unknown>\n#17 0x5651aed97dac <unknown>\n#18 0x7f0eb1c8e134 <unknown>","time":{"start":1720227462646,"stop":1720227463109,"duration":463}},{"uid":"115133f7746d2c49","reportUrl":"https://Nat754.github.io/StroyremAutomation/359//#testresult/115133f7746d2c49","status":"skipped","statusDetails":"XFAIL\n\nselenium.common.exceptions.NoSuchElementException: Message: no such element: Unable to locate element: {\"method\":\"xpath\",\"selector\":\"(//a[@class='add-to-cart yellow-btn'])[1]\"}\n  (Session info: chrome-headless-shell=126.0.6478.126); For documentation on this error, please visit: https://www.selenium.dev/documentation/webdriver/troubleshooting/errors#no-such-element-exception\nStacktrace:\n#0 0x557ec752bc7a <unknown>\n#1 0x557ec720ee2c <unknown>\n#2 0x557ec725b661 <unknown>\n#3 0x557ec725b751 <unknown>\n#4 0x557ec729ff64 <unknown>\n#5 0x557ec727e5ed <unknown>\n#6 0x557ec729d303 <unknown>\n#7 0x557ec727e363 <unknown>\n#8 0x557ec724e247 <unknown>\n#9 0x557ec724eb9e <unknown>\n#10 0x557ec74f224b <unknown>\n#11 0x557ec74f62f1 <unknown>\n#12 0x557ec74ddafe <unknown>\n#13 0x557ec74f6e52 <unknown>\n#14 0x557ec74c279f <unknown>\n#15 0x557ec751b638 <unknown>\n#16 0x557ec751b810 <unknown>\n#17 0x557ec752adac <unknown>\n#18 0x7f0f8142a134 <unknown>","time":{"start":1720141102063,"stop":1720141102538,"duration":475}},{"uid":"28f3d64f0abed9c5","reportUrl":"https://Nat754.github.io/StroyremAutomation/358//#testresult/28f3d64f0abed9c5","status":"skipped","statusDetails":"XFAIL\n\nselenium.common.exceptions.NoSuchElementException: Message: no such element: Unable to locate element: {\"method\":\"xpath\",\"selector\":\"(//a[@class='add-to-cart yellow-btn'])[1]\"}\n  (Session info: chrome-headless-shell=126.0.6478.126); For documentation on this error, please visit: https://www.selenium.dev/documentation/webdriver/troubleshooting/errors#no-such-element-exception\nStacktrace:\n#0 0x555613ebbc7a <unknown>\n#1 0x555613b9ee2c <unknown>\n#2 0x555613beb661 <unknown>\n#3 0x555613beb751 <unknown>\n#4 0x555613c2ff64 <unknown>\n#5 0x555613c0e5ed <unknown>\n#6 0x555613c2d303 <unknown>\n#7 0x555613c0e363 <unknown>\n#8 0x555613bde247 <unknown>\n#9 0x555613bdeb9e <unknown>\n#10 0x555613e8224b <unknown>\n#11 0x555613e862f1 <unknown>\n#12 0x555613e6dafe <unknown>\n#13 0x555613e86e52 <unknown>\n#14 0x555613e5279f <unknown>\n#15 0x555613eab638 <unknown>\n#16 0x555613eab810 <unknown>\n#17 0x555613ebadac <unknown>\n#18 0x7f9e5118f134 <unknown>","time":{"start":1720054731585,"stop":1720054732049,"duration":464}},{"uid":"9ae0ac7d43ad67bc","reportUrl":"https://Nat754.github.io/StroyremAutomation/357//#testresult/9ae0ac7d43ad67bc","status":"skipped","statusDetails":"XFAIL\n\nselenium.common.exceptions.NoSuchElementException: Message: no such element: Unable to locate element: {\"method\":\"xpath\",\"selector\":\"(//a[@class='add-to-cart yellow-btn'])[1]\"}\n  (Session info: chrome-headless-shell=126.0.6478.126); For documentation on this error, please visit: https://www.selenium.dev/documentation/webdriver/troubleshooting/errors#no-such-element-exception\nStacktrace:\n#0 0x561514eb7c7a <unknown>\n#1 0x561514b9ae2c <unknown>\n#2 0x561514be7661 <unknown>\n#3 0x561514be7751 <unknown>\n#4 0x561514c2bf64 <unknown>\n#5 0x561514c0a5ed <unknown>\n#6 0x561514c29303 <unknown>\n#7 0x561514c0a363 <unknown>\n#8 0x561514bda247 <unknown>\n#9 0x561514bdab9e <unknown>\n#10 0x561514e7e24b <unknown>\n#11 0x561514e822f1 <unknown>\n#12 0x561514e69afe <unknown>\n#13 0x561514e82e52 <unknown>\n#14 0x561514e4e79f <unknown>\n#15 0x561514ea7638 <unknown>\n#16 0x561514ea7810 <unknown>\n#17 0x561514eb6dac <unknown>\n#18 0x7f0899400134 <unknown>","time":{"start":1719968377865,"stop":1719968378331,"duration":466}}]},"tags":["@pytest.mark.xfail","smoke_test"]},"source":"bbec4124e13d6521.json","parameterValues":["2190","1","'TD 002'","1590","'products/shtukaturka-tsementnaya-bergauf-bau-putts-tsement-25kg-56sht'","400","'https://sandboxtest.stroyrem-nn.ru/'","30"]}