{"uid":"516d1a9c9c378ec0","name":"TD 027 Доставка товара весом до 20000кг. в синей зоне","fullName":"tests.delivery.test_delivery_calculation.TestDeliveryPageCalculation#test_positive_delivery_blue_zone_smoke","historyId":"49062b7c5da85eb347f6307a3580a7f1","time":{"start":1710723203953,"stop":1710723204277,"duration":324},"status":"skipped","statusMessage":"XFAIL\n\nselenium.common.exceptions.NoSuchElementException: Message: no such element: Unable to locate element: {\"method\":\"xpath\",\"selector\":\"(//a[@class='add-to-cart yellow-btn'])[1]\"}\n  (Session info: chrome-headless-shell=122.0.6261.128); For documentation on this error, please visit: https://www.selenium.dev/documentation/webdriver/troubleshooting/errors#no-such-element-exception\nStacktrace:\n#0 0x64930a43bf33 <unknown>\n#1 0x64930a133ce6 <unknown>\n#2 0x64930a17ee48 <unknown>\n#3 0x64930a17ef01 <unknown>\n#4 0x64930a1c23f4 <unknown>\n#5 0x64930a1a0edd <unknown>\n#6 0x64930a1bf899 <unknown>\n#7 0x64930a1a0c53 <unknown>\n#8 0x64930a171db3 <unknown>\n#9 0x64930a17277e <unknown>\n#10 0x64930a40186b <unknown>\n#11 0x64930a405885 <unknown>\n#12 0x64930a3ef181 <unknown>\n#13 0x64930a406412 <unknown>\n#14 0x64930a3d325f <unknown>\n#15 0x64930a42a528 <unknown>\n#16 0x64930a42a723 <unknown>\n#17 0x64930a43b0e4 <unknown>\n#18 0x7e4a143ea134 <unknown>","statusTrace":"self = <tests.delivery.test_delivery_calculation.TestDeliveryPageCalculation object at 0x7fd6bbafaa10>\ndriver = <selenium.webdriver.chrome.webdriver.WebDriver (session=\"52c0fe1c4bf1c37196e190e8a0e5dfbd\")>\nurl = 'https://sandboxtest.stroyrem-nn.ru/', case_id = 'TD 027'\nlink_item = 'products/shtukaturka-gipsovaya-aksolit-m50-30-kg-mashinnogo-naneseniya'\namount = 666, weight = 20000, standard = 14000, in_time = 16900\nall_time = 23900\n\n    @pytest.mark.parametrize('case_id, link_item, amount, weight, standard, in_time, all_time', [\n        (\"TD 015\", bundeks_25, 1, 30, 650, 2390, 3320),\n        pytest.param(\n            \"TD 016\", aksolit_30, 8, 300, 650, 2390, 3320,\n            marks=pytest.mark.xfail(reson=\"Цена доставки: - - -\")\n        ),\n        (\"TD 017\", aksolit_30, 13, 400, 650, 2390, 3320),\n        (\"TD 018\", aksolit_30, 16, 500, 850, 2490, 3320),\n        (\"TD 019\", aksolit_30, 25, 1700, 1150, 2490, 3320),\n        (\"TD 020\", aksolit_30, 66, 2000, 1500, 2990, 3650),\n        (\"TD 021\", aksolit_30, 149, 4500, 2600, 4380, 4890),\n        (\"TD 022\", aksolit_30, 166, 5000, 2800, 5490, 5980),\n        pytest.param(\n            \"TD 023\", aksolit_30, 206, 6200, 3300, 7500, 8000,\n            marks=pytest.mark.xfail(reson=\"Цена доставки: 4300 9900 11440\")\n        ),\n        (\"TD 024\", aksolit_30, 299, 9000, 4300, 9900, 11440),\n        (\"TD 025\", aksolit_30, 333, 10000, 7000, 13900, 15900),\n        pytest.param(\n            \"TD 026\", aksolit_30, 366, 11000, 8000, 14900, 19900,\n            marks=pytest.mark.xfail(reson=\"Цена доставки: 7000 13900 15900\")\n        ),\n        pytest.param(\n            \"TD 027\", aksolit_30, 666, 20000, 14000, 16900, 23900,\n            marks=pytest.mark.xfail(reson=\"Цена доставки: 7000 13900 15900\")\n        )\n    ])\n    @pytest.mark.xfail\n    @pytest.mark.smoke_test\n    def test_positive_delivery_blue_zone_smoke(\n            self, driver, url, case_id, link_item, amount, weight, standard, in_time, all_time\n    ):\n        allure.dynamic.title(f\"{case_id} Доставка товара весом до {weight}кг. в синей зоне\")\n    \n        driver.get(f'{url}{link_item}')\n        item_page = ItemPage(driver)\n>       item_page.add_item_to_cart(amount).click_on_cart()\n\ntests/delivery/test_delivery_calculation.py:132: \n_ _ _ _ _ _ _ _ _ _ _ _ _ _ _ _ _ _ _ _ _ _ _ _ _ _ _ _ _ _ _ _ _ _ _ _ _ _ _ _ \npages/item_page.py:40: in add_item_to_cart\n    self.find_element(self._add_item).click()\nbase/seleniumbase.py:17: in find_element\n    return self.driver.find_element(*locator)\n/usr/local/lib/python3.11/site-packages/selenium/webdriver/remote/webdriver.py:739: in find_element\n    return self.execute(Command.FIND_ELEMENT, {\"using\": by, \"value\": value})[\"value\"]\n/usr/local/lib/python3.11/site-packages/selenium/webdriver/remote/webdriver.py:345: in execute\n    self.error_handler.check_response(response)\n_ _ _ _ _ _ _ _ _ _ _ _ _ _ _ _ _ _ _ _ _ _ _ _ _ _ _ _ _ _ _ _ _ _ _ _ _ _ _ _ \n\nself = <selenium.webdriver.remote.errorhandler.ErrorHandler object at 0x7fd6bcd72410>\nresponse = {'status': 404, 'value': '{\"value\":{\"error\":\"no such element\",\"message\":\"no such element: Unable to locate element: {\\...\\\\n#16 0x64930a42a723 \\\\u003Cunknown>\\\\n#17 0x64930a43b0e4 \\\\u003Cunknown>\\\\n#18 0x7e4a143ea134 \\\\u003Cunknown>\\\\n\"}}'}\n\n    def check_response(self, response: Dict[str, Any]) -> None:\n        \"\"\"Checks that a JSON response from the WebDriver does not have an\n        error.\n    \n        :Args:\n         - response - The JSON response from the WebDriver server as a dictionary\n           object.\n    \n        :Raises: If the response contains an error message.\n        \"\"\"\n        status = response.get(\"status\", None)\n        if not status or status == ErrorCode.SUCCESS:\n            return\n        value = None\n        message = response.get(\"message\", \"\")\n        screen: str = response.get(\"screen\", \"\")\n        stacktrace = None\n        if isinstance(status, int):\n            value_json = response.get(\"value\", None)\n            if value_json and isinstance(value_json, str):\n                import json\n    \n                try:\n                    value = json.loads(value_json)\n                    if len(value) == 1:\n                        value = value[\"value\"]\n                    status = value.get(\"error\", None)\n                    if not status:\n                        status = value.get(\"status\", ErrorCode.UNKNOWN_ERROR)\n                        message = value.get(\"value\") or value.get(\"message\")\n                        if not isinstance(message, str):\n                            value = message\n                            message = message.get(\"message\")\n                    else:\n                        message = value.get(\"message\", None)\n                except ValueError:\n                    pass\n    \n        exception_class: Type[WebDriverException]\n        e = ErrorCode()\n        error_codes = [item for item in dir(e) if not item.startswith(\"__\")]\n        for error_code in error_codes:\n            error_info = getattr(ErrorCode, error_code)\n            if isinstance(error_info, list) and status in error_info:\n                exception_class = getattr(ExceptionMapping, error_code, WebDriverException)\n                break\n        else:\n            exception_class = WebDriverException\n    \n        if not value:\n            value = response[\"value\"]\n        if isinstance(value, str):\n            raise exception_class(value)\n        if message == \"\" and \"message\" in value:\n            message = value[\"message\"]\n    \n        screen = None  # type: ignore[assignment]\n        if \"screen\" in value:\n            screen = value[\"screen\"]\n    \n        stacktrace = None\n        st_value = value.get(\"stackTrace\") or value.get(\"stacktrace\")\n        if st_value:\n            if isinstance(st_value, str):\n                stacktrace = st_value.split(\"\\n\")\n            else:\n                stacktrace = []\n                try:\n                    for frame in st_value:\n                        line = frame.get(\"lineNumber\", \"\")\n                        file = frame.get(\"fileName\", \"<anonymous>\")\n                        if line:\n                            file = f\"{file}:{line}\"\n                        meth = frame.get(\"methodName\", \"<anonymous>\")\n                        if \"className\" in frame:\n                            meth = f\"{frame['className']}.{meth}\"\n                        msg = \"    at %s (%s)\"\n                        msg = msg % (meth, file)\n                        stacktrace.append(msg)\n                except TypeError:\n                    pass\n        if exception_class == UnexpectedAlertPresentException:\n            alert_text = None\n            if \"data\" in value:\n                alert_text = value[\"data\"].get(\"text\")\n            elif \"alert\" in value:\n                alert_text = value[\"alert\"].get(\"text\")\n            raise exception_class(message, screen, stacktrace, alert_text)  # type: ignore[call-arg]  # mypy is not smart enough here\n>       raise exception_class(message, screen, stacktrace)\nE       selenium.common.exceptions.NoSuchElementException: Message: no such element: Unable to locate element: {\"method\":\"xpath\",\"selector\":\"(//a[@class='add-to-cart yellow-btn'])[1]\"}\nE         (Session info: chrome-headless-shell=122.0.6261.128); For documentation on this error, please visit: https://www.selenium.dev/documentation/webdriver/troubleshooting/errors#no-such-element-exception\nE       Stacktrace:\nE       #0 0x64930a43bf33 <unknown>\nE       #1 0x64930a133ce6 <unknown>\nE       #2 0x64930a17ee48 <unknown>\nE       #3 0x64930a17ef01 <unknown>\nE       #4 0x64930a1c23f4 <unknown>\nE       #5 0x64930a1a0edd <unknown>\nE       #6 0x64930a1bf899 <unknown>\nE       #7 0x64930a1a0c53 <unknown>\nE       #8 0x64930a171db3 <unknown>\nE       #9 0x64930a17277e <unknown>\nE       #10 0x64930a40186b <unknown>\nE       #11 0x64930a405885 <unknown>\nE       #12 0x64930a3ef181 <unknown>\nE       #13 0x64930a406412 <unknown>\nE       #14 0x64930a3d325f <unknown>\nE       #15 0x64930a42a528 <unknown>\nE       #16 0x64930a42a723 <unknown>\nE       #17 0x64930a43b0e4 <unknown>\nE       #18 0x7e4a143ea134 <unknown>\n\n/usr/local/lib/python3.11/site-packages/selenium/webdriver/remote/errorhandler.py:229: NoSuchElementException","flaky":false,"newFailed":false,"newBroken":false,"newPassed":false,"retriesCount":0,"retriesStatusChange":false,"beforeStages":[{"name":"_session_faker","time":{"start":1710722953723,"stop":1710722953794,"duration":71},"status":"passed","steps":[],"attachments":[],"parameters":[],"shouldDisplayMessage":false,"stepsCount":0,"attachmentsCount":0,"hasContent":false,"attachmentStep":false},{"name":"clear_allure_results_folder","time":{"start":1710722953794,"stop":1710722953794,"duration":0},"status":"passed","steps":[],"attachments":[],"parameters":[],"shouldDisplayMessage":false,"stepsCount":0,"attachmentsCount":0,"hasContent":false,"attachmentStep":false},{"name":"driver","time":{"start":1710723203180,"stop":1710723203951,"duration":771},"status":"passed","steps":[],"attachments":[],"parameters":[],"shouldDisplayMessage":false,"stepsCount":0,"attachmentsCount":0,"hasContent":false,"attachmentStep":false},{"name":"setup","time":{"start":1710723203952,"stop":1710723203952,"duration":0},"status":"passed","steps":[],"attachments":[],"parameters":[],"shouldDisplayMessage":false,"stepsCount":0,"attachmentsCount":0,"hasContent":false,"attachmentStep":false}],"testStage":{"status":"skipped","statusMessage":"XFAIL\n\nselenium.common.exceptions.NoSuchElementException: Message: no such element: Unable to locate element: {\"method\":\"xpath\",\"selector\":\"(//a[@class='add-to-cart yellow-btn'])[1]\"}\n  (Session info: chrome-headless-shell=122.0.6261.128); For documentation on this error, please visit: https://www.selenium.dev/documentation/webdriver/troubleshooting/errors#no-such-element-exception\nStacktrace:\n#0 0x64930a43bf33 <unknown>\n#1 0x64930a133ce6 <unknown>\n#2 0x64930a17ee48 <unknown>\n#3 0x64930a17ef01 <unknown>\n#4 0x64930a1c23f4 <unknown>\n#5 0x64930a1a0edd <unknown>\n#6 0x64930a1bf899 <unknown>\n#7 0x64930a1a0c53 <unknown>\n#8 0x64930a171db3 <unknown>\n#9 0x64930a17277e <unknown>\n#10 0x64930a40186b <unknown>\n#11 0x64930a405885 <unknown>\n#12 0x64930a3ef181 <unknown>\n#13 0x64930a406412 <unknown>\n#14 0x64930a3d325f <unknown>\n#15 0x64930a42a528 <unknown>\n#16 0x64930a42a723 <unknown>\n#17 0x64930a43b0e4 <unknown>\n#18 0x7e4a143ea134 <unknown>","statusTrace":"self = <tests.delivery.test_delivery_calculation.TestDeliveryPageCalculation object at 0x7fd6bbafaa10>\ndriver = <selenium.webdriver.chrome.webdriver.WebDriver (session=\"52c0fe1c4bf1c37196e190e8a0e5dfbd\")>\nurl = 'https://sandboxtest.stroyrem-nn.ru/', case_id = 'TD 027'\nlink_item = 'products/shtukaturka-gipsovaya-aksolit-m50-30-kg-mashinnogo-naneseniya'\namount = 666, weight = 20000, standard = 14000, in_time = 16900\nall_time = 23900\n\n    @pytest.mark.parametrize('case_id, link_item, amount, weight, standard, in_time, all_time', [\n        (\"TD 015\", bundeks_25, 1, 30, 650, 2390, 3320),\n        pytest.param(\n            \"TD 016\", aksolit_30, 8, 300, 650, 2390, 3320,\n            marks=pytest.mark.xfail(reson=\"Цена доставки: - - -\")\n        ),\n        (\"TD 017\", aksolit_30, 13, 400, 650, 2390, 3320),\n        (\"TD 018\", aksolit_30, 16, 500, 850, 2490, 3320),\n        (\"TD 019\", aksolit_30, 25, 1700, 1150, 2490, 3320),\n        (\"TD 020\", aksolit_30, 66, 2000, 1500, 2990, 3650),\n        (\"TD 021\", aksolit_30, 149, 4500, 2600, 4380, 4890),\n        (\"TD 022\", aksolit_30, 166, 5000, 2800, 5490, 5980),\n        pytest.param(\n            \"TD 023\", aksolit_30, 206, 6200, 3300, 7500, 8000,\n            marks=pytest.mark.xfail(reson=\"Цена доставки: 4300 9900 11440\")\n        ),\n        (\"TD 024\", aksolit_30, 299, 9000, 4300, 9900, 11440),\n        (\"TD 025\", aksolit_30, 333, 10000, 7000, 13900, 15900),\n        pytest.param(\n            \"TD 026\", aksolit_30, 366, 11000, 8000, 14900, 19900,\n            marks=pytest.mark.xfail(reson=\"Цена доставки: 7000 13900 15900\")\n        ),\n        pytest.param(\n            \"TD 027\", aksolit_30, 666, 20000, 14000, 16900, 23900,\n            marks=pytest.mark.xfail(reson=\"Цена доставки: 7000 13900 15900\")\n        )\n    ])\n    @pytest.mark.xfail\n    @pytest.mark.smoke_test\n    def test_positive_delivery_blue_zone_smoke(\n            self, driver, url, case_id, link_item, amount, weight, standard, in_time, all_time\n    ):\n        allure.dynamic.title(f\"{case_id} Доставка товара весом до {weight}кг. в синей зоне\")\n    \n        driver.get(f'{url}{link_item}')\n        item_page = ItemPage(driver)\n>       item_page.add_item_to_cart(amount).click_on_cart()\n\ntests/delivery/test_delivery_calculation.py:132: \n_ _ _ _ _ _ _ _ _ _ _ _ _ _ _ _ _ _ _ _ _ _ _ _ _ _ _ _ _ _ _ _ _ _ _ _ _ _ _ _ \npages/item_page.py:40: in add_item_to_cart\n    self.find_element(self._add_item).click()\nbase/seleniumbase.py:17: in find_element\n    return self.driver.find_element(*locator)\n/usr/local/lib/python3.11/site-packages/selenium/webdriver/remote/webdriver.py:739: in find_element\n    return self.execute(Command.FIND_ELEMENT, {\"using\": by, \"value\": value})[\"value\"]\n/usr/local/lib/python3.11/site-packages/selenium/webdriver/remote/webdriver.py:345: in execute\n    self.error_handler.check_response(response)\n_ _ _ _ _ _ _ _ _ _ _ _ _ _ _ _ _ _ _ _ _ _ _ _ _ _ _ _ _ _ _ _ _ _ _ _ _ _ _ _ \n\nself = <selenium.webdriver.remote.errorhandler.ErrorHandler object at 0x7fd6bcd72410>\nresponse = {'status': 404, 'value': '{\"value\":{\"error\":\"no such element\",\"message\":\"no such element: Unable to locate element: {\\...\\\\n#16 0x64930a42a723 \\\\u003Cunknown>\\\\n#17 0x64930a43b0e4 \\\\u003Cunknown>\\\\n#18 0x7e4a143ea134 \\\\u003Cunknown>\\\\n\"}}'}\n\n    def check_response(self, response: Dict[str, Any]) -> None:\n        \"\"\"Checks that a JSON response from the WebDriver does not have an\n        error.\n    \n        :Args:\n         - response - The JSON response from the WebDriver server as a dictionary\n           object.\n    \n        :Raises: If the response contains an error message.\n        \"\"\"\n        status = response.get(\"status\", None)\n        if not status or status == ErrorCode.SUCCESS:\n            return\n        value = None\n        message = response.get(\"message\", \"\")\n        screen: str = response.get(\"screen\", \"\")\n        stacktrace = None\n        if isinstance(status, int):\n            value_json = response.get(\"value\", None)\n            if value_json and isinstance(value_json, str):\n                import json\n    \n                try:\n                    value = json.loads(value_json)\n                    if len(value) == 1:\n                        value = value[\"value\"]\n                    status = value.get(\"error\", None)\n                    if not status:\n                        status = value.get(\"status\", ErrorCode.UNKNOWN_ERROR)\n                        message = value.get(\"value\") or value.get(\"message\")\n                        if not isinstance(message, str):\n                            value = message\n                            message = message.get(\"message\")\n                    else:\n                        message = value.get(\"message\", None)\n                except ValueError:\n                    pass\n    \n        exception_class: Type[WebDriverException]\n        e = ErrorCode()\n        error_codes = [item for item in dir(e) if not item.startswith(\"__\")]\n        for error_code in error_codes:\n            error_info = getattr(ErrorCode, error_code)\n            if isinstance(error_info, list) and status in error_info:\n                exception_class = getattr(ExceptionMapping, error_code, WebDriverException)\n                break\n        else:\n            exception_class = WebDriverException\n    \n        if not value:\n            value = response[\"value\"]\n        if isinstance(value, str):\n            raise exception_class(value)\n        if message == \"\" and \"message\" in value:\n            message = value[\"message\"]\n    \n        screen = None  # type: ignore[assignment]\n        if \"screen\" in value:\n            screen = value[\"screen\"]\n    \n        stacktrace = None\n        st_value = value.get(\"stackTrace\") or value.get(\"stacktrace\")\n        if st_value:\n            if isinstance(st_value, str):\n                stacktrace = st_value.split(\"\\n\")\n            else:\n                stacktrace = []\n                try:\n                    for frame in st_value:\n                        line = frame.get(\"lineNumber\", \"\")\n                        file = frame.get(\"fileName\", \"<anonymous>\")\n                        if line:\n                            file = f\"{file}:{line}\"\n                        meth = frame.get(\"methodName\", \"<anonymous>\")\n                        if \"className\" in frame:\n                            meth = f\"{frame['className']}.{meth}\"\n                        msg = \"    at %s (%s)\"\n                        msg = msg % (meth, file)\n                        stacktrace.append(msg)\n                except TypeError:\n                    pass\n        if exception_class == UnexpectedAlertPresentException:\n            alert_text = None\n            if \"data\" in value:\n                alert_text = value[\"data\"].get(\"text\")\n            elif \"alert\" in value:\n                alert_text = value[\"alert\"].get(\"text\")\n            raise exception_class(message, screen, stacktrace, alert_text)  # type: ignore[call-arg]  # mypy is not smart enough here\n>       raise exception_class(message, screen, stacktrace)\nE       selenium.common.exceptions.NoSuchElementException: Message: no such element: Unable to locate element: {\"method\":\"xpath\",\"selector\":\"(//a[@class='add-to-cart yellow-btn'])[1]\"}\nE         (Session info: chrome-headless-shell=122.0.6261.128); For documentation on this error, please visit: https://www.selenium.dev/documentation/webdriver/troubleshooting/errors#no-such-element-exception\nE       Stacktrace:\nE       #0 0x64930a43bf33 <unknown>\nE       #1 0x64930a133ce6 <unknown>\nE       #2 0x64930a17ee48 <unknown>\nE       #3 0x64930a17ef01 <unknown>\nE       #4 0x64930a1c23f4 <unknown>\nE       #5 0x64930a1a0edd <unknown>\nE       #6 0x64930a1bf899 <unknown>\nE       #7 0x64930a1a0c53 <unknown>\nE       #8 0x64930a171db3 <unknown>\nE       #9 0x64930a17277e <unknown>\nE       #10 0x64930a40186b <unknown>\nE       #11 0x64930a405885 <unknown>\nE       #12 0x64930a3ef181 <unknown>\nE       #13 0x64930a406412 <unknown>\nE       #14 0x64930a3d325f <unknown>\nE       #15 0x64930a42a528 <unknown>\nE       #16 0x64930a42a723 <unknown>\nE       #17 0x64930a43b0e4 <unknown>\nE       #18 0x7e4a143ea134 <unknown>\n\n/usr/local/lib/python3.11/site-packages/selenium/webdriver/remote/errorhandler.py:229: NoSuchElementException","steps":[{"name":"Добавляем товар в корзину в количестве 666","time":{"start":1710723204265,"stop":1710723204276,"duration":11},"status":"broken","statusMessage":"selenium.common.exceptions.NoSuchElementException: Message: no such element: Unable to locate element: {\"method\":\"xpath\",\"selector\":\"(//a[@class='add-to-cart yellow-btn'])[1]\"}\n  (Session info: chrome-headless-shell=122.0.6261.128); For documentation on this error, please visit: https://www.selenium.dev/documentation/webdriver/troubleshooting/errors#no-such-element-exception\nStacktrace:\n#0 0x64930a43bf33 <unknown>\n#1 0x64930a133ce6 <unknown>\n#2 0x64930a17ee48 <unknown>\n#3 0x64930a17ef01 <unknown>\n#4 0x64930a1c23f4 <unknown>\n#5 0x64930a1a0edd <unknown>\n#6 0x64930a1bf899 <unknown>\n#7 0x64930a1a0c53 <unknown>\n#8 0x64930a171db3 <unknown>\n#9 0x64930a17277e <unknown>\n#10 0x64930a40186b <unknown>\n#11 0x64930a405885 <unknown>\n#12 0x64930a3ef181 <unknown>\n#13 0x64930a406412 <unknown>\n#14 0x64930a3d325f <unknown>\n#15 0x64930a42a528 <unknown>\n#16 0x64930a42a723 <unknown>\n#17 0x64930a43b0e4 <unknown>\n#18 0x7e4a143ea134 <unknown>\n\n","statusTrace":"  File \"/usr/local/lib/python3.11/site-packages/allure_commons/_allure.py\", line 192, in impl\n    return func(*a, **kw)\n           ^^^^^^^^^^^^^^\n  File \"/app/pages/item_page.py\", line 40, in add_item_to_cart\n    self.find_element(self._add_item).click()\n    ^^^^^^^^^^^^^^^^^^^^^^^^^^^^^^^^^\n  File \"/app/base/seleniumbase.py\", line 17, in find_element\n    return self.driver.find_element(*locator)\n           ^^^^^^^^^^^^^^^^^^^^^^^^^^^^^^^^^^\n  File \"/usr/local/lib/python3.11/site-packages/selenium/webdriver/remote/webdriver.py\", line 739, in find_element\n    return self.execute(Command.FIND_ELEMENT, {\"using\": by, \"value\": value})[\"value\"]\n           ^^^^^^^^^^^^^^^^^^^^^^^^^^^^^^^^^^^^^^^^^^^^^^^^^^^^^^^^^^^^^^^^^\n  File \"/usr/local/lib/python3.11/site-packages/selenium/webdriver/remote/webdriver.py\", line 345, in execute\n    self.error_handler.check_response(response)\n  File \"/usr/local/lib/python3.11/site-packages/selenium/webdriver/remote/errorhandler.py\", line 229, in check_response\n    raise exception_class(message, screen, stacktrace)\n","steps":[],"attachments":[],"parameters":[{"name":"amount","value":"666"}],"shouldDisplayMessage":true,"stepsCount":0,"attachmentsCount":0,"hasContent":true,"attachmentStep":false}],"attachments":[{"uid":"d6b8e4080476f08f","name":"Screenshot","source":"d6b8e4080476f08f.png","type":"image/png","size":5862},{"uid":"40792143981794a8","name":"HTML source","source":"40792143981794a8.html","type":"text/html","size":39}],"parameters":[],"shouldDisplayMessage":true,"stepsCount":1,"attachmentsCount":2,"hasContent":true,"attachmentStep":false},"afterStages":[{"name":"driver::0","time":{"start":1710723204376,"stop":1710723204433,"duration":57},"status":"passed","steps":[],"attachments":[],"parameters":[],"shouldDisplayMessage":false,"stepsCount":0,"attachmentsCount":0,"hasContent":false,"attachmentStep":false},{"name":"setup::0","time":{"start":1710723204376,"stop":1710723204376,"duration":0},"status":"passed","steps":[],"attachments":[],"parameters":[],"shouldDisplayMessage":false,"stepsCount":0,"attachmentsCount":0,"hasContent":false,"attachmentStep":false}],"labels":[{"name":"epic","value":"Delivery Page - calculation"},{"name":"tag","value":"smoke_test"},{"name":"tag","value":"@pytest.mark.xfail"},{"name":"parentSuite","value":"tests.delivery"},{"name":"suite","value":"test_delivery_calculation"},{"name":"subSuite","value":"TestDeliveryPageCalculation"},{"name":"host","value":"07c3a05559b5"},{"name":"thread","value":"1-MainThread"},{"name":"framework","value":"pytest"},{"name":"language","value":"cpython3"},{"name":"package","value":"tests.delivery.test_delivery_calculation"},{"name":"resultFormat","value":"allure2"}],"parameters":[{"name":"all_time","value":"23900"},{"name":"amount","value":"666"},{"name":"case_id","value":"'TD 027'"},{"name":"in_time","value":"16900"},{"name":"link_item","value":"'products/shtukaturka-gipsovaya-aksolit-m50-30-kg-mashinnogo-naneseniya'"},{"name":"standard","value":"14000"},{"name":"url","value":"'https://sandboxtest.stroyrem-nn.ru/'"},{"name":"weight","value":"20000"}],"links":[],"hidden":false,"retry":false,"extra":{"severity":"normal","retries":[],"categories":[],"history":{"statistic":{"failed":0,"broken":0,"skipped":202,"passed":0,"unknown":0,"total":202},"items":[{"uid":"324c9197094d157","reportUrl":"https://Nat754.github.io/StroyremAutomation/249//#testresult/324c9197094d157","status":"skipped","statusDetails":"XFAIL\n\nselenium.common.exceptions.NoSuchElementException: Message: no such element: Unable to locate element: {\"method\":\"xpath\",\"selector\":\"(//a[@class='add-to-cart yellow-btn'])[1]\"}\n  (Session info: chrome-headless-shell=122.0.6261.128); For documentation on this error, please visit: https://www.selenium.dev/documentation/webdriver/troubleshooting/errors#no-such-element-exception\nStacktrace:\n#0 0x62e8ebe5ef33 <unknown>\n#1 0x62e8ebb56ce6 <unknown>\n#2 0x62e8ebba1e48 <unknown>\n#3 0x62e8ebba1f01 <unknown>\n#4 0x62e8ebbe53f4 <unknown>\n#5 0x62e8ebbc3edd <unknown>\n#6 0x62e8ebbe2899 <unknown>\n#7 0x62e8ebbc3c53 <unknown>\n#8 0x62e8ebb94db3 <unknown>\n#9 0x62e8ebb9577e <unknown>\n#10 0x62e8ebe2486b <unknown>\n#11 0x62e8ebe28885 <unknown>\n#12 0x62e8ebe12181 <unknown>\n#13 0x62e8ebe29412 <unknown>\n#14 0x62e8ebdf625f <unknown>\n#15 0x62e8ebe4d528 <unknown>\n#16 0x62e8ebe4d723 <unknown>\n#17 0x62e8ebe5e0e4 <unknown>\n#18 0x7ecd7f5ec134 <unknown>","time":{"start":1710636973863,"stop":1710636974422,"duration":559}},{"uid":"4c4338ac21e33048","reportUrl":"https://Nat754.github.io/StroyremAutomation/248//#testresult/4c4338ac21e33048","status":"skipped","statusDetails":"XFAIL\n\nselenium.common.exceptions.NoSuchElementException: Message: no such element: Unable to locate element: {\"method\":\"xpath\",\"selector\":\"(//a[@class='add-to-cart yellow-btn'])[1]\"}\n  (Session info: chrome-headless-shell=122.0.6261.128); For documentation on this error, please visit: https://www.selenium.dev/documentation/webdriver/troubleshooting/errors#no-such-element-exception\nStacktrace:\n#0 0x58f12a5c4f33 <unknown>\n#1 0x58f12a2bcce6 <unknown>\n#2 0x58f12a307e48 <unknown>\n#3 0x58f12a307f01 <unknown>\n#4 0x58f12a34b3f4 <unknown>\n#5 0x58f12a329edd <unknown>\n#6 0x58f12a348899 <unknown>\n#7 0x58f12a329c53 <unknown>\n#8 0x58f12a2fadb3 <unknown>\n#9 0x58f12a2fb77e <unknown>\n#10 0x58f12a58a86b <unknown>\n#11 0x58f12a58e885 <unknown>\n#12 0x58f12a578181 <unknown>\n#13 0x58f12a58f412 <unknown>\n#14 0x58f12a55c25f <unknown>\n#15 0x58f12a5b3528 <unknown>\n#16 0x58f12a5b3723 <unknown>\n#17 0x58f12a5c40e4 <unknown>\n#18 0x70590ee41134 <unknown>","time":{"start":1710550249196,"stop":1710550249495,"duration":299}},{"uid":"9cf6bb62f1b29270","reportUrl":"https://Nat754.github.io/StroyremAutomation/247//#testresult/9cf6bb62f1b29270","status":"skipped","statusDetails":"XFAIL\n\nselenium.common.exceptions.NoSuchElementException: Message: no such element: Unable to locate element: {\"method\":\"xpath\",\"selector\":\"(//a[@class='add-to-cart yellow-btn'])[1]\"}\n  (Session info: chrome-headless-shell=122.0.6261.128); For documentation on this error, please visit: https://www.selenium.dev/documentation/webdriver/troubleshooting/errors#no-such-element-exception\nStacktrace:\n#0 0x60e9d9bd5f33 <unknown>\n#1 0x60e9d98cdce6 <unknown>\n#2 0x60e9d9918e48 <unknown>\n#3 0x60e9d9918f01 <unknown>\n#4 0x60e9d995c3f4 <unknown>\n#5 0x60e9d993aedd <unknown>\n#6 0x60e9d9959899 <unknown>\n#7 0x60e9d993ac53 <unknown>\n#8 0x60e9d990bdb3 <unknown>\n#9 0x60e9d990c77e <unknown>\n#10 0x60e9d9b9b86b <unknown>\n#11 0x60e9d9b9f885 <unknown>\n#12 0x60e9d9b89181 <unknown>\n#13 0x60e9d9ba0412 <unknown>\n#14 0x60e9d9b6d25f <unknown>\n#15 0x60e9d9bc4528 <unknown>\n#16 0x60e9d9bc4723 <unknown>\n#17 0x60e9d9bd50e4 <unknown>\n#18 0x72cc882e5134 <unknown>","time":{"start":1710463987361,"stop":1710463987705,"duration":344}},{"uid":"ae2322315c124c15","reportUrl":"https://Nat754.github.io/StroyremAutomation/246//#testresult/ae2322315c124c15","status":"skipped","statusDetails":"XFAIL\n\nselenium.common.exceptions.NoSuchElementException: Message: no such element: Unable to locate element: {\"method\":\"xpath\",\"selector\":\"(//a[@class='add-to-cart yellow-btn'])[1]\"}\n  (Session info: chrome-headless-shell=122.0.6261.128); For documentation on this error, please visit: https://www.selenium.dev/documentation/webdriver/troubleshooting/errors#no-such-element-exception\nStacktrace:\n#0 0x5cf556da6f33 <unknown>\n#1 0x5cf556a9ece6 <unknown>\n#2 0x5cf556ae9e48 <unknown>\n#3 0x5cf556ae9f01 <unknown>\n#4 0x5cf556b2d3f4 <unknown>\n#5 0x5cf556b0bedd <unknown>\n#6 0x5cf556b2a899 <unknown>\n#7 0x5cf556b0bc53 <unknown>\n#8 0x5cf556adcdb3 <unknown>\n#9 0x5cf556add77e <unknown>\n#10 0x5cf556d6c86b <unknown>\n#11 0x5cf556d70885 <unknown>\n#12 0x5cf556d5a181 <unknown>\n#13 0x5cf556d71412 <unknown>\n#14 0x5cf556d3e25f <unknown>\n#15 0x5cf556d95528 <unknown>\n#16 0x5cf556d95723 <unknown>\n#17 0x5cf556da60e4 <unknown>\n#18 0x7b710c0a8134 <unknown>","time":{"start":1710377568299,"stop":1710377568781,"duration":482}},{"uid":"34ba9cd906a4332c","reportUrl":"https://Nat754.github.io/StroyremAutomation/245//#testresult/34ba9cd906a4332c","status":"skipped","statusDetails":"XFAIL\n\nselenium.common.exceptions.NoSuchElementException: Message: no such element: Unable to locate element: {\"method\":\"xpath\",\"selector\":\"(//a[@class='add-to-cart yellow-btn'])[1]\"}\n  (Session info: chrome-headless-shell=122.0.6261.128); For documentation on this error, please visit: https://www.selenium.dev/documentation/webdriver/troubleshooting/errors#no-such-element-exception\nStacktrace:\n#0 0x55a449dbaf33 <unknown>\n#1 0x55a449ab2ce6 <unknown>\n#2 0x55a449afde48 <unknown>\n#3 0x55a449afdf01 <unknown>\n#4 0x55a449b413f4 <unknown>\n#5 0x55a449b1fedd <unknown>\n#6 0x55a449b3e899 <unknown>\n#7 0x55a449b1fc53 <unknown>\n#8 0x55a449af0db3 <unknown>\n#9 0x55a449af177e <unknown>\n#10 0x55a449d8086b <unknown>\n#11 0x55a449d84885 <unknown>\n#12 0x55a449d6e181 <unknown>\n#13 0x55a449d85412 <unknown>\n#14 0x55a449d5225f <unknown>\n#15 0x55a449da9528 <unknown>\n#16 0x55a449da9723 <unknown>\n#17 0x55a449dba0e4 <unknown>\n#18 0x7f4985de6134 <unknown>","time":{"start":1710291235487,"stop":1710291235917,"duration":430}},{"uid":"80d031214269c369","reportUrl":"https://Nat754.github.io/StroyremAutomation/244//#testresult/80d031214269c369","status":"skipped","statusDetails":"XFAIL\n\nselenium.common.exceptions.NoSuchElementException: Message: no such element: Unable to locate element: {\"method\":\"xpath\",\"selector\":\"(//a[@class='add-to-cart yellow-btn'])[1]\"}\n  (Session info: chrome-headless-shell=122.0.6261.111); For documentation on this error, please visit: https://www.selenium.dev/documentation/webdriver/troubleshooting/errors#no-such-element-exception\nStacktrace:\n#0 0x559533ab2ec3 <unknown>\n#1 0x5595337aace6 <unknown>\n#2 0x5595337f5e48 <unknown>\n#3 0x5595337f5f01 <unknown>\n#4 0x5595338393f4 <unknown>\n#5 0x559533817edd <unknown>\n#6 0x559533836899 <unknown>\n#7 0x559533817c53 <unknown>\n#8 0x5595337e8db3 <unknown>\n#9 0x5595337e977e <unknown>\n#10 0x559533a787fb <unknown>\n#11 0x559533a7c815 <unknown>\n#12 0x559533a66111 <unknown>\n#13 0x559533a7d3a2 <unknown>\n#14 0x559533a4a1ef <unknown>\n#15 0x559533aa14b8 <unknown>\n#16 0x559533aa16b3 <unknown>\n#17 0x559533ab2074 <unknown>\n#18 0x7f43968f8134 <unknown>","time":{"start":1710204701086,"stop":1710204701512,"duration":426}},{"uid":"a4d19f2d7ea40311","reportUrl":"https://Nat754.github.io/StroyremAutomation/243//#testresult/a4d19f2d7ea40311","status":"skipped","statusDetails":"XFAIL\n\nselenium.common.exceptions.NoSuchElementException: Message: no such element: Unable to locate element: {\"method\":\"xpath\",\"selector\":\"(//a[@class='add-to-cart yellow-btn'])[1]\"}\n  (Session info: chrome-headless-shell=122.0.6261.111); For documentation on this error, please visit: https://www.selenium.dev/documentation/webdriver/troubleshooting/errors#no-such-element-exception\nStacktrace:\n#0 0x55ee5a56cec3 <unknown>\n#1 0x55ee5a264ce6 <unknown>\n#2 0x55ee5a2afe48 <unknown>\n#3 0x55ee5a2aff01 <unknown>\n#4 0x55ee5a2f33f4 <unknown>\n#5 0x55ee5a2d1edd <unknown>\n#6 0x55ee5a2f0899 <unknown>\n#7 0x55ee5a2d1c53 <unknown>\n#8 0x55ee5a2a2db3 <unknown>\n#9 0x55ee5a2a377e <unknown>\n#10 0x55ee5a5327fb <unknown>\n#11 0x55ee5a536815 <unknown>\n#12 0x55ee5a520111 <unknown>\n#13 0x55ee5a5373a2 <unknown>\n#14 0x55ee5a5041ef <unknown>\n#15 0x55ee5a55b4b8 <unknown>\n#16 0x55ee5a55b6b3 <unknown>\n#17 0x55ee5a56c074 <unknown>\n#18 0x7f897ccdd134 <unknown>","time":{"start":1710118436038,"stop":1710118436460,"duration":422}},{"uid":"dfe87aec07a5fa37","reportUrl":"https://Nat754.github.io/StroyremAutomation/242//#testresult/dfe87aec07a5fa37","status":"skipped","statusDetails":"XFAIL\n\nselenium.common.exceptions.NoSuchElementException: Message: no such element: Unable to locate element: {\"method\":\"xpath\",\"selector\":\"(//a[@class='add-to-cart yellow-btn'])[1]\"}\n  (Session info: chrome-headless-shell=122.0.6261.111); For documentation on this error, please visit: https://www.selenium.dev/documentation/webdriver/troubleshooting/errors#no-such-element-exception\nStacktrace:\n#0 0x55de2863dec3 <unknown>\n#1 0x55de28335ce6 <unknown>\n#2 0x55de28380e48 <unknown>\n#3 0x55de28380f01 <unknown>\n#4 0x55de283c43f4 <unknown>\n#5 0x55de283a2edd <unknown>\n#6 0x55de283c1899 <unknown>\n#7 0x55de283a2c53 <unknown>\n#8 0x55de28373db3 <unknown>\n#9 0x55de2837477e <unknown>\n#10 0x55de286037fb <unknown>\n#11 0x55de28607815 <unknown>\n#12 0x55de285f1111 <unknown>\n#13 0x55de286083a2 <unknown>\n#14 0x55de285d51ef <unknown>\n#15 0x55de2862c4b8 <unknown>\n#16 0x55de2862c6b3 <unknown>\n#17 0x55de2863d074 <unknown>\n#18 0x7ffb492a8134 <unknown>","time":{"start":1710032201641,"stop":1710032201963,"duration":322}},{"uid":"1409c88b4f807e82","reportUrl":"https://Nat754.github.io/StroyremAutomation/241//#testresult/1409c88b4f807e82","status":"skipped","statusDetails":"XFAIL\n\nselenium.common.exceptions.NoSuchElementException: Message: no such element: Unable to locate element: {\"method\":\"xpath\",\"selector\":\"(//a[@class='add-to-cart yellow-btn'])[1]\"}\n  (Session info: chrome-headless-shell=122.0.6261.111); For documentation on this error, please visit: https://www.selenium.dev/documentation/webdriver/troubleshooting/errors#no-such-element-exception\nStacktrace:\n#0 0x55b840bb6ec3 <unknown>\n#1 0x55b8408aece6 <unknown>\n#2 0x55b8408f9e48 <unknown>\n#3 0x55b8408f9f01 <unknown>\n#4 0x55b84093d3f4 <unknown>\n#5 0x55b84091bedd <unknown>\n#6 0x55b84093a899 <unknown>\n#7 0x55b84091bc53 <unknown>\n#8 0x55b8408ecdb3 <unknown>\n#9 0x55b8408ed77e <unknown>\n#10 0x55b840b7c7fb <unknown>\n#11 0x55b840b80815 <unknown>\n#12 0x55b840b6a111 <unknown>\n#13 0x55b840b813a2 <unknown>\n#14 0x55b840b4e1ef <unknown>\n#15 0x55b840ba54b8 <unknown>\n#16 0x55b840ba56b3 <unknown>\n#17 0x55b840bb6074 <unknown>\n#18 0x7fa1ba1ed134 <unknown>","time":{"start":1709945411734,"stop":1709945412059,"duration":325}},{"uid":"9f572b14ae3a6d14","reportUrl":"https://Nat754.github.io/StroyremAutomation/240//#testresult/9f572b14ae3a6d14","status":"skipped","statusDetails":"XFAIL\n\nselenium.common.exceptions.NoSuchElementException: Message: no such element: Unable to locate element: {\"method\":\"xpath\",\"selector\":\"(//a[@class='add-to-cart yellow-btn'])[1]\"}\n  (Session info: chrome-headless-shell=122.0.6261.111); For documentation on this error, please visit: https://www.selenium.dev/documentation/webdriver/troubleshooting/errors#no-such-element-exception\nStacktrace:\n#0 0x5650121a5ec3 <unknown>\n#1 0x565011e9dce6 <unknown>\n#2 0x565011ee8e48 <unknown>\n#3 0x565011ee8f01 <unknown>\n#4 0x565011f2c3f4 <unknown>\n#5 0x565011f0aedd <unknown>\n#6 0x565011f29899 <unknown>\n#7 0x565011f0ac53 <unknown>\n#8 0x565011edbdb3 <unknown>\n#9 0x565011edc77e <unknown>\n#10 0x56501216b7fb <unknown>\n#11 0x56501216f815 <unknown>\n#12 0x565012159111 <unknown>\n#13 0x5650121703a2 <unknown>\n#14 0x56501213d1ef <unknown>\n#15 0x5650121944b8 <unknown>\n#16 0x5650121946b3 <unknown>\n#17 0x5650121a5074 <unknown>\n#18 0x7f74af3bf134 <unknown>","time":{"start":1709859095262,"stop":1709859095583,"duration":321}},{"uid":"f0595e4a778f9418","reportUrl":"https://Nat754.github.io/StroyremAutomation/239//#testresult/f0595e4a778f9418","status":"skipped","statusDetails":"XFAIL\n\nselenium.common.exceptions.NoSuchElementException: Message: no such element: Unable to locate element: {\"method\":\"xpath\",\"selector\":\"(//a[@class='add-to-cart yellow-btn'])[1]\"}\n  (Session info: chrome-headless-shell=122.0.6261.94); For documentation on this error, please visit: https://www.selenium.dev/documentation/webdriver/troubleshooting/errors#no-such-element-exception\nStacktrace:\n#0 0x55daf9131e93 <unknown>\n#1 0x55daf8e29ce6 <unknown>\n#2 0x55daf8e74e48 <unknown>\n#3 0x55daf8e74f01 <unknown>\n#4 0x55daf8eb83f4 <unknown>\n#5 0x55daf8e96edd <unknown>\n#6 0x55daf8eb5899 <unknown>\n#7 0x55daf8e96c53 <unknown>\n#8 0x55daf8e67db3 <unknown>\n#9 0x55daf8e6877e <unknown>\n#10 0x55daf90f77cb <unknown>\n#11 0x55daf90fb7e5 <unknown>\n#12 0x55daf90e50e1 <unknown>\n#13 0x55daf90fc372 <unknown>\n#14 0x55daf90c91bf <unknown>\n#15 0x55daf9120488 <unknown>\n#16 0x55daf9120683 <unknown>\n#17 0x55daf9131044 <unknown>\n#18 0x7f2df7e5b134 <unknown>","time":{"start":1709772152343,"stop":1709772152782,"duration":439}},{"uid":"d99bb91d709dec20","reportUrl":"https://Nat754.github.io/StroyremAutomation/238//#testresult/d99bb91d709dec20","status":"skipped","statusDetails":"XFAIL\n\nselenium.common.exceptions.NoSuchElementException: Message: no such element: Unable to locate element: {\"method\":\"xpath\",\"selector\":\"(//a[@class='add-to-cart yellow-btn'])[1]\"}\n  (Session info: chrome-headless-shell=122.0.6261.94); For documentation on this error, please visit: https://www.selenium.dev/documentation/webdriver/troubleshooting/errors#no-such-element-exception\nStacktrace:\n#0 0x5640be04be93 <unknown>\n#1 0x5640bdd43ce6 <unknown>\n#2 0x5640bdd8ee48 <unknown>\n#3 0x5640bdd8ef01 <unknown>\n#4 0x5640bddd23f4 <unknown>\n#5 0x5640bddb0edd <unknown>\n#6 0x5640bddcf899 <unknown>\n#7 0x5640bddb0c53 <unknown>\n#8 0x5640bdd81db3 <unknown>\n#9 0x5640bdd8277e <unknown>\n#10 0x5640be0117cb <unknown>\n#11 0x5640be0157e5 <unknown>\n#12 0x5640bdfff0e1 <unknown>\n#13 0x5640be016372 <unknown>\n#14 0x5640bdfe31bf <unknown>\n#15 0x5640be03a488 <unknown>\n#16 0x5640be03a683 <unknown>\n#17 0x5640be04b044 <unknown>\n#18 0x7f45e4ec1134 <unknown>","time":{"start":1709686358457,"stop":1709686358799,"duration":342}},{"uid":"fa70939a495a986f","reportUrl":"https://Nat754.github.io/StroyremAutomation/237//#testresult/fa70939a495a986f","status":"skipped","statusDetails":"XFAIL\n\nselenium.common.exceptions.NoSuchElementException: Message: no such element: Unable to locate element: {\"method\":\"xpath\",\"selector\":\"(//a[@class='add-to-cart yellow-btn'])[1]\"}\n  (Session info: chrome-headless-shell=122.0.6261.94); For documentation on this error, please visit: https://www.selenium.dev/documentation/webdriver/troubleshooting/errors#no-such-element-exception\nStacktrace:\n#0 0x564022266e93 <unknown>\n#1 0x564021f5ece6 <unknown>\n#2 0x564021fa9e48 <unknown>\n#3 0x564021fa9f01 <unknown>\n#4 0x564021fed3f4 <unknown>\n#5 0x564021fcbedd <unknown>\n#6 0x564021fea899 <unknown>\n#7 0x564021fcbc53 <unknown>\n#8 0x564021f9cdb3 <unknown>\n#9 0x564021f9d77e <unknown>\n#10 0x56402222c7cb <unknown>\n#11 0x5640222307e5 <unknown>\n#12 0x56402221a0e1 <unknown>\n#13 0x564022231372 <unknown>\n#14 0x5640221fe1bf <unknown>\n#15 0x564022255488 <unknown>\n#16 0x564022255683 <unknown>\n#17 0x564022266044 <unknown>\n#18 0x7fa8508e7134 <unknown>","time":{"start":1709599937152,"stop":1709599937482,"duration":330}},{"uid":"a4b40ba1972c9d2c","reportUrl":"https://Nat754.github.io/StroyremAutomation/236//#testresult/a4b40ba1972c9d2c","status":"skipped","statusDetails":"XFAIL\n\nselenium.common.exceptions.NoSuchElementException: Message: no such element: Unable to locate element: {\"method\":\"xpath\",\"selector\":\"(//a[@class='add-to-cart yellow-btn'])[1]\"}\n  (Session info: chrome-headless-shell=122.0.6261.94); For documentation on this error, please visit: https://www.selenium.dev/documentation/webdriver/troubleshooting/errors#no-such-element-exception\nStacktrace:\n#0 0x56206f27ce93 <unknown>\n#1 0x56206ef74ce6 <unknown>\n#2 0x56206efbfe48 <unknown>\n#3 0x56206efbff01 <unknown>\n#4 0x56206f0033f4 <unknown>\n#5 0x56206efe1edd <unknown>\n#6 0x56206f000899 <unknown>\n#7 0x56206efe1c53 <unknown>\n#8 0x56206efb2db3 <unknown>\n#9 0x56206efb377e <unknown>\n#10 0x56206f2427cb <unknown>\n#11 0x56206f2467e5 <unknown>\n#12 0x56206f2300e1 <unknown>\n#13 0x56206f247372 <unknown>\n#14 0x56206f2141bf <unknown>\n#15 0x56206f26b488 <unknown>\n#16 0x56206f26b683 <unknown>\n#17 0x56206f27c044 <unknown>\n#18 0x7f3e0ced0134 <unknown>","time":{"start":1709513643950,"stop":1709513644385,"duration":435}},{"uid":"eb14f54bc7dd0694","reportUrl":"https://Nat754.github.io/StroyremAutomation/235//#testresult/eb14f54bc7dd0694","status":"skipped","statusDetails":"XFAIL\n\nselenium.common.exceptions.NoSuchElementException: Message: no such element: Unable to locate element: {\"method\":\"xpath\",\"selector\":\"(//a[@class='add-to-cart yellow-btn'])[1]\"}\n  (Session info: chrome-headless-shell=122.0.6261.94); For documentation on this error, please visit: https://www.selenium.dev/documentation/webdriver/troubleshooting/errors#no-such-element-exception\nStacktrace:\n#0 0x560cdc5cee93 <unknown>\n#1 0x560cdc2c6ce6 <unknown>\n#2 0x560cdc311e48 <unknown>\n#3 0x560cdc311f01 <unknown>\n#4 0x560cdc3553f4 <unknown>\n#5 0x560cdc333edd <unknown>\n#6 0x560cdc352899 <unknown>\n#7 0x560cdc333c53 <unknown>\n#8 0x560cdc304db3 <unknown>\n#9 0x560cdc30577e <unknown>\n#10 0x560cdc5947cb <unknown>\n#11 0x560cdc5987e5 <unknown>\n#12 0x560cdc5820e1 <unknown>\n#13 0x560cdc599372 <unknown>\n#14 0x560cdc5661bf <unknown>\n#15 0x560cdc5bd488 <unknown>\n#16 0x560cdc5bd683 <unknown>\n#17 0x560cdc5ce044 <unknown>\n#18 0x7efd78731134 <unknown>","time":{"start":1709427379353,"stop":1709427379772,"duration":419}},{"uid":"9b0be44e80fc1f39","reportUrl":"https://Nat754.github.io/StroyremAutomation/234//#testresult/9b0be44e80fc1f39","status":"skipped","statusDetails":"XFAIL\n\nselenium.common.exceptions.NoSuchElementException: Message: no such element: Unable to locate element: {\"method\":\"xpath\",\"selector\":\"(//a[@class='add-to-cart yellow-btn'])[1]\"}\n  (Session info: chrome-headless-shell=122.0.6261.94); For documentation on this error, please visit: https://www.selenium.dev/documentation/webdriver/troubleshooting/errors#no-such-element-exception\nStacktrace:\n#0 0x561636ee9e93 <unknown>\n#1 0x561636be1ce6 <unknown>\n#2 0x561636c2ce48 <unknown>\n#3 0x561636c2cf01 <unknown>\n#4 0x561636c703f4 <unknown>\n#5 0x561636c4eedd <unknown>\n#6 0x561636c6d899 <unknown>\n#7 0x561636c4ec53 <unknown>\n#8 0x561636c1fdb3 <unknown>\n#9 0x561636c2077e <unknown>\n#10 0x561636eaf7cb <unknown>\n#11 0x561636eb37e5 <unknown>\n#12 0x561636e9d0e1 <unknown>\n#13 0x561636eb4372 <unknown>\n#14 0x561636e811bf <unknown>\n#15 0x561636ed8488 <unknown>\n#16 0x561636ed8683 <unknown>\n#17 0x561636ee9044 <unknown>\n#18 0x7f8590590134 <unknown>","time":{"start":1709340637812,"stop":1709340638116,"duration":304}},{"uid":"cdecf2e0b28e2d7b","reportUrl":"https://Nat754.github.io/StroyremAutomation/233//#testresult/cdecf2e0b28e2d7b","status":"skipped","statusDetails":"XFAIL\n\nselenium.common.exceptions.NoSuchElementException: Message: no such element: Unable to locate element: {\"method\":\"xpath\",\"selector\":\"(//a[@class='add-to-cart yellow-btn'])[1]\"}\n  (Session info: chrome-headless-shell=122.0.6261.94); For documentation on this error, please visit: https://www.selenium.dev/documentation/webdriver/troubleshooting/errors#no-such-element-exception\nStacktrace:\n#0 0x55839c410e93 <unknown>\n#1 0x55839c108ce6 <unknown>\n#2 0x55839c153e48 <unknown>\n#3 0x55839c153f01 <unknown>\n#4 0x55839c1973f4 <unknown>\n#5 0x55839c175edd <unknown>\n#6 0x55839c194899 <unknown>\n#7 0x55839c175c53 <unknown>\n#8 0x55839c146db3 <unknown>\n#9 0x55839c14777e <unknown>\n#10 0x55839c3d67cb <unknown>\n#11 0x55839c3da7e5 <unknown>\n#12 0x55839c3c40e1 <unknown>\n#13 0x55839c3db372 <unknown>\n#14 0x55839c3a81bf <unknown>\n#15 0x55839c3ff488 <unknown>\n#16 0x55839c3ff683 <unknown>\n#17 0x55839c410044 <unknown>\n#18 0x7f0ed7494134 <unknown>","time":{"start":1709254628740,"stop":1709254629027,"duration":287}},{"uid":"3b3f5a8e12e694eb","reportUrl":"https://Nat754.github.io/StroyremAutomation/232//#testresult/3b3f5a8e12e694eb","status":"skipped","statusDetails":"XFAIL\n\nselenium.common.exceptions.NoSuchElementException: Message: no such element: Unable to locate element: {\"method\":\"xpath\",\"selector\":\"(//a[@class='add-to-cart yellow-btn'])[1]\"}\n  (Session info: chrome-headless-shell=122.0.6261.94); For documentation on this error, please visit: https://www.selenium.dev/documentation/webdriver/troubleshooting/errors#no-such-element-exception\nStacktrace:\n#0 0x55ee02f27e93 <unknown>\n#1 0x55ee02c1fce6 <unknown>\n#2 0x55ee02c6ae48 <unknown>\n#3 0x55ee02c6af01 <unknown>\n#4 0x55ee02cae3f4 <unknown>\n#5 0x55ee02c8cedd <unknown>\n#6 0x55ee02cab899 <unknown>\n#7 0x55ee02c8cc53 <unknown>\n#8 0x55ee02c5ddb3 <unknown>\n#9 0x55ee02c5e77e <unknown>\n#10 0x55ee02eed7cb <unknown>\n#11 0x55ee02ef17e5 <unknown>\n#12 0x55ee02edb0e1 <unknown>\n#13 0x55ee02ef2372 <unknown>\n#14 0x55ee02ebf1bf <unknown>\n#15 0x55ee02f16488 <unknown>\n#16 0x55ee02f16683 <unknown>\n#17 0x55ee02f27044 <unknown>\n#18 0x7f51aabdf134 <unknown>","time":{"start":1709167876655,"stop":1709167877299,"duration":644}},{"uid":"a88803a14c437b73","reportUrl":"https://Nat754.github.io/StroyremAutomation/231//#testresult/a88803a14c437b73","status":"skipped","statusDetails":"XFAIL\n\nselenium.common.exceptions.NoSuchElementException: Message: no such element: Unable to locate element: {\"method\":\"xpath\",\"selector\":\"(//a[@class='add-to-cart yellow-btn'])[1]\"}\n  (Session info: chrome-headless-shell=122.0.6261.94); For documentation on this error, please visit: https://www.selenium.dev/documentation/webdriver/troubleshooting/errors#no-such-element-exception\nStacktrace:\n#0 0x561116ea8e93 <unknown>\n#1 0x561116ba0ce6 <unknown>\n#2 0x561116bebe48 <unknown>\n#3 0x561116bebf01 <unknown>\n#4 0x561116c2f3f4 <unknown>\n#5 0x561116c0dedd <unknown>\n#6 0x561116c2c899 <unknown>\n#7 0x561116c0dc53 <unknown>\n#8 0x561116bdedb3 <unknown>\n#9 0x561116bdf77e <unknown>\n#10 0x561116e6e7cb <unknown>\n#11 0x561116e727e5 <unknown>\n#12 0x561116e5c0e1 <unknown>\n#13 0x561116e73372 <unknown>\n#14 0x561116e401bf <unknown>\n#15 0x561116e97488 <unknown>\n#16 0x561116e97683 <unknown>\n#17 0x561116ea8044 <unknown>\n#18 0x7fdd6cb73134 <unknown>","time":{"start":1709081479300,"stop":1709081479723,"duration":423}},{"uid":"841d6b55292afcb7","reportUrl":"https://Nat754.github.io/StroyremAutomation/230//#testresult/841d6b55292afcb7","status":"skipped","statusDetails":"XFAIL\n\nselenium.common.exceptions.NoSuchElementException: Message: no such element: Unable to locate element: {\"method\":\"xpath\",\"selector\":\"(//a[@class='add-to-cart yellow-btn'])[1]\"}\n  (Session info: chrome-headless-shell=122.0.6261.69); For documentation on this error, please visit: https://www.selenium.dev/documentation/webdriver/troubleshooting/errors#no-such-element-exception\nStacktrace:\n#0 0x5605b5b5b793 <unknown>\n#1 0x5605b584f1c6 <unknown>\n#2 0x5605b589a358 <unknown>\n#3 0x5605b589a411 <unknown>\n#4 0x5605b58dd934 <unknown>\n#5 0x5605b58bc3fd <unknown>\n#6 0x5605b58dadd9 <unknown>\n#7 0x5605b58bc173 <unknown>\n#8 0x5605b588d2d3 <unknown>\n#9 0x5605b588dc9e <unknown>\n#10 0x5605b5b1f8cb <unknown>\n#11 0x5605b5b23745 <unknown>\n#12 0x5605b5b0c2e1 <unknown>\n#13 0x5605b5b242d2 <unknown>\n#14 0x5605b5af017f <unknown>\n#15 0x5605b5b49dc8 <unknown>\n#16 0x5605b5b49fc3 <unknown>\n#17 0x5605b5b5a944 <unknown>\n#18 0x7fec4dc19134 <unknown>","time":{"start":1708995091808,"stop":1708995092218,"duration":410}}]},"tags":["@pytest.mark.xfail","smoke_test"]},"source":"516d1a9c9c378ec0.json","parameterValues":["23900","666","'TD 027'","16900","'products/shtukaturka-gipsovaya-aksolit-m50-30-kg-mashinnogo-naneseniya'","14000","'https://sandboxtest.stroyrem-nn.ru/'","20000"]}