{"uid":"88e9230b038e52c6","name":"Авторизация с помощью аккаунта ya.ru","fullName":"tests.test_sign_in.test_sign_in_page.TestSignInPage#test_positive_authorization_first_time_using_YA_smoke","historyId":"dad914aa68b78287aa131957fc42820c","time":{"start":1710724344016,"stop":1710724348426,"duration":4410},"status":"skipped","statusMessage":"XFAIL Появляется капча Яндекса при запуске теста на Github\n\nselenium.common.exceptions.NoSuchElementException: Message: no such element: Unable to locate element: {\"method\":\"css selector\",\"selector\":\"button[data-t='button:clear']\"}\n  (Session info: chrome-headless-shell=122.0.6261.128); For documentation on this error, please visit: https://www.selenium.dev/documentation/webdriver/troubleshooting/errors#no-such-element-exception\nStacktrace:\n#0 0x5cf2b479ff33 <unknown>\n#1 0x5cf2b4497ce6 <unknown>\n#2 0x5cf2b44e2e48 <unknown>\n#3 0x5cf2b44e2f01 <unknown>\n#4 0x5cf2b45263f4 <unknown>\n#5 0x5cf2b4504edd <unknown>\n#6 0x5cf2b4523899 <unknown>\n#7 0x5cf2b4504c53 <unknown>\n#8 0x5cf2b44d5db3 <unknown>\n#9 0x5cf2b44d677e <unknown>\n#10 0x5cf2b476586b <unknown>\n#11 0x5cf2b4769885 <unknown>\n#12 0x5cf2b4753181 <unknown>\n#13 0x5cf2b476a412 <unknown>\n#14 0x5cf2b473725f <unknown>\n#15 0x5cf2b478e528 <unknown>\n#16 0x5cf2b478e723 <unknown>\n#17 0x5cf2b479f0e4 <unknown>\n#18 0x71f9f523a134 <unknown>","statusTrace":"self = <tests.test_sign_in.test_sign_in_page.TestSignInPage object at 0x7fd6bca17b90>\ndriver = <selenium.webdriver.chrome.webdriver.WebDriver (session=\"222af96d66ab4d3860c04fd2d8a20d6d\")>\nsign_in_page = <pages.sign_in_page.SignInPage object at 0x7fd6bc0cbc10>\nopen_sign_in_window = None\n\n    @allure.title(\"Авторизация с помощью аккаунта ya.ru\")\n    @pytest.mark.xfail(reason=\"Появляется капча Яндекса при запуске теста на Github\")\n    @pytest.mark.smoke_test\n    def test_positive_authorization_first_time_using_YA_smoke(self, driver, sign_in_page, open_sign_in_window):\n        sign_in_page.get_ya_ru_auth_icon().click()\n        driver.switch_to.window(driver.window_handles[1])\n        # driver.delete_all_cookies()\n        driver.add_cookie({'name': 'uniqueuid',\n                           'value': '384528911692006899',\n                           'domain': 'passport.yandex.ru',\n                           'httpOnly': True,\n                           'path': '/',\n                           'expiry': 1723499808,\n                           'sameSite': 'Lax',\n                           'secure': True})\n        driver.add_cookie({'name': 'ymex',\n                           'value': '2007366920.yrts.1692006920#2007366900.yrtsi.1692006900',\n                           'domain': '.yandex.ru',\n                           'httpOnly': False,\n                           'path': '/',\n                           'expiry': 1723499808,\n                           'secure': True})\n        driver.add_cookie({'name': 'i',\n                           'value': 'rpEp6ASpcmkXAketS0UdMiVBT6ovBbPtyYRYZIsRWdkwRjrAU27Q2rmgTx58XJTCF6sreSZhfheTbJeEsS',\n                           'domain': '.yandex.ru',\n                           'httpOnly': True,\n                           'path': '/',\n                           'expiry': 1723499808,\n                           'secure': True})\n        driver.add_cookie({'name': 'yandexuid',\n                           'value': '5114601221692006901',\n                           'domain': '.yandex.ru',\n                           'httpOnly': False,\n                           'path': '/',\n                           'expiry': 1723499808,\n                           'secure': True})\n        driver.add_cookie({'name': 'yuidss',\n                           'value': '7640250911692006900',\n                           'domain': '.yandex.ru',\n                           'httpOnly': False,\n                           'path': '/',\n                           'expiry': 1723499808,\n                           'secure': True})\n        driver.add_cookie({'name': 'gdpr',\n                           'value': '0',\n                           'domain': '.yandex.ru',\n                           'httpOnly': False,\n                           'path': '/',\n                           'expiry': 1723499808,\n                           'secure': True})\n        driver.add_cookie({'name': '_ym_uid',\n                           'value': '169200690291832112',\n                           'domain': '.yandex.ru',\n                           'httpOnly': False,\n                           'path': '/',\n                           'expiry': 1723499808,\n                           'secure': True})\n        driver.add_cookie({'name': '_ym_d',\n                           'value': '1692006902',\n                           'domain': '.yandex.ru',\n                           'httpOnly': False,\n                           'path': '/',\n                           'expiry': 1723499808,\n                           'secure': True})\n        driver.add_cookie({'name': 'bh',\n                           'value': 'Ej8iTm90L0EpQnJhbmQiO3Y9Ijk5IiwiR29vZ2xlIENocm9tZSI7dj0iMTE1IiwiQ2hyb21pdW0iO3Y9IjExNSIaBSJ4ODYiIhAiMTE1LjAuNTc5MC4xMTAiKgI',\n                           'domain': 'yandex.ru',\n                           'httpOnly': False,\n                           'path': '/',\n                           'expiry': 1723499808,\n                           'secure': False})\n        driver.add_cookie({'name': '_ym_visorc',\n                           'value': 'b',\n                           'domain': '.yandex.ru',\n                           'httpOnly': False,\n                           'path': '/',\n                           'expiry': 1723499808,\n                           'secure': True})\n        driver.execute_script(\"arguments[0].scrollIntoView();\",\n>                             sign_in_page.get_ya_ru_window_alternative_ways_to_sign_up())\n\ntests/test_sign_in/test_sign_in_page.py:209: \n_ _ _ _ _ _ _ _ _ _ _ _ _ _ _ _ _ _ _ _ _ _ _ _ _ _ _ _ _ _ _ _ _ _ _ _ _ _ _ _ \npages/sign_in_page.py:191: in get_ya_ru_window_alternative_ways_to_sign_up\n    return self.find_element(self._ya_ru_window_alternative_ways_to_sign_up)\nbase/seleniumbase.py:17: in find_element\n    return self.driver.find_element(*locator)\n/usr/local/lib/python3.11/site-packages/selenium/webdriver/remote/webdriver.py:739: in find_element\n    return self.execute(Command.FIND_ELEMENT, {\"using\": by, \"value\": value})[\"value\"]\n/usr/local/lib/python3.11/site-packages/selenium/webdriver/remote/webdriver.py:345: in execute\n    self.error_handler.check_response(response)\n_ _ _ _ _ _ _ _ _ _ _ _ _ _ _ _ _ _ _ _ _ _ _ _ _ _ _ _ _ _ _ _ _ _ _ _ _ _ _ _ \n\nself = <selenium.webdriver.remote.errorhandler.ErrorHandler object at 0x7fd6bbb9c050>\nresponse = {'status': 404, 'value': '{\"value\":{\"error\":\"no such element\",\"message\":\"no such element: Unable to locate element: {\\...\\\\n#16 0x5cf2b478e723 \\\\u003Cunknown>\\\\n#17 0x5cf2b479f0e4 \\\\u003Cunknown>\\\\n#18 0x71f9f523a134 \\\\u003Cunknown>\\\\n\"}}'}\n\n    def check_response(self, response: Dict[str, Any]) -> None:\n        \"\"\"Checks that a JSON response from the WebDriver does not have an\n        error.\n    \n        :Args:\n         - response - The JSON response from the WebDriver server as a dictionary\n           object.\n    \n        :Raises: If the response contains an error message.\n        \"\"\"\n        status = response.get(\"status\", None)\n        if not status or status == ErrorCode.SUCCESS:\n            return\n        value = None\n        message = response.get(\"message\", \"\")\n        screen: str = response.get(\"screen\", \"\")\n        stacktrace = None\n        if isinstance(status, int):\n            value_json = response.get(\"value\", None)\n            if value_json and isinstance(value_json, str):\n                import json\n    \n                try:\n                    value = json.loads(value_json)\n                    if len(value) == 1:\n                        value = value[\"value\"]\n                    status = value.get(\"error\", None)\n                    if not status:\n                        status = value.get(\"status\", ErrorCode.UNKNOWN_ERROR)\n                        message = value.get(\"value\") or value.get(\"message\")\n                        if not isinstance(message, str):\n                            value = message\n                            message = message.get(\"message\")\n                    else:\n                        message = value.get(\"message\", None)\n                except ValueError:\n                    pass\n    \n        exception_class: Type[WebDriverException]\n        e = ErrorCode()\n        error_codes = [item for item in dir(e) if not item.startswith(\"__\")]\n        for error_code in error_codes:\n            error_info = getattr(ErrorCode, error_code)\n            if isinstance(error_info, list) and status in error_info:\n                exception_class = getattr(ExceptionMapping, error_code, WebDriverException)\n                break\n        else:\n            exception_class = WebDriverException\n    \n        if not value:\n            value = response[\"value\"]\n        if isinstance(value, str):\n            raise exception_class(value)\n        if message == \"\" and \"message\" in value:\n            message = value[\"message\"]\n    \n        screen = None  # type: ignore[assignment]\n        if \"screen\" in value:\n            screen = value[\"screen\"]\n    \n        stacktrace = None\n        st_value = value.get(\"stackTrace\") or value.get(\"stacktrace\")\n        if st_value:\n            if isinstance(st_value, str):\n                stacktrace = st_value.split(\"\\n\")\n            else:\n                stacktrace = []\n                try:\n                    for frame in st_value:\n                        line = frame.get(\"lineNumber\", \"\")\n                        file = frame.get(\"fileName\", \"<anonymous>\")\n                        if line:\n                            file = f\"{file}:{line}\"\n                        meth = frame.get(\"methodName\", \"<anonymous>\")\n                        if \"className\" in frame:\n                            meth = f\"{frame['className']}.{meth}\"\n                        msg = \"    at %s (%s)\"\n                        msg = msg % (meth, file)\n                        stacktrace.append(msg)\n                except TypeError:\n                    pass\n        if exception_class == UnexpectedAlertPresentException:\n            alert_text = None\n            if \"data\" in value:\n                alert_text = value[\"data\"].get(\"text\")\n            elif \"alert\" in value:\n                alert_text = value[\"alert\"].get(\"text\")\n            raise exception_class(message, screen, stacktrace, alert_text)  # type: ignore[call-arg]  # mypy is not smart enough here\n>       raise exception_class(message, screen, stacktrace)\nE       selenium.common.exceptions.NoSuchElementException: Message: no such element: Unable to locate element: {\"method\":\"css selector\",\"selector\":\"button[data-t='button:clear']\"}\nE         (Session info: chrome-headless-shell=122.0.6261.128); For documentation on this error, please visit: https://www.selenium.dev/documentation/webdriver/troubleshooting/errors#no-such-element-exception\nE       Stacktrace:\nE       #0 0x5cf2b479ff33 <unknown>\nE       #1 0x5cf2b4497ce6 <unknown>\nE       #2 0x5cf2b44e2e48 <unknown>\nE       #3 0x5cf2b44e2f01 <unknown>\nE       #4 0x5cf2b45263f4 <unknown>\nE       #5 0x5cf2b4504edd <unknown>\nE       #6 0x5cf2b4523899 <unknown>\nE       #7 0x5cf2b4504c53 <unknown>\nE       #8 0x5cf2b44d5db3 <unknown>\nE       #9 0x5cf2b44d677e <unknown>\nE       #10 0x5cf2b476586b <unknown>\nE       #11 0x5cf2b4769885 <unknown>\nE       #12 0x5cf2b4753181 <unknown>\nE       #13 0x5cf2b476a412 <unknown>\nE       #14 0x5cf2b473725f <unknown>\nE       #15 0x5cf2b478e528 <unknown>\nE       #16 0x5cf2b478e723 <unknown>\nE       #17 0x5cf2b479f0e4 <unknown>\nE       #18 0x71f9f523a134 <unknown>\n\n/usr/local/lib/python3.11/site-packages/selenium/webdriver/remote/errorhandler.py:229: NoSuchElementException","flaky":false,"newFailed":false,"newBroken":false,"newPassed":false,"retriesCount":0,"retriesStatusChange":false,"beforeStages":[{"name":"_session_faker","time":{"start":1710722953723,"stop":1710722953794,"duration":71},"status":"passed","steps":[],"attachments":[],"parameters":[],"shouldDisplayMessage":false,"stepsCount":0,"attachmentsCount":0,"hasContent":false,"attachmentStep":false},{"name":"clear_allure_results_folder","time":{"start":1710722953794,"stop":1710722953794,"duration":0},"status":"passed","steps":[],"attachments":[],"parameters":[],"shouldDisplayMessage":false,"stepsCount":0,"attachmentsCount":0,"hasContent":false,"attachmentStep":false},{"name":"driver","time":{"start":1710724335999,"stop":1710724336812,"duration":813},"status":"passed","steps":[],"attachments":[],"parameters":[],"shouldDisplayMessage":false,"stepsCount":0,"attachmentsCount":0,"hasContent":false,"attachmentStep":false},{"name":"setup","time":{"start":1710724336812,"stop":1710724336813,"duration":1},"status":"passed","steps":[],"attachments":[],"parameters":[],"shouldDisplayMessage":false,"stepsCount":0,"attachmentsCount":0,"hasContent":false,"attachmentStep":false},{"name":"sign_in_page","time":{"start":1710724336813,"stop":1710724343676,"duration":6863},"status":"passed","steps":[],"attachments":[],"parameters":[],"shouldDisplayMessage":false,"stepsCount":0,"attachmentsCount":0,"hasContent":false,"attachmentStep":false},{"name":"open_sign_in_window","time":{"start":1710724343677,"stop":1710724344016,"duration":339},"status":"passed","steps":[{"name":"Нахождение элемента: иконка профиля в хедере","time":{"start":1710724343677,"stop":1710724343685,"duration":8},"status":"passed","steps":[],"attachments":[],"parameters":[],"shouldDisplayMessage":false,"stepsCount":0,"attachmentsCount":0,"hasContent":false,"attachmentStep":false}],"attachments":[],"parameters":[],"shouldDisplayMessage":false,"stepsCount":1,"attachmentsCount":0,"hasContent":true,"attachmentStep":false}],"testStage":{"status":"skipped","statusMessage":"XFAIL Появляется капча Яндекса при запуске теста на Github\n\nselenium.common.exceptions.NoSuchElementException: Message: no such element: Unable to locate element: {\"method\":\"css selector\",\"selector\":\"button[data-t='button:clear']\"}\n  (Session info: chrome-headless-shell=122.0.6261.128); For documentation on this error, please visit: https://www.selenium.dev/documentation/webdriver/troubleshooting/errors#no-such-element-exception\nStacktrace:\n#0 0x5cf2b479ff33 <unknown>\n#1 0x5cf2b4497ce6 <unknown>\n#2 0x5cf2b44e2e48 <unknown>\n#3 0x5cf2b44e2f01 <unknown>\n#4 0x5cf2b45263f4 <unknown>\n#5 0x5cf2b4504edd <unknown>\n#6 0x5cf2b4523899 <unknown>\n#7 0x5cf2b4504c53 <unknown>\n#8 0x5cf2b44d5db3 <unknown>\n#9 0x5cf2b44d677e <unknown>\n#10 0x5cf2b476586b <unknown>\n#11 0x5cf2b4769885 <unknown>\n#12 0x5cf2b4753181 <unknown>\n#13 0x5cf2b476a412 <unknown>\n#14 0x5cf2b473725f <unknown>\n#15 0x5cf2b478e528 <unknown>\n#16 0x5cf2b478e723 <unknown>\n#17 0x5cf2b479f0e4 <unknown>\n#18 0x71f9f523a134 <unknown>","statusTrace":"self = <tests.test_sign_in.test_sign_in_page.TestSignInPage object at 0x7fd6bca17b90>\ndriver = <selenium.webdriver.chrome.webdriver.WebDriver (session=\"222af96d66ab4d3860c04fd2d8a20d6d\")>\nsign_in_page = <pages.sign_in_page.SignInPage object at 0x7fd6bc0cbc10>\nopen_sign_in_window = None\n\n    @allure.title(\"Авторизация с помощью аккаунта ya.ru\")\n    @pytest.mark.xfail(reason=\"Появляется капча Яндекса при запуске теста на Github\")\n    @pytest.mark.smoke_test\n    def test_positive_authorization_first_time_using_YA_smoke(self, driver, sign_in_page, open_sign_in_window):\n        sign_in_page.get_ya_ru_auth_icon().click()\n        driver.switch_to.window(driver.window_handles[1])\n        # driver.delete_all_cookies()\n        driver.add_cookie({'name': 'uniqueuid',\n                           'value': '384528911692006899',\n                           'domain': 'passport.yandex.ru',\n                           'httpOnly': True,\n                           'path': '/',\n                           'expiry': 1723499808,\n                           'sameSite': 'Lax',\n                           'secure': True})\n        driver.add_cookie({'name': 'ymex',\n                           'value': '2007366920.yrts.1692006920#2007366900.yrtsi.1692006900',\n                           'domain': '.yandex.ru',\n                           'httpOnly': False,\n                           'path': '/',\n                           'expiry': 1723499808,\n                           'secure': True})\n        driver.add_cookie({'name': 'i',\n                           'value': 'rpEp6ASpcmkXAketS0UdMiVBT6ovBbPtyYRYZIsRWdkwRjrAU27Q2rmgTx58XJTCF6sreSZhfheTbJeEsS',\n                           'domain': '.yandex.ru',\n                           'httpOnly': True,\n                           'path': '/',\n                           'expiry': 1723499808,\n                           'secure': True})\n        driver.add_cookie({'name': 'yandexuid',\n                           'value': '5114601221692006901',\n                           'domain': '.yandex.ru',\n                           'httpOnly': False,\n                           'path': '/',\n                           'expiry': 1723499808,\n                           'secure': True})\n        driver.add_cookie({'name': 'yuidss',\n                           'value': '7640250911692006900',\n                           'domain': '.yandex.ru',\n                           'httpOnly': False,\n                           'path': '/',\n                           'expiry': 1723499808,\n                           'secure': True})\n        driver.add_cookie({'name': 'gdpr',\n                           'value': '0',\n                           'domain': '.yandex.ru',\n                           'httpOnly': False,\n                           'path': '/',\n                           'expiry': 1723499808,\n                           'secure': True})\n        driver.add_cookie({'name': '_ym_uid',\n                           'value': '169200690291832112',\n                           'domain': '.yandex.ru',\n                           'httpOnly': False,\n                           'path': '/',\n                           'expiry': 1723499808,\n                           'secure': True})\n        driver.add_cookie({'name': '_ym_d',\n                           'value': '1692006902',\n                           'domain': '.yandex.ru',\n                           'httpOnly': False,\n                           'path': '/',\n                           'expiry': 1723499808,\n                           'secure': True})\n        driver.add_cookie({'name': 'bh',\n                           'value': 'Ej8iTm90L0EpQnJhbmQiO3Y9Ijk5IiwiR29vZ2xlIENocm9tZSI7dj0iMTE1IiwiQ2hyb21pdW0iO3Y9IjExNSIaBSJ4ODYiIhAiMTE1LjAuNTc5MC4xMTAiKgI',\n                           'domain': 'yandex.ru',\n                           'httpOnly': False,\n                           'path': '/',\n                           'expiry': 1723499808,\n                           'secure': False})\n        driver.add_cookie({'name': '_ym_visorc',\n                           'value': 'b',\n                           'domain': '.yandex.ru',\n                           'httpOnly': False,\n                           'path': '/',\n                           'expiry': 1723499808,\n                           'secure': True})\n        driver.execute_script(\"arguments[0].scrollIntoView();\",\n>                             sign_in_page.get_ya_ru_window_alternative_ways_to_sign_up())\n\ntests/test_sign_in/test_sign_in_page.py:209: \n_ _ _ _ _ _ _ _ _ _ _ _ _ _ _ _ _ _ _ _ _ _ _ _ _ _ _ _ _ _ _ _ _ _ _ _ _ _ _ _ \npages/sign_in_page.py:191: in get_ya_ru_window_alternative_ways_to_sign_up\n    return self.find_element(self._ya_ru_window_alternative_ways_to_sign_up)\nbase/seleniumbase.py:17: in find_element\n    return self.driver.find_element(*locator)\n/usr/local/lib/python3.11/site-packages/selenium/webdriver/remote/webdriver.py:739: in find_element\n    return self.execute(Command.FIND_ELEMENT, {\"using\": by, \"value\": value})[\"value\"]\n/usr/local/lib/python3.11/site-packages/selenium/webdriver/remote/webdriver.py:345: in execute\n    self.error_handler.check_response(response)\n_ _ _ _ _ _ _ _ _ _ _ _ _ _ _ _ _ _ _ _ _ _ _ _ _ _ _ _ _ _ _ _ _ _ _ _ _ _ _ _ \n\nself = <selenium.webdriver.remote.errorhandler.ErrorHandler object at 0x7fd6bbb9c050>\nresponse = {'status': 404, 'value': '{\"value\":{\"error\":\"no such element\",\"message\":\"no such element: Unable to locate element: {\\...\\\\n#16 0x5cf2b478e723 \\\\u003Cunknown>\\\\n#17 0x5cf2b479f0e4 \\\\u003Cunknown>\\\\n#18 0x71f9f523a134 \\\\u003Cunknown>\\\\n\"}}'}\n\n    def check_response(self, response: Dict[str, Any]) -> None:\n        \"\"\"Checks that a JSON response from the WebDriver does not have an\n        error.\n    \n        :Args:\n         - response - The JSON response from the WebDriver server as a dictionary\n           object.\n    \n        :Raises: If the response contains an error message.\n        \"\"\"\n        status = response.get(\"status\", None)\n        if not status or status == ErrorCode.SUCCESS:\n            return\n        value = None\n        message = response.get(\"message\", \"\")\n        screen: str = response.get(\"screen\", \"\")\n        stacktrace = None\n        if isinstance(status, int):\n            value_json = response.get(\"value\", None)\n            if value_json and isinstance(value_json, str):\n                import json\n    \n                try:\n                    value = json.loads(value_json)\n                    if len(value) == 1:\n                        value = value[\"value\"]\n                    status = value.get(\"error\", None)\n                    if not status:\n                        status = value.get(\"status\", ErrorCode.UNKNOWN_ERROR)\n                        message = value.get(\"value\") or value.get(\"message\")\n                        if not isinstance(message, str):\n                            value = message\n                            message = message.get(\"message\")\n                    else:\n                        message = value.get(\"message\", None)\n                except ValueError:\n                    pass\n    \n        exception_class: Type[WebDriverException]\n        e = ErrorCode()\n        error_codes = [item for item in dir(e) if not item.startswith(\"__\")]\n        for error_code in error_codes:\n            error_info = getattr(ErrorCode, error_code)\n            if isinstance(error_info, list) and status in error_info:\n                exception_class = getattr(ExceptionMapping, error_code, WebDriverException)\n                break\n        else:\n            exception_class = WebDriverException\n    \n        if not value:\n            value = response[\"value\"]\n        if isinstance(value, str):\n            raise exception_class(value)\n        if message == \"\" and \"message\" in value:\n            message = value[\"message\"]\n    \n        screen = None  # type: ignore[assignment]\n        if \"screen\" in value:\n            screen = value[\"screen\"]\n    \n        stacktrace = None\n        st_value = value.get(\"stackTrace\") or value.get(\"stacktrace\")\n        if st_value:\n            if isinstance(st_value, str):\n                stacktrace = st_value.split(\"\\n\")\n            else:\n                stacktrace = []\n                try:\n                    for frame in st_value:\n                        line = frame.get(\"lineNumber\", \"\")\n                        file = frame.get(\"fileName\", \"<anonymous>\")\n                        if line:\n                            file = f\"{file}:{line}\"\n                        meth = frame.get(\"methodName\", \"<anonymous>\")\n                        if \"className\" in frame:\n                            meth = f\"{frame['className']}.{meth}\"\n                        msg = \"    at %s (%s)\"\n                        msg = msg % (meth, file)\n                        stacktrace.append(msg)\n                except TypeError:\n                    pass\n        if exception_class == UnexpectedAlertPresentException:\n            alert_text = None\n            if \"data\" in value:\n                alert_text = value[\"data\"].get(\"text\")\n            elif \"alert\" in value:\n                alert_text = value[\"alert\"].get(\"text\")\n            raise exception_class(message, screen, stacktrace, alert_text)  # type: ignore[call-arg]  # mypy is not smart enough here\n>       raise exception_class(message, screen, stacktrace)\nE       selenium.common.exceptions.NoSuchElementException: Message: no such element: Unable to locate element: {\"method\":\"css selector\",\"selector\":\"button[data-t='button:clear']\"}\nE         (Session info: chrome-headless-shell=122.0.6261.128); For documentation on this error, please visit: https://www.selenium.dev/documentation/webdriver/troubleshooting/errors#no-such-element-exception\nE       Stacktrace:\nE       #0 0x5cf2b479ff33 <unknown>\nE       #1 0x5cf2b4497ce6 <unknown>\nE       #2 0x5cf2b44e2e48 <unknown>\nE       #3 0x5cf2b44e2f01 <unknown>\nE       #4 0x5cf2b45263f4 <unknown>\nE       #5 0x5cf2b4504edd <unknown>\nE       #6 0x5cf2b4523899 <unknown>\nE       #7 0x5cf2b4504c53 <unknown>\nE       #8 0x5cf2b44d5db3 <unknown>\nE       #9 0x5cf2b44d677e <unknown>\nE       #10 0x5cf2b476586b <unknown>\nE       #11 0x5cf2b4769885 <unknown>\nE       #12 0x5cf2b4753181 <unknown>\nE       #13 0x5cf2b476a412 <unknown>\nE       #14 0x5cf2b473725f <unknown>\nE       #15 0x5cf2b478e528 <unknown>\nE       #16 0x5cf2b478e723 <unknown>\nE       #17 0x5cf2b479f0e4 <unknown>\nE       #18 0x71f9f523a134 <unknown>\n\n/usr/local/lib/python3.11/site-packages/selenium/webdriver/remote/errorhandler.py:229: NoSuchElementException","steps":[{"name":"Нахождение элемента: иконка 'ya.ru' окна авторизации","time":{"start":1710724344016,"stop":1710724344029,"duration":13},"status":"passed","steps":[],"attachments":[],"parameters":[],"shouldDisplayMessage":false,"stepsCount":0,"attachmentsCount":0,"hasContent":false,"attachmentStep":false},{"name":"Проверка кликабельности элемента: кнопка 'Другие способы входа' окна авторизации через 'ya.ru'","time":{"start":1710724348414,"stop":1710724348425,"duration":11},"status":"broken","statusMessage":"selenium.common.exceptions.NoSuchElementException: Message: no such element: Unable to locate element: {\"method\":\"css selector\",\"selector\":\"button[data-t='button:clear']\"}\n  (Session info: chrome-headless-shell=122.0.6261.128); For documentation on this error, please visit: https://www.selenium.dev/documentation/webdriver/troubleshooting/errors#no-such-element-exception\nStacktrace:\n#0 0x5cf2b479ff33 <unknown>\n#1 0x5cf2b4497ce6 <unknown>\n#2 0x5cf2b44e2e48 <unknown>\n#3 0x5cf2b44e2f01 <unknown>\n#4 0x5cf2b45263f4 <unknown>\n#5 0x5cf2b4504edd <unknown>\n#6 0x5cf2b4523899 <unknown>\n#7 0x5cf2b4504c53 <unknown>\n#8 0x5cf2b44d5db3 <unknown>\n#9 0x5cf2b44d677e <unknown>\n#10 0x5cf2b476586b <unknown>\n#11 0x5cf2b4769885 <unknown>\n#12 0x5cf2b4753181 <unknown>\n#13 0x5cf2b476a412 <unknown>\n#14 0x5cf2b473725f <unknown>\n#15 0x5cf2b478e528 <unknown>\n#16 0x5cf2b478e723 <unknown>\n#17 0x5cf2b479f0e4 <unknown>\n#18 0x71f9f523a134 <unknown>\n\n","statusTrace":"  File \"/usr/local/lib/python3.11/site-packages/allure_commons/_allure.py\", line 192, in impl\n    return func(*a, **kw)\n           ^^^^^^^^^^^^^^\n  File \"/app/pages/sign_in_page.py\", line 191, in get_ya_ru_window_alternative_ways_to_sign_up\n    return self.find_element(self._ya_ru_window_alternative_ways_to_sign_up)\n           ^^^^^^^^^^^^^^^^^^^^^^^^^^^^^^^^^^^^^^^^^^^^^^^^^^^^^^^^^^^^^^^^^\n  File \"/app/base/seleniumbase.py\", line 17, in find_element\n    return self.driver.find_element(*locator)\n           ^^^^^^^^^^^^^^^^^^^^^^^^^^^^^^^^^^\n  File \"/usr/local/lib/python3.11/site-packages/selenium/webdriver/remote/webdriver.py\", line 739, in find_element\n    return self.execute(Command.FIND_ELEMENT, {\"using\": by, \"value\": value})[\"value\"]\n           ^^^^^^^^^^^^^^^^^^^^^^^^^^^^^^^^^^^^^^^^^^^^^^^^^^^^^^^^^^^^^^^^^\n  File \"/usr/local/lib/python3.11/site-packages/selenium/webdriver/remote/webdriver.py\", line 345, in execute\n    self.error_handler.check_response(response)\n  File \"/usr/local/lib/python3.11/site-packages/selenium/webdriver/remote/errorhandler.py\", line 229, in check_response\n    raise exception_class(message, screen, stacktrace)\n","steps":[],"attachments":[],"parameters":[],"shouldDisplayMessage":true,"stepsCount":0,"attachmentsCount":0,"hasContent":true,"attachmentStep":false}],"attachments":[{"uid":"c2292b80ceb55a66","name":"Screenshot","source":"c2292b80ceb55a66.png","type":"image/png","size":497214},{"uid":"24cd9674bdff653","name":"HTML source","source":"24cd9674bdff653.html","type":"text/html","size":26814}],"parameters":[],"shouldDisplayMessage":true,"stepsCount":2,"attachmentsCount":2,"hasContent":true,"attachmentStep":false},"afterStages":[{"name":"driver::0","time":{"start":1710724348609,"stop":1710724348679,"duration":70},"status":"passed","steps":[],"attachments":[],"parameters":[],"shouldDisplayMessage":false,"stepsCount":0,"attachmentsCount":0,"hasContent":false,"attachmentStep":false},{"name":"setup::0","time":{"start":1710724348609,"stop":1710724348609,"duration":0},"status":"passed","steps":[],"attachments":[],"parameters":[],"shouldDisplayMessage":false,"stepsCount":0,"attachmentsCount":0,"hasContent":false,"attachmentStep":false}],"labels":[{"name":"epic","value":"Sign In Page"},{"name":"tag","value":"smoke_test"},{"name":"tag","value":"@pytest.mark.xfail(reason='Появляется капча Яндекса при запуске теста на Github')"},{"name":"parentSuite","value":"tests.test_sign_in"},{"name":"suite","value":"test_sign_in_page"},{"name":"subSuite","value":"TestSignInPage"},{"name":"host","value":"07c3a05559b5"},{"name":"thread","value":"1-MainThread"},{"name":"framework","value":"pytest"},{"name":"language","value":"cpython3"},{"name":"package","value":"tests.test_sign_in.test_sign_in_page"},{"name":"resultFormat","value":"allure2"}],"parameters":[],"links":[],"hidden":false,"retry":false,"extra":{"severity":"normal","retries":[],"categories":[],"history":{"statistic":{"failed":0,"broken":0,"skipped":229,"passed":4,"unknown":0,"total":233},"items":[{"uid":"ef0542b09c5231b9","reportUrl":"https://Nat754.github.io/StroyremAutomation/249//#testresult/ef0542b09c5231b9","status":"skipped","statusDetails":"XFAIL Появляется капча Яндекса при запуске теста на Github\n\nselenium.common.exceptions.NoSuchElementException: Message: no such element: Unable to locate element: {\"method\":\"css selector\",\"selector\":\"button[data-t='button:clear']\"}\n  (Session info: chrome-headless-shell=122.0.6261.128); For documentation on this error, please visit: https://www.selenium.dev/documentation/webdriver/troubleshooting/errors#no-such-element-exception\nStacktrace:\n#0 0x579276dd3f33 <unknown>\n#1 0x579276acbce6 <unknown>\n#2 0x579276b16e48 <unknown>\n#3 0x579276b16f01 <unknown>\n#4 0x579276b5a3f4 <unknown>\n#5 0x579276b38edd <unknown>\n#6 0x579276b57899 <unknown>\n#7 0x579276b38c53 <unknown>\n#8 0x579276b09db3 <unknown>\n#9 0x579276b0a77e <unknown>\n#10 0x579276d9986b <unknown>\n#11 0x579276d9d885 <unknown>\n#12 0x579276d87181 <unknown>\n#13 0x579276d9e412 <unknown>\n#14 0x579276d6b25f <unknown>\n#15 0x579276dc2528 <unknown>\n#16 0x579276dc2723 <unknown>\n#17 0x579276dd30e4 <unknown>\n#18 0x7119d2c8a134 <unknown>","time":{"start":1710638038308,"stop":1710638041924,"duration":3616}},{"uid":"29d24227ce27b148","reportUrl":"https://Nat754.github.io/StroyremAutomation/248//#testresult/29d24227ce27b148","status":"skipped","statusDetails":"XFAIL Появляется капча Яндекса при запуске теста на Github\n\nselenium.common.exceptions.InvalidCookieDomainException: Message: invalid cookie domain: Cookie 'domain' mismatch\n  (Session info: chrome-headless-shell=122.0.6261.128)\nStacktrace:\n#0 0x5d927cca2f33 <unknown>\n#1 0x5d927c99ace6 <unknown>\n#2 0x5d927ca38d0d <unknown>\n#3 0x5d927ca07eb2 <unknown>\n#4 0x5d927ca26899 <unknown>\n#5 0x5d927ca07c53 <unknown>\n#6 0x5d927c9d8db3 <unknown>\n#7 0x5d927c9d977e <unknown>\n#8 0x5d927cc6886b <unknown>\n#9 0x5d927cc6c885 <unknown>\n#10 0x5d927cc56181 <unknown>\n#11 0x5d927cc6d412 <unknown>\n#12 0x5d927cc3a25f <unknown>\n#13 0x5d927cc91528 <unknown>\n#14 0x5d927cc91723 <unknown>\n#15 0x5d927cca20e4 <unknown>\n#16 0x752877369134 <unknown>","time":{"start":1710551301989,"stop":1710551305543,"duration":3554}},{"uid":"21182eaf3bfec38b","reportUrl":"https://Nat754.github.io/StroyremAutomation/247//#testresult/21182eaf3bfec38b","status":"skipped","statusDetails":"XFAIL Появляется капча Яндекса при запуске теста на Github\n\nselenium.common.exceptions.NoSuchElementException: Message: no such element: Unable to locate element: {\"method\":\"css selector\",\"selector\":\"button[data-t='button:clear']\"}\n  (Session info: chrome-headless-shell=122.0.6261.128); For documentation on this error, please visit: https://www.selenium.dev/documentation/webdriver/troubleshooting/errors#no-such-element-exception\nStacktrace:\n#0 0x5fec625c3f33 <unknown>\n#1 0x5fec622bbce6 <unknown>\n#2 0x5fec62306e48 <unknown>\n#3 0x5fec62306f01 <unknown>\n#4 0x5fec6234a3f4 <unknown>\n#5 0x5fec62328edd <unknown>\n#6 0x5fec62347899 <unknown>\n#7 0x5fec62328c53 <unknown>\n#8 0x5fec622f9db3 <unknown>\n#9 0x5fec622fa77e <unknown>\n#10 0x5fec6258986b <unknown>\n#11 0x5fec6258d885 <unknown>\n#12 0x5fec62577181 <unknown>\n#13 0x5fec6258e412 <unknown>\n#14 0x5fec6255b25f <unknown>\n#15 0x5fec625b2528 <unknown>\n#16 0x5fec625b2723 <unknown>\n#17 0x5fec625c30e4 <unknown>\n#18 0x78ae9b362134 <unknown>","time":{"start":1710465158828,"stop":1710465163276,"duration":4448}},{"uid":"b9f6a463a6d2a7e0","reportUrl":"https://Nat754.github.io/StroyremAutomation/246//#testresult/b9f6a463a6d2a7e0","status":"skipped","statusDetails":"XFAIL Появляется капча Яндекса при запуске теста на Github\n\nselenium.common.exceptions.InvalidCookieDomainException: Message: invalid cookie domain: Cookie 'domain' mismatch\n  (Session info: chrome-headless-shell=122.0.6261.128)\nStacktrace:\n#0 0x581ec06dff33 <unknown>\n#1 0x581ec03d7ce6 <unknown>\n#2 0x581ec0475d0d <unknown>\n#3 0x581ec0444eb2 <unknown>\n#4 0x581ec0463899 <unknown>\n#5 0x581ec0444c53 <unknown>\n#6 0x581ec0415db3 <unknown>\n#7 0x581ec041677e <unknown>\n#8 0x581ec06a586b <unknown>\n#9 0x581ec06a9885 <unknown>\n#10 0x581ec0693181 <unknown>\n#11 0x581ec06aa412 <unknown>\n#12 0x581ec067725f <unknown>\n#13 0x581ec06ce528 <unknown>\n#14 0x581ec06ce723 <unknown>\n#15 0x581ec06df0e4 <unknown>\n#16 0x79210e5b6134 <unknown>","time":{"start":1710378744607,"stop":1710378749064,"duration":4457}},{"uid":"afafdd2590724b09","reportUrl":"https://Nat754.github.io/StroyremAutomation/245//#testresult/afafdd2590724b09","status":"skipped","statusDetails":"XFAIL Появляется капча Яндекса при запуске теста на Github\n\nselenium.common.exceptions.InvalidCookieDomainException: Message: invalid cookie domain: Cookie 'domain' mismatch\n  (Session info: chrome-headless-shell=122.0.6261.128)\nStacktrace:\n#0 0x55aa9973ef33 <unknown>\n#1 0x55aa99436ce6 <unknown>\n#2 0x55aa994d4d0d <unknown>\n#3 0x55aa994a3eb2 <unknown>\n#4 0x55aa994c2899 <unknown>\n#5 0x55aa994a3c53 <unknown>\n#6 0x55aa99474db3 <unknown>\n#7 0x55aa9947577e <unknown>\n#8 0x55aa9970486b <unknown>\n#9 0x55aa99708885 <unknown>\n#10 0x55aa996f2181 <unknown>\n#11 0x55aa99709412 <unknown>\n#12 0x55aa996d625f <unknown>\n#13 0x55aa9972d528 <unknown>\n#14 0x55aa9972d723 <unknown>\n#15 0x55aa9973e0e4 <unknown>\n#16 0x7f46bd4bb134 <unknown>","time":{"start":1710292609312,"stop":1710292614532,"duration":5220}},{"uid":"c8b0875010aab393","reportUrl":"https://Nat754.github.io/StroyremAutomation/244//#testresult/c8b0875010aab393","status":"skipped","statusDetails":"XFAIL Появляется капча Яндекса при запуске теста на Github\n\nselenium.common.exceptions.InvalidCookieDomainException: Message: invalid cookie domain: Cookie 'domain' mismatch\n  (Session info: chrome-headless-shell=122.0.6261.111)\nStacktrace:\n#0 0x558c0ea4bec3 <unknown>\n#1 0x558c0e743ce6 <unknown>\n#2 0x558c0e7e1d0d <unknown>\n#3 0x558c0e7b0eb2 <unknown>\n#4 0x558c0e7cf899 <unknown>\n#5 0x558c0e7b0c53 <unknown>\n#6 0x558c0e781db3 <unknown>\n#7 0x558c0e78277e <unknown>\n#8 0x558c0ea117fb <unknown>\n#9 0x558c0ea15815 <unknown>\n#10 0x558c0e9ff111 <unknown>\n#11 0x558c0ea163a2 <unknown>\n#12 0x558c0e9e31ef <unknown>\n#13 0x558c0ea3a4b8 <unknown>\n#14 0x558c0ea3a6b3 <unknown>\n#15 0x558c0ea4b074 <unknown>\n#16 0x7f5bb3552134 <unknown>","time":{"start":1710206051750,"stop":1710206057005,"duration":5255}},{"uid":"5f4a284e7550ebc5","reportUrl":"https://Nat754.github.io/StroyremAutomation/243//#testresult/5f4a284e7550ebc5","status":"skipped","statusDetails":"XFAIL Появляется капча Яндекса при запуске теста на Github\n\nselenium.common.exceptions.InvalidCookieDomainException: Message: invalid cookie domain: Cookie 'domain' mismatch\n  (Session info: chrome-headless-shell=122.0.6261.111)\nStacktrace:\n#0 0x55cba620bec3 <unknown>\n#1 0x55cba5f03ce6 <unknown>\n#2 0x55cba5fa1d0d <unknown>\n#3 0x55cba5f70eb2 <unknown>\n#4 0x55cba5f8f899 <unknown>\n#5 0x55cba5f70c53 <unknown>\n#6 0x55cba5f41db3 <unknown>\n#7 0x55cba5f4277e <unknown>\n#8 0x55cba61d17fb <unknown>\n#9 0x55cba61d5815 <unknown>\n#10 0x55cba61bf111 <unknown>\n#11 0x55cba61d63a2 <unknown>\n#12 0x55cba61a31ef <unknown>\n#13 0x55cba61fa4b8 <unknown>\n#14 0x55cba61fa6b3 <unknown>\n#15 0x55cba620b074 <unknown>\n#16 0x7f52bb07a134 <unknown>","time":{"start":1710119778553,"stop":1710119784461,"duration":5908}},{"uid":"fc2bc6cc53ac00e1","reportUrl":"https://Nat754.github.io/StroyremAutomation/242//#testresult/fc2bc6cc53ac00e1","status":"skipped","statusDetails":"XFAIL Появляется капча Яндекса при запуске теста на Github\n\nselenium.common.exceptions.InvalidCookieDomainException: Message: invalid cookie domain: Cookie 'domain' mismatch\n  (Session info: chrome-headless-shell=122.0.6261.111)\nStacktrace:\n#0 0x56247a3a2ec3 <unknown>\n#1 0x56247a09ace6 <unknown>\n#2 0x56247a138d0d <unknown>\n#3 0x56247a107eb2 <unknown>\n#4 0x56247a126899 <unknown>\n#5 0x56247a107c53 <unknown>\n#6 0x56247a0d8db3 <unknown>\n#7 0x56247a0d977e <unknown>\n#8 0x56247a3687fb <unknown>\n#9 0x56247a36c815 <unknown>\n#10 0x56247a356111 <unknown>\n#11 0x56247a36d3a2 <unknown>\n#12 0x56247a33a1ef <unknown>\n#13 0x56247a3914b8 <unknown>\n#14 0x56247a3916b3 <unknown>\n#15 0x56247a3a2074 <unknown>\n#16 0x7fed236f8134 <unknown>","time":{"start":1710033309530,"stop":1710033313804,"duration":4274}},{"uid":"73aba079c070981d","reportUrl":"https://Nat754.github.io/StroyremAutomation/241//#testresult/73aba079c070981d","status":"skipped","statusDetails":"XFAIL Появляется капча Яндекса при запуске теста на Github\n\nselenium.common.exceptions.NoSuchElementException: Message: no such element: Unable to locate element: {\"method\":\"css selector\",\"selector\":\"button[data-t='button:clear']\"}\n  (Session info: chrome-headless-shell=122.0.6261.111); For documentation on this error, please visit: https://www.selenium.dev/documentation/webdriver/troubleshooting/errors#no-such-element-exception\nStacktrace:\n#0 0x55e4d39a2ec3 <unknown>\n#1 0x55e4d369ace6 <unknown>\n#2 0x55e4d36e5e48 <unknown>\n#3 0x55e4d36e5f01 <unknown>\n#4 0x55e4d37293f4 <unknown>\n#5 0x55e4d3707edd <unknown>\n#6 0x55e4d3726899 <unknown>\n#7 0x55e4d3707c53 <unknown>\n#8 0x55e4d36d8db3 <unknown>\n#9 0x55e4d36d977e <unknown>\n#10 0x55e4d39687fb <unknown>\n#11 0x55e4d396c815 <unknown>\n#12 0x55e4d3956111 <unknown>\n#13 0x55e4d396d3a2 <unknown>\n#14 0x55e4d393a1ef <unknown>\n#15 0x55e4d39914b8 <unknown>\n#16 0x55e4d39916b3 <unknown>\n#17 0x55e4d39a2074 <unknown>\n#18 0x7fed21d24134 <unknown>","time":{"start":1709946555066,"stop":1709946559867,"duration":4801}},{"uid":"95b15acdb2526d69","reportUrl":"https://Nat754.github.io/StroyremAutomation/240//#testresult/95b15acdb2526d69","status":"skipped","statusDetails":"XFAIL Появляется капча Яндекса при запуске теста на Github\n\nselenium.common.exceptions.InvalidCookieDomainException: Message: invalid cookie domain: Cookie 'domain' mismatch\n  (Session info: chrome-headless-shell=122.0.6261.111)\nStacktrace:\n#0 0x5555c6838ec3 <unknown>\n#1 0x5555c6530ce6 <unknown>\n#2 0x5555c65ced0d <unknown>\n#3 0x5555c659deb2 <unknown>\n#4 0x5555c65bc899 <unknown>\n#5 0x5555c659dc53 <unknown>\n#6 0x5555c656edb3 <unknown>\n#7 0x5555c656f77e <unknown>\n#8 0x5555c67fe7fb <unknown>\n#9 0x5555c6802815 <unknown>\n#10 0x5555c67ec111 <unknown>\n#11 0x5555c68033a2 <unknown>\n#12 0x5555c67d01ef <unknown>\n#13 0x5555c68274b8 <unknown>\n#14 0x5555c68276b3 <unknown>\n#15 0x5555c6838074 <unknown>\n#16 0x7f26683e2134 <unknown>","time":{"start":1709860171218,"stop":1709860175068,"duration":3850}},{"uid":"9ed0ec0828a8527c","reportUrl":"https://Nat754.github.io/StroyremAutomation/239//#testresult/9ed0ec0828a8527c","status":"skipped","statusDetails":"XFAIL Появляется капча Яндекса при запуске теста на Github\n\nselenium.common.exceptions.NoSuchElementException: Message: no such element: Unable to locate element: {\"method\":\"css selector\",\"selector\":\"button[data-t='button:clear']\"}\n  (Session info: chrome-headless-shell=122.0.6261.94); For documentation on this error, please visit: https://www.selenium.dev/documentation/webdriver/troubleshooting/errors#no-such-element-exception\nStacktrace:\n#0 0x55a2692abe93 <unknown>\n#1 0x55a268fa3ce6 <unknown>\n#2 0x55a268feee48 <unknown>\n#3 0x55a268feef01 <unknown>\n#4 0x55a2690323f4 <unknown>\n#5 0x55a269010edd <unknown>\n#6 0x55a26902f899 <unknown>\n#7 0x55a269010c53 <unknown>\n#8 0x55a268fe1db3 <unknown>\n#9 0x55a268fe277e <unknown>\n#10 0x55a2692717cb <unknown>\n#11 0x55a2692757e5 <unknown>\n#12 0x55a26925f0e1 <unknown>\n#13 0x55a269276372 <unknown>\n#14 0x55a2692431bf <unknown>\n#15 0x55a26929a488 <unknown>\n#16 0x55a26929a683 <unknown>\n#17 0x55a2692ab044 <unknown>\n#18 0x7f050b421134 <unknown>","time":{"start":1709773227816,"stop":1709773246533,"duration":18717}},{"uid":"c6ad6eb5e279be10","reportUrl":"https://Nat754.github.io/StroyremAutomation/238//#testresult/c6ad6eb5e279be10","status":"skipped","statusDetails":"XFAIL Появляется капча Яндекса при запуске теста на Github\n\nselenium.common.exceptions.InvalidCookieDomainException: Message: invalid cookie domain: Cookie 'domain' mismatch\n  (Session info: chrome-headless-shell=122.0.6261.94)\nStacktrace:\n#0 0x557a96588e93 <unknown>\n#1 0x557a96280ce6 <unknown>\n#2 0x557a9631ed0d <unknown>\n#3 0x557a962edeb2 <unknown>\n#4 0x557a9630c899 <unknown>\n#5 0x557a962edc53 <unknown>\n#6 0x557a962bedb3 <unknown>\n#7 0x557a962bf77e <unknown>\n#8 0x557a9654e7cb <unknown>\n#9 0x557a965527e5 <unknown>\n#10 0x557a9653c0e1 <unknown>\n#11 0x557a96553372 <unknown>\n#12 0x557a965201bf <unknown>\n#13 0x557a96577488 <unknown>\n#14 0x557a96577683 <unknown>\n#15 0x557a96588044 <unknown>\n#16 0x7ffbea11a134 <unknown>","time":{"start":1709687538211,"stop":1709687542605,"duration":4394}},{"uid":"9ed901111acdddf5","reportUrl":"https://Nat754.github.io/StroyremAutomation/237//#testresult/9ed901111acdddf5","status":"skipped","statusDetails":"XFAIL Появляется капча Яндекса при запуске теста на Github\n\nselenium.common.exceptions.NoSuchElementException: Message: no such element: Unable to locate element: {\"method\":\"css selector\",\"selector\":\"button[data-t='button:clear']\"}\n  (Session info: chrome-headless-shell=122.0.6261.94); For documentation on this error, please visit: https://www.selenium.dev/documentation/webdriver/troubleshooting/errors#no-such-element-exception\nStacktrace:\n#0 0x5581ce8dee93 <unknown>\n#1 0x5581ce5d6ce6 <unknown>\n#2 0x5581ce621e48 <unknown>\n#3 0x5581ce621f01 <unknown>\n#4 0x5581ce6653f4 <unknown>\n#5 0x5581ce643edd <unknown>\n#6 0x5581ce662899 <unknown>\n#7 0x5581ce643c53 <unknown>\n#8 0x5581ce614db3 <unknown>\n#9 0x5581ce61577e <unknown>\n#10 0x5581ce8a47cb <unknown>\n#11 0x5581ce8a87e5 <unknown>\n#12 0x5581ce8920e1 <unknown>\n#13 0x5581ce8a9372 <unknown>\n#14 0x5581ce8761bf <unknown>\n#15 0x5581ce8cd488 <unknown>\n#16 0x5581ce8cd683 <unknown>\n#17 0x5581ce8de044 <unknown>\n#18 0x7f6b41dad134 <unknown>","time":{"start":1709601094379,"stop":1709601098928,"duration":4549}},{"uid":"726eba575f3f0f1f","reportUrl":"https://Nat754.github.io/StroyremAutomation/236//#testresult/726eba575f3f0f1f","status":"skipped","statusDetails":"XFAIL Появляется капча Яндекса при запуске теста на Github\n\nselenium.common.exceptions.NoSuchElementException: Message: no such element: Unable to locate element: {\"method\":\"css selector\",\"selector\":\"button[data-t='button:clear']\"}\n  (Session info: chrome-headless-shell=122.0.6261.94); For documentation on this error, please visit: https://www.selenium.dev/documentation/webdriver/troubleshooting/errors#no-such-element-exception\nStacktrace:\n#0 0x55a8849fde93 <unknown>\n#1 0x55a8846f5ce6 <unknown>\n#2 0x55a884740e48 <unknown>\n#3 0x55a884740f01 <unknown>\n#4 0x55a8847843f4 <unknown>\n#5 0x55a884762edd <unknown>\n#6 0x55a884781899 <unknown>\n#7 0x55a884762c53 <unknown>\n#8 0x55a884733db3 <unknown>\n#9 0x55a88473477e <unknown>\n#10 0x55a8849c37cb <unknown>\n#11 0x55a8849c77e5 <unknown>\n#12 0x55a8849b10e1 <unknown>\n#13 0x55a8849c8372 <unknown>\n#14 0x55a8849951bf <unknown>\n#15 0x55a8849ec488 <unknown>\n#16 0x55a8849ec683 <unknown>\n#17 0x55a8849fd044 <unknown>\n#18 0x7f4e2d58b134 <unknown>","time":{"start":1709515006070,"stop":1709515011355,"duration":5285}},{"uid":"2efec72de60facca","reportUrl":"https://Nat754.github.io/StroyremAutomation/235//#testresult/2efec72de60facca","status":"skipped","statusDetails":"XFAIL Появляется капча Яндекса при запуске теста на Github\n\nselenium.common.exceptions.NoSuchElementException: Message: no such element: Unable to locate element: {\"method\":\"css selector\",\"selector\":\"button[data-t='button:clear']\"}\n  (Session info: chrome-headless-shell=122.0.6261.94); For documentation on this error, please visit: https://www.selenium.dev/documentation/webdriver/troubleshooting/errors#no-such-element-exception\nStacktrace:\n#0 0x55dbc28bae93 <unknown>\n#1 0x55dbc25b2ce6 <unknown>\n#2 0x55dbc25fde48 <unknown>\n#3 0x55dbc25fdf01 <unknown>\n#4 0x55dbc26413f4 <unknown>\n#5 0x55dbc261fedd <unknown>\n#6 0x55dbc263e899 <unknown>\n#7 0x55dbc261fc53 <unknown>\n#8 0x55dbc25f0db3 <unknown>\n#9 0x55dbc25f177e <unknown>\n#10 0x55dbc28807cb <unknown>\n#11 0x55dbc28847e5 <unknown>\n#12 0x55dbc286e0e1 <unknown>\n#13 0x55dbc2885372 <unknown>\n#14 0x55dbc28521bf <unknown>\n#15 0x55dbc28a9488 <unknown>\n#16 0x55dbc28a9683 <unknown>\n#17 0x55dbc28ba044 <unknown>\n#18 0x7ffbebfbd134 <unknown>","time":{"start":1709428722659,"stop":1709428728155,"duration":5496}},{"uid":"54a52a0f1948e11","reportUrl":"https://Nat754.github.io/StroyremAutomation/234//#testresult/54a52a0f1948e11","status":"skipped","statusDetails":"XFAIL Появляется капча Яндекса при запуске теста на Github\n\nselenium.common.exceptions.NoSuchElementException: Message: no such element: Unable to locate element: {\"method\":\"css selector\",\"selector\":\"button[data-t='button:clear']\"}\n  (Session info: chrome-headless-shell=122.0.6261.94); For documentation on this error, please visit: https://www.selenium.dev/documentation/webdriver/troubleshooting/errors#no-such-element-exception\nStacktrace:\n#0 0x56304c549e93 <unknown>\n#1 0x56304c241ce6 <unknown>\n#2 0x56304c28ce48 <unknown>\n#3 0x56304c28cf01 <unknown>\n#4 0x56304c2d03f4 <unknown>\n#5 0x56304c2aeedd <unknown>\n#6 0x56304c2cd899 <unknown>\n#7 0x56304c2aec53 <unknown>\n#8 0x56304c27fdb3 <unknown>\n#9 0x56304c28077e <unknown>\n#10 0x56304c50f7cb <unknown>\n#11 0x56304c5137e5 <unknown>\n#12 0x56304c4fd0e1 <unknown>\n#13 0x56304c514372 <unknown>\n#14 0x56304c4e11bf <unknown>\n#15 0x56304c538488 <unknown>\n#16 0x56304c538683 <unknown>\n#17 0x56304c549044 <unknown>\n#18 0x7f1142fec134 <unknown>","time":{"start":1709341678755,"stop":1709341682129,"duration":3374}},{"uid":"fa5ab87592db3b3","reportUrl":"https://Nat754.github.io/StroyremAutomation/233//#testresult/fa5ab87592db3b3","status":"skipped","statusDetails":"XFAIL Появляется капча Яндекса при запуске теста на Github\n\nselenium.common.exceptions.InvalidCookieDomainException: Message: invalid cookie domain: Cookie 'domain' mismatch\n  (Session info: chrome-headless-shell=122.0.6261.94)\nStacktrace:\n#0 0x55f9978fbe93 <unknown>\n#1 0x55f9975f3ce6 <unknown>\n#2 0x55f997691d0d <unknown>\n#3 0x55f997660eb2 <unknown>\n#4 0x55f99767f899 <unknown>\n#5 0x55f997660c53 <unknown>\n#6 0x55f997631db3 <unknown>\n#7 0x55f99763277e <unknown>\n#8 0x55f9978c17cb <unknown>\n#9 0x55f9978c57e5 <unknown>\n#10 0x55f9978af0e1 <unknown>\n#11 0x55f9978c6372 <unknown>\n#12 0x55f9978931bf <unknown>\n#13 0x55f9978ea488 <unknown>\n#14 0x55f9978ea683 <unknown>\n#15 0x55f9978fb044 <unknown>\n#16 0x7f198bfa9134 <unknown>","time":{"start":1709255667767,"stop":1709255671429,"duration":3662}},{"uid":"14ff463c6368da18","reportUrl":"https://Nat754.github.io/StroyremAutomation/232//#testresult/14ff463c6368da18","status":"skipped","statusDetails":"XFAIL Появляется капча Яндекса при запуске теста на Github\n\nselenium.common.exceptions.NoSuchElementException: Message: no such element: Unable to locate element: {\"method\":\"css selector\",\"selector\":\"button[data-t='button:clear']\"}\n  (Session info: chrome-headless-shell=122.0.6261.94); For documentation on this error, please visit: https://www.selenium.dev/documentation/webdriver/troubleshooting/errors#no-such-element-exception\nStacktrace:\n#0 0x555dc948fe93 <unknown>\n#1 0x555dc9187ce6 <unknown>\n#2 0x555dc91d2e48 <unknown>\n#3 0x555dc91d2f01 <unknown>\n#4 0x555dc92163f4 <unknown>\n#5 0x555dc91f4edd <unknown>\n#6 0x555dc9213899 <unknown>\n#7 0x555dc91f4c53 <unknown>\n#8 0x555dc91c5db3 <unknown>\n#9 0x555dc91c677e <unknown>\n#10 0x555dc94557cb <unknown>\n#11 0x555dc94597e5 <unknown>\n#12 0x555dc94430e1 <unknown>\n#13 0x555dc945a372 <unknown>\n#14 0x555dc94271bf <unknown>\n#15 0x555dc947e488 <unknown>\n#16 0x555dc947e683 <unknown>\n#17 0x555dc948f044 <unknown>\n#18 0x7f1b85ec5134 <unknown>","time":{"start":1709168917207,"stop":1709168920525,"duration":3318}},{"uid":"cfa1d12c0d96ee13","reportUrl":"https://Nat754.github.io/StroyremAutomation/231//#testresult/cfa1d12c0d96ee13","status":"skipped","statusDetails":"XFAIL Появляется капча Яндекса при запуске теста на Github\n\nselenium.common.exceptions.NoSuchElementException: Message: no such element: Unable to locate element: {\"method\":\"css selector\",\"selector\":\"button[data-t='button:clear']\"}\n  (Session info: chrome-headless-shell=122.0.6261.94); For documentation on this error, please visit: https://www.selenium.dev/documentation/webdriver/troubleshooting/errors#no-such-element-exception\nStacktrace:\n#0 0x5620cca3be93 <unknown>\n#1 0x5620cc733ce6 <unknown>\n#2 0x5620cc77ee48 <unknown>\n#3 0x5620cc77ef01 <unknown>\n#4 0x5620cc7c23f4 <unknown>\n#5 0x5620cc7a0edd <unknown>\n#6 0x5620cc7bf899 <unknown>\n#7 0x5620cc7a0c53 <unknown>\n#8 0x5620cc771db3 <unknown>\n#9 0x5620cc77277e <unknown>\n#10 0x5620cca017cb <unknown>\n#11 0x5620cca057e5 <unknown>\n#12 0x5620cc9ef0e1 <unknown>\n#13 0x5620cca06372 <unknown>\n#14 0x5620cc9d31bf <unknown>\n#15 0x5620cca2a488 <unknown>\n#16 0x5620cca2a683 <unknown>\n#17 0x5620cca3b044 <unknown>\n#18 0x7f988fb48134 <unknown>","time":{"start":1709082619639,"stop":1709082623412,"duration":3773}},{"uid":"48b7943c3d8b8034","reportUrl":"https://Nat754.github.io/StroyremAutomation/230//#testresult/48b7943c3d8b8034","status":"skipped","statusDetails":"XFAIL Появляется капча Яндекса при запуске теста на Github\n\nselenium.common.exceptions.InvalidCookieDomainException: Message: invalid cookie domain: Cookie 'domain' mismatch\n  (Session info: chrome-headless-shell=122.0.6261.69)\nStacktrace:\n#0 0x564a93805793 <unknown>\n#1 0x564a934f91c6 <unknown>\n#2 0x564a9359724d <unknown>\n#3 0x564a935663d2 <unknown>\n#4 0x564a93584dd9 <unknown>\n#5 0x564a93566173 <unknown>\n#6 0x564a935372d3 <unknown>\n#7 0x564a93537c9e <unknown>\n#8 0x564a937c98cb <unknown>\n#9 0x564a937cd745 <unknown>\n#10 0x564a937b62e1 <unknown>\n#11 0x564a937ce2d2 <unknown>\n#12 0x564a9379a17f <unknown>\n#13 0x564a937f3dc8 <unknown>\n#14 0x564a937f3fc3 <unknown>\n#15 0x564a93804944 <unknown>\n#16 0x7fd22d506134 <unknown>","time":{"start":1708996376912,"stop":1708996382005,"duration":5093}}]},"tags":["@pytest.mark.xfail(reason='Появляется капча Яндекса при запуске теста на Github')","smoke_test"]},"source":"88e9230b038e52c6.json","parameterValues":[]}