{"uid":"2c4d2c9369850aaa","name":"test_positive_delivery_green_zone_smoke[TD 010-products/shtukaturka-gipsovaya-aksolit-m50-30-kg-mashinnogo-naneseniya-206-6200-2900-5570-6120-https://sandboxtest.stroyrem-nn.ru/]","fullName":"tests.delivery.test_delivery_calculation.TestDeliveryPageCalculation#test_positive_delivery_green_zone_smoke","historyId":"ece4a4b7d2c766759dd3e80afc1ed9c3","time":{"start":1711846673350,"stop":1711846673892,"duration":542},"status":"skipped","statusMessage":"XFAIL\n\nselenium.common.exceptions.NoSuchElementException: Message: no such element: Unable to locate element: {\"method\":\"xpath\",\"selector\":\"(//a[@class='add-to-cart yellow-btn'])[1]\"}\n  (Session info: chrome-headless-shell=123.0.6312.86); For documentation on this error, please visit: https://www.selenium.dev/documentation/webdriver/troubleshooting/errors#no-such-element-exception\nStacktrace:\n#0 0x55ffe39b28a3 <unknown>\n#1 0x55ffe36a88c6 <unknown>\n#2 0x55ffe36f3618 <unknown>\n#3 0x55ffe36f36d1 <unknown>\n#4 0x55ffe3736744 <unknown>\n#5 0x55ffe37155cd <unknown>\n#6 0x55ffe3733c19 <unknown>\n#7 0x55ffe3715343 <unknown>\n#8 0x55ffe36e6593 <unknown>\n#9 0x55ffe36e6f5e <unknown>\n#10 0x55ffe397688b <unknown>\n#11 0x55ffe397a7e5 <unknown>\n#12 0x55ffe39645b1 <unknown>\n#13 0x55ffe397b372 <unknown>\n#14 0x55ffe39498bf <unknown>\n#15 0x55ffe39a1768 <unknown>\n#16 0x55ffe39a193b <unknown>\n#17 0x55ffe39b19f4 <unknown>\n#18 0x7f53c66e6134 <unknown>","statusTrace":"self = <tests.delivery.test_delivery_calculation.TestDeliveryPageCalculation object at 0x7fd9365ce4d0>\ndriver = <selenium.webdriver.chrome.webdriver.WebDriver (session=\"1be717121711091a93689efc87fc8388\")>\nurl = 'https://sandboxtest.stroyrem-nn.ru/', case_id = 'TD 010'\nlink_item = 'products/shtukaturka-gipsovaya-aksolit-m50-30-kg-mashinnogo-naneseniya'\namount = 206, weight = 6200, standard = 2900, in_time = 5570, all_time = 6120\n\n    @pytest.mark.parametrize('case_id, link_item, amount, weight, standard, in_time, all_time', [\n        (\"TD 001\", uroven_3000, 1, 30, 0, 1590, 2190),\n        (\"TD 002\", bundeks_25, 1, 30, 400, 1590, 2190),\n        (\"TD 003\", aksolit_30, 8, 300, 400, 1590, 2190),\n        (\"TD 004\", aksolit_30, 13, 400, 450, 1590, 2190),\n        (\"TD 005\", aksolit_30, 16, 500, 600, 1590, 2190),\n        (\"TD 006\", aksolit_30, 25, 1700, 990, 1990, 2480),\n        (\"TD 007\", aksolit_30, 66, 2000, 1300, 2490, 2980),\n        (\"TD 008\", aksolit_30, 149, 4500, 2300, 3980, 4490),\n        (\"TD 009\", aksolit_30, 166, 5000, 2500, 4990, 5480),\n        pytest.param(\n            \"TD 010\", aksolit_30, 206, 6200, 2900, 5570, 6120,\n            marks=pytest.mark.xfail(reson=\"Цена доставки 3600 7960 8980\")\n        ),\n        (\"TD 011\", aksolit_30, 299, 9000, 3600, 7960, 8980),\n        (\"TD 012\", aksolit_30, 333, 10000, 4450, 11990, 12500),\n        pytest.param(\n            \"TD 013\", aksolit_30, 366, 11000, 4800, 12450, 13480,\n            marks=pytest.mark.xfail(reason=\"Цена стандартной доставки 4450\")\n        ),\n        pytest.param(\n            \"TD 014\", aksolit_30, 666, 20000, 5400, 15600, 17490,\n            marks=pytest.mark.xfail(reason=\"Цена стандартной доставки 4450\")\n        )\n    ])\n    @pytest.mark.xfail\n    @pytest.mark.smoke_test\n    def test_positive_delivery_green_zone_smoke(\n            self, driver, url, case_id, link_item, amount, weight, standard, in_time, all_time\n    ):\n    \n        driver.get(f'{url}{link_item}')\n        item_page = ItemPage(driver)\n>       item_page.add_item_to_cart(amount).click_on_cart()\n\ntests/delivery/test_delivery_calculation.py:50: \n_ _ _ _ _ _ _ _ _ _ _ _ _ _ _ _ _ _ _ _ _ _ _ _ _ _ _ _ _ _ _ _ _ _ _ _ _ _ _ _ \npages/item_page.py:40: in add_item_to_cart\n    self.find_element(self._add_item).click()\nbase/seleniumbase.py:17: in find_element\n    return self.driver.find_element(*locator)\n/usr/local/lib/python3.11/site-packages/selenium/webdriver/remote/webdriver.py:739: in find_element\n    return self.execute(Command.FIND_ELEMENT, {\"using\": by, \"value\": value})[\"value\"]\n/usr/local/lib/python3.11/site-packages/selenium/webdriver/remote/webdriver.py:345: in execute\n    self.error_handler.check_response(response)\n_ _ _ _ _ _ _ _ _ _ _ _ _ _ _ _ _ _ _ _ _ _ _ _ _ _ _ _ _ _ _ _ _ _ _ _ _ _ _ _ \n\nself = <selenium.webdriver.remote.errorhandler.ErrorHandler object at 0x7fd936c50a50>\nresponse = {'status': 404, 'value': '{\"value\":{\"error\":\"no such element\",\"message\":\"no such element: Unable to locate element: {\\...\\\\n#16 0x55ffe39a193b \\\\u003Cunknown>\\\\n#17 0x55ffe39b19f4 \\\\u003Cunknown>\\\\n#18 0x7f53c66e6134 \\\\u003Cunknown>\\\\n\"}}'}\n\n    def check_response(self, response: Dict[str, Any]) -> None:\n        \"\"\"Checks that a JSON response from the WebDriver does not have an\n        error.\n    \n        :Args:\n         - response - The JSON response from the WebDriver server as a dictionary\n           object.\n    \n        :Raises: If the response contains an error message.\n        \"\"\"\n        status = response.get(\"status\", None)\n        if not status or status == ErrorCode.SUCCESS:\n            return\n        value = None\n        message = response.get(\"message\", \"\")\n        screen: str = response.get(\"screen\", \"\")\n        stacktrace = None\n        if isinstance(status, int):\n            value_json = response.get(\"value\", None)\n            if value_json and isinstance(value_json, str):\n                import json\n    \n                try:\n                    value = json.loads(value_json)\n                    if len(value) == 1:\n                        value = value[\"value\"]\n                    status = value.get(\"error\", None)\n                    if not status:\n                        status = value.get(\"status\", ErrorCode.UNKNOWN_ERROR)\n                        message = value.get(\"value\") or value.get(\"message\")\n                        if not isinstance(message, str):\n                            value = message\n                            message = message.get(\"message\")\n                    else:\n                        message = value.get(\"message\", None)\n                except ValueError:\n                    pass\n    \n        exception_class: Type[WebDriverException]\n        e = ErrorCode()\n        error_codes = [item for item in dir(e) if not item.startswith(\"__\")]\n        for error_code in error_codes:\n            error_info = getattr(ErrorCode, error_code)\n            if isinstance(error_info, list) and status in error_info:\n                exception_class = getattr(ExceptionMapping, error_code, WebDriverException)\n                break\n        else:\n            exception_class = WebDriverException\n    \n        if not value:\n            value = response[\"value\"]\n        if isinstance(value, str):\n            raise exception_class(value)\n        if message == \"\" and \"message\" in value:\n            message = value[\"message\"]\n    \n        screen = None  # type: ignore[assignment]\n        if \"screen\" in value:\n            screen = value[\"screen\"]\n    \n        stacktrace = None\n        st_value = value.get(\"stackTrace\") or value.get(\"stacktrace\")\n        if st_value:\n            if isinstance(st_value, str):\n                stacktrace = st_value.split(\"\\n\")\n            else:\n                stacktrace = []\n                try:\n                    for frame in st_value:\n                        line = frame.get(\"lineNumber\", \"\")\n                        file = frame.get(\"fileName\", \"<anonymous>\")\n                        if line:\n                            file = f\"{file}:{line}\"\n                        meth = frame.get(\"methodName\", \"<anonymous>\")\n                        if \"className\" in frame:\n                            meth = f\"{frame['className']}.{meth}\"\n                        msg = \"    at %s (%s)\"\n                        msg = msg % (meth, file)\n                        stacktrace.append(msg)\n                except TypeError:\n                    pass\n        if exception_class == UnexpectedAlertPresentException:\n            alert_text = None\n            if \"data\" in value:\n                alert_text = value[\"data\"].get(\"text\")\n            elif \"alert\" in value:\n                alert_text = value[\"alert\"].get(\"text\")\n            raise exception_class(message, screen, stacktrace, alert_text)  # type: ignore[call-arg]  # mypy is not smart enough here\n>       raise exception_class(message, screen, stacktrace)\nE       selenium.common.exceptions.NoSuchElementException: Message: no such element: Unable to locate element: {\"method\":\"xpath\",\"selector\":\"(//a[@class='add-to-cart yellow-btn'])[1]\"}\nE         (Session info: chrome-headless-shell=123.0.6312.86); For documentation on this error, please visit: https://www.selenium.dev/documentation/webdriver/troubleshooting/errors#no-such-element-exception\nE       Stacktrace:\nE       #0 0x55ffe39b28a3 <unknown>\nE       #1 0x55ffe36a88c6 <unknown>\nE       #2 0x55ffe36f3618 <unknown>\nE       #3 0x55ffe36f36d1 <unknown>\nE       #4 0x55ffe3736744 <unknown>\nE       #5 0x55ffe37155cd <unknown>\nE       #6 0x55ffe3733c19 <unknown>\nE       #7 0x55ffe3715343 <unknown>\nE       #8 0x55ffe36e6593 <unknown>\nE       #9 0x55ffe36e6f5e <unknown>\nE       #10 0x55ffe397688b <unknown>\nE       #11 0x55ffe397a7e5 <unknown>\nE       #12 0x55ffe39645b1 <unknown>\nE       #13 0x55ffe397b372 <unknown>\nE       #14 0x55ffe39498bf <unknown>\nE       #15 0x55ffe39a1768 <unknown>\nE       #16 0x55ffe39a193b <unknown>\nE       #17 0x55ffe39b19f4 <unknown>\nE       #18 0x7f53c66e6134 <unknown>\n\n/usr/local/lib/python3.11/site-packages/selenium/webdriver/remote/errorhandler.py:229: NoSuchElementException","flaky":false,"newFailed":false,"newBroken":false,"newPassed":false,"retriesCount":0,"retriesStatusChange":false,"beforeStages":[{"name":"_session_faker","time":{"start":1711846425575,"stop":1711846425643,"duration":68},"status":"passed","steps":[],"attachments":[],"parameters":[],"shouldDisplayMessage":false,"stepsCount":0,"attachmentsCount":0,"hasContent":false,"attachmentStep":false},{"name":"clear_allure_results_folder","time":{"start":1711846425643,"stop":1711846425643,"duration":0},"status":"passed","steps":[],"attachments":[],"parameters":[],"shouldDisplayMessage":false,"stepsCount":0,"attachmentsCount":0,"hasContent":false,"attachmentStep":false},{"name":"driver","time":{"start":1711846672565,"stop":1711846673348,"duration":783},"status":"passed","steps":[],"attachments":[],"parameters":[],"shouldDisplayMessage":false,"stepsCount":0,"attachmentsCount":0,"hasContent":false,"attachmentStep":false},{"name":"setup","time":{"start":1711846673349,"stop":1711846673349,"duration":0},"status":"passed","steps":[],"attachments":[],"parameters":[],"shouldDisplayMessage":false,"stepsCount":0,"attachmentsCount":0,"hasContent":false,"attachmentStep":false}],"testStage":{"status":"skipped","statusMessage":"XFAIL\n\nselenium.common.exceptions.NoSuchElementException: Message: no such element: Unable to locate element: {\"method\":\"xpath\",\"selector\":\"(//a[@class='add-to-cart yellow-btn'])[1]\"}\n  (Session info: chrome-headless-shell=123.0.6312.86); For documentation on this error, please visit: https://www.selenium.dev/documentation/webdriver/troubleshooting/errors#no-such-element-exception\nStacktrace:\n#0 0x55ffe39b28a3 <unknown>\n#1 0x55ffe36a88c6 <unknown>\n#2 0x55ffe36f3618 <unknown>\n#3 0x55ffe36f36d1 <unknown>\n#4 0x55ffe3736744 <unknown>\n#5 0x55ffe37155cd <unknown>\n#6 0x55ffe3733c19 <unknown>\n#7 0x55ffe3715343 <unknown>\n#8 0x55ffe36e6593 <unknown>\n#9 0x55ffe36e6f5e <unknown>\n#10 0x55ffe397688b <unknown>\n#11 0x55ffe397a7e5 <unknown>\n#12 0x55ffe39645b1 <unknown>\n#13 0x55ffe397b372 <unknown>\n#14 0x55ffe39498bf <unknown>\n#15 0x55ffe39a1768 <unknown>\n#16 0x55ffe39a193b <unknown>\n#17 0x55ffe39b19f4 <unknown>\n#18 0x7f53c66e6134 <unknown>","statusTrace":"self = <tests.delivery.test_delivery_calculation.TestDeliveryPageCalculation object at 0x7fd9365ce4d0>\ndriver = <selenium.webdriver.chrome.webdriver.WebDriver (session=\"1be717121711091a93689efc87fc8388\")>\nurl = 'https://sandboxtest.stroyrem-nn.ru/', case_id = 'TD 010'\nlink_item = 'products/shtukaturka-gipsovaya-aksolit-m50-30-kg-mashinnogo-naneseniya'\namount = 206, weight = 6200, standard = 2900, in_time = 5570, all_time = 6120\n\n    @pytest.mark.parametrize('case_id, link_item, amount, weight, standard, in_time, all_time', [\n        (\"TD 001\", uroven_3000, 1, 30, 0, 1590, 2190),\n        (\"TD 002\", bundeks_25, 1, 30, 400, 1590, 2190),\n        (\"TD 003\", aksolit_30, 8, 300, 400, 1590, 2190),\n        (\"TD 004\", aksolit_30, 13, 400, 450, 1590, 2190),\n        (\"TD 005\", aksolit_30, 16, 500, 600, 1590, 2190),\n        (\"TD 006\", aksolit_30, 25, 1700, 990, 1990, 2480),\n        (\"TD 007\", aksolit_30, 66, 2000, 1300, 2490, 2980),\n        (\"TD 008\", aksolit_30, 149, 4500, 2300, 3980, 4490),\n        (\"TD 009\", aksolit_30, 166, 5000, 2500, 4990, 5480),\n        pytest.param(\n            \"TD 010\", aksolit_30, 206, 6200, 2900, 5570, 6120,\n            marks=pytest.mark.xfail(reson=\"Цена доставки 3600 7960 8980\")\n        ),\n        (\"TD 011\", aksolit_30, 299, 9000, 3600, 7960, 8980),\n        (\"TD 012\", aksolit_30, 333, 10000, 4450, 11990, 12500),\n        pytest.param(\n            \"TD 013\", aksolit_30, 366, 11000, 4800, 12450, 13480,\n            marks=pytest.mark.xfail(reason=\"Цена стандартной доставки 4450\")\n        ),\n        pytest.param(\n            \"TD 014\", aksolit_30, 666, 20000, 5400, 15600, 17490,\n            marks=pytest.mark.xfail(reason=\"Цена стандартной доставки 4450\")\n        )\n    ])\n    @pytest.mark.xfail\n    @pytest.mark.smoke_test\n    def test_positive_delivery_green_zone_smoke(\n            self, driver, url, case_id, link_item, amount, weight, standard, in_time, all_time\n    ):\n    \n        driver.get(f'{url}{link_item}')\n        item_page = ItemPage(driver)\n>       item_page.add_item_to_cart(amount).click_on_cart()\n\ntests/delivery/test_delivery_calculation.py:50: \n_ _ _ _ _ _ _ _ _ _ _ _ _ _ _ _ _ _ _ _ _ _ _ _ _ _ _ _ _ _ _ _ _ _ _ _ _ _ _ _ \npages/item_page.py:40: in add_item_to_cart\n    self.find_element(self._add_item).click()\nbase/seleniumbase.py:17: in find_element\n    return self.driver.find_element(*locator)\n/usr/local/lib/python3.11/site-packages/selenium/webdriver/remote/webdriver.py:739: in find_element\n    return self.execute(Command.FIND_ELEMENT, {\"using\": by, \"value\": value})[\"value\"]\n/usr/local/lib/python3.11/site-packages/selenium/webdriver/remote/webdriver.py:345: in execute\n    self.error_handler.check_response(response)\n_ _ _ _ _ _ _ _ _ _ _ _ _ _ _ _ _ _ _ _ _ _ _ _ _ _ _ _ _ _ _ _ _ _ _ _ _ _ _ _ \n\nself = <selenium.webdriver.remote.errorhandler.ErrorHandler object at 0x7fd936c50a50>\nresponse = {'status': 404, 'value': '{\"value\":{\"error\":\"no such element\",\"message\":\"no such element: Unable to locate element: {\\...\\\\n#16 0x55ffe39a193b \\\\u003Cunknown>\\\\n#17 0x55ffe39b19f4 \\\\u003Cunknown>\\\\n#18 0x7f53c66e6134 \\\\u003Cunknown>\\\\n\"}}'}\n\n    def check_response(self, response: Dict[str, Any]) -> None:\n        \"\"\"Checks that a JSON response from the WebDriver does not have an\n        error.\n    \n        :Args:\n         - response - The JSON response from the WebDriver server as a dictionary\n           object.\n    \n        :Raises: If the response contains an error message.\n        \"\"\"\n        status = response.get(\"status\", None)\n        if not status or status == ErrorCode.SUCCESS:\n            return\n        value = None\n        message = response.get(\"message\", \"\")\n        screen: str = response.get(\"screen\", \"\")\n        stacktrace = None\n        if isinstance(status, int):\n            value_json = response.get(\"value\", None)\n            if value_json and isinstance(value_json, str):\n                import json\n    \n                try:\n                    value = json.loads(value_json)\n                    if len(value) == 1:\n                        value = value[\"value\"]\n                    status = value.get(\"error\", None)\n                    if not status:\n                        status = value.get(\"status\", ErrorCode.UNKNOWN_ERROR)\n                        message = value.get(\"value\") or value.get(\"message\")\n                        if not isinstance(message, str):\n                            value = message\n                            message = message.get(\"message\")\n                    else:\n                        message = value.get(\"message\", None)\n                except ValueError:\n                    pass\n    \n        exception_class: Type[WebDriverException]\n        e = ErrorCode()\n        error_codes = [item for item in dir(e) if not item.startswith(\"__\")]\n        for error_code in error_codes:\n            error_info = getattr(ErrorCode, error_code)\n            if isinstance(error_info, list) and status in error_info:\n                exception_class = getattr(ExceptionMapping, error_code, WebDriverException)\n                break\n        else:\n            exception_class = WebDriverException\n    \n        if not value:\n            value = response[\"value\"]\n        if isinstance(value, str):\n            raise exception_class(value)\n        if message == \"\" and \"message\" in value:\n            message = value[\"message\"]\n    \n        screen = None  # type: ignore[assignment]\n        if \"screen\" in value:\n            screen = value[\"screen\"]\n    \n        stacktrace = None\n        st_value = value.get(\"stackTrace\") or value.get(\"stacktrace\")\n        if st_value:\n            if isinstance(st_value, str):\n                stacktrace = st_value.split(\"\\n\")\n            else:\n                stacktrace = []\n                try:\n                    for frame in st_value:\n                        line = frame.get(\"lineNumber\", \"\")\n                        file = frame.get(\"fileName\", \"<anonymous>\")\n                        if line:\n                            file = f\"{file}:{line}\"\n                        meth = frame.get(\"methodName\", \"<anonymous>\")\n                        if \"className\" in frame:\n                            meth = f\"{frame['className']}.{meth}\"\n                        msg = \"    at %s (%s)\"\n                        msg = msg % (meth, file)\n                        stacktrace.append(msg)\n                except TypeError:\n                    pass\n        if exception_class == UnexpectedAlertPresentException:\n            alert_text = None\n            if \"data\" in value:\n                alert_text = value[\"data\"].get(\"text\")\n            elif \"alert\" in value:\n                alert_text = value[\"alert\"].get(\"text\")\n            raise exception_class(message, screen, stacktrace, alert_text)  # type: ignore[call-arg]  # mypy is not smart enough here\n>       raise exception_class(message, screen, stacktrace)\nE       selenium.common.exceptions.NoSuchElementException: Message: no such element: Unable to locate element: {\"method\":\"xpath\",\"selector\":\"(//a[@class='add-to-cart yellow-btn'])[1]\"}\nE         (Session info: chrome-headless-shell=123.0.6312.86); For documentation on this error, please visit: https://www.selenium.dev/documentation/webdriver/troubleshooting/errors#no-such-element-exception\nE       Stacktrace:\nE       #0 0x55ffe39b28a3 <unknown>\nE       #1 0x55ffe36a88c6 <unknown>\nE       #2 0x55ffe36f3618 <unknown>\nE       #3 0x55ffe36f36d1 <unknown>\nE       #4 0x55ffe3736744 <unknown>\nE       #5 0x55ffe37155cd <unknown>\nE       #6 0x55ffe3733c19 <unknown>\nE       #7 0x55ffe3715343 <unknown>\nE       #8 0x55ffe36e6593 <unknown>\nE       #9 0x55ffe36e6f5e <unknown>\nE       #10 0x55ffe397688b <unknown>\nE       #11 0x55ffe397a7e5 <unknown>\nE       #12 0x55ffe39645b1 <unknown>\nE       #13 0x55ffe397b372 <unknown>\nE       #14 0x55ffe39498bf <unknown>\nE       #15 0x55ffe39a1768 <unknown>\nE       #16 0x55ffe39a193b <unknown>\nE       #17 0x55ffe39b19f4 <unknown>\nE       #18 0x7f53c66e6134 <unknown>\n\n/usr/local/lib/python3.11/site-packages/selenium/webdriver/remote/errorhandler.py:229: NoSuchElementException","steps":[{"name":"Добавляем товар в корзину в количестве 206","time":{"start":1711846673879,"stop":1711846673891,"duration":12},"status":"broken","statusMessage":"selenium.common.exceptions.NoSuchElementException: Message: no such element: Unable to locate element: {\"method\":\"xpath\",\"selector\":\"(//a[@class='add-to-cart yellow-btn'])[1]\"}\n  (Session info: chrome-headless-shell=123.0.6312.86); For documentation on this error, please visit: https://www.selenium.dev/documentation/webdriver/troubleshooting/errors#no-such-element-exception\nStacktrace:\n#0 0x55ffe39b28a3 <unknown>\n#1 0x55ffe36a88c6 <unknown>\n#2 0x55ffe36f3618 <unknown>\n#3 0x55ffe36f36d1 <unknown>\n#4 0x55ffe3736744 <unknown>\n#5 0x55ffe37155cd <unknown>\n#6 0x55ffe3733c19 <unknown>\n#7 0x55ffe3715343 <unknown>\n#8 0x55ffe36e6593 <unknown>\n#9 0x55ffe36e6f5e <unknown>\n#10 0x55ffe397688b <unknown>\n#11 0x55ffe397a7e5 <unknown>\n#12 0x55ffe39645b1 <unknown>\n#13 0x55ffe397b372 <unknown>\n#14 0x55ffe39498bf <unknown>\n#15 0x55ffe39a1768 <unknown>\n#16 0x55ffe39a193b <unknown>\n#17 0x55ffe39b19f4 <unknown>\n#18 0x7f53c66e6134 <unknown>\n\n","statusTrace":"  File \"/usr/local/lib/python3.11/site-packages/allure_commons/_allure.py\", line 192, in impl\n    return func(*a, **kw)\n           ^^^^^^^^^^^^^^\n  File \"/app/pages/item_page.py\", line 40, in add_item_to_cart\n    self.find_element(self._add_item).click()\n    ^^^^^^^^^^^^^^^^^^^^^^^^^^^^^^^^^\n  File \"/app/base/seleniumbase.py\", line 17, in find_element\n    return self.driver.find_element(*locator)\n           ^^^^^^^^^^^^^^^^^^^^^^^^^^^^^^^^^^\n  File \"/usr/local/lib/python3.11/site-packages/selenium/webdriver/remote/webdriver.py\", line 739, in find_element\n    return self.execute(Command.FIND_ELEMENT, {\"using\": by, \"value\": value})[\"value\"]\n           ^^^^^^^^^^^^^^^^^^^^^^^^^^^^^^^^^^^^^^^^^^^^^^^^^^^^^^^^^^^^^^^^^\n  File \"/usr/local/lib/python3.11/site-packages/selenium/webdriver/remote/webdriver.py\", line 345, in execute\n    self.error_handler.check_response(response)\n  File \"/usr/local/lib/python3.11/site-packages/selenium/webdriver/remote/errorhandler.py\", line 229, in check_response\n    raise exception_class(message, screen, stacktrace)\n","steps":[],"attachments":[],"parameters":[{"name":"amount","value":"206"}],"shouldDisplayMessage":true,"stepsCount":0,"attachmentsCount":0,"hasContent":true,"attachmentStep":false}],"attachments":[{"uid":"a960ca50412a3f32","name":"Screenshot","source":"a960ca50412a3f32.png","type":"image/png","size":5862},{"uid":"1412ceb37718a6ae","name":"HTML source","source":"1412ceb37718a6ae.html","type":"text/html","size":39}],"parameters":[],"shouldDisplayMessage":true,"stepsCount":1,"attachmentsCount":2,"hasContent":true,"attachmentStep":false},"afterStages":[{"name":"setup::0","time":{"start":1711846674006,"stop":1711846674006,"duration":0},"status":"passed","steps":[],"attachments":[],"parameters":[],"shouldDisplayMessage":false,"stepsCount":0,"attachmentsCount":0,"hasContent":false,"attachmentStep":false},{"name":"driver::0","time":{"start":1711846674007,"stop":1711846674064,"duration":57},"status":"passed","steps":[],"attachments":[],"parameters":[],"shouldDisplayMessage":false,"stepsCount":0,"attachmentsCount":0,"hasContent":false,"attachmentStep":false}],"labels":[{"name":"epic","value":"Delivery Page - calculation"},{"name":"tag","value":"smoke_test"},{"name":"tag","value":"@pytest.mark.xfail"},{"name":"parentSuite","value":"tests.delivery"},{"name":"suite","value":"test_delivery_calculation"},{"name":"subSuite","value":"TestDeliveryPageCalculation"},{"name":"host","value":"456e257ca2ea"},{"name":"thread","value":"1-MainThread"},{"name":"framework","value":"pytest"},{"name":"language","value":"cpython3"},{"name":"package","value":"tests.delivery.test_delivery_calculation"},{"name":"resultFormat","value":"allure2"}],"parameters":[{"name":"all_time","value":"6120"},{"name":"amount","value":"206"},{"name":"case_id","value":"'TD 010'"},{"name":"in_time","value":"5570"},{"name":"link_item","value":"'products/shtukaturka-gipsovaya-aksolit-m50-30-kg-mashinnogo-naneseniya'"},{"name":"standard","value":"2900"},{"name":"url","value":"'https://sandboxtest.stroyrem-nn.ru/'"},{"name":"weight","value":"6200"}],"links":[],"hidden":false,"retry":false,"extra":{"severity":"normal","retries":[],"categories":[],"history":{"statistic":{"failed":0,"broken":0,"skipped":215,"passed":0,"unknown":0,"total":215},"items":[{"uid":"40f6878b03457a2e","reportUrl":"https://Nat754.github.io/StroyremAutomation/262//#testresult/40f6878b03457a2e","status":"skipped","statusDetails":"XFAIL\n\nselenium.common.exceptions.NoSuchElementException: Message: no such element: Unable to locate element: {\"method\":\"xpath\",\"selector\":\"(//a[@class='add-to-cart yellow-btn'])[1]\"}\n  (Session info: chrome-headless-shell=123.0.6312.86); For documentation on this error, please visit: https://www.selenium.dev/documentation/webdriver/troubleshooting/errors#no-such-element-exception\nStacktrace:\n#0 0x55c31c23a8a3 <unknown>\n#1 0x55c31bf308c6 <unknown>\n#2 0x55c31bf7b618 <unknown>\n#3 0x55c31bf7b6d1 <unknown>\n#4 0x55c31bfbe744 <unknown>\n#5 0x55c31bf9d5cd <unknown>\n#6 0x55c31bfbbc19 <unknown>\n#7 0x55c31bf9d343 <unknown>\n#8 0x55c31bf6e593 <unknown>\n#9 0x55c31bf6ef5e <unknown>\n#10 0x55c31c1fe88b <unknown>\n#11 0x55c31c2027e5 <unknown>\n#12 0x55c31c1ec5b1 <unknown>\n#13 0x55c31c203372 <unknown>\n#14 0x55c31c1d18bf <unknown>\n#15 0x55c31c229768 <unknown>\n#16 0x55c31c22993b <unknown>\n#17 0x55c31c2399f4 <unknown>\n#18 0x7fa8646d0134 <unknown>","time":{"start":1711759826760,"stop":1711759827221,"duration":461}},{"uid":"7b9fdcf8dacc09bd","reportUrl":"https://Nat754.github.io/StroyremAutomation/261//#testresult/7b9fdcf8dacc09bd","status":"skipped","statusDetails":"XFAIL\n\nselenium.common.exceptions.NoSuchElementException: Message: no such element: Unable to locate element: {\"method\":\"xpath\",\"selector\":\"(//a[@class='add-to-cart yellow-btn'])[1]\"}\n  (Session info: chrome-headless-shell=123.0.6312.86); For documentation on this error, please visit: https://www.selenium.dev/documentation/webdriver/troubleshooting/errors#no-such-element-exception\nStacktrace:\n#0 0x55790cfcb8a3 <unknown>\n#1 0x55790ccc18c6 <unknown>\n#2 0x55790cd0c618 <unknown>\n#3 0x55790cd0c6d1 <unknown>\n#4 0x55790cd4f744 <unknown>\n#5 0x55790cd2e5cd <unknown>\n#6 0x55790cd4cc19 <unknown>\n#7 0x55790cd2e343 <unknown>\n#8 0x55790ccff593 <unknown>\n#9 0x55790ccfff5e <unknown>\n#10 0x55790cf8f88b <unknown>\n#11 0x55790cf937e5 <unknown>\n#12 0x55790cf7d5b1 <unknown>\n#13 0x55790cf94372 <unknown>\n#14 0x55790cf628bf <unknown>\n#15 0x55790cfba768 <unknown>\n#16 0x55790cfba93b <unknown>\n#17 0x55790cfca9f4 <unknown>\n#18 0x7f77f2de6134 <unknown>","time":{"start":1711673575571,"stop":1711673575891,"duration":320}},{"uid":"7e212f80ff0b0aa1","reportUrl":"https://Nat754.github.io/StroyremAutomation/260//#testresult/7e212f80ff0b0aa1","status":"skipped","statusDetails":"XFAIL\n\nselenium.common.exceptions.NoSuchElementException: Message: no such element: Unable to locate element: {\"method\":\"xpath\",\"selector\":\"(//a[@class='add-to-cart yellow-btn'])[1]\"}\n  (Session info: chrome-headless-shell=123.0.6312.86); For documentation on this error, please visit: https://www.selenium.dev/documentation/webdriver/troubleshooting/errors#no-such-element-exception\nStacktrace:\n#0 0x55f9fbacb8a3 <unknown>\n#1 0x55f9fb7c18c6 <unknown>\n#2 0x55f9fb80c618 <unknown>\n#3 0x55f9fb80c6d1 <unknown>\n#4 0x55f9fb84f744 <unknown>\n#5 0x55f9fb82e5cd <unknown>\n#6 0x55f9fb84cc19 <unknown>\n#7 0x55f9fb82e343 <unknown>\n#8 0x55f9fb7ff593 <unknown>\n#9 0x55f9fb7fff5e <unknown>\n#10 0x55f9fba8f88b <unknown>\n#11 0x55f9fba937e5 <unknown>\n#12 0x55f9fba7d5b1 <unknown>\n#13 0x55f9fba94372 <unknown>\n#14 0x55f9fba628bf <unknown>\n#15 0x55f9fbaba768 <unknown>\n#16 0x55f9fbaba93b <unknown>\n#17 0x55f9fbaca9f4 <unknown>\n#18 0x7f8f185b5134 <unknown>","time":{"start":1711587178584,"stop":1711587178869,"duration":285}},{"uid":"c6799a9eb0cfae0","reportUrl":"https://Nat754.github.io/StroyremAutomation/259//#testresult/c6799a9eb0cfae0","status":"skipped","statusDetails":"XFAIL\n\nselenium.common.exceptions.NoSuchElementException: Message: no such element: Unable to locate element: {\"method\":\"xpath\",\"selector\":\"(//a[@class='add-to-cart yellow-btn'])[1]\"}\n  (Session info: chrome-headless-shell=123.0.6312.86); For documentation on this error, please visit: https://www.selenium.dev/documentation/webdriver/troubleshooting/errors#no-such-element-exception\nStacktrace:\n#0 0x55e3a26368a3 <unknown>\n#1 0x55e3a232c8c6 <unknown>\n#2 0x55e3a2377618 <unknown>\n#3 0x55e3a23776d1 <unknown>\n#4 0x55e3a23ba744 <unknown>\n#5 0x55e3a23995cd <unknown>\n#6 0x55e3a23b7c19 <unknown>\n#7 0x55e3a2399343 <unknown>\n#8 0x55e3a236a593 <unknown>\n#9 0x55e3a236af5e <unknown>\n#10 0x55e3a25fa88b <unknown>\n#11 0x55e3a25fe7e5 <unknown>\n#12 0x55e3a25e85b1 <unknown>\n#13 0x55e3a25ff372 <unknown>\n#14 0x55e3a25cd8bf <unknown>\n#15 0x55e3a2625768 <unknown>\n#16 0x55e3a262593b <unknown>\n#17 0x55e3a26359f4 <unknown>\n#18 0x7fcd3ed74134 <unknown>","time":{"start":1711500731472,"stop":1711500732226,"duration":754}},{"uid":"aecfca86607299e6","reportUrl":"https://Nat754.github.io/StroyremAutomation/258//#testresult/aecfca86607299e6","status":"skipped","statusDetails":"XFAIL\n\nselenium.common.exceptions.NoSuchElementException: Message: no such element: Unable to locate element: {\"method\":\"xpath\",\"selector\":\"(//a[@class='add-to-cart yellow-btn'])[1]\"}\n  (Session info: chrome-headless-shell=123.0.6312.58); For documentation on this error, please visit: https://www.selenium.dev/documentation/webdriver/troubleshooting/errors#no-such-element-exception\nStacktrace:\n#0 0x5613a7200993 <unknown>\n#1 0x5613a6efb136 <unknown>\n#2 0x5613a6f45d48 <unknown>\n#3 0x5613a6f45e01 <unknown>\n#4 0x5613a6f88e44 <unknown>\n#5 0x5613a6f67cfd <unknown>\n#6 0x5613a6f86319 <unknown>\n#7 0x5613a6f67a73 <unknown>\n#8 0x5613a6f38c93 <unknown>\n#9 0x5613a6f3965e <unknown>\n#10 0x5613a71c508b <unknown>\n#11 0x5613a71c9005 <unknown>\n#12 0x5613a71b3491 <unknown>\n#13 0x5613a71c9b92 <unknown>\n#14 0x5613a71989ef <unknown>\n#15 0x5613a71efdf8 <unknown>\n#16 0x5613a71effcb <unknown>\n#17 0x5613a71ffae4 <unknown>\n#18 0x7fe1d24f4134 <unknown>","time":{"start":1711414388185,"stop":1711414388578,"duration":393}},{"uid":"cb68081b02ddac7a","reportUrl":"https://Nat754.github.io/StroyremAutomation/257//#testresult/cb68081b02ddac7a","status":"skipped","statusDetails":"XFAIL\n\nselenium.common.exceptions.NoSuchElementException: Message: no such element: Unable to locate element: {\"method\":\"xpath\",\"selector\":\"(//a[@class='add-to-cart yellow-btn'])[1]\"}\n  (Session info: chrome-headless-shell=123.0.6312.58); For documentation on this error, please visit: https://www.selenium.dev/documentation/webdriver/troubleshooting/errors#no-such-element-exception\nStacktrace:\n#0 0x55e5aa79d993 <unknown>\n#1 0x55e5aa498136 <unknown>\n#2 0x55e5aa4e2d48 <unknown>\n#3 0x55e5aa4e2e01 <unknown>\n#4 0x55e5aa525e44 <unknown>\n#5 0x55e5aa504cfd <unknown>\n#6 0x55e5aa523319 <unknown>\n#7 0x55e5aa504a73 <unknown>\n#8 0x55e5aa4d5c93 <unknown>\n#9 0x55e5aa4d665e <unknown>\n#10 0x55e5aa76208b <unknown>\n#11 0x55e5aa766005 <unknown>\n#12 0x55e5aa750491 <unknown>\n#13 0x55e5aa766b92 <unknown>\n#14 0x55e5aa7359ef <unknown>\n#15 0x55e5aa78cdf8 <unknown>\n#16 0x55e5aa78cfcb <unknown>\n#17 0x55e5aa79cae4 <unknown>\n#18 0x7f751ca80134 <unknown>","time":{"start":1711328054006,"stop":1711328054407,"duration":401}},{"uid":"9a5a20443560358d","reportUrl":"https://Nat754.github.io/StroyremAutomation/256//#testresult/9a5a20443560358d","status":"skipped","statusDetails":"XFAIL\n\nselenium.common.exceptions.NoSuchElementException: Message: no such element: Unable to locate element: {\"method\":\"xpath\",\"selector\":\"(//a[@class='add-to-cart yellow-btn'])[1]\"}\n  (Session info: chrome-headless-shell=123.0.6312.58); For documentation on this error, please visit: https://www.selenium.dev/documentation/webdriver/troubleshooting/errors#no-such-element-exception\nStacktrace:\n#0 0x564f65380993 <unknown>\n#1 0x564f6507b136 <unknown>\n#2 0x564f650c5d48 <unknown>\n#3 0x564f650c5e01 <unknown>\n#4 0x564f65108e44 <unknown>\n#5 0x564f650e7cfd <unknown>\n#6 0x564f65106319 <unknown>\n#7 0x564f650e7a73 <unknown>\n#8 0x564f650b8c93 <unknown>\n#9 0x564f650b965e <unknown>\n#10 0x564f6534508b <unknown>\n#11 0x564f65349005 <unknown>\n#12 0x564f65333491 <unknown>\n#13 0x564f65349b92 <unknown>\n#14 0x564f653189ef <unknown>\n#15 0x564f6536fdf8 <unknown>\n#16 0x564f6536ffcb <unknown>\n#17 0x564f6537fae4 <unknown>\n#18 0x7f27883be134 <unknown>","time":{"start":1711241883123,"stop":1711241883451,"duration":328}},{"uid":"ffa8b28ae0e03750","reportUrl":"https://Nat754.github.io/StroyremAutomation/255//#testresult/ffa8b28ae0e03750","status":"skipped","statusDetails":"XFAIL\n\nselenium.common.exceptions.NoSuchElementException: Message: no such element: Unable to locate element: {\"method\":\"xpath\",\"selector\":\"(//a[@class='add-to-cart yellow-btn'])[1]\"}\n  (Session info: chrome-headless-shell=123.0.6312.58); For documentation on this error, please visit: https://www.selenium.dev/documentation/webdriver/troubleshooting/errors#no-such-element-exception\nStacktrace:\n#0 0x55e6808ae993 <unknown>\n#1 0x55e6805a9136 <unknown>\n#2 0x55e6805f3d48 <unknown>\n#3 0x55e6805f3e01 <unknown>\n#4 0x55e680636e44 <unknown>\n#5 0x55e680615cfd <unknown>\n#6 0x55e680634319 <unknown>\n#7 0x55e680615a73 <unknown>\n#8 0x55e6805e6c93 <unknown>\n#9 0x55e6805e765e <unknown>\n#10 0x55e68087308b <unknown>\n#11 0x55e680877005 <unknown>\n#12 0x55e680861491 <unknown>\n#13 0x55e680877b92 <unknown>\n#14 0x55e6808469ef <unknown>\n#15 0x55e68089ddf8 <unknown>\n#16 0x55e68089dfcb <unknown>\n#17 0x55e6808adae4 <unknown>\n#18 0x7f334fd19134 <unknown>","time":{"start":1711155046741,"stop":1711155047354,"duration":613}},{"uid":"bc19ba8f92dece94","reportUrl":"https://Nat754.github.io/StroyremAutomation/254//#testresult/bc19ba8f92dece94","status":"skipped","statusDetails":"XFAIL\n\nselenium.common.exceptions.NoSuchElementException: Message: no such element: Unable to locate element: {\"method\":\"xpath\",\"selector\":\"(//a[@class='add-to-cart yellow-btn'])[1]\"}\n  (Session info: chrome-headless-shell=123.0.6312.58); For documentation on this error, please visit: https://www.selenium.dev/documentation/webdriver/troubleshooting/errors#no-such-element-exception\nStacktrace:\n#0 0x55d06a2e6993 <unknown>\n#1 0x55d069fe1136 <unknown>\n#2 0x55d06a02bd48 <unknown>\n#3 0x55d06a02be01 <unknown>\n#4 0x55d06a06ee44 <unknown>\n#5 0x55d06a04dcfd <unknown>\n#6 0x55d06a06c319 <unknown>\n#7 0x55d06a04da73 <unknown>\n#8 0x55d06a01ec93 <unknown>\n#9 0x55d06a01f65e <unknown>\n#10 0x55d06a2ab08b <unknown>\n#11 0x55d06a2af005 <unknown>\n#12 0x55d06a299491 <unknown>\n#13 0x55d06a2afb92 <unknown>\n#14 0x55d06a27e9ef <unknown>\n#15 0x55d06a2d5df8 <unknown>\n#16 0x55d06a2d5fcb <unknown>\n#17 0x55d06a2e5ae4 <unknown>\n#18 0x7f2216733134 <unknown>","time":{"start":1711068715006,"stop":1711068715542,"duration":536}},{"uid":"5488609ab44197a8","reportUrl":"https://Nat754.github.io/StroyremAutomation/253//#testresult/5488609ab44197a8","status":"skipped","statusDetails":"XFAIL\n\nselenium.common.exceptions.NoSuchElementException: Message: no such element: Unable to locate element: {\"method\":\"xpath\",\"selector\":\"(//a[@class='add-to-cart yellow-btn'])[1]\"}\n  (Session info: chrome-headless-shell=123.0.6312.58); For documentation on this error, please visit: https://www.selenium.dev/documentation/webdriver/troubleshooting/errors#no-such-element-exception\nStacktrace:\n#0 0x5591494ab993 <unknown>\n#1 0x5591491a6136 <unknown>\n#2 0x5591491f0d48 <unknown>\n#3 0x5591491f0e01 <unknown>\n#4 0x559149233e44 <unknown>\n#5 0x559149212cfd <unknown>\n#6 0x559149231319 <unknown>\n#7 0x559149212a73 <unknown>\n#8 0x5591491e3c93 <unknown>\n#9 0x5591491e465e <unknown>\n#10 0x55914947008b <unknown>\n#11 0x559149474005 <unknown>\n#12 0x55914945e491 <unknown>\n#13 0x559149474b92 <unknown>\n#14 0x5591494439ef <unknown>\n#15 0x55914949adf8 <unknown>\n#16 0x55914949afcb <unknown>\n#17 0x5591494aaae4 <unknown>\n#18 0x7ff1bedd9134 <unknown>","time":{"start":1710982485532,"stop":1710982485955,"duration":423}},{"uid":"c6c5f358dcb44f32","reportUrl":"https://Nat754.github.io/StroyremAutomation/252//#testresult/c6c5f358dcb44f32","status":"skipped","statusDetails":"XFAIL\n\nselenium.common.exceptions.NoSuchElementException: Message: no such element: Unable to locate element: {\"method\":\"xpath\",\"selector\":\"(//a[@class='add-to-cart yellow-btn'])[1]\"}\n  (Session info: chrome-headless-shell=123.0.6312.58); For documentation on this error, please visit: https://www.selenium.dev/documentation/webdriver/troubleshooting/errors#no-such-element-exception\nStacktrace:\n#0 0x5e0896b05993 <unknown>\n#1 0x5e0896800136 <unknown>\n#2 0x5e089684ad48 <unknown>\n#3 0x5e089684ae01 <unknown>\n#4 0x5e089688de44 <unknown>\n#5 0x5e089686ccfd <unknown>\n#6 0x5e089688b319 <unknown>\n#7 0x5e089686ca73 <unknown>\n#8 0x5e089683dc93 <unknown>\n#9 0x5e089683e65e <unknown>\n#10 0x5e0896aca08b <unknown>\n#11 0x5e0896ace005 <unknown>\n#12 0x5e0896ab8491 <unknown>\n#13 0x5e0896aceb92 <unknown>\n#14 0x5e0896a9d9ef <unknown>\n#15 0x5e0896af4df8 <unknown>\n#16 0x5e0896af4fcb <unknown>\n#17 0x5e0896b04ae4 <unknown>\n#18 0x75dbecf04134 <unknown>","time":{"start":1710895885917,"stop":1710895886532,"duration":615}},{"uid":"7a3425506e4479b4","reportUrl":"https://Nat754.github.io/StroyremAutomation/251//#testresult/7a3425506e4479b4","status":"skipped","statusDetails":"XFAIL\n\nselenium.common.exceptions.NoSuchElementException: Message: no such element: Unable to locate element: {\"method\":\"xpath\",\"selector\":\"(//a[@class='add-to-cart yellow-btn'])[1]\"}\n  (Session info: chrome-headless-shell=122.0.6261.128); For documentation on this error, please visit: https://www.selenium.dev/documentation/webdriver/troubleshooting/errors#no-such-element-exception\nStacktrace:\n#0 0x55c016d1ef33 <unknown>\n#1 0x55c016a16ce6 <unknown>\n#2 0x55c016a61e48 <unknown>\n#3 0x55c016a61f01 <unknown>\n#4 0x55c016aa53f4 <unknown>\n#5 0x55c016a83edd <unknown>\n#6 0x55c016aa2899 <unknown>\n#7 0x55c016a83c53 <unknown>\n#8 0x55c016a54db3 <unknown>\n#9 0x55c016a5577e <unknown>\n#10 0x55c016ce486b <unknown>\n#11 0x55c016ce8885 <unknown>\n#12 0x55c016cd2181 <unknown>\n#13 0x55c016ce9412 <unknown>\n#14 0x55c016cb625f <unknown>\n#15 0x55c016d0d528 <unknown>\n#16 0x55c016d0d723 <unknown>\n#17 0x55c016d1e0e4 <unknown>\n#18 0x7f1b22681134 <unknown>","time":{"start":1710809527688,"stop":1710809528236,"duration":548}},{"uid":"51b00372766ec965","reportUrl":"https://Nat754.github.io/StroyremAutomation/250//#testresult/51b00372766ec965","status":"skipped","statusDetails":"XFAIL\n\nselenium.common.exceptions.NoSuchElementException: Message: no such element: Unable to locate element: {\"method\":\"xpath\",\"selector\":\"(//a[@class='add-to-cart yellow-btn'])[1]\"}\n  (Session info: chrome-headless-shell=122.0.6261.128); For documentation on this error, please visit: https://www.selenium.dev/documentation/webdriver/troubleshooting/errors#no-such-element-exception\nStacktrace:\n#0 0x5a533fcfef33 <unknown>\n#1 0x5a533f9f6ce6 <unknown>\n#2 0x5a533fa41e48 <unknown>\n#3 0x5a533fa41f01 <unknown>\n#4 0x5a533fa853f4 <unknown>\n#5 0x5a533fa63edd <unknown>\n#6 0x5a533fa82899 <unknown>\n#7 0x5a533fa63c53 <unknown>\n#8 0x5a533fa34db3 <unknown>\n#9 0x5a533fa3577e <unknown>\n#10 0x5a533fcc486b <unknown>\n#11 0x5a533fcc8885 <unknown>\n#12 0x5a533fcb2181 <unknown>\n#13 0x5a533fcc9412 <unknown>\n#14 0x5a533fc9625f <unknown>\n#15 0x5a533fced528 <unknown>\n#16 0x5a533fced723 <unknown>\n#17 0x5a533fcfe0e4 <unknown>\n#18 0x7385731be134 <unknown>","time":{"start":1710723182313,"stop":1710723182639,"duration":326}},{"uid":"bd1a6beef5ac9d71","reportUrl":"https://Nat754.github.io/StroyremAutomation/249//#testresult/bd1a6beef5ac9d71","status":"skipped","statusDetails":"XFAIL\n\nselenium.common.exceptions.NoSuchElementException: Message: no such element: Unable to locate element: {\"method\":\"xpath\",\"selector\":\"(//a[@class='add-to-cart yellow-btn'])[1]\"}\n  (Session info: chrome-headless-shell=122.0.6261.128); For documentation on this error, please visit: https://www.selenium.dev/documentation/webdriver/troubleshooting/errors#no-such-element-exception\nStacktrace:\n#0 0x55f52a3f5f33 <unknown>\n#1 0x55f52a0edce6 <unknown>\n#2 0x55f52a138e48 <unknown>\n#3 0x55f52a138f01 <unknown>\n#4 0x55f52a17c3f4 <unknown>\n#5 0x55f52a15aedd <unknown>\n#6 0x55f52a179899 <unknown>\n#7 0x55f52a15ac53 <unknown>\n#8 0x55f52a12bdb3 <unknown>\n#9 0x55f52a12c77e <unknown>\n#10 0x55f52a3bb86b <unknown>\n#11 0x55f52a3bf885 <unknown>\n#12 0x55f52a3a9181 <unknown>\n#13 0x55f52a3c0412 <unknown>\n#14 0x55f52a38d25f <unknown>\n#15 0x55f52a3e4528 <unknown>\n#16 0x55f52a3e4723 <unknown>\n#17 0x55f52a3f50e4 <unknown>\n#18 0x7904c484d134 <unknown>","time":{"start":1710636951046,"stop":1710636951583,"duration":537}},{"uid":"606fea2b1fe12754","reportUrl":"https://Nat754.github.io/StroyremAutomation/248//#testresult/606fea2b1fe12754","status":"skipped","statusDetails":"XFAIL\n\nselenium.common.exceptions.NoSuchElementException: Message: no such element: Unable to locate element: {\"method\":\"xpath\",\"selector\":\"(//a[@class='add-to-cart yellow-btn'])[1]\"}\n  (Session info: chrome-headless-shell=122.0.6261.128); For documentation on this error, please visit: https://www.selenium.dev/documentation/webdriver/troubleshooting/errors#no-such-element-exception\nStacktrace:\n#0 0x57b292237f33 <unknown>\n#1 0x57b291f2fce6 <unknown>\n#2 0x57b291f7ae48 <unknown>\n#3 0x57b291f7af01 <unknown>\n#4 0x57b291fbe3f4 <unknown>\n#5 0x57b291f9cedd <unknown>\n#6 0x57b291fbb899 <unknown>\n#7 0x57b291f9cc53 <unknown>\n#8 0x57b291f6ddb3 <unknown>\n#9 0x57b291f6e77e <unknown>\n#10 0x57b2921fd86b <unknown>\n#11 0x57b292201885 <unknown>\n#12 0x57b2921eb181 <unknown>\n#13 0x57b292202412 <unknown>\n#14 0x57b2921cf25f <unknown>\n#15 0x57b292226528 <unknown>\n#16 0x57b292226723 <unknown>\n#17 0x57b2922370e4 <unknown>\n#18 0x7af4fc819134 <unknown>","time":{"start":1710550227128,"stop":1710550227541,"duration":413}},{"uid":"9755ab5369d96535","reportUrl":"https://Nat754.github.io/StroyremAutomation/247//#testresult/9755ab5369d96535","status":"skipped","statusDetails":"XFAIL\n\nselenium.common.exceptions.NoSuchElementException: Message: no such element: Unable to locate element: {\"method\":\"xpath\",\"selector\":\"(//a[@class='add-to-cart yellow-btn'])[1]\"}\n  (Session info: chrome-headless-shell=122.0.6261.128); For documentation on this error, please visit: https://www.selenium.dev/documentation/webdriver/troubleshooting/errors#no-such-element-exception\nStacktrace:\n#0 0x64329a4e9f33 <unknown>\n#1 0x64329a1e1ce6 <unknown>\n#2 0x64329a22ce48 <unknown>\n#3 0x64329a22cf01 <unknown>\n#4 0x64329a2703f4 <unknown>\n#5 0x64329a24eedd <unknown>\n#6 0x64329a26d899 <unknown>\n#7 0x64329a24ec53 <unknown>\n#8 0x64329a21fdb3 <unknown>\n#9 0x64329a22077e <unknown>\n#10 0x64329a4af86b <unknown>\n#11 0x64329a4b3885 <unknown>\n#12 0x64329a49d181 <unknown>\n#13 0x64329a4b4412 <unknown>\n#14 0x64329a48125f <unknown>\n#15 0x64329a4d8528 <unknown>\n#16 0x64329a4d8723 <unknown>\n#17 0x64329a4e90e4 <unknown>\n#18 0x7ddc5102f134 <unknown>","time":{"start":1710463964907,"stop":1710463965249,"duration":342}},{"uid":"1879b87f44795484","reportUrl":"https://Nat754.github.io/StroyremAutomation/246//#testresult/1879b87f44795484","status":"skipped","statusDetails":"XFAIL\n\nselenium.common.exceptions.NoSuchElementException: Message: no such element: Unable to locate element: {\"method\":\"xpath\",\"selector\":\"(//a[@class='add-to-cart yellow-btn'])[1]\"}\n  (Session info: chrome-headless-shell=122.0.6261.128); For documentation on this error, please visit: https://www.selenium.dev/documentation/webdriver/troubleshooting/errors#no-such-element-exception\nStacktrace:\n#0 0x64174acfef33 <unknown>\n#1 0x64174a9f6ce6 <unknown>\n#2 0x64174aa41e48 <unknown>\n#3 0x64174aa41f01 <unknown>\n#4 0x64174aa853f4 <unknown>\n#5 0x64174aa63edd <unknown>\n#6 0x64174aa82899 <unknown>\n#7 0x64174aa63c53 <unknown>\n#8 0x64174aa34db3 <unknown>\n#9 0x64174aa3577e <unknown>\n#10 0x64174acc486b <unknown>\n#11 0x64174acc8885 <unknown>\n#12 0x64174acb2181 <unknown>\n#13 0x64174acc9412 <unknown>\n#14 0x64174ac9625f <unknown>\n#15 0x64174aced528 <unknown>\n#16 0x64174aced723 <unknown>\n#17 0x64174acfe0e4 <unknown>\n#18 0x73c092255134 <unknown>","time":{"start":1710377545893,"stop":1710377546234,"duration":341}},{"uid":"d094bcfc40e48229","reportUrl":"https://Nat754.github.io/StroyremAutomation/245//#testresult/d094bcfc40e48229","status":"skipped","statusDetails":"XFAIL\n\nselenium.common.exceptions.NoSuchElementException: Message: no such element: Unable to locate element: {\"method\":\"xpath\",\"selector\":\"(//a[@class='add-to-cart yellow-btn'])[1]\"}\n  (Session info: chrome-headless-shell=122.0.6261.128); For documentation on this error, please visit: https://www.selenium.dev/documentation/webdriver/troubleshooting/errors#no-such-element-exception\nStacktrace:\n#0 0x564a4d29af33 <unknown>\n#1 0x564a4cf92ce6 <unknown>\n#2 0x564a4cfdde48 <unknown>\n#3 0x564a4cfddf01 <unknown>\n#4 0x564a4d0213f4 <unknown>\n#5 0x564a4cfffedd <unknown>\n#6 0x564a4d01e899 <unknown>\n#7 0x564a4cfffc53 <unknown>\n#8 0x564a4cfd0db3 <unknown>\n#9 0x564a4cfd177e <unknown>\n#10 0x564a4d26086b <unknown>\n#11 0x564a4d264885 <unknown>\n#12 0x564a4d24e181 <unknown>\n#13 0x564a4d265412 <unknown>\n#14 0x564a4d23225f <unknown>\n#15 0x564a4d289528 <unknown>\n#16 0x564a4d289723 <unknown>\n#17 0x564a4d29a0e4 <unknown>\n#18 0x7fb255aee134 <unknown>","time":{"start":1710291210807,"stop":1710291211583,"duration":776}},{"uid":"2b5cdd36f4fef6eb","reportUrl":"https://Nat754.github.io/StroyremAutomation/244//#testresult/2b5cdd36f4fef6eb","status":"skipped","statusDetails":"XFAIL\n\nselenium.common.exceptions.NoSuchElementException: Message: no such element: Unable to locate element: {\"method\":\"xpath\",\"selector\":\"(//a[@class='add-to-cart yellow-btn'])[1]\"}\n  (Session info: chrome-headless-shell=122.0.6261.111); For documentation on this error, please visit: https://www.selenium.dev/documentation/webdriver/troubleshooting/errors#no-such-element-exception\nStacktrace:\n#0 0x5584a299fec3 <unknown>\n#1 0x5584a2697ce6 <unknown>\n#2 0x5584a26e2e48 <unknown>\n#3 0x5584a26e2f01 <unknown>\n#4 0x5584a27263f4 <unknown>\n#5 0x5584a2704edd <unknown>\n#6 0x5584a2723899 <unknown>\n#7 0x5584a2704c53 <unknown>\n#8 0x5584a26d5db3 <unknown>\n#9 0x5584a26d677e <unknown>\n#10 0x5584a29657fb <unknown>\n#11 0x5584a2969815 <unknown>\n#12 0x5584a2953111 <unknown>\n#13 0x5584a296a3a2 <unknown>\n#14 0x5584a29371ef <unknown>\n#15 0x5584a298e4b8 <unknown>\n#16 0x5584a298e6b3 <unknown>\n#17 0x5584a299f074 <unknown>\n#18 0x7f4181d2a134 <unknown>","time":{"start":1710204676235,"stop":1710204677005,"duration":770}},{"uid":"1835ac7c8e291694","reportUrl":"https://Nat754.github.io/StroyremAutomation/243//#testresult/1835ac7c8e291694","status":"skipped","statusDetails":"XFAIL\n\nselenium.common.exceptions.NoSuchElementException: Message: no such element: Unable to locate element: {\"method\":\"xpath\",\"selector\":\"(//a[@class='add-to-cart yellow-btn'])[1]\"}\n  (Session info: chrome-headless-shell=122.0.6261.111); For documentation on this error, please visit: https://www.selenium.dev/documentation/webdriver/troubleshooting/errors#no-such-element-exception\nStacktrace:\n#0 0x55a03912cec3 <unknown>\n#1 0x55a038e24ce6 <unknown>\n#2 0x55a038e6fe48 <unknown>\n#3 0x55a038e6ff01 <unknown>\n#4 0x55a038eb33f4 <unknown>\n#5 0x55a038e91edd <unknown>\n#6 0x55a038eb0899 <unknown>\n#7 0x55a038e91c53 <unknown>\n#8 0x55a038e62db3 <unknown>\n#9 0x55a038e6377e <unknown>\n#10 0x55a0390f27fb <unknown>\n#11 0x55a0390f6815 <unknown>\n#12 0x55a0390e0111 <unknown>\n#13 0x55a0390f73a2 <unknown>\n#14 0x55a0390c41ef <unknown>\n#15 0x55a03911b4b8 <unknown>\n#16 0x55a03911b6b3 <unknown>\n#17 0x55a03912c074 <unknown>\n#18 0x7f727df28134 <unknown>","time":{"start":1710118411845,"stop":1710118412282,"duration":437}}]},"tags":["@pytest.mark.xfail","smoke_test"]},"source":"2c4d2c9369850aaa.json","parameterValues":["6120","206","'TD 010'","5570","'products/shtukaturka-gipsovaya-aksolit-m50-30-kg-mashinnogo-naneseniya'","2900","'https://sandboxtest.stroyrem-nn.ru/'","6200"]}