{"uid":"d1d973a6cb4e8c21","name":"test_positive_delivery_green_zone_smoke[TD 008-products/shtukaturka-gipsovaya-aksolit-m50-30-kg-mashinnogo-naneseniya-149-4500-2300-3980-4490-https://sandboxtest.stroyrem-nn.ru/]","fullName":"tests.delivery.test_delivery_calculation.TestDeliveryPageCalculation#test_positive_delivery_green_zone_smoke","historyId":"a6e4f8846394d8afbfad6037346de2a8","time":{"start":1724634136494,"stop":1724634136947,"duration":453},"status":"skipped","statusMessage":"XFAIL\n\nselenium.common.exceptions.NoSuchElementException: Message: no such element: Unable to locate element: {\"method\":\"xpath\",\"selector\":\"(//a[@class='add-to-cart yellow-btn'])[1]\"}\n  (Session info: chrome=128.0.6613.84); For documentation on this error, please visit: https://www.selenium.dev/documentation/webdriver/troubleshooting/errors#no-such-element-exception\nStacktrace:\n#0 0x55a9e1cc681a <unknown>\n#1 0x55a9e1994e50 <unknown>\n#2 0x55a9e19e4644 <unknown>\n#3 0x55a9e19e4931 <unknown>\n#4 0x55a9e1a2a534 <unknown>\n#5 0x55a9e1a094bd <unknown>\n#6 0x55a9e1a279c6 <unknown>\n#7 0x55a9e1a09233 <unknown>\n#8 0x55a9e19d7093 <unknown>\n#9 0x55a9e19d809e <unknown>\n#10 0x55a9e1c8da7b <unknown>\n#11 0x55a9e1c91a31 <unknown>\n#12 0x55a9e1c79645 <unknown>\n#13 0x55a9e1c925a2 <unknown>\n#14 0x55a9e1c5e81f <unknown>\n#15 0x55a9e1cb5618 <unknown>\n#16 0x55a9e1cb57e2 <unknown>\n#17 0x55a9e1cc560c <unknown>\n#18 0x7fe166de3134 <unknown>","statusTrace":"self = <tests.delivery.test_delivery_calculation.TestDeliveryPageCalculation object at 0x7fc5931b8f10>\ndriver = <selenium.webdriver.chrome.webdriver.WebDriver (session=\"0e1086fbd4711730d26ba7f22e0436bf\")>\nurl = 'https://sandboxtest.stroyrem-nn.ru/', case_id = 'TD 008'\nlink_item = 'products/shtukaturka-gipsovaya-aksolit-m50-30-kg-mashinnogo-naneseniya'\namount = 149, weight = 4500, standard = 2300, in_time = 3980, all_time = 4490\n\n    @pytest.mark.parametrize('case_id, link_item, amount, weight, standard, in_time, all_time', [\n        (\"TD 001\", uroven_3000, 1, 30, 0, 1590, 2190),\n        (\"TD 002\", bundeks_25, 1, 30, 400, 1590, 2190),\n        (\"TD 003\", aksolit_30, 8, 300, 400, 1590, 2190),\n        (\"TD 004\", aksolit_30, 13, 400, 450, 1590, 2190),\n        (\"TD 005\", aksolit_30, 16, 500, 600, 1590, 2190),\n        (\"TD 006\", aksolit_30, 25, 1700, 990, 1990, 2480),\n        (\"TD 007\", aksolit_30, 66, 2000, 1300, 2490, 2980),\n        (\"TD 008\", aksolit_30, 149, 4500, 2300, 3980, 4490),\n        (\"TD 009\", aksolit_30, 166, 5000, 2500, 4990, 5480),\n        pytest.param(\n            \"TD 010\", aksolit_30, 206, 6200, 2900, 5570, 6120,\n            marks=pytest.mark.xfail(reson=\"Цена доставки 3600 7960 8980\")\n        ),\n        (\"TD 011\", aksolit_30, 299, 9000, 3600, 7960, 8980),\n        (\"TD 012\", aksolit_30, 333, 10000, 4450, 11990, 12500),\n        pytest.param(\n            \"TD 013\", aksolit_30, 366, 11000, 4800, 12450, 13480,\n            marks=pytest.mark.xfail(reason=\"Цена стандартной доставки 4450\")\n        ),\n        pytest.param(\n            \"TD 014\", aksolit_30, 666, 20000, 5400, 15600, 17490,\n            marks=pytest.mark.xfail(reason=\"Цена стандартной доставки 4450\")\n        )\n    ])\n    @pytest.mark.xfail\n    @pytest.mark.smoke_test\n    def test_positive_delivery_green_zone_smoke(\n            self, driver, url, case_id, link_item, amount, weight, standard, in_time, all_time\n    ):\n    \n        driver.get(f'{url}{link_item}')\n        item_page = ItemPage(driver)\n>       item_page.add_item_to_cart(amount).click_on_cart()\n\ntests/delivery/test_delivery_calculation.py:50: \n_ _ _ _ _ _ _ _ _ _ _ _ _ _ _ _ _ _ _ _ _ _ _ _ _ _ _ _ _ _ _ _ _ _ _ _ _ _ _ _ \npages/item_page.py:40: in add_item_to_cart\n    self.find_element(self._add_item).click()\nbase/seleniumbase.py:17: in find_element\n    return self.driver.find_element(*locator)\n/usr/local/lib/python3.11/site-packages/selenium/webdriver/remote/webdriver.py:739: in find_element\n    return self.execute(Command.FIND_ELEMENT, {\"using\": by, \"value\": value})[\"value\"]\n/usr/local/lib/python3.11/site-packages/selenium/webdriver/remote/webdriver.py:345: in execute\n    self.error_handler.check_response(response)\n_ _ _ _ _ _ _ _ _ _ _ _ _ _ _ _ _ _ _ _ _ _ _ _ _ _ _ _ _ _ _ _ _ _ _ _ _ _ _ _ \n\nself = <selenium.webdriver.remote.errorhandler.ErrorHandler object at 0x7fc593075110>\nresponse = {'status': 404, 'value': '{\"value\":{\"error\":\"no such element\",\"message\":\"no such element: Unable to locate element: {\\...\\\\n#16 0x55a9e1cb57e2 \\\\u003Cunknown>\\\\n#17 0x55a9e1cc560c \\\\u003Cunknown>\\\\n#18 0x7fe166de3134 \\\\u003Cunknown>\\\\n\"}}'}\n\n    def check_response(self, response: Dict[str, Any]) -> None:\n        \"\"\"Checks that a JSON response from the WebDriver does not have an\n        error.\n    \n        :Args:\n         - response - The JSON response from the WebDriver server as a dictionary\n           object.\n    \n        :Raises: If the response contains an error message.\n        \"\"\"\n        status = response.get(\"status\", None)\n        if not status or status == ErrorCode.SUCCESS:\n            return\n        value = None\n        message = response.get(\"message\", \"\")\n        screen: str = response.get(\"screen\", \"\")\n        stacktrace = None\n        if isinstance(status, int):\n            value_json = response.get(\"value\", None)\n            if value_json and isinstance(value_json, str):\n                import json\n    \n                try:\n                    value = json.loads(value_json)\n                    if len(value) == 1:\n                        value = value[\"value\"]\n                    status = value.get(\"error\", None)\n                    if not status:\n                        status = value.get(\"status\", ErrorCode.UNKNOWN_ERROR)\n                        message = value.get(\"value\") or value.get(\"message\")\n                        if not isinstance(message, str):\n                            value = message\n                            message = message.get(\"message\")\n                    else:\n                        message = value.get(\"message\", None)\n                except ValueError:\n                    pass\n    \n        exception_class: Type[WebDriverException]\n        e = ErrorCode()\n        error_codes = [item for item in dir(e) if not item.startswith(\"__\")]\n        for error_code in error_codes:\n            error_info = getattr(ErrorCode, error_code)\n            if isinstance(error_info, list) and status in error_info:\n                exception_class = getattr(ExceptionMapping, error_code, WebDriverException)\n                break\n        else:\n            exception_class = WebDriverException\n    \n        if not value:\n            value = response[\"value\"]\n        if isinstance(value, str):\n            raise exception_class(value)\n        if message == \"\" and \"message\" in value:\n            message = value[\"message\"]\n    \n        screen = None  # type: ignore[assignment]\n        if \"screen\" in value:\n            screen = value[\"screen\"]\n    \n        stacktrace = None\n        st_value = value.get(\"stackTrace\") or value.get(\"stacktrace\")\n        if st_value:\n            if isinstance(st_value, str):\n                stacktrace = st_value.split(\"\\n\")\n            else:\n                stacktrace = []\n                try:\n                    for frame in st_value:\n                        line = frame.get(\"lineNumber\", \"\")\n                        file = frame.get(\"fileName\", \"<anonymous>\")\n                        if line:\n                            file = f\"{file}:{line}\"\n                        meth = frame.get(\"methodName\", \"<anonymous>\")\n                        if \"className\" in frame:\n                            meth = f\"{frame['className']}.{meth}\"\n                        msg = \"    at %s (%s)\"\n                        msg = msg % (meth, file)\n                        stacktrace.append(msg)\n                except TypeError:\n                    pass\n        if exception_class == UnexpectedAlertPresentException:\n            alert_text = None\n            if \"data\" in value:\n                alert_text = value[\"data\"].get(\"text\")\n            elif \"alert\" in value:\n                alert_text = value[\"alert\"].get(\"text\")\n            raise exception_class(message, screen, stacktrace, alert_text)  # type: ignore[call-arg]  # mypy is not smart enough here\n>       raise exception_class(message, screen, stacktrace)\nE       selenium.common.exceptions.NoSuchElementException: Message: no such element: Unable to locate element: {\"method\":\"xpath\",\"selector\":\"(//a[@class='add-to-cart yellow-btn'])[1]\"}\nE         (Session info: chrome=128.0.6613.84); For documentation on this error, please visit: https://www.selenium.dev/documentation/webdriver/troubleshooting/errors#no-such-element-exception\nE       Stacktrace:\nE       #0 0x55a9e1cc681a <unknown>\nE       #1 0x55a9e1994e50 <unknown>\nE       #2 0x55a9e19e4644 <unknown>\nE       #3 0x55a9e19e4931 <unknown>\nE       #4 0x55a9e1a2a534 <unknown>\nE       #5 0x55a9e1a094bd <unknown>\nE       #6 0x55a9e1a279c6 <unknown>\nE       #7 0x55a9e1a09233 <unknown>\nE       #8 0x55a9e19d7093 <unknown>\nE       #9 0x55a9e19d809e <unknown>\nE       #10 0x55a9e1c8da7b <unknown>\nE       #11 0x55a9e1c91a31 <unknown>\nE       #12 0x55a9e1c79645 <unknown>\nE       #13 0x55a9e1c925a2 <unknown>\nE       #14 0x55a9e1c5e81f <unknown>\nE       #15 0x55a9e1cb5618 <unknown>\nE       #16 0x55a9e1cb57e2 <unknown>\nE       #17 0x55a9e1cc560c <unknown>\nE       #18 0x7fe166de3134 <unknown>\n\n/usr/local/lib/python3.11/site-packages/selenium/webdriver/remote/errorhandler.py:229: NoSuchElementException","flaky":false,"newFailed":false,"newBroken":false,"newPassed":false,"retriesCount":0,"retriesStatusChange":false,"beforeStages":[{"name":"_session_faker","time":{"start":1724633894611,"stop":1724633894680,"duration":69},"status":"passed","steps":[],"attachments":[],"parameters":[],"shouldDisplayMessage":false,"stepsCount":0,"attachmentsCount":0,"hasContent":false,"attachmentStep":false},{"name":"clear_allure_results_folder","time":{"start":1724633894680,"stop":1724633894680,"duration":0},"status":"passed","steps":[],"attachments":[],"parameters":[],"shouldDisplayMessage":false,"stepsCount":0,"attachmentsCount":0,"hasContent":false,"attachmentStep":false},{"name":"driver","time":{"start":1724634135670,"stop":1724634136493,"duration":823},"status":"passed","steps":[],"attachments":[],"parameters":[],"shouldDisplayMessage":false,"stepsCount":0,"attachmentsCount":0,"hasContent":false,"attachmentStep":false},{"name":"setup","time":{"start":1724634136493,"stop":1724634136493,"duration":0},"status":"passed","steps":[],"attachments":[],"parameters":[],"shouldDisplayMessage":false,"stepsCount":0,"attachmentsCount":0,"hasContent":false,"attachmentStep":false}],"testStage":{"status":"skipped","statusMessage":"XFAIL\n\nselenium.common.exceptions.NoSuchElementException: Message: no such element: Unable to locate element: {\"method\":\"xpath\",\"selector\":\"(//a[@class='add-to-cart yellow-btn'])[1]\"}\n  (Session info: chrome=128.0.6613.84); For documentation on this error, please visit: https://www.selenium.dev/documentation/webdriver/troubleshooting/errors#no-such-element-exception\nStacktrace:\n#0 0x55a9e1cc681a <unknown>\n#1 0x55a9e1994e50 <unknown>\n#2 0x55a9e19e4644 <unknown>\n#3 0x55a9e19e4931 <unknown>\n#4 0x55a9e1a2a534 <unknown>\n#5 0x55a9e1a094bd <unknown>\n#6 0x55a9e1a279c6 <unknown>\n#7 0x55a9e1a09233 <unknown>\n#8 0x55a9e19d7093 <unknown>\n#9 0x55a9e19d809e <unknown>\n#10 0x55a9e1c8da7b <unknown>\n#11 0x55a9e1c91a31 <unknown>\n#12 0x55a9e1c79645 <unknown>\n#13 0x55a9e1c925a2 <unknown>\n#14 0x55a9e1c5e81f <unknown>\n#15 0x55a9e1cb5618 <unknown>\n#16 0x55a9e1cb57e2 <unknown>\n#17 0x55a9e1cc560c <unknown>\n#18 0x7fe166de3134 <unknown>","statusTrace":"self = <tests.delivery.test_delivery_calculation.TestDeliveryPageCalculation object at 0x7fc5931b8f10>\ndriver = <selenium.webdriver.chrome.webdriver.WebDriver (session=\"0e1086fbd4711730d26ba7f22e0436bf\")>\nurl = 'https://sandboxtest.stroyrem-nn.ru/', case_id = 'TD 008'\nlink_item = 'products/shtukaturka-gipsovaya-aksolit-m50-30-kg-mashinnogo-naneseniya'\namount = 149, weight = 4500, standard = 2300, in_time = 3980, all_time = 4490\n\n    @pytest.mark.parametrize('case_id, link_item, amount, weight, standard, in_time, all_time', [\n        (\"TD 001\", uroven_3000, 1, 30, 0, 1590, 2190),\n        (\"TD 002\", bundeks_25, 1, 30, 400, 1590, 2190),\n        (\"TD 003\", aksolit_30, 8, 300, 400, 1590, 2190),\n        (\"TD 004\", aksolit_30, 13, 400, 450, 1590, 2190),\n        (\"TD 005\", aksolit_30, 16, 500, 600, 1590, 2190),\n        (\"TD 006\", aksolit_30, 25, 1700, 990, 1990, 2480),\n        (\"TD 007\", aksolit_30, 66, 2000, 1300, 2490, 2980),\n        (\"TD 008\", aksolit_30, 149, 4500, 2300, 3980, 4490),\n        (\"TD 009\", aksolit_30, 166, 5000, 2500, 4990, 5480),\n        pytest.param(\n            \"TD 010\", aksolit_30, 206, 6200, 2900, 5570, 6120,\n            marks=pytest.mark.xfail(reson=\"Цена доставки 3600 7960 8980\")\n        ),\n        (\"TD 011\", aksolit_30, 299, 9000, 3600, 7960, 8980),\n        (\"TD 012\", aksolit_30, 333, 10000, 4450, 11990, 12500),\n        pytest.param(\n            \"TD 013\", aksolit_30, 366, 11000, 4800, 12450, 13480,\n            marks=pytest.mark.xfail(reason=\"Цена стандартной доставки 4450\")\n        ),\n        pytest.param(\n            \"TD 014\", aksolit_30, 666, 20000, 5400, 15600, 17490,\n            marks=pytest.mark.xfail(reason=\"Цена стандартной доставки 4450\")\n        )\n    ])\n    @pytest.mark.xfail\n    @pytest.mark.smoke_test\n    def test_positive_delivery_green_zone_smoke(\n            self, driver, url, case_id, link_item, amount, weight, standard, in_time, all_time\n    ):\n    \n        driver.get(f'{url}{link_item}')\n        item_page = ItemPage(driver)\n>       item_page.add_item_to_cart(amount).click_on_cart()\n\ntests/delivery/test_delivery_calculation.py:50: \n_ _ _ _ _ _ _ _ _ _ _ _ _ _ _ _ _ _ _ _ _ _ _ _ _ _ _ _ _ _ _ _ _ _ _ _ _ _ _ _ \npages/item_page.py:40: in add_item_to_cart\n    self.find_element(self._add_item).click()\nbase/seleniumbase.py:17: in find_element\n    return self.driver.find_element(*locator)\n/usr/local/lib/python3.11/site-packages/selenium/webdriver/remote/webdriver.py:739: in find_element\n    return self.execute(Command.FIND_ELEMENT, {\"using\": by, \"value\": value})[\"value\"]\n/usr/local/lib/python3.11/site-packages/selenium/webdriver/remote/webdriver.py:345: in execute\n    self.error_handler.check_response(response)\n_ _ _ _ _ _ _ _ _ _ _ _ _ _ _ _ _ _ _ _ _ _ _ _ _ _ _ _ _ _ _ _ _ _ _ _ _ _ _ _ \n\nself = <selenium.webdriver.remote.errorhandler.ErrorHandler object at 0x7fc593075110>\nresponse = {'status': 404, 'value': '{\"value\":{\"error\":\"no such element\",\"message\":\"no such element: Unable to locate element: {\\...\\\\n#16 0x55a9e1cb57e2 \\\\u003Cunknown>\\\\n#17 0x55a9e1cc560c \\\\u003Cunknown>\\\\n#18 0x7fe166de3134 \\\\u003Cunknown>\\\\n\"}}'}\n\n    def check_response(self, response: Dict[str, Any]) -> None:\n        \"\"\"Checks that a JSON response from the WebDriver does not have an\n        error.\n    \n        :Args:\n         - response - The JSON response from the WebDriver server as a dictionary\n           object.\n    \n        :Raises: If the response contains an error message.\n        \"\"\"\n        status = response.get(\"status\", None)\n        if not status or status == ErrorCode.SUCCESS:\n            return\n        value = None\n        message = response.get(\"message\", \"\")\n        screen: str = response.get(\"screen\", \"\")\n        stacktrace = None\n        if isinstance(status, int):\n            value_json = response.get(\"value\", None)\n            if value_json and isinstance(value_json, str):\n                import json\n    \n                try:\n                    value = json.loads(value_json)\n                    if len(value) == 1:\n                        value = value[\"value\"]\n                    status = value.get(\"error\", None)\n                    if not status:\n                        status = value.get(\"status\", ErrorCode.UNKNOWN_ERROR)\n                        message = value.get(\"value\") or value.get(\"message\")\n                        if not isinstance(message, str):\n                            value = message\n                            message = message.get(\"message\")\n                    else:\n                        message = value.get(\"message\", None)\n                except ValueError:\n                    pass\n    \n        exception_class: Type[WebDriverException]\n        e = ErrorCode()\n        error_codes = [item for item in dir(e) if not item.startswith(\"__\")]\n        for error_code in error_codes:\n            error_info = getattr(ErrorCode, error_code)\n            if isinstance(error_info, list) and status in error_info:\n                exception_class = getattr(ExceptionMapping, error_code, WebDriverException)\n                break\n        else:\n            exception_class = WebDriverException\n    \n        if not value:\n            value = response[\"value\"]\n        if isinstance(value, str):\n            raise exception_class(value)\n        if message == \"\" and \"message\" in value:\n            message = value[\"message\"]\n    \n        screen = None  # type: ignore[assignment]\n        if \"screen\" in value:\n            screen = value[\"screen\"]\n    \n        stacktrace = None\n        st_value = value.get(\"stackTrace\") or value.get(\"stacktrace\")\n        if st_value:\n            if isinstance(st_value, str):\n                stacktrace = st_value.split(\"\\n\")\n            else:\n                stacktrace = []\n                try:\n                    for frame in st_value:\n                        line = frame.get(\"lineNumber\", \"\")\n                        file = frame.get(\"fileName\", \"<anonymous>\")\n                        if line:\n                            file = f\"{file}:{line}\"\n                        meth = frame.get(\"methodName\", \"<anonymous>\")\n                        if \"className\" in frame:\n                            meth = f\"{frame['className']}.{meth}\"\n                        msg = \"    at %s (%s)\"\n                        msg = msg % (meth, file)\n                        stacktrace.append(msg)\n                except TypeError:\n                    pass\n        if exception_class == UnexpectedAlertPresentException:\n            alert_text = None\n            if \"data\" in value:\n                alert_text = value[\"data\"].get(\"text\")\n            elif \"alert\" in value:\n                alert_text = value[\"alert\"].get(\"text\")\n            raise exception_class(message, screen, stacktrace, alert_text)  # type: ignore[call-arg]  # mypy is not smart enough here\n>       raise exception_class(message, screen, stacktrace)\nE       selenium.common.exceptions.NoSuchElementException: Message: no such element: Unable to locate element: {\"method\":\"xpath\",\"selector\":\"(//a[@class='add-to-cart yellow-btn'])[1]\"}\nE         (Session info: chrome=128.0.6613.84); For documentation on this error, please visit: https://www.selenium.dev/documentation/webdriver/troubleshooting/errors#no-such-element-exception\nE       Stacktrace:\nE       #0 0x55a9e1cc681a <unknown>\nE       #1 0x55a9e1994e50 <unknown>\nE       #2 0x55a9e19e4644 <unknown>\nE       #3 0x55a9e19e4931 <unknown>\nE       #4 0x55a9e1a2a534 <unknown>\nE       #5 0x55a9e1a094bd <unknown>\nE       #6 0x55a9e1a279c6 <unknown>\nE       #7 0x55a9e1a09233 <unknown>\nE       #8 0x55a9e19d7093 <unknown>\nE       #9 0x55a9e19d809e <unknown>\nE       #10 0x55a9e1c8da7b <unknown>\nE       #11 0x55a9e1c91a31 <unknown>\nE       #12 0x55a9e1c79645 <unknown>\nE       #13 0x55a9e1c925a2 <unknown>\nE       #14 0x55a9e1c5e81f <unknown>\nE       #15 0x55a9e1cb5618 <unknown>\nE       #16 0x55a9e1cb57e2 <unknown>\nE       #17 0x55a9e1cc560c <unknown>\nE       #18 0x7fe166de3134 <unknown>\n\n/usr/local/lib/python3.11/site-packages/selenium/webdriver/remote/errorhandler.py:229: NoSuchElementException","steps":[{"name":"Добавляем товар в корзину в количестве 149","time":{"start":1724634136927,"stop":1724634136946,"duration":19},"status":"broken","statusMessage":"selenium.common.exceptions.NoSuchElementException: Message: no such element: Unable to locate element: {\"method\":\"xpath\",\"selector\":\"(//a[@class='add-to-cart yellow-btn'])[1]\"}\n  (Session info: chrome=128.0.6613.84); For documentation on this error, please visit: https://www.selenium.dev/documentation/webdriver/troubleshooting/errors#no-such-element-exception\nStacktrace:\n#0 0x55a9e1cc681a <unknown>\n#1 0x55a9e1994e50 <unknown>\n#2 0x55a9e19e4644 <unknown>\n#3 0x55a9e19e4931 <unknown>\n#4 0x55a9e1a2a534 <unknown>\n#5 0x55a9e1a094bd <unknown>\n#6 0x55a9e1a279c6 <unknown>\n#7 0x55a9e1a09233 <unknown>\n#8 0x55a9e19d7093 <unknown>\n#9 0x55a9e19d809e <unknown>\n#10 0x55a9e1c8da7b <unknown>\n#11 0x55a9e1c91a31 <unknown>\n#12 0x55a9e1c79645 <unknown>\n#13 0x55a9e1c925a2 <unknown>\n#14 0x55a9e1c5e81f <unknown>\n#15 0x55a9e1cb5618 <unknown>\n#16 0x55a9e1cb57e2 <unknown>\n#17 0x55a9e1cc560c <unknown>\n#18 0x7fe166de3134 <unknown>\n\n","statusTrace":"  File \"/usr/local/lib/python3.11/site-packages/allure_commons/_allure.py\", line 192, in impl\n    return func(*a, **kw)\n           ^^^^^^^^^^^^^^\n  File \"/app/pages/item_page.py\", line 40, in add_item_to_cart\n    self.find_element(self._add_item).click()\n    ^^^^^^^^^^^^^^^^^^^^^^^^^^^^^^^^^\n  File \"/app/base/seleniumbase.py\", line 17, in find_element\n    return self.driver.find_element(*locator)\n           ^^^^^^^^^^^^^^^^^^^^^^^^^^^^^^^^^^\n  File \"/usr/local/lib/python3.11/site-packages/selenium/webdriver/remote/webdriver.py\", line 739, in find_element\n    return self.execute(Command.FIND_ELEMENT, {\"using\": by, \"value\": value})[\"value\"]\n           ^^^^^^^^^^^^^^^^^^^^^^^^^^^^^^^^^^^^^^^^^^^^^^^^^^^^^^^^^^^^^^^^^\n  File \"/usr/local/lib/python3.11/site-packages/selenium/webdriver/remote/webdriver.py\", line 345, in execute\n    self.error_handler.check_response(response)\n  File \"/usr/local/lib/python3.11/site-packages/selenium/webdriver/remote/errorhandler.py\", line 229, in check_response\n    raise exception_class(message, screen, stacktrace)\n","steps":[],"attachments":[],"parameters":[{"name":"amount","value":"149"}],"shouldDisplayMessage":true,"stepsCount":0,"attachmentsCount":0,"hasContent":true,"attachmentStep":false}],"attachments":[{"uid":"e19dc548b2e943ce","name":"Screenshot","source":"e19dc548b2e943ce.png","type":"image/png","size":46834},{"uid":"34a29df6849626ea","name":"HTML source","source":"34a29df6849626ea.html","type":"text/html","size":133701}],"parameters":[],"shouldDisplayMessage":true,"stepsCount":1,"attachmentsCount":2,"hasContent":true,"attachmentStep":false},"afterStages":[{"name":"setup::0","time":{"start":1724634137037,"stop":1724634137037,"duration":0},"status":"passed","steps":[],"attachments":[],"parameters":[],"shouldDisplayMessage":false,"stepsCount":0,"attachmentsCount":0,"hasContent":false,"attachmentStep":false},{"name":"driver::0","time":{"start":1724634137037,"stop":1724634137103,"duration":66},"status":"passed","steps":[],"attachments":[],"parameters":[],"shouldDisplayMessage":false,"stepsCount":0,"attachmentsCount":0,"hasContent":false,"attachmentStep":false}],"labels":[{"name":"epic","value":"Delivery Page - calculation"},{"name":"tag","value":"smoke_test"},{"name":"tag","value":"@pytest.mark.xfail"},{"name":"parentSuite","value":"tests.delivery"},{"name":"suite","value":"test_delivery_calculation"},{"name":"subSuite","value":"TestDeliveryPageCalculation"},{"name":"host","value":"87a8522766fc"},{"name":"thread","value":"1-MainThread"},{"name":"framework","value":"pytest"},{"name":"language","value":"cpython3"},{"name":"package","value":"tests.delivery.test_delivery_calculation"},{"name":"resultFormat","value":"allure2"}],"parameters":[{"name":"all_time","value":"4490"},{"name":"amount","value":"149"},{"name":"case_id","value":"'TD 008'"},{"name":"in_time","value":"3980"},{"name":"link_item","value":"'products/shtukaturka-gipsovaya-aksolit-m50-30-kg-mashinnogo-naneseniya'"},{"name":"standard","value":"2300"},{"name":"url","value":"'https://sandboxtest.stroyrem-nn.ru/'"},{"name":"weight","value":"4500"}],"links":[],"hidden":false,"retry":false,"extra":{"severity":"normal","retries":[],"categories":[],"history":{"statistic":{"failed":0,"broken":0,"skipped":88,"passed":0,"unknown":0,"total":88},"items":[{"uid":"feb503de79907851","reportUrl":"https://Nat754.github.io/StroyremAutomation/410//#testresult/feb503de79907851","status":"skipped","statusDetails":"XFAIL\n\nselenium.common.exceptions.NoSuchElementException: Message: no such element: Unable to locate element: {\"method\":\"xpath\",\"selector\":\"(//a[@class='add-to-cart yellow-btn'])[1]\"}\n  (Session info: chrome=128.0.6613.84); For documentation on this error, please visit: https://www.selenium.dev/documentation/webdriver/troubleshooting/errors#no-such-element-exception\nStacktrace:\n#0 0x5639add2481a <unknown>\n#1 0x5639ad9f2e50 <unknown>\n#2 0x5639ada42644 <unknown>\n#3 0x5639ada42931 <unknown>\n#4 0x5639ada88534 <unknown>\n#5 0x5639ada674bd <unknown>\n#6 0x5639ada859c6 <unknown>\n#7 0x5639ada67233 <unknown>\n#8 0x5639ada35093 <unknown>\n#9 0x5639ada3609e <unknown>\n#10 0x5639adceba7b <unknown>\n#11 0x5639adcefa31 <unknown>\n#12 0x5639adcd7645 <unknown>\n#13 0x5639adcf05a2 <unknown>\n#14 0x5639adcbc81f <unknown>\n#15 0x5639add13618 <unknown>\n#16 0x5639add137e2 <unknown>\n#17 0x5639add2360c <unknown>\n#18 0x7fea6b69d134 <unknown>","time":{"start":1724548010052,"stop":1724548010398,"duration":346}},{"uid":"14fb86fee6ab1a53","reportUrl":"https://Nat754.github.io/StroyremAutomation/409//#testresult/14fb86fee6ab1a53","status":"skipped","statusDetails":"XFAIL\n\nselenium.common.exceptions.NoSuchElementException: Message: no such element: Unable to locate element: {\"method\":\"xpath\",\"selector\":\"(//a[@class='add-to-cart yellow-btn'])[1]\"}\n  (Session info: chrome=128.0.6613.84); For documentation on this error, please visit: https://www.selenium.dev/documentation/webdriver/troubleshooting/errors#no-such-element-exception\nStacktrace:\n#0 0x56368770181a <unknown>\n#1 0x5636873cfe50 <unknown>\n#2 0x56368741f644 <unknown>\n#3 0x56368741f931 <unknown>\n#4 0x563687465534 <unknown>\n#5 0x5636874444bd <unknown>\n#6 0x5636874629c6 <unknown>\n#7 0x563687444233 <unknown>\n#8 0x563687412093 <unknown>\n#9 0x56368741309e <unknown>\n#10 0x5636876c8a7b <unknown>\n#11 0x5636876cca31 <unknown>\n#12 0x5636876b4645 <unknown>\n#13 0x5636876cd5a2 <unknown>\n#14 0x56368769981f <unknown>\n#15 0x5636876f0618 <unknown>\n#16 0x5636876f07e2 <unknown>\n#17 0x56368770060c <unknown>\n#18 0x7f9e6b720134 <unknown>","time":{"start":1724461241511,"stop":1724461241991,"duration":480}},{"uid":"a2590a8206616560","reportUrl":"https://Nat754.github.io/StroyremAutomation/407//#testresult/a2590a8206616560","status":"skipped","statusDetails":"XFAIL\n\nselenium.common.exceptions.NoSuchElementException: Message: no such element: Unable to locate element: {\"method\":\"xpath\",\"selector\":\"(//a[@class='add-to-cart yellow-btn'])[1]\"}\n  (Session info: chrome=128.0.6613.84); For documentation on this error, please visit: https://www.selenium.dev/documentation/webdriver/troubleshooting/errors#no-such-element-exception\nStacktrace:\n#0 0x55c7bce2881a <unknown>\n#1 0x55c7bcaf6e50 <unknown>\n#2 0x55c7bcb46644 <unknown>\n#3 0x55c7bcb46931 <unknown>\n#4 0x55c7bcb8c534 <unknown>\n#5 0x55c7bcb6b4bd <unknown>\n#6 0x55c7bcb899c6 <unknown>\n#7 0x55c7bcb6b233 <unknown>\n#8 0x55c7bcb39093 <unknown>\n#9 0x55c7bcb3a09e <unknown>\n#10 0x55c7bcdefa7b <unknown>\n#11 0x55c7bcdf3a31 <unknown>\n#12 0x55c7bcddb645 <unknown>\n#13 0x55c7bcdf45a2 <unknown>\n#14 0x55c7bcdc081f <unknown>\n#15 0x55c7bce17618 <unknown>\n#16 0x55c7bce177e2 <unknown>\n#17 0x55c7bce2760c <unknown>\n#18 0x7f3f4a406134 <unknown>","time":{"start":1724288557445,"stop":1724288557933,"duration":488}},{"uid":"537c0cf4a550d6f9","reportUrl":"https://Nat754.github.io/StroyremAutomation/406//#testresult/537c0cf4a550d6f9","status":"skipped","statusDetails":"XFAIL\n\nselenium.common.exceptions.NoSuchElementException: Message: no such element: Unable to locate element: {\"method\":\"xpath\",\"selector\":\"(//a[@class='add-to-cart yellow-btn'])[1]\"}\n  (Session info: chrome-headless-shell=127.0.6533.119); For documentation on this error, please visit: https://www.selenium.dev/documentation/webdriver/troubleshooting/errors#no-such-element-exception\nStacktrace:\n#0 0x56448cd076ca <unknown>\n#1 0x56448c9d8600 <unknown>\n#2 0x56448ca27bcb <unknown>\n#3 0x56448ca27eb1 <unknown>\n#4 0x56448ca6bb24 <unknown>\n#5 0x56448ca4a8cd <unknown>\n#6 0x56448ca6904a <unknown>\n#7 0x56448ca4a643 <unknown>\n#8 0x56448ca1ad31 <unknown>\n#9 0x56448ca1b79e <unknown>\n#10 0x56448cccf25b <unknown>\n#11 0x56448ccd31f2 <unknown>\n#12 0x56448ccbc615 <unknown>\n#13 0x56448ccd3d82 <unknown>\n#14 0x56448cca125f <unknown>\n#15 0x56448ccf6e68 <unknown>\n#16 0x56448ccf7040 <unknown>\n#17 0x56448cd0649c <unknown>\n#18 0x7f690422e134 <unknown>","time":{"start":1724202123049,"stop":1724202123487,"duration":438}},{"uid":"d1d5ce164235efcb","reportUrl":"https://Nat754.github.io/StroyremAutomation/405//#testresult/d1d5ce164235efcb","status":"skipped","statusDetails":"XFAIL\n\nselenium.common.exceptions.NoSuchElementException: Message: no such element: Unable to locate element: {\"method\":\"xpath\",\"selector\":\"(//a[@class='add-to-cart yellow-btn'])[1]\"}\n  (Session info: chrome-headless-shell=127.0.6533.119); For documentation on this error, please visit: https://www.selenium.dev/documentation/webdriver/troubleshooting/errors#no-such-element-exception\nStacktrace:\n#0 0x55b77207f6ca <unknown>\n#1 0x55b771d50600 <unknown>\n#2 0x55b771d9fbcb <unknown>\n#3 0x55b771d9feb1 <unknown>\n#4 0x55b771de3b24 <unknown>\n#5 0x55b771dc28cd <unknown>\n#6 0x55b771de104a <unknown>\n#7 0x55b771dc2643 <unknown>\n#8 0x55b771d92d31 <unknown>\n#9 0x55b771d9379e <unknown>\n#10 0x55b77204725b <unknown>\n#11 0x55b77204b1f2 <unknown>\n#12 0x55b772034615 <unknown>\n#13 0x55b77204bd82 <unknown>\n#14 0x55b77201925f <unknown>\n#15 0x55b77206ee68 <unknown>\n#16 0x55b77206f040 <unknown>\n#17 0x55b77207e49c <unknown>\n#18 0x7f1cd27b9134 <unknown>","time":{"start":1724115726067,"stop":1724115726904,"duration":837}},{"uid":"44555e3963bd50d4","reportUrl":"https://Nat754.github.io/StroyremAutomation/404//#testresult/44555e3963bd50d4","status":"skipped","statusDetails":"XFAIL\n\nselenium.common.exceptions.NoSuchElementException: Message: no such element: Unable to locate element: {\"method\":\"xpath\",\"selector\":\"(//a[@class='add-to-cart yellow-btn'])[1]\"}\n  (Session info: chrome-headless-shell=127.0.6533.119); For documentation on this error, please visit: https://www.selenium.dev/documentation/webdriver/troubleshooting/errors#no-such-element-exception\nStacktrace:\n#0 0x55879e9c56ca <unknown>\n#1 0x55879e696600 <unknown>\n#2 0x55879e6e5bcb <unknown>\n#3 0x55879e6e5eb1 <unknown>\n#4 0x55879e729b24 <unknown>\n#5 0x55879e7088cd <unknown>\n#6 0x55879e72704a <unknown>\n#7 0x55879e708643 <unknown>\n#8 0x55879e6d8d31 <unknown>\n#9 0x55879e6d979e <unknown>\n#10 0x55879e98d25b <unknown>\n#11 0x55879e9911f2 <unknown>\n#12 0x55879e97a615 <unknown>\n#13 0x55879e991d82 <unknown>\n#14 0x55879e95f25f <unknown>\n#15 0x55879e9b4e68 <unknown>\n#16 0x55879e9b5040 <unknown>\n#17 0x55879e9c449c <unknown>\n#18 0x7ff02f331134 <unknown>","time":{"start":1724029306806,"stop":1724029307342,"duration":536}},{"uid":"cac9a1a3035ae014","reportUrl":"https://Nat754.github.io/StroyremAutomation/403//#testresult/cac9a1a3035ae014","status":"skipped","statusDetails":"XFAIL\n\nselenium.common.exceptions.NoSuchElementException: Message: no such element: Unable to locate element: {\"method\":\"xpath\",\"selector\":\"(//a[@class='add-to-cart yellow-btn'])[1]\"}\n  (Session info: chrome-headless-shell=127.0.6533.119); For documentation on this error, please visit: https://www.selenium.dev/documentation/webdriver/troubleshooting/errors#no-such-element-exception\nStacktrace:\n#0 0x56471c7976ca <unknown>\n#1 0x56471c468600 <unknown>\n#2 0x56471c4b7bcb <unknown>\n#3 0x56471c4b7eb1 <unknown>\n#4 0x56471c4fbb24 <unknown>\n#5 0x56471c4da8cd <unknown>\n#6 0x56471c4f904a <unknown>\n#7 0x56471c4da643 <unknown>\n#8 0x56471c4aad31 <unknown>\n#9 0x56471c4ab79e <unknown>\n#10 0x56471c75f25b <unknown>\n#11 0x56471c7631f2 <unknown>\n#12 0x56471c74c615 <unknown>\n#13 0x56471c763d82 <unknown>\n#14 0x56471c73125f <unknown>\n#15 0x56471c786e68 <unknown>\n#16 0x56471c787040 <unknown>\n#17 0x56471c79649c <unknown>\n#18 0x7f98cc41d134 <unknown>","time":{"start":1723943112801,"stop":1723943113137,"duration":336}},{"uid":"baf469783ffc30ea","reportUrl":"https://Nat754.github.io/StroyremAutomation/402//#testresult/baf469783ffc30ea","status":"skipped","statusDetails":"XFAIL\n\nselenium.common.exceptions.NoSuchElementException: Message: no such element: Unable to locate element: {\"method\":\"xpath\",\"selector\":\"(//a[@class='add-to-cart yellow-btn'])[1]\"}\n  (Session info: chrome-headless-shell=127.0.6533.119); For documentation on this error, please visit: https://www.selenium.dev/documentation/webdriver/troubleshooting/errors#no-such-element-exception\nStacktrace:\n#0 0x55810121a6ca <unknown>\n#1 0x558100eeb600 <unknown>\n#2 0x558100f3abcb <unknown>\n#3 0x558100f3aeb1 <unknown>\n#4 0x558100f7eb24 <unknown>\n#5 0x558100f5d8cd <unknown>\n#6 0x558100f7c04a <unknown>\n#7 0x558100f5d643 <unknown>\n#8 0x558100f2dd31 <unknown>\n#9 0x558100f2e79e <unknown>\n#10 0x5581011e225b <unknown>\n#11 0x5581011e61f2 <unknown>\n#12 0x5581011cf615 <unknown>\n#13 0x5581011e6d82 <unknown>\n#14 0x5581011b425f <unknown>\n#15 0x558101209e68 <unknown>\n#16 0x55810120a040 <unknown>\n#17 0x55810121949c <unknown>\n#18 0x7f3df4bbf134 <unknown>","time":{"start":1723856356977,"stop":1723856357556,"duration":579}},{"uid":"aa0f8f6308112505","reportUrl":"https://Nat754.github.io/StroyremAutomation/401//#testresult/aa0f8f6308112505","status":"skipped","statusDetails":"XFAIL\n\nselenium.common.exceptions.NoSuchElementException: Message: no such element: Unable to locate element: {\"method\":\"xpath\",\"selector\":\"(//a[@class='add-to-cart yellow-btn'])[1]\"}\n  (Session info: chrome-headless-shell=127.0.6533.119); For documentation on this error, please visit: https://www.selenium.dev/documentation/webdriver/troubleshooting/errors#no-such-element-exception\nStacktrace:\n#0 0x5645072256ca <unknown>\n#1 0x564506ef6600 <unknown>\n#2 0x564506f45bcb <unknown>\n#3 0x564506f45eb1 <unknown>\n#4 0x564506f89b24 <unknown>\n#5 0x564506f688cd <unknown>\n#6 0x564506f8704a <unknown>\n#7 0x564506f68643 <unknown>\n#8 0x564506f38d31 <unknown>\n#9 0x564506f3979e <unknown>\n#10 0x5645071ed25b <unknown>\n#11 0x5645071f11f2 <unknown>\n#12 0x5645071da615 <unknown>\n#13 0x5645071f1d82 <unknown>\n#14 0x5645071bf25f <unknown>\n#15 0x564507214e68 <unknown>\n#16 0x564507215040 <unknown>\n#17 0x56450722449c <unknown>\n#18 0x7fbd73868134 <unknown>","time":{"start":1723770065509,"stop":1723770065841,"duration":332}},{"uid":"898130e20dbe6162","reportUrl":"https://Nat754.github.io/StroyremAutomation/400//#testresult/898130e20dbe6162","status":"skipped","statusDetails":"XFAIL\n\nselenium.common.exceptions.NoSuchElementException: Message: no such element: Unable to locate element: {\"method\":\"xpath\",\"selector\":\"(//a[@class='add-to-cart yellow-btn'])[1]\"}\n  (Session info: chrome-headless-shell=127.0.6533.119); For documentation on this error, please visit: https://www.selenium.dev/documentation/webdriver/troubleshooting/errors#no-such-element-exception\nStacktrace:\n#0 0x55a6f4ee26ca <unknown>\n#1 0x55a6f4bb3600 <unknown>\n#2 0x55a6f4c02bcb <unknown>\n#3 0x55a6f4c02eb1 <unknown>\n#4 0x55a6f4c46b24 <unknown>\n#5 0x55a6f4c258cd <unknown>\n#6 0x55a6f4c4404a <unknown>\n#7 0x55a6f4c25643 <unknown>\n#8 0x55a6f4bf5d31 <unknown>\n#9 0x55a6f4bf679e <unknown>\n#10 0x55a6f4eaa25b <unknown>\n#11 0x55a6f4eae1f2 <unknown>\n#12 0x55a6f4e97615 <unknown>\n#13 0x55a6f4eaed82 <unknown>\n#14 0x55a6f4e7c25f <unknown>\n#15 0x55a6f4ed1e68 <unknown>\n#16 0x55a6f4ed2040 <unknown>\n#17 0x55a6f4ee149c <unknown>\n#18 0x7fd10b67e134 <unknown>","time":{"start":1723683552101,"stop":1723683552577,"duration":476}},{"uid":"8dcaa25fc554de90","reportUrl":"https://Nat754.github.io/StroyremAutomation/399//#testresult/8dcaa25fc554de90","status":"skipped","statusDetails":"XFAIL\n\nselenium.common.exceptions.NoSuchElementException: Message: no such element: Unable to locate element: {\"method\":\"xpath\",\"selector\":\"(//a[@class='add-to-cart yellow-btn'])[1]\"}\n  (Session info: chrome-headless-shell=127.0.6533.119); For documentation on this error, please visit: https://www.selenium.dev/documentation/webdriver/troubleshooting/errors#no-such-element-exception\nStacktrace:\n#0 0x5650510706ca <unknown>\n#1 0x565050d41600 <unknown>\n#2 0x565050d90bcb <unknown>\n#3 0x565050d90eb1 <unknown>\n#4 0x565050dd4b24 <unknown>\n#5 0x565050db38cd <unknown>\n#6 0x565050dd204a <unknown>\n#7 0x565050db3643 <unknown>\n#8 0x565050d83d31 <unknown>\n#9 0x565050d8479e <unknown>\n#10 0x56505103825b <unknown>\n#11 0x56505103c1f2 <unknown>\n#12 0x565051025615 <unknown>\n#13 0x56505103cd82 <unknown>\n#14 0x56505100a25f <unknown>\n#15 0x56505105fe68 <unknown>\n#16 0x565051060040 <unknown>\n#17 0x56505106f49c <unknown>\n#18 0x7f8138772134 <unknown>","time":{"start":1723597282922,"stop":1723597283343,"duration":421}},{"uid":"318b5fb86dbc920a","reportUrl":"https://Nat754.github.io/StroyremAutomation/398//#testresult/318b5fb86dbc920a","status":"skipped","statusDetails":"XFAIL\n\nselenium.common.exceptions.NoSuchElementException: Message: no such element: Unable to locate element: {\"method\":\"xpath\",\"selector\":\"(//a[@class='add-to-cart yellow-btn'])[1]\"}\n  (Session info: chrome-headless-shell=127.0.6533.99); For documentation on this error, please visit: https://www.selenium.dev/documentation/webdriver/troubleshooting/errors#no-such-element-exception\nStacktrace:\n#0 0x564a08db26aa <unknown>\n#1 0x564a08a83600 <unknown>\n#2 0x564a08ad2bcb <unknown>\n#3 0x564a08ad2eb1 <unknown>\n#4 0x564a08b16b24 <unknown>\n#5 0x564a08af58cd <unknown>\n#6 0x564a08b1404a <unknown>\n#7 0x564a08af5643 <unknown>\n#8 0x564a08ac5d31 <unknown>\n#9 0x564a08ac679e <unknown>\n#10 0x564a08d7a23b <unknown>\n#11 0x564a08d7e1d2 <unknown>\n#12 0x564a08d675f5 <unknown>\n#13 0x564a08d7ed62 <unknown>\n#14 0x564a08d4c23f <unknown>\n#15 0x564a08da1e48 <unknown>\n#16 0x564a08da2020 <unknown>\n#17 0x564a08db147c <unknown>\n#18 0x7f1fc5fb0134 <unknown>","time":{"start":1723510982395,"stop":1723510982814,"duration":419}},{"uid":"47e4d6244588497","reportUrl":"https://Nat754.github.io/StroyremAutomation/397//#testresult/47e4d6244588497","status":"skipped","statusDetails":"XFAIL\n\nselenium.common.exceptions.NoSuchElementException: Message: no such element: Unable to locate element: {\"method\":\"xpath\",\"selector\":\"(//a[@class='add-to-cart yellow-btn'])[1]\"}\n  (Session info: chrome-headless-shell=127.0.6533.99); For documentation on this error, please visit: https://www.selenium.dev/documentation/webdriver/troubleshooting/errors#no-such-element-exception\nStacktrace:\n#0 0x55ad2dfd56aa <unknown>\n#1 0x55ad2dca6600 <unknown>\n#2 0x55ad2dcf5bcb <unknown>\n#3 0x55ad2dcf5eb1 <unknown>\n#4 0x55ad2dd39b24 <unknown>\n#5 0x55ad2dd188cd <unknown>\n#6 0x55ad2dd3704a <unknown>\n#7 0x55ad2dd18643 <unknown>\n#8 0x55ad2dce8d31 <unknown>\n#9 0x55ad2dce979e <unknown>\n#10 0x55ad2df9d23b <unknown>\n#11 0x55ad2dfa11d2 <unknown>\n#12 0x55ad2df8a5f5 <unknown>\n#13 0x55ad2dfa1d62 <unknown>\n#14 0x55ad2df6f23f <unknown>\n#15 0x55ad2dfc4e48 <unknown>\n#16 0x55ad2dfc5020 <unknown>\n#17 0x55ad2dfd447c <unknown>\n#18 0x7f587b5b8134 <unknown>","time":{"start":1723424611131,"stop":1723424611586,"duration":455}},{"uid":"3a252fa82a36b6fe","reportUrl":"https://Nat754.github.io/StroyremAutomation/396//#testresult/3a252fa82a36b6fe","status":"skipped","statusDetails":"XFAIL\n\nselenium.common.exceptions.NoSuchElementException: Message: no such element: Unable to locate element: {\"method\":\"xpath\",\"selector\":\"(//a[@class='add-to-cart yellow-btn'])[1]\"}\n  (Session info: chrome-headless-shell=127.0.6533.99); For documentation on this error, please visit: https://www.selenium.dev/documentation/webdriver/troubleshooting/errors#no-such-element-exception\nStacktrace:\n#0 0x5604a6fe26aa <unknown>\n#1 0x5604a6cb3600 <unknown>\n#2 0x5604a6d02bcb <unknown>\n#3 0x5604a6d02eb1 <unknown>\n#4 0x5604a6d46b24 <unknown>\n#5 0x5604a6d258cd <unknown>\n#6 0x5604a6d4404a <unknown>\n#7 0x5604a6d25643 <unknown>\n#8 0x5604a6cf5d31 <unknown>\n#9 0x5604a6cf679e <unknown>\n#10 0x5604a6faa23b <unknown>\n#11 0x5604a6fae1d2 <unknown>\n#12 0x5604a6f975f5 <unknown>\n#13 0x5604a6faed62 <unknown>\n#14 0x5604a6f7c23f <unknown>\n#15 0x5604a6fd1e48 <unknown>\n#16 0x5604a6fd2020 <unknown>\n#17 0x5604a6fe147c <unknown>\n#18 0x7f9420354134 <unknown>","time":{"start":1723338416044,"stop":1723338417166,"duration":1122}},{"uid":"dc856033253813e8","reportUrl":"https://Nat754.github.io/StroyremAutomation/395//#testresult/dc856033253813e8","status":"skipped","statusDetails":"XFAIL\n\nselenium.common.exceptions.NoSuchElementException: Message: no such element: Unable to locate element: {\"method\":\"xpath\",\"selector\":\"(//a[@class='add-to-cart yellow-btn'])[1]\"}\n  (Session info: chrome-headless-shell=127.0.6533.99); For documentation on this error, please visit: https://www.selenium.dev/documentation/webdriver/troubleshooting/errors#no-such-element-exception\nStacktrace:\n#0 0x55da712a36aa <unknown>\n#1 0x55da70f74600 <unknown>\n#2 0x55da70fc3bcb <unknown>\n#3 0x55da70fc3eb1 <unknown>\n#4 0x55da71007b24 <unknown>\n#5 0x55da70fe68cd <unknown>\n#6 0x55da7100504a <unknown>\n#7 0x55da70fe6643 <unknown>\n#8 0x55da70fb6d31 <unknown>\n#9 0x55da70fb779e <unknown>\n#10 0x55da7126b23b <unknown>\n#11 0x55da7126f1d2 <unknown>\n#12 0x55da712585f5 <unknown>\n#13 0x55da7126fd62 <unknown>\n#14 0x55da7123d23f <unknown>\n#15 0x55da71292e48 <unknown>\n#16 0x55da71293020 <unknown>\n#17 0x55da712a247c <unknown>\n#18 0x7f526fa6b134 <unknown>","time":{"start":1723251649085,"stop":1723251649636,"duration":551}},{"uid":"6a2e895e14afe84b","reportUrl":"https://Nat754.github.io/StroyremAutomation/394//#testresult/6a2e895e14afe84b","status":"skipped","statusDetails":"XFAIL\n\nselenium.common.exceptions.NoSuchElementException: Message: no such element: Unable to locate element: {\"method\":\"xpath\",\"selector\":\"(//a[@class='add-to-cart yellow-btn'])[1]\"}\n  (Session info: chrome-headless-shell=127.0.6533.99); For documentation on this error, please visit: https://www.selenium.dev/documentation/webdriver/troubleshooting/errors#no-such-element-exception\nStacktrace:\n#0 0x55701b1976aa <unknown>\n#1 0x55701ae68600 <unknown>\n#2 0x55701aeb7bcb <unknown>\n#3 0x55701aeb7eb1 <unknown>\n#4 0x55701aefbb24 <unknown>\n#5 0x55701aeda8cd <unknown>\n#6 0x55701aef904a <unknown>\n#7 0x55701aeda643 <unknown>\n#8 0x55701aeaad31 <unknown>\n#9 0x55701aeab79e <unknown>\n#10 0x55701b15f23b <unknown>\n#11 0x55701b1631d2 <unknown>\n#12 0x55701b14c5f5 <unknown>\n#13 0x55701b163d62 <unknown>\n#14 0x55701b13123f <unknown>\n#15 0x55701b186e48 <unknown>\n#16 0x55701b187020 <unknown>\n#17 0x55701b19647c <unknown>\n#18 0x7ffbbef72134 <unknown>","time":{"start":1723165314956,"stop":1723165315362,"duration":406}},{"uid":"19dc297d43d0f590","reportUrl":"https://Nat754.github.io/StroyremAutomation/393//#testresult/19dc297d43d0f590","status":"skipped","statusDetails":"XFAIL\n\nselenium.common.exceptions.NoSuchElementException: Message: no such element: Unable to locate element: {\"method\":\"xpath\",\"selector\":\"(//a[@class='add-to-cart yellow-btn'])[1]\"}\n  (Session info: chrome-headless-shell=127.0.6533.99); For documentation on this error, please visit: https://www.selenium.dev/documentation/webdriver/troubleshooting/errors#no-such-element-exception\nStacktrace:\n#0 0x558170b656aa <unknown>\n#1 0x558170836600 <unknown>\n#2 0x558170885bcb <unknown>\n#3 0x558170885eb1 <unknown>\n#4 0x5581708c9b24 <unknown>\n#5 0x5581708a88cd <unknown>\n#6 0x5581708c704a <unknown>\n#7 0x5581708a8643 <unknown>\n#8 0x558170878d31 <unknown>\n#9 0x55817087979e <unknown>\n#10 0x558170b2d23b <unknown>\n#11 0x558170b311d2 <unknown>\n#12 0x558170b1a5f5 <unknown>\n#13 0x558170b31d62 <unknown>\n#14 0x558170aff23f <unknown>\n#15 0x558170b54e48 <unknown>\n#16 0x558170b55020 <unknown>\n#17 0x558170b6447c <unknown>\n#18 0x7fcdb3e55134 <unknown>","time":{"start":1723078888045,"stop":1723078888346,"duration":301}},{"uid":"77960ca73e591c60","reportUrl":"https://Nat754.github.io/StroyremAutomation/392//#testresult/77960ca73e591c60","status":"skipped","statusDetails":"XFAIL\n\nselenium.common.exceptions.NoSuchElementException: Message: no such element: Unable to locate element: {\"method\":\"xpath\",\"selector\":\"(//a[@class='add-to-cart yellow-btn'])[1]\"}\n  (Session info: chrome-headless-shell=127.0.6533.99); For documentation on this error, please visit: https://www.selenium.dev/documentation/webdriver/troubleshooting/errors#no-such-element-exception\nStacktrace:\n#0 0x5634cd6206aa <unknown>\n#1 0x5634cd2f1600 <unknown>\n#2 0x5634cd340bcb <unknown>\n#3 0x5634cd340eb1 <unknown>\n#4 0x5634cd384b24 <unknown>\n#5 0x5634cd3638cd <unknown>\n#6 0x5634cd38204a <unknown>\n#7 0x5634cd363643 <unknown>\n#8 0x5634cd333d31 <unknown>\n#9 0x5634cd33479e <unknown>\n#10 0x5634cd5e823b <unknown>\n#11 0x5634cd5ec1d2 <unknown>\n#12 0x5634cd5d55f5 <unknown>\n#13 0x5634cd5ecd62 <unknown>\n#14 0x5634cd5ba23f <unknown>\n#15 0x5634cd60fe48 <unknown>\n#16 0x5634cd610020 <unknown>\n#17 0x5634cd61f47c <unknown>\n#18 0x7fa3768f6134 <unknown>","time":{"start":1722992538354,"stop":1722992538713,"duration":359}},{"uid":"de66972d0331f910","reportUrl":"https://Nat754.github.io/StroyremAutomation/391//#testresult/de66972d0331f910","status":"skipped","statusDetails":"XFAIL\n\nselenium.common.exceptions.NoSuchElementException: Message: no such element: Unable to locate element: {\"method\":\"xpath\",\"selector\":\"(//a[@class='add-to-cart yellow-btn'])[1]\"}\n  (Session info: chrome-headless-shell=127.0.6533.88); For documentation on this error, please visit: https://www.selenium.dev/documentation/webdriver/troubleshooting/errors#no-such-element-exception\nStacktrace:\n#0 0x5646bab6071a <unknown>\n#1 0x5646ba831640 <unknown>\n#2 0x5646ba880c0b <unknown>\n#3 0x5646ba880ef1 <unknown>\n#4 0x5646ba8c4b64 <unknown>\n#5 0x5646ba8a390d <unknown>\n#6 0x5646ba8c208a <unknown>\n#7 0x5646ba8a3683 <unknown>\n#8 0x5646ba873d71 <unknown>\n#9 0x5646ba8747de <unknown>\n#10 0x5646bab282ab <unknown>\n#11 0x5646bab2c242 <unknown>\n#12 0x5646bab15665 <unknown>\n#13 0x5646bab2cdd2 <unknown>\n#14 0x5646baafa2af <unknown>\n#15 0x5646bab4feb8 <unknown>\n#16 0x5646bab50090 <unknown>\n#17 0x5646bab5f4ec <unknown>\n#18 0x7f85fba8a134 <unknown>","time":{"start":1722906054155,"stop":1722906054787,"duration":632}},{"uid":"9bbc3d72199288c4","reportUrl":"https://Nat754.github.io/StroyremAutomation/390//#testresult/9bbc3d72199288c4","status":"skipped","statusDetails":"XFAIL\n\nselenium.common.exceptions.NoSuchElementException: Message: no such element: Unable to locate element: {\"method\":\"xpath\",\"selector\":\"(//a[@class='add-to-cart yellow-btn'])[1]\"}\n  (Session info: chrome-headless-shell=127.0.6533.88); For documentation on this error, please visit: https://www.selenium.dev/documentation/webdriver/troubleshooting/errors#no-such-element-exception\nStacktrace:\n#0 0x558055ee771a <unknown>\n#1 0x558055bb8640 <unknown>\n#2 0x558055c07c0b <unknown>\n#3 0x558055c07ef1 <unknown>\n#4 0x558055c4bb64 <unknown>\n#5 0x558055c2a90d <unknown>\n#6 0x558055c4908a <unknown>\n#7 0x558055c2a683 <unknown>\n#8 0x558055bfad71 <unknown>\n#9 0x558055bfb7de <unknown>\n#10 0x558055eaf2ab <unknown>\n#11 0x558055eb3242 <unknown>\n#12 0x558055e9c665 <unknown>\n#13 0x558055eb3dd2 <unknown>\n#14 0x558055e812af <unknown>\n#15 0x558055ed6eb8 <unknown>\n#16 0x558055ed7090 <unknown>\n#17 0x558055ee64ec <unknown>\n#18 0x7fa8c3a76134 <unknown>","time":{"start":1722819762706,"stop":1722819763005,"duration":299}}]},"tags":["@pytest.mark.xfail","smoke_test"]},"source":"d1d973a6cb4e8c21.json","parameterValues":["4490","149","'TD 008'","3980","'products/shtukaturka-gipsovaya-aksolit-m50-30-kg-mashinnogo-naneseniya'","2300","'https://sandboxtest.stroyrem-nn.ru/'","4500"]}