{"uid":"9edd97b32719f943","name":"TD 027 Доставка товара весом до 20000кг. в синей зоне","fullName":"tests.delivery.test_delivery_calculation.TestDeliveryPageCalculation#test_positive_delivery_blue_zone_smoke","historyId":"49062b7c5da85eb347f6307a3580a7f1","time":{"start":1720400472095,"stop":1720400472395,"duration":300},"status":"skipped","statusMessage":"XFAIL\n\nselenium.common.exceptions.NoSuchElementException: Message: no such element: Unable to locate element: {\"method\":\"xpath\",\"selector\":\"(//a[@class='add-to-cart yellow-btn'])[1]\"}\n  (Session info: chrome-headless-shell=126.0.6478.126); For documentation on this error, please visit: https://www.selenium.dev/documentation/webdriver/troubleshooting/errors#no-such-element-exception\nStacktrace:\n#0 0x55e5282c7c7a <unknown>\n#1 0x55e527faae2c <unknown>\n#2 0x55e527ff7661 <unknown>\n#3 0x55e527ff7751 <unknown>\n#4 0x55e52803bf64 <unknown>\n#5 0x55e52801a5ed <unknown>\n#6 0x55e528039303 <unknown>\n#7 0x55e52801a363 <unknown>\n#8 0x55e527fea247 <unknown>\n#9 0x55e527feab9e <unknown>\n#10 0x55e52828e24b <unknown>\n#11 0x55e5282922f1 <unknown>\n#12 0x55e528279afe <unknown>\n#13 0x55e528292e52 <unknown>\n#14 0x55e52825e79f <unknown>\n#15 0x55e5282b7638 <unknown>\n#16 0x55e5282b7810 <unknown>\n#17 0x55e5282c6dac <unknown>\n#18 0x7f20bf027134 <unknown>","statusTrace":"self = <tests.delivery.test_delivery_calculation.TestDeliveryPageCalculation object at 0x7fae7d180d10>\ndriver = <selenium.webdriver.chrome.webdriver.WebDriver (session=\"50186dccfc4524643d83c3b23d1b58e4\")>\nurl = 'https://sandboxtest.stroyrem-nn.ru/', case_id = 'TD 027'\nlink_item = 'products/shtukaturka-gipsovaya-aksolit-m50-30-kg-mashinnogo-naneseniya'\namount = 666, weight = 20000, standard = 14000, in_time = 16900\nall_time = 23900\n\n    @pytest.mark.parametrize('case_id, link_item, amount, weight, standard, in_time, all_time', [\n        (\"TD 015\", bundeks_25, 1, 30, 650, 2390, 3320),\n        pytest.param(\n            \"TD 016\", aksolit_30, 8, 300, 650, 2390, 3320,\n            marks=pytest.mark.xfail(reson=\"Цена доставки: - - -\")\n        ),\n        (\"TD 017\", aksolit_30, 13, 400, 650, 2390, 3320),\n        (\"TD 018\", aksolit_30, 16, 500, 850, 2490, 3320),\n        (\"TD 019\", aksolit_30, 25, 1700, 1150, 2490, 3320),\n        (\"TD 020\", aksolit_30, 66, 2000, 1500, 2990, 3650),\n        (\"TD 021\", aksolit_30, 149, 4500, 2600, 4380, 4890),\n        (\"TD 022\", aksolit_30, 166, 5000, 2800, 5490, 5980),\n        pytest.param(\n            \"TD 023\", aksolit_30, 206, 6200, 3300, 7500, 8000,\n            marks=pytest.mark.xfail(reson=\"Цена доставки: 4300 9900 11440\")\n        ),\n        (\"TD 024\", aksolit_30, 299, 9000, 4300, 9900, 11440),\n        (\"TD 025\", aksolit_30, 333, 10000, 7000, 13900, 15900),\n        pytest.param(\n            \"TD 026\", aksolit_30, 366, 11000, 8000, 14900, 19900,\n            marks=pytest.mark.xfail(reson=\"Цена доставки: 7000 13900 15900\")\n        ),\n        pytest.param(\n            \"TD 027\", aksolit_30, 666, 20000, 14000, 16900, 23900,\n            marks=pytest.mark.xfail(reson=\"Цена доставки: 7000 13900 15900\")\n        )\n    ])\n    @pytest.mark.xfail\n    @pytest.mark.smoke_test\n    def test_positive_delivery_blue_zone_smoke(\n            self, driver, url, case_id, link_item, amount, weight, standard, in_time, all_time\n    ):\n        allure.dynamic.title(f\"{case_id} Доставка товара весом до {weight}кг. в синей зоне\")\n    \n        driver.get(f'{url}{link_item}')\n        item_page = ItemPage(driver)\n>       item_page.add_item_to_cart(amount).click_on_cart()\n\ntests/delivery/test_delivery_calculation.py:132: \n_ _ _ _ _ _ _ _ _ _ _ _ _ _ _ _ _ _ _ _ _ _ _ _ _ _ _ _ _ _ _ _ _ _ _ _ _ _ _ _ \npages/item_page.py:40: in add_item_to_cart\n    self.find_element(self._add_item).click()\nbase/seleniumbase.py:17: in find_element\n    return self.driver.find_element(*locator)\n/usr/local/lib/python3.11/site-packages/selenium/webdriver/remote/webdriver.py:739: in find_element\n    return self.execute(Command.FIND_ELEMENT, {\"using\": by, \"value\": value})[\"value\"]\n/usr/local/lib/python3.11/site-packages/selenium/webdriver/remote/webdriver.py:345: in execute\n    self.error_handler.check_response(response)\n_ _ _ _ _ _ _ _ _ _ _ _ _ _ _ _ _ _ _ _ _ _ _ _ _ _ _ _ _ _ _ _ _ _ _ _ _ _ _ _ \n\nself = <selenium.webdriver.remote.errorhandler.ErrorHandler object at 0x7fae7bf66550>\nresponse = {'status': 404, 'value': '{\"value\":{\"error\":\"no such element\",\"message\":\"no such element: Unable to locate element: {\\...\\\\n#16 0x55e5282b7810 \\\\u003Cunknown>\\\\n#17 0x55e5282c6dac \\\\u003Cunknown>\\\\n#18 0x7f20bf027134 \\\\u003Cunknown>\\\\n\"}}'}\n\n    def check_response(self, response: Dict[str, Any]) -> None:\n        \"\"\"Checks that a JSON response from the WebDriver does not have an\n        error.\n    \n        :Args:\n         - response - The JSON response from the WebDriver server as a dictionary\n           object.\n    \n        :Raises: If the response contains an error message.\n        \"\"\"\n        status = response.get(\"status\", None)\n        if not status or status == ErrorCode.SUCCESS:\n            return\n        value = None\n        message = response.get(\"message\", \"\")\n        screen: str = response.get(\"screen\", \"\")\n        stacktrace = None\n        if isinstance(status, int):\n            value_json = response.get(\"value\", None)\n            if value_json and isinstance(value_json, str):\n                import json\n    \n                try:\n                    value = json.loads(value_json)\n                    if len(value) == 1:\n                        value = value[\"value\"]\n                    status = value.get(\"error\", None)\n                    if not status:\n                        status = value.get(\"status\", ErrorCode.UNKNOWN_ERROR)\n                        message = value.get(\"value\") or value.get(\"message\")\n                        if not isinstance(message, str):\n                            value = message\n                            message = message.get(\"message\")\n                    else:\n                        message = value.get(\"message\", None)\n                except ValueError:\n                    pass\n    \n        exception_class: Type[WebDriverException]\n        e = ErrorCode()\n        error_codes = [item for item in dir(e) if not item.startswith(\"__\")]\n        for error_code in error_codes:\n            error_info = getattr(ErrorCode, error_code)\n            if isinstance(error_info, list) and status in error_info:\n                exception_class = getattr(ExceptionMapping, error_code, WebDriverException)\n                break\n        else:\n            exception_class = WebDriverException\n    \n        if not value:\n            value = response[\"value\"]\n        if isinstance(value, str):\n            raise exception_class(value)\n        if message == \"\" and \"message\" in value:\n            message = value[\"message\"]\n    \n        screen = None  # type: ignore[assignment]\n        if \"screen\" in value:\n            screen = value[\"screen\"]\n    \n        stacktrace = None\n        st_value = value.get(\"stackTrace\") or value.get(\"stacktrace\")\n        if st_value:\n            if isinstance(st_value, str):\n                stacktrace = st_value.split(\"\\n\")\n            else:\n                stacktrace = []\n                try:\n                    for frame in st_value:\n                        line = frame.get(\"lineNumber\", \"\")\n                        file = frame.get(\"fileName\", \"<anonymous>\")\n                        if line:\n                            file = f\"{file}:{line}\"\n                        meth = frame.get(\"methodName\", \"<anonymous>\")\n                        if \"className\" in frame:\n                            meth = f\"{frame['className']}.{meth}\"\n                        msg = \"    at %s (%s)\"\n                        msg = msg % (meth, file)\n                        stacktrace.append(msg)\n                except TypeError:\n                    pass\n        if exception_class == UnexpectedAlertPresentException:\n            alert_text = None\n            if \"data\" in value:\n                alert_text = value[\"data\"].get(\"text\")\n            elif \"alert\" in value:\n                alert_text = value[\"alert\"].get(\"text\")\n            raise exception_class(message, screen, stacktrace, alert_text)  # type: ignore[call-arg]  # mypy is not smart enough here\n>       raise exception_class(message, screen, stacktrace)\nE       selenium.common.exceptions.NoSuchElementException: Message: no such element: Unable to locate element: {\"method\":\"xpath\",\"selector\":\"(//a[@class='add-to-cart yellow-btn'])[1]\"}\nE         (Session info: chrome-headless-shell=126.0.6478.126); For documentation on this error, please visit: https://www.selenium.dev/documentation/webdriver/troubleshooting/errors#no-such-element-exception\nE       Stacktrace:\nE       #0 0x55e5282c7c7a <unknown>\nE       #1 0x55e527faae2c <unknown>\nE       #2 0x55e527ff7661 <unknown>\nE       #3 0x55e527ff7751 <unknown>\nE       #4 0x55e52803bf64 <unknown>\nE       #5 0x55e52801a5ed <unknown>\nE       #6 0x55e528039303 <unknown>\nE       #7 0x55e52801a363 <unknown>\nE       #8 0x55e527fea247 <unknown>\nE       #9 0x55e527feab9e <unknown>\nE       #10 0x55e52828e24b <unknown>\nE       #11 0x55e5282922f1 <unknown>\nE       #12 0x55e528279afe <unknown>\nE       #13 0x55e528292e52 <unknown>\nE       #14 0x55e52825e79f <unknown>\nE       #15 0x55e5282b7638 <unknown>\nE       #16 0x55e5282b7810 <unknown>\nE       #17 0x55e5282c6dac <unknown>\nE       #18 0x7f20bf027134 <unknown>\n\n/usr/local/lib/python3.11/site-packages/selenium/webdriver/remote/errorhandler.py:229: NoSuchElementException","flaky":false,"newFailed":false,"newBroken":false,"newPassed":false,"retriesCount":0,"retriesStatusChange":false,"beforeStages":[{"name":"_session_faker","time":{"start":1720400209079,"stop":1720400209147,"duration":68},"status":"passed","steps":[],"attachments":[],"parameters":[],"shouldDisplayMessage":false,"stepsCount":0,"attachmentsCount":0,"hasContent":false,"attachmentStep":false},{"name":"clear_allure_results_folder","time":{"start":1720400209147,"stop":1720400209147,"duration":0},"status":"passed","steps":[],"attachments":[],"parameters":[],"shouldDisplayMessage":false,"stepsCount":0,"attachmentsCount":0,"hasContent":false,"attachmentStep":false},{"name":"driver","time":{"start":1720400471401,"stop":1720400472094,"duration":693},"status":"passed","steps":[],"attachments":[],"parameters":[],"shouldDisplayMessage":false,"stepsCount":0,"attachmentsCount":0,"hasContent":false,"attachmentStep":false},{"name":"setup","time":{"start":1720400472094,"stop":1720400472094,"duration":0},"status":"passed","steps":[],"attachments":[],"parameters":[],"shouldDisplayMessage":false,"stepsCount":0,"attachmentsCount":0,"hasContent":false,"attachmentStep":false}],"testStage":{"status":"skipped","statusMessage":"XFAIL\n\nselenium.common.exceptions.NoSuchElementException: Message: no such element: Unable to locate element: {\"method\":\"xpath\",\"selector\":\"(//a[@class='add-to-cart yellow-btn'])[1]\"}\n  (Session info: chrome-headless-shell=126.0.6478.126); For documentation on this error, please visit: https://www.selenium.dev/documentation/webdriver/troubleshooting/errors#no-such-element-exception\nStacktrace:\n#0 0x55e5282c7c7a <unknown>\n#1 0x55e527faae2c <unknown>\n#2 0x55e527ff7661 <unknown>\n#3 0x55e527ff7751 <unknown>\n#4 0x55e52803bf64 <unknown>\n#5 0x55e52801a5ed <unknown>\n#6 0x55e528039303 <unknown>\n#7 0x55e52801a363 <unknown>\n#8 0x55e527fea247 <unknown>\n#9 0x55e527feab9e <unknown>\n#10 0x55e52828e24b <unknown>\n#11 0x55e5282922f1 <unknown>\n#12 0x55e528279afe <unknown>\n#13 0x55e528292e52 <unknown>\n#14 0x55e52825e79f <unknown>\n#15 0x55e5282b7638 <unknown>\n#16 0x55e5282b7810 <unknown>\n#17 0x55e5282c6dac <unknown>\n#18 0x7f20bf027134 <unknown>","statusTrace":"self = <tests.delivery.test_delivery_calculation.TestDeliveryPageCalculation object at 0x7fae7d180d10>\ndriver = <selenium.webdriver.chrome.webdriver.WebDriver (session=\"50186dccfc4524643d83c3b23d1b58e4\")>\nurl = 'https://sandboxtest.stroyrem-nn.ru/', case_id = 'TD 027'\nlink_item = 'products/shtukaturka-gipsovaya-aksolit-m50-30-kg-mashinnogo-naneseniya'\namount = 666, weight = 20000, standard = 14000, in_time = 16900\nall_time = 23900\n\n    @pytest.mark.parametrize('case_id, link_item, amount, weight, standard, in_time, all_time', [\n        (\"TD 015\", bundeks_25, 1, 30, 650, 2390, 3320),\n        pytest.param(\n            \"TD 016\", aksolit_30, 8, 300, 650, 2390, 3320,\n            marks=pytest.mark.xfail(reson=\"Цена доставки: - - -\")\n        ),\n        (\"TD 017\", aksolit_30, 13, 400, 650, 2390, 3320),\n        (\"TD 018\", aksolit_30, 16, 500, 850, 2490, 3320),\n        (\"TD 019\", aksolit_30, 25, 1700, 1150, 2490, 3320),\n        (\"TD 020\", aksolit_30, 66, 2000, 1500, 2990, 3650),\n        (\"TD 021\", aksolit_30, 149, 4500, 2600, 4380, 4890),\n        (\"TD 022\", aksolit_30, 166, 5000, 2800, 5490, 5980),\n        pytest.param(\n            \"TD 023\", aksolit_30, 206, 6200, 3300, 7500, 8000,\n            marks=pytest.mark.xfail(reson=\"Цена доставки: 4300 9900 11440\")\n        ),\n        (\"TD 024\", aksolit_30, 299, 9000, 4300, 9900, 11440),\n        (\"TD 025\", aksolit_30, 333, 10000, 7000, 13900, 15900),\n        pytest.param(\n            \"TD 026\", aksolit_30, 366, 11000, 8000, 14900, 19900,\n            marks=pytest.mark.xfail(reson=\"Цена доставки: 7000 13900 15900\")\n        ),\n        pytest.param(\n            \"TD 027\", aksolit_30, 666, 20000, 14000, 16900, 23900,\n            marks=pytest.mark.xfail(reson=\"Цена доставки: 7000 13900 15900\")\n        )\n    ])\n    @pytest.mark.xfail\n    @pytest.mark.smoke_test\n    def test_positive_delivery_blue_zone_smoke(\n            self, driver, url, case_id, link_item, amount, weight, standard, in_time, all_time\n    ):\n        allure.dynamic.title(f\"{case_id} Доставка товара весом до {weight}кг. в синей зоне\")\n    \n        driver.get(f'{url}{link_item}')\n        item_page = ItemPage(driver)\n>       item_page.add_item_to_cart(amount).click_on_cart()\n\ntests/delivery/test_delivery_calculation.py:132: \n_ _ _ _ _ _ _ _ _ _ _ _ _ _ _ _ _ _ _ _ _ _ _ _ _ _ _ _ _ _ _ _ _ _ _ _ _ _ _ _ \npages/item_page.py:40: in add_item_to_cart\n    self.find_element(self._add_item).click()\nbase/seleniumbase.py:17: in find_element\n    return self.driver.find_element(*locator)\n/usr/local/lib/python3.11/site-packages/selenium/webdriver/remote/webdriver.py:739: in find_element\n    return self.execute(Command.FIND_ELEMENT, {\"using\": by, \"value\": value})[\"value\"]\n/usr/local/lib/python3.11/site-packages/selenium/webdriver/remote/webdriver.py:345: in execute\n    self.error_handler.check_response(response)\n_ _ _ _ _ _ _ _ _ _ _ _ _ _ _ _ _ _ _ _ _ _ _ _ _ _ _ _ _ _ _ _ _ _ _ _ _ _ _ _ \n\nself = <selenium.webdriver.remote.errorhandler.ErrorHandler object at 0x7fae7bf66550>\nresponse = {'status': 404, 'value': '{\"value\":{\"error\":\"no such element\",\"message\":\"no such element: Unable to locate element: {\\...\\\\n#16 0x55e5282b7810 \\\\u003Cunknown>\\\\n#17 0x55e5282c6dac \\\\u003Cunknown>\\\\n#18 0x7f20bf027134 \\\\u003Cunknown>\\\\n\"}}'}\n\n    def check_response(self, response: Dict[str, Any]) -> None:\n        \"\"\"Checks that a JSON response from the WebDriver does not have an\n        error.\n    \n        :Args:\n         - response - The JSON response from the WebDriver server as a dictionary\n           object.\n    \n        :Raises: If the response contains an error message.\n        \"\"\"\n        status = response.get(\"status\", None)\n        if not status or status == ErrorCode.SUCCESS:\n            return\n        value = None\n        message = response.get(\"message\", \"\")\n        screen: str = response.get(\"screen\", \"\")\n        stacktrace = None\n        if isinstance(status, int):\n            value_json = response.get(\"value\", None)\n            if value_json and isinstance(value_json, str):\n                import json\n    \n                try:\n                    value = json.loads(value_json)\n                    if len(value) == 1:\n                        value = value[\"value\"]\n                    status = value.get(\"error\", None)\n                    if not status:\n                        status = value.get(\"status\", ErrorCode.UNKNOWN_ERROR)\n                        message = value.get(\"value\") or value.get(\"message\")\n                        if not isinstance(message, str):\n                            value = message\n                            message = message.get(\"message\")\n                    else:\n                        message = value.get(\"message\", None)\n                except ValueError:\n                    pass\n    \n        exception_class: Type[WebDriverException]\n        e = ErrorCode()\n        error_codes = [item for item in dir(e) if not item.startswith(\"__\")]\n        for error_code in error_codes:\n            error_info = getattr(ErrorCode, error_code)\n            if isinstance(error_info, list) and status in error_info:\n                exception_class = getattr(ExceptionMapping, error_code, WebDriverException)\n                break\n        else:\n            exception_class = WebDriverException\n    \n        if not value:\n            value = response[\"value\"]\n        if isinstance(value, str):\n            raise exception_class(value)\n        if message == \"\" and \"message\" in value:\n            message = value[\"message\"]\n    \n        screen = None  # type: ignore[assignment]\n        if \"screen\" in value:\n            screen = value[\"screen\"]\n    \n        stacktrace = None\n        st_value = value.get(\"stackTrace\") or value.get(\"stacktrace\")\n        if st_value:\n            if isinstance(st_value, str):\n                stacktrace = st_value.split(\"\\n\")\n            else:\n                stacktrace = []\n                try:\n                    for frame in st_value:\n                        line = frame.get(\"lineNumber\", \"\")\n                        file = frame.get(\"fileName\", \"<anonymous>\")\n                        if line:\n                            file = f\"{file}:{line}\"\n                        meth = frame.get(\"methodName\", \"<anonymous>\")\n                        if \"className\" in frame:\n                            meth = f\"{frame['className']}.{meth}\"\n                        msg = \"    at %s (%s)\"\n                        msg = msg % (meth, file)\n                        stacktrace.append(msg)\n                except TypeError:\n                    pass\n        if exception_class == UnexpectedAlertPresentException:\n            alert_text = None\n            if \"data\" in value:\n                alert_text = value[\"data\"].get(\"text\")\n            elif \"alert\" in value:\n                alert_text = value[\"alert\"].get(\"text\")\n            raise exception_class(message, screen, stacktrace, alert_text)  # type: ignore[call-arg]  # mypy is not smart enough here\n>       raise exception_class(message, screen, stacktrace)\nE       selenium.common.exceptions.NoSuchElementException: Message: no such element: Unable to locate element: {\"method\":\"xpath\",\"selector\":\"(//a[@class='add-to-cart yellow-btn'])[1]\"}\nE         (Session info: chrome-headless-shell=126.0.6478.126); For documentation on this error, please visit: https://www.selenium.dev/documentation/webdriver/troubleshooting/errors#no-such-element-exception\nE       Stacktrace:\nE       #0 0x55e5282c7c7a <unknown>\nE       #1 0x55e527faae2c <unknown>\nE       #2 0x55e527ff7661 <unknown>\nE       #3 0x55e527ff7751 <unknown>\nE       #4 0x55e52803bf64 <unknown>\nE       #5 0x55e52801a5ed <unknown>\nE       #6 0x55e528039303 <unknown>\nE       #7 0x55e52801a363 <unknown>\nE       #8 0x55e527fea247 <unknown>\nE       #9 0x55e527feab9e <unknown>\nE       #10 0x55e52828e24b <unknown>\nE       #11 0x55e5282922f1 <unknown>\nE       #12 0x55e528279afe <unknown>\nE       #13 0x55e528292e52 <unknown>\nE       #14 0x55e52825e79f <unknown>\nE       #15 0x55e5282b7638 <unknown>\nE       #16 0x55e5282b7810 <unknown>\nE       #17 0x55e5282c6dac <unknown>\nE       #18 0x7f20bf027134 <unknown>\n\n/usr/local/lib/python3.11/site-packages/selenium/webdriver/remote/errorhandler.py:229: NoSuchElementException","steps":[{"name":"Добавляем товар в корзину в количестве 666","time":{"start":1720400472379,"stop":1720400472395,"duration":16},"status":"broken","statusMessage":"selenium.common.exceptions.NoSuchElementException: Message: no such element: Unable to locate element: {\"method\":\"xpath\",\"selector\":\"(//a[@class='add-to-cart yellow-btn'])[1]\"}\n  (Session info: chrome-headless-shell=126.0.6478.126); For documentation on this error, please visit: https://www.selenium.dev/documentation/webdriver/troubleshooting/errors#no-such-element-exception\nStacktrace:\n#0 0x55e5282c7c7a <unknown>\n#1 0x55e527faae2c <unknown>\n#2 0x55e527ff7661 <unknown>\n#3 0x55e527ff7751 <unknown>\n#4 0x55e52803bf64 <unknown>\n#5 0x55e52801a5ed <unknown>\n#6 0x55e528039303 <unknown>\n#7 0x55e52801a363 <unknown>\n#8 0x55e527fea247 <unknown>\n#9 0x55e527feab9e <unknown>\n#10 0x55e52828e24b <unknown>\n#11 0x55e5282922f1 <unknown>\n#12 0x55e528279afe <unknown>\n#13 0x55e528292e52 <unknown>\n#14 0x55e52825e79f <unknown>\n#15 0x55e5282b7638 <unknown>\n#16 0x55e5282b7810 <unknown>\n#17 0x55e5282c6dac <unknown>\n#18 0x7f20bf027134 <unknown>\n\n","statusTrace":"  File \"/usr/local/lib/python3.11/site-packages/allure_commons/_allure.py\", line 192, in impl\n    return func(*a, **kw)\n           ^^^^^^^^^^^^^^\n  File \"/app/pages/item_page.py\", line 40, in add_item_to_cart\n    self.find_element(self._add_item).click()\n    ^^^^^^^^^^^^^^^^^^^^^^^^^^^^^^^^^\n  File \"/app/base/seleniumbase.py\", line 17, in find_element\n    return self.driver.find_element(*locator)\n           ^^^^^^^^^^^^^^^^^^^^^^^^^^^^^^^^^^\n  File \"/usr/local/lib/python3.11/site-packages/selenium/webdriver/remote/webdriver.py\", line 739, in find_element\n    return self.execute(Command.FIND_ELEMENT, {\"using\": by, \"value\": value})[\"value\"]\n           ^^^^^^^^^^^^^^^^^^^^^^^^^^^^^^^^^^^^^^^^^^^^^^^^^^^^^^^^^^^^^^^^^\n  File \"/usr/local/lib/python3.11/site-packages/selenium/webdriver/remote/webdriver.py\", line 345, in execute\n    self.error_handler.check_response(response)\n  File \"/usr/local/lib/python3.11/site-packages/selenium/webdriver/remote/errorhandler.py\", line 229, in check_response\n    raise exception_class(message, screen, stacktrace)\n","steps":[],"attachments":[],"parameters":[{"name":"amount","value":"666"}],"shouldDisplayMessage":true,"stepsCount":0,"attachmentsCount":0,"hasContent":true,"attachmentStep":false}],"attachments":[{"uid":"6d5c2e55ac9dd0e3","name":"Screenshot","source":"6d5c2e55ac9dd0e3.png","type":"image/png","size":4720},{"uid":"f2d893e14652b943","name":"HTML source","source":"f2d893e14652b943.html","type":"text/html","size":39}],"parameters":[],"shouldDisplayMessage":true,"stepsCount":1,"attachmentsCount":2,"hasContent":true,"attachmentStep":false},"afterStages":[{"name":"driver::0","time":{"start":1720400472491,"stop":1720400472551,"duration":60},"status":"passed","steps":[],"attachments":[],"parameters":[],"shouldDisplayMessage":false,"stepsCount":0,"attachmentsCount":0,"hasContent":false,"attachmentStep":false},{"name":"setup::0","time":{"start":1720400472491,"stop":1720400472491,"duration":0},"status":"passed","steps":[],"attachments":[],"parameters":[],"shouldDisplayMessage":false,"stepsCount":0,"attachmentsCount":0,"hasContent":false,"attachmentStep":false}],"labels":[{"name":"epic","value":"Delivery Page - calculation"},{"name":"tag","value":"smoke_test"},{"name":"tag","value":"@pytest.mark.xfail"},{"name":"parentSuite","value":"tests.delivery"},{"name":"suite","value":"test_delivery_calculation"},{"name":"subSuite","value":"TestDeliveryPageCalculation"},{"name":"host","value":"7d51a5b0af21"},{"name":"thread","value":"1-MainThread"},{"name":"framework","value":"pytest"},{"name":"language","value":"cpython3"},{"name":"package","value":"tests.delivery.test_delivery_calculation"},{"name":"resultFormat","value":"allure2"}],"parameters":[{"name":"all_time","value":"23900"},{"name":"amount","value":"666"},{"name":"case_id","value":"'TD 027'"},{"name":"in_time","value":"16900"},{"name":"link_item","value":"'products/shtukaturka-gipsovaya-aksolit-m50-30-kg-mashinnogo-naneseniya'"},{"name":"standard","value":"14000"},{"name":"url","value":"'https://sandboxtest.stroyrem-nn.ru/'"},{"name":"weight","value":"20000"}],"links":[],"hidden":false,"retry":false,"extra":{"severity":"normal","retries":[],"categories":[],"history":{"statistic":{"failed":0,"broken":0,"skipped":40,"passed":0,"unknown":0,"total":40},"items":[{"uid":"a9e23ff59a63613b","reportUrl":"https://Nat754.github.io/StroyremAutomation/361//#testresult/a9e23ff59a63613b","status":"skipped","statusDetails":"XFAIL\n\nselenium.common.exceptions.NoSuchElementException: Message: no such element: Unable to locate element: {\"method\":\"xpath\",\"selector\":\"(//a[@class='add-to-cart yellow-btn'])[1]\"}\n  (Session info: chrome-headless-shell=126.0.6478.126); For documentation on this error, please visit: https://www.selenium.dev/documentation/webdriver/troubleshooting/errors#no-such-element-exception\nStacktrace:\n#0 0x556b9fad6c7a <unknown>\n#1 0x556b9f7b9e2c <unknown>\n#2 0x556b9f806661 <unknown>\n#3 0x556b9f806751 <unknown>\n#4 0x556b9f84af64 <unknown>\n#5 0x556b9f8295ed <unknown>\n#6 0x556b9f848303 <unknown>\n#7 0x556b9f829363 <unknown>\n#8 0x556b9f7f9247 <unknown>\n#9 0x556b9f7f9b9e <unknown>\n#10 0x556b9fa9d24b <unknown>\n#11 0x556b9faa12f1 <unknown>\n#12 0x556b9fa88afe <unknown>\n#13 0x556b9faa1e52 <unknown>\n#14 0x556b9fa6d79f <unknown>\n#15 0x556b9fac6638 <unknown>\n#16 0x556b9fac6810 <unknown>\n#17 0x556b9fad5dac <unknown>\n#18 0x7f46c685a134 <unknown>","time":{"start":1720314233082,"stop":1720314233490,"duration":408}},{"uid":"499f6cc482133dbd","reportUrl":"https://Nat754.github.io/StroyremAutomation/360//#testresult/499f6cc482133dbd","status":"skipped","statusDetails":"XFAIL\n\nselenium.common.exceptions.NoSuchElementException: Message: no such element: Unable to locate element: {\"method\":\"xpath\",\"selector\":\"(//a[@class='add-to-cart yellow-btn'])[1]\"}\n  (Session info: chrome-headless-shell=126.0.6478.126); For documentation on this error, please visit: https://www.selenium.dev/documentation/webdriver/troubleshooting/errors#no-such-element-exception\nStacktrace:\n#0 0x565499722c7a <unknown>\n#1 0x565499405e2c <unknown>\n#2 0x565499452661 <unknown>\n#3 0x565499452751 <unknown>\n#4 0x565499496f64 <unknown>\n#5 0x5654994755ed <unknown>\n#6 0x565499494303 <unknown>\n#7 0x565499475363 <unknown>\n#8 0x565499445247 <unknown>\n#9 0x565499445b9e <unknown>\n#10 0x5654996e924b <unknown>\n#11 0x5654996ed2f1 <unknown>\n#12 0x5654996d4afe <unknown>\n#13 0x5654996ede52 <unknown>\n#14 0x5654996b979f <unknown>\n#15 0x565499712638 <unknown>\n#16 0x565499712810 <unknown>\n#17 0x565499721dac <unknown>\n#18 0x7f4141bca134 <unknown>","time":{"start":1720227497474,"stop":1720227497804,"duration":330}},{"uid":"cc29d76d84bf03f1","reportUrl":"https://Nat754.github.io/StroyremAutomation/359//#testresult/cc29d76d84bf03f1","status":"skipped","statusDetails":"XFAIL\n\nselenium.common.exceptions.NoSuchElementException: Message: no such element: Unable to locate element: {\"method\":\"xpath\",\"selector\":\"(//a[@class='add-to-cart yellow-btn'])[1]\"}\n  (Session info: chrome-headless-shell=126.0.6478.126); For documentation on this error, please visit: https://www.selenium.dev/documentation/webdriver/troubleshooting/errors#no-such-element-exception\nStacktrace:\n#0 0x55b37a415c7a <unknown>\n#1 0x55b37a0f8e2c <unknown>\n#2 0x55b37a145661 <unknown>\n#3 0x55b37a145751 <unknown>\n#4 0x55b37a189f64 <unknown>\n#5 0x55b37a1685ed <unknown>\n#6 0x55b37a187303 <unknown>\n#7 0x55b37a168363 <unknown>\n#8 0x55b37a138247 <unknown>\n#9 0x55b37a138b9e <unknown>\n#10 0x55b37a3dc24b <unknown>\n#11 0x55b37a3e02f1 <unknown>\n#12 0x55b37a3c7afe <unknown>\n#13 0x55b37a3e0e52 <unknown>\n#14 0x55b37a3ac79f <unknown>\n#15 0x55b37a405638 <unknown>\n#16 0x55b37a405810 <unknown>\n#17 0x55b37a414dac <unknown>\n#18 0x7ff81c92f134 <unknown>","time":{"start":1720141133153,"stop":1720141133455,"duration":302}},{"uid":"45588a43d571800d","reportUrl":"https://Nat754.github.io/StroyremAutomation/358//#testresult/45588a43d571800d","status":"skipped","statusDetails":"XFAIL\n\nselenium.common.exceptions.NoSuchElementException: Message: no such element: Unable to locate element: {\"method\":\"xpath\",\"selector\":\"(//a[@class='add-to-cart yellow-btn'])[1]\"}\n  (Session info: chrome-headless-shell=126.0.6478.126); For documentation on this error, please visit: https://www.selenium.dev/documentation/webdriver/troubleshooting/errors#no-such-element-exception\nStacktrace:\n#0 0x55757afd2c7a <unknown>\n#1 0x55757acb5e2c <unknown>\n#2 0x55757ad02661 <unknown>\n#3 0x55757ad02751 <unknown>\n#4 0x55757ad46f64 <unknown>\n#5 0x55757ad255ed <unknown>\n#6 0x55757ad44303 <unknown>\n#7 0x55757ad25363 <unknown>\n#8 0x55757acf5247 <unknown>\n#9 0x55757acf5b9e <unknown>\n#10 0x55757af9924b <unknown>\n#11 0x55757af9d2f1 <unknown>\n#12 0x55757af84afe <unknown>\n#13 0x55757af9de52 <unknown>\n#14 0x55757af6979f <unknown>\n#15 0x55757afc2638 <unknown>\n#16 0x55757afc2810 <unknown>\n#17 0x55757afd1dac <unknown>\n#18 0x7f3a51a53134 <unknown>","time":{"start":1720054762464,"stop":1720054762797,"duration":333}},{"uid":"59ac201ae033132d","reportUrl":"https://Nat754.github.io/StroyremAutomation/357//#testresult/59ac201ae033132d","status":"skipped","statusDetails":"XFAIL\n\nselenium.common.exceptions.NoSuchElementException: Message: no such element: Unable to locate element: {\"method\":\"xpath\",\"selector\":\"(//a[@class='add-to-cart yellow-btn'])[1]\"}\n  (Session info: chrome-headless-shell=126.0.6478.126); For documentation on this error, please visit: https://www.selenium.dev/documentation/webdriver/troubleshooting/errors#no-such-element-exception\nStacktrace:\n#0 0x561fdbef1c7a <unknown>\n#1 0x561fdbbd4e2c <unknown>\n#2 0x561fdbc21661 <unknown>\n#3 0x561fdbc21751 <unknown>\n#4 0x561fdbc65f64 <unknown>\n#5 0x561fdbc445ed <unknown>\n#6 0x561fdbc63303 <unknown>\n#7 0x561fdbc44363 <unknown>\n#8 0x561fdbc14247 <unknown>\n#9 0x561fdbc14b9e <unknown>\n#10 0x561fdbeb824b <unknown>\n#11 0x561fdbebc2f1 <unknown>\n#12 0x561fdbea3afe <unknown>\n#13 0x561fdbebce52 <unknown>\n#14 0x561fdbe8879f <unknown>\n#15 0x561fdbee1638 <unknown>\n#16 0x561fdbee1810 <unknown>\n#17 0x561fdbef0dac <unknown>\n#18 0x7fe96a2f7134 <unknown>","time":{"start":1719968408716,"stop":1719968409053,"duration":337}},{"uid":"5956e0863a0727dc","reportUrl":"https://Nat754.github.io/StroyremAutomation/356//#testresult/5956e0863a0727dc","status":"skipped","statusDetails":"XFAIL\n\nselenium.common.exceptions.NoSuchElementException: Message: no such element: Unable to locate element: {\"method\":\"xpath\",\"selector\":\"(//a[@class='add-to-cart yellow-btn'])[1]\"}\n  (Session info: chrome-headless-shell=126.0.6478.126); For documentation on this error, please visit: https://www.selenium.dev/documentation/webdriver/troubleshooting/errors#no-such-element-exception\nStacktrace:\n#0 0x560760a13c7a <unknown>\n#1 0x5607606f6e2c <unknown>\n#2 0x560760743661 <unknown>\n#3 0x560760743751 <unknown>\n#4 0x560760787f64 <unknown>\n#5 0x5607607665ed <unknown>\n#6 0x560760785303 <unknown>\n#7 0x560760766363 <unknown>\n#8 0x560760736247 <unknown>\n#9 0x560760736b9e <unknown>\n#10 0x5607609da24b <unknown>\n#11 0x5607609de2f1 <unknown>\n#12 0x5607609c5afe <unknown>\n#13 0x5607609dee52 <unknown>\n#14 0x5607609aa79f <unknown>\n#15 0x560760a03638 <unknown>\n#16 0x560760a03810 <unknown>\n#17 0x560760a12dac <unknown>\n#18 0x7fb5ceb44134 <unknown>","time":{"start":1719881985161,"stop":1719881985489,"duration":328}},{"uid":"700c149b0aa3d91c","reportUrl":"https://Nat754.github.io/StroyremAutomation/355//#testresult/700c149b0aa3d91c","status":"skipped","statusDetails":"XFAIL\n\nselenium.common.exceptions.NoSuchElementException: Message: no such element: Unable to locate element: {\"method\":\"xpath\",\"selector\":\"(//a[@class='add-to-cart yellow-btn'])[1]\"}\n  (Session info: chrome-headless-shell=126.0.6478.126); For documentation on this error, please visit: https://www.selenium.dev/documentation/webdriver/troubleshooting/errors#no-such-element-exception\nStacktrace:\n#0 0x55ca23d01c7a <unknown>\n#1 0x55ca239e4e2c <unknown>\n#2 0x55ca23a31661 <unknown>\n#3 0x55ca23a31751 <unknown>\n#4 0x55ca23a75f64 <unknown>\n#5 0x55ca23a545ed <unknown>\n#6 0x55ca23a73303 <unknown>\n#7 0x55ca23a54363 <unknown>\n#8 0x55ca23a24247 <unknown>\n#9 0x55ca23a24b9e <unknown>\n#10 0x55ca23cc824b <unknown>\n#11 0x55ca23ccc2f1 <unknown>\n#12 0x55ca23cb3afe <unknown>\n#13 0x55ca23ccce52 <unknown>\n#14 0x55ca23c9879f <unknown>\n#15 0x55ca23cf1638 <unknown>\n#16 0x55ca23cf1810 <unknown>\n#17 0x55ca23d00dac <unknown>\n#18 0x7f9a86488134 <unknown>","time":{"start":1719795912021,"stop":1719795912430,"duration":409}},{"uid":"8bcf66e6ccf90412","reportUrl":"https://Nat754.github.io/StroyremAutomation/354//#testresult/8bcf66e6ccf90412","status":"skipped","statusDetails":"XFAIL\n\nselenium.common.exceptions.NoSuchElementException: Message: no such element: Unable to locate element: {\"method\":\"xpath\",\"selector\":\"(//a[@class='add-to-cart yellow-btn'])[1]\"}\n  (Session info: chrome-headless-shell=126.0.6478.126); For documentation on this error, please visit: https://www.selenium.dev/documentation/webdriver/troubleshooting/errors#no-such-element-exception\nStacktrace:\n#0 0x5571f45ccc7a <unknown>\n#1 0x5571f42afe2c <unknown>\n#2 0x5571f42fc661 <unknown>\n#3 0x5571f42fc751 <unknown>\n#4 0x5571f4340f64 <unknown>\n#5 0x5571f431f5ed <unknown>\n#6 0x5571f433e303 <unknown>\n#7 0x5571f431f363 <unknown>\n#8 0x5571f42ef247 <unknown>\n#9 0x5571f42efb9e <unknown>\n#10 0x5571f459324b <unknown>\n#11 0x5571f45972f1 <unknown>\n#12 0x5571f457eafe <unknown>\n#13 0x5571f4597e52 <unknown>\n#14 0x5571f456379f <unknown>\n#15 0x5571f45bc638 <unknown>\n#16 0x5571f45bc810 <unknown>\n#17 0x5571f45cbdac <unknown>\n#18 0x7fedd7742134 <unknown>","time":{"start":1719709417280,"stop":1719709417578,"duration":298}},{"uid":"d3df5dc965135dc2","reportUrl":"https://Nat754.github.io/StroyremAutomation/353//#testresult/d3df5dc965135dc2","status":"skipped","statusDetails":"XFAIL\n\nselenium.common.exceptions.NoSuchElementException: Message: no such element: Unable to locate element: {\"method\":\"xpath\",\"selector\":\"(//a[@class='add-to-cart yellow-btn'])[1]\"}\n  (Session info: chrome-headless-shell=126.0.6478.126); For documentation on this error, please visit: https://www.selenium.dev/documentation/webdriver/troubleshooting/errors#no-such-element-exception\nStacktrace:\n#0 0x55970aa04c7a <unknown>\n#1 0x55970a6e7e2c <unknown>\n#2 0x55970a734661 <unknown>\n#3 0x55970a734751 <unknown>\n#4 0x55970a778f64 <unknown>\n#5 0x55970a7575ed <unknown>\n#6 0x55970a776303 <unknown>\n#7 0x55970a757363 <unknown>\n#8 0x55970a727247 <unknown>\n#9 0x55970a727b9e <unknown>\n#10 0x55970a9cb24b <unknown>\n#11 0x55970a9cf2f1 <unknown>\n#12 0x55970a9b6afe <unknown>\n#13 0x55970a9cfe52 <unknown>\n#14 0x55970a99b79f <unknown>\n#15 0x55970a9f4638 <unknown>\n#16 0x55970a9f4810 <unknown>\n#17 0x55970aa03dac <unknown>\n#18 0x7f79cf79f134 <unknown>","time":{"start":1719622695883,"stop":1719622696189,"duration":306}},{"uid":"b335ccd905a3e87b","reportUrl":"https://Nat754.github.io/StroyremAutomation/352//#testresult/b335ccd905a3e87b","status":"skipped","statusDetails":"XFAIL\n\nselenium.common.exceptions.NoSuchElementException: Message: no such element: Unable to locate element: {\"method\":\"xpath\",\"selector\":\"(//a[@class='add-to-cart yellow-btn'])[1]\"}\n  (Session info: chrome-headless-shell=126.0.6478.126); For documentation on this error, please visit: https://www.selenium.dev/documentation/webdriver/troubleshooting/errors#no-such-element-exception\nStacktrace:\n#0 0x558ec7061c7a <unknown>\n#1 0x558ec6d44e2c <unknown>\n#2 0x558ec6d91661 <unknown>\n#3 0x558ec6d91751 <unknown>\n#4 0x558ec6dd5f64 <unknown>\n#5 0x558ec6db45ed <unknown>\n#6 0x558ec6dd3303 <unknown>\n#7 0x558ec6db4363 <unknown>\n#8 0x558ec6d84247 <unknown>\n#9 0x558ec6d84b9e <unknown>\n#10 0x558ec702824b <unknown>\n#11 0x558ec702c2f1 <unknown>\n#12 0x558ec7013afe <unknown>\n#13 0x558ec702ce52 <unknown>\n#14 0x558ec6ff879f <unknown>\n#15 0x558ec7051638 <unknown>\n#16 0x558ec7051810 <unknown>\n#17 0x558ec7060dac <unknown>\n#18 0x7fa270d8e134 <unknown>","time":{"start":1719536378600,"stop":1719536379030,"duration":430}},{"uid":"f25de8b19367d50c","reportUrl":"https://Nat754.github.io/StroyremAutomation/351//#testresult/f25de8b19367d50c","status":"skipped","statusDetails":"XFAIL\n\nselenium.common.exceptions.NoSuchElementException: Message: no such element: Unable to locate element: {\"method\":\"xpath\",\"selector\":\"(//a[@class='add-to-cart yellow-btn'])[1]\"}\n  (Session info: chrome-headless-shell=126.0.6478.126); For documentation on this error, please visit: https://www.selenium.dev/documentation/webdriver/troubleshooting/errors#no-such-element-exception\nStacktrace:\n#0 0x55e69bf88c7a <unknown>\n#1 0x55e69bc6be2c <unknown>\n#2 0x55e69bcb8661 <unknown>\n#3 0x55e69bcb8751 <unknown>\n#4 0x55e69bcfcf64 <unknown>\n#5 0x55e69bcdb5ed <unknown>\n#6 0x55e69bcfa303 <unknown>\n#7 0x55e69bcdb363 <unknown>\n#8 0x55e69bcab247 <unknown>\n#9 0x55e69bcabb9e <unknown>\n#10 0x55e69bf4f24b <unknown>\n#11 0x55e69bf532f1 <unknown>\n#12 0x55e69bf3aafe <unknown>\n#13 0x55e69bf53e52 <unknown>\n#14 0x55e69bf1f79f <unknown>\n#15 0x55e69bf78638 <unknown>\n#16 0x55e69bf78810 <unknown>\n#17 0x55e69bf87dac <unknown>\n#18 0x7fba4e77a134 <unknown>","time":{"start":1719449968211,"stop":1719449968533,"duration":322}},{"uid":"459670b08f8c24a9","reportUrl":"https://Nat754.github.io/StroyremAutomation/350//#testresult/459670b08f8c24a9","status":"skipped","statusDetails":"XFAIL\n\nselenium.common.exceptions.NoSuchElementException: Message: no such element: Unable to locate element: {\"method\":\"xpath\",\"selector\":\"(//a[@class='add-to-cart yellow-btn'])[1]\"}\n  (Session info: chrome-headless-shell=126.0.6478.126); For documentation on this error, please visit: https://www.selenium.dev/documentation/webdriver/troubleshooting/errors#no-such-element-exception\nStacktrace:\n#0 0x5624c02e4c7a <unknown>\n#1 0x5624bffc7e2c <unknown>\n#2 0x5624c0014661 <unknown>\n#3 0x5624c0014751 <unknown>\n#4 0x5624c0058f64 <unknown>\n#5 0x5624c00375ed <unknown>\n#6 0x5624c0056303 <unknown>\n#7 0x5624c0037363 <unknown>\n#8 0x5624c0007247 <unknown>\n#9 0x5624c0007b9e <unknown>\n#10 0x5624c02ab24b <unknown>\n#11 0x5624c02af2f1 <unknown>\n#12 0x5624c0296afe <unknown>\n#13 0x5624c02afe52 <unknown>\n#14 0x5624c027b79f <unknown>\n#15 0x5624c02d4638 <unknown>\n#16 0x5624c02d4810 <unknown>\n#17 0x5624c02e3dac <unknown>\n#18 0x7f9e1214e134 <unknown>","time":{"start":1719363537218,"stop":1719363537653,"duration":435}},{"uid":"7f12884dbc4c9028","reportUrl":"https://Nat754.github.io/StroyremAutomation/349//#testresult/7f12884dbc4c9028","status":"skipped","statusDetails":"XFAIL\n\nselenium.common.exceptions.NoSuchElementException: Message: no such element: Unable to locate element: {\"method\":\"xpath\",\"selector\":\"(//a[@class='add-to-cart yellow-btn'])[1]\"}\n  (Session info: chrome-headless-shell=126.0.6478.126); For documentation on this error, please visit: https://www.selenium.dev/documentation/webdriver/troubleshooting/errors#no-such-element-exception\nStacktrace:\n#0 0x558519ea9c7a <unknown>\n#1 0x558519b8ce2c <unknown>\n#2 0x558519bd9661 <unknown>\n#3 0x558519bd9751 <unknown>\n#4 0x558519c1df64 <unknown>\n#5 0x558519bfc5ed <unknown>\n#6 0x558519c1b303 <unknown>\n#7 0x558519bfc363 <unknown>\n#8 0x558519bcc247 <unknown>\n#9 0x558519bccb9e <unknown>\n#10 0x558519e7024b <unknown>\n#11 0x558519e742f1 <unknown>\n#12 0x558519e5bafe <unknown>\n#13 0x558519e74e52 <unknown>\n#14 0x558519e4079f <unknown>\n#15 0x558519e99638 <unknown>\n#16 0x558519e99810 <unknown>\n#17 0x558519ea8dac <unknown>\n#18 0x7faf39237134 <unknown>","time":{"start":1719277175605,"stop":1719277176053,"duration":448}},{"uid":"c59796a00698dea","reportUrl":"https://Nat754.github.io/StroyremAutomation/348//#testresult/c59796a00698dea","status":"skipped","statusDetails":"XFAIL\n\nselenium.common.exceptions.NoSuchElementException: Message: no such element: Unable to locate element: {\"method\":\"xpath\",\"selector\":\"(//a[@class='add-to-cart yellow-btn'])[1]\"}\n  (Session info: chrome-headless-shell=126.0.6478.63); For documentation on this error, please visit: https://www.selenium.dev/documentation/webdriver/troubleshooting/errors#no-such-element-exception\nStacktrace:\n#0 0x55d7cabf269a <unknown>\n#1 0x55d7ca8d50dc <unknown>\n#2 0x55d7ca921931 <unknown>\n#3 0x55d7ca921a21 <unknown>\n#4 0x55d7ca966234 <unknown>\n#5 0x55d7ca94489d <unknown>\n#6 0x55d7ca9635c3 <unknown>\n#7 0x55d7ca944613 <unknown>\n#8 0x55d7ca9144f7 <unknown>\n#9 0x55d7ca914e4e <unknown>\n#10 0x55d7cabb886b <unknown>\n#11 0x55d7cabbc911 <unknown>\n#12 0x55d7caba435e <unknown>\n#13 0x55d7cabbd472 <unknown>\n#14 0x55d7cab88cbf <unknown>\n#15 0x55d7cabe2098 <unknown>\n#16 0x55d7cabe2270 <unknown>\n#17 0x55d7cabf17cc <unknown>\n#18 0x7f9ac4440134 <unknown>","time":{"start":1719190822014,"stop":1719190822374,"duration":360}},{"uid":"727d77f211d2e507","reportUrl":"https://Nat754.github.io/StroyremAutomation/347//#testresult/727d77f211d2e507","status":"skipped","statusDetails":"XFAIL\n\nselenium.common.exceptions.NoSuchElementException: Message: no such element: Unable to locate element: {\"method\":\"xpath\",\"selector\":\"(//a[@class='add-to-cart yellow-btn'])[1]\"}\n  (Session info: chrome-headless-shell=126.0.6478.63); For documentation on this error, please visit: https://www.selenium.dev/documentation/webdriver/troubleshooting/errors#no-such-element-exception\nStacktrace:\n#0 0x563ac379069a <unknown>\n#1 0x563ac34730dc <unknown>\n#2 0x563ac34bf931 <unknown>\n#3 0x563ac34bfa21 <unknown>\n#4 0x563ac3504234 <unknown>\n#5 0x563ac34e289d <unknown>\n#6 0x563ac35015c3 <unknown>\n#7 0x563ac34e2613 <unknown>\n#8 0x563ac34b24f7 <unknown>\n#9 0x563ac34b2e4e <unknown>\n#10 0x563ac375686b <unknown>\n#11 0x563ac375a911 <unknown>\n#12 0x563ac374235e <unknown>\n#13 0x563ac375b472 <unknown>\n#14 0x563ac3726cbf <unknown>\n#15 0x563ac3780098 <unknown>\n#16 0x563ac3780270 <unknown>\n#17 0x563ac378f7cc <unknown>\n#18 0x7f3b79380134 <unknown>","time":{"start":1719104563955,"stop":1719104564598,"duration":643}},{"uid":"1e84db221295ed9d","reportUrl":"https://Nat754.github.io/StroyremAutomation/346//#testresult/1e84db221295ed9d","status":"skipped","statusDetails":"XFAIL\n\nselenium.common.exceptions.NoSuchElementException: Message: no such element: Unable to locate element: {\"method\":\"xpath\",\"selector\":\"(//a[@class='add-to-cart yellow-btn'])[1]\"}\n  (Session info: chrome-headless-shell=126.0.6478.63); For documentation on this error, please visit: https://www.selenium.dev/documentation/webdriver/troubleshooting/errors#no-such-element-exception\nStacktrace:\n#0 0x55f962cad69a <unknown>\n#1 0x55f9629900dc <unknown>\n#2 0x55f9629dc931 <unknown>\n#3 0x55f9629dca21 <unknown>\n#4 0x55f962a21234 <unknown>\n#5 0x55f9629ff89d <unknown>\n#6 0x55f962a1e5c3 <unknown>\n#7 0x55f9629ff613 <unknown>\n#8 0x55f9629cf4f7 <unknown>\n#9 0x55f9629cfe4e <unknown>\n#10 0x55f962c7386b <unknown>\n#11 0x55f962c77911 <unknown>\n#12 0x55f962c5f35e <unknown>\n#13 0x55f962c78472 <unknown>\n#14 0x55f962c43cbf <unknown>\n#15 0x55f962c9d098 <unknown>\n#16 0x55f962c9d270 <unknown>\n#17 0x55f962cac7cc <unknown>\n#18 0x7f6bc4b95134 <unknown>","time":{"start":1719017901775,"stop":1719017902192,"duration":417}},{"uid":"77410585fa856b84","reportUrl":"https://Nat754.github.io/StroyremAutomation/345//#testresult/77410585fa856b84","status":"skipped","statusDetails":"XFAIL\n\nselenium.common.exceptions.NoSuchElementException: Message: no such element: Unable to locate element: {\"method\":\"xpath\",\"selector\":\"(//a[@class='add-to-cart yellow-btn'])[1]\"}\n  (Session info: chrome-headless-shell=126.0.6478.63); For documentation on this error, please visit: https://www.selenium.dev/documentation/webdriver/troubleshooting/errors#no-such-element-exception\nStacktrace:\n#0 0x55cff7ce869a <unknown>\n#1 0x55cff79cb0dc <unknown>\n#2 0x55cff7a17931 <unknown>\n#3 0x55cff7a17a21 <unknown>\n#4 0x55cff7a5c234 <unknown>\n#5 0x55cff7a3a89d <unknown>\n#6 0x55cff7a595c3 <unknown>\n#7 0x55cff7a3a613 <unknown>\n#8 0x55cff7a0a4f7 <unknown>\n#9 0x55cff7a0ae4e <unknown>\n#10 0x55cff7cae86b <unknown>\n#11 0x55cff7cb2911 <unknown>\n#12 0x55cff7c9a35e <unknown>\n#13 0x55cff7cb3472 <unknown>\n#14 0x55cff7c7ecbf <unknown>\n#15 0x55cff7cd8098 <unknown>\n#16 0x55cff7cd8270 <unknown>\n#17 0x55cff7ce77cc <unknown>\n#18 0x7f2e4531c134 <unknown>","time":{"start":1718931521501,"stop":1718931521961,"duration":460}},{"uid":"4ee0aa8d9702f909","reportUrl":"https://Nat754.github.io/StroyremAutomation/344//#testresult/4ee0aa8d9702f909","status":"skipped","statusDetails":"XFAIL\n\nselenium.common.exceptions.NoSuchElementException: Message: no such element: Unable to locate element: {\"method\":\"xpath\",\"selector\":\"(//a[@class='add-to-cart yellow-btn'])[1]\"}\n  (Session info: chrome-headless-shell=126.0.6478.62); For documentation on this error, please visit: https://www.selenium.dev/documentation/webdriver/troubleshooting/errors#no-such-element-exception\nStacktrace:\n#0 0x563b53c4f70a <unknown>\n#1 0x563b539320dc <unknown>\n#2 0x563b5397e931 <unknown>\n#3 0x563b5397ea21 <unknown>\n#4 0x563b539c3234 <unknown>\n#5 0x563b539a189d <unknown>\n#6 0x563b539c05c3 <unknown>\n#7 0x563b539a1613 <unknown>\n#8 0x563b539714f7 <unknown>\n#9 0x563b53971e4e <unknown>\n#10 0x563b53c158db <unknown>\n#11 0x563b53c19981 <unknown>\n#12 0x563b53c013ce <unknown>\n#13 0x563b53c1a4e2 <unknown>\n#14 0x563b53be5d2f <unknown>\n#15 0x563b53c3f108 <unknown>\n#16 0x563b53c3f2e0 <unknown>\n#17 0x563b53c4e83c <unknown>\n#18 0x7f1e9ff94134 <unknown>","time":{"start":1718845060478,"stop":1718845060807,"duration":329}},{"uid":"1f5b88876aceedcc","reportUrl":"https://Nat754.github.io/StroyremAutomation/343//#testresult/1f5b88876aceedcc","status":"skipped","statusDetails":"XFAIL\n\nselenium.common.exceptions.NoSuchElementException: Message: no such element: Unable to locate element: {\"method\":\"xpath\",\"selector\":\"(//a[@class='add-to-cart yellow-btn'])[1]\"}\n  (Session info: chrome-headless-shell=126.0.6478.62); For documentation on this error, please visit: https://www.selenium.dev/documentation/webdriver/troubleshooting/errors#no-such-element-exception\nStacktrace:\n#0 0x5587a8c7b70a <unknown>\n#1 0x5587a895e0dc <unknown>\n#2 0x5587a89aa931 <unknown>\n#3 0x5587a89aaa21 <unknown>\n#4 0x5587a89ef234 <unknown>\n#5 0x5587a89cd89d <unknown>\n#6 0x5587a89ec5c3 <unknown>\n#7 0x5587a89cd613 <unknown>\n#8 0x5587a899d4f7 <unknown>\n#9 0x5587a899de4e <unknown>\n#10 0x5587a8c418db <unknown>\n#11 0x5587a8c45981 <unknown>\n#12 0x5587a8c2d3ce <unknown>\n#13 0x5587a8c464e2 <unknown>\n#14 0x5587a8c11d2f <unknown>\n#15 0x5587a8c6b108 <unknown>\n#16 0x5587a8c6b2e0 <unknown>\n#17 0x5587a8c7a83c <unknown>\n#18 0x7f8e68945134 <unknown>","time":{"start":1718758795267,"stop":1718758795936,"duration":669}},{"uid":"3080e988baa38196","reportUrl":"https://Nat754.github.io/StroyremAutomation/342//#testresult/3080e988baa38196","status":"skipped","statusDetails":"XFAIL\n\nselenium.common.exceptions.NoSuchElementException: Message: no such element: Unable to locate element: {\"method\":\"xpath\",\"selector\":\"(//a[@class='add-to-cart yellow-btn'])[1]\"}\n  (Session info: chrome-headless-shell=126.0.6478.61); For documentation on this error, please visit: https://www.selenium.dev/documentation/webdriver/troubleshooting/errors#no-such-element-exception\nStacktrace:\n#0 0x561760b7a6aa <unknown>\n#1 0x56176085d0dc <unknown>\n#2 0x5617608a9931 <unknown>\n#3 0x5617608a9a21 <unknown>\n#4 0x5617608ee234 <unknown>\n#5 0x5617608cc89d <unknown>\n#6 0x5617608eb5c3 <unknown>\n#7 0x5617608cc613 <unknown>\n#8 0x56176089c4f7 <unknown>\n#9 0x56176089ce4e <unknown>\n#10 0x561760b4087b <unknown>\n#11 0x561760b44921 <unknown>\n#12 0x561760b2c36e <unknown>\n#13 0x561760b45482 <unknown>\n#14 0x561760b10ccf <unknown>\n#15 0x561760b6a0a8 <unknown>\n#16 0x561760b6a280 <unknown>\n#17 0x561760b797dc <unknown>\n#18 0x7f3b85cad134 <unknown>","time":{"start":1718672378388,"stop":1718672378840,"duration":452}}]},"tags":["@pytest.mark.xfail","smoke_test"]},"source":"9edd97b32719f943.json","parameterValues":["23900","666","'TD 027'","16900","'products/shtukaturka-gipsovaya-aksolit-m50-30-kg-mashinnogo-naneseniya'","14000","'https://sandboxtest.stroyrem-nn.ru/'","20000"]}