{"uid":"f57df2f329d1e3ae","name":"TD 016 Доставка товара весом до 300кг. в синей зоне","fullName":"tests.delivery.test_delivery_calculation.TestDeliveryPageCalculation#test_positive_delivery_blue_zone_smoke","historyId":"86358f082fd4285ea28a57c2eeb5985a","time":{"start":1720400458143,"stop":1720400458561,"duration":418},"status":"skipped","statusMessage":"XFAIL\n\nselenium.common.exceptions.NoSuchElementException: Message: no such element: Unable to locate element: {\"method\":\"xpath\",\"selector\":\"(//a[@class='add-to-cart yellow-btn'])[1]\"}\n  (Session info: chrome-headless-shell=126.0.6478.126); For documentation on this error, please visit: https://www.selenium.dev/documentation/webdriver/troubleshooting/errors#no-such-element-exception\nStacktrace:\n#0 0x5634893b9c7a <unknown>\n#1 0x56348909ce2c <unknown>\n#2 0x5634890e9661 <unknown>\n#3 0x5634890e9751 <unknown>\n#4 0x56348912df64 <unknown>\n#5 0x56348910c5ed <unknown>\n#6 0x56348912b303 <unknown>\n#7 0x56348910c363 <unknown>\n#8 0x5634890dc247 <unknown>\n#9 0x5634890dcb9e <unknown>\n#10 0x56348938024b <unknown>\n#11 0x5634893842f1 <unknown>\n#12 0x56348936bafe <unknown>\n#13 0x563489384e52 <unknown>\n#14 0x56348935079f <unknown>\n#15 0x5634893a9638 <unknown>\n#16 0x5634893a9810 <unknown>\n#17 0x5634893b8dac <unknown>\n#18 0x7f0f07ae5134 <unknown>","statusTrace":"self = <tests.delivery.test_delivery_calculation.TestDeliveryPageCalculation object at 0x7fae7d4d2c10>\ndriver = <selenium.webdriver.chrome.webdriver.WebDriver (session=\"7a2d837233300ab29ab7006721e74d6d\")>\nurl = 'https://sandboxtest.stroyrem-nn.ru/', case_id = 'TD 016'\nlink_item = 'products/shtukaturka-gipsovaya-aksolit-m50-30-kg-mashinnogo-naneseniya'\namount = 8, weight = 300, standard = 650, in_time = 2390, all_time = 3320\n\n    @pytest.mark.parametrize('case_id, link_item, amount, weight, standard, in_time, all_time', [\n        (\"TD 015\", bundeks_25, 1, 30, 650, 2390, 3320),\n        pytest.param(\n            \"TD 016\", aksolit_30, 8, 300, 650, 2390, 3320,\n            marks=pytest.mark.xfail(reson=\"Цена доставки: - - -\")\n        ),\n        (\"TD 017\", aksolit_30, 13, 400, 650, 2390, 3320),\n        (\"TD 018\", aksolit_30, 16, 500, 850, 2490, 3320),\n        (\"TD 019\", aksolit_30, 25, 1700, 1150, 2490, 3320),\n        (\"TD 020\", aksolit_30, 66, 2000, 1500, 2990, 3650),\n        (\"TD 021\", aksolit_30, 149, 4500, 2600, 4380, 4890),\n        (\"TD 022\", aksolit_30, 166, 5000, 2800, 5490, 5980),\n        pytest.param(\n            \"TD 023\", aksolit_30, 206, 6200, 3300, 7500, 8000,\n            marks=pytest.mark.xfail(reson=\"Цена доставки: 4300 9900 11440\")\n        ),\n        (\"TD 024\", aksolit_30, 299, 9000, 4300, 9900, 11440),\n        (\"TD 025\", aksolit_30, 333, 10000, 7000, 13900, 15900),\n        pytest.param(\n            \"TD 026\", aksolit_30, 366, 11000, 8000, 14900, 19900,\n            marks=pytest.mark.xfail(reson=\"Цена доставки: 7000 13900 15900\")\n        ),\n        pytest.param(\n            \"TD 027\", aksolit_30, 666, 20000, 14000, 16900, 23900,\n            marks=pytest.mark.xfail(reson=\"Цена доставки: 7000 13900 15900\")\n        )\n    ])\n    @pytest.mark.xfail\n    @pytest.mark.smoke_test\n    def test_positive_delivery_blue_zone_smoke(\n            self, driver, url, case_id, link_item, amount, weight, standard, in_time, all_time\n    ):\n        allure.dynamic.title(f\"{case_id} Доставка товара весом до {weight}кг. в синей зоне\")\n    \n        driver.get(f'{url}{link_item}')\n        item_page = ItemPage(driver)\n>       item_page.add_item_to_cart(amount).click_on_cart()\n\ntests/delivery/test_delivery_calculation.py:132: \n_ _ _ _ _ _ _ _ _ _ _ _ _ _ _ _ _ _ _ _ _ _ _ _ _ _ _ _ _ _ _ _ _ _ _ _ _ _ _ _ \npages/item_page.py:40: in add_item_to_cart\n    self.find_element(self._add_item).click()\nbase/seleniumbase.py:17: in find_element\n    return self.driver.find_element(*locator)\n/usr/local/lib/python3.11/site-packages/selenium/webdriver/remote/webdriver.py:739: in find_element\n    return self.execute(Command.FIND_ELEMENT, {\"using\": by, \"value\": value})[\"value\"]\n/usr/local/lib/python3.11/site-packages/selenium/webdriver/remote/webdriver.py:345: in execute\n    self.error_handler.check_response(response)\n_ _ _ _ _ _ _ _ _ _ _ _ _ _ _ _ _ _ _ _ _ _ _ _ _ _ _ _ _ _ _ _ _ _ _ _ _ _ _ _ \n\nself = <selenium.webdriver.remote.errorhandler.ErrorHandler object at 0x7fae7d196790>\nresponse = {'status': 404, 'value': '{\"value\":{\"error\":\"no such element\",\"message\":\"no such element: Unable to locate element: {\\...\\\\n#16 0x5634893a9810 \\\\u003Cunknown>\\\\n#17 0x5634893b8dac \\\\u003Cunknown>\\\\n#18 0x7f0f07ae5134 \\\\u003Cunknown>\\\\n\"}}'}\n\n    def check_response(self, response: Dict[str, Any]) -> None:\n        \"\"\"Checks that a JSON response from the WebDriver does not have an\n        error.\n    \n        :Args:\n         - response - The JSON response from the WebDriver server as a dictionary\n           object.\n    \n        :Raises: If the response contains an error message.\n        \"\"\"\n        status = response.get(\"status\", None)\n        if not status or status == ErrorCode.SUCCESS:\n            return\n        value = None\n        message = response.get(\"message\", \"\")\n        screen: str = response.get(\"screen\", \"\")\n        stacktrace = None\n        if isinstance(status, int):\n            value_json = response.get(\"value\", None)\n            if value_json and isinstance(value_json, str):\n                import json\n    \n                try:\n                    value = json.loads(value_json)\n                    if len(value) == 1:\n                        value = value[\"value\"]\n                    status = value.get(\"error\", None)\n                    if not status:\n                        status = value.get(\"status\", ErrorCode.UNKNOWN_ERROR)\n                        message = value.get(\"value\") or value.get(\"message\")\n                        if not isinstance(message, str):\n                            value = message\n                            message = message.get(\"message\")\n                    else:\n                        message = value.get(\"message\", None)\n                except ValueError:\n                    pass\n    \n        exception_class: Type[WebDriverException]\n        e = ErrorCode()\n        error_codes = [item for item in dir(e) if not item.startswith(\"__\")]\n        for error_code in error_codes:\n            error_info = getattr(ErrorCode, error_code)\n            if isinstance(error_info, list) and status in error_info:\n                exception_class = getattr(ExceptionMapping, error_code, WebDriverException)\n                break\n        else:\n            exception_class = WebDriverException\n    \n        if not value:\n            value = response[\"value\"]\n        if isinstance(value, str):\n            raise exception_class(value)\n        if message == \"\" and \"message\" in value:\n            message = value[\"message\"]\n    \n        screen = None  # type: ignore[assignment]\n        if \"screen\" in value:\n            screen = value[\"screen\"]\n    \n        stacktrace = None\n        st_value = value.get(\"stackTrace\") or value.get(\"stacktrace\")\n        if st_value:\n            if isinstance(st_value, str):\n                stacktrace = st_value.split(\"\\n\")\n            else:\n                stacktrace = []\n                try:\n                    for frame in st_value:\n                        line = frame.get(\"lineNumber\", \"\")\n                        file = frame.get(\"fileName\", \"<anonymous>\")\n                        if line:\n                            file = f\"{file}:{line}\"\n                        meth = frame.get(\"methodName\", \"<anonymous>\")\n                        if \"className\" in frame:\n                            meth = f\"{frame['className']}.{meth}\"\n                        msg = \"    at %s (%s)\"\n                        msg = msg % (meth, file)\n                        stacktrace.append(msg)\n                except TypeError:\n                    pass\n        if exception_class == UnexpectedAlertPresentException:\n            alert_text = None\n            if \"data\" in value:\n                alert_text = value[\"data\"].get(\"text\")\n            elif \"alert\" in value:\n                alert_text = value[\"alert\"].get(\"text\")\n            raise exception_class(message, screen, stacktrace, alert_text)  # type: ignore[call-arg]  # mypy is not smart enough here\n>       raise exception_class(message, screen, stacktrace)\nE       selenium.common.exceptions.NoSuchElementException: Message: no such element: Unable to locate element: {\"method\":\"xpath\",\"selector\":\"(//a[@class='add-to-cart yellow-btn'])[1]\"}\nE         (Session info: chrome-headless-shell=126.0.6478.126); For documentation on this error, please visit: https://www.selenium.dev/documentation/webdriver/troubleshooting/errors#no-such-element-exception\nE       Stacktrace:\nE       #0 0x5634893b9c7a <unknown>\nE       #1 0x56348909ce2c <unknown>\nE       #2 0x5634890e9661 <unknown>\nE       #3 0x5634890e9751 <unknown>\nE       #4 0x56348912df64 <unknown>\nE       #5 0x56348910c5ed <unknown>\nE       #6 0x56348912b303 <unknown>\nE       #7 0x56348910c363 <unknown>\nE       #8 0x5634890dc247 <unknown>\nE       #9 0x5634890dcb9e <unknown>\nE       #10 0x56348938024b <unknown>\nE       #11 0x5634893842f1 <unknown>\nE       #12 0x56348936bafe <unknown>\nE       #13 0x563489384e52 <unknown>\nE       #14 0x56348935079f <unknown>\nE       #15 0x5634893a9638 <unknown>\nE       #16 0x5634893a9810 <unknown>\nE       #17 0x5634893b8dac <unknown>\nE       #18 0x7f0f07ae5134 <unknown>\n\n/usr/local/lib/python3.11/site-packages/selenium/webdriver/remote/errorhandler.py:229: NoSuchElementException","flaky":false,"newFailed":false,"newBroken":false,"newPassed":false,"retriesCount":0,"retriesStatusChange":false,"beforeStages":[{"name":"_session_faker","time":{"start":1720400209079,"stop":1720400209147,"duration":68},"status":"passed","steps":[],"attachments":[],"parameters":[],"shouldDisplayMessage":false,"stepsCount":0,"attachmentsCount":0,"hasContent":false,"attachmentStep":false},{"name":"clear_allure_results_folder","time":{"start":1720400209147,"stop":1720400209147,"duration":0},"status":"passed","steps":[],"attachments":[],"parameters":[],"shouldDisplayMessage":false,"stepsCount":0,"attachmentsCount":0,"hasContent":false,"attachmentStep":false},{"name":"driver","time":{"start":1720400457452,"stop":1720400458142,"duration":690},"status":"passed","steps":[],"attachments":[],"parameters":[],"shouldDisplayMessage":false,"stepsCount":0,"attachmentsCount":0,"hasContent":false,"attachmentStep":false},{"name":"setup","time":{"start":1720400458142,"stop":1720400458142,"duration":0},"status":"passed","steps":[],"attachments":[],"parameters":[],"shouldDisplayMessage":false,"stepsCount":0,"attachmentsCount":0,"hasContent":false,"attachmentStep":false}],"testStage":{"status":"skipped","statusMessage":"XFAIL\n\nselenium.common.exceptions.NoSuchElementException: Message: no such element: Unable to locate element: {\"method\":\"xpath\",\"selector\":\"(//a[@class='add-to-cart yellow-btn'])[1]\"}\n  (Session info: chrome-headless-shell=126.0.6478.126); For documentation on this error, please visit: https://www.selenium.dev/documentation/webdriver/troubleshooting/errors#no-such-element-exception\nStacktrace:\n#0 0x5634893b9c7a <unknown>\n#1 0x56348909ce2c <unknown>\n#2 0x5634890e9661 <unknown>\n#3 0x5634890e9751 <unknown>\n#4 0x56348912df64 <unknown>\n#5 0x56348910c5ed <unknown>\n#6 0x56348912b303 <unknown>\n#7 0x56348910c363 <unknown>\n#8 0x5634890dc247 <unknown>\n#9 0x5634890dcb9e <unknown>\n#10 0x56348938024b <unknown>\n#11 0x5634893842f1 <unknown>\n#12 0x56348936bafe <unknown>\n#13 0x563489384e52 <unknown>\n#14 0x56348935079f <unknown>\n#15 0x5634893a9638 <unknown>\n#16 0x5634893a9810 <unknown>\n#17 0x5634893b8dac <unknown>\n#18 0x7f0f07ae5134 <unknown>","statusTrace":"self = <tests.delivery.test_delivery_calculation.TestDeliveryPageCalculation object at 0x7fae7d4d2c10>\ndriver = <selenium.webdriver.chrome.webdriver.WebDriver (session=\"7a2d837233300ab29ab7006721e74d6d\")>\nurl = 'https://sandboxtest.stroyrem-nn.ru/', case_id = 'TD 016'\nlink_item = 'products/shtukaturka-gipsovaya-aksolit-m50-30-kg-mashinnogo-naneseniya'\namount = 8, weight = 300, standard = 650, in_time = 2390, all_time = 3320\n\n    @pytest.mark.parametrize('case_id, link_item, amount, weight, standard, in_time, all_time', [\n        (\"TD 015\", bundeks_25, 1, 30, 650, 2390, 3320),\n        pytest.param(\n            \"TD 016\", aksolit_30, 8, 300, 650, 2390, 3320,\n            marks=pytest.mark.xfail(reson=\"Цена доставки: - - -\")\n        ),\n        (\"TD 017\", aksolit_30, 13, 400, 650, 2390, 3320),\n        (\"TD 018\", aksolit_30, 16, 500, 850, 2490, 3320),\n        (\"TD 019\", aksolit_30, 25, 1700, 1150, 2490, 3320),\n        (\"TD 020\", aksolit_30, 66, 2000, 1500, 2990, 3650),\n        (\"TD 021\", aksolit_30, 149, 4500, 2600, 4380, 4890),\n        (\"TD 022\", aksolit_30, 166, 5000, 2800, 5490, 5980),\n        pytest.param(\n            \"TD 023\", aksolit_30, 206, 6200, 3300, 7500, 8000,\n            marks=pytest.mark.xfail(reson=\"Цена доставки: 4300 9900 11440\")\n        ),\n        (\"TD 024\", aksolit_30, 299, 9000, 4300, 9900, 11440),\n        (\"TD 025\", aksolit_30, 333, 10000, 7000, 13900, 15900),\n        pytest.param(\n            \"TD 026\", aksolit_30, 366, 11000, 8000, 14900, 19900,\n            marks=pytest.mark.xfail(reson=\"Цена доставки: 7000 13900 15900\")\n        ),\n        pytest.param(\n            \"TD 027\", aksolit_30, 666, 20000, 14000, 16900, 23900,\n            marks=pytest.mark.xfail(reson=\"Цена доставки: 7000 13900 15900\")\n        )\n    ])\n    @pytest.mark.xfail\n    @pytest.mark.smoke_test\n    def test_positive_delivery_blue_zone_smoke(\n            self, driver, url, case_id, link_item, amount, weight, standard, in_time, all_time\n    ):\n        allure.dynamic.title(f\"{case_id} Доставка товара весом до {weight}кг. в синей зоне\")\n    \n        driver.get(f'{url}{link_item}')\n        item_page = ItemPage(driver)\n>       item_page.add_item_to_cart(amount).click_on_cart()\n\ntests/delivery/test_delivery_calculation.py:132: \n_ _ _ _ _ _ _ _ _ _ _ _ _ _ _ _ _ _ _ _ _ _ _ _ _ _ _ _ _ _ _ _ _ _ _ _ _ _ _ _ \npages/item_page.py:40: in add_item_to_cart\n    self.find_element(self._add_item).click()\nbase/seleniumbase.py:17: in find_element\n    return self.driver.find_element(*locator)\n/usr/local/lib/python3.11/site-packages/selenium/webdriver/remote/webdriver.py:739: in find_element\n    return self.execute(Command.FIND_ELEMENT, {\"using\": by, \"value\": value})[\"value\"]\n/usr/local/lib/python3.11/site-packages/selenium/webdriver/remote/webdriver.py:345: in execute\n    self.error_handler.check_response(response)\n_ _ _ _ _ _ _ _ _ _ _ _ _ _ _ _ _ _ _ _ _ _ _ _ _ _ _ _ _ _ _ _ _ _ _ _ _ _ _ _ \n\nself = <selenium.webdriver.remote.errorhandler.ErrorHandler object at 0x7fae7d196790>\nresponse = {'status': 404, 'value': '{\"value\":{\"error\":\"no such element\",\"message\":\"no such element: Unable to locate element: {\\...\\\\n#16 0x5634893a9810 \\\\u003Cunknown>\\\\n#17 0x5634893b8dac \\\\u003Cunknown>\\\\n#18 0x7f0f07ae5134 \\\\u003Cunknown>\\\\n\"}}'}\n\n    def check_response(self, response: Dict[str, Any]) -> None:\n        \"\"\"Checks that a JSON response from the WebDriver does not have an\n        error.\n    \n        :Args:\n         - response - The JSON response from the WebDriver server as a dictionary\n           object.\n    \n        :Raises: If the response contains an error message.\n        \"\"\"\n        status = response.get(\"status\", None)\n        if not status or status == ErrorCode.SUCCESS:\n            return\n        value = None\n        message = response.get(\"message\", \"\")\n        screen: str = response.get(\"screen\", \"\")\n        stacktrace = None\n        if isinstance(status, int):\n            value_json = response.get(\"value\", None)\n            if value_json and isinstance(value_json, str):\n                import json\n    \n                try:\n                    value = json.loads(value_json)\n                    if len(value) == 1:\n                        value = value[\"value\"]\n                    status = value.get(\"error\", None)\n                    if not status:\n                        status = value.get(\"status\", ErrorCode.UNKNOWN_ERROR)\n                        message = value.get(\"value\") or value.get(\"message\")\n                        if not isinstance(message, str):\n                            value = message\n                            message = message.get(\"message\")\n                    else:\n                        message = value.get(\"message\", None)\n                except ValueError:\n                    pass\n    \n        exception_class: Type[WebDriverException]\n        e = ErrorCode()\n        error_codes = [item for item in dir(e) if not item.startswith(\"__\")]\n        for error_code in error_codes:\n            error_info = getattr(ErrorCode, error_code)\n            if isinstance(error_info, list) and status in error_info:\n                exception_class = getattr(ExceptionMapping, error_code, WebDriverException)\n                break\n        else:\n            exception_class = WebDriverException\n    \n        if not value:\n            value = response[\"value\"]\n        if isinstance(value, str):\n            raise exception_class(value)\n        if message == \"\" and \"message\" in value:\n            message = value[\"message\"]\n    \n        screen = None  # type: ignore[assignment]\n        if \"screen\" in value:\n            screen = value[\"screen\"]\n    \n        stacktrace = None\n        st_value = value.get(\"stackTrace\") or value.get(\"stacktrace\")\n        if st_value:\n            if isinstance(st_value, str):\n                stacktrace = st_value.split(\"\\n\")\n            else:\n                stacktrace = []\n                try:\n                    for frame in st_value:\n                        line = frame.get(\"lineNumber\", \"\")\n                        file = frame.get(\"fileName\", \"<anonymous>\")\n                        if line:\n                            file = f\"{file}:{line}\"\n                        meth = frame.get(\"methodName\", \"<anonymous>\")\n                        if \"className\" in frame:\n                            meth = f\"{frame['className']}.{meth}\"\n                        msg = \"    at %s (%s)\"\n                        msg = msg % (meth, file)\n                        stacktrace.append(msg)\n                except TypeError:\n                    pass\n        if exception_class == UnexpectedAlertPresentException:\n            alert_text = None\n            if \"data\" in value:\n                alert_text = value[\"data\"].get(\"text\")\n            elif \"alert\" in value:\n                alert_text = value[\"alert\"].get(\"text\")\n            raise exception_class(message, screen, stacktrace, alert_text)  # type: ignore[call-arg]  # mypy is not smart enough here\n>       raise exception_class(message, screen, stacktrace)\nE       selenium.common.exceptions.NoSuchElementException: Message: no such element: Unable to locate element: {\"method\":\"xpath\",\"selector\":\"(//a[@class='add-to-cart yellow-btn'])[1]\"}\nE         (Session info: chrome-headless-shell=126.0.6478.126); For documentation on this error, please visit: https://www.selenium.dev/documentation/webdriver/troubleshooting/errors#no-such-element-exception\nE       Stacktrace:\nE       #0 0x5634893b9c7a <unknown>\nE       #1 0x56348909ce2c <unknown>\nE       #2 0x5634890e9661 <unknown>\nE       #3 0x5634890e9751 <unknown>\nE       #4 0x56348912df64 <unknown>\nE       #5 0x56348910c5ed <unknown>\nE       #6 0x56348912b303 <unknown>\nE       #7 0x56348910c363 <unknown>\nE       #8 0x5634890dc247 <unknown>\nE       #9 0x5634890dcb9e <unknown>\nE       #10 0x56348938024b <unknown>\nE       #11 0x5634893842f1 <unknown>\nE       #12 0x56348936bafe <unknown>\nE       #13 0x563489384e52 <unknown>\nE       #14 0x56348935079f <unknown>\nE       #15 0x5634893a9638 <unknown>\nE       #16 0x5634893a9810 <unknown>\nE       #17 0x5634893b8dac <unknown>\nE       #18 0x7f0f07ae5134 <unknown>\n\n/usr/local/lib/python3.11/site-packages/selenium/webdriver/remote/errorhandler.py:229: NoSuchElementException","steps":[{"name":"Добавляем товар в корзину в количестве 8","time":{"start":1720400458544,"stop":1720400458560,"duration":16},"status":"broken","statusMessage":"selenium.common.exceptions.NoSuchElementException: Message: no such element: Unable to locate element: {\"method\":\"xpath\",\"selector\":\"(//a[@class='add-to-cart yellow-btn'])[1]\"}\n  (Session info: chrome-headless-shell=126.0.6478.126); For documentation on this error, please visit: https://www.selenium.dev/documentation/webdriver/troubleshooting/errors#no-such-element-exception\nStacktrace:\n#0 0x5634893b9c7a <unknown>\n#1 0x56348909ce2c <unknown>\n#2 0x5634890e9661 <unknown>\n#3 0x5634890e9751 <unknown>\n#4 0x56348912df64 <unknown>\n#5 0x56348910c5ed <unknown>\n#6 0x56348912b303 <unknown>\n#7 0x56348910c363 <unknown>\n#8 0x5634890dc247 <unknown>\n#9 0x5634890dcb9e <unknown>\n#10 0x56348938024b <unknown>\n#11 0x5634893842f1 <unknown>\n#12 0x56348936bafe <unknown>\n#13 0x563489384e52 <unknown>\n#14 0x56348935079f <unknown>\n#15 0x5634893a9638 <unknown>\n#16 0x5634893a9810 <unknown>\n#17 0x5634893b8dac <unknown>\n#18 0x7f0f07ae5134 <unknown>\n\n","statusTrace":"  File \"/usr/local/lib/python3.11/site-packages/allure_commons/_allure.py\", line 192, in impl\n    return func(*a, **kw)\n           ^^^^^^^^^^^^^^\n  File \"/app/pages/item_page.py\", line 40, in add_item_to_cart\n    self.find_element(self._add_item).click()\n    ^^^^^^^^^^^^^^^^^^^^^^^^^^^^^^^^^\n  File \"/app/base/seleniumbase.py\", line 17, in find_element\n    return self.driver.find_element(*locator)\n           ^^^^^^^^^^^^^^^^^^^^^^^^^^^^^^^^^^\n  File \"/usr/local/lib/python3.11/site-packages/selenium/webdriver/remote/webdriver.py\", line 739, in find_element\n    return self.execute(Command.FIND_ELEMENT, {\"using\": by, \"value\": value})[\"value\"]\n           ^^^^^^^^^^^^^^^^^^^^^^^^^^^^^^^^^^^^^^^^^^^^^^^^^^^^^^^^^^^^^^^^^\n  File \"/usr/local/lib/python3.11/site-packages/selenium/webdriver/remote/webdriver.py\", line 345, in execute\n    self.error_handler.check_response(response)\n  File \"/usr/local/lib/python3.11/site-packages/selenium/webdriver/remote/errorhandler.py\", line 229, in check_response\n    raise exception_class(message, screen, stacktrace)\n","steps":[],"attachments":[],"parameters":[{"name":"amount","value":"8"}],"shouldDisplayMessage":true,"stepsCount":0,"attachmentsCount":0,"hasContent":true,"attachmentStep":false}],"attachments":[{"uid":"7c12fa4076cf1341","name":"Screenshot","source":"7c12fa4076cf1341.png","type":"image/png","size":4720},{"uid":"9ba16db7081b835e","name":"HTML source","source":"9ba16db7081b835e.html","type":"text/html","size":39}],"parameters":[],"shouldDisplayMessage":true,"stepsCount":1,"attachmentsCount":2,"hasContent":true,"attachmentStep":false},"afterStages":[{"name":"setup::0","time":{"start":1720400458658,"stop":1720400458658,"duration":0},"status":"passed","steps":[],"attachments":[],"parameters":[],"shouldDisplayMessage":false,"stepsCount":0,"attachmentsCount":0,"hasContent":false,"attachmentStep":false},{"name":"driver::0","time":{"start":1720400458658,"stop":1720400458718,"duration":60},"status":"passed","steps":[],"attachments":[],"parameters":[],"shouldDisplayMessage":false,"stepsCount":0,"attachmentsCount":0,"hasContent":false,"attachmentStep":false}],"labels":[{"name":"epic","value":"Delivery Page - calculation"},{"name":"tag","value":"smoke_test"},{"name":"tag","value":"@pytest.mark.xfail"},{"name":"parentSuite","value":"tests.delivery"},{"name":"suite","value":"test_delivery_calculation"},{"name":"subSuite","value":"TestDeliveryPageCalculation"},{"name":"host","value":"7d51a5b0af21"},{"name":"thread","value":"1-MainThread"},{"name":"framework","value":"pytest"},{"name":"language","value":"cpython3"},{"name":"package","value":"tests.delivery.test_delivery_calculation"},{"name":"resultFormat","value":"allure2"}],"parameters":[{"name":"all_time","value":"3320"},{"name":"amount","value":"8"},{"name":"case_id","value":"'TD 016'"},{"name":"in_time","value":"2390"},{"name":"link_item","value":"'products/shtukaturka-gipsovaya-aksolit-m50-30-kg-mashinnogo-naneseniya'"},{"name":"standard","value":"650"},{"name":"url","value":"'https://sandboxtest.stroyrem-nn.ru/'"},{"name":"weight","value":"300"}],"links":[],"hidden":false,"retry":false,"extra":{"severity":"normal","retries":[],"categories":[],"history":{"statistic":{"failed":0,"broken":0,"skipped":40,"passed":0,"unknown":0,"total":40},"items":[{"uid":"cab70f12b2154e91","reportUrl":"https://Nat754.github.io/StroyremAutomation/361//#testresult/cab70f12b2154e91","status":"skipped","statusDetails":"XFAIL\n\nselenium.common.exceptions.NoSuchElementException: Message: no such element: Unable to locate element: {\"method\":\"xpath\",\"selector\":\"(//a[@class='add-to-cart yellow-btn'])[1]\"}\n  (Session info: chrome-headless-shell=126.0.6478.126); For documentation on this error, please visit: https://www.selenium.dev/documentation/webdriver/troubleshooting/errors#no-such-element-exception\nStacktrace:\n#0 0x55e556b18c7a <unknown>\n#1 0x55e5567fbe2c <unknown>\n#2 0x55e556848661 <unknown>\n#3 0x55e556848751 <unknown>\n#4 0x55e55688cf64 <unknown>\n#5 0x55e55686b5ed <unknown>\n#6 0x55e55688a303 <unknown>\n#7 0x55e55686b363 <unknown>\n#8 0x55e55683b247 <unknown>\n#9 0x55e55683bb9e <unknown>\n#10 0x55e556adf24b <unknown>\n#11 0x55e556ae32f1 <unknown>\n#12 0x55e556acaafe <unknown>\n#13 0x55e556ae3e52 <unknown>\n#14 0x55e556aaf79f <unknown>\n#15 0x55e556b08638 <unknown>\n#16 0x55e556b08810 <unknown>\n#17 0x55e556b17dac <unknown>\n#18 0x7fc7fd687134 <unknown>","time":{"start":1720314219985,"stop":1720314220277,"duration":292}},{"uid":"b9d544c4ce3fb7cf","reportUrl":"https://Nat754.github.io/StroyremAutomation/360//#testresult/b9d544c4ce3fb7cf","status":"skipped","statusDetails":"XFAIL\n\nselenium.common.exceptions.NoSuchElementException: Message: no such element: Unable to locate element: {\"method\":\"xpath\",\"selector\":\"(//a[@class='add-to-cart yellow-btn'])[1]\"}\n  (Session info: chrome-headless-shell=126.0.6478.126); For documentation on this error, please visit: https://www.selenium.dev/documentation/webdriver/troubleshooting/errors#no-such-element-exception\nStacktrace:\n#0 0x555e32dccc7a <unknown>\n#1 0x555e32aafe2c <unknown>\n#2 0x555e32afc661 <unknown>\n#3 0x555e32afc751 <unknown>\n#4 0x555e32b40f64 <unknown>\n#5 0x555e32b1f5ed <unknown>\n#6 0x555e32b3e303 <unknown>\n#7 0x555e32b1f363 <unknown>\n#8 0x555e32aef247 <unknown>\n#9 0x555e32aefb9e <unknown>\n#10 0x555e32d9324b <unknown>\n#11 0x555e32d972f1 <unknown>\n#12 0x555e32d7eafe <unknown>\n#13 0x555e32d97e52 <unknown>\n#14 0x555e32d6379f <unknown>\n#15 0x555e32dbc638 <unknown>\n#16 0x555e32dbc810 <unknown>\n#17 0x555e32dcbdac <unknown>\n#18 0x7ff09def4134 <unknown>","time":{"start":1720227483876,"stop":1720227484207,"duration":331}},{"uid":"a64c9b84f1ae4c1d","reportUrl":"https://Nat754.github.io/StroyremAutomation/359//#testresult/a64c9b84f1ae4c1d","status":"skipped","statusDetails":"XFAIL\n\nselenium.common.exceptions.NoSuchElementException: Message: no such element: Unable to locate element: {\"method\":\"xpath\",\"selector\":\"(//a[@class='add-to-cart yellow-btn'])[1]\"}\n  (Session info: chrome-headless-shell=126.0.6478.126); For documentation on this error, please visit: https://www.selenium.dev/documentation/webdriver/troubleshooting/errors#no-such-element-exception\nStacktrace:\n#0 0x55f114946c7a <unknown>\n#1 0x55f114629e2c <unknown>\n#2 0x55f114676661 <unknown>\n#3 0x55f114676751 <unknown>\n#4 0x55f1146baf64 <unknown>\n#5 0x55f1146995ed <unknown>\n#6 0x55f1146b8303 <unknown>\n#7 0x55f114699363 <unknown>\n#8 0x55f114669247 <unknown>\n#9 0x55f114669b9e <unknown>\n#10 0x55f11490d24b <unknown>\n#11 0x55f1149112f1 <unknown>\n#12 0x55f1148f8afe <unknown>\n#13 0x55f114911e52 <unknown>\n#14 0x55f1148dd79f <unknown>\n#15 0x55f114936638 <unknown>\n#16 0x55f114936810 <unknown>\n#17 0x55f114945dac <unknown>\n#18 0x7fd628b25134 <unknown>","time":{"start":1720141120031,"stop":1720141120508,"duration":477}},{"uid":"a486287a11b20157","reportUrl":"https://Nat754.github.io/StroyremAutomation/358//#testresult/a486287a11b20157","status":"skipped","statusDetails":"XFAIL\n\nselenium.common.exceptions.NoSuchElementException: Message: no such element: Unable to locate element: {\"method\":\"xpath\",\"selector\":\"(//a[@class='add-to-cart yellow-btn'])[1]\"}\n  (Session info: chrome-headless-shell=126.0.6478.126); For documentation on this error, please visit: https://www.selenium.dev/documentation/webdriver/troubleshooting/errors#no-such-element-exception\nStacktrace:\n#0 0x55d47b4dcc7a <unknown>\n#1 0x55d47b1bfe2c <unknown>\n#2 0x55d47b20c661 <unknown>\n#3 0x55d47b20c751 <unknown>\n#4 0x55d47b250f64 <unknown>\n#5 0x55d47b22f5ed <unknown>\n#6 0x55d47b24e303 <unknown>\n#7 0x55d47b22f363 <unknown>\n#8 0x55d47b1ff247 <unknown>\n#9 0x55d47b1ffb9e <unknown>\n#10 0x55d47b4a324b <unknown>\n#11 0x55d47b4a72f1 <unknown>\n#12 0x55d47b48eafe <unknown>\n#13 0x55d47b4a7e52 <unknown>\n#14 0x55d47b47379f <unknown>\n#15 0x55d47b4cc638 <unknown>\n#16 0x55d47b4cc810 <unknown>\n#17 0x55d47b4dbdac <unknown>\n#18 0x7fa0f3b5b134 <unknown>","time":{"start":1720054749303,"stop":1720054749632,"duration":329}},{"uid":"73bc4b2ea683b357","reportUrl":"https://Nat754.github.io/StroyremAutomation/357//#testresult/73bc4b2ea683b357","status":"skipped","statusDetails":"XFAIL\n\nselenium.common.exceptions.NoSuchElementException: Message: no such element: Unable to locate element: {\"method\":\"xpath\",\"selector\":\"(//a[@class='add-to-cart yellow-btn'])[1]\"}\n  (Session info: chrome-headless-shell=126.0.6478.126); For documentation on this error, please visit: https://www.selenium.dev/documentation/webdriver/troubleshooting/errors#no-such-element-exception\nStacktrace:\n#0 0x55d29e540c7a <unknown>\n#1 0x55d29e223e2c <unknown>\n#2 0x55d29e270661 <unknown>\n#3 0x55d29e270751 <unknown>\n#4 0x55d29e2b4f64 <unknown>\n#5 0x55d29e2935ed <unknown>\n#6 0x55d29e2b2303 <unknown>\n#7 0x55d29e293363 <unknown>\n#8 0x55d29e263247 <unknown>\n#9 0x55d29e263b9e <unknown>\n#10 0x55d29e50724b <unknown>\n#11 0x55d29e50b2f1 <unknown>\n#12 0x55d29e4f2afe <unknown>\n#13 0x55d29e50be52 <unknown>\n#14 0x55d29e4d779f <unknown>\n#15 0x55d29e530638 <unknown>\n#16 0x55d29e530810 <unknown>\n#17 0x55d29e53fdac <unknown>\n#18 0x7f60ccd4c134 <unknown>","time":{"start":1719968395409,"stop":1719968395873,"duration":464}},{"uid":"71d32955bf912895","reportUrl":"https://Nat754.github.io/StroyremAutomation/356//#testresult/71d32955bf912895","status":"skipped","statusDetails":"XFAIL\n\nselenium.common.exceptions.NoSuchElementException: Message: no such element: Unable to locate element: {\"method\":\"xpath\",\"selector\":\"(//a[@class='add-to-cart yellow-btn'])[1]\"}\n  (Session info: chrome-headless-shell=126.0.6478.126); For documentation on this error, please visit: https://www.selenium.dev/documentation/webdriver/troubleshooting/errors#no-such-element-exception\nStacktrace:\n#0 0x55f33aec4c7a <unknown>\n#1 0x55f33aba7e2c <unknown>\n#2 0x55f33abf4661 <unknown>\n#3 0x55f33abf4751 <unknown>\n#4 0x55f33ac38f64 <unknown>\n#5 0x55f33ac175ed <unknown>\n#6 0x55f33ac36303 <unknown>\n#7 0x55f33ac17363 <unknown>\n#8 0x55f33abe7247 <unknown>\n#9 0x55f33abe7b9e <unknown>\n#10 0x55f33ae8b24b <unknown>\n#11 0x55f33ae8f2f1 <unknown>\n#12 0x55f33ae76afe <unknown>\n#13 0x55f33ae8fe52 <unknown>\n#14 0x55f33ae5b79f <unknown>\n#15 0x55f33aeb4638 <unknown>\n#16 0x55f33aeb4810 <unknown>\n#17 0x55f33aec3dac <unknown>\n#18 0x7f775710a134 <unknown>","time":{"start":1719881972207,"stop":1719881972536,"duration":329}},{"uid":"96bd6182a70a6fef","reportUrl":"https://Nat754.github.io/StroyremAutomation/355//#testresult/96bd6182a70a6fef","status":"skipped","statusDetails":"XFAIL\n\nselenium.common.exceptions.NoSuchElementException: Message: no such element: Unable to locate element: {\"method\":\"xpath\",\"selector\":\"(//a[@class='add-to-cart yellow-btn'])[1]\"}\n  (Session info: chrome-headless-shell=126.0.6478.126); For documentation on this error, please visit: https://www.selenium.dev/documentation/webdriver/troubleshooting/errors#no-such-element-exception\nStacktrace:\n#0 0x559c6c11bc7a <unknown>\n#1 0x559c6bdfee2c <unknown>\n#2 0x559c6be4b661 <unknown>\n#3 0x559c6be4b751 <unknown>\n#4 0x559c6be8ff64 <unknown>\n#5 0x559c6be6e5ed <unknown>\n#6 0x559c6be8d303 <unknown>\n#7 0x559c6be6e363 <unknown>\n#8 0x559c6be3e247 <unknown>\n#9 0x559c6be3eb9e <unknown>\n#10 0x559c6c0e224b <unknown>\n#11 0x559c6c0e62f1 <unknown>\n#12 0x559c6c0cdafe <unknown>\n#13 0x559c6c0e6e52 <unknown>\n#14 0x559c6c0b279f <unknown>\n#15 0x559c6c10b638 <unknown>\n#16 0x559c6c10b810 <unknown>\n#17 0x559c6c11adac <unknown>\n#18 0x7ff9077e2134 <unknown>","time":{"start":1719795898651,"stop":1719795898943,"duration":292}},{"uid":"d8a2a9dbdf15376","reportUrl":"https://Nat754.github.io/StroyremAutomation/354//#testresult/d8a2a9dbdf15376","status":"skipped","statusDetails":"XFAIL\n\nselenium.common.exceptions.NoSuchElementException: Message: no such element: Unable to locate element: {\"method\":\"xpath\",\"selector\":\"(//a[@class='add-to-cart yellow-btn'])[1]\"}\n  (Session info: chrome-headless-shell=126.0.6478.126); For documentation on this error, please visit: https://www.selenium.dev/documentation/webdriver/troubleshooting/errors#no-such-element-exception\nStacktrace:\n#0 0x557121a90c7a <unknown>\n#1 0x557121773e2c <unknown>\n#2 0x5571217c0661 <unknown>\n#3 0x5571217c0751 <unknown>\n#4 0x557121804f64 <unknown>\n#5 0x5571217e35ed <unknown>\n#6 0x557121802303 <unknown>\n#7 0x5571217e3363 <unknown>\n#8 0x5571217b3247 <unknown>\n#9 0x5571217b3b9e <unknown>\n#10 0x557121a5724b <unknown>\n#11 0x557121a5b2f1 <unknown>\n#12 0x557121a42afe <unknown>\n#13 0x557121a5be52 <unknown>\n#14 0x557121a2779f <unknown>\n#15 0x557121a80638 <unknown>\n#16 0x557121a80810 <unknown>\n#17 0x557121a8fdac <unknown>\n#18 0x7f416afaf134 <unknown>","time":{"start":1719709403462,"stop":1719709403879,"duration":417}},{"uid":"d99628e8618945b3","reportUrl":"https://Nat754.github.io/StroyremAutomation/353//#testresult/d99628e8618945b3","status":"skipped","statusDetails":"XFAIL\n\nselenium.common.exceptions.NoSuchElementException: Message: no such element: Unable to locate element: {\"method\":\"xpath\",\"selector\":\"(//a[@class='add-to-cart yellow-btn'])[1]\"}\n  (Session info: chrome-headless-shell=126.0.6478.126); For documentation on this error, please visit: https://www.selenium.dev/documentation/webdriver/troubleshooting/errors#no-such-element-exception\nStacktrace:\n#0 0x563a7b8dcc7a <unknown>\n#1 0x563a7b5bfe2c <unknown>\n#2 0x563a7b60c661 <unknown>\n#3 0x563a7b60c751 <unknown>\n#4 0x563a7b650f64 <unknown>\n#5 0x563a7b62f5ed <unknown>\n#6 0x563a7b64e303 <unknown>\n#7 0x563a7b62f363 <unknown>\n#8 0x563a7b5ff247 <unknown>\n#9 0x563a7b5ffb9e <unknown>\n#10 0x563a7b8a324b <unknown>\n#11 0x563a7b8a72f1 <unknown>\n#12 0x563a7b88eafe <unknown>\n#13 0x563a7b8a7e52 <unknown>\n#14 0x563a7b87379f <unknown>\n#15 0x563a7b8cc638 <unknown>\n#16 0x563a7b8cc810 <unknown>\n#17 0x563a7b8dbdac <unknown>\n#18 0x7fa597274134 <unknown>","time":{"start":1719622682281,"stop":1719622682694,"duration":413}},{"uid":"8dce50e2ec80ed1b","reportUrl":"https://Nat754.github.io/StroyremAutomation/352//#testresult/8dce50e2ec80ed1b","status":"skipped","statusDetails":"XFAIL\n\nselenium.common.exceptions.NoSuchElementException: Message: no such element: Unable to locate element: {\"method\":\"xpath\",\"selector\":\"(//a[@class='add-to-cart yellow-btn'])[1]\"}\n  (Session info: chrome-headless-shell=126.0.6478.126); For documentation on this error, please visit: https://www.selenium.dev/documentation/webdriver/troubleshooting/errors#no-such-element-exception\nStacktrace:\n#0 0x56479bd74c7a <unknown>\n#1 0x56479ba57e2c <unknown>\n#2 0x56479baa4661 <unknown>\n#3 0x56479baa4751 <unknown>\n#4 0x56479bae8f64 <unknown>\n#5 0x56479bac75ed <unknown>\n#6 0x56479bae6303 <unknown>\n#7 0x56479bac7363 <unknown>\n#8 0x56479ba97247 <unknown>\n#9 0x56479ba97b9e <unknown>\n#10 0x56479bd3b24b <unknown>\n#11 0x56479bd3f2f1 <unknown>\n#12 0x56479bd26afe <unknown>\n#13 0x56479bd3fe52 <unknown>\n#14 0x56479bd0b79f <unknown>\n#15 0x56479bd64638 <unknown>\n#16 0x56479bd64810 <unknown>\n#17 0x56479bd73dac <unknown>\n#18 0x7f8c6a88f134 <unknown>","time":{"start":1719536363604,"stop":1719536364220,"duration":616}},{"uid":"906b20b7d62f2b","reportUrl":"https://Nat754.github.io/StroyremAutomation/351//#testresult/906b20b7d62f2b","status":"skipped","statusDetails":"XFAIL\n\nselenium.common.exceptions.NoSuchElementException: Message: no such element: Unable to locate element: {\"method\":\"xpath\",\"selector\":\"(//a[@class='add-to-cart yellow-btn'])[1]\"}\n  (Session info: chrome-headless-shell=126.0.6478.126); For documentation on this error, please visit: https://www.selenium.dev/documentation/webdriver/troubleshooting/errors#no-such-element-exception\nStacktrace:\n#0 0x557a49554c7a <unknown>\n#1 0x557a49237e2c <unknown>\n#2 0x557a49284661 <unknown>\n#3 0x557a49284751 <unknown>\n#4 0x557a492c8f64 <unknown>\n#5 0x557a492a75ed <unknown>\n#6 0x557a492c6303 <unknown>\n#7 0x557a492a7363 <unknown>\n#8 0x557a49277247 <unknown>\n#9 0x557a49277b9e <unknown>\n#10 0x557a4951b24b <unknown>\n#11 0x557a4951f2f1 <unknown>\n#12 0x557a49506afe <unknown>\n#13 0x557a4951fe52 <unknown>\n#14 0x557a494eb79f <unknown>\n#15 0x557a49544638 <unknown>\n#16 0x557a49544810 <unknown>\n#17 0x557a49553dac <unknown>\n#18 0x7fe396637134 <unknown>","time":{"start":1719449953882,"stop":1719449954449,"duration":567}},{"uid":"20846062b3e669e0","reportUrl":"https://Nat754.github.io/StroyremAutomation/350//#testresult/20846062b3e669e0","status":"skipped","statusDetails":"XFAIL\n\nselenium.common.exceptions.NoSuchElementException: Message: no such element: Unable to locate element: {\"method\":\"xpath\",\"selector\":\"(//a[@class='add-to-cart yellow-btn'])[1]\"}\n  (Session info: chrome-headless-shell=126.0.6478.126); For documentation on this error, please visit: https://www.selenium.dev/documentation/webdriver/troubleshooting/errors#no-such-element-exception\nStacktrace:\n#0 0x5595bfd58c7a <unknown>\n#1 0x5595bfa3be2c <unknown>\n#2 0x5595bfa88661 <unknown>\n#3 0x5595bfa88751 <unknown>\n#4 0x5595bfaccf64 <unknown>\n#5 0x5595bfaab5ed <unknown>\n#6 0x5595bfaca303 <unknown>\n#7 0x5595bfaab363 <unknown>\n#8 0x5595bfa7b247 <unknown>\n#9 0x5595bfa7bb9e <unknown>\n#10 0x5595bfd1f24b <unknown>\n#11 0x5595bfd232f1 <unknown>\n#12 0x5595bfd0aafe <unknown>\n#13 0x5595bfd23e52 <unknown>\n#14 0x5595bfcef79f <unknown>\n#15 0x5595bfd48638 <unknown>\n#16 0x5595bfd48810 <unknown>\n#17 0x5595bfd57dac <unknown>\n#18 0x7efc0fb0c134 <unknown>","time":{"start":1719363523176,"stop":1719363523497,"duration":321}},{"uid":"2ee76078775b81e8","reportUrl":"https://Nat754.github.io/StroyremAutomation/349//#testresult/2ee76078775b81e8","status":"skipped","statusDetails":"XFAIL\n\nselenium.common.exceptions.NoSuchElementException: Message: no such element: Unable to locate element: {\"method\":\"xpath\",\"selector\":\"(//a[@class='add-to-cart yellow-btn'])[1]\"}\n  (Session info: chrome-headless-shell=126.0.6478.126); For documentation on this error, please visit: https://www.selenium.dev/documentation/webdriver/troubleshooting/errors#no-such-element-exception\nStacktrace:\n#0 0x557ff3be8c7a <unknown>\n#1 0x557ff38cbe2c <unknown>\n#2 0x557ff3918661 <unknown>\n#3 0x557ff3918751 <unknown>\n#4 0x557ff395cf64 <unknown>\n#5 0x557ff393b5ed <unknown>\n#6 0x557ff395a303 <unknown>\n#7 0x557ff393b363 <unknown>\n#8 0x557ff390b247 <unknown>\n#9 0x557ff390bb9e <unknown>\n#10 0x557ff3baf24b <unknown>\n#11 0x557ff3bb32f1 <unknown>\n#12 0x557ff3b9aafe <unknown>\n#13 0x557ff3bb3e52 <unknown>\n#14 0x557ff3b7f79f <unknown>\n#15 0x557ff3bd8638 <unknown>\n#16 0x557ff3bd8810 <unknown>\n#17 0x557ff3be7dac <unknown>\n#18 0x7f35706ee134 <unknown>","time":{"start":1719277160938,"stop":1719277161734,"duration":796}},{"uid":"d1e2136dad6033c6","reportUrl":"https://Nat754.github.io/StroyremAutomation/348//#testresult/d1e2136dad6033c6","status":"skipped","statusDetails":"XFAIL\n\nselenium.common.exceptions.NoSuchElementException: Message: no such element: Unable to locate element: {\"method\":\"xpath\",\"selector\":\"(//a[@class='add-to-cart yellow-btn'])[1]\"}\n  (Session info: chrome-headless-shell=126.0.6478.63); For documentation on this error, please visit: https://www.selenium.dev/documentation/webdriver/troubleshooting/errors#no-such-element-exception\nStacktrace:\n#0 0x55ddfcc4669a <unknown>\n#1 0x55ddfc9290dc <unknown>\n#2 0x55ddfc975931 <unknown>\n#3 0x55ddfc975a21 <unknown>\n#4 0x55ddfc9ba234 <unknown>\n#5 0x55ddfc99889d <unknown>\n#6 0x55ddfc9b75c3 <unknown>\n#7 0x55ddfc998613 <unknown>\n#8 0x55ddfc9684f7 <unknown>\n#9 0x55ddfc968e4e <unknown>\n#10 0x55ddfcc0c86b <unknown>\n#11 0x55ddfcc10911 <unknown>\n#12 0x55ddfcbf835e <unknown>\n#13 0x55ddfcc11472 <unknown>\n#14 0x55ddfcbdccbf <unknown>\n#15 0x55ddfcc36098 <unknown>\n#16 0x55ddfcc36270 <unknown>\n#17 0x55ddfcc457cc <unknown>\n#18 0x7fb34c742134 <unknown>","time":{"start":1719190808718,"stop":1719190809068,"duration":350}},{"uid":"dcb0ddee40aa0b29","reportUrl":"https://Nat754.github.io/StroyremAutomation/347//#testresult/dcb0ddee40aa0b29","status":"skipped","statusDetails":"XFAIL\n\nselenium.common.exceptions.NoSuchElementException: Message: no such element: Unable to locate element: {\"method\":\"xpath\",\"selector\":\"(//a[@class='add-to-cart yellow-btn'])[1]\"}\n  (Session info: chrome-headless-shell=126.0.6478.63); For documentation on this error, please visit: https://www.selenium.dev/documentation/webdriver/troubleshooting/errors#no-such-element-exception\nStacktrace:\n#0 0x5576dafdb69a <unknown>\n#1 0x5576dacbe0dc <unknown>\n#2 0x5576dad0a931 <unknown>\n#3 0x5576dad0aa21 <unknown>\n#4 0x5576dad4f234 <unknown>\n#5 0x5576dad2d89d <unknown>\n#6 0x5576dad4c5c3 <unknown>\n#7 0x5576dad2d613 <unknown>\n#8 0x5576dacfd4f7 <unknown>\n#9 0x5576dacfde4e <unknown>\n#10 0x5576dafa186b <unknown>\n#11 0x5576dafa5911 <unknown>\n#12 0x5576daf8d35e <unknown>\n#13 0x5576dafa6472 <unknown>\n#14 0x5576daf71cbf <unknown>\n#15 0x5576dafcb098 <unknown>\n#16 0x5576dafcb270 <unknown>\n#17 0x5576dafda7cc <unknown>\n#18 0x7f720d376134 <unknown>","time":{"start":1719104550510,"stop":1719104550859,"duration":349}},{"uid":"79b1c894d23054be","reportUrl":"https://Nat754.github.io/StroyremAutomation/346//#testresult/79b1c894d23054be","status":"skipped","statusDetails":"XFAIL\n\nselenium.common.exceptions.NoSuchElementException: Message: no such element: Unable to locate element: {\"method\":\"xpath\",\"selector\":\"(//a[@class='add-to-cart yellow-btn'])[1]\"}\n  (Session info: chrome-headless-shell=126.0.6478.63); For documentation on this error, please visit: https://www.selenium.dev/documentation/webdriver/troubleshooting/errors#no-such-element-exception\nStacktrace:\n#0 0x55b67818169a <unknown>\n#1 0x55b677e640dc <unknown>\n#2 0x55b677eb0931 <unknown>\n#3 0x55b677eb0a21 <unknown>\n#4 0x55b677ef5234 <unknown>\n#5 0x55b677ed389d <unknown>\n#6 0x55b677ef25c3 <unknown>\n#7 0x55b677ed3613 <unknown>\n#8 0x55b677ea34f7 <unknown>\n#9 0x55b677ea3e4e <unknown>\n#10 0x55b67814786b <unknown>\n#11 0x55b67814b911 <unknown>\n#12 0x55b67813335e <unknown>\n#13 0x55b67814c472 <unknown>\n#14 0x55b678117cbf <unknown>\n#15 0x55b678171098 <unknown>\n#16 0x55b678171270 <unknown>\n#17 0x55b6781807cc <unknown>\n#18 0x7f485313d134 <unknown>","time":{"start":1719017887978,"stop":1719017888384,"duration":406}},{"uid":"ee422ffbd564c711","reportUrl":"https://Nat754.github.io/StroyremAutomation/345//#testresult/ee422ffbd564c711","status":"skipped","statusDetails":"XFAIL\n\nselenium.common.exceptions.NoSuchElementException: Message: no such element: Unable to locate element: {\"method\":\"xpath\",\"selector\":\"(//a[@class='add-to-cart yellow-btn'])[1]\"}\n  (Session info: chrome-headless-shell=126.0.6478.63); For documentation on this error, please visit: https://www.selenium.dev/documentation/webdriver/troubleshooting/errors#no-such-element-exception\nStacktrace:\n#0 0x562a59a5b69a <unknown>\n#1 0x562a5973e0dc <unknown>\n#2 0x562a5978a931 <unknown>\n#3 0x562a5978aa21 <unknown>\n#4 0x562a597cf234 <unknown>\n#5 0x562a597ad89d <unknown>\n#6 0x562a597cc5c3 <unknown>\n#7 0x562a597ad613 <unknown>\n#8 0x562a5977d4f7 <unknown>\n#9 0x562a5977de4e <unknown>\n#10 0x562a59a2186b <unknown>\n#11 0x562a59a25911 <unknown>\n#12 0x562a59a0d35e <unknown>\n#13 0x562a59a26472 <unknown>\n#14 0x562a599f1cbf <unknown>\n#15 0x562a59a4b098 <unknown>\n#16 0x562a59a4b270 <unknown>\n#17 0x562a59a5a7cc <unknown>\n#18 0x7f084c2bf134 <unknown>","time":{"start":1718931506234,"stop":1718931506889,"duration":655}},{"uid":"999db6f29e2ff963","reportUrl":"https://Nat754.github.io/StroyremAutomation/344//#testresult/999db6f29e2ff963","status":"skipped","statusDetails":"XFAIL\n\nselenium.common.exceptions.NoSuchElementException: Message: no such element: Unable to locate element: {\"method\":\"xpath\",\"selector\":\"(//a[@class='add-to-cart yellow-btn'])[1]\"}\n  (Session info: chrome-headless-shell=126.0.6478.62); For documentation on this error, please visit: https://www.selenium.dev/documentation/webdriver/troubleshooting/errors#no-such-element-exception\nStacktrace:\n#0 0x5611174ad70a <unknown>\n#1 0x5611171900dc <unknown>\n#2 0x5611171dc931 <unknown>\n#3 0x5611171dca21 <unknown>\n#4 0x561117221234 <unknown>\n#5 0x5611171ff89d <unknown>\n#6 0x56111721e5c3 <unknown>\n#7 0x5611171ff613 <unknown>\n#8 0x5611171cf4f7 <unknown>\n#9 0x5611171cfe4e <unknown>\n#10 0x5611174738db <unknown>\n#11 0x561117477981 <unknown>\n#12 0x56111745f3ce <unknown>\n#13 0x5611174784e2 <unknown>\n#14 0x561117443d2f <unknown>\n#15 0x56111749d108 <unknown>\n#16 0x56111749d2e0 <unknown>\n#17 0x5611174ac83c <unknown>\n#18 0x7ff4d66a8134 <unknown>","time":{"start":1718845046318,"stop":1718845046649,"duration":331}},{"uid":"5b10b67703ab6998","reportUrl":"https://Nat754.github.io/StroyremAutomation/343//#testresult/5b10b67703ab6998","status":"skipped","statusDetails":"XFAIL\n\nselenium.common.exceptions.NoSuchElementException: Message: no such element: Unable to locate element: {\"method\":\"xpath\",\"selector\":\"(//a[@class='add-to-cart yellow-btn'])[1]\"}\n  (Session info: chrome-headless-shell=126.0.6478.62); For documentation on this error, please visit: https://www.selenium.dev/documentation/webdriver/troubleshooting/errors#no-such-element-exception\nStacktrace:\n#0 0x560b1b8f470a <unknown>\n#1 0x560b1b5d70dc <unknown>\n#2 0x560b1b623931 <unknown>\n#3 0x560b1b623a21 <unknown>\n#4 0x560b1b668234 <unknown>\n#5 0x560b1b64689d <unknown>\n#6 0x560b1b6655c3 <unknown>\n#7 0x560b1b646613 <unknown>\n#8 0x560b1b6164f7 <unknown>\n#9 0x560b1b616e4e <unknown>\n#10 0x560b1b8ba8db <unknown>\n#11 0x560b1b8be981 <unknown>\n#12 0x560b1b8a63ce <unknown>\n#13 0x560b1b8bf4e2 <unknown>\n#14 0x560b1b88ad2f <unknown>\n#15 0x560b1b8e4108 <unknown>\n#16 0x560b1b8e42e0 <unknown>\n#17 0x560b1b8f383c <unknown>\n#18 0x7ff329b5b134 <unknown>","time":{"start":1718758780011,"stop":1718758780482,"duration":471}},{"uid":"b14e0e65219d909c","reportUrl":"https://Nat754.github.io/StroyremAutomation/342//#testresult/b14e0e65219d909c","status":"skipped","statusDetails":"XFAIL\n\nselenium.common.exceptions.NoSuchElementException: Message: no such element: Unable to locate element: {\"method\":\"xpath\",\"selector\":\"(//a[@class='add-to-cart yellow-btn'])[1]\"}\n  (Session info: chrome-headless-shell=126.0.6478.61); For documentation on this error, please visit: https://www.selenium.dev/documentation/webdriver/troubleshooting/errors#no-such-element-exception\nStacktrace:\n#0 0x55a324d0b6aa <unknown>\n#1 0x55a3249ee0dc <unknown>\n#2 0x55a324a3a931 <unknown>\n#3 0x55a324a3aa21 <unknown>\n#4 0x55a324a7f234 <unknown>\n#5 0x55a324a5d89d <unknown>\n#6 0x55a324a7c5c3 <unknown>\n#7 0x55a324a5d613 <unknown>\n#8 0x55a324a2d4f7 <unknown>\n#9 0x55a324a2de4e <unknown>\n#10 0x55a324cd187b <unknown>\n#11 0x55a324cd5921 <unknown>\n#12 0x55a324cbd36e <unknown>\n#13 0x55a324cd6482 <unknown>\n#14 0x55a324ca1ccf <unknown>\n#15 0x55a324cfb0a8 <unknown>\n#16 0x55a324cfb280 <unknown>\n#17 0x55a324d0a7dc <unknown>\n#18 0x7fac2651a134 <unknown>","time":{"start":1718672364309,"stop":1718672364779,"duration":470}}]},"tags":["@pytest.mark.xfail","smoke_test"]},"source":"f57df2f329d1e3ae.json","parameterValues":["3320","8","'TD 016'","2390","'products/shtukaturka-gipsovaya-aksolit-m50-30-kg-mashinnogo-naneseniya'","650","'https://sandboxtest.stroyrem-nn.ru/'","300"]}