{"uid":"ffdf8abe45641f5a","name":"test_positive_delivery_green_zone_smoke[TD 008-products/shtukaturka-gipsovaya-aksolit-m50-30-kg-mashinnogo-naneseniya-149-4500-2300-3980-4490-https://sandboxtest.stroyrem-nn.ru/]","fullName":"tests.delivery.test_delivery_calculation.TestDeliveryPageCalculation#test_positive_delivery_green_zone_smoke","historyId":"a6e4f8846394d8afbfad6037346de2a8","time":{"start":1703551957806,"stop":1703551958392,"duration":586},"status":"skipped","statusMessage":"XFAIL\n\nselenium.common.exceptions.NoSuchElementException: Message: no such element: Unable to locate element: {\"method\":\"xpath\",\"selector\":\"(//a[@class='add-to-cart yellow-btn'])[1]\"}\n  (Session info: chrome-headless-shell=120.0.6099.109); For documentation on this error, please visit: https://www.selenium.dev/documentation/webdriver/troubleshooting/errors#no-such-element-exception\nStacktrace:\n#0 0x560f544b5f83 <unknown>\n#1 0x560f5416ecf7 <unknown>\n#2 0x560f541be99e <unknown>\n#3 0x560f541beaa1 <unknown>\n#4 0x560f54209d64 <unknown>\n#5 0x560f541e80dd <unknown>\n#6 0x560f54207006 <unknown>\n#7 0x560f541e7e53 <unknown>\n#8 0x560f541afdd4 <unknown>\n#9 0x560f541b11de <unknown>\n#10 0x560f5447a531 <unknown>\n#11 0x560f5447e455 <unknown>\n#12 0x560f54466f55 <unknown>\n#13 0x560f5447f0ef <unknown>\n#14 0x560f5444a99f <unknown>\n#15 0x560f544a3008 <unknown>\n#16 0x560f544a31d7 <unknown>\n#17 0x560f544b5124 <unknown>\n#18 0x7f7dfc06b044 <unknown>","statusTrace":"self = <tests.delivery.test_delivery_calculation.TestDeliveryPageCalculation object at 0x7f2d7c8c7a50>\ndriver = <selenium.webdriver.chrome.webdriver.WebDriver (session=\"67b2741243691d43e42c61e9c0e6d2cf\")>\nurl = 'https://sandboxtest.stroyrem-nn.ru/', case_id = 'TD 008'\nlink_item = 'products/shtukaturka-gipsovaya-aksolit-m50-30-kg-mashinnogo-naneseniya'\namount = 149, weight = 4500, standard = 2300, in_time = 3980, all_time = 4490\n\n    @pytest.mark.parametrize('case_id, link_item, amount, weight, standard, in_time, all_time', [\n        (\"TD 001\", uroven_3000, 1, 30, 0, 1590, 2190),\n        (\"TD 002\", bundeks_25, 1, 30, 400, 1590, 2190),\n        (\"TD 003\", aksolit_30, 8, 300, 400, 1590, 2190),\n        (\"TD 004\", aksolit_30, 13, 400, 450, 1590, 2190),\n        (\"TD 005\", aksolit_30, 16, 500, 600, 1590, 2190),\n        (\"TD 006\", aksolit_30, 25, 1700, 990, 1990, 2480),\n        (\"TD 007\", aksolit_30, 66, 2000, 1300, 2490, 2980),\n        (\"TD 008\", aksolit_30, 149, 4500, 2300, 3980, 4490),\n        (\"TD 009\", aksolit_30, 166, 5000, 2500, 4990, 5480),\n        pytest.param(\n            \"TD 010\", aksolit_30, 206, 6200, 2900, 5570, 6120,\n            marks=pytest.mark.xfail(reson=\"Цена доставки 3600 7960 8980\")\n        ),\n        (\"TD 011\", aksolit_30, 299, 9000, 3600, 7960, 8980),\n        (\"TD 012\", aksolit_30, 333, 10000, 4450, 11990, 12500),\n        pytest.param(\n            \"TD 013\", aksolit_30, 366, 11000, 4800, 12450, 13480,\n            marks=pytest.mark.xfail(reason=\"Цена стандартной доставки 4450\")\n        ),\n        pytest.param(\n            \"TD 014\", aksolit_30, 666, 20000, 5400, 15600, 17490,\n            marks=pytest.mark.xfail(reason=\"Цена стандартной доставки 4450\")\n        )\n    ])\n    @pytest.mark.xfail\n    @pytest.mark.smoke_test\n    def test_positive_delivery_green_zone_smoke(\n            self, driver, url, case_id, link_item, amount, weight, standard, in_time, all_time\n    ):\n    \n        driver.get(f'{url}{link_item}')\n        item_page = ItemPage(driver)\n>       item_page.add_item_to_cart(amount).click_on_cart()\n\ntests/delivery/test_delivery_calculation.py:50: \n_ _ _ _ _ _ _ _ _ _ _ _ _ _ _ _ _ _ _ _ _ _ _ _ _ _ _ _ _ _ _ _ _ _ _ _ _ _ _ _ \npages/item_page.py:40: in add_item_to_cart\n    self.find_element(self._add_item).click()\nbase/seleniumbase.py:17: in find_element\n    return self.driver.find_element(*locator)\n/usr/local/lib/python3.11/site-packages/selenium/webdriver/remote/webdriver.py:739: in find_element\n    return self.execute(Command.FIND_ELEMENT, {\"using\": by, \"value\": value})[\"value\"]\n/usr/local/lib/python3.11/site-packages/selenium/webdriver/remote/webdriver.py:345: in execute\n    self.error_handler.check_response(response)\n_ _ _ _ _ _ _ _ _ _ _ _ _ _ _ _ _ _ _ _ _ _ _ _ _ _ _ _ _ _ _ _ _ _ _ _ _ _ _ _ \n\nself = <selenium.webdriver.remote.errorhandler.ErrorHandler object at 0x7f2d7c206b90>\nresponse = {'status': 404, 'value': '{\"value\":{\"error\":\"no such element\",\"message\":\"no such element: Unable to locate element: {\\...\\\\n#16 0x560f544a31d7 \\\\u003Cunknown>\\\\n#17 0x560f544b5124 \\\\u003Cunknown>\\\\n#18 0x7f7dfc06b044 \\\\u003Cunknown>\\\\n\"}}'}\n\n    def check_response(self, response: Dict[str, Any]) -> None:\n        \"\"\"Checks that a JSON response from the WebDriver does not have an\n        error.\n    \n        :Args:\n         - response - The JSON response from the WebDriver server as a dictionary\n           object.\n    \n        :Raises: If the response contains an error message.\n        \"\"\"\n        status = response.get(\"status\", None)\n        if not status or status == ErrorCode.SUCCESS:\n            return\n        value = None\n        message = response.get(\"message\", \"\")\n        screen: str = response.get(\"screen\", \"\")\n        stacktrace = None\n        if isinstance(status, int):\n            value_json = response.get(\"value\", None)\n            if value_json and isinstance(value_json, str):\n                import json\n    \n                try:\n                    value = json.loads(value_json)\n                    if len(value) == 1:\n                        value = value[\"value\"]\n                    status = value.get(\"error\", None)\n                    if not status:\n                        status = value.get(\"status\", ErrorCode.UNKNOWN_ERROR)\n                        message = value.get(\"value\") or value.get(\"message\")\n                        if not isinstance(message, str):\n                            value = message\n                            message = message.get(\"message\")\n                    else:\n                        message = value.get(\"message\", None)\n                except ValueError:\n                    pass\n    \n        exception_class: Type[WebDriverException]\n        e = ErrorCode()\n        error_codes = [item for item in dir(e) if not item.startswith(\"__\")]\n        for error_code in error_codes:\n            error_info = getattr(ErrorCode, error_code)\n            if isinstance(error_info, list) and status in error_info:\n                exception_class = getattr(ExceptionMapping, error_code, WebDriverException)\n                break\n        else:\n            exception_class = WebDriverException\n    \n        if not value:\n            value = response[\"value\"]\n        if isinstance(value, str):\n            raise exception_class(value)\n        if message == \"\" and \"message\" in value:\n            message = value[\"message\"]\n    \n        screen = None  # type: ignore[assignment]\n        if \"screen\" in value:\n            screen = value[\"screen\"]\n    \n        stacktrace = None\n        st_value = value.get(\"stackTrace\") or value.get(\"stacktrace\")\n        if st_value:\n            if isinstance(st_value, str):\n                stacktrace = st_value.split(\"\\n\")\n            else:\n                stacktrace = []\n                try:\n                    for frame in st_value:\n                        line = frame.get(\"lineNumber\", \"\")\n                        file = frame.get(\"fileName\", \"<anonymous>\")\n                        if line:\n                            file = f\"{file}:{line}\"\n                        meth = frame.get(\"methodName\", \"<anonymous>\")\n                        if \"className\" in frame:\n                            meth = f\"{frame['className']}.{meth}\"\n                        msg = \"    at %s (%s)\"\n                        msg = msg % (meth, file)\n                        stacktrace.append(msg)\n                except TypeError:\n                    pass\n        if exception_class == UnexpectedAlertPresentException:\n            alert_text = None\n            if \"data\" in value:\n                alert_text = value[\"data\"].get(\"text\")\n            elif \"alert\" in value:\n                alert_text = value[\"alert\"].get(\"text\")\n            raise exception_class(message, screen, stacktrace, alert_text)  # type: ignore[call-arg]  # mypy is not smart enough here\n>       raise exception_class(message, screen, stacktrace)\nE       selenium.common.exceptions.NoSuchElementException: Message: no such element: Unable to locate element: {\"method\":\"xpath\",\"selector\":\"(//a[@class='add-to-cart yellow-btn'])[1]\"}\nE         (Session info: chrome-headless-shell=120.0.6099.109); For documentation on this error, please visit: https://www.selenium.dev/documentation/webdriver/troubleshooting/errors#no-such-element-exception\nE       Stacktrace:\nE       #0 0x560f544b5f83 <unknown>\nE       #1 0x560f5416ecf7 <unknown>\nE       #2 0x560f541be99e <unknown>\nE       #3 0x560f541beaa1 <unknown>\nE       #4 0x560f54209d64 <unknown>\nE       #5 0x560f541e80dd <unknown>\nE       #6 0x560f54207006 <unknown>\nE       #7 0x560f541e7e53 <unknown>\nE       #8 0x560f541afdd4 <unknown>\nE       #9 0x560f541b11de <unknown>\nE       #10 0x560f5447a531 <unknown>\nE       #11 0x560f5447e455 <unknown>\nE       #12 0x560f54466f55 <unknown>\nE       #13 0x560f5447f0ef <unknown>\nE       #14 0x560f5444a99f <unknown>\nE       #15 0x560f544a3008 <unknown>\nE       #16 0x560f544a31d7 <unknown>\nE       #17 0x560f544b5124 <unknown>\nE       #18 0x7f7dfc06b044 <unknown>\n\n/usr/local/lib/python3.11/site-packages/selenium/webdriver/remote/errorhandler.py:229: NoSuchElementException","flaky":false,"newFailed":false,"newBroken":false,"newPassed":false,"retriesCount":0,"retriesStatusChange":false,"beforeStages":[{"name":"_session_faker","time":{"start":1703551719426,"stop":1703551719493,"duration":67},"status":"passed","steps":[],"attachments":[],"parameters":[],"shouldDisplayMessage":false,"stepsCount":0,"attachmentsCount":0,"hasContent":false,"attachmentStep":false},{"name":"clear_allure_results_folder","time":{"start":1703551719493,"stop":1703551719494,"duration":1},"status":"passed","steps":[],"attachments":[],"parameters":[],"shouldDisplayMessage":false,"stepsCount":0,"attachmentsCount":0,"hasContent":false,"attachmentStep":false},{"name":"driver","time":{"start":1703551957033,"stop":1703551957805,"duration":772},"status":"passed","steps":[],"attachments":[],"parameters":[],"shouldDisplayMessage":false,"stepsCount":0,"attachmentsCount":0,"hasContent":false,"attachmentStep":false},{"name":"setup","time":{"start":1703551957805,"stop":1703551957805,"duration":0},"status":"passed","steps":[],"attachments":[],"parameters":[],"shouldDisplayMessage":false,"stepsCount":0,"attachmentsCount":0,"hasContent":false,"attachmentStep":false}],"testStage":{"status":"skipped","statusMessage":"XFAIL\n\nselenium.common.exceptions.NoSuchElementException: Message: no such element: Unable to locate element: {\"method\":\"xpath\",\"selector\":\"(//a[@class='add-to-cart yellow-btn'])[1]\"}\n  (Session info: chrome-headless-shell=120.0.6099.109); For documentation on this error, please visit: https://www.selenium.dev/documentation/webdriver/troubleshooting/errors#no-such-element-exception\nStacktrace:\n#0 0x560f544b5f83 <unknown>\n#1 0x560f5416ecf7 <unknown>\n#2 0x560f541be99e <unknown>\n#3 0x560f541beaa1 <unknown>\n#4 0x560f54209d64 <unknown>\n#5 0x560f541e80dd <unknown>\n#6 0x560f54207006 <unknown>\n#7 0x560f541e7e53 <unknown>\n#8 0x560f541afdd4 <unknown>\n#9 0x560f541b11de <unknown>\n#10 0x560f5447a531 <unknown>\n#11 0x560f5447e455 <unknown>\n#12 0x560f54466f55 <unknown>\n#13 0x560f5447f0ef <unknown>\n#14 0x560f5444a99f <unknown>\n#15 0x560f544a3008 <unknown>\n#16 0x560f544a31d7 <unknown>\n#17 0x560f544b5124 <unknown>\n#18 0x7f7dfc06b044 <unknown>","statusTrace":"self = <tests.delivery.test_delivery_calculation.TestDeliveryPageCalculation object at 0x7f2d7c8c7a50>\ndriver = <selenium.webdriver.chrome.webdriver.WebDriver (session=\"67b2741243691d43e42c61e9c0e6d2cf\")>\nurl = 'https://sandboxtest.stroyrem-nn.ru/', case_id = 'TD 008'\nlink_item = 'products/shtukaturka-gipsovaya-aksolit-m50-30-kg-mashinnogo-naneseniya'\namount = 149, weight = 4500, standard = 2300, in_time = 3980, all_time = 4490\n\n    @pytest.mark.parametrize('case_id, link_item, amount, weight, standard, in_time, all_time', [\n        (\"TD 001\", uroven_3000, 1, 30, 0, 1590, 2190),\n        (\"TD 002\", bundeks_25, 1, 30, 400, 1590, 2190),\n        (\"TD 003\", aksolit_30, 8, 300, 400, 1590, 2190),\n        (\"TD 004\", aksolit_30, 13, 400, 450, 1590, 2190),\n        (\"TD 005\", aksolit_30, 16, 500, 600, 1590, 2190),\n        (\"TD 006\", aksolit_30, 25, 1700, 990, 1990, 2480),\n        (\"TD 007\", aksolit_30, 66, 2000, 1300, 2490, 2980),\n        (\"TD 008\", aksolit_30, 149, 4500, 2300, 3980, 4490),\n        (\"TD 009\", aksolit_30, 166, 5000, 2500, 4990, 5480),\n        pytest.param(\n            \"TD 010\", aksolit_30, 206, 6200, 2900, 5570, 6120,\n            marks=pytest.mark.xfail(reson=\"Цена доставки 3600 7960 8980\")\n        ),\n        (\"TD 011\", aksolit_30, 299, 9000, 3600, 7960, 8980),\n        (\"TD 012\", aksolit_30, 333, 10000, 4450, 11990, 12500),\n        pytest.param(\n            \"TD 013\", aksolit_30, 366, 11000, 4800, 12450, 13480,\n            marks=pytest.mark.xfail(reason=\"Цена стандартной доставки 4450\")\n        ),\n        pytest.param(\n            \"TD 014\", aksolit_30, 666, 20000, 5400, 15600, 17490,\n            marks=pytest.mark.xfail(reason=\"Цена стандартной доставки 4450\")\n        )\n    ])\n    @pytest.mark.xfail\n    @pytest.mark.smoke_test\n    def test_positive_delivery_green_zone_smoke(\n            self, driver, url, case_id, link_item, amount, weight, standard, in_time, all_time\n    ):\n    \n        driver.get(f'{url}{link_item}')\n        item_page = ItemPage(driver)\n>       item_page.add_item_to_cart(amount).click_on_cart()\n\ntests/delivery/test_delivery_calculation.py:50: \n_ _ _ _ _ _ _ _ _ _ _ _ _ _ _ _ _ _ _ _ _ _ _ _ _ _ _ _ _ _ _ _ _ _ _ _ _ _ _ _ \npages/item_page.py:40: in add_item_to_cart\n    self.find_element(self._add_item).click()\nbase/seleniumbase.py:17: in find_element\n    return self.driver.find_element(*locator)\n/usr/local/lib/python3.11/site-packages/selenium/webdriver/remote/webdriver.py:739: in find_element\n    return self.execute(Command.FIND_ELEMENT, {\"using\": by, \"value\": value})[\"value\"]\n/usr/local/lib/python3.11/site-packages/selenium/webdriver/remote/webdriver.py:345: in execute\n    self.error_handler.check_response(response)\n_ _ _ _ _ _ _ _ _ _ _ _ _ _ _ _ _ _ _ _ _ _ _ _ _ _ _ _ _ _ _ _ _ _ _ _ _ _ _ _ \n\nself = <selenium.webdriver.remote.errorhandler.ErrorHandler object at 0x7f2d7c206b90>\nresponse = {'status': 404, 'value': '{\"value\":{\"error\":\"no such element\",\"message\":\"no such element: Unable to locate element: {\\...\\\\n#16 0x560f544a31d7 \\\\u003Cunknown>\\\\n#17 0x560f544b5124 \\\\u003Cunknown>\\\\n#18 0x7f7dfc06b044 \\\\u003Cunknown>\\\\n\"}}'}\n\n    def check_response(self, response: Dict[str, Any]) -> None:\n        \"\"\"Checks that a JSON response from the WebDriver does not have an\n        error.\n    \n        :Args:\n         - response - The JSON response from the WebDriver server as a dictionary\n           object.\n    \n        :Raises: If the response contains an error message.\n        \"\"\"\n        status = response.get(\"status\", None)\n        if not status or status == ErrorCode.SUCCESS:\n            return\n        value = None\n        message = response.get(\"message\", \"\")\n        screen: str = response.get(\"screen\", \"\")\n        stacktrace = None\n        if isinstance(status, int):\n            value_json = response.get(\"value\", None)\n            if value_json and isinstance(value_json, str):\n                import json\n    \n                try:\n                    value = json.loads(value_json)\n                    if len(value) == 1:\n                        value = value[\"value\"]\n                    status = value.get(\"error\", None)\n                    if not status:\n                        status = value.get(\"status\", ErrorCode.UNKNOWN_ERROR)\n                        message = value.get(\"value\") or value.get(\"message\")\n                        if not isinstance(message, str):\n                            value = message\n                            message = message.get(\"message\")\n                    else:\n                        message = value.get(\"message\", None)\n                except ValueError:\n                    pass\n    \n        exception_class: Type[WebDriverException]\n        e = ErrorCode()\n        error_codes = [item for item in dir(e) if not item.startswith(\"__\")]\n        for error_code in error_codes:\n            error_info = getattr(ErrorCode, error_code)\n            if isinstance(error_info, list) and status in error_info:\n                exception_class = getattr(ExceptionMapping, error_code, WebDriverException)\n                break\n        else:\n            exception_class = WebDriverException\n    \n        if not value:\n            value = response[\"value\"]\n        if isinstance(value, str):\n            raise exception_class(value)\n        if message == \"\" and \"message\" in value:\n            message = value[\"message\"]\n    \n        screen = None  # type: ignore[assignment]\n        if \"screen\" in value:\n            screen = value[\"screen\"]\n    \n        stacktrace = None\n        st_value = value.get(\"stackTrace\") or value.get(\"stacktrace\")\n        if st_value:\n            if isinstance(st_value, str):\n                stacktrace = st_value.split(\"\\n\")\n            else:\n                stacktrace = []\n                try:\n                    for frame in st_value:\n                        line = frame.get(\"lineNumber\", \"\")\n                        file = frame.get(\"fileName\", \"<anonymous>\")\n                        if line:\n                            file = f\"{file}:{line}\"\n                        meth = frame.get(\"methodName\", \"<anonymous>\")\n                        if \"className\" in frame:\n                            meth = f\"{frame['className']}.{meth}\"\n                        msg = \"    at %s (%s)\"\n                        msg = msg % (meth, file)\n                        stacktrace.append(msg)\n                except TypeError:\n                    pass\n        if exception_class == UnexpectedAlertPresentException:\n            alert_text = None\n            if \"data\" in value:\n                alert_text = value[\"data\"].get(\"text\")\n            elif \"alert\" in value:\n                alert_text = value[\"alert\"].get(\"text\")\n            raise exception_class(message, screen, stacktrace, alert_text)  # type: ignore[call-arg]  # mypy is not smart enough here\n>       raise exception_class(message, screen, stacktrace)\nE       selenium.common.exceptions.NoSuchElementException: Message: no such element: Unable to locate element: {\"method\":\"xpath\",\"selector\":\"(//a[@class='add-to-cart yellow-btn'])[1]\"}\nE         (Session info: chrome-headless-shell=120.0.6099.109); For documentation on this error, please visit: https://www.selenium.dev/documentation/webdriver/troubleshooting/errors#no-such-element-exception\nE       Stacktrace:\nE       #0 0x560f544b5f83 <unknown>\nE       #1 0x560f5416ecf7 <unknown>\nE       #2 0x560f541be99e <unknown>\nE       #3 0x560f541beaa1 <unknown>\nE       #4 0x560f54209d64 <unknown>\nE       #5 0x560f541e80dd <unknown>\nE       #6 0x560f54207006 <unknown>\nE       #7 0x560f541e7e53 <unknown>\nE       #8 0x560f541afdd4 <unknown>\nE       #9 0x560f541b11de <unknown>\nE       #10 0x560f5447a531 <unknown>\nE       #11 0x560f5447e455 <unknown>\nE       #12 0x560f54466f55 <unknown>\nE       #13 0x560f5447f0ef <unknown>\nE       #14 0x560f5444a99f <unknown>\nE       #15 0x560f544a3008 <unknown>\nE       #16 0x560f544a31d7 <unknown>\nE       #17 0x560f544b5124 <unknown>\nE       #18 0x7f7dfc06b044 <unknown>\n\n/usr/local/lib/python3.11/site-packages/selenium/webdriver/remote/errorhandler.py:229: NoSuchElementException","steps":[{"name":"Добавляем товар в корзину в количестве 149","time":{"start":1703551958379,"stop":1703551958391,"duration":12},"status":"broken","statusMessage":"selenium.common.exceptions.NoSuchElementException: Message: no such element: Unable to locate element: {\"method\":\"xpath\",\"selector\":\"(//a[@class='add-to-cart yellow-btn'])[1]\"}\n  (Session info: chrome-headless-shell=120.0.6099.109); For documentation on this error, please visit: https://www.selenium.dev/documentation/webdriver/troubleshooting/errors#no-such-element-exception\nStacktrace:\n#0 0x560f544b5f83 <unknown>\n#1 0x560f5416ecf7 <unknown>\n#2 0x560f541be99e <unknown>\n#3 0x560f541beaa1 <unknown>\n#4 0x560f54209d64 <unknown>\n#5 0x560f541e80dd <unknown>\n#6 0x560f54207006 <unknown>\n#7 0x560f541e7e53 <unknown>\n#8 0x560f541afdd4 <unknown>\n#9 0x560f541b11de <unknown>\n#10 0x560f5447a531 <unknown>\n#11 0x560f5447e455 <unknown>\n#12 0x560f54466f55 <unknown>\n#13 0x560f5447f0ef <unknown>\n#14 0x560f5444a99f <unknown>\n#15 0x560f544a3008 <unknown>\n#16 0x560f544a31d7 <unknown>\n#17 0x560f544b5124 <unknown>\n#18 0x7f7dfc06b044 <unknown>\n\n","statusTrace":"  File \"/usr/local/lib/python3.11/site-packages/allure_commons/_allure.py\", line 192, in impl\n    return func(*a, **kw)\n           ^^^^^^^^^^^^^^\n  File \"/app/pages/item_page.py\", line 40, in add_item_to_cart\n    self.find_element(self._add_item).click()\n    ^^^^^^^^^^^^^^^^^^^^^^^^^^^^^^^^^\n  File \"/app/base/seleniumbase.py\", line 17, in find_element\n    return self.driver.find_element(*locator)\n           ^^^^^^^^^^^^^^^^^^^^^^^^^^^^^^^^^^\n  File \"/usr/local/lib/python3.11/site-packages/selenium/webdriver/remote/webdriver.py\", line 739, in find_element\n    return self.execute(Command.FIND_ELEMENT, {\"using\": by, \"value\": value})[\"value\"]\n           ^^^^^^^^^^^^^^^^^^^^^^^^^^^^^^^^^^^^^^^^^^^^^^^^^^^^^^^^^^^^^^^^^\n  File \"/usr/local/lib/python3.11/site-packages/selenium/webdriver/remote/webdriver.py\", line 345, in execute\n    self.error_handler.check_response(response)\n  File \"/usr/local/lib/python3.11/site-packages/selenium/webdriver/remote/errorhandler.py\", line 229, in check_response\n    raise exception_class(message, screen, stacktrace)\n","steps":[],"attachments":[],"parameters":[{"name":"amount","value":"149"}],"shouldDisplayMessage":true,"stepsCount":0,"attachmentsCount":0,"hasContent":true,"attachmentStep":false}],"attachments":[{"uid":"224ba7e200ec213a","name":"Screenshot","source":"224ba7e200ec213a.png","type":"image/png","size":5862},{"uid":"832595c379e3b013","name":"HTML source","source":"832595c379e3b013.html","type":"text/html","size":39}],"parameters":[],"shouldDisplayMessage":true,"stepsCount":1,"attachmentsCount":2,"hasContent":true,"attachmentStep":false},"afterStages":[{"name":"setup::0","time":{"start":1703551958490,"stop":1703551958490,"duration":0},"status":"passed","steps":[],"attachments":[],"parameters":[],"shouldDisplayMessage":false,"stepsCount":0,"attachmentsCount":0,"hasContent":false,"attachmentStep":false},{"name":"driver::0","time":{"start":1703551958491,"stop":1703551958547,"duration":56},"status":"passed","steps":[],"attachments":[],"parameters":[],"shouldDisplayMessage":false,"stepsCount":0,"attachmentsCount":0,"hasContent":false,"attachmentStep":false}],"labels":[{"name":"epic","value":"Delivery Page - calculation"},{"name":"tag","value":"smoke_test"},{"name":"tag","value":"@pytest.mark.xfail"},{"name":"parentSuite","value":"tests.delivery"},{"name":"suite","value":"test_delivery_calculation"},{"name":"subSuite","value":"TestDeliveryPageCalculation"},{"name":"host","value":"ca968e4645ef"},{"name":"thread","value":"1-MainThread"},{"name":"framework","value":"pytest"},{"name":"language","value":"cpython3"},{"name":"package","value":"tests.delivery.test_delivery_calculation"},{"name":"resultFormat","value":"allure2"}],"parameters":[{"name":"all_time","value":"4490"},{"name":"amount","value":"149"},{"name":"case_id","value":"'TD 008'"},{"name":"in_time","value":"3980"},{"name":"link_item","value":"'products/shtukaturka-gipsovaya-aksolit-m50-30-kg-mashinnogo-naneseniya'"},{"name":"standard","value":"2300"},{"name":"url","value":"'https://sandboxtest.stroyrem-nn.ru/'"},{"name":"weight","value":"4500"}],"links":[],"hidden":false,"retry":false,"extra":{"severity":"normal","retries":[],"categories":[],"history":{"statistic":{"failed":0,"broken":13,"skipped":106,"passed":0,"unknown":0,"total":119},"items":[{"uid":"6c1a11c50d930f66","reportUrl":"https://Nat754.github.io/StroyremAutomation/166//#testresult/6c1a11c50d930f66","status":"skipped","statusDetails":"XFAIL\n\nselenium.common.exceptions.NoSuchElementException: Message: no such element: Unable to locate element: {\"method\":\"xpath\",\"selector\":\"(//a[@class='add-to-cart yellow-btn'])[1]\"}\n  (Session info: chrome-headless-shell=120.0.6099.109); For documentation on this error, please visit: https://www.selenium.dev/documentation/webdriver/troubleshooting/errors#no-such-element-exception\nStacktrace:\n#0 0x559dc0625f83 <unknown>\n#1 0x559dc02decf7 <unknown>\n#2 0x559dc032e99e <unknown>\n#3 0x559dc032eaa1 <unknown>\n#4 0x559dc0379d64 <unknown>\n#5 0x559dc03580dd <unknown>\n#6 0x559dc0377006 <unknown>\n#7 0x559dc0357e53 <unknown>\n#8 0x559dc031fdd4 <unknown>\n#9 0x559dc03211de <unknown>\n#10 0x559dc05ea531 <unknown>\n#11 0x559dc05ee455 <unknown>\n#12 0x559dc05d6f55 <unknown>\n#13 0x559dc05ef0ef <unknown>\n#14 0x559dc05ba99f <unknown>\n#15 0x559dc0613008 <unknown>\n#16 0x559dc06131d7 <unknown>\n#17 0x559dc0625124 <unknown>\n#18 0x7f8a45baf044 <unknown>","time":{"start":1703465784508,"stop":1703465784959,"duration":451}},{"uid":"4863431ec1cc544d","reportUrl":"https://Nat754.github.io/StroyremAutomation/165//#testresult/4863431ec1cc544d","status":"skipped","statusDetails":"XFAIL\n\nselenium.common.exceptions.NoSuchElementException: Message: no such element: Unable to locate element: {\"method\":\"xpath\",\"selector\":\"(//a[@class='add-to-cart yellow-btn'])[1]\"}\n  (Session info: chrome-headless-shell=120.0.6099.109); For documentation on this error, please visit: https://www.selenium.dev/documentation/webdriver/troubleshooting/errors#no-such-element-exception\nStacktrace:\n#0 0x5580d1198f83 <unknown>\n#1 0x5580d0e51cf7 <unknown>\n#2 0x5580d0ea199e <unknown>\n#3 0x5580d0ea1aa1 <unknown>\n#4 0x5580d0eecd64 <unknown>\n#5 0x5580d0ecb0dd <unknown>\n#6 0x5580d0eea006 <unknown>\n#7 0x5580d0ecae53 <unknown>\n#8 0x5580d0e92dd4 <unknown>\n#9 0x5580d0e941de <unknown>\n#10 0x5580d115d531 <unknown>\n#11 0x5580d1161455 <unknown>\n#12 0x5580d1149f55 <unknown>\n#13 0x5580d11620ef <unknown>\n#14 0x5580d112d99f <unknown>\n#15 0x5580d1186008 <unknown>\n#16 0x5580d11861d7 <unknown>\n#17 0x5580d1198124 <unknown>\n#18 0x7f5c1a6af044 <unknown>","time":{"start":1703379518371,"stop":1703379519010,"duration":639}},{"uid":"925d2beeab1d84ca","reportUrl":"https://Nat754.github.io/StroyremAutomation/164//#testresult/925d2beeab1d84ca","status":"skipped","statusDetails":"XFAIL\n\nselenium.common.exceptions.NoSuchElementException: Message: no such element: Unable to locate element: {\"method\":\"xpath\",\"selector\":\"(//a[@class='add-to-cart yellow-btn'])[1]\"}\n  (Session info: chrome-headless-shell=120.0.6099.109); For documentation on this error, please visit: https://www.selenium.dev/documentation/webdriver/troubleshooting/errors#no-such-element-exception\nStacktrace:\n#0 0x55ef2f53df83 <unknown>\n#1 0x55ef2f1f6cf7 <unknown>\n#2 0x55ef2f24699e <unknown>\n#3 0x55ef2f246aa1 <unknown>\n#4 0x55ef2f291d64 <unknown>\n#5 0x55ef2f2700dd <unknown>\n#6 0x55ef2f28f006 <unknown>\n#7 0x55ef2f26fe53 <unknown>\n#8 0x55ef2f237dd4 <unknown>\n#9 0x55ef2f2391de <unknown>\n#10 0x55ef2f502531 <unknown>\n#11 0x55ef2f506455 <unknown>\n#12 0x55ef2f4eef55 <unknown>\n#13 0x55ef2f5070ef <unknown>\n#14 0x55ef2f4d299f <unknown>\n#15 0x55ef2f52b008 <unknown>\n#16 0x55ef2f52b1d7 <unknown>\n#17 0x55ef2f53d124 <unknown>\n#18 0x7fbcb426f044 <unknown>","time":{"start":1703292725459,"stop":1703292725930,"duration":471}},{"uid":"4f53564062361dd8","reportUrl":"https://Nat754.github.io/StroyremAutomation/163//#testresult/4f53564062361dd8","status":"skipped","statusDetails":"XFAIL\n\nselenium.common.exceptions.NoSuchElementException: Message: no such element: Unable to locate element: {\"method\":\"xpath\",\"selector\":\"(//a[@class='add-to-cart yellow-btn'])[1]\"}\n  (Session info: chrome-headless-shell=120.0.6099.109); For documentation on this error, please visit: https://www.selenium.dev/documentation/webdriver/troubleshooting/errors#no-such-element-exception\nStacktrace:\n#0 0x55d89d6baf83 <unknown>\n#1 0x55d89d373cf7 <unknown>\n#2 0x55d89d3c399e <unknown>\n#3 0x55d89d3c3aa1 <unknown>\n#4 0x55d89d40ed64 <unknown>\n#5 0x55d89d3ed0dd <unknown>\n#6 0x55d89d40c006 <unknown>\n#7 0x55d89d3ece53 <unknown>\n#8 0x55d89d3b4dd4 <unknown>\n#9 0x55d89d3b61de <unknown>\n#10 0x55d89d67f531 <unknown>\n#11 0x55d89d683455 <unknown>\n#12 0x55d89d66bf55 <unknown>\n#13 0x55d89d6840ef <unknown>\n#14 0x55d89d64f99f <unknown>\n#15 0x55d89d6a8008 <unknown>\n#16 0x55d89d6a81d7 <unknown>\n#17 0x55d89d6ba124 <unknown>\n#18 0x7f7bdf4b1044 <unknown>","time":{"start":1703206456339,"stop":1703206456704,"duration":365}},{"uid":"46da70470c3ed3cb","reportUrl":"https://Nat754.github.io/StroyremAutomation/162//#testresult/46da70470c3ed3cb","status":"skipped","statusDetails":"XFAIL\n\nselenium.common.exceptions.NoSuchElementException: Message: no such element: Unable to locate element: {\"method\":\"xpath\",\"selector\":\"(//a[@class='add-to-cart yellow-btn'])[1]\"}\n  (Session info: chrome-headless-shell=120.0.6099.109); For documentation on this error, please visit: https://www.selenium.dev/documentation/webdriver/troubleshooting/errors#no-such-element-exception\nStacktrace:\n#0 0x558c25b7af83 <unknown>\n#1 0x558c25833cf7 <unknown>\n#2 0x558c2588399e <unknown>\n#3 0x558c25883aa1 <unknown>\n#4 0x558c258ced64 <unknown>\n#5 0x558c258ad0dd <unknown>\n#6 0x558c258cc006 <unknown>\n#7 0x558c258ace53 <unknown>\n#8 0x558c25874dd4 <unknown>\n#9 0x558c258761de <unknown>\n#10 0x558c25b3f531 <unknown>\n#11 0x558c25b43455 <unknown>\n#12 0x558c25b2bf55 <unknown>\n#13 0x558c25b440ef <unknown>\n#14 0x558c25b0f99f <unknown>\n#15 0x558c25b68008 <unknown>\n#16 0x558c25b681d7 <unknown>\n#17 0x558c25b7a124 <unknown>\n#18 0x7f7b15480044 <unknown>","time":{"start":1703120075646,"stop":1703120076183,"duration":537}},{"uid":"7643b8fcecdfc644","reportUrl":"https://Nat754.github.io/StroyremAutomation/161//#testresult/7643b8fcecdfc644","status":"skipped","statusDetails":"XFAIL\n\nselenium.common.exceptions.NoSuchElementException: Message: no such element: Unable to locate element: {\"method\":\"xpath\",\"selector\":\"(//a[@class='add-to-cart yellow-btn'])[1]\"}\n  (Session info: chrome-headless-shell=120.0.6099.109); For documentation on this error, please visit: https://www.selenium.dev/documentation/webdriver/troubleshooting/errors#no-such-element-exception\nStacktrace:\n#0 0x555c70494f83 <unknown>\n#1 0x555c7014dcf7 <unknown>\n#2 0x555c7019d99e <unknown>\n#3 0x555c7019daa1 <unknown>\n#4 0x555c701e8d64 <unknown>\n#5 0x555c701c70dd <unknown>\n#6 0x555c701e6006 <unknown>\n#7 0x555c701c6e53 <unknown>\n#8 0x555c7018edd4 <unknown>\n#9 0x555c701901de <unknown>\n#10 0x555c70459531 <unknown>\n#11 0x555c7045d455 <unknown>\n#12 0x555c70445f55 <unknown>\n#13 0x555c7045e0ef <unknown>\n#14 0x555c7042999f <unknown>\n#15 0x555c70482008 <unknown>\n#16 0x555c704821d7 <unknown>\n#17 0x555c70494124 <unknown>\n#18 0x7f1ec2cfb044 <unknown>","time":{"start":1703033149820,"stop":1703033150330,"duration":510}},{"uid":"d65f6fcf874fbcbd","reportUrl":"https://Nat754.github.io/StroyremAutomation/160//#testresult/d65f6fcf874fbcbd","status":"skipped","statusDetails":"XFAIL\n\nselenium.common.exceptions.NoSuchElementException: Message: no such element: Unable to locate element: {\"method\":\"xpath\",\"selector\":\"(//a[@class='add-to-cart yellow-btn'])[1]\"}\n  (Session info: chrome-headless-shell=120.0.6099.109); For documentation on this error, please visit: https://www.selenium.dev/documentation/webdriver/troubleshooting/errors#no-such-element-exception\nStacktrace:\n#0 0x5581b6a08f83 <unknown>\n#1 0x5581b66c1cf7 <unknown>\n#2 0x5581b671199e <unknown>\n#3 0x5581b6711aa1 <unknown>\n#4 0x5581b675cd64 <unknown>\n#5 0x5581b673b0dd <unknown>\n#6 0x5581b675a006 <unknown>\n#7 0x5581b673ae53 <unknown>\n#8 0x5581b6702dd4 <unknown>\n#9 0x5581b67041de <unknown>\n#10 0x5581b69cd531 <unknown>\n#11 0x5581b69d1455 <unknown>\n#12 0x5581b69b9f55 <unknown>\n#13 0x5581b69d20ef <unknown>\n#14 0x5581b699d99f <unknown>\n#15 0x5581b69f6008 <unknown>\n#16 0x5581b69f61d7 <unknown>\n#17 0x5581b6a08124 <unknown>\n#18 0x7f7893036044 <unknown>","time":{"start":1702947297869,"stop":1702947298344,"duration":475}},{"uid":"42500f062cc82103","reportUrl":"https://Nat754.github.io/StroyremAutomation/159//#testresult/42500f062cc82103","status":"skipped","statusDetails":"XFAIL\n\nselenium.common.exceptions.NoSuchElementException: Message: no such element: Unable to locate element: {\"method\":\"xpath\",\"selector\":\"(//a[@class='add-to-cart yellow-btn'])[1]\"}\n  (Session info: chrome-headless-shell=120.0.6099.71); For documentation on this error, please visit: https://www.selenium.dev/documentation/webdriver/troubleshooting/errors#no-such-element-exception\nStacktrace:\n#0 0x5614bb955d33 <unknown>\n#1 0x5614bb612f87 <unknown>\n#2 0x5614bb662c0e <unknown>\n#3 0x5614bb662d11 <unknown>\n#4 0x5614bb6ae004 <unknown>\n#5 0x5614bb68c36d <unknown>\n#6 0x5614bb6ab297 <unknown>\n#7 0x5614bb68c0e3 <unknown>\n#8 0x5614bb654044 <unknown>\n#9 0x5614bb65544e <unknown>\n#10 0x5614bb91a861 <unknown>\n#11 0x5614bb91e785 <unknown>\n#12 0x5614bb908285 <unknown>\n#13 0x5614bb91f41f <unknown>\n#14 0x5614bb8ec20f <unknown>\n#15 0x5614bb943028 <unknown>\n#16 0x5614bb9431f7 <unknown>\n#17 0x5614bb954ed4 <unknown>\n#18 0x7f33ac96c044 <unknown>","time":{"start":1702860986725,"stop":1702860987143,"duration":418}},{"uid":"3ac7ac5577f36ce5","reportUrl":"https://Nat754.github.io/StroyremAutomation/158//#testresult/3ac7ac5577f36ce5","status":"skipped","statusDetails":"XFAIL\n\nselenium.common.exceptions.NoSuchElementException: Message: no such element: Unable to locate element: {\"method\":\"xpath\",\"selector\":\"(//a[@class='add-to-cart yellow-btn'])[1]\"}\n  (Session info: chrome-headless-shell=120.0.6099.71); For documentation on this error, please visit: https://www.selenium.dev/documentation/webdriver/troubleshooting/errors#no-such-element-exception\nStacktrace:\n#0 0x55aa61b29d33 <unknown>\n#1 0x55aa617e6f87 <unknown>\n#2 0x55aa61836c0e <unknown>\n#3 0x55aa61836d11 <unknown>\n#4 0x55aa61882004 <unknown>\n#5 0x55aa6186036d <unknown>\n#6 0x55aa6187f297 <unknown>\n#7 0x55aa618600e3 <unknown>\n#8 0x55aa61828044 <unknown>\n#9 0x55aa6182944e <unknown>\n#10 0x55aa61aee861 <unknown>\n#11 0x55aa61af2785 <unknown>\n#12 0x55aa61adc285 <unknown>\n#13 0x55aa61af341f <unknown>\n#14 0x55aa61ac020f <unknown>\n#15 0x55aa61b17028 <unknown>\n#16 0x55aa61b171f7 <unknown>\n#17 0x55aa61b28ed4 <unknown>\n#18 0x7f77bc6bc044 <unknown>","time":{"start":1702774726046,"stop":1702774726438,"duration":392}},{"uid":"8492acca9c4a0714","reportUrl":"https://Nat754.github.io/StroyremAutomation/157//#testresult/8492acca9c4a0714","status":"skipped","statusDetails":"XFAIL\n\nselenium.common.exceptions.NoSuchElementException: Message: no such element: Unable to locate element: {\"method\":\"xpath\",\"selector\":\"(//a[@class='add-to-cart yellow-btn'])[1]\"}\n  (Session info: chrome-headless-shell=120.0.6099.71); For documentation on this error, please visit: https://www.selenium.dev/documentation/webdriver/troubleshooting/errors#no-such-element-exception\nStacktrace:\n#0 0x559230384d33 <unknown>\n#1 0x559230041f87 <unknown>\n#2 0x559230091c0e <unknown>\n#3 0x559230091d11 <unknown>\n#4 0x5592300dd004 <unknown>\n#5 0x5592300bb36d <unknown>\n#6 0x5592300da297 <unknown>\n#7 0x5592300bb0e3 <unknown>\n#8 0x559230083044 <unknown>\n#9 0x55923008444e <unknown>\n#10 0x559230349861 <unknown>\n#11 0x55923034d785 <unknown>\n#12 0x559230337285 <unknown>\n#13 0x55923034e41f <unknown>\n#14 0x55923031b20f <unknown>\n#15 0x559230372028 <unknown>\n#16 0x5592303721f7 <unknown>\n#17 0x559230383ed4 <unknown>\n#18 0x7fbaa68be044 <unknown>","time":{"start":1702688046147,"stop":1702688046528,"duration":381}},{"uid":"10811d277cb04a39","reportUrl":"https://Nat754.github.io/StroyremAutomation/156//#testresult/10811d277cb04a39","status":"skipped","statusDetails":"XFAIL\n\nselenium.common.exceptions.NoSuchElementException: Message: no such element: Unable to locate element: {\"method\":\"xpath\",\"selector\":\"(//a[@class='add-to-cart yellow-btn'])[1]\"}\n  (Session info: chrome-headless-shell=120.0.6099.71); For documentation on this error, please visit: https://www.selenium.dev/documentation/webdriver/troubleshooting/errors#no-such-element-exception\nStacktrace:\n#0 0x564f814e6d33 <unknown>\n#1 0x564f811a3f87 <unknown>\n#2 0x564f811f3c0e <unknown>\n#3 0x564f811f3d11 <unknown>\n#4 0x564f8123f004 <unknown>\n#5 0x564f8121d36d <unknown>\n#6 0x564f8123c297 <unknown>\n#7 0x564f8121d0e3 <unknown>\n#8 0x564f811e5044 <unknown>\n#9 0x564f811e644e <unknown>\n#10 0x564f814ab861 <unknown>\n#11 0x564f814af785 <unknown>\n#12 0x564f81499285 <unknown>\n#13 0x564f814b041f <unknown>\n#14 0x564f8147d20f <unknown>\n#15 0x564f814d4028 <unknown>\n#16 0x564f814d41f7 <unknown>\n#17 0x564f814e5ed4 <unknown>\n#18 0x7f4f17412044 <unknown>","time":{"start":1702601765717,"stop":1702601766193,"duration":476}},{"uid":"a99cc40f9b799d81","reportUrl":"https://Nat754.github.io/StroyremAutomation/155//#testresult/a99cc40f9b799d81","status":"skipped","statusDetails":"XFAIL\n\nselenium.common.exceptions.NoSuchElementException: Message: no such element: Unable to locate element: {\"method\":\"xpath\",\"selector\":\"(//a[@class='add-to-cart yellow-btn'])[1]\"}\n  (Session info: chrome-headless-shell=120.0.6099.71); For documentation on this error, please visit: https://www.selenium.dev/documentation/webdriver/troubleshooting/errors#no-such-element-exception\nStacktrace:\n#0 0x55c7b6dc5d33 <unknown>\n#1 0x55c7b6a82f87 <unknown>\n#2 0x55c7b6ad2c0e <unknown>\n#3 0x55c7b6ad2d11 <unknown>\n#4 0x55c7b6b1e004 <unknown>\n#5 0x55c7b6afc36d <unknown>\n#6 0x55c7b6b1b297 <unknown>\n#7 0x55c7b6afc0e3 <unknown>\n#8 0x55c7b6ac4044 <unknown>\n#9 0x55c7b6ac544e <unknown>\n#10 0x55c7b6d8a861 <unknown>\n#11 0x55c7b6d8e785 <unknown>\n#12 0x55c7b6d78285 <unknown>\n#13 0x55c7b6d8f41f <unknown>\n#14 0x55c7b6d5c20f <unknown>\n#15 0x55c7b6db3028 <unknown>\n#16 0x55c7b6db31f7 <unknown>\n#17 0x55c7b6dc4ed4 <unknown>\n#18 0x7f8affd58044 <unknown>","time":{"start":1702515222786,"stop":1702515223131,"duration":345}},{"uid":"355748afeb652c5d","reportUrl":"https://Nat754.github.io/StroyremAutomation/154//#testresult/355748afeb652c5d","status":"skipped","statusDetails":"XFAIL\n\nselenium.common.exceptions.NoSuchElementException: Message: no such element: Unable to locate element: {\"method\":\"xpath\",\"selector\":\"(//a[@class='add-to-cart yellow-btn'])[1]\"}\n  (Session info: chrome-headless-shell=120.0.6099.71); For documentation on this error, please visit: https://www.selenium.dev/documentation/webdriver/troubleshooting/errors#no-such-element-exception\nStacktrace:\n#0 0x55dc76628d33 <unknown>\n#1 0x55dc762e5f87 <unknown>\n#2 0x55dc76335c0e <unknown>\n#3 0x55dc76335d11 <unknown>\n#4 0x55dc76381004 <unknown>\n#5 0x55dc7635f36d <unknown>\n#6 0x55dc7637e297 <unknown>\n#7 0x55dc7635f0e3 <unknown>\n#8 0x55dc76327044 <unknown>\n#9 0x55dc7632844e <unknown>\n#10 0x55dc765ed861 <unknown>\n#11 0x55dc765f1785 <unknown>\n#12 0x55dc765db285 <unknown>\n#13 0x55dc765f241f <unknown>\n#14 0x55dc765bf20f <unknown>\n#15 0x55dc76616028 <unknown>\n#16 0x55dc766161f7 <unknown>\n#17 0x55dc76627ed4 <unknown>\n#18 0x7fd93e2ef044 <unknown>","time":{"start":1702452958450,"stop":1702452958924,"duration":474}},{"uid":"75c1352147464d0e","reportUrl":"https://Nat754.github.io/StroyremAutomation/133//#testresult/75c1352147464d0e","status":"skipped","statusDetails":"XFAIL\n\nselenium.common.exceptions.NoSuchElementException: Message: no such element: Unable to locate element: {\"method\":\"xpath\",\"selector\":\"//input[@class='amount']\"}\n  (Session info: headless chrome=119.0.6045.105); For documentation on this error, please visit: https://www.selenium.dev/documentation/webdriver/troubleshooting/errors#no-such-element-exception\nStacktrace:\n#0 0x5563713f15e3 <unknown>\n#1 0x5563710b40b7 <unknown>\n#2 0x556371101f53 <unknown>\n#3 0x556371102051 <unknown>\n#4 0x5563711479c4 <unknown>\n#5 0x556371128f1d <unknown>\n#6 0x556371144b3d <unknown>\n#7 0x556371128cc3 <unknown>\n#8 0x5563710f40e4 <unknown>\n#9 0x5563710f50ae <unknown>\n#10 0x5563713b7ce1 <unknown>\n#11 0x5563713bbb7e <unknown>\n#12 0x5563713a54b5 <unknown>\n#13 0x5563713bc7d6 <unknown>\n#14 0x556371388dbf <unknown>\n#15 0x5563713df748 <unknown>\n#16 0x5563713df917 <unknown>\n#17 0x5563713f0773 <unknown>\n#18 0x7f493d71f044 <unknown>","time":{"start":1700614576041,"stop":1700614579767,"duration":3726}},{"uid":"ca7cf350cd021635","reportUrl":"https://Nat754.github.io/StroyremAutomation/132//#testresult/ca7cf350cd021635","status":"skipped","statusDetails":"XFAIL\n\nselenium.common.exceptions.NoSuchElementException: Message: no such element: Unable to locate element: {\"method\":\"xpath\",\"selector\":\"//input[@class='amount']\"}\n  (Session info: headless chrome=119.0.6045.105); For documentation on this error, please visit: https://www.selenium.dev/documentation/webdriver/troubleshooting/errors#no-such-element-exception\nStacktrace:\n#0 0x558d8481a5e3 <unknown>\n#1 0x558d844dd0b7 <unknown>\n#2 0x558d8452af53 <unknown>\n#3 0x558d8452b051 <unknown>\n#4 0x558d845709c4 <unknown>\n#5 0x558d84551f1d <unknown>\n#6 0x558d8456db3d <unknown>\n#7 0x558d84551cc3 <unknown>\n#8 0x558d8451d0e4 <unknown>\n#9 0x558d8451e0ae <unknown>\n#10 0x558d847e0ce1 <unknown>\n#11 0x558d847e4b7e <unknown>\n#12 0x558d847ce4b5 <unknown>\n#13 0x558d847e57d6 <unknown>\n#14 0x558d847b1dbf <unknown>\n#15 0x558d84808748 <unknown>\n#16 0x558d84808917 <unknown>\n#17 0x558d84819773 <unknown>\n#18 0x7feb76750044 <unknown>","time":{"start":1700528183863,"stop":1700528188611,"duration":4748}},{"uid":"326115101136bb81","reportUrl":"https://Nat754.github.io/StroyremAutomation/131//#testresult/326115101136bb81","status":"skipped","statusDetails":"XFAIL\n\nselenium.common.exceptions.NoSuchElementException: Message: no such element: Unable to locate element: {\"method\":\"xpath\",\"selector\":\"//input[@class='amount']\"}\n  (Session info: headless chrome=119.0.6045.105); For documentation on this error, please visit: https://www.selenium.dev/documentation/webdriver/troubleshooting/errors#no-such-element-exception\nStacktrace:\n#0 0x560e4d3545e3 <unknown>\n#1 0x560e4d0170b7 <unknown>\n#2 0x560e4d064f53 <unknown>\n#3 0x560e4d065051 <unknown>\n#4 0x560e4d0aa9c4 <unknown>\n#5 0x560e4d08bf1d <unknown>\n#6 0x560e4d0a7b3d <unknown>\n#7 0x560e4d08bcc3 <unknown>\n#8 0x560e4d0570e4 <unknown>\n#9 0x560e4d0580ae <unknown>\n#10 0x560e4d31ace1 <unknown>\n#11 0x560e4d31eb7e <unknown>\n#12 0x560e4d3084b5 <unknown>\n#13 0x560e4d31f7d6 <unknown>\n#14 0x560e4d2ebdbf <unknown>\n#15 0x560e4d342748 <unknown>\n#16 0x560e4d342917 <unknown>\n#17 0x560e4d353773 <unknown>\n#18 0x7f547590a044 <unknown>","time":{"start":1700441749155,"stop":1700441753056,"duration":3901}},{"uid":"e35f6d0d9bcdc839","reportUrl":"https://Nat754.github.io/StroyremAutomation/130//#testresult/e35f6d0d9bcdc839","status":"skipped","statusDetails":"XFAIL\n\nselenium.common.exceptions.NoSuchElementException: Message: no such element: Unable to locate element: {\"method\":\"xpath\",\"selector\":\"//input[@class='amount']\"}\n  (Session info: headless chrome=119.0.6045.105); For documentation on this error, please visit: https://www.selenium.dev/documentation/webdriver/troubleshooting/errors#no-such-element-exception\nStacktrace:\n#0 0x55bb0f4815e3 <unknown>\n#1 0x55bb0f1440b7 <unknown>\n#2 0x55bb0f191f53 <unknown>\n#3 0x55bb0f192051 <unknown>\n#4 0x55bb0f1d79c4 <unknown>\n#5 0x55bb0f1b8f1d <unknown>\n#6 0x55bb0f1d4b3d <unknown>\n#7 0x55bb0f1b8cc3 <unknown>\n#8 0x55bb0f1840e4 <unknown>\n#9 0x55bb0f1850ae <unknown>\n#10 0x55bb0f447ce1 <unknown>\n#11 0x55bb0f44bb7e <unknown>\n#12 0x55bb0f4354b5 <unknown>\n#13 0x55bb0f44c7d6 <unknown>\n#14 0x55bb0f418dbf <unknown>\n#15 0x55bb0f46f748 <unknown>\n#16 0x55bb0f46f917 <unknown>\n#17 0x55bb0f480773 <unknown>\n#18 0x7fabfef15044 <unknown>","time":{"start":1700355482160,"stop":1700355486086,"duration":3926}},{"uid":"757e7a5d21c7413a","reportUrl":"https://Nat754.github.io/StroyremAutomation/129//#testresult/757e7a5d21c7413a","status":"skipped","statusDetails":"XFAIL\n\nselenium.common.exceptions.NoSuchElementException: Message: no such element: Unable to locate element: {\"method\":\"xpath\",\"selector\":\"//input[@class='amount']\"}\n  (Session info: headless chrome=119.0.6045.105); For documentation on this error, please visit: https://www.selenium.dev/documentation/webdriver/troubleshooting/errors#no-such-element-exception\nStacktrace:\n#0 0x562e1325a5e3 <unknown>\n#1 0x562e12f1d0b7 <unknown>\n#2 0x562e12f6af53 <unknown>\n#3 0x562e12f6b051 <unknown>\n#4 0x562e12fb09c4 <unknown>\n#5 0x562e12f91f1d <unknown>\n#6 0x562e12fadb3d <unknown>\n#7 0x562e12f91cc3 <unknown>\n#8 0x562e12f5d0e4 <unknown>\n#9 0x562e12f5e0ae <unknown>\n#10 0x562e13220ce1 <unknown>\n#11 0x562e13224b7e <unknown>\n#12 0x562e1320e4b5 <unknown>\n#13 0x562e132257d6 <unknown>\n#14 0x562e131f1dbf <unknown>\n#15 0x562e13248748 <unknown>\n#16 0x562e13248917 <unknown>\n#17 0x562e13259773 <unknown>\n#18 0x7f2962434044 <unknown>","time":{"start":1700268807611,"stop":1700268811415,"duration":3804}},{"uid":"e7a9a5206ffc7516","reportUrl":"https://Nat754.github.io/StroyremAutomation/128//#testresult/e7a9a5206ffc7516","status":"skipped","statusDetails":"XFAIL\n\nselenium.common.exceptions.NoSuchElementException: Message: no such element: Unable to locate element: {\"method\":\"xpath\",\"selector\":\"//input[@class='amount']\"}\n  (Session info: headless chrome=119.0.6045.105); For documentation on this error, please visit: https://www.selenium.dev/documentation/webdriver/troubleshooting/errors#no-such-element-exception\nStacktrace:\n#0 0x563b2af125e3 <unknown>\n#1 0x563b2abd50b7 <unknown>\n#2 0x563b2ac22f53 <unknown>\n#3 0x563b2ac23051 <unknown>\n#4 0x563b2ac689c4 <unknown>\n#5 0x563b2ac49f1d <unknown>\n#6 0x563b2ac65b3d <unknown>\n#7 0x563b2ac49cc3 <unknown>\n#8 0x563b2ac150e4 <unknown>\n#9 0x563b2ac160ae <unknown>\n#10 0x563b2aed8ce1 <unknown>\n#11 0x563b2aedcb7e <unknown>\n#12 0x563b2aec64b5 <unknown>\n#13 0x563b2aedd7d6 <unknown>\n#14 0x563b2aea9dbf <unknown>\n#15 0x563b2af00748 <unknown>\n#16 0x563b2af00917 <unknown>\n#17 0x563b2af11773 <unknown>\n#18 0x7f8a724ba044 <unknown>","time":{"start":1700182542309,"stop":1700182546752,"duration":4443}},{"uid":"a47ba9f59a3bce42","reportUrl":"https://Nat754.github.io/StroyremAutomation/127//#testresult/a47ba9f59a3bce42","status":"skipped","statusDetails":"XFAIL\n\nselenium.common.exceptions.NoSuchElementException: Message: no such element: Unable to locate element: {\"method\":\"xpath\",\"selector\":\"//input[@class='amount']\"}\n  (Session info: headless chrome=119.0.6045.105); For documentation on this error, please visit: https://www.selenium.dev/documentation/webdriver/troubleshooting/errors#no-such-element-exception\nStacktrace:\n#0 0x55820591a5e3 <unknown>\n#1 0x5582055dd0b7 <unknown>\n#2 0x55820562af53 <unknown>\n#3 0x55820562b051 <unknown>\n#4 0x5582056709c4 <unknown>\n#5 0x558205651f1d <unknown>\n#6 0x55820566db3d <unknown>\n#7 0x558205651cc3 <unknown>\n#8 0x55820561d0e4 <unknown>\n#9 0x55820561e0ae <unknown>\n#10 0x5582058e0ce1 <unknown>\n#11 0x5582058e4b7e <unknown>\n#12 0x5582058ce4b5 <unknown>\n#13 0x5582058e57d6 <unknown>\n#14 0x5582058b1dbf <unknown>\n#15 0x558205908748 <unknown>\n#16 0x558205908917 <unknown>\n#17 0x558205919773 <unknown>\n#18 0x7fec53295044 <unknown>","time":{"start":1700096130252,"stop":1700096134285,"duration":4033}}]},"tags":["@pytest.mark.xfail","smoke_test"]},"source":"ffdf8abe45641f5a.json","parameterValues":["4490","149","'TD 008'","3980","'products/shtukaturka-gipsovaya-aksolit-m50-30-kg-mashinnogo-naneseniya'","2300","'https://sandboxtest.stroyrem-nn.ru/'","4500"]}