{"uid":"5f5785dedaae8a37","name":"TD 018 Доставка товара весом до 500кг. в синей зоне","fullName":"tests.delivery.test_delivery_calculation.TestDeliveryPageCalculation#test_positive_delivery_blue_zone_smoke","historyId":"95f694f6adc130155d4f19b21da55956","time":{"start":1702452971986,"stop":1702452972345,"duration":359},"status":"skipped","statusMessage":"XFAIL\n\nselenium.common.exceptions.NoSuchElementException: Message: no such element: Unable to locate element: {\"method\":\"xpath\",\"selector\":\"(//a[@class='add-to-cart yellow-btn'])[1]\"}\n  (Session info: chrome-headless-shell=120.0.6099.71); For documentation on this error, please visit: https://www.selenium.dev/documentation/webdriver/troubleshooting/errors#no-such-element-exception\nStacktrace:\n#0 0x558064797d33 <unknown>\n#1 0x558064454f87 <unknown>\n#2 0x5580644a4c0e <unknown>\n#3 0x5580644a4d11 <unknown>\n#4 0x5580644f0004 <unknown>\n#5 0x5580644ce36d <unknown>\n#6 0x5580644ed297 <unknown>\n#7 0x5580644ce0e3 <unknown>\n#8 0x558064496044 <unknown>\n#9 0x55806449744e <unknown>\n#10 0x55806475c861 <unknown>\n#11 0x558064760785 <unknown>\n#12 0x55806474a285 <unknown>\n#13 0x55806476141f <unknown>\n#14 0x55806472e20f <unknown>\n#15 0x558064785028 <unknown>\n#16 0x5580647851f7 <unknown>\n#17 0x558064796ed4 <unknown>\n#18 0x7f9683861044 <unknown>","statusTrace":"self = <tests.delivery.test_delivery_calculation.TestDeliveryPageCalculation object at 0x7fb3c41fc1d0>\ndriver = <selenium.webdriver.chrome.webdriver.WebDriver (session=\"384dea9f2c2de16b60b1832617528cdc\")>\nurl = 'https://sandboxtest.stroyrem-nn.ru/', case_id = 'TD 018'\nlink_item = 'products/shtukaturka-gipsovaya-aksolit-m50-30-kg-mashinnogo-naneseniya'\namount = 16, weight = 500, standard = 850, in_time = 2490, all_time = 3320\n\n    @pytest.mark.parametrize('case_id, link_item, amount, weight, standard, in_time, all_time', [\n        (\"TD 015\", bundeks_25, 1, 30, 650, 2390, 3320),\n        pytest.param(\n            \"TD 016\", aksolit_30, 8, 300, 650, 2390, 3320,\n            marks=pytest.mark.xfail(reson=\"Цена доставки: - - -\")\n        ),\n        (\"TD 017\", aksolit_30, 13, 400, 650, 2390, 3320),\n        (\"TD 018\", aksolit_30, 16, 500, 850, 2490, 3320),\n        (\"TD 019\", aksolit_30, 25, 1700, 1150, 2490, 3320),\n        (\"TD 020\", aksolit_30, 66, 2000, 1500, 2990, 3650),\n        (\"TD 021\", aksolit_30, 149, 4500, 2600, 4380, 4890),\n        (\"TD 022\", aksolit_30, 166, 5000, 2800, 5490, 5980),\n        pytest.param(\n            \"TD 023\", aksolit_30, 206, 6200, 3300, 7500, 8000,\n            marks=pytest.mark.xfail(reson=\"Цена доставки: 4300 9900 11440\")\n        ),\n        (\"TD 024\", aksolit_30, 299, 9000, 4300, 9900, 11440),\n        (\"TD 025\", aksolit_30, 333, 10000, 7000, 13900, 15900),\n        pytest.param(\n            \"TD 026\", aksolit_30, 366, 11000, 8000, 14900, 19900,\n            marks=pytest.mark.xfail(reson=\"Цена доставки: 7000 13900 15900\")\n        ),\n        pytest.param(\n            \"TD 027\", aksolit_30, 666, 20000, 14000, 16900, 23900,\n            marks=pytest.mark.xfail(reson=\"Цена доставки: 7000 13900 15900\")\n        )\n    ])\n    @pytest.mark.xfail\n    @pytest.mark.smoke_test\n    def test_positive_delivery_blue_zone_smoke(\n            self, driver, url, case_id, link_item, amount, weight, standard, in_time, all_time\n    ):\n        allure.dynamic.title(f\"{case_id} Доставка товара весом до {weight}кг. в синей зоне\")\n    \n        driver.get(f'{url}{link_item}')\n        item_page = ItemPage(driver)\n>       item_page.add_item_to_cart(amount).click_on_cart()\n\ntests/delivery/test_delivery_calculation.py:132: \n_ _ _ _ _ _ _ _ _ _ _ _ _ _ _ _ _ _ _ _ _ _ _ _ _ _ _ _ _ _ _ _ _ _ _ _ _ _ _ _ \npages/item_page.py:40: in add_item_to_cart\n    self.find_element(self._add_item).click()\nbase/seleniumbase.py:17: in find_element\n    return self.driver.find_element(*locator)\n/usr/local/lib/python3.11/site-packages/selenium/webdriver/remote/webdriver.py:739: in find_element\n    return self.execute(Command.FIND_ELEMENT, {\"using\": by, \"value\": value})[\"value\"]\n/usr/local/lib/python3.11/site-packages/selenium/webdriver/remote/webdriver.py:345: in execute\n    self.error_handler.check_response(response)\n_ _ _ _ _ _ _ _ _ _ _ _ _ _ _ _ _ _ _ _ _ _ _ _ _ _ _ _ _ _ _ _ _ _ _ _ _ _ _ _ \n\nself = <selenium.webdriver.remote.errorhandler.ErrorHandler object at 0x7fb3c503f450>\nresponse = {'status': 404, 'value': '{\"value\":{\"error\":\"no such element\",\"message\":\"no such element: Unable to locate element: {\\...\\\\n#16 0x5580647851f7 \\\\u003Cunknown>\\\\n#17 0x558064796ed4 \\\\u003Cunknown>\\\\n#18 0x7f9683861044 \\\\u003Cunknown>\\\\n\"}}'}\n\n    def check_response(self, response: Dict[str, Any]) -> None:\n        \"\"\"Checks that a JSON response from the WebDriver does not have an\n        error.\n    \n        :Args:\n         - response - The JSON response from the WebDriver server as a dictionary\n           object.\n    \n        :Raises: If the response contains an error message.\n        \"\"\"\n        status = response.get(\"status\", None)\n        if not status or status == ErrorCode.SUCCESS:\n            return\n        value = None\n        message = response.get(\"message\", \"\")\n        screen: str = response.get(\"screen\", \"\")\n        stacktrace = None\n        if isinstance(status, int):\n            value_json = response.get(\"value\", None)\n            if value_json and isinstance(value_json, str):\n                import json\n    \n                try:\n                    value = json.loads(value_json)\n                    if len(value) == 1:\n                        value = value[\"value\"]\n                    status = value.get(\"error\", None)\n                    if not status:\n                        status = value.get(\"status\", ErrorCode.UNKNOWN_ERROR)\n                        message = value.get(\"value\") or value.get(\"message\")\n                        if not isinstance(message, str):\n                            value = message\n                            message = message.get(\"message\")\n                    else:\n                        message = value.get(\"message\", None)\n                except ValueError:\n                    pass\n    \n        exception_class: Type[WebDriverException]\n        e = ErrorCode()\n        error_codes = [item for item in dir(e) if not item.startswith(\"__\")]\n        for error_code in error_codes:\n            error_info = getattr(ErrorCode, error_code)\n            if isinstance(error_info, list) and status in error_info:\n                exception_class = getattr(ExceptionMapping, error_code, WebDriverException)\n                break\n        else:\n            exception_class = WebDriverException\n    \n        if not value:\n            value = response[\"value\"]\n        if isinstance(value, str):\n            raise exception_class(value)\n        if message == \"\" and \"message\" in value:\n            message = value[\"message\"]\n    \n        screen = None  # type: ignore[assignment]\n        if \"screen\" in value:\n            screen = value[\"screen\"]\n    \n        stacktrace = None\n        st_value = value.get(\"stackTrace\") or value.get(\"stacktrace\")\n        if st_value:\n            if isinstance(st_value, str):\n                stacktrace = st_value.split(\"\\n\")\n            else:\n                stacktrace = []\n                try:\n                    for frame in st_value:\n                        line = frame.get(\"lineNumber\", \"\")\n                        file = frame.get(\"fileName\", \"<anonymous>\")\n                        if line:\n                            file = f\"{file}:{line}\"\n                        meth = frame.get(\"methodName\", \"<anonymous>\")\n                        if \"className\" in frame:\n                            meth = f\"{frame['className']}.{meth}\"\n                        msg = \"    at %s (%s)\"\n                        msg = msg % (meth, file)\n                        stacktrace.append(msg)\n                except TypeError:\n                    pass\n        if exception_class == UnexpectedAlertPresentException:\n            alert_text = None\n            if \"data\" in value:\n                alert_text = value[\"data\"].get(\"text\")\n            elif \"alert\" in value:\n                alert_text = value[\"alert\"].get(\"text\")\n            raise exception_class(message, screen, stacktrace, alert_text)  # type: ignore[call-arg]  # mypy is not smart enough here\n>       raise exception_class(message, screen, stacktrace)\nE       selenium.common.exceptions.NoSuchElementException: Message: no such element: Unable to locate element: {\"method\":\"xpath\",\"selector\":\"(//a[@class='add-to-cart yellow-btn'])[1]\"}\nE         (Session info: chrome-headless-shell=120.0.6099.71); For documentation on this error, please visit: https://www.selenium.dev/documentation/webdriver/troubleshooting/errors#no-such-element-exception\nE       Stacktrace:\nE       #0 0x558064797d33 <unknown>\nE       #1 0x558064454f87 <unknown>\nE       #2 0x5580644a4c0e <unknown>\nE       #3 0x5580644a4d11 <unknown>\nE       #4 0x5580644f0004 <unknown>\nE       #5 0x5580644ce36d <unknown>\nE       #6 0x5580644ed297 <unknown>\nE       #7 0x5580644ce0e3 <unknown>\nE       #8 0x558064496044 <unknown>\nE       #9 0x55806449744e <unknown>\nE       #10 0x55806475c861 <unknown>\nE       #11 0x558064760785 <unknown>\nE       #12 0x55806474a285 <unknown>\nE       #13 0x55806476141f <unknown>\nE       #14 0x55806472e20f <unknown>\nE       #15 0x558064785028 <unknown>\nE       #16 0x5580647851f7 <unknown>\nE       #17 0x558064796ed4 <unknown>\nE       #18 0x7f9683861044 <unknown>\n\n/usr/local/lib/python3.11/site-packages/selenium/webdriver/remote/errorhandler.py:229: NoSuchElementException","flaky":false,"newFailed":false,"newBroken":false,"newPassed":false,"retriesCount":0,"retriesStatusChange":false,"beforeStages":[{"name":"_session_faker","time":{"start":1702452729751,"stop":1702452729817,"duration":66},"status":"passed","steps":[],"attachments":[],"parameters":[],"shouldDisplayMessage":false,"stepsCount":0,"attachmentsCount":0,"hasContent":false,"attachmentStep":false},{"name":"clear_allure_results_folder","time":{"start":1702452729818,"stop":1702452729818,"duration":0},"status":"passed","steps":[],"attachments":[],"parameters":[],"shouldDisplayMessage":false,"stepsCount":0,"attachmentsCount":0,"hasContent":false,"attachmentStep":false},{"name":"driver","time":{"start":1702452971208,"stop":1702452971985,"duration":777},"status":"passed","steps":[],"attachments":[],"parameters":[],"shouldDisplayMessage":false,"stepsCount":0,"attachmentsCount":0,"hasContent":false,"attachmentStep":false},{"name":"setup","time":{"start":1702452971985,"stop":1702452971985,"duration":0},"status":"passed","steps":[],"attachments":[],"parameters":[],"shouldDisplayMessage":false,"stepsCount":0,"attachmentsCount":0,"hasContent":false,"attachmentStep":false}],"testStage":{"status":"skipped","statusMessage":"XFAIL\n\nselenium.common.exceptions.NoSuchElementException: Message: no such element: Unable to locate element: {\"method\":\"xpath\",\"selector\":\"(//a[@class='add-to-cart yellow-btn'])[1]\"}\n  (Session info: chrome-headless-shell=120.0.6099.71); For documentation on this error, please visit: https://www.selenium.dev/documentation/webdriver/troubleshooting/errors#no-such-element-exception\nStacktrace:\n#0 0x558064797d33 <unknown>\n#1 0x558064454f87 <unknown>\n#2 0x5580644a4c0e <unknown>\n#3 0x5580644a4d11 <unknown>\n#4 0x5580644f0004 <unknown>\n#5 0x5580644ce36d <unknown>\n#6 0x5580644ed297 <unknown>\n#7 0x5580644ce0e3 <unknown>\n#8 0x558064496044 <unknown>\n#9 0x55806449744e <unknown>\n#10 0x55806475c861 <unknown>\n#11 0x558064760785 <unknown>\n#12 0x55806474a285 <unknown>\n#13 0x55806476141f <unknown>\n#14 0x55806472e20f <unknown>\n#15 0x558064785028 <unknown>\n#16 0x5580647851f7 <unknown>\n#17 0x558064796ed4 <unknown>\n#18 0x7f9683861044 <unknown>","statusTrace":"self = <tests.delivery.test_delivery_calculation.TestDeliveryPageCalculation object at 0x7fb3c41fc1d0>\ndriver = <selenium.webdriver.chrome.webdriver.WebDriver (session=\"384dea9f2c2de16b60b1832617528cdc\")>\nurl = 'https://sandboxtest.stroyrem-nn.ru/', case_id = 'TD 018'\nlink_item = 'products/shtukaturka-gipsovaya-aksolit-m50-30-kg-mashinnogo-naneseniya'\namount = 16, weight = 500, standard = 850, in_time = 2490, all_time = 3320\n\n    @pytest.mark.parametrize('case_id, link_item, amount, weight, standard, in_time, all_time', [\n        (\"TD 015\", bundeks_25, 1, 30, 650, 2390, 3320),\n        pytest.param(\n            \"TD 016\", aksolit_30, 8, 300, 650, 2390, 3320,\n            marks=pytest.mark.xfail(reson=\"Цена доставки: - - -\")\n        ),\n        (\"TD 017\", aksolit_30, 13, 400, 650, 2390, 3320),\n        (\"TD 018\", aksolit_30, 16, 500, 850, 2490, 3320),\n        (\"TD 019\", aksolit_30, 25, 1700, 1150, 2490, 3320),\n        (\"TD 020\", aksolit_30, 66, 2000, 1500, 2990, 3650),\n        (\"TD 021\", aksolit_30, 149, 4500, 2600, 4380, 4890),\n        (\"TD 022\", aksolit_30, 166, 5000, 2800, 5490, 5980),\n        pytest.param(\n            \"TD 023\", aksolit_30, 206, 6200, 3300, 7500, 8000,\n            marks=pytest.mark.xfail(reson=\"Цена доставки: 4300 9900 11440\")\n        ),\n        (\"TD 024\", aksolit_30, 299, 9000, 4300, 9900, 11440),\n        (\"TD 025\", aksolit_30, 333, 10000, 7000, 13900, 15900),\n        pytest.param(\n            \"TD 026\", aksolit_30, 366, 11000, 8000, 14900, 19900,\n            marks=pytest.mark.xfail(reson=\"Цена доставки: 7000 13900 15900\")\n        ),\n        pytest.param(\n            \"TD 027\", aksolit_30, 666, 20000, 14000, 16900, 23900,\n            marks=pytest.mark.xfail(reson=\"Цена доставки: 7000 13900 15900\")\n        )\n    ])\n    @pytest.mark.xfail\n    @pytest.mark.smoke_test\n    def test_positive_delivery_blue_zone_smoke(\n            self, driver, url, case_id, link_item, amount, weight, standard, in_time, all_time\n    ):\n        allure.dynamic.title(f\"{case_id} Доставка товара весом до {weight}кг. в синей зоне\")\n    \n        driver.get(f'{url}{link_item}')\n        item_page = ItemPage(driver)\n>       item_page.add_item_to_cart(amount).click_on_cart()\n\ntests/delivery/test_delivery_calculation.py:132: \n_ _ _ _ _ _ _ _ _ _ _ _ _ _ _ _ _ _ _ _ _ _ _ _ _ _ _ _ _ _ _ _ _ _ _ _ _ _ _ _ \npages/item_page.py:40: in add_item_to_cart\n    self.find_element(self._add_item).click()\nbase/seleniumbase.py:17: in find_element\n    return self.driver.find_element(*locator)\n/usr/local/lib/python3.11/site-packages/selenium/webdriver/remote/webdriver.py:739: in find_element\n    return self.execute(Command.FIND_ELEMENT, {\"using\": by, \"value\": value})[\"value\"]\n/usr/local/lib/python3.11/site-packages/selenium/webdriver/remote/webdriver.py:345: in execute\n    self.error_handler.check_response(response)\n_ _ _ _ _ _ _ _ _ _ _ _ _ _ _ _ _ _ _ _ _ _ _ _ _ _ _ _ _ _ _ _ _ _ _ _ _ _ _ _ \n\nself = <selenium.webdriver.remote.errorhandler.ErrorHandler object at 0x7fb3c503f450>\nresponse = {'status': 404, 'value': '{\"value\":{\"error\":\"no such element\",\"message\":\"no such element: Unable to locate element: {\\...\\\\n#16 0x5580647851f7 \\\\u003Cunknown>\\\\n#17 0x558064796ed4 \\\\u003Cunknown>\\\\n#18 0x7f9683861044 \\\\u003Cunknown>\\\\n\"}}'}\n\n    def check_response(self, response: Dict[str, Any]) -> None:\n        \"\"\"Checks that a JSON response from the WebDriver does not have an\n        error.\n    \n        :Args:\n         - response - The JSON response from the WebDriver server as a dictionary\n           object.\n    \n        :Raises: If the response contains an error message.\n        \"\"\"\n        status = response.get(\"status\", None)\n        if not status or status == ErrorCode.SUCCESS:\n            return\n        value = None\n        message = response.get(\"message\", \"\")\n        screen: str = response.get(\"screen\", \"\")\n        stacktrace = None\n        if isinstance(status, int):\n            value_json = response.get(\"value\", None)\n            if value_json and isinstance(value_json, str):\n                import json\n    \n                try:\n                    value = json.loads(value_json)\n                    if len(value) == 1:\n                        value = value[\"value\"]\n                    status = value.get(\"error\", None)\n                    if not status:\n                        status = value.get(\"status\", ErrorCode.UNKNOWN_ERROR)\n                        message = value.get(\"value\") or value.get(\"message\")\n                        if not isinstance(message, str):\n                            value = message\n                            message = message.get(\"message\")\n                    else:\n                        message = value.get(\"message\", None)\n                except ValueError:\n                    pass\n    \n        exception_class: Type[WebDriverException]\n        e = ErrorCode()\n        error_codes = [item for item in dir(e) if not item.startswith(\"__\")]\n        for error_code in error_codes:\n            error_info = getattr(ErrorCode, error_code)\n            if isinstance(error_info, list) and status in error_info:\n                exception_class = getattr(ExceptionMapping, error_code, WebDriverException)\n                break\n        else:\n            exception_class = WebDriverException\n    \n        if not value:\n            value = response[\"value\"]\n        if isinstance(value, str):\n            raise exception_class(value)\n        if message == \"\" and \"message\" in value:\n            message = value[\"message\"]\n    \n        screen = None  # type: ignore[assignment]\n        if \"screen\" in value:\n            screen = value[\"screen\"]\n    \n        stacktrace = None\n        st_value = value.get(\"stackTrace\") or value.get(\"stacktrace\")\n        if st_value:\n            if isinstance(st_value, str):\n                stacktrace = st_value.split(\"\\n\")\n            else:\n                stacktrace = []\n                try:\n                    for frame in st_value:\n                        line = frame.get(\"lineNumber\", \"\")\n                        file = frame.get(\"fileName\", \"<anonymous>\")\n                        if line:\n                            file = f\"{file}:{line}\"\n                        meth = frame.get(\"methodName\", \"<anonymous>\")\n                        if \"className\" in frame:\n                            meth = f\"{frame['className']}.{meth}\"\n                        msg = \"    at %s (%s)\"\n                        msg = msg % (meth, file)\n                        stacktrace.append(msg)\n                except TypeError:\n                    pass\n        if exception_class == UnexpectedAlertPresentException:\n            alert_text = None\n            if \"data\" in value:\n                alert_text = value[\"data\"].get(\"text\")\n            elif \"alert\" in value:\n                alert_text = value[\"alert\"].get(\"text\")\n            raise exception_class(message, screen, stacktrace, alert_text)  # type: ignore[call-arg]  # mypy is not smart enough here\n>       raise exception_class(message, screen, stacktrace)\nE       selenium.common.exceptions.NoSuchElementException: Message: no such element: Unable to locate element: {\"method\":\"xpath\",\"selector\":\"(//a[@class='add-to-cart yellow-btn'])[1]\"}\nE         (Session info: chrome-headless-shell=120.0.6099.71); For documentation on this error, please visit: https://www.selenium.dev/documentation/webdriver/troubleshooting/errors#no-such-element-exception\nE       Stacktrace:\nE       #0 0x558064797d33 <unknown>\nE       #1 0x558064454f87 <unknown>\nE       #2 0x5580644a4c0e <unknown>\nE       #3 0x5580644a4d11 <unknown>\nE       #4 0x5580644f0004 <unknown>\nE       #5 0x5580644ce36d <unknown>\nE       #6 0x5580644ed297 <unknown>\nE       #7 0x5580644ce0e3 <unknown>\nE       #8 0x558064496044 <unknown>\nE       #9 0x55806449744e <unknown>\nE       #10 0x55806475c861 <unknown>\nE       #11 0x558064760785 <unknown>\nE       #12 0x55806474a285 <unknown>\nE       #13 0x55806476141f <unknown>\nE       #14 0x55806472e20f <unknown>\nE       #15 0x558064785028 <unknown>\nE       #16 0x5580647851f7 <unknown>\nE       #17 0x558064796ed4 <unknown>\nE       #18 0x7f9683861044 <unknown>\n\n/usr/local/lib/python3.11/site-packages/selenium/webdriver/remote/errorhandler.py:229: NoSuchElementException","steps":[{"name":"Добавляем товар в корзину в количестве 16","time":{"start":1702452972332,"stop":1702452972344,"duration":12},"status":"broken","statusMessage":"selenium.common.exceptions.NoSuchElementException: Message: no such element: Unable to locate element: {\"method\":\"xpath\",\"selector\":\"(//a[@class='add-to-cart yellow-btn'])[1]\"}\n  (Session info: chrome-headless-shell=120.0.6099.71); For documentation on this error, please visit: https://www.selenium.dev/documentation/webdriver/troubleshooting/errors#no-such-element-exception\nStacktrace:\n#0 0x558064797d33 <unknown>\n#1 0x558064454f87 <unknown>\n#2 0x5580644a4c0e <unknown>\n#3 0x5580644a4d11 <unknown>\n#4 0x5580644f0004 <unknown>\n#5 0x5580644ce36d <unknown>\n#6 0x5580644ed297 <unknown>\n#7 0x5580644ce0e3 <unknown>\n#8 0x558064496044 <unknown>\n#9 0x55806449744e <unknown>\n#10 0x55806475c861 <unknown>\n#11 0x558064760785 <unknown>\n#12 0x55806474a285 <unknown>\n#13 0x55806476141f <unknown>\n#14 0x55806472e20f <unknown>\n#15 0x558064785028 <unknown>\n#16 0x5580647851f7 <unknown>\n#17 0x558064796ed4 <unknown>\n#18 0x7f9683861044 <unknown>\n\n","statusTrace":"  File \"/usr/local/lib/python3.11/site-packages/allure_commons/_allure.py\", line 192, in impl\n    return func(*a, **kw)\n           ^^^^^^^^^^^^^^\n  File \"/app/pages/item_page.py\", line 40, in add_item_to_cart\n    self.find_element(self._add_item).click()\n    ^^^^^^^^^^^^^^^^^^^^^^^^^^^^^^^^^\n  File \"/app/base/seleniumbase.py\", line 17, in find_element\n    return self.driver.find_element(*locator)\n           ^^^^^^^^^^^^^^^^^^^^^^^^^^^^^^^^^^\n  File \"/usr/local/lib/python3.11/site-packages/selenium/webdriver/remote/webdriver.py\", line 739, in find_element\n    return self.execute(Command.FIND_ELEMENT, {\"using\": by, \"value\": value})[\"value\"]\n           ^^^^^^^^^^^^^^^^^^^^^^^^^^^^^^^^^^^^^^^^^^^^^^^^^^^^^^^^^^^^^^^^^\n  File \"/usr/local/lib/python3.11/site-packages/selenium/webdriver/remote/webdriver.py\", line 345, in execute\n    self.error_handler.check_response(response)\n  File \"/usr/local/lib/python3.11/site-packages/selenium/webdriver/remote/errorhandler.py\", line 229, in check_response\n    raise exception_class(message, screen, stacktrace)\n","steps":[],"attachments":[],"parameters":[{"name":"amount","value":"16"}],"shouldDisplayMessage":true,"stepsCount":0,"attachmentsCount":0,"hasContent":true,"attachmentStep":false}],"attachments":[{"uid":"a972fe122cac4725","name":"Screenshot","source":"a972fe122cac4725.png","type":"image/png","size":5862},{"uid":"605a53744b6917c2","name":"HTML source","source":"605a53744b6917c2.html","type":"text/html","size":39}],"parameters":[],"shouldDisplayMessage":true,"stepsCount":1,"attachmentsCount":2,"hasContent":true,"attachmentStep":false},"afterStages":[{"name":"setup::0","time":{"start":1702452972463,"stop":1702452972463,"duration":0},"status":"passed","steps":[],"attachments":[],"parameters":[],"shouldDisplayMessage":false,"stepsCount":0,"attachmentsCount":0,"hasContent":false,"attachmentStep":false},{"name":"driver::0","time":{"start":1702452972464,"stop":1702452972520,"duration":56},"status":"passed","steps":[],"attachments":[],"parameters":[],"shouldDisplayMessage":false,"stepsCount":0,"attachmentsCount":0,"hasContent":false,"attachmentStep":false}],"labels":[{"name":"epic","value":"Delivery Page - calculation"},{"name":"tag","value":"smoke_test"},{"name":"tag","value":"@pytest.mark.xfail"},{"name":"parentSuite","value":"tests.delivery"},{"name":"suite","value":"test_delivery_calculation"},{"name":"subSuite","value":"TestDeliveryPageCalculation"},{"name":"host","value":"2935072e3751"},{"name":"thread","value":"1-MainThread"},{"name":"framework","value":"pytest"},{"name":"language","value":"cpython3"},{"name":"package","value":"tests.delivery.test_delivery_calculation"},{"name":"resultFormat","value":"allure2"}],"parameters":[{"name":"all_time","value":"3320"},{"name":"amount","value":"16"},{"name":"case_id","value":"'TD 018'"},{"name":"in_time","value":"2490"},{"name":"link_item","value":"'products/shtukaturka-gipsovaya-aksolit-m50-30-kg-mashinnogo-naneseniya'"},{"name":"standard","value":"850"},{"name":"url","value":"'https://sandboxtest.stroyrem-nn.ru/'"},{"name":"weight","value":"500"}],"links":[],"hidden":false,"retry":false,"extra":{"severity":"normal","retries":[],"categories":[],"history":{"statistic":{"failed":0,"broken":13,"skipped":93,"passed":0,"unknown":0,"total":106},"items":[{"uid":"d631607535766e51","reportUrl":"https://Nat754.github.io/StroyremAutomation/133//#testresult/d631607535766e51","status":"skipped","statusDetails":"XFAIL\n\nselenium.common.exceptions.NoSuchElementException: Message: no such element: Unable to locate element: {\"method\":\"xpath\",\"selector\":\"//input[@class='amount']\"}\n  (Session info: headless chrome=119.0.6045.105); For documentation on this error, please visit: https://www.selenium.dev/documentation/webdriver/troubleshooting/errors#no-such-element-exception\nStacktrace:\n#0 0x559e73ead5e3 <unknown>\n#1 0x559e73b700b7 <unknown>\n#2 0x559e73bbdf53 <unknown>\n#3 0x559e73bbe051 <unknown>\n#4 0x559e73c039c4 <unknown>\n#5 0x559e73be4f1d <unknown>\n#6 0x559e73c00b3d <unknown>\n#7 0x559e73be4cc3 <unknown>\n#8 0x559e73bb00e4 <unknown>\n#9 0x559e73bb10ae <unknown>\n#10 0x559e73e73ce1 <unknown>\n#11 0x559e73e77b7e <unknown>\n#12 0x559e73e614b5 <unknown>\n#13 0x559e73e787d6 <unknown>\n#14 0x559e73e44dbf <unknown>\n#15 0x559e73e9b748 <unknown>\n#16 0x559e73e9b917 <unknown>\n#17 0x559e73eac773 <unknown>\n#18 0x7f9c8367b044 <unknown>","time":{"start":1700614621182,"stop":1700614624461,"duration":3279}},{"uid":"4bf65fba7f03ab7e","reportUrl":"https://Nat754.github.io/StroyremAutomation/132//#testresult/4bf65fba7f03ab7e","status":"skipped","statusDetails":"XFAIL\n\nselenium.common.exceptions.NoSuchElementException: Message: no such element: Unable to locate element: {\"method\":\"xpath\",\"selector\":\"//input[@class='amount']\"}\n  (Session info: headless chrome=119.0.6045.105); For documentation on this error, please visit: https://www.selenium.dev/documentation/webdriver/troubleshooting/errors#no-such-element-exception\nStacktrace:\n#0 0x561a4472d5e3 <unknown>\n#1 0x561a443f00b7 <unknown>\n#2 0x561a4443df53 <unknown>\n#3 0x561a4443e051 <unknown>\n#4 0x561a444839c4 <unknown>\n#5 0x561a44464f1d <unknown>\n#6 0x561a44480b3d <unknown>\n#7 0x561a44464cc3 <unknown>\n#8 0x561a444300e4 <unknown>\n#9 0x561a444310ae <unknown>\n#10 0x561a446f3ce1 <unknown>\n#11 0x561a446f7b7e <unknown>\n#12 0x561a446e14b5 <unknown>\n#13 0x561a446f87d6 <unknown>\n#14 0x561a446c4dbf <unknown>\n#15 0x561a4471b748 <unknown>\n#16 0x561a4471b917 <unknown>\n#17 0x561a4472c773 <unknown>\n#18 0x7fe8e6b36044 <unknown>","time":{"start":1700528243076,"stop":1700528247716,"duration":4640}},{"uid":"723500fe632f6813","reportUrl":"https://Nat754.github.io/StroyremAutomation/131//#testresult/723500fe632f6813","status":"skipped","statusDetails":"XFAIL\n\nselenium.common.exceptions.NoSuchElementException: Message: no such element: Unable to locate element: {\"method\":\"xpath\",\"selector\":\"//input[@class='amount']\"}\n  (Session info: headless chrome=119.0.6045.105); For documentation on this error, please visit: https://www.selenium.dev/documentation/webdriver/troubleshooting/errors#no-such-element-exception\nStacktrace:\n#0 0x55c4d55175e3 <unknown>\n#1 0x55c4d51da0b7 <unknown>\n#2 0x55c4d5227f53 <unknown>\n#3 0x55c4d5228051 <unknown>\n#4 0x55c4d526d9c4 <unknown>\n#5 0x55c4d524ef1d <unknown>\n#6 0x55c4d526ab3d <unknown>\n#7 0x55c4d524ecc3 <unknown>\n#8 0x55c4d521a0e4 <unknown>\n#9 0x55c4d521b0ae <unknown>\n#10 0x55c4d54ddce1 <unknown>\n#11 0x55c4d54e1b7e <unknown>\n#12 0x55c4d54cb4b5 <unknown>\n#13 0x55c4d54e27d6 <unknown>\n#14 0x55c4d54aedbf <unknown>\n#15 0x55c4d5505748 <unknown>\n#16 0x55c4d5505917 <unknown>\n#17 0x55c4d5516773 <unknown>\n#18 0x7f36952d4044 <unknown>","time":{"start":1700441797243,"stop":1700441801362,"duration":4119}},{"uid":"380349567d597c6d","reportUrl":"https://Nat754.github.io/StroyremAutomation/130//#testresult/380349567d597c6d","status":"skipped","statusDetails":"XFAIL\n\nselenium.common.exceptions.NoSuchElementException: Message: no such element: Unable to locate element: {\"method\":\"xpath\",\"selector\":\"//input[@class='amount']\"}\n  (Session info: headless chrome=119.0.6045.105); For documentation on this error, please visit: https://www.selenium.dev/documentation/webdriver/troubleshooting/errors#no-such-element-exception\nStacktrace:\n#0 0x55e5b60de5e3 <unknown>\n#1 0x55e5b5da10b7 <unknown>\n#2 0x55e5b5deef53 <unknown>\n#3 0x55e5b5def051 <unknown>\n#4 0x55e5b5e349c4 <unknown>\n#5 0x55e5b5e15f1d <unknown>\n#6 0x55e5b5e31b3d <unknown>\n#7 0x55e5b5e15cc3 <unknown>\n#8 0x55e5b5de10e4 <unknown>\n#9 0x55e5b5de20ae <unknown>\n#10 0x55e5b60a4ce1 <unknown>\n#11 0x55e5b60a8b7e <unknown>\n#12 0x55e5b60924b5 <unknown>\n#13 0x55e5b60a97d6 <unknown>\n#14 0x55e5b6075dbf <unknown>\n#15 0x55e5b60cc748 <unknown>\n#16 0x55e5b60cc917 <unknown>\n#17 0x55e5b60dd773 <unknown>\n#18 0x7f1cf51ba044 <unknown>","time":{"start":1700355528008,"stop":1700355531473,"duration":3465}},{"uid":"2660aad614ada9a5","reportUrl":"https://Nat754.github.io/StroyremAutomation/129//#testresult/2660aad614ada9a5","status":"skipped","statusDetails":"XFAIL\n\nselenium.common.exceptions.NoSuchElementException: Message: no such element: Unable to locate element: {\"method\":\"xpath\",\"selector\":\"//input[@class='amount']\"}\n  (Session info: headless chrome=119.0.6045.105); For documentation on this error, please visit: https://www.selenium.dev/documentation/webdriver/troubleshooting/errors#no-such-element-exception\nStacktrace:\n#0 0x5561d98605e3 <unknown>\n#1 0x5561d95230b7 <unknown>\n#2 0x5561d9570f53 <unknown>\n#3 0x5561d9571051 <unknown>\n#4 0x5561d95b69c4 <unknown>\n#5 0x5561d9597f1d <unknown>\n#6 0x5561d95b3b3d <unknown>\n#7 0x5561d9597cc3 <unknown>\n#8 0x5561d95630e4 <unknown>\n#9 0x5561d95640ae <unknown>\n#10 0x5561d9826ce1 <unknown>\n#11 0x5561d982ab7e <unknown>\n#12 0x5561d98144b5 <unknown>\n#13 0x5561d982b7d6 <unknown>\n#14 0x5561d97f7dbf <unknown>\n#15 0x5561d984e748 <unknown>\n#16 0x5561d984e917 <unknown>\n#17 0x5561d985f773 <unknown>\n#18 0x7f546675b044 <unknown>","time":{"start":1700268854083,"stop":1700268857635,"duration":3552}},{"uid":"58bcfb8130ac546","reportUrl":"https://Nat754.github.io/StroyremAutomation/128//#testresult/58bcfb8130ac546","status":"skipped","statusDetails":"XFAIL\n\nselenium.common.exceptions.NoSuchElementException: Message: no such element: Unable to locate element: {\"method\":\"xpath\",\"selector\":\"//input[@class='amount']\"}\n  (Session info: headless chrome=119.0.6045.105); For documentation on this error, please visit: https://www.selenium.dev/documentation/webdriver/troubleshooting/errors#no-such-element-exception\nStacktrace:\n#0 0x55f0edb155e3 <unknown>\n#1 0x55f0ed7d80b7 <unknown>\n#2 0x55f0ed825f53 <unknown>\n#3 0x55f0ed826051 <unknown>\n#4 0x55f0ed86b9c4 <unknown>\n#5 0x55f0ed84cf1d <unknown>\n#6 0x55f0ed868b3d <unknown>\n#7 0x55f0ed84ccc3 <unknown>\n#8 0x55f0ed8180e4 <unknown>\n#9 0x55f0ed8190ae <unknown>\n#10 0x55f0edadbce1 <unknown>\n#11 0x55f0edadfb7e <unknown>\n#12 0x55f0edac94b5 <unknown>\n#13 0x55f0edae07d6 <unknown>\n#14 0x55f0edaacdbf <unknown>\n#15 0x55f0edb03748 <unknown>\n#16 0x55f0edb03917 <unknown>\n#17 0x55f0edb14773 <unknown>\n#18 0x7fde39587044 <unknown>","time":{"start":1700182596807,"stop":1700182601354,"duration":4547}},{"uid":"9fa8595106fd828d","reportUrl":"https://Nat754.github.io/StroyremAutomation/127//#testresult/9fa8595106fd828d","status":"skipped","statusDetails":"XFAIL\n\nselenium.common.exceptions.NoSuchElementException: Message: no such element: Unable to locate element: {\"method\":\"xpath\",\"selector\":\"//input[@class='amount']\"}\n  (Session info: headless chrome=119.0.6045.105); For documentation on this error, please visit: https://www.selenium.dev/documentation/webdriver/troubleshooting/errors#no-such-element-exception\nStacktrace:\n#0 0x55f1103c95e3 <unknown>\n#1 0x55f11008c0b7 <unknown>\n#2 0x55f1100d9f53 <unknown>\n#3 0x55f1100da051 <unknown>\n#4 0x55f11011f9c4 <unknown>\n#5 0x55f110100f1d <unknown>\n#6 0x55f11011cb3d <unknown>\n#7 0x55f110100cc3 <unknown>\n#8 0x55f1100cc0e4 <unknown>\n#9 0x55f1100cd0ae <unknown>\n#10 0x55f11038fce1 <unknown>\n#11 0x55f110393b7e <unknown>\n#12 0x55f11037d4b5 <unknown>\n#13 0x55f1103947d6 <unknown>\n#14 0x55f110360dbf <unknown>\n#15 0x55f1103b7748 <unknown>\n#16 0x55f1103b7917 <unknown>\n#17 0x55f1103c8773 <unknown>\n#18 0x7f8d434c5044 <unknown>","time":{"start":1700096178145,"stop":1700096181758,"duration":3613}},{"uid":"c9969f95b475b980","reportUrl":"https://Nat754.github.io/StroyremAutomation/126//#testresult/c9969f95b475b980","status":"skipped","statusDetails":"XFAIL\n\nselenium.common.exceptions.NoSuchElementException: Message: no such element: Unable to locate element: {\"method\":\"xpath\",\"selector\":\"//input[@class='amount']\"}\n  (Session info: headless chrome=119.0.6045.105); For documentation on this error, please visit: https://www.selenium.dev/documentation/webdriver/troubleshooting/errors#no-such-element-exception\nStacktrace:\n#0 0x55fab92035e3 <unknown>\n#1 0x55fab8ec60b7 <unknown>\n#2 0x55fab8f13f53 <unknown>\n#3 0x55fab8f14051 <unknown>\n#4 0x55fab8f599c4 <unknown>\n#5 0x55fab8f3af1d <unknown>\n#6 0x55fab8f56b3d <unknown>\n#7 0x55fab8f3acc3 <unknown>\n#8 0x55fab8f060e4 <unknown>\n#9 0x55fab8f070ae <unknown>\n#10 0x55fab91c9ce1 <unknown>\n#11 0x55fab91cdb7e <unknown>\n#12 0x55fab91b74b5 <unknown>\n#13 0x55fab91ce7d6 <unknown>\n#14 0x55fab919adbf <unknown>\n#15 0x55fab91f1748 <unknown>\n#16 0x55fab91f1917 <unknown>\n#17 0x55fab9202773 <unknown>\n#18 0x7f382e998044 <unknown>","time":{"start":1700009770990,"stop":1700009775585,"duration":4595}},{"uid":"69bdb1faa410de4","reportUrl":"https://Nat754.github.io/StroyremAutomation/125//#testresult/69bdb1faa410de4","status":"skipped","statusDetails":"XFAIL\n\nselenium.common.exceptions.NoSuchElementException: Message: no such element: Unable to locate element: {\"method\":\"xpath\",\"selector\":\"//input[@class='amount']\"}\n  (Session info: headless chrome=119.0.6045.105); For documentation on this error, please visit: https://www.selenium.dev/documentation/webdriver/troubleshooting/errors#no-such-element-exception\nStacktrace:\n#0 0x562556ebc5e3 <unknown>\n#1 0x562556b7f0b7 <unknown>\n#2 0x562556bccf53 <unknown>\n#3 0x562556bcd051 <unknown>\n#4 0x562556c129c4 <unknown>\n#5 0x562556bf3f1d <unknown>\n#6 0x562556c0fb3d <unknown>\n#7 0x562556bf3cc3 <unknown>\n#8 0x562556bbf0e4 <unknown>\n#9 0x562556bc00ae <unknown>\n#10 0x562556e82ce1 <unknown>\n#11 0x562556e86b7e <unknown>\n#12 0x562556e704b5 <unknown>\n#13 0x562556e877d6 <unknown>\n#14 0x562556e53dbf <unknown>\n#15 0x562556eaa748 <unknown>\n#16 0x562556eaa917 <unknown>\n#17 0x562556ebb773 <unknown>\n#18 0x7efc9d253044 <unknown>","time":{"start":1699923182042,"stop":1699923185421,"duration":3379}},{"uid":"a950c2fdd34604d5","reportUrl":"https://Nat754.github.io/StroyremAutomation/124//#testresult/a950c2fdd34604d5","status":"skipped","statusDetails":"XFAIL\n\nselenium.common.exceptions.NoSuchElementException: Message: no such element: Unable to locate element: {\"method\":\"xpath\",\"selector\":\"//input[@class='amount']\"}\n  (Session info: headless chrome=119.0.6045.105); For documentation on this error, please visit: https://www.selenium.dev/documentation/webdriver/troubleshooting/errors#no-such-element-exception\nStacktrace:\n#0 0x55be5be495e3 <unknown>\n#1 0x55be5bb0c0b7 <unknown>\n#2 0x55be5bb59f53 <unknown>\n#3 0x55be5bb5a051 <unknown>\n#4 0x55be5bb9f9c4 <unknown>\n#5 0x55be5bb80f1d <unknown>\n#6 0x55be5bb9cb3d <unknown>\n#7 0x55be5bb80cc3 <unknown>\n#8 0x55be5bb4c0e4 <unknown>\n#9 0x55be5bb4d0ae <unknown>\n#10 0x55be5be0fce1 <unknown>\n#11 0x55be5be13b7e <unknown>\n#12 0x55be5bdfd4b5 <unknown>\n#13 0x55be5be147d6 <unknown>\n#14 0x55be5bde0dbf <unknown>\n#15 0x55be5be37748 <unknown>\n#16 0x55be5be37917 <unknown>\n#17 0x55be5be48773 <unknown>\n#18 0x7f5e4e282044 <unknown>","time":{"start":1699836935545,"stop":1699836938710,"duration":3165}},{"uid":"b2a0450f366a5f25","reportUrl":"https://Nat754.github.io/StroyremAutomation/123//#testresult/b2a0450f366a5f25","status":"skipped","statusDetails":"XFAIL\n\nselenium.common.exceptions.NoSuchElementException: Message: no such element: Unable to locate element: {\"method\":\"xpath\",\"selector\":\"//input[@class='amount']\"}\n  (Session info: headless chrome=119.0.6045.105); For documentation on this error, please visit: https://www.selenium.dev/documentation/webdriver/troubleshooting/errors#no-such-element-exception\nStacktrace:\n#0 0x55e21900d5e3 <unknown>\n#1 0x55e218cd00b7 <unknown>\n#2 0x55e218d1df53 <unknown>\n#3 0x55e218d1e051 <unknown>\n#4 0x55e218d639c4 <unknown>\n#5 0x55e218d44f1d <unknown>\n#6 0x55e218d60b3d <unknown>\n#7 0x55e218d44cc3 <unknown>\n#8 0x55e218d100e4 <unknown>\n#9 0x55e218d110ae <unknown>\n#10 0x55e218fd3ce1 <unknown>\n#11 0x55e218fd7b7e <unknown>\n#12 0x55e218fc14b5 <unknown>\n#13 0x55e218fd87d6 <unknown>\n#14 0x55e218fa4dbf <unknown>\n#15 0x55e218ffb748 <unknown>\n#16 0x55e218ffb917 <unknown>\n#17 0x55e21900c773 <unknown>\n#18 0x7fd7d59fd044 <unknown>","time":{"start":1699750658523,"stop":1699750662389,"duration":3866}},{"uid":"3b0c3d43406cd047","reportUrl":"https://Nat754.github.io/StroyremAutomation/122//#testresult/3b0c3d43406cd047","status":"skipped","statusDetails":"XFAIL\n\nselenium.common.exceptions.NoSuchElementException: Message: no such element: Unable to locate element: {\"method\":\"xpath\",\"selector\":\"//input[@class='amount']\"}\n  (Session info: headless chrome=119.0.6045.105); For documentation on this error, please visit: https://www.selenium.dev/documentation/webdriver/troubleshooting/errors#no-such-element-exception\nStacktrace:\n#0 0x556f2056d5e3 <unknown>\n#1 0x556f202300b7 <unknown>\n#2 0x556f2027df53 <unknown>\n#3 0x556f2027e051 <unknown>\n#4 0x556f202c39c4 <unknown>\n#5 0x556f202a4f1d <unknown>\n#6 0x556f202c0b3d <unknown>\n#7 0x556f202a4cc3 <unknown>\n#8 0x556f202700e4 <unknown>\n#9 0x556f202710ae <unknown>\n#10 0x556f20533ce1 <unknown>\n#11 0x556f20537b7e <unknown>\n#12 0x556f205214b5 <unknown>\n#13 0x556f205387d6 <unknown>\n#14 0x556f20504dbf <unknown>\n#15 0x556f2055b748 <unknown>\n#16 0x556f2055b917 <unknown>\n#17 0x556f2056c773 <unknown>\n#18 0x7f2bc37a4044 <unknown>","time":{"start":1699664004794,"stop":1699664009422,"duration":4628}},{"uid":"7ee4592098de86e7","reportUrl":"https://Nat754.github.io/StroyremAutomation/121//#testresult/7ee4592098de86e7","status":"skipped","statusDetails":"XFAIL\n\nselenium.common.exceptions.NoSuchElementException: Message: no such element: Unable to locate element: {\"method\":\"xpath\",\"selector\":\"//input[@class='amount']\"}\n  (Session info: headless chrome=119.0.6045.105); For documentation on this error, please visit: https://www.selenium.dev/documentation/webdriver/troubleshooting/errors#no-such-element-exception\nStacktrace:\n#0 0x563ec20155e3 <unknown>\n#1 0x563ec1cd80b7 <unknown>\n#2 0x563ec1d25f53 <unknown>\n#3 0x563ec1d26051 <unknown>\n#4 0x563ec1d6b9c4 <unknown>\n#5 0x563ec1d4cf1d <unknown>\n#6 0x563ec1d68b3d <unknown>\n#7 0x563ec1d4ccc3 <unknown>\n#8 0x563ec1d180e4 <unknown>\n#9 0x563ec1d190ae <unknown>\n#10 0x563ec1fdbce1 <unknown>\n#11 0x563ec1fdfb7e <unknown>\n#12 0x563ec1fc94b5 <unknown>\n#13 0x563ec1fe07d6 <unknown>\n#14 0x563ec1facdbf <unknown>\n#15 0x563ec2003748 <unknown>\n#16 0x563ec2003917 <unknown>\n#17 0x563ec2014773 <unknown>\n#18 0x7f9ffbca5044 <unknown>","time":{"start":1699577592759,"stop":1699577595840,"duration":3081}},{"uid":"a325c2c62386b00c","reportUrl":"https://Nat754.github.io/StroyremAutomation/120//#testresult/a325c2c62386b00c","status":"skipped","statusDetails":"XFAIL\n\nselenium.common.exceptions.NoSuchElementException: Message: no such element: Unable to locate element: {\"method\":\"xpath\",\"selector\":\"//input[@class='amount']\"}\n  (Session info: headless chrome=119.0.6045.105); For documentation on this error, please visit: https://www.selenium.dev/documentation/webdriver/troubleshooting/errors#no-such-element-exception\nStacktrace:\n#0 0x55e3a63105e3 <unknown>\n#1 0x55e3a5fd30b7 <unknown>\n#2 0x55e3a6020f53 <unknown>\n#3 0x55e3a6021051 <unknown>\n#4 0x55e3a60669c4 <unknown>\n#5 0x55e3a6047f1d <unknown>\n#6 0x55e3a6063b3d <unknown>\n#7 0x55e3a6047cc3 <unknown>\n#8 0x55e3a60130e4 <unknown>\n#9 0x55e3a60140ae <unknown>\n#10 0x55e3a62d6ce1 <unknown>\n#11 0x55e3a62dab7e <unknown>\n#12 0x55e3a62c44b5 <unknown>\n#13 0x55e3a62db7d6 <unknown>\n#14 0x55e3a62a7dbf <unknown>\n#15 0x55e3a62fe748 <unknown>\n#16 0x55e3a62fe917 <unknown>\n#17 0x55e3a630f773 <unknown>\n#18 0x7f279e2c2044 <unknown>","time":{"start":1699491171650,"stop":1699491174771,"duration":3121}},{"uid":"fa7926e8827c7896","reportUrl":"https://Nat754.github.io/StroyremAutomation/119//#testresult/fa7926e8827c7896","status":"skipped","statusDetails":"XFAIL\n\nselenium.common.exceptions.NoSuchElementException: Message: no such element: Unable to locate element: {\"method\":\"xpath\",\"selector\":\"//input[@class='amount']\"}\n  (Session info: headless chrome=119.0.6045.105); For documentation on this error, please visit: https://www.selenium.dev/documentation/webdriver/troubleshooting/errors#no-such-element-exception\nStacktrace:\n#0 0x5556ca7df5e3 <unknown>\n#1 0x5556ca4a20b7 <unknown>\n#2 0x5556ca4eff53 <unknown>\n#3 0x5556ca4f0051 <unknown>\n#4 0x5556ca5359c4 <unknown>\n#5 0x5556ca516f1d <unknown>\n#6 0x5556ca532b3d <unknown>\n#7 0x5556ca516cc3 <unknown>\n#8 0x5556ca4e20e4 <unknown>\n#9 0x5556ca4e30ae <unknown>\n#10 0x5556ca7a5ce1 <unknown>\n#11 0x5556ca7a9b7e <unknown>\n#12 0x5556ca7934b5 <unknown>\n#13 0x5556ca7aa7d6 <unknown>\n#14 0x5556ca776dbf <unknown>\n#15 0x5556ca7cd748 <unknown>\n#16 0x5556ca7cd917 <unknown>\n#17 0x5556ca7de773 <unknown>\n#18 0x7f18dc8a2044 <unknown>","time":{"start":1699404841662,"stop":1699404845564,"duration":3902}},{"uid":"669aa992b35f4d3","reportUrl":"https://Nat754.github.io/StroyremAutomation/118//#testresult/669aa992b35f4d3","status":"skipped","statusDetails":"XFAIL\n\nselenium.common.exceptions.NoSuchElementException: Message: no such element: Unable to locate element: {\"method\":\"xpath\",\"selector\":\"//input[@class='amount']\"}\n  (Session info: headless chrome=119.0.6045.105); For documentation on this error, please visit: https://www.selenium.dev/documentation/webdriver/troubleshooting/errors#no-such-element-exception\nStacktrace:\n#0 0x5593167c15e3 <unknown>\n#1 0x5593164840b7 <unknown>\n#2 0x5593164d1f53 <unknown>\n#3 0x5593164d2051 <unknown>\n#4 0x5593165179c4 <unknown>\n#5 0x5593164f8f1d <unknown>\n#6 0x559316514b3d <unknown>\n#7 0x5593164f8cc3 <unknown>\n#8 0x5593164c40e4 <unknown>\n#9 0x5593164c50ae <unknown>\n#10 0x559316787ce1 <unknown>\n#11 0x55931678bb7e <unknown>\n#12 0x5593167754b5 <unknown>\n#13 0x55931678c7d6 <unknown>\n#14 0x559316758dbf <unknown>\n#15 0x5593167af748 <unknown>\n#16 0x5593167af917 <unknown>\n#17 0x5593167c0773 <unknown>\n#18 0x7fd41b6c4044 <unknown>","time":{"start":1699318514149,"stop":1699318518055,"duration":3906}},{"uid":"7760e36a7b24000a","reportUrl":"https://Nat754.github.io/StroyremAutomation/117//#testresult/7760e36a7b24000a","status":"skipped","statusDetails":"XFAIL\n\nselenium.common.exceptions.NoSuchElementException: Message: no such element: Unable to locate element: {\"method\":\"xpath\",\"selector\":\"//input[@class='amount']\"}\n  (Session info: headless chrome=119.0.6045.105); For documentation on this error, please visit: https://www.selenium.dev/documentation/webdriver/troubleshooting/errors#no-such-element-exception\nStacktrace:\n#0 0x5594342805e3 <unknown>\n#1 0x559433f430b7 <unknown>\n#2 0x559433f90f53 <unknown>\n#3 0x559433f91051 <unknown>\n#4 0x559433fd69c4 <unknown>\n#5 0x559433fb7f1d <unknown>\n#6 0x559433fd3b3d <unknown>\n#7 0x559433fb7cc3 <unknown>\n#8 0x559433f830e4 <unknown>\n#9 0x559433f840ae <unknown>\n#10 0x559434246ce1 <unknown>\n#11 0x55943424ab7e <unknown>\n#12 0x5594342344b5 <unknown>\n#13 0x55943424b7d6 <unknown>\n#14 0x559434217dbf <unknown>\n#15 0x55943426e748 <unknown>\n#16 0x55943426e917 <unknown>\n#17 0x55943427f773 <unknown>\n#18 0x7f1311102044 <unknown>","time":{"start":1699232177513,"stop":1699232181580,"duration":4067}},{"uid":"10601dbfaefab5b8","reportUrl":"https://Nat754.github.io/StroyremAutomation/116//#testresult/10601dbfaefab5b8","status":"skipped","statusDetails":"XFAIL\n\nselenium.common.exceptions.NoSuchElementException: Message: no such element: Unable to locate element: {\"method\":\"xpath\",\"selector\":\"//input[@class='amount']\"}\n  (Session info: headless chrome=119.0.6045.105); For documentation on this error, please visit: https://www.selenium.dev/documentation/webdriver/troubleshooting/errors#no-such-element-exception\nStacktrace:\n#0 0x55a3029b25e3 <unknown>\n#1 0x55a3026750b7 <unknown>\n#2 0x55a3026c2f53 <unknown>\n#3 0x55a3026c3051 <unknown>\n#4 0x55a3027089c4 <unknown>\n#5 0x55a3026e9f1d <unknown>\n#6 0x55a302705b3d <unknown>\n#7 0x55a3026e9cc3 <unknown>\n#8 0x55a3026b50e4 <unknown>\n#9 0x55a3026b60ae <unknown>\n#10 0x55a302978ce1 <unknown>\n#11 0x55a30297cb7e <unknown>\n#12 0x55a3029664b5 <unknown>\n#13 0x55a30297d7d6 <unknown>\n#14 0x55a302949dbf <unknown>\n#15 0x55a3029a0748 <unknown>\n#16 0x55a3029a0917 <unknown>\n#17 0x55a3029b1773 <unknown>\n#18 0x7f91fa57c044 <unknown>","time":{"start":1699145944496,"stop":1699145950593,"duration":6097}},{"uid":"8ee6446734e523d4","reportUrl":"https://Nat754.github.io/StroyremAutomation/115//#testresult/8ee6446734e523d4","status":"skipped","statusDetails":"XFAIL\n\nselenium.common.exceptions.NoSuchElementException: Message: no such element: Unable to locate element: {\"method\":\"xpath\",\"selector\":\"//input[@class='amount']\"}\n  (Session info: headless chrome=119.0.6045.105); For documentation on this error, please visit: https://www.selenium.dev/documentation/webdriver/troubleshooting/errors#no-such-element-exception\nStacktrace:\n#0 0x5580b5ead5e3 <unknown>\n#1 0x5580b5b700b7 <unknown>\n#2 0x5580b5bbdf53 <unknown>\n#3 0x5580b5bbe051 <unknown>\n#4 0x5580b5c039c4 <unknown>\n#5 0x5580b5be4f1d <unknown>\n#6 0x5580b5c00b3d <unknown>\n#7 0x5580b5be4cc3 <unknown>\n#8 0x5580b5bb00e4 <unknown>\n#9 0x5580b5bb10ae <unknown>\n#10 0x5580b5e73ce1 <unknown>\n#11 0x5580b5e77b7e <unknown>\n#12 0x5580b5e614b5 <unknown>\n#13 0x5580b5e787d6 <unknown>\n#14 0x5580b5e44dbf <unknown>\n#15 0x5580b5e9b748 <unknown>\n#16 0x5580b5e9b917 <unknown>\n#17 0x5580b5eac773 <unknown>\n#18 0x7fd7132ee044 <unknown>","time":{"start":1699059221407,"stop":1699059225557,"duration":4150}},{"uid":"2436dc4059baf2c3","reportUrl":"https://Nat754.github.io/StroyremAutomation/114//#testresult/2436dc4059baf2c3","status":"skipped","statusDetails":"XFAIL\n\nselenium.common.exceptions.NoSuchElementException: Message: no such element: Unable to locate element: {\"method\":\"xpath\",\"selector\":\"//input[@class='amount']\"}\n  (Session info: headless chrome=119.0.6045.105); For documentation on this error, please visit: https://www.selenium.dev/documentation/webdriver/troubleshooting/errors#no-such-element-exception\nStacktrace:\n#0 0x55ac7317c5e3 <unknown>\n#1 0x55ac72e3f0b7 <unknown>\n#2 0x55ac72e8cf53 <unknown>\n#3 0x55ac72e8d051 <unknown>\n#4 0x55ac72ed29c4 <unknown>\n#5 0x55ac72eb3f1d <unknown>\n#6 0x55ac72ecfb3d <unknown>\n#7 0x55ac72eb3cc3 <unknown>\n#8 0x55ac72e7f0e4 <unknown>\n#9 0x55ac72e800ae <unknown>\n#10 0x55ac73142ce1 <unknown>\n#11 0x55ac73146b7e <unknown>\n#12 0x55ac731304b5 <unknown>\n#13 0x55ac731477d6 <unknown>\n#14 0x55ac73113dbf <unknown>\n#15 0x55ac7316a748 <unknown>\n#16 0x55ac7316a917 <unknown>\n#17 0x55ac7317b773 <unknown>\n#18 0x7faab0f4c044 <unknown>","time":{"start":1698972838066,"stop":1698972843016,"duration":4950}}]},"tags":["@pytest.mark.xfail","smoke_test"]},"source":"5f5785dedaae8a37.json","parameterValues":["3320","16","'TD 018'","2490","'products/shtukaturka-gipsovaya-aksolit-m50-30-kg-mashinnogo-naneseniya'","850","'https://sandboxtest.stroyrem-nn.ru/'","500"]}