{"uid":"21c3dfcd182facbe","name":"test_positive_delivery_green_zone_smoke[TD 014-products/shtukaturka-gipsovaya-aksolit-m50-30-kg-mashinnogo-naneseniya-666-20000-5400-15600-17490-https://sandboxtest.stroyrem-nn.ru/]","fullName":"tests.delivery.test_delivery_calculation.TestDeliveryPageCalculation#test_positive_delivery_green_zone_smoke","historyId":"8a00d04525a56c855c129c7400b068aa","time":{"start":1700268835431,"stop":1700268839267,"duration":3836},"status":"skipped","statusMessage":"XFAIL\n\nselenium.common.exceptions.NoSuchElementException: Message: no such element: Unable to locate element: {\"method\":\"xpath\",\"selector\":\"//input[@class='amount']\"}\n  (Session info: headless chrome=119.0.6045.105); For documentation on this error, please visit: https://www.selenium.dev/documentation/webdriver/troubleshooting/errors#no-such-element-exception\nStacktrace:\n#0 0x55e9dc4185e3 <unknown>\n#1 0x55e9dc0db0b7 <unknown>\n#2 0x55e9dc128f53 <unknown>\n#3 0x55e9dc129051 <unknown>\n#4 0x55e9dc16e9c4 <unknown>\n#5 0x55e9dc14ff1d <unknown>\n#6 0x55e9dc16bb3d <unknown>\n#7 0x55e9dc14fcc3 <unknown>\n#8 0x55e9dc11b0e4 <unknown>\n#9 0x55e9dc11c0ae <unknown>\n#10 0x55e9dc3dece1 <unknown>\n#11 0x55e9dc3e2b7e <unknown>\n#12 0x55e9dc3cc4b5 <unknown>\n#13 0x55e9dc3e37d6 <unknown>\n#14 0x55e9dc3afdbf <unknown>\n#15 0x55e9dc406748 <unknown>\n#16 0x55e9dc406917 <unknown>\n#17 0x55e9dc417773 <unknown>\n#18 0x7f8190223044 <unknown>","statusTrace":"self = <tests.delivery.test_delivery_calculation.TestDeliveryPageCalculation object at 0x7efc40319d10>\ndriver = <selenium.webdriver.chrome.webdriver.WebDriver (session=\"7ff1225fbc059a8b9a79cceaf179d04a\")>\nurl = 'https://sandboxtest.stroyrem-nn.ru/', case_id = 'TD 014'\nlink_item = 'products/shtukaturka-gipsovaya-aksolit-m50-30-kg-mashinnogo-naneseniya'\namount = 666, weight = 20000, standard = 5400, in_time = 15600, all_time = 17490\n\n    @pytest.mark.parametrize('case_id, link_item, amount, weight, standard, in_time, all_time', [\n        (\"TD 001\", uroven_3000, 1, 30, 0, 1590, 2190),\n        (\"TD 002\", bundeks_25, 1, 30, 400, 1590, 2190),\n        (\"TD 003\", aksolit_30, 8, 300, 400, 1590, 2190),\n        (\"TD 004\", aksolit_30, 13, 400, 450, 1590, 2190),\n        (\"TD 005\", aksolit_30, 16, 500, 600, 1590, 2190),\n        (\"TD 006\", aksolit_30, 25, 1700, 990, 1990, 2480),\n        (\"TD 007\", aksolit_30, 66, 2000, 1300, 2490, 2980),\n        (\"TD 008\", aksolit_30, 149, 4500, 2300, 3980, 4490),\n        (\"TD 009\", aksolit_30, 166, 5000, 2500, 4990, 5480),\n        pytest.param(\n            \"TD 010\", aksolit_30, 206, 6200, 2900, 5570, 6120,\n            marks=pytest.mark.xfail(reson=\"Цена доставки 3600 7960 8980\")\n        ),\n        (\"TD 011\", aksolit_30, 299, 9000, 3600, 7960, 8980),\n        (\"TD 012\", aksolit_30, 333, 10000, 4450, 11990, 12500),\n        pytest.param(\n            \"TD 013\", aksolit_30, 366, 11000, 4800, 12450, 13480,\n            marks=pytest.mark.xfail(reason=\"Цена стандартной доставки 4450\")\n        ),\n        pytest.param(\n            \"TD 014\", aksolit_30, 666, 20000, 5400, 15600, 17490,\n            marks=pytest.mark.xfail(reason=\"Цена стандартной доставки 4450\")\n        )\n    ])\n    @pytest.mark.xfail\n    @pytest.mark.smoke_test\n    def test_positive_delivery_green_zone_smoke(\n            self, driver, url, case_id, link_item, amount, weight, standard, in_time, all_time\n    ):\n    \n        driver.get(f'{url}{link_item}')\n        item_page = ItemPage(driver)\n>       item_page.add_item_to_cart(amount).click_on_cart()\n\ntests/delivery/test_delivery_calculation.py:50: \n_ _ _ _ _ _ _ _ _ _ _ _ _ _ _ _ _ _ _ _ _ _ _ _ _ _ _ _ _ _ _ _ _ _ _ _ _ _ _ _ \npages/item_page.py:41: in add_item_to_cart\n    amount_field = self.find_element(self._item_amount)\nbase/seleniumbase.py:17: in find_element\n    return self.driver.find_element(*locator)\n/usr/local/lib/python3.11/site-packages/selenium/webdriver/remote/webdriver.py:739: in find_element\n    return self.execute(Command.FIND_ELEMENT, {\"using\": by, \"value\": value})[\"value\"]\n/usr/local/lib/python3.11/site-packages/selenium/webdriver/remote/webdriver.py:345: in execute\n    self.error_handler.check_response(response)\n_ _ _ _ _ _ _ _ _ _ _ _ _ _ _ _ _ _ _ _ _ _ _ _ _ _ _ _ _ _ _ _ _ _ _ _ _ _ _ _ \n\nself = <selenium.webdriver.remote.errorhandler.ErrorHandler object at 0x7efc3fcac310>\nresponse = {'status': 404, 'value': '{\"value\":{\"error\":\"no such element\",\"message\":\"no such element: Unable to locate element: {\\...\\\\n#16 0x55e9dc406917 \\\\u003Cunknown>\\\\n#17 0x55e9dc417773 \\\\u003Cunknown>\\\\n#18 0x7f8190223044 \\\\u003Cunknown>\\\\n\"}}'}\n\n    def check_response(self, response: Dict[str, Any]) -> None:\n        \"\"\"Checks that a JSON response from the WebDriver does not have an\n        error.\n    \n        :Args:\n         - response - The JSON response from the WebDriver server as a dictionary\n           object.\n    \n        :Raises: If the response contains an error message.\n        \"\"\"\n        status = response.get(\"status\", None)\n        if not status or status == ErrorCode.SUCCESS:\n            return\n        value = None\n        message = response.get(\"message\", \"\")\n        screen: str = response.get(\"screen\", \"\")\n        stacktrace = None\n        if isinstance(status, int):\n            value_json = response.get(\"value\", None)\n            if value_json and isinstance(value_json, str):\n                import json\n    \n                try:\n                    value = json.loads(value_json)\n                    if len(value) == 1:\n                        value = value[\"value\"]\n                    status = value.get(\"error\", None)\n                    if not status:\n                        status = value.get(\"status\", ErrorCode.UNKNOWN_ERROR)\n                        message = value.get(\"value\") or value.get(\"message\")\n                        if not isinstance(message, str):\n                            value = message\n                            message = message.get(\"message\")\n                    else:\n                        message = value.get(\"message\", None)\n                except ValueError:\n                    pass\n    \n        exception_class: Type[WebDriverException]\n        e = ErrorCode()\n        error_codes = [item for item in dir(e) if not item.startswith(\"__\")]\n        for error_code in error_codes:\n            error_info = getattr(ErrorCode, error_code)\n            if isinstance(error_info, list) and status in error_info:\n                exception_class = getattr(ExceptionMapping, error_code, WebDriverException)\n                break\n        else:\n            exception_class = WebDriverException\n    \n        if not value:\n            value = response[\"value\"]\n        if isinstance(value, str):\n            raise exception_class(value)\n        if message == \"\" and \"message\" in value:\n            message = value[\"message\"]\n    \n        screen = None  # type: ignore[assignment]\n        if \"screen\" in value:\n            screen = value[\"screen\"]\n    \n        stacktrace = None\n        st_value = value.get(\"stackTrace\") or value.get(\"stacktrace\")\n        if st_value:\n            if isinstance(st_value, str):\n                stacktrace = st_value.split(\"\\n\")\n            else:\n                stacktrace = []\n                try:\n                    for frame in st_value:\n                        line = frame.get(\"lineNumber\", \"\")\n                        file = frame.get(\"fileName\", \"<anonymous>\")\n                        if line:\n                            file = f\"{file}:{line}\"\n                        meth = frame.get(\"methodName\", \"<anonymous>\")\n                        if \"className\" in frame:\n                            meth = f\"{frame['className']}.{meth}\"\n                        msg = \"    at %s (%s)\"\n                        msg = msg % (meth, file)\n                        stacktrace.append(msg)\n                except TypeError:\n                    pass\n        if exception_class == UnexpectedAlertPresentException:\n            alert_text = None\n            if \"data\" in value:\n                alert_text = value[\"data\"].get(\"text\")\n            elif \"alert\" in value:\n                alert_text = value[\"alert\"].get(\"text\")\n            raise exception_class(message, screen, stacktrace, alert_text)  # type: ignore[call-arg]  # mypy is not smart enough here\n>       raise exception_class(message, screen, stacktrace)\nE       selenium.common.exceptions.NoSuchElementException: Message: no such element: Unable to locate element: {\"method\":\"xpath\",\"selector\":\"//input[@class='amount']\"}\nE         (Session info: headless chrome=119.0.6045.105); For documentation on this error, please visit: https://www.selenium.dev/documentation/webdriver/troubleshooting/errors#no-such-element-exception\nE       Stacktrace:\nE       #0 0x55e9dc4185e3 <unknown>\nE       #1 0x55e9dc0db0b7 <unknown>\nE       #2 0x55e9dc128f53 <unknown>\nE       #3 0x55e9dc129051 <unknown>\nE       #4 0x55e9dc16e9c4 <unknown>\nE       #5 0x55e9dc14ff1d <unknown>\nE       #6 0x55e9dc16bb3d <unknown>\nE       #7 0x55e9dc14fcc3 <unknown>\nE       #8 0x55e9dc11b0e4 <unknown>\nE       #9 0x55e9dc11c0ae <unknown>\nE       #10 0x55e9dc3dece1 <unknown>\nE       #11 0x55e9dc3e2b7e <unknown>\nE       #12 0x55e9dc3cc4b5 <unknown>\nE       #13 0x55e9dc3e37d6 <unknown>\nE       #14 0x55e9dc3afdbf <unknown>\nE       #15 0x55e9dc406748 <unknown>\nE       #16 0x55e9dc406917 <unknown>\nE       #17 0x55e9dc417773 <unknown>\nE       #18 0x7f8190223044 <unknown>\n\n/usr/local/lib/python3.11/site-packages/selenium/webdriver/remote/errorhandler.py:229: NoSuchElementException","flaky":false,"newFailed":false,"newBroken":false,"newPassed":false,"retriesCount":0,"retriesStatusChange":false,"beforeStages":[{"name":"_session_faker","time":{"start":1700268583707,"stop":1700268583775,"duration":68},"status":"passed","steps":[],"attachments":[],"parameters":[],"shouldDisplayMessage":false,"stepsCount":0,"attachmentsCount":0,"hasContent":false},{"name":"clear_allure_results_folder","time":{"start":1700268583775,"stop":1700268583775,"duration":0},"status":"passed","steps":[],"attachments":[],"parameters":[],"shouldDisplayMessage":false,"stepsCount":0,"attachmentsCount":0,"hasContent":false},{"name":"driver","time":{"start":1700268834658,"stop":1700268835430,"duration":772},"status":"passed","steps":[],"attachments":[],"parameters":[],"shouldDisplayMessage":false,"stepsCount":0,"attachmentsCount":0,"hasContent":false},{"name":"setup","time":{"start":1700268835430,"stop":1700268835430,"duration":0},"status":"passed","steps":[],"attachments":[],"parameters":[],"shouldDisplayMessage":false,"stepsCount":0,"attachmentsCount":0,"hasContent":false}],"testStage":{"status":"skipped","statusMessage":"XFAIL\n\nselenium.common.exceptions.NoSuchElementException: Message: no such element: Unable to locate element: {\"method\":\"xpath\",\"selector\":\"//input[@class='amount']\"}\n  (Session info: headless chrome=119.0.6045.105); For documentation on this error, please visit: https://www.selenium.dev/documentation/webdriver/troubleshooting/errors#no-such-element-exception\nStacktrace:\n#0 0x55e9dc4185e3 <unknown>\n#1 0x55e9dc0db0b7 <unknown>\n#2 0x55e9dc128f53 <unknown>\n#3 0x55e9dc129051 <unknown>\n#4 0x55e9dc16e9c4 <unknown>\n#5 0x55e9dc14ff1d <unknown>\n#6 0x55e9dc16bb3d <unknown>\n#7 0x55e9dc14fcc3 <unknown>\n#8 0x55e9dc11b0e4 <unknown>\n#9 0x55e9dc11c0ae <unknown>\n#10 0x55e9dc3dece1 <unknown>\n#11 0x55e9dc3e2b7e <unknown>\n#12 0x55e9dc3cc4b5 <unknown>\n#13 0x55e9dc3e37d6 <unknown>\n#14 0x55e9dc3afdbf <unknown>\n#15 0x55e9dc406748 <unknown>\n#16 0x55e9dc406917 <unknown>\n#17 0x55e9dc417773 <unknown>\n#18 0x7f8190223044 <unknown>","statusTrace":"self = <tests.delivery.test_delivery_calculation.TestDeliveryPageCalculation object at 0x7efc40319d10>\ndriver = <selenium.webdriver.chrome.webdriver.WebDriver (session=\"7ff1225fbc059a8b9a79cceaf179d04a\")>\nurl = 'https://sandboxtest.stroyrem-nn.ru/', case_id = 'TD 014'\nlink_item = 'products/shtukaturka-gipsovaya-aksolit-m50-30-kg-mashinnogo-naneseniya'\namount = 666, weight = 20000, standard = 5400, in_time = 15600, all_time = 17490\n\n    @pytest.mark.parametrize('case_id, link_item, amount, weight, standard, in_time, all_time', [\n        (\"TD 001\", uroven_3000, 1, 30, 0, 1590, 2190),\n        (\"TD 002\", bundeks_25, 1, 30, 400, 1590, 2190),\n        (\"TD 003\", aksolit_30, 8, 300, 400, 1590, 2190),\n        (\"TD 004\", aksolit_30, 13, 400, 450, 1590, 2190),\n        (\"TD 005\", aksolit_30, 16, 500, 600, 1590, 2190),\n        (\"TD 006\", aksolit_30, 25, 1700, 990, 1990, 2480),\n        (\"TD 007\", aksolit_30, 66, 2000, 1300, 2490, 2980),\n        (\"TD 008\", aksolit_30, 149, 4500, 2300, 3980, 4490),\n        (\"TD 009\", aksolit_30, 166, 5000, 2500, 4990, 5480),\n        pytest.param(\n            \"TD 010\", aksolit_30, 206, 6200, 2900, 5570, 6120,\n            marks=pytest.mark.xfail(reson=\"Цена доставки 3600 7960 8980\")\n        ),\n        (\"TD 011\", aksolit_30, 299, 9000, 3600, 7960, 8980),\n        (\"TD 012\", aksolit_30, 333, 10000, 4450, 11990, 12500),\n        pytest.param(\n            \"TD 013\", aksolit_30, 366, 11000, 4800, 12450, 13480,\n            marks=pytest.mark.xfail(reason=\"Цена стандартной доставки 4450\")\n        ),\n        pytest.param(\n            \"TD 014\", aksolit_30, 666, 20000, 5400, 15600, 17490,\n            marks=pytest.mark.xfail(reason=\"Цена стандартной доставки 4450\")\n        )\n    ])\n    @pytest.mark.xfail\n    @pytest.mark.smoke_test\n    def test_positive_delivery_green_zone_smoke(\n            self, driver, url, case_id, link_item, amount, weight, standard, in_time, all_time\n    ):\n    \n        driver.get(f'{url}{link_item}')\n        item_page = ItemPage(driver)\n>       item_page.add_item_to_cart(amount).click_on_cart()\n\ntests/delivery/test_delivery_calculation.py:50: \n_ _ _ _ _ _ _ _ _ _ _ _ _ _ _ _ _ _ _ _ _ _ _ _ _ _ _ _ _ _ _ _ _ _ _ _ _ _ _ _ \npages/item_page.py:41: in add_item_to_cart\n    amount_field = self.find_element(self._item_amount)\nbase/seleniumbase.py:17: in find_element\n    return self.driver.find_element(*locator)\n/usr/local/lib/python3.11/site-packages/selenium/webdriver/remote/webdriver.py:739: in find_element\n    return self.execute(Command.FIND_ELEMENT, {\"using\": by, \"value\": value})[\"value\"]\n/usr/local/lib/python3.11/site-packages/selenium/webdriver/remote/webdriver.py:345: in execute\n    self.error_handler.check_response(response)\n_ _ _ _ _ _ _ _ _ _ _ _ _ _ _ _ _ _ _ _ _ _ _ _ _ _ _ _ _ _ _ _ _ _ _ _ _ _ _ _ \n\nself = <selenium.webdriver.remote.errorhandler.ErrorHandler object at 0x7efc3fcac310>\nresponse = {'status': 404, 'value': '{\"value\":{\"error\":\"no such element\",\"message\":\"no such element: Unable to locate element: {\\...\\\\n#16 0x55e9dc406917 \\\\u003Cunknown>\\\\n#17 0x55e9dc417773 \\\\u003Cunknown>\\\\n#18 0x7f8190223044 \\\\u003Cunknown>\\\\n\"}}'}\n\n    def check_response(self, response: Dict[str, Any]) -> None:\n        \"\"\"Checks that a JSON response from the WebDriver does not have an\n        error.\n    \n        :Args:\n         - response - The JSON response from the WebDriver server as a dictionary\n           object.\n    \n        :Raises: If the response contains an error message.\n        \"\"\"\n        status = response.get(\"status\", None)\n        if not status or status == ErrorCode.SUCCESS:\n            return\n        value = None\n        message = response.get(\"message\", \"\")\n        screen: str = response.get(\"screen\", \"\")\n        stacktrace = None\n        if isinstance(status, int):\n            value_json = response.get(\"value\", None)\n            if value_json and isinstance(value_json, str):\n                import json\n    \n                try:\n                    value = json.loads(value_json)\n                    if len(value) == 1:\n                        value = value[\"value\"]\n                    status = value.get(\"error\", None)\n                    if not status:\n                        status = value.get(\"status\", ErrorCode.UNKNOWN_ERROR)\n                        message = value.get(\"value\") or value.get(\"message\")\n                        if not isinstance(message, str):\n                            value = message\n                            message = message.get(\"message\")\n                    else:\n                        message = value.get(\"message\", None)\n                except ValueError:\n                    pass\n    \n        exception_class: Type[WebDriverException]\n        e = ErrorCode()\n        error_codes = [item for item in dir(e) if not item.startswith(\"__\")]\n        for error_code in error_codes:\n            error_info = getattr(ErrorCode, error_code)\n            if isinstance(error_info, list) and status in error_info:\n                exception_class = getattr(ExceptionMapping, error_code, WebDriverException)\n                break\n        else:\n            exception_class = WebDriverException\n    \n        if not value:\n            value = response[\"value\"]\n        if isinstance(value, str):\n            raise exception_class(value)\n        if message == \"\" and \"message\" in value:\n            message = value[\"message\"]\n    \n        screen = None  # type: ignore[assignment]\n        if \"screen\" in value:\n            screen = value[\"screen\"]\n    \n        stacktrace = None\n        st_value = value.get(\"stackTrace\") or value.get(\"stacktrace\")\n        if st_value:\n            if isinstance(st_value, str):\n                stacktrace = st_value.split(\"\\n\")\n            else:\n                stacktrace = []\n                try:\n                    for frame in st_value:\n                        line = frame.get(\"lineNumber\", \"\")\n                        file = frame.get(\"fileName\", \"<anonymous>\")\n                        if line:\n                            file = f\"{file}:{line}\"\n                        meth = frame.get(\"methodName\", \"<anonymous>\")\n                        if \"className\" in frame:\n                            meth = f\"{frame['className']}.{meth}\"\n                        msg = \"    at %s (%s)\"\n                        msg = msg % (meth, file)\n                        stacktrace.append(msg)\n                except TypeError:\n                    pass\n        if exception_class == UnexpectedAlertPresentException:\n            alert_text = None\n            if \"data\" in value:\n                alert_text = value[\"data\"].get(\"text\")\n            elif \"alert\" in value:\n                alert_text = value[\"alert\"].get(\"text\")\n            raise exception_class(message, screen, stacktrace, alert_text)  # type: ignore[call-arg]  # mypy is not smart enough here\n>       raise exception_class(message, screen, stacktrace)\nE       selenium.common.exceptions.NoSuchElementException: Message: no such element: Unable to locate element: {\"method\":\"xpath\",\"selector\":\"//input[@class='amount']\"}\nE         (Session info: headless chrome=119.0.6045.105); For documentation on this error, please visit: https://www.selenium.dev/documentation/webdriver/troubleshooting/errors#no-such-element-exception\nE       Stacktrace:\nE       #0 0x55e9dc4185e3 <unknown>\nE       #1 0x55e9dc0db0b7 <unknown>\nE       #2 0x55e9dc128f53 <unknown>\nE       #3 0x55e9dc129051 <unknown>\nE       #4 0x55e9dc16e9c4 <unknown>\nE       #5 0x55e9dc14ff1d <unknown>\nE       #6 0x55e9dc16bb3d <unknown>\nE       #7 0x55e9dc14fcc3 <unknown>\nE       #8 0x55e9dc11b0e4 <unknown>\nE       #9 0x55e9dc11c0ae <unknown>\nE       #10 0x55e9dc3dece1 <unknown>\nE       #11 0x55e9dc3e2b7e <unknown>\nE       #12 0x55e9dc3cc4b5 <unknown>\nE       #13 0x55e9dc3e37d6 <unknown>\nE       #14 0x55e9dc3afdbf <unknown>\nE       #15 0x55e9dc406748 <unknown>\nE       #16 0x55e9dc406917 <unknown>\nE       #17 0x55e9dc417773 <unknown>\nE       #18 0x7f8190223044 <unknown>\n\n/usr/local/lib/python3.11/site-packages/selenium/webdriver/remote/errorhandler.py:229: NoSuchElementException","steps":[{"name":"Добавляем товар в корзину в количестве 666","time":{"start":1700268839212,"stop":1700268839267,"duration":55},"status":"broken","statusMessage":"selenium.common.exceptions.NoSuchElementException: Message: no such element: Unable to locate element: {\"method\":\"xpath\",\"selector\":\"//input[@class='amount']\"}\n  (Session info: headless chrome=119.0.6045.105); For documentation on this error, please visit: https://www.selenium.dev/documentation/webdriver/troubleshooting/errors#no-such-element-exception\nStacktrace:\n#0 0x55e9dc4185e3 <unknown>\n#1 0x55e9dc0db0b7 <unknown>\n#2 0x55e9dc128f53 <unknown>\n#3 0x55e9dc129051 <unknown>\n#4 0x55e9dc16e9c4 <unknown>\n#5 0x55e9dc14ff1d <unknown>\n#6 0x55e9dc16bb3d <unknown>\n#7 0x55e9dc14fcc3 <unknown>\n#8 0x55e9dc11b0e4 <unknown>\n#9 0x55e9dc11c0ae <unknown>\n#10 0x55e9dc3dece1 <unknown>\n#11 0x55e9dc3e2b7e <unknown>\n#12 0x55e9dc3cc4b5 <unknown>\n#13 0x55e9dc3e37d6 <unknown>\n#14 0x55e9dc3afdbf <unknown>\n#15 0x55e9dc406748 <unknown>\n#16 0x55e9dc406917 <unknown>\n#17 0x55e9dc417773 <unknown>\n#18 0x7f8190223044 <unknown>\n\n","statusTrace":"  File \"/usr/local/lib/python3.11/site-packages/allure_commons/_allure.py\", line 192, in impl\n    return func(*a, **kw)\n           ^^^^^^^^^^^^^^\n  File \"/app/pages/item_page.py\", line 41, in add_item_to_cart\n    amount_field = self.find_element(self._item_amount)\n                   ^^^^^^^^^^^^^^^^^^^^^^^^^^^^^^^^^^^^\n  File \"/app/base/seleniumbase.py\", line 17, in find_element\n    return self.driver.find_element(*locator)\n           ^^^^^^^^^^^^^^^^^^^^^^^^^^^^^^^^^^\n  File \"/usr/local/lib/python3.11/site-packages/selenium/webdriver/remote/webdriver.py\", line 739, in find_element\n    return self.execute(Command.FIND_ELEMENT, {\"using\": by, \"value\": value})[\"value\"]\n           ^^^^^^^^^^^^^^^^^^^^^^^^^^^^^^^^^^^^^^^^^^^^^^^^^^^^^^^^^^^^^^^^^\n  File \"/usr/local/lib/python3.11/site-packages/selenium/webdriver/remote/webdriver.py\", line 345, in execute\n    self.error_handler.check_response(response)\n  File \"/usr/local/lib/python3.11/site-packages/selenium/webdriver/remote/errorhandler.py\", line 229, in check_response\n    raise exception_class(message, screen, stacktrace)\n","steps":[],"attachments":[],"parameters":[{"name":"amount","value":"666"}],"shouldDisplayMessage":true,"stepsCount":0,"attachmentsCount":0,"hasContent":true}],"attachments":[{"uid":"75a0df49f354a516","name":"Screenshot","source":"75a0df49f354a516.png","type":"image/png","size":115178},{"uid":"3ebada1a10d705fd","name":"HTML source","source":"3ebada1a10d705fd.html","type":"text/html","size":303988}],"parameters":[],"shouldDisplayMessage":true,"stepsCount":1,"attachmentsCount":2,"hasContent":true},"afterStages":[{"name":"setup::0","time":{"start":1700268839412,"stop":1700268839412,"duration":0},"status":"passed","steps":[],"attachments":[],"parameters":[],"shouldDisplayMessage":false,"stepsCount":0,"attachmentsCount":0,"hasContent":false},{"name":"driver::0","time":{"start":1700268839412,"stop":1700268839472,"duration":60},"status":"passed","steps":[],"attachments":[],"parameters":[],"shouldDisplayMessage":false,"stepsCount":0,"attachmentsCount":0,"hasContent":false}],"labels":[{"name":"epic","value":"Delivery Page - calculation"},{"name":"tag","value":"smoke_test"},{"name":"tag","value":"@pytest.mark.xfail"},{"name":"parentSuite","value":"tests.delivery"},{"name":"suite","value":"test_delivery_calculation"},{"name":"subSuite","value":"TestDeliveryPageCalculation"},{"name":"host","value":"918a50b56081"},{"name":"thread","value":"1-MainThread"},{"name":"framework","value":"pytest"},{"name":"language","value":"cpython3"},{"name":"package","value":"tests.delivery.test_delivery_calculation"},{"name":"resultFormat","value":"allure2"}],"parameters":[{"name":"all_time","value":"17490"},{"name":"amount","value":"666"},{"name":"case_id","value":"'TD 014'"},{"name":"in_time","value":"15600"},{"name":"link_item","value":"'products/shtukaturka-gipsovaya-aksolit-m50-30-kg-mashinnogo-naneseniya'"},{"name":"standard","value":"5400"},{"name":"url","value":"'https://sandboxtest.stroyrem-nn.ru/'"},{"name":"weight","value":"20000"}],"links":[],"hidden":false,"retry":false,"extra":{"severity":"normal","retries":[],"categories":[],"history":{"statistic":{"failed":0,"broken":0,"skipped":101,"passed":0,"unknown":0,"total":101},"items":[{"uid":"8660bcafd4c03596","reportUrl":"https://Nat754.github.io/StroyremAutomation/128//#testresult/8660bcafd4c03596","status":"skipped","statusDetails":"XFAIL\n\nselenium.common.exceptions.NoSuchElementException: Message: no such element: Unable to locate element: {\"method\":\"xpath\",\"selector\":\"//input[@class='amount']\"}\n  (Session info: headless chrome=119.0.6045.105); For documentation on this error, please visit: https://www.selenium.dev/documentation/webdriver/troubleshooting/errors#no-such-element-exception\nStacktrace:\n#0 0x55ce11ec15e3 <unknown>\n#1 0x55ce11b840b7 <unknown>\n#2 0x55ce11bd1f53 <unknown>\n#3 0x55ce11bd2051 <unknown>\n#4 0x55ce11c179c4 <unknown>\n#5 0x55ce11bf8f1d <unknown>\n#6 0x55ce11c14b3d <unknown>\n#7 0x55ce11bf8cc3 <unknown>\n#8 0x55ce11bc40e4 <unknown>\n#9 0x55ce11bc50ae <unknown>\n#10 0x55ce11e87ce1 <unknown>\n#11 0x55ce11e8bb7e <unknown>\n#12 0x55ce11e754b5 <unknown>\n#13 0x55ce11e8c7d6 <unknown>\n#14 0x55ce11e58dbf <unknown>\n#15 0x55ce11eaf748 <unknown>\n#16 0x55ce11eaf917 <unknown>\n#17 0x55ce11ec0773 <unknown>\n#18 0x7fe2ff8d9044 <unknown>","time":{"start":1700182574818,"stop":1700182579413,"duration":4595}},{"uid":"863a6d40d5732a61","reportUrl":"https://Nat754.github.io/StroyremAutomation/127//#testresult/863a6d40d5732a61","status":"skipped","statusDetails":"XFAIL\n\nselenium.common.exceptions.NoSuchElementException: Message: no such element: Unable to locate element: {\"method\":\"xpath\",\"selector\":\"//input[@class='amount']\"}\n  (Session info: headless chrome=119.0.6045.105); For documentation on this error, please visit: https://www.selenium.dev/documentation/webdriver/troubleshooting/errors#no-such-element-exception\nStacktrace:\n#0 0x5615356c95e3 <unknown>\n#1 0x56153538c0b7 <unknown>\n#2 0x5615353d9f53 <unknown>\n#3 0x5615353da051 <unknown>\n#4 0x56153541f9c4 <unknown>\n#5 0x561535400f1d <unknown>\n#6 0x56153541cb3d <unknown>\n#7 0x561535400cc3 <unknown>\n#8 0x5615353cc0e4 <unknown>\n#9 0x5615353cd0ae <unknown>\n#10 0x56153568fce1 <unknown>\n#11 0x561535693b7e <unknown>\n#12 0x56153567d4b5 <unknown>\n#13 0x5615356947d6 <unknown>\n#14 0x561535660dbf <unknown>\n#15 0x5615356b7748 <unknown>\n#16 0x5615356b7917 <unknown>\n#17 0x5615356c8773 <unknown>\n#18 0x7f4cb1751044 <unknown>","time":{"start":1700096159065,"stop":1700096162781,"duration":3716}},{"uid":"8afa3d12262baf37","reportUrl":"https://Nat754.github.io/StroyremAutomation/126//#testresult/8afa3d12262baf37","status":"skipped","statusDetails":"XFAIL\n\nselenium.common.exceptions.NoSuchElementException: Message: no such element: Unable to locate element: {\"method\":\"xpath\",\"selector\":\"//input[@class='amount']\"}\n  (Session info: headless chrome=119.0.6045.105); For documentation on this error, please visit: https://www.selenium.dev/documentation/webdriver/troubleshooting/errors#no-such-element-exception\nStacktrace:\n#0 0x56364c05b5e3 <unknown>\n#1 0x56364bd1e0b7 <unknown>\n#2 0x56364bd6bf53 <unknown>\n#3 0x56364bd6c051 <unknown>\n#4 0x56364bdb19c4 <unknown>\n#5 0x56364bd92f1d <unknown>\n#6 0x56364bdaeb3d <unknown>\n#7 0x56364bd92cc3 <unknown>\n#8 0x56364bd5e0e4 <unknown>\n#9 0x56364bd5f0ae <unknown>\n#10 0x56364c021ce1 <unknown>\n#11 0x56364c025b7e <unknown>\n#12 0x56364c00f4b5 <unknown>\n#13 0x56364c0267d6 <unknown>\n#14 0x56364bff2dbf <unknown>\n#15 0x56364c049748 <unknown>\n#16 0x56364c049917 <unknown>\n#17 0x56364c05a773 <unknown>\n#18 0x7efd6ea2a044 <unknown>","time":{"start":1700009748722,"stop":1700009753336,"duration":4614}},{"uid":"32ad3b6746f5986","reportUrl":"https://Nat754.github.io/StroyremAutomation/125//#testresult/32ad3b6746f5986","status":"skipped","statusDetails":"XFAIL\n\nselenium.common.exceptions.NoSuchElementException: Message: no such element: Unable to locate element: {\"method\":\"xpath\",\"selector\":\"//input[@class='amount']\"}\n  (Session info: headless chrome=119.0.6045.105); For documentation on this error, please visit: https://www.selenium.dev/documentation/webdriver/troubleshooting/errors#no-such-element-exception\nStacktrace:\n#0 0x556e4c2eb5e3 <unknown>\n#1 0x556e4bfae0b7 <unknown>\n#2 0x556e4bffbf53 <unknown>\n#3 0x556e4bffc051 <unknown>\n#4 0x556e4c0419c4 <unknown>\n#5 0x556e4c022f1d <unknown>\n#6 0x556e4c03eb3d <unknown>\n#7 0x556e4c022cc3 <unknown>\n#8 0x556e4bfee0e4 <unknown>\n#9 0x556e4bfef0ae <unknown>\n#10 0x556e4c2b1ce1 <unknown>\n#11 0x556e4c2b5b7e <unknown>\n#12 0x556e4c29f4b5 <unknown>\n#13 0x556e4c2b67d6 <unknown>\n#14 0x556e4c282dbf <unknown>\n#15 0x556e4c2d9748 <unknown>\n#16 0x556e4c2d9917 <unknown>\n#17 0x556e4c2ea773 <unknown>\n#18 0x7f43cef54044 <unknown>","time":{"start":1699923163871,"stop":1699923167513,"duration":3642}},{"uid":"3426a5b562b8558c","reportUrl":"https://Nat754.github.io/StroyremAutomation/124//#testresult/3426a5b562b8558c","status":"skipped","statusDetails":"XFAIL\n\nselenium.common.exceptions.NoSuchElementException: Message: no such element: Unable to locate element: {\"method\":\"xpath\",\"selector\":\"//input[@class='amount']\"}\n  (Session info: headless chrome=119.0.6045.105); For documentation on this error, please visit: https://www.selenium.dev/documentation/webdriver/troubleshooting/errors#no-such-element-exception\nStacktrace:\n#0 0x556168a995e3 <unknown>\n#1 0x55616875c0b7 <unknown>\n#2 0x5561687a9f53 <unknown>\n#3 0x5561687aa051 <unknown>\n#4 0x5561687ef9c4 <unknown>\n#5 0x5561687d0f1d <unknown>\n#6 0x5561687ecb3d <unknown>\n#7 0x5561687d0cc3 <unknown>\n#8 0x55616879c0e4 <unknown>\n#9 0x55616879d0ae <unknown>\n#10 0x556168a5fce1 <unknown>\n#11 0x556168a63b7e <unknown>\n#12 0x556168a4d4b5 <unknown>\n#13 0x556168a647d6 <unknown>\n#14 0x556168a30dbf <unknown>\n#15 0x556168a87748 <unknown>\n#16 0x556168a87917 <unknown>\n#17 0x556168a98773 <unknown>\n#18 0x7f7aa9d78044 <unknown>","time":{"start":1699836916296,"stop":1699836919785,"duration":3489}},{"uid":"74f98daa7ffa5c0a","reportUrl":"https://Nat754.github.io/StroyremAutomation/123//#testresult/74f98daa7ffa5c0a","status":"skipped","statusDetails":"XFAIL\n\nselenium.common.exceptions.NoSuchElementException: Message: no such element: Unable to locate element: {\"method\":\"xpath\",\"selector\":\"//input[@class='amount']\"}\n  (Session info: headless chrome=119.0.6045.105); For documentation on this error, please visit: https://www.selenium.dev/documentation/webdriver/troubleshooting/errors#no-such-element-exception\nStacktrace:\n#0 0x5617da4465e3 <unknown>\n#1 0x5617da1090b7 <unknown>\n#2 0x5617da156f53 <unknown>\n#3 0x5617da157051 <unknown>\n#4 0x5617da19c9c4 <unknown>\n#5 0x5617da17df1d <unknown>\n#6 0x5617da199b3d <unknown>\n#7 0x5617da17dcc3 <unknown>\n#8 0x5617da1490e4 <unknown>\n#9 0x5617da14a0ae <unknown>\n#10 0x5617da40cce1 <unknown>\n#11 0x5617da410b7e <unknown>\n#12 0x5617da3fa4b5 <unknown>\n#13 0x5617da4117d6 <unknown>\n#14 0x5617da3dddbf <unknown>\n#15 0x5617da434748 <unknown>\n#16 0x5617da434917 <unknown>\n#17 0x5617da445773 <unknown>\n#18 0x7fda830a0044 <unknown>","time":{"start":1699750639887,"stop":1699750643648,"duration":3761}},{"uid":"99cf4199318a6f77","reportUrl":"https://Nat754.github.io/StroyremAutomation/122//#testresult/99cf4199318a6f77","status":"skipped","statusDetails":"XFAIL\n\nselenium.common.exceptions.NoSuchElementException: Message: no such element: Unable to locate element: {\"method\":\"xpath\",\"selector\":\"//input[@class='amount']\"}\n  (Session info: headless chrome=119.0.6045.105); For documentation on this error, please visit: https://www.selenium.dev/documentation/webdriver/troubleshooting/errors#no-such-element-exception\nStacktrace:\n#0 0x56419e0245e3 <unknown>\n#1 0x56419dce70b7 <unknown>\n#2 0x56419dd34f53 <unknown>\n#3 0x56419dd35051 <unknown>\n#4 0x56419dd7a9c4 <unknown>\n#5 0x56419dd5bf1d <unknown>\n#6 0x56419dd77b3d <unknown>\n#7 0x56419dd5bcc3 <unknown>\n#8 0x56419dd270e4 <unknown>\n#9 0x56419dd280ae <unknown>\n#10 0x56419dfeace1 <unknown>\n#11 0x56419dfeeb7e <unknown>\n#12 0x56419dfd84b5 <unknown>\n#13 0x56419dfef7d6 <unknown>\n#14 0x56419dfbbdbf <unknown>\n#15 0x56419e012748 <unknown>\n#16 0x56419e012917 <unknown>\n#17 0x56419e023773 <unknown>\n#18 0x7ff0599c1044 <unknown>","time":{"start":1699663982838,"stop":1699663987336,"duration":4498}},{"uid":"572a449e052f8ace","reportUrl":"https://Nat754.github.io/StroyremAutomation/121//#testresult/572a449e052f8ace","status":"skipped","statusDetails":"XFAIL\n\nselenium.common.exceptions.NoSuchElementException: Message: no such element: Unable to locate element: {\"method\":\"xpath\",\"selector\":\"//input[@class='amount']\"}\n  (Session info: headless chrome=119.0.6045.105); For documentation on this error, please visit: https://www.selenium.dev/documentation/webdriver/troubleshooting/errors#no-such-element-exception\nStacktrace:\n#0 0x55ff2f8e15e3 <unknown>\n#1 0x55ff2f5a40b7 <unknown>\n#2 0x55ff2f5f1f53 <unknown>\n#3 0x55ff2f5f2051 <unknown>\n#4 0x55ff2f6379c4 <unknown>\n#5 0x55ff2f618f1d <unknown>\n#6 0x55ff2f634b3d <unknown>\n#7 0x55ff2f618cc3 <unknown>\n#8 0x55ff2f5e40e4 <unknown>\n#9 0x55ff2f5e50ae <unknown>\n#10 0x55ff2f8a7ce1 <unknown>\n#11 0x55ff2f8abb7e <unknown>\n#12 0x55ff2f8954b5 <unknown>\n#13 0x55ff2f8ac7d6 <unknown>\n#14 0x55ff2f878dbf <unknown>\n#15 0x55ff2f8cf748 <unknown>\n#16 0x55ff2f8cf917 <unknown>\n#17 0x55ff2f8e0773 <unknown>\n#18 0x7fe94ef33044 <unknown>","time":{"start":1699577573596,"stop":1699577577367,"duration":3771}},{"uid":"a0ad1f128703d78b","reportUrl":"https://Nat754.github.io/StroyremAutomation/120//#testresult/a0ad1f128703d78b","status":"skipped","statusDetails":"XFAIL\n\nselenium.common.exceptions.NoSuchElementException: Message: no such element: Unable to locate element: {\"method\":\"xpath\",\"selector\":\"//input[@class='amount']\"}\n  (Session info: headless chrome=119.0.6045.105); For documentation on this error, please visit: https://www.selenium.dev/documentation/webdriver/troubleshooting/errors#no-such-element-exception\nStacktrace:\n#0 0x55d96f3055e3 <unknown>\n#1 0x55d96efc80b7 <unknown>\n#2 0x55d96f015f53 <unknown>\n#3 0x55d96f016051 <unknown>\n#4 0x55d96f05b9c4 <unknown>\n#5 0x55d96f03cf1d <unknown>\n#6 0x55d96f058b3d <unknown>\n#7 0x55d96f03ccc3 <unknown>\n#8 0x55d96f0080e4 <unknown>\n#9 0x55d96f0090ae <unknown>\n#10 0x55d96f2cbce1 <unknown>\n#11 0x55d96f2cfb7e <unknown>\n#12 0x55d96f2b94b5 <unknown>\n#13 0x55d96f2d07d6 <unknown>\n#14 0x55d96f29cdbf <unknown>\n#15 0x55d96f2f3748 <unknown>\n#16 0x55d96f2f3917 <unknown>\n#17 0x55d96f304773 <unknown>\n#18 0x7f7c87ce8044 <unknown>","time":{"start":1699491154233,"stop":1699491157450,"duration":3217}},{"uid":"e5ceaf4ba2d85eb3","reportUrl":"https://Nat754.github.io/StroyremAutomation/119//#testresult/e5ceaf4ba2d85eb3","status":"skipped","statusDetails":"XFAIL\n\nselenium.common.exceptions.NoSuchElementException: Message: no such element: Unable to locate element: {\"method\":\"xpath\",\"selector\":\"//input[@class='amount']\"}\n  (Session info: headless chrome=119.0.6045.105); For documentation on this error, please visit: https://www.selenium.dev/documentation/webdriver/troubleshooting/errors#no-such-element-exception\nStacktrace:\n#0 0x55bb82b555e3 <unknown>\n#1 0x55bb828180b7 <unknown>\n#2 0x55bb82865f53 <unknown>\n#3 0x55bb82866051 <unknown>\n#4 0x55bb828ab9c4 <unknown>\n#5 0x55bb8288cf1d <unknown>\n#6 0x55bb828a8b3d <unknown>\n#7 0x55bb8288ccc3 <unknown>\n#8 0x55bb828580e4 <unknown>\n#9 0x55bb828590ae <unknown>\n#10 0x55bb82b1bce1 <unknown>\n#11 0x55bb82b1fb7e <unknown>\n#12 0x55bb82b094b5 <unknown>\n#13 0x55bb82b207d6 <unknown>\n#14 0x55bb82aecdbf <unknown>\n#15 0x55bb82b43748 <unknown>\n#16 0x55bb82b43917 <unknown>\n#17 0x55bb82b54773 <unknown>\n#18 0x7f303d919044 <unknown>","time":{"start":1699404820548,"stop":1699404824614,"duration":4066}},{"uid":"f2c0a478e00bbfb","reportUrl":"https://Nat754.github.io/StroyremAutomation/118//#testresult/f2c0a478e00bbfb","status":"skipped","statusDetails":"XFAIL\n\nselenium.common.exceptions.NoSuchElementException: Message: no such element: Unable to locate element: {\"method\":\"xpath\",\"selector\":\"//input[@class='amount']\"}\n  (Session info: headless chrome=119.0.6045.105); For documentation on this error, please visit: https://www.selenium.dev/documentation/webdriver/troubleshooting/errors#no-such-element-exception\nStacktrace:\n#0 0x55882e1d55e3 <unknown>\n#1 0x55882de980b7 <unknown>\n#2 0x55882dee5f53 <unknown>\n#3 0x55882dee6051 <unknown>\n#4 0x55882df2b9c4 <unknown>\n#5 0x55882df0cf1d <unknown>\n#6 0x55882df28b3d <unknown>\n#7 0x55882df0ccc3 <unknown>\n#8 0x55882ded80e4 <unknown>\n#9 0x55882ded90ae <unknown>\n#10 0x55882e19bce1 <unknown>\n#11 0x55882e19fb7e <unknown>\n#12 0x55882e1894b5 <unknown>\n#13 0x55882e1a07d6 <unknown>\n#14 0x55882e16cdbf <unknown>\n#15 0x55882e1c3748 <unknown>\n#16 0x55882e1c3917 <unknown>\n#17 0x55882e1d4773 <unknown>\n#18 0x7f3ebb439044 <unknown>","time":{"start":1699318495654,"stop":1699318498888,"duration":3234}},{"uid":"ecd8074b27ed4f70","reportUrl":"https://Nat754.github.io/StroyremAutomation/117//#testresult/ecd8074b27ed4f70","status":"skipped","statusDetails":"XFAIL\n\nselenium.common.exceptions.NoSuchElementException: Message: no such element: Unable to locate element: {\"method\":\"xpath\",\"selector\":\"//input[@class='amount']\"}\n  (Session info: headless chrome=119.0.6045.105); For documentation on this error, please visit: https://www.selenium.dev/documentation/webdriver/troubleshooting/errors#no-such-element-exception\nStacktrace:\n#0 0x55f354b835e3 <unknown>\n#1 0x55f3548460b7 <unknown>\n#2 0x55f354893f53 <unknown>\n#3 0x55f354894051 <unknown>\n#4 0x55f3548d99c4 <unknown>\n#5 0x55f3548baf1d <unknown>\n#6 0x55f3548d6b3d <unknown>\n#7 0x55f3548bacc3 <unknown>\n#8 0x55f3548860e4 <unknown>\n#9 0x55f3548870ae <unknown>\n#10 0x55f354b49ce1 <unknown>\n#11 0x55f354b4db7e <unknown>\n#12 0x55f354b374b5 <unknown>\n#13 0x55f354b4e7d6 <unknown>\n#14 0x55f354b1adbf <unknown>\n#15 0x55f354b71748 <unknown>\n#16 0x55f354b71917 <unknown>\n#17 0x55f354b82773 <unknown>\n#18 0x7fbe549d1044 <unknown>","time":{"start":1699232157084,"stop":1699232161197,"duration":4113}},{"uid":"2544c6834a317165","reportUrl":"https://Nat754.github.io/StroyremAutomation/116//#testresult/2544c6834a317165","status":"skipped","statusDetails":"XFAIL\n\nselenium.common.exceptions.NoSuchElementException: Message: no such element: Unable to locate element: {\"method\":\"xpath\",\"selector\":\"//input[@class='amount']\"}\n  (Session info: headless chrome=119.0.6045.105); For documentation on this error, please visit: https://www.selenium.dev/documentation/webdriver/troubleshooting/errors#no-such-element-exception\nStacktrace:\n#0 0x55da6a2655e3 <unknown>\n#1 0x55da69f280b7 <unknown>\n#2 0x55da69f75f53 <unknown>\n#3 0x55da69f76051 <unknown>\n#4 0x55da69fbb9c4 <unknown>\n#5 0x55da69f9cf1d <unknown>\n#6 0x55da69fb8b3d <unknown>\n#7 0x55da69f9ccc3 <unknown>\n#8 0x55da69f680e4 <unknown>\n#9 0x55da69f690ae <unknown>\n#10 0x55da6a22bce1 <unknown>\n#11 0x55da6a22fb7e <unknown>\n#12 0x55da6a2194b5 <unknown>\n#13 0x55da6a2307d6 <unknown>\n#14 0x55da6a1fcdbf <unknown>\n#15 0x55da6a253748 <unknown>\n#16 0x55da6a253917 <unknown>\n#17 0x55da6a264773 <unknown>\n#18 0x7fe8a0401044 <unknown>","time":{"start":1699145917424,"stop":1699145922966,"duration":5542}},{"uid":"abb3b964ddb31921","reportUrl":"https://Nat754.github.io/StroyremAutomation/115//#testresult/abb3b964ddb31921","status":"skipped","statusDetails":"XFAIL\n\nselenium.common.exceptions.NoSuchElementException: Message: no such element: Unable to locate element: {\"method\":\"xpath\",\"selector\":\"//input[@class='amount']\"}\n  (Session info: headless chrome=119.0.6045.105); For documentation on this error, please visit: https://www.selenium.dev/documentation/webdriver/troubleshooting/errors#no-such-element-exception\nStacktrace:\n#0 0x5594fb20e5e3 <unknown>\n#1 0x5594faed10b7 <unknown>\n#2 0x5594faf1ef53 <unknown>\n#3 0x5594faf1f051 <unknown>\n#4 0x5594faf649c4 <unknown>\n#5 0x5594faf45f1d <unknown>\n#6 0x5594faf61b3d <unknown>\n#7 0x5594faf45cc3 <unknown>\n#8 0x5594faf110e4 <unknown>\n#9 0x5594faf120ae <unknown>\n#10 0x5594fb1d4ce1 <unknown>\n#11 0x5594fb1d8b7e <unknown>\n#12 0x5594fb1c24b5 <unknown>\n#13 0x5594fb1d97d6 <unknown>\n#14 0x5594fb1a5dbf <unknown>\n#15 0x5594fb1fc748 <unknown>\n#16 0x5594fb1fc917 <unknown>\n#17 0x5594fb20d773 <unknown>\n#18 0x7fe0534d6044 <unknown>","time":{"start":1699059201498,"stop":1699059205384,"duration":3886}},{"uid":"f0cd3158d65b0b47","reportUrl":"https://Nat754.github.io/StroyremAutomation/114//#testresult/f0cd3158d65b0b47","status":"skipped","statusDetails":"XFAIL\n\nselenium.common.exceptions.NoSuchElementException: Message: no such element: Unable to locate element: {\"method\":\"xpath\",\"selector\":\"//input[@class='amount']\"}\n  (Session info: headless chrome=119.0.6045.105); For documentation on this error, please visit: https://www.selenium.dev/documentation/webdriver/troubleshooting/errors#no-such-element-exception\nStacktrace:\n#0 0x55f0c32a05e3 <unknown>\n#1 0x55f0c2f630b7 <unknown>\n#2 0x55f0c2fb0f53 <unknown>\n#3 0x55f0c2fb1051 <unknown>\n#4 0x55f0c2ff69c4 <unknown>\n#5 0x55f0c2fd7f1d <unknown>\n#6 0x55f0c2ff3b3d <unknown>\n#7 0x55f0c2fd7cc3 <unknown>\n#8 0x55f0c2fa30e4 <unknown>\n#9 0x55f0c2fa40ae <unknown>\n#10 0x55f0c3266ce1 <unknown>\n#11 0x55f0c326ab7e <unknown>\n#12 0x55f0c32544b5 <unknown>\n#13 0x55f0c326b7d6 <unknown>\n#14 0x55f0c3237dbf <unknown>\n#15 0x55f0c328e748 <unknown>\n#16 0x55f0c328e917 <unknown>\n#17 0x55f0c329f773 <unknown>\n#18 0x7efe4f3de044 <unknown>","time":{"start":1698972815711,"stop":1698972820503,"duration":4792}},{"uid":"1fb8a0f455b354fe","reportUrl":"https://Nat754.github.io/StroyremAutomation/113//#testresult/1fb8a0f455b354fe","status":"skipped","statusDetails":"XFAIL\n\nselenium.common.exceptions.NoSuchElementException: Message: no such element: Unable to locate element: {\"method\":\"xpath\",\"selector\":\"//input[@class='amount']\"}\n  (Session info: headless chrome=119.0.6045.105); For documentation on this error, please visit: https://www.selenium.dev/documentation/webdriver/troubleshooting/errors#no-such-element-exception\nStacktrace:\n#0 0x5618b5dd05e3 <unknown>\n#1 0x5618b5a930b7 <unknown>\n#2 0x5618b5ae0f53 <unknown>\n#3 0x5618b5ae1051 <unknown>\n#4 0x5618b5b269c4 <unknown>\n#5 0x5618b5b07f1d <unknown>\n#6 0x5618b5b23b3d <unknown>\n#7 0x5618b5b07cc3 <unknown>\n#8 0x5618b5ad30e4 <unknown>\n#9 0x5618b5ad40ae <unknown>\n#10 0x5618b5d96ce1 <unknown>\n#11 0x5618b5d9ab7e <unknown>\n#12 0x5618b5d844b5 <unknown>\n#13 0x5618b5d9b7d6 <unknown>\n#14 0x5618b5d67dbf <unknown>\n#15 0x5618b5dbe748 <unknown>\n#16 0x5618b5dbe917 <unknown>\n#17 0x5618b5dcf773 <unknown>\n#18 0x7fd34ba9c044 <unknown>","time":{"start":1698886457898,"stop":1698886463460,"duration":5562}},{"uid":"b0ac70e95f6e8ce5","reportUrl":"https://Nat754.github.io/StroyremAutomation/112//#testresult/b0ac70e95f6e8ce5","status":"skipped","statusDetails":"XFAIL\n\nselenium.common.exceptions.NoSuchElementException: Message: no such element: Unable to locate element: {\"method\":\"xpath\",\"selector\":\"//input[@class='amount']\"}\n  (Session info: headless chrome=119.0.6045.105); For documentation on this error, please visit: https://www.selenium.dev/documentation/webdriver/troubleshooting/errors#no-such-element-exception\nStacktrace:\n#0 0x5596079975e3 <unknown>\n#1 0x55960765a0b7 <unknown>\n#2 0x5596076a7f53 <unknown>\n#3 0x5596076a8051 <unknown>\n#4 0x5596076ed9c4 <unknown>\n#5 0x5596076cef1d <unknown>\n#6 0x5596076eab3d <unknown>\n#7 0x5596076cecc3 <unknown>\n#8 0x55960769a0e4 <unknown>\n#9 0x55960769b0ae <unknown>\n#10 0x55960795dce1 <unknown>\n#11 0x559607961b7e <unknown>\n#12 0x55960794b4b5 <unknown>\n#13 0x5596079627d6 <unknown>\n#14 0x55960792edbf <unknown>\n#15 0x559607985748 <unknown>\n#16 0x559607985917 <unknown>\n#17 0x559607996773 <unknown>\n#18 0x7f9d5295c044 <unknown>","time":{"start":1698800296717,"stop":1698800302746,"duration":6029}},{"uid":"8226ee998f7f77dc","reportUrl":"https://Nat754.github.io/StroyremAutomation/111//#testresult/8226ee998f7f77dc","status":"skipped","statusDetails":"XFAIL\n\nselenium.common.exceptions.NoSuchElementException: Message: no such element: Unable to locate element: {\"method\":\"xpath\",\"selector\":\"//input[@class='amount']\"}\n  (Session info: headless chrome=118.0.5993.70); For documentation on this error, please visit: https://www.selenium.dev/documentation/webdriver/troubleshooting/errors#no-such-element-exception\nStacktrace:\n#0 0x55bcf5b5cfb3 <unknown>\n#1 0x55bcf58304a7 <unknown>\n#2 0x55bcf5877dd6 <unknown>\n#3 0x55bcf5877ec1 <unknown>\n#4 0x55bcf58b5354 <unknown>\n#5 0x55bcf589996d <unknown>\n#6 0x55bcf58b2c02 <unknown>\n#7 0x55bcf5899713 <unknown>\n#8 0x55bcf586c18b <unknown>\n#9 0x55bcf586cf7e <unknown>\n#10 0x55bcf5b228d8 <unknown>\n#11 0x55bcf5b26800 <unknown>\n#12 0x55bcf5b30cfc <unknown>\n#13 0x55bcf5b27418 <unknown>\n#14 0x55bcf5af442f <unknown>\n#15 0x55bcf5b4b4e8 <unknown>\n#16 0x55bcf5b4b6b4 <unknown>\n#17 0x55bcf5b5c143 <unknown>\n#18 0x7fc0e5917044 <unknown>","time":{"start":1698713668836,"stop":1698713672884,"duration":4048}},{"uid":"bbdcf69ae57b194d","reportUrl":"https://Nat754.github.io/StroyremAutomation/110//#testresult/bbdcf69ae57b194d","status":"skipped","statusDetails":"XFAIL\n\nselenium.common.exceptions.NoSuchElementException: Message: no such element: Unable to locate element: {\"method\":\"xpath\",\"selector\":\"//input[@class='amount']\"}\n  (Session info: headless chrome=118.0.5993.70); For documentation on this error, please visit: https://www.selenium.dev/documentation/webdriver/troubleshooting/errors#no-such-element-exception\nStacktrace:\n#0 0x55bc644c6fb3 <unknown>\n#1 0x55bc6419a4a7 <unknown>\n#2 0x55bc641e1dd6 <unknown>\n#3 0x55bc641e1ec1 <unknown>\n#4 0x55bc6421f354 <unknown>\n#5 0x55bc6420396d <unknown>\n#6 0x55bc6421cc02 <unknown>\n#7 0x55bc64203713 <unknown>\n#8 0x55bc641d618b <unknown>\n#9 0x55bc641d6f7e <unknown>\n#10 0x55bc6448c8d8 <unknown>\n#11 0x55bc64490800 <unknown>\n#12 0x55bc6449acfc <unknown>\n#13 0x55bc64491418 <unknown>\n#14 0x55bc6445e42f <unknown>\n#15 0x55bc644b54e8 <unknown>\n#16 0x55bc644b56b4 <unknown>\n#17 0x55bc644c6143 <unknown>\n#18 0x7f8ec6cc1044 <unknown>","time":{"start":1698627255215,"stop":1698627260285,"duration":5070}},{"uid":"72f77dabf6df3593","reportUrl":"https://Nat754.github.io/StroyremAutomation/109//#testresult/72f77dabf6df3593","status":"skipped","statusDetails":"XFAIL\n\nselenium.common.exceptions.NoSuchElementException: Message: no such element: Unable to locate element: {\"method\":\"xpath\",\"selector\":\"//input[@class='amount']\"}\n  (Session info: headless chrome=118.0.5993.70); For documentation on this error, please visit: https://www.selenium.dev/documentation/webdriver/troubleshooting/errors#no-such-element-exception\nStacktrace:\n#0 0x55a808428fb3 <unknown>\n#1 0x55a8080fc4a7 <unknown>\n#2 0x55a808143dd6 <unknown>\n#3 0x55a808143ec1 <unknown>\n#4 0x55a808181354 <unknown>\n#5 0x55a80816596d <unknown>\n#6 0x55a80817ec02 <unknown>\n#7 0x55a808165713 <unknown>\n#8 0x55a80813818b <unknown>\n#9 0x55a808138f7e <unknown>\n#10 0x55a8083ee8d8 <unknown>\n#11 0x55a8083f2800 <unknown>\n#12 0x55a8083fccfc <unknown>\n#13 0x55a8083f3418 <unknown>\n#14 0x55a8083c042f <unknown>\n#15 0x55a8084174e8 <unknown>\n#16 0x55a8084176b4 <unknown>\n#17 0x55a808428143 <unknown>\n#18 0x7fcff0a22044 <unknown>","time":{"start":1698541027620,"stop":1698541031921,"duration":4301}}]},"tags":["@pytest.mark.xfail","smoke_test"]},"source":"21c3dfcd182facbe.json","parameterValues":["17490","666","'TD 014'","15600","'products/shtukaturka-gipsovaya-aksolit-m50-30-kg-mashinnogo-naneseniya'","5400","'https://sandboxtest.stroyrem-nn.ru/'","20000"]}