{"uid":"a9f5bc0bb26094d5","name":"TD 016 Доставка товара весом до 300кг. в синей зоне","fullName":"tests.delivery.test_delivery_calculation.TestDeliveryPageCalculation#test_positive_delivery_blue_zone_smoke","historyId":"86358f082fd4285ea28a57c2eeb5985a","time":{"start":1702515234600,"stop":1702515234954,"duration":354},"status":"skipped","statusMessage":"XFAIL\n\nselenium.common.exceptions.NoSuchElementException: Message: no such element: Unable to locate element: {\"method\":\"xpath\",\"selector\":\"(//a[@class='add-to-cart yellow-btn'])[1]\"}\n  (Session info: chrome-headless-shell=120.0.6099.71); For documentation on this error, please visit: https://www.selenium.dev/documentation/webdriver/troubleshooting/errors#no-such-element-exception\nStacktrace:\n#0 0x563d42443d33 <unknown>\n#1 0x563d42100f87 <unknown>\n#2 0x563d42150c0e <unknown>\n#3 0x563d42150d11 <unknown>\n#4 0x563d4219c004 <unknown>\n#5 0x563d4217a36d <unknown>\n#6 0x563d42199297 <unknown>\n#7 0x563d4217a0e3 <unknown>\n#8 0x563d42142044 <unknown>\n#9 0x563d4214344e <unknown>\n#10 0x563d42408861 <unknown>\n#11 0x563d4240c785 <unknown>\n#12 0x563d423f6285 <unknown>\n#13 0x563d4240d41f <unknown>\n#14 0x563d423da20f <unknown>\n#15 0x563d42431028 <unknown>\n#16 0x563d424311f7 <unknown>\n#17 0x563d42442ed4 <unknown>\n#18 0x7f2275dbf044 <unknown>","statusTrace":"self = <tests.delivery.test_delivery_calculation.TestDeliveryPageCalculation object at 0x7fe254d50310>\ndriver = <selenium.webdriver.chrome.webdriver.WebDriver (session=\"6349c5c48d39ccab5afce11740588a96\")>\nurl = 'https://sandboxtest.stroyrem-nn.ru/', case_id = 'TD 016'\nlink_item = 'products/shtukaturka-gipsovaya-aksolit-m50-30-kg-mashinnogo-naneseniya'\namount = 8, weight = 300, standard = 650, in_time = 2390, all_time = 3320\n\n    @pytest.mark.parametrize('case_id, link_item, amount, weight, standard, in_time, all_time', [\n        (\"TD 015\", bundeks_25, 1, 30, 650, 2390, 3320),\n        pytest.param(\n            \"TD 016\", aksolit_30, 8, 300, 650, 2390, 3320,\n            marks=pytest.mark.xfail(reson=\"Цена доставки: - - -\")\n        ),\n        (\"TD 017\", aksolit_30, 13, 400, 650, 2390, 3320),\n        (\"TD 018\", aksolit_30, 16, 500, 850, 2490, 3320),\n        (\"TD 019\", aksolit_30, 25, 1700, 1150, 2490, 3320),\n        (\"TD 020\", aksolit_30, 66, 2000, 1500, 2990, 3650),\n        (\"TD 021\", aksolit_30, 149, 4500, 2600, 4380, 4890),\n        (\"TD 022\", aksolit_30, 166, 5000, 2800, 5490, 5980),\n        pytest.param(\n            \"TD 023\", aksolit_30, 206, 6200, 3300, 7500, 8000,\n            marks=pytest.mark.xfail(reson=\"Цена доставки: 4300 9900 11440\")\n        ),\n        (\"TD 024\", aksolit_30, 299, 9000, 4300, 9900, 11440),\n        (\"TD 025\", aksolit_30, 333, 10000, 7000, 13900, 15900),\n        pytest.param(\n            \"TD 026\", aksolit_30, 366, 11000, 8000, 14900, 19900,\n            marks=pytest.mark.xfail(reson=\"Цена доставки: 7000 13900 15900\")\n        ),\n        pytest.param(\n            \"TD 027\", aksolit_30, 666, 20000, 14000, 16900, 23900,\n            marks=pytest.mark.xfail(reson=\"Цена доставки: 7000 13900 15900\")\n        )\n    ])\n    @pytest.mark.xfail\n    @pytest.mark.smoke_test\n    def test_positive_delivery_blue_zone_smoke(\n            self, driver, url, case_id, link_item, amount, weight, standard, in_time, all_time\n    ):\n        allure.dynamic.title(f\"{case_id} Доставка товара весом до {weight}кг. в синей зоне\")\n    \n        driver.get(f'{url}{link_item}')\n        item_page = ItemPage(driver)\n>       item_page.add_item_to_cart(amount).click_on_cart()\n\ntests/delivery/test_delivery_calculation.py:132: \n_ _ _ _ _ _ _ _ _ _ _ _ _ _ _ _ _ _ _ _ _ _ _ _ _ _ _ _ _ _ _ _ _ _ _ _ _ _ _ _ \npages/item_page.py:40: in add_item_to_cart\n    self.find_element(self._add_item).click()\nbase/seleniumbase.py:17: in find_element\n    return self.driver.find_element(*locator)\n/usr/local/lib/python3.11/site-packages/selenium/webdriver/remote/webdriver.py:739: in find_element\n    return self.execute(Command.FIND_ELEMENT, {\"using\": by, \"value\": value})[\"value\"]\n/usr/local/lib/python3.11/site-packages/selenium/webdriver/remote/webdriver.py:345: in execute\n    self.error_handler.check_response(response)\n_ _ _ _ _ _ _ _ _ _ _ _ _ _ _ _ _ _ _ _ _ _ _ _ _ _ _ _ _ _ _ _ _ _ _ _ _ _ _ _ \n\nself = <selenium.webdriver.remote.errorhandler.ErrorHandler object at 0x7fe255aaa810>\nresponse = {'status': 404, 'value': '{\"value\":{\"error\":\"no such element\",\"message\":\"no such element: Unable to locate element: {\\...\\\\n#16 0x563d424311f7 \\\\u003Cunknown>\\\\n#17 0x563d42442ed4 \\\\u003Cunknown>\\\\n#18 0x7f2275dbf044 \\\\u003Cunknown>\\\\n\"}}'}\n\n    def check_response(self, response: Dict[str, Any]) -> None:\n        \"\"\"Checks that a JSON response from the WebDriver does not have an\n        error.\n    \n        :Args:\n         - response - The JSON response from the WebDriver server as a dictionary\n           object.\n    \n        :Raises: If the response contains an error message.\n        \"\"\"\n        status = response.get(\"status\", None)\n        if not status or status == ErrorCode.SUCCESS:\n            return\n        value = None\n        message = response.get(\"message\", \"\")\n        screen: str = response.get(\"screen\", \"\")\n        stacktrace = None\n        if isinstance(status, int):\n            value_json = response.get(\"value\", None)\n            if value_json and isinstance(value_json, str):\n                import json\n    \n                try:\n                    value = json.loads(value_json)\n                    if len(value) == 1:\n                        value = value[\"value\"]\n                    status = value.get(\"error\", None)\n                    if not status:\n                        status = value.get(\"status\", ErrorCode.UNKNOWN_ERROR)\n                        message = value.get(\"value\") or value.get(\"message\")\n                        if not isinstance(message, str):\n                            value = message\n                            message = message.get(\"message\")\n                    else:\n                        message = value.get(\"message\", None)\n                except ValueError:\n                    pass\n    \n        exception_class: Type[WebDriverException]\n        e = ErrorCode()\n        error_codes = [item for item in dir(e) if not item.startswith(\"__\")]\n        for error_code in error_codes:\n            error_info = getattr(ErrorCode, error_code)\n            if isinstance(error_info, list) and status in error_info:\n                exception_class = getattr(ExceptionMapping, error_code, WebDriverException)\n                break\n        else:\n            exception_class = WebDriverException\n    \n        if not value:\n            value = response[\"value\"]\n        if isinstance(value, str):\n            raise exception_class(value)\n        if message == \"\" and \"message\" in value:\n            message = value[\"message\"]\n    \n        screen = None  # type: ignore[assignment]\n        if \"screen\" in value:\n            screen = value[\"screen\"]\n    \n        stacktrace = None\n        st_value = value.get(\"stackTrace\") or value.get(\"stacktrace\")\n        if st_value:\n            if isinstance(st_value, str):\n                stacktrace = st_value.split(\"\\n\")\n            else:\n                stacktrace = []\n                try:\n                    for frame in st_value:\n                        line = frame.get(\"lineNumber\", \"\")\n                        file = frame.get(\"fileName\", \"<anonymous>\")\n                        if line:\n                            file = f\"{file}:{line}\"\n                        meth = frame.get(\"methodName\", \"<anonymous>\")\n                        if \"className\" in frame:\n                            meth = f\"{frame['className']}.{meth}\"\n                        msg = \"    at %s (%s)\"\n                        msg = msg % (meth, file)\n                        stacktrace.append(msg)\n                except TypeError:\n                    pass\n        if exception_class == UnexpectedAlertPresentException:\n            alert_text = None\n            if \"data\" in value:\n                alert_text = value[\"data\"].get(\"text\")\n            elif \"alert\" in value:\n                alert_text = value[\"alert\"].get(\"text\")\n            raise exception_class(message, screen, stacktrace, alert_text)  # type: ignore[call-arg]  # mypy is not smart enough here\n>       raise exception_class(message, screen, stacktrace)\nE       selenium.common.exceptions.NoSuchElementException: Message: no such element: Unable to locate element: {\"method\":\"xpath\",\"selector\":\"(//a[@class='add-to-cart yellow-btn'])[1]\"}\nE         (Session info: chrome-headless-shell=120.0.6099.71); For documentation on this error, please visit: https://www.selenium.dev/documentation/webdriver/troubleshooting/errors#no-such-element-exception\nE       Stacktrace:\nE       #0 0x563d42443d33 <unknown>\nE       #1 0x563d42100f87 <unknown>\nE       #2 0x563d42150c0e <unknown>\nE       #3 0x563d42150d11 <unknown>\nE       #4 0x563d4219c004 <unknown>\nE       #5 0x563d4217a36d <unknown>\nE       #6 0x563d42199297 <unknown>\nE       #7 0x563d4217a0e3 <unknown>\nE       #8 0x563d42142044 <unknown>\nE       #9 0x563d4214344e <unknown>\nE       #10 0x563d42408861 <unknown>\nE       #11 0x563d4240c785 <unknown>\nE       #12 0x563d423f6285 <unknown>\nE       #13 0x563d4240d41f <unknown>\nE       #14 0x563d423da20f <unknown>\nE       #15 0x563d42431028 <unknown>\nE       #16 0x563d424311f7 <unknown>\nE       #17 0x563d42442ed4 <unknown>\nE       #18 0x7f2275dbf044 <unknown>\n\n/usr/local/lib/python3.11/site-packages/selenium/webdriver/remote/errorhandler.py:229: NoSuchElementException","flaky":false,"newFailed":false,"newBroken":false,"newPassed":false,"retriesCount":0,"retriesStatusChange":false,"beforeStages":[{"name":"_session_faker","time":{"start":1702515041893,"stop":1702515041958,"duration":65},"status":"passed","steps":[],"attachments":[],"parameters":[],"shouldDisplayMessage":false,"stepsCount":0,"attachmentsCount":0,"hasContent":false,"attachmentStep":false},{"name":"clear_allure_results_folder","time":{"start":1702515041958,"stop":1702515041958,"duration":0},"status":"passed","steps":[],"attachments":[],"parameters":[],"shouldDisplayMessage":false,"stepsCount":0,"attachmentsCount":0,"hasContent":false,"attachmentStep":false},{"name":"driver","time":{"start":1702515233824,"stop":1702515234598,"duration":774},"status":"passed","steps":[],"attachments":[],"parameters":[],"shouldDisplayMessage":false,"stepsCount":0,"attachmentsCount":0,"hasContent":false,"attachmentStep":false},{"name":"setup","time":{"start":1702515234599,"stop":1702515234599,"duration":0},"status":"passed","steps":[],"attachments":[],"parameters":[],"shouldDisplayMessage":false,"stepsCount":0,"attachmentsCount":0,"hasContent":false,"attachmentStep":false}],"testStage":{"status":"skipped","statusMessage":"XFAIL\n\nselenium.common.exceptions.NoSuchElementException: Message: no such element: Unable to locate element: {\"method\":\"xpath\",\"selector\":\"(//a[@class='add-to-cart yellow-btn'])[1]\"}\n  (Session info: chrome-headless-shell=120.0.6099.71); For documentation on this error, please visit: https://www.selenium.dev/documentation/webdriver/troubleshooting/errors#no-such-element-exception\nStacktrace:\n#0 0x563d42443d33 <unknown>\n#1 0x563d42100f87 <unknown>\n#2 0x563d42150c0e <unknown>\n#3 0x563d42150d11 <unknown>\n#4 0x563d4219c004 <unknown>\n#5 0x563d4217a36d <unknown>\n#6 0x563d42199297 <unknown>\n#7 0x563d4217a0e3 <unknown>\n#8 0x563d42142044 <unknown>\n#9 0x563d4214344e <unknown>\n#10 0x563d42408861 <unknown>\n#11 0x563d4240c785 <unknown>\n#12 0x563d423f6285 <unknown>\n#13 0x563d4240d41f <unknown>\n#14 0x563d423da20f <unknown>\n#15 0x563d42431028 <unknown>\n#16 0x563d424311f7 <unknown>\n#17 0x563d42442ed4 <unknown>\n#18 0x7f2275dbf044 <unknown>","statusTrace":"self = <tests.delivery.test_delivery_calculation.TestDeliveryPageCalculation object at 0x7fe254d50310>\ndriver = <selenium.webdriver.chrome.webdriver.WebDriver (session=\"6349c5c48d39ccab5afce11740588a96\")>\nurl = 'https://sandboxtest.stroyrem-nn.ru/', case_id = 'TD 016'\nlink_item = 'products/shtukaturka-gipsovaya-aksolit-m50-30-kg-mashinnogo-naneseniya'\namount = 8, weight = 300, standard = 650, in_time = 2390, all_time = 3320\n\n    @pytest.mark.parametrize('case_id, link_item, amount, weight, standard, in_time, all_time', [\n        (\"TD 015\", bundeks_25, 1, 30, 650, 2390, 3320),\n        pytest.param(\n            \"TD 016\", aksolit_30, 8, 300, 650, 2390, 3320,\n            marks=pytest.mark.xfail(reson=\"Цена доставки: - - -\")\n        ),\n        (\"TD 017\", aksolit_30, 13, 400, 650, 2390, 3320),\n        (\"TD 018\", aksolit_30, 16, 500, 850, 2490, 3320),\n        (\"TD 019\", aksolit_30, 25, 1700, 1150, 2490, 3320),\n        (\"TD 020\", aksolit_30, 66, 2000, 1500, 2990, 3650),\n        (\"TD 021\", aksolit_30, 149, 4500, 2600, 4380, 4890),\n        (\"TD 022\", aksolit_30, 166, 5000, 2800, 5490, 5980),\n        pytest.param(\n            \"TD 023\", aksolit_30, 206, 6200, 3300, 7500, 8000,\n            marks=pytest.mark.xfail(reson=\"Цена доставки: 4300 9900 11440\")\n        ),\n        (\"TD 024\", aksolit_30, 299, 9000, 4300, 9900, 11440),\n        (\"TD 025\", aksolit_30, 333, 10000, 7000, 13900, 15900),\n        pytest.param(\n            \"TD 026\", aksolit_30, 366, 11000, 8000, 14900, 19900,\n            marks=pytest.mark.xfail(reson=\"Цена доставки: 7000 13900 15900\")\n        ),\n        pytest.param(\n            \"TD 027\", aksolit_30, 666, 20000, 14000, 16900, 23900,\n            marks=pytest.mark.xfail(reson=\"Цена доставки: 7000 13900 15900\")\n        )\n    ])\n    @pytest.mark.xfail\n    @pytest.mark.smoke_test\n    def test_positive_delivery_blue_zone_smoke(\n            self, driver, url, case_id, link_item, amount, weight, standard, in_time, all_time\n    ):\n        allure.dynamic.title(f\"{case_id} Доставка товара весом до {weight}кг. в синей зоне\")\n    \n        driver.get(f'{url}{link_item}')\n        item_page = ItemPage(driver)\n>       item_page.add_item_to_cart(amount).click_on_cart()\n\ntests/delivery/test_delivery_calculation.py:132: \n_ _ _ _ _ _ _ _ _ _ _ _ _ _ _ _ _ _ _ _ _ _ _ _ _ _ _ _ _ _ _ _ _ _ _ _ _ _ _ _ \npages/item_page.py:40: in add_item_to_cart\n    self.find_element(self._add_item).click()\nbase/seleniumbase.py:17: in find_element\n    return self.driver.find_element(*locator)\n/usr/local/lib/python3.11/site-packages/selenium/webdriver/remote/webdriver.py:739: in find_element\n    return self.execute(Command.FIND_ELEMENT, {\"using\": by, \"value\": value})[\"value\"]\n/usr/local/lib/python3.11/site-packages/selenium/webdriver/remote/webdriver.py:345: in execute\n    self.error_handler.check_response(response)\n_ _ _ _ _ _ _ _ _ _ _ _ _ _ _ _ _ _ _ _ _ _ _ _ _ _ _ _ _ _ _ _ _ _ _ _ _ _ _ _ \n\nself = <selenium.webdriver.remote.errorhandler.ErrorHandler object at 0x7fe255aaa810>\nresponse = {'status': 404, 'value': '{\"value\":{\"error\":\"no such element\",\"message\":\"no such element: Unable to locate element: {\\...\\\\n#16 0x563d424311f7 \\\\u003Cunknown>\\\\n#17 0x563d42442ed4 \\\\u003Cunknown>\\\\n#18 0x7f2275dbf044 \\\\u003Cunknown>\\\\n\"}}'}\n\n    def check_response(self, response: Dict[str, Any]) -> None:\n        \"\"\"Checks that a JSON response from the WebDriver does not have an\n        error.\n    \n        :Args:\n         - response - The JSON response from the WebDriver server as a dictionary\n           object.\n    \n        :Raises: If the response contains an error message.\n        \"\"\"\n        status = response.get(\"status\", None)\n        if not status or status == ErrorCode.SUCCESS:\n            return\n        value = None\n        message = response.get(\"message\", \"\")\n        screen: str = response.get(\"screen\", \"\")\n        stacktrace = None\n        if isinstance(status, int):\n            value_json = response.get(\"value\", None)\n            if value_json and isinstance(value_json, str):\n                import json\n    \n                try:\n                    value = json.loads(value_json)\n                    if len(value) == 1:\n                        value = value[\"value\"]\n                    status = value.get(\"error\", None)\n                    if not status:\n                        status = value.get(\"status\", ErrorCode.UNKNOWN_ERROR)\n                        message = value.get(\"value\") or value.get(\"message\")\n                        if not isinstance(message, str):\n                            value = message\n                            message = message.get(\"message\")\n                    else:\n                        message = value.get(\"message\", None)\n                except ValueError:\n                    pass\n    \n        exception_class: Type[WebDriverException]\n        e = ErrorCode()\n        error_codes = [item for item in dir(e) if not item.startswith(\"__\")]\n        for error_code in error_codes:\n            error_info = getattr(ErrorCode, error_code)\n            if isinstance(error_info, list) and status in error_info:\n                exception_class = getattr(ExceptionMapping, error_code, WebDriverException)\n                break\n        else:\n            exception_class = WebDriverException\n    \n        if not value:\n            value = response[\"value\"]\n        if isinstance(value, str):\n            raise exception_class(value)\n        if message == \"\" and \"message\" in value:\n            message = value[\"message\"]\n    \n        screen = None  # type: ignore[assignment]\n        if \"screen\" in value:\n            screen = value[\"screen\"]\n    \n        stacktrace = None\n        st_value = value.get(\"stackTrace\") or value.get(\"stacktrace\")\n        if st_value:\n            if isinstance(st_value, str):\n                stacktrace = st_value.split(\"\\n\")\n            else:\n                stacktrace = []\n                try:\n                    for frame in st_value:\n                        line = frame.get(\"lineNumber\", \"\")\n                        file = frame.get(\"fileName\", \"<anonymous>\")\n                        if line:\n                            file = f\"{file}:{line}\"\n                        meth = frame.get(\"methodName\", \"<anonymous>\")\n                        if \"className\" in frame:\n                            meth = f\"{frame['className']}.{meth}\"\n                        msg = \"    at %s (%s)\"\n                        msg = msg % (meth, file)\n                        stacktrace.append(msg)\n                except TypeError:\n                    pass\n        if exception_class == UnexpectedAlertPresentException:\n            alert_text = None\n            if \"data\" in value:\n                alert_text = value[\"data\"].get(\"text\")\n            elif \"alert\" in value:\n                alert_text = value[\"alert\"].get(\"text\")\n            raise exception_class(message, screen, stacktrace, alert_text)  # type: ignore[call-arg]  # mypy is not smart enough here\n>       raise exception_class(message, screen, stacktrace)\nE       selenium.common.exceptions.NoSuchElementException: Message: no such element: Unable to locate element: {\"method\":\"xpath\",\"selector\":\"(//a[@class='add-to-cart yellow-btn'])[1]\"}\nE         (Session info: chrome-headless-shell=120.0.6099.71); For documentation on this error, please visit: https://www.selenium.dev/documentation/webdriver/troubleshooting/errors#no-such-element-exception\nE       Stacktrace:\nE       #0 0x563d42443d33 <unknown>\nE       #1 0x563d42100f87 <unknown>\nE       #2 0x563d42150c0e <unknown>\nE       #3 0x563d42150d11 <unknown>\nE       #4 0x563d4219c004 <unknown>\nE       #5 0x563d4217a36d <unknown>\nE       #6 0x563d42199297 <unknown>\nE       #7 0x563d4217a0e3 <unknown>\nE       #8 0x563d42142044 <unknown>\nE       #9 0x563d4214344e <unknown>\nE       #10 0x563d42408861 <unknown>\nE       #11 0x563d4240c785 <unknown>\nE       #12 0x563d423f6285 <unknown>\nE       #13 0x563d4240d41f <unknown>\nE       #14 0x563d423da20f <unknown>\nE       #15 0x563d42431028 <unknown>\nE       #16 0x563d424311f7 <unknown>\nE       #17 0x563d42442ed4 <unknown>\nE       #18 0x7f2275dbf044 <unknown>\n\n/usr/local/lib/python3.11/site-packages/selenium/webdriver/remote/errorhandler.py:229: NoSuchElementException","steps":[{"name":"Добавляем товар в корзину в количестве 8","time":{"start":1702515234942,"stop":1702515234953,"duration":11},"status":"broken","statusMessage":"selenium.common.exceptions.NoSuchElementException: Message: no such element: Unable to locate element: {\"method\":\"xpath\",\"selector\":\"(//a[@class='add-to-cart yellow-btn'])[1]\"}\n  (Session info: chrome-headless-shell=120.0.6099.71); For documentation on this error, please visit: https://www.selenium.dev/documentation/webdriver/troubleshooting/errors#no-such-element-exception\nStacktrace:\n#0 0x563d42443d33 <unknown>\n#1 0x563d42100f87 <unknown>\n#2 0x563d42150c0e <unknown>\n#3 0x563d42150d11 <unknown>\n#4 0x563d4219c004 <unknown>\n#5 0x563d4217a36d <unknown>\n#6 0x563d42199297 <unknown>\n#7 0x563d4217a0e3 <unknown>\n#8 0x563d42142044 <unknown>\n#9 0x563d4214344e <unknown>\n#10 0x563d42408861 <unknown>\n#11 0x563d4240c785 <unknown>\n#12 0x563d423f6285 <unknown>\n#13 0x563d4240d41f <unknown>\n#14 0x563d423da20f <unknown>\n#15 0x563d42431028 <unknown>\n#16 0x563d424311f7 <unknown>\n#17 0x563d42442ed4 <unknown>\n#18 0x7f2275dbf044 <unknown>\n\n","statusTrace":"  File \"/usr/local/lib/python3.11/site-packages/allure_commons/_allure.py\", line 192, in impl\n    return func(*a, **kw)\n           ^^^^^^^^^^^^^^\n  File \"/app/pages/item_page.py\", line 40, in add_item_to_cart\n    self.find_element(self._add_item).click()\n    ^^^^^^^^^^^^^^^^^^^^^^^^^^^^^^^^^\n  File \"/app/base/seleniumbase.py\", line 17, in find_element\n    return self.driver.find_element(*locator)\n           ^^^^^^^^^^^^^^^^^^^^^^^^^^^^^^^^^^\n  File \"/usr/local/lib/python3.11/site-packages/selenium/webdriver/remote/webdriver.py\", line 739, in find_element\n    return self.execute(Command.FIND_ELEMENT, {\"using\": by, \"value\": value})[\"value\"]\n           ^^^^^^^^^^^^^^^^^^^^^^^^^^^^^^^^^^^^^^^^^^^^^^^^^^^^^^^^^^^^^^^^^\n  File \"/usr/local/lib/python3.11/site-packages/selenium/webdriver/remote/webdriver.py\", line 345, in execute\n    self.error_handler.check_response(response)\n  File \"/usr/local/lib/python3.11/site-packages/selenium/webdriver/remote/errorhandler.py\", line 229, in check_response\n    raise exception_class(message, screen, stacktrace)\n","steps":[],"attachments":[],"parameters":[{"name":"amount","value":"8"}],"shouldDisplayMessage":true,"stepsCount":0,"attachmentsCount":0,"hasContent":true,"attachmentStep":false}],"attachments":[{"uid":"f1ebb510c0ac686d","name":"Screenshot","source":"f1ebb510c0ac686d.png","type":"image/png","size":5862},{"uid":"a89200dfa23db98d","name":"HTML source","source":"a89200dfa23db98d.html","type":"text/html","size":39}],"parameters":[],"shouldDisplayMessage":true,"stepsCount":1,"attachmentsCount":2,"hasContent":true,"attachmentStep":false},"afterStages":[{"name":"setup::0","time":{"start":1702515235066,"stop":1702515235066,"duration":0},"status":"passed","steps":[],"attachments":[],"parameters":[],"shouldDisplayMessage":false,"stepsCount":0,"attachmentsCount":0,"hasContent":false,"attachmentStep":false},{"name":"driver::0","time":{"start":1702515235067,"stop":1702515235123,"duration":56},"status":"passed","steps":[],"attachments":[],"parameters":[],"shouldDisplayMessage":false,"stepsCount":0,"attachmentsCount":0,"hasContent":false,"attachmentStep":false}],"labels":[{"name":"epic","value":"Delivery Page - calculation"},{"name":"tag","value":"smoke_test"},{"name":"tag","value":"@pytest.mark.xfail"},{"name":"parentSuite","value":"tests.delivery"},{"name":"suite","value":"test_delivery_calculation"},{"name":"subSuite","value":"TestDeliveryPageCalculation"},{"name":"host","value":"ad1bb13fbe30"},{"name":"thread","value":"1-MainThread"},{"name":"framework","value":"pytest"},{"name":"language","value":"cpython3"},{"name":"package","value":"tests.delivery.test_delivery_calculation"},{"name":"resultFormat","value":"allure2"}],"parameters":[{"name":"all_time","value":"3320"},{"name":"amount","value":"8"},{"name":"case_id","value":"'TD 016'"},{"name":"in_time","value":"2390"},{"name":"link_item","value":"'products/shtukaturka-gipsovaya-aksolit-m50-30-kg-mashinnogo-naneseniya'"},{"name":"standard","value":"650"},{"name":"url","value":"'https://sandboxtest.stroyrem-nn.ru/'"},{"name":"weight","value":"300"}],"links":[],"hidden":false,"retry":false,"extra":{"severity":"normal","retries":[],"categories":[],"history":{"statistic":{"failed":0,"broken":0,"skipped":107,"passed":0,"unknown":0,"total":107},"items":[{"uid":"6b16ad96aa0a8f9d","reportUrl":"https://Nat754.github.io/StroyremAutomation/154//#testresult/6b16ad96aa0a8f9d","status":"skipped","statusDetails":"XFAIL\n\nselenium.common.exceptions.NoSuchElementException: Message: no such element: Unable to locate element: {\"method\":\"xpath\",\"selector\":\"(//a[@class='add-to-cart yellow-btn'])[1]\"}\n  (Session info: chrome-headless-shell=120.0.6099.71); For documentation on this error, please visit: https://www.selenium.dev/documentation/webdriver/troubleshooting/errors#no-such-element-exception\nStacktrace:\n#0 0x564434779d33 <unknown>\n#1 0x564434436f87 <unknown>\n#2 0x564434486c0e <unknown>\n#3 0x564434486d11 <unknown>\n#4 0x5644344d2004 <unknown>\n#5 0x5644344b036d <unknown>\n#6 0x5644344cf297 <unknown>\n#7 0x5644344b00e3 <unknown>\n#8 0x564434478044 <unknown>\n#9 0x56443447944e <unknown>\n#10 0x56443473e861 <unknown>\n#11 0x564434742785 <unknown>\n#12 0x56443472c285 <unknown>\n#13 0x56443474341f <unknown>\n#14 0x56443471020f <unknown>\n#15 0x564434767028 <unknown>\n#16 0x5644347671f7 <unknown>\n#17 0x564434778ed4 <unknown>\n#18 0x7ff4a0530044 <unknown>","time":{"start":1702452969392,"stop":1702452969765,"duration":373}},{"uid":"f6d505bc2531a80a","reportUrl":"https://Nat754.github.io/StroyremAutomation/133//#testresult/f6d505bc2531a80a","status":"skipped","statusDetails":"XFAIL\n\nselenium.common.exceptions.NoSuchElementException: Message: no such element: Unable to locate element: {\"method\":\"xpath\",\"selector\":\"//input[@class='amount']\"}\n  (Session info: headless chrome=119.0.6045.105); For documentation on this error, please visit: https://www.selenium.dev/documentation/webdriver/troubleshooting/errors#no-such-element-exception\nStacktrace:\n#0 0x55d1838e45e3 <unknown>\n#1 0x55d1835a70b7 <unknown>\n#2 0x55d1835f4f53 <unknown>\n#3 0x55d1835f5051 <unknown>\n#4 0x55d18363a9c4 <unknown>\n#5 0x55d18361bf1d <unknown>\n#6 0x55d183637b3d <unknown>\n#7 0x55d18361bcc3 <unknown>\n#8 0x55d1835e70e4 <unknown>\n#9 0x55d1835e80ae <unknown>\n#10 0x55d1838aace1 <unknown>\n#11 0x55d1838aeb7e <unknown>\n#12 0x55d1838984b5 <unknown>\n#13 0x55d1838af7d6 <unknown>\n#14 0x55d18387bdbf <unknown>\n#15 0x55d1838d2748 <unknown>\n#16 0x55d1838d2917 <unknown>\n#17 0x55d1838e3773 <unknown>\n#18 0x7f22d1a7e044 <unknown>","time":{"start":1700614612182,"stop":1700614615660,"duration":3478}},{"uid":"1c167070cbce8bbf","reportUrl":"https://Nat754.github.io/StroyremAutomation/132//#testresult/1c167070cbce8bbf","status":"skipped","statusDetails":"XFAIL\n\nselenium.common.exceptions.NoSuchElementException: Message: no such element: Unable to locate element: {\"method\":\"xpath\",\"selector\":\"//input[@class='amount']\"}\n  (Session info: headless chrome=119.0.6045.105); For documentation on this error, please visit: https://www.selenium.dev/documentation/webdriver/troubleshooting/errors#no-such-element-exception\nStacktrace:\n#0 0x5644717b05e3 <unknown>\n#1 0x5644714730b7 <unknown>\n#2 0x5644714c0f53 <unknown>\n#3 0x5644714c1051 <unknown>\n#4 0x5644715069c4 <unknown>\n#5 0x5644714e7f1d <unknown>\n#6 0x564471503b3d <unknown>\n#7 0x5644714e7cc3 <unknown>\n#8 0x5644714b30e4 <unknown>\n#9 0x5644714b40ae <unknown>\n#10 0x564471776ce1 <unknown>\n#11 0x56447177ab7e <unknown>\n#12 0x5644717644b5 <unknown>\n#13 0x56447177b7d6 <unknown>\n#14 0x564471747dbf <unknown>\n#15 0x56447179e748 <unknown>\n#16 0x56447179e917 <unknown>\n#17 0x5644717af773 <unknown>\n#18 0x7fc8d2042044 <unknown>","time":{"start":1700528230682,"stop":1700528235809,"duration":5127}},{"uid":"2e13ecd579fda1ed","reportUrl":"https://Nat754.github.io/StroyremAutomation/131//#testresult/2e13ecd579fda1ed","status":"skipped","statusDetails":"XFAIL\n\nselenium.common.exceptions.NoSuchElementException: Message: no such element: Unable to locate element: {\"method\":\"xpath\",\"selector\":\"//input[@class='amount']\"}\n  (Session info: headless chrome=119.0.6045.105); For documentation on this error, please visit: https://www.selenium.dev/documentation/webdriver/troubleshooting/errors#no-such-element-exception\nStacktrace:\n#0 0x564c52a005e3 <unknown>\n#1 0x564c526c30b7 <unknown>\n#2 0x564c52710f53 <unknown>\n#3 0x564c52711051 <unknown>\n#4 0x564c527569c4 <unknown>\n#5 0x564c52737f1d <unknown>\n#6 0x564c52753b3d <unknown>\n#7 0x564c52737cc3 <unknown>\n#8 0x564c527030e4 <unknown>\n#9 0x564c527040ae <unknown>\n#10 0x564c529c6ce1 <unknown>\n#11 0x564c529cab7e <unknown>\n#12 0x564c529b44b5 <unknown>\n#13 0x564c529cb7d6 <unknown>\n#14 0x564c52997dbf <unknown>\n#15 0x564c529ee748 <unknown>\n#16 0x564c529ee917 <unknown>\n#17 0x564c529ff773 <unknown>\n#18 0x7f4f97d36044 <unknown>","time":{"start":1700441787682,"stop":1700441791436,"duration":3754}},{"uid":"a1efe9cd850492d1","reportUrl":"https://Nat754.github.io/StroyremAutomation/130//#testresult/a1efe9cd850492d1","status":"skipped","statusDetails":"XFAIL\n\nselenium.common.exceptions.NoSuchElementException: Message: no such element: Unable to locate element: {\"method\":\"xpath\",\"selector\":\"//input[@class='amount']\"}\n  (Session info: headless chrome=119.0.6045.105); For documentation on this error, please visit: https://www.selenium.dev/documentation/webdriver/troubleshooting/errors#no-such-element-exception\nStacktrace:\n#0 0x5606510e55e3 <unknown>\n#1 0x560650da80b7 <unknown>\n#2 0x560650df5f53 <unknown>\n#3 0x560650df6051 <unknown>\n#4 0x560650e3b9c4 <unknown>\n#5 0x560650e1cf1d <unknown>\n#6 0x560650e38b3d <unknown>\n#7 0x560650e1ccc3 <unknown>\n#8 0x560650de80e4 <unknown>\n#9 0x560650de90ae <unknown>\n#10 0x5606510abce1 <unknown>\n#11 0x5606510afb7e <unknown>\n#12 0x5606510994b5 <unknown>\n#13 0x5606510b07d6 <unknown>\n#14 0x56065107cdbf <unknown>\n#15 0x5606510d3748 <unknown>\n#16 0x5606510d3917 <unknown>\n#17 0x5606510e4773 <unknown>\n#18 0x7f311f023044 <unknown>","time":{"start":1700355519376,"stop":1700355522607,"duration":3231}},{"uid":"ea34983b808b2d78","reportUrl":"https://Nat754.github.io/StroyremAutomation/129//#testresult/ea34983b808b2d78","status":"skipped","statusDetails":"XFAIL\n\nselenium.common.exceptions.NoSuchElementException: Message: no such element: Unable to locate element: {\"method\":\"xpath\",\"selector\":\"//input[@class='amount']\"}\n  (Session info: headless chrome=119.0.6045.105); For documentation on this error, please visit: https://www.selenium.dev/documentation/webdriver/troubleshooting/errors#no-such-element-exception\nStacktrace:\n#0 0x55d21106c5e3 <unknown>\n#1 0x55d210d2f0b7 <unknown>\n#2 0x55d210d7cf53 <unknown>\n#3 0x55d210d7d051 <unknown>\n#4 0x55d210dc29c4 <unknown>\n#5 0x55d210da3f1d <unknown>\n#6 0x55d210dbfb3d <unknown>\n#7 0x55d210da3cc3 <unknown>\n#8 0x55d210d6f0e4 <unknown>\n#9 0x55d210d700ae <unknown>\n#10 0x55d211032ce1 <unknown>\n#11 0x55d211036b7e <unknown>\n#12 0x55d2110204b5 <unknown>\n#13 0x55d2110377d6 <unknown>\n#14 0x55d211003dbf <unknown>\n#15 0x55d21105a748 <unknown>\n#16 0x55d21105a917 <unknown>\n#17 0x55d21106b773 <unknown>\n#18 0x7faa91e46044 <unknown>","time":{"start":1700268844770,"stop":1700268848361,"duration":3591}},{"uid":"a9b6ab0bc4c784bf","reportUrl":"https://Nat754.github.io/StroyremAutomation/128//#testresult/a9b6ab0bc4c784bf","status":"skipped","statusDetails":"XFAIL\n\nselenium.common.exceptions.NoSuchElementException: Message: no such element: Unable to locate element: {\"method\":\"xpath\",\"selector\":\"//input[@class='amount']\"}\n  (Session info: headless chrome=119.0.6045.105); For documentation on this error, please visit: https://www.selenium.dev/documentation/webdriver/troubleshooting/errors#no-such-element-exception\nStacktrace:\n#0 0x561bf287b5e3 <unknown>\n#1 0x561bf253e0b7 <unknown>\n#2 0x561bf258bf53 <unknown>\n#3 0x561bf258c051 <unknown>\n#4 0x561bf25d19c4 <unknown>\n#5 0x561bf25b2f1d <unknown>\n#6 0x561bf25ceb3d <unknown>\n#7 0x561bf25b2cc3 <unknown>\n#8 0x561bf257e0e4 <unknown>\n#9 0x561bf257f0ae <unknown>\n#10 0x561bf2841ce1 <unknown>\n#11 0x561bf2845b7e <unknown>\n#12 0x561bf282f4b5 <unknown>\n#13 0x561bf28467d6 <unknown>\n#14 0x561bf2812dbf <unknown>\n#15 0x561bf2869748 <unknown>\n#16 0x561bf2869917 <unknown>\n#17 0x561bf287a773 <unknown>\n#18 0x7f7ece2b0044 <unknown>","time":{"start":1700182585792,"stop":1700182590419,"duration":4627}},{"uid":"f85c80338f61c37c","reportUrl":"https://Nat754.github.io/StroyremAutomation/127//#testresult/f85c80338f61c37c","status":"skipped","statusDetails":"XFAIL\n\nselenium.common.exceptions.NoSuchElementException: Message: no such element: Unable to locate element: {\"method\":\"xpath\",\"selector\":\"//input[@class='amount']\"}\n  (Session info: headless chrome=119.0.6045.105); For documentation on this error, please visit: https://www.selenium.dev/documentation/webdriver/troubleshooting/errors#no-such-element-exception\nStacktrace:\n#0 0x55ab7a65c5e3 <unknown>\n#1 0x55ab7a31f0b7 <unknown>\n#2 0x55ab7a36cf53 <unknown>\n#3 0x55ab7a36d051 <unknown>\n#4 0x55ab7a3b29c4 <unknown>\n#5 0x55ab7a393f1d <unknown>\n#6 0x55ab7a3afb3d <unknown>\n#7 0x55ab7a393cc3 <unknown>\n#8 0x55ab7a35f0e4 <unknown>\n#9 0x55ab7a3600ae <unknown>\n#10 0x55ab7a622ce1 <unknown>\n#11 0x55ab7a626b7e <unknown>\n#12 0x55ab7a6104b5 <unknown>\n#13 0x55ab7a6277d6 <unknown>\n#14 0x55ab7a5f3dbf <unknown>\n#15 0x55ab7a64a748 <unknown>\n#16 0x55ab7a64a917 <unknown>\n#17 0x55ab7a65b773 <unknown>\n#18 0x7f5b342f3044 <unknown>","time":{"start":1700096168468,"stop":1700096172299,"duration":3831}},{"uid":"a2bb215ec9daee09","reportUrl":"https://Nat754.github.io/StroyremAutomation/126//#testresult/a2bb215ec9daee09","status":"skipped","statusDetails":"XFAIL\n\nselenium.common.exceptions.NoSuchElementException: Message: no such element: Unable to locate element: {\"method\":\"xpath\",\"selector\":\"//input[@class='amount']\"}\n  (Session info: headless chrome=119.0.6045.105); For documentation on this error, please visit: https://www.selenium.dev/documentation/webdriver/troubleshooting/errors#no-such-element-exception\nStacktrace:\n#0 0x55da924c45e3 <unknown>\n#1 0x55da921870b7 <unknown>\n#2 0x55da921d4f53 <unknown>\n#3 0x55da921d5051 <unknown>\n#4 0x55da9221a9c4 <unknown>\n#5 0x55da921fbf1d <unknown>\n#6 0x55da92217b3d <unknown>\n#7 0x55da921fbcc3 <unknown>\n#8 0x55da921c70e4 <unknown>\n#9 0x55da921c80ae <unknown>\n#10 0x55da9248ace1 <unknown>\n#11 0x55da9248eb7e <unknown>\n#12 0x55da924784b5 <unknown>\n#13 0x55da9248f7d6 <unknown>\n#14 0x55da9245bdbf <unknown>\n#15 0x55da924b2748 <unknown>\n#16 0x55da924b2917 <unknown>\n#17 0x55da924c3773 <unknown>\n#18 0x7f033bc53044 <unknown>","time":{"start":1700009759722,"stop":1700009764588,"duration":4866}},{"uid":"82acfceb83f5e90e","reportUrl":"https://Nat754.github.io/StroyremAutomation/125//#testresult/82acfceb83f5e90e","status":"skipped","statusDetails":"XFAIL\n\nselenium.common.exceptions.NoSuchElementException: Message: no such element: Unable to locate element: {\"method\":\"xpath\",\"selector\":\"//input[@class='amount']\"}\n  (Session info: headless chrome=119.0.6045.105); For documentation on this error, please visit: https://www.selenium.dev/documentation/webdriver/troubleshooting/errors#no-such-element-exception\nStacktrace:\n#0 0x55b6ae2295e3 <unknown>\n#1 0x55b6adeec0b7 <unknown>\n#2 0x55b6adf39f53 <unknown>\n#3 0x55b6adf3a051 <unknown>\n#4 0x55b6adf7f9c4 <unknown>\n#5 0x55b6adf60f1d <unknown>\n#6 0x55b6adf7cb3d <unknown>\n#7 0x55b6adf60cc3 <unknown>\n#8 0x55b6adf2c0e4 <unknown>\n#9 0x55b6adf2d0ae <unknown>\n#10 0x55b6ae1efce1 <unknown>\n#11 0x55b6ae1f3b7e <unknown>\n#12 0x55b6ae1dd4b5 <unknown>\n#13 0x55b6ae1f47d6 <unknown>\n#14 0x55b6ae1c0dbf <unknown>\n#15 0x55b6ae217748 <unknown>\n#16 0x55b6ae217917 <unknown>\n#17 0x55b6ae228773 <unknown>\n#18 0x7f0b66a46044 <unknown>","time":{"start":1699923172827,"stop":1699923176352,"duration":3525}},{"uid":"ef229a81d4e80a1f","reportUrl":"https://Nat754.github.io/StroyremAutomation/124//#testresult/ef229a81d4e80a1f","status":"skipped","statusDetails":"XFAIL\n\nselenium.common.exceptions.NoSuchElementException: Message: no such element: Unable to locate element: {\"method\":\"xpath\",\"selector\":\"//input[@class='amount']\"}\n  (Session info: headless chrome=119.0.6045.105); For documentation on this error, please visit: https://www.selenium.dev/documentation/webdriver/troubleshooting/errors#no-such-element-exception\nStacktrace:\n#0 0x55f1c7f1a5e3 <unknown>\n#1 0x55f1c7bdd0b7 <unknown>\n#2 0x55f1c7c2af53 <unknown>\n#3 0x55f1c7c2b051 <unknown>\n#4 0x55f1c7c709c4 <unknown>\n#5 0x55f1c7c51f1d <unknown>\n#6 0x55f1c7c6db3d <unknown>\n#7 0x55f1c7c51cc3 <unknown>\n#8 0x55f1c7c1d0e4 <unknown>\n#9 0x55f1c7c1e0ae <unknown>\n#10 0x55f1c7ee0ce1 <unknown>\n#11 0x55f1c7ee4b7e <unknown>\n#12 0x55f1c7ece4b5 <unknown>\n#13 0x55f1c7ee57d6 <unknown>\n#14 0x55f1c7eb1dbf <unknown>\n#15 0x55f1c7f08748 <unknown>\n#16 0x55f1c7f08917 <unknown>\n#17 0x55f1c7f19773 <unknown>\n#18 0x7f4f6bf49044 <unknown>","time":{"start":1699836925903,"stop":1699836929738,"duration":3835}},{"uid":"3469c4f66360c7ea","reportUrl":"https://Nat754.github.io/StroyremAutomation/123//#testresult/3469c4f66360c7ea","status":"skipped","statusDetails":"XFAIL\n\nselenium.common.exceptions.NoSuchElementException: Message: no such element: Unable to locate element: {\"method\":\"xpath\",\"selector\":\"//input[@class='amount']\"}\n  (Session info: headless chrome=119.0.6045.105); For documentation on this error, please visit: https://www.selenium.dev/documentation/webdriver/troubleshooting/errors#no-such-element-exception\nStacktrace:\n#0 0x55c8561ef5e3 <unknown>\n#1 0x55c855eb20b7 <unknown>\n#2 0x55c855efff53 <unknown>\n#3 0x55c855f00051 <unknown>\n#4 0x55c855f459c4 <unknown>\n#5 0x55c855f26f1d <unknown>\n#6 0x55c855f42b3d <unknown>\n#7 0x55c855f26cc3 <unknown>\n#8 0x55c855ef20e4 <unknown>\n#9 0x55c855ef30ae <unknown>\n#10 0x55c8561b5ce1 <unknown>\n#11 0x55c8561b9b7e <unknown>\n#12 0x55c8561a34b5 <unknown>\n#13 0x55c8561ba7d6 <unknown>\n#14 0x55c856186dbf <unknown>\n#15 0x55c8561dd748 <unknown>\n#16 0x55c8561dd917 <unknown>\n#17 0x55c8561ee773 <unknown>\n#18 0x7f721c923044 <unknown>","time":{"start":1699750649417,"stop":1699750652767,"duration":3350}},{"uid":"767c1d4c049ca202","reportUrl":"https://Nat754.github.io/StroyremAutomation/122//#testresult/767c1d4c049ca202","status":"skipped","statusDetails":"XFAIL\n\nselenium.common.exceptions.NoSuchElementException: Message: no such element: Unable to locate element: {\"method\":\"xpath\",\"selector\":\"//input[@class='amount']\"}\n  (Session info: headless chrome=119.0.6045.105); For documentation on this error, please visit: https://www.selenium.dev/documentation/webdriver/troubleshooting/errors#no-such-element-exception\nStacktrace:\n#0 0x561e391ac5e3 <unknown>\n#1 0x561e38e6f0b7 <unknown>\n#2 0x561e38ebcf53 <unknown>\n#3 0x561e38ebd051 <unknown>\n#4 0x561e38f029c4 <unknown>\n#5 0x561e38ee3f1d <unknown>\n#6 0x561e38effb3d <unknown>\n#7 0x561e38ee3cc3 <unknown>\n#8 0x561e38eaf0e4 <unknown>\n#9 0x561e38eb00ae <unknown>\n#10 0x561e39172ce1 <unknown>\n#11 0x561e39176b7e <unknown>\n#12 0x561e391604b5 <unknown>\n#13 0x561e391777d6 <unknown>\n#14 0x561e39143dbf <unknown>\n#15 0x561e3919a748 <unknown>\n#16 0x561e3919a917 <unknown>\n#17 0x561e391ab773 <unknown>\n#18 0x7fbb575a2044 <unknown>","time":{"start":1699663993861,"stop":1699663998435,"duration":4574}},{"uid":"a69d064ca6b4bf71","reportUrl":"https://Nat754.github.io/StroyremAutomation/121//#testresult/a69d064ca6b4bf71","status":"skipped","statusDetails":"XFAIL\n\nselenium.common.exceptions.NoSuchElementException: Message: no such element: Unable to locate element: {\"method\":\"xpath\",\"selector\":\"//input[@class='amount']\"}\n  (Session info: headless chrome=119.0.6045.105); For documentation on this error, please visit: https://www.selenium.dev/documentation/webdriver/troubleshooting/errors#no-such-element-exception\nStacktrace:\n#0 0x562711c5a5e3 <unknown>\n#1 0x56271191d0b7 <unknown>\n#2 0x56271196af53 <unknown>\n#3 0x56271196b051 <unknown>\n#4 0x5627119b09c4 <unknown>\n#5 0x562711991f1d <unknown>\n#6 0x5627119adb3d <unknown>\n#7 0x562711991cc3 <unknown>\n#8 0x56271195d0e4 <unknown>\n#9 0x56271195e0ae <unknown>\n#10 0x562711c20ce1 <unknown>\n#11 0x562711c24b7e <unknown>\n#12 0x562711c0e4b5 <unknown>\n#13 0x562711c257d6 <unknown>\n#14 0x562711bf1dbf <unknown>\n#15 0x562711c48748 <unknown>\n#16 0x562711c48917 <unknown>\n#17 0x562711c59773 <unknown>\n#18 0x7ff220417044 <unknown>","time":{"start":1699577583315,"stop":1699577587123,"duration":3808}},{"uid":"a5d4f7610b3084df","reportUrl":"https://Nat754.github.io/StroyremAutomation/120//#testresult/a5d4f7610b3084df","status":"skipped","statusDetails":"XFAIL\n\nselenium.common.exceptions.NoSuchElementException: Message: no such element: Unable to locate element: {\"method\":\"xpath\",\"selector\":\"//input[@class='amount']\"}\n  (Session info: headless chrome=119.0.6045.105); For documentation on this error, please visit: https://www.selenium.dev/documentation/webdriver/troubleshooting/errors#no-such-element-exception\nStacktrace:\n#0 0x55ead09535e3 <unknown>\n#1 0x55ead06160b7 <unknown>\n#2 0x55ead0663f53 <unknown>\n#3 0x55ead0664051 <unknown>\n#4 0x55ead06a99c4 <unknown>\n#5 0x55ead068af1d <unknown>\n#6 0x55ead06a6b3d <unknown>\n#7 0x55ead068acc3 <unknown>\n#8 0x55ead06560e4 <unknown>\n#9 0x55ead06570ae <unknown>\n#10 0x55ead0919ce1 <unknown>\n#11 0x55ead091db7e <unknown>\n#12 0x55ead09074b5 <unknown>\n#13 0x55ead091e7d6 <unknown>\n#14 0x55ead08eadbf <unknown>\n#15 0x55ead0941748 <unknown>\n#16 0x55ead0941917 <unknown>\n#17 0x55ead0952773 <unknown>\n#18 0x7f81ad31d044 <unknown>","time":{"start":1699491162641,"stop":1699491166253,"duration":3612}},{"uid":"8b54eb1c0d62ec01","reportUrl":"https://Nat754.github.io/StroyremAutomation/119//#testresult/8b54eb1c0d62ec01","status":"skipped","statusDetails":"XFAIL\n\nselenium.common.exceptions.NoSuchElementException: Message: no such element: Unable to locate element: {\"method\":\"xpath\",\"selector\":\"//input[@class='amount']\"}\n  (Session info: headless chrome=119.0.6045.105); For documentation on this error, please visit: https://www.selenium.dev/documentation/webdriver/troubleshooting/errors#no-such-element-exception\nStacktrace:\n#0 0x557a235cb5e3 <unknown>\n#1 0x557a2328e0b7 <unknown>\n#2 0x557a232dbf53 <unknown>\n#3 0x557a232dc051 <unknown>\n#4 0x557a233219c4 <unknown>\n#5 0x557a23302f1d <unknown>\n#6 0x557a2331eb3d <unknown>\n#7 0x557a23302cc3 <unknown>\n#8 0x557a232ce0e4 <unknown>\n#9 0x557a232cf0ae <unknown>\n#10 0x557a23591ce1 <unknown>\n#11 0x557a23595b7e <unknown>\n#12 0x557a2357f4b5 <unknown>\n#13 0x557a235967d6 <unknown>\n#14 0x557a23562dbf <unknown>\n#15 0x557a235b9748 <unknown>\n#16 0x557a235b9917 <unknown>\n#17 0x557a235ca773 <unknown>\n#18 0x7f6263b56044 <unknown>","time":{"start":1699404831041,"stop":1699404835300,"duration":4259}},{"uid":"abfa11a783180c60","reportUrl":"https://Nat754.github.io/StroyremAutomation/118//#testresult/abfa11a783180c60","status":"skipped","statusDetails":"XFAIL\n\nselenium.common.exceptions.NoSuchElementException: Message: no such element: Unable to locate element: {\"method\":\"xpath\",\"selector\":\"//input[@class='amount']\"}\n  (Session info: headless chrome=119.0.6045.105); For documentation on this error, please visit: https://www.selenium.dev/documentation/webdriver/troubleshooting/errors#no-such-element-exception\nStacktrace:\n#0 0x55f51eb7e5e3 <unknown>\n#1 0x55f51e8410b7 <unknown>\n#2 0x55f51e88ef53 <unknown>\n#3 0x55f51e88f051 <unknown>\n#4 0x55f51e8d49c4 <unknown>\n#5 0x55f51e8b5f1d <unknown>\n#6 0x55f51e8d1b3d <unknown>\n#7 0x55f51e8b5cc3 <unknown>\n#8 0x55f51e8810e4 <unknown>\n#9 0x55f51e8820ae <unknown>\n#10 0x55f51eb44ce1 <unknown>\n#11 0x55f51eb48b7e <unknown>\n#12 0x55f51eb324b5 <unknown>\n#13 0x55f51eb497d6 <unknown>\n#14 0x55f51eb15dbf <unknown>\n#15 0x55f51eb6c748 <unknown>\n#16 0x55f51eb6c917 <unknown>\n#17 0x55f51eb7d773 <unknown>\n#18 0x7f88621a1044 <unknown>","time":{"start":1699318504534,"stop":1699318508765,"duration":4231}},{"uid":"bf415617b5970420","reportUrl":"https://Nat754.github.io/StroyremAutomation/117//#testresult/bf415617b5970420","status":"skipped","statusDetails":"XFAIL\n\nselenium.common.exceptions.NoSuchElementException: Message: no such element: Unable to locate element: {\"method\":\"xpath\",\"selector\":\"//input[@class='amount']\"}\n  (Session info: headless chrome=119.0.6045.105); For documentation on this error, please visit: https://www.selenium.dev/documentation/webdriver/troubleshooting/errors#no-such-element-exception\nStacktrace:\n#0 0x56462ff6d5e3 <unknown>\n#1 0x56462fc300b7 <unknown>\n#2 0x56462fc7df53 <unknown>\n#3 0x56462fc7e051 <unknown>\n#4 0x56462fcc39c4 <unknown>\n#5 0x56462fca4f1d <unknown>\n#6 0x56462fcc0b3d <unknown>\n#7 0x56462fca4cc3 <unknown>\n#8 0x56462fc700e4 <unknown>\n#9 0x56462fc710ae <unknown>\n#10 0x56462ff33ce1 <unknown>\n#11 0x56462ff37b7e <unknown>\n#12 0x56462ff214b5 <unknown>\n#13 0x56462ff387d6 <unknown>\n#14 0x56462ff04dbf <unknown>\n#15 0x56462ff5b748 <unknown>\n#16 0x56462ff5b917 <unknown>\n#17 0x56462ff6c773 <unknown>\n#18 0x7fca98f70044 <unknown>","time":{"start":1699232167272,"stop":1699232171147,"duration":3875}},{"uid":"832f10b5f5932a9","reportUrl":"https://Nat754.github.io/StroyremAutomation/116//#testresult/832f10b5f5932a9","status":"skipped","statusDetails":"XFAIL\n\nselenium.common.exceptions.NoSuchElementException: Message: no such element: Unable to locate element: {\"method\":\"xpath\",\"selector\":\"//input[@class='amount']\"}\n  (Session info: headless chrome=119.0.6045.105); For documentation on this error, please visit: https://www.selenium.dev/documentation/webdriver/troubleshooting/errors#no-such-element-exception\nStacktrace:\n#0 0x55c0aa9b85e3 <unknown>\n#1 0x55c0aa67b0b7 <unknown>\n#2 0x55c0aa6c8f53 <unknown>\n#3 0x55c0aa6c9051 <unknown>\n#4 0x55c0aa70e9c4 <unknown>\n#5 0x55c0aa6eff1d <unknown>\n#6 0x55c0aa70bb3d <unknown>\n#7 0x55c0aa6efcc3 <unknown>\n#8 0x55c0aa6bb0e4 <unknown>\n#9 0x55c0aa6bc0ae <unknown>\n#10 0x55c0aa97ece1 <unknown>\n#11 0x55c0aa982b7e <unknown>\n#12 0x55c0aa96c4b5 <unknown>\n#13 0x55c0aa9837d6 <unknown>\n#14 0x55c0aa94fdbf <unknown>\n#15 0x55c0aa9a6748 <unknown>\n#16 0x55c0aa9a6917 <unknown>\n#17 0x55c0aa9b7773 <unknown>\n#18 0x7fa70f043044 <unknown>","time":{"start":1699145930699,"stop":1699145936596,"duration":5897}},{"uid":"341cd376184269ac","reportUrl":"https://Nat754.github.io/StroyremAutomation/115//#testresult/341cd376184269ac","status":"skipped","statusDetails":"XFAIL\n\nselenium.common.exceptions.NoSuchElementException: Message: no such element: Unable to locate element: {\"method\":\"xpath\",\"selector\":\"//input[@class='amount']\"}\n  (Session info: headless chrome=119.0.6045.105); For documentation on this error, please visit: https://www.selenium.dev/documentation/webdriver/troubleshooting/errors#no-such-element-exception\nStacktrace:\n#0 0x55e357a325e3 <unknown>\n#1 0x55e3576f50b7 <unknown>\n#2 0x55e357742f53 <unknown>\n#3 0x55e357743051 <unknown>\n#4 0x55e3577889c4 <unknown>\n#5 0x55e357769f1d <unknown>\n#6 0x55e357785b3d <unknown>\n#7 0x55e357769cc3 <unknown>\n#8 0x55e3577350e4 <unknown>\n#9 0x55e3577360ae <unknown>\n#10 0x55e3579f8ce1 <unknown>\n#11 0x55e3579fcb7e <unknown>\n#12 0x55e3579e64b5 <unknown>\n#13 0x55e3579fd7d6 <unknown>\n#14 0x55e3579c9dbf <unknown>\n#15 0x55e357a20748 <unknown>\n#16 0x55e357a20917 <unknown>\n#17 0x55e357a31773 <unknown>\n#18 0x7f04cf103044 <unknown>","time":{"start":1699059211571,"stop":1699059215474,"duration":3903}}]},"tags":["@pytest.mark.xfail","smoke_test"]},"source":"a9f5bc0bb26094d5.json","parameterValues":["3320","8","'TD 016'","2390","'products/shtukaturka-gipsovaya-aksolit-m50-30-kg-mashinnogo-naneseniya'","650","'https://sandboxtest.stroyrem-nn.ru/'","300"]}