{"uid":"6e00476c4f882d6d","name":"test_positive_delivery_green_zone_smoke[TD 011-products/shtukaturka-gipsovaya-aksolit-m50-30-kg-mashinnogo-naneseniya-299-9000-3600-7960-8980-https://sandboxtest.stroyrem-nn.ru/]","fullName":"tests.delivery.test_delivery_calculation.TestDeliveryPageCalculation#test_positive_delivery_green_zone_smoke","historyId":"100ca5819a1aaf944b508696eeea00de","time":{"start":1723683556279,"stop":1723683556615,"duration":336},"status":"skipped","statusMessage":"XFAIL\n\nselenium.common.exceptions.NoSuchElementException: Message: no such element: Unable to locate element: {\"method\":\"xpath\",\"selector\":\"(//a[@class='add-to-cart yellow-btn'])[1]\"}\n  (Session info: chrome-headless-shell=127.0.6533.119); For documentation on this error, please visit: https://www.selenium.dev/documentation/webdriver/troubleshooting/errors#no-such-element-exception\nStacktrace:\n#0 0x5562044706ca <unknown>\n#1 0x556204141600 <unknown>\n#2 0x556204190bcb <unknown>\n#3 0x556204190eb1 <unknown>\n#4 0x5562041d4b24 <unknown>\n#5 0x5562041b38cd <unknown>\n#6 0x5562041d204a <unknown>\n#7 0x5562041b3643 <unknown>\n#8 0x556204183d31 <unknown>\n#9 0x55620418479e <unknown>\n#10 0x55620443825b <unknown>\n#11 0x55620443c1f2 <unknown>\n#12 0x556204425615 <unknown>\n#13 0x55620443cd82 <unknown>\n#14 0x55620440a25f <unknown>\n#15 0x55620445fe68 <unknown>\n#16 0x556204460040 <unknown>\n#17 0x55620446f49c <unknown>\n#18 0x7fb3e0f57134 <unknown>","statusTrace":"self = <tests.delivery.test_delivery_calculation.TestDeliveryPageCalculation object at 0x7f3c83dec090>\ndriver = <selenium.webdriver.chrome.webdriver.WebDriver (session=\"02bf986423d2d97c386326f4f512e844\")>\nurl = 'https://sandboxtest.stroyrem-nn.ru/', case_id = 'TD 011'\nlink_item = 'products/shtukaturka-gipsovaya-aksolit-m50-30-kg-mashinnogo-naneseniya'\namount = 299, weight = 9000, standard = 3600, in_time = 7960, all_time = 8980\n\n    @pytest.mark.parametrize('case_id, link_item, amount, weight, standard, in_time, all_time', [\n        (\"TD 001\", uroven_3000, 1, 30, 0, 1590, 2190),\n        (\"TD 002\", bundeks_25, 1, 30, 400, 1590, 2190),\n        (\"TD 003\", aksolit_30, 8, 300, 400, 1590, 2190),\n        (\"TD 004\", aksolit_30, 13, 400, 450, 1590, 2190),\n        (\"TD 005\", aksolit_30, 16, 500, 600, 1590, 2190),\n        (\"TD 006\", aksolit_30, 25, 1700, 990, 1990, 2480),\n        (\"TD 007\", aksolit_30, 66, 2000, 1300, 2490, 2980),\n        (\"TD 008\", aksolit_30, 149, 4500, 2300, 3980, 4490),\n        (\"TD 009\", aksolit_30, 166, 5000, 2500, 4990, 5480),\n        pytest.param(\n            \"TD 010\", aksolit_30, 206, 6200, 2900, 5570, 6120,\n            marks=pytest.mark.xfail(reson=\"Цена доставки 3600 7960 8980\")\n        ),\n        (\"TD 011\", aksolit_30, 299, 9000, 3600, 7960, 8980),\n        (\"TD 012\", aksolit_30, 333, 10000, 4450, 11990, 12500),\n        pytest.param(\n            \"TD 013\", aksolit_30, 366, 11000, 4800, 12450, 13480,\n            marks=pytest.mark.xfail(reason=\"Цена стандартной доставки 4450\")\n        ),\n        pytest.param(\n            \"TD 014\", aksolit_30, 666, 20000, 5400, 15600, 17490,\n            marks=pytest.mark.xfail(reason=\"Цена стандартной доставки 4450\")\n        )\n    ])\n    @pytest.mark.xfail\n    @pytest.mark.smoke_test\n    def test_positive_delivery_green_zone_smoke(\n            self, driver, url, case_id, link_item, amount, weight, standard, in_time, all_time\n    ):\n    \n        driver.get(f'{url}{link_item}')\n        item_page = ItemPage(driver)\n>       item_page.add_item_to_cart(amount).click_on_cart()\n\ntests/delivery/test_delivery_calculation.py:50: \n_ _ _ _ _ _ _ _ _ _ _ _ _ _ _ _ _ _ _ _ _ _ _ _ _ _ _ _ _ _ _ _ _ _ _ _ _ _ _ _ \npages/item_page.py:40: in add_item_to_cart\n    self.find_element(self._add_item).click()\nbase/seleniumbase.py:17: in find_element\n    return self.driver.find_element(*locator)\n/usr/local/lib/python3.11/site-packages/selenium/webdriver/remote/webdriver.py:739: in find_element\n    return self.execute(Command.FIND_ELEMENT, {\"using\": by, \"value\": value})[\"value\"]\n/usr/local/lib/python3.11/site-packages/selenium/webdriver/remote/webdriver.py:345: in execute\n    self.error_handler.check_response(response)\n_ _ _ _ _ _ _ _ _ _ _ _ _ _ _ _ _ _ _ _ _ _ _ _ _ _ _ _ _ _ _ _ _ _ _ _ _ _ _ _ \n\nself = <selenium.webdriver.remote.errorhandler.ErrorHandler object at 0x7f3c848d8110>\nresponse = {'status': 404, 'value': '{\"value\":{\"error\":\"no such element\",\"message\":\"no such element: Unable to locate element: {\\...\\\\n#16 0x556204460040 \\\\u003Cunknown>\\\\n#17 0x55620446f49c \\\\u003Cunknown>\\\\n#18 0x7fb3e0f57134 \\\\u003Cunknown>\\\\n\"}}'}\n\n    def check_response(self, response: Dict[str, Any]) -> None:\n        \"\"\"Checks that a JSON response from the WebDriver does not have an\n        error.\n    \n        :Args:\n         - response - The JSON response from the WebDriver server as a dictionary\n           object.\n    \n        :Raises: If the response contains an error message.\n        \"\"\"\n        status = response.get(\"status\", None)\n        if not status or status == ErrorCode.SUCCESS:\n            return\n        value = None\n        message = response.get(\"message\", \"\")\n        screen: str = response.get(\"screen\", \"\")\n        stacktrace = None\n        if isinstance(status, int):\n            value_json = response.get(\"value\", None)\n            if value_json and isinstance(value_json, str):\n                import json\n    \n                try:\n                    value = json.loads(value_json)\n                    if len(value) == 1:\n                        value = value[\"value\"]\n                    status = value.get(\"error\", None)\n                    if not status:\n                        status = value.get(\"status\", ErrorCode.UNKNOWN_ERROR)\n                        message = value.get(\"value\") or value.get(\"message\")\n                        if not isinstance(message, str):\n                            value = message\n                            message = message.get(\"message\")\n                    else:\n                        message = value.get(\"message\", None)\n                except ValueError:\n                    pass\n    \n        exception_class: Type[WebDriverException]\n        e = ErrorCode()\n        error_codes = [item for item in dir(e) if not item.startswith(\"__\")]\n        for error_code in error_codes:\n            error_info = getattr(ErrorCode, error_code)\n            if isinstance(error_info, list) and status in error_info:\n                exception_class = getattr(ExceptionMapping, error_code, WebDriverException)\n                break\n        else:\n            exception_class = WebDriverException\n    \n        if not value:\n            value = response[\"value\"]\n        if isinstance(value, str):\n            raise exception_class(value)\n        if message == \"\" and \"message\" in value:\n            message = value[\"message\"]\n    \n        screen = None  # type: ignore[assignment]\n        if \"screen\" in value:\n            screen = value[\"screen\"]\n    \n        stacktrace = None\n        st_value = value.get(\"stackTrace\") or value.get(\"stacktrace\")\n        if st_value:\n            if isinstance(st_value, str):\n                stacktrace = st_value.split(\"\\n\")\n            else:\n                stacktrace = []\n                try:\n                    for frame in st_value:\n                        line = frame.get(\"lineNumber\", \"\")\n                        file = frame.get(\"fileName\", \"<anonymous>\")\n                        if line:\n                            file = f\"{file}:{line}\"\n                        meth = frame.get(\"methodName\", \"<anonymous>\")\n                        if \"className\" in frame:\n                            meth = f\"{frame['className']}.{meth}\"\n                        msg = \"    at %s (%s)\"\n                        msg = msg % (meth, file)\n                        stacktrace.append(msg)\n                except TypeError:\n                    pass\n        if exception_class == UnexpectedAlertPresentException:\n            alert_text = None\n            if \"data\" in value:\n                alert_text = value[\"data\"].get(\"text\")\n            elif \"alert\" in value:\n                alert_text = value[\"alert\"].get(\"text\")\n            raise exception_class(message, screen, stacktrace, alert_text)  # type: ignore[call-arg]  # mypy is not smart enough here\n>       raise exception_class(message, screen, stacktrace)\nE       selenium.common.exceptions.NoSuchElementException: Message: no such element: Unable to locate element: {\"method\":\"xpath\",\"selector\":\"(//a[@class='add-to-cart yellow-btn'])[1]\"}\nE         (Session info: chrome-headless-shell=127.0.6533.119); For documentation on this error, please visit: https://www.selenium.dev/documentation/webdriver/troubleshooting/errors#no-such-element-exception\nE       Stacktrace:\nE       #0 0x5562044706ca <unknown>\nE       #1 0x556204141600 <unknown>\nE       #2 0x556204190bcb <unknown>\nE       #3 0x556204190eb1 <unknown>\nE       #4 0x5562041d4b24 <unknown>\nE       #5 0x5562041b38cd <unknown>\nE       #6 0x5562041d204a <unknown>\nE       #7 0x5562041b3643 <unknown>\nE       #8 0x556204183d31 <unknown>\nE       #9 0x55620418479e <unknown>\nE       #10 0x55620443825b <unknown>\nE       #11 0x55620443c1f2 <unknown>\nE       #12 0x556204425615 <unknown>\nE       #13 0x55620443cd82 <unknown>\nE       #14 0x55620440a25f <unknown>\nE       #15 0x55620445fe68 <unknown>\nE       #16 0x556204460040 <unknown>\nE       #17 0x55620446f49c <unknown>\nE       #18 0x7fb3e0f57134 <unknown>\n\n/usr/local/lib/python3.11/site-packages/selenium/webdriver/remote/errorhandler.py:229: NoSuchElementException","flaky":false,"newFailed":false,"newBroken":false,"newPassed":false,"retriesCount":0,"retriesStatusChange":false,"beforeStages":[{"name":"_session_faker","time":{"start":1723683318952,"stop":1723683319023,"duration":71},"status":"passed","steps":[],"attachments":[],"parameters":[],"shouldDisplayMessage":false,"stepsCount":0,"attachmentsCount":0,"hasContent":false,"attachmentStep":false},{"name":"clear_allure_results_folder","time":{"start":1723683319023,"stop":1723683319023,"duration":0},"status":"passed","steps":[],"attachments":[],"parameters":[],"shouldDisplayMessage":false,"stepsCount":0,"attachmentsCount":0,"hasContent":false,"attachmentStep":false},{"name":"driver","time":{"start":1723683555587,"stop":1723683556278,"duration":691},"status":"passed","steps":[],"attachments":[],"parameters":[],"shouldDisplayMessage":false,"stepsCount":0,"attachmentsCount":0,"hasContent":false,"attachmentStep":false},{"name":"setup","time":{"start":1723683556278,"stop":1723683556278,"duration":0},"status":"passed","steps":[],"attachments":[],"parameters":[],"shouldDisplayMessage":false,"stepsCount":0,"attachmentsCount":0,"hasContent":false,"attachmentStep":false}],"testStage":{"status":"skipped","statusMessage":"XFAIL\n\nselenium.common.exceptions.NoSuchElementException: Message: no such element: Unable to locate element: {\"method\":\"xpath\",\"selector\":\"(//a[@class='add-to-cart yellow-btn'])[1]\"}\n  (Session info: chrome-headless-shell=127.0.6533.119); For documentation on this error, please visit: https://www.selenium.dev/documentation/webdriver/troubleshooting/errors#no-such-element-exception\nStacktrace:\n#0 0x5562044706ca <unknown>\n#1 0x556204141600 <unknown>\n#2 0x556204190bcb <unknown>\n#3 0x556204190eb1 <unknown>\n#4 0x5562041d4b24 <unknown>\n#5 0x5562041b38cd <unknown>\n#6 0x5562041d204a <unknown>\n#7 0x5562041b3643 <unknown>\n#8 0x556204183d31 <unknown>\n#9 0x55620418479e <unknown>\n#10 0x55620443825b <unknown>\n#11 0x55620443c1f2 <unknown>\n#12 0x556204425615 <unknown>\n#13 0x55620443cd82 <unknown>\n#14 0x55620440a25f <unknown>\n#15 0x55620445fe68 <unknown>\n#16 0x556204460040 <unknown>\n#17 0x55620446f49c <unknown>\n#18 0x7fb3e0f57134 <unknown>","statusTrace":"self = <tests.delivery.test_delivery_calculation.TestDeliveryPageCalculation object at 0x7f3c83dec090>\ndriver = <selenium.webdriver.chrome.webdriver.WebDriver (session=\"02bf986423d2d97c386326f4f512e844\")>\nurl = 'https://sandboxtest.stroyrem-nn.ru/', case_id = 'TD 011'\nlink_item = 'products/shtukaturka-gipsovaya-aksolit-m50-30-kg-mashinnogo-naneseniya'\namount = 299, weight = 9000, standard = 3600, in_time = 7960, all_time = 8980\n\n    @pytest.mark.parametrize('case_id, link_item, amount, weight, standard, in_time, all_time', [\n        (\"TD 001\", uroven_3000, 1, 30, 0, 1590, 2190),\n        (\"TD 002\", bundeks_25, 1, 30, 400, 1590, 2190),\n        (\"TD 003\", aksolit_30, 8, 300, 400, 1590, 2190),\n        (\"TD 004\", aksolit_30, 13, 400, 450, 1590, 2190),\n        (\"TD 005\", aksolit_30, 16, 500, 600, 1590, 2190),\n        (\"TD 006\", aksolit_30, 25, 1700, 990, 1990, 2480),\n        (\"TD 007\", aksolit_30, 66, 2000, 1300, 2490, 2980),\n        (\"TD 008\", aksolit_30, 149, 4500, 2300, 3980, 4490),\n        (\"TD 009\", aksolit_30, 166, 5000, 2500, 4990, 5480),\n        pytest.param(\n            \"TD 010\", aksolit_30, 206, 6200, 2900, 5570, 6120,\n            marks=pytest.mark.xfail(reson=\"Цена доставки 3600 7960 8980\")\n        ),\n        (\"TD 011\", aksolit_30, 299, 9000, 3600, 7960, 8980),\n        (\"TD 012\", aksolit_30, 333, 10000, 4450, 11990, 12500),\n        pytest.param(\n            \"TD 013\", aksolit_30, 366, 11000, 4800, 12450, 13480,\n            marks=pytest.mark.xfail(reason=\"Цена стандартной доставки 4450\")\n        ),\n        pytest.param(\n            \"TD 014\", aksolit_30, 666, 20000, 5400, 15600, 17490,\n            marks=pytest.mark.xfail(reason=\"Цена стандартной доставки 4450\")\n        )\n    ])\n    @pytest.mark.xfail\n    @pytest.mark.smoke_test\n    def test_positive_delivery_green_zone_smoke(\n            self, driver, url, case_id, link_item, amount, weight, standard, in_time, all_time\n    ):\n    \n        driver.get(f'{url}{link_item}')\n        item_page = ItemPage(driver)\n>       item_page.add_item_to_cart(amount).click_on_cart()\n\ntests/delivery/test_delivery_calculation.py:50: \n_ _ _ _ _ _ _ _ _ _ _ _ _ _ _ _ _ _ _ _ _ _ _ _ _ _ _ _ _ _ _ _ _ _ _ _ _ _ _ _ \npages/item_page.py:40: in add_item_to_cart\n    self.find_element(self._add_item).click()\nbase/seleniumbase.py:17: in find_element\n    return self.driver.find_element(*locator)\n/usr/local/lib/python3.11/site-packages/selenium/webdriver/remote/webdriver.py:739: in find_element\n    return self.execute(Command.FIND_ELEMENT, {\"using\": by, \"value\": value})[\"value\"]\n/usr/local/lib/python3.11/site-packages/selenium/webdriver/remote/webdriver.py:345: in execute\n    self.error_handler.check_response(response)\n_ _ _ _ _ _ _ _ _ _ _ _ _ _ _ _ _ _ _ _ _ _ _ _ _ _ _ _ _ _ _ _ _ _ _ _ _ _ _ _ \n\nself = <selenium.webdriver.remote.errorhandler.ErrorHandler object at 0x7f3c848d8110>\nresponse = {'status': 404, 'value': '{\"value\":{\"error\":\"no such element\",\"message\":\"no such element: Unable to locate element: {\\...\\\\n#16 0x556204460040 \\\\u003Cunknown>\\\\n#17 0x55620446f49c \\\\u003Cunknown>\\\\n#18 0x7fb3e0f57134 \\\\u003Cunknown>\\\\n\"}}'}\n\n    def check_response(self, response: Dict[str, Any]) -> None:\n        \"\"\"Checks that a JSON response from the WebDriver does not have an\n        error.\n    \n        :Args:\n         - response - The JSON response from the WebDriver server as a dictionary\n           object.\n    \n        :Raises: If the response contains an error message.\n        \"\"\"\n        status = response.get(\"status\", None)\n        if not status or status == ErrorCode.SUCCESS:\n            return\n        value = None\n        message = response.get(\"message\", \"\")\n        screen: str = response.get(\"screen\", \"\")\n        stacktrace = None\n        if isinstance(status, int):\n            value_json = response.get(\"value\", None)\n            if value_json and isinstance(value_json, str):\n                import json\n    \n                try:\n                    value = json.loads(value_json)\n                    if len(value) == 1:\n                        value = value[\"value\"]\n                    status = value.get(\"error\", None)\n                    if not status:\n                        status = value.get(\"status\", ErrorCode.UNKNOWN_ERROR)\n                        message = value.get(\"value\") or value.get(\"message\")\n                        if not isinstance(message, str):\n                            value = message\n                            message = message.get(\"message\")\n                    else:\n                        message = value.get(\"message\", None)\n                except ValueError:\n                    pass\n    \n        exception_class: Type[WebDriverException]\n        e = ErrorCode()\n        error_codes = [item for item in dir(e) if not item.startswith(\"__\")]\n        for error_code in error_codes:\n            error_info = getattr(ErrorCode, error_code)\n            if isinstance(error_info, list) and status in error_info:\n                exception_class = getattr(ExceptionMapping, error_code, WebDriverException)\n                break\n        else:\n            exception_class = WebDriverException\n    \n        if not value:\n            value = response[\"value\"]\n        if isinstance(value, str):\n            raise exception_class(value)\n        if message == \"\" and \"message\" in value:\n            message = value[\"message\"]\n    \n        screen = None  # type: ignore[assignment]\n        if \"screen\" in value:\n            screen = value[\"screen\"]\n    \n        stacktrace = None\n        st_value = value.get(\"stackTrace\") or value.get(\"stacktrace\")\n        if st_value:\n            if isinstance(st_value, str):\n                stacktrace = st_value.split(\"\\n\")\n            else:\n                stacktrace = []\n                try:\n                    for frame in st_value:\n                        line = frame.get(\"lineNumber\", \"\")\n                        file = frame.get(\"fileName\", \"<anonymous>\")\n                        if line:\n                            file = f\"{file}:{line}\"\n                        meth = frame.get(\"methodName\", \"<anonymous>\")\n                        if \"className\" in frame:\n                            meth = f\"{frame['className']}.{meth}\"\n                        msg = \"    at %s (%s)\"\n                        msg = msg % (meth, file)\n                        stacktrace.append(msg)\n                except TypeError:\n                    pass\n        if exception_class == UnexpectedAlertPresentException:\n            alert_text = None\n            if \"data\" in value:\n                alert_text = value[\"data\"].get(\"text\")\n            elif \"alert\" in value:\n                alert_text = value[\"alert\"].get(\"text\")\n            raise exception_class(message, screen, stacktrace, alert_text)  # type: ignore[call-arg]  # mypy is not smart enough here\n>       raise exception_class(message, screen, stacktrace)\nE       selenium.common.exceptions.NoSuchElementException: Message: no such element: Unable to locate element: {\"method\":\"xpath\",\"selector\":\"(//a[@class='add-to-cart yellow-btn'])[1]\"}\nE         (Session info: chrome-headless-shell=127.0.6533.119); For documentation on this error, please visit: https://www.selenium.dev/documentation/webdriver/troubleshooting/errors#no-such-element-exception\nE       Stacktrace:\nE       #0 0x5562044706ca <unknown>\nE       #1 0x556204141600 <unknown>\nE       #2 0x556204190bcb <unknown>\nE       #3 0x556204190eb1 <unknown>\nE       #4 0x5562041d4b24 <unknown>\nE       #5 0x5562041b38cd <unknown>\nE       #6 0x5562041d204a <unknown>\nE       #7 0x5562041b3643 <unknown>\nE       #8 0x556204183d31 <unknown>\nE       #9 0x55620418479e <unknown>\nE       #10 0x55620443825b <unknown>\nE       #11 0x55620443c1f2 <unknown>\nE       #12 0x556204425615 <unknown>\nE       #13 0x55620443cd82 <unknown>\nE       #14 0x55620440a25f <unknown>\nE       #15 0x55620445fe68 <unknown>\nE       #16 0x556204460040 <unknown>\nE       #17 0x55620446f49c <unknown>\nE       #18 0x7fb3e0f57134 <unknown>\n\n/usr/local/lib/python3.11/site-packages/selenium/webdriver/remote/errorhandler.py:229: NoSuchElementException","steps":[{"name":"Добавляем товар в корзину в количестве 299","time":{"start":1723683556597,"stop":1723683556614,"duration":17},"status":"broken","statusMessage":"selenium.common.exceptions.NoSuchElementException: Message: no such element: Unable to locate element: {\"method\":\"xpath\",\"selector\":\"(//a[@class='add-to-cart yellow-btn'])[1]\"}\n  (Session info: chrome-headless-shell=127.0.6533.119); For documentation on this error, please visit: https://www.selenium.dev/documentation/webdriver/troubleshooting/errors#no-such-element-exception\nStacktrace:\n#0 0x5562044706ca <unknown>\n#1 0x556204141600 <unknown>\n#2 0x556204190bcb <unknown>\n#3 0x556204190eb1 <unknown>\n#4 0x5562041d4b24 <unknown>\n#5 0x5562041b38cd <unknown>\n#6 0x5562041d204a <unknown>\n#7 0x5562041b3643 <unknown>\n#8 0x556204183d31 <unknown>\n#9 0x55620418479e <unknown>\n#10 0x55620443825b <unknown>\n#11 0x55620443c1f2 <unknown>\n#12 0x556204425615 <unknown>\n#13 0x55620443cd82 <unknown>\n#14 0x55620440a25f <unknown>\n#15 0x55620445fe68 <unknown>\n#16 0x556204460040 <unknown>\n#17 0x55620446f49c <unknown>\n#18 0x7fb3e0f57134 <unknown>\n\n","statusTrace":"  File \"/usr/local/lib/python3.11/site-packages/allure_commons/_allure.py\", line 192, in impl\n    return func(*a, **kw)\n           ^^^^^^^^^^^^^^\n  File \"/app/pages/item_page.py\", line 40, in add_item_to_cart\n    self.find_element(self._add_item).click()\n    ^^^^^^^^^^^^^^^^^^^^^^^^^^^^^^^^^\n  File \"/app/base/seleniumbase.py\", line 17, in find_element\n    return self.driver.find_element(*locator)\n           ^^^^^^^^^^^^^^^^^^^^^^^^^^^^^^^^^^\n  File \"/usr/local/lib/python3.11/site-packages/selenium/webdriver/remote/webdriver.py\", line 739, in find_element\n    return self.execute(Command.FIND_ELEMENT, {\"using\": by, \"value\": value})[\"value\"]\n           ^^^^^^^^^^^^^^^^^^^^^^^^^^^^^^^^^^^^^^^^^^^^^^^^^^^^^^^^^^^^^^^^^\n  File \"/usr/local/lib/python3.11/site-packages/selenium/webdriver/remote/webdriver.py\", line 345, in execute\n    self.error_handler.check_response(response)\n  File \"/usr/local/lib/python3.11/site-packages/selenium/webdriver/remote/errorhandler.py\", line 229, in check_response\n    raise exception_class(message, screen, stacktrace)\n","steps":[],"attachments":[],"parameters":[{"name":"amount","value":"299"}],"shouldDisplayMessage":true,"stepsCount":0,"attachmentsCount":0,"hasContent":true,"attachmentStep":false}],"attachments":[{"uid":"1aca3af8f905db4c","name":"Screenshot","source":"1aca3af8f905db4c.png","type":"image/png","size":4720},{"uid":"bd1577f51a58ea4a","name":"HTML source","source":"bd1577f51a58ea4a.html","type":"text/html","size":39}],"parameters":[],"shouldDisplayMessage":true,"stepsCount":1,"attachmentsCount":2,"hasContent":true,"attachmentStep":false},"afterStages":[{"name":"driver::0","time":{"start":1723683556725,"stop":1723683556785,"duration":60},"status":"passed","steps":[],"attachments":[],"parameters":[],"shouldDisplayMessage":false,"stepsCount":0,"attachmentsCount":0,"hasContent":false,"attachmentStep":false},{"name":"setup::0","time":{"start":1723683556725,"stop":1723683556725,"duration":0},"status":"passed","steps":[],"attachments":[],"parameters":[],"shouldDisplayMessage":false,"stepsCount":0,"attachmentsCount":0,"hasContent":false,"attachmentStep":false}],"labels":[{"name":"epic","value":"Delivery Page - calculation"},{"name":"tag","value":"smoke_test"},{"name":"tag","value":"@pytest.mark.xfail"},{"name":"parentSuite","value":"tests.delivery"},{"name":"suite","value":"test_delivery_calculation"},{"name":"subSuite","value":"TestDeliveryPageCalculation"},{"name":"host","value":"a8086e5f0c79"},{"name":"thread","value":"1-MainThread"},{"name":"framework","value":"pytest"},{"name":"language","value":"cpython3"},{"name":"package","value":"tests.delivery.test_delivery_calculation"},{"name":"resultFormat","value":"allure2"}],"parameters":[{"name":"all_time","value":"8980"},{"name":"amount","value":"299"},{"name":"case_id","value":"'TD 011'"},{"name":"in_time","value":"7960"},{"name":"link_item","value":"'products/shtukaturka-gipsovaya-aksolit-m50-30-kg-mashinnogo-naneseniya'"},{"name":"standard","value":"3600"},{"name":"url","value":"'https://sandboxtest.stroyrem-nn.ru/'"},{"name":"weight","value":"9000"}],"links":[],"hidden":false,"retry":false,"extra":{"severity":"normal","retries":[],"categories":[],"history":{"statistic":{"failed":0,"broken":0,"skipped":78,"passed":0,"unknown":0,"total":78},"items":[{"uid":"65bb239fd08bddc1","reportUrl":"https://Nat754.github.io/StroyremAutomation/399//#testresult/65bb239fd08bddc1","status":"skipped","statusDetails":"XFAIL\n\nselenium.common.exceptions.NoSuchElementException: Message: no such element: Unable to locate element: {\"method\":\"xpath\",\"selector\":\"(//a[@class='add-to-cart yellow-btn'])[1]\"}\n  (Session info: chrome-headless-shell=127.0.6533.119); For documentation on this error, please visit: https://www.selenium.dev/documentation/webdriver/troubleshooting/errors#no-such-element-exception\nStacktrace:\n#0 0x55b2fd3ce6ca <unknown>\n#1 0x55b2fd09f600 <unknown>\n#2 0x55b2fd0eebcb <unknown>\n#3 0x55b2fd0eeeb1 <unknown>\n#4 0x55b2fd132b24 <unknown>\n#5 0x55b2fd1118cd <unknown>\n#6 0x55b2fd13004a <unknown>\n#7 0x55b2fd111643 <unknown>\n#8 0x55b2fd0e1d31 <unknown>\n#9 0x55b2fd0e279e <unknown>\n#10 0x55b2fd39625b <unknown>\n#11 0x55b2fd39a1f2 <unknown>\n#12 0x55b2fd383615 <unknown>\n#13 0x55b2fd39ad82 <unknown>\n#14 0x55b2fd36825f <unknown>\n#15 0x55b2fd3bde68 <unknown>\n#16 0x55b2fd3be040 <unknown>\n#17 0x55b2fd3cd49c <unknown>\n#18 0x7fb38b792134 <unknown>","time":{"start":1723597286754,"stop":1723597287311,"duration":557}},{"uid":"891fb34bfdb04344","reportUrl":"https://Nat754.github.io/StroyremAutomation/398//#testresult/891fb34bfdb04344","status":"skipped","statusDetails":"XFAIL\n\nselenium.common.exceptions.NoSuchElementException: Message: no such element: Unable to locate element: {\"method\":\"xpath\",\"selector\":\"(//a[@class='add-to-cart yellow-btn'])[1]\"}\n  (Session info: chrome-headless-shell=127.0.6533.99); For documentation on this error, please visit: https://www.selenium.dev/documentation/webdriver/troubleshooting/errors#no-such-element-exception\nStacktrace:\n#0 0x558a34ce66aa <unknown>\n#1 0x558a349b7600 <unknown>\n#2 0x558a34a06bcb <unknown>\n#3 0x558a34a06eb1 <unknown>\n#4 0x558a34a4ab24 <unknown>\n#5 0x558a34a298cd <unknown>\n#6 0x558a34a4804a <unknown>\n#7 0x558a34a29643 <unknown>\n#8 0x558a349f9d31 <unknown>\n#9 0x558a349fa79e <unknown>\n#10 0x558a34cae23b <unknown>\n#11 0x558a34cb21d2 <unknown>\n#12 0x558a34c9b5f5 <unknown>\n#13 0x558a34cb2d62 <unknown>\n#14 0x558a34c8023f <unknown>\n#15 0x558a34cd5e48 <unknown>\n#16 0x558a34cd6020 <unknown>\n#17 0x558a34ce547c <unknown>\n#18 0x7ff31b7d4134 <unknown>","time":{"start":1723510986561,"stop":1723510987158,"duration":597}},{"uid":"cdf7e3ef6342075e","reportUrl":"https://Nat754.github.io/StroyremAutomation/397//#testresult/cdf7e3ef6342075e","status":"skipped","statusDetails":"XFAIL\n\nselenium.common.exceptions.NoSuchElementException: Message: no such element: Unable to locate element: {\"method\":\"xpath\",\"selector\":\"(//a[@class='add-to-cart yellow-btn'])[1]\"}\n  (Session info: chrome-headless-shell=127.0.6533.99); For documentation on this error, please visit: https://www.selenium.dev/documentation/webdriver/troubleshooting/errors#no-such-element-exception\nStacktrace:\n#0 0x55d4ec5746aa <unknown>\n#1 0x55d4ec245600 <unknown>\n#2 0x55d4ec294bcb <unknown>\n#3 0x55d4ec294eb1 <unknown>\n#4 0x55d4ec2d8b24 <unknown>\n#5 0x55d4ec2b78cd <unknown>\n#6 0x55d4ec2d604a <unknown>\n#7 0x55d4ec2b7643 <unknown>\n#8 0x55d4ec287d31 <unknown>\n#9 0x55d4ec28879e <unknown>\n#10 0x55d4ec53c23b <unknown>\n#11 0x55d4ec5401d2 <unknown>\n#12 0x55d4ec5295f5 <unknown>\n#13 0x55d4ec540d62 <unknown>\n#14 0x55d4ec50e23f <unknown>\n#15 0x55d4ec563e48 <unknown>\n#16 0x55d4ec564020 <unknown>\n#17 0x55d4ec57347c <unknown>\n#18 0x7f205ac42134 <unknown>","time":{"start":1723424614907,"stop":1723424615364,"duration":457}},{"uid":"b6fd7163d104e16d","reportUrl":"https://Nat754.github.io/StroyremAutomation/396//#testresult/b6fd7163d104e16d","status":"skipped","statusDetails":"XFAIL\n\nselenium.common.exceptions.NoSuchElementException: Message: no such element: Unable to locate element: {\"method\":\"xpath\",\"selector\":\"(//a[@class='add-to-cart yellow-btn'])[1]\"}\n  (Session info: chrome-headless-shell=127.0.6533.99); For documentation on this error, please visit: https://www.selenium.dev/documentation/webdriver/troubleshooting/errors#no-such-element-exception\nStacktrace:\n#0 0x55e86c5a46aa <unknown>\n#1 0x55e86c275600 <unknown>\n#2 0x55e86c2c4bcb <unknown>\n#3 0x55e86c2c4eb1 <unknown>\n#4 0x55e86c308b24 <unknown>\n#5 0x55e86c2e78cd <unknown>\n#6 0x55e86c30604a <unknown>\n#7 0x55e86c2e7643 <unknown>\n#8 0x55e86c2b7d31 <unknown>\n#9 0x55e86c2b879e <unknown>\n#10 0x55e86c56c23b <unknown>\n#11 0x55e86c5701d2 <unknown>\n#12 0x55e86c5595f5 <unknown>\n#13 0x55e86c570d62 <unknown>\n#14 0x55e86c53e23f <unknown>\n#15 0x55e86c593e48 <unknown>\n#16 0x55e86c594020 <unknown>\n#17 0x55e86c5a347c <unknown>\n#18 0x7f3e19f48134 <unknown>","time":{"start":1723338420892,"stop":1723338421507,"duration":615}},{"uid":"ed1a36f71c689c28","reportUrl":"https://Nat754.github.io/StroyremAutomation/395//#testresult/ed1a36f71c689c28","status":"skipped","statusDetails":"XFAIL\n\nselenium.common.exceptions.NoSuchElementException: Message: no such element: Unable to locate element: {\"method\":\"xpath\",\"selector\":\"(//a[@class='add-to-cart yellow-btn'])[1]\"}\n  (Session info: chrome-headless-shell=127.0.6533.99); For documentation on this error, please visit: https://www.selenium.dev/documentation/webdriver/troubleshooting/errors#no-such-element-exception\nStacktrace:\n#0 0x56503e18d6aa <unknown>\n#1 0x56503de5e600 <unknown>\n#2 0x56503deadbcb <unknown>\n#3 0x56503deadeb1 <unknown>\n#4 0x56503def1b24 <unknown>\n#5 0x56503ded08cd <unknown>\n#6 0x56503deef04a <unknown>\n#7 0x56503ded0643 <unknown>\n#8 0x56503dea0d31 <unknown>\n#9 0x56503dea179e <unknown>\n#10 0x56503e15523b <unknown>\n#11 0x56503e1591d2 <unknown>\n#12 0x56503e1425f5 <unknown>\n#13 0x56503e159d62 <unknown>\n#14 0x56503e12723f <unknown>\n#15 0x56503e17ce48 <unknown>\n#16 0x56503e17d020 <unknown>\n#17 0x56503e18c47c <unknown>\n#18 0x7fd431c70134 <unknown>","time":{"start":1723251652872,"stop":1723251653409,"duration":537}},{"uid":"cb5b2b9862ddad5d","reportUrl":"https://Nat754.github.io/StroyremAutomation/394//#testresult/cb5b2b9862ddad5d","status":"skipped","statusDetails":"XFAIL\n\nselenium.common.exceptions.NoSuchElementException: Message: no such element: Unable to locate element: {\"method\":\"xpath\",\"selector\":\"(//a[@class='add-to-cart yellow-btn'])[1]\"}\n  (Session info: chrome-headless-shell=127.0.6533.99); For documentation on this error, please visit: https://www.selenium.dev/documentation/webdriver/troubleshooting/errors#no-such-element-exception\nStacktrace:\n#0 0x55face77f6aa <unknown>\n#1 0x55face450600 <unknown>\n#2 0x55face49fbcb <unknown>\n#3 0x55face49feb1 <unknown>\n#4 0x55face4e3b24 <unknown>\n#5 0x55face4c28cd <unknown>\n#6 0x55face4e104a <unknown>\n#7 0x55face4c2643 <unknown>\n#8 0x55face492d31 <unknown>\n#9 0x55face49379e <unknown>\n#10 0x55face74723b <unknown>\n#11 0x55face74b1d2 <unknown>\n#12 0x55face7345f5 <unknown>\n#13 0x55face74bd62 <unknown>\n#14 0x55face71923f <unknown>\n#15 0x55face76ee48 <unknown>\n#16 0x55face76f020 <unknown>\n#17 0x55face77e47c <unknown>\n#18 0x7f329a95a134 <unknown>","time":{"start":1723165318827,"stop":1723165319232,"duration":405}},{"uid":"d4ee421f6cd892fe","reportUrl":"https://Nat754.github.io/StroyremAutomation/393//#testresult/d4ee421f6cd892fe","status":"skipped","statusDetails":"XFAIL\n\nselenium.common.exceptions.NoSuchElementException: Message: no such element: Unable to locate element: {\"method\":\"xpath\",\"selector\":\"(//a[@class='add-to-cart yellow-btn'])[1]\"}\n  (Session info: chrome-headless-shell=127.0.6533.99); For documentation on this error, please visit: https://www.selenium.dev/documentation/webdriver/troubleshooting/errors#no-such-element-exception\nStacktrace:\n#0 0x55dd4b6b06aa <unknown>\n#1 0x55dd4b381600 <unknown>\n#2 0x55dd4b3d0bcb <unknown>\n#3 0x55dd4b3d0eb1 <unknown>\n#4 0x55dd4b414b24 <unknown>\n#5 0x55dd4b3f38cd <unknown>\n#6 0x55dd4b41204a <unknown>\n#7 0x55dd4b3f3643 <unknown>\n#8 0x55dd4b3c3d31 <unknown>\n#9 0x55dd4b3c479e <unknown>\n#10 0x55dd4b67823b <unknown>\n#11 0x55dd4b67c1d2 <unknown>\n#12 0x55dd4b6655f5 <unknown>\n#13 0x55dd4b67cd62 <unknown>\n#14 0x55dd4b64a23f <unknown>\n#15 0x55dd4b69fe48 <unknown>\n#16 0x55dd4b6a0020 <unknown>\n#17 0x55dd4b6af47c <unknown>\n#18 0x7fd1cab7e134 <unknown>","time":{"start":1723078891863,"stop":1723078892417,"duration":554}},{"uid":"f828388053f4d764","reportUrl":"https://Nat754.github.io/StroyremAutomation/392//#testresult/f828388053f4d764","status":"skipped","statusDetails":"XFAIL\n\nselenium.common.exceptions.NoSuchElementException: Message: no such element: Unable to locate element: {\"method\":\"xpath\",\"selector\":\"(//a[@class='add-to-cart yellow-btn'])[1]\"}\n  (Session info: chrome-headless-shell=127.0.6533.99); For documentation on this error, please visit: https://www.selenium.dev/documentation/webdriver/troubleshooting/errors#no-such-element-exception\nStacktrace:\n#0 0x55b8040ca6aa <unknown>\n#1 0x55b803d9b600 <unknown>\n#2 0x55b803deabcb <unknown>\n#3 0x55b803deaeb1 <unknown>\n#4 0x55b803e2eb24 <unknown>\n#5 0x55b803e0d8cd <unknown>\n#6 0x55b803e2c04a <unknown>\n#7 0x55b803e0d643 <unknown>\n#8 0x55b803dddd31 <unknown>\n#9 0x55b803dde79e <unknown>\n#10 0x55b80409223b <unknown>\n#11 0x55b8040961d2 <unknown>\n#12 0x55b80407f5f5 <unknown>\n#13 0x55b804096d62 <unknown>\n#14 0x55b80406423f <unknown>\n#15 0x55b8040b9e48 <unknown>\n#16 0x55b8040ba020 <unknown>\n#17 0x55b8040c947c <unknown>\n#18 0x7f964614a134 <unknown>","time":{"start":1722992541920,"stop":1722992542383,"duration":463}},{"uid":"7c4a39f6c8d22c1a","reportUrl":"https://Nat754.github.io/StroyremAutomation/391//#testresult/7c4a39f6c8d22c1a","status":"skipped","statusDetails":"XFAIL\n\nselenium.common.exceptions.NoSuchElementException: Message: no such element: Unable to locate element: {\"method\":\"xpath\",\"selector\":\"(//a[@class='add-to-cart yellow-btn'])[1]\"}\n  (Session info: chrome-headless-shell=127.0.6533.88); For documentation on this error, please visit: https://www.selenium.dev/documentation/webdriver/troubleshooting/errors#no-such-element-exception\nStacktrace:\n#0 0x55b0cff4571a <unknown>\n#1 0x55b0cfc16640 <unknown>\n#2 0x55b0cfc65c0b <unknown>\n#3 0x55b0cfc65ef1 <unknown>\n#4 0x55b0cfca9b64 <unknown>\n#5 0x55b0cfc8890d <unknown>\n#6 0x55b0cfca708a <unknown>\n#7 0x55b0cfc88683 <unknown>\n#8 0x55b0cfc58d71 <unknown>\n#9 0x55b0cfc597de <unknown>\n#10 0x55b0cff0d2ab <unknown>\n#11 0x55b0cff11242 <unknown>\n#12 0x55b0cfefa665 <unknown>\n#13 0x55b0cff11dd2 <unknown>\n#14 0x55b0cfedf2af <unknown>\n#15 0x55b0cff34eb8 <unknown>\n#16 0x55b0cff35090 <unknown>\n#17 0x55b0cff444ec <unknown>\n#18 0x7f12efd23134 <unknown>","time":{"start":1722906057947,"stop":1722906058488,"duration":541}},{"uid":"f187298c898379b","reportUrl":"https://Nat754.github.io/StroyremAutomation/390//#testresult/f187298c898379b","status":"skipped","statusDetails":"XFAIL\n\nselenium.common.exceptions.NoSuchElementException: Message: no such element: Unable to locate element: {\"method\":\"xpath\",\"selector\":\"(//a[@class='add-to-cart yellow-btn'])[1]\"}\n  (Session info: chrome-headless-shell=127.0.6533.88); For documentation on this error, please visit: https://www.selenium.dev/documentation/webdriver/troubleshooting/errors#no-such-element-exception\nStacktrace:\n#0 0x55b935e3f71a <unknown>\n#1 0x55b935b10640 <unknown>\n#2 0x55b935b5fc0b <unknown>\n#3 0x55b935b5fef1 <unknown>\n#4 0x55b935ba3b64 <unknown>\n#5 0x55b935b8290d <unknown>\n#6 0x55b935ba108a <unknown>\n#7 0x55b935b82683 <unknown>\n#8 0x55b935b52d71 <unknown>\n#9 0x55b935b537de <unknown>\n#10 0x55b935e072ab <unknown>\n#11 0x55b935e0b242 <unknown>\n#12 0x55b935df4665 <unknown>\n#13 0x55b935e0bdd2 <unknown>\n#14 0x55b935dd92af <unknown>\n#15 0x55b935e2eeb8 <unknown>\n#16 0x55b935e2f090 <unknown>\n#17 0x55b935e3e4ec <unknown>\n#18 0x7f9aebe44134 <unknown>","time":{"start":1722819766356,"stop":1722819766885,"duration":529}},{"uid":"7dc4dd5998507558","reportUrl":"https://Nat754.github.io/StroyremAutomation/389//#testresult/7dc4dd5998507558","status":"skipped","statusDetails":"XFAIL\n\nselenium.common.exceptions.NoSuchElementException: Message: no such element: Unable to locate element: {\"method\":\"xpath\",\"selector\":\"(//a[@class='add-to-cart yellow-btn'])[1]\"}\n  (Session info: chrome-headless-shell=127.0.6533.88); For documentation on this error, please visit: https://www.selenium.dev/documentation/webdriver/troubleshooting/errors#no-such-element-exception\nStacktrace:\n#0 0x562bc956071a <unknown>\n#1 0x562bc9231640 <unknown>\n#2 0x562bc9280c0b <unknown>\n#3 0x562bc9280ef1 <unknown>\n#4 0x562bc92c4b64 <unknown>\n#5 0x562bc92a390d <unknown>\n#6 0x562bc92c208a <unknown>\n#7 0x562bc92a3683 <unknown>\n#8 0x562bc9273d71 <unknown>\n#9 0x562bc92747de <unknown>\n#10 0x562bc95282ab <unknown>\n#11 0x562bc952c242 <unknown>\n#12 0x562bc9515665 <unknown>\n#13 0x562bc952cdd2 <unknown>\n#14 0x562bc94fa2af <unknown>\n#15 0x562bc954feb8 <unknown>\n#16 0x562bc9550090 <unknown>\n#17 0x562bc955f4ec <unknown>\n#18 0x7f292f9d9134 <unknown>","time":{"start":1722733543246,"stop":1722733543679,"duration":433}},{"uid":"324b14c4de30394d","reportUrl":"https://Nat754.github.io/StroyremAutomation/388//#testresult/324b14c4de30394d","status":"skipped","statusDetails":"XFAIL\n\nselenium.common.exceptions.NoSuchElementException: Message: no such element: Unable to locate element: {\"method\":\"xpath\",\"selector\":\"(//a[@class='add-to-cart yellow-btn'])[1]\"}\n  (Session info: chrome-headless-shell=127.0.6533.88); For documentation on this error, please visit: https://www.selenium.dev/documentation/webdriver/troubleshooting/errors#no-such-element-exception\nStacktrace:\n#0 0x55b158d8871a <unknown>\n#1 0x55b158a59640 <unknown>\n#2 0x55b158aa8c0b <unknown>\n#3 0x55b158aa8ef1 <unknown>\n#4 0x55b158aecb64 <unknown>\n#5 0x55b158acb90d <unknown>\n#6 0x55b158aea08a <unknown>\n#7 0x55b158acb683 <unknown>\n#8 0x55b158a9bd71 <unknown>\n#9 0x55b158a9c7de <unknown>\n#10 0x55b158d502ab <unknown>\n#11 0x55b158d54242 <unknown>\n#12 0x55b158d3d665 <unknown>\n#13 0x55b158d54dd2 <unknown>\n#14 0x55b158d222af <unknown>\n#15 0x55b158d77eb8 <unknown>\n#16 0x55b158d78090 <unknown>\n#17 0x55b158d874ec <unknown>\n#18 0x7f9ee573f134 <unknown>","time":{"start":1722646846328,"stop":1722646846758,"duration":430}},{"uid":"316e9bb1eea8d0dd","reportUrl":"https://Nat754.github.io/StroyremAutomation/387//#testresult/316e9bb1eea8d0dd","status":"skipped","statusDetails":"XFAIL\n\nselenium.common.exceptions.NoSuchElementException: Message: no such element: Unable to locate element: {\"method\":\"xpath\",\"selector\":\"(//a[@class='add-to-cart yellow-btn'])[1]\"}\n  (Session info: chrome-headless-shell=127.0.6533.88); For documentation on this error, please visit: https://www.selenium.dev/documentation/webdriver/troubleshooting/errors#no-such-element-exception\nStacktrace:\n#0 0x557600f0d71a <unknown>\n#1 0x557600bde640 <unknown>\n#2 0x557600c2dc0b <unknown>\n#3 0x557600c2def1 <unknown>\n#4 0x557600c71b64 <unknown>\n#5 0x557600c5090d <unknown>\n#6 0x557600c6f08a <unknown>\n#7 0x557600c50683 <unknown>\n#8 0x557600c20d71 <unknown>\n#9 0x557600c217de <unknown>\n#10 0x557600ed52ab <unknown>\n#11 0x557600ed9242 <unknown>\n#12 0x557600ec2665 <unknown>\n#13 0x557600ed9dd2 <unknown>\n#14 0x557600ea72af <unknown>\n#15 0x557600efceb8 <unknown>\n#16 0x557600efd090 <unknown>\n#17 0x557600f0c4ec <unknown>\n#18 0x7f93195c7134 <unknown>","time":{"start":1722560429757,"stop":1722560430310,"duration":553}},{"uid":"323676a249af9e30","reportUrl":"https://Nat754.github.io/StroyremAutomation/386//#testresult/323676a249af9e30","status":"skipped","statusDetails":"XFAIL\n\nselenium.common.exceptions.NoSuchElementException: Message: no such element: Unable to locate element: {\"method\":\"xpath\",\"selector\":\"(//a[@class='add-to-cart yellow-btn'])[1]\"}\n  (Session info: chrome-headless-shell=127.0.6533.88); For documentation on this error, please visit: https://www.selenium.dev/documentation/webdriver/troubleshooting/errors#no-such-element-exception\nStacktrace:\n#0 0x555bc69f271a <unknown>\n#1 0x555bc66c3640 <unknown>\n#2 0x555bc6712c0b <unknown>\n#3 0x555bc6712ef1 <unknown>\n#4 0x555bc6756b64 <unknown>\n#5 0x555bc673590d <unknown>\n#6 0x555bc675408a <unknown>\n#7 0x555bc6735683 <unknown>\n#8 0x555bc6705d71 <unknown>\n#9 0x555bc67067de <unknown>\n#10 0x555bc69ba2ab <unknown>\n#11 0x555bc69be242 <unknown>\n#12 0x555bc69a7665 <unknown>\n#13 0x555bc69bedd2 <unknown>\n#14 0x555bc698c2af <unknown>\n#15 0x555bc69e1eb8 <unknown>\n#16 0x555bc69e2090 <unknown>\n#17 0x555bc69f14ec <unknown>\n#18 0x7facc95da134 <unknown>","time":{"start":1722474335509,"stop":1722474335838,"duration":329}},{"uid":"4025b5ac31beb28e","reportUrl":"https://Nat754.github.io/StroyremAutomation/385//#testresult/4025b5ac31beb28e","status":"skipped","statusDetails":"XFAIL\n\nselenium.common.exceptions.NoSuchElementException: Message: no such element: Unable to locate element: {\"method\":\"xpath\",\"selector\":\"(//a[@class='add-to-cart yellow-btn'])[1]\"}\n  (Session info: chrome-headless-shell=127.0.6533.88); For documentation on this error, please visit: https://www.selenium.dev/documentation/webdriver/troubleshooting/errors#no-such-element-exception\nStacktrace:\n#0 0x55b2f893f71a <unknown>\n#1 0x55b2f8610640 <unknown>\n#2 0x55b2f865fc0b <unknown>\n#3 0x55b2f865fef1 <unknown>\n#4 0x55b2f86a3b64 <unknown>\n#5 0x55b2f868290d <unknown>\n#6 0x55b2f86a108a <unknown>\n#7 0x55b2f8682683 <unknown>\n#8 0x55b2f8652d71 <unknown>\n#9 0x55b2f86537de <unknown>\n#10 0x55b2f89072ab <unknown>\n#11 0x55b2f890b242 <unknown>\n#12 0x55b2f88f4665 <unknown>\n#13 0x55b2f890bdd2 <unknown>\n#14 0x55b2f88d92af <unknown>\n#15 0x55b2f892eeb8 <unknown>\n#16 0x55b2f892f090 <unknown>\n#17 0x55b2f893e4ec <unknown>\n#18 0x7f72d63f4134 <unknown>","time":{"start":1722387029806,"stop":1722387030229,"duration":423}},{"uid":"e210d48507bc7ede","reportUrl":"https://Nat754.github.io/StroyremAutomation/384//#testresult/e210d48507bc7ede","status":"skipped","statusDetails":"XFAIL\n\nselenium.common.exceptions.NoSuchElementException: Message: no such element: Unable to locate element: {\"method\":\"xpath\",\"selector\":\"(//a[@class='add-to-cart yellow-btn'])[1]\"}\n  (Session info: chrome-headless-shell=127.0.6533.72); For documentation on this error, please visit: https://www.selenium.dev/documentation/webdriver/troubleshooting/errors#no-such-element-exception\nStacktrace:\n#0 0x55d0c022f6ba <unknown>\n#1 0x55d0bfeff730 <unknown>\n#2 0x55d0bff4ed9b <unknown>\n#3 0x55d0bff4f081 <unknown>\n#4 0x55d0bff92cd4 <unknown>\n#5 0x55d0bff71a7d <unknown>\n#6 0x55d0bff901ca <unknown>\n#7 0x55d0bff717f3 <unknown>\n#8 0x55d0bff41ec9 <unknown>\n#9 0x55d0bff4291e <unknown>\n#10 0x55d0c01f59eb <unknown>\n#11 0x55d0c01f9972 <unknown>\n#12 0x55d0c01e2e15 <unknown>\n#13 0x55d0c01fa502 <unknown>\n#14 0x55d0c01c7d2f <unknown>\n#15 0x55d0c021e578 <unknown>\n#16 0x55d0c021e750 <unknown>\n#17 0x55d0c022e48c <unknown>\n#18 0x7fb8cad0a134 <unknown>","time":{"start":1722301214713,"stop":1722301215251,"duration":538}},{"uid":"5c11ff15371eadb","reportUrl":"https://Nat754.github.io/StroyremAutomation/383//#testresult/5c11ff15371eadb","status":"skipped","statusDetails":"XFAIL\n\nselenium.common.exceptions.NoSuchElementException: Message: no such element: Unable to locate element: {\"method\":\"xpath\",\"selector\":\"(//a[@class='add-to-cart yellow-btn'])[1]\"}\n  (Session info: chrome-headless-shell=127.0.6533.72); For documentation on this error, please visit: https://www.selenium.dev/documentation/webdriver/troubleshooting/errors#no-such-element-exception\nStacktrace:\n#0 0x556a44d586ba <unknown>\n#1 0x556a44a28730 <unknown>\n#2 0x556a44a77d9b <unknown>\n#3 0x556a44a78081 <unknown>\n#4 0x556a44abbcd4 <unknown>\n#5 0x556a44a9aa7d <unknown>\n#6 0x556a44ab91ca <unknown>\n#7 0x556a44a9a7f3 <unknown>\n#8 0x556a44a6aec9 <unknown>\n#9 0x556a44a6b91e <unknown>\n#10 0x556a44d1e9eb <unknown>\n#11 0x556a44d22972 <unknown>\n#12 0x556a44d0be15 <unknown>\n#13 0x556a44d23502 <unknown>\n#14 0x556a44cf0d2f <unknown>\n#15 0x556a44d47578 <unknown>\n#16 0x556a44d47750 <unknown>\n#17 0x556a44d5748c <unknown>\n#18 0x7fc356945134 <unknown>","time":{"start":1722214908120,"stop":1722214908649,"duration":529}},{"uid":"eee33eaf5d02df09","reportUrl":"https://Nat754.github.io/StroyremAutomation/382//#testresult/eee33eaf5d02df09","status":"skipped","statusDetails":"XFAIL\n\nselenium.common.exceptions.NoSuchElementException: Message: no such element: Unable to locate element: {\"method\":\"xpath\",\"selector\":\"(//a[@class='add-to-cart yellow-btn'])[1]\"}\n  (Session info: chrome-headless-shell=127.0.6533.72); For documentation on this error, please visit: https://www.selenium.dev/documentation/webdriver/troubleshooting/errors#no-such-element-exception\nStacktrace:\n#0 0x560cdb7aa6ba <unknown>\n#1 0x560cdb47a730 <unknown>\n#2 0x560cdb4c9d9b <unknown>\n#3 0x560cdb4ca081 <unknown>\n#4 0x560cdb50dcd4 <unknown>\n#5 0x560cdb4eca7d <unknown>\n#6 0x560cdb50b1ca <unknown>\n#7 0x560cdb4ec7f3 <unknown>\n#8 0x560cdb4bcec9 <unknown>\n#9 0x560cdb4bd91e <unknown>\n#10 0x560cdb7709eb <unknown>\n#11 0x560cdb774972 <unknown>\n#12 0x560cdb75de15 <unknown>\n#13 0x560cdb775502 <unknown>\n#14 0x560cdb742d2f <unknown>\n#15 0x560cdb799578 <unknown>\n#16 0x560cdb799750 <unknown>\n#17 0x560cdb7a948c <unknown>\n#18 0x7f9611be7134 <unknown>","time":{"start":1722128703298,"stop":1722128703627,"duration":329}},{"uid":"a52fc19568f12945","reportUrl":"https://Nat754.github.io/StroyremAutomation/381//#testresult/a52fc19568f12945","status":"skipped","statusDetails":"XFAIL\n\nselenium.common.exceptions.NoSuchElementException: Message: no such element: Unable to locate element: {\"method\":\"xpath\",\"selector\":\"(//a[@class='add-to-cart yellow-btn'])[1]\"}\n  (Session info: chrome-headless-shell=127.0.6533.72); For documentation on this error, please visit: https://www.selenium.dev/documentation/webdriver/troubleshooting/errors#no-such-element-exception\nStacktrace:\n#0 0x560893b956ba <unknown>\n#1 0x560893865730 <unknown>\n#2 0x5608938b4d9b <unknown>\n#3 0x5608938b5081 <unknown>\n#4 0x5608938f8cd4 <unknown>\n#5 0x5608938d7a7d <unknown>\n#6 0x5608938f61ca <unknown>\n#7 0x5608938d77f3 <unknown>\n#8 0x5608938a7ec9 <unknown>\n#9 0x5608938a891e <unknown>\n#10 0x560893b5b9eb <unknown>\n#11 0x560893b5f972 <unknown>\n#12 0x560893b48e15 <unknown>\n#13 0x560893b60502 <unknown>\n#14 0x560893b2dd2f <unknown>\n#15 0x560893b84578 <unknown>\n#16 0x560893b84750 <unknown>\n#17 0x560893b9448c <unknown>\n#18 0x7f5c6bcf7134 <unknown>","time":{"start":1722041970725,"stop":1722041971208,"duration":483}},{"uid":"ee1648609c19f42","reportUrl":"https://Nat754.github.io/StroyremAutomation/380//#testresult/ee1648609c19f42","status":"skipped","statusDetails":"XFAIL\n\nselenium.common.exceptions.NoSuchElementException: Message: no such element: Unable to locate element: {\"method\":\"xpath\",\"selector\":\"(//a[@class='add-to-cart yellow-btn'])[1]\"}\n  (Session info: chrome-headless-shell=127.0.6533.72); For documentation on this error, please visit: https://www.selenium.dev/documentation/webdriver/troubleshooting/errors#no-such-element-exception\nStacktrace:\n#0 0x55d442a456ba <unknown>\n#1 0x55d442715730 <unknown>\n#2 0x55d442764d9b <unknown>\n#3 0x55d442765081 <unknown>\n#4 0x55d4427a8cd4 <unknown>\n#5 0x55d442787a7d <unknown>\n#6 0x55d4427a61ca <unknown>\n#7 0x55d4427877f3 <unknown>\n#8 0x55d442757ec9 <unknown>\n#9 0x55d44275891e <unknown>\n#10 0x55d442a0b9eb <unknown>\n#11 0x55d442a0f972 <unknown>\n#12 0x55d4429f8e15 <unknown>\n#13 0x55d442a10502 <unknown>\n#14 0x55d4429ddd2f <unknown>\n#15 0x55d442a34578 <unknown>\n#16 0x55d442a34750 <unknown>\n#17 0x55d442a4448c <unknown>\n#18 0x7f4dc9133134 <unknown>","time":{"start":1721955578941,"stop":1721955579492,"duration":551}}]},"tags":["@pytest.mark.xfail","smoke_test"]},"source":"6e00476c4f882d6d.json","parameterValues":["8980","299","'TD 011'","7960","'products/shtukaturka-gipsovaya-aksolit-m50-30-kg-mashinnogo-naneseniya'","3600","'https://sandboxtest.stroyrem-nn.ru/'","9000"]}