{"uid":"f0886769384f093c","name":"TD 015 Доставка товара весом до 30кг. в синей зоне","fullName":"tests.delivery.test_delivery_calculation.TestDeliveryPageCalculation#test_positive_delivery_blue_zone_smoke","historyId":"ae12a59ab9fb9a38e23182dccc7cf409","time":{"start":1723683561049,"stop":1723683561388,"duration":339},"status":"skipped","statusMessage":"XFAIL\n\nselenium.common.exceptions.NoSuchElementException: Message: no such element: Unable to locate element: {\"method\":\"xpath\",\"selector\":\"(//a[@class='add-to-cart yellow-btn'])[1]\"}\n  (Session info: chrome-headless-shell=127.0.6533.119); For documentation on this error, please visit: https://www.selenium.dev/documentation/webdriver/troubleshooting/errors#no-such-element-exception\nStacktrace:\n#0 0x55e7d4f6e6ca <unknown>\n#1 0x55e7d4c3f600 <unknown>\n#2 0x55e7d4c8ebcb <unknown>\n#3 0x55e7d4c8eeb1 <unknown>\n#4 0x55e7d4cd2b24 <unknown>\n#5 0x55e7d4cb18cd <unknown>\n#6 0x55e7d4cd004a <unknown>\n#7 0x55e7d4cb1643 <unknown>\n#8 0x55e7d4c81d31 <unknown>\n#9 0x55e7d4c8279e <unknown>\n#10 0x55e7d4f3625b <unknown>\n#11 0x55e7d4f3a1f2 <unknown>\n#12 0x55e7d4f23615 <unknown>\n#13 0x55e7d4f3ad82 <unknown>\n#14 0x55e7d4f0825f <unknown>\n#15 0x55e7d4f5de68 <unknown>\n#16 0x55e7d4f5e040 <unknown>\n#17 0x55e7d4f6d49c <unknown>\n#18 0x7f7ed31e3134 <unknown>","statusTrace":"self = <tests.delivery.test_delivery_calculation.TestDeliveryPageCalculation object at 0x7f3c83e0be10>\ndriver = <selenium.webdriver.chrome.webdriver.WebDriver (session=\"d79e4083d8cec6ec15cd6dddc1356195\")>\nurl = 'https://sandboxtest.stroyrem-nn.ru/', case_id = 'TD 015'\nlink_item = 'products/shtukaturka-tsementnaya-bergauf-bau-putts-tsement-25kg-56sht'\namount = 1, weight = 30, standard = 650, in_time = 2390, all_time = 3320\n\n    @pytest.mark.parametrize('case_id, link_item, amount, weight, standard, in_time, all_time', [\n        (\"TD 015\", bundeks_25, 1, 30, 650, 2390, 3320),\n        pytest.param(\n            \"TD 016\", aksolit_30, 8, 300, 650, 2390, 3320,\n            marks=pytest.mark.xfail(reson=\"Цена доставки: - - -\")\n        ),\n        (\"TD 017\", aksolit_30, 13, 400, 650, 2390, 3320),\n        (\"TD 018\", aksolit_30, 16, 500, 850, 2490, 3320),\n        (\"TD 019\", aksolit_30, 25, 1700, 1150, 2490, 3320),\n        (\"TD 020\", aksolit_30, 66, 2000, 1500, 2990, 3650),\n        (\"TD 021\", aksolit_30, 149, 4500, 2600, 4380, 4890),\n        (\"TD 022\", aksolit_30, 166, 5000, 2800, 5490, 5980),\n        pytest.param(\n            \"TD 023\", aksolit_30, 206, 6200, 3300, 7500, 8000,\n            marks=pytest.mark.xfail(reson=\"Цена доставки: 4300 9900 11440\")\n        ),\n        (\"TD 024\", aksolit_30, 299, 9000, 4300, 9900, 11440),\n        (\"TD 025\", aksolit_30, 333, 10000, 7000, 13900, 15900),\n        pytest.param(\n            \"TD 026\", aksolit_30, 366, 11000, 8000, 14900, 19900,\n            marks=pytest.mark.xfail(reson=\"Цена доставки: 7000 13900 15900\")\n        ),\n        pytest.param(\n            \"TD 027\", aksolit_30, 666, 20000, 14000, 16900, 23900,\n            marks=pytest.mark.xfail(reson=\"Цена доставки: 7000 13900 15900\")\n        )\n    ])\n    @pytest.mark.xfail\n    @pytest.mark.smoke_test\n    def test_positive_delivery_blue_zone_smoke(\n            self, driver, url, case_id, link_item, amount, weight, standard, in_time, all_time\n    ):\n        allure.dynamic.title(f\"{case_id} Доставка товара весом до {weight}кг. в синей зоне\")\n    \n        driver.get(f'{url}{link_item}')\n        item_page = ItemPage(driver)\n>       item_page.add_item_to_cart(amount).click_on_cart()\n\ntests/delivery/test_delivery_calculation.py:132: \n_ _ _ _ _ _ _ _ _ _ _ _ _ _ _ _ _ _ _ _ _ _ _ _ _ _ _ _ _ _ _ _ _ _ _ _ _ _ _ _ \npages/item_page.py:40: in add_item_to_cart\n    self.find_element(self._add_item).click()\nbase/seleniumbase.py:17: in find_element\n    return self.driver.find_element(*locator)\n/usr/local/lib/python3.11/site-packages/selenium/webdriver/remote/webdriver.py:739: in find_element\n    return self.execute(Command.FIND_ELEMENT, {\"using\": by, \"value\": value})[\"value\"]\n/usr/local/lib/python3.11/site-packages/selenium/webdriver/remote/webdriver.py:345: in execute\n    self.error_handler.check_response(response)\n_ _ _ _ _ _ _ _ _ _ _ _ _ _ _ _ _ _ _ _ _ _ _ _ _ _ _ _ _ _ _ _ _ _ _ _ _ _ _ _ \n\nself = <selenium.webdriver.remote.errorhandler.ErrorHandler object at 0x7f3c848c11d0>\nresponse = {'status': 404, 'value': '{\"value\":{\"error\":\"no such element\",\"message\":\"no such element: Unable to locate element: {\\...\\\\n#16 0x55e7d4f5e040 \\\\u003Cunknown>\\\\n#17 0x55e7d4f6d49c \\\\u003Cunknown>\\\\n#18 0x7f7ed31e3134 \\\\u003Cunknown>\\\\n\"}}'}\n\n    def check_response(self, response: Dict[str, Any]) -> None:\n        \"\"\"Checks that a JSON response from the WebDriver does not have an\n        error.\n    \n        :Args:\n         - response - The JSON response from the WebDriver server as a dictionary\n           object.\n    \n        :Raises: If the response contains an error message.\n        \"\"\"\n        status = response.get(\"status\", None)\n        if not status or status == ErrorCode.SUCCESS:\n            return\n        value = None\n        message = response.get(\"message\", \"\")\n        screen: str = response.get(\"screen\", \"\")\n        stacktrace = None\n        if isinstance(status, int):\n            value_json = response.get(\"value\", None)\n            if value_json and isinstance(value_json, str):\n                import json\n    \n                try:\n                    value = json.loads(value_json)\n                    if len(value) == 1:\n                        value = value[\"value\"]\n                    status = value.get(\"error\", None)\n                    if not status:\n                        status = value.get(\"status\", ErrorCode.UNKNOWN_ERROR)\n                        message = value.get(\"value\") or value.get(\"message\")\n                        if not isinstance(message, str):\n                            value = message\n                            message = message.get(\"message\")\n                    else:\n                        message = value.get(\"message\", None)\n                except ValueError:\n                    pass\n    \n        exception_class: Type[WebDriverException]\n        e = ErrorCode()\n        error_codes = [item for item in dir(e) if not item.startswith(\"__\")]\n        for error_code in error_codes:\n            error_info = getattr(ErrorCode, error_code)\n            if isinstance(error_info, list) and status in error_info:\n                exception_class = getattr(ExceptionMapping, error_code, WebDriverException)\n                break\n        else:\n            exception_class = WebDriverException\n    \n        if not value:\n            value = response[\"value\"]\n        if isinstance(value, str):\n            raise exception_class(value)\n        if message == \"\" and \"message\" in value:\n            message = value[\"message\"]\n    \n        screen = None  # type: ignore[assignment]\n        if \"screen\" in value:\n            screen = value[\"screen\"]\n    \n        stacktrace = None\n        st_value = value.get(\"stackTrace\") or value.get(\"stacktrace\")\n        if st_value:\n            if isinstance(st_value, str):\n                stacktrace = st_value.split(\"\\n\")\n            else:\n                stacktrace = []\n                try:\n                    for frame in st_value:\n                        line = frame.get(\"lineNumber\", \"\")\n                        file = frame.get(\"fileName\", \"<anonymous>\")\n                        if line:\n                            file = f\"{file}:{line}\"\n                        meth = frame.get(\"methodName\", \"<anonymous>\")\n                        if \"className\" in frame:\n                            meth = f\"{frame['className']}.{meth}\"\n                        msg = \"    at %s (%s)\"\n                        msg = msg % (meth, file)\n                        stacktrace.append(msg)\n                except TypeError:\n                    pass\n        if exception_class == UnexpectedAlertPresentException:\n            alert_text = None\n            if \"data\" in value:\n                alert_text = value[\"data\"].get(\"text\")\n            elif \"alert\" in value:\n                alert_text = value[\"alert\"].get(\"text\")\n            raise exception_class(message, screen, stacktrace, alert_text)  # type: ignore[call-arg]  # mypy is not smart enough here\n>       raise exception_class(message, screen, stacktrace)\nE       selenium.common.exceptions.NoSuchElementException: Message: no such element: Unable to locate element: {\"method\":\"xpath\",\"selector\":\"(//a[@class='add-to-cart yellow-btn'])[1]\"}\nE         (Session info: chrome-headless-shell=127.0.6533.119); For documentation on this error, please visit: https://www.selenium.dev/documentation/webdriver/troubleshooting/errors#no-such-element-exception\nE       Stacktrace:\nE       #0 0x55e7d4f6e6ca <unknown>\nE       #1 0x55e7d4c3f600 <unknown>\nE       #2 0x55e7d4c8ebcb <unknown>\nE       #3 0x55e7d4c8eeb1 <unknown>\nE       #4 0x55e7d4cd2b24 <unknown>\nE       #5 0x55e7d4cb18cd <unknown>\nE       #6 0x55e7d4cd004a <unknown>\nE       #7 0x55e7d4cb1643 <unknown>\nE       #8 0x55e7d4c81d31 <unknown>\nE       #9 0x55e7d4c8279e <unknown>\nE       #10 0x55e7d4f3625b <unknown>\nE       #11 0x55e7d4f3a1f2 <unknown>\nE       #12 0x55e7d4f23615 <unknown>\nE       #13 0x55e7d4f3ad82 <unknown>\nE       #14 0x55e7d4f0825f <unknown>\nE       #15 0x55e7d4f5de68 <unknown>\nE       #16 0x55e7d4f5e040 <unknown>\nE       #17 0x55e7d4f6d49c <unknown>\nE       #18 0x7f7ed31e3134 <unknown>\n\n/usr/local/lib/python3.11/site-packages/selenium/webdriver/remote/errorhandler.py:229: NoSuchElementException","flaky":false,"newFailed":false,"newBroken":false,"newPassed":false,"retriesCount":0,"retriesStatusChange":false,"beforeStages":[{"name":"_session_faker","time":{"start":1723683318952,"stop":1723683319023,"duration":71},"status":"passed","steps":[],"attachments":[],"parameters":[],"shouldDisplayMessage":false,"stepsCount":0,"attachmentsCount":0,"hasContent":false,"attachmentStep":false},{"name":"clear_allure_results_folder","time":{"start":1723683319023,"stop":1723683319023,"duration":0},"status":"passed","steps":[],"attachments":[],"parameters":[],"shouldDisplayMessage":false,"stepsCount":0,"attachmentsCount":0,"hasContent":false,"attachmentStep":false},{"name":"driver","time":{"start":1723683560356,"stop":1723683561048,"duration":692},"status":"passed","steps":[],"attachments":[],"parameters":[],"shouldDisplayMessage":false,"stepsCount":0,"attachmentsCount":0,"hasContent":false,"attachmentStep":false},{"name":"setup","time":{"start":1723683561048,"stop":1723683561048,"duration":0},"status":"passed","steps":[],"attachments":[],"parameters":[],"shouldDisplayMessage":false,"stepsCount":0,"attachmentsCount":0,"hasContent":false,"attachmentStep":false}],"testStage":{"status":"skipped","statusMessage":"XFAIL\n\nselenium.common.exceptions.NoSuchElementException: Message: no such element: Unable to locate element: {\"method\":\"xpath\",\"selector\":\"(//a[@class='add-to-cart yellow-btn'])[1]\"}\n  (Session info: chrome-headless-shell=127.0.6533.119); For documentation on this error, please visit: https://www.selenium.dev/documentation/webdriver/troubleshooting/errors#no-such-element-exception\nStacktrace:\n#0 0x55e7d4f6e6ca <unknown>\n#1 0x55e7d4c3f600 <unknown>\n#2 0x55e7d4c8ebcb <unknown>\n#3 0x55e7d4c8eeb1 <unknown>\n#4 0x55e7d4cd2b24 <unknown>\n#5 0x55e7d4cb18cd <unknown>\n#6 0x55e7d4cd004a <unknown>\n#7 0x55e7d4cb1643 <unknown>\n#8 0x55e7d4c81d31 <unknown>\n#9 0x55e7d4c8279e <unknown>\n#10 0x55e7d4f3625b <unknown>\n#11 0x55e7d4f3a1f2 <unknown>\n#12 0x55e7d4f23615 <unknown>\n#13 0x55e7d4f3ad82 <unknown>\n#14 0x55e7d4f0825f <unknown>\n#15 0x55e7d4f5de68 <unknown>\n#16 0x55e7d4f5e040 <unknown>\n#17 0x55e7d4f6d49c <unknown>\n#18 0x7f7ed31e3134 <unknown>","statusTrace":"self = <tests.delivery.test_delivery_calculation.TestDeliveryPageCalculation object at 0x7f3c83e0be10>\ndriver = <selenium.webdriver.chrome.webdriver.WebDriver (session=\"d79e4083d8cec6ec15cd6dddc1356195\")>\nurl = 'https://sandboxtest.stroyrem-nn.ru/', case_id = 'TD 015'\nlink_item = 'products/shtukaturka-tsementnaya-bergauf-bau-putts-tsement-25kg-56sht'\namount = 1, weight = 30, standard = 650, in_time = 2390, all_time = 3320\n\n    @pytest.mark.parametrize('case_id, link_item, amount, weight, standard, in_time, all_time', [\n        (\"TD 015\", bundeks_25, 1, 30, 650, 2390, 3320),\n        pytest.param(\n            \"TD 016\", aksolit_30, 8, 300, 650, 2390, 3320,\n            marks=pytest.mark.xfail(reson=\"Цена доставки: - - -\")\n        ),\n        (\"TD 017\", aksolit_30, 13, 400, 650, 2390, 3320),\n        (\"TD 018\", aksolit_30, 16, 500, 850, 2490, 3320),\n        (\"TD 019\", aksolit_30, 25, 1700, 1150, 2490, 3320),\n        (\"TD 020\", aksolit_30, 66, 2000, 1500, 2990, 3650),\n        (\"TD 021\", aksolit_30, 149, 4500, 2600, 4380, 4890),\n        (\"TD 022\", aksolit_30, 166, 5000, 2800, 5490, 5980),\n        pytest.param(\n            \"TD 023\", aksolit_30, 206, 6200, 3300, 7500, 8000,\n            marks=pytest.mark.xfail(reson=\"Цена доставки: 4300 9900 11440\")\n        ),\n        (\"TD 024\", aksolit_30, 299, 9000, 4300, 9900, 11440),\n        (\"TD 025\", aksolit_30, 333, 10000, 7000, 13900, 15900),\n        pytest.param(\n            \"TD 026\", aksolit_30, 366, 11000, 8000, 14900, 19900,\n            marks=pytest.mark.xfail(reson=\"Цена доставки: 7000 13900 15900\")\n        ),\n        pytest.param(\n            \"TD 027\", aksolit_30, 666, 20000, 14000, 16900, 23900,\n            marks=pytest.mark.xfail(reson=\"Цена доставки: 7000 13900 15900\")\n        )\n    ])\n    @pytest.mark.xfail\n    @pytest.mark.smoke_test\n    def test_positive_delivery_blue_zone_smoke(\n            self, driver, url, case_id, link_item, amount, weight, standard, in_time, all_time\n    ):\n        allure.dynamic.title(f\"{case_id} Доставка товара весом до {weight}кг. в синей зоне\")\n    \n        driver.get(f'{url}{link_item}')\n        item_page = ItemPage(driver)\n>       item_page.add_item_to_cart(amount).click_on_cart()\n\ntests/delivery/test_delivery_calculation.py:132: \n_ _ _ _ _ _ _ _ _ _ _ _ _ _ _ _ _ _ _ _ _ _ _ _ _ _ _ _ _ _ _ _ _ _ _ _ _ _ _ _ \npages/item_page.py:40: in add_item_to_cart\n    self.find_element(self._add_item).click()\nbase/seleniumbase.py:17: in find_element\n    return self.driver.find_element(*locator)\n/usr/local/lib/python3.11/site-packages/selenium/webdriver/remote/webdriver.py:739: in find_element\n    return self.execute(Command.FIND_ELEMENT, {\"using\": by, \"value\": value})[\"value\"]\n/usr/local/lib/python3.11/site-packages/selenium/webdriver/remote/webdriver.py:345: in execute\n    self.error_handler.check_response(response)\n_ _ _ _ _ _ _ _ _ _ _ _ _ _ _ _ _ _ _ _ _ _ _ _ _ _ _ _ _ _ _ _ _ _ _ _ _ _ _ _ \n\nself = <selenium.webdriver.remote.errorhandler.ErrorHandler object at 0x7f3c848c11d0>\nresponse = {'status': 404, 'value': '{\"value\":{\"error\":\"no such element\",\"message\":\"no such element: Unable to locate element: {\\...\\\\n#16 0x55e7d4f5e040 \\\\u003Cunknown>\\\\n#17 0x55e7d4f6d49c \\\\u003Cunknown>\\\\n#18 0x7f7ed31e3134 \\\\u003Cunknown>\\\\n\"}}'}\n\n    def check_response(self, response: Dict[str, Any]) -> None:\n        \"\"\"Checks that a JSON response from the WebDriver does not have an\n        error.\n    \n        :Args:\n         - response - The JSON response from the WebDriver server as a dictionary\n           object.\n    \n        :Raises: If the response contains an error message.\n        \"\"\"\n        status = response.get(\"status\", None)\n        if not status or status == ErrorCode.SUCCESS:\n            return\n        value = None\n        message = response.get(\"message\", \"\")\n        screen: str = response.get(\"screen\", \"\")\n        stacktrace = None\n        if isinstance(status, int):\n            value_json = response.get(\"value\", None)\n            if value_json and isinstance(value_json, str):\n                import json\n    \n                try:\n                    value = json.loads(value_json)\n                    if len(value) == 1:\n                        value = value[\"value\"]\n                    status = value.get(\"error\", None)\n                    if not status:\n                        status = value.get(\"status\", ErrorCode.UNKNOWN_ERROR)\n                        message = value.get(\"value\") or value.get(\"message\")\n                        if not isinstance(message, str):\n                            value = message\n                            message = message.get(\"message\")\n                    else:\n                        message = value.get(\"message\", None)\n                except ValueError:\n                    pass\n    \n        exception_class: Type[WebDriverException]\n        e = ErrorCode()\n        error_codes = [item for item in dir(e) if not item.startswith(\"__\")]\n        for error_code in error_codes:\n            error_info = getattr(ErrorCode, error_code)\n            if isinstance(error_info, list) and status in error_info:\n                exception_class = getattr(ExceptionMapping, error_code, WebDriverException)\n                break\n        else:\n            exception_class = WebDriverException\n    \n        if not value:\n            value = response[\"value\"]\n        if isinstance(value, str):\n            raise exception_class(value)\n        if message == \"\" and \"message\" in value:\n            message = value[\"message\"]\n    \n        screen = None  # type: ignore[assignment]\n        if \"screen\" in value:\n            screen = value[\"screen\"]\n    \n        stacktrace = None\n        st_value = value.get(\"stackTrace\") or value.get(\"stacktrace\")\n        if st_value:\n            if isinstance(st_value, str):\n                stacktrace = st_value.split(\"\\n\")\n            else:\n                stacktrace = []\n                try:\n                    for frame in st_value:\n                        line = frame.get(\"lineNumber\", \"\")\n                        file = frame.get(\"fileName\", \"<anonymous>\")\n                        if line:\n                            file = f\"{file}:{line}\"\n                        meth = frame.get(\"methodName\", \"<anonymous>\")\n                        if \"className\" in frame:\n                            meth = f\"{frame['className']}.{meth}\"\n                        msg = \"    at %s (%s)\"\n                        msg = msg % (meth, file)\n                        stacktrace.append(msg)\n                except TypeError:\n                    pass\n        if exception_class == UnexpectedAlertPresentException:\n            alert_text = None\n            if \"data\" in value:\n                alert_text = value[\"data\"].get(\"text\")\n            elif \"alert\" in value:\n                alert_text = value[\"alert\"].get(\"text\")\n            raise exception_class(message, screen, stacktrace, alert_text)  # type: ignore[call-arg]  # mypy is not smart enough here\n>       raise exception_class(message, screen, stacktrace)\nE       selenium.common.exceptions.NoSuchElementException: Message: no such element: Unable to locate element: {\"method\":\"xpath\",\"selector\":\"(//a[@class='add-to-cart yellow-btn'])[1]\"}\nE         (Session info: chrome-headless-shell=127.0.6533.119); For documentation on this error, please visit: https://www.selenium.dev/documentation/webdriver/troubleshooting/errors#no-such-element-exception\nE       Stacktrace:\nE       #0 0x55e7d4f6e6ca <unknown>\nE       #1 0x55e7d4c3f600 <unknown>\nE       #2 0x55e7d4c8ebcb <unknown>\nE       #3 0x55e7d4c8eeb1 <unknown>\nE       #4 0x55e7d4cd2b24 <unknown>\nE       #5 0x55e7d4cb18cd <unknown>\nE       #6 0x55e7d4cd004a <unknown>\nE       #7 0x55e7d4cb1643 <unknown>\nE       #8 0x55e7d4c81d31 <unknown>\nE       #9 0x55e7d4c8279e <unknown>\nE       #10 0x55e7d4f3625b <unknown>\nE       #11 0x55e7d4f3a1f2 <unknown>\nE       #12 0x55e7d4f23615 <unknown>\nE       #13 0x55e7d4f3ad82 <unknown>\nE       #14 0x55e7d4f0825f <unknown>\nE       #15 0x55e7d4f5de68 <unknown>\nE       #16 0x55e7d4f5e040 <unknown>\nE       #17 0x55e7d4f6d49c <unknown>\nE       #18 0x7f7ed31e3134 <unknown>\n\n/usr/local/lib/python3.11/site-packages/selenium/webdriver/remote/errorhandler.py:229: NoSuchElementException","steps":[{"name":"Добавляем товар в корзину в количестве 1","time":{"start":1723683561370,"stop":1723683561387,"duration":17},"status":"broken","statusMessage":"selenium.common.exceptions.NoSuchElementException: Message: no such element: Unable to locate element: {\"method\":\"xpath\",\"selector\":\"(//a[@class='add-to-cart yellow-btn'])[1]\"}\n  (Session info: chrome-headless-shell=127.0.6533.119); For documentation on this error, please visit: https://www.selenium.dev/documentation/webdriver/troubleshooting/errors#no-such-element-exception\nStacktrace:\n#0 0x55e7d4f6e6ca <unknown>\n#1 0x55e7d4c3f600 <unknown>\n#2 0x55e7d4c8ebcb <unknown>\n#3 0x55e7d4c8eeb1 <unknown>\n#4 0x55e7d4cd2b24 <unknown>\n#5 0x55e7d4cb18cd <unknown>\n#6 0x55e7d4cd004a <unknown>\n#7 0x55e7d4cb1643 <unknown>\n#8 0x55e7d4c81d31 <unknown>\n#9 0x55e7d4c8279e <unknown>\n#10 0x55e7d4f3625b <unknown>\n#11 0x55e7d4f3a1f2 <unknown>\n#12 0x55e7d4f23615 <unknown>\n#13 0x55e7d4f3ad82 <unknown>\n#14 0x55e7d4f0825f <unknown>\n#15 0x55e7d4f5de68 <unknown>\n#16 0x55e7d4f5e040 <unknown>\n#17 0x55e7d4f6d49c <unknown>\n#18 0x7f7ed31e3134 <unknown>\n\n","statusTrace":"  File \"/usr/local/lib/python3.11/site-packages/allure_commons/_allure.py\", line 192, in impl\n    return func(*a, **kw)\n           ^^^^^^^^^^^^^^\n  File \"/app/pages/item_page.py\", line 40, in add_item_to_cart\n    self.find_element(self._add_item).click()\n    ^^^^^^^^^^^^^^^^^^^^^^^^^^^^^^^^^\n  File \"/app/base/seleniumbase.py\", line 17, in find_element\n    return self.driver.find_element(*locator)\n           ^^^^^^^^^^^^^^^^^^^^^^^^^^^^^^^^^^\n  File \"/usr/local/lib/python3.11/site-packages/selenium/webdriver/remote/webdriver.py\", line 739, in find_element\n    return self.execute(Command.FIND_ELEMENT, {\"using\": by, \"value\": value})[\"value\"]\n           ^^^^^^^^^^^^^^^^^^^^^^^^^^^^^^^^^^^^^^^^^^^^^^^^^^^^^^^^^^^^^^^^^\n  File \"/usr/local/lib/python3.11/site-packages/selenium/webdriver/remote/webdriver.py\", line 345, in execute\n    self.error_handler.check_response(response)\n  File \"/usr/local/lib/python3.11/site-packages/selenium/webdriver/remote/errorhandler.py\", line 229, in check_response\n    raise exception_class(message, screen, stacktrace)\n","steps":[],"attachments":[],"parameters":[{"name":"amount","value":"1"}],"shouldDisplayMessage":true,"stepsCount":0,"attachmentsCount":0,"hasContent":true,"attachmentStep":false}],"attachments":[{"uid":"217225fec28d62f4","name":"Screenshot","source":"217225fec28d62f4.png","type":"image/png","size":4720},{"uid":"d3f5e81732cfc31f","name":"HTML source","source":"d3f5e81732cfc31f.html","type":"text/html","size":39}],"parameters":[],"shouldDisplayMessage":true,"stepsCount":1,"attachmentsCount":2,"hasContent":true,"attachmentStep":false},"afterStages":[{"name":"driver::0","time":{"start":1723683561475,"stop":1723683561536,"duration":61},"status":"passed","steps":[],"attachments":[],"parameters":[],"shouldDisplayMessage":false,"stepsCount":0,"attachmentsCount":0,"hasContent":false,"attachmentStep":false},{"name":"setup::0","time":{"start":1723683561475,"stop":1723683561475,"duration":0},"status":"passed","steps":[],"attachments":[],"parameters":[],"shouldDisplayMessage":false,"stepsCount":0,"attachmentsCount":0,"hasContent":false,"attachmentStep":false}],"labels":[{"name":"epic","value":"Delivery Page - calculation"},{"name":"tag","value":"smoke_test"},{"name":"tag","value":"@pytest.mark.xfail"},{"name":"parentSuite","value":"tests.delivery"},{"name":"suite","value":"test_delivery_calculation"},{"name":"subSuite","value":"TestDeliveryPageCalculation"},{"name":"host","value":"a8086e5f0c79"},{"name":"thread","value":"1-MainThread"},{"name":"framework","value":"pytest"},{"name":"language","value":"cpython3"},{"name":"package","value":"tests.delivery.test_delivery_calculation"},{"name":"resultFormat","value":"allure2"}],"parameters":[{"name":"all_time","value":"3320"},{"name":"amount","value":"1"},{"name":"case_id","value":"'TD 015'"},{"name":"in_time","value":"2390"},{"name":"link_item","value":"'products/shtukaturka-tsementnaya-bergauf-bau-putts-tsement-25kg-56sht'"},{"name":"standard","value":"650"},{"name":"url","value":"'https://sandboxtest.stroyrem-nn.ru/'"},{"name":"weight","value":"30"}],"links":[],"hidden":false,"retry":false,"extra":{"severity":"normal","retries":[],"categories":[],"history":{"statistic":{"failed":0,"broken":0,"skipped":78,"passed":0,"unknown":0,"total":78},"items":[{"uid":"e33508eb9c253f1d","reportUrl":"https://Nat754.github.io/StroyremAutomation/399//#testresult/e33508eb9c253f1d","status":"skipped","statusDetails":"XFAIL\n\nselenium.common.exceptions.NoSuchElementException: Message: no such element: Unable to locate element: {\"method\":\"xpath\",\"selector\":\"(//a[@class='add-to-cart yellow-btn'])[1]\"}\n  (Session info: chrome-headless-shell=127.0.6533.119); For documentation on this error, please visit: https://www.selenium.dev/documentation/webdriver/troubleshooting/errors#no-such-element-exception\nStacktrace:\n#0 0x55f6359666ca <unknown>\n#1 0x55f635637600 <unknown>\n#2 0x55f635686bcb <unknown>\n#3 0x55f635686eb1 <unknown>\n#4 0x55f6356cab24 <unknown>\n#5 0x55f6356a98cd <unknown>\n#6 0x55f6356c804a <unknown>\n#7 0x55f6356a9643 <unknown>\n#8 0x55f635679d31 <unknown>\n#9 0x55f63567a79e <unknown>\n#10 0x55f63592e25b <unknown>\n#11 0x55f6359321f2 <unknown>\n#12 0x55f63591b615 <unknown>\n#13 0x55f635932d82 <unknown>\n#14 0x55f63590025f <unknown>\n#15 0x55f635955e68 <unknown>\n#16 0x55f635956040 <unknown>\n#17 0x55f63596549c <unknown>\n#18 0x7fb8cd91c134 <unknown>","time":{"start":1723597292017,"stop":1723597292330,"duration":313}},{"uid":"515ce0006d49035c","reportUrl":"https://Nat754.github.io/StroyremAutomation/398//#testresult/515ce0006d49035c","status":"skipped","statusDetails":"XFAIL\n\nselenium.common.exceptions.NoSuchElementException: Message: no such element: Unable to locate element: {\"method\":\"xpath\",\"selector\":\"(//a[@class='add-to-cart yellow-btn'])[1]\"}\n  (Session info: chrome-headless-shell=127.0.6533.99); For documentation on this error, please visit: https://www.selenium.dev/documentation/webdriver/troubleshooting/errors#no-such-element-exception\nStacktrace:\n#0 0x5566d5e496aa <unknown>\n#1 0x5566d5b1a600 <unknown>\n#2 0x5566d5b69bcb <unknown>\n#3 0x5566d5b69eb1 <unknown>\n#4 0x5566d5badb24 <unknown>\n#5 0x5566d5b8c8cd <unknown>\n#6 0x5566d5bab04a <unknown>\n#7 0x5566d5b8c643 <unknown>\n#8 0x5566d5b5cd31 <unknown>\n#9 0x5566d5b5d79e <unknown>\n#10 0x5566d5e1123b <unknown>\n#11 0x5566d5e151d2 <unknown>\n#12 0x5566d5dfe5f5 <unknown>\n#13 0x5566d5e15d62 <unknown>\n#14 0x5566d5de323f <unknown>\n#15 0x5566d5e38e48 <unknown>\n#16 0x5566d5e39020 <unknown>\n#17 0x5566d5e4847c <unknown>\n#18 0x7f7a69f4a134 <unknown>","time":{"start":1723510992024,"stop":1723510992443,"duration":419}},{"uid":"af507eb3e932d83d","reportUrl":"https://Nat754.github.io/StroyremAutomation/397//#testresult/af507eb3e932d83d","status":"skipped","statusDetails":"XFAIL\n\nselenium.common.exceptions.NoSuchElementException: Message: no such element: Unable to locate element: {\"method\":\"xpath\",\"selector\":\"(//a[@class='add-to-cart yellow-btn'])[1]\"}\n  (Session info: chrome-headless-shell=127.0.6533.99); For documentation on this error, please visit: https://www.selenium.dev/documentation/webdriver/troubleshooting/errors#no-such-element-exception\nStacktrace:\n#0 0x564f3d45d6aa <unknown>\n#1 0x564f3d12e600 <unknown>\n#2 0x564f3d17dbcb <unknown>\n#3 0x564f3d17deb1 <unknown>\n#4 0x564f3d1c1b24 <unknown>\n#5 0x564f3d1a08cd <unknown>\n#6 0x564f3d1bf04a <unknown>\n#7 0x564f3d1a0643 <unknown>\n#8 0x564f3d170d31 <unknown>\n#9 0x564f3d17179e <unknown>\n#10 0x564f3d42523b <unknown>\n#11 0x564f3d4291d2 <unknown>\n#12 0x564f3d4125f5 <unknown>\n#13 0x564f3d429d62 <unknown>\n#14 0x564f3d3f723f <unknown>\n#15 0x564f3d44ce48 <unknown>\n#16 0x564f3d44d020 <unknown>\n#17 0x564f3d45c47c <unknown>\n#18 0x7fe527f5f134 <unknown>","time":{"start":1723424619848,"stop":1723424620172,"duration":324}},{"uid":"15e12ed022c83ba0","reportUrl":"https://Nat754.github.io/StroyremAutomation/396//#testresult/15e12ed022c83ba0","status":"skipped","statusDetails":"XFAIL\n\nselenium.common.exceptions.NoSuchElementException: Message: no such element: Unable to locate element: {\"method\":\"xpath\",\"selector\":\"(//a[@class='add-to-cart yellow-btn'])[1]\"}\n  (Session info: chrome-headless-shell=127.0.6533.99); For documentation on this error, please visit: https://www.selenium.dev/documentation/webdriver/troubleshooting/errors#no-such-element-exception\nStacktrace:\n#0 0x5652870ae6aa <unknown>\n#1 0x565286d7f600 <unknown>\n#2 0x565286dcebcb <unknown>\n#3 0x565286dceeb1 <unknown>\n#4 0x565286e12b24 <unknown>\n#5 0x565286df18cd <unknown>\n#6 0x565286e1004a <unknown>\n#7 0x565286df1643 <unknown>\n#8 0x565286dc1d31 <unknown>\n#9 0x565286dc279e <unknown>\n#10 0x56528707623b <unknown>\n#11 0x56528707a1d2 <unknown>\n#12 0x5652870635f5 <unknown>\n#13 0x56528707ad62 <unknown>\n#14 0x56528704823f <unknown>\n#15 0x56528709de48 <unknown>\n#16 0x56528709e020 <unknown>\n#17 0x5652870ad47c <unknown>\n#18 0x7f79d0e8a134 <unknown>","time":{"start":1723338426355,"stop":1723338426968,"duration":613}},{"uid":"db7390cfb52dd2e4","reportUrl":"https://Nat754.github.io/StroyremAutomation/395//#testresult/db7390cfb52dd2e4","status":"skipped","statusDetails":"XFAIL\n\nselenium.common.exceptions.NoSuchElementException: Message: no such element: Unable to locate element: {\"method\":\"xpath\",\"selector\":\"(//a[@class='add-to-cart yellow-btn'])[1]\"}\n  (Session info: chrome-headless-shell=127.0.6533.99); For documentation on this error, please visit: https://www.selenium.dev/documentation/webdriver/troubleshooting/errors#no-such-element-exception\nStacktrace:\n#0 0x56533821a6aa <unknown>\n#1 0x565337eeb600 <unknown>\n#2 0x565337f3abcb <unknown>\n#3 0x565337f3aeb1 <unknown>\n#4 0x565337f7eb24 <unknown>\n#5 0x565337f5d8cd <unknown>\n#6 0x565337f7c04a <unknown>\n#7 0x565337f5d643 <unknown>\n#8 0x565337f2dd31 <unknown>\n#9 0x565337f2e79e <unknown>\n#10 0x5653381e223b <unknown>\n#11 0x5653381e61d2 <unknown>\n#12 0x5653381cf5f5 <unknown>\n#13 0x5653381e6d62 <unknown>\n#14 0x5653381b423f <unknown>\n#15 0x565338209e48 <unknown>\n#16 0x56533820a020 <unknown>\n#17 0x56533821947c <unknown>\n#18 0x7fe2be6d0134 <unknown>","time":{"start":1723251657986,"stop":1723251658282,"duration":296}},{"uid":"2741fb71c3bcfc16","reportUrl":"https://Nat754.github.io/StroyremAutomation/394//#testresult/2741fb71c3bcfc16","status":"skipped","statusDetails":"XFAIL\n\nselenium.common.exceptions.NoSuchElementException: Message: no such element: Unable to locate element: {\"method\":\"xpath\",\"selector\":\"(//a[@class='add-to-cart yellow-btn'])[1]\"}\n  (Session info: chrome-headless-shell=127.0.6533.99); For documentation on this error, please visit: https://www.selenium.dev/documentation/webdriver/troubleshooting/errors#no-such-element-exception\nStacktrace:\n#0 0x556e741bb6aa <unknown>\n#1 0x556e73e8c600 <unknown>\n#2 0x556e73edbbcb <unknown>\n#3 0x556e73edbeb1 <unknown>\n#4 0x556e73f1fb24 <unknown>\n#5 0x556e73efe8cd <unknown>\n#6 0x556e73f1d04a <unknown>\n#7 0x556e73efe643 <unknown>\n#8 0x556e73eced31 <unknown>\n#9 0x556e73ecf79e <unknown>\n#10 0x556e7418323b <unknown>\n#11 0x556e741871d2 <unknown>\n#12 0x556e741705f5 <unknown>\n#13 0x556e74187d62 <unknown>\n#14 0x556e7415523f <unknown>\n#15 0x556e741aae48 <unknown>\n#16 0x556e741ab020 <unknown>\n#17 0x556e741ba47c <unknown>\n#18 0x7f85b0815134 <unknown>","time":{"start":1723165323930,"stop":1723165324483,"duration":553}},{"uid":"a1f69d2bc51e9b4c","reportUrl":"https://Nat754.github.io/StroyremAutomation/393//#testresult/a1f69d2bc51e9b4c","status":"skipped","statusDetails":"XFAIL\n\nselenium.common.exceptions.NoSuchElementException: Message: no such element: Unable to locate element: {\"method\":\"xpath\",\"selector\":\"(//a[@class='add-to-cart yellow-btn'])[1]\"}\n  (Session info: chrome-headless-shell=127.0.6533.99); For documentation on this error, please visit: https://www.selenium.dev/documentation/webdriver/troubleshooting/errors#no-such-element-exception\nStacktrace:\n#0 0x55615a1746aa <unknown>\n#1 0x556159e45600 <unknown>\n#2 0x556159e94bcb <unknown>\n#3 0x556159e94eb1 <unknown>\n#4 0x556159ed8b24 <unknown>\n#5 0x556159eb78cd <unknown>\n#6 0x556159ed604a <unknown>\n#7 0x556159eb7643 <unknown>\n#8 0x556159e87d31 <unknown>\n#9 0x556159e8879e <unknown>\n#10 0x55615a13c23b <unknown>\n#11 0x55615a1401d2 <unknown>\n#12 0x55615a1295f5 <unknown>\n#13 0x55615a140d62 <unknown>\n#14 0x55615a10e23f <unknown>\n#15 0x55615a163e48 <unknown>\n#16 0x55615a164020 <unknown>\n#17 0x55615a17347c <unknown>\n#18 0x7f5f648ff134 <unknown>","time":{"start":1723078897201,"stop":1723078897512,"duration":311}},{"uid":"430339ac2e096cea","reportUrl":"https://Nat754.github.io/StroyremAutomation/392//#testresult/430339ac2e096cea","status":"skipped","statusDetails":"XFAIL\n\nselenium.common.exceptions.NoSuchElementException: Message: no such element: Unable to locate element: {\"method\":\"xpath\",\"selector\":\"(//a[@class='add-to-cart yellow-btn'])[1]\"}\n  (Session info: chrome-headless-shell=127.0.6533.99); For documentation on this error, please visit: https://www.selenium.dev/documentation/webdriver/troubleshooting/errors#no-such-element-exception\nStacktrace:\n#0 0x55824a4746aa <unknown>\n#1 0x55824a145600 <unknown>\n#2 0x55824a194bcb <unknown>\n#3 0x55824a194eb1 <unknown>\n#4 0x55824a1d8b24 <unknown>\n#5 0x55824a1b78cd <unknown>\n#6 0x55824a1d604a <unknown>\n#7 0x55824a1b7643 <unknown>\n#8 0x55824a187d31 <unknown>\n#9 0x55824a18879e <unknown>\n#10 0x55824a43c23b <unknown>\n#11 0x55824a4401d2 <unknown>\n#12 0x55824a4295f5 <unknown>\n#13 0x55824a440d62 <unknown>\n#14 0x55824a40e23f <unknown>\n#15 0x55824a463e48 <unknown>\n#16 0x55824a464020 <unknown>\n#17 0x55824a47347c <unknown>\n#18 0x7fd9aa59c134 <unknown>","time":{"start":1722992546756,"stop":1722992547361,"duration":605}},{"uid":"417f513e8854e271","reportUrl":"https://Nat754.github.io/StroyremAutomation/391//#testresult/417f513e8854e271","status":"skipped","statusDetails":"XFAIL\n\nselenium.common.exceptions.NoSuchElementException: Message: no such element: Unable to locate element: {\"method\":\"xpath\",\"selector\":\"(//a[@class='add-to-cart yellow-btn'])[1]\"}\n  (Session info: chrome-headless-shell=127.0.6533.88); For documentation on this error, please visit: https://www.selenium.dev/documentation/webdriver/troubleshooting/errors#no-such-element-exception\nStacktrace:\n#0 0x561140d3171a <unknown>\n#1 0x561140a02640 <unknown>\n#2 0x561140a51c0b <unknown>\n#3 0x561140a51ef1 <unknown>\n#4 0x561140a95b64 <unknown>\n#5 0x561140a7490d <unknown>\n#6 0x561140a9308a <unknown>\n#7 0x561140a74683 <unknown>\n#8 0x561140a44d71 <unknown>\n#9 0x561140a457de <unknown>\n#10 0x561140cf92ab <unknown>\n#11 0x561140cfd242 <unknown>\n#12 0x561140ce6665 <unknown>\n#13 0x561140cfddd2 <unknown>\n#14 0x561140ccb2af <unknown>\n#15 0x561140d20eb8 <unknown>\n#16 0x561140d21090 <unknown>\n#17 0x561140d304ec <unknown>\n#18 0x7fef62af9134 <unknown>","time":{"start":1722906063218,"stop":1722906063517,"duration":299}},{"uid":"ef624a691d540fa8","reportUrl":"https://Nat754.github.io/StroyremAutomation/390//#testresult/ef624a691d540fa8","status":"skipped","statusDetails":"XFAIL\n\nselenium.common.exceptions.NoSuchElementException: Message: no such element: Unable to locate element: {\"method\":\"xpath\",\"selector\":\"(//a[@class='add-to-cart yellow-btn'])[1]\"}\n  (Session info: chrome-headless-shell=127.0.6533.88); For documentation on this error, please visit: https://www.selenium.dev/documentation/webdriver/troubleshooting/errors#no-such-element-exception\nStacktrace:\n#0 0x5643f5d9671a <unknown>\n#1 0x5643f5a67640 <unknown>\n#2 0x5643f5ab6c0b <unknown>\n#3 0x5643f5ab6ef1 <unknown>\n#4 0x5643f5afab64 <unknown>\n#5 0x5643f5ad990d <unknown>\n#6 0x5643f5af808a <unknown>\n#7 0x5643f5ad9683 <unknown>\n#8 0x5643f5aa9d71 <unknown>\n#9 0x5643f5aaa7de <unknown>\n#10 0x5643f5d5e2ab <unknown>\n#11 0x5643f5d62242 <unknown>\n#12 0x5643f5d4b665 <unknown>\n#13 0x5643f5d62dd2 <unknown>\n#14 0x5643f5d302af <unknown>\n#15 0x5643f5d85eb8 <unknown>\n#16 0x5643f5d86090 <unknown>\n#17 0x5643f5d954ec <unknown>\n#18 0x7fb60eadd134 <unknown>","time":{"start":1722819771406,"stop":1722819771820,"duration":414}},{"uid":"b70e2ff1956bc027","reportUrl":"https://Nat754.github.io/StroyremAutomation/389//#testresult/b70e2ff1956bc027","status":"skipped","statusDetails":"XFAIL\n\nselenium.common.exceptions.NoSuchElementException: Message: no such element: Unable to locate element: {\"method\":\"xpath\",\"selector\":\"(//a[@class='add-to-cart yellow-btn'])[1]\"}\n  (Session info: chrome-headless-shell=127.0.6533.88); For documentation on this error, please visit: https://www.selenium.dev/documentation/webdriver/troubleshooting/errors#no-such-element-exception\nStacktrace:\n#0 0x5610bb7ce71a <unknown>\n#1 0x5610bb49f640 <unknown>\n#2 0x5610bb4eec0b <unknown>\n#3 0x5610bb4eeef1 <unknown>\n#4 0x5610bb532b64 <unknown>\n#5 0x5610bb51190d <unknown>\n#6 0x5610bb53008a <unknown>\n#7 0x5610bb511683 <unknown>\n#8 0x5610bb4e1d71 <unknown>\n#9 0x5610bb4e27de <unknown>\n#10 0x5610bb7962ab <unknown>\n#11 0x5610bb79a242 <unknown>\n#12 0x5610bb783665 <unknown>\n#13 0x5610bb79add2 <unknown>\n#14 0x5610bb7682af <unknown>\n#15 0x5610bb7bdeb8 <unknown>\n#16 0x5610bb7be090 <unknown>\n#17 0x5610bb7cd4ec <unknown>\n#18 0x7f6cfca1a134 <unknown>","time":{"start":1722733549118,"stop":1722733549551,"duration":433}},{"uid":"7274566da8e567f3","reportUrl":"https://Nat754.github.io/StroyremAutomation/388//#testresult/7274566da8e567f3","status":"skipped","statusDetails":"XFAIL\n\nselenium.common.exceptions.NoSuchElementException: Message: no such element: Unable to locate element: {\"method\":\"xpath\",\"selector\":\"(//a[@class='add-to-cart yellow-btn'])[1]\"}\n  (Session info: chrome-headless-shell=127.0.6533.88); For documentation on this error, please visit: https://www.selenium.dev/documentation/webdriver/troubleshooting/errors#no-such-element-exception\nStacktrace:\n#0 0x55927907c71a <unknown>\n#1 0x559278d4d640 <unknown>\n#2 0x559278d9cc0b <unknown>\n#3 0x559278d9cef1 <unknown>\n#4 0x559278de0b64 <unknown>\n#5 0x559278dbf90d <unknown>\n#6 0x559278dde08a <unknown>\n#7 0x559278dbf683 <unknown>\n#8 0x559278d8fd71 <unknown>\n#9 0x559278d907de <unknown>\n#10 0x5592790442ab <unknown>\n#11 0x559279048242 <unknown>\n#12 0x559279031665 <unknown>\n#13 0x559279048dd2 <unknown>\n#14 0x5592790162af <unknown>\n#15 0x55927906beb8 <unknown>\n#16 0x55927906c090 <unknown>\n#17 0x55927907b4ec <unknown>\n#18 0x7fd4dae4d134 <unknown>","time":{"start":1722646851579,"stop":1722646852022,"duration":443}},{"uid":"b685ef623aa1ef4b","reportUrl":"https://Nat754.github.io/StroyremAutomation/387//#testresult/b685ef623aa1ef4b","status":"skipped","statusDetails":"XFAIL\n\nselenium.common.exceptions.NoSuchElementException: Message: no such element: Unable to locate element: {\"method\":\"xpath\",\"selector\":\"(//a[@class='add-to-cart yellow-btn'])[1]\"}\n  (Session info: chrome-headless-shell=127.0.6533.88); For documentation on this error, please visit: https://www.selenium.dev/documentation/webdriver/troubleshooting/errors#no-such-element-exception\nStacktrace:\n#0 0x563edaa6071a <unknown>\n#1 0x563eda731640 <unknown>\n#2 0x563eda780c0b <unknown>\n#3 0x563eda780ef1 <unknown>\n#4 0x563eda7c4b64 <unknown>\n#5 0x563eda7a390d <unknown>\n#6 0x563eda7c208a <unknown>\n#7 0x563eda7a3683 <unknown>\n#8 0x563eda773d71 <unknown>\n#9 0x563eda7747de <unknown>\n#10 0x563edaa282ab <unknown>\n#11 0x563edaa2c242 <unknown>\n#12 0x563edaa15665 <unknown>\n#13 0x563edaa2cdd2 <unknown>\n#14 0x563eda9fa2af <unknown>\n#15 0x563edaa4feb8 <unknown>\n#16 0x563edaa50090 <unknown>\n#17 0x563edaa5f4ec <unknown>\n#18 0x7f663232e134 <unknown>","time":{"start":1722560434970,"stop":1722560435261,"duration":291}},{"uid":"fa1a307ccfe28e10","reportUrl":"https://Nat754.github.io/StroyremAutomation/386//#testresult/fa1a307ccfe28e10","status":"skipped","statusDetails":"XFAIL\n\nselenium.common.exceptions.NoSuchElementException: Message: no such element: Unable to locate element: {\"method\":\"xpath\",\"selector\":\"(//a[@class='add-to-cart yellow-btn'])[1]\"}\n  (Session info: chrome-headless-shell=127.0.6533.88); For documentation on this error, please visit: https://www.selenium.dev/documentation/webdriver/troubleshooting/errors#no-such-element-exception\nStacktrace:\n#0 0x55c5a39a871a <unknown>\n#1 0x55c5a3679640 <unknown>\n#2 0x55c5a36c8c0b <unknown>\n#3 0x55c5a36c8ef1 <unknown>\n#4 0x55c5a370cb64 <unknown>\n#5 0x55c5a36eb90d <unknown>\n#6 0x55c5a370a08a <unknown>\n#7 0x55c5a36eb683 <unknown>\n#8 0x55c5a36bbd71 <unknown>\n#9 0x55c5a36bc7de <unknown>\n#10 0x55c5a39702ab <unknown>\n#11 0x55c5a3974242 <unknown>\n#12 0x55c5a395d665 <unknown>\n#13 0x55c5a3974dd2 <unknown>\n#14 0x55c5a39422af <unknown>\n#15 0x55c5a3997eb8 <unknown>\n#16 0x55c5a3998090 <unknown>\n#17 0x55c5a39a74ec <unknown>\n#18 0x7f331149f134 <unknown>","time":{"start":1722474340491,"stop":1722474340818,"duration":327}},{"uid":"2eafd6f6c12c6d2a","reportUrl":"https://Nat754.github.io/StroyremAutomation/385//#testresult/2eafd6f6c12c6d2a","status":"skipped","statusDetails":"XFAIL\n\nselenium.common.exceptions.NoSuchElementException: Message: no such element: Unable to locate element: {\"method\":\"xpath\",\"selector\":\"(//a[@class='add-to-cart yellow-btn'])[1]\"}\n  (Session info: chrome-headless-shell=127.0.6533.88); For documentation on this error, please visit: https://www.selenium.dev/documentation/webdriver/troubleshooting/errors#no-such-element-exception\nStacktrace:\n#0 0x555ca425b71a <unknown>\n#1 0x555ca3f2c640 <unknown>\n#2 0x555ca3f7bc0b <unknown>\n#3 0x555ca3f7bef1 <unknown>\n#4 0x555ca3fbfb64 <unknown>\n#5 0x555ca3f9e90d <unknown>\n#6 0x555ca3fbd08a <unknown>\n#7 0x555ca3f9e683 <unknown>\n#8 0x555ca3f6ed71 <unknown>\n#9 0x555ca3f6f7de <unknown>\n#10 0x555ca42232ab <unknown>\n#11 0x555ca4227242 <unknown>\n#12 0x555ca4210665 <unknown>\n#13 0x555ca4227dd2 <unknown>\n#14 0x555ca41f52af <unknown>\n#15 0x555ca424aeb8 <unknown>\n#16 0x555ca424b090 <unknown>\n#17 0x555ca425a4ec <unknown>\n#18 0x7f1970d14134 <unknown>","time":{"start":1722387034948,"stop":1722387035362,"duration":414}},{"uid":"c4348c0de3b3586","reportUrl":"https://Nat754.github.io/StroyremAutomation/384//#testresult/c4348c0de3b3586","status":"skipped","statusDetails":"XFAIL\n\nselenium.common.exceptions.NoSuchElementException: Message: no such element: Unable to locate element: {\"method\":\"xpath\",\"selector\":\"(//a[@class='add-to-cart yellow-btn'])[1]\"}\n  (Session info: chrome-headless-shell=127.0.6533.72); For documentation on this error, please visit: https://www.selenium.dev/documentation/webdriver/troubleshooting/errors#no-such-element-exception\nStacktrace:\n#0 0x55aa11a126ba <unknown>\n#1 0x55aa116e2730 <unknown>\n#2 0x55aa11731d9b <unknown>\n#3 0x55aa11732081 <unknown>\n#4 0x55aa11775cd4 <unknown>\n#5 0x55aa11754a7d <unknown>\n#6 0x55aa117731ca <unknown>\n#7 0x55aa117547f3 <unknown>\n#8 0x55aa11724ec9 <unknown>\n#9 0x55aa1172591e <unknown>\n#10 0x55aa119d89eb <unknown>\n#11 0x55aa119dc972 <unknown>\n#12 0x55aa119c5e15 <unknown>\n#13 0x55aa119dd502 <unknown>\n#14 0x55aa119aad2f <unknown>\n#15 0x55aa11a01578 <unknown>\n#16 0x55aa11a01750 <unknown>\n#17 0x55aa11a1148c <unknown>\n#18 0x7f5f7c859134 <unknown>","time":{"start":1722301219831,"stop":1722301220144,"duration":313}},{"uid":"a947288dedad91cb","reportUrl":"https://Nat754.github.io/StroyremAutomation/383//#testresult/a947288dedad91cb","status":"skipped","statusDetails":"XFAIL\n\nselenium.common.exceptions.NoSuchElementException: Message: no such element: Unable to locate element: {\"method\":\"xpath\",\"selector\":\"(//a[@class='add-to-cart yellow-btn'])[1]\"}\n  (Session info: chrome-headless-shell=127.0.6533.72); For documentation on this error, please visit: https://www.selenium.dev/documentation/webdriver/troubleshooting/errors#no-such-element-exception\nStacktrace:\n#0 0x562a035fd6ba <unknown>\n#1 0x562a032cd730 <unknown>\n#2 0x562a0331cd9b <unknown>\n#3 0x562a0331d081 <unknown>\n#4 0x562a03360cd4 <unknown>\n#5 0x562a0333fa7d <unknown>\n#6 0x562a0335e1ca <unknown>\n#7 0x562a0333f7f3 <unknown>\n#8 0x562a0330fec9 <unknown>\n#9 0x562a0331091e <unknown>\n#10 0x562a035c39eb <unknown>\n#11 0x562a035c7972 <unknown>\n#12 0x562a035b0e15 <unknown>\n#13 0x562a035c8502 <unknown>\n#14 0x562a03595d2f <unknown>\n#15 0x562a035ec578 <unknown>\n#16 0x562a035ec750 <unknown>\n#17 0x562a035fc48c <unknown>\n#18 0x7f85cfe77134 <unknown>","time":{"start":1722214913520,"stop":1722214913942,"duration":422}},{"uid":"4dbb3f59d7f09ffb","reportUrl":"https://Nat754.github.io/StroyremAutomation/382//#testresult/4dbb3f59d7f09ffb","status":"skipped","statusDetails":"XFAIL\n\nselenium.common.exceptions.NoSuchElementException: Message: no such element: Unable to locate element: {\"method\":\"xpath\",\"selector\":\"(//a[@class='add-to-cart yellow-btn'])[1]\"}\n  (Session info: chrome-headless-shell=127.0.6533.72); For documentation on this error, please visit: https://www.selenium.dev/documentation/webdriver/troubleshooting/errors#no-such-element-exception\nStacktrace:\n#0 0x563ac00e96ba <unknown>\n#1 0x563abfdb9730 <unknown>\n#2 0x563abfe08d9b <unknown>\n#3 0x563abfe09081 <unknown>\n#4 0x563abfe4ccd4 <unknown>\n#5 0x563abfe2ba7d <unknown>\n#6 0x563abfe4a1ca <unknown>\n#7 0x563abfe2b7f3 <unknown>\n#8 0x563abfdfbec9 <unknown>\n#9 0x563abfdfc91e <unknown>\n#10 0x563ac00af9eb <unknown>\n#11 0x563ac00b3972 <unknown>\n#12 0x563ac009ce15 <unknown>\n#13 0x563ac00b4502 <unknown>\n#14 0x563ac0081d2f <unknown>\n#15 0x563ac00d8578 <unknown>\n#16 0x563ac00d8750 <unknown>\n#17 0x563ac00e848c <unknown>\n#18 0x7f93e3f2d134 <unknown>","time":{"start":1722128708150,"stop":1722128708604,"duration":454}},{"uid":"7d49fc666d5f2f19","reportUrl":"https://Nat754.github.io/StroyremAutomation/381//#testresult/7d49fc666d5f2f19","status":"skipped","statusDetails":"XFAIL\n\nselenium.common.exceptions.NoSuchElementException: Message: no such element: Unable to locate element: {\"method\":\"xpath\",\"selector\":\"(//a[@class='add-to-cart yellow-btn'])[1]\"}\n  (Session info: chrome-headless-shell=127.0.6533.72); For documentation on this error, please visit: https://www.selenium.dev/documentation/webdriver/troubleshooting/errors#no-such-element-exception\nStacktrace:\n#0 0x5622a432c6ba <unknown>\n#1 0x5622a3ffc730 <unknown>\n#2 0x5622a404bd9b <unknown>\n#3 0x5622a404c081 <unknown>\n#4 0x5622a408fcd4 <unknown>\n#5 0x5622a406ea7d <unknown>\n#6 0x5622a408d1ca <unknown>\n#7 0x5622a406e7f3 <unknown>\n#8 0x5622a403eec9 <unknown>\n#9 0x5622a403f91e <unknown>\n#10 0x5622a42f29eb <unknown>\n#11 0x5622a42f6972 <unknown>\n#12 0x5622a42dfe15 <unknown>\n#13 0x5622a42f7502 <unknown>\n#14 0x5622a42c4d2f <unknown>\n#15 0x5622a431b578 <unknown>\n#16 0x5622a431b750 <unknown>\n#17 0x5622a432b48c <unknown>\n#18 0x7fce110d4134 <unknown>","time":{"start":1722041975761,"stop":1722041976297,"duration":536}},{"uid":"2a3a13cdd08c81e4","reportUrl":"https://Nat754.github.io/StroyremAutomation/380//#testresult/2a3a13cdd08c81e4","status":"skipped","statusDetails":"XFAIL\n\nselenium.common.exceptions.NoSuchElementException: Message: no such element: Unable to locate element: {\"method\":\"xpath\",\"selector\":\"(//a[@class='add-to-cart yellow-btn'])[1]\"}\n  (Session info: chrome-headless-shell=127.0.6533.72); For documentation on this error, please visit: https://www.selenium.dev/documentation/webdriver/troubleshooting/errors#no-such-element-exception\nStacktrace:\n#0 0x5629e5f5d6ba <unknown>\n#1 0x5629e5c2d730 <unknown>\n#2 0x5629e5c7cd9b <unknown>\n#3 0x5629e5c7d081 <unknown>\n#4 0x5629e5cc0cd4 <unknown>\n#5 0x5629e5c9fa7d <unknown>\n#6 0x5629e5cbe1ca <unknown>\n#7 0x5629e5c9f7f3 <unknown>\n#8 0x5629e5c6fec9 <unknown>\n#9 0x5629e5c7091e <unknown>\n#10 0x5629e5f239eb <unknown>\n#11 0x5629e5f27972 <unknown>\n#12 0x5629e5f10e15 <unknown>\n#13 0x5629e5f28502 <unknown>\n#14 0x5629e5ef5d2f <unknown>\n#15 0x5629e5f4c578 <unknown>\n#16 0x5629e5f4c750 <unknown>\n#17 0x5629e5f5c48c <unknown>\n#18 0x7f1ff36bd134 <unknown>","time":{"start":1721955584057,"stop":1721955584366,"duration":309}}]},"tags":["@pytest.mark.xfail","smoke_test"]},"source":"f0886769384f093c.json","parameterValues":["3320","1","'TD 015'","2390","'products/shtukaturka-tsementnaya-bergauf-bau-putts-tsement-25kg-56sht'","650","'https://sandboxtest.stroyrem-nn.ru/'","30"]}