{"uid":"94bb02c7abdd9431","name":"test_positive_delivery_green_zone_smoke[TD 013-products/shtukaturka-gipsovaya-aksolit-m50-30-kg-mashinnogo-naneseniya-366-11000-4800-12450-13480-https://sandboxtest.stroyrem-nn.ru/]","fullName":"tests.delivery.test_delivery_calculation.TestDeliveryPageCalculation#test_positive_delivery_green_zone_smoke","historyId":"138a96f7f81216afdff8252a6c5795ca","time":{"start":1724548017020,"stop":1724548017535,"duration":515},"status":"skipped","statusMessage":"XFAIL\n\nselenium.common.exceptions.NoSuchElementException: Message: no such element: Unable to locate element: {\"method\":\"xpath\",\"selector\":\"(//a[@class='add-to-cart yellow-btn'])[1]\"}\n  (Session info: chrome=128.0.6613.84); For documentation on this error, please visit: https://www.selenium.dev/documentation/webdriver/troubleshooting/errors#no-such-element-exception\nStacktrace:\n#0 0x5636f83a881a <unknown>\n#1 0x5636f8076e50 <unknown>\n#2 0x5636f80c6644 <unknown>\n#3 0x5636f80c6931 <unknown>\n#4 0x5636f810c534 <unknown>\n#5 0x5636f80eb4bd <unknown>\n#6 0x5636f81099c6 <unknown>\n#7 0x5636f80eb233 <unknown>\n#8 0x5636f80b9093 <unknown>\n#9 0x5636f80ba09e <unknown>\n#10 0x5636f836fa7b <unknown>\n#11 0x5636f8373a31 <unknown>\n#12 0x5636f835b645 <unknown>\n#13 0x5636f83745a2 <unknown>\n#14 0x5636f834081f <unknown>\n#15 0x5636f8397618 <unknown>\n#16 0x5636f83977e2 <unknown>\n#17 0x5636f83a760c <unknown>\n#18 0x7fb3f3bda134 <unknown>","statusTrace":"self = <tests.delivery.test_delivery_calculation.TestDeliveryPageCalculation object at 0x7f44f2dc1990>\ndriver = <selenium.webdriver.chrome.webdriver.WebDriver (session=\"0d22a9657e96fd81c23be35d361bae11\")>\nurl = 'https://sandboxtest.stroyrem-nn.ru/', case_id = 'TD 013'\nlink_item = 'products/shtukaturka-gipsovaya-aksolit-m50-30-kg-mashinnogo-naneseniya'\namount = 366, weight = 11000, standard = 4800, in_time = 12450, all_time = 13480\n\n    @pytest.mark.parametrize('case_id, link_item, amount, weight, standard, in_time, all_time', [\n        (\"TD 001\", uroven_3000, 1, 30, 0, 1590, 2190),\n        (\"TD 002\", bundeks_25, 1, 30, 400, 1590, 2190),\n        (\"TD 003\", aksolit_30, 8, 300, 400, 1590, 2190),\n        (\"TD 004\", aksolit_30, 13, 400, 450, 1590, 2190),\n        (\"TD 005\", aksolit_30, 16, 500, 600, 1590, 2190),\n        (\"TD 006\", aksolit_30, 25, 1700, 990, 1990, 2480),\n        (\"TD 007\", aksolit_30, 66, 2000, 1300, 2490, 2980),\n        (\"TD 008\", aksolit_30, 149, 4500, 2300, 3980, 4490),\n        (\"TD 009\", aksolit_30, 166, 5000, 2500, 4990, 5480),\n        pytest.param(\n            \"TD 010\", aksolit_30, 206, 6200, 2900, 5570, 6120,\n            marks=pytest.mark.xfail(reson=\"Цена доставки 3600 7960 8980\")\n        ),\n        (\"TD 011\", aksolit_30, 299, 9000, 3600, 7960, 8980),\n        (\"TD 012\", aksolit_30, 333, 10000, 4450, 11990, 12500),\n        pytest.param(\n            \"TD 013\", aksolit_30, 366, 11000, 4800, 12450, 13480,\n            marks=pytest.mark.xfail(reason=\"Цена стандартной доставки 4450\")\n        ),\n        pytest.param(\n            \"TD 014\", aksolit_30, 666, 20000, 5400, 15600, 17490,\n            marks=pytest.mark.xfail(reason=\"Цена стандартной доставки 4450\")\n        )\n    ])\n    @pytest.mark.xfail\n    @pytest.mark.smoke_test\n    def test_positive_delivery_green_zone_smoke(\n            self, driver, url, case_id, link_item, amount, weight, standard, in_time, all_time\n    ):\n    \n        driver.get(f'{url}{link_item}')\n        item_page = ItemPage(driver)\n>       item_page.add_item_to_cart(amount).click_on_cart()\n\ntests/delivery/test_delivery_calculation.py:50: \n_ _ _ _ _ _ _ _ _ _ _ _ _ _ _ _ _ _ _ _ _ _ _ _ _ _ _ _ _ _ _ _ _ _ _ _ _ _ _ _ \npages/item_page.py:40: in add_item_to_cart\n    self.find_element(self._add_item).click()\nbase/seleniumbase.py:17: in find_element\n    return self.driver.find_element(*locator)\n/usr/local/lib/python3.11/site-packages/selenium/webdriver/remote/webdriver.py:739: in find_element\n    return self.execute(Command.FIND_ELEMENT, {\"using\": by, \"value\": value})[\"value\"]\n/usr/local/lib/python3.11/site-packages/selenium/webdriver/remote/webdriver.py:345: in execute\n    self.error_handler.check_response(response)\n_ _ _ _ _ _ _ _ _ _ _ _ _ _ _ _ _ _ _ _ _ _ _ _ _ _ _ _ _ _ _ _ _ _ _ _ _ _ _ _ \n\nself = <selenium.webdriver.remote.errorhandler.ErrorHandler object at 0x7f44f16c8090>\nresponse = {'status': 404, 'value': '{\"value\":{\"error\":\"no such element\",\"message\":\"no such element: Unable to locate element: {\\...\\\\n#16 0x5636f83977e2 \\\\u003Cunknown>\\\\n#17 0x5636f83a760c \\\\u003Cunknown>\\\\n#18 0x7fb3f3bda134 \\\\u003Cunknown>\\\\n\"}}'}\n\n    def check_response(self, response: Dict[str, Any]) -> None:\n        \"\"\"Checks that a JSON response from the WebDriver does not have an\n        error.\n    \n        :Args:\n         - response - The JSON response from the WebDriver server as a dictionary\n           object.\n    \n        :Raises: If the response contains an error message.\n        \"\"\"\n        status = response.get(\"status\", None)\n        if not status or status == ErrorCode.SUCCESS:\n            return\n        value = None\n        message = response.get(\"message\", \"\")\n        screen: str = response.get(\"screen\", \"\")\n        stacktrace = None\n        if isinstance(status, int):\n            value_json = response.get(\"value\", None)\n            if value_json and isinstance(value_json, str):\n                import json\n    \n                try:\n                    value = json.loads(value_json)\n                    if len(value) == 1:\n                        value = value[\"value\"]\n                    status = value.get(\"error\", None)\n                    if not status:\n                        status = value.get(\"status\", ErrorCode.UNKNOWN_ERROR)\n                        message = value.get(\"value\") or value.get(\"message\")\n                        if not isinstance(message, str):\n                            value = message\n                            message = message.get(\"message\")\n                    else:\n                        message = value.get(\"message\", None)\n                except ValueError:\n                    pass\n    \n        exception_class: Type[WebDriverException]\n        e = ErrorCode()\n        error_codes = [item for item in dir(e) if not item.startswith(\"__\")]\n        for error_code in error_codes:\n            error_info = getattr(ErrorCode, error_code)\n            if isinstance(error_info, list) and status in error_info:\n                exception_class = getattr(ExceptionMapping, error_code, WebDriverException)\n                break\n        else:\n            exception_class = WebDriverException\n    \n        if not value:\n            value = response[\"value\"]\n        if isinstance(value, str):\n            raise exception_class(value)\n        if message == \"\" and \"message\" in value:\n            message = value[\"message\"]\n    \n        screen = None  # type: ignore[assignment]\n        if \"screen\" in value:\n            screen = value[\"screen\"]\n    \n        stacktrace = None\n        st_value = value.get(\"stackTrace\") or value.get(\"stacktrace\")\n        if st_value:\n            if isinstance(st_value, str):\n                stacktrace = st_value.split(\"\\n\")\n            else:\n                stacktrace = []\n                try:\n                    for frame in st_value:\n                        line = frame.get(\"lineNumber\", \"\")\n                        file = frame.get(\"fileName\", \"<anonymous>\")\n                        if line:\n                            file = f\"{file}:{line}\"\n                        meth = frame.get(\"methodName\", \"<anonymous>\")\n                        if \"className\" in frame:\n                            meth = f\"{frame['className']}.{meth}\"\n                        msg = \"    at %s (%s)\"\n                        msg = msg % (meth, file)\n                        stacktrace.append(msg)\n                except TypeError:\n                    pass\n        if exception_class == UnexpectedAlertPresentException:\n            alert_text = None\n            if \"data\" in value:\n                alert_text = value[\"data\"].get(\"text\")\n            elif \"alert\" in value:\n                alert_text = value[\"alert\"].get(\"text\")\n            raise exception_class(message, screen, stacktrace, alert_text)  # type: ignore[call-arg]  # mypy is not smart enough here\n>       raise exception_class(message, screen, stacktrace)\nE       selenium.common.exceptions.NoSuchElementException: Message: no such element: Unable to locate element: {\"method\":\"xpath\",\"selector\":\"(//a[@class='add-to-cart yellow-btn'])[1]\"}\nE         (Session info: chrome=128.0.6613.84); For documentation on this error, please visit: https://www.selenium.dev/documentation/webdriver/troubleshooting/errors#no-such-element-exception\nE       Stacktrace:\nE       #0 0x5636f83a881a <unknown>\nE       #1 0x5636f8076e50 <unknown>\nE       #2 0x5636f80c6644 <unknown>\nE       #3 0x5636f80c6931 <unknown>\nE       #4 0x5636f810c534 <unknown>\nE       #5 0x5636f80eb4bd <unknown>\nE       #6 0x5636f81099c6 <unknown>\nE       #7 0x5636f80eb233 <unknown>\nE       #8 0x5636f80b9093 <unknown>\nE       #9 0x5636f80ba09e <unknown>\nE       #10 0x5636f836fa7b <unknown>\nE       #11 0x5636f8373a31 <unknown>\nE       #12 0x5636f835b645 <unknown>\nE       #13 0x5636f83745a2 <unknown>\nE       #14 0x5636f834081f <unknown>\nE       #15 0x5636f8397618 <unknown>\nE       #16 0x5636f83977e2 <unknown>\nE       #17 0x5636f83a760c <unknown>\nE       #18 0x7fb3f3bda134 <unknown>\n\n/usr/local/lib/python3.11/site-packages/selenium/webdriver/remote/errorhandler.py:229: NoSuchElementException","flaky":false,"newFailed":false,"newBroken":false,"newPassed":false,"retriesCount":0,"retriesStatusChange":false,"beforeStages":[{"name":"_session_faker","time":{"start":1724547732939,"stop":1724547733009,"duration":70},"status":"passed","steps":[],"attachments":[],"parameters":[],"shouldDisplayMessage":false,"stepsCount":0,"attachmentsCount":0,"hasContent":false,"attachmentStep":false},{"name":"clear_allure_results_folder","time":{"start":1724547733009,"stop":1724547733009,"duration":0},"status":"passed","steps":[],"attachments":[],"parameters":[],"shouldDisplayMessage":false,"stepsCount":0,"attachmentsCount":0,"hasContent":false,"attachmentStep":false},{"name":"driver","time":{"start":1724548016226,"stop":1724548017019,"duration":793},"status":"passed","steps":[],"attachments":[],"parameters":[],"shouldDisplayMessage":false,"stepsCount":0,"attachmentsCount":0,"hasContent":false,"attachmentStep":false},{"name":"setup","time":{"start":1724548017019,"stop":1724548017019,"duration":0},"status":"passed","steps":[],"attachments":[],"parameters":[],"shouldDisplayMessage":false,"stepsCount":0,"attachmentsCount":0,"hasContent":false,"attachmentStep":false}],"testStage":{"status":"skipped","statusMessage":"XFAIL\n\nselenium.common.exceptions.NoSuchElementException: Message: no such element: Unable to locate element: {\"method\":\"xpath\",\"selector\":\"(//a[@class='add-to-cart yellow-btn'])[1]\"}\n  (Session info: chrome=128.0.6613.84); For documentation on this error, please visit: https://www.selenium.dev/documentation/webdriver/troubleshooting/errors#no-such-element-exception\nStacktrace:\n#0 0x5636f83a881a <unknown>\n#1 0x5636f8076e50 <unknown>\n#2 0x5636f80c6644 <unknown>\n#3 0x5636f80c6931 <unknown>\n#4 0x5636f810c534 <unknown>\n#5 0x5636f80eb4bd <unknown>\n#6 0x5636f81099c6 <unknown>\n#7 0x5636f80eb233 <unknown>\n#8 0x5636f80b9093 <unknown>\n#9 0x5636f80ba09e <unknown>\n#10 0x5636f836fa7b <unknown>\n#11 0x5636f8373a31 <unknown>\n#12 0x5636f835b645 <unknown>\n#13 0x5636f83745a2 <unknown>\n#14 0x5636f834081f <unknown>\n#15 0x5636f8397618 <unknown>\n#16 0x5636f83977e2 <unknown>\n#17 0x5636f83a760c <unknown>\n#18 0x7fb3f3bda134 <unknown>","statusTrace":"self = <tests.delivery.test_delivery_calculation.TestDeliveryPageCalculation object at 0x7f44f2dc1990>\ndriver = <selenium.webdriver.chrome.webdriver.WebDriver (session=\"0d22a9657e96fd81c23be35d361bae11\")>\nurl = 'https://sandboxtest.stroyrem-nn.ru/', case_id = 'TD 013'\nlink_item = 'products/shtukaturka-gipsovaya-aksolit-m50-30-kg-mashinnogo-naneseniya'\namount = 366, weight = 11000, standard = 4800, in_time = 12450, all_time = 13480\n\n    @pytest.mark.parametrize('case_id, link_item, amount, weight, standard, in_time, all_time', [\n        (\"TD 001\", uroven_3000, 1, 30, 0, 1590, 2190),\n        (\"TD 002\", bundeks_25, 1, 30, 400, 1590, 2190),\n        (\"TD 003\", aksolit_30, 8, 300, 400, 1590, 2190),\n        (\"TD 004\", aksolit_30, 13, 400, 450, 1590, 2190),\n        (\"TD 005\", aksolit_30, 16, 500, 600, 1590, 2190),\n        (\"TD 006\", aksolit_30, 25, 1700, 990, 1990, 2480),\n        (\"TD 007\", aksolit_30, 66, 2000, 1300, 2490, 2980),\n        (\"TD 008\", aksolit_30, 149, 4500, 2300, 3980, 4490),\n        (\"TD 009\", aksolit_30, 166, 5000, 2500, 4990, 5480),\n        pytest.param(\n            \"TD 010\", aksolit_30, 206, 6200, 2900, 5570, 6120,\n            marks=pytest.mark.xfail(reson=\"Цена доставки 3600 7960 8980\")\n        ),\n        (\"TD 011\", aksolit_30, 299, 9000, 3600, 7960, 8980),\n        (\"TD 012\", aksolit_30, 333, 10000, 4450, 11990, 12500),\n        pytest.param(\n            \"TD 013\", aksolit_30, 366, 11000, 4800, 12450, 13480,\n            marks=pytest.mark.xfail(reason=\"Цена стандартной доставки 4450\")\n        ),\n        pytest.param(\n            \"TD 014\", aksolit_30, 666, 20000, 5400, 15600, 17490,\n            marks=pytest.mark.xfail(reason=\"Цена стандартной доставки 4450\")\n        )\n    ])\n    @pytest.mark.xfail\n    @pytest.mark.smoke_test\n    def test_positive_delivery_green_zone_smoke(\n            self, driver, url, case_id, link_item, amount, weight, standard, in_time, all_time\n    ):\n    \n        driver.get(f'{url}{link_item}')\n        item_page = ItemPage(driver)\n>       item_page.add_item_to_cart(amount).click_on_cart()\n\ntests/delivery/test_delivery_calculation.py:50: \n_ _ _ _ _ _ _ _ _ _ _ _ _ _ _ _ _ _ _ _ _ _ _ _ _ _ _ _ _ _ _ _ _ _ _ _ _ _ _ _ \npages/item_page.py:40: in add_item_to_cart\n    self.find_element(self._add_item).click()\nbase/seleniumbase.py:17: in find_element\n    return self.driver.find_element(*locator)\n/usr/local/lib/python3.11/site-packages/selenium/webdriver/remote/webdriver.py:739: in find_element\n    return self.execute(Command.FIND_ELEMENT, {\"using\": by, \"value\": value})[\"value\"]\n/usr/local/lib/python3.11/site-packages/selenium/webdriver/remote/webdriver.py:345: in execute\n    self.error_handler.check_response(response)\n_ _ _ _ _ _ _ _ _ _ _ _ _ _ _ _ _ _ _ _ _ _ _ _ _ _ _ _ _ _ _ _ _ _ _ _ _ _ _ _ \n\nself = <selenium.webdriver.remote.errorhandler.ErrorHandler object at 0x7f44f16c8090>\nresponse = {'status': 404, 'value': '{\"value\":{\"error\":\"no such element\",\"message\":\"no such element: Unable to locate element: {\\...\\\\n#16 0x5636f83977e2 \\\\u003Cunknown>\\\\n#17 0x5636f83a760c \\\\u003Cunknown>\\\\n#18 0x7fb3f3bda134 \\\\u003Cunknown>\\\\n\"}}'}\n\n    def check_response(self, response: Dict[str, Any]) -> None:\n        \"\"\"Checks that a JSON response from the WebDriver does not have an\n        error.\n    \n        :Args:\n         - response - The JSON response from the WebDriver server as a dictionary\n           object.\n    \n        :Raises: If the response contains an error message.\n        \"\"\"\n        status = response.get(\"status\", None)\n        if not status or status == ErrorCode.SUCCESS:\n            return\n        value = None\n        message = response.get(\"message\", \"\")\n        screen: str = response.get(\"screen\", \"\")\n        stacktrace = None\n        if isinstance(status, int):\n            value_json = response.get(\"value\", None)\n            if value_json and isinstance(value_json, str):\n                import json\n    \n                try:\n                    value = json.loads(value_json)\n                    if len(value) == 1:\n                        value = value[\"value\"]\n                    status = value.get(\"error\", None)\n                    if not status:\n                        status = value.get(\"status\", ErrorCode.UNKNOWN_ERROR)\n                        message = value.get(\"value\") or value.get(\"message\")\n                        if not isinstance(message, str):\n                            value = message\n                            message = message.get(\"message\")\n                    else:\n                        message = value.get(\"message\", None)\n                except ValueError:\n                    pass\n    \n        exception_class: Type[WebDriverException]\n        e = ErrorCode()\n        error_codes = [item for item in dir(e) if not item.startswith(\"__\")]\n        for error_code in error_codes:\n            error_info = getattr(ErrorCode, error_code)\n            if isinstance(error_info, list) and status in error_info:\n                exception_class = getattr(ExceptionMapping, error_code, WebDriverException)\n                break\n        else:\n            exception_class = WebDriverException\n    \n        if not value:\n            value = response[\"value\"]\n        if isinstance(value, str):\n            raise exception_class(value)\n        if message == \"\" and \"message\" in value:\n            message = value[\"message\"]\n    \n        screen = None  # type: ignore[assignment]\n        if \"screen\" in value:\n            screen = value[\"screen\"]\n    \n        stacktrace = None\n        st_value = value.get(\"stackTrace\") or value.get(\"stacktrace\")\n        if st_value:\n            if isinstance(st_value, str):\n                stacktrace = st_value.split(\"\\n\")\n            else:\n                stacktrace = []\n                try:\n                    for frame in st_value:\n                        line = frame.get(\"lineNumber\", \"\")\n                        file = frame.get(\"fileName\", \"<anonymous>\")\n                        if line:\n                            file = f\"{file}:{line}\"\n                        meth = frame.get(\"methodName\", \"<anonymous>\")\n                        if \"className\" in frame:\n                            meth = f\"{frame['className']}.{meth}\"\n                        msg = \"    at %s (%s)\"\n                        msg = msg % (meth, file)\n                        stacktrace.append(msg)\n                except TypeError:\n                    pass\n        if exception_class == UnexpectedAlertPresentException:\n            alert_text = None\n            if \"data\" in value:\n                alert_text = value[\"data\"].get(\"text\")\n            elif \"alert\" in value:\n                alert_text = value[\"alert\"].get(\"text\")\n            raise exception_class(message, screen, stacktrace, alert_text)  # type: ignore[call-arg]  # mypy is not smart enough here\n>       raise exception_class(message, screen, stacktrace)\nE       selenium.common.exceptions.NoSuchElementException: Message: no such element: Unable to locate element: {\"method\":\"xpath\",\"selector\":\"(//a[@class='add-to-cart yellow-btn'])[1]\"}\nE         (Session info: chrome=128.0.6613.84); For documentation on this error, please visit: https://www.selenium.dev/documentation/webdriver/troubleshooting/errors#no-such-element-exception\nE       Stacktrace:\nE       #0 0x5636f83a881a <unknown>\nE       #1 0x5636f8076e50 <unknown>\nE       #2 0x5636f80c6644 <unknown>\nE       #3 0x5636f80c6931 <unknown>\nE       #4 0x5636f810c534 <unknown>\nE       #5 0x5636f80eb4bd <unknown>\nE       #6 0x5636f81099c6 <unknown>\nE       #7 0x5636f80eb233 <unknown>\nE       #8 0x5636f80b9093 <unknown>\nE       #9 0x5636f80ba09e <unknown>\nE       #10 0x5636f836fa7b <unknown>\nE       #11 0x5636f8373a31 <unknown>\nE       #12 0x5636f835b645 <unknown>\nE       #13 0x5636f83745a2 <unknown>\nE       #14 0x5636f834081f <unknown>\nE       #15 0x5636f8397618 <unknown>\nE       #16 0x5636f83977e2 <unknown>\nE       #17 0x5636f83a760c <unknown>\nE       #18 0x7fb3f3bda134 <unknown>\n\n/usr/local/lib/python3.11/site-packages/selenium/webdriver/remote/errorhandler.py:229: NoSuchElementException","steps":[{"name":"Добавляем товар в корзину в количестве 366","time":{"start":1724548017513,"stop":1724548017535,"duration":22},"status":"broken","statusMessage":"selenium.common.exceptions.NoSuchElementException: Message: no such element: Unable to locate element: {\"method\":\"xpath\",\"selector\":\"(//a[@class='add-to-cart yellow-btn'])[1]\"}\n  (Session info: chrome=128.0.6613.84); For documentation on this error, please visit: https://www.selenium.dev/documentation/webdriver/troubleshooting/errors#no-such-element-exception\nStacktrace:\n#0 0x5636f83a881a <unknown>\n#1 0x5636f8076e50 <unknown>\n#2 0x5636f80c6644 <unknown>\n#3 0x5636f80c6931 <unknown>\n#4 0x5636f810c534 <unknown>\n#5 0x5636f80eb4bd <unknown>\n#6 0x5636f81099c6 <unknown>\n#7 0x5636f80eb233 <unknown>\n#8 0x5636f80b9093 <unknown>\n#9 0x5636f80ba09e <unknown>\n#10 0x5636f836fa7b <unknown>\n#11 0x5636f8373a31 <unknown>\n#12 0x5636f835b645 <unknown>\n#13 0x5636f83745a2 <unknown>\n#14 0x5636f834081f <unknown>\n#15 0x5636f8397618 <unknown>\n#16 0x5636f83977e2 <unknown>\n#17 0x5636f83a760c <unknown>\n#18 0x7fb3f3bda134 <unknown>\n\n","statusTrace":"  File \"/usr/local/lib/python3.11/site-packages/allure_commons/_allure.py\", line 192, in impl\n    return func(*a, **kw)\n           ^^^^^^^^^^^^^^\n  File \"/app/pages/item_page.py\", line 40, in add_item_to_cart\n    self.find_element(self._add_item).click()\n    ^^^^^^^^^^^^^^^^^^^^^^^^^^^^^^^^^\n  File \"/app/base/seleniumbase.py\", line 17, in find_element\n    return self.driver.find_element(*locator)\n           ^^^^^^^^^^^^^^^^^^^^^^^^^^^^^^^^^^\n  File \"/usr/local/lib/python3.11/site-packages/selenium/webdriver/remote/webdriver.py\", line 739, in find_element\n    return self.execute(Command.FIND_ELEMENT, {\"using\": by, \"value\": value})[\"value\"]\n           ^^^^^^^^^^^^^^^^^^^^^^^^^^^^^^^^^^^^^^^^^^^^^^^^^^^^^^^^^^^^^^^^^\n  File \"/usr/local/lib/python3.11/site-packages/selenium/webdriver/remote/webdriver.py\", line 345, in execute\n    self.error_handler.check_response(response)\n  File \"/usr/local/lib/python3.11/site-packages/selenium/webdriver/remote/errorhandler.py\", line 229, in check_response\n    raise exception_class(message, screen, stacktrace)\n","steps":[],"attachments":[],"parameters":[{"name":"amount","value":"366"}],"shouldDisplayMessage":true,"stepsCount":0,"attachmentsCount":0,"hasContent":true,"attachmentStep":false}],"attachments":[{"uid":"194cb208a8ceb8df","name":"Screenshot","source":"194cb208a8ceb8df.png","type":"image/png","size":46834},{"uid":"440e832fb8497c9a","name":"HTML source","source":"440e832fb8497c9a.html","type":"text/html","size":133701}],"parameters":[],"shouldDisplayMessage":true,"stepsCount":1,"attachmentsCount":2,"hasContent":true,"attachmentStep":false},"afterStages":[{"name":"setup::0","time":{"start":1724548017642,"stop":1724548017643,"duration":1},"status":"passed","steps":[],"attachments":[],"parameters":[],"shouldDisplayMessage":false,"stepsCount":0,"attachmentsCount":0,"hasContent":false,"attachmentStep":false},{"name":"driver::0","time":{"start":1724548017643,"stop":1724548017708,"duration":65},"status":"passed","steps":[],"attachments":[],"parameters":[],"shouldDisplayMessage":false,"stepsCount":0,"attachmentsCount":0,"hasContent":false,"attachmentStep":false}],"labels":[{"name":"epic","value":"Delivery Page - calculation"},{"name":"tag","value":"smoke_test"},{"name":"tag","value":"@pytest.mark.xfail"},{"name":"parentSuite","value":"tests.delivery"},{"name":"suite","value":"test_delivery_calculation"},{"name":"subSuite","value":"TestDeliveryPageCalculation"},{"name":"host","value":"b16edabffa73"},{"name":"thread","value":"1-MainThread"},{"name":"framework","value":"pytest"},{"name":"language","value":"cpython3"},{"name":"package","value":"tests.delivery.test_delivery_calculation"},{"name":"resultFormat","value":"allure2"}],"parameters":[{"name":"all_time","value":"13480"},{"name":"amount","value":"366"},{"name":"case_id","value":"'TD 013'"},{"name":"in_time","value":"12450"},{"name":"link_item","value":"'products/shtukaturka-gipsovaya-aksolit-m50-30-kg-mashinnogo-naneseniya'"},{"name":"standard","value":"4800"},{"name":"url","value":"'https://sandboxtest.stroyrem-nn.ru/'"},{"name":"weight","value":"11000"}],"links":[],"hidden":false,"retry":false,"extra":{"severity":"normal","retries":[],"categories":[],"history":{"statistic":{"failed":0,"broken":0,"skipped":87,"passed":0,"unknown":0,"total":87},"items":[{"uid":"e4547d644768f01b","reportUrl":"https://Nat754.github.io/StroyremAutomation/409//#testresult/e4547d644768f01b","status":"skipped","statusDetails":"XFAIL\n\nselenium.common.exceptions.NoSuchElementException: Message: no such element: Unable to locate element: {\"method\":\"xpath\",\"selector\":\"(//a[@class='add-to-cart yellow-btn'])[1]\"}\n  (Session info: chrome=128.0.6613.84); For documentation on this error, please visit: https://www.selenium.dev/documentation/webdriver/troubleshooting/errors#no-such-element-exception\nStacktrace:\n#0 0x557eba8c581a <unknown>\n#1 0x557eba593e50 <unknown>\n#2 0x557eba5e3644 <unknown>\n#3 0x557eba5e3931 <unknown>\n#4 0x557eba629534 <unknown>\n#5 0x557eba6084bd <unknown>\n#6 0x557eba6269c6 <unknown>\n#7 0x557eba608233 <unknown>\n#8 0x557eba5d6093 <unknown>\n#9 0x557eba5d709e <unknown>\n#10 0x557eba88ca7b <unknown>\n#11 0x557eba890a31 <unknown>\n#12 0x557eba878645 <unknown>\n#13 0x557eba8915a2 <unknown>\n#14 0x557eba85d81f <unknown>\n#15 0x557eba8b4618 <unknown>\n#16 0x557eba8b47e2 <unknown>\n#17 0x557eba8c460c <unknown>\n#18 0x7f556b9b9134 <unknown>","time":{"start":1724461248631,"stop":1724461249111,"duration":480}},{"uid":"3c0feef76e7efac0","reportUrl":"https://Nat754.github.io/StroyremAutomation/407//#testresult/3c0feef76e7efac0","status":"skipped","statusDetails":"XFAIL\n\nselenium.common.exceptions.NoSuchElementException: Message: no such element: Unable to locate element: {\"method\":\"xpath\",\"selector\":\"(//a[@class='add-to-cart yellow-btn'])[1]\"}\n  (Session info: chrome=128.0.6613.84); For documentation on this error, please visit: https://www.selenium.dev/documentation/webdriver/troubleshooting/errors#no-such-element-exception\nStacktrace:\n#0 0x55f6cc63481a <unknown>\n#1 0x55f6cc302e50 <unknown>\n#2 0x55f6cc352644 <unknown>\n#3 0x55f6cc352931 <unknown>\n#4 0x55f6cc398534 <unknown>\n#5 0x55f6cc3774bd <unknown>\n#6 0x55f6cc3959c6 <unknown>\n#7 0x55f6cc377233 <unknown>\n#8 0x55f6cc345093 <unknown>\n#9 0x55f6cc34609e <unknown>\n#10 0x55f6cc5fba7b <unknown>\n#11 0x55f6cc5ffa31 <unknown>\n#12 0x55f6cc5e7645 <unknown>\n#13 0x55f6cc6005a2 <unknown>\n#14 0x55f6cc5cc81f <unknown>\n#15 0x55f6cc623618 <unknown>\n#16 0x55f6cc6237e2 <unknown>\n#17 0x55f6cc63360c <unknown>\n#18 0x7f9c8734b134 <unknown>","time":{"start":1724288564713,"stop":1724288565059,"duration":346}},{"uid":"b54e01384a04603f","reportUrl":"https://Nat754.github.io/StroyremAutomation/406//#testresult/b54e01384a04603f","status":"skipped","statusDetails":"XFAIL\n\nselenium.common.exceptions.NoSuchElementException: Message: no such element: Unable to locate element: {\"method\":\"xpath\",\"selector\":\"(//a[@class='add-to-cart yellow-btn'])[1]\"}\n  (Session info: chrome-headless-shell=127.0.6533.119); For documentation on this error, please visit: https://www.selenium.dev/documentation/webdriver/troubleshooting/errors#no-such-element-exception\nStacktrace:\n#0 0x556929a3d6ca <unknown>\n#1 0x55692970e600 <unknown>\n#2 0x55692975dbcb <unknown>\n#3 0x55692975deb1 <unknown>\n#4 0x5569297a1b24 <unknown>\n#5 0x5569297808cd <unknown>\n#6 0x55692979f04a <unknown>\n#7 0x556929780643 <unknown>\n#8 0x556929750d31 <unknown>\n#9 0x55692975179e <unknown>\n#10 0x556929a0525b <unknown>\n#11 0x556929a091f2 <unknown>\n#12 0x5569299f2615 <unknown>\n#13 0x556929a09d82 <unknown>\n#14 0x5569299d725f <unknown>\n#15 0x556929a2ce68 <unknown>\n#16 0x556929a2d040 <unknown>\n#17 0x556929a3c49c <unknown>\n#18 0x7f3b2fc14134 <unknown>","time":{"start":1724202129874,"stop":1724202130311,"duration":437}},{"uid":"c60657490ee1d86b","reportUrl":"https://Nat754.github.io/StroyremAutomation/405//#testresult/c60657490ee1d86b","status":"skipped","statusDetails":"XFAIL\n\nselenium.common.exceptions.NoSuchElementException: Message: no such element: Unable to locate element: {\"method\":\"xpath\",\"selector\":\"(//a[@class='add-to-cart yellow-btn'])[1]\"}\n  (Session info: chrome-headless-shell=127.0.6533.119); For documentation on this error, please visit: https://www.selenium.dev/documentation/webdriver/troubleshooting/errors#no-such-element-exception\nStacktrace:\n#0 0x563da45336ca <unknown>\n#1 0x563da4204600 <unknown>\n#2 0x563da4253bcb <unknown>\n#3 0x563da4253eb1 <unknown>\n#4 0x563da4297b24 <unknown>\n#5 0x563da42768cd <unknown>\n#6 0x563da429504a <unknown>\n#7 0x563da4276643 <unknown>\n#8 0x563da4246d31 <unknown>\n#9 0x563da424779e <unknown>\n#10 0x563da44fb25b <unknown>\n#11 0x563da44ff1f2 <unknown>\n#12 0x563da44e8615 <unknown>\n#13 0x563da44ffd82 <unknown>\n#14 0x563da44cd25f <unknown>\n#15 0x563da4522e68 <unknown>\n#16 0x563da4523040 <unknown>\n#17 0x563da453249c <unknown>\n#18 0x7f1e4e269134 <unknown>","time":{"start":1724115733526,"stop":1724115734149,"duration":623}},{"uid":"2bf7e5b3baf02c81","reportUrl":"https://Nat754.github.io/StroyremAutomation/404//#testresult/2bf7e5b3baf02c81","status":"skipped","statusDetails":"XFAIL\n\nselenium.common.exceptions.NoSuchElementException: Message: no such element: Unable to locate element: {\"method\":\"xpath\",\"selector\":\"(//a[@class='add-to-cart yellow-btn'])[1]\"}\n  (Session info: chrome-headless-shell=127.0.6533.119); For documentation on this error, please visit: https://www.selenium.dev/documentation/webdriver/troubleshooting/errors#no-such-element-exception\nStacktrace:\n#0 0x557a140a06ca <unknown>\n#1 0x557a13d71600 <unknown>\n#2 0x557a13dc0bcb <unknown>\n#3 0x557a13dc0eb1 <unknown>\n#4 0x557a13e04b24 <unknown>\n#5 0x557a13de38cd <unknown>\n#6 0x557a13e0204a <unknown>\n#7 0x557a13de3643 <unknown>\n#8 0x557a13db3d31 <unknown>\n#9 0x557a13db479e <unknown>\n#10 0x557a1406825b <unknown>\n#11 0x557a1406c1f2 <unknown>\n#12 0x557a14055615 <unknown>\n#13 0x557a1406cd82 <unknown>\n#14 0x557a1403a25f <unknown>\n#15 0x557a1408fe68 <unknown>\n#16 0x557a14090040 <unknown>\n#17 0x557a1409f49c <unknown>\n#18 0x7ffb65163134 <unknown>","time":{"start":1724029313256,"stop":1724029313552,"duration":296}},{"uid":"70f4dded5284abd8","reportUrl":"https://Nat754.github.io/StroyremAutomation/403//#testresult/70f4dded5284abd8","status":"skipped","statusDetails":"XFAIL\n\nselenium.common.exceptions.NoSuchElementException: Message: no such element: Unable to locate element: {\"method\":\"xpath\",\"selector\":\"(//a[@class='add-to-cart yellow-btn'])[1]\"}\n  (Session info: chrome-headless-shell=127.0.6533.119); For documentation on this error, please visit: https://www.selenium.dev/documentation/webdriver/troubleshooting/errors#no-such-element-exception\nStacktrace:\n#0 0x564b5ec4d6ca <unknown>\n#1 0x564b5e91e600 <unknown>\n#2 0x564b5e96dbcb <unknown>\n#3 0x564b5e96deb1 <unknown>\n#4 0x564b5e9b1b24 <unknown>\n#5 0x564b5e9908cd <unknown>\n#6 0x564b5e9af04a <unknown>\n#7 0x564b5e990643 <unknown>\n#8 0x564b5e960d31 <unknown>\n#9 0x564b5e96179e <unknown>\n#10 0x564b5ec1525b <unknown>\n#11 0x564b5ec191f2 <unknown>\n#12 0x564b5ec02615 <unknown>\n#13 0x564b5ec19d82 <unknown>\n#14 0x564b5ebe725f <unknown>\n#15 0x564b5ec3ce68 <unknown>\n#16 0x564b5ec3d040 <unknown>\n#17 0x564b5ec4c49c <unknown>\n#18 0x7f04bf9a7134 <unknown>","time":{"start":1723943118714,"stop":1723943119055,"duration":341}},{"uid":"2ad2c6a88707688","reportUrl":"https://Nat754.github.io/StroyremAutomation/402//#testresult/2ad2c6a88707688","status":"skipped","statusDetails":"XFAIL\n\nselenium.common.exceptions.NoSuchElementException: Message: no such element: Unable to locate element: {\"method\":\"xpath\",\"selector\":\"(//a[@class='add-to-cart yellow-btn'])[1]\"}\n  (Session info: chrome-headless-shell=127.0.6533.119); For documentation on this error, please visit: https://www.selenium.dev/documentation/webdriver/troubleshooting/errors#no-such-element-exception\nStacktrace:\n#0 0x562405c0b6ca <unknown>\n#1 0x5624058dc600 <unknown>\n#2 0x56240592bbcb <unknown>\n#3 0x56240592beb1 <unknown>\n#4 0x56240596fb24 <unknown>\n#5 0x56240594e8cd <unknown>\n#6 0x56240596d04a <unknown>\n#7 0x56240594e643 <unknown>\n#8 0x56240591ed31 <unknown>\n#9 0x56240591f79e <unknown>\n#10 0x562405bd325b <unknown>\n#11 0x562405bd71f2 <unknown>\n#12 0x562405bc0615 <unknown>\n#13 0x562405bd7d82 <unknown>\n#14 0x562405ba525f <unknown>\n#15 0x562405bfae68 <unknown>\n#16 0x562405bfb040 <unknown>\n#17 0x562405c0a49c <unknown>\n#18 0x7f3847c12134 <unknown>","time":{"start":1723856363744,"stop":1723856364379,"duration":635}},{"uid":"6b49e1d53f3ca4e","reportUrl":"https://Nat754.github.io/StroyremAutomation/401//#testresult/6b49e1d53f3ca4e","status":"skipped","statusDetails":"XFAIL\n\nselenium.common.exceptions.NoSuchElementException: Message: no such element: Unable to locate element: {\"method\":\"xpath\",\"selector\":\"(//a[@class='add-to-cart yellow-btn'])[1]\"}\n  (Session info: chrome-headless-shell=127.0.6533.119); For documentation on this error, please visit: https://www.selenium.dev/documentation/webdriver/troubleshooting/errors#no-such-element-exception\nStacktrace:\n#0 0x5612070856ca <unknown>\n#1 0x561206d56600 <unknown>\n#2 0x561206da5bcb <unknown>\n#3 0x561206da5eb1 <unknown>\n#4 0x561206de9b24 <unknown>\n#5 0x561206dc88cd <unknown>\n#6 0x561206de704a <unknown>\n#7 0x561206dc8643 <unknown>\n#8 0x561206d98d31 <unknown>\n#9 0x561206d9979e <unknown>\n#10 0x56120704d25b <unknown>\n#11 0x5612070511f2 <unknown>\n#12 0x56120703a615 <unknown>\n#13 0x561207051d82 <unknown>\n#14 0x56120701f25f <unknown>\n#15 0x561207074e68 <unknown>\n#16 0x561207075040 <unknown>\n#17 0x56120708449c <unknown>\n#18 0x7f9ef160d134 <unknown>","time":{"start":1723770071692,"stop":1723770072023,"duration":331}},{"uid":"db0f8770cbb88285","reportUrl":"https://Nat754.github.io/StroyremAutomation/400//#testresult/db0f8770cbb88285","status":"skipped","statusDetails":"XFAIL\n\nselenium.common.exceptions.NoSuchElementException: Message: no such element: Unable to locate element: {\"method\":\"xpath\",\"selector\":\"(//a[@class='add-to-cart yellow-btn'])[1]\"}\n  (Session info: chrome-headless-shell=127.0.6533.119); For documentation on this error, please visit: https://www.selenium.dev/documentation/webdriver/troubleshooting/errors#no-such-element-exception\nStacktrace:\n#0 0x563ed70516ca <unknown>\n#1 0x563ed6d22600 <unknown>\n#2 0x563ed6d71bcb <unknown>\n#3 0x563ed6d71eb1 <unknown>\n#4 0x563ed6db5b24 <unknown>\n#5 0x563ed6d948cd <unknown>\n#6 0x563ed6db304a <unknown>\n#7 0x563ed6d94643 <unknown>\n#8 0x563ed6d64d31 <unknown>\n#9 0x563ed6d6579e <unknown>\n#10 0x563ed701925b <unknown>\n#11 0x563ed701d1f2 <unknown>\n#12 0x563ed7006615 <unknown>\n#13 0x563ed701dd82 <unknown>\n#14 0x563ed6feb25f <unknown>\n#15 0x563ed7040e68 <unknown>\n#16 0x563ed7041040 <unknown>\n#17 0x563ed705049c <unknown>\n#18 0x7f07d47cf134 <unknown>","time":{"start":1723683558680,"stop":1723683559017,"duration":337}},{"uid":"6a0f02ecbb5d5aac","reportUrl":"https://Nat754.github.io/StroyremAutomation/399//#testresult/6a0f02ecbb5d5aac","status":"skipped","statusDetails":"XFAIL\n\nselenium.common.exceptions.NoSuchElementException: Message: no such element: Unable to locate element: {\"method\":\"xpath\",\"selector\":\"(//a[@class='add-to-cart yellow-btn'])[1]\"}\n  (Session info: chrome-headless-shell=127.0.6533.119); For documentation on this error, please visit: https://www.selenium.dev/documentation/webdriver/troubleshooting/errors#no-such-element-exception\nStacktrace:\n#0 0x55e8ef4e26ca <unknown>\n#1 0x55e8ef1b3600 <unknown>\n#2 0x55e8ef202bcb <unknown>\n#3 0x55e8ef202eb1 <unknown>\n#4 0x55e8ef246b24 <unknown>\n#5 0x55e8ef2258cd <unknown>\n#6 0x55e8ef24404a <unknown>\n#7 0x55e8ef225643 <unknown>\n#8 0x55e8ef1f5d31 <unknown>\n#9 0x55e8ef1f679e <unknown>\n#10 0x55e8ef4aa25b <unknown>\n#11 0x55e8ef4ae1f2 <unknown>\n#12 0x55e8ef497615 <unknown>\n#13 0x55e8ef4aed82 <unknown>\n#14 0x55e8ef47c25f <unknown>\n#15 0x55e8ef4d1e68 <unknown>\n#16 0x55e8ef4d2040 <unknown>\n#17 0x55e8ef4e149c <unknown>\n#18 0x7f41c4a48134 <unknown>","time":{"start":1723597289572,"stop":1723597290005,"duration":433}},{"uid":"9ff8d1f70b5870c0","reportUrl":"https://Nat754.github.io/StroyremAutomation/398//#testresult/9ff8d1f70b5870c0","status":"skipped","statusDetails":"XFAIL\n\nselenium.common.exceptions.NoSuchElementException: Message: no such element: Unable to locate element: {\"method\":\"xpath\",\"selector\":\"(//a[@class='add-to-cart yellow-btn'])[1]\"}\n  (Session info: chrome-headless-shell=127.0.6533.99); For documentation on this error, please visit: https://www.selenium.dev/documentation/webdriver/troubleshooting/errors#no-such-element-exception\nStacktrace:\n#0 0x563447f9e6aa <unknown>\n#1 0x563447c6f600 <unknown>\n#2 0x563447cbebcb <unknown>\n#3 0x563447cbeeb1 <unknown>\n#4 0x563447d02b24 <unknown>\n#5 0x563447ce18cd <unknown>\n#6 0x563447d0004a <unknown>\n#7 0x563447ce1643 <unknown>\n#8 0x563447cb1d31 <unknown>\n#9 0x563447cb279e <unknown>\n#10 0x563447f6623b <unknown>\n#11 0x563447f6a1d2 <unknown>\n#12 0x563447f535f5 <unknown>\n#13 0x563447f6ad62 <unknown>\n#14 0x563447f3823f <unknown>\n#15 0x563447f8de48 <unknown>\n#16 0x563447f8e020 <unknown>\n#17 0x563447f9d47c <unknown>\n#18 0x7f32d6e5f134 <unknown>","time":{"start":1723510989292,"stop":1723510989890,"duration":598}},{"uid":"8507273cf04726d6","reportUrl":"https://Nat754.github.io/StroyremAutomation/397//#testresult/8507273cf04726d6","status":"skipped","statusDetails":"XFAIL\n\nselenium.common.exceptions.NoSuchElementException: Message: no such element: Unable to locate element: {\"method\":\"xpath\",\"selector\":\"(//a[@class='add-to-cart yellow-btn'])[1]\"}\n  (Session info: chrome-headless-shell=127.0.6533.99); For documentation on this error, please visit: https://www.selenium.dev/documentation/webdriver/troubleshooting/errors#no-such-element-exception\nStacktrace:\n#0 0x561e88a286aa <unknown>\n#1 0x561e886f9600 <unknown>\n#2 0x561e88748bcb <unknown>\n#3 0x561e88748eb1 <unknown>\n#4 0x561e8878cb24 <unknown>\n#5 0x561e8876b8cd <unknown>\n#6 0x561e8878a04a <unknown>\n#7 0x561e8876b643 <unknown>\n#8 0x561e8873bd31 <unknown>\n#9 0x561e8873c79e <unknown>\n#10 0x561e889f023b <unknown>\n#11 0x561e889f41d2 <unknown>\n#12 0x561e889dd5f5 <unknown>\n#13 0x561e889f4d62 <unknown>\n#14 0x561e889c223f <unknown>\n#15 0x561e88a17e48 <unknown>\n#16 0x561e88a18020 <unknown>\n#17 0x561e88a2747c <unknown>\n#18 0x7fa92a949134 <unknown>","time":{"start":1723424617511,"stop":1723424617838,"duration":327}},{"uid":"9f43e58ff1e4f680","reportUrl":"https://Nat754.github.io/StroyremAutomation/396//#testresult/9f43e58ff1e4f680","status":"skipped","statusDetails":"XFAIL\n\nselenium.common.exceptions.NoSuchElementException: Message: no such element: Unable to locate element: {\"method\":\"xpath\",\"selector\":\"(//a[@class='add-to-cart yellow-btn'])[1]\"}\n  (Session info: chrome-headless-shell=127.0.6533.99); For documentation on this error, please visit: https://www.selenium.dev/documentation/webdriver/troubleshooting/errors#no-such-element-exception\nStacktrace:\n#0 0x5591f64026aa <unknown>\n#1 0x5591f60d3600 <unknown>\n#2 0x5591f6122bcb <unknown>\n#3 0x5591f6122eb1 <unknown>\n#4 0x5591f6166b24 <unknown>\n#5 0x5591f61458cd <unknown>\n#6 0x5591f616404a <unknown>\n#7 0x5591f6145643 <unknown>\n#8 0x5591f6115d31 <unknown>\n#9 0x5591f611679e <unknown>\n#10 0x5591f63ca23b <unknown>\n#11 0x5591f63ce1d2 <unknown>\n#12 0x5591f63b75f5 <unknown>\n#13 0x5591f63ced62 <unknown>\n#14 0x5591f639c23f <unknown>\n#15 0x5591f63f1e48 <unknown>\n#16 0x5591f63f2020 <unknown>\n#17 0x5591f640147c <unknown>\n#18 0x7f0ac7804134 <unknown>","time":{"start":1723338423707,"stop":1723338424154,"duration":447}},{"uid":"a9310e6a9bae5232","reportUrl":"https://Nat754.github.io/StroyremAutomation/395//#testresult/a9310e6a9bae5232","status":"skipped","statusDetails":"XFAIL\n\nselenium.common.exceptions.NoSuchElementException: Message: no such element: Unable to locate element: {\"method\":\"xpath\",\"selector\":\"(//a[@class='add-to-cart yellow-btn'])[1]\"}\n  (Session info: chrome-headless-shell=127.0.6533.99); For documentation on this error, please visit: https://www.selenium.dev/documentation/webdriver/troubleshooting/errors#no-such-element-exception\nStacktrace:\n#0 0x55dfb35ec6aa <unknown>\n#1 0x55dfb32bd600 <unknown>\n#2 0x55dfb330cbcb <unknown>\n#3 0x55dfb330ceb1 <unknown>\n#4 0x55dfb3350b24 <unknown>\n#5 0x55dfb332f8cd <unknown>\n#6 0x55dfb334e04a <unknown>\n#7 0x55dfb332f643 <unknown>\n#8 0x55dfb32ffd31 <unknown>\n#9 0x55dfb330079e <unknown>\n#10 0x55dfb35b423b <unknown>\n#11 0x55dfb35b81d2 <unknown>\n#12 0x55dfb35a15f5 <unknown>\n#13 0x55dfb35b8d62 <unknown>\n#14 0x55dfb358623f <unknown>\n#15 0x55dfb35dbe48 <unknown>\n#16 0x55dfb35dc020 <unknown>\n#17 0x55dfb35eb47c <unknown>\n#18 0x7f26cfe39134 <unknown>","time":{"start":1723251655404,"stop":1723251655873,"duration":469}},{"uid":"3413335a0e253fde","reportUrl":"https://Nat754.github.io/StroyremAutomation/394//#testresult/3413335a0e253fde","status":"skipped","statusDetails":"XFAIL\n\nselenium.common.exceptions.NoSuchElementException: Message: no such element: Unable to locate element: {\"method\":\"xpath\",\"selector\":\"(//a[@class='add-to-cart yellow-btn'])[1]\"}\n  (Session info: chrome-headless-shell=127.0.6533.99); For documentation on this error, please visit: https://www.selenium.dev/documentation/webdriver/troubleshooting/errors#no-such-element-exception\nStacktrace:\n#0 0x55bbcf7a96aa <unknown>\n#1 0x55bbcf47a600 <unknown>\n#2 0x55bbcf4c9bcb <unknown>\n#3 0x55bbcf4c9eb1 <unknown>\n#4 0x55bbcf50db24 <unknown>\n#5 0x55bbcf4ec8cd <unknown>\n#6 0x55bbcf50b04a <unknown>\n#7 0x55bbcf4ec643 <unknown>\n#8 0x55bbcf4bcd31 <unknown>\n#9 0x55bbcf4bd79e <unknown>\n#10 0x55bbcf77123b <unknown>\n#11 0x55bbcf7751d2 <unknown>\n#12 0x55bbcf75e5f5 <unknown>\n#13 0x55bbcf775d62 <unknown>\n#14 0x55bbcf74323f <unknown>\n#15 0x55bbcf798e48 <unknown>\n#16 0x55bbcf799020 <unknown>\n#17 0x55bbcf7a847c <unknown>\n#18 0x7f68be1cb134 <unknown>","time":{"start":1723165321574,"stop":1723165321927,"duration":353}},{"uid":"42d786a7b7f4f619","reportUrl":"https://Nat754.github.io/StroyremAutomation/393//#testresult/42d786a7b7f4f619","status":"skipped","statusDetails":"XFAIL\n\nselenium.common.exceptions.NoSuchElementException: Message: no such element: Unable to locate element: {\"method\":\"xpath\",\"selector\":\"(//a[@class='add-to-cart yellow-btn'])[1]\"}\n  (Session info: chrome-headless-shell=127.0.6533.99); For documentation on this error, please visit: https://www.selenium.dev/documentation/webdriver/troubleshooting/errors#no-such-element-exception\nStacktrace:\n#0 0x5650d95006aa <unknown>\n#1 0x5650d91d1600 <unknown>\n#2 0x5650d9220bcb <unknown>\n#3 0x5650d9220eb1 <unknown>\n#4 0x5650d9264b24 <unknown>\n#5 0x5650d92438cd <unknown>\n#6 0x5650d926204a <unknown>\n#7 0x5650d9243643 <unknown>\n#8 0x5650d9213d31 <unknown>\n#9 0x5650d921479e <unknown>\n#10 0x5650d94c823b <unknown>\n#11 0x5650d94cc1d2 <unknown>\n#12 0x5650d94b55f5 <unknown>\n#13 0x5650d94ccd62 <unknown>\n#14 0x5650d949a23f <unknown>\n#15 0x5650d94efe48 <unknown>\n#16 0x5650d94f0020 <unknown>\n#17 0x5650d94ff47c <unknown>\n#18 0x7fbdbb7db134 <unknown>","time":{"start":1723078894518,"stop":1723078895103,"duration":585}},{"uid":"eddff9f8ad8fb7b1","reportUrl":"https://Nat754.github.io/StroyremAutomation/392//#testresult/eddff9f8ad8fb7b1","status":"skipped","statusDetails":"XFAIL\n\nselenium.common.exceptions.NoSuchElementException: Message: no such element: Unable to locate element: {\"method\":\"xpath\",\"selector\":\"(//a[@class='add-to-cart yellow-btn'])[1]\"}\n  (Session info: chrome-headless-shell=127.0.6533.99); For documentation on this error, please visit: https://www.selenium.dev/documentation/webdriver/troubleshooting/errors#no-such-element-exception\nStacktrace:\n#0 0x55fc435636aa <unknown>\n#1 0x55fc43234600 <unknown>\n#2 0x55fc43283bcb <unknown>\n#3 0x55fc43283eb1 <unknown>\n#4 0x55fc432c7b24 <unknown>\n#5 0x55fc432a68cd <unknown>\n#6 0x55fc432c504a <unknown>\n#7 0x55fc432a6643 <unknown>\n#8 0x55fc43276d31 <unknown>\n#9 0x55fc4327779e <unknown>\n#10 0x55fc4352b23b <unknown>\n#11 0x55fc4352f1d2 <unknown>\n#12 0x55fc435185f5 <unknown>\n#13 0x55fc4352fd62 <unknown>\n#14 0x55fc434fd23f <unknown>\n#15 0x55fc43552e48 <unknown>\n#16 0x55fc43553020 <unknown>\n#17 0x55fc4356247c <unknown>\n#18 0x7f2cc2d7a134 <unknown>","time":{"start":1722992544403,"stop":1722992544733,"duration":330}},{"uid":"f48867616f8a56bf","reportUrl":"https://Nat754.github.io/StroyremAutomation/391//#testresult/f48867616f8a56bf","status":"skipped","statusDetails":"XFAIL\n\nselenium.common.exceptions.NoSuchElementException: Message: no such element: Unable to locate element: {\"method\":\"xpath\",\"selector\":\"(//a[@class='add-to-cart yellow-btn'])[1]\"}\n  (Session info: chrome-headless-shell=127.0.6533.88); For documentation on this error, please visit: https://www.selenium.dev/documentation/webdriver/troubleshooting/errors#no-such-element-exception\nStacktrace:\n#0 0x55d183be471a <unknown>\n#1 0x55d1838b5640 <unknown>\n#2 0x55d183904c0b <unknown>\n#3 0x55d183904ef1 <unknown>\n#4 0x55d183948b64 <unknown>\n#5 0x55d18392790d <unknown>\n#6 0x55d18394608a <unknown>\n#7 0x55d183927683 <unknown>\n#8 0x55d1838f7d71 <unknown>\n#9 0x55d1838f87de <unknown>\n#10 0x55d183bac2ab <unknown>\n#11 0x55d183bb0242 <unknown>\n#12 0x55d183b99665 <unknown>\n#13 0x55d183bb0dd2 <unknown>\n#14 0x55d183b7e2af <unknown>\n#15 0x55d183bd3eb8 <unknown>\n#16 0x55d183bd4090 <unknown>\n#17 0x55d183be34ec <unknown>\n#18 0x7f578792b134 <unknown>","time":{"start":1722906060588,"stop":1722906061224,"duration":636}},{"uid":"fd54539ef0cb120e","reportUrl":"https://Nat754.github.io/StroyremAutomation/390//#testresult/fd54539ef0cb120e","status":"skipped","statusDetails":"XFAIL\n\nselenium.common.exceptions.NoSuchElementException: Message: no such element: Unable to locate element: {\"method\":\"xpath\",\"selector\":\"(//a[@class='add-to-cart yellow-btn'])[1]\"}\n  (Session info: chrome-headless-shell=127.0.6533.88); For documentation on this error, please visit: https://www.selenium.dev/documentation/webdriver/troubleshooting/errors#no-such-element-exception\nStacktrace:\n#0 0x563c7293e71a <unknown>\n#1 0x563c7260f640 <unknown>\n#2 0x563c7265ec0b <unknown>\n#3 0x563c7265eef1 <unknown>\n#4 0x563c726a2b64 <unknown>\n#5 0x563c7268190d <unknown>\n#6 0x563c726a008a <unknown>\n#7 0x563c72681683 <unknown>\n#8 0x563c72651d71 <unknown>\n#9 0x563c726527de <unknown>\n#10 0x563c729062ab <unknown>\n#11 0x563c7290a242 <unknown>\n#12 0x563c728f3665 <unknown>\n#13 0x563c7290add2 <unknown>\n#14 0x563c728d82af <unknown>\n#15 0x563c7292deb8 <unknown>\n#16 0x563c7292e090 <unknown>\n#17 0x563c7293d4ec <unknown>\n#18 0x7fab595ca134 <unknown>","time":{"start":1722819768856,"stop":1722819769152,"duration":296}},{"uid":"12806a485368fa97","reportUrl":"https://Nat754.github.io/StroyremAutomation/389//#testresult/12806a485368fa97","status":"skipped","statusDetails":"XFAIL\n\nselenium.common.exceptions.NoSuchElementException: Message: no such element: Unable to locate element: {\"method\":\"xpath\",\"selector\":\"(//a[@class='add-to-cart yellow-btn'])[1]\"}\n  (Session info: chrome-headless-shell=127.0.6533.88); For documentation on this error, please visit: https://www.selenium.dev/documentation/webdriver/troubleshooting/errors#no-such-element-exception\nStacktrace:\n#0 0x56001e24371a <unknown>\n#1 0x56001df14640 <unknown>\n#2 0x56001df63c0b <unknown>\n#3 0x56001df63ef1 <unknown>\n#4 0x56001dfa7b64 <unknown>\n#5 0x56001df8690d <unknown>\n#6 0x56001dfa508a <unknown>\n#7 0x56001df86683 <unknown>\n#8 0x56001df56d71 <unknown>\n#9 0x56001df577de <unknown>\n#10 0x56001e20b2ab <unknown>\n#11 0x56001e20f242 <unknown>\n#12 0x56001e1f8665 <unknown>\n#13 0x56001e20fdd2 <unknown>\n#14 0x56001e1dd2af <unknown>\n#15 0x56001e232eb8 <unknown>\n#16 0x56001e233090 <unknown>\n#17 0x56001e2424ec <unknown>\n#18 0x7f0a0505d134 <unknown>","time":{"start":1722733546183,"stop":1722733546620,"duration":437}}]},"tags":["@pytest.mark.xfail","smoke_test"]},"source":"94bb02c7abdd9431.json","parameterValues":["13480","366","'TD 013'","12450","'products/shtukaturka-gipsovaya-aksolit-m50-30-kg-mashinnogo-naneseniya'","4800","'https://sandboxtest.stroyrem-nn.ru/'","11000"]}