{"uid":"c895239f9f643c87","name":"test_positive_delivery_green_zone_smoke[TD 012-products/shtukaturka-gipsovaya-aksolit-m50-30-kg-mashinnogo-naneseniya-333-10000-4450-11990-12500-https://sandboxtest.stroyrem-nn.ru/]","fullName":"tests.delivery.test_delivery_calculation.TestDeliveryPageCalculation#test_positive_delivery_green_zone_smoke","historyId":"9d39cbb8c1423d43dfc259c1b0a6c01f","time":{"start":1724288563225,"stop":1724288563725,"duration":500},"status":"skipped","statusMessage":"XFAIL\n\nselenium.common.exceptions.NoSuchElementException: Message: no such element: Unable to locate element: {\"method\":\"xpath\",\"selector\":\"(//a[@class='add-to-cart yellow-btn'])[1]\"}\n  (Session info: chrome=128.0.6613.84); For documentation on this error, please visit: https://www.selenium.dev/documentation/webdriver/troubleshooting/errors#no-such-element-exception\nStacktrace:\n#0 0x560f0f4d481a <unknown>\n#1 0x560f0f1a2e50 <unknown>\n#2 0x560f0f1f2644 <unknown>\n#3 0x560f0f1f2931 <unknown>\n#4 0x560f0f238534 <unknown>\n#5 0x560f0f2174bd <unknown>\n#6 0x560f0f2359c6 <unknown>\n#7 0x560f0f217233 <unknown>\n#8 0x560f0f1e5093 <unknown>\n#9 0x560f0f1e609e <unknown>\n#10 0x560f0f49ba7b <unknown>\n#11 0x560f0f49fa31 <unknown>\n#12 0x560f0f487645 <unknown>\n#13 0x560f0f4a05a2 <unknown>\n#14 0x560f0f46c81f <unknown>\n#15 0x560f0f4c3618 <unknown>\n#16 0x560f0f4c37e2 <unknown>\n#17 0x560f0f4d360c <unknown>\n#18 0x7f5d734c0134 <unknown>","statusTrace":"self = <tests.delivery.test_delivery_calculation.TestDeliveryPageCalculation object at 0x7fa75f16fe50>\ndriver = <selenium.webdriver.chrome.webdriver.WebDriver (session=\"96134f15d0738fae1c343d6ab343b9f7\")>\nurl = 'https://sandboxtest.stroyrem-nn.ru/', case_id = 'TD 012'\nlink_item = 'products/shtukaturka-gipsovaya-aksolit-m50-30-kg-mashinnogo-naneseniya'\namount = 333, weight = 10000, standard = 4450, in_time = 11990, all_time = 12500\n\n    @pytest.mark.parametrize('case_id, link_item, amount, weight, standard, in_time, all_time', [\n        (\"TD 001\", uroven_3000, 1, 30, 0, 1590, 2190),\n        (\"TD 002\", bundeks_25, 1, 30, 400, 1590, 2190),\n        (\"TD 003\", aksolit_30, 8, 300, 400, 1590, 2190),\n        (\"TD 004\", aksolit_30, 13, 400, 450, 1590, 2190),\n        (\"TD 005\", aksolit_30, 16, 500, 600, 1590, 2190),\n        (\"TD 006\", aksolit_30, 25, 1700, 990, 1990, 2480),\n        (\"TD 007\", aksolit_30, 66, 2000, 1300, 2490, 2980),\n        (\"TD 008\", aksolit_30, 149, 4500, 2300, 3980, 4490),\n        (\"TD 009\", aksolit_30, 166, 5000, 2500, 4990, 5480),\n        pytest.param(\n            \"TD 010\", aksolit_30, 206, 6200, 2900, 5570, 6120,\n            marks=pytest.mark.xfail(reson=\"Цена доставки 3600 7960 8980\")\n        ),\n        (\"TD 011\", aksolit_30, 299, 9000, 3600, 7960, 8980),\n        (\"TD 012\", aksolit_30, 333, 10000, 4450, 11990, 12500),\n        pytest.param(\n            \"TD 013\", aksolit_30, 366, 11000, 4800, 12450, 13480,\n            marks=pytest.mark.xfail(reason=\"Цена стандартной доставки 4450\")\n        ),\n        pytest.param(\n            \"TD 014\", aksolit_30, 666, 20000, 5400, 15600, 17490,\n            marks=pytest.mark.xfail(reason=\"Цена стандартной доставки 4450\")\n        )\n    ])\n    @pytest.mark.xfail\n    @pytest.mark.smoke_test\n    def test_positive_delivery_green_zone_smoke(\n            self, driver, url, case_id, link_item, amount, weight, standard, in_time, all_time\n    ):\n    \n        driver.get(f'{url}{link_item}')\n        item_page = ItemPage(driver)\n>       item_page.add_item_to_cart(amount).click_on_cart()\n\ntests/delivery/test_delivery_calculation.py:50: \n_ _ _ _ _ _ _ _ _ _ _ _ _ _ _ _ _ _ _ _ _ _ _ _ _ _ _ _ _ _ _ _ _ _ _ _ _ _ _ _ \npages/item_page.py:40: in add_item_to_cart\n    self.find_element(self._add_item).click()\nbase/seleniumbase.py:17: in find_element\n    return self.driver.find_element(*locator)\n/usr/local/lib/python3.11/site-packages/selenium/webdriver/remote/webdriver.py:739: in find_element\n    return self.execute(Command.FIND_ELEMENT, {\"using\": by, \"value\": value})[\"value\"]\n/usr/local/lib/python3.11/site-packages/selenium/webdriver/remote/webdriver.py:345: in execute\n    self.error_handler.check_response(response)\n_ _ _ _ _ _ _ _ _ _ _ _ _ _ _ _ _ _ _ _ _ _ _ _ _ _ _ _ _ _ _ _ _ _ _ _ _ _ _ _ \n\nself = <selenium.webdriver.remote.errorhandler.ErrorHandler object at 0x7fa75f15c9d0>\nresponse = {'status': 404, 'value': '{\"value\":{\"error\":\"no such element\",\"message\":\"no such element: Unable to locate element: {\\...\\\\n#16 0x560f0f4c37e2 \\\\u003Cunknown>\\\\n#17 0x560f0f4d360c \\\\u003Cunknown>\\\\n#18 0x7f5d734c0134 \\\\u003Cunknown>\\\\n\"}}'}\n\n    def check_response(self, response: Dict[str, Any]) -> None:\n        \"\"\"Checks that a JSON response from the WebDriver does not have an\n        error.\n    \n        :Args:\n         - response - The JSON response from the WebDriver server as a dictionary\n           object.\n    \n        :Raises: If the response contains an error message.\n        \"\"\"\n        status = response.get(\"status\", None)\n        if not status or status == ErrorCode.SUCCESS:\n            return\n        value = None\n        message = response.get(\"message\", \"\")\n        screen: str = response.get(\"screen\", \"\")\n        stacktrace = None\n        if isinstance(status, int):\n            value_json = response.get(\"value\", None)\n            if value_json and isinstance(value_json, str):\n                import json\n    \n                try:\n                    value = json.loads(value_json)\n                    if len(value) == 1:\n                        value = value[\"value\"]\n                    status = value.get(\"error\", None)\n                    if not status:\n                        status = value.get(\"status\", ErrorCode.UNKNOWN_ERROR)\n                        message = value.get(\"value\") or value.get(\"message\")\n                        if not isinstance(message, str):\n                            value = message\n                            message = message.get(\"message\")\n                    else:\n                        message = value.get(\"message\", None)\n                except ValueError:\n                    pass\n    \n        exception_class: Type[WebDriverException]\n        e = ErrorCode()\n        error_codes = [item for item in dir(e) if not item.startswith(\"__\")]\n        for error_code in error_codes:\n            error_info = getattr(ErrorCode, error_code)\n            if isinstance(error_info, list) and status in error_info:\n                exception_class = getattr(ExceptionMapping, error_code, WebDriverException)\n                break\n        else:\n            exception_class = WebDriverException\n    \n        if not value:\n            value = response[\"value\"]\n        if isinstance(value, str):\n            raise exception_class(value)\n        if message == \"\" and \"message\" in value:\n            message = value[\"message\"]\n    \n        screen = None  # type: ignore[assignment]\n        if \"screen\" in value:\n            screen = value[\"screen\"]\n    \n        stacktrace = None\n        st_value = value.get(\"stackTrace\") or value.get(\"stacktrace\")\n        if st_value:\n            if isinstance(st_value, str):\n                stacktrace = st_value.split(\"\\n\")\n            else:\n                stacktrace = []\n                try:\n                    for frame in st_value:\n                        line = frame.get(\"lineNumber\", \"\")\n                        file = frame.get(\"fileName\", \"<anonymous>\")\n                        if line:\n                            file = f\"{file}:{line}\"\n                        meth = frame.get(\"methodName\", \"<anonymous>\")\n                        if \"className\" in frame:\n                            meth = f\"{frame['className']}.{meth}\"\n                        msg = \"    at %s (%s)\"\n                        msg = msg % (meth, file)\n                        stacktrace.append(msg)\n                except TypeError:\n                    pass\n        if exception_class == UnexpectedAlertPresentException:\n            alert_text = None\n            if \"data\" in value:\n                alert_text = value[\"data\"].get(\"text\")\n            elif \"alert\" in value:\n                alert_text = value[\"alert\"].get(\"text\")\n            raise exception_class(message, screen, stacktrace, alert_text)  # type: ignore[call-arg]  # mypy is not smart enough here\n>       raise exception_class(message, screen, stacktrace)\nE       selenium.common.exceptions.NoSuchElementException: Message: no such element: Unable to locate element: {\"method\":\"xpath\",\"selector\":\"(//a[@class='add-to-cart yellow-btn'])[1]\"}\nE         (Session info: chrome=128.0.6613.84); For documentation on this error, please visit: https://www.selenium.dev/documentation/webdriver/troubleshooting/errors#no-such-element-exception\nE       Stacktrace:\nE       #0 0x560f0f4d481a <unknown>\nE       #1 0x560f0f1a2e50 <unknown>\nE       #2 0x560f0f1f2644 <unknown>\nE       #3 0x560f0f1f2931 <unknown>\nE       #4 0x560f0f238534 <unknown>\nE       #5 0x560f0f2174bd <unknown>\nE       #6 0x560f0f2359c6 <unknown>\nE       #7 0x560f0f217233 <unknown>\nE       #8 0x560f0f1e5093 <unknown>\nE       #9 0x560f0f1e609e <unknown>\nE       #10 0x560f0f49ba7b <unknown>\nE       #11 0x560f0f49fa31 <unknown>\nE       #12 0x560f0f487645 <unknown>\nE       #13 0x560f0f4a05a2 <unknown>\nE       #14 0x560f0f46c81f <unknown>\nE       #15 0x560f0f4c3618 <unknown>\nE       #16 0x560f0f4c37e2 <unknown>\nE       #17 0x560f0f4d360c <unknown>\nE       #18 0x7f5d734c0134 <unknown>\n\n/usr/local/lib/python3.11/site-packages/selenium/webdriver/remote/errorhandler.py:229: NoSuchElementException","flaky":false,"newFailed":false,"newBroken":false,"newPassed":false,"retriesCount":0,"retriesStatusChange":false,"beforeStages":[{"name":"_session_faker","time":{"start":1724288307774,"stop":1724288307842,"duration":68},"status":"passed","steps":[],"attachments":[],"parameters":[],"shouldDisplayMessage":false,"stepsCount":0,"attachmentsCount":0,"hasContent":false,"attachmentStep":false},{"name":"clear_allure_results_folder","time":{"start":1724288307842,"stop":1724288307843,"duration":1},"status":"passed","steps":[],"attachments":[],"parameters":[],"shouldDisplayMessage":false,"stepsCount":0,"attachmentsCount":0,"hasContent":false,"attachmentStep":false},{"name":"driver","time":{"start":1724288562406,"stop":1724288563223,"duration":817},"status":"passed","steps":[],"attachments":[],"parameters":[],"shouldDisplayMessage":false,"stepsCount":0,"attachmentsCount":0,"hasContent":false,"attachmentStep":false},{"name":"setup","time":{"start":1724288563224,"stop":1724288563224,"duration":0},"status":"passed","steps":[],"attachments":[],"parameters":[],"shouldDisplayMessage":false,"stepsCount":0,"attachmentsCount":0,"hasContent":false,"attachmentStep":false}],"testStage":{"status":"skipped","statusMessage":"XFAIL\n\nselenium.common.exceptions.NoSuchElementException: Message: no such element: Unable to locate element: {\"method\":\"xpath\",\"selector\":\"(//a[@class='add-to-cart yellow-btn'])[1]\"}\n  (Session info: chrome=128.0.6613.84); For documentation on this error, please visit: https://www.selenium.dev/documentation/webdriver/troubleshooting/errors#no-such-element-exception\nStacktrace:\n#0 0x560f0f4d481a <unknown>\n#1 0x560f0f1a2e50 <unknown>\n#2 0x560f0f1f2644 <unknown>\n#3 0x560f0f1f2931 <unknown>\n#4 0x560f0f238534 <unknown>\n#5 0x560f0f2174bd <unknown>\n#6 0x560f0f2359c6 <unknown>\n#7 0x560f0f217233 <unknown>\n#8 0x560f0f1e5093 <unknown>\n#9 0x560f0f1e609e <unknown>\n#10 0x560f0f49ba7b <unknown>\n#11 0x560f0f49fa31 <unknown>\n#12 0x560f0f487645 <unknown>\n#13 0x560f0f4a05a2 <unknown>\n#14 0x560f0f46c81f <unknown>\n#15 0x560f0f4c3618 <unknown>\n#16 0x560f0f4c37e2 <unknown>\n#17 0x560f0f4d360c <unknown>\n#18 0x7f5d734c0134 <unknown>","statusTrace":"self = <tests.delivery.test_delivery_calculation.TestDeliveryPageCalculation object at 0x7fa75f16fe50>\ndriver = <selenium.webdriver.chrome.webdriver.WebDriver (session=\"96134f15d0738fae1c343d6ab343b9f7\")>\nurl = 'https://sandboxtest.stroyrem-nn.ru/', case_id = 'TD 012'\nlink_item = 'products/shtukaturka-gipsovaya-aksolit-m50-30-kg-mashinnogo-naneseniya'\namount = 333, weight = 10000, standard = 4450, in_time = 11990, all_time = 12500\n\n    @pytest.mark.parametrize('case_id, link_item, amount, weight, standard, in_time, all_time', [\n        (\"TD 001\", uroven_3000, 1, 30, 0, 1590, 2190),\n        (\"TD 002\", bundeks_25, 1, 30, 400, 1590, 2190),\n        (\"TD 003\", aksolit_30, 8, 300, 400, 1590, 2190),\n        (\"TD 004\", aksolit_30, 13, 400, 450, 1590, 2190),\n        (\"TD 005\", aksolit_30, 16, 500, 600, 1590, 2190),\n        (\"TD 006\", aksolit_30, 25, 1700, 990, 1990, 2480),\n        (\"TD 007\", aksolit_30, 66, 2000, 1300, 2490, 2980),\n        (\"TD 008\", aksolit_30, 149, 4500, 2300, 3980, 4490),\n        (\"TD 009\", aksolit_30, 166, 5000, 2500, 4990, 5480),\n        pytest.param(\n            \"TD 010\", aksolit_30, 206, 6200, 2900, 5570, 6120,\n            marks=pytest.mark.xfail(reson=\"Цена доставки 3600 7960 8980\")\n        ),\n        (\"TD 011\", aksolit_30, 299, 9000, 3600, 7960, 8980),\n        (\"TD 012\", aksolit_30, 333, 10000, 4450, 11990, 12500),\n        pytest.param(\n            \"TD 013\", aksolit_30, 366, 11000, 4800, 12450, 13480,\n            marks=pytest.mark.xfail(reason=\"Цена стандартной доставки 4450\")\n        ),\n        pytest.param(\n            \"TD 014\", aksolit_30, 666, 20000, 5400, 15600, 17490,\n            marks=pytest.mark.xfail(reason=\"Цена стандартной доставки 4450\")\n        )\n    ])\n    @pytest.mark.xfail\n    @pytest.mark.smoke_test\n    def test_positive_delivery_green_zone_smoke(\n            self, driver, url, case_id, link_item, amount, weight, standard, in_time, all_time\n    ):\n    \n        driver.get(f'{url}{link_item}')\n        item_page = ItemPage(driver)\n>       item_page.add_item_to_cart(amount).click_on_cart()\n\ntests/delivery/test_delivery_calculation.py:50: \n_ _ _ _ _ _ _ _ _ _ _ _ _ _ _ _ _ _ _ _ _ _ _ _ _ _ _ _ _ _ _ _ _ _ _ _ _ _ _ _ \npages/item_page.py:40: in add_item_to_cart\n    self.find_element(self._add_item).click()\nbase/seleniumbase.py:17: in find_element\n    return self.driver.find_element(*locator)\n/usr/local/lib/python3.11/site-packages/selenium/webdriver/remote/webdriver.py:739: in find_element\n    return self.execute(Command.FIND_ELEMENT, {\"using\": by, \"value\": value})[\"value\"]\n/usr/local/lib/python3.11/site-packages/selenium/webdriver/remote/webdriver.py:345: in execute\n    self.error_handler.check_response(response)\n_ _ _ _ _ _ _ _ _ _ _ _ _ _ _ _ _ _ _ _ _ _ _ _ _ _ _ _ _ _ _ _ _ _ _ _ _ _ _ _ \n\nself = <selenium.webdriver.remote.errorhandler.ErrorHandler object at 0x7fa75f15c9d0>\nresponse = {'status': 404, 'value': '{\"value\":{\"error\":\"no such element\",\"message\":\"no such element: Unable to locate element: {\\...\\\\n#16 0x560f0f4c37e2 \\\\u003Cunknown>\\\\n#17 0x560f0f4d360c \\\\u003Cunknown>\\\\n#18 0x7f5d734c0134 \\\\u003Cunknown>\\\\n\"}}'}\n\n    def check_response(self, response: Dict[str, Any]) -> None:\n        \"\"\"Checks that a JSON response from the WebDriver does not have an\n        error.\n    \n        :Args:\n         - response - The JSON response from the WebDriver server as a dictionary\n           object.\n    \n        :Raises: If the response contains an error message.\n        \"\"\"\n        status = response.get(\"status\", None)\n        if not status or status == ErrorCode.SUCCESS:\n            return\n        value = None\n        message = response.get(\"message\", \"\")\n        screen: str = response.get(\"screen\", \"\")\n        stacktrace = None\n        if isinstance(status, int):\n            value_json = response.get(\"value\", None)\n            if value_json and isinstance(value_json, str):\n                import json\n    \n                try:\n                    value = json.loads(value_json)\n                    if len(value) == 1:\n                        value = value[\"value\"]\n                    status = value.get(\"error\", None)\n                    if not status:\n                        status = value.get(\"status\", ErrorCode.UNKNOWN_ERROR)\n                        message = value.get(\"value\") or value.get(\"message\")\n                        if not isinstance(message, str):\n                            value = message\n                            message = message.get(\"message\")\n                    else:\n                        message = value.get(\"message\", None)\n                except ValueError:\n                    pass\n    \n        exception_class: Type[WebDriverException]\n        e = ErrorCode()\n        error_codes = [item for item in dir(e) if not item.startswith(\"__\")]\n        for error_code in error_codes:\n            error_info = getattr(ErrorCode, error_code)\n            if isinstance(error_info, list) and status in error_info:\n                exception_class = getattr(ExceptionMapping, error_code, WebDriverException)\n                break\n        else:\n            exception_class = WebDriverException\n    \n        if not value:\n            value = response[\"value\"]\n        if isinstance(value, str):\n            raise exception_class(value)\n        if message == \"\" and \"message\" in value:\n            message = value[\"message\"]\n    \n        screen = None  # type: ignore[assignment]\n        if \"screen\" in value:\n            screen = value[\"screen\"]\n    \n        stacktrace = None\n        st_value = value.get(\"stackTrace\") or value.get(\"stacktrace\")\n        if st_value:\n            if isinstance(st_value, str):\n                stacktrace = st_value.split(\"\\n\")\n            else:\n                stacktrace = []\n                try:\n                    for frame in st_value:\n                        line = frame.get(\"lineNumber\", \"\")\n                        file = frame.get(\"fileName\", \"<anonymous>\")\n                        if line:\n                            file = f\"{file}:{line}\"\n                        meth = frame.get(\"methodName\", \"<anonymous>\")\n                        if \"className\" in frame:\n                            meth = f\"{frame['className']}.{meth}\"\n                        msg = \"    at %s (%s)\"\n                        msg = msg % (meth, file)\n                        stacktrace.append(msg)\n                except TypeError:\n                    pass\n        if exception_class == UnexpectedAlertPresentException:\n            alert_text = None\n            if \"data\" in value:\n                alert_text = value[\"data\"].get(\"text\")\n            elif \"alert\" in value:\n                alert_text = value[\"alert\"].get(\"text\")\n            raise exception_class(message, screen, stacktrace, alert_text)  # type: ignore[call-arg]  # mypy is not smart enough here\n>       raise exception_class(message, screen, stacktrace)\nE       selenium.common.exceptions.NoSuchElementException: Message: no such element: Unable to locate element: {\"method\":\"xpath\",\"selector\":\"(//a[@class='add-to-cart yellow-btn'])[1]\"}\nE         (Session info: chrome=128.0.6613.84); For documentation on this error, please visit: https://www.selenium.dev/documentation/webdriver/troubleshooting/errors#no-such-element-exception\nE       Stacktrace:\nE       #0 0x560f0f4d481a <unknown>\nE       #1 0x560f0f1a2e50 <unknown>\nE       #2 0x560f0f1f2644 <unknown>\nE       #3 0x560f0f1f2931 <unknown>\nE       #4 0x560f0f238534 <unknown>\nE       #5 0x560f0f2174bd <unknown>\nE       #6 0x560f0f2359c6 <unknown>\nE       #7 0x560f0f217233 <unknown>\nE       #8 0x560f0f1e5093 <unknown>\nE       #9 0x560f0f1e609e <unknown>\nE       #10 0x560f0f49ba7b <unknown>\nE       #11 0x560f0f49fa31 <unknown>\nE       #12 0x560f0f487645 <unknown>\nE       #13 0x560f0f4a05a2 <unknown>\nE       #14 0x560f0f46c81f <unknown>\nE       #15 0x560f0f4c3618 <unknown>\nE       #16 0x560f0f4c37e2 <unknown>\nE       #17 0x560f0f4d360c <unknown>\nE       #18 0x7f5d734c0134 <unknown>\n\n/usr/local/lib/python3.11/site-packages/selenium/webdriver/remote/errorhandler.py:229: NoSuchElementException","steps":[{"name":"Добавляем товар в корзину в количестве 333","time":{"start":1724288563704,"stop":1724288563724,"duration":20},"status":"broken","statusMessage":"selenium.common.exceptions.NoSuchElementException: Message: no such element: Unable to locate element: {\"method\":\"xpath\",\"selector\":\"(//a[@class='add-to-cart yellow-btn'])[1]\"}\n  (Session info: chrome=128.0.6613.84); For documentation on this error, please visit: https://www.selenium.dev/documentation/webdriver/troubleshooting/errors#no-such-element-exception\nStacktrace:\n#0 0x560f0f4d481a <unknown>\n#1 0x560f0f1a2e50 <unknown>\n#2 0x560f0f1f2644 <unknown>\n#3 0x560f0f1f2931 <unknown>\n#4 0x560f0f238534 <unknown>\n#5 0x560f0f2174bd <unknown>\n#6 0x560f0f2359c6 <unknown>\n#7 0x560f0f217233 <unknown>\n#8 0x560f0f1e5093 <unknown>\n#9 0x560f0f1e609e <unknown>\n#10 0x560f0f49ba7b <unknown>\n#11 0x560f0f49fa31 <unknown>\n#12 0x560f0f487645 <unknown>\n#13 0x560f0f4a05a2 <unknown>\n#14 0x560f0f46c81f <unknown>\n#15 0x560f0f4c3618 <unknown>\n#16 0x560f0f4c37e2 <unknown>\n#17 0x560f0f4d360c <unknown>\n#18 0x7f5d734c0134 <unknown>\n\n","statusTrace":"  File \"/usr/local/lib/python3.11/site-packages/allure_commons/_allure.py\", line 192, in impl\n    return func(*a, **kw)\n           ^^^^^^^^^^^^^^\n  File \"/app/pages/item_page.py\", line 40, in add_item_to_cart\n    self.find_element(self._add_item).click()\n    ^^^^^^^^^^^^^^^^^^^^^^^^^^^^^^^^^\n  File \"/app/base/seleniumbase.py\", line 17, in find_element\n    return self.driver.find_element(*locator)\n           ^^^^^^^^^^^^^^^^^^^^^^^^^^^^^^^^^^\n  File \"/usr/local/lib/python3.11/site-packages/selenium/webdriver/remote/webdriver.py\", line 739, in find_element\n    return self.execute(Command.FIND_ELEMENT, {\"using\": by, \"value\": value})[\"value\"]\n           ^^^^^^^^^^^^^^^^^^^^^^^^^^^^^^^^^^^^^^^^^^^^^^^^^^^^^^^^^^^^^^^^^\n  File \"/usr/local/lib/python3.11/site-packages/selenium/webdriver/remote/webdriver.py\", line 345, in execute\n    self.error_handler.check_response(response)\n  File \"/usr/local/lib/python3.11/site-packages/selenium/webdriver/remote/errorhandler.py\", line 229, in check_response\n    raise exception_class(message, screen, stacktrace)\n","steps":[],"attachments":[],"parameters":[{"name":"amount","value":"333"}],"shouldDisplayMessage":true,"stepsCount":0,"attachmentsCount":0,"hasContent":true,"attachmentStep":false}],"attachments":[{"uid":"9574ce637bcd2689","name":"Screenshot","source":"9574ce637bcd2689.png","type":"image/png","size":46834},{"uid":"b560e5bd533c940d","name":"HTML source","source":"b560e5bd533c940d.html","type":"text/html","size":133701}],"parameters":[],"shouldDisplayMessage":true,"stepsCount":1,"attachmentsCount":2,"hasContent":true,"attachmentStep":false},"afterStages":[{"name":"driver::0","time":{"start":1724288563841,"stop":1724288563907,"duration":66},"status":"passed","steps":[],"attachments":[],"parameters":[],"shouldDisplayMessage":false,"stepsCount":0,"attachmentsCount":0,"hasContent":false,"attachmentStep":false},{"name":"setup::0","time":{"start":1724288563841,"stop":1724288563841,"duration":0},"status":"passed","steps":[],"attachments":[],"parameters":[],"shouldDisplayMessage":false,"stepsCount":0,"attachmentsCount":0,"hasContent":false,"attachmentStep":false}],"labels":[{"name":"epic","value":"Delivery Page - calculation"},{"name":"tag","value":"smoke_test"},{"name":"tag","value":"@pytest.mark.xfail"},{"name":"parentSuite","value":"tests.delivery"},{"name":"suite","value":"test_delivery_calculation"},{"name":"subSuite","value":"TestDeliveryPageCalculation"},{"name":"host","value":"7bd3b51f4c3c"},{"name":"thread","value":"1-MainThread"},{"name":"framework","value":"pytest"},{"name":"language","value":"cpython3"},{"name":"package","value":"tests.delivery.test_delivery_calculation"},{"name":"resultFormat","value":"allure2"}],"parameters":[{"name":"all_time","value":"12500"},{"name":"amount","value":"333"},{"name":"case_id","value":"'TD 012'"},{"name":"in_time","value":"11990"},{"name":"link_item","value":"'products/shtukaturka-gipsovaya-aksolit-m50-30-kg-mashinnogo-naneseniya'"},{"name":"standard","value":"4450"},{"name":"url","value":"'https://sandboxtest.stroyrem-nn.ru/'"},{"name":"weight","value":"10000"}],"links":[],"hidden":false,"retry":false,"extra":{"severity":"normal","retries":[],"categories":[],"history":{"statistic":{"failed":0,"broken":0,"skipped":85,"passed":0,"unknown":0,"total":85},"items":[{"uid":"48d4f0152b10f0f2","reportUrl":"https://Nat754.github.io/StroyremAutomation/406//#testresult/48d4f0152b10f0f2","status":"skipped","statusDetails":"XFAIL\n\nselenium.common.exceptions.NoSuchElementException: Message: no such element: Unable to locate element: {\"method\":\"xpath\",\"selector\":\"(//a[@class='add-to-cart yellow-btn'])[1]\"}\n  (Session info: chrome-headless-shell=127.0.6533.119); For documentation on this error, please visit: https://www.selenium.dev/documentation/webdriver/troubleshooting/errors#no-such-element-exception\nStacktrace:\n#0 0x55b0e30fb6ca <unknown>\n#1 0x55b0e2dcc600 <unknown>\n#2 0x55b0e2e1bbcb <unknown>\n#3 0x55b0e2e1beb1 <unknown>\n#4 0x55b0e2e5fb24 <unknown>\n#5 0x55b0e2e3e8cd <unknown>\n#6 0x55b0e2e5d04a <unknown>\n#7 0x55b0e2e3e643 <unknown>\n#8 0x55b0e2e0ed31 <unknown>\n#9 0x55b0e2e0f79e <unknown>\n#10 0x55b0e30c325b <unknown>\n#11 0x55b0e30c71f2 <unknown>\n#12 0x55b0e30b0615 <unknown>\n#13 0x55b0e30c7d82 <unknown>\n#14 0x55b0e309525f <unknown>\n#15 0x55b0e30eae68 <unknown>\n#16 0x55b0e30eb040 <unknown>\n#17 0x55b0e30fa49c <unknown>\n#18 0x7fb32d551134 <unknown>","time":{"start":1724202128589,"stop":1724202129025,"duration":436}},{"uid":"3816623e4e6e5c71","reportUrl":"https://Nat754.github.io/StroyremAutomation/405//#testresult/3816623e4e6e5c71","status":"skipped","statusDetails":"XFAIL\n\nselenium.common.exceptions.NoSuchElementException: Message: no such element: Unable to locate element: {\"method\":\"xpath\",\"selector\":\"(//a[@class='add-to-cart yellow-btn'])[1]\"}\n  (Session info: chrome-headless-shell=127.0.6533.119); For documentation on this error, please visit: https://www.selenium.dev/documentation/webdriver/troubleshooting/errors#no-such-element-exception\nStacktrace:\n#0 0x562f2c2636ca <unknown>\n#1 0x562f2bf34600 <unknown>\n#2 0x562f2bf83bcb <unknown>\n#3 0x562f2bf83eb1 <unknown>\n#4 0x562f2bfc7b24 <unknown>\n#5 0x562f2bfa68cd <unknown>\n#6 0x562f2bfc504a <unknown>\n#7 0x562f2bfa6643 <unknown>\n#8 0x562f2bf76d31 <unknown>\n#9 0x562f2bf7779e <unknown>\n#10 0x562f2c22b25b <unknown>\n#11 0x562f2c22f1f2 <unknown>\n#12 0x562f2c218615 <unknown>\n#13 0x562f2c22fd82 <unknown>\n#14 0x562f2c1fd25f <unknown>\n#15 0x562f2c252e68 <unknown>\n#16 0x562f2c253040 <unknown>\n#17 0x562f2c26249c <unknown>\n#18 0x7fc2a3ea5134 <unknown>","time":{"start":1724115732231,"stop":1724115732673,"duration":442}},{"uid":"47edccaf61be6b68","reportUrl":"https://Nat754.github.io/StroyremAutomation/404//#testresult/47edccaf61be6b68","status":"skipped","statusDetails":"XFAIL\n\nselenium.common.exceptions.NoSuchElementException: Message: no such element: Unable to locate element: {\"method\":\"xpath\",\"selector\":\"(//a[@class='add-to-cart yellow-btn'])[1]\"}\n  (Session info: chrome-headless-shell=127.0.6533.119); For documentation on this error, please visit: https://www.selenium.dev/documentation/webdriver/troubleshooting/errors#no-such-element-exception\nStacktrace:\n#0 0x560b26ba66ca <unknown>\n#1 0x560b26877600 <unknown>\n#2 0x560b268c6bcb <unknown>\n#3 0x560b268c6eb1 <unknown>\n#4 0x560b2690ab24 <unknown>\n#5 0x560b268e98cd <unknown>\n#6 0x560b2690804a <unknown>\n#7 0x560b268e9643 <unknown>\n#8 0x560b268b9d31 <unknown>\n#9 0x560b268ba79e <unknown>\n#10 0x560b26b6e25b <unknown>\n#11 0x560b26b721f2 <unknown>\n#12 0x560b26b5b615 <unknown>\n#13 0x560b26b72d82 <unknown>\n#14 0x560b26b4025f <unknown>\n#15 0x560b26b95e68 <unknown>\n#16 0x560b26b96040 <unknown>\n#17 0x560b26ba549c <unknown>\n#18 0x7f170d561134 <unknown>","time":{"start":1724029312001,"stop":1724029312416,"duration":415}},{"uid":"34385b6ae7985bf8","reportUrl":"https://Nat754.github.io/StroyremAutomation/403//#testresult/34385b6ae7985bf8","status":"skipped","statusDetails":"XFAIL\n\nselenium.common.exceptions.NoSuchElementException: Message: no such element: Unable to locate element: {\"method\":\"xpath\",\"selector\":\"(//a[@class='add-to-cart yellow-btn'])[1]\"}\n  (Session info: chrome-headless-shell=127.0.6533.119); For documentation on this error, please visit: https://www.selenium.dev/documentation/webdriver/troubleshooting/errors#no-such-element-exception\nStacktrace:\n#0 0x55befec456ca <unknown>\n#1 0x55befe916600 <unknown>\n#2 0x55befe965bcb <unknown>\n#3 0x55befe965eb1 <unknown>\n#4 0x55befe9a9b24 <unknown>\n#5 0x55befe9888cd <unknown>\n#6 0x55befe9a704a <unknown>\n#7 0x55befe988643 <unknown>\n#8 0x55befe958d31 <unknown>\n#9 0x55befe95979e <unknown>\n#10 0x55befec0d25b <unknown>\n#11 0x55befec111f2 <unknown>\n#12 0x55befebfa615 <unknown>\n#13 0x55befec11d82 <unknown>\n#14 0x55befebdf25f <unknown>\n#15 0x55befec34e68 <unknown>\n#16 0x55befec35040 <unknown>\n#17 0x55befec4449c <unknown>\n#18 0x7f5d8fb2d134 <unknown>","time":{"start":1723943117535,"stop":1723943117868,"duration":333}},{"uid":"68f4c6dd5076777b","reportUrl":"https://Nat754.github.io/StroyremAutomation/402//#testresult/68f4c6dd5076777b","status":"skipped","statusDetails":"XFAIL\n\nselenium.common.exceptions.NoSuchElementException: Message: no such element: Unable to locate element: {\"method\":\"xpath\",\"selector\":\"(//a[@class='add-to-cart yellow-btn'])[1]\"}\n  (Session info: chrome-headless-shell=127.0.6533.119); For documentation on this error, please visit: https://www.selenium.dev/documentation/webdriver/troubleshooting/errors#no-such-element-exception\nStacktrace:\n#0 0x55e57fecb6ca <unknown>\n#1 0x55e57fb9c600 <unknown>\n#2 0x55e57fbebbcb <unknown>\n#3 0x55e57fbebeb1 <unknown>\n#4 0x55e57fc2fb24 <unknown>\n#5 0x55e57fc0e8cd <unknown>\n#6 0x55e57fc2d04a <unknown>\n#7 0x55e57fc0e643 <unknown>\n#8 0x55e57fbded31 <unknown>\n#9 0x55e57fbdf79e <unknown>\n#10 0x55e57fe9325b <unknown>\n#11 0x55e57fe971f2 <unknown>\n#12 0x55e57fe80615 <unknown>\n#13 0x55e57fe97d82 <unknown>\n#14 0x55e57fe6525f <unknown>\n#15 0x55e57febae68 <unknown>\n#16 0x55e57febb040 <unknown>\n#17 0x55e57feca49c <unknown>\n#18 0x7f0058610134 <unknown>","time":{"start":1723856362327,"stop":1723856362888,"duration":561}},{"uid":"d7852668a0926976","reportUrl":"https://Nat754.github.io/StroyremAutomation/401//#testresult/d7852668a0926976","status":"skipped","statusDetails":"XFAIL\n\nselenium.common.exceptions.NoSuchElementException: Message: no such element: Unable to locate element: {\"method\":\"xpath\",\"selector\":\"(//a[@class='add-to-cart yellow-btn'])[1]\"}\n  (Session info: chrome-headless-shell=127.0.6533.119); For documentation on this error, please visit: https://www.selenium.dev/documentation/webdriver/troubleshooting/errors#no-such-element-exception\nStacktrace:\n#0 0x5642e7dc36ca <unknown>\n#1 0x5642e7a94600 <unknown>\n#2 0x5642e7ae3bcb <unknown>\n#3 0x5642e7ae3eb1 <unknown>\n#4 0x5642e7b27b24 <unknown>\n#5 0x5642e7b068cd <unknown>\n#6 0x5642e7b2504a <unknown>\n#7 0x5642e7b06643 <unknown>\n#8 0x5642e7ad6d31 <unknown>\n#9 0x5642e7ad779e <unknown>\n#10 0x5642e7d8b25b <unknown>\n#11 0x5642e7d8f1f2 <unknown>\n#12 0x5642e7d78615 <unknown>\n#13 0x5642e7d8fd82 <unknown>\n#14 0x5642e7d5d25f <unknown>\n#15 0x5642e7db2e68 <unknown>\n#16 0x5642e7db3040 <unknown>\n#17 0x5642e7dc249c <unknown>\n#18 0x7f0849120134 <unknown>","time":{"start":1723770070376,"stop":1723770070842,"duration":466}},{"uid":"f668e83824a12b3b","reportUrl":"https://Nat754.github.io/StroyremAutomation/400//#testresult/f668e83824a12b3b","status":"skipped","statusDetails":"XFAIL\n\nselenium.common.exceptions.NoSuchElementException: Message: no such element: Unable to locate element: {\"method\":\"xpath\",\"selector\":\"(//a[@class='add-to-cart yellow-btn'])[1]\"}\n  (Session info: chrome-headless-shell=127.0.6533.119); For documentation on this error, please visit: https://www.selenium.dev/documentation/webdriver/troubleshooting/errors#no-such-element-exception\nStacktrace:\n#0 0x55c10c1ef6ca <unknown>\n#1 0x55c10bec0600 <unknown>\n#2 0x55c10bf0fbcb <unknown>\n#3 0x55c10bf0feb1 <unknown>\n#4 0x55c10bf53b24 <unknown>\n#5 0x55c10bf328cd <unknown>\n#6 0x55c10bf5104a <unknown>\n#7 0x55c10bf32643 <unknown>\n#8 0x55c10bf02d31 <unknown>\n#9 0x55c10bf0379e <unknown>\n#10 0x55c10c1b725b <unknown>\n#11 0x55c10c1bb1f2 <unknown>\n#12 0x55c10c1a4615 <unknown>\n#13 0x55c10c1bbd82 <unknown>\n#14 0x55c10c18925f <unknown>\n#15 0x55c10c1dee68 <unknown>\n#16 0x55c10c1df040 <unknown>\n#17 0x55c10c1ee49c <unknown>\n#18 0x7f55ac1a4134 <unknown>","time":{"start":1723683557479,"stop":1723683557831,"duration":352}},{"uid":"8bb1ceafc289639e","reportUrl":"https://Nat754.github.io/StroyremAutomation/399//#testresult/8bb1ceafc289639e","status":"skipped","statusDetails":"XFAIL\n\nselenium.common.exceptions.NoSuchElementException: Message: no such element: Unable to locate element: {\"method\":\"xpath\",\"selector\":\"(//a[@class='add-to-cart yellow-btn'])[1]\"}\n  (Session info: chrome-headless-shell=127.0.6533.119); For documentation on this error, please visit: https://www.selenium.dev/documentation/webdriver/troubleshooting/errors#no-such-element-exception\nStacktrace:\n#0 0x555a835c06ca <unknown>\n#1 0x555a83291600 <unknown>\n#2 0x555a832e0bcb <unknown>\n#3 0x555a832e0eb1 <unknown>\n#4 0x555a83324b24 <unknown>\n#5 0x555a833038cd <unknown>\n#6 0x555a8332204a <unknown>\n#7 0x555a83303643 <unknown>\n#8 0x555a832d3d31 <unknown>\n#9 0x555a832d479e <unknown>\n#10 0x555a8358825b <unknown>\n#11 0x555a8358c1f2 <unknown>\n#12 0x555a83575615 <unknown>\n#13 0x555a8358cd82 <unknown>\n#14 0x555a8355a25f <unknown>\n#15 0x555a835afe68 <unknown>\n#16 0x555a835b0040 <unknown>\n#17 0x555a835bf49c <unknown>\n#18 0x7fbb20ae6134 <unknown>","time":{"start":1723597288174,"stop":1723597288725,"duration":551}},{"uid":"75151dbf3e1506f","reportUrl":"https://Nat754.github.io/StroyremAutomation/398//#testresult/75151dbf3e1506f","status":"skipped","statusDetails":"XFAIL\n\nselenium.common.exceptions.NoSuchElementException: Message: no such element: Unable to locate element: {\"method\":\"xpath\",\"selector\":\"(//a[@class='add-to-cart yellow-btn'])[1]\"}\n  (Session info: chrome-headless-shell=127.0.6533.99); For documentation on this error, please visit: https://www.selenium.dev/documentation/webdriver/troubleshooting/errors#no-such-element-exception\nStacktrace:\n#0 0x55b0877ce6aa <unknown>\n#1 0x55b08749f600 <unknown>\n#2 0x55b0874eebcb <unknown>\n#3 0x55b0874eeeb1 <unknown>\n#4 0x55b087532b24 <unknown>\n#5 0x55b0875118cd <unknown>\n#6 0x55b08753004a <unknown>\n#7 0x55b087511643 <unknown>\n#8 0x55b0874e1d31 <unknown>\n#9 0x55b0874e279e <unknown>\n#10 0x55b08779623b <unknown>\n#11 0x55b08779a1d2 <unknown>\n#12 0x55b0877835f5 <unknown>\n#13 0x55b08779ad62 <unknown>\n#14 0x55b08776823f <unknown>\n#15 0x55b0877bde48 <unknown>\n#16 0x55b0877be020 <unknown>\n#17 0x55b0877cd47c <unknown>\n#18 0x7f20478c9134 <unknown>","time":{"start":1723510988026,"stop":1723510988453,"duration":427}},{"uid":"25c6ad0b67d3bf11","reportUrl":"https://Nat754.github.io/StroyremAutomation/397//#testresult/25c6ad0b67d3bf11","status":"skipped","statusDetails":"XFAIL\n\nselenium.common.exceptions.NoSuchElementException: Message: no such element: Unable to locate element: {\"method\":\"xpath\",\"selector\":\"(//a[@class='add-to-cart yellow-btn'])[1]\"}\n  (Session info: chrome-headless-shell=127.0.6533.99); For documentation on this error, please visit: https://www.selenium.dev/documentation/webdriver/troubleshooting/errors#no-such-element-exception\nStacktrace:\n#0 0x564ad521e6aa <unknown>\n#1 0x564ad4eef600 <unknown>\n#2 0x564ad4f3ebcb <unknown>\n#3 0x564ad4f3eeb1 <unknown>\n#4 0x564ad4f82b24 <unknown>\n#5 0x564ad4f618cd <unknown>\n#6 0x564ad4f8004a <unknown>\n#7 0x564ad4f61643 <unknown>\n#8 0x564ad4f31d31 <unknown>\n#9 0x564ad4f3279e <unknown>\n#10 0x564ad51e623b <unknown>\n#11 0x564ad51ea1d2 <unknown>\n#12 0x564ad51d35f5 <unknown>\n#13 0x564ad51ead62 <unknown>\n#14 0x564ad51b823f <unknown>\n#15 0x564ad520de48 <unknown>\n#16 0x564ad520e020 <unknown>\n#17 0x564ad521d47c <unknown>\n#18 0x7f75ff776134 <unknown>","time":{"start":1723424616211,"stop":1723424616666,"duration":455}},{"uid":"c0e66a4f3ff478ff","reportUrl":"https://Nat754.github.io/StroyremAutomation/396//#testresult/c0e66a4f3ff478ff","status":"skipped","statusDetails":"XFAIL\n\nselenium.common.exceptions.NoSuchElementException: Message: no such element: Unable to locate element: {\"method\":\"xpath\",\"selector\":\"(//a[@class='add-to-cart yellow-btn'])[1]\"}\n  (Session info: chrome-headless-shell=127.0.6533.99); For documentation on this error, please visit: https://www.selenium.dev/documentation/webdriver/troubleshooting/errors#no-such-element-exception\nStacktrace:\n#0 0x55c822f396aa <unknown>\n#1 0x55c822c0a600 <unknown>\n#2 0x55c822c59bcb <unknown>\n#3 0x55c822c59eb1 <unknown>\n#4 0x55c822c9db24 <unknown>\n#5 0x55c822c7c8cd <unknown>\n#6 0x55c822c9b04a <unknown>\n#7 0x55c822c7c643 <unknown>\n#8 0x55c822c4cd31 <unknown>\n#9 0x55c822c4d79e <unknown>\n#10 0x55c822f0123b <unknown>\n#11 0x55c822f051d2 <unknown>\n#12 0x55c822eee5f5 <unknown>\n#13 0x55c822f05d62 <unknown>\n#14 0x55c822ed323f <unknown>\n#15 0x55c822f28e48 <unknown>\n#16 0x55c822f29020 <unknown>\n#17 0x55c822f3847c <unknown>\n#18 0x7f2836398134 <unknown>","time":{"start":1723338422389,"stop":1723338422827,"duration":438}},{"uid":"dd71a4ab6529fbd5","reportUrl":"https://Nat754.github.io/StroyremAutomation/395//#testresult/dd71a4ab6529fbd5","status":"skipped","statusDetails":"XFAIL\n\nselenium.common.exceptions.NoSuchElementException: Message: no such element: Unable to locate element: {\"method\":\"xpath\",\"selector\":\"(//a[@class='add-to-cart yellow-btn'])[1]\"}\n  (Session info: chrome-headless-shell=127.0.6533.99); For documentation on this error, please visit: https://www.selenium.dev/documentation/webdriver/troubleshooting/errors#no-such-element-exception\nStacktrace:\n#0 0x55f9475ff6aa <unknown>\n#1 0x55f9472d0600 <unknown>\n#2 0x55f94731fbcb <unknown>\n#3 0x55f94731feb1 <unknown>\n#4 0x55f947363b24 <unknown>\n#5 0x55f9473428cd <unknown>\n#6 0x55f94736104a <unknown>\n#7 0x55f947342643 <unknown>\n#8 0x55f947312d31 <unknown>\n#9 0x55f94731379e <unknown>\n#10 0x55f9475c723b <unknown>\n#11 0x55f9475cb1d2 <unknown>\n#12 0x55f9475b45f5 <unknown>\n#13 0x55f9475cbd62 <unknown>\n#14 0x55f94759923f <unknown>\n#15 0x55f9475eee48 <unknown>\n#16 0x55f9475ef020 <unknown>\n#17 0x55f9475fe47c <unknown>\n#18 0x7fb1780c3134 <unknown>","time":{"start":1723251654265,"stop":1723251654565,"duration":300}},{"uid":"a3686a2aa8ff4a89","reportUrl":"https://Nat754.github.io/StroyremAutomation/394//#testresult/a3686a2aa8ff4a89","status":"skipped","statusDetails":"XFAIL\n\nselenium.common.exceptions.NoSuchElementException: Message: no such element: Unable to locate element: {\"method\":\"xpath\",\"selector\":\"(//a[@class='add-to-cart yellow-btn'])[1]\"}\n  (Session info: chrome-headless-shell=127.0.6533.99); For documentation on this error, please visit: https://www.selenium.dev/documentation/webdriver/troubleshooting/errors#no-such-element-exception\nStacktrace:\n#0 0x5599251106aa <unknown>\n#1 0x559924de1600 <unknown>\n#2 0x559924e30bcb <unknown>\n#3 0x559924e30eb1 <unknown>\n#4 0x559924e74b24 <unknown>\n#5 0x559924e538cd <unknown>\n#6 0x559924e7204a <unknown>\n#7 0x559924e53643 <unknown>\n#8 0x559924e23d31 <unknown>\n#9 0x559924e2479e <unknown>\n#10 0x5599250d823b <unknown>\n#11 0x5599250dc1d2 <unknown>\n#12 0x5599250c55f5 <unknown>\n#13 0x5599250dcd62 <unknown>\n#14 0x5599250aa23f <unknown>\n#15 0x5599250ffe48 <unknown>\n#16 0x559925100020 <unknown>\n#17 0x55992510f47c <unknown>\n#18 0x7f4f5ef56134 <unknown>","time":{"start":1723165320111,"stop":1723165320720,"duration":609}},{"uid":"83f1a45e7c71540a","reportUrl":"https://Nat754.github.io/StroyremAutomation/393//#testresult/83f1a45e7c71540a","status":"skipped","statusDetails":"XFAIL\n\nselenium.common.exceptions.NoSuchElementException: Message: no such element: Unable to locate element: {\"method\":\"xpath\",\"selector\":\"(//a[@class='add-to-cart yellow-btn'])[1]\"}\n  (Session info: chrome-headless-shell=127.0.6533.99); For documentation on this error, please visit: https://www.selenium.dev/documentation/webdriver/troubleshooting/errors#no-such-element-exception\nStacktrace:\n#0 0x55821ec6e6aa <unknown>\n#1 0x55821e93f600 <unknown>\n#2 0x55821e98ebcb <unknown>\n#3 0x55821e98eeb1 <unknown>\n#4 0x55821e9d2b24 <unknown>\n#5 0x55821e9b18cd <unknown>\n#6 0x55821e9d004a <unknown>\n#7 0x55821e9b1643 <unknown>\n#8 0x55821e981d31 <unknown>\n#9 0x55821e98279e <unknown>\n#10 0x55821ec3623b <unknown>\n#11 0x55821ec3a1d2 <unknown>\n#12 0x55821ec235f5 <unknown>\n#13 0x55821ec3ad62 <unknown>\n#14 0x55821ec0823f <unknown>\n#15 0x55821ec5de48 <unknown>\n#16 0x55821ec5e020 <unknown>\n#17 0x55821ec6d47c <unknown>\n#18 0x7fbb2f5d9134 <unknown>","time":{"start":1723078893264,"stop":1723078893674,"duration":410}},{"uid":"4c26daf31704199c","reportUrl":"https://Nat754.github.io/StroyremAutomation/392//#testresult/4c26daf31704199c","status":"skipped","statusDetails":"XFAIL\n\nselenium.common.exceptions.NoSuchElementException: Message: no such element: Unable to locate element: {\"method\":\"xpath\",\"selector\":\"(//a[@class='add-to-cart yellow-btn'])[1]\"}\n  (Session info: chrome-headless-shell=127.0.6533.99); For documentation on this error, please visit: https://www.selenium.dev/documentation/webdriver/troubleshooting/errors#no-such-element-exception\nStacktrace:\n#0 0x563f27e6d6aa <unknown>\n#1 0x563f27b3e600 <unknown>\n#2 0x563f27b8dbcb <unknown>\n#3 0x563f27b8deb1 <unknown>\n#4 0x563f27bd1b24 <unknown>\n#5 0x563f27bb08cd <unknown>\n#6 0x563f27bcf04a <unknown>\n#7 0x563f27bb0643 <unknown>\n#8 0x563f27b80d31 <unknown>\n#9 0x563f27b8179e <unknown>\n#10 0x563f27e3523b <unknown>\n#11 0x563f27e391d2 <unknown>\n#12 0x563f27e225f5 <unknown>\n#13 0x563f27e39d62 <unknown>\n#14 0x563f27e0723f <unknown>\n#15 0x563f27e5ce48 <unknown>\n#16 0x563f27e5d020 <unknown>\n#17 0x563f27e6c47c <unknown>\n#18 0x7fb0d79a2134 <unknown>","time":{"start":1722992543235,"stop":1722992543562,"duration":327}},{"uid":"7924442caadb170a","reportUrl":"https://Nat754.github.io/StroyremAutomation/391//#testresult/7924442caadb170a","status":"skipped","statusDetails":"XFAIL\n\nselenium.common.exceptions.NoSuchElementException: Message: no such element: Unable to locate element: {\"method\":\"xpath\",\"selector\":\"(//a[@class='add-to-cart yellow-btn'])[1]\"}\n  (Session info: chrome-headless-shell=127.0.6533.88); For documentation on this error, please visit: https://www.selenium.dev/documentation/webdriver/troubleshooting/errors#no-such-element-exception\nStacktrace:\n#0 0x557d4315271a <unknown>\n#1 0x557d42e23640 <unknown>\n#2 0x557d42e72c0b <unknown>\n#3 0x557d42e72ef1 <unknown>\n#4 0x557d42eb6b64 <unknown>\n#5 0x557d42e9590d <unknown>\n#6 0x557d42eb408a <unknown>\n#7 0x557d42e95683 <unknown>\n#8 0x557d42e65d71 <unknown>\n#9 0x557d42e667de <unknown>\n#10 0x557d4311a2ab <unknown>\n#11 0x557d4311e242 <unknown>\n#12 0x557d43107665 <unknown>\n#13 0x557d4311edd2 <unknown>\n#14 0x557d430ec2af <unknown>\n#15 0x557d43141eb8 <unknown>\n#16 0x557d43142090 <unknown>\n#17 0x557d431514ec <unknown>\n#18 0x7f397112f134 <unknown>","time":{"start":1722906059334,"stop":1722906059742,"duration":408}},{"uid":"ea4bd74e25ab94aa","reportUrl":"https://Nat754.github.io/StroyremAutomation/390//#testresult/ea4bd74e25ab94aa","status":"skipped","statusDetails":"XFAIL\n\nselenium.common.exceptions.NoSuchElementException: Message: no such element: Unable to locate element: {\"method\":\"xpath\",\"selector\":\"(//a[@class='add-to-cart yellow-btn'])[1]\"}\n  (Session info: chrome-headless-shell=127.0.6533.88); For documentation on this error, please visit: https://www.selenium.dev/documentation/webdriver/troubleshooting/errors#no-such-element-exception\nStacktrace:\n#0 0x557f39de271a <unknown>\n#1 0x557f39ab3640 <unknown>\n#2 0x557f39b02c0b <unknown>\n#3 0x557f39b02ef1 <unknown>\n#4 0x557f39b46b64 <unknown>\n#5 0x557f39b2590d <unknown>\n#6 0x557f39b4408a <unknown>\n#7 0x557f39b25683 <unknown>\n#8 0x557f39af5d71 <unknown>\n#9 0x557f39af67de <unknown>\n#10 0x557f39daa2ab <unknown>\n#11 0x557f39dae242 <unknown>\n#12 0x557f39d97665 <unknown>\n#13 0x557f39daedd2 <unknown>\n#14 0x557f39d7c2af <unknown>\n#15 0x557f39dd1eb8 <unknown>\n#16 0x557f39dd2090 <unknown>\n#17 0x557f39de14ec <unknown>\n#18 0x7f4815c6e134 <unknown>","time":{"start":1722819767720,"stop":1722819768015,"duration":295}},{"uid":"664282153ec0c50d","reportUrl":"https://Nat754.github.io/StroyremAutomation/389//#testresult/664282153ec0c50d","status":"skipped","statusDetails":"XFAIL\n\nselenium.common.exceptions.NoSuchElementException: Message: no such element: Unable to locate element: {\"method\":\"xpath\",\"selector\":\"(//a[@class='add-to-cart yellow-btn'])[1]\"}\n  (Session info: chrome-headless-shell=127.0.6533.88); For documentation on this error, please visit: https://www.selenium.dev/documentation/webdriver/troubleshooting/errors#no-such-element-exception\nStacktrace:\n#0 0x55e76d28271a <unknown>\n#1 0x55e76cf53640 <unknown>\n#2 0x55e76cfa2c0b <unknown>\n#3 0x55e76cfa2ef1 <unknown>\n#4 0x55e76cfe6b64 <unknown>\n#5 0x55e76cfc590d <unknown>\n#6 0x55e76cfe408a <unknown>\n#7 0x55e76cfc5683 <unknown>\n#8 0x55e76cf95d71 <unknown>\n#9 0x55e76cf967de <unknown>\n#10 0x55e76d24a2ab <unknown>\n#11 0x55e76d24e242 <unknown>\n#12 0x55e76d237665 <unknown>\n#13 0x55e76d24edd2 <unknown>\n#14 0x55e76d21c2af <unknown>\n#15 0x55e76d271eb8 <unknown>\n#16 0x55e76d272090 <unknown>\n#17 0x55e76d2814ec <unknown>\n#18 0x7f069ea9d134 <unknown>","time":{"start":1722733544531,"stop":1722733545334,"duration":803}},{"uid":"1a9cb13a7fc9142a","reportUrl":"https://Nat754.github.io/StroyremAutomation/388//#testresult/1a9cb13a7fc9142a","status":"skipped","statusDetails":"XFAIL\n\nselenium.common.exceptions.NoSuchElementException: Message: no such element: Unable to locate element: {\"method\":\"xpath\",\"selector\":\"(//a[@class='add-to-cart yellow-btn'])[1]\"}\n  (Session info: chrome-headless-shell=127.0.6533.88); For documentation on this error, please visit: https://www.selenium.dev/documentation/webdriver/troubleshooting/errors#no-such-element-exception\nStacktrace:\n#0 0x55a6e21eb71a <unknown>\n#1 0x55a6e1ebc640 <unknown>\n#2 0x55a6e1f0bc0b <unknown>\n#3 0x55a6e1f0bef1 <unknown>\n#4 0x55a6e1f4fb64 <unknown>\n#5 0x55a6e1f2e90d <unknown>\n#6 0x55a6e1f4d08a <unknown>\n#7 0x55a6e1f2e683 <unknown>\n#8 0x55a6e1efed71 <unknown>\n#9 0x55a6e1eff7de <unknown>\n#10 0x55a6e21b32ab <unknown>\n#11 0x55a6e21b7242 <unknown>\n#12 0x55a6e21a0665 <unknown>\n#13 0x55a6e21b7dd2 <unknown>\n#14 0x55a6e21852af <unknown>\n#15 0x55a6e21daeb8 <unknown>\n#16 0x55a6e21db090 <unknown>\n#17 0x55a6e21ea4ec <unknown>\n#18 0x7f06198a2134 <unknown>","time":{"start":1722646847600,"stop":1722646848029,"duration":429}},{"uid":"9a833f838cd6d45f","reportUrl":"https://Nat754.github.io/StroyremAutomation/387//#testresult/9a833f838cd6d45f","status":"skipped","statusDetails":"XFAIL\n\nselenium.common.exceptions.NoSuchElementException: Message: no such element: Unable to locate element: {\"method\":\"xpath\",\"selector\":\"(//a[@class='add-to-cart yellow-btn'])[1]\"}\n  (Session info: chrome-headless-shell=127.0.6533.88); For documentation on this error, please visit: https://www.selenium.dev/documentation/webdriver/troubleshooting/errors#no-such-element-exception\nStacktrace:\n#0 0x55a2ce27a71a <unknown>\n#1 0x55a2cdf4b640 <unknown>\n#2 0x55a2cdf9ac0b <unknown>\n#3 0x55a2cdf9aef1 <unknown>\n#4 0x55a2cdfdeb64 <unknown>\n#5 0x55a2cdfbd90d <unknown>\n#6 0x55a2cdfdc08a <unknown>\n#7 0x55a2cdfbd683 <unknown>\n#8 0x55a2cdf8dd71 <unknown>\n#9 0x55a2cdf8e7de <unknown>\n#10 0x55a2ce2422ab <unknown>\n#11 0x55a2ce246242 <unknown>\n#12 0x55a2ce22f665 <unknown>\n#13 0x55a2ce246dd2 <unknown>\n#14 0x55a2ce2142af <unknown>\n#15 0x55a2ce269eb8 <unknown>\n#16 0x55a2ce26a090 <unknown>\n#17 0x55a2ce2794ec <unknown>\n#18 0x7f3946306134 <unknown>","time":{"start":1722560431179,"stop":1722560431698,"duration":519}}]},"tags":["@pytest.mark.xfail","smoke_test"]},"source":"c895239f9f643c87.json","parameterValues":["12500","333","'TD 012'","11990","'products/shtukaturka-gipsovaya-aksolit-m50-30-kg-mashinnogo-naneseniya'","4450","'https://sandboxtest.stroyrem-nn.ru/'","10000"]}