{"uid":"4cd69316ca25591e","name":"test_positive_delivery_green_zone_smoke[TD 009-products/shtukaturka-gipsovaya-aksolit-m50-30-kg-mashinnogo-naneseniya-166-5000-2500-4990-5480-https://sandboxtest.stroyrem-nn.ru/]","fullName":"tests.delivery.test_delivery_calculation.TestDeliveryPageCalculation#test_positive_delivery_green_zone_smoke","historyId":"8179091af2334708b6b6862d13d35737","time":{"start":1694480207891,"stop":1694480208571,"duration":680},"status":"skipped","statusMessage":"XFAIL\n\nselenium.common.exceptions.NoSuchElementException: Message: no such element: Unable to locate element: {\"method\":\"xpath\",\"selector\":\"(//a[@class='add-to-cart yellow-btn'])[1]\"}\n  (Session info: headless chrome=116.0.5845.96); For documentation on this error, please visit: https://www.selenium.dev/documentation/webdriver/troubleshooting/errors#no-such-element-exception\nStacktrace:\n#0 0x55b5b663ae23 <unknown>\n#1 0x55b5b63637a7 <unknown>\n#2 0x55b5b63a21d3 <unknown>\n#3 0x55b5b63a22c1 <unknown>\n#4 0x55b5b63dda04 <unknown>\n#5 0x55b5b63c303d <unknown>\n#6 0x55b5b63db369 <unknown>\n#7 0x55b5b63c2de3 <unknown>\n#8 0x55b5b6396a7b <unknown>\n#9 0x55b5b639781e <unknown>\n#10 0x55b5b65fc638 <unknown>\n#11 0x55b5b6600507 <unknown>\n#12 0x55b5b660ac4c <unknown>\n#13 0x55b5b6601136 <unknown>\n#14 0x55b5b65cf9cf <unknown>\n#15 0x55b5b6624b98 <unknown>\n#16 0x55b5b6624d68 <unknown>\n#17 0x55b5b6633cb3 <unknown>\n#18 0x7fb875faa044 <unknown>","statusTrace":"self = <tests.delivery.test_delivery_calculation.TestDeliveryPageCalculation object at 0x7f86e8129750>\ndriver = <selenium.webdriver.chrome.webdriver.WebDriver (session=\"6ee2e25bd50f33ed54f9a810a49a55fd\")>\nurl = 'https://sandboxtest.stroyrem-nn.ru/', case_id = 'TD 009'\nlink_item = 'products/shtukaturka-gipsovaya-aksolit-m50-30-kg-mashinnogo-naneseniya'\namount = 166, weight = 5000, standard = 2500, in_time = 4990, all_time = 5480\n\n    @pytest.mark.parametrize('case_id, link_item, amount, weight, standard, in_time, all_time', [\n        (\"TD 001\", uroven_3000, 1, 30, 0, 1590, 2190),\n        (\"TD 002\", bundeks_25, 1, 30, 400, 1590, 2190),\n        (\"TD 003\", aksolit_30, 8, 300, 400, 1590, 2190),\n        (\"TD 004\", aksolit_30, 13, 400, 450, 1590, 2190),\n        (\"TD 005\", aksolit_30, 16, 500, 600, 1590, 2190),\n        (\"TD 006\", aksolit_30, 25, 1700, 990, 1990, 2480),\n        (\"TD 007\", aksolit_30, 66, 2000, 1300, 2490, 2980),\n        (\"TD 008\", aksolit_30, 149, 4500, 2300, 3980, 4490),\n        (\"TD 009\", aksolit_30, 166, 5000, 2500, 4990, 5480),\n        pytest.param(\n            \"TD 010\", aksolit_30, 206, 6200, 2900, 5570, 6120,\n            marks=pytest.mark.xfail(reson=\"Цена доставки 3600 7960 8980\")\n        ),\n        (\"TD 011\", aksolit_30, 299, 9000, 3600, 7960, 8980),\n        (\"TD 012\", aksolit_30, 333, 10000, 4450, 11990, 12500),\n        pytest.param(\n            \"TD 013\", aksolit_30, 366, 11000, 4800, 12450, 13480,\n            marks=pytest.mark.xfail(reason=\"Цена стандартной доставки 4450\")\n        ),\n        pytest.param(\n            \"TD 014\", aksolit_30, 666, 20000, 5400, 15600, 17490,\n            marks=pytest.mark.xfail(reason=\"Цена стандартной доставки 4450\")\n        )\n    ])\n    @pytest.mark.xfail\n    @pytest.mark.smoke_test\n    def test_positive_delivery_green_zone_smoke(\n            self, driver, url, case_id, link_item, amount, weight, standard, in_time, all_time\n    ):\n    \n        driver.get(f'{url}{link_item}')\n        item_page = ItemPage(driver)\n>       item_page.add_item_to_cart(amount).click_on_cart()\n\ntests/delivery/test_delivery_calculation.py:50: \n_ _ _ _ _ _ _ _ _ _ _ _ _ _ _ _ _ _ _ _ _ _ _ _ _ _ _ _ _ _ _ _ _ _ _ _ _ _ _ _ \npages/item_page.py:40: in add_item_to_cart\n    self.find_element(self._add_item).click()\nbase/seleniumbase.py:17: in find_element\n    return self.driver.find_element(*locator)\n/usr/local/lib/python3.11/site-packages/selenium/webdriver/remote/webdriver.py:738: in find_element\n    return self.execute(Command.FIND_ELEMENT, {\"using\": by, \"value\": value})[\"value\"]\n/usr/local/lib/python3.11/site-packages/selenium/webdriver/remote/webdriver.py:344: in execute\n    self.error_handler.check_response(response)\n_ _ _ _ _ _ _ _ _ _ _ _ _ _ _ _ _ _ _ _ _ _ _ _ _ _ _ _ _ _ _ _ _ _ _ _ _ _ _ _ \n\nself = <selenium.webdriver.remote.errorhandler.ErrorHandler object at 0x7f86e80eb0d0>\nresponse = {'status': 404, 'value': '{\"value\":{\"error\":\"no such element\",\"message\":\"no such element: Unable to locate element: {\\...\\\\n#16 0x55b5b6624d68 \\\\u003Cunknown>\\\\n#17 0x55b5b6633cb3 \\\\u003Cunknown>\\\\n#18 0x7fb875faa044 \\\\u003Cunknown>\\\\n\"}}'}\n\n    def check_response(self, response: Dict[str, Any]) -> None:\n        \"\"\"Checks that a JSON response from the WebDriver does not have an\n        error.\n    \n        :Args:\n         - response - The JSON response from the WebDriver server as a dictionary\n           object.\n    \n        :Raises: If the response contains an error message.\n        \"\"\"\n        status = response.get(\"status\", None)\n        if not status or status == ErrorCode.SUCCESS:\n            return\n        value = None\n        message = response.get(\"message\", \"\")\n        screen: str = response.get(\"screen\", \"\")\n        stacktrace = None\n        if isinstance(status, int):\n            value_json = response.get(\"value\", None)\n            if value_json and isinstance(value_json, str):\n                import json\n    \n                try:\n                    value = json.loads(value_json)\n                    if len(value) == 1:\n                        value = value[\"value\"]\n                    status = value.get(\"error\", None)\n                    if not status:\n                        status = value.get(\"status\", ErrorCode.UNKNOWN_ERROR)\n                        message = value.get(\"value\") or value.get(\"message\")\n                        if not isinstance(message, str):\n                            value = message\n                            message = message.get(\"message\")\n                    else:\n                        message = value.get(\"message\", None)\n                except ValueError:\n                    pass\n    \n        exception_class: Type[WebDriverException]\n        e = ErrorCode()\n        error_codes = [item for item in dir(e) if not item.startswith(\"__\")]\n        for error_code in error_codes:\n            error_info = getattr(ErrorCode, error_code)\n            if isinstance(error_info, list) and status in error_info:\n                exception_class = getattr(ExceptionMapping, error_code, WebDriverException)\n                break\n        else:\n            exception_class = WebDriverException\n    \n        if not value:\n            value = response[\"value\"]\n        if isinstance(value, str):\n            raise exception_class(value)\n        if message == \"\" and \"message\" in value:\n            message = value[\"message\"]\n    \n        screen = None  # type: ignore[assignment]\n        if \"screen\" in value:\n            screen = value[\"screen\"]\n    \n        stacktrace = None\n        st_value = value.get(\"stackTrace\") or value.get(\"stacktrace\")\n        if st_value:\n            if isinstance(st_value, str):\n                stacktrace = st_value.split(\"\\n\")\n            else:\n                stacktrace = []\n                try:\n                    for frame in st_value:\n                        line = frame.get(\"lineNumber\", \"\")\n                        file = frame.get(\"fileName\", \"<anonymous>\")\n                        if line:\n                            file = f\"{file}:{line}\"\n                        meth = frame.get(\"methodName\", \"<anonymous>\")\n                        if \"className\" in frame:\n                            meth = f\"{frame['className']}.{meth}\"\n                        msg = \"    at %s (%s)\"\n                        msg = msg % (meth, file)\n                        stacktrace.append(msg)\n                except TypeError:\n                    pass\n        if exception_class == UnexpectedAlertPresentException:\n            alert_text = None\n            if \"data\" in value:\n                alert_text = value[\"data\"].get(\"text\")\n            elif \"alert\" in value:\n                alert_text = value[\"alert\"].get(\"text\")\n            raise exception_class(message, screen, stacktrace, alert_text)  # type: ignore[call-arg]  # mypy is not smart enough here\n>       raise exception_class(message, screen, stacktrace)\nE       selenium.common.exceptions.NoSuchElementException: Message: no such element: Unable to locate element: {\"method\":\"xpath\",\"selector\":\"(//a[@class='add-to-cart yellow-btn'])[1]\"}\nE         (Session info: headless chrome=116.0.5845.96); For documentation on this error, please visit: https://www.selenium.dev/documentation/webdriver/troubleshooting/errors#no-such-element-exception\nE       Stacktrace:\nE       #0 0x55b5b663ae23 <unknown>\nE       #1 0x55b5b63637a7 <unknown>\nE       #2 0x55b5b63a21d3 <unknown>\nE       #3 0x55b5b63a22c1 <unknown>\nE       #4 0x55b5b63dda04 <unknown>\nE       #5 0x55b5b63c303d <unknown>\nE       #6 0x55b5b63db369 <unknown>\nE       #7 0x55b5b63c2de3 <unknown>\nE       #8 0x55b5b6396a7b <unknown>\nE       #9 0x55b5b639781e <unknown>\nE       #10 0x55b5b65fc638 <unknown>\nE       #11 0x55b5b6600507 <unknown>\nE       #12 0x55b5b660ac4c <unknown>\nE       #13 0x55b5b6601136 <unknown>\nE       #14 0x55b5b65cf9cf <unknown>\nE       #15 0x55b5b6624b98 <unknown>\nE       #16 0x55b5b6624d68 <unknown>\nE       #17 0x55b5b6633cb3 <unknown>\nE       #18 0x7fb875faa044 <unknown>\n\n/usr/local/lib/python3.11/site-packages/selenium/webdriver/remote/errorhandler.py:229: NoSuchElementException","flaky":false,"newFailed":false,"newBroken":false,"newPassed":false,"retriesCount":0,"retriesStatusChange":false,"beforeStages":[{"name":"_session_faker","time":{"start":1694479517366,"stop":1694479517472,"duration":106},"status":"passed","steps":[],"attachments":[],"parameters":[],"shouldDisplayMessage":false,"stepsCount":0,"attachmentsCount":0,"hasContent":false},{"name":"clear_allure_results_folder","time":{"start":1694479517472,"stop":1694479517473,"duration":1},"status":"passed","steps":[],"attachments":[],"parameters":[],"shouldDisplayMessage":false,"stepsCount":0,"attachmentsCount":0,"hasContent":false},{"name":"driver","time":{"start":1694480207034,"stop":1694480207889,"duration":855},"status":"passed","steps":[],"attachments":[],"parameters":[],"shouldDisplayMessage":false,"stepsCount":0,"attachmentsCount":0,"hasContent":false},{"name":"setup","time":{"start":1694480207889,"stop":1694480207889,"duration":0},"status":"passed","steps":[],"attachments":[],"parameters":[],"shouldDisplayMessage":false,"stepsCount":0,"attachmentsCount":0,"hasContent":false}],"testStage":{"status":"skipped","statusMessage":"XFAIL\n\nselenium.common.exceptions.NoSuchElementException: Message: no such element: Unable to locate element: {\"method\":\"xpath\",\"selector\":\"(//a[@class='add-to-cart yellow-btn'])[1]\"}\n  (Session info: headless chrome=116.0.5845.96); For documentation on this error, please visit: https://www.selenium.dev/documentation/webdriver/troubleshooting/errors#no-such-element-exception\nStacktrace:\n#0 0x55b5b663ae23 <unknown>\n#1 0x55b5b63637a7 <unknown>\n#2 0x55b5b63a21d3 <unknown>\n#3 0x55b5b63a22c1 <unknown>\n#4 0x55b5b63dda04 <unknown>\n#5 0x55b5b63c303d <unknown>\n#6 0x55b5b63db369 <unknown>\n#7 0x55b5b63c2de3 <unknown>\n#8 0x55b5b6396a7b <unknown>\n#9 0x55b5b639781e <unknown>\n#10 0x55b5b65fc638 <unknown>\n#11 0x55b5b6600507 <unknown>\n#12 0x55b5b660ac4c <unknown>\n#13 0x55b5b6601136 <unknown>\n#14 0x55b5b65cf9cf <unknown>\n#15 0x55b5b6624b98 <unknown>\n#16 0x55b5b6624d68 <unknown>\n#17 0x55b5b6633cb3 <unknown>\n#18 0x7fb875faa044 <unknown>","statusTrace":"self = <tests.delivery.test_delivery_calculation.TestDeliveryPageCalculation object at 0x7f86e8129750>\ndriver = <selenium.webdriver.chrome.webdriver.WebDriver (session=\"6ee2e25bd50f33ed54f9a810a49a55fd\")>\nurl = 'https://sandboxtest.stroyrem-nn.ru/', case_id = 'TD 009'\nlink_item = 'products/shtukaturka-gipsovaya-aksolit-m50-30-kg-mashinnogo-naneseniya'\namount = 166, weight = 5000, standard = 2500, in_time = 4990, all_time = 5480\n\n    @pytest.mark.parametrize('case_id, link_item, amount, weight, standard, in_time, all_time', [\n        (\"TD 001\", uroven_3000, 1, 30, 0, 1590, 2190),\n        (\"TD 002\", bundeks_25, 1, 30, 400, 1590, 2190),\n        (\"TD 003\", aksolit_30, 8, 300, 400, 1590, 2190),\n        (\"TD 004\", aksolit_30, 13, 400, 450, 1590, 2190),\n        (\"TD 005\", aksolit_30, 16, 500, 600, 1590, 2190),\n        (\"TD 006\", aksolit_30, 25, 1700, 990, 1990, 2480),\n        (\"TD 007\", aksolit_30, 66, 2000, 1300, 2490, 2980),\n        (\"TD 008\", aksolit_30, 149, 4500, 2300, 3980, 4490),\n        (\"TD 009\", aksolit_30, 166, 5000, 2500, 4990, 5480),\n        pytest.param(\n            \"TD 010\", aksolit_30, 206, 6200, 2900, 5570, 6120,\n            marks=pytest.mark.xfail(reson=\"Цена доставки 3600 7960 8980\")\n        ),\n        (\"TD 011\", aksolit_30, 299, 9000, 3600, 7960, 8980),\n        (\"TD 012\", aksolit_30, 333, 10000, 4450, 11990, 12500),\n        pytest.param(\n            \"TD 013\", aksolit_30, 366, 11000, 4800, 12450, 13480,\n            marks=pytest.mark.xfail(reason=\"Цена стандартной доставки 4450\")\n        ),\n        pytest.param(\n            \"TD 014\", aksolit_30, 666, 20000, 5400, 15600, 17490,\n            marks=pytest.mark.xfail(reason=\"Цена стандартной доставки 4450\")\n        )\n    ])\n    @pytest.mark.xfail\n    @pytest.mark.smoke_test\n    def test_positive_delivery_green_zone_smoke(\n            self, driver, url, case_id, link_item, amount, weight, standard, in_time, all_time\n    ):\n    \n        driver.get(f'{url}{link_item}')\n        item_page = ItemPage(driver)\n>       item_page.add_item_to_cart(amount).click_on_cart()\n\ntests/delivery/test_delivery_calculation.py:50: \n_ _ _ _ _ _ _ _ _ _ _ _ _ _ _ _ _ _ _ _ _ _ _ _ _ _ _ _ _ _ _ _ _ _ _ _ _ _ _ _ \npages/item_page.py:40: in add_item_to_cart\n    self.find_element(self._add_item).click()\nbase/seleniumbase.py:17: in find_element\n    return self.driver.find_element(*locator)\n/usr/local/lib/python3.11/site-packages/selenium/webdriver/remote/webdriver.py:738: in find_element\n    return self.execute(Command.FIND_ELEMENT, {\"using\": by, \"value\": value})[\"value\"]\n/usr/local/lib/python3.11/site-packages/selenium/webdriver/remote/webdriver.py:344: in execute\n    self.error_handler.check_response(response)\n_ _ _ _ _ _ _ _ _ _ _ _ _ _ _ _ _ _ _ _ _ _ _ _ _ _ _ _ _ _ _ _ _ _ _ _ _ _ _ _ \n\nself = <selenium.webdriver.remote.errorhandler.ErrorHandler object at 0x7f86e80eb0d0>\nresponse = {'status': 404, 'value': '{\"value\":{\"error\":\"no such element\",\"message\":\"no such element: Unable to locate element: {\\...\\\\n#16 0x55b5b6624d68 \\\\u003Cunknown>\\\\n#17 0x55b5b6633cb3 \\\\u003Cunknown>\\\\n#18 0x7fb875faa044 \\\\u003Cunknown>\\\\n\"}}'}\n\n    def check_response(self, response: Dict[str, Any]) -> None:\n        \"\"\"Checks that a JSON response from the WebDriver does not have an\n        error.\n    \n        :Args:\n         - response - The JSON response from the WebDriver server as a dictionary\n           object.\n    \n        :Raises: If the response contains an error message.\n        \"\"\"\n        status = response.get(\"status\", None)\n        if not status or status == ErrorCode.SUCCESS:\n            return\n        value = None\n        message = response.get(\"message\", \"\")\n        screen: str = response.get(\"screen\", \"\")\n        stacktrace = None\n        if isinstance(status, int):\n            value_json = response.get(\"value\", None)\n            if value_json and isinstance(value_json, str):\n                import json\n    \n                try:\n                    value = json.loads(value_json)\n                    if len(value) == 1:\n                        value = value[\"value\"]\n                    status = value.get(\"error\", None)\n                    if not status:\n                        status = value.get(\"status\", ErrorCode.UNKNOWN_ERROR)\n                        message = value.get(\"value\") or value.get(\"message\")\n                        if not isinstance(message, str):\n                            value = message\n                            message = message.get(\"message\")\n                    else:\n                        message = value.get(\"message\", None)\n                except ValueError:\n                    pass\n    \n        exception_class: Type[WebDriverException]\n        e = ErrorCode()\n        error_codes = [item for item in dir(e) if not item.startswith(\"__\")]\n        for error_code in error_codes:\n            error_info = getattr(ErrorCode, error_code)\n            if isinstance(error_info, list) and status in error_info:\n                exception_class = getattr(ExceptionMapping, error_code, WebDriverException)\n                break\n        else:\n            exception_class = WebDriverException\n    \n        if not value:\n            value = response[\"value\"]\n        if isinstance(value, str):\n            raise exception_class(value)\n        if message == \"\" and \"message\" in value:\n            message = value[\"message\"]\n    \n        screen = None  # type: ignore[assignment]\n        if \"screen\" in value:\n            screen = value[\"screen\"]\n    \n        stacktrace = None\n        st_value = value.get(\"stackTrace\") or value.get(\"stacktrace\")\n        if st_value:\n            if isinstance(st_value, str):\n                stacktrace = st_value.split(\"\\n\")\n            else:\n                stacktrace = []\n                try:\n                    for frame in st_value:\n                        line = frame.get(\"lineNumber\", \"\")\n                        file = frame.get(\"fileName\", \"<anonymous>\")\n                        if line:\n                            file = f\"{file}:{line}\"\n                        meth = frame.get(\"methodName\", \"<anonymous>\")\n                        if \"className\" in frame:\n                            meth = f\"{frame['className']}.{meth}\"\n                        msg = \"    at %s (%s)\"\n                        msg = msg % (meth, file)\n                        stacktrace.append(msg)\n                except TypeError:\n                    pass\n        if exception_class == UnexpectedAlertPresentException:\n            alert_text = None\n            if \"data\" in value:\n                alert_text = value[\"data\"].get(\"text\")\n            elif \"alert\" in value:\n                alert_text = value[\"alert\"].get(\"text\")\n            raise exception_class(message, screen, stacktrace, alert_text)  # type: ignore[call-arg]  # mypy is not smart enough here\n>       raise exception_class(message, screen, stacktrace)\nE       selenium.common.exceptions.NoSuchElementException: Message: no such element: Unable to locate element: {\"method\":\"xpath\",\"selector\":\"(//a[@class='add-to-cart yellow-btn'])[1]\"}\nE         (Session info: headless chrome=116.0.5845.96); For documentation on this error, please visit: https://www.selenium.dev/documentation/webdriver/troubleshooting/errors#no-such-element-exception\nE       Stacktrace:\nE       #0 0x55b5b663ae23 <unknown>\nE       #1 0x55b5b63637a7 <unknown>\nE       #2 0x55b5b63a21d3 <unknown>\nE       #3 0x55b5b63a22c1 <unknown>\nE       #4 0x55b5b63dda04 <unknown>\nE       #5 0x55b5b63c303d <unknown>\nE       #6 0x55b5b63db369 <unknown>\nE       #7 0x55b5b63c2de3 <unknown>\nE       #8 0x55b5b6396a7b <unknown>\nE       #9 0x55b5b639781e <unknown>\nE       #10 0x55b5b65fc638 <unknown>\nE       #11 0x55b5b6600507 <unknown>\nE       #12 0x55b5b660ac4c <unknown>\nE       #13 0x55b5b6601136 <unknown>\nE       #14 0x55b5b65cf9cf <unknown>\nE       #15 0x55b5b6624b98 <unknown>\nE       #16 0x55b5b6624d68 <unknown>\nE       #17 0x55b5b6633cb3 <unknown>\nE       #18 0x7fb875faa044 <unknown>\n\n/usr/local/lib/python3.11/site-packages/selenium/webdriver/remote/errorhandler.py:229: NoSuchElementException","steps":[{"name":"Добавляем товар в корзину в количестве 166","time":{"start":1694480208547,"stop":1694480208570,"duration":23},"status":"broken","statusMessage":"selenium.common.exceptions.NoSuchElementException: Message: no such element: Unable to locate element: {\"method\":\"xpath\",\"selector\":\"(//a[@class='add-to-cart yellow-btn'])[1]\"}\n  (Session info: headless chrome=116.0.5845.96); For documentation on this error, please visit: https://www.selenium.dev/documentation/webdriver/troubleshooting/errors#no-such-element-exception\nStacktrace:\n#0 0x55b5b663ae23 <unknown>\n#1 0x55b5b63637a7 <unknown>\n#2 0x55b5b63a21d3 <unknown>\n#3 0x55b5b63a22c1 <unknown>\n#4 0x55b5b63dda04 <unknown>\n#5 0x55b5b63c303d <unknown>\n#6 0x55b5b63db369 <unknown>\n#7 0x55b5b63c2de3 <unknown>\n#8 0x55b5b6396a7b <unknown>\n#9 0x55b5b639781e <unknown>\n#10 0x55b5b65fc638 <unknown>\n#11 0x55b5b6600507 <unknown>\n#12 0x55b5b660ac4c <unknown>\n#13 0x55b5b6601136 <unknown>\n#14 0x55b5b65cf9cf <unknown>\n#15 0x55b5b6624b98 <unknown>\n#16 0x55b5b6624d68 <unknown>\n#17 0x55b5b6633cb3 <unknown>\n#18 0x7fb875faa044 <unknown>\n\n","statusTrace":"  File \"/usr/local/lib/python3.11/site-packages/allure_commons/_allure.py\", line 192, in impl\n    return func(*a, **kw)\n           ^^^^^^^^^^^^^^\n  File \"/app/pages/item_page.py\", line 40, in add_item_to_cart\n    self.find_element(self._add_item).click()\n    ^^^^^^^^^^^^^^^^^^^^^^^^^^^^^^^^^\n  File \"/app/base/seleniumbase.py\", line 17, in find_element\n    return self.driver.find_element(*locator)\n           ^^^^^^^^^^^^^^^^^^^^^^^^^^^^^^^^^^\n  File \"/usr/local/lib/python3.11/site-packages/selenium/webdriver/remote/webdriver.py\", line 738, in find_element\n    return self.execute(Command.FIND_ELEMENT, {\"using\": by, \"value\": value})[\"value\"]\n           ^^^^^^^^^^^^^^^^^^^^^^^^^^^^^^^^^^^^^^^^^^^^^^^^^^^^^^^^^^^^^^^^^\n  File \"/usr/local/lib/python3.11/site-packages/selenium/webdriver/remote/webdriver.py\", line 344, in execute\n    self.error_handler.check_response(response)\n  File \"/usr/local/lib/python3.11/site-packages/selenium/webdriver/remote/errorhandler.py\", line 229, in check_response\n    raise exception_class(message, screen, stacktrace)\n","steps":[],"attachments":[],"parameters":[{"name":"amount","value":"166"}],"shouldDisplayMessage":true,"stepsCount":0,"attachmentsCount":0,"hasContent":true}],"attachments":[{"uid":"809d98262efe6114","name":"Screenshot","source":"809d98262efe6114.png","type":"image/png","size":39917},{"uid":"74c0ad61dd814466","name":"HTML source","source":"74c0ad61dd814466.html","type":"text/html","size":544}],"parameters":[],"shouldDisplayMessage":true,"stepsCount":1,"attachmentsCount":2,"hasContent":true},"afterStages":[{"name":"driver::0","time":{"start":1694480208732,"stop":1694480208790,"duration":58},"status":"passed","steps":[],"attachments":[],"parameters":[],"shouldDisplayMessage":false,"stepsCount":0,"attachmentsCount":0,"hasContent":false},{"name":"setup::0","time":{"start":1694480208732,"stop":1694480208732,"duration":0},"status":"passed","steps":[],"attachments":[],"parameters":[],"shouldDisplayMessage":false,"stepsCount":0,"attachmentsCount":0,"hasContent":false}],"labels":[{"name":"epic","value":"Delivery Page - calculation"},{"name":"tag","value":"smoke_test"},{"name":"tag","value":"@pytest.mark.xfail"},{"name":"parentSuite","value":"tests.delivery"},{"name":"suite","value":"test_delivery_calculation"},{"name":"subSuite","value":"TestDeliveryPageCalculation"},{"name":"host","value":"35c5d8dc346e"},{"name":"thread","value":"1-MainThread"},{"name":"framework","value":"pytest"},{"name":"language","value":"cpython3"},{"name":"package","value":"tests.delivery.test_delivery_calculation"},{"name":"resultFormat","value":"allure2"}],"parameters":[{"name":"all_time","value":"5480"},{"name":"amount","value":"166"},{"name":"case_id","value":"'TD 009'"},{"name":"in_time","value":"4990"},{"name":"link_item","value":"'products/shtukaturka-gipsovaya-aksolit-m50-30-kg-mashinnogo-naneseniya'"},{"name":"standard","value":"2500"},{"name":"url","value":"'https://sandboxtest.stroyrem-nn.ru/'"},{"name":"weight","value":"5000"}],"links":[],"hidden":false,"retry":false,"extra":{"severity":"normal","retries":[],"categories":[],"history":{"statistic":{"failed":0,"broken":13,"skipped":12,"passed":0,"unknown":0,"total":25},"items":[{"uid":"ceb3d163f0c0dd18","reportUrl":"https://Nat754.github.io/StroyremAutomation/59//#testresult/ceb3d163f0c0dd18","status":"skipped","statusDetails":"XFAIL\n\nselenium.common.exceptions.NoSuchElementException: Message: no such element: Unable to locate element: {\"method\":\"xpath\",\"selector\":\"(//a[@class='add-to-cart yellow-btn'])[1]\"}\n  (Session info: headless chrome=116.0.5845.96); For documentation on this error, please visit: https://www.selenium.dev/documentation/webdriver/troubleshooting/errors#no-such-element-exception\nStacktrace:\n#0 0x55c93c391e23 <unknown>\n#1 0x55c93c0ba7a7 <unknown>\n#2 0x55c93c0f91d3 <unknown>\n#3 0x55c93c0f92c1 <unknown>\n#4 0x55c93c134a04 <unknown>\n#5 0x55c93c11a03d <unknown>\n#6 0x55c93c132369 <unknown>\n#7 0x55c93c119de3 <unknown>\n#8 0x55c93c0eda7b <unknown>\n#9 0x55c93c0ee81e <unknown>\n#10 0x55c93c353638 <unknown>\n#11 0x55c93c357507 <unknown>\n#12 0x55c93c361c4c <unknown>\n#13 0x55c93c358136 <unknown>\n#14 0x55c93c3269cf <unknown>\n#15 0x55c93c37bb98 <unknown>\n#16 0x55c93c37bd68 <unknown>\n#17 0x55c93c38acb3 <unknown>\n#18 0x7f61f817c044 <unknown>","time":{"start":1694433832712,"stop":1694433833247,"duration":535}},{"uid":"5d66ebb5af2eb03e","reportUrl":"https://Nat754.github.io/StroyremAutomation/57//#testresult/5d66ebb5af2eb03e","status":"skipped","statusDetails":"XFAIL\n\nselenium.common.exceptions.NoSuchElementException: Message: no such element: Unable to locate element: {\"method\":\"xpath\",\"selector\":\"(//a[@class='add-to-cart yellow-btn'])[1]\"}\n  (Session info: headless chrome=116.0.5845.96); For documentation on this error, please visit: https://www.selenium.dev/documentation/webdriver/troubleshooting/errors#no-such-element-exception\nStacktrace:\n#0 0x559afc7a0e23 <unknown>\n#1 0x559afc4c97a7 <unknown>\n#2 0x559afc5081d3 <unknown>\n#3 0x559afc5082c1 <unknown>\n#4 0x559afc543a04 <unknown>\n#5 0x559afc52903d <unknown>\n#6 0x559afc541369 <unknown>\n#7 0x559afc528de3 <unknown>\n#8 0x559afc4fca7b <unknown>\n#9 0x559afc4fd81e <unknown>\n#10 0x559afc762638 <unknown>\n#11 0x559afc766507 <unknown>\n#12 0x559afc770c4c <unknown>\n#13 0x559afc767136 <unknown>\n#14 0x559afc7359cf <unknown>\n#15 0x559afc78ab98 <unknown>\n#16 0x559afc78ad68 <unknown>\n#17 0x559afc799cb3 <unknown>\n#18 0x7f774d420044 <unknown>","time":{"start":1694431061131,"stop":1694431061831,"duration":700}},{"uid":"1a741e1eb06e11d9","reportUrl":"https://Nat754.github.io/StroyremAutomation/58//#testresult/1a741e1eb06e11d9","status":"skipped","statusDetails":"XFAIL\n\nselenium.common.exceptions.NoSuchElementException: Message: no such element: Unable to locate element: {\"method\":\"xpath\",\"selector\":\"(//a[@class='add-to-cart yellow-btn'])[1]\"}\n  (Session info: headless chrome=116.0.5845.96); For documentation on this error, please visit: https://www.selenium.dev/documentation/webdriver/troubleshooting/errors#no-such-element-exception\nStacktrace:\n#0 0x564f89fdae23 <unknown>\n#1 0x564f89d037a7 <unknown>\n#2 0x564f89d421d3 <unknown>\n#3 0x564f89d422c1 <unknown>\n#4 0x564f89d7da04 <unknown>\n#5 0x564f89d6303d <unknown>\n#6 0x564f89d7b369 <unknown>\n#7 0x564f89d62de3 <unknown>\n#8 0x564f89d36a7b <unknown>\n#9 0x564f89d3781e <unknown>\n#10 0x564f89f9c638 <unknown>\n#11 0x564f89fa0507 <unknown>\n#12 0x564f89faac4c <unknown>\n#13 0x564f89fa1136 <unknown>\n#14 0x564f89f6f9cf <unknown>\n#15 0x564f89fc4b98 <unknown>\n#16 0x564f89fc4d68 <unknown>\n#17 0x564f89fd3cb3 <unknown>\n#18 0x7f7bace9f044 <unknown>","time":{"start":1694430986306,"stop":1694430986751,"duration":445}},{"uid":"2db7d94ec7d721cf","reportUrl":"https://Nat754.github.io/StroyremAutomation/56//#testresult/2db7d94ec7d721cf","status":"skipped","statusDetails":"XFAIL\n\nselenium.common.exceptions.NoSuchElementException: Message: no such element: Unable to locate element: {\"method\":\"xpath\",\"selector\":\"(//a[@class='add-to-cart yellow-btn'])[1]\"}\n  (Session info: headless chrome=116.0.5845.96); For documentation on this error, please visit: https://www.selenium.dev/documentation/webdriver/troubleshooting/errors#no-such-element-exception\nStacktrace:\n#0 0x55b40cf1ae23 <unknown>\n#1 0x55b40cc437a7 <unknown>\n#2 0x55b40cc821d3 <unknown>\n#3 0x55b40cc822c1 <unknown>\n#4 0x55b40ccbda04 <unknown>\n#5 0x55b40cca303d <unknown>\n#6 0x55b40ccbb369 <unknown>\n#7 0x55b40cca2de3 <unknown>\n#8 0x55b40cc76a7b <unknown>\n#9 0x55b40cc7781e <unknown>\n#10 0x55b40cedc638 <unknown>\n#11 0x55b40cee0507 <unknown>\n#12 0x55b40ceeac4c <unknown>\n#13 0x55b40cee1136 <unknown>\n#14 0x55b40ceaf9cf <unknown>\n#15 0x55b40cf04b98 <unknown>\n#16 0x55b40cf04d68 <unknown>\n#17 0x55b40cf13cb3 <unknown>\n#18 0x7ffa5421b044 <unknown>","time":{"start":1694429602190,"stop":1694429602755,"duration":565}},{"uid":"6708fef438d9cd78","reportUrl":"https://Nat754.github.io/StroyremAutomation/56//#testresult/6708fef438d9cd78","status":"skipped","statusDetails":"XFAIL\n\nselenium.common.exceptions.NoSuchElementException: Message: no such element: Unable to locate element: {\"method\":\"xpath\",\"selector\":\"(//a[@class='add-to-cart yellow-btn'])[1]\"}\n  (Session info: headless chrome=116.0.5845.96); For documentation on this error, please visit: https://www.selenium.dev/documentation/webdriver/troubleshooting/errors#no-such-element-exception\nStacktrace:\n#0 0x55836678ce23 <unknown>\n#1 0x5583664b57a7 <unknown>\n#2 0x5583664f41d3 <unknown>\n#3 0x5583664f42c1 <unknown>\n#4 0x55836652fa04 <unknown>\n#5 0x55836651503d <unknown>\n#6 0x55836652d369 <unknown>\n#7 0x558366514de3 <unknown>\n#8 0x5583664e8a7b <unknown>\n#9 0x5583664e981e <unknown>\n#10 0x55836674e638 <unknown>\n#11 0x558366752507 <unknown>\n#12 0x55836675cc4c <unknown>\n#13 0x558366753136 <unknown>\n#14 0x5583667219cf <unknown>\n#15 0x558366776b98 <unknown>\n#16 0x558366776d68 <unknown>\n#17 0x558366785cb3 <unknown>\n#18 0x7f5463d43044 <unknown>","time":{"start":1694393718470,"stop":1694393718919,"duration":449}},{"uid":"379dd172cc7c5009","reportUrl":"https://Nat754.github.io/StroyremAutomation/55//#testresult/379dd172cc7c5009","status":"skipped","statusDetails":"XFAIL\n\nselenium.common.exceptions.NoSuchElementException: Message: no such element: Unable to locate element: {\"method\":\"xpath\",\"selector\":\"(//a[@class='add-to-cart yellow-btn'])[1]\"}\n  (Session info: headless chrome=116.0.5845.96); For documentation on this error, please visit: https://www.selenium.dev/documentation/webdriver/troubleshooting/errors#no-such-element-exception\nStacktrace:\n#0 0x5556bc48fe23 <unknown>\n#1 0x5556bc1b87a7 <unknown>\n#2 0x5556bc1f71d3 <unknown>\n#3 0x5556bc1f72c1 <unknown>\n#4 0x5556bc232a04 <unknown>\n#5 0x5556bc21803d <unknown>\n#6 0x5556bc230369 <unknown>\n#7 0x5556bc217de3 <unknown>\n#8 0x5556bc1eba7b <unknown>\n#9 0x5556bc1ec81e <unknown>\n#10 0x5556bc451638 <unknown>\n#11 0x5556bc455507 <unknown>\n#12 0x5556bc45fc4c <unknown>\n#13 0x5556bc456136 <unknown>\n#14 0x5556bc4249cf <unknown>\n#15 0x5556bc479b98 <unknown>\n#16 0x5556bc479d68 <unknown>\n#17 0x5556bc488cb3 <unknown>\n#18 0x7f6e387ef044 <unknown>","time":{"start":1694380834541,"stop":1694380835125,"duration":584}},{"uid":"507464393ed0b53a","reportUrl":"https://Nat754.github.io/StroyremAutomation/55//#testresult/507464393ed0b53a","status":"skipped","statusDetails":"XFAIL\n\nselenium.common.exceptions.NoSuchElementException: Message: no such element: Unable to locate element: {\"method\":\"xpath\",\"selector\":\"(//a[@class='add-to-cart yellow-btn'])[1]\"}\n  (Session info: headless chrome=116.0.5845.96); For documentation on this error, please visit: https://www.selenium.dev/documentation/webdriver/troubleshooting/errors#no-such-element-exception\nStacktrace:\n#0 0x5610546d5e23 <unknown>\n#1 0x5610543fe7a7 <unknown>\n#2 0x56105443d1d3 <unknown>\n#3 0x56105443d2c1 <unknown>\n#4 0x561054478a04 <unknown>\n#5 0x56105445e03d <unknown>\n#6 0x561054476369 <unknown>\n#7 0x56105445dde3 <unknown>\n#8 0x561054431a7b <unknown>\n#9 0x56105443281e <unknown>\n#10 0x561054697638 <unknown>\n#11 0x56105469b507 <unknown>\n#12 0x5610546a5c4c <unknown>\n#13 0x56105469c136 <unknown>\n#14 0x56105466a9cf <unknown>\n#15 0x5610546bfb98 <unknown>\n#16 0x5610546bfd68 <unknown>\n#17 0x5610546cecb3 <unknown>\n#18 0x7f545f993044 <unknown>","time":{"start":1694307499329,"stop":1694307499914,"duration":585}},{"uid":"74173201ba7f685","reportUrl":"https://Nat754.github.io/StroyremAutomation/54//#testresult/74173201ba7f685","status":"skipped","statusDetails":"XFAIL\n\nselenium.common.exceptions.NoSuchElementException: Message: no such element: Unable to locate element: {\"method\":\"xpath\",\"selector\":\"(//a[@class='add-to-cart yellow-btn'])[1]\"}\n  (Session info: headless chrome=116.0.5845.96); For documentation on this error, please visit: https://www.selenium.dev/documentation/webdriver/troubleshooting/errors#no-such-element-exception\nStacktrace:\n#0 0x55ad5a26be23 <unknown>\n#1 0x55ad59f947a7 <unknown>\n#2 0x55ad59fd31d3 <unknown>\n#3 0x55ad59fd32c1 <unknown>\n#4 0x55ad5a00ea04 <unknown>\n#5 0x55ad59ff403d <unknown>\n#6 0x55ad5a00c369 <unknown>\n#7 0x55ad59ff3de3 <unknown>\n#8 0x55ad59fc7a7b <unknown>\n#9 0x55ad59fc881e <unknown>\n#10 0x55ad5a22d638 <unknown>\n#11 0x55ad5a231507 <unknown>\n#12 0x55ad5a23bc4c <unknown>\n#13 0x55ad5a232136 <unknown>\n#14 0x55ad5a2009cf <unknown>\n#15 0x55ad5a255b98 <unknown>\n#16 0x55ad5a255d68 <unknown>\n#17 0x55ad5a264cb3 <unknown>\n#18 0x7f6ab902b044 <unknown>","time":{"start":1694286788755,"stop":1694286789313,"duration":558}},{"uid":"be6179efbcafa1ab","reportUrl":"https://Nat754.github.io/StroyremAutomation/54//#testresult/be6179efbcafa1ab","status":"skipped","statusDetails":"XFAIL\n\nselenium.common.exceptions.NoSuchElementException: Message: no such element: Unable to locate element: {\"method\":\"xpath\",\"selector\":\"(//a[@class='add-to-cart yellow-btn'])[1]\"}\n  (Session info: headless chrome=116.0.5845.96); For documentation on this error, please visit: https://www.selenium.dev/documentation/webdriver/troubleshooting/errors#no-such-element-exception\nStacktrace:\n#0 0x55b11fe98e23 <unknown>\n#1 0x55b11fbc17a7 <unknown>\n#2 0x55b11fc001d3 <unknown>\n#3 0x55b11fc002c1 <unknown>\n#4 0x55b11fc3ba04 <unknown>\n#5 0x55b11fc2103d <unknown>\n#6 0x55b11fc39369 <unknown>\n#7 0x55b11fc20de3 <unknown>\n#8 0x55b11fbf4a7b <unknown>\n#9 0x55b11fbf581e <unknown>\n#10 0x55b11fe5a638 <unknown>\n#11 0x55b11fe5e507 <unknown>\n#12 0x55b11fe68c4c <unknown>\n#13 0x55b11fe5f136 <unknown>\n#14 0x55b11fe2d9cf <unknown>\n#15 0x55b11fe82b98 <unknown>\n#16 0x55b11fe82d68 <unknown>\n#17 0x55b11fe91cb3 <unknown>\n#18 0x7fdba7be8044 <unknown>","time":{"start":1694220795135,"stop":1694220795577,"duration":442}},{"uid":"edaad956b58b4a51","reportUrl":"https://Nat754.github.io/StroyremAutomation/4//#testresult/edaad956b58b4a51","status":"broken","statusDetails":"selenium.common.exceptions.NoSuchElementException: Message: no such element: Unable to locate element: {\"method\":\"xpath\",\"selector\":\"(//a[@class='add-to-cart yellow-btn'])[1]\"}\n  (Session info: headless chrome=116.0.5845.96); For documentation on this error, please visit: https://www.selenium.dev/documentation/webdriver/troubleshooting/errors#no-such-element-exception\nStacktrace:\n#0 0x561b22088e23 <unknown>\n#1 0x561b21db17a7 <unknown>\n#2 0x561b21df01d3 <unknown>\n#3 0x561b21df02c1 <unknown>\n#4 0x561b21e2ba04 <unknown>\n#5 0x561b21e1103d <unknown>\n#6 0x561b21e29369 <unknown>\n#7 0x561b21e10de3 <unknown>\n#8 0x561b21de4a7b <unknown>\n#9 0x561b21de581e <unknown>\n#10 0x561b2204a638 <unknown>\n#11 0x561b2204e507 <unknown>\n#12 0x561b22058c4c <unknown>\n#13 0x561b2204f136 <unknown>\n#14 0x561b2201d9cf <unknown>\n#15 0x561b22072b98 <unknown>\n#16 0x561b22072d68 <unknown>\n#17 0x561b22081cb3 <unknown>\n#18 0x7f8b8cbb4044 <unknown>","time":{"start":1694196639088,"stop":1694196639504,"duration":416}},{"uid":"1bc42cad0000d9b9","reportUrl":"https://Nat754.github.io/StroyremAutomation/53//#testresult/1bc42cad0000d9b9","status":"skipped","statusDetails":"XFAIL\n\nselenium.common.exceptions.NoSuchElementException: Message: no such element: Unable to locate element: {\"method\":\"xpath\",\"selector\":\"(//a[@class='add-to-cart yellow-btn'])[1]\"}\n  (Session info: headless chrome=116.0.5845.96); For documentation on this error, please visit: https://www.selenium.dev/documentation/webdriver/troubleshooting/errors#no-such-element-exception\nStacktrace:\n#0 0x55aecd790e23 <unknown>\n#1 0x55aecd4b97a7 <unknown>\n#2 0x55aecd4f81d3 <unknown>\n#3 0x55aecd4f82c1 <unknown>\n#4 0x55aecd533a04 <unknown>\n#5 0x55aecd51903d <unknown>\n#6 0x55aecd531369 <unknown>\n#7 0x55aecd518de3 <unknown>\n#8 0x55aecd4eca7b <unknown>\n#9 0x55aecd4ed81e <unknown>\n#10 0x55aecd752638 <unknown>\n#11 0x55aecd756507 <unknown>\n#12 0x55aecd760c4c <unknown>\n#13 0x55aecd757136 <unknown>\n#14 0x55aecd7259cf <unknown>\n#15 0x55aecd77ab98 <unknown>\n#16 0x55aecd77ad68 <unknown>\n#17 0x55aecd789cb3 <unknown>\n#18 0x7fb71e80c044 <unknown>","time":{"start":1694207099579,"stop":1694207100135,"duration":556}},{"uid":"ead6852398e89590","reportUrl":"https://Nat754.github.io/StroyremAutomation/53//#testresult/ead6852398e89590","status":"skipped","statusDetails":"XFAIL\n\nselenium.common.exceptions.NoSuchElementException: Message: no such element: Unable to locate element: {\"method\":\"xpath\",\"selector\":\"(//a[@class='add-to-cart yellow-btn'])[1]\"}\n  (Session info: headless chrome=116.0.5845.96); For documentation on this error, please visit: https://www.selenium.dev/documentation/webdriver/troubleshooting/errors#no-such-element-exception\nStacktrace:\n#0 0x55b7d7d7ee23 <unknown>\n#1 0x55b7d7aa77a7 <unknown>\n#2 0x55b7d7ae61d3 <unknown>\n#3 0x55b7d7ae62c1 <unknown>\n#4 0x55b7d7b21a04 <unknown>\n#5 0x55b7d7b0703d <unknown>\n#6 0x55b7d7b1f369 <unknown>\n#7 0x55b7d7b06de3 <unknown>\n#8 0x55b7d7adaa7b <unknown>\n#9 0x55b7d7adb81e <unknown>\n#10 0x55b7d7d40638 <unknown>\n#11 0x55b7d7d44507 <unknown>\n#12 0x55b7d7d4ec4c <unknown>\n#13 0x55b7d7d45136 <unknown>\n#14 0x55b7d7d139cf <unknown>\n#15 0x55b7d7d68b98 <unknown>\n#16 0x55b7d7d68d68 <unknown>\n#17 0x55b7d7d77cb3 <unknown>\n#18 0x7fcb23823044 <unknown>","time":{"start":1694198935622,"stop":1694198936157,"duration":535}},{"uid":"425445c5ae5a6716","reportUrl":"https://Nat754.github.io/StroyremAutomation/4//#testresult/425445c5ae5a6716","status":"broken","statusDetails":"selenium.common.exceptions.NoSuchElementException: Message: no such element: Unable to locate element: {\"method\":\"xpath\",\"selector\":\"(//a[@class='add-to-cart yellow-btn'])[1]\"}\n  (Session info: headless chrome=116.0.5845.96); For documentation on this error, please visit: https://www.selenium.dev/documentation/webdriver/troubleshooting/errors#no-such-element-exception\nStacktrace:\n#0 0x563547dd3e23 <unknown>\n#1 0x563547afc7a7 <unknown>\n#2 0x563547b3b1d3 <unknown>\n#3 0x563547b3b2c1 <unknown>\n#4 0x563547b76a04 <unknown>\n#5 0x563547b5c03d <unknown>\n#6 0x563547b74369 <unknown>\n#7 0x563547b5bde3 <unknown>\n#8 0x563547b2fa7b <unknown>\n#9 0x563547b3081e <unknown>\n#10 0x563547d95638 <unknown>\n#11 0x563547d99507 <unknown>\n#12 0x563547da3c4c <unknown>\n#13 0x563547d9a136 <unknown>\n#14 0x563547d689cf <unknown>\n#15 0x563547dbdb98 <unknown>\n#16 0x563547dbdd68 <unknown>\n#17 0x563547dcccb3 <unknown>\n#18 0x7f4f00efc044 <unknown>","time":{"start":1694183573276,"stop":1694183573689,"duration":413}},{"uid":"76d71f8e3d4a46b1","reportUrl":"https://Nat754.github.io/StroyremAutomation/52//#testresult/76d71f8e3d4a46b1","status":"broken","statusDetails":"selenium.common.exceptions.NoSuchElementException: Message: no such element: Unable to locate element: {\"method\":\"xpath\",\"selector\":\"(//a[@class='add-to-cart yellow-btn'])[1]\"}\n  (Session info: headless chrome=116.0.5845.96); For documentation on this error, please visit: https://www.selenium.dev/documentation/webdriver/troubleshooting/errors#no-such-element-exception\nStacktrace:\n#0 0x561e61ad9e23 <unknown>\n#1 0x561e618027a7 <unknown>\n#2 0x561e618411d3 <unknown>\n#3 0x561e618412c1 <unknown>\n#4 0x561e6187ca04 <unknown>\n#5 0x561e6186203d <unknown>\n#6 0x561e6187a369 <unknown>\n#7 0x561e61861de3 <unknown>\n#8 0x561e61835a7b <unknown>\n#9 0x561e6183681e <unknown>\n#10 0x561e61a9b638 <unknown>\n#11 0x561e61a9f507 <unknown>\n#12 0x561e61aa9c4c <unknown>\n#13 0x561e61aa0136 <unknown>\n#14 0x561e61a6e9cf <unknown>\n#15 0x561e61ac3b98 <unknown>\n#16 0x561e61ac3d68 <unknown>\n#17 0x561e61ad2cb3 <unknown>\n#18 0x7f9285a88044 <unknown>","time":{"start":1694134630091,"stop":1694134630756,"duration":665}},{"uid":"e8c2d74be51b1d56","reportUrl":"https://Nat754.github.io/StroyremAutomation/51//#testresult/e8c2d74be51b1d56","status":"broken","statusDetails":"selenium.common.exceptions.NoSuchElementException: Message: no such element: Unable to locate element: {\"method\":\"xpath\",\"selector\":\"(//a[@class='add-to-cart yellow-btn'])[1]\"}\n  (Session info: headless chrome=116.0.5845.96); For documentation on this error, please visit: https://www.selenium.dev/documentation/webdriver/troubleshooting/errors#no-such-element-exception\nStacktrace:\n#0 0x5555596d9e23 <unknown>\n#1 0x5555594027a7 <unknown>\n#2 0x5555594411d3 <unknown>\n#3 0x5555594412c1 <unknown>\n#4 0x55555947ca04 <unknown>\n#5 0x55555946203d <unknown>\n#6 0x55555947a369 <unknown>\n#7 0x555559461de3 <unknown>\n#8 0x555559435a7b <unknown>\n#9 0x55555943681e <unknown>\n#10 0x55555969b638 <unknown>\n#11 0x55555969f507 <unknown>\n#12 0x5555596a9c4c <unknown>\n#13 0x5555596a0136 <unknown>\n#14 0x55555966e9cf <unknown>\n#15 0x5555596c3b98 <unknown>\n#16 0x5555596c3d68 <unknown>\n#17 0x5555596d2cb3 <unknown>\n#18 0x7f6555fb2044 <unknown>","time":{"start":1694048070777,"stop":1694048071216,"duration":439}},{"uid":"ed651dc8033c6885","reportUrl":"https://Nat754.github.io/StroyremAutomation/50//#testresult/ed651dc8033c6885","status":"broken","statusDetails":"selenium.common.exceptions.ElementNotInteractableException: Message: element not interactable\n  (Session info: headless chrome=116.0.5845.96)\nStacktrace:\n#0 0x5654e5855e23 <unknown>\n#1 0x5654e557e5f6 <unknown>\n#2 0x5654e55b4c5d <unknown>\n#3 0x5654e55de012 <unknown>\n#4 0x5654e55b2fb6 <unknown>\n#5 0x5654e55de1de <unknown>\n#6 0x5654e55f6369 <unknown>\n#7 0x5654e55ddde3 <unknown>\n#8 0x5654e55b1a7b <unknown>\n#9 0x5654e55b281e <unknown>\n#10 0x5654e5817638 <unknown>\n#11 0x5654e581b507 <unknown>\n#12 0x5654e5825c4c <unknown>\n#13 0x5654e581c136 <unknown>\n#14 0x5654e57ea9cf <unknown>\n#15 0x5654e583fb98 <unknown>\n#16 0x5654e583fd68 <unknown>\n#17 0x5654e584ecb3 <unknown>\n#18 0x7f0b46e26044 <unknown>","time":{"start":1693961934701,"stop":1693961940934,"duration":6233}},{"uid":"bae124950acfeeac","reportUrl":"https://Nat754.github.io/StroyremAutomation/49//#testresult/bae124950acfeeac","status":"broken","statusDetails":"selenium.common.exceptions.NoSuchElementException: Message: no such element: Unable to locate element: {\"method\":\"xpath\",\"selector\":\"(//a[@class='add-to-cart yellow-btn'])[1]\"}\n  (Session info: headless chrome=116.0.5845.96); For documentation on this error, please visit: https://www.selenium.dev/documentation/webdriver/troubleshooting/errors#no-such-element-exception\nStacktrace:\n#0 0x565011e37e23 <unknown>\n#1 0x565011b607a7 <unknown>\n#2 0x565011b9f1d3 <unknown>\n#3 0x565011b9f2c1 <unknown>\n#4 0x565011bdaa04 <unknown>\n#5 0x565011bc003d <unknown>\n#6 0x565011bd8369 <unknown>\n#7 0x565011bbfde3 <unknown>\n#8 0x565011b93a7b <unknown>\n#9 0x565011b9481e <unknown>\n#10 0x565011df9638 <unknown>\n#11 0x565011dfd507 <unknown>\n#12 0x565011e07c4c <unknown>\n#13 0x565011dfe136 <unknown>\n#14 0x565011dcc9cf <unknown>\n#15 0x565011e21b98 <unknown>\n#16 0x565011e21d68 <unknown>\n#17 0x565011e30cb3 <unknown>\n#18 0x7f9ff0dcc044 <unknown>","time":{"start":1693875242382,"stop":1693875242854,"duration":472}},{"uid":"85bbe9128aa40176","reportUrl":"https://Nat754.github.io/StroyremAutomation/48//#testresult/85bbe9128aa40176","status":"broken","statusDetails":"selenium.common.exceptions.ElementNotInteractableException: Message: element not interactable\n  (Session info: headless chrome=116.0.5845.96)\nStacktrace:\n#0 0x5556b42afe23 <unknown>\n#1 0x5556b3fd85f6 <unknown>\n#2 0x5556b400ec5d <unknown>\n#3 0x5556b4038012 <unknown>\n#4 0x5556b400cfb6 <unknown>\n#5 0x5556b40381de <unknown>\n#6 0x5556b4050369 <unknown>\n#7 0x5556b4037de3 <unknown>\n#8 0x5556b400ba7b <unknown>\n#9 0x5556b400c81e <unknown>\n#10 0x5556b4271638 <unknown>\n#11 0x5556b4275507 <unknown>\n#12 0x5556b427fc4c <unknown>\n#13 0x5556b4276136 <unknown>\n#14 0x5556b42449cf <unknown>\n#15 0x5556b4299b98 <unknown>\n#16 0x5556b4299d68 <unknown>\n#17 0x5556b42a8cb3 <unknown>\n#18 0x7fe0912dc044 <unknown>","time":{"start":1693789127396,"stop":1693789133260,"duration":5864}},{"uid":"911fe84fd87efc8a","reportUrl":"https://Nat754.github.io/StroyremAutomation/3//#testresult/911fe84fd87efc8a","status":"broken","statusDetails":"selenium.common.exceptions.ElementNotInteractableException: Message: element not interactable\n  (Session info: headless chrome=116.0.5845.96)\nStacktrace:\n#0 0x5570cb5ede23 <unknown>\n#1 0x5570cb3165f6 <unknown>\n#2 0x5570cb34cc5d <unknown>\n#3 0x5570cb376012 <unknown>\n#4 0x5570cb34afb6 <unknown>\n#5 0x5570cb3761de <unknown>\n#6 0x5570cb38e369 <unknown>\n#7 0x5570cb375de3 <unknown>\n#8 0x5570cb349a7b <unknown>\n#9 0x5570cb34a81e <unknown>\n#10 0x5570cb5af638 <unknown>\n#11 0x5570cb5b3507 <unknown>\n#12 0x5570cb5bdc4c <unknown>\n#13 0x5570cb5b4136 <unknown>\n#14 0x5570cb5829cf <unknown>\n#15 0x5570cb5d7b98 <unknown>\n#16 0x5570cb5d7d68 <unknown>\n#17 0x5570cb5e6cb3 <unknown>\n#18 0x7f1f2ae4d044 <unknown>","time":{"start":1693730149517,"stop":1693730154949,"duration":5432}},{"uid":"98db81d6a4191329","reportUrl":"https://Nat754.github.io/StroyremAutomation/47//#testresult/98db81d6a4191329","status":"broken","statusDetails":"selenium.common.exceptions.ElementNotInteractableException: Message: element not interactable\n  (Session info: headless chrome=116.0.5845.96)\nStacktrace:\n#0 0x56292ad77e23 <unknown>\n#1 0x56292aaa05f6 <unknown>\n#2 0x56292aad6c5d <unknown>\n#3 0x56292ab00012 <unknown>\n#4 0x56292aad4fb6 <unknown>\n#5 0x56292ab001de <unknown>\n#6 0x56292ab18369 <unknown>\n#7 0x56292aaffde3 <unknown>\n#8 0x56292aad3a7b <unknown>\n#9 0x56292aad481e <unknown>\n#10 0x56292ad39638 <unknown>\n#11 0x56292ad3d507 <unknown>\n#12 0x56292ad47c4c <unknown>\n#13 0x56292ad3e136 <unknown>\n#14 0x56292ad0c9cf <unknown>\n#15 0x56292ad61b98 <unknown>\n#16 0x56292ad61d68 <unknown>\n#17 0x56292ad70cb3 <unknown>\n#18 0x7f4515319044 <unknown>","time":{"start":1693730629053,"stop":1693730634598,"duration":5545}}]},"tags":["@pytest.mark.xfail","smoke_test"]},"source":"4cd69316ca25591e.json","parameterValues":["5480","166","'TD 009'","4990","'products/shtukaturka-gipsovaya-aksolit-m50-30-kg-mashinnogo-naneseniya'","2500","'https://sandboxtest.stroyrem-nn.ru/'","5000"]}