{"uid":"aeda31eb0689e9d1","name":"test_positive_delivery_green_zone_smoke[TD 010-products/shtukaturka-gipsovaya-aksolit-m50-30-kg-mashinnogo-naneseniya-206-6200-2900-5570-6120-https://sandboxtest.stroyrem-nn.ru/]","fullName":"tests.delivery.test_delivery_calculation.TestDeliveryPageCalculation#test_positive_delivery_green_zone_smoke","historyId":"ece4a4b7d2c766759dd3e80afc1ed9c3","time":{"start":1694480209647,"stop":1694480210479,"duration":832},"status":"skipped","statusMessage":"XFAIL\n\nselenium.common.exceptions.NoSuchElementException: Message: no such element: Unable to locate element: {\"method\":\"xpath\",\"selector\":\"(//a[@class='add-to-cart yellow-btn'])[1]\"}\n  (Session info: headless chrome=116.0.5845.96); For documentation on this error, please visit: https://www.selenium.dev/documentation/webdriver/troubleshooting/errors#no-such-element-exception\nStacktrace:\n#0 0x556358688e23 <unknown>\n#1 0x5563583b17a7 <unknown>\n#2 0x5563583f01d3 <unknown>\n#3 0x5563583f02c1 <unknown>\n#4 0x55635842ba04 <unknown>\n#5 0x55635841103d <unknown>\n#6 0x556358429369 <unknown>\n#7 0x556358410de3 <unknown>\n#8 0x5563583e4a7b <unknown>\n#9 0x5563583e581e <unknown>\n#10 0x55635864a638 <unknown>\n#11 0x55635864e507 <unknown>\n#12 0x556358658c4c <unknown>\n#13 0x55635864f136 <unknown>\n#14 0x55635861d9cf <unknown>\n#15 0x556358672b98 <unknown>\n#16 0x556358672d68 <unknown>\n#17 0x556358681cb3 <unknown>\n#18 0x7fdcc6fce044 <unknown>","statusTrace":"self = <tests.delivery.test_delivery_calculation.TestDeliveryPageCalculation object at 0x7f86e8129dd0>\ndriver = <selenium.webdriver.chrome.webdriver.WebDriver (session=\"a06e46db1cbc277ba71f36facc8f98b9\")>\nurl = 'https://sandboxtest.stroyrem-nn.ru/', case_id = 'TD 010'\nlink_item = 'products/shtukaturka-gipsovaya-aksolit-m50-30-kg-mashinnogo-naneseniya'\namount = 206, weight = 6200, standard = 2900, in_time = 5570, all_time = 6120\n\n    @pytest.mark.parametrize('case_id, link_item, amount, weight, standard, in_time, all_time', [\n        (\"TD 001\", uroven_3000, 1, 30, 0, 1590, 2190),\n        (\"TD 002\", bundeks_25, 1, 30, 400, 1590, 2190),\n        (\"TD 003\", aksolit_30, 8, 300, 400, 1590, 2190),\n        (\"TD 004\", aksolit_30, 13, 400, 450, 1590, 2190),\n        (\"TD 005\", aksolit_30, 16, 500, 600, 1590, 2190),\n        (\"TD 006\", aksolit_30, 25, 1700, 990, 1990, 2480),\n        (\"TD 007\", aksolit_30, 66, 2000, 1300, 2490, 2980),\n        (\"TD 008\", aksolit_30, 149, 4500, 2300, 3980, 4490),\n        (\"TD 009\", aksolit_30, 166, 5000, 2500, 4990, 5480),\n        pytest.param(\n            \"TD 010\", aksolit_30, 206, 6200, 2900, 5570, 6120,\n            marks=pytest.mark.xfail(reson=\"Цена доставки 3600 7960 8980\")\n        ),\n        (\"TD 011\", aksolit_30, 299, 9000, 3600, 7960, 8980),\n        (\"TD 012\", aksolit_30, 333, 10000, 4450, 11990, 12500),\n        pytest.param(\n            \"TD 013\", aksolit_30, 366, 11000, 4800, 12450, 13480,\n            marks=pytest.mark.xfail(reason=\"Цена стандартной доставки 4450\")\n        ),\n        pytest.param(\n            \"TD 014\", aksolit_30, 666, 20000, 5400, 15600, 17490,\n            marks=pytest.mark.xfail(reason=\"Цена стандартной доставки 4450\")\n        )\n    ])\n    @pytest.mark.xfail\n    @pytest.mark.smoke_test\n    def test_positive_delivery_green_zone_smoke(\n            self, driver, url, case_id, link_item, amount, weight, standard, in_time, all_time\n    ):\n    \n        driver.get(f'{url}{link_item}')\n        item_page = ItemPage(driver)\n>       item_page.add_item_to_cart(amount).click_on_cart()\n\ntests/delivery/test_delivery_calculation.py:50: \n_ _ _ _ _ _ _ _ _ _ _ _ _ _ _ _ _ _ _ _ _ _ _ _ _ _ _ _ _ _ _ _ _ _ _ _ _ _ _ _ \npages/item_page.py:40: in add_item_to_cart\n    self.find_element(self._add_item).click()\nbase/seleniumbase.py:17: in find_element\n    return self.driver.find_element(*locator)\n/usr/local/lib/python3.11/site-packages/selenium/webdriver/remote/webdriver.py:738: in find_element\n    return self.execute(Command.FIND_ELEMENT, {\"using\": by, \"value\": value})[\"value\"]\n/usr/local/lib/python3.11/site-packages/selenium/webdriver/remote/webdriver.py:344: in execute\n    self.error_handler.check_response(response)\n_ _ _ _ _ _ _ _ _ _ _ _ _ _ _ _ _ _ _ _ _ _ _ _ _ _ _ _ _ _ _ _ _ _ _ _ _ _ _ _ \n\nself = <selenium.webdriver.remote.errorhandler.ErrorHandler object at 0x7f86e8cf0650>\nresponse = {'status': 404, 'value': '{\"value\":{\"error\":\"no such element\",\"message\":\"no such element: Unable to locate element: {\\...\\\\n#16 0x556358672d68 \\\\u003Cunknown>\\\\n#17 0x556358681cb3 \\\\u003Cunknown>\\\\n#18 0x7fdcc6fce044 \\\\u003Cunknown>\\\\n\"}}'}\n\n    def check_response(self, response: Dict[str, Any]) -> None:\n        \"\"\"Checks that a JSON response from the WebDriver does not have an\n        error.\n    \n        :Args:\n         - response - The JSON response from the WebDriver server as a dictionary\n           object.\n    \n        :Raises: If the response contains an error message.\n        \"\"\"\n        status = response.get(\"status\", None)\n        if not status or status == ErrorCode.SUCCESS:\n            return\n        value = None\n        message = response.get(\"message\", \"\")\n        screen: str = response.get(\"screen\", \"\")\n        stacktrace = None\n        if isinstance(status, int):\n            value_json = response.get(\"value\", None)\n            if value_json and isinstance(value_json, str):\n                import json\n    \n                try:\n                    value = json.loads(value_json)\n                    if len(value) == 1:\n                        value = value[\"value\"]\n                    status = value.get(\"error\", None)\n                    if not status:\n                        status = value.get(\"status\", ErrorCode.UNKNOWN_ERROR)\n                        message = value.get(\"value\") or value.get(\"message\")\n                        if not isinstance(message, str):\n                            value = message\n                            message = message.get(\"message\")\n                    else:\n                        message = value.get(\"message\", None)\n                except ValueError:\n                    pass\n    \n        exception_class: Type[WebDriverException]\n        e = ErrorCode()\n        error_codes = [item for item in dir(e) if not item.startswith(\"__\")]\n        for error_code in error_codes:\n            error_info = getattr(ErrorCode, error_code)\n            if isinstance(error_info, list) and status in error_info:\n                exception_class = getattr(ExceptionMapping, error_code, WebDriverException)\n                break\n        else:\n            exception_class = WebDriverException\n    \n        if not value:\n            value = response[\"value\"]\n        if isinstance(value, str):\n            raise exception_class(value)\n        if message == \"\" and \"message\" in value:\n            message = value[\"message\"]\n    \n        screen = None  # type: ignore[assignment]\n        if \"screen\" in value:\n            screen = value[\"screen\"]\n    \n        stacktrace = None\n        st_value = value.get(\"stackTrace\") or value.get(\"stacktrace\")\n        if st_value:\n            if isinstance(st_value, str):\n                stacktrace = st_value.split(\"\\n\")\n            else:\n                stacktrace = []\n                try:\n                    for frame in st_value:\n                        line = frame.get(\"lineNumber\", \"\")\n                        file = frame.get(\"fileName\", \"<anonymous>\")\n                        if line:\n                            file = f\"{file}:{line}\"\n                        meth = frame.get(\"methodName\", \"<anonymous>\")\n                        if \"className\" in frame:\n                            meth = f\"{frame['className']}.{meth}\"\n                        msg = \"    at %s (%s)\"\n                        msg = msg % (meth, file)\n                        stacktrace.append(msg)\n                except TypeError:\n                    pass\n        if exception_class == UnexpectedAlertPresentException:\n            alert_text = None\n            if \"data\" in value:\n                alert_text = value[\"data\"].get(\"text\")\n            elif \"alert\" in value:\n                alert_text = value[\"alert\"].get(\"text\")\n            raise exception_class(message, screen, stacktrace, alert_text)  # type: ignore[call-arg]  # mypy is not smart enough here\n>       raise exception_class(message, screen, stacktrace)\nE       selenium.common.exceptions.NoSuchElementException: Message: no such element: Unable to locate element: {\"method\":\"xpath\",\"selector\":\"(//a[@class='add-to-cart yellow-btn'])[1]\"}\nE         (Session info: headless chrome=116.0.5845.96); For documentation on this error, please visit: https://www.selenium.dev/documentation/webdriver/troubleshooting/errors#no-such-element-exception\nE       Stacktrace:\nE       #0 0x556358688e23 <unknown>\nE       #1 0x5563583b17a7 <unknown>\nE       #2 0x5563583f01d3 <unknown>\nE       #3 0x5563583f02c1 <unknown>\nE       #4 0x55635842ba04 <unknown>\nE       #5 0x55635841103d <unknown>\nE       #6 0x556358429369 <unknown>\nE       #7 0x556358410de3 <unknown>\nE       #8 0x5563583e4a7b <unknown>\nE       #9 0x5563583e581e <unknown>\nE       #10 0x55635864a638 <unknown>\nE       #11 0x55635864e507 <unknown>\nE       #12 0x556358658c4c <unknown>\nE       #13 0x55635864f136 <unknown>\nE       #14 0x55635861d9cf <unknown>\nE       #15 0x556358672b98 <unknown>\nE       #16 0x556358672d68 <unknown>\nE       #17 0x556358681cb3 <unknown>\nE       #18 0x7fdcc6fce044 <unknown>\n\n/usr/local/lib/python3.11/site-packages/selenium/webdriver/remote/errorhandler.py:229: NoSuchElementException","flaky":false,"newFailed":false,"newBroken":false,"newPassed":false,"retriesCount":0,"retriesStatusChange":false,"beforeStages":[{"name":"_session_faker","time":{"start":1694479517366,"stop":1694479517472,"duration":106},"status":"passed","steps":[],"attachments":[],"parameters":[],"shouldDisplayMessage":false,"stepsCount":0,"attachmentsCount":0,"hasContent":false},{"name":"clear_allure_results_folder","time":{"start":1694479517472,"stop":1694479517473,"duration":1},"status":"passed","steps":[],"attachments":[],"parameters":[],"shouldDisplayMessage":false,"stepsCount":0,"attachmentsCount":0,"hasContent":false},{"name":"driver","time":{"start":1694480208792,"stop":1694480209645,"duration":853},"status":"passed","steps":[],"attachments":[],"parameters":[],"shouldDisplayMessage":false,"stepsCount":0,"attachmentsCount":0,"hasContent":false},{"name":"setup","time":{"start":1694480209646,"stop":1694480209646,"duration":0},"status":"passed","steps":[],"attachments":[],"parameters":[],"shouldDisplayMessage":false,"stepsCount":0,"attachmentsCount":0,"hasContent":false}],"testStage":{"status":"skipped","statusMessage":"XFAIL\n\nselenium.common.exceptions.NoSuchElementException: Message: no such element: Unable to locate element: {\"method\":\"xpath\",\"selector\":\"(//a[@class='add-to-cart yellow-btn'])[1]\"}\n  (Session info: headless chrome=116.0.5845.96); For documentation on this error, please visit: https://www.selenium.dev/documentation/webdriver/troubleshooting/errors#no-such-element-exception\nStacktrace:\n#0 0x556358688e23 <unknown>\n#1 0x5563583b17a7 <unknown>\n#2 0x5563583f01d3 <unknown>\n#3 0x5563583f02c1 <unknown>\n#4 0x55635842ba04 <unknown>\n#5 0x55635841103d <unknown>\n#6 0x556358429369 <unknown>\n#7 0x556358410de3 <unknown>\n#8 0x5563583e4a7b <unknown>\n#9 0x5563583e581e <unknown>\n#10 0x55635864a638 <unknown>\n#11 0x55635864e507 <unknown>\n#12 0x556358658c4c <unknown>\n#13 0x55635864f136 <unknown>\n#14 0x55635861d9cf <unknown>\n#15 0x556358672b98 <unknown>\n#16 0x556358672d68 <unknown>\n#17 0x556358681cb3 <unknown>\n#18 0x7fdcc6fce044 <unknown>","statusTrace":"self = <tests.delivery.test_delivery_calculation.TestDeliveryPageCalculation object at 0x7f86e8129dd0>\ndriver = <selenium.webdriver.chrome.webdriver.WebDriver (session=\"a06e46db1cbc277ba71f36facc8f98b9\")>\nurl = 'https://sandboxtest.stroyrem-nn.ru/', case_id = 'TD 010'\nlink_item = 'products/shtukaturka-gipsovaya-aksolit-m50-30-kg-mashinnogo-naneseniya'\namount = 206, weight = 6200, standard = 2900, in_time = 5570, all_time = 6120\n\n    @pytest.mark.parametrize('case_id, link_item, amount, weight, standard, in_time, all_time', [\n        (\"TD 001\", uroven_3000, 1, 30, 0, 1590, 2190),\n        (\"TD 002\", bundeks_25, 1, 30, 400, 1590, 2190),\n        (\"TD 003\", aksolit_30, 8, 300, 400, 1590, 2190),\n        (\"TD 004\", aksolit_30, 13, 400, 450, 1590, 2190),\n        (\"TD 005\", aksolit_30, 16, 500, 600, 1590, 2190),\n        (\"TD 006\", aksolit_30, 25, 1700, 990, 1990, 2480),\n        (\"TD 007\", aksolit_30, 66, 2000, 1300, 2490, 2980),\n        (\"TD 008\", aksolit_30, 149, 4500, 2300, 3980, 4490),\n        (\"TD 009\", aksolit_30, 166, 5000, 2500, 4990, 5480),\n        pytest.param(\n            \"TD 010\", aksolit_30, 206, 6200, 2900, 5570, 6120,\n            marks=pytest.mark.xfail(reson=\"Цена доставки 3600 7960 8980\")\n        ),\n        (\"TD 011\", aksolit_30, 299, 9000, 3600, 7960, 8980),\n        (\"TD 012\", aksolit_30, 333, 10000, 4450, 11990, 12500),\n        pytest.param(\n            \"TD 013\", aksolit_30, 366, 11000, 4800, 12450, 13480,\n            marks=pytest.mark.xfail(reason=\"Цена стандартной доставки 4450\")\n        ),\n        pytest.param(\n            \"TD 014\", aksolit_30, 666, 20000, 5400, 15600, 17490,\n            marks=pytest.mark.xfail(reason=\"Цена стандартной доставки 4450\")\n        )\n    ])\n    @pytest.mark.xfail\n    @pytest.mark.smoke_test\n    def test_positive_delivery_green_zone_smoke(\n            self, driver, url, case_id, link_item, amount, weight, standard, in_time, all_time\n    ):\n    \n        driver.get(f'{url}{link_item}')\n        item_page = ItemPage(driver)\n>       item_page.add_item_to_cart(amount).click_on_cart()\n\ntests/delivery/test_delivery_calculation.py:50: \n_ _ _ _ _ _ _ _ _ _ _ _ _ _ _ _ _ _ _ _ _ _ _ _ _ _ _ _ _ _ _ _ _ _ _ _ _ _ _ _ \npages/item_page.py:40: in add_item_to_cart\n    self.find_element(self._add_item).click()\nbase/seleniumbase.py:17: in find_element\n    return self.driver.find_element(*locator)\n/usr/local/lib/python3.11/site-packages/selenium/webdriver/remote/webdriver.py:738: in find_element\n    return self.execute(Command.FIND_ELEMENT, {\"using\": by, \"value\": value})[\"value\"]\n/usr/local/lib/python3.11/site-packages/selenium/webdriver/remote/webdriver.py:344: in execute\n    self.error_handler.check_response(response)\n_ _ _ _ _ _ _ _ _ _ _ _ _ _ _ _ _ _ _ _ _ _ _ _ _ _ _ _ _ _ _ _ _ _ _ _ _ _ _ _ \n\nself = <selenium.webdriver.remote.errorhandler.ErrorHandler object at 0x7f86e8cf0650>\nresponse = {'status': 404, 'value': '{\"value\":{\"error\":\"no such element\",\"message\":\"no such element: Unable to locate element: {\\...\\\\n#16 0x556358672d68 \\\\u003Cunknown>\\\\n#17 0x556358681cb3 \\\\u003Cunknown>\\\\n#18 0x7fdcc6fce044 \\\\u003Cunknown>\\\\n\"}}'}\n\n    def check_response(self, response: Dict[str, Any]) -> None:\n        \"\"\"Checks that a JSON response from the WebDriver does not have an\n        error.\n    \n        :Args:\n         - response - The JSON response from the WebDriver server as a dictionary\n           object.\n    \n        :Raises: If the response contains an error message.\n        \"\"\"\n        status = response.get(\"status\", None)\n        if not status or status == ErrorCode.SUCCESS:\n            return\n        value = None\n        message = response.get(\"message\", \"\")\n        screen: str = response.get(\"screen\", \"\")\n        stacktrace = None\n        if isinstance(status, int):\n            value_json = response.get(\"value\", None)\n            if value_json and isinstance(value_json, str):\n                import json\n    \n                try:\n                    value = json.loads(value_json)\n                    if len(value) == 1:\n                        value = value[\"value\"]\n                    status = value.get(\"error\", None)\n                    if not status:\n                        status = value.get(\"status\", ErrorCode.UNKNOWN_ERROR)\n                        message = value.get(\"value\") or value.get(\"message\")\n                        if not isinstance(message, str):\n                            value = message\n                            message = message.get(\"message\")\n                    else:\n                        message = value.get(\"message\", None)\n                except ValueError:\n                    pass\n    \n        exception_class: Type[WebDriverException]\n        e = ErrorCode()\n        error_codes = [item for item in dir(e) if not item.startswith(\"__\")]\n        for error_code in error_codes:\n            error_info = getattr(ErrorCode, error_code)\n            if isinstance(error_info, list) and status in error_info:\n                exception_class = getattr(ExceptionMapping, error_code, WebDriverException)\n                break\n        else:\n            exception_class = WebDriverException\n    \n        if not value:\n            value = response[\"value\"]\n        if isinstance(value, str):\n            raise exception_class(value)\n        if message == \"\" and \"message\" in value:\n            message = value[\"message\"]\n    \n        screen = None  # type: ignore[assignment]\n        if \"screen\" in value:\n            screen = value[\"screen\"]\n    \n        stacktrace = None\n        st_value = value.get(\"stackTrace\") or value.get(\"stacktrace\")\n        if st_value:\n            if isinstance(st_value, str):\n                stacktrace = st_value.split(\"\\n\")\n            else:\n                stacktrace = []\n                try:\n                    for frame in st_value:\n                        line = frame.get(\"lineNumber\", \"\")\n                        file = frame.get(\"fileName\", \"<anonymous>\")\n                        if line:\n                            file = f\"{file}:{line}\"\n                        meth = frame.get(\"methodName\", \"<anonymous>\")\n                        if \"className\" in frame:\n                            meth = f\"{frame['className']}.{meth}\"\n                        msg = \"    at %s (%s)\"\n                        msg = msg % (meth, file)\n                        stacktrace.append(msg)\n                except TypeError:\n                    pass\n        if exception_class == UnexpectedAlertPresentException:\n            alert_text = None\n            if \"data\" in value:\n                alert_text = value[\"data\"].get(\"text\")\n            elif \"alert\" in value:\n                alert_text = value[\"alert\"].get(\"text\")\n            raise exception_class(message, screen, stacktrace, alert_text)  # type: ignore[call-arg]  # mypy is not smart enough here\n>       raise exception_class(message, screen, stacktrace)\nE       selenium.common.exceptions.NoSuchElementException: Message: no such element: Unable to locate element: {\"method\":\"xpath\",\"selector\":\"(//a[@class='add-to-cart yellow-btn'])[1]\"}\nE         (Session info: headless chrome=116.0.5845.96); For documentation on this error, please visit: https://www.selenium.dev/documentation/webdriver/troubleshooting/errors#no-such-element-exception\nE       Stacktrace:\nE       #0 0x556358688e23 <unknown>\nE       #1 0x5563583b17a7 <unknown>\nE       #2 0x5563583f01d3 <unknown>\nE       #3 0x5563583f02c1 <unknown>\nE       #4 0x55635842ba04 <unknown>\nE       #5 0x55635841103d <unknown>\nE       #6 0x556358429369 <unknown>\nE       #7 0x556358410de3 <unknown>\nE       #8 0x5563583e4a7b <unknown>\nE       #9 0x5563583e581e <unknown>\nE       #10 0x55635864a638 <unknown>\nE       #11 0x55635864e507 <unknown>\nE       #12 0x556358658c4c <unknown>\nE       #13 0x55635864f136 <unknown>\nE       #14 0x55635861d9cf <unknown>\nE       #15 0x556358672b98 <unknown>\nE       #16 0x556358672d68 <unknown>\nE       #17 0x556358681cb3 <unknown>\nE       #18 0x7fdcc6fce044 <unknown>\n\n/usr/local/lib/python3.11/site-packages/selenium/webdriver/remote/errorhandler.py:229: NoSuchElementException","steps":[{"name":"Добавляем товар в корзину в количестве 206","time":{"start":1694480210458,"stop":1694480210479,"duration":21},"status":"broken","statusMessage":"selenium.common.exceptions.NoSuchElementException: Message: no such element: Unable to locate element: {\"method\":\"xpath\",\"selector\":\"(//a[@class='add-to-cart yellow-btn'])[1]\"}\n  (Session info: headless chrome=116.0.5845.96); For documentation on this error, please visit: https://www.selenium.dev/documentation/webdriver/troubleshooting/errors#no-such-element-exception\nStacktrace:\n#0 0x556358688e23 <unknown>\n#1 0x5563583b17a7 <unknown>\n#2 0x5563583f01d3 <unknown>\n#3 0x5563583f02c1 <unknown>\n#4 0x55635842ba04 <unknown>\n#5 0x55635841103d <unknown>\n#6 0x556358429369 <unknown>\n#7 0x556358410de3 <unknown>\n#8 0x5563583e4a7b <unknown>\n#9 0x5563583e581e <unknown>\n#10 0x55635864a638 <unknown>\n#11 0x55635864e507 <unknown>\n#12 0x556358658c4c <unknown>\n#13 0x55635864f136 <unknown>\n#14 0x55635861d9cf <unknown>\n#15 0x556358672b98 <unknown>\n#16 0x556358672d68 <unknown>\n#17 0x556358681cb3 <unknown>\n#18 0x7fdcc6fce044 <unknown>\n\n","statusTrace":"  File \"/usr/local/lib/python3.11/site-packages/allure_commons/_allure.py\", line 192, in impl\n    return func(*a, **kw)\n           ^^^^^^^^^^^^^^\n  File \"/app/pages/item_page.py\", line 40, in add_item_to_cart\n    self.find_element(self._add_item).click()\n    ^^^^^^^^^^^^^^^^^^^^^^^^^^^^^^^^^\n  File \"/app/base/seleniumbase.py\", line 17, in find_element\n    return self.driver.find_element(*locator)\n           ^^^^^^^^^^^^^^^^^^^^^^^^^^^^^^^^^^\n  File \"/usr/local/lib/python3.11/site-packages/selenium/webdriver/remote/webdriver.py\", line 738, in find_element\n    return self.execute(Command.FIND_ELEMENT, {\"using\": by, \"value\": value})[\"value\"]\n           ^^^^^^^^^^^^^^^^^^^^^^^^^^^^^^^^^^^^^^^^^^^^^^^^^^^^^^^^^^^^^^^^^\n  File \"/usr/local/lib/python3.11/site-packages/selenium/webdriver/remote/webdriver.py\", line 344, in execute\n    self.error_handler.check_response(response)\n  File \"/usr/local/lib/python3.11/site-packages/selenium/webdriver/remote/errorhandler.py\", line 229, in check_response\n    raise exception_class(message, screen, stacktrace)\n","steps":[],"attachments":[],"parameters":[{"name":"amount","value":"206"}],"shouldDisplayMessage":true,"stepsCount":0,"attachmentsCount":0,"hasContent":true}],"attachments":[{"uid":"53c0c0018cb11d3a","name":"Screenshot","source":"53c0c0018cb11d3a.png","type":"image/png","size":39917},{"uid":"b3f43ee067809199","name":"HTML source","source":"b3f43ee067809199.html","type":"text/html","size":544}],"parameters":[],"shouldDisplayMessage":true,"stepsCount":1,"attachmentsCount":2,"hasContent":true},"afterStages":[{"name":"setup::0","time":{"start":1694480210670,"stop":1694480210670,"duration":0},"status":"passed","steps":[],"attachments":[],"parameters":[],"shouldDisplayMessage":false,"stepsCount":0,"attachmentsCount":0,"hasContent":false},{"name":"driver::0","time":{"start":1694480210670,"stop":1694480210726,"duration":56},"status":"passed","steps":[],"attachments":[],"parameters":[],"shouldDisplayMessage":false,"stepsCount":0,"attachmentsCount":0,"hasContent":false}],"labels":[{"name":"epic","value":"Delivery Page - calculation"},{"name":"tag","value":"smoke_test"},{"name":"tag","value":"@pytest.mark.xfail"},{"name":"parentSuite","value":"tests.delivery"},{"name":"suite","value":"test_delivery_calculation"},{"name":"subSuite","value":"TestDeliveryPageCalculation"},{"name":"host","value":"35c5d8dc346e"},{"name":"thread","value":"1-MainThread"},{"name":"framework","value":"pytest"},{"name":"language","value":"cpython3"},{"name":"package","value":"tests.delivery.test_delivery_calculation"},{"name":"resultFormat","value":"allure2"}],"parameters":[{"name":"all_time","value":"6120"},{"name":"amount","value":"206"},{"name":"case_id","value":"'TD 010'"},{"name":"in_time","value":"5570"},{"name":"link_item","value":"'products/shtukaturka-gipsovaya-aksolit-m50-30-kg-mashinnogo-naneseniya'"},{"name":"standard","value":"2900"},{"name":"url","value":"'https://sandboxtest.stroyrem-nn.ru/'"},{"name":"weight","value":"6200"}],"links":[],"hidden":false,"retry":false,"extra":{"severity":"normal","retries":[],"categories":[],"history":{"statistic":{"failed":0,"broken":0,"skipped":25,"passed":0,"unknown":0,"total":25},"items":[{"uid":"e0cee3cc6a4af72b","reportUrl":"https://Nat754.github.io/StroyremAutomation/59//#testresult/e0cee3cc6a4af72b","status":"skipped","statusDetails":"XFAIL\n\nselenium.common.exceptions.NoSuchElementException: Message: no such element: Unable to locate element: {\"method\":\"xpath\",\"selector\":\"(//a[@class='add-to-cart yellow-btn'])[1]\"}\n  (Session info: headless chrome=116.0.5845.96); For documentation on this error, please visit: https://www.selenium.dev/documentation/webdriver/troubleshooting/errors#no-such-element-exception\nStacktrace:\n#0 0x56256213ee23 <unknown>\n#1 0x562561e677a7 <unknown>\n#2 0x562561ea61d3 <unknown>\n#3 0x562561ea62c1 <unknown>\n#4 0x562561ee1a04 <unknown>\n#5 0x562561ec703d <unknown>\n#6 0x562561edf369 <unknown>\n#7 0x562561ec6de3 <unknown>\n#8 0x562561e9aa7b <unknown>\n#9 0x562561e9b81e <unknown>\n#10 0x562562100638 <unknown>\n#11 0x562562104507 <unknown>\n#12 0x56256210ec4c <unknown>\n#13 0x562562105136 <unknown>\n#14 0x5625620d39cf <unknown>\n#15 0x562562128b98 <unknown>\n#16 0x562562128d68 <unknown>\n#17 0x562562137cb3 <unknown>\n#18 0x7f6d828e9044 <unknown>","time":{"start":1694433834306,"stop":1694433834902,"duration":596}},{"uid":"52139d7a7209a54d","reportUrl":"https://Nat754.github.io/StroyremAutomation/57//#testresult/52139d7a7209a54d","status":"skipped","statusDetails":"XFAIL\n\nselenium.common.exceptions.NoSuchElementException: Message: no such element: Unable to locate element: {\"method\":\"xpath\",\"selector\":\"(//a[@class='add-to-cart yellow-btn'])[1]\"}\n  (Session info: headless chrome=116.0.5845.96); For documentation on this error, please visit: https://www.selenium.dev/documentation/webdriver/troubleshooting/errors#no-such-element-exception\nStacktrace:\n#0 0x55a584ff2e23 <unknown>\n#1 0x55a584d1b7a7 <unknown>\n#2 0x55a584d5a1d3 <unknown>\n#3 0x55a584d5a2c1 <unknown>\n#4 0x55a584d95a04 <unknown>\n#5 0x55a584d7b03d <unknown>\n#6 0x55a584d93369 <unknown>\n#7 0x55a584d7ade3 <unknown>\n#8 0x55a584d4ea7b <unknown>\n#9 0x55a584d4f81e <unknown>\n#10 0x55a584fb4638 <unknown>\n#11 0x55a584fb8507 <unknown>\n#12 0x55a584fc2c4c <unknown>\n#13 0x55a584fb9136 <unknown>\n#14 0x55a584f879cf <unknown>\n#15 0x55a584fdcb98 <unknown>\n#16 0x55a584fdcd68 <unknown>\n#17 0x55a584febcb3 <unknown>\n#18 0x7fae987c0044 <unknown>","time":{"start":1694431062819,"stop":1694431063328,"duration":509}},{"uid":"39a45c8d9e9fc1fe","reportUrl":"https://Nat754.github.io/StroyremAutomation/58//#testresult/39a45c8d9e9fc1fe","status":"skipped","statusDetails":"XFAIL\n\nselenium.common.exceptions.NoSuchElementException: Message: no such element: Unable to locate element: {\"method\":\"xpath\",\"selector\":\"(//a[@class='add-to-cart yellow-btn'])[1]\"}\n  (Session info: headless chrome=116.0.5845.96); For documentation on this error, please visit: https://www.selenium.dev/documentation/webdriver/troubleshooting/errors#no-such-element-exception\nStacktrace:\n#0 0x564055585e23 <unknown>\n#1 0x5640552ae7a7 <unknown>\n#2 0x5640552ed1d3 <unknown>\n#3 0x5640552ed2c1 <unknown>\n#4 0x564055328a04 <unknown>\n#5 0x56405530e03d <unknown>\n#6 0x564055326369 <unknown>\n#7 0x56405530dde3 <unknown>\n#8 0x5640552e1a7b <unknown>\n#9 0x5640552e281e <unknown>\n#10 0x564055547638 <unknown>\n#11 0x56405554b507 <unknown>\n#12 0x564055555c4c <unknown>\n#13 0x56405554c136 <unknown>\n#14 0x56405551a9cf <unknown>\n#15 0x56405556fb98 <unknown>\n#16 0x56405556fd68 <unknown>\n#17 0x56405557ecb3 <unknown>\n#18 0x7f302bf0a044 <unknown>","time":{"start":1694430987735,"stop":1694430988311,"duration":576}},{"uid":"9f2dcfb5e1e8cd0d","reportUrl":"https://Nat754.github.io/StroyremAutomation/56//#testresult/9f2dcfb5e1e8cd0d","status":"skipped","statusDetails":"XFAIL\n\nselenium.common.exceptions.NoSuchElementException: Message: no such element: Unable to locate element: {\"method\":\"xpath\",\"selector\":\"(//a[@class='add-to-cart yellow-btn'])[1]\"}\n  (Session info: headless chrome=116.0.5845.96); For documentation on this error, please visit: https://www.selenium.dev/documentation/webdriver/troubleshooting/errors#no-such-element-exception\nStacktrace:\n#0 0x55c9c5d70e23 <unknown>\n#1 0x55c9c5a997a7 <unknown>\n#2 0x55c9c5ad81d3 <unknown>\n#3 0x55c9c5ad82c1 <unknown>\n#4 0x55c9c5b13a04 <unknown>\n#5 0x55c9c5af903d <unknown>\n#6 0x55c9c5b11369 <unknown>\n#7 0x55c9c5af8de3 <unknown>\n#8 0x55c9c5acca7b <unknown>\n#9 0x55c9c5acd81e <unknown>\n#10 0x55c9c5d32638 <unknown>\n#11 0x55c9c5d36507 <unknown>\n#12 0x55c9c5d40c4c <unknown>\n#13 0x55c9c5d37136 <unknown>\n#14 0x55c9c5d059cf <unknown>\n#15 0x55c9c5d5ab98 <unknown>\n#16 0x55c9c5d5ad68 <unknown>\n#17 0x55c9c5d69cb3 <unknown>\n#18 0x7ff2a51bf044 <unknown>","time":{"start":1694429603738,"stop":1694429604264,"duration":526}},{"uid":"dbcd1a69e59d4815","reportUrl":"https://Nat754.github.io/StroyremAutomation/56//#testresult/dbcd1a69e59d4815","status":"skipped","statusDetails":"XFAIL\n\nselenium.common.exceptions.NoSuchElementException: Message: no such element: Unable to locate element: {\"method\":\"xpath\",\"selector\":\"(//a[@class='add-to-cart yellow-btn'])[1]\"}\n  (Session info: headless chrome=116.0.5845.96); For documentation on this error, please visit: https://www.selenium.dev/documentation/webdriver/troubleshooting/errors#no-such-element-exception\nStacktrace:\n#0 0x55b756581e23 <unknown>\n#1 0x55b7562aa7a7 <unknown>\n#2 0x55b7562e91d3 <unknown>\n#3 0x55b7562e92c1 <unknown>\n#4 0x55b756324a04 <unknown>\n#5 0x55b75630a03d <unknown>\n#6 0x55b756322369 <unknown>\n#7 0x55b756309de3 <unknown>\n#8 0x55b7562dda7b <unknown>\n#9 0x55b7562de81e <unknown>\n#10 0x55b756543638 <unknown>\n#11 0x55b756547507 <unknown>\n#12 0x55b756551c4c <unknown>\n#13 0x55b756548136 <unknown>\n#14 0x55b7565169cf <unknown>\n#15 0x55b75656bb98 <unknown>\n#16 0x55b75656bd68 <unknown>\n#17 0x55b75657acb3 <unknown>\n#18 0x7fb8a4c2a044 <unknown>","time":{"start":1694393719891,"stop":1694393720470,"duration":579}},{"uid":"a233f98be9741eee","reportUrl":"https://Nat754.github.io/StroyremAutomation/55//#testresult/a233f98be9741eee","status":"skipped","statusDetails":"XFAIL\n\nselenium.common.exceptions.NoSuchElementException: Message: no such element: Unable to locate element: {\"method\":\"xpath\",\"selector\":\"(//a[@class='add-to-cart yellow-btn'])[1]\"}\n  (Session info: headless chrome=116.0.5845.96); For documentation on this error, please visit: https://www.selenium.dev/documentation/webdriver/troubleshooting/errors#no-such-element-exception\nStacktrace:\n#0 0x563ff71abe23 <unknown>\n#1 0x563ff6ed47a7 <unknown>\n#2 0x563ff6f131d3 <unknown>\n#3 0x563ff6f132c1 <unknown>\n#4 0x563ff6f4ea04 <unknown>\n#5 0x563ff6f3403d <unknown>\n#6 0x563ff6f4c369 <unknown>\n#7 0x563ff6f33de3 <unknown>\n#8 0x563ff6f07a7b <unknown>\n#9 0x563ff6f0881e <unknown>\n#10 0x563ff716d638 <unknown>\n#11 0x563ff7171507 <unknown>\n#12 0x563ff717bc4c <unknown>\n#13 0x563ff7172136 <unknown>\n#14 0x563ff71409cf <unknown>\n#15 0x563ff7195b98 <unknown>\n#16 0x563ff7195d68 <unknown>\n#17 0x563ff71a4cb3 <unknown>\n#18 0x7f0cb2dd6044 <unknown>","time":{"start":1694380836124,"stop":1694380836683,"duration":559}},{"uid":"ff90d7d8bcf007b0","reportUrl":"https://Nat754.github.io/StroyremAutomation/55//#testresult/ff90d7d8bcf007b0","status":"skipped","statusDetails":"XFAIL\n\nselenium.common.exceptions.NoSuchElementException: Message: no such element: Unable to locate element: {\"method\":\"xpath\",\"selector\":\"(//a[@class='add-to-cart yellow-btn'])[1]\"}\n  (Session info: headless chrome=116.0.5845.96); For documentation on this error, please visit: https://www.selenium.dev/documentation/webdriver/troubleshooting/errors#no-such-element-exception\nStacktrace:\n#0 0x5584f73e0e23 <unknown>\n#1 0x5584f71097a7 <unknown>\n#2 0x5584f71481d3 <unknown>\n#3 0x5584f71482c1 <unknown>\n#4 0x5584f7183a04 <unknown>\n#5 0x5584f716903d <unknown>\n#6 0x5584f7181369 <unknown>\n#7 0x5584f7168de3 <unknown>\n#8 0x5584f713ca7b <unknown>\n#9 0x5584f713d81e <unknown>\n#10 0x5584f73a2638 <unknown>\n#11 0x5584f73a6507 <unknown>\n#12 0x5584f73b0c4c <unknown>\n#13 0x5584f73a7136 <unknown>\n#14 0x5584f73759cf <unknown>\n#15 0x5584f73cab98 <unknown>\n#16 0x5584f73cad68 <unknown>\n#17 0x5584f73d9cb3 <unknown>\n#18 0x7fb075866044 <unknown>","time":{"start":1694307500942,"stop":1694307501497,"duration":555}},{"uid":"32e53ebb6b7d1104","reportUrl":"https://Nat754.github.io/StroyremAutomation/54//#testresult/32e53ebb6b7d1104","status":"skipped","statusDetails":"XFAIL\n\nselenium.common.exceptions.NoSuchElementException: Message: no such element: Unable to locate element: {\"method\":\"xpath\",\"selector\":\"(//a[@class='add-to-cart yellow-btn'])[1]\"}\n  (Session info: headless chrome=116.0.5845.96); For documentation on this error, please visit: https://www.selenium.dev/documentation/webdriver/troubleshooting/errors#no-such-element-exception\nStacktrace:\n#0 0x55f36e6ede23 <unknown>\n#1 0x55f36e4167a7 <unknown>\n#2 0x55f36e4551d3 <unknown>\n#3 0x55f36e4552c1 <unknown>\n#4 0x55f36e490a04 <unknown>\n#5 0x55f36e47603d <unknown>\n#6 0x55f36e48e369 <unknown>\n#7 0x55f36e475de3 <unknown>\n#8 0x55f36e449a7b <unknown>\n#9 0x55f36e44a81e <unknown>\n#10 0x55f36e6af638 <unknown>\n#11 0x55f36e6b3507 <unknown>\n#12 0x55f36e6bdc4c <unknown>\n#13 0x55f36e6b4136 <unknown>\n#14 0x55f36e6829cf <unknown>\n#15 0x55f36e6d7b98 <unknown>\n#16 0x55f36e6d7d68 <unknown>\n#17 0x55f36e6e6cb3 <unknown>\n#18 0x7f0dbf681044 <unknown>","time":{"start":1694286790337,"stop":1694286791035,"duration":698}},{"uid":"6030aa614e4e6392","reportUrl":"https://Nat754.github.io/StroyremAutomation/54//#testresult/6030aa614e4e6392","status":"skipped","statusDetails":"XFAIL\n\nselenium.common.exceptions.NoSuchElementException: Message: no such element: Unable to locate element: {\"method\":\"xpath\",\"selector\":\"(//a[@class='add-to-cart yellow-btn'])[1]\"}\n  (Session info: headless chrome=116.0.5845.96); For documentation on this error, please visit: https://www.selenium.dev/documentation/webdriver/troubleshooting/errors#no-such-element-exception\nStacktrace:\n#0 0x5634d978ce23 <unknown>\n#1 0x5634d94b57a7 <unknown>\n#2 0x5634d94f41d3 <unknown>\n#3 0x5634d94f42c1 <unknown>\n#4 0x5634d952fa04 <unknown>\n#5 0x5634d951503d <unknown>\n#6 0x5634d952d369 <unknown>\n#7 0x5634d9514de3 <unknown>\n#8 0x5634d94e8a7b <unknown>\n#9 0x5634d94e981e <unknown>\n#10 0x5634d974e638 <unknown>\n#11 0x5634d9752507 <unknown>\n#12 0x5634d975cc4c <unknown>\n#13 0x5634d9753136 <unknown>\n#14 0x5634d97219cf <unknown>\n#15 0x5634d9776b98 <unknown>\n#16 0x5634d9776d68 <unknown>\n#17 0x5634d9785cb3 <unknown>\n#18 0x7f124857a044 <unknown>","time":{"start":1694220796654,"stop":1694220797193,"duration":539}},{"uid":"caa09b5e4d0fcd71","reportUrl":"https://Nat754.github.io/StroyremAutomation/4//#testresult/caa09b5e4d0fcd71","status":"skipped","statusDetails":"XFAIL\n\nselenium.common.exceptions.NoSuchElementException: Message: no such element: Unable to locate element: {\"method\":\"xpath\",\"selector\":\"(//a[@class='add-to-cart yellow-btn'])[1]\"}\n  (Session info: headless chrome=116.0.5845.96); For documentation on this error, please visit: https://www.selenium.dev/documentation/webdriver/troubleshooting/errors#no-such-element-exception\nStacktrace:\n#0 0x55d8b359ce23 <unknown>\n#1 0x55d8b32c57a7 <unknown>\n#2 0x55d8b33041d3 <unknown>\n#3 0x55d8b33042c1 <unknown>\n#4 0x55d8b333fa04 <unknown>\n#5 0x55d8b332503d <unknown>\n#6 0x55d8b333d369 <unknown>\n#7 0x55d8b3324de3 <unknown>\n#8 0x55d8b32f8a7b <unknown>\n#9 0x55d8b32f981e <unknown>\n#10 0x55d8b355e638 <unknown>\n#11 0x55d8b3562507 <unknown>\n#12 0x55d8b356cc4c <unknown>\n#13 0x55d8b3563136 <unknown>\n#14 0x55d8b35319cf <unknown>\n#15 0x55d8b3586b98 <unknown>\n#16 0x55d8b3586d68 <unknown>\n#17 0x55d8b3595cb3 <unknown>\n#18 0x7f0612e5c044 <unknown>","time":{"start":1694196640669,"stop":1694196641094,"duration":425}},{"uid":"958e0c50570d3d27","reportUrl":"https://Nat754.github.io/StroyremAutomation/53//#testresult/958e0c50570d3d27","status":"skipped","statusDetails":"XFAIL\n\nselenium.common.exceptions.NoSuchElementException: Message: no such element: Unable to locate element: {\"method\":\"xpath\",\"selector\":\"(//a[@class='add-to-cart yellow-btn'])[1]\"}\n  (Session info: headless chrome=116.0.5845.96); For documentation on this error, please visit: https://www.selenium.dev/documentation/webdriver/troubleshooting/errors#no-such-element-exception\nStacktrace:\n#0 0x5566e9f2be23 <unknown>\n#1 0x5566e9c547a7 <unknown>\n#2 0x5566e9c931d3 <unknown>\n#3 0x5566e9c932c1 <unknown>\n#4 0x5566e9ccea04 <unknown>\n#5 0x5566e9cb403d <unknown>\n#6 0x5566e9ccc369 <unknown>\n#7 0x5566e9cb3de3 <unknown>\n#8 0x5566e9c87a7b <unknown>\n#9 0x5566e9c8881e <unknown>\n#10 0x5566e9eed638 <unknown>\n#11 0x5566e9ef1507 <unknown>\n#12 0x5566e9efbc4c <unknown>\n#13 0x5566e9ef2136 <unknown>\n#14 0x5566e9ec09cf <unknown>\n#15 0x5566e9f15b98 <unknown>\n#16 0x5566e9f15d68 <unknown>\n#17 0x5566e9f24cb3 <unknown>\n#18 0x7fe0df661044 <unknown>","time":{"start":1694207101235,"stop":1694207101783,"duration":548}},{"uid":"cb639919d17ed0f4","reportUrl":"https://Nat754.github.io/StroyremAutomation/53//#testresult/cb639919d17ed0f4","status":"skipped","statusDetails":"XFAIL\n\nselenium.common.exceptions.NoSuchElementException: Message: no such element: Unable to locate element: {\"method\":\"xpath\",\"selector\":\"(//a[@class='add-to-cart yellow-btn'])[1]\"}\n  (Session info: headless chrome=116.0.5845.96); For documentation on this error, please visit: https://www.selenium.dev/documentation/webdriver/troubleshooting/errors#no-such-element-exception\nStacktrace:\n#0 0x55c41b636e23 <unknown>\n#1 0x55c41b35f7a7 <unknown>\n#2 0x55c41b39e1d3 <unknown>\n#3 0x55c41b39e2c1 <unknown>\n#4 0x55c41b3d9a04 <unknown>\n#5 0x55c41b3bf03d <unknown>\n#6 0x55c41b3d7369 <unknown>\n#7 0x55c41b3bede3 <unknown>\n#8 0x55c41b392a7b <unknown>\n#9 0x55c41b39381e <unknown>\n#10 0x55c41b5f8638 <unknown>\n#11 0x55c41b5fc507 <unknown>\n#12 0x55c41b606c4c <unknown>\n#13 0x55c41b5fd136 <unknown>\n#14 0x55c41b5cb9cf <unknown>\n#15 0x55c41b620b98 <unknown>\n#16 0x55c41b620d68 <unknown>\n#17 0x55c41b62fcb3 <unknown>\n#18 0x7f00df4df044 <unknown>","time":{"start":1694198937224,"stop":1694198937654,"duration":430}},{"uid":"c252447818462704","reportUrl":"https://Nat754.github.io/StroyremAutomation/4//#testresult/c252447818462704","status":"skipped","statusDetails":"XFAIL\n\nselenium.common.exceptions.NoSuchElementException: Message: no such element: Unable to locate element: {\"method\":\"xpath\",\"selector\":\"(//a[@class='add-to-cart yellow-btn'])[1]\"}\n  (Session info: headless chrome=116.0.5845.96); For documentation on this error, please visit: https://www.selenium.dev/documentation/webdriver/troubleshooting/errors#no-such-element-exception\nStacktrace:\n#0 0x55fe5a7cee23 <unknown>\n#1 0x55fe5a4f77a7 <unknown>\n#2 0x55fe5a5361d3 <unknown>\n#3 0x55fe5a5362c1 <unknown>\n#4 0x55fe5a571a04 <unknown>\n#5 0x55fe5a55703d <unknown>\n#6 0x55fe5a56f369 <unknown>\n#7 0x55fe5a556de3 <unknown>\n#8 0x55fe5a52aa7b <unknown>\n#9 0x55fe5a52b81e <unknown>\n#10 0x55fe5a790638 <unknown>\n#11 0x55fe5a794507 <unknown>\n#12 0x55fe5a79ec4c <unknown>\n#13 0x55fe5a795136 <unknown>\n#14 0x55fe5a7639cf <unknown>\n#15 0x55fe5a7b8b98 <unknown>\n#16 0x55fe5a7b8d68 <unknown>\n#17 0x55fe5a7c7cb3 <unknown>\n#18 0x7f2bbfa30044 <unknown>","time":{"start":1694183574684,"stop":1694183575096,"duration":412}},{"uid":"88dba571669b1769","reportUrl":"https://Nat754.github.io/StroyremAutomation/52//#testresult/88dba571669b1769","status":"skipped","statusDetails":"XFAIL\n\nselenium.common.exceptions.NoSuchElementException: Message: no such element: Unable to locate element: {\"method\":\"xpath\",\"selector\":\"(//a[@class='add-to-cart yellow-btn'])[1]\"}\n  (Session info: headless chrome=116.0.5845.96); For documentation on this error, please visit: https://www.selenium.dev/documentation/webdriver/troubleshooting/errors#no-such-element-exception\nStacktrace:\n#0 0x560e0fe70e23 <unknown>\n#1 0x560e0fb997a7 <unknown>\n#2 0x560e0fbd81d3 <unknown>\n#3 0x560e0fbd82c1 <unknown>\n#4 0x560e0fc13a04 <unknown>\n#5 0x560e0fbf903d <unknown>\n#6 0x560e0fc11369 <unknown>\n#7 0x560e0fbf8de3 <unknown>\n#8 0x560e0fbcca7b <unknown>\n#9 0x560e0fbcd81e <unknown>\n#10 0x560e0fe32638 <unknown>\n#11 0x560e0fe36507 <unknown>\n#12 0x560e0fe40c4c <unknown>\n#13 0x560e0fe37136 <unknown>\n#14 0x560e0fe059cf <unknown>\n#15 0x560e0fe5ab98 <unknown>\n#16 0x560e0fe5ad68 <unknown>\n#17 0x560e0fe69cb3 <unknown>\n#18 0x7f167bcb2044 <unknown>","time":{"start":1694134631746,"stop":1694134632297,"duration":551}},{"uid":"ea6442d10988e724","reportUrl":"https://Nat754.github.io/StroyremAutomation/51//#testresult/ea6442d10988e724","status":"skipped","statusDetails":"XFAIL\n\nselenium.common.exceptions.NoSuchElementException: Message: no such element: Unable to locate element: {\"method\":\"xpath\",\"selector\":\"(//a[@class='add-to-cart yellow-btn'])[1]\"}\n  (Session info: headless chrome=116.0.5845.96); For documentation on this error, please visit: https://www.selenium.dev/documentation/webdriver/troubleshooting/errors#no-such-element-exception\nStacktrace:\n#0 0x55eae62dee23 <unknown>\n#1 0x55eae60077a7 <unknown>\n#2 0x55eae60461d3 <unknown>\n#3 0x55eae60462c1 <unknown>\n#4 0x55eae6081a04 <unknown>\n#5 0x55eae606703d <unknown>\n#6 0x55eae607f369 <unknown>\n#7 0x55eae6066de3 <unknown>\n#8 0x55eae603aa7b <unknown>\n#9 0x55eae603b81e <unknown>\n#10 0x55eae62a0638 <unknown>\n#11 0x55eae62a4507 <unknown>\n#12 0x55eae62aec4c <unknown>\n#13 0x55eae62a5136 <unknown>\n#14 0x55eae62739cf <unknown>\n#15 0x55eae62c8b98 <unknown>\n#16 0x55eae62c8d68 <unknown>\n#17 0x55eae62d7cb3 <unknown>\n#18 0x7fb0ff34c044 <unknown>","time":{"start":1694048072272,"stop":1694048072708,"duration":436}},{"uid":"5a926a64588b0d59","reportUrl":"https://Nat754.github.io/StroyremAutomation/50//#testresult/5a926a64588b0d59","status":"skipped","statusDetails":"XFAIL\n\nselenium.common.exceptions.ElementNotInteractableException: Message: element not interactable\n  (Session info: headless chrome=116.0.5845.96)\nStacktrace:\n#0 0x557c033b8e23 <unknown>\n#1 0x557c030e15f6 <unknown>\n#2 0x557c03117c5d <unknown>\n#3 0x557c03141012 <unknown>\n#4 0x557c03115fb6 <unknown>\n#5 0x557c031411de <unknown>\n#6 0x557c03159369 <unknown>\n#7 0x557c03140de3 <unknown>\n#8 0x557c03114a7b <unknown>\n#9 0x557c0311581e <unknown>\n#10 0x557c0337a638 <unknown>\n#11 0x557c0337e507 <unknown>\n#12 0x557c03388c4c <unknown>\n#13 0x557c0337f136 <unknown>\n#14 0x557c0334d9cf <unknown>\n#15 0x557c033a2b98 <unknown>\n#16 0x557c033a2d68 <unknown>\n#17 0x557c033b1cb3 <unknown>\n#18 0x7f6b400c3044 <unknown>","time":{"start":1693961942085,"stop":1693961948411,"duration":6326}},{"uid":"d884ff3e9402e68b","reportUrl":"https://Nat754.github.io/StroyremAutomation/49//#testresult/d884ff3e9402e68b","status":"skipped","statusDetails":"XFAIL\n\nselenium.common.exceptions.NoSuchElementException: Message: no such element: Unable to locate element: {\"method\":\"xpath\",\"selector\":\"(//a[@class='add-to-cart yellow-btn'])[1]\"}\n  (Session info: headless chrome=116.0.5845.96); For documentation on this error, please visit: https://www.selenium.dev/documentation/webdriver/troubleshooting/errors#no-such-element-exception\nStacktrace:\n#0 0x56500a2ede23 <unknown>\n#1 0x56500a0167a7 <unknown>\n#2 0x56500a0551d3 <unknown>\n#3 0x56500a0552c1 <unknown>\n#4 0x56500a090a04 <unknown>\n#5 0x56500a07603d <unknown>\n#6 0x56500a08e369 <unknown>\n#7 0x56500a075de3 <unknown>\n#8 0x56500a049a7b <unknown>\n#9 0x56500a04a81e <unknown>\n#10 0x56500a2af638 <unknown>\n#11 0x56500a2b3507 <unknown>\n#12 0x56500a2bdc4c <unknown>\n#13 0x56500a2b4136 <unknown>\n#14 0x56500a2829cf <unknown>\n#15 0x56500a2d7b98 <unknown>\n#16 0x56500a2d7d68 <unknown>\n#17 0x56500a2e6cb3 <unknown>\n#18 0x7f780524c044 <unknown>","time":{"start":1693875243864,"stop":1693875244546,"duration":682}},{"uid":"f8b6c0f92f080bb3","reportUrl":"https://Nat754.github.io/StroyremAutomation/48//#testresult/f8b6c0f92f080bb3","status":"skipped","statusDetails":"XFAIL\n\nselenium.common.exceptions.ElementNotInteractableException: Message: element not interactable\n  (Session info: headless chrome=116.0.5845.96)\nStacktrace:\n#0 0x559413b76e23 <unknown>\n#1 0x55941389f5f6 <unknown>\n#2 0x5594138d5c5d <unknown>\n#3 0x5594138ff012 <unknown>\n#4 0x5594138d3fb6 <unknown>\n#5 0x5594138ff1de <unknown>\n#6 0x559413917369 <unknown>\n#7 0x5594138fede3 <unknown>\n#8 0x5594138d2a7b <unknown>\n#9 0x5594138d381e <unknown>\n#10 0x559413b38638 <unknown>\n#11 0x559413b3c507 <unknown>\n#12 0x559413b46c4c <unknown>\n#13 0x559413b3d136 <unknown>\n#14 0x559413b0b9cf <unknown>\n#15 0x559413b60b98 <unknown>\n#16 0x559413b60d68 <unknown>\n#17 0x559413b6fcb3 <unknown>\n#18 0x7f10e15ad044 <unknown>","time":{"start":1693789134322,"stop":1693789140455,"duration":6133}},{"uid":"95d980813baf1928","reportUrl":"https://Nat754.github.io/StroyremAutomation/3//#testresult/95d980813baf1928","status":"skipped","statusDetails":"XFAIL\n\nselenium.common.exceptions.ElementNotInteractableException: Message: element not interactable\n  (Session info: headless chrome=116.0.5845.96)\nStacktrace:\n#0 0x5600a97c3e23 <unknown>\n#1 0x5600a94ec5f6 <unknown>\n#2 0x5600a9522c5d <unknown>\n#3 0x5600a954c012 <unknown>\n#4 0x5600a9520fb6 <unknown>\n#5 0x5600a954c1de <unknown>\n#6 0x5600a9564369 <unknown>\n#7 0x5600a954bde3 <unknown>\n#8 0x5600a951fa7b <unknown>\n#9 0x5600a952081e <unknown>\n#10 0x5600a9785638 <unknown>\n#11 0x5600a9789507 <unknown>\n#12 0x5600a9793c4c <unknown>\n#13 0x5600a978a136 <unknown>\n#14 0x5600a97589cf <unknown>\n#15 0x5600a97adb98 <unknown>\n#16 0x5600a97add68 <unknown>\n#17 0x5600a97bccb3 <unknown>\n#18 0x7f3210d8f044 <unknown>","time":{"start":1693730156025,"stop":1693730160409,"duration":4384}},{"uid":"1a684daba8da6c62","reportUrl":"https://Nat754.github.io/StroyremAutomation/47//#testresult/1a684daba8da6c62","status":"skipped","statusDetails":"XFAIL\n\nselenium.common.exceptions.ElementNotInteractableException: Message: element not interactable\n  (Session info: headless chrome=116.0.5845.96)\nStacktrace:\n#0 0x55e7c89f3e23 <unknown>\n#1 0x55e7c871c5f6 <unknown>\n#2 0x55e7c8752c5d <unknown>\n#3 0x55e7c877c012 <unknown>\n#4 0x55e7c8750fb6 <unknown>\n#5 0x55e7c877c1de <unknown>\n#6 0x55e7c8794369 <unknown>\n#7 0x55e7c877bde3 <unknown>\n#8 0x55e7c874fa7b <unknown>\n#9 0x55e7c875081e <unknown>\n#10 0x55e7c89b5638 <unknown>\n#11 0x55e7c89b9507 <unknown>\n#12 0x55e7c89c3c4c <unknown>\n#13 0x55e7c89ba136 <unknown>\n#14 0x55e7c89889cf <unknown>\n#15 0x55e7c89ddb98 <unknown>\n#16 0x55e7c89ddd68 <unknown>\n#17 0x55e7c89eccb3 <unknown>\n#18 0x7f0589730044 <unknown>","time":{"start":1693730635752,"stop":1693730641317,"duration":5565}}]},"tags":["@pytest.mark.xfail","smoke_test"]},"source":"aeda31eb0689e9d1.json","parameterValues":["6120","206","'TD 010'","5570","'products/shtukaturka-gipsovaya-aksolit-m50-30-kg-mashinnogo-naneseniya'","2900","'https://sandboxtest.stroyrem-nn.ru/'","6200"]}