{"uid":"62a38233f567af5a","name":"TD 016 Доставка товара весом до 300кг. в синей зоне","fullName":"tests.delivery.test_delivery_calculation.TestDeliveryPageCalculation#test_positive_delivery_blue_zone_smoke","historyId":"86358f082fd4285ea28a57c2eeb5985a","time":{"start":1698627267446,"stop":1698627271884,"duration":4438},"status":"skipped","statusMessage":"XFAIL\n\nselenium.common.exceptions.NoSuchElementException: Message: no such element: Unable to locate element: {\"method\":\"xpath\",\"selector\":\"//input[@class='amount']\"}\n  (Session info: headless chrome=118.0.5993.70); For documentation on this error, please visit: https://www.selenium.dev/documentation/webdriver/troubleshooting/errors#no-such-element-exception\nStacktrace:\n#0 0x562b14d34fb3 <unknown>\n#1 0x562b14a084a7 <unknown>\n#2 0x562b14a4fdd6 <unknown>\n#3 0x562b14a4fec1 <unknown>\n#4 0x562b14a8d354 <unknown>\n#5 0x562b14a7196d <unknown>\n#6 0x562b14a8ac02 <unknown>\n#7 0x562b14a71713 <unknown>\n#8 0x562b14a4418b <unknown>\n#9 0x562b14a44f7e <unknown>\n#10 0x562b14cfa8d8 <unknown>\n#11 0x562b14cfe800 <unknown>\n#12 0x562b14d08cfc <unknown>\n#13 0x562b14cff418 <unknown>\n#14 0x562b14ccc42f <unknown>\n#15 0x562b14d234e8 <unknown>\n#16 0x562b14d236b4 <unknown>\n#17 0x562b14d34143 <unknown>\n#18 0x7f41af5ff044 <unknown>","statusTrace":"self = <tests.delivery.test_delivery_calculation.TestDeliveryPageCalculation object at 0x7f5028348690>\ndriver = <selenium.webdriver.chrome.webdriver.WebDriver (session=\"09c8b25c0b377674ad2d7ec018fb410b\")>\nurl = 'https://sandboxtest.stroyrem-nn.ru/', case_id = 'TD 016'\nlink_item = 'products/shtukaturka-gipsovaya-aksolit-m50-30-kg-mashinnogo-naneseniya'\namount = 8, weight = 300, standard = 650, in_time = 2390, all_time = 3320\n\n    @pytest.mark.parametrize('case_id, link_item, amount, weight, standard, in_time, all_time', [\n        (\"TD 015\", bundeks_25, 1, 30, 650, 2390, 3320),\n        pytest.param(\n            \"TD 016\", aksolit_30, 8, 300, 650, 2390, 3320,\n            marks=pytest.mark.xfail(reson=\"Цена доставки: - - -\")\n        ),\n        (\"TD 017\", aksolit_30, 13, 400, 650, 2390, 3320),\n        (\"TD 018\", aksolit_30, 16, 500, 850, 2490, 3320),\n        (\"TD 019\", aksolit_30, 25, 1700, 1150, 2490, 3320),\n        (\"TD 020\", aksolit_30, 66, 2000, 1500, 2990, 3650),\n        (\"TD 021\", aksolit_30, 149, 4500, 2600, 4380, 4890),\n        (\"TD 022\", aksolit_30, 166, 5000, 2800, 5490, 5980),\n        pytest.param(\n            \"TD 023\", aksolit_30, 206, 6200, 3300, 7500, 8000,\n            marks=pytest.mark.xfail(reson=\"Цена доставки: 4300 9900 11440\")\n        ),\n        (\"TD 024\", aksolit_30, 299, 9000, 4300, 9900, 11440),\n        (\"TD 025\", aksolit_30, 333, 10000, 7000, 13900, 15900),\n        pytest.param(\n            \"TD 026\", aksolit_30, 366, 11000, 8000, 14900, 19900,\n            marks=pytest.mark.xfail(reson=\"Цена доставки: 7000 13900 15900\")\n        ),\n        pytest.param(\n            \"TD 027\", aksolit_30, 666, 20000, 14000, 16900, 23900,\n            marks=pytest.mark.xfail(reson=\"Цена доставки: 7000 13900 15900\")\n        )\n    ])\n    @pytest.mark.xfail\n    @pytest.mark.smoke_test\n    def test_positive_delivery_blue_zone_smoke(\n            self, driver, url, case_id, link_item, amount, weight, standard, in_time, all_time\n    ):\n        allure.dynamic.title(f\"{case_id} Доставка товара весом до {weight}кг. в синей зоне\")\n    \n        driver.get(f'{url}{link_item}')\n        item_page = ItemPage(driver)\n>       item_page.add_item_to_cart(amount).click_on_cart()\n\ntests/delivery/test_delivery_calculation.py:132: \n_ _ _ _ _ _ _ _ _ _ _ _ _ _ _ _ _ _ _ _ _ _ _ _ _ _ _ _ _ _ _ _ _ _ _ _ _ _ _ _ \npages/item_page.py:41: in add_item_to_cart\n    amount_field = self.find_element(self._item_amount)\nbase/seleniumbase.py:17: in find_element\n    return self.driver.find_element(*locator)\n/usr/local/lib/python3.11/site-packages/selenium/webdriver/remote/webdriver.py:739: in find_element\n    return self.execute(Command.FIND_ELEMENT, {\"using\": by, \"value\": value})[\"value\"]\n/usr/local/lib/python3.11/site-packages/selenium/webdriver/remote/webdriver.py:345: in execute\n    self.error_handler.check_response(response)\n_ _ _ _ _ _ _ _ _ _ _ _ _ _ _ _ _ _ _ _ _ _ _ _ _ _ _ _ _ _ _ _ _ _ _ _ _ _ _ _ \n\nself = <selenium.webdriver.remote.errorhandler.ErrorHandler object at 0x7f50290a2d50>\nresponse = {'status': 404, 'value': '{\"value\":{\"error\":\"no such element\",\"message\":\"no such element: Unable to locate element: {\\...\\\\n#16 0x562b14d236b4 \\\\u003Cunknown>\\\\n#17 0x562b14d34143 \\\\u003Cunknown>\\\\n#18 0x7f41af5ff044 \\\\u003Cunknown>\\\\n\"}}'}\n\n    def check_response(self, response: Dict[str, Any]) -> None:\n        \"\"\"Checks that a JSON response from the WebDriver does not have an\n        error.\n    \n        :Args:\n         - response - The JSON response from the WebDriver server as a dictionary\n           object.\n    \n        :Raises: If the response contains an error message.\n        \"\"\"\n        status = response.get(\"status\", None)\n        if not status or status == ErrorCode.SUCCESS:\n            return\n        value = None\n        message = response.get(\"message\", \"\")\n        screen: str = response.get(\"screen\", \"\")\n        stacktrace = None\n        if isinstance(status, int):\n            value_json = response.get(\"value\", None)\n            if value_json and isinstance(value_json, str):\n                import json\n    \n                try:\n                    value = json.loads(value_json)\n                    if len(value) == 1:\n                        value = value[\"value\"]\n                    status = value.get(\"error\", None)\n                    if not status:\n                        status = value.get(\"status\", ErrorCode.UNKNOWN_ERROR)\n                        message = value.get(\"value\") or value.get(\"message\")\n                        if not isinstance(message, str):\n                            value = message\n                            message = message.get(\"message\")\n                    else:\n                        message = value.get(\"message\", None)\n                except ValueError:\n                    pass\n    \n        exception_class: Type[WebDriverException]\n        e = ErrorCode()\n        error_codes = [item for item in dir(e) if not item.startswith(\"__\")]\n        for error_code in error_codes:\n            error_info = getattr(ErrorCode, error_code)\n            if isinstance(error_info, list) and status in error_info:\n                exception_class = getattr(ExceptionMapping, error_code, WebDriverException)\n                break\n        else:\n            exception_class = WebDriverException\n    \n        if not value:\n            value = response[\"value\"]\n        if isinstance(value, str):\n            raise exception_class(value)\n        if message == \"\" and \"message\" in value:\n            message = value[\"message\"]\n    \n        screen = None  # type: ignore[assignment]\n        if \"screen\" in value:\n            screen = value[\"screen\"]\n    \n        stacktrace = None\n        st_value = value.get(\"stackTrace\") or value.get(\"stacktrace\")\n        if st_value:\n            if isinstance(st_value, str):\n                stacktrace = st_value.split(\"\\n\")\n            else:\n                stacktrace = []\n                try:\n                    for frame in st_value:\n                        line = frame.get(\"lineNumber\", \"\")\n                        file = frame.get(\"fileName\", \"<anonymous>\")\n                        if line:\n                            file = f\"{file}:{line}\"\n                        meth = frame.get(\"methodName\", \"<anonymous>\")\n                        if \"className\" in frame:\n                            meth = f\"{frame['className']}.{meth}\"\n                        msg = \"    at %s (%s)\"\n                        msg = msg % (meth, file)\n                        stacktrace.append(msg)\n                except TypeError:\n                    pass\n        if exception_class == UnexpectedAlertPresentException:\n            alert_text = None\n            if \"data\" in value:\n                alert_text = value[\"data\"].get(\"text\")\n            elif \"alert\" in value:\n                alert_text = value[\"alert\"].get(\"text\")\n            raise exception_class(message, screen, stacktrace, alert_text)  # type: ignore[call-arg]  # mypy is not smart enough here\n>       raise exception_class(message, screen, stacktrace)\nE       selenium.common.exceptions.NoSuchElementException: Message: no such element: Unable to locate element: {\"method\":\"xpath\",\"selector\":\"//input[@class='amount']\"}\nE         (Session info: headless chrome=118.0.5993.70); For documentation on this error, please visit: https://www.selenium.dev/documentation/webdriver/troubleshooting/errors#no-such-element-exception\nE       Stacktrace:\nE       #0 0x562b14d34fb3 <unknown>\nE       #1 0x562b14a084a7 <unknown>\nE       #2 0x562b14a4fdd6 <unknown>\nE       #3 0x562b14a4fec1 <unknown>\nE       #4 0x562b14a8d354 <unknown>\nE       #5 0x562b14a7196d <unknown>\nE       #6 0x562b14a8ac02 <unknown>\nE       #7 0x562b14a71713 <unknown>\nE       #8 0x562b14a4418b <unknown>\nE       #9 0x562b14a44f7e <unknown>\nE       #10 0x562b14cfa8d8 <unknown>\nE       #11 0x562b14cfe800 <unknown>\nE       #12 0x562b14d08cfc <unknown>\nE       #13 0x562b14cff418 <unknown>\nE       #14 0x562b14ccc42f <unknown>\nE       #15 0x562b14d234e8 <unknown>\nE       #16 0x562b14d236b4 <unknown>\nE       #17 0x562b14d34143 <unknown>\nE       #18 0x7f41af5ff044 <unknown>\n\n/usr/local/lib/python3.11/site-packages/selenium/webdriver/remote/errorhandler.py:229: NoSuchElementException","flaky":false,"newFailed":false,"newBroken":false,"newPassed":false,"retriesCount":0,"retriesStatusChange":false,"beforeStages":[{"name":"_session_faker","time":{"start":1698626918561,"stop":1698626918647,"duration":86},"status":"passed","steps":[],"attachments":[],"parameters":[],"shouldDisplayMessage":false,"stepsCount":0,"attachmentsCount":0,"hasContent":false},{"name":"clear_allure_results_folder","time":{"start":1698626918648,"stop":1698626918648,"duration":0},"status":"passed","steps":[],"attachments":[],"parameters":[],"shouldDisplayMessage":false,"stepsCount":0,"attachmentsCount":0,"hasContent":false},{"name":"driver","time":{"start":1698627266626,"stop":1698627267444,"duration":818},"status":"passed","steps":[],"attachments":[],"parameters":[],"shouldDisplayMessage":false,"stepsCount":0,"attachmentsCount":0,"hasContent":false},{"name":"setup","time":{"start":1698627267445,"stop":1698627267445,"duration":0},"status":"passed","steps":[],"attachments":[],"parameters":[],"shouldDisplayMessage":false,"stepsCount":0,"attachmentsCount":0,"hasContent":false}],"testStage":{"status":"skipped","statusMessage":"XFAIL\n\nselenium.common.exceptions.NoSuchElementException: Message: no such element: Unable to locate element: {\"method\":\"xpath\",\"selector\":\"//input[@class='amount']\"}\n  (Session info: headless chrome=118.0.5993.70); For documentation on this error, please visit: https://www.selenium.dev/documentation/webdriver/troubleshooting/errors#no-such-element-exception\nStacktrace:\n#0 0x562b14d34fb3 <unknown>\n#1 0x562b14a084a7 <unknown>\n#2 0x562b14a4fdd6 <unknown>\n#3 0x562b14a4fec1 <unknown>\n#4 0x562b14a8d354 <unknown>\n#5 0x562b14a7196d <unknown>\n#6 0x562b14a8ac02 <unknown>\n#7 0x562b14a71713 <unknown>\n#8 0x562b14a4418b <unknown>\n#9 0x562b14a44f7e <unknown>\n#10 0x562b14cfa8d8 <unknown>\n#11 0x562b14cfe800 <unknown>\n#12 0x562b14d08cfc <unknown>\n#13 0x562b14cff418 <unknown>\n#14 0x562b14ccc42f <unknown>\n#15 0x562b14d234e8 <unknown>\n#16 0x562b14d236b4 <unknown>\n#17 0x562b14d34143 <unknown>\n#18 0x7f41af5ff044 <unknown>","statusTrace":"self = <tests.delivery.test_delivery_calculation.TestDeliveryPageCalculation object at 0x7f5028348690>\ndriver = <selenium.webdriver.chrome.webdriver.WebDriver (session=\"09c8b25c0b377674ad2d7ec018fb410b\")>\nurl = 'https://sandboxtest.stroyrem-nn.ru/', case_id = 'TD 016'\nlink_item = 'products/shtukaturka-gipsovaya-aksolit-m50-30-kg-mashinnogo-naneseniya'\namount = 8, weight = 300, standard = 650, in_time = 2390, all_time = 3320\n\n    @pytest.mark.parametrize('case_id, link_item, amount, weight, standard, in_time, all_time', [\n        (\"TD 015\", bundeks_25, 1, 30, 650, 2390, 3320),\n        pytest.param(\n            \"TD 016\", aksolit_30, 8, 300, 650, 2390, 3320,\n            marks=pytest.mark.xfail(reson=\"Цена доставки: - - -\")\n        ),\n        (\"TD 017\", aksolit_30, 13, 400, 650, 2390, 3320),\n        (\"TD 018\", aksolit_30, 16, 500, 850, 2490, 3320),\n        (\"TD 019\", aksolit_30, 25, 1700, 1150, 2490, 3320),\n        (\"TD 020\", aksolit_30, 66, 2000, 1500, 2990, 3650),\n        (\"TD 021\", aksolit_30, 149, 4500, 2600, 4380, 4890),\n        (\"TD 022\", aksolit_30, 166, 5000, 2800, 5490, 5980),\n        pytest.param(\n            \"TD 023\", aksolit_30, 206, 6200, 3300, 7500, 8000,\n            marks=pytest.mark.xfail(reson=\"Цена доставки: 4300 9900 11440\")\n        ),\n        (\"TD 024\", aksolit_30, 299, 9000, 4300, 9900, 11440),\n        (\"TD 025\", aksolit_30, 333, 10000, 7000, 13900, 15900),\n        pytest.param(\n            \"TD 026\", aksolit_30, 366, 11000, 8000, 14900, 19900,\n            marks=pytest.mark.xfail(reson=\"Цена доставки: 7000 13900 15900\")\n        ),\n        pytest.param(\n            \"TD 027\", aksolit_30, 666, 20000, 14000, 16900, 23900,\n            marks=pytest.mark.xfail(reson=\"Цена доставки: 7000 13900 15900\")\n        )\n    ])\n    @pytest.mark.xfail\n    @pytest.mark.smoke_test\n    def test_positive_delivery_blue_zone_smoke(\n            self, driver, url, case_id, link_item, amount, weight, standard, in_time, all_time\n    ):\n        allure.dynamic.title(f\"{case_id} Доставка товара весом до {weight}кг. в синей зоне\")\n    \n        driver.get(f'{url}{link_item}')\n        item_page = ItemPage(driver)\n>       item_page.add_item_to_cart(amount).click_on_cart()\n\ntests/delivery/test_delivery_calculation.py:132: \n_ _ _ _ _ _ _ _ _ _ _ _ _ _ _ _ _ _ _ _ _ _ _ _ _ _ _ _ _ _ _ _ _ _ _ _ _ _ _ _ \npages/item_page.py:41: in add_item_to_cart\n    amount_field = self.find_element(self._item_amount)\nbase/seleniumbase.py:17: in find_element\n    return self.driver.find_element(*locator)\n/usr/local/lib/python3.11/site-packages/selenium/webdriver/remote/webdriver.py:739: in find_element\n    return self.execute(Command.FIND_ELEMENT, {\"using\": by, \"value\": value})[\"value\"]\n/usr/local/lib/python3.11/site-packages/selenium/webdriver/remote/webdriver.py:345: in execute\n    self.error_handler.check_response(response)\n_ _ _ _ _ _ _ _ _ _ _ _ _ _ _ _ _ _ _ _ _ _ _ _ _ _ _ _ _ _ _ _ _ _ _ _ _ _ _ _ \n\nself = <selenium.webdriver.remote.errorhandler.ErrorHandler object at 0x7f50290a2d50>\nresponse = {'status': 404, 'value': '{\"value\":{\"error\":\"no such element\",\"message\":\"no such element: Unable to locate element: {\\...\\\\n#16 0x562b14d236b4 \\\\u003Cunknown>\\\\n#17 0x562b14d34143 \\\\u003Cunknown>\\\\n#18 0x7f41af5ff044 \\\\u003Cunknown>\\\\n\"}}'}\n\n    def check_response(self, response: Dict[str, Any]) -> None:\n        \"\"\"Checks that a JSON response from the WebDriver does not have an\n        error.\n    \n        :Args:\n         - response - The JSON response from the WebDriver server as a dictionary\n           object.\n    \n        :Raises: If the response contains an error message.\n        \"\"\"\n        status = response.get(\"status\", None)\n        if not status or status == ErrorCode.SUCCESS:\n            return\n        value = None\n        message = response.get(\"message\", \"\")\n        screen: str = response.get(\"screen\", \"\")\n        stacktrace = None\n        if isinstance(status, int):\n            value_json = response.get(\"value\", None)\n            if value_json and isinstance(value_json, str):\n                import json\n    \n                try:\n                    value = json.loads(value_json)\n                    if len(value) == 1:\n                        value = value[\"value\"]\n                    status = value.get(\"error\", None)\n                    if not status:\n                        status = value.get(\"status\", ErrorCode.UNKNOWN_ERROR)\n                        message = value.get(\"value\") or value.get(\"message\")\n                        if not isinstance(message, str):\n                            value = message\n                            message = message.get(\"message\")\n                    else:\n                        message = value.get(\"message\", None)\n                except ValueError:\n                    pass\n    \n        exception_class: Type[WebDriverException]\n        e = ErrorCode()\n        error_codes = [item for item in dir(e) if not item.startswith(\"__\")]\n        for error_code in error_codes:\n            error_info = getattr(ErrorCode, error_code)\n            if isinstance(error_info, list) and status in error_info:\n                exception_class = getattr(ExceptionMapping, error_code, WebDriverException)\n                break\n        else:\n            exception_class = WebDriverException\n    \n        if not value:\n            value = response[\"value\"]\n        if isinstance(value, str):\n            raise exception_class(value)\n        if message == \"\" and \"message\" in value:\n            message = value[\"message\"]\n    \n        screen = None  # type: ignore[assignment]\n        if \"screen\" in value:\n            screen = value[\"screen\"]\n    \n        stacktrace = None\n        st_value = value.get(\"stackTrace\") or value.get(\"stacktrace\")\n        if st_value:\n            if isinstance(st_value, str):\n                stacktrace = st_value.split(\"\\n\")\n            else:\n                stacktrace = []\n                try:\n                    for frame in st_value:\n                        line = frame.get(\"lineNumber\", \"\")\n                        file = frame.get(\"fileName\", \"<anonymous>\")\n                        if line:\n                            file = f\"{file}:{line}\"\n                        meth = frame.get(\"methodName\", \"<anonymous>\")\n                        if \"className\" in frame:\n                            meth = f\"{frame['className']}.{meth}\"\n                        msg = \"    at %s (%s)\"\n                        msg = msg % (meth, file)\n                        stacktrace.append(msg)\n                except TypeError:\n                    pass\n        if exception_class == UnexpectedAlertPresentException:\n            alert_text = None\n            if \"data\" in value:\n                alert_text = value[\"data\"].get(\"text\")\n            elif \"alert\" in value:\n                alert_text = value[\"alert\"].get(\"text\")\n            raise exception_class(message, screen, stacktrace, alert_text)  # type: ignore[call-arg]  # mypy is not smart enough here\n>       raise exception_class(message, screen, stacktrace)\nE       selenium.common.exceptions.NoSuchElementException: Message: no such element: Unable to locate element: {\"method\":\"xpath\",\"selector\":\"//input[@class='amount']\"}\nE         (Session info: headless chrome=118.0.5993.70); For documentation on this error, please visit: https://www.selenium.dev/documentation/webdriver/troubleshooting/errors#no-such-element-exception\nE       Stacktrace:\nE       #0 0x562b14d34fb3 <unknown>\nE       #1 0x562b14a084a7 <unknown>\nE       #2 0x562b14a4fdd6 <unknown>\nE       #3 0x562b14a4fec1 <unknown>\nE       #4 0x562b14a8d354 <unknown>\nE       #5 0x562b14a7196d <unknown>\nE       #6 0x562b14a8ac02 <unknown>\nE       #7 0x562b14a71713 <unknown>\nE       #8 0x562b14a4418b <unknown>\nE       #9 0x562b14a44f7e <unknown>\nE       #10 0x562b14cfa8d8 <unknown>\nE       #11 0x562b14cfe800 <unknown>\nE       #12 0x562b14d08cfc <unknown>\nE       #13 0x562b14cff418 <unknown>\nE       #14 0x562b14ccc42f <unknown>\nE       #15 0x562b14d234e8 <unknown>\nE       #16 0x562b14d236b4 <unknown>\nE       #17 0x562b14d34143 <unknown>\nE       #18 0x7f41af5ff044 <unknown>\n\n/usr/local/lib/python3.11/site-packages/selenium/webdriver/remote/errorhandler.py:229: NoSuchElementException","steps":[{"name":"Добавляем товар в корзину в количестве 8","time":{"start":1698627271807,"stop":1698627271883,"duration":76},"status":"broken","statusMessage":"selenium.common.exceptions.NoSuchElementException: Message: no such element: Unable to locate element: {\"method\":\"xpath\",\"selector\":\"//input[@class='amount']\"}\n  (Session info: headless chrome=118.0.5993.70); For documentation on this error, please visit: https://www.selenium.dev/documentation/webdriver/troubleshooting/errors#no-such-element-exception\nStacktrace:\n#0 0x562b14d34fb3 <unknown>\n#1 0x562b14a084a7 <unknown>\n#2 0x562b14a4fdd6 <unknown>\n#3 0x562b14a4fec1 <unknown>\n#4 0x562b14a8d354 <unknown>\n#5 0x562b14a7196d <unknown>\n#6 0x562b14a8ac02 <unknown>\n#7 0x562b14a71713 <unknown>\n#8 0x562b14a4418b <unknown>\n#9 0x562b14a44f7e <unknown>\n#10 0x562b14cfa8d8 <unknown>\n#11 0x562b14cfe800 <unknown>\n#12 0x562b14d08cfc <unknown>\n#13 0x562b14cff418 <unknown>\n#14 0x562b14ccc42f <unknown>\n#15 0x562b14d234e8 <unknown>\n#16 0x562b14d236b4 <unknown>\n#17 0x562b14d34143 <unknown>\n#18 0x7f41af5ff044 <unknown>\n\n","statusTrace":"  File \"/usr/local/lib/python3.11/site-packages/allure_commons/_allure.py\", line 192, in impl\n    return func(*a, **kw)\n           ^^^^^^^^^^^^^^\n  File \"/app/pages/item_page.py\", line 41, in add_item_to_cart\n    amount_field = self.find_element(self._item_amount)\n                   ^^^^^^^^^^^^^^^^^^^^^^^^^^^^^^^^^^^^\n  File \"/app/base/seleniumbase.py\", line 17, in find_element\n    return self.driver.find_element(*locator)\n           ^^^^^^^^^^^^^^^^^^^^^^^^^^^^^^^^^^\n  File \"/usr/local/lib/python3.11/site-packages/selenium/webdriver/remote/webdriver.py\", line 739, in find_element\n    return self.execute(Command.FIND_ELEMENT, {\"using\": by, \"value\": value})[\"value\"]\n           ^^^^^^^^^^^^^^^^^^^^^^^^^^^^^^^^^^^^^^^^^^^^^^^^^^^^^^^^^^^^^^^^^\n  File \"/usr/local/lib/python3.11/site-packages/selenium/webdriver/remote/webdriver.py\", line 345, in execute\n    self.error_handler.check_response(response)\n  File \"/usr/local/lib/python3.11/site-packages/selenium/webdriver/remote/errorhandler.py\", line 229, in check_response\n    raise exception_class(message, screen, stacktrace)\n","steps":[],"attachments":[],"parameters":[{"name":"amount","value":"8"}],"shouldDisplayMessage":true,"stepsCount":0,"attachmentsCount":0,"hasContent":true}],"attachments":[{"uid":"495d21e670050173","name":"Screenshot","source":"495d21e670050173.png","type":"image/png","size":115178},{"uid":"4132746be0ca2a8c","name":"HTML source","source":"4132746be0ca2a8c.html","type":"text/html","size":303988}],"parameters":[],"shouldDisplayMessage":true,"stepsCount":1,"attachmentsCount":2,"hasContent":true},"afterStages":[{"name":"setup::0","time":{"start":1698627272070,"stop":1698627272070,"duration":0},"status":"passed","steps":[],"attachments":[],"parameters":[],"shouldDisplayMessage":false,"stepsCount":0,"attachmentsCount":0,"hasContent":false},{"name":"driver::0","time":{"start":1698627272071,"stop":1698627272131,"duration":60},"status":"passed","steps":[],"attachments":[],"parameters":[],"shouldDisplayMessage":false,"stepsCount":0,"attachmentsCount":0,"hasContent":false}],"labels":[{"name":"epic","value":"Delivery Page - calculation"},{"name":"tag","value":"smoke_test"},{"name":"tag","value":"@pytest.mark.xfail"},{"name":"parentSuite","value":"tests.delivery"},{"name":"suite","value":"test_delivery_calculation"},{"name":"subSuite","value":"TestDeliveryPageCalculation"},{"name":"host","value":"36b222956cc3"},{"name":"thread","value":"1-MainThread"},{"name":"framework","value":"pytest"},{"name":"language","value":"cpython3"},{"name":"package","value":"tests.delivery.test_delivery_calculation"},{"name":"resultFormat","value":"allure2"}],"parameters":[{"name":"all_time","value":"3320"},{"name":"amount","value":"8"},{"name":"case_id","value":"'TD 016'"},{"name":"in_time","value":"2390"},{"name":"link_item","value":"'products/shtukaturka-gipsovaya-aksolit-m50-30-kg-mashinnogo-naneseniya'"},{"name":"standard","value":"650"},{"name":"url","value":"'https://sandboxtest.stroyrem-nn.ru/'"},{"name":"weight","value":"300"}],"links":[],"hidden":false,"retry":false,"extra":{"severity":"normal","retries":[],"categories":[],"history":{"statistic":{"failed":0,"broken":0,"skipped":82,"passed":0,"unknown":0,"total":82},"items":[{"uid":"a288ad6656f528d8","reportUrl":"https://Nat754.github.io/StroyremAutomation/109//#testresult/a288ad6656f528d8","status":"skipped","statusDetails":"XFAIL\n\nselenium.common.exceptions.NoSuchElementException: Message: no such element: Unable to locate element: {\"method\":\"xpath\",\"selector\":\"//input[@class='amount']\"}\n  (Session info: headless chrome=118.0.5993.70); For documentation on this error, please visit: https://www.selenium.dev/documentation/webdriver/troubleshooting/errors#no-such-element-exception\nStacktrace:\n#0 0x5627212c8fb3 <unknown>\n#1 0x562720f9c4a7 <unknown>\n#2 0x562720fe3dd6 <unknown>\n#3 0x562720fe3ec1 <unknown>\n#4 0x562721021354 <unknown>\n#5 0x56272100596d <unknown>\n#6 0x56272101ec02 <unknown>\n#7 0x562721005713 <unknown>\n#8 0x562720fd818b <unknown>\n#9 0x562720fd8f7e <unknown>\n#10 0x56272128e8d8 <unknown>\n#11 0x562721292800 <unknown>\n#12 0x56272129ccfc <unknown>\n#13 0x562721293418 <unknown>\n#14 0x56272126042f <unknown>\n#15 0x5627212b74e8 <unknown>\n#16 0x5627212b76b4 <unknown>\n#17 0x5627212c8143 <unknown>\n#18 0x7f416a1d2044 <unknown>","time":{"start":1698541038636,"stop":1698541042736,"duration":4100}},{"uid":"2a1ca99b6ddea99a","reportUrl":"https://Nat754.github.io/StroyremAutomation/108//#testresult/2a1ca99b6ddea99a","status":"skipped","statusDetails":"XFAIL\n\nselenium.common.exceptions.NoSuchElementException: Message: no such element: Unable to locate element: {\"method\":\"xpath\",\"selector\":\"//input[@class='amount']\"}\n  (Session info: headless chrome=118.0.5993.70); For documentation on this error, please visit: https://www.selenium.dev/documentation/webdriver/troubleshooting/errors#no-such-element-exception\nStacktrace:\n#0 0x562d3adcbfb3 <unknown>\n#1 0x562d3aa9f4a7 <unknown>\n#2 0x562d3aae6dd6 <unknown>\n#3 0x562d3aae6ec1 <unknown>\n#4 0x562d3ab24354 <unknown>\n#5 0x562d3ab0896d <unknown>\n#6 0x562d3ab21c02 <unknown>\n#7 0x562d3ab08713 <unknown>\n#8 0x562d3aadb18b <unknown>\n#9 0x562d3aadbf7e <unknown>\n#10 0x562d3ad918d8 <unknown>\n#11 0x562d3ad95800 <unknown>\n#12 0x562d3ad9fcfc <unknown>\n#13 0x562d3ad96418 <unknown>\n#14 0x562d3ad6342f <unknown>\n#15 0x562d3adba4e8 <unknown>\n#16 0x562d3adba6b4 <unknown>\n#17 0x562d3adcb143 <unknown>\n#18 0x7f817485a044 <unknown>","time":{"start":1698454383799,"stop":1698454389490,"duration":5691}},{"uid":"9846f0dd1b53a20","reportUrl":"https://Nat754.github.io/StroyremAutomation/107//#testresult/9846f0dd1b53a20","status":"skipped","statusDetails":"XFAIL\n\nselenium.common.exceptions.NoSuchElementException: Message: no such element: Unable to locate element: {\"method\":\"xpath\",\"selector\":\"//input[@class='amount']\"}\n  (Session info: headless chrome=118.0.5993.70); For documentation on this error, please visit: https://www.selenium.dev/documentation/webdriver/troubleshooting/errors#no-such-element-exception\nStacktrace:\n#0 0x5582f2ec4fb3 <unknown>\n#1 0x5582f2b984a7 <unknown>\n#2 0x5582f2bdfdd6 <unknown>\n#3 0x5582f2bdfec1 <unknown>\n#4 0x5582f2c1d354 <unknown>\n#5 0x5582f2c0196d <unknown>\n#6 0x5582f2c1ac02 <unknown>\n#7 0x5582f2c01713 <unknown>\n#8 0x5582f2bd418b <unknown>\n#9 0x5582f2bd4f7e <unknown>\n#10 0x5582f2e8a8d8 <unknown>\n#11 0x5582f2e8e800 <unknown>\n#12 0x5582f2e98cfc <unknown>\n#13 0x5582f2e8f418 <unknown>\n#14 0x5582f2e5c42f <unknown>\n#15 0x5582f2eb34e8 <unknown>\n#16 0x5582f2eb36b4 <unknown>\n#17 0x5582f2ec4143 <unknown>\n#18 0x7f464e2f0044 <unknown>","time":{"start":1698367980533,"stop":1698367984806,"duration":4273}},{"uid":"6d4bc6b00c23cf16","reportUrl":"https://Nat754.github.io/StroyremAutomation/106//#testresult/6d4bc6b00c23cf16","status":"skipped","statusDetails":"XFAIL\n\nselenium.common.exceptions.NoSuchElementException: Message: no such element: Unable to locate element: {\"method\":\"xpath\",\"selector\":\"//input[@class='amount']\"}\n  (Session info: headless chrome=118.0.5993.70); For documentation on this error, please visit: https://www.selenium.dev/documentation/webdriver/troubleshooting/errors#no-such-element-exception\nStacktrace:\n#0 0x5614eb6cafb3 <unknown>\n#1 0x5614eb39e4a7 <unknown>\n#2 0x5614eb3e5dd6 <unknown>\n#3 0x5614eb3e5ec1 <unknown>\n#4 0x5614eb423354 <unknown>\n#5 0x5614eb40796d <unknown>\n#6 0x5614eb420c02 <unknown>\n#7 0x5614eb407713 <unknown>\n#8 0x5614eb3da18b <unknown>\n#9 0x5614eb3daf7e <unknown>\n#10 0x5614eb6908d8 <unknown>\n#11 0x5614eb694800 <unknown>\n#12 0x5614eb69ecfc <unknown>\n#13 0x5614eb695418 <unknown>\n#14 0x5614eb66242f <unknown>\n#15 0x5614eb6b94e8 <unknown>\n#16 0x5614eb6b96b4 <unknown>\n#17 0x5614eb6ca143 <unknown>\n#18 0x7ff32ce63044 <unknown>","time":{"start":1698281594782,"stop":1698281599839,"duration":5057}},{"uid":"d14682824367f991","reportUrl":"https://Nat754.github.io/StroyremAutomation/105//#testresult/d14682824367f991","status":"skipped","statusDetails":"XFAIL\n\nselenium.common.exceptions.NoSuchElementException: Message: no such element: Unable to locate element: {\"method\":\"xpath\",\"selector\":\"//input[@class='amount']\"}\n  (Session info: headless chrome=118.0.5993.70); For documentation on this error, please visit: https://www.selenium.dev/documentation/webdriver/troubleshooting/errors#no-such-element-exception\nStacktrace:\n#0 0x55e796c0dfb3 <unknown>\n#1 0x55e7968e14a7 <unknown>\n#2 0x55e796928dd6 <unknown>\n#3 0x55e796928ec1 <unknown>\n#4 0x55e796966354 <unknown>\n#5 0x55e79694a96d <unknown>\n#6 0x55e796963c02 <unknown>\n#7 0x55e79694a713 <unknown>\n#8 0x55e79691d18b <unknown>\n#9 0x55e79691df7e <unknown>\n#10 0x55e796bd38d8 <unknown>\n#11 0x55e796bd7800 <unknown>\n#12 0x55e796be1cfc <unknown>\n#13 0x55e796bd8418 <unknown>\n#14 0x55e796ba542f <unknown>\n#15 0x55e796bfc4e8 <unknown>\n#16 0x55e796bfc6b4 <unknown>\n#17 0x55e796c0d143 <unknown>\n#18 0x7f741a4e2044 <unknown>","time":{"start":1698195219977,"stop":1698195224708,"duration":4731}},{"uid":"6c44ac5ab4df4f50","reportUrl":"https://Nat754.github.io/StroyremAutomation/104//#testresult/6c44ac5ab4df4f50","status":"skipped","statusDetails":"XFAIL\n\nselenium.common.exceptions.NoSuchElementException: Message: no such element: Unable to locate element: {\"method\":\"xpath\",\"selector\":\"//input[@class='amount']\"}\n  (Session info: headless chrome=118.0.5993.70); For documentation on this error, please visit: https://www.selenium.dev/documentation/webdriver/troubleshooting/errors#no-such-element-exception\nStacktrace:\n#0 0x56541c6d3fb3 <unknown>\n#1 0x56541c3a74a7 <unknown>\n#2 0x56541c3eedd6 <unknown>\n#3 0x56541c3eeec1 <unknown>\n#4 0x56541c42c354 <unknown>\n#5 0x56541c41096d <unknown>\n#6 0x56541c429c02 <unknown>\n#7 0x56541c410713 <unknown>\n#8 0x56541c3e318b <unknown>\n#9 0x56541c3e3f7e <unknown>\n#10 0x56541c6998d8 <unknown>\n#11 0x56541c69d800 <unknown>\n#12 0x56541c6a7cfc <unknown>\n#13 0x56541c69e418 <unknown>\n#14 0x56541c66b42f <unknown>\n#15 0x56541c6c24e8 <unknown>\n#16 0x56541c6c26b4 <unknown>\n#17 0x56541c6d3143 <unknown>\n#18 0x7f4bd68c0044 <unknown>","time":{"start":1698108864906,"stop":1698108869846,"duration":4940}},{"uid":"fea67eb329143fc4","reportUrl":"https://Nat754.github.io/StroyremAutomation/103//#testresult/fea67eb329143fc4","status":"skipped","statusDetails":"XFAIL\n\nselenium.common.exceptions.NoSuchElementException: Message: no such element: Unable to locate element: {\"method\":\"xpath\",\"selector\":\"//input[@class='amount']\"}\n  (Session info: headless chrome=118.0.5993.70); For documentation on this error, please visit: https://www.selenium.dev/documentation/webdriver/troubleshooting/errors#no-such-element-exception\nStacktrace:\n#0 0x560bbb698fb3 <unknown>\n#1 0x560bbb36c4a7 <unknown>\n#2 0x560bbb3b3dd6 <unknown>\n#3 0x560bbb3b3ec1 <unknown>\n#4 0x560bbb3f1354 <unknown>\n#5 0x560bbb3d596d <unknown>\n#6 0x560bbb3eec02 <unknown>\n#7 0x560bbb3d5713 <unknown>\n#8 0x560bbb3a818b <unknown>\n#9 0x560bbb3a8f7e <unknown>\n#10 0x560bbb65e8d8 <unknown>\n#11 0x560bbb662800 <unknown>\n#12 0x560bbb66ccfc <unknown>\n#13 0x560bbb663418 <unknown>\n#14 0x560bbb63042f <unknown>\n#15 0x560bbb6874e8 <unknown>\n#16 0x560bbb6876b4 <unknown>\n#17 0x560bbb698143 <unknown>\n#18 0x7fa0e985a044 <unknown>","time":{"start":1698022578283,"stop":1698022584441,"duration":6158}},{"uid":"2acae1e06447b9c0","reportUrl":"https://Nat754.github.io/StroyremAutomation/102//#testresult/2acae1e06447b9c0","status":"skipped","statusDetails":"XFAIL\n\nselenium.common.exceptions.NoSuchElementException: Message: no such element: Unable to locate element: {\"method\":\"xpath\",\"selector\":\"//input[@class='amount']\"}\n  (Session info: headless chrome=118.0.5993.70); For documentation on this error, please visit: https://www.selenium.dev/documentation/webdriver/troubleshooting/errors#no-such-element-exception\nStacktrace:\n#0 0x559a133b7fb3 <unknown>\n#1 0x559a1308b4a7 <unknown>\n#2 0x559a130d2dd6 <unknown>\n#3 0x559a130d2ec1 <unknown>\n#4 0x559a13110354 <unknown>\n#5 0x559a130f496d <unknown>\n#6 0x559a1310dc02 <unknown>\n#7 0x559a130f4713 <unknown>\n#8 0x559a130c718b <unknown>\n#9 0x559a130c7f7e <unknown>\n#10 0x559a1337d8d8 <unknown>\n#11 0x559a13381800 <unknown>\n#12 0x559a1338bcfc <unknown>\n#13 0x559a13382418 <unknown>\n#14 0x559a1334f42f <unknown>\n#15 0x559a133a64e8 <unknown>\n#16 0x559a133a66b4 <unknown>\n#17 0x559a133b7143 <unknown>\n#18 0x7f5d5f493044 <unknown>","time":{"start":1697936251074,"stop":1697936255611,"duration":4537}},{"uid":"c3f79d4e865024e3","reportUrl":"https://Nat754.github.io/StroyremAutomation/101//#testresult/c3f79d4e865024e3","status":"skipped","statusDetails":"XFAIL\n\nselenium.common.exceptions.NoSuchElementException: Message: no such element: Unable to locate element: {\"method\":\"xpath\",\"selector\":\"//input[@class='amount']\"}\n  (Session info: headless chrome=118.0.5993.70); For documentation on this error, please visit: https://www.selenium.dev/documentation/webdriver/troubleshooting/errors#no-such-element-exception\nStacktrace:\n#0 0x556322d54fb3 <unknown>\n#1 0x556322a284a7 <unknown>\n#2 0x556322a6fdd6 <unknown>\n#3 0x556322a6fec1 <unknown>\n#4 0x556322aad354 <unknown>\n#5 0x556322a9196d <unknown>\n#6 0x556322aaac02 <unknown>\n#7 0x556322a91713 <unknown>\n#8 0x556322a6418b <unknown>\n#9 0x556322a64f7e <unknown>\n#10 0x556322d1a8d8 <unknown>\n#11 0x556322d1e800 <unknown>\n#12 0x556322d28cfc <unknown>\n#13 0x556322d1f418 <unknown>\n#14 0x556322cec42f <unknown>\n#15 0x556322d434e8 <unknown>\n#16 0x556322d436b4 <unknown>\n#17 0x556322d54143 <unknown>\n#18 0x7f8f28452044 <unknown>","time":{"start":1697849612270,"stop":1697849618238,"duration":5968}},{"uid":"462c93133faa911","reportUrl":"https://Nat754.github.io/StroyremAutomation/100//#testresult/462c93133faa911","status":"skipped","statusDetails":"XFAIL\n\nselenium.common.exceptions.NoSuchElementException: Message: no such element: Unable to locate element: {\"method\":\"xpath\",\"selector\":\"//input[@class='amount']\"}\n  (Session info: headless chrome=118.0.5993.70); For documentation on this error, please visit: https://www.selenium.dev/documentation/webdriver/troubleshooting/errors#no-such-element-exception\nStacktrace:\n#0 0x557e1452bfb3 <unknown>\n#1 0x557e141ff4a7 <unknown>\n#2 0x557e14246dd6 <unknown>\n#3 0x557e14246ec1 <unknown>\n#4 0x557e14284354 <unknown>\n#5 0x557e1426896d <unknown>\n#6 0x557e14281c02 <unknown>\n#7 0x557e14268713 <unknown>\n#8 0x557e1423b18b <unknown>\n#9 0x557e1423bf7e <unknown>\n#10 0x557e144f18d8 <unknown>\n#11 0x557e144f5800 <unknown>\n#12 0x557e144ffcfc <unknown>\n#13 0x557e144f6418 <unknown>\n#14 0x557e144c342f <unknown>\n#15 0x557e1451a4e8 <unknown>\n#16 0x557e1451a6b4 <unknown>\n#17 0x557e1452b143 <unknown>\n#18 0x7fcdaca8e044 <unknown>","time":{"start":1697763271643,"stop":1697763276441,"duration":4798}},{"uid":"1cfcae317a0105d5","reportUrl":"https://Nat754.github.io/StroyremAutomation/99//#testresult/1cfcae317a0105d5","status":"skipped","statusDetails":"XFAIL\n\nselenium.common.exceptions.NoSuchElementException: Message: no such element: Unable to locate element: {\"method\":\"xpath\",\"selector\":\"//input[@class='amount']\"}\n  (Session info: headless chrome=118.0.5993.70); For documentation on this error, please visit: https://www.selenium.dev/documentation/webdriver/troubleshooting/errors#no-such-element-exception\nStacktrace:\n#0 0x561985fbefb3 <unknown>\n#1 0x561985c924a7 <unknown>\n#2 0x561985cd9dd6 <unknown>\n#3 0x561985cd9ec1 <unknown>\n#4 0x561985d17354 <unknown>\n#5 0x561985cfb96d <unknown>\n#6 0x561985d14c02 <unknown>\n#7 0x561985cfb713 <unknown>\n#8 0x561985cce18b <unknown>\n#9 0x561985ccef7e <unknown>\n#10 0x561985f848d8 <unknown>\n#11 0x561985f88800 <unknown>\n#12 0x561985f92cfc <unknown>\n#13 0x561985f89418 <unknown>\n#14 0x561985f5642f <unknown>\n#15 0x561985fad4e8 <unknown>\n#16 0x561985fad6b4 <unknown>\n#17 0x561985fbe143 <unknown>\n#18 0x7ffa0c92d044 <unknown>","time":{"start":1697676851560,"stop":1697676856534,"duration":4974}},{"uid":"9642b2ee644ec3f2","reportUrl":"https://Nat754.github.io/StroyremAutomation/98//#testresult/9642b2ee644ec3f2","status":"skipped","statusDetails":"XFAIL\n\nselenium.common.exceptions.NoSuchElementException: Message: no such element: Unable to locate element: {\"method\":\"xpath\",\"selector\":\"//input[@class='amount']\"}\n  (Session info: headless chrome=118.0.5993.70); For documentation on this error, please visit: https://www.selenium.dev/documentation/webdriver/troubleshooting/errors#no-such-element-exception\nStacktrace:\n#0 0x56059a3c9fb3 <unknown>\n#1 0x56059a09d4a7 <unknown>\n#2 0x56059a0e4dd6 <unknown>\n#3 0x56059a0e4ec1 <unknown>\n#4 0x56059a122354 <unknown>\n#5 0x56059a10696d <unknown>\n#6 0x56059a11fc02 <unknown>\n#7 0x56059a106713 <unknown>\n#8 0x56059a0d918b <unknown>\n#9 0x56059a0d9f7e <unknown>\n#10 0x56059a38f8d8 <unknown>\n#11 0x56059a393800 <unknown>\n#12 0x56059a39dcfc <unknown>\n#13 0x56059a394418 <unknown>\n#14 0x56059a36142f <unknown>\n#15 0x56059a3b84e8 <unknown>\n#16 0x56059a3b86b4 <unknown>\n#17 0x56059a3c9143 <unknown>\n#18 0x7f6b88740044 <unknown>","time":{"start":1697590449198,"stop":1697590459024,"duration":9826}},{"uid":"984c062162366c21","reportUrl":"https://Nat754.github.io/StroyremAutomation/97//#testresult/984c062162366c21","status":"skipped","statusDetails":"XFAIL\n\nselenium.common.exceptions.NoSuchElementException: Message: no such element: Unable to locate element: {\"method\":\"xpath\",\"selector\":\"//input[@class='amount']\"}\n  (Session info: headless chrome=118.0.5993.70); For documentation on this error, please visit: https://www.selenium.dev/documentation/webdriver/troubleshooting/errors#no-such-element-exception\nStacktrace:\n#0 0x5555b0e2cfb3 <unknown>\n#1 0x5555b0b004a7 <unknown>\n#2 0x5555b0b47dd6 <unknown>\n#3 0x5555b0b47ec1 <unknown>\n#4 0x5555b0b85354 <unknown>\n#5 0x5555b0b6996d <unknown>\n#6 0x5555b0b82c02 <unknown>\n#7 0x5555b0b69713 <unknown>\n#8 0x5555b0b3c18b <unknown>\n#9 0x5555b0b3cf7e <unknown>\n#10 0x5555b0df28d8 <unknown>\n#11 0x5555b0df6800 <unknown>\n#12 0x5555b0e00cfc <unknown>\n#13 0x5555b0df7418 <unknown>\n#14 0x5555b0dc442f <unknown>\n#15 0x5555b0e1b4e8 <unknown>\n#16 0x5555b0e1b6b4 <unknown>\n#17 0x5555b0e2c143 <unknown>\n#18 0x7ff8a8afb044 <unknown>","time":{"start":1697504115544,"stop":1697504121306,"duration":5762}},{"uid":"2f7dc133efc13b2a","reportUrl":"https://Nat754.github.io/StroyremAutomation/96//#testresult/2f7dc133efc13b2a","status":"skipped","statusDetails":"XFAIL\n\nselenium.common.exceptions.NoSuchElementException: Message: no such element: Unable to locate element: {\"method\":\"xpath\",\"selector\":\"//input[@class='amount']\"}\n  (Session info: headless chrome=118.0.5993.70); For documentation on this error, please visit: https://www.selenium.dev/documentation/webdriver/troubleshooting/errors#no-such-element-exception\nStacktrace:\n#0 0x55f127959fb3 <unknown>\n#1 0x55f12762d4a7 <unknown>\n#2 0x55f127674dd6 <unknown>\n#3 0x55f127674ec1 <unknown>\n#4 0x55f1276b2354 <unknown>\n#5 0x55f12769696d <unknown>\n#6 0x55f1276afc02 <unknown>\n#7 0x55f127696713 <unknown>\n#8 0x55f12766918b <unknown>\n#9 0x55f127669f7e <unknown>\n#10 0x55f12791f8d8 <unknown>\n#11 0x55f127923800 <unknown>\n#12 0x55f12792dcfc <unknown>\n#13 0x55f127924418 <unknown>\n#14 0x55f1278f142f <unknown>\n#15 0x55f1279484e8 <unknown>\n#16 0x55f1279486b4 <unknown>\n#17 0x55f127959143 <unknown>\n#18 0x7f47e1658044 <unknown>","time":{"start":1697417745344,"stop":1697417751240,"duration":5896}},{"uid":"c170056562ce598d","reportUrl":"https://Nat754.github.io/StroyremAutomation/95//#testresult/c170056562ce598d","status":"skipped","statusDetails":"XFAIL\n\nselenium.common.exceptions.NoSuchElementException: Message: no such element: Unable to locate element: {\"method\":\"xpath\",\"selector\":\"(//a[@class='add-to-cart yellow-btn'])[1]\"}\n  (Session info: headless chrome=118.0.5993.70); For documentation on this error, please visit: https://www.selenium.dev/documentation/webdriver/troubleshooting/errors#no-such-element-exception\nStacktrace:\n#0 0x556ea2e5ffb3 <unknown>\n#1 0x556ea2b334a7 <unknown>\n#2 0x556ea2b7add6 <unknown>\n#3 0x556ea2b7aec1 <unknown>\n#4 0x556ea2bb8354 <unknown>\n#5 0x556ea2b9c96d <unknown>\n#6 0x556ea2bb5c02 <unknown>\n#7 0x556ea2b9c713 <unknown>\n#8 0x556ea2b6f18b <unknown>\n#9 0x556ea2b6ff7e <unknown>\n#10 0x556ea2e258d8 <unknown>\n#11 0x556ea2e29800 <unknown>\n#12 0x556ea2e33cfc <unknown>\n#13 0x556ea2e2a418 <unknown>\n#14 0x556ea2df742f <unknown>\n#15 0x556ea2e4e4e8 <unknown>\n#16 0x556ea2e4e6b4 <unknown>\n#17 0x556ea2e5f143 <unknown>\n#18 0x7fe4e0ac6044 <unknown>","time":{"start":1697331478839,"stop":1697331479515,"duration":676}},{"uid":"a7772275cc961770","reportUrl":"https://Nat754.github.io/StroyremAutomation/94//#testresult/a7772275cc961770","status":"skipped","statusDetails":"XFAIL\n\nselenium.common.exceptions.NoSuchElementException: Message: no such element: Unable to locate element: {\"method\":\"xpath\",\"selector\":\"//input[@class='amount']\"}\n  (Session info: headless chrome=118.0.5993.70); For documentation on this error, please visit: https://www.selenium.dev/documentation/webdriver/troubleshooting/errors#no-such-element-exception\nStacktrace:\n#0 0x55adcccbffb3 <unknown>\n#1 0x55adcc9934a7 <unknown>\n#2 0x55adcc9dadd6 <unknown>\n#3 0x55adcc9daec1 <unknown>\n#4 0x55adcca18354 <unknown>\n#5 0x55adcc9fc96d <unknown>\n#6 0x55adcca15c02 <unknown>\n#7 0x55adcc9fc713 <unknown>\n#8 0x55adcc9cf18b <unknown>\n#9 0x55adcc9cff7e <unknown>\n#10 0x55adccc858d8 <unknown>\n#11 0x55adccc89800 <unknown>\n#12 0x55adccc93cfc <unknown>\n#13 0x55adccc8a418 <unknown>\n#14 0x55adccc5742f <unknown>\n#15 0x55adcccae4e8 <unknown>\n#16 0x55adcccae6b4 <unknown>\n#17 0x55adcccbf143 <unknown>\n#18 0x7fb478ab2044 <unknown>","time":{"start":1697244958622,"stop":1697244964162,"duration":5540}},{"uid":"c38bccd3dbbc7d64","reportUrl":"https://Nat754.github.io/StroyremAutomation/93//#testresult/c38bccd3dbbc7d64","status":"skipped","statusDetails":"XFAIL\n\nselenium.common.exceptions.NoSuchElementException: Message: no such element: Unable to locate element: {\"method\":\"xpath\",\"selector\":\"(//a[@class='add-to-cart yellow-btn'])[1]\"}\n  (Session info: headless chrome=118.0.5993.70); For documentation on this error, please visit: https://www.selenium.dev/documentation/webdriver/troubleshooting/errors#no-such-element-exception\nStacktrace:\n#0 0x55576a718fb3 <unknown>\n#1 0x55576a3ec4a7 <unknown>\n#2 0x55576a433dd6 <unknown>\n#3 0x55576a433ec1 <unknown>\n#4 0x55576a471354 <unknown>\n#5 0x55576a45596d <unknown>\n#6 0x55576a46ec02 <unknown>\n#7 0x55576a455713 <unknown>\n#8 0x55576a42818b <unknown>\n#9 0x55576a428f7e <unknown>\n#10 0x55576a6de8d8 <unknown>\n#11 0x55576a6e2800 <unknown>\n#12 0x55576a6eccfc <unknown>\n#13 0x55576a6e3418 <unknown>\n#14 0x55576a6b042f <unknown>\n#15 0x55576a7074e8 <unknown>\n#16 0x55576a7076b4 <unknown>\n#17 0x55576a718143 <unknown>\n#18 0x7fe396e60044 <unknown>","time":{"start":1697158554171,"stop":1697158559160,"duration":4989}},{"uid":"a950383f66ccf70a","reportUrl":"https://Nat754.github.io/StroyremAutomation/92//#testresult/a950383f66ccf70a","status":"skipped","statusDetails":"XFAIL\n\nselenium.common.exceptions.NoSuchElementException: Message: no such element: Unable to locate element: {\"method\":\"xpath\",\"selector\":\"(//a[@class='add-to-cart yellow-btn'])[1]\"}\n  (Session info: headless chrome=118.0.5993.70); For documentation on this error, please visit: https://www.selenium.dev/documentation/webdriver/troubleshooting/errors#no-such-element-exception\nStacktrace:\n#0 0x557ab066afb3 <unknown>\n#1 0x557ab033e4a7 <unknown>\n#2 0x557ab0385dd6 <unknown>\n#3 0x557ab0385ec1 <unknown>\n#4 0x557ab03c3354 <unknown>\n#5 0x557ab03a796d <unknown>\n#6 0x557ab03c0c02 <unknown>\n#7 0x557ab03a7713 <unknown>\n#8 0x557ab037a18b <unknown>\n#9 0x557ab037af7e <unknown>\n#10 0x557ab06308d8 <unknown>\n#11 0x557ab0634800 <unknown>\n#12 0x557ab063ecfc <unknown>\n#13 0x557ab0635418 <unknown>\n#14 0x557ab060242f <unknown>\n#15 0x557ab06594e8 <unknown>\n#16 0x557ab06596b4 <unknown>\n#17 0x557ab066a143 <unknown>\n#18 0x7f0a34871044 <unknown>","time":{"start":1697071918338,"stop":1697071921936,"duration":3598}},{"uid":"d23591c0d139500","reportUrl":"https://Nat754.github.io/StroyremAutomation/91//#testresult/d23591c0d139500","status":"skipped","statusDetails":"XFAIL\n\nselenium.common.exceptions.NoSuchElementException: Message: no such element: Unable to locate element: {\"method\":\"xpath\",\"selector\":\"(//a[@class='add-to-cart yellow-btn'])[1]\"}\n  (Session info: headless chrome=118.0.5993.70); For documentation on this error, please visit: https://www.selenium.dev/documentation/webdriver/troubleshooting/errors#no-such-element-exception\nStacktrace:\n#0 0x55841bf2dfb3 <unknown>\n#1 0x55841bc014a7 <unknown>\n#2 0x55841bc48dd6 <unknown>\n#3 0x55841bc48ec1 <unknown>\n#4 0x55841bc86354 <unknown>\n#5 0x55841bc6a96d <unknown>\n#6 0x55841bc83c02 <unknown>\n#7 0x55841bc6a713 <unknown>\n#8 0x55841bc3d18b <unknown>\n#9 0x55841bc3df7e <unknown>\n#10 0x55841bef38d8 <unknown>\n#11 0x55841bef7800 <unknown>\n#12 0x55841bf01cfc <unknown>\n#13 0x55841bef8418 <unknown>\n#14 0x55841bec542f <unknown>\n#15 0x55841bf1c4e8 <unknown>\n#16 0x55841bf1c6b4 <unknown>\n#17 0x55841bf2d143 <unknown>\n#18 0x7f56ded0b044 <unknown>","time":{"start":1696985617379,"stop":1696985620188,"duration":2809}},{"uid":"2aa6ffbd2cee6895","reportUrl":"https://Nat754.github.io/StroyremAutomation/90//#testresult/2aa6ffbd2cee6895","status":"skipped","statusDetails":"XFAIL\n\nselenium.common.exceptions.NoSuchElementException: Message: no such element: Unable to locate element: {\"method\":\"xpath\",\"selector\":\"(//a[@class='add-to-cart yellow-btn'])[1]\"}\n  (Session info: headless chrome=117.0.5938.149); For documentation on this error, please visit: https://www.selenium.dev/documentation/webdriver/troubleshooting/errors#no-such-element-exception\nStacktrace:\n#0 0x55e01049d933 <unknown>\n#1 0x55e0101776f7 <unknown>\n#2 0x55e0101beaa6 <unknown>\n#3 0x55e0101beb91 <unknown>\n#4 0x55e0101fbfc4 <unknown>\n#5 0x55e0101e062d <unknown>\n#6 0x55e0101f9857 <unknown>\n#7 0x55e0101e03d3 <unknown>\n#8 0x55e0101b2e64 <unknown>\n#9 0x55e0101b3c4e <unknown>\n#10 0x55e010463558 <unknown>\n#11 0x55e0104674a0 <unknown>\n#12 0x55e01047197c <unknown>\n#13 0x55e0104680b8 <unknown>\n#14 0x55e010433cdf <unknown>\n#15 0x55e01048c048 <unknown>\n#16 0x55e01048c219 <unknown>\n#17 0x55e01049cac3 <unknown>\n#18 0x7f5708a1f044 <unknown>","time":{"start":1696899168297,"stop":1696899168814,"duration":517}}]},"tags":["@pytest.mark.xfail","smoke_test"]},"source":"62a38233f567af5a.json","parameterValues":["3320","8","'TD 016'","2390","'products/shtukaturka-gipsovaya-aksolit-m50-30-kg-mashinnogo-naneseniya'","650","'https://sandboxtest.stroyrem-nn.ru/'","300"]}