{"uid":"1209be20406b834","name":"TD 026 Доставка товара весом до 11000кг. в синей зоне","fullName":"tests.delivery.test_delivery_calculation.TestDeliveryPageCalculation#test_positive_delivery_blue_zone_smoke","historyId":"8627394da03f78c724b6bd3e4cd7677c","time":{"start":1697417813516,"stop":1697417819310,"duration":5794},"status":"skipped","statusMessage":"XFAIL\n\nselenium.common.exceptions.NoSuchElementException: Message: no such element: Unable to locate element: {\"method\":\"xpath\",\"selector\":\"//input[@class='amount']\"}\n  (Session info: headless chrome=118.0.5993.70); For documentation on this error, please visit: https://www.selenium.dev/documentation/webdriver/troubleshooting/errors#no-such-element-exception\nStacktrace:\n#0 0x556f2ba14fb3 <unknown>\n#1 0x556f2b6e84a7 <unknown>\n#2 0x556f2b72fdd6 <unknown>\n#3 0x556f2b72fec1 <unknown>\n#4 0x556f2b76d354 <unknown>\n#5 0x556f2b75196d <unknown>\n#6 0x556f2b76ac02 <unknown>\n#7 0x556f2b751713 <unknown>\n#8 0x556f2b72418b <unknown>\n#9 0x556f2b724f7e <unknown>\n#10 0x556f2b9da8d8 <unknown>\n#11 0x556f2b9de800 <unknown>\n#12 0x556f2b9e8cfc <unknown>\n#13 0x556f2b9df418 <unknown>\n#14 0x556f2b9ac42f <unknown>\n#15 0x556f2ba034e8 <unknown>\n#16 0x556f2ba036b4 <unknown>\n#17 0x556f2ba14143 <unknown>\n#18 0x7f848f3a1044 <unknown>","statusTrace":"self = <tests.delivery.test_delivery_calculation.TestDeliveryPageCalculation object at 0x7fcd309d0750>\ndriver = <selenium.webdriver.chrome.webdriver.WebDriver (session=\"89e15fae06760143e45c1baccf173a1c\")>\nurl = 'https://sandboxtest.stroyrem-nn.ru/', case_id = 'TD 026'\nlink_item = 'products/shtukaturka-gipsovaya-aksolit-m50-30-kg-mashinnogo-naneseniya'\namount = 366, weight = 11000, standard = 8000, in_time = 14900, all_time = 19900\n\n    @pytest.mark.parametrize('case_id, link_item, amount, weight, standard, in_time, all_time', [\n        (\"TD 015\", bundeks_25, 1, 30, 650, 2390, 3320),\n        pytest.param(\n            \"TD 016\", aksolit_30, 8, 300, 650, 2390, 3320,\n            marks=pytest.mark.xfail(reson=\"Цена доставки: - - -\")\n        ),\n        (\"TD 017\", aksolit_30, 13, 400, 650, 2390, 3320),\n        (\"TD 018\", aksolit_30, 16, 500, 850, 2490, 3320),\n        (\"TD 019\", aksolit_30, 25, 1700, 1150, 2490, 3320),\n        (\"TD 020\", aksolit_30, 66, 2000, 1500, 2990, 3650),\n        (\"TD 021\", aksolit_30, 149, 4500, 2600, 4380, 4890),\n        (\"TD 022\", aksolit_30, 166, 5000, 2800, 5490, 5980),\n        pytest.param(\n            \"TD 023\", aksolit_30, 206, 6200, 3300, 7500, 8000,\n            marks=pytest.mark.xfail(reson=\"Цена доставки: 4300 9900 11440\")\n        ),\n        (\"TD 024\", aksolit_30, 299, 9000, 4300, 9900, 11440),\n        (\"TD 025\", aksolit_30, 333, 10000, 7000, 13900, 15900),\n        pytest.param(\n            \"TD 026\", aksolit_30, 366, 11000, 8000, 14900, 19900,\n            marks=pytest.mark.xfail(reson=\"Цена доставки: 7000 13900 15900\")\n        ),\n        pytest.param(\n            \"TD 027\", aksolit_30, 666, 20000, 14000, 16900, 23900,\n            marks=pytest.mark.xfail(reson=\"Цена доставки: 7000 13900 15900\")\n        )\n    ])\n    @pytest.mark.xfail\n    @pytest.mark.smoke_test\n    def test_positive_delivery_blue_zone_smoke(\n            self, driver, url, case_id, link_item, amount, weight, standard, in_time, all_time\n    ):\n        allure.dynamic.title(f\"{case_id} Доставка товара весом до {weight}кг. в синей зоне\")\n    \n        driver.get(f'{url}{link_item}')\n        item_page = ItemPage(driver)\n>       item_page.add_item_to_cart(amount).click_on_cart()\n\ntests/delivery/test_delivery_calculation.py:132: \n_ _ _ _ _ _ _ _ _ _ _ _ _ _ _ _ _ _ _ _ _ _ _ _ _ _ _ _ _ _ _ _ _ _ _ _ _ _ _ _ \npages/item_page.py:41: in add_item_to_cart\n    amount_field = self.find_element(self._item_amount)\nbase/seleniumbase.py:17: in find_element\n    return self.driver.find_element(*locator)\n/usr/local/lib/python3.11/site-packages/selenium/webdriver/remote/webdriver.py:739: in find_element\n    return self.execute(Command.FIND_ELEMENT, {\"using\": by, \"value\": value})[\"value\"]\n/usr/local/lib/python3.11/site-packages/selenium/webdriver/remote/webdriver.py:345: in execute\n    self.error_handler.check_response(response)\n_ _ _ _ _ _ _ _ _ _ _ _ _ _ _ _ _ _ _ _ _ _ _ _ _ _ _ _ _ _ _ _ _ _ _ _ _ _ _ _ \n\nself = <selenium.webdriver.remote.errorhandler.ErrorHandler object at 0x7fcd3176b3d0>\nresponse = {'status': 404, 'value': '{\"value\":{\"error\":\"no such element\",\"message\":\"no such element: Unable to locate element: {\\...\\\\n#16 0x556f2ba036b4 \\\\u003Cunknown>\\\\n#17 0x556f2ba14143 \\\\u003Cunknown>\\\\n#18 0x7f848f3a1044 \\\\u003Cunknown>\\\\n\"}}'}\n\n    def check_response(self, response: Dict[str, Any]) -> None:\n        \"\"\"Checks that a JSON response from the WebDriver does not have an\n        error.\n    \n        :Args:\n         - response - The JSON response from the WebDriver server as a dictionary\n           object.\n    \n        :Raises: If the response contains an error message.\n        \"\"\"\n        status = response.get(\"status\", None)\n        if not status or status == ErrorCode.SUCCESS:\n            return\n        value = None\n        message = response.get(\"message\", \"\")\n        screen: str = response.get(\"screen\", \"\")\n        stacktrace = None\n        if isinstance(status, int):\n            value_json = response.get(\"value\", None)\n            if value_json and isinstance(value_json, str):\n                import json\n    \n                try:\n                    value = json.loads(value_json)\n                    if len(value) == 1:\n                        value = value[\"value\"]\n                    status = value.get(\"error\", None)\n                    if not status:\n                        status = value.get(\"status\", ErrorCode.UNKNOWN_ERROR)\n                        message = value.get(\"value\") or value.get(\"message\")\n                        if not isinstance(message, str):\n                            value = message\n                            message = message.get(\"message\")\n                    else:\n                        message = value.get(\"message\", None)\n                except ValueError:\n                    pass\n    \n        exception_class: Type[WebDriverException]\n        e = ErrorCode()\n        error_codes = [item for item in dir(e) if not item.startswith(\"__\")]\n        for error_code in error_codes:\n            error_info = getattr(ErrorCode, error_code)\n            if isinstance(error_info, list) and status in error_info:\n                exception_class = getattr(ExceptionMapping, error_code, WebDriverException)\n                break\n        else:\n            exception_class = WebDriverException\n    \n        if not value:\n            value = response[\"value\"]\n        if isinstance(value, str):\n            raise exception_class(value)\n        if message == \"\" and \"message\" in value:\n            message = value[\"message\"]\n    \n        screen = None  # type: ignore[assignment]\n        if \"screen\" in value:\n            screen = value[\"screen\"]\n    \n        stacktrace = None\n        st_value = value.get(\"stackTrace\") or value.get(\"stacktrace\")\n        if st_value:\n            if isinstance(st_value, str):\n                stacktrace = st_value.split(\"\\n\")\n            else:\n                stacktrace = []\n                try:\n                    for frame in st_value:\n                        line = frame.get(\"lineNumber\", \"\")\n                        file = frame.get(\"fileName\", \"<anonymous>\")\n                        if line:\n                            file = f\"{file}:{line}\"\n                        meth = frame.get(\"methodName\", \"<anonymous>\")\n                        if \"className\" in frame:\n                            meth = f\"{frame['className']}.{meth}\"\n                        msg = \"    at %s (%s)\"\n                        msg = msg % (meth, file)\n                        stacktrace.append(msg)\n                except TypeError:\n                    pass\n        if exception_class == UnexpectedAlertPresentException:\n            alert_text = None\n            if \"data\" in value:\n                alert_text = value[\"data\"].get(\"text\")\n            elif \"alert\" in value:\n                alert_text = value[\"alert\"].get(\"text\")\n            raise exception_class(message, screen, stacktrace, alert_text)  # type: ignore[call-arg]  # mypy is not smart enough here\n>       raise exception_class(message, screen, stacktrace)\nE       selenium.common.exceptions.NoSuchElementException: Message: no such element: Unable to locate element: {\"method\":\"xpath\",\"selector\":\"//input[@class='amount']\"}\nE         (Session info: headless chrome=118.0.5993.70); For documentation on this error, please visit: https://www.selenium.dev/documentation/webdriver/troubleshooting/errors#no-such-element-exception\nE       Stacktrace:\nE       #0 0x556f2ba14fb3 <unknown>\nE       #1 0x556f2b6e84a7 <unknown>\nE       #2 0x556f2b72fdd6 <unknown>\nE       #3 0x556f2b72fec1 <unknown>\nE       #4 0x556f2b76d354 <unknown>\nE       #5 0x556f2b75196d <unknown>\nE       #6 0x556f2b76ac02 <unknown>\nE       #7 0x556f2b751713 <unknown>\nE       #8 0x556f2b72418b <unknown>\nE       #9 0x556f2b724f7e <unknown>\nE       #10 0x556f2b9da8d8 <unknown>\nE       #11 0x556f2b9de800 <unknown>\nE       #12 0x556f2b9e8cfc <unknown>\nE       #13 0x556f2b9df418 <unknown>\nE       #14 0x556f2b9ac42f <unknown>\nE       #15 0x556f2ba034e8 <unknown>\nE       #16 0x556f2ba036b4 <unknown>\nE       #17 0x556f2ba14143 <unknown>\nE       #18 0x7f848f3a1044 <unknown>\n\n/usr/local/lib/python3.11/site-packages/selenium/webdriver/remote/errorhandler.py:229: NoSuchElementException","flaky":false,"newFailed":false,"newBroken":false,"newPassed":false,"retriesCount":0,"retriesStatusChange":false,"beforeStages":[{"name":"_session_faker","time":{"start":1697417360530,"stop":1697417360608,"duration":78},"status":"passed","steps":[],"attachments":[],"parameters":[],"shouldDisplayMessage":false,"stepsCount":0,"attachmentsCount":0,"hasContent":false},{"name":"clear_allure_results_folder","time":{"start":1697417360609,"stop":1697417360609,"duration":0},"status":"passed","steps":[],"attachments":[],"parameters":[],"shouldDisplayMessage":false,"stepsCount":0,"attachmentsCount":0,"hasContent":false},{"name":"driver","time":{"start":1697417812701,"stop":1697417813515,"duration":814},"status":"passed","steps":[],"attachments":[],"parameters":[],"shouldDisplayMessage":false,"stepsCount":0,"attachmentsCount":0,"hasContent":false},{"name":"setup","time":{"start":1697417813515,"stop":1697417813515,"duration":0},"status":"passed","steps":[],"attachments":[],"parameters":[],"shouldDisplayMessage":false,"stepsCount":0,"attachmentsCount":0,"hasContent":false}],"testStage":{"status":"skipped","statusMessage":"XFAIL\n\nselenium.common.exceptions.NoSuchElementException: Message: no such element: Unable to locate element: {\"method\":\"xpath\",\"selector\":\"//input[@class='amount']\"}\n  (Session info: headless chrome=118.0.5993.70); For documentation on this error, please visit: https://www.selenium.dev/documentation/webdriver/troubleshooting/errors#no-such-element-exception\nStacktrace:\n#0 0x556f2ba14fb3 <unknown>\n#1 0x556f2b6e84a7 <unknown>\n#2 0x556f2b72fdd6 <unknown>\n#3 0x556f2b72fec1 <unknown>\n#4 0x556f2b76d354 <unknown>\n#5 0x556f2b75196d <unknown>\n#6 0x556f2b76ac02 <unknown>\n#7 0x556f2b751713 <unknown>\n#8 0x556f2b72418b <unknown>\n#9 0x556f2b724f7e <unknown>\n#10 0x556f2b9da8d8 <unknown>\n#11 0x556f2b9de800 <unknown>\n#12 0x556f2b9e8cfc <unknown>\n#13 0x556f2b9df418 <unknown>\n#14 0x556f2b9ac42f <unknown>\n#15 0x556f2ba034e8 <unknown>\n#16 0x556f2ba036b4 <unknown>\n#17 0x556f2ba14143 <unknown>\n#18 0x7f848f3a1044 <unknown>","statusTrace":"self = <tests.delivery.test_delivery_calculation.TestDeliveryPageCalculation object at 0x7fcd309d0750>\ndriver = <selenium.webdriver.chrome.webdriver.WebDriver (session=\"89e15fae06760143e45c1baccf173a1c\")>\nurl = 'https://sandboxtest.stroyrem-nn.ru/', case_id = 'TD 026'\nlink_item = 'products/shtukaturka-gipsovaya-aksolit-m50-30-kg-mashinnogo-naneseniya'\namount = 366, weight = 11000, standard = 8000, in_time = 14900, all_time = 19900\n\n    @pytest.mark.parametrize('case_id, link_item, amount, weight, standard, in_time, all_time', [\n        (\"TD 015\", bundeks_25, 1, 30, 650, 2390, 3320),\n        pytest.param(\n            \"TD 016\", aksolit_30, 8, 300, 650, 2390, 3320,\n            marks=pytest.mark.xfail(reson=\"Цена доставки: - - -\")\n        ),\n        (\"TD 017\", aksolit_30, 13, 400, 650, 2390, 3320),\n        (\"TD 018\", aksolit_30, 16, 500, 850, 2490, 3320),\n        (\"TD 019\", aksolit_30, 25, 1700, 1150, 2490, 3320),\n        (\"TD 020\", aksolit_30, 66, 2000, 1500, 2990, 3650),\n        (\"TD 021\", aksolit_30, 149, 4500, 2600, 4380, 4890),\n        (\"TD 022\", aksolit_30, 166, 5000, 2800, 5490, 5980),\n        pytest.param(\n            \"TD 023\", aksolit_30, 206, 6200, 3300, 7500, 8000,\n            marks=pytest.mark.xfail(reson=\"Цена доставки: 4300 9900 11440\")\n        ),\n        (\"TD 024\", aksolit_30, 299, 9000, 4300, 9900, 11440),\n        (\"TD 025\", aksolit_30, 333, 10000, 7000, 13900, 15900),\n        pytest.param(\n            \"TD 026\", aksolit_30, 366, 11000, 8000, 14900, 19900,\n            marks=pytest.mark.xfail(reson=\"Цена доставки: 7000 13900 15900\")\n        ),\n        pytest.param(\n            \"TD 027\", aksolit_30, 666, 20000, 14000, 16900, 23900,\n            marks=pytest.mark.xfail(reson=\"Цена доставки: 7000 13900 15900\")\n        )\n    ])\n    @pytest.mark.xfail\n    @pytest.mark.smoke_test\n    def test_positive_delivery_blue_zone_smoke(\n            self, driver, url, case_id, link_item, amount, weight, standard, in_time, all_time\n    ):\n        allure.dynamic.title(f\"{case_id} Доставка товара весом до {weight}кг. в синей зоне\")\n    \n        driver.get(f'{url}{link_item}')\n        item_page = ItemPage(driver)\n>       item_page.add_item_to_cart(amount).click_on_cart()\n\ntests/delivery/test_delivery_calculation.py:132: \n_ _ _ _ _ _ _ _ _ _ _ _ _ _ _ _ _ _ _ _ _ _ _ _ _ _ _ _ _ _ _ _ _ _ _ _ _ _ _ _ \npages/item_page.py:41: in add_item_to_cart\n    amount_field = self.find_element(self._item_amount)\nbase/seleniumbase.py:17: in find_element\n    return self.driver.find_element(*locator)\n/usr/local/lib/python3.11/site-packages/selenium/webdriver/remote/webdriver.py:739: in find_element\n    return self.execute(Command.FIND_ELEMENT, {\"using\": by, \"value\": value})[\"value\"]\n/usr/local/lib/python3.11/site-packages/selenium/webdriver/remote/webdriver.py:345: in execute\n    self.error_handler.check_response(response)\n_ _ _ _ _ _ _ _ _ _ _ _ _ _ _ _ _ _ _ _ _ _ _ _ _ _ _ _ _ _ _ _ _ _ _ _ _ _ _ _ \n\nself = <selenium.webdriver.remote.errorhandler.ErrorHandler object at 0x7fcd3176b3d0>\nresponse = {'status': 404, 'value': '{\"value\":{\"error\":\"no such element\",\"message\":\"no such element: Unable to locate element: {\\...\\\\n#16 0x556f2ba036b4 \\\\u003Cunknown>\\\\n#17 0x556f2ba14143 \\\\u003Cunknown>\\\\n#18 0x7f848f3a1044 \\\\u003Cunknown>\\\\n\"}}'}\n\n    def check_response(self, response: Dict[str, Any]) -> None:\n        \"\"\"Checks that a JSON response from the WebDriver does not have an\n        error.\n    \n        :Args:\n         - response - The JSON response from the WebDriver server as a dictionary\n           object.\n    \n        :Raises: If the response contains an error message.\n        \"\"\"\n        status = response.get(\"status\", None)\n        if not status or status == ErrorCode.SUCCESS:\n            return\n        value = None\n        message = response.get(\"message\", \"\")\n        screen: str = response.get(\"screen\", \"\")\n        stacktrace = None\n        if isinstance(status, int):\n            value_json = response.get(\"value\", None)\n            if value_json and isinstance(value_json, str):\n                import json\n    \n                try:\n                    value = json.loads(value_json)\n                    if len(value) == 1:\n                        value = value[\"value\"]\n                    status = value.get(\"error\", None)\n                    if not status:\n                        status = value.get(\"status\", ErrorCode.UNKNOWN_ERROR)\n                        message = value.get(\"value\") or value.get(\"message\")\n                        if not isinstance(message, str):\n                            value = message\n                            message = message.get(\"message\")\n                    else:\n                        message = value.get(\"message\", None)\n                except ValueError:\n                    pass\n    \n        exception_class: Type[WebDriverException]\n        e = ErrorCode()\n        error_codes = [item for item in dir(e) if not item.startswith(\"__\")]\n        for error_code in error_codes:\n            error_info = getattr(ErrorCode, error_code)\n            if isinstance(error_info, list) and status in error_info:\n                exception_class = getattr(ExceptionMapping, error_code, WebDriverException)\n                break\n        else:\n            exception_class = WebDriverException\n    \n        if not value:\n            value = response[\"value\"]\n        if isinstance(value, str):\n            raise exception_class(value)\n        if message == \"\" and \"message\" in value:\n            message = value[\"message\"]\n    \n        screen = None  # type: ignore[assignment]\n        if \"screen\" in value:\n            screen = value[\"screen\"]\n    \n        stacktrace = None\n        st_value = value.get(\"stackTrace\") or value.get(\"stacktrace\")\n        if st_value:\n            if isinstance(st_value, str):\n                stacktrace = st_value.split(\"\\n\")\n            else:\n                stacktrace = []\n                try:\n                    for frame in st_value:\n                        line = frame.get(\"lineNumber\", \"\")\n                        file = frame.get(\"fileName\", \"<anonymous>\")\n                        if line:\n                            file = f\"{file}:{line}\"\n                        meth = frame.get(\"methodName\", \"<anonymous>\")\n                        if \"className\" in frame:\n                            meth = f\"{frame['className']}.{meth}\"\n                        msg = \"    at %s (%s)\"\n                        msg = msg % (meth, file)\n                        stacktrace.append(msg)\n                except TypeError:\n                    pass\n        if exception_class == UnexpectedAlertPresentException:\n            alert_text = None\n            if \"data\" in value:\n                alert_text = value[\"data\"].get(\"text\")\n            elif \"alert\" in value:\n                alert_text = value[\"alert\"].get(\"text\")\n            raise exception_class(message, screen, stacktrace, alert_text)  # type: ignore[call-arg]  # mypy is not smart enough here\n>       raise exception_class(message, screen, stacktrace)\nE       selenium.common.exceptions.NoSuchElementException: Message: no such element: Unable to locate element: {\"method\":\"xpath\",\"selector\":\"//input[@class='amount']\"}\nE         (Session info: headless chrome=118.0.5993.70); For documentation on this error, please visit: https://www.selenium.dev/documentation/webdriver/troubleshooting/errors#no-such-element-exception\nE       Stacktrace:\nE       #0 0x556f2ba14fb3 <unknown>\nE       #1 0x556f2b6e84a7 <unknown>\nE       #2 0x556f2b72fdd6 <unknown>\nE       #3 0x556f2b72fec1 <unknown>\nE       #4 0x556f2b76d354 <unknown>\nE       #5 0x556f2b75196d <unknown>\nE       #6 0x556f2b76ac02 <unknown>\nE       #7 0x556f2b751713 <unknown>\nE       #8 0x556f2b72418b <unknown>\nE       #9 0x556f2b724f7e <unknown>\nE       #10 0x556f2b9da8d8 <unknown>\nE       #11 0x556f2b9de800 <unknown>\nE       #12 0x556f2b9e8cfc <unknown>\nE       #13 0x556f2b9df418 <unknown>\nE       #14 0x556f2b9ac42f <unknown>\nE       #15 0x556f2ba034e8 <unknown>\nE       #16 0x556f2ba036b4 <unknown>\nE       #17 0x556f2ba14143 <unknown>\nE       #18 0x7f848f3a1044 <unknown>\n\n/usr/local/lib/python3.11/site-packages/selenium/webdriver/remote/errorhandler.py:229: NoSuchElementException","steps":[{"name":"Добавляем товар в корзину в количестве 366","time":{"start":1697417819235,"stop":1697417819309,"duration":74},"status":"broken","statusMessage":"selenium.common.exceptions.NoSuchElementException: Message: no such element: Unable to locate element: {\"method\":\"xpath\",\"selector\":\"//input[@class='amount']\"}\n  (Session info: headless chrome=118.0.5993.70); For documentation on this error, please visit: https://www.selenium.dev/documentation/webdriver/troubleshooting/errors#no-such-element-exception\nStacktrace:\n#0 0x556f2ba14fb3 <unknown>\n#1 0x556f2b6e84a7 <unknown>\n#2 0x556f2b72fdd6 <unknown>\n#3 0x556f2b72fec1 <unknown>\n#4 0x556f2b76d354 <unknown>\n#5 0x556f2b75196d <unknown>\n#6 0x556f2b76ac02 <unknown>\n#7 0x556f2b751713 <unknown>\n#8 0x556f2b72418b <unknown>\n#9 0x556f2b724f7e <unknown>\n#10 0x556f2b9da8d8 <unknown>\n#11 0x556f2b9de800 <unknown>\n#12 0x556f2b9e8cfc <unknown>\n#13 0x556f2b9df418 <unknown>\n#14 0x556f2b9ac42f <unknown>\n#15 0x556f2ba034e8 <unknown>\n#16 0x556f2ba036b4 <unknown>\n#17 0x556f2ba14143 <unknown>\n#18 0x7f848f3a1044 <unknown>\n\n","statusTrace":"  File \"/usr/local/lib/python3.11/site-packages/allure_commons/_allure.py\", line 192, in impl\n    return func(*a, **kw)\n           ^^^^^^^^^^^^^^\n  File \"/app/pages/item_page.py\", line 41, in add_item_to_cart\n    amount_field = self.find_element(self._item_amount)\n                   ^^^^^^^^^^^^^^^^^^^^^^^^^^^^^^^^^^^^\n  File \"/app/base/seleniumbase.py\", line 17, in find_element\n    return self.driver.find_element(*locator)\n           ^^^^^^^^^^^^^^^^^^^^^^^^^^^^^^^^^^\n  File \"/usr/local/lib/python3.11/site-packages/selenium/webdriver/remote/webdriver.py\", line 739, in find_element\n    return self.execute(Command.FIND_ELEMENT, {\"using\": by, \"value\": value})[\"value\"]\n           ^^^^^^^^^^^^^^^^^^^^^^^^^^^^^^^^^^^^^^^^^^^^^^^^^^^^^^^^^^^^^^^^^\n  File \"/usr/local/lib/python3.11/site-packages/selenium/webdriver/remote/webdriver.py\", line 345, in execute\n    self.error_handler.check_response(response)\n  File \"/usr/local/lib/python3.11/site-packages/selenium/webdriver/remote/errorhandler.py\", line 229, in check_response\n    raise exception_class(message, screen, stacktrace)\n","steps":[],"attachments":[],"parameters":[{"name":"amount","value":"366"}],"shouldDisplayMessage":true,"stepsCount":0,"attachmentsCount":0,"hasContent":true}],"attachments":[{"uid":"4e8225898173b1a3","name":"Screenshot","source":"4e8225898173b1a3.png","type":"image/png","size":115043},{"uid":"f417e329aa897bac","name":"HTML source","source":"f417e329aa897bac.html","type":"text/html","size":303985}],"parameters":[],"shouldDisplayMessage":true,"stepsCount":1,"attachmentsCount":2,"hasContent":true},"afterStages":[{"name":"setup::0","time":{"start":1697417819491,"stop":1697417819491,"duration":0},"status":"passed","steps":[],"attachments":[],"parameters":[],"shouldDisplayMessage":false,"stepsCount":0,"attachmentsCount":0,"hasContent":false},{"name":"driver::0","time":{"start":1697417819492,"stop":1697417819550,"duration":58},"status":"passed","steps":[],"attachments":[],"parameters":[],"shouldDisplayMessage":false,"stepsCount":0,"attachmentsCount":0,"hasContent":false}],"labels":[{"name":"epic","value":"Delivery Page - calculation"},{"name":"tag","value":"smoke_test"},{"name":"tag","value":"@pytest.mark.xfail"},{"name":"parentSuite","value":"tests.delivery"},{"name":"suite","value":"test_delivery_calculation"},{"name":"subSuite","value":"TestDeliveryPageCalculation"},{"name":"host","value":"95ee38de1882"},{"name":"thread","value":"1-MainThread"},{"name":"framework","value":"pytest"},{"name":"language","value":"cpython3"},{"name":"package","value":"tests.delivery.test_delivery_calculation"},{"name":"resultFormat","value":"allure2"}],"parameters":[{"name":"all_time","value":"19900"},{"name":"amount","value":"366"},{"name":"case_id","value":"'TD 026'"},{"name":"in_time","value":"14900"},{"name":"link_item","value":"'products/shtukaturka-gipsovaya-aksolit-m50-30-kg-mashinnogo-naneseniya'"},{"name":"standard","value":"8000"},{"name":"url","value":"'https://sandboxtest.stroyrem-nn.ru/'"},{"name":"weight","value":"11000"}],"links":[],"hidden":false,"retry":false,"extra":{"severity":"normal","retries":[],"categories":[],"history":{"statistic":{"failed":0,"broken":0,"skipped":68,"passed":0,"unknown":0,"total":68},"items":[{"uid":"12359b71bcffcfb4","reportUrl":"https://Nat754.github.io/StroyremAutomation/95//#testresult/12359b71bcffcfb4","status":"skipped","statusDetails":"XFAIL\n\nselenium.common.exceptions.NoSuchElementException: Message: no such element: Unable to locate element: {\"method\":\"xpath\",\"selector\":\"(//a[@class='add-to-cart yellow-btn'])[1]\"}\n  (Session info: headless chrome=118.0.5993.70); For documentation on this error, please visit: https://www.selenium.dev/documentation/webdriver/troubleshooting/errors#no-such-element-exception\nStacktrace:\n#0 0x56221083bfb3 <unknown>\n#1 0x56221050f4a7 <unknown>\n#2 0x562210556dd6 <unknown>\n#3 0x562210556ec1 <unknown>\n#4 0x562210594354 <unknown>\n#5 0x56221057896d <unknown>\n#6 0x562210591c02 <unknown>\n#7 0x562210578713 <unknown>\n#8 0x56221054b18b <unknown>\n#9 0x56221054bf7e <unknown>\n#10 0x5622108018d8 <unknown>\n#11 0x562210805800 <unknown>\n#12 0x56221080fcfc <unknown>\n#13 0x562210806418 <unknown>\n#14 0x5622107d342f <unknown>\n#15 0x56221082a4e8 <unknown>\n#16 0x56221082a6b4 <unknown>\n#17 0x56221083b143 <unknown>\n#18 0x7fd1159e5044 <unknown>","time":{"start":1697331496690,"stop":1697331497356,"duration":666}},{"uid":"557165da70487588","reportUrl":"https://Nat754.github.io/StroyremAutomation/94//#testresult/557165da70487588","status":"skipped","statusDetails":"XFAIL\n\nselenium.common.exceptions.NoSuchElementException: Message: no such element: Unable to locate element: {\"method\":\"xpath\",\"selector\":\"//input[@class='amount']\"}\n  (Session info: headless chrome=118.0.5993.70); For documentation on this error, please visit: https://www.selenium.dev/documentation/webdriver/troubleshooting/errors#no-such-element-exception\nStacktrace:\n#0 0x55a3a3f35fb3 <unknown>\n#1 0x55a3a3c094a7 <unknown>\n#2 0x55a3a3c50dd6 <unknown>\n#3 0x55a3a3c50ec1 <unknown>\n#4 0x55a3a3c8e354 <unknown>\n#5 0x55a3a3c7296d <unknown>\n#6 0x55a3a3c8bc02 <unknown>\n#7 0x55a3a3c72713 <unknown>\n#8 0x55a3a3c4518b <unknown>\n#9 0x55a3a3c45f7e <unknown>\n#10 0x55a3a3efb8d8 <unknown>\n#11 0x55a3a3eff800 <unknown>\n#12 0x55a3a3f09cfc <unknown>\n#13 0x55a3a3f00418 <unknown>\n#14 0x55a3a3ecd42f <unknown>\n#15 0x55a3a3f244e8 <unknown>\n#16 0x55a3a3f246b4 <unknown>\n#17 0x55a3a3f35143 <unknown>\n#18 0x7f0bce235044 <unknown>","time":{"start":1697245080161,"stop":1697245092547,"duration":12386}},{"uid":"7860cb0966ebb6d","reportUrl":"https://Nat754.github.io/StroyremAutomation/93//#testresult/7860cb0966ebb6d","status":"skipped","statusDetails":"XFAIL\n\nselenium.common.exceptions.NoSuchElementException: Message: no such element: Unable to locate element: {\"method\":\"xpath\",\"selector\":\"(//a[@class='add-to-cart yellow-btn'])[1]\"}\n  (Session info: headless chrome=118.0.5993.70); For documentation on this error, please visit: https://www.selenium.dev/documentation/webdriver/troubleshooting/errors#no-such-element-exception\nStacktrace:\n#0 0x560c9b924fb3 <unknown>\n#1 0x560c9b5f84a7 <unknown>\n#2 0x560c9b63fdd6 <unknown>\n#3 0x560c9b63fec1 <unknown>\n#4 0x560c9b67d354 <unknown>\n#5 0x560c9b66196d <unknown>\n#6 0x560c9b67ac02 <unknown>\n#7 0x560c9b661713 <unknown>\n#8 0x560c9b63418b <unknown>\n#9 0x560c9b634f7e <unknown>\n#10 0x560c9b8ea8d8 <unknown>\n#11 0x560c9b8ee800 <unknown>\n#12 0x560c9b8f8cfc <unknown>\n#13 0x560c9b8ef418 <unknown>\n#14 0x560c9b8bc42f <unknown>\n#15 0x560c9b9134e8 <unknown>\n#16 0x560c9b9136b4 <unknown>\n#17 0x560c9b924143 <unknown>\n#18 0x7f0f99ab3044 <unknown>","time":{"start":1697158611620,"stop":1697158615896,"duration":4276}},{"uid":"38bbe57fd3d5ae85","reportUrl":"https://Nat754.github.io/StroyremAutomation/92//#testresult/38bbe57fd3d5ae85","status":"skipped","statusDetails":"XFAIL\n\nselenium.common.exceptions.NoSuchElementException: Message: no such element: Unable to locate element: {\"method\":\"xpath\",\"selector\":\"(//a[@class='add-to-cart yellow-btn'])[1]\"}\n  (Session info: headless chrome=118.0.5993.70); For documentation on this error, please visit: https://www.selenium.dev/documentation/webdriver/troubleshooting/errors#no-such-element-exception\nStacktrace:\n#0 0x5588dd17afb3 <unknown>\n#1 0x5588dce4e4a7 <unknown>\n#2 0x5588dce95dd6 <unknown>\n#3 0x5588dce95ec1 <unknown>\n#4 0x5588dced3354 <unknown>\n#5 0x5588dceb796d <unknown>\n#6 0x5588dced0c02 <unknown>\n#7 0x5588dceb7713 <unknown>\n#8 0x5588dce8a18b <unknown>\n#9 0x5588dce8af7e <unknown>\n#10 0x5588dd1408d8 <unknown>\n#11 0x5588dd144800 <unknown>\n#12 0x5588dd14ecfc <unknown>\n#13 0x5588dd145418 <unknown>\n#14 0x5588dd11242f <unknown>\n#15 0x5588dd1694e8 <unknown>\n#16 0x5588dd1696b4 <unknown>\n#17 0x5588dd17a143 <unknown>\n#18 0x7ff68ac70044 <unknown>","time":{"start":1697071964799,"stop":1697071968266,"duration":3467}},{"uid":"1865cfd20ecfdacd","reportUrl":"https://Nat754.github.io/StroyremAutomation/91//#testresult/1865cfd20ecfdacd","status":"skipped","statusDetails":"XFAIL\n\nselenium.common.exceptions.NoSuchElementException: Message: no such element: Unable to locate element: {\"method\":\"xpath\",\"selector\":\"(//a[@class='add-to-cart yellow-btn'])[1]\"}\n  (Session info: headless chrome=118.0.5993.70); For documentation on this error, please visit: https://www.selenium.dev/documentation/webdriver/troubleshooting/errors#no-such-element-exception\nStacktrace:\n#0 0x55b017b23fb3 <unknown>\n#1 0x55b0177f74a7 <unknown>\n#2 0x55b01783edd6 <unknown>\n#3 0x55b01783eec1 <unknown>\n#4 0x55b01787c354 <unknown>\n#5 0x55b01786096d <unknown>\n#6 0x55b017879c02 <unknown>\n#7 0x55b017860713 <unknown>\n#8 0x55b01783318b <unknown>\n#9 0x55b017833f7e <unknown>\n#10 0x55b017ae98d8 <unknown>\n#11 0x55b017aed800 <unknown>\n#12 0x55b017af7cfc <unknown>\n#13 0x55b017aee418 <unknown>\n#14 0x55b017abb42f <unknown>\n#15 0x55b017b124e8 <unknown>\n#16 0x55b017b126b4 <unknown>\n#17 0x55b017b23143 <unknown>\n#18 0x7f364ee4e044 <unknown>","time":{"start":1696985660772,"stop":1696985663682,"duration":2910}},{"uid":"e5693e099404ab00","reportUrl":"https://Nat754.github.io/StroyremAutomation/90//#testresult/e5693e099404ab00","status":"skipped","statusDetails":"XFAIL\n\nselenium.common.exceptions.NoSuchElementException: Message: no such element: Unable to locate element: {\"method\":\"xpath\",\"selector\":\"(//a[@class='add-to-cart yellow-btn'])[1]\"}\n  (Session info: headless chrome=117.0.5938.149); For documentation on this error, please visit: https://www.selenium.dev/documentation/webdriver/troubleshooting/errors#no-such-element-exception\nStacktrace:\n#0 0x55c55ab5e933 <unknown>\n#1 0x55c55a8386f7 <unknown>\n#2 0x55c55a87faa6 <unknown>\n#3 0x55c55a87fb91 <unknown>\n#4 0x55c55a8bcfc4 <unknown>\n#5 0x55c55a8a162d <unknown>\n#6 0x55c55a8ba857 <unknown>\n#7 0x55c55a8a13d3 <unknown>\n#8 0x55c55a873e64 <unknown>\n#9 0x55c55a874c4e <unknown>\n#10 0x55c55ab24558 <unknown>\n#11 0x55c55ab284a0 <unknown>\n#12 0x55c55ab3297c <unknown>\n#13 0x55c55ab290b8 <unknown>\n#14 0x55c55aaf4cdf <unknown>\n#15 0x55c55ab4d048 <unknown>\n#16 0x55c55ab4d219 <unknown>\n#17 0x55c55ab5dac3 <unknown>\n#18 0x7f985946b044 <unknown>","time":{"start":1696899184176,"stop":1696899184674,"duration":498}},{"uid":"fd399c33fc3451be","reportUrl":"https://Nat754.github.io/StroyremAutomation/89//#testresult/fd399c33fc3451be","status":"skipped","statusDetails":"XFAIL\n\nselenium.common.exceptions.NoSuchElementException: Message: no such element: Unable to locate element: {\"method\":\"xpath\",\"selector\":\"(//a[@class='add-to-cart yellow-btn'])[1]\"}\n  (Session info: headless chrome=117.0.5938.149); For documentation on this error, please visit: https://www.selenium.dev/documentation/webdriver/troubleshooting/errors#no-such-element-exception\nStacktrace:\n#0 0x55628ed31933 <unknown>\n#1 0x55628ea0b6f7 <unknown>\n#2 0x55628ea52aa6 <unknown>\n#3 0x55628ea52b91 <unknown>\n#4 0x55628ea8ffc4 <unknown>\n#5 0x55628ea7462d <unknown>\n#6 0x55628ea8d857 <unknown>\n#7 0x55628ea743d3 <unknown>\n#8 0x55628ea46e64 <unknown>\n#9 0x55628ea47c4e <unknown>\n#10 0x55628ecf7558 <unknown>\n#11 0x55628ecfb4a0 <unknown>\n#12 0x55628ed0597c <unknown>\n#13 0x55628ecfc0b8 <unknown>\n#14 0x55628ecc7cdf <unknown>\n#15 0x55628ed20048 <unknown>\n#16 0x55628ed20219 <unknown>\n#17 0x55628ed30ac3 <unknown>\n#18 0x7f79c3fa6044 <unknown>","time":{"start":1696812802633,"stop":1696812803034,"duration":401}},{"uid":"2f3196ebdc2e64a3","reportUrl":"https://Nat754.github.io/StroyremAutomation/88//#testresult/2f3196ebdc2e64a3","status":"skipped","statusDetails":"XFAIL\n\nselenium.common.exceptions.NoSuchElementException: Message: no such element: Unable to locate element: {\"method\":\"xpath\",\"selector\":\"(//a[@class='add-to-cart yellow-btn'])[1]\"}\n  (Session info: headless chrome=117.0.5938.149); For documentation on this error, please visit: https://www.selenium.dev/documentation/webdriver/troubleshooting/errors#no-such-element-exception\nStacktrace:\n#0 0x55f12ef56933 <unknown>\n#1 0x55f12ec306f7 <unknown>\n#2 0x55f12ec77aa6 <unknown>\n#3 0x55f12ec77b91 <unknown>\n#4 0x55f12ecb4fc4 <unknown>\n#5 0x55f12ec9962d <unknown>\n#6 0x55f12ecb2857 <unknown>\n#7 0x55f12ec993d3 <unknown>\n#8 0x55f12ec6be64 <unknown>\n#9 0x55f12ec6cc4e <unknown>\n#10 0x55f12ef1c558 <unknown>\n#11 0x55f12ef204a0 <unknown>\n#12 0x55f12ef2a97c <unknown>\n#13 0x55f12ef210b8 <unknown>\n#14 0x55f12eeeccdf <unknown>\n#15 0x55f12ef45048 <unknown>\n#16 0x55f12ef45219 <unknown>\n#17 0x55f12ef55ac3 <unknown>\n#18 0x7f870ced9044 <unknown>","time":{"start":1696726717589,"stop":1696726718272,"duration":683}},{"uid":"b05878fddb16d3ad","reportUrl":"https://Nat754.github.io/StroyremAutomation/87//#testresult/b05878fddb16d3ad","status":"skipped","statusDetails":"XFAIL\n\nselenium.common.exceptions.NoSuchElementException: Message: no such element: Unable to locate element: {\"method\":\"xpath\",\"selector\":\"(//a[@class='add-to-cart yellow-btn'])[1]\"}\n  (Session info: headless chrome=117.0.5938.149); For documentation on this error, please visit: https://www.selenium.dev/documentation/webdriver/troubleshooting/errors#no-such-element-exception\nStacktrace:\n#0 0x558d50f0b933 <unknown>\n#1 0x558d50be56f7 <unknown>\n#2 0x558d50c2caa6 <unknown>\n#3 0x558d50c2cb91 <unknown>\n#4 0x558d50c69fc4 <unknown>\n#5 0x558d50c4e62d <unknown>\n#6 0x558d50c67857 <unknown>\n#7 0x558d50c4e3d3 <unknown>\n#8 0x558d50c20e64 <unknown>\n#9 0x558d50c21c4e <unknown>\n#10 0x558d50ed1558 <unknown>\n#11 0x558d50ed54a0 <unknown>\n#12 0x558d50edf97c <unknown>\n#13 0x558d50ed60b8 <unknown>\n#14 0x558d50ea1cdf <unknown>\n#15 0x558d50efa048 <unknown>\n#16 0x558d50efa219 <unknown>\n#17 0x558d50f0aac3 <unknown>\n#18 0x7fcb1d673044 <unknown>","time":{"start":1696639933534,"stop":1696639934013,"duration":479}},{"uid":"fb107a3239f85240","reportUrl":"https://Nat754.github.io/StroyremAutomation/86//#testresult/fb107a3239f85240","status":"skipped","statusDetails":"XFAIL\n\nselenium.common.exceptions.NoSuchElementException: Message: no such element: Unable to locate element: {\"method\":\"xpath\",\"selector\":\"(//a[@class='add-to-cart yellow-btn'])[1]\"}\n  (Session info: headless chrome=117.0.5938.149); For documentation on this error, please visit: https://www.selenium.dev/documentation/webdriver/troubleshooting/errors#no-such-element-exception\nStacktrace:\n#0 0x55e005c5f933 <unknown>\n#1 0x55e0059396f7 <unknown>\n#2 0x55e005980aa6 <unknown>\n#3 0x55e005980b91 <unknown>\n#4 0x55e0059bdfc4 <unknown>\n#5 0x55e0059a262d <unknown>\n#6 0x55e0059bb857 <unknown>\n#7 0x55e0059a23d3 <unknown>\n#8 0x55e005974e64 <unknown>\n#9 0x55e005975c4e <unknown>\n#10 0x55e005c25558 <unknown>\n#11 0x55e005c294a0 <unknown>\n#12 0x55e005c3397c <unknown>\n#13 0x55e005c2a0b8 <unknown>\n#14 0x55e005bf5cdf <unknown>\n#15 0x55e005c4e048 <unknown>\n#16 0x55e005c4e219 <unknown>\n#17 0x55e005c5eac3 <unknown>\n#18 0x7f62da091044 <unknown>","time":{"start":1696553578783,"stop":1696553579239,"duration":456}},{"uid":"4de8a534d2506868","reportUrl":"https://Nat754.github.io/StroyremAutomation/85//#testresult/4de8a534d2506868","status":"skipped","statusDetails":"XFAIL\n\nselenium.common.exceptions.NoSuchElementException: Message: no such element: Unable to locate element: {\"method\":\"xpath\",\"selector\":\"(//a[@class='add-to-cart yellow-btn'])[1]\"}\n  (Session info: headless chrome=117.0.5938.149); For documentation on this error, please visit: https://www.selenium.dev/documentation/webdriver/troubleshooting/errors#no-such-element-exception\nStacktrace:\n#0 0x558f147d8933 <unknown>\n#1 0x558f144b26f7 <unknown>\n#2 0x558f144f9aa6 <unknown>\n#3 0x558f144f9b91 <unknown>\n#4 0x558f14536fc4 <unknown>\n#5 0x558f1451b62d <unknown>\n#6 0x558f14534857 <unknown>\n#7 0x558f1451b3d3 <unknown>\n#8 0x558f144ede64 <unknown>\n#9 0x558f144eec4e <unknown>\n#10 0x558f1479e558 <unknown>\n#11 0x558f147a24a0 <unknown>\n#12 0x558f147ac97c <unknown>\n#13 0x558f147a30b8 <unknown>\n#14 0x558f1476ecdf <unknown>\n#15 0x558f147c7048 <unknown>\n#16 0x558f147c7219 <unknown>\n#17 0x558f147d7ac3 <unknown>\n#18 0x7f0b906fc044 <unknown>","time":{"start":1696467303226,"stop":1696467304083,"duration":857}},{"uid":"c3aed563a99e06fb","reportUrl":"https://Nat754.github.io/StroyremAutomation/84//#testresult/c3aed563a99e06fb","status":"skipped","statusDetails":"XFAIL\n\nselenium.common.exceptions.NoSuchElementException: Message: no such element: Unable to locate element: {\"method\":\"xpath\",\"selector\":\"(//a[@class='add-to-cart yellow-btn'])[1]\"}\n  (Session info: headless chrome=117.0.5938.92); For documentation on this error, please visit: https://www.selenium.dev/documentation/webdriver/troubleshooting/errors#no-such-element-exception\nStacktrace:\n#0 0x55a801cbc6b3 <unknown>\n#1 0x55a8019921e7 <unknown>\n#2 0x55a8019d9566 <unknown>\n#3 0x55a8019d9651 <unknown>\n#4 0x55a801a16a74 <unknown>\n#5 0x55a8019fb0ed <unknown>\n#6 0x55a801a14322 <unknown>\n#7 0x55a8019fae93 <unknown>\n#8 0x55a8019cd934 <unknown>\n#9 0x55a8019ce71e <unknown>\n#10 0x55a801c81cb8 <unknown>\n#11 0x55a801c85bf0 <unknown>\n#12 0x55a801c9019c <unknown>\n#13 0x55a801c86808 <unknown>\n#14 0x55a801c5327f <unknown>\n#15 0x55a801caae88 <unknown>\n#16 0x55a801cab059 <unknown>\n#17 0x55a801cbb843 <unknown>\n#18 0x7fa1d73d0044 <unknown>","time":{"start":1696380828395,"stop":1696380828893,"duration":498}},{"uid":"b4cb53a8ec8f6270","reportUrl":"https://Nat754.github.io/StroyremAutomation/83//#testresult/b4cb53a8ec8f6270","status":"skipped","statusDetails":"XFAIL\n\nselenium.common.exceptions.NoSuchElementException: Message: no such element: Unable to locate element: {\"method\":\"xpath\",\"selector\":\"(//a[@class='add-to-cart yellow-btn'])[1]\"}\n  (Session info: headless chrome=117.0.5938.92); For documentation on this error, please visit: https://www.selenium.dev/documentation/webdriver/troubleshooting/errors#no-such-element-exception\nStacktrace:\n#0 0x5614ef4e46b3 <unknown>\n#1 0x5614ef1ba1e7 <unknown>\n#2 0x5614ef201566 <unknown>\n#3 0x5614ef201651 <unknown>\n#4 0x5614ef23ea74 <unknown>\n#5 0x5614ef2230ed <unknown>\n#6 0x5614ef23c322 <unknown>\n#7 0x5614ef222e93 <unknown>\n#8 0x5614ef1f5934 <unknown>\n#9 0x5614ef1f671e <unknown>\n#10 0x5614ef4a9cb8 <unknown>\n#11 0x5614ef4adbf0 <unknown>\n#12 0x5614ef4b819c <unknown>\n#13 0x5614ef4ae808 <unknown>\n#14 0x5614ef47b27f <unknown>\n#15 0x5614ef4d2e88 <unknown>\n#16 0x5614ef4d3059 <unknown>\n#17 0x5614ef4e3843 <unknown>\n#18 0x7f9971bf8044 <unknown>","time":{"start":1696294412245,"stop":1696294412776,"duration":531}},{"uid":"a12b5c3cf75cb3aa","reportUrl":"https://Nat754.github.io/StroyremAutomation/82//#testresult/a12b5c3cf75cb3aa","status":"skipped","statusDetails":"XFAIL\n\nselenium.common.exceptions.NoSuchElementException: Message: no such element: Unable to locate element: {\"method\":\"xpath\",\"selector\":\"(//a[@class='add-to-cart yellow-btn'])[1]\"}\n  (Session info: headless chrome=117.0.5938.92); For documentation on this error, please visit: https://www.selenium.dev/documentation/webdriver/troubleshooting/errors#no-such-element-exception\nStacktrace:\n#0 0x55e850c856b3 <unknown>\n#1 0x55e85095b1e7 <unknown>\n#2 0x55e8509a2566 <unknown>\n#3 0x55e8509a2651 <unknown>\n#4 0x55e8509dfa74 <unknown>\n#5 0x55e8509c40ed <unknown>\n#6 0x55e8509dd322 <unknown>\n#7 0x55e8509c3e93 <unknown>\n#8 0x55e850996934 <unknown>\n#9 0x55e85099771e <unknown>\n#10 0x55e850c4acb8 <unknown>\n#11 0x55e850c4ebf0 <unknown>\n#12 0x55e850c5919c <unknown>\n#13 0x55e850c4f808 <unknown>\n#14 0x55e850c1c27f <unknown>\n#15 0x55e850c73e88 <unknown>\n#16 0x55e850c74059 <unknown>\n#17 0x55e850c84843 <unknown>\n#18 0x7fc901ad5044 <unknown>","time":{"start":1696282108317,"stop":1696282108961,"duration":644}},{"uid":"b5769e41ef39379e","reportUrl":"https://Nat754.github.io/StroyremAutomation/81//#testresult/b5769e41ef39379e","status":"skipped","statusDetails":"XFAIL\n\nselenium.common.exceptions.NoSuchElementException: Message: no such element: Unable to locate element: {\"method\":\"xpath\",\"selector\":\"(//a[@class='add-to-cart yellow-btn'])[1]\"}\n  (Session info: headless chrome=117.0.5938.92); For documentation on this error, please visit: https://www.selenium.dev/documentation/webdriver/troubleshooting/errors#no-such-element-exception\nStacktrace:\n#0 0x55b35be976b3 <unknown>\n#1 0x55b35bb6d1e7 <unknown>\n#2 0x55b35bbb4566 <unknown>\n#3 0x55b35bbb4651 <unknown>\n#4 0x55b35bbf1a74 <unknown>\n#5 0x55b35bbd60ed <unknown>\n#6 0x55b35bbef322 <unknown>\n#7 0x55b35bbd5e93 <unknown>\n#8 0x55b35bba8934 <unknown>\n#9 0x55b35bba971e <unknown>\n#10 0x55b35be5ccb8 <unknown>\n#11 0x55b35be60bf0 <unknown>\n#12 0x55b35be6b19c <unknown>\n#13 0x55b35be61808 <unknown>\n#14 0x55b35be2e27f <unknown>\n#15 0x55b35be85e88 <unknown>\n#16 0x55b35be86059 <unknown>\n#17 0x55b35be96843 <unknown>\n#18 0x7f6fbb0a2044 <unknown>","time":{"start":1696258227072,"stop":1696258227603,"duration":531}},{"uid":"36ae3d0c38ac6f5d","reportUrl":"https://Nat754.github.io/StroyremAutomation/81//#testresult/36ae3d0c38ac6f5d","status":"skipped","statusDetails":"XFAIL\n\nselenium.common.exceptions.NoSuchElementException: Message: no such element: Unable to locate element: {\"method\":\"xpath\",\"selector\":\"(//a[@class='add-to-cart yellow-btn'])[1]\"}\n  (Session info: headless chrome=117.0.5938.92); For documentation on this error, please visit: https://www.selenium.dev/documentation/webdriver/troubleshooting/errors#no-such-element-exception\nStacktrace:\n#0 0x56488c5cc6b3 <unknown>\n#1 0x56488c2a21e7 <unknown>\n#2 0x56488c2e9566 <unknown>\n#3 0x56488c2e9651 <unknown>\n#4 0x56488c326a74 <unknown>\n#5 0x56488c30b0ed <unknown>\n#6 0x56488c324322 <unknown>\n#7 0x56488c30ae93 <unknown>\n#8 0x56488c2dd934 <unknown>\n#9 0x56488c2de71e <unknown>\n#10 0x56488c591cb8 <unknown>\n#11 0x56488c595bf0 <unknown>\n#12 0x56488c5a019c <unknown>\n#13 0x56488c596808 <unknown>\n#14 0x56488c56327f <unknown>\n#15 0x56488c5bae88 <unknown>\n#16 0x56488c5bb059 <unknown>\n#17 0x56488c5cb843 <unknown>\n#18 0x7f703de20044 <unknown>","time":{"start":1696208376774,"stop":1696208377209,"duration":435}},{"uid":"6014ecf36974927b","reportUrl":"https://Nat754.github.io/StroyremAutomation/80//#testresult/6014ecf36974927b","status":"skipped","statusDetails":"XFAIL\n\nselenium.common.exceptions.NoSuchElementException: Message: no such element: Unable to locate element: {\"method\":\"xpath\",\"selector\":\"(//a[@class='add-to-cart yellow-btn'])[1]\"}\n  (Session info: headless chrome=117.0.5938.92); For documentation on this error, please visit: https://www.selenium.dev/documentation/webdriver/troubleshooting/errors#no-such-element-exception\nStacktrace:\n#0 0x55c0bdf916b3 <unknown>\n#1 0x55c0bdc671e7 <unknown>\n#2 0x55c0bdcae566 <unknown>\n#3 0x55c0bdcae651 <unknown>\n#4 0x55c0bdceba74 <unknown>\n#5 0x55c0bdcd00ed <unknown>\n#6 0x55c0bdce9322 <unknown>\n#7 0x55c0bdccfe93 <unknown>\n#8 0x55c0bdca2934 <unknown>\n#9 0x55c0bdca371e <unknown>\n#10 0x55c0bdf56cb8 <unknown>\n#11 0x55c0bdf5abf0 <unknown>\n#12 0x55c0bdf6519c <unknown>\n#13 0x55c0bdf5b808 <unknown>\n#14 0x55c0bdf2827f <unknown>\n#15 0x55c0bdf7fe88 <unknown>\n#16 0x55c0bdf80059 <unknown>\n#17 0x55c0bdf90843 <unknown>\n#18 0x7fada1e00044 <unknown>","time":{"start":1696122360313,"stop":1696122360818,"duration":505}},{"uid":"9e00d73533e5cd16","reportUrl":"https://Nat754.github.io/StroyremAutomation/79//#testresult/9e00d73533e5cd16","status":"skipped","statusDetails":"XFAIL\n\nselenium.common.exceptions.NoSuchElementException: Message: no such element: Unable to locate element: {\"method\":\"xpath\",\"selector\":\"(//a[@class='add-to-cart yellow-btn'])[1]\"}\n  (Session info: headless chrome=117.0.5938.92); For documentation on this error, please visit: https://www.selenium.dev/documentation/webdriver/troubleshooting/errors#no-such-element-exception\nStacktrace:\n#0 0x556db17ab6b3 <unknown>\n#1 0x556db14811e7 <unknown>\n#2 0x556db14c8566 <unknown>\n#3 0x556db14c8651 <unknown>\n#4 0x556db1505a74 <unknown>\n#5 0x556db14ea0ed <unknown>\n#6 0x556db1503322 <unknown>\n#7 0x556db14e9e93 <unknown>\n#8 0x556db14bc934 <unknown>\n#9 0x556db14bd71e <unknown>\n#10 0x556db1770cb8 <unknown>\n#11 0x556db1774bf0 <unknown>\n#12 0x556db177f19c <unknown>\n#13 0x556db1775808 <unknown>\n#14 0x556db174227f <unknown>\n#15 0x556db1799e88 <unknown>\n#16 0x556db179a059 <unknown>\n#17 0x556db17aa843 <unknown>\n#18 0x7fd54319c044 <unknown>","time":{"start":1696035350765,"stop":1696035351210,"duration":445}},{"uid":"b9cc10e5253d6149","reportUrl":"https://Nat754.github.io/StroyremAutomation/78//#testresult/b9cc10e5253d6149","status":"skipped","statusDetails":"XFAIL\n\nselenium.common.exceptions.NoSuchElementException: Message: no such element: Unable to locate element: {\"method\":\"xpath\",\"selector\":\"(//a[@class='add-to-cart yellow-btn'])[1]\"}\n  (Session info: headless chrome=117.0.5938.92); For documentation on this error, please visit: https://www.selenium.dev/documentation/webdriver/troubleshooting/errors#no-such-element-exception\nStacktrace:\n#0 0x55b91b4776b3 <unknown>\n#1 0x55b91b14d1e7 <unknown>\n#2 0x55b91b194566 <unknown>\n#3 0x55b91b194651 <unknown>\n#4 0x55b91b1d1a74 <unknown>\n#5 0x55b91b1b60ed <unknown>\n#6 0x55b91b1cf322 <unknown>\n#7 0x55b91b1b5e93 <unknown>\n#8 0x55b91b188934 <unknown>\n#9 0x55b91b18971e <unknown>\n#10 0x55b91b43ccb8 <unknown>\n#11 0x55b91b440bf0 <unknown>\n#12 0x55b91b44b19c <unknown>\n#13 0x55b91b441808 <unknown>\n#14 0x55b91b40e27f <unknown>\n#15 0x55b91b465e88 <unknown>\n#16 0x55b91b466059 <unknown>\n#17 0x55b91b476843 <unknown>\n#18 0x7fcf42265044 <unknown>","time":{"start":1695949080056,"stop":1695949080458,"duration":402}},{"uid":"82bbf691954a9cf0","reportUrl":"https://Nat754.github.io/StroyremAutomation/77//#testresult/82bbf691954a9cf0","status":"skipped","statusDetails":"XFAIL\n\nselenium.common.exceptions.NoSuchElementException: Message: no such element: Unable to locate element: {\"method\":\"xpath\",\"selector\":\"(//a[@class='add-to-cart yellow-btn'])[1]\"}\n  (Session info: headless chrome=117.0.5938.92); For documentation on this error, please visit: https://www.selenium.dev/documentation/webdriver/troubleshooting/errors#no-such-element-exception\nStacktrace:\n#0 0x5648f3f536b3 <unknown>\n#1 0x5648f3c291e7 <unknown>\n#2 0x5648f3c70566 <unknown>\n#3 0x5648f3c70651 <unknown>\n#4 0x5648f3cada74 <unknown>\n#5 0x5648f3c920ed <unknown>\n#6 0x5648f3cab322 <unknown>\n#7 0x5648f3c91e93 <unknown>\n#8 0x5648f3c64934 <unknown>\n#9 0x5648f3c6571e <unknown>\n#10 0x5648f3f18cb8 <unknown>\n#11 0x5648f3f1cbf0 <unknown>\n#12 0x5648f3f2719c <unknown>\n#13 0x5648f3f1d808 <unknown>\n#14 0x5648f3eea27f <unknown>\n#15 0x5648f3f41e88 <unknown>\n#16 0x5648f3f42059 <unknown>\n#17 0x5648f3f52843 <unknown>\n#18 0x7f7646123044 <unknown>","time":{"start":1695862845449,"stop":1695862846087,"duration":638}}]},"tags":["@pytest.mark.xfail","smoke_test"]},"source":"1209be20406b834.json","parameterValues":["19900","366","'TD 026'","14900","'products/shtukaturka-gipsovaya-aksolit-m50-30-kg-mashinnogo-naneseniya'","8000","'https://sandboxtest.stroyrem-nn.ru/'","11000"]}