{"uid":"95318a502e1ea381","name":"test_positive_delivery_green_zone_smoke[TD 011-products/shtukaturka-gipsovaya-aksolit-m50-30-kg-mashinnogo-naneseniya-299-9000-3600-7960-8980-https://sandboxtest.stroyrem-nn.ru/]","fullName":"tests.delivery.test_delivery_calculation.TestDeliveryPageCalculation#test_positive_delivery_green_zone_smoke","historyId":"100ca5819a1aaf944b508696eeea00de","time":{"start":1697417710639,"stop":1697417717016,"duration":6377},"status":"skipped","statusMessage":"XFAIL\n\nselenium.common.exceptions.NoSuchElementException: Message: no such element: Unable to locate element: {\"method\":\"xpath\",\"selector\":\"//input[@class='amount']\"}\n  (Session info: headless chrome=118.0.5993.70); For documentation on this error, please visit: https://www.selenium.dev/documentation/webdriver/troubleshooting/errors#no-such-element-exception\nStacktrace:\n#0 0x55bcbabf1fb3 <unknown>\n#1 0x55bcba8c54a7 <unknown>\n#2 0x55bcba90cdd6 <unknown>\n#3 0x55bcba90cec1 <unknown>\n#4 0x55bcba94a354 <unknown>\n#5 0x55bcba92e96d <unknown>\n#6 0x55bcba947c02 <unknown>\n#7 0x55bcba92e713 <unknown>\n#8 0x55bcba90118b <unknown>\n#9 0x55bcba901f7e <unknown>\n#10 0x55bcbabb78d8 <unknown>\n#11 0x55bcbabbb800 <unknown>\n#12 0x55bcbabc5cfc <unknown>\n#13 0x55bcbabbc418 <unknown>\n#14 0x55bcbab8942f <unknown>\n#15 0x55bcbabe04e8 <unknown>\n#16 0x55bcbabe06b4 <unknown>\n#17 0x55bcbabf1143 <unknown>\n#18 0x7f74594f0044 <unknown>","statusTrace":"self = <tests.delivery.test_delivery_calculation.TestDeliveryPageCalculation object at 0x7fcd30872690>\ndriver = <selenium.webdriver.chrome.webdriver.WebDriver (session=\"827a5c87af7ba76bfb5f63395bf42301\")>\nurl = 'https://sandboxtest.stroyrem-nn.ru/', case_id = 'TD 011'\nlink_item = 'products/shtukaturka-gipsovaya-aksolit-m50-30-kg-mashinnogo-naneseniya'\namount = 299, weight = 9000, standard = 3600, in_time = 7960, all_time = 8980\n\n    @pytest.mark.parametrize('case_id, link_item, amount, weight, standard, in_time, all_time', [\n        (\"TD 001\", uroven_3000, 1, 30, 0, 1590, 2190),\n        (\"TD 002\", bundeks_25, 1, 30, 400, 1590, 2190),\n        (\"TD 003\", aksolit_30, 8, 300, 400, 1590, 2190),\n        (\"TD 004\", aksolit_30, 13, 400, 450, 1590, 2190),\n        (\"TD 005\", aksolit_30, 16, 500, 600, 1590, 2190),\n        (\"TD 006\", aksolit_30, 25, 1700, 990, 1990, 2480),\n        (\"TD 007\", aksolit_30, 66, 2000, 1300, 2490, 2980),\n        (\"TD 008\", aksolit_30, 149, 4500, 2300, 3980, 4490),\n        (\"TD 009\", aksolit_30, 166, 5000, 2500, 4990, 5480),\n        pytest.param(\n            \"TD 010\", aksolit_30, 206, 6200, 2900, 5570, 6120,\n            marks=pytest.mark.xfail(reson=\"Цена доставки 3600 7960 8980\")\n        ),\n        (\"TD 011\", aksolit_30, 299, 9000, 3600, 7960, 8980),\n        (\"TD 012\", aksolit_30, 333, 10000, 4450, 11990, 12500),\n        pytest.param(\n            \"TD 013\", aksolit_30, 366, 11000, 4800, 12450, 13480,\n            marks=pytest.mark.xfail(reason=\"Цена стандартной доставки 4450\")\n        ),\n        pytest.param(\n            \"TD 014\", aksolit_30, 666, 20000, 5400, 15600, 17490,\n            marks=pytest.mark.xfail(reason=\"Цена стандартной доставки 4450\")\n        )\n    ])\n    @pytest.mark.xfail\n    @pytest.mark.smoke_test\n    def test_positive_delivery_green_zone_smoke(\n            self, driver, url, case_id, link_item, amount, weight, standard, in_time, all_time\n    ):\n    \n        driver.get(f'{url}{link_item}')\n        item_page = ItemPage(driver)\n>       item_page.add_item_to_cart(amount).click_on_cart()\n\ntests/delivery/test_delivery_calculation.py:50: \n_ _ _ _ _ _ _ _ _ _ _ _ _ _ _ _ _ _ _ _ _ _ _ _ _ _ _ _ _ _ _ _ _ _ _ _ _ _ _ _ \npages/item_page.py:41: in add_item_to_cart\n    amount_field = self.find_element(self._item_amount)\nbase/seleniumbase.py:17: in find_element\n    return self.driver.find_element(*locator)\n/usr/local/lib/python3.11/site-packages/selenium/webdriver/remote/webdriver.py:739: in find_element\n    return self.execute(Command.FIND_ELEMENT, {\"using\": by, \"value\": value})[\"value\"]\n/usr/local/lib/python3.11/site-packages/selenium/webdriver/remote/webdriver.py:345: in execute\n    self.error_handler.check_response(response)\n_ _ _ _ _ _ _ _ _ _ _ _ _ _ _ _ _ _ _ _ _ _ _ _ _ _ _ _ _ _ _ _ _ _ _ _ _ _ _ _ \n\nself = <selenium.webdriver.remote.errorhandler.ErrorHandler object at 0x7fcd31b64490>\nresponse = {'status': 404, 'value': '{\"value\":{\"error\":\"no such element\",\"message\":\"no such element: Unable to locate element: {\\...\\\\n#16 0x55bcbabe06b4 \\\\u003Cunknown>\\\\n#17 0x55bcbabf1143 \\\\u003Cunknown>\\\\n#18 0x7f74594f0044 \\\\u003Cunknown>\\\\n\"}}'}\n\n    def check_response(self, response: Dict[str, Any]) -> None:\n        \"\"\"Checks that a JSON response from the WebDriver does not have an\n        error.\n    \n        :Args:\n         - response - The JSON response from the WebDriver server as a dictionary\n           object.\n    \n        :Raises: If the response contains an error message.\n        \"\"\"\n        status = response.get(\"status\", None)\n        if not status or status == ErrorCode.SUCCESS:\n            return\n        value = None\n        message = response.get(\"message\", \"\")\n        screen: str = response.get(\"screen\", \"\")\n        stacktrace = None\n        if isinstance(status, int):\n            value_json = response.get(\"value\", None)\n            if value_json and isinstance(value_json, str):\n                import json\n    \n                try:\n                    value = json.loads(value_json)\n                    if len(value) == 1:\n                        value = value[\"value\"]\n                    status = value.get(\"error\", None)\n                    if not status:\n                        status = value.get(\"status\", ErrorCode.UNKNOWN_ERROR)\n                        message = value.get(\"value\") or value.get(\"message\")\n                        if not isinstance(message, str):\n                            value = message\n                            message = message.get(\"message\")\n                    else:\n                        message = value.get(\"message\", None)\n                except ValueError:\n                    pass\n    \n        exception_class: Type[WebDriverException]\n        e = ErrorCode()\n        error_codes = [item for item in dir(e) if not item.startswith(\"__\")]\n        for error_code in error_codes:\n            error_info = getattr(ErrorCode, error_code)\n            if isinstance(error_info, list) and status in error_info:\n                exception_class = getattr(ExceptionMapping, error_code, WebDriverException)\n                break\n        else:\n            exception_class = WebDriverException\n    \n        if not value:\n            value = response[\"value\"]\n        if isinstance(value, str):\n            raise exception_class(value)\n        if message == \"\" and \"message\" in value:\n            message = value[\"message\"]\n    \n        screen = None  # type: ignore[assignment]\n        if \"screen\" in value:\n            screen = value[\"screen\"]\n    \n        stacktrace = None\n        st_value = value.get(\"stackTrace\") or value.get(\"stacktrace\")\n        if st_value:\n            if isinstance(st_value, str):\n                stacktrace = st_value.split(\"\\n\")\n            else:\n                stacktrace = []\n                try:\n                    for frame in st_value:\n                        line = frame.get(\"lineNumber\", \"\")\n                        file = frame.get(\"fileName\", \"<anonymous>\")\n                        if line:\n                            file = f\"{file}:{line}\"\n                        meth = frame.get(\"methodName\", \"<anonymous>\")\n                        if \"className\" in frame:\n                            meth = f\"{frame['className']}.{meth}\"\n                        msg = \"    at %s (%s)\"\n                        msg = msg % (meth, file)\n                        stacktrace.append(msg)\n                except TypeError:\n                    pass\n        if exception_class == UnexpectedAlertPresentException:\n            alert_text = None\n            if \"data\" in value:\n                alert_text = value[\"data\"].get(\"text\")\n            elif \"alert\" in value:\n                alert_text = value[\"alert\"].get(\"text\")\n            raise exception_class(message, screen, stacktrace, alert_text)  # type: ignore[call-arg]  # mypy is not smart enough here\n>       raise exception_class(message, screen, stacktrace)\nE       selenium.common.exceptions.NoSuchElementException: Message: no such element: Unable to locate element: {\"method\":\"xpath\",\"selector\":\"//input[@class='amount']\"}\nE         (Session info: headless chrome=118.0.5993.70); For documentation on this error, please visit: https://www.selenium.dev/documentation/webdriver/troubleshooting/errors#no-such-element-exception\nE       Stacktrace:\nE       #0 0x55bcbabf1fb3 <unknown>\nE       #1 0x55bcba8c54a7 <unknown>\nE       #2 0x55bcba90cdd6 <unknown>\nE       #3 0x55bcba90cec1 <unknown>\nE       #4 0x55bcba94a354 <unknown>\nE       #5 0x55bcba92e96d <unknown>\nE       #6 0x55bcba947c02 <unknown>\nE       #7 0x55bcba92e713 <unknown>\nE       #8 0x55bcba90118b <unknown>\nE       #9 0x55bcba901f7e <unknown>\nE       #10 0x55bcbabb78d8 <unknown>\nE       #11 0x55bcbabbb800 <unknown>\nE       #12 0x55bcbabc5cfc <unknown>\nE       #13 0x55bcbabbc418 <unknown>\nE       #14 0x55bcbab8942f <unknown>\nE       #15 0x55bcbabe04e8 <unknown>\nE       #16 0x55bcbabe06b4 <unknown>\nE       #17 0x55bcbabf1143 <unknown>\nE       #18 0x7f74594f0044 <unknown>\n\n/usr/local/lib/python3.11/site-packages/selenium/webdriver/remote/errorhandler.py:229: NoSuchElementException","flaky":false,"newFailed":false,"newBroken":false,"newPassed":false,"retriesCount":0,"retriesStatusChange":false,"beforeStages":[{"name":"_session_faker","time":{"start":1697417360530,"stop":1697417360608,"duration":78},"status":"passed","steps":[],"attachments":[],"parameters":[],"shouldDisplayMessage":false,"stepsCount":0,"attachmentsCount":0,"hasContent":false},{"name":"clear_allure_results_folder","time":{"start":1697417360609,"stop":1697417360609,"duration":0},"status":"passed","steps":[],"attachments":[],"parameters":[],"shouldDisplayMessage":false,"stepsCount":0,"attachmentsCount":0,"hasContent":false},{"name":"driver","time":{"start":1697417709822,"stop":1697417710638,"duration":816},"status":"passed","steps":[],"attachments":[],"parameters":[],"shouldDisplayMessage":false,"stepsCount":0,"attachmentsCount":0,"hasContent":false},{"name":"setup","time":{"start":1697417710638,"stop":1697417710638,"duration":0},"status":"passed","steps":[],"attachments":[],"parameters":[],"shouldDisplayMessage":false,"stepsCount":0,"attachmentsCount":0,"hasContent":false}],"testStage":{"status":"skipped","statusMessage":"XFAIL\n\nselenium.common.exceptions.NoSuchElementException: Message: no such element: Unable to locate element: {\"method\":\"xpath\",\"selector\":\"//input[@class='amount']\"}\n  (Session info: headless chrome=118.0.5993.70); For documentation on this error, please visit: https://www.selenium.dev/documentation/webdriver/troubleshooting/errors#no-such-element-exception\nStacktrace:\n#0 0x55bcbabf1fb3 <unknown>\n#1 0x55bcba8c54a7 <unknown>\n#2 0x55bcba90cdd6 <unknown>\n#3 0x55bcba90cec1 <unknown>\n#4 0x55bcba94a354 <unknown>\n#5 0x55bcba92e96d <unknown>\n#6 0x55bcba947c02 <unknown>\n#7 0x55bcba92e713 <unknown>\n#8 0x55bcba90118b <unknown>\n#9 0x55bcba901f7e <unknown>\n#10 0x55bcbabb78d8 <unknown>\n#11 0x55bcbabbb800 <unknown>\n#12 0x55bcbabc5cfc <unknown>\n#13 0x55bcbabbc418 <unknown>\n#14 0x55bcbab8942f <unknown>\n#15 0x55bcbabe04e8 <unknown>\n#16 0x55bcbabe06b4 <unknown>\n#17 0x55bcbabf1143 <unknown>\n#18 0x7f74594f0044 <unknown>","statusTrace":"self = <tests.delivery.test_delivery_calculation.TestDeliveryPageCalculation object at 0x7fcd30872690>\ndriver = <selenium.webdriver.chrome.webdriver.WebDriver (session=\"827a5c87af7ba76bfb5f63395bf42301\")>\nurl = 'https://sandboxtest.stroyrem-nn.ru/', case_id = 'TD 011'\nlink_item = 'products/shtukaturka-gipsovaya-aksolit-m50-30-kg-mashinnogo-naneseniya'\namount = 299, weight = 9000, standard = 3600, in_time = 7960, all_time = 8980\n\n    @pytest.mark.parametrize('case_id, link_item, amount, weight, standard, in_time, all_time', [\n        (\"TD 001\", uroven_3000, 1, 30, 0, 1590, 2190),\n        (\"TD 002\", bundeks_25, 1, 30, 400, 1590, 2190),\n        (\"TD 003\", aksolit_30, 8, 300, 400, 1590, 2190),\n        (\"TD 004\", aksolit_30, 13, 400, 450, 1590, 2190),\n        (\"TD 005\", aksolit_30, 16, 500, 600, 1590, 2190),\n        (\"TD 006\", aksolit_30, 25, 1700, 990, 1990, 2480),\n        (\"TD 007\", aksolit_30, 66, 2000, 1300, 2490, 2980),\n        (\"TD 008\", aksolit_30, 149, 4500, 2300, 3980, 4490),\n        (\"TD 009\", aksolit_30, 166, 5000, 2500, 4990, 5480),\n        pytest.param(\n            \"TD 010\", aksolit_30, 206, 6200, 2900, 5570, 6120,\n            marks=pytest.mark.xfail(reson=\"Цена доставки 3600 7960 8980\")\n        ),\n        (\"TD 011\", aksolit_30, 299, 9000, 3600, 7960, 8980),\n        (\"TD 012\", aksolit_30, 333, 10000, 4450, 11990, 12500),\n        pytest.param(\n            \"TD 013\", aksolit_30, 366, 11000, 4800, 12450, 13480,\n            marks=pytest.mark.xfail(reason=\"Цена стандартной доставки 4450\")\n        ),\n        pytest.param(\n            \"TD 014\", aksolit_30, 666, 20000, 5400, 15600, 17490,\n            marks=pytest.mark.xfail(reason=\"Цена стандартной доставки 4450\")\n        )\n    ])\n    @pytest.mark.xfail\n    @pytest.mark.smoke_test\n    def test_positive_delivery_green_zone_smoke(\n            self, driver, url, case_id, link_item, amount, weight, standard, in_time, all_time\n    ):\n    \n        driver.get(f'{url}{link_item}')\n        item_page = ItemPage(driver)\n>       item_page.add_item_to_cart(amount).click_on_cart()\n\ntests/delivery/test_delivery_calculation.py:50: \n_ _ _ _ _ _ _ _ _ _ _ _ _ _ _ _ _ _ _ _ _ _ _ _ _ _ _ _ _ _ _ _ _ _ _ _ _ _ _ _ \npages/item_page.py:41: in add_item_to_cart\n    amount_field = self.find_element(self._item_amount)\nbase/seleniumbase.py:17: in find_element\n    return self.driver.find_element(*locator)\n/usr/local/lib/python3.11/site-packages/selenium/webdriver/remote/webdriver.py:739: in find_element\n    return self.execute(Command.FIND_ELEMENT, {\"using\": by, \"value\": value})[\"value\"]\n/usr/local/lib/python3.11/site-packages/selenium/webdriver/remote/webdriver.py:345: in execute\n    self.error_handler.check_response(response)\n_ _ _ _ _ _ _ _ _ _ _ _ _ _ _ _ _ _ _ _ _ _ _ _ _ _ _ _ _ _ _ _ _ _ _ _ _ _ _ _ \n\nself = <selenium.webdriver.remote.errorhandler.ErrorHandler object at 0x7fcd31b64490>\nresponse = {'status': 404, 'value': '{\"value\":{\"error\":\"no such element\",\"message\":\"no such element: Unable to locate element: {\\...\\\\n#16 0x55bcbabe06b4 \\\\u003Cunknown>\\\\n#17 0x55bcbabf1143 \\\\u003Cunknown>\\\\n#18 0x7f74594f0044 \\\\u003Cunknown>\\\\n\"}}'}\n\n    def check_response(self, response: Dict[str, Any]) -> None:\n        \"\"\"Checks that a JSON response from the WebDriver does not have an\n        error.\n    \n        :Args:\n         - response - The JSON response from the WebDriver server as a dictionary\n           object.\n    \n        :Raises: If the response contains an error message.\n        \"\"\"\n        status = response.get(\"status\", None)\n        if not status or status == ErrorCode.SUCCESS:\n            return\n        value = None\n        message = response.get(\"message\", \"\")\n        screen: str = response.get(\"screen\", \"\")\n        stacktrace = None\n        if isinstance(status, int):\n            value_json = response.get(\"value\", None)\n            if value_json and isinstance(value_json, str):\n                import json\n    \n                try:\n                    value = json.loads(value_json)\n                    if len(value) == 1:\n                        value = value[\"value\"]\n                    status = value.get(\"error\", None)\n                    if not status:\n                        status = value.get(\"status\", ErrorCode.UNKNOWN_ERROR)\n                        message = value.get(\"value\") or value.get(\"message\")\n                        if not isinstance(message, str):\n                            value = message\n                            message = message.get(\"message\")\n                    else:\n                        message = value.get(\"message\", None)\n                except ValueError:\n                    pass\n    \n        exception_class: Type[WebDriverException]\n        e = ErrorCode()\n        error_codes = [item for item in dir(e) if not item.startswith(\"__\")]\n        for error_code in error_codes:\n            error_info = getattr(ErrorCode, error_code)\n            if isinstance(error_info, list) and status in error_info:\n                exception_class = getattr(ExceptionMapping, error_code, WebDriverException)\n                break\n        else:\n            exception_class = WebDriverException\n    \n        if not value:\n            value = response[\"value\"]\n        if isinstance(value, str):\n            raise exception_class(value)\n        if message == \"\" and \"message\" in value:\n            message = value[\"message\"]\n    \n        screen = None  # type: ignore[assignment]\n        if \"screen\" in value:\n            screen = value[\"screen\"]\n    \n        stacktrace = None\n        st_value = value.get(\"stackTrace\") or value.get(\"stacktrace\")\n        if st_value:\n            if isinstance(st_value, str):\n                stacktrace = st_value.split(\"\\n\")\n            else:\n                stacktrace = []\n                try:\n                    for frame in st_value:\n                        line = frame.get(\"lineNumber\", \"\")\n                        file = frame.get(\"fileName\", \"<anonymous>\")\n                        if line:\n                            file = f\"{file}:{line}\"\n                        meth = frame.get(\"methodName\", \"<anonymous>\")\n                        if \"className\" in frame:\n                            meth = f\"{frame['className']}.{meth}\"\n                        msg = \"    at %s (%s)\"\n                        msg = msg % (meth, file)\n                        stacktrace.append(msg)\n                except TypeError:\n                    pass\n        if exception_class == UnexpectedAlertPresentException:\n            alert_text = None\n            if \"data\" in value:\n                alert_text = value[\"data\"].get(\"text\")\n            elif \"alert\" in value:\n                alert_text = value[\"alert\"].get(\"text\")\n            raise exception_class(message, screen, stacktrace, alert_text)  # type: ignore[call-arg]  # mypy is not smart enough here\n>       raise exception_class(message, screen, stacktrace)\nE       selenium.common.exceptions.NoSuchElementException: Message: no such element: Unable to locate element: {\"method\":\"xpath\",\"selector\":\"//input[@class='amount']\"}\nE         (Session info: headless chrome=118.0.5993.70); For documentation on this error, please visit: https://www.selenium.dev/documentation/webdriver/troubleshooting/errors#no-such-element-exception\nE       Stacktrace:\nE       #0 0x55bcbabf1fb3 <unknown>\nE       #1 0x55bcba8c54a7 <unknown>\nE       #2 0x55bcba90cdd6 <unknown>\nE       #3 0x55bcba90cec1 <unknown>\nE       #4 0x55bcba94a354 <unknown>\nE       #5 0x55bcba92e96d <unknown>\nE       #6 0x55bcba947c02 <unknown>\nE       #7 0x55bcba92e713 <unknown>\nE       #8 0x55bcba90118b <unknown>\nE       #9 0x55bcba901f7e <unknown>\nE       #10 0x55bcbabb78d8 <unknown>\nE       #11 0x55bcbabbb800 <unknown>\nE       #12 0x55bcbabc5cfc <unknown>\nE       #13 0x55bcbabbc418 <unknown>\nE       #14 0x55bcbab8942f <unknown>\nE       #15 0x55bcbabe04e8 <unknown>\nE       #16 0x55bcbabe06b4 <unknown>\nE       #17 0x55bcbabf1143 <unknown>\nE       #18 0x7f74594f0044 <unknown>\n\n/usr/local/lib/python3.11/site-packages/selenium/webdriver/remote/errorhandler.py:229: NoSuchElementException","steps":[{"name":"Добавляем товар в корзину в количестве 299","time":{"start":1697417716944,"stop":1697417717015,"duration":71},"status":"broken","statusMessage":"selenium.common.exceptions.NoSuchElementException: Message: no such element: Unable to locate element: {\"method\":\"xpath\",\"selector\":\"//input[@class='amount']\"}\n  (Session info: headless chrome=118.0.5993.70); For documentation on this error, please visit: https://www.selenium.dev/documentation/webdriver/troubleshooting/errors#no-such-element-exception\nStacktrace:\n#0 0x55bcbabf1fb3 <unknown>\n#1 0x55bcba8c54a7 <unknown>\n#2 0x55bcba90cdd6 <unknown>\n#3 0x55bcba90cec1 <unknown>\n#4 0x55bcba94a354 <unknown>\n#5 0x55bcba92e96d <unknown>\n#6 0x55bcba947c02 <unknown>\n#7 0x55bcba92e713 <unknown>\n#8 0x55bcba90118b <unknown>\n#9 0x55bcba901f7e <unknown>\n#10 0x55bcbabb78d8 <unknown>\n#11 0x55bcbabbb800 <unknown>\n#12 0x55bcbabc5cfc <unknown>\n#13 0x55bcbabbc418 <unknown>\n#14 0x55bcbab8942f <unknown>\n#15 0x55bcbabe04e8 <unknown>\n#16 0x55bcbabe06b4 <unknown>\n#17 0x55bcbabf1143 <unknown>\n#18 0x7f74594f0044 <unknown>\n\n","statusTrace":"  File \"/usr/local/lib/python3.11/site-packages/allure_commons/_allure.py\", line 192, in impl\n    return func(*a, **kw)\n           ^^^^^^^^^^^^^^\n  File \"/app/pages/item_page.py\", line 41, in add_item_to_cart\n    amount_field = self.find_element(self._item_amount)\n                   ^^^^^^^^^^^^^^^^^^^^^^^^^^^^^^^^^^^^\n  File \"/app/base/seleniumbase.py\", line 17, in find_element\n    return self.driver.find_element(*locator)\n           ^^^^^^^^^^^^^^^^^^^^^^^^^^^^^^^^^^\n  File \"/usr/local/lib/python3.11/site-packages/selenium/webdriver/remote/webdriver.py\", line 739, in find_element\n    return self.execute(Command.FIND_ELEMENT, {\"using\": by, \"value\": value})[\"value\"]\n           ^^^^^^^^^^^^^^^^^^^^^^^^^^^^^^^^^^^^^^^^^^^^^^^^^^^^^^^^^^^^^^^^^\n  File \"/usr/local/lib/python3.11/site-packages/selenium/webdriver/remote/webdriver.py\", line 345, in execute\n    self.error_handler.check_response(response)\n  File \"/usr/local/lib/python3.11/site-packages/selenium/webdriver/remote/errorhandler.py\", line 229, in check_response\n    raise exception_class(message, screen, stacktrace)\n","steps":[],"attachments":[],"parameters":[{"name":"amount","value":"299"}],"shouldDisplayMessage":true,"stepsCount":0,"attachmentsCount":0,"hasContent":true}],"attachments":[{"uid":"5a0d85d85e0598b6","name":"Screenshot","source":"5a0d85d85e0598b6.png","type":"image/png","size":115043},{"uid":"9f1541e17ddf1c44","name":"HTML source","source":"9f1541e17ddf1c44.html","type":"text/html","size":303985}],"parameters":[],"shouldDisplayMessage":true,"stepsCount":1,"attachmentsCount":2,"hasContent":true},"afterStages":[{"name":"setup::0","time":{"start":1697417717192,"stop":1697417717192,"duration":0},"status":"passed","steps":[],"attachments":[],"parameters":[],"shouldDisplayMessage":false,"stepsCount":0,"attachmentsCount":0,"hasContent":false},{"name":"driver::0","time":{"start":1697417717193,"stop":1697417717251,"duration":58},"status":"passed","steps":[],"attachments":[],"parameters":[],"shouldDisplayMessage":false,"stepsCount":0,"attachmentsCount":0,"hasContent":false}],"labels":[{"name":"epic","value":"Delivery Page - calculation"},{"name":"tag","value":"smoke_test"},{"name":"tag","value":"@pytest.mark.xfail"},{"name":"parentSuite","value":"tests.delivery"},{"name":"suite","value":"test_delivery_calculation"},{"name":"subSuite","value":"TestDeliveryPageCalculation"},{"name":"host","value":"95ee38de1882"},{"name":"thread","value":"1-MainThread"},{"name":"framework","value":"pytest"},{"name":"language","value":"cpython3"},{"name":"package","value":"tests.delivery.test_delivery_calculation"},{"name":"resultFormat","value":"allure2"}],"parameters":[{"name":"all_time","value":"8980"},{"name":"amount","value":"299"},{"name":"case_id","value":"'TD 011'"},{"name":"in_time","value":"7960"},{"name":"link_item","value":"'products/shtukaturka-gipsovaya-aksolit-m50-30-kg-mashinnogo-naneseniya'"},{"name":"standard","value":"3600"},{"name":"url","value":"'https://sandboxtest.stroyrem-nn.ru/'"},{"name":"weight","value":"9000"}],"links":[],"hidden":false,"retry":false,"extra":{"severity":"normal","retries":[],"categories":[],"history":{"statistic":{"failed":0,"broken":13,"skipped":55,"passed":0,"unknown":0,"total":68},"items":[{"uid":"e87f7d3bc54aead8","reportUrl":"https://Nat754.github.io/StroyremAutomation/95//#testresult/e87f7d3bc54aead8","status":"skipped","statusDetails":"XFAIL\n\nselenium.common.exceptions.NoSuchElementException: Message: no such element: Unable to locate element: {\"method\":\"xpath\",\"selector\":\"(//a[@class='add-to-cart yellow-btn'])[1]\"}\n  (Session info: headless chrome=118.0.5993.70); For documentation on this error, please visit: https://www.selenium.dev/documentation/webdriver/troubleshooting/errors#no-such-element-exception\nStacktrace:\n#0 0x5589546ebfb3 <unknown>\n#1 0x5589543bf4a7 <unknown>\n#2 0x558954406dd6 <unknown>\n#3 0x558954406ec1 <unknown>\n#4 0x558954444354 <unknown>\n#5 0x55895442896d <unknown>\n#6 0x558954441c02 <unknown>\n#7 0x558954428713 <unknown>\n#8 0x5589543fb18b <unknown>\n#9 0x5589543fbf7e <unknown>\n#10 0x5589546b18d8 <unknown>\n#11 0x5589546b5800 <unknown>\n#12 0x5589546bfcfc <unknown>\n#13 0x5589546b6418 <unknown>\n#14 0x55895468342f <unknown>\n#15 0x5589546da4e8 <unknown>\n#16 0x5589546da6b4 <unknown>\n#17 0x5589546eb143 <unknown>\n#18 0x7f99cb678044 <unknown>","time":{"start":1697331469738,"stop":1697331470426,"duration":688}},{"uid":"50bc2771208fe00b","reportUrl":"https://Nat754.github.io/StroyremAutomation/94//#testresult/50bc2771208fe00b","status":"skipped","statusDetails":"XFAIL\n\nselenium.common.exceptions.NoSuchElementException: Message: no such element: Unable to locate element: {\"method\":\"xpath\",\"selector\":\"//input[@class='amount']\"}\n  (Session info: headless chrome=118.0.5993.70); For documentation on this error, please visit: https://www.selenium.dev/documentation/webdriver/troubleshooting/errors#no-such-element-exception\nStacktrace:\n#0 0x564bd8c11fb3 <unknown>\n#1 0x564bd88e54a7 <unknown>\n#2 0x564bd892cdd6 <unknown>\n#3 0x564bd892cec1 <unknown>\n#4 0x564bd896a354 <unknown>\n#5 0x564bd894e96d <unknown>\n#6 0x564bd8967c02 <unknown>\n#7 0x564bd894e713 <unknown>\n#8 0x564bd892118b <unknown>\n#9 0x564bd8921f7e <unknown>\n#10 0x564bd8bd78d8 <unknown>\n#11 0x564bd8bdb800 <unknown>\n#12 0x564bd8be5cfc <unknown>\n#13 0x564bd8bdc418 <unknown>\n#14 0x564bd8ba942f <unknown>\n#15 0x564bd8c004e8 <unknown>\n#16 0x564bd8c006b4 <unknown>\n#17 0x564bd8c11143 <unknown>\n#18 0x7f4909bb1044 <unknown>","time":{"start":1697244892438,"stop":1697244897922,"duration":5484}},{"uid":"632ab3a31e66ee4","reportUrl":"https://Nat754.github.io/StroyremAutomation/93//#testresult/632ab3a31e66ee4","status":"skipped","statusDetails":"XFAIL\n\nselenium.common.exceptions.NoSuchElementException: Message: no such element: Unable to locate element: {\"method\":\"xpath\",\"selector\":\"(//a[@class='add-to-cart yellow-btn'])[1]\"}\n  (Session info: headless chrome=118.0.5993.70); For documentation on this error, please visit: https://www.selenium.dev/documentation/webdriver/troubleshooting/errors#no-such-element-exception\nStacktrace:\n#0 0x55950aff6fb3 <unknown>\n#1 0x55950acca4a7 <unknown>\n#2 0x55950ad11dd6 <unknown>\n#3 0x55950ad11ec1 <unknown>\n#4 0x55950ad4f354 <unknown>\n#5 0x55950ad3396d <unknown>\n#6 0x55950ad4cc02 <unknown>\n#7 0x55950ad33713 <unknown>\n#8 0x55950ad0618b <unknown>\n#9 0x55950ad06f7e <unknown>\n#10 0x55950afbc8d8 <unknown>\n#11 0x55950afc0800 <unknown>\n#12 0x55950afcacfc <unknown>\n#13 0x55950afc1418 <unknown>\n#14 0x55950af8e42f <unknown>\n#15 0x55950afe54e8 <unknown>\n#16 0x55950afe56b4 <unknown>\n#17 0x55950aff6143 <unknown>\n#18 0x7fc1bca77044 <unknown>","time":{"start":1697158518617,"stop":1697158523331,"duration":4714}},{"uid":"30ac7ad2e64a1a6a","reportUrl":"https://Nat754.github.io/StroyremAutomation/92//#testresult/30ac7ad2e64a1a6a","status":"skipped","statusDetails":"XFAIL\n\nselenium.common.exceptions.NoSuchElementException: Message: no such element: Unable to locate element: {\"method\":\"xpath\",\"selector\":\"(//a[@class='add-to-cart yellow-btn'])[1]\"}\n  (Session info: headless chrome=118.0.5993.70); For documentation on this error, please visit: https://www.selenium.dev/documentation/webdriver/troubleshooting/errors#no-such-element-exception\nStacktrace:\n#0 0x564533933fb3 <unknown>\n#1 0x5645336074a7 <unknown>\n#2 0x56453364edd6 <unknown>\n#3 0x56453364eec1 <unknown>\n#4 0x56453368c354 <unknown>\n#5 0x56453367096d <unknown>\n#6 0x564533689c02 <unknown>\n#7 0x564533670713 <unknown>\n#8 0x56453364318b <unknown>\n#9 0x564533643f7e <unknown>\n#10 0x5645338f98d8 <unknown>\n#11 0x5645338fd800 <unknown>\n#12 0x564533907cfc <unknown>\n#13 0x5645338fe418 <unknown>\n#14 0x5645338cb42f <unknown>\n#15 0x5645339224e8 <unknown>\n#16 0x5645339226b4 <unknown>\n#17 0x564533933143 <unknown>\n#18 0x7f2ce097a044 <unknown>","time":{"start":1697071894573,"stop":1697071898697,"duration":4124}},{"uid":"6e03ee168f4d1c56","reportUrl":"https://Nat754.github.io/StroyremAutomation/91//#testresult/6e03ee168f4d1c56","status":"skipped","statusDetails":"XFAIL\n\nselenium.common.exceptions.NoSuchElementException: Message: no such element: Unable to locate element: {\"method\":\"xpath\",\"selector\":\"(//a[@class='add-to-cart yellow-btn'])[1]\"}\n  (Session info: headless chrome=118.0.5993.70); For documentation on this error, please visit: https://www.selenium.dev/documentation/webdriver/troubleshooting/errors#no-such-element-exception\nStacktrace:\n#0 0x5634393bffb3 <unknown>\n#1 0x5634390934a7 <unknown>\n#2 0x5634390dadd6 <unknown>\n#3 0x5634390daec1 <unknown>\n#4 0x563439118354 <unknown>\n#5 0x5634390fc96d <unknown>\n#6 0x563439115c02 <unknown>\n#7 0x5634390fc713 <unknown>\n#8 0x5634390cf18b <unknown>\n#9 0x5634390cff7e <unknown>\n#10 0x5634393858d8 <unknown>\n#11 0x563439389800 <unknown>\n#12 0x563439393cfc <unknown>\n#13 0x56343938a418 <unknown>\n#14 0x56343935742f <unknown>\n#15 0x5634393ae4e8 <unknown>\n#16 0x5634393ae6b4 <unknown>\n#17 0x5634393bf143 <unknown>\n#18 0x7f1ab00ba044 <unknown>","time":{"start":1696985597729,"stop":1696985600593,"duration":2864}},{"uid":"526f332cea05b134","reportUrl":"https://Nat754.github.io/StroyremAutomation/90//#testresult/526f332cea05b134","status":"skipped","statusDetails":"XFAIL\n\nselenium.common.exceptions.NoSuchElementException: Message: no such element: Unable to locate element: {\"method\":\"xpath\",\"selector\":\"(//a[@class='add-to-cart yellow-btn'])[1]\"}\n  (Session info: headless chrome=117.0.5938.149); For documentation on this error, please visit: https://www.selenium.dev/documentation/webdriver/troubleshooting/errors#no-such-element-exception\nStacktrace:\n#0 0x55f6aa672933 <unknown>\n#1 0x55f6aa34c6f7 <unknown>\n#2 0x55f6aa393aa6 <unknown>\n#3 0x55f6aa393b91 <unknown>\n#4 0x55f6aa3d0fc4 <unknown>\n#5 0x55f6aa3b562d <unknown>\n#6 0x55f6aa3ce857 <unknown>\n#7 0x55f6aa3b53d3 <unknown>\n#8 0x55f6aa387e64 <unknown>\n#9 0x55f6aa388c4e <unknown>\n#10 0x55f6aa638558 <unknown>\n#11 0x55f6aa63c4a0 <unknown>\n#12 0x55f6aa64697c <unknown>\n#13 0x55f6aa63d0b8 <unknown>\n#14 0x55f6aa608cdf <unknown>\n#15 0x55f6aa661048 <unknown>\n#16 0x55f6aa661219 <unknown>\n#17 0x55f6aa671ac3 <unknown>\n#18 0x7f7b8115d044 <unknown>","time":{"start":1696899160229,"stop":1696899160755,"duration":526}},{"uid":"8bc532a585949d56","reportUrl":"https://Nat754.github.io/StroyremAutomation/89//#testresult/8bc532a585949d56","status":"skipped","statusDetails":"XFAIL\n\nselenium.common.exceptions.NoSuchElementException: Message: no such element: Unable to locate element: {\"method\":\"xpath\",\"selector\":\"(//a[@class='add-to-cart yellow-btn'])[1]\"}\n  (Session info: headless chrome=117.0.5938.149); For documentation on this error, please visit: https://www.selenium.dev/documentation/webdriver/troubleshooting/errors#no-such-element-exception\nStacktrace:\n#0 0x5640d2a9e933 <unknown>\n#1 0x5640d27786f7 <unknown>\n#2 0x5640d27bfaa6 <unknown>\n#3 0x5640d27bfb91 <unknown>\n#4 0x5640d27fcfc4 <unknown>\n#5 0x5640d27e162d <unknown>\n#6 0x5640d27fa857 <unknown>\n#7 0x5640d27e13d3 <unknown>\n#8 0x5640d27b3e64 <unknown>\n#9 0x5640d27b4c4e <unknown>\n#10 0x5640d2a64558 <unknown>\n#11 0x5640d2a684a0 <unknown>\n#12 0x5640d2a7297c <unknown>\n#13 0x5640d2a690b8 <unknown>\n#14 0x5640d2a34cdf <unknown>\n#15 0x5640d2a8d048 <unknown>\n#16 0x5640d2a8d219 <unknown>\n#17 0x5640d2a9dac3 <unknown>\n#18 0x7fe899cc1044 <unknown>","time":{"start":1696812779872,"stop":1696812780599,"duration":727}},{"uid":"8ddbd79610905f8d","reportUrl":"https://Nat754.github.io/StroyremAutomation/88//#testresult/8ddbd79610905f8d","status":"skipped","statusDetails":"XFAIL\n\nselenium.common.exceptions.NoSuchElementException: Message: no such element: Unable to locate element: {\"method\":\"xpath\",\"selector\":\"(//a[@class='add-to-cart yellow-btn'])[1]\"}\n  (Session info: headless chrome=117.0.5938.149); For documentation on this error, please visit: https://www.selenium.dev/documentation/webdriver/troubleshooting/errors#no-such-element-exception\nStacktrace:\n#0 0x562da5553933 <unknown>\n#1 0x562da522d6f7 <unknown>\n#2 0x562da5274aa6 <unknown>\n#3 0x562da5274b91 <unknown>\n#4 0x562da52b1fc4 <unknown>\n#5 0x562da529662d <unknown>\n#6 0x562da52af857 <unknown>\n#7 0x562da52963d3 <unknown>\n#8 0x562da5268e64 <unknown>\n#9 0x562da5269c4e <unknown>\n#10 0x562da5519558 <unknown>\n#11 0x562da551d4a0 <unknown>\n#12 0x562da552797c <unknown>\n#13 0x562da551e0b8 <unknown>\n#14 0x562da54e9cdf <unknown>\n#15 0x562da5542048 <unknown>\n#16 0x562da5542219 <unknown>\n#17 0x562da5552ac3 <unknown>\n#18 0x7f64343bc044 <unknown>","time":{"start":1696726690208,"stop":1696726690884,"duration":676}},{"uid":"59dc0a250cc6bc85","reportUrl":"https://Nat754.github.io/StroyremAutomation/87//#testresult/59dc0a250cc6bc85","status":"skipped","statusDetails":"XFAIL\n\nselenium.common.exceptions.NoSuchElementException: Message: no such element: Unable to locate element: {\"method\":\"xpath\",\"selector\":\"(//a[@class='add-to-cart yellow-btn'])[1]\"}\n  (Session info: headless chrome=117.0.5938.149); For documentation on this error, please visit: https://www.selenium.dev/documentation/webdriver/troubleshooting/errors#no-such-element-exception\nStacktrace:\n#0 0x55a736c0c933 <unknown>\n#1 0x55a7368e66f7 <unknown>\n#2 0x55a73692daa6 <unknown>\n#3 0x55a73692db91 <unknown>\n#4 0x55a73696afc4 <unknown>\n#5 0x55a73694f62d <unknown>\n#6 0x55a736968857 <unknown>\n#7 0x55a73694f3d3 <unknown>\n#8 0x55a736921e64 <unknown>\n#9 0x55a736922c4e <unknown>\n#10 0x55a736bd2558 <unknown>\n#11 0x55a736bd64a0 <unknown>\n#12 0x55a736be097c <unknown>\n#13 0x55a736bd70b8 <unknown>\n#14 0x55a736ba2cdf <unknown>\n#15 0x55a736bfb048 <unknown>\n#16 0x55a736bfb219 <unknown>\n#17 0x55a736c0bac3 <unknown>\n#18 0x7f661235b044 <unknown>","time":{"start":1696639909555,"stop":1696639910039,"duration":484}},{"uid":"da8811b598a4a844","reportUrl":"https://Nat754.github.io/StroyremAutomation/86//#testresult/da8811b598a4a844","status":"skipped","statusDetails":"XFAIL\n\nselenium.common.exceptions.NoSuchElementException: Message: no such element: Unable to locate element: {\"method\":\"xpath\",\"selector\":\"(//a[@class='add-to-cart yellow-btn'])[1]\"}\n  (Session info: headless chrome=117.0.5938.149); For documentation on this error, please visit: https://www.selenium.dev/documentation/webdriver/troubleshooting/errors#no-such-element-exception\nStacktrace:\n#0 0x563c196e5933 <unknown>\n#1 0x563c193bf6f7 <unknown>\n#2 0x563c19406aa6 <unknown>\n#3 0x563c19406b91 <unknown>\n#4 0x563c19443fc4 <unknown>\n#5 0x563c1942862d <unknown>\n#6 0x563c19441857 <unknown>\n#7 0x563c194283d3 <unknown>\n#8 0x563c193fae64 <unknown>\n#9 0x563c193fbc4e <unknown>\n#10 0x563c196ab558 <unknown>\n#11 0x563c196af4a0 <unknown>\n#12 0x563c196b997c <unknown>\n#13 0x563c196b00b8 <unknown>\n#14 0x563c1967bcdf <unknown>\n#15 0x563c196d4048 <unknown>\n#16 0x563c196d4219 <unknown>\n#17 0x563c196e4ac3 <unknown>\n#18 0x7fef79408044 <unknown>","time":{"start":1696553554081,"stop":1696553554987,"duration":906}},{"uid":"a8ae54549063125b","reportUrl":"https://Nat754.github.io/StroyremAutomation/85//#testresult/a8ae54549063125b","status":"skipped","statusDetails":"XFAIL\n\nselenium.common.exceptions.NoSuchElementException: Message: no such element: Unable to locate element: {\"method\":\"xpath\",\"selector\":\"(//a[@class='add-to-cart yellow-btn'])[1]\"}\n  (Session info: headless chrome=117.0.5938.149); For documentation on this error, please visit: https://www.selenium.dev/documentation/webdriver/troubleshooting/errors#no-such-element-exception\nStacktrace:\n#0 0x555e1d5d5933 <unknown>\n#1 0x555e1d2af6f7 <unknown>\n#2 0x555e1d2f6aa6 <unknown>\n#3 0x555e1d2f6b91 <unknown>\n#4 0x555e1d333fc4 <unknown>\n#5 0x555e1d31862d <unknown>\n#6 0x555e1d331857 <unknown>\n#7 0x555e1d3183d3 <unknown>\n#8 0x555e1d2eae64 <unknown>\n#9 0x555e1d2ebc4e <unknown>\n#10 0x555e1d59b558 <unknown>\n#11 0x555e1d59f4a0 <unknown>\n#12 0x555e1d5a997c <unknown>\n#13 0x555e1d5a00b8 <unknown>\n#14 0x555e1d56bcdf <unknown>\n#15 0x555e1d5c4048 <unknown>\n#16 0x555e1d5c4219 <unknown>\n#17 0x555e1d5d4ac3 <unknown>\n#18 0x7fca213bc044 <unknown>","time":{"start":1696467279431,"stop":1696467279971,"duration":540}},{"uid":"7ad5605eb617d81a","reportUrl":"https://Nat754.github.io/StroyremAutomation/84//#testresult/7ad5605eb617d81a","status":"skipped","statusDetails":"XFAIL\n\nselenium.common.exceptions.NoSuchElementException: Message: no such element: Unable to locate element: {\"method\":\"xpath\",\"selector\":\"(//a[@class='add-to-cart yellow-btn'])[1]\"}\n  (Session info: headless chrome=117.0.5938.92); For documentation on this error, please visit: https://www.selenium.dev/documentation/webdriver/troubleshooting/errors#no-such-element-exception\nStacktrace:\n#0 0x558ba52956b3 <unknown>\n#1 0x558ba4f6b1e7 <unknown>\n#2 0x558ba4fb2566 <unknown>\n#3 0x558ba4fb2651 <unknown>\n#4 0x558ba4fefa74 <unknown>\n#5 0x558ba4fd40ed <unknown>\n#6 0x558ba4fed322 <unknown>\n#7 0x558ba4fd3e93 <unknown>\n#8 0x558ba4fa6934 <unknown>\n#9 0x558ba4fa771e <unknown>\n#10 0x558ba525acb8 <unknown>\n#11 0x558ba525ebf0 <unknown>\n#12 0x558ba526919c <unknown>\n#13 0x558ba525f808 <unknown>\n#14 0x558ba522c27f <unknown>\n#15 0x558ba5283e88 <unknown>\n#16 0x558ba5284059 <unknown>\n#17 0x558ba5294843 <unknown>\n#18 0x7f489731d044 <unknown>","time":{"start":1696380805546,"stop":1696380806018,"duration":472}},{"uid":"92481f5ab3f41789","reportUrl":"https://Nat754.github.io/StroyremAutomation/83//#testresult/92481f5ab3f41789","status":"skipped","statusDetails":"XFAIL\n\nselenium.common.exceptions.NoSuchElementException: Message: no such element: Unable to locate element: {\"method\":\"xpath\",\"selector\":\"(//a[@class='add-to-cart yellow-btn'])[1]\"}\n  (Session info: headless chrome=117.0.5938.92); For documentation on this error, please visit: https://www.selenium.dev/documentation/webdriver/troubleshooting/errors#no-such-element-exception\nStacktrace:\n#0 0x5578384b86b3 <unknown>\n#1 0x55783818e1e7 <unknown>\n#2 0x5578381d5566 <unknown>\n#3 0x5578381d5651 <unknown>\n#4 0x557838212a74 <unknown>\n#5 0x5578381f70ed <unknown>\n#6 0x557838210322 <unknown>\n#7 0x5578381f6e93 <unknown>\n#8 0x5578381c9934 <unknown>\n#9 0x5578381ca71e <unknown>\n#10 0x55783847dcb8 <unknown>\n#11 0x557838481bf0 <unknown>\n#12 0x55783848c19c <unknown>\n#13 0x557838482808 <unknown>\n#14 0x55783844f27f <unknown>\n#15 0x5578384a6e88 <unknown>\n#16 0x5578384a7059 <unknown>\n#17 0x5578384b7843 <unknown>\n#18 0x7f8a9a03f044 <unknown>","time":{"start":1696294390243,"stop":1696294390767,"duration":524}},{"uid":"aafa9bda612da276","reportUrl":"https://Nat754.github.io/StroyremAutomation/82//#testresult/aafa9bda612da276","status":"skipped","statusDetails":"XFAIL\n\nselenium.common.exceptions.NoSuchElementException: Message: no such element: Unable to locate element: {\"method\":\"xpath\",\"selector\":\"(//a[@class='add-to-cart yellow-btn'])[1]\"}\n  (Session info: headless chrome=117.0.5938.92); For documentation on this error, please visit: https://www.selenium.dev/documentation/webdriver/troubleshooting/errors#no-such-element-exception\nStacktrace:\n#0 0x5574513126b3 <unknown>\n#1 0x557450fe81e7 <unknown>\n#2 0x55745102f566 <unknown>\n#3 0x55745102f651 <unknown>\n#4 0x55745106ca74 <unknown>\n#5 0x5574510510ed <unknown>\n#6 0x55745106a322 <unknown>\n#7 0x557451050e93 <unknown>\n#8 0x557451023934 <unknown>\n#9 0x55745102471e <unknown>\n#10 0x5574512d7cb8 <unknown>\n#11 0x5574512dbbf0 <unknown>\n#12 0x5574512e619c <unknown>\n#13 0x5574512dc808 <unknown>\n#14 0x5574512a927f <unknown>\n#15 0x557451300e88 <unknown>\n#16 0x557451301059 <unknown>\n#17 0x557451311843 <unknown>\n#18 0x7fab6649e044 <unknown>","time":{"start":1696282082245,"stop":1696282082867,"duration":622}},{"uid":"a854775171be4c26","reportUrl":"https://Nat754.github.io/StroyremAutomation/81//#testresult/a854775171be4c26","status":"skipped","statusDetails":"XFAIL\n\nselenium.common.exceptions.NoSuchElementException: Message: no such element: Unable to locate element: {\"method\":\"xpath\",\"selector\":\"(//a[@class='add-to-cart yellow-btn'])[1]\"}\n  (Session info: headless chrome=117.0.5938.92); For documentation on this error, please visit: https://www.selenium.dev/documentation/webdriver/troubleshooting/errors#no-such-element-exception\nStacktrace:\n#0 0x55675dd276b3 <unknown>\n#1 0x55675d9fd1e7 <unknown>\n#2 0x55675da44566 <unknown>\n#3 0x55675da44651 <unknown>\n#4 0x55675da81a74 <unknown>\n#5 0x55675da660ed <unknown>\n#6 0x55675da7f322 <unknown>\n#7 0x55675da65e93 <unknown>\n#8 0x55675da38934 <unknown>\n#9 0x55675da3971e <unknown>\n#10 0x55675dceccb8 <unknown>\n#11 0x55675dcf0bf0 <unknown>\n#12 0x55675dcfb19c <unknown>\n#13 0x55675dcf1808 <unknown>\n#14 0x55675dcbe27f <unknown>\n#15 0x55675dd15e88 <unknown>\n#16 0x55675dd16059 <unknown>\n#17 0x55675dd26843 <unknown>\n#18 0x7f1e6a37d044 <unknown>","time":{"start":1696258201807,"stop":1696258202485,"duration":678}},{"uid":"41d6aae486bc4eb9","reportUrl":"https://Nat754.github.io/StroyremAutomation/81//#testresult/41d6aae486bc4eb9","status":"skipped","statusDetails":"XFAIL\n\nselenium.common.exceptions.NoSuchElementException: Message: no such element: Unable to locate element: {\"method\":\"xpath\",\"selector\":\"(//a[@class='add-to-cart yellow-btn'])[1]\"}\n  (Session info: headless chrome=117.0.5938.92); For documentation on this error, please visit: https://www.selenium.dev/documentation/webdriver/troubleshooting/errors#no-such-element-exception\nStacktrace:\n#0 0x56192a5216b3 <unknown>\n#1 0x56192a1f71e7 <unknown>\n#2 0x56192a23e566 <unknown>\n#3 0x56192a23e651 <unknown>\n#4 0x56192a27ba74 <unknown>\n#5 0x56192a2600ed <unknown>\n#6 0x56192a279322 <unknown>\n#7 0x56192a25fe93 <unknown>\n#8 0x56192a232934 <unknown>\n#9 0x56192a23371e <unknown>\n#10 0x56192a4e6cb8 <unknown>\n#11 0x56192a4eabf0 <unknown>\n#12 0x56192a4f519c <unknown>\n#13 0x56192a4eb808 <unknown>\n#14 0x56192a4b827f <unknown>\n#15 0x56192a50fe88 <unknown>\n#16 0x56192a510059 <unknown>\n#17 0x56192a520843 <unknown>\n#18 0x7fc88e04e044 <unknown>","time":{"start":1696208349408,"stop":1696208349852,"duration":444}},{"uid":"9d3c54d494b1b083","reportUrl":"https://Nat754.github.io/StroyremAutomation/80//#testresult/9d3c54d494b1b083","status":"skipped","statusDetails":"XFAIL\n\nselenium.common.exceptions.NoSuchElementException: Message: no such element: Unable to locate element: {\"method\":\"xpath\",\"selector\":\"(//a[@class='add-to-cart yellow-btn'])[1]\"}\n  (Session info: headless chrome=117.0.5938.92); For documentation on this error, please visit: https://www.selenium.dev/documentation/webdriver/troubleshooting/errors#no-such-element-exception\nStacktrace:\n#0 0x55e05fbd66b3 <unknown>\n#1 0x55e05f8ac1e7 <unknown>\n#2 0x55e05f8f3566 <unknown>\n#3 0x55e05f8f3651 <unknown>\n#4 0x55e05f930a74 <unknown>\n#5 0x55e05f9150ed <unknown>\n#6 0x55e05f92e322 <unknown>\n#7 0x55e05f914e93 <unknown>\n#8 0x55e05f8e7934 <unknown>\n#9 0x55e05f8e871e <unknown>\n#10 0x55e05fb9bcb8 <unknown>\n#11 0x55e05fb9fbf0 <unknown>\n#12 0x55e05fbaa19c <unknown>\n#13 0x55e05fba0808 <unknown>\n#14 0x55e05fb6d27f <unknown>\n#15 0x55e05fbc4e88 <unknown>\n#16 0x55e05fbc5059 <unknown>\n#17 0x55e05fbd5843 <unknown>\n#18 0x7f7d087da044 <unknown>","time":{"start":1696122337122,"stop":1696122337755,"duration":633}},{"uid":"48346f6c42d5f799","reportUrl":"https://Nat754.github.io/StroyremAutomation/79//#testresult/48346f6c42d5f799","status":"skipped","statusDetails":"XFAIL\n\nselenium.common.exceptions.NoSuchElementException: Message: no such element: Unable to locate element: {\"method\":\"xpath\",\"selector\":\"(//a[@class='add-to-cart yellow-btn'])[1]\"}\n  (Session info: headless chrome=117.0.5938.92); For documentation on this error, please visit: https://www.selenium.dev/documentation/webdriver/troubleshooting/errors#no-such-element-exception\nStacktrace:\n#0 0x562dad1e86b3 <unknown>\n#1 0x562dacebe1e7 <unknown>\n#2 0x562dacf05566 <unknown>\n#3 0x562dacf05651 <unknown>\n#4 0x562dacf42a74 <unknown>\n#5 0x562dacf270ed <unknown>\n#6 0x562dacf40322 <unknown>\n#7 0x562dacf26e93 <unknown>\n#8 0x562dacef9934 <unknown>\n#9 0x562dacefa71e <unknown>\n#10 0x562dad1adcb8 <unknown>\n#11 0x562dad1b1bf0 <unknown>\n#12 0x562dad1bc19c <unknown>\n#13 0x562dad1b2808 <unknown>\n#14 0x562dad17f27f <unknown>\n#15 0x562dad1d6e88 <unknown>\n#16 0x562dad1d7059 <unknown>\n#17 0x562dad1e7843 <unknown>\n#18 0x7f9b20997044 <unknown>","time":{"start":1696035328698,"stop":1696035329136,"duration":438}},{"uid":"c73020eda554ef4e","reportUrl":"https://Nat754.github.io/StroyremAutomation/78//#testresult/c73020eda554ef4e","status":"skipped","statusDetails":"XFAIL\n\nselenium.common.exceptions.NoSuchElementException: Message: no such element: Unable to locate element: {\"method\":\"xpath\",\"selector\":\"(//a[@class='add-to-cart yellow-btn'])[1]\"}\n  (Session info: headless chrome=117.0.5938.92); For documentation on this error, please visit: https://www.selenium.dev/documentation/webdriver/troubleshooting/errors#no-such-element-exception\nStacktrace:\n#0 0x56416788d6b3 <unknown>\n#1 0x5641675631e7 <unknown>\n#2 0x5641675aa566 <unknown>\n#3 0x5641675aa651 <unknown>\n#4 0x5641675e7a74 <unknown>\n#5 0x5641675cc0ed <unknown>\n#6 0x5641675e5322 <unknown>\n#7 0x5641675cbe93 <unknown>\n#8 0x56416759e934 <unknown>\n#9 0x56416759f71e <unknown>\n#10 0x564167852cb8 <unknown>\n#11 0x564167856bf0 <unknown>\n#12 0x56416786119c <unknown>\n#13 0x564167857808 <unknown>\n#14 0x56416782427f <unknown>\n#15 0x56416787be88 <unknown>\n#16 0x56416787c059 <unknown>\n#17 0x56416788c843 <unknown>\n#18 0x7fc903f73044 <unknown>","time":{"start":1695949057977,"stop":1695949058526,"duration":549}},{"uid":"6f724ef6339260ae","reportUrl":"https://Nat754.github.io/StroyremAutomation/77//#testresult/6f724ef6339260ae","status":"skipped","statusDetails":"XFAIL\n\nselenium.common.exceptions.NoSuchElementException: Message: no such element: Unable to locate element: {\"method\":\"xpath\",\"selector\":\"(//a[@class='add-to-cart yellow-btn'])[1]\"}\n  (Session info: headless chrome=117.0.5938.92); For documentation on this error, please visit: https://www.selenium.dev/documentation/webdriver/troubleshooting/errors#no-such-element-exception\nStacktrace:\n#0 0x55690f8fd6b3 <unknown>\n#1 0x55690f5d31e7 <unknown>\n#2 0x55690f61a566 <unknown>\n#3 0x55690f61a651 <unknown>\n#4 0x55690f657a74 <unknown>\n#5 0x55690f63c0ed <unknown>\n#6 0x55690f655322 <unknown>\n#7 0x55690f63be93 <unknown>\n#8 0x55690f60e934 <unknown>\n#9 0x55690f60f71e <unknown>\n#10 0x55690f8c2cb8 <unknown>\n#11 0x55690f8c6bf0 <unknown>\n#12 0x55690f8d119c <unknown>\n#13 0x55690f8c7808 <unknown>\n#14 0x55690f89427f <unknown>\n#15 0x55690f8ebe88 <unknown>\n#16 0x55690f8ec059 <unknown>\n#17 0x55690f8fc843 <unknown>\n#18 0x7efc62697044 <unknown>","time":{"start":1695862819202,"stop":1695862819823,"duration":621}}]},"tags":["@pytest.mark.xfail","smoke_test"]},"source":"95318a502e1ea381.json","parameterValues":["8980","299","'TD 011'","7960","'products/shtukaturka-gipsovaya-aksolit-m50-30-kg-mashinnogo-naneseniya'","3600","'https://sandboxtest.stroyrem-nn.ru/'","9000"]}