{"uid":"6eef1bcae2fab49f","name":"Авторизация с помощью аккаунта ya.ru","fullName":"tests.test_sign_in.test_sign_in_page.TestSignInPage#test_positive_authorization_first_time_using_YA_smoke","historyId":"dad914aa68b78287aa131957fc42820c","time":{"start":1693790044680,"stop":1693790070569,"duration":25889},"status":"skipped","statusMessage":"XFAIL Появляется капча Яндекса при запуске теста на Github\n\nselenium.common.exceptions.TimeoutException: Message:","statusTrace":"self = <tests.test_sign_in.test_sign_in_page.TestSignInPage object at 0x7f4904ec5ad0>\ndriver = <selenium.webdriver.chrome.webdriver.WebDriver (session=\"dd8c27455b18ee462e583f4a2f004908\")>\nsign_in_page = <pages.sign_in_page.SignInPage object at 0x7f4904f3c490>\nopen_sign_in_window = None\n\n    @allure.title(\"Авторизация с помощью аккаунта ya.ru\")\n    @pytest.mark.xfail(reason=\"Появляется капча Яндекса при запуске теста на Github\")\n    @pytest.mark.smoke_test\n    def test_positive_authorization_first_time_using_YA_smoke(self, driver, sign_in_page, open_sign_in_window):\n        sign_in_page.get_ya_ru_auth_icon().click()\n        driver.switch_to.window(driver.window_handles[1])\n        # driver.delete_all_cookies()\n        driver.add_cookie({'name': 'uniqueuid',\n                           'value': '384528911692006899',\n                           'domain': 'passport.yandex.ru',\n                           'httpOnly': True,\n                           'path': '/',\n                           'expiry': 1723499808,\n                           'sameSite': 'Lax',\n                           'secure': True})\n        driver.add_cookie({'name': 'ymex',\n                           'value': '2007366920.yrts.1692006920#2007366900.yrtsi.1692006900',\n                           'domain': '.yandex.ru',\n                           'httpOnly': False,\n                           'path': '/',\n                           'expiry': 1723499808,\n                           'secure': True})\n        driver.add_cookie({'name': 'i',\n                           'value': 'rpEp6ASpcmkXAketS0UdMiVBT6ovBbPtyYRYZIsRWdkwRjrAU27Q2rmgTx58XJTCF6sreSZhfheTbJeEsS',\n                           'domain': '.yandex.ru',\n                           'httpOnly': True,\n                           'path': '/',\n                           'expiry': 1723499808,\n                           'secure': True})\n        driver.add_cookie({'name': 'yandexuid',\n                           'value': '5114601221692006901',\n                           'domain': '.yandex.ru',\n                           'httpOnly': False,\n                           'path': '/',\n                           'expiry': 1723499808,\n                           'secure': True})\n        driver.add_cookie({'name': 'yuidss',\n                           'value': '7640250911692006900',\n                           'domain': '.yandex.ru',\n                           'httpOnly': False,\n                           'path': '/',\n                           'expiry': 1723499808,\n                           'secure': True})\n        driver.add_cookie({'name': 'gdpr',\n                           'value': '0',\n                           'domain': '.yandex.ru',\n                           'httpOnly': False,\n                           'path': '/',\n                           'expiry': 1723499808,\n                           'secure': True})\n        driver.add_cookie({'name': '_ym_uid',\n                           'value': '169200690291832112',\n                           'domain': '.yandex.ru',\n                           'httpOnly': False,\n                           'path': '/',\n                           'expiry': 1723499808,\n                           'secure': True})\n        driver.add_cookie({'name': '_ym_d',\n                           'value': '1692006902',\n                           'domain': '.yandex.ru',\n                           'httpOnly': False,\n                           'path': '/',\n                           'expiry': 1723499808,\n                           'secure': True})\n        driver.add_cookie({'name': 'bh',\n                           'value': 'Ej8iTm90L0EpQnJhbmQiO3Y9Ijk5IiwiR29vZ2xlIENocm9tZSI7dj0iMTE1IiwiQ2hyb21pdW0iO3Y9IjExNSIaBSJ4ODYiIhAiMTE1LjAuNTc5MC4xMTAiKgI',\n                           'domain': 'yandex.ru',\n                           'httpOnly': False,\n                           'path': '/',\n                           'expiry': 1723499808,\n                           'secure': False})\n        driver.add_cookie({'name': '_ym_visorc',\n                           'value': 'b',\n                           'domain': '.yandex.ru',\n                           'httpOnly': False,\n                           'path': '/',\n                           'expiry': 1723499808,\n                           'secure': True})\n        driver.execute_script(\"arguments[0].scrollIntoView();\",\n                              sign_in_page.get_ya_ru_window_alternative_ways_to_sign_up())\n        driver.execute_script(\"arguments[0].click();\", sign_in_page.get_ya_ru_window_alternative_ways_to_sign_up())\n        sign_in_page.get_ya_ru_window_email_field().send_keys(credentials['ya.ru_email'])\n        sign_in_page.get_ya_ru_window_submit_button().click()\n        sign_in_page.get_ya_ru_window_password_field().send_keys(credentials['ya.ru_password'])\n        sign_in_page.get_ya_ru_window_submit_button().click()\n        sleep(5)\n        try:\n            sign_in_page.get_ya_ru_window_control_question_field()\n            sign_in_page.get_ya_ru_window_control_question_field().send_keys(credentials['ya.ru_question'])\n            sign_in_page.get_ya_ru_window_proceed_button().click()\n            print(f\"\\nПоявилось окно контрольного вопроса\")\n        except (NoSuchWindowException, NoSuchElementException):\n            print(f\"\\nНе появилось окно контрольного вопроса\")\n        driver.switch_to.window(driver.window_handles[0])\n>       sign_in_page.check_number_of_windows_to_be_equal(1)\n\ntests/test_sign_in/test_sign_in_page.py:224: \n_ _ _ _ _ _ _ _ _ _ _ _ _ _ _ _ _ _ _ _ _ _ _ _ _ _ _ _ _ _ _ _ _ _ _ _ _ _ _ _ \nbase/seleniumbase.py:115: in check_number_of_windows_to_be_equal\n    return self.__wait.until(EC.number_of_windows_to_be(number))\n_ _ _ _ _ _ _ _ _ _ _ _ _ _ _ _ _ _ _ _ _ _ _ _ _ _ _ _ _ _ _ _ _ _ _ _ _ _ _ _ \n\nself = <selenium.webdriver.support.wait.WebDriverWait (session=\"dd8c27455b18ee462e583f4a2f004908\")>\nmethod = <function number_of_windows_to_be.<locals>._predicate at 0x7f4905d325c0>\nmessage = ''\n\n    def until(self, method, message: str = \"\"):\n        \"\"\"Calls the method provided with the driver as an argument until the \\\n        return value does not evaluate to ``False``.\n    \n        :param method: callable(WebDriver)\n        :param message: optional message for :exc:`TimeoutException`\n        :returns: the result of the last call to `method`\n        :raises: :exc:`selenium.common.exceptions.TimeoutException` if timeout occurs\n        \"\"\"\n        screen = None\n        stacktrace = None\n    \n        end_time = time.monotonic() + self._timeout\n        while True:\n            try:\n                value = method(self._driver)\n                if value:\n                    return value\n            except self._ignored_exceptions as exc:\n                screen = getattr(exc, \"screen\", None)\n                stacktrace = getattr(exc, \"stacktrace\", None)\n            time.sleep(self._poll)\n            if time.monotonic() > end_time:\n                break\n>       raise TimeoutException(message, screen, stacktrace)\nE       selenium.common.exceptions.TimeoutException: Message:\n\n/usr/local/lib/python3.11/site-packages/selenium/webdriver/support/wait.py:95: TimeoutException","flaky":false,"newFailed":false,"newBroken":false,"newPassed":false,"retriesCount":0,"retriesStatusChange":false,"beforeStages":[{"name":"_session_faker","time":{"start":1693788448480,"stop":1693788448556,"duration":76},"status":"passed","steps":[],"attachments":[],"parameters":[],"shouldDisplayMessage":false,"stepsCount":0,"attachmentsCount":0,"hasContent":false},{"name":"clear_allure_results_folder","time":{"start":1693788448556,"stop":1693788448557,"duration":1},"status":"passed","steps":[],"attachments":[],"parameters":[],"shouldDisplayMessage":false,"stepsCount":0,"attachmentsCount":0,"hasContent":false},{"name":"driver","time":{"start":1693790034584,"stop":1693790035347,"duration":763},"status":"passed","steps":[],"attachments":[],"parameters":[],"shouldDisplayMessage":false,"stepsCount":0,"attachmentsCount":0,"hasContent":false},{"name":"setup","time":{"start":1693790035347,"stop":1693790035347,"duration":0},"status":"passed","steps":[],"attachments":[],"parameters":[],"shouldDisplayMessage":false,"stepsCount":0,"attachmentsCount":0,"hasContent":false},{"name":"sign_in_page","time":{"start":1693790035347,"stop":1693790044316,"duration":8969},"status":"passed","steps":[],"attachments":[],"parameters":[],"shouldDisplayMessage":false,"stepsCount":0,"attachmentsCount":0,"hasContent":false},{"name":"open_sign_in_window","time":{"start":1693790044316,"stop":1693790044680,"duration":364},"status":"passed","steps":[{"name":"Нахождение элемента: иконка профиля в хедере","time":{"start":1693790044316,"stop":1693790044327,"duration":11},"status":"passed","steps":[],"attachments":[],"parameters":[],"shouldDisplayMessage":false,"stepsCount":0,"attachmentsCount":0,"hasContent":false}],"attachments":[],"parameters":[],"shouldDisplayMessage":false,"stepsCount":1,"attachmentsCount":0,"hasContent":true}],"testStage":{"status":"skipped","statusMessage":"XFAIL Появляется капча Яндекса при запуске теста на Github\n\nselenium.common.exceptions.TimeoutException: Message:","statusTrace":"self = <tests.test_sign_in.test_sign_in_page.TestSignInPage object at 0x7f4904ec5ad0>\ndriver = <selenium.webdriver.chrome.webdriver.WebDriver (session=\"dd8c27455b18ee462e583f4a2f004908\")>\nsign_in_page = <pages.sign_in_page.SignInPage object at 0x7f4904f3c490>\nopen_sign_in_window = None\n\n    @allure.title(\"Авторизация с помощью аккаунта ya.ru\")\n    @pytest.mark.xfail(reason=\"Появляется капча Яндекса при запуске теста на Github\")\n    @pytest.mark.smoke_test\n    def test_positive_authorization_first_time_using_YA_smoke(self, driver, sign_in_page, open_sign_in_window):\n        sign_in_page.get_ya_ru_auth_icon().click()\n        driver.switch_to.window(driver.window_handles[1])\n        # driver.delete_all_cookies()\n        driver.add_cookie({'name': 'uniqueuid',\n                           'value': '384528911692006899',\n                           'domain': 'passport.yandex.ru',\n                           'httpOnly': True,\n                           'path': '/',\n                           'expiry': 1723499808,\n                           'sameSite': 'Lax',\n                           'secure': True})\n        driver.add_cookie({'name': 'ymex',\n                           'value': '2007366920.yrts.1692006920#2007366900.yrtsi.1692006900',\n                           'domain': '.yandex.ru',\n                           'httpOnly': False,\n                           'path': '/',\n                           'expiry': 1723499808,\n                           'secure': True})\n        driver.add_cookie({'name': 'i',\n                           'value': 'rpEp6ASpcmkXAketS0UdMiVBT6ovBbPtyYRYZIsRWdkwRjrAU27Q2rmgTx58XJTCF6sreSZhfheTbJeEsS',\n                           'domain': '.yandex.ru',\n                           'httpOnly': True,\n                           'path': '/',\n                           'expiry': 1723499808,\n                           'secure': True})\n        driver.add_cookie({'name': 'yandexuid',\n                           'value': '5114601221692006901',\n                           'domain': '.yandex.ru',\n                           'httpOnly': False,\n                           'path': '/',\n                           'expiry': 1723499808,\n                           'secure': True})\n        driver.add_cookie({'name': 'yuidss',\n                           'value': '7640250911692006900',\n                           'domain': '.yandex.ru',\n                           'httpOnly': False,\n                           'path': '/',\n                           'expiry': 1723499808,\n                           'secure': True})\n        driver.add_cookie({'name': 'gdpr',\n                           'value': '0',\n                           'domain': '.yandex.ru',\n                           'httpOnly': False,\n                           'path': '/',\n                           'expiry': 1723499808,\n                           'secure': True})\n        driver.add_cookie({'name': '_ym_uid',\n                           'value': '169200690291832112',\n                           'domain': '.yandex.ru',\n                           'httpOnly': False,\n                           'path': '/',\n                           'expiry': 1723499808,\n                           'secure': True})\n        driver.add_cookie({'name': '_ym_d',\n                           'value': '1692006902',\n                           'domain': '.yandex.ru',\n                           'httpOnly': False,\n                           'path': '/',\n                           'expiry': 1723499808,\n                           'secure': True})\n        driver.add_cookie({'name': 'bh',\n                           'value': 'Ej8iTm90L0EpQnJhbmQiO3Y9Ijk5IiwiR29vZ2xlIENocm9tZSI7dj0iMTE1IiwiQ2hyb21pdW0iO3Y9IjExNSIaBSJ4ODYiIhAiMTE1LjAuNTc5MC4xMTAiKgI',\n                           'domain': 'yandex.ru',\n                           'httpOnly': False,\n                           'path': '/',\n                           'expiry': 1723499808,\n                           'secure': False})\n        driver.add_cookie({'name': '_ym_visorc',\n                           'value': 'b',\n                           'domain': '.yandex.ru',\n                           'httpOnly': False,\n                           'path': '/',\n                           'expiry': 1723499808,\n                           'secure': True})\n        driver.execute_script(\"arguments[0].scrollIntoView();\",\n                              sign_in_page.get_ya_ru_window_alternative_ways_to_sign_up())\n        driver.execute_script(\"arguments[0].click();\", sign_in_page.get_ya_ru_window_alternative_ways_to_sign_up())\n        sign_in_page.get_ya_ru_window_email_field().send_keys(credentials['ya.ru_email'])\n        sign_in_page.get_ya_ru_window_submit_button().click()\n        sign_in_page.get_ya_ru_window_password_field().send_keys(credentials['ya.ru_password'])\n        sign_in_page.get_ya_ru_window_submit_button().click()\n        sleep(5)\n        try:\n            sign_in_page.get_ya_ru_window_control_question_field()\n            sign_in_page.get_ya_ru_window_control_question_field().send_keys(credentials['ya.ru_question'])\n            sign_in_page.get_ya_ru_window_proceed_button().click()\n            print(f\"\\nПоявилось окно контрольного вопроса\")\n        except (NoSuchWindowException, NoSuchElementException):\n            print(f\"\\nНе появилось окно контрольного вопроса\")\n        driver.switch_to.window(driver.window_handles[0])\n>       sign_in_page.check_number_of_windows_to_be_equal(1)\n\ntests/test_sign_in/test_sign_in_page.py:224: \n_ _ _ _ _ _ _ _ _ _ _ _ _ _ _ _ _ _ _ _ _ _ _ _ _ _ _ _ _ _ _ _ _ _ _ _ _ _ _ _ \nbase/seleniumbase.py:115: in check_number_of_windows_to_be_equal\n    return self.__wait.until(EC.number_of_windows_to_be(number))\n_ _ _ _ _ _ _ _ _ _ _ _ _ _ _ _ _ _ _ _ _ _ _ _ _ _ _ _ _ _ _ _ _ _ _ _ _ _ _ _ \n\nself = <selenium.webdriver.support.wait.WebDriverWait (session=\"dd8c27455b18ee462e583f4a2f004908\")>\nmethod = <function number_of_windows_to_be.<locals>._predicate at 0x7f4905d325c0>\nmessage = ''\n\n    def until(self, method, message: str = \"\"):\n        \"\"\"Calls the method provided with the driver as an argument until the \\\n        return value does not evaluate to ``False``.\n    \n        :param method: callable(WebDriver)\n        :param message: optional message for :exc:`TimeoutException`\n        :returns: the result of the last call to `method`\n        :raises: :exc:`selenium.common.exceptions.TimeoutException` if timeout occurs\n        \"\"\"\n        screen = None\n        stacktrace = None\n    \n        end_time = time.monotonic() + self._timeout\n        while True:\n            try:\n                value = method(self._driver)\n                if value:\n                    return value\n            except self._ignored_exceptions as exc:\n                screen = getattr(exc, \"screen\", None)\n                stacktrace = getattr(exc, \"stacktrace\", None)\n            time.sleep(self._poll)\n            if time.monotonic() > end_time:\n                break\n>       raise TimeoutException(message, screen, stacktrace)\nE       selenium.common.exceptions.TimeoutException: Message:\n\n/usr/local/lib/python3.11/site-packages/selenium/webdriver/support/wait.py:95: TimeoutException","steps":[{"name":"Нахождение элемента: иконка 'ya.ru' окна авторизации","time":{"start":1693790044681,"stop":1693790044697,"duration":16},"status":"passed","steps":[],"attachments":[],"parameters":[],"shouldDisplayMessage":false,"stepsCount":0,"attachmentsCount":0,"hasContent":false},{"name":"Проверка кликабельности элемента: кнопка 'Другие способы входа' окна авторизации через 'ya.ru'","time":{"start":1693790049664,"stop":1693790049674,"duration":10},"status":"passed","steps":[],"attachments":[],"parameters":[],"shouldDisplayMessage":false,"stepsCount":0,"attachmentsCount":0,"hasContent":false},{"name":"Проверка кликабельности элемента: кнопка 'Другие способы входа' окна авторизации через 'ya.ru'","time":{"start":1693790049681,"stop":1693790049689,"duration":8},"status":"passed","steps":[],"attachments":[],"parameters":[],"shouldDisplayMessage":false,"stepsCount":0,"attachmentsCount":0,"hasContent":false},{"name":"Проверка кликабельности элемента: поле 'Email' окна авторизации через 'ya.ru'","time":{"start":1693790049737,"stop":1693790049811,"duration":74},"status":"passed","steps":[],"attachments":[],"parameters":[],"shouldDisplayMessage":false,"stepsCount":0,"attachmentsCount":0,"hasContent":false},{"name":"Нахождение элемента: кнопка 'Войти' окна авторизации через 'ya.ru'","time":{"start":1693790049940,"stop":1693790049953,"duration":13},"status":"passed","steps":[],"attachments":[],"parameters":[],"shouldDisplayMessage":false,"stepsCount":0,"attachmentsCount":0,"hasContent":false},{"name":"Проверка кликабельности элемента: поле 'Пароль' окна авторизации через 'ya.ru'","time":{"start":1693790049999,"stop":1693790050338,"duration":339},"status":"passed","steps":[],"attachments":[],"parameters":[],"shouldDisplayMessage":false,"stepsCount":0,"attachmentsCount":0,"hasContent":false},{"name":"Нахождение элемента: кнопка 'Войти' окна авторизации через 'ya.ru'","time":{"start":1693790050418,"stop":1693790050428,"duration":10},"status":"passed","steps":[],"attachments":[],"parameters":[],"shouldDisplayMessage":false,"stepsCount":0,"attachmentsCount":0,"hasContent":false},{"name":"Нахождение элемента: поле 'Ответ на контрольный вопрос' окна авторизации через 'ya.ru'","time":{"start":1693790055474,"stop":1693790055487,"duration":13},"status":"broken","statusMessage":"selenium.common.exceptions.NoSuchElementException: Message: no such element: Unable to locate element: {\"method\":\"css selector\",\"selector\":\"input[data-t='field:input-question']\"}\n  (Session info: headless chrome=116.0.5845.96); For documentation on this error, please visit: https://www.selenium.dev/documentation/webdriver/troubleshooting/errors#no-such-element-exception\nStacktrace:\n#0 0x5583fe896e23 <unknown>\n#1 0x5583fe5bf7a7 <unknown>\n#2 0x5583fe5fe1d3 <unknown>\n#3 0x5583fe5fe2c1 <unknown>\n#4 0x5583fe639a04 <unknown>\n#5 0x5583fe61f03d <unknown>\n#6 0x5583fe637369 <unknown>\n#7 0x5583fe61ede3 <unknown>\n#8 0x5583fe5f2a7b <unknown>\n#9 0x5583fe5f381e <unknown>\n#10 0x5583fe858638 <unknown>\n#11 0x5583fe85c507 <unknown>\n#12 0x5583fe866c4c <unknown>\n#13 0x5583fe85d136 <unknown>\n#14 0x5583fe82b9cf <unknown>\n#15 0x5583fe880b98 <unknown>\n#16 0x5583fe880d68 <unknown>\n#17 0x5583fe88fcb3 <unknown>\n#18 0x7f2b614f9044 <unknown>\n\n","statusTrace":"  File \"/usr/local/lib/python3.11/site-packages/allure_commons/_allure.py\", line 192, in impl\n    return func(*a, **kw)\n           ^^^^^^^^^^^^^^\n  File \"/app/pages/sign_in_page.py\", line 207, in get_ya_ru_window_control_question_field\n    return self.find_element(self._ya_ru_window_control_question_field)\n           ^^^^^^^^^^^^^^^^^^^^^^^^^^^^^^^^^^^^^^^^^^^^^^^^^^^^^^^^^^^^\n  File \"/app/base/seleniumbase.py\", line 17, in find_element\n    return self.driver.find_element(*locator)\n           ^^^^^^^^^^^^^^^^^^^^^^^^^^^^^^^^^^\n  File \"/usr/local/lib/python3.11/site-packages/selenium/webdriver/remote/webdriver.py\", line 740, in find_element\n    return self.execute(Command.FIND_ELEMENT, {\"using\": by, \"value\": value})[\"value\"]\n           ^^^^^^^^^^^^^^^^^^^^^^^^^^^^^^^^^^^^^^^^^^^^^^^^^^^^^^^^^^^^^^^^^\n  File \"/usr/local/lib/python3.11/site-packages/selenium/webdriver/remote/webdriver.py\", line 346, in execute\n    self.error_handler.check_response(response)\n  File \"/usr/local/lib/python3.11/site-packages/selenium/webdriver/remote/errorhandler.py\", line 245, in check_response\n    raise exception_class(message, screen, stacktrace)\n","steps":[],"attachments":[],"parameters":[],"shouldDisplayMessage":true,"stepsCount":0,"attachmentsCount":0,"hasContent":true}],"attachments":[{"uid":"3c4270fc753548a3","name":"Screenshot","source":"3c4270fc753548a3.png","type":"image/png","size":38251},{"uid":"309d1905a98d4a82","name":"HTML source","source":"309d1905a98d4a82.html","type":"text/html","size":403283}],"parameters":[],"shouldDisplayMessage":true,"stepsCount":8,"attachmentsCount":2,"hasContent":true},"afterStages":[{"name":"setup::0","time":{"start":1693790070721,"stop":1693790070721,"duration":0},"status":"passed","steps":[],"attachments":[],"parameters":[],"shouldDisplayMessage":false,"stepsCount":0,"attachmentsCount":0,"hasContent":false},{"name":"driver::0","time":{"start":1693790070722,"stop":1693790070788,"duration":66},"status":"passed","steps":[],"attachments":[],"parameters":[],"shouldDisplayMessage":false,"stepsCount":0,"attachmentsCount":0,"hasContent":false}],"labels":[{"name":"epic","value":"Sign In Page"},{"name":"tag","value":"smoke_test"},{"name":"tag","value":"@pytest.mark.xfail(reason='Появляется капча Яндекса при запуске теста на Github')"},{"name":"parentSuite","value":"tests.test_sign_in"},{"name":"suite","value":"test_sign_in_page"},{"name":"subSuite","value":"TestSignInPage"},{"name":"host","value":"08243a0d5630"},{"name":"thread","value":"1-MainThread"},{"name":"framework","value":"pytest"},{"name":"language","value":"cpython3"},{"name":"package","value":"tests.test_sign_in.test_sign_in_page"},{"name":"resultFormat","value":"allure2"}],"parameters":[],"links":[],"hidden":false,"retry":false,"extra":{"severity":"normal","retries":[],"categories":[],"history":{"statistic":{"failed":0,"broken":0,"skipped":35,"passed":3,"unknown":0,"total":38},"items":[{"uid":"1e7309e429547e0e","reportUrl":"https://Nat754.github.io/StroyremAutomation/3//#testresult/1e7309e429547e0e","status":"skipped","statusDetails":"XFAIL Появляется капча Яндекса при запуске теста на Github\n\nselenium.common.exceptions.TimeoutException: Message:","time":{"start":1693730627275,"stop":1693730651872,"duration":24597}},{"uid":"737633f10a67015a","reportUrl":"https://Nat754.github.io/StroyremAutomation/47//#testresult/737633f10a67015a","status":"skipped","statusDetails":"XFAIL Появляется капча Яндекса при запуске теста на Github\n\nselenium.common.exceptions.NoSuchElementException: Message: no such element: Unable to locate element: {\"method\":\"css selector\",\"selector\":\"button[data-t='button:clear']\"}\n  (Session info: headless chrome=116.0.5845.96); For documentation on this error, please visit: https://www.selenium.dev/documentation/webdriver/troubleshooting/errors#no-such-element-exception\nStacktrace:\n#0 0x55b161883e23 <unknown>\n#1 0x55b1615ac7a7 <unknown>\n#2 0x55b1615eb1d3 <unknown>\n#3 0x55b1615eb2c1 <unknown>\n#4 0x55b161626a04 <unknown>\n#5 0x55b16160c03d <unknown>\n#6 0x55b161624369 <unknown>\n#7 0x55b16160bde3 <unknown>\n#8 0x55b1615dfa7b <unknown>\n#9 0x55b1615e081e <unknown>\n#10 0x55b161845638 <unknown>\n#11 0x55b161849507 <unknown>\n#12 0x55b161853c4c <unknown>\n#13 0x55b16184a136 <unknown>\n#14 0x55b1618189cf <unknown>\n#15 0x55b16186db98 <unknown>\n#16 0x55b16186dd68 <unknown>\n#17 0x55b16187ccb3 <unknown>\n#18 0x7f7693a37044 <unknown>","time":{"start":1693731537531,"stop":1693731541700,"duration":4169}},{"uid":"14d43632438a3fd","reportUrl":"https://Nat754.github.io/StroyremAutomation/47//#testresult/14d43632438a3fd","status":"skipped","statusDetails":"XFAIL Появляется капча Яндекса при запуске теста на Github\n\nselenium.common.exceptions.TimeoutException: Message:","time":{"start":1693703917490,"stop":1693703944233,"duration":26743}},{"uid":"65d4e8931a79ebfa","reportUrl":"https://Nat754.github.io/StroyremAutomation/46//#testresult/65d4e8931a79ebfa","status":"skipped","statusDetails":"XFAIL Появляется капча Яндекса при запуске теста на Github\n\nselenium.common.exceptions.NoSuchElementException: Message: no such element: Unable to locate element: {\"method\":\"css selector\",\"selector\":\"button[data-t='button:clear']\"}\n  (Session info: headless chrome=116.0.5845.96); For documentation on this error, please visit: https://www.selenium.dev/documentation/webdriver/troubleshooting/errors#no-such-element-exception\nStacktrace:\n#0 0x56195a189e23 <unknown>\n#1 0x561959eb27a7 <unknown>\n#2 0x561959ef11d3 <unknown>\n#3 0x561959ef12c1 <unknown>\n#4 0x561959f2ca04 <unknown>\n#5 0x561959f1203d <unknown>\n#6 0x561959f2a369 <unknown>\n#7 0x561959f11de3 <unknown>\n#8 0x561959ee5a7b <unknown>\n#9 0x561959ee681e <unknown>\n#10 0x56195a14b638 <unknown>\n#11 0x56195a14f507 <unknown>\n#12 0x56195a159c4c <unknown>\n#13 0x56195a150136 <unknown>\n#14 0x56195a11e9cf <unknown>\n#15 0x56195a173b98 <unknown>\n#16 0x56195a173d68 <unknown>\n#17 0x56195a182cb3 <unknown>\n#18 0x7fd792cb3044 <unknown>","time":{"start":1693617101006,"stop":1693617106211,"duration":5205}},{"uid":"e2c12ab30efb337c","reportUrl":"https://Nat754.github.io/StroyremAutomation/45//#testresult/e2c12ab30efb337c","status":"skipped","statusDetails":"XFAIL Появляется капча Яндекса при запуске теста на Github\n\nselenium.common.exceptions.TimeoutException: Message:","time":{"start":1693530981167,"stop":1693531007736,"duration":26569}},{"uid":"295c326fc04d56ec","reportUrl":"https://Nat754.github.io/StroyremAutomation/2//#testresult/295c326fc04d56ec","status":"passed","statusDetails":"XPASS Появляется капча Яндекса при запуске теста на Github","time":{"start":1693476713612,"stop":1693476741684,"duration":28072}},{"uid":"25c2c6300dc60538","reportUrl":"https://Nat754.github.io/StroyremAutomation/44//#testresult/25c2c6300dc60538","status":"skipped","statusDetails":"XFAIL Появляется капча Яндекса при запуске теста на Github\n\nselenium.common.exceptions.TimeoutException: Message:","time":{"start":1693444222829,"stop":1693444248566,"duration":25737}},{"uid":"709f3c1c9cfe4e9a","reportUrl":"https://Nat754.github.io/StroyremAutomation/43//#testresult/709f3c1c9cfe4e9a","status":"skipped","statusDetails":"XFAIL Появляется капча Яндекса при запуске теста на Github\n\nselenium.common.exceptions.NoSuchElementException: Message: no such element: Unable to locate element: {\"method\":\"css selector\",\"selector\":\"button[data-t='button:clear']\"}\n  (Session info: headless chrome=116.0.5845.96); For documentation on this error, please visit: https://www.selenium.dev/documentation/webdriver/troubleshooting/errors#no-such-element-exception\nStacktrace:\n#0 0x556988ee7e23 <unknown>\n#1 0x556988c107a7 <unknown>\n#2 0x556988c4f1d3 <unknown>\n#3 0x556988c4f2c1 <unknown>\n#4 0x556988c8aa04 <unknown>\n#5 0x556988c7003d <unknown>\n#6 0x556988c88369 <unknown>\n#7 0x556988c6fde3 <unknown>\n#8 0x556988c43a7b <unknown>\n#9 0x556988c4481e <unknown>\n#10 0x556988ea9638 <unknown>\n#11 0x556988ead507 <unknown>\n#12 0x556988eb7c4c <unknown>\n#13 0x556988eae136 <unknown>\n#14 0x556988e7c9cf <unknown>\n#15 0x556988ed1b98 <unknown>\n#16 0x556988ed1d68 <unknown>\n#17 0x556988ee0cb3 <unknown>\n#18 0x7f0d74447044 <unknown>","time":{"start":1693357948056,"stop":1693357953331,"duration":5275}},{"uid":"6f7adb1bbdd6df08","reportUrl":"https://Nat754.github.io/StroyremAutomation/42//#testresult/6f7adb1bbdd6df08","status":"skipped","statusDetails":"XFAIL Появляется капча Яндекса при запуске теста на Github\n\nselenium.common.exceptions.TimeoutException: Message:","time":{"start":1693300724996,"stop":1693300750783,"duration":25787}},{"uid":"b7cab1ceaf2efc51","reportUrl":"https://Nat754.github.io/StroyremAutomation/41//#testresult/b7cab1ceaf2efc51","status":"skipped","statusDetails":"XFAIL Появляется капча Яндекса при запуске теста на Github\n\nselenium.common.exceptions.TimeoutException: Message:","time":{"start":1693298926359,"stop":1693298953105,"duration":26746}},{"uid":"6a39e6dc9b34b059","reportUrl":"https://Nat754.github.io/StroyremAutomation/41//#testresult/6a39e6dc9b34b059","status":"skipped","statusDetails":"XFAIL Появляется капча Яндекса при запуске теста на Github\n\nselenium.common.exceptions.TimeoutException: Message:","time":{"start":1693271129474,"stop":1693271154002,"duration":24528}},{"uid":"89dc56a66d3ceae8","reportUrl":"https://Nat754.github.io/StroyremAutomation/40//#testresult/89dc56a66d3ceae8","status":"skipped","statusDetails":"XFAIL Появляется капча Яндекса при запуске теста на Github\n\nselenium.common.exceptions.TimeoutException: Message:","time":{"start":1693244414884,"stop":1693244441689,"duration":26805}},{"uid":"5acb132df89f93b9","reportUrl":"https://Nat754.github.io/StroyremAutomation/40//#testresult/5acb132df89f93b9","status":"skipped","statusDetails":"XFAIL Появляется капча Яндекса при запуске теста на Github\n\nselenium.common.exceptions.TimeoutException: Message:","time":{"start":1693184833538,"stop":1693184858012,"duration":24474}},{"uid":"864404cb0e1ba15f","reportUrl":"https://Nat754.github.io/StroyremAutomation/39//#testresult/864404cb0e1ba15f","status":"skipped","statusDetails":"XFAIL Появляется капча Яндекса при запуске теста на Github\n\nselenium.common.exceptions.InvalidCookieDomainException: Message: invalid cookie domain: Cookie 'domain' mismatch\n  (Session info: headless chrome=116.0.5845.96)\nStacktrace:\n#0 0x55ac38452e23 <unknown>\n#1 0x55ac3817b7a7 <unknown>\n#2 0x55ac38204181 <unknown>\n#3 0x55ac381db012 <unknown>\n#4 0x55ac381f3369 <unknown>\n#5 0x55ac381dade3 <unknown>\n#6 0x55ac381aea7b <unknown>\n#7 0x55ac381af81e <unknown>\n#8 0x55ac38414638 <unknown>\n#9 0x55ac38418507 <unknown>\n#10 0x55ac38422c4c <unknown>\n#11 0x55ac38419136 <unknown>\n#12 0x55ac383e79cf <unknown>\n#13 0x55ac3843cb98 <unknown>\n#14 0x55ac3843cd68 <unknown>\n#15 0x55ac3844bcb3 <unknown>\n#16 0x7ff0df6c3044 <unknown>","time":{"start":1693170972210,"stop":1693170976606,"duration":4396}},{"uid":"2f2ebbddebdc71e0","reportUrl":"https://Nat754.github.io/StroyremAutomation/39//#testresult/2f2ebbddebdc71e0","status":"skipped","statusDetails":"XFAIL Появляется капча Яндекса при запуске теста на Github\n\nselenium.common.exceptions.TimeoutException: Message:","time":{"start":1693141060267,"stop":1693141084822,"duration":24555}},{"uid":"e9a99ee785837268","reportUrl":"https://Nat754.github.io/StroyremAutomation/39//#testresult/e9a99ee785837268","status":"passed","statusDetails":"XPASS Появляется капча Яндекса при запуске теста на Github","time":{"start":1693098508529,"stop":1693098530280,"duration":21751}},{"uid":"a0940323b0fa5efc","reportUrl":"https://Nat754.github.io/StroyremAutomation/38//#testresult/a0940323b0fa5efc","status":"skipped","statusDetails":"XFAIL Появляется капча Яндекса при запуске теста на Github\n\nselenium.common.exceptions.NoSuchElementException: Message: no such element: Unable to locate element: {\"method\":\"css selector\",\"selector\":\"button[data-t='button:clear']\"}\n  (Session info: headless chrome=116.0.5845.96); For documentation on this error, please visit: https://www.selenium.dev/documentation/webdriver/troubleshooting/errors#no-such-element-exception\nStacktrace:\n#0 0x563bc30a5e23 <unknown>\n#1 0x563bc2dce7a7 <unknown>\n#2 0x563bc2e0d1d3 <unknown>\n#3 0x563bc2e0d2c1 <unknown>\n#4 0x563bc2e48a04 <unknown>\n#5 0x563bc2e2e03d <unknown>\n#6 0x563bc2e46369 <unknown>\n#7 0x563bc2e2dde3 <unknown>\n#8 0x563bc2e01a7b <unknown>\n#9 0x563bc2e0281e <unknown>\n#10 0x563bc3067638 <unknown>\n#11 0x563bc306b507 <unknown>\n#12 0x563bc3075c4c <unknown>\n#13 0x563bc306c136 <unknown>\n#14 0x563bc303a9cf <unknown>\n#15 0x563bc308fb98 <unknown>\n#16 0x563bc308fd68 <unknown>\n#17 0x563bc309ecb3 <unknown>\n#18 0x7f5125670044 <unknown>","time":{"start":1693032280594,"stop":1693032283999,"duration":3405}},{"uid":"bc6a56ff5f8ab2f","reportUrl":"https://Nat754.github.io/StroyremAutomation/38//#testresult/bc6a56ff5f8ab2f","status":"skipped","statusDetails":"XFAIL Появляется капча Яндекса при запуске теста на Github\n\nselenium.common.exceptions.NoSuchElementException: Message: no such element: Unable to locate element: {\"method\":\"css selector\",\"selector\":\"button[data-t='button:clear']\"}\n  (Session info: headless chrome=116.0.5845.96); For documentation on this error, please visit: https://www.selenium.dev/documentation/webdriver/troubleshooting/errors#no-such-element-exception\nStacktrace:\n#0 0x55c681c1fe23 <unknown>\n#1 0x55c6819487a7 <unknown>\n#2 0x55c6819871d3 <unknown>\n#3 0x55c6819872c1 <unknown>\n#4 0x55c6819c2a04 <unknown>\n#5 0x55c6819a803d <unknown>\n#6 0x55c6819c0369 <unknown>\n#7 0x55c6819a7de3 <unknown>\n#8 0x55c68197ba7b <unknown>\n#9 0x55c68197c81e <unknown>\n#10 0x55c681be1638 <unknown>\n#11 0x55c681be5507 <unknown>\n#12 0x55c681befc4c <unknown>\n#13 0x55c681be6136 <unknown>\n#14 0x55c681bb49cf <unknown>\n#15 0x55c681c09b98 <unknown>\n#16 0x55c681c09d68 <unknown>\n#17 0x55c681c18cb3 <unknown>\n#18 0x7fbcd1662044 <unknown>","time":{"start":1693012036118,"stop":1693012040154,"duration":4036}},{"uid":"dd1912d6d1daabd8","reportUrl":"https://Nat754.github.io/StroyremAutomation/37//#testresult/dd1912d6d1daabd8","status":"skipped","statusDetails":"XFAIL Появляется капча Яндекса при запуске теста на Github\n\nselenium.common.exceptions.TimeoutException: Message:","time":{"start":1692967381142,"stop":1692967407877,"duration":26735}},{"uid":"6da7370ffda15adc","reportUrl":"https://Nat754.github.io/StroyremAutomation/36//#testresult/6da7370ffda15adc","status":"skipped","statusDetails":"XFAIL Появляется капча Яндекса при запуске теста на Github\n\nselenium.common.exceptions.TimeoutException: Message:","time":{"start":1692838832025,"stop":1692838856796,"duration":24771}}]},"tags":["@pytest.mark.xfail(reason='Появляется капча Яндекса при запуске теста на Github')","smoke_test"]},"source":"6eef1bcae2fab49f.json","parameterValues":[]}