{"uid":"1953aee06cf6fbc","name":"test_positive_delivery_green_zone_smoke[TD 004-products/shtukaturka-gipsovaya-aksolit-m50-30-kg-mashinnogo-naneseniya-13-400-450-1590-2190-https://sandboxtest.stroyrem-nn.ru/]","fullName":"tests.delivery.test_delivery_calculation.TestDeliveryPageCalculation#test_positive_delivery_green_zone_smoke","historyId":"ce812b2a55ed9f6130bedf202fa509e3","time":{"start":1718758762418,"stop":1718758763089,"duration":671},"status":"skipped","statusMessage":"XFAIL\n\nselenium.common.exceptions.NoSuchElementException: Message: no such element: Unable to locate element: {\"method\":\"xpath\",\"selector\":\"(//a[@class='add-to-cart yellow-btn'])[1]\"}\n  (Session info: chrome-headless-shell=126.0.6478.62); For documentation on this error, please visit: https://www.selenium.dev/documentation/webdriver/troubleshooting/errors#no-such-element-exception\nStacktrace:\n#0 0x55a99214d70a <unknown>\n#1 0x55a991e300dc <unknown>\n#2 0x55a991e7c931 <unknown>\n#3 0x55a991e7ca21 <unknown>\n#4 0x55a991ec1234 <unknown>\n#5 0x55a991e9f89d <unknown>\n#6 0x55a991ebe5c3 <unknown>\n#7 0x55a991e9f613 <unknown>\n#8 0x55a991e6f4f7 <unknown>\n#9 0x55a991e6fe4e <unknown>\n#10 0x55a9921138db <unknown>\n#11 0x55a992117981 <unknown>\n#12 0x55a9920ff3ce <unknown>\n#13 0x55a9921184e2 <unknown>\n#14 0x55a9920e3d2f <unknown>\n#15 0x55a99213d108 <unknown>\n#16 0x55a99213d2e0 <unknown>\n#17 0x55a99214c83c <unknown>\n#18 0x7f56de92f134 <unknown>","statusTrace":"self = <tests.delivery.test_delivery_calculation.TestDeliveryPageCalculation object at 0x7f4400727050>\ndriver = <selenium.webdriver.chrome.webdriver.WebDriver (session=\"521cdf57e53df8664ff6d89dbefb71fa\")>\nurl = 'https://sandboxtest.stroyrem-nn.ru/', case_id = 'TD 004'\nlink_item = 'products/shtukaturka-gipsovaya-aksolit-m50-30-kg-mashinnogo-naneseniya'\namount = 13, weight = 400, standard = 450, in_time = 1590, all_time = 2190\n\n    @pytest.mark.parametrize('case_id, link_item, amount, weight, standard, in_time, all_time', [\n        (\"TD 001\", uroven_3000, 1, 30, 0, 1590, 2190),\n        (\"TD 002\", bundeks_25, 1, 30, 400, 1590, 2190),\n        (\"TD 003\", aksolit_30, 8, 300, 400, 1590, 2190),\n        (\"TD 004\", aksolit_30, 13, 400, 450, 1590, 2190),\n        (\"TD 005\", aksolit_30, 16, 500, 600, 1590, 2190),\n        (\"TD 006\", aksolit_30, 25, 1700, 990, 1990, 2480),\n        (\"TD 007\", aksolit_30, 66, 2000, 1300, 2490, 2980),\n        (\"TD 008\", aksolit_30, 149, 4500, 2300, 3980, 4490),\n        (\"TD 009\", aksolit_30, 166, 5000, 2500, 4990, 5480),\n        pytest.param(\n            \"TD 010\", aksolit_30, 206, 6200, 2900, 5570, 6120,\n            marks=pytest.mark.xfail(reson=\"Цена доставки 3600 7960 8980\")\n        ),\n        (\"TD 011\", aksolit_30, 299, 9000, 3600, 7960, 8980),\n        (\"TD 012\", aksolit_30, 333, 10000, 4450, 11990, 12500),\n        pytest.param(\n            \"TD 013\", aksolit_30, 366, 11000, 4800, 12450, 13480,\n            marks=pytest.mark.xfail(reason=\"Цена стандартной доставки 4450\")\n        ),\n        pytest.param(\n            \"TD 014\", aksolit_30, 666, 20000, 5400, 15600, 17490,\n            marks=pytest.mark.xfail(reason=\"Цена стандартной доставки 4450\")\n        )\n    ])\n    @pytest.mark.xfail\n    @pytest.mark.smoke_test\n    def test_positive_delivery_green_zone_smoke(\n            self, driver, url, case_id, link_item, amount, weight, standard, in_time, all_time\n    ):\n    \n        driver.get(f'{url}{link_item}')\n        item_page = ItemPage(driver)\n>       item_page.add_item_to_cart(amount).click_on_cart()\n\ntests/delivery/test_delivery_calculation.py:50: \n_ _ _ _ _ _ _ _ _ _ _ _ _ _ _ _ _ _ _ _ _ _ _ _ _ _ _ _ _ _ _ _ _ _ _ _ _ _ _ _ \npages/item_page.py:40: in add_item_to_cart\n    self.find_element(self._add_item).click()\nbase/seleniumbase.py:17: in find_element\n    return self.driver.find_element(*locator)\n/usr/local/lib/python3.11/site-packages/selenium/webdriver/remote/webdriver.py:739: in find_element\n    return self.execute(Command.FIND_ELEMENT, {\"using\": by, \"value\": value})[\"value\"]\n/usr/local/lib/python3.11/site-packages/selenium/webdriver/remote/webdriver.py:345: in execute\n    self.error_handler.check_response(response)\n_ _ _ _ _ _ _ _ _ _ _ _ _ _ _ _ _ _ _ _ _ _ _ _ _ _ _ _ _ _ _ _ _ _ _ _ _ _ _ _ \n\nself = <selenium.webdriver.remote.errorhandler.ErrorHandler object at 0x7f43ffc30510>\nresponse = {'status': 404, 'value': '{\"value\":{\"error\":\"no such element\",\"message\":\"no such element: Unable to locate element: {\\...\\\\n#16 0x55a99213d2e0 \\\\u003Cunknown>\\\\n#17 0x55a99214c83c \\\\u003Cunknown>\\\\n#18 0x7f56de92f134 \\\\u003Cunknown>\\\\n\"}}'}\n\n    def check_response(self, response: Dict[str, Any]) -> None:\n        \"\"\"Checks that a JSON response from the WebDriver does not have an\n        error.\n    \n        :Args:\n         - response - The JSON response from the WebDriver server as a dictionary\n           object.\n    \n        :Raises: If the response contains an error message.\n        \"\"\"\n        status = response.get(\"status\", None)\n        if not status or status == ErrorCode.SUCCESS:\n            return\n        value = None\n        message = response.get(\"message\", \"\")\n        screen: str = response.get(\"screen\", \"\")\n        stacktrace = None\n        if isinstance(status, int):\n            value_json = response.get(\"value\", None)\n            if value_json and isinstance(value_json, str):\n                import json\n    \n                try:\n                    value = json.loads(value_json)\n                    if len(value) == 1:\n                        value = value[\"value\"]\n                    status = value.get(\"error\", None)\n                    if not status:\n                        status = value.get(\"status\", ErrorCode.UNKNOWN_ERROR)\n                        message = value.get(\"value\") or value.get(\"message\")\n                        if not isinstance(message, str):\n                            value = message\n                            message = message.get(\"message\")\n                    else:\n                        message = value.get(\"message\", None)\n                except ValueError:\n                    pass\n    \n        exception_class: Type[WebDriverException]\n        e = ErrorCode()\n        error_codes = [item for item in dir(e) if not item.startswith(\"__\")]\n        for error_code in error_codes:\n            error_info = getattr(ErrorCode, error_code)\n            if isinstance(error_info, list) and status in error_info:\n                exception_class = getattr(ExceptionMapping, error_code, WebDriverException)\n                break\n        else:\n            exception_class = WebDriverException\n    \n        if not value:\n            value = response[\"value\"]\n        if isinstance(value, str):\n            raise exception_class(value)\n        if message == \"\" and \"message\" in value:\n            message = value[\"message\"]\n    \n        screen = None  # type: ignore[assignment]\n        if \"screen\" in value:\n            screen = value[\"screen\"]\n    \n        stacktrace = None\n        st_value = value.get(\"stackTrace\") or value.get(\"stacktrace\")\n        if st_value:\n            if isinstance(st_value, str):\n                stacktrace = st_value.split(\"\\n\")\n            else:\n                stacktrace = []\n                try:\n                    for frame in st_value:\n                        line = frame.get(\"lineNumber\", \"\")\n                        file = frame.get(\"fileName\", \"<anonymous>\")\n                        if line:\n                            file = f\"{file}:{line}\"\n                        meth = frame.get(\"methodName\", \"<anonymous>\")\n                        if \"className\" in frame:\n                            meth = f\"{frame['className']}.{meth}\"\n                        msg = \"    at %s (%s)\"\n                        msg = msg % (meth, file)\n                        stacktrace.append(msg)\n                except TypeError:\n                    pass\n        if exception_class == UnexpectedAlertPresentException:\n            alert_text = None\n            if \"data\" in value:\n                alert_text = value[\"data\"].get(\"text\")\n            elif \"alert\" in value:\n                alert_text = value[\"alert\"].get(\"text\")\n            raise exception_class(message, screen, stacktrace, alert_text)  # type: ignore[call-arg]  # mypy is not smart enough here\n>       raise exception_class(message, screen, stacktrace)\nE       selenium.common.exceptions.NoSuchElementException: Message: no such element: Unable to locate element: {\"method\":\"xpath\",\"selector\":\"(//a[@class='add-to-cart yellow-btn'])[1]\"}\nE         (Session info: chrome-headless-shell=126.0.6478.62); For documentation on this error, please visit: https://www.selenium.dev/documentation/webdriver/troubleshooting/errors#no-such-element-exception\nE       Stacktrace:\nE       #0 0x55a99214d70a <unknown>\nE       #1 0x55a991e300dc <unknown>\nE       #2 0x55a991e7c931 <unknown>\nE       #3 0x55a991e7ca21 <unknown>\nE       #4 0x55a991ec1234 <unknown>\nE       #5 0x55a991e9f89d <unknown>\nE       #6 0x55a991ebe5c3 <unknown>\nE       #7 0x55a991e9f613 <unknown>\nE       #8 0x55a991e6f4f7 <unknown>\nE       #9 0x55a991e6fe4e <unknown>\nE       #10 0x55a9921138db <unknown>\nE       #11 0x55a992117981 <unknown>\nE       #12 0x55a9920ff3ce <unknown>\nE       #13 0x55a9921184e2 <unknown>\nE       #14 0x55a9920e3d2f <unknown>\nE       #15 0x55a99213d108 <unknown>\nE       #16 0x55a99213d2e0 <unknown>\nE       #17 0x55a99214c83c <unknown>\nE       #18 0x7f56de92f134 <unknown>\n\n/usr/local/lib/python3.11/site-packages/selenium/webdriver/remote/errorhandler.py:229: NoSuchElementException","flaky":false,"newFailed":false,"newBroken":false,"newPassed":false,"retriesCount":0,"retriesStatusChange":false,"beforeStages":[{"name":"_session_faker","time":{"start":1718758487513,"stop":1718758487581,"duration":68},"status":"passed","steps":[],"attachments":[],"parameters":[],"shouldDisplayMessage":false,"stepsCount":0,"attachmentsCount":0,"hasContent":false,"attachmentStep":false},{"name":"clear_allure_results_folder","time":{"start":1718758487581,"stop":1718758487581,"duration":0},"status":"passed","steps":[],"attachments":[],"parameters":[],"shouldDisplayMessage":false,"stepsCount":0,"attachmentsCount":0,"hasContent":false,"attachmentStep":false},{"name":"driver","time":{"start":1718758761727,"stop":1718758762416,"duration":689},"status":"passed","steps":[],"attachments":[],"parameters":[],"shouldDisplayMessage":false,"stepsCount":0,"attachmentsCount":0,"hasContent":false,"attachmentStep":false},{"name":"setup","time":{"start":1718758762417,"stop":1718758762417,"duration":0},"status":"passed","steps":[],"attachments":[],"parameters":[],"shouldDisplayMessage":false,"stepsCount":0,"attachmentsCount":0,"hasContent":false,"attachmentStep":false}],"testStage":{"status":"skipped","statusMessage":"XFAIL\n\nselenium.common.exceptions.NoSuchElementException: Message: no such element: Unable to locate element: {\"method\":\"xpath\",\"selector\":\"(//a[@class='add-to-cart yellow-btn'])[1]\"}\n  (Session info: chrome-headless-shell=126.0.6478.62); For documentation on this error, please visit: https://www.selenium.dev/documentation/webdriver/troubleshooting/errors#no-such-element-exception\nStacktrace:\n#0 0x55a99214d70a <unknown>\n#1 0x55a991e300dc <unknown>\n#2 0x55a991e7c931 <unknown>\n#3 0x55a991e7ca21 <unknown>\n#4 0x55a991ec1234 <unknown>\n#5 0x55a991e9f89d <unknown>\n#6 0x55a991ebe5c3 <unknown>\n#7 0x55a991e9f613 <unknown>\n#8 0x55a991e6f4f7 <unknown>\n#9 0x55a991e6fe4e <unknown>\n#10 0x55a9921138db <unknown>\n#11 0x55a992117981 <unknown>\n#12 0x55a9920ff3ce <unknown>\n#13 0x55a9921184e2 <unknown>\n#14 0x55a9920e3d2f <unknown>\n#15 0x55a99213d108 <unknown>\n#16 0x55a99213d2e0 <unknown>\n#17 0x55a99214c83c <unknown>\n#18 0x7f56de92f134 <unknown>","statusTrace":"self = <tests.delivery.test_delivery_calculation.TestDeliveryPageCalculation object at 0x7f4400727050>\ndriver = <selenium.webdriver.chrome.webdriver.WebDriver (session=\"521cdf57e53df8664ff6d89dbefb71fa\")>\nurl = 'https://sandboxtest.stroyrem-nn.ru/', case_id = 'TD 004'\nlink_item = 'products/shtukaturka-gipsovaya-aksolit-m50-30-kg-mashinnogo-naneseniya'\namount = 13, weight = 400, standard = 450, in_time = 1590, all_time = 2190\n\n    @pytest.mark.parametrize('case_id, link_item, amount, weight, standard, in_time, all_time', [\n        (\"TD 001\", uroven_3000, 1, 30, 0, 1590, 2190),\n        (\"TD 002\", bundeks_25, 1, 30, 400, 1590, 2190),\n        (\"TD 003\", aksolit_30, 8, 300, 400, 1590, 2190),\n        (\"TD 004\", aksolit_30, 13, 400, 450, 1590, 2190),\n        (\"TD 005\", aksolit_30, 16, 500, 600, 1590, 2190),\n        (\"TD 006\", aksolit_30, 25, 1700, 990, 1990, 2480),\n        (\"TD 007\", aksolit_30, 66, 2000, 1300, 2490, 2980),\n        (\"TD 008\", aksolit_30, 149, 4500, 2300, 3980, 4490),\n        (\"TD 009\", aksolit_30, 166, 5000, 2500, 4990, 5480),\n        pytest.param(\n            \"TD 010\", aksolit_30, 206, 6200, 2900, 5570, 6120,\n            marks=pytest.mark.xfail(reson=\"Цена доставки 3600 7960 8980\")\n        ),\n        (\"TD 011\", aksolit_30, 299, 9000, 3600, 7960, 8980),\n        (\"TD 012\", aksolit_30, 333, 10000, 4450, 11990, 12500),\n        pytest.param(\n            \"TD 013\", aksolit_30, 366, 11000, 4800, 12450, 13480,\n            marks=pytest.mark.xfail(reason=\"Цена стандартной доставки 4450\")\n        ),\n        pytest.param(\n            \"TD 014\", aksolit_30, 666, 20000, 5400, 15600, 17490,\n            marks=pytest.mark.xfail(reason=\"Цена стандартной доставки 4450\")\n        )\n    ])\n    @pytest.mark.xfail\n    @pytest.mark.smoke_test\n    def test_positive_delivery_green_zone_smoke(\n            self, driver, url, case_id, link_item, amount, weight, standard, in_time, all_time\n    ):\n    \n        driver.get(f'{url}{link_item}')\n        item_page = ItemPage(driver)\n>       item_page.add_item_to_cart(amount).click_on_cart()\n\ntests/delivery/test_delivery_calculation.py:50: \n_ _ _ _ _ _ _ _ _ _ _ _ _ _ _ _ _ _ _ _ _ _ _ _ _ _ _ _ _ _ _ _ _ _ _ _ _ _ _ _ \npages/item_page.py:40: in add_item_to_cart\n    self.find_element(self._add_item).click()\nbase/seleniumbase.py:17: in find_element\n    return self.driver.find_element(*locator)\n/usr/local/lib/python3.11/site-packages/selenium/webdriver/remote/webdriver.py:739: in find_element\n    return self.execute(Command.FIND_ELEMENT, {\"using\": by, \"value\": value})[\"value\"]\n/usr/local/lib/python3.11/site-packages/selenium/webdriver/remote/webdriver.py:345: in execute\n    self.error_handler.check_response(response)\n_ _ _ _ _ _ _ _ _ _ _ _ _ _ _ _ _ _ _ _ _ _ _ _ _ _ _ _ _ _ _ _ _ _ _ _ _ _ _ _ \n\nself = <selenium.webdriver.remote.errorhandler.ErrorHandler object at 0x7f43ffc30510>\nresponse = {'status': 404, 'value': '{\"value\":{\"error\":\"no such element\",\"message\":\"no such element: Unable to locate element: {\\...\\\\n#16 0x55a99213d2e0 \\\\u003Cunknown>\\\\n#17 0x55a99214c83c \\\\u003Cunknown>\\\\n#18 0x7f56de92f134 \\\\u003Cunknown>\\\\n\"}}'}\n\n    def check_response(self, response: Dict[str, Any]) -> None:\n        \"\"\"Checks that a JSON response from the WebDriver does not have an\n        error.\n    \n        :Args:\n         - response - The JSON response from the WebDriver server as a dictionary\n           object.\n    \n        :Raises: If the response contains an error message.\n        \"\"\"\n        status = response.get(\"status\", None)\n        if not status or status == ErrorCode.SUCCESS:\n            return\n        value = None\n        message = response.get(\"message\", \"\")\n        screen: str = response.get(\"screen\", \"\")\n        stacktrace = None\n        if isinstance(status, int):\n            value_json = response.get(\"value\", None)\n            if value_json and isinstance(value_json, str):\n                import json\n    \n                try:\n                    value = json.loads(value_json)\n                    if len(value) == 1:\n                        value = value[\"value\"]\n                    status = value.get(\"error\", None)\n                    if not status:\n                        status = value.get(\"status\", ErrorCode.UNKNOWN_ERROR)\n                        message = value.get(\"value\") or value.get(\"message\")\n                        if not isinstance(message, str):\n                            value = message\n                            message = message.get(\"message\")\n                    else:\n                        message = value.get(\"message\", None)\n                except ValueError:\n                    pass\n    \n        exception_class: Type[WebDriverException]\n        e = ErrorCode()\n        error_codes = [item for item in dir(e) if not item.startswith(\"__\")]\n        for error_code in error_codes:\n            error_info = getattr(ErrorCode, error_code)\n            if isinstance(error_info, list) and status in error_info:\n                exception_class = getattr(ExceptionMapping, error_code, WebDriverException)\n                break\n        else:\n            exception_class = WebDriverException\n    \n        if not value:\n            value = response[\"value\"]\n        if isinstance(value, str):\n            raise exception_class(value)\n        if message == \"\" and \"message\" in value:\n            message = value[\"message\"]\n    \n        screen = None  # type: ignore[assignment]\n        if \"screen\" in value:\n            screen = value[\"screen\"]\n    \n        stacktrace = None\n        st_value = value.get(\"stackTrace\") or value.get(\"stacktrace\")\n        if st_value:\n            if isinstance(st_value, str):\n                stacktrace = st_value.split(\"\\n\")\n            else:\n                stacktrace = []\n                try:\n                    for frame in st_value:\n                        line = frame.get(\"lineNumber\", \"\")\n                        file = frame.get(\"fileName\", \"<anonymous>\")\n                        if line:\n                            file = f\"{file}:{line}\"\n                        meth = frame.get(\"methodName\", \"<anonymous>\")\n                        if \"className\" in frame:\n                            meth = f\"{frame['className']}.{meth}\"\n                        msg = \"    at %s (%s)\"\n                        msg = msg % (meth, file)\n                        stacktrace.append(msg)\n                except TypeError:\n                    pass\n        if exception_class == UnexpectedAlertPresentException:\n            alert_text = None\n            if \"data\" in value:\n                alert_text = value[\"data\"].get(\"text\")\n            elif \"alert\" in value:\n                alert_text = value[\"alert\"].get(\"text\")\n            raise exception_class(message, screen, stacktrace, alert_text)  # type: ignore[call-arg]  # mypy is not smart enough here\n>       raise exception_class(message, screen, stacktrace)\nE       selenium.common.exceptions.NoSuchElementException: Message: no such element: Unable to locate element: {\"method\":\"xpath\",\"selector\":\"(//a[@class='add-to-cart yellow-btn'])[1]\"}\nE         (Session info: chrome-headless-shell=126.0.6478.62); For documentation on this error, please visit: https://www.selenium.dev/documentation/webdriver/troubleshooting/errors#no-such-element-exception\nE       Stacktrace:\nE       #0 0x55a99214d70a <unknown>\nE       #1 0x55a991e300dc <unknown>\nE       #2 0x55a991e7c931 <unknown>\nE       #3 0x55a991e7ca21 <unknown>\nE       #4 0x55a991ec1234 <unknown>\nE       #5 0x55a991e9f89d <unknown>\nE       #6 0x55a991ebe5c3 <unknown>\nE       #7 0x55a991e9f613 <unknown>\nE       #8 0x55a991e6f4f7 <unknown>\nE       #9 0x55a991e6fe4e <unknown>\nE       #10 0x55a9921138db <unknown>\nE       #11 0x55a992117981 <unknown>\nE       #12 0x55a9920ff3ce <unknown>\nE       #13 0x55a9921184e2 <unknown>\nE       #14 0x55a9920e3d2f <unknown>\nE       #15 0x55a99213d108 <unknown>\nE       #16 0x55a99213d2e0 <unknown>\nE       #17 0x55a99214c83c <unknown>\nE       #18 0x7f56de92f134 <unknown>\n\n/usr/local/lib/python3.11/site-packages/selenium/webdriver/remote/errorhandler.py:229: NoSuchElementException","steps":[{"name":"Добавляем товар в корзину в количестве 13","time":{"start":1718758763072,"stop":1718758763088,"duration":16},"status":"broken","statusMessage":"selenium.common.exceptions.NoSuchElementException: Message: no such element: Unable to locate element: {\"method\":\"xpath\",\"selector\":\"(//a[@class='add-to-cart yellow-btn'])[1]\"}\n  (Session info: chrome-headless-shell=126.0.6478.62); For documentation on this error, please visit: https://www.selenium.dev/documentation/webdriver/troubleshooting/errors#no-such-element-exception\nStacktrace:\n#0 0x55a99214d70a <unknown>\n#1 0x55a991e300dc <unknown>\n#2 0x55a991e7c931 <unknown>\n#3 0x55a991e7ca21 <unknown>\n#4 0x55a991ec1234 <unknown>\n#5 0x55a991e9f89d <unknown>\n#6 0x55a991ebe5c3 <unknown>\n#7 0x55a991e9f613 <unknown>\n#8 0x55a991e6f4f7 <unknown>\n#9 0x55a991e6fe4e <unknown>\n#10 0x55a9921138db <unknown>\n#11 0x55a992117981 <unknown>\n#12 0x55a9920ff3ce <unknown>\n#13 0x55a9921184e2 <unknown>\n#14 0x55a9920e3d2f <unknown>\n#15 0x55a99213d108 <unknown>\n#16 0x55a99213d2e0 <unknown>\n#17 0x55a99214c83c <unknown>\n#18 0x7f56de92f134 <unknown>\n\n","statusTrace":"  File \"/usr/local/lib/python3.11/site-packages/allure_commons/_allure.py\", line 192, in impl\n    return func(*a, **kw)\n           ^^^^^^^^^^^^^^\n  File \"/app/pages/item_page.py\", line 40, in add_item_to_cart\n    self.find_element(self._add_item).click()\n    ^^^^^^^^^^^^^^^^^^^^^^^^^^^^^^^^^\n  File \"/app/base/seleniumbase.py\", line 17, in find_element\n    return self.driver.find_element(*locator)\n           ^^^^^^^^^^^^^^^^^^^^^^^^^^^^^^^^^^\n  File \"/usr/local/lib/python3.11/site-packages/selenium/webdriver/remote/webdriver.py\", line 739, in find_element\n    return self.execute(Command.FIND_ELEMENT, {\"using\": by, \"value\": value})[\"value\"]\n           ^^^^^^^^^^^^^^^^^^^^^^^^^^^^^^^^^^^^^^^^^^^^^^^^^^^^^^^^^^^^^^^^^\n  File \"/usr/local/lib/python3.11/site-packages/selenium/webdriver/remote/webdriver.py\", line 345, in execute\n    self.error_handler.check_response(response)\n  File \"/usr/local/lib/python3.11/site-packages/selenium/webdriver/remote/errorhandler.py\", line 229, in check_response\n    raise exception_class(message, screen, stacktrace)\n","steps":[],"attachments":[],"parameters":[{"name":"amount","value":"13"}],"shouldDisplayMessage":true,"stepsCount":0,"attachmentsCount":0,"hasContent":true,"attachmentStep":false}],"attachments":[{"uid":"96894147e50144e4","name":"Screenshot","source":"96894147e50144e4.png","type":"image/png","size":4720},{"uid":"dee964a800431635","name":"HTML source","source":"dee964a800431635.html","type":"text/html","size":39}],"parameters":[],"shouldDisplayMessage":true,"stepsCount":1,"attachmentsCount":2,"hasContent":true,"attachmentStep":false},"afterStages":[{"name":"setup::0","time":{"start":1718758763182,"stop":1718758763182,"duration":0},"status":"passed","steps":[],"attachments":[],"parameters":[],"shouldDisplayMessage":false,"stepsCount":0,"attachmentsCount":0,"hasContent":false,"attachmentStep":false},{"name":"driver::0","time":{"start":1718758763182,"stop":1718758763242,"duration":60},"status":"passed","steps":[],"attachments":[],"parameters":[],"shouldDisplayMessage":false,"stepsCount":0,"attachmentsCount":0,"hasContent":false,"attachmentStep":false}],"labels":[{"name":"epic","value":"Delivery Page - calculation"},{"name":"tag","value":"smoke_test"},{"name":"tag","value":"@pytest.mark.xfail"},{"name":"parentSuite","value":"tests.delivery"},{"name":"suite","value":"test_delivery_calculation"},{"name":"subSuite","value":"TestDeliveryPageCalculation"},{"name":"host","value":"e24b006f4080"},{"name":"thread","value":"1-MainThread"},{"name":"framework","value":"pytest"},{"name":"language","value":"cpython3"},{"name":"package","value":"tests.delivery.test_delivery_calculation"},{"name":"resultFormat","value":"allure2"}],"parameters":[{"name":"all_time","value":"2190"},{"name":"amount","value":"13"},{"name":"case_id","value":"'TD 004'"},{"name":"in_time","value":"1590"},{"name":"link_item","value":"'products/shtukaturka-gipsovaya-aksolit-m50-30-kg-mashinnogo-naneseniya'"},{"name":"standard","value":"450"},{"name":"url","value":"'https://sandboxtest.stroyrem-nn.ru/'"},{"name":"weight","value":"400"}],"links":[],"hidden":false,"retry":false,"extra":{"severity":"normal","retries":[],"categories":[],"history":{"statistic":{"failed":0,"broken":0,"skipped":21,"passed":0,"unknown":0,"total":21},"items":[{"uid":"b0d87d6513bce0dc","reportUrl":"https://Nat754.github.io/StroyremAutomation/342//#testresult/b0d87d6513bce0dc","status":"skipped","statusDetails":"XFAIL\n\nselenium.common.exceptions.NoSuchElementException: Message: no such element: Unable to locate element: {\"method\":\"xpath\",\"selector\":\"(//a[@class='add-to-cart yellow-btn'])[1]\"}\n  (Session info: chrome-headless-shell=126.0.6478.61); For documentation on this error, please visit: https://www.selenium.dev/documentation/webdriver/troubleshooting/errors#no-such-element-exception\nStacktrace:\n#0 0x557bd018b6aa <unknown>\n#1 0x557bcfe6e0dc <unknown>\n#2 0x557bcfeba931 <unknown>\n#3 0x557bcfebaa21 <unknown>\n#4 0x557bcfeff234 <unknown>\n#5 0x557bcfedd89d <unknown>\n#6 0x557bcfefc5c3 <unknown>\n#7 0x557bcfedd613 <unknown>\n#8 0x557bcfead4f7 <unknown>\n#9 0x557bcfeade4e <unknown>\n#10 0x557bd015187b <unknown>\n#11 0x557bd0155921 <unknown>\n#12 0x557bd013d36e <unknown>\n#13 0x557bd0156482 <unknown>\n#14 0x557bd0121ccf <unknown>\n#15 0x557bd017b0a8 <unknown>\n#16 0x557bd017b280 <unknown>\n#17 0x557bd018a7dc <unknown>\n#18 0x7fa640cdd134 <unknown>","time":{"start":1718672348073,"stop":1718672348537,"duration":464}},{"uid":"b6faae9faa4e5271","reportUrl":"https://Nat754.github.io/StroyremAutomation/341//#testresult/b6faae9faa4e5271","status":"skipped","statusDetails":"XFAIL\n\nselenium.common.exceptions.NoSuchElementException: Message: no such element: Unable to locate element: {\"method\":\"xpath\",\"selector\":\"(//a[@class='add-to-cart yellow-btn'])[1]\"}\n  (Session info: chrome-headless-shell=126.0.6478.61); For documentation on this error, please visit: https://www.selenium.dev/documentation/webdriver/troubleshooting/errors#no-such-element-exception\nStacktrace:\n#0 0x5632920df6aa <unknown>\n#1 0x563291dc20dc <unknown>\n#2 0x563291e0e931 <unknown>\n#3 0x563291e0ea21 <unknown>\n#4 0x563291e53234 <unknown>\n#5 0x563291e3189d <unknown>\n#6 0x563291e505c3 <unknown>\n#7 0x563291e31613 <unknown>\n#8 0x563291e014f7 <unknown>\n#9 0x563291e01e4e <unknown>\n#10 0x5632920a587b <unknown>\n#11 0x5632920a9921 <unknown>\n#12 0x56329209136e <unknown>\n#13 0x5632920aa482 <unknown>\n#14 0x563292075ccf <unknown>\n#15 0x5632920cf0a8 <unknown>\n#16 0x5632920cf280 <unknown>\n#17 0x5632920de7dc <unknown>\n#18 0x7fd27a06a134 <unknown>","time":{"start":1718586052658,"stop":1718586053292,"duration":634}},{"uid":"d723dd216e010d28","reportUrl":"https://Nat754.github.io/StroyremAutomation/340//#testresult/d723dd216e010d28","status":"skipped","statusDetails":"XFAIL\n\nselenium.common.exceptions.NoSuchElementException: Message: no such element: Unable to locate element: {\"method\":\"xpath\",\"selector\":\"(//a[@class='add-to-cart yellow-btn'])[1]\"}\n  (Session info: chrome-headless-shell=126.0.6478.61); For documentation on this error, please visit: https://www.selenium.dev/documentation/webdriver/troubleshooting/errors#no-such-element-exception\nStacktrace:\n#0 0x555a8046b6aa <unknown>\n#1 0x555a8014e0dc <unknown>\n#2 0x555a8019a931 <unknown>\n#3 0x555a8019aa21 <unknown>\n#4 0x555a801df234 <unknown>\n#5 0x555a801bd89d <unknown>\n#6 0x555a801dc5c3 <unknown>\n#7 0x555a801bd613 <unknown>\n#8 0x555a8018d4f7 <unknown>\n#9 0x555a8018de4e <unknown>\n#10 0x555a8043187b <unknown>\n#11 0x555a80435921 <unknown>\n#12 0x555a8041d36e <unknown>\n#13 0x555a80436482 <unknown>\n#14 0x555a80401ccf <unknown>\n#15 0x555a8045b0a8 <unknown>\n#16 0x555a8045b280 <unknown>\n#17 0x555a8046a7dc <unknown>\n#18 0x7fd758736134 <unknown>","time":{"start":1718499761439,"stop":1718499762217,"duration":778}},{"uid":"7ecc8622f1411eb6","reportUrl":"https://Nat754.github.io/StroyremAutomation/339//#testresult/7ecc8622f1411eb6","status":"skipped","statusDetails":"XFAIL\n\nselenium.common.exceptions.NoSuchElementException: Message: no such element: Unable to locate element: {\"method\":\"xpath\",\"selector\":\"(//a[@class='add-to-cart yellow-btn'])[1]\"}\n  (Session info: chrome-headless-shell=126.0.6478.61); For documentation on this error, please visit: https://www.selenium.dev/documentation/webdriver/troubleshooting/errors#no-such-element-exception\nStacktrace:\n#0 0x5557ee7886aa <unknown>\n#1 0x5557ee46b0dc <unknown>\n#2 0x5557ee4b7931 <unknown>\n#3 0x5557ee4b7a21 <unknown>\n#4 0x5557ee4fc234 <unknown>\n#5 0x5557ee4da89d <unknown>\n#6 0x5557ee4f95c3 <unknown>\n#7 0x5557ee4da613 <unknown>\n#8 0x5557ee4aa4f7 <unknown>\n#9 0x5557ee4aae4e <unknown>\n#10 0x5557ee74e87b <unknown>\n#11 0x5557ee752921 <unknown>\n#12 0x5557ee73a36e <unknown>\n#13 0x5557ee753482 <unknown>\n#14 0x5557ee71eccf <unknown>\n#15 0x5557ee7780a8 <unknown>\n#16 0x5557ee778280 <unknown>\n#17 0x5557ee7877dc <unknown>\n#18 0x7f3ac786b134 <unknown>","time":{"start":1718413148199,"stop":1718413148957,"duration":758}},{"uid":"c43956c5578b4379","reportUrl":"https://Nat754.github.io/StroyremAutomation/338//#testresult/c43956c5578b4379","status":"skipped","statusDetails":"XFAIL\n\nselenium.common.exceptions.NoSuchElementException: Message: no such element: Unable to locate element: {\"method\":\"xpath\",\"selector\":\"(//a[@class='add-to-cart yellow-btn'])[1]\"}\n  (Session info: chrome-headless-shell=126.0.6478.61); For documentation on this error, please visit: https://www.selenium.dev/documentation/webdriver/troubleshooting/errors#no-such-element-exception\nStacktrace:\n#0 0x561d7bfe26aa <unknown>\n#1 0x561d7bcc50dc <unknown>\n#2 0x561d7bd11931 <unknown>\n#3 0x561d7bd11a21 <unknown>\n#4 0x561d7bd56234 <unknown>\n#5 0x561d7bd3489d <unknown>\n#6 0x561d7bd535c3 <unknown>\n#7 0x561d7bd34613 <unknown>\n#8 0x561d7bd044f7 <unknown>\n#9 0x561d7bd04e4e <unknown>\n#10 0x561d7bfa887b <unknown>\n#11 0x561d7bfac921 <unknown>\n#12 0x561d7bf9436e <unknown>\n#13 0x561d7bfad482 <unknown>\n#14 0x561d7bf78ccf <unknown>\n#15 0x561d7bfd20a8 <unknown>\n#16 0x561d7bfd2280 <unknown>\n#17 0x561d7bfe17dc <unknown>\n#18 0x7f3bbfd7a134 <unknown>","time":{"start":1718326719278,"stop":1718326719864,"duration":586}},{"uid":"1dc2b3cca397e4d0","reportUrl":"https://Nat754.github.io/StroyremAutomation/337//#testresult/1dc2b3cca397e4d0","status":"skipped","statusDetails":"XFAIL\n\nselenium.common.exceptions.NoSuchElementException: Message: no such element: Unable to locate element: {\"method\":\"xpath\",\"selector\":\"(//a[@class='add-to-cart yellow-btn'])[1]\"}\n  (Session info: chrome-headless-shell=126.0.6478.55); For documentation on this error, please visit: https://www.selenium.dev/documentation/webdriver/troubleshooting/errors#no-such-element-exception\nStacktrace:\n#0 0x55776aa436aa <unknown>\n#1 0x55776a7260dc <unknown>\n#2 0x55776a772931 <unknown>\n#3 0x55776a772a21 <unknown>\n#4 0x55776a7b7234 <unknown>\n#5 0x55776a79589d <unknown>\n#6 0x55776a7b45c3 <unknown>\n#7 0x55776a795613 <unknown>\n#8 0x55776a7654f7 <unknown>\n#9 0x55776a765e4e <unknown>\n#10 0x55776aa0987b <unknown>\n#11 0x55776aa0d921 <unknown>\n#12 0x55776a9f536e <unknown>\n#13 0x55776aa0e482 <unknown>\n#14 0x55776a9d9ccf <unknown>\n#15 0x55776aa330a8 <unknown>\n#16 0x55776aa33280 <unknown>\n#17 0x55776aa427dc <unknown>\n#18 0x7f36f0bd7134 <unknown>","time":{"start":1718240312713,"stop":1718240313315,"duration":602}},{"uid":"79b1205926f66785","reportUrl":"https://Nat754.github.io/StroyremAutomation/336//#testresult/79b1205926f66785","status":"skipped","statusDetails":"XFAIL\n\nselenium.common.exceptions.NoSuchElementException: Message: no such element: Unable to locate element: {\"method\":\"xpath\",\"selector\":\"(//a[@class='add-to-cart yellow-btn'])[1]\"}\n  (Session info: chrome-headless-shell=126.0.6478.55); For documentation on this error, please visit: https://www.selenium.dev/documentation/webdriver/troubleshooting/errors#no-such-element-exception\nStacktrace:\n#0 0x55c4550b76aa <unknown>\n#1 0x55c454d9a0dc <unknown>\n#2 0x55c454de6931 <unknown>\n#3 0x55c454de6a21 <unknown>\n#4 0x55c454e2b234 <unknown>\n#5 0x55c454e0989d <unknown>\n#6 0x55c454e285c3 <unknown>\n#7 0x55c454e09613 <unknown>\n#8 0x55c454dd94f7 <unknown>\n#9 0x55c454dd9e4e <unknown>\n#10 0x55c45507d87b <unknown>\n#11 0x55c455081921 <unknown>\n#12 0x55c45506936e <unknown>\n#13 0x55c455082482 <unknown>\n#14 0x55c45504dccf <unknown>\n#15 0x55c4550a70a8 <unknown>\n#16 0x55c4550a7280 <unknown>\n#17 0x55c4550b67dc <unknown>\n#18 0x7f9d4fd73134 <unknown>","time":{"start":1718153959450,"stop":1718153960077,"duration":627}},{"uid":"82c2530dd46bfa0e","reportUrl":"https://Nat754.github.io/StroyremAutomation/335//#testresult/82c2530dd46bfa0e","status":"skipped","statusDetails":"XFAIL\n\nselenium.common.exceptions.NoSuchElementException: Message: no such element: Unable to locate element: {\"method\":\"xpath\",\"selector\":\"(//a[@class='add-to-cart yellow-btn'])[1]\"}\n  (Session info: chrome-headless-shell=125.0.6422.141); For documentation on this error, please visit: https://www.selenium.dev/documentation/webdriver/troubleshooting/errors#no-such-element-exception\nStacktrace:\n#0 0x55bfd13d5e3a <unknown>\n#1 0x55bfd10bf45c <unknown>\n#2 0x55bfd110b5b5 <unknown>\n#3 0x55bfd110b671 <unknown>\n#4 0x55bfd114ff14 <unknown>\n#5 0x55bfd112e4dd <unknown>\n#6 0x55bfd114d2cc <unknown>\n#7 0x55bfd112e253 <unknown>\n#8 0x55bfd10fe1c7 <unknown>\n#9 0x55bfd10feb3e <unknown>\n#10 0x55bfd139c27b <unknown>\n#11 0x55bfd13a0327 <unknown>\n#12 0x55bfd1388dae <unknown>\n#13 0x55bfd13a0df2 <unknown>\n#14 0x55bfd136d74f <unknown>\n#15 0x55bfd13c5128 <unknown>\n#16 0x55bfd13c52fb <unknown>\n#17 0x55bfd13d4f6c <unknown>\n#18 0x7f71ae5ac134 <unknown>","time":{"start":1718067510823,"stop":1718067511522,"duration":699}},{"uid":"55e6f304d3a723a9","reportUrl":"https://Nat754.github.io/StroyremAutomation/334//#testresult/55e6f304d3a723a9","status":"skipped","statusDetails":"XFAIL\n\nselenium.common.exceptions.NoSuchElementException: Message: no such element: Unable to locate element: {\"method\":\"xpath\",\"selector\":\"(//a[@class='add-to-cart yellow-btn'])[1]\"}\n  (Session info: chrome-headless-shell=125.0.6422.141); For documentation on this error, please visit: https://www.selenium.dev/documentation/webdriver/troubleshooting/errors#no-such-element-exception\nStacktrace:\n#0 0x55818cfb1e3a <unknown>\n#1 0x55818cc9b45c <unknown>\n#2 0x55818cce75b5 <unknown>\n#3 0x55818cce7671 <unknown>\n#4 0x55818cd2bf14 <unknown>\n#5 0x55818cd0a4dd <unknown>\n#6 0x55818cd292cc <unknown>\n#7 0x55818cd0a253 <unknown>\n#8 0x55818ccda1c7 <unknown>\n#9 0x55818ccdab3e <unknown>\n#10 0x55818cf7827b <unknown>\n#11 0x55818cf7c327 <unknown>\n#12 0x55818cf64dae <unknown>\n#13 0x55818cf7cdf2 <unknown>\n#14 0x55818cf4974f <unknown>\n#15 0x55818cfa1128 <unknown>\n#16 0x55818cfa12fb <unknown>\n#17 0x55818cfb0f6c <unknown>\n#18 0x7fd45d1db134 <unknown>","time":{"start":1717981218138,"stop":1717981218736,"duration":598}},{"uid":"57d62e316211f2e9","reportUrl":"https://Nat754.github.io/StroyremAutomation/333//#testresult/57d62e316211f2e9","status":"skipped","statusDetails":"XFAIL\n\nselenium.common.exceptions.NoSuchElementException: Message: no such element: Unable to locate element: {\"method\":\"xpath\",\"selector\":\"(//a[@class='add-to-cart yellow-btn'])[1]\"}\n  (Session info: chrome-headless-shell=125.0.6422.141); For documentation on this error, please visit: https://www.selenium.dev/documentation/webdriver/troubleshooting/errors#no-such-element-exception\nStacktrace:\n#0 0x563efefa7e3a <unknown>\n#1 0x563efec9145c <unknown>\n#2 0x563efecdd5b5 <unknown>\n#3 0x563efecdd671 <unknown>\n#4 0x563efed21f14 <unknown>\n#5 0x563efed004dd <unknown>\n#6 0x563efed1f2cc <unknown>\n#7 0x563efed00253 <unknown>\n#8 0x563efecd01c7 <unknown>\n#9 0x563efecd0b3e <unknown>\n#10 0x563efef6e27b <unknown>\n#11 0x563efef72327 <unknown>\n#12 0x563efef5adae <unknown>\n#13 0x563efef72df2 <unknown>\n#14 0x563efef3f74f <unknown>\n#15 0x563efef97128 <unknown>\n#16 0x563efef972fb <unknown>\n#17 0x563efefa6f6c <unknown>\n#18 0x7fe29d440134 <unknown>","time":{"start":1717894975037,"stop":1717894975340,"duration":303}},{"uid":"f34c217086f4916b","reportUrl":"https://Nat754.github.io/StroyremAutomation/332//#testresult/f34c217086f4916b","status":"skipped","statusDetails":"XFAIL\n\nselenium.common.exceptions.NoSuchElementException: Message: no such element: Unable to locate element: {\"method\":\"xpath\",\"selector\":\"(//a[@class='add-to-cart yellow-btn'])[1]\"}\n  (Session info: chrome-headless-shell=125.0.6422.141); For documentation on this error, please visit: https://www.selenium.dev/documentation/webdriver/troubleshooting/errors#no-such-element-exception\nStacktrace:\n#0 0x55627e23ce3a <unknown>\n#1 0x55627df2645c <unknown>\n#2 0x55627df725b5 <unknown>\n#3 0x55627df72671 <unknown>\n#4 0x55627dfb6f14 <unknown>\n#5 0x55627df954dd <unknown>\n#6 0x55627dfb42cc <unknown>\n#7 0x55627df95253 <unknown>\n#8 0x55627df651c7 <unknown>\n#9 0x55627df65b3e <unknown>\n#10 0x55627e20327b <unknown>\n#11 0x55627e207327 <unknown>\n#12 0x55627e1efdae <unknown>\n#13 0x55627e207df2 <unknown>\n#14 0x55627e1d474f <unknown>\n#15 0x55627e22c128 <unknown>\n#16 0x55627e22c2fb <unknown>\n#17 0x55627e23bf6c <unknown>\n#18 0x7f47cdf98134 <unknown>","time":{"start":1717808301587,"stop":1717808302221,"duration":634}},{"uid":"50068467594c48e8","reportUrl":"https://Nat754.github.io/StroyremAutomation/331//#testresult/50068467594c48e8","status":"skipped","statusDetails":"XFAIL\n\nselenium.common.exceptions.NoSuchElementException: Message: no such element: Unable to locate element: {\"method\":\"xpath\",\"selector\":\"(//a[@class='add-to-cart yellow-btn'])[1]\"}\n  (Session info: chrome-headless-shell=125.0.6422.141); For documentation on this error, please visit: https://www.selenium.dev/documentation/webdriver/troubleshooting/errors#no-such-element-exception\nStacktrace:\n#0 0x564ed6761e3a <unknown>\n#1 0x564ed644b45c <unknown>\n#2 0x564ed64975b5 <unknown>\n#3 0x564ed6497671 <unknown>\n#4 0x564ed64dbf14 <unknown>\n#5 0x564ed64ba4dd <unknown>\n#6 0x564ed64d92cc <unknown>\n#7 0x564ed64ba253 <unknown>\n#8 0x564ed648a1c7 <unknown>\n#9 0x564ed648ab3e <unknown>\n#10 0x564ed672827b <unknown>\n#11 0x564ed672c327 <unknown>\n#12 0x564ed6714dae <unknown>\n#13 0x564ed672cdf2 <unknown>\n#14 0x564ed66f974f <unknown>\n#15 0x564ed6751128 <unknown>\n#16 0x564ed67512fb <unknown>\n#17 0x564ed6760f6c <unknown>\n#18 0x7f5f1748d134 <unknown>","time":{"start":1717721979860,"stop":1717721980434,"duration":574}},{"uid":"53cb0f89069e49ee","reportUrl":"https://Nat754.github.io/StroyremAutomation/330//#testresult/53cb0f89069e49ee","status":"skipped","statusDetails":"XFAIL\n\nselenium.common.exceptions.NoSuchElementException: Message: no such element: Unable to locate element: {\"method\":\"xpath\",\"selector\":\"(//a[@class='add-to-cart yellow-btn'])[1]\"}\n  (Session info: chrome-headless-shell=125.0.6422.141); For documentation on this error, please visit: https://www.selenium.dev/documentation/webdriver/troubleshooting/errors#no-such-element-exception\nStacktrace:\n#0 0x5570f4d8de3a <unknown>\n#1 0x5570f4a7745c <unknown>\n#2 0x5570f4ac35b5 <unknown>\n#3 0x5570f4ac3671 <unknown>\n#4 0x5570f4b07f14 <unknown>\n#5 0x5570f4ae64dd <unknown>\n#6 0x5570f4b052cc <unknown>\n#7 0x5570f4ae6253 <unknown>\n#8 0x5570f4ab61c7 <unknown>\n#9 0x5570f4ab6b3e <unknown>\n#10 0x5570f4d5427b <unknown>\n#11 0x5570f4d58327 <unknown>\n#12 0x5570f4d40dae <unknown>\n#13 0x5570f4d58df2 <unknown>\n#14 0x5570f4d2574f <unknown>\n#15 0x5570f4d7d128 <unknown>\n#16 0x5570f4d7d2fb <unknown>\n#17 0x5570f4d8cf6c <unknown>\n#18 0x7f5dc2819134 <unknown>","time":{"start":1717635455314,"stop":1717635455800,"duration":486}},{"uid":"463e68047876467","reportUrl":"https://Nat754.github.io/StroyremAutomation/329//#testresult/463e68047876467","status":"skipped","statusDetails":"XFAIL\n\nselenium.common.exceptions.NoSuchElementException: Message: no such element: Unable to locate element: {\"method\":\"xpath\",\"selector\":\"(//a[@class='add-to-cart yellow-btn'])[1]\"}\n  (Session info: chrome-headless-shell=125.0.6422.141); For documentation on this error, please visit: https://www.selenium.dev/documentation/webdriver/troubleshooting/errors#no-such-element-exception\nStacktrace:\n#0 0x55c3e3d2ee3a <unknown>\n#1 0x55c3e3a1845c <unknown>\n#2 0x55c3e3a645b5 <unknown>\n#3 0x55c3e3a64671 <unknown>\n#4 0x55c3e3aa8f14 <unknown>\n#5 0x55c3e3a874dd <unknown>\n#6 0x55c3e3aa62cc <unknown>\n#7 0x55c3e3a87253 <unknown>\n#8 0x55c3e3a571c7 <unknown>\n#9 0x55c3e3a57b3e <unknown>\n#10 0x55c3e3cf527b <unknown>\n#11 0x55c3e3cf9327 <unknown>\n#12 0x55c3e3ce1dae <unknown>\n#13 0x55c3e3cf9df2 <unknown>\n#14 0x55c3e3cc674f <unknown>\n#15 0x55c3e3d1e128 <unknown>\n#16 0x55c3e3d1e2fb <unknown>\n#17 0x55c3e3d2df6c <unknown>\n#18 0x7f4afe4c6134 <unknown>","time":{"start":1717549087751,"stop":1717549088198,"duration":447}},{"uid":"c989ec00290ff6f0","reportUrl":"https://Nat754.github.io/StroyremAutomation/328//#testresult/c989ec00290ff6f0","status":"skipped","statusDetails":"XFAIL\n\nselenium.common.exceptions.NoSuchElementException: Message: no such element: Unable to locate element: {\"method\":\"xpath\",\"selector\":\"(//a[@class='add-to-cart yellow-btn'])[1]\"}\n  (Session info: chrome-headless-shell=125.0.6422.141); For documentation on this error, please visit: https://www.selenium.dev/documentation/webdriver/troubleshooting/errors#no-such-element-exception\nStacktrace:\n#0 0x55c396cd9e3a <unknown>\n#1 0x55c3969c345c <unknown>\n#2 0x55c396a0f5b5 <unknown>\n#3 0x55c396a0f671 <unknown>\n#4 0x55c396a53f14 <unknown>\n#5 0x55c396a324dd <unknown>\n#6 0x55c396a512cc <unknown>\n#7 0x55c396a32253 <unknown>\n#8 0x55c396a021c7 <unknown>\n#9 0x55c396a02b3e <unknown>\n#10 0x55c396ca027b <unknown>\n#11 0x55c396ca4327 <unknown>\n#12 0x55c396c8cdae <unknown>\n#13 0x55c396ca4df2 <unknown>\n#14 0x55c396c7174f <unknown>\n#15 0x55c396cc9128 <unknown>\n#16 0x55c396cc92fb <unknown>\n#17 0x55c396cd8f6c <unknown>\n#18 0x7fd4bb0df134 <unknown>","time":{"start":1717462690919,"stop":1717462691464,"duration":545}},{"uid":"ba9f9de1972d84e2","reportUrl":"https://Nat754.github.io/StroyremAutomation/327//#testresult/ba9f9de1972d84e2","status":"skipped","statusDetails":"XFAIL\n\nselenium.common.exceptions.NoSuchElementException: Message: no such element: Unable to locate element: {\"method\":\"xpath\",\"selector\":\"(//a[@class='add-to-cart yellow-btn'])[1]\"}\n  (Session info: chrome-headless-shell=125.0.6422.141); For documentation on this error, please visit: https://www.selenium.dev/documentation/webdriver/troubleshooting/errors#no-such-element-exception\nStacktrace:\n#0 0x555daeb63e3a <unknown>\n#1 0x555dae84d45c <unknown>\n#2 0x555dae8995b5 <unknown>\n#3 0x555dae899671 <unknown>\n#4 0x555dae8ddf14 <unknown>\n#5 0x555dae8bc4dd <unknown>\n#6 0x555dae8db2cc <unknown>\n#7 0x555dae8bc253 <unknown>\n#8 0x555dae88c1c7 <unknown>\n#9 0x555dae88cb3e <unknown>\n#10 0x555daeb2a27b <unknown>\n#11 0x555daeb2e327 <unknown>\n#12 0x555daeb16dae <unknown>\n#13 0x555daeb2edf2 <unknown>\n#14 0x555daeafb74f <unknown>\n#15 0x555daeb53128 <unknown>\n#16 0x555daeb532fb <unknown>\n#17 0x555daeb62f6c <unknown>\n#18 0x7fc0178af134 <unknown>","time":{"start":1717376339721,"stop":1717376340355,"duration":634}},{"uid":"6383fc426bceed83","reportUrl":"https://Nat754.github.io/StroyremAutomation/326//#testresult/6383fc426bceed83","status":"skipped","statusDetails":"XFAIL\n\nselenium.common.exceptions.NoSuchElementException: Message: no such element: Unable to locate element: {\"method\":\"xpath\",\"selector\":\"(//a[@class='add-to-cart yellow-btn'])[1]\"}\n  (Session info: chrome-headless-shell=125.0.6422.141); For documentation on this error, please visit: https://www.selenium.dev/documentation/webdriver/troubleshooting/errors#no-such-element-exception\nStacktrace:\n#0 0x55e66c5c0e3a <unknown>\n#1 0x55e66c2aa45c <unknown>\n#2 0x55e66c2f65b5 <unknown>\n#3 0x55e66c2f6671 <unknown>\n#4 0x55e66c33af14 <unknown>\n#5 0x55e66c3194dd <unknown>\n#6 0x55e66c3382cc <unknown>\n#7 0x55e66c319253 <unknown>\n#8 0x55e66c2e91c7 <unknown>\n#9 0x55e66c2e9b3e <unknown>\n#10 0x55e66c58727b <unknown>\n#11 0x55e66c58b327 <unknown>\n#12 0x55e66c573dae <unknown>\n#13 0x55e66c58bdf2 <unknown>\n#14 0x55e66c55874f <unknown>\n#15 0x55e66c5b0128 <unknown>\n#16 0x55e66c5b02fb <unknown>\n#17 0x55e66c5bff6c <unknown>\n#18 0x7f3fd5872134 <unknown>","time":{"start":1717290081666,"stop":1717290082114,"duration":448}},{"uid":"179b2e5583e2c4a1","reportUrl":"https://Nat754.github.io/StroyremAutomation/325//#testresult/179b2e5583e2c4a1","status":"skipped","statusDetails":"XFAIL\n\nselenium.common.exceptions.NoSuchElementException: Message: no such element: Unable to locate element: {\"method\":\"xpath\",\"selector\":\"(//a[@class='add-to-cart yellow-btn'])[1]\"}\n  (Session info: chrome-headless-shell=125.0.6422.141); For documentation on this error, please visit: https://www.selenium.dev/documentation/webdriver/troubleshooting/errors#no-such-element-exception\nStacktrace:\n#0 0x563c78dc1e3a <unknown>\n#1 0x563c78aab45c <unknown>\n#2 0x563c78af75b5 <unknown>\n#3 0x563c78af7671 <unknown>\n#4 0x563c78b3bf14 <unknown>\n#5 0x563c78b1a4dd <unknown>\n#6 0x563c78b392cc <unknown>\n#7 0x563c78b1a253 <unknown>\n#8 0x563c78aea1c7 <unknown>\n#9 0x563c78aeab3e <unknown>\n#10 0x563c78d8827b <unknown>\n#11 0x563c78d8c327 <unknown>\n#12 0x563c78d74dae <unknown>\n#13 0x563c78d8cdf2 <unknown>\n#14 0x563c78d5974f <unknown>\n#15 0x563c78db1128 <unknown>\n#16 0x563c78db12fb <unknown>\n#17 0x563c78dc0f6c <unknown>\n#18 0x7f1a4c9c2134 <unknown>","time":{"start":1717203607053,"stop":1717203607487,"duration":434}},{"uid":"372be8e5a9b70a80","reportUrl":"https://Nat754.github.io/StroyremAutomation/324//#testresult/372be8e5a9b70a80","status":"skipped","statusDetails":"XFAIL\n\nselenium.common.exceptions.NoSuchElementException: Message: no such element: Unable to locate element: {\"method\":\"xpath\",\"selector\":\"(//a[@class='add-to-cart yellow-btn'])[1]\"}\n  (Session info: chrome-headless-shell=125.0.6422.141); For documentation on this error, please visit: https://www.selenium.dev/documentation/webdriver/troubleshooting/errors#no-such-element-exception\nStacktrace:\n#0 0x557c10fd8e3a <unknown>\n#1 0x557c10cc245c <unknown>\n#2 0x557c10d0e5b5 <unknown>\n#3 0x557c10d0e671 <unknown>\n#4 0x557c10d52f14 <unknown>\n#5 0x557c10d314dd <unknown>\n#6 0x557c10d502cc <unknown>\n#7 0x557c10d31253 <unknown>\n#8 0x557c10d011c7 <unknown>\n#9 0x557c10d01b3e <unknown>\n#10 0x557c10f9f27b <unknown>\n#11 0x557c10fa3327 <unknown>\n#12 0x557c10f8bdae <unknown>\n#13 0x557c10fa3df2 <unknown>\n#14 0x557c10f7074f <unknown>\n#15 0x557c10fc8128 <unknown>\n#16 0x557c10fc82fb <unknown>\n#17 0x557c10fd7f6c <unknown>\n#18 0x7ff557372134 <unknown>","time":{"start":1717117121502,"stop":1717117122138,"duration":636}},{"uid":"844c2856b845e9c0","reportUrl":"https://Nat754.github.io/StroyremAutomation/323//#testresult/844c2856b845e9c0","status":"skipped","statusDetails":"XFAIL\n\nselenium.common.exceptions.NoSuchElementException: Message: no such element: Unable to locate element: {\"method\":\"xpath\",\"selector\":\"(//a[@class='add-to-cart yellow-btn'])[1]\"}\n  (Session info: chrome-headless-shell=125.0.6422.78); For documentation on this error, please visit: https://www.selenium.dev/documentation/webdriver/troubleshooting/errors#no-such-element-exception\nStacktrace:\n#0 0x55cf6bb34e8a <unknown>\n#1 0x55cf6b81e45c <unknown>\n#2 0x55cf6b86a5b5 <unknown>\n#3 0x55cf6b86a671 <unknown>\n#4 0x55cf6b8aef14 <unknown>\n#5 0x55cf6b88d4dd <unknown>\n#6 0x55cf6b8ac2cc <unknown>\n#7 0x55cf6b88d253 <unknown>\n#8 0x55cf6b85d1c7 <unknown>\n#9 0x55cf6b85db3e <unknown>\n#10 0x55cf6bafb2cb <unknown>\n#11 0x55cf6baff377 <unknown>\n#12 0x55cf6bae7dfe <unknown>\n#13 0x55cf6baffe42 <unknown>\n#14 0x55cf6bacc79f <unknown>\n#15 0x55cf6bb24178 <unknown>\n#16 0x55cf6bb2434b <unknown>\n#17 0x55cf6bb33fbc <unknown>\n#18 0x7f3543c24134 <unknown>","time":{"start":1717030626452,"stop":1717030627002,"duration":550}}]},"tags":["@pytest.mark.xfail","smoke_test"]},"source":"1953aee06cf6fbc.json","parameterValues":["2190","13","'TD 004'","1590","'products/shtukaturka-gipsovaya-aksolit-m50-30-kg-mashinnogo-naneseniya'","450","'https://sandboxtest.stroyrem-nn.ru/'","400"]}