{"uid":"51f6ec9b47fb6bc8","name":"TD 020 Доставка товара весом до 2000кг. в синей зоне","fullName":"tests.delivery.test_delivery_calculation.TestDeliveryPageCalculation#test_positive_delivery_blue_zone_smoke","historyId":"c4ec1833f25483cec79cdb0ff77ddb11","time":{"start":1696812793669,"stop":1696812794179,"duration":510},"status":"skipped","statusMessage":"XFAIL\n\nselenium.common.exceptions.NoSuchElementException: Message: no such element: Unable to locate element: {\"method\":\"xpath\",\"selector\":\"(//a[@class='add-to-cart yellow-btn'])[1]\"}\n  (Session info: headless chrome=117.0.5938.149); For documentation on this error, please visit: https://www.selenium.dev/documentation/webdriver/troubleshooting/errors#no-such-element-exception\nStacktrace:\n#0 0x56356ad43933 <unknown>\n#1 0x56356aa1d6f7 <unknown>\n#2 0x56356aa64aa6 <unknown>\n#3 0x56356aa64b91 <unknown>\n#4 0x56356aaa1fc4 <unknown>\n#5 0x56356aa8662d <unknown>\n#6 0x56356aa9f857 <unknown>\n#7 0x56356aa863d3 <unknown>\n#8 0x56356aa58e64 <unknown>\n#9 0x56356aa59c4e <unknown>\n#10 0x56356ad09558 <unknown>\n#11 0x56356ad0d4a0 <unknown>\n#12 0x56356ad1797c <unknown>\n#13 0x56356ad0e0b8 <unknown>\n#14 0x56356acd9cdf <unknown>\n#15 0x56356ad32048 <unknown>\n#16 0x56356ad32219 <unknown>\n#17 0x56356ad42ac3 <unknown>\n#18 0x7ffa80359044 <unknown>","statusTrace":"self = <tests.delivery.test_delivery_calculation.TestDeliveryPageCalculation object at 0x7febb8fc1dd0>\ndriver = <selenium.webdriver.chrome.webdriver.WebDriver (session=\"33d9cc904abeeb4c8995dbe221f90bd7\")>\nurl = 'https://sandboxtest.stroyrem-nn.ru/', case_id = 'TD 020'\nlink_item = 'products/shtukaturka-gipsovaya-aksolit-m50-30-kg-mashinnogo-naneseniya'\namount = 66, weight = 2000, standard = 1500, in_time = 2990, all_time = 3650\n\n    @pytest.mark.parametrize('case_id, link_item, amount, weight, standard, in_time, all_time', [\n        (\"TD 015\", bundeks_25, 1, 30, 650, 2390, 3320),\n        pytest.param(\n            \"TD 016\", aksolit_30, 8, 300, 650, 2390, 3320,\n            marks=pytest.mark.xfail(reson=\"Цена доставки: - - -\")\n        ),\n        (\"TD 017\", aksolit_30, 13, 400, 650, 2390, 3320),\n        (\"TD 018\", aksolit_30, 16, 500, 850, 2490, 3320),\n        (\"TD 019\", aksolit_30, 25, 1700, 1150, 2490, 3320),\n        (\"TD 020\", aksolit_30, 66, 2000, 1500, 2990, 3650),\n        (\"TD 021\", aksolit_30, 149, 4500, 2600, 4380, 4890),\n        (\"TD 022\", aksolit_30, 166, 5000, 2800, 5490, 5980),\n        pytest.param(\n            \"TD 023\", aksolit_30, 206, 6200, 3300, 7500, 8000,\n            marks=pytest.mark.xfail(reson=\"Цена доставки: 4300 9900 11440\")\n        ),\n        (\"TD 024\", aksolit_30, 299, 9000, 4300, 9900, 11440),\n        (\"TD 025\", aksolit_30, 333, 10000, 7000, 13900, 15900),\n        pytest.param(\n            \"TD 026\", aksolit_30, 366, 11000, 8000, 14900, 19900,\n            marks=pytest.mark.xfail(reson=\"Цена доставки: 7000 13900 15900\")\n        ),\n        pytest.param(\n            \"TD 027\", aksolit_30, 666, 20000, 14000, 16900, 23900,\n            marks=pytest.mark.xfail(reson=\"Цена доставки: 7000 13900 15900\")\n        )\n    ])\n    @pytest.mark.xfail\n    @pytest.mark.smoke_test\n    def test_positive_delivery_blue_zone_smoke(\n            self, driver, url, case_id, link_item, amount, weight, standard, in_time, all_time\n    ):\n        allure.dynamic.title(f\"{case_id} Доставка товара весом до {weight}кг. в синей зоне\")\n    \n        driver.get(f'{url}{link_item}')\n        item_page = ItemPage(driver)\n>       item_page.add_item_to_cart(amount).click_on_cart()\n\ntests/delivery/test_delivery_calculation.py:132: \n_ _ _ _ _ _ _ _ _ _ _ _ _ _ _ _ _ _ _ _ _ _ _ _ _ _ _ _ _ _ _ _ _ _ _ _ _ _ _ _ \npages/item_page.py:40: in add_item_to_cart\n    self.find_element(self._add_item).click()\nbase/seleniumbase.py:17: in find_element\n    return self.driver.find_element(*locator)\n/usr/local/lib/python3.11/site-packages/selenium/webdriver/remote/webdriver.py:739: in find_element\n    return self.execute(Command.FIND_ELEMENT, {\"using\": by, \"value\": value})[\"value\"]\n/usr/local/lib/python3.11/site-packages/selenium/webdriver/remote/webdriver.py:345: in execute\n    self.error_handler.check_response(response)\n_ _ _ _ _ _ _ _ _ _ _ _ _ _ _ _ _ _ _ _ _ _ _ _ _ _ _ _ _ _ _ _ _ _ _ _ _ _ _ _ \n\nself = <selenium.webdriver.remote.errorhandler.ErrorHandler object at 0x7febb7c79d10>\nresponse = {'status': 404, 'value': '{\"value\":{\"error\":\"no such element\",\"message\":\"no such element: Unable to locate element: {\\...\\\\n#16 0x56356ad32219 \\\\u003Cunknown>\\\\n#17 0x56356ad42ac3 \\\\u003Cunknown>\\\\n#18 0x7ffa80359044 \\\\u003Cunknown>\\\\n\"}}'}\n\n    def check_response(self, response: Dict[str, Any]) -> None:\n        \"\"\"Checks that a JSON response from the WebDriver does not have an\n        error.\n    \n        :Args:\n         - response - The JSON response from the WebDriver server as a dictionary\n           object.\n    \n        :Raises: If the response contains an error message.\n        \"\"\"\n        status = response.get(\"status\", None)\n        if not status or status == ErrorCode.SUCCESS:\n            return\n        value = None\n        message = response.get(\"message\", \"\")\n        screen: str = response.get(\"screen\", \"\")\n        stacktrace = None\n        if isinstance(status, int):\n            value_json = response.get(\"value\", None)\n            if value_json and isinstance(value_json, str):\n                import json\n    \n                try:\n                    value = json.loads(value_json)\n                    if len(value) == 1:\n                        value = value[\"value\"]\n                    status = value.get(\"error\", None)\n                    if not status:\n                        status = value.get(\"status\", ErrorCode.UNKNOWN_ERROR)\n                        message = value.get(\"value\") or value.get(\"message\")\n                        if not isinstance(message, str):\n                            value = message\n                            message = message.get(\"message\")\n                    else:\n                        message = value.get(\"message\", None)\n                except ValueError:\n                    pass\n    \n        exception_class: Type[WebDriverException]\n        e = ErrorCode()\n        error_codes = [item for item in dir(e) if not item.startswith(\"__\")]\n        for error_code in error_codes:\n            error_info = getattr(ErrorCode, error_code)\n            if isinstance(error_info, list) and status in error_info:\n                exception_class = getattr(ExceptionMapping, error_code, WebDriverException)\n                break\n        else:\n            exception_class = WebDriverException\n    \n        if not value:\n            value = response[\"value\"]\n        if isinstance(value, str):\n            raise exception_class(value)\n        if message == \"\" and \"message\" in value:\n            message = value[\"message\"]\n    \n        screen = None  # type: ignore[assignment]\n        if \"screen\" in value:\n            screen = value[\"screen\"]\n    \n        stacktrace = None\n        st_value = value.get(\"stackTrace\") or value.get(\"stacktrace\")\n        if st_value:\n            if isinstance(st_value, str):\n                stacktrace = st_value.split(\"\\n\")\n            else:\n                stacktrace = []\n                try:\n                    for frame in st_value:\n                        line = frame.get(\"lineNumber\", \"\")\n                        file = frame.get(\"fileName\", \"<anonymous>\")\n                        if line:\n                            file = f\"{file}:{line}\"\n                        meth = frame.get(\"methodName\", \"<anonymous>\")\n                        if \"className\" in frame:\n                            meth = f\"{frame['className']}.{meth}\"\n                        msg = \"    at %s (%s)\"\n                        msg = msg % (meth, file)\n                        stacktrace.append(msg)\n                except TypeError:\n                    pass\n        if exception_class == UnexpectedAlertPresentException:\n            alert_text = None\n            if \"data\" in value:\n                alert_text = value[\"data\"].get(\"text\")\n            elif \"alert\" in value:\n                alert_text = value[\"alert\"].get(\"text\")\n            raise exception_class(message, screen, stacktrace, alert_text)  # type: ignore[call-arg]  # mypy is not smart enough here\n>       raise exception_class(message, screen, stacktrace)\nE       selenium.common.exceptions.NoSuchElementException: Message: no such element: Unable to locate element: {\"method\":\"xpath\",\"selector\":\"(//a[@class='add-to-cart yellow-btn'])[1]\"}\nE         (Session info: headless chrome=117.0.5938.149); For documentation on this error, please visit: https://www.selenium.dev/documentation/webdriver/troubleshooting/errors#no-such-element-exception\nE       Stacktrace:\nE       #0 0x56356ad43933 <unknown>\nE       #1 0x56356aa1d6f7 <unknown>\nE       #2 0x56356aa64aa6 <unknown>\nE       #3 0x56356aa64b91 <unknown>\nE       #4 0x56356aaa1fc4 <unknown>\nE       #5 0x56356aa8662d <unknown>\nE       #6 0x56356aa9f857 <unknown>\nE       #7 0x56356aa863d3 <unknown>\nE       #8 0x56356aa58e64 <unknown>\nE       #9 0x56356aa59c4e <unknown>\nE       #10 0x56356ad09558 <unknown>\nE       #11 0x56356ad0d4a0 <unknown>\nE       #12 0x56356ad1797c <unknown>\nE       #13 0x56356ad0e0b8 <unknown>\nE       #14 0x56356acd9cdf <unknown>\nE       #15 0x56356ad32048 <unknown>\nE       #16 0x56356ad32219 <unknown>\nE       #17 0x56356ad42ac3 <unknown>\nE       #18 0x7ffa80359044 <unknown>\n\n/usr/local/lib/python3.11/site-packages/selenium/webdriver/remote/errorhandler.py:229: NoSuchElementException","flaky":false,"newFailed":false,"newBroken":false,"newPassed":false,"retriesCount":0,"retriesStatusChange":false,"beforeStages":[{"name":"_session_faker","time":{"start":1696812495039,"stop":1696812495117,"duration":78},"status":"passed","steps":[],"attachments":[],"parameters":[],"shouldDisplayMessage":false,"stepsCount":0,"attachmentsCount":0,"hasContent":false},{"name":"clear_allure_results_folder","time":{"start":1696812495117,"stop":1696812495117,"duration":0},"status":"passed","steps":[],"attachments":[],"parameters":[],"shouldDisplayMessage":false,"stepsCount":0,"attachmentsCount":0,"hasContent":false},{"name":"driver","time":{"start":1696812792854,"stop":1696812793667,"duration":813},"status":"passed","steps":[],"attachments":[],"parameters":[],"shouldDisplayMessage":false,"stepsCount":0,"attachmentsCount":0,"hasContent":false},{"name":"setup","time":{"start":1696812793667,"stop":1696812793667,"duration":0},"status":"passed","steps":[],"attachments":[],"parameters":[],"shouldDisplayMessage":false,"stepsCount":0,"attachmentsCount":0,"hasContent":false}],"testStage":{"status":"skipped","statusMessage":"XFAIL\n\nselenium.common.exceptions.NoSuchElementException: Message: no such element: Unable to locate element: {\"method\":\"xpath\",\"selector\":\"(//a[@class='add-to-cart yellow-btn'])[1]\"}\n  (Session info: headless chrome=117.0.5938.149); For documentation on this error, please visit: https://www.selenium.dev/documentation/webdriver/troubleshooting/errors#no-such-element-exception\nStacktrace:\n#0 0x56356ad43933 <unknown>\n#1 0x56356aa1d6f7 <unknown>\n#2 0x56356aa64aa6 <unknown>\n#3 0x56356aa64b91 <unknown>\n#4 0x56356aaa1fc4 <unknown>\n#5 0x56356aa8662d <unknown>\n#6 0x56356aa9f857 <unknown>\n#7 0x56356aa863d3 <unknown>\n#8 0x56356aa58e64 <unknown>\n#9 0x56356aa59c4e <unknown>\n#10 0x56356ad09558 <unknown>\n#11 0x56356ad0d4a0 <unknown>\n#12 0x56356ad1797c <unknown>\n#13 0x56356ad0e0b8 <unknown>\n#14 0x56356acd9cdf <unknown>\n#15 0x56356ad32048 <unknown>\n#16 0x56356ad32219 <unknown>\n#17 0x56356ad42ac3 <unknown>\n#18 0x7ffa80359044 <unknown>","statusTrace":"self = <tests.delivery.test_delivery_calculation.TestDeliveryPageCalculation object at 0x7febb8fc1dd0>\ndriver = <selenium.webdriver.chrome.webdriver.WebDriver (session=\"33d9cc904abeeb4c8995dbe221f90bd7\")>\nurl = 'https://sandboxtest.stroyrem-nn.ru/', case_id = 'TD 020'\nlink_item = 'products/shtukaturka-gipsovaya-aksolit-m50-30-kg-mashinnogo-naneseniya'\namount = 66, weight = 2000, standard = 1500, in_time = 2990, all_time = 3650\n\n    @pytest.mark.parametrize('case_id, link_item, amount, weight, standard, in_time, all_time', [\n        (\"TD 015\", bundeks_25, 1, 30, 650, 2390, 3320),\n        pytest.param(\n            \"TD 016\", aksolit_30, 8, 300, 650, 2390, 3320,\n            marks=pytest.mark.xfail(reson=\"Цена доставки: - - -\")\n        ),\n        (\"TD 017\", aksolit_30, 13, 400, 650, 2390, 3320),\n        (\"TD 018\", aksolit_30, 16, 500, 850, 2490, 3320),\n        (\"TD 019\", aksolit_30, 25, 1700, 1150, 2490, 3320),\n        (\"TD 020\", aksolit_30, 66, 2000, 1500, 2990, 3650),\n        (\"TD 021\", aksolit_30, 149, 4500, 2600, 4380, 4890),\n        (\"TD 022\", aksolit_30, 166, 5000, 2800, 5490, 5980),\n        pytest.param(\n            \"TD 023\", aksolit_30, 206, 6200, 3300, 7500, 8000,\n            marks=pytest.mark.xfail(reson=\"Цена доставки: 4300 9900 11440\")\n        ),\n        (\"TD 024\", aksolit_30, 299, 9000, 4300, 9900, 11440),\n        (\"TD 025\", aksolit_30, 333, 10000, 7000, 13900, 15900),\n        pytest.param(\n            \"TD 026\", aksolit_30, 366, 11000, 8000, 14900, 19900,\n            marks=pytest.mark.xfail(reson=\"Цена доставки: 7000 13900 15900\")\n        ),\n        pytest.param(\n            \"TD 027\", aksolit_30, 666, 20000, 14000, 16900, 23900,\n            marks=pytest.mark.xfail(reson=\"Цена доставки: 7000 13900 15900\")\n        )\n    ])\n    @pytest.mark.xfail\n    @pytest.mark.smoke_test\n    def test_positive_delivery_blue_zone_smoke(\n            self, driver, url, case_id, link_item, amount, weight, standard, in_time, all_time\n    ):\n        allure.dynamic.title(f\"{case_id} Доставка товара весом до {weight}кг. в синей зоне\")\n    \n        driver.get(f'{url}{link_item}')\n        item_page = ItemPage(driver)\n>       item_page.add_item_to_cart(amount).click_on_cart()\n\ntests/delivery/test_delivery_calculation.py:132: \n_ _ _ _ _ _ _ _ _ _ _ _ _ _ _ _ _ _ _ _ _ _ _ _ _ _ _ _ _ _ _ _ _ _ _ _ _ _ _ _ \npages/item_page.py:40: in add_item_to_cart\n    self.find_element(self._add_item).click()\nbase/seleniumbase.py:17: in find_element\n    return self.driver.find_element(*locator)\n/usr/local/lib/python3.11/site-packages/selenium/webdriver/remote/webdriver.py:739: in find_element\n    return self.execute(Command.FIND_ELEMENT, {\"using\": by, \"value\": value})[\"value\"]\n/usr/local/lib/python3.11/site-packages/selenium/webdriver/remote/webdriver.py:345: in execute\n    self.error_handler.check_response(response)\n_ _ _ _ _ _ _ _ _ _ _ _ _ _ _ _ _ _ _ _ _ _ _ _ _ _ _ _ _ _ _ _ _ _ _ _ _ _ _ _ \n\nself = <selenium.webdriver.remote.errorhandler.ErrorHandler object at 0x7febb7c79d10>\nresponse = {'status': 404, 'value': '{\"value\":{\"error\":\"no such element\",\"message\":\"no such element: Unable to locate element: {\\...\\\\n#16 0x56356ad32219 \\\\u003Cunknown>\\\\n#17 0x56356ad42ac3 \\\\u003Cunknown>\\\\n#18 0x7ffa80359044 \\\\u003Cunknown>\\\\n\"}}'}\n\n    def check_response(self, response: Dict[str, Any]) -> None:\n        \"\"\"Checks that a JSON response from the WebDriver does not have an\n        error.\n    \n        :Args:\n         - response - The JSON response from the WebDriver server as a dictionary\n           object.\n    \n        :Raises: If the response contains an error message.\n        \"\"\"\n        status = response.get(\"status\", None)\n        if not status or status == ErrorCode.SUCCESS:\n            return\n        value = None\n        message = response.get(\"message\", \"\")\n        screen: str = response.get(\"screen\", \"\")\n        stacktrace = None\n        if isinstance(status, int):\n            value_json = response.get(\"value\", None)\n            if value_json and isinstance(value_json, str):\n                import json\n    \n                try:\n                    value = json.loads(value_json)\n                    if len(value) == 1:\n                        value = value[\"value\"]\n                    status = value.get(\"error\", None)\n                    if not status:\n                        status = value.get(\"status\", ErrorCode.UNKNOWN_ERROR)\n                        message = value.get(\"value\") or value.get(\"message\")\n                        if not isinstance(message, str):\n                            value = message\n                            message = message.get(\"message\")\n                    else:\n                        message = value.get(\"message\", None)\n                except ValueError:\n                    pass\n    \n        exception_class: Type[WebDriverException]\n        e = ErrorCode()\n        error_codes = [item for item in dir(e) if not item.startswith(\"__\")]\n        for error_code in error_codes:\n            error_info = getattr(ErrorCode, error_code)\n            if isinstance(error_info, list) and status in error_info:\n                exception_class = getattr(ExceptionMapping, error_code, WebDriverException)\n                break\n        else:\n            exception_class = WebDriverException\n    \n        if not value:\n            value = response[\"value\"]\n        if isinstance(value, str):\n            raise exception_class(value)\n        if message == \"\" and \"message\" in value:\n            message = value[\"message\"]\n    \n        screen = None  # type: ignore[assignment]\n        if \"screen\" in value:\n            screen = value[\"screen\"]\n    \n        stacktrace = None\n        st_value = value.get(\"stackTrace\") or value.get(\"stacktrace\")\n        if st_value:\n            if isinstance(st_value, str):\n                stacktrace = st_value.split(\"\\n\")\n            else:\n                stacktrace = []\n                try:\n                    for frame in st_value:\n                        line = frame.get(\"lineNumber\", \"\")\n                        file = frame.get(\"fileName\", \"<anonymous>\")\n                        if line:\n                            file = f\"{file}:{line}\"\n                        meth = frame.get(\"methodName\", \"<anonymous>\")\n                        if \"className\" in frame:\n                            meth = f\"{frame['className']}.{meth}\"\n                        msg = \"    at %s (%s)\"\n                        msg = msg % (meth, file)\n                        stacktrace.append(msg)\n                except TypeError:\n                    pass\n        if exception_class == UnexpectedAlertPresentException:\n            alert_text = None\n            if \"data\" in value:\n                alert_text = value[\"data\"].get(\"text\")\n            elif \"alert\" in value:\n                alert_text = value[\"alert\"].get(\"text\")\n            raise exception_class(message, screen, stacktrace, alert_text)  # type: ignore[call-arg]  # mypy is not smart enough here\n>       raise exception_class(message, screen, stacktrace)\nE       selenium.common.exceptions.NoSuchElementException: Message: no such element: Unable to locate element: {\"method\":\"xpath\",\"selector\":\"(//a[@class='add-to-cart yellow-btn'])[1]\"}\nE         (Session info: headless chrome=117.0.5938.149); For documentation on this error, please visit: https://www.selenium.dev/documentation/webdriver/troubleshooting/errors#no-such-element-exception\nE       Stacktrace:\nE       #0 0x56356ad43933 <unknown>\nE       #1 0x56356aa1d6f7 <unknown>\nE       #2 0x56356aa64aa6 <unknown>\nE       #3 0x56356aa64b91 <unknown>\nE       #4 0x56356aaa1fc4 <unknown>\nE       #5 0x56356aa8662d <unknown>\nE       #6 0x56356aa9f857 <unknown>\nE       #7 0x56356aa863d3 <unknown>\nE       #8 0x56356aa58e64 <unknown>\nE       #9 0x56356aa59c4e <unknown>\nE       #10 0x56356ad09558 <unknown>\nE       #11 0x56356ad0d4a0 <unknown>\nE       #12 0x56356ad1797c <unknown>\nE       #13 0x56356ad0e0b8 <unknown>\nE       #14 0x56356acd9cdf <unknown>\nE       #15 0x56356ad32048 <unknown>\nE       #16 0x56356ad32219 <unknown>\nE       #17 0x56356ad42ac3 <unknown>\nE       #18 0x7ffa80359044 <unknown>\n\n/usr/local/lib/python3.11/site-packages/selenium/webdriver/remote/errorhandler.py:229: NoSuchElementException","steps":[{"name":"Добавляем товар в корзину в количестве 66","time":{"start":1696812794163,"stop":1696812794178,"duration":15},"status":"broken","statusMessage":"selenium.common.exceptions.NoSuchElementException: Message: no such element: Unable to locate element: {\"method\":\"xpath\",\"selector\":\"(//a[@class='add-to-cart yellow-btn'])[1]\"}\n  (Session info: headless chrome=117.0.5938.149); For documentation on this error, please visit: https://www.selenium.dev/documentation/webdriver/troubleshooting/errors#no-such-element-exception\nStacktrace:\n#0 0x56356ad43933 <unknown>\n#1 0x56356aa1d6f7 <unknown>\n#2 0x56356aa64aa6 <unknown>\n#3 0x56356aa64b91 <unknown>\n#4 0x56356aaa1fc4 <unknown>\n#5 0x56356aa8662d <unknown>\n#6 0x56356aa9f857 <unknown>\n#7 0x56356aa863d3 <unknown>\n#8 0x56356aa58e64 <unknown>\n#9 0x56356aa59c4e <unknown>\n#10 0x56356ad09558 <unknown>\n#11 0x56356ad0d4a0 <unknown>\n#12 0x56356ad1797c <unknown>\n#13 0x56356ad0e0b8 <unknown>\n#14 0x56356acd9cdf <unknown>\n#15 0x56356ad32048 <unknown>\n#16 0x56356ad32219 <unknown>\n#17 0x56356ad42ac3 <unknown>\n#18 0x7ffa80359044 <unknown>\n\n","statusTrace":"  File \"/usr/local/lib/python3.11/site-packages/allure_commons/_allure.py\", line 192, in impl\n    return func(*a, **kw)\n           ^^^^^^^^^^^^^^\n  File \"/app/pages/item_page.py\", line 40, in add_item_to_cart\n    self.find_element(self._add_item).click()\n    ^^^^^^^^^^^^^^^^^^^^^^^^^^^^^^^^^\n  File \"/app/base/seleniumbase.py\", line 17, in find_element\n    return self.driver.find_element(*locator)\n           ^^^^^^^^^^^^^^^^^^^^^^^^^^^^^^^^^^\n  File \"/usr/local/lib/python3.11/site-packages/selenium/webdriver/remote/webdriver.py\", line 739, in find_element\n    return self.execute(Command.FIND_ELEMENT, {\"using\": by, \"value\": value})[\"value\"]\n           ^^^^^^^^^^^^^^^^^^^^^^^^^^^^^^^^^^^^^^^^^^^^^^^^^^^^^^^^^^^^^^^^^\n  File \"/usr/local/lib/python3.11/site-packages/selenium/webdriver/remote/webdriver.py\", line 345, in execute\n    self.error_handler.check_response(response)\n  File \"/usr/local/lib/python3.11/site-packages/selenium/webdriver/remote/errorhandler.py\", line 229, in check_response\n    raise exception_class(message, screen, stacktrace)\n","steps":[],"attachments":[],"parameters":[{"name":"amount","value":"66"}],"shouldDisplayMessage":true,"stepsCount":0,"attachmentsCount":0,"hasContent":true}],"attachments":[{"uid":"5ab7e810ff5777c1","name":"Screenshot","source":"5ab7e810ff5777c1.png","type":"image/png","size":14860},{"uid":"8b084ae4caa5b184","name":"HTML source","source":"8b084ae4caa5b184.html","type":"text/html","size":164}],"parameters":[],"shouldDisplayMessage":true,"stepsCount":1,"attachmentsCount":2,"hasContent":true},"afterStages":[{"name":"setup::0","time":{"start":1696812794313,"stop":1696812794313,"duration":0},"status":"passed","steps":[],"attachments":[],"parameters":[],"shouldDisplayMessage":false,"stepsCount":0,"attachmentsCount":0,"hasContent":false},{"name":"driver::0","time":{"start":1696812794313,"stop":1696812794369,"duration":56},"status":"passed","steps":[],"attachments":[],"parameters":[],"shouldDisplayMessage":false,"stepsCount":0,"attachmentsCount":0,"hasContent":false}],"labels":[{"name":"epic","value":"Delivery Page - calculation"},{"name":"tag","value":"smoke_test"},{"name":"tag","value":"@pytest.mark.xfail"},{"name":"parentSuite","value":"tests.delivery"},{"name":"suite","value":"test_delivery_calculation"},{"name":"subSuite","value":"TestDeliveryPageCalculation"},{"name":"host","value":"679104e48469"},{"name":"thread","value":"1-MainThread"},{"name":"framework","value":"pytest"},{"name":"language","value":"cpython3"},{"name":"package","value":"tests.delivery.test_delivery_calculation"},{"name":"resultFormat","value":"allure2"}],"parameters":[{"name":"all_time","value":"3650"},{"name":"amount","value":"66"},{"name":"case_id","value":"'TD 020'"},{"name":"in_time","value":"2990"},{"name":"link_item","value":"'products/shtukaturka-gipsovaya-aksolit-m50-30-kg-mashinnogo-naneseniya'"},{"name":"standard","value":"1500"},{"name":"url","value":"'https://sandboxtest.stroyrem-nn.ru/'"},{"name":"weight","value":"2000"}],"links":[],"hidden":false,"retry":false,"extra":{"severity":"normal","retries":[],"categories":[],"history":{"statistic":{"failed":0,"broken":13,"skipped":48,"passed":0,"unknown":0,"total":61},"items":[{"uid":"de51efaa00a241e4","reportUrl":"https://Nat754.github.io/StroyremAutomation/88//#testresult/de51efaa00a241e4","status":"skipped","statusDetails":"XFAIL\n\nselenium.common.exceptions.NoSuchElementException: Message: no such element: Unable to locate element: {\"method\":\"xpath\",\"selector\":\"(//a[@class='add-to-cart yellow-btn'])[1]\"}\n  (Session info: headless chrome=117.0.5938.149); For documentation on this error, please visit: https://www.selenium.dev/documentation/webdriver/troubleshooting/errors#no-such-element-exception\nStacktrace:\n#0 0x56325241f933 <unknown>\n#1 0x5632520f96f7 <unknown>\n#2 0x563252140aa6 <unknown>\n#3 0x563252140b91 <unknown>\n#4 0x56325217dfc4 <unknown>\n#5 0x56325216262d <unknown>\n#6 0x56325217b857 <unknown>\n#7 0x5632521623d3 <unknown>\n#8 0x563252134e64 <unknown>\n#9 0x563252135c4e <unknown>\n#10 0x5632523e5558 <unknown>\n#11 0x5632523e94a0 <unknown>\n#12 0x5632523f397c <unknown>\n#13 0x5632523ea0b8 <unknown>\n#14 0x5632523b5cdf <unknown>\n#15 0x56325240e048 <unknown>\n#16 0x56325240e219 <unknown>\n#17 0x56325241eac3 <unknown>\n#18 0x7f2b3a0ba044 <unknown>","time":{"start":1696726707052,"stop":1696726707731,"duration":679}},{"uid":"c4d590e0a1af3135","reportUrl":"https://Nat754.github.io/StroyremAutomation/87//#testresult/c4d590e0a1af3135","status":"skipped","statusDetails":"XFAIL\n\nselenium.common.exceptions.NoSuchElementException: Message: no such element: Unable to locate element: {\"method\":\"xpath\",\"selector\":\"(//a[@class='add-to-cart yellow-btn'])[1]\"}\n  (Session info: headless chrome=117.0.5938.149); For documentation on this error, please visit: https://www.selenium.dev/documentation/webdriver/troubleshooting/errors#no-such-element-exception\nStacktrace:\n#0 0x562d8aae0933 <unknown>\n#1 0x562d8a7ba6f7 <unknown>\n#2 0x562d8a801aa6 <unknown>\n#3 0x562d8a801b91 <unknown>\n#4 0x562d8a83efc4 <unknown>\n#5 0x562d8a82362d <unknown>\n#6 0x562d8a83c857 <unknown>\n#7 0x562d8a8233d3 <unknown>\n#8 0x562d8a7f5e64 <unknown>\n#9 0x562d8a7f6c4e <unknown>\n#10 0x562d8aaa6558 <unknown>\n#11 0x562d8aaaa4a0 <unknown>\n#12 0x562d8aab497c <unknown>\n#13 0x562d8aaab0b8 <unknown>\n#14 0x562d8aa76cdf <unknown>\n#15 0x562d8aacf048 <unknown>\n#16 0x562d8aacf219 <unknown>\n#17 0x562d8aadfac3 <unknown>\n#18 0x7fecdd1a8044 <unknown>","time":{"start":1696639924065,"stop":1696639924670,"duration":605}},{"uid":"a09ab8058c861771","reportUrl":"https://Nat754.github.io/StroyremAutomation/86//#testresult/a09ab8058c861771","status":"skipped","statusDetails":"XFAIL\n\nselenium.common.exceptions.NoSuchElementException: Message: no such element: Unable to locate element: {\"method\":\"xpath\",\"selector\":\"(//a[@class='add-to-cart yellow-btn'])[1]\"}\n  (Session info: headless chrome=117.0.5938.149); For documentation on this error, please visit: https://www.selenium.dev/documentation/webdriver/troubleshooting/errors#no-such-element-exception\nStacktrace:\n#0 0x565055f64933 <unknown>\n#1 0x565055c3e6f7 <unknown>\n#2 0x565055c85aa6 <unknown>\n#3 0x565055c85b91 <unknown>\n#4 0x565055cc2fc4 <unknown>\n#5 0x565055ca762d <unknown>\n#6 0x565055cc0857 <unknown>\n#7 0x565055ca73d3 <unknown>\n#8 0x565055c79e64 <unknown>\n#9 0x565055c7ac4e <unknown>\n#10 0x565055f2a558 <unknown>\n#11 0x565055f2e4a0 <unknown>\n#12 0x565055f3897c <unknown>\n#13 0x565055f2f0b8 <unknown>\n#14 0x565055efacdf <unknown>\n#15 0x565055f53048 <unknown>\n#16 0x565055f53219 <unknown>\n#17 0x565055f63ac3 <unknown>\n#18 0x7f1322e07044 <unknown>","time":{"start":1696553569100,"stop":1696553569818,"duration":718}},{"uid":"ebe7c39934b121e","reportUrl":"https://Nat754.github.io/StroyremAutomation/85//#testresult/ebe7c39934b121e","status":"skipped","statusDetails":"XFAIL\n\nselenium.common.exceptions.NoSuchElementException: Message: no such element: Unable to locate element: {\"method\":\"xpath\",\"selector\":\"(//a[@class='add-to-cart yellow-btn'])[1]\"}\n  (Session info: headless chrome=117.0.5938.149); For documentation on this error, please visit: https://www.selenium.dev/documentation/webdriver/troubleshooting/errors#no-such-element-exception\nStacktrace:\n#0 0x560b43a1f933 <unknown>\n#1 0x560b436f96f7 <unknown>\n#2 0x560b43740aa6 <unknown>\n#3 0x560b43740b91 <unknown>\n#4 0x560b4377dfc4 <unknown>\n#5 0x560b4376262d <unknown>\n#6 0x560b4377b857 <unknown>\n#7 0x560b437623d3 <unknown>\n#8 0x560b43734e64 <unknown>\n#9 0x560b43735c4e <unknown>\n#10 0x560b439e5558 <unknown>\n#11 0x560b439e94a0 <unknown>\n#12 0x560b439f397c <unknown>\n#13 0x560b439ea0b8 <unknown>\n#14 0x560b439b5cdf <unknown>\n#15 0x560b43a0e048 <unknown>\n#16 0x560b43a0e219 <unknown>\n#17 0x560b43a1eac3 <unknown>\n#18 0x7ff71622a044 <unknown>","time":{"start":1696467293727,"stop":1696467294278,"duration":551}},{"uid":"f8a218ba3009fb96","reportUrl":"https://Nat754.github.io/StroyremAutomation/84//#testresult/f8a218ba3009fb96","status":"skipped","statusDetails":"XFAIL\n\nselenium.common.exceptions.NoSuchElementException: Message: no such element: Unable to locate element: {\"method\":\"xpath\",\"selector\":\"(//a[@class='add-to-cart yellow-btn'])[1]\"}\n  (Session info: headless chrome=117.0.5938.92); For documentation on this error, please visit: https://www.selenium.dev/documentation/webdriver/troubleshooting/errors#no-such-element-exception\nStacktrace:\n#0 0x55c9ae4496b3 <unknown>\n#1 0x55c9ae11f1e7 <unknown>\n#2 0x55c9ae166566 <unknown>\n#3 0x55c9ae166651 <unknown>\n#4 0x55c9ae1a3a74 <unknown>\n#5 0x55c9ae1880ed <unknown>\n#6 0x55c9ae1a1322 <unknown>\n#7 0x55c9ae187e93 <unknown>\n#8 0x55c9ae15a934 <unknown>\n#9 0x55c9ae15b71e <unknown>\n#10 0x55c9ae40ecb8 <unknown>\n#11 0x55c9ae412bf0 <unknown>\n#12 0x55c9ae41d19c <unknown>\n#13 0x55c9ae413808 <unknown>\n#14 0x55c9ae3e027f <unknown>\n#15 0x55c9ae437e88 <unknown>\n#16 0x55c9ae438059 <unknown>\n#17 0x55c9ae448843 <unknown>\n#18 0x7f440d84e044 <unknown>","time":{"start":1696380819016,"stop":1696380819739,"duration":723}},{"uid":"693dc7dc04f73df6","reportUrl":"https://Nat754.github.io/StroyremAutomation/83//#testresult/693dc7dc04f73df6","status":"skipped","statusDetails":"XFAIL\n\nselenium.common.exceptions.NoSuchElementException: Message: no such element: Unable to locate element: {\"method\":\"xpath\",\"selector\":\"(//a[@class='add-to-cart yellow-btn'])[1]\"}\n  (Session info: headless chrome=117.0.5938.92); For documentation on this error, please visit: https://www.selenium.dev/documentation/webdriver/troubleshooting/errors#no-such-element-exception\nStacktrace:\n#0 0x55f18c36c6b3 <unknown>\n#1 0x55f18c0421e7 <unknown>\n#2 0x55f18c089566 <unknown>\n#3 0x55f18c089651 <unknown>\n#4 0x55f18c0c6a74 <unknown>\n#5 0x55f18c0ab0ed <unknown>\n#6 0x55f18c0c4322 <unknown>\n#7 0x55f18c0aae93 <unknown>\n#8 0x55f18c07d934 <unknown>\n#9 0x55f18c07e71e <unknown>\n#10 0x55f18c331cb8 <unknown>\n#11 0x55f18c335bf0 <unknown>\n#12 0x55f18c34019c <unknown>\n#13 0x55f18c336808 <unknown>\n#14 0x55f18c30327f <unknown>\n#15 0x55f18c35ae88 <unknown>\n#16 0x55f18c35b059 <unknown>\n#17 0x55f18c36b843 <unknown>\n#18 0x7f869a23d044 <unknown>","time":{"start":1696294403730,"stop":1696294404257,"duration":527}},{"uid":"c68f549575878791","reportUrl":"https://Nat754.github.io/StroyremAutomation/82//#testresult/c68f549575878791","status":"skipped","statusDetails":"XFAIL\n\nselenium.common.exceptions.NoSuchElementException: Message: no such element: Unable to locate element: {\"method\":\"xpath\",\"selector\":\"(//a[@class='add-to-cart yellow-btn'])[1]\"}\n  (Session info: headless chrome=117.0.5938.92); For documentation on this error, please visit: https://www.selenium.dev/documentation/webdriver/troubleshooting/errors#no-such-element-exception\nStacktrace:\n#0 0x55a2344ed6b3 <unknown>\n#1 0x55a2341c31e7 <unknown>\n#2 0x55a23420a566 <unknown>\n#3 0x55a23420a651 <unknown>\n#4 0x55a234247a74 <unknown>\n#5 0x55a23422c0ed <unknown>\n#6 0x55a234245322 <unknown>\n#7 0x55a23422be93 <unknown>\n#8 0x55a2341fe934 <unknown>\n#9 0x55a2341ff71e <unknown>\n#10 0x55a2344b2cb8 <unknown>\n#11 0x55a2344b6bf0 <unknown>\n#12 0x55a2344c119c <unknown>\n#13 0x55a2344b7808 <unknown>\n#14 0x55a23448427f <unknown>\n#15 0x55a2344dbe88 <unknown>\n#16 0x55a2344dc059 <unknown>\n#17 0x55a2344ec843 <unknown>\n#18 0x7fb21689b044 <unknown>","time":{"start":1696282097810,"stop":1696282098452,"duration":642}},{"uid":"4ef868b0435cf043","reportUrl":"https://Nat754.github.io/StroyremAutomation/81//#testresult/4ef868b0435cf043","status":"skipped","statusDetails":"XFAIL\n\nselenium.common.exceptions.NoSuchElementException: Message: no such element: Unable to locate element: {\"method\":\"xpath\",\"selector\":\"(//a[@class='add-to-cart yellow-btn'])[1]\"}\n  (Session info: headless chrome=117.0.5938.92); For documentation on this error, please visit: https://www.selenium.dev/documentation/webdriver/troubleshooting/errors#no-such-element-exception\nStacktrace:\n#0 0x55fe045d16b3 <unknown>\n#1 0x55fe042a71e7 <unknown>\n#2 0x55fe042ee566 <unknown>\n#3 0x55fe042ee651 <unknown>\n#4 0x55fe0432ba74 <unknown>\n#5 0x55fe043100ed <unknown>\n#6 0x55fe04329322 <unknown>\n#7 0x55fe0430fe93 <unknown>\n#8 0x55fe042e2934 <unknown>\n#9 0x55fe042e371e <unknown>\n#10 0x55fe04596cb8 <unknown>\n#11 0x55fe0459abf0 <unknown>\n#12 0x55fe045a519c <unknown>\n#13 0x55fe0459b808 <unknown>\n#14 0x55fe0456827f <unknown>\n#15 0x55fe045bfe88 <unknown>\n#16 0x55fe045c0059 <unknown>\n#17 0x55fe045d0843 <unknown>\n#18 0x7f936880a044 <unknown>","time":{"start":1696258217076,"stop":1696258217595,"duration":519}},{"uid":"3034bf576a0aecc1","reportUrl":"https://Nat754.github.io/StroyremAutomation/81//#testresult/3034bf576a0aecc1","status":"skipped","statusDetails":"XFAIL\n\nselenium.common.exceptions.NoSuchElementException: Message: no such element: Unable to locate element: {\"method\":\"xpath\",\"selector\":\"(//a[@class='add-to-cart yellow-btn'])[1]\"}\n  (Session info: headless chrome=117.0.5938.92); For documentation on this error, please visit: https://www.selenium.dev/documentation/webdriver/troubleshooting/errors#no-such-element-exception\nStacktrace:\n#0 0x5600571d86b3 <unknown>\n#1 0x560056eae1e7 <unknown>\n#2 0x560056ef5566 <unknown>\n#3 0x560056ef5651 <unknown>\n#4 0x560056f32a74 <unknown>\n#5 0x560056f170ed <unknown>\n#6 0x560056f30322 <unknown>\n#7 0x560056f16e93 <unknown>\n#8 0x560056ee9934 <unknown>\n#9 0x560056eea71e <unknown>\n#10 0x56005719dcb8 <unknown>\n#11 0x5600571a1bf0 <unknown>\n#12 0x5600571ac19c <unknown>\n#13 0x5600571a2808 <unknown>\n#14 0x56005716f27f <unknown>\n#15 0x5600571c6e88 <unknown>\n#16 0x5600571c7059 <unknown>\n#17 0x5600571d7843 <unknown>\n#18 0x7f345126e044 <unknown>","time":{"start":1696208367509,"stop":1696208367956,"duration":447}},{"uid":"2b52595de3eb9078","reportUrl":"https://Nat754.github.io/StroyremAutomation/80//#testresult/2b52595de3eb9078","status":"skipped","statusDetails":"XFAIL\n\nselenium.common.exceptions.NoSuchElementException: Message: no such element: Unable to locate element: {\"method\":\"xpath\",\"selector\":\"(//a[@class='add-to-cart yellow-btn'])[1]\"}\n  (Session info: headless chrome=117.0.5938.92); For documentation on this error, please visit: https://www.selenium.dev/documentation/webdriver/troubleshooting/errors#no-such-element-exception\nStacktrace:\n#0 0x562feb87c6b3 <unknown>\n#1 0x562feb5521e7 <unknown>\n#2 0x562feb599566 <unknown>\n#3 0x562feb599651 <unknown>\n#4 0x562feb5d6a74 <unknown>\n#5 0x562feb5bb0ed <unknown>\n#6 0x562feb5d4322 <unknown>\n#7 0x562feb5bae93 <unknown>\n#8 0x562feb58d934 <unknown>\n#9 0x562feb58e71e <unknown>\n#10 0x562feb841cb8 <unknown>\n#11 0x562feb845bf0 <unknown>\n#12 0x562feb85019c <unknown>\n#13 0x562feb846808 <unknown>\n#14 0x562feb81327f <unknown>\n#15 0x562feb86ae88 <unknown>\n#16 0x562feb86b059 <unknown>\n#17 0x562feb87b843 <unknown>\n#18 0x7f0b2633d044 <unknown>","time":{"start":1696122351263,"stop":1696122351768,"duration":505}},{"uid":"70201a50e8672b04","reportUrl":"https://Nat754.github.io/StroyremAutomation/79//#testresult/70201a50e8672b04","status":"skipped","statusDetails":"XFAIL\n\nselenium.common.exceptions.NoSuchElementException: Message: no such element: Unable to locate element: {\"method\":\"xpath\",\"selector\":\"(//a[@class='add-to-cart yellow-btn'])[1]\"}\n  (Session info: headless chrome=117.0.5938.92); For documentation on this error, please visit: https://www.selenium.dev/documentation/webdriver/troubleshooting/errors#no-such-element-exception\nStacktrace:\n#0 0x563838e646b3 <unknown>\n#1 0x563838b3a1e7 <unknown>\n#2 0x563838b81566 <unknown>\n#3 0x563838b81651 <unknown>\n#4 0x563838bbea74 <unknown>\n#5 0x563838ba30ed <unknown>\n#6 0x563838bbc322 <unknown>\n#7 0x563838ba2e93 <unknown>\n#8 0x563838b75934 <unknown>\n#9 0x563838b7671e <unknown>\n#10 0x563838e29cb8 <unknown>\n#11 0x563838e2dbf0 <unknown>\n#12 0x563838e3819c <unknown>\n#13 0x563838e2e808 <unknown>\n#14 0x563838dfb27f <unknown>\n#15 0x563838e52e88 <unknown>\n#16 0x563838e53059 <unknown>\n#17 0x563838e63843 <unknown>\n#18 0x7f6044e89044 <unknown>","time":{"start":1696035341931,"stop":1696035342361,"duration":430}},{"uid":"aef25dc76ac602d","reportUrl":"https://Nat754.github.io/StroyremAutomation/78//#testresult/aef25dc76ac602d","status":"skipped","statusDetails":"XFAIL\n\nselenium.common.exceptions.NoSuchElementException: Message: no such element: Unable to locate element: {\"method\":\"xpath\",\"selector\":\"(//a[@class='add-to-cart yellow-btn'])[1]\"}\n  (Session info: headless chrome=117.0.5938.92); For documentation on this error, please visit: https://www.selenium.dev/documentation/webdriver/troubleshooting/errors#no-such-element-exception\nStacktrace:\n#0 0x55944949c6b3 <unknown>\n#1 0x5594491721e7 <unknown>\n#2 0x5594491b9566 <unknown>\n#3 0x5594491b9651 <unknown>\n#4 0x5594491f6a74 <unknown>\n#5 0x5594491db0ed <unknown>\n#6 0x5594491f4322 <unknown>\n#7 0x5594491dae93 <unknown>\n#8 0x5594491ad934 <unknown>\n#9 0x5594491ae71e <unknown>\n#10 0x559449461cb8 <unknown>\n#11 0x559449465bf0 <unknown>\n#12 0x55944947019c <unknown>\n#13 0x559449466808 <unknown>\n#14 0x55944943327f <unknown>\n#15 0x55944948ae88 <unknown>\n#16 0x55944948b059 <unknown>\n#17 0x55944949b843 <unknown>\n#18 0x7f4a30311044 <unknown>","time":{"start":1695949071188,"stop":1695949071731,"duration":543}},{"uid":"776447589bb35c88","reportUrl":"https://Nat754.github.io/StroyremAutomation/77//#testresult/776447589bb35c88","status":"skipped","statusDetails":"XFAIL\n\nselenium.common.exceptions.NoSuchElementException: Message: no such element: Unable to locate element: {\"method\":\"xpath\",\"selector\":\"(//a[@class='add-to-cart yellow-btn'])[1]\"}\n  (Session info: headless chrome=117.0.5938.92); For documentation on this error, please visit: https://www.selenium.dev/documentation/webdriver/troubleshooting/errors#no-such-element-exception\nStacktrace:\n#0 0x56174b1136b3 <unknown>\n#1 0x56174ade91e7 <unknown>\n#2 0x56174ae30566 <unknown>\n#3 0x56174ae30651 <unknown>\n#4 0x56174ae6da74 <unknown>\n#5 0x56174ae520ed <unknown>\n#6 0x56174ae6b322 <unknown>\n#7 0x56174ae51e93 <unknown>\n#8 0x56174ae24934 <unknown>\n#9 0x56174ae2571e <unknown>\n#10 0x56174b0d8cb8 <unknown>\n#11 0x56174b0dcbf0 <unknown>\n#12 0x56174b0e719c <unknown>\n#13 0x56174b0dd808 <unknown>\n#14 0x56174b0aa27f <unknown>\n#15 0x56174b101e88 <unknown>\n#16 0x56174b102059 <unknown>\n#17 0x56174b112843 <unknown>\n#18 0x7fcb78e79044 <unknown>","time":{"start":1695862835202,"stop":1695862835824,"duration":622}},{"uid":"3b4329effb6013d1","reportUrl":"https://Nat754.github.io/StroyremAutomation/76//#testresult/3b4329effb6013d1","status":"skipped","statusDetails":"XFAIL\n\nselenium.common.exceptions.ElementNotInteractableException: Message: element not interactable\n  (Session info: headless chrome=117.0.5938.92)\nStacktrace:\n#0 0x556f3ad166b3 <unknown>\n#1 0x556f3a9ec036 <unknown>\n#2 0x556f3aa2ac1d <unknown>\n#3 0x556f3aa550c2 <unknown>\n#4 0x556f3aa28f16 <unknown>\n#5 0x556f3aa5528e <unknown>\n#6 0x556f3aa6e322 <unknown>\n#7 0x556f3aa54e93 <unknown>\n#8 0x556f3aa27934 <unknown>\n#9 0x556f3aa2871e <unknown>\n#10 0x556f3acdbcb8 <unknown>\n#11 0x556f3acdfbf0 <unknown>\n#12 0x556f3acea19c <unknown>\n#13 0x556f3ace0808 <unknown>\n#14 0x556f3acad27f <unknown>\n#15 0x556f3ad04e88 <unknown>\n#16 0x556f3ad05059 <unknown>\n#17 0x556f3ad15843 <unknown>\n#18 0x7ff2ff16e044 <unknown>","time":{"start":1695776600359,"stop":1695776607281,"duration":6922}},{"uid":"e40bb601a465299b","reportUrl":"https://Nat754.github.io/StroyremAutomation/75//#testresult/e40bb601a465299b","status":"skipped","statusDetails":"XFAIL\n\nselenium.common.exceptions.NoSuchElementException: Message: no such element: Unable to locate element: {\"method\":\"xpath\",\"selector\":\"(//a[@class='add-to-cart yellow-btn'])[1]\"}\n  (Session info: headless chrome=117.0.5938.92); For documentation on this error, please visit: https://www.selenium.dev/documentation/webdriver/troubleshooting/errors#no-such-element-exception\nStacktrace:\n#0 0x55cb3e7386b3 <unknown>\n#1 0x55cb3e40e1e7 <unknown>\n#2 0x55cb3e455566 <unknown>\n#3 0x55cb3e455651 <unknown>\n#4 0x55cb3e492a74 <unknown>\n#5 0x55cb3e4770ed <unknown>\n#6 0x55cb3e490322 <unknown>\n#7 0x55cb3e476e93 <unknown>\n#8 0x55cb3e449934 <unknown>\n#9 0x55cb3e44a71e <unknown>\n#10 0x55cb3e6fdcb8 <unknown>\n#11 0x55cb3e701bf0 <unknown>\n#12 0x55cb3e70c19c <unknown>\n#13 0x55cb3e702808 <unknown>\n#14 0x55cb3e6cf27f <unknown>\n#15 0x55cb3e726e88 <unknown>\n#16 0x55cb3e727059 <unknown>\n#17 0x55cb3e737843 <unknown>\n#18 0x7f82324b0044 <unknown>","time":{"start":1695690110971,"stop":1695690111516,"duration":545}},{"uid":"1b9b9be647a4c7e4","reportUrl":"https://Nat754.github.io/StroyremAutomation/74//#testresult/1b9b9be647a4c7e4","status":"skipped","statusDetails":"XFAIL\n\nselenium.common.exceptions.NoSuchElementException: Message: no such element: Unable to locate element: {\"method\":\"xpath\",\"selector\":\"(//a[@class='add-to-cart yellow-btn'])[1]\"}\n  (Session info: headless chrome=117.0.5938.92); For documentation on this error, please visit: https://www.selenium.dev/documentation/webdriver/troubleshooting/errors#no-such-element-exception\nStacktrace:\n#0 0x558759c456b3 <unknown>\n#1 0x55875991b1e7 <unknown>\n#2 0x558759962566 <unknown>\n#3 0x558759962651 <unknown>\n#4 0x55875999fa74 <unknown>\n#5 0x5587599840ed <unknown>\n#6 0x55875999d322 <unknown>\n#7 0x558759983e93 <unknown>\n#8 0x558759956934 <unknown>\n#9 0x55875995771e <unknown>\n#10 0x558759c0acb8 <unknown>\n#11 0x558759c0ebf0 <unknown>\n#12 0x558759c1919c <unknown>\n#13 0x558759c0f808 <unknown>\n#14 0x558759bdc27f <unknown>\n#15 0x558759c33e88 <unknown>\n#16 0x558759c34059 <unknown>\n#17 0x558759c44843 <unknown>\n#18 0x7ff83b70a044 <unknown>","time":{"start":1695603689769,"stop":1695603690408,"duration":639}},{"uid":"268e209f908dd1d1","reportUrl":"https://Nat754.github.io/StroyremAutomation/73//#testresult/268e209f908dd1d1","status":"skipped","statusDetails":"XFAIL\n\nselenium.common.exceptions.NoSuchElementException: Message: no such element: Unable to locate element: {\"method\":\"xpath\",\"selector\":\"(//a[@class='add-to-cart yellow-btn'])[1]\"}\n  (Session info: headless chrome=117.0.5938.92); For documentation on this error, please visit: https://www.selenium.dev/documentation/webdriver/troubleshooting/errors#no-such-element-exception\nStacktrace:\n#0 0x556e472d26b3 <unknown>\n#1 0x556e46fa81e7 <unknown>\n#2 0x556e46fef566 <unknown>\n#3 0x556e46fef651 <unknown>\n#4 0x556e4702ca74 <unknown>\n#5 0x556e470110ed <unknown>\n#6 0x556e4702a322 <unknown>\n#7 0x556e47010e93 <unknown>\n#8 0x556e46fe3934 <unknown>\n#9 0x556e46fe471e <unknown>\n#10 0x556e47297cb8 <unknown>\n#11 0x556e4729bbf0 <unknown>\n#12 0x556e472a619c <unknown>\n#13 0x556e4729c808 <unknown>\n#14 0x556e4726927f <unknown>\n#15 0x556e472c0e88 <unknown>\n#16 0x556e472c1059 <unknown>\n#17 0x556e472d1843 <unknown>\n#18 0x7f99be1a9044 <unknown>","time":{"start":1695517197452,"stop":1695517197990,"duration":538}},{"uid":"a43e3b0d4762ac25","reportUrl":"https://Nat754.github.io/StroyremAutomation/72//#testresult/a43e3b0d4762ac25","status":"skipped","statusDetails":"XFAIL\n\nselenium.common.exceptions.NoSuchElementException: Message: no such element: Unable to locate element: {\"method\":\"xpath\",\"selector\":\"(//a[@class='add-to-cart yellow-btn'])[1]\"}\n  (Session info: headless chrome=117.0.5938.92); For documentation on this error, please visit: https://www.selenium.dev/documentation/webdriver/troubleshooting/errors#no-such-element-exception\nStacktrace:\n#0 0x5592722fa6b3 <unknown>\n#1 0x559271fd01e7 <unknown>\n#2 0x559272017566 <unknown>\n#3 0x559272017651 <unknown>\n#4 0x559272054a74 <unknown>\n#5 0x5592720390ed <unknown>\n#6 0x559272052322 <unknown>\n#7 0x559272038e93 <unknown>\n#8 0x55927200b934 <unknown>\n#9 0x55927200c71e <unknown>\n#10 0x5592722bfcb8 <unknown>\n#11 0x5592722c3bf0 <unknown>\n#12 0x5592722ce19c <unknown>\n#13 0x5592722c4808 <unknown>\n#14 0x55927229127f <unknown>\n#15 0x5592722e8e88 <unknown>\n#16 0x5592722e9059 <unknown>\n#17 0x5592722f9843 <unknown>\n#18 0x7ffb60344044 <unknown>","time":{"start":1695430715718,"stop":1695430716394,"duration":676}},{"uid":"4cd399f9f4e94957","reportUrl":"https://Nat754.github.io/StroyremAutomation/71//#testresult/4cd399f9f4e94957","status":"skipped","statusDetails":"XFAIL\n\nselenium.common.exceptions.NoSuchElementException: Message: no such element: Unable to locate element: {\"method\":\"xpath\",\"selector\":\"(//a[@class='add-to-cart yellow-btn'])[1]\"}\n  (Session info: headless chrome=117.0.5938.92); For documentation on this error, please visit: https://www.selenium.dev/documentation/webdriver/troubleshooting/errors#no-such-element-exception\nStacktrace:\n#0 0x55d5f6b206b3 <unknown>\n#1 0x55d5f67f61e7 <unknown>\n#2 0x55d5f683d566 <unknown>\n#3 0x55d5f683d651 <unknown>\n#4 0x55d5f687aa74 <unknown>\n#5 0x55d5f685f0ed <unknown>\n#6 0x55d5f6878322 <unknown>\n#7 0x55d5f685ee93 <unknown>\n#8 0x55d5f6831934 <unknown>\n#9 0x55d5f683271e <unknown>\n#10 0x55d5f6ae5cb8 <unknown>\n#11 0x55d5f6ae9bf0 <unknown>\n#12 0x55d5f6af419c <unknown>\n#13 0x55d5f6aea808 <unknown>\n#14 0x55d5f6ab727f <unknown>\n#15 0x55d5f6b0ee88 <unknown>\n#16 0x55d5f6b0f059 <unknown>\n#17 0x55d5f6b1f843 <unknown>\n#18 0x7f8c3fc3c044 <unknown>","time":{"start":1695406025659,"stop":1695406026353,"duration":694}},{"uid":"fafcdcf915ba04c8","reportUrl":"https://Nat754.github.io/StroyremAutomation/71//#testresult/fafcdcf915ba04c8","status":"skipped","statusDetails":"XFAIL\n\nselenium.common.exceptions.NoSuchElementException: Message: no such element: Unable to locate element: {\"method\":\"xpath\",\"selector\":\"(//a[@class='add-to-cart yellow-btn'])[1]\"}\n  (Session info: headless chrome=117.0.5938.92); For documentation on this error, please visit: https://www.selenium.dev/documentation/webdriver/troubleshooting/errors#no-such-element-exception\nStacktrace:\n#0 0x5585068686b3 <unknown>\n#1 0x55850653e1e7 <unknown>\n#2 0x558506585566 <unknown>\n#3 0x558506585651 <unknown>\n#4 0x5585065c2a74 <unknown>\n#5 0x5585065a70ed <unknown>\n#6 0x5585065c0322 <unknown>\n#7 0x5585065a6e93 <unknown>\n#8 0x558506579934 <unknown>\n#9 0x55850657a71e <unknown>\n#10 0x55850682dcb8 <unknown>\n#11 0x558506831bf0 <unknown>\n#12 0x55850683c19c <unknown>\n#13 0x558506832808 <unknown>\n#14 0x5585067ff27f <unknown>\n#15 0x558506856e88 <unknown>\n#16 0x558506857059 <unknown>\n#17 0x558506867843 <unknown>\n#18 0x7fa517343044 <unknown>","time":{"start":1695344253753,"stop":1695344254278,"duration":525}}]},"tags":["@pytest.mark.xfail","smoke_test"]},"source":"51f6ec9b47fb6bc8.json","parameterValues":["3650","66","'TD 020'","2990","'products/shtukaturka-gipsovaya-aksolit-m50-30-kg-mashinnogo-naneseniya'","1500","'https://sandboxtest.stroyrem-nn.ru/'","2000"]}