{"uid":"ccb080692b726ef6","name":"TD 022 Доставка товара весом до 5000кг. в синей зоне","fullName":"tests.delivery.test_delivery_calculation.TestDeliveryPageCalculation#test_positive_delivery_blue_zone_smoke","historyId":"88e507e8c34e246e904b871854b91bc0","time":{"start":1696812796567,"stop":1696812796978,"duration":411},"status":"skipped","statusMessage":"XFAIL\n\nselenium.common.exceptions.NoSuchElementException: Message: no such element: Unable to locate element: {\"method\":\"xpath\",\"selector\":\"(//a[@class='add-to-cart yellow-btn'])[1]\"}\n  (Session info: headless chrome=117.0.5938.149); For documentation on this error, please visit: https://www.selenium.dev/documentation/webdriver/troubleshooting/errors#no-such-element-exception\nStacktrace:\n#0 0x560357996933 <unknown>\n#1 0x5603576706f7 <unknown>\n#2 0x5603576b7aa6 <unknown>\n#3 0x5603576b7b91 <unknown>\n#4 0x5603576f4fc4 <unknown>\n#5 0x5603576d962d <unknown>\n#6 0x5603576f2857 <unknown>\n#7 0x5603576d93d3 <unknown>\n#8 0x5603576abe64 <unknown>\n#9 0x5603576acc4e <unknown>\n#10 0x56035795c558 <unknown>\n#11 0x5603579604a0 <unknown>\n#12 0x56035796a97c <unknown>\n#13 0x5603579610b8 <unknown>\n#14 0x56035792ccdf <unknown>\n#15 0x560357985048 <unknown>\n#16 0x560357985219 <unknown>\n#17 0x560357995ac3 <unknown>\n#18 0x7f9f09ae7044 <unknown>","statusTrace":"self = <tests.delivery.test_delivery_calculation.TestDeliveryPageCalculation object at 0x7febb8fcc4d0>\ndriver = <selenium.webdriver.chrome.webdriver.WebDriver (session=\"96e06dc7e12f59bc834758fd66b0ca49\")>\nurl = 'https://sandboxtest.stroyrem-nn.ru/', case_id = 'TD 022'\nlink_item = 'products/shtukaturka-gipsovaya-aksolit-m50-30-kg-mashinnogo-naneseniya'\namount = 166, weight = 5000, standard = 2800, in_time = 5490, all_time = 5980\n\n    @pytest.mark.parametrize('case_id, link_item, amount, weight, standard, in_time, all_time', [\n        (\"TD 015\", bundeks_25, 1, 30, 650, 2390, 3320),\n        pytest.param(\n            \"TD 016\", aksolit_30, 8, 300, 650, 2390, 3320,\n            marks=pytest.mark.xfail(reson=\"Цена доставки: - - -\")\n        ),\n        (\"TD 017\", aksolit_30, 13, 400, 650, 2390, 3320),\n        (\"TD 018\", aksolit_30, 16, 500, 850, 2490, 3320),\n        (\"TD 019\", aksolit_30, 25, 1700, 1150, 2490, 3320),\n        (\"TD 020\", aksolit_30, 66, 2000, 1500, 2990, 3650),\n        (\"TD 021\", aksolit_30, 149, 4500, 2600, 4380, 4890),\n        (\"TD 022\", aksolit_30, 166, 5000, 2800, 5490, 5980),\n        pytest.param(\n            \"TD 023\", aksolit_30, 206, 6200, 3300, 7500, 8000,\n            marks=pytest.mark.xfail(reson=\"Цена доставки: 4300 9900 11440\")\n        ),\n        (\"TD 024\", aksolit_30, 299, 9000, 4300, 9900, 11440),\n        (\"TD 025\", aksolit_30, 333, 10000, 7000, 13900, 15900),\n        pytest.param(\n            \"TD 026\", aksolit_30, 366, 11000, 8000, 14900, 19900,\n            marks=pytest.mark.xfail(reson=\"Цена доставки: 7000 13900 15900\")\n        ),\n        pytest.param(\n            \"TD 027\", aksolit_30, 666, 20000, 14000, 16900, 23900,\n            marks=pytest.mark.xfail(reson=\"Цена доставки: 7000 13900 15900\")\n        )\n    ])\n    @pytest.mark.xfail\n    @pytest.mark.smoke_test\n    def test_positive_delivery_blue_zone_smoke(\n            self, driver, url, case_id, link_item, amount, weight, standard, in_time, all_time\n    ):\n        allure.dynamic.title(f\"{case_id} Доставка товара весом до {weight}кг. в синей зоне\")\n    \n        driver.get(f'{url}{link_item}')\n        item_page = ItemPage(driver)\n>       item_page.add_item_to_cart(amount).click_on_cart()\n\ntests/delivery/test_delivery_calculation.py:132: \n_ _ _ _ _ _ _ _ _ _ _ _ _ _ _ _ _ _ _ _ _ _ _ _ _ _ _ _ _ _ _ _ _ _ _ _ _ _ _ _ \npages/item_page.py:40: in add_item_to_cart\n    self.find_element(self._add_item).click()\nbase/seleniumbase.py:17: in find_element\n    return self.driver.find_element(*locator)\n/usr/local/lib/python3.11/site-packages/selenium/webdriver/remote/webdriver.py:739: in find_element\n    return self.execute(Command.FIND_ELEMENT, {\"using\": by, \"value\": value})[\"value\"]\n/usr/local/lib/python3.11/site-packages/selenium/webdriver/remote/webdriver.py:345: in execute\n    self.error_handler.check_response(response)\n_ _ _ _ _ _ _ _ _ _ _ _ _ _ _ _ _ _ _ _ _ _ _ _ _ _ _ _ _ _ _ _ _ _ _ _ _ _ _ _ \n\nself = <selenium.webdriver.remote.errorhandler.ErrorHandler object at 0x7febb93cad90>\nresponse = {'status': 404, 'value': '{\"value\":{\"error\":\"no such element\",\"message\":\"no such element: Unable to locate element: {\\...\\\\n#16 0x560357985219 \\\\u003Cunknown>\\\\n#17 0x560357995ac3 \\\\u003Cunknown>\\\\n#18 0x7f9f09ae7044 \\\\u003Cunknown>\\\\n\"}}'}\n\n    def check_response(self, response: Dict[str, Any]) -> None:\n        \"\"\"Checks that a JSON response from the WebDriver does not have an\n        error.\n    \n        :Args:\n         - response - The JSON response from the WebDriver server as a dictionary\n           object.\n    \n        :Raises: If the response contains an error message.\n        \"\"\"\n        status = response.get(\"status\", None)\n        if not status or status == ErrorCode.SUCCESS:\n            return\n        value = None\n        message = response.get(\"message\", \"\")\n        screen: str = response.get(\"screen\", \"\")\n        stacktrace = None\n        if isinstance(status, int):\n            value_json = response.get(\"value\", None)\n            if value_json and isinstance(value_json, str):\n                import json\n    \n                try:\n                    value = json.loads(value_json)\n                    if len(value) == 1:\n                        value = value[\"value\"]\n                    status = value.get(\"error\", None)\n                    if not status:\n                        status = value.get(\"status\", ErrorCode.UNKNOWN_ERROR)\n                        message = value.get(\"value\") or value.get(\"message\")\n                        if not isinstance(message, str):\n                            value = message\n                            message = message.get(\"message\")\n                    else:\n                        message = value.get(\"message\", None)\n                except ValueError:\n                    pass\n    \n        exception_class: Type[WebDriverException]\n        e = ErrorCode()\n        error_codes = [item for item in dir(e) if not item.startswith(\"__\")]\n        for error_code in error_codes:\n            error_info = getattr(ErrorCode, error_code)\n            if isinstance(error_info, list) and status in error_info:\n                exception_class = getattr(ExceptionMapping, error_code, WebDriverException)\n                break\n        else:\n            exception_class = WebDriverException\n    \n        if not value:\n            value = response[\"value\"]\n        if isinstance(value, str):\n            raise exception_class(value)\n        if message == \"\" and \"message\" in value:\n            message = value[\"message\"]\n    \n        screen = None  # type: ignore[assignment]\n        if \"screen\" in value:\n            screen = value[\"screen\"]\n    \n        stacktrace = None\n        st_value = value.get(\"stackTrace\") or value.get(\"stacktrace\")\n        if st_value:\n            if isinstance(st_value, str):\n                stacktrace = st_value.split(\"\\n\")\n            else:\n                stacktrace = []\n                try:\n                    for frame in st_value:\n                        line = frame.get(\"lineNumber\", \"\")\n                        file = frame.get(\"fileName\", \"<anonymous>\")\n                        if line:\n                            file = f\"{file}:{line}\"\n                        meth = frame.get(\"methodName\", \"<anonymous>\")\n                        if \"className\" in frame:\n                            meth = f\"{frame['className']}.{meth}\"\n                        msg = \"    at %s (%s)\"\n                        msg = msg % (meth, file)\n                        stacktrace.append(msg)\n                except TypeError:\n                    pass\n        if exception_class == UnexpectedAlertPresentException:\n            alert_text = None\n            if \"data\" in value:\n                alert_text = value[\"data\"].get(\"text\")\n            elif \"alert\" in value:\n                alert_text = value[\"alert\"].get(\"text\")\n            raise exception_class(message, screen, stacktrace, alert_text)  # type: ignore[call-arg]  # mypy is not smart enough here\n>       raise exception_class(message, screen, stacktrace)\nE       selenium.common.exceptions.NoSuchElementException: Message: no such element: Unable to locate element: {\"method\":\"xpath\",\"selector\":\"(//a[@class='add-to-cart yellow-btn'])[1]\"}\nE         (Session info: headless chrome=117.0.5938.149); For documentation on this error, please visit: https://www.selenium.dev/documentation/webdriver/troubleshooting/errors#no-such-element-exception\nE       Stacktrace:\nE       #0 0x560357996933 <unknown>\nE       #1 0x5603576706f7 <unknown>\nE       #2 0x5603576b7aa6 <unknown>\nE       #3 0x5603576b7b91 <unknown>\nE       #4 0x5603576f4fc4 <unknown>\nE       #5 0x5603576d962d <unknown>\nE       #6 0x5603576f2857 <unknown>\nE       #7 0x5603576d93d3 <unknown>\nE       #8 0x5603576abe64 <unknown>\nE       #9 0x5603576acc4e <unknown>\nE       #10 0x56035795c558 <unknown>\nE       #11 0x5603579604a0 <unknown>\nE       #12 0x56035796a97c <unknown>\nE       #13 0x5603579610b8 <unknown>\nE       #14 0x56035792ccdf <unknown>\nE       #15 0x560357985048 <unknown>\nE       #16 0x560357985219 <unknown>\nE       #17 0x560357995ac3 <unknown>\nE       #18 0x7f9f09ae7044 <unknown>\n\n/usr/local/lib/python3.11/site-packages/selenium/webdriver/remote/errorhandler.py:229: NoSuchElementException","flaky":false,"newFailed":false,"newBroken":false,"newPassed":false,"retriesCount":0,"retriesStatusChange":false,"beforeStages":[{"name":"_session_faker","time":{"start":1696812495039,"stop":1696812495117,"duration":78},"status":"passed","steps":[],"attachments":[],"parameters":[],"shouldDisplayMessage":false,"stepsCount":0,"attachmentsCount":0,"hasContent":false},{"name":"clear_allure_results_folder","time":{"start":1696812495117,"stop":1696812495117,"duration":0},"status":"passed","steps":[],"attachments":[],"parameters":[],"shouldDisplayMessage":false,"stepsCount":0,"attachmentsCount":0,"hasContent":false},{"name":"driver","time":{"start":1696812795753,"stop":1696812796566,"duration":813},"status":"passed","steps":[],"attachments":[],"parameters":[],"shouldDisplayMessage":false,"stepsCount":0,"attachmentsCount":0,"hasContent":false},{"name":"setup","time":{"start":1696812796566,"stop":1696812796566,"duration":0},"status":"passed","steps":[],"attachments":[],"parameters":[],"shouldDisplayMessage":false,"stepsCount":0,"attachmentsCount":0,"hasContent":false}],"testStage":{"status":"skipped","statusMessage":"XFAIL\n\nselenium.common.exceptions.NoSuchElementException: Message: no such element: Unable to locate element: {\"method\":\"xpath\",\"selector\":\"(//a[@class='add-to-cart yellow-btn'])[1]\"}\n  (Session info: headless chrome=117.0.5938.149); For documentation on this error, please visit: https://www.selenium.dev/documentation/webdriver/troubleshooting/errors#no-such-element-exception\nStacktrace:\n#0 0x560357996933 <unknown>\n#1 0x5603576706f7 <unknown>\n#2 0x5603576b7aa6 <unknown>\n#3 0x5603576b7b91 <unknown>\n#4 0x5603576f4fc4 <unknown>\n#5 0x5603576d962d <unknown>\n#6 0x5603576f2857 <unknown>\n#7 0x5603576d93d3 <unknown>\n#8 0x5603576abe64 <unknown>\n#9 0x5603576acc4e <unknown>\n#10 0x56035795c558 <unknown>\n#11 0x5603579604a0 <unknown>\n#12 0x56035796a97c <unknown>\n#13 0x5603579610b8 <unknown>\n#14 0x56035792ccdf <unknown>\n#15 0x560357985048 <unknown>\n#16 0x560357985219 <unknown>\n#17 0x560357995ac3 <unknown>\n#18 0x7f9f09ae7044 <unknown>","statusTrace":"self = <tests.delivery.test_delivery_calculation.TestDeliveryPageCalculation object at 0x7febb8fcc4d0>\ndriver = <selenium.webdriver.chrome.webdriver.WebDriver (session=\"96e06dc7e12f59bc834758fd66b0ca49\")>\nurl = 'https://sandboxtest.stroyrem-nn.ru/', case_id = 'TD 022'\nlink_item = 'products/shtukaturka-gipsovaya-aksolit-m50-30-kg-mashinnogo-naneseniya'\namount = 166, weight = 5000, standard = 2800, in_time = 5490, all_time = 5980\n\n    @pytest.mark.parametrize('case_id, link_item, amount, weight, standard, in_time, all_time', [\n        (\"TD 015\", bundeks_25, 1, 30, 650, 2390, 3320),\n        pytest.param(\n            \"TD 016\", aksolit_30, 8, 300, 650, 2390, 3320,\n            marks=pytest.mark.xfail(reson=\"Цена доставки: - - -\")\n        ),\n        (\"TD 017\", aksolit_30, 13, 400, 650, 2390, 3320),\n        (\"TD 018\", aksolit_30, 16, 500, 850, 2490, 3320),\n        (\"TD 019\", aksolit_30, 25, 1700, 1150, 2490, 3320),\n        (\"TD 020\", aksolit_30, 66, 2000, 1500, 2990, 3650),\n        (\"TD 021\", aksolit_30, 149, 4500, 2600, 4380, 4890),\n        (\"TD 022\", aksolit_30, 166, 5000, 2800, 5490, 5980),\n        pytest.param(\n            \"TD 023\", aksolit_30, 206, 6200, 3300, 7500, 8000,\n            marks=pytest.mark.xfail(reson=\"Цена доставки: 4300 9900 11440\")\n        ),\n        (\"TD 024\", aksolit_30, 299, 9000, 4300, 9900, 11440),\n        (\"TD 025\", aksolit_30, 333, 10000, 7000, 13900, 15900),\n        pytest.param(\n            \"TD 026\", aksolit_30, 366, 11000, 8000, 14900, 19900,\n            marks=pytest.mark.xfail(reson=\"Цена доставки: 7000 13900 15900\")\n        ),\n        pytest.param(\n            \"TD 027\", aksolit_30, 666, 20000, 14000, 16900, 23900,\n            marks=pytest.mark.xfail(reson=\"Цена доставки: 7000 13900 15900\")\n        )\n    ])\n    @pytest.mark.xfail\n    @pytest.mark.smoke_test\n    def test_positive_delivery_blue_zone_smoke(\n            self, driver, url, case_id, link_item, amount, weight, standard, in_time, all_time\n    ):\n        allure.dynamic.title(f\"{case_id} Доставка товара весом до {weight}кг. в синей зоне\")\n    \n        driver.get(f'{url}{link_item}')\n        item_page = ItemPage(driver)\n>       item_page.add_item_to_cart(amount).click_on_cart()\n\ntests/delivery/test_delivery_calculation.py:132: \n_ _ _ _ _ _ _ _ _ _ _ _ _ _ _ _ _ _ _ _ _ _ _ _ _ _ _ _ _ _ _ _ _ _ _ _ _ _ _ _ \npages/item_page.py:40: in add_item_to_cart\n    self.find_element(self._add_item).click()\nbase/seleniumbase.py:17: in find_element\n    return self.driver.find_element(*locator)\n/usr/local/lib/python3.11/site-packages/selenium/webdriver/remote/webdriver.py:739: in find_element\n    return self.execute(Command.FIND_ELEMENT, {\"using\": by, \"value\": value})[\"value\"]\n/usr/local/lib/python3.11/site-packages/selenium/webdriver/remote/webdriver.py:345: in execute\n    self.error_handler.check_response(response)\n_ _ _ _ _ _ _ _ _ _ _ _ _ _ _ _ _ _ _ _ _ _ _ _ _ _ _ _ _ _ _ _ _ _ _ _ _ _ _ _ \n\nself = <selenium.webdriver.remote.errorhandler.ErrorHandler object at 0x7febb93cad90>\nresponse = {'status': 404, 'value': '{\"value\":{\"error\":\"no such element\",\"message\":\"no such element: Unable to locate element: {\\...\\\\n#16 0x560357985219 \\\\u003Cunknown>\\\\n#17 0x560357995ac3 \\\\u003Cunknown>\\\\n#18 0x7f9f09ae7044 \\\\u003Cunknown>\\\\n\"}}'}\n\n    def check_response(self, response: Dict[str, Any]) -> None:\n        \"\"\"Checks that a JSON response from the WebDriver does not have an\n        error.\n    \n        :Args:\n         - response - The JSON response from the WebDriver server as a dictionary\n           object.\n    \n        :Raises: If the response contains an error message.\n        \"\"\"\n        status = response.get(\"status\", None)\n        if not status or status == ErrorCode.SUCCESS:\n            return\n        value = None\n        message = response.get(\"message\", \"\")\n        screen: str = response.get(\"screen\", \"\")\n        stacktrace = None\n        if isinstance(status, int):\n            value_json = response.get(\"value\", None)\n            if value_json and isinstance(value_json, str):\n                import json\n    \n                try:\n                    value = json.loads(value_json)\n                    if len(value) == 1:\n                        value = value[\"value\"]\n                    status = value.get(\"error\", None)\n                    if not status:\n                        status = value.get(\"status\", ErrorCode.UNKNOWN_ERROR)\n                        message = value.get(\"value\") or value.get(\"message\")\n                        if not isinstance(message, str):\n                            value = message\n                            message = message.get(\"message\")\n                    else:\n                        message = value.get(\"message\", None)\n                except ValueError:\n                    pass\n    \n        exception_class: Type[WebDriverException]\n        e = ErrorCode()\n        error_codes = [item for item in dir(e) if not item.startswith(\"__\")]\n        for error_code in error_codes:\n            error_info = getattr(ErrorCode, error_code)\n            if isinstance(error_info, list) and status in error_info:\n                exception_class = getattr(ExceptionMapping, error_code, WebDriverException)\n                break\n        else:\n            exception_class = WebDriverException\n    \n        if not value:\n            value = response[\"value\"]\n        if isinstance(value, str):\n            raise exception_class(value)\n        if message == \"\" and \"message\" in value:\n            message = value[\"message\"]\n    \n        screen = None  # type: ignore[assignment]\n        if \"screen\" in value:\n            screen = value[\"screen\"]\n    \n        stacktrace = None\n        st_value = value.get(\"stackTrace\") or value.get(\"stacktrace\")\n        if st_value:\n            if isinstance(st_value, str):\n                stacktrace = st_value.split(\"\\n\")\n            else:\n                stacktrace = []\n                try:\n                    for frame in st_value:\n                        line = frame.get(\"lineNumber\", \"\")\n                        file = frame.get(\"fileName\", \"<anonymous>\")\n                        if line:\n                            file = f\"{file}:{line}\"\n                        meth = frame.get(\"methodName\", \"<anonymous>\")\n                        if \"className\" in frame:\n                            meth = f\"{frame['className']}.{meth}\"\n                        msg = \"    at %s (%s)\"\n                        msg = msg % (meth, file)\n                        stacktrace.append(msg)\n                except TypeError:\n                    pass\n        if exception_class == UnexpectedAlertPresentException:\n            alert_text = None\n            if \"data\" in value:\n                alert_text = value[\"data\"].get(\"text\")\n            elif \"alert\" in value:\n                alert_text = value[\"alert\"].get(\"text\")\n            raise exception_class(message, screen, stacktrace, alert_text)  # type: ignore[call-arg]  # mypy is not smart enough here\n>       raise exception_class(message, screen, stacktrace)\nE       selenium.common.exceptions.NoSuchElementException: Message: no such element: Unable to locate element: {\"method\":\"xpath\",\"selector\":\"(//a[@class='add-to-cart yellow-btn'])[1]\"}\nE         (Session info: headless chrome=117.0.5938.149); For documentation on this error, please visit: https://www.selenium.dev/documentation/webdriver/troubleshooting/errors#no-such-element-exception\nE       Stacktrace:\nE       #0 0x560357996933 <unknown>\nE       #1 0x5603576706f7 <unknown>\nE       #2 0x5603576b7aa6 <unknown>\nE       #3 0x5603576b7b91 <unknown>\nE       #4 0x5603576f4fc4 <unknown>\nE       #5 0x5603576d962d <unknown>\nE       #6 0x5603576f2857 <unknown>\nE       #7 0x5603576d93d3 <unknown>\nE       #8 0x5603576abe64 <unknown>\nE       #9 0x5603576acc4e <unknown>\nE       #10 0x56035795c558 <unknown>\nE       #11 0x5603579604a0 <unknown>\nE       #12 0x56035796a97c <unknown>\nE       #13 0x5603579610b8 <unknown>\nE       #14 0x56035792ccdf <unknown>\nE       #15 0x560357985048 <unknown>\nE       #16 0x560357985219 <unknown>\nE       #17 0x560357995ac3 <unknown>\nE       #18 0x7f9f09ae7044 <unknown>\n\n/usr/local/lib/python3.11/site-packages/selenium/webdriver/remote/errorhandler.py:229: NoSuchElementException","steps":[{"name":"Добавляем товар в корзину в количестве 166","time":{"start":1696812796962,"stop":1696812796977,"duration":15},"status":"broken","statusMessage":"selenium.common.exceptions.NoSuchElementException: Message: no such element: Unable to locate element: {\"method\":\"xpath\",\"selector\":\"(//a[@class='add-to-cart yellow-btn'])[1]\"}\n  (Session info: headless chrome=117.0.5938.149); For documentation on this error, please visit: https://www.selenium.dev/documentation/webdriver/troubleshooting/errors#no-such-element-exception\nStacktrace:\n#0 0x560357996933 <unknown>\n#1 0x5603576706f7 <unknown>\n#2 0x5603576b7aa6 <unknown>\n#3 0x5603576b7b91 <unknown>\n#4 0x5603576f4fc4 <unknown>\n#5 0x5603576d962d <unknown>\n#6 0x5603576f2857 <unknown>\n#7 0x5603576d93d3 <unknown>\n#8 0x5603576abe64 <unknown>\n#9 0x5603576acc4e <unknown>\n#10 0x56035795c558 <unknown>\n#11 0x5603579604a0 <unknown>\n#12 0x56035796a97c <unknown>\n#13 0x5603579610b8 <unknown>\n#14 0x56035792ccdf <unknown>\n#15 0x560357985048 <unknown>\n#16 0x560357985219 <unknown>\n#17 0x560357995ac3 <unknown>\n#18 0x7f9f09ae7044 <unknown>\n\n","statusTrace":"  File \"/usr/local/lib/python3.11/site-packages/allure_commons/_allure.py\", line 192, in impl\n    return func(*a, **kw)\n           ^^^^^^^^^^^^^^\n  File \"/app/pages/item_page.py\", line 40, in add_item_to_cart\n    self.find_element(self._add_item).click()\n    ^^^^^^^^^^^^^^^^^^^^^^^^^^^^^^^^^\n  File \"/app/base/seleniumbase.py\", line 17, in find_element\n    return self.driver.find_element(*locator)\n           ^^^^^^^^^^^^^^^^^^^^^^^^^^^^^^^^^^\n  File \"/usr/local/lib/python3.11/site-packages/selenium/webdriver/remote/webdriver.py\", line 739, in find_element\n    return self.execute(Command.FIND_ELEMENT, {\"using\": by, \"value\": value})[\"value\"]\n           ^^^^^^^^^^^^^^^^^^^^^^^^^^^^^^^^^^^^^^^^^^^^^^^^^^^^^^^^^^^^^^^^^\n  File \"/usr/local/lib/python3.11/site-packages/selenium/webdriver/remote/webdriver.py\", line 345, in execute\n    self.error_handler.check_response(response)\n  File \"/usr/local/lib/python3.11/site-packages/selenium/webdriver/remote/errorhandler.py\", line 229, in check_response\n    raise exception_class(message, screen, stacktrace)\n","steps":[],"attachments":[],"parameters":[{"name":"amount","value":"166"}],"shouldDisplayMessage":true,"stepsCount":0,"attachmentsCount":0,"hasContent":true}],"attachments":[{"uid":"8e6dbebac784cb43","name":"Screenshot","source":"8e6dbebac784cb43.png","type":"image/png","size":14860},{"uid":"8dbf71aba7cd43f6","name":"HTML source","source":"8dbf71aba7cd43f6.html","type":"text/html","size":164}],"parameters":[],"shouldDisplayMessage":true,"stepsCount":1,"attachmentsCount":2,"hasContent":true},"afterStages":[{"name":"setup::0","time":{"start":1696812797095,"stop":1696812797095,"duration":0},"status":"passed","steps":[],"attachments":[],"parameters":[],"shouldDisplayMessage":false,"stepsCount":0,"attachmentsCount":0,"hasContent":false},{"name":"driver::0","time":{"start":1696812797095,"stop":1696812797149,"duration":54},"status":"passed","steps":[],"attachments":[],"parameters":[],"shouldDisplayMessage":false,"stepsCount":0,"attachmentsCount":0,"hasContent":false}],"labels":[{"name":"epic","value":"Delivery Page - calculation"},{"name":"tag","value":"smoke_test"},{"name":"tag","value":"@pytest.mark.xfail"},{"name":"parentSuite","value":"tests.delivery"},{"name":"suite","value":"test_delivery_calculation"},{"name":"subSuite","value":"TestDeliveryPageCalculation"},{"name":"host","value":"679104e48469"},{"name":"thread","value":"1-MainThread"},{"name":"framework","value":"pytest"},{"name":"language","value":"cpython3"},{"name":"package","value":"tests.delivery.test_delivery_calculation"},{"name":"resultFormat","value":"allure2"}],"parameters":[{"name":"all_time","value":"5980"},{"name":"amount","value":"166"},{"name":"case_id","value":"'TD 022'"},{"name":"in_time","value":"5490"},{"name":"link_item","value":"'products/shtukaturka-gipsovaya-aksolit-m50-30-kg-mashinnogo-naneseniya'"},{"name":"standard","value":"2800"},{"name":"url","value":"'https://sandboxtest.stroyrem-nn.ru/'"},{"name":"weight","value":"5000"}],"links":[],"hidden":false,"retry":false,"extra":{"severity":"normal","retries":[],"categories":[],"history":{"statistic":{"failed":0,"broken":13,"skipped":48,"passed":0,"unknown":0,"total":61},"items":[{"uid":"d654e3af3885df21","reportUrl":"https://Nat754.github.io/StroyremAutomation/88//#testresult/d654e3af3885df21","status":"skipped","statusDetails":"XFAIL\n\nselenium.common.exceptions.NoSuchElementException: Message: no such element: Unable to locate element: {\"method\":\"xpath\",\"selector\":\"(//a[@class='add-to-cart yellow-btn'])[1]\"}\n  (Session info: headless chrome=117.0.5938.149); For documentation on this error, please visit: https://www.selenium.dev/documentation/webdriver/troubleshooting/errors#no-such-element-exception\nStacktrace:\n#0 0x56129f2ba933 <unknown>\n#1 0x56129ef946f7 <unknown>\n#2 0x56129efdbaa6 <unknown>\n#3 0x56129efdbb91 <unknown>\n#4 0x56129f018fc4 <unknown>\n#5 0x56129effd62d <unknown>\n#6 0x56129f016857 <unknown>\n#7 0x56129effd3d3 <unknown>\n#8 0x56129efcfe64 <unknown>\n#9 0x56129efd0c4e <unknown>\n#10 0x56129f280558 <unknown>\n#11 0x56129f2844a0 <unknown>\n#12 0x56129f28e97c <unknown>\n#13 0x56129f2850b8 <unknown>\n#14 0x56129f250cdf <unknown>\n#15 0x56129f2a9048 <unknown>\n#16 0x56129f2a9219 <unknown>\n#17 0x56129f2b9ac3 <unknown>\n#18 0x7f1cd4eec044 <unknown>","time":{"start":1696726710553,"stop":1696726711233,"duration":680}},{"uid":"54a96001566a7764","reportUrl":"https://Nat754.github.io/StroyremAutomation/87//#testresult/54a96001566a7764","status":"skipped","statusDetails":"XFAIL\n\nselenium.common.exceptions.NoSuchElementException: Message: no such element: Unable to locate element: {\"method\":\"xpath\",\"selector\":\"(//a[@class='add-to-cart yellow-btn'])[1]\"}\n  (Session info: headless chrome=117.0.5938.149); For documentation on this error, please visit: https://www.selenium.dev/documentation/webdriver/troubleshooting/errors#no-such-element-exception\nStacktrace:\n#0 0x55b148228933 <unknown>\n#1 0x55b147f026f7 <unknown>\n#2 0x55b147f49aa6 <unknown>\n#3 0x55b147f49b91 <unknown>\n#4 0x55b147f86fc4 <unknown>\n#5 0x55b147f6b62d <unknown>\n#6 0x55b147f84857 <unknown>\n#7 0x55b147f6b3d3 <unknown>\n#8 0x55b147f3de64 <unknown>\n#9 0x55b147f3ec4e <unknown>\n#10 0x55b1481ee558 <unknown>\n#11 0x55b1481f24a0 <unknown>\n#12 0x55b1481fc97c <unknown>\n#13 0x55b1481f30b8 <unknown>\n#14 0x55b1481becdf <unknown>\n#15 0x55b148217048 <unknown>\n#16 0x55b148217219 <unknown>\n#17 0x55b148227ac3 <unknown>\n#18 0x7f9790615044 <unknown>","time":{"start":1696639927254,"stop":1696639927867,"duration":613}},{"uid":"868fea00498aad2d","reportUrl":"https://Nat754.github.io/StroyremAutomation/86//#testresult/868fea00498aad2d","status":"skipped","statusDetails":"XFAIL\n\nselenium.common.exceptions.NoSuchElementException: Message: no such element: Unable to locate element: {\"method\":\"xpath\",\"selector\":\"(//a[@class='add-to-cart yellow-btn'])[1]\"}\n  (Session info: headless chrome=117.0.5938.149); For documentation on this error, please visit: https://www.selenium.dev/documentation/webdriver/troubleshooting/errors#no-such-element-exception\nStacktrace:\n#0 0x558d1176f933 <unknown>\n#1 0x558d114496f7 <unknown>\n#2 0x558d11490aa6 <unknown>\n#3 0x558d11490b91 <unknown>\n#4 0x558d114cdfc4 <unknown>\n#5 0x558d114b262d <unknown>\n#6 0x558d114cb857 <unknown>\n#7 0x558d114b23d3 <unknown>\n#8 0x558d11484e64 <unknown>\n#9 0x558d11485c4e <unknown>\n#10 0x558d11735558 <unknown>\n#11 0x558d117394a0 <unknown>\n#12 0x558d1174397c <unknown>\n#13 0x558d1173a0b8 <unknown>\n#14 0x558d11705cdf <unknown>\n#15 0x558d1175e048 <unknown>\n#16 0x558d1175e219 <unknown>\n#17 0x558d1176eac3 <unknown>\n#18 0x7feab5745044 <unknown>","time":{"start":1696553572626,"stop":1696553573082,"duration":456}},{"uid":"4c6b60ac7ad8b101","reportUrl":"https://Nat754.github.io/StroyremAutomation/85//#testresult/4c6b60ac7ad8b101","status":"skipped","statusDetails":"XFAIL\n\nselenium.common.exceptions.NoSuchElementException: Message: no such element: Unable to locate element: {\"method\":\"xpath\",\"selector\":\"(//a[@class='add-to-cart yellow-btn'])[1]\"}\n  (Session info: headless chrome=117.0.5938.149); For documentation on this error, please visit: https://www.selenium.dev/documentation/webdriver/troubleshooting/errors#no-such-element-exception\nStacktrace:\n#0 0x55a332aed933 <unknown>\n#1 0x55a3327c76f7 <unknown>\n#2 0x55a33280eaa6 <unknown>\n#3 0x55a33280eb91 <unknown>\n#4 0x55a33284bfc4 <unknown>\n#5 0x55a33283062d <unknown>\n#6 0x55a332849857 <unknown>\n#7 0x55a3328303d3 <unknown>\n#8 0x55a332802e64 <unknown>\n#9 0x55a332803c4e <unknown>\n#10 0x55a332ab3558 <unknown>\n#11 0x55a332ab74a0 <unknown>\n#12 0x55a332ac197c <unknown>\n#13 0x55a332ab80b8 <unknown>\n#14 0x55a332a83cdf <unknown>\n#15 0x55a332adc048 <unknown>\n#16 0x55a332adc219 <unknown>\n#17 0x55a332aecac3 <unknown>\n#18 0x7f0e6b782044 <unknown>","time":{"start":1696467296812,"stop":1696467297391,"duration":579}},{"uid":"251265c6b1ffbe9a","reportUrl":"https://Nat754.github.io/StroyremAutomation/84//#testresult/251265c6b1ffbe9a","status":"skipped","statusDetails":"XFAIL\n\nselenium.common.exceptions.NoSuchElementException: Message: no such element: Unable to locate element: {\"method\":\"xpath\",\"selector\":\"(//a[@class='add-to-cart yellow-btn'])[1]\"}\n  (Session info: headless chrome=117.0.5938.92); For documentation on this error, please visit: https://www.selenium.dev/documentation/webdriver/troubleshooting/errors#no-such-element-exception\nStacktrace:\n#0 0x5608997756b3 <unknown>\n#1 0x56089944b1e7 <unknown>\n#2 0x560899492566 <unknown>\n#3 0x560899492651 <unknown>\n#4 0x5608994cfa74 <unknown>\n#5 0x5608994b40ed <unknown>\n#6 0x5608994cd322 <unknown>\n#7 0x5608994b3e93 <unknown>\n#8 0x560899486934 <unknown>\n#9 0x56089948771e <unknown>\n#10 0x56089973acb8 <unknown>\n#11 0x56089973ebf0 <unknown>\n#12 0x56089974919c <unknown>\n#13 0x56089973f808 <unknown>\n#14 0x56089970c27f <unknown>\n#15 0x560899763e88 <unknown>\n#16 0x560899764059 <unknown>\n#17 0x560899774843 <unknown>\n#18 0x7f775b772044 <unknown>","time":{"start":1696380822215,"stop":1696380822686,"duration":471}},{"uid":"783824b479571f5c","reportUrl":"https://Nat754.github.io/StroyremAutomation/83//#testresult/783824b479571f5c","status":"skipped","statusDetails":"XFAIL\n\nselenium.common.exceptions.NoSuchElementException: Message: no such element: Unable to locate element: {\"method\":\"xpath\",\"selector\":\"(//a[@class='add-to-cart yellow-btn'])[1]\"}\n  (Session info: headless chrome=117.0.5938.92); For documentation on this error, please visit: https://www.selenium.dev/documentation/webdriver/troubleshooting/errors#no-such-element-exception\nStacktrace:\n#0 0x560506cae6b3 <unknown>\n#1 0x5605069841e7 <unknown>\n#2 0x5605069cb566 <unknown>\n#3 0x5605069cb651 <unknown>\n#4 0x560506a08a74 <unknown>\n#5 0x5605069ed0ed <unknown>\n#6 0x560506a06322 <unknown>\n#7 0x5605069ece93 <unknown>\n#8 0x5605069bf934 <unknown>\n#9 0x5605069c071e <unknown>\n#10 0x560506c73cb8 <unknown>\n#11 0x560506c77bf0 <unknown>\n#12 0x560506c8219c <unknown>\n#13 0x560506c78808 <unknown>\n#14 0x560506c4527f <unknown>\n#15 0x560506c9ce88 <unknown>\n#16 0x560506c9d059 <unknown>\n#17 0x560506cad843 <unknown>\n#18 0x7f9259b05044 <unknown>","time":{"start":1696294406634,"stop":1696294407056,"duration":422}},{"uid":"fe002dcf52298275","reportUrl":"https://Nat754.github.io/StroyremAutomation/82//#testresult/fe002dcf52298275","status":"skipped","statusDetails":"XFAIL\n\nselenium.common.exceptions.NoSuchElementException: Message: no such element: Unable to locate element: {\"method\":\"xpath\",\"selector\":\"(//a[@class='add-to-cart yellow-btn'])[1]\"}\n  (Session info: headless chrome=117.0.5938.92); For documentation on this error, please visit: https://www.selenium.dev/documentation/webdriver/troubleshooting/errors#no-such-element-exception\nStacktrace:\n#0 0x5601e8b766b3 <unknown>\n#1 0x5601e884c1e7 <unknown>\n#2 0x5601e8893566 <unknown>\n#3 0x5601e8893651 <unknown>\n#4 0x5601e88d0a74 <unknown>\n#5 0x5601e88b50ed <unknown>\n#6 0x5601e88ce322 <unknown>\n#7 0x5601e88b4e93 <unknown>\n#8 0x5601e8887934 <unknown>\n#9 0x5601e888871e <unknown>\n#10 0x5601e8b3bcb8 <unknown>\n#11 0x5601e8b3fbf0 <unknown>\n#12 0x5601e8b4a19c <unknown>\n#13 0x5601e8b40808 <unknown>\n#14 0x5601e8b0d27f <unknown>\n#15 0x5601e8b64e88 <unknown>\n#16 0x5601e8b65059 <unknown>\n#17 0x5601e8b75843 <unknown>\n#18 0x7f14ec583044 <unknown>","time":{"start":1696282101305,"stop":1696282101952,"duration":647}},{"uid":"e244b54724b91788","reportUrl":"https://Nat754.github.io/StroyremAutomation/81//#testresult/e244b54724b91788","status":"skipped","statusDetails":"XFAIL\n\nselenium.common.exceptions.NoSuchElementException: Message: no such element: Unable to locate element: {\"method\":\"xpath\",\"selector\":\"(//a[@class='add-to-cart yellow-btn'])[1]\"}\n  (Session info: headless chrome=117.0.5938.92); For documentation on this error, please visit: https://www.selenium.dev/documentation/webdriver/troubleshooting/errors#no-such-element-exception\nStacktrace:\n#0 0x564489eeb6b3 <unknown>\n#1 0x564489bc11e7 <unknown>\n#2 0x564489c08566 <unknown>\n#3 0x564489c08651 <unknown>\n#4 0x564489c45a74 <unknown>\n#5 0x564489c2a0ed <unknown>\n#6 0x564489c43322 <unknown>\n#7 0x564489c29e93 <unknown>\n#8 0x564489bfc934 <unknown>\n#9 0x564489bfd71e <unknown>\n#10 0x564489eb0cb8 <unknown>\n#11 0x564489eb4bf0 <unknown>\n#12 0x564489ebf19c <unknown>\n#13 0x564489eb5808 <unknown>\n#14 0x564489e8227f <unknown>\n#15 0x564489ed9e88 <unknown>\n#16 0x564489eda059 <unknown>\n#17 0x564489eea843 <unknown>\n#18 0x7f88f10b4044 <unknown>","time":{"start":1696258220457,"stop":1696258220980,"duration":523}},{"uid":"e18dbd6d70ccf5ad","reportUrl":"https://Nat754.github.io/StroyremAutomation/81//#testresult/e18dbd6d70ccf5ad","status":"skipped","statusDetails":"XFAIL\n\nselenium.common.exceptions.NoSuchElementException: Message: no such element: Unable to locate element: {\"method\":\"xpath\",\"selector\":\"(//a[@class='add-to-cart yellow-btn'])[1]\"}\n  (Session info: headless chrome=117.0.5938.92); For documentation on this error, please visit: https://www.selenium.dev/documentation/webdriver/troubleshooting/errors#no-such-element-exception\nStacktrace:\n#0 0x5618341c26b3 <unknown>\n#1 0x561833e981e7 <unknown>\n#2 0x561833edf566 <unknown>\n#3 0x561833edf651 <unknown>\n#4 0x561833f1ca74 <unknown>\n#5 0x561833f010ed <unknown>\n#6 0x561833f1a322 <unknown>\n#7 0x561833f00e93 <unknown>\n#8 0x561833ed3934 <unknown>\n#9 0x561833ed471e <unknown>\n#10 0x561834187cb8 <unknown>\n#11 0x56183418bbf0 <unknown>\n#12 0x56183419619c <unknown>\n#13 0x56183418c808 <unknown>\n#14 0x56183415927f <unknown>\n#15 0x5618341b0e88 <unknown>\n#16 0x5618341b1059 <unknown>\n#17 0x5618341c1843 <unknown>\n#18 0x7f78f2520044 <unknown>","time":{"start":1696208370579,"stop":1696208371027,"duration":448}},{"uid":"354185dc4b136976","reportUrl":"https://Nat754.github.io/StroyremAutomation/80//#testresult/354185dc4b136976","status":"skipped","statusDetails":"XFAIL\n\nselenium.common.exceptions.NoSuchElementException: Message: no such element: Unable to locate element: {\"method\":\"xpath\",\"selector\":\"(//a[@class='add-to-cart yellow-btn'])[1]\"}\n  (Session info: headless chrome=117.0.5938.92); For documentation on this error, please visit: https://www.selenium.dev/documentation/webdriver/troubleshooting/errors#no-such-element-exception\nStacktrace:\n#0 0x55f4e65c76b3 <unknown>\n#1 0x55f4e629d1e7 <unknown>\n#2 0x55f4e62e4566 <unknown>\n#3 0x55f4e62e4651 <unknown>\n#4 0x55f4e6321a74 <unknown>\n#5 0x55f4e63060ed <unknown>\n#6 0x55f4e631f322 <unknown>\n#7 0x55f4e6305e93 <unknown>\n#8 0x55f4e62d8934 <unknown>\n#9 0x55f4e62d971e <unknown>\n#10 0x55f4e658ccb8 <unknown>\n#11 0x55f4e6590bf0 <unknown>\n#12 0x55f4e659b19c <unknown>\n#13 0x55f4e6591808 <unknown>\n#14 0x55f4e655e27f <unknown>\n#15 0x55f4e65b5e88 <unknown>\n#16 0x55f4e65b6059 <unknown>\n#17 0x55f4e65c6843 <unknown>\n#18 0x7ff2ffad9044 <unknown>","time":{"start":1696122354243,"stop":1696122354729,"duration":486}},{"uid":"44bbf40f89743deb","reportUrl":"https://Nat754.github.io/StroyremAutomation/79//#testresult/44bbf40f89743deb","status":"skipped","statusDetails":"XFAIL\n\nselenium.common.exceptions.NoSuchElementException: Message: no such element: Unable to locate element: {\"method\":\"xpath\",\"selector\":\"(//a[@class='add-to-cart yellow-btn'])[1]\"}\n  (Session info: headless chrome=117.0.5938.92); For documentation on this error, please visit: https://www.selenium.dev/documentation/webdriver/troubleshooting/errors#no-such-element-exception\nStacktrace:\n#0 0x560176d906b3 <unknown>\n#1 0x560176a661e7 <unknown>\n#2 0x560176aad566 <unknown>\n#3 0x560176aad651 <unknown>\n#4 0x560176aeaa74 <unknown>\n#5 0x560176acf0ed <unknown>\n#6 0x560176ae8322 <unknown>\n#7 0x560176acee93 <unknown>\n#8 0x560176aa1934 <unknown>\n#9 0x560176aa271e <unknown>\n#10 0x560176d55cb8 <unknown>\n#11 0x560176d59bf0 <unknown>\n#12 0x560176d6419c <unknown>\n#13 0x560176d5a808 <unknown>\n#14 0x560176d2727f <unknown>\n#15 0x560176d7ee88 <unknown>\n#16 0x560176d7f059 <unknown>\n#17 0x560176d8f843 <unknown>\n#18 0x7fe21d76f044 <unknown>","time":{"start":1696035344802,"stop":1696035345243,"duration":441}},{"uid":"e4dd4ae8e620a83d","reportUrl":"https://Nat754.github.io/StroyremAutomation/78//#testresult/e4dd4ae8e620a83d","status":"skipped","statusDetails":"XFAIL\n\nselenium.common.exceptions.NoSuchElementException: Message: no such element: Unable to locate element: {\"method\":\"xpath\",\"selector\":\"(//a[@class='add-to-cart yellow-btn'])[1]\"}\n  (Session info: headless chrome=117.0.5938.92); For documentation on this error, please visit: https://www.selenium.dev/documentation/webdriver/troubleshooting/errors#no-such-element-exception\nStacktrace:\n#0 0x55c752bfc6b3 <unknown>\n#1 0x55c7528d21e7 <unknown>\n#2 0x55c752919566 <unknown>\n#3 0x55c752919651 <unknown>\n#4 0x55c752956a74 <unknown>\n#5 0x55c75293b0ed <unknown>\n#6 0x55c752954322 <unknown>\n#7 0x55c75293ae93 <unknown>\n#8 0x55c75290d934 <unknown>\n#9 0x55c75290e71e <unknown>\n#10 0x55c752bc1cb8 <unknown>\n#11 0x55c752bc5bf0 <unknown>\n#12 0x55c752bd019c <unknown>\n#13 0x55c752bc6808 <unknown>\n#14 0x55c752b9327f <unknown>\n#15 0x55c752beae88 <unknown>\n#16 0x55c752beb059 <unknown>\n#17 0x55c752bfb843 <unknown>\n#18 0x7f707bb4c044 <unknown>","time":{"start":1695949074155,"stop":1695949074691,"duration":536}},{"uid":"835de93f043646f5","reportUrl":"https://Nat754.github.io/StroyremAutomation/77//#testresult/835de93f043646f5","status":"skipped","statusDetails":"XFAIL\n\nselenium.common.exceptions.NoSuchElementException: Message: no such element: Unable to locate element: {\"method\":\"xpath\",\"selector\":\"(//a[@class='add-to-cart yellow-btn'])[1]\"}\n  (Session info: headless chrome=117.0.5938.92); For documentation on this error, please visit: https://www.selenium.dev/documentation/webdriver/troubleshooting/errors#no-such-element-exception\nStacktrace:\n#0 0x5602a558d6b3 <unknown>\n#1 0x5602a52631e7 <unknown>\n#2 0x5602a52aa566 <unknown>\n#3 0x5602a52aa651 <unknown>\n#4 0x5602a52e7a74 <unknown>\n#5 0x5602a52cc0ed <unknown>\n#6 0x5602a52e5322 <unknown>\n#7 0x5602a52cbe93 <unknown>\n#8 0x5602a529e934 <unknown>\n#9 0x5602a529f71e <unknown>\n#10 0x5602a5552cb8 <unknown>\n#11 0x5602a5556bf0 <unknown>\n#12 0x5602a556119c <unknown>\n#13 0x5602a5557808 <unknown>\n#14 0x5602a552427f <unknown>\n#15 0x5602a557be88 <unknown>\n#16 0x5602a557c059 <unknown>\n#17 0x5602a558c843 <unknown>\n#18 0x7f55b6f98044 <unknown>","time":{"start":1695862838649,"stop":1695862839283,"duration":634}},{"uid":"7fc3705b46e6b39d","reportUrl":"https://Nat754.github.io/StroyremAutomation/76//#testresult/7fc3705b46e6b39d","status":"skipped","statusDetails":"XFAIL\n\nselenium.common.exceptions.ElementNotInteractableException: Message: element not interactable\n  (Session info: headless chrome=117.0.5938.92)\nStacktrace:\n#0 0x55a8bcc3d6b3 <unknown>\n#1 0x55a8bc913036 <unknown>\n#2 0x55a8bc951c1d <unknown>\n#3 0x55a8bc97c0c2 <unknown>\n#4 0x55a8bc94ff16 <unknown>\n#5 0x55a8bc97c28e <unknown>\n#6 0x55a8bc995322 <unknown>\n#7 0x55a8bc97be93 <unknown>\n#8 0x55a8bc94e934 <unknown>\n#9 0x55a8bc94f71e <unknown>\n#10 0x55a8bcc02cb8 <unknown>\n#11 0x55a8bcc06bf0 <unknown>\n#12 0x55a8bcc1119c <unknown>\n#13 0x55a8bcc07808 <unknown>\n#14 0x55a8bcbd427f <unknown>\n#15 0x55a8bcc2be88 <unknown>\n#16 0x55a8bcc2c059 <unknown>\n#17 0x55a8bcc3c843 <unknown>\n#18 0x7f4aaf4b1044 <unknown>","time":{"start":1695776616552,"stop":1695776624283,"duration":7731}},{"uid":"9ffbd65f703b9dd6","reportUrl":"https://Nat754.github.io/StroyremAutomation/75//#testresult/9ffbd65f703b9dd6","status":"skipped","statusDetails":"XFAIL\n\nselenium.common.exceptions.NoSuchElementException: Message: no such element: Unable to locate element: {\"method\":\"xpath\",\"selector\":\"(//a[@class='add-to-cart yellow-btn'])[1]\"}\n  (Session info: headless chrome=117.0.5938.92); For documentation on this error, please visit: https://www.selenium.dev/documentation/webdriver/troubleshooting/errors#no-such-element-exception\nStacktrace:\n#0 0x56472c6e16b3 <unknown>\n#1 0x56472c3b71e7 <unknown>\n#2 0x56472c3fe566 <unknown>\n#3 0x56472c3fe651 <unknown>\n#4 0x56472c43ba74 <unknown>\n#5 0x56472c4200ed <unknown>\n#6 0x56472c439322 <unknown>\n#7 0x56472c41fe93 <unknown>\n#8 0x56472c3f2934 <unknown>\n#9 0x56472c3f371e <unknown>\n#10 0x56472c6a6cb8 <unknown>\n#11 0x56472c6aabf0 <unknown>\n#12 0x56472c6b519c <unknown>\n#13 0x56472c6ab808 <unknown>\n#14 0x56472c67827f <unknown>\n#15 0x56472c6cfe88 <unknown>\n#16 0x56472c6d0059 <unknown>\n#17 0x56472c6e0843 <unknown>\n#18 0x7f456166a044 <unknown>","time":{"start":1695690114229,"stop":1695690114785,"duration":556}},{"uid":"9c2e0c2e3f85cfde","reportUrl":"https://Nat754.github.io/StroyremAutomation/74//#testresult/9c2e0c2e3f85cfde","status":"skipped","statusDetails":"XFAIL\n\nselenium.common.exceptions.NoSuchElementException: Message: no such element: Unable to locate element: {\"method\":\"xpath\",\"selector\":\"(//a[@class='add-to-cart yellow-btn'])[1]\"}\n  (Session info: headless chrome=117.0.5938.92); For documentation on this error, please visit: https://www.selenium.dev/documentation/webdriver/troubleshooting/errors#no-such-element-exception\nStacktrace:\n#0 0x55756edf96b3 <unknown>\n#1 0x55756eacf1e7 <unknown>\n#2 0x55756eb16566 <unknown>\n#3 0x55756eb16651 <unknown>\n#4 0x55756eb53a74 <unknown>\n#5 0x55756eb380ed <unknown>\n#6 0x55756eb51322 <unknown>\n#7 0x55756eb37e93 <unknown>\n#8 0x55756eb0a934 <unknown>\n#9 0x55756eb0b71e <unknown>\n#10 0x55756edbecb8 <unknown>\n#11 0x55756edc2bf0 <unknown>\n#12 0x55756edcd19c <unknown>\n#13 0x55756edc3808 <unknown>\n#14 0x55756ed9027f <unknown>\n#15 0x55756ede7e88 <unknown>\n#16 0x55756ede8059 <unknown>\n#17 0x55756edf8843 <unknown>\n#18 0x7f2cfc55d044 <unknown>","time":{"start":1695603693172,"stop":1695603694012,"duration":840}},{"uid":"166c04f701f30991","reportUrl":"https://Nat754.github.io/StroyremAutomation/73//#testresult/166c04f701f30991","status":"skipped","statusDetails":"XFAIL\n\nselenium.common.exceptions.NoSuchElementException: Message: no such element: Unable to locate element: {\"method\":\"xpath\",\"selector\":\"(//a[@class='add-to-cart yellow-btn'])[1]\"}\n  (Session info: headless chrome=117.0.5938.92); For documentation on this error, please visit: https://www.selenium.dev/documentation/webdriver/troubleshooting/errors#no-such-element-exception\nStacktrace:\n#0 0x56456c6236b3 <unknown>\n#1 0x56456c2f91e7 <unknown>\n#2 0x56456c340566 <unknown>\n#3 0x56456c340651 <unknown>\n#4 0x56456c37da74 <unknown>\n#5 0x56456c3620ed <unknown>\n#6 0x56456c37b322 <unknown>\n#7 0x56456c361e93 <unknown>\n#8 0x56456c334934 <unknown>\n#9 0x56456c33571e <unknown>\n#10 0x56456c5e8cb8 <unknown>\n#11 0x56456c5ecbf0 <unknown>\n#12 0x56456c5f719c <unknown>\n#13 0x56456c5ed808 <unknown>\n#14 0x56456c5ba27f <unknown>\n#15 0x56456c611e88 <unknown>\n#16 0x56456c612059 <unknown>\n#17 0x56456c622843 <unknown>\n#18 0x7fb664b8d044 <unknown>","time":{"start":1695517200395,"stop":1695517200854,"duration":459}},{"uid":"b503873ce1c0c89b","reportUrl":"https://Nat754.github.io/StroyremAutomation/72//#testresult/b503873ce1c0c89b","status":"skipped","statusDetails":"XFAIL\n\nselenium.common.exceptions.NoSuchElementException: Message: no such element: Unable to locate element: {\"method\":\"xpath\",\"selector\":\"(//a[@class='add-to-cart yellow-btn'])[1]\"}\n  (Session info: headless chrome=117.0.5938.92); For documentation on this error, please visit: https://www.selenium.dev/documentation/webdriver/troubleshooting/errors#no-such-element-exception\nStacktrace:\n#0 0x55ff851d56b3 <unknown>\n#1 0x55ff84eab1e7 <unknown>\n#2 0x55ff84ef2566 <unknown>\n#3 0x55ff84ef2651 <unknown>\n#4 0x55ff84f2fa74 <unknown>\n#5 0x55ff84f140ed <unknown>\n#6 0x55ff84f2d322 <unknown>\n#7 0x55ff84f13e93 <unknown>\n#8 0x55ff84ee6934 <unknown>\n#9 0x55ff84ee771e <unknown>\n#10 0x55ff8519acb8 <unknown>\n#11 0x55ff8519ebf0 <unknown>\n#12 0x55ff851a919c <unknown>\n#13 0x55ff8519f808 <unknown>\n#14 0x55ff8516c27f <unknown>\n#15 0x55ff851c3e88 <unknown>\n#16 0x55ff851c4059 <unknown>\n#17 0x55ff851d4843 <unknown>\n#18 0x7f7a9ec70044 <unknown>","time":{"start":1695430719444,"stop":1695430720073,"duration":629}},{"uid":"aa875b7477c547f9","reportUrl":"https://Nat754.github.io/StroyremAutomation/71//#testresult/aa875b7477c547f9","status":"skipped","statusDetails":"XFAIL\n\nselenium.common.exceptions.NoSuchElementException: Message: no such element: Unable to locate element: {\"method\":\"xpath\",\"selector\":\"(//a[@class='add-to-cart yellow-btn'])[1]\"}\n  (Session info: headless chrome=117.0.5938.92); For documentation on this error, please visit: https://www.selenium.dev/documentation/webdriver/troubleshooting/errors#no-such-element-exception\nStacktrace:\n#0 0x561957bca6b3 <unknown>\n#1 0x5619578a01e7 <unknown>\n#2 0x5619578e7566 <unknown>\n#3 0x5619578e7651 <unknown>\n#4 0x561957924a74 <unknown>\n#5 0x5619579090ed <unknown>\n#6 0x561957922322 <unknown>\n#7 0x561957908e93 <unknown>\n#8 0x5619578db934 <unknown>\n#9 0x5619578dc71e <unknown>\n#10 0x561957b8fcb8 <unknown>\n#11 0x561957b93bf0 <unknown>\n#12 0x561957b9e19c <unknown>\n#13 0x561957b94808 <unknown>\n#14 0x561957b6127f <unknown>\n#15 0x561957bb8e88 <unknown>\n#16 0x561957bb9059 <unknown>\n#17 0x561957bc9843 <unknown>\n#18 0x7f88a9816044 <unknown>","time":{"start":1695406029184,"stop":1695406030010,"duration":826}},{"uid":"e7ddf3e87e6a6568","reportUrl":"https://Nat754.github.io/StroyremAutomation/71//#testresult/e7ddf3e87e6a6568","status":"skipped","statusDetails":"XFAIL\n\nselenium.common.exceptions.NoSuchElementException: Message: no such element: Unable to locate element: {\"method\":\"xpath\",\"selector\":\"(//a[@class='add-to-cart yellow-btn'])[1]\"}\n  (Session info: headless chrome=117.0.5938.92); For documentation on this error, please visit: https://www.selenium.dev/documentation/webdriver/troubleshooting/errors#no-such-element-exception\nStacktrace:\n#0 0x55f67539c6b3 <unknown>\n#1 0x55f6750721e7 <unknown>\n#2 0x55f6750b9566 <unknown>\n#3 0x55f6750b9651 <unknown>\n#4 0x55f6750f6a74 <unknown>\n#5 0x55f6750db0ed <unknown>\n#6 0x55f6750f4322 <unknown>\n#7 0x55f6750dae93 <unknown>\n#8 0x55f6750ad934 <unknown>\n#9 0x55f6750ae71e <unknown>\n#10 0x55f675361cb8 <unknown>\n#11 0x55f675365bf0 <unknown>\n#12 0x55f67537019c <unknown>\n#13 0x55f675366808 <unknown>\n#14 0x55f67533327f <unknown>\n#15 0x55f67538ae88 <unknown>\n#16 0x55f67538b059 <unknown>\n#17 0x55f67539b843 <unknown>\n#18 0x7ff00ce00044 <unknown>","time":{"start":1695344256757,"stop":1695344257152,"duration":395}}]},"tags":["@pytest.mark.xfail","smoke_test"]},"source":"ccb080692b726ef6.json","parameterValues":["5980","166","'TD 022'","5490","'products/shtukaturka-gipsovaya-aksolit-m50-30-kg-mashinnogo-naneseniya'","2800","'https://sandboxtest.stroyrem-nn.ru/'","5000"]}