{"uid":"75c7fd55f0e1f32e","name":"test_positive_delivery_green_zone_smoke[TD 008-products/shtukaturka-gipsovaya-aksolit-m50-30-kg-mashinnogo-naneseniya-149-4500-2300-3980-4490-https://sandboxtest.stroyrem-nn.ru/]","fullName":"tests.delivery.test_delivery_calculation.TestDeliveryPageCalculation#test_positive_delivery_green_zone_smoke","historyId":"a6e4f8846394d8afbfad6037346de2a8","time":{"start":1720919084634,"stop":1720919085049,"duration":415},"status":"skipped","statusMessage":"XFAIL\n\nselenium.common.exceptions.NoSuchElementException: Message: no such element: Unable to locate element: {\"method\":\"xpath\",\"selector\":\"(//a[@class='add-to-cart yellow-btn'])[1]\"}\n  (Session info: chrome-headless-shell=126.0.6478.126); For documentation on this error, please visit: https://www.selenium.dev/documentation/webdriver/troubleshooting/errors#no-such-element-exception\nStacktrace:\n#0 0x560a16183c7a <unknown>\n#1 0x560a15e66e2c <unknown>\n#2 0x560a15eb3661 <unknown>\n#3 0x560a15eb3751 <unknown>\n#4 0x560a15ef7f64 <unknown>\n#5 0x560a15ed65ed <unknown>\n#6 0x560a15ef5303 <unknown>\n#7 0x560a15ed6363 <unknown>\n#8 0x560a15ea6247 <unknown>\n#9 0x560a15ea6b9e <unknown>\n#10 0x560a1614a24b <unknown>\n#11 0x560a1614e2f1 <unknown>\n#12 0x560a16135afe <unknown>\n#13 0x560a1614ee52 <unknown>\n#14 0x560a1611a79f <unknown>\n#15 0x560a16173638 <unknown>\n#16 0x560a16173810 <unknown>\n#17 0x560a16182dac <unknown>\n#18 0x7f41a225b134 <unknown>","statusTrace":"self = <tests.delivery.test_delivery_calculation.TestDeliveryPageCalculation object at 0x7fe1be0cfc90>\ndriver = <selenium.webdriver.chrome.webdriver.WebDriver (session=\"b78d08d23f665284ded93948551e184c\")>\nurl = 'https://sandboxtest.stroyrem-nn.ru/', case_id = 'TD 008'\nlink_item = 'products/shtukaturka-gipsovaya-aksolit-m50-30-kg-mashinnogo-naneseniya'\namount = 149, weight = 4500, standard = 2300, in_time = 3980, all_time = 4490\n\n    @pytest.mark.parametrize('case_id, link_item, amount, weight, standard, in_time, all_time', [\n        (\"TD 001\", uroven_3000, 1, 30, 0, 1590, 2190),\n        (\"TD 002\", bundeks_25, 1, 30, 400, 1590, 2190),\n        (\"TD 003\", aksolit_30, 8, 300, 400, 1590, 2190),\n        (\"TD 004\", aksolit_30, 13, 400, 450, 1590, 2190),\n        (\"TD 005\", aksolit_30, 16, 500, 600, 1590, 2190),\n        (\"TD 006\", aksolit_30, 25, 1700, 990, 1990, 2480),\n        (\"TD 007\", aksolit_30, 66, 2000, 1300, 2490, 2980),\n        (\"TD 008\", aksolit_30, 149, 4500, 2300, 3980, 4490),\n        (\"TD 009\", aksolit_30, 166, 5000, 2500, 4990, 5480),\n        pytest.param(\n            \"TD 010\", aksolit_30, 206, 6200, 2900, 5570, 6120,\n            marks=pytest.mark.xfail(reson=\"Цена доставки 3600 7960 8980\")\n        ),\n        (\"TD 011\", aksolit_30, 299, 9000, 3600, 7960, 8980),\n        (\"TD 012\", aksolit_30, 333, 10000, 4450, 11990, 12500),\n        pytest.param(\n            \"TD 013\", aksolit_30, 366, 11000, 4800, 12450, 13480,\n            marks=pytest.mark.xfail(reason=\"Цена стандартной доставки 4450\")\n        ),\n        pytest.param(\n            \"TD 014\", aksolit_30, 666, 20000, 5400, 15600, 17490,\n            marks=pytest.mark.xfail(reason=\"Цена стандартной доставки 4450\")\n        )\n    ])\n    @pytest.mark.xfail\n    @pytest.mark.smoke_test\n    def test_positive_delivery_green_zone_smoke(\n            self, driver, url, case_id, link_item, amount, weight, standard, in_time, all_time\n    ):\n    \n        driver.get(f'{url}{link_item}')\n        item_page = ItemPage(driver)\n>       item_page.add_item_to_cart(amount).click_on_cart()\n\ntests/delivery/test_delivery_calculation.py:50: \n_ _ _ _ _ _ _ _ _ _ _ _ _ _ _ _ _ _ _ _ _ _ _ _ _ _ _ _ _ _ _ _ _ _ _ _ _ _ _ _ \npages/item_page.py:40: in add_item_to_cart\n    self.find_element(self._add_item).click()\nbase/seleniumbase.py:17: in find_element\n    return self.driver.find_element(*locator)\n/usr/local/lib/python3.11/site-packages/selenium/webdriver/remote/webdriver.py:739: in find_element\n    return self.execute(Command.FIND_ELEMENT, {\"using\": by, \"value\": value})[\"value\"]\n/usr/local/lib/python3.11/site-packages/selenium/webdriver/remote/webdriver.py:345: in execute\n    self.error_handler.check_response(response)\n_ _ _ _ _ _ _ _ _ _ _ _ _ _ _ _ _ _ _ _ _ _ _ _ _ _ _ _ _ _ _ _ _ _ _ _ _ _ _ _ \n\nself = <selenium.webdriver.remote.errorhandler.ErrorHandler object at 0x7fe1be261150>\nresponse = {'status': 404, 'value': '{\"value\":{\"error\":\"no such element\",\"message\":\"no such element: Unable to locate element: {\\...\\\\n#16 0x560a16173810 \\\\u003Cunknown>\\\\n#17 0x560a16182dac \\\\u003Cunknown>\\\\n#18 0x7f41a225b134 \\\\u003Cunknown>\\\\n\"}}'}\n\n    def check_response(self, response: Dict[str, Any]) -> None:\n        \"\"\"Checks that a JSON response from the WebDriver does not have an\n        error.\n    \n        :Args:\n         - response - The JSON response from the WebDriver server as a dictionary\n           object.\n    \n        :Raises: If the response contains an error message.\n        \"\"\"\n        status = response.get(\"status\", None)\n        if not status or status == ErrorCode.SUCCESS:\n            return\n        value = None\n        message = response.get(\"message\", \"\")\n        screen: str = response.get(\"screen\", \"\")\n        stacktrace = None\n        if isinstance(status, int):\n            value_json = response.get(\"value\", None)\n            if value_json and isinstance(value_json, str):\n                import json\n    \n                try:\n                    value = json.loads(value_json)\n                    if len(value) == 1:\n                        value = value[\"value\"]\n                    status = value.get(\"error\", None)\n                    if not status:\n                        status = value.get(\"status\", ErrorCode.UNKNOWN_ERROR)\n                        message = value.get(\"value\") or value.get(\"message\")\n                        if not isinstance(message, str):\n                            value = message\n                            message = message.get(\"message\")\n                    else:\n                        message = value.get(\"message\", None)\n                except ValueError:\n                    pass\n    \n        exception_class: Type[WebDriverException]\n        e = ErrorCode()\n        error_codes = [item for item in dir(e) if not item.startswith(\"__\")]\n        for error_code in error_codes:\n            error_info = getattr(ErrorCode, error_code)\n            if isinstance(error_info, list) and status in error_info:\n                exception_class = getattr(ExceptionMapping, error_code, WebDriverException)\n                break\n        else:\n            exception_class = WebDriverException\n    \n        if not value:\n            value = response[\"value\"]\n        if isinstance(value, str):\n            raise exception_class(value)\n        if message == \"\" and \"message\" in value:\n            message = value[\"message\"]\n    \n        screen = None  # type: ignore[assignment]\n        if \"screen\" in value:\n            screen = value[\"screen\"]\n    \n        stacktrace = None\n        st_value = value.get(\"stackTrace\") or value.get(\"stacktrace\")\n        if st_value:\n            if isinstance(st_value, str):\n                stacktrace = st_value.split(\"\\n\")\n            else:\n                stacktrace = []\n                try:\n                    for frame in st_value:\n                        line = frame.get(\"lineNumber\", \"\")\n                        file = frame.get(\"fileName\", \"<anonymous>\")\n                        if line:\n                            file = f\"{file}:{line}\"\n                        meth = frame.get(\"methodName\", \"<anonymous>\")\n                        if \"className\" in frame:\n                            meth = f\"{frame['className']}.{meth}\"\n                        msg = \"    at %s (%s)\"\n                        msg = msg % (meth, file)\n                        stacktrace.append(msg)\n                except TypeError:\n                    pass\n        if exception_class == UnexpectedAlertPresentException:\n            alert_text = None\n            if \"data\" in value:\n                alert_text = value[\"data\"].get(\"text\")\n            elif \"alert\" in value:\n                alert_text = value[\"alert\"].get(\"text\")\n            raise exception_class(message, screen, stacktrace, alert_text)  # type: ignore[call-arg]  # mypy is not smart enough here\n>       raise exception_class(message, screen, stacktrace)\nE       selenium.common.exceptions.NoSuchElementException: Message: no such element: Unable to locate element: {\"method\":\"xpath\",\"selector\":\"(//a[@class='add-to-cart yellow-btn'])[1]\"}\nE         (Session info: chrome-headless-shell=126.0.6478.126); For documentation on this error, please visit: https://www.selenium.dev/documentation/webdriver/troubleshooting/errors#no-such-element-exception\nE       Stacktrace:\nE       #0 0x560a16183c7a <unknown>\nE       #1 0x560a15e66e2c <unknown>\nE       #2 0x560a15eb3661 <unknown>\nE       #3 0x560a15eb3751 <unknown>\nE       #4 0x560a15ef7f64 <unknown>\nE       #5 0x560a15ed65ed <unknown>\nE       #6 0x560a15ef5303 <unknown>\nE       #7 0x560a15ed6363 <unknown>\nE       #8 0x560a15ea6247 <unknown>\nE       #9 0x560a15ea6b9e <unknown>\nE       #10 0x560a1614a24b <unknown>\nE       #11 0x560a1614e2f1 <unknown>\nE       #12 0x560a16135afe <unknown>\nE       #13 0x560a1614ee52 <unknown>\nE       #14 0x560a1611a79f <unknown>\nE       #15 0x560a16173638 <unknown>\nE       #16 0x560a16173810 <unknown>\nE       #17 0x560a16182dac <unknown>\nE       #18 0x7f41a225b134 <unknown>\n\n/usr/local/lib/python3.11/site-packages/selenium/webdriver/remote/errorhandler.py:229: NoSuchElementException","flaky":false,"newFailed":false,"newBroken":false,"newPassed":false,"retriesCount":0,"retriesStatusChange":false,"beforeStages":[{"name":"_session_faker","time":{"start":1720918816442,"stop":1720918816513,"duration":71},"status":"passed","steps":[],"attachments":[],"parameters":[],"shouldDisplayMessage":false,"stepsCount":0,"attachmentsCount":0,"hasContent":false,"attachmentStep":false},{"name":"clear_allure_results_folder","time":{"start":1720918816513,"stop":1720918816513,"duration":0},"status":"passed","steps":[],"attachments":[],"parameters":[],"shouldDisplayMessage":false,"stepsCount":0,"attachmentsCount":0,"hasContent":false,"attachmentStep":false},{"name":"driver","time":{"start":1720919083945,"stop":1720919084632,"duration":687},"status":"passed","steps":[],"attachments":[],"parameters":[],"shouldDisplayMessage":false,"stepsCount":0,"attachmentsCount":0,"hasContent":false,"attachmentStep":false},{"name":"setup","time":{"start":1720919084632,"stop":1720919084633,"duration":1},"status":"passed","steps":[],"attachments":[],"parameters":[],"shouldDisplayMessage":false,"stepsCount":0,"attachmentsCount":0,"hasContent":false,"attachmentStep":false}],"testStage":{"status":"skipped","statusMessage":"XFAIL\n\nselenium.common.exceptions.NoSuchElementException: Message: no such element: Unable to locate element: {\"method\":\"xpath\",\"selector\":\"(//a[@class='add-to-cart yellow-btn'])[1]\"}\n  (Session info: chrome-headless-shell=126.0.6478.126); For documentation on this error, please visit: https://www.selenium.dev/documentation/webdriver/troubleshooting/errors#no-such-element-exception\nStacktrace:\n#0 0x560a16183c7a <unknown>\n#1 0x560a15e66e2c <unknown>\n#2 0x560a15eb3661 <unknown>\n#3 0x560a15eb3751 <unknown>\n#4 0x560a15ef7f64 <unknown>\n#5 0x560a15ed65ed <unknown>\n#6 0x560a15ef5303 <unknown>\n#7 0x560a15ed6363 <unknown>\n#8 0x560a15ea6247 <unknown>\n#9 0x560a15ea6b9e <unknown>\n#10 0x560a1614a24b <unknown>\n#11 0x560a1614e2f1 <unknown>\n#12 0x560a16135afe <unknown>\n#13 0x560a1614ee52 <unknown>\n#14 0x560a1611a79f <unknown>\n#15 0x560a16173638 <unknown>\n#16 0x560a16173810 <unknown>\n#17 0x560a16182dac <unknown>\n#18 0x7f41a225b134 <unknown>","statusTrace":"self = <tests.delivery.test_delivery_calculation.TestDeliveryPageCalculation object at 0x7fe1be0cfc90>\ndriver = <selenium.webdriver.chrome.webdriver.WebDriver (session=\"b78d08d23f665284ded93948551e184c\")>\nurl = 'https://sandboxtest.stroyrem-nn.ru/', case_id = 'TD 008'\nlink_item = 'products/shtukaturka-gipsovaya-aksolit-m50-30-kg-mashinnogo-naneseniya'\namount = 149, weight = 4500, standard = 2300, in_time = 3980, all_time = 4490\n\n    @pytest.mark.parametrize('case_id, link_item, amount, weight, standard, in_time, all_time', [\n        (\"TD 001\", uroven_3000, 1, 30, 0, 1590, 2190),\n        (\"TD 002\", bundeks_25, 1, 30, 400, 1590, 2190),\n        (\"TD 003\", aksolit_30, 8, 300, 400, 1590, 2190),\n        (\"TD 004\", aksolit_30, 13, 400, 450, 1590, 2190),\n        (\"TD 005\", aksolit_30, 16, 500, 600, 1590, 2190),\n        (\"TD 006\", aksolit_30, 25, 1700, 990, 1990, 2480),\n        (\"TD 007\", aksolit_30, 66, 2000, 1300, 2490, 2980),\n        (\"TD 008\", aksolit_30, 149, 4500, 2300, 3980, 4490),\n        (\"TD 009\", aksolit_30, 166, 5000, 2500, 4990, 5480),\n        pytest.param(\n            \"TD 010\", aksolit_30, 206, 6200, 2900, 5570, 6120,\n            marks=pytest.mark.xfail(reson=\"Цена доставки 3600 7960 8980\")\n        ),\n        (\"TD 011\", aksolit_30, 299, 9000, 3600, 7960, 8980),\n        (\"TD 012\", aksolit_30, 333, 10000, 4450, 11990, 12500),\n        pytest.param(\n            \"TD 013\", aksolit_30, 366, 11000, 4800, 12450, 13480,\n            marks=pytest.mark.xfail(reason=\"Цена стандартной доставки 4450\")\n        ),\n        pytest.param(\n            \"TD 014\", aksolit_30, 666, 20000, 5400, 15600, 17490,\n            marks=pytest.mark.xfail(reason=\"Цена стандартной доставки 4450\")\n        )\n    ])\n    @pytest.mark.xfail\n    @pytest.mark.smoke_test\n    def test_positive_delivery_green_zone_smoke(\n            self, driver, url, case_id, link_item, amount, weight, standard, in_time, all_time\n    ):\n    \n        driver.get(f'{url}{link_item}')\n        item_page = ItemPage(driver)\n>       item_page.add_item_to_cart(amount).click_on_cart()\n\ntests/delivery/test_delivery_calculation.py:50: \n_ _ _ _ _ _ _ _ _ _ _ _ _ _ _ _ _ _ _ _ _ _ _ _ _ _ _ _ _ _ _ _ _ _ _ _ _ _ _ _ \npages/item_page.py:40: in add_item_to_cart\n    self.find_element(self._add_item).click()\nbase/seleniumbase.py:17: in find_element\n    return self.driver.find_element(*locator)\n/usr/local/lib/python3.11/site-packages/selenium/webdriver/remote/webdriver.py:739: in find_element\n    return self.execute(Command.FIND_ELEMENT, {\"using\": by, \"value\": value})[\"value\"]\n/usr/local/lib/python3.11/site-packages/selenium/webdriver/remote/webdriver.py:345: in execute\n    self.error_handler.check_response(response)\n_ _ _ _ _ _ _ _ _ _ _ _ _ _ _ _ _ _ _ _ _ _ _ _ _ _ _ _ _ _ _ _ _ _ _ _ _ _ _ _ \n\nself = <selenium.webdriver.remote.errorhandler.ErrorHandler object at 0x7fe1be261150>\nresponse = {'status': 404, 'value': '{\"value\":{\"error\":\"no such element\",\"message\":\"no such element: Unable to locate element: {\\...\\\\n#16 0x560a16173810 \\\\u003Cunknown>\\\\n#17 0x560a16182dac \\\\u003Cunknown>\\\\n#18 0x7f41a225b134 \\\\u003Cunknown>\\\\n\"}}'}\n\n    def check_response(self, response: Dict[str, Any]) -> None:\n        \"\"\"Checks that a JSON response from the WebDriver does not have an\n        error.\n    \n        :Args:\n         - response - The JSON response from the WebDriver server as a dictionary\n           object.\n    \n        :Raises: If the response contains an error message.\n        \"\"\"\n        status = response.get(\"status\", None)\n        if not status or status == ErrorCode.SUCCESS:\n            return\n        value = None\n        message = response.get(\"message\", \"\")\n        screen: str = response.get(\"screen\", \"\")\n        stacktrace = None\n        if isinstance(status, int):\n            value_json = response.get(\"value\", None)\n            if value_json and isinstance(value_json, str):\n                import json\n    \n                try:\n                    value = json.loads(value_json)\n                    if len(value) == 1:\n                        value = value[\"value\"]\n                    status = value.get(\"error\", None)\n                    if not status:\n                        status = value.get(\"status\", ErrorCode.UNKNOWN_ERROR)\n                        message = value.get(\"value\") or value.get(\"message\")\n                        if not isinstance(message, str):\n                            value = message\n                            message = message.get(\"message\")\n                    else:\n                        message = value.get(\"message\", None)\n                except ValueError:\n                    pass\n    \n        exception_class: Type[WebDriverException]\n        e = ErrorCode()\n        error_codes = [item for item in dir(e) if not item.startswith(\"__\")]\n        for error_code in error_codes:\n            error_info = getattr(ErrorCode, error_code)\n            if isinstance(error_info, list) and status in error_info:\n                exception_class = getattr(ExceptionMapping, error_code, WebDriverException)\n                break\n        else:\n            exception_class = WebDriverException\n    \n        if not value:\n            value = response[\"value\"]\n        if isinstance(value, str):\n            raise exception_class(value)\n        if message == \"\" and \"message\" in value:\n            message = value[\"message\"]\n    \n        screen = None  # type: ignore[assignment]\n        if \"screen\" in value:\n            screen = value[\"screen\"]\n    \n        stacktrace = None\n        st_value = value.get(\"stackTrace\") or value.get(\"stacktrace\")\n        if st_value:\n            if isinstance(st_value, str):\n                stacktrace = st_value.split(\"\\n\")\n            else:\n                stacktrace = []\n                try:\n                    for frame in st_value:\n                        line = frame.get(\"lineNumber\", \"\")\n                        file = frame.get(\"fileName\", \"<anonymous>\")\n                        if line:\n                            file = f\"{file}:{line}\"\n                        meth = frame.get(\"methodName\", \"<anonymous>\")\n                        if \"className\" in frame:\n                            meth = f\"{frame['className']}.{meth}\"\n                        msg = \"    at %s (%s)\"\n                        msg = msg % (meth, file)\n                        stacktrace.append(msg)\n                except TypeError:\n                    pass\n        if exception_class == UnexpectedAlertPresentException:\n            alert_text = None\n            if \"data\" in value:\n                alert_text = value[\"data\"].get(\"text\")\n            elif \"alert\" in value:\n                alert_text = value[\"alert\"].get(\"text\")\n            raise exception_class(message, screen, stacktrace, alert_text)  # type: ignore[call-arg]  # mypy is not smart enough here\n>       raise exception_class(message, screen, stacktrace)\nE       selenium.common.exceptions.NoSuchElementException: Message: no such element: Unable to locate element: {\"method\":\"xpath\",\"selector\":\"(//a[@class='add-to-cart yellow-btn'])[1]\"}\nE         (Session info: chrome-headless-shell=126.0.6478.126); For documentation on this error, please visit: https://www.selenium.dev/documentation/webdriver/troubleshooting/errors#no-such-element-exception\nE       Stacktrace:\nE       #0 0x560a16183c7a <unknown>\nE       #1 0x560a15e66e2c <unknown>\nE       #2 0x560a15eb3661 <unknown>\nE       #3 0x560a15eb3751 <unknown>\nE       #4 0x560a15ef7f64 <unknown>\nE       #5 0x560a15ed65ed <unknown>\nE       #6 0x560a15ef5303 <unknown>\nE       #7 0x560a15ed6363 <unknown>\nE       #8 0x560a15ea6247 <unknown>\nE       #9 0x560a15ea6b9e <unknown>\nE       #10 0x560a1614a24b <unknown>\nE       #11 0x560a1614e2f1 <unknown>\nE       #12 0x560a16135afe <unknown>\nE       #13 0x560a1614ee52 <unknown>\nE       #14 0x560a1611a79f <unknown>\nE       #15 0x560a16173638 <unknown>\nE       #16 0x560a16173810 <unknown>\nE       #17 0x560a16182dac <unknown>\nE       #18 0x7f41a225b134 <unknown>\n\n/usr/local/lib/python3.11/site-packages/selenium/webdriver/remote/errorhandler.py:229: NoSuchElementException","steps":[{"name":"Добавляем товар в корзину в количестве 149","time":{"start":1720919085033,"stop":1720919085048,"duration":15},"status":"broken","statusMessage":"selenium.common.exceptions.NoSuchElementException: Message: no such element: Unable to locate element: {\"method\":\"xpath\",\"selector\":\"(//a[@class='add-to-cart yellow-btn'])[1]\"}\n  (Session info: chrome-headless-shell=126.0.6478.126); For documentation on this error, please visit: https://www.selenium.dev/documentation/webdriver/troubleshooting/errors#no-such-element-exception\nStacktrace:\n#0 0x560a16183c7a <unknown>\n#1 0x560a15e66e2c <unknown>\n#2 0x560a15eb3661 <unknown>\n#3 0x560a15eb3751 <unknown>\n#4 0x560a15ef7f64 <unknown>\n#5 0x560a15ed65ed <unknown>\n#6 0x560a15ef5303 <unknown>\n#7 0x560a15ed6363 <unknown>\n#8 0x560a15ea6247 <unknown>\n#9 0x560a15ea6b9e <unknown>\n#10 0x560a1614a24b <unknown>\n#11 0x560a1614e2f1 <unknown>\n#12 0x560a16135afe <unknown>\n#13 0x560a1614ee52 <unknown>\n#14 0x560a1611a79f <unknown>\n#15 0x560a16173638 <unknown>\n#16 0x560a16173810 <unknown>\n#17 0x560a16182dac <unknown>\n#18 0x7f41a225b134 <unknown>\n\n","statusTrace":"  File \"/usr/local/lib/python3.11/site-packages/allure_commons/_allure.py\", line 192, in impl\n    return func(*a, **kw)\n           ^^^^^^^^^^^^^^\n  File \"/app/pages/item_page.py\", line 40, in add_item_to_cart\n    self.find_element(self._add_item).click()\n    ^^^^^^^^^^^^^^^^^^^^^^^^^^^^^^^^^\n  File \"/app/base/seleniumbase.py\", line 17, in find_element\n    return self.driver.find_element(*locator)\n           ^^^^^^^^^^^^^^^^^^^^^^^^^^^^^^^^^^\n  File \"/usr/local/lib/python3.11/site-packages/selenium/webdriver/remote/webdriver.py\", line 739, in find_element\n    return self.execute(Command.FIND_ELEMENT, {\"using\": by, \"value\": value})[\"value\"]\n           ^^^^^^^^^^^^^^^^^^^^^^^^^^^^^^^^^^^^^^^^^^^^^^^^^^^^^^^^^^^^^^^^^\n  File \"/usr/local/lib/python3.11/site-packages/selenium/webdriver/remote/webdriver.py\", line 345, in execute\n    self.error_handler.check_response(response)\n  File \"/usr/local/lib/python3.11/site-packages/selenium/webdriver/remote/errorhandler.py\", line 229, in check_response\n    raise exception_class(message, screen, stacktrace)\n","steps":[],"attachments":[],"parameters":[{"name":"amount","value":"149"}],"shouldDisplayMessage":true,"stepsCount":0,"attachmentsCount":0,"hasContent":true,"attachmentStep":false}],"attachments":[{"uid":"82c69bb68988c822","name":"Screenshot","source":"82c69bb68988c822.png","type":"image/png","size":4720},{"uid":"142f9c440ea31876","name":"HTML source","source":"142f9c440ea31876.html","type":"text/html","size":39}],"parameters":[],"shouldDisplayMessage":true,"stepsCount":1,"attachmentsCount":2,"hasContent":true,"attachmentStep":false},"afterStages":[{"name":"setup::0","time":{"start":1720919085133,"stop":1720919085133,"duration":0},"status":"passed","steps":[],"attachments":[],"parameters":[],"shouldDisplayMessage":false,"stepsCount":0,"attachmentsCount":0,"hasContent":false,"attachmentStep":false},{"name":"driver::0","time":{"start":1720919085133,"stop":1720919085192,"duration":59},"status":"passed","steps":[],"attachments":[],"parameters":[],"shouldDisplayMessage":false,"stepsCount":0,"attachmentsCount":0,"hasContent":false,"attachmentStep":false}],"labels":[{"name":"epic","value":"Delivery Page - calculation"},{"name":"tag","value":"smoke_test"},{"name":"tag","value":"@pytest.mark.xfail"},{"name":"parentSuite","value":"tests.delivery"},{"name":"suite","value":"test_delivery_calculation"},{"name":"subSuite","value":"TestDeliveryPageCalculation"},{"name":"host","value":"8e2f92a9b402"},{"name":"thread","value":"1-MainThread"},{"name":"framework","value":"pytest"},{"name":"language","value":"cpython3"},{"name":"package","value":"tests.delivery.test_delivery_calculation"},{"name":"resultFormat","value":"allure2"}],"parameters":[{"name":"all_time","value":"4490"},{"name":"amount","value":"149"},{"name":"case_id","value":"'TD 008'"},{"name":"in_time","value":"3980"},{"name":"link_item","value":"'products/shtukaturka-gipsovaya-aksolit-m50-30-kg-mashinnogo-naneseniya'"},{"name":"standard","value":"2300"},{"name":"url","value":"'https://sandboxtest.stroyrem-nn.ru/'"},{"name":"weight","value":"4500"}],"links":[],"hidden":false,"retry":false,"extra":{"severity":"normal","retries":[],"categories":[],"history":{"statistic":{"failed":0,"broken":0,"skipped":46,"passed":0,"unknown":0,"total":46},"items":[{"uid":"d26631804362a8f7","reportUrl":"https://Nat754.github.io/StroyremAutomation/367//#testresult/d26631804362a8f7","status":"skipped","statusDetails":"XFAIL\n\nselenium.common.exceptions.NoSuchElementException: Message: no such element: Unable to locate element: {\"method\":\"xpath\",\"selector\":\"(//a[@class='add-to-cart yellow-btn'])[1]\"}\n  (Session info: chrome-headless-shell=126.0.6478.126); For documentation on this error, please visit: https://www.selenium.dev/documentation/webdriver/troubleshooting/errors#no-such-element-exception\nStacktrace:\n#0 0x55b3cebd9c7a <unknown>\n#1 0x55b3ce8bce2c <unknown>\n#2 0x55b3ce909661 <unknown>\n#3 0x55b3ce909751 <unknown>\n#4 0x55b3ce94df64 <unknown>\n#5 0x55b3ce92c5ed <unknown>\n#6 0x55b3ce94b303 <unknown>\n#7 0x55b3ce92c363 <unknown>\n#8 0x55b3ce8fc247 <unknown>\n#9 0x55b3ce8fcb9e <unknown>\n#10 0x55b3ceba024b <unknown>\n#11 0x55b3ceba42f1 <unknown>\n#12 0x55b3ceb8bafe <unknown>\n#13 0x55b3ceba4e52 <unknown>\n#14 0x55b3ceb7079f <unknown>\n#15 0x55b3cebc9638 <unknown>\n#16 0x55b3cebc9810 <unknown>\n#17 0x55b3cebd8dac <unknown>\n#18 0x7f28916a9134 <unknown>","time":{"start":1720832386261,"stop":1720832386787,"duration":526}},{"uid":"3ffedb9493e841dd","reportUrl":"https://Nat754.github.io/StroyremAutomation/366//#testresult/3ffedb9493e841dd","status":"skipped","statusDetails":"XFAIL\n\nselenium.common.exceptions.NoSuchElementException: Message: no such element: Unable to locate element: {\"method\":\"xpath\",\"selector\":\"(//a[@class='add-to-cart yellow-btn'])[1]\"}\n  (Session info: chrome-headless-shell=126.0.6478.126); For documentation on this error, please visit: https://www.selenium.dev/documentation/webdriver/troubleshooting/errors#no-such-element-exception\nStacktrace:\n#0 0x55e5494e6c7a <unknown>\n#1 0x55e5491c9e2c <unknown>\n#2 0x55e549216661 <unknown>\n#3 0x55e549216751 <unknown>\n#4 0x55e54925af64 <unknown>\n#5 0x55e5492395ed <unknown>\n#6 0x55e549258303 <unknown>\n#7 0x55e549239363 <unknown>\n#8 0x55e549209247 <unknown>\n#9 0x55e549209b9e <unknown>\n#10 0x55e5494ad24b <unknown>\n#11 0x55e5494b12f1 <unknown>\n#12 0x55e549498afe <unknown>\n#13 0x55e5494b1e52 <unknown>\n#14 0x55e54947d79f <unknown>\n#15 0x55e5494d6638 <unknown>\n#16 0x55e5494d6810 <unknown>\n#17 0x55e5494e5dac <unknown>\n#18 0x7f27fc1a5134 <unknown>","time":{"start":1720745999289,"stop":1720745999727,"duration":438}},{"uid":"6519cf0f8d1e9a46","reportUrl":"https://Nat754.github.io/StroyremAutomation/365//#testresult/6519cf0f8d1e9a46","status":"skipped","statusDetails":"XFAIL\n\nselenium.common.exceptions.NoSuchElementException: Message: no such element: Unable to locate element: {\"method\":\"xpath\",\"selector\":\"(//a[@class='add-to-cart yellow-btn'])[1]\"}\n  (Session info: chrome-headless-shell=126.0.6478.126); For documentation on this error, please visit: https://www.selenium.dev/documentation/webdriver/troubleshooting/errors#no-such-element-exception\nStacktrace:\n#0 0x55be147d2c7a <unknown>\n#1 0x55be144b5e2c <unknown>\n#2 0x55be14502661 <unknown>\n#3 0x55be14502751 <unknown>\n#4 0x55be14546f64 <unknown>\n#5 0x55be145255ed <unknown>\n#6 0x55be14544303 <unknown>\n#7 0x55be14525363 <unknown>\n#8 0x55be144f5247 <unknown>\n#9 0x55be144f5b9e <unknown>\n#10 0x55be1479924b <unknown>\n#11 0x55be1479d2f1 <unknown>\n#12 0x55be14784afe <unknown>\n#13 0x55be1479de52 <unknown>\n#14 0x55be1476979f <unknown>\n#15 0x55be147c2638 <unknown>\n#16 0x55be147c2810 <unknown>\n#17 0x55be147d1dac <unknown>\n#18 0x7fe2aa762134 <unknown>","time":{"start":1720659634755,"stop":1720659635227,"duration":472}},{"uid":"8af6b1dd689caf51","reportUrl":"https://Nat754.github.io/StroyremAutomation/364//#testresult/8af6b1dd689caf51","status":"skipped","statusDetails":"XFAIL\n\nselenium.common.exceptions.NoSuchElementException: Message: no such element: Unable to locate element: {\"method\":\"xpath\",\"selector\":\"(//a[@class='add-to-cart yellow-btn'])[1]\"}\n  (Session info: chrome-headless-shell=126.0.6478.126); For documentation on this error, please visit: https://www.selenium.dev/documentation/webdriver/troubleshooting/errors#no-such-element-exception\nStacktrace:\n#0 0x561f59ef1c7a <unknown>\n#1 0x561f59bd4e2c <unknown>\n#2 0x561f59c21661 <unknown>\n#3 0x561f59c21751 <unknown>\n#4 0x561f59c65f64 <unknown>\n#5 0x561f59c445ed <unknown>\n#6 0x561f59c63303 <unknown>\n#7 0x561f59c44363 <unknown>\n#8 0x561f59c14247 <unknown>\n#9 0x561f59c14b9e <unknown>\n#10 0x561f59eb824b <unknown>\n#11 0x561f59ebc2f1 <unknown>\n#12 0x561f59ea3afe <unknown>\n#13 0x561f59ebce52 <unknown>\n#14 0x561f59e8879f <unknown>\n#15 0x561f59ee1638 <unknown>\n#16 0x561f59ee1810 <unknown>\n#17 0x561f59ef0dac <unknown>\n#18 0x7fe52c8ba134 <unknown>","time":{"start":1720573241204,"stop":1720573241668,"duration":464}},{"uid":"681e9e213a105851","reportUrl":"https://Nat754.github.io/StroyremAutomation/363//#testresult/681e9e213a105851","status":"skipped","statusDetails":"XFAIL\n\nselenium.common.exceptions.NoSuchElementException: Message: no such element: Unable to locate element: {\"method\":\"xpath\",\"selector\":\"(//a[@class='add-to-cart yellow-btn'])[1]\"}\n  (Session info: chrome-headless-shell=126.0.6478.126); For documentation on this error, please visit: https://www.selenium.dev/documentation/webdriver/troubleshooting/errors#no-such-element-exception\nStacktrace:\n#0 0x56401b0c8c7a <unknown>\n#1 0x56401adabe2c <unknown>\n#2 0x56401adf8661 <unknown>\n#3 0x56401adf8751 <unknown>\n#4 0x56401ae3cf64 <unknown>\n#5 0x56401ae1b5ed <unknown>\n#6 0x56401ae3a303 <unknown>\n#7 0x56401ae1b363 <unknown>\n#8 0x56401adeb247 <unknown>\n#9 0x56401adebb9e <unknown>\n#10 0x56401b08f24b <unknown>\n#11 0x56401b0932f1 <unknown>\n#12 0x56401b07aafe <unknown>\n#13 0x56401b093e52 <unknown>\n#14 0x56401b05f79f <unknown>\n#15 0x56401b0b8638 <unknown>\n#16 0x56401b0b8810 <unknown>\n#17 0x56401b0c7dac <unknown>\n#18 0x7f5a9dc25134 <unknown>","time":{"start":1720486817065,"stop":1720486817456,"duration":391}},{"uid":"de3718747465522d","reportUrl":"https://Nat754.github.io/StroyremAutomation/362//#testresult/de3718747465522d","status":"skipped","statusDetails":"XFAIL\n\nselenium.common.exceptions.NoSuchElementException: Message: no such element: Unable to locate element: {\"method\":\"xpath\",\"selector\":\"(//a[@class='add-to-cart yellow-btn'])[1]\"}\n  (Session info: chrome-headless-shell=126.0.6478.126); For documentation on this error, please visit: https://www.selenium.dev/documentation/webdriver/troubleshooting/errors#no-such-element-exception\nStacktrace:\n#0 0x558ea18b0c7a <unknown>\n#1 0x558ea1593e2c <unknown>\n#2 0x558ea15e0661 <unknown>\n#3 0x558ea15e0751 <unknown>\n#4 0x558ea1624f64 <unknown>\n#5 0x558ea16035ed <unknown>\n#6 0x558ea1622303 <unknown>\n#7 0x558ea1603363 <unknown>\n#8 0x558ea15d3247 <unknown>\n#9 0x558ea15d3b9e <unknown>\n#10 0x558ea187724b <unknown>\n#11 0x558ea187b2f1 <unknown>\n#12 0x558ea1862afe <unknown>\n#13 0x558ea187be52 <unknown>\n#14 0x558ea184779f <unknown>\n#15 0x558ea18a0638 <unknown>\n#16 0x558ea18a0810 <unknown>\n#17 0x558ea18afdac <unknown>\n#18 0x7fcbead1b134 <unknown>","time":{"start":1720400448280,"stop":1720400448579,"duration":299}},{"uid":"67092658f9466f62","reportUrl":"https://Nat754.github.io/StroyremAutomation/361//#testresult/67092658f9466f62","status":"skipped","statusDetails":"XFAIL\n\nselenium.common.exceptions.NoSuchElementException: Message: no such element: Unable to locate element: {\"method\":\"xpath\",\"selector\":\"(//a[@class='add-to-cart yellow-btn'])[1]\"}\n  (Session info: chrome-headless-shell=126.0.6478.126); For documentation on this error, please visit: https://www.selenium.dev/documentation/webdriver/troubleshooting/errors#no-such-element-exception\nStacktrace:\n#0 0x5645f4495c7a <unknown>\n#1 0x5645f4178e2c <unknown>\n#2 0x5645f41c5661 <unknown>\n#3 0x5645f41c5751 <unknown>\n#4 0x5645f4209f64 <unknown>\n#5 0x5645f41e85ed <unknown>\n#6 0x5645f4207303 <unknown>\n#7 0x5645f41e8363 <unknown>\n#8 0x5645f41b8247 <unknown>\n#9 0x5645f41b8b9e <unknown>\n#10 0x5645f445c24b <unknown>\n#11 0x5645f44602f1 <unknown>\n#12 0x5645f4447afe <unknown>\n#13 0x5645f4460e52 <unknown>\n#14 0x5645f442c79f <unknown>\n#15 0x5645f4485638 <unknown>\n#16 0x5645f4485810 <unknown>\n#17 0x5645f4494dac <unknown>\n#18 0x7f6875858134 <unknown>","time":{"start":1720314210167,"stop":1720314210466,"duration":299}},{"uid":"20fca5f1090e1738","reportUrl":"https://Nat754.github.io/StroyremAutomation/360//#testresult/20fca5f1090e1738","status":"skipped","statusDetails":"XFAIL\n\nselenium.common.exceptions.NoSuchElementException: Message: no such element: Unable to locate element: {\"method\":\"xpath\",\"selector\":\"(//a[@class='add-to-cart yellow-btn'])[1]\"}\n  (Session info: chrome-headless-shell=126.0.6478.126); For documentation on this error, please visit: https://www.selenium.dev/documentation/webdriver/troubleshooting/errors#no-such-element-exception\nStacktrace:\n#0 0x55ca8e211c7a <unknown>\n#1 0x55ca8def4e2c <unknown>\n#2 0x55ca8df41661 <unknown>\n#3 0x55ca8df41751 <unknown>\n#4 0x55ca8df85f64 <unknown>\n#5 0x55ca8df645ed <unknown>\n#6 0x55ca8df83303 <unknown>\n#7 0x55ca8df64363 <unknown>\n#8 0x55ca8df34247 <unknown>\n#9 0x55ca8df34b9e <unknown>\n#10 0x55ca8e1d824b <unknown>\n#11 0x55ca8e1dc2f1 <unknown>\n#12 0x55ca8e1c3afe <unknown>\n#13 0x55ca8e1dce52 <unknown>\n#14 0x55ca8e1a879f <unknown>\n#15 0x55ca8e201638 <unknown>\n#16 0x55ca8e201810 <unknown>\n#17 0x55ca8e210dac <unknown>\n#18 0x7f01e3596134 <unknown>","time":{"start":1720227474155,"stop":1720227474775,"duration":620}},{"uid":"b864482f05d3d1c1","reportUrl":"https://Nat754.github.io/StroyremAutomation/359//#testresult/b864482f05d3d1c1","status":"skipped","statusDetails":"XFAIL\n\nselenium.common.exceptions.NoSuchElementException: Message: no such element: Unable to locate element: {\"method\":\"xpath\",\"selector\":\"(//a[@class='add-to-cart yellow-btn'])[1]\"}\n  (Session info: chrome-headless-shell=126.0.6478.126); For documentation on this error, please visit: https://www.selenium.dev/documentation/webdriver/troubleshooting/errors#no-such-element-exception\nStacktrace:\n#0 0x55884bd0dc7a <unknown>\n#1 0x55884b9f0e2c <unknown>\n#2 0x55884ba3d661 <unknown>\n#3 0x55884ba3d751 <unknown>\n#4 0x55884ba81f64 <unknown>\n#5 0x55884ba605ed <unknown>\n#6 0x55884ba7f303 <unknown>\n#7 0x55884ba60363 <unknown>\n#8 0x55884ba30247 <unknown>\n#9 0x55884ba30b9e <unknown>\n#10 0x55884bcd424b <unknown>\n#11 0x55884bcd82f1 <unknown>\n#12 0x55884bcbfafe <unknown>\n#13 0x55884bcd8e52 <unknown>\n#14 0x55884bca479f <unknown>\n#15 0x55884bcfd638 <unknown>\n#16 0x55884bcfd810 <unknown>\n#17 0x55884bd0cdac <unknown>\n#18 0x7fb02ceab134 <unknown>","time":{"start":1720141109820,"stop":1720141110235,"duration":415}},{"uid":"c42c7def5d3b1e0c","reportUrl":"https://Nat754.github.io/StroyremAutomation/358//#testresult/c42c7def5d3b1e0c","status":"skipped","statusDetails":"XFAIL\n\nselenium.common.exceptions.NoSuchElementException: Message: no such element: Unable to locate element: {\"method\":\"xpath\",\"selector\":\"(//a[@class='add-to-cart yellow-btn'])[1]\"}\n  (Session info: chrome-headless-shell=126.0.6478.126); For documentation on this error, please visit: https://www.selenium.dev/documentation/webdriver/troubleshooting/errors#no-such-element-exception\nStacktrace:\n#0 0x55d67fae6c7a <unknown>\n#1 0x55d67f7c9e2c <unknown>\n#2 0x55d67f816661 <unknown>\n#3 0x55d67f816751 <unknown>\n#4 0x55d67f85af64 <unknown>\n#5 0x55d67f8395ed <unknown>\n#6 0x55d67f858303 <unknown>\n#7 0x55d67f839363 <unknown>\n#8 0x55d67f809247 <unknown>\n#9 0x55d67f809b9e <unknown>\n#10 0x55d67faad24b <unknown>\n#11 0x55d67fab12f1 <unknown>\n#12 0x55d67fa98afe <unknown>\n#13 0x55d67fab1e52 <unknown>\n#14 0x55d67fa7d79f <unknown>\n#15 0x55d67fad6638 <unknown>\n#16 0x55d67fad6810 <unknown>\n#17 0x55d67fae5dac <unknown>\n#18 0x7f0f5b4b2134 <unknown>","time":{"start":1720054739318,"stop":1720054739647,"duration":329}},{"uid":"51dce5277e6dfab4","reportUrl":"https://Nat754.github.io/StroyremAutomation/357//#testresult/51dce5277e6dfab4","status":"skipped","statusDetails":"XFAIL\n\nselenium.common.exceptions.NoSuchElementException: Message: no such element: Unable to locate element: {\"method\":\"xpath\",\"selector\":\"(//a[@class='add-to-cart yellow-btn'])[1]\"}\n  (Session info: chrome-headless-shell=126.0.6478.126); For documentation on this error, please visit: https://www.selenium.dev/documentation/webdriver/troubleshooting/errors#no-such-element-exception\nStacktrace:\n#0 0x56548c01fc7a <unknown>\n#1 0x56548bd02e2c <unknown>\n#2 0x56548bd4f661 <unknown>\n#3 0x56548bd4f751 <unknown>\n#4 0x56548bd93f64 <unknown>\n#5 0x56548bd725ed <unknown>\n#6 0x56548bd91303 <unknown>\n#7 0x56548bd72363 <unknown>\n#8 0x56548bd42247 <unknown>\n#9 0x56548bd42b9e <unknown>\n#10 0x56548bfe624b <unknown>\n#11 0x56548bfea2f1 <unknown>\n#12 0x56548bfd1afe <unknown>\n#13 0x56548bfeae52 <unknown>\n#14 0x56548bfb679f <unknown>\n#15 0x56548c00f638 <unknown>\n#16 0x56548c00f810 <unknown>\n#17 0x56548c01edac <unknown>\n#18 0x7f2780f6f134 <unknown>","time":{"start":1719968385597,"stop":1719968386065,"duration":468}},{"uid":"7826c620f284294","reportUrl":"https://Nat754.github.io/StroyremAutomation/356//#testresult/7826c620f284294","status":"skipped","statusDetails":"XFAIL\n\nselenium.common.exceptions.NoSuchElementException: Message: no such element: Unable to locate element: {\"method\":\"xpath\",\"selector\":\"(//a[@class='add-to-cart yellow-btn'])[1]\"}\n  (Session info: chrome-headless-shell=126.0.6478.126); For documentation on this error, please visit: https://www.selenium.dev/documentation/webdriver/troubleshooting/errors#no-such-element-exception\nStacktrace:\n#0 0x55abd6725c7a <unknown>\n#1 0x55abd6408e2c <unknown>\n#2 0x55abd6455661 <unknown>\n#3 0x55abd6455751 <unknown>\n#4 0x55abd6499f64 <unknown>\n#5 0x55abd64785ed <unknown>\n#6 0x55abd6497303 <unknown>\n#7 0x55abd6478363 <unknown>\n#8 0x55abd6448247 <unknown>\n#9 0x55abd6448b9e <unknown>\n#10 0x55abd66ec24b <unknown>\n#11 0x55abd66f02f1 <unknown>\n#12 0x55abd66d7afe <unknown>\n#13 0x55abd66f0e52 <unknown>\n#14 0x55abd66bc79f <unknown>\n#15 0x55abd6715638 <unknown>\n#16 0x55abd6715810 <unknown>\n#17 0x55abd6724dac <unknown>\n#18 0x7f1e52307134 <unknown>","time":{"start":1719881962488,"stop":1719881962819,"duration":331}},{"uid":"c0807b7cf959a153","reportUrl":"https://Nat754.github.io/StroyremAutomation/355//#testresult/c0807b7cf959a153","status":"skipped","statusDetails":"XFAIL\n\nselenium.common.exceptions.NoSuchElementException: Message: no such element: Unable to locate element: {\"method\":\"xpath\",\"selector\":\"(//a[@class='add-to-cart yellow-btn'])[1]\"}\n  (Session info: chrome-headless-shell=126.0.6478.126); For documentation on this error, please visit: https://www.selenium.dev/documentation/webdriver/troubleshooting/errors#no-such-element-exception\nStacktrace:\n#0 0x564c7daedc7a <unknown>\n#1 0x564c7d7d0e2c <unknown>\n#2 0x564c7d81d661 <unknown>\n#3 0x564c7d81d751 <unknown>\n#4 0x564c7d861f64 <unknown>\n#5 0x564c7d8405ed <unknown>\n#6 0x564c7d85f303 <unknown>\n#7 0x564c7d840363 <unknown>\n#8 0x564c7d810247 <unknown>\n#9 0x564c7d810b9e <unknown>\n#10 0x564c7dab424b <unknown>\n#11 0x564c7dab82f1 <unknown>\n#12 0x564c7da9fafe <unknown>\n#13 0x564c7dab8e52 <unknown>\n#14 0x564c7da8479f <unknown>\n#15 0x564c7dadd638 <unknown>\n#16 0x564c7dadd810 <unknown>\n#17 0x564c7daecdac <unknown>\n#18 0x7f0cd835e134 <unknown>","time":{"start":1719795888258,"stop":1719795888798,"duration":540}},{"uid":"9eea496196f65099","reportUrl":"https://Nat754.github.io/StroyremAutomation/354//#testresult/9eea496196f65099","status":"skipped","statusDetails":"XFAIL\n\nselenium.common.exceptions.NoSuchElementException: Message: no such element: Unable to locate element: {\"method\":\"xpath\",\"selector\":\"(//a[@class='add-to-cart yellow-btn'])[1]\"}\n  (Session info: chrome-headless-shell=126.0.6478.126); For documentation on this error, please visit: https://www.selenium.dev/documentation/webdriver/troubleshooting/errors#no-such-element-exception\nStacktrace:\n#0 0x5586cdfb3c7a <unknown>\n#1 0x5586cdc96e2c <unknown>\n#2 0x5586cdce3661 <unknown>\n#3 0x5586cdce3751 <unknown>\n#4 0x5586cdd27f64 <unknown>\n#5 0x5586cdd065ed <unknown>\n#6 0x5586cdd25303 <unknown>\n#7 0x5586cdd06363 <unknown>\n#8 0x5586cdcd6247 <unknown>\n#9 0x5586cdcd6b9e <unknown>\n#10 0x5586cdf7a24b <unknown>\n#11 0x5586cdf7e2f1 <unknown>\n#12 0x5586cdf65afe <unknown>\n#13 0x5586cdf7ee52 <unknown>\n#14 0x5586cdf4a79f <unknown>\n#15 0x5586cdfa3638 <unknown>\n#16 0x5586cdfa3810 <unknown>\n#17 0x5586cdfb2dac <unknown>\n#18 0x7fd4ad856134 <unknown>","time":{"start":1719709394016,"stop":1719709394429,"duration":413}},{"uid":"6472dcd4ed776cba","reportUrl":"https://Nat754.github.io/StroyremAutomation/353//#testresult/6472dcd4ed776cba","status":"skipped","statusDetails":"XFAIL\n\nselenium.common.exceptions.NoSuchElementException: Message: no such element: Unable to locate element: {\"method\":\"xpath\",\"selector\":\"(//a[@class='add-to-cart yellow-btn'])[1]\"}\n  (Session info: chrome-headless-shell=126.0.6478.126); For documentation on this error, please visit: https://www.selenium.dev/documentation/webdriver/troubleshooting/errors#no-such-element-exception\nStacktrace:\n#0 0x55b10fe67c7a <unknown>\n#1 0x55b10fb4ae2c <unknown>\n#2 0x55b10fb97661 <unknown>\n#3 0x55b10fb97751 <unknown>\n#4 0x55b10fbdbf64 <unknown>\n#5 0x55b10fbba5ed <unknown>\n#6 0x55b10fbd9303 <unknown>\n#7 0x55b10fbba363 <unknown>\n#8 0x55b10fb8a247 <unknown>\n#9 0x55b10fb8ab9e <unknown>\n#10 0x55b10fe2e24b <unknown>\n#11 0x55b10fe322f1 <unknown>\n#12 0x55b10fe19afe <unknown>\n#13 0x55b10fe32e52 <unknown>\n#14 0x55b10fdfe79f <unknown>\n#15 0x55b10fe57638 <unknown>\n#16 0x55b10fe57810 <unknown>\n#17 0x55b10fe66dac <unknown>\n#18 0x7f3579122134 <unknown>","time":{"start":1719622671996,"stop":1719622672418,"duration":422}},{"uid":"c65ff924444a8a25","reportUrl":"https://Nat754.github.io/StroyremAutomation/352//#testresult/c65ff924444a8a25","status":"skipped","statusDetails":"XFAIL\n\nselenium.common.exceptions.NoSuchElementException: Message: no such element: Unable to locate element: {\"method\":\"xpath\",\"selector\":\"(//a[@class='add-to-cart yellow-btn'])[1]\"}\n  (Session info: chrome-headless-shell=126.0.6478.126); For documentation on this error, please visit: https://www.selenium.dev/documentation/webdriver/troubleshooting/errors#no-such-element-exception\nStacktrace:\n#0 0x5596024d4c7a <unknown>\n#1 0x5596021b7e2c <unknown>\n#2 0x559602204661 <unknown>\n#3 0x559602204751 <unknown>\n#4 0x559602248f64 <unknown>\n#5 0x5596022275ed <unknown>\n#6 0x559602246303 <unknown>\n#7 0x559602227363 <unknown>\n#8 0x5596021f7247 <unknown>\n#9 0x5596021f7b9e <unknown>\n#10 0x55960249b24b <unknown>\n#11 0x55960249f2f1 <unknown>\n#12 0x559602486afe <unknown>\n#13 0x55960249fe52 <unknown>\n#14 0x55960246b79f <unknown>\n#15 0x5596024c4638 <unknown>\n#16 0x5596024c4810 <unknown>\n#17 0x5596024d3dac <unknown>\n#18 0x7ff7d2e6a134 <unknown>","time":{"start":1719536352997,"stop":1719536353610,"duration":613}},{"uid":"43746cb4c5d11830","reportUrl":"https://Nat754.github.io/StroyremAutomation/351//#testresult/43746cb4c5d11830","status":"skipped","statusDetails":"XFAIL\n\nselenium.common.exceptions.NoSuchElementException: Message: no such element: Unable to locate element: {\"method\":\"xpath\",\"selector\":\"(//a[@class='add-to-cart yellow-btn'])[1]\"}\n  (Session info: chrome-headless-shell=126.0.6478.126); For documentation on this error, please visit: https://www.selenium.dev/documentation/webdriver/troubleshooting/errors#no-such-element-exception\nStacktrace:\n#0 0x55822c1bac7a <unknown>\n#1 0x55822be9de2c <unknown>\n#2 0x55822beea661 <unknown>\n#3 0x55822beea751 <unknown>\n#4 0x55822bf2ef64 <unknown>\n#5 0x55822bf0d5ed <unknown>\n#6 0x55822bf2c303 <unknown>\n#7 0x55822bf0d363 <unknown>\n#8 0x55822bedd247 <unknown>\n#9 0x55822beddb9e <unknown>\n#10 0x55822c18124b <unknown>\n#11 0x55822c1852f1 <unknown>\n#12 0x55822c16cafe <unknown>\n#13 0x55822c185e52 <unknown>\n#14 0x55822c15179f <unknown>\n#15 0x55822c1aa638 <unknown>\n#16 0x55822c1aa810 <unknown>\n#17 0x55822c1b9dac <unknown>\n#18 0x7f4646a2a134 <unknown>","time":{"start":1719449943481,"stop":1719449943803,"duration":322}},{"uid":"b9118b887a89f94b","reportUrl":"https://Nat754.github.io/StroyremAutomation/350//#testresult/b9118b887a89f94b","status":"skipped","statusDetails":"XFAIL\n\nselenium.common.exceptions.NoSuchElementException: Message: no such element: Unable to locate element: {\"method\":\"xpath\",\"selector\":\"(//a[@class='add-to-cart yellow-btn'])[1]\"}\n  (Session info: chrome-headless-shell=126.0.6478.126); For documentation on this error, please visit: https://www.selenium.dev/documentation/webdriver/troubleshooting/errors#no-such-element-exception\nStacktrace:\n#0 0x556a1ccfac7a <unknown>\n#1 0x556a1c9dde2c <unknown>\n#2 0x556a1ca2a661 <unknown>\n#3 0x556a1ca2a751 <unknown>\n#4 0x556a1ca6ef64 <unknown>\n#5 0x556a1ca4d5ed <unknown>\n#6 0x556a1ca6c303 <unknown>\n#7 0x556a1ca4d363 <unknown>\n#8 0x556a1ca1d247 <unknown>\n#9 0x556a1ca1db9e <unknown>\n#10 0x556a1ccc124b <unknown>\n#11 0x556a1ccc52f1 <unknown>\n#12 0x556a1ccacafe <unknown>\n#13 0x556a1ccc5e52 <unknown>\n#14 0x556a1cc9179f <unknown>\n#15 0x556a1ccea638 <unknown>\n#16 0x556a1ccea810 <unknown>\n#17 0x556a1ccf9dac <unknown>\n#18 0x7f336d66e134 <unknown>","time":{"start":1719363512626,"stop":1719363513080,"duration":454}},{"uid":"c57a5a1220d69333","reportUrl":"https://Nat754.github.io/StroyremAutomation/349//#testresult/c57a5a1220d69333","status":"skipped","statusDetails":"XFAIL\n\nselenium.common.exceptions.NoSuchElementException: Message: no such element: Unable to locate element: {\"method\":\"xpath\",\"selector\":\"(//a[@class='add-to-cart yellow-btn'])[1]\"}\n  (Session info: chrome-headless-shell=126.0.6478.126); For documentation on this error, please visit: https://www.selenium.dev/documentation/webdriver/troubleshooting/errors#no-such-element-exception\nStacktrace:\n#0 0x55755aafac7a <unknown>\n#1 0x55755a7dde2c <unknown>\n#2 0x55755a82a661 <unknown>\n#3 0x55755a82a751 <unknown>\n#4 0x55755a86ef64 <unknown>\n#5 0x55755a84d5ed <unknown>\n#6 0x55755a86c303 <unknown>\n#7 0x55755a84d363 <unknown>\n#8 0x55755a81d247 <unknown>\n#9 0x55755a81db9e <unknown>\n#10 0x55755aac124b <unknown>\n#11 0x55755aac52f1 <unknown>\n#12 0x55755aaacafe <unknown>\n#13 0x55755aac5e52 <unknown>\n#14 0x55755aa9179f <unknown>\n#15 0x55755aaea638 <unknown>\n#16 0x55755aaea810 <unknown>\n#17 0x55755aaf9dac <unknown>\n#18 0x7fe04b8c2134 <unknown>","time":{"start":1719277149259,"stop":1719277149895,"duration":636}},{"uid":"b008974011e084d3","reportUrl":"https://Nat754.github.io/StroyremAutomation/348//#testresult/b008974011e084d3","status":"skipped","statusDetails":"XFAIL\n\nselenium.common.exceptions.NoSuchElementException: Message: no such element: Unable to locate element: {\"method\":\"xpath\",\"selector\":\"(//a[@class='add-to-cart yellow-btn'])[1]\"}\n  (Session info: chrome-headless-shell=126.0.6478.63); For documentation on this error, please visit: https://www.selenium.dev/documentation/webdriver/troubleshooting/errors#no-such-element-exception\nStacktrace:\n#0 0x5575b5f3c69a <unknown>\n#1 0x5575b5c1f0dc <unknown>\n#2 0x5575b5c6b931 <unknown>\n#3 0x5575b5c6ba21 <unknown>\n#4 0x5575b5cb0234 <unknown>\n#5 0x5575b5c8e89d <unknown>\n#6 0x5575b5cad5c3 <unknown>\n#7 0x5575b5c8e613 <unknown>\n#8 0x5575b5c5e4f7 <unknown>\n#9 0x5575b5c5ee4e <unknown>\n#10 0x5575b5f0286b <unknown>\n#11 0x5575b5f06911 <unknown>\n#12 0x5575b5eee35e <unknown>\n#13 0x5575b5f07472 <unknown>\n#14 0x5575b5ed2cbf <unknown>\n#15 0x5575b5f2c098 <unknown>\n#16 0x5575b5f2c270 <unknown>\n#17 0x5575b5f3b7cc <unknown>\n#18 0x7f8fea5de134 <unknown>","time":{"start":1719190798671,"stop":1719190799021,"duration":350}}]},"tags":["@pytest.mark.xfail","smoke_test"]},"source":"75c7fd55f0e1f32e.json","parameterValues":["4490","149","'TD 008'","3980","'products/shtukaturka-gipsovaya-aksolit-m50-30-kg-mashinnogo-naneseniya'","2300","'https://sandboxtest.stroyrem-nn.ru/'","4500"]}