{"uid":"8a3aeb35013613ce","name":"test_positive_delivery_green_zone_smoke[TD 004-products/shtukaturka-gipsovaya-aksolit-m50-30-kg-mashinnogo-naneseniya-13-400-450-1590-2190-https://sandboxtest.stroyrem-nn.ru/]","fullName":"tests.delivery.test_delivery_calculation.TestDeliveryPageCalculation#test_positive_delivery_green_zone_smoke","historyId":"ce812b2a55ed9f6130bedf202fa509e3","time":{"start":1722128693945,"stop":1722128694409,"duration":464},"status":"skipped","statusMessage":"XFAIL\n\nselenium.common.exceptions.NoSuchElementException: Message: no such element: Unable to locate element: {\"method\":\"xpath\",\"selector\":\"(//a[@class='add-to-cart yellow-btn'])[1]\"}\n  (Session info: chrome-headless-shell=127.0.6533.72); For documentation on this error, please visit: https://www.selenium.dev/documentation/webdriver/troubleshooting/errors#no-such-element-exception\nStacktrace:\n#0 0x55709e24d6ba <unknown>\n#1 0x55709df1d730 <unknown>\n#2 0x55709df6cd9b <unknown>\n#3 0x55709df6d081 <unknown>\n#4 0x55709dfb0cd4 <unknown>\n#5 0x55709df8fa7d <unknown>\n#6 0x55709dfae1ca <unknown>\n#7 0x55709df8f7f3 <unknown>\n#8 0x55709df5fec9 <unknown>\n#9 0x55709df6091e <unknown>\n#10 0x55709e2139eb <unknown>\n#11 0x55709e217972 <unknown>\n#12 0x55709e200e15 <unknown>\n#13 0x55709e218502 <unknown>\n#14 0x55709e1e5d2f <unknown>\n#15 0x55709e23c578 <unknown>\n#16 0x55709e23c750 <unknown>\n#17 0x55709e24c48c <unknown>\n#18 0x7f4422f3c134 <unknown>","statusTrace":"self = <tests.delivery.test_delivery_calculation.TestDeliveryPageCalculation object at 0x7f597928cb50>\ndriver = <selenium.webdriver.chrome.webdriver.WebDriver (session=\"5e0422481dbf01b097183403654b38b6\")>\nurl = 'https://sandboxtest.stroyrem-nn.ru/', case_id = 'TD 004'\nlink_item = 'products/shtukaturka-gipsovaya-aksolit-m50-30-kg-mashinnogo-naneseniya'\namount = 13, weight = 400, standard = 450, in_time = 1590, all_time = 2190\n\n    @pytest.mark.parametrize('case_id, link_item, amount, weight, standard, in_time, all_time', [\n        (\"TD 001\", uroven_3000, 1, 30, 0, 1590, 2190),\n        (\"TD 002\", bundeks_25, 1, 30, 400, 1590, 2190),\n        (\"TD 003\", aksolit_30, 8, 300, 400, 1590, 2190),\n        (\"TD 004\", aksolit_30, 13, 400, 450, 1590, 2190),\n        (\"TD 005\", aksolit_30, 16, 500, 600, 1590, 2190),\n        (\"TD 006\", aksolit_30, 25, 1700, 990, 1990, 2480),\n        (\"TD 007\", aksolit_30, 66, 2000, 1300, 2490, 2980),\n        (\"TD 008\", aksolit_30, 149, 4500, 2300, 3980, 4490),\n        (\"TD 009\", aksolit_30, 166, 5000, 2500, 4990, 5480),\n        pytest.param(\n            \"TD 010\", aksolit_30, 206, 6200, 2900, 5570, 6120,\n            marks=pytest.mark.xfail(reson=\"Цена доставки 3600 7960 8980\")\n        ),\n        (\"TD 011\", aksolit_30, 299, 9000, 3600, 7960, 8980),\n        (\"TD 012\", aksolit_30, 333, 10000, 4450, 11990, 12500),\n        pytest.param(\n            \"TD 013\", aksolit_30, 366, 11000, 4800, 12450, 13480,\n            marks=pytest.mark.xfail(reason=\"Цена стандартной доставки 4450\")\n        ),\n        pytest.param(\n            \"TD 014\", aksolit_30, 666, 20000, 5400, 15600, 17490,\n            marks=pytest.mark.xfail(reason=\"Цена стандартной доставки 4450\")\n        )\n    ])\n    @pytest.mark.xfail\n    @pytest.mark.smoke_test\n    def test_positive_delivery_green_zone_smoke(\n            self, driver, url, case_id, link_item, amount, weight, standard, in_time, all_time\n    ):\n    \n        driver.get(f'{url}{link_item}')\n        item_page = ItemPage(driver)\n>       item_page.add_item_to_cart(amount).click_on_cart()\n\ntests/delivery/test_delivery_calculation.py:50: \n_ _ _ _ _ _ _ _ _ _ _ _ _ _ _ _ _ _ _ _ _ _ _ _ _ _ _ _ _ _ _ _ _ _ _ _ _ _ _ _ \npages/item_page.py:40: in add_item_to_cart\n    self.find_element(self._add_item).click()\nbase/seleniumbase.py:17: in find_element\n    return self.driver.find_element(*locator)\n/usr/local/lib/python3.11/site-packages/selenium/webdriver/remote/webdriver.py:739: in find_element\n    return self.execute(Command.FIND_ELEMENT, {\"using\": by, \"value\": value})[\"value\"]\n/usr/local/lib/python3.11/site-packages/selenium/webdriver/remote/webdriver.py:345: in execute\n    self.error_handler.check_response(response)\n_ _ _ _ _ _ _ _ _ _ _ _ _ _ _ _ _ _ _ _ _ _ _ _ _ _ _ _ _ _ _ _ _ _ _ _ _ _ _ _ \n\nself = <selenium.webdriver.remote.errorhandler.ErrorHandler object at 0x7f597a2a1110>\nresponse = {'status': 404, 'value': '{\"value\":{\"error\":\"no such element\",\"message\":\"no such element: Unable to locate element: {\\...\\\\n#16 0x55709e23c750 \\\\u003Cunknown>\\\\n#17 0x55709e24c48c \\\\u003Cunknown>\\\\n#18 0x7f4422f3c134 \\\\u003Cunknown>\\\\n\"}}'}\n\n    def check_response(self, response: Dict[str, Any]) -> None:\n        \"\"\"Checks that a JSON response from the WebDriver does not have an\n        error.\n    \n        :Args:\n         - response - The JSON response from the WebDriver server as a dictionary\n           object.\n    \n        :Raises: If the response contains an error message.\n        \"\"\"\n        status = response.get(\"status\", None)\n        if not status or status == ErrorCode.SUCCESS:\n            return\n        value = None\n        message = response.get(\"message\", \"\")\n        screen: str = response.get(\"screen\", \"\")\n        stacktrace = None\n        if isinstance(status, int):\n            value_json = response.get(\"value\", None)\n            if value_json and isinstance(value_json, str):\n                import json\n    \n                try:\n                    value = json.loads(value_json)\n                    if len(value) == 1:\n                        value = value[\"value\"]\n                    status = value.get(\"error\", None)\n                    if not status:\n                        status = value.get(\"status\", ErrorCode.UNKNOWN_ERROR)\n                        message = value.get(\"value\") or value.get(\"message\")\n                        if not isinstance(message, str):\n                            value = message\n                            message = message.get(\"message\")\n                    else:\n                        message = value.get(\"message\", None)\n                except ValueError:\n                    pass\n    \n        exception_class: Type[WebDriverException]\n        e = ErrorCode()\n        error_codes = [item for item in dir(e) if not item.startswith(\"__\")]\n        for error_code in error_codes:\n            error_info = getattr(ErrorCode, error_code)\n            if isinstance(error_info, list) and status in error_info:\n                exception_class = getattr(ExceptionMapping, error_code, WebDriverException)\n                break\n        else:\n            exception_class = WebDriverException\n    \n        if not value:\n            value = response[\"value\"]\n        if isinstance(value, str):\n            raise exception_class(value)\n        if message == \"\" and \"message\" in value:\n            message = value[\"message\"]\n    \n        screen = None  # type: ignore[assignment]\n        if \"screen\" in value:\n            screen = value[\"screen\"]\n    \n        stacktrace = None\n        st_value = value.get(\"stackTrace\") or value.get(\"stacktrace\")\n        if st_value:\n            if isinstance(st_value, str):\n                stacktrace = st_value.split(\"\\n\")\n            else:\n                stacktrace = []\n                try:\n                    for frame in st_value:\n                        line = frame.get(\"lineNumber\", \"\")\n                        file = frame.get(\"fileName\", \"<anonymous>\")\n                        if line:\n                            file = f\"{file}:{line}\"\n                        meth = frame.get(\"methodName\", \"<anonymous>\")\n                        if \"className\" in frame:\n                            meth = f\"{frame['className']}.{meth}\"\n                        msg = \"    at %s (%s)\"\n                        msg = msg % (meth, file)\n                        stacktrace.append(msg)\n                except TypeError:\n                    pass\n        if exception_class == UnexpectedAlertPresentException:\n            alert_text = None\n            if \"data\" in value:\n                alert_text = value[\"data\"].get(\"text\")\n            elif \"alert\" in value:\n                alert_text = value[\"alert\"].get(\"text\")\n            raise exception_class(message, screen, stacktrace, alert_text)  # type: ignore[call-arg]  # mypy is not smart enough here\n>       raise exception_class(message, screen, stacktrace)\nE       selenium.common.exceptions.NoSuchElementException: Message: no such element: Unable to locate element: {\"method\":\"xpath\",\"selector\":\"(//a[@class='add-to-cart yellow-btn'])[1]\"}\nE         (Session info: chrome-headless-shell=127.0.6533.72); For documentation on this error, please visit: https://www.selenium.dev/documentation/webdriver/troubleshooting/errors#no-such-element-exception\nE       Stacktrace:\nE       #0 0x55709e24d6ba <unknown>\nE       #1 0x55709df1d730 <unknown>\nE       #2 0x55709df6cd9b <unknown>\nE       #3 0x55709df6d081 <unknown>\nE       #4 0x55709dfb0cd4 <unknown>\nE       #5 0x55709df8fa7d <unknown>\nE       #6 0x55709dfae1ca <unknown>\nE       #7 0x55709df8f7f3 <unknown>\nE       #8 0x55709df5fec9 <unknown>\nE       #9 0x55709df6091e <unknown>\nE       #10 0x55709e2139eb <unknown>\nE       #11 0x55709e217972 <unknown>\nE       #12 0x55709e200e15 <unknown>\nE       #13 0x55709e218502 <unknown>\nE       #14 0x55709e1e5d2f <unknown>\nE       #15 0x55709e23c578 <unknown>\nE       #16 0x55709e23c750 <unknown>\nE       #17 0x55709e24c48c <unknown>\nE       #18 0x7f4422f3c134 <unknown>\n\n/usr/local/lib/python3.11/site-packages/selenium/webdriver/remote/errorhandler.py:229: NoSuchElementException","flaky":false,"newFailed":false,"newBroken":false,"newPassed":false,"retriesCount":0,"retriesStatusChange":false,"beforeStages":[{"name":"_session_faker","time":{"start":1722128436839,"stop":1722128436907,"duration":68},"status":"passed","steps":[],"attachments":[],"parameters":[],"shouldDisplayMessage":false,"stepsCount":0,"attachmentsCount":0,"hasContent":false,"attachmentStep":false},{"name":"clear_allure_results_folder","time":{"start":1722128436907,"stop":1722128436907,"duration":0},"status":"passed","steps":[],"attachments":[],"parameters":[],"shouldDisplayMessage":false,"stepsCount":0,"attachmentsCount":0,"hasContent":false,"attachmentStep":false},{"name":"driver","time":{"start":1722128693255,"stop":1722128693944,"duration":689},"status":"passed","steps":[],"attachments":[],"parameters":[],"shouldDisplayMessage":false,"stepsCount":0,"attachmentsCount":0,"hasContent":false,"attachmentStep":false},{"name":"setup","time":{"start":1722128693944,"stop":1722128693944,"duration":0},"status":"passed","steps":[],"attachments":[],"parameters":[],"shouldDisplayMessage":false,"stepsCount":0,"attachmentsCount":0,"hasContent":false,"attachmentStep":false}],"testStage":{"status":"skipped","statusMessage":"XFAIL\n\nselenium.common.exceptions.NoSuchElementException: Message: no such element: Unable to locate element: {\"method\":\"xpath\",\"selector\":\"(//a[@class='add-to-cart yellow-btn'])[1]\"}\n  (Session info: chrome-headless-shell=127.0.6533.72); For documentation on this error, please visit: https://www.selenium.dev/documentation/webdriver/troubleshooting/errors#no-such-element-exception\nStacktrace:\n#0 0x55709e24d6ba <unknown>\n#1 0x55709df1d730 <unknown>\n#2 0x55709df6cd9b <unknown>\n#3 0x55709df6d081 <unknown>\n#4 0x55709dfb0cd4 <unknown>\n#5 0x55709df8fa7d <unknown>\n#6 0x55709dfae1ca <unknown>\n#7 0x55709df8f7f3 <unknown>\n#8 0x55709df5fec9 <unknown>\n#9 0x55709df6091e <unknown>\n#10 0x55709e2139eb <unknown>\n#11 0x55709e217972 <unknown>\n#12 0x55709e200e15 <unknown>\n#13 0x55709e218502 <unknown>\n#14 0x55709e1e5d2f <unknown>\n#15 0x55709e23c578 <unknown>\n#16 0x55709e23c750 <unknown>\n#17 0x55709e24c48c <unknown>\n#18 0x7f4422f3c134 <unknown>","statusTrace":"self = <tests.delivery.test_delivery_calculation.TestDeliveryPageCalculation object at 0x7f597928cb50>\ndriver = <selenium.webdriver.chrome.webdriver.WebDriver (session=\"5e0422481dbf01b097183403654b38b6\")>\nurl = 'https://sandboxtest.stroyrem-nn.ru/', case_id = 'TD 004'\nlink_item = 'products/shtukaturka-gipsovaya-aksolit-m50-30-kg-mashinnogo-naneseniya'\namount = 13, weight = 400, standard = 450, in_time = 1590, all_time = 2190\n\n    @pytest.mark.parametrize('case_id, link_item, amount, weight, standard, in_time, all_time', [\n        (\"TD 001\", uroven_3000, 1, 30, 0, 1590, 2190),\n        (\"TD 002\", bundeks_25, 1, 30, 400, 1590, 2190),\n        (\"TD 003\", aksolit_30, 8, 300, 400, 1590, 2190),\n        (\"TD 004\", aksolit_30, 13, 400, 450, 1590, 2190),\n        (\"TD 005\", aksolit_30, 16, 500, 600, 1590, 2190),\n        (\"TD 006\", aksolit_30, 25, 1700, 990, 1990, 2480),\n        (\"TD 007\", aksolit_30, 66, 2000, 1300, 2490, 2980),\n        (\"TD 008\", aksolit_30, 149, 4500, 2300, 3980, 4490),\n        (\"TD 009\", aksolit_30, 166, 5000, 2500, 4990, 5480),\n        pytest.param(\n            \"TD 010\", aksolit_30, 206, 6200, 2900, 5570, 6120,\n            marks=pytest.mark.xfail(reson=\"Цена доставки 3600 7960 8980\")\n        ),\n        (\"TD 011\", aksolit_30, 299, 9000, 3600, 7960, 8980),\n        (\"TD 012\", aksolit_30, 333, 10000, 4450, 11990, 12500),\n        pytest.param(\n            \"TD 013\", aksolit_30, 366, 11000, 4800, 12450, 13480,\n            marks=pytest.mark.xfail(reason=\"Цена стандартной доставки 4450\")\n        ),\n        pytest.param(\n            \"TD 014\", aksolit_30, 666, 20000, 5400, 15600, 17490,\n            marks=pytest.mark.xfail(reason=\"Цена стандартной доставки 4450\")\n        )\n    ])\n    @pytest.mark.xfail\n    @pytest.mark.smoke_test\n    def test_positive_delivery_green_zone_smoke(\n            self, driver, url, case_id, link_item, amount, weight, standard, in_time, all_time\n    ):\n    \n        driver.get(f'{url}{link_item}')\n        item_page = ItemPage(driver)\n>       item_page.add_item_to_cart(amount).click_on_cart()\n\ntests/delivery/test_delivery_calculation.py:50: \n_ _ _ _ _ _ _ _ _ _ _ _ _ _ _ _ _ _ _ _ _ _ _ _ _ _ _ _ _ _ _ _ _ _ _ _ _ _ _ _ \npages/item_page.py:40: in add_item_to_cart\n    self.find_element(self._add_item).click()\nbase/seleniumbase.py:17: in find_element\n    return self.driver.find_element(*locator)\n/usr/local/lib/python3.11/site-packages/selenium/webdriver/remote/webdriver.py:739: in find_element\n    return self.execute(Command.FIND_ELEMENT, {\"using\": by, \"value\": value})[\"value\"]\n/usr/local/lib/python3.11/site-packages/selenium/webdriver/remote/webdriver.py:345: in execute\n    self.error_handler.check_response(response)\n_ _ _ _ _ _ _ _ _ _ _ _ _ _ _ _ _ _ _ _ _ _ _ _ _ _ _ _ _ _ _ _ _ _ _ _ _ _ _ _ \n\nself = <selenium.webdriver.remote.errorhandler.ErrorHandler object at 0x7f597a2a1110>\nresponse = {'status': 404, 'value': '{\"value\":{\"error\":\"no such element\",\"message\":\"no such element: Unable to locate element: {\\...\\\\n#16 0x55709e23c750 \\\\u003Cunknown>\\\\n#17 0x55709e24c48c \\\\u003Cunknown>\\\\n#18 0x7f4422f3c134 \\\\u003Cunknown>\\\\n\"}}'}\n\n    def check_response(self, response: Dict[str, Any]) -> None:\n        \"\"\"Checks that a JSON response from the WebDriver does not have an\n        error.\n    \n        :Args:\n         - response - The JSON response from the WebDriver server as a dictionary\n           object.\n    \n        :Raises: If the response contains an error message.\n        \"\"\"\n        status = response.get(\"status\", None)\n        if not status or status == ErrorCode.SUCCESS:\n            return\n        value = None\n        message = response.get(\"message\", \"\")\n        screen: str = response.get(\"screen\", \"\")\n        stacktrace = None\n        if isinstance(status, int):\n            value_json = response.get(\"value\", None)\n            if value_json and isinstance(value_json, str):\n                import json\n    \n                try:\n                    value = json.loads(value_json)\n                    if len(value) == 1:\n                        value = value[\"value\"]\n                    status = value.get(\"error\", None)\n                    if not status:\n                        status = value.get(\"status\", ErrorCode.UNKNOWN_ERROR)\n                        message = value.get(\"value\") or value.get(\"message\")\n                        if not isinstance(message, str):\n                            value = message\n                            message = message.get(\"message\")\n                    else:\n                        message = value.get(\"message\", None)\n                except ValueError:\n                    pass\n    \n        exception_class: Type[WebDriverException]\n        e = ErrorCode()\n        error_codes = [item for item in dir(e) if not item.startswith(\"__\")]\n        for error_code in error_codes:\n            error_info = getattr(ErrorCode, error_code)\n            if isinstance(error_info, list) and status in error_info:\n                exception_class = getattr(ExceptionMapping, error_code, WebDriverException)\n                break\n        else:\n            exception_class = WebDriverException\n    \n        if not value:\n            value = response[\"value\"]\n        if isinstance(value, str):\n            raise exception_class(value)\n        if message == \"\" and \"message\" in value:\n            message = value[\"message\"]\n    \n        screen = None  # type: ignore[assignment]\n        if \"screen\" in value:\n            screen = value[\"screen\"]\n    \n        stacktrace = None\n        st_value = value.get(\"stackTrace\") or value.get(\"stacktrace\")\n        if st_value:\n            if isinstance(st_value, str):\n                stacktrace = st_value.split(\"\\n\")\n            else:\n                stacktrace = []\n                try:\n                    for frame in st_value:\n                        line = frame.get(\"lineNumber\", \"\")\n                        file = frame.get(\"fileName\", \"<anonymous>\")\n                        if line:\n                            file = f\"{file}:{line}\"\n                        meth = frame.get(\"methodName\", \"<anonymous>\")\n                        if \"className\" in frame:\n                            meth = f\"{frame['className']}.{meth}\"\n                        msg = \"    at %s (%s)\"\n                        msg = msg % (meth, file)\n                        stacktrace.append(msg)\n                except TypeError:\n                    pass\n        if exception_class == UnexpectedAlertPresentException:\n            alert_text = None\n            if \"data\" in value:\n                alert_text = value[\"data\"].get(\"text\")\n            elif \"alert\" in value:\n                alert_text = value[\"alert\"].get(\"text\")\n            raise exception_class(message, screen, stacktrace, alert_text)  # type: ignore[call-arg]  # mypy is not smart enough here\n>       raise exception_class(message, screen, stacktrace)\nE       selenium.common.exceptions.NoSuchElementException: Message: no such element: Unable to locate element: {\"method\":\"xpath\",\"selector\":\"(//a[@class='add-to-cart yellow-btn'])[1]\"}\nE         (Session info: chrome-headless-shell=127.0.6533.72); For documentation on this error, please visit: https://www.selenium.dev/documentation/webdriver/troubleshooting/errors#no-such-element-exception\nE       Stacktrace:\nE       #0 0x55709e24d6ba <unknown>\nE       #1 0x55709df1d730 <unknown>\nE       #2 0x55709df6cd9b <unknown>\nE       #3 0x55709df6d081 <unknown>\nE       #4 0x55709dfb0cd4 <unknown>\nE       #5 0x55709df8fa7d <unknown>\nE       #6 0x55709dfae1ca <unknown>\nE       #7 0x55709df8f7f3 <unknown>\nE       #8 0x55709df5fec9 <unknown>\nE       #9 0x55709df6091e <unknown>\nE       #10 0x55709e2139eb <unknown>\nE       #11 0x55709e217972 <unknown>\nE       #12 0x55709e200e15 <unknown>\nE       #13 0x55709e218502 <unknown>\nE       #14 0x55709e1e5d2f <unknown>\nE       #15 0x55709e23c578 <unknown>\nE       #16 0x55709e23c750 <unknown>\nE       #17 0x55709e24c48c <unknown>\nE       #18 0x7f4422f3c134 <unknown>\n\n/usr/local/lib/python3.11/site-packages/selenium/webdriver/remote/errorhandler.py:229: NoSuchElementException","steps":[{"name":"Добавляем товар в корзину в количестве 13","time":{"start":1722128694391,"stop":1722128694408,"duration":17},"status":"broken","statusMessage":"selenium.common.exceptions.NoSuchElementException: Message: no such element: Unable to locate element: {\"method\":\"xpath\",\"selector\":\"(//a[@class='add-to-cart yellow-btn'])[1]\"}\n  (Session info: chrome-headless-shell=127.0.6533.72); For documentation on this error, please visit: https://www.selenium.dev/documentation/webdriver/troubleshooting/errors#no-such-element-exception\nStacktrace:\n#0 0x55709e24d6ba <unknown>\n#1 0x55709df1d730 <unknown>\n#2 0x55709df6cd9b <unknown>\n#3 0x55709df6d081 <unknown>\n#4 0x55709dfb0cd4 <unknown>\n#5 0x55709df8fa7d <unknown>\n#6 0x55709dfae1ca <unknown>\n#7 0x55709df8f7f3 <unknown>\n#8 0x55709df5fec9 <unknown>\n#9 0x55709df6091e <unknown>\n#10 0x55709e2139eb <unknown>\n#11 0x55709e217972 <unknown>\n#12 0x55709e200e15 <unknown>\n#13 0x55709e218502 <unknown>\n#14 0x55709e1e5d2f <unknown>\n#15 0x55709e23c578 <unknown>\n#16 0x55709e23c750 <unknown>\n#17 0x55709e24c48c <unknown>\n#18 0x7f4422f3c134 <unknown>\n\n","statusTrace":"  File \"/usr/local/lib/python3.11/site-packages/allure_commons/_allure.py\", line 192, in impl\n    return func(*a, **kw)\n           ^^^^^^^^^^^^^^\n  File \"/app/pages/item_page.py\", line 40, in add_item_to_cart\n    self.find_element(self._add_item).click()\n    ^^^^^^^^^^^^^^^^^^^^^^^^^^^^^^^^^\n  File \"/app/base/seleniumbase.py\", line 17, in find_element\n    return self.driver.find_element(*locator)\n           ^^^^^^^^^^^^^^^^^^^^^^^^^^^^^^^^^^\n  File \"/usr/local/lib/python3.11/site-packages/selenium/webdriver/remote/webdriver.py\", line 739, in find_element\n    return self.execute(Command.FIND_ELEMENT, {\"using\": by, \"value\": value})[\"value\"]\n           ^^^^^^^^^^^^^^^^^^^^^^^^^^^^^^^^^^^^^^^^^^^^^^^^^^^^^^^^^^^^^^^^^\n  File \"/usr/local/lib/python3.11/site-packages/selenium/webdriver/remote/webdriver.py\", line 345, in execute\n    self.error_handler.check_response(response)\n  File \"/usr/local/lib/python3.11/site-packages/selenium/webdriver/remote/errorhandler.py\", line 229, in check_response\n    raise exception_class(message, screen, stacktrace)\n","steps":[],"attachments":[],"parameters":[{"name":"amount","value":"13"}],"shouldDisplayMessage":true,"stepsCount":0,"attachmentsCount":0,"hasContent":true,"attachmentStep":false}],"attachments":[{"uid":"a6f58efb27f821f","name":"Screenshot","source":"a6f58efb27f821f.png","type":"image/png","size":4720},{"uid":"1ec90a057fbb464e","name":"HTML source","source":"1ec90a057fbb464e.html","type":"text/html","size":39}],"parameters":[],"shouldDisplayMessage":true,"stepsCount":1,"attachmentsCount":2,"hasContent":true,"attachmentStep":false},"afterStages":[{"name":"setup::0","time":{"start":1722128694498,"stop":1722128694498,"duration":0},"status":"passed","steps":[],"attachments":[],"parameters":[],"shouldDisplayMessage":false,"stepsCount":0,"attachmentsCount":0,"hasContent":false,"attachmentStep":false},{"name":"driver::0","time":{"start":1722128694498,"stop":1722128694558,"duration":60},"status":"passed","steps":[],"attachments":[],"parameters":[],"shouldDisplayMessage":false,"stepsCount":0,"attachmentsCount":0,"hasContent":false,"attachmentStep":false}],"labels":[{"name":"epic","value":"Delivery Page - calculation"},{"name":"tag","value":"smoke_test"},{"name":"tag","value":"@pytest.mark.xfail"},{"name":"parentSuite","value":"tests.delivery"},{"name":"suite","value":"test_delivery_calculation"},{"name":"subSuite","value":"TestDeliveryPageCalculation"},{"name":"host","value":"7127712e6458"},{"name":"thread","value":"1-MainThread"},{"name":"framework","value":"pytest"},{"name":"language","value":"cpython3"},{"name":"package","value":"tests.delivery.test_delivery_calculation"},{"name":"resultFormat","value":"allure2"}],"parameters":[{"name":"all_time","value":"2190"},{"name":"amount","value":"13"},{"name":"case_id","value":"'TD 004'"},{"name":"in_time","value":"1590"},{"name":"link_item","value":"'products/shtukaturka-gipsovaya-aksolit-m50-30-kg-mashinnogo-naneseniya'"},{"name":"standard","value":"450"},{"name":"url","value":"'https://sandboxtest.stroyrem-nn.ru/'"},{"name":"weight","value":"400"}],"links":[],"hidden":false,"retry":false,"extra":{"severity":"normal","retries":[],"categories":[],"history":{"statistic":{"failed":0,"broken":0,"skipped":60,"passed":0,"unknown":0,"total":60},"items":[{"uid":"66a8d401c8106307","reportUrl":"https://Nat754.github.io/StroyremAutomation/381//#testresult/66a8d401c8106307","status":"skipped","statusDetails":"XFAIL\n\nselenium.common.exceptions.NoSuchElementException: Message: no such element: Unable to locate element: {\"method\":\"xpath\",\"selector\":\"(//a[@class='add-to-cart yellow-btn'])[1]\"}\n  (Session info: chrome-headless-shell=127.0.6533.72); For documentation on this error, please visit: https://www.selenium.dev/documentation/webdriver/troubleshooting/errors#no-such-element-exception\nStacktrace:\n#0 0x56282b9686ba <unknown>\n#1 0x56282b638730 <unknown>\n#2 0x56282b687d9b <unknown>\n#3 0x56282b688081 <unknown>\n#4 0x56282b6cbcd4 <unknown>\n#5 0x56282b6aaa7d <unknown>\n#6 0x56282b6c91ca <unknown>\n#7 0x56282b6aa7f3 <unknown>\n#8 0x56282b67aec9 <unknown>\n#9 0x56282b67b91e <unknown>\n#10 0x56282b92e9eb <unknown>\n#11 0x56282b932972 <unknown>\n#12 0x56282b91be15 <unknown>\n#13 0x56282b933502 <unknown>\n#14 0x56282b900d2f <unknown>\n#15 0x56282b957578 <unknown>\n#16 0x56282b957750 <unknown>\n#17 0x56282b96748c <unknown>\n#18 0x7f9406c0e134 <unknown>","time":{"start":1722041961671,"stop":1722041961965,"duration":294}},{"uid":"b1ef7541421c8b46","reportUrl":"https://Nat754.github.io/StroyremAutomation/380//#testresult/b1ef7541421c8b46","status":"skipped","statusDetails":"XFAIL\n\nselenium.common.exceptions.NoSuchElementException: Message: no such element: Unable to locate element: {\"method\":\"xpath\",\"selector\":\"(//a[@class='add-to-cart yellow-btn'])[1]\"}\n  (Session info: chrome-headless-shell=127.0.6533.72); For documentation on this error, please visit: https://www.selenium.dev/documentation/webdriver/troubleshooting/errors#no-such-element-exception\nStacktrace:\n#0 0x55a19d6d26ba <unknown>\n#1 0x55a19d3a2730 <unknown>\n#2 0x55a19d3f1d9b <unknown>\n#3 0x55a19d3f2081 <unknown>\n#4 0x55a19d435cd4 <unknown>\n#5 0x55a19d414a7d <unknown>\n#6 0x55a19d4331ca <unknown>\n#7 0x55a19d4147f3 <unknown>\n#8 0x55a19d3e4ec9 <unknown>\n#9 0x55a19d3e591e <unknown>\n#10 0x55a19d6989eb <unknown>\n#11 0x55a19d69c972 <unknown>\n#12 0x55a19d685e15 <unknown>\n#13 0x55a19d69d502 <unknown>\n#14 0x55a19d66ad2f <unknown>\n#15 0x55a19d6c1578 <unknown>\n#16 0x55a19d6c1750 <unknown>\n#17 0x55a19d6d148c <unknown>\n#18 0x7fae91148134 <unknown>","time":{"start":1721955569671,"stop":1721955570086,"duration":415}},{"uid":"8ebce979e1378d6b","reportUrl":"https://Nat754.github.io/StroyremAutomation/379//#testresult/8ebce979e1378d6b","status":"skipped","statusDetails":"XFAIL\n\nselenium.common.exceptions.NoSuchElementException: Message: no such element: Unable to locate element: {\"method\":\"xpath\",\"selector\":\"(//a[@class='add-to-cart yellow-btn'])[1]\"}\n  (Session info: chrome-headless-shell=127.0.6533.72); For documentation on this error, please visit: https://www.selenium.dev/documentation/webdriver/troubleshooting/errors#no-such-element-exception\nStacktrace:\n#0 0x564af3c876ba <unknown>\n#1 0x564af3957730 <unknown>\n#2 0x564af39a6d9b <unknown>\n#3 0x564af39a7081 <unknown>\n#4 0x564af39eacd4 <unknown>\n#5 0x564af39c9a7d <unknown>\n#6 0x564af39e81ca <unknown>\n#7 0x564af39c97f3 <unknown>\n#8 0x564af3999ec9 <unknown>\n#9 0x564af399a91e <unknown>\n#10 0x564af3c4d9eb <unknown>\n#11 0x564af3c51972 <unknown>\n#12 0x564af3c3ae15 <unknown>\n#13 0x564af3c52502 <unknown>\n#14 0x564af3c1fd2f <unknown>\n#15 0x564af3c76578 <unknown>\n#16 0x564af3c76750 <unknown>\n#17 0x564af3c8648c <unknown>\n#18 0x7f9aea6a4134 <unknown>","time":{"start":1721869245902,"stop":1721869246511,"duration":609}},{"uid":"612f2000e0595a29","reportUrl":"https://Nat754.github.io/StroyremAutomation/378//#testresult/612f2000e0595a29","status":"skipped","statusDetails":"XFAIL\n\nselenium.common.exceptions.NoSuchElementException: Message: no such element: Unable to locate element: {\"method\":\"xpath\",\"selector\":\"(//a[@class='add-to-cart yellow-btn'])[1]\"}\n  (Session info: chrome-headless-shell=127.0.6533.72); For documentation on this error, please visit: https://www.selenium.dev/documentation/webdriver/troubleshooting/errors#no-such-element-exception\nStacktrace:\n#0 0x56036f7806ba <unknown>\n#1 0x56036f450730 <unknown>\n#2 0x56036f49fd9b <unknown>\n#3 0x56036f4a0081 <unknown>\n#4 0x56036f4e3cd4 <unknown>\n#5 0x56036f4c2a7d <unknown>\n#6 0x56036f4e11ca <unknown>\n#7 0x56036f4c27f3 <unknown>\n#8 0x56036f492ec9 <unknown>\n#9 0x56036f49391e <unknown>\n#10 0x56036f7469eb <unknown>\n#11 0x56036f74a972 <unknown>\n#12 0x56036f733e15 <unknown>\n#13 0x56036f74b502 <unknown>\n#14 0x56036f718d2f <unknown>\n#15 0x56036f76f578 <unknown>\n#16 0x56036f76f750 <unknown>\n#17 0x56036f77f48c <unknown>\n#18 0x7f63d5de9134 <unknown>","time":{"start":1721782899933,"stop":1721782900516,"duration":583}},{"uid":"196ea5ae420dd8ae","reportUrl":"https://Nat754.github.io/StroyremAutomation/377//#testresult/196ea5ae420dd8ae","status":"skipped","statusDetails":"XFAIL\n\nselenium.common.exceptions.NoSuchElementException: Message: no such element: Unable to locate element: {\"method\":\"xpath\",\"selector\":\"(//a[@class='add-to-cart yellow-btn'])[1]\"}\n  (Session info: chrome-headless-shell=126.0.6478.182); For documentation on this error, please visit: https://www.selenium.dev/documentation/webdriver/troubleshooting/errors#no-such-element-exception\nStacktrace:\n#0 0x55eadeb8bc5a <unknown>\n#1 0x55eade86ee2c <unknown>\n#2 0x55eade8bb661 <unknown>\n#3 0x55eade8bb751 <unknown>\n#4 0x55eade8fff64 <unknown>\n#5 0x55eade8de5ed <unknown>\n#6 0x55eade8fd303 <unknown>\n#7 0x55eade8de363 <unknown>\n#8 0x55eade8ae247 <unknown>\n#9 0x55eade8aeb9e <unknown>\n#10 0x55eadeb5222b <unknown>\n#11 0x55eadeb562d1 <unknown>\n#12 0x55eadeb3dade <unknown>\n#13 0x55eadeb56e32 <unknown>\n#14 0x55eadeb2277f <unknown>\n#15 0x55eadeb7b618 <unknown>\n#16 0x55eadeb7b7f0 <unknown>\n#17 0x55eadeb8ad8c <unknown>\n#18 0x7f3609eb6134 <unknown>","time":{"start":1721696463453,"stop":1721696463854,"duration":401}},{"uid":"618ac94aff87a1d6","reportUrl":"https://Nat754.github.io/StroyremAutomation/376//#testresult/618ac94aff87a1d6","status":"skipped","statusDetails":"XFAIL\n\nselenium.common.exceptions.NoSuchElementException: Message: no such element: Unable to locate element: {\"method\":\"xpath\",\"selector\":\"(//a[@class='add-to-cart yellow-btn'])[1]\"}\n  (Session info: chrome-headless-shell=126.0.6478.182); For documentation on this error, please visit: https://www.selenium.dev/documentation/webdriver/troubleshooting/errors#no-such-element-exception\nStacktrace:\n#0 0x56219087dc5a <unknown>\n#1 0x562190560e2c <unknown>\n#2 0x5621905ad661 <unknown>\n#3 0x5621905ad751 <unknown>\n#4 0x5621905f1f64 <unknown>\n#5 0x5621905d05ed <unknown>\n#6 0x5621905ef303 <unknown>\n#7 0x5621905d0363 <unknown>\n#8 0x5621905a0247 <unknown>\n#9 0x5621905a0b9e <unknown>\n#10 0x56219084422b <unknown>\n#11 0x5621908482d1 <unknown>\n#12 0x56219082fade <unknown>\n#13 0x562190848e32 <unknown>\n#14 0x56219081477f <unknown>\n#15 0x56219086d618 <unknown>\n#16 0x56219086d7f0 <unknown>\n#17 0x56219087cd8c <unknown>\n#18 0x7f46c3af9134 <unknown>","time":{"start":1721610153297,"stop":1721610153909,"duration":612}},{"uid":"d6ee9cbb6b96cfa8","reportUrl":"https://Nat754.github.io/StroyremAutomation/375//#testresult/d6ee9cbb6b96cfa8","status":"skipped","statusDetails":"XFAIL\n\nselenium.common.exceptions.NoSuchElementException: Message: no such element: Unable to locate element: {\"method\":\"xpath\",\"selector\":\"(//a[@class='add-to-cart yellow-btn'])[1]\"}\n  (Session info: chrome-headless-shell=126.0.6478.182); For documentation on this error, please visit: https://www.selenium.dev/documentation/webdriver/troubleshooting/errors#no-such-element-exception\nStacktrace:\n#0 0x564b5a2d7c5a <unknown>\n#1 0x564b59fbae2c <unknown>\n#2 0x564b5a007661 <unknown>\n#3 0x564b5a007751 <unknown>\n#4 0x564b5a04bf64 <unknown>\n#5 0x564b5a02a5ed <unknown>\n#6 0x564b5a049303 <unknown>\n#7 0x564b5a02a363 <unknown>\n#8 0x564b59ffa247 <unknown>\n#9 0x564b59ffab9e <unknown>\n#10 0x564b5a29e22b <unknown>\n#11 0x564b5a2a22d1 <unknown>\n#12 0x564b5a289ade <unknown>\n#13 0x564b5a2a2e32 <unknown>\n#14 0x564b5a26e77f <unknown>\n#15 0x564b5a2c7618 <unknown>\n#16 0x564b5a2c77f0 <unknown>\n#17 0x564b5a2d6d8c <unknown>\n#18 0x7fb03d528134 <unknown>","time":{"start":1721523862695,"stop":1721523863218,"duration":523}},{"uid":"e8cb008e859fd319","reportUrl":"https://Nat754.github.io/StroyremAutomation/374//#testresult/e8cb008e859fd319","status":"skipped","statusDetails":"XFAIL\n\nselenium.common.exceptions.NoSuchElementException: Message: no such element: Unable to locate element: {\"method\":\"xpath\",\"selector\":\"(//a[@class='add-to-cart yellow-btn'])[1]\"}\n  (Session info: chrome-headless-shell=126.0.6478.182); For documentation on this error, please visit: https://www.selenium.dev/documentation/webdriver/troubleshooting/errors#no-such-element-exception\nStacktrace:\n#0 0x5590c11eac5a <unknown>\n#1 0x5590c0ecde2c <unknown>\n#2 0x5590c0f1a661 <unknown>\n#3 0x5590c0f1a751 <unknown>\n#4 0x5590c0f5ef64 <unknown>\n#5 0x5590c0f3d5ed <unknown>\n#6 0x5590c0f5c303 <unknown>\n#7 0x5590c0f3d363 <unknown>\n#8 0x5590c0f0d247 <unknown>\n#9 0x5590c0f0db9e <unknown>\n#10 0x5590c11b122b <unknown>\n#11 0x5590c11b52d1 <unknown>\n#12 0x5590c119cade <unknown>\n#13 0x5590c11b5e32 <unknown>\n#14 0x5590c118177f <unknown>\n#15 0x5590c11da618 <unknown>\n#16 0x5590c11da7f0 <unknown>\n#17 0x5590c11e9d8c <unknown>\n#18 0x7f12d9f80134 <unknown>","time":{"start":1721437179454,"stop":1721437180015,"duration":561}},{"uid":"97250a33ac864212","reportUrl":"https://Nat754.github.io/StroyremAutomation/373//#testresult/97250a33ac864212","status":"skipped","statusDetails":"XFAIL\n\nselenium.common.exceptions.NoSuchElementException: Message: no such element: Unable to locate element: {\"method\":\"xpath\",\"selector\":\"(//a[@class='add-to-cart yellow-btn'])[1]\"}\n  (Session info: chrome-headless-shell=126.0.6478.182); For documentation on this error, please visit: https://www.selenium.dev/documentation/webdriver/troubleshooting/errors#no-such-element-exception\nStacktrace:\n#0 0x564cfb009c5a <unknown>\n#1 0x564cfacece2c <unknown>\n#2 0x564cfad39661 <unknown>\n#3 0x564cfad39751 <unknown>\n#4 0x564cfad7df64 <unknown>\n#5 0x564cfad5c5ed <unknown>\n#6 0x564cfad7b303 <unknown>\n#7 0x564cfad5c363 <unknown>\n#8 0x564cfad2c247 <unknown>\n#9 0x564cfad2cb9e <unknown>\n#10 0x564cfafd022b <unknown>\n#11 0x564cfafd42d1 <unknown>\n#12 0x564cfafbbade <unknown>\n#13 0x564cfafd4e32 <unknown>\n#14 0x564cfafa077f <unknown>\n#15 0x564cfaff9618 <unknown>\n#16 0x564cfaff97f0 <unknown>\n#17 0x564cfb008d8c <unknown>\n#18 0x7faf62b7a134 <unknown>","time":{"start":1721350825560,"stop":1721350825987,"duration":427}},{"uid":"5e15424a0ed54149","reportUrl":"https://Nat754.github.io/StroyremAutomation/372//#testresult/5e15424a0ed54149","status":"skipped","statusDetails":"XFAIL\n\nselenium.common.exceptions.NoSuchElementException: Message: no such element: Unable to locate element: {\"method\":\"xpath\",\"selector\":\"(//a[@class='add-to-cart yellow-btn'])[1]\"}\n  (Session info: chrome-headless-shell=126.0.6478.182); For documentation on this error, please visit: https://www.selenium.dev/documentation/webdriver/troubleshooting/errors#no-such-element-exception\nStacktrace:\n#0 0x562922bfdc5a <unknown>\n#1 0x5629228e0e2c <unknown>\n#2 0x56292292d661 <unknown>\n#3 0x56292292d751 <unknown>\n#4 0x562922971f64 <unknown>\n#5 0x5629229505ed <unknown>\n#6 0x56292296f303 <unknown>\n#7 0x562922950363 <unknown>\n#8 0x562922920247 <unknown>\n#9 0x562922920b9e <unknown>\n#10 0x562922bc422b <unknown>\n#11 0x562922bc82d1 <unknown>\n#12 0x562922bafade <unknown>\n#13 0x562922bc8e32 <unknown>\n#14 0x562922b9477f <unknown>\n#15 0x562922bed618 <unknown>\n#16 0x562922bed7f0 <unknown>\n#17 0x562922bfcd8c <unknown>\n#18 0x7f4346250134 <unknown>","time":{"start":1721264400054,"stop":1721264400629,"duration":575}},{"uid":"4ddf5ea4a8a81592","reportUrl":"https://Nat754.github.io/StroyremAutomation/371//#testresult/4ddf5ea4a8a81592","status":"skipped","statusDetails":"XFAIL\n\nselenium.common.exceptions.NoSuchElementException: Message: no such element: Unable to locate element: {\"method\":\"xpath\",\"selector\":\"(//a[@class='add-to-cart yellow-btn'])[1]\"}\n  (Session info: chrome-headless-shell=126.0.6478.182); For documentation on this error, please visit: https://www.selenium.dev/documentation/webdriver/troubleshooting/errors#no-such-element-exception\nStacktrace:\n#0 0x55d23c3dec5a <unknown>\n#1 0x55d23c0c1e2c <unknown>\n#2 0x55d23c10e661 <unknown>\n#3 0x55d23c10e751 <unknown>\n#4 0x55d23c152f64 <unknown>\n#5 0x55d23c1315ed <unknown>\n#6 0x55d23c150303 <unknown>\n#7 0x55d23c131363 <unknown>\n#8 0x55d23c101247 <unknown>\n#9 0x55d23c101b9e <unknown>\n#10 0x55d23c3a522b <unknown>\n#11 0x55d23c3a92d1 <unknown>\n#12 0x55d23c390ade <unknown>\n#13 0x55d23c3a9e32 <unknown>\n#14 0x55d23c37577f <unknown>\n#15 0x55d23c3ce618 <unknown>\n#16 0x55d23c3ce7f0 <unknown>\n#17 0x55d23c3ddd8c <unknown>\n#18 0x7f2e6d3dc134 <unknown>","time":{"start":1721178020858,"stop":1721178021337,"duration":479}},{"uid":"c07ee95ddcb38b39","reportUrl":"https://Nat754.github.io/StroyremAutomation/370//#testresult/c07ee95ddcb38b39","status":"skipped","statusDetails":"XFAIL\n\nselenium.common.exceptions.NoSuchElementException: Message: no such element: Unable to locate element: {\"method\":\"xpath\",\"selector\":\"(//a[@class='add-to-cart yellow-btn'])[1]\"}\n  (Session info: chrome-headless-shell=126.0.6478.126); For documentation on this error, please visit: https://www.selenium.dev/documentation/webdriver/troubleshooting/errors#no-such-element-exception\nStacktrace:\n#0 0x558c160adc7a <unknown>\n#1 0x558c15d90e2c <unknown>\n#2 0x558c15ddd661 <unknown>\n#3 0x558c15ddd751 <unknown>\n#4 0x558c15e21f64 <unknown>\n#5 0x558c15e005ed <unknown>\n#6 0x558c15e1f303 <unknown>\n#7 0x558c15e00363 <unknown>\n#8 0x558c15dd0247 <unknown>\n#9 0x558c15dd0b9e <unknown>\n#10 0x558c1607424b <unknown>\n#11 0x558c160782f1 <unknown>\n#12 0x558c1605fafe <unknown>\n#13 0x558c16078e52 <unknown>\n#14 0x558c1604479f <unknown>\n#15 0x558c1609d638 <unknown>\n#16 0x558c1609d810 <unknown>\n#17 0x558c160acdac <unknown>\n#18 0x7f2ae25b4134 <unknown>","time":{"start":1721091660402,"stop":1721091661009,"duration":607}},{"uid":"12452710a6744709","reportUrl":"https://Nat754.github.io/StroyremAutomation/369//#testresult/12452710a6744709","status":"skipped","statusDetails":"XFAIL\n\nselenium.common.exceptions.NoSuchElementException: Message: no such element: Unable to locate element: {\"method\":\"xpath\",\"selector\":\"(//a[@class='add-to-cart yellow-btn'])[1]\"}\n  (Session info: chrome-headless-shell=126.0.6478.126); For documentation on this error, please visit: https://www.selenium.dev/documentation/webdriver/troubleshooting/errors#no-such-element-exception\nStacktrace:\n#0 0x563ffc9b5c7a <unknown>\n#1 0x563ffc698e2c <unknown>\n#2 0x563ffc6e5661 <unknown>\n#3 0x563ffc6e5751 <unknown>\n#4 0x563ffc729f64 <unknown>\n#5 0x563ffc7085ed <unknown>\n#6 0x563ffc727303 <unknown>\n#7 0x563ffc708363 <unknown>\n#8 0x563ffc6d8247 <unknown>\n#9 0x563ffc6d8b9e <unknown>\n#10 0x563ffc97c24b <unknown>\n#11 0x563ffc9802f1 <unknown>\n#12 0x563ffc967afe <unknown>\n#13 0x563ffc980e52 <unknown>\n#14 0x563ffc94c79f <unknown>\n#15 0x563ffc9a5638 <unknown>\n#16 0x563ffc9a5810 <unknown>\n#17 0x563ffc9b4dac <unknown>\n#18 0x7f2a5b311134 <unknown>","time":{"start":1721005363715,"stop":1721005364327,"duration":612}},{"uid":"dfb68498a355b4b9","reportUrl":"https://Nat754.github.io/StroyremAutomation/368//#testresult/dfb68498a355b4b9","status":"skipped","statusDetails":"XFAIL\n\nselenium.common.exceptions.NoSuchElementException: Message: no such element: Unable to locate element: {\"method\":\"xpath\",\"selector\":\"(//a[@class='add-to-cart yellow-btn'])[1]\"}\n  (Session info: chrome-headless-shell=126.0.6478.126); For documentation on this error, please visit: https://www.selenium.dev/documentation/webdriver/troubleshooting/errors#no-such-element-exception\nStacktrace:\n#0 0x562d58a5fc7a <unknown>\n#1 0x562d58742e2c <unknown>\n#2 0x562d5878f661 <unknown>\n#3 0x562d5878f751 <unknown>\n#4 0x562d587d3f64 <unknown>\n#5 0x562d587b25ed <unknown>\n#6 0x562d587d1303 <unknown>\n#7 0x562d587b2363 <unknown>\n#8 0x562d58782247 <unknown>\n#9 0x562d58782b9e <unknown>\n#10 0x562d58a2624b <unknown>\n#11 0x562d58a2a2f1 <unknown>\n#12 0x562d58a11afe <unknown>\n#13 0x562d58a2ae52 <unknown>\n#14 0x562d589f679f <unknown>\n#15 0x562d58a4f638 <unknown>\n#16 0x562d58a4f810 <unknown>\n#17 0x562d58a5edac <unknown>\n#18 0x7f630aa43134 <unknown>","time":{"start":1720919079680,"stop":1720919080162,"duration":482}},{"uid":"bb114a3898b519cf","reportUrl":"https://Nat754.github.io/StroyremAutomation/367//#testresult/bb114a3898b519cf","status":"skipped","statusDetails":"XFAIL\n\nselenium.common.exceptions.NoSuchElementException: Message: no such element: Unable to locate element: {\"method\":\"xpath\",\"selector\":\"(//a[@class='add-to-cart yellow-btn'])[1]\"}\n  (Session info: chrome-headless-shell=126.0.6478.126); For documentation on this error, please visit: https://www.selenium.dev/documentation/webdriver/troubleshooting/errors#no-such-element-exception\nStacktrace:\n#0 0x55a32d3e4c7a <unknown>\n#1 0x55a32d0c7e2c <unknown>\n#2 0x55a32d114661 <unknown>\n#3 0x55a32d114751 <unknown>\n#4 0x55a32d158f64 <unknown>\n#5 0x55a32d1375ed <unknown>\n#6 0x55a32d156303 <unknown>\n#7 0x55a32d137363 <unknown>\n#8 0x55a32d107247 <unknown>\n#9 0x55a32d107b9e <unknown>\n#10 0x55a32d3ab24b <unknown>\n#11 0x55a32d3af2f1 <unknown>\n#12 0x55a32d396afe <unknown>\n#13 0x55a32d3afe52 <unknown>\n#14 0x55a32d37b79f <unknown>\n#15 0x55a32d3d4638 <unknown>\n#16 0x55a32d3d4810 <unknown>\n#17 0x55a32d3e3dac <unknown>\n#18 0x7f363c6de134 <unknown>","time":{"start":1720832381482,"stop":1720832381773,"duration":291}},{"uid":"f3ffa5c7bb0be7a3","reportUrl":"https://Nat754.github.io/StroyremAutomation/366//#testresult/f3ffa5c7bb0be7a3","status":"skipped","statusDetails":"XFAIL\n\nselenium.common.exceptions.NoSuchElementException: Message: no such element: Unable to locate element: {\"method\":\"xpath\",\"selector\":\"(//a[@class='add-to-cart yellow-btn'])[1]\"}\n  (Session info: chrome-headless-shell=126.0.6478.126); For documentation on this error, please visit: https://www.selenium.dev/documentation/webdriver/troubleshooting/errors#no-such-element-exception\nStacktrace:\n#0 0x5641c0b12c7a <unknown>\n#1 0x5641c07f5e2c <unknown>\n#2 0x5641c0842661 <unknown>\n#3 0x5641c0842751 <unknown>\n#4 0x5641c0886f64 <unknown>\n#5 0x5641c08655ed <unknown>\n#6 0x5641c0884303 <unknown>\n#7 0x5641c0865363 <unknown>\n#8 0x5641c0835247 <unknown>\n#9 0x5641c0835b9e <unknown>\n#10 0x5641c0ad924b <unknown>\n#11 0x5641c0add2f1 <unknown>\n#12 0x5641c0ac4afe <unknown>\n#13 0x5641c0adde52 <unknown>\n#14 0x5641c0aa979f <unknown>\n#15 0x5641c0b02638 <unknown>\n#16 0x5641c0b02810 <unknown>\n#17 0x5641c0b11dac <unknown>\n#18 0x7fef0bd1d134 <unknown>","time":{"start":1720745993495,"stop":1720745994106,"duration":611}},{"uid":"631abcea0c7ddbf5","reportUrl":"https://Nat754.github.io/StroyremAutomation/365//#testresult/631abcea0c7ddbf5","status":"skipped","statusDetails":"XFAIL\n\nselenium.common.exceptions.NoSuchElementException: Message: no such element: Unable to locate element: {\"method\":\"xpath\",\"selector\":\"(//a[@class='add-to-cart yellow-btn'])[1]\"}\n  (Session info: chrome-headless-shell=126.0.6478.126); For documentation on this error, please visit: https://www.selenium.dev/documentation/webdriver/troubleshooting/errors#no-such-element-exception\nStacktrace:\n#0 0x5599f4f6fc7a <unknown>\n#1 0x5599f4c52e2c <unknown>\n#2 0x5599f4c9f661 <unknown>\n#3 0x5599f4c9f751 <unknown>\n#4 0x5599f4ce3f64 <unknown>\n#5 0x5599f4cc25ed <unknown>\n#6 0x5599f4ce1303 <unknown>\n#7 0x5599f4cc2363 <unknown>\n#8 0x5599f4c92247 <unknown>\n#9 0x5599f4c92b9e <unknown>\n#10 0x5599f4f3624b <unknown>\n#11 0x5599f4f3a2f1 <unknown>\n#12 0x5599f4f21afe <unknown>\n#13 0x5599f4f3ae52 <unknown>\n#14 0x5599f4f0679f <unknown>\n#15 0x5599f4f5f638 <unknown>\n#16 0x5599f4f5f810 <unknown>\n#17 0x5599f4f6edac <unknown>\n#18 0x7febb89a8134 <unknown>","time":{"start":1720659629731,"stop":1720659630066,"duration":335}},{"uid":"bd243e349ead113","reportUrl":"https://Nat754.github.io/StroyremAutomation/364//#testresult/bd243e349ead113","status":"skipped","statusDetails":"XFAIL\n\nselenium.common.exceptions.NoSuchElementException: Message: no such element: Unable to locate element: {\"method\":\"xpath\",\"selector\":\"(//a[@class='add-to-cart yellow-btn'])[1]\"}\n  (Session info: chrome-headless-shell=126.0.6478.126); For documentation on this error, please visit: https://www.selenium.dev/documentation/webdriver/troubleshooting/errors#no-such-element-exception\nStacktrace:\n#0 0x5645017ccc7a <unknown>\n#1 0x5645014afe2c <unknown>\n#2 0x5645014fc661 <unknown>\n#3 0x5645014fc751 <unknown>\n#4 0x564501540f64 <unknown>\n#5 0x56450151f5ed <unknown>\n#6 0x56450153e303 <unknown>\n#7 0x56450151f363 <unknown>\n#8 0x5645014ef247 <unknown>\n#9 0x5645014efb9e <unknown>\n#10 0x56450179324b <unknown>\n#11 0x5645017972f1 <unknown>\n#12 0x56450177eafe <unknown>\n#13 0x564501797e52 <unknown>\n#14 0x56450176379f <unknown>\n#15 0x5645017bc638 <unknown>\n#16 0x5645017bc810 <unknown>\n#17 0x5645017cbdac <unknown>\n#18 0x7f0653c00134 <unknown>","time":{"start":1720573235953,"stop":1720573236420,"duration":467}},{"uid":"d0cad11a8fe57dd4","reportUrl":"https://Nat754.github.io/StroyremAutomation/363//#testresult/d0cad11a8fe57dd4","status":"skipped","statusDetails":"XFAIL\n\nselenium.common.exceptions.NoSuchElementException: Message: no such element: Unable to locate element: {\"method\":\"xpath\",\"selector\":\"(//a[@class='add-to-cart yellow-btn'])[1]\"}\n  (Session info: chrome-headless-shell=126.0.6478.126); For documentation on this error, please visit: https://www.selenium.dev/documentation/webdriver/troubleshooting/errors#no-such-element-exception\nStacktrace:\n#0 0x562edb840c7a <unknown>\n#1 0x562edb523e2c <unknown>\n#2 0x562edb570661 <unknown>\n#3 0x562edb570751 <unknown>\n#4 0x562edb5b4f64 <unknown>\n#5 0x562edb5935ed <unknown>\n#6 0x562edb5b2303 <unknown>\n#7 0x562edb593363 <unknown>\n#8 0x562edb563247 <unknown>\n#9 0x562edb563b9e <unknown>\n#10 0x562edb80724b <unknown>\n#11 0x562edb80b2f1 <unknown>\n#12 0x562edb7f2afe <unknown>\n#13 0x562edb80be52 <unknown>\n#14 0x562edb7d779f <unknown>\n#15 0x562edb830638 <unknown>\n#16 0x562edb830810 <unknown>\n#17 0x562edb83fdac <unknown>\n#18 0x7f068c67a134 <unknown>","time":{"start":1720486811568,"stop":1720486812145,"duration":577}},{"uid":"7a94b51dcc4a107f","reportUrl":"https://Nat754.github.io/StroyremAutomation/362//#testresult/7a94b51dcc4a107f","status":"skipped","statusDetails":"XFAIL\n\nselenium.common.exceptions.NoSuchElementException: Message: no such element: Unable to locate element: {\"method\":\"xpath\",\"selector\":\"(//a[@class='add-to-cart yellow-btn'])[1]\"}\n  (Session info: chrome-headless-shell=126.0.6478.126); For documentation on this error, please visit: https://www.selenium.dev/documentation/webdriver/troubleshooting/errors#no-such-element-exception\nStacktrace:\n#0 0x557025204c7a <unknown>\n#1 0x557024ee7e2c <unknown>\n#2 0x557024f34661 <unknown>\n#3 0x557024f34751 <unknown>\n#4 0x557024f78f64 <unknown>\n#5 0x557024f575ed <unknown>\n#6 0x557024f76303 <unknown>\n#7 0x557024f57363 <unknown>\n#8 0x557024f27247 <unknown>\n#9 0x557024f27b9e <unknown>\n#10 0x5570251cb24b <unknown>\n#11 0x5570251cf2f1 <unknown>\n#12 0x5570251b6afe <unknown>\n#13 0x5570251cfe52 <unknown>\n#14 0x55702519b79f <unknown>\n#15 0x5570251f4638 <unknown>\n#16 0x5570251f4810 <unknown>\n#17 0x557025203dac <unknown>\n#18 0x7f7ee5c9c134 <unknown>","time":{"start":1720400443028,"stop":1720400443445,"duration":417}}]},"tags":["@pytest.mark.xfail","smoke_test"]},"source":"8a3aeb35013613ce.json","parameterValues":["2190","13","'TD 004'","1590","'products/shtukaturka-gipsovaya-aksolit-m50-30-kg-mashinnogo-naneseniya'","450","'https://sandboxtest.stroyrem-nn.ru/'","400"]}