{"uid":"966bd16101da3e52","name":"TD 025 Доставка товара весом до 10000кг. в синей зоне","fullName":"tests.delivery.test_delivery_calculation.TestDeliveryPageCalculation#test_positive_delivery_blue_zone_smoke","historyId":"5c91f1b6a5c2e7b4c36fa79019f7f7db","time":{"start":1722819783924,"stop":1722819784482,"duration":558},"status":"skipped","statusMessage":"XFAIL\n\nselenium.common.exceptions.NoSuchElementException: Message: no such element: Unable to locate element: {\"method\":\"xpath\",\"selector\":\"(//a[@class='add-to-cart yellow-btn'])[1]\"}\n  (Session info: chrome-headless-shell=127.0.6533.88); For documentation on this error, please visit: https://www.selenium.dev/documentation/webdriver/troubleshooting/errors#no-such-element-exception\nStacktrace:\n#0 0x55ff9440071a <unknown>\n#1 0x55ff940d1640 <unknown>\n#2 0x55ff94120c0b <unknown>\n#3 0x55ff94120ef1 <unknown>\n#4 0x55ff94164b64 <unknown>\n#5 0x55ff9414390d <unknown>\n#6 0x55ff9416208a <unknown>\n#7 0x55ff94143683 <unknown>\n#8 0x55ff94113d71 <unknown>\n#9 0x55ff941147de <unknown>\n#10 0x55ff943c82ab <unknown>\n#11 0x55ff943cc242 <unknown>\n#12 0x55ff943b5665 <unknown>\n#13 0x55ff943ccdd2 <unknown>\n#14 0x55ff9439a2af <unknown>\n#15 0x55ff943efeb8 <unknown>\n#16 0x55ff943f0090 <unknown>\n#17 0x55ff943ff4ec <unknown>\n#18 0x7ff6d5124134 <unknown>","statusTrace":"self = <tests.delivery.test_delivery_calculation.TestDeliveryPageCalculation object at 0x7f75dc6564d0>\ndriver = <selenium.webdriver.chrome.webdriver.WebDriver (session=\"064bfa91d4e49581f366280a7b76e141\")>\nurl = 'https://sandboxtest.stroyrem-nn.ru/', case_id = 'TD 025'\nlink_item = 'products/shtukaturka-gipsovaya-aksolit-m50-30-kg-mashinnogo-naneseniya'\namount = 333, weight = 10000, standard = 7000, in_time = 13900, all_time = 15900\n\n    @pytest.mark.parametrize('case_id, link_item, amount, weight, standard, in_time, all_time', [\n        (\"TD 015\", bundeks_25, 1, 30, 650, 2390, 3320),\n        pytest.param(\n            \"TD 016\", aksolit_30, 8, 300, 650, 2390, 3320,\n            marks=pytest.mark.xfail(reson=\"Цена доставки: - - -\")\n        ),\n        (\"TD 017\", aksolit_30, 13, 400, 650, 2390, 3320),\n        (\"TD 018\", aksolit_30, 16, 500, 850, 2490, 3320),\n        (\"TD 019\", aksolit_30, 25, 1700, 1150, 2490, 3320),\n        (\"TD 020\", aksolit_30, 66, 2000, 1500, 2990, 3650),\n        (\"TD 021\", aksolit_30, 149, 4500, 2600, 4380, 4890),\n        (\"TD 022\", aksolit_30, 166, 5000, 2800, 5490, 5980),\n        pytest.param(\n            \"TD 023\", aksolit_30, 206, 6200, 3300, 7500, 8000,\n            marks=pytest.mark.xfail(reson=\"Цена доставки: 4300 9900 11440\")\n        ),\n        (\"TD 024\", aksolit_30, 299, 9000, 4300, 9900, 11440),\n        (\"TD 025\", aksolit_30, 333, 10000, 7000, 13900, 15900),\n        pytest.param(\n            \"TD 026\", aksolit_30, 366, 11000, 8000, 14900, 19900,\n            marks=pytest.mark.xfail(reson=\"Цена доставки: 7000 13900 15900\")\n        ),\n        pytest.param(\n            \"TD 027\", aksolit_30, 666, 20000, 14000, 16900, 23900,\n            marks=pytest.mark.xfail(reson=\"Цена доставки: 7000 13900 15900\")\n        )\n    ])\n    @pytest.mark.xfail\n    @pytest.mark.smoke_test\n    def test_positive_delivery_blue_zone_smoke(\n            self, driver, url, case_id, link_item, amount, weight, standard, in_time, all_time\n    ):\n        allure.dynamic.title(f\"{case_id} Доставка товара весом до {weight}кг. в синей зоне\")\n    \n        driver.get(f'{url}{link_item}')\n        item_page = ItemPage(driver)\n>       item_page.add_item_to_cart(amount).click_on_cart()\n\ntests/delivery/test_delivery_calculation.py:132: \n_ _ _ _ _ _ _ _ _ _ _ _ _ _ _ _ _ _ _ _ _ _ _ _ _ _ _ _ _ _ _ _ _ _ _ _ _ _ _ _ \npages/item_page.py:40: in add_item_to_cart\n    self.find_element(self._add_item).click()\nbase/seleniumbase.py:17: in find_element\n    return self.driver.find_element(*locator)\n/usr/local/lib/python3.11/site-packages/selenium/webdriver/remote/webdriver.py:739: in find_element\n    return self.execute(Command.FIND_ELEMENT, {\"using\": by, \"value\": value})[\"value\"]\n/usr/local/lib/python3.11/site-packages/selenium/webdriver/remote/webdriver.py:345: in execute\n    self.error_handler.check_response(response)\n_ _ _ _ _ _ _ _ _ _ _ _ _ _ _ _ _ _ _ _ _ _ _ _ _ _ _ _ _ _ _ _ _ _ _ _ _ _ _ _ \n\nself = <selenium.webdriver.remote.errorhandler.ErrorHandler object at 0x7f75dbfcd510>\nresponse = {'status': 404, 'value': '{\"value\":{\"error\":\"no such element\",\"message\":\"no such element: Unable to locate element: {\\...\\\\n#16 0x55ff943f0090 \\\\u003Cunknown>\\\\n#17 0x55ff943ff4ec \\\\u003Cunknown>\\\\n#18 0x7ff6d5124134 \\\\u003Cunknown>\\\\n\"}}'}\n\n    def check_response(self, response: Dict[str, Any]) -> None:\n        \"\"\"Checks that a JSON response from the WebDriver does not have an\n        error.\n    \n        :Args:\n         - response - The JSON response from the WebDriver server as a dictionary\n           object.\n    \n        :Raises: If the response contains an error message.\n        \"\"\"\n        status = response.get(\"status\", None)\n        if not status or status == ErrorCode.SUCCESS:\n            return\n        value = None\n        message = response.get(\"message\", \"\")\n        screen: str = response.get(\"screen\", \"\")\n        stacktrace = None\n        if isinstance(status, int):\n            value_json = response.get(\"value\", None)\n            if value_json and isinstance(value_json, str):\n                import json\n    \n                try:\n                    value = json.loads(value_json)\n                    if len(value) == 1:\n                        value = value[\"value\"]\n                    status = value.get(\"error\", None)\n                    if not status:\n                        status = value.get(\"status\", ErrorCode.UNKNOWN_ERROR)\n                        message = value.get(\"value\") or value.get(\"message\")\n                        if not isinstance(message, str):\n                            value = message\n                            message = message.get(\"message\")\n                    else:\n                        message = value.get(\"message\", None)\n                except ValueError:\n                    pass\n    \n        exception_class: Type[WebDriverException]\n        e = ErrorCode()\n        error_codes = [item for item in dir(e) if not item.startswith(\"__\")]\n        for error_code in error_codes:\n            error_info = getattr(ErrorCode, error_code)\n            if isinstance(error_info, list) and status in error_info:\n                exception_class = getattr(ExceptionMapping, error_code, WebDriverException)\n                break\n        else:\n            exception_class = WebDriverException\n    \n        if not value:\n            value = response[\"value\"]\n        if isinstance(value, str):\n            raise exception_class(value)\n        if message == \"\" and \"message\" in value:\n            message = value[\"message\"]\n    \n        screen = None  # type: ignore[assignment]\n        if \"screen\" in value:\n            screen = value[\"screen\"]\n    \n        stacktrace = None\n        st_value = value.get(\"stackTrace\") or value.get(\"stacktrace\")\n        if st_value:\n            if isinstance(st_value, str):\n                stacktrace = st_value.split(\"\\n\")\n            else:\n                stacktrace = []\n                try:\n                    for frame in st_value:\n                        line = frame.get(\"lineNumber\", \"\")\n                        file = frame.get(\"fileName\", \"<anonymous>\")\n                        if line:\n                            file = f\"{file}:{line}\"\n                        meth = frame.get(\"methodName\", \"<anonymous>\")\n                        if \"className\" in frame:\n                            meth = f\"{frame['className']}.{meth}\"\n                        msg = \"    at %s (%s)\"\n                        msg = msg % (meth, file)\n                        stacktrace.append(msg)\n                except TypeError:\n                    pass\n        if exception_class == UnexpectedAlertPresentException:\n            alert_text = None\n            if \"data\" in value:\n                alert_text = value[\"data\"].get(\"text\")\n            elif \"alert\" in value:\n                alert_text = value[\"alert\"].get(\"text\")\n            raise exception_class(message, screen, stacktrace, alert_text)  # type: ignore[call-arg]  # mypy is not smart enough here\n>       raise exception_class(message, screen, stacktrace)\nE       selenium.common.exceptions.NoSuchElementException: Message: no such element: Unable to locate element: {\"method\":\"xpath\",\"selector\":\"(//a[@class='add-to-cart yellow-btn'])[1]\"}\nE         (Session info: chrome-headless-shell=127.0.6533.88); For documentation on this error, please visit: https://www.selenium.dev/documentation/webdriver/troubleshooting/errors#no-such-element-exception\nE       Stacktrace:\nE       #0 0x55ff9440071a <unknown>\nE       #1 0x55ff940d1640 <unknown>\nE       #2 0x55ff94120c0b <unknown>\nE       #3 0x55ff94120ef1 <unknown>\nE       #4 0x55ff94164b64 <unknown>\nE       #5 0x55ff9414390d <unknown>\nE       #6 0x55ff9416208a <unknown>\nE       #7 0x55ff94143683 <unknown>\nE       #8 0x55ff94113d71 <unknown>\nE       #9 0x55ff941147de <unknown>\nE       #10 0x55ff943c82ab <unknown>\nE       #11 0x55ff943cc242 <unknown>\nE       #12 0x55ff943b5665 <unknown>\nE       #13 0x55ff943ccdd2 <unknown>\nE       #14 0x55ff9439a2af <unknown>\nE       #15 0x55ff943efeb8 <unknown>\nE       #16 0x55ff943f0090 <unknown>\nE       #17 0x55ff943ff4ec <unknown>\nE       #18 0x7ff6d5124134 <unknown>\n\n/usr/local/lib/python3.11/site-packages/selenium/webdriver/remote/errorhandler.py:229: NoSuchElementException","flaky":false,"newFailed":false,"newBroken":false,"newPassed":false,"retriesCount":0,"retriesStatusChange":false,"beforeStages":[{"name":"_session_faker","time":{"start":1722819505219,"stop":1722819505288,"duration":69},"status":"passed","steps":[],"attachments":[],"parameters":[],"shouldDisplayMessage":false,"stepsCount":0,"attachmentsCount":0,"hasContent":false,"attachmentStep":false},{"name":"clear_allure_results_folder","time":{"start":1722819505288,"stop":1722819505288,"duration":0},"status":"passed","steps":[],"attachments":[],"parameters":[],"shouldDisplayMessage":false,"stepsCount":0,"attachmentsCount":0,"hasContent":false,"attachmentStep":false},{"name":"driver","time":{"start":1722819783233,"stop":1722819783923,"duration":690},"status":"passed","steps":[],"attachments":[],"parameters":[],"shouldDisplayMessage":false,"stepsCount":0,"attachmentsCount":0,"hasContent":false,"attachmentStep":false},{"name":"setup","time":{"start":1722819783923,"stop":1722819783923,"duration":0},"status":"passed","steps":[],"attachments":[],"parameters":[],"shouldDisplayMessage":false,"stepsCount":0,"attachmentsCount":0,"hasContent":false,"attachmentStep":false}],"testStage":{"status":"skipped","statusMessage":"XFAIL\n\nselenium.common.exceptions.NoSuchElementException: Message: no such element: Unable to locate element: {\"method\":\"xpath\",\"selector\":\"(//a[@class='add-to-cart yellow-btn'])[1]\"}\n  (Session info: chrome-headless-shell=127.0.6533.88); For documentation on this error, please visit: https://www.selenium.dev/documentation/webdriver/troubleshooting/errors#no-such-element-exception\nStacktrace:\n#0 0x55ff9440071a <unknown>\n#1 0x55ff940d1640 <unknown>\n#2 0x55ff94120c0b <unknown>\n#3 0x55ff94120ef1 <unknown>\n#4 0x55ff94164b64 <unknown>\n#5 0x55ff9414390d <unknown>\n#6 0x55ff9416208a <unknown>\n#7 0x55ff94143683 <unknown>\n#8 0x55ff94113d71 <unknown>\n#9 0x55ff941147de <unknown>\n#10 0x55ff943c82ab <unknown>\n#11 0x55ff943cc242 <unknown>\n#12 0x55ff943b5665 <unknown>\n#13 0x55ff943ccdd2 <unknown>\n#14 0x55ff9439a2af <unknown>\n#15 0x55ff943efeb8 <unknown>\n#16 0x55ff943f0090 <unknown>\n#17 0x55ff943ff4ec <unknown>\n#18 0x7ff6d5124134 <unknown>","statusTrace":"self = <tests.delivery.test_delivery_calculation.TestDeliveryPageCalculation object at 0x7f75dc6564d0>\ndriver = <selenium.webdriver.chrome.webdriver.WebDriver (session=\"064bfa91d4e49581f366280a7b76e141\")>\nurl = 'https://sandboxtest.stroyrem-nn.ru/', case_id = 'TD 025'\nlink_item = 'products/shtukaturka-gipsovaya-aksolit-m50-30-kg-mashinnogo-naneseniya'\namount = 333, weight = 10000, standard = 7000, in_time = 13900, all_time = 15900\n\n    @pytest.mark.parametrize('case_id, link_item, amount, weight, standard, in_time, all_time', [\n        (\"TD 015\", bundeks_25, 1, 30, 650, 2390, 3320),\n        pytest.param(\n            \"TD 016\", aksolit_30, 8, 300, 650, 2390, 3320,\n            marks=pytest.mark.xfail(reson=\"Цена доставки: - - -\")\n        ),\n        (\"TD 017\", aksolit_30, 13, 400, 650, 2390, 3320),\n        (\"TD 018\", aksolit_30, 16, 500, 850, 2490, 3320),\n        (\"TD 019\", aksolit_30, 25, 1700, 1150, 2490, 3320),\n        (\"TD 020\", aksolit_30, 66, 2000, 1500, 2990, 3650),\n        (\"TD 021\", aksolit_30, 149, 4500, 2600, 4380, 4890),\n        (\"TD 022\", aksolit_30, 166, 5000, 2800, 5490, 5980),\n        pytest.param(\n            \"TD 023\", aksolit_30, 206, 6200, 3300, 7500, 8000,\n            marks=pytest.mark.xfail(reson=\"Цена доставки: 4300 9900 11440\")\n        ),\n        (\"TD 024\", aksolit_30, 299, 9000, 4300, 9900, 11440),\n        (\"TD 025\", aksolit_30, 333, 10000, 7000, 13900, 15900),\n        pytest.param(\n            \"TD 026\", aksolit_30, 366, 11000, 8000, 14900, 19900,\n            marks=pytest.mark.xfail(reson=\"Цена доставки: 7000 13900 15900\")\n        ),\n        pytest.param(\n            \"TD 027\", aksolit_30, 666, 20000, 14000, 16900, 23900,\n            marks=pytest.mark.xfail(reson=\"Цена доставки: 7000 13900 15900\")\n        )\n    ])\n    @pytest.mark.xfail\n    @pytest.mark.smoke_test\n    def test_positive_delivery_blue_zone_smoke(\n            self, driver, url, case_id, link_item, amount, weight, standard, in_time, all_time\n    ):\n        allure.dynamic.title(f\"{case_id} Доставка товара весом до {weight}кг. в синей зоне\")\n    \n        driver.get(f'{url}{link_item}')\n        item_page = ItemPage(driver)\n>       item_page.add_item_to_cart(amount).click_on_cart()\n\ntests/delivery/test_delivery_calculation.py:132: \n_ _ _ _ _ _ _ _ _ _ _ _ _ _ _ _ _ _ _ _ _ _ _ _ _ _ _ _ _ _ _ _ _ _ _ _ _ _ _ _ \npages/item_page.py:40: in add_item_to_cart\n    self.find_element(self._add_item).click()\nbase/seleniumbase.py:17: in find_element\n    return self.driver.find_element(*locator)\n/usr/local/lib/python3.11/site-packages/selenium/webdriver/remote/webdriver.py:739: in find_element\n    return self.execute(Command.FIND_ELEMENT, {\"using\": by, \"value\": value})[\"value\"]\n/usr/local/lib/python3.11/site-packages/selenium/webdriver/remote/webdriver.py:345: in execute\n    self.error_handler.check_response(response)\n_ _ _ _ _ _ _ _ _ _ _ _ _ _ _ _ _ _ _ _ _ _ _ _ _ _ _ _ _ _ _ _ _ _ _ _ _ _ _ _ \n\nself = <selenium.webdriver.remote.errorhandler.ErrorHandler object at 0x7f75dbfcd510>\nresponse = {'status': 404, 'value': '{\"value\":{\"error\":\"no such element\",\"message\":\"no such element: Unable to locate element: {\\...\\\\n#16 0x55ff943f0090 \\\\u003Cunknown>\\\\n#17 0x55ff943ff4ec \\\\u003Cunknown>\\\\n#18 0x7ff6d5124134 \\\\u003Cunknown>\\\\n\"}}'}\n\n    def check_response(self, response: Dict[str, Any]) -> None:\n        \"\"\"Checks that a JSON response from the WebDriver does not have an\n        error.\n    \n        :Args:\n         - response - The JSON response from the WebDriver server as a dictionary\n           object.\n    \n        :Raises: If the response contains an error message.\n        \"\"\"\n        status = response.get(\"status\", None)\n        if not status or status == ErrorCode.SUCCESS:\n            return\n        value = None\n        message = response.get(\"message\", \"\")\n        screen: str = response.get(\"screen\", \"\")\n        stacktrace = None\n        if isinstance(status, int):\n            value_json = response.get(\"value\", None)\n            if value_json and isinstance(value_json, str):\n                import json\n    \n                try:\n                    value = json.loads(value_json)\n                    if len(value) == 1:\n                        value = value[\"value\"]\n                    status = value.get(\"error\", None)\n                    if not status:\n                        status = value.get(\"status\", ErrorCode.UNKNOWN_ERROR)\n                        message = value.get(\"value\") or value.get(\"message\")\n                        if not isinstance(message, str):\n                            value = message\n                            message = message.get(\"message\")\n                    else:\n                        message = value.get(\"message\", None)\n                except ValueError:\n                    pass\n    \n        exception_class: Type[WebDriverException]\n        e = ErrorCode()\n        error_codes = [item for item in dir(e) if not item.startswith(\"__\")]\n        for error_code in error_codes:\n            error_info = getattr(ErrorCode, error_code)\n            if isinstance(error_info, list) and status in error_info:\n                exception_class = getattr(ExceptionMapping, error_code, WebDriverException)\n                break\n        else:\n            exception_class = WebDriverException\n    \n        if not value:\n            value = response[\"value\"]\n        if isinstance(value, str):\n            raise exception_class(value)\n        if message == \"\" and \"message\" in value:\n            message = value[\"message\"]\n    \n        screen = None  # type: ignore[assignment]\n        if \"screen\" in value:\n            screen = value[\"screen\"]\n    \n        stacktrace = None\n        st_value = value.get(\"stackTrace\") or value.get(\"stacktrace\")\n        if st_value:\n            if isinstance(st_value, str):\n                stacktrace = st_value.split(\"\\n\")\n            else:\n                stacktrace = []\n                try:\n                    for frame in st_value:\n                        line = frame.get(\"lineNumber\", \"\")\n                        file = frame.get(\"fileName\", \"<anonymous>\")\n                        if line:\n                            file = f\"{file}:{line}\"\n                        meth = frame.get(\"methodName\", \"<anonymous>\")\n                        if \"className\" in frame:\n                            meth = f\"{frame['className']}.{meth}\"\n                        msg = \"    at %s (%s)\"\n                        msg = msg % (meth, file)\n                        stacktrace.append(msg)\n                except TypeError:\n                    pass\n        if exception_class == UnexpectedAlertPresentException:\n            alert_text = None\n            if \"data\" in value:\n                alert_text = value[\"data\"].get(\"text\")\n            elif \"alert\" in value:\n                alert_text = value[\"alert\"].get(\"text\")\n            raise exception_class(message, screen, stacktrace, alert_text)  # type: ignore[call-arg]  # mypy is not smart enough here\n>       raise exception_class(message, screen, stacktrace)\nE       selenium.common.exceptions.NoSuchElementException: Message: no such element: Unable to locate element: {\"method\":\"xpath\",\"selector\":\"(//a[@class='add-to-cart yellow-btn'])[1]\"}\nE         (Session info: chrome-headless-shell=127.0.6533.88); For documentation on this error, please visit: https://www.selenium.dev/documentation/webdriver/troubleshooting/errors#no-such-element-exception\nE       Stacktrace:\nE       #0 0x55ff9440071a <unknown>\nE       #1 0x55ff940d1640 <unknown>\nE       #2 0x55ff94120c0b <unknown>\nE       #3 0x55ff94120ef1 <unknown>\nE       #4 0x55ff94164b64 <unknown>\nE       #5 0x55ff9414390d <unknown>\nE       #6 0x55ff9416208a <unknown>\nE       #7 0x55ff94143683 <unknown>\nE       #8 0x55ff94113d71 <unknown>\nE       #9 0x55ff941147de <unknown>\nE       #10 0x55ff943c82ab <unknown>\nE       #11 0x55ff943cc242 <unknown>\nE       #12 0x55ff943b5665 <unknown>\nE       #13 0x55ff943ccdd2 <unknown>\nE       #14 0x55ff9439a2af <unknown>\nE       #15 0x55ff943efeb8 <unknown>\nE       #16 0x55ff943f0090 <unknown>\nE       #17 0x55ff943ff4ec <unknown>\nE       #18 0x7ff6d5124134 <unknown>\n\n/usr/local/lib/python3.11/site-packages/selenium/webdriver/remote/errorhandler.py:229: NoSuchElementException","steps":[{"name":"Добавляем товар в корзину в количестве 333","time":{"start":1722819784464,"stop":1722819784482,"duration":18},"status":"broken","statusMessage":"selenium.common.exceptions.NoSuchElementException: Message: no such element: Unable to locate element: {\"method\":\"xpath\",\"selector\":\"(//a[@class='add-to-cart yellow-btn'])[1]\"}\n  (Session info: chrome-headless-shell=127.0.6533.88); For documentation on this error, please visit: https://www.selenium.dev/documentation/webdriver/troubleshooting/errors#no-such-element-exception\nStacktrace:\n#0 0x55ff9440071a <unknown>\n#1 0x55ff940d1640 <unknown>\n#2 0x55ff94120c0b <unknown>\n#3 0x55ff94120ef1 <unknown>\n#4 0x55ff94164b64 <unknown>\n#5 0x55ff9414390d <unknown>\n#6 0x55ff9416208a <unknown>\n#7 0x55ff94143683 <unknown>\n#8 0x55ff94113d71 <unknown>\n#9 0x55ff941147de <unknown>\n#10 0x55ff943c82ab <unknown>\n#11 0x55ff943cc242 <unknown>\n#12 0x55ff943b5665 <unknown>\n#13 0x55ff943ccdd2 <unknown>\n#14 0x55ff9439a2af <unknown>\n#15 0x55ff943efeb8 <unknown>\n#16 0x55ff943f0090 <unknown>\n#17 0x55ff943ff4ec <unknown>\n#18 0x7ff6d5124134 <unknown>\n\n","statusTrace":"  File \"/usr/local/lib/python3.11/site-packages/allure_commons/_allure.py\", line 192, in impl\n    return func(*a, **kw)\n           ^^^^^^^^^^^^^^\n  File \"/app/pages/item_page.py\", line 40, in add_item_to_cart\n    self.find_element(self._add_item).click()\n    ^^^^^^^^^^^^^^^^^^^^^^^^^^^^^^^^^\n  File \"/app/base/seleniumbase.py\", line 17, in find_element\n    return self.driver.find_element(*locator)\n           ^^^^^^^^^^^^^^^^^^^^^^^^^^^^^^^^^^\n  File \"/usr/local/lib/python3.11/site-packages/selenium/webdriver/remote/webdriver.py\", line 739, in find_element\n    return self.execute(Command.FIND_ELEMENT, {\"using\": by, \"value\": value})[\"value\"]\n           ^^^^^^^^^^^^^^^^^^^^^^^^^^^^^^^^^^^^^^^^^^^^^^^^^^^^^^^^^^^^^^^^^\n  File \"/usr/local/lib/python3.11/site-packages/selenium/webdriver/remote/webdriver.py\", line 345, in execute\n    self.error_handler.check_response(response)\n  File \"/usr/local/lib/python3.11/site-packages/selenium/webdriver/remote/errorhandler.py\", line 229, in check_response\n    raise exception_class(message, screen, stacktrace)\n","steps":[],"attachments":[],"parameters":[{"name":"amount","value":"333"}],"shouldDisplayMessage":true,"stepsCount":0,"attachmentsCount":0,"hasContent":true,"attachmentStep":false}],"attachments":[{"uid":"ef7a07f9dd1552ae","name":"Screenshot","source":"ef7a07f9dd1552ae.png","type":"image/png","size":4720},{"uid":"5c3fda9d82470ab4","name":"HTML source","source":"5c3fda9d82470ab4.html","type":"text/html","size":39}],"parameters":[],"shouldDisplayMessage":true,"stepsCount":1,"attachmentsCount":2,"hasContent":true,"attachmentStep":false},"afterStages":[{"name":"setup::0","time":{"start":1722819784587,"stop":1722819784587,"duration":0},"status":"passed","steps":[],"attachments":[],"parameters":[],"shouldDisplayMessage":false,"stepsCount":0,"attachmentsCount":0,"hasContent":false,"attachmentStep":false},{"name":"driver::0","time":{"start":1722819784587,"stop":1722819784649,"duration":62},"status":"passed","steps":[],"attachments":[],"parameters":[],"shouldDisplayMessage":false,"stepsCount":0,"attachmentsCount":0,"hasContent":false,"attachmentStep":false}],"labels":[{"name":"epic","value":"Delivery Page - calculation"},{"name":"tag","value":"smoke_test"},{"name":"tag","value":"@pytest.mark.xfail"},{"name":"parentSuite","value":"tests.delivery"},{"name":"suite","value":"test_delivery_calculation"},{"name":"subSuite","value":"TestDeliveryPageCalculation"},{"name":"host","value":"e48e2bc1f246"},{"name":"thread","value":"1-MainThread"},{"name":"framework","value":"pytest"},{"name":"language","value":"cpython3"},{"name":"package","value":"tests.delivery.test_delivery_calculation"},{"name":"resultFormat","value":"allure2"}],"parameters":[{"name":"all_time","value":"15900"},{"name":"amount","value":"333"},{"name":"case_id","value":"'TD 025'"},{"name":"in_time","value":"13900"},{"name":"link_item","value":"'products/shtukaturka-gipsovaya-aksolit-m50-30-kg-mashinnogo-naneseniya'"},{"name":"standard","value":"7000"},{"name":"url","value":"'https://sandboxtest.stroyrem-nn.ru/'"},{"name":"weight","value":"10000"}],"links":[],"hidden":false,"retry":false,"extra":{"severity":"normal","retries":[],"categories":[],"history":{"statistic":{"failed":0,"broken":0,"skipped":68,"passed":0,"unknown":0,"total":68},"items":[{"uid":"6e775502fcea34b4","reportUrl":"https://Nat754.github.io/StroyremAutomation/389//#testresult/6e775502fcea34b4","status":"skipped","statusDetails":"XFAIL\n\nselenium.common.exceptions.NoSuchElementException: Message: no such element: Unable to locate element: {\"method\":\"xpath\",\"selector\":\"(//a[@class='add-to-cart yellow-btn'])[1]\"}\n  (Session info: chrome-headless-shell=127.0.6533.88); For documentation on this error, please visit: https://www.selenium.dev/documentation/webdriver/troubleshooting/errors#no-such-element-exception\nStacktrace:\n#0 0x557f63a7071a <unknown>\n#1 0x557f63741640 <unknown>\n#2 0x557f63790c0b <unknown>\n#3 0x557f63790ef1 <unknown>\n#4 0x557f637d4b64 <unknown>\n#5 0x557f637b390d <unknown>\n#6 0x557f637d208a <unknown>\n#7 0x557f637b3683 <unknown>\n#8 0x557f63783d71 <unknown>\n#9 0x557f637847de <unknown>\n#10 0x557f63a382ab <unknown>\n#11 0x557f63a3c242 <unknown>\n#12 0x557f63a25665 <unknown>\n#13 0x557f63a3cdd2 <unknown>\n#14 0x557f63a0a2af <unknown>\n#15 0x557f63a5feb8 <unknown>\n#16 0x557f63a60090 <unknown>\n#17 0x557f63a6f4ec <unknown>\n#18 0x7fcc60a6c134 <unknown>","time":{"start":1722733562316,"stop":1722733562757,"duration":441}},{"uid":"c1f7f0b6840f482c","reportUrl":"https://Nat754.github.io/StroyremAutomation/388//#testresult/c1f7f0b6840f482c","status":"skipped","statusDetails":"XFAIL\n\nselenium.common.exceptions.NoSuchElementException: Message: no such element: Unable to locate element: {\"method\":\"xpath\",\"selector\":\"(//a[@class='add-to-cart yellow-btn'])[1]\"}\n  (Session info: chrome-headless-shell=127.0.6533.88); For documentation on this error, please visit: https://www.selenium.dev/documentation/webdriver/troubleshooting/errors#no-such-element-exception\nStacktrace:\n#0 0x562b8429071a <unknown>\n#1 0x562b83f61640 <unknown>\n#2 0x562b83fb0c0b <unknown>\n#3 0x562b83fb0ef1 <unknown>\n#4 0x562b83ff4b64 <unknown>\n#5 0x562b83fd390d <unknown>\n#6 0x562b83ff208a <unknown>\n#7 0x562b83fd3683 <unknown>\n#8 0x562b83fa3d71 <unknown>\n#9 0x562b83fa47de <unknown>\n#10 0x562b842582ab <unknown>\n#11 0x562b8425c242 <unknown>\n#12 0x562b84245665 <unknown>\n#13 0x562b8425cdd2 <unknown>\n#14 0x562b8422a2af <unknown>\n#15 0x562b8427feb8 <unknown>\n#16 0x562b84280090 <unknown>\n#17 0x562b8428f4ec <unknown>\n#18 0x7f358520e134 <unknown>","time":{"start":1722646865067,"stop":1722646865499,"duration":432}},{"uid":"af47b30ae47c2085","reportUrl":"https://Nat754.github.io/StroyremAutomation/387//#testresult/af47b30ae47c2085","status":"skipped","statusDetails":"XFAIL\n\nselenium.common.exceptions.NoSuchElementException: Message: no such element: Unable to locate element: {\"method\":\"xpath\",\"selector\":\"(//a[@class='add-to-cart yellow-btn'])[1]\"}\n  (Session info: chrome-headless-shell=127.0.6533.88); For documentation on this error, please visit: https://www.selenium.dev/documentation/webdriver/troubleshooting/errors#no-such-element-exception\nStacktrace:\n#0 0x55e8ea5f371a <unknown>\n#1 0x55e8ea2c4640 <unknown>\n#2 0x55e8ea313c0b <unknown>\n#3 0x55e8ea313ef1 <unknown>\n#4 0x55e8ea357b64 <unknown>\n#5 0x55e8ea33690d <unknown>\n#6 0x55e8ea35508a <unknown>\n#7 0x55e8ea336683 <unknown>\n#8 0x55e8ea306d71 <unknown>\n#9 0x55e8ea3077de <unknown>\n#10 0x55e8ea5bb2ab <unknown>\n#11 0x55e8ea5bf242 <unknown>\n#12 0x55e8ea5a8665 <unknown>\n#13 0x55e8ea5bfdd2 <unknown>\n#14 0x55e8ea58d2af <unknown>\n#15 0x55e8ea5e2eb8 <unknown>\n#16 0x55e8ea5e3090 <unknown>\n#17 0x55e8ea5f24ec <unknown>\n#18 0x7f9afa188134 <unknown>","time":{"start":1722560447075,"stop":1722560447600,"duration":525}},{"uid":"7231c6576ac409a1","reportUrl":"https://Nat754.github.io/StroyremAutomation/386//#testresult/7231c6576ac409a1","status":"skipped","statusDetails":"XFAIL\n\nselenium.common.exceptions.NoSuchElementException: Message: no such element: Unable to locate element: {\"method\":\"xpath\",\"selector\":\"(//a[@class='add-to-cart yellow-btn'])[1]\"}\n  (Session info: chrome-headless-shell=127.0.6533.88); For documentation on this error, please visit: https://www.selenium.dev/documentation/webdriver/troubleshooting/errors#no-such-element-exception\nStacktrace:\n#0 0x560c0b82271a <unknown>\n#1 0x560c0b4f3640 <unknown>\n#2 0x560c0b542c0b <unknown>\n#3 0x560c0b542ef1 <unknown>\n#4 0x560c0b586b64 <unknown>\n#5 0x560c0b56590d <unknown>\n#6 0x560c0b58408a <unknown>\n#7 0x560c0b565683 <unknown>\n#8 0x560c0b535d71 <unknown>\n#9 0x560c0b5367de <unknown>\n#10 0x560c0b7ea2ab <unknown>\n#11 0x560c0b7ee242 <unknown>\n#12 0x560c0b7d7665 <unknown>\n#13 0x560c0b7eedd2 <unknown>\n#14 0x560c0b7bc2af <unknown>\n#15 0x560c0b811eb8 <unknown>\n#16 0x560c0b812090 <unknown>\n#17 0x560c0b8214ec <unknown>\n#18 0x7ffaa5aeb134 <unknown>","time":{"start":1722474352207,"stop":1722474352534,"duration":327}},{"uid":"22862455e9c4cd1c","reportUrl":"https://Nat754.github.io/StroyremAutomation/385//#testresult/22862455e9c4cd1c","status":"skipped","statusDetails":"XFAIL\n\nselenium.common.exceptions.NoSuchElementException: Message: no such element: Unable to locate element: {\"method\":\"xpath\",\"selector\":\"(//a[@class='add-to-cart yellow-btn'])[1]\"}\n  (Session info: chrome-headless-shell=127.0.6533.88); For documentation on this error, please visit: https://www.selenium.dev/documentation/webdriver/troubleshooting/errors#no-such-element-exception\nStacktrace:\n#0 0x55bb4bee071a <unknown>\n#1 0x55bb4bbb1640 <unknown>\n#2 0x55bb4bc00c0b <unknown>\n#3 0x55bb4bc00ef1 <unknown>\n#4 0x55bb4bc44b64 <unknown>\n#5 0x55bb4bc2390d <unknown>\n#6 0x55bb4bc4208a <unknown>\n#7 0x55bb4bc23683 <unknown>\n#8 0x55bb4bbf3d71 <unknown>\n#9 0x55bb4bbf47de <unknown>\n#10 0x55bb4bea82ab <unknown>\n#11 0x55bb4beac242 <unknown>\n#12 0x55bb4be95665 <unknown>\n#13 0x55bb4beacdd2 <unknown>\n#14 0x55bb4be7a2af <unknown>\n#15 0x55bb4becfeb8 <unknown>\n#16 0x55bb4bed0090 <unknown>\n#17 0x55bb4bedf4ec <unknown>\n#18 0x7f71489fb134 <unknown>","time":{"start":1722387047372,"stop":1722387047671,"duration":299}},{"uid":"63ea65586e3dd5cd","reportUrl":"https://Nat754.github.io/StroyremAutomation/384//#testresult/63ea65586e3dd5cd","status":"skipped","statusDetails":"XFAIL\n\nselenium.common.exceptions.NoSuchElementException: Message: no such element: Unable to locate element: {\"method\":\"xpath\",\"selector\":\"(//a[@class='add-to-cart yellow-btn'])[1]\"}\n  (Session info: chrome-headless-shell=127.0.6533.72); For documentation on this error, please visit: https://www.selenium.dev/documentation/webdriver/troubleshooting/errors#no-such-element-exception\nStacktrace:\n#0 0x55873eeef6ba <unknown>\n#1 0x55873ebbf730 <unknown>\n#2 0x55873ec0ed9b <unknown>\n#3 0x55873ec0f081 <unknown>\n#4 0x55873ec52cd4 <unknown>\n#5 0x55873ec31a7d <unknown>\n#6 0x55873ec501ca <unknown>\n#7 0x55873ec317f3 <unknown>\n#8 0x55873ec01ec9 <unknown>\n#9 0x55873ec0291e <unknown>\n#10 0x55873eeb59eb <unknown>\n#11 0x55873eeb9972 <unknown>\n#12 0x55873eea2e15 <unknown>\n#13 0x55873eeba502 <unknown>\n#14 0x55873ee87d2f <unknown>\n#15 0x55873eede578 <unknown>\n#16 0x55873eede750 <unknown>\n#17 0x55873eeee48c <unknown>\n#18 0x7fcac9e61134 <unknown>","time":{"start":1722301232097,"stop":1722301232509,"duration":412}},{"uid":"646ba214645abb02","reportUrl":"https://Nat754.github.io/StroyremAutomation/383//#testresult/646ba214645abb02","status":"skipped","statusDetails":"XFAIL\n\nselenium.common.exceptions.NoSuchElementException: Message: no such element: Unable to locate element: {\"method\":\"xpath\",\"selector\":\"(//a[@class='add-to-cart yellow-btn'])[1]\"}\n  (Session info: chrome-headless-shell=127.0.6533.72); For documentation on this error, please visit: https://www.selenium.dev/documentation/webdriver/troubleshooting/errors#no-such-element-exception\nStacktrace:\n#0 0x55b26e6526ba <unknown>\n#1 0x55b26e322730 <unknown>\n#2 0x55b26e371d9b <unknown>\n#3 0x55b26e372081 <unknown>\n#4 0x55b26e3b5cd4 <unknown>\n#5 0x55b26e394a7d <unknown>\n#6 0x55b26e3b31ca <unknown>\n#7 0x55b26e3947f3 <unknown>\n#8 0x55b26e364ec9 <unknown>\n#9 0x55b26e36591e <unknown>\n#10 0x55b26e6189eb <unknown>\n#11 0x55b26e61c972 <unknown>\n#12 0x55b26e605e15 <unknown>\n#13 0x55b26e61d502 <unknown>\n#14 0x55b26e5ead2f <unknown>\n#15 0x55b26e641578 <unknown>\n#16 0x55b26e641750 <unknown>\n#17 0x55b26e65148c <unknown>\n#18 0x7fc1ba7ca134 <unknown>","time":{"start":1722214926214,"stop":1722214926522,"duration":308}},{"uid":"1e0bd642c18e932a","reportUrl":"https://Nat754.github.io/StroyremAutomation/382//#testresult/1e0bd642c18e932a","status":"skipped","statusDetails":"XFAIL\n\nselenium.common.exceptions.NoSuchElementException: Message: no such element: Unable to locate element: {\"method\":\"xpath\",\"selector\":\"(//a[@class='add-to-cart yellow-btn'])[1]\"}\n  (Session info: chrome-headless-shell=127.0.6533.72); For documentation on this error, please visit: https://www.selenium.dev/documentation/webdriver/troubleshooting/errors#no-such-element-exception\nStacktrace:\n#0 0x55b2278876ba <unknown>\n#1 0x55b227557730 <unknown>\n#2 0x55b2275a6d9b <unknown>\n#3 0x55b2275a7081 <unknown>\n#4 0x55b2275eacd4 <unknown>\n#5 0x55b2275c9a7d <unknown>\n#6 0x55b2275e81ca <unknown>\n#7 0x55b2275c97f3 <unknown>\n#8 0x55b227599ec9 <unknown>\n#9 0x55b22759a91e <unknown>\n#10 0x55b22784d9eb <unknown>\n#11 0x55b227851972 <unknown>\n#12 0x55b22783ae15 <unknown>\n#13 0x55b227852502 <unknown>\n#14 0x55b22781fd2f <unknown>\n#15 0x55b227876578 <unknown>\n#16 0x55b227876750 <unknown>\n#17 0x55b22788648c <unknown>\n#18 0x7ff06714b134 <unknown>","time":{"start":1722128720050,"stop":1722128720381,"duration":331}},{"uid":"b4ffdd57f92184a3","reportUrl":"https://Nat754.github.io/StroyremAutomation/381//#testresult/b4ffdd57f92184a3","status":"skipped","statusDetails":"XFAIL\n\nselenium.common.exceptions.NoSuchElementException: Message: no such element: Unable to locate element: {\"method\":\"xpath\",\"selector\":\"(//a[@class='add-to-cart yellow-btn'])[1]\"}\n  (Session info: chrome-headless-shell=127.0.6533.72); For documentation on this error, please visit: https://www.selenium.dev/documentation/webdriver/troubleshooting/errors#no-such-element-exception\nStacktrace:\n#0 0x55742d0a86ba <unknown>\n#1 0x55742cd78730 <unknown>\n#2 0x55742cdc7d9b <unknown>\n#3 0x55742cdc8081 <unknown>\n#4 0x55742ce0bcd4 <unknown>\n#5 0x55742cdeaa7d <unknown>\n#6 0x55742ce091ca <unknown>\n#7 0x55742cdea7f3 <unknown>\n#8 0x55742cdbaec9 <unknown>\n#9 0x55742cdbb91e <unknown>\n#10 0x55742d06e9eb <unknown>\n#11 0x55742d072972 <unknown>\n#12 0x55742d05be15 <unknown>\n#13 0x55742d073502 <unknown>\n#14 0x55742d040d2f <unknown>\n#15 0x55742d097578 <unknown>\n#16 0x55742d097750 <unknown>\n#17 0x55742d0a748c <unknown>\n#18 0x7f39f2e13134 <unknown>","time":{"start":1722041987928,"stop":1722041988226,"duration":298}},{"uid":"3260fe17f8f1c9ff","reportUrl":"https://Nat754.github.io/StroyremAutomation/380//#testresult/3260fe17f8f1c9ff","status":"skipped","statusDetails":"XFAIL\n\nselenium.common.exceptions.NoSuchElementException: Message: no such element: Unable to locate element: {\"method\":\"xpath\",\"selector\":\"(//a[@class='add-to-cart yellow-btn'])[1]\"}\n  (Session info: chrome-headless-shell=127.0.6533.72); For documentation on this error, please visit: https://www.selenium.dev/documentation/webdriver/troubleshooting/errors#no-such-element-exception\nStacktrace:\n#0 0x55c751aaa6ba <unknown>\n#1 0x55c75177a730 <unknown>\n#2 0x55c7517c9d9b <unknown>\n#3 0x55c7517ca081 <unknown>\n#4 0x55c75180dcd4 <unknown>\n#5 0x55c7517eca7d <unknown>\n#6 0x55c75180b1ca <unknown>\n#7 0x55c7517ec7f3 <unknown>\n#8 0x55c7517bcec9 <unknown>\n#9 0x55c7517bd91e <unknown>\n#10 0x55c751a709eb <unknown>\n#11 0x55c751a74972 <unknown>\n#12 0x55c751a5de15 <unknown>\n#13 0x55c751a75502 <unknown>\n#14 0x55c751a42d2f <unknown>\n#15 0x55c751a99578 <unknown>\n#16 0x55c751a99750 <unknown>\n#17 0x55c751aa948c <unknown>\n#18 0x7f8032c1a134 <unknown>","time":{"start":1721955596454,"stop":1721955596762,"duration":308}},{"uid":"657316a8d35ef332","reportUrl":"https://Nat754.github.io/StroyremAutomation/379//#testresult/657316a8d35ef332","status":"skipped","statusDetails":"XFAIL\n\nselenium.common.exceptions.NoSuchElementException: Message: no such element: Unable to locate element: {\"method\":\"xpath\",\"selector\":\"(//a[@class='add-to-cart yellow-btn'])[1]\"}\n  (Session info: chrome-headless-shell=127.0.6533.72); For documentation on this error, please visit: https://www.selenium.dev/documentation/webdriver/troubleshooting/errors#no-such-element-exception\nStacktrace:\n#0 0x5593b25fb6ba <unknown>\n#1 0x5593b22cb730 <unknown>\n#2 0x5593b231ad9b <unknown>\n#3 0x5593b231b081 <unknown>\n#4 0x5593b235ecd4 <unknown>\n#5 0x5593b233da7d <unknown>\n#6 0x5593b235c1ca <unknown>\n#7 0x5593b233d7f3 <unknown>\n#8 0x5593b230dec9 <unknown>\n#9 0x5593b230e91e <unknown>\n#10 0x5593b25c19eb <unknown>\n#11 0x5593b25c5972 <unknown>\n#12 0x5593b25aee15 <unknown>\n#13 0x5593b25c6502 <unknown>\n#14 0x5593b2593d2f <unknown>\n#15 0x5593b25ea578 <unknown>\n#16 0x5593b25ea750 <unknown>\n#17 0x5593b25fa48c <unknown>\n#18 0x7f8db861a134 <unknown>","time":{"start":1721869274576,"stop":1721869275002,"duration":426}},{"uid":"8edf110a6cc4e24","reportUrl":"https://Nat754.github.io/StroyremAutomation/378//#testresult/8edf110a6cc4e24","status":"skipped","statusDetails":"XFAIL\n\nselenium.common.exceptions.NoSuchElementException: Message: no such element: Unable to locate element: {\"method\":\"xpath\",\"selector\":\"(//a[@class='add-to-cart yellow-btn'])[1]\"}\n  (Session info: chrome-headless-shell=127.0.6533.72); For documentation on this error, please visit: https://www.selenium.dev/documentation/webdriver/troubleshooting/errors#no-such-element-exception\nStacktrace:\n#0 0x55c7348b16ba <unknown>\n#1 0x55c734581730 <unknown>\n#2 0x55c7345d0d9b <unknown>\n#3 0x55c7345d1081 <unknown>\n#4 0x55c734614cd4 <unknown>\n#5 0x55c7345f3a7d <unknown>\n#6 0x55c7346121ca <unknown>\n#7 0x55c7345f37f3 <unknown>\n#8 0x55c7345c3ec9 <unknown>\n#9 0x55c7345c491e <unknown>\n#10 0x55c7348779eb <unknown>\n#11 0x55c73487b972 <unknown>\n#12 0x55c734864e15 <unknown>\n#13 0x55c73487c502 <unknown>\n#14 0x55c734849d2f <unknown>\n#15 0x55c7348a0578 <unknown>\n#16 0x55c7348a0750 <unknown>\n#17 0x55c7348b048c <unknown>\n#18 0x7f3184b00134 <unknown>","time":{"start":1721782926802,"stop":1721782927217,"duration":415}},{"uid":"59ff344b2300cc4b","reportUrl":"https://Nat754.github.io/StroyremAutomation/377//#testresult/59ff344b2300cc4b","status":"skipped","statusDetails":"XFAIL\n\nselenium.common.exceptions.NoSuchElementException: Message: no such element: Unable to locate element: {\"method\":\"xpath\",\"selector\":\"(//a[@class='add-to-cart yellow-btn'])[1]\"}\n  (Session info: chrome-headless-shell=126.0.6478.182); For documentation on this error, please visit: https://www.selenium.dev/documentation/webdriver/troubleshooting/errors#no-such-element-exception\nStacktrace:\n#0 0x55ccbbf69c5a <unknown>\n#1 0x55ccbbc4ce2c <unknown>\n#2 0x55ccbbc99661 <unknown>\n#3 0x55ccbbc99751 <unknown>\n#4 0x55ccbbcddf64 <unknown>\n#5 0x55ccbbcbc5ed <unknown>\n#6 0x55ccbbcdb303 <unknown>\n#7 0x55ccbbcbc363 <unknown>\n#8 0x55ccbbc8c247 <unknown>\n#9 0x55ccbbc8cb9e <unknown>\n#10 0x55ccbbf3022b <unknown>\n#11 0x55ccbbf342d1 <unknown>\n#12 0x55ccbbf1bade <unknown>\n#13 0x55ccbbf34e32 <unknown>\n#14 0x55ccbbf0077f <unknown>\n#15 0x55ccbbf59618 <unknown>\n#16 0x55ccbbf597f0 <unknown>\n#17 0x55ccbbf68d8c <unknown>\n#18 0x7f16f4b8b134 <unknown>","time":{"start":1721696490333,"stop":1721696490740,"duration":407}},{"uid":"47a41f9949e99d64","reportUrl":"https://Nat754.github.io/StroyremAutomation/376//#testresult/47a41f9949e99d64","status":"skipped","statusDetails":"XFAIL\n\nselenium.common.exceptions.NoSuchElementException: Message: no such element: Unable to locate element: {\"method\":\"xpath\",\"selector\":\"(//a[@class='add-to-cart yellow-btn'])[1]\"}\n  (Session info: chrome-headless-shell=126.0.6478.182); For documentation on this error, please visit: https://www.selenium.dev/documentation/webdriver/troubleshooting/errors#no-such-element-exception\nStacktrace:\n#0 0x559d59f21c5a <unknown>\n#1 0x559d59c04e2c <unknown>\n#2 0x559d59c51661 <unknown>\n#3 0x559d59c51751 <unknown>\n#4 0x559d59c95f64 <unknown>\n#5 0x559d59c745ed <unknown>\n#6 0x559d59c93303 <unknown>\n#7 0x559d59c74363 <unknown>\n#8 0x559d59c44247 <unknown>\n#9 0x559d59c44b9e <unknown>\n#10 0x559d59ee822b <unknown>\n#11 0x559d59eec2d1 <unknown>\n#12 0x559d59ed3ade <unknown>\n#13 0x559d59eece32 <unknown>\n#14 0x559d59eb877f <unknown>\n#15 0x559d59f11618 <unknown>\n#16 0x559d59f117f0 <unknown>\n#17 0x559d59f20d8c <unknown>\n#18 0x7ff303ea9134 <unknown>","time":{"start":1721610181371,"stop":1721610181795,"duration":424}},{"uid":"906e8ea844faaa24","reportUrl":"https://Nat754.github.io/StroyremAutomation/375//#testresult/906e8ea844faaa24","status":"skipped","statusDetails":"XFAIL\n\nselenium.common.exceptions.NoSuchElementException: Message: no such element: Unable to locate element: {\"method\":\"xpath\",\"selector\":\"(//a[@class='add-to-cart yellow-btn'])[1]\"}\n  (Session info: chrome-headless-shell=126.0.6478.182); For documentation on this error, please visit: https://www.selenium.dev/documentation/webdriver/troubleshooting/errors#no-such-element-exception\nStacktrace:\n#0 0x55d667c47c5a <unknown>\n#1 0x55d66792ae2c <unknown>\n#2 0x55d667977661 <unknown>\n#3 0x55d667977751 <unknown>\n#4 0x55d6679bbf64 <unknown>\n#5 0x55d66799a5ed <unknown>\n#6 0x55d6679b9303 <unknown>\n#7 0x55d66799a363 <unknown>\n#8 0x55d66796a247 <unknown>\n#9 0x55d66796ab9e <unknown>\n#10 0x55d667c0e22b <unknown>\n#11 0x55d667c122d1 <unknown>\n#12 0x55d667bf9ade <unknown>\n#13 0x55d667c12e32 <unknown>\n#14 0x55d667bde77f <unknown>\n#15 0x55d667c37618 <unknown>\n#16 0x55d667c377f0 <unknown>\n#17 0x55d667c46d8c <unknown>\n#18 0x7f68e0140134 <unknown>","time":{"start":1721523888609,"stop":1721523889112,"duration":503}},{"uid":"899b5c57b698de76","reportUrl":"https://Nat754.github.io/StroyremAutomation/374//#testresult/899b5c57b698de76","status":"skipped","statusDetails":"XFAIL\n\nselenium.common.exceptions.NoSuchElementException: Message: no such element: Unable to locate element: {\"method\":\"xpath\",\"selector\":\"(//a[@class='add-to-cart yellow-btn'])[1]\"}\n  (Session info: chrome-headless-shell=126.0.6478.182); For documentation on this error, please visit: https://www.selenium.dev/documentation/webdriver/troubleshooting/errors#no-such-element-exception\nStacktrace:\n#0 0x55c46de9fc5a <unknown>\n#1 0x55c46db82e2c <unknown>\n#2 0x55c46dbcf661 <unknown>\n#3 0x55c46dbcf751 <unknown>\n#4 0x55c46dc13f64 <unknown>\n#5 0x55c46dbf25ed <unknown>\n#6 0x55c46dc11303 <unknown>\n#7 0x55c46dbf2363 <unknown>\n#8 0x55c46dbc2247 <unknown>\n#9 0x55c46dbc2b9e <unknown>\n#10 0x55c46de6622b <unknown>\n#11 0x55c46de6a2d1 <unknown>\n#12 0x55c46de51ade <unknown>\n#13 0x55c46de6ae32 <unknown>\n#14 0x55c46de3677f <unknown>\n#15 0x55c46de8f618 <unknown>\n#16 0x55c46de8f7f0 <unknown>\n#17 0x55c46de9ed8c <unknown>\n#18 0x7fcfc870a134 <unknown>","time":{"start":1721437206089,"stop":1721437206484,"duration":395}},{"uid":"bc101d01f166e23c","reportUrl":"https://Nat754.github.io/StroyremAutomation/373//#testresult/bc101d01f166e23c","status":"skipped","statusDetails":"XFAIL\n\nselenium.common.exceptions.NoSuchElementException: Message: no such element: Unable to locate element: {\"method\":\"xpath\",\"selector\":\"(//a[@class='add-to-cart yellow-btn'])[1]\"}\n  (Session info: chrome-headless-shell=126.0.6478.182); For documentation on this error, please visit: https://www.selenium.dev/documentation/webdriver/troubleshooting/errors#no-such-element-exception\nStacktrace:\n#0 0x55e9b8dd2c5a <unknown>\n#1 0x55e9b8ab5e2c <unknown>\n#2 0x55e9b8b02661 <unknown>\n#3 0x55e9b8b02751 <unknown>\n#4 0x55e9b8b46f64 <unknown>\n#5 0x55e9b8b255ed <unknown>\n#6 0x55e9b8b44303 <unknown>\n#7 0x55e9b8b25363 <unknown>\n#8 0x55e9b8af5247 <unknown>\n#9 0x55e9b8af5b9e <unknown>\n#10 0x55e9b8d9922b <unknown>\n#11 0x55e9b8d9d2d1 <unknown>\n#12 0x55e9b8d84ade <unknown>\n#13 0x55e9b8d9de32 <unknown>\n#14 0x55e9b8d6977f <unknown>\n#15 0x55e9b8dc2618 <unknown>\n#16 0x55e9b8dc27f0 <unknown>\n#17 0x55e9b8dd1d8c <unknown>\n#18 0x7f770c5e7134 <unknown>","time":{"start":1721350853977,"stop":1721350854400,"duration":423}},{"uid":"8fdfbc7bc9dbec2e","reportUrl":"https://Nat754.github.io/StroyremAutomation/372//#testresult/8fdfbc7bc9dbec2e","status":"skipped","statusDetails":"XFAIL\n\nselenium.common.exceptions.NoSuchElementException: Message: no such element: Unable to locate element: {\"method\":\"xpath\",\"selector\":\"(//a[@class='add-to-cart yellow-btn'])[1]\"}\n  (Session info: chrome-headless-shell=126.0.6478.182); For documentation on this error, please visit: https://www.selenium.dev/documentation/webdriver/troubleshooting/errors#no-such-element-exception\nStacktrace:\n#0 0x55ba43afcc5a <unknown>\n#1 0x55ba437dfe2c <unknown>\n#2 0x55ba4382c661 <unknown>\n#3 0x55ba4382c751 <unknown>\n#4 0x55ba43870f64 <unknown>\n#5 0x55ba4384f5ed <unknown>\n#6 0x55ba4386e303 <unknown>\n#7 0x55ba4384f363 <unknown>\n#8 0x55ba4381f247 <unknown>\n#9 0x55ba4381fb9e <unknown>\n#10 0x55ba43ac322b <unknown>\n#11 0x55ba43ac72d1 <unknown>\n#12 0x55ba43aaeade <unknown>\n#13 0x55ba43ac7e32 <unknown>\n#14 0x55ba43a9377f <unknown>\n#15 0x55ba43aec618 <unknown>\n#16 0x55ba43aec7f0 <unknown>\n#17 0x55ba43afbd8c <unknown>\n#18 0x7fdd23342134 <unknown>","time":{"start":1721264427155,"stop":1721264427543,"duration":388}},{"uid":"dc0e74eddd0c47b","reportUrl":"https://Nat754.github.io/StroyremAutomation/371//#testresult/dc0e74eddd0c47b","status":"skipped","statusDetails":"XFAIL\n\nselenium.common.exceptions.NoSuchElementException: Message: no such element: Unable to locate element: {\"method\":\"xpath\",\"selector\":\"(//a[@class='add-to-cart yellow-btn'])[1]\"}\n  (Session info: chrome-headless-shell=126.0.6478.182); For documentation on this error, please visit: https://www.selenium.dev/documentation/webdriver/troubleshooting/errors#no-such-element-exception\nStacktrace:\n#0 0x55aa515d2c5a <unknown>\n#1 0x55aa512b5e2c <unknown>\n#2 0x55aa51302661 <unknown>\n#3 0x55aa51302751 <unknown>\n#4 0x55aa51346f64 <unknown>\n#5 0x55aa513255ed <unknown>\n#6 0x55aa51344303 <unknown>\n#7 0x55aa51325363 <unknown>\n#8 0x55aa512f5247 <unknown>\n#9 0x55aa512f5b9e <unknown>\n#10 0x55aa5159922b <unknown>\n#11 0x55aa5159d2d1 <unknown>\n#12 0x55aa51584ade <unknown>\n#13 0x55aa5159de32 <unknown>\n#14 0x55aa5156977f <unknown>\n#15 0x55aa515c2618 <unknown>\n#16 0x55aa515c27f0 <unknown>\n#17 0x55aa515d1d8c <unknown>\n#18 0x7f86fd944134 <unknown>","time":{"start":1721178047350,"stop":1721178047759,"duration":409}},{"uid":"7d8a3d118082dc57","reportUrl":"https://Nat754.github.io/StroyremAutomation/370//#testresult/7d8a3d118082dc57","status":"skipped","statusDetails":"XFAIL\n\nselenium.common.exceptions.NoSuchElementException: Message: no such element: Unable to locate element: {\"method\":\"xpath\",\"selector\":\"(//a[@class='add-to-cart yellow-btn'])[1]\"}\n  (Session info: chrome-headless-shell=126.0.6478.126); For documentation on this error, please visit: https://www.selenium.dev/documentation/webdriver/troubleshooting/errors#no-such-element-exception\nStacktrace:\n#0 0x55cf2b30ac7a <unknown>\n#1 0x55cf2afede2c <unknown>\n#2 0x55cf2b03a661 <unknown>\n#3 0x55cf2b03a751 <unknown>\n#4 0x55cf2b07ef64 <unknown>\n#5 0x55cf2b05d5ed <unknown>\n#6 0x55cf2b07c303 <unknown>\n#7 0x55cf2b05d363 <unknown>\n#8 0x55cf2b02d247 <unknown>\n#9 0x55cf2b02db9e <unknown>\n#10 0x55cf2b2d124b <unknown>\n#11 0x55cf2b2d52f1 <unknown>\n#12 0x55cf2b2bcafe <unknown>\n#13 0x55cf2b2d5e52 <unknown>\n#14 0x55cf2b2a179f <unknown>\n#15 0x55cf2b2fa638 <unknown>\n#16 0x55cf2b2fa810 <unknown>\n#17 0x55cf2b309dac <unknown>\n#18 0x7fb4d76e1134 <unknown>","time":{"start":1721091688919,"stop":1721091689344,"duration":425}}]},"tags":["@pytest.mark.xfail","smoke_test"]},"source":"966bd16101da3e52.json","parameterValues":["15900","333","'TD 025'","13900","'products/shtukaturka-gipsovaya-aksolit-m50-30-kg-mashinnogo-naneseniya'","7000","'https://sandboxtest.stroyrem-nn.ru/'","10000"]}