{"uid":"fd54539ef0cb120e","name":"test_positive_delivery_green_zone_smoke[TD 013-products/shtukaturka-gipsovaya-aksolit-m50-30-kg-mashinnogo-naneseniya-366-11000-4800-12450-13480-https://sandboxtest.stroyrem-nn.ru/]","fullName":"tests.delivery.test_delivery_calculation.TestDeliveryPageCalculation#test_positive_delivery_green_zone_smoke","historyId":"138a96f7f81216afdff8252a6c5795ca","time":{"start":1722819768856,"stop":1722819769152,"duration":296},"status":"skipped","statusMessage":"XFAIL\n\nselenium.common.exceptions.NoSuchElementException: Message: no such element: Unable to locate element: {\"method\":\"xpath\",\"selector\":\"(//a[@class='add-to-cart yellow-btn'])[1]\"}\n  (Session info: chrome-headless-shell=127.0.6533.88); For documentation on this error, please visit: https://www.selenium.dev/documentation/webdriver/troubleshooting/errors#no-such-element-exception\nStacktrace:\n#0 0x563c7293e71a <unknown>\n#1 0x563c7260f640 <unknown>\n#2 0x563c7265ec0b <unknown>\n#3 0x563c7265eef1 <unknown>\n#4 0x563c726a2b64 <unknown>\n#5 0x563c7268190d <unknown>\n#6 0x563c726a008a <unknown>\n#7 0x563c72681683 <unknown>\n#8 0x563c72651d71 <unknown>\n#9 0x563c726527de <unknown>\n#10 0x563c729062ab <unknown>\n#11 0x563c7290a242 <unknown>\n#12 0x563c728f3665 <unknown>\n#13 0x563c7290add2 <unknown>\n#14 0x563c728d82af <unknown>\n#15 0x563c7292deb8 <unknown>\n#16 0x563c7292e090 <unknown>\n#17 0x563c7293d4ec <unknown>\n#18 0x7fab595ca134 <unknown>","statusTrace":"self = <tests.delivery.test_delivery_calculation.TestDeliveryPageCalculation object at 0x7f75dc641250>\ndriver = <selenium.webdriver.chrome.webdriver.WebDriver (session=\"a68ac2332bbeef5e2ab60ebe13aecd47\")>\nurl = 'https://sandboxtest.stroyrem-nn.ru/', case_id = 'TD 013'\nlink_item = 'products/shtukaturka-gipsovaya-aksolit-m50-30-kg-mashinnogo-naneseniya'\namount = 366, weight = 11000, standard = 4800, in_time = 12450, all_time = 13480\n\n    @pytest.mark.parametrize('case_id, link_item, amount, weight, standard, in_time, all_time', [\n        (\"TD 001\", uroven_3000, 1, 30, 0, 1590, 2190),\n        (\"TD 002\", bundeks_25, 1, 30, 400, 1590, 2190),\n        (\"TD 003\", aksolit_30, 8, 300, 400, 1590, 2190),\n        (\"TD 004\", aksolit_30, 13, 400, 450, 1590, 2190),\n        (\"TD 005\", aksolit_30, 16, 500, 600, 1590, 2190),\n        (\"TD 006\", aksolit_30, 25, 1700, 990, 1990, 2480),\n        (\"TD 007\", aksolit_30, 66, 2000, 1300, 2490, 2980),\n        (\"TD 008\", aksolit_30, 149, 4500, 2300, 3980, 4490),\n        (\"TD 009\", aksolit_30, 166, 5000, 2500, 4990, 5480),\n        pytest.param(\n            \"TD 010\", aksolit_30, 206, 6200, 2900, 5570, 6120,\n            marks=pytest.mark.xfail(reson=\"Цена доставки 3600 7960 8980\")\n        ),\n        (\"TD 011\", aksolit_30, 299, 9000, 3600, 7960, 8980),\n        (\"TD 012\", aksolit_30, 333, 10000, 4450, 11990, 12500),\n        pytest.param(\n            \"TD 013\", aksolit_30, 366, 11000, 4800, 12450, 13480,\n            marks=pytest.mark.xfail(reason=\"Цена стандартной доставки 4450\")\n        ),\n        pytest.param(\n            \"TD 014\", aksolit_30, 666, 20000, 5400, 15600, 17490,\n            marks=pytest.mark.xfail(reason=\"Цена стандартной доставки 4450\")\n        )\n    ])\n    @pytest.mark.xfail\n    @pytest.mark.smoke_test\n    def test_positive_delivery_green_zone_smoke(\n            self, driver, url, case_id, link_item, amount, weight, standard, in_time, all_time\n    ):\n    \n        driver.get(f'{url}{link_item}')\n        item_page = ItemPage(driver)\n>       item_page.add_item_to_cart(amount).click_on_cart()\n\ntests/delivery/test_delivery_calculation.py:50: \n_ _ _ _ _ _ _ _ _ _ _ _ _ _ _ _ _ _ _ _ _ _ _ _ _ _ _ _ _ _ _ _ _ _ _ _ _ _ _ _ \npages/item_page.py:40: in add_item_to_cart\n    self.find_element(self._add_item).click()\nbase/seleniumbase.py:17: in find_element\n    return self.driver.find_element(*locator)\n/usr/local/lib/python3.11/site-packages/selenium/webdriver/remote/webdriver.py:739: in find_element\n    return self.execute(Command.FIND_ELEMENT, {\"using\": by, \"value\": value})[\"value\"]\n/usr/local/lib/python3.11/site-packages/selenium/webdriver/remote/webdriver.py:345: in execute\n    self.error_handler.check_response(response)\n_ _ _ _ _ _ _ _ _ _ _ _ _ _ _ _ _ _ _ _ _ _ _ _ _ _ _ _ _ _ _ _ _ _ _ _ _ _ _ _ \n\nself = <selenium.webdriver.remote.errorhandler.ErrorHandler object at 0x7f75dc0838d0>\nresponse = {'status': 404, 'value': '{\"value\":{\"error\":\"no such element\",\"message\":\"no such element: Unable to locate element: {\\...\\\\n#16 0x563c7292e090 \\\\u003Cunknown>\\\\n#17 0x563c7293d4ec \\\\u003Cunknown>\\\\n#18 0x7fab595ca134 \\\\u003Cunknown>\\\\n\"}}'}\n\n    def check_response(self, response: Dict[str, Any]) -> None:\n        \"\"\"Checks that a JSON response from the WebDriver does not have an\n        error.\n    \n        :Args:\n         - response - The JSON response from the WebDriver server as a dictionary\n           object.\n    \n        :Raises: If the response contains an error message.\n        \"\"\"\n        status = response.get(\"status\", None)\n        if not status or status == ErrorCode.SUCCESS:\n            return\n        value = None\n        message = response.get(\"message\", \"\")\n        screen: str = response.get(\"screen\", \"\")\n        stacktrace = None\n        if isinstance(status, int):\n            value_json = response.get(\"value\", None)\n            if value_json and isinstance(value_json, str):\n                import json\n    \n                try:\n                    value = json.loads(value_json)\n                    if len(value) == 1:\n                        value = value[\"value\"]\n                    status = value.get(\"error\", None)\n                    if not status:\n                        status = value.get(\"status\", ErrorCode.UNKNOWN_ERROR)\n                        message = value.get(\"value\") or value.get(\"message\")\n                        if not isinstance(message, str):\n                            value = message\n                            message = message.get(\"message\")\n                    else:\n                        message = value.get(\"message\", None)\n                except ValueError:\n                    pass\n    \n        exception_class: Type[WebDriverException]\n        e = ErrorCode()\n        error_codes = [item for item in dir(e) if not item.startswith(\"__\")]\n        for error_code in error_codes:\n            error_info = getattr(ErrorCode, error_code)\n            if isinstance(error_info, list) and status in error_info:\n                exception_class = getattr(ExceptionMapping, error_code, WebDriverException)\n                break\n        else:\n            exception_class = WebDriverException\n    \n        if not value:\n            value = response[\"value\"]\n        if isinstance(value, str):\n            raise exception_class(value)\n        if message == \"\" and \"message\" in value:\n            message = value[\"message\"]\n    \n        screen = None  # type: ignore[assignment]\n        if \"screen\" in value:\n            screen = value[\"screen\"]\n    \n        stacktrace = None\n        st_value = value.get(\"stackTrace\") or value.get(\"stacktrace\")\n        if st_value:\n            if isinstance(st_value, str):\n                stacktrace = st_value.split(\"\\n\")\n            else:\n                stacktrace = []\n                try:\n                    for frame in st_value:\n                        line = frame.get(\"lineNumber\", \"\")\n                        file = frame.get(\"fileName\", \"<anonymous>\")\n                        if line:\n                            file = f\"{file}:{line}\"\n                        meth = frame.get(\"methodName\", \"<anonymous>\")\n                        if \"className\" in frame:\n                            meth = f\"{frame['className']}.{meth}\"\n                        msg = \"    at %s (%s)\"\n                        msg = msg % (meth, file)\n                        stacktrace.append(msg)\n                except TypeError:\n                    pass\n        if exception_class == UnexpectedAlertPresentException:\n            alert_text = None\n            if \"data\" in value:\n                alert_text = value[\"data\"].get(\"text\")\n            elif \"alert\" in value:\n                alert_text = value[\"alert\"].get(\"text\")\n            raise exception_class(message, screen, stacktrace, alert_text)  # type: ignore[call-arg]  # mypy is not smart enough here\n>       raise exception_class(message, screen, stacktrace)\nE       selenium.common.exceptions.NoSuchElementException: Message: no such element: Unable to locate element: {\"method\":\"xpath\",\"selector\":\"(//a[@class='add-to-cart yellow-btn'])[1]\"}\nE         (Session info: chrome-headless-shell=127.0.6533.88); For documentation on this error, please visit: https://www.selenium.dev/documentation/webdriver/troubleshooting/errors#no-such-element-exception\nE       Stacktrace:\nE       #0 0x563c7293e71a <unknown>\nE       #1 0x563c7260f640 <unknown>\nE       #2 0x563c7265ec0b <unknown>\nE       #3 0x563c7265eef1 <unknown>\nE       #4 0x563c726a2b64 <unknown>\nE       #5 0x563c7268190d <unknown>\nE       #6 0x563c726a008a <unknown>\nE       #7 0x563c72681683 <unknown>\nE       #8 0x563c72651d71 <unknown>\nE       #9 0x563c726527de <unknown>\nE       #10 0x563c729062ab <unknown>\nE       #11 0x563c7290a242 <unknown>\nE       #12 0x563c728f3665 <unknown>\nE       #13 0x563c7290add2 <unknown>\nE       #14 0x563c728d82af <unknown>\nE       #15 0x563c7292deb8 <unknown>\nE       #16 0x563c7292e090 <unknown>\nE       #17 0x563c7293d4ec <unknown>\nE       #18 0x7fab595ca134 <unknown>\n\n/usr/local/lib/python3.11/site-packages/selenium/webdriver/remote/errorhandler.py:229: NoSuchElementException","flaky":false,"newFailed":false,"newBroken":false,"newPassed":false,"retriesCount":0,"retriesStatusChange":false,"beforeStages":[{"name":"_session_faker","time":{"start":1722819505219,"stop":1722819505288,"duration":69},"status":"passed","steps":[],"attachments":[],"parameters":[],"shouldDisplayMessage":false,"stepsCount":0,"attachmentsCount":0,"hasContent":false,"attachmentStep":false},{"name":"clear_allure_results_folder","time":{"start":1722819505288,"stop":1722819505288,"duration":0},"status":"passed","steps":[],"attachments":[],"parameters":[],"shouldDisplayMessage":false,"stepsCount":0,"attachmentsCount":0,"hasContent":false,"attachmentStep":false},{"name":"driver","time":{"start":1722819768165,"stop":1722819768855,"duration":690},"status":"passed","steps":[],"attachments":[],"parameters":[],"shouldDisplayMessage":false,"stepsCount":0,"attachmentsCount":0,"hasContent":false,"attachmentStep":false},{"name":"setup","time":{"start":1722819768855,"stop":1722819768855,"duration":0},"status":"passed","steps":[],"attachments":[],"parameters":[],"shouldDisplayMessage":false,"stepsCount":0,"attachmentsCount":0,"hasContent":false,"attachmentStep":false}],"testStage":{"status":"skipped","statusMessage":"XFAIL\n\nselenium.common.exceptions.NoSuchElementException: Message: no such element: Unable to locate element: {\"method\":\"xpath\",\"selector\":\"(//a[@class='add-to-cart yellow-btn'])[1]\"}\n  (Session info: chrome-headless-shell=127.0.6533.88); For documentation on this error, please visit: https://www.selenium.dev/documentation/webdriver/troubleshooting/errors#no-such-element-exception\nStacktrace:\n#0 0x563c7293e71a <unknown>\n#1 0x563c7260f640 <unknown>\n#2 0x563c7265ec0b <unknown>\n#3 0x563c7265eef1 <unknown>\n#4 0x563c726a2b64 <unknown>\n#5 0x563c7268190d <unknown>\n#6 0x563c726a008a <unknown>\n#7 0x563c72681683 <unknown>\n#8 0x563c72651d71 <unknown>\n#9 0x563c726527de <unknown>\n#10 0x563c729062ab <unknown>\n#11 0x563c7290a242 <unknown>\n#12 0x563c728f3665 <unknown>\n#13 0x563c7290add2 <unknown>\n#14 0x563c728d82af <unknown>\n#15 0x563c7292deb8 <unknown>\n#16 0x563c7292e090 <unknown>\n#17 0x563c7293d4ec <unknown>\n#18 0x7fab595ca134 <unknown>","statusTrace":"self = <tests.delivery.test_delivery_calculation.TestDeliveryPageCalculation object at 0x7f75dc641250>\ndriver = <selenium.webdriver.chrome.webdriver.WebDriver (session=\"a68ac2332bbeef5e2ab60ebe13aecd47\")>\nurl = 'https://sandboxtest.stroyrem-nn.ru/', case_id = 'TD 013'\nlink_item = 'products/shtukaturka-gipsovaya-aksolit-m50-30-kg-mashinnogo-naneseniya'\namount = 366, weight = 11000, standard = 4800, in_time = 12450, all_time = 13480\n\n    @pytest.mark.parametrize('case_id, link_item, amount, weight, standard, in_time, all_time', [\n        (\"TD 001\", uroven_3000, 1, 30, 0, 1590, 2190),\n        (\"TD 002\", bundeks_25, 1, 30, 400, 1590, 2190),\n        (\"TD 003\", aksolit_30, 8, 300, 400, 1590, 2190),\n        (\"TD 004\", aksolit_30, 13, 400, 450, 1590, 2190),\n        (\"TD 005\", aksolit_30, 16, 500, 600, 1590, 2190),\n        (\"TD 006\", aksolit_30, 25, 1700, 990, 1990, 2480),\n        (\"TD 007\", aksolit_30, 66, 2000, 1300, 2490, 2980),\n        (\"TD 008\", aksolit_30, 149, 4500, 2300, 3980, 4490),\n        (\"TD 009\", aksolit_30, 166, 5000, 2500, 4990, 5480),\n        pytest.param(\n            \"TD 010\", aksolit_30, 206, 6200, 2900, 5570, 6120,\n            marks=pytest.mark.xfail(reson=\"Цена доставки 3600 7960 8980\")\n        ),\n        (\"TD 011\", aksolit_30, 299, 9000, 3600, 7960, 8980),\n        (\"TD 012\", aksolit_30, 333, 10000, 4450, 11990, 12500),\n        pytest.param(\n            \"TD 013\", aksolit_30, 366, 11000, 4800, 12450, 13480,\n            marks=pytest.mark.xfail(reason=\"Цена стандартной доставки 4450\")\n        ),\n        pytest.param(\n            \"TD 014\", aksolit_30, 666, 20000, 5400, 15600, 17490,\n            marks=pytest.mark.xfail(reason=\"Цена стандартной доставки 4450\")\n        )\n    ])\n    @pytest.mark.xfail\n    @pytest.mark.smoke_test\n    def test_positive_delivery_green_zone_smoke(\n            self, driver, url, case_id, link_item, amount, weight, standard, in_time, all_time\n    ):\n    \n        driver.get(f'{url}{link_item}')\n        item_page = ItemPage(driver)\n>       item_page.add_item_to_cart(amount).click_on_cart()\n\ntests/delivery/test_delivery_calculation.py:50: \n_ _ _ _ _ _ _ _ _ _ _ _ _ _ _ _ _ _ _ _ _ _ _ _ _ _ _ _ _ _ _ _ _ _ _ _ _ _ _ _ \npages/item_page.py:40: in add_item_to_cart\n    self.find_element(self._add_item).click()\nbase/seleniumbase.py:17: in find_element\n    return self.driver.find_element(*locator)\n/usr/local/lib/python3.11/site-packages/selenium/webdriver/remote/webdriver.py:739: in find_element\n    return self.execute(Command.FIND_ELEMENT, {\"using\": by, \"value\": value})[\"value\"]\n/usr/local/lib/python3.11/site-packages/selenium/webdriver/remote/webdriver.py:345: in execute\n    self.error_handler.check_response(response)\n_ _ _ _ _ _ _ _ _ _ _ _ _ _ _ _ _ _ _ _ _ _ _ _ _ _ _ _ _ _ _ _ _ _ _ _ _ _ _ _ \n\nself = <selenium.webdriver.remote.errorhandler.ErrorHandler object at 0x7f75dc0838d0>\nresponse = {'status': 404, 'value': '{\"value\":{\"error\":\"no such element\",\"message\":\"no such element: Unable to locate element: {\\...\\\\n#16 0x563c7292e090 \\\\u003Cunknown>\\\\n#17 0x563c7293d4ec \\\\u003Cunknown>\\\\n#18 0x7fab595ca134 \\\\u003Cunknown>\\\\n\"}}'}\n\n    def check_response(self, response: Dict[str, Any]) -> None:\n        \"\"\"Checks that a JSON response from the WebDriver does not have an\n        error.\n    \n        :Args:\n         - response - The JSON response from the WebDriver server as a dictionary\n           object.\n    \n        :Raises: If the response contains an error message.\n        \"\"\"\n        status = response.get(\"status\", None)\n        if not status or status == ErrorCode.SUCCESS:\n            return\n        value = None\n        message = response.get(\"message\", \"\")\n        screen: str = response.get(\"screen\", \"\")\n        stacktrace = None\n        if isinstance(status, int):\n            value_json = response.get(\"value\", None)\n            if value_json and isinstance(value_json, str):\n                import json\n    \n                try:\n                    value = json.loads(value_json)\n                    if len(value) == 1:\n                        value = value[\"value\"]\n                    status = value.get(\"error\", None)\n                    if not status:\n                        status = value.get(\"status\", ErrorCode.UNKNOWN_ERROR)\n                        message = value.get(\"value\") or value.get(\"message\")\n                        if not isinstance(message, str):\n                            value = message\n                            message = message.get(\"message\")\n                    else:\n                        message = value.get(\"message\", None)\n                except ValueError:\n                    pass\n    \n        exception_class: Type[WebDriverException]\n        e = ErrorCode()\n        error_codes = [item for item in dir(e) if not item.startswith(\"__\")]\n        for error_code in error_codes:\n            error_info = getattr(ErrorCode, error_code)\n            if isinstance(error_info, list) and status in error_info:\n                exception_class = getattr(ExceptionMapping, error_code, WebDriverException)\n                break\n        else:\n            exception_class = WebDriverException\n    \n        if not value:\n            value = response[\"value\"]\n        if isinstance(value, str):\n            raise exception_class(value)\n        if message == \"\" and \"message\" in value:\n            message = value[\"message\"]\n    \n        screen = None  # type: ignore[assignment]\n        if \"screen\" in value:\n            screen = value[\"screen\"]\n    \n        stacktrace = None\n        st_value = value.get(\"stackTrace\") or value.get(\"stacktrace\")\n        if st_value:\n            if isinstance(st_value, str):\n                stacktrace = st_value.split(\"\\n\")\n            else:\n                stacktrace = []\n                try:\n                    for frame in st_value:\n                        line = frame.get(\"lineNumber\", \"\")\n                        file = frame.get(\"fileName\", \"<anonymous>\")\n                        if line:\n                            file = f\"{file}:{line}\"\n                        meth = frame.get(\"methodName\", \"<anonymous>\")\n                        if \"className\" in frame:\n                            meth = f\"{frame['className']}.{meth}\"\n                        msg = \"    at %s (%s)\"\n                        msg = msg % (meth, file)\n                        stacktrace.append(msg)\n                except TypeError:\n                    pass\n        if exception_class == UnexpectedAlertPresentException:\n            alert_text = None\n            if \"data\" in value:\n                alert_text = value[\"data\"].get(\"text\")\n            elif \"alert\" in value:\n                alert_text = value[\"alert\"].get(\"text\")\n            raise exception_class(message, screen, stacktrace, alert_text)  # type: ignore[call-arg]  # mypy is not smart enough here\n>       raise exception_class(message, screen, stacktrace)\nE       selenium.common.exceptions.NoSuchElementException: Message: no such element: Unable to locate element: {\"method\":\"xpath\",\"selector\":\"(//a[@class='add-to-cart yellow-btn'])[1]\"}\nE         (Session info: chrome-headless-shell=127.0.6533.88); For documentation on this error, please visit: https://www.selenium.dev/documentation/webdriver/troubleshooting/errors#no-such-element-exception\nE       Stacktrace:\nE       #0 0x563c7293e71a <unknown>\nE       #1 0x563c7260f640 <unknown>\nE       #2 0x563c7265ec0b <unknown>\nE       #3 0x563c7265eef1 <unknown>\nE       #4 0x563c726a2b64 <unknown>\nE       #5 0x563c7268190d <unknown>\nE       #6 0x563c726a008a <unknown>\nE       #7 0x563c72681683 <unknown>\nE       #8 0x563c72651d71 <unknown>\nE       #9 0x563c726527de <unknown>\nE       #10 0x563c729062ab <unknown>\nE       #11 0x563c7290a242 <unknown>\nE       #12 0x563c728f3665 <unknown>\nE       #13 0x563c7290add2 <unknown>\nE       #14 0x563c728d82af <unknown>\nE       #15 0x563c7292deb8 <unknown>\nE       #16 0x563c7292e090 <unknown>\nE       #17 0x563c7293d4ec <unknown>\nE       #18 0x7fab595ca134 <unknown>\n\n/usr/local/lib/python3.11/site-packages/selenium/webdriver/remote/errorhandler.py:229: NoSuchElementException","steps":[{"name":"Добавляем товар в корзину в количестве 366","time":{"start":1722819769134,"stop":1722819769151,"duration":17},"status":"broken","statusMessage":"selenium.common.exceptions.NoSuchElementException: Message: no such element: Unable to locate element: {\"method\":\"xpath\",\"selector\":\"(//a[@class='add-to-cart yellow-btn'])[1]\"}\n  (Session info: chrome-headless-shell=127.0.6533.88); For documentation on this error, please visit: https://www.selenium.dev/documentation/webdriver/troubleshooting/errors#no-such-element-exception\nStacktrace:\n#0 0x563c7293e71a <unknown>\n#1 0x563c7260f640 <unknown>\n#2 0x563c7265ec0b <unknown>\n#3 0x563c7265eef1 <unknown>\n#4 0x563c726a2b64 <unknown>\n#5 0x563c7268190d <unknown>\n#6 0x563c726a008a <unknown>\n#7 0x563c72681683 <unknown>\n#8 0x563c72651d71 <unknown>\n#9 0x563c726527de <unknown>\n#10 0x563c729062ab <unknown>\n#11 0x563c7290a242 <unknown>\n#12 0x563c728f3665 <unknown>\n#13 0x563c7290add2 <unknown>\n#14 0x563c728d82af <unknown>\n#15 0x563c7292deb8 <unknown>\n#16 0x563c7292e090 <unknown>\n#17 0x563c7293d4ec <unknown>\n#18 0x7fab595ca134 <unknown>\n\n","statusTrace":"  File \"/usr/local/lib/python3.11/site-packages/allure_commons/_allure.py\", line 192, in impl\n    return func(*a, **kw)\n           ^^^^^^^^^^^^^^\n  File \"/app/pages/item_page.py\", line 40, in add_item_to_cart\n    self.find_element(self._add_item).click()\n    ^^^^^^^^^^^^^^^^^^^^^^^^^^^^^^^^^\n  File \"/app/base/seleniumbase.py\", line 17, in find_element\n    return self.driver.find_element(*locator)\n           ^^^^^^^^^^^^^^^^^^^^^^^^^^^^^^^^^^\n  File \"/usr/local/lib/python3.11/site-packages/selenium/webdriver/remote/webdriver.py\", line 739, in find_element\n    return self.execute(Command.FIND_ELEMENT, {\"using\": by, \"value\": value})[\"value\"]\n           ^^^^^^^^^^^^^^^^^^^^^^^^^^^^^^^^^^^^^^^^^^^^^^^^^^^^^^^^^^^^^^^^^\n  File \"/usr/local/lib/python3.11/site-packages/selenium/webdriver/remote/webdriver.py\", line 345, in execute\n    self.error_handler.check_response(response)\n  File \"/usr/local/lib/python3.11/site-packages/selenium/webdriver/remote/errorhandler.py\", line 229, in check_response\n    raise exception_class(message, screen, stacktrace)\n","steps":[],"attachments":[],"parameters":[{"name":"amount","value":"366"}],"shouldDisplayMessage":true,"stepsCount":0,"attachmentsCount":0,"hasContent":true,"attachmentStep":false}],"attachments":[{"uid":"43d5f3deff55e9a0","name":"Screenshot","source":"43d5f3deff55e9a0.png","type":"image/png","size":4720},{"uid":"681724dd26aee095","name":"HTML source","source":"681724dd26aee095.html","type":"text/html","size":39}],"parameters":[],"shouldDisplayMessage":true,"stepsCount":1,"attachmentsCount":2,"hasContent":true,"attachmentStep":false},"afterStages":[{"name":"setup::0","time":{"start":1722819769236,"stop":1722819769236,"duration":0},"status":"passed","steps":[],"attachments":[],"parameters":[],"shouldDisplayMessage":false,"stepsCount":0,"attachmentsCount":0,"hasContent":false,"attachmentStep":false},{"name":"driver::0","time":{"start":1722819769236,"stop":1722819769297,"duration":61},"status":"passed","steps":[],"attachments":[],"parameters":[],"shouldDisplayMessage":false,"stepsCount":0,"attachmentsCount":0,"hasContent":false,"attachmentStep":false}],"labels":[{"name":"epic","value":"Delivery Page - calculation"},{"name":"tag","value":"smoke_test"},{"name":"tag","value":"@pytest.mark.xfail"},{"name":"parentSuite","value":"tests.delivery"},{"name":"suite","value":"test_delivery_calculation"},{"name":"subSuite","value":"TestDeliveryPageCalculation"},{"name":"host","value":"e48e2bc1f246"},{"name":"thread","value":"1-MainThread"},{"name":"framework","value":"pytest"},{"name":"language","value":"cpython3"},{"name":"package","value":"tests.delivery.test_delivery_calculation"},{"name":"resultFormat","value":"allure2"}],"parameters":[{"name":"all_time","value":"13480"},{"name":"amount","value":"366"},{"name":"case_id","value":"'TD 013'"},{"name":"in_time","value":"12450"},{"name":"link_item","value":"'products/shtukaturka-gipsovaya-aksolit-m50-30-kg-mashinnogo-naneseniya'"},{"name":"standard","value":"4800"},{"name":"url","value":"'https://sandboxtest.stroyrem-nn.ru/'"},{"name":"weight","value":"11000"}],"links":[],"hidden":false,"retry":false,"extra":{"severity":"normal","retries":[],"categories":[],"history":{"statistic":{"failed":0,"broken":0,"skipped":68,"passed":0,"unknown":0,"total":68},"items":[{"uid":"12806a485368fa97","reportUrl":"https://Nat754.github.io/StroyremAutomation/389//#testresult/12806a485368fa97","status":"skipped","statusDetails":"XFAIL\n\nselenium.common.exceptions.NoSuchElementException: Message: no such element: Unable to locate element: {\"method\":\"xpath\",\"selector\":\"(//a[@class='add-to-cart yellow-btn'])[1]\"}\n  (Session info: chrome-headless-shell=127.0.6533.88); For documentation on this error, please visit: https://www.selenium.dev/documentation/webdriver/troubleshooting/errors#no-such-element-exception\nStacktrace:\n#0 0x56001e24371a <unknown>\n#1 0x56001df14640 <unknown>\n#2 0x56001df63c0b <unknown>\n#3 0x56001df63ef1 <unknown>\n#4 0x56001dfa7b64 <unknown>\n#5 0x56001df8690d <unknown>\n#6 0x56001dfa508a <unknown>\n#7 0x56001df86683 <unknown>\n#8 0x56001df56d71 <unknown>\n#9 0x56001df577de <unknown>\n#10 0x56001e20b2ab <unknown>\n#11 0x56001e20f242 <unknown>\n#12 0x56001e1f8665 <unknown>\n#13 0x56001e20fdd2 <unknown>\n#14 0x56001e1dd2af <unknown>\n#15 0x56001e232eb8 <unknown>\n#16 0x56001e233090 <unknown>\n#17 0x56001e2424ec <unknown>\n#18 0x7f0a0505d134 <unknown>","time":{"start":1722733546183,"stop":1722733546620,"duration":437}},{"uid":"78734328da3adfcf","reportUrl":"https://Nat754.github.io/StroyremAutomation/388//#testresult/78734328da3adfcf","status":"skipped","statusDetails":"XFAIL\n\nselenium.common.exceptions.NoSuchElementException: Message: no such element: Unable to locate element: {\"method\":\"xpath\",\"selector\":\"(//a[@class='add-to-cart yellow-btn'])[1]\"}\n  (Session info: chrome-headless-shell=127.0.6533.88); For documentation on this error, please visit: https://www.selenium.dev/documentation/webdriver/troubleshooting/errors#no-such-element-exception\nStacktrace:\n#0 0x55d7139d471a <unknown>\n#1 0x55d7136a5640 <unknown>\n#2 0x55d7136f4c0b <unknown>\n#3 0x55d7136f4ef1 <unknown>\n#4 0x55d713738b64 <unknown>\n#5 0x55d71371790d <unknown>\n#6 0x55d71373608a <unknown>\n#7 0x55d713717683 <unknown>\n#8 0x55d7136e7d71 <unknown>\n#9 0x55d7136e87de <unknown>\n#10 0x55d71399c2ab <unknown>\n#11 0x55d7139a0242 <unknown>\n#12 0x55d713989665 <unknown>\n#13 0x55d7139a0dd2 <unknown>\n#14 0x55d71396e2af <unknown>\n#15 0x55d7139c3eb8 <unknown>\n#16 0x55d7139c4090 <unknown>\n#17 0x55d7139d34ec <unknown>\n#18 0x7fd85fe6b134 <unknown>","time":{"start":1722646848864,"stop":1722646849291,"duration":427}},{"uid":"59bd37709c0eb13a","reportUrl":"https://Nat754.github.io/StroyremAutomation/387//#testresult/59bd37709c0eb13a","status":"skipped","statusDetails":"XFAIL\n\nselenium.common.exceptions.NoSuchElementException: Message: no such element: Unable to locate element: {\"method\":\"xpath\",\"selector\":\"(//a[@class='add-to-cart yellow-btn'])[1]\"}\n  (Session info: chrome-headless-shell=127.0.6533.88); For documentation on this error, please visit: https://www.selenium.dev/documentation/webdriver/troubleshooting/errors#no-such-element-exception\nStacktrace:\n#0 0x56239acb671a <unknown>\n#1 0x56239a987640 <unknown>\n#2 0x56239a9d6c0b <unknown>\n#3 0x56239a9d6ef1 <unknown>\n#4 0x56239aa1ab64 <unknown>\n#5 0x56239a9f990d <unknown>\n#6 0x56239aa1808a <unknown>\n#7 0x56239a9f9683 <unknown>\n#8 0x56239a9c9d71 <unknown>\n#9 0x56239a9ca7de <unknown>\n#10 0x56239ac7e2ab <unknown>\n#11 0x56239ac82242 <unknown>\n#12 0x56239ac6b665 <unknown>\n#13 0x56239ac82dd2 <unknown>\n#14 0x56239ac502af <unknown>\n#15 0x56239aca5eb8 <unknown>\n#16 0x56239aca6090 <unknown>\n#17 0x56239acb54ec <unknown>\n#18 0x7f29d4528134 <unknown>","time":{"start":1722560432561,"stop":1722560432970,"duration":409}},{"uid":"416fc62aa4976d1","reportUrl":"https://Nat754.github.io/StroyremAutomation/386//#testresult/416fc62aa4976d1","status":"skipped","statusDetails":"XFAIL\n\nselenium.common.exceptions.NoSuchElementException: Message: no such element: Unable to locate element: {\"method\":\"xpath\",\"selector\":\"(//a[@class='add-to-cart yellow-btn'])[1]\"}\n  (Session info: chrome-headless-shell=127.0.6533.88); For documentation on this error, please visit: https://www.selenium.dev/documentation/webdriver/troubleshooting/errors#no-such-element-exception\nStacktrace:\n#0 0x5638ba28971a <unknown>\n#1 0x5638b9f5a640 <unknown>\n#2 0x5638b9fa9c0b <unknown>\n#3 0x5638b9fa9ef1 <unknown>\n#4 0x5638b9fedb64 <unknown>\n#5 0x5638b9fcc90d <unknown>\n#6 0x5638b9feb08a <unknown>\n#7 0x5638b9fcc683 <unknown>\n#8 0x5638b9f9cd71 <unknown>\n#9 0x5638b9f9d7de <unknown>\n#10 0x5638ba2512ab <unknown>\n#11 0x5638ba255242 <unknown>\n#12 0x5638ba23e665 <unknown>\n#13 0x5638ba255dd2 <unknown>\n#14 0x5638ba2232af <unknown>\n#15 0x5638ba278eb8 <unknown>\n#16 0x5638ba279090 <unknown>\n#17 0x5638ba2884ec <unknown>\n#18 0x7f53b9da9134 <unknown>","time":{"start":1722474337994,"stop":1722474338457,"duration":463}},{"uid":"6d36b3bf6d523652","reportUrl":"https://Nat754.github.io/StroyremAutomation/385//#testresult/6d36b3bf6d523652","status":"skipped","statusDetails":"XFAIL\n\nselenium.common.exceptions.NoSuchElementException: Message: no such element: Unable to locate element: {\"method\":\"xpath\",\"selector\":\"(//a[@class='add-to-cart yellow-btn'])[1]\"}\n  (Session info: chrome-headless-shell=127.0.6533.88); For documentation on this error, please visit: https://www.selenium.dev/documentation/webdriver/troubleshooting/errors#no-such-element-exception\nStacktrace:\n#0 0x5640b5c6871a <unknown>\n#1 0x5640b5939640 <unknown>\n#2 0x5640b5988c0b <unknown>\n#3 0x5640b5988ef1 <unknown>\n#4 0x5640b59ccb64 <unknown>\n#5 0x5640b59ab90d <unknown>\n#6 0x5640b59ca08a <unknown>\n#7 0x5640b59ab683 <unknown>\n#8 0x5640b597bd71 <unknown>\n#9 0x5640b597c7de <unknown>\n#10 0x5640b5c302ab <unknown>\n#11 0x5640b5c34242 <unknown>\n#12 0x5640b5c1d665 <unknown>\n#13 0x5640b5c34dd2 <unknown>\n#14 0x5640b5c022af <unknown>\n#15 0x5640b5c57eb8 <unknown>\n#16 0x5640b5c58090 <unknown>\n#17 0x5640b5c674ec <unknown>\n#18 0x7fa7c9e7c134 <unknown>","time":{"start":1722387032219,"stop":1722387032695,"duration":476}},{"uid":"76e049518bdb077e","reportUrl":"https://Nat754.github.io/StroyremAutomation/384//#testresult/76e049518bdb077e","status":"skipped","statusDetails":"XFAIL\n\nselenium.common.exceptions.NoSuchElementException: Message: no such element: Unable to locate element: {\"method\":\"xpath\",\"selector\":\"(//a[@class='add-to-cart yellow-btn'])[1]\"}\n  (Session info: chrome-headless-shell=127.0.6533.72); For documentation on this error, please visit: https://www.selenium.dev/documentation/webdriver/troubleshooting/errors#no-such-element-exception\nStacktrace:\n#0 0x555651d886ba <unknown>\n#1 0x555651a58730 <unknown>\n#2 0x555651aa7d9b <unknown>\n#3 0x555651aa8081 <unknown>\n#4 0x555651aebcd4 <unknown>\n#5 0x555651acaa7d <unknown>\n#6 0x555651ae91ca <unknown>\n#7 0x555651aca7f3 <unknown>\n#8 0x555651a9aec9 <unknown>\n#9 0x555651a9b91e <unknown>\n#10 0x555651d4e9eb <unknown>\n#11 0x555651d52972 <unknown>\n#12 0x555651d3be15 <unknown>\n#13 0x555651d53502 <unknown>\n#14 0x555651d20d2f <unknown>\n#15 0x555651d77578 <unknown>\n#16 0x555651d77750 <unknown>\n#17 0x555651d8748c <unknown>\n#18 0x7f333b68f134 <unknown>","time":{"start":1722301217432,"stop":1722301217727,"duration":295}},{"uid":"6df7f798041f3260","reportUrl":"https://Nat754.github.io/StroyremAutomation/383//#testresult/6df7f798041f3260","status":"skipped","statusDetails":"XFAIL\n\nselenium.common.exceptions.NoSuchElementException: Message: no such element: Unable to locate element: {\"method\":\"xpath\",\"selector\":\"(//a[@class='add-to-cart yellow-btn'])[1]\"}\n  (Session info: chrome-headless-shell=127.0.6533.72); For documentation on this error, please visit: https://www.selenium.dev/documentation/webdriver/troubleshooting/errors#no-such-element-exception\nStacktrace:\n#0 0x5579e7aaa6ba <unknown>\n#1 0x5579e777a730 <unknown>\n#2 0x5579e77c9d9b <unknown>\n#3 0x5579e77ca081 <unknown>\n#4 0x5579e780dcd4 <unknown>\n#5 0x5579e77eca7d <unknown>\n#6 0x5579e780b1ca <unknown>\n#7 0x5579e77ec7f3 <unknown>\n#8 0x5579e77bcec9 <unknown>\n#9 0x5579e77bd91e <unknown>\n#10 0x5579e7a709eb <unknown>\n#11 0x5579e7a74972 <unknown>\n#12 0x5579e7a5de15 <unknown>\n#13 0x5579e7a75502 <unknown>\n#14 0x5579e7a42d2f <unknown>\n#15 0x5579e7a99578 <unknown>\n#16 0x5579e7a99750 <unknown>\n#17 0x5579e7aa948c <unknown>\n#18 0x7f08cded7134 <unknown>","time":{"start":1722214910806,"stop":1722214911108,"duration":302}},{"uid":"e6b3d598050bbdb2","reportUrl":"https://Nat754.github.io/StroyremAutomation/382//#testresult/e6b3d598050bbdb2","status":"skipped","statusDetails":"XFAIL\n\nselenium.common.exceptions.NoSuchElementException: Message: no such element: Unable to locate element: {\"method\":\"xpath\",\"selector\":\"(//a[@class='add-to-cart yellow-btn'])[1]\"}\n  (Session info: chrome-headless-shell=127.0.6533.72); For documentation on this error, please visit: https://www.selenium.dev/documentation/webdriver/troubleshooting/errors#no-such-element-exception\nStacktrace:\n#0 0x5644cd0ca6ba <unknown>\n#1 0x5644ccd9a730 <unknown>\n#2 0x5644ccde9d9b <unknown>\n#3 0x5644ccdea081 <unknown>\n#4 0x5644cce2dcd4 <unknown>\n#5 0x5644cce0ca7d <unknown>\n#6 0x5644cce2b1ca <unknown>\n#7 0x5644cce0c7f3 <unknown>\n#8 0x5644ccddcec9 <unknown>\n#9 0x5644ccddd91e <unknown>\n#10 0x5644cd0909eb <unknown>\n#11 0x5644cd094972 <unknown>\n#12 0x5644cd07de15 <unknown>\n#13 0x5644cd095502 <unknown>\n#14 0x5644cd062d2f <unknown>\n#15 0x5644cd0b9578 <unknown>\n#16 0x5644cd0b9750 <unknown>\n#17 0x5644cd0c948c <unknown>\n#18 0x7f56eb35b134 <unknown>","time":{"start":1722128705649,"stop":1722128706117,"duration":468}},{"uid":"cf78a3e3bbbe4581","reportUrl":"https://Nat754.github.io/StroyremAutomation/381//#testresult/cf78a3e3bbbe4581","status":"skipped","statusDetails":"XFAIL\n\nselenium.common.exceptions.NoSuchElementException: Message: no such element: Unable to locate element: {\"method\":\"xpath\",\"selector\":\"(//a[@class='add-to-cart yellow-btn'])[1]\"}\n  (Session info: chrome-headless-shell=127.0.6533.72); For documentation on this error, please visit: https://www.selenium.dev/documentation/webdriver/troubleshooting/errors#no-such-element-exception\nStacktrace:\n#0 0x55a0deb1d6ba <unknown>\n#1 0x55a0de7ed730 <unknown>\n#2 0x55a0de83cd9b <unknown>\n#3 0x55a0de83d081 <unknown>\n#4 0x55a0de880cd4 <unknown>\n#5 0x55a0de85fa7d <unknown>\n#6 0x55a0de87e1ca <unknown>\n#7 0x55a0de85f7f3 <unknown>\n#8 0x55a0de82fec9 <unknown>\n#9 0x55a0de83091e <unknown>\n#10 0x55a0deae39eb <unknown>\n#11 0x55a0deae7972 <unknown>\n#12 0x55a0dead0e15 <unknown>\n#13 0x55a0deae8502 <unknown>\n#14 0x55a0deab5d2f <unknown>\n#15 0x55a0deb0c578 <unknown>\n#16 0x55a0deb0c750 <unknown>\n#17 0x55a0deb1c48c <unknown>\n#18 0x7f4d893e6134 <unknown>","time":{"start":1722041973460,"stop":1722041973771,"duration":311}},{"uid":"28d4d962cab39c16","reportUrl":"https://Nat754.github.io/StroyremAutomation/380//#testresult/28d4d962cab39c16","status":"skipped","statusDetails":"XFAIL\n\nselenium.common.exceptions.NoSuchElementException: Message: no such element: Unable to locate element: {\"method\":\"xpath\",\"selector\":\"(//a[@class='add-to-cart yellow-btn'])[1]\"}\n  (Session info: chrome-headless-shell=127.0.6533.72); For documentation on this error, please visit: https://www.selenium.dev/documentation/webdriver/troubleshooting/errors#no-such-element-exception\nStacktrace:\n#0 0x564f21fbc6ba <unknown>\n#1 0x564f21c8c730 <unknown>\n#2 0x564f21cdbd9b <unknown>\n#3 0x564f21cdc081 <unknown>\n#4 0x564f21d1fcd4 <unknown>\n#5 0x564f21cfea7d <unknown>\n#6 0x564f21d1d1ca <unknown>\n#7 0x564f21cfe7f3 <unknown>\n#8 0x564f21cceec9 <unknown>\n#9 0x564f21ccf91e <unknown>\n#10 0x564f21f829eb <unknown>\n#11 0x564f21f86972 <unknown>\n#12 0x564f21f6fe15 <unknown>\n#13 0x564f21f87502 <unknown>\n#14 0x564f21f54d2f <unknown>\n#15 0x564f21fab578 <unknown>\n#16 0x564f21fab750 <unknown>\n#17 0x564f21fbb48c <unknown>\n#18 0x7f1c96a92134 <unknown>","time":{"start":1721955581490,"stop":1721955581805,"duration":315}},{"uid":"c306d68987f2bb36","reportUrl":"https://Nat754.github.io/StroyremAutomation/379//#testresult/c306d68987f2bb36","status":"skipped","statusDetails":"XFAIL\n\nselenium.common.exceptions.NoSuchElementException: Message: no such element: Unable to locate element: {\"method\":\"xpath\",\"selector\":\"(//a[@class='add-to-cart yellow-btn'])[1]\"}\n  (Session info: chrome-headless-shell=127.0.6533.72); For documentation on this error, please visit: https://www.selenium.dev/documentation/webdriver/troubleshooting/errors#no-such-element-exception\nStacktrace:\n#0 0x55b2c7ebd6ba <unknown>\n#1 0x55b2c7b8d730 <unknown>\n#2 0x55b2c7bdcd9b <unknown>\n#3 0x55b2c7bdd081 <unknown>\n#4 0x55b2c7c20cd4 <unknown>\n#5 0x55b2c7bffa7d <unknown>\n#6 0x55b2c7c1e1ca <unknown>\n#7 0x55b2c7bff7f3 <unknown>\n#8 0x55b2c7bcfec9 <unknown>\n#9 0x55b2c7bd091e <unknown>\n#10 0x55b2c7e839eb <unknown>\n#11 0x55b2c7e87972 <unknown>\n#12 0x55b2c7e70e15 <unknown>\n#13 0x55b2c7e88502 <unknown>\n#14 0x55b2c7e55d2f <unknown>\n#15 0x55b2c7eac578 <unknown>\n#16 0x55b2c7eac750 <unknown>\n#17 0x55b2c7ebc48c <unknown>\n#18 0x7ff3df8fb134 <unknown>","time":{"start":1721869258360,"stop":1721869258785,"duration":425}},{"uid":"6aa4935cdc7f890d","reportUrl":"https://Nat754.github.io/StroyremAutomation/378//#testresult/6aa4935cdc7f890d","status":"skipped","statusDetails":"XFAIL\n\nselenium.common.exceptions.NoSuchElementException: Message: no such element: Unable to locate element: {\"method\":\"xpath\",\"selector\":\"(//a[@class='add-to-cart yellow-btn'])[1]\"}\n  (Session info: chrome-headless-shell=127.0.6533.72); For documentation on this error, please visit: https://www.selenium.dev/documentation/webdriver/troubleshooting/errors#no-such-element-exception\nStacktrace:\n#0 0x5591a57da6ba <unknown>\n#1 0x5591a54aa730 <unknown>\n#2 0x5591a54f9d9b <unknown>\n#3 0x5591a54fa081 <unknown>\n#4 0x5591a553dcd4 <unknown>\n#5 0x5591a551ca7d <unknown>\n#6 0x5591a553b1ca <unknown>\n#7 0x5591a551c7f3 <unknown>\n#8 0x5591a54ecec9 <unknown>\n#9 0x5591a54ed91e <unknown>\n#10 0x5591a57a09eb <unknown>\n#11 0x5591a57a4972 <unknown>\n#12 0x5591a578de15 <unknown>\n#13 0x5591a57a5502 <unknown>\n#14 0x5591a5772d2f <unknown>\n#15 0x5591a57c9578 <unknown>\n#16 0x5591a57c9750 <unknown>\n#17 0x5591a57d948c <unknown>\n#18 0x7fe1d2d4e134 <unknown>","time":{"start":1721782911737,"stop":1721782912147,"duration":410}},{"uid":"db807156b179592d","reportUrl":"https://Nat754.github.io/StroyremAutomation/377//#testresult/db807156b179592d","status":"skipped","statusDetails":"XFAIL\n\nselenium.common.exceptions.NoSuchElementException: Message: no such element: Unable to locate element: {\"method\":\"xpath\",\"selector\":\"(//a[@class='add-to-cart yellow-btn'])[1]\"}\n  (Session info: chrome-headless-shell=126.0.6478.182); For documentation on this error, please visit: https://www.selenium.dev/documentation/webdriver/troubleshooting/errors#no-such-element-exception\nStacktrace:\n#0 0x5555e992dc5a <unknown>\n#1 0x5555e9610e2c <unknown>\n#2 0x5555e965d661 <unknown>\n#3 0x5555e965d751 <unknown>\n#4 0x5555e96a1f64 <unknown>\n#5 0x5555e96805ed <unknown>\n#6 0x5555e969f303 <unknown>\n#7 0x5555e9680363 <unknown>\n#8 0x5555e9650247 <unknown>\n#9 0x5555e9650b9e <unknown>\n#10 0x5555e98f422b <unknown>\n#11 0x5555e98f82d1 <unknown>\n#12 0x5555e98dfade <unknown>\n#13 0x5555e98f8e32 <unknown>\n#14 0x5555e98c477f <unknown>\n#15 0x5555e991d618 <unknown>\n#16 0x5555e991d7f0 <unknown>\n#17 0x5555e992cd8c <unknown>\n#18 0x7fc191a0a134 <unknown>","time":{"start":1721696475102,"stop":1721696475502,"duration":400}},{"uid":"2321e96bddabd55d","reportUrl":"https://Nat754.github.io/StroyremAutomation/376//#testresult/2321e96bddabd55d","status":"skipped","statusDetails":"XFAIL\n\nselenium.common.exceptions.NoSuchElementException: Message: no such element: Unable to locate element: {\"method\":\"xpath\",\"selector\":\"(//a[@class='add-to-cart yellow-btn'])[1]\"}\n  (Session info: chrome-headless-shell=126.0.6478.182); For documentation on this error, please visit: https://www.selenium.dev/documentation/webdriver/troubleshooting/errors#no-such-element-exception\nStacktrace:\n#0 0x557e82764c5a <unknown>\n#1 0x557e82447e2c <unknown>\n#2 0x557e82494661 <unknown>\n#3 0x557e82494751 <unknown>\n#4 0x557e824d8f64 <unknown>\n#5 0x557e824b75ed <unknown>\n#6 0x557e824d6303 <unknown>\n#7 0x557e824b7363 <unknown>\n#8 0x557e82487247 <unknown>\n#9 0x557e82487b9e <unknown>\n#10 0x557e8272b22b <unknown>\n#11 0x557e8272f2d1 <unknown>\n#12 0x557e82716ade <unknown>\n#13 0x557e8272fe32 <unknown>\n#14 0x557e826fb77f <unknown>\n#15 0x557e82754618 <unknown>\n#16 0x557e827547f0 <unknown>\n#17 0x557e82763d8c <unknown>\n#18 0x7fb2a040b134 <unknown>","time":{"start":1721610165453,"stop":1721610166223,"duration":770}},{"uid":"23ced968f8949996","reportUrl":"https://Nat754.github.io/StroyremAutomation/375//#testresult/23ced968f8949996","status":"skipped","statusDetails":"XFAIL\n\nselenium.common.exceptions.NoSuchElementException: Message: no such element: Unable to locate element: {\"method\":\"xpath\",\"selector\":\"(//a[@class='add-to-cart yellow-btn'])[1]\"}\n  (Session info: chrome-headless-shell=126.0.6478.182); For documentation on this error, please visit: https://www.selenium.dev/documentation/webdriver/troubleshooting/errors#no-such-element-exception\nStacktrace:\n#0 0x56526ccf8c5a <unknown>\n#1 0x56526c9dbe2c <unknown>\n#2 0x56526ca28661 <unknown>\n#3 0x56526ca28751 <unknown>\n#4 0x56526ca6cf64 <unknown>\n#5 0x56526ca4b5ed <unknown>\n#6 0x56526ca6a303 <unknown>\n#7 0x56526ca4b363 <unknown>\n#8 0x56526ca1b247 <unknown>\n#9 0x56526ca1bb9e <unknown>\n#10 0x56526ccbf22b <unknown>\n#11 0x56526ccc32d1 <unknown>\n#12 0x56526ccaaade <unknown>\n#13 0x56526ccc3e32 <unknown>\n#14 0x56526cc8f77f <unknown>\n#15 0x56526cce8618 <unknown>\n#16 0x56526cce87f0 <unknown>\n#17 0x56526ccf7d8c <unknown>\n#18 0x7f8fd7fe5134 <unknown>","time":{"start":1721523873799,"stop":1721523874194,"duration":395}},{"uid":"bc95c039158cda78","reportUrl":"https://Nat754.github.io/StroyremAutomation/374//#testresult/bc95c039158cda78","status":"skipped","statusDetails":"XFAIL\n\nselenium.common.exceptions.NoSuchElementException: Message: no such element: Unable to locate element: {\"method\":\"xpath\",\"selector\":\"(//a[@class='add-to-cart yellow-btn'])[1]\"}\n  (Session info: chrome-headless-shell=126.0.6478.182); For documentation on this error, please visit: https://www.selenium.dev/documentation/webdriver/troubleshooting/errors#no-such-element-exception\nStacktrace:\n#0 0x563fa9481c5a <unknown>\n#1 0x563fa9164e2c <unknown>\n#2 0x563fa91b1661 <unknown>\n#3 0x563fa91b1751 <unknown>\n#4 0x563fa91f5f64 <unknown>\n#5 0x563fa91d45ed <unknown>\n#6 0x563fa91f3303 <unknown>\n#7 0x563fa91d4363 <unknown>\n#8 0x563fa91a4247 <unknown>\n#9 0x563fa91a4b9e <unknown>\n#10 0x563fa944822b <unknown>\n#11 0x563fa944c2d1 <unknown>\n#12 0x563fa9433ade <unknown>\n#13 0x563fa944ce32 <unknown>\n#14 0x563fa941877f <unknown>\n#15 0x563fa9471618 <unknown>\n#16 0x563fa94717f0 <unknown>\n#17 0x563fa9480d8c <unknown>\n#18 0x7f0a182cf134 <unknown>","time":{"start":1721437191145,"stop":1721437191539,"duration":394}},{"uid":"f2571c5c692fc49b","reportUrl":"https://Nat754.github.io/StroyremAutomation/373//#testresult/f2571c5c692fc49b","status":"skipped","statusDetails":"XFAIL\n\nselenium.common.exceptions.NoSuchElementException: Message: no such element: Unable to locate element: {\"method\":\"xpath\",\"selector\":\"(//a[@class='add-to-cart yellow-btn'])[1]\"}\n  (Session info: chrome-headless-shell=126.0.6478.182); For documentation on this error, please visit: https://www.selenium.dev/documentation/webdriver/troubleshooting/errors#no-such-element-exception\nStacktrace:\n#0 0x55881096dc5a <unknown>\n#1 0x558810650e2c <unknown>\n#2 0x55881069d661 <unknown>\n#3 0x55881069d751 <unknown>\n#4 0x5588106e1f64 <unknown>\n#5 0x5588106c05ed <unknown>\n#6 0x5588106df303 <unknown>\n#7 0x5588106c0363 <unknown>\n#8 0x558810690247 <unknown>\n#9 0x558810690b9e <unknown>\n#10 0x55881093422b <unknown>\n#11 0x5588109382d1 <unknown>\n#12 0x55881091fade <unknown>\n#13 0x558810938e32 <unknown>\n#14 0x55881090477f <unknown>\n#15 0x55881095d618 <unknown>\n#16 0x55881095d7f0 <unknown>\n#17 0x55881096cd8c <unknown>\n#18 0x7f5916ede134 <unknown>","time":{"start":1721350837842,"stop":1721350838450,"duration":608}},{"uid":"d41bb635ea4636b2","reportUrl":"https://Nat754.github.io/StroyremAutomation/372//#testresult/d41bb635ea4636b2","status":"skipped","statusDetails":"XFAIL\n\nselenium.common.exceptions.NoSuchElementException: Message: no such element: Unable to locate element: {\"method\":\"xpath\",\"selector\":\"(//a[@class='add-to-cart yellow-btn'])[1]\"}\n  (Session info: chrome-headless-shell=126.0.6478.182); For documentation on this error, please visit: https://www.selenium.dev/documentation/webdriver/troubleshooting/errors#no-such-element-exception\nStacktrace:\n#0 0x559484616c5a <unknown>\n#1 0x5594842f9e2c <unknown>\n#2 0x559484346661 <unknown>\n#3 0x559484346751 <unknown>\n#4 0x55948438af64 <unknown>\n#5 0x5594843695ed <unknown>\n#6 0x559484388303 <unknown>\n#7 0x559484369363 <unknown>\n#8 0x559484339247 <unknown>\n#9 0x559484339b9e <unknown>\n#10 0x5594845dd22b <unknown>\n#11 0x5594845e12d1 <unknown>\n#12 0x5594845c8ade <unknown>\n#13 0x5594845e1e32 <unknown>\n#14 0x5594845ad77f <unknown>\n#15 0x559484606618 <unknown>\n#16 0x5594846067f0 <unknown>\n#17 0x559484615d8c <unknown>\n#18 0x7f3c8911d134 <unknown>","time":{"start":1721264412355,"stop":1721264412747,"duration":392}},{"uid":"31c9f9dac332b01f","reportUrl":"https://Nat754.github.io/StroyremAutomation/371//#testresult/31c9f9dac332b01f","status":"skipped","statusDetails":"XFAIL\n\nselenium.common.exceptions.NoSuchElementException: Message: no such element: Unable to locate element: {\"method\":\"xpath\",\"selector\":\"(//a[@class='add-to-cart yellow-btn'])[1]\"}\n  (Session info: chrome-headless-shell=126.0.6478.182); For documentation on this error, please visit: https://www.selenium.dev/documentation/webdriver/troubleshooting/errors#no-such-element-exception\nStacktrace:\n#0 0x558071e28c5a <unknown>\n#1 0x558071b0be2c <unknown>\n#2 0x558071b58661 <unknown>\n#3 0x558071b58751 <unknown>\n#4 0x558071b9cf64 <unknown>\n#5 0x558071b7b5ed <unknown>\n#6 0x558071b9a303 <unknown>\n#7 0x558071b7b363 <unknown>\n#8 0x558071b4b247 <unknown>\n#9 0x558071b4bb9e <unknown>\n#10 0x558071def22b <unknown>\n#11 0x558071df32d1 <unknown>\n#12 0x558071ddaade <unknown>\n#13 0x558071df3e32 <unknown>\n#14 0x558071dbf77f <unknown>\n#15 0x558071e18618 <unknown>\n#16 0x558071e187f0 <unknown>\n#17 0x558071e27d8c <unknown>\n#18 0x7fbff46fe134 <unknown>","time":{"start":1721178032334,"stop":1721178032749,"duration":415}},{"uid":"7707eba7593c3282","reportUrl":"https://Nat754.github.io/StroyremAutomation/370//#testresult/7707eba7593c3282","status":"skipped","statusDetails":"XFAIL\n\nselenium.common.exceptions.NoSuchElementException: Message: no such element: Unable to locate element: {\"method\":\"xpath\",\"selector\":\"(//a[@class='add-to-cart yellow-btn'])[1]\"}\n  (Session info: chrome-headless-shell=126.0.6478.126); For documentation on this error, please visit: https://www.selenium.dev/documentation/webdriver/troubleshooting/errors#no-such-element-exception\nStacktrace:\n#0 0x55d84b0e4c7a <unknown>\n#1 0x55d84adc7e2c <unknown>\n#2 0x55d84ae14661 <unknown>\n#3 0x55d84ae14751 <unknown>\n#4 0x55d84ae58f64 <unknown>\n#5 0x55d84ae375ed <unknown>\n#6 0x55d84ae56303 <unknown>\n#7 0x55d84ae37363 <unknown>\n#8 0x55d84ae07247 <unknown>\n#9 0x55d84ae07b9e <unknown>\n#10 0x55d84b0ab24b <unknown>\n#11 0x55d84b0af2f1 <unknown>\n#12 0x55d84b096afe <unknown>\n#13 0x55d84b0afe52 <unknown>\n#14 0x55d84b07b79f <unknown>\n#15 0x55d84b0d4638 <unknown>\n#16 0x55d84b0d4810 <unknown>\n#17 0x55d84b0e3dac <unknown>\n#18 0x7ffb47c96134 <unknown>","time":{"start":1721091672936,"stop":1721091673549,"duration":613}}]},"tags":["@pytest.mark.xfail","smoke_test"]},"source":"fd54539ef0cb120e.json","parameterValues":["13480","366","'TD 013'","12450","'products/shtukaturka-gipsovaya-aksolit-m50-30-kg-mashinnogo-naneseniya'","4800","'https://sandboxtest.stroyrem-nn.ru/'","11000"]}