{"uid":"4b87ac1f0ee75ac4","name":"TD 020 Доставка товара весом до 2000кг. в синей зоне","fullName":"tests.delivery.test_delivery_calculation.TestDeliveryPageCalculation#test_positive_delivery_blue_zone_smoke","historyId":"c4ec1833f25483cec79cdb0ff77ddb11","time":{"start":1712278404072,"stop":1712278404611,"duration":539},"status":"skipped","statusMessage":"XFAIL\n\nselenium.common.exceptions.NoSuchElementException: Message: no such element: Unable to locate element: {\"method\":\"xpath\",\"selector\":\"(//a[@class='add-to-cart yellow-btn'])[1]\"}\n  (Session info: chrome-headless-shell=123.0.6312.105); For documentation on this error, please visit: https://www.selenium.dev/documentation/webdriver/troubleshooting/errors#no-such-element-exception\nStacktrace:\n#0 0x55f6519c1873 <unknown>\n#1 0x55f6516b78c6 <unknown>\n#2 0x55f651702618 <unknown>\n#3 0x55f6517026d1 <unknown>\n#4 0x55f651745744 <unknown>\n#5 0x55f6517245cd <unknown>\n#6 0x55f651742c19 <unknown>\n#7 0x55f651724343 <unknown>\n#8 0x55f6516f5593 <unknown>\n#9 0x55f6516f5f5e <unknown>\n#10 0x55f65198585b <unknown>\n#11 0x55f6519897b5 <unknown>\n#12 0x55f651973581 <unknown>\n#13 0x55f65198a342 <unknown>\n#14 0x55f65195888f <unknown>\n#15 0x55f6519b0738 <unknown>\n#16 0x55f6519b090b <unknown>\n#17 0x55f6519c09c4 <unknown>\n#18 0x7f0d02802134 <unknown>","statusTrace":"self = <tests.delivery.test_delivery_calculation.TestDeliveryPageCalculation object at 0x7f76177d1cd0>\ndriver = <selenium.webdriver.chrome.webdriver.WebDriver (session=\"f396a563e9b3e417368f8fc8349df1fa\")>\nurl = 'https://sandboxtest.stroyrem-nn.ru/', case_id = 'TD 020'\nlink_item = 'products/shtukaturka-gipsovaya-aksolit-m50-30-kg-mashinnogo-naneseniya'\namount = 66, weight = 2000, standard = 1500, in_time = 2990, all_time = 3650\n\n    @pytest.mark.parametrize('case_id, link_item, amount, weight, standard, in_time, all_time', [\n        (\"TD 015\", bundeks_25, 1, 30, 650, 2390, 3320),\n        pytest.param(\n            \"TD 016\", aksolit_30, 8, 300, 650, 2390, 3320,\n            marks=pytest.mark.xfail(reson=\"Цена доставки: - - -\")\n        ),\n        (\"TD 017\", aksolit_30, 13, 400, 650, 2390, 3320),\n        (\"TD 018\", aksolit_30, 16, 500, 850, 2490, 3320),\n        (\"TD 019\", aksolit_30, 25, 1700, 1150, 2490, 3320),\n        (\"TD 020\", aksolit_30, 66, 2000, 1500, 2990, 3650),\n        (\"TD 021\", aksolit_30, 149, 4500, 2600, 4380, 4890),\n        (\"TD 022\", aksolit_30, 166, 5000, 2800, 5490, 5980),\n        pytest.param(\n            \"TD 023\", aksolit_30, 206, 6200, 3300, 7500, 8000,\n            marks=pytest.mark.xfail(reson=\"Цена доставки: 4300 9900 11440\")\n        ),\n        (\"TD 024\", aksolit_30, 299, 9000, 4300, 9900, 11440),\n        (\"TD 025\", aksolit_30, 333, 10000, 7000, 13900, 15900),\n        pytest.param(\n            \"TD 026\", aksolit_30, 366, 11000, 8000, 14900, 19900,\n            marks=pytest.mark.xfail(reson=\"Цена доставки: 7000 13900 15900\")\n        ),\n        pytest.param(\n            \"TD 027\", aksolit_30, 666, 20000, 14000, 16900, 23900,\n            marks=pytest.mark.xfail(reson=\"Цена доставки: 7000 13900 15900\")\n        )\n    ])\n    @pytest.mark.xfail\n    @pytest.mark.smoke_test\n    def test_positive_delivery_blue_zone_smoke(\n            self, driver, url, case_id, link_item, amount, weight, standard, in_time, all_time\n    ):\n        allure.dynamic.title(f\"{case_id} Доставка товара весом до {weight}кг. в синей зоне\")\n    \n        driver.get(f'{url}{link_item}')\n        item_page = ItemPage(driver)\n>       item_page.add_item_to_cart(amount).click_on_cart()\n\ntests/delivery/test_delivery_calculation.py:132: \n_ _ _ _ _ _ _ _ _ _ _ _ _ _ _ _ _ _ _ _ _ _ _ _ _ _ _ _ _ _ _ _ _ _ _ _ _ _ _ _ \npages/item_page.py:40: in add_item_to_cart\n    self.find_element(self._add_item).click()\nbase/seleniumbase.py:17: in find_element\n    return self.driver.find_element(*locator)\n/usr/local/lib/python3.11/site-packages/selenium/webdriver/remote/webdriver.py:739: in find_element\n    return self.execute(Command.FIND_ELEMENT, {\"using\": by, \"value\": value})[\"value\"]\n/usr/local/lib/python3.11/site-packages/selenium/webdriver/remote/webdriver.py:345: in execute\n    self.error_handler.check_response(response)\n_ _ _ _ _ _ _ _ _ _ _ _ _ _ _ _ _ _ _ _ _ _ _ _ _ _ _ _ _ _ _ _ _ _ _ _ _ _ _ _ \n\nself = <selenium.webdriver.remote.errorhandler.ErrorHandler object at 0x7f7616348490>\nresponse = {'status': 404, 'value': '{\"value\":{\"error\":\"no such element\",\"message\":\"no such element: Unable to locate element: {\\...\\\\n#16 0x55f6519b090b \\\\u003Cunknown>\\\\n#17 0x55f6519c09c4 \\\\u003Cunknown>\\\\n#18 0x7f0d02802134 \\\\u003Cunknown>\\\\n\"}}'}\n\n    def check_response(self, response: Dict[str, Any]) -> None:\n        \"\"\"Checks that a JSON response from the WebDriver does not have an\n        error.\n    \n        :Args:\n         - response - The JSON response from the WebDriver server as a dictionary\n           object.\n    \n        :Raises: If the response contains an error message.\n        \"\"\"\n        status = response.get(\"status\", None)\n        if not status or status == ErrorCode.SUCCESS:\n            return\n        value = None\n        message = response.get(\"message\", \"\")\n        screen: str = response.get(\"screen\", \"\")\n        stacktrace = None\n        if isinstance(status, int):\n            value_json = response.get(\"value\", None)\n            if value_json and isinstance(value_json, str):\n                import json\n    \n                try:\n                    value = json.loads(value_json)\n                    if len(value) == 1:\n                        value = value[\"value\"]\n                    status = value.get(\"error\", None)\n                    if not status:\n                        status = value.get(\"status\", ErrorCode.UNKNOWN_ERROR)\n                        message = value.get(\"value\") or value.get(\"message\")\n                        if not isinstance(message, str):\n                            value = message\n                            message = message.get(\"message\")\n                    else:\n                        message = value.get(\"message\", None)\n                except ValueError:\n                    pass\n    \n        exception_class: Type[WebDriverException]\n        e = ErrorCode()\n        error_codes = [item for item in dir(e) if not item.startswith(\"__\")]\n        for error_code in error_codes:\n            error_info = getattr(ErrorCode, error_code)\n            if isinstance(error_info, list) and status in error_info:\n                exception_class = getattr(ExceptionMapping, error_code, WebDriverException)\n                break\n        else:\n            exception_class = WebDriverException\n    \n        if not value:\n            value = response[\"value\"]\n        if isinstance(value, str):\n            raise exception_class(value)\n        if message == \"\" and \"message\" in value:\n            message = value[\"message\"]\n    \n        screen = None  # type: ignore[assignment]\n        if \"screen\" in value:\n            screen = value[\"screen\"]\n    \n        stacktrace = None\n        st_value = value.get(\"stackTrace\") or value.get(\"stacktrace\")\n        if st_value:\n            if isinstance(st_value, str):\n                stacktrace = st_value.split(\"\\n\")\n            else:\n                stacktrace = []\n                try:\n                    for frame in st_value:\n                        line = frame.get(\"lineNumber\", \"\")\n                        file = frame.get(\"fileName\", \"<anonymous>\")\n                        if line:\n                            file = f\"{file}:{line}\"\n                        meth = frame.get(\"methodName\", \"<anonymous>\")\n                        if \"className\" in frame:\n                            meth = f\"{frame['className']}.{meth}\"\n                        msg = \"    at %s (%s)\"\n                        msg = msg % (meth, file)\n                        stacktrace.append(msg)\n                except TypeError:\n                    pass\n        if exception_class == UnexpectedAlertPresentException:\n            alert_text = None\n            if \"data\" in value:\n                alert_text = value[\"data\"].get(\"text\")\n            elif \"alert\" in value:\n                alert_text = value[\"alert\"].get(\"text\")\n            raise exception_class(message, screen, stacktrace, alert_text)  # type: ignore[call-arg]  # mypy is not smart enough here\n>       raise exception_class(message, screen, stacktrace)\nE       selenium.common.exceptions.NoSuchElementException: Message: no such element: Unable to locate element: {\"method\":\"xpath\",\"selector\":\"(//a[@class='add-to-cart yellow-btn'])[1]\"}\nE         (Session info: chrome-headless-shell=123.0.6312.105); For documentation on this error, please visit: https://www.selenium.dev/documentation/webdriver/troubleshooting/errors#no-such-element-exception\nE       Stacktrace:\nE       #0 0x55f6519c1873 <unknown>\nE       #1 0x55f6516b78c6 <unknown>\nE       #2 0x55f651702618 <unknown>\nE       #3 0x55f6517026d1 <unknown>\nE       #4 0x55f651745744 <unknown>\nE       #5 0x55f6517245cd <unknown>\nE       #6 0x55f651742c19 <unknown>\nE       #7 0x55f651724343 <unknown>\nE       #8 0x55f6516f5593 <unknown>\nE       #9 0x55f6516f5f5e <unknown>\nE       #10 0x55f65198585b <unknown>\nE       #11 0x55f6519897b5 <unknown>\nE       #12 0x55f651973581 <unknown>\nE       #13 0x55f65198a342 <unknown>\nE       #14 0x55f65195888f <unknown>\nE       #15 0x55f6519b0738 <unknown>\nE       #16 0x55f6519b090b <unknown>\nE       #17 0x55f6519c09c4 <unknown>\nE       #18 0x7f0d02802134 <unknown>\n\n/usr/local/lib/python3.11/site-packages/selenium/webdriver/remote/errorhandler.py:229: NoSuchElementException","flaky":false,"newFailed":false,"newBroken":false,"newPassed":false,"retriesCount":0,"retriesStatusChange":false,"beforeStages":[{"name":"_session_faker","time":{"start":1712278159758,"stop":1712278159836,"duration":78},"status":"passed","steps":[],"attachments":[],"parameters":[],"shouldDisplayMessage":false,"stepsCount":0,"attachmentsCount":0,"hasContent":false,"attachmentStep":false},{"name":"clear_allure_results_folder","time":{"start":1712278159836,"stop":1712278159836,"duration":0},"status":"passed","steps":[],"attachments":[],"parameters":[],"shouldDisplayMessage":false,"stepsCount":0,"attachmentsCount":0,"hasContent":false,"attachmentStep":false},{"name":"driver","time":{"start":1712278403276,"stop":1712278404071,"duration":795},"status":"passed","steps":[],"attachments":[],"parameters":[],"shouldDisplayMessage":false,"stepsCount":0,"attachmentsCount":0,"hasContent":false,"attachmentStep":false},{"name":"setup","time":{"start":1712278404071,"stop":1712278404071,"duration":0},"status":"passed","steps":[],"attachments":[],"parameters":[],"shouldDisplayMessage":false,"stepsCount":0,"attachmentsCount":0,"hasContent":false,"attachmentStep":false}],"testStage":{"status":"skipped","statusMessage":"XFAIL\n\nselenium.common.exceptions.NoSuchElementException: Message: no such element: Unable to locate element: {\"method\":\"xpath\",\"selector\":\"(//a[@class='add-to-cart yellow-btn'])[1]\"}\n  (Session info: chrome-headless-shell=123.0.6312.105); For documentation on this error, please visit: https://www.selenium.dev/documentation/webdriver/troubleshooting/errors#no-such-element-exception\nStacktrace:\n#0 0x55f6519c1873 <unknown>\n#1 0x55f6516b78c6 <unknown>\n#2 0x55f651702618 <unknown>\n#3 0x55f6517026d1 <unknown>\n#4 0x55f651745744 <unknown>\n#5 0x55f6517245cd <unknown>\n#6 0x55f651742c19 <unknown>\n#7 0x55f651724343 <unknown>\n#8 0x55f6516f5593 <unknown>\n#9 0x55f6516f5f5e <unknown>\n#10 0x55f65198585b <unknown>\n#11 0x55f6519897b5 <unknown>\n#12 0x55f651973581 <unknown>\n#13 0x55f65198a342 <unknown>\n#14 0x55f65195888f <unknown>\n#15 0x55f6519b0738 <unknown>\n#16 0x55f6519b090b <unknown>\n#17 0x55f6519c09c4 <unknown>\n#18 0x7f0d02802134 <unknown>","statusTrace":"self = <tests.delivery.test_delivery_calculation.TestDeliveryPageCalculation object at 0x7f76177d1cd0>\ndriver = <selenium.webdriver.chrome.webdriver.WebDriver (session=\"f396a563e9b3e417368f8fc8349df1fa\")>\nurl = 'https://sandboxtest.stroyrem-nn.ru/', case_id = 'TD 020'\nlink_item = 'products/shtukaturka-gipsovaya-aksolit-m50-30-kg-mashinnogo-naneseniya'\namount = 66, weight = 2000, standard = 1500, in_time = 2990, all_time = 3650\n\n    @pytest.mark.parametrize('case_id, link_item, amount, weight, standard, in_time, all_time', [\n        (\"TD 015\", bundeks_25, 1, 30, 650, 2390, 3320),\n        pytest.param(\n            \"TD 016\", aksolit_30, 8, 300, 650, 2390, 3320,\n            marks=pytest.mark.xfail(reson=\"Цена доставки: - - -\")\n        ),\n        (\"TD 017\", aksolit_30, 13, 400, 650, 2390, 3320),\n        (\"TD 018\", aksolit_30, 16, 500, 850, 2490, 3320),\n        (\"TD 019\", aksolit_30, 25, 1700, 1150, 2490, 3320),\n        (\"TD 020\", aksolit_30, 66, 2000, 1500, 2990, 3650),\n        (\"TD 021\", aksolit_30, 149, 4500, 2600, 4380, 4890),\n        (\"TD 022\", aksolit_30, 166, 5000, 2800, 5490, 5980),\n        pytest.param(\n            \"TD 023\", aksolit_30, 206, 6200, 3300, 7500, 8000,\n            marks=pytest.mark.xfail(reson=\"Цена доставки: 4300 9900 11440\")\n        ),\n        (\"TD 024\", aksolit_30, 299, 9000, 4300, 9900, 11440),\n        (\"TD 025\", aksolit_30, 333, 10000, 7000, 13900, 15900),\n        pytest.param(\n            \"TD 026\", aksolit_30, 366, 11000, 8000, 14900, 19900,\n            marks=pytest.mark.xfail(reson=\"Цена доставки: 7000 13900 15900\")\n        ),\n        pytest.param(\n            \"TD 027\", aksolit_30, 666, 20000, 14000, 16900, 23900,\n            marks=pytest.mark.xfail(reson=\"Цена доставки: 7000 13900 15900\")\n        )\n    ])\n    @pytest.mark.xfail\n    @pytest.mark.smoke_test\n    def test_positive_delivery_blue_zone_smoke(\n            self, driver, url, case_id, link_item, amount, weight, standard, in_time, all_time\n    ):\n        allure.dynamic.title(f\"{case_id} Доставка товара весом до {weight}кг. в синей зоне\")\n    \n        driver.get(f'{url}{link_item}')\n        item_page = ItemPage(driver)\n>       item_page.add_item_to_cart(amount).click_on_cart()\n\ntests/delivery/test_delivery_calculation.py:132: \n_ _ _ _ _ _ _ _ _ _ _ _ _ _ _ _ _ _ _ _ _ _ _ _ _ _ _ _ _ _ _ _ _ _ _ _ _ _ _ _ \npages/item_page.py:40: in add_item_to_cart\n    self.find_element(self._add_item).click()\nbase/seleniumbase.py:17: in find_element\n    return self.driver.find_element(*locator)\n/usr/local/lib/python3.11/site-packages/selenium/webdriver/remote/webdriver.py:739: in find_element\n    return self.execute(Command.FIND_ELEMENT, {\"using\": by, \"value\": value})[\"value\"]\n/usr/local/lib/python3.11/site-packages/selenium/webdriver/remote/webdriver.py:345: in execute\n    self.error_handler.check_response(response)\n_ _ _ _ _ _ _ _ _ _ _ _ _ _ _ _ _ _ _ _ _ _ _ _ _ _ _ _ _ _ _ _ _ _ _ _ _ _ _ _ \n\nself = <selenium.webdriver.remote.errorhandler.ErrorHandler object at 0x7f7616348490>\nresponse = {'status': 404, 'value': '{\"value\":{\"error\":\"no such element\",\"message\":\"no such element: Unable to locate element: {\\...\\\\n#16 0x55f6519b090b \\\\u003Cunknown>\\\\n#17 0x55f6519c09c4 \\\\u003Cunknown>\\\\n#18 0x7f0d02802134 \\\\u003Cunknown>\\\\n\"}}'}\n\n    def check_response(self, response: Dict[str, Any]) -> None:\n        \"\"\"Checks that a JSON response from the WebDriver does not have an\n        error.\n    \n        :Args:\n         - response - The JSON response from the WebDriver server as a dictionary\n           object.\n    \n        :Raises: If the response contains an error message.\n        \"\"\"\n        status = response.get(\"status\", None)\n        if not status or status == ErrorCode.SUCCESS:\n            return\n        value = None\n        message = response.get(\"message\", \"\")\n        screen: str = response.get(\"screen\", \"\")\n        stacktrace = None\n        if isinstance(status, int):\n            value_json = response.get(\"value\", None)\n            if value_json and isinstance(value_json, str):\n                import json\n    \n                try:\n                    value = json.loads(value_json)\n                    if len(value) == 1:\n                        value = value[\"value\"]\n                    status = value.get(\"error\", None)\n                    if not status:\n                        status = value.get(\"status\", ErrorCode.UNKNOWN_ERROR)\n                        message = value.get(\"value\") or value.get(\"message\")\n                        if not isinstance(message, str):\n                            value = message\n                            message = message.get(\"message\")\n                    else:\n                        message = value.get(\"message\", None)\n                except ValueError:\n                    pass\n    \n        exception_class: Type[WebDriverException]\n        e = ErrorCode()\n        error_codes = [item for item in dir(e) if not item.startswith(\"__\")]\n        for error_code in error_codes:\n            error_info = getattr(ErrorCode, error_code)\n            if isinstance(error_info, list) and status in error_info:\n                exception_class = getattr(ExceptionMapping, error_code, WebDriverException)\n                break\n        else:\n            exception_class = WebDriverException\n    \n        if not value:\n            value = response[\"value\"]\n        if isinstance(value, str):\n            raise exception_class(value)\n        if message == \"\" and \"message\" in value:\n            message = value[\"message\"]\n    \n        screen = None  # type: ignore[assignment]\n        if \"screen\" in value:\n            screen = value[\"screen\"]\n    \n        stacktrace = None\n        st_value = value.get(\"stackTrace\") or value.get(\"stacktrace\")\n        if st_value:\n            if isinstance(st_value, str):\n                stacktrace = st_value.split(\"\\n\")\n            else:\n                stacktrace = []\n                try:\n                    for frame in st_value:\n                        line = frame.get(\"lineNumber\", \"\")\n                        file = frame.get(\"fileName\", \"<anonymous>\")\n                        if line:\n                            file = f\"{file}:{line}\"\n                        meth = frame.get(\"methodName\", \"<anonymous>\")\n                        if \"className\" in frame:\n                            meth = f\"{frame['className']}.{meth}\"\n                        msg = \"    at %s (%s)\"\n                        msg = msg % (meth, file)\n                        stacktrace.append(msg)\n                except TypeError:\n                    pass\n        if exception_class == UnexpectedAlertPresentException:\n            alert_text = None\n            if \"data\" in value:\n                alert_text = value[\"data\"].get(\"text\")\n            elif \"alert\" in value:\n                alert_text = value[\"alert\"].get(\"text\")\n            raise exception_class(message, screen, stacktrace, alert_text)  # type: ignore[call-arg]  # mypy is not smart enough here\n>       raise exception_class(message, screen, stacktrace)\nE       selenium.common.exceptions.NoSuchElementException: Message: no such element: Unable to locate element: {\"method\":\"xpath\",\"selector\":\"(//a[@class='add-to-cart yellow-btn'])[1]\"}\nE         (Session info: chrome-headless-shell=123.0.6312.105); For documentation on this error, please visit: https://www.selenium.dev/documentation/webdriver/troubleshooting/errors#no-such-element-exception\nE       Stacktrace:\nE       #0 0x55f6519c1873 <unknown>\nE       #1 0x55f6516b78c6 <unknown>\nE       #2 0x55f651702618 <unknown>\nE       #3 0x55f6517026d1 <unknown>\nE       #4 0x55f651745744 <unknown>\nE       #5 0x55f6517245cd <unknown>\nE       #6 0x55f651742c19 <unknown>\nE       #7 0x55f651724343 <unknown>\nE       #8 0x55f6516f5593 <unknown>\nE       #9 0x55f6516f5f5e <unknown>\nE       #10 0x55f65198585b <unknown>\nE       #11 0x55f6519897b5 <unknown>\nE       #12 0x55f651973581 <unknown>\nE       #13 0x55f65198a342 <unknown>\nE       #14 0x55f65195888f <unknown>\nE       #15 0x55f6519b0738 <unknown>\nE       #16 0x55f6519b090b <unknown>\nE       #17 0x55f6519c09c4 <unknown>\nE       #18 0x7f0d02802134 <unknown>\n\n/usr/local/lib/python3.11/site-packages/selenium/webdriver/remote/errorhandler.py:229: NoSuchElementException","steps":[{"name":"Добавляем товар в корзину в количестве 66","time":{"start":1712278404597,"stop":1712278404611,"duration":14},"status":"broken","statusMessage":"selenium.common.exceptions.NoSuchElementException: Message: no such element: Unable to locate element: {\"method\":\"xpath\",\"selector\":\"(//a[@class='add-to-cart yellow-btn'])[1]\"}\n  (Session info: chrome-headless-shell=123.0.6312.105); For documentation on this error, please visit: https://www.selenium.dev/documentation/webdriver/troubleshooting/errors#no-such-element-exception\nStacktrace:\n#0 0x55f6519c1873 <unknown>\n#1 0x55f6516b78c6 <unknown>\n#2 0x55f651702618 <unknown>\n#3 0x55f6517026d1 <unknown>\n#4 0x55f651745744 <unknown>\n#5 0x55f6517245cd <unknown>\n#6 0x55f651742c19 <unknown>\n#7 0x55f651724343 <unknown>\n#8 0x55f6516f5593 <unknown>\n#9 0x55f6516f5f5e <unknown>\n#10 0x55f65198585b <unknown>\n#11 0x55f6519897b5 <unknown>\n#12 0x55f651973581 <unknown>\n#13 0x55f65198a342 <unknown>\n#14 0x55f65195888f <unknown>\n#15 0x55f6519b0738 <unknown>\n#16 0x55f6519b090b <unknown>\n#17 0x55f6519c09c4 <unknown>\n#18 0x7f0d02802134 <unknown>\n\n","statusTrace":"  File \"/usr/local/lib/python3.11/site-packages/allure_commons/_allure.py\", line 192, in impl\n    return func(*a, **kw)\n           ^^^^^^^^^^^^^^\n  File \"/app/pages/item_page.py\", line 40, in add_item_to_cart\n    self.find_element(self._add_item).click()\n    ^^^^^^^^^^^^^^^^^^^^^^^^^^^^^^^^^\n  File \"/app/base/seleniumbase.py\", line 17, in find_element\n    return self.driver.find_element(*locator)\n           ^^^^^^^^^^^^^^^^^^^^^^^^^^^^^^^^^^\n  File \"/usr/local/lib/python3.11/site-packages/selenium/webdriver/remote/webdriver.py\", line 739, in find_element\n    return self.execute(Command.FIND_ELEMENT, {\"using\": by, \"value\": value})[\"value\"]\n           ^^^^^^^^^^^^^^^^^^^^^^^^^^^^^^^^^^^^^^^^^^^^^^^^^^^^^^^^^^^^^^^^^\n  File \"/usr/local/lib/python3.11/site-packages/selenium/webdriver/remote/webdriver.py\", line 345, in execute\n    self.error_handler.check_response(response)\n  File \"/usr/local/lib/python3.11/site-packages/selenium/webdriver/remote/errorhandler.py\", line 229, in check_response\n    raise exception_class(message, screen, stacktrace)\n","steps":[],"attachments":[],"parameters":[{"name":"amount","value":"66"}],"shouldDisplayMessage":true,"stepsCount":0,"attachmentsCount":0,"hasContent":true,"attachmentStep":false}],"attachments":[{"uid":"8ae092172f789f7d","name":"Screenshot","source":"8ae092172f789f7d.png","type":"image/png","size":5862},{"uid":"5d812c2d389cbba","name":"HTML source","source":"5d812c2d389cbba.html","type":"text/html","size":39}],"parameters":[],"shouldDisplayMessage":true,"stepsCount":1,"attachmentsCount":2,"hasContent":true,"attachmentStep":false},"afterStages":[{"name":"driver::0","time":{"start":1712278404711,"stop":1712278404769,"duration":58},"status":"passed","steps":[],"attachments":[],"parameters":[],"shouldDisplayMessage":false,"stepsCount":0,"attachmentsCount":0,"hasContent":false,"attachmentStep":false},{"name":"setup::0","time":{"start":1712278404711,"stop":1712278404711,"duration":0},"status":"passed","steps":[],"attachments":[],"parameters":[],"shouldDisplayMessage":false,"stepsCount":0,"attachmentsCount":0,"hasContent":false,"attachmentStep":false}],"labels":[{"name":"epic","value":"Delivery Page - calculation"},{"name":"tag","value":"smoke_test"},{"name":"tag","value":"@pytest.mark.xfail"},{"name":"parentSuite","value":"tests.delivery"},{"name":"suite","value":"test_delivery_calculation"},{"name":"subSuite","value":"TestDeliveryPageCalculation"},{"name":"host","value":"0b0adf8e60d9"},{"name":"thread","value":"1-MainThread"},{"name":"framework","value":"pytest"},{"name":"language","value":"cpython3"},{"name":"package","value":"tests.delivery.test_delivery_calculation"},{"name":"resultFormat","value":"allure2"}],"parameters":[{"name":"all_time","value":"3650"},{"name":"amount","value":"66"},{"name":"case_id","value":"'TD 020'"},{"name":"in_time","value":"2990"},{"name":"link_item","value":"'products/shtukaturka-gipsovaya-aksolit-m50-30-kg-mashinnogo-naneseniya'"},{"name":"standard","value":"1500"},{"name":"url","value":"'https://sandboxtest.stroyrem-nn.ru/'"},{"name":"weight","value":"2000"}],"links":[],"hidden":false,"retry":false,"extra":{"severity":"normal","retries":[],"categories":[],"history":{"statistic":{"failed":0,"broken":13,"skipped":207,"passed":0,"unknown":0,"total":220},"items":[{"uid":"6f6a9ce105efba80","reportUrl":"https://Nat754.github.io/StroyremAutomation/267//#testresult/6f6a9ce105efba80","status":"skipped","statusDetails":"XFAIL\n\nselenium.common.exceptions.NoSuchElementException: Message: no such element: Unable to locate element: {\"method\":\"xpath\",\"selector\":\"(//a[@class='add-to-cart yellow-btn'])[1]\"}\n  (Session info: chrome-headless-shell=123.0.6312.86); For documentation on this error, please visit: https://www.selenium.dev/documentation/webdriver/troubleshooting/errors#no-such-element-exception\nStacktrace:\n#0 0x55d8326708a3 <unknown>\n#1 0x55d8323668c6 <unknown>\n#2 0x55d8323b1618 <unknown>\n#3 0x55d8323b16d1 <unknown>\n#4 0x55d8323f4744 <unknown>\n#5 0x55d8323d35cd <unknown>\n#6 0x55d8323f1c19 <unknown>\n#7 0x55d8323d3343 <unknown>\n#8 0x55d8323a4593 <unknown>\n#9 0x55d8323a4f5e <unknown>\n#10 0x55d83263488b <unknown>\n#11 0x55d8326387e5 <unknown>\n#12 0x55d8326225b1 <unknown>\n#13 0x55d832639372 <unknown>\n#14 0x55d8326078bf <unknown>\n#15 0x55d83265f768 <unknown>\n#16 0x55d83265f93b <unknown>\n#17 0x55d83266f9f4 <unknown>\n#18 0x7f620f603134 <unknown>","time":{"start":1712192182259,"stop":1712192182557,"duration":298}},{"uid":"40819e27925ebb31","reportUrl":"https://Nat754.github.io/StroyremAutomation/266//#testresult/40819e27925ebb31","status":"skipped","statusDetails":"XFAIL\n\nselenium.common.exceptions.NoSuchElementException: Message: no such element: Unable to locate element: {\"method\":\"xpath\",\"selector\":\"(//a[@class='add-to-cart yellow-btn'])[1]\"}\n  (Session info: chrome-headless-shell=123.0.6312.86); For documentation on this error, please visit: https://www.selenium.dev/documentation/webdriver/troubleshooting/errors#no-such-element-exception\nStacktrace:\n#0 0x55f9be4ce8a3 <unknown>\n#1 0x55f9be1c48c6 <unknown>\n#2 0x55f9be20f618 <unknown>\n#3 0x55f9be20f6d1 <unknown>\n#4 0x55f9be252744 <unknown>\n#5 0x55f9be2315cd <unknown>\n#6 0x55f9be24fc19 <unknown>\n#7 0x55f9be231343 <unknown>\n#8 0x55f9be202593 <unknown>\n#9 0x55f9be202f5e <unknown>\n#10 0x55f9be49288b <unknown>\n#11 0x55f9be4967e5 <unknown>\n#12 0x55f9be4805b1 <unknown>\n#13 0x55f9be497372 <unknown>\n#14 0x55f9be4658bf <unknown>\n#15 0x55f9be4bd768 <unknown>\n#16 0x55f9be4bd93b <unknown>\n#17 0x55f9be4cd9f4 <unknown>\n#18 0x7fb041b91134 <unknown>","time":{"start":1712105554791,"stop":1712105555082,"duration":291}},{"uid":"759c4a2ca60333b0","reportUrl":"https://Nat754.github.io/StroyremAutomation/265//#testresult/759c4a2ca60333b0","status":"skipped","statusDetails":"XFAIL\n\nselenium.common.exceptions.NoSuchElementException: Message: no such element: Unable to locate element: {\"method\":\"xpath\",\"selector\":\"(//a[@class='add-to-cart yellow-btn'])[1]\"}\n  (Session info: chrome-headless-shell=123.0.6312.86); For documentation on this error, please visit: https://www.selenium.dev/documentation/webdriver/troubleshooting/errors#no-such-element-exception\nStacktrace:\n#0 0x562cb47968a3 <unknown>\n#1 0x562cb448c8c6 <unknown>\n#2 0x562cb44d7618 <unknown>\n#3 0x562cb44d76d1 <unknown>\n#4 0x562cb451a744 <unknown>\n#5 0x562cb44f95cd <unknown>\n#6 0x562cb4517c19 <unknown>\n#7 0x562cb44f9343 <unknown>\n#8 0x562cb44ca593 <unknown>\n#9 0x562cb44caf5e <unknown>\n#10 0x562cb475a88b <unknown>\n#11 0x562cb475e7e5 <unknown>\n#12 0x562cb47485b1 <unknown>\n#13 0x562cb475f372 <unknown>\n#14 0x562cb472d8bf <unknown>\n#15 0x562cb4785768 <unknown>\n#16 0x562cb478593b <unknown>\n#17 0x562cb47959f4 <unknown>\n#18 0x7ff734674134 <unknown>","time":{"start":1712019318862,"stop":1712019319151,"duration":289}},{"uid":"eef05ba5f87dc58f","reportUrl":"https://Nat754.github.io/StroyremAutomation/264//#testresult/eef05ba5f87dc58f","status":"skipped","statusDetails":"XFAIL\n\nselenium.common.exceptions.NoSuchElementException: Message: no such element: Unable to locate element: {\"method\":\"xpath\",\"selector\":\"(//a[@class='add-to-cart yellow-btn'])[1]\"}\n  (Session info: chrome-headless-shell=123.0.6312.86); For documentation on this error, please visit: https://www.selenium.dev/documentation/webdriver/troubleshooting/errors#no-such-element-exception\nStacktrace:\n#0 0x564c0d4248a3 <unknown>\n#1 0x564c0d11a8c6 <unknown>\n#2 0x564c0d165618 <unknown>\n#3 0x564c0d1656d1 <unknown>\n#4 0x564c0d1a8744 <unknown>\n#5 0x564c0d1875cd <unknown>\n#6 0x564c0d1a5c19 <unknown>\n#7 0x564c0d187343 <unknown>\n#8 0x564c0d158593 <unknown>\n#9 0x564c0d158f5e <unknown>\n#10 0x564c0d3e888b <unknown>\n#11 0x564c0d3ec7e5 <unknown>\n#12 0x564c0d3d65b1 <unknown>\n#13 0x564c0d3ed372 <unknown>\n#14 0x564c0d3bb8bf <unknown>\n#15 0x564c0d413768 <unknown>\n#16 0x564c0d41393b <unknown>\n#17 0x564c0d4239f4 <unknown>\n#18 0x7ff0fa86f134 <unknown>","time":{"start":1711933134919,"stop":1711933135343,"duration":424}},{"uid":"3d829b631fd32369","reportUrl":"https://Nat754.github.io/StroyremAutomation/263//#testresult/3d829b631fd32369","status":"skipped","statusDetails":"XFAIL\n\nselenium.common.exceptions.NoSuchElementException: Message: no such element: Unable to locate element: {\"method\":\"xpath\",\"selector\":\"(//a[@class='add-to-cart yellow-btn'])[1]\"}\n  (Session info: chrome-headless-shell=123.0.6312.86); For documentation on this error, please visit: https://www.selenium.dev/documentation/webdriver/troubleshooting/errors#no-such-element-exception\nStacktrace:\n#0 0x56324cd588a3 <unknown>\n#1 0x56324ca4e8c6 <unknown>\n#2 0x56324ca99618 <unknown>\n#3 0x56324ca996d1 <unknown>\n#4 0x56324cadc744 <unknown>\n#5 0x56324cabb5cd <unknown>\n#6 0x56324cad9c19 <unknown>\n#7 0x56324cabb343 <unknown>\n#8 0x56324ca8c593 <unknown>\n#9 0x56324ca8cf5e <unknown>\n#10 0x56324cd1c88b <unknown>\n#11 0x56324cd207e5 <unknown>\n#12 0x56324cd0a5b1 <unknown>\n#13 0x56324cd21372 <unknown>\n#14 0x56324ccef8bf <unknown>\n#15 0x56324cd47768 <unknown>\n#16 0x56324cd4793b <unknown>\n#17 0x56324cd579f4 <unknown>\n#18 0x7f7d010fd134 <unknown>","time":{"start":1711846686809,"stop":1711846687102,"duration":293}},{"uid":"88420695789add50","reportUrl":"https://Nat754.github.io/StroyremAutomation/262//#testresult/88420695789add50","status":"skipped","statusDetails":"XFAIL\n\nselenium.common.exceptions.NoSuchElementException: Message: no such element: Unable to locate element: {\"method\":\"xpath\",\"selector\":\"(//a[@class='add-to-cart yellow-btn'])[1]\"}\n  (Session info: chrome-headless-shell=123.0.6312.86); For documentation on this error, please visit: https://www.selenium.dev/documentation/webdriver/troubleshooting/errors#no-such-element-exception\nStacktrace:\n#0 0x5556df4a58a3 <unknown>\n#1 0x5556df19b8c6 <unknown>\n#2 0x5556df1e6618 <unknown>\n#3 0x5556df1e66d1 <unknown>\n#4 0x5556df229744 <unknown>\n#5 0x5556df2085cd <unknown>\n#6 0x5556df226c19 <unknown>\n#7 0x5556df208343 <unknown>\n#8 0x5556df1d9593 <unknown>\n#9 0x5556df1d9f5e <unknown>\n#10 0x5556df46988b <unknown>\n#11 0x5556df46d7e5 <unknown>\n#12 0x5556df4575b1 <unknown>\n#13 0x5556df46e372 <unknown>\n#14 0x5556df43c8bf <unknown>\n#15 0x5556df494768 <unknown>\n#16 0x5556df49493b <unknown>\n#17 0x5556df4a49f4 <unknown>\n#18 0x7f6cbd508134 <unknown>","time":{"start":1711759839722,"stop":1711759840178,"duration":456}},{"uid":"8b75a32b06fa73c5","reportUrl":"https://Nat754.github.io/StroyremAutomation/261//#testresult/8b75a32b06fa73c5","status":"skipped","statusDetails":"XFAIL\n\nselenium.common.exceptions.NoSuchElementException: Message: no such element: Unable to locate element: {\"method\":\"xpath\",\"selector\":\"(//a[@class='add-to-cart yellow-btn'])[1]\"}\n  (Session info: chrome-headless-shell=123.0.6312.86); For documentation on this error, please visit: https://www.selenium.dev/documentation/webdriver/troubleshooting/errors#no-such-element-exception\nStacktrace:\n#0 0x560dd44858a3 <unknown>\n#1 0x560dd417b8c6 <unknown>\n#2 0x560dd41c6618 <unknown>\n#3 0x560dd41c66d1 <unknown>\n#4 0x560dd4209744 <unknown>\n#5 0x560dd41e85cd <unknown>\n#6 0x560dd4206c19 <unknown>\n#7 0x560dd41e8343 <unknown>\n#8 0x560dd41b9593 <unknown>\n#9 0x560dd41b9f5e <unknown>\n#10 0x560dd444988b <unknown>\n#11 0x560dd444d7e5 <unknown>\n#12 0x560dd44375b1 <unknown>\n#13 0x560dd444e372 <unknown>\n#14 0x560dd441c8bf <unknown>\n#15 0x560dd4474768 <unknown>\n#16 0x560dd447493b <unknown>\n#17 0x560dd44849f4 <unknown>\n#18 0x7f34216c0134 <unknown>","time":{"start":1711673588234,"stop":1711673588564,"duration":330}},{"uid":"df6b3d1c6557c303","reportUrl":"https://Nat754.github.io/StroyremAutomation/260//#testresult/df6b3d1c6557c303","status":"skipped","statusDetails":"XFAIL\n\nselenium.common.exceptions.NoSuchElementException: Message: no such element: Unable to locate element: {\"method\":\"xpath\",\"selector\":\"(//a[@class='add-to-cart yellow-btn'])[1]\"}\n  (Session info: chrome-headless-shell=123.0.6312.86); For documentation on this error, please visit: https://www.selenium.dev/documentation/webdriver/troubleshooting/errors#no-such-element-exception\nStacktrace:\n#0 0x5580638e38a3 <unknown>\n#1 0x5580635d98c6 <unknown>\n#2 0x558063624618 <unknown>\n#3 0x5580636246d1 <unknown>\n#4 0x558063667744 <unknown>\n#5 0x5580636465cd <unknown>\n#6 0x558063664c19 <unknown>\n#7 0x558063646343 <unknown>\n#8 0x558063617593 <unknown>\n#9 0x558063617f5e <unknown>\n#10 0x5580638a788b <unknown>\n#11 0x5580638ab7e5 <unknown>\n#12 0x5580638955b1 <unknown>\n#13 0x5580638ac372 <unknown>\n#14 0x55806387a8bf <unknown>\n#15 0x5580638d2768 <unknown>\n#16 0x5580638d293b <unknown>\n#17 0x5580638e29f4 <unknown>\n#18 0x7f99646bb134 <unknown>","time":{"start":1711587191616,"stop":1711587191904,"duration":288}},{"uid":"bffd006e67787187","reportUrl":"https://Nat754.github.io/StroyremAutomation/259//#testresult/bffd006e67787187","status":"skipped","statusDetails":"XFAIL\n\nselenium.common.exceptions.NoSuchElementException: Message: no such element: Unable to locate element: {\"method\":\"xpath\",\"selector\":\"(//a[@class='add-to-cart yellow-btn'])[1]\"}\n  (Session info: chrome-headless-shell=123.0.6312.86); For documentation on this error, please visit: https://www.selenium.dev/documentation/webdriver/troubleshooting/errors#no-such-element-exception\nStacktrace:\n#0 0x55af74d868a3 <unknown>\n#1 0x55af74a7c8c6 <unknown>\n#2 0x55af74ac7618 <unknown>\n#3 0x55af74ac76d1 <unknown>\n#4 0x55af74b0a744 <unknown>\n#5 0x55af74ae95cd <unknown>\n#6 0x55af74b07c19 <unknown>\n#7 0x55af74ae9343 <unknown>\n#8 0x55af74aba593 <unknown>\n#9 0x55af74abaf5e <unknown>\n#10 0x55af74d4a88b <unknown>\n#11 0x55af74d4e7e5 <unknown>\n#12 0x55af74d385b1 <unknown>\n#13 0x55af74d4f372 <unknown>\n#14 0x55af74d1d8bf <unknown>\n#15 0x55af74d75768 <unknown>\n#16 0x55af74d7593b <unknown>\n#17 0x55af74d859f4 <unknown>\n#18 0x7fd98c743134 <unknown>","time":{"start":1711500744730,"stop":1711500745059,"duration":329}},{"uid":"1286d342fd7a43d8","reportUrl":"https://Nat754.github.io/StroyremAutomation/258//#testresult/1286d342fd7a43d8","status":"skipped","statusDetails":"XFAIL\n\nselenium.common.exceptions.NoSuchElementException: Message: no such element: Unable to locate element: {\"method\":\"xpath\",\"selector\":\"(//a[@class='add-to-cart yellow-btn'])[1]\"}\n  (Session info: chrome-headless-shell=123.0.6312.58); For documentation on this error, please visit: https://www.selenium.dev/documentation/webdriver/troubleshooting/errors#no-such-element-exception\nStacktrace:\n#0 0x55fe432ac993 <unknown>\n#1 0x55fe42fa7136 <unknown>\n#2 0x55fe42ff1d48 <unknown>\n#3 0x55fe42ff1e01 <unknown>\n#4 0x55fe43034e44 <unknown>\n#5 0x55fe43013cfd <unknown>\n#6 0x55fe43032319 <unknown>\n#7 0x55fe43013a73 <unknown>\n#8 0x55fe42fe4c93 <unknown>\n#9 0x55fe42fe565e <unknown>\n#10 0x55fe4327108b <unknown>\n#11 0x55fe43275005 <unknown>\n#12 0x55fe4325f491 <unknown>\n#13 0x55fe43275b92 <unknown>\n#14 0x55fe432449ef <unknown>\n#15 0x55fe4329bdf8 <unknown>\n#16 0x55fe4329bfcb <unknown>\n#17 0x55fe432abae4 <unknown>\n#18 0x7f78dd322134 <unknown>","time":{"start":1711414401601,"stop":1711414402151,"duration":550}},{"uid":"2592bbba104ad1bc","reportUrl":"https://Nat754.github.io/StroyremAutomation/257//#testresult/2592bbba104ad1bc","status":"skipped","statusDetails":"XFAIL\n\nselenium.common.exceptions.NoSuchElementException: Message: no such element: Unable to locate element: {\"method\":\"xpath\",\"selector\":\"(//a[@class='add-to-cart yellow-btn'])[1]\"}\n  (Session info: chrome-headless-shell=123.0.6312.58); For documentation on this error, please visit: https://www.selenium.dev/documentation/webdriver/troubleshooting/errors#no-such-element-exception\nStacktrace:\n#0 0x55c1d4652993 <unknown>\n#1 0x55c1d434d136 <unknown>\n#2 0x55c1d4397d48 <unknown>\n#3 0x55c1d4397e01 <unknown>\n#4 0x55c1d43dae44 <unknown>\n#5 0x55c1d43b9cfd <unknown>\n#6 0x55c1d43d8319 <unknown>\n#7 0x55c1d43b9a73 <unknown>\n#8 0x55c1d438ac93 <unknown>\n#9 0x55c1d438b65e <unknown>\n#10 0x55c1d461708b <unknown>\n#11 0x55c1d461b005 <unknown>\n#12 0x55c1d4605491 <unknown>\n#13 0x55c1d461bb92 <unknown>\n#14 0x55c1d45ea9ef <unknown>\n#15 0x55c1d4641df8 <unknown>\n#16 0x55c1d4641fcb <unknown>\n#17 0x55c1d4651ae4 <unknown>\n#18 0x7f26165af134 <unknown>","time":{"start":1711328068358,"stop":1711328068758,"duration":400}},{"uid":"dba72445d68af5ea","reportUrl":"https://Nat754.github.io/StroyremAutomation/256//#testresult/dba72445d68af5ea","status":"skipped","statusDetails":"XFAIL\n\nselenium.common.exceptions.NoSuchElementException: Message: no such element: Unable to locate element: {\"method\":\"xpath\",\"selector\":\"(//a[@class='add-to-cart yellow-btn'])[1]\"}\n  (Session info: chrome-headless-shell=123.0.6312.58); For documentation on this error, please visit: https://www.selenium.dev/documentation/webdriver/troubleshooting/errors#no-such-element-exception\nStacktrace:\n#0 0x55fcd7d82993 <unknown>\n#1 0x55fcd7a7d136 <unknown>\n#2 0x55fcd7ac7d48 <unknown>\n#3 0x55fcd7ac7e01 <unknown>\n#4 0x55fcd7b0ae44 <unknown>\n#5 0x55fcd7ae9cfd <unknown>\n#6 0x55fcd7b08319 <unknown>\n#7 0x55fcd7ae9a73 <unknown>\n#8 0x55fcd7abac93 <unknown>\n#9 0x55fcd7abb65e <unknown>\n#10 0x55fcd7d4708b <unknown>\n#11 0x55fcd7d4b005 <unknown>\n#12 0x55fcd7d35491 <unknown>\n#13 0x55fcd7d4bb92 <unknown>\n#14 0x55fcd7d1a9ef <unknown>\n#15 0x55fcd7d71df8 <unknown>\n#16 0x55fcd7d71fcb <unknown>\n#17 0x55fcd7d81ae4 <unknown>\n#18 0x7f62f1ee3134 <unknown>","time":{"start":1711241896847,"stop":1711241897179,"duration":332}},{"uid":"fba4ac67fd46db58","reportUrl":"https://Nat754.github.io/StroyremAutomation/255//#testresult/fba4ac67fd46db58","status":"skipped","statusDetails":"XFAIL\n\nselenium.common.exceptions.NoSuchElementException: Message: no such element: Unable to locate element: {\"method\":\"xpath\",\"selector\":\"(//a[@class='add-to-cart yellow-btn'])[1]\"}\n  (Session info: chrome-headless-shell=123.0.6312.58); For documentation on this error, please visit: https://www.selenium.dev/documentation/webdriver/troubleshooting/errors#no-such-element-exception\nStacktrace:\n#0 0x557916a8a993 <unknown>\n#1 0x557916785136 <unknown>\n#2 0x5579167cfd48 <unknown>\n#3 0x5579167cfe01 <unknown>\n#4 0x557916812e44 <unknown>\n#5 0x5579167f1cfd <unknown>\n#6 0x557916810319 <unknown>\n#7 0x5579167f1a73 <unknown>\n#8 0x5579167c2c93 <unknown>\n#9 0x5579167c365e <unknown>\n#10 0x557916a4f08b <unknown>\n#11 0x557916a53005 <unknown>\n#12 0x557916a3d491 <unknown>\n#13 0x557916a53b92 <unknown>\n#14 0x557916a229ef <unknown>\n#15 0x557916a79df8 <unknown>\n#16 0x557916a79fcb <unknown>\n#17 0x557916a89ae4 <unknown>\n#18 0x7f3425bf7134 <unknown>","time":{"start":1711155060365,"stop":1711155060657,"duration":292}},{"uid":"4087e27e08eef984","reportUrl":"https://Nat754.github.io/StroyremAutomation/254//#testresult/4087e27e08eef984","status":"skipped","statusDetails":"XFAIL\n\nselenium.common.exceptions.NoSuchElementException: Message: no such element: Unable to locate element: {\"method\":\"xpath\",\"selector\":\"(//a[@class='add-to-cart yellow-btn'])[1]\"}\n  (Session info: chrome-headless-shell=123.0.6312.58); For documentation on this error, please visit: https://www.selenium.dev/documentation/webdriver/troubleshooting/errors#no-such-element-exception\nStacktrace:\n#0 0x5645ca479993 <unknown>\n#1 0x5645ca174136 <unknown>\n#2 0x5645ca1bed48 <unknown>\n#3 0x5645ca1bee01 <unknown>\n#4 0x5645ca201e44 <unknown>\n#5 0x5645ca1e0cfd <unknown>\n#6 0x5645ca1ff319 <unknown>\n#7 0x5645ca1e0a73 <unknown>\n#8 0x5645ca1b1c93 <unknown>\n#9 0x5645ca1b265e <unknown>\n#10 0x5645ca43e08b <unknown>\n#11 0x5645ca442005 <unknown>\n#12 0x5645ca42c491 <unknown>\n#13 0x5645ca442b92 <unknown>\n#14 0x5645ca4119ef <unknown>\n#15 0x5645ca468df8 <unknown>\n#16 0x5645ca468fcb <unknown>\n#17 0x5645ca478ae4 <unknown>\n#18 0x7fb524c44134 <unknown>","time":{"start":1711068728241,"stop":1711068728540,"duration":299}},{"uid":"74faaca730fb11c8","reportUrl":"https://Nat754.github.io/StroyremAutomation/253//#testresult/74faaca730fb11c8","status":"skipped","statusDetails":"XFAIL\n\nselenium.common.exceptions.NoSuchElementException: Message: no such element: Unable to locate element: {\"method\":\"xpath\",\"selector\":\"(//a[@class='add-to-cart yellow-btn'])[1]\"}\n  (Session info: chrome-headless-shell=123.0.6312.58); For documentation on this error, please visit: https://www.selenium.dev/documentation/webdriver/troubleshooting/errors#no-such-element-exception\nStacktrace:\n#0 0x563a174ab993 <unknown>\n#1 0x563a171a6136 <unknown>\n#2 0x563a171f0d48 <unknown>\n#3 0x563a171f0e01 <unknown>\n#4 0x563a17233e44 <unknown>\n#5 0x563a17212cfd <unknown>\n#6 0x563a17231319 <unknown>\n#7 0x563a17212a73 <unknown>\n#8 0x563a171e3c93 <unknown>\n#9 0x563a171e465e <unknown>\n#10 0x563a1747008b <unknown>\n#11 0x563a17474005 <unknown>\n#12 0x563a1745e491 <unknown>\n#13 0x563a17474b92 <unknown>\n#14 0x563a174439ef <unknown>\n#15 0x563a1749adf8 <unknown>\n#16 0x563a1749afcb <unknown>\n#17 0x563a174aaae4 <unknown>\n#18 0x7f08ea548134 <unknown>","time":{"start":1710982499917,"stop":1710982500341,"duration":424}},{"uid":"b4596b97454c74b6","reportUrl":"https://Nat754.github.io/StroyremAutomation/252//#testresult/b4596b97454c74b6","status":"skipped","statusDetails":"XFAIL\n\nselenium.common.exceptions.NoSuchElementException: Message: no such element: Unable to locate element: {\"method\":\"xpath\",\"selector\":\"(//a[@class='add-to-cart yellow-btn'])[1]\"}\n  (Session info: chrome-headless-shell=123.0.6312.58); For documentation on this error, please visit: https://www.selenium.dev/documentation/webdriver/troubleshooting/errors#no-such-element-exception\nStacktrace:\n#0 0x63fb66ba6993 <unknown>\n#1 0x63fb668a1136 <unknown>\n#2 0x63fb668ebd48 <unknown>\n#3 0x63fb668ebe01 <unknown>\n#4 0x63fb6692ee44 <unknown>\n#5 0x63fb6690dcfd <unknown>\n#6 0x63fb6692c319 <unknown>\n#7 0x63fb6690da73 <unknown>\n#8 0x63fb668dec93 <unknown>\n#9 0x63fb668df65e <unknown>\n#10 0x63fb66b6b08b <unknown>\n#11 0x63fb66b6f005 <unknown>\n#12 0x63fb66b59491 <unknown>\n#13 0x63fb66b6fb92 <unknown>\n#14 0x63fb66b3e9ef <unknown>\n#15 0x63fb66b95df8 <unknown>\n#16 0x63fb66b95fcb <unknown>\n#17 0x63fb66ba5ae4 <unknown>\n#18 0x7b4acaa21134 <unknown>","time":{"start":1710895900551,"stop":1710895900848,"duration":297}},{"uid":"1cfd49e2ec40e12d","reportUrl":"https://Nat754.github.io/StroyremAutomation/251//#testresult/1cfd49e2ec40e12d","status":"skipped","statusDetails":"XFAIL\n\nselenium.common.exceptions.NoSuchElementException: Message: no such element: Unable to locate element: {\"method\":\"xpath\",\"selector\":\"(//a[@class='add-to-cart yellow-btn'])[1]\"}\n  (Session info: chrome-headless-shell=122.0.6261.128); For documentation on this error, please visit: https://www.selenium.dev/documentation/webdriver/troubleshooting/errors#no-such-element-exception\nStacktrace:\n#0 0x555de0201f33 <unknown>\n#1 0x555ddfef9ce6 <unknown>\n#2 0x555ddff44e48 <unknown>\n#3 0x555ddff44f01 <unknown>\n#4 0x555ddff883f4 <unknown>\n#5 0x555ddff66edd <unknown>\n#6 0x555ddff85899 <unknown>\n#7 0x555ddff66c53 <unknown>\n#8 0x555ddff37db3 <unknown>\n#9 0x555ddff3877e <unknown>\n#10 0x555de01c786b <unknown>\n#11 0x555de01cb885 <unknown>\n#12 0x555de01b5181 <unknown>\n#13 0x555de01cc412 <unknown>\n#14 0x555de019925f <unknown>\n#15 0x555de01f0528 <unknown>\n#16 0x555de01f0723 <unknown>\n#17 0x555de02010e4 <unknown>\n#18 0x7f6c421f9134 <unknown>","time":{"start":1710809541488,"stop":1710809541773,"duration":285}},{"uid":"c8082d3be425fd38","reportUrl":"https://Nat754.github.io/StroyremAutomation/250//#testresult/c8082d3be425fd38","status":"skipped","statusDetails":"XFAIL\n\nselenium.common.exceptions.NoSuchElementException: Message: no such element: Unable to locate element: {\"method\":\"xpath\",\"selector\":\"(//a[@class='add-to-cart yellow-btn'])[1]\"}\n  (Session info: chrome-headless-shell=122.0.6261.128); For documentation on this error, please visit: https://www.selenium.dev/documentation/webdriver/troubleshooting/errors#no-such-element-exception\nStacktrace:\n#0 0x58fe85797f33 <unknown>\n#1 0x58fe8548fce6 <unknown>\n#2 0x58fe854dae48 <unknown>\n#3 0x58fe854daf01 <unknown>\n#4 0x58fe8551e3f4 <unknown>\n#5 0x58fe854fcedd <unknown>\n#6 0x58fe8551b899 <unknown>\n#7 0x58fe854fcc53 <unknown>\n#8 0x58fe854cddb3 <unknown>\n#9 0x58fe854ce77e <unknown>\n#10 0x58fe8575d86b <unknown>\n#11 0x58fe85761885 <unknown>\n#12 0x58fe8574b181 <unknown>\n#13 0x58fe85762412 <unknown>\n#14 0x58fe8572f25f <unknown>\n#15 0x58fe85786528 <unknown>\n#16 0x58fe85786723 <unknown>\n#17 0x58fe857970e4 <unknown>\n#18 0x72597a8f7134 <unknown>","time":{"start":1710723195096,"stop":1710723195425,"duration":329}},{"uid":"9dcf5e61941dfe7c","reportUrl":"https://Nat754.github.io/StroyremAutomation/249//#testresult/9dcf5e61941dfe7c","status":"skipped","statusDetails":"XFAIL\n\nselenium.common.exceptions.NoSuchElementException: Message: no such element: Unable to locate element: {\"method\":\"xpath\",\"selector\":\"(//a[@class='add-to-cart yellow-btn'])[1]\"}\n  (Session info: chrome-headless-shell=122.0.6261.128); For documentation on this error, please visit: https://www.selenium.dev/documentation/webdriver/troubleshooting/errors#no-such-element-exception\nStacktrace:\n#0 0x55f130d1cf33 <unknown>\n#1 0x55f130a14ce6 <unknown>\n#2 0x55f130a5fe48 <unknown>\n#3 0x55f130a5ff01 <unknown>\n#4 0x55f130aa33f4 <unknown>\n#5 0x55f130a81edd <unknown>\n#6 0x55f130aa0899 <unknown>\n#7 0x55f130a81c53 <unknown>\n#8 0x55f130a52db3 <unknown>\n#9 0x55f130a5377e <unknown>\n#10 0x55f130ce286b <unknown>\n#11 0x55f130ce6885 <unknown>\n#12 0x55f130cd0181 <unknown>\n#13 0x55f130ce7412 <unknown>\n#14 0x55f130cb425f <unknown>\n#15 0x55f130d0b528 <unknown>\n#16 0x55f130d0b723 <unknown>\n#17 0x55f130d1c0e4 <unknown>\n#18 0x77df0246c134 <unknown>","time":{"start":1710636964547,"stop":1710636965084,"duration":537}},{"uid":"8d18d6aa7d1878f5","reportUrl":"https://Nat754.github.io/StroyremAutomation/248//#testresult/8d18d6aa7d1878f5","status":"skipped","statusDetails":"XFAIL\n\nselenium.common.exceptions.NoSuchElementException: Message: no such element: Unable to locate element: {\"method\":\"xpath\",\"selector\":\"(//a[@class='add-to-cart yellow-btn'])[1]\"}\n  (Session info: chrome-headless-shell=122.0.6261.128); For documentation on this error, please visit: https://www.selenium.dev/documentation/webdriver/troubleshooting/errors#no-such-element-exception\nStacktrace:\n#0 0x5ddc78e11f33 <unknown>\n#1 0x5ddc78b09ce6 <unknown>\n#2 0x5ddc78b54e48 <unknown>\n#3 0x5ddc78b54f01 <unknown>\n#4 0x5ddc78b983f4 <unknown>\n#5 0x5ddc78b76edd <unknown>\n#6 0x5ddc78b95899 <unknown>\n#7 0x5ddc78b76c53 <unknown>\n#8 0x5ddc78b47db3 <unknown>\n#9 0x5ddc78b4877e <unknown>\n#10 0x5ddc78dd786b <unknown>\n#11 0x5ddc78ddb885 <unknown>\n#12 0x5ddc78dc5181 <unknown>\n#13 0x5ddc78ddc412 <unknown>\n#14 0x5ddc78da925f <unknown>\n#15 0x5ddc78e00528 <unknown>\n#16 0x5ddc78e00723 <unknown>\n#17 0x5ddc78e110e4 <unknown>\n#18 0x78b2888be134 <unknown>","time":{"start":1710550239890,"stop":1710550240314,"duration":424}}]},"tags":["@pytest.mark.xfail","smoke_test"]},"source":"4b87ac1f0ee75ac4.json","parameterValues":["3650","66","'TD 020'","2990","'products/shtukaturka-gipsovaya-aksolit-m50-30-kg-mashinnogo-naneseniya'","1500","'https://sandboxtest.stroyrem-nn.ru/'","2000"]}