{"uid":"bda71e07d5885df1","name":"TD 024 Доставка товара весом до 9000кг. в синей зоне","fullName":"tests.delivery.test_delivery_calculation.TestDeliveryPageCalculation#test_positive_delivery_blue_zone_smoke","historyId":"69e5dca98f2a435ef5ba1c77ef0ca605","time":{"start":1712883192537,"stop":1712883193057,"duration":520},"status":"skipped","statusMessage":"XFAIL\n\nselenium.common.exceptions.NoSuchElementException: Message: no such element: Unable to locate element: {\"method\":\"xpath\",\"selector\":\"(//a[@class='add-to-cart yellow-btn'])[1]\"}\n  (Session info: chrome-headless-shell=123.0.6312.122); For documentation on this error, please visit: https://www.selenium.dev/documentation/webdriver/troubleshooting/errors#no-such-element-exception\nStacktrace:\n#0 0x55656431d863 <unknown>\n#1 0x5565640138c6 <unknown>\n#2 0x55656405e618 <unknown>\n#3 0x55656405e6d1 <unknown>\n#4 0x5565640a1744 <unknown>\n#5 0x5565640805cd <unknown>\n#6 0x55656409ec19 <unknown>\n#7 0x556564080343 <unknown>\n#8 0x556564051593 <unknown>\n#9 0x556564051f5e <unknown>\n#10 0x5565642e184b <unknown>\n#11 0x5565642e57a5 <unknown>\n#12 0x5565642cf571 <unknown>\n#13 0x5565642e6332 <unknown>\n#14 0x5565642b487f <unknown>\n#15 0x55656430c728 <unknown>\n#16 0x55656430c8fb <unknown>\n#17 0x55656431c9b4 <unknown>\n#18 0x7f1eea63b134 <unknown>","statusTrace":"self = <tests.delivery.test_delivery_calculation.TestDeliveryPageCalculation object at 0x7fd89b139bd0>\ndriver = <selenium.webdriver.chrome.webdriver.WebDriver (session=\"2940ba5deb135c86fc532d82c87b1fab\")>\nurl = 'https://sandboxtest.stroyrem-nn.ru/', case_id = 'TD 024'\nlink_item = 'products/shtukaturka-gipsovaya-aksolit-m50-30-kg-mashinnogo-naneseniya'\namount = 299, weight = 9000, standard = 4300, in_time = 9900, all_time = 11440\n\n    @pytest.mark.parametrize('case_id, link_item, amount, weight, standard, in_time, all_time', [\n        (\"TD 015\", bundeks_25, 1, 30, 650, 2390, 3320),\n        pytest.param(\n            \"TD 016\", aksolit_30, 8, 300, 650, 2390, 3320,\n            marks=pytest.mark.xfail(reson=\"Цена доставки: - - -\")\n        ),\n        (\"TD 017\", aksolit_30, 13, 400, 650, 2390, 3320),\n        (\"TD 018\", aksolit_30, 16, 500, 850, 2490, 3320),\n        (\"TD 019\", aksolit_30, 25, 1700, 1150, 2490, 3320),\n        (\"TD 020\", aksolit_30, 66, 2000, 1500, 2990, 3650),\n        (\"TD 021\", aksolit_30, 149, 4500, 2600, 4380, 4890),\n        (\"TD 022\", aksolit_30, 166, 5000, 2800, 5490, 5980),\n        pytest.param(\n            \"TD 023\", aksolit_30, 206, 6200, 3300, 7500, 8000,\n            marks=pytest.mark.xfail(reson=\"Цена доставки: 4300 9900 11440\")\n        ),\n        (\"TD 024\", aksolit_30, 299, 9000, 4300, 9900, 11440),\n        (\"TD 025\", aksolit_30, 333, 10000, 7000, 13900, 15900),\n        pytest.param(\n            \"TD 026\", aksolit_30, 366, 11000, 8000, 14900, 19900,\n            marks=pytest.mark.xfail(reson=\"Цена доставки: 7000 13900 15900\")\n        ),\n        pytest.param(\n            \"TD 027\", aksolit_30, 666, 20000, 14000, 16900, 23900,\n            marks=pytest.mark.xfail(reson=\"Цена доставки: 7000 13900 15900\")\n        )\n    ])\n    @pytest.mark.xfail\n    @pytest.mark.smoke_test\n    def test_positive_delivery_blue_zone_smoke(\n            self, driver, url, case_id, link_item, amount, weight, standard, in_time, all_time\n    ):\n        allure.dynamic.title(f\"{case_id} Доставка товара весом до {weight}кг. в синей зоне\")\n    \n        driver.get(f'{url}{link_item}')\n        item_page = ItemPage(driver)\n>       item_page.add_item_to_cart(amount).click_on_cart()\n\ntests/delivery/test_delivery_calculation.py:132: \n_ _ _ _ _ _ _ _ _ _ _ _ _ _ _ _ _ _ _ _ _ _ _ _ _ _ _ _ _ _ _ _ _ _ _ _ _ _ _ _ \npages/item_page.py:40: in add_item_to_cart\n    self.find_element(self._add_item).click()\nbase/seleniumbase.py:17: in find_element\n    return self.driver.find_element(*locator)\n/usr/local/lib/python3.11/site-packages/selenium/webdriver/remote/webdriver.py:739: in find_element\n    return self.execute(Command.FIND_ELEMENT, {\"using\": by, \"value\": value})[\"value\"]\n/usr/local/lib/python3.11/site-packages/selenium/webdriver/remote/webdriver.py:345: in execute\n    self.error_handler.check_response(response)\n_ _ _ _ _ _ _ _ _ _ _ _ _ _ _ _ _ _ _ _ _ _ _ _ _ _ _ _ _ _ _ _ _ _ _ _ _ _ _ _ \n\nself = <selenium.webdriver.remote.errorhandler.ErrorHandler object at 0x7fd89b55da10>\nresponse = {'status': 404, 'value': '{\"value\":{\"error\":\"no such element\",\"message\":\"no such element: Unable to locate element: {\\...\\\\n#16 0x55656430c8fb \\\\u003Cunknown>\\\\n#17 0x55656431c9b4 \\\\u003Cunknown>\\\\n#18 0x7f1eea63b134 \\\\u003Cunknown>\\\\n\"}}'}\n\n    def check_response(self, response: Dict[str, Any]) -> None:\n        \"\"\"Checks that a JSON response from the WebDriver does not have an\n        error.\n    \n        :Args:\n         - response - The JSON response from the WebDriver server as a dictionary\n           object.\n    \n        :Raises: If the response contains an error message.\n        \"\"\"\n        status = response.get(\"status\", None)\n        if not status or status == ErrorCode.SUCCESS:\n            return\n        value = None\n        message = response.get(\"message\", \"\")\n        screen: str = response.get(\"screen\", \"\")\n        stacktrace = None\n        if isinstance(status, int):\n            value_json = response.get(\"value\", None)\n            if value_json and isinstance(value_json, str):\n                import json\n    \n                try:\n                    value = json.loads(value_json)\n                    if len(value) == 1:\n                        value = value[\"value\"]\n                    status = value.get(\"error\", None)\n                    if not status:\n                        status = value.get(\"status\", ErrorCode.UNKNOWN_ERROR)\n                        message = value.get(\"value\") or value.get(\"message\")\n                        if not isinstance(message, str):\n                            value = message\n                            message = message.get(\"message\")\n                    else:\n                        message = value.get(\"message\", None)\n                except ValueError:\n                    pass\n    \n        exception_class: Type[WebDriverException]\n        e = ErrorCode()\n        error_codes = [item for item in dir(e) if not item.startswith(\"__\")]\n        for error_code in error_codes:\n            error_info = getattr(ErrorCode, error_code)\n            if isinstance(error_info, list) and status in error_info:\n                exception_class = getattr(ExceptionMapping, error_code, WebDriverException)\n                break\n        else:\n            exception_class = WebDriverException\n    \n        if not value:\n            value = response[\"value\"]\n        if isinstance(value, str):\n            raise exception_class(value)\n        if message == \"\" and \"message\" in value:\n            message = value[\"message\"]\n    \n        screen = None  # type: ignore[assignment]\n        if \"screen\" in value:\n            screen = value[\"screen\"]\n    \n        stacktrace = None\n        st_value = value.get(\"stackTrace\") or value.get(\"stacktrace\")\n        if st_value:\n            if isinstance(st_value, str):\n                stacktrace = st_value.split(\"\\n\")\n            else:\n                stacktrace = []\n                try:\n                    for frame in st_value:\n                        line = frame.get(\"lineNumber\", \"\")\n                        file = frame.get(\"fileName\", \"<anonymous>\")\n                        if line:\n                            file = f\"{file}:{line}\"\n                        meth = frame.get(\"methodName\", \"<anonymous>\")\n                        if \"className\" in frame:\n                            meth = f\"{frame['className']}.{meth}\"\n                        msg = \"    at %s (%s)\"\n                        msg = msg % (meth, file)\n                        stacktrace.append(msg)\n                except TypeError:\n                    pass\n        if exception_class == UnexpectedAlertPresentException:\n            alert_text = None\n            if \"data\" in value:\n                alert_text = value[\"data\"].get(\"text\")\n            elif \"alert\" in value:\n                alert_text = value[\"alert\"].get(\"text\")\n            raise exception_class(message, screen, stacktrace, alert_text)  # type: ignore[call-arg]  # mypy is not smart enough here\n>       raise exception_class(message, screen, stacktrace)\nE       selenium.common.exceptions.NoSuchElementException: Message: no such element: Unable to locate element: {\"method\":\"xpath\",\"selector\":\"(//a[@class='add-to-cart yellow-btn'])[1]\"}\nE         (Session info: chrome-headless-shell=123.0.6312.122); For documentation on this error, please visit: https://www.selenium.dev/documentation/webdriver/troubleshooting/errors#no-such-element-exception\nE       Stacktrace:\nE       #0 0x55656431d863 <unknown>\nE       #1 0x5565640138c6 <unknown>\nE       #2 0x55656405e618 <unknown>\nE       #3 0x55656405e6d1 <unknown>\nE       #4 0x5565640a1744 <unknown>\nE       #5 0x5565640805cd <unknown>\nE       #6 0x55656409ec19 <unknown>\nE       #7 0x556564080343 <unknown>\nE       #8 0x556564051593 <unknown>\nE       #9 0x556564051f5e <unknown>\nE       #10 0x5565642e184b <unknown>\nE       #11 0x5565642e57a5 <unknown>\nE       #12 0x5565642cf571 <unknown>\nE       #13 0x5565642e6332 <unknown>\nE       #14 0x5565642b487f <unknown>\nE       #15 0x55656430c728 <unknown>\nE       #16 0x55656430c8fb <unknown>\nE       #17 0x55656431c9b4 <unknown>\nE       #18 0x7f1eea63b134 <unknown>\n\n/usr/local/lib/python3.11/site-packages/selenium/webdriver/remote/errorhandler.py:229: NoSuchElementException","flaky":false,"newFailed":false,"newBroken":false,"newPassed":false,"retriesCount":0,"retriesStatusChange":false,"beforeStages":[{"name":"_session_faker","time":{"start":1712882956015,"stop":1712882956083,"duration":68},"status":"passed","steps":[],"attachments":[],"parameters":[],"shouldDisplayMessage":false,"stepsCount":0,"attachmentsCount":0,"hasContent":false,"attachmentStep":false},{"name":"clear_allure_results_folder","time":{"start":1712882956083,"stop":1712882956083,"duration":0},"status":"passed","steps":[],"attachments":[],"parameters":[],"shouldDisplayMessage":false,"stepsCount":0,"attachmentsCount":0,"hasContent":false,"attachmentStep":false},{"name":"driver","time":{"start":1712883191756,"stop":1712883192536,"duration":780},"status":"passed","steps":[],"attachments":[],"parameters":[],"shouldDisplayMessage":false,"stepsCount":0,"attachmentsCount":0,"hasContent":false,"attachmentStep":false},{"name":"setup","time":{"start":1712883192536,"stop":1712883192536,"duration":0},"status":"passed","steps":[],"attachments":[],"parameters":[],"shouldDisplayMessage":false,"stepsCount":0,"attachmentsCount":0,"hasContent":false,"attachmentStep":false}],"testStage":{"status":"skipped","statusMessage":"XFAIL\n\nselenium.common.exceptions.NoSuchElementException: Message: no such element: Unable to locate element: {\"method\":\"xpath\",\"selector\":\"(//a[@class='add-to-cart yellow-btn'])[1]\"}\n  (Session info: chrome-headless-shell=123.0.6312.122); For documentation on this error, please visit: https://www.selenium.dev/documentation/webdriver/troubleshooting/errors#no-such-element-exception\nStacktrace:\n#0 0x55656431d863 <unknown>\n#1 0x5565640138c6 <unknown>\n#2 0x55656405e618 <unknown>\n#3 0x55656405e6d1 <unknown>\n#4 0x5565640a1744 <unknown>\n#5 0x5565640805cd <unknown>\n#6 0x55656409ec19 <unknown>\n#7 0x556564080343 <unknown>\n#8 0x556564051593 <unknown>\n#9 0x556564051f5e <unknown>\n#10 0x5565642e184b <unknown>\n#11 0x5565642e57a5 <unknown>\n#12 0x5565642cf571 <unknown>\n#13 0x5565642e6332 <unknown>\n#14 0x5565642b487f <unknown>\n#15 0x55656430c728 <unknown>\n#16 0x55656430c8fb <unknown>\n#17 0x55656431c9b4 <unknown>\n#18 0x7f1eea63b134 <unknown>","statusTrace":"self = <tests.delivery.test_delivery_calculation.TestDeliveryPageCalculation object at 0x7fd89b139bd0>\ndriver = <selenium.webdriver.chrome.webdriver.WebDriver (session=\"2940ba5deb135c86fc532d82c87b1fab\")>\nurl = 'https://sandboxtest.stroyrem-nn.ru/', case_id = 'TD 024'\nlink_item = 'products/shtukaturka-gipsovaya-aksolit-m50-30-kg-mashinnogo-naneseniya'\namount = 299, weight = 9000, standard = 4300, in_time = 9900, all_time = 11440\n\n    @pytest.mark.parametrize('case_id, link_item, amount, weight, standard, in_time, all_time', [\n        (\"TD 015\", bundeks_25, 1, 30, 650, 2390, 3320),\n        pytest.param(\n            \"TD 016\", aksolit_30, 8, 300, 650, 2390, 3320,\n            marks=pytest.mark.xfail(reson=\"Цена доставки: - - -\")\n        ),\n        (\"TD 017\", aksolit_30, 13, 400, 650, 2390, 3320),\n        (\"TD 018\", aksolit_30, 16, 500, 850, 2490, 3320),\n        (\"TD 019\", aksolit_30, 25, 1700, 1150, 2490, 3320),\n        (\"TD 020\", aksolit_30, 66, 2000, 1500, 2990, 3650),\n        (\"TD 021\", aksolit_30, 149, 4500, 2600, 4380, 4890),\n        (\"TD 022\", aksolit_30, 166, 5000, 2800, 5490, 5980),\n        pytest.param(\n            \"TD 023\", aksolit_30, 206, 6200, 3300, 7500, 8000,\n            marks=pytest.mark.xfail(reson=\"Цена доставки: 4300 9900 11440\")\n        ),\n        (\"TD 024\", aksolit_30, 299, 9000, 4300, 9900, 11440),\n        (\"TD 025\", aksolit_30, 333, 10000, 7000, 13900, 15900),\n        pytest.param(\n            \"TD 026\", aksolit_30, 366, 11000, 8000, 14900, 19900,\n            marks=pytest.mark.xfail(reson=\"Цена доставки: 7000 13900 15900\")\n        ),\n        pytest.param(\n            \"TD 027\", aksolit_30, 666, 20000, 14000, 16900, 23900,\n            marks=pytest.mark.xfail(reson=\"Цена доставки: 7000 13900 15900\")\n        )\n    ])\n    @pytest.mark.xfail\n    @pytest.mark.smoke_test\n    def test_positive_delivery_blue_zone_smoke(\n            self, driver, url, case_id, link_item, amount, weight, standard, in_time, all_time\n    ):\n        allure.dynamic.title(f\"{case_id} Доставка товара весом до {weight}кг. в синей зоне\")\n    \n        driver.get(f'{url}{link_item}')\n        item_page = ItemPage(driver)\n>       item_page.add_item_to_cart(amount).click_on_cart()\n\ntests/delivery/test_delivery_calculation.py:132: \n_ _ _ _ _ _ _ _ _ _ _ _ _ _ _ _ _ _ _ _ _ _ _ _ _ _ _ _ _ _ _ _ _ _ _ _ _ _ _ _ \npages/item_page.py:40: in add_item_to_cart\n    self.find_element(self._add_item).click()\nbase/seleniumbase.py:17: in find_element\n    return self.driver.find_element(*locator)\n/usr/local/lib/python3.11/site-packages/selenium/webdriver/remote/webdriver.py:739: in find_element\n    return self.execute(Command.FIND_ELEMENT, {\"using\": by, \"value\": value})[\"value\"]\n/usr/local/lib/python3.11/site-packages/selenium/webdriver/remote/webdriver.py:345: in execute\n    self.error_handler.check_response(response)\n_ _ _ _ _ _ _ _ _ _ _ _ _ _ _ _ _ _ _ _ _ _ _ _ _ _ _ _ _ _ _ _ _ _ _ _ _ _ _ _ \n\nself = <selenium.webdriver.remote.errorhandler.ErrorHandler object at 0x7fd89b55da10>\nresponse = {'status': 404, 'value': '{\"value\":{\"error\":\"no such element\",\"message\":\"no such element: Unable to locate element: {\\...\\\\n#16 0x55656430c8fb \\\\u003Cunknown>\\\\n#17 0x55656431c9b4 \\\\u003Cunknown>\\\\n#18 0x7f1eea63b134 \\\\u003Cunknown>\\\\n\"}}'}\n\n    def check_response(self, response: Dict[str, Any]) -> None:\n        \"\"\"Checks that a JSON response from the WebDriver does not have an\n        error.\n    \n        :Args:\n         - response - The JSON response from the WebDriver server as a dictionary\n           object.\n    \n        :Raises: If the response contains an error message.\n        \"\"\"\n        status = response.get(\"status\", None)\n        if not status or status == ErrorCode.SUCCESS:\n            return\n        value = None\n        message = response.get(\"message\", \"\")\n        screen: str = response.get(\"screen\", \"\")\n        stacktrace = None\n        if isinstance(status, int):\n            value_json = response.get(\"value\", None)\n            if value_json and isinstance(value_json, str):\n                import json\n    \n                try:\n                    value = json.loads(value_json)\n                    if len(value) == 1:\n                        value = value[\"value\"]\n                    status = value.get(\"error\", None)\n                    if not status:\n                        status = value.get(\"status\", ErrorCode.UNKNOWN_ERROR)\n                        message = value.get(\"value\") or value.get(\"message\")\n                        if not isinstance(message, str):\n                            value = message\n                            message = message.get(\"message\")\n                    else:\n                        message = value.get(\"message\", None)\n                except ValueError:\n                    pass\n    \n        exception_class: Type[WebDriverException]\n        e = ErrorCode()\n        error_codes = [item for item in dir(e) if not item.startswith(\"__\")]\n        for error_code in error_codes:\n            error_info = getattr(ErrorCode, error_code)\n            if isinstance(error_info, list) and status in error_info:\n                exception_class = getattr(ExceptionMapping, error_code, WebDriverException)\n                break\n        else:\n            exception_class = WebDriverException\n    \n        if not value:\n            value = response[\"value\"]\n        if isinstance(value, str):\n            raise exception_class(value)\n        if message == \"\" and \"message\" in value:\n            message = value[\"message\"]\n    \n        screen = None  # type: ignore[assignment]\n        if \"screen\" in value:\n            screen = value[\"screen\"]\n    \n        stacktrace = None\n        st_value = value.get(\"stackTrace\") or value.get(\"stacktrace\")\n        if st_value:\n            if isinstance(st_value, str):\n                stacktrace = st_value.split(\"\\n\")\n            else:\n                stacktrace = []\n                try:\n                    for frame in st_value:\n                        line = frame.get(\"lineNumber\", \"\")\n                        file = frame.get(\"fileName\", \"<anonymous>\")\n                        if line:\n                            file = f\"{file}:{line}\"\n                        meth = frame.get(\"methodName\", \"<anonymous>\")\n                        if \"className\" in frame:\n                            meth = f\"{frame['className']}.{meth}\"\n                        msg = \"    at %s (%s)\"\n                        msg = msg % (meth, file)\n                        stacktrace.append(msg)\n                except TypeError:\n                    pass\n        if exception_class == UnexpectedAlertPresentException:\n            alert_text = None\n            if \"data\" in value:\n                alert_text = value[\"data\"].get(\"text\")\n            elif \"alert\" in value:\n                alert_text = value[\"alert\"].get(\"text\")\n            raise exception_class(message, screen, stacktrace, alert_text)  # type: ignore[call-arg]  # mypy is not smart enough here\n>       raise exception_class(message, screen, stacktrace)\nE       selenium.common.exceptions.NoSuchElementException: Message: no such element: Unable to locate element: {\"method\":\"xpath\",\"selector\":\"(//a[@class='add-to-cart yellow-btn'])[1]\"}\nE         (Session info: chrome-headless-shell=123.0.6312.122); For documentation on this error, please visit: https://www.selenium.dev/documentation/webdriver/troubleshooting/errors#no-such-element-exception\nE       Stacktrace:\nE       #0 0x55656431d863 <unknown>\nE       #1 0x5565640138c6 <unknown>\nE       #2 0x55656405e618 <unknown>\nE       #3 0x55656405e6d1 <unknown>\nE       #4 0x5565640a1744 <unknown>\nE       #5 0x5565640805cd <unknown>\nE       #6 0x55656409ec19 <unknown>\nE       #7 0x556564080343 <unknown>\nE       #8 0x556564051593 <unknown>\nE       #9 0x556564051f5e <unknown>\nE       #10 0x5565642e184b <unknown>\nE       #11 0x5565642e57a5 <unknown>\nE       #12 0x5565642cf571 <unknown>\nE       #13 0x5565642e6332 <unknown>\nE       #14 0x5565642b487f <unknown>\nE       #15 0x55656430c728 <unknown>\nE       #16 0x55656430c8fb <unknown>\nE       #17 0x55656431c9b4 <unknown>\nE       #18 0x7f1eea63b134 <unknown>\n\n/usr/local/lib/python3.11/site-packages/selenium/webdriver/remote/errorhandler.py:229: NoSuchElementException","steps":[{"name":"Добавляем товар в корзину в количестве 299","time":{"start":1712883193045,"stop":1712883193057,"duration":12},"status":"broken","statusMessage":"selenium.common.exceptions.NoSuchElementException: Message: no such element: Unable to locate element: {\"method\":\"xpath\",\"selector\":\"(//a[@class='add-to-cart yellow-btn'])[1]\"}\n  (Session info: chrome-headless-shell=123.0.6312.122); For documentation on this error, please visit: https://www.selenium.dev/documentation/webdriver/troubleshooting/errors#no-such-element-exception\nStacktrace:\n#0 0x55656431d863 <unknown>\n#1 0x5565640138c6 <unknown>\n#2 0x55656405e618 <unknown>\n#3 0x55656405e6d1 <unknown>\n#4 0x5565640a1744 <unknown>\n#5 0x5565640805cd <unknown>\n#6 0x55656409ec19 <unknown>\n#7 0x556564080343 <unknown>\n#8 0x556564051593 <unknown>\n#9 0x556564051f5e <unknown>\n#10 0x5565642e184b <unknown>\n#11 0x5565642e57a5 <unknown>\n#12 0x5565642cf571 <unknown>\n#13 0x5565642e6332 <unknown>\n#14 0x5565642b487f <unknown>\n#15 0x55656430c728 <unknown>\n#16 0x55656430c8fb <unknown>\n#17 0x55656431c9b4 <unknown>\n#18 0x7f1eea63b134 <unknown>\n\n","statusTrace":"  File \"/usr/local/lib/python3.11/site-packages/allure_commons/_allure.py\", line 192, in impl\n    return func(*a, **kw)\n           ^^^^^^^^^^^^^^\n  File \"/app/pages/item_page.py\", line 40, in add_item_to_cart\n    self.find_element(self._add_item).click()\n    ^^^^^^^^^^^^^^^^^^^^^^^^^^^^^^^^^\n  File \"/app/base/seleniumbase.py\", line 17, in find_element\n    return self.driver.find_element(*locator)\n           ^^^^^^^^^^^^^^^^^^^^^^^^^^^^^^^^^^\n  File \"/usr/local/lib/python3.11/site-packages/selenium/webdriver/remote/webdriver.py\", line 739, in find_element\n    return self.execute(Command.FIND_ELEMENT, {\"using\": by, \"value\": value})[\"value\"]\n           ^^^^^^^^^^^^^^^^^^^^^^^^^^^^^^^^^^^^^^^^^^^^^^^^^^^^^^^^^^^^^^^^^\n  File \"/usr/local/lib/python3.11/site-packages/selenium/webdriver/remote/webdriver.py\", line 345, in execute\n    self.error_handler.check_response(response)\n  File \"/usr/local/lib/python3.11/site-packages/selenium/webdriver/remote/errorhandler.py\", line 229, in check_response\n    raise exception_class(message, screen, stacktrace)\n","steps":[],"attachments":[],"parameters":[{"name":"amount","value":"299"}],"shouldDisplayMessage":true,"stepsCount":0,"attachmentsCount":0,"hasContent":true,"attachmentStep":false}],"attachments":[{"uid":"362e979877fa8dc5","name":"Screenshot","source":"362e979877fa8dc5.png","type":"image/png","size":5862},{"uid":"d40161cc2f51ddb9","name":"HTML source","source":"d40161cc2f51ddb9.html","type":"text/html","size":39}],"parameters":[],"shouldDisplayMessage":true,"stepsCount":1,"attachmentsCount":2,"hasContent":true,"attachmentStep":false},"afterStages":[{"name":"setup::0","time":{"start":1712883193164,"stop":1712883193164,"duration":0},"status":"passed","steps":[],"attachments":[],"parameters":[],"shouldDisplayMessage":false,"stepsCount":0,"attachmentsCount":0,"hasContent":false,"attachmentStep":false},{"name":"driver::0","time":{"start":1712883193164,"stop":1712883193222,"duration":58},"status":"passed","steps":[],"attachments":[],"parameters":[],"shouldDisplayMessage":false,"stepsCount":0,"attachmentsCount":0,"hasContent":false,"attachmentStep":false}],"labels":[{"name":"epic","value":"Delivery Page - calculation"},{"name":"tag","value":"smoke_test"},{"name":"tag","value":"@pytest.mark.xfail"},{"name":"parentSuite","value":"tests.delivery"},{"name":"suite","value":"test_delivery_calculation"},{"name":"subSuite","value":"TestDeliveryPageCalculation"},{"name":"host","value":"6af0e820b722"},{"name":"thread","value":"1-MainThread"},{"name":"framework","value":"pytest"},{"name":"language","value":"cpython3"},{"name":"package","value":"tests.delivery.test_delivery_calculation"},{"name":"resultFormat","value":"allure2"}],"parameters":[{"name":"all_time","value":"11440"},{"name":"amount","value":"299"},{"name":"case_id","value":"'TD 024'"},{"name":"in_time","value":"9900"},{"name":"link_item","value":"'products/shtukaturka-gipsovaya-aksolit-m50-30-kg-mashinnogo-naneseniya'"},{"name":"standard","value":"4300"},{"name":"url","value":"'https://sandboxtest.stroyrem-nn.ru/'"},{"name":"weight","value":"9000"}],"links":[],"hidden":false,"retry":false,"extra":{"severity":"normal","retries":[],"categories":[],"history":{"statistic":{"failed":0,"broken":13,"skipped":214,"passed":0,"unknown":0,"total":227},"items":[{"uid":"c475185188f2a344","reportUrl":"https://Nat754.github.io/StroyremAutomation/274//#testresult/c475185188f2a344","status":"skipped","statusDetails":"XFAIL\n\nselenium.common.exceptions.NoSuchElementException: Message: no such element: Unable to locate element: {\"method\":\"xpath\",\"selector\":\"(//a[@class='add-to-cart yellow-btn'])[1]\"}\n  (Session info: chrome-headless-shell=123.0.6312.122); For documentation on this error, please visit: https://www.selenium.dev/documentation/webdriver/troubleshooting/errors#no-such-element-exception\nStacktrace:\n#0 0x5570dd571863 <unknown>\n#1 0x5570dd2678c6 <unknown>\n#2 0x5570dd2b2618 <unknown>\n#3 0x5570dd2b26d1 <unknown>\n#4 0x5570dd2f5744 <unknown>\n#5 0x5570dd2d45cd <unknown>\n#6 0x5570dd2f2c19 <unknown>\n#7 0x5570dd2d4343 <unknown>\n#8 0x5570dd2a5593 <unknown>\n#9 0x5570dd2a5f5e <unknown>\n#10 0x5570dd53584b <unknown>\n#11 0x5570dd5397a5 <unknown>\n#12 0x5570dd523571 <unknown>\n#13 0x5570dd53a332 <unknown>\n#14 0x5570dd50887f <unknown>\n#15 0x5570dd560728 <unknown>\n#16 0x5570dd5608fb <unknown>\n#17 0x5570dd5709b4 <unknown>\n#18 0x7fb0f509e134 <unknown>","time":{"start":1712796848055,"stop":1712796848517,"duration":462}},{"uid":"64c7bcc6c691b45b","reportUrl":"https://Nat754.github.io/StroyremAutomation/273//#testresult/64c7bcc6c691b45b","status":"skipped","statusDetails":"XFAIL\n\nselenium.common.exceptions.NoSuchElementException: Message: no such element: Unable to locate element: {\"method\":\"xpath\",\"selector\":\"(//a[@class='add-to-cart yellow-btn'])[1]\"}\n  (Session info: chrome-headless-shell=123.0.6312.105); For documentation on this error, please visit: https://www.selenium.dev/documentation/webdriver/troubleshooting/errors#no-such-element-exception\nStacktrace:\n#0 0x561e06dcc873 <unknown>\n#1 0x561e06ac28c6 <unknown>\n#2 0x561e06b0d618 <unknown>\n#3 0x561e06b0d6d1 <unknown>\n#4 0x561e06b50744 <unknown>\n#5 0x561e06b2f5cd <unknown>\n#6 0x561e06b4dc19 <unknown>\n#7 0x561e06b2f343 <unknown>\n#8 0x561e06b00593 <unknown>\n#9 0x561e06b00f5e <unknown>\n#10 0x561e06d9085b <unknown>\n#11 0x561e06d947b5 <unknown>\n#12 0x561e06d7e581 <unknown>\n#13 0x561e06d95342 <unknown>\n#14 0x561e06d6388f <unknown>\n#15 0x561e06dbb738 <unknown>\n#16 0x561e06dbb90b <unknown>\n#17 0x561e06dcb9c4 <unknown>\n#18 0x7efcbd7a3134 <unknown>","time":{"start":1712710391557,"stop":1712710392090,"duration":533}},{"uid":"253a3eac04e7affa","reportUrl":"https://Nat754.github.io/StroyremAutomation/272//#testresult/253a3eac04e7affa","status":"skipped","statusDetails":"XFAIL\n\nselenium.common.exceptions.NoSuchElementException: Message: no such element: Unable to locate element: {\"method\":\"xpath\",\"selector\":\"(//a[@class='add-to-cart yellow-btn'])[1]\"}\n  (Session info: chrome-headless-shell=123.0.6312.105); For documentation on this error, please visit: https://www.selenium.dev/documentation/webdriver/troubleshooting/errors#no-such-element-exception\nStacktrace:\n#0 0x556f233fd873 <unknown>\n#1 0x556f230f38c6 <unknown>\n#2 0x556f2313e618 <unknown>\n#3 0x556f2313e6d1 <unknown>\n#4 0x556f23181744 <unknown>\n#5 0x556f231605cd <unknown>\n#6 0x556f2317ec19 <unknown>\n#7 0x556f23160343 <unknown>\n#8 0x556f23131593 <unknown>\n#9 0x556f23131f5e <unknown>\n#10 0x556f233c185b <unknown>\n#11 0x556f233c57b5 <unknown>\n#12 0x556f233af581 <unknown>\n#13 0x556f233c6342 <unknown>\n#14 0x556f2339488f <unknown>\n#15 0x556f233ec738 <unknown>\n#16 0x556f233ec90b <unknown>\n#17 0x556f233fc9c4 <unknown>\n#18 0x7f2cb500a134 <unknown>","time":{"start":1712624029882,"stop":1712624030274,"duration":392}},{"uid":"be33846ef215fee5","reportUrl":"https://Nat754.github.io/StroyremAutomation/271//#testresult/be33846ef215fee5","status":"skipped","statusDetails":"XFAIL\n\nselenium.common.exceptions.NoSuchElementException: Message: no such element: Unable to locate element: {\"method\":\"xpath\",\"selector\":\"(//a[@class='add-to-cart yellow-btn'])[1]\"}\n  (Session info: chrome-headless-shell=123.0.6312.105); For documentation on this error, please visit: https://www.selenium.dev/documentation/webdriver/troubleshooting/errors#no-such-element-exception\nStacktrace:\n#0 0x5616faafa873 <unknown>\n#1 0x5616fa7f08c6 <unknown>\n#2 0x5616fa83b618 <unknown>\n#3 0x5616fa83b6d1 <unknown>\n#4 0x5616fa87e744 <unknown>\n#5 0x5616fa85d5cd <unknown>\n#6 0x5616fa87bc19 <unknown>\n#7 0x5616fa85d343 <unknown>\n#8 0x5616fa82e593 <unknown>\n#9 0x5616fa82ef5e <unknown>\n#10 0x5616faabe85b <unknown>\n#11 0x5616faac27b5 <unknown>\n#12 0x5616faaac581 <unknown>\n#13 0x5616faac3342 <unknown>\n#14 0x5616faa9188f <unknown>\n#15 0x5616faae9738 <unknown>\n#16 0x5616faae990b <unknown>\n#17 0x5616faaf99c4 <unknown>\n#18 0x7fde78ed0134 <unknown>","time":{"start":1712537691351,"stop":1712537691649,"duration":298}},{"uid":"589fb5122effc25","reportUrl":"https://Nat754.github.io/StroyremAutomation/270//#testresult/589fb5122effc25","status":"skipped","statusDetails":"XFAIL\n\nselenium.common.exceptions.NoSuchElementException: Message: no such element: Unable to locate element: {\"method\":\"xpath\",\"selector\":\"(//a[@class='add-to-cart yellow-btn'])[1]\"}\n  (Session info: chrome-headless-shell=123.0.6312.105); For documentation on this error, please visit: https://www.selenium.dev/documentation/webdriver/troubleshooting/errors#no-such-element-exception\nStacktrace:\n#0 0x560438ff2873 <unknown>\n#1 0x560438ce88c6 <unknown>\n#2 0x560438d33618 <unknown>\n#3 0x560438d336d1 <unknown>\n#4 0x560438d76744 <unknown>\n#5 0x560438d555cd <unknown>\n#6 0x560438d73c19 <unknown>\n#7 0x560438d55343 <unknown>\n#8 0x560438d26593 <unknown>\n#9 0x560438d26f5e <unknown>\n#10 0x560438fb685b <unknown>\n#11 0x560438fba7b5 <unknown>\n#12 0x560438fa4581 <unknown>\n#13 0x560438fbb342 <unknown>\n#14 0x560438f8988f <unknown>\n#15 0x560438fe1738 <unknown>\n#16 0x560438fe190b <unknown>\n#17 0x560438ff19c4 <unknown>\n#18 0x7f806e290134 <unknown>","time":{"start":1712451501316,"stop":1712451501716,"duration":400}},{"uid":"7bbb6762bd63a0ce","reportUrl":"https://Nat754.github.io/StroyremAutomation/269//#testresult/7bbb6762bd63a0ce","status":"skipped","statusDetails":"XFAIL\n\nselenium.common.exceptions.NoSuchElementException: Message: no such element: Unable to locate element: {\"method\":\"xpath\",\"selector\":\"(//a[@class='add-to-cart yellow-btn'])[1]\"}\n  (Session info: chrome-headless-shell=123.0.6312.105); For documentation on this error, please visit: https://www.selenium.dev/documentation/webdriver/troubleshooting/errors#no-such-element-exception\nStacktrace:\n#0 0x55ee798c4873 <unknown>\n#1 0x55ee795ba8c6 <unknown>\n#2 0x55ee79605618 <unknown>\n#3 0x55ee796056d1 <unknown>\n#4 0x55ee79648744 <unknown>\n#5 0x55ee796275cd <unknown>\n#6 0x55ee79645c19 <unknown>\n#7 0x55ee79627343 <unknown>\n#8 0x55ee795f8593 <unknown>\n#9 0x55ee795f8f5e <unknown>\n#10 0x55ee7988885b <unknown>\n#11 0x55ee7988c7b5 <unknown>\n#12 0x55ee79876581 <unknown>\n#13 0x55ee7988d342 <unknown>\n#14 0x55ee7985b88f <unknown>\n#15 0x55ee798b3738 <unknown>\n#16 0x55ee798b390b <unknown>\n#17 0x55ee798c39c4 <unknown>\n#18 0x7f6c3c86c134 <unknown>","time":{"start":1712364718618,"stop":1712364718946,"duration":328}},{"uid":"f54f770370dbb111","reportUrl":"https://Nat754.github.io/StroyremAutomation/268//#testresult/f54f770370dbb111","status":"skipped","statusDetails":"XFAIL\n\nselenium.common.exceptions.NoSuchElementException: Message: no such element: Unable to locate element: {\"method\":\"xpath\",\"selector\":\"(//a[@class='add-to-cart yellow-btn'])[1]\"}\n  (Session info: chrome-headless-shell=123.0.6312.105); For documentation on this error, please visit: https://www.selenium.dev/documentation/webdriver/troubleshooting/errors#no-such-element-exception\nStacktrace:\n#0 0x562260131873 <unknown>\n#1 0x56225fe278c6 <unknown>\n#2 0x56225fe72618 <unknown>\n#3 0x56225fe726d1 <unknown>\n#4 0x56225feb5744 <unknown>\n#5 0x56225fe945cd <unknown>\n#6 0x56225feb2c19 <unknown>\n#7 0x56225fe94343 <unknown>\n#8 0x56225fe65593 <unknown>\n#9 0x56225fe65f5e <unknown>\n#10 0x5622600f585b <unknown>\n#11 0x5622600f97b5 <unknown>\n#12 0x5622600e3581 <unknown>\n#13 0x5622600fa342 <unknown>\n#14 0x5622600c888f <unknown>\n#15 0x562260120738 <unknown>\n#16 0x56226012090b <unknown>\n#17 0x5622601309c4 <unknown>\n#18 0x7fd2ebd20134 <unknown>","time":{"start":1712278413741,"stop":1712278414038,"duration":297}},{"uid":"db14d272f67ed189","reportUrl":"https://Nat754.github.io/StroyremAutomation/267//#testresult/db14d272f67ed189","status":"skipped","statusDetails":"XFAIL\n\nselenium.common.exceptions.NoSuchElementException: Message: no such element: Unable to locate element: {\"method\":\"xpath\",\"selector\":\"(//a[@class='add-to-cart yellow-btn'])[1]\"}\n  (Session info: chrome-headless-shell=123.0.6312.86); For documentation on this error, please visit: https://www.selenium.dev/documentation/webdriver/troubleshooting/errors#no-such-element-exception\nStacktrace:\n#0 0x55e5c1d5e8a3 <unknown>\n#1 0x55e5c1a548c6 <unknown>\n#2 0x55e5c1a9f618 <unknown>\n#3 0x55e5c1a9f6d1 <unknown>\n#4 0x55e5c1ae2744 <unknown>\n#5 0x55e5c1ac15cd <unknown>\n#6 0x55e5c1adfc19 <unknown>\n#7 0x55e5c1ac1343 <unknown>\n#8 0x55e5c1a92593 <unknown>\n#9 0x55e5c1a92f5e <unknown>\n#10 0x55e5c1d2288b <unknown>\n#11 0x55e5c1d267e5 <unknown>\n#12 0x55e5c1d105b1 <unknown>\n#13 0x55e5c1d27372 <unknown>\n#14 0x55e5c1cf58bf <unknown>\n#15 0x55e5c1d4d768 <unknown>\n#16 0x55e5c1d4d93b <unknown>\n#17 0x55e5c1d5d9f4 <unknown>\n#18 0x7f5acd077134 <unknown>","time":{"start":1712192187560,"stop":1712192187865,"duration":305}},{"uid":"d37cbcf53de1885d","reportUrl":"https://Nat754.github.io/StroyremAutomation/266//#testresult/d37cbcf53de1885d","status":"skipped","statusDetails":"XFAIL\n\nselenium.common.exceptions.NoSuchElementException: Message: no such element: Unable to locate element: {\"method\":\"xpath\",\"selector\":\"(//a[@class='add-to-cart yellow-btn'])[1]\"}\n  (Session info: chrome-headless-shell=123.0.6312.86); For documentation on this error, please visit: https://www.selenium.dev/documentation/webdriver/troubleshooting/errors#no-such-element-exception\nStacktrace:\n#0 0x55c6f08fb8a3 <unknown>\n#1 0x55c6f05f18c6 <unknown>\n#2 0x55c6f063c618 <unknown>\n#3 0x55c6f063c6d1 <unknown>\n#4 0x55c6f067f744 <unknown>\n#5 0x55c6f065e5cd <unknown>\n#6 0x55c6f067cc19 <unknown>\n#7 0x55c6f065e343 <unknown>\n#8 0x55c6f062f593 <unknown>\n#9 0x55c6f062ff5e <unknown>\n#10 0x55c6f08bf88b <unknown>\n#11 0x55c6f08c37e5 <unknown>\n#12 0x55c6f08ad5b1 <unknown>\n#13 0x55c6f08c4372 <unknown>\n#14 0x55c6f08928bf <unknown>\n#15 0x55c6f08ea768 <unknown>\n#16 0x55c6f08ea93b <unknown>\n#17 0x55c6f08fa9f4 <unknown>\n#18 0x7f4170426134 <unknown>","time":{"start":1712105559869,"stop":1712105560165,"duration":296}},{"uid":"c59c2f966dc9368f","reportUrl":"https://Nat754.github.io/StroyremAutomation/265//#testresult/c59c2f966dc9368f","status":"skipped","statusDetails":"XFAIL\n\nselenium.common.exceptions.NoSuchElementException: Message: no such element: Unable to locate element: {\"method\":\"xpath\",\"selector\":\"(//a[@class='add-to-cart yellow-btn'])[1]\"}\n  (Session info: chrome-headless-shell=123.0.6312.86); For documentation on this error, please visit: https://www.selenium.dev/documentation/webdriver/troubleshooting/errors#no-such-element-exception\nStacktrace:\n#0 0x56110c1f88a3 <unknown>\n#1 0x56110beee8c6 <unknown>\n#2 0x56110bf39618 <unknown>\n#3 0x56110bf396d1 <unknown>\n#4 0x56110bf7c744 <unknown>\n#5 0x56110bf5b5cd <unknown>\n#6 0x56110bf79c19 <unknown>\n#7 0x56110bf5b343 <unknown>\n#8 0x56110bf2c593 <unknown>\n#9 0x56110bf2cf5e <unknown>\n#10 0x56110c1bc88b <unknown>\n#11 0x56110c1c07e5 <unknown>\n#12 0x56110c1aa5b1 <unknown>\n#13 0x56110c1c1372 <unknown>\n#14 0x56110c18f8bf <unknown>\n#15 0x56110c1e7768 <unknown>\n#16 0x56110c1e793b <unknown>\n#17 0x56110c1f79f4 <unknown>\n#18 0x7f0004792134 <unknown>","time":{"start":1712019323888,"stop":1712019324181,"duration":293}},{"uid":"fc021692abef08e2","reportUrl":"https://Nat754.github.io/StroyremAutomation/264//#testresult/fc021692abef08e2","status":"skipped","statusDetails":"XFAIL\n\nselenium.common.exceptions.NoSuchElementException: Message: no such element: Unable to locate element: {\"method\":\"xpath\",\"selector\":\"(//a[@class='add-to-cart yellow-btn'])[1]\"}\n  (Session info: chrome-headless-shell=123.0.6312.86); For documentation on this error, please visit: https://www.selenium.dev/documentation/webdriver/troubleshooting/errors#no-such-element-exception\nStacktrace:\n#0 0x5648147b08a3 <unknown>\n#1 0x5648144a68c6 <unknown>\n#2 0x5648144f1618 <unknown>\n#3 0x5648144f16d1 <unknown>\n#4 0x564814534744 <unknown>\n#5 0x5648145135cd <unknown>\n#6 0x564814531c19 <unknown>\n#7 0x564814513343 <unknown>\n#8 0x5648144e4593 <unknown>\n#9 0x5648144e4f5e <unknown>\n#10 0x56481477488b <unknown>\n#11 0x5648147787e5 <unknown>\n#12 0x5648147625b1 <unknown>\n#13 0x564814779372 <unknown>\n#14 0x5648147478bf <unknown>\n#15 0x56481479f768 <unknown>\n#16 0x56481479f93b <unknown>\n#17 0x5648147af9f4 <unknown>\n#18 0x7f4d29bd8134 <unknown>","time":{"start":1711933140405,"stop":1711933141015,"duration":610}},{"uid":"8fb3d7971a0d652d","reportUrl":"https://Nat754.github.io/StroyremAutomation/263//#testresult/8fb3d7971a0d652d","status":"skipped","statusDetails":"XFAIL\n\nselenium.common.exceptions.NoSuchElementException: Message: no such element: Unable to locate element: {\"method\":\"xpath\",\"selector\":\"(//a[@class='add-to-cart yellow-btn'])[1]\"}\n  (Session info: chrome-headless-shell=123.0.6312.86); For documentation on this error, please visit: https://www.selenium.dev/documentation/webdriver/troubleshooting/errors#no-such-element-exception\nStacktrace:\n#0 0x55b2552388a3 <unknown>\n#1 0x55b254f2e8c6 <unknown>\n#2 0x55b254f79618 <unknown>\n#3 0x55b254f796d1 <unknown>\n#4 0x55b254fbc744 <unknown>\n#5 0x55b254f9b5cd <unknown>\n#6 0x55b254fb9c19 <unknown>\n#7 0x55b254f9b343 <unknown>\n#8 0x55b254f6c593 <unknown>\n#9 0x55b254f6cf5e <unknown>\n#10 0x55b2551fc88b <unknown>\n#11 0x55b2552007e5 <unknown>\n#12 0x55b2551ea5b1 <unknown>\n#13 0x55b255201372 <unknown>\n#14 0x55b2551cf8bf <unknown>\n#15 0x55b255227768 <unknown>\n#16 0x55b25522793b <unknown>\n#17 0x55b2552379f4 <unknown>\n#18 0x7f6a39f94134 <unknown>","time":{"start":1711846692036,"stop":1711846692329,"duration":293}},{"uid":"87dffe03253878c4","reportUrl":"https://Nat754.github.io/StroyremAutomation/262//#testresult/87dffe03253878c4","status":"skipped","statusDetails":"XFAIL\n\nselenium.common.exceptions.NoSuchElementException: Message: no such element: Unable to locate element: {\"method\":\"xpath\",\"selector\":\"(//a[@class='add-to-cart yellow-btn'])[1]\"}\n  (Session info: chrome-headless-shell=123.0.6312.86); For documentation on this error, please visit: https://www.selenium.dev/documentation/webdriver/troubleshooting/errors#no-such-element-exception\nStacktrace:\n#0 0x55d472e0a8a3 <unknown>\n#1 0x55d472b008c6 <unknown>\n#2 0x55d472b4b618 <unknown>\n#3 0x55d472b4b6d1 <unknown>\n#4 0x55d472b8e744 <unknown>\n#5 0x55d472b6d5cd <unknown>\n#6 0x55d472b8bc19 <unknown>\n#7 0x55d472b6d343 <unknown>\n#8 0x55d472b3e593 <unknown>\n#9 0x55d472b3ef5e <unknown>\n#10 0x55d472dce88b <unknown>\n#11 0x55d472dd27e5 <unknown>\n#12 0x55d472dbc5b1 <unknown>\n#13 0x55d472dd3372 <unknown>\n#14 0x55d472da18bf <unknown>\n#15 0x55d472df9768 <unknown>\n#16 0x55d472df993b <unknown>\n#17 0x55d472e099f4 <unknown>\n#18 0x7f16acb88134 <unknown>","time":{"start":1711759844909,"stop":1711759845238,"duration":329}},{"uid":"98b73588e401267d","reportUrl":"https://Nat754.github.io/StroyremAutomation/261//#testresult/98b73588e401267d","status":"skipped","statusDetails":"XFAIL\n\nselenium.common.exceptions.NoSuchElementException: Message: no such element: Unable to locate element: {\"method\":\"xpath\",\"selector\":\"(//a[@class='add-to-cart yellow-btn'])[1]\"}\n  (Session info: chrome-headless-shell=123.0.6312.86); For documentation on this error, please visit: https://www.selenium.dev/documentation/webdriver/troubleshooting/errors#no-such-element-exception\nStacktrace:\n#0 0x5597fe3eb8a3 <unknown>\n#1 0x5597fe0e18c6 <unknown>\n#2 0x5597fe12c618 <unknown>\n#3 0x5597fe12c6d1 <unknown>\n#4 0x5597fe16f744 <unknown>\n#5 0x5597fe14e5cd <unknown>\n#6 0x5597fe16cc19 <unknown>\n#7 0x5597fe14e343 <unknown>\n#8 0x5597fe11f593 <unknown>\n#9 0x5597fe11ff5e <unknown>\n#10 0x5597fe3af88b <unknown>\n#11 0x5597fe3b37e5 <unknown>\n#12 0x5597fe39d5b1 <unknown>\n#13 0x5597fe3b4372 <unknown>\n#14 0x5597fe3828bf <unknown>\n#15 0x5597fe3da768 <unknown>\n#16 0x5597fe3da93b <unknown>\n#17 0x5597fe3ea9f4 <unknown>\n#18 0x7face6ed7134 <unknown>","time":{"start":1711673593219,"stop":1711673593536,"duration":317}},{"uid":"45cedade3fa7ec73","reportUrl":"https://Nat754.github.io/StroyremAutomation/260//#testresult/45cedade3fa7ec73","status":"skipped","statusDetails":"XFAIL\n\nselenium.common.exceptions.NoSuchElementException: Message: no such element: Unable to locate element: {\"method\":\"xpath\",\"selector\":\"(//a[@class='add-to-cart yellow-btn'])[1]\"}\n  (Session info: chrome-headless-shell=123.0.6312.86); For documentation on this error, please visit: https://www.selenium.dev/documentation/webdriver/troubleshooting/errors#no-such-element-exception\nStacktrace:\n#0 0x561ef7ef28a3 <unknown>\n#1 0x561ef7be88c6 <unknown>\n#2 0x561ef7c33618 <unknown>\n#3 0x561ef7c336d1 <unknown>\n#4 0x561ef7c76744 <unknown>\n#5 0x561ef7c555cd <unknown>\n#6 0x561ef7c73c19 <unknown>\n#7 0x561ef7c55343 <unknown>\n#8 0x561ef7c26593 <unknown>\n#9 0x561ef7c26f5e <unknown>\n#10 0x561ef7eb688b <unknown>\n#11 0x561ef7eba7e5 <unknown>\n#12 0x561ef7ea45b1 <unknown>\n#13 0x561ef7ebb372 <unknown>\n#14 0x561ef7e898bf <unknown>\n#15 0x561ef7ee1768 <unknown>\n#16 0x561ef7ee193b <unknown>\n#17 0x561ef7ef19f4 <unknown>\n#18 0x7f731846e134 <unknown>","time":{"start":1711587196930,"stop":1711587197218,"duration":288}},{"uid":"15b0b8bb328915c2","reportUrl":"https://Nat754.github.io/StroyremAutomation/259//#testresult/15b0b8bb328915c2","status":"skipped","statusDetails":"XFAIL\n\nselenium.common.exceptions.NoSuchElementException: Message: no such element: Unable to locate element: {\"method\":\"xpath\",\"selector\":\"(//a[@class='add-to-cart yellow-btn'])[1]\"}\n  (Session info: chrome-headless-shell=123.0.6312.86); For documentation on this error, please visit: https://www.selenium.dev/documentation/webdriver/troubleshooting/errors#no-such-element-exception\nStacktrace:\n#0 0x55ac730548a3 <unknown>\n#1 0x55ac72d4a8c6 <unknown>\n#2 0x55ac72d95618 <unknown>\n#3 0x55ac72d956d1 <unknown>\n#4 0x55ac72dd8744 <unknown>\n#5 0x55ac72db75cd <unknown>\n#6 0x55ac72dd5c19 <unknown>\n#7 0x55ac72db7343 <unknown>\n#8 0x55ac72d88593 <unknown>\n#9 0x55ac72d88f5e <unknown>\n#10 0x55ac7301888b <unknown>\n#11 0x55ac7301c7e5 <unknown>\n#12 0x55ac730065b1 <unknown>\n#13 0x55ac7301d372 <unknown>\n#14 0x55ac72feb8bf <unknown>\n#15 0x55ac73043768 <unknown>\n#16 0x55ac7304393b <unknown>\n#17 0x55ac730539f4 <unknown>\n#18 0x7f34a1788134 <unknown>","time":{"start":1711500749922,"stop":1711500750251,"duration":329}},{"uid":"57329eb3256ed0b","reportUrl":"https://Nat754.github.io/StroyremAutomation/258//#testresult/57329eb3256ed0b","status":"skipped","statusDetails":"XFAIL\n\nselenium.common.exceptions.NoSuchElementException: Message: no such element: Unable to locate element: {\"method\":\"xpath\",\"selector\":\"(//a[@class='add-to-cart yellow-btn'])[1]\"}\n  (Session info: chrome-headless-shell=123.0.6312.58); For documentation on this error, please visit: https://www.selenium.dev/documentation/webdriver/troubleshooting/errors#no-such-element-exception\nStacktrace:\n#0 0x5589950f2993 <unknown>\n#1 0x558994ded136 <unknown>\n#2 0x558994e37d48 <unknown>\n#3 0x558994e37e01 <unknown>\n#4 0x558994e7ae44 <unknown>\n#5 0x558994e59cfd <unknown>\n#6 0x558994e78319 <unknown>\n#7 0x558994e59a73 <unknown>\n#8 0x558994e2ac93 <unknown>\n#9 0x558994e2b65e <unknown>\n#10 0x5589950b708b <unknown>\n#11 0x5589950bb005 <unknown>\n#12 0x5589950a5491 <unknown>\n#13 0x5589950bbb92 <unknown>\n#14 0x55899508a9ef <unknown>\n#15 0x5589950e1df8 <unknown>\n#16 0x5589950e1fcb <unknown>\n#17 0x5589950f1ae4 <unknown>\n#18 0x7ff034393134 <unknown>","time":{"start":1711414407041,"stop":1711414407423,"duration":382}},{"uid":"f5b3367bc3add510","reportUrl":"https://Nat754.github.io/StroyremAutomation/257//#testresult/f5b3367bc3add510","status":"skipped","statusDetails":"XFAIL\n\nselenium.common.exceptions.NoSuchElementException: Message: no such element: Unable to locate element: {\"method\":\"xpath\",\"selector\":\"(//a[@class='add-to-cart yellow-btn'])[1]\"}\n  (Session info: chrome-headless-shell=123.0.6312.58); For documentation on this error, please visit: https://www.selenium.dev/documentation/webdriver/troubleshooting/errors#no-such-element-exception\nStacktrace:\n#0 0x55c26ee1e993 <unknown>\n#1 0x55c26eb19136 <unknown>\n#2 0x55c26eb63d48 <unknown>\n#3 0x55c26eb63e01 <unknown>\n#4 0x55c26eba6e44 <unknown>\n#5 0x55c26eb85cfd <unknown>\n#6 0x55c26eba4319 <unknown>\n#7 0x55c26eb85a73 <unknown>\n#8 0x55c26eb56c93 <unknown>\n#9 0x55c26eb5765e <unknown>\n#10 0x55c26ede308b <unknown>\n#11 0x55c26ede7005 <unknown>\n#12 0x55c26edd1491 <unknown>\n#13 0x55c26ede7b92 <unknown>\n#14 0x55c26edb69ef <unknown>\n#15 0x55c26ee0ddf8 <unknown>\n#16 0x55c26ee0dfcb <unknown>\n#17 0x55c26ee1dae4 <unknown>\n#18 0x7f0342409134 <unknown>","time":{"start":1711328074215,"stop":1711328074500,"duration":285}},{"uid":"3811e4de622d1763","reportUrl":"https://Nat754.github.io/StroyremAutomation/256//#testresult/3811e4de622d1763","status":"skipped","statusDetails":"XFAIL\n\nselenium.common.exceptions.NoSuchElementException: Message: no such element: Unable to locate element: {\"method\":\"xpath\",\"selector\":\"(//a[@class='add-to-cart yellow-btn'])[1]\"}\n  (Session info: chrome-headless-shell=123.0.6312.58); For documentation on this error, please visit: https://www.selenium.dev/documentation/webdriver/troubleshooting/errors#no-such-element-exception\nStacktrace:\n#0 0x55ee34add993 <unknown>\n#1 0x55ee347d8136 <unknown>\n#2 0x55ee34822d48 <unknown>\n#3 0x55ee34822e01 <unknown>\n#4 0x55ee34865e44 <unknown>\n#5 0x55ee34844cfd <unknown>\n#6 0x55ee34863319 <unknown>\n#7 0x55ee34844a73 <unknown>\n#8 0x55ee34815c93 <unknown>\n#9 0x55ee3481665e <unknown>\n#10 0x55ee34aa208b <unknown>\n#11 0x55ee34aa6005 <unknown>\n#12 0x55ee34a90491 <unknown>\n#13 0x55ee34aa6b92 <unknown>\n#14 0x55ee34a759ef <unknown>\n#15 0x55ee34accdf8 <unknown>\n#16 0x55ee34accfcb <unknown>\n#17 0x55ee34adcae4 <unknown>\n#18 0x7f196dd39134 <unknown>","time":{"start":1711241901920,"stop":1711241902252,"duration":332}},{"uid":"51fc066eaed11df","reportUrl":"https://Nat754.github.io/StroyremAutomation/255//#testresult/51fc066eaed11df","status":"skipped","statusDetails":"XFAIL\n\nselenium.common.exceptions.NoSuchElementException: Message: no such element: Unable to locate element: {\"method\":\"xpath\",\"selector\":\"(//a[@class='add-to-cart yellow-btn'])[1]\"}\n  (Session info: chrome-headless-shell=123.0.6312.58); For documentation on this error, please visit: https://www.selenium.dev/documentation/webdriver/troubleshooting/errors#no-such-element-exception\nStacktrace:\n#0 0x5586833be993 <unknown>\n#1 0x5586830b9136 <unknown>\n#2 0x558683103d48 <unknown>\n#3 0x558683103e01 <unknown>\n#4 0x558683146e44 <unknown>\n#5 0x558683125cfd <unknown>\n#6 0x558683144319 <unknown>\n#7 0x558683125a73 <unknown>\n#8 0x5586830f6c93 <unknown>\n#9 0x5586830f765e <unknown>\n#10 0x55868338308b <unknown>\n#11 0x558683387005 <unknown>\n#12 0x558683371491 <unknown>\n#13 0x558683387b92 <unknown>\n#14 0x5586833569ef <unknown>\n#15 0x5586833addf8 <unknown>\n#16 0x5586833adfcb <unknown>\n#17 0x5586833bdae4 <unknown>\n#18 0x7f2135faa134 <unknown>","time":{"start":1711155065619,"stop":1711155065922,"duration":303}}]},"tags":["@pytest.mark.xfail","smoke_test"]},"source":"bda71e07d5885df1.json","parameterValues":["11440","299","'TD 024'","9900","'products/shtukaturka-gipsovaya-aksolit-m50-30-kg-mashinnogo-naneseniya'","4300","'https://sandboxtest.stroyrem-nn.ru/'","9000"]}