{"uid":"911c3f8e57551702","name":"Авторизация с помощью формы авторизации","fullName":"tests.test_sign_in.test_sign_in_page.TestSignInPage#test_positive_login_with_correct_email_and_password_smoke","historyId":"a273ddf50e4fb1739e30fefb7e3443ae","time":{"start":1706059322399,"stop":1706059322549,"duration":150},"status":"skipped","statusMessage":"XFAIL\n\nselenium.common.exceptions.NoSuchElementException: Message: no such element: Unable to locate element: {\"method\":\"css selector\",\"selector\":\"input[value='Войти']\"}\n  (Session info: chrome-headless-shell=121.0.6167.85); For documentation on this error, please visit: https://www.selenium.dev/documentation/webdriver/troubleshooting/errors#no-such-element-exception\nStacktrace:\n#0 0x560923608d93 <unknown>\n#1 0x5609232ec337 <unknown>\n#2 0x560923337d60 <unknown>\n#3 0x560923337e51 <unknown>\n#4 0x56092337bbc4 <unknown>\n#5 0x56092335a46d <unknown>\n#6 0x56092337912d <unknown>\n#7 0x56092335a1e3 <unknown>\n#8 0x56092332a135 <unknown>\n#9 0x56092332b13e <unknown>\n#10 0x5609235cce4b <unknown>\n#11 0x5609235d0dfa <unknown>\n#12 0x5609235b96d5 <unknown>\n#13 0x5609235d1a6f <unknown>\n#14 0x56092359d69f <unknown>\n#15 0x5609235f6098 <unknown>\n#16 0x5609235f6262 <unknown>\n#17 0x560923607f34 <unknown>\n#18 0x7ff06a0ea044 <unknown>","statusTrace":"self = <tests.test_sign_in.test_sign_in_page.TestSignInPage object at 0x7fc96943e550>\ndriver = <selenium.webdriver.chrome.webdriver.WebDriver (session=\"5acc698498f49d8eefaf4d7162f35f08\")>\nsign_in_page = <pages.sign_in_page.SignInPage object at 0x7fc96973af90>\nopen_sign_in_window = None\n\n    @allure.title(\"Авторизация с помощью формы авторизации\")\n    @pytest.mark.smoke_test\n    @pytest.mark.xfail\n    def test_positive_login_with_correct_email_and_password_smoke(self, driver, sign_in_page, open_sign_in_window):\n        sign_in_page.get_email_field().send_keys(credentials['email'])\n        sign_in_page.get_password_field().send_keys(credentials['password'])\n>       sign_in_page.get_sign_in_button().click()\n\ntests/test_sign_in/test_sign_in_page.py:237: \n_ _ _ _ _ _ _ _ _ _ _ _ _ _ _ _ _ _ _ _ _ _ _ _ _ _ _ _ _ _ _ _ _ _ _ _ _ _ _ _ \npages/sign_in_page.py:99: in get_sign_in_button\n    return self.find_element(self._sign_in_button)\nbase/seleniumbase.py:17: in find_element\n    return self.driver.find_element(*locator)\n/usr/local/lib/python3.11/site-packages/selenium/webdriver/remote/webdriver.py:739: in find_element\n    return self.execute(Command.FIND_ELEMENT, {\"using\": by, \"value\": value})[\"value\"]\n/usr/local/lib/python3.11/site-packages/selenium/webdriver/remote/webdriver.py:345: in execute\n    self.error_handler.check_response(response)\n_ _ _ _ _ _ _ _ _ _ _ _ _ _ _ _ _ _ _ _ _ _ _ _ _ _ _ _ _ _ _ _ _ _ _ _ _ _ _ _ \n\nself = <selenium.webdriver.remote.errorhandler.ErrorHandler object at 0x7fc969e2a750>\nresponse = {'status': 404, 'value': '{\"value\":{\"error\":\"no such element\",\"message\":\"no such element: Unable to locate element: {\\...\\\\n#16 0x5609235f6262 \\\\u003Cunknown>\\\\n#17 0x560923607f34 \\\\u003Cunknown>\\\\n#18 0x7ff06a0ea044 \\\\u003Cunknown>\\\\n\"}}'}\n\n    def check_response(self, response: Dict[str, Any]) -> None:\n        \"\"\"Checks that a JSON response from the WebDriver does not have an\n        error.\n    \n        :Args:\n         - response - The JSON response from the WebDriver server as a dictionary\n           object.\n    \n        :Raises: If the response contains an error message.\n        \"\"\"\n        status = response.get(\"status\", None)\n        if not status or status == ErrorCode.SUCCESS:\n            return\n        value = None\n        message = response.get(\"message\", \"\")\n        screen: str = response.get(\"screen\", \"\")\n        stacktrace = None\n        if isinstance(status, int):\n            value_json = response.get(\"value\", None)\n            if value_json and isinstance(value_json, str):\n                import json\n    \n                try:\n                    value = json.loads(value_json)\n                    if len(value) == 1:\n                        value = value[\"value\"]\n                    status = value.get(\"error\", None)\n                    if not status:\n                        status = value.get(\"status\", ErrorCode.UNKNOWN_ERROR)\n                        message = value.get(\"value\") or value.get(\"message\")\n                        if not isinstance(message, str):\n                            value = message\n                            message = message.get(\"message\")\n                    else:\n                        message = value.get(\"message\", None)\n                except ValueError:\n                    pass\n    \n        exception_class: Type[WebDriverException]\n        e = ErrorCode()\n        error_codes = [item for item in dir(e) if not item.startswith(\"__\")]\n        for error_code in error_codes:\n            error_info = getattr(ErrorCode, error_code)\n            if isinstance(error_info, list) and status in error_info:\n                exception_class = getattr(ExceptionMapping, error_code, WebDriverException)\n                break\n        else:\n            exception_class = WebDriverException\n    \n        if not value:\n            value = response[\"value\"]\n        if isinstance(value, str):\n            raise exception_class(value)\n        if message == \"\" and \"message\" in value:\n            message = value[\"message\"]\n    \n        screen = None  # type: ignore[assignment]\n        if \"screen\" in value:\n            screen = value[\"screen\"]\n    \n        stacktrace = None\n        st_value = value.get(\"stackTrace\") or value.get(\"stacktrace\")\n        if st_value:\n            if isinstance(st_value, str):\n                stacktrace = st_value.split(\"\\n\")\n            else:\n                stacktrace = []\n                try:\n                    for frame in st_value:\n                        line = frame.get(\"lineNumber\", \"\")\n                        file = frame.get(\"fileName\", \"<anonymous>\")\n                        if line:\n                            file = f\"{file}:{line}\"\n                        meth = frame.get(\"methodName\", \"<anonymous>\")\n                        if \"className\" in frame:\n                            meth = f\"{frame['className']}.{meth}\"\n                        msg = \"    at %s (%s)\"\n                        msg = msg % (meth, file)\n                        stacktrace.append(msg)\n                except TypeError:\n                    pass\n        if exception_class == UnexpectedAlertPresentException:\n            alert_text = None\n            if \"data\" in value:\n                alert_text = value[\"data\"].get(\"text\")\n            elif \"alert\" in value:\n                alert_text = value[\"alert\"].get(\"text\")\n            raise exception_class(message, screen, stacktrace, alert_text)  # type: ignore[call-arg]  # mypy is not smart enough here\n>       raise exception_class(message, screen, stacktrace)\nE       selenium.common.exceptions.NoSuchElementException: Message: no such element: Unable to locate element: {\"method\":\"css selector\",\"selector\":\"input[value='Войти']\"}\nE         (Session info: chrome-headless-shell=121.0.6167.85); For documentation on this error, please visit: https://www.selenium.dev/documentation/webdriver/troubleshooting/errors#no-such-element-exception\nE       Stacktrace:\nE       #0 0x560923608d93 <unknown>\nE       #1 0x5609232ec337 <unknown>\nE       #2 0x560923337d60 <unknown>\nE       #3 0x560923337e51 <unknown>\nE       #4 0x56092337bbc4 <unknown>\nE       #5 0x56092335a46d <unknown>\nE       #6 0x56092337912d <unknown>\nE       #7 0x56092335a1e3 <unknown>\nE       #8 0x56092332a135 <unknown>\nE       #9 0x56092332b13e <unknown>\nE       #10 0x5609235cce4b <unknown>\nE       #11 0x5609235d0dfa <unknown>\nE       #12 0x5609235b96d5 <unknown>\nE       #13 0x5609235d1a6f <unknown>\nE       #14 0x56092359d69f <unknown>\nE       #15 0x5609235f6098 <unknown>\nE       #16 0x5609235f6262 <unknown>\nE       #17 0x560923607f34 <unknown>\nE       #18 0x7ff06a0ea044 <unknown>\n\n/usr/local/lib/python3.11/site-packages/selenium/webdriver/remote/errorhandler.py:229: NoSuchElementException","flaky":false,"newFailed":false,"newBroken":false,"newPassed":false,"retriesCount":0,"retriesStatusChange":false,"beforeStages":[{"name":"_session_faker","time":{"start":1706057618685,"stop":1706057618756,"duration":71},"status":"passed","steps":[],"attachments":[],"parameters":[],"shouldDisplayMessage":false,"stepsCount":0,"attachmentsCount":0,"hasContent":false,"attachmentStep":false},{"name":"clear_allure_results_folder","time":{"start":1706057618756,"stop":1706057618756,"duration":0},"status":"passed","steps":[],"attachments":[],"parameters":[],"shouldDisplayMessage":false,"stepsCount":0,"attachmentsCount":0,"hasContent":false,"attachmentStep":false},{"name":"driver","time":{"start":1706059312375,"stop":1706059313155,"duration":780},"status":"passed","steps":[],"attachments":[],"parameters":[],"shouldDisplayMessage":false,"stepsCount":0,"attachmentsCount":0,"hasContent":false,"attachmentStep":false},{"name":"setup","time":{"start":1706059313156,"stop":1706059313156,"duration":0},"status":"passed","steps":[],"attachments":[],"parameters":[],"shouldDisplayMessage":false,"stepsCount":0,"attachmentsCount":0,"hasContent":false,"attachmentStep":false},{"name":"sign_in_page","time":{"start":1706059313156,"stop":1706059322060,"duration":8904},"status":"passed","steps":[],"attachments":[],"parameters":[],"shouldDisplayMessage":false,"stepsCount":0,"attachmentsCount":0,"hasContent":false,"attachmentStep":false},{"name":"open_sign_in_window","time":{"start":1706059322060,"stop":1706059322399,"duration":339},"status":"passed","steps":[{"name":"Нахождение элемента: иконка профиля в хедере","time":{"start":1706059322060,"stop":1706059322068,"duration":8},"status":"passed","steps":[],"attachments":[],"parameters":[],"shouldDisplayMessage":false,"stepsCount":0,"attachmentsCount":0,"hasContent":false,"attachmentStep":false}],"attachments":[],"parameters":[],"shouldDisplayMessage":false,"stepsCount":1,"attachmentsCount":0,"hasContent":true,"attachmentStep":false}],"testStage":{"status":"skipped","statusMessage":"XFAIL\n\nselenium.common.exceptions.NoSuchElementException: Message: no such element: Unable to locate element: {\"method\":\"css selector\",\"selector\":\"input[value='Войти']\"}\n  (Session info: chrome-headless-shell=121.0.6167.85); For documentation on this error, please visit: https://www.selenium.dev/documentation/webdriver/troubleshooting/errors#no-such-element-exception\nStacktrace:\n#0 0x560923608d93 <unknown>\n#1 0x5609232ec337 <unknown>\n#2 0x560923337d60 <unknown>\n#3 0x560923337e51 <unknown>\n#4 0x56092337bbc4 <unknown>\n#5 0x56092335a46d <unknown>\n#6 0x56092337912d <unknown>\n#7 0x56092335a1e3 <unknown>\n#8 0x56092332a135 <unknown>\n#9 0x56092332b13e <unknown>\n#10 0x5609235cce4b <unknown>\n#11 0x5609235d0dfa <unknown>\n#12 0x5609235b96d5 <unknown>\n#13 0x5609235d1a6f <unknown>\n#14 0x56092359d69f <unknown>\n#15 0x5609235f6098 <unknown>\n#16 0x5609235f6262 <unknown>\n#17 0x560923607f34 <unknown>\n#18 0x7ff06a0ea044 <unknown>","statusTrace":"self = <tests.test_sign_in.test_sign_in_page.TestSignInPage object at 0x7fc96943e550>\ndriver = <selenium.webdriver.chrome.webdriver.WebDriver (session=\"5acc698498f49d8eefaf4d7162f35f08\")>\nsign_in_page = <pages.sign_in_page.SignInPage object at 0x7fc96973af90>\nopen_sign_in_window = None\n\n    @allure.title(\"Авторизация с помощью формы авторизации\")\n    @pytest.mark.smoke_test\n    @pytest.mark.xfail\n    def test_positive_login_with_correct_email_and_password_smoke(self, driver, sign_in_page, open_sign_in_window):\n        sign_in_page.get_email_field().send_keys(credentials['email'])\n        sign_in_page.get_password_field().send_keys(credentials['password'])\n>       sign_in_page.get_sign_in_button().click()\n\ntests/test_sign_in/test_sign_in_page.py:237: \n_ _ _ _ _ _ _ _ _ _ _ _ _ _ _ _ _ _ _ _ _ _ _ _ _ _ _ _ _ _ _ _ _ _ _ _ _ _ _ _ \npages/sign_in_page.py:99: in get_sign_in_button\n    return self.find_element(self._sign_in_button)\nbase/seleniumbase.py:17: in find_element\n    return self.driver.find_element(*locator)\n/usr/local/lib/python3.11/site-packages/selenium/webdriver/remote/webdriver.py:739: in find_element\n    return self.execute(Command.FIND_ELEMENT, {\"using\": by, \"value\": value})[\"value\"]\n/usr/local/lib/python3.11/site-packages/selenium/webdriver/remote/webdriver.py:345: in execute\n    self.error_handler.check_response(response)\n_ _ _ _ _ _ _ _ _ _ _ _ _ _ _ _ _ _ _ _ _ _ _ _ _ _ _ _ _ _ _ _ _ _ _ _ _ _ _ _ \n\nself = <selenium.webdriver.remote.errorhandler.ErrorHandler object at 0x7fc969e2a750>\nresponse = {'status': 404, 'value': '{\"value\":{\"error\":\"no such element\",\"message\":\"no such element: Unable to locate element: {\\...\\\\n#16 0x5609235f6262 \\\\u003Cunknown>\\\\n#17 0x560923607f34 \\\\u003Cunknown>\\\\n#18 0x7ff06a0ea044 \\\\u003Cunknown>\\\\n\"}}'}\n\n    def check_response(self, response: Dict[str, Any]) -> None:\n        \"\"\"Checks that a JSON response from the WebDriver does not have an\n        error.\n    \n        :Args:\n         - response - The JSON response from the WebDriver server as a dictionary\n           object.\n    \n        :Raises: If the response contains an error message.\n        \"\"\"\n        status = response.get(\"status\", None)\n        if not status or status == ErrorCode.SUCCESS:\n            return\n        value = None\n        message = response.get(\"message\", \"\")\n        screen: str = response.get(\"screen\", \"\")\n        stacktrace = None\n        if isinstance(status, int):\n            value_json = response.get(\"value\", None)\n            if value_json and isinstance(value_json, str):\n                import json\n    \n                try:\n                    value = json.loads(value_json)\n                    if len(value) == 1:\n                        value = value[\"value\"]\n                    status = value.get(\"error\", None)\n                    if not status:\n                        status = value.get(\"status\", ErrorCode.UNKNOWN_ERROR)\n                        message = value.get(\"value\") or value.get(\"message\")\n                        if not isinstance(message, str):\n                            value = message\n                            message = message.get(\"message\")\n                    else:\n                        message = value.get(\"message\", None)\n                except ValueError:\n                    pass\n    \n        exception_class: Type[WebDriverException]\n        e = ErrorCode()\n        error_codes = [item for item in dir(e) if not item.startswith(\"__\")]\n        for error_code in error_codes:\n            error_info = getattr(ErrorCode, error_code)\n            if isinstance(error_info, list) and status in error_info:\n                exception_class = getattr(ExceptionMapping, error_code, WebDriverException)\n                break\n        else:\n            exception_class = WebDriverException\n    \n        if not value:\n            value = response[\"value\"]\n        if isinstance(value, str):\n            raise exception_class(value)\n        if message == \"\" and \"message\" in value:\n            message = value[\"message\"]\n    \n        screen = None  # type: ignore[assignment]\n        if \"screen\" in value:\n            screen = value[\"screen\"]\n    \n        stacktrace = None\n        st_value = value.get(\"stackTrace\") or value.get(\"stacktrace\")\n        if st_value:\n            if isinstance(st_value, str):\n                stacktrace = st_value.split(\"\\n\")\n            else:\n                stacktrace = []\n                try:\n                    for frame in st_value:\n                        line = frame.get(\"lineNumber\", \"\")\n                        file = frame.get(\"fileName\", \"<anonymous>\")\n                        if line:\n                            file = f\"{file}:{line}\"\n                        meth = frame.get(\"methodName\", \"<anonymous>\")\n                        if \"className\" in frame:\n                            meth = f\"{frame['className']}.{meth}\"\n                        msg = \"    at %s (%s)\"\n                        msg = msg % (meth, file)\n                        stacktrace.append(msg)\n                except TypeError:\n                    pass\n        if exception_class == UnexpectedAlertPresentException:\n            alert_text = None\n            if \"data\" in value:\n                alert_text = value[\"data\"].get(\"text\")\n            elif \"alert\" in value:\n                alert_text = value[\"alert\"].get(\"text\")\n            raise exception_class(message, screen, stacktrace, alert_text)  # type: ignore[call-arg]  # mypy is not smart enough here\n>       raise exception_class(message, screen, stacktrace)\nE       selenium.common.exceptions.NoSuchElementException: Message: no such element: Unable to locate element: {\"method\":\"css selector\",\"selector\":\"input[value='Войти']\"}\nE         (Session info: chrome-headless-shell=121.0.6167.85); For documentation on this error, please visit: https://www.selenium.dev/documentation/webdriver/troubleshooting/errors#no-such-element-exception\nE       Stacktrace:\nE       #0 0x560923608d93 <unknown>\nE       #1 0x5609232ec337 <unknown>\nE       #2 0x560923337d60 <unknown>\nE       #3 0x560923337e51 <unknown>\nE       #4 0x56092337bbc4 <unknown>\nE       #5 0x56092335a46d <unknown>\nE       #6 0x56092337912d <unknown>\nE       #7 0x56092335a1e3 <unknown>\nE       #8 0x56092332a135 <unknown>\nE       #9 0x56092332b13e <unknown>\nE       #10 0x5609235cce4b <unknown>\nE       #11 0x5609235d0dfa <unknown>\nE       #12 0x5609235b96d5 <unknown>\nE       #13 0x5609235d1a6f <unknown>\nE       #14 0x56092359d69f <unknown>\nE       #15 0x5609235f6098 <unknown>\nE       #16 0x5609235f6262 <unknown>\nE       #17 0x560923607f34 <unknown>\nE       #18 0x7ff06a0ea044 <unknown>\n\n/usr/local/lib/python3.11/site-packages/selenium/webdriver/remote/errorhandler.py:229: NoSuchElementException","steps":[{"name":"Нахождение элемента: поле ввода Email окна авторизации","time":{"start":1706059322399,"stop":1706059322412,"duration":13},"status":"passed","steps":[],"attachments":[],"parameters":[],"shouldDisplayMessage":false,"stepsCount":0,"attachmentsCount":0,"hasContent":false,"attachmentStep":false},{"name":"Нахождение элемента: поле ввода пароля окна авторизации","time":{"start":1706059322473,"stop":1706059322482,"duration":9},"status":"passed","steps":[],"attachments":[],"parameters":[],"shouldDisplayMessage":false,"stepsCount":0,"attachmentsCount":0,"hasContent":false,"attachmentStep":false},{"name":"Нахождение элемента: кнопка 'Войти' окна авторизации","time":{"start":1706059322534,"stop":1706059322549,"duration":15},"status":"broken","statusMessage":"selenium.common.exceptions.NoSuchElementException: Message: no such element: Unable to locate element: {\"method\":\"css selector\",\"selector\":\"input[value='Войти']\"}\n  (Session info: chrome-headless-shell=121.0.6167.85); For documentation on this error, please visit: https://www.selenium.dev/documentation/webdriver/troubleshooting/errors#no-such-element-exception\nStacktrace:\n#0 0x560923608d93 <unknown>\n#1 0x5609232ec337 <unknown>\n#2 0x560923337d60 <unknown>\n#3 0x560923337e51 <unknown>\n#4 0x56092337bbc4 <unknown>\n#5 0x56092335a46d <unknown>\n#6 0x56092337912d <unknown>\n#7 0x56092335a1e3 <unknown>\n#8 0x56092332a135 <unknown>\n#9 0x56092332b13e <unknown>\n#10 0x5609235cce4b <unknown>\n#11 0x5609235d0dfa <unknown>\n#12 0x5609235b96d5 <unknown>\n#13 0x5609235d1a6f <unknown>\n#14 0x56092359d69f <unknown>\n#15 0x5609235f6098 <unknown>\n#16 0x5609235f6262 <unknown>\n#17 0x560923607f34 <unknown>\n#18 0x7ff06a0ea044 <unknown>\n\n","statusTrace":"  File \"/usr/local/lib/python3.11/site-packages/allure_commons/_allure.py\", line 192, in impl\n    return func(*a, **kw)\n           ^^^^^^^^^^^^^^\n  File \"/app/pages/sign_in_page.py\", line 99, in get_sign_in_button\n    return self.find_element(self._sign_in_button)\n           ^^^^^^^^^^^^^^^^^^^^^^^^^^^^^^^^^^^^^^^\n  File \"/app/base/seleniumbase.py\", line 17, in find_element\n    return self.driver.find_element(*locator)\n           ^^^^^^^^^^^^^^^^^^^^^^^^^^^^^^^^^^\n  File \"/usr/local/lib/python3.11/site-packages/selenium/webdriver/remote/webdriver.py\", line 739, in find_element\n    return self.execute(Command.FIND_ELEMENT, {\"using\": by, \"value\": value})[\"value\"]\n           ^^^^^^^^^^^^^^^^^^^^^^^^^^^^^^^^^^^^^^^^^^^^^^^^^^^^^^^^^^^^^^^^^\n  File \"/usr/local/lib/python3.11/site-packages/selenium/webdriver/remote/webdriver.py\", line 345, in execute\n    self.error_handler.check_response(response)\n  File \"/usr/local/lib/python3.11/site-packages/selenium/webdriver/remote/errorhandler.py\", line 229, in check_response\n    raise exception_class(message, screen, stacktrace)\n","steps":[],"attachments":[],"parameters":[],"shouldDisplayMessage":true,"stepsCount":0,"attachmentsCount":0,"hasContent":true,"attachmentStep":false}],"attachments":[{"uid":"34168f7bf42a000a","name":"Screenshot","source":"34168f7bf42a000a.png","type":"image/png","size":38588},{"uid":"623dc92585778379","name":"HTML source","source":"623dc92585778379.html","type":"text/html","size":400000}],"parameters":[],"shouldDisplayMessage":true,"stepsCount":3,"attachmentsCount":2,"hasContent":true,"attachmentStep":false},"afterStages":[{"name":"driver::0","time":{"start":1706059322687,"stop":1706059322756,"duration":69},"status":"passed","steps":[],"attachments":[],"parameters":[],"shouldDisplayMessage":false,"stepsCount":0,"attachmentsCount":0,"hasContent":false,"attachmentStep":false},{"name":"setup::0","time":{"start":1706059322687,"stop":1706059322687,"duration":0},"status":"passed","steps":[],"attachments":[],"parameters":[],"shouldDisplayMessage":false,"stepsCount":0,"attachmentsCount":0,"hasContent":false,"attachmentStep":false}],"labels":[{"name":"epic","value":"Sign In Page"},{"name":"tag","value":"@pytest.mark.xfail"},{"name":"tag","value":"smoke_test"},{"name":"parentSuite","value":"tests.test_sign_in"},{"name":"suite","value":"test_sign_in_page"},{"name":"subSuite","value":"TestSignInPage"},{"name":"host","value":"2795bba82f4e"},{"name":"thread","value":"1-MainThread"},{"name":"framework","value":"pytest"},{"name":"language","value":"cpython3"},{"name":"package","value":"tests.test_sign_in.test_sign_in_page"},{"name":"resultFormat","value":"allure2"}],"parameters":[],"links":[],"hidden":false,"retry":false,"extra":{"severity":"normal","retries":[],"categories":[],"history":{"statistic":{"failed":18,"broken":1,"skipped":103,"passed":57,"unknown":0,"total":179},"items":[{"uid":"ab42e3de329b8d53","reportUrl":"https://Nat754.github.io/StroyremAutomation/195//#testresult/ab42e3de329b8d53","status":"skipped","statusDetails":"XFAIL\n\nselenium.common.exceptions.NoSuchElementException: Message: no such element: Unable to locate element: {\"method\":\"css selector\",\"selector\":\"input[value='Войти']\"}\n  (Session info: chrome-headless-shell=120.0.6099.109); For documentation on this error, please visit: https://www.selenium.dev/documentation/webdriver/troubleshooting/errors#no-such-element-exception\nStacktrace:\n#0 0x560dc9b14f83 <unknown>\n#1 0x560dc97cdcf7 <unknown>\n#2 0x560dc981d99e <unknown>\n#3 0x560dc981daa1 <unknown>\n#4 0x560dc9868d64 <unknown>\n#5 0x560dc98470dd <unknown>\n#6 0x560dc9866006 <unknown>\n#7 0x560dc9846e53 <unknown>\n#8 0x560dc980edd4 <unknown>\n#9 0x560dc98101de <unknown>\n#10 0x560dc9ad9531 <unknown>\n#11 0x560dc9add455 <unknown>\n#12 0x560dc9ac5f55 <unknown>\n#13 0x560dc9ade0ef <unknown>\n#14 0x560dc9aa999f <unknown>\n#15 0x560dc9b02008 <unknown>\n#16 0x560dc9b021d7 <unknown>\n#17 0x560dc9b14124 <unknown>\n#18 0x7fe66cf8c044 <unknown>","time":{"start":1705976080456,"stop":1705976080603,"duration":147}},{"uid":"f96c79116ece565","reportUrl":"https://Nat754.github.io/StroyremAutomation/194//#testresult/f96c79116ece565","status":"skipped","statusDetails":"XFAIL\n\nselenium.common.exceptions.NoSuchElementException: Message: no such element: Unable to locate element: {\"method\":\"css selector\",\"selector\":\"input[value='Войти']\"}\n  (Session info: chrome-headless-shell=120.0.6099.109); For documentation on this error, please visit: https://www.selenium.dev/documentation/webdriver/troubleshooting/errors#no-such-element-exception\nStacktrace:\n#0 0x562f1d0acf83 <unknown>\n#1 0x562f1cd65cf7 <unknown>\n#2 0x562f1cdb599e <unknown>\n#3 0x562f1cdb5aa1 <unknown>\n#4 0x562f1ce00d64 <unknown>\n#5 0x562f1cddf0dd <unknown>\n#6 0x562f1cdfe006 <unknown>\n#7 0x562f1cddee53 <unknown>\n#8 0x562f1cda6dd4 <unknown>\n#9 0x562f1cda81de <unknown>\n#10 0x562f1d071531 <unknown>\n#11 0x562f1d075455 <unknown>\n#12 0x562f1d05df55 <unknown>\n#13 0x562f1d0760ef <unknown>\n#14 0x562f1d04199f <unknown>\n#15 0x562f1d09a008 <unknown>\n#16 0x562f1d09a1d7 <unknown>\n#17 0x562f1d0ac124 <unknown>\n#18 0x7f66c1f34044 <unknown>","time":{"start":1705889869521,"stop":1705889869657,"duration":136}},{"uid":"850f7623acd42388","reportUrl":"https://Nat754.github.io/StroyremAutomation/193//#testresult/850f7623acd42388","status":"skipped","statusDetails":"XFAIL\n\nselenium.common.exceptions.NoSuchElementException: Message: no such element: Unable to locate element: {\"method\":\"css selector\",\"selector\":\"input[value='Войти']\"}\n  (Session info: chrome-headless-shell=120.0.6099.109); For documentation on this error, please visit: https://www.selenium.dev/documentation/webdriver/troubleshooting/errors#no-such-element-exception\nStacktrace:\n#0 0x560662d4ff83 <unknown>\n#1 0x560662a08cf7 <unknown>\n#2 0x560662a5899e <unknown>\n#3 0x560662a58aa1 <unknown>\n#4 0x560662aa3d64 <unknown>\n#5 0x560662a820dd <unknown>\n#6 0x560662aa1006 <unknown>\n#7 0x560662a81e53 <unknown>\n#8 0x560662a49dd4 <unknown>\n#9 0x560662a4b1de <unknown>\n#10 0x560662d14531 <unknown>\n#11 0x560662d18455 <unknown>\n#12 0x560662d00f55 <unknown>\n#13 0x560662d190ef <unknown>\n#14 0x560662ce499f <unknown>\n#15 0x560662d3d008 <unknown>\n#16 0x560662d3d1d7 <unknown>\n#17 0x560662d4f124 <unknown>\n#18 0x7fa4c11ae044 <unknown>","time":{"start":1705803549519,"stop":1705803549663,"duration":144}},{"uid":"9bd7e197d7005f45","reportUrl":"https://Nat754.github.io/StroyremAutomation/192//#testresult/9bd7e197d7005f45","status":"skipped","statusDetails":"XFAIL\n\nselenium.common.exceptions.NoSuchElementException: Message: no such element: Unable to locate element: {\"method\":\"css selector\",\"selector\":\"input[value='Войти']\"}\n  (Session info: chrome-headless-shell=120.0.6099.109); For documentation on this error, please visit: https://www.selenium.dev/documentation/webdriver/troubleshooting/errors#no-such-element-exception\nStacktrace:\n#0 0x56424cd75f83 <unknown>\n#1 0x56424ca2ecf7 <unknown>\n#2 0x56424ca7e99e <unknown>\n#3 0x56424ca7eaa1 <unknown>\n#4 0x56424cac9d64 <unknown>\n#5 0x56424caa80dd <unknown>\n#6 0x56424cac7006 <unknown>\n#7 0x56424caa7e53 <unknown>\n#8 0x56424ca6fdd4 <unknown>\n#9 0x56424ca711de <unknown>\n#10 0x56424cd3a531 <unknown>\n#11 0x56424cd3e455 <unknown>\n#12 0x56424cd26f55 <unknown>\n#13 0x56424cd3f0ef <unknown>\n#14 0x56424cd0a99f <unknown>\n#15 0x56424cd63008 <unknown>\n#16 0x56424cd631d7 <unknown>\n#17 0x56424cd75124 <unknown>\n#18 0x7fc5476e1044 <unknown>","time":{"start":1705716775046,"stop":1705716775199,"duration":153}},{"uid":"63b0257a89b65344","reportUrl":"https://Nat754.github.io/StroyremAutomation/191//#testresult/63b0257a89b65344","status":"skipped","statusDetails":"XFAIL\n\nselenium.common.exceptions.NoSuchElementException: Message: no such element: Unable to locate element: {\"method\":\"css selector\",\"selector\":\"input[value='Войти']\"}\n  (Session info: chrome-headless-shell=120.0.6099.109); For documentation on this error, please visit: https://www.selenium.dev/documentation/webdriver/troubleshooting/errors#no-such-element-exception\nStacktrace:\n#0 0x55bf28439f83 <unknown>\n#1 0x55bf280f2cf7 <unknown>\n#2 0x55bf2814299e <unknown>\n#3 0x55bf28142aa1 <unknown>\n#4 0x55bf2818dd64 <unknown>\n#5 0x55bf2816c0dd <unknown>\n#6 0x55bf2818b006 <unknown>\n#7 0x55bf2816be53 <unknown>\n#8 0x55bf28133dd4 <unknown>\n#9 0x55bf281351de <unknown>\n#10 0x55bf283fe531 <unknown>\n#11 0x55bf28402455 <unknown>\n#12 0x55bf283eaf55 <unknown>\n#13 0x55bf284030ef <unknown>\n#14 0x55bf283ce99f <unknown>\n#15 0x55bf28427008 <unknown>\n#16 0x55bf284271d7 <unknown>\n#17 0x55bf28439124 <unknown>\n#18 0x7f21f4481044 <unknown>","time":{"start":1705630539367,"stop":1705630539509,"duration":142}},{"uid":"457b2cd8f699c16d","reportUrl":"https://Nat754.github.io/StroyremAutomation/190//#testresult/457b2cd8f699c16d","status":"skipped","statusDetails":"XFAIL\n\nselenium.common.exceptions.NoSuchElementException: Message: no such element: Unable to locate element: {\"method\":\"css selector\",\"selector\":\"input[value='Войти']\"}\n  (Session info: chrome-headless-shell=120.0.6099.109); For documentation on this error, please visit: https://www.selenium.dev/documentation/webdriver/troubleshooting/errors#no-such-element-exception\nStacktrace:\n#0 0x557e265e3f83 <unknown>\n#1 0x557e2629ccf7 <unknown>\n#2 0x557e262ec99e <unknown>\n#3 0x557e262ecaa1 <unknown>\n#4 0x557e26337d64 <unknown>\n#5 0x557e263160dd <unknown>\n#6 0x557e26335006 <unknown>\n#7 0x557e26315e53 <unknown>\n#8 0x557e262dddd4 <unknown>\n#9 0x557e262df1de <unknown>\n#10 0x557e265a8531 <unknown>\n#11 0x557e265ac455 <unknown>\n#12 0x557e26594f55 <unknown>\n#13 0x557e265ad0ef <unknown>\n#14 0x557e2657899f <unknown>\n#15 0x557e265d1008 <unknown>\n#16 0x557e265d11d7 <unknown>\n#17 0x557e265e3124 <unknown>\n#18 0x7f5fde856044 <unknown>","time":{"start":1705544244044,"stop":1705544244185,"duration":141}},{"uid":"a841b84976cf5dd6","reportUrl":"https://Nat754.github.io/StroyremAutomation/189//#testresult/a841b84976cf5dd6","status":"skipped","statusDetails":"XFAIL\n\nselenium.common.exceptions.NoSuchElementException: Message: no such element: Unable to locate element: {\"method\":\"css selector\",\"selector\":\"input[value='Войти']\"}\n  (Session info: chrome-headless-shell=120.0.6099.109); For documentation on this error, please visit: https://www.selenium.dev/documentation/webdriver/troubleshooting/errors#no-such-element-exception\nStacktrace:\n#0 0x562c2e939f83 <unknown>\n#1 0x562c2e5f2cf7 <unknown>\n#2 0x562c2e64299e <unknown>\n#3 0x562c2e642aa1 <unknown>\n#4 0x562c2e68dd64 <unknown>\n#5 0x562c2e66c0dd <unknown>\n#6 0x562c2e68b006 <unknown>\n#7 0x562c2e66be53 <unknown>\n#8 0x562c2e633dd4 <unknown>\n#9 0x562c2e6351de <unknown>\n#10 0x562c2e8fe531 <unknown>\n#11 0x562c2e902455 <unknown>\n#12 0x562c2e8eaf55 <unknown>\n#13 0x562c2e9030ef <unknown>\n#14 0x562c2e8ce99f <unknown>\n#15 0x562c2e927008 <unknown>\n#16 0x562c2e9271d7 <unknown>\n#17 0x562c2e939124 <unknown>\n#18 0x7fa0c0e86044 <unknown>","time":{"start":1705457933571,"stop":1705457933711,"duration":140}},{"uid":"740c788f8fba011e","reportUrl":"https://Nat754.github.io/StroyremAutomation/188//#testresult/740c788f8fba011e","status":"skipped","statusDetails":"XFAIL\n\nselenium.common.exceptions.NoSuchElementException: Message: no such element: Unable to locate element: {\"method\":\"css selector\",\"selector\":\"input[value='Войти']\"}\n  (Session info: chrome-headless-shell=120.0.6099.109); For documentation on this error, please visit: https://www.selenium.dev/documentation/webdriver/troubleshooting/errors#no-such-element-exception\nStacktrace:\n#0 0x562f3db4df83 <unknown>\n#1 0x562f3d806cf7 <unknown>\n#2 0x562f3d85699e <unknown>\n#3 0x562f3d856aa1 <unknown>\n#4 0x562f3d8a1d64 <unknown>\n#5 0x562f3d8800dd <unknown>\n#6 0x562f3d89f006 <unknown>\n#7 0x562f3d87fe53 <unknown>\n#8 0x562f3d847dd4 <unknown>\n#9 0x562f3d8491de <unknown>\n#10 0x562f3db12531 <unknown>\n#11 0x562f3db16455 <unknown>\n#12 0x562f3dafef55 <unknown>\n#13 0x562f3db170ef <unknown>\n#14 0x562f3dae299f <unknown>\n#15 0x562f3db3b008 <unknown>\n#16 0x562f3db3b1d7 <unknown>\n#17 0x562f3db4d124 <unknown>\n#18 0x7fe357925044 <unknown>","time":{"start":1705371338196,"stop":1705371338340,"duration":144}},{"uid":"50be63ee2d6bf36f","reportUrl":"https://Nat754.github.io/StroyremAutomation/187//#testresult/50be63ee2d6bf36f","status":"skipped","statusDetails":"XFAIL\n\nselenium.common.exceptions.NoSuchElementException: Message: no such element: Unable to locate element: {\"method\":\"css selector\",\"selector\":\"input[value='Войти']\"}\n  (Session info: chrome-headless-shell=120.0.6099.109); For documentation on this error, please visit: https://www.selenium.dev/documentation/webdriver/troubleshooting/errors#no-such-element-exception\nStacktrace:\n#0 0x55abf3dd1f83 <unknown>\n#1 0x55abf3a8acf7 <unknown>\n#2 0x55abf3ada99e <unknown>\n#3 0x55abf3adaaa1 <unknown>\n#4 0x55abf3b25d64 <unknown>\n#5 0x55abf3b040dd <unknown>\n#6 0x55abf3b23006 <unknown>\n#7 0x55abf3b03e53 <unknown>\n#8 0x55abf3acbdd4 <unknown>\n#9 0x55abf3acd1de <unknown>\n#10 0x55abf3d96531 <unknown>\n#11 0x55abf3d9a455 <unknown>\n#12 0x55abf3d82f55 <unknown>\n#13 0x55abf3d9b0ef <unknown>\n#14 0x55abf3d6699f <unknown>\n#15 0x55abf3dbf008 <unknown>\n#16 0x55abf3dbf1d7 <unknown>\n#17 0x55abf3dd1124 <unknown>\n#18 0x7f62960e3044 <unknown>","time":{"start":1705281581736,"stop":1705281581880,"duration":144}},{"uid":"64ca68edb236fbe8","reportUrl":"https://Nat754.github.io/StroyremAutomation/186//#testresult/64ca68edb236fbe8","status":"skipped","statusDetails":"XFAIL\n\nselenium.common.exceptions.NoSuchElementException: Message: no such element: Unable to locate element: {\"method\":\"css selector\",\"selector\":\"input[value='Войти']\"}\n  (Session info: chrome-headless-shell=120.0.6099.109); For documentation on this error, please visit: https://www.selenium.dev/documentation/webdriver/troubleshooting/errors#no-such-element-exception\nStacktrace:\n#0 0x55f935809f83 <unknown>\n#1 0x55f9354c2cf7 <unknown>\n#2 0x55f93551299e <unknown>\n#3 0x55f935512aa1 <unknown>\n#4 0x55f93555dd64 <unknown>\n#5 0x55f93553c0dd <unknown>\n#6 0x55f93555b006 <unknown>\n#7 0x55f93553be53 <unknown>\n#8 0x55f935503dd4 <unknown>\n#9 0x55f9355051de <unknown>\n#10 0x55f9357ce531 <unknown>\n#11 0x55f9357d2455 <unknown>\n#12 0x55f9357baf55 <unknown>\n#13 0x55f9357d30ef <unknown>\n#14 0x55f93579e99f <unknown>\n#15 0x55f9357f7008 <unknown>\n#16 0x55f9357f71d7 <unknown>\n#17 0x55f935809124 <unknown>\n#18 0x7f7eca363044 <unknown>","time":{"start":1705195488406,"stop":1705195488552,"duration":146}},{"uid":"9002ffac33255293","reportUrl":"https://Nat754.github.io/StroyremAutomation/185//#testresult/9002ffac33255293","status":"skipped","statusDetails":"XFAIL\n\nselenium.common.exceptions.NoSuchElementException: Message: no such element: Unable to locate element: {\"method\":\"css selector\",\"selector\":\"input[value='Войти']\"}\n  (Session info: chrome-headless-shell=120.0.6099.109); For documentation on this error, please visit: https://www.selenium.dev/documentation/webdriver/troubleshooting/errors#no-such-element-exception\nStacktrace:\n#0 0x562221c05f83 <unknown>\n#1 0x5622218becf7 <unknown>\n#2 0x56222190e99e <unknown>\n#3 0x56222190eaa1 <unknown>\n#4 0x562221959d64 <unknown>\n#5 0x5622219380dd <unknown>\n#6 0x562221957006 <unknown>\n#7 0x562221937e53 <unknown>\n#8 0x5622218ffdd4 <unknown>\n#9 0x5622219011de <unknown>\n#10 0x562221bca531 <unknown>\n#11 0x562221bce455 <unknown>\n#12 0x562221bb6f55 <unknown>\n#13 0x562221bcf0ef <unknown>\n#14 0x562221b9a99f <unknown>\n#15 0x562221bf3008 <unknown>\n#16 0x562221bf31d7 <unknown>\n#17 0x562221c05124 <unknown>\n#18 0x7f2298b86044 <unknown>","time":{"start":1705108734891,"stop":1705108735031,"duration":140}},{"uid":"552792a260d1ffe5","reportUrl":"https://Nat754.github.io/StroyremAutomation/184//#testresult/552792a260d1ffe5","status":"skipped","statusDetails":"XFAIL\n\nselenium.common.exceptions.NoSuchElementException: Message: no such element: Unable to locate element: {\"method\":\"css selector\",\"selector\":\"input[value='Войти']\"}\n  (Session info: chrome-headless-shell=120.0.6099.109); For documentation on this error, please visit: https://www.selenium.dev/documentation/webdriver/troubleshooting/errors#no-such-element-exception\nStacktrace:\n#0 0x55f8282b0f83 <unknown>\n#1 0x55f827f69cf7 <unknown>\n#2 0x55f827fb999e <unknown>\n#3 0x55f827fb9aa1 <unknown>\n#4 0x55f828004d64 <unknown>\n#5 0x55f827fe30dd <unknown>\n#6 0x55f828002006 <unknown>\n#7 0x55f827fe2e53 <unknown>\n#8 0x55f827faadd4 <unknown>\n#9 0x55f827fac1de <unknown>\n#10 0x55f828275531 <unknown>\n#11 0x55f828279455 <unknown>\n#12 0x55f828261f55 <unknown>\n#13 0x55f82827a0ef <unknown>\n#14 0x55f82824599f <unknown>\n#15 0x55f82829e008 <unknown>\n#16 0x55f82829e1d7 <unknown>\n#17 0x55f8282b0124 <unknown>\n#18 0x7f0e48794044 <unknown>","time":{"start":1705022175534,"stop":1705022175675,"duration":141}},{"uid":"c84fcdcd3dccad7f","reportUrl":"https://Nat754.github.io/StroyremAutomation/183//#testresult/c84fcdcd3dccad7f","status":"skipped","statusDetails":"XFAIL\n\nselenium.common.exceptions.NoSuchElementException: Message: no such element: Unable to locate element: {\"method\":\"css selector\",\"selector\":\"input[value='Войти']\"}\n  (Session info: chrome-headless-shell=120.0.6099.109); For documentation on this error, please visit: https://www.selenium.dev/documentation/webdriver/troubleshooting/errors#no-such-element-exception\nStacktrace:\n#0 0x55c916f95f83 <unknown>\n#1 0x55c916c4ecf7 <unknown>\n#2 0x55c916c9e99e <unknown>\n#3 0x55c916c9eaa1 <unknown>\n#4 0x55c916ce9d64 <unknown>\n#5 0x55c916cc80dd <unknown>\n#6 0x55c916ce7006 <unknown>\n#7 0x55c916cc7e53 <unknown>\n#8 0x55c916c8fdd4 <unknown>\n#9 0x55c916c911de <unknown>\n#10 0x55c916f5a531 <unknown>\n#11 0x55c916f5e455 <unknown>\n#12 0x55c916f46f55 <unknown>\n#13 0x55c916f5f0ef <unknown>\n#14 0x55c916f2a99f <unknown>\n#15 0x55c916f83008 <unknown>\n#16 0x55c916f831d7 <unknown>\n#17 0x55c916f95124 <unknown>\n#18 0x7f78005f5044 <unknown>","time":{"start":1704935975643,"stop":1704935975778,"duration":135}},{"uid":"6522b3583fe781f","reportUrl":"https://Nat754.github.io/StroyremAutomation/182//#testresult/6522b3583fe781f","status":"skipped","statusDetails":"XFAIL\n\nselenium.common.exceptions.NoSuchElementException: Message: no such element: Unable to locate element: {\"method\":\"css selector\",\"selector\":\"input[value='Войти']\"}\n  (Session info: chrome-headless-shell=120.0.6099.109); For documentation on this error, please visit: https://www.selenium.dev/documentation/webdriver/troubleshooting/errors#no-such-element-exception\nStacktrace:\n#0 0x55a3971bcf83 <unknown>\n#1 0x55a396e75cf7 <unknown>\n#2 0x55a396ec599e <unknown>\n#3 0x55a396ec5aa1 <unknown>\n#4 0x55a396f10d64 <unknown>\n#5 0x55a396eef0dd <unknown>\n#6 0x55a396f0e006 <unknown>\n#7 0x55a396eeee53 <unknown>\n#8 0x55a396eb6dd4 <unknown>\n#9 0x55a396eb81de <unknown>\n#10 0x55a397181531 <unknown>\n#11 0x55a397185455 <unknown>\n#12 0x55a39716df55 <unknown>\n#13 0x55a3971860ef <unknown>\n#14 0x55a39715199f <unknown>\n#15 0x55a3971aa008 <unknown>\n#16 0x55a3971aa1d7 <unknown>\n#17 0x55a3971bc124 <unknown>\n#18 0x7f26e548d044 <unknown>","time":{"start":1704849580771,"stop":1704849580912,"duration":141}},{"uid":"fe796be3659ed7b3","reportUrl":"https://Nat754.github.io/StroyremAutomation/181//#testresult/fe796be3659ed7b3","status":"skipped","statusDetails":"XFAIL\n\nselenium.common.exceptions.NoSuchElementException: Message: no such element: Unable to locate element: {\"method\":\"css selector\",\"selector\":\"input[value='Войти']\"}\n  (Session info: chrome-headless-shell=120.0.6099.109); For documentation on this error, please visit: https://www.selenium.dev/documentation/webdriver/troubleshooting/errors#no-such-element-exception\nStacktrace:\n#0 0x5572c8a40f83 <unknown>\n#1 0x5572c86f9cf7 <unknown>\n#2 0x5572c874999e <unknown>\n#3 0x5572c8749aa1 <unknown>\n#4 0x5572c8794d64 <unknown>\n#5 0x5572c87730dd <unknown>\n#6 0x5572c8792006 <unknown>\n#7 0x5572c8772e53 <unknown>\n#8 0x5572c873add4 <unknown>\n#9 0x5572c873c1de <unknown>\n#10 0x5572c8a05531 <unknown>\n#11 0x5572c8a09455 <unknown>\n#12 0x5572c89f1f55 <unknown>\n#13 0x5572c8a0a0ef <unknown>\n#14 0x5572c89d599f <unknown>\n#15 0x5572c8a2e008 <unknown>\n#16 0x5572c8a2e1d7 <unknown>\n#17 0x5572c8a40124 <unknown>\n#18 0x7f04910a2044 <unknown>","time":{"start":1704762841274,"stop":1704762841418,"duration":144}},{"uid":"b6ae2260eb5dd3bc","reportUrl":"https://Nat754.github.io/StroyremAutomation/180//#testresult/b6ae2260eb5dd3bc","status":"skipped","statusDetails":"XFAIL\n\nselenium.common.exceptions.NoSuchElementException: Message: no such element: Unable to locate element: {\"method\":\"css selector\",\"selector\":\"input[value='Войти']\"}\n  (Session info: chrome-headless-shell=120.0.6099.109); For documentation on this error, please visit: https://www.selenium.dev/documentation/webdriver/troubleshooting/errors#no-such-element-exception\nStacktrace:\n#0 0x5608b1370f83 <unknown>\n#1 0x5608b1029cf7 <unknown>\n#2 0x5608b107999e <unknown>\n#3 0x5608b1079aa1 <unknown>\n#4 0x5608b10c4d64 <unknown>\n#5 0x5608b10a30dd <unknown>\n#6 0x5608b10c2006 <unknown>\n#7 0x5608b10a2e53 <unknown>\n#8 0x5608b106add4 <unknown>\n#9 0x5608b106c1de <unknown>\n#10 0x5608b1335531 <unknown>\n#11 0x5608b1339455 <unknown>\n#12 0x5608b1321f55 <unknown>\n#13 0x5608b133a0ef <unknown>\n#14 0x5608b130599f <unknown>\n#15 0x5608b135e008 <unknown>\n#16 0x5608b135e1d7 <unknown>\n#17 0x5608b1370124 <unknown>\n#18 0x7f47860c2044 <unknown>","time":{"start":1704676490229,"stop":1704676490372,"duration":143}},{"uid":"31152e15f44c3ca0","reportUrl":"https://Nat754.github.io/StroyremAutomation/179//#testresult/31152e15f44c3ca0","status":"skipped","statusDetails":"XFAIL\n\nselenium.common.exceptions.NoSuchElementException: Message: no such element: Unable to locate element: {\"method\":\"css selector\",\"selector\":\"input[value='Войти']\"}\n  (Session info: chrome-headless-shell=120.0.6099.109); For documentation on this error, please visit: https://www.selenium.dev/documentation/webdriver/troubleshooting/errors#no-such-element-exception\nStacktrace:\n#0 0x55cd2feeef83 <unknown>\n#1 0x55cd2fba7cf7 <unknown>\n#2 0x55cd2fbf799e <unknown>\n#3 0x55cd2fbf7aa1 <unknown>\n#4 0x55cd2fc42d64 <unknown>\n#5 0x55cd2fc210dd <unknown>\n#6 0x55cd2fc40006 <unknown>\n#7 0x55cd2fc20e53 <unknown>\n#8 0x55cd2fbe8dd4 <unknown>\n#9 0x55cd2fbea1de <unknown>\n#10 0x55cd2feb3531 <unknown>\n#11 0x55cd2feb7455 <unknown>\n#12 0x55cd2fe9ff55 <unknown>\n#13 0x55cd2feb80ef <unknown>\n#14 0x55cd2fe8399f <unknown>\n#15 0x55cd2fedc008 <unknown>\n#16 0x55cd2fedc1d7 <unknown>\n#17 0x55cd2feee124 <unknown>\n#18 0x7f0aca753044 <unknown>","time":{"start":1704590593596,"stop":1704590593735,"duration":139}},{"uid":"8a64e23cd38f8a92","reportUrl":"https://Nat754.github.io/StroyremAutomation/178//#testresult/8a64e23cd38f8a92","status":"skipped","statusDetails":"XFAIL\n\nselenium.common.exceptions.NoSuchElementException: Message: no such element: Unable to locate element: {\"method\":\"css selector\",\"selector\":\"input[value='Войти']\"}\n  (Session info: chrome-headless-shell=120.0.6099.109); For documentation on this error, please visit: https://www.selenium.dev/documentation/webdriver/troubleshooting/errors#no-such-element-exception\nStacktrace:\n#0 0x55d591c23f83 <unknown>\n#1 0x55d5918dccf7 <unknown>\n#2 0x55d59192c99e <unknown>\n#3 0x55d59192caa1 <unknown>\n#4 0x55d591977d64 <unknown>\n#5 0x55d5919560dd <unknown>\n#6 0x55d591975006 <unknown>\n#7 0x55d591955e53 <unknown>\n#8 0x55d59191ddd4 <unknown>\n#9 0x55d59191f1de <unknown>\n#10 0x55d591be8531 <unknown>\n#11 0x55d591bec455 <unknown>\n#12 0x55d591bd4f55 <unknown>\n#13 0x55d591bed0ef <unknown>\n#14 0x55d591bb899f <unknown>\n#15 0x55d591c11008 <unknown>\n#16 0x55d591c111d7 <unknown>\n#17 0x55d591c23124 <unknown>\n#18 0x7fa311bfd044 <unknown>","time":{"start":1704503826418,"stop":1704503826556,"duration":138}},{"uid":"742a93c0b12bc29c","reportUrl":"https://Nat754.github.io/StroyremAutomation/177//#testresult/742a93c0b12bc29c","status":"skipped","statusDetails":"XFAIL\n\nselenium.common.exceptions.NoSuchElementException: Message: no such element: Unable to locate element: {\"method\":\"css selector\",\"selector\":\"input[value='Войти']\"}\n  (Session info: chrome-headless-shell=120.0.6099.109); For documentation on this error, please visit: https://www.selenium.dev/documentation/webdriver/troubleshooting/errors#no-such-element-exception\nStacktrace:\n#0 0x5654b95c3f83 <unknown>\n#1 0x5654b927ccf7 <unknown>\n#2 0x5654b92cc99e <unknown>\n#3 0x5654b92ccaa1 <unknown>\n#4 0x5654b9317d64 <unknown>\n#5 0x5654b92f60dd <unknown>\n#6 0x5654b9315006 <unknown>\n#7 0x5654b92f5e53 <unknown>\n#8 0x5654b92bddd4 <unknown>\n#9 0x5654b92bf1de <unknown>\n#10 0x5654b9588531 <unknown>\n#11 0x5654b958c455 <unknown>\n#12 0x5654b9574f55 <unknown>\n#13 0x5654b958d0ef <unknown>\n#14 0x5654b955899f <unknown>\n#15 0x5654b95b1008 <unknown>\n#16 0x5654b95b11d7 <unknown>\n#17 0x5654b95c3124 <unknown>\n#18 0x7fe908809044 <unknown>","time":{"start":1704417210706,"stop":1704417210846,"duration":140}},{"uid":"9013e1f054871a8b","reportUrl":"https://Nat754.github.io/StroyremAutomation/176//#testresult/9013e1f054871a8b","status":"skipped","statusDetails":"XFAIL\n\nselenium.common.exceptions.NoSuchElementException: Message: no such element: Unable to locate element: {\"method\":\"css selector\",\"selector\":\"input[value='Войти']\"}\n  (Session info: chrome-headless-shell=120.0.6099.109); For documentation on this error, please visit: https://www.selenium.dev/documentation/webdriver/troubleshooting/errors#no-such-element-exception\nStacktrace:\n#0 0x558b9a04cf83 <unknown>\n#1 0x558b99d05cf7 <unknown>\n#2 0x558b99d5599e <unknown>\n#3 0x558b99d55aa1 <unknown>\n#4 0x558b99da0d64 <unknown>\n#5 0x558b99d7f0dd <unknown>\n#6 0x558b99d9e006 <unknown>\n#7 0x558b99d7ee53 <unknown>\n#8 0x558b99d46dd4 <unknown>\n#9 0x558b99d481de <unknown>\n#10 0x558b9a011531 <unknown>\n#11 0x558b9a015455 <unknown>\n#12 0x558b99ffdf55 <unknown>\n#13 0x558b9a0160ef <unknown>\n#14 0x558b99fe199f <unknown>\n#15 0x558b9a03a008 <unknown>\n#16 0x558b9a03a1d7 <unknown>\n#17 0x558b9a04c124 <unknown>\n#18 0x7f3888d4e044 <unknown>","time":{"start":1704330826995,"stop":1704330827132,"duration":137}}]},"tags":["@pytest.mark.xfail","smoke_test"]},"source":"911c3f8e57551702.json","parameterValues":[]}