{"uid":"69eeac98b27dd826","name":"TD 022 Доставка товара весом до 5000кг. в синей зоне","fullName":"tests.delivery.test_delivery_calculation.TestDeliveryPageCalculation#test_positive_delivery_blue_zone_smoke","historyId":"88e507e8c34e246e904b871854b91bc0","time":{"start":1710550242458,"stop":1710550243019,"duration":561},"status":"skipped","statusMessage":"XFAIL\n\nselenium.common.exceptions.NoSuchElementException: Message: no such element: Unable to locate element: {\"method\":\"xpath\",\"selector\":\"(//a[@class='add-to-cart yellow-btn'])[1]\"}\n  (Session info: chrome-headless-shell=122.0.6261.128); For documentation on this error, please visit: https://www.selenium.dev/documentation/webdriver/troubleshooting/errors#no-such-element-exception\nStacktrace:\n#0 0x5d0924b4ef33 <unknown>\n#1 0x5d0924846ce6 <unknown>\n#2 0x5d0924891e48 <unknown>\n#3 0x5d0924891f01 <unknown>\n#4 0x5d09248d53f4 <unknown>\n#5 0x5d09248b3edd <unknown>\n#6 0x5d09248d2899 <unknown>\n#7 0x5d09248b3c53 <unknown>\n#8 0x5d0924884db3 <unknown>\n#9 0x5d092488577e <unknown>\n#10 0x5d0924b1486b <unknown>\n#11 0x5d0924b18885 <unknown>\n#12 0x5d0924b02181 <unknown>\n#13 0x5d0924b19412 <unknown>\n#14 0x5d0924ae625f <unknown>\n#15 0x5d0924b3d528 <unknown>\n#16 0x5d0924b3d723 <unknown>\n#17 0x5d0924b4e0e4 <unknown>\n#18 0x797780871134 <unknown>","statusTrace":"self = <tests.delivery.test_delivery_calculation.TestDeliveryPageCalculation object at 0x72db9bd32110>\ndriver = <selenium.webdriver.chrome.webdriver.WebDriver (session=\"4c4f308ea08eae2c58b510289f629170\")>\nurl = 'https://sandboxtest.stroyrem-nn.ru/', case_id = 'TD 022'\nlink_item = 'products/shtukaturka-gipsovaya-aksolit-m50-30-kg-mashinnogo-naneseniya'\namount = 166, weight = 5000, standard = 2800, in_time = 5490, all_time = 5980\n\n    @pytest.mark.parametrize('case_id, link_item, amount, weight, standard, in_time, all_time', [\n        (\"TD 015\", bundeks_25, 1, 30, 650, 2390, 3320),\n        pytest.param(\n            \"TD 016\", aksolit_30, 8, 300, 650, 2390, 3320,\n            marks=pytest.mark.xfail(reson=\"Цена доставки: - - -\")\n        ),\n        (\"TD 017\", aksolit_30, 13, 400, 650, 2390, 3320),\n        (\"TD 018\", aksolit_30, 16, 500, 850, 2490, 3320),\n        (\"TD 019\", aksolit_30, 25, 1700, 1150, 2490, 3320),\n        (\"TD 020\", aksolit_30, 66, 2000, 1500, 2990, 3650),\n        (\"TD 021\", aksolit_30, 149, 4500, 2600, 4380, 4890),\n        (\"TD 022\", aksolit_30, 166, 5000, 2800, 5490, 5980),\n        pytest.param(\n            \"TD 023\", aksolit_30, 206, 6200, 3300, 7500, 8000,\n            marks=pytest.mark.xfail(reson=\"Цена доставки: 4300 9900 11440\")\n        ),\n        (\"TD 024\", aksolit_30, 299, 9000, 4300, 9900, 11440),\n        (\"TD 025\", aksolit_30, 333, 10000, 7000, 13900, 15900),\n        pytest.param(\n            \"TD 026\", aksolit_30, 366, 11000, 8000, 14900, 19900,\n            marks=pytest.mark.xfail(reson=\"Цена доставки: 7000 13900 15900\")\n        ),\n        pytest.param(\n            \"TD 027\", aksolit_30, 666, 20000, 14000, 16900, 23900,\n            marks=pytest.mark.xfail(reson=\"Цена доставки: 7000 13900 15900\")\n        )\n    ])\n    @pytest.mark.xfail\n    @pytest.mark.smoke_test\n    def test_positive_delivery_blue_zone_smoke(\n            self, driver, url, case_id, link_item, amount, weight, standard, in_time, all_time\n    ):\n        allure.dynamic.title(f\"{case_id} Доставка товара весом до {weight}кг. в синей зоне\")\n    \n        driver.get(f'{url}{link_item}')\n        item_page = ItemPage(driver)\n>       item_page.add_item_to_cart(amount).click_on_cart()\n\ntests/delivery/test_delivery_calculation.py:132: \n_ _ _ _ _ _ _ _ _ _ _ _ _ _ _ _ _ _ _ _ _ _ _ _ _ _ _ _ _ _ _ _ _ _ _ _ _ _ _ _ \npages/item_page.py:40: in add_item_to_cart\n    self.find_element(self._add_item).click()\nbase/seleniumbase.py:17: in find_element\n    return self.driver.find_element(*locator)\n/usr/local/lib/python3.11/site-packages/selenium/webdriver/remote/webdriver.py:739: in find_element\n    return self.execute(Command.FIND_ELEMENT, {\"using\": by, \"value\": value})[\"value\"]\n/usr/local/lib/python3.11/site-packages/selenium/webdriver/remote/webdriver.py:345: in execute\n    self.error_handler.check_response(response)\n_ _ _ _ _ _ _ _ _ _ _ _ _ _ _ _ _ _ _ _ _ _ _ _ _ _ _ _ _ _ _ _ _ _ _ _ _ _ _ _ \n\nself = <selenium.webdriver.remote.errorhandler.ErrorHandler object at 0x72db9c1cf410>\nresponse = {'status': 404, 'value': '{\"value\":{\"error\":\"no such element\",\"message\":\"no such element: Unable to locate element: {\\...\\\\n#16 0x5d0924b3d723 \\\\u003Cunknown>\\\\n#17 0x5d0924b4e0e4 \\\\u003Cunknown>\\\\n#18 0x797780871134 \\\\u003Cunknown>\\\\n\"}}'}\n\n    def check_response(self, response: Dict[str, Any]) -> None:\n        \"\"\"Checks that a JSON response from the WebDriver does not have an\n        error.\n    \n        :Args:\n         - response - The JSON response from the WebDriver server as a dictionary\n           object.\n    \n        :Raises: If the response contains an error message.\n        \"\"\"\n        status = response.get(\"status\", None)\n        if not status or status == ErrorCode.SUCCESS:\n            return\n        value = None\n        message = response.get(\"message\", \"\")\n        screen: str = response.get(\"screen\", \"\")\n        stacktrace = None\n        if isinstance(status, int):\n            value_json = response.get(\"value\", None)\n            if value_json and isinstance(value_json, str):\n                import json\n    \n                try:\n                    value = json.loads(value_json)\n                    if len(value) == 1:\n                        value = value[\"value\"]\n                    status = value.get(\"error\", None)\n                    if not status:\n                        status = value.get(\"status\", ErrorCode.UNKNOWN_ERROR)\n                        message = value.get(\"value\") or value.get(\"message\")\n                        if not isinstance(message, str):\n                            value = message\n                            message = message.get(\"message\")\n                    else:\n                        message = value.get(\"message\", None)\n                except ValueError:\n                    pass\n    \n        exception_class: Type[WebDriverException]\n        e = ErrorCode()\n        error_codes = [item for item in dir(e) if not item.startswith(\"__\")]\n        for error_code in error_codes:\n            error_info = getattr(ErrorCode, error_code)\n            if isinstance(error_info, list) and status in error_info:\n                exception_class = getattr(ExceptionMapping, error_code, WebDriverException)\n                break\n        else:\n            exception_class = WebDriverException\n    \n        if not value:\n            value = response[\"value\"]\n        if isinstance(value, str):\n            raise exception_class(value)\n        if message == \"\" and \"message\" in value:\n            message = value[\"message\"]\n    \n        screen = None  # type: ignore[assignment]\n        if \"screen\" in value:\n            screen = value[\"screen\"]\n    \n        stacktrace = None\n        st_value = value.get(\"stackTrace\") or value.get(\"stacktrace\")\n        if st_value:\n            if isinstance(st_value, str):\n                stacktrace = st_value.split(\"\\n\")\n            else:\n                stacktrace = []\n                try:\n                    for frame in st_value:\n                        line = frame.get(\"lineNumber\", \"\")\n                        file = frame.get(\"fileName\", \"<anonymous>\")\n                        if line:\n                            file = f\"{file}:{line}\"\n                        meth = frame.get(\"methodName\", \"<anonymous>\")\n                        if \"className\" in frame:\n                            meth = f\"{frame['className']}.{meth}\"\n                        msg = \"    at %s (%s)\"\n                        msg = msg % (meth, file)\n                        stacktrace.append(msg)\n                except TypeError:\n                    pass\n        if exception_class == UnexpectedAlertPresentException:\n            alert_text = None\n            if \"data\" in value:\n                alert_text = value[\"data\"].get(\"text\")\n            elif \"alert\" in value:\n                alert_text = value[\"alert\"].get(\"text\")\n            raise exception_class(message, screen, stacktrace, alert_text)  # type: ignore[call-arg]  # mypy is not smart enough here\n>       raise exception_class(message, screen, stacktrace)\nE       selenium.common.exceptions.NoSuchElementException: Message: no such element: Unable to locate element: {\"method\":\"xpath\",\"selector\":\"(//a[@class='add-to-cart yellow-btn'])[1]\"}\nE         (Session info: chrome-headless-shell=122.0.6261.128); For documentation on this error, please visit: https://www.selenium.dev/documentation/webdriver/troubleshooting/errors#no-such-element-exception\nE       Stacktrace:\nE       #0 0x5d0924b4ef33 <unknown>\nE       #1 0x5d0924846ce6 <unknown>\nE       #2 0x5d0924891e48 <unknown>\nE       #3 0x5d0924891f01 <unknown>\nE       #4 0x5d09248d53f4 <unknown>\nE       #5 0x5d09248b3edd <unknown>\nE       #6 0x5d09248d2899 <unknown>\nE       #7 0x5d09248b3c53 <unknown>\nE       #8 0x5d0924884db3 <unknown>\nE       #9 0x5d092488577e <unknown>\nE       #10 0x5d0924b1486b <unknown>\nE       #11 0x5d0924b18885 <unknown>\nE       #12 0x5d0924b02181 <unknown>\nE       #13 0x5d0924b19412 <unknown>\nE       #14 0x5d0924ae625f <unknown>\nE       #15 0x5d0924b3d528 <unknown>\nE       #16 0x5d0924b3d723 <unknown>\nE       #17 0x5d0924b4e0e4 <unknown>\nE       #18 0x797780871134 <unknown>\n\n/usr/local/lib/python3.11/site-packages/selenium/webdriver/remote/errorhandler.py:229: NoSuchElementException","flaky":false,"newFailed":false,"newBroken":false,"newPassed":false,"retriesCount":0,"retriesStatusChange":false,"beforeStages":[{"name":"_session_faker","time":{"start":1710549987652,"stop":1710549987720,"duration":68},"status":"passed","steps":[],"attachments":[],"parameters":[],"shouldDisplayMessage":false,"stepsCount":0,"attachmentsCount":0,"hasContent":false,"attachmentStep":false},{"name":"clear_allure_results_folder","time":{"start":1710549987720,"stop":1710549987720,"duration":0},"status":"passed","steps":[],"attachments":[],"parameters":[],"shouldDisplayMessage":false,"stepsCount":0,"attachmentsCount":0,"hasContent":false,"attachmentStep":false},{"name":"driver","time":{"start":1710550241685,"stop":1710550242456,"duration":771},"status":"passed","steps":[],"attachments":[],"parameters":[],"shouldDisplayMessage":false,"stepsCount":0,"attachmentsCount":0,"hasContent":false,"attachmentStep":false},{"name":"setup","time":{"start":1710550242457,"stop":1710550242457,"duration":0},"status":"passed","steps":[],"attachments":[],"parameters":[],"shouldDisplayMessage":false,"stepsCount":0,"attachmentsCount":0,"hasContent":false,"attachmentStep":false}],"testStage":{"status":"skipped","statusMessage":"XFAIL\n\nselenium.common.exceptions.NoSuchElementException: Message: no such element: Unable to locate element: {\"method\":\"xpath\",\"selector\":\"(//a[@class='add-to-cart yellow-btn'])[1]\"}\n  (Session info: chrome-headless-shell=122.0.6261.128); For documentation on this error, please visit: https://www.selenium.dev/documentation/webdriver/troubleshooting/errors#no-such-element-exception\nStacktrace:\n#0 0x5d0924b4ef33 <unknown>\n#1 0x5d0924846ce6 <unknown>\n#2 0x5d0924891e48 <unknown>\n#3 0x5d0924891f01 <unknown>\n#4 0x5d09248d53f4 <unknown>\n#5 0x5d09248b3edd <unknown>\n#6 0x5d09248d2899 <unknown>\n#7 0x5d09248b3c53 <unknown>\n#8 0x5d0924884db3 <unknown>\n#9 0x5d092488577e <unknown>\n#10 0x5d0924b1486b <unknown>\n#11 0x5d0924b18885 <unknown>\n#12 0x5d0924b02181 <unknown>\n#13 0x5d0924b19412 <unknown>\n#14 0x5d0924ae625f <unknown>\n#15 0x5d0924b3d528 <unknown>\n#16 0x5d0924b3d723 <unknown>\n#17 0x5d0924b4e0e4 <unknown>\n#18 0x797780871134 <unknown>","statusTrace":"self = <tests.delivery.test_delivery_calculation.TestDeliveryPageCalculation object at 0x72db9bd32110>\ndriver = <selenium.webdriver.chrome.webdriver.WebDriver (session=\"4c4f308ea08eae2c58b510289f629170\")>\nurl = 'https://sandboxtest.stroyrem-nn.ru/', case_id = 'TD 022'\nlink_item = 'products/shtukaturka-gipsovaya-aksolit-m50-30-kg-mashinnogo-naneseniya'\namount = 166, weight = 5000, standard = 2800, in_time = 5490, all_time = 5980\n\n    @pytest.mark.parametrize('case_id, link_item, amount, weight, standard, in_time, all_time', [\n        (\"TD 015\", bundeks_25, 1, 30, 650, 2390, 3320),\n        pytest.param(\n            \"TD 016\", aksolit_30, 8, 300, 650, 2390, 3320,\n            marks=pytest.mark.xfail(reson=\"Цена доставки: - - -\")\n        ),\n        (\"TD 017\", aksolit_30, 13, 400, 650, 2390, 3320),\n        (\"TD 018\", aksolit_30, 16, 500, 850, 2490, 3320),\n        (\"TD 019\", aksolit_30, 25, 1700, 1150, 2490, 3320),\n        (\"TD 020\", aksolit_30, 66, 2000, 1500, 2990, 3650),\n        (\"TD 021\", aksolit_30, 149, 4500, 2600, 4380, 4890),\n        (\"TD 022\", aksolit_30, 166, 5000, 2800, 5490, 5980),\n        pytest.param(\n            \"TD 023\", aksolit_30, 206, 6200, 3300, 7500, 8000,\n            marks=pytest.mark.xfail(reson=\"Цена доставки: 4300 9900 11440\")\n        ),\n        (\"TD 024\", aksolit_30, 299, 9000, 4300, 9900, 11440),\n        (\"TD 025\", aksolit_30, 333, 10000, 7000, 13900, 15900),\n        pytest.param(\n            \"TD 026\", aksolit_30, 366, 11000, 8000, 14900, 19900,\n            marks=pytest.mark.xfail(reson=\"Цена доставки: 7000 13900 15900\")\n        ),\n        pytest.param(\n            \"TD 027\", aksolit_30, 666, 20000, 14000, 16900, 23900,\n            marks=pytest.mark.xfail(reson=\"Цена доставки: 7000 13900 15900\")\n        )\n    ])\n    @pytest.mark.xfail\n    @pytest.mark.smoke_test\n    def test_positive_delivery_blue_zone_smoke(\n            self, driver, url, case_id, link_item, amount, weight, standard, in_time, all_time\n    ):\n        allure.dynamic.title(f\"{case_id} Доставка товара весом до {weight}кг. в синей зоне\")\n    \n        driver.get(f'{url}{link_item}')\n        item_page = ItemPage(driver)\n>       item_page.add_item_to_cart(amount).click_on_cart()\n\ntests/delivery/test_delivery_calculation.py:132: \n_ _ _ _ _ _ _ _ _ _ _ _ _ _ _ _ _ _ _ _ _ _ _ _ _ _ _ _ _ _ _ _ _ _ _ _ _ _ _ _ \npages/item_page.py:40: in add_item_to_cart\n    self.find_element(self._add_item).click()\nbase/seleniumbase.py:17: in find_element\n    return self.driver.find_element(*locator)\n/usr/local/lib/python3.11/site-packages/selenium/webdriver/remote/webdriver.py:739: in find_element\n    return self.execute(Command.FIND_ELEMENT, {\"using\": by, \"value\": value})[\"value\"]\n/usr/local/lib/python3.11/site-packages/selenium/webdriver/remote/webdriver.py:345: in execute\n    self.error_handler.check_response(response)\n_ _ _ _ _ _ _ _ _ _ _ _ _ _ _ _ _ _ _ _ _ _ _ _ _ _ _ _ _ _ _ _ _ _ _ _ _ _ _ _ \n\nself = <selenium.webdriver.remote.errorhandler.ErrorHandler object at 0x72db9c1cf410>\nresponse = {'status': 404, 'value': '{\"value\":{\"error\":\"no such element\",\"message\":\"no such element: Unable to locate element: {\\...\\\\n#16 0x5d0924b3d723 \\\\u003Cunknown>\\\\n#17 0x5d0924b4e0e4 \\\\u003Cunknown>\\\\n#18 0x797780871134 \\\\u003Cunknown>\\\\n\"}}'}\n\n    def check_response(self, response: Dict[str, Any]) -> None:\n        \"\"\"Checks that a JSON response from the WebDriver does not have an\n        error.\n    \n        :Args:\n         - response - The JSON response from the WebDriver server as a dictionary\n           object.\n    \n        :Raises: If the response contains an error message.\n        \"\"\"\n        status = response.get(\"status\", None)\n        if not status or status == ErrorCode.SUCCESS:\n            return\n        value = None\n        message = response.get(\"message\", \"\")\n        screen: str = response.get(\"screen\", \"\")\n        stacktrace = None\n        if isinstance(status, int):\n            value_json = response.get(\"value\", None)\n            if value_json and isinstance(value_json, str):\n                import json\n    \n                try:\n                    value = json.loads(value_json)\n                    if len(value) == 1:\n                        value = value[\"value\"]\n                    status = value.get(\"error\", None)\n                    if not status:\n                        status = value.get(\"status\", ErrorCode.UNKNOWN_ERROR)\n                        message = value.get(\"value\") or value.get(\"message\")\n                        if not isinstance(message, str):\n                            value = message\n                            message = message.get(\"message\")\n                    else:\n                        message = value.get(\"message\", None)\n                except ValueError:\n                    pass\n    \n        exception_class: Type[WebDriverException]\n        e = ErrorCode()\n        error_codes = [item for item in dir(e) if not item.startswith(\"__\")]\n        for error_code in error_codes:\n            error_info = getattr(ErrorCode, error_code)\n            if isinstance(error_info, list) and status in error_info:\n                exception_class = getattr(ExceptionMapping, error_code, WebDriverException)\n                break\n        else:\n            exception_class = WebDriverException\n    \n        if not value:\n            value = response[\"value\"]\n        if isinstance(value, str):\n            raise exception_class(value)\n        if message == \"\" and \"message\" in value:\n            message = value[\"message\"]\n    \n        screen = None  # type: ignore[assignment]\n        if \"screen\" in value:\n            screen = value[\"screen\"]\n    \n        stacktrace = None\n        st_value = value.get(\"stackTrace\") or value.get(\"stacktrace\")\n        if st_value:\n            if isinstance(st_value, str):\n                stacktrace = st_value.split(\"\\n\")\n            else:\n                stacktrace = []\n                try:\n                    for frame in st_value:\n                        line = frame.get(\"lineNumber\", \"\")\n                        file = frame.get(\"fileName\", \"<anonymous>\")\n                        if line:\n                            file = f\"{file}:{line}\"\n                        meth = frame.get(\"methodName\", \"<anonymous>\")\n                        if \"className\" in frame:\n                            meth = f\"{frame['className']}.{meth}\"\n                        msg = \"    at %s (%s)\"\n                        msg = msg % (meth, file)\n                        stacktrace.append(msg)\n                except TypeError:\n                    pass\n        if exception_class == UnexpectedAlertPresentException:\n            alert_text = None\n            if \"data\" in value:\n                alert_text = value[\"data\"].get(\"text\")\n            elif \"alert\" in value:\n                alert_text = value[\"alert\"].get(\"text\")\n            raise exception_class(message, screen, stacktrace, alert_text)  # type: ignore[call-arg]  # mypy is not smart enough here\n>       raise exception_class(message, screen, stacktrace)\nE       selenium.common.exceptions.NoSuchElementException: Message: no such element: Unable to locate element: {\"method\":\"xpath\",\"selector\":\"(//a[@class='add-to-cart yellow-btn'])[1]\"}\nE         (Session info: chrome-headless-shell=122.0.6261.128); For documentation on this error, please visit: https://www.selenium.dev/documentation/webdriver/troubleshooting/errors#no-such-element-exception\nE       Stacktrace:\nE       #0 0x5d0924b4ef33 <unknown>\nE       #1 0x5d0924846ce6 <unknown>\nE       #2 0x5d0924891e48 <unknown>\nE       #3 0x5d0924891f01 <unknown>\nE       #4 0x5d09248d53f4 <unknown>\nE       #5 0x5d09248b3edd <unknown>\nE       #6 0x5d09248d2899 <unknown>\nE       #7 0x5d09248b3c53 <unknown>\nE       #8 0x5d0924884db3 <unknown>\nE       #9 0x5d092488577e <unknown>\nE       #10 0x5d0924b1486b <unknown>\nE       #11 0x5d0924b18885 <unknown>\nE       #12 0x5d0924b02181 <unknown>\nE       #13 0x5d0924b19412 <unknown>\nE       #14 0x5d0924ae625f <unknown>\nE       #15 0x5d0924b3d528 <unknown>\nE       #16 0x5d0924b3d723 <unknown>\nE       #17 0x5d0924b4e0e4 <unknown>\nE       #18 0x797780871134 <unknown>\n\n/usr/local/lib/python3.11/site-packages/selenium/webdriver/remote/errorhandler.py:229: NoSuchElementException","steps":[{"name":"Добавляем товар в корзину в количестве 166","time":{"start":1710550243006,"stop":1710550243018,"duration":12},"status":"broken","statusMessage":"selenium.common.exceptions.NoSuchElementException: Message: no such element: Unable to locate element: {\"method\":\"xpath\",\"selector\":\"(//a[@class='add-to-cart yellow-btn'])[1]\"}\n  (Session info: chrome-headless-shell=122.0.6261.128); For documentation on this error, please visit: https://www.selenium.dev/documentation/webdriver/troubleshooting/errors#no-such-element-exception\nStacktrace:\n#0 0x5d0924b4ef33 <unknown>\n#1 0x5d0924846ce6 <unknown>\n#2 0x5d0924891e48 <unknown>\n#3 0x5d0924891f01 <unknown>\n#4 0x5d09248d53f4 <unknown>\n#5 0x5d09248b3edd <unknown>\n#6 0x5d09248d2899 <unknown>\n#7 0x5d09248b3c53 <unknown>\n#8 0x5d0924884db3 <unknown>\n#9 0x5d092488577e <unknown>\n#10 0x5d0924b1486b <unknown>\n#11 0x5d0924b18885 <unknown>\n#12 0x5d0924b02181 <unknown>\n#13 0x5d0924b19412 <unknown>\n#14 0x5d0924ae625f <unknown>\n#15 0x5d0924b3d528 <unknown>\n#16 0x5d0924b3d723 <unknown>\n#17 0x5d0924b4e0e4 <unknown>\n#18 0x797780871134 <unknown>\n\n","statusTrace":"  File \"/usr/local/lib/python3.11/site-packages/allure_commons/_allure.py\", line 192, in impl\n    return func(*a, **kw)\n           ^^^^^^^^^^^^^^\n  File \"/app/pages/item_page.py\", line 40, in add_item_to_cart\n    self.find_element(self._add_item).click()\n    ^^^^^^^^^^^^^^^^^^^^^^^^^^^^^^^^^\n  File \"/app/base/seleniumbase.py\", line 17, in find_element\n    return self.driver.find_element(*locator)\n           ^^^^^^^^^^^^^^^^^^^^^^^^^^^^^^^^^^\n  File \"/usr/local/lib/python3.11/site-packages/selenium/webdriver/remote/webdriver.py\", line 739, in find_element\n    return self.execute(Command.FIND_ELEMENT, {\"using\": by, \"value\": value})[\"value\"]\n           ^^^^^^^^^^^^^^^^^^^^^^^^^^^^^^^^^^^^^^^^^^^^^^^^^^^^^^^^^^^^^^^^^\n  File \"/usr/local/lib/python3.11/site-packages/selenium/webdriver/remote/webdriver.py\", line 345, in execute\n    self.error_handler.check_response(response)\n  File \"/usr/local/lib/python3.11/site-packages/selenium/webdriver/remote/errorhandler.py\", line 229, in check_response\n    raise exception_class(message, screen, stacktrace)\n","steps":[],"attachments":[],"parameters":[{"name":"amount","value":"166"}],"shouldDisplayMessage":true,"stepsCount":0,"attachmentsCount":0,"hasContent":true,"attachmentStep":false}],"attachments":[{"uid":"ad9352013eab99db","name":"Screenshot","source":"ad9352013eab99db.png","type":"image/png","size":5862},{"uid":"a0147cb63df547d8","name":"HTML source","source":"a0147cb63df547d8.html","type":"text/html","size":39}],"parameters":[],"shouldDisplayMessage":true,"stepsCount":1,"attachmentsCount":2,"hasContent":true,"attachmentStep":false},"afterStages":[{"name":"driver::0","time":{"start":1710550243127,"stop":1710550243184,"duration":57},"status":"passed","steps":[],"attachments":[],"parameters":[],"shouldDisplayMessage":false,"stepsCount":0,"attachmentsCount":0,"hasContent":false,"attachmentStep":false},{"name":"setup::0","time":{"start":1710550243127,"stop":1710550243127,"duration":0},"status":"passed","steps":[],"attachments":[],"parameters":[],"shouldDisplayMessage":false,"stepsCount":0,"attachmentsCount":0,"hasContent":false,"attachmentStep":false}],"labels":[{"name":"epic","value":"Delivery Page - calculation"},{"name":"tag","value":"smoke_test"},{"name":"tag","value":"@pytest.mark.xfail"},{"name":"parentSuite","value":"tests.delivery"},{"name":"suite","value":"test_delivery_calculation"},{"name":"subSuite","value":"TestDeliveryPageCalculation"},{"name":"host","value":"8cb6d7cf72b6"},{"name":"thread","value":"1-MainThread"},{"name":"framework","value":"pytest"},{"name":"language","value":"cpython3"},{"name":"package","value":"tests.delivery.test_delivery_calculation"},{"name":"resultFormat","value":"allure2"}],"parameters":[{"name":"all_time","value":"5980"},{"name":"amount","value":"166"},{"name":"case_id","value":"'TD 022'"},{"name":"in_time","value":"5490"},{"name":"link_item","value":"'products/shtukaturka-gipsovaya-aksolit-m50-30-kg-mashinnogo-naneseniya'"},{"name":"standard","value":"2800"},{"name":"url","value":"'https://sandboxtest.stroyrem-nn.ru/'"},{"name":"weight","value":"5000"}],"links":[],"hidden":false,"retry":false,"extra":{"severity":"normal","retries":[],"categories":[],"history":{"statistic":{"failed":0,"broken":13,"skipped":187,"passed":0,"unknown":0,"total":200},"items":[{"uid":"22434eb9d95452bd","reportUrl":"https://Nat754.github.io/StroyremAutomation/247//#testresult/22434eb9d95452bd","status":"skipped","statusDetails":"XFAIL\n\nselenium.common.exceptions.NoSuchElementException: Message: no such element: Unable to locate element: {\"method\":\"xpath\",\"selector\":\"(//a[@class='add-to-cart yellow-btn'])[1]\"}\n  (Session info: chrome-headless-shell=122.0.6261.128); For documentation on this error, please visit: https://www.selenium.dev/documentation/webdriver/troubleshooting/errors#no-such-element-exception\nStacktrace:\n#0 0x597049a9ef33 <unknown>\n#1 0x597049796ce6 <unknown>\n#2 0x5970497e1e48 <unknown>\n#3 0x5970497e1f01 <unknown>\n#4 0x5970498253f4 <unknown>\n#5 0x597049803edd <unknown>\n#6 0x597049822899 <unknown>\n#7 0x597049803c53 <unknown>\n#8 0x5970497d4db3 <unknown>\n#9 0x5970497d577e <unknown>\n#10 0x597049a6486b <unknown>\n#11 0x597049a68885 <unknown>\n#12 0x597049a52181 <unknown>\n#13 0x597049a69412 <unknown>\n#14 0x597049a3625f <unknown>\n#15 0x597049a8d528 <unknown>\n#16 0x597049a8d723 <unknown>\n#17 0x597049a9e0e4 <unknown>\n#18 0x7e244a48a134 <unknown>","time":{"start":1710463980810,"stop":1710463981160,"duration":350}},{"uid":"5acf349754113a3e","reportUrl":"https://Nat754.github.io/StroyremAutomation/246//#testresult/5acf349754113a3e","status":"skipped","statusDetails":"XFAIL\n\nselenium.common.exceptions.NoSuchElementException: Message: no such element: Unable to locate element: {\"method\":\"xpath\",\"selector\":\"(//a[@class='add-to-cart yellow-btn'])[1]\"}\n  (Session info: chrome-headless-shell=122.0.6261.128); For documentation on this error, please visit: https://www.selenium.dev/documentation/webdriver/troubleshooting/errors#no-such-element-exception\nStacktrace:\n#0 0x56a6ae315f33 <unknown>\n#1 0x56a6ae00dce6 <unknown>\n#2 0x56a6ae058e48 <unknown>\n#3 0x56a6ae058f01 <unknown>\n#4 0x56a6ae09c3f4 <unknown>\n#5 0x56a6ae07aedd <unknown>\n#6 0x56a6ae099899 <unknown>\n#7 0x56a6ae07ac53 <unknown>\n#8 0x56a6ae04bdb3 <unknown>\n#9 0x56a6ae04c77e <unknown>\n#10 0x56a6ae2db86b <unknown>\n#11 0x56a6ae2df885 <unknown>\n#12 0x56a6ae2c9181 <unknown>\n#13 0x56a6ae2e0412 <unknown>\n#14 0x56a6ae2ad25f <unknown>\n#15 0x56a6ae304528 <unknown>\n#16 0x56a6ae304723 <unknown>\n#17 0x56a6ae3150e4 <unknown>\n#18 0x75b8f1446134 <unknown>","time":{"start":1710377561884,"stop":1710377562226,"duration":342}},{"uid":"373825b0da2f820","reportUrl":"https://Nat754.github.io/StroyremAutomation/245//#testresult/373825b0da2f820","status":"skipped","statusDetails":"XFAIL\n\nselenium.common.exceptions.NoSuchElementException: Message: no such element: Unable to locate element: {\"method\":\"xpath\",\"selector\":\"(//a[@class='add-to-cart yellow-btn'])[1]\"}\n  (Session info: chrome-headless-shell=122.0.6261.128); For documentation on this error, please visit: https://www.selenium.dev/documentation/webdriver/troubleshooting/errors#no-such-element-exception\nStacktrace:\n#0 0x55ad20a13f33 <unknown>\n#1 0x55ad2070bce6 <unknown>\n#2 0x55ad20756e48 <unknown>\n#3 0x55ad20756f01 <unknown>\n#4 0x55ad2079a3f4 <unknown>\n#5 0x55ad20778edd <unknown>\n#6 0x55ad20797899 <unknown>\n#7 0x55ad20778c53 <unknown>\n#8 0x55ad20749db3 <unknown>\n#9 0x55ad2074a77e <unknown>\n#10 0x55ad209d986b <unknown>\n#11 0x55ad209dd885 <unknown>\n#12 0x55ad209c7181 <unknown>\n#13 0x55ad209de412 <unknown>\n#14 0x55ad209ab25f <unknown>\n#15 0x55ad20a02528 <unknown>\n#16 0x55ad20a02723 <unknown>\n#17 0x55ad20a130e4 <unknown>\n#18 0x7f1db5d05134 <unknown>","time":{"start":1710291228555,"stop":1710291228986,"duration":431}},{"uid":"4aa45b1e3d094554","reportUrl":"https://Nat754.github.io/StroyremAutomation/244//#testresult/4aa45b1e3d094554","status":"skipped","statusDetails":"XFAIL\n\nselenium.common.exceptions.NoSuchElementException: Message: no such element: Unable to locate element: {\"method\":\"xpath\",\"selector\":\"(//a[@class='add-to-cart yellow-btn'])[1]\"}\n  (Session info: chrome-headless-shell=122.0.6261.111); For documentation on this error, please visit: https://www.selenium.dev/documentation/webdriver/troubleshooting/errors#no-such-element-exception\nStacktrace:\n#0 0x55bce1d82ec3 <unknown>\n#1 0x55bce1a7ace6 <unknown>\n#2 0x55bce1ac5e48 <unknown>\n#3 0x55bce1ac5f01 <unknown>\n#4 0x55bce1b093f4 <unknown>\n#5 0x55bce1ae7edd <unknown>\n#6 0x55bce1b06899 <unknown>\n#7 0x55bce1ae7c53 <unknown>\n#8 0x55bce1ab8db3 <unknown>\n#9 0x55bce1ab977e <unknown>\n#10 0x55bce1d487fb <unknown>\n#11 0x55bce1d4c815 <unknown>\n#12 0x55bce1d36111 <unknown>\n#13 0x55bce1d4d3a2 <unknown>\n#14 0x55bce1d1a1ef <unknown>\n#15 0x55bce1d714b8 <unknown>\n#16 0x55bce1d716b3 <unknown>\n#17 0x55bce1d82074 <unknown>\n#18 0x7f8e8cf42134 <unknown>","time":{"start":1710204693834,"stop":1710204694661,"duration":827}},{"uid":"388699b899dd5abe","reportUrl":"https://Nat754.github.io/StroyremAutomation/243//#testresult/388699b899dd5abe","status":"skipped","statusDetails":"XFAIL\n\nselenium.common.exceptions.NoSuchElementException: Message: no such element: Unable to locate element: {\"method\":\"xpath\",\"selector\":\"(//a[@class='add-to-cart yellow-btn'])[1]\"}\n  (Session info: chrome-headless-shell=122.0.6261.111); For documentation on this error, please visit: https://www.selenium.dev/documentation/webdriver/troubleshooting/errors#no-such-element-exception\nStacktrace:\n#0 0x556090dbbec3 <unknown>\n#1 0x556090ab3ce6 <unknown>\n#2 0x556090afee48 <unknown>\n#3 0x556090afef01 <unknown>\n#4 0x556090b423f4 <unknown>\n#5 0x556090b20edd <unknown>\n#6 0x556090b3f899 <unknown>\n#7 0x556090b20c53 <unknown>\n#8 0x556090af1db3 <unknown>\n#9 0x556090af277e <unknown>\n#10 0x556090d817fb <unknown>\n#11 0x556090d85815 <unknown>\n#12 0x556090d6f111 <unknown>\n#13 0x556090d863a2 <unknown>\n#14 0x556090d531ef <unknown>\n#15 0x556090daa4b8 <unknown>\n#16 0x556090daa6b3 <unknown>\n#17 0x556090dbb074 <unknown>\n#18 0x7fdfa504f134 <unknown>","time":{"start":1710118429022,"stop":1710118429457,"duration":435}},{"uid":"5d035656a89b7fe3","reportUrl":"https://Nat754.github.io/StroyremAutomation/242//#testresult/5d035656a89b7fe3","status":"skipped","statusDetails":"XFAIL\n\nselenium.common.exceptions.NoSuchElementException: Message: no such element: Unable to locate element: {\"method\":\"xpath\",\"selector\":\"(//a[@class='add-to-cart yellow-btn'])[1]\"}\n  (Session info: chrome-headless-shell=122.0.6261.111); For documentation on this error, please visit: https://www.selenium.dev/documentation/webdriver/troubleshooting/errors#no-such-element-exception\nStacktrace:\n#0 0x5571aa6f6ec3 <unknown>\n#1 0x5571aa3eece6 <unknown>\n#2 0x5571aa439e48 <unknown>\n#3 0x5571aa439f01 <unknown>\n#4 0x5571aa47d3f4 <unknown>\n#5 0x5571aa45bedd <unknown>\n#6 0x5571aa47a899 <unknown>\n#7 0x5571aa45bc53 <unknown>\n#8 0x5571aa42cdb3 <unknown>\n#9 0x5571aa42d77e <unknown>\n#10 0x5571aa6bc7fb <unknown>\n#11 0x5571aa6c0815 <unknown>\n#12 0x5571aa6aa111 <unknown>\n#13 0x5571aa6c13a2 <unknown>\n#14 0x5571aa68e1ef <unknown>\n#15 0x5571aa6e54b8 <unknown>\n#16 0x5571aa6e56b3 <unknown>\n#17 0x5571aa6f6074 <unknown>\n#18 0x7f9522483134 <unknown>","time":{"start":1710032195359,"stop":1710032195676,"duration":317}},{"uid":"e329e7f98d5c38b7","reportUrl":"https://Nat754.github.io/StroyremAutomation/241//#testresult/e329e7f98d5c38b7","status":"skipped","statusDetails":"XFAIL\n\nselenium.common.exceptions.NoSuchElementException: Message: no such element: Unable to locate element: {\"method\":\"xpath\",\"selector\":\"(//a[@class='add-to-cart yellow-btn'])[1]\"}\n  (Session info: chrome-headless-shell=122.0.6261.111); For documentation on this error, please visit: https://www.selenium.dev/documentation/webdriver/troubleshooting/errors#no-such-element-exception\nStacktrace:\n#0 0x55704ff68ec3 <unknown>\n#1 0x55704fc60ce6 <unknown>\n#2 0x55704fcabe48 <unknown>\n#3 0x55704fcabf01 <unknown>\n#4 0x55704fcef3f4 <unknown>\n#5 0x55704fccdedd <unknown>\n#6 0x55704fcec899 <unknown>\n#7 0x55704fccdc53 <unknown>\n#8 0x55704fc9edb3 <unknown>\n#9 0x55704fc9f77e <unknown>\n#10 0x55704ff2e7fb <unknown>\n#11 0x55704ff32815 <unknown>\n#12 0x55704ff1c111 <unknown>\n#13 0x55704ff333a2 <unknown>\n#14 0x55704ff001ef <unknown>\n#15 0x55704ff574b8 <unknown>\n#16 0x55704ff576b3 <unknown>\n#17 0x55704ff68074 <unknown>\n#18 0x7f30a7627134 <unknown>","time":{"start":1709945405296,"stop":1709945405619,"duration":323}},{"uid":"e21565ac10457afe","reportUrl":"https://Nat754.github.io/StroyremAutomation/240//#testresult/e21565ac10457afe","status":"skipped","statusDetails":"XFAIL\n\nselenium.common.exceptions.NoSuchElementException: Message: no such element: Unable to locate element: {\"method\":\"xpath\",\"selector\":\"(//a[@class='add-to-cart yellow-btn'])[1]\"}\n  (Session info: chrome-headless-shell=122.0.6261.111); For documentation on this error, please visit: https://www.selenium.dev/documentation/webdriver/troubleshooting/errors#no-such-element-exception\nStacktrace:\n#0 0x5607b5cc9ec3 <unknown>\n#1 0x5607b59c1ce6 <unknown>\n#2 0x5607b5a0ce48 <unknown>\n#3 0x5607b5a0cf01 <unknown>\n#4 0x5607b5a503f4 <unknown>\n#5 0x5607b5a2eedd <unknown>\n#6 0x5607b5a4d899 <unknown>\n#7 0x5607b5a2ec53 <unknown>\n#8 0x5607b59ffdb3 <unknown>\n#9 0x5607b5a0077e <unknown>\n#10 0x5607b5c8f7fb <unknown>\n#11 0x5607b5c93815 <unknown>\n#12 0x5607b5c7d111 <unknown>\n#13 0x5607b5c943a2 <unknown>\n#14 0x5607b5c611ef <unknown>\n#15 0x5607b5cb84b8 <unknown>\n#16 0x5607b5cb86b3 <unknown>\n#17 0x5607b5cc9074 <unknown>\n#18 0x7f1562d47134 <unknown>","time":{"start":1709859088326,"stop":1709859088650,"duration":324}},{"uid":"bc369dde1d2f8d0f","reportUrl":"https://Nat754.github.io/StroyremAutomation/239//#testresult/bc369dde1d2f8d0f","status":"skipped","statusDetails":"XFAIL\n\nselenium.common.exceptions.NoSuchElementException: Message: no such element: Unable to locate element: {\"method\":\"xpath\",\"selector\":\"(//a[@class='add-to-cart yellow-btn'])[1]\"}\n  (Session info: chrome-headless-shell=122.0.6261.94); For documentation on this error, please visit: https://www.selenium.dev/documentation/webdriver/troubleshooting/errors#no-such-element-exception\nStacktrace:\n#0 0x562662378e93 <unknown>\n#1 0x562662070ce6 <unknown>\n#2 0x5626620bbe48 <unknown>\n#3 0x5626620bbf01 <unknown>\n#4 0x5626620ff3f4 <unknown>\n#5 0x5626620ddedd <unknown>\n#6 0x5626620fc899 <unknown>\n#7 0x5626620ddc53 <unknown>\n#8 0x5626620aedb3 <unknown>\n#9 0x5626620af77e <unknown>\n#10 0x56266233e7cb <unknown>\n#11 0x5626623427e5 <unknown>\n#12 0x56266232c0e1 <unknown>\n#13 0x562662343372 <unknown>\n#14 0x5626623101bf <unknown>\n#15 0x562662367488 <unknown>\n#16 0x562662367683 <unknown>\n#17 0x562662378044 <unknown>\n#18 0x7f6ebd5db134 <unknown>","time":{"start":1709772144978,"stop":1709772145792,"duration":814}},{"uid":"665aef5afcfd10be","reportUrl":"https://Nat754.github.io/StroyremAutomation/238//#testresult/665aef5afcfd10be","status":"skipped","statusDetails":"XFAIL\n\nselenium.common.exceptions.NoSuchElementException: Message: no such element: Unable to locate element: {\"method\":\"xpath\",\"selector\":\"(//a[@class='add-to-cart yellow-btn'])[1]\"}\n  (Session info: chrome-headless-shell=122.0.6261.94); For documentation on this error, please visit: https://www.selenium.dev/documentation/webdriver/troubleshooting/errors#no-such-element-exception\nStacktrace:\n#0 0x55b21d5fde93 <unknown>\n#1 0x55b21d2f5ce6 <unknown>\n#2 0x55b21d340e48 <unknown>\n#3 0x55b21d340f01 <unknown>\n#4 0x55b21d3843f4 <unknown>\n#5 0x55b21d362edd <unknown>\n#6 0x55b21d381899 <unknown>\n#7 0x55b21d362c53 <unknown>\n#8 0x55b21d333db3 <unknown>\n#9 0x55b21d33477e <unknown>\n#10 0x55b21d5c37cb <unknown>\n#11 0x55b21d5c77e5 <unknown>\n#12 0x55b21d5b10e1 <unknown>\n#13 0x55b21d5c8372 <unknown>\n#14 0x55b21d5951bf <unknown>\n#15 0x55b21d5ec488 <unknown>\n#16 0x55b21d5ec683 <unknown>\n#17 0x55b21d5fd044 <unknown>\n#18 0x7f282e9c9134 <unknown>","time":{"start":1709686352122,"stop":1709686352468,"duration":346}},{"uid":"9b7c203a584606aa","reportUrl":"https://Nat754.github.io/StroyremAutomation/237//#testresult/9b7c203a584606aa","status":"skipped","statusDetails":"XFAIL\n\nselenium.common.exceptions.NoSuchElementException: Message: no such element: Unable to locate element: {\"method\":\"xpath\",\"selector\":\"(//a[@class='add-to-cart yellow-btn'])[1]\"}\n  (Session info: chrome-headless-shell=122.0.6261.94); For documentation on this error, please visit: https://www.selenium.dev/documentation/webdriver/troubleshooting/errors#no-such-element-exception\nStacktrace:\n#0 0x55c1aac90e93 <unknown>\n#1 0x55c1aa988ce6 <unknown>\n#2 0x55c1aa9d3e48 <unknown>\n#3 0x55c1aa9d3f01 <unknown>\n#4 0x55c1aaa173f4 <unknown>\n#5 0x55c1aa9f5edd <unknown>\n#6 0x55c1aaa14899 <unknown>\n#7 0x55c1aa9f5c53 <unknown>\n#8 0x55c1aa9c6db3 <unknown>\n#9 0x55c1aa9c777e <unknown>\n#10 0x55c1aac567cb <unknown>\n#11 0x55c1aac5a7e5 <unknown>\n#12 0x55c1aac440e1 <unknown>\n#13 0x55c1aac5b372 <unknown>\n#14 0x55c1aac281bf <unknown>\n#15 0x55c1aac7f488 <unknown>\n#16 0x55c1aac7f683 <unknown>\n#17 0x55c1aac90044 <unknown>\n#18 0x7fc4b3838134 <unknown>","time":{"start":1709599930789,"stop":1709599931131,"duration":342}},{"uid":"ad5665254de3c96d","reportUrl":"https://Nat754.github.io/StroyremAutomation/236//#testresult/ad5665254de3c96d","status":"skipped","statusDetails":"XFAIL\n\nselenium.common.exceptions.NoSuchElementException: Message: no such element: Unable to locate element: {\"method\":\"xpath\",\"selector\":\"(//a[@class='add-to-cart yellow-btn'])[1]\"}\n  (Session info: chrome-headless-shell=122.0.6261.94); For documentation on this error, please visit: https://www.selenium.dev/documentation/webdriver/troubleshooting/errors#no-such-element-exception\nStacktrace:\n#0 0x55c7058fce93 <unknown>\n#1 0x55c7055f4ce6 <unknown>\n#2 0x55c70563fe48 <unknown>\n#3 0x55c70563ff01 <unknown>\n#4 0x55c7056833f4 <unknown>\n#5 0x55c705661edd <unknown>\n#6 0x55c705680899 <unknown>\n#7 0x55c705661c53 <unknown>\n#8 0x55c705632db3 <unknown>\n#9 0x55c70563377e <unknown>\n#10 0x55c7058c27cb <unknown>\n#11 0x55c7058c67e5 <unknown>\n#12 0x55c7058b00e1 <unknown>\n#13 0x55c7058c7372 <unknown>\n#14 0x55c7058941bf <unknown>\n#15 0x55c7058eb488 <unknown>\n#16 0x55c7058eb683 <unknown>\n#17 0x55c7058fc044 <unknown>\n#18 0x7f1b3278c134 <unknown>","time":{"start":1709513637123,"stop":1709513637544,"duration":421}},{"uid":"ed3e78784d32d3a0","reportUrl":"https://Nat754.github.io/StroyremAutomation/235//#testresult/ed3e78784d32d3a0","status":"skipped","statusDetails":"XFAIL\n\nselenium.common.exceptions.NoSuchElementException: Message: no such element: Unable to locate element: {\"method\":\"xpath\",\"selector\":\"(//a[@class='add-to-cart yellow-btn'])[1]\"}\n  (Session info: chrome-headless-shell=122.0.6261.94); For documentation on this error, please visit: https://www.selenium.dev/documentation/webdriver/troubleshooting/errors#no-such-element-exception\nStacktrace:\n#0 0x56274002ee93 <unknown>\n#1 0x56273fd26ce6 <unknown>\n#2 0x56273fd71e48 <unknown>\n#3 0x56273fd71f01 <unknown>\n#4 0x56273fdb53f4 <unknown>\n#5 0x56273fd93edd <unknown>\n#6 0x56273fdb2899 <unknown>\n#7 0x56273fd93c53 <unknown>\n#8 0x56273fd64db3 <unknown>\n#9 0x56273fd6577e <unknown>\n#10 0x56273fff47cb <unknown>\n#11 0x56273fff87e5 <unknown>\n#12 0x56273ffe20e1 <unknown>\n#13 0x56273fff9372 <unknown>\n#14 0x56273ffc61bf <unknown>\n#15 0x56274001d488 <unknown>\n#16 0x56274001d683 <unknown>\n#17 0x56274002e044 <unknown>\n#18 0x7f689d07d134 <unknown>","time":{"start":1709427372106,"stop":1709427372900,"duration":794}},{"uid":"13a37e4979eeb59c","reportUrl":"https://Nat754.github.io/StroyremAutomation/234//#testresult/13a37e4979eeb59c","status":"skipped","statusDetails":"XFAIL\n\nselenium.common.exceptions.NoSuchElementException: Message: no such element: Unable to locate element: {\"method\":\"xpath\",\"selector\":\"(//a[@class='add-to-cart yellow-btn'])[1]\"}\n  (Session info: chrome-headless-shell=122.0.6261.94); For documentation on this error, please visit: https://www.selenium.dev/documentation/webdriver/troubleshooting/errors#no-such-element-exception\nStacktrace:\n#0 0x561bfc0c0e93 <unknown>\n#1 0x561bfbdb8ce6 <unknown>\n#2 0x561bfbe03e48 <unknown>\n#3 0x561bfbe03f01 <unknown>\n#4 0x561bfbe473f4 <unknown>\n#5 0x561bfbe25edd <unknown>\n#6 0x561bfbe44899 <unknown>\n#7 0x561bfbe25c53 <unknown>\n#8 0x561bfbdf6db3 <unknown>\n#9 0x561bfbdf777e <unknown>\n#10 0x561bfc0867cb <unknown>\n#11 0x561bfc08a7e5 <unknown>\n#12 0x561bfc0740e1 <unknown>\n#13 0x561bfc08b372 <unknown>\n#14 0x561bfc0581bf <unknown>\n#15 0x561bfc0af488 <unknown>\n#16 0x561bfc0af683 <unknown>\n#17 0x561bfc0c0044 <unknown>\n#18 0x7f52f7949134 <unknown>","time":{"start":1709340631588,"stop":1709340631891,"duration":303}},{"uid":"89633b9a3fed929d","reportUrl":"https://Nat754.github.io/StroyremAutomation/233//#testresult/89633b9a3fed929d","status":"skipped","statusDetails":"XFAIL\n\nselenium.common.exceptions.NoSuchElementException: Message: no such element: Unable to locate element: {\"method\":\"xpath\",\"selector\":\"(//a[@class='add-to-cart yellow-btn'])[1]\"}\n  (Session info: chrome-headless-shell=122.0.6261.94); For documentation on this error, please visit: https://www.selenium.dev/documentation/webdriver/troubleshooting/errors#no-such-element-exception\nStacktrace:\n#0 0x55e02473fe93 <unknown>\n#1 0x55e024437ce6 <unknown>\n#2 0x55e024482e48 <unknown>\n#3 0x55e024482f01 <unknown>\n#4 0x55e0244c63f4 <unknown>\n#5 0x55e0244a4edd <unknown>\n#6 0x55e0244c3899 <unknown>\n#7 0x55e0244a4c53 <unknown>\n#8 0x55e024475db3 <unknown>\n#9 0x55e02447677e <unknown>\n#10 0x55e0247057cb <unknown>\n#11 0x55e0247097e5 <unknown>\n#12 0x55e0246f30e1 <unknown>\n#13 0x55e02470a372 <unknown>\n#14 0x55e0246d71bf <unknown>\n#15 0x55e02472e488 <unknown>\n#16 0x55e02472e683 <unknown>\n#17 0x55e02473f044 <unknown>\n#18 0x7f15a9a0a134 <unknown>","time":{"start":1709254622227,"stop":1709254622630,"duration":403}},{"uid":"d8bde9cb351a2d3a","reportUrl":"https://Nat754.github.io/StroyremAutomation/232//#testresult/d8bde9cb351a2d3a","status":"skipped","statusDetails":"XFAIL\n\nselenium.common.exceptions.NoSuchElementException: Message: no such element: Unable to locate element: {\"method\":\"xpath\",\"selector\":\"(//a[@class='add-to-cart yellow-btn'])[1]\"}\n  (Session info: chrome-headless-shell=122.0.6261.94); For documentation on this error, please visit: https://www.selenium.dev/documentation/webdriver/troubleshooting/errors#no-such-element-exception\nStacktrace:\n#0 0x55899d29ce93 <unknown>\n#1 0x55899cf94ce6 <unknown>\n#2 0x55899cfdfe48 <unknown>\n#3 0x55899cfdff01 <unknown>\n#4 0x55899d0233f4 <unknown>\n#5 0x55899d001edd <unknown>\n#6 0x55899d020899 <unknown>\n#7 0x55899d001c53 <unknown>\n#8 0x55899cfd2db3 <unknown>\n#9 0x55899cfd377e <unknown>\n#10 0x55899d2627cb <unknown>\n#11 0x55899d2667e5 <unknown>\n#12 0x55899d2500e1 <unknown>\n#13 0x55899d267372 <unknown>\n#14 0x55899d2341bf <unknown>\n#15 0x55899d28b488 <unknown>\n#16 0x55899d28b683 <unknown>\n#17 0x55899d29c044 <unknown>\n#18 0x7fa78a72f134 <unknown>","time":{"start":1709167869792,"stop":1709167870095,"duration":303}},{"uid":"22f5b9075253c252","reportUrl":"https://Nat754.github.io/StroyremAutomation/231//#testresult/22f5b9075253c252","status":"skipped","statusDetails":"XFAIL\n\nselenium.common.exceptions.NoSuchElementException: Message: no such element: Unable to locate element: {\"method\":\"xpath\",\"selector\":\"(//a[@class='add-to-cart yellow-btn'])[1]\"}\n  (Session info: chrome-headless-shell=122.0.6261.94); For documentation on this error, please visit: https://www.selenium.dev/documentation/webdriver/troubleshooting/errors#no-such-element-exception\nStacktrace:\n#0 0x5594417ebe93 <unknown>\n#1 0x5594414e3ce6 <unknown>\n#2 0x55944152ee48 <unknown>\n#3 0x55944152ef01 <unknown>\n#4 0x5594415723f4 <unknown>\n#5 0x559441550edd <unknown>\n#6 0x55944156f899 <unknown>\n#7 0x559441550c53 <unknown>\n#8 0x559441521db3 <unknown>\n#9 0x55944152277e <unknown>\n#10 0x5594417b17cb <unknown>\n#11 0x5594417b57e5 <unknown>\n#12 0x55944179f0e1 <unknown>\n#13 0x5594417b6372 <unknown>\n#14 0x5594417831bf <unknown>\n#15 0x5594417da488 <unknown>\n#16 0x5594417da683 <unknown>\n#17 0x5594417eb044 <unknown>\n#18 0x7ff00e889134 <unknown>","time":{"start":1709081472986,"stop":1709081473284,"duration":298}},{"uid":"bbb7ccc9fae271af","reportUrl":"https://Nat754.github.io/StroyremAutomation/230//#testresult/bbb7ccc9fae271af","status":"skipped","statusDetails":"XFAIL\n\nselenium.common.exceptions.NoSuchElementException: Message: no such element: Unable to locate element: {\"method\":\"xpath\",\"selector\":\"(//a[@class='add-to-cart yellow-btn'])[1]\"}\n  (Session info: chrome-headless-shell=122.0.6261.69); For documentation on this error, please visit: https://www.selenium.dev/documentation/webdriver/troubleshooting/errors#no-such-element-exception\nStacktrace:\n#0 0x55724cae4793 <unknown>\n#1 0x55724c7d81c6 <unknown>\n#2 0x55724c823358 <unknown>\n#3 0x55724c823411 <unknown>\n#4 0x55724c866934 <unknown>\n#5 0x55724c8453fd <unknown>\n#6 0x55724c863dd9 <unknown>\n#7 0x55724c845173 <unknown>\n#8 0x55724c8162d3 <unknown>\n#9 0x55724c816c9e <unknown>\n#10 0x55724caa88cb <unknown>\n#11 0x55724caac745 <unknown>\n#12 0x55724ca952e1 <unknown>\n#13 0x55724caad2d2 <unknown>\n#14 0x55724ca7917f <unknown>\n#15 0x55724cad2dc8 <unknown>\n#16 0x55724cad2fc3 <unknown>\n#17 0x55724cae3944 <unknown>\n#18 0x7fdde561f134 <unknown>","time":{"start":1708995084473,"stop":1708995085509,"duration":1036}},{"uid":"598f736426fcf02","reportUrl":"https://Nat754.github.io/StroyremAutomation/229//#testresult/598f736426fcf02","status":"skipped","statusDetails":"XFAIL\n\nselenium.common.exceptions.NoSuchElementException: Message: no such element: Unable to locate element: {\"method\":\"xpath\",\"selector\":\"(//a[@class='add-to-cart yellow-btn'])[1]\"}\n  (Session info: chrome-headless-shell=122.0.6261.69); For documentation on this error, please visit: https://www.selenium.dev/documentation/webdriver/troubleshooting/errors#no-such-element-exception\nStacktrace:\n#0 0x55d0614ce793 <unknown>\n#1 0x55d0611c21c6 <unknown>\n#2 0x55d06120d358 <unknown>\n#3 0x55d06120d411 <unknown>\n#4 0x55d061250934 <unknown>\n#5 0x55d06122f3fd <unknown>\n#6 0x55d06124ddd9 <unknown>\n#7 0x55d06122f173 <unknown>\n#8 0x55d0612002d3 <unknown>\n#9 0x55d061200c9e <unknown>\n#10 0x55d0614928cb <unknown>\n#11 0x55d061496745 <unknown>\n#12 0x55d06147f2e1 <unknown>\n#13 0x55d0614972d2 <unknown>\n#14 0x55d06146317f <unknown>\n#15 0x55d0614bcdc8 <unknown>\n#16 0x55d0614bcfc3 <unknown>\n#17 0x55d0614cd944 <unknown>\n#18 0x7fde67d42134 <unknown>","time":{"start":1708908782087,"stop":1708908782380,"duration":293}},{"uid":"caa7df29ab74d4d7","reportUrl":"https://Nat754.github.io/StroyremAutomation/228//#testresult/caa7df29ab74d4d7","status":"skipped","statusDetails":"XFAIL\n\nselenium.common.exceptions.NoSuchElementException: Message: no such element: Unable to locate element: {\"method\":\"xpath\",\"selector\":\"(//a[@class='add-to-cart yellow-btn'])[1]\"}\n  (Session info: chrome-headless-shell=122.0.6261.69); For documentation on this error, please visit: https://www.selenium.dev/documentation/webdriver/troubleshooting/errors#no-such-element-exception\nStacktrace:\n#0 0x5611118d2793 <unknown>\n#1 0x5611115c61c6 <unknown>\n#2 0x561111611358 <unknown>\n#3 0x561111611411 <unknown>\n#4 0x561111654934 <unknown>\n#5 0x5611116333fd <unknown>\n#6 0x561111651dd9 <unknown>\n#7 0x561111633173 <unknown>\n#8 0x5611116042d3 <unknown>\n#9 0x561111604c9e <unknown>\n#10 0x5611118968cb <unknown>\n#11 0x56111189a745 <unknown>\n#12 0x5611118832e1 <unknown>\n#13 0x56111189b2d2 <unknown>\n#14 0x56111186717f <unknown>\n#15 0x5611118c0dc8 <unknown>\n#16 0x5611118c0fc3 <unknown>\n#17 0x5611118d1944 <unknown>\n#18 0x7fa98ed29134 <unknown>","time":{"start":1708822568118,"stop":1708822568451,"duration":333}}]},"tags":["@pytest.mark.xfail","smoke_test"]},"source":"69eeac98b27dd826.json","parameterValues":["5980","166","'TD 022'","5490","'products/shtukaturka-gipsovaya-aksolit-m50-30-kg-mashinnogo-naneseniya'","2800","'https://sandboxtest.stroyrem-nn.ru/'","5000"]}