{"uid":"e562b45c77c55263","name":"TD 015 Доставка товара весом до 30кг. в синей зоне","fullName":"tests.delivery.test_delivery_calculation.TestDeliveryPageCalculation#test_positive_delivery_blue_zone_smoke","historyId":"ae12a59ab9fb9a38e23182dccc7cf409","time":{"start":1710550233523,"stop":1710550233823,"duration":300},"status":"skipped","statusMessage":"XFAIL\n\nselenium.common.exceptions.NoSuchElementException: Message: no such element: Unable to locate element: {\"method\":\"xpath\",\"selector\":\"(//a[@class='add-to-cart yellow-btn'])[1]\"}\n  (Session info: chrome-headless-shell=122.0.6261.128); For documentation on this error, please visit: https://www.selenium.dev/documentation/webdriver/troubleshooting/errors#no-such-element-exception\nStacktrace:\n#0 0x6464eb159f33 <unknown>\n#1 0x6464eae51ce6 <unknown>\n#2 0x6464eae9ce48 <unknown>\n#3 0x6464eae9cf01 <unknown>\n#4 0x6464eaee03f4 <unknown>\n#5 0x6464eaebeedd <unknown>\n#6 0x6464eaedd899 <unknown>\n#7 0x6464eaebec53 <unknown>\n#8 0x6464eae8fdb3 <unknown>\n#9 0x6464eae9077e <unknown>\n#10 0x6464eb11f86b <unknown>\n#11 0x6464eb123885 <unknown>\n#12 0x6464eb10d181 <unknown>\n#13 0x6464eb124412 <unknown>\n#14 0x6464eb0f125f <unknown>\n#15 0x6464eb148528 <unknown>\n#16 0x6464eb148723 <unknown>\n#17 0x6464eb1590e4 <unknown>\n#18 0x73a8ac6b4134 <unknown>","statusTrace":"self = <tests.delivery.test_delivery_calculation.TestDeliveryPageCalculation object at 0x72db9bd0ffd0>\ndriver = <selenium.webdriver.chrome.webdriver.WebDriver (session=\"f462df0880f5262fa144c3297b56fd81\")>\nurl = 'https://sandboxtest.stroyrem-nn.ru/', case_id = 'TD 015'\nlink_item = 'products/shtukaturka-tsementnaya-bergauf-bau-putts-tsement-25kg-56sht'\namount = 1, weight = 30, standard = 650, in_time = 2390, all_time = 3320\n\n    @pytest.mark.parametrize('case_id, link_item, amount, weight, standard, in_time, all_time', [\n        (\"TD 015\", bundeks_25, 1, 30, 650, 2390, 3320),\n        pytest.param(\n            \"TD 016\", aksolit_30, 8, 300, 650, 2390, 3320,\n            marks=pytest.mark.xfail(reson=\"Цена доставки: - - -\")\n        ),\n        (\"TD 017\", aksolit_30, 13, 400, 650, 2390, 3320),\n        (\"TD 018\", aksolit_30, 16, 500, 850, 2490, 3320),\n        (\"TD 019\", aksolit_30, 25, 1700, 1150, 2490, 3320),\n        (\"TD 020\", aksolit_30, 66, 2000, 1500, 2990, 3650),\n        (\"TD 021\", aksolit_30, 149, 4500, 2600, 4380, 4890),\n        (\"TD 022\", aksolit_30, 166, 5000, 2800, 5490, 5980),\n        pytest.param(\n            \"TD 023\", aksolit_30, 206, 6200, 3300, 7500, 8000,\n            marks=pytest.mark.xfail(reson=\"Цена доставки: 4300 9900 11440\")\n        ),\n        (\"TD 024\", aksolit_30, 299, 9000, 4300, 9900, 11440),\n        (\"TD 025\", aksolit_30, 333, 10000, 7000, 13900, 15900),\n        pytest.param(\n            \"TD 026\", aksolit_30, 366, 11000, 8000, 14900, 19900,\n            marks=pytest.mark.xfail(reson=\"Цена доставки: 7000 13900 15900\")\n        ),\n        pytest.param(\n            \"TD 027\", aksolit_30, 666, 20000, 14000, 16900, 23900,\n            marks=pytest.mark.xfail(reson=\"Цена доставки: 7000 13900 15900\")\n        )\n    ])\n    @pytest.mark.xfail\n    @pytest.mark.smoke_test\n    def test_positive_delivery_blue_zone_smoke(\n            self, driver, url, case_id, link_item, amount, weight, standard, in_time, all_time\n    ):\n        allure.dynamic.title(f\"{case_id} Доставка товара весом до {weight}кг. в синей зоне\")\n    \n        driver.get(f'{url}{link_item}')\n        item_page = ItemPage(driver)\n>       item_page.add_item_to_cart(amount).click_on_cart()\n\ntests/delivery/test_delivery_calculation.py:132: \n_ _ _ _ _ _ _ _ _ _ _ _ _ _ _ _ _ _ _ _ _ _ _ _ _ _ _ _ _ _ _ _ _ _ _ _ _ _ _ _ \npages/item_page.py:40: in add_item_to_cart\n    self.find_element(self._add_item).click()\nbase/seleniumbase.py:17: in find_element\n    return self.driver.find_element(*locator)\n/usr/local/lib/python3.11/site-packages/selenium/webdriver/remote/webdriver.py:739: in find_element\n    return self.execute(Command.FIND_ELEMENT, {\"using\": by, \"value\": value})[\"value\"]\n/usr/local/lib/python3.11/site-packages/selenium/webdriver/remote/webdriver.py:345: in execute\n    self.error_handler.check_response(response)\n_ _ _ _ _ _ _ _ _ _ _ _ _ _ _ _ _ _ _ _ _ _ _ _ _ _ _ _ _ _ _ _ _ _ _ _ _ _ _ _ \n\nself = <selenium.webdriver.remote.errorhandler.ErrorHandler object at 0x72db9c1cf190>\nresponse = {'status': 404, 'value': '{\"value\":{\"error\":\"no such element\",\"message\":\"no such element: Unable to locate element: {\\...\\\\n#16 0x6464eb148723 \\\\u003Cunknown>\\\\n#17 0x6464eb1590e4 \\\\u003Cunknown>\\\\n#18 0x73a8ac6b4134 \\\\u003Cunknown>\\\\n\"}}'}\n\n    def check_response(self, response: Dict[str, Any]) -> None:\n        \"\"\"Checks that a JSON response from the WebDriver does not have an\n        error.\n    \n        :Args:\n         - response - The JSON response from the WebDriver server as a dictionary\n           object.\n    \n        :Raises: If the response contains an error message.\n        \"\"\"\n        status = response.get(\"status\", None)\n        if not status or status == ErrorCode.SUCCESS:\n            return\n        value = None\n        message = response.get(\"message\", \"\")\n        screen: str = response.get(\"screen\", \"\")\n        stacktrace = None\n        if isinstance(status, int):\n            value_json = response.get(\"value\", None)\n            if value_json and isinstance(value_json, str):\n                import json\n    \n                try:\n                    value = json.loads(value_json)\n                    if len(value) == 1:\n                        value = value[\"value\"]\n                    status = value.get(\"error\", None)\n                    if not status:\n                        status = value.get(\"status\", ErrorCode.UNKNOWN_ERROR)\n                        message = value.get(\"value\") or value.get(\"message\")\n                        if not isinstance(message, str):\n                            value = message\n                            message = message.get(\"message\")\n                    else:\n                        message = value.get(\"message\", None)\n                except ValueError:\n                    pass\n    \n        exception_class: Type[WebDriverException]\n        e = ErrorCode()\n        error_codes = [item for item in dir(e) if not item.startswith(\"__\")]\n        for error_code in error_codes:\n            error_info = getattr(ErrorCode, error_code)\n            if isinstance(error_info, list) and status in error_info:\n                exception_class = getattr(ExceptionMapping, error_code, WebDriverException)\n                break\n        else:\n            exception_class = WebDriverException\n    \n        if not value:\n            value = response[\"value\"]\n        if isinstance(value, str):\n            raise exception_class(value)\n        if message == \"\" and \"message\" in value:\n            message = value[\"message\"]\n    \n        screen = None  # type: ignore[assignment]\n        if \"screen\" in value:\n            screen = value[\"screen\"]\n    \n        stacktrace = None\n        st_value = value.get(\"stackTrace\") or value.get(\"stacktrace\")\n        if st_value:\n            if isinstance(st_value, str):\n                stacktrace = st_value.split(\"\\n\")\n            else:\n                stacktrace = []\n                try:\n                    for frame in st_value:\n                        line = frame.get(\"lineNumber\", \"\")\n                        file = frame.get(\"fileName\", \"<anonymous>\")\n                        if line:\n                            file = f\"{file}:{line}\"\n                        meth = frame.get(\"methodName\", \"<anonymous>\")\n                        if \"className\" in frame:\n                            meth = f\"{frame['className']}.{meth}\"\n                        msg = \"    at %s (%s)\"\n                        msg = msg % (meth, file)\n                        stacktrace.append(msg)\n                except TypeError:\n                    pass\n        if exception_class == UnexpectedAlertPresentException:\n            alert_text = None\n            if \"data\" in value:\n                alert_text = value[\"data\"].get(\"text\")\n            elif \"alert\" in value:\n                alert_text = value[\"alert\"].get(\"text\")\n            raise exception_class(message, screen, stacktrace, alert_text)  # type: ignore[call-arg]  # mypy is not smart enough here\n>       raise exception_class(message, screen, stacktrace)\nE       selenium.common.exceptions.NoSuchElementException: Message: no such element: Unable to locate element: {\"method\":\"xpath\",\"selector\":\"(//a[@class='add-to-cart yellow-btn'])[1]\"}\nE         (Session info: chrome-headless-shell=122.0.6261.128); For documentation on this error, please visit: https://www.selenium.dev/documentation/webdriver/troubleshooting/errors#no-such-element-exception\nE       Stacktrace:\nE       #0 0x6464eb159f33 <unknown>\nE       #1 0x6464eae51ce6 <unknown>\nE       #2 0x6464eae9ce48 <unknown>\nE       #3 0x6464eae9cf01 <unknown>\nE       #4 0x6464eaee03f4 <unknown>\nE       #5 0x6464eaebeedd <unknown>\nE       #6 0x6464eaedd899 <unknown>\nE       #7 0x6464eaebec53 <unknown>\nE       #8 0x6464eae8fdb3 <unknown>\nE       #9 0x6464eae9077e <unknown>\nE       #10 0x6464eb11f86b <unknown>\nE       #11 0x6464eb123885 <unknown>\nE       #12 0x6464eb10d181 <unknown>\nE       #13 0x6464eb124412 <unknown>\nE       #14 0x6464eb0f125f <unknown>\nE       #15 0x6464eb148528 <unknown>\nE       #16 0x6464eb148723 <unknown>\nE       #17 0x6464eb1590e4 <unknown>\nE       #18 0x73a8ac6b4134 <unknown>\n\n/usr/local/lib/python3.11/site-packages/selenium/webdriver/remote/errorhandler.py:229: NoSuchElementException","flaky":false,"newFailed":false,"newBroken":false,"newPassed":false,"retriesCount":0,"retriesStatusChange":false,"beforeStages":[{"name":"_session_faker","time":{"start":1710549987652,"stop":1710549987720,"duration":68},"status":"passed","steps":[],"attachments":[],"parameters":[],"shouldDisplayMessage":false,"stepsCount":0,"attachmentsCount":0,"hasContent":false,"attachmentStep":false},{"name":"clear_allure_results_folder","time":{"start":1710549987720,"stop":1710549987720,"duration":0},"status":"passed","steps":[],"attachments":[],"parameters":[],"shouldDisplayMessage":false,"stepsCount":0,"attachmentsCount":0,"hasContent":false,"attachmentStep":false},{"name":"driver","time":{"start":1710550232752,"stop":1710550233522,"duration":770},"status":"passed","steps":[],"attachments":[],"parameters":[],"shouldDisplayMessage":false,"stepsCount":0,"attachmentsCount":0,"hasContent":false,"attachmentStep":false},{"name":"setup","time":{"start":1710550233522,"stop":1710550233522,"duration":0},"status":"passed","steps":[],"attachments":[],"parameters":[],"shouldDisplayMessage":false,"stepsCount":0,"attachmentsCount":0,"hasContent":false,"attachmentStep":false}],"testStage":{"status":"skipped","statusMessage":"XFAIL\n\nselenium.common.exceptions.NoSuchElementException: Message: no such element: Unable to locate element: {\"method\":\"xpath\",\"selector\":\"(//a[@class='add-to-cart yellow-btn'])[1]\"}\n  (Session info: chrome-headless-shell=122.0.6261.128); For documentation on this error, please visit: https://www.selenium.dev/documentation/webdriver/troubleshooting/errors#no-such-element-exception\nStacktrace:\n#0 0x6464eb159f33 <unknown>\n#1 0x6464eae51ce6 <unknown>\n#2 0x6464eae9ce48 <unknown>\n#3 0x6464eae9cf01 <unknown>\n#4 0x6464eaee03f4 <unknown>\n#5 0x6464eaebeedd <unknown>\n#6 0x6464eaedd899 <unknown>\n#7 0x6464eaebec53 <unknown>\n#8 0x6464eae8fdb3 <unknown>\n#9 0x6464eae9077e <unknown>\n#10 0x6464eb11f86b <unknown>\n#11 0x6464eb123885 <unknown>\n#12 0x6464eb10d181 <unknown>\n#13 0x6464eb124412 <unknown>\n#14 0x6464eb0f125f <unknown>\n#15 0x6464eb148528 <unknown>\n#16 0x6464eb148723 <unknown>\n#17 0x6464eb1590e4 <unknown>\n#18 0x73a8ac6b4134 <unknown>","statusTrace":"self = <tests.delivery.test_delivery_calculation.TestDeliveryPageCalculation object at 0x72db9bd0ffd0>\ndriver = <selenium.webdriver.chrome.webdriver.WebDriver (session=\"f462df0880f5262fa144c3297b56fd81\")>\nurl = 'https://sandboxtest.stroyrem-nn.ru/', case_id = 'TD 015'\nlink_item = 'products/shtukaturka-tsementnaya-bergauf-bau-putts-tsement-25kg-56sht'\namount = 1, weight = 30, standard = 650, in_time = 2390, all_time = 3320\n\n    @pytest.mark.parametrize('case_id, link_item, amount, weight, standard, in_time, all_time', [\n        (\"TD 015\", bundeks_25, 1, 30, 650, 2390, 3320),\n        pytest.param(\n            \"TD 016\", aksolit_30, 8, 300, 650, 2390, 3320,\n            marks=pytest.mark.xfail(reson=\"Цена доставки: - - -\")\n        ),\n        (\"TD 017\", aksolit_30, 13, 400, 650, 2390, 3320),\n        (\"TD 018\", aksolit_30, 16, 500, 850, 2490, 3320),\n        (\"TD 019\", aksolit_30, 25, 1700, 1150, 2490, 3320),\n        (\"TD 020\", aksolit_30, 66, 2000, 1500, 2990, 3650),\n        (\"TD 021\", aksolit_30, 149, 4500, 2600, 4380, 4890),\n        (\"TD 022\", aksolit_30, 166, 5000, 2800, 5490, 5980),\n        pytest.param(\n            \"TD 023\", aksolit_30, 206, 6200, 3300, 7500, 8000,\n            marks=pytest.mark.xfail(reson=\"Цена доставки: 4300 9900 11440\")\n        ),\n        (\"TD 024\", aksolit_30, 299, 9000, 4300, 9900, 11440),\n        (\"TD 025\", aksolit_30, 333, 10000, 7000, 13900, 15900),\n        pytest.param(\n            \"TD 026\", aksolit_30, 366, 11000, 8000, 14900, 19900,\n            marks=pytest.mark.xfail(reson=\"Цена доставки: 7000 13900 15900\")\n        ),\n        pytest.param(\n            \"TD 027\", aksolit_30, 666, 20000, 14000, 16900, 23900,\n            marks=pytest.mark.xfail(reson=\"Цена доставки: 7000 13900 15900\")\n        )\n    ])\n    @pytest.mark.xfail\n    @pytest.mark.smoke_test\n    def test_positive_delivery_blue_zone_smoke(\n            self, driver, url, case_id, link_item, amount, weight, standard, in_time, all_time\n    ):\n        allure.dynamic.title(f\"{case_id} Доставка товара весом до {weight}кг. в синей зоне\")\n    \n        driver.get(f'{url}{link_item}')\n        item_page = ItemPage(driver)\n>       item_page.add_item_to_cart(amount).click_on_cart()\n\ntests/delivery/test_delivery_calculation.py:132: \n_ _ _ _ _ _ _ _ _ _ _ _ _ _ _ _ _ _ _ _ _ _ _ _ _ _ _ _ _ _ _ _ _ _ _ _ _ _ _ _ \npages/item_page.py:40: in add_item_to_cart\n    self.find_element(self._add_item).click()\nbase/seleniumbase.py:17: in find_element\n    return self.driver.find_element(*locator)\n/usr/local/lib/python3.11/site-packages/selenium/webdriver/remote/webdriver.py:739: in find_element\n    return self.execute(Command.FIND_ELEMENT, {\"using\": by, \"value\": value})[\"value\"]\n/usr/local/lib/python3.11/site-packages/selenium/webdriver/remote/webdriver.py:345: in execute\n    self.error_handler.check_response(response)\n_ _ _ _ _ _ _ _ _ _ _ _ _ _ _ _ _ _ _ _ _ _ _ _ _ _ _ _ _ _ _ _ _ _ _ _ _ _ _ _ \n\nself = <selenium.webdriver.remote.errorhandler.ErrorHandler object at 0x72db9c1cf190>\nresponse = {'status': 404, 'value': '{\"value\":{\"error\":\"no such element\",\"message\":\"no such element: Unable to locate element: {\\...\\\\n#16 0x6464eb148723 \\\\u003Cunknown>\\\\n#17 0x6464eb1590e4 \\\\u003Cunknown>\\\\n#18 0x73a8ac6b4134 \\\\u003Cunknown>\\\\n\"}}'}\n\n    def check_response(self, response: Dict[str, Any]) -> None:\n        \"\"\"Checks that a JSON response from the WebDriver does not have an\n        error.\n    \n        :Args:\n         - response - The JSON response from the WebDriver server as a dictionary\n           object.\n    \n        :Raises: If the response contains an error message.\n        \"\"\"\n        status = response.get(\"status\", None)\n        if not status or status == ErrorCode.SUCCESS:\n            return\n        value = None\n        message = response.get(\"message\", \"\")\n        screen: str = response.get(\"screen\", \"\")\n        stacktrace = None\n        if isinstance(status, int):\n            value_json = response.get(\"value\", None)\n            if value_json and isinstance(value_json, str):\n                import json\n    \n                try:\n                    value = json.loads(value_json)\n                    if len(value) == 1:\n                        value = value[\"value\"]\n                    status = value.get(\"error\", None)\n                    if not status:\n                        status = value.get(\"status\", ErrorCode.UNKNOWN_ERROR)\n                        message = value.get(\"value\") or value.get(\"message\")\n                        if not isinstance(message, str):\n                            value = message\n                            message = message.get(\"message\")\n                    else:\n                        message = value.get(\"message\", None)\n                except ValueError:\n                    pass\n    \n        exception_class: Type[WebDriverException]\n        e = ErrorCode()\n        error_codes = [item for item in dir(e) if not item.startswith(\"__\")]\n        for error_code in error_codes:\n            error_info = getattr(ErrorCode, error_code)\n            if isinstance(error_info, list) and status in error_info:\n                exception_class = getattr(ExceptionMapping, error_code, WebDriverException)\n                break\n        else:\n            exception_class = WebDriverException\n    \n        if not value:\n            value = response[\"value\"]\n        if isinstance(value, str):\n            raise exception_class(value)\n        if message == \"\" and \"message\" in value:\n            message = value[\"message\"]\n    \n        screen = None  # type: ignore[assignment]\n        if \"screen\" in value:\n            screen = value[\"screen\"]\n    \n        stacktrace = None\n        st_value = value.get(\"stackTrace\") or value.get(\"stacktrace\")\n        if st_value:\n            if isinstance(st_value, str):\n                stacktrace = st_value.split(\"\\n\")\n            else:\n                stacktrace = []\n                try:\n                    for frame in st_value:\n                        line = frame.get(\"lineNumber\", \"\")\n                        file = frame.get(\"fileName\", \"<anonymous>\")\n                        if line:\n                            file = f\"{file}:{line}\"\n                        meth = frame.get(\"methodName\", \"<anonymous>\")\n                        if \"className\" in frame:\n                            meth = f\"{frame['className']}.{meth}\"\n                        msg = \"    at %s (%s)\"\n                        msg = msg % (meth, file)\n                        stacktrace.append(msg)\n                except TypeError:\n                    pass\n        if exception_class == UnexpectedAlertPresentException:\n            alert_text = None\n            if \"data\" in value:\n                alert_text = value[\"data\"].get(\"text\")\n            elif \"alert\" in value:\n                alert_text = value[\"alert\"].get(\"text\")\n            raise exception_class(message, screen, stacktrace, alert_text)  # type: ignore[call-arg]  # mypy is not smart enough here\n>       raise exception_class(message, screen, stacktrace)\nE       selenium.common.exceptions.NoSuchElementException: Message: no such element: Unable to locate element: {\"method\":\"xpath\",\"selector\":\"(//a[@class='add-to-cart yellow-btn'])[1]\"}\nE         (Session info: chrome-headless-shell=122.0.6261.128); For documentation on this error, please visit: https://www.selenium.dev/documentation/webdriver/troubleshooting/errors#no-such-element-exception\nE       Stacktrace:\nE       #0 0x6464eb159f33 <unknown>\nE       #1 0x6464eae51ce6 <unknown>\nE       #2 0x6464eae9ce48 <unknown>\nE       #3 0x6464eae9cf01 <unknown>\nE       #4 0x6464eaee03f4 <unknown>\nE       #5 0x6464eaebeedd <unknown>\nE       #6 0x6464eaedd899 <unknown>\nE       #7 0x6464eaebec53 <unknown>\nE       #8 0x6464eae8fdb3 <unknown>\nE       #9 0x6464eae9077e <unknown>\nE       #10 0x6464eb11f86b <unknown>\nE       #11 0x6464eb123885 <unknown>\nE       #12 0x6464eb10d181 <unknown>\nE       #13 0x6464eb124412 <unknown>\nE       #14 0x6464eb0f125f <unknown>\nE       #15 0x6464eb148528 <unknown>\nE       #16 0x6464eb148723 <unknown>\nE       #17 0x6464eb1590e4 <unknown>\nE       #18 0x73a8ac6b4134 <unknown>\n\n/usr/local/lib/python3.11/site-packages/selenium/webdriver/remote/errorhandler.py:229: NoSuchElementException","steps":[{"name":"Добавляем товар в корзину в количестве 1","time":{"start":1710550233811,"stop":1710550233822,"duration":11},"status":"broken","statusMessage":"selenium.common.exceptions.NoSuchElementException: Message: no such element: Unable to locate element: {\"method\":\"xpath\",\"selector\":\"(//a[@class='add-to-cart yellow-btn'])[1]\"}\n  (Session info: chrome-headless-shell=122.0.6261.128); For documentation on this error, please visit: https://www.selenium.dev/documentation/webdriver/troubleshooting/errors#no-such-element-exception\nStacktrace:\n#0 0x6464eb159f33 <unknown>\n#1 0x6464eae51ce6 <unknown>\n#2 0x6464eae9ce48 <unknown>\n#3 0x6464eae9cf01 <unknown>\n#4 0x6464eaee03f4 <unknown>\n#5 0x6464eaebeedd <unknown>\n#6 0x6464eaedd899 <unknown>\n#7 0x6464eaebec53 <unknown>\n#8 0x6464eae8fdb3 <unknown>\n#9 0x6464eae9077e <unknown>\n#10 0x6464eb11f86b <unknown>\n#11 0x6464eb123885 <unknown>\n#12 0x6464eb10d181 <unknown>\n#13 0x6464eb124412 <unknown>\n#14 0x6464eb0f125f <unknown>\n#15 0x6464eb148528 <unknown>\n#16 0x6464eb148723 <unknown>\n#17 0x6464eb1590e4 <unknown>\n#18 0x73a8ac6b4134 <unknown>\n\n","statusTrace":"  File \"/usr/local/lib/python3.11/site-packages/allure_commons/_allure.py\", line 192, in impl\n    return func(*a, **kw)\n           ^^^^^^^^^^^^^^\n  File \"/app/pages/item_page.py\", line 40, in add_item_to_cart\n    self.find_element(self._add_item).click()\n    ^^^^^^^^^^^^^^^^^^^^^^^^^^^^^^^^^\n  File \"/app/base/seleniumbase.py\", line 17, in find_element\n    return self.driver.find_element(*locator)\n           ^^^^^^^^^^^^^^^^^^^^^^^^^^^^^^^^^^\n  File \"/usr/local/lib/python3.11/site-packages/selenium/webdriver/remote/webdriver.py\", line 739, in find_element\n    return self.execute(Command.FIND_ELEMENT, {\"using\": by, \"value\": value})[\"value\"]\n           ^^^^^^^^^^^^^^^^^^^^^^^^^^^^^^^^^^^^^^^^^^^^^^^^^^^^^^^^^^^^^^^^^\n  File \"/usr/local/lib/python3.11/site-packages/selenium/webdriver/remote/webdriver.py\", line 345, in execute\n    self.error_handler.check_response(response)\n  File \"/usr/local/lib/python3.11/site-packages/selenium/webdriver/remote/errorhandler.py\", line 229, in check_response\n    raise exception_class(message, screen, stacktrace)\n","steps":[],"attachments":[],"parameters":[{"name":"amount","value":"1"}],"shouldDisplayMessage":true,"stepsCount":0,"attachmentsCount":0,"hasContent":true,"attachmentStep":false}],"attachments":[{"uid":"6a510a6200e7d571","name":"Screenshot","source":"6a510a6200e7d571.png","type":"image/png","size":5862},{"uid":"c7ee60390f90b3c8","name":"HTML source","source":"c7ee60390f90b3c8.html","type":"text/html","size":39}],"parameters":[],"shouldDisplayMessage":true,"stepsCount":1,"attachmentsCount":2,"hasContent":true,"attachmentStep":false},"afterStages":[{"name":"driver::0","time":{"start":1710550233927,"stop":1710550233984,"duration":57},"status":"passed","steps":[],"attachments":[],"parameters":[],"shouldDisplayMessage":false,"stepsCount":0,"attachmentsCount":0,"hasContent":false,"attachmentStep":false},{"name":"setup::0","time":{"start":1710550233927,"stop":1710550233927,"duration":0},"status":"passed","steps":[],"attachments":[],"parameters":[],"shouldDisplayMessage":false,"stepsCount":0,"attachmentsCount":0,"hasContent":false,"attachmentStep":false}],"labels":[{"name":"epic","value":"Delivery Page - calculation"},{"name":"tag","value":"smoke_test"},{"name":"tag","value":"@pytest.mark.xfail"},{"name":"parentSuite","value":"tests.delivery"},{"name":"suite","value":"test_delivery_calculation"},{"name":"subSuite","value":"TestDeliveryPageCalculation"},{"name":"host","value":"8cb6d7cf72b6"},{"name":"thread","value":"1-MainThread"},{"name":"framework","value":"pytest"},{"name":"language","value":"cpython3"},{"name":"package","value":"tests.delivery.test_delivery_calculation"},{"name":"resultFormat","value":"allure2"}],"parameters":[{"name":"all_time","value":"3320"},{"name":"amount","value":"1"},{"name":"case_id","value":"'TD 015'"},{"name":"in_time","value":"2390"},{"name":"link_item","value":"'products/shtukaturka-tsementnaya-bergauf-bau-putts-tsement-25kg-56sht'"},{"name":"standard","value":"650"},{"name":"url","value":"'https://sandboxtest.stroyrem-nn.ru/'"},{"name":"weight","value":"30"}],"links":[],"hidden":false,"retry":false,"extra":{"severity":"normal","retries":[],"categories":[],"history":{"statistic":{"failed":0,"broken":13,"skipped":187,"passed":0,"unknown":0,"total":200},"items":[{"uid":"20a55597232bcb49","reportUrl":"https://Nat754.github.io/StroyremAutomation/247//#testresult/20a55597232bcb49","status":"skipped","statusDetails":"XFAIL\n\nselenium.common.exceptions.NoSuchElementException: Message: no such element: Unable to locate element: {\"method\":\"xpath\",\"selector\":\"(//a[@class='add-to-cart yellow-btn'])[1]\"}\n  (Session info: chrome-headless-shell=122.0.6261.128); For documentation on this error, please visit: https://www.selenium.dev/documentation/webdriver/troubleshooting/errors#no-such-element-exception\nStacktrace:\n#0 0x5fc4ee781f33 <unknown>\n#1 0x5fc4ee479ce6 <unknown>\n#2 0x5fc4ee4c4e48 <unknown>\n#3 0x5fc4ee4c4f01 <unknown>\n#4 0x5fc4ee5083f4 <unknown>\n#5 0x5fc4ee4e6edd <unknown>\n#6 0x5fc4ee505899 <unknown>\n#7 0x5fc4ee4e6c53 <unknown>\n#8 0x5fc4ee4b7db3 <unknown>\n#9 0x5fc4ee4b877e <unknown>\n#10 0x5fc4ee74786b <unknown>\n#11 0x5fc4ee74b885 <unknown>\n#12 0x5fc4ee735181 <unknown>\n#13 0x5fc4ee74c412 <unknown>\n#14 0x5fc4ee71925f <unknown>\n#15 0x5fc4ee770528 <unknown>\n#16 0x5fc4ee770723 <unknown>\n#17 0x5fc4ee7810e4 <unknown>\n#18 0x708c19b4d134 <unknown>","time":{"start":1710463971609,"stop":1710463972091,"duration":482}},{"uid":"b855741a9865d292","reportUrl":"https://Nat754.github.io/StroyremAutomation/246//#testresult/b855741a9865d292","status":"skipped","statusDetails":"XFAIL\n\nselenium.common.exceptions.NoSuchElementException: Message: no such element: Unable to locate element: {\"method\":\"xpath\",\"selector\":\"(//a[@class='add-to-cart yellow-btn'])[1]\"}\n  (Session info: chrome-headless-shell=122.0.6261.128); For documentation on this error, please visit: https://www.selenium.dev/documentation/webdriver/troubleshooting/errors#no-such-element-exception\nStacktrace:\n#0 0x651c1b540f33 <unknown>\n#1 0x651c1b238ce6 <unknown>\n#2 0x651c1b283e48 <unknown>\n#3 0x651c1b283f01 <unknown>\n#4 0x651c1b2c73f4 <unknown>\n#5 0x651c1b2a5edd <unknown>\n#6 0x651c1b2c4899 <unknown>\n#7 0x651c1b2a5c53 <unknown>\n#8 0x651c1b276db3 <unknown>\n#9 0x651c1b27777e <unknown>\n#10 0x651c1b50686b <unknown>\n#11 0x651c1b50a885 <unknown>\n#12 0x651c1b4f4181 <unknown>\n#13 0x651c1b50b412 <unknown>\n#14 0x651c1b4d825f <unknown>\n#15 0x651c1b52f528 <unknown>\n#16 0x651c1b52f723 <unknown>\n#17 0x651c1b5400e4 <unknown>\n#18 0x79aff22b2134 <unknown>","time":{"start":1710377552472,"stop":1710377552954,"duration":482}},{"uid":"c77d8d2a476284a1","reportUrl":"https://Nat754.github.io/StroyremAutomation/245//#testresult/c77d8d2a476284a1","status":"skipped","statusDetails":"XFAIL\n\nselenium.common.exceptions.NoSuchElementException: Message: no such element: Unable to locate element: {\"method\":\"xpath\",\"selector\":\"(//a[@class='add-to-cart yellow-btn'])[1]\"}\n  (Session info: chrome-headless-shell=122.0.6261.128); For documentation on this error, please visit: https://www.selenium.dev/documentation/webdriver/troubleshooting/errors#no-such-element-exception\nStacktrace:\n#0 0x55c7967bff33 <unknown>\n#1 0x55c7964b7ce6 <unknown>\n#2 0x55c796502e48 <unknown>\n#3 0x55c796502f01 <unknown>\n#4 0x55c7965463f4 <unknown>\n#5 0x55c796524edd <unknown>\n#6 0x55c796543899 <unknown>\n#7 0x55c796524c53 <unknown>\n#8 0x55c7964f5db3 <unknown>\n#9 0x55c7964f677e <unknown>\n#10 0x55c79678586b <unknown>\n#11 0x55c796789885 <unknown>\n#12 0x55c796773181 <unknown>\n#13 0x55c79678a412 <unknown>\n#14 0x55c79675725f <unknown>\n#15 0x55c7967ae528 <unknown>\n#16 0x55c7967ae723 <unknown>\n#17 0x55c7967bf0e4 <unknown>\n#18 0x7f9e0c0e4134 <unknown>","time":{"start":1710291218634,"stop":1710291219078,"duration":444}},{"uid":"68319b018ead76cb","reportUrl":"https://Nat754.github.io/StroyremAutomation/244//#testresult/68319b018ead76cb","status":"skipped","statusDetails":"XFAIL\n\nselenium.common.exceptions.NoSuchElementException: Message: no such element: Unable to locate element: {\"method\":\"xpath\",\"selector\":\"(//a[@class='add-to-cart yellow-btn'])[1]\"}\n  (Session info: chrome-headless-shell=122.0.6261.111); For documentation on this error, please visit: https://www.selenium.dev/documentation/webdriver/troubleshooting/errors#no-such-element-exception\nStacktrace:\n#0 0x5630e2a9cec3 <unknown>\n#1 0x5630e2794ce6 <unknown>\n#2 0x5630e27dfe48 <unknown>\n#3 0x5630e27dff01 <unknown>\n#4 0x5630e28233f4 <unknown>\n#5 0x5630e2801edd <unknown>\n#6 0x5630e2820899 <unknown>\n#7 0x5630e2801c53 <unknown>\n#8 0x5630e27d2db3 <unknown>\n#9 0x5630e27d377e <unknown>\n#10 0x5630e2a627fb <unknown>\n#11 0x5630e2a66815 <unknown>\n#12 0x5630e2a50111 <unknown>\n#13 0x5630e2a673a2 <unknown>\n#14 0x5630e2a341ef <unknown>\n#15 0x5630e2a8b4b8 <unknown>\n#16 0x5630e2a8b6b3 <unknown>\n#17 0x5630e2a9c074 <unknown>\n#18 0x7f92f13a5134 <unknown>","time":{"start":1710204683904,"stop":1710204684667,"duration":763}},{"uid":"9062cd9540431d7d","reportUrl":"https://Nat754.github.io/StroyremAutomation/243//#testresult/9062cd9540431d7d","status":"skipped","statusDetails":"XFAIL\n\nselenium.common.exceptions.NoSuchElementException: Message: no such element: Unable to locate element: {\"method\":\"xpath\",\"selector\":\"(//a[@class='add-to-cart yellow-btn'])[1]\"}\n  (Session info: chrome-headless-shell=122.0.6261.111); For documentation on this error, please visit: https://www.selenium.dev/documentation/webdriver/troubleshooting/errors#no-such-element-exception\nStacktrace:\n#0 0x55711abe9ec3 <unknown>\n#1 0x55711a8e1ce6 <unknown>\n#2 0x55711a92ce48 <unknown>\n#3 0x55711a92cf01 <unknown>\n#4 0x55711a9703f4 <unknown>\n#5 0x55711a94eedd <unknown>\n#6 0x55711a96d899 <unknown>\n#7 0x55711a94ec53 <unknown>\n#8 0x55711a91fdb3 <unknown>\n#9 0x55711a92077e <unknown>\n#10 0x55711abaf7fb <unknown>\n#11 0x55711abb3815 <unknown>\n#12 0x55711ab9d111 <unknown>\n#13 0x55711abb43a2 <unknown>\n#14 0x55711ab811ef <unknown>\n#15 0x55711abd84b8 <unknown>\n#16 0x55711abd86b3 <unknown>\n#17 0x55711abe9074 <unknown>\n#18 0x7f5b58551134 <unknown>","time":{"start":1710118419156,"stop":1710118419759,"duration":603}},{"uid":"6859471acae31f7a","reportUrl":"https://Nat754.github.io/StroyremAutomation/242//#testresult/6859471acae31f7a","status":"skipped","statusDetails":"XFAIL\n\nselenium.common.exceptions.NoSuchElementException: Message: no such element: Unable to locate element: {\"method\":\"xpath\",\"selector\":\"(//a[@class='add-to-cart yellow-btn'])[1]\"}\n  (Session info: chrome-headless-shell=122.0.6261.111); For documentation on this error, please visit: https://www.selenium.dev/documentation/webdriver/troubleshooting/errors#no-such-element-exception\nStacktrace:\n#0 0x55ef719f0ec3 <unknown>\n#1 0x55ef716e8ce6 <unknown>\n#2 0x55ef71733e48 <unknown>\n#3 0x55ef71733f01 <unknown>\n#4 0x55ef717773f4 <unknown>\n#5 0x55ef71755edd <unknown>\n#6 0x55ef71774899 <unknown>\n#7 0x55ef71755c53 <unknown>\n#8 0x55ef71726db3 <unknown>\n#9 0x55ef7172777e <unknown>\n#10 0x55ef719b67fb <unknown>\n#11 0x55ef719ba815 <unknown>\n#12 0x55ef719a4111 <unknown>\n#13 0x55ef719bb3a2 <unknown>\n#14 0x55ef719881ef <unknown>\n#15 0x55ef719df4b8 <unknown>\n#16 0x55ef719df6b3 <unknown>\n#17 0x55ef719f0074 <unknown>\n#18 0x7f5558e3d134 <unknown>","time":{"start":1710032186526,"stop":1710032186850,"duration":324}},{"uid":"4941721b56f41b80","reportUrl":"https://Nat754.github.io/StroyremAutomation/241//#testresult/4941721b56f41b80","status":"skipped","statusDetails":"XFAIL\n\nselenium.common.exceptions.NoSuchElementException: Message: no such element: Unable to locate element: {\"method\":\"xpath\",\"selector\":\"(//a[@class='add-to-cart yellow-btn'])[1]\"}\n  (Session info: chrome-headless-shell=122.0.6261.111); For documentation on this error, please visit: https://www.selenium.dev/documentation/webdriver/troubleshooting/errors#no-such-element-exception\nStacktrace:\n#0 0x55c69ca25ec3 <unknown>\n#1 0x55c69c71dce6 <unknown>\n#2 0x55c69c768e48 <unknown>\n#3 0x55c69c768f01 <unknown>\n#4 0x55c69c7ac3f4 <unknown>\n#5 0x55c69c78aedd <unknown>\n#6 0x55c69c7a9899 <unknown>\n#7 0x55c69c78ac53 <unknown>\n#8 0x55c69c75bdb3 <unknown>\n#9 0x55c69c75c77e <unknown>\n#10 0x55c69c9eb7fb <unknown>\n#11 0x55c69c9ef815 <unknown>\n#12 0x55c69c9d9111 <unknown>\n#13 0x55c69c9f03a2 <unknown>\n#14 0x55c69c9bd1ef <unknown>\n#15 0x55c69ca144b8 <unknown>\n#16 0x55c69ca146b3 <unknown>\n#17 0x55c69ca25074 <unknown>\n#18 0x7fa86230d134 <unknown>","time":{"start":1709945396361,"stop":1709945396703,"duration":342}},{"uid":"8957f637058536b9","reportUrl":"https://Nat754.github.io/StroyremAutomation/240//#testresult/8957f637058536b9","status":"skipped","statusDetails":"XFAIL\n\nselenium.common.exceptions.NoSuchElementException: Message: no such element: Unable to locate element: {\"method\":\"xpath\",\"selector\":\"(//a[@class='add-to-cart yellow-btn'])[1]\"}\n  (Session info: chrome-headless-shell=122.0.6261.111); For documentation on this error, please visit: https://www.selenium.dev/documentation/webdriver/troubleshooting/errors#no-such-element-exception\nStacktrace:\n#0 0x55efacecbec3 <unknown>\n#1 0x55efacbc3ce6 <unknown>\n#2 0x55efacc0ee48 <unknown>\n#3 0x55efacc0ef01 <unknown>\n#4 0x55efacc523f4 <unknown>\n#5 0x55efacc30edd <unknown>\n#6 0x55efacc4f899 <unknown>\n#7 0x55efacc30c53 <unknown>\n#8 0x55efacc01db3 <unknown>\n#9 0x55efacc0277e <unknown>\n#10 0x55eface917fb <unknown>\n#11 0x55eface95815 <unknown>\n#12 0x55eface7f111 <unknown>\n#13 0x55eface963a2 <unknown>\n#14 0x55eface631ef <unknown>\n#15 0x55efaceba4b8 <unknown>\n#16 0x55efaceba6b3 <unknown>\n#17 0x55efacecb074 <unknown>\n#18 0x7fa44d739134 <unknown>","time":{"start":1709859078924,"stop":1709859079559,"duration":635}},{"uid":"bfc1d6c4336be326","reportUrl":"https://Nat754.github.io/StroyremAutomation/239//#testresult/bfc1d6c4336be326","status":"skipped","statusDetails":"XFAIL\n\nselenium.common.exceptions.NoSuchElementException: Message: no such element: Unable to locate element: {\"method\":\"xpath\",\"selector\":\"(//a[@class='add-to-cart yellow-btn'])[1]\"}\n  (Session info: chrome-headless-shell=122.0.6261.94); For documentation on this error, please visit: https://www.selenium.dev/documentation/webdriver/troubleshooting/errors#no-such-element-exception\nStacktrace:\n#0 0x562987b3de93 <unknown>\n#1 0x562987835ce6 <unknown>\n#2 0x562987880e48 <unknown>\n#3 0x562987880f01 <unknown>\n#4 0x5629878c43f4 <unknown>\n#5 0x5629878a2edd <unknown>\n#6 0x5629878c1899 <unknown>\n#7 0x5629878a2c53 <unknown>\n#8 0x562987873db3 <unknown>\n#9 0x56298787477e <unknown>\n#10 0x562987b037cb <unknown>\n#11 0x562987b077e5 <unknown>\n#12 0x562987af10e1 <unknown>\n#13 0x562987b08372 <unknown>\n#14 0x562987ad51bf <unknown>\n#15 0x562987b2c488 <unknown>\n#16 0x562987b2c683 <unknown>\n#17 0x562987b3d044 <unknown>\n#18 0x7f1c57bca134 <unknown>","time":{"start":1709772136207,"stop":1709772136512,"duration":305}},{"uid":"a10dfaaab6d3cfb4","reportUrl":"https://Nat754.github.io/StroyremAutomation/238//#testresult/a10dfaaab6d3cfb4","status":"skipped","statusDetails":"XFAIL\n\nselenium.common.exceptions.NoSuchElementException: Message: no such element: Unable to locate element: {\"method\":\"xpath\",\"selector\":\"(//a[@class='add-to-cart yellow-btn'])[1]\"}\n  (Session info: chrome-headless-shell=122.0.6261.94); For documentation on this error, please visit: https://www.selenium.dev/documentation/webdriver/troubleshooting/errors#no-such-element-exception\nStacktrace:\n#0 0x556b11b51e93 <unknown>\n#1 0x556b11849ce6 <unknown>\n#2 0x556b11894e48 <unknown>\n#3 0x556b11894f01 <unknown>\n#4 0x556b118d83f4 <unknown>\n#5 0x556b118b6edd <unknown>\n#6 0x556b118d5899 <unknown>\n#7 0x556b118b6c53 <unknown>\n#8 0x556b11887db3 <unknown>\n#9 0x556b1188877e <unknown>\n#10 0x556b11b177cb <unknown>\n#11 0x556b11b1b7e5 <unknown>\n#12 0x556b11b050e1 <unknown>\n#13 0x556b11b1c372 <unknown>\n#14 0x556b11ae91bf <unknown>\n#15 0x556b11b40488 <unknown>\n#16 0x556b11b40683 <unknown>\n#17 0x556b11b51044 <unknown>\n#18 0x7fa785ecb134 <unknown>","time":{"start":1709686343138,"stop":1709686343600,"duration":462}},{"uid":"3188a4000899b21d","reportUrl":"https://Nat754.github.io/StroyremAutomation/237//#testresult/3188a4000899b21d","status":"skipped","statusDetails":"XFAIL\n\nselenium.common.exceptions.NoSuchElementException: Message: no such element: Unable to locate element: {\"method\":\"xpath\",\"selector\":\"(//a[@class='add-to-cart yellow-btn'])[1]\"}\n  (Session info: chrome-headless-shell=122.0.6261.94); For documentation on this error, please visit: https://www.selenium.dev/documentation/webdriver/troubleshooting/errors#no-such-element-exception\nStacktrace:\n#0 0x55d3e2019e93 <unknown>\n#1 0x55d3e1d11ce6 <unknown>\n#2 0x55d3e1d5ce48 <unknown>\n#3 0x55d3e1d5cf01 <unknown>\n#4 0x55d3e1da03f4 <unknown>\n#5 0x55d3e1d7eedd <unknown>\n#6 0x55d3e1d9d899 <unknown>\n#7 0x55d3e1d7ec53 <unknown>\n#8 0x55d3e1d4fdb3 <unknown>\n#9 0x55d3e1d5077e <unknown>\n#10 0x55d3e1fdf7cb <unknown>\n#11 0x55d3e1fe37e5 <unknown>\n#12 0x55d3e1fcd0e1 <unknown>\n#13 0x55d3e1fe4372 <unknown>\n#14 0x55d3e1fb11bf <unknown>\n#15 0x55d3e2008488 <unknown>\n#16 0x55d3e2008683 <unknown>\n#17 0x55d3e2019044 <unknown>\n#18 0x7f8ac5bdd134 <unknown>","time":{"start":1709599921865,"stop":1709599922207,"duration":342}},{"uid":"7160f98159df7d8","reportUrl":"https://Nat754.github.io/StroyremAutomation/236//#testresult/7160f98159df7d8","status":"skipped","statusDetails":"XFAIL\n\nselenium.common.exceptions.NoSuchElementException: Message: no such element: Unable to locate element: {\"method\":\"xpath\",\"selector\":\"(//a[@class='add-to-cart yellow-btn'])[1]\"}\n  (Session info: chrome-headless-shell=122.0.6261.94); For documentation on this error, please visit: https://www.selenium.dev/documentation/webdriver/troubleshooting/errors#no-such-element-exception\nStacktrace:\n#0 0x55d792d71e93 <unknown>\n#1 0x55d792a69ce6 <unknown>\n#2 0x55d792ab4e48 <unknown>\n#3 0x55d792ab4f01 <unknown>\n#4 0x55d792af83f4 <unknown>\n#5 0x55d792ad6edd <unknown>\n#6 0x55d792af5899 <unknown>\n#7 0x55d792ad6c53 <unknown>\n#8 0x55d792aa7db3 <unknown>\n#9 0x55d792aa877e <unknown>\n#10 0x55d792d377cb <unknown>\n#11 0x55d792d3b7e5 <unknown>\n#12 0x55d792d250e1 <unknown>\n#13 0x55d792d3c372 <unknown>\n#14 0x55d792d091bf <unknown>\n#15 0x55d792d60488 <unknown>\n#16 0x55d792d60683 <unknown>\n#17 0x55d792d71044 <unknown>\n#18 0x7f949703f134 <unknown>","time":{"start":1709513626775,"stop":1709513627397,"duration":622}},{"uid":"ceef0e318ac3bed1","reportUrl":"https://Nat754.github.io/StroyremAutomation/235//#testresult/ceef0e318ac3bed1","status":"skipped","statusDetails":"XFAIL\n\nselenium.common.exceptions.NoSuchElementException: Message: no such element: Unable to locate element: {\"method\":\"xpath\",\"selector\":\"(//a[@class='add-to-cart yellow-btn'])[1]\"}\n  (Session info: chrome-headless-shell=122.0.6261.94); For documentation on this error, please visit: https://www.selenium.dev/documentation/webdriver/troubleshooting/errors#no-such-element-exception\nStacktrace:\n#0 0x563f75db9e93 <unknown>\n#1 0x563f75ab1ce6 <unknown>\n#2 0x563f75afce48 <unknown>\n#3 0x563f75afcf01 <unknown>\n#4 0x563f75b403f4 <unknown>\n#5 0x563f75b1eedd <unknown>\n#6 0x563f75b3d899 <unknown>\n#7 0x563f75b1ec53 <unknown>\n#8 0x563f75aefdb3 <unknown>\n#9 0x563f75af077e <unknown>\n#10 0x563f75d7f7cb <unknown>\n#11 0x563f75d837e5 <unknown>\n#12 0x563f75d6d0e1 <unknown>\n#13 0x563f75d84372 <unknown>\n#14 0x563f75d511bf <unknown>\n#15 0x563f75da8488 <unknown>\n#16 0x563f75da8683 <unknown>\n#17 0x563f75db9044 <unknown>\n#18 0x7f3b6270c134 <unknown>","time":{"start":1709427361660,"stop":1709427362097,"duration":437}},{"uid":"a301bbe542303dbf","reportUrl":"https://Nat754.github.io/StroyremAutomation/234//#testresult/a301bbe542303dbf","status":"skipped","statusDetails":"XFAIL\n\nselenium.common.exceptions.NoSuchElementException: Message: no such element: Unable to locate element: {\"method\":\"xpath\",\"selector\":\"(//a[@class='add-to-cart yellow-btn'])[1]\"}\n  (Session info: chrome-headless-shell=122.0.6261.94); For documentation on this error, please visit: https://www.selenium.dev/documentation/webdriver/troubleshooting/errors#no-such-element-exception\nStacktrace:\n#0 0x55ec2acf7e93 <unknown>\n#1 0x55ec2a9efce6 <unknown>\n#2 0x55ec2aa3ae48 <unknown>\n#3 0x55ec2aa3af01 <unknown>\n#4 0x55ec2aa7e3f4 <unknown>\n#5 0x55ec2aa5cedd <unknown>\n#6 0x55ec2aa7b899 <unknown>\n#7 0x55ec2aa5cc53 <unknown>\n#8 0x55ec2aa2ddb3 <unknown>\n#9 0x55ec2aa2e77e <unknown>\n#10 0x55ec2acbd7cb <unknown>\n#11 0x55ec2acc17e5 <unknown>\n#12 0x55ec2acab0e1 <unknown>\n#13 0x55ec2acc2372 <unknown>\n#14 0x55ec2ac8f1bf <unknown>\n#15 0x55ec2ace6488 <unknown>\n#16 0x55ec2ace6683 <unknown>\n#17 0x55ec2acf7044 <unknown>\n#18 0x7fc1675ef134 <unknown>","time":{"start":1709340622128,"stop":1709340622546,"duration":418}},{"uid":"ca8be9f01100d727","reportUrl":"https://Nat754.github.io/StroyremAutomation/233//#testresult/ca8be9f01100d727","status":"skipped","statusDetails":"XFAIL\n\nselenium.common.exceptions.NoSuchElementException: Message: no such element: Unable to locate element: {\"method\":\"xpath\",\"selector\":\"(//a[@class='add-to-cart yellow-btn'])[1]\"}\n  (Session info: chrome-headless-shell=122.0.6261.94); For documentation on this error, please visit: https://www.selenium.dev/documentation/webdriver/troubleshooting/errors#no-such-element-exception\nStacktrace:\n#0 0x55da90e92e93 <unknown>\n#1 0x55da90b8ace6 <unknown>\n#2 0x55da90bd5e48 <unknown>\n#3 0x55da90bd5f01 <unknown>\n#4 0x55da90c193f4 <unknown>\n#5 0x55da90bf7edd <unknown>\n#6 0x55da90c16899 <unknown>\n#7 0x55da90bf7c53 <unknown>\n#8 0x55da90bc8db3 <unknown>\n#9 0x55da90bc977e <unknown>\n#10 0x55da90e587cb <unknown>\n#11 0x55da90e5c7e5 <unknown>\n#12 0x55da90e460e1 <unknown>\n#13 0x55da90e5d372 <unknown>\n#14 0x55da90e2a1bf <unknown>\n#15 0x55da90e81488 <unknown>\n#16 0x55da90e81683 <unknown>\n#17 0x55da90e92044 <unknown>\n#18 0x7f12dfbfe134 <unknown>","time":{"start":1709254612578,"stop":1709254613095,"duration":517}},{"uid":"959f38bed7e00ea7","reportUrl":"https://Nat754.github.io/StroyremAutomation/232//#testresult/959f38bed7e00ea7","status":"skipped","statusDetails":"XFAIL\n\nselenium.common.exceptions.NoSuchElementException: Message: no such element: Unable to locate element: {\"method\":\"xpath\",\"selector\":\"(//a[@class='add-to-cart yellow-btn'])[1]\"}\n  (Session info: chrome-headless-shell=122.0.6261.94); For documentation on this error, please visit: https://www.selenium.dev/documentation/webdriver/troubleshooting/errors#no-such-element-exception\nStacktrace:\n#0 0x55f490afee93 <unknown>\n#1 0x55f4907f6ce6 <unknown>\n#2 0x55f490841e48 <unknown>\n#3 0x55f490841f01 <unknown>\n#4 0x55f4908853f4 <unknown>\n#5 0x55f490863edd <unknown>\n#6 0x55f490882899 <unknown>\n#7 0x55f490863c53 <unknown>\n#8 0x55f490834db3 <unknown>\n#9 0x55f49083577e <unknown>\n#10 0x55f490ac47cb <unknown>\n#11 0x55f490ac87e5 <unknown>\n#12 0x55f490ab20e1 <unknown>\n#13 0x55f490ac9372 <unknown>\n#14 0x55f490a961bf <unknown>\n#15 0x55f490aed488 <unknown>\n#16 0x55f490aed683 <unknown>\n#17 0x55f490afe044 <unknown>\n#18 0x7f2d49e95134 <unknown>","time":{"start":1709167859893,"stop":1709167860200,"duration":307}},{"uid":"b75d8656a8cd469","reportUrl":"https://Nat754.github.io/StroyremAutomation/231//#testresult/b75d8656a8cd469","status":"skipped","statusDetails":"XFAIL\n\nselenium.common.exceptions.NoSuchElementException: Message: no such element: Unable to locate element: {\"method\":\"xpath\",\"selector\":\"(//a[@class='add-to-cart yellow-btn'])[1]\"}\n  (Session info: chrome-headless-shell=122.0.6261.94); For documentation on this error, please visit: https://www.selenium.dev/documentation/webdriver/troubleshooting/errors#no-such-element-exception\nStacktrace:\n#0 0x556eacc4be93 <unknown>\n#1 0x556eac943ce6 <unknown>\n#2 0x556eac98ee48 <unknown>\n#3 0x556eac98ef01 <unknown>\n#4 0x556eac9d23f4 <unknown>\n#5 0x556eac9b0edd <unknown>\n#6 0x556eac9cf899 <unknown>\n#7 0x556eac9b0c53 <unknown>\n#8 0x556eac981db3 <unknown>\n#9 0x556eac98277e <unknown>\n#10 0x556eacc117cb <unknown>\n#11 0x556eacc157e5 <unknown>\n#12 0x556eacbff0e1 <unknown>\n#13 0x556eacc16372 <unknown>\n#14 0x556eacbe31bf <unknown>\n#15 0x556eacc3a488 <unknown>\n#16 0x556eacc3a683 <unknown>\n#17 0x556eacc4b044 <unknown>\n#18 0x7f045c45a134 <unknown>","time":{"start":1709081463605,"stop":1709081464194,"duration":589}},{"uid":"904d3b539cb7bb4d","reportUrl":"https://Nat754.github.io/StroyremAutomation/230//#testresult/904d3b539cb7bb4d","status":"skipped","statusDetails":"XFAIL\n\nselenium.common.exceptions.NoSuchElementException: Message: no such element: Unable to locate element: {\"method\":\"xpath\",\"selector\":\"(//a[@class='add-to-cart yellow-btn'])[1]\"}\n  (Session info: chrome-headless-shell=122.0.6261.69); For documentation on this error, please visit: https://www.selenium.dev/documentation/webdriver/troubleshooting/errors#no-such-element-exception\nStacktrace:\n#0 0x56487b245793 <unknown>\n#1 0x56487af391c6 <unknown>\n#2 0x56487af84358 <unknown>\n#3 0x56487af84411 <unknown>\n#4 0x56487afc7934 <unknown>\n#5 0x56487afa63fd <unknown>\n#6 0x56487afc4dd9 <unknown>\n#7 0x56487afa6173 <unknown>\n#8 0x56487af772d3 <unknown>\n#9 0x56487af77c9e <unknown>\n#10 0x56487b2098cb <unknown>\n#11 0x56487b20d745 <unknown>\n#12 0x56487b1f62e1 <unknown>\n#13 0x56487b20e2d2 <unknown>\n#14 0x56487b1da17f <unknown>\n#15 0x56487b233dc8 <unknown>\n#16 0x56487b233fc3 <unknown>\n#17 0x56487b244944 <unknown>\n#18 0x7f733288c134 <unknown>","time":{"start":1708995075083,"stop":1708995075478,"duration":395}},{"uid":"6fe0e27e46c1f147","reportUrl":"https://Nat754.github.io/StroyremAutomation/229//#testresult/6fe0e27e46c1f147","status":"skipped","statusDetails":"XFAIL\n\nselenium.common.exceptions.NoSuchElementException: Message: no such element: Unable to locate element: {\"method\":\"xpath\",\"selector\":\"(//a[@class='add-to-cart yellow-btn'])[1]\"}\n  (Session info: chrome-headless-shell=122.0.6261.69); For documentation on this error, please visit: https://www.selenium.dev/documentation/webdriver/troubleshooting/errors#no-such-element-exception\nStacktrace:\n#0 0x55a103241793 <unknown>\n#1 0x55a102f351c6 <unknown>\n#2 0x55a102f80358 <unknown>\n#3 0x55a102f80411 <unknown>\n#4 0x55a102fc3934 <unknown>\n#5 0x55a102fa23fd <unknown>\n#6 0x55a102fc0dd9 <unknown>\n#7 0x55a102fa2173 <unknown>\n#8 0x55a102f732d3 <unknown>\n#9 0x55a102f73c9e <unknown>\n#10 0x55a1032058cb <unknown>\n#11 0x55a103209745 <unknown>\n#12 0x55a1031f22e1 <unknown>\n#13 0x55a10320a2d2 <unknown>\n#14 0x55a1031d617f <unknown>\n#15 0x55a10322fdc8 <unknown>\n#16 0x55a10322ffc3 <unknown>\n#17 0x55a103240944 <unknown>\n#18 0x7f46b32a9134 <unknown>","time":{"start":1708908772540,"stop":1708908772970,"duration":430}},{"uid":"db41d2177a47236","reportUrl":"https://Nat754.github.io/StroyremAutomation/228//#testresult/db41d2177a47236","status":"skipped","statusDetails":"XFAIL\n\nselenium.common.exceptions.NoSuchElementException: Message: no such element: Unable to locate element: {\"method\":\"xpath\",\"selector\":\"(//a[@class='add-to-cart yellow-btn'])[1]\"}\n  (Session info: chrome-headless-shell=122.0.6261.69); For documentation on this error, please visit: https://www.selenium.dev/documentation/webdriver/troubleshooting/errors#no-such-element-exception\nStacktrace:\n#0 0x562f30f76793 <unknown>\n#1 0x562f30c6a1c6 <unknown>\n#2 0x562f30cb5358 <unknown>\n#3 0x562f30cb5411 <unknown>\n#4 0x562f30cf8934 <unknown>\n#5 0x562f30cd73fd <unknown>\n#6 0x562f30cf5dd9 <unknown>\n#7 0x562f30cd7173 <unknown>\n#8 0x562f30ca82d3 <unknown>\n#9 0x562f30ca8c9e <unknown>\n#10 0x562f30f3a8cb <unknown>\n#11 0x562f30f3e745 <unknown>\n#12 0x562f30f272e1 <unknown>\n#13 0x562f30f3f2d2 <unknown>\n#14 0x562f30f0b17f <unknown>\n#15 0x562f30f64dc8 <unknown>\n#16 0x562f30f64fc3 <unknown>\n#17 0x562f30f75944 <unknown>\n#18 0x7f93d466e134 <unknown>","time":{"start":1708822558788,"stop":1708822559130,"duration":342}}]},"tags":["@pytest.mark.xfail","smoke_test"]},"source":"e562b45c77c55263.json","parameterValues":["3320","1","'TD 015'","2390","'products/shtukaturka-tsementnaya-bergauf-bau-putts-tsement-25kg-56sht'","650","'https://sandboxtest.stroyrem-nn.ru/'","30"]}