{"uid":"2c60495f86e31e36","name":"TD 020 Доставка товара весом до 2000кг. в синей зоне","fullName":"tests.delivery.test_delivery_calculation.TestDeliveryPageCalculation#test_positive_delivery_blue_zone_smoke","historyId":"c4ec1833f25483cec79cdb0ff77ddb11","time":{"start":1723770080259,"stop":1723770080588,"duration":329},"status":"skipped","statusMessage":"XFAIL\n\nselenium.common.exceptions.NoSuchElementException: Message: no such element: Unable to locate element: {\"method\":\"xpath\",\"selector\":\"(//a[@class='add-to-cart yellow-btn'])[1]\"}\n  (Session info: chrome-headless-shell=127.0.6533.119); For documentation on this error, please visit: https://www.selenium.dev/documentation/webdriver/troubleshooting/errors#no-such-element-exception\nStacktrace:\n#0 0x5643b499b6ca <unknown>\n#1 0x5643b466c600 <unknown>\n#2 0x5643b46bbbcb <unknown>\n#3 0x5643b46bbeb1 <unknown>\n#4 0x5643b46ffb24 <unknown>\n#5 0x5643b46de8cd <unknown>\n#6 0x5643b46fd04a <unknown>\n#7 0x5643b46de643 <unknown>\n#8 0x5643b46aed31 <unknown>\n#9 0x5643b46af79e <unknown>\n#10 0x5643b496325b <unknown>\n#11 0x5643b49671f2 <unknown>\n#12 0x5643b4950615 <unknown>\n#13 0x5643b4967d82 <unknown>\n#14 0x5643b493525f <unknown>\n#15 0x5643b498ae68 <unknown>\n#16 0x5643b498b040 <unknown>\n#17 0x5643b499a49c <unknown>\n#18 0x7ffb9d8af134 <unknown>","statusTrace":"self = <tests.delivery.test_delivery_calculation.TestDeliveryPageCalculation object at 0x7f3202ee0f90>\ndriver = <selenium.webdriver.chrome.webdriver.WebDriver (session=\"37cd2e67322888228f2f822a5de932ae\")>\nurl = 'https://sandboxtest.stroyrem-nn.ru/', case_id = 'TD 020'\nlink_item = 'products/shtukaturka-gipsovaya-aksolit-m50-30-kg-mashinnogo-naneseniya'\namount = 66, weight = 2000, standard = 1500, in_time = 2990, all_time = 3650\n\n    @pytest.mark.parametrize('case_id, link_item, amount, weight, standard, in_time, all_time', [\n        (\"TD 015\", bundeks_25, 1, 30, 650, 2390, 3320),\n        pytest.param(\n            \"TD 016\", aksolit_30, 8, 300, 650, 2390, 3320,\n            marks=pytest.mark.xfail(reson=\"Цена доставки: - - -\")\n        ),\n        (\"TD 017\", aksolit_30, 13, 400, 650, 2390, 3320),\n        (\"TD 018\", aksolit_30, 16, 500, 850, 2490, 3320),\n        (\"TD 019\", aksolit_30, 25, 1700, 1150, 2490, 3320),\n        (\"TD 020\", aksolit_30, 66, 2000, 1500, 2990, 3650),\n        (\"TD 021\", aksolit_30, 149, 4500, 2600, 4380, 4890),\n        (\"TD 022\", aksolit_30, 166, 5000, 2800, 5490, 5980),\n        pytest.param(\n            \"TD 023\", aksolit_30, 206, 6200, 3300, 7500, 8000,\n            marks=pytest.mark.xfail(reson=\"Цена доставки: 4300 9900 11440\")\n        ),\n        (\"TD 024\", aksolit_30, 299, 9000, 4300, 9900, 11440),\n        (\"TD 025\", aksolit_30, 333, 10000, 7000, 13900, 15900),\n        pytest.param(\n            \"TD 026\", aksolit_30, 366, 11000, 8000, 14900, 19900,\n            marks=pytest.mark.xfail(reson=\"Цена доставки: 7000 13900 15900\")\n        ),\n        pytest.param(\n            \"TD 027\", aksolit_30, 666, 20000, 14000, 16900, 23900,\n            marks=pytest.mark.xfail(reson=\"Цена доставки: 7000 13900 15900\")\n        )\n    ])\n    @pytest.mark.xfail\n    @pytest.mark.smoke_test\n    def test_positive_delivery_blue_zone_smoke(\n            self, driver, url, case_id, link_item, amount, weight, standard, in_time, all_time\n    ):\n        allure.dynamic.title(f\"{case_id} Доставка товара весом до {weight}кг. в синей зоне\")\n    \n        driver.get(f'{url}{link_item}')\n        item_page = ItemPage(driver)\n>       item_page.add_item_to_cart(amount).click_on_cart()\n\ntests/delivery/test_delivery_calculation.py:132: \n_ _ _ _ _ _ _ _ _ _ _ _ _ _ _ _ _ _ _ _ _ _ _ _ _ _ _ _ _ _ _ _ _ _ _ _ _ _ _ _ \npages/item_page.py:40: in add_item_to_cart\n    self.find_element(self._add_item).click()\nbase/seleniumbase.py:17: in find_element\n    return self.driver.find_element(*locator)\n/usr/local/lib/python3.11/site-packages/selenium/webdriver/remote/webdriver.py:739: in find_element\n    return self.execute(Command.FIND_ELEMENT, {\"using\": by, \"value\": value})[\"value\"]\n/usr/local/lib/python3.11/site-packages/selenium/webdriver/remote/webdriver.py:345: in execute\n    self.error_handler.check_response(response)\n_ _ _ _ _ _ _ _ _ _ _ _ _ _ _ _ _ _ _ _ _ _ _ _ _ _ _ _ _ _ _ _ _ _ _ _ _ _ _ _ \n\nself = <selenium.webdriver.remote.errorhandler.ErrorHandler object at 0x7f3202d5d310>\nresponse = {'status': 404, 'value': '{\"value\":{\"error\":\"no such element\",\"message\":\"no such element: Unable to locate element: {\\...\\\\n#16 0x5643b498b040 \\\\u003Cunknown>\\\\n#17 0x5643b499a49c \\\\u003Cunknown>\\\\n#18 0x7ffb9d8af134 \\\\u003Cunknown>\\\\n\"}}'}\n\n    def check_response(self, response: Dict[str, Any]) -> None:\n        \"\"\"Checks that a JSON response from the WebDriver does not have an\n        error.\n    \n        :Args:\n         - response - The JSON response from the WebDriver server as a dictionary\n           object.\n    \n        :Raises: If the response contains an error message.\n        \"\"\"\n        status = response.get(\"status\", None)\n        if not status or status == ErrorCode.SUCCESS:\n            return\n        value = None\n        message = response.get(\"message\", \"\")\n        screen: str = response.get(\"screen\", \"\")\n        stacktrace = None\n        if isinstance(status, int):\n            value_json = response.get(\"value\", None)\n            if value_json and isinstance(value_json, str):\n                import json\n    \n                try:\n                    value = json.loads(value_json)\n                    if len(value) == 1:\n                        value = value[\"value\"]\n                    status = value.get(\"error\", None)\n                    if not status:\n                        status = value.get(\"status\", ErrorCode.UNKNOWN_ERROR)\n                        message = value.get(\"value\") or value.get(\"message\")\n                        if not isinstance(message, str):\n                            value = message\n                            message = message.get(\"message\")\n                    else:\n                        message = value.get(\"message\", None)\n                except ValueError:\n                    pass\n    \n        exception_class: Type[WebDriverException]\n        e = ErrorCode()\n        error_codes = [item for item in dir(e) if not item.startswith(\"__\")]\n        for error_code in error_codes:\n            error_info = getattr(ErrorCode, error_code)\n            if isinstance(error_info, list) and status in error_info:\n                exception_class = getattr(ExceptionMapping, error_code, WebDriverException)\n                break\n        else:\n            exception_class = WebDriverException\n    \n        if not value:\n            value = response[\"value\"]\n        if isinstance(value, str):\n            raise exception_class(value)\n        if message == \"\" and \"message\" in value:\n            message = value[\"message\"]\n    \n        screen = None  # type: ignore[assignment]\n        if \"screen\" in value:\n            screen = value[\"screen\"]\n    \n        stacktrace = None\n        st_value = value.get(\"stackTrace\") or value.get(\"stacktrace\")\n        if st_value:\n            if isinstance(st_value, str):\n                stacktrace = st_value.split(\"\\n\")\n            else:\n                stacktrace = []\n                try:\n                    for frame in st_value:\n                        line = frame.get(\"lineNumber\", \"\")\n                        file = frame.get(\"fileName\", \"<anonymous>\")\n                        if line:\n                            file = f\"{file}:{line}\"\n                        meth = frame.get(\"methodName\", \"<anonymous>\")\n                        if \"className\" in frame:\n                            meth = f\"{frame['className']}.{meth}\"\n                        msg = \"    at %s (%s)\"\n                        msg = msg % (meth, file)\n                        stacktrace.append(msg)\n                except TypeError:\n                    pass\n        if exception_class == UnexpectedAlertPresentException:\n            alert_text = None\n            if \"data\" in value:\n                alert_text = value[\"data\"].get(\"text\")\n            elif \"alert\" in value:\n                alert_text = value[\"alert\"].get(\"text\")\n            raise exception_class(message, screen, stacktrace, alert_text)  # type: ignore[call-arg]  # mypy is not smart enough here\n>       raise exception_class(message, screen, stacktrace)\nE       selenium.common.exceptions.NoSuchElementException: Message: no such element: Unable to locate element: {\"method\":\"xpath\",\"selector\":\"(//a[@class='add-to-cart yellow-btn'])[1]\"}\nE         (Session info: chrome-headless-shell=127.0.6533.119); For documentation on this error, please visit: https://www.selenium.dev/documentation/webdriver/troubleshooting/errors#no-such-element-exception\nE       Stacktrace:\nE       #0 0x5643b499b6ca <unknown>\nE       #1 0x5643b466c600 <unknown>\nE       #2 0x5643b46bbbcb <unknown>\nE       #3 0x5643b46bbeb1 <unknown>\nE       #4 0x5643b46ffb24 <unknown>\nE       #5 0x5643b46de8cd <unknown>\nE       #6 0x5643b46fd04a <unknown>\nE       #7 0x5643b46de643 <unknown>\nE       #8 0x5643b46aed31 <unknown>\nE       #9 0x5643b46af79e <unknown>\nE       #10 0x5643b496325b <unknown>\nE       #11 0x5643b49671f2 <unknown>\nE       #12 0x5643b4950615 <unknown>\nE       #13 0x5643b4967d82 <unknown>\nE       #14 0x5643b493525f <unknown>\nE       #15 0x5643b498ae68 <unknown>\nE       #16 0x5643b498b040 <unknown>\nE       #17 0x5643b499a49c <unknown>\nE       #18 0x7ffb9d8af134 <unknown>\n\n/usr/local/lib/python3.11/site-packages/selenium/webdriver/remote/errorhandler.py:229: NoSuchElementException","flaky":false,"newFailed":false,"newBroken":false,"newPassed":false,"retriesCount":0,"retriesStatusChange":false,"beforeStages":[{"name":"_session_faker","time":{"start":1723769832379,"stop":1723769832450,"duration":71},"status":"passed","steps":[],"attachments":[],"parameters":[],"shouldDisplayMessage":false,"stepsCount":0,"attachmentsCount":0,"hasContent":false,"attachmentStep":false},{"name":"clear_allure_results_folder","time":{"start":1723769832450,"stop":1723769832450,"duration":0},"status":"passed","steps":[],"attachments":[],"parameters":[],"shouldDisplayMessage":false,"stepsCount":0,"attachmentsCount":0,"hasContent":false,"attachmentStep":false},{"name":"driver","time":{"start":1723770079566,"stop":1723770080258,"duration":692},"status":"passed","steps":[],"attachments":[],"parameters":[],"shouldDisplayMessage":false,"stepsCount":0,"attachmentsCount":0,"hasContent":false,"attachmentStep":false},{"name":"setup","time":{"start":1723770080258,"stop":1723770080258,"duration":0},"status":"passed","steps":[],"attachments":[],"parameters":[],"shouldDisplayMessage":false,"stepsCount":0,"attachmentsCount":0,"hasContent":false,"attachmentStep":false}],"testStage":{"status":"skipped","statusMessage":"XFAIL\n\nselenium.common.exceptions.NoSuchElementException: Message: no such element: Unable to locate element: {\"method\":\"xpath\",\"selector\":\"(//a[@class='add-to-cart yellow-btn'])[1]\"}\n  (Session info: chrome-headless-shell=127.0.6533.119); For documentation on this error, please visit: https://www.selenium.dev/documentation/webdriver/troubleshooting/errors#no-such-element-exception\nStacktrace:\n#0 0x5643b499b6ca <unknown>\n#1 0x5643b466c600 <unknown>\n#2 0x5643b46bbbcb <unknown>\n#3 0x5643b46bbeb1 <unknown>\n#4 0x5643b46ffb24 <unknown>\n#5 0x5643b46de8cd <unknown>\n#6 0x5643b46fd04a <unknown>\n#7 0x5643b46de643 <unknown>\n#8 0x5643b46aed31 <unknown>\n#9 0x5643b46af79e <unknown>\n#10 0x5643b496325b <unknown>\n#11 0x5643b49671f2 <unknown>\n#12 0x5643b4950615 <unknown>\n#13 0x5643b4967d82 <unknown>\n#14 0x5643b493525f <unknown>\n#15 0x5643b498ae68 <unknown>\n#16 0x5643b498b040 <unknown>\n#17 0x5643b499a49c <unknown>\n#18 0x7ffb9d8af134 <unknown>","statusTrace":"self = <tests.delivery.test_delivery_calculation.TestDeliveryPageCalculation object at 0x7f3202ee0f90>\ndriver = <selenium.webdriver.chrome.webdriver.WebDriver (session=\"37cd2e67322888228f2f822a5de932ae\")>\nurl = 'https://sandboxtest.stroyrem-nn.ru/', case_id = 'TD 020'\nlink_item = 'products/shtukaturka-gipsovaya-aksolit-m50-30-kg-mashinnogo-naneseniya'\namount = 66, weight = 2000, standard = 1500, in_time = 2990, all_time = 3650\n\n    @pytest.mark.parametrize('case_id, link_item, amount, weight, standard, in_time, all_time', [\n        (\"TD 015\", bundeks_25, 1, 30, 650, 2390, 3320),\n        pytest.param(\n            \"TD 016\", aksolit_30, 8, 300, 650, 2390, 3320,\n            marks=pytest.mark.xfail(reson=\"Цена доставки: - - -\")\n        ),\n        (\"TD 017\", aksolit_30, 13, 400, 650, 2390, 3320),\n        (\"TD 018\", aksolit_30, 16, 500, 850, 2490, 3320),\n        (\"TD 019\", aksolit_30, 25, 1700, 1150, 2490, 3320),\n        (\"TD 020\", aksolit_30, 66, 2000, 1500, 2990, 3650),\n        (\"TD 021\", aksolit_30, 149, 4500, 2600, 4380, 4890),\n        (\"TD 022\", aksolit_30, 166, 5000, 2800, 5490, 5980),\n        pytest.param(\n            \"TD 023\", aksolit_30, 206, 6200, 3300, 7500, 8000,\n            marks=pytest.mark.xfail(reson=\"Цена доставки: 4300 9900 11440\")\n        ),\n        (\"TD 024\", aksolit_30, 299, 9000, 4300, 9900, 11440),\n        (\"TD 025\", aksolit_30, 333, 10000, 7000, 13900, 15900),\n        pytest.param(\n            \"TD 026\", aksolit_30, 366, 11000, 8000, 14900, 19900,\n            marks=pytest.mark.xfail(reson=\"Цена доставки: 7000 13900 15900\")\n        ),\n        pytest.param(\n            \"TD 027\", aksolit_30, 666, 20000, 14000, 16900, 23900,\n            marks=pytest.mark.xfail(reson=\"Цена доставки: 7000 13900 15900\")\n        )\n    ])\n    @pytest.mark.xfail\n    @pytest.mark.smoke_test\n    def test_positive_delivery_blue_zone_smoke(\n            self, driver, url, case_id, link_item, amount, weight, standard, in_time, all_time\n    ):\n        allure.dynamic.title(f\"{case_id} Доставка товара весом до {weight}кг. в синей зоне\")\n    \n        driver.get(f'{url}{link_item}')\n        item_page = ItemPage(driver)\n>       item_page.add_item_to_cart(amount).click_on_cart()\n\ntests/delivery/test_delivery_calculation.py:132: \n_ _ _ _ _ _ _ _ _ _ _ _ _ _ _ _ _ _ _ _ _ _ _ _ _ _ _ _ _ _ _ _ _ _ _ _ _ _ _ _ \npages/item_page.py:40: in add_item_to_cart\n    self.find_element(self._add_item).click()\nbase/seleniumbase.py:17: in find_element\n    return self.driver.find_element(*locator)\n/usr/local/lib/python3.11/site-packages/selenium/webdriver/remote/webdriver.py:739: in find_element\n    return self.execute(Command.FIND_ELEMENT, {\"using\": by, \"value\": value})[\"value\"]\n/usr/local/lib/python3.11/site-packages/selenium/webdriver/remote/webdriver.py:345: in execute\n    self.error_handler.check_response(response)\n_ _ _ _ _ _ _ _ _ _ _ _ _ _ _ _ _ _ _ _ _ _ _ _ _ _ _ _ _ _ _ _ _ _ _ _ _ _ _ _ \n\nself = <selenium.webdriver.remote.errorhandler.ErrorHandler object at 0x7f3202d5d310>\nresponse = {'status': 404, 'value': '{\"value\":{\"error\":\"no such element\",\"message\":\"no such element: Unable to locate element: {\\...\\\\n#16 0x5643b498b040 \\\\u003Cunknown>\\\\n#17 0x5643b499a49c \\\\u003Cunknown>\\\\n#18 0x7ffb9d8af134 \\\\u003Cunknown>\\\\n\"}}'}\n\n    def check_response(self, response: Dict[str, Any]) -> None:\n        \"\"\"Checks that a JSON response from the WebDriver does not have an\n        error.\n    \n        :Args:\n         - response - The JSON response from the WebDriver server as a dictionary\n           object.\n    \n        :Raises: If the response contains an error message.\n        \"\"\"\n        status = response.get(\"status\", None)\n        if not status or status == ErrorCode.SUCCESS:\n            return\n        value = None\n        message = response.get(\"message\", \"\")\n        screen: str = response.get(\"screen\", \"\")\n        stacktrace = None\n        if isinstance(status, int):\n            value_json = response.get(\"value\", None)\n            if value_json and isinstance(value_json, str):\n                import json\n    \n                try:\n                    value = json.loads(value_json)\n                    if len(value) == 1:\n                        value = value[\"value\"]\n                    status = value.get(\"error\", None)\n                    if not status:\n                        status = value.get(\"status\", ErrorCode.UNKNOWN_ERROR)\n                        message = value.get(\"value\") or value.get(\"message\")\n                        if not isinstance(message, str):\n                            value = message\n                            message = message.get(\"message\")\n                    else:\n                        message = value.get(\"message\", None)\n                except ValueError:\n                    pass\n    \n        exception_class: Type[WebDriverException]\n        e = ErrorCode()\n        error_codes = [item for item in dir(e) if not item.startswith(\"__\")]\n        for error_code in error_codes:\n            error_info = getattr(ErrorCode, error_code)\n            if isinstance(error_info, list) and status in error_info:\n                exception_class = getattr(ExceptionMapping, error_code, WebDriverException)\n                break\n        else:\n            exception_class = WebDriverException\n    \n        if not value:\n            value = response[\"value\"]\n        if isinstance(value, str):\n            raise exception_class(value)\n        if message == \"\" and \"message\" in value:\n            message = value[\"message\"]\n    \n        screen = None  # type: ignore[assignment]\n        if \"screen\" in value:\n            screen = value[\"screen\"]\n    \n        stacktrace = None\n        st_value = value.get(\"stackTrace\") or value.get(\"stacktrace\")\n        if st_value:\n            if isinstance(st_value, str):\n                stacktrace = st_value.split(\"\\n\")\n            else:\n                stacktrace = []\n                try:\n                    for frame in st_value:\n                        line = frame.get(\"lineNumber\", \"\")\n                        file = frame.get(\"fileName\", \"<anonymous>\")\n                        if line:\n                            file = f\"{file}:{line}\"\n                        meth = frame.get(\"methodName\", \"<anonymous>\")\n                        if \"className\" in frame:\n                            meth = f\"{frame['className']}.{meth}\"\n                        msg = \"    at %s (%s)\"\n                        msg = msg % (meth, file)\n                        stacktrace.append(msg)\n                except TypeError:\n                    pass\n        if exception_class == UnexpectedAlertPresentException:\n            alert_text = None\n            if \"data\" in value:\n                alert_text = value[\"data\"].get(\"text\")\n            elif \"alert\" in value:\n                alert_text = value[\"alert\"].get(\"text\")\n            raise exception_class(message, screen, stacktrace, alert_text)  # type: ignore[call-arg]  # mypy is not smart enough here\n>       raise exception_class(message, screen, stacktrace)\nE       selenium.common.exceptions.NoSuchElementException: Message: no such element: Unable to locate element: {\"method\":\"xpath\",\"selector\":\"(//a[@class='add-to-cart yellow-btn'])[1]\"}\nE         (Session info: chrome-headless-shell=127.0.6533.119); For documentation on this error, please visit: https://www.selenium.dev/documentation/webdriver/troubleshooting/errors#no-such-element-exception\nE       Stacktrace:\nE       #0 0x5643b499b6ca <unknown>\nE       #1 0x5643b466c600 <unknown>\nE       #2 0x5643b46bbbcb <unknown>\nE       #3 0x5643b46bbeb1 <unknown>\nE       #4 0x5643b46ffb24 <unknown>\nE       #5 0x5643b46de8cd <unknown>\nE       #6 0x5643b46fd04a <unknown>\nE       #7 0x5643b46de643 <unknown>\nE       #8 0x5643b46aed31 <unknown>\nE       #9 0x5643b46af79e <unknown>\nE       #10 0x5643b496325b <unknown>\nE       #11 0x5643b49671f2 <unknown>\nE       #12 0x5643b4950615 <unknown>\nE       #13 0x5643b4967d82 <unknown>\nE       #14 0x5643b493525f <unknown>\nE       #15 0x5643b498ae68 <unknown>\nE       #16 0x5643b498b040 <unknown>\nE       #17 0x5643b499a49c <unknown>\nE       #18 0x7ffb9d8af134 <unknown>\n\n/usr/local/lib/python3.11/site-packages/selenium/webdriver/remote/errorhandler.py:229: NoSuchElementException","steps":[{"name":"Добавляем товар в корзину в количестве 66","time":{"start":1723770080570,"stop":1723770080587,"duration":17},"status":"broken","statusMessage":"selenium.common.exceptions.NoSuchElementException: Message: no such element: Unable to locate element: {\"method\":\"xpath\",\"selector\":\"(//a[@class='add-to-cart yellow-btn'])[1]\"}\n  (Session info: chrome-headless-shell=127.0.6533.119); For documentation on this error, please visit: https://www.selenium.dev/documentation/webdriver/troubleshooting/errors#no-such-element-exception\nStacktrace:\n#0 0x5643b499b6ca <unknown>\n#1 0x5643b466c600 <unknown>\n#2 0x5643b46bbbcb <unknown>\n#3 0x5643b46bbeb1 <unknown>\n#4 0x5643b46ffb24 <unknown>\n#5 0x5643b46de8cd <unknown>\n#6 0x5643b46fd04a <unknown>\n#7 0x5643b46de643 <unknown>\n#8 0x5643b46aed31 <unknown>\n#9 0x5643b46af79e <unknown>\n#10 0x5643b496325b <unknown>\n#11 0x5643b49671f2 <unknown>\n#12 0x5643b4950615 <unknown>\n#13 0x5643b4967d82 <unknown>\n#14 0x5643b493525f <unknown>\n#15 0x5643b498ae68 <unknown>\n#16 0x5643b498b040 <unknown>\n#17 0x5643b499a49c <unknown>\n#18 0x7ffb9d8af134 <unknown>\n\n","statusTrace":"  File \"/usr/local/lib/python3.11/site-packages/allure_commons/_allure.py\", line 192, in impl\n    return func(*a, **kw)\n           ^^^^^^^^^^^^^^\n  File \"/app/pages/item_page.py\", line 40, in add_item_to_cart\n    self.find_element(self._add_item).click()\n    ^^^^^^^^^^^^^^^^^^^^^^^^^^^^^^^^^\n  File \"/app/base/seleniumbase.py\", line 17, in find_element\n    return self.driver.find_element(*locator)\n           ^^^^^^^^^^^^^^^^^^^^^^^^^^^^^^^^^^\n  File \"/usr/local/lib/python3.11/site-packages/selenium/webdriver/remote/webdriver.py\", line 739, in find_element\n    return self.execute(Command.FIND_ELEMENT, {\"using\": by, \"value\": value})[\"value\"]\n           ^^^^^^^^^^^^^^^^^^^^^^^^^^^^^^^^^^^^^^^^^^^^^^^^^^^^^^^^^^^^^^^^^\n  File \"/usr/local/lib/python3.11/site-packages/selenium/webdriver/remote/webdriver.py\", line 345, in execute\n    self.error_handler.check_response(response)\n  File \"/usr/local/lib/python3.11/site-packages/selenium/webdriver/remote/errorhandler.py\", line 229, in check_response\n    raise exception_class(message, screen, stacktrace)\n","steps":[],"attachments":[],"parameters":[{"name":"amount","value":"66"}],"shouldDisplayMessage":true,"stepsCount":0,"attachmentsCount":0,"hasContent":true,"attachmentStep":false}],"attachments":[{"uid":"54667320811f5e3","name":"Screenshot","source":"54667320811f5e3.png","type":"image/png","size":4720},{"uid":"6097c66c856e80e9","name":"HTML source","source":"6097c66c856e80e9.html","type":"text/html","size":39}],"parameters":[],"shouldDisplayMessage":true,"stepsCount":1,"attachmentsCount":2,"hasContent":true,"attachmentStep":false},"afterStages":[{"name":"setup::0","time":{"start":1723770080688,"stop":1723770080688,"duration":0},"status":"passed","steps":[],"attachments":[],"parameters":[],"shouldDisplayMessage":false,"stepsCount":0,"attachmentsCount":0,"hasContent":false,"attachmentStep":false},{"name":"driver::0","time":{"start":1723770080688,"stop":1723770080749,"duration":61},"status":"passed","steps":[],"attachments":[],"parameters":[],"shouldDisplayMessage":false,"stepsCount":0,"attachmentsCount":0,"hasContent":false,"attachmentStep":false}],"labels":[{"name":"epic","value":"Delivery Page - calculation"},{"name":"tag","value":"smoke_test"},{"name":"tag","value":"@pytest.mark.xfail"},{"name":"parentSuite","value":"tests.delivery"},{"name":"suite","value":"test_delivery_calculation"},{"name":"subSuite","value":"TestDeliveryPageCalculation"},{"name":"host","value":"afd5586de5b2"},{"name":"thread","value":"1-MainThread"},{"name":"framework","value":"pytest"},{"name":"language","value":"cpython3"},{"name":"package","value":"tests.delivery.test_delivery_calculation"},{"name":"resultFormat","value":"allure2"}],"parameters":[{"name":"all_time","value":"3650"},{"name":"amount","value":"66"},{"name":"case_id","value":"'TD 020'"},{"name":"in_time","value":"2990"},{"name":"link_item","value":"'products/shtukaturka-gipsovaya-aksolit-m50-30-kg-mashinnogo-naneseniya'"},{"name":"standard","value":"1500"},{"name":"url","value":"'https://sandboxtest.stroyrem-nn.ru/'"},{"name":"weight","value":"2000"}],"links":[],"hidden":false,"retry":false,"extra":{"severity":"normal","retries":[],"categories":[],"history":{"statistic":{"failed":0,"broken":0,"skipped":79,"passed":0,"unknown":0,"total":79},"items":[{"uid":"9bb81e659447aab6","reportUrl":"https://Nat754.github.io/StroyremAutomation/400//#testresult/9bb81e659447aab6","status":"skipped","statusDetails":"XFAIL\n\nselenium.common.exceptions.NoSuchElementException: Message: no such element: Unable to locate element: {\"method\":\"xpath\",\"selector\":\"(//a[@class='add-to-cart yellow-btn'])[1]\"}\n  (Session info: chrome-headless-shell=127.0.6533.119); For documentation on this error, please visit: https://www.selenium.dev/documentation/webdriver/troubleshooting/errors#no-such-element-exception\nStacktrace:\n#0 0x55b6b0b946ca <unknown>\n#1 0x55b6b0865600 <unknown>\n#2 0x55b6b08b4bcb <unknown>\n#3 0x55b6b08b4eb1 <unknown>\n#4 0x55b6b08f8b24 <unknown>\n#5 0x55b6b08d78cd <unknown>\n#6 0x55b6b08f604a <unknown>\n#7 0x55b6b08d7643 <unknown>\n#8 0x55b6b08a7d31 <unknown>\n#9 0x55b6b08a879e <unknown>\n#10 0x55b6b0b5c25b <unknown>\n#11 0x55b6b0b601f2 <unknown>\n#12 0x55b6b0b49615 <unknown>\n#13 0x55b6b0b60d82 <unknown>\n#14 0x55b6b0b2e25f <unknown>\n#15 0x55b6b0b83e68 <unknown>\n#16 0x55b6b0b84040 <unknown>\n#17 0x55b6b0b9349c <unknown>\n#18 0x7fb64986a134 <unknown>","time":{"start":1723683567276,"stop":1723683567610,"duration":334}},{"uid":"ca60df07af7e4c5f","reportUrl":"https://Nat754.github.io/StroyremAutomation/399//#testresult/ca60df07af7e4c5f","status":"skipped","statusDetails":"XFAIL\n\nselenium.common.exceptions.NoSuchElementException: Message: no such element: Unable to locate element: {\"method\":\"xpath\",\"selector\":\"(//a[@class='add-to-cart yellow-btn'])[1]\"}\n  (Session info: chrome-headless-shell=127.0.6533.119); For documentation on this error, please visit: https://www.selenium.dev/documentation/webdriver/troubleshooting/errors#no-such-element-exception\nStacktrace:\n#0 0x560c4f9296ca <unknown>\n#1 0x560c4f5fa600 <unknown>\n#2 0x560c4f649bcb <unknown>\n#3 0x560c4f649eb1 <unknown>\n#4 0x560c4f68db24 <unknown>\n#5 0x560c4f66c8cd <unknown>\n#6 0x560c4f68b04a <unknown>\n#7 0x560c4f66c643 <unknown>\n#8 0x560c4f63cd31 <unknown>\n#9 0x560c4f63d79e <unknown>\n#10 0x560c4f8f125b <unknown>\n#11 0x560c4f8f51f2 <unknown>\n#12 0x560c4f8de615 <unknown>\n#13 0x560c4f8f5d82 <unknown>\n#14 0x560c4f8c325f <unknown>\n#15 0x560c4f918e68 <unknown>\n#16 0x560c4f919040 <unknown>\n#17 0x560c4f92849c <unknown>\n#18 0x7f454ed59134 <unknown>","time":{"start":1723597298234,"stop":1723597298536,"duration":302}},{"uid":"37f966ebdca9c69","reportUrl":"https://Nat754.github.io/StroyremAutomation/398//#testresult/37f966ebdca9c69","status":"skipped","statusDetails":"XFAIL\n\nselenium.common.exceptions.NoSuchElementException: Message: no such element: Unable to locate element: {\"method\":\"xpath\",\"selector\":\"(//a[@class='add-to-cart yellow-btn'])[1]\"}\n  (Session info: chrome-headless-shell=127.0.6533.99); For documentation on this error, please visit: https://www.selenium.dev/documentation/webdriver/troubleshooting/errors#no-such-element-exception\nStacktrace:\n#0 0x558c2ed386aa <unknown>\n#1 0x558c2ea09600 <unknown>\n#2 0x558c2ea58bcb <unknown>\n#3 0x558c2ea58eb1 <unknown>\n#4 0x558c2ea9cb24 <unknown>\n#5 0x558c2ea7b8cd <unknown>\n#6 0x558c2ea9a04a <unknown>\n#7 0x558c2ea7b643 <unknown>\n#8 0x558c2ea4bd31 <unknown>\n#9 0x558c2ea4c79e <unknown>\n#10 0x558c2ed0023b <unknown>\n#11 0x558c2ed041d2 <unknown>\n#12 0x558c2eced5f5 <unknown>\n#13 0x558c2ed04d62 <unknown>\n#14 0x558c2ecd223f <unknown>\n#15 0x558c2ed27e48 <unknown>\n#16 0x558c2ed28020 <unknown>\n#17 0x558c2ed3747c <unknown>\n#18 0x7f4853590134 <unknown>","time":{"start":1723510998396,"stop":1723510999212,"duration":816}},{"uid":"5bd420770f1d4d40","reportUrl":"https://Nat754.github.io/StroyremAutomation/397//#testresult/5bd420770f1d4d40","status":"skipped","statusDetails":"XFAIL\n\nselenium.common.exceptions.NoSuchElementException: Message: no such element: Unable to locate element: {\"method\":\"xpath\",\"selector\":\"(//a[@class='add-to-cart yellow-btn'])[1]\"}\n  (Session info: chrome-headless-shell=127.0.6533.99); For documentation on this error, please visit: https://www.selenium.dev/documentation/webdriver/troubleshooting/errors#no-such-element-exception\nStacktrace:\n#0 0x55649efd16aa <unknown>\n#1 0x55649eca2600 <unknown>\n#2 0x55649ecf1bcb <unknown>\n#3 0x55649ecf1eb1 <unknown>\n#4 0x55649ed35b24 <unknown>\n#5 0x55649ed148cd <unknown>\n#6 0x55649ed3304a <unknown>\n#7 0x55649ed14643 <unknown>\n#8 0x55649ece4d31 <unknown>\n#9 0x55649ece579e <unknown>\n#10 0x55649ef9923b <unknown>\n#11 0x55649ef9d1d2 <unknown>\n#12 0x55649ef865f5 <unknown>\n#13 0x55649ef9dd62 <unknown>\n#14 0x55649ef6b23f <unknown>\n#15 0x55649efc0e48 <unknown>\n#16 0x55649efc1020 <unknown>\n#17 0x55649efd047c <unknown>\n#18 0x7f216d118134 <unknown>","time":{"start":1723424625704,"stop":1723424626027,"duration":323}},{"uid":"e9b4db24eb69fe3","reportUrl":"https://Nat754.github.io/StroyremAutomation/396//#testresult/e9b4db24eb69fe3","status":"skipped","statusDetails":"XFAIL\n\nselenium.common.exceptions.NoSuchElementException: Message: no such element: Unable to locate element: {\"method\":\"xpath\",\"selector\":\"(//a[@class='add-to-cart yellow-btn'])[1]\"}\n  (Session info: chrome-headless-shell=127.0.6533.99); For documentation on this error, please visit: https://www.selenium.dev/documentation/webdriver/troubleshooting/errors#no-such-element-exception\nStacktrace:\n#0 0x56457df026aa <unknown>\n#1 0x56457dbd3600 <unknown>\n#2 0x56457dc22bcb <unknown>\n#3 0x56457dc22eb1 <unknown>\n#4 0x56457dc66b24 <unknown>\n#5 0x56457dc458cd <unknown>\n#6 0x56457dc6404a <unknown>\n#7 0x56457dc45643 <unknown>\n#8 0x56457dc15d31 <unknown>\n#9 0x56457dc1679e <unknown>\n#10 0x56457deca23b <unknown>\n#11 0x56457dece1d2 <unknown>\n#12 0x56457deb75f5 <unknown>\n#13 0x56457deced62 <unknown>\n#14 0x56457de9c23f <unknown>\n#15 0x56457def1e48 <unknown>\n#16 0x56457def2020 <unknown>\n#17 0x56457df0147c <unknown>\n#18 0x7fb22b5d7134 <unknown>","time":{"start":1723338433126,"stop":1723338433561,"duration":435}},{"uid":"193586e53bc43c0","reportUrl":"https://Nat754.github.io/StroyremAutomation/395//#testresult/193586e53bc43c0","status":"skipped","statusDetails":"XFAIL\n\nselenium.common.exceptions.NoSuchElementException: Message: no such element: Unable to locate element: {\"method\":\"xpath\",\"selector\":\"(//a[@class='add-to-cart yellow-btn'])[1]\"}\n  (Session info: chrome-headless-shell=127.0.6533.99); For documentation on this error, please visit: https://www.selenium.dev/documentation/webdriver/troubleshooting/errors#no-such-element-exception\nStacktrace:\n#0 0x561f980d36aa <unknown>\n#1 0x561f97da4600 <unknown>\n#2 0x561f97df3bcb <unknown>\n#3 0x561f97df3eb1 <unknown>\n#4 0x561f97e37b24 <unknown>\n#5 0x561f97e168cd <unknown>\n#6 0x561f97e3504a <unknown>\n#7 0x561f97e16643 <unknown>\n#8 0x561f97de6d31 <unknown>\n#9 0x561f97de779e <unknown>\n#10 0x561f9809b23b <unknown>\n#11 0x561f9809f1d2 <unknown>\n#12 0x561f980885f5 <unknown>\n#13 0x561f9809fd62 <unknown>\n#14 0x561f9806d23f <unknown>\n#15 0x561f980c2e48 <unknown>\n#16 0x561f980c3020 <unknown>\n#17 0x561f980d247c <unknown>\n#18 0x7f2f55eca134 <unknown>","time":{"start":1723251664289,"stop":1723251664837,"duration":548}},{"uid":"359192acc57b8111","reportUrl":"https://Nat754.github.io/StroyremAutomation/394//#testresult/359192acc57b8111","status":"skipped","statusDetails":"XFAIL\n\nselenium.common.exceptions.NoSuchElementException: Message: no such element: Unable to locate element: {\"method\":\"xpath\",\"selector\":\"(//a[@class='add-to-cart yellow-btn'])[1]\"}\n  (Session info: chrome-headless-shell=127.0.6533.99); For documentation on this error, please visit: https://www.selenium.dev/documentation/webdriver/troubleshooting/errors#no-such-element-exception\nStacktrace:\n#0 0x5557aab826aa <unknown>\n#1 0x5557aa853600 <unknown>\n#2 0x5557aa8a2bcb <unknown>\n#3 0x5557aa8a2eb1 <unknown>\n#4 0x5557aa8e6b24 <unknown>\n#5 0x5557aa8c58cd <unknown>\n#6 0x5557aa8e404a <unknown>\n#7 0x5557aa8c5643 <unknown>\n#8 0x5557aa895d31 <unknown>\n#9 0x5557aa89679e <unknown>\n#10 0x5557aab4a23b <unknown>\n#11 0x5557aab4e1d2 <unknown>\n#12 0x5557aab375f5 <unknown>\n#13 0x5557aab4ed62 <unknown>\n#14 0x5557aab1c23f <unknown>\n#15 0x5557aab71e48 <unknown>\n#16 0x5557aab72020 <unknown>\n#17 0x5557aab8147c <unknown>\n#18 0x7fc33d220134 <unknown>","time":{"start":1723165330253,"stop":1723165330815,"duration":562}},{"uid":"99bf0853463ca3d","reportUrl":"https://Nat754.github.io/StroyremAutomation/393//#testresult/99bf0853463ca3d","status":"skipped","statusDetails":"XFAIL\n\nselenium.common.exceptions.NoSuchElementException: Message: no such element: Unable to locate element: {\"method\":\"xpath\",\"selector\":\"(//a[@class='add-to-cart yellow-btn'])[1]\"}\n  (Session info: chrome-headless-shell=127.0.6533.99); For documentation on this error, please visit: https://www.selenium.dev/documentation/webdriver/troubleshooting/errors#no-such-element-exception\nStacktrace:\n#0 0x55deb38b36aa <unknown>\n#1 0x55deb3584600 <unknown>\n#2 0x55deb35d3bcb <unknown>\n#3 0x55deb35d3eb1 <unknown>\n#4 0x55deb3617b24 <unknown>\n#5 0x55deb35f68cd <unknown>\n#6 0x55deb361504a <unknown>\n#7 0x55deb35f6643 <unknown>\n#8 0x55deb35c6d31 <unknown>\n#9 0x55deb35c779e <unknown>\n#10 0x55deb387b23b <unknown>\n#11 0x55deb387f1d2 <unknown>\n#12 0x55deb38685f5 <unknown>\n#13 0x55deb387fd62 <unknown>\n#14 0x55deb384d23f <unknown>\n#15 0x55deb38a2e48 <unknown>\n#16 0x55deb38a3020 <unknown>\n#17 0x55deb38b247c <unknown>\n#18 0x7f6de8045134 <unknown>","time":{"start":1723078903419,"stop":1723078903726,"duration":307}},{"uid":"8c330c748a7235dd","reportUrl":"https://Nat754.github.io/StroyremAutomation/392//#testresult/8c330c748a7235dd","status":"skipped","statusDetails":"XFAIL\n\nselenium.common.exceptions.NoSuchElementException: Message: no such element: Unable to locate element: {\"method\":\"xpath\",\"selector\":\"(//a[@class='add-to-cart yellow-btn'])[1]\"}\n  (Session info: chrome-headless-shell=127.0.6533.99); For documentation on this error, please visit: https://www.selenium.dev/documentation/webdriver/troubleshooting/errors#no-such-element-exception\nStacktrace:\n#0 0x55c7a37126aa <unknown>\n#1 0x55c7a33e3600 <unknown>\n#2 0x55c7a3432bcb <unknown>\n#3 0x55c7a3432eb1 <unknown>\n#4 0x55c7a3476b24 <unknown>\n#5 0x55c7a34558cd <unknown>\n#6 0x55c7a347404a <unknown>\n#7 0x55c7a3455643 <unknown>\n#8 0x55c7a3425d31 <unknown>\n#9 0x55c7a342679e <unknown>\n#10 0x55c7a36da23b <unknown>\n#11 0x55c7a36de1d2 <unknown>\n#12 0x55c7a36c75f5 <unknown>\n#13 0x55c7a36ded62 <unknown>\n#14 0x55c7a36ac23f <unknown>\n#15 0x55c7a3701e48 <unknown>\n#16 0x55c7a3702020 <unknown>\n#17 0x55c7a371147c <unknown>\n#18 0x7f19641fd134 <unknown>","time":{"start":1722992553068,"stop":1722992553409,"duration":341}},{"uid":"bcdfedf97fa682a3","reportUrl":"https://Nat754.github.io/StroyremAutomation/391//#testresult/bcdfedf97fa682a3","status":"skipped","statusDetails":"XFAIL\n\nselenium.common.exceptions.NoSuchElementException: Message: no such element: Unable to locate element: {\"method\":\"xpath\",\"selector\":\"(//a[@class='add-to-cart yellow-btn'])[1]\"}\n  (Session info: chrome-headless-shell=127.0.6533.88); For documentation on this error, please visit: https://www.selenium.dev/documentation/webdriver/troubleshooting/errors#no-such-element-exception\nStacktrace:\n#0 0x556e2b76071a <unknown>\n#1 0x556e2b431640 <unknown>\n#2 0x556e2b480c0b <unknown>\n#3 0x556e2b480ef1 <unknown>\n#4 0x556e2b4c4b64 <unknown>\n#5 0x556e2b4a390d <unknown>\n#6 0x556e2b4c208a <unknown>\n#7 0x556e2b4a3683 <unknown>\n#8 0x556e2b473d71 <unknown>\n#9 0x556e2b4747de <unknown>\n#10 0x556e2b7282ab <unknown>\n#11 0x556e2b72c242 <unknown>\n#12 0x556e2b715665 <unknown>\n#13 0x556e2b72cdd2 <unknown>\n#14 0x556e2b6fa2af <unknown>\n#15 0x556e2b74feb8 <unknown>\n#16 0x556e2b750090 <unknown>\n#17 0x556e2b75f4ec <unknown>\n#18 0x7f5c15b46134 <unknown>","time":{"start":1722906069467,"stop":1722906069765,"duration":298}},{"uid":"830cb34bd8d0fe8a","reportUrl":"https://Nat754.github.io/StroyremAutomation/390//#testresult/830cb34bd8d0fe8a","status":"skipped","statusDetails":"XFAIL\n\nselenium.common.exceptions.NoSuchElementException: Message: no such element: Unable to locate element: {\"method\":\"xpath\",\"selector\":\"(//a[@class='add-to-cart yellow-btn'])[1]\"}\n  (Session info: chrome-headless-shell=127.0.6533.88); For documentation on this error, please visit: https://www.selenium.dev/documentation/webdriver/troubleshooting/errors#no-such-element-exception\nStacktrace:\n#0 0x555e7c7c271a <unknown>\n#1 0x555e7c493640 <unknown>\n#2 0x555e7c4e2c0b <unknown>\n#3 0x555e7c4e2ef1 <unknown>\n#4 0x555e7c526b64 <unknown>\n#5 0x555e7c50590d <unknown>\n#6 0x555e7c52408a <unknown>\n#7 0x555e7c505683 <unknown>\n#8 0x555e7c4d5d71 <unknown>\n#9 0x555e7c4d67de <unknown>\n#10 0x555e7c78a2ab <unknown>\n#11 0x555e7c78e242 <unknown>\n#12 0x555e7c777665 <unknown>\n#13 0x555e7c78edd2 <unknown>\n#14 0x555e7c75c2af <unknown>\n#15 0x555e7c7b1eb8 <unknown>\n#16 0x555e7c7b2090 <unknown>\n#17 0x555e7c7c14ec <unknown>\n#18 0x7f0d4df34134 <unknown>","time":{"start":1722819777828,"stop":1722819778129,"duration":301}},{"uid":"144c0d5b91a72451","reportUrl":"https://Nat754.github.io/StroyremAutomation/389//#testresult/144c0d5b91a72451","status":"skipped","statusDetails":"XFAIL\n\nselenium.common.exceptions.NoSuchElementException: Message: no such element: Unable to locate element: {\"method\":\"xpath\",\"selector\":\"(//a[@class='add-to-cart yellow-btn'])[1]\"}\n  (Session info: chrome-headless-shell=127.0.6533.88); For documentation on this error, please visit: https://www.selenium.dev/documentation/webdriver/troubleshooting/errors#no-such-element-exception\nStacktrace:\n#0 0x559f9253571a <unknown>\n#1 0x559f92206640 <unknown>\n#2 0x559f92255c0b <unknown>\n#3 0x559f92255ef1 <unknown>\n#4 0x559f92299b64 <unknown>\n#5 0x559f9227890d <unknown>\n#6 0x559f9229708a <unknown>\n#7 0x559f92278683 <unknown>\n#8 0x559f92248d71 <unknown>\n#9 0x559f922497de <unknown>\n#10 0x559f924fd2ab <unknown>\n#11 0x559f92501242 <unknown>\n#12 0x559f924ea665 <unknown>\n#13 0x559f92501dd2 <unknown>\n#14 0x559f924cf2af <unknown>\n#15 0x559f92524eb8 <unknown>\n#16 0x559f92525090 <unknown>\n#17 0x559f925344ec <unknown>\n#18 0x7f7106856134 <unknown>","time":{"start":1722733555550,"stop":1722733556164,"duration":614}},{"uid":"3e28816087473ea7","reportUrl":"https://Nat754.github.io/StroyremAutomation/388//#testresult/3e28816087473ea7","status":"skipped","statusDetails":"XFAIL\n\nselenium.common.exceptions.NoSuchElementException: Message: no such element: Unable to locate element: {\"method\":\"xpath\",\"selector\":\"(//a[@class='add-to-cart yellow-btn'])[1]\"}\n  (Session info: chrome-headless-shell=127.0.6533.88); For documentation on this error, please visit: https://www.selenium.dev/documentation/webdriver/troubleshooting/errors#no-such-element-exception\nStacktrace:\n#0 0x556f5f60d71a <unknown>\n#1 0x556f5f2de640 <unknown>\n#2 0x556f5f32dc0b <unknown>\n#3 0x556f5f32def1 <unknown>\n#4 0x556f5f371b64 <unknown>\n#5 0x556f5f35090d <unknown>\n#6 0x556f5f36f08a <unknown>\n#7 0x556f5f350683 <unknown>\n#8 0x556f5f320d71 <unknown>\n#9 0x556f5f3217de <unknown>\n#10 0x556f5f5d52ab <unknown>\n#11 0x556f5f5d9242 <unknown>\n#12 0x556f5f5c2665 <unknown>\n#13 0x556f5f5d9dd2 <unknown>\n#14 0x556f5f5a72af <unknown>\n#15 0x556f5f5fceb8 <unknown>\n#16 0x556f5f5fd090 <unknown>\n#17 0x556f5f60c4ec <unknown>\n#18 0x7fcc5e175134 <unknown>","time":{"start":1722646858148,"stop":1722646858576,"duration":428}},{"uid":"26a2fdc202af58d6","reportUrl":"https://Nat754.github.io/StroyremAutomation/387//#testresult/26a2fdc202af58d6","status":"skipped","statusDetails":"XFAIL\n\nselenium.common.exceptions.NoSuchElementException: Message: no such element: Unable to locate element: {\"method\":\"xpath\",\"selector\":\"(//a[@class='add-to-cart yellow-btn'])[1]\"}\n  (Session info: chrome-headless-shell=127.0.6533.88); For documentation on this error, please visit: https://www.selenium.dev/documentation/webdriver/troubleshooting/errors#no-such-element-exception\nStacktrace:\n#0 0x55717bad471a <unknown>\n#1 0x55717b7a5640 <unknown>\n#2 0x55717b7f4c0b <unknown>\n#3 0x55717b7f4ef1 <unknown>\n#4 0x55717b838b64 <unknown>\n#5 0x55717b81790d <unknown>\n#6 0x55717b83608a <unknown>\n#7 0x55717b817683 <unknown>\n#8 0x55717b7e7d71 <unknown>\n#9 0x55717b7e87de <unknown>\n#10 0x55717ba9c2ab <unknown>\n#11 0x55717baa0242 <unknown>\n#12 0x55717ba89665 <unknown>\n#13 0x55717baa0dd2 <unknown>\n#14 0x55717ba6e2af <unknown>\n#15 0x55717bac3eb8 <unknown>\n#16 0x55717bac4090 <unknown>\n#17 0x55717bad34ec <unknown>\n#18 0x7fe01fc40134 <unknown>","time":{"start":1722560440975,"stop":1722560441377,"duration":402}},{"uid":"5796a3dab4013926","reportUrl":"https://Nat754.github.io/StroyremAutomation/386//#testresult/5796a3dab4013926","status":"skipped","statusDetails":"XFAIL\n\nselenium.common.exceptions.NoSuchElementException: Message: no such element: Unable to locate element: {\"method\":\"xpath\",\"selector\":\"(//a[@class='add-to-cart yellow-btn'])[1]\"}\n  (Session info: chrome-headless-shell=127.0.6533.88); For documentation on this error, please visit: https://www.selenium.dev/documentation/webdriver/troubleshooting/errors#no-such-element-exception\nStacktrace:\n#0 0x558f3c4a871a <unknown>\n#1 0x558f3c179640 <unknown>\n#2 0x558f3c1c8c0b <unknown>\n#3 0x558f3c1c8ef1 <unknown>\n#4 0x558f3c20cb64 <unknown>\n#5 0x558f3c1eb90d <unknown>\n#6 0x558f3c20a08a <unknown>\n#7 0x558f3c1eb683 <unknown>\n#8 0x558f3c1bbd71 <unknown>\n#9 0x558f3c1bc7de <unknown>\n#10 0x558f3c4702ab <unknown>\n#11 0x558f3c474242 <unknown>\n#12 0x558f3c45d665 <unknown>\n#13 0x558f3c474dd2 <unknown>\n#14 0x558f3c4422af <unknown>\n#15 0x558f3c497eb8 <unknown>\n#16 0x558f3c498090 <unknown>\n#17 0x558f3c4a74ec <unknown>\n#18 0x7fc7827e3134 <unknown>","time":{"start":1722474346357,"stop":1722474346685,"duration":328}},{"uid":"1485a1bbec1cafd7","reportUrl":"https://Nat754.github.io/StroyremAutomation/385//#testresult/1485a1bbec1cafd7","status":"skipped","statusDetails":"XFAIL\n\nselenium.common.exceptions.NoSuchElementException: Message: no such element: Unable to locate element: {\"method\":\"xpath\",\"selector\":\"(//a[@class='add-to-cart yellow-btn'])[1]\"}\n  (Session info: chrome-headless-shell=127.0.6533.88); For documentation on this error, please visit: https://www.selenium.dev/documentation/webdriver/troubleshooting/errors#no-such-element-exception\nStacktrace:\n#0 0x55fd1df2871a <unknown>\n#1 0x55fd1dbf9640 <unknown>\n#2 0x55fd1dc48c0b <unknown>\n#3 0x55fd1dc48ef1 <unknown>\n#4 0x55fd1dc8cb64 <unknown>\n#5 0x55fd1dc6b90d <unknown>\n#6 0x55fd1dc8a08a <unknown>\n#7 0x55fd1dc6b683 <unknown>\n#8 0x55fd1dc3bd71 <unknown>\n#9 0x55fd1dc3c7de <unknown>\n#10 0x55fd1def02ab <unknown>\n#11 0x55fd1def4242 <unknown>\n#12 0x55fd1dedd665 <unknown>\n#13 0x55fd1def4dd2 <unknown>\n#14 0x55fd1dec22af <unknown>\n#15 0x55fd1df17eb8 <unknown>\n#16 0x55fd1df18090 <unknown>\n#17 0x55fd1df274ec <unknown>\n#18 0x7f0bf9c87134 <unknown>","time":{"start":1722387041037,"stop":1722387041346,"duration":309}},{"uid":"1fb530be368eb915","reportUrl":"https://Nat754.github.io/StroyremAutomation/384//#testresult/1fb530be368eb915","status":"skipped","statusDetails":"XFAIL\n\nselenium.common.exceptions.NoSuchElementException: Message: no such element: Unable to locate element: {\"method\":\"xpath\",\"selector\":\"(//a[@class='add-to-cart yellow-btn'])[1]\"}\n  (Session info: chrome-headless-shell=127.0.6533.72); For documentation on this error, please visit: https://www.selenium.dev/documentation/webdriver/troubleshooting/errors#no-such-element-exception\nStacktrace:\n#0 0x55b33d4bf6ba <unknown>\n#1 0x55b33d18f730 <unknown>\n#2 0x55b33d1ded9b <unknown>\n#3 0x55b33d1df081 <unknown>\n#4 0x55b33d222cd4 <unknown>\n#5 0x55b33d201a7d <unknown>\n#6 0x55b33d2201ca <unknown>\n#7 0x55b33d2017f3 <unknown>\n#8 0x55b33d1d1ec9 <unknown>\n#9 0x55b33d1d291e <unknown>\n#10 0x55b33d4859eb <unknown>\n#11 0x55b33d489972 <unknown>\n#12 0x55b33d472e15 <unknown>\n#13 0x55b33d48a502 <unknown>\n#14 0x55b33d457d2f <unknown>\n#15 0x55b33d4ae578 <unknown>\n#16 0x55b33d4ae750 <unknown>\n#17 0x55b33d4be48c <unknown>\n#18 0x7f3a0ff32134 <unknown>","time":{"start":1722301226228,"stop":1722301226534,"duration":306}},{"uid":"ac0d353fc5d3d355","reportUrl":"https://Nat754.github.io/StroyremAutomation/383//#testresult/ac0d353fc5d3d355","status":"skipped","statusDetails":"XFAIL\n\nselenium.common.exceptions.NoSuchElementException: Message: no such element: Unable to locate element: {\"method\":\"xpath\",\"selector\":\"(//a[@class='add-to-cart yellow-btn'])[1]\"}\n  (Session info: chrome-headless-shell=127.0.6533.72); For documentation on this error, please visit: https://www.selenium.dev/documentation/webdriver/troubleshooting/errors#no-such-element-exception\nStacktrace:\n#0 0x564f92b9f6ba <unknown>\n#1 0x564f9286f730 <unknown>\n#2 0x564f928bed9b <unknown>\n#3 0x564f928bf081 <unknown>\n#4 0x564f92902cd4 <unknown>\n#5 0x564f928e1a7d <unknown>\n#6 0x564f929001ca <unknown>\n#7 0x564f928e17f3 <unknown>\n#8 0x564f928b1ec9 <unknown>\n#9 0x564f928b291e <unknown>\n#10 0x564f92b659eb <unknown>\n#11 0x564f92b69972 <unknown>\n#12 0x564f92b52e15 <unknown>\n#13 0x564f92b6a502 <unknown>\n#14 0x564f92b37d2f <unknown>\n#15 0x564f92b8e578 <unknown>\n#16 0x564f92b8e750 <unknown>\n#17 0x564f92b9e48c <unknown>\n#18 0x7fcfd75fe134 <unknown>","time":{"start":1722214919875,"stop":1722214920180,"duration":305}},{"uid":"d0f342a67345508e","reportUrl":"https://Nat754.github.io/StroyremAutomation/382//#testresult/d0f342a67345508e","status":"skipped","statusDetails":"XFAIL\n\nselenium.common.exceptions.NoSuchElementException: Message: no such element: Unable to locate element: {\"method\":\"xpath\",\"selector\":\"(//a[@class='add-to-cart yellow-btn'])[1]\"}\n  (Session info: chrome-headless-shell=127.0.6533.72); For documentation on this error, please visit: https://www.selenium.dev/documentation/webdriver/troubleshooting/errors#no-such-element-exception\nStacktrace:\n#0 0x560bfefbe6ba <unknown>\n#1 0x560bfec8e730 <unknown>\n#2 0x560bfecddd9b <unknown>\n#3 0x560bfecde081 <unknown>\n#4 0x560bfed21cd4 <unknown>\n#5 0x560bfed00a7d <unknown>\n#6 0x560bfed1f1ca <unknown>\n#7 0x560bfed007f3 <unknown>\n#8 0x560bfecd0ec9 <unknown>\n#9 0x560bfecd191e <unknown>\n#10 0x560bfef849eb <unknown>\n#11 0x560bfef88972 <unknown>\n#12 0x560bfef71e15 <unknown>\n#13 0x560bfef89502 <unknown>\n#14 0x560bfef56d2f <unknown>\n#15 0x560bfefad578 <unknown>\n#16 0x560bfefad750 <unknown>\n#17 0x560bfefbd48c <unknown>\n#18 0x7eff8b4b0134 <unknown>","time":{"start":1722128714148,"stop":1722128714486,"duration":338}},{"uid":"f89a763bd64ecd92","reportUrl":"https://Nat754.github.io/StroyremAutomation/381//#testresult/f89a763bd64ecd92","status":"skipped","statusDetails":"XFAIL\n\nselenium.common.exceptions.NoSuchElementException: Message: no such element: Unable to locate element: {\"method\":\"xpath\",\"selector\":\"(//a[@class='add-to-cart yellow-btn'])[1]\"}\n  (Session info: chrome-headless-shell=127.0.6533.72); For documentation on this error, please visit: https://www.selenium.dev/documentation/webdriver/troubleshooting/errors#no-such-element-exception\nStacktrace:\n#0 0x5620e33116ba <unknown>\n#1 0x5620e2fe1730 <unknown>\n#2 0x5620e3030d9b <unknown>\n#3 0x5620e3031081 <unknown>\n#4 0x5620e3074cd4 <unknown>\n#5 0x5620e3053a7d <unknown>\n#6 0x5620e30721ca <unknown>\n#7 0x5620e30537f3 <unknown>\n#8 0x5620e3023ec9 <unknown>\n#9 0x5620e302491e <unknown>\n#10 0x5620e32d79eb <unknown>\n#11 0x5620e32db972 <unknown>\n#12 0x5620e32c4e15 <unknown>\n#13 0x5620e32dc502 <unknown>\n#14 0x5620e32a9d2f <unknown>\n#15 0x5620e3300578 <unknown>\n#16 0x5620e3300750 <unknown>\n#17 0x5620e331048c <unknown>\n#18 0x7fee356aa134 <unknown>","time":{"start":1722041982061,"stop":1722041982369,"duration":308}}]},"tags":["@pytest.mark.xfail","smoke_test"]},"source":"2c60495f86e31e36.json","parameterValues":["3650","66","'TD 020'","2990","'products/shtukaturka-gipsovaya-aksolit-m50-30-kg-mashinnogo-naneseniya'","1500","'https://sandboxtest.stroyrem-nn.ru/'","2000"]}