{"uid":"790dd83a1a95d753","name":"test_positive_delivery_green_zone_smoke[TD 008-products/shtukaturka-gipsovaya-aksolit-m50-30-kg-mashinnogo-naneseniya-149-4500-2300-3980-4490-https://sandboxtest.stroyrem-nn.ru/]","fullName":"tests.delivery.test_delivery_calculation.TestDeliveryPageCalculation#test_positive_delivery_green_zone_smoke","historyId":"a6e4f8846394d8afbfad6037346de2a8","time":{"start":1713487980958,"stop":1713487981571,"duration":613},"status":"skipped","statusMessage":"XFAIL\n\nselenium.common.exceptions.NoSuchElementException: Message: no such element: Unable to locate element: {\"method\":\"xpath\",\"selector\":\"(//a[@class='add-to-cart yellow-btn'])[1]\"}\n  (Session info: chrome-headless-shell=123.0.6312.122); For documentation on this error, please visit: https://www.selenium.dev/documentation/webdriver/troubleshooting/errors#no-such-element-exception\nStacktrace:\n#0 0x5563cee0a863 <unknown>\n#1 0x5563ceb008c6 <unknown>\n#2 0x5563ceb4b618 <unknown>\n#3 0x5563ceb4b6d1 <unknown>\n#4 0x5563ceb8e744 <unknown>\n#5 0x5563ceb6d5cd <unknown>\n#6 0x5563ceb8bc19 <unknown>\n#7 0x5563ceb6d343 <unknown>\n#8 0x5563ceb3e593 <unknown>\n#9 0x5563ceb3ef5e <unknown>\n#10 0x5563cedce84b <unknown>\n#11 0x5563cedd27a5 <unknown>\n#12 0x5563cedbc571 <unknown>\n#13 0x5563cedd3332 <unknown>\n#14 0x5563ceda187f <unknown>\n#15 0x5563cedf9728 <unknown>\n#16 0x5563cedf98fb <unknown>\n#17 0x5563cee099b4 <unknown>\n#18 0x7fbfb4420134 <unknown>","statusTrace":"self = <tests.delivery.test_delivery_calculation.TestDeliveryPageCalculation object at 0x7f448f835890>\ndriver = <selenium.webdriver.chrome.webdriver.WebDriver (session=\"6dc584e8b23bd26e1f34ecb43d305d71\")>\nurl = 'https://sandboxtest.stroyrem-nn.ru/', case_id = 'TD 008'\nlink_item = 'products/shtukaturka-gipsovaya-aksolit-m50-30-kg-mashinnogo-naneseniya'\namount = 149, weight = 4500, standard = 2300, in_time = 3980, all_time = 4490\n\n    @pytest.mark.parametrize('case_id, link_item, amount, weight, standard, in_time, all_time', [\n        (\"TD 001\", uroven_3000, 1, 30, 0, 1590, 2190),\n        (\"TD 002\", bundeks_25, 1, 30, 400, 1590, 2190),\n        (\"TD 003\", aksolit_30, 8, 300, 400, 1590, 2190),\n        (\"TD 004\", aksolit_30, 13, 400, 450, 1590, 2190),\n        (\"TD 005\", aksolit_30, 16, 500, 600, 1590, 2190),\n        (\"TD 006\", aksolit_30, 25, 1700, 990, 1990, 2480),\n        (\"TD 007\", aksolit_30, 66, 2000, 1300, 2490, 2980),\n        (\"TD 008\", aksolit_30, 149, 4500, 2300, 3980, 4490),\n        (\"TD 009\", aksolit_30, 166, 5000, 2500, 4990, 5480),\n        pytest.param(\n            \"TD 010\", aksolit_30, 206, 6200, 2900, 5570, 6120,\n            marks=pytest.mark.xfail(reson=\"Цена доставки 3600 7960 8980\")\n        ),\n        (\"TD 011\", aksolit_30, 299, 9000, 3600, 7960, 8980),\n        (\"TD 012\", aksolit_30, 333, 10000, 4450, 11990, 12500),\n        pytest.param(\n            \"TD 013\", aksolit_30, 366, 11000, 4800, 12450, 13480,\n            marks=pytest.mark.xfail(reason=\"Цена стандартной доставки 4450\")\n        ),\n        pytest.param(\n            \"TD 014\", aksolit_30, 666, 20000, 5400, 15600, 17490,\n            marks=pytest.mark.xfail(reason=\"Цена стандартной доставки 4450\")\n        )\n    ])\n    @pytest.mark.xfail\n    @pytest.mark.smoke_test\n    def test_positive_delivery_green_zone_smoke(\n            self, driver, url, case_id, link_item, amount, weight, standard, in_time, all_time\n    ):\n    \n        driver.get(f'{url}{link_item}')\n        item_page = ItemPage(driver)\n>       item_page.add_item_to_cart(amount).click_on_cart()\n\ntests/delivery/test_delivery_calculation.py:50: \n_ _ _ _ _ _ _ _ _ _ _ _ _ _ _ _ _ _ _ _ _ _ _ _ _ _ _ _ _ _ _ _ _ _ _ _ _ _ _ _ \npages/item_page.py:40: in add_item_to_cart\n    self.find_element(self._add_item).click()\nbase/seleniumbase.py:17: in find_element\n    return self.driver.find_element(*locator)\n/usr/local/lib/python3.11/site-packages/selenium/webdriver/remote/webdriver.py:739: in find_element\n    return self.execute(Command.FIND_ELEMENT, {\"using\": by, \"value\": value})[\"value\"]\n/usr/local/lib/python3.11/site-packages/selenium/webdriver/remote/webdriver.py:345: in execute\n    self.error_handler.check_response(response)\n_ _ _ _ _ _ _ _ _ _ _ _ _ _ _ _ _ _ _ _ _ _ _ _ _ _ _ _ _ _ _ _ _ _ _ _ _ _ _ _ \n\nself = <selenium.webdriver.remote.errorhandler.ErrorHandler object at 0x7f448f5b2850>\nresponse = {'status': 404, 'value': '{\"value\":{\"error\":\"no such element\",\"message\":\"no such element: Unable to locate element: {\\...\\\\n#16 0x5563cedf98fb \\\\u003Cunknown>\\\\n#17 0x5563cee099b4 \\\\u003Cunknown>\\\\n#18 0x7fbfb4420134 \\\\u003Cunknown>\\\\n\"}}'}\n\n    def check_response(self, response: Dict[str, Any]) -> None:\n        \"\"\"Checks that a JSON response from the WebDriver does not have an\n        error.\n    \n        :Args:\n         - response - The JSON response from the WebDriver server as a dictionary\n           object.\n    \n        :Raises: If the response contains an error message.\n        \"\"\"\n        status = response.get(\"status\", None)\n        if not status or status == ErrorCode.SUCCESS:\n            return\n        value = None\n        message = response.get(\"message\", \"\")\n        screen: str = response.get(\"screen\", \"\")\n        stacktrace = None\n        if isinstance(status, int):\n            value_json = response.get(\"value\", None)\n            if value_json and isinstance(value_json, str):\n                import json\n    \n                try:\n                    value = json.loads(value_json)\n                    if len(value) == 1:\n                        value = value[\"value\"]\n                    status = value.get(\"error\", None)\n                    if not status:\n                        status = value.get(\"status\", ErrorCode.UNKNOWN_ERROR)\n                        message = value.get(\"value\") or value.get(\"message\")\n                        if not isinstance(message, str):\n                            value = message\n                            message = message.get(\"message\")\n                    else:\n                        message = value.get(\"message\", None)\n                except ValueError:\n                    pass\n    \n        exception_class: Type[WebDriverException]\n        e = ErrorCode()\n        error_codes = [item for item in dir(e) if not item.startswith(\"__\")]\n        for error_code in error_codes:\n            error_info = getattr(ErrorCode, error_code)\n            if isinstance(error_info, list) and status in error_info:\n                exception_class = getattr(ExceptionMapping, error_code, WebDriverException)\n                break\n        else:\n            exception_class = WebDriverException\n    \n        if not value:\n            value = response[\"value\"]\n        if isinstance(value, str):\n            raise exception_class(value)\n        if message == \"\" and \"message\" in value:\n            message = value[\"message\"]\n    \n        screen = None  # type: ignore[assignment]\n        if \"screen\" in value:\n            screen = value[\"screen\"]\n    \n        stacktrace = None\n        st_value = value.get(\"stackTrace\") or value.get(\"stacktrace\")\n        if st_value:\n            if isinstance(st_value, str):\n                stacktrace = st_value.split(\"\\n\")\n            else:\n                stacktrace = []\n                try:\n                    for frame in st_value:\n                        line = frame.get(\"lineNumber\", \"\")\n                        file = frame.get(\"fileName\", \"<anonymous>\")\n                        if line:\n                            file = f\"{file}:{line}\"\n                        meth = frame.get(\"methodName\", \"<anonymous>\")\n                        if \"className\" in frame:\n                            meth = f\"{frame['className']}.{meth}\"\n                        msg = \"    at %s (%s)\"\n                        msg = msg % (meth, file)\n                        stacktrace.append(msg)\n                except TypeError:\n                    pass\n        if exception_class == UnexpectedAlertPresentException:\n            alert_text = None\n            if \"data\" in value:\n                alert_text = value[\"data\"].get(\"text\")\n            elif \"alert\" in value:\n                alert_text = value[\"alert\"].get(\"text\")\n            raise exception_class(message, screen, stacktrace, alert_text)  # type: ignore[call-arg]  # mypy is not smart enough here\n>       raise exception_class(message, screen, stacktrace)\nE       selenium.common.exceptions.NoSuchElementException: Message: no such element: Unable to locate element: {\"method\":\"xpath\",\"selector\":\"(//a[@class='add-to-cart yellow-btn'])[1]\"}\nE         (Session info: chrome-headless-shell=123.0.6312.122); For documentation on this error, please visit: https://www.selenium.dev/documentation/webdriver/troubleshooting/errors#no-such-element-exception\nE       Stacktrace:\nE       #0 0x5563cee0a863 <unknown>\nE       #1 0x5563ceb008c6 <unknown>\nE       #2 0x5563ceb4b618 <unknown>\nE       #3 0x5563ceb4b6d1 <unknown>\nE       #4 0x5563ceb8e744 <unknown>\nE       #5 0x5563ceb6d5cd <unknown>\nE       #6 0x5563ceb8bc19 <unknown>\nE       #7 0x5563ceb6d343 <unknown>\nE       #8 0x5563ceb3e593 <unknown>\nE       #9 0x5563ceb3ef5e <unknown>\nE       #10 0x5563cedce84b <unknown>\nE       #11 0x5563cedd27a5 <unknown>\nE       #12 0x5563cedbc571 <unknown>\nE       #13 0x5563cedd3332 <unknown>\nE       #14 0x5563ceda187f <unknown>\nE       #15 0x5563cedf9728 <unknown>\nE       #16 0x5563cedf98fb <unknown>\nE       #17 0x5563cee099b4 <unknown>\nE       #18 0x7fbfb4420134 <unknown>\n\n/usr/local/lib/python3.11/site-packages/selenium/webdriver/remote/errorhandler.py:229: NoSuchElementException","flaky":false,"newFailed":false,"newBroken":false,"newPassed":false,"retriesCount":0,"retriesStatusChange":false,"beforeStages":[{"name":"_session_faker","time":{"start":1713487765110,"stop":1713487765178,"duration":68},"status":"passed","steps":[],"attachments":[],"parameters":[],"shouldDisplayMessage":false,"stepsCount":0,"attachmentsCount":0,"hasContent":false,"attachmentStep":false},{"name":"clear_allure_results_folder","time":{"start":1713487765178,"stop":1713487765178,"duration":0},"status":"passed","steps":[],"attachments":[],"parameters":[],"shouldDisplayMessage":false,"stepsCount":0,"attachmentsCount":0,"hasContent":false,"attachmentStep":false},{"name":"driver","time":{"start":1713487980174,"stop":1713487980957,"duration":783},"status":"passed","steps":[],"attachments":[],"parameters":[],"shouldDisplayMessage":false,"stepsCount":0,"attachmentsCount":0,"hasContent":false,"attachmentStep":false},{"name":"setup","time":{"start":1713487980957,"stop":1713487980957,"duration":0},"status":"passed","steps":[],"attachments":[],"parameters":[],"shouldDisplayMessage":false,"stepsCount":0,"attachmentsCount":0,"hasContent":false,"attachmentStep":false}],"testStage":{"status":"skipped","statusMessage":"XFAIL\n\nselenium.common.exceptions.NoSuchElementException: Message: no such element: Unable to locate element: {\"method\":\"xpath\",\"selector\":\"(//a[@class='add-to-cart yellow-btn'])[1]\"}\n  (Session info: chrome-headless-shell=123.0.6312.122); For documentation on this error, please visit: https://www.selenium.dev/documentation/webdriver/troubleshooting/errors#no-such-element-exception\nStacktrace:\n#0 0x5563cee0a863 <unknown>\n#1 0x5563ceb008c6 <unknown>\n#2 0x5563ceb4b618 <unknown>\n#3 0x5563ceb4b6d1 <unknown>\n#4 0x5563ceb8e744 <unknown>\n#5 0x5563ceb6d5cd <unknown>\n#6 0x5563ceb8bc19 <unknown>\n#7 0x5563ceb6d343 <unknown>\n#8 0x5563ceb3e593 <unknown>\n#9 0x5563ceb3ef5e <unknown>\n#10 0x5563cedce84b <unknown>\n#11 0x5563cedd27a5 <unknown>\n#12 0x5563cedbc571 <unknown>\n#13 0x5563cedd3332 <unknown>\n#14 0x5563ceda187f <unknown>\n#15 0x5563cedf9728 <unknown>\n#16 0x5563cedf98fb <unknown>\n#17 0x5563cee099b4 <unknown>\n#18 0x7fbfb4420134 <unknown>","statusTrace":"self = <tests.delivery.test_delivery_calculation.TestDeliveryPageCalculation object at 0x7f448f835890>\ndriver = <selenium.webdriver.chrome.webdriver.WebDriver (session=\"6dc584e8b23bd26e1f34ecb43d305d71\")>\nurl = 'https://sandboxtest.stroyrem-nn.ru/', case_id = 'TD 008'\nlink_item = 'products/shtukaturka-gipsovaya-aksolit-m50-30-kg-mashinnogo-naneseniya'\namount = 149, weight = 4500, standard = 2300, in_time = 3980, all_time = 4490\n\n    @pytest.mark.parametrize('case_id, link_item, amount, weight, standard, in_time, all_time', [\n        (\"TD 001\", uroven_3000, 1, 30, 0, 1590, 2190),\n        (\"TD 002\", bundeks_25, 1, 30, 400, 1590, 2190),\n        (\"TD 003\", aksolit_30, 8, 300, 400, 1590, 2190),\n        (\"TD 004\", aksolit_30, 13, 400, 450, 1590, 2190),\n        (\"TD 005\", aksolit_30, 16, 500, 600, 1590, 2190),\n        (\"TD 006\", aksolit_30, 25, 1700, 990, 1990, 2480),\n        (\"TD 007\", aksolit_30, 66, 2000, 1300, 2490, 2980),\n        (\"TD 008\", aksolit_30, 149, 4500, 2300, 3980, 4490),\n        (\"TD 009\", aksolit_30, 166, 5000, 2500, 4990, 5480),\n        pytest.param(\n            \"TD 010\", aksolit_30, 206, 6200, 2900, 5570, 6120,\n            marks=pytest.mark.xfail(reson=\"Цена доставки 3600 7960 8980\")\n        ),\n        (\"TD 011\", aksolit_30, 299, 9000, 3600, 7960, 8980),\n        (\"TD 012\", aksolit_30, 333, 10000, 4450, 11990, 12500),\n        pytest.param(\n            \"TD 013\", aksolit_30, 366, 11000, 4800, 12450, 13480,\n            marks=pytest.mark.xfail(reason=\"Цена стандартной доставки 4450\")\n        ),\n        pytest.param(\n            \"TD 014\", aksolit_30, 666, 20000, 5400, 15600, 17490,\n            marks=pytest.mark.xfail(reason=\"Цена стандартной доставки 4450\")\n        )\n    ])\n    @pytest.mark.xfail\n    @pytest.mark.smoke_test\n    def test_positive_delivery_green_zone_smoke(\n            self, driver, url, case_id, link_item, amount, weight, standard, in_time, all_time\n    ):\n    \n        driver.get(f'{url}{link_item}')\n        item_page = ItemPage(driver)\n>       item_page.add_item_to_cart(amount).click_on_cart()\n\ntests/delivery/test_delivery_calculation.py:50: \n_ _ _ _ _ _ _ _ _ _ _ _ _ _ _ _ _ _ _ _ _ _ _ _ _ _ _ _ _ _ _ _ _ _ _ _ _ _ _ _ \npages/item_page.py:40: in add_item_to_cart\n    self.find_element(self._add_item).click()\nbase/seleniumbase.py:17: in find_element\n    return self.driver.find_element(*locator)\n/usr/local/lib/python3.11/site-packages/selenium/webdriver/remote/webdriver.py:739: in find_element\n    return self.execute(Command.FIND_ELEMENT, {\"using\": by, \"value\": value})[\"value\"]\n/usr/local/lib/python3.11/site-packages/selenium/webdriver/remote/webdriver.py:345: in execute\n    self.error_handler.check_response(response)\n_ _ _ _ _ _ _ _ _ _ _ _ _ _ _ _ _ _ _ _ _ _ _ _ _ _ _ _ _ _ _ _ _ _ _ _ _ _ _ _ \n\nself = <selenium.webdriver.remote.errorhandler.ErrorHandler object at 0x7f448f5b2850>\nresponse = {'status': 404, 'value': '{\"value\":{\"error\":\"no such element\",\"message\":\"no such element: Unable to locate element: {\\...\\\\n#16 0x5563cedf98fb \\\\u003Cunknown>\\\\n#17 0x5563cee099b4 \\\\u003Cunknown>\\\\n#18 0x7fbfb4420134 \\\\u003Cunknown>\\\\n\"}}'}\n\n    def check_response(self, response: Dict[str, Any]) -> None:\n        \"\"\"Checks that a JSON response from the WebDriver does not have an\n        error.\n    \n        :Args:\n         - response - The JSON response from the WebDriver server as a dictionary\n           object.\n    \n        :Raises: If the response contains an error message.\n        \"\"\"\n        status = response.get(\"status\", None)\n        if not status or status == ErrorCode.SUCCESS:\n            return\n        value = None\n        message = response.get(\"message\", \"\")\n        screen: str = response.get(\"screen\", \"\")\n        stacktrace = None\n        if isinstance(status, int):\n            value_json = response.get(\"value\", None)\n            if value_json and isinstance(value_json, str):\n                import json\n    \n                try:\n                    value = json.loads(value_json)\n                    if len(value) == 1:\n                        value = value[\"value\"]\n                    status = value.get(\"error\", None)\n                    if not status:\n                        status = value.get(\"status\", ErrorCode.UNKNOWN_ERROR)\n                        message = value.get(\"value\") or value.get(\"message\")\n                        if not isinstance(message, str):\n                            value = message\n                            message = message.get(\"message\")\n                    else:\n                        message = value.get(\"message\", None)\n                except ValueError:\n                    pass\n    \n        exception_class: Type[WebDriverException]\n        e = ErrorCode()\n        error_codes = [item for item in dir(e) if not item.startswith(\"__\")]\n        for error_code in error_codes:\n            error_info = getattr(ErrorCode, error_code)\n            if isinstance(error_info, list) and status in error_info:\n                exception_class = getattr(ExceptionMapping, error_code, WebDriverException)\n                break\n        else:\n            exception_class = WebDriverException\n    \n        if not value:\n            value = response[\"value\"]\n        if isinstance(value, str):\n            raise exception_class(value)\n        if message == \"\" and \"message\" in value:\n            message = value[\"message\"]\n    \n        screen = None  # type: ignore[assignment]\n        if \"screen\" in value:\n            screen = value[\"screen\"]\n    \n        stacktrace = None\n        st_value = value.get(\"stackTrace\") or value.get(\"stacktrace\")\n        if st_value:\n            if isinstance(st_value, str):\n                stacktrace = st_value.split(\"\\n\")\n            else:\n                stacktrace = []\n                try:\n                    for frame in st_value:\n                        line = frame.get(\"lineNumber\", \"\")\n                        file = frame.get(\"fileName\", \"<anonymous>\")\n                        if line:\n                            file = f\"{file}:{line}\"\n                        meth = frame.get(\"methodName\", \"<anonymous>\")\n                        if \"className\" in frame:\n                            meth = f\"{frame['className']}.{meth}\"\n                        msg = \"    at %s (%s)\"\n                        msg = msg % (meth, file)\n                        stacktrace.append(msg)\n                except TypeError:\n                    pass\n        if exception_class == UnexpectedAlertPresentException:\n            alert_text = None\n            if \"data\" in value:\n                alert_text = value[\"data\"].get(\"text\")\n            elif \"alert\" in value:\n                alert_text = value[\"alert\"].get(\"text\")\n            raise exception_class(message, screen, stacktrace, alert_text)  # type: ignore[call-arg]  # mypy is not smart enough here\n>       raise exception_class(message, screen, stacktrace)\nE       selenium.common.exceptions.NoSuchElementException: Message: no such element: Unable to locate element: {\"method\":\"xpath\",\"selector\":\"(//a[@class='add-to-cart yellow-btn'])[1]\"}\nE         (Session info: chrome-headless-shell=123.0.6312.122); For documentation on this error, please visit: https://www.selenium.dev/documentation/webdriver/troubleshooting/errors#no-such-element-exception\nE       Stacktrace:\nE       #0 0x5563cee0a863 <unknown>\nE       #1 0x5563ceb008c6 <unknown>\nE       #2 0x5563ceb4b618 <unknown>\nE       #3 0x5563ceb4b6d1 <unknown>\nE       #4 0x5563ceb8e744 <unknown>\nE       #5 0x5563ceb6d5cd <unknown>\nE       #6 0x5563ceb8bc19 <unknown>\nE       #7 0x5563ceb6d343 <unknown>\nE       #8 0x5563ceb3e593 <unknown>\nE       #9 0x5563ceb3ef5e <unknown>\nE       #10 0x5563cedce84b <unknown>\nE       #11 0x5563cedd27a5 <unknown>\nE       #12 0x5563cedbc571 <unknown>\nE       #13 0x5563cedd3332 <unknown>\nE       #14 0x5563ceda187f <unknown>\nE       #15 0x5563cedf9728 <unknown>\nE       #16 0x5563cedf98fb <unknown>\nE       #17 0x5563cee099b4 <unknown>\nE       #18 0x7fbfb4420134 <unknown>\n\n/usr/local/lib/python3.11/site-packages/selenium/webdriver/remote/errorhandler.py:229: NoSuchElementException","steps":[{"name":"Добавляем товар в корзину в количестве 149","time":{"start":1713487981559,"stop":1713487981571,"duration":12},"status":"broken","statusMessage":"selenium.common.exceptions.NoSuchElementException: Message: no such element: Unable to locate element: {\"method\":\"xpath\",\"selector\":\"(//a[@class='add-to-cart yellow-btn'])[1]\"}\n  (Session info: chrome-headless-shell=123.0.6312.122); For documentation on this error, please visit: https://www.selenium.dev/documentation/webdriver/troubleshooting/errors#no-such-element-exception\nStacktrace:\n#0 0x5563cee0a863 <unknown>\n#1 0x5563ceb008c6 <unknown>\n#2 0x5563ceb4b618 <unknown>\n#3 0x5563ceb4b6d1 <unknown>\n#4 0x5563ceb8e744 <unknown>\n#5 0x5563ceb6d5cd <unknown>\n#6 0x5563ceb8bc19 <unknown>\n#7 0x5563ceb6d343 <unknown>\n#8 0x5563ceb3e593 <unknown>\n#9 0x5563ceb3ef5e <unknown>\n#10 0x5563cedce84b <unknown>\n#11 0x5563cedd27a5 <unknown>\n#12 0x5563cedbc571 <unknown>\n#13 0x5563cedd3332 <unknown>\n#14 0x5563ceda187f <unknown>\n#15 0x5563cedf9728 <unknown>\n#16 0x5563cedf98fb <unknown>\n#17 0x5563cee099b4 <unknown>\n#18 0x7fbfb4420134 <unknown>\n\n","statusTrace":"  File \"/usr/local/lib/python3.11/site-packages/allure_commons/_allure.py\", line 192, in impl\n    return func(*a, **kw)\n           ^^^^^^^^^^^^^^\n  File \"/app/pages/item_page.py\", line 40, in add_item_to_cart\n    self.find_element(self._add_item).click()\n    ^^^^^^^^^^^^^^^^^^^^^^^^^^^^^^^^^\n  File \"/app/base/seleniumbase.py\", line 17, in find_element\n    return self.driver.find_element(*locator)\n           ^^^^^^^^^^^^^^^^^^^^^^^^^^^^^^^^^^\n  File \"/usr/local/lib/python3.11/site-packages/selenium/webdriver/remote/webdriver.py\", line 739, in find_element\n    return self.execute(Command.FIND_ELEMENT, {\"using\": by, \"value\": value})[\"value\"]\n           ^^^^^^^^^^^^^^^^^^^^^^^^^^^^^^^^^^^^^^^^^^^^^^^^^^^^^^^^^^^^^^^^^\n  File \"/usr/local/lib/python3.11/site-packages/selenium/webdriver/remote/webdriver.py\", line 345, in execute\n    self.error_handler.check_response(response)\n  File \"/usr/local/lib/python3.11/site-packages/selenium/webdriver/remote/errorhandler.py\", line 229, in check_response\n    raise exception_class(message, screen, stacktrace)\n","steps":[],"attachments":[],"parameters":[{"name":"amount","value":"149"}],"shouldDisplayMessage":true,"stepsCount":0,"attachmentsCount":0,"hasContent":true,"attachmentStep":false}],"attachments":[{"uid":"f862b610d4ced78d","name":"Screenshot","source":"f862b610d4ced78d.png","type":"image/png","size":5862},{"uid":"3f998b9b0400e18c","name":"HTML source","source":"3f998b9b0400e18c.html","type":"text/html","size":39}],"parameters":[],"shouldDisplayMessage":true,"stepsCount":1,"attachmentsCount":2,"hasContent":true,"attachmentStep":false},"afterStages":[{"name":"setup::0","time":{"start":1713487981681,"stop":1713487981681,"duration":0},"status":"passed","steps":[],"attachments":[],"parameters":[],"shouldDisplayMessage":false,"stepsCount":0,"attachmentsCount":0,"hasContent":false,"attachmentStep":false},{"name":"driver::0","time":{"start":1713487981681,"stop":1713487981738,"duration":57},"status":"passed","steps":[],"attachments":[],"parameters":[],"shouldDisplayMessage":false,"stepsCount":0,"attachmentsCount":0,"hasContent":false,"attachmentStep":false}],"labels":[{"name":"epic","value":"Delivery Page - calculation"},{"name":"tag","value":"smoke_test"},{"name":"tag","value":"@pytest.mark.xfail"},{"name":"parentSuite","value":"tests.delivery"},{"name":"suite","value":"test_delivery_calculation"},{"name":"subSuite","value":"TestDeliveryPageCalculation"},{"name":"host","value":"9af742d419e6"},{"name":"thread","value":"1-MainThread"},{"name":"framework","value":"pytest"},{"name":"language","value":"cpython3"},{"name":"package","value":"tests.delivery.test_delivery_calculation"},{"name":"resultFormat","value":"allure2"}],"parameters":[{"name":"all_time","value":"4490"},{"name":"amount","value":"149"},{"name":"case_id","value":"'TD 008'"},{"name":"in_time","value":"3980"},{"name":"link_item","value":"'products/shtukaturka-gipsovaya-aksolit-m50-30-kg-mashinnogo-naneseniya'"},{"name":"standard","value":"2300"},{"name":"url","value":"'https://sandboxtest.stroyrem-nn.ru/'"},{"name":"weight","value":"4500"}],"links":[],"hidden":false,"retry":false,"extra":{"severity":"normal","retries":[],"categories":[],"history":{"statistic":{"failed":0,"broken":13,"skipped":221,"passed":0,"unknown":0,"total":234},"items":[{"uid":"d805406abf3f3003","reportUrl":"https://Nat754.github.io/StroyremAutomation/281//#testresult/d805406abf3f3003","status":"skipped","statusDetails":"XFAIL\n\nselenium.common.exceptions.NoSuchElementException: Message: no such element: Unable to locate element: {\"method\":\"xpath\",\"selector\":\"(//a[@class='add-to-cart yellow-btn'])[1]\"}\n  (Session info: chrome-headless-shell=123.0.6312.122); For documentation on this error, please visit: https://www.selenium.dev/documentation/webdriver/troubleshooting/errors#no-such-element-exception\nStacktrace:\n#0 0x55729b14f863 <unknown>\n#1 0x55729ae458c6 <unknown>\n#2 0x55729ae90618 <unknown>\n#3 0x55729ae906d1 <unknown>\n#4 0x55729aed3744 <unknown>\n#5 0x55729aeb25cd <unknown>\n#6 0x55729aed0c19 <unknown>\n#7 0x55729aeb2343 <unknown>\n#8 0x55729ae83593 <unknown>\n#9 0x55729ae83f5e <unknown>\n#10 0x55729b11384b <unknown>\n#11 0x55729b1177a5 <unknown>\n#12 0x55729b101571 <unknown>\n#13 0x55729b118332 <unknown>\n#14 0x55729b0e687f <unknown>\n#15 0x55729b13e728 <unknown>\n#16 0x55729b13e8fb <unknown>\n#17 0x55729b14e9b4 <unknown>\n#18 0x7f2e424f9134 <unknown>","time":{"start":1713401539721,"stop":1713401540136,"duration":415}},{"uid":"cdedd2266ccc3dc8","reportUrl":"https://Nat754.github.io/StroyremAutomation/280//#testresult/cdedd2266ccc3dc8","status":"skipped","statusDetails":"XFAIL\n\nselenium.common.exceptions.NoSuchElementException: Message: no such element: Unable to locate element: {\"method\":\"xpath\",\"selector\":\"(//a[@class='add-to-cart yellow-btn'])[1]\"}\n  (Session info: chrome-headless-shell=123.0.6312.122); For documentation on this error, please visit: https://www.selenium.dev/documentation/webdriver/troubleshooting/errors#no-such-element-exception\nStacktrace:\n#0 0x5651a2362863 <unknown>\n#1 0x5651a20588c6 <unknown>\n#2 0x5651a20a3618 <unknown>\n#3 0x5651a20a36d1 <unknown>\n#4 0x5651a20e6744 <unknown>\n#5 0x5651a20c55cd <unknown>\n#6 0x5651a20e3c19 <unknown>\n#7 0x5651a20c5343 <unknown>\n#8 0x5651a2096593 <unknown>\n#9 0x5651a2096f5e <unknown>\n#10 0x5651a232684b <unknown>\n#11 0x5651a232a7a5 <unknown>\n#12 0x5651a2314571 <unknown>\n#13 0x5651a232b332 <unknown>\n#14 0x5651a22f987f <unknown>\n#15 0x5651a2351728 <unknown>\n#16 0x5651a23518fb <unknown>\n#17 0x5651a23619b4 <unknown>\n#18 0x7fe96ddf2134 <unknown>","time":{"start":1713315241966,"stop":1713315242497,"duration":531}},{"uid":"fd408be817911b5b","reportUrl":"https://Nat754.github.io/StroyremAutomation/279//#testresult/fd408be817911b5b","status":"skipped","statusDetails":"XFAIL\n\nselenium.common.exceptions.NoSuchElementException: Message: no such element: Unable to locate element: {\"method\":\"xpath\",\"selector\":\"(//a[@class='add-to-cart yellow-btn'])[1]\"}\n  (Session info: chrome-headless-shell=123.0.6312.122); For documentation on this error, please visit: https://www.selenium.dev/documentation/webdriver/troubleshooting/errors#no-such-element-exception\nStacktrace:\n#0 0x55ed828a0863 <unknown>\n#1 0x55ed825968c6 <unknown>\n#2 0x55ed825e1618 <unknown>\n#3 0x55ed825e16d1 <unknown>\n#4 0x55ed82624744 <unknown>\n#5 0x55ed826035cd <unknown>\n#6 0x55ed82621c19 <unknown>\n#7 0x55ed82603343 <unknown>\n#8 0x55ed825d4593 <unknown>\n#9 0x55ed825d4f5e <unknown>\n#10 0x55ed8286484b <unknown>\n#11 0x55ed828687a5 <unknown>\n#12 0x55ed82852571 <unknown>\n#13 0x55ed82869332 <unknown>\n#14 0x55ed8283787f <unknown>\n#15 0x55ed8288f728 <unknown>\n#16 0x55ed8288f8fb <unknown>\n#17 0x55ed8289f9b4 <unknown>\n#18 0x7fa5947a7134 <unknown>","time":{"start":1713228730117,"stop":1713228730411,"duration":294}},{"uid":"887cdf26cef43fde","reportUrl":"https://Nat754.github.io/StroyremAutomation/278//#testresult/887cdf26cef43fde","status":"skipped","statusDetails":"XFAIL\n\nselenium.common.exceptions.NoSuchElementException: Message: no such element: Unable to locate element: {\"method\":\"xpath\",\"selector\":\"(//a[@class='add-to-cart yellow-btn'])[1]\"}\n  (Session info: chrome-headless-shell=123.0.6312.122); For documentation on this error, please visit: https://www.selenium.dev/documentation/webdriver/troubleshooting/errors#no-such-element-exception\nStacktrace:\n#0 0x55bd724a0863 <unknown>\n#1 0x55bd721968c6 <unknown>\n#2 0x55bd721e1618 <unknown>\n#3 0x55bd721e16d1 <unknown>\n#4 0x55bd72224744 <unknown>\n#5 0x55bd722035cd <unknown>\n#6 0x55bd72221c19 <unknown>\n#7 0x55bd72203343 <unknown>\n#8 0x55bd721d4593 <unknown>\n#9 0x55bd721d4f5e <unknown>\n#10 0x55bd7246484b <unknown>\n#11 0x55bd724687a5 <unknown>\n#12 0x55bd72452571 <unknown>\n#13 0x55bd72469332 <unknown>\n#14 0x55bd7243787f <unknown>\n#15 0x55bd7248f728 <unknown>\n#16 0x55bd7248f8fb <unknown>\n#17 0x55bd7249f9b4 <unknown>\n#18 0x7fa841813134 <unknown>","time":{"start":1713151078150,"stop":1713151078612,"duration":462}},{"uid":"9cf0988e14a4ea2b","reportUrl":"https://Nat754.github.io/StroyremAutomation/277//#testresult/9cf0988e14a4ea2b","status":"skipped","statusDetails":"XFAIL\n\nselenium.common.exceptions.NoSuchElementException: Message: no such element: Unable to locate element: {\"method\":\"xpath\",\"selector\":\"(//a[@class='add-to-cart yellow-btn'])[1]\"}\n  (Session info: chrome-headless-shell=123.0.6312.122); For documentation on this error, please visit: https://www.selenium.dev/documentation/webdriver/troubleshooting/errors#no-such-element-exception\nStacktrace:\n#0 0x55a150b00863 <unknown>\n#1 0x55a1507f68c6 <unknown>\n#2 0x55a150841618 <unknown>\n#3 0x55a1508416d1 <unknown>\n#4 0x55a150884744 <unknown>\n#5 0x55a1508635cd <unknown>\n#6 0x55a150881c19 <unknown>\n#7 0x55a150863343 <unknown>\n#8 0x55a150834593 <unknown>\n#9 0x55a150834f5e <unknown>\n#10 0x55a150ac484b <unknown>\n#11 0x55a150ac87a5 <unknown>\n#12 0x55a150ab2571 <unknown>\n#13 0x55a150ac9332 <unknown>\n#14 0x55a150a9787f <unknown>\n#15 0x55a150aef728 <unknown>\n#16 0x55a150aef8fb <unknown>\n#17 0x55a150aff9b4 <unknown>\n#18 0x7fb1b4d06134 <unknown>","time":{"start":1713056991896,"stop":1713056992225,"duration":329}},{"uid":"e461149b1828f9e1","reportUrl":"https://Nat754.github.io/StroyremAutomation/276//#testresult/e461149b1828f9e1","status":"skipped","statusDetails":"XFAIL\n\nselenium.common.exceptions.NoSuchElementException: Message: no such element: Unable to locate element: {\"method\":\"xpath\",\"selector\":\"(//a[@class='add-to-cart yellow-btn'])[1]\"}\n  (Session info: chrome-headless-shell=123.0.6312.122); For documentation on this error, please visit: https://www.selenium.dev/documentation/webdriver/troubleshooting/errors#no-such-element-exception\nStacktrace:\n#0 0x55b725931863 <unknown>\n#1 0x55b7256278c6 <unknown>\n#2 0x55b725672618 <unknown>\n#3 0x55b7256726d1 <unknown>\n#4 0x55b7256b5744 <unknown>\n#5 0x55b7256945cd <unknown>\n#6 0x55b7256b2c19 <unknown>\n#7 0x55b725694343 <unknown>\n#8 0x55b725665593 <unknown>\n#9 0x55b725665f5e <unknown>\n#10 0x55b7258f584b <unknown>\n#11 0x55b7258f97a5 <unknown>\n#12 0x55b7258e3571 <unknown>\n#13 0x55b7258fa332 <unknown>\n#14 0x55b7258c887f <unknown>\n#15 0x55b725920728 <unknown>\n#16 0x55b7259208fb <unknown>\n#17 0x55b7259309b4 <unknown>\n#18 0x7f3d183d8134 <unknown>","time":{"start":1712969083472,"stop":1712969083942,"duration":470}},{"uid":"29fea0a0eaa19901","reportUrl":"https://Nat754.github.io/StroyremAutomation/275//#testresult/29fea0a0eaa19901","status":"skipped","statusDetails":"XFAIL\n\nselenium.common.exceptions.NoSuchElementException: Message: no such element: Unable to locate element: {\"method\":\"xpath\",\"selector\":\"(//a[@class='add-to-cart yellow-btn'])[1]\"}\n  (Session info: chrome-headless-shell=123.0.6312.122); For documentation on this error, please visit: https://www.selenium.dev/documentation/webdriver/troubleshooting/errors#no-such-element-exception\nStacktrace:\n#0 0x5635e0774863 <unknown>\n#1 0x5635e046a8c6 <unknown>\n#2 0x5635e04b5618 <unknown>\n#3 0x5635e04b56d1 <unknown>\n#4 0x5635e04f8744 <unknown>\n#5 0x5635e04d75cd <unknown>\n#6 0x5635e04f5c19 <unknown>\n#7 0x5635e04d7343 <unknown>\n#8 0x5635e04a8593 <unknown>\n#9 0x5635e04a8f5e <unknown>\n#10 0x5635e073884b <unknown>\n#11 0x5635e073c7a5 <unknown>\n#12 0x5635e0726571 <unknown>\n#13 0x5635e073d332 <unknown>\n#14 0x5635e070b87f <unknown>\n#15 0x5635e0763728 <unknown>\n#16 0x5635e07638fb <unknown>\n#17 0x5635e07739b4 <unknown>\n#18 0x7f2f53229134 <unknown>","time":{"start":1712883171254,"stop":1712883171543,"duration":289}},{"uid":"1bbfff780534482d","reportUrl":"https://Nat754.github.io/StroyremAutomation/274//#testresult/1bbfff780534482d","status":"skipped","statusDetails":"XFAIL\n\nselenium.common.exceptions.NoSuchElementException: Message: no such element: Unable to locate element: {\"method\":\"xpath\",\"selector\":\"(//a[@class='add-to-cart yellow-btn'])[1]\"}\n  (Session info: chrome-headless-shell=123.0.6312.122); For documentation on this error, please visit: https://www.selenium.dev/documentation/webdriver/troubleshooting/errors#no-such-element-exception\nStacktrace:\n#0 0x555d0722b863 <unknown>\n#1 0x555d06f218c6 <unknown>\n#2 0x555d06f6c618 <unknown>\n#3 0x555d06f6c6d1 <unknown>\n#4 0x555d06faf744 <unknown>\n#5 0x555d06f8e5cd <unknown>\n#6 0x555d06facc19 <unknown>\n#7 0x555d06f8e343 <unknown>\n#8 0x555d06f5f593 <unknown>\n#9 0x555d06f5ff5e <unknown>\n#10 0x555d071ef84b <unknown>\n#11 0x555d071f37a5 <unknown>\n#12 0x555d071dd571 <unknown>\n#13 0x555d071f4332 <unknown>\n#14 0x555d071c287f <unknown>\n#15 0x555d0721a728 <unknown>\n#16 0x555d0721a8fb <unknown>\n#17 0x555d0722a9b4 <unknown>\n#18 0x7fade7211134 <unknown>","time":{"start":1712796826615,"stop":1712796827387,"duration":772}},{"uid":"5ea4cdf59c95fe2","reportUrl":"https://Nat754.github.io/StroyremAutomation/273//#testresult/5ea4cdf59c95fe2","status":"skipped","statusDetails":"XFAIL\n\nselenium.common.exceptions.NoSuchElementException: Message: no such element: Unable to locate element: {\"method\":\"xpath\",\"selector\":\"(//a[@class='add-to-cart yellow-btn'])[1]\"}\n  (Session info: chrome-headless-shell=123.0.6312.105); For documentation on this error, please visit: https://www.selenium.dev/documentation/webdriver/troubleshooting/errors#no-such-element-exception\nStacktrace:\n#0 0x555d8e447873 <unknown>\n#1 0x555d8e13d8c6 <unknown>\n#2 0x555d8e188618 <unknown>\n#3 0x555d8e1886d1 <unknown>\n#4 0x555d8e1cb744 <unknown>\n#5 0x555d8e1aa5cd <unknown>\n#6 0x555d8e1c8c19 <unknown>\n#7 0x555d8e1aa343 <unknown>\n#8 0x555d8e17b593 <unknown>\n#9 0x555d8e17bf5e <unknown>\n#10 0x555d8e40b85b <unknown>\n#11 0x555d8e40f7b5 <unknown>\n#12 0x555d8e3f9581 <unknown>\n#13 0x555d8e410342 <unknown>\n#14 0x555d8e3de88f <unknown>\n#15 0x555d8e436738 <unknown>\n#16 0x555d8e43690b <unknown>\n#17 0x555d8e4469c4 <unknown>\n#18 0x7fb2290bb134 <unknown>","time":{"start":1712710369791,"stop":1712710370329,"duration":538}},{"uid":"3f5abd856567cd41","reportUrl":"https://Nat754.github.io/StroyremAutomation/272//#testresult/3f5abd856567cd41","status":"skipped","statusDetails":"XFAIL\n\nselenium.common.exceptions.NoSuchElementException: Message: no such element: Unable to locate element: {\"method\":\"xpath\",\"selector\":\"(//a[@class='add-to-cart yellow-btn'])[1]\"}\n  (Session info: chrome-headless-shell=123.0.6312.105); For documentation on this error, please visit: https://www.selenium.dev/documentation/webdriver/troubleshooting/errors#no-such-element-exception\nStacktrace:\n#0 0x55863ad2b873 <unknown>\n#1 0x55863aa218c6 <unknown>\n#2 0x55863aa6c618 <unknown>\n#3 0x55863aa6c6d1 <unknown>\n#4 0x55863aaaf744 <unknown>\n#5 0x55863aa8e5cd <unknown>\n#6 0x55863aaacc19 <unknown>\n#7 0x55863aa8e343 <unknown>\n#8 0x55863aa5f593 <unknown>\n#9 0x55863aa5ff5e <unknown>\n#10 0x55863acef85b <unknown>\n#11 0x55863acf37b5 <unknown>\n#12 0x55863acdd581 <unknown>\n#13 0x55863acf4342 <unknown>\n#14 0x55863acc288f <unknown>\n#15 0x55863ad1a738 <unknown>\n#16 0x55863ad1a90b <unknown>\n#17 0x55863ad2a9c4 <unknown>\n#18 0x7f4ad6eaf134 <unknown>","time":{"start":1712624008384,"stop":1712624008766,"duration":382}},{"uid":"9345f8da7baa3aa9","reportUrl":"https://Nat754.github.io/StroyremAutomation/271//#testresult/9345f8da7baa3aa9","status":"skipped","statusDetails":"XFAIL\n\nselenium.common.exceptions.NoSuchElementException: Message: no such element: Unable to locate element: {\"method\":\"xpath\",\"selector\":\"(//a[@class='add-to-cart yellow-btn'])[1]\"}\n  (Session info: chrome-headless-shell=123.0.6312.105); For documentation on this error, please visit: https://www.selenium.dev/documentation/webdriver/troubleshooting/errors#no-such-element-exception\nStacktrace:\n#0 0x557a828f3873 <unknown>\n#1 0x557a825e98c6 <unknown>\n#2 0x557a82634618 <unknown>\n#3 0x557a826346d1 <unknown>\n#4 0x557a82677744 <unknown>\n#5 0x557a826565cd <unknown>\n#6 0x557a82674c19 <unknown>\n#7 0x557a82656343 <unknown>\n#8 0x557a82627593 <unknown>\n#9 0x557a82627f5e <unknown>\n#10 0x557a828b785b <unknown>\n#11 0x557a828bb7b5 <unknown>\n#12 0x557a828a5581 <unknown>\n#13 0x557a828bc342 <unknown>\n#14 0x557a8288a88f <unknown>\n#15 0x557a828e2738 <unknown>\n#16 0x557a828e290b <unknown>\n#17 0x557a828f29c4 <unknown>\n#18 0x7ff966534134 <unknown>","time":{"start":1712537669847,"stop":1712537670145,"duration":298}},{"uid":"1cc0558e9c1dd83b","reportUrl":"https://Nat754.github.io/StroyremAutomation/270//#testresult/1cc0558e9c1dd83b","status":"skipped","statusDetails":"XFAIL\n\nselenium.common.exceptions.NoSuchElementException: Message: no such element: Unable to locate element: {\"method\":\"xpath\",\"selector\":\"(//a[@class='add-to-cart yellow-btn'])[1]\"}\n  (Session info: chrome-headless-shell=123.0.6312.105); For documentation on this error, please visit: https://www.selenium.dev/documentation/webdriver/troubleshooting/errors#no-such-element-exception\nStacktrace:\n#0 0x5560b3b80873 <unknown>\n#1 0x5560b38768c6 <unknown>\n#2 0x5560b38c1618 <unknown>\n#3 0x5560b38c16d1 <unknown>\n#4 0x5560b3904744 <unknown>\n#5 0x5560b38e35cd <unknown>\n#6 0x5560b3901c19 <unknown>\n#7 0x5560b38e3343 <unknown>\n#8 0x5560b38b4593 <unknown>\n#9 0x5560b38b4f5e <unknown>\n#10 0x5560b3b4485b <unknown>\n#11 0x5560b3b487b5 <unknown>\n#12 0x5560b3b32581 <unknown>\n#13 0x5560b3b49342 <unknown>\n#14 0x5560b3b1788f <unknown>\n#15 0x5560b3b6f738 <unknown>\n#16 0x5560b3b6f90b <unknown>\n#17 0x5560b3b7f9c4 <unknown>\n#18 0x7f71aeded134 <unknown>","time":{"start":1712451479337,"stop":1712451479887,"duration":550}},{"uid":"629d69716a0ff9d8","reportUrl":"https://Nat754.github.io/StroyremAutomation/269//#testresult/629d69716a0ff9d8","status":"skipped","statusDetails":"XFAIL\n\nselenium.common.exceptions.NoSuchElementException: Message: no such element: Unable to locate element: {\"method\":\"xpath\",\"selector\":\"(//a[@class='add-to-cart yellow-btn'])[1]\"}\n  (Session info: chrome-headless-shell=123.0.6312.105); For documentation on this error, please visit: https://www.selenium.dev/documentation/webdriver/troubleshooting/errors#no-such-element-exception\nStacktrace:\n#0 0x55fde42fb873 <unknown>\n#1 0x55fde3ff18c6 <unknown>\n#2 0x55fde403c618 <unknown>\n#3 0x55fde403c6d1 <unknown>\n#4 0x55fde407f744 <unknown>\n#5 0x55fde405e5cd <unknown>\n#6 0x55fde407cc19 <unknown>\n#7 0x55fde405e343 <unknown>\n#8 0x55fde402f593 <unknown>\n#9 0x55fde402ff5e <unknown>\n#10 0x55fde42bf85b <unknown>\n#11 0x55fde42c37b5 <unknown>\n#12 0x55fde42ad581 <unknown>\n#13 0x55fde42c4342 <unknown>\n#14 0x55fde429288f <unknown>\n#15 0x55fde42ea738 <unknown>\n#16 0x55fde42ea90b <unknown>\n#17 0x55fde42fa9c4 <unknown>\n#18 0x7fe8946e8134 <unknown>","time":{"start":1712364697351,"stop":1712364697813,"duration":462}},{"uid":"5cd95a6ee8a02409","reportUrl":"https://Nat754.github.io/StroyremAutomation/268//#testresult/5cd95a6ee8a02409","status":"skipped","statusDetails":"XFAIL\n\nselenium.common.exceptions.NoSuchElementException: Message: no such element: Unable to locate element: {\"method\":\"xpath\",\"selector\":\"(//a[@class='add-to-cart yellow-btn'])[1]\"}\n  (Session info: chrome-headless-shell=123.0.6312.105); For documentation on this error, please visit: https://www.selenium.dev/documentation/webdriver/troubleshooting/errors#no-such-element-exception\nStacktrace:\n#0 0x56336d27f873 <unknown>\n#1 0x56336cf758c6 <unknown>\n#2 0x56336cfc0618 <unknown>\n#3 0x56336cfc06d1 <unknown>\n#4 0x56336d003744 <unknown>\n#5 0x56336cfe25cd <unknown>\n#6 0x56336d000c19 <unknown>\n#7 0x56336cfe2343 <unknown>\n#8 0x56336cfb3593 <unknown>\n#9 0x56336cfb3f5e <unknown>\n#10 0x56336d24385b <unknown>\n#11 0x56336d2477b5 <unknown>\n#12 0x56336d231581 <unknown>\n#13 0x56336d248342 <unknown>\n#14 0x56336d21688f <unknown>\n#15 0x56336d26e738 <unknown>\n#16 0x56336d26e90b <unknown>\n#17 0x56336d27e9c4 <unknown>\n#18 0x7fbc6d455134 <unknown>","time":{"start":1712278387611,"stop":1712278388171,"duration":560}},{"uid":"f495f603db183da8","reportUrl":"https://Nat754.github.io/StroyremAutomation/267//#testresult/f495f603db183da8","status":"skipped","statusDetails":"XFAIL\n\nselenium.common.exceptions.NoSuchElementException: Message: no such element: Unable to locate element: {\"method\":\"xpath\",\"selector\":\"(//a[@class='add-to-cart yellow-btn'])[1]\"}\n  (Session info: chrome-headless-shell=123.0.6312.86); For documentation on this error, please visit: https://www.selenium.dev/documentation/webdriver/troubleshooting/errors#no-such-element-exception\nStacktrace:\n#0 0x55e8018148a3 <unknown>\n#1 0x55e80150a8c6 <unknown>\n#2 0x55e801555618 <unknown>\n#3 0x55e8015556d1 <unknown>\n#4 0x55e801598744 <unknown>\n#5 0x55e8015775cd <unknown>\n#6 0x55e801595c19 <unknown>\n#7 0x55e801577343 <unknown>\n#8 0x55e801548593 <unknown>\n#9 0x55e801548f5e <unknown>\n#10 0x55e8017d888b <unknown>\n#11 0x55e8017dc7e5 <unknown>\n#12 0x55e8017c65b1 <unknown>\n#13 0x55e8017dd372 <unknown>\n#14 0x55e8017ab8bf <unknown>\n#15 0x55e801803768 <unknown>\n#16 0x55e80180393b <unknown>\n#17 0x55e8018139f4 <unknown>\n#18 0x7fc359984134 <unknown>","time":{"start":1712192166141,"stop":1712192166676,"duration":535}},{"uid":"a6f5128f757cd8ed","reportUrl":"https://Nat754.github.io/StroyremAutomation/266//#testresult/a6f5128f757cd8ed","status":"skipped","statusDetails":"XFAIL\n\nselenium.common.exceptions.NoSuchElementException: Message: no such element: Unable to locate element: {\"method\":\"xpath\",\"selector\":\"(//a[@class='add-to-cart yellow-btn'])[1]\"}\n  (Session info: chrome-headless-shell=123.0.6312.86); For documentation on this error, please visit: https://www.selenium.dev/documentation/webdriver/troubleshooting/errors#no-such-element-exception\nStacktrace:\n#0 0x555992e3a8a3 <unknown>\n#1 0x555992b308c6 <unknown>\n#2 0x555992b7b618 <unknown>\n#3 0x555992b7b6d1 <unknown>\n#4 0x555992bbe744 <unknown>\n#5 0x555992b9d5cd <unknown>\n#6 0x555992bbbc19 <unknown>\n#7 0x555992b9d343 <unknown>\n#8 0x555992b6e593 <unknown>\n#9 0x555992b6ef5e <unknown>\n#10 0x555992dfe88b <unknown>\n#11 0x555992e027e5 <unknown>\n#12 0x555992dec5b1 <unknown>\n#13 0x555992e03372 <unknown>\n#14 0x555992dd18bf <unknown>\n#15 0x555992e29768 <unknown>\n#16 0x555992e2993b <unknown>\n#17 0x555992e399f4 <unknown>\n#18 0x7f9818a36134 <unknown>","time":{"start":1712105537791,"stop":1712105538309,"duration":518}},{"uid":"7d565830f8c58c6","reportUrl":"https://Nat754.github.io/StroyremAutomation/265//#testresult/7d565830f8c58c6","status":"skipped","statusDetails":"XFAIL\n\nselenium.common.exceptions.NoSuchElementException: Message: no such element: Unable to locate element: {\"method\":\"xpath\",\"selector\":\"(//a[@class='add-to-cart yellow-btn'])[1]\"}\n  (Session info: chrome-headless-shell=123.0.6312.86); For documentation on this error, please visit: https://www.selenium.dev/documentation/webdriver/troubleshooting/errors#no-such-element-exception\nStacktrace:\n#0 0x5596169aa8a3 <unknown>\n#1 0x5596166a08c6 <unknown>\n#2 0x5596166eb618 <unknown>\n#3 0x5596166eb6d1 <unknown>\n#4 0x55961672e744 <unknown>\n#5 0x55961670d5cd <unknown>\n#6 0x55961672bc19 <unknown>\n#7 0x55961670d343 <unknown>\n#8 0x5596166de593 <unknown>\n#9 0x5596166def5e <unknown>\n#10 0x55961696e88b <unknown>\n#11 0x5596169727e5 <unknown>\n#12 0x55961695c5b1 <unknown>\n#13 0x559616973372 <unknown>\n#14 0x5596169418bf <unknown>\n#15 0x559616999768 <unknown>\n#16 0x55961699993b <unknown>\n#17 0x5596169a99f4 <unknown>\n#18 0x7f4a9966d134 <unknown>","time":{"start":1712019302041,"stop":1712019302583,"duration":542}},{"uid":"cc4e1253ef36b164","reportUrl":"https://Nat754.github.io/StroyremAutomation/264//#testresult/cc4e1253ef36b164","status":"skipped","statusDetails":"XFAIL\n\nselenium.common.exceptions.NoSuchElementException: Message: no such element: Unable to locate element: {\"method\":\"xpath\",\"selector\":\"(//a[@class='add-to-cart yellow-btn'])[1]\"}\n  (Session info: chrome-headless-shell=123.0.6312.86); For documentation on this error, please visit: https://www.selenium.dev/documentation/webdriver/troubleshooting/errors#no-such-element-exception\nStacktrace:\n#0 0x55a0edb828a3 <unknown>\n#1 0x55a0ed8788c6 <unknown>\n#2 0x55a0ed8c3618 <unknown>\n#3 0x55a0ed8c36d1 <unknown>\n#4 0x55a0ed906744 <unknown>\n#5 0x55a0ed8e55cd <unknown>\n#6 0x55a0ed903c19 <unknown>\n#7 0x55a0ed8e5343 <unknown>\n#8 0x55a0ed8b6593 <unknown>\n#9 0x55a0ed8b6f5e <unknown>\n#10 0x55a0edb4688b <unknown>\n#11 0x55a0edb4a7e5 <unknown>\n#12 0x55a0edb345b1 <unknown>\n#13 0x55a0edb4b372 <unknown>\n#14 0x55a0edb198bf <unknown>\n#15 0x55a0edb71768 <unknown>\n#16 0x55a0edb7193b <unknown>\n#17 0x55a0edb819f4 <unknown>\n#18 0x7f3b5804e134 <unknown>","time":{"start":1711933117576,"stop":1711933118182,"duration":606}},{"uid":"732a755ff5677608","reportUrl":"https://Nat754.github.io/StroyremAutomation/263//#testresult/732a755ff5677608","status":"skipped","statusDetails":"XFAIL\n\nselenium.common.exceptions.NoSuchElementException: Message: no such element: Unable to locate element: {\"method\":\"xpath\",\"selector\":\"(//a[@class='add-to-cart yellow-btn'])[1]\"}\n  (Session info: chrome-headless-shell=123.0.6312.86); For documentation on this error, please visit: https://www.selenium.dev/documentation/webdriver/troubleshooting/errors#no-such-element-exception\nStacktrace:\n#0 0x564816ada8a3 <unknown>\n#1 0x5648167d08c6 <unknown>\n#2 0x56481681b618 <unknown>\n#3 0x56481681b6d1 <unknown>\n#4 0x56481685e744 <unknown>\n#5 0x56481683d5cd <unknown>\n#6 0x56481685bc19 <unknown>\n#7 0x56481683d343 <unknown>\n#8 0x56481680e593 <unknown>\n#9 0x56481680ef5e <unknown>\n#10 0x564816a9e88b <unknown>\n#11 0x564816aa27e5 <unknown>\n#12 0x564816a8c5b1 <unknown>\n#13 0x564816aa3372 <unknown>\n#14 0x564816a718bf <unknown>\n#15 0x564816ac9768 <unknown>\n#16 0x564816ac993b <unknown>\n#17 0x564816ad99f4 <unknown>\n#18 0x7f5b5389d134 <unknown>","time":{"start":1711846670381,"stop":1711846670919,"duration":538}},{"uid":"8565fa1a3c9f05e7","reportUrl":"https://Nat754.github.io/StroyremAutomation/262//#testresult/8565fa1a3c9f05e7","status":"skipped","statusDetails":"XFAIL\n\nselenium.common.exceptions.NoSuchElementException: Message: no such element: Unable to locate element: {\"method\":\"xpath\",\"selector\":\"(//a[@class='add-to-cart yellow-btn'])[1]\"}\n  (Session info: chrome-headless-shell=123.0.6312.86); For documentation on this error, please visit: https://www.selenium.dev/documentation/webdriver/troubleshooting/errors#no-such-element-exception\nStacktrace:\n#0 0x55af552e38a3 <unknown>\n#1 0x55af54fd98c6 <unknown>\n#2 0x55af55024618 <unknown>\n#3 0x55af550246d1 <unknown>\n#4 0x55af55067744 <unknown>\n#5 0x55af550465cd <unknown>\n#6 0x55af55064c19 <unknown>\n#7 0x55af55046343 <unknown>\n#8 0x55af55017593 <unknown>\n#9 0x55af55017f5e <unknown>\n#10 0x55af552a788b <unknown>\n#11 0x55af552ab7e5 <unknown>\n#12 0x55af552955b1 <unknown>\n#13 0x55af552ac372 <unknown>\n#14 0x55af5527a8bf <unknown>\n#15 0x55af552d2768 <unknown>\n#16 0x55af552d293b <unknown>\n#17 0x55af552e29f4 <unknown>\n#18 0x7fbd5e3c7134 <unknown>","time":{"start":1711759824084,"stop":1711759824542,"duration":458}}]},"tags":["@pytest.mark.xfail","smoke_test"]},"source":"790dd83a1a95d753.json","parameterValues":["4490","149","'TD 008'","3980","'products/shtukaturka-gipsovaya-aksolit-m50-30-kg-mashinnogo-naneseniya'","2300","'https://sandboxtest.stroyrem-nn.ru/'","4500"]}