{"uid":"d569ef85b840ded3","name":"TD 015 Доставка товара весом до 30кг. в синей зоне","fullName":"tests.delivery.test_delivery_calculation.TestDeliveryPageCalculation#test_positive_delivery_blue_zone_smoke","historyId":"ae12a59ab9fb9a38e23182dccc7cf409","time":{"start":1713487990520,"stop":1713487990823,"duration":303},"status":"skipped","statusMessage":"XFAIL\n\nselenium.common.exceptions.NoSuchElementException: Message: no such element: Unable to locate element: {\"method\":\"xpath\",\"selector\":\"(//a[@class='add-to-cart yellow-btn'])[1]\"}\n  (Session info: chrome-headless-shell=123.0.6312.122); For documentation on this error, please visit: https://www.selenium.dev/documentation/webdriver/troubleshooting/errors#no-such-element-exception\nStacktrace:\n#0 0x558236e87863 <unknown>\n#1 0x558236b7d8c6 <unknown>\n#2 0x558236bc8618 <unknown>\n#3 0x558236bc86d1 <unknown>\n#4 0x558236c0b744 <unknown>\n#5 0x558236bea5cd <unknown>\n#6 0x558236c08c19 <unknown>\n#7 0x558236bea343 <unknown>\n#8 0x558236bbb593 <unknown>\n#9 0x558236bbbf5e <unknown>\n#10 0x558236e4b84b <unknown>\n#11 0x558236e4f7a5 <unknown>\n#12 0x558236e39571 <unknown>\n#13 0x558236e50332 <unknown>\n#14 0x558236e1e87f <unknown>\n#15 0x558236e76728 <unknown>\n#16 0x558236e768fb <unknown>\n#17 0x558236e869b4 <unknown>\n#18 0x7f5236b92134 <unknown>","statusTrace":"self = <tests.delivery.test_delivery_calculation.TestDeliveryPageCalculation object at 0x7f448f82d3d0>\ndriver = <selenium.webdriver.chrome.webdriver.WebDriver (session=\"9253ae171cf8542d8a290098c341d82a\")>\nurl = 'https://sandboxtest.stroyrem-nn.ru/', case_id = 'TD 015'\nlink_item = 'products/shtukaturka-tsementnaya-bergauf-bau-putts-tsement-25kg-56sht'\namount = 1, weight = 30, standard = 650, in_time = 2390, all_time = 3320\n\n    @pytest.mark.parametrize('case_id, link_item, amount, weight, standard, in_time, all_time', [\n        (\"TD 015\", bundeks_25, 1, 30, 650, 2390, 3320),\n        pytest.param(\n            \"TD 016\", aksolit_30, 8, 300, 650, 2390, 3320,\n            marks=pytest.mark.xfail(reson=\"Цена доставки: - - -\")\n        ),\n        (\"TD 017\", aksolit_30, 13, 400, 650, 2390, 3320),\n        (\"TD 018\", aksolit_30, 16, 500, 850, 2490, 3320),\n        (\"TD 019\", aksolit_30, 25, 1700, 1150, 2490, 3320),\n        (\"TD 020\", aksolit_30, 66, 2000, 1500, 2990, 3650),\n        (\"TD 021\", aksolit_30, 149, 4500, 2600, 4380, 4890),\n        (\"TD 022\", aksolit_30, 166, 5000, 2800, 5490, 5980),\n        pytest.param(\n            \"TD 023\", aksolit_30, 206, 6200, 3300, 7500, 8000,\n            marks=pytest.mark.xfail(reson=\"Цена доставки: 4300 9900 11440\")\n        ),\n        (\"TD 024\", aksolit_30, 299, 9000, 4300, 9900, 11440),\n        (\"TD 025\", aksolit_30, 333, 10000, 7000, 13900, 15900),\n        pytest.param(\n            \"TD 026\", aksolit_30, 366, 11000, 8000, 14900, 19900,\n            marks=pytest.mark.xfail(reson=\"Цена доставки: 7000 13900 15900\")\n        ),\n        pytest.param(\n            \"TD 027\", aksolit_30, 666, 20000, 14000, 16900, 23900,\n            marks=pytest.mark.xfail(reson=\"Цена доставки: 7000 13900 15900\")\n        )\n    ])\n    @pytest.mark.xfail\n    @pytest.mark.smoke_test\n    def test_positive_delivery_blue_zone_smoke(\n            self, driver, url, case_id, link_item, amount, weight, standard, in_time, all_time\n    ):\n        allure.dynamic.title(f\"{case_id} Доставка товара весом до {weight}кг. в синей зоне\")\n    \n        driver.get(f'{url}{link_item}')\n        item_page = ItemPage(driver)\n>       item_page.add_item_to_cart(amount).click_on_cart()\n\ntests/delivery/test_delivery_calculation.py:132: \n_ _ _ _ _ _ _ _ _ _ _ _ _ _ _ _ _ _ _ _ _ _ _ _ _ _ _ _ _ _ _ _ _ _ _ _ _ _ _ _ \npages/item_page.py:40: in add_item_to_cart\n    self.find_element(self._add_item).click()\nbase/seleniumbase.py:17: in find_element\n    return self.driver.find_element(*locator)\n/usr/local/lib/python3.11/site-packages/selenium/webdriver/remote/webdriver.py:739: in find_element\n    return self.execute(Command.FIND_ELEMENT, {\"using\": by, \"value\": value})[\"value\"]\n/usr/local/lib/python3.11/site-packages/selenium/webdriver/remote/webdriver.py:345: in execute\n    self.error_handler.check_response(response)\n_ _ _ _ _ _ _ _ _ _ _ _ _ _ _ _ _ _ _ _ _ _ _ _ _ _ _ _ _ _ _ _ _ _ _ _ _ _ _ _ \n\nself = <selenium.webdriver.remote.errorhandler.ErrorHandler object at 0x7f44904a22d0>\nresponse = {'status': 404, 'value': '{\"value\":{\"error\":\"no such element\",\"message\":\"no such element: Unable to locate element: {\\...\\\\n#16 0x558236e768fb \\\\u003Cunknown>\\\\n#17 0x558236e869b4 \\\\u003Cunknown>\\\\n#18 0x7f5236b92134 \\\\u003Cunknown>\\\\n\"}}'}\n\n    def check_response(self, response: Dict[str, Any]) -> None:\n        \"\"\"Checks that a JSON response from the WebDriver does not have an\n        error.\n    \n        :Args:\n         - response - The JSON response from the WebDriver server as a dictionary\n           object.\n    \n        :Raises: If the response contains an error message.\n        \"\"\"\n        status = response.get(\"status\", None)\n        if not status or status == ErrorCode.SUCCESS:\n            return\n        value = None\n        message = response.get(\"message\", \"\")\n        screen: str = response.get(\"screen\", \"\")\n        stacktrace = None\n        if isinstance(status, int):\n            value_json = response.get(\"value\", None)\n            if value_json and isinstance(value_json, str):\n                import json\n    \n                try:\n                    value = json.loads(value_json)\n                    if len(value) == 1:\n                        value = value[\"value\"]\n                    status = value.get(\"error\", None)\n                    if not status:\n                        status = value.get(\"status\", ErrorCode.UNKNOWN_ERROR)\n                        message = value.get(\"value\") or value.get(\"message\")\n                        if not isinstance(message, str):\n                            value = message\n                            message = message.get(\"message\")\n                    else:\n                        message = value.get(\"message\", None)\n                except ValueError:\n                    pass\n    \n        exception_class: Type[WebDriverException]\n        e = ErrorCode()\n        error_codes = [item for item in dir(e) if not item.startswith(\"__\")]\n        for error_code in error_codes:\n            error_info = getattr(ErrorCode, error_code)\n            if isinstance(error_info, list) and status in error_info:\n                exception_class = getattr(ExceptionMapping, error_code, WebDriverException)\n                break\n        else:\n            exception_class = WebDriverException\n    \n        if not value:\n            value = response[\"value\"]\n        if isinstance(value, str):\n            raise exception_class(value)\n        if message == \"\" and \"message\" in value:\n            message = value[\"message\"]\n    \n        screen = None  # type: ignore[assignment]\n        if \"screen\" in value:\n            screen = value[\"screen\"]\n    \n        stacktrace = None\n        st_value = value.get(\"stackTrace\") or value.get(\"stacktrace\")\n        if st_value:\n            if isinstance(st_value, str):\n                stacktrace = st_value.split(\"\\n\")\n            else:\n                stacktrace = []\n                try:\n                    for frame in st_value:\n                        line = frame.get(\"lineNumber\", \"\")\n                        file = frame.get(\"fileName\", \"<anonymous>\")\n                        if line:\n                            file = f\"{file}:{line}\"\n                        meth = frame.get(\"methodName\", \"<anonymous>\")\n                        if \"className\" in frame:\n                            meth = f\"{frame['className']}.{meth}\"\n                        msg = \"    at %s (%s)\"\n                        msg = msg % (meth, file)\n                        stacktrace.append(msg)\n                except TypeError:\n                    pass\n        if exception_class == UnexpectedAlertPresentException:\n            alert_text = None\n            if \"data\" in value:\n                alert_text = value[\"data\"].get(\"text\")\n            elif \"alert\" in value:\n                alert_text = value[\"alert\"].get(\"text\")\n            raise exception_class(message, screen, stacktrace, alert_text)  # type: ignore[call-arg]  # mypy is not smart enough here\n>       raise exception_class(message, screen, stacktrace)\nE       selenium.common.exceptions.NoSuchElementException: Message: no such element: Unable to locate element: {\"method\":\"xpath\",\"selector\":\"(//a[@class='add-to-cart yellow-btn'])[1]\"}\nE         (Session info: chrome-headless-shell=123.0.6312.122); For documentation on this error, please visit: https://www.selenium.dev/documentation/webdriver/troubleshooting/errors#no-such-element-exception\nE       Stacktrace:\nE       #0 0x558236e87863 <unknown>\nE       #1 0x558236b7d8c6 <unknown>\nE       #2 0x558236bc8618 <unknown>\nE       #3 0x558236bc86d1 <unknown>\nE       #4 0x558236c0b744 <unknown>\nE       #5 0x558236bea5cd <unknown>\nE       #6 0x558236c08c19 <unknown>\nE       #7 0x558236bea343 <unknown>\nE       #8 0x558236bbb593 <unknown>\nE       #9 0x558236bbbf5e <unknown>\nE       #10 0x558236e4b84b <unknown>\nE       #11 0x558236e4f7a5 <unknown>\nE       #12 0x558236e39571 <unknown>\nE       #13 0x558236e50332 <unknown>\nE       #14 0x558236e1e87f <unknown>\nE       #15 0x558236e76728 <unknown>\nE       #16 0x558236e768fb <unknown>\nE       #17 0x558236e869b4 <unknown>\nE       #18 0x7f5236b92134 <unknown>\n\n/usr/local/lib/python3.11/site-packages/selenium/webdriver/remote/errorhandler.py:229: NoSuchElementException","flaky":false,"newFailed":false,"newBroken":false,"newPassed":false,"retriesCount":0,"retriesStatusChange":false,"beforeStages":[{"name":"_session_faker","time":{"start":1713487765110,"stop":1713487765178,"duration":68},"status":"passed","steps":[],"attachments":[],"parameters":[],"shouldDisplayMessage":false,"stepsCount":0,"attachmentsCount":0,"hasContent":false,"attachmentStep":false},{"name":"clear_allure_results_folder","time":{"start":1713487765178,"stop":1713487765178,"duration":0},"status":"passed","steps":[],"attachments":[],"parameters":[],"shouldDisplayMessage":false,"stepsCount":0,"attachmentsCount":0,"hasContent":false,"attachmentStep":false},{"name":"driver","time":{"start":1713487989739,"stop":1713487990519,"duration":780},"status":"passed","steps":[],"attachments":[],"parameters":[],"shouldDisplayMessage":false,"stepsCount":0,"attachmentsCount":0,"hasContent":false,"attachmentStep":false},{"name":"setup","time":{"start":1713487990519,"stop":1713487990519,"duration":0},"status":"passed","steps":[],"attachments":[],"parameters":[],"shouldDisplayMessage":false,"stepsCount":0,"attachmentsCount":0,"hasContent":false,"attachmentStep":false}],"testStage":{"status":"skipped","statusMessage":"XFAIL\n\nselenium.common.exceptions.NoSuchElementException: Message: no such element: Unable to locate element: {\"method\":\"xpath\",\"selector\":\"(//a[@class='add-to-cart yellow-btn'])[1]\"}\n  (Session info: chrome-headless-shell=123.0.6312.122); For documentation on this error, please visit: https://www.selenium.dev/documentation/webdriver/troubleshooting/errors#no-such-element-exception\nStacktrace:\n#0 0x558236e87863 <unknown>\n#1 0x558236b7d8c6 <unknown>\n#2 0x558236bc8618 <unknown>\n#3 0x558236bc86d1 <unknown>\n#4 0x558236c0b744 <unknown>\n#5 0x558236bea5cd <unknown>\n#6 0x558236c08c19 <unknown>\n#7 0x558236bea343 <unknown>\n#8 0x558236bbb593 <unknown>\n#9 0x558236bbbf5e <unknown>\n#10 0x558236e4b84b <unknown>\n#11 0x558236e4f7a5 <unknown>\n#12 0x558236e39571 <unknown>\n#13 0x558236e50332 <unknown>\n#14 0x558236e1e87f <unknown>\n#15 0x558236e76728 <unknown>\n#16 0x558236e768fb <unknown>\n#17 0x558236e869b4 <unknown>\n#18 0x7f5236b92134 <unknown>","statusTrace":"self = <tests.delivery.test_delivery_calculation.TestDeliveryPageCalculation object at 0x7f448f82d3d0>\ndriver = <selenium.webdriver.chrome.webdriver.WebDriver (session=\"9253ae171cf8542d8a290098c341d82a\")>\nurl = 'https://sandboxtest.stroyrem-nn.ru/', case_id = 'TD 015'\nlink_item = 'products/shtukaturka-tsementnaya-bergauf-bau-putts-tsement-25kg-56sht'\namount = 1, weight = 30, standard = 650, in_time = 2390, all_time = 3320\n\n    @pytest.mark.parametrize('case_id, link_item, amount, weight, standard, in_time, all_time', [\n        (\"TD 015\", bundeks_25, 1, 30, 650, 2390, 3320),\n        pytest.param(\n            \"TD 016\", aksolit_30, 8, 300, 650, 2390, 3320,\n            marks=pytest.mark.xfail(reson=\"Цена доставки: - - -\")\n        ),\n        (\"TD 017\", aksolit_30, 13, 400, 650, 2390, 3320),\n        (\"TD 018\", aksolit_30, 16, 500, 850, 2490, 3320),\n        (\"TD 019\", aksolit_30, 25, 1700, 1150, 2490, 3320),\n        (\"TD 020\", aksolit_30, 66, 2000, 1500, 2990, 3650),\n        (\"TD 021\", aksolit_30, 149, 4500, 2600, 4380, 4890),\n        (\"TD 022\", aksolit_30, 166, 5000, 2800, 5490, 5980),\n        pytest.param(\n            \"TD 023\", aksolit_30, 206, 6200, 3300, 7500, 8000,\n            marks=pytest.mark.xfail(reson=\"Цена доставки: 4300 9900 11440\")\n        ),\n        (\"TD 024\", aksolit_30, 299, 9000, 4300, 9900, 11440),\n        (\"TD 025\", aksolit_30, 333, 10000, 7000, 13900, 15900),\n        pytest.param(\n            \"TD 026\", aksolit_30, 366, 11000, 8000, 14900, 19900,\n            marks=pytest.mark.xfail(reson=\"Цена доставки: 7000 13900 15900\")\n        ),\n        pytest.param(\n            \"TD 027\", aksolit_30, 666, 20000, 14000, 16900, 23900,\n            marks=pytest.mark.xfail(reson=\"Цена доставки: 7000 13900 15900\")\n        )\n    ])\n    @pytest.mark.xfail\n    @pytest.mark.smoke_test\n    def test_positive_delivery_blue_zone_smoke(\n            self, driver, url, case_id, link_item, amount, weight, standard, in_time, all_time\n    ):\n        allure.dynamic.title(f\"{case_id} Доставка товара весом до {weight}кг. в синей зоне\")\n    \n        driver.get(f'{url}{link_item}')\n        item_page = ItemPage(driver)\n>       item_page.add_item_to_cart(amount).click_on_cart()\n\ntests/delivery/test_delivery_calculation.py:132: \n_ _ _ _ _ _ _ _ _ _ _ _ _ _ _ _ _ _ _ _ _ _ _ _ _ _ _ _ _ _ _ _ _ _ _ _ _ _ _ _ \npages/item_page.py:40: in add_item_to_cart\n    self.find_element(self._add_item).click()\nbase/seleniumbase.py:17: in find_element\n    return self.driver.find_element(*locator)\n/usr/local/lib/python3.11/site-packages/selenium/webdriver/remote/webdriver.py:739: in find_element\n    return self.execute(Command.FIND_ELEMENT, {\"using\": by, \"value\": value})[\"value\"]\n/usr/local/lib/python3.11/site-packages/selenium/webdriver/remote/webdriver.py:345: in execute\n    self.error_handler.check_response(response)\n_ _ _ _ _ _ _ _ _ _ _ _ _ _ _ _ _ _ _ _ _ _ _ _ _ _ _ _ _ _ _ _ _ _ _ _ _ _ _ _ \n\nself = <selenium.webdriver.remote.errorhandler.ErrorHandler object at 0x7f44904a22d0>\nresponse = {'status': 404, 'value': '{\"value\":{\"error\":\"no such element\",\"message\":\"no such element: Unable to locate element: {\\...\\\\n#16 0x558236e768fb \\\\u003Cunknown>\\\\n#17 0x558236e869b4 \\\\u003Cunknown>\\\\n#18 0x7f5236b92134 \\\\u003Cunknown>\\\\n\"}}'}\n\n    def check_response(self, response: Dict[str, Any]) -> None:\n        \"\"\"Checks that a JSON response from the WebDriver does not have an\n        error.\n    \n        :Args:\n         - response - The JSON response from the WebDriver server as a dictionary\n           object.\n    \n        :Raises: If the response contains an error message.\n        \"\"\"\n        status = response.get(\"status\", None)\n        if not status or status == ErrorCode.SUCCESS:\n            return\n        value = None\n        message = response.get(\"message\", \"\")\n        screen: str = response.get(\"screen\", \"\")\n        stacktrace = None\n        if isinstance(status, int):\n            value_json = response.get(\"value\", None)\n            if value_json and isinstance(value_json, str):\n                import json\n    \n                try:\n                    value = json.loads(value_json)\n                    if len(value) == 1:\n                        value = value[\"value\"]\n                    status = value.get(\"error\", None)\n                    if not status:\n                        status = value.get(\"status\", ErrorCode.UNKNOWN_ERROR)\n                        message = value.get(\"value\") or value.get(\"message\")\n                        if not isinstance(message, str):\n                            value = message\n                            message = message.get(\"message\")\n                    else:\n                        message = value.get(\"message\", None)\n                except ValueError:\n                    pass\n    \n        exception_class: Type[WebDriverException]\n        e = ErrorCode()\n        error_codes = [item for item in dir(e) if not item.startswith(\"__\")]\n        for error_code in error_codes:\n            error_info = getattr(ErrorCode, error_code)\n            if isinstance(error_info, list) and status in error_info:\n                exception_class = getattr(ExceptionMapping, error_code, WebDriverException)\n                break\n        else:\n            exception_class = WebDriverException\n    \n        if not value:\n            value = response[\"value\"]\n        if isinstance(value, str):\n            raise exception_class(value)\n        if message == \"\" and \"message\" in value:\n            message = value[\"message\"]\n    \n        screen = None  # type: ignore[assignment]\n        if \"screen\" in value:\n            screen = value[\"screen\"]\n    \n        stacktrace = None\n        st_value = value.get(\"stackTrace\") or value.get(\"stacktrace\")\n        if st_value:\n            if isinstance(st_value, str):\n                stacktrace = st_value.split(\"\\n\")\n            else:\n                stacktrace = []\n                try:\n                    for frame in st_value:\n                        line = frame.get(\"lineNumber\", \"\")\n                        file = frame.get(\"fileName\", \"<anonymous>\")\n                        if line:\n                            file = f\"{file}:{line}\"\n                        meth = frame.get(\"methodName\", \"<anonymous>\")\n                        if \"className\" in frame:\n                            meth = f\"{frame['className']}.{meth}\"\n                        msg = \"    at %s (%s)\"\n                        msg = msg % (meth, file)\n                        stacktrace.append(msg)\n                except TypeError:\n                    pass\n        if exception_class == UnexpectedAlertPresentException:\n            alert_text = None\n            if \"data\" in value:\n                alert_text = value[\"data\"].get(\"text\")\n            elif \"alert\" in value:\n                alert_text = value[\"alert\"].get(\"text\")\n            raise exception_class(message, screen, stacktrace, alert_text)  # type: ignore[call-arg]  # mypy is not smart enough here\n>       raise exception_class(message, screen, stacktrace)\nE       selenium.common.exceptions.NoSuchElementException: Message: no such element: Unable to locate element: {\"method\":\"xpath\",\"selector\":\"(//a[@class='add-to-cart yellow-btn'])[1]\"}\nE         (Session info: chrome-headless-shell=123.0.6312.122); For documentation on this error, please visit: https://www.selenium.dev/documentation/webdriver/troubleshooting/errors#no-such-element-exception\nE       Stacktrace:\nE       #0 0x558236e87863 <unknown>\nE       #1 0x558236b7d8c6 <unknown>\nE       #2 0x558236bc8618 <unknown>\nE       #3 0x558236bc86d1 <unknown>\nE       #4 0x558236c0b744 <unknown>\nE       #5 0x558236bea5cd <unknown>\nE       #6 0x558236c08c19 <unknown>\nE       #7 0x558236bea343 <unknown>\nE       #8 0x558236bbb593 <unknown>\nE       #9 0x558236bbbf5e <unknown>\nE       #10 0x558236e4b84b <unknown>\nE       #11 0x558236e4f7a5 <unknown>\nE       #12 0x558236e39571 <unknown>\nE       #13 0x558236e50332 <unknown>\nE       #14 0x558236e1e87f <unknown>\nE       #15 0x558236e76728 <unknown>\nE       #16 0x558236e768fb <unknown>\nE       #17 0x558236e869b4 <unknown>\nE       #18 0x7f5236b92134 <unknown>\n\n/usr/local/lib/python3.11/site-packages/selenium/webdriver/remote/errorhandler.py:229: NoSuchElementException","steps":[{"name":"Добавляем товар в корзину в количестве 1","time":{"start":1713487990811,"stop":1713487990823,"duration":12},"status":"broken","statusMessage":"selenium.common.exceptions.NoSuchElementException: Message: no such element: Unable to locate element: {\"method\":\"xpath\",\"selector\":\"(//a[@class='add-to-cart yellow-btn'])[1]\"}\n  (Session info: chrome-headless-shell=123.0.6312.122); For documentation on this error, please visit: https://www.selenium.dev/documentation/webdriver/troubleshooting/errors#no-such-element-exception\nStacktrace:\n#0 0x558236e87863 <unknown>\n#1 0x558236b7d8c6 <unknown>\n#2 0x558236bc8618 <unknown>\n#3 0x558236bc86d1 <unknown>\n#4 0x558236c0b744 <unknown>\n#5 0x558236bea5cd <unknown>\n#6 0x558236c08c19 <unknown>\n#7 0x558236bea343 <unknown>\n#8 0x558236bbb593 <unknown>\n#9 0x558236bbbf5e <unknown>\n#10 0x558236e4b84b <unknown>\n#11 0x558236e4f7a5 <unknown>\n#12 0x558236e39571 <unknown>\n#13 0x558236e50332 <unknown>\n#14 0x558236e1e87f <unknown>\n#15 0x558236e76728 <unknown>\n#16 0x558236e768fb <unknown>\n#17 0x558236e869b4 <unknown>\n#18 0x7f5236b92134 <unknown>\n\n","statusTrace":"  File \"/usr/local/lib/python3.11/site-packages/allure_commons/_allure.py\", line 192, in impl\n    return func(*a, **kw)\n           ^^^^^^^^^^^^^^\n  File \"/app/pages/item_page.py\", line 40, in add_item_to_cart\n    self.find_element(self._add_item).click()\n    ^^^^^^^^^^^^^^^^^^^^^^^^^^^^^^^^^\n  File \"/app/base/seleniumbase.py\", line 17, in find_element\n    return self.driver.find_element(*locator)\n           ^^^^^^^^^^^^^^^^^^^^^^^^^^^^^^^^^^\n  File \"/usr/local/lib/python3.11/site-packages/selenium/webdriver/remote/webdriver.py\", line 739, in find_element\n    return self.execute(Command.FIND_ELEMENT, {\"using\": by, \"value\": value})[\"value\"]\n           ^^^^^^^^^^^^^^^^^^^^^^^^^^^^^^^^^^^^^^^^^^^^^^^^^^^^^^^^^^^^^^^^^\n  File \"/usr/local/lib/python3.11/site-packages/selenium/webdriver/remote/webdriver.py\", line 345, in execute\n    self.error_handler.check_response(response)\n  File \"/usr/local/lib/python3.11/site-packages/selenium/webdriver/remote/errorhandler.py\", line 229, in check_response\n    raise exception_class(message, screen, stacktrace)\n","steps":[],"attachments":[],"parameters":[{"name":"amount","value":"1"}],"shouldDisplayMessage":true,"stepsCount":0,"attachmentsCount":0,"hasContent":true,"attachmentStep":false}],"attachments":[{"uid":"91479155e61fcabd","name":"Screenshot","source":"91479155e61fcabd.png","type":"image/png","size":5862},{"uid":"a342c94a277e4cc2","name":"HTML source","source":"a342c94a277e4cc2.html","type":"text/html","size":39}],"parameters":[],"shouldDisplayMessage":true,"stepsCount":1,"attachmentsCount":2,"hasContent":true,"attachmentStep":false},"afterStages":[{"name":"driver::0","time":{"start":1713487990930,"stop":1713487990987,"duration":57},"status":"passed","steps":[],"attachments":[],"parameters":[],"shouldDisplayMessage":false,"stepsCount":0,"attachmentsCount":0,"hasContent":false,"attachmentStep":false},{"name":"setup::0","time":{"start":1713487990930,"stop":1713487990930,"duration":0},"status":"passed","steps":[],"attachments":[],"parameters":[],"shouldDisplayMessage":false,"stepsCount":0,"attachmentsCount":0,"hasContent":false,"attachmentStep":false}],"labels":[{"name":"epic","value":"Delivery Page - calculation"},{"name":"tag","value":"smoke_test"},{"name":"tag","value":"@pytest.mark.xfail"},{"name":"parentSuite","value":"tests.delivery"},{"name":"suite","value":"test_delivery_calculation"},{"name":"subSuite","value":"TestDeliveryPageCalculation"},{"name":"host","value":"9af742d419e6"},{"name":"thread","value":"1-MainThread"},{"name":"framework","value":"pytest"},{"name":"language","value":"cpython3"},{"name":"package","value":"tests.delivery.test_delivery_calculation"},{"name":"resultFormat","value":"allure2"}],"parameters":[{"name":"all_time","value":"3320"},{"name":"amount","value":"1"},{"name":"case_id","value":"'TD 015'"},{"name":"in_time","value":"2390"},{"name":"link_item","value":"'products/shtukaturka-tsementnaya-bergauf-bau-putts-tsement-25kg-56sht'"},{"name":"standard","value":"650"},{"name":"url","value":"'https://sandboxtest.stroyrem-nn.ru/'"},{"name":"weight","value":"30"}],"links":[],"hidden":false,"retry":false,"extra":{"severity":"normal","retries":[],"categories":[],"history":{"statistic":{"failed":0,"broken":13,"skipped":221,"passed":0,"unknown":0,"total":234},"items":[{"uid":"cd590e2f8db32ab2","reportUrl":"https://Nat754.github.io/StroyremAutomation/281//#testresult/cd590e2f8db32ab2","status":"skipped","statusDetails":"XFAIL\n\nselenium.common.exceptions.NoSuchElementException: Message: no such element: Unable to locate element: {\"method\":\"xpath\",\"selector\":\"(//a[@class='add-to-cart yellow-btn'])[1]\"}\n  (Session info: chrome-headless-shell=123.0.6312.122); For documentation on this error, please visit: https://www.selenium.dev/documentation/webdriver/troubleshooting/errors#no-such-element-exception\nStacktrace:\n#0 0x55b0fca01863 <unknown>\n#1 0x55b0fc6f78c6 <unknown>\n#2 0x55b0fc742618 <unknown>\n#3 0x55b0fc7426d1 <unknown>\n#4 0x55b0fc785744 <unknown>\n#5 0x55b0fc7645cd <unknown>\n#6 0x55b0fc782c19 <unknown>\n#7 0x55b0fc764343 <unknown>\n#8 0x55b0fc735593 <unknown>\n#9 0x55b0fc735f5e <unknown>\n#10 0x55b0fc9c584b <unknown>\n#11 0x55b0fc9c97a5 <unknown>\n#12 0x55b0fc9b3571 <unknown>\n#13 0x55b0fc9ca332 <unknown>\n#14 0x55b0fc99887f <unknown>\n#15 0x55b0fc9f0728 <unknown>\n#16 0x55b0fc9f08fb <unknown>\n#17 0x55b0fca009b4 <unknown>\n#18 0x7f00324a1134 <unknown>","time":{"start":1713401549054,"stop":1713401549462,"duration":408}},{"uid":"3a1eb26815c4478e","reportUrl":"https://Nat754.github.io/StroyremAutomation/280//#testresult/3a1eb26815c4478e","status":"skipped","statusDetails":"XFAIL\n\nselenium.common.exceptions.NoSuchElementException: Message: no such element: Unable to locate element: {\"method\":\"xpath\",\"selector\":\"(//a[@class='add-to-cart yellow-btn'])[1]\"}\n  (Session info: chrome-headless-shell=123.0.6312.122); For documentation on this error, please visit: https://www.selenium.dev/documentation/webdriver/troubleshooting/errors#no-such-element-exception\nStacktrace:\n#0 0x5589a4811863 <unknown>\n#1 0x5589a45078c6 <unknown>\n#2 0x5589a4552618 <unknown>\n#3 0x5589a45526d1 <unknown>\n#4 0x5589a4595744 <unknown>\n#5 0x5589a45745cd <unknown>\n#6 0x5589a4592c19 <unknown>\n#7 0x5589a4574343 <unknown>\n#8 0x5589a4545593 <unknown>\n#9 0x5589a4545f5e <unknown>\n#10 0x5589a47d584b <unknown>\n#11 0x5589a47d97a5 <unknown>\n#12 0x5589a47c3571 <unknown>\n#13 0x5589a47da332 <unknown>\n#14 0x5589a47a887f <unknown>\n#15 0x5589a4800728 <unknown>\n#16 0x5589a48008fb <unknown>\n#17 0x5589a48109b4 <unknown>\n#18 0x7f67f264f134 <unknown>","time":{"start":1713315251850,"stop":1713315252246,"duration":396}},{"uid":"4af970a2f7df5696","reportUrl":"https://Nat754.github.io/StroyremAutomation/279//#testresult/4af970a2f7df5696","status":"skipped","statusDetails":"XFAIL\n\nselenium.common.exceptions.NoSuchElementException: Message: no such element: Unable to locate element: {\"method\":\"xpath\",\"selector\":\"(//a[@class='add-to-cart yellow-btn'])[1]\"}\n  (Session info: chrome-headless-shell=123.0.6312.122); For documentation on this error, please visit: https://www.selenium.dev/documentation/webdriver/troubleshooting/errors#no-such-element-exception\nStacktrace:\n#0 0x56347f018863 <unknown>\n#1 0x56347ed0e8c6 <unknown>\n#2 0x56347ed59618 <unknown>\n#3 0x56347ed596d1 <unknown>\n#4 0x56347ed9c744 <unknown>\n#5 0x56347ed7b5cd <unknown>\n#6 0x56347ed99c19 <unknown>\n#7 0x56347ed7b343 <unknown>\n#8 0x56347ed4c593 <unknown>\n#9 0x56347ed4cf5e <unknown>\n#10 0x56347efdc84b <unknown>\n#11 0x56347efe07a5 <unknown>\n#12 0x56347efca571 <unknown>\n#13 0x56347efe1332 <unknown>\n#14 0x56347efaf87f <unknown>\n#15 0x56347f007728 <unknown>\n#16 0x56347f0078fb <unknown>\n#17 0x56347f0179b4 <unknown>\n#18 0x7fbf41599134 <unknown>","time":{"start":1713228739446,"stop":1713228739742,"duration":296}},{"uid":"7304a7fd3901448c","reportUrl":"https://Nat754.github.io/StroyremAutomation/278//#testresult/7304a7fd3901448c","status":"skipped","statusDetails":"XFAIL\n\nselenium.common.exceptions.NoSuchElementException: Message: no such element: Unable to locate element: {\"method\":\"xpath\",\"selector\":\"(//a[@class='add-to-cart yellow-btn'])[1]\"}\n  (Session info: chrome-headless-shell=123.0.6312.122); For documentation on this error, please visit: https://www.selenium.dev/documentation/webdriver/troubleshooting/errors#no-such-element-exception\nStacktrace:\n#0 0x56036c891863 <unknown>\n#1 0x56036c5878c6 <unknown>\n#2 0x56036c5d2618 <unknown>\n#3 0x56036c5d26d1 <unknown>\n#4 0x56036c615744 <unknown>\n#5 0x56036c5f45cd <unknown>\n#6 0x56036c612c19 <unknown>\n#7 0x56036c5f4343 <unknown>\n#8 0x56036c5c5593 <unknown>\n#9 0x56036c5c5f5e <unknown>\n#10 0x56036c85584b <unknown>\n#11 0x56036c8597a5 <unknown>\n#12 0x56036c843571 <unknown>\n#13 0x56036c85a332 <unknown>\n#14 0x56036c82887f <unknown>\n#15 0x56036c880728 <unknown>\n#16 0x56036c8808fb <unknown>\n#17 0x56036c8909b4 <unknown>\n#18 0x7fa48c18a134 <unknown>","time":{"start":1713151087628,"stop":1713151087958,"duration":330}},{"uid":"718aa1dc33aa97cc","reportUrl":"https://Nat754.github.io/StroyremAutomation/277//#testresult/718aa1dc33aa97cc","status":"skipped","statusDetails":"XFAIL\n\nselenium.common.exceptions.NoSuchElementException: Message: no such element: Unable to locate element: {\"method\":\"xpath\",\"selector\":\"(//a[@class='add-to-cart yellow-btn'])[1]\"}\n  (Session info: chrome-headless-shell=123.0.6312.122); For documentation on this error, please visit: https://www.selenium.dev/documentation/webdriver/troubleshooting/errors#no-such-element-exception\nStacktrace:\n#0 0x563198545863 <unknown>\n#1 0x56319823b8c6 <unknown>\n#2 0x563198286618 <unknown>\n#3 0x5631982866d1 <unknown>\n#4 0x5631982c9744 <unknown>\n#5 0x5631982a85cd <unknown>\n#6 0x5631982c6c19 <unknown>\n#7 0x5631982a8343 <unknown>\n#8 0x563198279593 <unknown>\n#9 0x563198279f5e <unknown>\n#10 0x56319850984b <unknown>\n#11 0x56319850d7a5 <unknown>\n#12 0x5631984f7571 <unknown>\n#13 0x56319850e332 <unknown>\n#14 0x5631984dc87f <unknown>\n#15 0x563198534728 <unknown>\n#16 0x5631985348fb <unknown>\n#17 0x5631985449b4 <unknown>\n#18 0x7f13cefb3134 <unknown>","time":{"start":1713057001038,"stop":1713057001369,"duration":331}},{"uid":"2afcaac7a315ef97","reportUrl":"https://Nat754.github.io/StroyremAutomation/276//#testresult/2afcaac7a315ef97","status":"skipped","statusDetails":"XFAIL\n\nselenium.common.exceptions.NoSuchElementException: Message: no such element: Unable to locate element: {\"method\":\"xpath\",\"selector\":\"(//a[@class='add-to-cart yellow-btn'])[1]\"}\n  (Session info: chrome-headless-shell=123.0.6312.122); For documentation on this error, please visit: https://www.selenium.dev/documentation/webdriver/troubleshooting/errors#no-such-element-exception\nStacktrace:\n#0 0x558c97791863 <unknown>\n#1 0x558c974878c6 <unknown>\n#2 0x558c974d2618 <unknown>\n#3 0x558c974d26d1 <unknown>\n#4 0x558c97515744 <unknown>\n#5 0x558c974f45cd <unknown>\n#6 0x558c97512c19 <unknown>\n#7 0x558c974f4343 <unknown>\n#8 0x558c974c5593 <unknown>\n#9 0x558c974c5f5e <unknown>\n#10 0x558c9775584b <unknown>\n#11 0x558c977597a5 <unknown>\n#12 0x558c97743571 <unknown>\n#13 0x558c9775a332 <unknown>\n#14 0x558c9772887f <unknown>\n#15 0x558c97780728 <unknown>\n#16 0x558c977808fb <unknown>\n#17 0x558c977909b4 <unknown>\n#18 0x7f2439b0b134 <unknown>","time":{"start":1712969092795,"stop":1712969093122,"duration":327}},{"uid":"c00a49daa2126c36","reportUrl":"https://Nat754.github.io/StroyremAutomation/275//#testresult/c00a49daa2126c36","status":"skipped","statusDetails":"XFAIL\n\nselenium.common.exceptions.NoSuchElementException: Message: no such element: Unable to locate element: {\"method\":\"xpath\",\"selector\":\"(//a[@class='add-to-cart yellow-btn'])[1]\"}\n  (Session info: chrome-headless-shell=123.0.6312.122); For documentation on this error, please visit: https://www.selenium.dev/documentation/webdriver/troubleshooting/errors#no-such-element-exception\nStacktrace:\n#0 0x564f95e0c863 <unknown>\n#1 0x564f95b028c6 <unknown>\n#2 0x564f95b4d618 <unknown>\n#3 0x564f95b4d6d1 <unknown>\n#4 0x564f95b90744 <unknown>\n#5 0x564f95b6f5cd <unknown>\n#6 0x564f95b8dc19 <unknown>\n#7 0x564f95b6f343 <unknown>\n#8 0x564f95b40593 <unknown>\n#9 0x564f95b40f5e <unknown>\n#10 0x564f95dd084b <unknown>\n#11 0x564f95dd47a5 <unknown>\n#12 0x564f95dbe571 <unknown>\n#13 0x564f95dd5332 <unknown>\n#14 0x564f95da387f <unknown>\n#15 0x564f95dfb728 <unknown>\n#16 0x564f95dfb8fb <unknown>\n#17 0x564f95e0b9b4 <unknown>\n#18 0x7f1762c04134 <unknown>","time":{"start":1712883180540,"stop":1712883180827,"duration":287}},{"uid":"6f071164598936bc","reportUrl":"https://Nat754.github.io/StroyremAutomation/274//#testresult/6f071164598936bc","status":"skipped","statusDetails":"XFAIL\n\nselenium.common.exceptions.NoSuchElementException: Message: no such element: Unable to locate element: {\"method\":\"xpath\",\"selector\":\"(//a[@class='add-to-cart yellow-btn'])[1]\"}\n  (Session info: chrome-headless-shell=123.0.6312.122); For documentation on this error, please visit: https://www.selenium.dev/documentation/webdriver/troubleshooting/errors#no-such-element-exception\nStacktrace:\n#0 0x560bffc16863 <unknown>\n#1 0x560bff90c8c6 <unknown>\n#2 0x560bff957618 <unknown>\n#3 0x560bff9576d1 <unknown>\n#4 0x560bff99a744 <unknown>\n#5 0x560bff9795cd <unknown>\n#6 0x560bff997c19 <unknown>\n#7 0x560bff979343 <unknown>\n#8 0x560bff94a593 <unknown>\n#9 0x560bff94af5e <unknown>\n#10 0x560bffbda84b <unknown>\n#11 0x560bffbde7a5 <unknown>\n#12 0x560bffbc8571 <unknown>\n#13 0x560bffbdf332 <unknown>\n#14 0x560bffbad87f <unknown>\n#15 0x560bffc05728 <unknown>\n#16 0x560bffc058fb <unknown>\n#17 0x560bffc159b4 <unknown>\n#18 0x7fee70570134 <unknown>","time":{"start":1712796836040,"stop":1712796836368,"duration":328}},{"uid":"c6f868de3b965bb0","reportUrl":"https://Nat754.github.io/StroyremAutomation/273//#testresult/c6f868de3b965bb0","status":"skipped","statusDetails":"XFAIL\n\nselenium.common.exceptions.NoSuchElementException: Message: no such element: Unable to locate element: {\"method\":\"xpath\",\"selector\":\"(//a[@class='add-to-cart yellow-btn'])[1]\"}\n  (Session info: chrome-headless-shell=123.0.6312.105); For documentation on this error, please visit: https://www.selenium.dev/documentation/webdriver/troubleshooting/errors#no-such-element-exception\nStacktrace:\n#0 0x5568d2ef6873 <unknown>\n#1 0x5568d2bec8c6 <unknown>\n#2 0x5568d2c37618 <unknown>\n#3 0x5568d2c376d1 <unknown>\n#4 0x5568d2c7a744 <unknown>\n#5 0x5568d2c595cd <unknown>\n#6 0x5568d2c77c19 <unknown>\n#7 0x5568d2c59343 <unknown>\n#8 0x5568d2c2a593 <unknown>\n#9 0x5568d2c2af5e <unknown>\n#10 0x5568d2eba85b <unknown>\n#11 0x5568d2ebe7b5 <unknown>\n#12 0x5568d2ea8581 <unknown>\n#13 0x5568d2ebf342 <unknown>\n#14 0x5568d2e8d88f <unknown>\n#15 0x5568d2ee5738 <unknown>\n#16 0x5568d2ee590b <unknown>\n#17 0x5568d2ef59c4 <unknown>\n#18 0x7ff33c88b134 <unknown>","time":{"start":1712710379645,"stop":1712710379940,"duration":295}},{"uid":"7cd721d1fd82eda9","reportUrl":"https://Nat754.github.io/StroyremAutomation/272//#testresult/7cd721d1fd82eda9","status":"skipped","statusDetails":"XFAIL\n\nselenium.common.exceptions.NoSuchElementException: Message: no such element: Unable to locate element: {\"method\":\"xpath\",\"selector\":\"(//a[@class='add-to-cart yellow-btn'])[1]\"}\n  (Session info: chrome-headless-shell=123.0.6312.105); For documentation on this error, please visit: https://www.selenium.dev/documentation/webdriver/troubleshooting/errors#no-such-element-exception\nStacktrace:\n#0 0x5622f8250873 <unknown>\n#1 0x5622f7f468c6 <unknown>\n#2 0x5622f7f91618 <unknown>\n#3 0x5622f7f916d1 <unknown>\n#4 0x5622f7fd4744 <unknown>\n#5 0x5622f7fb35cd <unknown>\n#6 0x5622f7fd1c19 <unknown>\n#7 0x5622f7fb3343 <unknown>\n#8 0x5622f7f84593 <unknown>\n#9 0x5622f7f84f5e <unknown>\n#10 0x5622f821485b <unknown>\n#11 0x5622f82187b5 <unknown>\n#12 0x5622f8202581 <unknown>\n#13 0x5622f8219342 <unknown>\n#14 0x5622f81e788f <unknown>\n#15 0x5622f823f738 <unknown>\n#16 0x5622f823f90b <unknown>\n#17 0x5622f824f9c4 <unknown>\n#18 0x7fe7512cd134 <unknown>","time":{"start":1712624017988,"stop":1712624018409,"duration":421}},{"uid":"3a1b943088db9e99","reportUrl":"https://Nat754.github.io/StroyremAutomation/271//#testresult/3a1b943088db9e99","status":"skipped","statusDetails":"XFAIL\n\nselenium.common.exceptions.NoSuchElementException: Message: no such element: Unable to locate element: {\"method\":\"xpath\",\"selector\":\"(//a[@class='add-to-cart yellow-btn'])[1]\"}\n  (Session info: chrome-headless-shell=123.0.6312.105); For documentation on this error, please visit: https://www.selenium.dev/documentation/webdriver/troubleshooting/errors#no-such-element-exception\nStacktrace:\n#0 0x5604b6bfc873 <unknown>\n#1 0x5604b68f28c6 <unknown>\n#2 0x5604b693d618 <unknown>\n#3 0x5604b693d6d1 <unknown>\n#4 0x5604b6980744 <unknown>\n#5 0x5604b695f5cd <unknown>\n#6 0x5604b697dc19 <unknown>\n#7 0x5604b695f343 <unknown>\n#8 0x5604b6930593 <unknown>\n#9 0x5604b6930f5e <unknown>\n#10 0x5604b6bc085b <unknown>\n#11 0x5604b6bc47b5 <unknown>\n#12 0x5604b6bae581 <unknown>\n#13 0x5604b6bc5342 <unknown>\n#14 0x5604b6b9388f <unknown>\n#15 0x5604b6beb738 <unknown>\n#16 0x5604b6beb90b <unknown>\n#17 0x5604b6bfb9c4 <unknown>\n#18 0x7fb9617fb134 <unknown>","time":{"start":1712537679232,"stop":1712537679776,"duration":544}},{"uid":"be68dee45c267811","reportUrl":"https://Nat754.github.io/StroyremAutomation/270//#testresult/be68dee45c267811","status":"skipped","statusDetails":"XFAIL\n\nselenium.common.exceptions.NoSuchElementException: Message: no such element: Unable to locate element: {\"method\":\"xpath\",\"selector\":\"(//a[@class='add-to-cart yellow-btn'])[1]\"}\n  (Session info: chrome-headless-shell=123.0.6312.105); For documentation on this error, please visit: https://www.selenium.dev/documentation/webdriver/troubleshooting/errors#no-such-element-exception\nStacktrace:\n#0 0x559f2193e873 <unknown>\n#1 0x559f216348c6 <unknown>\n#2 0x559f2167f618 <unknown>\n#3 0x559f2167f6d1 <unknown>\n#4 0x559f216c2744 <unknown>\n#5 0x559f216a15cd <unknown>\n#6 0x559f216bfc19 <unknown>\n#7 0x559f216a1343 <unknown>\n#8 0x559f21672593 <unknown>\n#9 0x559f21672f5e <unknown>\n#10 0x559f2190285b <unknown>\n#11 0x559f219067b5 <unknown>\n#12 0x559f218f0581 <unknown>\n#13 0x559f21907342 <unknown>\n#14 0x559f218d588f <unknown>\n#15 0x559f2192d738 <unknown>\n#16 0x559f2192d90b <unknown>\n#17 0x559f2193d9c4 <unknown>\n#18 0x7f201562e134 <unknown>","time":{"start":1712451488869,"stop":1712451489159,"duration":290}},{"uid":"bbd693b38966ce29","reportUrl":"https://Nat754.github.io/StroyremAutomation/269//#testresult/bbd693b38966ce29","status":"skipped","statusDetails":"XFAIL\n\nselenium.common.exceptions.NoSuchElementException: Message: no such element: Unable to locate element: {\"method\":\"xpath\",\"selector\":\"(//a[@class='add-to-cart yellow-btn'])[1]\"}\n  (Session info: chrome-headless-shell=123.0.6312.105); For documentation on this error, please visit: https://www.selenium.dev/documentation/webdriver/troubleshooting/errors#no-such-element-exception\nStacktrace:\n#0 0x5577732e4873 <unknown>\n#1 0x557772fda8c6 <unknown>\n#2 0x557773025618 <unknown>\n#3 0x5577730256d1 <unknown>\n#4 0x557773068744 <unknown>\n#5 0x5577730475cd <unknown>\n#6 0x557773065c19 <unknown>\n#7 0x557773047343 <unknown>\n#8 0x557773018593 <unknown>\n#9 0x557773018f5e <unknown>\n#10 0x5577732a885b <unknown>\n#11 0x5577732ac7b5 <unknown>\n#12 0x557773296581 <unknown>\n#13 0x5577732ad342 <unknown>\n#14 0x55777327b88f <unknown>\n#15 0x5577732d3738 <unknown>\n#16 0x5577732d390b <unknown>\n#17 0x5577732e39c4 <unknown>\n#18 0x7fa76be8b134 <unknown>","time":{"start":1712364707077,"stop":1712364707405,"duration":328}},{"uid":"fe320eb324316ecc","reportUrl":"https://Nat754.github.io/StroyremAutomation/268//#testresult/fe320eb324316ecc","status":"skipped","statusDetails":"XFAIL\n\nselenium.common.exceptions.NoSuchElementException: Message: no such element: Unable to locate element: {\"method\":\"xpath\",\"selector\":\"(//a[@class='add-to-cart yellow-btn'])[1]\"}\n  (Session info: chrome-headless-shell=123.0.6312.105); For documentation on this error, please visit: https://www.selenium.dev/documentation/webdriver/troubleshooting/errors#no-such-element-exception\nStacktrace:\n#0 0x562be2555873 <unknown>\n#1 0x562be224b8c6 <unknown>\n#2 0x562be2296618 <unknown>\n#3 0x562be22966d1 <unknown>\n#4 0x562be22d9744 <unknown>\n#5 0x562be22b85cd <unknown>\n#6 0x562be22d6c19 <unknown>\n#7 0x562be22b8343 <unknown>\n#8 0x562be2289593 <unknown>\n#9 0x562be2289f5e <unknown>\n#10 0x562be251985b <unknown>\n#11 0x562be251d7b5 <unknown>\n#12 0x562be2507581 <unknown>\n#13 0x562be251e342 <unknown>\n#14 0x562be24ec88f <unknown>\n#15 0x562be2544738 <unknown>\n#16 0x562be254490b <unknown>\n#17 0x562be25549c4 <unknown>\n#18 0x7f13f31ab134 <unknown>","time":{"start":1712278397526,"stop":1712278397819,"duration":293}},{"uid":"430ec312e2c07e28","reportUrl":"https://Nat754.github.io/StroyremAutomation/267//#testresult/430ec312e2c07e28","status":"skipped","statusDetails":"XFAIL\n\nselenium.common.exceptions.NoSuchElementException: Message: no such element: Unable to locate element: {\"method\":\"xpath\",\"selector\":\"(//a[@class='add-to-cart yellow-btn'])[1]\"}\n  (Session info: chrome-headless-shell=123.0.6312.86); For documentation on this error, please visit: https://www.selenium.dev/documentation/webdriver/troubleshooting/errors#no-such-element-exception\nStacktrace:\n#0 0x562570deb8a3 <unknown>\n#1 0x562570ae18c6 <unknown>\n#2 0x562570b2c618 <unknown>\n#3 0x562570b2c6d1 <unknown>\n#4 0x562570b6f744 <unknown>\n#5 0x562570b4e5cd <unknown>\n#6 0x562570b6cc19 <unknown>\n#7 0x562570b4e343 <unknown>\n#8 0x562570b1f593 <unknown>\n#9 0x562570b1ff5e <unknown>\n#10 0x562570daf88b <unknown>\n#11 0x562570db37e5 <unknown>\n#12 0x562570d9d5b1 <unknown>\n#13 0x562570db4372 <unknown>\n#14 0x562570d828bf <unknown>\n#15 0x562570dda768 <unknown>\n#16 0x562570dda93b <unknown>\n#17 0x562570dea9f4 <unknown>\n#18 0x7fe7401a6134 <unknown>","time":{"start":1712192175578,"stop":1712192175994,"duration":416}},{"uid":"2a967822fcacd017","reportUrl":"https://Nat754.github.io/StroyremAutomation/266//#testresult/2a967822fcacd017","status":"skipped","statusDetails":"XFAIL\n\nselenium.common.exceptions.NoSuchElementException: Message: no such element: Unable to locate element: {\"method\":\"xpath\",\"selector\":\"(//a[@class='add-to-cart yellow-btn'])[1]\"}\n  (Session info: chrome-headless-shell=123.0.6312.86); For documentation on this error, please visit: https://www.selenium.dev/documentation/webdriver/troubleshooting/errors#no-such-element-exception\nStacktrace:\n#0 0x55bacfff18a3 <unknown>\n#1 0x55bacfce78c6 <unknown>\n#2 0x55bacfd32618 <unknown>\n#3 0x55bacfd326d1 <unknown>\n#4 0x55bacfd75744 <unknown>\n#5 0x55bacfd545cd <unknown>\n#6 0x55bacfd72c19 <unknown>\n#7 0x55bacfd54343 <unknown>\n#8 0x55bacfd25593 <unknown>\n#9 0x55bacfd25f5e <unknown>\n#10 0x55bacffb588b <unknown>\n#11 0x55bacffb97e5 <unknown>\n#12 0x55bacffa35b1 <unknown>\n#13 0x55bacffba372 <unknown>\n#14 0x55bacff888bf <unknown>\n#15 0x55bacffe0768 <unknown>\n#16 0x55bacffe093b <unknown>\n#17 0x55bacfff09f4 <unknown>\n#18 0x7fa09be72134 <unknown>","time":{"start":1712105547874,"stop":1712105548416,"duration":542}},{"uid":"192997df22d44b80","reportUrl":"https://Nat754.github.io/StroyremAutomation/265//#testresult/192997df22d44b80","status":"skipped","statusDetails":"XFAIL\n\nselenium.common.exceptions.NoSuchElementException: Message: no such element: Unable to locate element: {\"method\":\"xpath\",\"selector\":\"(//a[@class='add-to-cart yellow-btn'])[1]\"}\n  (Session info: chrome-headless-shell=123.0.6312.86); For documentation on this error, please visit: https://www.selenium.dev/documentation/webdriver/troubleshooting/errors#no-such-element-exception\nStacktrace:\n#0 0x5617653c08a3 <unknown>\n#1 0x5617650b68c6 <unknown>\n#2 0x561765101618 <unknown>\n#3 0x5617651016d1 <unknown>\n#4 0x561765144744 <unknown>\n#5 0x5617651235cd <unknown>\n#6 0x561765141c19 <unknown>\n#7 0x561765123343 <unknown>\n#8 0x5617650f4593 <unknown>\n#9 0x5617650f4f5e <unknown>\n#10 0x56176538488b <unknown>\n#11 0x5617653887e5 <unknown>\n#12 0x5617653725b1 <unknown>\n#13 0x561765389372 <unknown>\n#14 0x5617653578bf <unknown>\n#15 0x5617653af768 <unknown>\n#16 0x5617653af93b <unknown>\n#17 0x5617653bf9f4 <unknown>\n#18 0x7fbd27dfd134 <unknown>","time":{"start":1712019312254,"stop":1712019312876,"duration":622}},{"uid":"f0cc9bbde3d1d120","reportUrl":"https://Nat754.github.io/StroyremAutomation/264//#testresult/f0cc9bbde3d1d120","status":"skipped","statusDetails":"XFAIL\n\nselenium.common.exceptions.NoSuchElementException: Message: no such element: Unable to locate element: {\"method\":\"xpath\",\"selector\":\"(//a[@class='add-to-cart yellow-btn'])[1]\"}\n  (Session info: chrome-headless-shell=123.0.6312.86); For documentation on this error, please visit: https://www.selenium.dev/documentation/webdriver/troubleshooting/errors#no-such-element-exception\nStacktrace:\n#0 0x55c2a3bff8a3 <unknown>\n#1 0x55c2a38f58c6 <unknown>\n#2 0x55c2a3940618 <unknown>\n#3 0x55c2a39406d1 <unknown>\n#4 0x55c2a3983744 <unknown>\n#5 0x55c2a39625cd <unknown>\n#6 0x55c2a3980c19 <unknown>\n#7 0x55c2a3962343 <unknown>\n#8 0x55c2a3933593 <unknown>\n#9 0x55c2a3933f5e <unknown>\n#10 0x55c2a3bc388b <unknown>\n#11 0x55c2a3bc77e5 <unknown>\n#12 0x55c2a3bb15b1 <unknown>\n#13 0x55c2a3bc8372 <unknown>\n#14 0x55c2a3b968bf <unknown>\n#15 0x55c2a3bee768 <unknown>\n#16 0x55c2a3bee93b <unknown>\n#17 0x55c2a3bfe9f4 <unknown>\n#18 0x7f97701b3134 <unknown>","time":{"start":1711933128056,"stop":1711933128480,"duration":424}},{"uid":"63cd79af4bd45035","reportUrl":"https://Nat754.github.io/StroyremAutomation/263//#testresult/63cd79af4bd45035","status":"skipped","statusDetails":"XFAIL\n\nselenium.common.exceptions.NoSuchElementException: Message: no such element: Unable to locate element: {\"method\":\"xpath\",\"selector\":\"(//a[@class='add-to-cart yellow-btn'])[1]\"}\n  (Session info: chrome-headless-shell=123.0.6312.86); For documentation on this error, please visit: https://www.selenium.dev/documentation/webdriver/troubleshooting/errors#no-such-element-exception\nStacktrace:\n#0 0x55bddafe78a3 <unknown>\n#1 0x55bddacdd8c6 <unknown>\n#2 0x55bddad28618 <unknown>\n#3 0x55bddad286d1 <unknown>\n#4 0x55bddad6b744 <unknown>\n#5 0x55bddad4a5cd <unknown>\n#6 0x55bddad68c19 <unknown>\n#7 0x55bddad4a343 <unknown>\n#8 0x55bddad1b593 <unknown>\n#9 0x55bddad1bf5e <unknown>\n#10 0x55bddafab88b <unknown>\n#11 0x55bddafaf7e5 <unknown>\n#12 0x55bddaf995b1 <unknown>\n#13 0x55bddafb0372 <unknown>\n#14 0x55bddaf7e8bf <unknown>\n#15 0x55bddafd6768 <unknown>\n#16 0x55bddafd693b <unknown>\n#17 0x55bddafe69f4 <unknown>\n#18 0x7f27d8d4a134 <unknown>","time":{"start":1711846680280,"stop":1711846680568,"duration":288}},{"uid":"8091469fbab5093a","reportUrl":"https://Nat754.github.io/StroyremAutomation/262//#testresult/8091469fbab5093a","status":"skipped","statusDetails":"XFAIL\n\nselenium.common.exceptions.NoSuchElementException: Message: no such element: Unable to locate element: {\"method\":\"xpath\",\"selector\":\"(//a[@class='add-to-cart yellow-btn'])[1]\"}\n  (Session info: chrome-headless-shell=123.0.6312.86); For documentation on this error, please visit: https://www.selenium.dev/documentation/webdriver/troubleshooting/errors#no-such-element-exception\nStacktrace:\n#0 0x555b8106e8a3 <unknown>\n#1 0x555b80d648c6 <unknown>\n#2 0x555b80daf618 <unknown>\n#3 0x555b80daf6d1 <unknown>\n#4 0x555b80df2744 <unknown>\n#5 0x555b80dd15cd <unknown>\n#6 0x555b80defc19 <unknown>\n#7 0x555b80dd1343 <unknown>\n#8 0x555b80da2593 <unknown>\n#9 0x555b80da2f5e <unknown>\n#10 0x555b8103288b <unknown>\n#11 0x555b810367e5 <unknown>\n#12 0x555b810205b1 <unknown>\n#13 0x555b81037372 <unknown>\n#14 0x555b810058bf <unknown>\n#15 0x555b8105d768 <unknown>\n#16 0x555b8105d93b <unknown>\n#17 0x555b8106d9f4 <unknown>\n#18 0x7f68283ba134 <unknown>","time":{"start":1711759833372,"stop":1711759833698,"duration":326}}]},"tags":["@pytest.mark.xfail","smoke_test"]},"source":"d569ef85b840ded3.json","parameterValues":["3320","1","'TD 015'","2390","'products/shtukaturka-tsementnaya-bergauf-bau-putts-tsement-25kg-56sht'","650","'https://sandboxtest.stroyrem-nn.ru/'","30"]}